<?xml version="1.0" encoding="UTF-8"?>
<testsuite xmlns:xsi="http://www.w3.org/2001/XMLSchema-instance" xsi:noNamespaceSchemaLocation="https://maven.apache.org/surefire/maven-failsafe-plugin/xsd/failsafe-test-report-3.0.xsd" version="3.0" name="starter.CucumberTestSuite" time="25.132" tests="37" errors="0" skipped="0" failures="0">
  <properties>
    <property name="java.specification.version" value="15"/>
    <property name="sun.cpu.isalist" value="amd64"/>
    <property name="sun.jnu.encoding" value="Cp1252"/>
    <property name="java.class.path" value="C:\Users\WINDOWS 10\Documents\GitHub\MiniProject_QE\API\minpro\target\test-classes;C:\Users\WINDOWS 10\.m2\repository\net\serenity-bdd\serenity-rest-assured\3.6.22\serenity-rest-assured-3.6.22.jar;C:\Users\WINDOWS 10\.m2\repository\org\apache\httpcomponents\httpclient\4.5.13\httpclient-4.5.13.jar;C:\Users\WINDOWS 10\.m2\repository\org\apache\httpcomponents\httpcore\4.4.13\httpcore-4.4.13.jar;C:\Users\WINDOWS 10\.m2\repository\commons-logging\commons-logging\1.2\commons-logging-1.2.jar;C:\Users\WINDOWS 10\.m2\repository\io\rest-assured\rest-assured\5.3.0\rest-assured-5.3.0.jar;C:\Users\WINDOWS 10\.m2\repository\org\apache\httpcomponents\httpmime\4.5.13\httpmime-4.5.13.jar;C:\Users\WINDOWS 10\.m2\repository\org\ccil\cowan\tagsoup\tagsoup\1.2.1\tagsoup-1.2.1.jar;C:\Users\WINDOWS 10\.m2\repository\io\rest-assured\json-path\5.3.0\json-path-5.3.0.jar;C:\Users\WINDOWS 10\.m2\repository\io\rest-assured\rest-assured-common\5.3.0\rest-assured-common-5.3.0.jar;C:\Users\WINDOWS 10\.m2\repository\io\rest-assured\xml-path\5.3.0\xml-path-5.3.0.jar;C:\Users\WINDOWS 10\.m2\repository\org\apache\groovy\groovy-json\4.0.10\groovy-json-4.0.10.jar;C:\Users\WINDOWS 10\.m2\repository\org\apache\groovy\groovy-xml\4.0.10\groovy-xml-4.0.10.jar;C:\Users\WINDOWS 10\.m2\repository\org\apache\groovy\groovy\4.0.10\groovy-4.0.10.jar;C:\Users\WINDOWS 10\.m2\repository\org\opentest4j\opentest4j\1.2.0\opentest4j-1.2.0.jar;C:\Users\WINDOWS 10\.m2\repository\net\serenity-bdd\serenity-core\3.6.21\serenity-core-3.6.21.jar;C:\Users\WINDOWS 10\.m2\repository\net\serenity-bdd\serenity-model\3.6.21\serenity-model-3.6.21.jar;C:\Users\WINDOWS 10\.m2\repository\org\apache\commons\commons-text\1.10.0\commons-text-1.10.0.jar;C:\Users\WINDOWS 10\.m2\repository\commons-net\commons-net\3.9.0\commons-net-3.9.0.jar;C:\Users\WINDOWS 10\.m2\repository\com\google\guava\guava\31.1-jre\guava-31.1-jre.jar;C:\Users\WINDOWS 10\.m2\repository\com\google\guava\failureaccess\1.0.1\failureaccess-1.0.1.jar;C:\Users\WINDOWS 10\.m2\repository\com\google\guava\listenablefuture\9999.0-empty-to-avoid-conflict-with-guava\listenablefuture-9999.0-empty-to-avoid-conflict-with-guava.jar;C:\Users\WINDOWS 10\.m2\repository\com\google\code\findbugs\jsr305\3.0.2\jsr305-3.0.2.jar;C:\Users\WINDOWS 10\.m2\repository\org\checkerframework\checker-qual\3.12.0\checker-qual-3.12.0.jar;C:\Users\WINDOWS 10\.m2\repository\com\google\errorprone\error_prone_annotations\2.11.0\error_prone_annotations-2.11.0.jar;C:\Users\WINDOWS 10\.m2\repository\com\google\j2objc\j2objc-annotations\1.3\j2objc-annotations-1.3.jar;C:\Users\WINDOWS 10\.m2\repository\com\google\inject\guice\5.1.0\guice-5.1.0.jar;C:\Users\WINDOWS 10\.m2\repository\javax\inject\javax.inject\1\javax.inject-1.jar;C:\Users\WINDOWS 10\.m2\repository\aopalliance\aopalliance\1.0\aopalliance-1.0.jar;C:\Users\WINDOWS 10\.m2\repository\org\jsoup\jsoup\1.14.3\jsoup-1.14.3.jar;C:\Users\WINDOWS 10\.m2\repository\com\thoughtworks\xstream\xstream\1.4.20\xstream-1.4.20.jar;C:\Users\WINDOWS 10\.m2\repository\io\github\x-stream\mxparser\1.2.2\mxparser-1.2.2.jar;C:\Users\WINDOWS 10\.m2\repository\xmlpull\xmlpull\1.1.3.1\xmlpull-1.1.3.1.jar;C:\Users\WINDOWS 10\.m2\repository\com\typesafe\config\1.4.2\config-1.4.2.jar;C:\Users\WINDOWS 10\.m2\repository\org\imgscalr\imgscalr-lib\4.2\imgscalr-lib-4.2.jar;C:\Users\WINDOWS 10\.m2\repository\org\awaitility\awaitility\4.2.0\awaitility-4.2.0.jar;C:\Users\WINDOWS 10\.m2\repository\org\freemarker\freemarker\2.3.31\freemarker-2.3.31.jar;C:\Users\WINDOWS 10\.m2\repository\io\github\classgraph\classgraph\4.8.138\classgraph-4.8.138.jar;C:\Users\WINDOWS 10\.m2\repository\net\sourceforge\jexcelapi\jxl\2.6.12\jxl-2.6.12.jar;C:\Users\WINDOWS 10\.m2\repository\net\bytebuddy\byte-buddy-agent\1.14.2\byte-buddy-agent-1.14.2.jar;C:\Users\WINDOWS 10\.m2\repository\org\objenesis\objenesis\3.3\objenesis-3.3.jar;C:\Users\WINDOWS 10\.m2\repository\net\serenity-bdd\serenity-reports\3.6.21\serenity-reports-3.6.21.jar;C:\Users\WINDOWS 10\.m2\repository\net\serenity-bdd\serenity-stats\3.6.21\serenity-stats-3.6.21.jar;C:\Users\WINDOWS 10\.m2\repository\net\serenity-bdd\serenity-reports-configuration\3.6.21\serenity-reports-configuration-3.6.21.jar;C:\Users\WINDOWS 10\.m2\repository\com\vladsch\flexmark\flexmark-all\0.62.2\flexmark-all-0.62.2.jar;C:\Users\WINDOWS 10\.m2\repository\com\vladsch\flexmark\flexmark\0.62.2\flexmark-0.62.2.jar;C:\Users\WINDOWS 10\.m2\repository\com\vladsch\flexmark\flexmark-ext-abbreviation\0.62.2\flexmark-ext-abbreviation-0.62.2.jar;C:\Users\WINDOWS 10\.m2\repository\com\vladsch\flexmark\flexmark-util\0.62.2\flexmark-util-0.62.2.jar;C:\Users\WINDOWS 10\.m2\repository\com\vladsch\flexmark\flexmark-ext-admonition\0.62.2\flexmark-ext-admonition-0.62.2.jar;C:\Users\WINDOWS 10\.m2\repository\com\vladsch\flexmark\flexmark-ext-anchorlink\0.62.2\flexmark-ext-anchorlink-0.62.2.jar;C:\Users\WINDOWS 10\.m2\repository\com\vladsch\flexmark\flexmark-ext-aside\0.62.2\flexmark-ext-aside-0.62.2.jar;C:\Users\WINDOWS 10\.m2\repository\com\vladsch\flexmark\flexmark-ext-attributes\0.62.2\flexmark-ext-attributes-0.62.2.jar;C:\Users\WINDOWS 10\.m2\repository\com\vladsch\flexmark\flexmark-ext-autolink\0.62.2\flexmark-ext-autolink-0.62.2.jar;C:\Users\WINDOWS 10\.m2\repository\org\nibor\autolink\autolink\0.6.0\autolink-0.6.0.jar;C:\Users\WINDOWS 10\.m2\repository\com\vladsch\flexmark\flexmark-ext-definition\0.62.2\flexmark-ext-definition-0.62.2.jar;C:\Users\WINDOWS 10\.m2\repository\com\vladsch\flexmark\flexmark-ext-emoji\0.62.2\flexmark-ext-emoji-0.62.2.jar;C:\Users\WINDOWS 10\.m2\repository\com\vladsch\flexmark\flexmark-ext-enumerated-reference\0.62.2\flexmark-ext-enumerated-reference-0.62.2.jar;C:\Users\WINDOWS 10\.m2\repository\com\vladsch\flexmark\flexmark-ext-escaped-character\0.62.2\flexmark-ext-escaped-character-0.62.2.jar;C:\Users\WINDOWS 10\.m2\repository\com\vladsch\flexmark\flexmark-ext-footnotes\0.62.2\flexmark-ext-footnotes-0.62.2.jar;C:\Users\WINDOWS 10\.m2\repository\com\vladsch\flexmark\flexmark-ext-gfm-issues\0.62.2\flexmark-ext-gfm-issues-0.62.2.jar;C:\Users\WINDOWS 10\.m2\repository\com\vladsch\flexmark\flexmark-ext-gfm-strikethrough\0.62.2\flexmark-ext-gfm-strikethrough-0.62.2.jar;C:\Users\WINDOWS 10\.m2\repository\com\vladsch\flexmark\flexmark-ext-gfm-tasklist\0.62.2\flexmark-ext-gfm-tasklist-0.62.2.jar;C:\Users\WINDOWS 10\.m2\repository\com\vladsch\flexmark\flexmark-ext-gfm-users\0.62.2\flexmark-ext-gfm-users-0.62.2.jar;C:\Users\WINDOWS 10\.m2\repository\com\vladsch\flexmark\flexmark-ext-gitlab\0.62.2\flexmark-ext-gitlab-0.62.2.jar;C:\Users\WINDOWS 10\.m2\repository\com\vladsch\flexmark\flexmark-ext-jekyll-front-matter\0.62.2\flexmark-ext-jekyll-front-matter-0.62.2.jar;C:\Users\WINDOWS 10\.m2\repository\com\vladsch\flexmark\flexmark-ext-jekyll-tag\0.62.2\flexmark-ext-jekyll-tag-0.62.2.jar;C:\Users\WINDOWS 10\.m2\repository\com\vladsch\flexmark\flexmark-ext-media-tags\0.62.2\flexmark-ext-media-tags-0.62.2.jar;C:\Users\WINDOWS 10\.m2\repository\com\vladsch\flexmark\flexmark-ext-macros\0.62.2\flexmark-ext-macros-0.62.2.jar;C:\Users\WINDOWS 10\.m2\repository\com\vladsch\flexmark\flexmark-ext-ins\0.62.2\flexmark-ext-ins-0.62.2.jar;C:\Users\WINDOWS 10\.m2\repository\com\vladsch\flexmark\flexmark-ext-xwiki-macros\0.62.2\flexmark-ext-xwiki-macros-0.62.2.jar;C:\Users\WINDOWS 10\.m2\repository\com\vladsch\flexmark\flexmark-ext-superscript\0.62.2\flexmark-ext-superscript-0.62.2.jar;C:\Users\WINDOWS 10\.m2\repository\com\vladsch\flexmark\flexmark-ext-tables\0.62.2\flexmark-ext-tables-0.62.2.jar;C:\Users\WINDOWS 10\.m2\repository\com\vladsch\flexmark\flexmark-ext-toc\0.62.2\flexmark-ext-toc-0.62.2.jar;C:\Users\WINDOWS 10\.m2\repository\com\vladsch\flexmark\flexmark-ext-typographic\0.62.2\flexmark-ext-typographic-0.62.2.jar;C:\Users\WINDOWS 10\.m2\repository\com\vladsch\flexmark\flexmark-ext-wikilink\0.62.2\flexmark-ext-wikilink-0.62.2.jar;C:\Users\WINDOWS 10\.m2\repository\com\vladsch\flexmark\flexmark-ext-yaml-front-matter\0.62.2\flexmark-ext-yaml-front-matter-0.62.2.jar;C:\Users\WINDOWS 10\.m2\repository\com\vladsch\flexmark\flexmark-ext-youtube-embedded\0.62.2\flexmark-ext-youtube-embedded-0.62.2.jar;C:\Users\WINDOWS 10\.m2\repository\com\vladsch\flexmark\flexmark-html2md-converter\0.62.2\flexmark-html2md-converter-0.62.2.jar;C:\Users\WINDOWS 10\.m2\repository\com\vladsch\flexmark\flexmark-jira-converter\0.62.2\flexmark-jira-converter-0.62.2.jar;C:\Users\WINDOWS 10\.m2\repository\com\vladsch\flexmark\flexmark-pdf-converter\0.62.2\flexmark-pdf-converter-0.62.2.jar;C:\Users\WINDOWS 10\.m2\repository\com\openhtmltopdf\openhtmltopdf-core\1.0.0\openhtmltopdf-core-1.0.0.jar;C:\Users\WINDOWS 10\.m2\repository\com\openhtmltopdf\openhtmltopdf-pdfbox\1.0.0\openhtmltopdf-pdfbox-1.0.0.jar;C:\Users\WINDOWS 10\.m2\repository\org\apache\pdfbox\pdfbox\2.0.16\pdfbox-2.0.16.jar;C:\Users\WINDOWS 10\.m2\repository\org\apache\pdfbox\fontbox\2.0.16\fontbox-2.0.16.jar;C:\Users\WINDOWS 10\.m2\repository\org\apache\pdfbox\xmpbox\2.0.16\xmpbox-2.0.16.jar;C:\Users\WINDOWS 10\.m2\repository\de\rototor\pdfbox\graphics2d\0.24\graphics2d-0.24.jar;C:\Users\WINDOWS 10\.m2\repository\com\openhtmltopdf\openhtmltopdf-rtl-support\1.0.0\openhtmltopdf-rtl-support-1.0.0.jar;C:\Users\WINDOWS 10\.m2\repository\com\openhtmltopdf\openhtmltopdf-jsoup-dom-converter\1.0.0\openhtmltopdf-jsoup-dom-converter-1.0.0.jar;C:\Users\WINDOWS 10\.m2\repository\com\vladsch\flexmark\flexmark-profile-pegdown\0.62.2\flexmark-profile-pegdown-0.62.2.jar;C:\Users\WINDOWS 10\.m2\repository\com\vladsch\flexmark\flexmark-util-ast\0.62.2\flexmark-util-ast-0.62.2.jar;C:\Users\WINDOWS 10\.m2\repository\com\vladsch\flexmark\flexmark-util-builder\0.62.2\flexmark-util-builder-0.62.2.jar;C:\Users\WINDOWS 10\.m2\repository\com\vladsch\flexmark\flexmark-util-collection\0.62.2\flexmark-util-collection-0.62.2.jar;C:\Users\WINDOWS 10\.m2\repository\com\vladsch\flexmark\flexmark-util-data\0.62.2\flexmark-util-data-0.62.2.jar;C:\Users\WINDOWS 10\.m2\repository\com\vladsch\flexmark\flexmark-util-dependency\0.62.2\flexmark-util-dependency-0.62.2.jar;C:\Users\WINDOWS 10\.m2\repository\com\vladsch\flexmark\flexmark-util-format\0.62.2\flexmark-util-format-0.62.2.jar;C:\Users\WINDOWS 10\.m2\repository\com\vladsch\flexmark\flexmark-util-html\0.62.2\flexmark-util-html-0.62.2.jar;C:\Users\WINDOWS 10\.m2\repository\com\vladsch\flexmark\flexmark-util-misc\0.62.2\flexmark-util-misc-0.62.2.jar;C:\Users\WINDOWS 10\.m2\repository\com\vladsch\flexmark\flexmark-util-options\0.62.2\flexmark-util-options-0.62.2.jar;C:\Users\WINDOWS 10\.m2\repository\com\vladsch\flexmark\flexmark-util-sequence\0.62.2\flexmark-util-sequence-0.62.2.jar;C:\Users\WINDOWS 10\.m2\repository\com\vladsch\flexmark\flexmark-util-visitor\0.62.2\flexmark-util-visitor-0.62.2.jar;C:\Users\WINDOWS 10\.m2\repository\com\vladsch\flexmark\flexmark-youtrack-converter\0.62.2\flexmark-youtrack-converter-0.62.2.jar;C:\Users\WINDOWS 10\.m2\repository\com\ibm\icu\icu4j\72.1\icu4j-72.1.jar;C:\Users\WINDOWS 10\.m2\repository\es\nitaur\markdown\txtmark\0.16\txtmark-0.16.jar;C:\Users\WINDOWS 10\.m2\repository\net\serenity-bdd\serenity-report-resources\3.6.21\serenity-report-resources-3.6.21.jar;C:\Users\WINDOWS 10\.m2\repository\com\google\code\gson\gson\2.10.1\gson-2.10.1.jar;C:\Users\WINDOWS 10\.m2\repository\com\fasterxml\jackson\core\jackson-core\2.15.0-rc1\jackson-core-2.15.0-rc1.jar;C:\Users\WINDOWS 10\.m2\repository\com\fasterxml\jackson\core\jackson-databind\2.15.0-rc1\jackson-databind-2.15.0-rc1.jar;C:\Users\WINDOWS 10\.m2\repository\com\fasterxml\jackson\core\jackson-annotations\2.15.0-rc1\jackson-annotations-2.15.0-rc1.jar;C:\Users\WINDOWS 10\.m2\repository\commons-codec\commons-codec\1.15\commons-codec-1.15.jar;C:\Users\WINDOWS 10\.m2\repository\commons-io\commons-io\2.11.0\commons-io-2.11.0.jar;C:\Users\WINDOWS 10\.m2\repository\org\seleniumhq\selenium\selenium-java\4.8.1\selenium-java-4.8.1.jar;C:\Users\WINDOWS 10\.m2\repository\org\seleniumhq\selenium\selenium-devtools-v108\4.8.1\selenium-devtools-v108-4.8.1.jar;C:\Users\WINDOWS 10\.m2\repository\org\seleniumhq\selenium\selenium-devtools-v109\4.8.1\selenium-devtools-v109-4.8.1.jar;C:\Users\WINDOWS 10\.m2\repository\org\seleniumhq\selenium\selenium-devtools-v110\4.8.1\selenium-devtools-v110-4.8.1.jar;C:\Users\WINDOWS 10\.m2\repository\org\seleniumhq\selenium\selenium-devtools-v85\4.8.1\selenium-devtools-v85-4.8.1.jar;C:\Users\WINDOWS 10\.m2\repository\org\seleniumhq\selenium\selenium-remote-driver\4.8.1\selenium-remote-driver-4.8.1.jar;C:\Users\WINDOWS 10\.m2\repository\com\beust\jcommander\1.82\jcommander-1.82.jar;C:\Users\WINDOWS 10\.m2\repository\io\netty\netty-buffer\4.1.87.Final\netty-buffer-4.1.87.Final.jar;C:\Users\WINDOWS 10\.m2\repository\io\netty\netty-codec-http\4.1.87.Final\netty-codec-http-4.1.87.Final.jar;C:\Users\WINDOWS 10\.m2\repository\io\netty\netty-codec\4.1.87.Final\netty-codec-4.1.87.Final.jar;C:\Users\WINDOWS 10\.m2\repository\io\netty\netty-handler\4.1.87.Final\netty-handler-4.1.87.Final.jar;C:\Users\WINDOWS 10\.m2\repository\io\netty\netty-common\4.1.87.Final\netty-common-4.1.87.Final.jar;C:\Users\WINDOWS 10\.m2\repository\io\netty\netty-transport-classes-epoll\4.1.87.Final\netty-transport-classes-epoll-4.1.87.Final.jar;C:\Users\WINDOWS 10\.m2\repository\io\netty\netty-transport-classes-kqueue\4.1.87.Final\netty-transport-classes-kqueue-4.1.87.Final.jar;C:\Users\WINDOWS 10\.m2\repository\io\netty\netty-transport-native-epoll\4.1.87.Final\netty-transport-native-epoll-4.1.87.Final.jar;C:\Users\WINDOWS 10\.m2\repository\io\netty\netty-transport-native-kqueue\4.1.87.Final\netty-transport-native-kqueue-4.1.87.Final.jar;C:\Users\WINDOWS 10\.m2\repository\io\netty\netty-transport-native-unix-common\4.1.87.Final\netty-transport-native-unix-common-4.1.87.Final.jar;C:\Users\WINDOWS 10\.m2\repository\io\netty\netty-transport\4.1.87.Final\netty-transport-4.1.87.Final.jar;C:\Users\WINDOWS 10\.m2\repository\io\netty\netty-resolver\4.1.87.Final\netty-resolver-4.1.87.Final.jar;C:\Users\WINDOWS 10\.m2\repository\io\opentelemetry\opentelemetry-api\1.22.0\opentelemetry-api-1.22.0.jar;C:\Users\WINDOWS 10\.m2\repository\io\opentelemetry\opentelemetry-context\1.22.0\opentelemetry-context-1.22.0.jar;C:\Users\WINDOWS 10\.m2\repository\io\opentelemetry\opentelemetry-exporter-logging\1.22.0\opentelemetry-exporter-logging-1.22.0.jar;C:\Users\WINDOWS 10\.m2\repository\io\opentelemetry\opentelemetry-sdk-metrics\1.22.0\opentelemetry-sdk-metrics-1.22.0.jar;C:\Users\WINDOWS 10\.m2\repository\io\opentelemetry\opentelemetry-sdk-logs\1.22.0-alpha\opentelemetry-sdk-logs-1.22.0-alpha.jar;C:\Users\WINDOWS 10\.m2\repository\io\opentelemetry\opentelemetry-api-logs\1.22.0-alpha\opentelemetry-api-logs-1.22.0-alpha.jar;C:\Users\WINDOWS 10\.m2\repository\io\opentelemetry\opentelemetry-sdk-common\1.22.0\opentelemetry-sdk-common-1.22.0.jar;C:\Users\WINDOWS 10\.m2\repository\io\opentelemetry\opentelemetry-sdk-extension-autoconfigure-spi\1.22.0\opentelemetry-sdk-extension-autoconfigure-spi-1.22.0.jar;C:\Users\WINDOWS 10\.m2\repository\io\opentelemetry\opentelemetry-sdk-extension-autoconfigure\1.22.0-alpha\opentelemetry-sdk-extension-autoconfigure-1.22.0-alpha.jar;C:\Users\WINDOWS 10\.m2\repository\io\opentelemetry\opentelemetry-sdk-trace\1.22.0\opentelemetry-sdk-trace-1.22.0.jar;C:\Users\WINDOWS 10\.m2\repository\io\opentelemetry\opentelemetry-sdk\1.22.0\opentelemetry-sdk-1.22.0.jar;C:\Users\WINDOWS 10\.m2\repository\io\opentelemetry\opentelemetry-semconv\1.22.0-alpha\opentelemetry-semconv-1.22.0-alpha.jar;C:\Users\WINDOWS 10\.m2\repository\io\ous\jtoml\2.0.0\jtoml-2.0.0.jar;C:\Users\WINDOWS 10\.m2\repository\org\apache\commons\commons-exec\1.3\commons-exec-1.3.jar;C:\Users\WINDOWS 10\.m2\repository\org\asynchttpclient\async-http-client\2.12.3\async-http-client-2.12.3.jar;C:\Users\WINDOWS 10\.m2\repository\org\asynchttpclient\async-http-client-netty-utils\2.12.3\async-http-client-netty-utils-2.12.3.jar;C:\Users\WINDOWS 10\.m2\repository\io\netty\netty-codec-socks\4.1.60.Final\netty-codec-socks-4.1.60.Final.jar;C:\Users\WINDOWS 10\.m2\repository\io\netty\netty-handler-proxy\4.1.60.Final\netty-handler-proxy-4.1.60.Final.jar;C:\Users\WINDOWS 10\.m2\repository\io\netty\netty-transport-native-epoll\4.1.60.Final\netty-transport-native-epoll-4.1.60.Final-linux-x86_64.jar;C:\Users\WINDOWS 10\.m2\repository\io\netty\netty-transport-native-kqueue\4.1.60.Final\netty-transport-native-kqueue-4.1.60.Final-osx-x86_64.jar;C:\Users\WINDOWS 10\.m2\repository\org\reactivestreams\reactive-streams\1.0.3\reactive-streams-1.0.3.jar;C:\Users\WINDOWS 10\.m2\repository\com\typesafe\netty\netty-reactive-streams\2.0.4\netty-reactive-streams-2.0.4.jar;C:\Users\WINDOWS 10\.m2\repository\org\seleniumhq\selenium\selenium-manager\4.8.1\selenium-manager-4.8.1.jar;C:\Users\WINDOWS 10\.m2\repository\org\seleniumhq\selenium\selenium-safari-driver\4.8.1\selenium-safari-driver-4.8.1.jar;C:\Users\WINDOWS 10\.m2\repository\org\seleniumhq\selenium\selenium-api\4.8.1\selenium-api-4.8.1.jar;C:\Users\WINDOWS 10\.m2\repository\org\seleniumhq\selenium\selenium-support\4.8.1\selenium-support-4.8.1.jar;C:\Users\WINDOWS 10\.m2\repository\com\google\auto\service\auto-service-annotations\1.0.1\auto-service-annotations-1.0.1.jar;C:\Users\WINDOWS 10\.m2\repository\com\google\auto\service\auto-service\1.0.1\auto-service-1.0.1.jar;C:\Users\WINDOWS 10\.m2\repository\com\google\auto\auto-common\1.2\auto-common-1.2.jar;C:\Users\WINDOWS 10\.m2\repository\org\seleniumhq\selenium\selenium-json\4.8.1\selenium-json-4.8.1.jar;C:\Users\WINDOWS 10\.m2\repository\org\seleniumhq\selenium\selenium-chrome-driver\4.8.1\selenium-chrome-driver-4.8.1.jar;C:\Users\WINDOWS 10\.m2\repository\org\seleniumhq\selenium\selenium-chromium-driver\4.8.1\selenium-chromium-driver-4.8.1.jar;C:\Users\WINDOWS 10\.m2\repository\org\seleniumhq\selenium\selenium-firefox-driver\4.8.1\selenium-firefox-driver-4.8.1.jar;C:\Users\WINDOWS 10\.m2\repository\org\seleniumhq\selenium\selenium-http\4.8.1\selenium-http-4.8.1.jar;C:\Users\WINDOWS 10\.m2\repository\dev\failsafe\failsafe\3.3.0\failsafe-3.3.0.jar;C:\Users\WINDOWS 10\.m2\repository\org\seleniumhq\selenium\selenium-edge-driver\4.8.1\selenium-edge-driver-4.8.1.jar;C:\Users\WINDOWS 10\.m2\repository\org\seleniumhq\selenium\selenium-ie-driver\4.8.1\selenium-ie-driver-4.8.1.jar;C:\Users\WINDOWS 10\.m2\repository\org\projectlombok\lombok\1.18.20\lombok-1.18.20.jar;C:\Users\WINDOWS 10\.m2\repository\io\appium\java-client\8.3.0\java-client-8.3.0.jar;C:\Users\WINDOWS 10\.m2\repository\commons-validator\commons-validator\1.7\commons-validator-1.7.jar;C:\Users\WINDOWS 10\.m2\repository\commons-digester\commons-digester\2.1\commons-digester-2.1.jar;C:\Users\WINDOWS 10\.m2\repository\net\sf\opencsv\opencsv\2.0\opencsv-2.0.jar;C:\Users\WINDOWS 10\.m2\repository\commons-beanutils\commons-beanutils\1.9.4\commons-beanutils-1.9.4.jar;C:\Users\WINDOWS 10\.m2\repository\org\apache\commons\commons-lang3\3.12.0\commons-lang3-3.12.0.jar;C:\Users\WINDOWS 10\.m2\repository\commons-collections\commons-collections\3.2.2\commons-collections-3.2.2.jar;C:\Users\WINDOWS 10\.m2\repository\org\fluentlenium\fluentlenium-core\0.10.2\fluentlenium-core-0.10.2.jar;C:\Users\WINDOWS 10\.m2\repository\io\github\bonigarcia\webdrivermanager\5.3.0\webdrivermanager-5.3.0.jar;C:\Users\WINDOWS 10\.m2\repository\com\github\docker-java\docker-java\3.2.13\docker-java-3.2.13.jar;C:\Users\WINDOWS 10\.m2\repository\com\github\docker-java\docker-java-core\3.2.13\docker-java-core-3.2.13.jar;C:\Users\WINDOWS 10\.m2\repository\com\github\docker-java\docker-java-api\3.2.13\docker-java-api-3.2.13.jar;C:\Users\WINDOWS 10\.m2\repository\org\apache\commons\commons-compress\1.21\commons-compress-1.21.jar;C:\Users\WINDOWS 10\.m2\repository\org\bouncycastle\bcpkix-jdk15on\1.64\bcpkix-jdk15on-1.64.jar;C:\Users\WINDOWS 10\.m2\repository\org\bouncycastle\bcprov-jdk15on\1.64\bcprov-jdk15on-1.64.jar;C:\Users\WINDOWS 10\.m2\repository\org\slf4j\jcl-over-slf4j\1.7.30\jcl-over-slf4j-1.7.30.jar;C:\Users\WINDOWS 10\.m2\repository\com\github\docker-java\docker-java-transport-httpclient5\3.2.13\docker-java-transport-httpclient5-3.2.13.jar;C:\Users\WINDOWS 10\.m2\repository\com\github\docker-java\docker-java-transport\3.2.13\docker-java-transport-3.2.13.jar;C:\Users\WINDOWS 10\.m2\repository\net\java\dev\jna\jna\5.8.0\jna-5.8.0.jar;C:\Users\WINDOWS 10\.m2\repository\org\brotli\dec\0.1.2\dec-0.1.2.jar;C:\Users\WINDOWS 10\.m2\repository\org\apache\httpcomponents\client5\httpclient5\5.1.3\httpclient5-5.1.3.jar;C:\Users\WINDOWS 10\.m2\repository\org\apache\httpcomponents\core5\httpcore5\5.1.3\httpcore5-5.1.3.jar;C:\Users\WINDOWS 10\.m2\repository\org\apache\httpcomponents\core5\httpcore5-h2\5.1.3\httpcore5-h2-5.1.3.jar;C:\Users\WINDOWS 10\.m2\repository\com\jhlabs\filters\2.0.235\filters-2.0.235.jar;C:\Users\WINDOWS 10\.m2\repository\com\paulhammant\ngwebdriver\1.1.6\ngwebdriver-1.1.6.jar;C:\Users\WINDOWS 10\.m2\repository\joda-time\joda-time\2.12.2\joda-time-2.12.2.jar;C:\Users\WINDOWS 10\.m2\repository\org\hamcrest\hamcrest\2.2\hamcrest-2.2.jar;C:\Users\WINDOWS 10\.m2\repository\com\google\jimfs\jimfs\1.2\jimfs-1.2.jar;C:\Users\WINDOWS 10\.m2\repository\org\mockito\mockito-core\3.3.3\mockito-core-3.3.3.jar;C:\Users\WINDOWS 10\.m2\repository\javax\xml\bind\jaxb-api\2.3.1\jaxb-api-2.3.1.jar;C:\Users\WINDOWS 10\.m2\repository\javax\activation\javax.activation-api\1.2.0\javax.activation-api-1.2.0.jar;C:\Users\WINDOWS 10\.m2\repository\com\sun\xml\bind\jaxb-core\2.3.0.1\jaxb-core-2.3.0.1.jar;C:\Users\WINDOWS 10\.m2\repository\com\sun\xml\bind\jaxb-impl\2.3.3\jaxb-impl-2.3.3.jar;C:\Users\WINDOWS 10\.m2\repository\jakarta\xml\bind\jakarta.xml.bind-api\2.3.3\jakarta.xml.bind-api-2.3.3.jar;C:\Users\WINDOWS 10\.m2\repository\com\sun\activation\jakarta.activation\1.2.2\jakarta.activation-1.2.2.jar;C:\Users\WINDOWS 10\.m2\repository\javax\activation\activation\1.1.1\activation-1.1.1.jar;C:\Users\WINDOWS 10\.m2\repository\net\serenity-bdd\serenity-cucumber\3.6.21\serenity-cucumber-3.6.21.jar;C:\Users\WINDOWS 10\.m2\repository\io\cucumber\cucumber-core\7.11.0\cucumber-core-7.11.0.jar;C:\Users\WINDOWS 10\.m2\repository\io\cucumber\cucumber-gherkin\7.11.0\cucumber-gherkin-7.11.0.jar;C:\Users\WINDOWS 10\.m2\repository\io\cucumber\cucumber-gherkin-messages\7.11.0\cucumber-gherkin-messages-7.11.0.jar;C:\Users\WINDOWS 10\.m2\repository\io\cucumber\gherkin\26.0.3\gherkin-26.0.3.jar;C:\Users\WINDOWS 10\.m2\repository\io\cucumber\messages\21.0.1\messages-21.0.1.jar;C:\Users\WINDOWS 10\.m2\repository\io\cucumber\tag-expressions\5.0.1\tag-expressions-5.0.1.jar;C:\Users\WINDOWS 10\.m2\repository\io\cucumber\cucumber-expressions\16.1.1\cucumber-expressions-16.1.1.jar;C:\Users\WINDOWS 10\.m2\repository\io\cucumber\datatable\7.11.0\datatable-7.11.0.jar;C:\Users\WINDOWS 10\.m2\repository\io\cucumber\cucumber-plugin\7.11.0\cucumber-plugin-7.11.0.jar;C:\Users\WINDOWS 10\.m2\repository\io\cucumber\docstring\7.11.0\docstring-7.11.0.jar;C:\Users\WINDOWS 10\.m2\repository\io\cucumber\html-formatter\20.2.1\html-formatter-20.2.1.jar;C:\Users\WINDOWS 10\.m2\repository\io\cucumber\junit-xml-formatter\0.1.0\junit-xml-formatter-0.1.0.jar;C:\Users\WINDOWS 10\.m2\repository\io\cucumber\ci-environment\9.1.0\ci-environment-9.1.0.jar;C:\Users\WINDOWS 10\.m2\repository\io\cucumber\cucumber-java\7.11.0\cucumber-java-7.11.0.jar;C:\Users\WINDOWS 10\.m2\repository\io\cucumber\cucumber-junit\7.11.0\cucumber-junit-7.11.0.jar;C:\Users\WINDOWS 10\.m2\repository\org\apache\commons\commons-csv\1.5\commons-csv-1.5.jar;C:\Users\WINDOWS 10\.m2\repository\net\serenity-bdd\serenity-screenplay\3.6.21\serenity-screenplay-3.6.21.jar;C:\Users\WINDOWS 10\.m2\repository\net\serenity-bdd\serenity-screenplay-webdriver\3.6.21\serenity-screenplay-webdriver-3.6.21.jar;C:\Users\WINDOWS 10\.m2\repository\net\serenity-bdd\serenity-ensure\3.6.21\serenity-ensure-3.6.21.jar;C:\Users\WINDOWS 10\.m2\repository\net\serenity-bdd\serenity-junit\3.6.21\serenity-junit-3.6.21.jar;C:\Users\WINDOWS 10\.m2\repository\org\jetbrains\kotlin\kotlin-stdlib\1.8.10\kotlin-stdlib-1.8.10.jar;C:\Users\WINDOWS 10\.m2\repository\org\jetbrains\kotlin\kotlin-stdlib-common\1.8.10\kotlin-stdlib-common-1.8.10.jar;C:\Users\WINDOWS 10\.m2\repository\org\jetbrains\annotations\13.0\annotations-13.0.jar;C:\Users\WINDOWS 10\.m2\repository\org\junit\platform\junit-platform-launcher\1.8.2\junit-platform-launcher-1.8.2.jar;C:\Users\WINDOWS 10\.m2\repository\org\junit\platform\junit-platform-engine\1.8.2\junit-platform-engine-1.8.2.jar;C:\Users\WINDOWS 10\.m2\repository\org\junit\platform\junit-platform-commons\1.8.2\junit-platform-commons-1.8.2.jar;C:\Users\WINDOWS 10\.m2\repository\org\apiguardian\apiguardian-api\1.1.2\apiguardian-api-1.1.2.jar;C:\Users\WINDOWS 10\.m2\repository\org\junit\jupiter\junit-jupiter-engine\5.8.2\junit-jupiter-engine-5.8.2.jar;C:\Users\WINDOWS 10\.m2\repository\org\junit\jupiter\junit-jupiter-api\5.8.2\junit-jupiter-api-5.8.2.jar;C:\Users\WINDOWS 10\.m2\repository\org\junit\vintage\junit-vintage-engine\5.8.2\junit-vintage-engine-5.8.2.jar;C:\Users\WINDOWS 10\.m2\repository\junit\junit\4.13.2\junit-4.13.2.jar;C:\Users\WINDOWS 10\.m2\repository\org\hamcrest\hamcrest-core\1.3\hamcrest-core-1.3.jar;C:\Users\WINDOWS 10\.m2\repository\ch\qos\logback\logback-classic\1.2.10\logback-classic-1.2.10.jar;C:\Users\WINDOWS 10\.m2\repository\ch\qos\logback\logback-core\1.2.10\logback-core-1.2.10.jar;C:\Users\WINDOWS 10\.m2\repository\org\slf4j\slf4j-api\1.7.32\slf4j-api-1.7.32.jar;C:\Users\WINDOWS 10\.m2\repository\org\assertj\assertj-core\3.23.1\assertj-core-3.23.1.jar;C:\Users\WINDOWS 10\.m2\repository\net\bytebuddy\byte-buddy\1.12.10\byte-buddy-1.12.10.jar;C:\Users\WINDOWS 10\.m2\repository\com\googlecode\json-simple\json-simple\1.1.1\json-simple-1.1.1.jar;"/>
    <property name="java.vm.vendor" value="Oracle Corporation"/>
    <property name="sun.arch.data.model" value="64"/>
    <property name="user.variant" value=""/>
    <property name="java.vendor.url" value="https://java.oracle.com/"/>
    <property name="user.timezone" value="Asia/Bangkok"/>
    <property name="os.name" value="Windows 10"/>
    <property name="java.vm.specification.version" value="15"/>
    <property name="sun.java.launcher" value="SUN_STANDARD"/>
    <property name="user.country" value="US"/>
    <property name="sun.boot.library.path" value="C:\Program Files\Java\jdk-15\bin"/>
    <property name="sun.java.command" value="org.apache.maven.surefire.booter.ForkedBooter C:\Users\WINDOWS 10\AppData\Local\Temp\surefire10773081725483265545 2023-05-07T10-30-50_253-jvmRun1 surefire6032805409345185955tmp surefire_01012276538606050590tmp"/>
    <property name="jdk.debug" value="release"/>
    <property name="surefire.test.class.path" value="C:\Users\WINDOWS 10\Documents\GitHub\MiniProject_QE\API\minpro\target\test-classes;C:\Users\WINDOWS 10\.m2\repository\net\serenity-bdd\serenity-rest-assured\3.6.22\serenity-rest-assured-3.6.22.jar;C:\Users\WINDOWS 10\.m2\repository\org\apache\httpcomponents\httpclient\4.5.13\httpclient-4.5.13.jar;C:\Users\WINDOWS 10\.m2\repository\org\apache\httpcomponents\httpcore\4.4.13\httpcore-4.4.13.jar;C:\Users\WINDOWS 10\.m2\repository\commons-logging\commons-logging\1.2\commons-logging-1.2.jar;C:\Users\WINDOWS 10\.m2\repository\io\rest-assured\rest-assured\5.3.0\rest-assured-5.3.0.jar;C:\Users\WINDOWS 10\.m2\repository\org\apache\httpcomponents\httpmime\4.5.13\httpmime-4.5.13.jar;C:\Users\WINDOWS 10\.m2\repository\org\ccil\cowan\tagsoup\tagsoup\1.2.1\tagsoup-1.2.1.jar;C:\Users\WINDOWS 10\.m2\repository\io\rest-assured\json-path\5.3.0\json-path-5.3.0.jar;C:\Users\WINDOWS 10\.m2\repository\io\rest-assured\rest-assured-common\5.3.0\rest-assured-common-5.3.0.jar;C:\Users\WINDOWS 10\.m2\repository\io\rest-assured\xml-path\5.3.0\xml-path-5.3.0.jar;C:\Users\WINDOWS 10\.m2\repository\org\apache\groovy\groovy-json\4.0.10\groovy-json-4.0.10.jar;C:\Users\WINDOWS 10\.m2\repository\org\apache\groovy\groovy-xml\4.0.10\groovy-xml-4.0.10.jar;C:\Users\WINDOWS 10\.m2\repository\org\apache\groovy\groovy\4.0.10\groovy-4.0.10.jar;C:\Users\WINDOWS 10\.m2\repository\org\opentest4j\opentest4j\1.2.0\opentest4j-1.2.0.jar;C:\Users\WINDOWS 10\.m2\repository\net\serenity-bdd\serenity-core\3.6.21\serenity-core-3.6.21.jar;C:\Users\WINDOWS 10\.m2\repository\net\serenity-bdd\serenity-model\3.6.21\serenity-model-3.6.21.jar;C:\Users\WINDOWS 10\.m2\repository\org\apache\commons\commons-text\1.10.0\commons-text-1.10.0.jar;C:\Users\WINDOWS 10\.m2\repository\commons-net\commons-net\3.9.0\commons-net-3.9.0.jar;C:\Users\WINDOWS 10\.m2\repository\com\google\guava\guava\31.1-jre\guava-31.1-jre.jar;C:\Users\WINDOWS 10\.m2\repository\com\google\guava\failureaccess\1.0.1\failureaccess-1.0.1.jar;C:\Users\WINDOWS 10\.m2\repository\com\google\guava\listenablefuture\9999.0-empty-to-avoid-conflict-with-guava\listenablefuture-9999.0-empty-to-avoid-conflict-with-guava.jar;C:\Users\WINDOWS 10\.m2\repository\com\google\code\findbugs\jsr305\3.0.2\jsr305-3.0.2.jar;C:\Users\WINDOWS 10\.m2\repository\org\checkerframework\checker-qual\3.12.0\checker-qual-3.12.0.jar;C:\Users\WINDOWS 10\.m2\repository\com\google\errorprone\error_prone_annotations\2.11.0\error_prone_annotations-2.11.0.jar;C:\Users\WINDOWS 10\.m2\repository\com\google\j2objc\j2objc-annotations\1.3\j2objc-annotations-1.3.jar;C:\Users\WINDOWS 10\.m2\repository\com\google\inject\guice\5.1.0\guice-5.1.0.jar;C:\Users\WINDOWS 10\.m2\repository\javax\inject\javax.inject\1\javax.inject-1.jar;C:\Users\WINDOWS 10\.m2\repository\aopalliance\aopalliance\1.0\aopalliance-1.0.jar;C:\Users\WINDOWS 10\.m2\repository\org\jsoup\jsoup\1.14.3\jsoup-1.14.3.jar;C:\Users\WINDOWS 10\.m2\repository\com\thoughtworks\xstream\xstream\1.4.20\xstream-1.4.20.jar;C:\Users\WINDOWS 10\.m2\repository\io\github\x-stream\mxparser\1.2.2\mxparser-1.2.2.jar;C:\Users\WINDOWS 10\.m2\repository\xmlpull\xmlpull\1.1.3.1\xmlpull-1.1.3.1.jar;C:\Users\WINDOWS 10\.m2\repository\com\typesafe\config\1.4.2\config-1.4.2.jar;C:\Users\WINDOWS 10\.m2\repository\org\imgscalr\imgscalr-lib\4.2\imgscalr-lib-4.2.jar;C:\Users\WINDOWS 10\.m2\repository\org\awaitility\awaitility\4.2.0\awaitility-4.2.0.jar;C:\Users\WINDOWS 10\.m2\repository\org\freemarker\freemarker\2.3.31\freemarker-2.3.31.jar;C:\Users\WINDOWS 10\.m2\repository\io\github\classgraph\classgraph\4.8.138\classgraph-4.8.138.jar;C:\Users\WINDOWS 10\.m2\repository\net\sourceforge\jexcelapi\jxl\2.6.12\jxl-2.6.12.jar;C:\Users\WINDOWS 10\.m2\repository\net\bytebuddy\byte-buddy-agent\1.14.2\byte-buddy-agent-1.14.2.jar;C:\Users\WINDOWS 10\.m2\repository\org\objenesis\objenesis\3.3\objenesis-3.3.jar;C:\Users\WINDOWS 10\.m2\repository\net\serenity-bdd\serenity-reports\3.6.21\serenity-reports-3.6.21.jar;C:\Users\WINDOWS 10\.m2\repository\net\serenity-bdd\serenity-stats\3.6.21\serenity-stats-3.6.21.jar;C:\Users\WINDOWS 10\.m2\repository\net\serenity-bdd\serenity-reports-configuration\3.6.21\serenity-reports-configuration-3.6.21.jar;C:\Users\WINDOWS 10\.m2\repository\com\vladsch\flexmark\flexmark-all\0.62.2\flexmark-all-0.62.2.jar;C:\Users\WINDOWS 10\.m2\repository\com\vladsch\flexmark\flexmark\0.62.2\flexmark-0.62.2.jar;C:\Users\WINDOWS 10\.m2\repository\com\vladsch\flexmark\flexmark-ext-abbreviation\0.62.2\flexmark-ext-abbreviation-0.62.2.jar;C:\Users\WINDOWS 10\.m2\repository\com\vladsch\flexmark\flexmark-util\0.62.2\flexmark-util-0.62.2.jar;C:\Users\WINDOWS 10\.m2\repository\com\vladsch\flexmark\flexmark-ext-admonition\0.62.2\flexmark-ext-admonition-0.62.2.jar;C:\Users\WINDOWS 10\.m2\repository\com\vladsch\flexmark\flexmark-ext-anchorlink\0.62.2\flexmark-ext-anchorlink-0.62.2.jar;C:\Users\WINDOWS 10\.m2\repository\com\vladsch\flexmark\flexmark-ext-aside\0.62.2\flexmark-ext-aside-0.62.2.jar;C:\Users\WINDOWS 10\.m2\repository\com\vladsch\flexmark\flexmark-ext-attributes\0.62.2\flexmark-ext-attributes-0.62.2.jar;C:\Users\WINDOWS 10\.m2\repository\com\vladsch\flexmark\flexmark-ext-autolink\0.62.2\flexmark-ext-autolink-0.62.2.jar;C:\Users\WINDOWS 10\.m2\repository\org\nibor\autolink\autolink\0.6.0\autolink-0.6.0.jar;C:\Users\WINDOWS 10\.m2\repository\com\vladsch\flexmark\flexmark-ext-definition\0.62.2\flexmark-ext-definition-0.62.2.jar;C:\Users\WINDOWS 10\.m2\repository\com\vladsch\flexmark\flexmark-ext-emoji\0.62.2\flexmark-ext-emoji-0.62.2.jar;C:\Users\WINDOWS 10\.m2\repository\com\vladsch\flexmark\flexmark-ext-enumerated-reference\0.62.2\flexmark-ext-enumerated-reference-0.62.2.jar;C:\Users\WINDOWS 10\.m2\repository\com\vladsch\flexmark\flexmark-ext-escaped-character\0.62.2\flexmark-ext-escaped-character-0.62.2.jar;C:\Users\WINDOWS 10\.m2\repository\com\vladsch\flexmark\flexmark-ext-footnotes\0.62.2\flexmark-ext-footnotes-0.62.2.jar;C:\Users\WINDOWS 10\.m2\repository\com\vladsch\flexmark\flexmark-ext-gfm-issues\0.62.2\flexmark-ext-gfm-issues-0.62.2.jar;C:\Users\WINDOWS 10\.m2\repository\com\vladsch\flexmark\flexmark-ext-gfm-strikethrough\0.62.2\flexmark-ext-gfm-strikethrough-0.62.2.jar;C:\Users\WINDOWS 10\.m2\repository\com\vladsch\flexmark\flexmark-ext-gfm-tasklist\0.62.2\flexmark-ext-gfm-tasklist-0.62.2.jar;C:\Users\WINDOWS 10\.m2\repository\com\vladsch\flexmark\flexmark-ext-gfm-users\0.62.2\flexmark-ext-gfm-users-0.62.2.jar;C:\Users\WINDOWS 10\.m2\repository\com\vladsch\flexmark\flexmark-ext-gitlab\0.62.2\flexmark-ext-gitlab-0.62.2.jar;C:\Users\WINDOWS 10\.m2\repository\com\vladsch\flexmark\flexmark-ext-jekyll-front-matter\0.62.2\flexmark-ext-jekyll-front-matter-0.62.2.jar;C:\Users\WINDOWS 10\.m2\repository\com\vladsch\flexmark\flexmark-ext-jekyll-tag\0.62.2\flexmark-ext-jekyll-tag-0.62.2.jar;C:\Users\WINDOWS 10\.m2\repository\com\vladsch\flexmark\flexmark-ext-media-tags\0.62.2\flexmark-ext-media-tags-0.62.2.jar;C:\Users\WINDOWS 10\.m2\repository\com\vladsch\flexmark\flexmark-ext-macros\0.62.2\flexmark-ext-macros-0.62.2.jar;C:\Users\WINDOWS 10\.m2\repository\com\vladsch\flexmark\flexmark-ext-ins\0.62.2\flexmark-ext-ins-0.62.2.jar;C:\Users\WINDOWS 10\.m2\repository\com\vladsch\flexmark\flexmark-ext-xwiki-macros\0.62.2\flexmark-ext-xwiki-macros-0.62.2.jar;C:\Users\WINDOWS 10\.m2\repository\com\vladsch\flexmark\flexmark-ext-superscript\0.62.2\flexmark-ext-superscript-0.62.2.jar;C:\Users\WINDOWS 10\.m2\repository\com\vladsch\flexmark\flexmark-ext-tables\0.62.2\flexmark-ext-tables-0.62.2.jar;C:\Users\WINDOWS 10\.m2\repository\com\vladsch\flexmark\flexmark-ext-toc\0.62.2\flexmark-ext-toc-0.62.2.jar;C:\Users\WINDOWS 10\.m2\repository\com\vladsch\flexmark\flexmark-ext-typographic\0.62.2\flexmark-ext-typographic-0.62.2.jar;C:\Users\WINDOWS 10\.m2\repository\com\vladsch\flexmark\flexmark-ext-wikilink\0.62.2\flexmark-ext-wikilink-0.62.2.jar;C:\Users\WINDOWS 10\.m2\repository\com\vladsch\flexmark\flexmark-ext-yaml-front-matter\0.62.2\flexmark-ext-yaml-front-matter-0.62.2.jar;C:\Users\WINDOWS 10\.m2\repository\com\vladsch\flexmark\flexmark-ext-youtube-embedded\0.62.2\flexmark-ext-youtube-embedded-0.62.2.jar;C:\Users\WINDOWS 10\.m2\repository\com\vladsch\flexmark\flexmark-html2md-converter\0.62.2\flexmark-html2md-converter-0.62.2.jar;C:\Users\WINDOWS 10\.m2\repository\com\vladsch\flexmark\flexmark-jira-converter\0.62.2\flexmark-jira-converter-0.62.2.jar;C:\Users\WINDOWS 10\.m2\repository\com\vladsch\flexmark\flexmark-pdf-converter\0.62.2\flexmark-pdf-converter-0.62.2.jar;C:\Users\WINDOWS 10\.m2\repository\com\openhtmltopdf\openhtmltopdf-core\1.0.0\openhtmltopdf-core-1.0.0.jar;C:\Users\WINDOWS 10\.m2\repository\com\openhtmltopdf\openhtmltopdf-pdfbox\1.0.0\openhtmltopdf-pdfbox-1.0.0.jar;C:\Users\WINDOWS 10\.m2\repository\org\apache\pdfbox\pdfbox\2.0.16\pdfbox-2.0.16.jar;C:\Users\WINDOWS 10\.m2\repository\org\apache\pdfbox\fontbox\2.0.16\fontbox-2.0.16.jar;C:\Users\WINDOWS 10\.m2\repository\org\apache\pdfbox\xmpbox\2.0.16\xmpbox-2.0.16.jar;C:\Users\WINDOWS 10\.m2\repository\de\rototor\pdfbox\graphics2d\0.24\graphics2d-0.24.jar;C:\Users\WINDOWS 10\.m2\repository\com\openhtmltopdf\openhtmltopdf-rtl-support\1.0.0\openhtmltopdf-rtl-support-1.0.0.jar;C:\Users\WINDOWS 10\.m2\repository\com\openhtmltopdf\openhtmltopdf-jsoup-dom-converter\1.0.0\openhtmltopdf-jsoup-dom-converter-1.0.0.jar;C:\Users\WINDOWS 10\.m2\repository\com\vladsch\flexmark\flexmark-profile-pegdown\0.62.2\flexmark-profile-pegdown-0.62.2.jar;C:\Users\WINDOWS 10\.m2\repository\com\vladsch\flexmark\flexmark-util-ast\0.62.2\flexmark-util-ast-0.62.2.jar;C:\Users\WINDOWS 10\.m2\repository\com\vladsch\flexmark\flexmark-util-builder\0.62.2\flexmark-util-builder-0.62.2.jar;C:\Users\WINDOWS 10\.m2\repository\com\vladsch\flexmark\flexmark-util-collection\0.62.2\flexmark-util-collection-0.62.2.jar;C:\Users\WINDOWS 10\.m2\repository\com\vladsch\flexmark\flexmark-util-data\0.62.2\flexmark-util-data-0.62.2.jar;C:\Users\WINDOWS 10\.m2\repository\com\vladsch\flexmark\flexmark-util-dependency\0.62.2\flexmark-util-dependency-0.62.2.jar;C:\Users\WINDOWS 10\.m2\repository\com\vladsch\flexmark\flexmark-util-format\0.62.2\flexmark-util-format-0.62.2.jar;C:\Users\WINDOWS 10\.m2\repository\com\vladsch\flexmark\flexmark-util-html\0.62.2\flexmark-util-html-0.62.2.jar;C:\Users\WINDOWS 10\.m2\repository\com\vladsch\flexmark\flexmark-util-misc\0.62.2\flexmark-util-misc-0.62.2.jar;C:\Users\WINDOWS 10\.m2\repository\com\vladsch\flexmark\flexmark-util-options\0.62.2\flexmark-util-options-0.62.2.jar;C:\Users\WINDOWS 10\.m2\repository\com\vladsch\flexmark\flexmark-util-sequence\0.62.2\flexmark-util-sequence-0.62.2.jar;C:\Users\WINDOWS 10\.m2\repository\com\vladsch\flexmark\flexmark-util-visitor\0.62.2\flexmark-util-visitor-0.62.2.jar;C:\Users\WINDOWS 10\.m2\repository\com\vladsch\flexmark\flexmark-youtrack-converter\0.62.2\flexmark-youtrack-converter-0.62.2.jar;C:\Users\WINDOWS 10\.m2\repository\com\ibm\icu\icu4j\72.1\icu4j-72.1.jar;C:\Users\WINDOWS 10\.m2\repository\es\nitaur\markdown\txtmark\0.16\txtmark-0.16.jar;C:\Users\WINDOWS 10\.m2\repository\net\serenity-bdd\serenity-report-resources\3.6.21\serenity-report-resources-3.6.21.jar;C:\Users\WINDOWS 10\.m2\repository\com\google\code\gson\gson\2.10.1\gson-2.10.1.jar;C:\Users\WINDOWS 10\.m2\repository\com\fasterxml\jackson\core\jackson-core\2.15.0-rc1\jackson-core-2.15.0-rc1.jar;C:\Users\WINDOWS 10\.m2\repository\com\fasterxml\jackson\core\jackson-databind\2.15.0-rc1\jackson-databind-2.15.0-rc1.jar;C:\Users\WINDOWS 10\.m2\repository\com\fasterxml\jackson\core\jackson-annotations\2.15.0-rc1\jackson-annotations-2.15.0-rc1.jar;C:\Users\WINDOWS 10\.m2\repository\commons-codec\commons-codec\1.15\commons-codec-1.15.jar;C:\Users\WINDOWS 10\.m2\repository\commons-io\commons-io\2.11.0\commons-io-2.11.0.jar;C:\Users\WINDOWS 10\.m2\repository\org\seleniumhq\selenium\selenium-java\4.8.1\selenium-java-4.8.1.jar;C:\Users\WINDOWS 10\.m2\repository\org\seleniumhq\selenium\selenium-devtools-v108\4.8.1\selenium-devtools-v108-4.8.1.jar;C:\Users\WINDOWS 10\.m2\repository\org\seleniumhq\selenium\selenium-devtools-v109\4.8.1\selenium-devtools-v109-4.8.1.jar;C:\Users\WINDOWS 10\.m2\repository\org\seleniumhq\selenium\selenium-devtools-v110\4.8.1\selenium-devtools-v110-4.8.1.jar;C:\Users\WINDOWS 10\.m2\repository\org\seleniumhq\selenium\selenium-devtools-v85\4.8.1\selenium-devtools-v85-4.8.1.jar;C:\Users\WINDOWS 10\.m2\repository\org\seleniumhq\selenium\selenium-remote-driver\4.8.1\selenium-remote-driver-4.8.1.jar;C:\Users\WINDOWS 10\.m2\repository\com\beust\jcommander\1.82\jcommander-1.82.jar;C:\Users\WINDOWS 10\.m2\repository\io\netty\netty-buffer\4.1.87.Final\netty-buffer-4.1.87.Final.jar;C:\Users\WINDOWS 10\.m2\repository\io\netty\netty-codec-http\4.1.87.Final\netty-codec-http-4.1.87.Final.jar;C:\Users\WINDOWS 10\.m2\repository\io\netty\netty-codec\4.1.87.Final\netty-codec-4.1.87.Final.jar;C:\Users\WINDOWS 10\.m2\repository\io\netty\netty-handler\4.1.87.Final\netty-handler-4.1.87.Final.jar;C:\Users\WINDOWS 10\.m2\repository\io\netty\netty-common\4.1.87.Final\netty-common-4.1.87.Final.jar;C:\Users\WINDOWS 10\.m2\repository\io\netty\netty-transport-classes-epoll\4.1.87.Final\netty-transport-classes-epoll-4.1.87.Final.jar;C:\Users\WINDOWS 10\.m2\repository\io\netty\netty-transport-classes-kqueue\4.1.87.Final\netty-transport-classes-kqueue-4.1.87.Final.jar;C:\Users\WINDOWS 10\.m2\repository\io\netty\netty-transport-native-epoll\4.1.87.Final\netty-transport-native-epoll-4.1.87.Final.jar;C:\Users\WINDOWS 10\.m2\repository\io\netty\netty-transport-native-kqueue\4.1.87.Final\netty-transport-native-kqueue-4.1.87.Final.jar;C:\Users\WINDOWS 10\.m2\repository\io\netty\netty-transport-native-unix-common\4.1.87.Final\netty-transport-native-unix-common-4.1.87.Final.jar;C:\Users\WINDOWS 10\.m2\repository\io\netty\netty-transport\4.1.87.Final\netty-transport-4.1.87.Final.jar;C:\Users\WINDOWS 10\.m2\repository\io\netty\netty-resolver\4.1.87.Final\netty-resolver-4.1.87.Final.jar;C:\Users\WINDOWS 10\.m2\repository\io\opentelemetry\opentelemetry-api\1.22.0\opentelemetry-api-1.22.0.jar;C:\Users\WINDOWS 10\.m2\repository\io\opentelemetry\opentelemetry-context\1.22.0\opentelemetry-context-1.22.0.jar;C:\Users\WINDOWS 10\.m2\repository\io\opentelemetry\opentelemetry-exporter-logging\1.22.0\opentelemetry-exporter-logging-1.22.0.jar;C:\Users\WINDOWS 10\.m2\repository\io\opentelemetry\opentelemetry-sdk-metrics\1.22.0\opentelemetry-sdk-metrics-1.22.0.jar;C:\Users\WINDOWS 10\.m2\repository\io\opentelemetry\opentelemetry-sdk-logs\1.22.0-alpha\opentelemetry-sdk-logs-1.22.0-alpha.jar;C:\Users\WINDOWS 10\.m2\repository\io\opentelemetry\opentelemetry-api-logs\1.22.0-alpha\opentelemetry-api-logs-1.22.0-alpha.jar;C:\Users\WINDOWS 10\.m2\repository\io\opentelemetry\opentelemetry-sdk-common\1.22.0\opentelemetry-sdk-common-1.22.0.jar;C:\Users\WINDOWS 10\.m2\repository\io\opentelemetry\opentelemetry-sdk-extension-autoconfigure-spi\1.22.0\opentelemetry-sdk-extension-autoconfigure-spi-1.22.0.jar;C:\Users\WINDOWS 10\.m2\repository\io\opentelemetry\opentelemetry-sdk-extension-autoconfigure\1.22.0-alpha\opentelemetry-sdk-extension-autoconfigure-1.22.0-alpha.jar;C:\Users\WINDOWS 10\.m2\repository\io\opentelemetry\opentelemetry-sdk-trace\1.22.0\opentelemetry-sdk-trace-1.22.0.jar;C:\Users\WINDOWS 10\.m2\repository\io\opentelemetry\opentelemetry-sdk\1.22.0\opentelemetry-sdk-1.22.0.jar;C:\Users\WINDOWS 10\.m2\repository\io\opentelemetry\opentelemetry-semconv\1.22.0-alpha\opentelemetry-semconv-1.22.0-alpha.jar;C:\Users\WINDOWS 10\.m2\repository\io\ous\jtoml\2.0.0\jtoml-2.0.0.jar;C:\Users\WINDOWS 10\.m2\repository\org\apache\commons\commons-exec\1.3\commons-exec-1.3.jar;C:\Users\WINDOWS 10\.m2\repository\org\asynchttpclient\async-http-client\2.12.3\async-http-client-2.12.3.jar;C:\Users\WINDOWS 10\.m2\repository\org\asynchttpclient\async-http-client-netty-utils\2.12.3\async-http-client-netty-utils-2.12.3.jar;C:\Users\WINDOWS 10\.m2\repository\io\netty\netty-codec-socks\4.1.60.Final\netty-codec-socks-4.1.60.Final.jar;C:\Users\WINDOWS 10\.m2\repository\io\netty\netty-handler-proxy\4.1.60.Final\netty-handler-proxy-4.1.60.Final.jar;C:\Users\WINDOWS 10\.m2\repository\io\netty\netty-transport-native-epoll\4.1.60.Final\netty-transport-native-epoll-4.1.60.Final-linux-x86_64.jar;C:\Users\WINDOWS 10\.m2\repository\io\netty\netty-transport-native-kqueue\4.1.60.Final\netty-transport-native-kqueue-4.1.60.Final-osx-x86_64.jar;C:\Users\WINDOWS 10\.m2\repository\org\reactivestreams\reactive-streams\1.0.3\reactive-streams-1.0.3.jar;C:\Users\WINDOWS 10\.m2\repository\com\typesafe\netty\netty-reactive-streams\2.0.4\netty-reactive-streams-2.0.4.jar;C:\Users\WINDOWS 10\.m2\repository\org\seleniumhq\selenium\selenium-manager\4.8.1\selenium-manager-4.8.1.jar;C:\Users\WINDOWS 10\.m2\repository\org\seleniumhq\selenium\selenium-safari-driver\4.8.1\selenium-safari-driver-4.8.1.jar;C:\Users\WINDOWS 10\.m2\repository\org\seleniumhq\selenium\selenium-api\4.8.1\selenium-api-4.8.1.jar;C:\Users\WINDOWS 10\.m2\repository\org\seleniumhq\selenium\selenium-support\4.8.1\selenium-support-4.8.1.jar;C:\Users\WINDOWS 10\.m2\repository\com\google\auto\service\auto-service-annotations\1.0.1\auto-service-annotations-1.0.1.jar;C:\Users\WINDOWS 10\.m2\repository\com\google\auto\service\auto-service\1.0.1\auto-service-1.0.1.jar;C:\Users\WINDOWS 10\.m2\repository\com\google\auto\auto-common\1.2\auto-common-1.2.jar;C:\Users\WINDOWS 10\.m2\repository\org\seleniumhq\selenium\selenium-json\4.8.1\selenium-json-4.8.1.jar;C:\Users\WINDOWS 10\.m2\repository\org\seleniumhq\selenium\selenium-chrome-driver\4.8.1\selenium-chrome-driver-4.8.1.jar;C:\Users\WINDOWS 10\.m2\repository\org\seleniumhq\selenium\selenium-chromium-driver\4.8.1\selenium-chromium-driver-4.8.1.jar;C:\Users\WINDOWS 10\.m2\repository\org\seleniumhq\selenium\selenium-firefox-driver\4.8.1\selenium-firefox-driver-4.8.1.jar;C:\Users\WINDOWS 10\.m2\repository\org\seleniumhq\selenium\selenium-http\4.8.1\selenium-http-4.8.1.jar;C:\Users\WINDOWS 10\.m2\repository\dev\failsafe\failsafe\3.3.0\failsafe-3.3.0.jar;C:\Users\WINDOWS 10\.m2\repository\org\seleniumhq\selenium\selenium-edge-driver\4.8.1\selenium-edge-driver-4.8.1.jar;C:\Users\WINDOWS 10\.m2\repository\org\seleniumhq\selenium\selenium-ie-driver\4.8.1\selenium-ie-driver-4.8.1.jar;C:\Users\WINDOWS 10\.m2\repository\org\projectlombok\lombok\1.18.20\lombok-1.18.20.jar;C:\Users\WINDOWS 10\.m2\repository\io\appium\java-client\8.3.0\java-client-8.3.0.jar;C:\Users\WINDOWS 10\.m2\repository\commons-validator\commons-validator\1.7\commons-validator-1.7.jar;C:\Users\WINDOWS 10\.m2\repository\commons-digester\commons-digester\2.1\commons-digester-2.1.jar;C:\Users\WINDOWS 10\.m2\repository\net\sf\opencsv\opencsv\2.0\opencsv-2.0.jar;C:\Users\WINDOWS 10\.m2\repository\commons-beanutils\commons-beanutils\1.9.4\commons-beanutils-1.9.4.jar;C:\Users\WINDOWS 10\.m2\repository\org\apache\commons\commons-lang3\3.12.0\commons-lang3-3.12.0.jar;C:\Users\WINDOWS 10\.m2\repository\commons-collections\commons-collections\3.2.2\commons-collections-3.2.2.jar;C:\Users\WINDOWS 10\.m2\repository\org\fluentlenium\fluentlenium-core\0.10.2\fluentlenium-core-0.10.2.jar;C:\Users\WINDOWS 10\.m2\repository\io\github\bonigarcia\webdrivermanager\5.3.0\webdrivermanager-5.3.0.jar;C:\Users\WINDOWS 10\.m2\repository\com\github\docker-java\docker-java\3.2.13\docker-java-3.2.13.jar;C:\Users\WINDOWS 10\.m2\repository\com\github\docker-java\docker-java-core\3.2.13\docker-java-core-3.2.13.jar;C:\Users\WINDOWS 10\.m2\repository\com\github\docker-java\docker-java-api\3.2.13\docker-java-api-3.2.13.jar;C:\Users\WINDOWS 10\.m2\repository\org\apache\commons\commons-compress\1.21\commons-compress-1.21.jar;C:\Users\WINDOWS 10\.m2\repository\org\bouncycastle\bcpkix-jdk15on\1.64\bcpkix-jdk15on-1.64.jar;C:\Users\WINDOWS 10\.m2\repository\org\bouncycastle\bcprov-jdk15on\1.64\bcprov-jdk15on-1.64.jar;C:\Users\WINDOWS 10\.m2\repository\org\slf4j\jcl-over-slf4j\1.7.30\jcl-over-slf4j-1.7.30.jar;C:\Users\WINDOWS 10\.m2\repository\com\github\docker-java\docker-java-transport-httpclient5\3.2.13\docker-java-transport-httpclient5-3.2.13.jar;C:\Users\WINDOWS 10\.m2\repository\com\github\docker-java\docker-java-transport\3.2.13\docker-java-transport-3.2.13.jar;C:\Users\WINDOWS 10\.m2\repository\net\java\dev\jna\jna\5.8.0\jna-5.8.0.jar;C:\Users\WINDOWS 10\.m2\repository\org\brotli\dec\0.1.2\dec-0.1.2.jar;C:\Users\WINDOWS 10\.m2\repository\org\apache\httpcomponents\client5\httpclient5\5.1.3\httpclient5-5.1.3.jar;C:\Users\WINDOWS 10\.m2\repository\org\apache\httpcomponents\core5\httpcore5\5.1.3\httpcore5-5.1.3.jar;C:\Users\WINDOWS 10\.m2\repository\org\apache\httpcomponents\core5\httpcore5-h2\5.1.3\httpcore5-h2-5.1.3.jar;C:\Users\WINDOWS 10\.m2\repository\com\jhlabs\filters\2.0.235\filters-2.0.235.jar;C:\Users\WINDOWS 10\.m2\repository\com\paulhammant\ngwebdriver\1.1.6\ngwebdriver-1.1.6.jar;C:\Users\WINDOWS 10\.m2\repository\joda-time\joda-time\2.12.2\joda-time-2.12.2.jar;C:\Users\WINDOWS 10\.m2\repository\org\hamcrest\hamcrest\2.2\hamcrest-2.2.jar;C:\Users\WINDOWS 10\.m2\repository\com\google\jimfs\jimfs\1.2\jimfs-1.2.jar;C:\Users\WINDOWS 10\.m2\repository\org\mockito\mockito-core\3.3.3\mockito-core-3.3.3.jar;C:\Users\WINDOWS 10\.m2\repository\javax\xml\bind\jaxb-api\2.3.1\jaxb-api-2.3.1.jar;C:\Users\WINDOWS 10\.m2\repository\javax\activation\javax.activation-api\1.2.0\javax.activation-api-1.2.0.jar;C:\Users\WINDOWS 10\.m2\repository\com\sun\xml\bind\jaxb-core\2.3.0.1\jaxb-core-2.3.0.1.jar;C:\Users\WINDOWS 10\.m2\repository\com\sun\xml\bind\jaxb-impl\2.3.3\jaxb-impl-2.3.3.jar;C:\Users\WINDOWS 10\.m2\repository\jakarta\xml\bind\jakarta.xml.bind-api\2.3.3\jakarta.xml.bind-api-2.3.3.jar;C:\Users\WINDOWS 10\.m2\repository\com\sun\activation\jakarta.activation\1.2.2\jakarta.activation-1.2.2.jar;C:\Users\WINDOWS 10\.m2\repository\javax\activation\activation\1.1.1\activation-1.1.1.jar;C:\Users\WINDOWS 10\.m2\repository\net\serenity-bdd\serenity-cucumber\3.6.21\serenity-cucumber-3.6.21.jar;C:\Users\WINDOWS 10\.m2\repository\io\cucumber\cucumber-core\7.11.0\cucumber-core-7.11.0.jar;C:\Users\WINDOWS 10\.m2\repository\io\cucumber\cucumber-gherkin\7.11.0\cucumber-gherkin-7.11.0.jar;C:\Users\WINDOWS 10\.m2\repository\io\cucumber\cucumber-gherkin-messages\7.11.0\cucumber-gherkin-messages-7.11.0.jar;C:\Users\WINDOWS 10\.m2\repository\io\cucumber\gherkin\26.0.3\gherkin-26.0.3.jar;C:\Users\WINDOWS 10\.m2\repository\io\cucumber\messages\21.0.1\messages-21.0.1.jar;C:\Users\WINDOWS 10\.m2\repository\io\cucumber\tag-expressions\5.0.1\tag-expressions-5.0.1.jar;C:\Users\WINDOWS 10\.m2\repository\io\cucumber\cucumber-expressions\16.1.1\cucumber-expressions-16.1.1.jar;C:\Users\WINDOWS 10\.m2\repository\io\cucumber\datatable\7.11.0\datatable-7.11.0.jar;C:\Users\WINDOWS 10\.m2\repository\io\cucumber\cucumber-plugin\7.11.0\cucumber-plugin-7.11.0.jar;C:\Users\WINDOWS 10\.m2\repository\io\cucumber\docstring\7.11.0\docstring-7.11.0.jar;C:\Users\WINDOWS 10\.m2\repository\io\cucumber\html-formatter\20.2.1\html-formatter-20.2.1.jar;C:\Users\WINDOWS 10\.m2\repository\io\cucumber\junit-xml-formatter\0.1.0\junit-xml-formatter-0.1.0.jar;C:\Users\WINDOWS 10\.m2\repository\io\cucumber\ci-environment\9.1.0\ci-environment-9.1.0.jar;C:\Users\WINDOWS 10\.m2\repository\io\cucumber\cucumber-java\7.11.0\cucumber-java-7.11.0.jar;C:\Users\WINDOWS 10\.m2\repository\io\cucumber\cucumber-junit\7.11.0\cucumber-junit-7.11.0.jar;C:\Users\WINDOWS 10\.m2\repository\org\apache\commons\commons-csv\1.5\commons-csv-1.5.jar;C:\Users\WINDOWS 10\.m2\repository\net\serenity-bdd\serenity-screenplay\3.6.21\serenity-screenplay-3.6.21.jar;C:\Users\WINDOWS 10\.m2\repository\net\serenity-bdd\serenity-screenplay-webdriver\3.6.21\serenity-screenplay-webdriver-3.6.21.jar;C:\Users\WINDOWS 10\.m2\repository\net\serenity-bdd\serenity-ensure\3.6.21\serenity-ensure-3.6.21.jar;C:\Users\WINDOWS 10\.m2\repository\net\serenity-bdd\serenity-junit\3.6.21\serenity-junit-3.6.21.jar;C:\Users\WINDOWS 10\.m2\repository\org\jetbrains\kotlin\kotlin-stdlib\1.8.10\kotlin-stdlib-1.8.10.jar;C:\Users\WINDOWS 10\.m2\repository\org\jetbrains\kotlin\kotlin-stdlib-common\1.8.10\kotlin-stdlib-common-1.8.10.jar;C:\Users\WINDOWS 10\.m2\repository\org\jetbrains\annotations\13.0\annotations-13.0.jar;C:\Users\WINDOWS 10\.m2\repository\org\junit\platform\junit-platform-launcher\1.8.2\junit-platform-launcher-1.8.2.jar;C:\Users\WINDOWS 10\.m2\repository\org\junit\platform\junit-platform-engine\1.8.2\junit-platform-engine-1.8.2.jar;C:\Users\WINDOWS 10\.m2\repository\org\junit\platform\junit-platform-commons\1.8.2\junit-platform-commons-1.8.2.jar;C:\Users\WINDOWS 10\.m2\repository\org\apiguardian\apiguardian-api\1.1.2\apiguardian-api-1.1.2.jar;C:\Users\WINDOWS 10\.m2\repository\org\junit\jupiter\junit-jupiter-engine\5.8.2\junit-jupiter-engine-5.8.2.jar;C:\Users\WINDOWS 10\.m2\repository\org\junit\jupiter\junit-jupiter-api\5.8.2\junit-jupiter-api-5.8.2.jar;C:\Users\WINDOWS 10\.m2\repository\org\junit\vintage\junit-vintage-engine\5.8.2\junit-vintage-engine-5.8.2.jar;C:\Users\WINDOWS 10\.m2\repository\junit\junit\4.13.2\junit-4.13.2.jar;C:\Users\WINDOWS 10\.m2\repository\org\hamcrest\hamcrest-core\1.3\hamcrest-core-1.3.jar;C:\Users\WINDOWS 10\.m2\repository\ch\qos\logback\logback-classic\1.2.10\logback-classic-1.2.10.jar;C:\Users\WINDOWS 10\.m2\repository\ch\qos\logback\logback-core\1.2.10\logback-core-1.2.10.jar;C:\Users\WINDOWS 10\.m2\repository\org\slf4j\slf4j-api\1.7.32\slf4j-api-1.7.32.jar;C:\Users\WINDOWS 10\.m2\repository\org\assertj\assertj-core\3.23.1\assertj-core-3.23.1.jar;C:\Users\WINDOWS 10\.m2\repository\net\bytebuddy\byte-buddy\1.12.10\byte-buddy-1.12.10.jar;C:\Users\WINDOWS 10\.m2\repository\com\googlecode\json-simple\json-simple\1.1.1\json-simple-1.1.1.jar;"/>
    <property name="sun.cpu.endian" value="little"/>
    <property name="user.home" value="C:\Users\WINDOWS 10"/>
    <property name="user.language" value="en"/>
    <property name="java.specification.vendor" value="Oracle Corporation"/>
    <property name="jdk.module.path" value="C:\Users\WINDOWS 10\Documents\GitHub\MiniProject_QE\API\minpro\target\minpro-1.0-SNAPSHOT.jar"/>
    <property name="java.version.date" value="2020-09-15"/>
    <property name="java.home" value="C:\Program Files\Java\jdk-15"/>
    <property name="file.separator" value="\"/>
    <property name="basedir" value="C:\Users\WINDOWS 10\Documents\GitHub\MiniProject_QE\API\minpro"/>
    <property name="java.vm.compressedOopsMode" value="Zero based"/>
    <property name="line.separator" value="&#10;"/>
    <property name="java.vm.specification.vendor" value="Oracle Corporation"/>
    <property name="java.specification.name" value="Java Platform API Specification"/>
    <property name="surefire.real.class.path" value="C:\Users\WINDOWS 10\.m2\repository\org\apache\maven\surefire\surefire-booter\3.0.0-M5\surefire-booter-3.0.0-M5.jar;C:\Users\WINDOWS 10\.m2\repository\org\apache\maven\surefire\surefire-api\3.0.0-M5\surefire-api-3.0.0-M5.jar;C:\Users\WINDOWS 10\.m2\repository\org\apache\maven\surefire\surefire-logger-api\3.0.0-M5\surefire-logger-api-3.0.0-M5.jar;C:\Users\WINDOWS 10\.m2\repository\org\apache\maven\surefire\surefire-shared-utils\3.0.0-M4\surefire-shared-utils-3.0.0-M4.jar;C:\Users\WINDOWS 10\.m2\repository\org\apache\maven\surefire\surefire-extensions-spi\3.0.0-M5\surefire-extensions-spi-3.0.0-M5.jar;C:\Users\WINDOWS 10\Documents\GitHub\MiniProject_QE\API\minpro\target\test-classes;C:\Users\WINDOWS 10\.m2\repository\net\serenity-bdd\serenity-rest-assured\3.6.22\serenity-rest-assured-3.6.22.jar;C:\Users\WINDOWS 10\.m2\repository\org\apache\httpcomponents\httpclient\4.5.13\httpclient-4.5.13.jar;C:\Users\WINDOWS 10\.m2\repository\org\apache\httpcomponents\httpcore\4.4.13\httpcore-4.4.13.jar;C:\Users\WINDOWS 10\.m2\repository\commons-logging\commons-logging\1.2\commons-logging-1.2.jar;C:\Users\WINDOWS 10\.m2\repository\io\rest-assured\rest-assured\5.3.0\rest-assured-5.3.0.jar;C:\Users\WINDOWS 10\.m2\repository\org\apache\httpcomponents\httpmime\4.5.13\httpmime-4.5.13.jar;C:\Users\WINDOWS 10\.m2\repository\org\ccil\cowan\tagsoup\tagsoup\1.2.1\tagsoup-1.2.1.jar;C:\Users\WINDOWS 10\.m2\repository\io\rest-assured\json-path\5.3.0\json-path-5.3.0.jar;C:\Users\WINDOWS 10\.m2\repository\io\rest-assured\rest-assured-common\5.3.0\rest-assured-common-5.3.0.jar;C:\Users\WINDOWS 10\.m2\repository\io\rest-assured\xml-path\5.3.0\xml-path-5.3.0.jar;C:\Users\WINDOWS 10\.m2\repository\org\apache\groovy\groovy-json\4.0.10\groovy-json-4.0.10.jar;C:\Users\WINDOWS 10\.m2\repository\org\apache\groovy\groovy-xml\4.0.10\groovy-xml-4.0.10.jar;C:\Users\WINDOWS 10\.m2\repository\org\apache\groovy\groovy\4.0.10\groovy-4.0.10.jar;C:\Users\WINDOWS 10\.m2\repository\org\opentest4j\opentest4j\1.2.0\opentest4j-1.2.0.jar;C:\Users\WINDOWS 10\.m2\repository\net\serenity-bdd\serenity-core\3.6.21\serenity-core-3.6.21.jar;C:\Users\WINDOWS 10\.m2\repository\net\serenity-bdd\serenity-model\3.6.21\serenity-model-3.6.21.jar;C:\Users\WINDOWS 10\.m2\repository\org\apache\commons\commons-text\1.10.0\commons-text-1.10.0.jar;C:\Users\WINDOWS 10\.m2\repository\commons-net\commons-net\3.9.0\commons-net-3.9.0.jar;C:\Users\WINDOWS 10\.m2\repository\com\google\guava\guava\31.1-jre\guava-31.1-jre.jar;C:\Users\WINDOWS 10\.m2\repository\com\google\guava\failureaccess\1.0.1\failureaccess-1.0.1.jar;C:\Users\WINDOWS 10\.m2\repository\com\google\guava\listenablefuture\9999.0-empty-to-avoid-conflict-with-guava\listenablefuture-9999.0-empty-to-avoid-conflict-with-guava.jar;C:\Users\WINDOWS 10\.m2\repository\com\google\code\findbugs\jsr305\3.0.2\jsr305-3.0.2.jar;C:\Users\WINDOWS 10\.m2\repository\org\checkerframework\checker-qual\3.12.0\checker-qual-3.12.0.jar;C:\Users\WINDOWS 10\.m2\repository\com\google\errorprone\error_prone_annotations\2.11.0\error_prone_annotations-2.11.0.jar;C:\Users\WINDOWS 10\.m2\repository\com\google\j2objc\j2objc-annotations\1.3\j2objc-annotations-1.3.jar;C:\Users\WINDOWS 10\.m2\repository\com\google\inject\guice\5.1.0\guice-5.1.0.jar;C:\Users\WINDOWS 10\.m2\repository\javax\inject\javax.inject\1\javax.inject-1.jar;C:\Users\WINDOWS 10\.m2\repository\aopalliance\aopalliance\1.0\aopalliance-1.0.jar;C:\Users\WINDOWS 10\.m2\repository\org\jsoup\jsoup\1.14.3\jsoup-1.14.3.jar;C:\Users\WINDOWS 10\.m2\repository\com\thoughtworks\xstream\xstream\1.4.20\xstream-1.4.20.jar;C:\Users\WINDOWS 10\.m2\repository\io\github\x-stream\mxparser\1.2.2\mxparser-1.2.2.jar;C:\Users\WINDOWS 10\.m2\repository\xmlpull\xmlpull\1.1.3.1\xmlpull-1.1.3.1.jar;C:\Users\WINDOWS 10\.m2\repository\com\typesafe\config\1.4.2\config-1.4.2.jar;C:\Users\WINDOWS 10\.m2\repository\org\imgscalr\imgscalr-lib\4.2\imgscalr-lib-4.2.jar;C:\Users\WINDOWS 10\.m2\repository\org\awaitility\awaitility\4.2.0\awaitility-4.2.0.jar;C:\Users\WINDOWS 10\.m2\repository\org\freemarker\freemarker\2.3.31\freemarker-2.3.31.jar;C:\Users\WINDOWS 10\.m2\repository\io\github\classgraph\classgraph\4.8.138\classgraph-4.8.138.jar;C:\Users\WINDOWS 10\.m2\repository\net\sourceforge\jexcelapi\jxl\2.6.12\jxl-2.6.12.jar;C:\Users\WINDOWS 10\.m2\repository\net\bytebuddy\byte-buddy-agent\1.14.2\byte-buddy-agent-1.14.2.jar;C:\Users\WINDOWS 10\.m2\repository\org\objenesis\objenesis\3.3\objenesis-3.3.jar;C:\Users\WINDOWS 10\.m2\repository\net\serenity-bdd\serenity-reports\3.6.21\serenity-reports-3.6.21.jar;C:\Users\WINDOWS 10\.m2\repository\net\serenity-bdd\serenity-stats\3.6.21\serenity-stats-3.6.21.jar;C:\Users\WINDOWS 10\.m2\repository\net\serenity-bdd\serenity-reports-configuration\3.6.21\serenity-reports-configuration-3.6.21.jar;C:\Users\WINDOWS 10\.m2\repository\com\vladsch\flexmark\flexmark-all\0.62.2\flexmark-all-0.62.2.jar;C:\Users\WINDOWS 10\.m2\repository\com\vladsch\flexmark\flexmark\0.62.2\flexmark-0.62.2.jar;C:\Users\WINDOWS 10\.m2\repository\com\vladsch\flexmark\flexmark-ext-abbreviation\0.62.2\flexmark-ext-abbreviation-0.62.2.jar;C:\Users\WINDOWS 10\.m2\repository\com\vladsch\flexmark\flexmark-util\0.62.2\flexmark-util-0.62.2.jar;C:\Users\WINDOWS 10\.m2\repository\com\vladsch\flexmark\flexmark-ext-admonition\0.62.2\flexmark-ext-admonition-0.62.2.jar;C:\Users\WINDOWS 10\.m2\repository\com\vladsch\flexmark\flexmark-ext-anchorlink\0.62.2\flexmark-ext-anchorlink-0.62.2.jar;C:\Users\WINDOWS 10\.m2\repository\com\vladsch\flexmark\flexmark-ext-aside\0.62.2\flexmark-ext-aside-0.62.2.jar;C:\Users\WINDOWS 10\.m2\repository\com\vladsch\flexmark\flexmark-ext-attributes\0.62.2\flexmark-ext-attributes-0.62.2.jar;C:\Users\WINDOWS 10\.m2\repository\com\vladsch\flexmark\flexmark-ext-autolink\0.62.2\flexmark-ext-autolink-0.62.2.jar;C:\Users\WINDOWS 10\.m2\repository\org\nibor\autolink\autolink\0.6.0\autolink-0.6.0.jar;C:\Users\WINDOWS 10\.m2\repository\com\vladsch\flexmark\flexmark-ext-definition\0.62.2\flexmark-ext-definition-0.62.2.jar;C:\Users\WINDOWS 10\.m2\repository\com\vladsch\flexmark\flexmark-ext-emoji\0.62.2\flexmark-ext-emoji-0.62.2.jar;C:\Users\WINDOWS 10\.m2\repository\com\vladsch\flexmark\flexmark-ext-enumerated-reference\0.62.2\flexmark-ext-enumerated-reference-0.62.2.jar;C:\Users\WINDOWS 10\.m2\repository\com\vladsch\flexmark\flexmark-ext-escaped-character\0.62.2\flexmark-ext-escaped-character-0.62.2.jar;C:\Users\WINDOWS 10\.m2\repository\com\vladsch\flexmark\flexmark-ext-footnotes\0.62.2\flexmark-ext-footnotes-0.62.2.jar;C:\Users\WINDOWS 10\.m2\repository\com\vladsch\flexmark\flexmark-ext-gfm-issues\0.62.2\flexmark-ext-gfm-issues-0.62.2.jar;C:\Users\WINDOWS 10\.m2\repository\com\vladsch\flexmark\flexmark-ext-gfm-strikethrough\0.62.2\flexmark-ext-gfm-strikethrough-0.62.2.jar;C:\Users\WINDOWS 10\.m2\repository\com\vladsch\flexmark\flexmark-ext-gfm-tasklist\0.62.2\flexmark-ext-gfm-tasklist-0.62.2.jar;C:\Users\WINDOWS 10\.m2\repository\com\vladsch\flexmark\flexmark-ext-gfm-users\0.62.2\flexmark-ext-gfm-users-0.62.2.jar;C:\Users\WINDOWS 10\.m2\repository\com\vladsch\flexmark\flexmark-ext-gitlab\0.62.2\flexmark-ext-gitlab-0.62.2.jar;C:\Users\WINDOWS 10\.m2\repository\com\vladsch\flexmark\flexmark-ext-jekyll-front-matter\0.62.2\flexmark-ext-jekyll-front-matter-0.62.2.jar;C:\Users\WINDOWS 10\.m2\repository\com\vladsch\flexmark\flexmark-ext-jekyll-tag\0.62.2\flexmark-ext-jekyll-tag-0.62.2.jar;C:\Users\WINDOWS 10\.m2\repository\com\vladsch\flexmark\flexmark-ext-media-tags\0.62.2\flexmark-ext-media-tags-0.62.2.jar;C:\Users\WINDOWS 10\.m2\repository\com\vladsch\flexmark\flexmark-ext-macros\0.62.2\flexmark-ext-macros-0.62.2.jar;C:\Users\WINDOWS 10\.m2\repository\com\vladsch\flexmark\flexmark-ext-ins\0.62.2\flexmark-ext-ins-0.62.2.jar;C:\Users\WINDOWS 10\.m2\repository\com\vladsch\flexmark\flexmark-ext-xwiki-macros\0.62.2\flexmark-ext-xwiki-macros-0.62.2.jar;C:\Users\WINDOWS 10\.m2\repository\com\vladsch\flexmark\flexmark-ext-superscript\0.62.2\flexmark-ext-superscript-0.62.2.jar;C:\Users\WINDOWS 10\.m2\repository\com\vladsch\flexmark\flexmark-ext-tables\0.62.2\flexmark-ext-tables-0.62.2.jar;C:\Users\WINDOWS 10\.m2\repository\com\vladsch\flexmark\flexmark-ext-toc\0.62.2\flexmark-ext-toc-0.62.2.jar;C:\Users\WINDOWS 10\.m2\repository\com\vladsch\flexmark\flexmark-ext-typographic\0.62.2\flexmark-ext-typographic-0.62.2.jar;C:\Users\WINDOWS 10\.m2\repository\com\vladsch\flexmark\flexmark-ext-wikilink\0.62.2\flexmark-ext-wikilink-0.62.2.jar;C:\Users\WINDOWS 10\.m2\repository\com\vladsch\flexmark\flexmark-ext-yaml-front-matter\0.62.2\flexmark-ext-yaml-front-matter-0.62.2.jar;C:\Users\WINDOWS 10\.m2\repository\com\vladsch\flexmark\flexmark-ext-youtube-embedded\0.62.2\flexmark-ext-youtube-embedded-0.62.2.jar;C:\Users\WINDOWS 10\.m2\repository\com\vladsch\flexmark\flexmark-html2md-converter\0.62.2\flexmark-html2md-converter-0.62.2.jar;C:\Users\WINDOWS 10\.m2\repository\com\vladsch\flexmark\flexmark-jira-converter\0.62.2\flexmark-jira-converter-0.62.2.jar;C:\Users\WINDOWS 10\.m2\repository\com\vladsch\flexmark\flexmark-pdf-converter\0.62.2\flexmark-pdf-converter-0.62.2.jar;C:\Users\WINDOWS 10\.m2\repository\com\openhtmltopdf\openhtmltopdf-core\1.0.0\openhtmltopdf-core-1.0.0.jar;C:\Users\WINDOWS 10\.m2\repository\com\openhtmltopdf\openhtmltopdf-pdfbox\1.0.0\openhtmltopdf-pdfbox-1.0.0.jar;C:\Users\WINDOWS 10\.m2\repository\org\apache\pdfbox\pdfbox\2.0.16\pdfbox-2.0.16.jar;C:\Users\WINDOWS 10\.m2\repository\org\apache\pdfbox\fontbox\2.0.16\fontbox-2.0.16.jar;C:\Users\WINDOWS 10\.m2\repository\org\apache\pdfbox\xmpbox\2.0.16\xmpbox-2.0.16.jar;C:\Users\WINDOWS 10\.m2\repository\de\rototor\pdfbox\graphics2d\0.24\graphics2d-0.24.jar;C:\Users\WINDOWS 10\.m2\repository\com\openhtmltopdf\openhtmltopdf-rtl-support\1.0.0\openhtmltopdf-rtl-support-1.0.0.jar;C:\Users\WINDOWS 10\.m2\repository\com\openhtmltopdf\openhtmltopdf-jsoup-dom-converter\1.0.0\openhtmltopdf-jsoup-dom-converter-1.0.0.jar;C:\Users\WINDOWS 10\.m2\repository\com\vladsch\flexmark\flexmark-profile-pegdown\0.62.2\flexmark-profile-pegdown-0.62.2.jar;C:\Users\WINDOWS 10\.m2\repository\com\vladsch\flexmark\flexmark-util-ast\0.62.2\flexmark-util-ast-0.62.2.jar;C:\Users\WINDOWS 10\.m2\repository\com\vladsch\flexmark\flexmark-util-builder\0.62.2\flexmark-util-builder-0.62.2.jar;C:\Users\WINDOWS 10\.m2\repository\com\vladsch\flexmark\flexmark-util-collection\0.62.2\flexmark-util-collection-0.62.2.jar;C:\Users\WINDOWS 10\.m2\repository\com\vladsch\flexmark\flexmark-util-data\0.62.2\flexmark-util-data-0.62.2.jar;C:\Users\WINDOWS 10\.m2\repository\com\vladsch\flexmark\flexmark-util-dependency\0.62.2\flexmark-util-dependency-0.62.2.jar;C:\Users\WINDOWS 10\.m2\repository\com\vladsch\flexmark\flexmark-util-format\0.62.2\flexmark-util-format-0.62.2.jar;C:\Users\WINDOWS 10\.m2\repository\com\vladsch\flexmark\flexmark-util-html\0.62.2\flexmark-util-html-0.62.2.jar;C:\Users\WINDOWS 10\.m2\repository\com\vladsch\flexmark\flexmark-util-misc\0.62.2\flexmark-util-misc-0.62.2.jar;C:\Users\WINDOWS 10\.m2\repository\com\vladsch\flexmark\flexmark-util-options\0.62.2\flexmark-util-options-0.62.2.jar;C:\Users\WINDOWS 10\.m2\repository\com\vladsch\flexmark\flexmark-util-sequence\0.62.2\flexmark-util-sequence-0.62.2.jar;C:\Users\WINDOWS 10\.m2\repository\com\vladsch\flexmark\flexmark-util-visitor\0.62.2\flexmark-util-visitor-0.62.2.jar;C:\Users\WINDOWS 10\.m2\repository\com\vladsch\flexmark\flexmark-youtrack-converter\0.62.2\flexmark-youtrack-converter-0.62.2.jar;C:\Users\WINDOWS 10\.m2\repository\com\ibm\icu\icu4j\72.1\icu4j-72.1.jar;C:\Users\WINDOWS 10\.m2\repository\es\nitaur\markdown\txtmark\0.16\txtmark-0.16.jar;C:\Users\WINDOWS 10\.m2\repository\net\serenity-bdd\serenity-report-resources\3.6.21\serenity-report-resources-3.6.21.jar;C:\Users\WINDOWS 10\.m2\repository\com\google\code\gson\gson\2.10.1\gson-2.10.1.jar;C:\Users\WINDOWS 10\.m2\repository\com\fasterxml\jackson\core\jackson-core\2.15.0-rc1\jackson-core-2.15.0-rc1.jar;C:\Users\WINDOWS 10\.m2\repository\com\fasterxml\jackson\core\jackson-databind\2.15.0-rc1\jackson-databind-2.15.0-rc1.jar;C:\Users\WINDOWS 10\.m2\repository\com\fasterxml\jackson\core\jackson-annotations\2.15.0-rc1\jackson-annotations-2.15.0-rc1.jar;C:\Users\WINDOWS 10\.m2\repository\commons-codec\commons-codec\1.15\commons-codec-1.15.jar;C:\Users\WINDOWS 10\.m2\repository\commons-io\commons-io\2.11.0\commons-io-2.11.0.jar;C:\Users\WINDOWS 10\.m2\repository\org\seleniumhq\selenium\selenium-java\4.8.1\selenium-java-4.8.1.jar;C:\Users\WINDOWS 10\.m2\repository\org\seleniumhq\selenium\selenium-devtools-v108\4.8.1\selenium-devtools-v108-4.8.1.jar;C:\Users\WINDOWS 10\.m2\repository\org\seleniumhq\selenium\selenium-devtools-v109\4.8.1\selenium-devtools-v109-4.8.1.jar;C:\Users\WINDOWS 10\.m2\repository\org\seleniumhq\selenium\selenium-devtools-v110\4.8.1\selenium-devtools-v110-4.8.1.jar;C:\Users\WINDOWS 10\.m2\repository\org\seleniumhq\selenium\selenium-devtools-v85\4.8.1\selenium-devtools-v85-4.8.1.jar;C:\Users\WINDOWS 10\.m2\repository\org\seleniumhq\selenium\selenium-remote-driver\4.8.1\selenium-remote-driver-4.8.1.jar;C:\Users\WINDOWS 10\.m2\repository\com\beust\jcommander\1.82\jcommander-1.82.jar;C:\Users\WINDOWS 10\.m2\repository\io\netty\netty-buffer\4.1.87.Final\netty-buffer-4.1.87.Final.jar;C:\Users\WINDOWS 10\.m2\repository\io\netty\netty-codec-http\4.1.87.Final\netty-codec-http-4.1.87.Final.jar;C:\Users\WINDOWS 10\.m2\repository\io\netty\netty-codec\4.1.87.Final\netty-codec-4.1.87.Final.jar;C:\Users\WINDOWS 10\.m2\repository\io\netty\netty-handler\4.1.87.Final\netty-handler-4.1.87.Final.jar;C:\Users\WINDOWS 10\.m2\repository\io\netty\netty-common\4.1.87.Final\netty-common-4.1.87.Final.jar;C:\Users\WINDOWS 10\.m2\repository\io\netty\netty-transport-classes-epoll\4.1.87.Final\netty-transport-classes-epoll-4.1.87.Final.jar;C:\Users\WINDOWS 10\.m2\repository\io\netty\netty-transport-classes-kqueue\4.1.87.Final\netty-transport-classes-kqueue-4.1.87.Final.jar;C:\Users\WINDOWS 10\.m2\repository\io\netty\netty-transport-native-epoll\4.1.87.Final\netty-transport-native-epoll-4.1.87.Final.jar;C:\Users\WINDOWS 10\.m2\repository\io\netty\netty-transport-native-kqueue\4.1.87.Final\netty-transport-native-kqueue-4.1.87.Final.jar;C:\Users\WINDOWS 10\.m2\repository\io\netty\netty-transport-native-unix-common\4.1.87.Final\netty-transport-native-unix-common-4.1.87.Final.jar;C:\Users\WINDOWS 10\.m2\repository\io\netty\netty-transport\4.1.87.Final\netty-transport-4.1.87.Final.jar;C:\Users\WINDOWS 10\.m2\repository\io\netty\netty-resolver\4.1.87.Final\netty-resolver-4.1.87.Final.jar;C:\Users\WINDOWS 10\.m2\repository\io\opentelemetry\opentelemetry-api\1.22.0\opentelemetry-api-1.22.0.jar;C:\Users\WINDOWS 10\.m2\repository\io\opentelemetry\opentelemetry-context\1.22.0\opentelemetry-context-1.22.0.jar;C:\Users\WINDOWS 10\.m2\repository\io\opentelemetry\opentelemetry-exporter-logging\1.22.0\opentelemetry-exporter-logging-1.22.0.jar;C:\Users\WINDOWS 10\.m2\repository\io\opentelemetry\opentelemetry-sdk-metrics\1.22.0\opentelemetry-sdk-metrics-1.22.0.jar;C:\Users\WINDOWS 10\.m2\repository\io\opentelemetry\opentelemetry-sdk-logs\1.22.0-alpha\opentelemetry-sdk-logs-1.22.0-alpha.jar;C:\Users\WINDOWS 10\.m2\repository\io\opentelemetry\opentelemetry-api-logs\1.22.0-alpha\opentelemetry-api-logs-1.22.0-alpha.jar;C:\Users\WINDOWS 10\.m2\repository\io\opentelemetry\opentelemetry-sdk-common\1.22.0\opentelemetry-sdk-common-1.22.0.jar;C:\Users\WINDOWS 10\.m2\repository\io\opentelemetry\opentelemetry-sdk-extension-autoconfigure-spi\1.22.0\opentelemetry-sdk-extension-autoconfigure-spi-1.22.0.jar;C:\Users\WINDOWS 10\.m2\repository\io\opentelemetry\opentelemetry-sdk-extension-autoconfigure\1.22.0-alpha\opentelemetry-sdk-extension-autoconfigure-1.22.0-alpha.jar;C:\Users\WINDOWS 10\.m2\repository\io\opentelemetry\opentelemetry-sdk-trace\1.22.0\opentelemetry-sdk-trace-1.22.0.jar;C:\Users\WINDOWS 10\.m2\repository\io\opentelemetry\opentelemetry-sdk\1.22.0\opentelemetry-sdk-1.22.0.jar;C:\Users\WINDOWS 10\.m2\repository\io\opentelemetry\opentelemetry-semconv\1.22.0-alpha\opentelemetry-semconv-1.22.0-alpha.jar;C:\Users\WINDOWS 10\.m2\repository\io\ous\jtoml\2.0.0\jtoml-2.0.0.jar;C:\Users\WINDOWS 10\.m2\repository\org\apache\commons\commons-exec\1.3\commons-exec-1.3.jar;C:\Users\WINDOWS 10\.m2\repository\org\asynchttpclient\async-http-client\2.12.3\async-http-client-2.12.3.jar;C:\Users\WINDOWS 10\.m2\repository\org\asynchttpclient\async-http-client-netty-utils\2.12.3\async-http-client-netty-utils-2.12.3.jar;C:\Users\WINDOWS 10\.m2\repository\io\netty\netty-codec-socks\4.1.60.Final\netty-codec-socks-4.1.60.Final.jar;C:\Users\WINDOWS 10\.m2\repository\io\netty\netty-handler-proxy\4.1.60.Final\netty-handler-proxy-4.1.60.Final.jar;C:\Users\WINDOWS 10\.m2\repository\io\netty\netty-transport-native-epoll\4.1.60.Final\netty-transport-native-epoll-4.1.60.Final-linux-x86_64.jar;C:\Users\WINDOWS 10\.m2\repository\io\netty\netty-transport-native-kqueue\4.1.60.Final\netty-transport-native-kqueue-4.1.60.Final-osx-x86_64.jar;C:\Users\WINDOWS 10\.m2\repository\org\reactivestreams\reactive-streams\1.0.3\reactive-streams-1.0.3.jar;C:\Users\WINDOWS 10\.m2\repository\com\typesafe\netty\netty-reactive-streams\2.0.4\netty-reactive-streams-2.0.4.jar;C:\Users\WINDOWS 10\.m2\repository\org\seleniumhq\selenium\selenium-manager\4.8.1\selenium-manager-4.8.1.jar;C:\Users\WINDOWS 10\.m2\repository\org\seleniumhq\selenium\selenium-safari-driver\4.8.1\selenium-safari-driver-4.8.1.jar;C:\Users\WINDOWS 10\.m2\repository\org\seleniumhq\selenium\selenium-api\4.8.1\selenium-api-4.8.1.jar;C:\Users\WINDOWS 10\.m2\repository\org\seleniumhq\selenium\selenium-support\4.8.1\selenium-support-4.8.1.jar;C:\Users\WINDOWS 10\.m2\repository\com\google\auto\service\auto-service-annotations\1.0.1\auto-service-annotations-1.0.1.jar;C:\Users\WINDOWS 10\.m2\repository\com\google\auto\service\auto-service\1.0.1\auto-service-1.0.1.jar;C:\Users\WINDOWS 10\.m2\repository\com\google\auto\auto-common\1.2\auto-common-1.2.jar;C:\Users\WINDOWS 10\.m2\repository\org\seleniumhq\selenium\selenium-json\4.8.1\selenium-json-4.8.1.jar;C:\Users\WINDOWS 10\.m2\repository\org\seleniumhq\selenium\selenium-chrome-driver\4.8.1\selenium-chrome-driver-4.8.1.jar;C:\Users\WINDOWS 10\.m2\repository\org\seleniumhq\selenium\selenium-chromium-driver\4.8.1\selenium-chromium-driver-4.8.1.jar;C:\Users\WINDOWS 10\.m2\repository\org\seleniumhq\selenium\selenium-firefox-driver\4.8.1\selenium-firefox-driver-4.8.1.jar;C:\Users\WINDOWS 10\.m2\repository\org\seleniumhq\selenium\selenium-http\4.8.1\selenium-http-4.8.1.jar;C:\Users\WINDOWS 10\.m2\repository\dev\failsafe\failsafe\3.3.0\failsafe-3.3.0.jar;C:\Users\WINDOWS 10\.m2\repository\org\seleniumhq\selenium\selenium-edge-driver\4.8.1\selenium-edge-driver-4.8.1.jar;C:\Users\WINDOWS 10\.m2\repository\org\seleniumhq\selenium\selenium-ie-driver\4.8.1\selenium-ie-driver-4.8.1.jar;C:\Users\WINDOWS 10\.m2\repository\org\projectlombok\lombok\1.18.20\lombok-1.18.20.jar;C:\Users\WINDOWS 10\.m2\repository\io\appium\java-client\8.3.0\java-client-8.3.0.jar;C:\Users\WINDOWS 10\.m2\repository\commons-validator\commons-validator\1.7\commons-validator-1.7.jar;C:\Users\WINDOWS 10\.m2\repository\commons-digester\commons-digester\2.1\commons-digester-2.1.jar;C:\Users\WINDOWS 10\.m2\repository\net\sf\opencsv\opencsv\2.0\opencsv-2.0.jar;C:\Users\WINDOWS 10\.m2\repository\commons-beanutils\commons-beanutils\1.9.4\commons-beanutils-1.9.4.jar;C:\Users\WINDOWS 10\.m2\repository\org\apache\commons\commons-lang3\3.12.0\commons-lang3-3.12.0.jar;C:\Users\WINDOWS 10\.m2\repository\commons-collections\commons-collections\3.2.2\commons-collections-3.2.2.jar;C:\Users\WINDOWS 10\.m2\repository\org\fluentlenium\fluentlenium-core\0.10.2\fluentlenium-core-0.10.2.jar;C:\Users\WINDOWS 10\.m2\repository\io\github\bonigarcia\webdrivermanager\5.3.0\webdrivermanager-5.3.0.jar;C:\Users\WINDOWS 10\.m2\repository\com\github\docker-java\docker-java\3.2.13\docker-java-3.2.13.jar;C:\Users\WINDOWS 10\.m2\repository\com\github\docker-java\docker-java-core\3.2.13\docker-java-core-3.2.13.jar;C:\Users\WINDOWS 10\.m2\repository\com\github\docker-java\docker-java-api\3.2.13\docker-java-api-3.2.13.jar;C:\Users\WINDOWS 10\.m2\repository\org\apache\commons\commons-compress\1.21\commons-compress-1.21.jar;C:\Users\WINDOWS 10\.m2\repository\org\bouncycastle\bcpkix-jdk15on\1.64\bcpkix-jdk15on-1.64.jar;C:\Users\WINDOWS 10\.m2\repository\org\bouncycastle\bcprov-jdk15on\1.64\bcprov-jdk15on-1.64.jar;C:\Users\WINDOWS 10\.m2\repository\org\slf4j\jcl-over-slf4j\1.7.30\jcl-over-slf4j-1.7.30.jar;C:\Users\WINDOWS 10\.m2\repository\com\github\docker-java\docker-java-transport-httpclient5\3.2.13\docker-java-transport-httpclient5-3.2.13.jar;C:\Users\WINDOWS 10\.m2\repository\com\github\docker-java\docker-java-transport\3.2.13\docker-java-transport-3.2.13.jar;C:\Users\WINDOWS 10\.m2\repository\net\java\dev\jna\jna\5.8.0\jna-5.8.0.jar;C:\Users\WINDOWS 10\.m2\repository\org\brotli\dec\0.1.2\dec-0.1.2.jar;C:\Users\WINDOWS 10\.m2\repository\org\apache\httpcomponents\client5\httpclient5\5.1.3\httpclient5-5.1.3.jar;C:\Users\WINDOWS 10\.m2\repository\org\apache\httpcomponents\core5\httpcore5\5.1.3\httpcore5-5.1.3.jar;C:\Users\WINDOWS 10\.m2\repository\org\apache\httpcomponents\core5\httpcore5-h2\5.1.3\httpcore5-h2-5.1.3.jar;C:\Users\WINDOWS 10\.m2\repository\com\jhlabs\filters\2.0.235\filters-2.0.235.jar;C:\Users\WINDOWS 10\.m2\repository\com\paulhammant\ngwebdriver\1.1.6\ngwebdriver-1.1.6.jar;C:\Users\WINDOWS 10\.m2\repository\joda-time\joda-time\2.12.2\joda-time-2.12.2.jar;C:\Users\WINDOWS 10\.m2\repository\org\hamcrest\hamcrest\2.2\hamcrest-2.2.jar;C:\Users\WINDOWS 10\.m2\repository\com\google\jimfs\jimfs\1.2\jimfs-1.2.jar;C:\Users\WINDOWS 10\.m2\repository\org\mockito\mockito-core\3.3.3\mockito-core-3.3.3.jar;C:\Users\WINDOWS 10\.m2\repository\javax\xml\bind\jaxb-api\2.3.1\jaxb-api-2.3.1.jar;C:\Users\WINDOWS 10\.m2\repository\javax\activation\javax.activation-api\1.2.0\javax.activation-api-1.2.0.jar;C:\Users\WINDOWS 10\.m2\repository\com\sun\xml\bind\jaxb-core\2.3.0.1\jaxb-core-2.3.0.1.jar;C:\Users\WINDOWS 10\.m2\repository\com\sun\xml\bind\jaxb-impl\2.3.3\jaxb-impl-2.3.3.jar;C:\Users\WINDOWS 10\.m2\repository\jakarta\xml\bind\jakarta.xml.bind-api\2.3.3\jakarta.xml.bind-api-2.3.3.jar;C:\Users\WINDOWS 10\.m2\repository\com\sun\activation\jakarta.activation\1.2.2\jakarta.activation-1.2.2.jar;C:\Users\WINDOWS 10\.m2\repository\javax\activation\activation\1.1.1\activation-1.1.1.jar;C:\Users\WINDOWS 10\.m2\repository\net\serenity-bdd\serenity-cucumber\3.6.21\serenity-cucumber-3.6.21.jar;C:\Users\WINDOWS 10\.m2\repository\io\cucumber\cucumber-core\7.11.0\cucumber-core-7.11.0.jar;C:\Users\WINDOWS 10\.m2\repository\io\cucumber\cucumber-gherkin\7.11.0\cucumber-gherkin-7.11.0.jar;C:\Users\WINDOWS 10\.m2\repository\io\cucumber\cucumber-gherkin-messages\7.11.0\cucumber-gherkin-messages-7.11.0.jar;C:\Users\WINDOWS 10\.m2\repository\io\cucumber\gherkin\26.0.3\gherkin-26.0.3.jar;C:\Users\WINDOWS 10\.m2\repository\io\cucumber\messages\21.0.1\messages-21.0.1.jar;C:\Users\WINDOWS 10\.m2\repository\io\cucumber\tag-expressions\5.0.1\tag-expressions-5.0.1.jar;C:\Users\WINDOWS 10\.m2\repository\io\cucumber\cucumber-expressions\16.1.1\cucumber-expressions-16.1.1.jar;C:\Users\WINDOWS 10\.m2\repository\io\cucumber\datatable\7.11.0\datatable-7.11.0.jar;C:\Users\WINDOWS 10\.m2\repository\io\cucumber\cucumber-plugin\7.11.0\cucumber-plugin-7.11.0.jar;C:\Users\WINDOWS 10\.m2\repository\io\cucumber\docstring\7.11.0\docstring-7.11.0.jar;C:\Users\WINDOWS 10\.m2\repository\io\cucumber\html-formatter\20.2.1\html-formatter-20.2.1.jar;C:\Users\WINDOWS 10\.m2\repository\io\cucumber\junit-xml-formatter\0.1.0\junit-xml-formatter-0.1.0.jar;C:\Users\WINDOWS 10\.m2\repository\io\cucumber\ci-environment\9.1.0\ci-environment-9.1.0.jar;C:\Users\WINDOWS 10\.m2\repository\io\cucumber\cucumber-java\7.11.0\cucumber-java-7.11.0.jar;C:\Users\WINDOWS 10\.m2\repository\io\cucumber\cucumber-junit\7.11.0\cucumber-junit-7.11.0.jar;C:\Users\WINDOWS 10\.m2\repository\org\apache\commons\commons-csv\1.5\commons-csv-1.5.jar;C:\Users\WINDOWS 10\.m2\repository\net\serenity-bdd\serenity-screenplay\3.6.21\serenity-screenplay-3.6.21.jar;C:\Users\WINDOWS 10\.m2\repository\net\serenity-bdd\serenity-screenplay-webdriver\3.6.21\serenity-screenplay-webdriver-3.6.21.jar;C:\Users\WINDOWS 10\.m2\repository\net\serenity-bdd\serenity-ensure\3.6.21\serenity-ensure-3.6.21.jar;C:\Users\WINDOWS 10\.m2\repository\net\serenity-bdd\serenity-junit\3.6.21\serenity-junit-3.6.21.jar;C:\Users\WINDOWS 10\.m2\repository\org\jetbrains\kotlin\kotlin-stdlib\1.8.10\kotlin-stdlib-1.8.10.jar;C:\Users\WINDOWS 10\.m2\repository\org\jetbrains\kotlin\kotlin-stdlib-common\1.8.10\kotlin-stdlib-common-1.8.10.jar;C:\Users\WINDOWS 10\.m2\repository\org\jetbrains\annotations\13.0\annotations-13.0.jar;C:\Users\WINDOWS 10\.m2\repository\org\junit\platform\junit-platform-launcher\1.8.2\junit-platform-launcher-1.8.2.jar;C:\Users\WINDOWS 10\.m2\repository\org\junit\platform\junit-platform-engine\1.8.2\junit-platform-engine-1.8.2.jar;C:\Users\WINDOWS 10\.m2\repository\org\junit\platform\junit-platform-commons\1.8.2\junit-platform-commons-1.8.2.jar;C:\Users\WINDOWS 10\.m2\repository\org\apiguardian\apiguardian-api\1.1.2\apiguardian-api-1.1.2.jar;C:\Users\WINDOWS 10\.m2\repository\org\junit\jupiter\junit-jupiter-engine\5.8.2\junit-jupiter-engine-5.8.2.jar;C:\Users\WINDOWS 10\.m2\repository\org\junit\jupiter\junit-jupiter-api\5.8.2\junit-jupiter-api-5.8.2.jar;C:\Users\WINDOWS 10\.m2\repository\org\junit\vintage\junit-vintage-engine\5.8.2\junit-vintage-engine-5.8.2.jar;C:\Users\WINDOWS 10\.m2\repository\junit\junit\4.13.2\junit-4.13.2.jar;C:\Users\WINDOWS 10\.m2\repository\org\hamcrest\hamcrest-core\1.3\hamcrest-core-1.3.jar;C:\Users\WINDOWS 10\.m2\repository\ch\qos\logback\logback-classic\1.2.10\logback-classic-1.2.10.jar;C:\Users\WINDOWS 10\.m2\repository\ch\qos\logback\logback-core\1.2.10\logback-core-1.2.10.jar;C:\Users\WINDOWS 10\.m2\repository\org\slf4j\slf4j-api\1.7.32\slf4j-api-1.7.32.jar;C:\Users\WINDOWS 10\.m2\repository\org\assertj\assertj-core\3.23.1\assertj-core-3.23.1.jar;C:\Users\WINDOWS 10\.m2\repository\net\bytebuddy\byte-buddy\1.12.10\byte-buddy-1.12.10.jar;C:\Users\WINDOWS 10\.m2\repository\com\googlecode\json-simple\json-simple\1.1.1\json-simple-1.1.1.jar;C:\Users\WINDOWS 10\.m2\repository\org\apache\maven\surefire\surefire-junit-platform\3.0.0-M5\surefire-junit-platform-3.0.0-M5.jar;C:\Users\WINDOWS 10\.m2\repository\org\apache\maven\surefire\common-java5\3.0.0-M5\common-java5-3.0.0-M5.jar"/>
    <property name="user.script" value=""/>
    <property name="sun.management.compiler" value="HotSpot 64-Bit Tiered Compilers"/>
    <property name="java.runtime.version" value="15+36-1562"/>
    <property name="user.name" value="WINDOWS 10"/>
    <property name="path.separator" value=";"/>
    <property name="os.version" value="10.0"/>
    <property name="java.runtime.name" value="Java(TM) SE Runtime Environment"/>
    <property name="file.encoding" value="Cp1252"/>
    <property name="webdriver.base.url" value=""/>
    <property name="java.vm.name" value="Java HotSpot(TM) 64-Bit Server VM"/>
    <property name="localRepository" value="C:\Users\WINDOWS 10\.m2\repository"/>
    <property name="java.vendor.url.bug" value="https://bugreport.java.com/bugreport/"/>
    <property name="java.io.tmpdir" value="C:\Users\WINDOW~1\AppData\Local\Temp\"/>
    <property name="java.version" value="15"/>
    <property name="user.dir" value="C:\Users\WINDOWS 10\Documents\GitHub\MiniProject_QE\API\minpro"/>
    <property name="os.arch" value="amd64"/>
    <property name="java.vm.specification.name" value="Java Virtual Machine Specification"/>
    <property name="sun.os.patch.level" value=""/>
    <property name="java.library.path" value="C:\Program Files\Java\jdk-15\bin;C:\WINDOWS\Sun\Java\bin;C:\WINDOWS\system32;C:\WINDOWS;C:\Program Files\Common Files\Oracle\Java\javapath;C:\Program Files (x86)\Common Files\Oracle\Java\javapath;C:\WINDOWS\system32;C:\WINDOWS;C:\WINDOWS\System32\Wbem;C:\WINDOWS\System32\WindowsPowerShell\v1.0\;C:\WINDOWS\System32\OpenSSH\;F:\PerCoolyeahan\Instalasi\XAMPP\php;C:\Program Files\Git\cmd;C:\ProgramData\ComposerSetup\bin;C:\Program Files\nodejs\;C:\PROGRA~1\IBM\SQLLIB~1\BIN;C:\PROGRA~1\IBM\SQLLIB~1\FUNCTION;C:\PROGRA~1\IBM\SQLLIB~1\SAMPLES\REPL;C:\Program Files\Cloudflare\Cloudflare WARP\;C:\Program Files\apache-maven-3.9.1\bin;C:\Users\WINDOWS 10\AppData\Local\Android\Sdk\tools;C:\Users\WINDOWS 10\AppData\Local\Android\Sdk\tools\bin;C:\Users\WINDOWS 10\AppData\Local\Android\Sdk\platform\tools;C:\Program Files\Gradle\gradle-8.1\bin;C:\Program Files\MySQL\MySQL Shell 8.0\bin\;C:\Users\WINDOWS 10\AppData\Local\Microsoft\WindowsApps;C:\Users\WINDOWS 10\AppData\Local\Programs\Microsoft VS Code\bin;C:\Users\WINDOWS 10\AppData\Roaming\Composer\vendor\bin;C:\Users\WINDOWS 10\AppData\Roaming\npm;C:\Users\WINDOWS 10\AppData\Local\GitHubDesktop\bin;C:\Users\WINDOWS 10\AppData\Local\spicetify;C:\Users\WINDOWS 10\AppData\Local\Android\Sdk\tools;C:\Users\WINDOWS 10\AppData\Local\Android\Sdk\tools\bin;C:\Users\WINDOWS 10\AppData\Local\Android\Sdk\platform-tools;C:\Program Files\Gradle\gradle-8.1\bin;;."/>
    <property name="java.vm.info" value="mixed mode"/>
    <property name="java.vendor" value="Oracle Corporation"/>
    <property name="java.vm.version" value="15+36-1562"/>
    <property name="sun.io.unicode.encoding" value="UnicodeLittle"/>
    <property name="java.class.version" value="59.0"/>
  </properties>
  <testcase name="POST - Register with valid data" classname="Register" time="3.005">
    <system-out><![CDATA[10:30:53.118 [main] DEBUG net.thucydides.core.guice.Injectors - Created injector for module net.thucydides.core.guice.ThucydidesModule
10:30:53.393 [main] DEBUG io.cucumber.core.plugin.SerenityReporter - Running feature from file:///C:/Users/WINDOWS%2010/Documents/GitHub/MiniProject_QE/API/minpro/src/test/resources/features/1.%20Register.feature
10:30:53.528 [main] DEBUG net.thucydides.core.guice.Injectors - Created injector for module net.thucydides.core.guice.webdriver.WebDriverModule
10:30:53.539 [main] INFO  - 

-------------------------------------------------------------------------------------
     _______. _______ .______       _______ .__   __.  __  .___________.____    ____ 
    /       ||   ____||   _  \     |   ____||  \ |  | |  | |           |\   \  /   / 
   |   (----`|  |__   |  |_)  |    |  |__   |   \|  | |  | `---|  |----` \   \/   /  
    \   \    |   __|  |      /     |   __|  |  . `  | |  |     |  |       \_    _/   
.----)   |   |  |____ |  |\  \----.|  |____ |  |\   | |  |     |  |         |  |     
|_______/    |_______|| _| `._____||_______||__| \__| |__|     |__|         |__|    
                                                                                     
 News and tutorials at http://www.serenity-bdd.info                                  
 Documentation at https://wakaleo.gitbooks.io/the-serenity-book/content/             
 Join the Serenity Community on Gitter: https://gitter.im/serenity-bdd/serenity-core 
 Serenity BDD Support and Training at http://serenity-bdd.info/#/trainingandsupport  
-------------------------------------------------------------------------------------

10:30:53.542 [main] DEBUG net.thucydides.core.steps.StepEventBus - Test suite started for story net.thucydides.core.model.Story@773abe6e
10:30:53.544 [main] INFO  - Test Suite Started: Register
10:30:53.554 [main] DEBUG io.cucumber.core.plugin.SerenityReporter - Running feature from file:///C:/Users/WINDOWS%2010/Documents/GitHub/MiniProject_QE/API/minpro/src/test/resources/features/2.%20Login.feature
10:30:53.558 [main] DEBUG net.thucydides.core.steps.StepEventBus - Test suite started for story net.thucydides.core.model.Story@86b1dd01
10:30:53.559 [main] INFO  - Test Suite Started: Login
10:30:53.559 [main] DEBUG io.cucumber.core.plugin.SerenityReporter - Running feature from file:///C:/Users/WINDOWS%2010/Documents/GitHub/MiniProject_QE/API/minpro/src/test/resources/features/3.%20User.feature
10:30:53.563 [main] DEBUG net.thucydides.core.steps.StepEventBus - Test suite started for story net.thucydides.core.model.Story@11e807f1
10:30:53.563 [main] INFO  - Test Suite Started: User Information
10:30:53.563 [main] DEBUG io.cucumber.core.plugin.SerenityReporter - Running feature from file:///C:/Users/WINDOWS%2010/Documents/GitHub/MiniProject_QE/API/minpro/src/test/resources/features/4.%20Categories.feature
10:30:53.567 [main] DEBUG net.thucydides.core.steps.StepEventBus - Test suite started for story net.thucydides.core.model.Story@1b5f86d1
10:30:53.568 [main] INFO  - Test Suite Started: Categories
10:30:53.568 [main] DEBUG io.cucumber.core.plugin.SerenityReporter - Running feature from file:///C:/Users/WINDOWS%2010/Documents/GitHub/MiniProject_QE/API/minpro/src/test/resources/features/5.%20Product.feature
10:30:53.572 [main] DEBUG net.thucydides.core.steps.StepEventBus - Test suite started for story net.thucydides.core.model.Story@5c78189e
10:30:53.572 [main] INFO  - Test Suite Started: Product
10:30:53.573 [main] DEBUG io.cucumber.core.plugin.SerenityReporter - Running feature from file:///C:/Users/WINDOWS%2010/Documents/GitHub/MiniProject_QE/API/minpro/src/test/resources/features/6.%20Order.feature
10:30:53.576 [main] DEBUG net.thucydides.core.steps.StepEventBus - Test suite started for story net.thucydides.core.model.Story@421cad1d
10:30:53.577 [main] INFO  - Test Suite Started: Order
10:30:53.577 [main] DEBUG io.cucumber.core.plugin.SerenityReporter - Running feature from file:///C:/Users/WINDOWS%2010/Documents/GitHub/MiniProject_QE/API/minpro/src/test/resources/features/7.%20Rating.feature
10:30:53.580 [main] DEBUG net.thucydides.core.steps.StepEventBus - Test suite started for story net.thucydides.core.model.Story@a2cc97b4
10:30:53.580 [main] INFO  - Test Suite Started: Rating
10:30:53.581 [main] DEBUG io.cucumber.core.plugin.SerenityReporter - Running feature from file:///C:/Users/WINDOWS%2010/Documents/GitHub/MiniProject_QE/API/minpro/src/test/resources/features/8.%20Comment.feature
10:30:53.584 [main] DEBUG net.thucydides.core.steps.StepEventBus - Test suite started for story net.thucydides.core.model.Story@8ea159bb
10:30:53.585 [main] INFO  - Test Suite Started: Comment
10:30:53.585 [main] DEBUG io.cucumber.core.plugin.SerenityReporter - Running feature from file:///C:/Users/WINDOWS%2010/Documents/GitHub/MiniProject_QE/API/minpro/src/test/resources/features/1.%20Register.feature
10:30:53.588 [main] DEBUG net.thucydides.core.steps.StepEventBus - Test suite started for story net.thucydides.core.model.Story@773abe6e
10:30:53.588 [main] INFO  - Test Suite Started: Register

Scenario: POST - Register with valid data              &amp#27;[90m# src/test/resources/features/1. Register.feature:7&amp#27;[0m
10:30:53.665 [main] DEBUG io.cucumber.core.plugin.SerenityReporter - Running feature from file:///C:/Users/WINDOWS%2010/Documents/GitHub/MiniProject_QE/API/minpro/src/test/resources/features/1.%20Register.feature
10:30:53.764 [main] INFO  - 
  _____   ___   ___   _____     ___   _____     _     ___   _____   ___   ___  
 |_   _| | __| / __| |_   _|   / __| |_   _|   /_\   | _ \ |_   _| | __| |   \ 
   | |   | _|  \__ \   | |     \__ \   | |    / _ \  |   /   | |   | _|  | |) |
   |_|   |___| |___/   |_|     |___/   |_|   /_/ \_\ |_|_\   |_|   |___| |___/ 

POST - Register with valid data(register;post---register-with-valid-data)
--------------------------------------------------------------------------------
10:30:53.820 [main] DEBUG net.thucydides.core.requirements.model.cucumber.CucumberParser - Loading feature C:\Users\WINDOWS 10\Documents\GitHub\MiniProject_QE\API\minpro\src\test\resources\features\1. Register.feature
10:30:53.834 [main] DEBUG net.thucydides.core.requirements.model.cucumber.CucumberParser - Loading feature C:\Users\WINDOWS 10\Documents\GitHub\MiniProject_QE\API\minpro\src\test\resources\features\2. Login.feature
10:30:53.839 [main] DEBUG net.thucydides.core.requirements.model.cucumber.CucumberParser - Loading feature C:\Users\WINDOWS 10\Documents\GitHub\MiniProject_QE\API\minpro\src\test\resources\features\3. User.feature
10:30:53.843 [main] DEBUG net.thucydides.core.requirements.model.cucumber.CucumberParser - Loading feature C:\Users\WINDOWS 10\Documents\GitHub\MiniProject_QE\API\minpro\src\test\resources\features\4. Categories.feature
10:30:53.848 [main] DEBUG net.thucydides.core.requirements.model.cucumber.CucumberParser - Loading feature C:\Users\WINDOWS 10\Documents\GitHub\MiniProject_QE\API\minpro\src\test\resources\features\5. Product.feature
10:30:53.852 [main] DEBUG net.thucydides.core.requirements.model.cucumber.CucumberParser - Loading feature C:\Users\WINDOWS 10\Documents\GitHub\MiniProject_QE\API\minpro\src\test\resources\features\6. Order.feature
10:30:53.856 [main] DEBUG net.thucydides.core.requirements.model.cucumber.CucumberParser - Loading feature C:\Users\WINDOWS 10\Documents\GitHub\MiniProject_QE\API\minpro\src\test\resources\features\7. Rating.feature
10:30:53.861 [main] DEBUG net.thucydides.core.requirements.model.cucumber.CucumberParser - Loading feature C:\Users\WINDOWS 10\Documents\GitHub\MiniProject_QE\API\minpro\src\test\resources\features\8. Comment.feature
10:30:54.268 [main] DEBUG net.thucydides.core.steps.StepInterceptor - STARTING STEP: RegisterSteps.setPostApiEndpointsRegister - I set POST api endpoints register
10:30:54.271 [main] DEBUG net.thucydides.core.steps.StepInterceptor - STEP DONE: I set POST api endpoints register
  &amp#27;[32mGiven &amp#27;[0m&amp#27;[32mI set POST api endpoints register&amp#27;[0m              &amp#27;[90m# starter.stepdefinitions.RegisterSteps.setPostApiEndpointsRegister()&amp#27;[0m
10:30:54.281 [main] DEBUG net.thucydides.core.steps.StepInterceptor - STARTING STEP: RegisterSteps.sendPostHttpRequestRegister - I send POST HTTP request register
10:30:55.696 [main] DEBUG net.thucydides.core.steps.StepInterceptor - STARTING STEP: Register.sendPostHttpRequestRegister - I set POST api endpoints register
10:30:55.696 [main] DEBUG net.thucydides.core.steps.StepInterceptor - STEP DONE: I set POST api endpoints register
10:30:56.262 [main] DEBUG org.apache.http.impl.conn.BasicClientConnectionManager - Get connection for route {s}->https://altashop-api.fly.dev:443
10:30:56.275 [main] DEBUG org.apache.http.impl.conn.DefaultClientConnectionOperator - Connecting to altashop-api.fly.dev:443
10:30:56.471 [main] DEBUG org.apache.http.client.protocol.RequestAddCookies - CookieSpec selected: ignoreCookies
10:30:56.472 [main] DEBUG org.apache.http.client.protocol.RequestAuthCache - Auth cache not set in the context
10:30:56.472 [main] DEBUG org.apache.http.client.protocol.RequestTargetAuthentication - Target auth state: UNCHALLENGED
10:30:56.472 [main] DEBUG org.apache.http.client.protocol.RequestProxyAuthentication - Proxy auth state: UNCHALLENGED
10:30:56.472 [main] DEBUG org.apache.http.impl.client.DefaultHttpClient - Attempt 1 to execute request
10:30:56.472 [main] DEBUG org.apache.http.impl.conn.DefaultClientConnection - Sending request: POST /api/auth/register HTTP/1.1
10:30:56.473 [main] DEBUG org.apache.http.wire -  >> "POST /api/auth/register HTTP/1.1[\r][\n]"
10:30:56.473 [main] DEBUG org.apache.http.wire -  >> "Accept: */*[\r][\n]"
10:30:56.473 [main] DEBUG org.apache.http.wire -  >> "Content-Type: application/json[\r][\n]"
10:30:56.473 [main] DEBUG org.apache.http.wire -  >> "Content-Length: 93[\r][\n]"
10:30:56.473 [main] DEBUG org.apache.http.wire -  >> "Host: altashop-api.fly.dev[\r][\n]"
10:30:56.473 [main] DEBUG org.apache.http.wire -  >> "Connection: Keep-Alive[\r][\n]"
10:30:56.474 [main] DEBUG org.apache.http.wire -  >> "User-Agent: Apache-HttpClient/4.5.13 (Java/15)[\r][\n]"
10:30:56.474 [main] DEBUG org.apache.http.wire -  >> "Accept-Encoding: gzip,deflate[\r][\n]"
10:30:56.474 [main] DEBUG org.apache.http.wire -  >> "[\r][\n]"
10:30:56.474 [main] DEBUG org.apache.http.headers - >> POST /api/auth/register HTTP/1.1
10:30:56.474 [main] DEBUG org.apache.http.headers - >> Accept: */*
10:30:56.474 [main] DEBUG org.apache.http.headers - >> Content-Type: application/json
10:30:56.474 [main] DEBUG org.apache.http.headers - >> Content-Length: 93
10:30:56.474 [main] DEBUG org.apache.http.headers - >> Host: altashop-api.fly.dev
10:30:56.474 [main] DEBUG org.apache.http.headers - >> Connection: Keep-Alive
10:30:56.474 [main] DEBUG org.apache.http.headers - >> User-Agent: Apache-HttpClient/4.5.13 (Java/15)
10:30:56.474 [main] DEBUG org.apache.http.headers - >> Accept-Encoding: gzip,deflate
10:30:56.474 [main] DEBUG org.apache.http.wire -  >> "{"password":"123123123","fullname":"Firstname Lastname","email":"someoneitwww1122@gmail.com"}"
10:30:56.516 [main] DEBUG org.apache.http.wire -  << "HTTP/1.1 200 OK[\r][\n]"
10:30:56.518 [main] DEBUG org.apache.http.wire -  << "content-type: application/json[\r][\n]"
10:30:56.518 [main] DEBUG org.apache.http.wire -  << "date: Sun, 07 May 2023 03:31:01 GMT[\r][\n]"
10:30:56.518 [main] DEBUG org.apache.http.wire -  << "content-encoding: gzip[\r][\n]"
10:30:56.518 [main] DEBUG org.apache.http.wire -  << "transfer-encoding: chunked[\r][\n]"
10:30:56.518 [main] DEBUG org.apache.http.wire -  << "server: Fly/3f2597ca (2023-05-03)[\r][\n]"
10:30:56.518 [main] DEBUG org.apache.http.wire -  << "via: 1.1 fly.io[\r][\n]"
10:30:56.518 [main] DEBUG org.apache.http.wire -  << "fly-request-id: 01GZT46GJ1AXMWW8915WF10VMW-sin[\r][\n]"
10:30:56.518 [main] DEBUG org.apache.http.wire -  << "[\r][\n]"
10:30:56.519 [main] DEBUG org.apache.http.impl.conn.DefaultClientConnection - Receiving response: HTTP/1.1 200 OK
10:30:56.519 [main] DEBUG org.apache.http.headers - << HTTP/1.1 200 OK
10:30:56.519 [main] DEBUG org.apache.http.headers - << content-type: application/json
10:30:56.519 [main] DEBUG org.apache.http.headers - << date: Sun, 07 May 2023 03:31:01 GMT
10:30:56.519 [main] DEBUG org.apache.http.headers - << content-encoding: gzip
10:30:56.519 [main] DEBUG org.apache.http.headers - << transfer-encoding: chunked
10:30:56.519 [main] DEBUG org.apache.http.headers - << server: Fly/3f2597ca (2023-05-03)
10:30:56.519 [main] DEBUG org.apache.http.headers - << via: 1.1 fly.io
10:30:56.519 [main] DEBUG org.apache.http.headers - << fly-request-id: 01GZT46GJ1AXMWW8915WF10VMW-sin
10:30:56.525 [main] DEBUG org.apache.http.impl.client.DefaultHttpClient - Connection can be kept alive indefinitely
10:30:56.528 [main] DEBUG io.restassured.internal.RestAssuredHttpBuilder - Parsing response as: application/json
10:30:56.529 [main] DEBUG org.apache.http.wire -  << "79[\r][\n]"
10:30:56.529 [main] DEBUG org.apache.http.wire -  << "[0x1f][0x8b][0x8][0x0][0x0][0x0][0x0][0x0][0x4][0xff][0xab]VJI,IT[0xb2][0xaa]V[0xf2]tQ[0xb2]2[0xb4][0xb4]44[0xd4]Qr+[0xcd][0xc9][0xc9]K[0xcc]MU[0xb2]Rr[0xcb],*.[0x1][0xb1][0x15]|[0x12]![0xc]%[0x1d]%[0xd7][0xdc][0xc4][0xcc][0x1c]%+[0xa5][0xe2][0xfc][0xdc][0xd4][0xfc][0xbc][0xd4][0xcc][0x92][0xf2][0xf2]rCC##[0x87]t[0x90][0x84]^r~[0xae][0x92][0x8e]R@bqqy~Q[0x8a][0x92][0x95][0x92][0xa1][0x91]1[0x4])[0xd5][0xd6]r[0x1][0x0][0x80]U[0xb8]dr[0x0][0x0][0x0]"
10:30:56.529 [main] DEBUG org.apache.http.wire -  << "[\r][\n]"
10:30:56.529 [main] DEBUG org.apache.http.wire -  << "0[\r][\n]"
10:30:56.529 [main] DEBUG org.apache.http.wire -  << "[\r][\n]"
10:30:56.529 [main] DEBUG io.restassured.internal.RestAssuredHttpBuilder - Parsed data to instance of: class org.apache.http.conn.EofSensorInputStream
10:30:56.558 [main] DEBUG org.apache.http.impl.conn.BasicClientConnectionManager - Releasing connection org.apache.http.impl.conn.ManagedClientConnectionImpl@229cb4d8
10:30:56.558 [main] DEBUG org.apache.http.impl.conn.BasicClientConnectionManager - Connection can be kept alive indefinitely
10:30:56.561 [main] DEBUG net.thucydides.core.steps.StepInterceptor - STEP DONE: I send POST HTTP request register
  &amp#27;[32mWhen &amp#27;[0m&amp#27;[32mI send POST HTTP request register&amp#27;[0m               &amp#27;[90m# starter.stepdefinitions.RegisterSteps.sendPostHttpRequestRegister()&amp#27;[0m
10:30:56.566 [main] DEBUG net.thucydides.core.steps.StepInterceptor - STARTING STEP: RegisterSteps.receiveValidHttp200Register - I receive valid HTTP response code 200 register
10:30:56.585 [main] DEBUG net.thucydides.core.steps.StepInterceptor - STEP DONE: I receive valid HTTP response code 200 register
  &amp#27;[32mThen &amp#27;[0m&amp#27;[32mI receive valid HTTP response code 200 register&amp#27;[0m &amp#27;[90m# starter.stepdefinitions.RegisterSteps.receiveValidHttp200Register()&amp#27;[0m
10:30:56.590 [main] INFO  - 
  _____   ___   ___   _____     ___     _     ___   ___   ___   ___  
 |_   _| | __| / __| |_   _|   | _ \   /_\   / __| / __| | __| |   \ 
   | |   | _|  \__ \   | |     |  _/  / _ \  \__ \ \__ \ | _|  | |) |
   |_|   |___| |___/   |_|     |_|   /_/ \_\ |___/ |___/ |___| |___/ 

POST - Register with valid data
----------------------------------------------------------------------
]]></system-out>
  </testcase>
  <testcase name="POST - Register without fullname" classname="Register" time="0.202">
    <system-out><![CDATA[
Scenario: POST - Register without fullname             &amp#27;[90m# src/test/resources/features/1. Register.feature:12&amp#27;[0m
10:30:56.606 [main] DEBUG io.cucumber.core.plugin.SerenityReporter - Running feature from file:///C:/Users/WINDOWS%2010/Documents/GitHub/MiniProject_QE/API/minpro/src/test/resources/features/1.%20Register.feature
10:30:56.611 [main] INFO  - 
  _____   ___   ___   _____     ___   _____     _     ___   _____   ___   ___  
 |_   _| | __| / __| |_   _|   / __| |_   _|   /_\   | _ \ |_   _| | __| |   \ 
   | |   | _|  \__ \   | |     \__ \   | |    / _ \  |   /   | |   | _|  | |) |
   |_|   |___| |___/   |_|     |___/   |_|   /_/ \_\ |_|_\   |_|   |___| |___/ 

POST - Register without fullname(register;post---register-without-fullname)
--------------------------------------------------------------------------------
10:30:56.628 [main] DEBUG net.thucydides.core.steps.StepInterceptor - STARTING STEP: RegisterSteps.setPostApiEndpointsRegister - I set POST api endpoints register
10:30:56.629 [main] DEBUG net.thucydides.core.steps.StepInterceptor - STEP DONE: I set POST api endpoints register
  &amp#27;[32mGiven &amp#27;[0m&amp#27;[32mI set POST api endpoints register&amp#27;[0m              &amp#27;[90m# starter.stepdefinitions.RegisterSteps.setPostApiEndpointsRegister()&amp#27;[0m
10:30:56.633 [main] DEBUG net.thucydides.core.steps.StepInterceptor - STARTING STEP: RegisterSteps.sendPostHttpRequestRegister2 - I send POST HTTP request register2
10:30:56.636 [main] DEBUG net.thucydides.core.steps.StepInterceptor - STARTING STEP: Register.sendPostHttpRequestRegister2 - I set POST api endpoints register
10:30:56.636 [main] DEBUG net.thucydides.core.steps.StepInterceptor - STEP DONE: I set POST api endpoints register
10:30:56.660 [main] DEBUG org.apache.http.impl.conn.BasicClientConnectionManager - Get connection for route {s}->https://altashop-api.fly.dev:443
10:30:56.660 [main] DEBUG org.apache.http.impl.conn.DefaultClientConnectionOperator - Connecting to altashop-api.fly.dev:443
10:30:56.740 [main] DEBUG org.apache.http.client.protocol.RequestAddCookies - CookieSpec selected: ignoreCookies
10:30:56.741 [main] DEBUG org.apache.http.client.protocol.RequestAuthCache - Auth cache not set in the context
10:30:56.741 [main] DEBUG org.apache.http.client.protocol.RequestTargetAuthentication - Target auth state: UNCHALLENGED
10:30:56.741 [main] DEBUG org.apache.http.client.protocol.RequestProxyAuthentication - Proxy auth state: UNCHALLENGED
10:30:56.741 [main] DEBUG org.apache.http.impl.client.DefaultHttpClient - Attempt 1 to execute request
10:30:56.741 [main] DEBUG org.apache.http.impl.conn.DefaultClientConnection - Sending request: POST /api/auth/register HTTP/1.1
10:30:56.741 [main] DEBUG org.apache.http.wire -  >> "POST /api/auth/register HTTP/1.1[\r][\n]"
10:30:56.741 [main] DEBUG org.apache.http.wire -  >> "Accept: */*[\r][\n]"
10:30:56.741 [main] DEBUG org.apache.http.wire -  >> "Content-Type: application/json[\r][\n]"
10:30:56.741 [main] DEBUG org.apache.http.wire -  >> "Content-Length: 66[\r][\n]"
10:30:56.741 [main] DEBUG org.apache.http.wire -  >> "Host: altashop-api.fly.dev[\r][\n]"
10:30:56.741 [main] DEBUG org.apache.http.wire -  >> "Connection: Keep-Alive[\r][\n]"
10:30:56.741 [main] DEBUG org.apache.http.wire -  >> "User-Agent: Apache-HttpClient/4.5.13 (Java/15)[\r][\n]"
10:30:56.741 [main] DEBUG org.apache.http.wire -  >> "Accept-Encoding: gzip,deflate[\r][\n]"
10:30:56.741 [main] DEBUG org.apache.http.wire -  >> "[\r][\n]"
10:30:56.741 [main] DEBUG org.apache.http.headers - >> POST /api/auth/register HTTP/1.1
10:30:56.741 [main] DEBUG org.apache.http.headers - >> Accept: */*
10:30:56.742 [main] DEBUG org.apache.http.headers - >> Content-Type: application/json
10:30:56.742 [main] DEBUG org.apache.http.headers - >> Content-Length: 66
10:30:56.742 [main] DEBUG org.apache.http.headers - >> Host: altashop-api.fly.dev
10:30:56.742 [main] DEBUG org.apache.http.headers - >> Connection: Keep-Alive
10:30:56.742 [main] DEBUG org.apache.http.headers - >> User-Agent: Apache-HttpClient/4.5.13 (Java/15)
10:30:56.742 [main] DEBUG org.apache.http.headers - >> Accept-Encoding: gzip,deflate
10:30:56.742 [main] DEBUG org.apache.http.wire -  >> "{"password":"123123","fullname":"","email":"someoneitw@gmail.com"}"
10:30:56.780 [main] DEBUG org.apache.http.wire -  << "HTTP/1.1 400 Bad Request[\r][\n]"
10:30:56.780 [main] DEBUG org.apache.http.wire -  << "content-type: application/json[\r][\n]"
10:30:56.780 [main] DEBUG org.apache.http.wire -  << "date: Sun, 07 May 2023 03:31:01 GMT[\r][\n]"
10:30:56.780 [main] DEBUG org.apache.http.wire -  << "content-encoding: gzip[\r][\n]"
10:30:56.780 [main] DEBUG org.apache.http.wire -  << "transfer-encoding: chunked[\r][\n]"
10:30:56.780 [main] DEBUG org.apache.http.wire -  << "server: Fly/3f2597ca (2023-05-03)[\r][\n]"
10:30:56.780 [main] DEBUG org.apache.http.wire -  << "via: 1.1 fly.io[\r][\n]"
10:30:56.780 [main] DEBUG org.apache.http.wire -  << "fly-request-id: 01GZT46GTD6PE8TX6N307EW6XC-sin[\r][\n]"
10:30:56.780 [main] DEBUG org.apache.http.wire -  << "[\r][\n]"
10:30:56.780 [main] DEBUG org.apache.http.impl.conn.DefaultClientConnection - Receiving response: HTTP/1.1 400 Bad Request
10:30:56.780 [main] DEBUG org.apache.http.headers - << HTTP/1.1 400 Bad Request
10:30:56.780 [main] DEBUG org.apache.http.headers - << content-type: application/json
10:30:56.780 [main] DEBUG org.apache.http.headers - << date: Sun, 07 May 2023 03:31:01 GMT
10:30:56.780 [main] DEBUG org.apache.http.headers - << content-encoding: gzip
10:30:56.780 [main] DEBUG org.apache.http.headers - << transfer-encoding: chunked
10:30:56.780 [main] DEBUG org.apache.http.headers - << server: Fly/3f2597ca (2023-05-03)
10:30:56.780 [main] DEBUG org.apache.http.headers - << via: 1.1 fly.io
10:30:56.781 [main] DEBUG org.apache.http.headers - << fly-request-id: 01GZT46GTD6PE8TX6N307EW6XC-sin
10:30:56.781 [main] DEBUG org.apache.http.impl.client.DefaultHttpClient - Connection can be kept alive indefinitely
10:30:56.781 [main] DEBUG io.restassured.internal.RestAssuredHttpBuilder - Parsing response as: application/json
10:30:56.781 [main] DEBUG org.apache.http.wire -  << "35[\r][\n]"
10:30:56.781 [main] DEBUG org.apache.http.wire -  << "[0x1f][0x8b][0x8][0x0][0x0][0x0][0x0][0x0][0x4][0xff][0xab]VJ-*[0xca]/R[0xb2]RJ+[0xcd][0xc9][0xc9]K[0xcc]MU[0xc8],V(J-,[0xcd],JMQ[0xaa][0xe5][0x2][0x0]ok4[0xc9]![0x0][0x0][0x0]"
10:30:56.781 [main] DEBUG org.apache.http.wire -  << "[\r][\n]"
10:30:56.782 [main] DEBUG org.apache.http.wire -  << "0[\r][\n]"
10:30:56.782 [main] DEBUG org.apache.http.wire -  << "[\r][\n]"
10:30:56.782 [main] DEBUG io.restassured.internal.RestAssuredHttpBuilder - Parsed data to instance of: class org.apache.http.conn.EofSensorInputStream
10:30:56.784 [main] DEBUG org.apache.http.impl.conn.BasicClientConnectionManager - Releasing connection org.apache.http.impl.conn.ManagedClientConnectionImpl@687e561b
10:30:56.784 [main] DEBUG org.apache.http.impl.conn.BasicClientConnectionManager - Connection can be kept alive indefinitely
10:30:56.785 [main] DEBUG net.thucydides.core.steps.StepInterceptor - STEP DONE: I send POST HTTP request register2
  &amp#27;[32mWhen &amp#27;[0m&amp#27;[32mI send POST HTTP request register2&amp#27;[0m              &amp#27;[90m# starter.stepdefinitions.RegisterSteps.sendPostHttpRequestRegister2()&amp#27;[0m
10:30:56.791 [main] DEBUG net.thucydides.core.steps.StepInterceptor - STARTING STEP: RegisterSteps.receiveValidHttp400Register - I receive valid HTTP response code 400 register
10:30:56.792 [main] DEBUG net.thucydides.core.steps.StepInterceptor - STEP DONE: I receive valid HTTP response code 400 register
  &amp#27;[32mThen &amp#27;[0m&amp#27;[32mI receive valid HTTP response code 400 register&amp#27;[0m &amp#27;[90m# starter.stepdefinitions.RegisterSteps.receiveValidHttp400Register()&amp#27;[0m
10:30:56.796 [main] INFO  - 
  _____   ___   ___   _____     ___     _     ___   ___   ___   ___  
 |_   _| | __| / __| |_   _|   | _ \   /_\   / __| / __| | __| |   \ 
   | |   | _|  \__ \   | |     |  _/  / _ \  \__ \ \__ \ | _|  | |) |
   |_|   |___| |___/   |_|     |_|   /_/ \_\ |___/ |___/ |___| |___/ 

POST - Register without fullname
----------------------------------------------------------------------
]]></system-out>
  </testcase>
  <testcase name="POST - Register without email" classname="Register" time="0.235">
    <system-out><![CDATA[
Scenario: POST - Register without email                &amp#27;[90m# src/test/resources/features/1. Register.feature:17&amp#27;[0m
10:30:56.809 [main] DEBUG io.cucumber.core.plugin.SerenityReporter - Running feature from file:///C:/Users/WINDOWS%2010/Documents/GitHub/MiniProject_QE/API/minpro/src/test/resources/features/1.%20Register.feature
10:30:56.814 [main] INFO  - 
  _____   ___   ___   _____     ___   _____     _     ___   _____   ___   ___  
 |_   _| | __| / __| |_   _|   / __| |_   _|   /_\   | _ \ |_   _| | __| |   \ 
   | |   | _|  \__ \   | |     \__ \   | |    / _ \  |   /   | |   | _|  | |) |
   |_|   |___| |___/   |_|     |___/   |_|   /_/ \_\ |_|_\   |_|   |___| |___/ 

POST - Register without email(register;post---register-without-email)
--------------------------------------------------------------------------------
10:30:56.830 [main] DEBUG net.thucydides.core.steps.StepInterceptor - STARTING STEP: RegisterSteps.setPostApiEndpointsRegister - I set POST api endpoints register
10:30:56.831 [main] DEBUG net.thucydides.core.steps.StepInterceptor - STEP DONE: I set POST api endpoints register
  &amp#27;[32mGiven &amp#27;[0m&amp#27;[32mI set POST api endpoints register&amp#27;[0m              &amp#27;[90m# starter.stepdefinitions.RegisterSteps.setPostApiEndpointsRegister()&amp#27;[0m
10:30:56.835 [main] DEBUG net.thucydides.core.steps.StepInterceptor - STARTING STEP: RegisterSteps.sendPostHttpRequestRegister3 - I send POST HTTP request register3
10:30:56.837 [main] DEBUG net.thucydides.core.steps.StepInterceptor - STARTING STEP: Register.sendPostHttpRequestRegister3 - I set POST api endpoints register
10:30:56.837 [main] DEBUG net.thucydides.core.steps.StepInterceptor - STEP DONE: I set POST api endpoints register
10:30:56.858 [main] DEBUG org.apache.http.impl.conn.BasicClientConnectionManager - Get connection for route {s}->https://altashop-api.fly.dev:443
10:30:56.858 [main] DEBUG org.apache.http.impl.conn.DefaultClientConnectionOperator - Connecting to altashop-api.fly.dev:443
10:30:56.942 [main] DEBUG org.apache.http.client.protocol.RequestAddCookies - CookieSpec selected: ignoreCookies
10:30:56.943 [main] DEBUG org.apache.http.client.protocol.RequestAuthCache - Auth cache not set in the context
10:30:56.943 [main] DEBUG org.apache.http.client.protocol.RequestTargetAuthentication - Target auth state: UNCHALLENGED
10:30:56.943 [main] DEBUG org.apache.http.client.protocol.RequestProxyAuthentication - Proxy auth state: UNCHALLENGED
10:30:56.943 [main] DEBUG org.apache.http.impl.client.DefaultHttpClient - Attempt 1 to execute request
10:30:56.943 [main] DEBUG org.apache.http.impl.conn.DefaultClientConnection - Sending request: POST /api/auth/register HTTP/1.1
10:30:56.943 [main] DEBUG org.apache.http.wire -  >> "POST /api/auth/register HTTP/1.1[\r][\n]"
10:30:56.943 [main] DEBUG org.apache.http.wire -  >> "Accept: */*[\r][\n]"
10:30:56.943 [main] DEBUG org.apache.http.wire -  >> "Content-Type: application/json[\r][\n]"
10:30:56.943 [main] DEBUG org.apache.http.wire -  >> "Content-Length: 53[\r][\n]"
10:30:56.943 [main] DEBUG org.apache.http.wire -  >> "Host: altashop-api.fly.dev[\r][\n]"
10:30:56.943 [main] DEBUG org.apache.http.wire -  >> "Connection: Keep-Alive[\r][\n]"
10:30:56.943 [main] DEBUG org.apache.http.wire -  >> "User-Agent: Apache-HttpClient/4.5.13 (Java/15)[\r][\n]"
10:30:56.943 [main] DEBUG org.apache.http.wire -  >> "Accept-Encoding: gzip,deflate[\r][\n]"
10:30:56.943 [main] DEBUG org.apache.http.wire -  >> "[\r][\n]"
10:30:56.943 [main] DEBUG org.apache.http.headers - >> POST /api/auth/register HTTP/1.1
10:30:56.943 [main] DEBUG org.apache.http.headers - >> Accept: */*
10:30:56.943 [main] DEBUG org.apache.http.headers - >> Content-Type: application/json
10:30:56.943 [main] DEBUG org.apache.http.headers - >> Content-Length: 53
10:30:56.943 [main] DEBUG org.apache.http.headers - >> Host: altashop-api.fly.dev
10:30:56.943 [main] DEBUG org.apache.http.headers - >> Connection: Keep-Alive
10:30:56.943 [main] DEBUG org.apache.http.headers - >> User-Agent: Apache-HttpClient/4.5.13 (Java/15)
10:30:56.943 [main] DEBUG org.apache.http.headers - >> Accept-Encoding: gzip,deflate
10:30:56.943 [main] DEBUG org.apache.http.wire -  >> "{"password":"123456","fullname":"someone","email":""}"
10:30:57.018 [main] DEBUG org.apache.http.wire -  << "HTTP/1.1 400 Bad Request[\r][\n]"
10:30:57.018 [main] DEBUG org.apache.http.wire -  << "content-type: application/json[\r][\n]"
10:30:57.018 [main] DEBUG org.apache.http.wire -  << "date: Sun, 07 May 2023 03:31:01 GMT[\r][\n]"
10:30:57.018 [main] DEBUG org.apache.http.wire -  << "content-encoding: gzip[\r][\n]"
10:30:57.018 [main] DEBUG org.apache.http.wire -  << "transfer-encoding: chunked[\r][\n]"
10:30:57.018 [main] DEBUG org.apache.http.wire -  << "server: Fly/3f2597ca (2023-05-03)[\r][\n]"
10:30:57.018 [main] DEBUG org.apache.http.wire -  << "via: 1.1 fly.io[\r][\n]"
10:30:57.018 [main] DEBUG org.apache.http.wire -  << "fly-request-id: 01GZT46H1XV3HDME8ZRGH7NJCH-sin[\r][\n]"
10:30:57.018 [main] DEBUG org.apache.http.wire -  << "[\r][\n]"
10:30:57.018 [main] DEBUG org.apache.http.impl.conn.DefaultClientConnection - Receiving response: HTTP/1.1 400 Bad Request
10:30:57.019 [main] DEBUG org.apache.http.headers - << HTTP/1.1 400 Bad Request
10:30:57.019 [main] DEBUG org.apache.http.headers - << content-type: application/json
10:30:57.019 [main] DEBUG org.apache.http.headers - << date: Sun, 07 May 2023 03:31:01 GMT
10:30:57.019 [main] DEBUG org.apache.http.headers - << content-encoding: gzip
10:30:57.019 [main] DEBUG org.apache.http.headers - << transfer-encoding: chunked
10:30:57.019 [main] DEBUG org.apache.http.headers - << server: Fly/3f2597ca (2023-05-03)
10:30:57.019 [main] DEBUG org.apache.http.headers - << via: 1.1 fly.io
10:30:57.019 [main] DEBUG org.apache.http.headers - << fly-request-id: 01GZT46H1XV3HDME8ZRGH7NJCH-sin
10:30:57.019 [main] DEBUG org.apache.http.impl.client.DefaultHttpClient - Connection can be kept alive indefinitely
10:30:57.019 [main] DEBUG io.restassured.internal.RestAssuredHttpBuilder - Parsing response as: application/json
10:30:57.019 [main] DEBUG org.apache.http.wire -  << "32[\r][\n]"
10:30:57.020 [main] DEBUG org.apache.http.wire -  << "[0x1f][0x8b][0x8][0x0][0x0][0x0][0x0][0x0][0x4][0xff][0xab]VJ-*[0xca]/R[0xb2]RJ[0xcd]M[0xcc][0xcc]Q[0xc8],V(J-,[0xcd],JMQ[0xaa][0xe5][0x2][0x0]&[0xe3][0xaa]j[0x1e][0x0][0x0][0x0]"
10:30:57.020 [main] DEBUG org.apache.http.wire -  << "[\r][\n]"
10:30:57.020 [main] DEBUG org.apache.http.wire -  << "0[\r][\n]"
10:30:57.020 [main] DEBUG org.apache.http.wire -  << "[\r][\n]"
10:30:57.020 [main] DEBUG io.restassured.internal.RestAssuredHttpBuilder - Parsed data to instance of: class org.apache.http.conn.EofSensorInputStream
10:30:57.022 [main] DEBUG org.apache.http.impl.conn.BasicClientConnectionManager - Releasing connection org.apache.http.impl.conn.ManagedClientConnectionImpl@fb2c2f3
10:30:57.022 [main] DEBUG org.apache.http.impl.conn.BasicClientConnectionManager - Connection can be kept alive indefinitely
10:30:57.023 [main] DEBUG net.thucydides.core.steps.StepInterceptor - STEP DONE: I send POST HTTP request register3
  &amp#27;[32mWhen &amp#27;[0m&amp#27;[32mI send POST HTTP request register3&amp#27;[0m              &amp#27;[90m# starter.stepdefinitions.RegisterSteps.sendPostHttpRequestRegister3()&amp#27;[0m
10:30:57.028 [main] DEBUG net.thucydides.core.steps.StepInterceptor - STARTING STEP: RegisterSteps.receiveValidHttp400Register - I receive valid HTTP response code 400 register
10:30:57.029 [main] DEBUG net.thucydides.core.steps.StepInterceptor - STEP DONE: I receive valid HTTP response code 400 register
  &amp#27;[32mThen &amp#27;[0m&amp#27;[32mI receive valid HTTP response code 400 register&amp#27;[0m &amp#27;[90m# starter.stepdefinitions.RegisterSteps.receiveValidHttp400Register()&amp#27;[0m
10:30:57.032 [main] INFO  - 
  _____   ___   ___   _____     ___     _     ___   ___   ___   ___  
 |_   _| | __| / __| |_   _|   | _ \   /_\   / __| / __| | __| |   \ 
   | |   | _|  \__ \   | |     |  _/  / _ \  \__ \ \__ \ | _|  | |) |
   |_|   |___| |___/   |_|     |_|   /_/ \_\ |___/ |___/ |___| |___/ 

POST - Register without email
----------------------------------------------------------------------
]]></system-out>
  </testcase>
  <testcase name="POST - Register without password" classname="Register" time="0.479">
    <system-out><![CDATA[
Scenario: POST - Register without password             &amp#27;[90m# src/test/resources/features/1. Register.feature:22&amp#27;[0m
10:30:57.044 [main] DEBUG io.cucumber.core.plugin.SerenityReporter - Running feature from file:///C:/Users/WINDOWS%2010/Documents/GitHub/MiniProject_QE/API/minpro/src/test/resources/features/1.%20Register.feature
10:30:57.049 [main] INFO  - 
  _____   ___   ___   _____     ___   _____     _     ___   _____   ___   ___  
 |_   _| | __| / __| |_   _|   / __| |_   _|   /_\   | _ \ |_   _| | __| |   \ 
   | |   | _|  \__ \   | |     \__ \   | |    / _ \  |   /   | |   | _|  | |) |
   |_|   |___| |___/   |_|     |___/   |_|   /_/ \_\ |_|_\   |_|   |___| |___/ 

POST - Register without password(register;post---register-without-password)
--------------------------------------------------------------------------------
10:30:57.064 [main] DEBUG net.thucydides.core.steps.StepInterceptor - STARTING STEP: RegisterSteps.setPostApiEndpointsRegister - I set POST api endpoints register
10:30:57.064 [main] DEBUG net.thucydides.core.steps.StepInterceptor - STEP DONE: I set POST api endpoints register
  &amp#27;[32mGiven &amp#27;[0m&amp#27;[32mI set POST api endpoints register&amp#27;[0m              &amp#27;[90m# starter.stepdefinitions.RegisterSteps.setPostApiEndpointsRegister()&amp#27;[0m
10:30:57.068 [main] DEBUG net.thucydides.core.steps.StepInterceptor - STARTING STEP: RegisterSteps.sendPostHttpRequest4 - I send POST HTTP request register4
10:30:57.070 [main] DEBUG net.thucydides.core.steps.StepInterceptor - STARTING STEP: Register.sendPostHttpRequestRegister4 - I set POST api endpoints register
10:30:57.070 [main] DEBUG net.thucydides.core.steps.StepInterceptor - STEP DONE: I set POST api endpoints register
10:30:57.092 [main] DEBUG org.apache.http.impl.conn.BasicClientConnectionManager - Get connection for route {s}->https://altashop-api.fly.dev:443
10:30:57.093 [main] DEBUG org.apache.http.impl.conn.DefaultClientConnectionOperator - Connecting to altashop-api.fly.dev:443
10:30:57.093 [Finalizer] DEBUG org.apache.http.impl.conn.DefaultClientConnection - Connection 0.0.0.0:54019<->149.248.193.56:443 closed
10:30:57.093 [Finalizer] DEBUG org.apache.http.impl.conn.DefaultClientConnection - Connection 0.0.0.0:54021<->149.248.193.56:443 closed
10:30:57.182 [main] DEBUG org.apache.http.client.protocol.RequestAddCookies - CookieSpec selected: ignoreCookies
10:30:57.183 [main] DEBUG org.apache.http.client.protocol.RequestAuthCache - Auth cache not set in the context
10:30:57.183 [main] DEBUG org.apache.http.client.protocol.RequestTargetAuthentication - Target auth state: UNCHALLENGED
10:30:57.183 [main] DEBUG org.apache.http.client.protocol.RequestProxyAuthentication - Proxy auth state: UNCHALLENGED
10:30:57.183 [main] DEBUG org.apache.http.impl.client.DefaultHttpClient - Attempt 1 to execute request
10:30:57.183 [main] DEBUG org.apache.http.impl.conn.DefaultClientConnection - Sending request: POST /api/auth/register HTTP/1.1
10:30:57.183 [main] DEBUG org.apache.http.wire -  >> "POST /api/auth/register HTTP/1.1[\r][\n]"
10:30:57.183 [main] DEBUG org.apache.http.wire -  >> "Accept: */*[\r][\n]"
10:30:57.183 [main] DEBUG org.apache.http.wire -  >> "Content-Type: application/json[\r][\n]"
10:30:57.183 [main] DEBUG org.apache.http.wire -  >> "Content-Length: 78[\r][\n]"
10:30:57.183 [main] DEBUG org.apache.http.wire -  >> "Host: altashop-api.fly.dev[\r][\n]"
10:30:57.183 [main] DEBUG org.apache.http.wire -  >> "Connection: Keep-Alive[\r][\n]"
10:30:57.184 [main] DEBUG org.apache.http.wire -  >> "User-Agent: Apache-HttpClient/4.5.13 (Java/15)[\r][\n]"
10:30:57.184 [main] DEBUG org.apache.http.wire -  >> "Accept-Encoding: gzip,deflate[\r][\n]"
10:30:57.184 [main] DEBUG org.apache.http.wire -  >> "[\r][\n]"
10:30:57.184 [main] DEBUG org.apache.http.headers - >> POST /api/auth/register HTTP/1.1
10:30:57.184 [main] DEBUG org.apache.http.headers - >> Accept: */*
10:30:57.184 [main] DEBUG org.apache.http.headers - >> Content-Type: application/json
10:30:57.184 [main] DEBUG org.apache.http.headers - >> Content-Length: 78
10:30:57.184 [main] DEBUG org.apache.http.headers - >> Host: altashop-api.fly.dev
10:30:57.184 [main] DEBUG org.apache.http.headers - >> Connection: Keep-Alive
10:30:57.184 [main] DEBUG org.apache.http.headers - >> User-Agent: Apache-HttpClient/4.5.13 (Java/15)
10:30:57.184 [main] DEBUG org.apache.http.headers - >> Accept-Encoding: gzip,deflate
10:30:57.184 [main] DEBUG org.apache.http.wire -  >> "{"password":"","fullname":"Firstname Lastname","email":"someoneitw@gmail.com"}"
10:30:57.503 [main] DEBUG org.apache.http.wire -  << "HTTP/1.1 400 Bad Request[\r][\n]"
10:30:57.503 [main] DEBUG org.apache.http.wire -  << "content-type: application/json[\r][\n]"
10:30:57.503 [main] DEBUG org.apache.http.wire -  << "date: Sun, 07 May 2023 03:31:02 GMT[\r][\n]"
10:30:57.503 [main] DEBUG org.apache.http.wire -  << "content-encoding: gzip[\r][\n]"
10:30:57.503 [main] DEBUG org.apache.http.wire -  << "transfer-encoding: chunked[\r][\n]"
10:30:57.503 [main] DEBUG org.apache.http.wire -  << "server: Fly/3f2597ca (2023-05-03)[\r][\n]"
10:30:57.503 [main] DEBUG org.apache.http.wire -  << "via: 1.1 fly.io[\r][\n]"
10:30:57.503 [main] DEBUG org.apache.http.wire -  << "fly-request-id: 01GZT46HH30ESWSGG9CPGDCS1J-sin[\r][\n]"
10:30:57.503 [main] DEBUG org.apache.http.wire -  << "[\r][\n]"
10:30:57.503 [main] DEBUG org.apache.http.impl.conn.DefaultClientConnection - Receiving response: HTTP/1.1 400 Bad Request
10:30:57.503 [main] DEBUG org.apache.http.headers - << HTTP/1.1 400 Bad Request
10:30:57.503 [main] DEBUG org.apache.http.headers - << content-type: application/json
10:30:57.503 [main] DEBUG org.apache.http.headers - << date: Sun, 07 May 2023 03:31:02 GMT
10:30:57.503 [main] DEBUG org.apache.http.headers - << content-encoding: gzip
10:30:57.503 [main] DEBUG org.apache.http.headers - << transfer-encoding: chunked
10:30:57.503 [main] DEBUG org.apache.http.headers - << server: Fly/3f2597ca (2023-05-03)
10:30:57.503 [main] DEBUG org.apache.http.headers - << via: 1.1 fly.io
10:30:57.503 [main] DEBUG org.apache.http.headers - << fly-request-id: 01GZT46HH30ESWSGG9CPGDCS1J-sin
10:30:57.503 [main] DEBUG org.apache.http.impl.client.DefaultHttpClient - Connection can be kept alive indefinitely
10:30:57.503 [main] DEBUG io.restassured.internal.RestAssuredHttpBuilder - Parsing response as: application/json
10:30:57.503 [main] DEBUG org.apache.http.wire -  << "35[\r][\n]"
10:30:57.503 [main] DEBUG org.apache.http.wire -  << "[0x1f][0x8b][0x8][0x0][0x0][0x0][0x0][0x0][0x4][0xff][0xab]VJ-*[0xca]/R[0xb2]R*H,..[0xcf]/JQ[0xc8],V(J-,[0xcd],JMQ[0xaa][0xe5][0x2][0x0][0xb9][0x8f][0xe5][0xe0]![0x0][0x0][0x0]"
10:30:57.503 [main] DEBUG org.apache.http.wire -  << "[\r][\n]"
10:30:57.504 [main] DEBUG org.apache.http.wire -  << "0[\r][\n]"
10:30:57.504 [main] DEBUG org.apache.http.wire -  << "[\r][\n]"
10:30:57.504 [main] DEBUG io.restassured.internal.RestAssuredHttpBuilder - Parsed data to instance of: class org.apache.http.conn.EofSensorInputStream
10:30:57.506 [main] DEBUG org.apache.http.impl.conn.BasicClientConnectionManager - Releasing connection org.apache.http.impl.conn.ManagedClientConnectionImpl@5ac0bf84
10:30:57.506 [main] DEBUG org.apache.http.impl.conn.BasicClientConnectionManager - Connection can be kept alive indefinitely
10:30:57.506 [main] DEBUG net.thucydides.core.steps.StepInterceptor - STEP DONE: I send POST HTTP request register4
  &amp#27;[32mWhen &amp#27;[0m&amp#27;[32mI send POST HTTP request register4&amp#27;[0m              &amp#27;[90m# starter.stepdefinitions.RegisterSteps.sendPostHttpRequest4()&amp#27;[0m
10:30:57.510 [main] DEBUG net.thucydides.core.steps.StepInterceptor - STARTING STEP: RegisterSteps.receiveValidHttp400Register - I receive valid HTTP response code 400 register
10:30:57.511 [main] DEBUG net.thucydides.core.steps.StepInterceptor - STEP DONE: I receive valid HTTP response code 400 register
  &amp#27;[32mThen &amp#27;[0m&amp#27;[32mI receive valid HTTP response code 400 register&amp#27;[0m &amp#27;[90m# starter.stepdefinitions.RegisterSteps.receiveValidHttp400Register()&amp#27;[0m
10:30:57.513 [main] INFO  - 
  _____   ___   ___   _____     ___     _     ___   ___   ___   ___  
 |_   _| | __| / __| |_   _|   | _ \   /_\   / __| / __| | __| |   \ 
   | |   | _|  \__ \   | |     |  _/  / _ \  \__ \ \__ \ | _|  | |) |
   |_|   |___| |___/   |_|     |_|   /_/ \_\ |___/ |___/ |___| |___/ 

POST - Register without password
----------------------------------------------------------------------
]]></system-out>
  </testcase>
  <testcase name="POST - Register with existed account" classname="Register" time="0.18">
    <system-out><![CDATA[
Scenario: POST - Register with existed account         &amp#27;[90m# src/test/resources/features/1. Register.feature:27&amp#27;[0m
10:30:57.519 [main] DEBUG io.cucumber.core.plugin.SerenityReporter - Running feature from file:///C:/Users/WINDOWS%2010/Documents/GitHub/MiniProject_QE/API/minpro/src/test/resources/features/1.%20Register.feature
10:30:57.523 [main] INFO  - 
  _____   ___   ___   _____     ___   _____     _     ___   _____   ___   ___  
 |_   _| | __| / __| |_   _|   / __| |_   _|   /_\   | _ \ |_   _| | __| |   \ 
   | |   | _|  \__ \   | |     \__ \   | |    / _ \  |   /   | |   | _|  | |) |
   |_|   |___| |___/   |_|     |___/   |_|   /_/ \_\ |_|_\   |_|   |___| |___/ 

POST - Register with existed account(register;post---register-with-existed-account)
--------------------------------------------------------------------------------
10:30:57.536 [main] DEBUG net.thucydides.core.steps.StepInterceptor - STARTING STEP: RegisterSteps.setPostApiEndpointsRegister - I set POST api endpoints register
10:30:57.537 [main] DEBUG net.thucydides.core.steps.StepInterceptor - STEP DONE: I set POST api endpoints register
  &amp#27;[32mGiven &amp#27;[0m&amp#27;[32mI set POST api endpoints register&amp#27;[0m              &amp#27;[90m# starter.stepdefinitions.RegisterSteps.setPostApiEndpointsRegister()&amp#27;[0m
10:30:57.542 [main] DEBUG net.thucydides.core.steps.StepInterceptor - STARTING STEP: RegisterSteps.sendPostHttpRequest5 - I send POST HTTP request register5
10:30:57.544 [main] DEBUG net.thucydides.core.steps.StepInterceptor - STARTING STEP: Register.sendPostHttpRequestRegister5 - I set POST api endpoints register
10:30:57.545 [main] DEBUG net.thucydides.core.steps.StepInterceptor - STEP DONE: I set POST api endpoints register
10:30:57.561 [main] DEBUG org.apache.http.impl.conn.BasicClientConnectionManager - Get connection for route {s}->https://altashop-api.fly.dev:443
10:30:57.561 [main] DEBUG org.apache.http.impl.conn.DefaultClientConnectionOperator - Connecting to altashop-api.fly.dev:443
10:30:57.639 [main] DEBUG org.apache.http.client.protocol.RequestAddCookies - CookieSpec selected: ignoreCookies
10:30:57.639 [main] DEBUG org.apache.http.client.protocol.RequestAuthCache - Auth cache not set in the context
10:30:57.639 [main] DEBUG org.apache.http.client.protocol.RequestTargetAuthentication - Target auth state: UNCHALLENGED
10:30:57.639 [main] DEBUG org.apache.http.client.protocol.RequestProxyAuthentication - Proxy auth state: UNCHALLENGED
10:30:57.639 [main] DEBUG org.apache.http.impl.client.DefaultHttpClient - Attempt 1 to execute request
10:30:57.639 [main] DEBUG org.apache.http.impl.conn.DefaultClientConnection - Sending request: POST /api/auth/register HTTP/1.1
10:30:57.639 [main] DEBUG org.apache.http.wire -  >> "POST /api/auth/register HTTP/1.1[\r][\n]"
10:30:57.639 [main] DEBUG org.apache.http.wire -  >> "Accept: */*[\r][\n]"
10:30:57.639 [main] DEBUG org.apache.http.wire -  >> "Content-Type: application/json[\r][\n]"
10:30:57.639 [main] DEBUG org.apache.http.wire -  >> "Content-Length: 84[\r][\n]"
10:30:57.639 [main] DEBUG org.apache.http.wire -  >> "Host: altashop-api.fly.dev[\r][\n]"
10:30:57.639 [main] DEBUG org.apache.http.wire -  >> "Connection: Keep-Alive[\r][\n]"
10:30:57.639 [main] DEBUG org.apache.http.wire -  >> "User-Agent: Apache-HttpClient/4.5.13 (Java/15)[\r][\n]"
10:30:57.639 [main] DEBUG org.apache.http.wire -  >> "Accept-Encoding: gzip,deflate[\r][\n]"
10:30:57.639 [main] DEBUG org.apache.http.wire -  >> "[\r][\n]"
10:30:57.639 [main] DEBUG org.apache.http.headers - >> POST /api/auth/register HTTP/1.1
10:30:57.639 [main] DEBUG org.apache.http.headers - >> Accept: */*
10:30:57.639 [main] DEBUG org.apache.http.headers - >> Content-Type: application/json
10:30:57.639 [main] DEBUG org.apache.http.headers - >> Content-Length: 84
10:30:57.639 [main] DEBUG org.apache.http.headers - >> Host: altashop-api.fly.dev
10:30:57.639 [main] DEBUG org.apache.http.headers - >> Connection: Keep-Alive
10:30:57.639 [main] DEBUG org.apache.http.headers - >> User-Agent: Apache-HttpClient/4.5.13 (Java/15)
10:30:57.639 [main] DEBUG org.apache.http.headers - >> Accept-Encoding: gzip,deflate
10:30:57.639 [main] DEBUG org.apache.http.wire -  >> "{"password":"123123","fullname":"Firstname Lastname","email":"someoneitw@gmail.com"}"
10:30:57.682 [main] DEBUG org.apache.http.wire -  << "HTTP/1.1 400 Bad Request[\r][\n]"
10:30:57.682 [main] DEBUG org.apache.http.wire -  << "content-type: application/json[\r][\n]"
10:30:57.682 [main] DEBUG org.apache.http.wire -  << "date: Sun, 07 May 2023 03:31:02 GMT[\r][\n]"
10:30:57.682 [main] DEBUG org.apache.http.wire -  << "content-encoding: gzip[\r][\n]"
10:30:57.682 [main] DEBUG org.apache.http.wire -  << "transfer-encoding: chunked[\r][\n]"
10:30:57.682 [main] DEBUG org.apache.http.wire -  << "server: Fly/3f2597ca (2023-05-03)[\r][\n]"
10:30:57.682 [main] DEBUG org.apache.http.wire -  << "via: 1.1 fly.io[\r][\n]"
10:30:57.682 [main] DEBUG org.apache.http.wire -  << "fly-request-id: 01GZT46HPKVGPYVH02JGSFNHB3-sin[\r][\n]"
10:30:57.682 [main] DEBUG org.apache.http.wire -  << "[\r][\n]"
10:30:57.682 [main] DEBUG org.apache.http.impl.conn.DefaultClientConnection - Receiving response: HTTP/1.1 400 Bad Request
10:30:57.682 [main] DEBUG org.apache.http.headers - << HTTP/1.1 400 Bad Request
10:30:57.682 [main] DEBUG org.apache.http.headers - << content-type: application/json
10:30:57.682 [main] DEBUG org.apache.http.headers - << date: Sun, 07 May 2023 03:31:02 GMT
10:30:57.682 [main] DEBUG org.apache.http.headers - << content-encoding: gzip
10:30:57.682 [main] DEBUG org.apache.http.headers - << transfer-encoding: chunked
10:30:57.682 [main] DEBUG org.apache.http.headers - << server: Fly/3f2597ca (2023-05-03)
10:30:57.682 [main] DEBUG org.apache.http.headers - << via: 1.1 fly.io
10:30:57.682 [main] DEBUG org.apache.http.headers - << fly-request-id: 01GZT46HPKVGPYVH02JGSFNHB3-sin
10:30:57.683 [main] DEBUG org.apache.http.impl.client.DefaultHttpClient - Connection can be kept alive indefinitely
10:30:57.683 [main] DEBUG io.restassured.internal.RestAssuredHttpBuilder - Parsing response as: application/json
10:30:57.683 [main] DEBUG org.apache.http.wire -  << "7B[\r][\n]"
10:30:57.683 [main] DEBUG org.apache.http.wire -  << "[0x1f][0x8b][0x8][0x0][0x0][0x0][0x0][0x0][0x4][0xff][0xab]VJ-*[0xca]/R[0xb2]Rr[\r][\n]"
10:30:57.683 [main] DEBUG org.apache.http.wire -  << "[0xf2][0xf][0xb2]RH)-[0xc8][0xc9]LN,IU[0xc8]N[0xad]T(K[0xcc])MU([0xcb][0xcc][0xcf]I,I-V([0xcd][0xcb],,MUH[0xce][0xcf]+.)J[0xcc][0xcc]+Q[0x88]Q*-N-*[0x8e]O[0xcd]M[0xcc][0xcc][0x89][0xcf]N[0xad][0x8c]QR[0xd0][0x8][0xe][0xf4][0x9][0xe]q[0xc]qU02650[0xd5]T[0xaa][0xe5][0x2][0x0][0x1a]G[0x13]pg[0x0][0x0][0x0]"
10:30:57.683 [main] DEBUG org.apache.http.wire -  << "[\r][\n]"
10:30:57.683 [main] DEBUG org.apache.http.wire -  << "0[\r][\n]"
10:30:57.683 [main] DEBUG org.apache.http.wire -  << "[\r][\n]"
10:30:57.683 [main] DEBUG io.restassured.internal.RestAssuredHttpBuilder - Parsed data to instance of: class org.apache.http.conn.EofSensorInputStream
10:30:57.685 [main] DEBUG org.apache.http.impl.conn.BasicClientConnectionManager - Releasing connection org.apache.http.impl.conn.ManagedClientConnectionImpl@79e90571
10:30:57.685 [main] DEBUG org.apache.http.impl.conn.BasicClientConnectionManager - Connection can be kept alive indefinitely
10:30:57.685 [main] DEBUG net.thucydides.core.steps.StepInterceptor - STEP DONE: I send POST HTTP request register5
  &amp#27;[32mWhen &amp#27;[0m&amp#27;[32mI send POST HTTP request register5&amp#27;[0m              &amp#27;[90m# starter.stepdefinitions.RegisterSteps.sendPostHttpRequest5()&amp#27;[0m
10:30:57.691 [main] DEBUG net.thucydides.core.steps.StepInterceptor - STARTING STEP: RegisterSteps.receiveValidHttp400Register - I receive valid HTTP response code 400 register
10:30:57.691 [main] DEBUG net.thucydides.core.steps.StepInterceptor - STEP DONE: I receive valid HTTP response code 400 register
  &amp#27;[32mThen &amp#27;[0m&amp#27;[32mI receive valid HTTP response code 400 register&amp#27;[0m &amp#27;[90m# starter.stepdefinitions.RegisterSteps.receiveValidHttp400Register()&amp#27;[0m
10:30:57.694 [main] INFO  - 
  _____   ___   ___   _____     ___     _     ___   ___   ___   ___  
 |_   _| | __| / __| |_   _|   | _ \   /_\   / __| / __| | __| |   \ 
   | |   | _|  \__ \   | |     |  _/  / _ \  \__ \ \__ \ | _|  | |) |
   |_|   |___| |___/   |_|     |_|   /_/ \_\ |___/ |___/ |___| |___/ 

POST - Register with existed account
----------------------------------------------------------------------
]]></system-out>
  </testcase>
  <testcase name="POST - Login with valid credential" classname="Login" time="0.188">
    <system-out><![CDATA[10:30:57.695 [main] DEBUG io.cucumber.core.plugin.SerenityReporter - Running feature from file:///C:/Users/WINDOWS%2010/Documents/GitHub/MiniProject_QE/API/minpro/src/test/resources/features/2.%20Login.feature
10:30:57.700 [main] DEBUG net.thucydides.core.steps.StepEventBus - Test suite started for story net.thucydides.core.model.Story@86b1dd01
10:30:57.700 [main] INFO  - Test Suite Started: Login

Scenario: POST - Login with valid credential        &amp#27;[90m# src/test/resources/features/2. Login.feature:7&amp#27;[0m
10:30:57.709 [main] DEBUG io.cucumber.core.plugin.SerenityReporter - Running feature from file:///C:/Users/WINDOWS%2010/Documents/GitHub/MiniProject_QE/API/minpro/src/test/resources/features/2.%20Login.feature
10:30:57.713 [main] INFO  - 
  _____   ___   ___   _____     ___   _____     _     ___   _____   ___   ___  
 |_   _| | __| / __| |_   _|   / __| |_   _|   /_\   | _ \ |_   _| | __| |   \ 
   | |   | _|  \__ \   | |     \__ \   | |    / _ \  |   /   | |   | _|  | |) |
   |_|   |___| |___/   |_|     |___/   |_|   /_/ \_\ |_|_\   |_|   |___| |___/ 

POST - Login with valid credential(login;post---login-with-valid-credential)
--------------------------------------------------------------------------------
10:30:57.736 [main] DEBUG net.thucydides.core.steps.StepInterceptor - STARTING STEP: LoginSteps.setPostApiEndpointsLogin - I set POST api endpoints login
10:30:57.736 [main] DEBUG net.thucydides.core.steps.StepInterceptor - STEP DONE: I set POST api endpoints login
  &amp#27;[32mGiven &amp#27;[0m&amp#27;[32mI set POST api endpoints login&amp#27;[0m              &amp#27;[90m# starter.stepdefinitions.LoginSteps.setPostApiEndpointsLogin()&amp#27;[0m
10:30:57.740 [main] DEBUG net.thucydides.core.steps.StepInterceptor - STARTING STEP: LoginSteps.sendPostHttpRequestLogin - I send POST HTTP request login
10:30:57.741 [main] DEBUG net.thucydides.core.steps.StepInterceptor - STARTING STEP: Login.sendPostHttpRequestLogin - I set POST api endpoints login
10:30:57.742 [main] DEBUG net.thucydides.core.steps.StepInterceptor - STEP DONE: I set POST api endpoints login
10:30:57.755 [main] DEBUG org.apache.http.impl.conn.BasicClientConnectionManager - Get connection for route {s}->https://altashop-api.fly.dev:443
10:30:57.755 [main] DEBUG org.apache.http.impl.conn.DefaultClientConnectionOperator - Connecting to altashop-api.fly.dev:443
10:30:57.845 [main] DEBUG org.apache.http.client.protocol.RequestAddCookies - CookieSpec selected: ignoreCookies
10:30:57.845 [main] DEBUG org.apache.http.client.protocol.RequestAuthCache - Auth cache not set in the context
10:30:57.845 [main] DEBUG org.apache.http.client.protocol.RequestTargetAuthentication - Target auth state: UNCHALLENGED
10:30:57.845 [main] DEBUG org.apache.http.client.protocol.RequestProxyAuthentication - Proxy auth state: UNCHALLENGED
10:30:57.845 [main] DEBUG org.apache.http.impl.client.DefaultHttpClient - Attempt 1 to execute request
10:30:57.845 [main] DEBUG org.apache.http.impl.conn.DefaultClientConnection - Sending request: POST /api/auth/login HTTP/1.1
10:30:57.845 [main] DEBUG org.apache.http.wire -  >> "POST /api/auth/login HTTP/1.1[\r][\n]"
10:30:57.845 [main] DEBUG org.apache.http.wire -  >> "Accept: */*[\r][\n]"
10:30:57.845 [main] DEBUG org.apache.http.wire -  >> "Content-Type: application/json[\r][\n]"
10:30:57.845 [main] DEBUG org.apache.http.wire -  >> "Content-Length: 55[\r][\n]"
10:30:57.845 [main] DEBUG org.apache.http.wire -  >> "Host: altashop-api.fly.dev[\r][\n]"
10:30:57.845 [main] DEBUG org.apache.http.wire -  >> "Connection: Keep-Alive[\r][\n]"
10:30:57.845 [main] DEBUG org.apache.http.wire -  >> "User-Agent: Apache-HttpClient/4.5.13 (Java/15)[\r][\n]"
10:30:57.845 [main] DEBUG org.apache.http.wire -  >> "Accept-Encoding: gzip,deflate[\r][\n]"
10:30:57.845 [main] DEBUG org.apache.http.wire -  >> "[\r][\n]"
10:30:57.845 [main] DEBUG org.apache.http.headers - >> POST /api/auth/login HTTP/1.1
10:30:57.845 [main] DEBUG org.apache.http.headers - >> Accept: */*
10:30:57.845 [main] DEBUG org.apache.http.headers - >> Content-Type: application/json
10:30:57.845 [main] DEBUG org.apache.http.headers - >> Content-Length: 55
10:30:57.845 [main] DEBUG org.apache.http.headers - >> Host: altashop-api.fly.dev
10:30:57.845 [main] DEBUG org.apache.http.headers - >> Connection: Keep-Alive
10:30:57.846 [main] DEBUG org.apache.http.headers - >> User-Agent: Apache-HttpClient/4.5.13 (Java/15)
10:30:57.846 [main] DEBUG org.apache.http.headers - >> Accept-Encoding: gzip,deflate
10:30:57.846 [main] DEBUG org.apache.http.wire -  >> "{"password":"123123123","email":"someoneitw@gmail.com"}"
10:30:57.881 [main] DEBUG org.apache.http.wire -  << "HTTP/1.1 200 OK[\r][\n]"
10:30:57.881 [main] DEBUG org.apache.http.wire -  << "content-type: application/json[\r][\n]"
10:30:57.881 [main] DEBUG org.apache.http.wire -  << "date: Sun, 07 May 2023 03:31:02 GMT[\r][\n]"
10:30:57.881 [main] DEBUG org.apache.http.wire -  << "content-encoding: gzip[\r][\n]"
10:30:57.881 [main] DEBUG org.apache.http.wire -  << "transfer-encoding: chunked[\r][\n]"
10:30:57.881 [main] DEBUG org.apache.http.wire -  << "server: Fly/3f2597ca (2023-05-03)[\r][\n]"
10:30:57.881 [main] DEBUG org.apache.http.wire -  << "via: 1.1 fly.io[\r][\n]"
10:30:57.881 [main] DEBUG org.apache.http.wire -  << "fly-request-id: 01GZT46HWX8EBG8K7XV07H8P57-sin[\r][\n]"
10:30:57.882 [main] DEBUG org.apache.http.wire -  << "[\r][\n]"
10:30:57.882 [main] DEBUG org.apache.http.impl.conn.DefaultClientConnection - Receiving response: HTTP/1.1 200 OK
10:30:57.882 [main] DEBUG org.apache.http.headers - << HTTP/1.1 200 OK
10:30:57.882 [main] DEBUG org.apache.http.headers - << content-type: application/json
10:30:57.882 [main] DEBUG org.apache.http.headers - << date: Sun, 07 May 2023 03:31:02 GMT
10:30:57.882 [main] DEBUG org.apache.http.headers - << content-encoding: gzip
10:30:57.882 [main] DEBUG org.apache.http.headers - << transfer-encoding: chunked
10:30:57.882 [main] DEBUG org.apache.http.headers - << server: Fly/3f2597ca (2023-05-03)
10:30:57.882 [main] DEBUG org.apache.http.headers - << via: 1.1 fly.io
10:30:57.882 [main] DEBUG org.apache.http.headers - << fly-request-id: 01GZT46HWX8EBG8K7XV07H8P57-sin
10:30:57.882 [main] DEBUG org.apache.http.impl.client.DefaultHttpClient - Connection can be kept alive indefinitely
10:30:57.882 [main] DEBUG io.restassured.internal.RestAssuredHttpBuilder - Parsing response as: application/json
10:30:57.882 [main] DEBUG org.apache.http.wire -  << "BA[\r][\n]"
10:30:57.883 [main] DEBUG org.apache.http.wire -  << "[0x1f][0x8b][0x8][0x0][0x0][0x0][0x0][0x0][0x4][0xff][0xab]VJI,IT[0xb2]RJ[0xad][0xf4][0xca]HrO[0xce][0xf4][0xcf][0xf4][0xf2][0xc][0xad][0xf2]4[0xf4][0xcb][0xf4],[0xf6][0xcc][0xb]2Mv[0xf6]4[0xf3][0xcc].[0x88][0x8]s[0xf6][0xb2][0xd4]K[0xad][0xf4]rO[0x9][0xaf](N[0xca]u+[0x89][\n]"
10:30:57.883 [main] DEBUG org.apache.http.wire -  << "[0x6]ID[0x15]$[0xe7][0xf9][0x19]@[0xf8]N[0xbe][0x91][0x11]0[0xb6]g[0xb1]gvXIdxN[0xb1]gV~f[0xb2][0x91]eIT[0xb8]eiTx[0x8e]A[0x8a][0x81]S^R[0xb8][A[0x92][0xb3]iV[0x92][0x91]AfZ[0xa0][0x9e][0xa3]GyV[0xa5][0xb7]S[0x92]y[0x90]_Ph[0xa0]a[0xa8][0xbb]GT~|[0x96]_UR@YF[0x95]y[0x86][0x89][0x97]qn[0x92]Sb[0x89][0x91]gh[0xa0]R-[0x17][0x0][0x81][0xf2][0xc][0x86][0xb3][0x0][0x0][0x0]"
10:30:57.883 [main] DEBUG org.apache.http.wire -  << "[\r][\n]"
10:30:57.883 [main] DEBUG org.apache.http.wire -  << "0[\r][\n]"
10:30:57.883 [main] DEBUG org.apache.http.wire -  << "[\r][\n]"
10:30:57.883 [main] DEBUG io.restassured.internal.RestAssuredHttpBuilder - Parsed data to instance of: class org.apache.http.conn.EofSensorInputStream
10:30:57.884 [main] DEBUG org.apache.http.impl.conn.BasicClientConnectionManager - Releasing connection org.apache.http.impl.conn.ManagedClientConnectionImpl@e67d3b7
10:30:57.884 [main] DEBUG org.apache.http.impl.conn.BasicClientConnectionManager - Connection can be kept alive indefinitely
10:30:57.884 [main] DEBUG net.thucydides.core.steps.StepInterceptor - STEP DONE: I send POST HTTP request login
  &amp#27;[32mWhen &amp#27;[0m&amp#27;[32mI send POST HTTP request login&amp#27;[0m               &amp#27;[90m# starter.stepdefinitions.LoginSteps.sendPostHttpRequestLogin()&amp#27;[0m
10:30:57.887 [main] DEBUG net.thucydides.core.steps.StepInterceptor - STARTING STEP: LoginSteps.receiveValidHttp200Login - I receive valid HTTP response code 200 login
10:30:57.888 [main] DEBUG net.thucydides.core.steps.StepInterceptor - STEP DONE: I receive valid HTTP response code 200 login
  &amp#27;[32mThen &amp#27;[0m&amp#27;[32mI receive valid HTTP response code 200 login&amp#27;[0m &amp#27;[90m# starter.stepdefinitions.LoginSteps.receiveValidHttp200Login()&amp#27;[0m
10:30:57.890 [main] INFO  - 
  _____   ___   ___   _____     ___     _     ___   ___   ___   ___  
 |_   _| | __| / __| |_   _|   | _ \   /_\   / __| / __| | __| |   \ 
   | |   | _|  \__ \   | |     |  _/  / _ \  \__ \ \__ \ | _|  | |) |
   |_|   |___| |___/   |_|     |_|   /_/ \_\ |___/ |___/ |___| |___/ 

POST - Login with valid credential
----------------------------------------------------------------------
]]></system-out>
  </testcase>
  <testcase name="POST - Login wrong password" classname="Login" time="0.406">
    <system-out><![CDATA[
Scenario: POST - Login wrong password               &amp#27;[90m# src/test/resources/features/2. Login.feature:12&amp#27;[0m
10:30:57.895 [main] DEBUG io.cucumber.core.plugin.SerenityReporter - Running feature from file:///C:/Users/WINDOWS%2010/Documents/GitHub/MiniProject_QE/API/minpro/src/test/resources/features/2.%20Login.feature
10:30:57.899 [main] INFO  - 
  _____   ___   ___   _____     ___   _____     _     ___   _____   ___   ___  
 |_   _| | __| / __| |_   _|   / __| |_   _|   /_\   | _ \ |_   _| | __| |   \ 
   | |   | _|  \__ \   | |     \__ \   | |    / _ \  |   /   | |   | _|  | |) |
   |_|   |___| |___/   |_|     |___/   |_|   /_/ \_\ |_|_\   |_|   |___| |___/ 

POST - Login wrong password(login;post---login-wrong-password)
--------------------------------------------------------------------------------
10:30:57.915 [main] DEBUG net.thucydides.core.steps.StepInterceptor - STARTING STEP: LoginSteps.setPostApiEndpointsLogin - I set POST api endpoints login
10:30:57.916 [main] DEBUG net.thucydides.core.steps.StepInterceptor - STEP DONE: I set POST api endpoints login
  &amp#27;[32mGiven &amp#27;[0m&amp#27;[32mI set POST api endpoints login&amp#27;[0m              &amp#27;[90m# starter.stepdefinitions.LoginSteps.setPostApiEndpointsLogin()&amp#27;[0m
10:30:57.921 [main] DEBUG net.thucydides.core.steps.StepInterceptor - STARTING STEP: LoginSteps.sendPostHttpRequestLogin1 - I send POST HTTP request login1
10:30:57.923 [main] DEBUG net.thucydides.core.steps.StepInterceptor - STARTING STEP: Login.sendPostHttpRequestLogin1 - I set POST api endpoints login
10:30:57.923 [main] DEBUG net.thucydides.core.steps.StepInterceptor - STEP DONE: I set POST api endpoints login
10:30:57.936 [main] DEBUG org.apache.http.impl.conn.BasicClientConnectionManager - Get connection for route {s}->https://altashop-api.fly.dev:443
10:30:57.936 [main] DEBUG org.apache.http.impl.conn.DefaultClientConnectionOperator - Connecting to altashop-api.fly.dev:443
10:30:58.248 [main] DEBUG org.apache.http.client.protocol.RequestAddCookies - CookieSpec selected: ignoreCookies
10:30:58.248 [main] DEBUG org.apache.http.client.protocol.RequestAuthCache - Auth cache not set in the context
10:30:58.248 [main] DEBUG org.apache.http.client.protocol.RequestTargetAuthentication - Target auth state: UNCHALLENGED
10:30:58.248 [main] DEBUG org.apache.http.client.protocol.RequestProxyAuthentication - Proxy auth state: UNCHALLENGED
10:30:58.248 [main] DEBUG org.apache.http.impl.client.DefaultHttpClient - Attempt 1 to execute request
10:30:58.248 [main] DEBUG org.apache.http.impl.conn.DefaultClientConnection - Sending request: POST /api/auth/login HTTP/1.1
10:30:58.249 [main] DEBUG org.apache.http.wire -  >> "POST /api/auth/login HTTP/1.1[\r][\n]"
10:30:58.249 [main] DEBUG org.apache.http.wire -  >> "Accept: */*[\r][\n]"
10:30:58.249 [main] DEBUG org.apache.http.wire -  >> "Content-Type: application/json[\r][\n]"
10:30:58.249 [main] DEBUG org.apache.http.wire -  >> "Content-Length: 54[\r][\n]"
10:30:58.249 [main] DEBUG org.apache.http.wire -  >> "Host: altashop-api.fly.dev[\r][\n]"
10:30:58.249 [main] DEBUG org.apache.http.wire -  >> "Connection: Keep-Alive[\r][\n]"
10:30:58.249 [main] DEBUG org.apache.http.wire -  >> "User-Agent: Apache-HttpClient/4.5.13 (Java/15)[\r][\n]"
10:30:58.249 [main] DEBUG org.apache.http.wire -  >> "Accept-Encoding: gzip,deflate[\r][\n]"
10:30:58.249 [main] DEBUG org.apache.http.wire -  >> "[\r][\n]"
10:30:58.249 [main] DEBUG org.apache.http.headers - >> POST /api/auth/login HTTP/1.1
10:30:58.249 [main] DEBUG org.apache.http.headers - >> Accept: */*
10:30:58.249 [main] DEBUG org.apache.http.headers - >> Content-Type: application/json
10:30:58.249 [main] DEBUG org.apache.http.headers - >> Content-Length: 54
10:30:58.249 [main] DEBUG org.apache.http.headers - >> Host: altashop-api.fly.dev
10:30:58.249 [main] DEBUG org.apache.http.headers - >> Connection: Keep-Alive
10:30:58.249 [main] DEBUG org.apache.http.headers - >> User-Agent: Apache-HttpClient/4.5.13 (Java/15)
10:30:58.249 [main] DEBUG org.apache.http.headers - >> Accept-Encoding: gzip,deflate
10:30:58.249 [main] DEBUG org.apache.http.wire -  >> "{"password":"someone1","email":"someoneitw@gmail.com"}"
10:30:58.285 [main] DEBUG org.apache.http.wire -  << "HTTP/1.1 400 Bad Request[\r][\n]"
10:30:58.285 [main] DEBUG org.apache.http.wire -  << "content-type: application/json[\r][\n]"
10:30:58.285 [main] DEBUG org.apache.http.wire -  << "date: Sun, 07 May 2023 03:31:03 GMT[\r][\n]"
10:30:58.285 [main] DEBUG org.apache.http.wire -  << "content-encoding: gzip[\r][\n]"
10:30:58.285 [main] DEBUG org.apache.http.wire -  << "transfer-encoding: chunked[\r][\n]"
10:30:58.285 [main] DEBUG org.apache.http.wire -  << "server: Fly/3f2597ca (2023-05-03)[\r][\n]"
10:30:58.285 [main] DEBUG org.apache.http.wire -  << "via: 1.1 fly.io[\r][\n]"
10:30:58.285 [main] DEBUG org.apache.http.wire -  << "fly-request-id: 01GZT46J9GABACMM0Z6XBCD24R-sin[\r][\n]"
10:30:58.285 [main] DEBUG org.apache.http.wire -  << "[\r][\n]"
10:30:58.285 [main] DEBUG org.apache.http.impl.conn.DefaultClientConnection - Receiving response: HTTP/1.1 400 Bad Request
10:30:58.285 [main] DEBUG org.apache.http.headers - << HTTP/1.1 400 Bad Request
10:30:58.285 [main] DEBUG org.apache.http.headers - << content-type: application/json
10:30:58.285 [main] DEBUG org.apache.http.headers - << date: Sun, 07 May 2023 03:31:03 GMT
10:30:58.285 [main] DEBUG org.apache.http.headers - << content-encoding: gzip
10:30:58.285 [main] DEBUG org.apache.http.headers - << transfer-encoding: chunked
10:30:58.285 [main] DEBUG org.apache.http.headers - << server: Fly/3f2597ca (2023-05-03)
10:30:58.285 [main] DEBUG org.apache.http.headers - << via: 1.1 fly.io
10:30:58.285 [main] DEBUG org.apache.http.headers - << fly-request-id: 01GZT46J9GABACMM0Z6XBCD24R-sin
10:30:58.286 [main] DEBUG org.apache.http.impl.client.DefaultHttpClient - Connection can be kept alive indefinitely
10:30:58.286 [main] DEBUG io.restassured.internal.RestAssuredHttpBuilder - Parsing response as: application/json
10:30:58.286 [main] DEBUG org.apache.http.wire -  << "3D[\r][\n]"
10:30:58.286 [main] DEBUG org.apache.http.wire -  << "[0x1f][0x8b][0x8][0x0][0x0][0x0][0x0][0x0][0x4][0xff][0xab]VJ-*[0xca]/R[0xb2]RJ[0xcd]M[0xcc][0xcc]Q[0xc8]/R(H,..[0xcf]/JQ[0xc8],V[0xc8][0xcc]+K[0xcc][0xc9]LQ[0xaa][0xe5][0x2][0x0][0xc0][0xad][0xff][0xb])[0x0][0x0][0x0]"
10:30:58.286 [main] DEBUG org.apache.http.wire -  << "[\r][\n]"
10:30:58.286 [main] DEBUG org.apache.http.wire -  << "0[\r][\n]"
10:30:58.286 [main] DEBUG org.apache.http.wire -  << "[\r][\n]"
10:30:58.286 [main] DEBUG io.restassured.internal.RestAssuredHttpBuilder - Parsed data to instance of: class org.apache.http.conn.EofSensorInputStream
10:30:58.287 [main] DEBUG org.apache.http.impl.conn.BasicClientConnectionManager - Releasing connection org.apache.http.impl.conn.ManagedClientConnectionImpl@7c56c911
10:30:58.287 [main] DEBUG org.apache.http.impl.conn.BasicClientConnectionManager - Connection can be kept alive indefinitely
10:30:58.288 [main] DEBUG net.thucydides.core.steps.StepInterceptor - STEP DONE: I send POST HTTP request login1
  &amp#27;[32mWhen &amp#27;[0m&amp#27;[32mI send POST HTTP request login1&amp#27;[0m              &amp#27;[90m# starter.stepdefinitions.LoginSteps.sendPostHttpRequestLogin1()&amp#27;[0m
10:30:58.292 [main] DEBUG net.thucydides.core.steps.StepInterceptor - STARTING STEP: LoginSteps.receiveValidHttp400Login - I receive valid HTTP response code 400 login
10:30:58.293 [main] DEBUG net.thucydides.core.steps.StepInterceptor - STEP DONE: I receive valid HTTP response code 400 login
  &amp#27;[32mThen &amp#27;[0m&amp#27;[32mI receive valid HTTP response code 400 login&amp#27;[0m &amp#27;[90m# starter.stepdefinitions.LoginSteps.receiveValidHttp400Login()&amp#27;[0m
10:30:58.296 [main] INFO  - 
  _____   ___   ___   _____     ___     _     ___   ___   ___   ___  
 |_   _| | __| / __| |_   _|   | _ \   /_\   / __| / __| | __| |   \ 
   | |   | _|  \__ \   | |     |  _/  / _ \  \__ \ \__ \ | _|  | |) |
   |_|   |___| |___/   |_|     |_|   /_/ \_\ |___/ |___/ |___| |___/ 

POST - Login wrong password
----------------------------------------------------------------------
]]></system-out>
  </testcase>
  <testcase name="POST - Login with empty email" classname="Login" time="0.203">
    <system-out><![CDATA[
Scenario: POST - Login with empty email             &amp#27;[90m# src/test/resources/features/2. Login.feature:17&amp#27;[0m
10:30:58.305 [main] DEBUG io.cucumber.core.plugin.SerenityReporter - Running feature from file:///C:/Users/WINDOWS%2010/Documents/GitHub/MiniProject_QE/API/minpro/src/test/resources/features/2.%20Login.feature
10:30:58.309 [main] INFO  - 
  _____   ___   ___   _____     ___   _____     _     ___   _____   ___   ___  
 |_   _| | __| / __| |_   _|   / __| |_   _|   /_\   | _ \ |_   _| | __| |   \ 
   | |   | _|  \__ \   | |     \__ \   | |    / _ \  |   /   | |   | _|  | |) |
   |_|   |___| |___/   |_|     |___/   |_|   /_/ \_\ |_|_\   |_|   |___| |___/ 

POST - Login with empty email(login;post---login-with-empty-email)
--------------------------------------------------------------------------------
10:30:58.321 [main] DEBUG net.thucydides.core.steps.StepInterceptor - STARTING STEP: LoginSteps.setPostApiEndpointsLogin - I set POST api endpoints login
10:30:58.321 [main] DEBUG net.thucydides.core.steps.StepInterceptor - STEP DONE: I set POST api endpoints login
  &amp#27;[32mGiven &amp#27;[0m&amp#27;[32mI set POST api endpoints login&amp#27;[0m              &amp#27;[90m# starter.stepdefinitions.LoginSteps.setPostApiEndpointsLogin()&amp#27;[0m
10:30:58.324 [main] DEBUG net.thucydides.core.steps.StepInterceptor - STARTING STEP: LoginSteps.sendPostHttpRequestLogin2 - I send POST HTTP request login2
10:30:58.325 [main] DEBUG net.thucydides.core.steps.StepInterceptor - STARTING STEP: Login.sendPostHttpRequestLogin2 - I set POST api endpoints login
10:30:58.326 [main] DEBUG net.thucydides.core.steps.StepInterceptor - STEP DONE: I set POST api endpoints login
10:30:58.341 [main] DEBUG org.apache.http.impl.conn.BasicClientConnectionManager - Get connection for route {s}->https://altashop-api.fly.dev:443
10:30:58.341 [main] DEBUG org.apache.http.impl.conn.DefaultClientConnectionOperator - Connecting to altashop-api.fly.dev:443
10:30:58.368 [Finalizer] DEBUG org.apache.http.impl.conn.DefaultClientConnection - Connection 0.0.0.0:54027<->149.248.193.56:443 closed
10:30:58.368 [Finalizer] DEBUG org.apache.http.impl.conn.DefaultClientConnection - Connection 0.0.0.0:54022<->149.248.193.56:443 closed
10:30:58.368 [Finalizer] DEBUG org.apache.http.impl.conn.DefaultClientConnection - Connection 0.0.0.0:54025<->149.248.193.56:443 closed
10:30:58.368 [Finalizer] DEBUG org.apache.http.impl.conn.DefaultClientConnection - Connection 0.0.0.0:54026<->149.248.193.56:443 closed
10:30:58.430 [main] DEBUG org.apache.http.client.protocol.RequestAddCookies - CookieSpec selected: ignoreCookies
10:30:58.430 [main] DEBUG org.apache.http.client.protocol.RequestAuthCache - Auth cache not set in the context
10:30:58.430 [main] DEBUG org.apache.http.client.protocol.RequestTargetAuthentication - Target auth state: UNCHALLENGED
10:30:58.430 [main] DEBUG org.apache.http.client.protocol.RequestProxyAuthentication - Proxy auth state: UNCHALLENGED
10:30:58.430 [main] DEBUG org.apache.http.impl.client.DefaultHttpClient - Attempt 1 to execute request
10:30:58.430 [main] DEBUG org.apache.http.impl.conn.DefaultClientConnection - Sending request: POST /api/auth/login HTTP/1.1
10:30:58.430 [main] DEBUG org.apache.http.wire -  >> "POST /api/auth/login HTTP/1.1[\r][\n]"
10:30:58.430 [main] DEBUG org.apache.http.wire -  >> "Accept: */*[\r][\n]"
10:30:58.430 [main] DEBUG org.apache.http.wire -  >> "Content-Type: application/json[\r][\n]"
10:30:58.430 [main] DEBUG org.apache.http.wire -  >> "Content-Length: 37[\r][\n]"
10:30:58.431 [main] DEBUG org.apache.http.wire -  >> "Host: altashop-api.fly.dev[\r][\n]"
10:30:58.431 [main] DEBUG org.apache.http.wire -  >> "Connection: Keep-Alive[\r][\n]"
10:30:58.431 [main] DEBUG org.apache.http.wire -  >> "User-Agent: Apache-HttpClient/4.5.13 (Java/15)[\r][\n]"
10:30:58.431 [main] DEBUG org.apache.http.wire -  >> "Accept-Encoding: gzip,deflate[\r][\n]"
10:30:58.431 [main] DEBUG org.apache.http.wire -  >> "[\r][\n]"
10:30:58.431 [main] DEBUG org.apache.http.headers - >> POST /api/auth/login HTTP/1.1
10:30:58.431 [main] DEBUG org.apache.http.headers - >> Accept: */*
10:30:58.431 [main] DEBUG org.apache.http.headers - >> Content-Type: application/json
10:30:58.431 [main] DEBUG org.apache.http.headers - >> Content-Length: 37
10:30:58.431 [main] DEBUG org.apache.http.headers - >> Host: altashop-api.fly.dev
10:30:58.431 [main] DEBUG org.apache.http.headers - >> Connection: Keep-Alive
10:30:58.431 [main] DEBUG org.apache.http.headers - >> User-Agent: Apache-HttpClient/4.5.13 (Java/15)
10:30:58.431 [main] DEBUG org.apache.http.headers - >> Accept-Encoding: gzip,deflate
10:30:58.431 [main] DEBUG org.apache.http.wire -  >> "{"password":"someone123","email":" "}"
10:30:58.480 [main] DEBUG org.apache.http.wire -  << "HTTP/1.1 400 Bad Request[\r][\n]"
10:30:58.481 [main] DEBUG org.apache.http.wire -  << "content-type: application/json[\r][\n]"
10:30:58.481 [main] DEBUG org.apache.http.wire -  << "date: Sun, 07 May 2023 03:31:03 GMT[\r][\n]"
10:30:58.481 [main] DEBUG org.apache.http.wire -  << "content-encoding: gzip[\r][\n]"
10:30:58.481 [main] DEBUG org.apache.http.wire -  << "transfer-encoding: chunked[\r][\n]"
10:30:58.481 [main] DEBUG org.apache.http.wire -  << "server: Fly/3f2597ca (2023-05-03)[\r][\n]"
10:30:58.481 [main] DEBUG org.apache.http.wire -  << "via: 1.1 fly.io[\r][\n]"
10:30:58.481 [main] DEBUG org.apache.http.wire -  << "fly-request-id: 01GZT46JF5A2BAQEVS72GXQ6N8-sin[\r][\n]"
10:30:58.481 [main] DEBUG org.apache.http.wire -  << "[\r][\n]"
10:30:58.481 [main] DEBUG org.apache.http.impl.conn.DefaultClientConnection - Receiving response: HTTP/1.1 400 Bad Request
10:30:58.481 [main] DEBUG org.apache.http.headers - << HTTP/1.1 400 Bad Request
10:30:58.481 [main] DEBUG org.apache.http.headers - << content-type: application/json
10:30:58.481 [main] DEBUG org.apache.http.headers - << date: Sun, 07 May 2023 03:31:03 GMT
10:30:58.481 [main] DEBUG org.apache.http.headers - << content-encoding: gzip
10:30:58.481 [main] DEBUG org.apache.http.headers - << transfer-encoding: chunked
10:30:58.481 [main] DEBUG org.apache.http.headers - << server: Fly/3f2597ca (2023-05-03)
10:30:58.481 [main] DEBUG org.apache.http.headers - << via: 1.1 fly.io
10:30:58.481 [main] DEBUG org.apache.http.headers - << fly-request-id: 01GZT46JF5A2BAQEVS72GXQ6N8-sin
10:30:58.481 [main] DEBUG org.apache.http.impl.client.DefaultHttpClient - Connection can be kept alive indefinitely
10:30:58.481 [main] DEBUG io.restassured.internal.RestAssuredHttpBuilder - Parsing response as: application/json
10:30:58.481 [main] DEBUG org.apache.http.wire -  << "3D[\r][\n]"
10:30:58.481 [main] DEBUG org.apache.http.wire -  << "[0x1f][0x8b][0x8][0x0][0x0][0x0][0x0][0x0][0x4][0xff][0xab]VJ-*[0xca]/R[0xb2]RJ[0xcd]M[0xcc][0xcc]Q[0xc8]/R(H,..[0xcf]/JQ[0xc8],V[0xc8][0xcc]+K[0xcc][0xc9]LQ[0xaa][0xe5][0x2][0x0][0xc0][0xad][0xff][0xb])[0x0][0x0][0x0]"
10:30:58.481 [main] DEBUG org.apache.http.wire -  << "[\r][\n]"
10:30:58.493 [main] DEBUG org.apache.http.wire -  << "0[\r][\n]"
10:30:58.494 [main] DEBUG org.apache.http.wire -  << "[\r][\n]"
10:30:58.494 [main] DEBUG io.restassured.internal.RestAssuredHttpBuilder - Parsed data to instance of: class org.apache.http.conn.EofSensorInputStream
10:30:58.495 [main] DEBUG org.apache.http.impl.conn.BasicClientConnectionManager - Releasing connection org.apache.http.impl.conn.ManagedClientConnectionImpl@3b4f1eb
10:30:58.495 [main] DEBUG org.apache.http.impl.conn.BasicClientConnectionManager - Connection can be kept alive indefinitely
10:30:58.495 [main] DEBUG net.thucydides.core.steps.StepInterceptor - STEP DONE: I send POST HTTP request login2
  &amp#27;[32mWhen &amp#27;[0m&amp#27;[32mI send POST HTTP request login2&amp#27;[0m              &amp#27;[90m# starter.stepdefinitions.LoginSteps.sendPostHttpRequestLogin2()&amp#27;[0m
10:30:58.498 [main] DEBUG net.thucydides.core.steps.StepInterceptor - STARTING STEP: LoginSteps.receiveValidHttp400Login - I receive valid HTTP response code 400 login
10:30:58.499 [main] DEBUG net.thucydides.core.steps.StepInterceptor - STEP DONE: I receive valid HTTP response code 400 login
  &amp#27;[32mThen &amp#27;[0m&amp#27;[32mI receive valid HTTP response code 400 login&amp#27;[0m &amp#27;[90m# starter.stepdefinitions.LoginSteps.receiveValidHttp400Login()&amp#27;[0m
10:30:58.501 [main] INFO  - 
  _____   ___   ___   _____     ___     _     ___   ___   ___   ___  
 |_   _| | __| / __| |_   _|   | _ \   /_\   / __| / __| | __| |   \ 
   | |   | _|  \__ \   | |     |  _/  / _ \  \__ \ \__ \ | _|  | |) |
   |_|   |___| |___/   |_|     |_|   /_/ \_\ |___/ |___/ |___| |___/ 

POST - Login with empty email
----------------------------------------------------------------------
]]></system-out>
  </testcase>
  <testcase name="POST - Login with empty password" classname="Login" time="0.224">
    <system-out><![CDATA[
Scenario: POST - Login with empty password          &amp#27;[90m# src/test/resources/features/2. Login.feature:22&amp#27;[0m
10:30:58.505 [main] DEBUG io.cucumber.core.plugin.SerenityReporter - Running feature from file:///C:/Users/WINDOWS%2010/Documents/GitHub/MiniProject_QE/API/minpro/src/test/resources/features/2.%20Login.feature
10:30:58.508 [main] INFO  - 
  _____   ___   ___   _____     ___   _____     _     ___   _____   ___   ___  
 |_   _| | __| / __| |_   _|   / __| |_   _|   /_\   | _ \ |_   _| | __| |   \ 
   | |   | _|  \__ \   | |     \__ \   | |    / _ \  |   /   | |   | _|  | |) |
   |_|   |___| |___/   |_|     |___/   |_|   /_/ \_\ |_|_\   |_|   |___| |___/ 

POST - Login with empty password(login;post---login-with-empty-password)
--------------------------------------------------------------------------------
10:30:58.520 [main] DEBUG net.thucydides.core.steps.StepInterceptor - STARTING STEP: LoginSteps.setPostApiEndpointsLogin - I set POST api endpoints login
10:30:58.521 [main] DEBUG net.thucydides.core.steps.StepInterceptor - STEP DONE: I set POST api endpoints login
  &amp#27;[32mGiven &amp#27;[0m&amp#27;[32mI set POST api endpoints login&amp#27;[0m              &amp#27;[90m# starter.stepdefinitions.LoginSteps.setPostApiEndpointsLogin()&amp#27;[0m
10:30:58.524 [main] DEBUG net.thucydides.core.steps.StepInterceptor - STARTING STEP: LoginSteps.sendPostHttpRequestLogin3 - I send POST HTTP request login3
10:30:58.525 [main] DEBUG net.thucydides.core.steps.StepInterceptor - STARTING STEP: Login.sendPostHttpRequestLogin3 - I set POST api endpoints login
10:30:58.525 [main] DEBUG net.thucydides.core.steps.StepInterceptor - STEP DONE: I set POST api endpoints login
10:30:58.534 [main] DEBUG org.apache.http.impl.conn.BasicClientConnectionManager - Get connection for route {s}->https://altashop-api.fly.dev:443
10:30:58.534 [main] DEBUG org.apache.http.impl.conn.DefaultClientConnectionOperator - Connecting to altashop-api.fly.dev:443
10:30:58.673 [main] DEBUG org.apache.http.client.protocol.RequestAddCookies - CookieSpec selected: ignoreCookies
10:30:58.673 [main] DEBUG org.apache.http.client.protocol.RequestAuthCache - Auth cache not set in the context
10:30:58.673 [main] DEBUG org.apache.http.client.protocol.RequestTargetAuthentication - Target auth state: UNCHALLENGED
10:30:58.673 [main] DEBUG org.apache.http.client.protocol.RequestProxyAuthentication - Proxy auth state: UNCHALLENGED
10:30:58.673 [main] DEBUG org.apache.http.impl.client.DefaultHttpClient - Attempt 1 to execute request
10:30:58.673 [main] DEBUG org.apache.http.impl.conn.DefaultClientConnection - Sending request: POST /api/auth/login HTTP/1.1
10:30:58.673 [main] DEBUG org.apache.http.wire -  >> "POST /api/auth/login HTTP/1.1[\r][\n]"
10:30:58.673 [main] DEBUG org.apache.http.wire -  >> "Accept: */*[\r][\n]"
10:30:58.673 [main] DEBUG org.apache.http.wire -  >> "Content-Type: application/json[\r][\n]"
10:30:58.673 [main] DEBUG org.apache.http.wire -  >> "Content-Length: 43[\r][\n]"
10:30:58.673 [main] DEBUG org.apache.http.wire -  >> "Host: altashop-api.fly.dev[\r][\n]"
10:30:58.673 [main] DEBUG org.apache.http.wire -  >> "Connection: Keep-Alive[\r][\n]"
10:30:58.673 [main] DEBUG org.apache.http.wire -  >> "User-Agent: Apache-HttpClient/4.5.13 (Java/15)[\r][\n]"
10:30:58.673 [main] DEBUG org.apache.http.wire -  >> "Accept-Encoding: gzip,deflate[\r][\n]"
10:30:58.673 [main] DEBUG org.apache.http.wire -  >> "[\r][\n]"
10:30:58.673 [main] DEBUG org.apache.http.headers - >> POST /api/auth/login HTTP/1.1
10:30:58.673 [main] DEBUG org.apache.http.headers - >> Accept: */*
10:30:58.673 [main] DEBUG org.apache.http.headers - >> Content-Type: application/json
10:30:58.673 [main] DEBUG org.apache.http.headers - >> Content-Length: 43
10:30:58.673 [main] DEBUG org.apache.http.headers - >> Host: altashop-api.fly.dev
10:30:58.673 [main] DEBUG org.apache.http.headers - >> Connection: Keep-Alive
10:30:58.673 [main] DEBUG org.apache.http.headers - >> User-Agent: Apache-HttpClient/4.5.13 (Java/15)
10:30:58.673 [main] DEBUG org.apache.http.headers - >> Accept-Encoding: gzip,deflate
10:30:58.673 [main] DEBUG org.apache.http.wire -  >> "{"password":" ","email":"someone@mail.com"}"
10:30:58.714 [main] DEBUG org.apache.http.wire -  << "HTTP/1.1 400 Bad Request[\r][\n]"
10:30:58.714 [main] DEBUG org.apache.http.wire -  << "content-type: application/json[\r][\n]"
10:30:58.714 [main] DEBUG org.apache.http.wire -  << "date: Sun, 07 May 2023 03:31:03 GMT[\r][\n]"
10:30:58.714 [main] DEBUG org.apache.http.wire -  << "content-encoding: gzip[\r][\n]"
10:30:58.714 [main] DEBUG org.apache.http.wire -  << "transfer-encoding: chunked[\r][\n]"
10:30:58.714 [main] DEBUG org.apache.http.wire -  << "server: Fly/3f2597ca (2023-05-03)[\r][\n]"
10:30:58.714 [main] DEBUG org.apache.http.wire -  << "via: 1.1 fly.io[\r][\n]"
10:30:58.714 [main] DEBUG org.apache.http.wire -  << "fly-request-id: 01GZT46JPY6KA1DM96DKCX524R-sin[\r][\n]"
10:30:58.714 [main] DEBUG org.apache.http.wire -  << "[\r][\n]"
10:30:58.714 [main] DEBUG org.apache.http.impl.conn.DefaultClientConnection - Receiving response: HTTP/1.1 400 Bad Request
10:30:58.714 [main] DEBUG org.apache.http.headers - << HTTP/1.1 400 Bad Request
10:30:58.714 [main] DEBUG org.apache.http.headers - << content-type: application/json
10:30:58.714 [main] DEBUG org.apache.http.headers - << date: Sun, 07 May 2023 03:31:03 GMT
10:30:58.714 [main] DEBUG org.apache.http.headers - << content-encoding: gzip
10:30:58.714 [main] DEBUG org.apache.http.headers - << transfer-encoding: chunked
10:30:58.714 [main] DEBUG org.apache.http.headers - << server: Fly/3f2597ca (2023-05-03)
10:30:58.714 [main] DEBUG org.apache.http.headers - << via: 1.1 fly.io
10:30:58.714 [main] DEBUG org.apache.http.headers - << fly-request-id: 01GZT46JPY6KA1DM96DKCX524R-sin
10:30:58.714 [main] DEBUG org.apache.http.impl.client.DefaultHttpClient - Connection can be kept alive indefinitely
10:30:58.715 [main] DEBUG io.restassured.internal.RestAssuredHttpBuilder - Parsing response as: application/json
10:30:58.715 [main] DEBUG org.apache.http.wire -  << "3D[\r][\n]"
10:30:58.715 [main] DEBUG org.apache.http.wire -  << "[0x1f][0x8b][0x8][0x0][0x0][0x0][0x0][0x0][0x4][0xff][0xab]VJ-*[0xca]/R[0xb2]RJ[0xcd]M[0xcc][0xcc]Q[0xc8]/R(H,..[0xcf]/JQ[0xc8],V[0xc8][0xcc]+K[0xcc][0xc9]LQ[0xaa][0xe5][0x2][0x0][0xc0][0xad][0xff][0xb])[0x0][0x0][0x0]"
10:30:58.715 [main] DEBUG org.apache.http.wire -  << "[\r][\n]"
10:30:58.715 [main] DEBUG org.apache.http.wire -  << "0[\r][\n]"
10:30:58.715 [main] DEBUG org.apache.http.wire -  << "[\r][\n]"
10:30:58.715 [main] DEBUG io.restassured.internal.RestAssuredHttpBuilder - Parsed data to instance of: class org.apache.http.conn.EofSensorInputStream
10:30:58.716 [main] DEBUG org.apache.http.impl.conn.BasicClientConnectionManager - Releasing connection org.apache.http.impl.conn.ManagedClientConnectionImpl@52a74328
10:30:58.716 [main] DEBUG org.apache.http.impl.conn.BasicClientConnectionManager - Connection can be kept alive indefinitely
10:30:58.717 [main] DEBUG net.thucydides.core.steps.StepInterceptor - STEP DONE: I send POST HTTP request login3
  &amp#27;[32mWhen &amp#27;[0m&amp#27;[32mI send POST HTTP request login3&amp#27;[0m              &amp#27;[90m# starter.stepdefinitions.LoginSteps.sendPostHttpRequestLogin3()&amp#27;[0m
10:30:58.721 [main] DEBUG net.thucydides.core.steps.StepInterceptor - STARTING STEP: LoginSteps.receiveValidHttp400Login - I receive valid HTTP response code 400 login
10:30:58.722 [main] DEBUG net.thucydides.core.steps.StepInterceptor - STEP DONE: I receive valid HTTP response code 400 login
  &amp#27;[32mThen &amp#27;[0m&amp#27;[32mI receive valid HTTP response code 400 login&amp#27;[0m &amp#27;[90m# starter.stepdefinitions.LoginSteps.receiveValidHttp400Login()&amp#27;[0m
10:30:58.724 [main] INFO  - 
  _____   ___   ___   _____     ___     _     ___   ___   ___   ___  
 |_   _| | __| / __| |_   _|   | _ \   /_\   / __| / __| | __| |   \ 
   | |   | _|  \__ \   | |     |  _/  / _ \  \__ \ \__ \ | _|  | |) |
   |_|   |___| |___/   |_|     |_|   /_/ \_\ |___/ |___/ |___| |___/ 

POST - Login with empty password
----------------------------------------------------------------------
]]></system-out>
  </testcase>
  <testcase name="POST - Login without payload" classname="Login" time="0.343">
    <system-out><![CDATA[
Scenario: POST - Login without payload              &amp#27;[90m# src/test/resources/features/2. Login.feature:27&amp#27;[0m
10:30:58.730 [main] DEBUG io.cucumber.core.plugin.SerenityReporter - Running feature from file:///C:/Users/WINDOWS%2010/Documents/GitHub/MiniProject_QE/API/minpro/src/test/resources/features/2.%20Login.feature
10:30:58.732 [main] INFO  - 
  _____   ___   ___   _____     ___   _____     _     ___   _____   ___   ___  
 |_   _| | __| / __| |_   _|   / __| |_   _|   /_\   | _ \ |_   _| | __| |   \ 
   | |   | _|  \__ \   | |     \__ \   | |    / _ \  |   /   | |   | _|  | |) |
   |_|   |___| |___/   |_|     |___/   |_|   /_/ \_\ |_|_\   |_|   |___| |___/ 

POST - Login without payload(login;post---login-without-payload)
--------------------------------------------------------------------------------
10:30:58.743 [main] DEBUG net.thucydides.core.steps.StepInterceptor - STARTING STEP: LoginSteps.setPostApiEndpointsLogin - I set POST api endpoints login
10:30:58.744 [main] DEBUG net.thucydides.core.steps.StepInterceptor - STEP DONE: I set POST api endpoints login
  &amp#27;[32mGiven &amp#27;[0m&amp#27;[32mI set POST api endpoints login&amp#27;[0m              &amp#27;[90m# starter.stepdefinitions.LoginSteps.setPostApiEndpointsLogin()&amp#27;[0m
10:30:58.747 [main] DEBUG net.thucydides.core.steps.StepInterceptor - STARTING STEP: LoginSteps.sendPostHttpRequestLogin4 - I send POST HTTP request login4
10:30:58.748 [main] DEBUG net.thucydides.core.steps.StepInterceptor - STARTING STEP: Login.sendPostHttpRequestLogin4 - I set POST api endpoints login
10:30:58.748 [main] DEBUG net.thucydides.core.steps.StepInterceptor - STEP DONE: I set POST api endpoints login
10:30:58.755 [main] DEBUG org.apache.http.impl.conn.BasicClientConnectionManager - Get connection for route {s}->https://altashop-api.fly.dev:443
10:30:58.755 [main] DEBUG org.apache.http.impl.conn.DefaultClientConnectionOperator - Connecting to altashop-api.fly.dev:443
10:30:58.921 [main] DEBUG org.apache.http.client.protocol.RequestAddCookies - CookieSpec selected: ignoreCookies
10:30:58.921 [main] DEBUG org.apache.http.client.protocol.RequestAuthCache - Auth cache not set in the context
10:30:58.921 [main] DEBUG org.apache.http.client.protocol.RequestTargetAuthentication - Target auth state: UNCHALLENGED
10:30:58.921 [main] DEBUG org.apache.http.client.protocol.RequestProxyAuthentication - Proxy auth state: UNCHALLENGED
10:30:58.921 [main] DEBUG org.apache.http.impl.client.DefaultHttpClient - Attempt 1 to execute request
10:30:58.921 [main] DEBUG org.apache.http.impl.conn.DefaultClientConnection - Sending request: POST /api/auth/login HTTP/1.1
10:30:58.921 [main] DEBUG org.apache.http.wire -  >> "POST /api/auth/login HTTP/1.1[\r][\n]"
10:30:58.921 [main] DEBUG org.apache.http.wire -  >> "Accept: */*[\r][\n]"
10:30:58.921 [main] DEBUG org.apache.http.wire -  >> "Content-Type: application/json[\r][\n]"
10:30:58.921 [main] DEBUG org.apache.http.wire -  >> "Content-Length: 9[\r][\n]"
10:30:58.921 [main] DEBUG org.apache.http.wire -  >> "Host: altashop-api.fly.dev[\r][\n]"
10:30:58.921 [main] DEBUG org.apache.http.wire -  >> "Connection: Keep-Alive[\r][\n]"
10:30:58.921 [main] DEBUG org.apache.http.wire -  >> "User-Agent: Apache-HttpClient/4.5.13 (Java/15)[\r][\n]"
10:30:58.921 [main] DEBUG org.apache.http.wire -  >> "Accept-Encoding: gzip,deflate[\r][\n]"
10:30:58.921 [main] DEBUG org.apache.http.wire -  >> "[\r][\n]"
10:30:58.921 [main] DEBUG org.apache.http.headers - >> POST /api/auth/login HTTP/1.1
10:30:58.921 [main] DEBUG org.apache.http.headers - >> Accept: */*
10:30:58.921 [main] DEBUG org.apache.http.headers - >> Content-Type: application/json
10:30:58.922 [main] DEBUG org.apache.http.headers - >> Content-Length: 9
10:30:58.922 [main] DEBUG org.apache.http.headers - >> Host: altashop-api.fly.dev
10:30:58.922 [main] DEBUG org.apache.http.headers - >> Connection: Keep-Alive
10:30:58.922 [main] DEBUG org.apache.http.headers - >> User-Agent: Apache-HttpClient/4.5.13 (Java/15)
10:30:58.922 [main] DEBUG org.apache.http.headers - >> Accept-Encoding: gzip,deflate
10:30:58.922 [main] DEBUG org.apache.http.wire -  >> "{" ":" "}"
10:30:59.060 [main] DEBUG org.apache.http.wire -  << "HTTP/1.1 400 Bad Request[\r][\n]"
10:30:59.060 [main] DEBUG org.apache.http.wire -  << "content-type: application/json[\r][\n]"
10:30:59.060 [main] DEBUG org.apache.http.wire -  << "date: Sun, 07 May 2023 03:31:03 GMT[\r][\n]"
10:30:59.060 [main] DEBUG org.apache.http.wire -  << "content-encoding: gzip[\r][\n]"
10:30:59.060 [main] DEBUG org.apache.http.wire -  << "transfer-encoding: chunked[\r][\n]"
10:30:59.060 [main] DEBUG org.apache.http.wire -  << "server: Fly/3f2597ca (2023-05-03)[\r][\n]"
10:30:59.060 [main] DEBUG org.apache.http.wire -  << "via: 1.1 fly.io[\r][\n]"
10:30:59.060 [main] DEBUG org.apache.http.wire -  << "fly-request-id: 01GZT46K1GAV7SYTRF6JW3HC07-sin[\r][\n]"
10:30:59.060 [main] DEBUG org.apache.http.wire -  << "[\r][\n]"
10:30:59.061 [main] DEBUG org.apache.http.impl.conn.DefaultClientConnection - Receiving response: HTTP/1.1 400 Bad Request
10:30:59.061 [main] DEBUG org.apache.http.headers - << HTTP/1.1 400 Bad Request
10:30:59.061 [main] DEBUG org.apache.http.headers - << content-type: application/json
10:30:59.061 [main] DEBUG org.apache.http.headers - << date: Sun, 07 May 2023 03:31:03 GMT
10:30:59.061 [main] DEBUG org.apache.http.headers - << content-encoding: gzip
10:30:59.061 [main] DEBUG org.apache.http.headers - << transfer-encoding: chunked
10:30:59.061 [main] DEBUG org.apache.http.headers - << server: Fly/3f2597ca (2023-05-03)
10:30:59.061 [main] DEBUG org.apache.http.headers - << via: 1.1 fly.io
10:30:59.061 [main] DEBUG org.apache.http.headers - << fly-request-id: 01GZT46K1GAV7SYTRF6JW3HC07-sin
10:30:59.061 [main] DEBUG org.apache.http.impl.client.DefaultHttpClient - Connection can be kept alive indefinitely
10:30:59.061 [main] DEBUG io.restassured.internal.RestAssuredHttpBuilder - Parsing response as: application/json
10:30:59.061 [main] DEBUG org.apache.http.wire -  << "32[\r][\n]"
10:30:59.061 [main] DEBUG org.apache.http.wire -  << "[0x1f][0x8b][0x8][0x0][0x0][0x0][0x0][0x0][0x4][0xff][0xab]VJ-*[0xca]/R[0xb2]RJ[0xcd]M[0xcc][0xcc]Q[0xc8],V(J-,[0xcd],JMQ[0xaa][0xe5][0x2][0x0]&[0xe3][0xaa]j[0x1e][0x0][0x0][0x0]"
10:30:59.061 [main] DEBUG org.apache.http.wire -  << "[\r][\n]"
10:30:59.061 [main] DEBUG org.apache.http.wire -  << "0[\r][\n]"
10:30:59.061 [main] DEBUG org.apache.http.wire -  << "[\r][\n]"
10:30:59.061 [main] DEBUG io.restassured.internal.RestAssuredHttpBuilder - Parsed data to instance of: class org.apache.http.conn.EofSensorInputStream
10:30:59.062 [main] DEBUG org.apache.http.impl.conn.BasicClientConnectionManager - Releasing connection org.apache.http.impl.conn.ManagedClientConnectionImpl@6b71e98f
10:30:59.062 [main] DEBUG org.apache.http.impl.conn.BasicClientConnectionManager - Connection can be kept alive indefinitely
10:30:59.062 [main] DEBUG net.thucydides.core.steps.StepInterceptor - STEP DONE: I send POST HTTP request login4
  &amp#27;[32mWhen &amp#27;[0m&amp#27;[32mI send POST HTTP request login4&amp#27;[0m              &amp#27;[90m# starter.stepdefinitions.LoginSteps.sendPostHttpRequestLogin4()&amp#27;[0m
10:30:59.065 [main] DEBUG net.thucydides.core.steps.StepInterceptor - STARTING STEP: LoginSteps.receiveValidHttp400Login - I receive valid HTTP response code 400 login
10:30:59.066 [main] DEBUG net.thucydides.core.steps.StepInterceptor - STEP DONE: I receive valid HTTP response code 400 login
  &amp#27;[32mThen &amp#27;[0m&amp#27;[32mI receive valid HTTP response code 400 login&amp#27;[0m &amp#27;[90m# starter.stepdefinitions.LoginSteps.receiveValidHttp400Login()&amp#27;[0m
10:30:59.068 [main] INFO  - 
  _____   ___   ___   _____     ___     _     ___   ___   ___   ___  
 |_   _| | __| / __| |_   _|   | _ \   /_\   / __| / __| | __| |   \ 
   | |   | _|  \__ \   | |     |  _/  / _ \  \__ \ \__ \ | _|  | |) |
   |_|   |___| |___/   |_|     |_|   /_/ \_\ |___/ |___/ |___| |___/ 

POST - Login without payload
----------------------------------------------------------------------
]]></system-out>
  </testcase>
  <testcase name="POST - Login with empty body parameter" classname="Login" time="0.18">
    <system-out><![CDATA[
Scenario: POST - Login with empty body parameter    &amp#27;[90m# src/test/resources/features/2. Login.feature:32&amp#27;[0m
10:30:59.073 [main] DEBUG io.cucumber.core.plugin.SerenityReporter - Running feature from file:///C:/Users/WINDOWS%2010/Documents/GitHub/MiniProject_QE/API/minpro/src/test/resources/features/2.%20Login.feature
10:30:59.077 [main] INFO  - 
  _____   ___   ___   _____     ___   _____     _     ___   _____   ___   ___  
 |_   _| | __| / __| |_   _|   / __| |_   _|   /_\   | _ \ |_   _| | __| |   \ 
   | |   | _|  \__ \   | |     \__ \   | |    / _ \  |   /   | |   | _|  | |) |
   |_|   |___| |___/   |_|     |___/   |_|   /_/ \_\ |_|_\   |_|   |___| |___/ 

POST - Login with empty body parameter(login;post---login-with-empty-body-parameter)
--------------------------------------------------------------------------------
10:30:59.089 [main] DEBUG net.thucydides.core.steps.StepInterceptor - STARTING STEP: LoginSteps.setPostApiEndpointsLogin - I set POST api endpoints login
10:30:59.090 [main] DEBUG net.thucydides.core.steps.StepInterceptor - STEP DONE: I set POST api endpoints login
  &amp#27;[32mGiven &amp#27;[0m&amp#27;[32mI set POST api endpoints login&amp#27;[0m              &amp#27;[90m# starter.stepdefinitions.LoginSteps.setPostApiEndpointsLogin()&amp#27;[0m
10:30:59.093 [main] DEBUG net.thucydides.core.steps.StepInterceptor - STARTING STEP: LoginSteps.sendPostHttpRequestLogin5 - I send POST HTTP request login5
10:30:59.094 [main] DEBUG net.thucydides.core.steps.StepInterceptor - STARTING STEP: Login.sendPostHttpRequestLogin5 - I set POST api endpoints login
10:30:59.095 [main] DEBUG net.thucydides.core.steps.StepInterceptor - STEP DONE: I set POST api endpoints login
10:30:59.105 [main] DEBUG org.apache.http.impl.conn.BasicClientConnectionManager - Get connection for route {s}->https://altashop-api.fly.dev:443
10:30:59.106 [main] DEBUG org.apache.http.impl.conn.DefaultClientConnectionOperator - Connecting to altashop-api.fly.dev:443
10:30:59.203 [main] DEBUG org.apache.http.client.protocol.RequestAddCookies - CookieSpec selected: ignoreCookies
10:30:59.203 [main] DEBUG org.apache.http.client.protocol.RequestAuthCache - Auth cache not set in the context
10:30:59.203 [main] DEBUG org.apache.http.client.protocol.RequestTargetAuthentication - Target auth state: UNCHALLENGED
10:30:59.203 [main] DEBUG org.apache.http.client.protocol.RequestProxyAuthentication - Proxy auth state: UNCHALLENGED
10:30:59.203 [main] DEBUG org.apache.http.impl.client.DefaultHttpClient - Attempt 1 to execute request
10:30:59.203 [main] DEBUG org.apache.http.impl.conn.DefaultClientConnection - Sending request: POST /api/auth/login HTTP/1.1
10:30:59.203 [main] DEBUG org.apache.http.wire -  >> "POST /api/auth/login HTTP/1.1[\r][\n]"
10:30:59.203 [main] DEBUG org.apache.http.wire -  >> "Accept: */*[\r][\n]"
10:30:59.203 [main] DEBUG org.apache.http.wire -  >> "Content-Type: application/json[\r][\n]"
10:30:59.203 [main] DEBUG org.apache.http.wire -  >> "Content-Length: 28[\r][\n]"
10:30:59.203 [main] DEBUG org.apache.http.wire -  >> "Host: altashop-api.fly.dev[\r][\n]"
10:30:59.203 [main] DEBUG org.apache.http.wire -  >> "Connection: Keep-Alive[\r][\n]"
10:30:59.203 [main] DEBUG org.apache.http.wire -  >> "User-Agent: Apache-HttpClient/4.5.13 (Java/15)[\r][\n]"
10:30:59.203 [main] DEBUG org.apache.http.wire -  >> "Accept-Encoding: gzip,deflate[\r][\n]"
10:30:59.203 [main] DEBUG org.apache.http.wire -  >> "[\r][\n]"
10:30:59.203 [main] DEBUG org.apache.http.headers - >> POST /api/auth/login HTTP/1.1
10:30:59.203 [main] DEBUG org.apache.http.headers - >> Accept: */*
10:30:59.203 [main] DEBUG org.apache.http.headers - >> Content-Type: application/json
10:30:59.203 [main] DEBUG org.apache.http.headers - >> Content-Length: 28
10:30:59.203 [main] DEBUG org.apache.http.headers - >> Host: altashop-api.fly.dev
10:30:59.203 [main] DEBUG org.apache.http.headers - >> Connection: Keep-Alive
10:30:59.203 [main] DEBUG org.apache.http.headers - >> User-Agent: Apache-HttpClient/4.5.13 (Java/15)
10:30:59.203 [main] DEBUG org.apache.http.headers - >> Accept-Encoding: gzip,deflate
10:30:59.203 [main] DEBUG org.apache.http.wire -  >> "{"password":" ","email":" "}"
10:30:59.239 [main] DEBUG org.apache.http.wire -  << "HTTP/1.1 400 Bad Request[\r][\n]"
10:30:59.239 [main] DEBUG org.apache.http.wire -  << "content-type: application/json[\r][\n]"
10:30:59.239 [main] DEBUG org.apache.http.wire -  << "date: Sun, 07 May 2023 03:31:04 GMT[\r][\n]"
10:30:59.239 [main] DEBUG org.apache.http.wire -  << "content-encoding: gzip[\r][\n]"
10:30:59.239 [main] DEBUG org.apache.http.wire -  << "transfer-encoding: chunked[\r][\n]"
10:30:59.239 [main] DEBUG org.apache.http.wire -  << "server: Fly/3f2597ca (2023-05-03)[\r][\n]"
10:30:59.240 [main] DEBUG org.apache.http.wire -  << "via: 1.1 fly.io[\r][\n]"
10:30:59.240 [main] DEBUG org.apache.http.wire -  << "fly-request-id: 01GZT46K7AVWM06STNQWPM0MMS-sin[\r][\n]"
10:30:59.240 [main] DEBUG org.apache.http.wire -  << "[\r][\n]"
10:30:59.240 [main] DEBUG org.apache.http.impl.conn.DefaultClientConnection - Receiving response: HTTP/1.1 400 Bad Request
10:30:59.240 [main] DEBUG org.apache.http.headers - << HTTP/1.1 400 Bad Request
10:30:59.240 [main] DEBUG org.apache.http.headers - << content-type: application/json
10:30:59.240 [main] DEBUG org.apache.http.headers - << date: Sun, 07 May 2023 03:31:04 GMT
10:30:59.240 [main] DEBUG org.apache.http.headers - << content-encoding: gzip
10:30:59.240 [main] DEBUG org.apache.http.headers - << transfer-encoding: chunked
10:30:59.240 [main] DEBUG org.apache.http.headers - << server: Fly/3f2597ca (2023-05-03)
10:30:59.240 [main] DEBUG org.apache.http.headers - << via: 1.1 fly.io
10:30:59.240 [main] DEBUG org.apache.http.headers - << fly-request-id: 01GZT46K7AVWM06STNQWPM0MMS-sin
10:30:59.240 [main] DEBUG org.apache.http.impl.client.DefaultHttpClient - Connection can be kept alive indefinitely
10:30:59.240 [main] DEBUG io.restassured.internal.RestAssuredHttpBuilder - Parsing response as: application/json
10:30:59.240 [main] DEBUG org.apache.http.wire -  << "3D[\r][\n]"
10:30:59.240 [main] DEBUG org.apache.http.wire -  << "[0x1f][0x8b][0x8][0x0][0x0][0x0][0x0][0x0][0x4][0xff][0xab]VJ-*[0xca]/R[0xb2]RJ[0xcd]M[0xcc][0xcc]Q[0xc8]/R(H,..[0xcf]/JQ[0xc8],V[0xc8][0xcc]+K[0xcc][0xc9]LQ[0xaa][0xe5][0x2][0x0][0xc0][0xad][0xff][0xb])[0x0][0x0][0x0]"
10:30:59.240 [main] DEBUG org.apache.http.wire -  << "[\r][\n]"
10:30:59.240 [main] DEBUG org.apache.http.wire -  << "0[\r][\n]"
10:30:59.240 [main] DEBUG org.apache.http.wire -  << "[\r][\n]"
10:30:59.240 [main] DEBUG io.restassured.internal.RestAssuredHttpBuilder - Parsed data to instance of: class org.apache.http.conn.EofSensorInputStream
10:30:59.241 [main] DEBUG org.apache.http.impl.conn.BasicClientConnectionManager - Releasing connection org.apache.http.impl.conn.ManagedClientConnectionImpl@6a3e633a
10:30:59.241 [main] DEBUG org.apache.http.impl.conn.BasicClientConnectionManager - Connection can be kept alive indefinitely
10:30:59.241 [main] DEBUG net.thucydides.core.steps.StepInterceptor - STEP DONE: I send POST HTTP request login5
  &amp#27;[32mWhen &amp#27;[0m&amp#27;[32mI send POST HTTP request login5&amp#27;[0m              &amp#27;[90m# starter.stepdefinitions.LoginSteps.sendPostHttpRequestLogin5()&amp#27;[0m
10:30:59.245 [main] DEBUG net.thucydides.core.steps.StepInterceptor - STARTING STEP: LoginSteps.receiveValidHttp400Login - I receive valid HTTP response code 400 login
10:30:59.245 [main] DEBUG net.thucydides.core.steps.StepInterceptor - STEP DONE: I receive valid HTTP response code 400 login
  &amp#27;[32mThen &amp#27;[0m&amp#27;[32mI receive valid HTTP response code 400 login&amp#27;[0m &amp#27;[90m# starter.stepdefinitions.LoginSteps.receiveValidHttp400Login()&amp#27;[0m
10:30:59.248 [main] INFO  - 
  _____   ___   ___   _____     ___     _     ___   ___   ___   ___  
 |_   _| | __| / __| |_   _|   | _ \   /_\   / __| / __| | __| |   \ 
   | |   | _|  \__ \   | |     |  _/  / _ \  \__ \ \__ \ | _|  | |) |
   |_|   |___| |___/   |_|     |_|   /_/ \_\ |___/ |___/ |___| |___/ 

POST - Login with empty body parameter
----------------------------------------------------------------------
]]></system-out>
  </testcase>
  <testcase name="GET - Get user information" classname="User Information" time="0.432">
    <system-out><![CDATA[10:30:59.249 [main] DEBUG io.cucumber.core.plugin.SerenityReporter - Running feature from file:///C:/Users/WINDOWS%2010/Documents/GitHub/MiniProject_QE/API/minpro/src/test/resources/features/3.%20User.feature
10:30:59.253 [main] DEBUG net.thucydides.core.steps.StepEventBus - Test suite started for story net.thucydides.core.model.Story@11e807f1
10:30:59.254 [main] INFO  - Test Suite Started: User Information

Scenario: GET - Get user information               &amp#27;[90m# src/test/resources/features/3. User.feature:7&amp#27;[0m
10:30:59.258 [main] DEBUG io.cucumber.core.plugin.SerenityReporter - Running feature from file:///C:/Users/WINDOWS%2010/Documents/GitHub/MiniProject_QE/API/minpro/src/test/resources/features/3.%20User.feature
10:30:59.262 [main] INFO  - 
  _____   ___   ___   _____     ___   _____     _     ___   _____   ___   ___  
 |_   _| | __| / __| |_   _|   / __| |_   _|   /_\   | _ \ |_   _| | __| |   \ 
   | |   | _|  \__ \   | |     \__ \   | |    / _ \  |   /   | |   | _|  | |) |
   |_|   |___| |___/   |_|     |___/   |_|   /_/ \_\ |_|_\   |_|   |___| |___/ 

GET - Get user information(user-information;get---get-user-information)
--------------------------------------------------------------------------------
  &amp#27;[32mGiven &amp#27;[0m&amp#27;[32mI set GET api endpoints user&amp#27;[0m               &amp#27;[90m# starter.stepdefinitions.UserSteps.setGetApiEndpointsUser()&amp#27;[0m
10:30:59.307 [main] DEBUG org.apache.http.impl.conn.BasicClientConnectionManager - Get connection for route {s}->https://altashop-api.fly.dev:443
10:30:59.307 [main] DEBUG org.apache.http.impl.conn.DefaultClientConnectionOperator - Connecting to altashop-api.fly.dev:443
10:30:59.633 [main] DEBUG org.apache.http.client.protocol.RequestAddCookies - CookieSpec selected: ignoreCookies
10:30:59.633 [main] DEBUG org.apache.http.client.protocol.RequestAuthCache - Auth cache not set in the context
10:30:59.633 [main] DEBUG org.apache.http.client.protocol.RequestProxyAuthentication - Proxy auth state: UNCHALLENGED
10:30:59.633 [main] DEBUG org.apache.http.impl.client.DefaultHttpClient - Attempt 1 to execute request
10:30:59.633 [main] DEBUG org.apache.http.impl.conn.DefaultClientConnection - Sending request: GET /api/auth/info HTTP/1.1
10:30:59.633 [main] DEBUG org.apache.http.wire -  >> "GET /api/auth/info HTTP/1.1[\r][\n]"
10:30:59.634 [main] DEBUG org.apache.http.wire -  >> "Authorization: Bearer eyJhbGciOiJIUzI1NiIsInR5cCI6IkpXVCJ9.eyJGdWxsbmFtZSI6IkFkaXR5YSBOdWdyYWhhIiwiRW1haWwiOiJhZGl0QGdtYWlsLmNvbSJ9.VM2lARkmmliu1pWtk1uhb8z5fGaElvH1jIoYM72Te3g[\r][\n]"
10:30:59.634 [main] DEBUG org.apache.http.wire -  >> "Accept: */*[\r][\n]"
10:30:59.634 [main] DEBUG org.apache.http.wire -  >> "Host: altashop-api.fly.dev[\r][\n]"
10:30:59.634 [main] DEBUG org.apache.http.wire -  >> "Connection: Keep-Alive[\r][\n]"
10:30:59.634 [main] DEBUG org.apache.http.wire -  >> "User-Agent: Apache-HttpClient/4.5.13 (Java/15)[\r][\n]"
10:30:59.634 [main] DEBUG org.apache.http.wire -  >> "Accept-Encoding: gzip,deflate[\r][\n]"
10:30:59.634 [main] DEBUG org.apache.http.wire -  >> "[\r][\n]"
10:30:59.634 [main] DEBUG org.apache.http.headers - >> GET /api/auth/info HTTP/1.1
10:30:59.634 [main] DEBUG org.apache.http.headers - >> Authorization: Bearer eyJhbGciOiJIUzI1NiIsInR5cCI6IkpXVCJ9.eyJGdWxsbmFtZSI6IkFkaXR5YSBOdWdyYWhhIiwiRW1haWwiOiJhZGl0QGdtYWlsLmNvbSJ9.VM2lARkmmliu1pWtk1uhb8z5fGaElvH1jIoYM72Te3g
10:30:59.634 [main] DEBUG org.apache.http.headers - >> Accept: */*
10:30:59.634 [main] DEBUG org.apache.http.headers - >> Host: altashop-api.fly.dev
10:30:59.634 [main] DEBUG org.apache.http.headers - >> Connection: Keep-Alive
10:30:59.634 [main] DEBUG org.apache.http.headers - >> User-Agent: Apache-HttpClient/4.5.13 (Java/15)
10:30:59.634 [main] DEBUG org.apache.http.headers - >> Accept-Encoding: gzip,deflate
10:30:59.674 [main] DEBUG org.apache.http.wire -  << "HTTP/1.1 200 OK[\r][\n]"
10:30:59.674 [main] DEBUG org.apache.http.wire -  << "content-type: application/json[\r][\n]"
10:30:59.674 [main] DEBUG org.apache.http.wire -  << "date: Sun, 07 May 2023 03:31:04 GMT[\r][\n]"
10:30:59.674 [main] DEBUG org.apache.http.wire -  << "content-encoding: gzip[\r][\n]"
10:30:59.674 [main] DEBUG org.apache.http.wire -  << "transfer-encoding: chunked[\r][\n]"
10:30:59.674 [main] DEBUG org.apache.http.wire -  << "server: Fly/3f2597ca (2023-05-03)[\r][\n]"
10:30:59.678 [main] DEBUG org.apache.http.wire -  << "via: 1.1 fly.io[\r][\n]"
10:30:59.678 [main] DEBUG org.apache.http.wire -  << "fly-request-id: 01GZT46KMWJ9Z71QKV44DDF8SP-sin[\r][\n]"
10:30:59.678 [main] DEBUG org.apache.http.wire -  << "[\r][\n]"
10:30:59.678 [main] DEBUG org.apache.http.impl.conn.DefaultClientConnection - Receiving response: HTTP/1.1 200 OK
10:30:59.678 [main] DEBUG org.apache.http.headers - << HTTP/1.1 200 OK
10:30:59.678 [main] DEBUG org.apache.http.headers - << content-type: application/json
10:30:59.678 [main] DEBUG org.apache.http.headers - << date: Sun, 07 May 2023 03:31:04 GMT
10:30:59.678 [main] DEBUG org.apache.http.headers - << content-encoding: gzip
10:30:59.678 [main] DEBUG org.apache.http.headers - << transfer-encoding: chunked
10:30:59.678 [main] DEBUG org.apache.http.headers - << server: Fly/3f2597ca (2023-05-03)
10:30:59.678 [main] DEBUG org.apache.http.headers - << via: 1.1 fly.io
10:30:59.678 [main] DEBUG org.apache.http.headers - << fly-request-id: 01GZT46KMWJ9Z71QKV44DDF8SP-sin
10:30:59.678 [main] DEBUG org.apache.http.impl.client.DefaultHttpClient - Connection can be kept alive indefinitely
10:30:59.678 [main] DEBUG io.restassured.internal.RestAssuredHttpBuilder - Parsing response as: application/json
10:30:59.678 [main] DEBUG org.apache.http.wire -  << "6C[\r][\n]"
10:30:59.678 [main] DEBUG org.apache.http.wire -  << "[0x1f][0x8b][0x8][0x0][0x0][0x0][0x0][0x0][0x4][0xff][0xab]VJI,IT[0xb2][0xaa]V[0xf2]tQ[0xb2]2471[0xb2][0xd4]Qr+[0xcd][0xc9][0xc9]K[0xcc]MU[0xb2]RrL[0xc9],[0xa9]LT[0xf0]+M/J[0xcc]HT[0xd2]Qr[0xcd]M[0xcc][0xcc]Q[0xb2]RJL[0xc9],qH[0x7]q[0xf4][0x92][0xf3]s[0x95]t[0x94][0x2][0x12][0x8b][0x8b][0xcb][0xf3][0x8b]R[0xa0]r[0x86]F[0xc6]J[0xb5][0xb5]\[0x0][0xd4][0xca][0x1]_`[0x0][0x0][0x0]"
10:30:59.678 [main] DEBUG org.apache.http.wire -  << "[\r][\n]"
10:30:59.678 [Finalizer] DEBUG org.apache.http.impl.conn.DefaultClientConnection - Connection 0.0.0.0:54028<->149.248.193.56:443 closed
10:30:59.679 [main] DEBUG org.apache.http.wire -  << "0[\r][\n]"
10:30:59.679 [main] DEBUG org.apache.http.wire -  << "[\r][\n]"
10:30:59.679 [main] DEBUG io.restassured.internal.RestAssuredHttpBuilder - Parsed data to instance of: class org.apache.http.conn.EofSensorInputStream
10:30:59.680 [main] DEBUG org.apache.http.impl.conn.BasicClientConnectionManager - Releasing connection org.apache.http.impl.conn.ManagedClientConnectionImpl@33827b88
10:30:59.680 [main] DEBUG org.apache.http.impl.conn.BasicClientConnectionManager - Connection can be kept alive indefinitely
  &amp#27;[32mWhen &amp#27;[0m&amp#27;[32mI send GET HTTP request user&amp#27;[0m                &amp#27;[90m# starter.stepdefinitions.UserSteps.sentGetHttpRequestUser()&amp#27;[0m
  &amp#27;[32mThen &amp#27;[0m&amp#27;[32mI receive valid HTTP response code 200 user&amp#27;[0m &amp#27;[90m# starter.stepdefinitions.UserSteps.receiveValidHttp200User()&amp#27;[0m
10:30:59.685 [main] INFO  - 
  _____   ___   ___   _____     ___     _     ___   ___   ___   ___  
 |_   _| | __| / __| |_   _|   | _ \   /_\   / __| / __| | __| |   \ 
   | |   | _|  \__ \   | |     |  _/  / _ \  \__ \ \__ \ | _|  | |) |
   |_|   |___| |___/   |_|     |_|   /_/ \_\ |___/ |___/ |___| |___/ 

GET - Get user information
----------------------------------------------------------------------
]]></system-out>
  </testcase>
  <testcase name="GET - Get user information without token" classname="User Information" time="0.253">
    <system-out><![CDATA[
Scenario: GET - Get user information without token &amp#27;[90m# src/test/resources/features/3. User.feature:12&amp#27;[0m
10:30:59.689 [main] DEBUG io.cucumber.core.plugin.SerenityReporter - Running feature from file:///C:/Users/WINDOWS%2010/Documents/GitHub/MiniProject_QE/API/minpro/src/test/resources/features/3.%20User.feature
10:30:59.692 [main] INFO  - 
  _____   ___   ___   _____     ___   _____     _     ___   _____   ___   ___  
 |_   _| | __| / __| |_   _|   / __| |_   _|   /_\   | _ \ |_   _| | __| |   \ 
   | |   | _|  \__ \   | |     \__ \   | |    / _ \  |   /   | |   | _|  | |) |
   |_|   |___| |___/   |_|     |___/   |_|   /_/ \_\ |_|_\   |_|   |___| |___/ 

GET - Get user information without token(user-information;get---get-user-information-without-token)
--------------------------------------------------------------------------------
  &amp#27;[32mGiven &amp#27;[0m&amp#27;[32mI set GET api endpoints user&amp#27;[0m               &amp#27;[90m# starter.stepdefinitions.UserSteps.setGetApiEndpointsUser()&amp#27;[0m
10:30:59.710 [main] DEBUG org.apache.http.impl.conn.BasicClientConnectionManager - Get connection for route {s}->https://altashop-api.fly.dev:443
10:30:59.711 [main] DEBUG org.apache.http.impl.conn.DefaultClientConnectionOperator - Connecting to altashop-api.fly.dev:443
10:30:59.837 [main] DEBUG org.apache.http.client.protocol.RequestAddCookies - CookieSpec selected: ignoreCookies
10:30:59.837 [main] DEBUG org.apache.http.client.protocol.RequestAuthCache - Auth cache not set in the context
10:30:59.837 [main] DEBUG org.apache.http.client.protocol.RequestTargetAuthentication - Target auth state: UNCHALLENGED
10:30:59.837 [main] DEBUG org.apache.http.client.protocol.RequestProxyAuthentication - Proxy auth state: UNCHALLENGED
10:30:59.837 [main] DEBUG org.apache.http.impl.client.DefaultHttpClient - Attempt 1 to execute request
10:30:59.837 [main] DEBUG org.apache.http.impl.conn.DefaultClientConnection - Sending request: GET /api/auth/info HTTP/1.1
10:30:59.837 [main] DEBUG org.apache.http.wire -  >> "GET /api/auth/info HTTP/1.1[\r][\n]"
10:30:59.837 [main] DEBUG org.apache.http.wire -  >> "Accept: */*[\r][\n]"
10:30:59.837 [main] DEBUG org.apache.http.wire -  >> "Host: altashop-api.fly.dev[\r][\n]"
10:30:59.837 [main] DEBUG org.apache.http.wire -  >> "Connection: Keep-Alive[\r][\n]"
10:30:59.837 [main] DEBUG org.apache.http.wire -  >> "User-Agent: Apache-HttpClient/4.5.13 (Java/15)[\r][\n]"
10:30:59.837 [main] DEBUG org.apache.http.wire -  >> "Accept-Encoding: gzip,deflate[\r][\n]"
10:30:59.837 [main] DEBUG org.apache.http.wire -  >> "[\r][\n]"
10:30:59.837 [main] DEBUG org.apache.http.headers - >> GET /api/auth/info HTTP/1.1
10:30:59.837 [main] DEBUG org.apache.http.headers - >> Accept: */*
10:30:59.837 [main] DEBUG org.apache.http.headers - >> Host: altashop-api.fly.dev
10:30:59.837 [main] DEBUG org.apache.http.headers - >> Connection: Keep-Alive
10:30:59.837 [main] DEBUG org.apache.http.headers - >> User-Agent: Apache-HttpClient/4.5.13 (Java/15)
10:30:59.837 [main] DEBUG org.apache.http.headers - >> Accept-Encoding: gzip,deflate
10:30:59.931 [main] DEBUG org.apache.http.wire -  << "HTTP/1.1 401 Unauthorized[\r][\n]"
10:30:59.931 [main] DEBUG org.apache.http.wire -  << "content-type: application/json[\r][\n]"
10:30:59.931 [main] DEBUG org.apache.http.wire -  << "date: Sun, 07 May 2023 03:31:04 GMT[\r][\n]"
10:30:59.931 [main] DEBUG org.apache.http.wire -  << "content-encoding: gzip[\r][\n]"
10:30:59.931 [main] DEBUG org.apache.http.wire -  << "transfer-encoding: chunked[\r][\n]"
10:30:59.931 [main] DEBUG org.apache.http.wire -  << "server: Fly/3f2597ca (2023-05-03)[\r][\n]"
10:30:59.931 [main] DEBUG org.apache.http.wire -  << "via: 1.1 fly.io[\r][\n]"
10:30:59.931 [main] DEBUG org.apache.http.wire -  << "fly-request-id: 01GZT46KWWCHE943W25GCC69J9-sin[\r][\n]"
10:30:59.931 [main] DEBUG org.apache.http.wire -  << "[\r][\n]"
10:30:59.931 [main] DEBUG org.apache.http.impl.conn.DefaultClientConnection - Receiving response: HTTP/1.1 401 Unauthorized
10:30:59.931 [main] DEBUG org.apache.http.headers - << HTTP/1.1 401 Unauthorized
10:30:59.931 [main] DEBUG org.apache.http.headers - << content-type: application/json
10:30:59.932 [main] DEBUG org.apache.http.headers - << date: Sun, 07 May 2023 03:31:04 GMT
10:30:59.932 [main] DEBUG org.apache.http.headers - << content-encoding: gzip
10:30:59.932 [main] DEBUG org.apache.http.headers - << transfer-encoding: chunked
10:30:59.932 [main] DEBUG org.apache.http.headers - << server: Fly/3f2597ca (2023-05-03)
10:30:59.932 [main] DEBUG org.apache.http.headers - << via: 1.1 fly.io
10:30:59.932 [main] DEBUG org.apache.http.headers - << fly-request-id: 01GZT46KWWCHE943W25GCC69J9-sin
10:30:59.932 [main] DEBUG org.apache.http.impl.client.DefaultHttpClient - Connection can be kept alive indefinitely
10:30:59.932 [main] DEBUG org.apache.http.impl.client.DefaultHttpClient - Authentication required
10:30:59.932 [main] DEBUG org.apache.http.impl.client.DefaultHttpClient - altashop-api.fly.dev:443 requested authentication
10:30:59.932 [main] DEBUG org.apache.http.impl.client.DefaultHttpClient - Response contains no authentication challenges
10:30:59.932 [main] DEBUG io.restassured.internal.RestAssuredHttpBuilder - Parsing response as: application/json
10:30:59.932 [main] DEBUG org.apache.http.wire -  << "2D[\r][\n]"
10:30:59.932 [main] DEBUG org.apache.http.wire -  << "[0x1f][0x8b][0x8][0x0][0x0][0x0][0x0][0x0][0x4][0xff][0xab]VJ-*[0xca]/R[0xb2]R*[0xcd]K,-[0xc9][0xc8]/[0xca][0xac]JMQ[0xaa][0xe5][0x2][0x0]@[0x17]da[0x19][0x0][0x0][0x0]"
10:30:59.932 [main] DEBUG org.apache.http.wire -  << "[\r][\n]"
10:30:59.932 [main] DEBUG org.apache.http.wire -  << "0[\r][\n]"
10:30:59.932 [main] DEBUG org.apache.http.wire -  << "[\r][\n]"
10:30:59.932 [main] DEBUG io.restassured.internal.RestAssuredHttpBuilder - Parsed data to instance of: class org.apache.http.conn.EofSensorInputStream
10:30:59.933 [main] DEBUG org.apache.http.impl.conn.BasicClientConnectionManager - Releasing connection org.apache.http.impl.conn.ManagedClientConnectionImpl@6978a32a
10:30:59.933 [main] DEBUG org.apache.http.impl.conn.BasicClientConnectionManager - Connection can be kept alive indefinitely
  &amp#27;[32mWhen &amp#27;[0m&amp#27;[32mI send GET HTTP request user2&amp#27;[0m               &amp#27;[90m# starter.stepdefinitions.UserSteps.sendGetHttpRequestUser2()&amp#27;[0m
  &amp#27;[32mThen &amp#27;[0m&amp#27;[32mI receive valid HTTP response code 401 user&amp#27;[0m &amp#27;[90m# starter.stepdefinitions.UserSteps.receiveValidHttp401User()&amp#27;[0m
10:30:59.938 [main] INFO  - 
  _____   ___   ___   _____     ___     _     ___   ___   ___   ___  
 |_   _| | __| / __| |_   _|   | _ \   /_\   / __| / __| | __| |   \ 
   | |   | _|  \__ \   | |     |  _/  / _ \  \__ \ \__ \ | _|  | |) |
   |_|   |___| |___/   |_|     |_|   /_/ \_\ |___/ |___/ |___| |___/ 

GET - Get user information without token
----------------------------------------------------------------------
]]></system-out>
  </testcase>
  <testcase name="POST - Add new category" classname="Categories" time="0.237">
    <system-out><![CDATA[10:30:59.939 [main] DEBUG io.cucumber.core.plugin.SerenityReporter - Running feature from file:///C:/Users/WINDOWS%2010/Documents/GitHub/MiniProject_QE/API/minpro/src/test/resources/features/4.%20Categories.feature
10:30:59.942 [main] DEBUG net.thucydides.core.steps.StepEventBus - Test suite started for story net.thucydides.core.model.Story@1b5f86d1
10:30:59.943 [main] INFO  - Test Suite Started: Categories

Scenario: POST - Add new category                        &amp#27;[90m# src/test/resources/features/4. Categories.feature:7&amp#27;[0m
10:30:59.948 [main] DEBUG io.cucumber.core.plugin.SerenityReporter - Running feature from file:///C:/Users/WINDOWS%2010/Documents/GitHub/MiniProject_QE/API/minpro/src/test/resources/features/4.%20Categories.feature
10:30:59.951 [main] INFO  - 
  _____   ___   ___   _____     ___   _____     _     ___   _____   ___   ___  
 |_   _| | __| / __| |_   _|   / __| |_   _|   /_\   | _ \ |_   _| | __| |   \ 
   | |   | _|  \__ \   | |     \__ \   | |    / _ \  |   /   | |   | _|  | |) |
   |_|   |___| |___/   |_|     |___/   |_|   /_/ \_\ |_|_\   |_|   |___| |___/ 

POST - Add new category(categories;post---add-new-category)
--------------------------------------------------------------------------------
10:30:59.970 [main] DEBUG net.thucydides.core.steps.StepInterceptor - STARTING STEP: CategoriesSteps.setPostApiEndpointsf - I set POST api endpoints categories
10:30:59.971 [main] DEBUG net.thucydides.core.steps.StepInterceptor - STEP DONE: I set POST api endpoints categories
  &amp#27;[32mGiven &amp#27;[0m&amp#27;[32mI set POST api endpoints categories&amp#27;[0m              &amp#27;[90m# starter.stepdefinitions.CategoriesSteps.setPostApiEndpointsf()&amp#27;[0m
10:30:59.977 [main] DEBUG net.thucydides.core.steps.StepInterceptor - STARTING STEP: CategoriesSteps.sendPostHttpRequestCategories - I send POST HTTP request categories
10:30:59.980 [main] DEBUG net.thucydides.core.steps.StepInterceptor - STARTING STEP: Categories.sendPostHttpRequestCategories - I set POST api endpoints categories
10:30:59.981 [main] DEBUG net.thucydides.core.steps.StepInterceptor - STEP DONE: I set POST api endpoints categories
10:30:59.999 [main] DEBUG org.apache.http.impl.conn.BasicClientConnectionManager - Get connection for route {s}->https://altashop-api.fly.dev:443
10:30:59.999 [main] DEBUG org.apache.http.impl.conn.DefaultClientConnectionOperator - Connecting to altashop-api.fly.dev:443
10:31:00.134 [main] DEBUG org.apache.http.client.protocol.RequestAddCookies - CookieSpec selected: ignoreCookies
10:31:00.134 [main] DEBUG org.apache.http.client.protocol.RequestAuthCache - Auth cache not set in the context
10:31:00.134 [main] DEBUG org.apache.http.client.protocol.RequestTargetAuthentication - Target auth state: UNCHALLENGED
10:31:00.134 [main] DEBUG org.apache.http.client.protocol.RequestProxyAuthentication - Proxy auth state: UNCHALLENGED
10:31:00.134 [main] DEBUG org.apache.http.impl.client.DefaultHttpClient - Attempt 1 to execute request
10:31:00.134 [main] DEBUG org.apache.http.impl.conn.DefaultClientConnection - Sending request: POST /api/categories HTTP/1.1
10:31:00.134 [main] DEBUG org.apache.http.wire -  >> "POST /api/categories HTTP/1.1[\r][\n]"
10:31:00.134 [main] DEBUG org.apache.http.wire -  >> "Accept: */*[\r][\n]"
10:31:00.134 [main] DEBUG org.apache.http.wire -  >> "Content-Type: application/json[\r][\n]"
10:31:00.134 [main] DEBUG org.apache.http.wire -  >> "Content-Length: 53[\r][\n]"
10:31:00.134 [main] DEBUG org.apache.http.wire -  >> "Host: altashop-api.fly.dev[\r][\n]"
10:31:00.134 [main] DEBUG org.apache.http.wire -  >> "Connection: Keep-Alive[\r][\n]"
10:31:00.134 [main] DEBUG org.apache.http.wire -  >> "User-Agent: Apache-HttpClient/4.5.13 (Java/15)[\r][\n]"
10:31:00.134 [main] DEBUG org.apache.http.wire -  >> "Accept-Encoding: gzip,deflate[\r][\n]"
10:31:00.134 [main] DEBUG org.apache.http.wire -  >> "[\r][\n]"
10:31:00.134 [main] DEBUG org.apache.http.headers - >> POST /api/categories HTTP/1.1
10:31:00.134 [main] DEBUG org.apache.http.headers - >> Accept: */*
10:31:00.134 [main] DEBUG org.apache.http.headers - >> Content-Type: application/json
10:31:00.134 [main] DEBUG org.apache.http.headers - >> Content-Length: 53
10:31:00.134 [main] DEBUG org.apache.http.headers - >> Host: altashop-api.fly.dev
10:31:00.134 [main] DEBUG org.apache.http.headers - >> Connection: Keep-Alive
10:31:00.134 [main] DEBUG org.apache.http.headers - >> User-Agent: Apache-HttpClient/4.5.13 (Java/15)
10:31:00.134 [main] DEBUG org.apache.http.headers - >> Accept-Encoding: gzip,deflate
10:31:00.134 [main] DEBUG org.apache.http.wire -  >> "{"name":"Gaming","description":"For gaming purposes"}"
10:31:00.172 [main] DEBUG org.apache.http.wire -  << "HTTP/1.1 200 OK[\r][\n]"
10:31:00.173 [main] DEBUG org.apache.http.wire -  << "content-type: application/json[\r][\n]"
10:31:00.173 [main] DEBUG org.apache.http.wire -  << "date: Sun, 07 May 2023 03:31:04 GMT[\r][\n]"
10:31:00.173 [main] DEBUG org.apache.http.wire -  << "content-encoding: gzip[\r][\n]"
10:31:00.173 [main] DEBUG org.apache.http.wire -  << "transfer-encoding: chunked[\r][\n]"
10:31:00.173 [main] DEBUG org.apache.http.wire -  << "server: Fly/3f2597ca (2023-05-03)[\r][\n]"
10:31:00.173 [main] DEBUG org.apache.http.wire -  << "via: 1.1 fly.io[\r][\n]"
10:31:00.173 [main] DEBUG org.apache.http.wire -  << "fly-request-id: 01GZT46M4DTCVRCC5WW5W0PD7V-sin[\r][\n]"
10:31:00.173 [main] DEBUG org.apache.http.wire -  << "[\r][\n]"
10:31:00.173 [main] DEBUG org.apache.http.impl.conn.DefaultClientConnection - Receiving response: HTTP/1.1 200 OK
10:31:00.173 [main] DEBUG org.apache.http.headers - << HTTP/1.1 200 OK
10:31:00.173 [main] DEBUG org.apache.http.headers - << content-type: application/json
10:31:00.173 [main] DEBUG org.apache.http.headers - << date: Sun, 07 May 2023 03:31:04 GMT
10:31:00.173 [main] DEBUG org.apache.http.headers - << content-encoding: gzip
10:31:00.173 [main] DEBUG org.apache.http.headers - << transfer-encoding: chunked
10:31:00.173 [main] DEBUG org.apache.http.headers - << server: Fly/3f2597ca (2023-05-03)
10:31:00.173 [main] DEBUG org.apache.http.headers - << via: 1.1 fly.io
10:31:00.173 [main] DEBUG org.apache.http.headers - << fly-request-id: 01GZT46M4DTCVRCC5WW5W0PD7V-sin
10:31:00.173 [main] DEBUG org.apache.http.impl.client.DefaultHttpClient - Connection can be kept alive indefinitely
10:31:00.173 [main] DEBUG io.restassured.internal.RestAssuredHttpBuilder - Parsing response as: application/json
10:31:00.173 [main] DEBUG org.apache.http.wire -  << "5B[\r][\n]"
10:31:00.173 [main] DEBUG org.apache.http.wire -  << "[0x1f][0x8b][0x8][0x0][0x0][0x0][0x0][0x0][0x4][0xff][0xab]VJI,IT[0xb2][0xaa]V[0xf2]tQ[0xb2]24620[0xd0]Q[0xf2]K[0xcc]MU[0xb2]RrO[0xcc][0xcd][0xcc]KW[0xd2]QrI-N.[0xca],([0xc9][0xcc][0xcf]S[0xb2]Rr[0xcb]/RH[0x7]K)[0x14][0x94][0x16][0x15][0xe4][0x17][0xa7][0x16]+[0xd5][0xd6]r[0x1][0x0][0x89]][0xff]J[0x0][0x0][0x0]"
10:31:00.173 [main] DEBUG org.apache.http.wire -  << "[\r][\n]"
10:31:00.173 [main] DEBUG org.apache.http.wire -  << "0[\r][\n]"
10:31:00.173 [main] DEBUG org.apache.http.wire -  << "[\r][\n]"
10:31:00.173 [main] DEBUG io.restassured.internal.RestAssuredHttpBuilder - Parsed data to instance of: class org.apache.http.conn.EofSensorInputStream
10:31:00.174 [main] DEBUG org.apache.http.impl.conn.BasicClientConnectionManager - Releasing connection org.apache.http.impl.conn.ManagedClientConnectionImpl@f453129
10:31:00.174 [main] DEBUG org.apache.http.impl.conn.BasicClientConnectionManager - Connection can be kept alive indefinitely
10:31:00.174 [main] DEBUG net.thucydides.core.steps.StepInterceptor - STEP DONE: I send POST HTTP request categories
  &amp#27;[32mWhen &amp#27;[0m&amp#27;[32mI send POST HTTP request categories&amp#27;[0m               &amp#27;[90m# starter.stepdefinitions.CategoriesSteps.sendPostHttpRequestCategories()&amp#27;[0m
10:31:00.177 [main] DEBUG net.thucydides.core.steps.StepInterceptor - STARTING STEP: CategoriesSteps.receiveValidHttp200Categories - I receive valid HTTP response code 200 categories
10:31:00.178 [main] DEBUG net.thucydides.core.steps.StepInterceptor - STEP DONE: I receive valid HTTP response code 200 categories
  &amp#27;[32mThen &amp#27;[0m&amp#27;[32mI receive valid HTTP response code 200 categories&amp#27;[0m &amp#27;[90m# starter.stepdefinitions.CategoriesSteps.receiveValidHttp200Categories()&amp#27;[0m
10:31:00.180 [main] INFO  - 
  _____   ___   ___   _____     ___     _     ___   ___   ___   ___  
 |_   _| | __| / __| |_   _|   | _ \   /_\   / __| / __| | __| |   \ 
   | |   | _|  \__ \   | |     |  _/  / _ \  \__ \ \__ \ | _|  | |) |
   |_|   |___| |___/   |_|     |_|   /_/ \_\ |___/ |___/ |___| |___/ 

POST - Add new category
----------------------------------------------------------------------
]]></system-out>
  </testcase>
  <testcase name="POST - Add new category without description data payload" classname="Categories" time="0.203">
    <system-out><![CDATA[
Scenario: POST - Add new category without description data payload &amp#27;[90m# src/test/resources/features/4. Categories.feature:12&amp#27;[0m
10:31:00.184 [main] DEBUG io.cucumber.core.plugin.SerenityReporter - Running feature from file:///C:/Users/WINDOWS%2010/Documents/GitHub/MiniProject_QE/API/minpro/src/test/resources/features/4.%20Categories.feature
10:31:00.188 [main] INFO  - 
  _____   ___   ___   _____     ___   _____     _     ___   _____   ___   ___  
 |_   _| | __| / __| |_   _|   / __| |_   _|   /_\   | _ \ |_   _| | __| |   \ 
   | |   | _|  \__ \   | |     \__ \   | |    / _ \  |   /   | |   | _|  | |) |
   |_|   |___| |___/   |_|     |___/   |_|   /_/ \_\ |_|_\   |_|   |___| |___/ 

POST - Add new category without description data payload(categories;post---add-new-category-without-description-data-payload)
--------------------------------------------------------------------------------
10:31:00.201 [main] DEBUG net.thucydides.core.steps.StepInterceptor - STARTING STEP: CategoriesSteps.setPostApiEndpointsf - I set POST api endpoints categories
10:31:00.201 [main] DEBUG net.thucydides.core.steps.StepInterceptor - STEP DONE: I set POST api endpoints categories
  &amp#27;[32mGiven &amp#27;[0m&amp#27;[32mI set POST api endpoints categories&amp#27;[0m                        &amp#27;[90m# starter.stepdefinitions.CategoriesSteps.setPostApiEndpointsf()&amp#27;[0m
10:31:00.205 [main] DEBUG net.thucydides.core.steps.StepInterceptor - STARTING STEP: CategoriesSteps.sendPostHttpRequestCategories2 - I send POST HTTP request categories2
10:31:00.207 [main] DEBUG net.thucydides.core.steps.StepInterceptor - STARTING STEP: Categories.sendPostHttpRequestCategories2 - I set POST api endpoints categories
10:31:00.207 [main] DEBUG net.thucydides.core.steps.StepInterceptor - STEP DONE: I set POST api endpoints categories
10:31:00.217 [main] DEBUG org.apache.http.impl.conn.BasicClientConnectionManager - Get connection for route {s}->https://altashop-api.fly.dev:443
10:31:00.217 [main] DEBUG org.apache.http.impl.conn.DefaultClientConnectionOperator - Connecting to altashop-api.fly.dev:443
10:31:00.331 [main] DEBUG org.apache.http.client.protocol.RequestAddCookies - CookieSpec selected: ignoreCookies
10:31:00.331 [main] DEBUG org.apache.http.client.protocol.RequestAuthCache - Auth cache not set in the context
10:31:00.331 [main] DEBUG org.apache.http.client.protocol.RequestTargetAuthentication - Target auth state: UNCHALLENGED
10:31:00.331 [main] DEBUG org.apache.http.client.protocol.RequestProxyAuthentication - Proxy auth state: UNCHALLENGED
10:31:00.332 [main] DEBUG org.apache.http.impl.client.DefaultHttpClient - Attempt 1 to execute request
10:31:00.332 [main] DEBUG org.apache.http.impl.conn.DefaultClientConnection - Sending request: POST /api/categories HTTP/1.1
10:31:00.332 [main] DEBUG org.apache.http.wire -  >> "POST /api/categories HTTP/1.1[\r][\n]"
10:31:00.332 [main] DEBUG org.apache.http.wire -  >> "Accept: */*[\r][\n]"
10:31:00.332 [main] DEBUG org.apache.http.wire -  >> "Content-Type: application/json[\r][\n]"
10:31:00.332 [main] DEBUG org.apache.http.wire -  >> "Content-Length: 17[\r][\n]"
10:31:00.332 [main] DEBUG org.apache.http.wire -  >> "Host: altashop-api.fly.dev[\r][\n]"
10:31:00.332 [main] DEBUG org.apache.http.wire -  >> "Connection: Keep-Alive[\r][\n]"
10:31:00.332 [main] DEBUG org.apache.http.wire -  >> "User-Agent: Apache-HttpClient/4.5.13 (Java/15)[\r][\n]"
10:31:00.332 [main] DEBUG org.apache.http.wire -  >> "Accept-Encoding: gzip,deflate[\r][\n]"
10:31:00.332 [main] DEBUG org.apache.http.wire -  >> "[\r][\n]"
10:31:00.332 [main] DEBUG org.apache.http.headers - >> POST /api/categories HTTP/1.1
10:31:00.332 [main] DEBUG org.apache.http.headers - >> Accept: */*
10:31:00.332 [main] DEBUG org.apache.http.headers - >> Content-Type: application/json
10:31:00.332 [main] DEBUG org.apache.http.headers - >> Content-Length: 17
10:31:00.332 [main] DEBUG org.apache.http.headers - >> Host: altashop-api.fly.dev
10:31:00.332 [main] DEBUG org.apache.http.headers - >> Connection: Keep-Alive
10:31:00.332 [main] DEBUG org.apache.http.headers - >> User-Agent: Apache-HttpClient/4.5.13 (Java/15)
10:31:00.332 [main] DEBUG org.apache.http.headers - >> Accept-Encoding: gzip,deflate
10:31:00.332 [main] DEBUG org.apache.http.wire -  >> "{"name":"Gaming"}"
10:31:00.376 [main] DEBUG org.apache.http.wire -  << "HTTP/1.1 200 OK[\r][\n]"
10:31:00.376 [main] DEBUG org.apache.http.wire -  << "content-type: application/json[\r][\n]"
10:31:00.376 [main] DEBUG org.apache.http.wire -  << "date: Sun, 07 May 2023 03:31:05 GMT[\r][\n]"
10:31:00.376 [main] DEBUG org.apache.http.wire -  << "content-encoding: gzip[\r][\n]"
10:31:00.376 [main] DEBUG org.apache.http.wire -  << "transfer-encoding: chunked[\r][\n]"
10:31:00.376 [main] DEBUG org.apache.http.wire -  << "server: Fly/3f2597ca (2023-05-03)[\r][\n]"
10:31:00.376 [main] DEBUG org.apache.http.wire -  << "via: 1.1 fly.io[\r][\n]"
10:31:00.376 [main] DEBUG org.apache.http.wire -  << "fly-request-id: 01GZT46MASJJ168VVMEQDQHJPD-sin[\r][\n]"
10:31:00.376 [main] DEBUG org.apache.http.wire -  << "[\r][\n]"
10:31:00.376 [main] DEBUG org.apache.http.impl.conn.DefaultClientConnection - Receiving response: HTTP/1.1 200 OK
10:31:00.376 [main] DEBUG org.apache.http.headers - << HTTP/1.1 200 OK
10:31:00.376 [main] DEBUG org.apache.http.headers - << content-type: application/json
10:31:00.377 [main] DEBUG org.apache.http.headers - << date: Sun, 07 May 2023 03:31:05 GMT
10:31:00.377 [main] DEBUG org.apache.http.headers - << content-encoding: gzip
10:31:00.377 [main] DEBUG org.apache.http.headers - << transfer-encoding: chunked
10:31:00.377 [main] DEBUG org.apache.http.headers - << server: Fly/3f2597ca (2023-05-03)
10:31:00.377 [main] DEBUG org.apache.http.headers - << via: 1.1 fly.io
10:31:00.377 [main] DEBUG org.apache.http.headers - << fly-request-id: 01GZT46MASJJ168VVMEQDQHJPD-sin
10:31:00.377 [main] DEBUG org.apache.http.impl.client.DefaultHttpClient - Connection can be kept alive indefinitely
10:31:00.377 [main] DEBUG io.restassured.internal.RestAssuredHttpBuilder - Parsing response as: application/json
10:31:00.377 [main] DEBUG org.apache.http.wire -  << "4B[\r][\n]"
10:31:00.377 [main] DEBUG org.apache.http.wire -  << "[0x1f][0x8b][0x8][0x0][0x0][0x0][0x0][0x0][0x4][0xff][0xab]VJI,IT[0xb2][0xaa]V[0xf2]tQ[0xb2]24620[0xd4]Q[0xf2]K[0xcc]MU[0xb2]RrO[0xcc][0xcd][0xcc]KW[0xd2]QrI-N.[0xca],([0xc9][0xcc][0xcf]S[0xb2]RR[0xaa][0xad][0xe5][0x2][0x0][0xe2]:O[0xcb]7[0x0][0x0][0x0]"
10:31:00.377 [main] DEBUG org.apache.http.wire -  << "[\r][\n]"
10:31:00.377 [main] DEBUG org.apache.http.wire -  << "0[\r][\n]"
10:31:00.377 [main] DEBUG org.apache.http.wire -  << "[\r][\n]"
10:31:00.377 [main] DEBUG io.restassured.internal.RestAssuredHttpBuilder - Parsed data to instance of: class org.apache.http.conn.EofSensorInputStream
10:31:00.378 [main] DEBUG org.apache.http.impl.conn.BasicClientConnectionManager - Releasing connection org.apache.http.impl.conn.ManagedClientConnectionImpl@4866e0a7
10:31:00.378 [main] DEBUG org.apache.http.impl.conn.BasicClientConnectionManager - Connection can be kept alive indefinitely
10:31:00.379 [main] DEBUG net.thucydides.core.steps.StepInterceptor - STEP DONE: I send POST HTTP request categories2
  &amp#27;[32mWhen &amp#27;[0m&amp#27;[32mI send POST HTTP request categories2&amp#27;[0m                        &amp#27;[90m# starter.stepdefinitions.CategoriesSteps.sendPostHttpRequestCategories2()&amp#27;[0m
10:31:00.381 [main] DEBUG net.thucydides.core.steps.StepInterceptor - STARTING STEP: CategoriesSteps.receiveValidHttp200Categories - I receive valid HTTP response code 200 categories
10:31:00.382 [main] DEBUG net.thucydides.core.steps.StepInterceptor - STEP DONE: I receive valid HTTP response code 200 categories
  &amp#27;[32mThen &amp#27;[0m&amp#27;[32mI receive valid HTTP response code 200 categories&amp#27;[0m           &amp#27;[90m# starter.stepdefinitions.CategoriesSteps.receiveValidHttp200Categories()&amp#27;[0m
10:31:00.384 [main] INFO  - 
  _____   ___   ___   _____     ___     _     ___   ___   ___   ___  
 |_   _| | __| / __| |_   _|   | _ \   /_\   / __| / __| | __| |   \ 
   | |   | _|  \__ \   | |     |  _/  / _ \  \__ \ \__ \ | _|  | |) |
   |_|   |___| |___/   |_|     |_|   /_/ \_\ |___/ |___/ |___| |___/ 

POST - Add new category without description data payload
----------------------------------------------------------------------
]]></system-out>
  </testcase>
  <testcase name="POST - Add new category without name data payload" classname="Categories" time="0.167">
    <system-out><![CDATA[
Scenario: POST - Add new category without name data payload &amp#27;[90m# src/test/resources/features/4. Categories.feature:17&amp#27;[0m
10:31:00.388 [main] DEBUG io.cucumber.core.plugin.SerenityReporter - Running feature from file:///C:/Users/WINDOWS%2010/Documents/GitHub/MiniProject_QE/API/minpro/src/test/resources/features/4.%20Categories.feature
10:31:00.390 [main] INFO  - 
  _____   ___   ___   _____     ___   _____     _     ___   _____   ___   ___  
 |_   _| | __| / __| |_   _|   / __| |_   _|   /_\   | _ \ |_   _| | __| |   \ 
   | |   | _|  \__ \   | |     \__ \   | |    / _ \  |   /   | |   | _|  | |) |
   |_|   |___| |___/   |_|     |___/   |_|   /_/ \_\ |_|_\   |_|   |___| |___/ 

POST - Add new category without name data payload(categories;post---add-new-category-without-name-data-payload)
--------------------------------------------------------------------------------
10:31:00.401 [main] DEBUG net.thucydides.core.steps.StepInterceptor - STARTING STEP: CategoriesSteps.setPostApiEndpointsf - I set POST api endpoints categories
10:31:00.401 [main] DEBUG net.thucydides.core.steps.StepInterceptor - STEP DONE: I set POST api endpoints categories
  &amp#27;[32mGiven &amp#27;[0m&amp#27;[32mI set POST api endpoints categories&amp#27;[0m                 &amp#27;[90m# starter.stepdefinitions.CategoriesSteps.setPostApiEndpointsf()&amp#27;[0m
10:31:00.404 [main] DEBUG net.thucydides.core.steps.StepInterceptor - STARTING STEP: CategoriesSteps.sendPostHttpRequestCategories3 - I send POST HTTP request categories3
10:31:00.408 [main] DEBUG net.thucydides.core.steps.StepInterceptor - STARTING STEP: Categories.sendPostHttpRequestCategories3 - I set POST api endpoints categories
10:31:00.408 [main] DEBUG net.thucydides.core.steps.StepInterceptor - STEP DONE: I set POST api endpoints categories
10:31:00.422 [main] DEBUG org.apache.http.impl.conn.BasicClientConnectionManager - Get connection for route {s}->https://altashop-api.fly.dev:443
10:31:00.422 [main] DEBUG org.apache.http.impl.conn.DefaultClientConnectionOperator - Connecting to altashop-api.fly.dev:443
10:31:00.499 [main] DEBUG org.apache.http.client.protocol.RequestAddCookies - CookieSpec selected: ignoreCookies
10:31:00.499 [main] DEBUG org.apache.http.client.protocol.RequestAuthCache - Auth cache not set in the context
10:31:00.499 [main] DEBUG org.apache.http.client.protocol.RequestTargetAuthentication - Target auth state: UNCHALLENGED
10:31:00.499 [main] DEBUG org.apache.http.client.protocol.RequestProxyAuthentication - Proxy auth state: UNCHALLENGED
10:31:00.499 [main] DEBUG org.apache.http.impl.client.DefaultHttpClient - Attempt 1 to execute request
10:31:00.499 [main] DEBUG org.apache.http.impl.conn.DefaultClientConnection - Sending request: POST /api/categories HTTP/1.1
10:31:00.499 [main] DEBUG org.apache.http.wire -  >> "POST /api/categories HTTP/1.1[\r][\n]"
10:31:00.499 [main] DEBUG org.apache.http.wire -  >> "Accept: */*[\r][\n]"
10:31:00.499 [main] DEBUG org.apache.http.wire -  >> "Content-Type: application/json[\r][\n]"
10:31:00.499 [main] DEBUG org.apache.http.wire -  >> "Content-Length: 37[\r][\n]"
10:31:00.499 [main] DEBUG org.apache.http.wire -  >> "Host: altashop-api.fly.dev[\r][\n]"
10:31:00.499 [main] DEBUG org.apache.http.wire -  >> "Connection: Keep-Alive[\r][\n]"
10:31:00.499 [main] DEBUG org.apache.http.wire -  >> "User-Agent: Apache-HttpClient/4.5.13 (Java/15)[\r][\n]"
10:31:00.499 [main] DEBUG org.apache.http.wire -  >> "Accept-Encoding: gzip,deflate[\r][\n]"
10:31:00.499 [main] DEBUG org.apache.http.wire -  >> "[\r][\n]"
10:31:00.499 [main] DEBUG org.apache.http.headers - >> POST /api/categories HTTP/1.1
10:31:00.499 [main] DEBUG org.apache.http.headers - >> Accept: */*
10:31:00.499 [main] DEBUG org.apache.http.headers - >> Content-Type: application/json
10:31:00.499 [main] DEBUG org.apache.http.headers - >> Content-Length: 37
10:31:00.499 [main] DEBUG org.apache.http.headers - >> Host: altashop-api.fly.dev
10:31:00.499 [main] DEBUG org.apache.http.headers - >> Connection: Keep-Alive
10:31:00.499 [main] DEBUG org.apache.http.headers - >> User-Agent: Apache-HttpClient/4.5.13 (Java/15)
10:31:00.499 [main] DEBUG org.apache.http.headers - >> Accept-Encoding: gzip,deflate
10:31:00.499 [main] DEBUG org.apache.http.wire -  >> "{"description":"For gaming purposes"}"
10:31:00.543 [main] DEBUG org.apache.http.wire -  << "HTTP/1.1 500 Internal Server Error[\r][\n]"
10:31:00.544 [main] DEBUG org.apache.http.wire -  << "content-type: application/json[\r][\n]"
10:31:00.544 [main] DEBUG org.apache.http.wire -  << "date: Sun, 07 May 2023 03:31:05 GMT[\r][\n]"
10:31:00.544 [main] DEBUG org.apache.http.wire -  << "content-encoding: gzip[\r][\n]"
10:31:00.544 [main] DEBUG org.apache.http.wire -  << "transfer-encoding: chunked[\r][\n]"
10:31:00.544 [main] DEBUG org.apache.http.wire -  << "server: Fly/3f2597ca (2023-05-03)[\r][\n]"
10:31:00.544 [main] DEBUG org.apache.http.wire -  << "via: 1.1 fly.io[\r][\n]"
10:31:00.544 [main] DEBUG org.apache.http.wire -  << "fly-request-id: 01GZT46MFYHGS3M4R71AC38C5X-sin[\r][\n]"
10:31:00.544 [main] DEBUG org.apache.http.wire -  << "[\r][\n]"
10:31:00.544 [main] DEBUG org.apache.http.impl.conn.DefaultClientConnection - Receiving response: HTTP/1.1 500 Internal Server Error
10:31:00.544 [main] DEBUG org.apache.http.headers - << HTTP/1.1 500 Internal Server Error
10:31:00.544 [main] DEBUG org.apache.http.headers - << content-type: application/json
10:31:00.544 [main] DEBUG org.apache.http.headers - << date: Sun, 07 May 2023 03:31:05 GMT
10:31:00.544 [main] DEBUG org.apache.http.headers - << content-encoding: gzip
10:31:00.544 [main] DEBUG org.apache.http.headers - << transfer-encoding: chunked
10:31:00.544 [main] DEBUG org.apache.http.headers - << server: Fly/3f2597ca (2023-05-03)
10:31:00.544 [main] DEBUG org.apache.http.headers - << via: 1.1 fly.io
10:31:00.544 [main] DEBUG org.apache.http.headers - << fly-request-id: 01GZT46MFYHGS3M4R71AC38C5X-sin
10:31:00.544 [main] DEBUG org.apache.http.impl.client.DefaultHttpClient - Connection can be kept alive indefinitely
10:31:00.544 [main] DEBUG io.restassured.internal.RestAssuredHttpBuilder - Parsing response as: application/json
10:31:00.544 [main] DEBUG org.apache.http.wire -  << "82[\r][\n]"
10:31:00.544 [main] DEBUG org.apache.http.wire -  << "[0x1f][0x8b][0x8][0x0][0x0][0x0][0x0][0x0][0x4][0xff][0xab]VJ-*[0xca]/R[0xb2]Rr[\r][\n]"
10:31:00.544 [main] DEBUG org.apache.http.wire -  << "[0xf2][0xf][0xb2]R[0xc8]K-W([0xca]/WH[0xcb]/R(J[0xcd]I,[0xc9][0xcc][0xcf]S[0x88]QJN,IM[0xcf]/[0xca]L-[0x8e]QR([0xcb][0xcc][0xcf]I,I-VH[0xce]HM[0xce]VH[0xce][0xcf]+.)J[0xcc][0xcc]+AQ[0x18][0x9f][0x97][0x98][0x9b][0x1a][0xf]V[0x12][0xa3][0xa4][0xa0][0x11][0x1c][0xe8][0x13][0x1c][0xe2][0x18][0xe2][0xaa]`dljh[0xa2][0xa9]T[0xcb][0x5][0x0]p%[0xdd]o|[0x0][0x0][0x0]"
10:31:00.544 [main] DEBUG org.apache.http.wire -  << "[\r][\n]"
10:31:00.544 [main] DEBUG org.apache.http.wire -  << "0[\r][\n]"
10:31:00.544 [main] DEBUG org.apache.http.wire -  << "[\r][\n]"
10:31:00.544 [main] DEBUG io.restassured.internal.RestAssuredHttpBuilder - Parsed data to instance of: class org.apache.http.conn.EofSensorInputStream
10:31:00.546 [main] DEBUG org.apache.http.impl.conn.BasicClientConnectionManager - Releasing connection org.apache.http.impl.conn.ManagedClientConnectionImpl@73fe7483
10:31:00.546 [main] DEBUG org.apache.http.impl.conn.BasicClientConnectionManager - Connection can be kept alive indefinitely
10:31:00.546 [main] DEBUG net.thucydides.core.steps.StepInterceptor - STEP DONE: I send POST HTTP request categories3
  &amp#27;[32mWhen &amp#27;[0m&amp#27;[32mI send POST HTTP request categories3&amp#27;[0m                 &amp#27;[90m# starter.stepdefinitions.CategoriesSteps.sendPostHttpRequestCategories3()&amp#27;[0m
10:31:00.549 [main] DEBUG net.thucydides.core.steps.StepInterceptor - STARTING STEP: CategoriesSteps.receiveValidHttp500Categories - I receive valid HTTP response code 500 categories
10:31:00.550 [main] DEBUG net.thucydides.core.steps.StepInterceptor - STEP DONE: I receive valid HTTP response code 500 categories
  &amp#27;[32mThen &amp#27;[0m&amp#27;[32mI receive valid HTTP response code 500 categories&amp#27;[0m    &amp#27;[90m# starter.stepdefinitions.CategoriesSteps.receiveValidHttp500Categories()&amp#27;[0m
10:31:00.551 [main] INFO  - 
  _____   ___   ___   _____     ___     _     ___   ___   ___   ___  
 |_   _| | __| / __| |_   _|   | _ \   /_\   / __| / __| | __| |   \ 
   | |   | _|  \__ \   | |     |  _/  / _ \  \__ \ \__ \ | _|  | |) |
   |_|   |___| |___/   |_|     |_|   /_/ \_\ |___/ |___/ |___| |___/ 

POST - Add new category without name data payload
----------------------------------------------------------------------
]]></system-out>
  </testcase>
  <testcase name="GET - Get list all categories" classname="Categories" time="0.218">
    <system-out><![CDATA[
Scenario: GET - Get list all categories                  &amp#27;[90m# src/test/resources/features/4. Categories.feature:22&amp#27;[0m
10:31:00.555 [main] DEBUG io.cucumber.core.plugin.SerenityReporter - Running feature from file:///C:/Users/WINDOWS%2010/Documents/GitHub/MiniProject_QE/API/minpro/src/test/resources/features/4.%20Categories.feature
10:31:00.558 [main] INFO  - 
  _____   ___   ___   _____     ___   _____     _     ___   _____   ___   ___  
 |_   _| | __| / __| |_   _|   / __| |_   _|   /_\   | _ \ |_   _| | __| |   \ 
   | |   | _|  \__ \   | |     \__ \   | |    / _ \  |   /   | |   | _|  | |) |
   |_|   |___| |___/   |_|     |___/   |_|   /_/ \_\ |_|_\   |_|   |___| |___/ 

GET - Get list all categories(categories;get---get-list-all-categories)
--------------------------------------------------------------------------------
10:31:00.568 [main] DEBUG net.thucydides.core.steps.StepInterceptor - STARTING STEP: CategoriesSteps.setGetApiEndpoints - I set GET api endpoints categories
10:31:00.568 [main] DEBUG net.thucydides.core.steps.StepInterceptor - STEP DONE: I set GET api endpoints categories
  &amp#27;[32mGiven &amp#27;[0m&amp#27;[32mI set GET api endpoints categories&amp#27;[0m               &amp#27;[90m# starter.stepdefinitions.CategoriesSteps.setGetApiEndpoints()&amp#27;[0m
10:31:00.571 [main] DEBUG net.thucydides.core.steps.StepInterceptor - STARTING STEP: CategoriesSteps.sentGetHttpRequestCategories - I send GET HTTP request categories
10:31:00.572 [main] DEBUG net.thucydides.core.steps.StepInterceptor - STARTING STEP: Categories.sendGetHttpRequestCategories - I set GET api endpoints categories
10:31:00.573 [main] DEBUG net.thucydides.core.steps.StepInterceptor - STEP DONE: I set GET api endpoints categories
10:31:00.580 [main] DEBUG org.apache.http.impl.conn.BasicClientConnectionManager - Get connection for route {s}->https://altashop-api.fly.dev:443
10:31:00.580 [main] DEBUG org.apache.http.impl.conn.DefaultClientConnectionOperator - Connecting to altashop-api.fly.dev:443
10:31:00.685 [main] DEBUG org.apache.http.client.protocol.RequestAddCookies - CookieSpec selected: ignoreCookies
10:31:00.685 [main] DEBUG org.apache.http.client.protocol.RequestAuthCache - Auth cache not set in the context
10:31:00.685 [main] DEBUG org.apache.http.client.protocol.RequestTargetAuthentication - Target auth state: UNCHALLENGED
10:31:00.685 [main] DEBUG org.apache.http.client.protocol.RequestProxyAuthentication - Proxy auth state: UNCHALLENGED
10:31:00.685 [main] DEBUG org.apache.http.impl.client.DefaultHttpClient - Attempt 1 to execute request
10:31:00.685 [main] DEBUG org.apache.http.impl.conn.DefaultClientConnection - Sending request: GET /api/categories HTTP/1.1
10:31:00.685 [main] DEBUG org.apache.http.wire -  >> "GET /api/categories HTTP/1.1[\r][\n]"
10:31:00.685 [main] DEBUG org.apache.http.wire -  >> "Accept: */*[\r][\n]"
10:31:00.685 [main] DEBUG org.apache.http.wire -  >> "Host: altashop-api.fly.dev[\r][\n]"
10:31:00.685 [main] DEBUG org.apache.http.wire -  >> "Connection: Keep-Alive[\r][\n]"
10:31:00.685 [main] DEBUG org.apache.http.wire -  >> "User-Agent: Apache-HttpClient/4.5.13 (Java/15)[\r][\n]"
10:31:00.685 [main] DEBUG org.apache.http.wire -  >> "Accept-Encoding: gzip,deflate[\r][\n]"
10:31:00.685 [main] DEBUG org.apache.http.wire -  >> "[\r][\n]"
10:31:00.685 [main] DEBUG org.apache.http.headers - >> GET /api/categories HTTP/1.1
10:31:00.685 [main] DEBUG org.apache.http.headers - >> Accept: */*
10:31:00.685 [main] DEBUG org.apache.http.headers - >> Host: altashop-api.fly.dev
10:31:00.685 [main] DEBUG org.apache.http.headers - >> Connection: Keep-Alive
10:31:00.685 [main] DEBUG org.apache.http.headers - >> User-Agent: Apache-HttpClient/4.5.13 (Java/15)
10:31:00.685 [main] DEBUG org.apache.http.headers - >> Accept-Encoding: gzip,deflate
10:31:00.734 [main] DEBUG org.apache.http.wire -  << "HTTP/1.1 200 OK[\r][\n]"
10:31:00.734 [main] DEBUG org.apache.http.wire -  << "content-type: application/json[\r][\n]"
10:31:00.734 [main] DEBUG org.apache.http.wire -  << "date: Sun, 07 May 2023 03:31:05 GMT[\r][\n]"
10:31:00.734 [main] DEBUG org.apache.http.wire -  << "transfer-encoding: chunked[\r][\n]"
10:31:00.734 [main] DEBUG org.apache.http.wire -  << "content-encoding: gzip[\r][\n]"
10:31:00.734 [main] DEBUG org.apache.http.wire -  << "server: Fly/3f2597ca (2023-05-03)[\r][\n]"
10:31:00.734 [main] DEBUG org.apache.http.wire -  << "via: 1.1 fly.io[\r][\n]"
10:31:00.734 [main] DEBUG org.apache.http.wire -  << "fly-request-id: 01GZT46MNVM892FST50Z0ZXQDW-sin[\r][\n]"
10:31:00.734 [main] DEBUG org.apache.http.wire -  << "[\r][\n]"
10:31:00.734 [main] DEBUG org.apache.http.impl.conn.DefaultClientConnection - Receiving response: HTTP/1.1 200 OK
10:31:00.734 [main] DEBUG org.apache.http.headers - << HTTP/1.1 200 OK
10:31:00.734 [main] DEBUG org.apache.http.headers - << content-type: application/json
10:31:00.734 [main] DEBUG org.apache.http.headers - << date: Sun, 07 May 2023 03:31:05 GMT
10:31:00.734 [main] DEBUG org.apache.http.headers - << transfer-encoding: chunked
10:31:00.734 [main] DEBUG org.apache.http.headers - << content-encoding: gzip
10:31:00.734 [main] DEBUG org.apache.http.headers - << server: Fly/3f2597ca (2023-05-03)
10:31:00.734 [main] DEBUG org.apache.http.headers - << via: 1.1 fly.io
10:31:00.734 [main] DEBUG org.apache.http.headers - << fly-request-id: 01GZT46MNVM892FST50Z0ZXQDW-sin
10:31:00.734 [main] DEBUG org.apache.http.impl.client.DefaultHttpClient - Connection can be kept alive indefinitely
10:31:00.734 [main] DEBUG io.restassured.internal.RestAssuredHttpBuilder - Parsing response as: application/json
10:31:00.734 [main] DEBUG org.apache.http.wire -  << "227[\r][\n]"
10:31:00.734 [main] DEBUG org.apache.http.wire -  << "[0x1f][0x8b][0x8][0x0][0x0][0x0][0x0][0x0][0x4][0xff][0xaa]VJI,IT[0xb2][0x8a][0xae]V[0xf2]tQ[0xb2]24250[0xd5]Q[0xf2]K[0xcc]MU[0xb2]Rr+-[0xca][0xcb],)-JU[0xd2]QrI-N.[0xca],([0xc9][0xcc][0xcf]S[0xb2]RJ[0xcb]/RHO[0xcc][0xcd][0xcc]KW((-*[0xc8]/N-V[0xaa][0xd5]A[0x98]aA[0x5]3,[0xe1]f(:([0xab][0xa8][0x92][0xea][0x6]CC[0xb8]~[0x88]KI6[0xc0][0x98]R[0x3]L(5[0xc0][0x8c]R[0x3][0xcc])5[0x0][0x11][0x9][0xe4][0x5][0xa2][0x91][0x1][0x85].02[0xa2][0xd4][0x0]D4[0x86][0xa5][0x96][0xa4][0x16]e[0xe6]%[0x16]Ub[0xa4][0x85][0xd4][0x9c][0xd4][0xe4][0x92][0xa2][0xcc][0xe4][0xcc][0xc4]<[0xe4][0x84]l[0x84][0xc8][0xc][0xbe][0xf9][0xa0][0xb4][0xaf][0x10][0x90][0x99][0xc][0xca][0x11][0xc5][\n]"
10:31:00.734 [main] DEBUG org.apache.http.wire -  << "[0x89]y)[\n]"
10:31:00.734 [main] DEBUG org.apache.http.wire -  << "n[0x99]9[0xb9][0x18]Fe$f[0x16][0xa5][0x14][0xa5][0x16][0x17][0xa7][0x16][0xa1][0x18][0x85][0x88][0xb][0x8f][0xd2][0xdc][0xc4]<[0x85][0xa0][0xd4][0xe2][0xfc][0xd2][0xa2][0xe4][0xd4]b[0xc][0x13][0xca]3[0xf3]R[0xf2][0xcb][0x15][0x92]sR[0x13][0xf3][0xd0][0xc]A[0xc4][0x87]kJir"[0xd8]I[0xbe][0x89]y[0x89][0xe9][0xa9][0xb9][0xa9]y%[0x18]&[0x15][0xe4][0xe7]d&[0xa7]*[0xe4][0xa7][0xa5]e&[0xa3][0x9a]d[0x8c][0xc8][0x1e]A[0x89][0x99]9E[0xf9][0x89])[\n]"
10:31:00.734 [main] DEBUG org.apache.http.wire -  << "[0xbe][0x89]y[0xa5]i[0x89]`[0xff]a[0x98][0x94]XR[0x92]_[0x94][0x97]Z[0xa9][0x90]X[0xa2][0x90][0x93]X[0x8e][0xec]3cD[0x8];%[0x96]$[0xa6][0xe7][0x17])[0x84][0xe7]g[0x97]b[0x18][0xe1][0x9c][0x9a][0x9b][0x99][0x93][0x98][0xa7]P[0x9c][0x9a][0x1]2$[0xb5]*[0xb1]D!)[0xb5](=[0xb3]*[0x13][0xc5]8J[0xb3][0x8d]1"[0xd2] [0x89]6[0x1d][0xc3])[0x4][0xca]/cD[0xc6]+I-.[0xc1][0x12]E([0xe]F[0x94]v[0xe4][0xda][0x87][0x88]V"[0xec]3AD[0x9d];[0xb8][0xc][0xc6][0xf0][0x9e][0x1b][0xfe][0xe2][0xd9][0x4][0x91][0xa7]p[0x18][0x80][0xec]=[0x13]D[0xf4][0x92][0xe9]=[0x13]D[0x8c][0x12][0xe3]=DF![0xc2]u[0xa6][0x88][0xc0][0x80][0xb8][0xe]#0[0x8][0xc4][0xb5])"0[0xc8]4[0x0][0x11]>[0xd4]H[0xfe][0xa6][0x88][0xc0][0xa2][0x8a]q[0x88][0xcc]@[0x15][0xe3][0x10]9[0x83]*[0xc6]![0xe2][0x9a]*[0xc6]!r"U[0x8c]CdKj[0x18]gFi]h[0x86]H[0xeb][0x8e][0xd9]I[0x89]E[\n]"
10:31:00.734 [main] DEBUG org.apache.http.wire -  << "A[0x99]U[0xd9][0x95][\n]"
10:31:00.734 [main] DEBUG org.apache.http.wire -  << "n[0x89][0x19]E[0xa5]E[0xf9]U[0x98][0xb5]Znf^[0xa6]BAQ~Vjr[0x9]r[0x96]6C[0xa4]y[0xb2]<[0x6][0x0][0x0][0x0][0xff][0xff]"
10:31:00.734 [main] DEBUG org.apache.http.wire -  << "[\r][\n]"
10:31:00.739 [main] DEBUG org.apache.http.wire -  << "402[\r][\n]"
10:31:00.739 [main] DEBUG org.apache.http.wire -  << "B+[0xb1][0xcd][0x10]9[0x80][0xbc],d[0x86]H[0xf3]d[0x1a]@[0xdd]Tn[0x86]H[0xe5]d[0xba][0x7][0x91][0xae][0x9d][0x13]KR[0xd3][0xf3][0x8b]*[0x15][0x1c]Ks2[0x13]1J'P[0xc]%[0xc3][0x94]$[0x82][0x95] 5[0xa4][0xcd][0x10][0x9]:/17[0x11][0x14][0x97])[0xa5][0xd9][0x18][0x86]dC[0xc][0x0][0xc7]5H[0x1e][0xd9][0x4][0xea][0xa6]asD[0x12]$/d[0xcc][0x11]I[0x8f]L[0x3](Ml[0xe6][0x94]&6sDb#[0xd3][0xb][0x94]&/sD[0xb2] [0xd3][0x5][0x88]T[0x1]1[0x80][0xe4]&[0x92][0x5][0xa2]0#[0xa2]N[0xb7][0xa0]4[0xd6]-([0x8d]u[0xb]D[0xac][0x13][0xe3]^Jc[0xc8][0x2]Q[0x0][0x10]c[0x1d]zt`[0xe4]p[0x2][0x8d][0x18]KDl[0x84][0xa4][0x16]c[0xf6][0x3]<[0xf3]2[0x15]@[0x12][0xa0][0xe][0xbb]{fj[0xe]re`Ii[0x96][0xb6][0xa4]4r-)[0x8d]\KD[0xe4]B[0x92]3[0xc9][0xe1]Gi[0x96][0xb6][0xa4]4[0xc1]X"[0x12][0xc][0x99]^[0xa0][0xb4]L[0xb0]D$B[0xc2]I[0xd6][0xcc][0x80][0xc2]Tcf[0x80]H5[0xc4]XGa[0xc][0x9b]![\r]k[0x11]c[0x1d][0x85][0xb1]af[0x80][0x88][\r]"[0xac]C[0x1a][0xab][0xca]M[0xcc]N[0xcc]K[0xcc][0xc3]H[0xc0]0qD[0xd5]nf[0x88][0x8]A[0xb2][0x92][0x8c][0x99]![0x85][0xf9][0xce][0xcc][0x90][0xd2]X1[0xa4]0[0xdf][0x99][0x19]R[0x98][0xef][0xcc][0xc][0x11]1M[0x85][0xa6][0xb0][0x99]!"[0xde][0xc3]3[0x8b]RsR[0x8b]1[0x87]w[\n]"
10:31:00.739 [main] DEBUG org.apache.http.wire -  << "2*[0x8b]3[0x93]3[0x8b][0x91][0x9b][0xe4]f[0x94][0xe][0x94][0x99]Q:PffDid[0x1a]Q[0x1a][0x17]F[0x88][0xc0][0xc3][0x91][0xa0][0x13][0x8b]S[0x90][0xaa].3#[0xd4]"[0xb]T[0xbb][0x15][0x14][0xe5][0xa7][0x94]&c[0xd6][0x80]%[0x19][0x99][0xc5][\n]"
10:31:00.739 [main] DEBUG org.apache.http.wire -  << "[0x99][0xc5][\n]"
10:31:00.739 [main] DEBUG org.apache.http.wire -  << "%[0x19][0xa9][0x90]Vtr[0x89]B[\n]"
10:31:00.739 [main] DEBUG org.apache.http.wire -  << "[0xd2][0x98]6R[0xbe]2FT[0xa6][0xa0][0xbc]K-S[0x11][0x5]&!S[0x91][0xbd]h[0x8c][0xc8][0xe4][0x84][0xb4][0x91][0xe2]ED[0xce]'d*[0x8a]c([0xcd][0xae]h[0x3]k[0xd4][\n]"
10:31:00.739 [main] DEBUG org.apache.http.wire -  << "ZD[0x1e]&[0xc5]7H[0xe3]h[0x84][0xb4][0x91][0x10][0xb4]H[0x83]k[0x84]LE[0xe]Z[0xa4]12[0x1c]i[0x1f][0x13][0xd0][0xcc][0x84][0xd2][0xdc]gB0[0xf7][0x11]p[0x81])"[0xdf][0x90][0xe7][0x5]J[0x87][0xe2][0xcc]L[0x89]O[0xd6]$[0xc4][0xa8])[0xa5][0xa9][0xde][0x14][0x11]5[0x1][0xf9]9[0x99][0xe5]E[0x89]%[0x19][0x18][0x15]|PjAiJfb^Jb[0xaa]B^jqrfi^[0x89]BjErjAIiQ[0xa6]BJ~N~Q[0xaa]Bji[0xae]Bqjai[0xa6][0x1e]r[0xe2]1Ed[0x0][0xdf][0xc4][0xe4][0x8c][0xfc]l[0xcc][0x19][0xbb][0xc0][0xd2][0xc4][0xe2]L[0x85][0xb4][0xd2][0xf4]D[0x85][0xbc][0xfc]<[0x85][0xc2][0xd2][0xfc][0x14][0x85][0xcc][0xdc][0x82][0xd4][0x94][0xcc][0x12][0x85][0xb2][0xd4][0x9c][0xcc][0x12]T[0x3])M[0xb][0x94][0x8e]u[0x99]![\r]QA[0x12][0x13][0xa9]=T3[0xa4]Q)PF[0xc4]?[0x88]of[0x86][0x88]dC#c[0x85][0xc4],[0xcc][0xa1][0x1a]P[0xf2][0xcf]M-J[0xce][0xc0]6[0xe7]iF[0xe9][0x98][0x91][0x99][0x19][0xa2]2[0x83][0xf8][0x18]#[0x89][0x80][0x1c][0x0][0x91][0xc2][0xea][0x2]sJ[0xf3][0x9f]9"[0xfb]@[0xac]![0xd9][0x5][0x94]6![0xcc][0x11][0x9][0x99]<[0x17] [\r]K[0x90]i[0x0][0xa5]a`[0x81][0xc8][0xec]d[0xba][0x80]`[0x18] g}J{[0xef]f[0x84]{[0xef]([0xd6]Q[0xea];[0xc2][0xfd]\$[0xeb][0xcc])[0xed]e[0x9a]#[0xf5]2[0xc9][0x8a][\r]s[0x3][\n]"
10:31:00.739 [main] DEBUG org.apache.http.wire -  << "[0xd3][0x83][0xb9][0x1][0x85]y[0xc2][0x1c][0xa9][0xe7]J[0xa6][0x17]([0x8c]3s[0x3]RR[0xa4]9Rg[0x96]<[0xf7]R[0xda][0xaf]5G[0xea][0xd7][0xe2][0x98]A[0xc4]?Aj[0x8e][0xd4]-%[0xd3][0x0]D[0x88][0xe1]0[0x0]9[0x95]#u[0x1a][0xc9][0xc]1[0x82]U[0x7][0xb2]uF[0x88]$[0x8d][0xc3]q[0x4][0x82][0x7][0xa9][0xa7][0x88][0xc3][0x0][0x14][0xeb](M~F[0x88][0xc0][0xc4][0x11]<[0xc8][0xd6]!-l[0xc0][0xa1][0x1a]5j[0x8e][0xd4][0xe3][0xc2]a[0x0][0x8a]u[0x94][0xfa][0xce][0x98]$[0xdf]![0xf5]Yp8[0x8e][0x80][0xef][0x90][0xba]'8[0xc]@[0xf6][0x1d]R[0xa7][0x2][0xd4][0x86][0xa2]N[0xcd][0xdc][0x4][0xe1]eB[0xa6][0xa2]8[0x6][0x91][0xca][0x9]i#[0xbe]uo[0x8e][0xb4][0x80][0x0]Gb&[0x90][0x1b][0x90]z-8[0xc]@[0xf6][0x4][0xd2][0xf4]>[0xe][0xd5][0x84][0xac]C4Tq[0x18][0x80]b[0x1d]"[0xa8]qD7[0x81][0xf4]b[0x8a][0xe8][0x9][0xe0][0xb0][0x8e][0x90]{[0x11][0xb1][0x86][0xc3][0x0]d[0xf7]"MqSa8[0xce][0x1c][0xa3][0x17]Ab[0x8b][0xd6][0x1c][0xa9][0x13]A^[0xf8]!Mm[0xe3]^N[0x9][0x97]Q[0xf0]J-H,JD[0x9][0x11]J[0xb][0x18]3J[0x93][0x0]f[0xbf][0x2][0x0][0x0][0x0][0xff][0xff]"
10:31:00.739 [main] DEBUG org.apache.http.wire -  << "[\r][\n]"
10:31:00.739 [main] DEBUG org.apache.http.wire -  << "671[\r][\n]"
10:31:00.739 [main] DEBUG org.apache.http.wire -  << ""m9[0xa8]9[0xa5][0x93][0xc6][0xe6][0x94]N[0x1a][0x9b]#[0xf5]l[0xe0]a[0x8d][0xe1][0xb][0xb8][0xc][0x96]X[0xa0]t[0xce][0xd7][0xdc][0x1c][0x11][0x8d]nE[0xa5][0x99][0x98][0x3][0x94][0xc8]qNi7[0xc8][0x1c]i[0x82][0x98][0x8][0xdb][0x10]9[0x14][0xbb][0xe2][0xf4][0xfc][0xfc][0x14][0x5]P9[0x91][0x91][0x9a][0x98]S[0x92][0x81][0xec]RJ[0xfb][[0xe6][0x16][0x88]aQ[0xf2]2[0x18][0xa5]S[0xcb][0xe6][0x94]N-[0x9b]#M-[0x93][0xe9][0x5]D[0x91]N[0xa6][0x1][0x88][0xc4]E[0xa6][0x1][0x94][0x96][0x11][0x16][0x88]j[0x82]<[0x17] [0xcd]`[0x93]i[0x0][0xa5][0x9][0x89]pG[0x18][0x94][0x5] [0x8e][0xc3]6[0xfe]b[0x8e]4[0x8d]M[0x8d][0xba][0x8b][0xd2]ImsKJ[0x93][0x15][0xe1]Im[0xe4][0xa2][0x0][0xa9]gO[0x15][0xef]S[0x9c][0xa2][0x10][0xc5][0x1a]$[0xd2]0[\n]"
10:31:00.739 [main] DEBUG org.apache.http.wire -  << "|[0xfc][0xf1]ia@[0xe1]x[0x9a][0x5][0xa5][0xa3][0x17][0x16]H][0xd8][0xfc]/z[0xd5][0xb][0x13]G[0xcc]_Y u[0xd7][0xdd][0x1d]}=[0xfd][0xdc]I[0xf6]8"[0xe8][0x1d][0x93][0x93]S[0x8b][0x8b][0xf3][0x8b]2[0xb1][0xc][0x9f][0x96][0xe4]+[0xa4][0xe6]e$[0xe6]%[0xa7]*$[0x16][0x14][0xa4]&[0x16][0x81][0x98]H)[0xc2][0xc2][0x10][0x11][0x80]TH[0x11][0x16][0x94][0xe],X [\r],P[0xc5]=[0x88]~4U[0x8c]CdW[0xca]B[0x1d]Q[0x96]Sd[0x8e][0x11][0xa2]@[0xa5][0xc8][0x1c][0x3]J[0xf3]![0xa5]s[0xfc][0x16][0x94][0x8e][0xaf]X[0x18]R[0xea][0x5]Jg[0xf7]-[0x90]f[0xf7])[0x8a][0xc][0xa4][0xb1][0x1f][0xf2][\n]"
10:31:00.739 [main] DEBUG org.apache.http.wire -  << "E[0xa4][0xb1][0x1f][0xca][0x1c]B[0xa5][0xd4]N[0xe9][0xa2][0x3][0xb][0xc2][0xa3]K[0x4][0xaa][0x9][0xc2][0xab][0x16][0x8][0x19]@i[0xea]BZ[0xb0][0x80]#R[0x91]KeJ[0x7][0xc8],[0x90][0x6][0xc8](J[0x2]H[0x8b][0x1]p8[0x9b]@[0xc0]![\r][0x9d]Q[0xe6][0x10]D}G[0xa6]C([0x8d]A[0x13]DMI[0x9e][0xb]([0x1d][0x17][0xb4] <.H 20[0xb6][0x9][0x91][0xda][0xea][0xa0]t[0x5][0x84][0x85][0x9][0xa2]H!3[0x10][0x11][0xdd]([0x8a][0xd2][0x13][0xd2][0xf8]&[0x99][0xe][0xa1]4A[0x9a]P[0x9a] )][0xcb]a[0x81]4[0xac]J[0xce][0xf6]][0xb][0xa4][0xa5][0x1c][0xe4][0x85]![0xd2]@+[0x99][0x6] [0x92][0x13]E[0xa9][0x1]i[0xf5][0x7]e[0xe6] [0xda]udz[0x8][0x91][0xaa][0xc8][0x8a][0x12][0xa4]5[0x1d][0x14]y[0x4]i[0x8c][0x97]<[0x8f]P:[0xaa]kA[0xe9][0xa8][0xae][0x5][0xd2][0xa8].yA[0x89](i[0xc8][0xc][0x2]Db [0xcf][0x1][0x94][0x16][0x10]H[0x83][0xc2]d9[0x80][0xd2]!][0xb][0xa4]!][0xf2][0x1c][0x80][0xc8][0xde][0xe4]E[0x1][0xd2][0x88].y[0xe]@dG2[0x1d][0x80][0x88]C[0xb2][0x1c]@[0xe9][0xd0][0xab][0x5][0xd2][0xd0]+y[0xe][0xa0]pi[0x84][0x85][0x5][0xa5]q[0x88][0xb4]X[0x87]<[0x1f]P[0x18][0x5][0x94][0xae][0xde][0xb1]@[0x1a][0xb4]$[0xcb][0x3][0x94][0xe]2Z [\r]2[0x92][0xe7][0x0]DA[0x96][0x9c][0x9f]W[0x92][0x9f][0xa1][0xb][0xdd][\r][0x89]m[0xc4][0xc9]-[0xb1]8#3?/1)'[0x15][0xb9]Gc[0x89][0xc8]I[0x84][0xcd][0xc0]T[0x81]4t[0x86][0xb4][0x7][0x86][0xac]<iI[0xe9][0x90][0x9f]%[0xa5][0xeb][0x8d],[0x91][0xc6][0xc][0xc9][0xf4][0x2]"F[0xc8]4[0x0][0x91])p[0xcc][0xf8][0xe2][0x9f]2[0xb6]D[0x1a]7[0xc4]a[0x0]R[0xec]["[0x8d][0xea][0xe1]PM[0xc8]:[0xc4]8[0x1e][0xe][0x3]P[0xac]C[0x94]98T[0x13][0xb2][0xe]Q[0xf7][0xe3]0[0x0][0xc5]:D[0xda]&/6([0x1d][0xbb][0xb2][0xa4]t[0xec][0xca][0x12]i [0x91]</ [\r]~[0x91]i[0x0]"[0x86][0xc9]4[0x80][0xc2][0x9a][0xca][0x12]i[0x98][\n]"
10:31:00.739 [main] DEBUG org.apache.http.wire -  << "G[0xa4][0x13]H5H[0xc3]T8[0xc]@N5H[0x1b]c[0xc8][0xf3]0[0xa5][0x83]D[0x96]H[0x83]D8[0xdc]K[0xc0][0xc3]H[0xa7][0xca][0xe0]0[0x0][0xd9][0xc3][0x18]g[0xbe][0x90]8[0xfa]`I[0xe9]`[0x94][0xa5]1"[0xa3][0xe2]p/![0xf][0x13],6[0x91]=[0x8c]4[0xe0]C[0x9e]uH[0x3]>8[0xc]@[0xb1][0x8e][0xd2][0xc]@[0xe9][0xe0][0x8c]%[0xd2]R4[0xf2][0x92]4[0xa5][0xa3]2[0x96][0x94]n[0x90][0xb1][0xa4]tP[0xc5][0x12]i[0xa9][0x19]ya@[0xe9][0xa0][0x88]%[0xa5]{a,[0x91]FC[0xc8][0xf4][0x2][0xa5][0xcd][0x13][0xa4][0x15]m[0xe4][0xb9][0x80][0xd2][0xe1][0x7]KJ[0x87][0x1f],)[0xdd]kbiJ[0xb0][0xac]!PX![0x8d][0x5][0x11]Qz [\r][0x97][0x90][0x19][0xe4][0x88]F[0x17][0x99][0x6]P[0x9a]j[0x90]v[0xe7]Po[0xf1][0xa9]%[0xd2]([\n]"
10:31:00.739 [main] DEBUG org.apache.http.wire -  << "!S[0x91]Kc[0xa4][0xc1][0x13]B[0xda][0x88]_[0x9]kI[0xe9][0xc1]([0x96][0x94].[0x92][0xb3]D[0x1a]R!/[0x9a])]8g[0x89][0xb4]p[0x8e]L[0x17] r[0x16]y[0x6]P[0xba][0xa2][0xce][0x12]iX[0xc7]91%[0xb7][0xb4]X! [0xb5],[0xb5](5'[0x7][0xa3]M[0xe4]Q[0x9a][0x96][0x96][0x93]ZP[0x9a][0x96][0x86][0x9c][0xba][0x90][0x86]u[0x9c]J[0x93][0xb3][0x93]R[0x13]1O[0x1c][\n]"
10:31:00.740 [main] DEBUG org.apache.http.wire -  << "[0xce][0xa9],[0xc9][0x0][0x1d][0xa6][0x88][0xa2][0x11][0xd1][0xcc]vO[0xcd]/JOU[0x8]OM,[0xce]I[0xc5]<[0x98]*$[0xa3]4/%[0xb5]()[0xb3][0x8]y?[0xb7]%[0xa5]+[0xe9],[0x91][0xc6]s[0xc8][0xc]}D+[0x8e]<[0x3](][0xc7]f[0x89]4[0xa2]C[0xa6][0xb](m[0xaa]![\r][0xe9][0x90][0xe9][0x2]D[0xf][0x97]L[0x3](-[0xad][0x91]F[0x84](:)[0xcd][0x12]i@[0x88][0x12][0x83][0x8c][\r](\Lfl[0x80][0xb4][0x93]- [0xb5]([0xb3] #[0xb5](1G[0x1]G[0xe5][0xeb][0x9b]_Z[0x9c][0xaa][0xa3][0xe0][0x9d]Z[0x99][0x94][0x9f]X[0x94][0xa2][0xa3][0xe0][0x91][0x9a][0x98]R[0x90][0x91][0x9f][0x97][0xaa][0xe0][0x1a][0xe2][0x8c][0xc8][0xb3][0xc6][0x6][0x14][0x8e]7[0x19][0x1b]P[0xb8][0xbf][0xcd][0xd8][0x80][0xc2][0x1]+c[0x3][0x3][0xca][0x92][0x9b][0xb1][0x1][0xd2]a-[0xe4][0xa4]Wc[0x3][0xa4][0x1]+2[\r]@[0x9c][0xf2]@[0xa6][0x1][0x88]L[0x8f]#I[0xe0]m[0xd0][0x19][0x1b][0x10][0xde][0xf2][0x86][0x9c]j[0x90]NM![0xd3][0xbd][0x94]U[0x93][0xc6][0x6]H[0x83]J[0xe4]y[0x18]iP[0x9][0x87][0x1][0xc8][0x1e]FZ[0xf6]D[0x9e][0x87][0x91]N[0x12]N[0xc3]y[0xac]6[0x8a][0x8d][0x94][0x95][0x81][0xc6][0x6][0x14][0x8e][0x1][0x19][0x1b]P8[0x6]dl[0x80]4[0x6]D[0xcd]"[0xb]id[0x88][0xbc][0xb8]0Fd[0x16]2[\r][0xa0][0xac];bl@[0xe1]h[0x93][0xb1][0x1][0xd2][0xd2]'2[0xbd]@YC[0xc7][0xd8][0xc0][0x98][0xd2][0x1c]L[0xe1][0x9a]'c[0x3][0xa4][0x11],[0xf2][0xc2][0x80][0xc2][0x15]G[0xc6][0x6][0x14][0x8e]I[0x19][0x1b]P8[0xa4]dl@[0xe1][0x90][0x92][0xb1][0x1][0xd2]:[0x1d][0xf2][0x2][0x91][0xc2][0x85]:[0xc6][0x6][0x14][0xe])[0x19][0x1b] [0x9d]~B[0xa6][0x17](M[0xca]H[0xa3]![0xe4][0xb9][0x80][0xc2]!%c[0x3][\n]"
10:31:00.740 [main] DEBUG org.apache.http.wire -  << "GX[0x8c][\r]([0x1c]R26@:[0xaa][0x96][0xbc]0@[0x1a][0xb]![0xd3][0x0][0xc4][0x82]u2[\r]@[0xf4]_[0xc9]4[0x80][0xd2][0x8a][0x85][0xc2][0x11][0x14]c[0x3][\n]"
10:31:00.740 [main] DEBUG org.apache.http.wire -  << "[0xc7]/[0x8c][\r][0xcc])[0xcd][0xb]H[0xc3][0xf]8[0xda]U[0x4]Z[0xa2]H[0xc3][0xf]8[0xc]@n&![\r][0x19][0xe0]PM[0xc8]:D][0x8e][0xc3][0x0][0x14][0xeb][0x10][0xad]2[0xf8]vQ[0x8c]a[0x15][0xb8][0xc][0xc6]FRc[0x3][0xb]D[0xf8][0xc2][0x95][0x91]d[0x0][0x85]KF[0x8c][\r][0x90][0xb6][0xa9][0x91][0x97][0xca])[0x1c][0x1f]06@[0xda])F[0xa6][0xb][0x10][0x81]H[0x96][0x1][0x86][0x84]{[0xe3]H[0x91]nHi[0x17][0xd7][0x90]p[0x17][0x17][0xc5]:J}G[0xe1]F)cC[0xa4][0x3]T[0xc8][0xb]_[0xa4][0xde][0xa4][0x8b][0xa7][0xb3][0xbf][0x93][0xa3]B[0xa4][0xa3][0x7]F2w[0xc][0xf0]T[0x8][0xf7][0xf][0xf2][0xe]F[0xf6]=[0x85][0xbb]}[0x8c][\r][0x91]v[0xfb][0x90]l7[0xa5]![0x8f][0xd4]+%/[0xe0]([0xdc][0x9f]cl[0x88][0xd4][0xcf]$[0xd3][0x5]D[0x8c][0xa6][0x0][0x0][0x0][0x0][0xff][0xff]"
10:31:00.740 [main] DEBUG org.apache.http.wire -  << "[\r][\n]"
10:31:00.740 [main] DEBUG org.apache.http.wire -  << "143[\r][\n]"
10:31:00.740 [main] DEBUG org.apache.http.wire -  << "[0xc2]s[0xf9][0x93][0xb1]![0xd2]J[0x5]2]@a[0xd7][0xc4][0x90][0xf0]~[0x18][0x2]^ [0xdc][0xf3]EN[0xb1]Hk[0xf]|S[0xf3][0xcb][0xb1][0x9c][0xed][0xe7][0x9b]X[0x91][0x99][0x9b][\n]"
10:31:00.740 [main] DEBUG org.apache.http.wire -  << ":gO!73[0xaf][0xb4]X!3[0x5]|[\n]"
10:31:00.740 [main] DEBUG org.apache.http.wire -  << "_fAqb[0xae]BY~NiAIbIj[0xae]BqfnfNfai*[0xd2]i|[0xc6][0x86][0x94][0xf6][0x16][\r][0x9][0xf7][0x16][0x91][0xfd][0x83][0xb4][0xb4][0x80][0xbc][0x8]$[0xdc]1C[0xb1][0x8e][0xd2][0x4]Gxb[0x1f][0xd9]:J;<[0x86][0x14]N[0xc2][0x1b][0x1b]R[0xda]c2$<[0x8b][0x8f][0xe2]aJ[0xb3][0x13][0xd2]d1[0x8e][0xf4][0x80]l[0x1d][0xa5]=[0x11]C[0xa4][0x9e][0x8][0xa9][0xe5]7[0x85]G[0x9d][0x18][0x1b]"[0xcd][0xf2][0xe2][0xf0]*[0x81][0x92][0x83][0xc2][0xa3]N[0x8c][\r][0x91][0xa6]v[0xc9]t[0x1][0x85][0x9d][0x18]C[0xc2][0xd3][0xc0][0xc8][0xd1][0x8d][0xd4][0xe1][0xc0][0xd1]|[0xc6][0xdf][0xfe]6D[0xea]p[0xe0]0[0x0][0xd9]:J{[0x17][0x86]$[0xf5].[0xc])[0xed]][0x18]"[0xad]P'[0xc6]w[0x88][0xde][0x5][0xe][0xd5][0x4][0x2][0x13][0xe9][0x18][0xe][0x1c][0x6] [0x7]&[0xd2]\%[0xe][0xd5][0x4][0xac]C[0xea][0x8b][0xe0]0[0x0][0xc5]:D[0xca][0xc4][0xa1][0x9a][0x90]u[0x88][0xee]5[0xe][0x3]P[0xac]C[0xd4]+[0x14][0xdc][0xc1]cl[0x88][0xd4][[0xc1]a+!g#[\n]"
10:31:00.740 [main] DEBUG org.apache.http.wire -  << "`[0x1c][0x6] 9[0xdb][0x8][0xa9]k[0x82]C5~[0xeb][0x8c][0x90][0x96][0xa0][0xe3]0@[0xa9]6[0xb6][0x96][0xb][0x0][0x0][0x0][0xff][0xff]"
10:31:00.740 [main] DEBUG org.apache.http.wire -  << "[\r][\n]"
10:31:00.740 [main] DEBUG org.apache.http.wire -  << "A[\r][\n]"
10:31:00.740 [main] DEBUG org.apache.http.wire -  << "[0x3][0x0][0x12][0x15]w/[0xfa]s[0x0][0x0]"
10:31:00.740 [main] DEBUG org.apache.http.wire -  << "[\r][\n]"
10:31:00.740 [main] DEBUG org.apache.http.wire -  << "0[\r][\n]"
10:31:00.740 [main] DEBUG org.apache.http.wire -  << "[\r][\n]"
10:31:00.740 [main] DEBUG io.restassured.internal.RestAssuredHttpBuilder - Parsed data to instance of: class org.apache.http.conn.EofSensorInputStream
10:31:00.741 [main] DEBUG org.apache.http.impl.conn.BasicClientConnectionManager - Releasing connection org.apache.http.impl.conn.ManagedClientConnectionImpl@5819ee0f
10:31:00.741 [main] DEBUG org.apache.http.impl.conn.BasicClientConnectionManager - Connection can be kept alive indefinitely
10:31:00.753 [Finalizer] DEBUG org.apache.http.impl.conn.DefaultClientConnection - Connection 0.0.0.0:54037<->149.248.193.56:443 closed
10:31:00.753 [Finalizer] DEBUG org.apache.http.impl.conn.DefaultClientConnection - Connection 0.0.0.0:54038<->149.248.193.56:443 closed
10:31:00.753 [Finalizer] DEBUG org.apache.http.impl.conn.DefaultClientConnection - Connection 0.0.0.0:54039<->149.248.193.56:443 closed
10:31:00.753 [Finalizer] DEBUG org.apache.http.impl.conn.DefaultClientConnection - Connection 0.0.0.0:54030<->149.248.193.56:443 closed
10:31:00.753 [Finalizer] DEBUG org.apache.http.impl.conn.DefaultClientConnection - Connection 0.0.0.0:54031<->149.248.193.56:443 closed
10:31:00.754 [Finalizer] DEBUG org.apache.http.impl.conn.DefaultClientConnection - Connection 0.0.0.0:54032<->149.248.193.56:443 closed
10:31:00.754 [Finalizer] DEBUG org.apache.http.impl.conn.DefaultClientConnection - Connection 0.0.0.0:54033<->149.248.193.56:443 closed
10:31:00.754 [Finalizer] DEBUG org.apache.http.impl.conn.DefaultClientConnection - Connection 0.0.0.0:54035<->149.248.193.56:443 closed
10:31:00.763 [main] DEBUG net.thucydides.core.steps.StepInterceptor - STEP DONE: I send GET HTTP request categories
  &amp#27;[32mWhen &amp#27;[0m&amp#27;[32mI send GET HTTP request categories&amp#27;[0m                &amp#27;[90m# starter.stepdefinitions.CategoriesSteps.sentGetHttpRequestCategories()&amp#27;[0m
10:31:00.766 [main] DEBUG net.thucydides.core.steps.StepInterceptor - STARTING STEP: CategoriesSteps.receiveValidHttp200Categories - I receive valid HTTP response code 200 categories
10:31:00.766 [main] DEBUG net.thucydides.core.steps.StepInterceptor - STEP DONE: I receive valid HTTP response code 200 categories
  &amp#27;[32mThen &amp#27;[0m&amp#27;[32mI receive valid HTTP response code 200 categories&amp#27;[0m &amp#27;[90m# starter.stepdefinitions.CategoriesSteps.receiveValidHttp200Categories()&amp#27;[0m
10:31:00.769 [main] INFO  - 
  _____   ___   ___   _____     ___     _     ___   ___   ___   ___  
 |_   _| | __| / __| |_   _|   | _ \   /_\   / __| / __| | __| |   \ 
   | |   | _|  \__ \   | |     |  _/  / _ \  \__ \ \__ \ | _|  | |) |
   |_|   |___| |___/   |_|     |_|   /_/ \_\ |___/ |___/ |___| |___/ 

GET - Get list all categories
----------------------------------------------------------------------
]]></system-out>
  </testcase>
  <testcase name="GET - Get categories by ID" classname="Categories" time="0.211">
    <system-out><![CDATA[
Scenario: GET - Get categories by ID                     &amp#27;[90m# src/test/resources/features/4. Categories.feature:27&amp#27;[0m
10:31:00.774 [main] DEBUG io.cucumber.core.plugin.SerenityReporter - Running feature from file:///C:/Users/WINDOWS%2010/Documents/GitHub/MiniProject_QE/API/minpro/src/test/resources/features/4.%20Categories.feature
10:31:00.778 [main] INFO  - 
  _____   ___   ___   _____     ___   _____     _     ___   _____   ___   ___  
 |_   _| | __| / __| |_   _|   / __| |_   _|   /_\   | _ \ |_   _| | __| |   \ 
   | |   | _|  \__ \   | |     \__ \   | |    / _ \  |   /   | |   | _|  | |) |
   |_|   |___| |___/   |_|     |___/   |_|   /_/ \_\ |_|_\   |_|   |___| |___/ 

GET - Get categories by ID(categories;get---get-categories-by-id)
--------------------------------------------------------------------------------
10:31:00.794 [main] DEBUG net.thucydides.core.steps.StepInterceptor - STARTING STEP: CategoriesSteps.setGetApiEndpoints - I set GET api endpoints categories
10:31:00.794 [main] DEBUG net.thucydides.core.steps.StepInterceptor - STEP DONE: I set GET api endpoints categories
  &amp#27;[32mGiven &amp#27;[0m&amp#27;[32mI set GET api endpoints categories&amp#27;[0m               &amp#27;[90m# starter.stepdefinitions.CategoriesSteps.setGetApiEndpoints()&amp#27;[0m
10:31:00.800 [main] DEBUG net.thucydides.core.steps.StepInterceptor - STARTING STEP: CategoriesSteps.sendGetHttpRequestCategories2 - I send GET HTTP request categories2
10:31:00.803 [main] DEBUG net.thucydides.core.steps.StepInterceptor - STARTING STEP: Categories.sendGetHttpRequestCategories2 - I set GET api endpoints categories
10:31:00.803 [main] DEBUG net.thucydides.core.steps.StepInterceptor - STEP DONE: I set GET api endpoints categories
10:31:00.817 [main] DEBUG org.apache.http.impl.conn.BasicClientConnectionManager - Get connection for route {s}->https://altashop-api.fly.dev:443
10:31:00.817 [main] DEBUG org.apache.http.impl.conn.DefaultClientConnectionOperator - Connecting to altashop-api.fly.dev:443
10:31:00.911 [main] DEBUG org.apache.http.client.protocol.RequestAddCookies - CookieSpec selected: ignoreCookies
10:31:00.911 [main] DEBUG org.apache.http.client.protocol.RequestAuthCache - Auth cache not set in the context
10:31:00.911 [main] DEBUG org.apache.http.client.protocol.RequestTargetAuthentication - Target auth state: UNCHALLENGED
10:31:00.911 [main] DEBUG org.apache.http.client.protocol.RequestProxyAuthentication - Proxy auth state: UNCHALLENGED
10:31:00.911 [main] DEBUG org.apache.http.impl.client.DefaultHttpClient - Attempt 1 to execute request
10:31:00.911 [main] DEBUG org.apache.http.impl.conn.DefaultClientConnection - Sending request: GET /api/categories HTTP/1.1
10:31:00.911 [main] DEBUG org.apache.http.wire -  >> "GET /api/categories HTTP/1.1[\r][\n]"
10:31:00.911 [main] DEBUG org.apache.http.wire -  >> "Accept: */*[\r][\n]"
10:31:00.911 [main] DEBUG org.apache.http.wire -  >> "Host: altashop-api.fly.dev[\r][\n]"
10:31:00.911 [main] DEBUG org.apache.http.wire -  >> "Connection: Keep-Alive[\r][\n]"
10:31:00.911 [main] DEBUG org.apache.http.wire -  >> "User-Agent: Apache-HttpClient/4.5.13 (Java/15)[\r][\n]"
10:31:00.911 [main] DEBUG org.apache.http.wire -  >> "Accept-Encoding: gzip,deflate[\r][\n]"
10:31:00.911 [main] DEBUG org.apache.http.wire -  >> "[\r][\n]"
10:31:00.911 [main] DEBUG org.apache.http.headers - >> GET /api/categories HTTP/1.1
10:31:00.911 [main] DEBUG org.apache.http.headers - >> Accept: */*
10:31:00.911 [main] DEBUG org.apache.http.headers - >> Host: altashop-api.fly.dev
10:31:00.911 [main] DEBUG org.apache.http.headers - >> Connection: Keep-Alive
10:31:00.911 [main] DEBUG org.apache.http.headers - >> User-Agent: Apache-HttpClient/4.5.13 (Java/15)
10:31:00.911 [main] DEBUG org.apache.http.headers - >> Accept-Encoding: gzip,deflate
10:31:00.959 [main] DEBUG org.apache.http.wire -  << "HTTP/1.1 200 OK[\r][\n]"
10:31:00.960 [main] DEBUG org.apache.http.wire -  << "content-type: application/json[\r][\n]"
10:31:00.960 [main] DEBUG org.apache.http.wire -  << "date: Sun, 07 May 2023 03:31:05 GMT[\r][\n]"
10:31:00.960 [main] DEBUG org.apache.http.wire -  << "transfer-encoding: chunked[\r][\n]"
10:31:00.960 [main] DEBUG org.apache.http.wire -  << "content-encoding: gzip[\r][\n]"
10:31:00.960 [main] DEBUG org.apache.http.wire -  << "server: Fly/3f2597ca (2023-05-03)[\r][\n]"
10:31:00.960 [main] DEBUG org.apache.http.wire -  << "via: 1.1 fly.io[\r][\n]"
10:31:00.960 [main] DEBUG org.apache.http.wire -  << "fly-request-id: 01GZT46MWZ9YZGHESXMK613B93-sin[\r][\n]"
10:31:00.960 [main] DEBUG org.apache.http.wire -  << "[\r][\n]"
10:31:00.960 [main] DEBUG org.apache.http.impl.conn.DefaultClientConnection - Receiving response: HTTP/1.1 200 OK
10:31:00.960 [main] DEBUG org.apache.http.headers - << HTTP/1.1 200 OK
10:31:00.960 [main] DEBUG org.apache.http.headers - << content-type: application/json
10:31:00.960 [main] DEBUG org.apache.http.headers - << date: Sun, 07 May 2023 03:31:05 GMT
10:31:00.960 [main] DEBUG org.apache.http.headers - << transfer-encoding: chunked
10:31:00.960 [main] DEBUG org.apache.http.headers - << content-encoding: gzip
10:31:00.960 [main] DEBUG org.apache.http.headers - << server: Fly/3f2597ca (2023-05-03)
10:31:00.960 [main] DEBUG org.apache.http.headers - << via: 1.1 fly.io
10:31:00.960 [main] DEBUG org.apache.http.headers - << fly-request-id: 01GZT46MWZ9YZGHESXMK613B93-sin
10:31:00.960 [main] DEBUG org.apache.http.impl.client.DefaultHttpClient - Connection can be kept alive indefinitely
10:31:00.960 [main] DEBUG io.restassured.internal.RestAssuredHttpBuilder - Parsing response as: application/json
10:31:00.960 [main] DEBUG org.apache.http.wire -  << "4F6[\r][\n]"
10:31:00.960 [main] DEBUG org.apache.http.wire -  << "[0x1f][0x8b][0x8][0x0][0x0][0x0][0x0][0x0][0x4][0xff][0xaa]VJI,IT[0xb2][0x8a][0xae]V[0xf2]tQ[0xb2]24250[0xd5]Q[0xf2]K[0xcc]MU[0xb2]Rr+-[0xca][0xcb],)-JU[0xd2]QrI-N.[0xca],([0xc9][0xcc][0xcf]S[0xb2]RJ[0xcb]/RHO[0xcc][0xcd][0xcc]KW((-*[0xc8]/N-V[0xaa][0xd5]A[0x98]aA[0x5]3,[0xe1]f(:([0xab][0xa8][0x92][0xea][0x6]CC[0xb8]~[0x88]KI6[0xc0][0x98]R[0x3]L(5[0xc0][0x8c]R[0x3][0xcc])5[0x0][0x11][0x9][0xe4][0x5][0xa2][0x91][0x1][0x85].02[0xa2][0xd4][0x0]D4[0x86][0xa5][0x96][0xa4][0x16]e[0xe6]%[0x16]Ub[0xa4][0x85][0xd4][0x9c][0xd4][0xe4][0x92][0xa2][0xcc][0xe4][0xcc][0xc4]<[0xe4][0x84]l[0x84][0xc8][0xc][0xbe][0xf9][0xa0][0xb4][0xaf][0x10][0x90][0x99][0xc][0xca][0x11][0xc5][\n]"
10:31:00.960 [main] DEBUG org.apache.http.wire -  << "[0x89]y)[\n]"
10:31:00.960 [main] DEBUG org.apache.http.wire -  << "n[0x99]9[0xb9][0x18]Fe$f[0x16][0xa5][0x14][0xa5][0x16][0x17][0xa7][0x16][0xa1][0x18][0x85][0x88][0xb][0x8f][0xd2][0xdc][0xc4]<[0x85][0xa0][0xd4][0xe2][0xfc][0xd2][0xa2][0xe4][0xd4]b[0xc][0x13][0xca]3[0xf3]R[0xf2][0xcb][0x15][0x92]sR[0x13][0xf3][0xd0][0xc]A[0xc4][0x87]kJir"[0xd8]I[0xbe][0x89]y[0x89][0xe9][0xa9][0xb9][0xa9]y%[0x18]&[0x15][0xe4][0xe7]d&[0xa7]*[0xe4][0xa7][0xa5]e&[0xa3][0x9a]d[0x8c][0xc8][0x1e]A[0x89][0x99]9E[0xf9][0x89])[\n]"
10:31:00.960 [main] DEBUG org.apache.http.wire -  << "[0xbe][0x89]y[0xa5]i[0x89]`[0xff]a[0x98][0x94]XR[0x92]_[0x94][0x97]Z[0xa9][0x90]X[0xa2][0x90][0x93]X[0x8e][0xec]3cD[0x8];%[0x96]$[0xa6][0xe7][0x17])[0x84][0xe7]g[0x97]b[0x18][0xe1][0x9c][0x9a][0x9b][0x99][0x93][0x98][0xa7]P[0x9c][0x9a][0x1]2$[0xb5]*[0xb1]D!)[0xb5](=[0xb3]*[0x13][0xc5]8J[0xb3][0x8d]1"[0xd2] [0x89]6[0x1d][0xc3])[0x4][0xca]/cD[0xc6]+I-.[0xc1][0x12]E([0xe]F[0x94]v[0xe4][0xda][0x87][0x88]V"[0xec]3AD[0x9d];[0xb8][0xc][0xc6][0xf0][0x9e][0x1b][0xfe][0xe2][0xd9][0x4][0x91][0xa7]p[0x18][0x80][0xec]=[0x13]D[0xf4][0x92][0xe9]=[0x13]D[0x8c][0x12][0xe3]=DF![0xc2]u[0xa6][0x88][0xc0][0x80][0xb8][0xe]#0[0x8][0xc4][0xb5])"0[0xc8]4[0x0][0x11]>[0xd4]H[0xfe][0xa6][0x88][0xc0][0xa2][0x8a]q[0x88][0xcc]@[0x15][0xe3][0x10]9[0x83]*[0xc6]![0xe2][0x9a]*[0xc6]!r"U[0x8c]CdKj[0x18]gFi]h[0x86]H[0xeb][0x8e][0xd9]I[0x89]E[\n]"
10:31:00.960 [main] DEBUG org.apache.http.wire -  << "A[0x99]U[0xd9][0x95][\n]"
10:31:00.960 [main] DEBUG org.apache.http.wire -  << "n[0x89][0x19]E[0xa5]E[0xf9]U[0x98][0xb5]Znf^[0xa6]BAQ~Vjr[0x9]r[0x96]6C[0xa4]y[0xaa]x[0xc][0x91][0x3][0xc8][0xcb]Bf[0x88]4O[0xa6][0x1][0xd4]M[0xe5]f[0x88]TN[0xa6]{[0x10][0xe9][0xda]9[0xb1]$5=[0xbf][0xa8]R[0xc1][0xb1]4'3[0x11][0xa3]t[0x2][0xc5]P2LI"X[0x9]RC[0xda][0xc][0x91][0xa0][0xf3][0x12]s[0x13]Aq[0x99]R[0x9a][0x8d]aH6[0xc4][0x0]p\[0x83][0xe4][0x91]M[0xa0]n[0x1a]6G$A[0xf2]B[0xc6][0x1c][0x91][0xf4][0xc8]4[0x80][0xd2][0xc4]fNib3G$62[0xbd]@i[0xf2]2G$[0xb]2][0x80]H[0x15][0x10][0x3]Hn"Y [\n]"
10:31:00.960 [main] DEBUG org.apache.http.wire -  << "3"[0xea]t[0xb]Jc[0xdd][0x82][0xd2]X[0xb7]@[0xc4]:1[0xee][0xa5]4[0x86],[0x10][0x5][0x0]1[0xd6][0xa1]G[0x7]F[0xe]'[0xd0][0x88][0xb1]D[0xc4]FHj1f?[0xc0]3/S[0x1]$[0x1][0xea][0xb0][0xbb]g[0xa6][0xe6] W[0x6][0x96][0x94]fiKJ#[0xd7][0x92][0xd2][0xc8][0xb5]DD.$9[0x93][0x1c]~[0x94]fiKJ[0x13][0x8c]%"[0xc1][0x90][0xe9][0x5]J[0xcb][0x4]KD"$[0x9c]d[0xcd][0xc](L5f[0x6][0x88]TC[0x8c]u[0x14][0xc6][0xb0][0x19][0xd2][0xb0][0x16]1[0xd6]Q[0x18][0x1b]f[0x6][0x88][0xd8] [0xc2]:[0xa4][0xb1][0xaa][0xdc][0xc4][0xec][0xc4][0xbc][0xc4]<[0x8c][0x4][0xc][0x13]GT[0xed]f[0x86][0x88][0x10]$+[0xc9][0x98][0x19]R[0x98][0xef][0xcc][0xc])[0x8d][0x15]C[\n]"
10:31:00.960 [main] DEBUG org.apache.http.wire -  << "[0xf3][0x9d][0x99]![0x85][0xf9][0xce][0xcc][0x10][0x11][0xd3]Th[\n]"
10:31:00.960 [main] DEBUG org.apache.http.wire -  << "[0x9b][0x19]"[0xe2]=<[0xb3](5'[0xb5][0x18]sx[0xa7] [0xa3][0xb2]839[0xb3][0x18][0xb9]InF[0xe9]@[0x99][0x19][0xa5][0x3]efF[0x94]F[0xa6][0x11][0xa5]qa[0x84][0x8]<[0x1c][0x9]:[0xb1]8[0x5][0xa9][0xea]23B-[0xb2]@[0xb5][AQ~Ji2f[\r]X[0x92][0x91]Y[0xac][0x90]Y[0xac]P[0x92][0x91][\n]"
10:31:00.960 [main] DEBUG org.apache.http.wire -  << "iE'[0x97]([0xa4] [0x8d]i#[0xe5]+cDe[\n]"
10:31:00.960 [main] DEBUG org.apache.http.wire -  << "[0xca][0xbb][0xd4]2[0x15]Q`[0x12]2[0x15][0xd9][0x8b][0xc6][0x88]LNH[0x1b])^D[0xe4]|B[0xa6][0xa2]8[0x86][0xd2][0xec][0x8a]6[0xb0]F[0xad][0xa0]E[0xe4]aR|[0x83]4[0x8e]FH[0x1b][0x9]A[0x8b]4[0xb8]F[0xc8]T[0xe4][0xa0]E[0x1a]#[0xc3][0x91][0xf6][0xf1]7[0x1][0xcd]L([0xcd]}&[0x4]s[0x1f][0x1][0x17][0x98]"[0xf2][\r]y^[0xa0]t([0xce][0xcc][0x94][0xf8]dMB[0x8c][0x9a]R[0x9a][0xea]M[0x11]Q[0x13][0x90][0x9f][0x93]Y^[0x94]X[0x92][0x81]Q[0xc1][0x7][0xa5][0x16][0x94][0xa6]d&[0xe6][0xa5]$[0xa6]*[0xe4][0xa5][0x16]'g[0x96][0xe6][0x95]([0xa4]V$[0xa7][0x16][0x94][0x94][0x16]e*[0xa4][0xe4][0xe7][0xe4][0x17][0xa5]*[0xa4][0x96][0xe6]*[0x14][0xa7][0x16][0x96]f[0xea]!'[0x1e]SD[0x6][0xf0]ML[0xce][0xc8][0xcf][0xc6][0x9c][0xb1][0xb],M,[0xce]TH+MOT[0xc8][0xcb][0xcf]S(,[0xcd]OQ[0xc8][0xcc]-HM[0xc9],Q(K[0xcd][0xc9],A5[0x90][0xd2][0xb4]@[0xe9]X[0x97][0x19][0xd2][0x10][0x15]$1[0x91][0xda]C53CM[0xc][0xf8][0x7][0xf1][0xcd][0xcc][0x10][0x91]lhd[0xac][0x90][0x98][0x85]9T[0x3]J[0xfe][0xb9][0xa9]E[0xc9][0x19][0xd8][0xe6]<[0xcd]([0x1d]323CTf[0x10][0x1f]c$[0x11][0x90][0x3] RX]`Ni[0xfe]3G[0x84][0x18][0xc4][0x1a][0x92]]@i[0x13][0xc2][0x1c][0x91][0x90][0xc9]s[0x1][0xd2][0xb0][0x4][0x99][0x6]P[0x1a][0x6][0x16][0x88][0xcc]N[0xb4][0xb][0x0][0x0][0x0][0x0][0xff][0xff]"
10:31:00.960 [main] DEBUG org.apache.http.wire -  << "[\r][\n]"
10:31:00.962 [main] DEBUG org.apache.http.wire -  << "695[\r][\n]"
10:31:00.963 [main] DEBUG org.apache.http.wire -  << "B[0x9e]<7C[0x1a]:[0xc0]a[0x0]r[0xd6][0xa7][0xb4][0xf7]nF[0xb8][0xf7][0x8e]b[0x1d][0xa5][0xbe]#[0xdc][0xcf]E[0xb2][0xce][0x9c][0xd2]^[0xa6]9R/[0x13]G`[0xe2][0xcf]T[0xe6][0x6][0x14][0xa6][0x7]s[0x3][\n]"
10:31:00.963 [main] DEBUG org.apache.http.wire -  << "[0xf3][0x84]9R[0xcf][0x95]L/P[0x18]g[0xe6][0x6][0x4]s%r[0x9c]!uf[0xc9]s/[0xa5][0xfd]Zs[0xa4]~-[0x8e][0x19]D[0xfc][0x13][0xa4][0xe6]H[0xdd]R2[\r]@[0x84][0x18][0xe][0x3]PB[0x8c][0xc2][0xda][0xd6][0xdc][0x90]`[0xd5][0x81]l[0x9d][0x11]"I[0xe3]p[0x1c][0x81][0xe0]A[0xea])[0xe2]0[0x0][0xc5]:J[0x93][0x9f][0x11]"0q$(d[0xeb][0x90][0x16]6[0xe0]PM [0xc7]#[0xf5][0xb8]p[0x18][0x80]b[0x1d][0xa5][0xbe]3&[0xc9]wH}[0x16][0x1c][0x8e]#[0xe0];[0xa4][0xee][0x9][0xe][0x3][0x90]}[0x87][0xd4][0xa9] [0xd4][0x99]![0xbe]Amn[0x82][0xf0]2!SQ[0x1c][0x83]H[0xe5][0x84][0xb4][0x91][0xe0][0x18][0xa4][0x5][0x4]8[0x12]3[0x81][0xdc][0x80][0xd4]k[0xc1]a[0x0][0xb2]'[0x90][0xa6][0xf7]q[0xa8]&d[0x1d][0xa2][0xa1][0x8a][0xc3][0x0][0x14][0xeb][0x10]A[0x8d]#[0xba][0x9][0xa4][0x17]SD[0xd9][0x84][0xc3]:B[0xee]E[0xc4][0x1a][0xe][0x3][0x90][0xdd][0x8b]4[0xc5]M[0x85][0xe1]8s[0x8c]^[0x4][0x89]-Zs[0xa4]N[0x4]y[0xe1][0x87]4[0xb5][0x8d]{9%\F[0xc1]+[0xb5] [0xb1]([0x11]%D(-`[0xcc](M[0x2][0x94][0xf6]+[0xcc])[0x9d]46[0xa7]t[0xd2][0xd8][0x1c][0xa9]g[0x3][0xf]k[0x8c][0xa4][0x0][0x97][0xc1][0x12][0xb][0x94][0xce][0xf9][0x9a][0x9b]#[0xa2][0xd1][0xad][0xa8]4[0x13]s[0x80][0x12]9[0xce])[0xed][0x6][0x99]#M[0x10][0x13]a[0x1b]"[0x87]bW[0x9c][0x9e][0x9f][0x9f][0xa2][0x0]*'2R[0x13]sJ2[0x90]]Ji[0xcb][0xdc][0x2]1,J^[0x6][0xa3]tj[0xd9][0x9c][0xd2][0xa9]es[0xa4][0xa9]e2[0xbd][0x80]([0xd2][0xc9]4[0x0][0x91][0xb8][0xc8]4[0x80][0xd2]2[0xc2][0x2]QM[0x90][0xe7][0x2][0xa4][0x19]l2[\r][0xa0]4![0x11][0xee][0x8][0x83][0xb2][0x0][0xc4]q[0xd8][0xc6]_[0xcc][0x91][0xa6][0xb1][0xa9]QwQ:[0xa9]mnIi[0xb2]"<[0xa9][0x8d]\[0x14] [0xf5][0xec][0xa9][0xe2]}[0x8a]S[0x14][0xa2]X[0x83]D[0x1a]F[0x81][0x8f]?>-[0xc]([0x1c]O[0xb3][0xa0]t[0xf4][0xc2][0x2][0xa9][0xeb][0xf][0x9b][0xff]E[0xdf][0x89][0x1][0x13]G[0xcc]_Y u[0xd7][0xdd][0x1d]}=[0xfd][0xdc]I[0xf6]8"[0xe8][0x1d][0x93][0x93]S[0x8b][0x8b][0xf3][0x8b]2[0xb1][0xc][0x9f][0x96][0xe4]+[0xa4][0xe6]e$[0xe6]%[0xa7]*$[0x16][0x14][0xa4]&[0x16][0x81][0x98]H)[0xc2][0xc2][0x10][0x11][0x80]TH[0x11][0x16][0x94][0xe],X [\r],P[0xc5]=[0x88]~4U[0x8c]CdW[0xca]B[0x1d]Q[0x96]Sd[0x8e][0x11][0xa2]@[0xa5][0xc8][0x1c][0x3]J[0xf3]![0xa5]s[0xfc][0x16]H[0x93][0xf2][0xe4][0x95][0x4][0x84][0xc7]W[0x8][0x14]%[0x94][0xce][0xee][ [0xcd][0xee]S[0x14][0x19]Hc?[0xe4][0x5][0x5][0xd2][0xd8][0xf]e[0xe][0xa1]Rj[0xa7]t[0xd1][0x81][0x5][0xe1][0xd1]%Bq[0x8b](-[0xc9][0xc]RJ3[0x8][0xd2][0x82][0x5][0x1c].@.[0x95])[0x1d] [0xb3]@[0x1a] [0xa3]([0x9] -[0x6][0xc0][0xe1]l[0x2]![0x8f]4tF[0x99]C([0x8d]AcJc[0xd0][0x4]QS[0x92][0x17][0x14][0x94][0x8e][0xb]Z[0x10][0x1e][0x17]$[0x10][0x19][0x18][0xdb][0x84]HmuP[0xba][0x2][0xc2][0xc2][0x4]Q[0xa4][0x90][0x19][0x88][0x88]n[0x14]E[0xe9][0x9]i|[0x93]L[0x87]P[0x9a] M(M[0x90][0x94][0xae][0xe5][0xb0]@[0x1a]V%g[0xfb][0xae][0x5][0xd2]R[0xe][0xf2][0xc2][0x10]i[0xa0][0x95]L[0x3][0x10][0xc9][0x89][0xa2][0xd4][0x80][0xb4][0xfa][0x83]2s[0x10][0xed]:2=[0x84]HUdE[0x9][0xd2][0x9a][0xe][0x8a]<[0x82]4[0xc6]K[0x9e]G([0x1d][0xd5][0xb5][0xa0]tT[0xd7][0x2]iT[0x97][0xbc][0xa0]D[0x94]4d[0x6][0x1]"1[0x90][0xe7][0x0]J[0xb][0x8][0xa4]Aa[0xb2][0x1c]@[0xe9][0x90][0xae][0x5][0xd2][0x90].y[0xe]@do[0xf2][0xa2][0x0]iD[0x97]<[0x7] [0xb2]#[0x99][0xe]@[0xc4]!Y[0xe][0xa0]t[0xe8][0xd5][0x2]i[0xe8][0x95]<[0x7]P[0xb8]4[0xc2][0xc2][0x82][0xd2]8DZ[0xac]C[0x9e][0xf]([0x8c][0x2]JW[0xef]X [\r]Z[0x92][0xe5][0x1]J[0x7][0x19]-[0x90][0x6][0x19][0xc9]s[0x0][0xa2] K[0xce][0xcf]+[0xc9][0xcf][0xd0][0x85][0xee][0x86][0xc4]6[0xe2][0xe4][0x96]X[0x9c][0x91][0x99][0x9f][0x97][0x98][0x94][0x93][0x8a][0xdc][0xa3][0xb1]D[0xe4]$[0xc2]f`[0xaa]@[0x1a]:C[0xda][0x3]CV[0x9e][0xb4][0xa4]t[0xc8][0xcf][0x92][0xd2][0xf5]F[0x96]Hc[0x86]dz[0x1][0x11]#d[0x1a][0x80][0xc8][0x14]8f|[0xf1]O[0x19]["[0x8d][0x1b][0xe2]0[0x0])[0xf6]-[0x91]F[0xf5]p[0xa8]&d[0x1d]b[0x1c][0xf][0x87][0x1]([0xd6]![0xca][0x1c][0x1c][0xaa][0x9]Y[0x87][0xa8][0xfb]q[0x18][0x80]b[0x1d]"m[0x93][0x17][0x1b][0x94][0x8e]]YR:ve[0x89]4[0x90]H[0x9e][0x17][0x90][0x6][0xbf][0xc8]4[0x0][0x11][0xc3]d[0x1a]@aMe[0x89]4L[0x85]#[0xd2][0x9][0xa4][0x1a][0xa4]a*[0x1c][0x6] [0xa7][0x1a][0xa4][0x8d]1[0xe4]y[0x98][0xd2]A"K[0xa4]A"[0x1c][0xee]%[0xe0]a[0xa4]Sep[0x18][0x80][0xec]a[0x8c]3_H[0x1c]}[0xb0][0xa4]t0[0xca][0xd2][0x18][0x91]Qq[0xb8][0x97][0x90][0x87][0x9][0x16][0x9b][0xc8][0x1e]F[0x1a][0xf0]![0xcf]:[0xa4][0x1][0x1f][0x1c][0x6][0xa0]XGi[0x6][0xa0]tp[0xc6][0x12]i)[0x1a]yI[0x9a][0xd2]Q[0x19]KJ7[0xc8]XR:[0xa8]b[0x89][0xb4][0xd4][0x8c][0xbc]0[0xa0]tP[0xc4][0x92][0xd2][0xbd]0[0x96]H[0xa3]!dz[0x81][0xd2][0xe6][0x9][0xd2][0x8a]6[0xf2]\@[0xe9][0xf0][0x83]%[0xa5][0xc3][0xf][0x96][0x94][0xee]5[0xb1]4%X[0xd6][0x10]([0xac][0x90][0xc6][0x82][0x88](=[0x90][0x86]K[0xc8][0xc]rD[0xa3][0x8b]L[0x3](M5H[0xbb]s[0xa8][0xb7][0xf8][0xd4][0x12]i[0x14][0x85][0x90][0xa9][0xc8][0xa5]1[0xd2][0xe0][0x9]!m[0xc4][0xaf][0x84][0xb5][0xa4][0xf4]`[0x14]KJ[0x17][0xc9]Y"[\r][0xa9][0x90][0x17][0xcd][0x94].[0x9c][0xb3]DZ8G[0xa6][0xb][0x10]9[0x8b]<[0x3](]Qg[0x89]4[0xac][0xe3][0x9c][0x98][0x92][Z[0xac][0x10][0x90]Z[0x96]Z[0x94][0x9a][0x93][0x83][0xd1]&[0xf2](MK[0xcb]I-(MKCN]H[0xc3]:N[0xa5][0xc9][0xd9]I[0xa9][0x89][0x98]'[0xe][0x5][0xe7]T[0x96]d[0x80][0xe]SD[0xd1][0x88]hf[0xbb][0xa7][0xe6][0x17][0xa5][0xa7]*[0x84][0xa7]&[0x16][0xe7][0xa4]b[0x1e]L[0x15][0x92]Q[0x9a][0x97][0x92]Z[0x94][0x94]Y[0x84][0xbc][0x9f][0xdb][0x92][0xd2][0x95]t[0x96]H[0xe3]9d[0x86]>[0xa2][0x15]G[0x9e][0x1][0x94][0xae]c[0xb3]D[0x1a][0xd1]![0xd3][0x5][0x94]6[0xd5][0x90][0x86]t[0xc8]t[0x1][0xa2][0x87]K[0xa6][0x1][0x94][0x96][0xd6]H#B[0x14][0x9d][0x94]f[0x89]4 D[0x89]A[0xc6][0x6][0x14].&36@[0xda][0xc9][0x16][0x90]Z[0x94]Y[0x90][0x91]Z[0x94][0x98][0xa3][0x80][0xa3][0xf2][0xf5][0xcd]/-N[0xd5]Q[0xf0]N[0xad]L[0xca]O,J[0xd1]Q[0xf0]HML)[0xc8][0xc8][0xcf]KUp[\r]qF[0xe4]Yc[0x3][\n]"
10:31:00.963 [main] DEBUG org.apache.http.wire -  << "[0xc7][0x9b][0x8c][\r]([0xdc][0xdf]fl@[0xe1][0x80][0x95][0xb1][0x81][0x1]e[0xc9][0xcd][0xd8][0x0][0xe9][0xb0][0x16]r[0xd2][0xab][0xb1][0x1][0xd2][0x80][0x15][0x99][0x6] Ny [0xd3][0x0]D[0xa6][0xc7][0x91]$[0xf0]6[0xe8][0x8c][\r][0x8]oyCN5H[0xa7][0xa6][0x90][0xe9]^[0xca][0xaa]Ic[0x3][0xa4]A%[0xf2]<[0x8c]4[0xa8][0x84][0xc3][0x0]d[0xf]#-{"[0xcf][0xc3]H'[0x9][0xa7][0xe1]<V[0x1b][0xc5]F[0xca][0xca]@c[0x3][\n]"
10:31:00.963 [main] DEBUG org.apache.http.wire -  << "[0xc7][0x80][0x8c][\r]([0x1c][0x3]26@[0x1a][0x3][0xa2]f[0x91][0x85]42D^\[0x18]#2[0xb][0x99][0x6]P[0xd6][0x1d]16[0xa0]p[0xb4][0xc9][0xd8][0x0]i[0xe9][0x13][0x99]^[0xa0][0xac][0xa1]cl@[0xe1][0x9a]'c[0x3][\n]"
10:31:00.963 [main] DEBUG org.apache.http.wire -  << "[0xd7]<[0x19][0x1b] [0x8d]`[0x91][0x17][0x6][0x14][0xae]826[0xa0]pL[0xca][0xd8][0x0]:[0xa4][0x4][0x0][0x0][0x0][0xff][0xff]"
10:31:00.963 [main] DEBUG org.apache.http.wire -  << "[\r][\n]"
10:31:00.963 [main] DEBUG org.apache.http.wire -  << "250[\r][\n]"
10:31:00.963 [main] DEBUG org.apache.http.wire -  << "[0x2][0x1d][0xb6]O[0x9e][0x17]([0x1c]R26@Z[0xa7]C[0xa6][0xb][0x10][0x8d]~2[\r][0xa0]43![0x9d]~B[0xa6][0xb]([0xad][0x8c][0x90]FC[0xc8]s[0x1][0x85]CJ[0xc6][0x6][0x14][0x8e][0xb0][0x18][0x1b]P8[0xa4]dl[0x80]tT-ya[0x80]4[0x16]B[0xa6][0x1][0x88][0x5][0xeb]d[0x1a]@iR[0xa6]p[0x4][0xc5][0xd8][0x80][0xc2][0x11][0x14]c[0x3][\n]"
10:31:00.963 [main] DEBUG org.apache.http.wire -  << "[0xc7]/[0x8c][\r][0xcc])[0xcd][0xb]H[0xc3][0xf]8[0xda]U[0x4]Z[0xa2]H[0xc3][0xf]8[0xc]@n&![\r][0x19][0xe0]PM[0xc8]:D[0xf1][0x83][0xc3][0x0][0x14][0xeb][0x10][0xad]2[0xf8]vQ[0x8c]a[0x15][0xb8][0xc][0xc6]FRc[0x3][0xb]D[0xf8][0xc2][0x95][0x91]d[0x0][0x85]KF[0x8c][\r][0x90][0xb6][0xa9][0x91][0x97]M([0x1c][0x1f]06@[0xda])F[0xa6][0xb][0x10][0x81]H[0x96][0x1][0x86][0x84]{[0xe3]H[0x91]nHi[0x17][0xd7][0x90]p[0x17][0x17][0xc5]:J}G[0xe1]F)cC[0xa4][0x3]T[0xc8][0xb]_[0xa4][0xde][0xa4][0x8b][0xa7][0xb3][0xbf][0x93][0xa3]B[0xa4][0xa3][0x7]F2w[0xc][0xf0]T[0x8][0xf7][0xf][0xf2][0xe]F[0xf6]=[0x85][0xbb]}[0x8c][\r][0x91]v[0xfb][0x90]l7[0xa5]![0x8f][0xd4]+%/[0xe0]([0xdc][0x9f]cl[0x88][0xd4][0xcf]$[0xd3][0x5][0x14][0x8e][0xa6][0x18]"[0xad]T [0xd3][0x5][0x14]vM[0xc][0x9][0xef][0x87][0xc1][0xbb][0x97][0xc1][0xd8][0x90]p[0xcf][0x17]9[0xc5]"[0xad]=[0xf0]M[0xcd]/[0xc7]r[0xb6][0x9f]obEfn*[0xe8][0x9c]=[0x85][0xdc][0xcc][0xbc][0xd2]b[0x85][0xcc][0x14][0xf0])|[0x99][0x5][0xc5][0x89][0xb9][\n]"
10:31:00.963 [main] DEBUG org.apache.http.wire -  << "e[0xf9]9[0xa5][0x5]%[0x89]%[0xa9][0xb9][\n]"
10:31:00.963 [main] DEBUG org.apache.http.wire -  << "[0xc5][0x99][0xb9][0x99]9[0x99][0x85][0xa5][0xa9]H[0xa7][0xf1][0x19][0x1b]R[0xda][4$[0xdc][D[0xf6][0xf][0xd2][0xd2][0x2][0xf2]"[0x90]p[0xc7][0xc][0xc5]:J[0x13][0x1c][0xe1][0x89]}d[0xeb]([0xed][0xf0][0x18]R8[0x9]olH[0xe1][0xd6][0x6]cC[0xc2][0xb3][0xf8]([0x1e][0xa6]4;!M[0x16][0xe3]H[0xf][0xc8][0xd6]Q[0xda][0x13]1D[0xea][0x89][0x90]Z~Sx[0xd4][0x89][0xb1]![0xd2],/[0xe][0xaf][0x12](9(<[0xea][0xc4][0xd8][0x10]ij[0x97]L[0x17]P[0xd8][0x89]1$[0xdc][0x89]A[0x8e]n[0xa4][0xe][0x7][0x8e][0xe6]3[0xfe][0xf6][0xb7]!R[0x87][0x3][0x87][0x1][0xc8][0xd6]Q[0xda][0xbb]0$[0xa9]waHi[0xef][0xc2][0x10]i[0x85]:1[0xbe]C[0xf4].p[0xa8]&[0x10][0x98]H[0xc7]p[0xe0]0[0x0]90[0x91][0xe6]*q[0xa8]&`[0x1d]R_[0x4][0x87][0x1]([0xd6]!R&[0xe][0xd5][0x84][0xac]C[0x8c][0xdb][0xe2]0[0x0][0xc5]:D[0xbd]B[0xc1][0x1d]<[0xc6][0x86]H[0xbd][0x15][0x1c][0xb6][0x12]r6[0xa2][0x0][0xc6]a[0x0][0x92][0xb3][0x8d][0x90][0xba]&8T[0xe3][0xb7][0xce][0x8]i[0x9]:[0xe][0x3][0x94]jck[0xb9][0x0][0x0][0x0][0x0][0xff][0xff]"
10:31:00.963 [main] DEBUG org.apache.http.wire -  << "[\r][\n]"
10:31:00.963 [main] DEBUG org.apache.http.wire -  << "A[\r][\n]"
10:31:00.963 [main] DEBUG org.apache.http.wire -  << "[0x3][0x0][0x12][0x15]w/[0xfa]s[0x0][0x0]"
10:31:00.963 [main] DEBUG org.apache.http.wire -  << "[\r][\n]"
10:31:00.963 [main] DEBUG org.apache.http.wire -  << "0[\r][\n]"
10:31:00.963 [main] DEBUG org.apache.http.wire -  << "[\r][\n]"
10:31:00.963 [main] DEBUG io.restassured.internal.RestAssuredHttpBuilder - Parsed data to instance of: class org.apache.http.conn.EofSensorInputStream
10:31:00.964 [main] DEBUG org.apache.http.impl.conn.BasicClientConnectionManager - Releasing connection org.apache.http.impl.conn.ManagedClientConnectionImpl@2d41bb5a
10:31:00.964 [main] DEBUG org.apache.http.impl.conn.BasicClientConnectionManager - Connection can be kept alive indefinitely
10:31:00.973 [main] DEBUG net.thucydides.core.steps.StepInterceptor - STEP DONE: I send GET HTTP request categories2
  &amp#27;[32mWhen &amp#27;[0m&amp#27;[32mI send GET HTTP request categories2&amp#27;[0m               &amp#27;[90m# starter.stepdefinitions.CategoriesSteps.sendGetHttpRequestCategories2()&amp#27;[0m
10:31:00.977 [main] DEBUG net.thucydides.core.steps.StepInterceptor - STARTING STEP: CategoriesSteps.receiveValidHttp200Categories - I receive valid HTTP response code 200 categories
10:31:00.978 [main] DEBUG net.thucydides.core.steps.StepInterceptor - STEP DONE: I receive valid HTTP response code 200 categories
  &amp#27;[32mThen &amp#27;[0m&amp#27;[32mI receive valid HTTP response code 200 categories&amp#27;[0m &amp#27;[90m# starter.stepdefinitions.CategoriesSteps.receiveValidHttp200Categories()&amp#27;[0m
10:31:00.980 [main] INFO  - 
  _____   ___   ___   _____     ___     _     ___   ___   ___   ___  
 |_   _| | __| / __| |_   _|   | _ \   /_\   / __| / __| | __| |   \ 
   | |   | _|  \__ \   | |     |  _/  / _ \  \__ \ \__ \ | _|  | |) |
   |_|   |___| |___/   |_|     |_|   /_/ \_\ |___/ |___/ |___| |___/ 

GET - Get categories by ID
----------------------------------------------------------------------
]]></system-out>
  </testcase>
  <testcase name="DEL - Delete category with ID" classname="Categories" time="0.182">
    <system-out><![CDATA[
Scenario: DEL - Delete category with ID                  &amp#27;[90m# src/test/resources/features/4. Categories.feature:32&amp#27;[0m
10:31:00.983 [main] DEBUG io.cucumber.core.plugin.SerenityReporter - Running feature from file:///C:/Users/WINDOWS%2010/Documents/GitHub/MiniProject_QE/API/minpro/src/test/resources/features/4.%20Categories.feature
10:31:00.986 [main] INFO  - 
  _____   ___   ___   _____     ___   _____     _     ___   _____   ___   ___  
 |_   _| | __| / __| |_   _|   / __| |_   _|   /_\   | _ \ |_   _| | __| |   \ 
   | |   | _|  \__ \   | |     \__ \   | |    / _ \  |   /   | |   | _|  | |) |
   |_|   |___| |___/   |_|     |___/   |_|   /_/ \_\ |_|_\   |_|   |___| |___/ 

DEL - Delete category with ID(categories;del---delete-category-with-id)
--------------------------------------------------------------------------------
10:31:00.998 [main] DEBUG net.thucydides.core.steps.StepInterceptor - STARTING STEP: CategoriesSteps.setDelApiEndpoints - I set DEL api endpoints categories
10:31:00.999 [main] DEBUG net.thucydides.core.steps.StepInterceptor - STEP DONE: I set DEL api endpoints categories
  &amp#27;[32mGiven &amp#27;[0m&amp#27;[32mI set DEL api endpoints categories&amp#27;[0m               &amp#27;[90m# starter.stepdefinitions.CategoriesSteps.setDelApiEndpoints()&amp#27;[0m
10:31:01.003 [main] DEBUG net.thucydides.core.steps.StepInterceptor - STARTING STEP: CategoriesSteps.sendDelHttpRequestCategoriesDel - I send DEL HTTP request categories
10:31:01.005 [main] DEBUG net.thucydides.core.steps.StepInterceptor - STARTING STEP: Categories.sendDelHttpRequestCategories - I set DEL api endpoints categories
10:31:01.006 [main] DEBUG net.thucydides.core.steps.StepInterceptor - STEP DONE: I set DEL api endpoints categories
10:31:01.016 [main] DEBUG org.apache.http.impl.conn.BasicClientConnectionManager - Get connection for route {s}->https://altashop-api.fly.dev:443
10:31:01.016 [main] DEBUG org.apache.http.impl.conn.DefaultClientConnectionOperator - Connecting to altashop-api.fly.dev:443
10:31:01.110 [main] DEBUG org.apache.http.client.protocol.RequestAddCookies - CookieSpec selected: ignoreCookies
10:31:01.111 [main] DEBUG org.apache.http.client.protocol.RequestAuthCache - Auth cache not set in the context
10:31:01.111 [main] DEBUG org.apache.http.client.protocol.RequestTargetAuthentication - Target auth state: UNCHALLENGED
10:31:01.111 [main] DEBUG org.apache.http.client.protocol.RequestProxyAuthentication - Proxy auth state: UNCHALLENGED
10:31:01.111 [main] DEBUG org.apache.http.impl.client.DefaultHttpClient - Attempt 1 to execute request
10:31:01.111 [main] DEBUG org.apache.http.impl.conn.DefaultClientConnection - Sending request: DELETE /api/categories/12510 HTTP/1.1
10:31:01.111 [main] DEBUG org.apache.http.wire -  >> "DELETE /api/categories/12510 HTTP/1.1[\r][\n]"
10:31:01.111 [main] DEBUG org.apache.http.wire -  >> "Accept: */*[\r][\n]"
10:31:01.111 [main] DEBUG org.apache.http.wire -  >> "Host: altashop-api.fly.dev[\r][\n]"
10:31:01.111 [main] DEBUG org.apache.http.wire -  >> "Connection: Keep-Alive[\r][\n]"
10:31:01.111 [main] DEBUG org.apache.http.wire -  >> "User-Agent: Apache-HttpClient/4.5.13 (Java/15)[\r][\n]"
10:31:01.111 [main] DEBUG org.apache.http.wire -  >> "Accept-Encoding: gzip,deflate[\r][\n]"
10:31:01.111 [main] DEBUG org.apache.http.wire -  >> "[\r][\n]"
10:31:01.111 [main] DEBUG org.apache.http.headers - >> DELETE /api/categories/12510 HTTP/1.1
10:31:01.111 [main] DEBUG org.apache.http.headers - >> Accept: */*
10:31:01.111 [main] DEBUG org.apache.http.headers - >> Host: altashop-api.fly.dev
10:31:01.111 [main] DEBUG org.apache.http.headers - >> Connection: Keep-Alive
10:31:01.111 [main] DEBUG org.apache.http.headers - >> User-Agent: Apache-HttpClient/4.5.13 (Java/15)
10:31:01.111 [main] DEBUG org.apache.http.headers - >> Accept-Encoding: gzip,deflate
10:31:01.156 [main] DEBUG org.apache.http.wire -  << "HTTP/1.1 200 OK[\r][\n]"
10:31:01.156 [main] DEBUG org.apache.http.wire -  << "content-type: application/json[\r][\n]"
10:31:01.156 [main] DEBUG org.apache.http.wire -  << "date: Sun, 07 May 2023 03:31:05 GMT[\r][\n]"
10:31:01.156 [main] DEBUG org.apache.http.wire -  << "content-encoding: gzip[\r][\n]"
10:31:01.156 [main] DEBUG org.apache.http.wire -  << "transfer-encoding: chunked[\r][\n]"
10:31:01.156 [main] DEBUG org.apache.http.wire -  << "server: Fly/3f2597ca (2023-05-03)[\r][\n]"
10:31:01.156 [main] DEBUG org.apache.http.wire -  << "via: 1.1 fly.io[\r][\n]"
10:31:01.156 [main] DEBUG org.apache.http.wire -  << "fly-request-id: 01GZT46N349JA4MQW39XWE0H6D-sin[\r][\n]"
10:31:01.156 [main] DEBUG org.apache.http.wire -  << "[\r][\n]"
10:31:01.156 [main] DEBUG org.apache.http.impl.conn.DefaultClientConnection - Receiving response: HTTP/1.1 200 OK
10:31:01.156 [main] DEBUG org.apache.http.headers - << HTTP/1.1 200 OK
10:31:01.156 [main] DEBUG org.apache.http.headers - << content-type: application/json
10:31:01.156 [main] DEBUG org.apache.http.headers - << date: Sun, 07 May 2023 03:31:05 GMT
10:31:01.156 [main] DEBUG org.apache.http.headers - << content-encoding: gzip
10:31:01.156 [main] DEBUG org.apache.http.headers - << transfer-encoding: chunked
10:31:01.156 [main] DEBUG org.apache.http.headers - << server: Fly/3f2597ca (2023-05-03)
10:31:01.156 [main] DEBUG org.apache.http.headers - << via: 1.1 fly.io
10:31:01.156 [main] DEBUG org.apache.http.headers - << fly-request-id: 01GZT46N349JA4MQW39XWE0H6D-sin
10:31:01.156 [main] DEBUG org.apache.http.impl.client.DefaultHttpClient - Connection can be kept alive indefinitely
10:31:01.157 [main] DEBUG io.restassured.internal.RestAssuredHttpBuilder - Parsing response as: application/json
10:31:01.157 [main] DEBUG org.apache.http.wire -  << "22[\r][\n]"
10:31:01.157 [main] DEBUG org.apache.http.wire -  << "[0x1f][0x8b][0x8][0x0][0x0][0x0][0x0][0x0][0x4][0xff][0xab]VJI,IT[0xb2][0xca]+[0xcd][0xc9][0xa9][0xe5][0x2][0x0][0xa3][0xab][0x8f]W[0xe][0x0][0x0][0x0]"
10:31:01.157 [main] DEBUG org.apache.http.wire -  << "[\r][\n]"
10:31:01.157 [main] DEBUG org.apache.http.wire -  << "0[\r][\n]"
10:31:01.157 [main] DEBUG org.apache.http.wire -  << "[\r][\n]"
10:31:01.157 [main] DEBUG io.restassured.internal.RestAssuredHttpBuilder - Parsed data to instance of: class org.apache.http.conn.EofSensorInputStream
10:31:01.157 [main] DEBUG org.apache.http.impl.conn.BasicClientConnectionManager - Releasing connection org.apache.http.impl.conn.ManagedClientConnectionImpl@3fda8dae
10:31:01.157 [main] DEBUG org.apache.http.impl.conn.BasicClientConnectionManager - Connection can be kept alive indefinitely
10:31:01.158 [main] DEBUG net.thucydides.core.steps.StepInterceptor - STEP DONE: I send DEL HTTP request categories
  &amp#27;[32mWhen &amp#27;[0m&amp#27;[32mI send DEL HTTP request categories&amp#27;[0m                &amp#27;[90m# starter.stepdefinitions.CategoriesSteps.sendDelHttpRequestCategoriesDel()&amp#27;[0m
10:31:01.161 [main] DEBUG net.thucydides.core.steps.StepInterceptor - STARTING STEP: CategoriesSteps.receiveValidHttp200Categories - I receive valid HTTP response code 200 categories
10:31:01.161 [main] DEBUG net.thucydides.core.steps.StepInterceptor - STEP DONE: I receive valid HTTP response code 200 categories
  &amp#27;[32mThen &amp#27;[0m&amp#27;[32mI receive valid HTTP response code 200 categories&amp#27;[0m &amp#27;[90m# starter.stepdefinitions.CategoriesSteps.receiveValidHttp200Categories()&amp#27;[0m
10:31:01.162 [main] INFO  - 
  _____   ___   ___   _____     ___     _     ___   ___   ___   ___  
 |_   _| | __| / __| |_   _|   | _ \   /_\   / __| / __| | __| |   \ 
   | |   | _|  \__ \   | |     |  _/  / _ \  \__ \ \__ \ | _|  | |) |
   |_|   |___| |___/   |_|     |_|   /_/ \_\ |___/ |___/ |___| |___/ 

DEL - Delete category with ID
----------------------------------------------------------------------
]]></system-out>
  </testcase>
  <testcase name="DEL - Delete category with invalid ID" classname="Categories" time="0.173">
    <system-out><![CDATA[
Scenario: DEL - Delete category with invalid ID          &amp#27;[90m# src/test/resources/features/4. Categories.feature:37&amp#27;[0m
10:31:01.166 [main] DEBUG io.cucumber.core.plugin.SerenityReporter - Running feature from file:///C:/Users/WINDOWS%2010/Documents/GitHub/MiniProject_QE/API/minpro/src/test/resources/features/4.%20Categories.feature
10:31:01.169 [main] INFO  - 
  _____   ___   ___   _____     ___   _____     _     ___   _____   ___   ___  
 |_   _| | __| / __| |_   _|   / __| |_   _|   /_\   | _ \ |_   _| | __| |   \ 
   | |   | _|  \__ \   | |     \__ \   | |    / _ \  |   /   | |   | _|  | |) |
   |_|   |___| |___/   |_|     |___/   |_|   /_/ \_\ |_|_\   |_|   |___| |___/ 

DEL - Delete category with invalid ID(categories;del---delete-category-with-invalid-id)
--------------------------------------------------------------------------------
10:31:01.182 [main] DEBUG net.thucydides.core.steps.StepInterceptor - STARTING STEP: CategoriesSteps.setDelApiEndpoints2 - I set DEL api endpoints categories2
10:31:01.182 [main] DEBUG net.thucydides.core.steps.StepInterceptor - STEP DONE: I set DEL api endpoints categories2
  &amp#27;[32mGiven &amp#27;[0m&amp#27;[32mI set DEL api endpoints categories2&amp#27;[0m              &amp#27;[90m# starter.stepdefinitions.CategoriesSteps.setDelApiEndpoints2()&amp#27;[0m
10:31:01.184 [main] DEBUG net.thucydides.core.steps.StepInterceptor - STARTING STEP: CategoriesSteps.sendDelHttpRequestCategoriesDel2 - I send DEL HTTP request categories2
10:31:01.185 [main] DEBUG net.thucydides.core.steps.StepInterceptor - STARTING STEP: Categories.sendDelHttpRequestCategories2 - I set DEL api endpoints categories2
10:31:01.185 [main] DEBUG net.thucydides.core.steps.StepInterceptor - STEP DONE: I set DEL api endpoints categories2
10:31:01.192 [main] DEBUG org.apache.http.impl.conn.BasicClientConnectionManager - Get connection for route {s}->https://altashop-api.fly.dev:443
10:31:01.192 [main] DEBUG org.apache.http.impl.conn.DefaultClientConnectionOperator - Connecting to altashop-api.fly.dev:443
10:31:01.279 [main] DEBUG org.apache.http.client.protocol.RequestAddCookies - CookieSpec selected: ignoreCookies
10:31:01.279 [main] DEBUG org.apache.http.client.protocol.RequestAuthCache - Auth cache not set in the context
10:31:01.279 [main] DEBUG org.apache.http.client.protocol.RequestTargetAuthentication - Target auth state: UNCHALLENGED
10:31:01.279 [main] DEBUG org.apache.http.client.protocol.RequestProxyAuthentication - Proxy auth state: UNCHALLENGED
10:31:01.279 [main] DEBUG org.apache.http.impl.client.DefaultHttpClient - Attempt 1 to execute request
10:31:01.279 [main] DEBUG org.apache.http.impl.conn.DefaultClientConnection - Sending request: DELETE /api/categories/-12510 HTTP/1.1
10:31:01.279 [main] DEBUG org.apache.http.wire -  >> "DELETE /api/categories/-12510 HTTP/1.1[\r][\n]"
10:31:01.279 [main] DEBUG org.apache.http.wire -  >> "Accept: */*[\r][\n]"
10:31:01.279 [main] DEBUG org.apache.http.wire -  >> "Host: altashop-api.fly.dev[\r][\n]"
10:31:01.279 [main] DEBUG org.apache.http.wire -  >> "Connection: Keep-Alive[\r][\n]"
10:31:01.279 [main] DEBUG org.apache.http.wire -  >> "User-Agent: Apache-HttpClient/4.5.13 (Java/15)[\r][\n]"
10:31:01.279 [main] DEBUG org.apache.http.wire -  >> "Accept-Encoding: gzip,deflate[\r][\n]"
10:31:01.279 [main] DEBUG org.apache.http.wire -  >> "[\r][\n]"
10:31:01.279 [main] DEBUG org.apache.http.headers - >> DELETE /api/categories/-12510 HTTP/1.1
10:31:01.279 [main] DEBUG org.apache.http.headers - >> Accept: */*
10:31:01.279 [main] DEBUG org.apache.http.headers - >> Host: altashop-api.fly.dev
10:31:01.279 [main] DEBUG org.apache.http.headers - >> Connection: Keep-Alive
10:31:01.279 [main] DEBUG org.apache.http.headers - >> User-Agent: Apache-HttpClient/4.5.13 (Java/15)
10:31:01.279 [main] DEBUG org.apache.http.headers - >> Accept-Encoding: gzip,deflate
10:31:01.326 [main] DEBUG org.apache.http.wire -  << "HTTP/1.1 500 Internal Server Error[\r][\n]"
10:31:01.326 [main] DEBUG org.apache.http.wire -  << "content-type: application/json[\r][\n]"
10:31:01.326 [main] DEBUG org.apache.http.wire -  << "date: Sun, 07 May 2023 03:31:06 GMT[\r][\n]"
10:31:01.326 [main] DEBUG org.apache.http.wire -  << "content-encoding: gzip[\r][\n]"
10:31:01.326 [main] DEBUG org.apache.http.wire -  << "transfer-encoding: chunked[\r][\n]"
10:31:01.326 [main] DEBUG org.apache.http.wire -  << "server: Fly/3f2597ca (2023-05-03)[\r][\n]"
10:31:01.326 [main] DEBUG org.apache.http.wire -  << "via: 1.1 fly.io[\r][\n]"
10:31:01.326 [main] DEBUG org.apache.http.wire -  << "fly-request-id: 01GZT46N8EAT7GZHXFD0CSEJZ9-sin[\r][\n]"
10:31:01.326 [main] DEBUG org.apache.http.wire -  << "[\r][\n]"
10:31:01.326 [main] DEBUG org.apache.http.impl.conn.DefaultClientConnection - Receiving response: HTTP/1.1 500 Internal Server Error
10:31:01.326 [main] DEBUG org.apache.http.headers - << HTTP/1.1 500 Internal Server Error
10:31:01.326 [main] DEBUG org.apache.http.headers - << content-type: application/json
10:31:01.326 [main] DEBUG org.apache.http.headers - << date: Sun, 07 May 2023 03:31:06 GMT
10:31:01.326 [main] DEBUG org.apache.http.headers - << content-encoding: gzip
10:31:01.326 [main] DEBUG org.apache.http.headers - << transfer-encoding: chunked
10:31:01.326 [main] DEBUG org.apache.http.headers - << server: Fly/3f2597ca (2023-05-03)
10:31:01.326 [main] DEBUG org.apache.http.headers - << via: 1.1 fly.io
10:31:01.326 [main] DEBUG org.apache.http.headers - << fly-request-id: 01GZT46N8EAT7GZHXFD0CSEJZ9-sin
10:31:01.327 [main] DEBUG org.apache.http.impl.client.DefaultHttpClient - Connection can be kept alive indefinitely
10:31:01.327 [main] DEBUG io.restassured.internal.RestAssuredHttpBuilder - Parsing response as: application/json
10:31:01.327 [main] DEBUG org.apache.http.wire -  << "5C[\r][\n]"
10:31:01.327 [main] DEBUG org.apache.http.wire -  << "[0x1f][0x8b][0x8][0x0][0x0][0x0][0x0][0x0][0x4][0xff][0xab]VJ-*[0xca]/R[0xb2]R2[0xb4]01137110767[0xb0]45[0xb6]440S[0xc8],VH/JM,I-R([0xc9]H[0xcc]S[0xc8]M[0xac][0xc8][0xcc]-[0xcd]U(K[0xcc])MUH[0xcb]/R[0xf0][0xcc]+1Q[0xaa][0xe5][0x2][0x0]g[0xb3][0xb][0x10]H[0x0][0x0][0x0]"
10:31:01.327 [main] DEBUG org.apache.http.wire -  << "[\r][\n]"
10:31:01.327 [main] DEBUG org.apache.http.wire -  << "0[\r][\n]"
10:31:01.327 [main] DEBUG org.apache.http.wire -  << "[\r][\n]"
10:31:01.327 [main] DEBUG io.restassured.internal.RestAssuredHttpBuilder - Parsed data to instance of: class org.apache.http.conn.EofSensorInputStream
10:31:01.328 [main] DEBUG org.apache.http.impl.conn.BasicClientConnectionManager - Releasing connection org.apache.http.impl.conn.ManagedClientConnectionImpl@2cb53bfc
10:31:01.328 [main] DEBUG org.apache.http.impl.conn.BasicClientConnectionManager - Connection can be kept alive indefinitely
10:31:01.328 [main] DEBUG net.thucydides.core.steps.StepInterceptor - STEP DONE: I send DEL HTTP request categories2
  &amp#27;[32mWhen &amp#27;[0m&amp#27;[32mI send DEL HTTP request categories2&amp#27;[0m               &amp#27;[90m# starter.stepdefinitions.CategoriesSteps.sendDelHttpRequestCategoriesDel2()&amp#27;[0m
10:31:01.332 [main] DEBUG net.thucydides.core.steps.StepInterceptor - STARTING STEP: CategoriesSteps.receiveValidHttp500Categories - I receive valid HTTP response code 500 categories
10:31:01.333 [main] DEBUG net.thucydides.core.steps.StepInterceptor - STEP DONE: I receive valid HTTP response code 500 categories
  &amp#27;[32mThen &amp#27;[0m&amp#27;[32mI receive valid HTTP response code 500 categories&amp#27;[0m &amp#27;[90m# starter.stepdefinitions.CategoriesSteps.receiveValidHttp500Categories()&amp#27;[0m
10:31:01.335 [main] INFO  - 
  _____   ___   ___   _____     ___     _     ___   ___   ___   ___  
 |_   _| | __| / __| |_   _|   | _ \   /_\   / __| / __| | __| |   \ 
   | |   | _|  \__ \   | |     |  _/  / _ \  \__ \ \__ \ | _|  | |) |
   |_|   |___| |___/   |_|     |_|   /_/ \_\ |___/ |___/ |___| |___/ 

DEL - Delete category with invalid ID
----------------------------------------------------------------------
]]></system-out>
  </testcase>
  <testcase name="POST - Add new product product" classname="Product" time="0.195">
    <system-out><![CDATA[10:31:01.336 [main] DEBUG io.cucumber.core.plugin.SerenityReporter - Running feature from file:///C:/Users/WINDOWS%2010/Documents/GitHub/MiniProject_QE/API/minpro/src/test/resources/features/5.%20Product.feature
10:31:01.340 [main] DEBUG net.thucydides.core.steps.StepEventBus - Test suite started for story net.thucydides.core.model.Story@5c78189e
10:31:01.340 [main] INFO  - Test Suite Started: Product

Scenario: POST - Add new product product              &amp#27;[90m# src/test/resources/features/5. Product.feature:7&amp#27;[0m
10:31:01.344 [main] DEBUG io.cucumber.core.plugin.SerenityReporter - Running feature from file:///C:/Users/WINDOWS%2010/Documents/GitHub/MiniProject_QE/API/minpro/src/test/resources/features/5.%20Product.feature
10:31:01.346 [main] INFO  - 
  _____   ___   ___   _____     ___   _____     _     ___   _____   ___   ___  
 |_   _| | __| / __| |_   _|   / __| |_   _|   /_\   | _ \ |_   _| | __| |   \ 
   | |   | _|  \__ \   | |     \__ \   | |    / _ \  |   /   | |   | _|  | |) |
   |_|   |___| |___/   |_|     |___/   |_|   /_/ \_\ |_|_\   |_|   |___| |___/ 

POST - Add new product product(product;post---add-new-product-product)
--------------------------------------------------------------------------------
10:31:01.362 [main] DEBUG net.thucydides.core.steps.StepInterceptor - STARTING STEP: ProductSteps.setPostApiEndpointsProduct - I set POST api endpoints product
10:31:01.362 [main] DEBUG net.thucydides.core.steps.StepInterceptor - STEP DONE: I set POST api endpoints product
  &amp#27;[32mGiven &amp#27;[0m&amp#27;[32mI set POST api endpoints product&amp#27;[0m              &amp#27;[90m# starter.stepdefinitions.ProductSteps.setPostApiEndpointsProduct()&amp#27;[0m
10:31:01.365 [main] DEBUG net.thucydides.core.steps.StepInterceptor - STARTING STEP: ProductSteps.sendPostHttpRequestProduct - I send POST HTTP request product
10:31:01.369 [main] DEBUG net.thucydides.core.steps.StepInterceptor - STARTING STEP: Product.sendPostHttpRequestProduct - I set POST api endpoints product
10:31:01.369 [main] DEBUG net.thucydides.core.steps.StepInterceptor - STEP DONE: I set POST api endpoints product
10:31:01.379 [main] DEBUG org.apache.http.impl.conn.BasicClientConnectionManager - Get connection for route {s}->https://altashop-api.fly.dev:443
10:31:01.379 [main] DEBUG org.apache.http.impl.conn.DefaultClientConnectionOperator - Connecting to altashop-api.fly.dev:443
10:31:01.462 [main] DEBUG org.apache.http.client.protocol.RequestAddCookies - CookieSpec selected: ignoreCookies
10:31:01.462 [main] DEBUG org.apache.http.client.protocol.RequestAuthCache - Auth cache not set in the context
10:31:01.462 [main] DEBUG org.apache.http.client.protocol.RequestTargetAuthentication - Target auth state: UNCHALLENGED
10:31:01.462 [main] DEBUG org.apache.http.client.protocol.RequestProxyAuthentication - Proxy auth state: UNCHALLENGED
10:31:01.462 [main] DEBUG org.apache.http.impl.client.DefaultHttpClient - Attempt 1 to execute request
10:31:01.462 [main] DEBUG org.apache.http.impl.conn.DefaultClientConnection - Sending request: POST /api/products HTTP/1.1
10:31:01.462 [main] DEBUG org.apache.http.wire -  >> "POST /api/products HTTP/1.1[\r][\n]"
10:31:01.462 [main] DEBUG org.apache.http.wire -  >> "Accept: */*[\r][\n]"
10:31:01.462 [main] DEBUG org.apache.http.wire -  >> "Content-Type: application/json[\r][\n]"
10:31:01.462 [main] DEBUG org.apache.http.wire -  >> "Content-Length: 76[\r][\n]"
10:31:01.462 [main] DEBUG org.apache.http.wire -  >> "Host: altashop-api.fly.dev[\r][\n]"
10:31:01.462 [main] DEBUG org.apache.http.wire -  >> "Connection: Keep-Alive[\r][\n]"
10:31:01.462 [main] DEBUG org.apache.http.wire -  >> "User-Agent: Apache-HttpClient/4.5.13 (Java/15)[\r][\n]"
10:31:01.462 [main] DEBUG org.apache.http.wire -  >> "Accept-Encoding: gzip,deflate[\r][\n]"
10:31:01.462 [main] DEBUG org.apache.http.wire -  >> "[\r][\n]"
10:31:01.462 [main] DEBUG org.apache.http.headers - >> POST /api/products HTTP/1.1
10:31:01.462 [main] DEBUG org.apache.http.headers - >> Accept: */*
10:31:01.462 [main] DEBUG org.apache.http.headers - >> Content-Type: application/json
10:31:01.462 [main] DEBUG org.apache.http.headers - >> Content-Length: 76
10:31:01.462 [main] DEBUG org.apache.http.headers - >> Host: altashop-api.fly.dev
10:31:01.462 [main] DEBUG org.apache.http.headers - >> Connection: Keep-Alive
10:31:01.462 [main] DEBUG org.apache.http.headers - >> User-Agent: Apache-HttpClient/4.5.13 (Java/15)
10:31:01.462 [main] DEBUG org.apache.http.headers - >> Accept-Encoding: gzip,deflate
10:31:01.462 [main] DEBUG org.apache.http.wire -  >> "{"price":499,"name":"XBOX1","description":"For gaming","categories":[12541]}"
10:31:01.528 [main] DEBUG org.apache.http.wire -  << "HTTP/1.1 200 OK[\r][\n]"
10:31:01.528 [main] DEBUG org.apache.http.wire -  << "content-type: application/json[\r][\n]"
10:31:01.528 [main] DEBUG org.apache.http.wire -  << "date: Sun, 07 May 2023 03:31:06 GMT[\r][\n]"
10:31:01.528 [main] DEBUG org.apache.http.wire -  << "content-encoding: gzip[\r][\n]"
10:31:01.528 [main] DEBUG org.apache.http.wire -  << "transfer-encoding: chunked[\r][\n]"
10:31:01.528 [main] DEBUG org.apache.http.wire -  << "server: Fly/3f2597ca (2023-05-03)[\r][\n]"
10:31:01.528 [main] DEBUG org.apache.http.wire -  << "via: 1.1 fly.io[\r][\n]"
10:31:01.528 [main] DEBUG org.apache.http.wire -  << "fly-request-id: 01GZT46NEAKZ05JSCZ653X9Z0F-sin[\r][\n]"
10:31:01.528 [main] DEBUG org.apache.http.wire -  << "[\r][\n]"
10:31:01.528 [main] DEBUG org.apache.http.impl.conn.DefaultClientConnection - Receiving response: HTTP/1.1 200 OK
10:31:01.528 [main] DEBUG org.apache.http.headers - << HTTP/1.1 200 OK
10:31:01.528 [main] DEBUG org.apache.http.headers - << content-type: application/json
10:31:01.528 [main] DEBUG org.apache.http.headers - << date: Sun, 07 May 2023 03:31:06 GMT
10:31:01.528 [main] DEBUG org.apache.http.headers - << content-encoding: gzip
10:31:01.528 [main] DEBUG org.apache.http.headers - << transfer-encoding: chunked
10:31:01.528 [main] DEBUG org.apache.http.headers - << server: Fly/3f2597ca (2023-05-03)
10:31:01.528 [main] DEBUG org.apache.http.headers - << via: 1.1 fly.io
10:31:01.528 [main] DEBUG org.apache.http.headers - << fly-request-id: 01GZT46NEAKZ05JSCZ653X9Z0F-sin
10:31:01.529 [main] DEBUG org.apache.http.impl.client.DefaultHttpClient - Connection can be kept alive indefinitely
10:31:01.529 [main] DEBUG io.restassured.internal.RestAssuredHttpBuilder - Parsing response as: application/json
10:31:01.529 [main] DEBUG org.apache.http.wire -  << "94[\r][\n]"
10:31:01.529 [main] DEBUG org.apache.http.wire -  << "[0x1f][0x8b][0x8][0x0][0x0][0x0][0x0][0x0][0x4][0xff][0xab]VJI,IT[0xb2][0xaa]V[0xf2]tQ[0xb2]246[0xb7][0xb0][0xd4]Q[0xf2]K[0xcc]MU[0xb2]R[0x8a]p[0xf2][0x8f]0T[0xd2]QrI-N.[0xca],([0xc9][0xcc][0xcf]S[0xb2]Rr[0xcb]/RHO[0xcc][0xcd][0xcc]KW[0xd2]Q[\n]"
10:31:01.529 [main] DEBUG org.apache.http.wire -  << "([0xca]LNU[0xb2]2[0xb1][0xb4][0xd4]Q[\n]"
10:31:01.529 [main] DEBUG org.apache.http.wire -  << "J,[0xc9][0xcc]K/V[0xb2]2[0xd0]QrN,IM[0xcf]/[0xca]L-V[0xb2][0x8a][0x86][0x9a]mdjb[0x8]7[0xdb][0x1d]f[0x2].[0xc3][0x15][\n]"
10:31:01.529 [main] DEBUG org.apache.http.wire -  << "J[0x8b][\n]"
10:31:01.529 [main] DEBUG org.apache.http.wire -  << "[0xf2][0x8b]S[0x8b][0x95]jckk[0xb9][0x0][0x1e]k[0xed][0x9][0xa8][0x0][0x0][0x0]"
10:31:01.529 [main] DEBUG org.apache.http.wire -  << "[\r][\n]"
10:31:01.529 [main] DEBUG org.apache.http.wire -  << "0[\r][\n]"
10:31:01.529 [main] DEBUG org.apache.http.wire -  << "[\r][\n]"
10:31:01.529 [main] DEBUG io.restassured.internal.RestAssuredHttpBuilder - Parsed data to instance of: class org.apache.http.conn.EofSensorInputStream
10:31:01.530 [main] DEBUG org.apache.http.impl.conn.BasicClientConnectionManager - Releasing connection org.apache.http.impl.conn.ManagedClientConnectionImpl@3163e03b
10:31:01.530 [main] DEBUG org.apache.http.impl.conn.BasicClientConnectionManager - Connection can be kept alive indefinitely
10:31:01.530 [main] DEBUG net.thucydides.core.steps.StepInterceptor - STEP DONE: I send POST HTTP request product
  &amp#27;[32mWhen &amp#27;[0m&amp#27;[32mI send POST HTTP request product&amp#27;[0m               &amp#27;[90m# starter.stepdefinitions.ProductSteps.sendPostHttpRequestProduct()&amp#27;[0m
10:31:01.533 [main] DEBUG net.thucydides.core.steps.StepInterceptor - STARTING STEP: ProductSteps.receiveValidHttp200Product - I receive valid HTTP response code 200 product
10:31:01.534 [main] DEBUG net.thucydides.core.steps.StepInterceptor - STEP DONE: I receive valid HTTP response code 200 product
  &amp#27;[32mThen &amp#27;[0m&amp#27;[32mI receive valid HTTP response code 200 product&amp#27;[0m &amp#27;[90m# starter.stepdefinitions.ProductSteps.receiveValidHttp200Product()&amp#27;[0m
10:31:01.536 [main] INFO  - 
  _____   ___   ___   _____     ___     _     ___   ___   ___   ___  
 |_   _| | __| / __| |_   _|   | _ \   /_\   / __| / __| | __| |   \ 
   | |   | _|  \__ \   | |     |  _/  / _ \  \__ \ \__ \ | _|  | |) |
   |_|   |___| |___/   |_|     |_|   /_/ \_\ |___/ |___/ |___| |___/ 

POST - Add new product product
----------------------------------------------------------------------
]]></system-out>
  </testcase>
  <testcase name="POST - Add new product without fill name" classname="Product" time="0.219">
    <system-out><![CDATA[10:31:01.541 [Finalizer] DEBUG org.apache.http.impl.conn.DefaultClientConnection - Connection 0.0.0.0:54044<->149.248.193.56:443 closed
10:31:01.542 [Finalizer] DEBUG org.apache.http.impl.conn.DefaultClientConnection - Connection 0.0.0.0:54043<->149.248.193.56:443 closed

Scenario: POST - Add new product without fill name    &amp#27;[90m# src/test/resources/features/5. Product.feature:12&amp#27;[0m
10:31:01.542 [Finalizer] DEBUG org.apache.http.impl.conn.DefaultClientConnection - Connection 0.0.0.0:54041<->149.248.193.56:443 closed
10:31:01.543 [Finalizer] DEBUG org.apache.http.impl.conn.DefaultClientConnection - Connection 0.0.0.0:54045<->149.248.193.56:443 closed
10:31:01.543 [main] DEBUG io.cucumber.core.plugin.SerenityReporter - Running feature from file:///C:/Users/WINDOWS%2010/Documents/GitHub/MiniProject_QE/API/minpro/src/test/resources/features/5.%20Product.feature
10:31:01.546 [main] INFO  - 
  _____   ___   ___   _____     ___   _____     _     ___   _____   ___   ___  
 |_   _| | __| / __| |_   _|   / __| |_   _|   /_\   | _ \ |_   _| | __| |   \ 
   | |   | _|  \__ \   | |     \__ \   | |    / _ \  |   /   | |   | _|  | |) |
   |_|   |___| |___/   |_|     |___/   |_|   /_/ \_\ |_|_\   |_|   |___| |___/ 

POST - Add new product without fill name(product;post---add-new-product-without-fill-name)
--------------------------------------------------------------------------------
10:31:01.555 [main] DEBUG net.thucydides.core.steps.StepInterceptor - STARTING STEP: ProductSteps.setPostApiEndpointsProduct - I set POST api endpoints product
10:31:01.555 [main] DEBUG net.thucydides.core.steps.StepInterceptor - STEP DONE: I set POST api endpoints product
  &amp#27;[32mGiven &amp#27;[0m&amp#27;[32mI set POST api endpoints product&amp#27;[0m              &amp#27;[90m# starter.stepdefinitions.ProductSteps.setPostApiEndpointsProduct()&amp#27;[0m
10:31:01.558 [main] DEBUG net.thucydides.core.steps.StepInterceptor - STARTING STEP: ProductSteps.sendPostHttpRequestProduct2 - I send POST HTTP request product2
10:31:01.559 [main] DEBUG net.thucydides.core.steps.StepInterceptor - STARTING STEP: Product.sendPostHttpRequestProduct2 - I set POST api endpoints product
10:31:01.560 [main] DEBUG net.thucydides.core.steps.StepInterceptor - STEP DONE: I set POST api endpoints product
10:31:01.567 [main] DEBUG org.apache.http.impl.conn.BasicClientConnectionManager - Get connection for route {s}->https://altashop-api.fly.dev:443
10:31:01.567 [main] DEBUG org.apache.http.impl.conn.DefaultClientConnectionOperator - Connecting to altashop-api.fly.dev:443
10:31:01.679 [main] DEBUG org.apache.http.client.protocol.RequestAddCookies - CookieSpec selected: ignoreCookies
10:31:01.679 [main] DEBUG org.apache.http.client.protocol.RequestAuthCache - Auth cache not set in the context
10:31:01.679 [main] DEBUG org.apache.http.client.protocol.RequestTargetAuthentication - Target auth state: UNCHALLENGED
10:31:01.680 [main] DEBUG org.apache.http.client.protocol.RequestProxyAuthentication - Proxy auth state: UNCHALLENGED
10:31:01.680 [main] DEBUG org.apache.http.impl.client.DefaultHttpClient - Attempt 1 to execute request
10:31:01.680 [main] DEBUG org.apache.http.impl.conn.DefaultClientConnection - Sending request: POST /api/products HTTP/1.1
10:31:01.680 [main] DEBUG org.apache.http.wire -  >> "POST /api/products HTTP/1.1[\r][\n]"
10:31:01.680 [main] DEBUG org.apache.http.wire -  >> "Accept: */*[\r][\n]"
10:31:01.680 [main] DEBUG org.apache.http.wire -  >> "Content-Type: application/json[\r][\n]"
10:31:01.680 [main] DEBUG org.apache.http.wire -  >> "Content-Length: 71[\r][\n]"
10:31:01.680 [main] DEBUG org.apache.http.wire -  >> "Host: altashop-api.fly.dev[\r][\n]"
10:31:01.680 [main] DEBUG org.apache.http.wire -  >> "Connection: Keep-Alive[\r][\n]"
10:31:01.680 [main] DEBUG org.apache.http.wire -  >> "User-Agent: Apache-HttpClient/4.5.13 (Java/15)[\r][\n]"
10:31:01.680 [main] DEBUG org.apache.http.wire -  >> "Accept-Encoding: gzip,deflate[\r][\n]"
10:31:01.680 [main] DEBUG org.apache.http.wire -  >> "[\r][\n]"
10:31:01.680 [main] DEBUG org.apache.http.headers - >> POST /api/products HTTP/1.1
10:31:01.680 [main] DEBUG org.apache.http.headers - >> Accept: */*
10:31:01.680 [main] DEBUG org.apache.http.headers - >> Content-Type: application/json
10:31:01.680 [main] DEBUG org.apache.http.headers - >> Content-Length: 71
10:31:01.680 [main] DEBUG org.apache.http.headers - >> Host: altashop-api.fly.dev
10:31:01.680 [main] DEBUG org.apache.http.headers - >> Connection: Keep-Alive
10:31:01.680 [main] DEBUG org.apache.http.headers - >> User-Agent: Apache-HttpClient/4.5.13 (Java/15)
10:31:01.680 [main] DEBUG org.apache.http.headers - >> Accept-Encoding: gzip,deflate
10:31:01.680 [main] DEBUG org.apache.http.wire -  >> "{"price":499,"name":"","description":"For gaming","categories":[12541]}"
10:31:01.748 [main] DEBUG org.apache.http.wire -  << "HTTP/1.1 500 Internal Server Error[\r][\n]"
10:31:01.749 [main] DEBUG org.apache.http.wire -  << "content-type: application/json[\r][\n]"
10:31:01.749 [main] DEBUG org.apache.http.wire -  << "date: Sun, 07 May 2023 03:31:06 GMT[\r][\n]"
10:31:01.749 [main] DEBUG org.apache.http.wire -  << "content-encoding: gzip[\r][\n]"
10:31:01.749 [main] DEBUG org.apache.http.wire -  << "transfer-encoding: chunked[\r][\n]"
10:31:01.749 [main] DEBUG org.apache.http.wire -  << "server: Fly/3f2597ca (2023-05-03)[\r][\n]"
10:31:01.749 [main] DEBUG org.apache.http.wire -  << "via: 1.1 fly.io[\r][\n]"
10:31:01.749 [main] DEBUG org.apache.http.wire -  << "fly-request-id: 01GZT46NNQKW8DR1XFJF941G3Y-sin[\r][\n]"
10:31:01.749 [main] DEBUG org.apache.http.wire -  << "[\r][\n]"
10:31:01.749 [main] DEBUG org.apache.http.impl.conn.DefaultClientConnection - Receiving response: HTTP/1.1 500 Internal Server Error
10:31:01.749 [main] DEBUG org.apache.http.headers - << HTTP/1.1 500 Internal Server Error
10:31:01.749 [main] DEBUG org.apache.http.headers - << content-type: application/json
10:31:01.749 [main] DEBUG org.apache.http.headers - << date: Sun, 07 May 2023 03:31:06 GMT
10:31:01.749 [main] DEBUG org.apache.http.headers - << content-encoding: gzip
10:31:01.749 [main] DEBUG org.apache.http.headers - << transfer-encoding: chunked
10:31:01.749 [main] DEBUG org.apache.http.headers - << server: Fly/3f2597ca (2023-05-03)
10:31:01.749 [main] DEBUG org.apache.http.headers - << via: 1.1 fly.io
10:31:01.749 [main] DEBUG org.apache.http.headers - << fly-request-id: 01GZT46NNQKW8DR1XFJF941G3Y-sin
10:31:01.749 [main] DEBUG org.apache.http.impl.client.DefaultHttpClient - Connection can be kept alive indefinitely
10:31:01.749 [main] DEBUG io.restassured.internal.RestAssuredHttpBuilder - Parsing response as: application/json
10:31:01.749 [main] DEBUG org.apache.http.wire -  << "80[\r][\n]"
10:31:01.749 [main] DEBUG org.apache.http.wire -  << "[0x1f][0x8b][0x8][0x0][0x0][0x0][0x0][0x0][0x4][0xff][0xab]VJ-*[0xca]/R[0xb2]Rr[\r][\n]"
10:31:01.749 [main] DEBUG org.apache.http.wire -  << "[0xf2][0xf][0xb2]R[0xc8]K-W([0xca]/WH[0xcb]/R(J[0xcd]I,[0xc9][0xcc][0xcf]S[0x88]Q*([0xca]O)M.)[0x8e]QR([0xcb][0xcc][0xcf]I,I-VH[0xce]HM[0xce]VH[0xce][0xcf]+.)J[0xcc][0xcc]+AR[0x16][0x9f][0x97][0x98][0x9b][0x1a][0xf]V[0x10][0xa3][0xa4][0xa0][0x11][0x1c][0xe8][0x13][0x1c][0xe2][0x18][0xe2][0xaa]`dljh[0xa2][0xa9]T[0xcb][0x5][0x0]5m[0xa8][0xef]x[0x0][0x0][0x0]"
10:31:01.749 [main] DEBUG org.apache.http.wire -  << "[\r][\n]"
10:31:01.749 [main] DEBUG org.apache.http.wire -  << "0[\r][\n]"
10:31:01.749 [main] DEBUG org.apache.http.wire -  << "[\r][\n]"
10:31:01.749 [main] DEBUG io.restassured.internal.RestAssuredHttpBuilder - Parsed data to instance of: class org.apache.http.conn.EofSensorInputStream
10:31:01.750 [main] DEBUG org.apache.http.impl.conn.BasicClientConnectionManager - Releasing connection org.apache.http.impl.conn.ManagedClientConnectionImpl@25e24908
10:31:01.750 [main] DEBUG org.apache.http.impl.conn.BasicClientConnectionManager - Connection can be kept alive indefinitely
10:31:01.751 [main] DEBUG net.thucydides.core.steps.StepInterceptor - STEP DONE: I send POST HTTP request product2
  &amp#27;[32mWhen &amp#27;[0m&amp#27;[32mI send POST HTTP request product2&amp#27;[0m              &amp#27;[90m# starter.stepdefinitions.ProductSteps.sendPostHttpRequestProduct2()&amp#27;[0m
10:31:01.753 [main] DEBUG net.thucydides.core.steps.StepInterceptor - STARTING STEP: ProductSteps.receiveValidHttp500Product - I receive valid HTTP response code 500 product
10:31:01.754 [main] DEBUG net.thucydides.core.steps.StepInterceptor - STEP DONE: I receive valid HTTP response code 500 product
  &amp#27;[32mThen &amp#27;[0m&amp#27;[32mI receive valid HTTP response code 500 product&amp#27;[0m &amp#27;[90m# starter.stepdefinitions.ProductSteps.receiveValidHttp500Product()&amp#27;[0m
10:31:01.755 [main] INFO  - 
  _____   ___   ___   _____     ___     _     ___   ___   ___   ___  
 |_   _| | __| / __| |_   _|   | _ \   /_\   / __| / __| | __| |   \ 
   | |   | _|  \__ \   | |     |  _/  / _ \  \__ \ \__ \ | _|  | |) |
   |_|   |___| |___/   |_|     |_|   /_/ \_\ |___/ |___/ |___| |___/ 

POST - Add new product without fill name
----------------------------------------------------------------------
]]></system-out>
  </testcase>
  <testcase name="POST - Add new product without fill description" classname="Product" time="0.186">
    <system-out><![CDATA[
Scenario: POST - Add new product without fill description &amp#27;[90m# src/test/resources/features/5. Product.feature:17&amp#27;[0m
10:31:01.759 [main] DEBUG io.cucumber.core.plugin.SerenityReporter - Running feature from file:///C:/Users/WINDOWS%2010/Documents/GitHub/MiniProject_QE/API/minpro/src/test/resources/features/5.%20Product.feature
10:31:01.762 [main] INFO  - 
  _____   ___   ___   _____     ___   _____     _     ___   _____   ___   ___  
 |_   _| | __| / __| |_   _|   / __| |_   _|   /_\   | _ \ |_   _| | __| |   \ 
   | |   | _|  \__ \   | |     \__ \   | |    / _ \  |   /   | |   | _|  | |) |
   |_|   |___| |___/   |_|     |___/   |_|   /_/ \_\ |_|_\   |_|   |___| |___/ 

POST - Add new product without fill description(product;post---add-new-product-without-fill-description)
--------------------------------------------------------------------------------
10:31:01.772 [main] DEBUG net.thucydides.core.steps.StepInterceptor - STARTING STEP: ProductSteps.setPostApiEndpointsProduct - I set POST api endpoints product
10:31:01.772 [main] DEBUG net.thucydides.core.steps.StepInterceptor - STEP DONE: I set POST api endpoints product
  &amp#27;[32mGiven &amp#27;[0m&amp#27;[32mI set POST api endpoints product&amp#27;[0m                  &amp#27;[90m# starter.stepdefinitions.ProductSteps.setPostApiEndpointsProduct()&amp#27;[0m
10:31:01.777 [main] DEBUG net.thucydides.core.steps.StepInterceptor - STARTING STEP: ProductSteps.sendPostHttpRequestProduct3 - I send POST HTTP request product3
10:31:01.779 [main] DEBUG net.thucydides.core.steps.StepInterceptor - STARTING STEP: Product.sendPostHttpRequestProduct3 - I set POST api endpoints product
10:31:01.780 [main] DEBUG net.thucydides.core.steps.StepInterceptor - STEP DONE: I set POST api endpoints product
10:31:01.793 [main] DEBUG org.apache.http.impl.conn.BasicClientConnectionManager - Get connection for route {s}->https://altashop-api.fly.dev:443
10:31:01.793 [main] DEBUG org.apache.http.impl.conn.DefaultClientConnectionOperator - Connecting to altashop-api.fly.dev:443
10:31:01.869 [main] DEBUG org.apache.http.client.protocol.RequestAddCookies - CookieSpec selected: ignoreCookies
10:31:01.869 [main] DEBUG org.apache.http.client.protocol.RequestAuthCache - Auth cache not set in the context
10:31:01.869 [main] DEBUG org.apache.http.client.protocol.RequestTargetAuthentication - Target auth state: UNCHALLENGED
10:31:01.869 [main] DEBUG org.apache.http.client.protocol.RequestProxyAuthentication - Proxy auth state: UNCHALLENGED
10:31:01.869 [main] DEBUG org.apache.http.impl.client.DefaultHttpClient - Attempt 1 to execute request
10:31:01.869 [main] DEBUG org.apache.http.impl.conn.DefaultClientConnection - Sending request: POST /api/products HTTP/1.1
10:31:01.869 [main] DEBUG org.apache.http.wire -  >> "POST /api/products HTTP/1.1[\r][\n]"
10:31:01.869 [main] DEBUG org.apache.http.wire -  >> "Accept: */*[\r][\n]"
10:31:01.869 [main] DEBUG org.apache.http.wire -  >> "Content-Type: application/json[\r][\n]"
10:31:01.869 [main] DEBUG org.apache.http.wire -  >> "Content-Length: 66[\r][\n]"
10:31:01.869 [main] DEBUG org.apache.http.wire -  >> "Host: altashop-api.fly.dev[\r][\n]"
10:31:01.869 [main] DEBUG org.apache.http.wire -  >> "Connection: Keep-Alive[\r][\n]"
10:31:01.869 [main] DEBUG org.apache.http.wire -  >> "User-Agent: Apache-HttpClient/4.5.13 (Java/15)[\r][\n]"
10:31:01.869 [main] DEBUG org.apache.http.wire -  >> "Accept-Encoding: gzip,deflate[\r][\n]"
10:31:01.869 [main] DEBUG org.apache.http.wire -  >> "[\r][\n]"
10:31:01.869 [main] DEBUG org.apache.http.headers - >> POST /api/products HTTP/1.1
10:31:01.869 [main] DEBUG org.apache.http.headers - >> Accept: */*
10:31:01.869 [main] DEBUG org.apache.http.headers - >> Content-Type: application/json
10:31:01.870 [main] DEBUG org.apache.http.headers - >> Content-Length: 66
10:31:01.870 [main] DEBUG org.apache.http.headers - >> Host: altashop-api.fly.dev
10:31:01.870 [main] DEBUG org.apache.http.headers - >> Connection: Keep-Alive
10:31:01.870 [main] DEBUG org.apache.http.headers - >> User-Agent: Apache-HttpClient/4.5.13 (Java/15)
10:31:01.870 [main] DEBUG org.apache.http.headers - >> Accept-Encoding: gzip,deflate
10:31:01.870 [main] DEBUG org.apache.http.wire -  >> "{"price":499,"name":"XBOX1","description":"","categories":[12541]}"
10:31:01.932 [main] DEBUG org.apache.http.wire -  << "HTTP/1.1 200 OK[\r][\n]"
10:31:01.932 [main] DEBUG org.apache.http.wire -  << "content-type: application/json[\r][\n]"
10:31:01.932 [main] DEBUG org.apache.http.wire -  << "date: Sun, 07 May 2023 03:31:06 GMT[\r][\n]"
10:31:01.932 [main] DEBUG org.apache.http.wire -  << "content-encoding: gzip[\r][\n]"
10:31:01.932 [main] DEBUG org.apache.http.wire -  << "transfer-encoding: chunked[\r][\n]"
10:31:01.932 [main] DEBUG org.apache.http.wire -  << "server: Fly/3f2597ca (2023-05-03)[\r][\n]"
10:31:01.932 [main] DEBUG org.apache.http.wire -  << "via: 1.1 fly.io[\r][\n]"
10:31:01.932 [main] DEBUG org.apache.http.wire -  << "fly-request-id: 01GZT46NV3SW11H9TSW7WHC2QG-sin[\r][\n]"
10:31:01.932 [main] DEBUG org.apache.http.wire -  << "[\r][\n]"
10:31:01.932 [main] DEBUG org.apache.http.impl.conn.DefaultClientConnection - Receiving response: HTTP/1.1 200 OK
10:31:01.932 [main] DEBUG org.apache.http.headers - << HTTP/1.1 200 OK
10:31:01.932 [main] DEBUG org.apache.http.headers - << content-type: application/json
10:31:01.932 [main] DEBUG org.apache.http.headers - << date: Sun, 07 May 2023 03:31:06 GMT
10:31:01.932 [main] DEBUG org.apache.http.headers - << content-encoding: gzip
10:31:01.932 [main] DEBUG org.apache.http.headers - << transfer-encoding: chunked
10:31:01.932 [main] DEBUG org.apache.http.headers - << server: Fly/3f2597ca (2023-05-03)
10:31:01.932 [main] DEBUG org.apache.http.headers - << via: 1.1 fly.io
10:31:01.932 [main] DEBUG org.apache.http.headers - << fly-request-id: 01GZT46NV3SW11H9TSW7WHC2QG-sin
10:31:01.932 [main] DEBUG org.apache.http.impl.client.DefaultHttpClient - Connection can be kept alive indefinitely
10:31:01.933 [main] DEBUG io.restassured.internal.RestAssuredHttpBuilder - Parsing response as: application/json
10:31:01.933 [main] DEBUG org.apache.http.wire -  << "93[\r][\n]"
10:31:01.933 [main] DEBUG org.apache.http.wire -  << "[0x1f][0x8b][0x8][0x0][0x0][0x0][0x0][0x0][0x4][0xff][0xab]VJI,IT[0xb2][0xaa]V[0xf2]tQ[0xb2]246[0xb7]4[0xd4]Q[0xf2]K[0xcc]MU[0xb2]R[0x8a]p[0xf2][0x8f]0T[0xd2]QrI-N.[0xca],([0xc9][0xcc][0xcf]S[0xb2]RR[0xd2]Q[\n]"
10:31:01.933 [main] DEBUG org.apache.http.wire -  << "([0xca]LNU[0xb2]2[0xb1][0xb4][0xd4]Q[\n]"
10:31:01.933 [main] DEBUG org.apache.http.wire -  << "J,[0xc9][0xcc]K/V[0xb2]2[0xd0]QrN,IM[0xcf]/[0xca]L-V[0xb2][0x8a][0x86][0x9a]hdj[0x82]0[0xd1]=173/[0x1d][0xc3]H[0xb7][0xfc]"[0x85]t[0xb0][0x94]BAiQA~qj[0xb1]Rmlm-[0x17][0x0]d[0xc5]`[0xb8][0x9e][0x0][0x0][0x0]"
10:31:01.933 [main] DEBUG org.apache.http.wire -  << "[\r][\n]"
10:31:01.933 [main] DEBUG org.apache.http.wire -  << "0[\r][\n]"
10:31:01.933 [main] DEBUG org.apache.http.wire -  << "[\r][\n]"
10:31:01.933 [main] DEBUG io.restassured.internal.RestAssuredHttpBuilder - Parsed data to instance of: class org.apache.http.conn.EofSensorInputStream
10:31:01.934 [main] DEBUG org.apache.http.impl.conn.BasicClientConnectionManager - Releasing connection org.apache.http.impl.conn.ManagedClientConnectionImpl@4027edeb
10:31:01.934 [main] DEBUG org.apache.http.impl.conn.BasicClientConnectionManager - Connection can be kept alive indefinitely
10:31:01.935 [main] DEBUG net.thucydides.core.steps.StepInterceptor - STEP DONE: I send POST HTTP request product3
  &amp#27;[32mWhen &amp#27;[0m&amp#27;[32mI send POST HTTP request product3&amp#27;[0m                  &amp#27;[90m# starter.stepdefinitions.ProductSteps.sendPostHttpRequestProduct3()&amp#27;[0m
10:31:01.939 [main] DEBUG net.thucydides.core.steps.StepInterceptor - STARTING STEP: ProductSteps.receiveValidHttp200Product - I receive valid HTTP response code 200 product
10:31:01.939 [main] DEBUG net.thucydides.core.steps.StepInterceptor - STEP DONE: I receive valid HTTP response code 200 product
  &amp#27;[32mThen &amp#27;[0m&amp#27;[32mI receive valid HTTP response code 200 product&amp#27;[0m     &amp#27;[90m# starter.stepdefinitions.ProductSteps.receiveValidHttp200Product()&amp#27;[0m
10:31:01.941 [main] INFO  - 
  _____   ___   ___   _____     ___     _     ___   ___   ___   ___  
 |_   _| | __| / __| |_   _|   | _ \   /_\   / __| / __| | __| |   \ 
   | |   | _|  \__ \   | |     |  _/  / _ \  \__ \ \__ \ | _|  | |) |
   |_|   |___| |___/   |_|     |_|   /_/ \_\ |___/ |___/ |___| |___/ 

POST - Add new product without fill description
----------------------------------------------------------------------
]]></system-out>
  </testcase>
  <testcase name="POST - Add new product without fill price" classname="Product" time="0.154">
    <system-out><![CDATA[
Scenario: POST - Add new product without fill price   &amp#27;[90m# src/test/resources/features/5. Product.feature:22&amp#27;[0m
10:31:01.944 [main] DEBUG io.cucumber.core.plugin.SerenityReporter - Running feature from file:///C:/Users/WINDOWS%2010/Documents/GitHub/MiniProject_QE/API/minpro/src/test/resources/features/5.%20Product.feature
10:31:01.947 [main] INFO  - 
  _____   ___   ___   _____     ___   _____     _     ___   _____   ___   ___  
 |_   _| | __| / __| |_   _|   / __| |_   _|   /_\   | _ \ |_   _| | __| |   \ 
   | |   | _|  \__ \   | |     \__ \   | |    / _ \  |   /   | |   | _|  | |) |
   |_|   |___| |___/   |_|     |___/   |_|   /_/ \_\ |_|_\   |_|   |___| |___/ 

POST - Add new product without fill price(product;post---add-new-product-without-fill-price)
--------------------------------------------------------------------------------
10:31:01.956 [main] DEBUG net.thucydides.core.steps.StepInterceptor - STARTING STEP: ProductSteps.setPostApiEndpointsProduct - I set POST api endpoints product
10:31:01.956 [main] DEBUG net.thucydides.core.steps.StepInterceptor - STEP DONE: I set POST api endpoints product
  &amp#27;[32mGiven &amp#27;[0m&amp#27;[32mI set POST api endpoints product&amp#27;[0m              &amp#27;[90m# starter.stepdefinitions.ProductSteps.setPostApiEndpointsProduct()&amp#27;[0m
10:31:01.960 [main] DEBUG net.thucydides.core.steps.StepInterceptor - STARTING STEP: ProductSteps.sendPostHttpRequestProduct4 - I send POST HTTP request product4
10:31:01.961 [main] DEBUG net.thucydides.core.steps.StepInterceptor - STARTING STEP: Product.sendPostHttpRequestProduct4 - I set POST api endpoints product
10:31:01.961 [main] DEBUG net.thucydides.core.steps.StepInterceptor - STEP DONE: I set POST api endpoints product
10:31:01.968 [main] DEBUG org.apache.http.impl.conn.BasicClientConnectionManager - Get connection for route {s}->https://altashop-api.fly.dev:443
10:31:01.968 [main] DEBUG org.apache.http.impl.conn.DefaultClientConnectionOperator - Connecting to altashop-api.fly.dev:443
10:31:02.051 [main] DEBUG org.apache.http.client.protocol.RequestAddCookies - CookieSpec selected: ignoreCookies
10:31:02.051 [main] DEBUG org.apache.http.client.protocol.RequestAuthCache - Auth cache not set in the context
10:31:02.051 [main] DEBUG org.apache.http.client.protocol.RequestTargetAuthentication - Target auth state: UNCHALLENGED
10:31:02.051 [main] DEBUG org.apache.http.client.protocol.RequestProxyAuthentication - Proxy auth state: UNCHALLENGED
10:31:02.051 [main] DEBUG org.apache.http.impl.client.DefaultHttpClient - Attempt 1 to execute request
10:31:02.051 [main] DEBUG org.apache.http.impl.conn.DefaultClientConnection - Sending request: POST /api/products HTTP/1.1
10:31:02.051 [main] DEBUG org.apache.http.wire -  >> "POST /api/products HTTP/1.1[\r][\n]"
10:31:02.051 [main] DEBUG org.apache.http.wire -  >> "Accept: */*[\r][\n]"
10:31:02.051 [main] DEBUG org.apache.http.wire -  >> "Content-Type: application/json[\r][\n]"
10:31:02.051 [main] DEBUG org.apache.http.wire -  >> "Content-Length: 75[\r][\n]"
10:31:02.051 [main] DEBUG org.apache.http.wire -  >> "Host: altashop-api.fly.dev[\r][\n]"
10:31:02.051 [main] DEBUG org.apache.http.wire -  >> "Connection: Keep-Alive[\r][\n]"
10:31:02.051 [main] DEBUG org.apache.http.wire -  >> "User-Agent: Apache-HttpClient/4.5.13 (Java/15)[\r][\n]"
10:31:02.051 [main] DEBUG org.apache.http.wire -  >> "Accept-Encoding: gzip,deflate[\r][\n]"
10:31:02.051 [main] DEBUG org.apache.http.wire -  >> "[\r][\n]"
10:31:02.051 [main] DEBUG org.apache.http.headers - >> POST /api/products HTTP/1.1
10:31:02.051 [main] DEBUG org.apache.http.headers - >> Accept: */*
10:31:02.051 [main] DEBUG org.apache.http.headers - >> Content-Type: application/json
10:31:02.051 [main] DEBUG org.apache.http.headers - >> Content-Length: 75
10:31:02.051 [main] DEBUG org.apache.http.headers - >> Host: altashop-api.fly.dev
10:31:02.051 [main] DEBUG org.apache.http.headers - >> Connection: Keep-Alive
10:31:02.051 [main] DEBUG org.apache.http.headers - >> User-Agent: Apache-HttpClient/4.5.13 (Java/15)
10:31:02.051 [main] DEBUG org.apache.http.headers - >> Accept-Encoding: gzip,deflate
10:31:02.051 [main] DEBUG org.apache.http.wire -  >> "{"price":"","name":"XBOX1","description":"For gaming","categories":[12541]}"
10:31:02.087 [main] DEBUG org.apache.http.wire -  << "HTTP/1.1 400 Bad Request[\r][\n]"
10:31:02.087 [main] DEBUG org.apache.http.wire -  << "content-type: application/json[\r][\n]"
10:31:02.087 [main] DEBUG org.apache.http.wire -  << "date: Sun, 07 May 2023 03:31:06 GMT[\r][\n]"
10:31:02.087 [main] DEBUG org.apache.http.wire -  << "content-encoding: gzip[\r][\n]"
10:31:02.087 [main] DEBUG org.apache.http.wire -  << "transfer-encoding: chunked[\r][\n]"
10:31:02.087 [main] DEBUG org.apache.http.wire -  << "server: Fly/3f2597ca (2023-05-03)[\r][\n]"
10:31:02.087 [main] DEBUG org.apache.http.wire -  << "via: 1.1 fly.io[\r][\n]"
10:31:02.087 [main] DEBUG org.apache.http.wire -  << "fly-request-id: 01GZT46P0AEP5V9MQF8HE41R97-sin[\r][\n]"
10:31:02.087 [main] DEBUG org.apache.http.wire -  << "[\r][\n]"
10:31:02.087 [main] DEBUG org.apache.http.impl.conn.DefaultClientConnection - Receiving response: HTTP/1.1 400 Bad Request
10:31:02.087 [main] DEBUG org.apache.http.headers - << HTTP/1.1 400 Bad Request
10:31:02.087 [main] DEBUG org.apache.http.headers - << content-type: application/json
10:31:02.087 [main] DEBUG org.apache.http.headers - << date: Sun, 07 May 2023 03:31:06 GMT
10:31:02.087 [main] DEBUG org.apache.http.headers - << content-encoding: gzip
10:31:02.087 [main] DEBUG org.apache.http.headers - << transfer-encoding: chunked
10:31:02.087 [main] DEBUG org.apache.http.headers - << server: Fly/3f2597ca (2023-05-03)
10:31:02.087 [main] DEBUG org.apache.http.headers - << via: 1.1 fly.io
10:31:02.087 [main] DEBUG org.apache.http.headers - << fly-request-id: 01GZT46P0AEP5V9MQF8HE41R97-sin
10:31:02.087 [main] DEBUG org.apache.http.impl.client.DefaultHttpClient - Connection can be kept alive indefinitely
10:31:02.087 [main] DEBUG io.restassured.internal.RestAssuredHttpBuilder - Parsing response as: application/json
10:31:02.087 [main] DEBUG org.apache.http.wire -  << "71[\r][\n]"
10:31:02.087 [main] DEBUG org.apache.http.wire -  << "[0x1f][0x8b][0x8][0x0][0x0][0x0][0x0][0x0][0x4][0xff][0xab]VJ-*[0xca]/R[0xb2]R[0xca]*[0xce][0xcf][0xb3]RHN[0xcc][0xcb][0xcb]/Q([0xcd][0xcb]M,*[0xce]H[0xcc]Q(.)[0xca][0xcc]KW[0xc8][0xcc]+[0xc9]Wp[0xcf][0x7]qK[0x93]K[0x14][0xd2]2SsR[0x14][0x2][0x8a][0xf2]SJ[0x93]K[0x9c][0x8b]R[0x13]KR[0xf5][\n]"
10:31:02.087 [main] DEBUG org.apache.http.wire -  << "[0x8a]2[0x93]S[0x15][0xf2][0xd3][0x14]J*[0xb]R[0x15]J3[0xf3]J[0x94]j[0xb9][0x0][0xd2][0x2]#[0xd6]`[0x0][0x0][0x0]"
10:31:02.087 [main] DEBUG org.apache.http.wire -  << "[\r][\n]"
10:31:02.088 [main] DEBUG org.apache.http.wire -  << "0[\r][\n]"
10:31:02.088 [main] DEBUG org.apache.http.wire -  << "[\r][\n]"
10:31:02.088 [main] DEBUG io.restassured.internal.RestAssuredHttpBuilder - Parsed data to instance of: class org.apache.http.conn.EofSensorInputStream
10:31:02.090 [main] DEBUG org.apache.http.impl.conn.BasicClientConnectionManager - Releasing connection org.apache.http.impl.conn.ManagedClientConnectionImpl@205b73d8
10:31:02.090 [main] DEBUG org.apache.http.impl.conn.BasicClientConnectionManager - Connection can be kept alive indefinitely
10:31:02.090 [main] DEBUG net.thucydides.core.steps.StepInterceptor - STEP DONE: I send POST HTTP request product4
  &amp#27;[32mWhen &amp#27;[0m&amp#27;[32mI send POST HTTP request product4&amp#27;[0m              &amp#27;[90m# starter.stepdefinitions.ProductSteps.sendPostHttpRequestProduct4()&amp#27;[0m
10:31:02.093 [main] DEBUG net.thucydides.core.steps.StepInterceptor - STARTING STEP: ProductSteps.receiveValidHttp400Product - I receive valid HTTP response code 400 product
10:31:02.094 [main] DEBUG net.thucydides.core.steps.StepInterceptor - STEP DONE: I receive valid HTTP response code 400 product
  &amp#27;[32mThen &amp#27;[0m&amp#27;[32mI receive valid HTTP response code 400 product&amp#27;[0m &amp#27;[90m# starter.stepdefinitions.ProductSteps.receiveValidHttp400Product()&amp#27;[0m
10:31:02.095 [main] INFO  - 
  _____   ___   ___   _____     ___     _     ___   ___   ___   ___  
 |_   _| | __| / __| |_   _|   | _ \   /_\   / __| / __| | __| |   \ 
   | |   | _|  \__ \   | |     |  _/  / _ \  \__ \ \__ \ | _|  | |) |
   |_|   |___| |___/   |_|     |_|   /_/ \_\ |___/ |___/ |___| |___/ 

POST - Add new product without fill price
----------------------------------------------------------------------
]]></system-out>
  </testcase>
  <testcase name="GET - Get product by ID" classname="Product" time="0.279">
    <system-out><![CDATA[
Scenario: GET - Get product by ID                     &amp#27;[90m# src/test/resources/features/5. Product.feature:27&amp#27;[0m
10:31:02.099 [main] DEBUG io.cucumber.core.plugin.SerenityReporter - Running feature from file:///C:/Users/WINDOWS%2010/Documents/GitHub/MiniProject_QE/API/minpro/src/test/resources/features/5.%20Product.feature
10:31:02.102 [main] INFO  - 
  _____   ___   ___   _____     ___   _____     _     ___   _____   ___   ___  
 |_   _| | __| / __| |_   _|   / __| |_   _|   /_\   | _ \ |_   _| | __| |   \ 
   | |   | _|  \__ \   | |     \__ \   | |    / _ \  |   /   | |   | _|  | |) |
   |_|   |___| |___/   |_|     |___/   |_|   /_/ \_\ |_|_\   |_|   |___| |___/ 

GET - Get product by ID(product;get---get-product-by-id)
--------------------------------------------------------------------------------
10:31:02.114 [main] DEBUG net.thucydides.core.steps.StepInterceptor - STARTING STEP: ProductSteps.setGetApiEndpointsProduct - I set GET api endpoints product
10:31:02.114 [main] DEBUG net.thucydides.core.steps.StepInterceptor - STEP DONE: I set GET api endpoints product
  &amp#27;[32mGiven &amp#27;[0m&amp#27;[32mI set GET api endpoints product&amp#27;[0m               &amp#27;[90m# starter.stepdefinitions.ProductSteps.setGetApiEndpointsProduct()&amp#27;[0m
10:31:02.119 [main] DEBUG net.thucydides.core.steps.StepInterceptor - STARTING STEP: ProductSteps.sentGetHttpRequestProduct - I send GET HTTP request product
10:31:02.120 [main] DEBUG net.thucydides.core.steps.StepInterceptor - STARTING STEP: Product.sendGetHttpRequestProduct - I set GET api endpoints product
10:31:02.120 [main] DEBUG net.thucydides.core.steps.StepInterceptor - STEP DONE: I set GET api endpoints product
10:31:02.126 [main] DEBUG org.apache.http.impl.conn.BasicClientConnectionManager - Get connection for route {s}->https://altashop-api.fly.dev:443
10:31:02.126 [main] DEBUG org.apache.http.impl.conn.DefaultClientConnectionOperator - Connecting to altashop-api.fly.dev:443
10:31:02.199 [main] DEBUG org.apache.http.client.protocol.RequestAddCookies - CookieSpec selected: ignoreCookies
10:31:02.199 [main] DEBUG org.apache.http.client.protocol.RequestAuthCache - Auth cache not set in the context
10:31:02.199 [main] DEBUG org.apache.http.client.protocol.RequestTargetAuthentication - Target auth state: UNCHALLENGED
10:31:02.199 [main] DEBUG org.apache.http.client.protocol.RequestProxyAuthentication - Proxy auth state: UNCHALLENGED
10:31:02.199 [main] DEBUG org.apache.http.impl.client.DefaultHttpClient - Attempt 1 to execute request
10:31:02.199 [main] DEBUG org.apache.http.impl.conn.DefaultClientConnection - Sending request: GET /api/products HTTP/1.1
10:31:02.199 [main] DEBUG org.apache.http.wire -  >> "GET /api/products HTTP/1.1[\r][\n]"
10:31:02.199 [main] DEBUG org.apache.http.wire -  >> "Accept: */*[\r][\n]"
10:31:02.199 [main] DEBUG org.apache.http.wire -  >> "Host: altashop-api.fly.dev[\r][\n]"
10:31:02.199 [main] DEBUG org.apache.http.wire -  >> "Connection: Keep-Alive[\r][\n]"
10:31:02.199 [main] DEBUG org.apache.http.wire -  >> "User-Agent: Apache-HttpClient/4.5.13 (Java/15)[\r][\n]"
10:31:02.199 [main] DEBUG org.apache.http.wire -  >> "Accept-Encoding: gzip,deflate[\r][\n]"
10:31:02.199 [main] DEBUG org.apache.http.wire -  >> "[\r][\n]"
10:31:02.199 [main] DEBUG org.apache.http.headers - >> GET /api/products HTTP/1.1
10:31:02.199 [main] DEBUG org.apache.http.headers - >> Accept: */*
10:31:02.199 [main] DEBUG org.apache.http.headers - >> Host: altashop-api.fly.dev
10:31:02.199 [main] DEBUG org.apache.http.headers - >> Connection: Keep-Alive
10:31:02.199 [main] DEBUG org.apache.http.headers - >> User-Agent: Apache-HttpClient/4.5.13 (Java/15)
10:31:02.199 [main] DEBUG org.apache.http.headers - >> Accept-Encoding: gzip,deflate
10:31:02.354 [main] DEBUG org.apache.http.wire -  << "HTTP/1.1 200 OK[\r][\n]"
10:31:02.354 [main] DEBUG org.apache.http.wire -  << "content-type: application/json[\r][\n]"
10:31:02.354 [main] DEBUG org.apache.http.wire -  << "date: Sun, 07 May 2023 03:31:07 GMT[\r][\n]"
10:31:02.354 [main] DEBUG org.apache.http.wire -  << "transfer-encoding: chunked[\r][\n]"
10:31:02.354 [main] DEBUG org.apache.http.wire -  << "content-encoding: gzip[\r][\n]"
10:31:02.354 [main] DEBUG org.apache.http.wire -  << "server: Fly/3f2597ca (2023-05-03)[\r][\n]"
10:31:02.354 [main] DEBUG org.apache.http.wire -  << "via: 1.1 fly.io[\r][\n]"
10:31:02.354 [main] DEBUG org.apache.http.wire -  << "fly-request-id: 01GZT46P55CRPFWPB2X1VVR157-sin[\r][\n]"
10:31:02.354 [main] DEBUG org.apache.http.wire -  << "[\r][\n]"
10:31:02.354 [main] DEBUG org.apache.http.impl.conn.DefaultClientConnection - Receiving response: HTTP/1.1 200 OK
10:31:02.354 [main] DEBUG org.apache.http.headers - << HTTP/1.1 200 OK
10:31:02.354 [main] DEBUG org.apache.http.headers - << content-type: application/json
10:31:02.354 [main] DEBUG org.apache.http.headers - << date: Sun, 07 May 2023 03:31:07 GMT
10:31:02.354 [main] DEBUG org.apache.http.headers - << transfer-encoding: chunked
10:31:02.354 [main] DEBUG org.apache.http.headers - << content-encoding: gzip
10:31:02.354 [main] DEBUG org.apache.http.headers - << server: Fly/3f2597ca (2023-05-03)
10:31:02.354 [main] DEBUG org.apache.http.headers - << via: 1.1 fly.io
10:31:02.354 [main] DEBUG org.apache.http.headers - << fly-request-id: 01GZT46P55CRPFWPB2X1VVR157-sin
10:31:02.354 [main] DEBUG org.apache.http.impl.client.DefaultHttpClient - Connection can be kept alive indefinitely
10:31:02.355 [main] DEBUG io.restassured.internal.RestAssuredHttpBuilder - Parsing response as: application/json
10:31:02.355 [main] DEBUG org.apache.http.wire -  << "191[\r][\n]"
10:31:02.355 [main] DEBUG org.apache.http.wire -  << "[0x1f][0x8b][0x8][0x0][0x0][0x0][0x0][0x0][0x4][0xff][0xaa]VJI,IT[0xb2][0x8a][0xae]V[0xf2]tQ[0xb2]24661[0xd7]Q[0xf2]K[0xcc]MU[0xb2]R[0x8a]p[0xca][0xaf]P0T[0xd2]QrI-N.[0xca],([0xc9][0xcc][0xcf]S[0xb2]RR[0xd2]Q[\n]"
10:31:02.355 [main] DEBUG org.apache.http.wire -  << "([0xca]LNU[0xb2]2[0xb1][0xb4][0xd4]Q[\n]"
10:31:02.355 [main] DEBUG org.apache.http.wire -  << "J,[0xc9][0xcc]K/V[0xb2]2[0xd2]QrN,IM[0xcf]/[0xca]L-F[0x18]idjb[0x8]7[0xd2]=173/[0x1d][0xc3]H[0xb7][0xfc]"[0x85]t[0xb0][0x94]BAiQA~qj[0xb1]Rml[0xad][0xe][0xc2]U[0x16]p#Ht[0x95]1-]e[0x89][0xe4]*[0xff][0x8][0xe2][0x83][0xca][0x84][0x86][0x8e]2E[0x84]v[0x84][0xd3][0xa0]q[0x94]1[0x99]!eH[0xcb][0x90]2[0x85];*8?[0xaf]R! [0xd8][0x14]#e[0x16][0xe4]$V*d$[0x16]+[0xe4][0xe5]+[0xe4]d[0xe6]f[0x96][0x14]#[0x92][0xbf][0x11]J[0xf2]7Es)r[0xf2]5E$_*[0xd8][0x84][0x9e][0xa4][0x91]m2C[0xc4]>[0xad]m2[0xa1]W[0xe8][0x99]!B[0xaf]$[0xb5][0x18]T[0xda]([0x14][0x14][0xe5][0xa7][0x94]&[0x97]`DWIFf[0xb1]Bf[0xb1]BIF*L[0x8d]B[\n]"
10:31:02.355 [main] DEBUG org.apache.http.wire -  << "R[0xe9][0x5]/[0xba][0xc][\r][0xc][0xc][0xc][0x90][\n]"
10:31:02.355 [main] DEBUG org.apache.http.wire -  << "/|[0xb1]g[0x86][0xc8][0xe6]T[0xb3][0x1f][0xd9]n|[0xf1]in[0x0][0xf]eBv#[0x12]&[0xc8]sD[0xfa][0xcd][0x1c][0x91]^[0x8][0x99]O[0x93][0xb0]57"[0xda]$[0xd9]O[0xac][0xf7][0x11][0x89]x`[0xbc]oF[0x1b][0xef]#'/[0xf4][0xca][0x6][0xb9][0xb8]0G[0xd4][0xf6]4[0xf3][0xbf][0x1][0x9e][0x82][0xd1][0x9c][0xe]Y[0x1b][0xaf][0xfd]4[0xc8][0xda][0xa0][0xdc][0x87][0x1c][0xfe][0xf8][0xec][0xb7] >{[0x93][0x94][0xfc][0x91][0xed][0xc7][0x17][0xff][0x16]de[0x0][0x0][0x0][0x0][0xff][0xff]"
10:31:02.355 [main] DEBUG org.apache.http.wire -  << "[\r][\n]"
10:31:02.358 [main] DEBUG org.apache.http.wire -  << "4B3[\r][\n]"
10:31:02.358 [main] DEBUG org.apache.http.wire -  << ""[0xad]h[0xc5][0xeb][0x1a]ed[0xff][0xe3][0xb5][0x1f][0xd1].[0x19][0x90][0xf4]o[0x81](<[0x2][0x14]r3K[0xf2]1[0xaa]4p[0xb][0xa4]$[0xb5]()13[0x1b]Q[0xc4][0x9b][0x9a][0x99]#[0x15]qx[0xbd][0x88][0xc8][0xe2][0xa4][0xb5][0x7][0xd1][\r][0x85]6[0xc6][0xa9][0xd2][0x9e][0xb7]@[0xe4];[0x1a]7S,[0x11]9l[0xf0]x[0xdf][0x12][0x91][0xec][0x3] -[0x19][0x5][0xd7][0x9c]D,[0x1d][0xa3][0xe4][0xfc][0xa4]D[0x85]"p[0xf][0xb][0x11][0xf7]([0xcd]N|[0x8d][0x7]KD[0xea][0xe][0x8]V[0xc0]l[0xdc][0xa6]'[0xe6][0xa6]*[0x98]*[0x14][0x97]$[0x16]!LG[0xed][0xd4][0xa1]'[0x2][0xe4][0xca][0xc3][0x12][0x91]x[0xdd]J[0x8b][0xf2]2KJ[0x8b]R[0x15]B[0xf2][0xb]0[0x92]0B6%[0xb1](S[0xc1]+[0xb5] [0xb1]([0x11]a[0xa3][0xa1][0x9]r7[0x12][0x8f][0x8d]&[0xa0]&[0x1b][0xb4]sJ[0x85]d[0x83][0xd7]&D[0xc1][0x88]p=m[0xfd][0x86][0x88],Z[0xfb][\r][0x11]o[0x1]E[0x89][0xc9]%[0x99][0xc9][0x89]9[\n]"
10:31:02.358 [main] DEBUG org.apache.http.wire -  << "[0xe1][0xf9][0xf9])[0xa9]y[\n]"
10:31:02.358 [main] DEBUG org.apache.http.wire -  << "[0xde]y[0x99]i[0xa9][0x18][0x11][0xe8][0x98][0x93][0x99]X[0xac][0x90]V[0x9a][0x9e][0xa8]PZ[0xa2][0x87][0x14]s[0xa0][0x8][0x81][0xf][0x0][0xe0][\r]OD)[0xe4]Y[0x90][0x91][0x9f][0x97][0xaa]`h[0xa8]`f[0xa2][0x90][0x9e][0x84]a[0x19][0xb8][0xc0]#[0xaa][0xcb][0x85][0xd7]BD[0x9][0x3][0xb3][0xd0][0x88][0xa6][0x16][0x1a]"[\n]"
10:31:02.358 [main] DEBUG org.apache.http.wire -  << "[0x1a][0x98][0x85][0xb4][0xf5][0xa1]!"[0x89][0xd2][0xc9]B[0xba][0xa5]PC[0x8c][0x9e][0xb9]9[0x8d][0x92][0x89]!"][0x6]$[0xe6]$[0xfa][0xe4][0xfb][0x80][\n]"
10:31:02.358 [main] DEBUG org.apache.http.wire -  << "&[0xd4][0x1]/x[0x82][0xc4]2[0x0]`l[0x8c]T[\r][0xe3]ii[0x99][0x18]"Z[0xba]4([0x8b]M[0xc][0x11][0xc9][0x9d][0x16][0xc6][0x1b]![0x12][0xb7]SQbrjN*f[0xdf][0xdb]71%U!?M!#3=C[0xa1][0xb0]41'[0xb3][0xa4]R[0xa1] 5[0xb1]([0x7]y[0xcc][0x4]d[0x12]Q%[0x86][0x11]"y[0xd3][0xc4]GHU0[0xf5][0xeb]F[0x13]#D^[0xa1][[0x80]![0x8a]u[0xba]Y[0x89][0xc8][0xa7][0xd4][0xb4][0x12]_>2B[0xf4][0x98][0xa9]i%[0xbe][0xaa][0xc4][0x8]QF[0xd0][0xb8]f6B[0xe4]b[0x1a]u[0x7]L[0x8c][0xe9][0x93][0x93]a[0x9d][0x5][0xb][0xa4][0xa2][0xdc]199[0xb5][0xb8][0x18]2=[0x80]>[0xa9]P[0x92][0xaf][0x90][0x9a][0x97][0x91][0x98][0x97][0x9c][0xaa][0x90]X[0x0]*4@L[0x94]9[0x0][0x13]cD[0x81]P[0x9c]Z[0x90][0x9a][0x82]YP'fV[0x82][0x4][0xa1][0xb3][0x13]F[0xa6]D[0xf6][0x2]M[0x8c][0x11]e[0x1][0xbd][0xd2][0x14][0xa8][0xde][0x80][0xb6]d[0xa9][0xed][0x19][0xfa][0x17][0x3][0xc6][0x88]b [0x18][0x1c]3[\n]"
10:31:02.358 [main] DEBUG org.apache.http.wire -  << ">[0x99][0xc5]%E[0xe0][0xfe]*jU[\n]"
10:31:02.358 [main] DEBUG org.apache.http.wire -  << "[0x95][0xce][0x81]H+[0xe4][0xa5][0xa7]&[0x95][0x82]j[0x12][0xd2][0xa3][0xc]Q[0xc]@[0xcd][0x84]Z[0xa9][0xe0][0x94][0x98][0x93][0x88][0xd9][0x5][0x81]*B[0xb5]X!)1/[0x1d]\[0x93]A[0xed]7%>[0xc9] [0xca][0x4][0xba]%[0x19]D[0xb][0x82]nV"[0xca]#zYi[0x82]([0x9f][0x82]J[0x8b]K2[0x93]a=[0x13][0xa7]D[0xcc]y[0xc3][0xd0][0x12][0x85][0xd4][0xa2][0xa2][0xfc]"[0x85][0xa2][0xd4][0xe4][0xd2][0xe2][0xc4][0xbc][0x94][0xc4]T[0x85][0x82][0xfc][0xe2][0xe2][0xcc][0xdc][0xd2]b[0x85][0xdc][0xfc][0x1c][0xd0]lAb[0xaa]Bqj[0x8a]BfnAjJ&y[0x9d][0x17][0xa4][0x9]LD[0x87][0xc9]'3/5O[0xc1])[0xbf][0xa4]$[0x7]K[0x87][0xa9][0xb4]D[0xa1] [0xb5][0xa8][0xb8] 393[0xb1]$[0xb3]X!%?'[0xbf](U!%3[0xb9]$Q[0xa1] [0xbf][0xa8](_![0xb3][0xa0][0xb8]4W!5[0x91][0xac][0xfe][0x94][0x9][0xfd][0x8b],[0x13]D[0x93]&8'55[[0x1][0x12][0x2][0xee]9[0xf9]e[0xa9][0xa0][0x16][0x1e]jN[0xf7]OK[0xcb]L[0xce][0xcc],VH[0xce][0xcf]+N-,M,)-RH[0xcc][0xcb][0xcc][0xcd][0x84]GL[0xb1]BY~NiAIbI[0xaa]BJjNj^fI&y[0x81]A[0xff]"[0xcf][0x4]Q[0xe4][0xb9][0xe7][0x17][0xa5][0xa7][0xe6][0x97][0x16]+[0x4][0x95]&%[0xa5][0x16])8[0x83]GS[0xd0]B#%[0xb3][0x4][0x92][0x6]Js[0x15][0x12]A[0x89][0x3][0x9c][0x4]r[0x12][0x93][0xf2][0x8b]2[0xf3][0x8b][0x13]s[0x15][\n]"
10:31:02.358 [main] DEBUG org.apache.http.wire -  << "K3[0x15][0x12]s2[0xb]K3S[0x14][0x8a][0xc9]M[0xa7][0x88]B[0x11][0x91]N[0xdd][0x8b][0x12][0xf3]2KR[0x15][0x9c][0xf3][0x13]A%-[0xaa][0xbb]\K@[0xbd][0xfa][0xcc][0xc4][0x12][0x85][0xfc][0xdc][0xbc][0xcc]b[0x85][0xdc][0xcc][0xbc][0xcc][0xdc]D[0x85][0xbc][0xd2][0xdc][0xc2][0xd2][0xc4]\[0x85][0xe2][0xd2][0xe2][0xe4][0xcc][0x2]r][0x83]("[0x83]+[0xf3]R[0x8b][0xd2]3a[0xd9]9G!8#[0xb3][0x8][0xab]kR[0x8b]K[0xe0][0xa9]"3[0xa9][0xb4]X[0xa1] '195[0xb1]D![0x95][0xcc][0xac][0x8b](4i[0xdc]v[0x3]U[0x1d][0xd0][0x1a]][0x81]F[0x9d]USD[0xa6]'[0xcb]3[0xc4][0xb6][0x87]L[0x91]r:[0xe5][0x13][0xe3][0xf8][0x9a][0xd6][0xa6][0xf4][0xcf][0xb9][0xa6][0x88][0x9c]K[0xaf]:[0xcd][0x14][0x91]/[0xe9]f%"[0xf3][0xd1][0xcd]J[0xfa]e5D[0xb3][0x84][0xac]|[0x80][0xba]p[0x3]_[0xfa]4C[0xb4]F[0xa0]6a.[0xf2][0x81][0xf][0xf]aY"[0x82]0[0x1d][0xd6]I[0xa2][0xc2][\n]"
10:31:02.358 [main] DEBUG org.apache.http.wire -  << ")[0x13][0xea].[0xfc][0xc0][0x1b]&[0x14][0x96]B$[0x84]>[0xdd][0xca]!3D9[0x4][0x8d]g[0xcc][0xd9][0x12]|[0xf1]L[0x82][0x9f][0x10][0xc5][0xf][0xad]mB[0x94]:P[0x9b][0x6]m[0xda]E[0x14]V8][0x8a][0x98]t[0xc0]W[0x8b]Q5Ga[0x94]g[0x94][0x84][0x1f][0xfa][0x2]#[0xaa][0xba][0x14][0xa3]<[0xc4]t)5[0xc3][0xf][0x0][0x0][0x0][0xff][0xff]"
10:31:02.358 [main] DEBUG org.apache.http.wire -  << "[\r][\n]"
10:31:02.358 [main] DEBUG org.apache.http.wire -  << "59F[\r][\n]"
10:31:02.358 [main] DEBUG org.apache.http.wire -  << "[0x2]/[0x3]%[0xb4]f[0xd3][0x4]i[0xe9][0x12]4Vi[0x95][0xa7][0x90][0x16]1[0xf9]%[0x16]g*[0xb8]$[0x96][0xe6])x[0xa5][0x16][0x95][0x82]&[0xcc]Q[0x1b][0xbc]`[0xf9][0xf2][0xd4][0xbc][0xc4][0xec]l[0x85][0x92][0xd4][0xbc][0xc4]<[0x85][0xdc][0xd2][0xa2][0xdc]T[0xa4][0xf9]OCK[0xd4][0x95]a[0xe8]E!,[0xe2],,[0x11][0xa9]69?[0xaf]$?C7[0x19][0xb1][0xfc][0x15]}|[0xcb]-[0xb1]8#3?/1)'[0x15]uT[0xb]i[0x1][0x14][0xd8]m[0x8][0xb7]+$V&[0xe6]*[0xa4][0xe7][0x17][0xa5]b[0x99][0x18][0x6][0xab][0xa5][0x92]?[0x10][0xe9][0x9c][0xb0]?0U [0xaf][0xd3]51[0xa7][[0x89]mN[0xb7]r[0x14]i[0x8d][0x14][0xad][0xd3]1F>[0xa6]U[0x8e]AZ[0xf7]Cc?Y R[0x4][0xc1][0x95][0xdb][0xf4]*[0xd9][0x91]V[0xdd][0xe0]p[0x13][0xa2]pC[0x94][0x9b][0xf4]k[0xcb]Y r[0xe4][0xe0]t[0x1f][0xdd][0xd2][0xa9]%b[0xcc][0x1f]GH[0xc]D[0xfc] -[0xdf][0x19]L[0xae]B[0xe4]4[0x1a][0xe7]i[0xa4][0x85]?[0xd8][0xd7]T[\r]l[0xf6][0xb1]D4|[0xb1];o@[0xd2][0xc]r[0x9e][0xc6][0xb6]-c@[0xc3][0xcc][0x14][0xb4][0x90][0x7]:zEZ[0x98][0xd1][0xb0]]kj[0x80][0xc8][0xfd][0xb4]M[0xd1][0xa6][0x6][0x88][0xbc][0x83][0xdd][0xfb][0x3][0x1c];[0x88][0xc6][0xe]v[0xe7][\r]@[0x8a]65@d3Z[0xc7][0xe][0xe5]y[0x87][0x96][0xc9][0x14]i[0xe5][0xd7][0xe0][0x89][0x1d][0xa4][0xd5]a[0xd8][0x1d]5[0xb0])[0xda][0x90]P[0x86][0x1b][0x88][0x14]mH[0xaf]Q S[0xa4]U[0x11]4[0xce];[0x86]t[0xcb][0xa5]HK[0xe9]h[0xed]'Dy@c[0x9b]@[0xab][0xd5][0xa0][0xd5]"[0xad]m[0xa2][0xd7][0xa8][0xaa][0xa9][0x11][0xdd]R[0xb9][0x11][0xa2][0xda][0xa2]u[0xe8][0xd1]-[0x95][0xd3]m1[0x98][0xa9][0x11][0xfd]R9[0xbd][0xfa]s[0xa6]H[0xab][0xcf]h[0x9c]"[0x90]V[0x8b][0xd1][0xda]&D[0xce][0x1d][0x8c]5[0xad]1"[0xbb]cw[0xde]@[0xd4][0xb4][0xc8]+[0xc6]h:[0xc3]ljL[0xb7][0x92][0xc1][0x18]1[0x1e][0xec][0x11][0xa0][0xe0][0xc]Z[0xee][0x93][0x89]e[0xd3]MNjAI~[0x81][0x2][0xc6][0x8e].K[0x10]@ZL[0x8e]>[0xee][0x8c][0xb4][0xf3][0xc6][0xd4][0x98]nE[0x3][0xd2]r,[0xba]m[0x90][0x83][0x8d][0xb0][0x9b][0x1a] [0xea][0xf][0xf8]&[0x1c][0x8c][0xa5][0x15]i[0x4][0xce][0x8e]@[0x9e]\[0xa5][0x9a][0x17][0x88][0x1a][0xa9][0xa4][0x92][0xf3][0x11][0xc5][0xb]![0xe7]#r2h[0xf]*[0x9e][0xb4]D[0xed][0x10]F4[0xe6][0x9]9[0x91][0xec]][0xac][0xf8][0xb2][0x83][0x9][0xa2][0x88][0xa3][0xaa][0xfd]xB[0x10]97[0x9a] [0x8a][0x18][0xaa]ZO[0xcf]D[0x86](Ph[0xe6][0x5][0x9c]]p*[0xe5][0x13]D#[0x86]f^@O[0x84]T[0xce]GHK[0xc8][0x86][0xac][0x17][0x10]CvC[0xd6][0xb][0xc4][0x17][0xb8]T+[0xcd][0xa8][0x9d][0x90][0x6][0xa0]@[0xa6][0xb6][0x17]hT[0xa6][0xd3][0xb1]PEZi8d[0xf3][0x2][0xa2]j[0x83][0xf5][0xa2]LMi4)mj[0x8a]h@SwO[0x8c])[0xd2][0xf9]K[0x9e]y%[0xa9]99[0x99][0xe9][0xa9]y%[\n]"
10:31:02.358 [main] DEBUG org.apache.http.wire -  << "[0xc1]%[0xa9][0xa9][0xa0][0xb5][0xc8][0xf9]X[0xd6][0xaf]{[0xa6][0x80][0xf6]0[0x16]g*[0xe4]%[0x96][0x94][0x16][0x83][0x96]g[0x83][0x88][0xc4]b[0xb2]V[0xa8][0x9b][0x9a]"*'X8b4d[0xa9][0xb2][0xbe][0xcc][0x14]s[0xc5]"[0xad][0xa2][0x8b]n+[0xe]M[0xcd][0x10]%2[0xad]C[0xf]Q[0xea][0xd0][0xda]&Db[0xa7][0xb5]M[0x88][0xb6][0x9d]k^~Q.h[0xab]B@N"x1[0xbe]sFb&h[0xed][0x13][0xea]"[0xa9]0[0xc8][0xb6][0xc][0xd0]IZ%[0xa9][\n]"
10:31:02.358 [main] DEBUG org.apache.http.wire -  << "y[0xf9]y[0xa0][0x3]_[0xca]2S@y&[0xb5][0x98][0xac][0x85][0xf8][0xa6]H[0x87]h[0xb9][0x94][0x16][0x81][0xd6]A[0x81]6[0xf6][0xe4](`wA0t[0xe3][0x81]Bai[0xbe][0x2][0xd2].[0x89][0xcc]<r6[0x88][0x98][0xd2]m)[0x9a])[0xd2]R4[0x1a]G+[0xdd][0x96]Z[0x99][0xd2]m[0xa9][0x95])[0xdd][0x96]Z[0x99][0x9a][0xd3][0xad]@F:[0xe2]) [0xd8][0x4][0xb3][0xd4]/6QHJ,*E[0xf4][0xdd][0x8d][0xf1][0xaf]?D[0xee]y[0xd2]m[0x19][0x97][0xa9][0x5][0xdd][0x8a]`[0xa4][0x5]c4[0xce]AH[0xcb][0xc0]hm[0x13]b [0x8b][0xd6]6a6[0xd8]0[0x93][0x1c][0xd1]gZ[0xa2][0xf7]wQ[0xd2][0x1e][0xdd]*0[0xa4][0xe5]p[0xb4][0xe]=[0xba][0x95][\n]"
10:31:02.358 [main] DEBUG org.apache.http.wire -  << "H[0xc7]R[0xd1][0xd8]OHK[0xe8]hm[0x13][0xdd][0xca][0x8][0xa4][0x83][0xad]h[0xed]'D[0x83][0x90][0xea][0xa5][0xb7]%[0xdd]J[0x5][0xa4][0x15]q[0xb4][0xe]/Dc[0x93][0xb6]6[0x99]!-[0xe]s-J[0xcf][0xcf][0xcb][0xcf][0xcd]LVp[0xcc])[0xcd][0xcd][0xcc]+[0xcd][0xc5][0xba][0x9][0xd7][0xb1][0xb4]D!)5[0xb1]$1[0x15][0xbe][0xc5]45W!7[0xb1]"37U!/57_!3'[0xa7]4[0x17][0xb4][0xfd][0x16][0xdc][0xf7]#[0xa7][0xa9]if@[0xaf]b[0xd1][0xcc][0x80]^[0x85][0x95][0xd9][0xe0]^Kd6[0x18][0xd7][0x12][0x99][0xd1]o-[0x11][0xd2]>[0x14][0xda]f9S[0xd0][0xc1][0x83]tY[\r]cf@[0xaf][0xaa][0xc4][0xcc][0x0]Q[0xc0][0xd3]6[0xf4][0xcc][0x90][0xa6]9hl[0x13][0xdd][0xd6]|[0x99]![0x9d]j[0x86]}q[0xc1][0x80][0xae]24CZ[0xbe][0x85][0xdd]y[0x88]^[0x17][0xdd]vw[0x98]![0x1d]lF[0xe3]t[0x80]t[0x8]Y@[0xb0][0xa1][0x1][0x5][0x1d][0x1][0xf4][0x13][0xb9][0xe0][0x83][0xfd]HU[0x3][0xe4][0x2][0x7][0xc]K[0x8][0xcd][0xcf][0x9b][0xd1]m=[0x9a][0x19][0xd2][0xd9]a[0xd9][0x99][0x5][0x89][0xc5][\n]"
10:31:02.358 [main] DEBUG org.apache.http.wire -  << "[0x89]y[0xe9][0x99]y[0x18].[0xce]M[0xcd]KO[0xcd])M,[0xca]N[0xcc][0x83](Q(N[0xcc]KO,Q[0xc8]N[0xcd]K[0x86][0x1c][0xd3][\n]"
10:31:02.358 [main] DEBUG org.apache.http.wire -  << "=0[0xc8][0x10][0xb4]n[0x1e][0xe7]qv[0xf0]PB:@[0x86][0xcc][0x1b]0[0xcc][0x90][0xd6][0x9d][0xc1][0xf][0x1c]q*[0xca][0xcf][0xab]J[0xc5]1[0x84][0x6]9[0xb3][0xb3]([0xb5] 5''5/[0xa5][0xb4]X!1[0x19]tH[0xe][0xe8]h[0x9c][0xc2]R[0xb2][0x86][0xb1][0xcd][0x90][0x96][0xa4][0xf9][0xa6][0xa6]d[0xe6]'[0x17][0xa5][0x82]F[0xf1]@[0x7][0x87][0xe2]8[0x6][0xc6][0x11]lg^I&[0xe8][0xa8][0x9b][0x12][0x85]|[0xf0][0xa9]0[0x89][\n]"
10:31:02.358 [main] DEBUG org.apache.http.wire -  << "e[0xa9]9[0x99]%[\n]"
10:31:02.358 [main] DEBUG org.apache.http.wire -  << "y[0xf9]I[0x99][0xc5]d[0xb5][0xb2][0x90][0xe]J[0x1b]r1[0x89][0xb4][0x6]n[0xe8][0xb9][0x1d]1[0xbd];[0xf4][0xdc][0x8e]hS[0xc]=[0xb7]#&ti\g -[0x17][0xf4][0xcc]K.JM[0xc9]L[0xca]IU[0x80][0x95]49[0xf9][0xc9][0x98]{[0xaa]][0x13][0xe1][0x7][0x5])[0xa4][0xe6]eB:P[0xc5][0xa0][0xfc][0x9d]Z[0x9c][0x9c]Y[0x9a]W[0xa2][0x90]R[0x9a][0xc]>[0x92][0xb]r[\n]"
10:31:02.358 [main] DEBUG org.apache.http.wire -  << "V.YY[0x9e]nK[0x6][0xcd][0x90][0x16][0xf2][0xd1]:[0xb0][0xe9][0xd6][0x85]C>[0xbc][0x8b][0xe2][0x5][0x97][0x0][0x0][0x0][0x0][0xff][0xff]"
10:31:02.358 [main] DEBUG org.apache.http.wire -  << "[\r][\n]"
10:31:02.358 [main] DEBUG org.apache.http.wire -  << "340[\r][\n]"
10:31:02.358 [main] DEBUG org.apache.http.wire -  << "[0xb2][0xc2]3.hfB[0xaf]Q[\r]3[0xa4]uWC.C#][0xb3]En[0x1a]#[0xf2][0xd0]t3[0x13][0xba][\r][0xc9] [0xad]_"[0xd7]S[0xc4]-[0xb9]3C[0xba][0xe4][0x8a][0xd6]6[0xd1][0xad][0xe4]EZ.Bk?[0xd1]m[0x8c][0x8a]n[0xeb][0x1e][0xcc][0xe8][0xb6][0x1a][0xc1][0xcc][0x8c]n)[0xc2][0x8c]nE)[0xe8]6[0x11][0xfa][0x8c][0xec] [0xad][0x3][0xa0]q*[0xa7][0xdb]T[0xbc][0x19][0xd2]T[0xbc]G[0x81]BXfY[0xbe]B[0xa4][0x91][0x11][0x96]~enfNfv[0xa6]BqAjqfZf6[0xe8][0xac][0x9a][0xca][0xc4][0xbc]t[0x85][0xc4][0x2][0xf0]Y[0xb9][0xd0]N%h[0x2][0x18]u[0xe][0x18][0xbd][0xfb][0x8d]4[0xf]gfN[0xca][0x0][0x16][0x96][0x13][0xec][0xf1][0x94][0xb8][0xd4][0xec][0xbf]"-"[0x80]]y[0xe2]X[0x9a][0x93][0x99][0xa8]`[0x8c][0x11]N[0x99]y[0x99][0xa0][0x5]'[0xa0][0xb][0xde][0x14][0x12][0xe1]j[0xa0][0x81][0x83]o[0xfd][0x1e]J[0xb0][0xd0]k"[0xd4][0xc][0xe9][0xe]+[0xec][0x83]L[0x3];[0x6][0x86][0xb4][0xfe][0x0][0xbb][0xf3]p[0x8d][0x81][0xe1]\[0xaf]M[0x85][0xd1][0xc][0xa4][0x85][0xb][0xd8][0x1d]5[0xc0]a[0x86]([0xe2][0xb1];[0xf]W[0x98][0xa1]7[0x8c][0xa9][0x99][0x83][0x90][0x96]+[0x80]sP[0xb6][0x82]{fj[0xe]F[0xee][0x9][0x1][0x1d]z[0x9c][0x97][0xe][0xba][0xf6]0[0xbb]([0xb3][0xa0]8[0x13][0xe1]V[0xe2]w[0x18][0x99]Y [0xaa][0x1e]$[0xcb][0x14][0xb2]Su1[0xcb]5*[0xd9][0x88][0xc8][0xb0]h6b[0x96][0x10]T[0xb2][0x11][0xd1][0xc][0x82]o/[0xa2][0xe9][0xfd]EfH[0xd7]^[0x81][0xfd][0x98]\[0xa2]@[0xd3]B[0x10]i[0x95][0x1][0x9d]|[0x88]t4[0xe][0x8d][0xab]wKR[0xea]=,Gs[0x12]}d[0xa3][0x19][0xdd]f[0xcf][0xcd],[0xe9][0xd5]U3[0x7][0x8d][[0xd3][0xa5][0xc1]g[0x8e]t[0xb4][\n]"
10:31:02.358 [main] DEBUG org.apache.http.wire -  << "mS[0x84]9[0xdd][0xe]$17[0xa0][<![0x9d]-B[0xe3][0xd0]3D[0xc][0x8f]z[0x6]x[0xf8][0xfb][0xb9]*[0x18][0x9a]*[0x4][0x4][0xf9]cT0[0x1e][0xae]~[0xee][0x1][0xfe]~[0x88]j[0xc5][0x4][0xd4][0xef][0xc7]9[0x9][0x82][0xd4](3G[0x9a][0xa9][0xa7][0xb5]o[0x10][0xf5][0x17][0xed]|[0x83][0xa8][0xb1]h[0xed][0x1b][0xba][0xa5]7[0xa4][0x19]S[0x1a][0xfb][0xc9][0x8][0x91][0xde]hm[0x13][0xbd]j[\n]"
10:31:02.358 [main] DEBUG org.apache.http.wire -  << "s[0xa4]I:[0xb7][0xc4][0xbc][0x12][0xc8][0x1a]{[0xdf][0xc4]"[0xd0][0x10][0xba]Ob.[0xe6][0xb5]$[0xae]%[\n]"
10:31:02.358 [main] DEBUG org.apache.http.wire -  << "[0x19][0x99][0xc9][0xa0]uG[0xf9]H[0x83][0xe2][0xa0][0xb1][0xc][0xa2][0xf2][0x13][0xd2]|\RbqjJQZf[0x5]F~[0x5][0xcb][0xa4][0xa6]%[0x96][0xe6][0x94][0xa4][0x80][0xd6][0xfa]C;Rf[0x96][0xa0][0xae]8q[0xd6][0xd0]k[0x98][0xda][0x1c][0xe9]&[0x1e][0xda][0xf4][0xa4][0xd1][0x1b][0xe8][0xc8][0xa5][0x13][0xd2][0x9d]<4N[0x91]t;[0x94][0xc0][0x9c]ns[0x19][0xe6]t;[0x93][0xc0][0x1c][0xa9][0xff]I[0xe3]xB[0xda]XNk[0x9b][0x10]}[0x11]Z[0xdb][0x84][0xc8][0xcc]4[0xab][0x19]A[\r][0x2]h[0xeb][0x92][0xfe][0xd9][0x18]in`[0x0],[0xa7][[0xad][0x86]tu[0x6][0x8d]S[0xc][0xd2][0xf5][0x15][0x3][0x10][0xa0][0x88][0x8c]1[0x0][0x96]#[0xda]][0x3]`9"[0xa3][0xd2][0xdf]r[0xa4]m[0xa4][0x3]`9b[0x95][0xc9][0x0]X[0x8e][0xc8][0xc1][0xf4][0x18][0xa3]1[0xa7][0xdb]t[0x92]9[0xdd].[0xb9]0G[0x9a]N[0xc2]>~:[0xa0][0xc3][0xbb][0xe6][0xa0][0x86]/[0xb4]z[0xc2][0xee]<[0xa4][0xbe]-h[0xcd]3[0xce]F2[0x15][0x87]w[0xcd][0xe9][0xb6]G[0xd5][0x1c]ib[0xc][0xbb][0xf7][0x7]6v[0x90]f[0xd3][0xb0];o@b[0x7][0xd1][0x87][0x1c]D[0x8e]B[0xc]@`w[0xd4][0x0]G$[0xa2][0xf6][0xc4][0xee][0xbc][0x1][0x89]HD[0xad]:x[0x1c]5[0xb8][0xa7][0xc3][0xcc][0x91][0xb6][0xe4][0xe][0xa2]0C[0xe4]H[0x97][0xd2][0xec]R[0xcc]e[0xdc][0x88][0xd4]e[0x86]:[0x9b][0x8e]o[0xc][0xc0]bpg)[0xa4][0xad][0xb0][0x83](&[0x8]e[0xa9][0x81]-[0x86][0x90]6[0xc0][0xe]t[0x98][0xc5][0xd6]r[0x1][0x0][0x0][0x0][0xff][0xff]"
10:31:02.358 [main] DEBUG org.apache.http.wire -  << "[\r][\n]"
10:31:02.358 [main] DEBUG org.apache.http.wire -  << "A[\r][\n]"
10:31:02.358 [main] DEBUG org.apache.http.wire -  << "[0x3][0x0][0x94][0xb1]r"r[0x93][0x0][0x0]"
10:31:02.358 [main] DEBUG org.apache.http.wire -  << "[\r][\n]"
10:31:02.358 [main] DEBUG org.apache.http.wire -  << "0[\r][\n]"
10:31:02.358 [main] DEBUG org.apache.http.wire -  << "[\r][\n]"
10:31:02.358 [main] DEBUG io.restassured.internal.RestAssuredHttpBuilder - Parsed data to instance of: class org.apache.http.conn.EofSensorInputStream
10:31:02.359 [main] DEBUG org.apache.http.impl.conn.BasicClientConnectionManager - Releasing connection org.apache.http.impl.conn.ManagedClientConnectionImpl@1c512bb
10:31:02.359 [main] DEBUG org.apache.http.impl.conn.BasicClientConnectionManager - Connection can be kept alive indefinitely
10:31:02.368 [main] DEBUG net.thucydides.core.steps.StepInterceptor - STEP DONE: I send GET HTTP request product
  &amp#27;[32mWhen &amp#27;[0m&amp#27;[32mI send GET HTTP request product&amp#27;[0m                &amp#27;[90m# starter.stepdefinitions.ProductSteps.sentGetHttpRequestProduct()&amp#27;[0m
10:31:02.371 [main] DEBUG net.thucydides.core.steps.StepInterceptor - STARTING STEP: ProductSteps.receiveValidHttp200Product - I receive valid HTTP response code 200 product
10:31:02.371 [main] DEBUG net.thucydides.core.steps.StepInterceptor - STEP DONE: I receive valid HTTP response code 200 product
  &amp#27;[32mThen &amp#27;[0m&amp#27;[32mI receive valid HTTP response code 200 product&amp#27;[0m &amp#27;[90m# starter.stepdefinitions.ProductSteps.receiveValidHttp200Product()&amp#27;[0m
10:31:02.374 [main] INFO  - 
  _____   ___   ___   _____     ___     _     ___   ___   ___   ___  
 |_   _| | __| / __| |_   _|   | _ \   /_\   / __| / __| | __| |   \ 
   | |   | _|  \__ \   | |     |  _/  / _ \  \__ \ \__ \ | _|  | |) |
   |_|   |___| |___/   |_|     |_|   /_/ \_\ |___/ |___/ |___| |___/ 

GET - Get product by ID
----------------------------------------------------------------------
]]></system-out>
  </testcase>
  <testcase name="GET - Get all product" classname="Product" time="0.157">
    <system-out><![CDATA[
Scenario: GET - Get all product                       &amp#27;[90m# src/test/resources/features/5. Product.feature:32&amp#27;[0m
10:31:02.379 [main] DEBUG io.cucumber.core.plugin.SerenityReporter - Running feature from file:///C:/Users/WINDOWS%2010/Documents/GitHub/MiniProject_QE/API/minpro/src/test/resources/features/5.%20Product.feature
10:31:02.382 [main] INFO  - 
  _____   ___   ___   _____     ___   _____     _     ___   _____   ___   ___  
 |_   _| | __| / __| |_   _|   / __| |_   _|   /_\   | _ \ |_   _| | __| |   \ 
   | |   | _|  \__ \   | |     \__ \   | |    / _ \  |   /   | |   | _|  | |) |
   |_|   |___| |___/   |_|     |___/   |_|   /_/ \_\ |_|_\   |_|   |___| |___/ 

GET - Get all product(product;get---get-all-product)
--------------------------------------------------------------------------------
10:31:02.395 [main] DEBUG net.thucydides.core.steps.StepInterceptor - STARTING STEP: ProductSteps.setGetApiEndpointsProduct2 - I set GET api endpoints product2
10:31:02.395 [main] DEBUG net.thucydides.core.steps.StepInterceptor - STEP DONE: I set GET api endpoints product2
  &amp#27;[32mGiven &amp#27;[0m&amp#27;[32mI set GET api endpoints product2&amp#27;[0m              &amp#27;[90m# starter.stepdefinitions.ProductSteps.setGetApiEndpointsProduct2()&amp#27;[0m
10:31:02.400 [main] DEBUG net.thucydides.core.steps.StepInterceptor - STARTING STEP: ProductSteps.sendGetHttpRequestProduct2 - I send GET HTTP request product2
10:31:02.401 [main] DEBUG net.thucydides.core.steps.StepInterceptor - STARTING STEP: Product.sendGetHttpRequestProduct2 - I set GET api endpoints product2
10:31:02.401 [main] DEBUG net.thucydides.core.steps.StepInterceptor - STEP DONE: I set GET api endpoints product2
10:31:02.411 [main] DEBUG org.apache.http.impl.conn.BasicClientConnectionManager - Get connection for route {s}->https://altashop-api.fly.dev:443
10:31:02.412 [main] DEBUG org.apache.http.impl.conn.DefaultClientConnectionOperator - Connecting to altashop-api.fly.dev:443
10:31:02.487 [Finalizer] DEBUG org.apache.http.impl.conn.DefaultClientConnection - Connection 0.0.0.0:54046<->149.248.193.56:443 closed
10:31:02.488 [main] DEBUG org.apache.http.client.protocol.RequestAddCookies - CookieSpec selected: ignoreCookies
10:31:02.488 [main] DEBUG org.apache.http.client.protocol.RequestAuthCache - Auth cache not set in the context
10:31:02.488 [main] DEBUG org.apache.http.client.protocol.RequestTargetAuthentication - Target auth state: UNCHALLENGED
10:31:02.488 [main] DEBUG org.apache.http.client.protocol.RequestProxyAuthentication - Proxy auth state: UNCHALLENGED
10:31:02.488 [main] DEBUG org.apache.http.impl.client.DefaultHttpClient - Attempt 1 to execute request
10:31:02.488 [main] DEBUG org.apache.http.impl.conn.DefaultClientConnection - Sending request: GET /api/products/13500 HTTP/1.1
10:31:02.488 [main] DEBUG org.apache.http.wire -  >> "GET /api/products/13500 HTTP/1.1[\r][\n]"
10:31:02.488 [main] DEBUG org.apache.http.wire -  >> "Accept: */*[\r][\n]"
10:31:02.488 [main] DEBUG org.apache.http.wire -  >> "Host: altashop-api.fly.dev[\r][\n]"
10:31:02.488 [main] DEBUG org.apache.http.wire -  >> "Connection: Keep-Alive[\r][\n]"
10:31:02.488 [main] DEBUG org.apache.http.wire -  >> "User-Agent: Apache-HttpClient/4.5.13 (Java/15)[\r][\n]"
10:31:02.488 [main] DEBUG org.apache.http.wire -  >> "Accept-Encoding: gzip,deflate[\r][\n]"
10:31:02.488 [main] DEBUG org.apache.http.wire -  >> "[\r][\n]"
10:31:02.488 [main] DEBUG org.apache.http.headers - >> GET /api/products/13500 HTTP/1.1
10:31:02.488 [main] DEBUG org.apache.http.headers - >> Accept: */*
10:31:02.488 [main] DEBUG org.apache.http.headers - >> Host: altashop-api.fly.dev
10:31:02.488 [main] DEBUG org.apache.http.headers - >> Connection: Keep-Alive
10:31:02.488 [main] DEBUG org.apache.http.headers - >> User-Agent: Apache-HttpClient/4.5.13 (Java/15)
10:31:02.488 [main] DEBUG org.apache.http.headers - >> Accept-Encoding: gzip,deflate
10:31:02.525 [main] DEBUG org.apache.http.wire -  << "HTTP/1.1 200 OK[\r][\n]"
10:31:02.525 [main] DEBUG org.apache.http.wire -  << "content-type: application/json[\r][\n]"
10:31:02.525 [main] DEBUG org.apache.http.wire -  << "date: Sun, 07 May 2023 03:31:07 GMT[\r][\n]"
10:31:02.525 [main] DEBUG org.apache.http.wire -  << "content-encoding: gzip[\r][\n]"
10:31:02.525 [main] DEBUG org.apache.http.wire -  << "transfer-encoding: chunked[\r][\n]"
10:31:02.525 [main] DEBUG org.apache.http.wire -  << "server: Fly/3f2597ca (2023-05-03)[\r][\n]"
10:31:02.525 [main] DEBUG org.apache.http.wire -  << "via: 1.1 fly.io[\r][\n]"
10:31:02.525 [main] DEBUG org.apache.http.wire -  << "fly-request-id: 01GZT46PDYZ7Q8YN539BXJPC47-sin[\r][\n]"
10:31:02.525 [main] DEBUG org.apache.http.wire -  << "[\r][\n]"
10:31:02.525 [main] DEBUG org.apache.http.impl.conn.DefaultClientConnection - Receiving response: HTTP/1.1 200 OK
10:31:02.525 [main] DEBUG org.apache.http.headers - << HTTP/1.1 200 OK
10:31:02.525 [main] DEBUG org.apache.http.headers - << content-type: application/json
10:31:02.525 [main] DEBUG org.apache.http.headers - << date: Sun, 07 May 2023 03:31:07 GMT
10:31:02.525 [main] DEBUG org.apache.http.headers - << content-encoding: gzip
10:31:02.525 [main] DEBUG org.apache.http.headers - << transfer-encoding: chunked
10:31:02.525 [main] DEBUG org.apache.http.headers - << server: Fly/3f2597ca (2023-05-03)
10:31:02.525 [main] DEBUG org.apache.http.headers - << via: 1.1 fly.io
10:31:02.525 [main] DEBUG org.apache.http.headers - << fly-request-id: 01GZT46PDYZ7Q8YN539BXJPC47-sin
10:31:02.525 [main] DEBUG org.apache.http.impl.client.DefaultHttpClient - Connection can be kept alive indefinitely
10:31:02.526 [main] DEBUG io.restassured.internal.RestAssuredHttpBuilder - Parsing response as: application/json
10:31:02.526 [main] DEBUG org.apache.http.wire -  << "94[\r][\n]"
10:31:02.526 [main] DEBUG org.apache.http.wire -  << "[0x1f][0x8b][0x8][0x0][0x0][0x0][0x0][0x0][0x4][0xff][0xab]VJI,IT[0xb2][0xaa]V[0xf2]tQ[0xb2]24650[0xd0]Q[0xf2]K[0xcc]MU[0xb2]R[0x8a]p[0xf2][0x8f]0T[0xd2]QrI-N.[0xca],([0xc9][0xcc][0xcf]S[0xb2]RR[0xd2]Q[\n]"
10:31:02.526 [main] DEBUG org.apache.http.wire -  << "([0xca]LNU[0xb2]2[0xb1][0xb4][0xd4]Q[\n]"
10:31:02.526 [main] DEBUG org.apache.http.wire -  << "J,[0xc9][0xcc]K/V[0xb2]2[0xd5]QrN,IM[0xcf]/[0xca]L-V[0xb2][0x8a][0x86][0x9a]hdjb[0x8]7[0xd1]=173/[0x1d][0xc3]H[0xb7][0xfc]"[0x85]t[0xb0][0x94]BAiQA~qj[0xb1]Rmlm-[0x17][0x0][0xf1]sX[0xfa][0x9e][0x0][0x0][0x0]"
10:31:02.526 [main] DEBUG org.apache.http.wire -  << "[\r][\n]"
10:31:02.526 [main] DEBUG org.apache.http.wire -  << "0[\r][\n]"
10:31:02.526 [main] DEBUG org.apache.http.wire -  << "[\r][\n]"
10:31:02.526 [main] DEBUG io.restassured.internal.RestAssuredHttpBuilder - Parsed data to instance of: class org.apache.http.conn.EofSensorInputStream
10:31:02.526 [main] DEBUG org.apache.http.impl.conn.BasicClientConnectionManager - Releasing connection org.apache.http.impl.conn.ManagedClientConnectionImpl@750b200b
10:31:02.526 [main] DEBUG org.apache.http.impl.conn.BasicClientConnectionManager - Connection can be kept alive indefinitely
10:31:02.527 [main] DEBUG net.thucydides.core.steps.StepInterceptor - STEP DONE: I send GET HTTP request product2
  &amp#27;[32mWhen &amp#27;[0m&amp#27;[32mI send GET HTTP request product2&amp#27;[0m               &amp#27;[90m# starter.stepdefinitions.ProductSteps.sendGetHttpRequestProduct2()&amp#27;[0m
10:31:02.529 [main] DEBUG net.thucydides.core.steps.StepInterceptor - STARTING STEP: ProductSteps.receiveValidHttp200Product - I receive valid HTTP response code 200 product
10:31:02.530 [main] DEBUG net.thucydides.core.steps.StepInterceptor - STEP DONE: I receive valid HTTP response code 200 product
  &amp#27;[32mThen &amp#27;[0m&amp#27;[32mI receive valid HTTP response code 200 product&amp#27;[0m &amp#27;[90m# starter.stepdefinitions.ProductSteps.receiveValidHttp200Product()&amp#27;[0m
10:31:02.531 [main] INFO  - 
  _____   ___   ___   _____     ___     _     ___   ___   ___   ___  
 |_   _| | __| / __| |_   _|   | _ \   /_\   / __| / __| | __| |   \ 
   | |   | _|  \__ \   | |     |  _/  / _ \  \__ \ \__ \ | _|  | |) |
   |_|   |___| |___/   |_|     |_|   /_/ \_\ |___/ |___/ |___| |___/ 

GET - Get all product
----------------------------------------------------------------------
]]></system-out>
  </testcase>
  <testcase name="GET - Get product by invalid ID" classname="Product" time="0.16">
    <system-out><![CDATA[
Scenario: GET - Get product by invalid ID             &amp#27;[90m# src/test/resources/features/5. Product.feature:37&amp#27;[0m
10:31:02.535 [main] DEBUG io.cucumber.core.plugin.SerenityReporter - Running feature from file:///C:/Users/WINDOWS%2010/Documents/GitHub/MiniProject_QE/API/minpro/src/test/resources/features/5.%20Product.feature
10:31:02.538 [main] INFO  - 
  _____   ___   ___   _____     ___   _____     _     ___   _____   ___   ___  
 |_   _| | __| / __| |_   _|   / __| |_   _|   /_\   | _ \ |_   _| | __| |   \ 
   | |   | _|  \__ \   | |     \__ \   | |    / _ \  |   /   | |   | _|  | |) |
   |_|   |___| |___/   |_|     |___/   |_|   /_/ \_\ |_|_\   |_|   |___| |___/ 

GET - Get product by invalid ID(product;get---get-product-by-invalid-id)
--------------------------------------------------------------------------------
10:31:02.549 [main] DEBUG net.thucydides.core.steps.StepInterceptor - STARTING STEP: ProductSteps.setGetApiEndpointsProduct3 - I set GET api endpoints product3
10:31:02.549 [main] DEBUG net.thucydides.core.steps.StepInterceptor - STEP DONE: I set GET api endpoints product3
  &amp#27;[32mGiven &amp#27;[0m&amp#27;[32mI set GET api endpoints product3&amp#27;[0m              &amp#27;[90m# starter.stepdefinitions.ProductSteps.setGetApiEndpointsProduct3()&amp#27;[0m
10:31:02.552 [main] DEBUG net.thucydides.core.steps.StepInterceptor - STARTING STEP: ProductSteps.sendGetHttpRequestProduct3 - I send GET HTTP request product3
10:31:02.553 [main] DEBUG net.thucydides.core.steps.StepInterceptor - STARTING STEP: Product.sendGetHttpRequestProduct3 - I set GET api endpoints product3
10:31:02.554 [main] DEBUG net.thucydides.core.steps.StepInterceptor - STEP DONE: I set GET api endpoints product3
10:31:02.559 [main] DEBUG org.apache.http.impl.conn.BasicClientConnectionManager - Get connection for route {s}->https://altashop-api.fly.dev:443
10:31:02.559 [main] DEBUG org.apache.http.impl.conn.DefaultClientConnectionOperator - Connecting to altashop-api.fly.dev:443
10:31:02.647 [main] DEBUG org.apache.http.client.protocol.RequestAddCookies - CookieSpec selected: ignoreCookies
10:31:02.647 [main] DEBUG org.apache.http.client.protocol.RequestAuthCache - Auth cache not set in the context
10:31:02.647 [main] DEBUG org.apache.http.client.protocol.RequestTargetAuthentication - Target auth state: UNCHALLENGED
10:31:02.647 [main] DEBUG org.apache.http.client.protocol.RequestProxyAuthentication - Proxy auth state: UNCHALLENGED
10:31:02.647 [main] DEBUG org.apache.http.impl.client.DefaultHttpClient - Attempt 1 to execute request
10:31:02.647 [main] DEBUG org.apache.http.impl.conn.DefaultClientConnection - Sending request: GET /api/products/-13500 HTTP/1.1
10:31:02.647 [main] DEBUG org.apache.http.wire -  >> "GET /api/products/-13500 HTTP/1.1[\r][\n]"
10:31:02.647 [main] DEBUG org.apache.http.wire -  >> "Accept: */*[\r][\n]"
10:31:02.647 [main] DEBUG org.apache.http.wire -  >> "Host: altashop-api.fly.dev[\r][\n]"
10:31:02.647 [main] DEBUG org.apache.http.wire -  >> "Connection: Keep-Alive[\r][\n]"
10:31:02.647 [main] DEBUG org.apache.http.wire -  >> "User-Agent: Apache-HttpClient/4.5.13 (Java/15)[\r][\n]"
10:31:02.647 [main] DEBUG org.apache.http.wire -  >> "Accept-Encoding: gzip,deflate[\r][\n]"
10:31:02.647 [main] DEBUG org.apache.http.wire -  >> "[\r][\n]"
10:31:02.647 [main] DEBUG org.apache.http.headers - >> GET /api/products/-13500 HTTP/1.1
10:31:02.647 [main] DEBUG org.apache.http.headers - >> Accept: */*
10:31:02.647 [main] DEBUG org.apache.http.headers - >> Host: altashop-api.fly.dev
10:31:02.647 [main] DEBUG org.apache.http.headers - >> Connection: Keep-Alive
10:31:02.647 [main] DEBUG org.apache.http.headers - >> User-Agent: Apache-HttpClient/4.5.13 (Java/15)
10:31:02.647 [main] DEBUG org.apache.http.headers - >> Accept-Encoding: gzip,deflate
10:31:02.683 [main] DEBUG org.apache.http.wire -  << "HTTP/1.1 500 Internal Server Error[\r][\n]"
10:31:02.683 [main] DEBUG org.apache.http.wire -  << "content-type: application/json[\r][\n]"
10:31:02.683 [main] DEBUG org.apache.http.wire -  << "date: Sun, 07 May 2023 03:31:07 GMT[\r][\n]"
10:31:02.683 [main] DEBUG org.apache.http.wire -  << "content-encoding: gzip[\r][\n]"
10:31:02.683 [main] DEBUG org.apache.http.wire -  << "transfer-encoding: chunked[\r][\n]"
10:31:02.683 [main] DEBUG org.apache.http.wire -  << "server: Fly/3f2597ca (2023-05-03)[\r][\n]"
10:31:02.683 [main] DEBUG org.apache.http.wire -  << "via: 1.1 fly.io[\r][\n]"
10:31:02.683 [main] DEBUG org.apache.http.wire -  << "fly-request-id: 01GZT46PJZ4FC3K121VTJXP54Z-sin[\r][\n]"
10:31:02.683 [main] DEBUG org.apache.http.wire -  << "[\r][\n]"
10:31:02.683 [main] DEBUG org.apache.http.impl.conn.DefaultClientConnection - Receiving response: HTTP/1.1 500 Internal Server Error
10:31:02.683 [main] DEBUG org.apache.http.headers - << HTTP/1.1 500 Internal Server Error
10:31:02.683 [main] DEBUG org.apache.http.headers - << content-type: application/json
10:31:02.683 [main] DEBUG org.apache.http.headers - << date: Sun, 07 May 2023 03:31:07 GMT
10:31:02.683 [main] DEBUG org.apache.http.headers - << content-encoding: gzip
10:31:02.683 [main] DEBUG org.apache.http.headers - << transfer-encoding: chunked
10:31:02.683 [main] DEBUG org.apache.http.headers - << server: Fly/3f2597ca (2023-05-03)
10:31:02.683 [main] DEBUG org.apache.http.headers - << via: 1.1 fly.io
10:31:02.683 [main] DEBUG org.apache.http.headers - << fly-request-id: 01GZT46PJZ4FC3K121VTJXP54Z-sin
10:31:02.683 [main] DEBUG org.apache.http.impl.client.DefaultHttpClient - Connection can be kept alive indefinitely
10:31:02.683 [main] DEBUG io.restassured.internal.RestAssuredHttpBuilder - Parsing response as: application/json
10:31:02.683 [main] DEBUG org.apache.http.wire -  << "5C[\r][\n]"
10:31:02.683 [main] DEBUG org.apache.http.wire -  << "[0x1f][0x8b][0x8][0x0][0x0][0x0][0x0][0x0][0x4][0xff][0xab]VJ-*[0xca]/R[0xb2]R2[0xb4]01137110767[0xb0]45[0xb6]044S[0xc8],VH/JM,I-R([0xc9]H[0xcc]S[0xc8]M[0xac][0xc8][0xcc]-[0xcd]U(K[0xcc])MUH[0xcb]/R[0xf0][0xcc]+1Q[0xaa][0xe5][0x2][0x0][0x96][0x10][0xea]EH[0x0][0x0][0x0]"
10:31:02.683 [main] DEBUG org.apache.http.wire -  << "[\r][\n]"
10:31:02.684 [main] DEBUG org.apache.http.wire -  << "0[\r][\n]"
10:31:02.684 [main] DEBUG org.apache.http.wire -  << "[\r][\n]"
10:31:02.684 [main] DEBUG io.restassured.internal.RestAssuredHttpBuilder - Parsed data to instance of: class org.apache.http.conn.EofSensorInputStream
10:31:02.685 [main] DEBUG org.apache.http.impl.conn.BasicClientConnectionManager - Releasing connection org.apache.http.impl.conn.ManagedClientConnectionImpl@1d5958d3
10:31:02.685 [main] DEBUG org.apache.http.impl.conn.BasicClientConnectionManager - Connection can be kept alive indefinitely
10:31:02.685 [main] DEBUG net.thucydides.core.steps.StepInterceptor - STEP DONE: I send GET HTTP request product3
  &amp#27;[32mWhen &amp#27;[0m&amp#27;[32mI send GET HTTP request product3&amp#27;[0m               &amp#27;[90m# starter.stepdefinitions.ProductSteps.sendGetHttpRequestProduct3()&amp#27;[0m
10:31:02.689 [main] DEBUG net.thucydides.core.steps.StepInterceptor - STARTING STEP: ProductSteps.receiveValidHttp500Product - I receive valid HTTP response code 500 product
10:31:02.689 [main] DEBUG net.thucydides.core.steps.StepInterceptor - STEP DONE: I receive valid HTTP response code 500 product
  &amp#27;[32mThen &amp#27;[0m&amp#27;[32mI receive valid HTTP response code 500 product&amp#27;[0m &amp#27;[90m# starter.stepdefinitions.ProductSteps.receiveValidHttp500Product()&amp#27;[0m
10:31:02.691 [main] INFO  - 
  _____   ___   ___   _____     ___     _     ___   ___   ___   ___  
 |_   _| | __| / __| |_   _|   | _ \   /_\   / __| / __| | __| |   \ 
   | |   | _|  \__ \   | |     |  _/  / _ \  \__ \ \__ \ | _|  | |) |
   |_|   |___| |___/   |_|     |_|   /_/ \_\ |___/ |___/ |___| |___/ 

GET - Get product by invalid ID
----------------------------------------------------------------------
]]></system-out>
  </testcase>
  <testcase name="POST - Add new orders" classname="Order" time="0.145">
    <system-out><![CDATA[10:31:02.692 [main] DEBUG io.cucumber.core.plugin.SerenityReporter - Running feature from file:///C:/Users/WINDOWS%2010/Documents/GitHub/MiniProject_QE/API/minpro/src/test/resources/features/6.%20Order.feature
10:31:02.694 [main] DEBUG net.thucydides.core.steps.StepEventBus - Test suite started for story net.thucydides.core.model.Story@421cad1d
10:31:02.695 [main] INFO  - Test Suite Started: Order

Scenario: POST - Add new orders                     &amp#27;[90m# src/test/resources/features/6. Order.feature:7&amp#27;[0m
10:31:02.698 [main] DEBUG io.cucumber.core.plugin.SerenityReporter - Running feature from file:///C:/Users/WINDOWS%2010/Documents/GitHub/MiniProject_QE/API/minpro/src/test/resources/features/6.%20Order.feature
10:31:02.700 [main] INFO  - 
  _____   ___   ___   _____     ___   _____     _     ___   _____   ___   ___  
 |_   _| | __| / __| |_   _|   / __| |_   _|   /_\   | _ \ |_   _| | __| |   \ 
   | |   | _|  \__ \   | |     \__ \   | |    / _ \  |   /   | |   | _|  | |) |
   |_|   |___| |___/   |_|     |___/   |_|   /_/ \_\ |_|_\   |_|   |___| |___/ 

POST - Add new orders(order;post---add-new-orders)
--------------------------------------------------------------------------------
  &amp#27;[32mGiven &amp#27;[0m&amp#27;[32mI set POST api endpoints order&amp#27;[0m              &amp#27;[90m# starter.stepdefinitions.OrderSteps.setPostApiEndpointOrder()&amp#27;[0m
10:31:02.716 [main] DEBUG org.apache.http.impl.conn.BasicClientConnectionManager - Get connection for route {s}->https://altashop-api.fly.dev:443
10:31:02.716 [main] DEBUG org.apache.http.impl.conn.DefaultClientConnectionOperator - Connecting to altashop-api.fly.dev:443
10:31:02.793 [main] DEBUG org.apache.http.client.protocol.RequestAddCookies - CookieSpec selected: ignoreCookies
10:31:02.793 [main] DEBUG org.apache.http.client.protocol.RequestAuthCache - Auth cache not set in the context
10:31:02.793 [main] DEBUG org.apache.http.client.protocol.RequestProxyAuthentication - Proxy auth state: UNCHALLENGED
10:31:02.793 [main] DEBUG org.apache.http.impl.client.DefaultHttpClient - Attempt 1 to execute request
10:31:02.793 [main] DEBUG org.apache.http.impl.conn.DefaultClientConnection - Sending request: GET /api/orders HTTP/1.1
10:31:02.793 [main] DEBUG org.apache.http.wire -  >> "GET /api/orders HTTP/1.1[\r][\n]"
10:31:02.793 [main] DEBUG org.apache.http.wire -  >> "Authorization: Bearer eyJhbGciOiJIUzI1NiIsInR5cCI6IkpXVCJ9.eyJGdWxsbmFtZSI6IkFkaXR5YSBOdWdyYWhhIiwiRW1haWwiOiJhZGl0QGdtYWlsLmNvbSJ9.VM2lARkmmliu1pWtk1uhb8z5fGaElvH1jIoYM72Te3g[\r][\n]"
10:31:02.793 [main] DEBUG org.apache.http.wire -  >> "Accept: */*[\r][\n]"
10:31:02.793 [main] DEBUG org.apache.http.wire -  >> "Host: altashop-api.fly.dev[\r][\n]"
10:31:02.793 [main] DEBUG org.apache.http.wire -  >> "Connection: Keep-Alive[\r][\n]"
10:31:02.793 [main] DEBUG org.apache.http.wire -  >> "User-Agent: Apache-HttpClient/4.5.13 (Java/15)[\r][\n]"
10:31:02.793 [main] DEBUG org.apache.http.wire -  >> "Accept-Encoding: gzip,deflate[\r][\n]"
10:31:02.793 [main] DEBUG org.apache.http.wire -  >> "[\r][\n]"
10:31:02.793 [main] DEBUG org.apache.http.headers - >> GET /api/orders HTTP/1.1
10:31:02.794 [main] DEBUG org.apache.http.headers - >> Authorization: Bearer eyJhbGciOiJIUzI1NiIsInR5cCI6IkpXVCJ9.eyJGdWxsbmFtZSI6IkFkaXR5YSBOdWdyYWhhIiwiRW1haWwiOiJhZGl0QGdtYWlsLmNvbSJ9.VM2lARkmmliu1pWtk1uhb8z5fGaElvH1jIoYM72Te3g
10:31:02.794 [main] DEBUG org.apache.http.headers - >> Accept: */*
10:31:02.794 [main] DEBUG org.apache.http.headers - >> Host: altashop-api.fly.dev
10:31:02.794 [main] DEBUG org.apache.http.headers - >> Connection: Keep-Alive
10:31:02.794 [main] DEBUG org.apache.http.headers - >> User-Agent: Apache-HttpClient/4.5.13 (Java/15)
10:31:02.794 [main] DEBUG org.apache.http.headers - >> Accept-Encoding: gzip,deflate
10:31:02.833 [main] DEBUG org.apache.http.wire -  << "HTTP/1.1 200 OK[\r][\n]"
10:31:02.833 [main] DEBUG org.apache.http.wire -  << "content-type: application/json[\r][\n]"
10:31:02.833 [main] DEBUG org.apache.http.wire -  << "date: Sun, 07 May 2023 03:31:07 GMT[\r][\n]"
10:31:02.833 [main] DEBUG org.apache.http.wire -  << "content-encoding: gzip[\r][\n]"
10:31:02.833 [main] DEBUG org.apache.http.wire -  << "transfer-encoding: chunked[\r][\n]"
10:31:02.833 [main] DEBUG org.apache.http.wire -  << "server: Fly/3f2597ca (2023-05-03)[\r][\n]"
10:31:02.833 [main] DEBUG org.apache.http.wire -  << "via: 1.1 fly.io[\r][\n]"
10:31:02.833 [main] DEBUG org.apache.http.wire -  << "fly-request-id: 01GZT46PQKPV3SXAZXHFFVQ3Z5-sin[\r][\n]"
10:31:02.833 [main] DEBUG org.apache.http.wire -  << "[\r][\n]"
10:31:02.833 [main] DEBUG org.apache.http.impl.conn.DefaultClientConnection - Receiving response: HTTP/1.1 200 OK
10:31:02.834 [main] DEBUG org.apache.http.headers - << HTTP/1.1 200 OK
10:31:02.834 [main] DEBUG org.apache.http.headers - << content-type: application/json
10:31:02.834 [main] DEBUG org.apache.http.headers - << date: Sun, 07 May 2023 03:31:07 GMT
10:31:02.834 [main] DEBUG org.apache.http.headers - << content-encoding: gzip
10:31:02.834 [main] DEBUG org.apache.http.headers - << transfer-encoding: chunked
10:31:02.834 [main] DEBUG org.apache.http.headers - << server: Fly/3f2597ca (2023-05-03)
10:31:02.834 [main] DEBUG org.apache.http.headers - << via: 1.1 fly.io
10:31:02.834 [main] DEBUG org.apache.http.headers - << fly-request-id: 01GZT46PQKPV3SXAZXHFFVQ3Z5-sin
10:31:02.834 [main] DEBUG org.apache.http.impl.client.DefaultHttpClient - Connection can be kept alive indefinitely
10:31:02.834 [main] DEBUG io.restassured.internal.RestAssuredHttpBuilder - Parsing response as: application/json
10:31:02.834 [main] DEBUG org.apache.http.wire -  << "20[\r][\n]"
10:31:02.834 [main] DEBUG org.apache.http.wire -  << "[0x1f][0x8b][0x8][0x0][0x0][0x0][0x0][0x0][0x4][0xff][0xab]VJI,IT[0xb2][0x8a][0x8e][0xad][0xe5][0x2][0x0][0xaa][0xe3][0xeb][0xc5][0xc][0x0][0x0][0x0]"
10:31:02.834 [main] DEBUG org.apache.http.wire -  << "[\r][\n]"
10:31:02.834 [main] DEBUG org.apache.http.wire -  << "0[\r][\n]"
10:31:02.834 [main] DEBUG org.apache.http.wire -  << "[\r][\n]"
10:31:02.834 [main] DEBUG io.restassured.internal.RestAssuredHttpBuilder - Parsed data to instance of: class org.apache.http.conn.EofSensorInputStream
10:31:02.835 [main] DEBUG org.apache.http.impl.conn.BasicClientConnectionManager - Releasing connection org.apache.http.impl.conn.ManagedClientConnectionImpl@3df681cc
10:31:02.835 [main] DEBUG org.apache.http.impl.conn.BasicClientConnectionManager - Connection can be kept alive indefinitely
  &amp#27;[32mWhen &amp#27;[0m&amp#27;[32mI send POST HTTP request order&amp#27;[0m               &amp#27;[90m# starter.stepdefinitions.OrderSteps.sentPostHttpRequestOrder()&amp#27;[0m
  &amp#27;[32mThen &amp#27;[0m&amp#27;[32mI receive valid HTTP response code 200 order&amp#27;[0m &amp#27;[90m# starter.stepdefinitions.OrderSteps.receiveValidHttp200Order()&amp#27;[0m
10:31:02.839 [main] INFO  - 
  _____   ___   ___   _____     ___     _     ___   ___   ___   ___  
 |_   _| | __| / __| |_   _|   | _ \   /_\   / __| / __| | __| |   \ 
   | |   | _|  \__ \   | |     |  _/  / _ \  \__ \ \__ \ | _|  | |) |
   |_|   |___| |___/   |_|     |_|   /_/ \_\ |___/ |___/ |___| |___/ 

POST - Add new orders
----------------------------------------------------------------------
]]></system-out>
  </testcase>
  <testcase name="GET - Get all order" classname="Order" time="0.143">
    <system-out><![CDATA[
Scenario: GET - Get all order                       &amp#27;[90m# src/test/resources/features/6. Order.feature:12&amp#27;[0m
10:31:02.843 [main] DEBUG io.cucumber.core.plugin.SerenityReporter - Running feature from file:///C:/Users/WINDOWS%2010/Documents/GitHub/MiniProject_QE/API/minpro/src/test/resources/features/6.%20Order.feature
10:31:02.845 [main] INFO  - 
  _____   ___   ___   _____     ___   _____     _     ___   _____   ___   ___  
 |_   _| | __| / __| |_   _|   / __| |_   _|   /_\   | _ \ |_   _| | __| |   \ 
   | |   | _|  \__ \   | |     \__ \   | |    / _ \  |   /   | |   | _|  | |) |
   |_|   |___| |___/   |_|     |___/   |_|   /_/ \_\ |_|_\   |_|   |___| |___/ 

GET - Get all order(order;get---get-all-order)
--------------------------------------------------------------------------------
  &amp#27;[32mGiven &amp#27;[0m&amp#27;[32mI set GET api endpoints order&amp#27;[0m               &amp#27;[90m# starter.stepdefinitions.OrderSteps.setGetApiEndpointOrder()&amp#27;[0m
10:31:02.859 [main] DEBUG org.apache.http.impl.conn.BasicClientConnectionManager - Get connection for route {s}->https://altashop-api.fly.dev:443
10:31:02.859 [main] DEBUG org.apache.http.impl.conn.DefaultClientConnectionOperator - Connecting to altashop-api.fly.dev:443
10:31:02.937 [main] DEBUG org.apache.http.client.protocol.RequestAddCookies - CookieSpec selected: ignoreCookies
10:31:02.937 [main] DEBUG org.apache.http.client.protocol.RequestAuthCache - Auth cache not set in the context
10:31:02.937 [main] DEBUG org.apache.http.client.protocol.RequestProxyAuthentication - Proxy auth state: UNCHALLENGED
10:31:02.937 [main] DEBUG org.apache.http.impl.client.DefaultHttpClient - Attempt 1 to execute request
10:31:02.937 [main] DEBUG org.apache.http.impl.conn.DefaultClientConnection - Sending request: GET /api/orders HTTP/1.1
10:31:02.937 [main] DEBUG org.apache.http.wire -  >> "GET /api/orders HTTP/1.1[\r][\n]"
10:31:02.937 [main] DEBUG org.apache.http.wire -  >> "Authorization: Bearer eyJhbGciOiJIUzI1NiIsInR5cCI6IkpXVCJ9.eyJGdWxsbmFtZSI6IkFkaXR5YSBOdWdyYWhhIiwiRW1haWwiOiJhZGl0QGdtYWlsLmNvbSJ9.VM2lARkmmliu1pWtk1uhb8z5fGaElvH1jIoYM72Te3g[\r][\n]"
10:31:02.937 [main] DEBUG org.apache.http.wire -  >> "Accept: */*[\r][\n]"
10:31:02.937 [main] DEBUG org.apache.http.wire -  >> "Host: altashop-api.fly.dev[\r][\n]"
10:31:02.937 [main] DEBUG org.apache.http.wire -  >> "Connection: Keep-Alive[\r][\n]"
10:31:02.937 [main] DEBUG org.apache.http.wire -  >> "User-Agent: Apache-HttpClient/4.5.13 (Java/15)[\r][\n]"
10:31:02.937 [main] DEBUG org.apache.http.wire -  >> "Accept-Encoding: gzip,deflate[\r][\n]"
10:31:02.937 [main] DEBUG org.apache.http.wire -  >> "[\r][\n]"
10:31:02.937 [main] DEBUG org.apache.http.headers - >> GET /api/orders HTTP/1.1
10:31:02.937 [main] DEBUG org.apache.http.headers - >> Authorization: Bearer eyJhbGciOiJIUzI1NiIsInR5cCI6IkpXVCJ9.eyJGdWxsbmFtZSI6IkFkaXR5YSBOdWdyYWhhIiwiRW1haWwiOiJhZGl0QGdtYWlsLmNvbSJ9.VM2lARkmmliu1pWtk1uhb8z5fGaElvH1jIoYM72Te3g
10:31:02.937 [main] DEBUG org.apache.http.headers - >> Accept: */*
10:31:02.937 [main] DEBUG org.apache.http.headers - >> Host: altashop-api.fly.dev
10:31:02.937 [main] DEBUG org.apache.http.headers - >> Connection: Keep-Alive
10:31:02.937 [main] DEBUG org.apache.http.headers - >> User-Agent: Apache-HttpClient/4.5.13 (Java/15)
10:31:02.937 [main] DEBUG org.apache.http.headers - >> Accept-Encoding: gzip,deflate
10:31:02.977 [main] DEBUG org.apache.http.wire -  << "HTTP/1.1 200 OK[\r][\n]"
10:31:02.977 [main] DEBUG org.apache.http.wire -  << "content-type: application/json[\r][\n]"
10:31:02.977 [main] DEBUG org.apache.http.wire -  << "date: Sun, 07 May 2023 03:31:07 GMT[\r][\n]"
10:31:02.977 [main] DEBUG org.apache.http.wire -  << "content-encoding: gzip[\r][\n]"
10:31:02.977 [main] DEBUG org.apache.http.wire -  << "transfer-encoding: chunked[\r][\n]"
10:31:02.977 [main] DEBUG org.apache.http.wire -  << "server: Fly/3f2597ca (2023-05-03)[\r][\n]"
10:31:02.977 [main] DEBUG org.apache.http.wire -  << "via: 1.1 fly.io[\r][\n]"
10:31:02.977 [main] DEBUG org.apache.http.wire -  << "fly-request-id: 01GZT46PW0PT7NQN29FX3HAE69-sin[\r][\n]"
10:31:02.977 [main] DEBUG org.apache.http.wire -  << "[\r][\n]"
10:31:02.977 [main] DEBUG org.apache.http.impl.conn.DefaultClientConnection - Receiving response: HTTP/1.1 200 OK
10:31:02.977 [main] DEBUG org.apache.http.headers - << HTTP/1.1 200 OK
10:31:02.977 [main] DEBUG org.apache.http.headers - << content-type: application/json
10:31:02.977 [main] DEBUG org.apache.http.headers - << date: Sun, 07 May 2023 03:31:07 GMT
10:31:02.977 [main] DEBUG org.apache.http.headers - << content-encoding: gzip
10:31:02.977 [main] DEBUG org.apache.http.headers - << transfer-encoding: chunked
10:31:02.977 [main] DEBUG org.apache.http.headers - << server: Fly/3f2597ca (2023-05-03)
10:31:02.977 [main] DEBUG org.apache.http.headers - << via: 1.1 fly.io
10:31:02.977 [main] DEBUG org.apache.http.headers - << fly-request-id: 01GZT46PW0PT7NQN29FX3HAE69-sin
10:31:02.977 [main] DEBUG org.apache.http.impl.client.DefaultHttpClient - Connection can be kept alive indefinitely
10:31:02.978 [main] DEBUG io.restassured.internal.RestAssuredHttpBuilder - Parsing response as: application/json
10:31:02.978 [main] DEBUG org.apache.http.wire -  << "20[\r][\n]"
10:31:02.978 [main] DEBUG org.apache.http.wire -  << "[0x1f][0x8b][0x8][0x0][0x0][0x0][0x0][0x0][0x4][0xff][0xab]VJI,IT[0xb2][0x8a][0x8e][0xad][0xe5][0x2][0x0][0xaa][0xe3][0xeb][0xc5][0xc][0x0][0x0][0x0]"
10:31:02.978 [main] DEBUG org.apache.http.wire -  << "[\r][\n]"
10:31:02.978 [main] DEBUG org.apache.http.wire -  << "0[\r][\n]"
10:31:02.978 [main] DEBUG org.apache.http.wire -  << "[\r][\n]"
10:31:02.978 [main] DEBUG io.restassured.internal.RestAssuredHttpBuilder - Parsed data to instance of: class org.apache.http.conn.EofSensorInputStream
10:31:02.979 [main] DEBUG org.apache.http.impl.conn.BasicClientConnectionManager - Releasing connection org.apache.http.impl.conn.ManagedClientConnectionImpl@553d828a
10:31:02.979 [main] DEBUG org.apache.http.impl.conn.BasicClientConnectionManager - Connection can be kept alive indefinitely
  &amp#27;[32mWhen &amp#27;[0m&amp#27;[32mI send GET HTTP request order&amp#27;[0m                &amp#27;[90m# starter.stepdefinitions.OrderSteps.sendGetHttpRequestOrder()&amp#27;[0m
  &amp#27;[32mThen &amp#27;[0m&amp#27;[32mI receive valid HTTP response code 200 order&amp#27;[0m &amp#27;[90m# starter.stepdefinitions.OrderSteps.receiveValidHttp200Order()&amp#27;[0m
10:31:02.982 [main] INFO  - 
  _____   ___   ___   _____     ___     _     ___   ___   ___   ___  
 |_   _| | __| / __| |_   _|   | _ \   /_\   / __| / __| | __| |   \ 
   | |   | _|  \__ \   | |     |  _/  / _ \  \__ \ \__ \ | _|  | |) |
   |_|   |___| |___/   |_|     |_|   /_/ \_\ |___/ |___/ |___| |___/ 

GET - Get all order
----------------------------------------------------------------------
]]></system-out>
  </testcase>
  <testcase name="GET - Get all order without login" classname="Order" time="0.139">
    <system-out><![CDATA[
Scenario: GET - Get all order without login         &amp#27;[90m# src/test/resources/features/6. Order.feature:17&amp#27;[0m
10:31:02.986 [main] DEBUG io.cucumber.core.plugin.SerenityReporter - Running feature from file:///C:/Users/WINDOWS%2010/Documents/GitHub/MiniProject_QE/API/minpro/src/test/resources/features/6.%20Order.feature
10:31:02.988 [main] INFO  - 
  _____   ___   ___   _____     ___   _____     _     ___   _____   ___   ___  
 |_   _| | __| / __| |_   _|   / __| |_   _|   /_\   | _ \ |_   _| | __| |   \ 
   | |   | _|  \__ \   | |     \__ \   | |    / _ \  |   /   | |   | _|  | |) |
   |_|   |___| |___/   |_|     |___/   |_|   /_/ \_\ |_|_\   |_|   |___| |___/ 

GET - Get all order without login(order;get---get-all-order-without-login)
--------------------------------------------------------------------------------
  &amp#27;[32mGiven &amp#27;[0m&amp#27;[32mI set GET api endpoints order&amp#27;[0m               &amp#27;[90m# starter.stepdefinitions.OrderSteps.setGetApiEndpointOrder()&amp#27;[0m
10:31:03.003 [main] DEBUG org.apache.http.impl.conn.BasicClientConnectionManager - Get connection for route {s}->https://altashop-api.fly.dev:443
10:31:03.003 [main] DEBUG org.apache.http.impl.conn.DefaultClientConnectionOperator - Connecting to altashop-api.fly.dev:443
10:31:03.078 [main] DEBUG org.apache.http.client.protocol.RequestAddCookies - CookieSpec selected: ignoreCookies
10:31:03.078 [main] DEBUG org.apache.http.client.protocol.RequestAuthCache - Auth cache not set in the context
10:31:03.078 [main] DEBUG org.apache.http.client.protocol.RequestTargetAuthentication - Target auth state: UNCHALLENGED
10:31:03.078 [main] DEBUG org.apache.http.client.protocol.RequestProxyAuthentication - Proxy auth state: UNCHALLENGED
10:31:03.078 [main] DEBUG org.apache.http.impl.client.DefaultHttpClient - Attempt 1 to execute request
10:31:03.078 [main] DEBUG org.apache.http.impl.conn.DefaultClientConnection - Sending request: GET /api/orders HTTP/1.1
10:31:03.078 [main] DEBUG org.apache.http.wire -  >> "GET /api/orders HTTP/1.1[\r][\n]"
10:31:03.078 [main] DEBUG org.apache.http.wire -  >> "Accept: */*[\r][\n]"
10:31:03.078 [main] DEBUG org.apache.http.wire -  >> "Host: altashop-api.fly.dev[\r][\n]"
10:31:03.078 [main] DEBUG org.apache.http.wire -  >> "Connection: Keep-Alive[\r][\n]"
10:31:03.078 [main] DEBUG org.apache.http.wire -  >> "User-Agent: Apache-HttpClient/4.5.13 (Java/15)[\r][\n]"
10:31:03.078 [main] DEBUG org.apache.http.wire -  >> "Accept-Encoding: gzip,deflate[\r][\n]"
10:31:03.078 [main] DEBUG org.apache.http.wire -  >> "[\r][\n]"
10:31:03.078 [main] DEBUG org.apache.http.headers - >> GET /api/orders HTTP/1.1
10:31:03.078 [main] DEBUG org.apache.http.headers - >> Accept: */*
10:31:03.078 [main] DEBUG org.apache.http.headers - >> Host: altashop-api.fly.dev
10:31:03.078 [main] DEBUG org.apache.http.headers - >> Connection: Keep-Alive
10:31:03.078 [main] DEBUG org.apache.http.headers - >> User-Agent: Apache-HttpClient/4.5.13 (Java/15)
10:31:03.078 [main] DEBUG org.apache.http.headers - >> Accept-Encoding: gzip,deflate
10:31:03.113 [main] DEBUG org.apache.http.wire -  << "HTTP/1.1 401 Unauthorized[\r][\n]"
10:31:03.113 [main] DEBUG org.apache.http.wire -  << "content-type: application/json[\r][\n]"
10:31:03.113 [main] DEBUG org.apache.http.wire -  << "date: Sun, 07 May 2023 03:31:07 GMT[\r][\n]"
10:31:03.113 [main] DEBUG org.apache.http.wire -  << "content-encoding: gzip[\r][\n]"
10:31:03.113 [main] DEBUG org.apache.http.wire -  << "transfer-encoding: chunked[\r][\n]"
10:31:03.113 [main] DEBUG org.apache.http.wire -  << "server: Fly/3f2597ca (2023-05-03)[\r][\n]"
10:31:03.113 [main] DEBUG org.apache.http.wire -  << "via: 1.1 fly.io[\r][\n]"
10:31:03.113 [main] DEBUG org.apache.http.wire -  << "fly-request-id: 01GZT46Q0DB022P0TJSG819C3T-sin[\r][\n]"
10:31:03.113 [main] DEBUG org.apache.http.wire -  << "[\r][\n]"
10:31:03.113 [main] DEBUG org.apache.http.impl.conn.DefaultClientConnection - Receiving response: HTTP/1.1 401 Unauthorized
10:31:03.113 [main] DEBUG org.apache.http.headers - << HTTP/1.1 401 Unauthorized
10:31:03.113 [main] DEBUG org.apache.http.headers - << content-type: application/json
10:31:03.113 [main] DEBUG org.apache.http.headers - << date: Sun, 07 May 2023 03:31:07 GMT
10:31:03.113 [main] DEBUG org.apache.http.headers - << content-encoding: gzip
10:31:03.113 [main] DEBUG org.apache.http.headers - << transfer-encoding: chunked
10:31:03.113 [main] DEBUG org.apache.http.headers - << server: Fly/3f2597ca (2023-05-03)
10:31:03.113 [main] DEBUG org.apache.http.headers - << via: 1.1 fly.io
10:31:03.113 [main] DEBUG org.apache.http.headers - << fly-request-id: 01GZT46Q0DB022P0TJSG819C3T-sin
10:31:03.113 [main] DEBUG org.apache.http.impl.client.DefaultHttpClient - Connection can be kept alive indefinitely
10:31:03.113 [main] DEBUG org.apache.http.impl.client.DefaultHttpClient - Authentication required
10:31:03.113 [main] DEBUG org.apache.http.impl.client.DefaultHttpClient - altashop-api.fly.dev:443 requested authentication
10:31:03.113 [main] DEBUG org.apache.http.impl.client.DefaultHttpClient - Response contains no authentication challenges
10:31:03.113 [main] DEBUG io.restassured.internal.RestAssuredHttpBuilder - Parsing response as: application/json
10:31:03.113 [main] DEBUG org.apache.http.wire -  << "2D[\r][\n]"
10:31:03.113 [main] DEBUG org.apache.http.wire -  << "[0x1f][0x8b][0x8][0x0][0x0][0x0][0x0][0x0][0x4][0xff][0xab]VJ-*[0xca]/R[0xb2]R*[0xcd]K,-[0xc9][0xc8]/[0xca][0xac]JMQ[0xaa][0xe5][0x2][0x0]@[0x17]da[0x19][0x0][0x0][0x0]"
10:31:03.113 [main] DEBUG org.apache.http.wire -  << "[\r][\n]"
10:31:03.114 [main] DEBUG org.apache.http.wire -  << "0[\r][\n]"
10:31:03.114 [main] DEBUG org.apache.http.wire -  << "[\r][\n]"
10:31:03.114 [main] DEBUG io.restassured.internal.RestAssuredHttpBuilder - Parsed data to instance of: class org.apache.http.conn.EofSensorInputStream
10:31:03.115 [main] DEBUG org.apache.http.impl.conn.BasicClientConnectionManager - Releasing connection org.apache.http.impl.conn.ManagedClientConnectionImpl@5039c2cf
10:31:03.115 [main] DEBUG org.apache.http.impl.conn.BasicClientConnectionManager - Connection can be kept alive indefinitely
  &amp#27;[32mWhen &amp#27;[0m&amp#27;[32mI send GET HTTP request order2&amp#27;[0m               &amp#27;[90m# starter.stepdefinitions.OrderSteps.sendGetHttpRequestOrder2()&amp#27;[0m
  &amp#27;[32mThen &amp#27;[0m&amp#27;[32mI receive valid HTTP response code 401 order&amp#27;[0m &amp#27;[90m# starter.stepdefinitions.OrderSteps.receiveValidHttp401Order()&amp#27;[0m
10:31:03.120 [main] INFO  - 
  _____   ___   ___   _____     ___     _     ___   ___   ___   ___  
 |_   _| | __| / __| |_   _|   | _ \   /_\   / __| / __| | __| |   \ 
   | |   | _|  \__ \   | |     |  _/  / _ \  \__ \ \__ \ | _|  | |) |
   |_|   |___| |___/   |_|     |_|   /_/ \_\ |___/ |___/ |___| |___/ 

GET - Get all order without login
----------------------------------------------------------------------
]]></system-out>
  </testcase>
  <testcase name="POST - Give product rating" classname="Rating" time="0.16">
    <system-out><![CDATA[10:31:03.122 [main] DEBUG io.cucumber.core.plugin.SerenityReporter - Running feature from file:///C:/Users/WINDOWS%2010/Documents/GitHub/MiniProject_QE/API/minpro/src/test/resources/features/7.%20Rating.feature
10:31:03.125 [main] DEBUG net.thucydides.core.steps.StepEventBus - Test suite started for story net.thucydides.core.model.Story@a2cc97b4
10:31:03.126 [main] INFO  - Test Suite Started: Rating

Scenario: POST - Give product rating                 &amp#27;[90m# src/test/resources/features/7. Rating.feature:7&amp#27;[0m
10:31:03.130 [main] DEBUG io.cucumber.core.plugin.SerenityReporter - Running feature from file:///C:/Users/WINDOWS%2010/Documents/GitHub/MiniProject_QE/API/minpro/src/test/resources/features/7.%20Rating.feature
10:31:03.133 [main] INFO  - 
  _____   ___   ___   _____     ___   _____     _     ___   _____   ___   ___  
 |_   _| | __| / __| |_   _|   / __| |_   _|   /_\   | _ \ |_   _| | __| |   \ 
   | |   | _|  \__ \   | |     \__ \   | |    / _ \  |   /   | |   | _|  | |) |
   |_|   |___| |___/   |_|     |___/   |_|   /_/ \_\ |_|_\   |_|   |___| |___/ 

POST - Give product rating(rating;post---give-product-rating)
--------------------------------------------------------------------------------
10:31:03.147 [main] DEBUG net.thucydides.core.steps.StepInterceptor - STARTING STEP: RatingSteps.setPostApiEndpointRating - I set POST api endpoints rating
10:31:03.147 [main] DEBUG net.thucydides.core.steps.StepInterceptor - STEP DONE: I set POST api endpoints rating
  &amp#27;[32mGiven &amp#27;[0m&amp#27;[32mI set POST api endpoints rating&amp#27;[0m              &amp#27;[90m# starter.stepdefinitions.RatingSteps.setPostApiEndpointRating()&amp#27;[0m
10:31:03.150 [main] DEBUG net.thucydides.core.steps.StepInterceptor - STARTING STEP: RatingSteps.sentPostHttpRequestRating - I send POST HTTP request rating
10:31:03.151 [main] DEBUG net.thucydides.core.steps.StepInterceptor - STARTING STEP: Rating.sendPostHTTPRequestRating - I set POST api endpoints rating
10:31:03.151 [main] DEBUG net.thucydides.core.steps.StepInterceptor - STEP DONE: I set POST api endpoints rating
10:31:03.162 [main] DEBUG org.apache.http.impl.conn.BasicClientConnectionManager - Get connection for route {s}->https://altashop-api.fly.dev:443
10:31:03.162 [main] DEBUG org.apache.http.impl.conn.DefaultClientConnectionOperator - Connecting to altashop-api.fly.dev:443
10:31:03.235 [main] DEBUG org.apache.http.client.protocol.RequestAddCookies - CookieSpec selected: ignoreCookies
10:31:03.235 [main] DEBUG org.apache.http.client.protocol.RequestAuthCache - Auth cache not set in the context
10:31:03.235 [main] DEBUG org.apache.http.client.protocol.RequestProxyAuthentication - Proxy auth state: UNCHALLENGED
10:31:03.235 [main] DEBUG org.apache.http.impl.client.DefaultHttpClient - Attempt 1 to execute request
10:31:03.235 [main] DEBUG org.apache.http.impl.conn.DefaultClientConnection - Sending request: POST /api/products/13500/ratings HTTP/1.1
10:31:03.235 [main] DEBUG org.apache.http.wire -  >> "POST /api/products/13500/ratings HTTP/1.1[\r][\n]"
10:31:03.235 [main] DEBUG org.apache.http.wire -  >> "Authorization: Bearer eyJhbGciOiJIUzI1NiIsInR5cCI6IkpXVCJ9.eyJGdWxsbmFtZSI6IkFkaXR5YSBOdWdyYWhhIiwiRW1haWwiOiJhZGl0QGdtYWlsLmNvbSJ9.VM2lARkmmliu1pWtk1uhb8z5fGaElvH1jIoYM72Te3g[\r][\n]"
10:31:03.235 [main] DEBUG org.apache.http.wire -  >> "Accept: */*[\r][\n]"
10:31:03.235 [main] DEBUG org.apache.http.wire -  >> "Content-Type: text/plain; charset=ISO-8859-1[\r][\n]"
10:31:03.235 [main] DEBUG org.apache.http.wire -  >> "Content-Length: 11[\r][\n]"
10:31:03.235 [main] DEBUG org.apache.http.wire -  >> "Host: altashop-api.fly.dev[\r][\n]"
10:31:03.235 [main] DEBUG org.apache.http.wire -  >> "Connection: Keep-Alive[\r][\n]"
10:31:03.235 [main] DEBUG org.apache.http.wire -  >> "User-Agent: Apache-HttpClient/4.5.13 (Java/15)[\r][\n]"
10:31:03.235 [main] DEBUG org.apache.http.wire -  >> "Accept-Encoding: gzip,deflate[\r][\n]"
10:31:03.235 [main] DEBUG org.apache.http.wire -  >> "[\r][\n]"
10:31:03.235 [main] DEBUG org.apache.http.headers - >> POST /api/products/13500/ratings HTTP/1.1
10:31:03.235 [main] DEBUG org.apache.http.headers - >> Authorization: Bearer eyJhbGciOiJIUzI1NiIsInR5cCI6IkpXVCJ9.eyJGdWxsbmFtZSI6IkFkaXR5YSBOdWdyYWhhIiwiRW1haWwiOiJhZGl0QGdtYWlsLmNvbSJ9.VM2lARkmmliu1pWtk1uhb8z5fGaElvH1jIoYM72Te3g
10:31:03.235 [main] DEBUG org.apache.http.headers - >> Accept: */*
10:31:03.235 [main] DEBUG org.apache.http.headers - >> Content-Type: text/plain; charset=ISO-8859-1
10:31:03.235 [main] DEBUG org.apache.http.headers - >> Content-Length: 11
10:31:03.235 [main] DEBUG org.apache.http.headers - >> Host: altashop-api.fly.dev
10:31:03.235 [main] DEBUG org.apache.http.headers - >> Connection: Keep-Alive
10:31:03.235 [main] DEBUG org.apache.http.headers - >> User-Agent: Apache-HttpClient/4.5.13 (Java/15)
10:31:03.235 [main] DEBUG org.apache.http.headers - >> Accept-Encoding: gzip,deflate
10:31:03.235 [main] DEBUG org.apache.http.wire -  >> "{"count":5}"
10:31:03.280 [main] DEBUG org.apache.http.wire -  << "HTTP/1.1 200 OK[\r][\n]"
10:31:03.280 [main] DEBUG org.apache.http.wire -  << "content-type: application/json[\r][\n]"
10:31:03.280 [main] DEBUG org.apache.http.wire -  << "date: Sun, 07 May 2023 03:31:08 GMT[\r][\n]"
10:31:03.280 [main] DEBUG org.apache.http.wire -  << "content-encoding: gzip[\r][\n]"
10:31:03.280 [main] DEBUG org.apache.http.wire -  << "transfer-encoding: chunked[\r][\n]"
10:31:03.280 [main] DEBUG org.apache.http.wire -  << "server: Fly/3f2597ca (2023-05-03)[\r][\n]"
10:31:03.280 [main] DEBUG org.apache.http.wire -  << "via: 1.1 fly.io[\r][\n]"
10:31:03.280 [main] DEBUG org.apache.http.wire -  << "fly-request-id: 01GZT46Q593R880D9SRPVAX6VP-sin[\r][\n]"
10:31:03.280 [main] DEBUG org.apache.http.wire -  << "[\r][\n]"
10:31:03.280 [main] DEBUG org.apache.http.impl.conn.DefaultClientConnection - Receiving response: HTTP/1.1 200 OK
10:31:03.280 [main] DEBUG org.apache.http.headers - << HTTP/1.1 200 OK
10:31:03.280 [main] DEBUG org.apache.http.headers - << content-type: application/json
10:31:03.280 [main] DEBUG org.apache.http.headers - << date: Sun, 07 May 2023 03:31:08 GMT
10:31:03.280 [main] DEBUG org.apache.http.headers - << content-encoding: gzip
10:31:03.280 [main] DEBUG org.apache.http.headers - << transfer-encoding: chunked
10:31:03.280 [main] DEBUG org.apache.http.headers - << server: Fly/3f2597ca (2023-05-03)
10:31:03.280 [main] DEBUG org.apache.http.headers - << via: 1.1 fly.io
10:31:03.280 [main] DEBUG org.apache.http.headers - << fly-request-id: 01GZT46Q593R880D9SRPVAX6VP-sin
10:31:03.280 [main] DEBUG org.apache.http.impl.client.DefaultHttpClient - Connection can be kept alive indefinitely
10:31:03.280 [main] DEBUG io.restassured.internal.RestAssuredHttpBuilder - Parsing response as: application/json
10:31:03.280 [main] DEBUG org.apache.http.wire -  << "94[\r][\n]"
10:31:03.280 [main] DEBUG org.apache.http.wire -  << "[0x1f][0x8b][0x8][0x0][0x0][0x0][0x0][0x0][0x4][0xff][0xab]VJI,IT[0xb2][0xaa]V[0xf2]tQ[0xb2]24650[0xd0]Q[0xf2]K[0xcc]MU[0xb2]R[0x8a]p[0xf2][0x8f]0T[0xd2]QrI-N.[0xca],([0xc9][0xcc][0xcf]S[0xb2]RR[0xd2]Q[\n]"
10:31:03.280 [main] DEBUG org.apache.http.wire -  << "([0xca]LNU[0xb2]2[0xb1][0xb4][0xd4]Q[\n]"
10:31:03.280 [main] DEBUG org.apache.http.wire -  << "J,[0xc9][0xcc]K/V[0xb2]2[0xd5]QrN,IM[0xcf]/[0xca]L-V[0xb2][0x8a][0x86][0x9a]hdjb[0x8]7[0xd1]=173/[0x1d][0xc3]H[0xb7][0xfc]"[0x85]t[0xb0][0x94]BAiQA~qj[0xb1]Rmlm-[0x17][0x0][0xf1]sX[0xfa][0x9e][0x0][0x0][0x0]"
10:31:03.280 [main] DEBUG org.apache.http.wire -  << "[\r][\n]"
10:31:03.280 [main] DEBUG org.apache.http.wire -  << "0[\r][\n]"
10:31:03.280 [main] DEBUG org.apache.http.wire -  << "[\r][\n]"
10:31:03.280 [main] DEBUG io.restassured.internal.RestAssuredHttpBuilder - Parsed data to instance of: class org.apache.http.conn.EofSensorInputStream
10:31:03.281 [main] DEBUG org.apache.http.impl.conn.BasicClientConnectionManager - Releasing connection org.apache.http.impl.conn.ManagedClientConnectionImpl@3da6950f
10:31:03.281 [main] DEBUG org.apache.http.impl.conn.BasicClientConnectionManager - Connection can be kept alive indefinitely
10:31:03.281 [main] DEBUG net.thucydides.core.steps.StepInterceptor - STEP DONE: I send POST HTTP request rating
  &amp#27;[32mWhen &amp#27;[0m&amp#27;[32mI send POST HTTP request rating&amp#27;[0m               &amp#27;[90m# starter.stepdefinitions.RatingSteps.sentPostHttpRequestRating()&amp#27;[0m
10:31:03.284 [main] DEBUG net.thucydides.core.steps.StepInterceptor - STARTING STEP: RatingSteps.receiveValidHttp200Rating - I receive valid HTTP response code 200 rating
10:31:03.284 [main] DEBUG net.thucydides.core.steps.StepInterceptor - STEP DONE: I receive valid HTTP response code 200 rating
  &amp#27;[32mThen &amp#27;[0m&amp#27;[32mI receive valid HTTP response code 200 rating&amp#27;[0m &amp#27;[90m# starter.stepdefinitions.RatingSteps.receiveValidHttp200Rating()&amp#27;[0m
10:31:03.285 [main] INFO  - 
  _____   ___   ___   _____     ___     _     ___   ___   ___   ___  
 |_   _| | __| / __| |_   _|   | _ \   /_\   / __| / __| | __| |   \ 
   | |   | _|  \__ \   | |     |  _/  / _ \  \__ \ \__ \ | _|  | |) |
   |_|   |___| |___/   |_|     |_|   /_/ \_\ |___/ |___/ |___| |___/ 

POST - Give product rating
----------------------------------------------------------------------
]]></system-out>
  </testcase>
  <testcase name="POST - Give product rating out of bond" classname="Rating" time="0.162">
    <system-out><![CDATA[
Scenario: POST - Give product rating out of bond     &amp#27;[90m# src/test/resources/features/7. Rating.feature:12&amp#27;[0m
10:31:03.289 [main] DEBUG io.cucumber.core.plugin.SerenityReporter - Running feature from file:///C:/Users/WINDOWS%2010/Documents/GitHub/MiniProject_QE/API/minpro/src/test/resources/features/7.%20Rating.feature
10:31:03.291 [main] INFO  - 
  _____   ___   ___   _____     ___   _____     _     ___   _____   ___   ___  
 |_   _| | __| / __| |_   _|   / __| |_   _|   /_\   | _ \ |_   _| | __| |   \ 
   | |   | _|  \__ \   | |     \__ \   | |    / _ \  |   /   | |   | _|  | |) |
   |_|   |___| |___/   |_|     |___/   |_|   /_/ \_\ |_|_\   |_|   |___| |___/ 

POST - Give product rating out of bond(rating;post---give-product-rating-out-of-bond)
--------------------------------------------------------------------------------
10:31:03.300 [main] DEBUG net.thucydides.core.steps.StepInterceptor - STARTING STEP: RatingSteps.setPostApiEndpointRating2 - I set POST api endpoints rating2
10:31:03.300 [main] DEBUG net.thucydides.core.steps.StepInterceptor - STEP DONE: I set POST api endpoints rating2
  &amp#27;[32mGiven &amp#27;[0m&amp#27;[32mI set POST api endpoints rating2&amp#27;[0m             &amp#27;[90m# starter.stepdefinitions.RatingSteps.setPostApiEndpointRating2()&amp#27;[0m
10:31:03.304 [main] DEBUG net.thucydides.core.steps.StepInterceptor - STARTING STEP: RatingSteps.sendPostHttpRequestRating2 - I send POST HTTP request rating
10:31:03.305 [main] DEBUG net.thucydides.core.steps.StepInterceptor - STARTING STEP: Rating.sendPostHttpRequestRating2 - I set POST api endpoints rating2
10:31:03.305 [main] DEBUG net.thucydides.core.steps.StepInterceptor - STEP DONE: I set POST api endpoints rating2
10:31:03.312 [main] DEBUG org.apache.http.impl.conn.BasicClientConnectionManager - Get connection for route {s}->https://altashop-api.fly.dev:443
10:31:03.312 [main] DEBUG org.apache.http.impl.conn.DefaultClientConnectionOperator - Connecting to altashop-api.fly.dev:443
10:31:03.389 [main] DEBUG org.apache.http.client.protocol.RequestAddCookies - CookieSpec selected: ignoreCookies
10:31:03.389 [main] DEBUG org.apache.http.client.protocol.RequestAuthCache - Auth cache not set in the context
10:31:03.389 [main] DEBUG org.apache.http.client.protocol.RequestProxyAuthentication - Proxy auth state: UNCHALLENGED
10:31:03.389 [main] DEBUG org.apache.http.impl.client.DefaultHttpClient - Attempt 1 to execute request
10:31:03.389 [main] DEBUG org.apache.http.impl.conn.DefaultClientConnection - Sending request: POST /api/products/13500/ratings HTTP/1.1
10:31:03.389 [main] DEBUG org.apache.http.wire -  >> "POST /api/products/13500/ratings HTTP/1.1[\r][\n]"
10:31:03.389 [main] DEBUG org.apache.http.wire -  >> "Authorization: Bearer eyJhbGciOiJIUzI1NiIsInR5cCI6IkpXVCJ9.eyJGdWxsbmFtZSI6IkFkaXR5YSBOdWdyYWhhIiwiRW1haWwiOiJhZGl0QGdtYWlsLmNvbSJ9.VM2lARkmmliu1pWtk1uhb8z5fGaElvH1jIoYM72Te3g[\r][\n]"
10:31:03.389 [main] DEBUG org.apache.http.wire -  >> "Accept: */*[\r][\n]"
10:31:03.389 [main] DEBUG org.apache.http.wire -  >> "Content-Type: text/plain; charset=ISO-8859-1[\r][\n]"
10:31:03.389 [main] DEBUG org.apache.http.wire -  >> "Content-Length: 12[\r][\n]"
10:31:03.389 [main] DEBUG org.apache.http.wire -  >> "Host: altashop-api.fly.dev[\r][\n]"
10:31:03.389 [main] DEBUG org.apache.http.wire -  >> "Connection: Keep-Alive[\r][\n]"
10:31:03.389 [main] DEBUG org.apache.http.wire -  >> "User-Agent: Apache-HttpClient/4.5.13 (Java/15)[\r][\n]"
10:31:03.389 [main] DEBUG org.apache.http.wire -  >> "Accept-Encoding: gzip,deflate[\r][\n]"
10:31:03.389 [main] DEBUG org.apache.http.wire -  >> "[\r][\n]"
10:31:03.389 [main] DEBUG org.apache.http.headers - >> POST /api/products/13500/ratings HTTP/1.1
10:31:03.389 [main] DEBUG org.apache.http.headers - >> Authorization: Bearer eyJhbGciOiJIUzI1NiIsInR5cCI6IkpXVCJ9.eyJGdWxsbmFtZSI6IkFkaXR5YSBOdWdyYWhhIiwiRW1haWwiOiJhZGl0QGdtYWlsLmNvbSJ9.VM2lARkmmliu1pWtk1uhb8z5fGaElvH1jIoYM72Te3g
10:31:03.389 [main] DEBUG org.apache.http.headers - >> Accept: */*
10:31:03.389 [main] DEBUG org.apache.http.headers - >> Content-Type: text/plain; charset=ISO-8859-1
10:31:03.389 [main] DEBUG org.apache.http.headers - >> Content-Length: 12
10:31:03.389 [main] DEBUG org.apache.http.headers - >> Host: altashop-api.fly.dev
10:31:03.389 [main] DEBUG org.apache.http.headers - >> Connection: Keep-Alive
10:31:03.389 [main] DEBUG org.apache.http.headers - >> User-Agent: Apache-HttpClient/4.5.13 (Java/15)
10:31:03.389 [main] DEBUG org.apache.http.headers - >> Accept-Encoding: gzip,deflate
10:31:03.389 [main] DEBUG org.apache.http.wire -  >> "{"count":10}"
10:31:03.438 [main] DEBUG org.apache.http.wire -  << "HTTP/1.1 500 Internal Server Error[\r][\n]"
10:31:03.438 [main] DEBUG org.apache.http.wire -  << "content-type: application/json[\r][\n]"
10:31:03.438 [main] DEBUG org.apache.http.wire -  << "date: Sun, 07 May 2023 03:31:08 GMT[\r][\n]"
10:31:03.438 [main] DEBUG org.apache.http.wire -  << "content-encoding: gzip[\r][\n]"
10:31:03.438 [main] DEBUG org.apache.http.wire -  << "transfer-encoding: chunked[\r][\n]"
10:31:03.438 [main] DEBUG org.apache.http.wire -  << "server: Fly/3f2597ca (2023-05-03)[\r][\n]"
10:31:03.438 [main] DEBUG org.apache.http.wire -  << "via: 1.1 fly.io[\r][\n]"
10:31:03.438 [main] DEBUG org.apache.http.wire -  << "fly-request-id: 01GZT46QAAHP3SDB0VASD7QQWP-sin[\r][\n]"
10:31:03.438 [main] DEBUG org.apache.http.wire -  << "[\r][\n]"
10:31:03.438 [main] DEBUG org.apache.http.impl.conn.DefaultClientConnection - Receiving response: HTTP/1.1 500 Internal Server Error
10:31:03.438 [main] DEBUG org.apache.http.headers - << HTTP/1.1 500 Internal Server Error
10:31:03.438 [main] DEBUG org.apache.http.headers - << content-type: application/json
10:31:03.438 [main] DEBUG org.apache.http.headers - << date: Sun, 07 May 2023 03:31:08 GMT
10:31:03.438 [main] DEBUG org.apache.http.headers - << content-encoding: gzip
10:31:03.438 [main] DEBUG org.apache.http.headers - << transfer-encoding: chunked
10:31:03.438 [main] DEBUG org.apache.http.headers - << server: Fly/3f2597ca (2023-05-03)
10:31:03.438 [main] DEBUG org.apache.http.headers - << via: 1.1 fly.io
10:31:03.438 [main] DEBUG org.apache.http.headers - << fly-request-id: 01GZT46QAAHP3SDB0VASD7QQWP-sin
10:31:03.438 [main] DEBUG org.apache.http.impl.client.DefaultHttpClient - Connection can be kept alive indefinitely
10:31:03.438 [main] DEBUG io.restassured.internal.RestAssuredHttpBuilder - Parsing response as: application/json
10:31:03.438 [main] DEBUG org.apache.http.wire -  << "80[\r][\n]"
10:31:03.438 [main] DEBUG org.apache.http.wire -  << "[0x1f][0x8b][0x8][0x0][0x0][0x0][0x0][0x0][0x4][0xff][0xab]VJ-*[0xca]/R[0xb2]Rr[\r][\n]"
10:31:03.438 [main] DEBUG org.apache.http.wire -  << "[0xf2][0xf][0xb2]R[0xc8]K-W([0xca]/WH[0xcb]/R(J[0xcd]I,[0xc9][0xcc][0xcf]S[0x88]Q*J,[0xc9][0xcc]K/[0x8e]QR([0xcb][0xcc][0xcf]I,I-VH[0xce]HM[0xce]VH[0xce][0xcf]+.)J[0xcc][0xcc]+A[0xa8][0x8a]O[0xce]/[0xcd]+[0x89][0x7]+[0x88]QR[0xd0][0x8][0xe][0xf4][0x9][0xe]q[0xc]qU02654[0xd1]T[0xaa][0xe5][0x2][0x0]t[0xdc]t[0xaa]w[0x0][0x0][0x0]"
10:31:03.438 [main] DEBUG org.apache.http.wire -  << "[\r][\n]"
10:31:03.439 [main] DEBUG org.apache.http.wire -  << "0[\r][\n]"
10:31:03.439 [main] DEBUG org.apache.http.wire -  << "[\r][\n]"
10:31:03.439 [main] DEBUG io.restassured.internal.RestAssuredHttpBuilder - Parsed data to instance of: class org.apache.http.conn.EofSensorInputStream
10:31:03.440 [main] DEBUG org.apache.http.impl.conn.BasicClientConnectionManager - Releasing connection org.apache.http.impl.conn.ManagedClientConnectionImpl@33d2f9d3
10:31:03.440 [main] DEBUG org.apache.http.impl.conn.BasicClientConnectionManager - Connection can be kept alive indefinitely
10:31:03.440 [main] DEBUG net.thucydides.core.steps.StepInterceptor - STEP DONE: I send POST HTTP request rating
  &amp#27;[32mWhen &amp#27;[0m&amp#27;[32mI send POST HTTP request rating2&amp#27;[0m              &amp#27;[90m# starter.stepdefinitions.RatingSteps.sendPostHttpRequestRating2()&amp#27;[0m
10:31:03.444 [main] DEBUG net.thucydides.core.steps.StepInterceptor - STARTING STEP: RatingSteps.receiveValidHttp500Rating - Then I receive valid HTTP response code 500 rating
10:31:03.444 [main] DEBUG net.thucydides.core.steps.StepInterceptor - STEP DONE: Then I receive valid HTTP response code 500 rating
  &amp#27;[32mThen &amp#27;[0m&amp#27;[32mI receive valid HTTP response code 500 rating&amp#27;[0m &amp#27;[90m# starter.stepdefinitions.RatingSteps.receiveValidHttp500Rating()&amp#27;[0m
10:31:03.447 [main] INFO  - 
  _____   ___   ___   _____     ___     _     ___   ___   ___   ___  
 |_   _| | __| / __| |_   _|   | _ \   /_\   / __| / __| | __| |   \ 
   | |   | _|  \__ \   | |     |  _/  / _ \  \__ \ \__ \ | _|  | |) |
   |_|   |___| |___/   |_|     |_|   /_/ \_\ |___/ |___/ |___| |___/ 

POST - Give product rating out of bond
----------------------------------------------------------------------
]]></system-out>
  </testcase>
  <testcase name="GET - Get product rating" classname="Rating" time="0.145">
    <system-out><![CDATA[10:31:03.454 [Finalizer] DEBUG org.apache.http.impl.conn.DefaultClientConnection - Connection 0.0.0.0:54051<->149.248.193.56:443 closed

Scenario: GET - Get product rating                   &amp#27;[90m# src/test/resources/features/7. Rating.feature:17&amp#27;[0m
10:31:03.455 [Finalizer] DEBUG org.apache.http.impl.conn.DefaultClientConnection - Connection 0.0.0.0:54050<->149.248.193.56:443 closed
10:31:03.455 [Finalizer] DEBUG org.apache.http.impl.conn.DefaultClientConnection - Connection 0.0.0.0:54048<->149.248.193.56:443 closed
10:31:03.456 [main] DEBUG io.cucumber.core.plugin.SerenityReporter - Running feature from file:///C:/Users/WINDOWS%2010/Documents/GitHub/MiniProject_QE/API/minpro/src/test/resources/features/7.%20Rating.feature
10:31:03.456 [Finalizer] DEBUG org.apache.http.impl.conn.DefaultClientConnection - Connection 0.0.0.0:54047<->149.248.193.56:443 closed
10:31:03.458 [main] INFO  - 
  _____   ___   ___   _____     ___   _____     _     ___   _____   ___   ___  
 |_   _| | __| / __| |_   _|   / __| |_   _|   /_\   | _ \ |_   _| | __| |   \ 
   | |   | _|  \__ \   | |     \__ \   | |    / _ \  |   /   | |   | _|  | |) |
   |_|   |___| |___/   |_|     |___/   |_|   /_/ \_\ |_|_\   |_|   |___| |___/ 

GET - Get product rating(rating;get---get-product-rating)
--------------------------------------------------------------------------------
10:31:03.466 [main] DEBUG net.thucydides.core.steps.StepInterceptor - STARTING STEP: RatingSteps.setGetApiEndpointRating - I set GET api endpoints rating
10:31:03.466 [main] DEBUG net.thucydides.core.steps.StepInterceptor - STEP DONE: I set GET api endpoints rating
  &amp#27;[32mGiven &amp#27;[0m&amp#27;[32mI set GET api endpoints rating&amp#27;[0m               &amp#27;[90m# starter.stepdefinitions.RatingSteps.setGetApiEndpointRating()&amp#27;[0m
10:31:03.469 [main] DEBUG net.thucydides.core.steps.StepInterceptor - STARTING STEP: RatingSteps.sendGetHttpRequestRating - I send GET HTTP request rating
10:31:03.470 [main] DEBUG net.thucydides.core.steps.StepInterceptor - STARTING STEP: Rating.sendGetHttpRequestRating - I set GET api endpoints rating
10:31:03.470 [main] DEBUG net.thucydides.core.steps.StepInterceptor - STEP DONE: I set GET api endpoints rating
10:31:03.474 [main] DEBUG org.apache.http.impl.conn.BasicClientConnectionManager - Get connection for route {s}->https://altashop-api.fly.dev:443
10:31:03.474 [main] DEBUG org.apache.http.impl.conn.DefaultClientConnectionOperator - Connecting to altashop-api.fly.dev:443
10:31:03.550 [main] DEBUG org.apache.http.client.protocol.RequestAddCookies - CookieSpec selected: ignoreCookies
10:31:03.551 [main] DEBUG org.apache.http.client.protocol.RequestAuthCache - Auth cache not set in the context
10:31:03.551 [main] DEBUG org.apache.http.client.protocol.RequestTargetAuthentication - Target auth state: UNCHALLENGED
10:31:03.551 [main] DEBUG org.apache.http.client.protocol.RequestProxyAuthentication - Proxy auth state: UNCHALLENGED
10:31:03.551 [main] DEBUG org.apache.http.impl.client.DefaultHttpClient - Attempt 1 to execute request
10:31:03.551 [main] DEBUG org.apache.http.impl.conn.DefaultClientConnection - Sending request: GET /api/products/13500/ratings HTTP/1.1
10:31:03.551 [main] DEBUG org.apache.http.wire -  >> "GET /api/products/13500/ratings HTTP/1.1[\r][\n]"
10:31:03.551 [main] DEBUG org.apache.http.wire -  >> "Accept: */*[\r][\n]"
10:31:03.551 [main] DEBUG org.apache.http.wire -  >> "Host: altashop-api.fly.dev[\r][\n]"
10:31:03.551 [main] DEBUG org.apache.http.wire -  >> "Connection: Keep-Alive[\r][\n]"
10:31:03.551 [main] DEBUG org.apache.http.wire -  >> "User-Agent: Apache-HttpClient/4.5.13 (Java/15)[\r][\n]"
10:31:03.551 [main] DEBUG org.apache.http.wire -  >> "Accept-Encoding: gzip,deflate[\r][\n]"
10:31:03.551 [main] DEBUG org.apache.http.wire -  >> "[\r][\n]"
10:31:03.551 [main] DEBUG org.apache.http.headers - >> GET /api/products/13500/ratings HTTP/1.1
10:31:03.551 [main] DEBUG org.apache.http.headers - >> Accept: */*
10:31:03.551 [main] DEBUG org.apache.http.headers - >> Host: altashop-api.fly.dev
10:31:03.551 [main] DEBUG org.apache.http.headers - >> Connection: Keep-Alive
10:31:03.551 [main] DEBUG org.apache.http.headers - >> User-Agent: Apache-HttpClient/4.5.13 (Java/15)
10:31:03.551 [main] DEBUG org.apache.http.headers - >> Accept-Encoding: gzip,deflate
10:31:03.586 [main] DEBUG org.apache.http.wire -  << "HTTP/1.1 200 OK[\r][\n]"
10:31:03.586 [main] DEBUG org.apache.http.wire -  << "content-type: application/json[\r][\n]"
10:31:03.586 [main] DEBUG org.apache.http.wire -  << "date: Sun, 07 May 2023 03:31:08 GMT[\r][\n]"
10:31:03.586 [main] DEBUG org.apache.http.wire -  << "content-encoding: gzip[\r][\n]"
10:31:03.586 [main] DEBUG org.apache.http.wire -  << "transfer-encoding: chunked[\r][\n]"
10:31:03.587 [main] DEBUG org.apache.http.wire -  << "server: Fly/3f2597ca (2023-05-03)[\r][\n]"
10:31:03.587 [main] DEBUG org.apache.http.wire -  << "via: 1.1 fly.io[\r][\n]"
10:31:03.587 [main] DEBUG org.apache.http.wire -  << "fly-request-id: 01GZT46QF5Y553EBFZPYM92T1H-sin[\r][\n]"
10:31:03.587 [main] DEBUG org.apache.http.wire -  << "[\r][\n]"
10:31:03.587 [main] DEBUG org.apache.http.impl.conn.DefaultClientConnection - Receiving response: HTTP/1.1 200 OK
10:31:03.587 [main] DEBUG org.apache.http.headers - << HTTP/1.1 200 OK
10:31:03.587 [main] DEBUG org.apache.http.headers - << content-type: application/json
10:31:03.587 [main] DEBUG org.apache.http.headers - << date: Sun, 07 May 2023 03:31:08 GMT
10:31:03.587 [main] DEBUG org.apache.http.headers - << content-encoding: gzip
10:31:03.587 [main] DEBUG org.apache.http.headers - << transfer-encoding: chunked
10:31:03.587 [main] DEBUG org.apache.http.headers - << server: Fly/3f2597ca (2023-05-03)
10:31:03.587 [main] DEBUG org.apache.http.headers - << via: 1.1 fly.io
10:31:03.587 [main] DEBUG org.apache.http.headers - << fly-request-id: 01GZT46QF5Y553EBFZPYM92T1H-sin
10:31:03.587 [main] DEBUG org.apache.http.impl.client.DefaultHttpClient - Connection can be kept alive indefinitely
10:31:03.587 [main] DEBUG io.restassured.internal.RestAssuredHttpBuilder - Parsing response as: application/json
10:31:03.587 [main] DEBUG org.apache.http.wire -  << "1F[\r][\n]"
10:31:03.587 [main] DEBUG org.apache.http.wire -  << "[0x1f][0x8b][0x8][0x0][0x0][0x0][0x0][0x0][0x4][0xff][0xab]VJI,IT[0xb2]2[0xad][0xe5][0x2][0x0][0x83]B[0x1e]G[0xb][0x0][0x0][0x0]"
10:31:03.587 [main] DEBUG org.apache.http.wire -  << "[\r][\n]"
10:31:03.587 [main] DEBUG org.apache.http.wire -  << "0[\r][\n]"
10:31:03.587 [main] DEBUG org.apache.http.wire -  << "[\r][\n]"
10:31:03.587 [main] DEBUG io.restassured.internal.RestAssuredHttpBuilder - Parsed data to instance of: class org.apache.http.conn.EofSensorInputStream
10:31:03.588 [main] DEBUG org.apache.http.impl.conn.BasicClientConnectionManager - Releasing connection org.apache.http.impl.conn.ManagedClientConnectionImpl@6b3da23f
10:31:03.588 [main] DEBUG org.apache.http.impl.conn.BasicClientConnectionManager - Connection can be kept alive indefinitely
10:31:03.588 [main] DEBUG net.thucydides.core.steps.StepInterceptor - STEP DONE: I send GET HTTP request rating
  &amp#27;[32mWhen &amp#27;[0m&amp#27;[32mI send GET HTTP request rating&amp#27;[0m                &amp#27;[90m# starter.stepdefinitions.RatingSteps.sendGetHttpRequestRating()&amp#27;[0m
10:31:03.591 [main] DEBUG net.thucydides.core.steps.StepInterceptor - STARTING STEP: RatingSteps.receiveValidHttp200Rating - I receive valid HTTP response code 200 rating
10:31:03.591 [main] DEBUG net.thucydides.core.steps.StepInterceptor - STEP DONE: I receive valid HTTP response code 200 rating
  &amp#27;[32mThen &amp#27;[0m&amp#27;[32mI receive valid HTTP response code 200 rating&amp#27;[0m &amp#27;[90m# starter.stepdefinitions.RatingSteps.receiveValidHttp200Rating()&amp#27;[0m
10:31:03.592 [main] INFO  - 
  _____   ___   ___   _____     ___     _     ___   ___   ___   ___  
 |_   _| | __| / __| |_   _|   | _ \   /_\   / __| / __| | __| |   \ 
   | |   | _|  \__ \   | |     |  _/  / _ \  \__ \ \__ \ | _|  | |) |
   |_|   |___| |___/   |_|     |_|   /_/ \_\ |___/ |___/ |___| |___/ 

GET - Get product rating
----------------------------------------------------------------------
]]></system-out>
  </testcase>
  <testcase name="GET - Get product rating with invalid data" classname="Rating" time="0.141">
    <system-out><![CDATA[
Scenario: GET - Get product rating with invalid data &amp#27;[90m# src/test/resources/features/7. Rating.feature:22&amp#27;[0m
10:31:03.595 [main] DEBUG io.cucumber.core.plugin.SerenityReporter - Running feature from file:///C:/Users/WINDOWS%2010/Documents/GitHub/MiniProject_QE/API/minpro/src/test/resources/features/7.%20Rating.feature
10:31:03.597 [main] INFO  - 
  _____   ___   ___   _____     ___   _____     _     ___   _____   ___   ___  
 |_   _| | __| / __| |_   _|   / __| |_   _|   /_\   | _ \ |_   _| | __| |   \ 
   | |   | _|  \__ \   | |     \__ \   | |    / _ \  |   /   | |   | _|  | |) |
   |_|   |___| |___/   |_|     |___/   |_|   /_/ \_\ |_|_\   |_|   |___| |___/ 

GET - Get product rating with invalid data(rating;get---get-product-rating-with-invalid-data)
--------------------------------------------------------------------------------
10:31:03.607 [main] DEBUG net.thucydides.core.steps.StepInterceptor - STARTING STEP: RatingSteps.setGetApiEndpointRating2 - I set GET api endpoints rating2
10:31:03.607 [main] DEBUG net.thucydides.core.steps.StepInterceptor - STEP DONE: I set GET api endpoints rating2
  &amp#27;[32mGiven &amp#27;[0m&amp#27;[32mI set GET api endpoints rating2&amp#27;[0m              &amp#27;[90m# starter.stepdefinitions.RatingSteps.setGetApiEndpointRating2()&amp#27;[0m
10:31:03.611 [main] DEBUG net.thucydides.core.steps.StepInterceptor - STARTING STEP: RatingSteps.sendGetHttpRequestRating2 - I send GET HTTP request rating2
10:31:03.612 [main] DEBUG net.thucydides.core.steps.StepInterceptor - STARTING STEP: Rating.sendGetHttpRequestRating2 - I set GET api endpoints rating2
10:31:03.612 [main] DEBUG net.thucydides.core.steps.StepInterceptor - STEP DONE: I set GET api endpoints rating2
10:31:03.615 [main] DEBUG org.apache.http.impl.conn.BasicClientConnectionManager - Get connection for route {s}->https://altashop-api.fly.dev:443
10:31:03.615 [main] DEBUG org.apache.http.impl.conn.DefaultClientConnectionOperator - Connecting to altashop-api.fly.dev:443
10:31:03.690 [main] DEBUG org.apache.http.client.protocol.RequestAddCookies - CookieSpec selected: ignoreCookies
10:31:03.690 [main] DEBUG org.apache.http.client.protocol.RequestAuthCache - Auth cache not set in the context
10:31:03.690 [main] DEBUG org.apache.http.client.protocol.RequestTargetAuthentication - Target auth state: UNCHALLENGED
10:31:03.690 [main] DEBUG org.apache.http.client.protocol.RequestProxyAuthentication - Proxy auth state: UNCHALLENGED
10:31:03.690 [main] DEBUG org.apache.http.impl.client.DefaultHttpClient - Attempt 1 to execute request
10:31:03.690 [main] DEBUG org.apache.http.impl.conn.DefaultClientConnection - Sending request: GET /api/products/-13500/ratings HTTP/1.1
10:31:03.690 [main] DEBUG org.apache.http.wire -  >> "GET /api/products/-13500/ratings HTTP/1.1[\r][\n]"
10:31:03.690 [main] DEBUG org.apache.http.wire -  >> "Accept: */*[\r][\n]"
10:31:03.690 [main] DEBUG org.apache.http.wire -  >> "Host: altashop-api.fly.dev[\r][\n]"
10:31:03.690 [main] DEBUG org.apache.http.wire -  >> "Connection: Keep-Alive[\r][\n]"
10:31:03.690 [main] DEBUG org.apache.http.wire -  >> "User-Agent: Apache-HttpClient/4.5.13 (Java/15)[\r][\n]"
10:31:03.690 [main] DEBUG org.apache.http.wire -  >> "Accept-Encoding: gzip,deflate[\r][\n]"
10:31:03.690 [main] DEBUG org.apache.http.wire -  >> "[\r][\n]"
10:31:03.690 [main] DEBUG org.apache.http.headers - >> GET /api/products/-13500/ratings HTTP/1.1
10:31:03.690 [main] DEBUG org.apache.http.headers - >> Accept: */*
10:31:03.690 [main] DEBUG org.apache.http.headers - >> Host: altashop-api.fly.dev
10:31:03.690 [main] DEBUG org.apache.http.headers - >> Connection: Keep-Alive
10:31:03.690 [main] DEBUG org.apache.http.headers - >> User-Agent: Apache-HttpClient/4.5.13 (Java/15)
10:31:03.690 [main] DEBUG org.apache.http.headers - >> Accept-Encoding: gzip,deflate
10:31:03.724 [main] DEBUG org.apache.http.wire -  << "HTTP/1.1 500 Internal Server Error[\r][\n]"
10:31:03.725 [main] DEBUG org.apache.http.wire -  << "content-type: application/json[\r][\n]"
10:31:03.725 [main] DEBUG org.apache.http.wire -  << "date: Sun, 07 May 2023 03:31:08 GMT[\r][\n]"
10:31:03.725 [main] DEBUG org.apache.http.wire -  << "content-encoding: gzip[\r][\n]"
10:31:03.725 [main] DEBUG org.apache.http.wire -  << "transfer-encoding: chunked[\r][\n]"
10:31:03.725 [main] DEBUG org.apache.http.wire -  << "server: Fly/3f2597ca (2023-05-03)[\r][\n]"
10:31:03.725 [main] DEBUG org.apache.http.wire -  << "via: 1.1 fly.io[\r][\n]"
10:31:03.725 [main] DEBUG org.apache.http.wire -  << "fly-request-id: 01GZT46QKGMVV7BR56HGNFCAMB-sin[\r][\n]"
10:31:03.725 [main] DEBUG org.apache.http.wire -  << "[\r][\n]"
10:31:03.725 [main] DEBUG org.apache.http.impl.conn.DefaultClientConnection - Receiving response: HTTP/1.1 500 Internal Server Error
10:31:03.725 [main] DEBUG org.apache.http.headers - << HTTP/1.1 500 Internal Server Error
10:31:03.725 [main] DEBUG org.apache.http.headers - << content-type: application/json
10:31:03.725 [main] DEBUG org.apache.http.headers - << date: Sun, 07 May 2023 03:31:08 GMT
10:31:03.725 [main] DEBUG org.apache.http.headers - << content-encoding: gzip
10:31:03.725 [main] DEBUG org.apache.http.headers - << transfer-encoding: chunked
10:31:03.725 [main] DEBUG org.apache.http.headers - << server: Fly/3f2597ca (2023-05-03)
10:31:03.725 [main] DEBUG org.apache.http.headers - << via: 1.1 fly.io
10:31:03.725 [main] DEBUG org.apache.http.headers - << fly-request-id: 01GZT46QKGMVV7BR56HGNFCAMB-sin
10:31:03.725 [main] DEBUG org.apache.http.impl.client.DefaultHttpClient - Connection can be kept alive indefinitely
10:31:03.725 [main] DEBUG io.restassured.internal.RestAssuredHttpBuilder - Parsing response as: application/json
10:31:03.725 [main] DEBUG org.apache.http.wire -  << "5C[\r][\n]"
10:31:03.725 [main] DEBUG org.apache.http.wire -  << "[0x1f][0x8b][0x8][0x0][0x0][0x0][0x0][0x0][0x4][0xff][0xab]VJ-*[0xca]/R[0xb2]R2[0xb4]01137110767[0xb0]45[0xb6]044S[0xc8],VH/JM,I-R([0xc9]H[0xcc]S[0xc8]M[0xac][0xc8][0xcc]-[0xcd]U(K[0xcc])MUH[0xcb]/R[0xf0][0xcc]+1Q[0xaa][0xe5][0x2][0x0][0x96][0x10][0xea]EH[0x0][0x0][0x0]"
10:31:03.725 [main] DEBUG org.apache.http.wire -  << "[\r][\n]"
10:31:03.725 [main] DEBUG org.apache.http.wire -  << "0[\r][\n]"
10:31:03.725 [main] DEBUG org.apache.http.wire -  << "[\r][\n]"
10:31:03.725 [main] DEBUG io.restassured.internal.RestAssuredHttpBuilder - Parsed data to instance of: class org.apache.http.conn.EofSensorInputStream
10:31:03.726 [main] DEBUG org.apache.http.impl.conn.BasicClientConnectionManager - Releasing connection org.apache.http.impl.conn.ManagedClientConnectionImpl@4e8b36af
10:31:03.726 [main] DEBUG org.apache.http.impl.conn.BasicClientConnectionManager - Connection can be kept alive indefinitely
10:31:03.727 [main] DEBUG net.thucydides.core.steps.StepInterceptor - STEP DONE: I send GET HTTP request rating2
  &amp#27;[32mWhen &amp#27;[0m&amp#27;[32mI send GET HTTP request rating2&amp#27;[0m               &amp#27;[90m# starter.stepdefinitions.RatingSteps.sendGetHttpRequestRating2()&amp#27;[0m
10:31:03.730 [main] DEBUG net.thucydides.core.steps.StepInterceptor - STARTING STEP: RatingSteps.receiveValidHttp500Rating - Then I receive valid HTTP response code 500 rating
10:31:03.730 [main] DEBUG net.thucydides.core.steps.StepInterceptor - STEP DONE: Then I receive valid HTTP response code 500 rating
  &amp#27;[32mThen &amp#27;[0m&amp#27;[32mI receive valid HTTP response code 500 rating&amp#27;[0m &amp#27;[90m# starter.stepdefinitions.RatingSteps.receiveValidHttp500Rating()&amp#27;[0m
10:31:03.733 [main] INFO  - 
  _____   ___   ___   _____     ___     _     ___   ___   ___   ___  
 |_   _| | __| / __| |_   _|   | _ \   /_\   / __| / __| | __| |   \ 
   | |   | _|  \__ \   | |     |  _/  / _ \  \__ \ \__ \ | _|  | |) |
   |_|   |___| |___/   |_|     |_|   /_/ \_\ |___/ |___/ |___| |___/ 

GET - Get product rating with invalid data
----------------------------------------------------------------------
]]></system-out>
  </testcase>
  <testcase name="POST - Post comment" classname="Comment" time="0.178">
    <system-out><![CDATA[10:31:03.734 [main] DEBUG io.cucumber.core.plugin.SerenityReporter - Running feature from file:///C:/Users/WINDOWS%2010/Documents/GitHub/MiniProject_QE/API/minpro/src/test/resources/features/8.%20Comment.feature
10:31:03.738 [main] DEBUG net.thucydides.core.steps.StepEventBus - Test suite started for story net.thucydides.core.model.Story@8ea159bb
10:31:03.739 [main] INFO  - Test Suite Started: Comment

Scenario: POST - Post comment                         &amp#27;[90m# src/test/resources/features/8. Comment.feature:7&amp#27;[0m
10:31:03.742 [main] DEBUG io.cucumber.core.plugin.SerenityReporter - Running feature from file:///C:/Users/WINDOWS%2010/Documents/GitHub/MiniProject_QE/API/minpro/src/test/resources/features/8.%20Comment.feature
10:31:03.744 [main] INFO  - 
  _____   ___   ___   _____     ___   _____     _     ___   _____   ___   ___  
 |_   _| | __| / __| |_   _|   / __| |_   _|   /_\   | _ \ |_   _| | __| |   \ 
   | |   | _|  \__ \   | |     \__ \   | |    / _ \  |   /   | |   | _|  | |) |
   |_|   |___| |___/   |_|     |___/   |_|   /_/ \_\ |_|_\   |_|   |___| |___/ 

POST - Post comment(comment;post---post-comment)
--------------------------------------------------------------------------------
10:31:03.758 [main] DEBUG net.thucydides.core.steps.StepInterceptor - STARTING STEP: CommentSteps.setPostApiEndpointComment - I set POST api endpoints 
10:31:03.758 [main] DEBUG net.thucydides.core.steps.StepInterceptor - STEP DONE: I set POST api endpoints 
  &amp#27;[32mGiven &amp#27;[0m&amp#27;[32mI set POST api endpoints comment&amp#27;[0m              &amp#27;[90m# starter.stepdefinitions.CommentSteps.setPostApiEndpointComment()&amp#27;[0m
10:31:03.762 [main] DEBUG net.thucydides.core.steps.StepInterceptor - STARTING STEP: CommentSteps.sentPostHttpRequestComment - I send POST HTTP request comment
10:31:03.763 [main] DEBUG net.thucydides.core.steps.StepInterceptor - STARTING STEP: Comment.sendPostHTTPRequestComment - I set POST api endpoints 
10:31:03.763 [main] DEBUG net.thucydides.core.steps.StepInterceptor - STEP DONE: I set POST api endpoints 
10:31:03.772 [main] DEBUG org.apache.http.impl.conn.BasicClientConnectionManager - Get connection for route {s}->https://altashop-api.fly.dev:443
10:31:03.772 [main] DEBUG org.apache.http.impl.conn.DefaultClientConnectionOperator - Connecting to altashop-api.fly.dev:443
10:31:03.848 [main] DEBUG org.apache.http.client.protocol.RequestAddCookies - CookieSpec selected: ignoreCookies
10:31:03.848 [main] DEBUG org.apache.http.client.protocol.RequestAuthCache - Auth cache not set in the context
10:31:03.848 [main] DEBUG org.apache.http.client.protocol.RequestProxyAuthentication - Proxy auth state: UNCHALLENGED
10:31:03.848 [main] DEBUG org.apache.http.impl.client.DefaultHttpClient - Attempt 1 to execute request
10:31:03.848 [main] DEBUG org.apache.http.impl.conn.DefaultClientConnection - Sending request: POST /api/products/2/comments HTTP/1.1
10:31:03.848 [main] DEBUG org.apache.http.wire -  >> "POST /api/products/2/comments HTTP/1.1[\r][\n]"
10:31:03.848 [main] DEBUG org.apache.http.wire -  >> "Authorization: Bearer eyJhbGciOiJIUzI1NiIsInR5cCI6IkpXVCJ9.eyJGdWxsbmFtZSI6IkFkaXR5YSBOdWdyYWhhIiwiRW1haWwiOiJhZGl0QGdtYWlsLmNvbSJ9.VM2lARkmmliu1pWtk1uhb8z5fGaElvH1jIoYM72Te3g[\r][\n]"
10:31:03.848 [main] DEBUG org.apache.http.wire -  >> "Accept: */*[\r][\n]"
10:31:03.848 [main] DEBUG org.apache.http.wire -  >> "Content-Type: text/plain; charset=ISO-8859-1[\r][\n]"
10:31:03.848 [main] DEBUG org.apache.http.wire -  >> "Content-Length: 87[\r][\n]"
10:31:03.848 [main] DEBUG org.apache.http.wire -  >> "Host: altashop-api.fly.dev[\r][\n]"
10:31:03.848 [main] DEBUG org.apache.http.wire -  >> "Connection: Keep-Alive[\r][\n]"
10:31:03.848 [main] DEBUG org.apache.http.wire -  >> "User-Agent: Apache-HttpClient/4.5.13 (Java/15)[\r][\n]"
10:31:03.848 [main] DEBUG org.apache.http.wire -  >> "Accept-Encoding: gzip,deflate[\r][\n]"
10:31:03.848 [main] DEBUG org.apache.http.wire -  >> "[\r][\n]"
10:31:03.848 [main] DEBUG org.apache.http.headers - >> POST /api/products/2/comments HTTP/1.1
10:31:03.848 [main] DEBUG org.apache.http.headers - >> Authorization: Bearer eyJhbGciOiJIUzI1NiIsInR5cCI6IkpXVCJ9.eyJGdWxsbmFtZSI6IkFkaXR5YSBOdWdyYWhhIiwiRW1haWwiOiJhZGl0QGdtYWlsLmNvbSJ9.VM2lARkmmliu1pWtk1uhb8z5fGaElvH1jIoYM72Te3g
10:31:03.848 [main] DEBUG org.apache.http.headers - >> Accept: */*
10:31:03.848 [main] DEBUG org.apache.http.headers - >> Content-Type: text/plain; charset=ISO-8859-1
10:31:03.848 [main] DEBUG org.apache.http.headers - >> Content-Length: 87
10:31:03.848 [main] DEBUG org.apache.http.headers - >> Host: altashop-api.fly.dev
10:31:03.848 [main] DEBUG org.apache.http.headers - >> Connection: Keep-Alive
10:31:03.848 [main] DEBUG org.apache.http.headers - >> User-Agent: Apache-HttpClient/4.5.13 (Java/15)
10:31:03.848 [main] DEBUG org.apache.http.headers - >> Accept-Encoding: gzip,deflate
10:31:03.848 [main] DEBUG org.apache.http.wire -  >> "{"content":"the games are great including Gran Turismo 7 but sadly GT4 is much better"}"
10:31:03.903 [main] DEBUG org.apache.http.wire -  << "HTTP/1.1 200 OK[\r][\n]"
10:31:03.903 [main] DEBUG org.apache.http.wire -  << "content-type: application/json[\r][\n]"
10:31:03.903 [main] DEBUG org.apache.http.wire -  << "date: Sun, 07 May 2023 03:31:08 GMT[\r][\n]"
10:31:03.903 [main] DEBUG org.apache.http.wire -  << "content-encoding: gzip[\r][\n]"
10:31:03.903 [main] DEBUG org.apache.http.wire -  << "transfer-encoding: chunked[\r][\n]"
10:31:03.903 [main] DEBUG org.apache.http.wire -  << "server: Fly/3f2597ca (2023-05-03)[\r][\n]"
10:31:03.903 [main] DEBUG org.apache.http.wire -  << "via: 1.1 fly.io[\r][\n]"
10:31:03.903 [main] DEBUG org.apache.http.wire -  << "fly-request-id: 01GZT46QRFDV9DPJCD5QHWRAHF-sin[\r][\n]"
10:31:03.903 [main] DEBUG org.apache.http.wire -  << "[\r][\n]"
10:31:03.903 [main] DEBUG org.apache.http.impl.conn.DefaultClientConnection - Receiving response: HTTP/1.1 200 OK
10:31:03.903 [main] DEBUG org.apache.http.headers - << HTTP/1.1 200 OK
10:31:03.903 [main] DEBUG org.apache.http.headers - << content-type: application/json
10:31:03.903 [main] DEBUG org.apache.http.headers - << date: Sun, 07 May 2023 03:31:08 GMT
10:31:03.903 [main] DEBUG org.apache.http.headers - << content-encoding: gzip
10:31:03.903 [main] DEBUG org.apache.http.headers - << transfer-encoding: chunked
10:31:03.903 [main] DEBUG org.apache.http.headers - << server: Fly/3f2597ca (2023-05-03)
10:31:03.903 [main] DEBUG org.apache.http.headers - << via: 1.1 fly.io
10:31:03.903 [main] DEBUG org.apache.http.headers - << fly-request-id: 01GZT46QRFDV9DPJCD5QHWRAHF-sin
10:31:03.903 [main] DEBUG org.apache.http.impl.client.DefaultHttpClient - Connection can be kept alive indefinitely
10:31:03.903 [main] DEBUG io.restassured.internal.RestAssuredHttpBuilder - Parsing response as: application/json
10:31:03.903 [main] DEBUG org.apache.http.wire -  << "9E[\r][\n]"
10:31:03.903 [main] DEBUG org.apache.http.wire -  << "[0x1f][0x8b][0x8][0x0][0x0][0x0][0x0][0x0][0x4][0xff][0xab]VJI,IT[0xb2][0xaa]V[0xf2]tQ[0xb2]24[0xb0]42[0xd6]Qr[0xce][0xcf]+I[0xcd]+Q[0xb2]R*[0xc9]HUHO[0xcc]M-VH,JUH/JM,Q[0xc8][0xcc]K[0xce])M[0xc9][0xcc]KWp/J[0xcc]S[0x8])-[0xca],[0xce][0xcd]W0WH*-Q(NL[0xc9][0xa9]Tp[0xf]1Q[0xc8],V[0xc8]-M[0xce]PHJ-)I-R[0xd2]Q[\n]"
10:31:03.903 [main] DEBUG org.apache.http.wire -  << "-N-R[0xb2][0xca]+[0xcd][0xc9][0xd1]Q[\n]"
10:31:03.903 [main] DEBUG org.apache.http.wire -  << "([0xca]O)M.[0x81]q[0x9d][0xf3]ss[0xc1][0x16][0x82]dkk[0xb9][0x0]4[0xf5][0x95][0x95][0x96][0x0][0x0][0x0]"
10:31:03.903 [main] DEBUG org.apache.http.wire -  << "[\r][\n]"
10:31:03.904 [main] DEBUG org.apache.http.wire -  << "0[\r][\n]"
10:31:03.904 [main] DEBUG org.apache.http.wire -  << "[\r][\n]"
10:31:03.904 [main] DEBUG io.restassured.internal.RestAssuredHttpBuilder - Parsed data to instance of: class org.apache.http.conn.EofSensorInputStream
10:31:03.905 [main] DEBUG org.apache.http.impl.conn.BasicClientConnectionManager - Releasing connection org.apache.http.impl.conn.ManagedClientConnectionImpl@5006a697
10:31:03.905 [main] DEBUG org.apache.http.impl.conn.BasicClientConnectionManager - Connection can be kept alive indefinitely
10:31:03.906 [main] DEBUG net.thucydides.core.steps.StepInterceptor - STEP DONE: I send POST HTTP request comment
  &amp#27;[32mWhen &amp#27;[0m&amp#27;[32mI send POST HTTP request comment&amp#27;[0m               &amp#27;[90m# starter.stepdefinitions.CommentSteps.sentPostHttpRequestComment()&amp#27;[0m
10:31:03.911 [main] DEBUG net.thucydides.core.steps.StepInterceptor - STARTING STEP: CommentSteps.receiveValidHttp200Rating - I receive valid HTTP response code 200 comment
10:31:03.912 [main] DEBUG net.thucydides.core.steps.StepInterceptor - STEP DONE: I receive valid HTTP response code 200 comment
  &amp#27;[32mThen &amp#27;[0m&amp#27;[32mI receive valid HTTP response code 200 comment&amp#27;[0m &amp#27;[90m# starter.stepdefinitions.CommentSteps.receiveValidHttp200Rating()&amp#27;[0m
10:31:03.916 [main] INFO  - 
  _____   ___   ___   _____     ___     _     ___   ___   ___   ___  
 |_   _| | __| / __| |_   _|   | _ \   /_\   / __| / __| | __| |   \ 
   | |   | _|  \__ \   | |     |  _/  / _ \  \__ \ \__ \ | _|  | |) |
   |_|   |___| |___/   |_|     |_|   /_/ \_\ |___/ |___/ |___| |___/ 

POST - Post comment
----------------------------------------------------------------------
]]></system-out>
  </testcase>
  <testcase name="GET - Get comment with correct endpoints" classname="Comment" time="0.171">
    <system-out><![CDATA[
Scenario: GET - Get comment with correct endpoints    &amp#27;[90m# src/test/resources/features/8. Comment.feature:12&amp#27;[0m
10:31:03.921 [main] DEBUG io.cucumber.core.plugin.SerenityReporter - Running feature from file:///C:/Users/WINDOWS%2010/Documents/GitHub/MiniProject_QE/API/minpro/src/test/resources/features/8.%20Comment.feature
10:31:03.925 [main] INFO  - 
  _____   ___   ___   _____     ___   _____     _     ___   _____   ___   ___  
 |_   _| | __| / __| |_   _|   / __| |_   _|   /_\   | _ \ |_   _| | __| |   \ 
   | |   | _|  \__ \   | |     \__ \   | |    / _ \  |   /   | |   | _|  | |) |
   |_|   |___| |___/   |_|     |___/   |_|   /_/ \_\ |_|_\   |_|   |___| |___/ 

GET - Get comment with correct endpoints(comment;get---get-comment-with-correct-endpoints)
--------------------------------------------------------------------------------
10:31:03.942 [main] DEBUG net.thucydides.core.steps.StepInterceptor - STARTING STEP: CommentSteps.setGetApiEndpointComment - I set GET api endpoints comment
10:31:03.942 [main] DEBUG net.thucydides.core.steps.StepInterceptor - STEP DONE: I set GET api endpoints comment
  &amp#27;[32mGiven &amp#27;[0m&amp#27;[32mI set GET api endpoints comment&amp#27;[0m               &amp#27;[90m# starter.stepdefinitions.CommentSteps.setGetApiEndpointComment()&amp#27;[0m
10:31:03.948 [main] DEBUG net.thucydides.core.steps.StepInterceptor - STARTING STEP: CommentSteps.sendGetHttpRequestComment - I send GET HTTP request comment
10:31:03.950 [main] DEBUG net.thucydides.core.steps.StepInterceptor - STARTING STEP: Comment.sendGetHttpRequestComment - I set GET api endpoints comment
10:31:03.951 [main] DEBUG net.thucydides.core.steps.StepInterceptor - STEP DONE: I set GET api endpoints comment
10:31:03.959 [main] DEBUG org.apache.http.impl.conn.BasicClientConnectionManager - Get connection for route {s}->https://altashop-api.fly.dev:443
10:31:03.959 [main] DEBUG org.apache.http.impl.conn.DefaultClientConnectionOperator - Connecting to altashop-api.fly.dev:443
10:31:04.036 [main] DEBUG org.apache.http.client.protocol.RequestAddCookies - CookieSpec selected: ignoreCookies
10:31:04.036 [main] DEBUG org.apache.http.client.protocol.RequestAuthCache - Auth cache not set in the context
10:31:04.036 [main] DEBUG org.apache.http.client.protocol.RequestTargetAuthentication - Target auth state: UNCHALLENGED
10:31:04.036 [main] DEBUG org.apache.http.client.protocol.RequestProxyAuthentication - Proxy auth state: UNCHALLENGED
10:31:04.036 [main] DEBUG org.apache.http.impl.client.DefaultHttpClient - Attempt 1 to execute request
10:31:04.036 [main] DEBUG org.apache.http.impl.conn.DefaultClientConnection - Sending request: GET /api/products/2/comments HTTP/1.1
10:31:04.037 [main] DEBUG org.apache.http.wire -  >> "GET /api/products/2/comments HTTP/1.1[\r][\n]"
10:31:04.037 [main] DEBUG org.apache.http.wire -  >> "Accept: */*[\r][\n]"
10:31:04.037 [main] DEBUG org.apache.http.wire -  >> "Host: altashop-api.fly.dev[\r][\n]"
10:31:04.037 [main] DEBUG org.apache.http.wire -  >> "Connection: Keep-Alive[\r][\n]"
10:31:04.037 [main] DEBUG org.apache.http.wire -  >> "User-Agent: Apache-HttpClient/4.5.13 (Java/15)[\r][\n]"
10:31:04.037 [main] DEBUG org.apache.http.wire -  >> "Accept-Encoding: gzip,deflate[\r][\n]"
10:31:04.037 [main] DEBUG org.apache.http.wire -  >> "[\r][\n]"
10:31:04.037 [main] DEBUG org.apache.http.headers - >> GET /api/products/2/comments HTTP/1.1
10:31:04.037 [main] DEBUG org.apache.http.headers - >> Accept: */*
10:31:04.037 [main] DEBUG org.apache.http.headers - >> Host: altashop-api.fly.dev
10:31:04.037 [main] DEBUG org.apache.http.headers - >> Connection: Keep-Alive
10:31:04.037 [main] DEBUG org.apache.http.headers - >> User-Agent: Apache-HttpClient/4.5.13 (Java/15)
10:31:04.037 [main] DEBUG org.apache.http.headers - >> Accept-Encoding: gzip,deflate
10:31:04.075 [main] DEBUG org.apache.http.wire -  << "HTTP/1.1 200 OK[\r][\n]"
10:31:04.075 [main] DEBUG org.apache.http.wire -  << "content-type: application/json[\r][\n]"
10:31:04.075 [main] DEBUG org.apache.http.wire -  << "date: Sun, 07 May 2023 03:31:08 GMT[\r][\n]"
10:31:04.075 [main] DEBUG org.apache.http.wire -  << "transfer-encoding: chunked[\r][\n]"
10:31:04.075 [main] DEBUG org.apache.http.wire -  << "content-encoding: gzip[\r][\n]"
10:31:04.075 [main] DEBUG org.apache.http.wire -  << "server: Fly/3f2597ca (2023-05-03)[\r][\n]"
10:31:04.075 [main] DEBUG org.apache.http.wire -  << "via: 1.1 fly.io[\r][\n]"
10:31:04.075 [main] DEBUG org.apache.http.wire -  << "fly-request-id: 01GZT46QYBYXPQNC0GNF1K41N6-sin[\r][\n]"
10:31:04.075 [main] DEBUG org.apache.http.wire -  << "[\r][\n]"
10:31:04.075 [main] DEBUG org.apache.http.impl.conn.DefaultClientConnection - Receiving response: HTTP/1.1 200 OK
10:31:04.075 [main] DEBUG org.apache.http.headers - << HTTP/1.1 200 OK
10:31:04.075 [main] DEBUG org.apache.http.headers - << content-type: application/json
10:31:04.075 [main] DEBUG org.apache.http.headers - << date: Sun, 07 May 2023 03:31:08 GMT
10:31:04.075 [main] DEBUG org.apache.http.headers - << transfer-encoding: chunked
10:31:04.075 [main] DEBUG org.apache.http.headers - << content-encoding: gzip
10:31:04.075 [main] DEBUG org.apache.http.headers - << server: Fly/3f2597ca (2023-05-03)
10:31:04.075 [main] DEBUG org.apache.http.headers - << via: 1.1 fly.io
10:31:04.075 [main] DEBUG org.apache.http.headers - << fly-request-id: 01GZT46QYBYXPQNC0GNF1K41N6-sin
10:31:04.075 [main] DEBUG org.apache.http.impl.client.DefaultHttpClient - Connection can be kept alive indefinitely
10:31:04.076 [main] DEBUG io.restassured.internal.RestAssuredHttpBuilder - Parsing response as: application/json
10:31:04.076 [main] DEBUG org.apache.http.wire -  << "153[\r][\n]"
10:31:04.076 [main] DEBUG org.apache.http.wire -  << "[0x1f][0x8b][0x8][0x0][0x0][0x0][0x0][0x0][0x4][0xff][0xaa]VJI,IT[0xb2][0x8a][0xae]V[0xf2]tQ[0xb2]24056[0xd6]Qr[0xce][0xcf]+I[0xcd]+Q[0xb2]Rr[0xcc][0xc9]L,V[0xc8]LQH[0xc9],.[0xc9][0xcc]K.[0xc9][0xcc]W(N-,[0xcd]T(K-[0xca],I,[0xc9],[0xd6]S[0xd2]Q[\n]"
10:31:04.076 [main] DEBUG org.apache.http.wire -  << "-N-R[0xb2][0xca]+[0xcd][0xc9][0xd1]Q[\n]"
10:31:04.076 [main] DEBUG org.apache.http.wire -  << "([0xca]O)M.[0x81]q[0x9d][0xf3]ss[0xc1]f[0x81]dku[0x10][0xf6][0x98] [0xdb][0xe3][0x9c][0x9f][0x7]26[0xb1][0xa4][0xb4]H!'[0xb1]4%1[0xaf]$[0xb3]4W!7?'[0xb5][0xb8]$31U!1E![0xb5][0x84]\[0xab]L[0x91][0xad]*[0xc9]HUHO[0xcc]M-VH,JUH/JM,Q[0xc8][0xcc]K[0xce])M[0xc9][0xcc]KWp/J[0xcc]S[0x8])-[0xca],[0xce][0xcd]W0WH*-Q(NL[0xc9][0xa9]Tp[0xf]1Q[0xc8],V[0xc8]-M[0xce]PHJ-)I-"[0xd3][0xdf][0xe6][0x83][0xc9]1[0x16][0x83][0xc8]1&[0x6][0x83][0xc9]1[0x86][0x83][0xc9]1F[0xc8][0x8e][0xc9]T/)Vp+[0xca]LI[0xac]$/[0x9][0x9a][0xa0]d[0xf1][0x1][0xce][0xf]&[0x83])s[0x9a][0xa1][0x14]J[0x14][0x7][0xb4][0xd9]`[0xf2][0x9b][0xf9]`[0xca]^[0xe6][0x83])[0x9][0x9a][0xf][0xa6]h[0xb2][0xb0]D[0xce][0xeb][0x3][0x9c]9-[0x7]Q)hf0[0x88][0x12][0xb0][0x99][0xc1] [0x8a]&3c[0x94][0xfa][0x81][0xf6]i[0x6][0x0][0x0][0x0][0xff][0xff]"
10:31:04.076 [main] DEBUG org.apache.http.wire -  << "[\r][\n]"
10:31:04.076 [main] DEBUG org.apache.http.wire -  << "2F8[\r][\n]"
10:31:04.076 [main] DEBUG org.apache.http.wire -  << "[0x2][0xb7][0xf3]p4[0xec][0xcc][0xcc][0x6]S4[0x99][\r][0xa6][0x4]l<[0x88][0xca][0x19]3S[0x14][0xc7]PZ[0xd5][0x99][0x99][0x9a]![0x17][[0x94][0x1b][0x87][0xd2]Jv-QH-QH[0xad]HN-()-[0xca]T(,ML-J,Q[0xc8][0xcb][0xcc][0xc8][0xcc]Q[0xc8]O[0xc9],[0x81][0xb][0x81]z[0x11][0x99][0xe4][0xf5][0x13][0xcc]L[0x7]Qk[0xd8][0xcc]t0[0x15]0[0xa8][0xf5][0x80][0x9e][0x9e][0x9e]B[0xa2]Bnf^[0x8a]B^jjJ[0xb1]BR~~v[0xb1]Bb[0xb1]B[0xa2]Bqy~[0x11]L8Q[0xa1]<#[0xb5][0xa4][0xb8]$?/UG!3M![0xb3][0x4][0xd4][0x83]*[0xc9]W[0xc8]NM-P[0xc8],)VHMIO%3[0xb2],Q[0xca][0xbc][0xf0][0xcc][0xbc][0x92][0xd4]"[0x90][0xf1][0xc9][0xf9][0xb9][0x99]y[0xe9][0xe4][0x1a]J[0xdd]Tl[0x89][0x92][0x8a][0x1d][0xf3]R[0x14][0x8a][0xf3][0x15]2R[0x15][0x8a][0xb][0xf2][0xb3]Su[0x14][0x12][0xd1][0x5]J2[0x12]K[0x14]|@[0x1][0x98][0x9f][0xa6][0xe0][0x9c]X\[0x92][0x98][0x9b]Z[0x94][0xaa][0x3][0xee][0x85][0xe6][0xe5][0x97]+[0x80]J[0xf6][0xa2][0xc4][0xcc][0xbc]b[0x85]rP[0x8][0xe6][0xab][0xa7][0x16])dd[0x16]+d$[0xe6][0xe4][0xe8]([0x94]g[0x96]d([0xe4][0xe5]+[0xe4][0xe7][0xa5][0x82]T[0x16][0xa5]*[0x94][0x80]lK,[0xd2]S[0x88]L-[0xd6]Q l[0x2][0xc8]Ay[0xf9]%[0xa0]h[0xcc]/[0xcd][0x81]k'[0xab][0x97]af[0x89][0x92][0x80][0xa9][0x13]A[0xe6][0xa8]m[0x0]P[0x88]z*d$[0x96][0xa5]*$*[0x94][0xa4][0xe6][0xa5][0xa4][0x16][0x81][0xc2][0x16][0xd4][0x9f]W[0xc8][0xad]T[0xc8]HM,*QH[0xcb]/RH.[0xca],([0xc8][0x1]u[0xf9][0xf3]R[0x14][0x92]@[0x1][[0x94]R[0xc][0xe][0xff][0xa4][0xa2][0xfc][0xec][0xd4]<[0x85][0x92][0x8c][0xcc][0xbc]t2[0x87]2[0xcc][\r]P*[0x99][0x90][0x8c]T[0x5][0xbf][0xfc][0xa2][0x92][0xc][0x85][0xa2][0xd4][0xdc][0xd4][0xdc][0xa4][0xd4]"r[0xcd]5D)[0xa2]A[0x91]?p[0xe3][0x16][0xe6][0x86]([0xd1]9[0xc0][0x8e]1A[0xc9][0xfc][0x3][0xed][0x18][0x94]N[0xe3]@;[0x6][0xa5][0x4][0x1b]h[0xc7][0xc][0xa2][\n]"
10:31:04.076 [main] DEBUG org.apache.http.wire -  << "[0xd5][0xdc]t[0x10][0xb5]K[0xcd]M[0x7]S[0x2]6[0x1d]D[0x9d]qs[0xd3][0xc1][0x94][0x9b]P[0x1b][0xc9][0x3][0x9c][0x9b]P[0x9b][0xd8][0x3][0xed][0x18][0x94][0xa6][0xcd]@;f0[0xd5]M[0x83][0xa9][0xff]kn6[0x98][0xca][0x19][0xb3][0xc1]T[0xce][0xa0][0xe][0xf5][0xe]p[0x2]6[0x1b]L[0xb5][0xb6][0xd9]`[0xaa][0xb5][0x7][0xd3][0xa8][0xb5]9[0xea][0xa8][0xb5]Obiz[0x6][0xb4][0xd7]Y[0x90][0x9f]Y[0x9c][0x9f][0x7][0xea]1[0xa5][0xa5]&[0x16][0x91][0xd7][0xfb]4[0x1f]L[0xe3][0xd0][0xe6][0xe6](I211[0x91][0xac]^[0xa0][0xb9][0xf9]`[0xaa]',P[0x9a][0x80][0xc1]%[0xa5][0x5][0xa9]i[0xe4][0xcd][0xa1][0x99][[0xa0][0xf5][0xf9]JA[0x9d][0xcf][0xa4][0xcc][0xa2][0x14][0xf2][0x82][0xc9][0x2][0xa5][0x9c][0xe]J,K[0xcd]K[0xce]I,'[0xd3]0[0x94]r[0xd6][0xbd][0xa8]2--3/%[0x9f][0xbc][0x9]ks[0x8b][0xc1][0xd4] [0xb3]@I[0x95][0x3]\j[[0xc][0xa6][0x82][0xd2][0x12]%m[0xf]p[0xc8][0xa0][0x8e][0x17][0xe][0xb4]c[0x6]Q[0xeb][0xd0][0xc2][0x0]%[0xa3][0xf]l[0xc8]X[0x18][0xc][0xa2][0xac]ma0[0x88]F[0xbb],[0xc][0x6]Q[0xb5]ea8[0x88][0xb2][0xb6][0x85]!J[0xc5]7[0xc0][0x9][0xd8]p0[0xe5]&[0xc3][0xc1][0x94][0x9b][0x6][0xd3][0xd8][0xb1][0x85][0xe1][0xa0][0xca]M[0x83][0xa9]:0[0x1a]L[0xb9][0xc9][0x8]%[0x9a][0x2]J[0xb3][0xcb]KS[0xd2]3S1[0x1b][0xa1][0x0][0x0][0x0][0x0][0xff][0xff]"
10:31:04.076 [main] DEBUG org.apache.http.wire -  << "[\r][\n]"
10:31:04.076 [main] DEBUG org.apache.http.wire -  << "118[\r][\n]"
10:31:04.076 [main] DEBUG org.apache.http.wire -  << ""b}[0xa7][0x85][0xd1] j[0x1c]Y[0x18][0xf][0xa6][0x12]t0[0xad][0xd6][0xb0]0[0x1e]L[0x85][0x96][0xf1] j[0xdd][[0x18][0xf][0xa6][0x4]<[0x98][0xd6][0xc6]Z[0xc][0xa6][0xd9]7[0xb][0x93][0xc1][0x94][0x80]M[0x6]S[0x2]6[0x19]L[0x9]x0[0xcd][0xbe]Y[0xc][0xa6][0xd9]7[0x8b][0xc1]4[0xe1]e1[0x98][0xe6][0x98],[0x6][0xd3]z,[0x8b][0xc1][0xb4][0x1e][0xcb]b0[0xcd][0xa4]X[0x98][0xa1]4[0x1b][0x7][0xb8]Gh6[0x98]Z[0xf7][0xe6][0x83][0xa9]u[0x8f]:y1[0xc0][0xd1]d>[0x98]j[0xed][0xc1]4[0xef]b1[0x98]&L,[0xcc][0x7]SnB[0x9d]r[0x19][0xe0][0x4]l[0x81]2[0xc7]2[0xd0][0x8e][0x19]LC[0xa7][0x16][0x83][0xa9]:[0x18]L[0xbb]i,[0x6][0xd3][0xac][0x88][0x5][0xea][0xfa]i[0xff][0xe4][0xe4][0xc4][0xd4][0xe4][0xc4][0x92]L[0x85][0xd4][0xc4]"[0x94][0x8d][0xb7][0x85][0xa5][0x99][0x89][\n]"
10:31:04.076 [main] DEBUG org.apache.http.wire -  << "e[0xf9]9[0xa5][0x5]%[0x89][0xc5][\n]"
10:31:04.076 [main] DEBUG org.apache.http.wire -  << "`[0x1e]h[0xfb]o^jn>y[0xd3][0xdc][0x16][0x96][0x83][0xa9][0xec][0xb7][0x1c]L[0x9d]$[0xd4]%[0xd3][0x3][[0xa8]X[0xa2].[0xb5][0x1e]h[0xc7][0xc][0xa2][0x96][0x94][0xa5][0xc1] *[0xfb]-[\r][0x6]Q[0x2][0xb6][0x1c]L3U[0x96][0x83]i[0xc5][0xba][0xa5][0xd1] [0x1a][0x81][0xb6][0x1c]L[0xb3][0xe][0x96]F[0x83]h[0xe][0xcf][0xd2]h[0xe0][0xb3]vl-[0x17][0x0][0x0][0x0][0xff][0xff]"
10:31:04.076 [main] DEBUG org.apache.http.wire -  << "[\r][\n]"
10:31:04.076 [main] DEBUG org.apache.http.wire -  << "A[\r][\n]"
10:31:04.076 [main] DEBUG org.apache.http.wire -  << "[0x3][0x0][0xb7][0x8b][0xfe][0x92][0x96]C[0x0][0x0]"
10:31:04.076 [main] DEBUG org.apache.http.wire -  << "[\r][\n]"
10:31:04.076 [main] DEBUG org.apache.http.wire -  << "0[\r][\n]"
10:31:04.076 [main] DEBUG org.apache.http.wire -  << "[\r][\n]"
10:31:04.076 [main] DEBUG io.restassured.internal.RestAssuredHttpBuilder - Parsed data to instance of: class org.apache.http.conn.EofSensorInputStream
10:31:04.077 [main] DEBUG org.apache.http.impl.conn.BasicClientConnectionManager - Releasing connection org.apache.http.impl.conn.ManagedClientConnectionImpl@2b370ca9
10:31:04.077 [main] DEBUG org.apache.http.impl.conn.BasicClientConnectionManager - Connection can be kept alive indefinitely
10:31:04.082 [main] DEBUG net.thucydides.core.steps.StepInterceptor - STEP DONE: I send GET HTTP request comment
  &amp#27;[32mWhen &amp#27;[0m&amp#27;[32mI send GET HTTP request comment&amp#27;[0m                &amp#27;[90m# starter.stepdefinitions.CommentSteps.sendGetHttpRequestComment()&amp#27;[0m
10:31:04.085 [main] DEBUG net.thucydides.core.steps.StepInterceptor - STARTING STEP: CommentSteps.receiveValidHttp200Rating - I receive valid HTTP response code 200 comment
10:31:04.085 [main] DEBUG net.thucydides.core.steps.StepInterceptor - STEP DONE: I receive valid HTTP response code 200 comment
  &amp#27;[32mThen &amp#27;[0m&amp#27;[32mI receive valid HTTP response code 200 comment&amp#27;[0m &amp#27;[90m# starter.stepdefinitions.CommentSteps.receiveValidHttp200Rating()&amp#27;[0m
10:31:04.087 [main] INFO  - 
  _____   ___   ___   _____     ___     _     ___   ___   ___   ___  
 |_   _| | __| / __| |_   _|   | _ \   /_\   / __| / __| | __| |   \ 
   | |   | _|  \__ \   | |     |  _/  / _ \  \__ \ \__ \ | _|  | |) |
   |_|   |___| |___/   |_|     |_|   /_/ \_\ |___/ |___/ |___| |___/ 

GET - Get comment with correct endpoints
----------------------------------------------------------------------
]]></system-out>
  </testcase>
  <testcase name="Get comment with incorrect endpoints" classname="Comment" time="0.212">
    <system-out><![CDATA[
Scenario: Get comment with incorrect endpoints        &amp#27;[90m# src/test/resources/features/8. Comment.feature:17&amp#27;[0m
10:31:04.091 [main] DEBUG io.cucumber.core.plugin.SerenityReporter - Running feature from file:///C:/Users/WINDOWS%2010/Documents/GitHub/MiniProject_QE/API/minpro/src/test/resources/features/8.%20Comment.feature
10:31:04.094 [main] INFO  - 
  _____   ___   ___   _____     ___   _____     _     ___   _____   ___   ___  
 |_   _| | __| / __| |_   _|   / __| |_   _|   /_\   | _ \ |_   _| | __| |   \ 
   | |   | _|  \__ \   | |     \__ \   | |    / _ \  |   /   | |   | _|  | |) |
   |_|   |___| |___/   |_|     |___/   |_|   /_/ \_\ |_|_\   |_|   |___| |___/ 

Get comment with incorrect endpoints(comment;get-comment-with-incorrect-endpoints)
--------------------------------------------------------------------------------
10:31:04.109 [main] DEBUG net.thucydides.core.steps.StepInterceptor - STARTING STEP: CommentSteps.setGetApiEndpointComment2 - I set GET api endpoints comment2
10:31:04.109 [main] DEBUG net.thucydides.core.steps.StepInterceptor - STEP DONE: I set GET api endpoints comment2
  &amp#27;[32mGiven &amp#27;[0m&amp#27;[32mI set GET api endpoints comment2&amp#27;[0m              &amp#27;[90m# starter.stepdefinitions.CommentSteps.setGetApiEndpointComment2()&amp#27;[0m
10:31:04.114 [main] DEBUG net.thucydides.core.steps.StepInterceptor - STARTING STEP: CommentSteps.sendGetHttpRequestComment2 - I send GET HTTP request comment2
10:31:04.115 [main] DEBUG net.thucydides.core.steps.StepInterceptor - STARTING STEP: Comment.sendGetHttpRequestComment2 - I set GET api endpoints comment2
10:31:04.116 [main] DEBUG net.thucydides.core.steps.StepInterceptor - STEP DONE: I set GET api endpoints comment2
10:31:04.121 [main] DEBUG org.apache.http.impl.conn.BasicClientConnectionManager - Get connection for route {s}->https://altashop-api.fly.dev:443
10:31:04.122 [main] DEBUG org.apache.http.impl.conn.DefaultClientConnectionOperator - Connecting to altashop-api.fly.dev:443
10:31:04.209 [main] DEBUG org.apache.http.client.protocol.RequestAddCookies - CookieSpec selected: ignoreCookies
10:31:04.209 [main] DEBUG org.apache.http.client.protocol.RequestAuthCache - Auth cache not set in the context
10:31:04.209 [main] DEBUG org.apache.http.client.protocol.RequestTargetAuthentication - Target auth state: UNCHALLENGED
10:31:04.209 [main] DEBUG org.apache.http.client.protocol.RequestProxyAuthentication - Proxy auth state: UNCHALLENGED
10:31:04.209 [main] DEBUG org.apache.http.impl.client.DefaultHttpClient - Attempt 1 to execute request
10:31:04.209 [main] DEBUG org.apache.http.impl.conn.DefaultClientConnection - Sending request: GET /api/products/2/comment HTTP/1.1
10:31:04.209 [main] DEBUG org.apache.http.wire -  >> "GET /api/products/2/comment HTTP/1.1[\r][\n]"
10:31:04.209 [main] DEBUG org.apache.http.wire -  >> "Accept: */*[\r][\n]"
10:31:04.209 [main] DEBUG org.apache.http.wire -  >> "Host: altashop-api.fly.dev[\r][\n]"
10:31:04.209 [main] DEBUG org.apache.http.wire -  >> "Connection: Keep-Alive[\r][\n]"
10:31:04.209 [main] DEBUG org.apache.http.wire -  >> "User-Agent: Apache-HttpClient/4.5.13 (Java/15)[\r][\n]"
10:31:04.209 [main] DEBUG org.apache.http.wire -  >> "Accept-Encoding: gzip,deflate[\r][\n]"
10:31:04.209 [main] DEBUG org.apache.http.wire -  >> "[\r][\n]"
10:31:04.209 [main] DEBUG org.apache.http.headers - >> GET /api/products/2/comment HTTP/1.1
10:31:04.209 [main] DEBUG org.apache.http.headers - >> Accept: */*
10:31:04.209 [main] DEBUG org.apache.http.headers - >> Host: altashop-api.fly.dev
10:31:04.209 [main] DEBUG org.apache.http.headers - >> Connection: Keep-Alive
10:31:04.209 [main] DEBUG org.apache.http.headers - >> User-Agent: Apache-HttpClient/4.5.13 (Java/15)
10:31:04.209 [main] DEBUG org.apache.http.headers - >> Accept-Encoding: gzip,deflate
10:31:04.291 [main] DEBUG org.apache.http.wire -  << "HTTP/1.1 404 Not Found[\r][\n]"
10:31:04.291 [main] DEBUG org.apache.http.wire -  << "date: Sun, 07 May 2023 03:31:09 GMT[\r][\n]"
10:31:04.291 [main] DEBUG org.apache.http.wire -  << "content-encoding: gzip[\r][\n]"
10:31:04.291 [main] DEBUG org.apache.http.wire -  << "content-type: text/plain; charset=utf-8[\r][\n]"
10:31:04.291 [main] DEBUG org.apache.http.wire -  << "transfer-encoding: chunked[\r][\n]"
10:31:04.291 [main] DEBUG org.apache.http.wire -  << "server: Fly/3f2597ca (2023-05-03)[\r][\n]"
10:31:04.291 [main] DEBUG org.apache.http.wire -  << "via: 1.1 fly.io[\r][\n]"
10:31:04.291 [main] DEBUG org.apache.http.wire -  << "fly-request-id: 01GZT46R56NRTD37RJ1ABPF1B7-sin[\r][\n]"
10:31:04.291 [main] DEBUG org.apache.http.wire -  << "[\r][\n]"
10:31:04.291 [main] DEBUG org.apache.http.impl.conn.DefaultClientConnection - Receiving response: HTTP/1.1 404 Not Found
10:31:04.291 [main] DEBUG org.apache.http.headers - << HTTP/1.1 404 Not Found
10:31:04.291 [main] DEBUG org.apache.http.headers - << date: Sun, 07 May 2023 03:31:09 GMT
10:31:04.291 [main] DEBUG org.apache.http.headers - << content-encoding: gzip
10:31:04.291 [main] DEBUG org.apache.http.headers - << content-type: text/plain; charset=utf-8
10:31:04.291 [main] DEBUG org.apache.http.headers - << transfer-encoding: chunked
10:31:04.291 [main] DEBUG org.apache.http.headers - << server: Fly/3f2597ca (2023-05-03)
10:31:04.291 [main] DEBUG org.apache.http.headers - << via: 1.1 fly.io
10:31:04.291 [main] DEBUG org.apache.http.headers - << fly-request-id: 01GZT46R56NRTD37RJ1ABPF1B7-sin
10:31:04.291 [main] DEBUG org.apache.http.impl.client.DefaultHttpClient - Connection can be kept alive indefinitely
10:31:04.291 [main] DEBUG io.restassured.internal.RestAssuredHttpBuilder - Parsing response as: text/plain; charset=utf-8
10:31:04.291 [main] DEBUG org.apache.http.wire -  << "1E[\r][\n]"
10:31:04.291 [main] DEBUG org.apache.http.wire -  << "[0x1f][0x8b][0x8][0x0][0x0][0x0][0x0][0x0][0x4][0xff][0xcb][0xcb]/QH[0xcb]/[0xcd]K[0xe1][0x2][0x0][0xd4]I[0xfa]r[\n]"
10:31:04.291 [main] DEBUG org.apache.http.wire -  << "[0x0][0x0][0x0]"
10:31:04.291 [main] DEBUG org.apache.http.wire -  << "[\r][\n]"
10:31:04.291 [main] DEBUG org.apache.http.wire -  << "0[\r][\n]"
10:31:04.292 [main] DEBUG org.apache.http.wire -  << "[\r][\n]"
10:31:04.292 [main] DEBUG io.restassured.internal.RestAssuredHttpBuilder - Parsed data to instance of: class org.apache.http.conn.EofSensorInputStream
10:31:04.293 [main] DEBUG org.apache.http.impl.conn.BasicClientConnectionManager - Releasing connection org.apache.http.impl.conn.ManagedClientConnectionImpl@797ca322
10:31:04.293 [main] DEBUG org.apache.http.impl.conn.BasicClientConnectionManager - Connection can be kept alive indefinitely
10:31:04.293 [main] DEBUG net.thucydides.core.steps.StepInterceptor - STEP DONE: I send GET HTTP request comment2
  &amp#27;[32mWhen &amp#27;[0m&amp#27;[32mI send GET HTTP request comment2&amp#27;[0m               &amp#27;[90m# starter.stepdefinitions.CommentSteps.sendGetHttpRequestComment2()&amp#27;[0m
10:31:04.296 [main] DEBUG net.thucydides.core.steps.StepInterceptor - STARTING STEP: CommentSteps.receiveValidHttp404Rating - Then I receive valid HTTP response code 404 comment
10:31:04.297 [main] DEBUG net.thucydides.core.steps.StepInterceptor - STEP DONE: Then I receive valid HTTP response code 404 comment
  &amp#27;[32mThen &amp#27;[0m&amp#27;[32mI receive valid HTTP response code 404 comment&amp#27;[0m &amp#27;[90m# starter.stepdefinitions.CommentSteps.receiveValidHttp404Rating()&amp#27;[0m
10:31:04.299 [main] INFO  - 
  _____   ___   ___   _____     ___     _     ___   ___   ___   ___  
 |_   _| | __| / __| |_   _|   | _ \   /_\   / __| / __| | __| |   \ 
   | |   | _|  \__ \   | |     |  _/  / _ \  \__ \ \__ \ | _|  | |) |
   |_|   |___| |___/   |_|     |_|   /_/ \_\ |___/ |___/ |___| |___/ 

Get comment with incorrect endpoints
----------------------------------------------------------------------
]]></system-out>
  </testcase>
</testsuite>