<?xml version="1.0" encoding="UTF-8"?>
<testsuite xmlns:xsi="http://www.w3.org/2001/XMLSchema-instance" xsi:noNamespaceSchemaLocation="https://maven.apache.org/surefire/maven-failsafe-plugin/xsd/failsafe-test-report-3.0.xsd" version="3.0" name="starter.CucumberTestSuite" time="36.721" tests="37" errors="0" skipped="0" failures="0">
  <properties>
    <property name="java.specification.version" value="15"/>
    <property name="sun.cpu.isalist" value="amd64"/>
    <property name="sun.jnu.encoding" value="Cp1252"/>
    <property name="java.class.path" value="C:\Users\WINDOWS 10\Documents\GitHub\MiniProject_QE\API\minpro\target\test-classes;C:\Users\WINDOWS 10\.m2\repository\net\serenity-bdd\serenity-rest-assured\3.6.22\serenity-rest-assured-3.6.22.jar;C:\Users\WINDOWS 10\.m2\repository\org\apache\httpcomponents\httpclient\4.5.13\httpclient-4.5.13.jar;C:\Users\WINDOWS 10\.m2\repository\org\apache\httpcomponents\httpcore\4.4.13\httpcore-4.4.13.jar;C:\Users\WINDOWS 10\.m2\repository\commons-logging\commons-logging\1.2\commons-logging-1.2.jar;C:\Users\WINDOWS 10\.m2\repository\io\rest-assured\rest-assured\5.3.0\rest-assured-5.3.0.jar;C:\Users\WINDOWS 10\.m2\repository\org\apache\httpcomponents\httpmime\4.5.13\httpmime-4.5.13.jar;C:\Users\WINDOWS 10\.m2\repository\org\ccil\cowan\tagsoup\tagsoup\1.2.1\tagsoup-1.2.1.jar;C:\Users\WINDOWS 10\.m2\repository\io\rest-assured\json-path\5.3.0\json-path-5.3.0.jar;C:\Users\WINDOWS 10\.m2\repository\io\rest-assured\rest-assured-common\5.3.0\rest-assured-common-5.3.0.jar;C:\Users\WINDOWS 10\.m2\repository\io\rest-assured\xml-path\5.3.0\xml-path-5.3.0.jar;C:\Users\WINDOWS 10\.m2\repository\org\apache\groovy\groovy-json\4.0.10\groovy-json-4.0.10.jar;C:\Users\WINDOWS 10\.m2\repository\org\apache\groovy\groovy-xml\4.0.10\groovy-xml-4.0.10.jar;C:\Users\WINDOWS 10\.m2\repository\org\apache\groovy\groovy\4.0.10\groovy-4.0.10.jar;C:\Users\WINDOWS 10\.m2\repository\org\opentest4j\opentest4j\1.2.0\opentest4j-1.2.0.jar;C:\Users\WINDOWS 10\.m2\repository\net\serenity-bdd\serenity-core\3.6.21\serenity-core-3.6.21.jar;C:\Users\WINDOWS 10\.m2\repository\net\serenity-bdd\serenity-model\3.6.21\serenity-model-3.6.21.jar;C:\Users\WINDOWS 10\.m2\repository\org\apache\commons\commons-text\1.10.0\commons-text-1.10.0.jar;C:\Users\WINDOWS 10\.m2\repository\commons-net\commons-net\3.9.0\commons-net-3.9.0.jar;C:\Users\WINDOWS 10\.m2\repository\com\google\guava\guava\31.1-jre\guava-31.1-jre.jar;C:\Users\WINDOWS 10\.m2\repository\com\google\guava\failureaccess\1.0.1\failureaccess-1.0.1.jar;C:\Users\WINDOWS 10\.m2\repository\com\google\guava\listenablefuture\9999.0-empty-to-avoid-conflict-with-guava\listenablefuture-9999.0-empty-to-avoid-conflict-with-guava.jar;C:\Users\WINDOWS 10\.m2\repository\com\google\code\findbugs\jsr305\3.0.2\jsr305-3.0.2.jar;C:\Users\WINDOWS 10\.m2\repository\org\checkerframework\checker-qual\3.12.0\checker-qual-3.12.0.jar;C:\Users\WINDOWS 10\.m2\repository\com\google\errorprone\error_prone_annotations\2.11.0\error_prone_annotations-2.11.0.jar;C:\Users\WINDOWS 10\.m2\repository\com\google\j2objc\j2objc-annotations\1.3\j2objc-annotations-1.3.jar;C:\Users\WINDOWS 10\.m2\repository\com\google\inject\guice\5.1.0\guice-5.1.0.jar;C:\Users\WINDOWS 10\.m2\repository\javax\inject\javax.inject\1\javax.inject-1.jar;C:\Users\WINDOWS 10\.m2\repository\aopalliance\aopalliance\1.0\aopalliance-1.0.jar;C:\Users\WINDOWS 10\.m2\repository\org\jsoup\jsoup\1.14.3\jsoup-1.14.3.jar;C:\Users\WINDOWS 10\.m2\repository\com\thoughtworks\xstream\xstream\1.4.20\xstream-1.4.20.jar;C:\Users\WINDOWS 10\.m2\repository\io\github\x-stream\mxparser\1.2.2\mxparser-1.2.2.jar;C:\Users\WINDOWS 10\.m2\repository\xmlpull\xmlpull\1.1.3.1\xmlpull-1.1.3.1.jar;C:\Users\WINDOWS 10\.m2\repository\com\typesafe\config\1.4.2\config-1.4.2.jar;C:\Users\WINDOWS 10\.m2\repository\org\imgscalr\imgscalr-lib\4.2\imgscalr-lib-4.2.jar;C:\Users\WINDOWS 10\.m2\repository\org\awaitility\awaitility\4.2.0\awaitility-4.2.0.jar;C:\Users\WINDOWS 10\.m2\repository\org\freemarker\freemarker\2.3.31\freemarker-2.3.31.jar;C:\Users\WINDOWS 10\.m2\repository\io\github\classgraph\classgraph\4.8.138\classgraph-4.8.138.jar;C:\Users\WINDOWS 10\.m2\repository\net\sourceforge\jexcelapi\jxl\2.6.12\jxl-2.6.12.jar;C:\Users\WINDOWS 10\.m2\repository\net\bytebuddy\byte-buddy-agent\1.14.2\byte-buddy-agent-1.14.2.jar;C:\Users\WINDOWS 10\.m2\repository\org\objenesis\objenesis\3.3\objenesis-3.3.jar;C:\Users\WINDOWS 10\.m2\repository\net\serenity-bdd\serenity-reports\3.6.21\serenity-reports-3.6.21.jar;C:\Users\WINDOWS 10\.m2\repository\net\serenity-bdd\serenity-stats\3.6.21\serenity-stats-3.6.21.jar;C:\Users\WINDOWS 10\.m2\repository\net\serenity-bdd\serenity-reports-configuration\3.6.21\serenity-reports-configuration-3.6.21.jar;C:\Users\WINDOWS 10\.m2\repository\com\vladsch\flexmark\flexmark-all\0.62.2\flexmark-all-0.62.2.jar;C:\Users\WINDOWS 10\.m2\repository\com\vladsch\flexmark\flexmark\0.62.2\flexmark-0.62.2.jar;C:\Users\WINDOWS 10\.m2\repository\com\vladsch\flexmark\flexmark-ext-abbreviation\0.62.2\flexmark-ext-abbreviation-0.62.2.jar;C:\Users\WINDOWS 10\.m2\repository\com\vladsch\flexmark\flexmark-util\0.62.2\flexmark-util-0.62.2.jar;C:\Users\WINDOWS 10\.m2\repository\com\vladsch\flexmark\flexmark-ext-admonition\0.62.2\flexmark-ext-admonition-0.62.2.jar;C:\Users\WINDOWS 10\.m2\repository\com\vladsch\flexmark\flexmark-ext-anchorlink\0.62.2\flexmark-ext-anchorlink-0.62.2.jar;C:\Users\WINDOWS 10\.m2\repository\com\vladsch\flexmark\flexmark-ext-aside\0.62.2\flexmark-ext-aside-0.62.2.jar;C:\Users\WINDOWS 10\.m2\repository\com\vladsch\flexmark\flexmark-ext-attributes\0.62.2\flexmark-ext-attributes-0.62.2.jar;C:\Users\WINDOWS 10\.m2\repository\com\vladsch\flexmark\flexmark-ext-autolink\0.62.2\flexmark-ext-autolink-0.62.2.jar;C:\Users\WINDOWS 10\.m2\repository\org\nibor\autolink\autolink\0.6.0\autolink-0.6.0.jar;C:\Users\WINDOWS 10\.m2\repository\com\vladsch\flexmark\flexmark-ext-definition\0.62.2\flexmark-ext-definition-0.62.2.jar;C:\Users\WINDOWS 10\.m2\repository\com\vladsch\flexmark\flexmark-ext-emoji\0.62.2\flexmark-ext-emoji-0.62.2.jar;C:\Users\WINDOWS 10\.m2\repository\com\vladsch\flexmark\flexmark-ext-enumerated-reference\0.62.2\flexmark-ext-enumerated-reference-0.62.2.jar;C:\Users\WINDOWS 10\.m2\repository\com\vladsch\flexmark\flexmark-ext-escaped-character\0.62.2\flexmark-ext-escaped-character-0.62.2.jar;C:\Users\WINDOWS 10\.m2\repository\com\vladsch\flexmark\flexmark-ext-footnotes\0.62.2\flexmark-ext-footnotes-0.62.2.jar;C:\Users\WINDOWS 10\.m2\repository\com\vladsch\flexmark\flexmark-ext-gfm-issues\0.62.2\flexmark-ext-gfm-issues-0.62.2.jar;C:\Users\WINDOWS 10\.m2\repository\com\vladsch\flexmark\flexmark-ext-gfm-strikethrough\0.62.2\flexmark-ext-gfm-strikethrough-0.62.2.jar;C:\Users\WINDOWS 10\.m2\repository\com\vladsch\flexmark\flexmark-ext-gfm-tasklist\0.62.2\flexmark-ext-gfm-tasklist-0.62.2.jar;C:\Users\WINDOWS 10\.m2\repository\com\vladsch\flexmark\flexmark-ext-gfm-users\0.62.2\flexmark-ext-gfm-users-0.62.2.jar;C:\Users\WINDOWS 10\.m2\repository\com\vladsch\flexmark\flexmark-ext-gitlab\0.62.2\flexmark-ext-gitlab-0.62.2.jar;C:\Users\WINDOWS 10\.m2\repository\com\vladsch\flexmark\flexmark-ext-jekyll-front-matter\0.62.2\flexmark-ext-jekyll-front-matter-0.62.2.jar;C:\Users\WINDOWS 10\.m2\repository\com\vladsch\flexmark\flexmark-ext-jekyll-tag\0.62.2\flexmark-ext-jekyll-tag-0.62.2.jar;C:\Users\WINDOWS 10\.m2\repository\com\vladsch\flexmark\flexmark-ext-media-tags\0.62.2\flexmark-ext-media-tags-0.62.2.jar;C:\Users\WINDOWS 10\.m2\repository\com\vladsch\flexmark\flexmark-ext-macros\0.62.2\flexmark-ext-macros-0.62.2.jar;C:\Users\WINDOWS 10\.m2\repository\com\vladsch\flexmark\flexmark-ext-ins\0.62.2\flexmark-ext-ins-0.62.2.jar;C:\Users\WINDOWS 10\.m2\repository\com\vladsch\flexmark\flexmark-ext-xwiki-macros\0.62.2\flexmark-ext-xwiki-macros-0.62.2.jar;C:\Users\WINDOWS 10\.m2\repository\com\vladsch\flexmark\flexmark-ext-superscript\0.62.2\flexmark-ext-superscript-0.62.2.jar;C:\Users\WINDOWS 10\.m2\repository\com\vladsch\flexmark\flexmark-ext-tables\0.62.2\flexmark-ext-tables-0.62.2.jar;C:\Users\WINDOWS 10\.m2\repository\com\vladsch\flexmark\flexmark-ext-toc\0.62.2\flexmark-ext-toc-0.62.2.jar;C:\Users\WINDOWS 10\.m2\repository\com\vladsch\flexmark\flexmark-ext-typographic\0.62.2\flexmark-ext-typographic-0.62.2.jar;C:\Users\WINDOWS 10\.m2\repository\com\vladsch\flexmark\flexmark-ext-wikilink\0.62.2\flexmark-ext-wikilink-0.62.2.jar;C:\Users\WINDOWS 10\.m2\repository\com\vladsch\flexmark\flexmark-ext-yaml-front-matter\0.62.2\flexmark-ext-yaml-front-matter-0.62.2.jar;C:\Users\WINDOWS 10\.m2\repository\com\vladsch\flexmark\flexmark-ext-youtube-embedded\0.62.2\flexmark-ext-youtube-embedded-0.62.2.jar;C:\Users\WINDOWS 10\.m2\repository\com\vladsch\flexmark\flexmark-html2md-converter\0.62.2\flexmark-html2md-converter-0.62.2.jar;C:\Users\WINDOWS 10\.m2\repository\com\vladsch\flexmark\flexmark-jira-converter\0.62.2\flexmark-jira-converter-0.62.2.jar;C:\Users\WINDOWS 10\.m2\repository\com\vladsch\flexmark\flexmark-pdf-converter\0.62.2\flexmark-pdf-converter-0.62.2.jar;C:\Users\WINDOWS 10\.m2\repository\com\openhtmltopdf\openhtmltopdf-core\1.0.0\openhtmltopdf-core-1.0.0.jar;C:\Users\WINDOWS 10\.m2\repository\com\openhtmltopdf\openhtmltopdf-pdfbox\1.0.0\openhtmltopdf-pdfbox-1.0.0.jar;C:\Users\WINDOWS 10\.m2\repository\org\apache\pdfbox\pdfbox\2.0.16\pdfbox-2.0.16.jar;C:\Users\WINDOWS 10\.m2\repository\org\apache\pdfbox\fontbox\2.0.16\fontbox-2.0.16.jar;C:\Users\WINDOWS 10\.m2\repository\org\apache\pdfbox\xmpbox\2.0.16\xmpbox-2.0.16.jar;C:\Users\WINDOWS 10\.m2\repository\de\rototor\pdfbox\graphics2d\0.24\graphics2d-0.24.jar;C:\Users\WINDOWS 10\.m2\repository\com\openhtmltopdf\openhtmltopdf-rtl-support\1.0.0\openhtmltopdf-rtl-support-1.0.0.jar;C:\Users\WINDOWS 10\.m2\repository\com\openhtmltopdf\openhtmltopdf-jsoup-dom-converter\1.0.0\openhtmltopdf-jsoup-dom-converter-1.0.0.jar;C:\Users\WINDOWS 10\.m2\repository\com\vladsch\flexmark\flexmark-profile-pegdown\0.62.2\flexmark-profile-pegdown-0.62.2.jar;C:\Users\WINDOWS 10\.m2\repository\com\vladsch\flexmark\flexmark-util-ast\0.62.2\flexmark-util-ast-0.62.2.jar;C:\Users\WINDOWS 10\.m2\repository\com\vladsch\flexmark\flexmark-util-builder\0.62.2\flexmark-util-builder-0.62.2.jar;C:\Users\WINDOWS 10\.m2\repository\com\vladsch\flexmark\flexmark-util-collection\0.62.2\flexmark-util-collection-0.62.2.jar;C:\Users\WINDOWS 10\.m2\repository\com\vladsch\flexmark\flexmark-util-data\0.62.2\flexmark-util-data-0.62.2.jar;C:\Users\WINDOWS 10\.m2\repository\com\vladsch\flexmark\flexmark-util-dependency\0.62.2\flexmark-util-dependency-0.62.2.jar;C:\Users\WINDOWS 10\.m2\repository\com\vladsch\flexmark\flexmark-util-format\0.62.2\flexmark-util-format-0.62.2.jar;C:\Users\WINDOWS 10\.m2\repository\com\vladsch\flexmark\flexmark-util-html\0.62.2\flexmark-util-html-0.62.2.jar;C:\Users\WINDOWS 10\.m2\repository\com\vladsch\flexmark\flexmark-util-misc\0.62.2\flexmark-util-misc-0.62.2.jar;C:\Users\WINDOWS 10\.m2\repository\com\vladsch\flexmark\flexmark-util-options\0.62.2\flexmark-util-options-0.62.2.jar;C:\Users\WINDOWS 10\.m2\repository\com\vladsch\flexmark\flexmark-util-sequence\0.62.2\flexmark-util-sequence-0.62.2.jar;C:\Users\WINDOWS 10\.m2\repository\com\vladsch\flexmark\flexmark-util-visitor\0.62.2\flexmark-util-visitor-0.62.2.jar;C:\Users\WINDOWS 10\.m2\repository\com\vladsch\flexmark\flexmark-youtrack-converter\0.62.2\flexmark-youtrack-converter-0.62.2.jar;C:\Users\WINDOWS 10\.m2\repository\com\ibm\icu\icu4j\72.1\icu4j-72.1.jar;C:\Users\WINDOWS 10\.m2\repository\es\nitaur\markdown\txtmark\0.16\txtmark-0.16.jar;C:\Users\WINDOWS 10\.m2\repository\net\serenity-bdd\serenity-report-resources\3.6.21\serenity-report-resources-3.6.21.jar;C:\Users\WINDOWS 10\.m2\repository\com\google\code\gson\gson\2.10.1\gson-2.10.1.jar;C:\Users\WINDOWS 10\.m2\repository\com\fasterxml\jackson\core\jackson-core\2.15.0-rc1\jackson-core-2.15.0-rc1.jar;C:\Users\WINDOWS 10\.m2\repository\com\fasterxml\jackson\core\jackson-databind\2.15.0-rc1\jackson-databind-2.15.0-rc1.jar;C:\Users\WINDOWS 10\.m2\repository\com\fasterxml\jackson\core\jackson-annotations\2.15.0-rc1\jackson-annotations-2.15.0-rc1.jar;C:\Users\WINDOWS 10\.m2\repository\commons-codec\commons-codec\1.15\commons-codec-1.15.jar;C:\Users\WINDOWS 10\.m2\repository\commons-io\commons-io\2.11.0\commons-io-2.11.0.jar;C:\Users\WINDOWS 10\.m2\repository\org\seleniumhq\selenium\selenium-java\4.8.1\selenium-java-4.8.1.jar;C:\Users\WINDOWS 10\.m2\repository\org\seleniumhq\selenium\selenium-devtools-v108\4.8.1\selenium-devtools-v108-4.8.1.jar;C:\Users\WINDOWS 10\.m2\repository\org\seleniumhq\selenium\selenium-devtools-v109\4.8.1\selenium-devtools-v109-4.8.1.jar;C:\Users\WINDOWS 10\.m2\repository\org\seleniumhq\selenium\selenium-devtools-v110\4.8.1\selenium-devtools-v110-4.8.1.jar;C:\Users\WINDOWS 10\.m2\repository\org\seleniumhq\selenium\selenium-devtools-v85\4.8.1\selenium-devtools-v85-4.8.1.jar;C:\Users\WINDOWS 10\.m2\repository\org\seleniumhq\selenium\selenium-remote-driver\4.8.1\selenium-remote-driver-4.8.1.jar;C:\Users\WINDOWS 10\.m2\repository\com\beust\jcommander\1.82\jcommander-1.82.jar;C:\Users\WINDOWS 10\.m2\repository\io\netty\netty-buffer\4.1.87.Final\netty-buffer-4.1.87.Final.jar;C:\Users\WINDOWS 10\.m2\repository\io\netty\netty-codec-http\4.1.87.Final\netty-codec-http-4.1.87.Final.jar;C:\Users\WINDOWS 10\.m2\repository\io\netty\netty-codec\4.1.87.Final\netty-codec-4.1.87.Final.jar;C:\Users\WINDOWS 10\.m2\repository\io\netty\netty-handler\4.1.87.Final\netty-handler-4.1.87.Final.jar;C:\Users\WINDOWS 10\.m2\repository\io\netty\netty-common\4.1.87.Final\netty-common-4.1.87.Final.jar;C:\Users\WINDOWS 10\.m2\repository\io\netty\netty-transport-classes-epoll\4.1.87.Final\netty-transport-classes-epoll-4.1.87.Final.jar;C:\Users\WINDOWS 10\.m2\repository\io\netty\netty-transport-classes-kqueue\4.1.87.Final\netty-transport-classes-kqueue-4.1.87.Final.jar;C:\Users\WINDOWS 10\.m2\repository\io\netty\netty-transport-native-epoll\4.1.87.Final\netty-transport-native-epoll-4.1.87.Final.jar;C:\Users\WINDOWS 10\.m2\repository\io\netty\netty-transport-native-kqueue\4.1.87.Final\netty-transport-native-kqueue-4.1.87.Final.jar;C:\Users\WINDOWS 10\.m2\repository\io\netty\netty-transport-native-unix-common\4.1.87.Final\netty-transport-native-unix-common-4.1.87.Final.jar;C:\Users\WINDOWS 10\.m2\repository\io\netty\netty-transport\4.1.87.Final\netty-transport-4.1.87.Final.jar;C:\Users\WINDOWS 10\.m2\repository\io\netty\netty-resolver\4.1.87.Final\netty-resolver-4.1.87.Final.jar;C:\Users\WINDOWS 10\.m2\repository\io\opentelemetry\opentelemetry-api\1.22.0\opentelemetry-api-1.22.0.jar;C:\Users\WINDOWS 10\.m2\repository\io\opentelemetry\opentelemetry-context\1.22.0\opentelemetry-context-1.22.0.jar;C:\Users\WINDOWS 10\.m2\repository\io\opentelemetry\opentelemetry-exporter-logging\1.22.0\opentelemetry-exporter-logging-1.22.0.jar;C:\Users\WINDOWS 10\.m2\repository\io\opentelemetry\opentelemetry-sdk-metrics\1.22.0\opentelemetry-sdk-metrics-1.22.0.jar;C:\Users\WINDOWS 10\.m2\repository\io\opentelemetry\opentelemetry-sdk-logs\1.22.0-alpha\opentelemetry-sdk-logs-1.22.0-alpha.jar;C:\Users\WINDOWS 10\.m2\repository\io\opentelemetry\opentelemetry-api-logs\1.22.0-alpha\opentelemetry-api-logs-1.22.0-alpha.jar;C:\Users\WINDOWS 10\.m2\repository\io\opentelemetry\opentelemetry-sdk-common\1.22.0\opentelemetry-sdk-common-1.22.0.jar;C:\Users\WINDOWS 10\.m2\repository\io\opentelemetry\opentelemetry-sdk-extension-autoconfigure-spi\1.22.0\opentelemetry-sdk-extension-autoconfigure-spi-1.22.0.jar;C:\Users\WINDOWS 10\.m2\repository\io\opentelemetry\opentelemetry-sdk-extension-autoconfigure\1.22.0-alpha\opentelemetry-sdk-extension-autoconfigure-1.22.0-alpha.jar;C:\Users\WINDOWS 10\.m2\repository\io\opentelemetry\opentelemetry-sdk-trace\1.22.0\opentelemetry-sdk-trace-1.22.0.jar;C:\Users\WINDOWS 10\.m2\repository\io\opentelemetry\opentelemetry-sdk\1.22.0\opentelemetry-sdk-1.22.0.jar;C:\Users\WINDOWS 10\.m2\repository\io\opentelemetry\opentelemetry-semconv\1.22.0-alpha\opentelemetry-semconv-1.22.0-alpha.jar;C:\Users\WINDOWS 10\.m2\repository\io\ous\jtoml\2.0.0\jtoml-2.0.0.jar;C:\Users\WINDOWS 10\.m2\repository\org\apache\commons\commons-exec\1.3\commons-exec-1.3.jar;C:\Users\WINDOWS 10\.m2\repository\org\asynchttpclient\async-http-client\2.12.3\async-http-client-2.12.3.jar;C:\Users\WINDOWS 10\.m2\repository\org\asynchttpclient\async-http-client-netty-utils\2.12.3\async-http-client-netty-utils-2.12.3.jar;C:\Users\WINDOWS 10\.m2\repository\io\netty\netty-codec-socks\4.1.60.Final\netty-codec-socks-4.1.60.Final.jar;C:\Users\WINDOWS 10\.m2\repository\io\netty\netty-handler-proxy\4.1.60.Final\netty-handler-proxy-4.1.60.Final.jar;C:\Users\WINDOWS 10\.m2\repository\io\netty\netty-transport-native-epoll\4.1.60.Final\netty-transport-native-epoll-4.1.60.Final-linux-x86_64.jar;C:\Users\WINDOWS 10\.m2\repository\io\netty\netty-transport-native-kqueue\4.1.60.Final\netty-transport-native-kqueue-4.1.60.Final-osx-x86_64.jar;C:\Users\WINDOWS 10\.m2\repository\org\reactivestreams\reactive-streams\1.0.3\reactive-streams-1.0.3.jar;C:\Users\WINDOWS 10\.m2\repository\com\typesafe\netty\netty-reactive-streams\2.0.4\netty-reactive-streams-2.0.4.jar;C:\Users\WINDOWS 10\.m2\repository\org\seleniumhq\selenium\selenium-manager\4.8.1\selenium-manager-4.8.1.jar;C:\Users\WINDOWS 10\.m2\repository\org\seleniumhq\selenium\selenium-safari-driver\4.8.1\selenium-safari-driver-4.8.1.jar;C:\Users\WINDOWS 10\.m2\repository\org\seleniumhq\selenium\selenium-api\4.8.1\selenium-api-4.8.1.jar;C:\Users\WINDOWS 10\.m2\repository\org\seleniumhq\selenium\selenium-support\4.8.1\selenium-support-4.8.1.jar;C:\Users\WINDOWS 10\.m2\repository\com\google\auto\service\auto-service-annotations\1.0.1\auto-service-annotations-1.0.1.jar;C:\Users\WINDOWS 10\.m2\repository\com\google\auto\service\auto-service\1.0.1\auto-service-1.0.1.jar;C:\Users\WINDOWS 10\.m2\repository\com\google\auto\auto-common\1.2\auto-common-1.2.jar;C:\Users\WINDOWS 10\.m2\repository\org\seleniumhq\selenium\selenium-json\4.8.1\selenium-json-4.8.1.jar;C:\Users\WINDOWS 10\.m2\repository\org\seleniumhq\selenium\selenium-chrome-driver\4.8.1\selenium-chrome-driver-4.8.1.jar;C:\Users\WINDOWS 10\.m2\repository\org\seleniumhq\selenium\selenium-chromium-driver\4.8.1\selenium-chromium-driver-4.8.1.jar;C:\Users\WINDOWS 10\.m2\repository\org\seleniumhq\selenium\selenium-firefox-driver\4.8.1\selenium-firefox-driver-4.8.1.jar;C:\Users\WINDOWS 10\.m2\repository\org\seleniumhq\selenium\selenium-http\4.8.1\selenium-http-4.8.1.jar;C:\Users\WINDOWS 10\.m2\repository\dev\failsafe\failsafe\3.3.0\failsafe-3.3.0.jar;C:\Users\WINDOWS 10\.m2\repository\org\seleniumhq\selenium\selenium-edge-driver\4.8.1\selenium-edge-driver-4.8.1.jar;C:\Users\WINDOWS 10\.m2\repository\org\seleniumhq\selenium\selenium-ie-driver\4.8.1\selenium-ie-driver-4.8.1.jar;C:\Users\WINDOWS 10\.m2\repository\org\projectlombok\lombok\1.18.20\lombok-1.18.20.jar;C:\Users\WINDOWS 10\.m2\repository\io\appium\java-client\8.3.0\java-client-8.3.0.jar;C:\Users\WINDOWS 10\.m2\repository\commons-validator\commons-validator\1.7\commons-validator-1.7.jar;C:\Users\WINDOWS 10\.m2\repository\commons-digester\commons-digester\2.1\commons-digester-2.1.jar;C:\Users\WINDOWS 10\.m2\repository\net\sf\opencsv\opencsv\2.0\opencsv-2.0.jar;C:\Users\WINDOWS 10\.m2\repository\commons-beanutils\commons-beanutils\1.9.4\commons-beanutils-1.9.4.jar;C:\Users\WINDOWS 10\.m2\repository\org\apache\commons\commons-lang3\3.12.0\commons-lang3-3.12.0.jar;C:\Users\WINDOWS 10\.m2\repository\commons-collections\commons-collections\3.2.2\commons-collections-3.2.2.jar;C:\Users\WINDOWS 10\.m2\repository\org\fluentlenium\fluentlenium-core\0.10.2\fluentlenium-core-0.10.2.jar;C:\Users\WINDOWS 10\.m2\repository\io\github\bonigarcia\webdrivermanager\5.3.0\webdrivermanager-5.3.0.jar;C:\Users\WINDOWS 10\.m2\repository\com\github\docker-java\docker-java\3.2.13\docker-java-3.2.13.jar;C:\Users\WINDOWS 10\.m2\repository\com\github\docker-java\docker-java-core\3.2.13\docker-java-core-3.2.13.jar;C:\Users\WINDOWS 10\.m2\repository\com\github\docker-java\docker-java-api\3.2.13\docker-java-api-3.2.13.jar;C:\Users\WINDOWS 10\.m2\repository\org\apache\commons\commons-compress\1.21\commons-compress-1.21.jar;C:\Users\WINDOWS 10\.m2\repository\org\bouncycastle\bcpkix-jdk15on\1.64\bcpkix-jdk15on-1.64.jar;C:\Users\WINDOWS 10\.m2\repository\org\bouncycastle\bcprov-jdk15on\1.64\bcprov-jdk15on-1.64.jar;C:\Users\WINDOWS 10\.m2\repository\org\slf4j\jcl-over-slf4j\1.7.30\jcl-over-slf4j-1.7.30.jar;C:\Users\WINDOWS 10\.m2\repository\com\github\docker-java\docker-java-transport-httpclient5\3.2.13\docker-java-transport-httpclient5-3.2.13.jar;C:\Users\WINDOWS 10\.m2\repository\com\github\docker-java\docker-java-transport\3.2.13\docker-java-transport-3.2.13.jar;C:\Users\WINDOWS 10\.m2\repository\net\java\dev\jna\jna\5.8.0\jna-5.8.0.jar;C:\Users\WINDOWS 10\.m2\repository\org\brotli\dec\0.1.2\dec-0.1.2.jar;C:\Users\WINDOWS 10\.m2\repository\org\apache\httpcomponents\client5\httpclient5\5.1.3\httpclient5-5.1.3.jar;C:\Users\WINDOWS 10\.m2\repository\org\apache\httpcomponents\core5\httpcore5\5.1.3\httpcore5-5.1.3.jar;C:\Users\WINDOWS 10\.m2\repository\org\apache\httpcomponents\core5\httpcore5-h2\5.1.3\httpcore5-h2-5.1.3.jar;C:\Users\WINDOWS 10\.m2\repository\com\jhlabs\filters\2.0.235\filters-2.0.235.jar;C:\Users\WINDOWS 10\.m2\repository\com\paulhammant\ngwebdriver\1.1.6\ngwebdriver-1.1.6.jar;C:\Users\WINDOWS 10\.m2\repository\joda-time\joda-time\2.12.2\joda-time-2.12.2.jar;C:\Users\WINDOWS 10\.m2\repository\org\hamcrest\hamcrest\2.2\hamcrest-2.2.jar;C:\Users\WINDOWS 10\.m2\repository\com\google\jimfs\jimfs\1.2\jimfs-1.2.jar;C:\Users\WINDOWS 10\.m2\repository\org\mockito\mockito-core\3.3.3\mockito-core-3.3.3.jar;C:\Users\WINDOWS 10\.m2\repository\javax\xml\bind\jaxb-api\2.3.1\jaxb-api-2.3.1.jar;C:\Users\WINDOWS 10\.m2\repository\javax\activation\javax.activation-api\1.2.0\javax.activation-api-1.2.0.jar;C:\Users\WINDOWS 10\.m2\repository\com\sun\xml\bind\jaxb-core\2.3.0.1\jaxb-core-2.3.0.1.jar;C:\Users\WINDOWS 10\.m2\repository\com\sun\xml\bind\jaxb-impl\2.3.3\jaxb-impl-2.3.3.jar;C:\Users\WINDOWS 10\.m2\repository\jakarta\xml\bind\jakarta.xml.bind-api\2.3.3\jakarta.xml.bind-api-2.3.3.jar;C:\Users\WINDOWS 10\.m2\repository\com\sun\activation\jakarta.activation\1.2.2\jakarta.activation-1.2.2.jar;C:\Users\WINDOWS 10\.m2\repository\javax\activation\activation\1.1.1\activation-1.1.1.jar;C:\Users\WINDOWS 10\.m2\repository\net\serenity-bdd\serenity-cucumber\3.6.21\serenity-cucumber-3.6.21.jar;C:\Users\WINDOWS 10\.m2\repository\io\cucumber\cucumber-core\7.11.0\cucumber-core-7.11.0.jar;C:\Users\WINDOWS 10\.m2\repository\io\cucumber\cucumber-gherkin\7.11.0\cucumber-gherkin-7.11.0.jar;C:\Users\WINDOWS 10\.m2\repository\io\cucumber\cucumber-gherkin-messages\7.11.0\cucumber-gherkin-messages-7.11.0.jar;C:\Users\WINDOWS 10\.m2\repository\io\cucumber\gherkin\26.0.3\gherkin-26.0.3.jar;C:\Users\WINDOWS 10\.m2\repository\io\cucumber\messages\21.0.1\messages-21.0.1.jar;C:\Users\WINDOWS 10\.m2\repository\io\cucumber\tag-expressions\5.0.1\tag-expressions-5.0.1.jar;C:\Users\WINDOWS 10\.m2\repository\io\cucumber\cucumber-expressions\16.1.1\cucumber-expressions-16.1.1.jar;C:\Users\WINDOWS 10\.m2\repository\io\cucumber\datatable\7.11.0\datatable-7.11.0.jar;C:\Users\WINDOWS 10\.m2\repository\io\cucumber\cucumber-plugin\7.11.0\cucumber-plugin-7.11.0.jar;C:\Users\WINDOWS 10\.m2\repository\io\cucumber\docstring\7.11.0\docstring-7.11.0.jar;C:\Users\WINDOWS 10\.m2\repository\io\cucumber\html-formatter\20.2.1\html-formatter-20.2.1.jar;C:\Users\WINDOWS 10\.m2\repository\io\cucumber\junit-xml-formatter\0.1.0\junit-xml-formatter-0.1.0.jar;C:\Users\WINDOWS 10\.m2\repository\io\cucumber\ci-environment\9.1.0\ci-environment-9.1.0.jar;C:\Users\WINDOWS 10\.m2\repository\io\cucumber\cucumber-java\7.11.0\cucumber-java-7.11.0.jar;C:\Users\WINDOWS 10\.m2\repository\io\cucumber\cucumber-junit\7.11.0\cucumber-junit-7.11.0.jar;C:\Users\WINDOWS 10\.m2\repository\org\apache\commons\commons-csv\1.5\commons-csv-1.5.jar;C:\Users\WINDOWS 10\.m2\repository\net\serenity-bdd\serenity-screenplay\3.6.21\serenity-screenplay-3.6.21.jar;C:\Users\WINDOWS 10\.m2\repository\net\serenity-bdd\serenity-screenplay-webdriver\3.6.21\serenity-screenplay-webdriver-3.6.21.jar;C:\Users\WINDOWS 10\.m2\repository\net\serenity-bdd\serenity-ensure\3.6.21\serenity-ensure-3.6.21.jar;C:\Users\WINDOWS 10\.m2\repository\net\serenity-bdd\serenity-junit\3.6.21\serenity-junit-3.6.21.jar;C:\Users\WINDOWS 10\.m2\repository\org\jetbrains\kotlin\kotlin-stdlib\1.8.10\kotlin-stdlib-1.8.10.jar;C:\Users\WINDOWS 10\.m2\repository\org\jetbrains\kotlin\kotlin-stdlib-common\1.8.10\kotlin-stdlib-common-1.8.10.jar;C:\Users\WINDOWS 10\.m2\repository\org\jetbrains\annotations\13.0\annotations-13.0.jar;C:\Users\WINDOWS 10\.m2\repository\org\junit\platform\junit-platform-launcher\1.8.2\junit-platform-launcher-1.8.2.jar;C:\Users\WINDOWS 10\.m2\repository\org\junit\platform\junit-platform-engine\1.8.2\junit-platform-engine-1.8.2.jar;C:\Users\WINDOWS 10\.m2\repository\org\junit\platform\junit-platform-commons\1.8.2\junit-platform-commons-1.8.2.jar;C:\Users\WINDOWS 10\.m2\repository\org\apiguardian\apiguardian-api\1.1.2\apiguardian-api-1.1.2.jar;C:\Users\WINDOWS 10\.m2\repository\org\junit\jupiter\junit-jupiter-engine\5.8.2\junit-jupiter-engine-5.8.2.jar;C:\Users\WINDOWS 10\.m2\repository\org\junit\jupiter\junit-jupiter-api\5.8.2\junit-jupiter-api-5.8.2.jar;C:\Users\WINDOWS 10\.m2\repository\org\junit\vintage\junit-vintage-engine\5.8.2\junit-vintage-engine-5.8.2.jar;C:\Users\WINDOWS 10\.m2\repository\junit\junit\4.13.2\junit-4.13.2.jar;C:\Users\WINDOWS 10\.m2\repository\org\hamcrest\hamcrest-core\1.3\hamcrest-core-1.3.jar;C:\Users\WINDOWS 10\.m2\repository\ch\qos\logback\logback-classic\1.2.10\logback-classic-1.2.10.jar;C:\Users\WINDOWS 10\.m2\repository\ch\qos\logback\logback-core\1.2.10\logback-core-1.2.10.jar;C:\Users\WINDOWS 10\.m2\repository\org\slf4j\slf4j-api\1.7.32\slf4j-api-1.7.32.jar;C:\Users\WINDOWS 10\.m2\repository\org\assertj\assertj-core\3.23.1\assertj-core-3.23.1.jar;C:\Users\WINDOWS 10\.m2\repository\net\bytebuddy\byte-buddy\1.12.10\byte-buddy-1.12.10.jar;C:\Users\WINDOWS 10\.m2\repository\com\googlecode\json-simple\json-simple\1.1.1\json-simple-1.1.1.jar;"/>
    <property name="java.vm.vendor" value="Oracle Corporation"/>
    <property name="sun.arch.data.model" value="64"/>
    <property name="user.variant" value=""/>
    <property name="java.vendor.url" value="https://java.oracle.com/"/>
    <property name="user.timezone" value="Asia/Bangkok"/>
    <property name="os.name" value="Windows 10"/>
    <property name="java.vm.specification.version" value="15"/>
    <property name="sun.java.launcher" value="SUN_STANDARD"/>
    <property name="user.country" value="US"/>
    <property name="sun.boot.library.path" value="C:\Program Files\Java\jdk-15\bin"/>
    <property name="sun.java.command" value="org.apache.maven.surefire.booter.ForkedBooter C:\Users\WINDOWS 10\AppData\Local\Temp\surefire8441230550220915205 2023-05-08T16-19-31_765-jvmRun1 surefire15723215008264328390tmp surefire_012226026032638511461tmp"/>
    <property name="jdk.debug" value="release"/>
    <property name="surefire.test.class.path" value="C:\Users\WINDOWS 10\Documents\GitHub\MiniProject_QE\API\minpro\target\test-classes;C:\Users\WINDOWS 10\.m2\repository\net\serenity-bdd\serenity-rest-assured\3.6.22\serenity-rest-assured-3.6.22.jar;C:\Users\WINDOWS 10\.m2\repository\org\apache\httpcomponents\httpclient\4.5.13\httpclient-4.5.13.jar;C:\Users\WINDOWS 10\.m2\repository\org\apache\httpcomponents\httpcore\4.4.13\httpcore-4.4.13.jar;C:\Users\WINDOWS 10\.m2\repository\commons-logging\commons-logging\1.2\commons-logging-1.2.jar;C:\Users\WINDOWS 10\.m2\repository\io\rest-assured\rest-assured\5.3.0\rest-assured-5.3.0.jar;C:\Users\WINDOWS 10\.m2\repository\org\apache\httpcomponents\httpmime\4.5.13\httpmime-4.5.13.jar;C:\Users\WINDOWS 10\.m2\repository\org\ccil\cowan\tagsoup\tagsoup\1.2.1\tagsoup-1.2.1.jar;C:\Users\WINDOWS 10\.m2\repository\io\rest-assured\json-path\5.3.0\json-path-5.3.0.jar;C:\Users\WINDOWS 10\.m2\repository\io\rest-assured\rest-assured-common\5.3.0\rest-assured-common-5.3.0.jar;C:\Users\WINDOWS 10\.m2\repository\io\rest-assured\xml-path\5.3.0\xml-path-5.3.0.jar;C:\Users\WINDOWS 10\.m2\repository\org\apache\groovy\groovy-json\4.0.10\groovy-json-4.0.10.jar;C:\Users\WINDOWS 10\.m2\repository\org\apache\groovy\groovy-xml\4.0.10\groovy-xml-4.0.10.jar;C:\Users\WINDOWS 10\.m2\repository\org\apache\groovy\groovy\4.0.10\groovy-4.0.10.jar;C:\Users\WINDOWS 10\.m2\repository\org\opentest4j\opentest4j\1.2.0\opentest4j-1.2.0.jar;C:\Users\WINDOWS 10\.m2\repository\net\serenity-bdd\serenity-core\3.6.21\serenity-core-3.6.21.jar;C:\Users\WINDOWS 10\.m2\repository\net\serenity-bdd\serenity-model\3.6.21\serenity-model-3.6.21.jar;C:\Users\WINDOWS 10\.m2\repository\org\apache\commons\commons-text\1.10.0\commons-text-1.10.0.jar;C:\Users\WINDOWS 10\.m2\repository\commons-net\commons-net\3.9.0\commons-net-3.9.0.jar;C:\Users\WINDOWS 10\.m2\repository\com\google\guava\guava\31.1-jre\guava-31.1-jre.jar;C:\Users\WINDOWS 10\.m2\repository\com\google\guava\failureaccess\1.0.1\failureaccess-1.0.1.jar;C:\Users\WINDOWS 10\.m2\repository\com\google\guava\listenablefuture\9999.0-empty-to-avoid-conflict-with-guava\listenablefuture-9999.0-empty-to-avoid-conflict-with-guava.jar;C:\Users\WINDOWS 10\.m2\repository\com\google\code\findbugs\jsr305\3.0.2\jsr305-3.0.2.jar;C:\Users\WINDOWS 10\.m2\repository\org\checkerframework\checker-qual\3.12.0\checker-qual-3.12.0.jar;C:\Users\WINDOWS 10\.m2\repository\com\google\errorprone\error_prone_annotations\2.11.0\error_prone_annotations-2.11.0.jar;C:\Users\WINDOWS 10\.m2\repository\com\google\j2objc\j2objc-annotations\1.3\j2objc-annotations-1.3.jar;C:\Users\WINDOWS 10\.m2\repository\com\google\inject\guice\5.1.0\guice-5.1.0.jar;C:\Users\WINDOWS 10\.m2\repository\javax\inject\javax.inject\1\javax.inject-1.jar;C:\Users\WINDOWS 10\.m2\repository\aopalliance\aopalliance\1.0\aopalliance-1.0.jar;C:\Users\WINDOWS 10\.m2\repository\org\jsoup\jsoup\1.14.3\jsoup-1.14.3.jar;C:\Users\WINDOWS 10\.m2\repository\com\thoughtworks\xstream\xstream\1.4.20\xstream-1.4.20.jar;C:\Users\WINDOWS 10\.m2\repository\io\github\x-stream\mxparser\1.2.2\mxparser-1.2.2.jar;C:\Users\WINDOWS 10\.m2\repository\xmlpull\xmlpull\1.1.3.1\xmlpull-1.1.3.1.jar;C:\Users\WINDOWS 10\.m2\repository\com\typesafe\config\1.4.2\config-1.4.2.jar;C:\Users\WINDOWS 10\.m2\repository\org\imgscalr\imgscalr-lib\4.2\imgscalr-lib-4.2.jar;C:\Users\WINDOWS 10\.m2\repository\org\awaitility\awaitility\4.2.0\awaitility-4.2.0.jar;C:\Users\WINDOWS 10\.m2\repository\org\freemarker\freemarker\2.3.31\freemarker-2.3.31.jar;C:\Users\WINDOWS 10\.m2\repository\io\github\classgraph\classgraph\4.8.138\classgraph-4.8.138.jar;C:\Users\WINDOWS 10\.m2\repository\net\sourceforge\jexcelapi\jxl\2.6.12\jxl-2.6.12.jar;C:\Users\WINDOWS 10\.m2\repository\net\bytebuddy\byte-buddy-agent\1.14.2\byte-buddy-agent-1.14.2.jar;C:\Users\WINDOWS 10\.m2\repository\org\objenesis\objenesis\3.3\objenesis-3.3.jar;C:\Users\WINDOWS 10\.m2\repository\net\serenity-bdd\serenity-reports\3.6.21\serenity-reports-3.6.21.jar;C:\Users\WINDOWS 10\.m2\repository\net\serenity-bdd\serenity-stats\3.6.21\serenity-stats-3.6.21.jar;C:\Users\WINDOWS 10\.m2\repository\net\serenity-bdd\serenity-reports-configuration\3.6.21\serenity-reports-configuration-3.6.21.jar;C:\Users\WINDOWS 10\.m2\repository\com\vladsch\flexmark\flexmark-all\0.62.2\flexmark-all-0.62.2.jar;C:\Users\WINDOWS 10\.m2\repository\com\vladsch\flexmark\flexmark\0.62.2\flexmark-0.62.2.jar;C:\Users\WINDOWS 10\.m2\repository\com\vladsch\flexmark\flexmark-ext-abbreviation\0.62.2\flexmark-ext-abbreviation-0.62.2.jar;C:\Users\WINDOWS 10\.m2\repository\com\vladsch\flexmark\flexmark-util\0.62.2\flexmark-util-0.62.2.jar;C:\Users\WINDOWS 10\.m2\repository\com\vladsch\flexmark\flexmark-ext-admonition\0.62.2\flexmark-ext-admonition-0.62.2.jar;C:\Users\WINDOWS 10\.m2\repository\com\vladsch\flexmark\flexmark-ext-anchorlink\0.62.2\flexmark-ext-anchorlink-0.62.2.jar;C:\Users\WINDOWS 10\.m2\repository\com\vladsch\flexmark\flexmark-ext-aside\0.62.2\flexmark-ext-aside-0.62.2.jar;C:\Users\WINDOWS 10\.m2\repository\com\vladsch\flexmark\flexmark-ext-attributes\0.62.2\flexmark-ext-attributes-0.62.2.jar;C:\Users\WINDOWS 10\.m2\repository\com\vladsch\flexmark\flexmark-ext-autolink\0.62.2\flexmark-ext-autolink-0.62.2.jar;C:\Users\WINDOWS 10\.m2\repository\org\nibor\autolink\autolink\0.6.0\autolink-0.6.0.jar;C:\Users\WINDOWS 10\.m2\repository\com\vladsch\flexmark\flexmark-ext-definition\0.62.2\flexmark-ext-definition-0.62.2.jar;C:\Users\WINDOWS 10\.m2\repository\com\vladsch\flexmark\flexmark-ext-emoji\0.62.2\flexmark-ext-emoji-0.62.2.jar;C:\Users\WINDOWS 10\.m2\repository\com\vladsch\flexmark\flexmark-ext-enumerated-reference\0.62.2\flexmark-ext-enumerated-reference-0.62.2.jar;C:\Users\WINDOWS 10\.m2\repository\com\vladsch\flexmark\flexmark-ext-escaped-character\0.62.2\flexmark-ext-escaped-character-0.62.2.jar;C:\Users\WINDOWS 10\.m2\repository\com\vladsch\flexmark\flexmark-ext-footnotes\0.62.2\flexmark-ext-footnotes-0.62.2.jar;C:\Users\WINDOWS 10\.m2\repository\com\vladsch\flexmark\flexmark-ext-gfm-issues\0.62.2\flexmark-ext-gfm-issues-0.62.2.jar;C:\Users\WINDOWS 10\.m2\repository\com\vladsch\flexmark\flexmark-ext-gfm-strikethrough\0.62.2\flexmark-ext-gfm-strikethrough-0.62.2.jar;C:\Users\WINDOWS 10\.m2\repository\com\vladsch\flexmark\flexmark-ext-gfm-tasklist\0.62.2\flexmark-ext-gfm-tasklist-0.62.2.jar;C:\Users\WINDOWS 10\.m2\repository\com\vladsch\flexmark\flexmark-ext-gfm-users\0.62.2\flexmark-ext-gfm-users-0.62.2.jar;C:\Users\WINDOWS 10\.m2\repository\com\vladsch\flexmark\flexmark-ext-gitlab\0.62.2\flexmark-ext-gitlab-0.62.2.jar;C:\Users\WINDOWS 10\.m2\repository\com\vladsch\flexmark\flexmark-ext-jekyll-front-matter\0.62.2\flexmark-ext-jekyll-front-matter-0.62.2.jar;C:\Users\WINDOWS 10\.m2\repository\com\vladsch\flexmark\flexmark-ext-jekyll-tag\0.62.2\flexmark-ext-jekyll-tag-0.62.2.jar;C:\Users\WINDOWS 10\.m2\repository\com\vladsch\flexmark\flexmark-ext-media-tags\0.62.2\flexmark-ext-media-tags-0.62.2.jar;C:\Users\WINDOWS 10\.m2\repository\com\vladsch\flexmark\flexmark-ext-macros\0.62.2\flexmark-ext-macros-0.62.2.jar;C:\Users\WINDOWS 10\.m2\repository\com\vladsch\flexmark\flexmark-ext-ins\0.62.2\flexmark-ext-ins-0.62.2.jar;C:\Users\WINDOWS 10\.m2\repository\com\vladsch\flexmark\flexmark-ext-xwiki-macros\0.62.2\flexmark-ext-xwiki-macros-0.62.2.jar;C:\Users\WINDOWS 10\.m2\repository\com\vladsch\flexmark\flexmark-ext-superscript\0.62.2\flexmark-ext-superscript-0.62.2.jar;C:\Users\WINDOWS 10\.m2\repository\com\vladsch\flexmark\flexmark-ext-tables\0.62.2\flexmark-ext-tables-0.62.2.jar;C:\Users\WINDOWS 10\.m2\repository\com\vladsch\flexmark\flexmark-ext-toc\0.62.2\flexmark-ext-toc-0.62.2.jar;C:\Users\WINDOWS 10\.m2\repository\com\vladsch\flexmark\flexmark-ext-typographic\0.62.2\flexmark-ext-typographic-0.62.2.jar;C:\Users\WINDOWS 10\.m2\repository\com\vladsch\flexmark\flexmark-ext-wikilink\0.62.2\flexmark-ext-wikilink-0.62.2.jar;C:\Users\WINDOWS 10\.m2\repository\com\vladsch\flexmark\flexmark-ext-yaml-front-matter\0.62.2\flexmark-ext-yaml-front-matter-0.62.2.jar;C:\Users\WINDOWS 10\.m2\repository\com\vladsch\flexmark\flexmark-ext-youtube-embedded\0.62.2\flexmark-ext-youtube-embedded-0.62.2.jar;C:\Users\WINDOWS 10\.m2\repository\com\vladsch\flexmark\flexmark-html2md-converter\0.62.2\flexmark-html2md-converter-0.62.2.jar;C:\Users\WINDOWS 10\.m2\repository\com\vladsch\flexmark\flexmark-jira-converter\0.62.2\flexmark-jira-converter-0.62.2.jar;C:\Users\WINDOWS 10\.m2\repository\com\vladsch\flexmark\flexmark-pdf-converter\0.62.2\flexmark-pdf-converter-0.62.2.jar;C:\Users\WINDOWS 10\.m2\repository\com\openhtmltopdf\openhtmltopdf-core\1.0.0\openhtmltopdf-core-1.0.0.jar;C:\Users\WINDOWS 10\.m2\repository\com\openhtmltopdf\openhtmltopdf-pdfbox\1.0.0\openhtmltopdf-pdfbox-1.0.0.jar;C:\Users\WINDOWS 10\.m2\repository\org\apache\pdfbox\pdfbox\2.0.16\pdfbox-2.0.16.jar;C:\Users\WINDOWS 10\.m2\repository\org\apache\pdfbox\fontbox\2.0.16\fontbox-2.0.16.jar;C:\Users\WINDOWS 10\.m2\repository\org\apache\pdfbox\xmpbox\2.0.16\xmpbox-2.0.16.jar;C:\Users\WINDOWS 10\.m2\repository\de\rototor\pdfbox\graphics2d\0.24\graphics2d-0.24.jar;C:\Users\WINDOWS 10\.m2\repository\com\openhtmltopdf\openhtmltopdf-rtl-support\1.0.0\openhtmltopdf-rtl-support-1.0.0.jar;C:\Users\WINDOWS 10\.m2\repository\com\openhtmltopdf\openhtmltopdf-jsoup-dom-converter\1.0.0\openhtmltopdf-jsoup-dom-converter-1.0.0.jar;C:\Users\WINDOWS 10\.m2\repository\com\vladsch\flexmark\flexmark-profile-pegdown\0.62.2\flexmark-profile-pegdown-0.62.2.jar;C:\Users\WINDOWS 10\.m2\repository\com\vladsch\flexmark\flexmark-util-ast\0.62.2\flexmark-util-ast-0.62.2.jar;C:\Users\WINDOWS 10\.m2\repository\com\vladsch\flexmark\flexmark-util-builder\0.62.2\flexmark-util-builder-0.62.2.jar;C:\Users\WINDOWS 10\.m2\repository\com\vladsch\flexmark\flexmark-util-collection\0.62.2\flexmark-util-collection-0.62.2.jar;C:\Users\WINDOWS 10\.m2\repository\com\vladsch\flexmark\flexmark-util-data\0.62.2\flexmark-util-data-0.62.2.jar;C:\Users\WINDOWS 10\.m2\repository\com\vladsch\flexmark\flexmark-util-dependency\0.62.2\flexmark-util-dependency-0.62.2.jar;C:\Users\WINDOWS 10\.m2\repository\com\vladsch\flexmark\flexmark-util-format\0.62.2\flexmark-util-format-0.62.2.jar;C:\Users\WINDOWS 10\.m2\repository\com\vladsch\flexmark\flexmark-util-html\0.62.2\flexmark-util-html-0.62.2.jar;C:\Users\WINDOWS 10\.m2\repository\com\vladsch\flexmark\flexmark-util-misc\0.62.2\flexmark-util-misc-0.62.2.jar;C:\Users\WINDOWS 10\.m2\repository\com\vladsch\flexmark\flexmark-util-options\0.62.2\flexmark-util-options-0.62.2.jar;C:\Users\WINDOWS 10\.m2\repository\com\vladsch\flexmark\flexmark-util-sequence\0.62.2\flexmark-util-sequence-0.62.2.jar;C:\Users\WINDOWS 10\.m2\repository\com\vladsch\flexmark\flexmark-util-visitor\0.62.2\flexmark-util-visitor-0.62.2.jar;C:\Users\WINDOWS 10\.m2\repository\com\vladsch\flexmark\flexmark-youtrack-converter\0.62.2\flexmark-youtrack-converter-0.62.2.jar;C:\Users\WINDOWS 10\.m2\repository\com\ibm\icu\icu4j\72.1\icu4j-72.1.jar;C:\Users\WINDOWS 10\.m2\repository\es\nitaur\markdown\txtmark\0.16\txtmark-0.16.jar;C:\Users\WINDOWS 10\.m2\repository\net\serenity-bdd\serenity-report-resources\3.6.21\serenity-report-resources-3.6.21.jar;C:\Users\WINDOWS 10\.m2\repository\com\google\code\gson\gson\2.10.1\gson-2.10.1.jar;C:\Users\WINDOWS 10\.m2\repository\com\fasterxml\jackson\core\jackson-core\2.15.0-rc1\jackson-core-2.15.0-rc1.jar;C:\Users\WINDOWS 10\.m2\repository\com\fasterxml\jackson\core\jackson-databind\2.15.0-rc1\jackson-databind-2.15.0-rc1.jar;C:\Users\WINDOWS 10\.m2\repository\com\fasterxml\jackson\core\jackson-annotations\2.15.0-rc1\jackson-annotations-2.15.0-rc1.jar;C:\Users\WINDOWS 10\.m2\repository\commons-codec\commons-codec\1.15\commons-codec-1.15.jar;C:\Users\WINDOWS 10\.m2\repository\commons-io\commons-io\2.11.0\commons-io-2.11.0.jar;C:\Users\WINDOWS 10\.m2\repository\org\seleniumhq\selenium\selenium-java\4.8.1\selenium-java-4.8.1.jar;C:\Users\WINDOWS 10\.m2\repository\org\seleniumhq\selenium\selenium-devtools-v108\4.8.1\selenium-devtools-v108-4.8.1.jar;C:\Users\WINDOWS 10\.m2\repository\org\seleniumhq\selenium\selenium-devtools-v109\4.8.1\selenium-devtools-v109-4.8.1.jar;C:\Users\WINDOWS 10\.m2\repository\org\seleniumhq\selenium\selenium-devtools-v110\4.8.1\selenium-devtools-v110-4.8.1.jar;C:\Users\WINDOWS 10\.m2\repository\org\seleniumhq\selenium\selenium-devtools-v85\4.8.1\selenium-devtools-v85-4.8.1.jar;C:\Users\WINDOWS 10\.m2\repository\org\seleniumhq\selenium\selenium-remote-driver\4.8.1\selenium-remote-driver-4.8.1.jar;C:\Users\WINDOWS 10\.m2\repository\com\beust\jcommander\1.82\jcommander-1.82.jar;C:\Users\WINDOWS 10\.m2\repository\io\netty\netty-buffer\4.1.87.Final\netty-buffer-4.1.87.Final.jar;C:\Users\WINDOWS 10\.m2\repository\io\netty\netty-codec-http\4.1.87.Final\netty-codec-http-4.1.87.Final.jar;C:\Users\WINDOWS 10\.m2\repository\io\netty\netty-codec\4.1.87.Final\netty-codec-4.1.87.Final.jar;C:\Users\WINDOWS 10\.m2\repository\io\netty\netty-handler\4.1.87.Final\netty-handler-4.1.87.Final.jar;C:\Users\WINDOWS 10\.m2\repository\io\netty\netty-common\4.1.87.Final\netty-common-4.1.87.Final.jar;C:\Users\WINDOWS 10\.m2\repository\io\netty\netty-transport-classes-epoll\4.1.87.Final\netty-transport-classes-epoll-4.1.87.Final.jar;C:\Users\WINDOWS 10\.m2\repository\io\netty\netty-transport-classes-kqueue\4.1.87.Final\netty-transport-classes-kqueue-4.1.87.Final.jar;C:\Users\WINDOWS 10\.m2\repository\io\netty\netty-transport-native-epoll\4.1.87.Final\netty-transport-native-epoll-4.1.87.Final.jar;C:\Users\WINDOWS 10\.m2\repository\io\netty\netty-transport-native-kqueue\4.1.87.Final\netty-transport-native-kqueue-4.1.87.Final.jar;C:\Users\WINDOWS 10\.m2\repository\io\netty\netty-transport-native-unix-common\4.1.87.Final\netty-transport-native-unix-common-4.1.87.Final.jar;C:\Users\WINDOWS 10\.m2\repository\io\netty\netty-transport\4.1.87.Final\netty-transport-4.1.87.Final.jar;C:\Users\WINDOWS 10\.m2\repository\io\netty\netty-resolver\4.1.87.Final\netty-resolver-4.1.87.Final.jar;C:\Users\WINDOWS 10\.m2\repository\io\opentelemetry\opentelemetry-api\1.22.0\opentelemetry-api-1.22.0.jar;C:\Users\WINDOWS 10\.m2\repository\io\opentelemetry\opentelemetry-context\1.22.0\opentelemetry-context-1.22.0.jar;C:\Users\WINDOWS 10\.m2\repository\io\opentelemetry\opentelemetry-exporter-logging\1.22.0\opentelemetry-exporter-logging-1.22.0.jar;C:\Users\WINDOWS 10\.m2\repository\io\opentelemetry\opentelemetry-sdk-metrics\1.22.0\opentelemetry-sdk-metrics-1.22.0.jar;C:\Users\WINDOWS 10\.m2\repository\io\opentelemetry\opentelemetry-sdk-logs\1.22.0-alpha\opentelemetry-sdk-logs-1.22.0-alpha.jar;C:\Users\WINDOWS 10\.m2\repository\io\opentelemetry\opentelemetry-api-logs\1.22.0-alpha\opentelemetry-api-logs-1.22.0-alpha.jar;C:\Users\WINDOWS 10\.m2\repository\io\opentelemetry\opentelemetry-sdk-common\1.22.0\opentelemetry-sdk-common-1.22.0.jar;C:\Users\WINDOWS 10\.m2\repository\io\opentelemetry\opentelemetry-sdk-extension-autoconfigure-spi\1.22.0\opentelemetry-sdk-extension-autoconfigure-spi-1.22.0.jar;C:\Users\WINDOWS 10\.m2\repository\io\opentelemetry\opentelemetry-sdk-extension-autoconfigure\1.22.0-alpha\opentelemetry-sdk-extension-autoconfigure-1.22.0-alpha.jar;C:\Users\WINDOWS 10\.m2\repository\io\opentelemetry\opentelemetry-sdk-trace\1.22.0\opentelemetry-sdk-trace-1.22.0.jar;C:\Users\WINDOWS 10\.m2\repository\io\opentelemetry\opentelemetry-sdk\1.22.0\opentelemetry-sdk-1.22.0.jar;C:\Users\WINDOWS 10\.m2\repository\io\opentelemetry\opentelemetry-semconv\1.22.0-alpha\opentelemetry-semconv-1.22.0-alpha.jar;C:\Users\WINDOWS 10\.m2\repository\io\ous\jtoml\2.0.0\jtoml-2.0.0.jar;C:\Users\WINDOWS 10\.m2\repository\org\apache\commons\commons-exec\1.3\commons-exec-1.3.jar;C:\Users\WINDOWS 10\.m2\repository\org\asynchttpclient\async-http-client\2.12.3\async-http-client-2.12.3.jar;C:\Users\WINDOWS 10\.m2\repository\org\asynchttpclient\async-http-client-netty-utils\2.12.3\async-http-client-netty-utils-2.12.3.jar;C:\Users\WINDOWS 10\.m2\repository\io\netty\netty-codec-socks\4.1.60.Final\netty-codec-socks-4.1.60.Final.jar;C:\Users\WINDOWS 10\.m2\repository\io\netty\netty-handler-proxy\4.1.60.Final\netty-handler-proxy-4.1.60.Final.jar;C:\Users\WINDOWS 10\.m2\repository\io\netty\netty-transport-native-epoll\4.1.60.Final\netty-transport-native-epoll-4.1.60.Final-linux-x86_64.jar;C:\Users\WINDOWS 10\.m2\repository\io\netty\netty-transport-native-kqueue\4.1.60.Final\netty-transport-native-kqueue-4.1.60.Final-osx-x86_64.jar;C:\Users\WINDOWS 10\.m2\repository\org\reactivestreams\reactive-streams\1.0.3\reactive-streams-1.0.3.jar;C:\Users\WINDOWS 10\.m2\repository\com\typesafe\netty\netty-reactive-streams\2.0.4\netty-reactive-streams-2.0.4.jar;C:\Users\WINDOWS 10\.m2\repository\org\seleniumhq\selenium\selenium-manager\4.8.1\selenium-manager-4.8.1.jar;C:\Users\WINDOWS 10\.m2\repository\org\seleniumhq\selenium\selenium-safari-driver\4.8.1\selenium-safari-driver-4.8.1.jar;C:\Users\WINDOWS 10\.m2\repository\org\seleniumhq\selenium\selenium-api\4.8.1\selenium-api-4.8.1.jar;C:\Users\WINDOWS 10\.m2\repository\org\seleniumhq\selenium\selenium-support\4.8.1\selenium-support-4.8.1.jar;C:\Users\WINDOWS 10\.m2\repository\com\google\auto\service\auto-service-annotations\1.0.1\auto-service-annotations-1.0.1.jar;C:\Users\WINDOWS 10\.m2\repository\com\google\auto\service\auto-service\1.0.1\auto-service-1.0.1.jar;C:\Users\WINDOWS 10\.m2\repository\com\google\auto\auto-common\1.2\auto-common-1.2.jar;C:\Users\WINDOWS 10\.m2\repository\org\seleniumhq\selenium\selenium-json\4.8.1\selenium-json-4.8.1.jar;C:\Users\WINDOWS 10\.m2\repository\org\seleniumhq\selenium\selenium-chrome-driver\4.8.1\selenium-chrome-driver-4.8.1.jar;C:\Users\WINDOWS 10\.m2\repository\org\seleniumhq\selenium\selenium-chromium-driver\4.8.1\selenium-chromium-driver-4.8.1.jar;C:\Users\WINDOWS 10\.m2\repository\org\seleniumhq\selenium\selenium-firefox-driver\4.8.1\selenium-firefox-driver-4.8.1.jar;C:\Users\WINDOWS 10\.m2\repository\org\seleniumhq\selenium\selenium-http\4.8.1\selenium-http-4.8.1.jar;C:\Users\WINDOWS 10\.m2\repository\dev\failsafe\failsafe\3.3.0\failsafe-3.3.0.jar;C:\Users\WINDOWS 10\.m2\repository\org\seleniumhq\selenium\selenium-edge-driver\4.8.1\selenium-edge-driver-4.8.1.jar;C:\Users\WINDOWS 10\.m2\repository\org\seleniumhq\selenium\selenium-ie-driver\4.8.1\selenium-ie-driver-4.8.1.jar;C:\Users\WINDOWS 10\.m2\repository\org\projectlombok\lombok\1.18.20\lombok-1.18.20.jar;C:\Users\WINDOWS 10\.m2\repository\io\appium\java-client\8.3.0\java-client-8.3.0.jar;C:\Users\WINDOWS 10\.m2\repository\commons-validator\commons-validator\1.7\commons-validator-1.7.jar;C:\Users\WINDOWS 10\.m2\repository\commons-digester\commons-digester\2.1\commons-digester-2.1.jar;C:\Users\WINDOWS 10\.m2\repository\net\sf\opencsv\opencsv\2.0\opencsv-2.0.jar;C:\Users\WINDOWS 10\.m2\repository\commons-beanutils\commons-beanutils\1.9.4\commons-beanutils-1.9.4.jar;C:\Users\WINDOWS 10\.m2\repository\org\apache\commons\commons-lang3\3.12.0\commons-lang3-3.12.0.jar;C:\Users\WINDOWS 10\.m2\repository\commons-collections\commons-collections\3.2.2\commons-collections-3.2.2.jar;C:\Users\WINDOWS 10\.m2\repository\org\fluentlenium\fluentlenium-core\0.10.2\fluentlenium-core-0.10.2.jar;C:\Users\WINDOWS 10\.m2\repository\io\github\bonigarcia\webdrivermanager\5.3.0\webdrivermanager-5.3.0.jar;C:\Users\WINDOWS 10\.m2\repository\com\github\docker-java\docker-java\3.2.13\docker-java-3.2.13.jar;C:\Users\WINDOWS 10\.m2\repository\com\github\docker-java\docker-java-core\3.2.13\docker-java-core-3.2.13.jar;C:\Users\WINDOWS 10\.m2\repository\com\github\docker-java\docker-java-api\3.2.13\docker-java-api-3.2.13.jar;C:\Users\WINDOWS 10\.m2\repository\org\apache\commons\commons-compress\1.21\commons-compress-1.21.jar;C:\Users\WINDOWS 10\.m2\repository\org\bouncycastle\bcpkix-jdk15on\1.64\bcpkix-jdk15on-1.64.jar;C:\Users\WINDOWS 10\.m2\repository\org\bouncycastle\bcprov-jdk15on\1.64\bcprov-jdk15on-1.64.jar;C:\Users\WINDOWS 10\.m2\repository\org\slf4j\jcl-over-slf4j\1.7.30\jcl-over-slf4j-1.7.30.jar;C:\Users\WINDOWS 10\.m2\repository\com\github\docker-java\docker-java-transport-httpclient5\3.2.13\docker-java-transport-httpclient5-3.2.13.jar;C:\Users\WINDOWS 10\.m2\repository\com\github\docker-java\docker-java-transport\3.2.13\docker-java-transport-3.2.13.jar;C:\Users\WINDOWS 10\.m2\repository\net\java\dev\jna\jna\5.8.0\jna-5.8.0.jar;C:\Users\WINDOWS 10\.m2\repository\org\brotli\dec\0.1.2\dec-0.1.2.jar;C:\Users\WINDOWS 10\.m2\repository\org\apache\httpcomponents\client5\httpclient5\5.1.3\httpclient5-5.1.3.jar;C:\Users\WINDOWS 10\.m2\repository\org\apache\httpcomponents\core5\httpcore5\5.1.3\httpcore5-5.1.3.jar;C:\Users\WINDOWS 10\.m2\repository\org\apache\httpcomponents\core5\httpcore5-h2\5.1.3\httpcore5-h2-5.1.3.jar;C:\Users\WINDOWS 10\.m2\repository\com\jhlabs\filters\2.0.235\filters-2.0.235.jar;C:\Users\WINDOWS 10\.m2\repository\com\paulhammant\ngwebdriver\1.1.6\ngwebdriver-1.1.6.jar;C:\Users\WINDOWS 10\.m2\repository\joda-time\joda-time\2.12.2\joda-time-2.12.2.jar;C:\Users\WINDOWS 10\.m2\repository\org\hamcrest\hamcrest\2.2\hamcrest-2.2.jar;C:\Users\WINDOWS 10\.m2\repository\com\google\jimfs\jimfs\1.2\jimfs-1.2.jar;C:\Users\WINDOWS 10\.m2\repository\org\mockito\mockito-core\3.3.3\mockito-core-3.3.3.jar;C:\Users\WINDOWS 10\.m2\repository\javax\xml\bind\jaxb-api\2.3.1\jaxb-api-2.3.1.jar;C:\Users\WINDOWS 10\.m2\repository\javax\activation\javax.activation-api\1.2.0\javax.activation-api-1.2.0.jar;C:\Users\WINDOWS 10\.m2\repository\com\sun\xml\bind\jaxb-core\2.3.0.1\jaxb-core-2.3.0.1.jar;C:\Users\WINDOWS 10\.m2\repository\com\sun\xml\bind\jaxb-impl\2.3.3\jaxb-impl-2.3.3.jar;C:\Users\WINDOWS 10\.m2\repository\jakarta\xml\bind\jakarta.xml.bind-api\2.3.3\jakarta.xml.bind-api-2.3.3.jar;C:\Users\WINDOWS 10\.m2\repository\com\sun\activation\jakarta.activation\1.2.2\jakarta.activation-1.2.2.jar;C:\Users\WINDOWS 10\.m2\repository\javax\activation\activation\1.1.1\activation-1.1.1.jar;C:\Users\WINDOWS 10\.m2\repository\net\serenity-bdd\serenity-cucumber\3.6.21\serenity-cucumber-3.6.21.jar;C:\Users\WINDOWS 10\.m2\repository\io\cucumber\cucumber-core\7.11.0\cucumber-core-7.11.0.jar;C:\Users\WINDOWS 10\.m2\repository\io\cucumber\cucumber-gherkin\7.11.0\cucumber-gherkin-7.11.0.jar;C:\Users\WINDOWS 10\.m2\repository\io\cucumber\cucumber-gherkin-messages\7.11.0\cucumber-gherkin-messages-7.11.0.jar;C:\Users\WINDOWS 10\.m2\repository\io\cucumber\gherkin\26.0.3\gherkin-26.0.3.jar;C:\Users\WINDOWS 10\.m2\repository\io\cucumber\messages\21.0.1\messages-21.0.1.jar;C:\Users\WINDOWS 10\.m2\repository\io\cucumber\tag-expressions\5.0.1\tag-expressions-5.0.1.jar;C:\Users\WINDOWS 10\.m2\repository\io\cucumber\cucumber-expressions\16.1.1\cucumber-expressions-16.1.1.jar;C:\Users\WINDOWS 10\.m2\repository\io\cucumber\datatable\7.11.0\datatable-7.11.0.jar;C:\Users\WINDOWS 10\.m2\repository\io\cucumber\cucumber-plugin\7.11.0\cucumber-plugin-7.11.0.jar;C:\Users\WINDOWS 10\.m2\repository\io\cucumber\docstring\7.11.0\docstring-7.11.0.jar;C:\Users\WINDOWS 10\.m2\repository\io\cucumber\html-formatter\20.2.1\html-formatter-20.2.1.jar;C:\Users\WINDOWS 10\.m2\repository\io\cucumber\junit-xml-formatter\0.1.0\junit-xml-formatter-0.1.0.jar;C:\Users\WINDOWS 10\.m2\repository\io\cucumber\ci-environment\9.1.0\ci-environment-9.1.0.jar;C:\Users\WINDOWS 10\.m2\repository\io\cucumber\cucumber-java\7.11.0\cucumber-java-7.11.0.jar;C:\Users\WINDOWS 10\.m2\repository\io\cucumber\cucumber-junit\7.11.0\cucumber-junit-7.11.0.jar;C:\Users\WINDOWS 10\.m2\repository\org\apache\commons\commons-csv\1.5\commons-csv-1.5.jar;C:\Users\WINDOWS 10\.m2\repository\net\serenity-bdd\serenity-screenplay\3.6.21\serenity-screenplay-3.6.21.jar;C:\Users\WINDOWS 10\.m2\repository\net\serenity-bdd\serenity-screenplay-webdriver\3.6.21\serenity-screenplay-webdriver-3.6.21.jar;C:\Users\WINDOWS 10\.m2\repository\net\serenity-bdd\serenity-ensure\3.6.21\serenity-ensure-3.6.21.jar;C:\Users\WINDOWS 10\.m2\repository\net\serenity-bdd\serenity-junit\3.6.21\serenity-junit-3.6.21.jar;C:\Users\WINDOWS 10\.m2\repository\org\jetbrains\kotlin\kotlin-stdlib\1.8.10\kotlin-stdlib-1.8.10.jar;C:\Users\WINDOWS 10\.m2\repository\org\jetbrains\kotlin\kotlin-stdlib-common\1.8.10\kotlin-stdlib-common-1.8.10.jar;C:\Users\WINDOWS 10\.m2\repository\org\jetbrains\annotations\13.0\annotations-13.0.jar;C:\Users\WINDOWS 10\.m2\repository\org\junit\platform\junit-platform-launcher\1.8.2\junit-platform-launcher-1.8.2.jar;C:\Users\WINDOWS 10\.m2\repository\org\junit\platform\junit-platform-engine\1.8.2\junit-platform-engine-1.8.2.jar;C:\Users\WINDOWS 10\.m2\repository\org\junit\platform\junit-platform-commons\1.8.2\junit-platform-commons-1.8.2.jar;C:\Users\WINDOWS 10\.m2\repository\org\apiguardian\apiguardian-api\1.1.2\apiguardian-api-1.1.2.jar;C:\Users\WINDOWS 10\.m2\repository\org\junit\jupiter\junit-jupiter-engine\5.8.2\junit-jupiter-engine-5.8.2.jar;C:\Users\WINDOWS 10\.m2\repository\org\junit\jupiter\junit-jupiter-api\5.8.2\junit-jupiter-api-5.8.2.jar;C:\Users\WINDOWS 10\.m2\repository\org\junit\vintage\junit-vintage-engine\5.8.2\junit-vintage-engine-5.8.2.jar;C:\Users\WINDOWS 10\.m2\repository\junit\junit\4.13.2\junit-4.13.2.jar;C:\Users\WINDOWS 10\.m2\repository\org\hamcrest\hamcrest-core\1.3\hamcrest-core-1.3.jar;C:\Users\WINDOWS 10\.m2\repository\ch\qos\logback\logback-classic\1.2.10\logback-classic-1.2.10.jar;C:\Users\WINDOWS 10\.m2\repository\ch\qos\logback\logback-core\1.2.10\logback-core-1.2.10.jar;C:\Users\WINDOWS 10\.m2\repository\org\slf4j\slf4j-api\1.7.32\slf4j-api-1.7.32.jar;C:\Users\WINDOWS 10\.m2\repository\org\assertj\assertj-core\3.23.1\assertj-core-3.23.1.jar;C:\Users\WINDOWS 10\.m2\repository\net\bytebuddy\byte-buddy\1.12.10\byte-buddy-1.12.10.jar;C:\Users\WINDOWS 10\.m2\repository\com\googlecode\json-simple\json-simple\1.1.1\json-simple-1.1.1.jar;"/>
    <property name="sun.cpu.endian" value="little"/>
    <property name="user.home" value="C:\Users\WINDOWS 10"/>
    <property name="user.language" value="en"/>
    <property name="java.specification.vendor" value="Oracle Corporation"/>
    <property name="jdk.module.path" value="C:\Users\WINDOWS 10\Documents\GitHub\MiniProject_QE\API\minpro\target\minpro-1.0-SNAPSHOT.jar"/>
    <property name="java.version.date" value="2020-09-15"/>
    <property name="java.home" value="C:\Program Files\Java\jdk-15"/>
    <property name="file.separator" value="\"/>
    <property name="basedir" value="C:\Users\WINDOWS 10\Documents\GitHub\MiniProject_QE\API\minpro"/>
    <property name="java.vm.compressedOopsMode" value="Zero based"/>
    <property name="line.separator" value="&#10;"/>
    <property name="java.vm.specification.vendor" value="Oracle Corporation"/>
    <property name="java.specification.name" value="Java Platform API Specification"/>
    <property name="surefire.real.class.path" value="C:\Users\WINDOWS 10\.m2\repository\org\apache\maven\surefire\surefire-booter\3.0.0-M5\surefire-booter-3.0.0-M5.jar;C:\Users\WINDOWS 10\.m2\repository\org\apache\maven\surefire\surefire-api\3.0.0-M5\surefire-api-3.0.0-M5.jar;C:\Users\WINDOWS 10\.m2\repository\org\apache\maven\surefire\surefire-logger-api\3.0.0-M5\surefire-logger-api-3.0.0-M5.jar;C:\Users\WINDOWS 10\.m2\repository\org\apache\maven\surefire\surefire-shared-utils\3.0.0-M4\surefire-shared-utils-3.0.0-M4.jar;C:\Users\WINDOWS 10\.m2\repository\org\apache\maven\surefire\surefire-extensions-spi\3.0.0-M5\surefire-extensions-spi-3.0.0-M5.jar;C:\Users\WINDOWS 10\Documents\GitHub\MiniProject_QE\API\minpro\target\test-classes;C:\Users\WINDOWS 10\.m2\repository\net\serenity-bdd\serenity-rest-assured\3.6.22\serenity-rest-assured-3.6.22.jar;C:\Users\WINDOWS 10\.m2\repository\org\apache\httpcomponents\httpclient\4.5.13\httpclient-4.5.13.jar;C:\Users\WINDOWS 10\.m2\repository\org\apache\httpcomponents\httpcore\4.4.13\httpcore-4.4.13.jar;C:\Users\WINDOWS 10\.m2\repository\commons-logging\commons-logging\1.2\commons-logging-1.2.jar;C:\Users\WINDOWS 10\.m2\repository\io\rest-assured\rest-assured\5.3.0\rest-assured-5.3.0.jar;C:\Users\WINDOWS 10\.m2\repository\org\apache\httpcomponents\httpmime\4.5.13\httpmime-4.5.13.jar;C:\Users\WINDOWS 10\.m2\repository\org\ccil\cowan\tagsoup\tagsoup\1.2.1\tagsoup-1.2.1.jar;C:\Users\WINDOWS 10\.m2\repository\io\rest-assured\json-path\5.3.0\json-path-5.3.0.jar;C:\Users\WINDOWS 10\.m2\repository\io\rest-assured\rest-assured-common\5.3.0\rest-assured-common-5.3.0.jar;C:\Users\WINDOWS 10\.m2\repository\io\rest-assured\xml-path\5.3.0\xml-path-5.3.0.jar;C:\Users\WINDOWS 10\.m2\repository\org\apache\groovy\groovy-json\4.0.10\groovy-json-4.0.10.jar;C:\Users\WINDOWS 10\.m2\repository\org\apache\groovy\groovy-xml\4.0.10\groovy-xml-4.0.10.jar;C:\Users\WINDOWS 10\.m2\repository\org\apache\groovy\groovy\4.0.10\groovy-4.0.10.jar;C:\Users\WINDOWS 10\.m2\repository\org\opentest4j\opentest4j\1.2.0\opentest4j-1.2.0.jar;C:\Users\WINDOWS 10\.m2\repository\net\serenity-bdd\serenity-core\3.6.21\serenity-core-3.6.21.jar;C:\Users\WINDOWS 10\.m2\repository\net\serenity-bdd\serenity-model\3.6.21\serenity-model-3.6.21.jar;C:\Users\WINDOWS 10\.m2\repository\org\apache\commons\commons-text\1.10.0\commons-text-1.10.0.jar;C:\Users\WINDOWS 10\.m2\repository\commons-net\commons-net\3.9.0\commons-net-3.9.0.jar;C:\Users\WINDOWS 10\.m2\repository\com\google\guava\guava\31.1-jre\guava-31.1-jre.jar;C:\Users\WINDOWS 10\.m2\repository\com\google\guava\failureaccess\1.0.1\failureaccess-1.0.1.jar;C:\Users\WINDOWS 10\.m2\repository\com\google\guava\listenablefuture\9999.0-empty-to-avoid-conflict-with-guava\listenablefuture-9999.0-empty-to-avoid-conflict-with-guava.jar;C:\Users\WINDOWS 10\.m2\repository\com\google\code\findbugs\jsr305\3.0.2\jsr305-3.0.2.jar;C:\Users\WINDOWS 10\.m2\repository\org\checkerframework\checker-qual\3.12.0\checker-qual-3.12.0.jar;C:\Users\WINDOWS 10\.m2\repository\com\google\errorprone\error_prone_annotations\2.11.0\error_prone_annotations-2.11.0.jar;C:\Users\WINDOWS 10\.m2\repository\com\google\j2objc\j2objc-annotations\1.3\j2objc-annotations-1.3.jar;C:\Users\WINDOWS 10\.m2\repository\com\google\inject\guice\5.1.0\guice-5.1.0.jar;C:\Users\WINDOWS 10\.m2\repository\javax\inject\javax.inject\1\javax.inject-1.jar;C:\Users\WINDOWS 10\.m2\repository\aopalliance\aopalliance\1.0\aopalliance-1.0.jar;C:\Users\WINDOWS 10\.m2\repository\org\jsoup\jsoup\1.14.3\jsoup-1.14.3.jar;C:\Users\WINDOWS 10\.m2\repository\com\thoughtworks\xstream\xstream\1.4.20\xstream-1.4.20.jar;C:\Users\WINDOWS 10\.m2\repository\io\github\x-stream\mxparser\1.2.2\mxparser-1.2.2.jar;C:\Users\WINDOWS 10\.m2\repository\xmlpull\xmlpull\1.1.3.1\xmlpull-1.1.3.1.jar;C:\Users\WINDOWS 10\.m2\repository\com\typesafe\config\1.4.2\config-1.4.2.jar;C:\Users\WINDOWS 10\.m2\repository\org\imgscalr\imgscalr-lib\4.2\imgscalr-lib-4.2.jar;C:\Users\WINDOWS 10\.m2\repository\org\awaitility\awaitility\4.2.0\awaitility-4.2.0.jar;C:\Users\WINDOWS 10\.m2\repository\org\freemarker\freemarker\2.3.31\freemarker-2.3.31.jar;C:\Users\WINDOWS 10\.m2\repository\io\github\classgraph\classgraph\4.8.138\classgraph-4.8.138.jar;C:\Users\WINDOWS 10\.m2\repository\net\sourceforge\jexcelapi\jxl\2.6.12\jxl-2.6.12.jar;C:\Users\WINDOWS 10\.m2\repository\net\bytebuddy\byte-buddy-agent\1.14.2\byte-buddy-agent-1.14.2.jar;C:\Users\WINDOWS 10\.m2\repository\org\objenesis\objenesis\3.3\objenesis-3.3.jar;C:\Users\WINDOWS 10\.m2\repository\net\serenity-bdd\serenity-reports\3.6.21\serenity-reports-3.6.21.jar;C:\Users\WINDOWS 10\.m2\repository\net\serenity-bdd\serenity-stats\3.6.21\serenity-stats-3.6.21.jar;C:\Users\WINDOWS 10\.m2\repository\net\serenity-bdd\serenity-reports-configuration\3.6.21\serenity-reports-configuration-3.6.21.jar;C:\Users\WINDOWS 10\.m2\repository\com\vladsch\flexmark\flexmark-all\0.62.2\flexmark-all-0.62.2.jar;C:\Users\WINDOWS 10\.m2\repository\com\vladsch\flexmark\flexmark\0.62.2\flexmark-0.62.2.jar;C:\Users\WINDOWS 10\.m2\repository\com\vladsch\flexmark\flexmark-ext-abbreviation\0.62.2\flexmark-ext-abbreviation-0.62.2.jar;C:\Users\WINDOWS 10\.m2\repository\com\vladsch\flexmark\flexmark-util\0.62.2\flexmark-util-0.62.2.jar;C:\Users\WINDOWS 10\.m2\repository\com\vladsch\flexmark\flexmark-ext-admonition\0.62.2\flexmark-ext-admonition-0.62.2.jar;C:\Users\WINDOWS 10\.m2\repository\com\vladsch\flexmark\flexmark-ext-anchorlink\0.62.2\flexmark-ext-anchorlink-0.62.2.jar;C:\Users\WINDOWS 10\.m2\repository\com\vladsch\flexmark\flexmark-ext-aside\0.62.2\flexmark-ext-aside-0.62.2.jar;C:\Users\WINDOWS 10\.m2\repository\com\vladsch\flexmark\flexmark-ext-attributes\0.62.2\flexmark-ext-attributes-0.62.2.jar;C:\Users\WINDOWS 10\.m2\repository\com\vladsch\flexmark\flexmark-ext-autolink\0.62.2\flexmark-ext-autolink-0.62.2.jar;C:\Users\WINDOWS 10\.m2\repository\org\nibor\autolink\autolink\0.6.0\autolink-0.6.0.jar;C:\Users\WINDOWS 10\.m2\repository\com\vladsch\flexmark\flexmark-ext-definition\0.62.2\flexmark-ext-definition-0.62.2.jar;C:\Users\WINDOWS 10\.m2\repository\com\vladsch\flexmark\flexmark-ext-emoji\0.62.2\flexmark-ext-emoji-0.62.2.jar;C:\Users\WINDOWS 10\.m2\repository\com\vladsch\flexmark\flexmark-ext-enumerated-reference\0.62.2\flexmark-ext-enumerated-reference-0.62.2.jar;C:\Users\WINDOWS 10\.m2\repository\com\vladsch\flexmark\flexmark-ext-escaped-character\0.62.2\flexmark-ext-escaped-character-0.62.2.jar;C:\Users\WINDOWS 10\.m2\repository\com\vladsch\flexmark\flexmark-ext-footnotes\0.62.2\flexmark-ext-footnotes-0.62.2.jar;C:\Users\WINDOWS 10\.m2\repository\com\vladsch\flexmark\flexmark-ext-gfm-issues\0.62.2\flexmark-ext-gfm-issues-0.62.2.jar;C:\Users\WINDOWS 10\.m2\repository\com\vladsch\flexmark\flexmark-ext-gfm-strikethrough\0.62.2\flexmark-ext-gfm-strikethrough-0.62.2.jar;C:\Users\WINDOWS 10\.m2\repository\com\vladsch\flexmark\flexmark-ext-gfm-tasklist\0.62.2\flexmark-ext-gfm-tasklist-0.62.2.jar;C:\Users\WINDOWS 10\.m2\repository\com\vladsch\flexmark\flexmark-ext-gfm-users\0.62.2\flexmark-ext-gfm-users-0.62.2.jar;C:\Users\WINDOWS 10\.m2\repository\com\vladsch\flexmark\flexmark-ext-gitlab\0.62.2\flexmark-ext-gitlab-0.62.2.jar;C:\Users\WINDOWS 10\.m2\repository\com\vladsch\flexmark\flexmark-ext-jekyll-front-matter\0.62.2\flexmark-ext-jekyll-front-matter-0.62.2.jar;C:\Users\WINDOWS 10\.m2\repository\com\vladsch\flexmark\flexmark-ext-jekyll-tag\0.62.2\flexmark-ext-jekyll-tag-0.62.2.jar;C:\Users\WINDOWS 10\.m2\repository\com\vladsch\flexmark\flexmark-ext-media-tags\0.62.2\flexmark-ext-media-tags-0.62.2.jar;C:\Users\WINDOWS 10\.m2\repository\com\vladsch\flexmark\flexmark-ext-macros\0.62.2\flexmark-ext-macros-0.62.2.jar;C:\Users\WINDOWS 10\.m2\repository\com\vladsch\flexmark\flexmark-ext-ins\0.62.2\flexmark-ext-ins-0.62.2.jar;C:\Users\WINDOWS 10\.m2\repository\com\vladsch\flexmark\flexmark-ext-xwiki-macros\0.62.2\flexmark-ext-xwiki-macros-0.62.2.jar;C:\Users\WINDOWS 10\.m2\repository\com\vladsch\flexmark\flexmark-ext-superscript\0.62.2\flexmark-ext-superscript-0.62.2.jar;C:\Users\WINDOWS 10\.m2\repository\com\vladsch\flexmark\flexmark-ext-tables\0.62.2\flexmark-ext-tables-0.62.2.jar;C:\Users\WINDOWS 10\.m2\repository\com\vladsch\flexmark\flexmark-ext-toc\0.62.2\flexmark-ext-toc-0.62.2.jar;C:\Users\WINDOWS 10\.m2\repository\com\vladsch\flexmark\flexmark-ext-typographic\0.62.2\flexmark-ext-typographic-0.62.2.jar;C:\Users\WINDOWS 10\.m2\repository\com\vladsch\flexmark\flexmark-ext-wikilink\0.62.2\flexmark-ext-wikilink-0.62.2.jar;C:\Users\WINDOWS 10\.m2\repository\com\vladsch\flexmark\flexmark-ext-yaml-front-matter\0.62.2\flexmark-ext-yaml-front-matter-0.62.2.jar;C:\Users\WINDOWS 10\.m2\repository\com\vladsch\flexmark\flexmark-ext-youtube-embedded\0.62.2\flexmark-ext-youtube-embedded-0.62.2.jar;C:\Users\WINDOWS 10\.m2\repository\com\vladsch\flexmark\flexmark-html2md-converter\0.62.2\flexmark-html2md-converter-0.62.2.jar;C:\Users\WINDOWS 10\.m2\repository\com\vladsch\flexmark\flexmark-jira-converter\0.62.2\flexmark-jira-converter-0.62.2.jar;C:\Users\WINDOWS 10\.m2\repository\com\vladsch\flexmark\flexmark-pdf-converter\0.62.2\flexmark-pdf-converter-0.62.2.jar;C:\Users\WINDOWS 10\.m2\repository\com\openhtmltopdf\openhtmltopdf-core\1.0.0\openhtmltopdf-core-1.0.0.jar;C:\Users\WINDOWS 10\.m2\repository\com\openhtmltopdf\openhtmltopdf-pdfbox\1.0.0\openhtmltopdf-pdfbox-1.0.0.jar;C:\Users\WINDOWS 10\.m2\repository\org\apache\pdfbox\pdfbox\2.0.16\pdfbox-2.0.16.jar;C:\Users\WINDOWS 10\.m2\repository\org\apache\pdfbox\fontbox\2.0.16\fontbox-2.0.16.jar;C:\Users\WINDOWS 10\.m2\repository\org\apache\pdfbox\xmpbox\2.0.16\xmpbox-2.0.16.jar;C:\Users\WINDOWS 10\.m2\repository\de\rototor\pdfbox\graphics2d\0.24\graphics2d-0.24.jar;C:\Users\WINDOWS 10\.m2\repository\com\openhtmltopdf\openhtmltopdf-rtl-support\1.0.0\openhtmltopdf-rtl-support-1.0.0.jar;C:\Users\WINDOWS 10\.m2\repository\com\openhtmltopdf\openhtmltopdf-jsoup-dom-converter\1.0.0\openhtmltopdf-jsoup-dom-converter-1.0.0.jar;C:\Users\WINDOWS 10\.m2\repository\com\vladsch\flexmark\flexmark-profile-pegdown\0.62.2\flexmark-profile-pegdown-0.62.2.jar;C:\Users\WINDOWS 10\.m2\repository\com\vladsch\flexmark\flexmark-util-ast\0.62.2\flexmark-util-ast-0.62.2.jar;C:\Users\WINDOWS 10\.m2\repository\com\vladsch\flexmark\flexmark-util-builder\0.62.2\flexmark-util-builder-0.62.2.jar;C:\Users\WINDOWS 10\.m2\repository\com\vladsch\flexmark\flexmark-util-collection\0.62.2\flexmark-util-collection-0.62.2.jar;C:\Users\WINDOWS 10\.m2\repository\com\vladsch\flexmark\flexmark-util-data\0.62.2\flexmark-util-data-0.62.2.jar;C:\Users\WINDOWS 10\.m2\repository\com\vladsch\flexmark\flexmark-util-dependency\0.62.2\flexmark-util-dependency-0.62.2.jar;C:\Users\WINDOWS 10\.m2\repository\com\vladsch\flexmark\flexmark-util-format\0.62.2\flexmark-util-format-0.62.2.jar;C:\Users\WINDOWS 10\.m2\repository\com\vladsch\flexmark\flexmark-util-html\0.62.2\flexmark-util-html-0.62.2.jar;C:\Users\WINDOWS 10\.m2\repository\com\vladsch\flexmark\flexmark-util-misc\0.62.2\flexmark-util-misc-0.62.2.jar;C:\Users\WINDOWS 10\.m2\repository\com\vladsch\flexmark\flexmark-util-options\0.62.2\flexmark-util-options-0.62.2.jar;C:\Users\WINDOWS 10\.m2\repository\com\vladsch\flexmark\flexmark-util-sequence\0.62.2\flexmark-util-sequence-0.62.2.jar;C:\Users\WINDOWS 10\.m2\repository\com\vladsch\flexmark\flexmark-util-visitor\0.62.2\flexmark-util-visitor-0.62.2.jar;C:\Users\WINDOWS 10\.m2\repository\com\vladsch\flexmark\flexmark-youtrack-converter\0.62.2\flexmark-youtrack-converter-0.62.2.jar;C:\Users\WINDOWS 10\.m2\repository\com\ibm\icu\icu4j\72.1\icu4j-72.1.jar;C:\Users\WINDOWS 10\.m2\repository\es\nitaur\markdown\txtmark\0.16\txtmark-0.16.jar;C:\Users\WINDOWS 10\.m2\repository\net\serenity-bdd\serenity-report-resources\3.6.21\serenity-report-resources-3.6.21.jar;C:\Users\WINDOWS 10\.m2\repository\com\google\code\gson\gson\2.10.1\gson-2.10.1.jar;C:\Users\WINDOWS 10\.m2\repository\com\fasterxml\jackson\core\jackson-core\2.15.0-rc1\jackson-core-2.15.0-rc1.jar;C:\Users\WINDOWS 10\.m2\repository\com\fasterxml\jackson\core\jackson-databind\2.15.0-rc1\jackson-databind-2.15.0-rc1.jar;C:\Users\WINDOWS 10\.m2\repository\com\fasterxml\jackson\core\jackson-annotations\2.15.0-rc1\jackson-annotations-2.15.0-rc1.jar;C:\Users\WINDOWS 10\.m2\repository\commons-codec\commons-codec\1.15\commons-codec-1.15.jar;C:\Users\WINDOWS 10\.m2\repository\commons-io\commons-io\2.11.0\commons-io-2.11.0.jar;C:\Users\WINDOWS 10\.m2\repository\org\seleniumhq\selenium\selenium-java\4.8.1\selenium-java-4.8.1.jar;C:\Users\WINDOWS 10\.m2\repository\org\seleniumhq\selenium\selenium-devtools-v108\4.8.1\selenium-devtools-v108-4.8.1.jar;C:\Users\WINDOWS 10\.m2\repository\org\seleniumhq\selenium\selenium-devtools-v109\4.8.1\selenium-devtools-v109-4.8.1.jar;C:\Users\WINDOWS 10\.m2\repository\org\seleniumhq\selenium\selenium-devtools-v110\4.8.1\selenium-devtools-v110-4.8.1.jar;C:\Users\WINDOWS 10\.m2\repository\org\seleniumhq\selenium\selenium-devtools-v85\4.8.1\selenium-devtools-v85-4.8.1.jar;C:\Users\WINDOWS 10\.m2\repository\org\seleniumhq\selenium\selenium-remote-driver\4.8.1\selenium-remote-driver-4.8.1.jar;C:\Users\WINDOWS 10\.m2\repository\com\beust\jcommander\1.82\jcommander-1.82.jar;C:\Users\WINDOWS 10\.m2\repository\io\netty\netty-buffer\4.1.87.Final\netty-buffer-4.1.87.Final.jar;C:\Users\WINDOWS 10\.m2\repository\io\netty\netty-codec-http\4.1.87.Final\netty-codec-http-4.1.87.Final.jar;C:\Users\WINDOWS 10\.m2\repository\io\netty\netty-codec\4.1.87.Final\netty-codec-4.1.87.Final.jar;C:\Users\WINDOWS 10\.m2\repository\io\netty\netty-handler\4.1.87.Final\netty-handler-4.1.87.Final.jar;C:\Users\WINDOWS 10\.m2\repository\io\netty\netty-common\4.1.87.Final\netty-common-4.1.87.Final.jar;C:\Users\WINDOWS 10\.m2\repository\io\netty\netty-transport-classes-epoll\4.1.87.Final\netty-transport-classes-epoll-4.1.87.Final.jar;C:\Users\WINDOWS 10\.m2\repository\io\netty\netty-transport-classes-kqueue\4.1.87.Final\netty-transport-classes-kqueue-4.1.87.Final.jar;C:\Users\WINDOWS 10\.m2\repository\io\netty\netty-transport-native-epoll\4.1.87.Final\netty-transport-native-epoll-4.1.87.Final.jar;C:\Users\WINDOWS 10\.m2\repository\io\netty\netty-transport-native-kqueue\4.1.87.Final\netty-transport-native-kqueue-4.1.87.Final.jar;C:\Users\WINDOWS 10\.m2\repository\io\netty\netty-transport-native-unix-common\4.1.87.Final\netty-transport-native-unix-common-4.1.87.Final.jar;C:\Users\WINDOWS 10\.m2\repository\io\netty\netty-transport\4.1.87.Final\netty-transport-4.1.87.Final.jar;C:\Users\WINDOWS 10\.m2\repository\io\netty\netty-resolver\4.1.87.Final\netty-resolver-4.1.87.Final.jar;C:\Users\WINDOWS 10\.m2\repository\io\opentelemetry\opentelemetry-api\1.22.0\opentelemetry-api-1.22.0.jar;C:\Users\WINDOWS 10\.m2\repository\io\opentelemetry\opentelemetry-context\1.22.0\opentelemetry-context-1.22.0.jar;C:\Users\WINDOWS 10\.m2\repository\io\opentelemetry\opentelemetry-exporter-logging\1.22.0\opentelemetry-exporter-logging-1.22.0.jar;C:\Users\WINDOWS 10\.m2\repository\io\opentelemetry\opentelemetry-sdk-metrics\1.22.0\opentelemetry-sdk-metrics-1.22.0.jar;C:\Users\WINDOWS 10\.m2\repository\io\opentelemetry\opentelemetry-sdk-logs\1.22.0-alpha\opentelemetry-sdk-logs-1.22.0-alpha.jar;C:\Users\WINDOWS 10\.m2\repository\io\opentelemetry\opentelemetry-api-logs\1.22.0-alpha\opentelemetry-api-logs-1.22.0-alpha.jar;C:\Users\WINDOWS 10\.m2\repository\io\opentelemetry\opentelemetry-sdk-common\1.22.0\opentelemetry-sdk-common-1.22.0.jar;C:\Users\WINDOWS 10\.m2\repository\io\opentelemetry\opentelemetry-sdk-extension-autoconfigure-spi\1.22.0\opentelemetry-sdk-extension-autoconfigure-spi-1.22.0.jar;C:\Users\WINDOWS 10\.m2\repository\io\opentelemetry\opentelemetry-sdk-extension-autoconfigure\1.22.0-alpha\opentelemetry-sdk-extension-autoconfigure-1.22.0-alpha.jar;C:\Users\WINDOWS 10\.m2\repository\io\opentelemetry\opentelemetry-sdk-trace\1.22.0\opentelemetry-sdk-trace-1.22.0.jar;C:\Users\WINDOWS 10\.m2\repository\io\opentelemetry\opentelemetry-sdk\1.22.0\opentelemetry-sdk-1.22.0.jar;C:\Users\WINDOWS 10\.m2\repository\io\opentelemetry\opentelemetry-semconv\1.22.0-alpha\opentelemetry-semconv-1.22.0-alpha.jar;C:\Users\WINDOWS 10\.m2\repository\io\ous\jtoml\2.0.0\jtoml-2.0.0.jar;C:\Users\WINDOWS 10\.m2\repository\org\apache\commons\commons-exec\1.3\commons-exec-1.3.jar;C:\Users\WINDOWS 10\.m2\repository\org\asynchttpclient\async-http-client\2.12.3\async-http-client-2.12.3.jar;C:\Users\WINDOWS 10\.m2\repository\org\asynchttpclient\async-http-client-netty-utils\2.12.3\async-http-client-netty-utils-2.12.3.jar;C:\Users\WINDOWS 10\.m2\repository\io\netty\netty-codec-socks\4.1.60.Final\netty-codec-socks-4.1.60.Final.jar;C:\Users\WINDOWS 10\.m2\repository\io\netty\netty-handler-proxy\4.1.60.Final\netty-handler-proxy-4.1.60.Final.jar;C:\Users\WINDOWS 10\.m2\repository\io\netty\netty-transport-native-epoll\4.1.60.Final\netty-transport-native-epoll-4.1.60.Final-linux-x86_64.jar;C:\Users\WINDOWS 10\.m2\repository\io\netty\netty-transport-native-kqueue\4.1.60.Final\netty-transport-native-kqueue-4.1.60.Final-osx-x86_64.jar;C:\Users\WINDOWS 10\.m2\repository\org\reactivestreams\reactive-streams\1.0.3\reactive-streams-1.0.3.jar;C:\Users\WINDOWS 10\.m2\repository\com\typesafe\netty\netty-reactive-streams\2.0.4\netty-reactive-streams-2.0.4.jar;C:\Users\WINDOWS 10\.m2\repository\org\seleniumhq\selenium\selenium-manager\4.8.1\selenium-manager-4.8.1.jar;C:\Users\WINDOWS 10\.m2\repository\org\seleniumhq\selenium\selenium-safari-driver\4.8.1\selenium-safari-driver-4.8.1.jar;C:\Users\WINDOWS 10\.m2\repository\org\seleniumhq\selenium\selenium-api\4.8.1\selenium-api-4.8.1.jar;C:\Users\WINDOWS 10\.m2\repository\org\seleniumhq\selenium\selenium-support\4.8.1\selenium-support-4.8.1.jar;C:\Users\WINDOWS 10\.m2\repository\com\google\auto\service\auto-service-annotations\1.0.1\auto-service-annotations-1.0.1.jar;C:\Users\WINDOWS 10\.m2\repository\com\google\auto\service\auto-service\1.0.1\auto-service-1.0.1.jar;C:\Users\WINDOWS 10\.m2\repository\com\google\auto\auto-common\1.2\auto-common-1.2.jar;C:\Users\WINDOWS 10\.m2\repository\org\seleniumhq\selenium\selenium-json\4.8.1\selenium-json-4.8.1.jar;C:\Users\WINDOWS 10\.m2\repository\org\seleniumhq\selenium\selenium-chrome-driver\4.8.1\selenium-chrome-driver-4.8.1.jar;C:\Users\WINDOWS 10\.m2\repository\org\seleniumhq\selenium\selenium-chromium-driver\4.8.1\selenium-chromium-driver-4.8.1.jar;C:\Users\WINDOWS 10\.m2\repository\org\seleniumhq\selenium\selenium-firefox-driver\4.8.1\selenium-firefox-driver-4.8.1.jar;C:\Users\WINDOWS 10\.m2\repository\org\seleniumhq\selenium\selenium-http\4.8.1\selenium-http-4.8.1.jar;C:\Users\WINDOWS 10\.m2\repository\dev\failsafe\failsafe\3.3.0\failsafe-3.3.0.jar;C:\Users\WINDOWS 10\.m2\repository\org\seleniumhq\selenium\selenium-edge-driver\4.8.1\selenium-edge-driver-4.8.1.jar;C:\Users\WINDOWS 10\.m2\repository\org\seleniumhq\selenium\selenium-ie-driver\4.8.1\selenium-ie-driver-4.8.1.jar;C:\Users\WINDOWS 10\.m2\repository\org\projectlombok\lombok\1.18.20\lombok-1.18.20.jar;C:\Users\WINDOWS 10\.m2\repository\io\appium\java-client\8.3.0\java-client-8.3.0.jar;C:\Users\WINDOWS 10\.m2\repository\commons-validator\commons-validator\1.7\commons-validator-1.7.jar;C:\Users\WINDOWS 10\.m2\repository\commons-digester\commons-digester\2.1\commons-digester-2.1.jar;C:\Users\WINDOWS 10\.m2\repository\net\sf\opencsv\opencsv\2.0\opencsv-2.0.jar;C:\Users\WINDOWS 10\.m2\repository\commons-beanutils\commons-beanutils\1.9.4\commons-beanutils-1.9.4.jar;C:\Users\WINDOWS 10\.m2\repository\org\apache\commons\commons-lang3\3.12.0\commons-lang3-3.12.0.jar;C:\Users\WINDOWS 10\.m2\repository\commons-collections\commons-collections\3.2.2\commons-collections-3.2.2.jar;C:\Users\WINDOWS 10\.m2\repository\org\fluentlenium\fluentlenium-core\0.10.2\fluentlenium-core-0.10.2.jar;C:\Users\WINDOWS 10\.m2\repository\io\github\bonigarcia\webdrivermanager\5.3.0\webdrivermanager-5.3.0.jar;C:\Users\WINDOWS 10\.m2\repository\com\github\docker-java\docker-java\3.2.13\docker-java-3.2.13.jar;C:\Users\WINDOWS 10\.m2\repository\com\github\docker-java\docker-java-core\3.2.13\docker-java-core-3.2.13.jar;C:\Users\WINDOWS 10\.m2\repository\com\github\docker-java\docker-java-api\3.2.13\docker-java-api-3.2.13.jar;C:\Users\WINDOWS 10\.m2\repository\org\apache\commons\commons-compress\1.21\commons-compress-1.21.jar;C:\Users\WINDOWS 10\.m2\repository\org\bouncycastle\bcpkix-jdk15on\1.64\bcpkix-jdk15on-1.64.jar;C:\Users\WINDOWS 10\.m2\repository\org\bouncycastle\bcprov-jdk15on\1.64\bcprov-jdk15on-1.64.jar;C:\Users\WINDOWS 10\.m2\repository\org\slf4j\jcl-over-slf4j\1.7.30\jcl-over-slf4j-1.7.30.jar;C:\Users\WINDOWS 10\.m2\repository\com\github\docker-java\docker-java-transport-httpclient5\3.2.13\docker-java-transport-httpclient5-3.2.13.jar;C:\Users\WINDOWS 10\.m2\repository\com\github\docker-java\docker-java-transport\3.2.13\docker-java-transport-3.2.13.jar;C:\Users\WINDOWS 10\.m2\repository\net\java\dev\jna\jna\5.8.0\jna-5.8.0.jar;C:\Users\WINDOWS 10\.m2\repository\org\brotli\dec\0.1.2\dec-0.1.2.jar;C:\Users\WINDOWS 10\.m2\repository\org\apache\httpcomponents\client5\httpclient5\5.1.3\httpclient5-5.1.3.jar;C:\Users\WINDOWS 10\.m2\repository\org\apache\httpcomponents\core5\httpcore5\5.1.3\httpcore5-5.1.3.jar;C:\Users\WINDOWS 10\.m2\repository\org\apache\httpcomponents\core5\httpcore5-h2\5.1.3\httpcore5-h2-5.1.3.jar;C:\Users\WINDOWS 10\.m2\repository\com\jhlabs\filters\2.0.235\filters-2.0.235.jar;C:\Users\WINDOWS 10\.m2\repository\com\paulhammant\ngwebdriver\1.1.6\ngwebdriver-1.1.6.jar;C:\Users\WINDOWS 10\.m2\repository\joda-time\joda-time\2.12.2\joda-time-2.12.2.jar;C:\Users\WINDOWS 10\.m2\repository\org\hamcrest\hamcrest\2.2\hamcrest-2.2.jar;C:\Users\WINDOWS 10\.m2\repository\com\google\jimfs\jimfs\1.2\jimfs-1.2.jar;C:\Users\WINDOWS 10\.m2\repository\org\mockito\mockito-core\3.3.3\mockito-core-3.3.3.jar;C:\Users\WINDOWS 10\.m2\repository\javax\xml\bind\jaxb-api\2.3.1\jaxb-api-2.3.1.jar;C:\Users\WINDOWS 10\.m2\repository\javax\activation\javax.activation-api\1.2.0\javax.activation-api-1.2.0.jar;C:\Users\WINDOWS 10\.m2\repository\com\sun\xml\bind\jaxb-core\2.3.0.1\jaxb-core-2.3.0.1.jar;C:\Users\WINDOWS 10\.m2\repository\com\sun\xml\bind\jaxb-impl\2.3.3\jaxb-impl-2.3.3.jar;C:\Users\WINDOWS 10\.m2\repository\jakarta\xml\bind\jakarta.xml.bind-api\2.3.3\jakarta.xml.bind-api-2.3.3.jar;C:\Users\WINDOWS 10\.m2\repository\com\sun\activation\jakarta.activation\1.2.2\jakarta.activation-1.2.2.jar;C:\Users\WINDOWS 10\.m2\repository\javax\activation\activation\1.1.1\activation-1.1.1.jar;C:\Users\WINDOWS 10\.m2\repository\net\serenity-bdd\serenity-cucumber\3.6.21\serenity-cucumber-3.6.21.jar;C:\Users\WINDOWS 10\.m2\repository\io\cucumber\cucumber-core\7.11.0\cucumber-core-7.11.0.jar;C:\Users\WINDOWS 10\.m2\repository\io\cucumber\cucumber-gherkin\7.11.0\cucumber-gherkin-7.11.0.jar;C:\Users\WINDOWS 10\.m2\repository\io\cucumber\cucumber-gherkin-messages\7.11.0\cucumber-gherkin-messages-7.11.0.jar;C:\Users\WINDOWS 10\.m2\repository\io\cucumber\gherkin\26.0.3\gherkin-26.0.3.jar;C:\Users\WINDOWS 10\.m2\repository\io\cucumber\messages\21.0.1\messages-21.0.1.jar;C:\Users\WINDOWS 10\.m2\repository\io\cucumber\tag-expressions\5.0.1\tag-expressions-5.0.1.jar;C:\Users\WINDOWS 10\.m2\repository\io\cucumber\cucumber-expressions\16.1.1\cucumber-expressions-16.1.1.jar;C:\Users\WINDOWS 10\.m2\repository\io\cucumber\datatable\7.11.0\datatable-7.11.0.jar;C:\Users\WINDOWS 10\.m2\repository\io\cucumber\cucumber-plugin\7.11.0\cucumber-plugin-7.11.0.jar;C:\Users\WINDOWS 10\.m2\repository\io\cucumber\docstring\7.11.0\docstring-7.11.0.jar;C:\Users\WINDOWS 10\.m2\repository\io\cucumber\html-formatter\20.2.1\html-formatter-20.2.1.jar;C:\Users\WINDOWS 10\.m2\repository\io\cucumber\junit-xml-formatter\0.1.0\junit-xml-formatter-0.1.0.jar;C:\Users\WINDOWS 10\.m2\repository\io\cucumber\ci-environment\9.1.0\ci-environment-9.1.0.jar;C:\Users\WINDOWS 10\.m2\repository\io\cucumber\cucumber-java\7.11.0\cucumber-java-7.11.0.jar;C:\Users\WINDOWS 10\.m2\repository\io\cucumber\cucumber-junit\7.11.0\cucumber-junit-7.11.0.jar;C:\Users\WINDOWS 10\.m2\repository\org\apache\commons\commons-csv\1.5\commons-csv-1.5.jar;C:\Users\WINDOWS 10\.m2\repository\net\serenity-bdd\serenity-screenplay\3.6.21\serenity-screenplay-3.6.21.jar;C:\Users\WINDOWS 10\.m2\repository\net\serenity-bdd\serenity-screenplay-webdriver\3.6.21\serenity-screenplay-webdriver-3.6.21.jar;C:\Users\WINDOWS 10\.m2\repository\net\serenity-bdd\serenity-ensure\3.6.21\serenity-ensure-3.6.21.jar;C:\Users\WINDOWS 10\.m2\repository\net\serenity-bdd\serenity-junit\3.6.21\serenity-junit-3.6.21.jar;C:\Users\WINDOWS 10\.m2\repository\org\jetbrains\kotlin\kotlin-stdlib\1.8.10\kotlin-stdlib-1.8.10.jar;C:\Users\WINDOWS 10\.m2\repository\org\jetbrains\kotlin\kotlin-stdlib-common\1.8.10\kotlin-stdlib-common-1.8.10.jar;C:\Users\WINDOWS 10\.m2\repository\org\jetbrains\annotations\13.0\annotations-13.0.jar;C:\Users\WINDOWS 10\.m2\repository\org\junit\platform\junit-platform-launcher\1.8.2\junit-platform-launcher-1.8.2.jar;C:\Users\WINDOWS 10\.m2\repository\org\junit\platform\junit-platform-engine\1.8.2\junit-platform-engine-1.8.2.jar;C:\Users\WINDOWS 10\.m2\repository\org\junit\platform\junit-platform-commons\1.8.2\junit-platform-commons-1.8.2.jar;C:\Users\WINDOWS 10\.m2\repository\org\apiguardian\apiguardian-api\1.1.2\apiguardian-api-1.1.2.jar;C:\Users\WINDOWS 10\.m2\repository\org\junit\jupiter\junit-jupiter-engine\5.8.2\junit-jupiter-engine-5.8.2.jar;C:\Users\WINDOWS 10\.m2\repository\org\junit\jupiter\junit-jupiter-api\5.8.2\junit-jupiter-api-5.8.2.jar;C:\Users\WINDOWS 10\.m2\repository\org\junit\vintage\junit-vintage-engine\5.8.2\junit-vintage-engine-5.8.2.jar;C:\Users\WINDOWS 10\.m2\repository\junit\junit\4.13.2\junit-4.13.2.jar;C:\Users\WINDOWS 10\.m2\repository\org\hamcrest\hamcrest-core\1.3\hamcrest-core-1.3.jar;C:\Users\WINDOWS 10\.m2\repository\ch\qos\logback\logback-classic\1.2.10\logback-classic-1.2.10.jar;C:\Users\WINDOWS 10\.m2\repository\ch\qos\logback\logback-core\1.2.10\logback-core-1.2.10.jar;C:\Users\WINDOWS 10\.m2\repository\org\slf4j\slf4j-api\1.7.32\slf4j-api-1.7.32.jar;C:\Users\WINDOWS 10\.m2\repository\org\assertj\assertj-core\3.23.1\assertj-core-3.23.1.jar;C:\Users\WINDOWS 10\.m2\repository\net\bytebuddy\byte-buddy\1.12.10\byte-buddy-1.12.10.jar;C:\Users\WINDOWS 10\.m2\repository\com\googlecode\json-simple\json-simple\1.1.1\json-simple-1.1.1.jar;C:\Users\WINDOWS 10\.m2\repository\org\apache\maven\surefire\surefire-junit-platform\3.0.0-M5\surefire-junit-platform-3.0.0-M5.jar;C:\Users\WINDOWS 10\.m2\repository\org\apache\maven\surefire\common-java5\3.0.0-M5\common-java5-3.0.0-M5.jar"/>
    <property name="user.script" value=""/>
    <property name="sun.management.compiler" value="HotSpot 64-Bit Tiered Compilers"/>
    <property name="java.runtime.version" value="15+36-1562"/>
    <property name="user.name" value="WINDOWS 10"/>
    <property name="path.separator" value=";"/>
    <property name="os.version" value="10.0"/>
    <property name="java.runtime.name" value="Java(TM) SE Runtime Environment"/>
    <property name="file.encoding" value="Cp1252"/>
    <property name="webdriver.base.url" value=""/>
    <property name="java.vm.name" value="Java HotSpot(TM) 64-Bit Server VM"/>
    <property name="localRepository" value="C:\Users\WINDOWS 10\.m2\repository"/>
    <property name="java.vendor.url.bug" value="https://bugreport.java.com/bugreport/"/>
    <property name="java.io.tmpdir" value="C:\Users\WINDOW~1\AppData\Local\Temp\"/>
    <property name="java.version" value="15"/>
    <property name="user.dir" value="C:\Users\WINDOWS 10\Documents\GitHub\MiniProject_QE\API\minpro"/>
    <property name="os.arch" value="amd64"/>
    <property name="java.vm.specification.name" value="Java Virtual Machine Specification"/>
    <property name="sun.os.patch.level" value=""/>
    <property name="java.library.path" value="C:\Program Files\Java\jdk-15\bin;C:\WINDOWS\Sun\Java\bin;C:\WINDOWS\system32;C:\WINDOWS;C:\Program Files\Common Files\Oracle\Java\javapath;C:\Program Files (x86)\Common Files\Oracle\Java\javapath;C:\WINDOWS\system32;C:\WINDOWS;C:\WINDOWS\System32\Wbem;C:\WINDOWS\System32\WindowsPowerShell\v1.0\;C:\WINDOWS\System32\OpenSSH\;F:\PerCoolyeahan\Instalasi\XAMPP\php;C:\Program Files\Git\cmd;C:\ProgramData\ComposerSetup\bin;C:\Program Files\nodejs\;C:\PROGRA~1\IBM\SQLLIB~1\BIN;C:\PROGRA~1\IBM\SQLLIB~1\FUNCTION;C:\PROGRA~1\IBM\SQLLIB~1\SAMPLES\REPL;C:\Program Files\Cloudflare\Cloudflare WARP\;C:\Program Files\apache-maven-3.9.1\bin;C:\Users\WINDOWS 10\AppData\Local\Android\Sdk\tools;C:\Users\WINDOWS 10\AppData\Local\Android\Sdk\tools\bin;C:\Users\WINDOWS 10\AppData\Local\Android\Sdk\platform\tools;C:\Program Files\Gradle\gradle-8.1\bin;C:\Program Files\MySQL\MySQL Shell 8.0\bin\;C:\Users\WINDOWS 10\AppData\Local\Microsoft\WindowsApps;C:\Users\WINDOWS 10\AppData\Local\Programs\Microsoft VS Code\bin;C:\Users\WINDOWS 10\AppData\Roaming\Composer\vendor\bin;C:\Users\WINDOWS 10\AppData\Roaming\npm;C:\Users\WINDOWS 10\AppData\Local\GitHubDesktop\bin;C:\Users\WINDOWS 10\AppData\Local\spicetify;C:\Users\WINDOWS 10\AppData\Local\Android\Sdk\tools;C:\Users\WINDOWS 10\AppData\Local\Android\Sdk\tools\bin;C:\Users\WINDOWS 10\AppData\Local\Android\Sdk\platform-tools;C:\Program Files\Gradle\gradle-8.1\bin;;."/>
    <property name="java.vm.info" value="mixed mode"/>
    <property name="java.vendor" value="Oracle Corporation"/>
    <property name="java.vm.version" value="15+36-1562"/>
    <property name="sun.io.unicode.encoding" value="UnicodeLittle"/>
    <property name="java.class.version" value="59.0"/>
  </properties>
  <testcase name="POST - Register with valid data" classname="Register" time="15.065">
    <system-out><![CDATA[16:19:34.827 [main] DEBUG net.thucydides.core.guice.Injectors - Created injector for module net.thucydides.core.guice.ThucydidesModule
16:19:35.126 [main] DEBUG io.cucumber.core.plugin.SerenityReporter - Running feature from file:///C:/Users/WINDOWS%2010/Documents/GitHub/MiniProject_QE/API/minpro/src/test/resources/features/1.%20Register.feature
16:19:35.282 [main] DEBUG net.thucydides.core.guice.Injectors - Created injector for module net.thucydides.core.guice.webdriver.WebDriverModule
16:19:35.303 [main] INFO  - 

-------------------------------------------------------------------------------------
     _______. _______ .______       _______ .__   __.  __  .___________.____    ____ 
    /       ||   ____||   _  \     |   ____||  \ |  | |  | |           |\   \  /   / 
   |   (----`|  |__   |  |_)  |    |  |__   |   \|  | |  | `---|  |----` \   \/   /  
    \   \    |   __|  |      /     |   __|  |  . `  | |  |     |  |       \_    _/   
.----)   |   |  |____ |  |\  \----.|  |____ |  |\   | |  |     |  |         |  |     
|_______/    |_______|| _| `._____||_______||__| \__| |__|     |__|         |__|    
                                                                                     
 News and tutorials at http://www.serenity-bdd.info                                  
 Documentation at https://wakaleo.gitbooks.io/the-serenity-book/content/             
 Join the Serenity Community on Gitter: https://gitter.im/serenity-bdd/serenity-core 
 Serenity BDD Support and Training at http://serenity-bdd.info/#/trainingandsupport  
-------------------------------------------------------------------------------------

16:19:35.306 [main] DEBUG net.thucydides.core.steps.StepEventBus - Test suite started for story net.thucydides.core.model.Story@773abe6e
16:19:35.308 [main] INFO  - Test Suite Started: Register
16:19:35.325 [main] DEBUG io.cucumber.core.plugin.SerenityReporter - Running feature from file:///C:/Users/WINDOWS%2010/Documents/GitHub/MiniProject_QE/API/minpro/src/test/resources/features/2.%20Login.feature
16:19:35.329 [main] DEBUG net.thucydides.core.steps.StepEventBus - Test suite started for story net.thucydides.core.model.Story@86b1dd01
16:19:35.330 [main] INFO  - Test Suite Started: Login
16:19:35.330 [main] DEBUG io.cucumber.core.plugin.SerenityReporter - Running feature from file:///C:/Users/WINDOWS%2010/Documents/GitHub/MiniProject_QE/API/minpro/src/test/resources/features/3.%20User.feature
16:19:35.334 [main] DEBUG net.thucydides.core.steps.StepEventBus - Test suite started for story net.thucydides.core.model.Story@11e807f1
16:19:35.334 [main] INFO  - Test Suite Started: User Information
16:19:35.334 [main] DEBUG io.cucumber.core.plugin.SerenityReporter - Running feature from file:///C:/Users/WINDOWS%2010/Documents/GitHub/MiniProject_QE/API/minpro/src/test/resources/features/4.%20Categories.feature
16:19:35.338 [main] DEBUG net.thucydides.core.steps.StepEventBus - Test suite started for story net.thucydides.core.model.Story@1b5f86d1
16:19:35.339 [main] INFO  - Test Suite Started: Categories
16:19:35.339 [main] DEBUG io.cucumber.core.plugin.SerenityReporter - Running feature from file:///C:/Users/WINDOWS%2010/Documents/GitHub/MiniProject_QE/API/minpro/src/test/resources/features/5.%20Product.feature
16:19:35.343 [main] DEBUG net.thucydides.core.steps.StepEventBus - Test suite started for story net.thucydides.core.model.Story@5c78189e
16:19:35.343 [main] INFO  - Test Suite Started: Product
16:19:35.343 [main] DEBUG io.cucumber.core.plugin.SerenityReporter - Running feature from file:///C:/Users/WINDOWS%2010/Documents/GitHub/MiniProject_QE/API/minpro/src/test/resources/features/6.%20Order.feature
16:19:35.347 [main] DEBUG net.thucydides.core.steps.StepEventBus - Test suite started for story net.thucydides.core.model.Story@421cad1d
16:19:35.347 [main] INFO  - Test Suite Started: Order
16:19:35.347 [main] DEBUG io.cucumber.core.plugin.SerenityReporter - Running feature from file:///C:/Users/WINDOWS%2010/Documents/GitHub/MiniProject_QE/API/minpro/src/test/resources/features/7.%20Rating.feature
16:19:35.351 [main] DEBUG net.thucydides.core.steps.StepEventBus - Test suite started for story net.thucydides.core.model.Story@a2cc97b4
16:19:35.352 [main] INFO  - Test Suite Started: Rating
16:19:35.352 [main] DEBUG io.cucumber.core.plugin.SerenityReporter - Running feature from file:///C:/Users/WINDOWS%2010/Documents/GitHub/MiniProject_QE/API/minpro/src/test/resources/features/8.%20Comment.feature
16:19:35.356 [main] DEBUG net.thucydides.core.steps.StepEventBus - Test suite started for story net.thucydides.core.model.Story@8ea159bb
16:19:35.356 [main] INFO  - Test Suite Started: Comment
16:19:35.356 [main] DEBUG io.cucumber.core.plugin.SerenityReporter - Running feature from file:///C:/Users/WINDOWS%2010/Documents/GitHub/MiniProject_QE/API/minpro/src/test/resources/features/1.%20Register.feature
16:19:35.360 [main] DEBUG net.thucydides.core.steps.StepEventBus - Test suite started for story net.thucydides.core.model.Story@773abe6e
16:19:35.360 [main] INFO  - Test Suite Started: Register

Scenario: POST - Register with valid data              &amp#27;[90m# src/test/resources/features/1. Register.feature:7&amp#27;[0m
16:19:35.456 [main] DEBUG io.cucumber.core.plugin.SerenityReporter - Running feature from file:///C:/Users/WINDOWS%2010/Documents/GitHub/MiniProject_QE/API/minpro/src/test/resources/features/1.%20Register.feature
16:19:35.593 [main] INFO  - 
  _____   ___   ___   _____     ___   _____     _     ___   _____   ___   ___  
 |_   _| | __| / __| |_   _|   / __| |_   _|   /_\   | _ \ |_   _| | __| |   \ 
   | |   | _|  \__ \   | |     \__ \   | |    / _ \  |   /   | |   | _|  | |) |
   |_|   |___| |___/   |_|     |___/   |_|   /_/ \_\ |_|_\   |_|   |___| |___/ 

POST - Register with valid data(register;post---register-with-valid-data)
--------------------------------------------------------------------------------
16:19:35.654 [main] DEBUG net.thucydides.core.requirements.model.cucumber.CucumberParser - Loading feature C:\Users\WINDOWS 10\Documents\GitHub\MiniProject_QE\API\minpro\src\test\resources\features\1. Register.feature
16:19:35.669 [main] DEBUG net.thucydides.core.requirements.model.cucumber.CucumberParser - Loading feature C:\Users\WINDOWS 10\Documents\GitHub\MiniProject_QE\API\minpro\src\test\resources\features\2. Login.feature
16:19:35.675 [main] DEBUG net.thucydides.core.requirements.model.cucumber.CucumberParser - Loading feature C:\Users\WINDOWS 10\Documents\GitHub\MiniProject_QE\API\minpro\src\test\resources\features\3. User.feature
16:19:35.680 [main] DEBUG net.thucydides.core.requirements.model.cucumber.CucumberParser - Loading feature C:\Users\WINDOWS 10\Documents\GitHub\MiniProject_QE\API\minpro\src\test\resources\features\4. Categories.feature
16:19:35.685 [main] DEBUG net.thucydides.core.requirements.model.cucumber.CucumberParser - Loading feature C:\Users\WINDOWS 10\Documents\GitHub\MiniProject_QE\API\minpro\src\test\resources\features\5. Product.feature
16:19:35.690 [main] DEBUG net.thucydides.core.requirements.model.cucumber.CucumberParser - Loading feature C:\Users\WINDOWS 10\Documents\GitHub\MiniProject_QE\API\minpro\src\test\resources\features\6. Order.feature
16:19:35.694 [main] DEBUG net.thucydides.core.requirements.model.cucumber.CucumberParser - Loading feature C:\Users\WINDOWS 10\Documents\GitHub\MiniProject_QE\API\minpro\src\test\resources\features\7. Rating.feature
16:19:35.699 [main] DEBUG net.thucydides.core.requirements.model.cucumber.CucumberParser - Loading feature C:\Users\WINDOWS 10\Documents\GitHub\MiniProject_QE\API\minpro\src\test\resources\features\8. Comment.feature
16:19:36.238 [main] DEBUG net.thucydides.core.steps.StepInterceptor - STARTING STEP: RegisterSteps.setPostApiEndpointsRegister - I set POST api endpoints register
16:19:36.245 [main] DEBUG net.thucydides.core.steps.StepInterceptor - STEP DONE: I set POST api endpoints register
  &amp#27;[32mGiven &amp#27;[0m&amp#27;[32mI set POST api endpoints register&amp#27;[0m              &amp#27;[90m# starter.stepdefinitions.RegisterSteps.setPostApiEndpointsRegister()&amp#27;[0m
16:19:36.259 [main] DEBUG net.thucydides.core.steps.StepInterceptor - STARTING STEP: RegisterSteps.sendPostHttpRequestRegister - I send POST HTTP request register
16:19:38.015 [main] DEBUG net.thucydides.core.steps.StepInterceptor - STARTING STEP: Register.sendPostHttpRequestRegister - I set POST api endpoints register
16:19:38.015 [main] DEBUG net.thucydides.core.steps.StepInterceptor - STEP DONE: I set POST api endpoints register
16:19:38.774 [main] DEBUG org.apache.http.impl.conn.BasicClientConnectionManager - Get connection for route {s}->https://altashop-api.fly.dev:443
16:19:49.864 [main] DEBUG org.apache.http.impl.conn.DefaultClientConnectionOperator - Connecting to altashop-api.fly.dev:443
16:19:50.241 [main] DEBUG org.apache.http.client.protocol.RequestAddCookies - CookieSpec selected: ignoreCookies
16:19:50.242 [main] DEBUG org.apache.http.client.protocol.RequestAuthCache - Auth cache not set in the context
16:19:50.243 [main] DEBUG org.apache.http.client.protocol.RequestTargetAuthentication - Target auth state: UNCHALLENGED
16:19:50.243 [main] DEBUG org.apache.http.client.protocol.RequestProxyAuthentication - Proxy auth state: UNCHALLENGED
16:19:50.243 [main] DEBUG org.apache.http.impl.client.DefaultHttpClient - Attempt 1 to execute request
16:19:50.243 [main] DEBUG org.apache.http.impl.conn.DefaultClientConnection - Sending request: POST /api/auth/register HTTP/1.1
16:19:50.244 [main] DEBUG org.apache.http.wire -  >> "POST /api/auth/register HTTP/1.1[\r][\n]"
16:19:50.245 [main] DEBUG org.apache.http.wire -  >> "Accept: */*[\r][\n]"
16:19:50.245 [main] DEBUG org.apache.http.wire -  >> "Content-Type: application/json[\r][\n]"
16:19:50.245 [main] DEBUG org.apache.http.wire -  >> "Content-Length: 97[\r][\n]"
16:19:50.245 [main] DEBUG org.apache.http.wire -  >> "Host: altashop-api.fly.dev[\r][\n]"
16:19:50.245 [main] DEBUG org.apache.http.wire -  >> "Connection: Keep-Alive[\r][\n]"
16:19:50.245 [main] DEBUG org.apache.http.wire -  >> "User-Agent: Apache-HttpClient/4.5.13 (Java/15)[\r][\n]"
16:19:50.245 [main] DEBUG org.apache.http.wire -  >> "Accept-Encoding: gzip,deflate[\r][\n]"
16:19:50.245 [main] DEBUG org.apache.http.wire -  >> "[\r][\n]"
16:19:50.245 [main] DEBUG org.apache.http.headers - >> POST /api/auth/register HTTP/1.1
16:19:50.245 [main] DEBUG org.apache.http.headers - >> Accept: */*
16:19:50.245 [main] DEBUG org.apache.http.headers - >> Content-Type: application/json
16:19:50.245 [main] DEBUG org.apache.http.headers - >> Content-Length: 97
16:19:50.245 [main] DEBUG org.apache.http.headers - >> Host: altashop-api.fly.dev
16:19:50.245 [main] DEBUG org.apache.http.headers - >> Connection: Keep-Alive
16:19:50.245 [main] DEBUG org.apache.http.headers - >> User-Agent: Apache-HttpClient/4.5.13 (Java/15)
16:19:50.245 [main] DEBUG org.apache.http.headers - >> Accept-Encoding: gzip,deflate
16:19:50.245 [main] DEBUG org.apache.http.wire -  >> "{"password":"123123123","fullname":"Firstname Lastname","email":"someoneitwww11223335@gmail.com"}"
16:19:50.332 [main] DEBUG org.apache.http.wire -  << "HTTP/1.1 200 OK[\r][\n]"
16:19:50.333 [main] DEBUG org.apache.http.wire -  << "content-type: application/json[\r][\n]"
16:19:50.333 [main] DEBUG org.apache.http.wire -  << "date: Mon, 08 May 2023 09:19:51 GMT[\r][\n]"
16:19:50.333 [main] DEBUG org.apache.http.wire -  << "content-encoding: gzip[\r][\n]"
16:19:50.333 [main] DEBUG org.apache.http.wire -  << "transfer-encoding: chunked[\r][\n]"
16:19:50.333 [main] DEBUG org.apache.http.wire -  << "server: Fly/3f2597ca (2023-05-03)[\r][\n]"
16:19:50.333 [main] DEBUG org.apache.http.wire -  << "via: 1.1 fly.io[\r][\n]"
16:19:50.333 [main] DEBUG org.apache.http.wire -  << "fly-request-id: 01GZXAHZJ4AWA0YB6ZFD5M6FXQ-sin[\r][\n]"
16:19:50.333 [main] DEBUG org.apache.http.wire -  << "[\r][\n]"
16:19:50.334 [main] DEBUG org.apache.http.impl.conn.DefaultClientConnection - Receiving response: HTTP/1.1 200 OK
16:19:50.334 [main] DEBUG org.apache.http.headers - << HTTP/1.1 200 OK
16:19:50.334 [main] DEBUG org.apache.http.headers - << content-type: application/json
16:19:50.334 [main] DEBUG org.apache.http.headers - << date: Mon, 08 May 2023 09:19:51 GMT
16:19:50.334 [main] DEBUG org.apache.http.headers - << content-encoding: gzip
16:19:50.334 [main] DEBUG org.apache.http.headers - << transfer-encoding: chunked
16:19:50.334 [main] DEBUG org.apache.http.headers - << server: Fly/3f2597ca (2023-05-03)
16:19:50.334 [main] DEBUG org.apache.http.headers - << via: 1.1 fly.io
16:19:50.334 [main] DEBUG org.apache.http.headers - << fly-request-id: 01GZXAHZJ4AWA0YB6ZFD5M6FXQ-sin
16:19:50.338 [main] DEBUG org.apache.http.impl.client.DefaultHttpClient - Connection can be kept alive indefinitely
16:19:50.342 [main] DEBUG io.restassured.internal.RestAssuredHttpBuilder - Parsing response as: application/json
16:19:50.343 [main] DEBUG org.apache.http.wire -  << "7D[\r][\n]"
16:19:50.343 [main] DEBUG org.apache.http.wire -  << "[0x1f][0x8b][0x8][0x0][0x0][0x0][0x0][0x0][0x4][0xff][0xab]VJI,IT[0xb2][0xaa]V[0xf2]tQ[0xb2]22441[0xd6]Qr+[0xcd][0xc9][0xc9]K[0xcc]MU[0xb2]Rr[0xcb],*.[0x1][0xb1][0x15]|[0x12]![0xc]%[0x1d]%[0xd7][0xdc][0xc4][0xcc][0x1c]%+[0xa5][0xe2][0xfc][0xdc][0xd4][0xfc][0xbc][0xd4][0xcc][0x92][0xf2][0xf2]rCC##cccS[0x87]t[0x90][0xa4]^r~[0xae][0x92][0x8e]R@bqqy~Q[0x8a][0x92][0x95][0x92][0xa1][0x91]1[0x4])[0xd5][0xd6]r[0x1][0x0][0xdb][\n]"
16:19:50.343 [main] DEBUG org.apache.http.wire -  << "[0xf0][0x8a]v[0x0][0x0][0x0]"
16:19:50.343 [main] DEBUG org.apache.http.wire -  << "[\r][\n]"
16:19:50.343 [main] DEBUG org.apache.http.wire -  << "0[\r][\n]"
16:19:50.343 [main] DEBUG org.apache.http.wire -  << "[\r][\n]"
16:19:50.343 [main] DEBUG io.restassured.internal.RestAssuredHttpBuilder - Parsed data to instance of: class org.apache.http.conn.EofSensorInputStream
16:19:50.377 [main] DEBUG org.apache.http.impl.conn.BasicClientConnectionManager - Releasing connection org.apache.http.impl.conn.ManagedClientConnectionImpl@774013dc
16:19:50.377 [main] DEBUG org.apache.http.impl.conn.BasicClientConnectionManager - Connection can be kept alive indefinitely
16:19:50.381 [main] DEBUG net.thucydides.core.steps.StepInterceptor - STEP DONE: I send POST HTTP request register
  &amp#27;[32mWhen &amp#27;[0m&amp#27;[32mI send POST HTTP request register&amp#27;[0m               &amp#27;[90m# starter.stepdefinitions.RegisterSteps.sendPostHttpRequestRegister()&amp#27;[0m
16:19:50.387 [main] DEBUG net.thucydides.core.steps.StepInterceptor - STARTING STEP: RegisterSteps.receiveValidHttp200Register - I receive valid HTTP response code 200 register
16:19:50.414 [main] DEBUG net.thucydides.core.steps.StepInterceptor - STEP DONE: I receive valid HTTP response code 200 register
  &amp#27;[32mThen &amp#27;[0m&amp#27;[32mI receive valid HTTP response code 200 register&amp#27;[0m &amp#27;[90m# starter.stepdefinitions.RegisterSteps.receiveValidHttp200Register()&amp#27;[0m
16:19:50.422 [main] INFO  - 
  _____   ___   ___   _____     ___     _     ___   ___   ___   ___  
 |_   _| | __| / __| |_   _|   | _ \   /_\   / __| / __| | __| |   \ 
   | |   | _|  \__ \   | |     |  _/  / _ \  \__ \ \__ \ | _|  | |) |
   |_|   |___| |___/   |_|     |_|   /_/ \_\ |___/ |___/ |___| |___/ 

POST - Register with valid data
----------------------------------------------------------------------
]]></system-out>
  </testcase>
  <testcase name="POST - Register without fullname" classname="Register" time="0.363">
    <system-out><![CDATA[
Scenario: POST - Register without fullname             &amp#27;[90m# src/test/resources/features/1. Register.feature:12&amp#27;[0m
16:19:50.445 [main] DEBUG io.cucumber.core.plugin.SerenityReporter - Running feature from file:///C:/Users/WINDOWS%2010/Documents/GitHub/MiniProject_QE/API/minpro/src/test/resources/features/1.%20Register.feature
16:19:50.452 [main] INFO  - 
  _____   ___   ___   _____     ___   _____     _     ___   _____   ___   ___  
 |_   _| | __| / __| |_   _|   / __| |_   _|   /_\   | _ \ |_   _| | __| |   \ 
   | |   | _|  \__ \   | |     \__ \   | |    / _ \  |   /   | |   | _|  | |) |
   |_|   |___| |___/   |_|     |___/   |_|   /_/ \_\ |_|_\   |_|   |___| |___/ 

POST - Register without fullname(register;post---register-without-fullname)
--------------------------------------------------------------------------------
16:19:50.476 [main] DEBUG net.thucydides.core.steps.StepInterceptor - STARTING STEP: RegisterSteps.setPostApiEndpointsRegister - I set POST api endpoints register
16:19:50.476 [main] DEBUG net.thucydides.core.steps.StepInterceptor - STEP DONE: I set POST api endpoints register
  &amp#27;[32mGiven &amp#27;[0m&amp#27;[32mI set POST api endpoints register&amp#27;[0m              &amp#27;[90m# starter.stepdefinitions.RegisterSteps.setPostApiEndpointsRegister()&amp#27;[0m
16:19:50.484 [main] DEBUG net.thucydides.core.steps.StepInterceptor - STARTING STEP: RegisterSteps.sendPostHttpRequestRegister2 - I send POST HTTP request register2
16:19:50.487 [main] DEBUG net.thucydides.core.steps.StepInterceptor - STARTING STEP: Register.sendPostHttpRequestRegister2 - I set POST api endpoints register
16:19:50.488 [main] DEBUG net.thucydides.core.steps.StepInterceptor - STEP DONE: I set POST api endpoints register
16:19:50.527 [main] DEBUG org.apache.http.impl.conn.BasicClientConnectionManager - Get connection for route {s}->https://altashop-api.fly.dev:443
16:19:50.527 [main] DEBUG org.apache.http.impl.conn.DefaultClientConnectionOperator - Connecting to altashop-api.fly.dev:443
16:19:50.697 [main] DEBUG org.apache.http.client.protocol.RequestAddCookies - CookieSpec selected: ignoreCookies
16:19:50.697 [main] DEBUG org.apache.http.client.protocol.RequestAuthCache - Auth cache not set in the context
16:19:50.697 [main] DEBUG org.apache.http.client.protocol.RequestTargetAuthentication - Target auth state: UNCHALLENGED
16:19:50.697 [main] DEBUG org.apache.http.client.protocol.RequestProxyAuthentication - Proxy auth state: UNCHALLENGED
16:19:50.697 [main] DEBUG org.apache.http.impl.client.DefaultHttpClient - Attempt 1 to execute request
16:19:50.697 [main] DEBUG org.apache.http.impl.conn.DefaultClientConnection - Sending request: POST /api/auth/register HTTP/1.1
16:19:50.697 [main] DEBUG org.apache.http.wire -  >> "POST /api/auth/register HTTP/1.1[\r][\n]"
16:19:50.697 [main] DEBUG org.apache.http.wire -  >> "Accept: */*[\r][\n]"
16:19:50.697 [main] DEBUG org.apache.http.wire -  >> "Content-Type: application/json[\r][\n]"
16:19:50.697 [main] DEBUG org.apache.http.wire -  >> "Content-Length: 66[\r][\n]"
16:19:50.697 [main] DEBUG org.apache.http.wire -  >> "Host: altashop-api.fly.dev[\r][\n]"
16:19:50.697 [main] DEBUG org.apache.http.wire -  >> "Connection: Keep-Alive[\r][\n]"
16:19:50.698 [main] DEBUG org.apache.http.wire -  >> "User-Agent: Apache-HttpClient/4.5.13 (Java/15)[\r][\n]"
16:19:50.698 [main] DEBUG org.apache.http.wire -  >> "Accept-Encoding: gzip,deflate[\r][\n]"
16:19:50.698 [main] DEBUG org.apache.http.wire -  >> "[\r][\n]"
16:19:50.698 [main] DEBUG org.apache.http.headers - >> POST /api/auth/register HTTP/1.1
16:19:50.698 [main] DEBUG org.apache.http.headers - >> Accept: */*
16:19:50.698 [main] DEBUG org.apache.http.headers - >> Content-Type: application/json
16:19:50.698 [main] DEBUG org.apache.http.headers - >> Content-Length: 66
16:19:50.698 [main] DEBUG org.apache.http.headers - >> Host: altashop-api.fly.dev
16:19:50.698 [main] DEBUG org.apache.http.headers - >> Connection: Keep-Alive
16:19:50.698 [main] DEBUG org.apache.http.headers - >> User-Agent: Apache-HttpClient/4.5.13 (Java/15)
16:19:50.698 [main] DEBUG org.apache.http.headers - >> Accept-Encoding: gzip,deflate
16:19:50.698 [main] DEBUG org.apache.http.wire -  >> "{"password":"123123","fullname":"","email":"someoneitw@gmail.com"}"
16:19:50.778 [main] DEBUG org.apache.http.wire -  << "HTTP/1.1 400 Bad Request[\r][\n]"
16:19:50.778 [main] DEBUG org.apache.http.wire -  << "content-type: application/json[\r][\n]"
16:19:50.778 [main] DEBUG org.apache.http.wire -  << "date: Mon, 08 May 2023 09:19:52 GMT[\r][\n]"
16:19:50.778 [main] DEBUG org.apache.http.wire -  << "content-encoding: gzip[\r][\n]"
16:19:50.778 [main] DEBUG org.apache.http.wire -  << "transfer-encoding: chunked[\r][\n]"
16:19:50.778 [main] DEBUG org.apache.http.wire -  << "server: Fly/3f2597ca (2023-05-03)[\r][\n]"
16:19:50.778 [main] DEBUG org.apache.http.wire -  << "via: 1.1 fly.io[\r][\n]"
16:19:50.779 [main] DEBUG org.apache.http.wire -  << "fly-request-id: 01GZXAJ0099XD6GMFV2RF7D8EN-sin[\r][\n]"
16:19:50.779 [main] DEBUG org.apache.http.wire -  << "[\r][\n]"
16:19:50.779 [main] DEBUG org.apache.http.impl.conn.DefaultClientConnection - Receiving response: HTTP/1.1 400 Bad Request
16:19:50.779 [main] DEBUG org.apache.http.headers - << HTTP/1.1 400 Bad Request
16:19:50.779 [main] DEBUG org.apache.http.headers - << content-type: application/json
16:19:50.779 [main] DEBUG org.apache.http.headers - << date: Mon, 08 May 2023 09:19:52 GMT
16:19:50.779 [main] DEBUG org.apache.http.headers - << content-encoding: gzip
16:19:50.779 [main] DEBUG org.apache.http.headers - << transfer-encoding: chunked
16:19:50.779 [main] DEBUG org.apache.http.headers - << server: Fly/3f2597ca (2023-05-03)
16:19:50.779 [main] DEBUG org.apache.http.headers - << via: 1.1 fly.io
16:19:50.779 [main] DEBUG org.apache.http.headers - << fly-request-id: 01GZXAJ0099XD6GMFV2RF7D8EN-sin
16:19:50.779 [main] DEBUG org.apache.http.impl.client.DefaultHttpClient - Connection can be kept alive indefinitely
16:19:50.779 [main] DEBUG io.restassured.internal.RestAssuredHttpBuilder - Parsing response as: application/json
16:19:50.779 [main] DEBUG org.apache.http.wire -  << "35[\r][\n]"
16:19:50.779 [main] DEBUG org.apache.http.wire -  << "[0x1f][0x8b][0x8][0x0][0x0][0x0][0x0][0x0][0x4][0xff][0xab]VJ-*[0xca]/R[0xb2]RJ+[0xcd][0xc9][0xc9]K[0xcc]MU[0xc8],V(J-,[0xcd],JMQ[0xaa][0xe5][0x2][0x0]ok4[0xc9]![0x0][0x0][0x0]"
16:19:50.779 [main] DEBUG org.apache.http.wire -  << "[\r][\n]"
16:19:50.780 [main] DEBUG org.apache.http.wire -  << "0[\r][\n]"
16:19:50.780 [main] DEBUG org.apache.http.wire -  << "[\r][\n]"
16:19:50.780 [main] DEBUG io.restassured.internal.RestAssuredHttpBuilder - Parsed data to instance of: class org.apache.http.conn.EofSensorInputStream
16:19:50.781 [main] DEBUG org.apache.http.impl.conn.BasicClientConnectionManager - Releasing connection org.apache.http.impl.conn.ManagedClientConnectionImpl@42066f0d
16:19:50.781 [main] DEBUG org.apache.http.impl.conn.BasicClientConnectionManager - Connection can be kept alive indefinitely
16:19:50.782 [main] DEBUG net.thucydides.core.steps.StepInterceptor - STEP DONE: I send POST HTTP request register2
  &amp#27;[32mWhen &amp#27;[0m&amp#27;[32mI send POST HTTP request register2&amp#27;[0m              &amp#27;[90m# starter.stepdefinitions.RegisterSteps.sendPostHttpRequestRegister2()&amp#27;[0m
16:19:50.787 [main] DEBUG net.thucydides.core.steps.StepInterceptor - STARTING STEP: RegisterSteps.receiveValidHttp400Register - I receive valid HTTP response code 400 register
16:19:50.788 [main] DEBUG net.thucydides.core.steps.StepInterceptor - STEP DONE: I receive valid HTTP response code 400 register
  &amp#27;[32mThen &amp#27;[0m&amp#27;[32mI receive valid HTTP response code 400 register&amp#27;[0m &amp#27;[90m# starter.stepdefinitions.RegisterSteps.receiveValidHttp400Register()&amp#27;[0m
16:19:50.790 [main] INFO  - 
  _____   ___   ___   _____     ___     _     ___   ___   ___   ___  
 |_   _| | __| / __| |_   _|   | _ \   /_\   / __| / __| | __| |   \ 
   | |   | _|  \__ \   | |     |  _/  / _ \  \__ \ \__ \ | _|  | |) |
   |_|   |___| |___/   |_|     |_|   /_/ \_\ |___/ |___/ |___| |___/ 

POST - Register without fullname
----------------------------------------------------------------------
]]></system-out>
  </testcase>
  <testcase name="POST - Register without email" classname="Register" time="0.281">
    <system-out><![CDATA[
Scenario: POST - Register without email                &amp#27;[90m# src/test/resources/features/1. Register.feature:17&amp#27;[0m
16:19:50.802 [main] DEBUG io.cucumber.core.plugin.SerenityReporter - Running feature from file:///C:/Users/WINDOWS%2010/Documents/GitHub/MiniProject_QE/API/minpro/src/test/resources/features/1.%20Register.feature
16:19:50.807 [main] INFO  - 
  _____   ___   ___   _____     ___   _____     _     ___   _____   ___   ___  
 |_   _| | __| / __| |_   _|   / __| |_   _|   /_\   | _ \ |_   _| | __| |   \ 
   | |   | _|  \__ \   | |     \__ \   | |    / _ \  |   /   | |   | _|  | |) |
   |_|   |___| |___/   |_|     |___/   |_|   /_/ \_\ |_|_\   |_|   |___| |___/ 

POST - Register without email(register;post---register-without-email)
--------------------------------------------------------------------------------
16:19:50.826 [main] DEBUG net.thucydides.core.steps.StepInterceptor - STARTING STEP: RegisterSteps.setPostApiEndpointsRegister - I set POST api endpoints register
16:19:50.826 [main] DEBUG net.thucydides.core.steps.StepInterceptor - STEP DONE: I set POST api endpoints register
  &amp#27;[32mGiven &amp#27;[0m&amp#27;[32mI set POST api endpoints register&amp#27;[0m              &amp#27;[90m# starter.stepdefinitions.RegisterSteps.setPostApiEndpointsRegister()&amp#27;[0m
16:19:50.834 [main] DEBUG net.thucydides.core.steps.StepInterceptor - STARTING STEP: RegisterSteps.sendPostHttpRequestRegister3 - I send POST HTTP request register3
16:19:50.837 [main] DEBUG net.thucydides.core.steps.StepInterceptor - STARTING STEP: Register.sendPostHttpRequestRegister3 - I set POST api endpoints register
16:19:50.837 [main] DEBUG net.thucydides.core.steps.StepInterceptor - STEP DONE: I set POST api endpoints register
16:19:50.865 [main] DEBUG org.apache.http.impl.conn.BasicClientConnectionManager - Get connection for route {s}->https://altashop-api.fly.dev:443
16:19:50.865 [main] DEBUG org.apache.http.impl.conn.DefaultClientConnectionOperator - Connecting to altashop-api.fly.dev:443
16:19:50.991 [Finalizer] DEBUG org.apache.http.impl.conn.DefaultClientConnection - Connection 0.0.0.0:53869<->149.248.193.56:443 closed
16:19:50.995 [main] DEBUG org.apache.http.client.protocol.RequestAddCookies - CookieSpec selected: ignoreCookies
16:19:50.995 [main] DEBUG org.apache.http.client.protocol.RequestAuthCache - Auth cache not set in the context
16:19:50.995 [main] DEBUG org.apache.http.client.protocol.RequestTargetAuthentication - Target auth state: UNCHALLENGED
16:19:50.995 [main] DEBUG org.apache.http.client.protocol.RequestProxyAuthentication - Proxy auth state: UNCHALLENGED
16:19:50.995 [main] DEBUG org.apache.http.impl.client.DefaultHttpClient - Attempt 1 to execute request
16:19:50.995 [main] DEBUG org.apache.http.impl.conn.DefaultClientConnection - Sending request: POST /api/auth/register HTTP/1.1
16:19:50.996 [main] DEBUG org.apache.http.wire -  >> "POST /api/auth/register HTTP/1.1[\r][\n]"
16:19:50.996 [main] DEBUG org.apache.http.wire -  >> "Accept: */*[\r][\n]"
16:19:50.996 [main] DEBUG org.apache.http.wire -  >> "Content-Type: application/json[\r][\n]"
16:19:50.996 [main] DEBUG org.apache.http.wire -  >> "Content-Length: 53[\r][\n]"
16:19:50.996 [main] DEBUG org.apache.http.wire -  >> "Host: altashop-api.fly.dev[\r][\n]"
16:19:50.996 [main] DEBUG org.apache.http.wire -  >> "Connection: Keep-Alive[\r][\n]"
16:19:50.996 [main] DEBUG org.apache.http.wire -  >> "User-Agent: Apache-HttpClient/4.5.13 (Java/15)[\r][\n]"
16:19:50.996 [main] DEBUG org.apache.http.wire -  >> "Accept-Encoding: gzip,deflate[\r][\n]"
16:19:50.996 [main] DEBUG org.apache.http.wire -  >> "[\r][\n]"
16:19:50.996 [main] DEBUG org.apache.http.headers - >> POST /api/auth/register HTTP/1.1
16:19:50.996 [main] DEBUG org.apache.http.headers - >> Accept: */*
16:19:50.996 [main] DEBUG org.apache.http.headers - >> Content-Type: application/json
16:19:50.996 [main] DEBUG org.apache.http.headers - >> Content-Length: 53
16:19:50.996 [main] DEBUG org.apache.http.headers - >> Host: altashop-api.fly.dev
16:19:50.996 [main] DEBUG org.apache.http.headers - >> Connection: Keep-Alive
16:19:50.996 [main] DEBUG org.apache.http.headers - >> User-Agent: Apache-HttpClient/4.5.13 (Java/15)
16:19:50.996 [main] DEBUG org.apache.http.headers - >> Accept-Encoding: gzip,deflate
16:19:50.996 [main] DEBUG org.apache.http.wire -  >> "{"password":"123456","fullname":"someone","email":""}"
16:19:51.059 [main] DEBUG org.apache.http.wire -  << "HTTP/1.1 400 Bad Request[\r][\n]"
16:19:51.059 [main] DEBUG org.apache.http.wire -  << "content-type: application/json[\r][\n]"
16:19:51.059 [main] DEBUG org.apache.http.wire -  << "date: Mon, 08 May 2023 09:19:52 GMT[\r][\n]"
16:19:51.059 [main] DEBUG org.apache.http.wire -  << "content-encoding: gzip[\r][\n]"
16:19:51.059 [main] DEBUG org.apache.http.wire -  << "transfer-encoding: chunked[\r][\n]"
16:19:51.059 [main] DEBUG org.apache.http.wire -  << "server: Fly/3f2597ca (2023-05-03)[\r][\n]"
16:19:51.059 [main] DEBUG org.apache.http.wire -  << "via: 1.1 fly.io[\r][\n]"
16:19:51.059 [main] DEBUG org.apache.http.wire -  << "fly-request-id: 01GZXAJ09MRDHJW1H50070MTYT-sin[\r][\n]"
16:19:51.059 [main] DEBUG org.apache.http.wire -  << "[\r][\n]"
16:19:51.059 [main] DEBUG org.apache.http.impl.conn.DefaultClientConnection - Receiving response: HTTP/1.1 400 Bad Request
16:19:51.059 [main] DEBUG org.apache.http.headers - << HTTP/1.1 400 Bad Request
16:19:51.059 [main] DEBUG org.apache.http.headers - << content-type: application/json
16:19:51.059 [main] DEBUG org.apache.http.headers - << date: Mon, 08 May 2023 09:19:52 GMT
16:19:51.059 [main] DEBUG org.apache.http.headers - << content-encoding: gzip
16:19:51.059 [main] DEBUG org.apache.http.headers - << transfer-encoding: chunked
16:19:51.059 [main] DEBUG org.apache.http.headers - << server: Fly/3f2597ca (2023-05-03)
16:19:51.060 [main] DEBUG org.apache.http.headers - << via: 1.1 fly.io
16:19:51.060 [main] DEBUG org.apache.http.headers - << fly-request-id: 01GZXAJ09MRDHJW1H50070MTYT-sin
16:19:51.060 [main] DEBUG org.apache.http.impl.client.DefaultHttpClient - Connection can be kept alive indefinitely
16:19:51.060 [main] DEBUG io.restassured.internal.RestAssuredHttpBuilder - Parsing response as: application/json
16:19:51.060 [main] DEBUG org.apache.http.wire -  << "32[\r][\n]"
16:19:51.060 [main] DEBUG org.apache.http.wire -  << "[0x1f][0x8b][0x8][0x0][0x0][0x0][0x0][0x0][0x4][0xff][0xab]VJ-*[0xca]/R[0xb2]RJ[0xcd]M[0xcc][0xcc]Q[0xc8],V(J-,[0xcd],JMQ[0xaa][0xe5][0x2][0x0]&[0xe3][0xaa]j[0x1e][0x0][0x0][0x0]"
16:19:51.060 [main] DEBUG org.apache.http.wire -  << "[\r][\n]"
16:19:51.060 [main] DEBUG org.apache.http.wire -  << "0[\r][\n]"
16:19:51.060 [main] DEBUG org.apache.http.wire -  << "[\r][\n]"
16:19:51.060 [main] DEBUG io.restassured.internal.RestAssuredHttpBuilder - Parsed data to instance of: class org.apache.http.conn.EofSensorInputStream
16:19:51.062 [main] DEBUG org.apache.http.impl.conn.BasicClientConnectionManager - Releasing connection org.apache.http.impl.conn.ManagedClientConnectionImpl@148fca83
16:19:51.062 [main] DEBUG org.apache.http.impl.conn.BasicClientConnectionManager - Connection can be kept alive indefinitely
16:19:51.062 [main] DEBUG net.thucydides.core.steps.StepInterceptor - STEP DONE: I send POST HTTP request register3
  &amp#27;[32mWhen &amp#27;[0m&amp#27;[32mI send POST HTTP request register3&amp#27;[0m              &amp#27;[90m# starter.stepdefinitions.RegisterSteps.sendPostHttpRequestRegister3()&amp#27;[0m
16:19:51.067 [main] DEBUG net.thucydides.core.steps.StepInterceptor - STARTING STEP: RegisterSteps.receiveValidHttp400Register - I receive valid HTTP response code 400 register
16:19:51.067 [main] DEBUG net.thucydides.core.steps.StepInterceptor - STEP DONE: I receive valid HTTP response code 400 register
  &amp#27;[32mThen &amp#27;[0m&amp#27;[32mI receive valid HTTP response code 400 register&amp#27;[0m &amp#27;[90m# starter.stepdefinitions.RegisterSteps.receiveValidHttp400Register()&amp#27;[0m
16:19:51.071 [main] INFO  - 
  _____   ___   ___   _____     ___     _     ___   ___   ___   ___  
 |_   _| | __| / __| |_   _|   | _ \   /_\   / __| / __| | __| |   \ 
   | |   | _|  \__ \   | |     |  _/  / _ \  \__ \ \__ \ | _|  | |) |
   |_|   |___| |___/   |_|     |_|   /_/ \_\ |___/ |___/ |___| |___/ 

POST - Register without email
----------------------------------------------------------------------
]]></system-out>
  </testcase>
  <testcase name="POST - Register without password" classname="Register" time="0.359">
    <system-out><![CDATA[
Scenario: POST - Register without password             &amp#27;[90m# src/test/resources/features/1. Register.feature:22&amp#27;[0m
16:19:51.088 [main] DEBUG io.cucumber.core.plugin.SerenityReporter - Running feature from file:///C:/Users/WINDOWS%2010/Documents/GitHub/MiniProject_QE/API/minpro/src/test/resources/features/1.%20Register.feature
16:19:51.095 [main] INFO  - 
  _____   ___   ___   _____     ___   _____     _     ___   _____   ___   ___  
 |_   _| | __| / __| |_   _|   / __| |_   _|   /_\   | _ \ |_   _| | __| |   \ 
   | |   | _|  \__ \   | |     \__ \   | |    / _ \  |   /   | |   | _|  | |) |
   |_|   |___| |___/   |_|     |___/   |_|   /_/ \_\ |_|_\   |_|   |___| |___/ 

POST - Register without password(register;post---register-without-password)
--------------------------------------------------------------------------------
16:19:51.118 [main] DEBUG net.thucydides.core.steps.StepInterceptor - STARTING STEP: RegisterSteps.setPostApiEndpointsRegister - I set POST api endpoints register
16:19:51.120 [main] DEBUG net.thucydides.core.steps.StepInterceptor - STEP DONE: I set POST api endpoints register
  &amp#27;[32mGiven &amp#27;[0m&amp#27;[32mI set POST api endpoints register&amp#27;[0m              &amp#27;[90m# starter.stepdefinitions.RegisterSteps.setPostApiEndpointsRegister()&amp#27;[0m
16:19:51.127 [main] DEBUG net.thucydides.core.steps.StepInterceptor - STARTING STEP: RegisterSteps.sendPostHttpRequest4 - I send POST HTTP request register4
16:19:51.131 [main] DEBUG net.thucydides.core.steps.StepInterceptor - STARTING STEP: Register.sendPostHttpRequestRegister4 - I set POST api endpoints register
16:19:51.131 [main] DEBUG net.thucydides.core.steps.StepInterceptor - STEP DONE: I set POST api endpoints register
16:19:51.170 [main] DEBUG org.apache.http.impl.conn.BasicClientConnectionManager - Get connection for route {s}->https://altashop-api.fly.dev:443
16:19:51.170 [main] DEBUG org.apache.http.impl.conn.DefaultClientConnectionOperator - Connecting to altashop-api.fly.dev:443
16:19:51.342 [main] DEBUG org.apache.http.client.protocol.RequestAddCookies - CookieSpec selected: ignoreCookies
16:19:51.342 [main] DEBUG org.apache.http.client.protocol.RequestAuthCache - Auth cache not set in the context
16:19:51.342 [main] DEBUG org.apache.http.client.protocol.RequestTargetAuthentication - Target auth state: UNCHALLENGED
16:19:51.342 [main] DEBUG org.apache.http.client.protocol.RequestProxyAuthentication - Proxy auth state: UNCHALLENGED
16:19:51.342 [main] DEBUG org.apache.http.impl.client.DefaultHttpClient - Attempt 1 to execute request
16:19:51.342 [main] DEBUG org.apache.http.impl.conn.DefaultClientConnection - Sending request: POST /api/auth/register HTTP/1.1
16:19:51.342 [main] DEBUG org.apache.http.wire -  >> "POST /api/auth/register HTTP/1.1[\r][\n]"
16:19:51.342 [main] DEBUG org.apache.http.wire -  >> "Accept: */*[\r][\n]"
16:19:51.342 [main] DEBUG org.apache.http.wire -  >> "Content-Type: application/json[\r][\n]"
16:19:51.342 [main] DEBUG org.apache.http.wire -  >> "Content-Length: 78[\r][\n]"
16:19:51.342 [main] DEBUG org.apache.http.wire -  >> "Host: altashop-api.fly.dev[\r][\n]"
16:19:51.342 [main] DEBUG org.apache.http.wire -  >> "Connection: Keep-Alive[\r][\n]"
16:19:51.342 [main] DEBUG org.apache.http.wire -  >> "User-Agent: Apache-HttpClient/4.5.13 (Java/15)[\r][\n]"
16:19:51.342 [main] DEBUG org.apache.http.wire -  >> "Accept-Encoding: gzip,deflate[\r][\n]"
16:19:51.342 [main] DEBUG org.apache.http.wire -  >> "[\r][\n]"
16:19:51.342 [main] DEBUG org.apache.http.headers - >> POST /api/auth/register HTTP/1.1
16:19:51.342 [main] DEBUG org.apache.http.headers - >> Accept: */*
16:19:51.342 [main] DEBUG org.apache.http.headers - >> Content-Type: application/json
16:19:51.342 [main] DEBUG org.apache.http.headers - >> Content-Length: 78
16:19:51.342 [main] DEBUG org.apache.http.headers - >> Host: altashop-api.fly.dev
16:19:51.342 [main] DEBUG org.apache.http.headers - >> Connection: Keep-Alive
16:19:51.342 [main] DEBUG org.apache.http.headers - >> User-Agent: Apache-HttpClient/4.5.13 (Java/15)
16:19:51.342 [main] DEBUG org.apache.http.headers - >> Accept-Encoding: gzip,deflate
16:19:51.342 [main] DEBUG org.apache.http.wire -  >> "{"password":"","fullname":"Firstname Lastname","email":"someoneitw@gmail.com"}"
16:19:51.422 [main] DEBUG org.apache.http.wire -  << "HTTP/1.1 400 Bad Request[\r][\n]"
16:19:51.422 [main] DEBUG org.apache.http.wire -  << "content-type: application/json[\r][\n]"
16:19:51.422 [main] DEBUG org.apache.http.wire -  << "date: Mon, 08 May 2023 09:19:52 GMT[\r][\n]"
16:19:51.422 [main] DEBUG org.apache.http.wire -  << "content-encoding: gzip[\r][\n]"
16:19:51.422 [main] DEBUG org.apache.http.wire -  << "transfer-encoding: chunked[\r][\n]"
16:19:51.422 [main] DEBUG org.apache.http.wire -  << "server: Fly/3f2597ca (2023-05-03)[\r][\n]"
16:19:51.422 [main] DEBUG org.apache.http.wire -  << "via: 1.1 fly.io[\r][\n]"
16:19:51.422 [main] DEBUG org.apache.http.wire -  << "fly-request-id: 01GZXAJ0MD51SKNGQGR4MN06W0-sin[\r][\n]"
16:19:51.422 [main] DEBUG org.apache.http.wire -  << "[\r][\n]"
16:19:51.422 [main] DEBUG org.apache.http.impl.conn.DefaultClientConnection - Receiving response: HTTP/1.1 400 Bad Request
16:19:51.422 [main] DEBUG org.apache.http.headers - << HTTP/1.1 400 Bad Request
16:19:51.423 [main] DEBUG org.apache.http.headers - << content-type: application/json
16:19:51.423 [main] DEBUG org.apache.http.headers - << date: Mon, 08 May 2023 09:19:52 GMT
16:19:51.423 [main] DEBUG org.apache.http.headers - << content-encoding: gzip
16:19:51.423 [main] DEBUG org.apache.http.headers - << transfer-encoding: chunked
16:19:51.423 [main] DEBUG org.apache.http.headers - << server: Fly/3f2597ca (2023-05-03)
16:19:51.423 [main] DEBUG org.apache.http.headers - << via: 1.1 fly.io
16:19:51.423 [main] DEBUG org.apache.http.headers - << fly-request-id: 01GZXAJ0MD51SKNGQGR4MN06W0-sin
16:19:51.423 [main] DEBUG org.apache.http.impl.client.DefaultHttpClient - Connection can be kept alive indefinitely
16:19:51.423 [main] DEBUG io.restassured.internal.RestAssuredHttpBuilder - Parsing response as: application/json
16:19:51.423 [main] DEBUG org.apache.http.wire -  << "35[\r][\n]"
16:19:51.423 [main] DEBUG org.apache.http.wire -  << "[0x1f][0x8b][0x8][0x0][0x0][0x0][0x0][0x0][0x4][0xff][0xab]VJ-*[0xca]/R[0xb2]R*H,..[0xcf]/JQ[0xc8],V(J-,[0xcd],JMQ[0xaa][0xe5][0x2][0x0][0xb9][0x8f][0xe5][0xe0]![0x0][0x0][0x0]"
16:19:51.423 [main] DEBUG org.apache.http.wire -  << "[\r][\n]"
16:19:51.423 [main] DEBUG org.apache.http.wire -  << "0[\r][\n]"
16:19:51.423 [main] DEBUG org.apache.http.wire -  << "[\r][\n]"
16:19:51.423 [main] DEBUG io.restassured.internal.RestAssuredHttpBuilder - Parsed data to instance of: class org.apache.http.conn.EofSensorInputStream
16:19:51.424 [main] DEBUG org.apache.http.impl.conn.BasicClientConnectionManager - Releasing connection org.apache.http.impl.conn.ManagedClientConnectionImpl@6fefc5ea
16:19:51.424 [main] DEBUG org.apache.http.impl.conn.BasicClientConnectionManager - Connection can be kept alive indefinitely
16:19:51.424 [main] DEBUG net.thucydides.core.steps.StepInterceptor - STEP DONE: I send POST HTTP request register4
  &amp#27;[32mWhen &amp#27;[0m&amp#27;[32mI send POST HTTP request register4&amp#27;[0m              &amp#27;[90m# starter.stepdefinitions.RegisterSteps.sendPostHttpRequest4()&amp#27;[0m
16:19:51.427 [main] DEBUG net.thucydides.core.steps.StepInterceptor - STARTING STEP: RegisterSteps.receiveValidHttp400Register - I receive valid HTTP response code 400 register
16:19:51.428 [main] DEBUG net.thucydides.core.steps.StepInterceptor - STEP DONE: I receive valid HTTP response code 400 register
  &amp#27;[32mThen &amp#27;[0m&amp#27;[32mI receive valid HTTP response code 400 register&amp#27;[0m &amp#27;[90m# starter.stepdefinitions.RegisterSteps.receiveValidHttp400Register()&amp#27;[0m
16:19:51.431 [main] INFO  - 
  _____   ___   ___   _____     ___     _     ___   ___   ___   ___  
 |_   _| | __| / __| |_   _|   | _ \   /_\   / __| / __| | __| |   \ 
   | |   | _|  \__ \   | |     |  _/  / _ \  \__ \ \__ \ | _|  | |) |
   |_|   |___| |___/   |_|     |_|   /_/ \_\ |___/ |___/ |___| |___/ 

POST - Register without password
----------------------------------------------------------------------
]]></system-out>
  </testcase>
  <testcase name="POST - Register with existed account" classname="Register" time="0.265">
    <system-out><![CDATA[
Scenario: POST - Register with existed account         &amp#27;[90m# src/test/resources/features/1. Register.feature:27&amp#27;[0m
16:19:51.438 [main] DEBUG io.cucumber.core.plugin.SerenityReporter - Running feature from file:///C:/Users/WINDOWS%2010/Documents/GitHub/MiniProject_QE/API/minpro/src/test/resources/features/1.%20Register.feature
16:19:51.443 [main] INFO  - 
  _____   ___   ___   _____     ___   _____     _     ___   _____   ___   ___  
 |_   _| | __| / __| |_   _|   / __| |_   _|   /_\   | _ \ |_   _| | __| |   \ 
   | |   | _|  \__ \   | |     \__ \   | |    / _ \  |   /   | |   | _|  | |) |
   |_|   |___| |___/   |_|     |___/   |_|   /_/ \_\ |_|_\   |_|   |___| |___/ 

POST - Register with existed account(register;post---register-with-existed-account)
--------------------------------------------------------------------------------
16:19:51.461 [main] DEBUG net.thucydides.core.steps.StepInterceptor - STARTING STEP: RegisterSteps.setPostApiEndpointsRegister - I set POST api endpoints register
16:19:51.461 [main] DEBUG net.thucydides.core.steps.StepInterceptor - STEP DONE: I set POST api endpoints register
  &amp#27;[32mGiven &amp#27;[0m&amp#27;[32mI set POST api endpoints register&amp#27;[0m              &amp#27;[90m# starter.stepdefinitions.RegisterSteps.setPostApiEndpointsRegister()&amp#27;[0m
16:19:51.466 [main] DEBUG net.thucydides.core.steps.StepInterceptor - STARTING STEP: RegisterSteps.sendPostHttpRequest5 - I send POST HTTP request register5
16:19:51.468 [main] DEBUG net.thucydides.core.steps.StepInterceptor - STARTING STEP: Register.sendPostHttpRequestRegister5 - I set POST api endpoints register
16:19:51.469 [main] DEBUG net.thucydides.core.steps.StepInterceptor - STEP DONE: I set POST api endpoints register
16:19:51.486 [main] DEBUG org.apache.http.impl.conn.BasicClientConnectionManager - Get connection for route {s}->https://altashop-api.fly.dev:443
16:19:51.486 [main] DEBUG org.apache.http.impl.conn.DefaultClientConnectionOperator - Connecting to altashop-api.fly.dev:443
16:19:51.617 [main] DEBUG org.apache.http.client.protocol.RequestAddCookies - CookieSpec selected: ignoreCookies
16:19:51.617 [main] DEBUG org.apache.http.client.protocol.RequestAuthCache - Auth cache not set in the context
16:19:51.617 [main] DEBUG org.apache.http.client.protocol.RequestTargetAuthentication - Target auth state: UNCHALLENGED
16:19:51.617 [main] DEBUG org.apache.http.client.protocol.RequestProxyAuthentication - Proxy auth state: UNCHALLENGED
16:19:51.617 [main] DEBUG org.apache.http.impl.client.DefaultHttpClient - Attempt 1 to execute request
16:19:51.617 [main] DEBUG org.apache.http.impl.conn.DefaultClientConnection - Sending request: POST /api/auth/register HTTP/1.1
16:19:51.617 [main] DEBUG org.apache.http.wire -  >> "POST /api/auth/register HTTP/1.1[\r][\n]"
16:19:51.617 [main] DEBUG org.apache.http.wire -  >> "Accept: */*[\r][\n]"
16:19:51.617 [main] DEBUG org.apache.http.wire -  >> "Content-Type: application/json[\r][\n]"
16:19:51.617 [main] DEBUG org.apache.http.wire -  >> "Content-Length: 84[\r][\n]"
16:19:51.617 [main] DEBUG org.apache.http.wire -  >> "Host: altashop-api.fly.dev[\r][\n]"
16:19:51.618 [main] DEBUG org.apache.http.wire -  >> "Connection: Keep-Alive[\r][\n]"
16:19:51.618 [main] DEBUG org.apache.http.wire -  >> "User-Agent: Apache-HttpClient/4.5.13 (Java/15)[\r][\n]"
16:19:51.618 [main] DEBUG org.apache.http.wire -  >> "Accept-Encoding: gzip,deflate[\r][\n]"
16:19:51.618 [main] DEBUG org.apache.http.wire -  >> "[\r][\n]"
16:19:51.618 [main] DEBUG org.apache.http.headers - >> POST /api/auth/register HTTP/1.1
16:19:51.618 [main] DEBUG org.apache.http.headers - >> Accept: */*
16:19:51.618 [main] DEBUG org.apache.http.headers - >> Content-Type: application/json
16:19:51.618 [main] DEBUG org.apache.http.headers - >> Content-Length: 84
16:19:51.618 [main] DEBUG org.apache.http.headers - >> Host: altashop-api.fly.dev
16:19:51.618 [main] DEBUG org.apache.http.headers - >> Connection: Keep-Alive
16:19:51.618 [main] DEBUG org.apache.http.headers - >> User-Agent: Apache-HttpClient/4.5.13 (Java/15)
16:19:51.618 [main] DEBUG org.apache.http.headers - >> Accept-Encoding: gzip,deflate
16:19:51.618 [main] DEBUG org.apache.http.wire -  >> "{"password":"123123","fullname":"Firstname Lastname","email":"someoneitw@gmail.com"}"
16:19:51.681 [main] DEBUG org.apache.http.wire -  << "HTTP/1.1 400 Bad Request[\r][\n]"
16:19:51.681 [main] DEBUG org.apache.http.wire -  << "content-type: application/json[\r][\n]"
16:19:51.681 [main] DEBUG org.apache.http.wire -  << "date: Mon, 08 May 2023 09:19:53 GMT[\r][\n]"
16:19:51.681 [main] DEBUG org.apache.http.wire -  << "content-encoding: gzip[\r][\n]"
16:19:51.681 [main] DEBUG org.apache.http.wire -  << "transfer-encoding: chunked[\r][\n]"
16:19:51.681 [main] DEBUG org.apache.http.wire -  << "server: Fly/3f2597ca (2023-05-03)[\r][\n]"
16:19:51.681 [main] DEBUG org.apache.http.wire -  << "via: 1.1 fly.io[\r][\n]"
16:19:51.681 [main] DEBUG org.apache.http.wire -  << "fly-request-id: 01GZXAJ0X0NDNG87Q07JND88M9-sin[\r][\n]"
16:19:51.681 [main] DEBUG org.apache.http.wire -  << "[\r][\n]"
16:19:51.681 [main] DEBUG org.apache.http.impl.conn.DefaultClientConnection - Receiving response: HTTP/1.1 400 Bad Request
16:19:51.681 [main] DEBUG org.apache.http.headers - << HTTP/1.1 400 Bad Request
16:19:51.681 [main] DEBUG org.apache.http.headers - << content-type: application/json
16:19:51.681 [main] DEBUG org.apache.http.headers - << date: Mon, 08 May 2023 09:19:53 GMT
16:19:51.681 [main] DEBUG org.apache.http.headers - << content-encoding: gzip
16:19:51.681 [main] DEBUG org.apache.http.headers - << transfer-encoding: chunked
16:19:51.681 [main] DEBUG org.apache.http.headers - << server: Fly/3f2597ca (2023-05-03)
16:19:51.681 [main] DEBUG org.apache.http.headers - << via: 1.1 fly.io
16:19:51.681 [main] DEBUG org.apache.http.headers - << fly-request-id: 01GZXAJ0X0NDNG87Q07JND88M9-sin
16:19:51.681 [main] DEBUG org.apache.http.impl.client.DefaultHttpClient - Connection can be kept alive indefinitely
16:19:51.682 [main] DEBUG io.restassured.internal.RestAssuredHttpBuilder - Parsing response as: application/json
16:19:51.682 [main] DEBUG org.apache.http.wire -  << "7B[\r][\n]"
16:19:51.682 [main] DEBUG org.apache.http.wire -  << "[0x1f][0x8b][0x8][0x0][0x0][0x0][0x0][0x0][0x4][0xff][0xab]VJ-*[0xca]/R[0xb2]Rr[\r][\n]"
16:19:51.682 [main] DEBUG org.apache.http.wire -  << "[0xf2][0xf][0xb2]RH)-[0xc8][0xc9]LN,IU[0xc8]N[0xad]T(K[0xcc])MU([0xcb][0xcc][0xcf]I,I-V([0xcd][0xcb],,MUH[0xce][0xcf]+.)J[0xcc][0xcc]+Q[0x88]Q*-N-*[0x8e]O[0xcd]M[0xcc][0xcc][0x89][0xcf]N[0xad][0x8c]QR[0xd0][0x8][0xe][0xf4][0x9][0xe]q[0xc]qU02650[0xd5]T[0xaa][0xe5][0x2][0x0][0x1a]G[0x13]pg[0x0][0x0][0x0]"
16:19:51.682 [main] DEBUG org.apache.http.wire -  << "[\r][\n]"
16:19:51.682 [main] DEBUG org.apache.http.wire -  << "0[\r][\n]"
16:19:51.682 [main] DEBUG org.apache.http.wire -  << "[\r][\n]"
16:19:51.682 [main] DEBUG io.restassured.internal.RestAssuredHttpBuilder - Parsed data to instance of: class org.apache.http.conn.EofSensorInputStream
16:19:51.683 [main] DEBUG org.apache.http.impl.conn.BasicClientConnectionManager - Releasing connection org.apache.http.impl.conn.ManagedClientConnectionImpl@7d551ec6
16:19:51.683 [main] DEBUG org.apache.http.impl.conn.BasicClientConnectionManager - Connection can be kept alive indefinitely
16:19:51.684 [main] DEBUG net.thucydides.core.steps.StepInterceptor - STEP DONE: I send POST HTTP request register5
  &amp#27;[32mWhen &amp#27;[0m&amp#27;[32mI send POST HTTP request register5&amp#27;[0m              &amp#27;[90m# starter.stepdefinitions.RegisterSteps.sendPostHttpRequest5()&amp#27;[0m
16:19:51.689 [main] DEBUG net.thucydides.core.steps.StepInterceptor - STARTING STEP: RegisterSteps.receiveValidHttp400Register - I receive valid HTTP response code 400 register
16:19:51.690 [main] DEBUG net.thucydides.core.steps.StepInterceptor - STEP DONE: I receive valid HTTP response code 400 register
  &amp#27;[32mThen &amp#27;[0m&amp#27;[32mI receive valid HTTP response code 400 register&amp#27;[0m &amp#27;[90m# starter.stepdefinitions.RegisterSteps.receiveValidHttp400Register()&amp#27;[0m
16:19:51.695 [main] INFO  - 
  _____   ___   ___   _____     ___     _     ___   ___   ___   ___  
 |_   _| | __| / __| |_   _|   | _ \   /_\   / __| / __| | __| |   \ 
   | |   | _|  \__ \   | |     |  _/  / _ \  \__ \ \__ \ | _|  | |) |
   |_|   |___| |___/   |_|     |_|   /_/ \_\ |___/ |___/ |___| |___/ 

POST - Register with existed account
----------------------------------------------------------------------
]]></system-out>
  </testcase>
  <testcase name="POST - Login with valid credential" classname="Login" time="0.359">
    <system-out><![CDATA[16:19:51.698 [main] DEBUG io.cucumber.core.plugin.SerenityReporter - Running feature from file:///C:/Users/WINDOWS%2010/Documents/GitHub/MiniProject_QE/API/minpro/src/test/resources/features/2.%20Login.feature
16:19:51.705 [main] DEBUG net.thucydides.core.steps.StepEventBus - Test suite started for story net.thucydides.core.model.Story@86b1dd01
16:19:51.706 [main] INFO  - Test Suite Started: Login

Scenario: POST - Login with valid credential        &amp#27;[90m# src/test/resources/features/2. Login.feature:7&amp#27;[0m
16:19:51.717 [main] DEBUG io.cucumber.core.plugin.SerenityReporter - Running feature from file:///C:/Users/WINDOWS%2010/Documents/GitHub/MiniProject_QE/API/minpro/src/test/resources/features/2.%20Login.feature
16:19:51.725 [main] INFO  - 
  _____   ___   ___   _____     ___   _____     _     ___   _____   ___   ___  
 |_   _| | __| / __| |_   _|   / __| |_   _|   /_\   | _ \ |_   _| | __| |   \ 
   | |   | _|  \__ \   | |     \__ \   | |    / _ \  |   /   | |   | _|  | |) |
   |_|   |___| |___/   |_|     |___/   |_|   /_/ \_\ |_|_\   |_|   |___| |___/ 

POST - Login with valid credential(login;post---login-with-valid-credential)
--------------------------------------------------------------------------------
16:19:51.773 [main] DEBUG net.thucydides.core.steps.StepInterceptor - STARTING STEP: LoginSteps.setPostApiEndpointsLogin - I set POST api endpoints login
16:19:51.773 [main] DEBUG net.thucydides.core.steps.StepInterceptor - STEP DONE: I set POST api endpoints login
  &amp#27;[32mGiven &amp#27;[0m&amp#27;[32mI set POST api endpoints login&amp#27;[0m              &amp#27;[90m# starter.stepdefinitions.LoginSteps.setPostApiEndpointsLogin()&amp#27;[0m
16:19:51.782 [main] DEBUG net.thucydides.core.steps.StepInterceptor - STARTING STEP: LoginSteps.sendPostHttpRequestLogin - I send POST HTTP request login
16:19:51.786 [main] DEBUG net.thucydides.core.steps.StepInterceptor - STARTING STEP: Login.sendPostHttpRequestLogin - I set POST api endpoints login
16:19:51.786 [main] DEBUG net.thucydides.core.steps.StepInterceptor - STEP DONE: I set POST api endpoints login
16:19:51.808 [main] DEBUG org.apache.http.impl.conn.BasicClientConnectionManager - Get connection for route {s}->https://altashop-api.fly.dev:443
16:19:51.809 [main] DEBUG org.apache.http.impl.conn.DefaultClientConnectionOperator - Connecting to altashop-api.fly.dev:443
16:19:51.980 [main] DEBUG org.apache.http.client.protocol.RequestAddCookies - CookieSpec selected: ignoreCookies
16:19:51.980 [main] DEBUG org.apache.http.client.protocol.RequestAuthCache - Auth cache not set in the context
16:19:51.981 [main] DEBUG org.apache.http.client.protocol.RequestTargetAuthentication - Target auth state: UNCHALLENGED
16:19:51.981 [main] DEBUG org.apache.http.client.protocol.RequestProxyAuthentication - Proxy auth state: UNCHALLENGED
16:19:51.981 [main] DEBUG org.apache.http.impl.client.DefaultHttpClient - Attempt 1 to execute request
16:19:51.981 [main] DEBUG org.apache.http.impl.conn.DefaultClientConnection - Sending request: POST /api/auth/login HTTP/1.1
16:19:51.981 [main] DEBUG org.apache.http.wire -  >> "POST /api/auth/login HTTP/1.1[\r][\n]"
16:19:51.981 [main] DEBUG org.apache.http.wire -  >> "Accept: */*[\r][\n]"
16:19:51.981 [main] DEBUG org.apache.http.wire -  >> "Content-Type: application/json[\r][\n]"
16:19:51.981 [main] DEBUG org.apache.http.wire -  >> "Content-Length: 55[\r][\n]"
16:19:51.981 [main] DEBUG org.apache.http.wire -  >> "Host: altashop-api.fly.dev[\r][\n]"
16:19:51.981 [main] DEBUG org.apache.http.wire -  >> "Connection: Keep-Alive[\r][\n]"
16:19:51.981 [main] DEBUG org.apache.http.wire -  >> "User-Agent: Apache-HttpClient/4.5.13 (Java/15)[\r][\n]"
16:19:51.981 [main] DEBUG org.apache.http.wire -  >> "Accept-Encoding: gzip,deflate[\r][\n]"
16:19:51.981 [main] DEBUG org.apache.http.wire -  >> "[\r][\n]"
16:19:51.981 [main] DEBUG org.apache.http.headers - >> POST /api/auth/login HTTP/1.1
16:19:51.981 [main] DEBUG org.apache.http.headers - >> Accept: */*
16:19:51.981 [main] DEBUG org.apache.http.headers - >> Content-Type: application/json
16:19:51.981 [main] DEBUG org.apache.http.headers - >> Content-Length: 55
16:19:51.981 [main] DEBUG org.apache.http.headers - >> Host: altashop-api.fly.dev
16:19:51.981 [main] DEBUG org.apache.http.headers - >> Connection: Keep-Alive
16:19:51.981 [main] DEBUG org.apache.http.headers - >> User-Agent: Apache-HttpClient/4.5.13 (Java/15)
16:19:51.981 [main] DEBUG org.apache.http.headers - >> Accept-Encoding: gzip,deflate
16:19:51.981 [main] DEBUG org.apache.http.wire -  >> "{"password":"123123123","email":"someoneitw@gmail.com"}"
16:19:52.056 [main] DEBUG org.apache.http.wire -  << "HTTP/1.1 200 OK[\r][\n]"
16:19:52.056 [main] DEBUG org.apache.http.wire -  << "content-type: application/json[\r][\n]"
16:19:52.056 [main] DEBUG org.apache.http.wire -  << "date: Mon, 08 May 2023 09:19:53 GMT[\r][\n]"
16:19:52.056 [main] DEBUG org.apache.http.wire -  << "content-encoding: gzip[\r][\n]"
16:19:52.056 [main] DEBUG org.apache.http.wire -  << "transfer-encoding: chunked[\r][\n]"
16:19:52.056 [main] DEBUG org.apache.http.wire -  << "server: Fly/3f2597ca (2023-05-03)[\r][\n]"
16:19:52.056 [main] DEBUG org.apache.http.wire -  << "via: 1.1 fly.io[\r][\n]"
16:19:52.056 [main] DEBUG org.apache.http.wire -  << "fly-request-id: 01GZXAJ18C039YJP6NNDK8FCS1-sin[\r][\n]"
16:19:52.056 [main] DEBUG org.apache.http.wire -  << "[\r][\n]"
16:19:52.056 [main] DEBUG org.apache.http.impl.conn.DefaultClientConnection - Receiving response: HTTP/1.1 200 OK
16:19:52.056 [main] DEBUG org.apache.http.headers - << HTTP/1.1 200 OK
16:19:52.056 [main] DEBUG org.apache.http.headers - << content-type: application/json
16:19:52.056 [main] DEBUG org.apache.http.headers - << date: Mon, 08 May 2023 09:19:53 GMT
16:19:52.056 [main] DEBUG org.apache.http.headers - << content-encoding: gzip
16:19:52.056 [main] DEBUG org.apache.http.headers - << transfer-encoding: chunked
16:19:52.056 [main] DEBUG org.apache.http.headers - << server: Fly/3f2597ca (2023-05-03)
16:19:52.056 [main] DEBUG org.apache.http.headers - << via: 1.1 fly.io
16:19:52.056 [main] DEBUG org.apache.http.headers - << fly-request-id: 01GZXAJ18C039YJP6NNDK8FCS1-sin
16:19:52.056 [main] DEBUG org.apache.http.impl.client.DefaultHttpClient - Connection can be kept alive indefinitely
16:19:52.057 [main] DEBUG io.restassured.internal.RestAssuredHttpBuilder - Parsing response as: application/json
16:19:52.057 [main] DEBUG org.apache.http.wire -  << "BA[\r][\n]"
16:19:52.057 [main] DEBUG org.apache.http.wire -  << "[0x1f][0x8b][0x8][0x0][0x0][0x0][0x0][0x0][0x4][0xff][0xab]VJI,IT[0xb2]RJ[0xad][0xf4][0xca]HrO[0xce][0xf4][0xcf][0xf4][0xf2][0xc][0xad][0xf2]4[0xf4][0xcb][0xf4],[0xf6][0xcc][0xb]2Mv[0xf6]4[0xf3][0xcc].[0x88][0x8]s[0xf6][0xb2][0xd4]K[0xad][0xf4]rO[0x9][0xaf](N[0xca]u+[0x89][\n]"
16:19:52.057 [main] DEBUG org.apache.http.wire -  << "[0x6]ID[0x15]$[0xe7][0xf9][0x19]@[0xf8]N[0xbe][0x91][0x11]0[0xb6]g[0xb1]gvXIdxN[0xb1]gV~f[0xb2][0x91]eIT[0xb8]eiTx[0x8e]A[0x8a][0x81]S^R[0xb8][A[0x92][0xb3]iV[0x92][0x91]AfZ[0xa0][0x9e][0xa3]GyV[0xa5][0xb7]S[0x92]y[0x90]_Ph[0xa0]a[0xa8][0xbb]GT~|[0x96]_UR@YF[0x95]y[0x86][0x89][0x97]qn[0x92]Sb[0x89][0x91]gh[0xa0]R-[0x17][0x0][0x81][0xf2][0xc][0x86][0xb3][0x0][0x0][0x0]"
16:19:52.057 [main] DEBUG org.apache.http.wire -  << "[\r][\n]"
16:19:52.057 [main] DEBUG org.apache.http.wire -  << "0[\r][\n]"
16:19:52.057 [main] DEBUG org.apache.http.wire -  << "[\r][\n]"
16:19:52.057 [main] DEBUG io.restassured.internal.RestAssuredHttpBuilder - Parsed data to instance of: class org.apache.http.conn.EofSensorInputStream
16:19:52.059 [main] DEBUG org.apache.http.impl.conn.BasicClientConnectionManager - Releasing connection org.apache.http.impl.conn.ManagedClientConnectionImpl@1618c98a
16:19:52.059 [main] DEBUG org.apache.http.impl.conn.BasicClientConnectionManager - Connection can be kept alive indefinitely
16:19:52.059 [main] DEBUG net.thucydides.core.steps.StepInterceptor - STEP DONE: I send POST HTTP request login
  &amp#27;[32mWhen &amp#27;[0m&amp#27;[32mI send POST HTTP request login&amp#27;[0m               &amp#27;[90m# starter.stepdefinitions.LoginSteps.sendPostHttpRequestLogin()&amp#27;[0m
16:19:52.064 [main] DEBUG net.thucydides.core.steps.StepInterceptor - STARTING STEP: LoginSteps.receiveValidHttp200Login - I receive valid HTTP response code 200 login
16:19:52.065 [main] DEBUG net.thucydides.core.steps.StepInterceptor - STEP DONE: I receive valid HTTP response code 200 login
  &amp#27;[32mThen &amp#27;[0m&amp#27;[32mI receive valid HTTP response code 200 login&amp#27;[0m &amp#27;[90m# starter.stepdefinitions.LoginSteps.receiveValidHttp200Login()&amp#27;[0m
16:19:52.067 [main] INFO  - 
  _____   ___   ___   _____     ___     _     ___   ___   ___   ___  
 |_   _| | __| / __| |_   _|   | _ \   /_\   / __| / __| | __| |   \ 
   | |   | _|  \__ \   | |     |  _/  / _ \  \__ \ \__ \ | _|  | |) |
   |_|   |___| |___/   |_|     |_|   /_/ \_\ |___/ |___/ |___| |___/ 

POST - Login with valid credential
----------------------------------------------------------------------
]]></system-out>
  </testcase>
  <testcase name="POST - Login wrong password" classname="Login" time="0.274">
    <system-out><![CDATA[
Scenario: POST - Login wrong password               &amp#27;[90m# src/test/resources/features/2. Login.feature:12&amp#27;[0m
16:19:52.075 [main] DEBUG io.cucumber.core.plugin.SerenityReporter - Running feature from file:///C:/Users/WINDOWS%2010/Documents/GitHub/MiniProject_QE/API/minpro/src/test/resources/features/2.%20Login.feature
16:19:52.080 [main] INFO  - 
  _____   ___   ___   _____     ___   _____     _     ___   _____   ___   ___  
 |_   _| | __| / __| |_   _|   / __| |_   _|   /_\   | _ \ |_   _| | __| |   \ 
   | |   | _|  \__ \   | |     \__ \   | |    / _ \  |   /   | |   | _|  | |) |
   |_|   |___| |___/   |_|     |___/   |_|   /_/ \_\ |_|_\   |_|   |___| |___/ 

POST - Login wrong password(login;post---login-wrong-password)
--------------------------------------------------------------------------------
16:19:52.108 [main] DEBUG net.thucydides.core.steps.StepInterceptor - STARTING STEP: LoginSteps.setPostApiEndpointsLogin - I set POST api endpoints login
16:19:52.108 [main] DEBUG net.thucydides.core.steps.StepInterceptor - STEP DONE: I set POST api endpoints login
  &amp#27;[32mGiven &amp#27;[0m&amp#27;[32mI set POST api endpoints login&amp#27;[0m              &amp#27;[90m# starter.stepdefinitions.LoginSteps.setPostApiEndpointsLogin()&amp#27;[0m
16:19:52.118 [main] DEBUG net.thucydides.core.steps.StepInterceptor - STARTING STEP: LoginSteps.sendPostHttpRequestLogin1 - I send POST HTTP request login1
16:19:52.120 [main] DEBUG net.thucydides.core.steps.StepInterceptor - STARTING STEP: Login.sendPostHttpRequestLogin1 - I set POST api endpoints login
16:19:52.120 [main] DEBUG net.thucydides.core.steps.StepInterceptor - STEP DONE: I set POST api endpoints login
16:19:52.139 [main] DEBUG org.apache.http.impl.conn.BasicClientConnectionManager - Get connection for route {s}->https://altashop-api.fly.dev:443
16:19:52.139 [main] DEBUG org.apache.http.impl.conn.DefaultClientConnectionOperator - Connecting to altashop-api.fly.dev:443
16:19:52.266 [main] DEBUG org.apache.http.client.protocol.RequestAddCookies - CookieSpec selected: ignoreCookies
16:19:52.266 [main] DEBUG org.apache.http.client.protocol.RequestAuthCache - Auth cache not set in the context
16:19:52.266 [main] DEBUG org.apache.http.client.protocol.RequestTargetAuthentication - Target auth state: UNCHALLENGED
16:19:52.266 [main] DEBUG org.apache.http.client.protocol.RequestProxyAuthentication - Proxy auth state: UNCHALLENGED
16:19:52.266 [main] DEBUG org.apache.http.impl.client.DefaultHttpClient - Attempt 1 to execute request
16:19:52.266 [main] DEBUG org.apache.http.impl.conn.DefaultClientConnection - Sending request: POST /api/auth/login HTTP/1.1
16:19:52.266 [main] DEBUG org.apache.http.wire -  >> "POST /api/auth/login HTTP/1.1[\r][\n]"
16:19:52.266 [main] DEBUG org.apache.http.wire -  >> "Accept: */*[\r][\n]"
16:19:52.266 [main] DEBUG org.apache.http.wire -  >> "Content-Type: application/json[\r][\n]"
16:19:52.266 [main] DEBUG org.apache.http.wire -  >> "Content-Length: 54[\r][\n]"
16:19:52.266 [main] DEBUG org.apache.http.wire -  >> "Host: altashop-api.fly.dev[\r][\n]"
16:19:52.266 [main] DEBUG org.apache.http.wire -  >> "Connection: Keep-Alive[\r][\n]"
16:19:52.266 [main] DEBUG org.apache.http.wire -  >> "User-Agent: Apache-HttpClient/4.5.13 (Java/15)[\r][\n]"
16:19:52.266 [main] DEBUG org.apache.http.wire -  >> "Accept-Encoding: gzip,deflate[\r][\n]"
16:19:52.266 [main] DEBUG org.apache.http.wire -  >> "[\r][\n]"
16:19:52.266 [main] DEBUG org.apache.http.headers - >> POST /api/auth/login HTTP/1.1
16:19:52.266 [main] DEBUG org.apache.http.headers - >> Accept: */*
16:19:52.266 [main] DEBUG org.apache.http.headers - >> Content-Type: application/json
16:19:52.266 [main] DEBUG org.apache.http.headers - >> Content-Length: 54
16:19:52.266 [main] DEBUG org.apache.http.headers - >> Host: altashop-api.fly.dev
16:19:52.266 [main] DEBUG org.apache.http.headers - >> Connection: Keep-Alive
16:19:52.266 [main] DEBUG org.apache.http.headers - >> User-Agent: Apache-HttpClient/4.5.13 (Java/15)
16:19:52.266 [main] DEBUG org.apache.http.headers - >> Accept-Encoding: gzip,deflate
16:19:52.266 [main] DEBUG org.apache.http.wire -  >> "{"password":"someone1","email":"someoneitw@gmail.com"}"
16:19:52.333 [main] DEBUG org.apache.http.wire -  << "HTTP/1.1 400 Bad Request[\r][\n]"
16:19:52.333 [main] DEBUG org.apache.http.wire -  << "content-type: application/json[\r][\n]"
16:19:52.333 [main] DEBUG org.apache.http.wire -  << "date: Mon, 08 May 2023 09:19:53 GMT[\r][\n]"
16:19:52.333 [main] DEBUG org.apache.http.wire -  << "content-encoding: gzip[\r][\n]"
16:19:52.333 [main] DEBUG org.apache.http.wire -  << "transfer-encoding: chunked[\r][\n]"
16:19:52.333 [main] DEBUG org.apache.http.wire -  << "server: Fly/3f2597ca (2023-05-03)[\r][\n]"
16:19:52.333 [main] DEBUG org.apache.http.wire -  << "via: 1.1 fly.io[\r][\n]"
16:19:52.333 [main] DEBUG org.apache.http.wire -  << "fly-request-id: 01GZXAJ1H9G7FNCNWXXV8AJ67K-sin[\r][\n]"
16:19:52.333 [main] DEBUG org.apache.http.wire -  << "[\r][\n]"
16:19:52.333 [main] DEBUG org.apache.http.impl.conn.DefaultClientConnection - Receiving response: HTTP/1.1 400 Bad Request
16:19:52.333 [main] DEBUG org.apache.http.headers - << HTTP/1.1 400 Bad Request
16:19:52.333 [main] DEBUG org.apache.http.headers - << content-type: application/json
16:19:52.333 [main] DEBUG org.apache.http.headers - << date: Mon, 08 May 2023 09:19:53 GMT
16:19:52.333 [main] DEBUG org.apache.http.headers - << content-encoding: gzip
16:19:52.333 [main] DEBUG org.apache.http.headers - << transfer-encoding: chunked
16:19:52.333 [main] DEBUG org.apache.http.headers - << server: Fly/3f2597ca (2023-05-03)
16:19:52.333 [main] DEBUG org.apache.http.headers - << via: 1.1 fly.io
16:19:52.333 [main] DEBUG org.apache.http.headers - << fly-request-id: 01GZXAJ1H9G7FNCNWXXV8AJ67K-sin
16:19:52.333 [main] DEBUG org.apache.http.impl.client.DefaultHttpClient - Connection can be kept alive indefinitely
16:19:52.333 [main] DEBUG io.restassured.internal.RestAssuredHttpBuilder - Parsing response as: application/json
16:19:52.333 [main] DEBUG org.apache.http.wire -  << "3D[\r][\n]"
16:19:52.333 [main] DEBUG org.apache.http.wire -  << "[0x1f][0x8b][0x8][0x0][0x0][0x0][0x0][0x0][0x4][0xff][0xab]VJ-*[0xca]/R[0xb2]RJ[0xcd]M[0xcc][0xcc]Q[0xc8]/R(H,..[0xcf]/JQ[0xc8],V[0xc8][0xcc]+K[0xcc][0xc9]LQ[0xaa][0xe5][0x2][0x0][0xc0][0xad][0xff][0xb])[0x0][0x0][0x0]"
16:19:52.333 [main] DEBUG org.apache.http.wire -  << "[\r][\n]"
16:19:52.333 [main] DEBUG org.apache.http.wire -  << "0[\r][\n]"
16:19:52.333 [main] DEBUG org.apache.http.wire -  << "[\r][\n]"
16:19:52.333 [main] DEBUG io.restassured.internal.RestAssuredHttpBuilder - Parsed data to instance of: class org.apache.http.conn.EofSensorInputStream
16:19:52.334 [main] DEBUG org.apache.http.impl.conn.BasicClientConnectionManager - Releasing connection org.apache.http.impl.conn.ManagedClientConnectionImpl@1de6dc80
16:19:52.334 [main] DEBUG org.apache.http.impl.conn.BasicClientConnectionManager - Connection can be kept alive indefinitely
16:19:52.335 [main] DEBUG net.thucydides.core.steps.StepInterceptor - STEP DONE: I send POST HTTP request login1
  &amp#27;[32mWhen &amp#27;[0m&amp#27;[32mI send POST HTTP request login1&amp#27;[0m              &amp#27;[90m# starter.stepdefinitions.LoginSteps.sendPostHttpRequestLogin1()&amp#27;[0m
16:19:52.339 [main] DEBUG net.thucydides.core.steps.StepInterceptor - STARTING STEP: LoginSteps.receiveValidHttp400Login - I receive valid HTTP response code 400 login
16:19:52.339 [main] DEBUG net.thucydides.core.steps.StepInterceptor - STEP DONE: I receive valid HTTP response code 400 login
  &amp#27;[32mThen &amp#27;[0m&amp#27;[32mI receive valid HTTP response code 400 login&amp#27;[0m &amp#27;[90m# starter.stepdefinitions.LoginSteps.receiveValidHttp400Login()&amp#27;[0m
16:19:52.342 [main] INFO  - 
  _____   ___   ___   _____     ___     _     ___   ___   ___   ___  
 |_   _| | __| / __| |_   _|   | _ \   /_\   / __| / __| | __| |   \ 
   | |   | _|  \__ \   | |     |  _/  / _ \  \__ \ \__ \ | _|  | |) |
   |_|   |___| |___/   |_|     |_|   /_/ \_\ |___/ |___/ |___| |___/ 

POST - Login wrong password
----------------------------------------------------------------------
]]></system-out>
  </testcase>
  <testcase name="POST - Login with empty email" classname="Login" time="0.259">
    <system-out><![CDATA[
Scenario: POST - Login with empty email             &amp#27;[90m# src/test/resources/features/2. Login.feature:17&amp#27;[0m
16:19:52.348 [main] DEBUG io.cucumber.core.plugin.SerenityReporter - Running feature from file:///C:/Users/WINDOWS%2010/Documents/GitHub/MiniProject_QE/API/minpro/src/test/resources/features/2.%20Login.feature
16:19:52.353 [main] INFO  - 
  _____   ___   ___   _____     ___   _____     _     ___   _____   ___   ___  
 |_   _| | __| / __| |_   _|   / __| |_   _|   /_\   | _ \ |_   _| | __| |   \ 
   | |   | _|  \__ \   | |     \__ \   | |    / _ \  |   /   | |   | _|  | |) |
   |_|   |___| |___/   |_|     |___/   |_|   /_/ \_\ |_|_\   |_|   |___| |___/ 

POST - Login with empty email(login;post---login-with-empty-email)
--------------------------------------------------------------------------------
16:19:52.371 [main] DEBUG net.thucydides.core.steps.StepInterceptor - STARTING STEP: LoginSteps.setPostApiEndpointsLogin - I set POST api endpoints login
16:19:52.371 [main] DEBUG net.thucydides.core.steps.StepInterceptor - STEP DONE: I set POST api endpoints login
  &amp#27;[32mGiven &amp#27;[0m&amp#27;[32mI set POST api endpoints login&amp#27;[0m              &amp#27;[90m# starter.stepdefinitions.LoginSteps.setPostApiEndpointsLogin()&amp#27;[0m
16:19:52.377 [main] DEBUG net.thucydides.core.steps.StepInterceptor - STARTING STEP: LoginSteps.sendPostHttpRequestLogin2 - I send POST HTTP request login2
16:19:52.380 [main] DEBUG net.thucydides.core.steps.StepInterceptor - STARTING STEP: Login.sendPostHttpRequestLogin2 - I set POST api endpoints login
16:19:52.380 [main] DEBUG net.thucydides.core.steps.StepInterceptor - STEP DONE: I set POST api endpoints login
16:19:52.403 [main] DEBUG org.apache.http.impl.conn.BasicClientConnectionManager - Get connection for route {s}->https://altashop-api.fly.dev:443
16:19:52.403 [main] DEBUG org.apache.http.impl.conn.DefaultClientConnectionOperator - Connecting to altashop-api.fly.dev:443
16:19:52.436 [Finalizer] DEBUG org.apache.http.impl.conn.DefaultClientConnection - Connection 0.0.0.0:53876<->149.248.193.56:443 closed
16:19:52.436 [Finalizer] DEBUG org.apache.http.impl.conn.DefaultClientConnection - Connection 0.0.0.0:53875<->149.248.193.56:443 closed
16:19:52.437 [Finalizer] DEBUG org.apache.http.impl.conn.DefaultClientConnection - Connection 0.0.0.0:53874<->149.248.193.56:443 closed
16:19:52.437 [Finalizer] DEBUG org.apache.http.impl.conn.DefaultClientConnection - Connection 0.0.0.0:53873<->149.248.193.56:443 closed
16:19:52.531 [main] DEBUG org.apache.http.client.protocol.RequestAddCookies - CookieSpec selected: ignoreCookies
16:19:52.532 [main] DEBUG org.apache.http.client.protocol.RequestAuthCache - Auth cache not set in the context
16:19:52.532 [main] DEBUG org.apache.http.client.protocol.RequestTargetAuthentication - Target auth state: UNCHALLENGED
16:19:52.532 [main] DEBUG org.apache.http.client.protocol.RequestProxyAuthentication - Proxy auth state: UNCHALLENGED
16:19:52.532 [main] DEBUG org.apache.http.impl.client.DefaultHttpClient - Attempt 1 to execute request
16:19:52.532 [main] DEBUG org.apache.http.impl.conn.DefaultClientConnection - Sending request: POST /api/auth/login HTTP/1.1
16:19:52.532 [main] DEBUG org.apache.http.wire -  >> "POST /api/auth/login HTTP/1.1[\r][\n]"
16:19:52.532 [main] DEBUG org.apache.http.wire -  >> "Accept: */*[\r][\n]"
16:19:52.532 [main] DEBUG org.apache.http.wire -  >> "Content-Type: application/json[\r][\n]"
16:19:52.532 [main] DEBUG org.apache.http.wire -  >> "Content-Length: 37[\r][\n]"
16:19:52.532 [main] DEBUG org.apache.http.wire -  >> "Host: altashop-api.fly.dev[\r][\n]"
16:19:52.532 [main] DEBUG org.apache.http.wire -  >> "Connection: Keep-Alive[\r][\n]"
16:19:52.532 [main] DEBUG org.apache.http.wire -  >> "User-Agent: Apache-HttpClient/4.5.13 (Java/15)[\r][\n]"
16:19:52.532 [main] DEBUG org.apache.http.wire -  >> "Accept-Encoding: gzip,deflate[\r][\n]"
16:19:52.532 [main] DEBUG org.apache.http.wire -  >> "[\r][\n]"
16:19:52.532 [main] DEBUG org.apache.http.headers - >> POST /api/auth/login HTTP/1.1
16:19:52.532 [main] DEBUG org.apache.http.headers - >> Accept: */*
16:19:52.532 [main] DEBUG org.apache.http.headers - >> Content-Type: application/json
16:19:52.532 [main] DEBUG org.apache.http.headers - >> Content-Length: 37
16:19:52.532 [main] DEBUG org.apache.http.headers - >> Host: altashop-api.fly.dev
16:19:52.532 [main] DEBUG org.apache.http.headers - >> Connection: Keep-Alive
16:19:52.532 [main] DEBUG org.apache.http.headers - >> User-Agent: Apache-HttpClient/4.5.13 (Java/15)
16:19:52.532 [main] DEBUG org.apache.http.headers - >> Accept-Encoding: gzip,deflate
16:19:52.532 [main] DEBUG org.apache.http.wire -  >> "{"password":"someone123","email":" "}"
16:19:52.585 [main] DEBUG org.apache.http.wire -  << "HTTP/1.1 400 Bad Request[\r][\n]"
16:19:52.585 [main] DEBUG org.apache.http.wire -  << "content-type: application/json[\r][\n]"
16:19:52.585 [main] DEBUG org.apache.http.wire -  << "date: Mon, 08 May 2023 09:19:54 GMT[\r][\n]"
16:19:52.585 [main] DEBUG org.apache.http.wire -  << "content-encoding: gzip[\r][\n]"
16:19:52.585 [main] DEBUG org.apache.http.wire -  << "transfer-encoding: chunked[\r][\n]"
16:19:52.585 [main] DEBUG org.apache.http.wire -  << "server: Fly/3f2597ca (2023-05-03)[\r][\n]"
16:19:52.585 [main] DEBUG org.apache.http.wire -  << "via: 1.1 fly.io[\r][\n]"
16:19:52.585 [main] DEBUG org.apache.http.wire -  << "fly-request-id: 01GZXAJ1SM9S4T7Q2J0TJ5EVBZ-sin[\r][\n]"
16:19:52.585 [main] DEBUG org.apache.http.wire -  << "[\r][\n]"
16:19:52.585 [main] DEBUG org.apache.http.impl.conn.DefaultClientConnection - Receiving response: HTTP/1.1 400 Bad Request
16:19:52.585 [main] DEBUG org.apache.http.headers - << HTTP/1.1 400 Bad Request
16:19:52.585 [main] DEBUG org.apache.http.headers - << content-type: application/json
16:19:52.585 [main] DEBUG org.apache.http.headers - << date: Mon, 08 May 2023 09:19:54 GMT
16:19:52.585 [main] DEBUG org.apache.http.headers - << content-encoding: gzip
16:19:52.585 [main] DEBUG org.apache.http.headers - << transfer-encoding: chunked
16:19:52.585 [main] DEBUG org.apache.http.headers - << server: Fly/3f2597ca (2023-05-03)
16:19:52.585 [main] DEBUG org.apache.http.headers - << via: 1.1 fly.io
16:19:52.585 [main] DEBUG org.apache.http.headers - << fly-request-id: 01GZXAJ1SM9S4T7Q2J0TJ5EVBZ-sin
16:19:52.586 [main] DEBUG org.apache.http.impl.client.DefaultHttpClient - Connection can be kept alive indefinitely
16:19:52.586 [main] DEBUG io.restassured.internal.RestAssuredHttpBuilder - Parsing response as: application/json
16:19:52.586 [main] DEBUG org.apache.http.wire -  << "3D[\r][\n]"
16:19:52.586 [main] DEBUG org.apache.http.wire -  << "[0x1f][0x8b][0x8][0x0][0x0][0x0][0x0][0x0][0x4][0xff][0xab]VJ-*[0xca]/R[0xb2]RJ[0xcd]M[0xcc][0xcc]Q[0xc8]/R(H,..[0xcf]/JQ[0xc8],V[0xc8][0xcc]+K[0xcc][0xc9]LQ[0xaa][0xe5][0x2][0x0][0xc0][0xad][0xff][0xb])[0x0][0x0][0x0]"
16:19:52.586 [main] DEBUG org.apache.http.wire -  << "[\r][\n]"
16:19:52.586 [main] DEBUG org.apache.http.wire -  << "0[\r][\n]"
16:19:52.586 [main] DEBUG org.apache.http.wire -  << "[\r][\n]"
16:19:52.586 [main] DEBUG io.restassured.internal.RestAssuredHttpBuilder - Parsed data to instance of: class org.apache.http.conn.EofSensorInputStream
16:19:52.590 [main] DEBUG org.apache.http.impl.conn.BasicClientConnectionManager - Releasing connection org.apache.http.impl.conn.ManagedClientConnectionImpl@6247c08c
16:19:52.590 [main] DEBUG org.apache.http.impl.conn.BasicClientConnectionManager - Connection can be kept alive indefinitely
16:19:52.590 [main] DEBUG net.thucydides.core.steps.StepInterceptor - STEP DONE: I send POST HTTP request login2
  &amp#27;[32mWhen &amp#27;[0m&amp#27;[32mI send POST HTTP request login2&amp#27;[0m              &amp#27;[90m# starter.stepdefinitions.LoginSteps.sendPostHttpRequestLogin2()&amp#27;[0m
16:19:52.595 [main] DEBUG net.thucydides.core.steps.StepInterceptor - STARTING STEP: LoginSteps.receiveValidHttp400Login - I receive valid HTTP response code 400 login
16:19:52.597 [main] DEBUG net.thucydides.core.steps.StepInterceptor - STEP DONE: I receive valid HTTP response code 400 login
  &amp#27;[32mThen &amp#27;[0m&amp#27;[32mI receive valid HTTP response code 400 login&amp#27;[0m &amp#27;[90m# starter.stepdefinitions.LoginSteps.receiveValidHttp400Login()&amp#27;[0m
16:19:52.601 [main] INFO  - 
  _____   ___   ___   _____     ___     _     ___   ___   ___   ___  
 |_   _| | __| / __| |_   _|   | _ \   /_\   / __| / __| | __| |   \ 
   | |   | _|  \__ \   | |     |  _/  / _ \  \__ \ \__ \ | _|  | |) |
   |_|   |___| |___/   |_|     |_|   /_/ \_\ |___/ |___/ |___| |___/ 

POST - Login with empty email
----------------------------------------------------------------------
]]></system-out>
  </testcase>
  <testcase name="POST - Login with empty password" classname="Login" time="0.314">
    <system-out><![CDATA[
Scenario: POST - Login with empty password          &amp#27;[90m# src/test/resources/features/2. Login.feature:22&amp#27;[0m
16:19:52.609 [main] DEBUG io.cucumber.core.plugin.SerenityReporter - Running feature from file:///C:/Users/WINDOWS%2010/Documents/GitHub/MiniProject_QE/API/minpro/src/test/resources/features/2.%20Login.feature
16:19:52.614 [main] INFO  - 
  _____   ___   ___   _____     ___   _____     _     ___   _____   ___   ___  
 |_   _| | __| / __| |_   _|   / __| |_   _|   /_\   | _ \ |_   _| | __| |   \ 
   | |   | _|  \__ \   | |     \__ \   | |    / _ \  |   /   | |   | _|  | |) |
   |_|   |___| |___/   |_|     |___/   |_|   /_/ \_\ |_|_\   |_|   |___| |___/ 

POST - Login with empty password(login;post---login-with-empty-password)
--------------------------------------------------------------------------------
16:19:52.637 [main] DEBUG net.thucydides.core.steps.StepInterceptor - STARTING STEP: LoginSteps.setPostApiEndpointsLogin - I set POST api endpoints login
16:19:52.637 [main] DEBUG net.thucydides.core.steps.StepInterceptor - STEP DONE: I set POST api endpoints login
  &amp#27;[32mGiven &amp#27;[0m&amp#27;[32mI set POST api endpoints login&amp#27;[0m              &amp#27;[90m# starter.stepdefinitions.LoginSteps.setPostApiEndpointsLogin()&amp#27;[0m
16:19:52.643 [main] DEBUG net.thucydides.core.steps.StepInterceptor - STARTING STEP: LoginSteps.sendPostHttpRequestLogin3 - I send POST HTTP request login3
16:19:52.645 [main] DEBUG net.thucydides.core.steps.StepInterceptor - STARTING STEP: Login.sendPostHttpRequestLogin3 - I set POST api endpoints login
16:19:52.645 [main] DEBUG net.thucydides.core.steps.StepInterceptor - STEP DONE: I set POST api endpoints login
16:19:52.677 [main] DEBUG org.apache.http.impl.conn.BasicClientConnectionManager - Get connection for route {s}->https://altashop-api.fly.dev:443
16:19:52.677 [main] DEBUG org.apache.http.impl.conn.DefaultClientConnectionOperator - Connecting to altashop-api.fly.dev:443
16:19:52.831 [main] DEBUG org.apache.http.client.protocol.RequestAddCookies - CookieSpec selected: ignoreCookies
16:19:52.831 [main] DEBUG org.apache.http.client.protocol.RequestAuthCache - Auth cache not set in the context
16:19:52.831 [main] DEBUG org.apache.http.client.protocol.RequestTargetAuthentication - Target auth state: UNCHALLENGED
16:19:52.831 [main] DEBUG org.apache.http.client.protocol.RequestProxyAuthentication - Proxy auth state: UNCHALLENGED
16:19:52.831 [main] DEBUG org.apache.http.impl.client.DefaultHttpClient - Attempt 1 to execute request
16:19:52.831 [main] DEBUG org.apache.http.impl.conn.DefaultClientConnection - Sending request: POST /api/auth/login HTTP/1.1
16:19:52.831 [main] DEBUG org.apache.http.wire -  >> "POST /api/auth/login HTTP/1.1[\r][\n]"
16:19:52.831 [main] DEBUG org.apache.http.wire -  >> "Accept: */*[\r][\n]"
16:19:52.831 [main] DEBUG org.apache.http.wire -  >> "Content-Type: application/json[\r][\n]"
16:19:52.831 [main] DEBUG org.apache.http.wire -  >> "Content-Length: 43[\r][\n]"
16:19:52.831 [main] DEBUG org.apache.http.wire -  >> "Host: altashop-api.fly.dev[\r][\n]"
16:19:52.831 [main] DEBUG org.apache.http.wire -  >> "Connection: Keep-Alive[\r][\n]"
16:19:52.831 [main] DEBUG org.apache.http.wire -  >> "User-Agent: Apache-HttpClient/4.5.13 (Java/15)[\r][\n]"
16:19:52.831 [main] DEBUG org.apache.http.wire -  >> "Accept-Encoding: gzip,deflate[\r][\n]"
16:19:52.831 [main] DEBUG org.apache.http.wire -  >> "[\r][\n]"
16:19:52.831 [main] DEBUG org.apache.http.headers - >> POST /api/auth/login HTTP/1.1
16:19:52.831 [main] DEBUG org.apache.http.headers - >> Accept: */*
16:19:52.831 [main] DEBUG org.apache.http.headers - >> Content-Type: application/json
16:19:52.831 [main] DEBUG org.apache.http.headers - >> Content-Length: 43
16:19:52.831 [main] DEBUG org.apache.http.headers - >> Host: altashop-api.fly.dev
16:19:52.831 [main] DEBUG org.apache.http.headers - >> Connection: Keep-Alive
16:19:52.831 [main] DEBUG org.apache.http.headers - >> User-Agent: Apache-HttpClient/4.5.13 (Java/15)
16:19:52.831 [main] DEBUG org.apache.http.headers - >> Accept-Encoding: gzip,deflate
16:19:52.831 [main] DEBUG org.apache.http.wire -  >> "{"password":" ","email":"someone@mail.com"}"
16:19:52.902 [main] DEBUG org.apache.http.wire -  << "HTTP/1.1 400 Bad Request[\r][\n]"
16:19:52.902 [main] DEBUG org.apache.http.wire -  << "content-type: application/json[\r][\n]"
16:19:52.902 [main] DEBUG org.apache.http.wire -  << "date: Mon, 08 May 2023 09:19:54 GMT[\r][\n]"
16:19:52.902 [main] DEBUG org.apache.http.wire -  << "content-encoding: gzip[\r][\n]"
16:19:52.902 [main] DEBUG org.apache.http.wire -  << "transfer-encoding: chunked[\r][\n]"
16:19:52.903 [main] DEBUG org.apache.http.wire -  << "server: Fly/3f2597ca (2023-05-03)[\r][\n]"
16:19:52.903 [main] DEBUG org.apache.http.wire -  << "via: 1.1 fly.io[\r][\n]"
16:19:52.903 [main] DEBUG org.apache.http.wire -  << "fly-request-id: 01GZXAJ22YVG3KXSZD9ZB45M91-sin[\r][\n]"
16:19:52.903 [main] DEBUG org.apache.http.wire -  << "[\r][\n]"
16:19:52.903 [main] DEBUG org.apache.http.impl.conn.DefaultClientConnection - Receiving response: HTTP/1.1 400 Bad Request
16:19:52.903 [main] DEBUG org.apache.http.headers - << HTTP/1.1 400 Bad Request
16:19:52.903 [main] DEBUG org.apache.http.headers - << content-type: application/json
16:19:52.903 [main] DEBUG org.apache.http.headers - << date: Mon, 08 May 2023 09:19:54 GMT
16:19:52.903 [main] DEBUG org.apache.http.headers - << content-encoding: gzip
16:19:52.903 [main] DEBUG org.apache.http.headers - << transfer-encoding: chunked
16:19:52.903 [main] DEBUG org.apache.http.headers - << server: Fly/3f2597ca (2023-05-03)
16:19:52.903 [main] DEBUG org.apache.http.headers - << via: 1.1 fly.io
16:19:52.903 [main] DEBUG org.apache.http.headers - << fly-request-id: 01GZXAJ22YVG3KXSZD9ZB45M91-sin
16:19:52.903 [main] DEBUG org.apache.http.impl.client.DefaultHttpClient - Connection can be kept alive indefinitely
16:19:52.903 [main] DEBUG io.restassured.internal.RestAssuredHttpBuilder - Parsing response as: application/json
16:19:52.903 [main] DEBUG org.apache.http.wire -  << "3D[\r][\n]"
16:19:52.903 [main] DEBUG org.apache.http.wire -  << "[0x1f][0x8b][0x8][0x0][0x0][0x0][0x0][0x0][0x4][0xff][0xab]VJ-*[0xca]/R[0xb2]RJ[0xcd]M[0xcc][0xcc]Q[0xc8]/R(H,..[0xcf]/JQ[0xc8],V[0xc8][0xcc]+K[0xcc][0xc9]LQ[0xaa][0xe5][0x2][0x0][0xc0][0xad][0xff][0xb])[0x0][0x0][0x0]"
16:19:52.903 [main] DEBUG org.apache.http.wire -  << "[\r][\n]"
16:19:52.904 [main] DEBUG org.apache.http.wire -  << "0[\r][\n]"
16:19:52.904 [main] DEBUG org.apache.http.wire -  << "[\r][\n]"
16:19:52.904 [main] DEBUG io.restassured.internal.RestAssuredHttpBuilder - Parsed data to instance of: class org.apache.http.conn.EofSensorInputStream
16:19:52.905 [main] DEBUG org.apache.http.impl.conn.BasicClientConnectionManager - Releasing connection org.apache.http.impl.conn.ManagedClientConnectionImpl@3093b9ff
16:19:52.905 [main] DEBUG org.apache.http.impl.conn.BasicClientConnectionManager - Connection can be kept alive indefinitely
16:19:52.906 [main] DEBUG net.thucydides.core.steps.StepInterceptor - STEP DONE: I send POST HTTP request login3
  &amp#27;[32mWhen &amp#27;[0m&amp#27;[32mI send POST HTTP request login3&amp#27;[0m              &amp#27;[90m# starter.stepdefinitions.LoginSteps.sendPostHttpRequestLogin3()&amp#27;[0m
16:19:52.911 [main] DEBUG net.thucydides.core.steps.StepInterceptor - STARTING STEP: LoginSteps.receiveValidHttp400Login - I receive valid HTTP response code 400 login
16:19:52.912 [main] DEBUG net.thucydides.core.steps.StepInterceptor - STEP DONE: I receive valid HTTP response code 400 login
  &amp#27;[32mThen &amp#27;[0m&amp#27;[32mI receive valid HTTP response code 400 login&amp#27;[0m &amp#27;[90m# starter.stepdefinitions.LoginSteps.receiveValidHttp400Login()&amp#27;[0m
16:19:52.915 [main] INFO  - 
  _____   ___   ___   _____     ___     _     ___   ___   ___   ___  
 |_   _| | __| / __| |_   _|   | _ \   /_\   / __| / __| | __| |   \ 
   | |   | _|  \__ \   | |     |  _/  / _ \  \__ \ \__ \ | _|  | |) |
   |_|   |___| |___/   |_|     |_|   /_/ \_\ |___/ |___/ |___| |___/ 

POST - Login with empty password
----------------------------------------------------------------------
]]></system-out>
  </testcase>
  <testcase name="POST - Login without payload" classname="Login" time="0.265">
    <system-out><![CDATA[
Scenario: POST - Login without payload              &amp#27;[90m# src/test/resources/features/2. Login.feature:27&amp#27;[0m
16:19:52.924 [main] DEBUG io.cucumber.core.plugin.SerenityReporter - Running feature from file:///C:/Users/WINDOWS%2010/Documents/GitHub/MiniProject_QE/API/minpro/src/test/resources/features/2.%20Login.feature
16:19:52.928 [main] INFO  - 
  _____   ___   ___   _____     ___   _____     _     ___   _____   ___   ___  
 |_   _| | __| / __| |_   _|   / __| |_   _|   /_\   | _ \ |_   _| | __| |   \ 
   | |   | _|  \__ \   | |     \__ \   | |    / _ \  |   /   | |   | _|  | |) |
   |_|   |___| |___/   |_|     |___/   |_|   /_/ \_\ |_|_\   |_|   |___| |___/ 

POST - Login without payload(login;post---login-without-payload)
--------------------------------------------------------------------------------
16:19:52.946 [main] DEBUG net.thucydides.core.steps.StepInterceptor - STARTING STEP: LoginSteps.setPostApiEndpointsLogin - I set POST api endpoints login
16:19:52.946 [main] DEBUG net.thucydides.core.steps.StepInterceptor - STEP DONE: I set POST api endpoints login
  &amp#27;[32mGiven &amp#27;[0m&amp#27;[32mI set POST api endpoints login&amp#27;[0m              &amp#27;[90m# starter.stepdefinitions.LoginSteps.setPostApiEndpointsLogin()&amp#27;[0m
16:19:52.951 [main] DEBUG net.thucydides.core.steps.StepInterceptor - STARTING STEP: LoginSteps.sendPostHttpRequestLogin4 - I send POST HTTP request login4
16:19:52.954 [main] DEBUG net.thucydides.core.steps.StepInterceptor - STARTING STEP: Login.sendPostHttpRequestLogin4 - I set POST api endpoints login
16:19:52.954 [main] DEBUG net.thucydides.core.steps.StepInterceptor - STEP DONE: I set POST api endpoints login
16:19:52.972 [main] DEBUG org.apache.http.impl.conn.BasicClientConnectionManager - Get connection for route {s}->https://altashop-api.fly.dev:443
16:19:52.972 [main] DEBUG org.apache.http.impl.conn.DefaultClientConnectionOperator - Connecting to altashop-api.fly.dev:443
16:19:53.098 [main] DEBUG org.apache.http.client.protocol.RequestAddCookies - CookieSpec selected: ignoreCookies
16:19:53.098 [main] DEBUG org.apache.http.client.protocol.RequestAuthCache - Auth cache not set in the context
16:19:53.098 [main] DEBUG org.apache.http.client.protocol.RequestTargetAuthentication - Target auth state: UNCHALLENGED
16:19:53.098 [main] DEBUG org.apache.http.client.protocol.RequestProxyAuthentication - Proxy auth state: UNCHALLENGED
16:19:53.098 [main] DEBUG org.apache.http.impl.client.DefaultHttpClient - Attempt 1 to execute request
16:19:53.098 [main] DEBUG org.apache.http.impl.conn.DefaultClientConnection - Sending request: POST /api/auth/login HTTP/1.1
16:19:53.098 [main] DEBUG org.apache.http.wire -  >> "POST /api/auth/login HTTP/1.1[\r][\n]"
16:19:53.098 [main] DEBUG org.apache.http.wire -  >> "Accept: */*[\r][\n]"
16:19:53.098 [main] DEBUG org.apache.http.wire -  >> "Content-Type: application/json[\r][\n]"
16:19:53.098 [main] DEBUG org.apache.http.wire -  >> "Content-Length: 9[\r][\n]"
16:19:53.098 [main] DEBUG org.apache.http.wire -  >> "Host: altashop-api.fly.dev[\r][\n]"
16:19:53.099 [main] DEBUG org.apache.http.wire -  >> "Connection: Keep-Alive[\r][\n]"
16:19:53.099 [main] DEBUG org.apache.http.wire -  >> "User-Agent: Apache-HttpClient/4.5.13 (Java/15)[\r][\n]"
16:19:53.099 [main] DEBUG org.apache.http.wire -  >> "Accept-Encoding: gzip,deflate[\r][\n]"
16:19:53.099 [main] DEBUG org.apache.http.wire -  >> "[\r][\n]"
16:19:53.099 [main] DEBUG org.apache.http.headers - >> POST /api/auth/login HTTP/1.1
16:19:53.099 [main] DEBUG org.apache.http.headers - >> Accept: */*
16:19:53.099 [main] DEBUG org.apache.http.headers - >> Content-Type: application/json
16:19:53.099 [main] DEBUG org.apache.http.headers - >> Content-Length: 9
16:19:53.099 [main] DEBUG org.apache.http.headers - >> Host: altashop-api.fly.dev
16:19:53.099 [main] DEBUG org.apache.http.headers - >> Connection: Keep-Alive
16:19:53.099 [main] DEBUG org.apache.http.headers - >> User-Agent: Apache-HttpClient/4.5.13 (Java/15)
16:19:53.099 [main] DEBUG org.apache.http.headers - >> Accept-Encoding: gzip,deflate
16:19:53.099 [main] DEBUG org.apache.http.wire -  >> "{" ":" "}"
16:19:53.168 [main] DEBUG org.apache.http.wire -  << "HTTP/1.1 400 Bad Request[\r][\n]"
16:19:53.168 [main] DEBUG org.apache.http.wire -  << "content-type: application/json[\r][\n]"
16:19:53.168 [main] DEBUG org.apache.http.wire -  << "date: Mon, 08 May 2023 09:19:54 GMT[\r][\n]"
16:19:53.168 [main] DEBUG org.apache.http.wire -  << "content-encoding: gzip[\r][\n]"
16:19:53.168 [main] DEBUG org.apache.http.wire -  << "transfer-encoding: chunked[\r][\n]"
16:19:53.168 [main] DEBUG org.apache.http.wire -  << "server: Fly/3f2597ca (2023-05-03)[\r][\n]"
16:19:53.168 [main] DEBUG org.apache.http.wire -  << "via: 1.1 fly.io[\r][\n]"
16:19:53.168 [main] DEBUG org.apache.http.wire -  << "fly-request-id: 01GZXAJ2BAG7X8BNMPQ6QC9XA4-sin[\r][\n]"
16:19:53.168 [main] DEBUG org.apache.http.wire -  << "[\r][\n]"
16:19:53.168 [main] DEBUG org.apache.http.impl.conn.DefaultClientConnection - Receiving response: HTTP/1.1 400 Bad Request
16:19:53.168 [main] DEBUG org.apache.http.headers - << HTTP/1.1 400 Bad Request
16:19:53.168 [main] DEBUG org.apache.http.headers - << content-type: application/json
16:19:53.168 [main] DEBUG org.apache.http.headers - << date: Mon, 08 May 2023 09:19:54 GMT
16:19:53.168 [main] DEBUG org.apache.http.headers - << content-encoding: gzip
16:19:53.168 [main] DEBUG org.apache.http.headers - << transfer-encoding: chunked
16:19:53.168 [main] DEBUG org.apache.http.headers - << server: Fly/3f2597ca (2023-05-03)
16:19:53.168 [main] DEBUG org.apache.http.headers - << via: 1.1 fly.io
16:19:53.168 [main] DEBUG org.apache.http.headers - << fly-request-id: 01GZXAJ2BAG7X8BNMPQ6QC9XA4-sin
16:19:53.168 [main] DEBUG org.apache.http.impl.client.DefaultHttpClient - Connection can be kept alive indefinitely
16:19:53.168 [main] DEBUG io.restassured.internal.RestAssuredHttpBuilder - Parsing response as: application/json
16:19:53.168 [main] DEBUG org.apache.http.wire -  << "32[\r][\n]"
16:19:53.168 [main] DEBUG org.apache.http.wire -  << "[0x1f][0x8b][0x8][0x0][0x0][0x0][0x0][0x0][0x4][0xff][0xab]VJ-*[0xca]/R[0xb2]RJ[0xcd]M[0xcc][0xcc]Q[0xc8],V(J-,[0xcd],JMQ[0xaa][0xe5][0x2][0x0]&[0xe3][0xaa]j[0x1e][0x0][0x0][0x0]"
16:19:53.168 [main] DEBUG org.apache.http.wire -  << "[\r][\n]"
16:19:53.169 [main] DEBUG org.apache.http.wire -  << "0[\r][\n]"
16:19:53.169 [main] DEBUG org.apache.http.wire -  << "[\r][\n]"
16:19:53.169 [main] DEBUG io.restassured.internal.RestAssuredHttpBuilder - Parsed data to instance of: class org.apache.http.conn.EofSensorInputStream
16:19:53.170 [main] DEBUG org.apache.http.impl.conn.BasicClientConnectionManager - Releasing connection org.apache.http.impl.conn.ManagedClientConnectionImpl@6ed7b9c5
16:19:53.171 [main] DEBUG org.apache.http.impl.conn.BasicClientConnectionManager - Connection can be kept alive indefinitely
16:19:53.171 [main] DEBUG net.thucydides.core.steps.StepInterceptor - STEP DONE: I send POST HTTP request login4
  &amp#27;[32mWhen &amp#27;[0m&amp#27;[32mI send POST HTTP request login4&amp#27;[0m              &amp#27;[90m# starter.stepdefinitions.LoginSteps.sendPostHttpRequestLogin4()&amp#27;[0m
16:19:53.177 [main] DEBUG net.thucydides.core.steps.StepInterceptor - STARTING STEP: LoginSteps.receiveValidHttp400Login - I receive valid HTTP response code 400 login
16:19:53.177 [main] DEBUG net.thucydides.core.steps.StepInterceptor - STEP DONE: I receive valid HTTP response code 400 login
  &amp#27;[32mThen &amp#27;[0m&amp#27;[32mI receive valid HTTP response code 400 login&amp#27;[0m &amp#27;[90m# starter.stepdefinitions.LoginSteps.receiveValidHttp400Login()&amp#27;[0m
16:19:53.180 [main] INFO  - 
  _____   ___   ___   _____     ___     _     ___   ___   ___   ___  
 |_   _| | __| / __| |_   _|   | _ \   /_\   / __| / __| | __| |   \ 
   | |   | _|  \__ \   | |     |  _/  / _ \  \__ \ \__ \ | _|  | |) |
   |_|   |___| |___/   |_|     |_|   /_/ \_\ |___/ |___/ |___| |___/ 

POST - Login without payload
----------------------------------------------------------------------
]]></system-out>
  </testcase>
  <testcase name="POST - Login with empty body parameter" classname="Login" time="0.267">
    <system-out><![CDATA[
Scenario: POST - Login with empty body parameter    &amp#27;[90m# src/test/resources/features/2. Login.feature:32&amp#27;[0m
16:19:53.188 [main] DEBUG io.cucumber.core.plugin.SerenityReporter - Running feature from file:///C:/Users/WINDOWS%2010/Documents/GitHub/MiniProject_QE/API/minpro/src/test/resources/features/2.%20Login.feature
16:19:53.193 [main] INFO  - 
  _____   ___   ___   _____     ___   _____     _     ___   _____   ___   ___  
 |_   _| | __| / __| |_   _|   / __| |_   _|   /_\   | _ \ |_   _| | __| |   \ 
   | |   | _|  \__ \   | |     \__ \   | |    / _ \  |   /   | |   | _|  | |) |
   |_|   |___| |___/   |_|     |___/   |_|   /_/ \_\ |_|_\   |_|   |___| |___/ 

POST - Login with empty body parameter(login;post---login-with-empty-body-parameter)
--------------------------------------------------------------------------------
16:19:53.213 [main] DEBUG net.thucydides.core.steps.StepInterceptor - STARTING STEP: LoginSteps.setPostApiEndpointsLogin - I set POST api endpoints login
16:19:53.213 [main] DEBUG net.thucydides.core.steps.StepInterceptor - STEP DONE: I set POST api endpoints login
  &amp#27;[32mGiven &amp#27;[0m&amp#27;[32mI set POST api endpoints login&amp#27;[0m              &amp#27;[90m# starter.stepdefinitions.LoginSteps.setPostApiEndpointsLogin()&amp#27;[0m
16:19:53.219 [main] DEBUG net.thucydides.core.steps.StepInterceptor - STARTING STEP: LoginSteps.sendPostHttpRequestLogin5 - I send POST HTTP request login5
16:19:53.222 [main] DEBUG net.thucydides.core.steps.StepInterceptor - STARTING STEP: Login.sendPostHttpRequestLogin5 - I set POST api endpoints login
16:19:53.222 [main] DEBUG net.thucydides.core.steps.StepInterceptor - STEP DONE: I set POST api endpoints login
16:19:53.235 [main] DEBUG org.apache.http.impl.conn.BasicClientConnectionManager - Get connection for route {s}->https://altashop-api.fly.dev:443
16:19:53.235 [main] DEBUG org.apache.http.impl.conn.DefaultClientConnectionOperator - Connecting to altashop-api.fly.dev:443
16:19:53.370 [main] DEBUG org.apache.http.client.protocol.RequestAddCookies - CookieSpec selected: ignoreCookies
16:19:53.370 [main] DEBUG org.apache.http.client.protocol.RequestAuthCache - Auth cache not set in the context
16:19:53.370 [main] DEBUG org.apache.http.client.protocol.RequestTargetAuthentication - Target auth state: UNCHALLENGED
16:19:53.370 [main] DEBUG org.apache.http.client.protocol.RequestProxyAuthentication - Proxy auth state: UNCHALLENGED
16:19:53.370 [main] DEBUG org.apache.http.impl.client.DefaultHttpClient - Attempt 1 to execute request
16:19:53.370 [main] DEBUG org.apache.http.impl.conn.DefaultClientConnection - Sending request: POST /api/auth/login HTTP/1.1
16:19:53.370 [main] DEBUG org.apache.http.wire -  >> "POST /api/auth/login HTTP/1.1[\r][\n]"
16:19:53.370 [main] DEBUG org.apache.http.wire -  >> "Accept: */*[\r][\n]"
16:19:53.370 [main] DEBUG org.apache.http.wire -  >> "Content-Type: application/json[\r][\n]"
16:19:53.370 [main] DEBUG org.apache.http.wire -  >> "Content-Length: 28[\r][\n]"
16:19:53.370 [main] DEBUG org.apache.http.wire -  >> "Host: altashop-api.fly.dev[\r][\n]"
16:19:53.370 [main] DEBUG org.apache.http.wire -  >> "Connection: Keep-Alive[\r][\n]"
16:19:53.370 [main] DEBUG org.apache.http.wire -  >> "User-Agent: Apache-HttpClient/4.5.13 (Java/15)[\r][\n]"
16:19:53.370 [main] DEBUG org.apache.http.wire -  >> "Accept-Encoding: gzip,deflate[\r][\n]"
16:19:53.370 [main] DEBUG org.apache.http.wire -  >> "[\r][\n]"
16:19:53.370 [main] DEBUG org.apache.http.headers - >> POST /api/auth/login HTTP/1.1
16:19:53.370 [main] DEBUG org.apache.http.headers - >> Accept: */*
16:19:53.370 [main] DEBUG org.apache.http.headers - >> Content-Type: application/json
16:19:53.370 [main] DEBUG org.apache.http.headers - >> Content-Length: 28
16:19:53.370 [main] DEBUG org.apache.http.headers - >> Host: altashop-api.fly.dev
16:19:53.370 [main] DEBUG org.apache.http.headers - >> Connection: Keep-Alive
16:19:53.370 [main] DEBUG org.apache.http.headers - >> User-Agent: Apache-HttpClient/4.5.13 (Java/15)
16:19:53.370 [main] DEBUG org.apache.http.headers - >> Accept-Encoding: gzip,deflate
16:19:53.370 [main] DEBUG org.apache.http.wire -  >> "{"password":" ","email":" "}"
16:19:53.439 [main] DEBUG org.apache.http.wire -  << "HTTP/1.1 400 Bad Request[\r][\n]"
16:19:53.439 [main] DEBUG org.apache.http.wire -  << "content-type: application/json[\r][\n]"
16:19:53.439 [main] DEBUG org.apache.http.wire -  << "date: Mon, 08 May 2023 09:19:55 GMT[\r][\n]"
16:19:53.439 [main] DEBUG org.apache.http.wire -  << "content-encoding: gzip[\r][\n]"
16:19:53.439 [main] DEBUG org.apache.http.wire -  << "transfer-encoding: chunked[\r][\n]"
16:19:53.439 [main] DEBUG org.apache.http.wire -  << "server: Fly/3f2597ca (2023-05-03)[\r][\n]"
16:19:53.439 [main] DEBUG org.apache.http.wire -  << "via: 1.1 fly.io[\r][\n]"
16:19:53.439 [main] DEBUG org.apache.http.wire -  << "fly-request-id: 01GZXAJ2KZBWC42X665J0H27HA-sin[\r][\n]"
16:19:53.439 [main] DEBUG org.apache.http.wire -  << "[\r][\n]"
16:19:53.439 [main] DEBUG org.apache.http.impl.conn.DefaultClientConnection - Receiving response: HTTP/1.1 400 Bad Request
16:19:53.439 [main] DEBUG org.apache.http.headers - << HTTP/1.1 400 Bad Request
16:19:53.439 [main] DEBUG org.apache.http.headers - << content-type: application/json
16:19:53.439 [main] DEBUG org.apache.http.headers - << date: Mon, 08 May 2023 09:19:55 GMT
16:19:53.439 [main] DEBUG org.apache.http.headers - << content-encoding: gzip
16:19:53.439 [main] DEBUG org.apache.http.headers - << transfer-encoding: chunked
16:19:53.439 [main] DEBUG org.apache.http.headers - << server: Fly/3f2597ca (2023-05-03)
16:19:53.439 [main] DEBUG org.apache.http.headers - << via: 1.1 fly.io
16:19:53.439 [main] DEBUG org.apache.http.headers - << fly-request-id: 01GZXAJ2KZBWC42X665J0H27HA-sin
16:19:53.440 [main] DEBUG org.apache.http.impl.client.DefaultHttpClient - Connection can be kept alive indefinitely
16:19:53.440 [main] DEBUG io.restassured.internal.RestAssuredHttpBuilder - Parsing response as: application/json
16:19:53.440 [main] DEBUG org.apache.http.wire -  << "3D[\r][\n]"
16:19:53.440 [main] DEBUG org.apache.http.wire -  << "[0x1f][0x8b][0x8][0x0][0x0][0x0][0x0][0x0][0x4][0xff][0xab]VJ-*[0xca]/R[0xb2]RJ[0xcd]M[0xcc][0xcc]Q[0xc8]/R(H,..[0xcf]/JQ[0xc8],V[0xc8][0xcc]+K[0xcc][0xc9]LQ[0xaa][0xe5][0x2][0x0][0xc0][0xad][0xff][0xb])[0x0][0x0][0x0]"
16:19:53.440 [main] DEBUG org.apache.http.wire -  << "[\r][\n]"
16:19:53.440 [main] DEBUG org.apache.http.wire -  << "0[\r][\n]"
16:19:53.440 [main] DEBUG org.apache.http.wire -  << "[\r][\n]"
16:19:53.440 [main] DEBUG io.restassured.internal.RestAssuredHttpBuilder - Parsed data to instance of: class org.apache.http.conn.EofSensorInputStream
16:19:53.441 [main] DEBUG org.apache.http.impl.conn.BasicClientConnectionManager - Releasing connection org.apache.http.impl.conn.ManagedClientConnectionImpl@41abee65
16:19:53.441 [main] DEBUG org.apache.http.impl.conn.BasicClientConnectionManager - Connection can be kept alive indefinitely
16:19:53.442 [main] DEBUG net.thucydides.core.steps.StepInterceptor - STEP DONE: I send POST HTTP request login5
  &amp#27;[32mWhen &amp#27;[0m&amp#27;[32mI send POST HTTP request login5&amp#27;[0m              &amp#27;[90m# starter.stepdefinitions.LoginSteps.sendPostHttpRequestLogin5()&amp#27;[0m
16:19:53.446 [main] DEBUG net.thucydides.core.steps.StepInterceptor - STARTING STEP: LoginSteps.receiveValidHttp400Login - I receive valid HTTP response code 400 login
16:19:53.446 [main] DEBUG net.thucydides.core.steps.StepInterceptor - STEP DONE: I receive valid HTTP response code 400 login
  &amp#27;[32mThen &amp#27;[0m&amp#27;[32mI receive valid HTTP response code 400 login&amp#27;[0m &amp#27;[90m# starter.stepdefinitions.LoginSteps.receiveValidHttp400Login()&amp#27;[0m
16:19:53.449 [main] INFO  - 
  _____   ___   ___   _____     ___     _     ___   ___   ___   ___  
 |_   _| | __| / __| |_   _|   | _ \   /_\   / __| / __| | __| |   \ 
   | |   | _|  \__ \   | |     |  _/  / _ \  \__ \ \__ \ | _|  | |) |
   |_|   |___| |___/   |_|     |_|   /_/ \_\ |___/ |___/ |___| |___/ 

POST - Login with empty body parameter
----------------------------------------------------------------------
]]></system-out>
  </testcase>
  <testcase name="GET - Get user information" classname="User Information" time="0.304">
    <system-out><![CDATA[16:19:53.450 [main] DEBUG io.cucumber.core.plugin.SerenityReporter - Running feature from file:///C:/Users/WINDOWS%2010/Documents/GitHub/MiniProject_QE/API/minpro/src/test/resources/features/3.%20User.feature
16:19:53.455 [main] DEBUG net.thucydides.core.steps.StepEventBus - Test suite started for story net.thucydides.core.model.Story@11e807f1
16:19:53.455 [main] INFO  - Test Suite Started: User Information

Scenario: GET - Get user information               &amp#27;[90m# src/test/resources/features/3. User.feature:7&amp#27;[0m
16:19:53.461 [main] DEBUG io.cucumber.core.plugin.SerenityReporter - Running feature from file:///C:/Users/WINDOWS%2010/Documents/GitHub/MiniProject_QE/API/minpro/src/test/resources/features/3.%20User.feature
16:19:53.465 [main] INFO  - 
  _____   ___   ___   _____     ___   _____     _     ___   _____   ___   ___  
 |_   _| | __| / __| |_   _|   / __| |_   _|   /_\   | _ \ |_   _| | __| |   \ 
   | |   | _|  \__ \   | |     \__ \   | |    / _ \  |   /   | |   | _|  | |) |
   |_|   |___| |___/   |_|     |___/   |_|   /_/ \_\ |_|_\   |_|   |___| |___/ 

GET - Get user information(user-information;get---get-user-information)
--------------------------------------------------------------------------------
  &amp#27;[32mGiven &amp#27;[0m&amp#27;[32mI set GET api endpoints user&amp#27;[0m               &amp#27;[90m# starter.stepdefinitions.UserSteps.setGetApiEndpointsUser()&amp#27;[0m
16:19:53.541 [main] DEBUG org.apache.http.impl.conn.BasicClientConnectionManager - Get connection for route {s}->https://altashop-api.fly.dev:443
16:19:53.542 [main] DEBUG org.apache.http.impl.conn.DefaultClientConnectionOperator - Connecting to altashop-api.fly.dev:443
16:19:53.686 [main] DEBUG org.apache.http.client.protocol.RequestAddCookies - CookieSpec selected: ignoreCookies
16:19:53.686 [main] DEBUG org.apache.http.client.protocol.RequestAuthCache - Auth cache not set in the context
16:19:53.686 [main] DEBUG org.apache.http.client.protocol.RequestProxyAuthentication - Proxy auth state: UNCHALLENGED
16:19:53.686 [main] DEBUG org.apache.http.impl.client.DefaultHttpClient - Attempt 1 to execute request
16:19:53.686 [main] DEBUG org.apache.http.impl.conn.DefaultClientConnection - Sending request: GET /api/auth/info HTTP/1.1
16:19:53.686 [main] DEBUG org.apache.http.wire -  >> "GET /api/auth/info HTTP/1.1[\r][\n]"
16:19:53.686 [main] DEBUG org.apache.http.wire -  >> "Authorization: Bearer eyJhbGciOiJIUzI1NiIsInR5cCI6IkpXVCJ9.eyJGdWxsbmFtZSI6IkFkaXR5YSBOdWdyYWhhIiwiRW1haWwiOiJhZGl0QGdtYWlsLmNvbSJ9.VM2lARkmmliu1pWtk1uhb8z5fGaElvH1jIoYM72Te3g[\r][\n]"
16:19:53.686 [main] DEBUG org.apache.http.wire -  >> "Accept: */*[\r][\n]"
16:19:53.686 [main] DEBUG org.apache.http.wire -  >> "Host: altashop-api.fly.dev[\r][\n]"
16:19:53.686 [main] DEBUG org.apache.http.wire -  >> "Connection: Keep-Alive[\r][\n]"
16:19:53.686 [main] DEBUG org.apache.http.wire -  >> "User-Agent: Apache-HttpClient/4.5.13 (Java/15)[\r][\n]"
16:19:53.686 [main] DEBUG org.apache.http.wire -  >> "Accept-Encoding: gzip,deflate[\r][\n]"
16:19:53.686 [main] DEBUG org.apache.http.wire -  >> "[\r][\n]"
16:19:53.686 [main] DEBUG org.apache.http.headers - >> GET /api/auth/info HTTP/1.1
16:19:53.686 [main] DEBUG org.apache.http.headers - >> Authorization: Bearer eyJhbGciOiJIUzI1NiIsInR5cCI6IkpXVCJ9.eyJGdWxsbmFtZSI6IkFkaXR5YSBOdWdyYWhhIiwiRW1haWwiOiJhZGl0QGdtYWlsLmNvbSJ9.VM2lARkmmliu1pWtk1uhb8z5fGaElvH1jIoYM72Te3g
16:19:53.686 [main] DEBUG org.apache.http.headers - >> Accept: */*
16:19:53.686 [main] DEBUG org.apache.http.headers - >> Host: altashop-api.fly.dev
16:19:53.686 [main] DEBUG org.apache.http.headers - >> Connection: Keep-Alive
16:19:53.686 [main] DEBUG org.apache.http.headers - >> User-Agent: Apache-HttpClient/4.5.13 (Java/15)
16:19:53.686 [main] DEBUG org.apache.http.headers - >> Accept-Encoding: gzip,deflate
16:19:53.751 [main] DEBUG org.apache.http.wire -  << "HTTP/1.1 200 OK[\r][\n]"
16:19:53.752 [main] DEBUG org.apache.http.wire -  << "content-type: application/json[\r][\n]"
16:19:53.752 [main] DEBUG org.apache.http.wire -  << "date: Mon, 08 May 2023 09:19:55 GMT[\r][\n]"
16:19:53.752 [main] DEBUG org.apache.http.wire -  << "content-encoding: gzip[\r][\n]"
16:19:53.752 [main] DEBUG org.apache.http.wire -  << "transfer-encoding: chunked[\r][\n]"
16:19:53.752 [main] DEBUG org.apache.http.wire -  << "server: Fly/3f2597ca (2023-05-03)[\r][\n]"
16:19:53.752 [main] DEBUG org.apache.http.wire -  << "via: 1.1 fly.io[\r][\n]"
16:19:53.752 [main] DEBUG org.apache.http.wire -  << "fly-request-id: 01GZXAJ2XNCJK1WPP15K7HW66V-sin[\r][\n]"
16:19:53.752 [main] DEBUG org.apache.http.wire -  << "[\r][\n]"
16:19:53.752 [main] DEBUG org.apache.http.impl.conn.DefaultClientConnection - Receiving response: HTTP/1.1 200 OK
16:19:53.752 [main] DEBUG org.apache.http.headers - << HTTP/1.1 200 OK
16:19:53.752 [main] DEBUG org.apache.http.headers - << content-type: application/json
16:19:53.752 [main] DEBUG org.apache.http.headers - << date: Mon, 08 May 2023 09:19:55 GMT
16:19:53.752 [main] DEBUG org.apache.http.headers - << content-encoding: gzip
16:19:53.752 [main] DEBUG org.apache.http.headers - << transfer-encoding: chunked
16:19:53.752 [main] DEBUG org.apache.http.headers - << server: Fly/3f2597ca (2023-05-03)
16:19:53.752 [main] DEBUG org.apache.http.headers - << via: 1.1 fly.io
16:19:53.752 [main] DEBUG org.apache.http.headers - << fly-request-id: 01GZXAJ2XNCJK1WPP15K7HW66V-sin
16:19:53.752 [main] DEBUG org.apache.http.impl.client.DefaultHttpClient - Connection can be kept alive indefinitely
16:19:53.752 [main] DEBUG io.restassured.internal.RestAssuredHttpBuilder - Parsing response as: application/json
16:19:53.752 [main] DEBUG org.apache.http.wire -  << "6C[\r][\n]"
16:19:53.752 [main] DEBUG org.apache.http.wire -  << "[0x1f][0x8b][0x8][0x0][0x0][0x0][0x0][0x0][0x4][0xff][0xab]VJI,IT[0xb2][0xaa]V[0xf2]tQ[0xb2]2471[0xb2][0xd4]Qr+[0xcd][0xc9][0xc9]K[0xcc]MU[0xb2]RrL[0xc9],[0xa9]LT[0xf0]+M/J[0xcc]HT[0xd2]Qr[0xcd]M[0xcc][0xcc]Q[0xb2]RJL[0xc9],qH[0x7]q[0xf4][0x92][0xf3]s[0x95]t[0x94][0x2][0x12][0x8b][0x8b][0xcb][0xf3][0x8b]R[0xa0]r[0x86]F[0xc6]J[0xb5][0xb5]\[0x0][0xd4][0xca][0x1]_`[0x0][0x0][0x0]"
16:19:53.752 [main] DEBUG org.apache.http.wire -  << "[\r][\n]"
16:19:53.752 [main] DEBUG org.apache.http.wire -  << "0[\r][\n]"
16:19:53.752 [main] DEBUG org.apache.http.wire -  << "[\r][\n]"
16:19:53.752 [main] DEBUG io.restassured.internal.RestAssuredHttpBuilder - Parsed data to instance of: class org.apache.http.conn.EofSensorInputStream
16:19:53.753 [main] DEBUG org.apache.http.impl.conn.BasicClientConnectionManager - Releasing connection org.apache.http.impl.conn.ManagedClientConnectionImpl@7526bb18
16:19:53.753 [main] DEBUG org.apache.http.impl.conn.BasicClientConnectionManager - Connection can be kept alive indefinitely
  &amp#27;[32mWhen &amp#27;[0m&amp#27;[32mI send GET HTTP request user&amp#27;[0m                &amp#27;[90m# starter.stepdefinitions.UserSteps.sentGetHttpRequestUser()&amp#27;[0m
  &amp#27;[32mThen &amp#27;[0m&amp#27;[32mI receive valid HTTP response code 200 user&amp#27;[0m &amp#27;[90m# starter.stepdefinitions.UserSteps.receiveValidHttp200User()&amp#27;[0m
16:19:53.759 [main] INFO  - 
  _____   ___   ___   _____     ___     _     ___   ___   ___   ___  
 |_   _| | __| / __| |_   _|   | _ \   /_\   / __| / __| | __| |   \ 
   | |   | _|  \__ \   | |     |  _/  / _ \  \__ \ \__ \ | _|  | |) |
   |_|   |___| |___/   |_|     |_|   /_/ \_\ |___/ |___/ |___| |___/ 

GET - Get user information
----------------------------------------------------------------------
]]></system-out>
  </testcase>
  <testcase name="GET - Get user information without token" classname="User Information" time="0.181">
    <system-out><![CDATA[
Scenario: GET - Get user information without token &amp#27;[90m# src/test/resources/features/3. User.feature:12&amp#27;[0m
16:19:53.763 [main] DEBUG io.cucumber.core.plugin.SerenityReporter - Running feature from file:///C:/Users/WINDOWS%2010/Documents/GitHub/MiniProject_QE/API/minpro/src/test/resources/features/3.%20User.feature
16:19:53.767 [main] INFO  - 
  _____   ___   ___   _____     ___   _____     _     ___   _____   ___   ___  
 |_   _| | __| / __| |_   _|   / __| |_   _|   /_\   | _ \ |_   _| | __| |   \ 
   | |   | _|  \__ \   | |     \__ \   | |    / _ \  |   /   | |   | _|  | |) |
   |_|   |___| |___/   |_|     |___/   |_|   /_/ \_\ |_|_\   |_|   |___| |___/ 

GET - Get user information without token(user-information;get---get-user-information-without-token)
--------------------------------------------------------------------------------
  &amp#27;[32mGiven &amp#27;[0m&amp#27;[32mI set GET api endpoints user&amp#27;[0m               &amp#27;[90m# starter.stepdefinitions.UserSteps.setGetApiEndpointsUser()&amp#27;[0m
16:19:53.786 [main] DEBUG org.apache.http.impl.conn.BasicClientConnectionManager - Get connection for route {s}->https://altashop-api.fly.dev:443
16:19:53.786 [main] DEBUG org.apache.http.impl.conn.DefaultClientConnectionOperator - Connecting to altashop-api.fly.dev:443
16:19:53.810 [Finalizer] DEBUG org.apache.http.impl.conn.DefaultClientConnection - Connection 0.0.0.0:53877<->149.248.193.56:443 closed
16:19:53.884 [main] DEBUG org.apache.http.client.protocol.RequestAddCookies - CookieSpec selected: ignoreCookies
16:19:53.884 [main] DEBUG org.apache.http.client.protocol.RequestAuthCache - Auth cache not set in the context
16:19:53.884 [main] DEBUG org.apache.http.client.protocol.RequestTargetAuthentication - Target auth state: UNCHALLENGED
16:19:53.884 [main] DEBUG org.apache.http.client.protocol.RequestProxyAuthentication - Proxy auth state: UNCHALLENGED
16:19:53.884 [main] DEBUG org.apache.http.impl.client.DefaultHttpClient - Attempt 1 to execute request
16:19:53.884 [main] DEBUG org.apache.http.impl.conn.DefaultClientConnection - Sending request: GET /api/auth/info HTTP/1.1
16:19:53.884 [main] DEBUG org.apache.http.wire -  >> "GET /api/auth/info HTTP/1.1[\r][\n]"
16:19:53.884 [main] DEBUG org.apache.http.wire -  >> "Accept: */*[\r][\n]"
16:19:53.884 [main] DEBUG org.apache.http.wire -  >> "Host: altashop-api.fly.dev[\r][\n]"
16:19:53.884 [main] DEBUG org.apache.http.wire -  >> "Connection: Keep-Alive[\r][\n]"
16:19:53.884 [main] DEBUG org.apache.http.wire -  >> "User-Agent: Apache-HttpClient/4.5.13 (Java/15)[\r][\n]"
16:19:53.884 [main] DEBUG org.apache.http.wire -  >> "Accept-Encoding: gzip,deflate[\r][\n]"
16:19:53.884 [main] DEBUG org.apache.http.wire -  >> "[\r][\n]"
16:19:53.884 [main] DEBUG org.apache.http.headers - >> GET /api/auth/info HTTP/1.1
16:19:53.884 [main] DEBUG org.apache.http.headers - >> Accept: */*
16:19:53.884 [main] DEBUG org.apache.http.headers - >> Host: altashop-api.fly.dev
16:19:53.884 [main] DEBUG org.apache.http.headers - >> Connection: Keep-Alive
16:19:53.884 [main] DEBUG org.apache.http.headers - >> User-Agent: Apache-HttpClient/4.5.13 (Java/15)
16:19:53.884 [main] DEBUG org.apache.http.headers - >> Accept-Encoding: gzip,deflate
16:19:53.927 [main] DEBUG org.apache.http.wire -  << "HTTP/1.1 401 Unauthorized[\r][\n]"
16:19:53.927 [main] DEBUG org.apache.http.wire -  << "content-type: application/json[\r][\n]"
16:19:53.927 [main] DEBUG org.apache.http.wire -  << "date: Mon, 08 May 2023 09:19:55 GMT[\r][\n]"
16:19:53.927 [main] DEBUG org.apache.http.wire -  << "content-encoding: gzip[\r][\n]"
16:19:53.927 [main] DEBUG org.apache.http.wire -  << "transfer-encoding: chunked[\r][\n]"
16:19:53.927 [main] DEBUG org.apache.http.wire -  << "server: Fly/3f2597ca (2023-05-03)[\r][\n]"
16:19:53.927 [main] DEBUG org.apache.http.wire -  << "via: 1.1 fly.io[\r][\n]"
16:19:53.927 [main] DEBUG org.apache.http.wire -  << "fly-request-id: 01GZXAJ33VD4TQNXS9NQ04Q5QZ-sin[\r][\n]"
16:19:53.927 [main] DEBUG org.apache.http.wire -  << "[\r][\n]"
16:19:53.927 [main] DEBUG org.apache.http.impl.conn.DefaultClientConnection - Receiving response: HTTP/1.1 401 Unauthorized
16:19:53.927 [main] DEBUG org.apache.http.headers - << HTTP/1.1 401 Unauthorized
16:19:53.927 [main] DEBUG org.apache.http.headers - << content-type: application/json
16:19:53.927 [main] DEBUG org.apache.http.headers - << date: Mon, 08 May 2023 09:19:55 GMT
16:19:53.927 [main] DEBUG org.apache.http.headers - << content-encoding: gzip
16:19:53.927 [main] DEBUG org.apache.http.headers - << transfer-encoding: chunked
16:19:53.927 [main] DEBUG org.apache.http.headers - << server: Fly/3f2597ca (2023-05-03)
16:19:53.927 [main] DEBUG org.apache.http.headers - << via: 1.1 fly.io
16:19:53.927 [main] DEBUG org.apache.http.headers - << fly-request-id: 01GZXAJ33VD4TQNXS9NQ04Q5QZ-sin
16:19:53.927 [main] DEBUG org.apache.http.impl.client.DefaultHttpClient - Connection can be kept alive indefinitely
16:19:53.927 [main] DEBUG org.apache.http.impl.client.DefaultHttpClient - Authentication required
16:19:53.927 [main] DEBUG org.apache.http.impl.client.DefaultHttpClient - altashop-api.fly.dev:443 requested authentication
16:19:53.927 [main] DEBUG org.apache.http.impl.client.DefaultHttpClient - Response contains no authentication challenges
16:19:53.927 [main] DEBUG io.restassured.internal.RestAssuredHttpBuilder - Parsing response as: application/json
16:19:53.927 [main] DEBUG org.apache.http.wire -  << "2D[\r][\n]"
16:19:53.927 [main] DEBUG org.apache.http.wire -  << "[0x1f][0x8b][0x8][0x0][0x0][0x0][0x0][0x0][0x4][0xff][0xab]VJ-*[0xca]/R[0xb2]R*[0xcd]K,-[0xc9][0xc8]/[0xca][0xac]JMQ[0xaa][0xe5][0x2][0x0]@[0x17]da[0x19][0x0][0x0][0x0]"
16:19:53.927 [main] DEBUG org.apache.http.wire -  << "[\r][\n]"
16:19:53.932 [main] DEBUG org.apache.http.wire -  << "0[\r][\n]"
16:19:53.932 [main] DEBUG org.apache.http.wire -  << "[\r][\n]"
16:19:53.932 [main] DEBUG io.restassured.internal.RestAssuredHttpBuilder - Parsed data to instance of: class org.apache.http.conn.EofSensorInputStream
16:19:53.933 [main] DEBUG org.apache.http.impl.conn.BasicClientConnectionManager - Releasing connection org.apache.http.impl.conn.ManagedClientConnectionImpl@55665086
16:19:53.933 [main] DEBUG org.apache.http.impl.conn.BasicClientConnectionManager - Connection can be kept alive indefinitely
  &amp#27;[32mWhen &amp#27;[0m&amp#27;[32mI send GET HTTP request user2&amp#27;[0m               &amp#27;[90m# starter.stepdefinitions.UserSteps.sendGetHttpRequestUser2()&amp#27;[0m
  &amp#27;[32mThen &amp#27;[0m&amp#27;[32mI receive valid HTTP response code 401 user&amp#27;[0m &amp#27;[90m# starter.stepdefinitions.UserSteps.receiveValidHttp401User()&amp#27;[0m
16:19:53.940 [main] INFO  - 
  _____   ___   ___   _____     ___     _     ___   ___   ___   ___  
 |_   _| | __| / __| |_   _|   | _ \   /_\   / __| / __| | __| |   \ 
   | |   | _|  \__ \   | |     |  _/  / _ \  \__ \ \__ \ | _|  | |) |
   |_|   |___| |___/   |_|     |_|   /_/ \_\ |___/ |___/ |___| |___/ 

GET - Get user information without token
----------------------------------------------------------------------
]]></system-out>
  </testcase>
  <testcase name="POST - Add new category" classname="Categories" time="0.241">
    <system-out><![CDATA[16:19:53.942 [main] DEBUG io.cucumber.core.plugin.SerenityReporter - Running feature from file:///C:/Users/WINDOWS%2010/Documents/GitHub/MiniProject_QE/API/minpro/src/test/resources/features/4.%20Categories.feature
16:19:53.946 [main] DEBUG net.thucydides.core.steps.StepEventBus - Test suite started for story net.thucydides.core.model.Story@1b5f86d1
16:19:53.947 [main] INFO  - Test Suite Started: Categories

Scenario: POST - Add new category                        &amp#27;[90m# src/test/resources/features/4. Categories.feature:7&amp#27;[0m
16:19:53.952 [main] DEBUG io.cucumber.core.plugin.SerenityReporter - Running feature from file:///C:/Users/WINDOWS%2010/Documents/GitHub/MiniProject_QE/API/minpro/src/test/resources/features/4.%20Categories.feature
16:19:53.957 [main] INFO  - 
  _____   ___   ___   _____     ___   _____     _     ___   _____   ___   ___  
 |_   _| | __| / __| |_   _|   / __| |_   _|   /_\   | _ \ |_   _| | __| |   \ 
   | |   | _|  \__ \   | |     \__ \   | |    / _ \  |   /   | |   | _|  | |) |
   |_|   |___| |___/   |_|     |___/   |_|   /_/ \_\ |_|_\   |_|   |___| |___/ 

POST - Add new category(categories;post---add-new-category)
--------------------------------------------------------------------------------
16:19:53.994 [main] DEBUG net.thucydides.core.steps.StepInterceptor - STARTING STEP: CategoriesSteps.setPostApiEndpointsf - I set POST api endpoints categories
16:19:53.995 [main] DEBUG net.thucydides.core.steps.StepInterceptor - STEP DONE: I set POST api endpoints categories
  &amp#27;[32mGiven &amp#27;[0m&amp#27;[32mI set POST api endpoints categories&amp#27;[0m              &amp#27;[90m# starter.stepdefinitions.CategoriesSteps.setPostApiEndpointsf()&amp#27;[0m
16:19:54.001 [main] DEBUG net.thucydides.core.steps.StepInterceptor - STARTING STEP: CategoriesSteps.sendPostHttpRequestCategories - I send POST HTTP request categories
16:19:54.004 [main] DEBUG net.thucydides.core.steps.StepInterceptor - STARTING STEP: Categories.sendPostHttpRequestCategories - I set POST api endpoints categories
16:19:54.004 [main] DEBUG net.thucydides.core.steps.StepInterceptor - STEP DONE: I set POST api endpoints categories
16:19:54.020 [main] DEBUG org.apache.http.impl.conn.BasicClientConnectionManager - Get connection for route {s}->https://altashop-api.fly.dev:443
16:19:54.020 [main] DEBUG org.apache.http.impl.conn.DefaultClientConnectionOperator - Connecting to altashop-api.fly.dev:443
16:19:54.125 [main] DEBUG org.apache.http.client.protocol.RequestAddCookies - CookieSpec selected: ignoreCookies
16:19:54.126 [main] DEBUG org.apache.http.client.protocol.RequestAuthCache - Auth cache not set in the context
16:19:54.126 [main] DEBUG org.apache.http.client.protocol.RequestTargetAuthentication - Target auth state: UNCHALLENGED
16:19:54.126 [main] DEBUG org.apache.http.client.protocol.RequestProxyAuthentication - Proxy auth state: UNCHALLENGED
16:19:54.126 [main] DEBUG org.apache.http.impl.client.DefaultHttpClient - Attempt 1 to execute request
16:19:54.126 [main] DEBUG org.apache.http.impl.conn.DefaultClientConnection - Sending request: POST /api/categories HTTP/1.1
16:19:54.126 [main] DEBUG org.apache.http.wire -  >> "POST /api/categories HTTP/1.1[\r][\n]"
16:19:54.126 [main] DEBUG org.apache.http.wire -  >> "Accept: */*[\r][\n]"
16:19:54.126 [main] DEBUG org.apache.http.wire -  >> "Content-Type: application/json[\r][\n]"
16:19:54.126 [main] DEBUG org.apache.http.wire -  >> "Content-Length: 53[\r][\n]"
16:19:54.126 [main] DEBUG org.apache.http.wire -  >> "Host: altashop-api.fly.dev[\r][\n]"
16:19:54.126 [main] DEBUG org.apache.http.wire -  >> "Connection: Keep-Alive[\r][\n]"
16:19:54.126 [main] DEBUG org.apache.http.wire -  >> "User-Agent: Apache-HttpClient/4.5.13 (Java/15)[\r][\n]"
16:19:54.126 [main] DEBUG org.apache.http.wire -  >> "Accept-Encoding: gzip,deflate[\r][\n]"
16:19:54.126 [main] DEBUG org.apache.http.wire -  >> "[\r][\n]"
16:19:54.126 [main] DEBUG org.apache.http.headers - >> POST /api/categories HTTP/1.1
16:19:54.126 [main] DEBUG org.apache.http.headers - >> Accept: */*
16:19:54.126 [main] DEBUG org.apache.http.headers - >> Content-Type: application/json
16:19:54.126 [main] DEBUG org.apache.http.headers - >> Content-Length: 53
16:19:54.126 [main] DEBUG org.apache.http.headers - >> Host: altashop-api.fly.dev
16:19:54.126 [main] DEBUG org.apache.http.headers - >> Connection: Keep-Alive
16:19:54.126 [main] DEBUG org.apache.http.headers - >> User-Agent: Apache-HttpClient/4.5.13 (Java/15)
16:19:54.126 [main] DEBUG org.apache.http.headers - >> Accept-Encoding: gzip,deflate
16:19:54.126 [main] DEBUG org.apache.http.wire -  >> "{"name":"Gaming","description":"For gaming purposes"}"
16:19:54.179 [main] DEBUG org.apache.http.wire -  << "HTTP/1.1 200 OK[\r][\n]"
16:19:54.179 [main] DEBUG org.apache.http.wire -  << "content-type: application/json[\r][\n]"
16:19:54.179 [main] DEBUG org.apache.http.wire -  << "date: Mon, 08 May 2023 09:19:55 GMT[\r][\n]"
16:19:54.179 [main] DEBUG org.apache.http.wire -  << "content-encoding: gzip[\r][\n]"
16:19:54.179 [main] DEBUG org.apache.http.wire -  << "transfer-encoding: chunked[\r][\n]"
16:19:54.179 [main] DEBUG org.apache.http.wire -  << "server: Fly/3f2597ca (2023-05-03)[\r][\n]"
16:19:54.179 [main] DEBUG org.apache.http.wire -  << "via: 1.1 fly.io[\r][\n]"
16:19:54.179 [main] DEBUG org.apache.http.wire -  << "fly-request-id: 01GZXAJ3BD5E879W0CSC9AAE6X-sin[\r][\n]"
16:19:54.179 [main] DEBUG org.apache.http.wire -  << "[\r][\n]"
16:19:54.179 [main] DEBUG org.apache.http.impl.conn.DefaultClientConnection - Receiving response: HTTP/1.1 200 OK
16:19:54.179 [main] DEBUG org.apache.http.headers - << HTTP/1.1 200 OK
16:19:54.179 [main] DEBUG org.apache.http.headers - << content-type: application/json
16:19:54.179 [main] DEBUG org.apache.http.headers - << date: Mon, 08 May 2023 09:19:55 GMT
16:19:54.179 [main] DEBUG org.apache.http.headers - << content-encoding: gzip
16:19:54.179 [main] DEBUG org.apache.http.headers - << transfer-encoding: chunked
16:19:54.179 [main] DEBUG org.apache.http.headers - << server: Fly/3f2597ca (2023-05-03)
16:19:54.179 [main] DEBUG org.apache.http.headers - << via: 1.1 fly.io
16:19:54.179 [main] DEBUG org.apache.http.headers - << fly-request-id: 01GZXAJ3BD5E879W0CSC9AAE6X-sin
16:19:54.179 [main] DEBUG org.apache.http.impl.client.DefaultHttpClient - Connection can be kept alive indefinitely
16:19:54.179 [main] DEBUG io.restassured.internal.RestAssuredHttpBuilder - Parsing response as: application/json
16:19:54.179 [main] DEBUG org.apache.http.wire -  << "5B[\r][\n]"
16:19:54.179 [main] DEBUG org.apache.http.wire -  << "[0x1f][0x8b][0x8][0x0][0x0][0x0][0x0][0x0][0x4][0xff][0xab]VJI,IT[0xb2][0xaa]V[0xf2]tQ[0xb2]24657[0xd1]Q[0xf2]K[0xcc]MU[0xb2]RrO[0xcc][0xcd][0xcc]KW[0xd2]QrI-N.[0xca],([0xc9][0xcc][0xcf]S[0xb2]Rr[0xcb]/RH[0x7]K)[0x14][0x94][0x16][0x15][0xe4][0x17][0xa7][0x16]+[0xd5][0xd6]r[0x1][0x0]Q[0x5][[0xed]J[0x0][0x0][0x0]"
16:19:54.179 [main] DEBUG org.apache.http.wire -  << "[\r][\n]"
16:19:54.179 [main] DEBUG org.apache.http.wire -  << "0[\r][\n]"
16:19:54.179 [main] DEBUG org.apache.http.wire -  << "[\r][\n]"
16:19:54.179 [main] DEBUG io.restassured.internal.RestAssuredHttpBuilder - Parsed data to instance of: class org.apache.http.conn.EofSensorInputStream
16:19:54.179 [main] DEBUG org.apache.http.impl.conn.BasicClientConnectionManager - Releasing connection org.apache.http.impl.conn.ManagedClientConnectionImpl@642ec6
16:19:54.181 [main] DEBUG org.apache.http.impl.conn.BasicClientConnectionManager - Connection can be kept alive indefinitely
16:19:54.181 [main] DEBUG net.thucydides.core.steps.StepInterceptor - STEP DONE: I send POST HTTP request categories
  &amp#27;[32mWhen &amp#27;[0m&amp#27;[32mI send POST HTTP request categories&amp#27;[0m               &amp#27;[90m# starter.stepdefinitions.CategoriesSteps.sendPostHttpRequestCategories()&amp#27;[0m
16:19:54.184 [main] DEBUG net.thucydides.core.steps.StepInterceptor - STARTING STEP: CategoriesSteps.receiveValidHttp200Categories - I receive valid HTTP response code 200 categories
16:19:54.185 [main] DEBUG net.thucydides.core.steps.StepInterceptor - STEP DONE: I receive valid HTTP response code 200 categories
  &amp#27;[32mThen &amp#27;[0m&amp#27;[32mI receive valid HTTP response code 200 categories&amp#27;[0m &amp#27;[90m# starter.stepdefinitions.CategoriesSteps.receiveValidHttp200Categories()&amp#27;[0m
16:19:54.187 [main] INFO  - 
  _____   ___   ___   _____     ___     _     ___   ___   ___   ___  
 |_   _| | __| / __| |_   _|   | _ \   /_\   / __| / __| | __| |   \ 
   | |   | _|  \__ \   | |     |  _/  / _ \  \__ \ \__ \ | _|  | |) |
   |_|   |___| |___/   |_|     |_|   /_/ \_\ |___/ |___/ |___| |___/ 

POST - Add new category
----------------------------------------------------------------------
]]></system-out>
  </testcase>
  <testcase name="POST - Add new category without description data payload" classname="Categories" time="0.288">
    <system-out><![CDATA[
Scenario: POST - Add new category without description data payload &amp#27;[90m# src/test/resources/features/4. Categories.feature:12&amp#27;[0m
16:19:54.194 [main] DEBUG io.cucumber.core.plugin.SerenityReporter - Running feature from file:///C:/Users/WINDOWS%2010/Documents/GitHub/MiniProject_QE/API/minpro/src/test/resources/features/4.%20Categories.feature
16:19:54.198 [main] INFO  - 
  _____   ___   ___   _____     ___   _____     _     ___   _____   ___   ___  
 |_   _| | __| / __| |_   _|   / __| |_   _|   /_\   | _ \ |_   _| | __| |   \ 
   | |   | _|  \__ \   | |     \__ \   | |    / _ \  |   /   | |   | _|  | |) |
   |_|   |___| |___/   |_|     |___/   |_|   /_/ \_\ |_|_\   |_|   |___| |___/ 

POST - Add new category without description data payload(categories;post---add-new-category-without-description-data-payload)
--------------------------------------------------------------------------------
16:19:54.215 [main] DEBUG net.thucydides.core.steps.StepInterceptor - STARTING STEP: CategoriesSteps.setPostApiEndpointsf - I set POST api endpoints categories
16:19:54.215 [main] DEBUG net.thucydides.core.steps.StepInterceptor - STEP DONE: I set POST api endpoints categories
  &amp#27;[32mGiven &amp#27;[0m&amp#27;[32mI set POST api endpoints categories&amp#27;[0m                        &amp#27;[90m# starter.stepdefinitions.CategoriesSteps.setPostApiEndpointsf()&amp#27;[0m
16:19:54.219 [main] DEBUG net.thucydides.core.steps.StepInterceptor - STARTING STEP: CategoriesSteps.sendPostHttpRequestCategories2 - I send POST HTTP request categories2
16:19:54.220 [main] DEBUG net.thucydides.core.steps.StepInterceptor - STARTING STEP: Categories.sendPostHttpRequestCategories2 - I set POST api endpoints categories
16:19:54.220 [main] DEBUG net.thucydides.core.steps.StepInterceptor - STEP DONE: I set POST api endpoints categories
16:19:54.231 [main] DEBUG org.apache.http.impl.conn.BasicClientConnectionManager - Get connection for route {s}->https://altashop-api.fly.dev:443
16:19:54.232 [main] DEBUG org.apache.http.impl.conn.DefaultClientConnectionOperator - Connecting to altashop-api.fly.dev:443
16:19:54.387 [main] DEBUG org.apache.http.client.protocol.RequestAddCookies - CookieSpec selected: ignoreCookies
16:19:54.388 [main] DEBUG org.apache.http.client.protocol.RequestAuthCache - Auth cache not set in the context
16:19:54.388 [main] DEBUG org.apache.http.client.protocol.RequestTargetAuthentication - Target auth state: UNCHALLENGED
16:19:54.388 [main] DEBUG org.apache.http.client.protocol.RequestProxyAuthentication - Proxy auth state: UNCHALLENGED
16:19:54.388 [main] DEBUG org.apache.http.impl.client.DefaultHttpClient - Attempt 1 to execute request
16:19:54.388 [main] DEBUG org.apache.http.impl.conn.DefaultClientConnection - Sending request: POST /api/categories HTTP/1.1
16:19:54.388 [main] DEBUG org.apache.http.wire -  >> "POST /api/categories HTTP/1.1[\r][\n]"
16:19:54.388 [main] DEBUG org.apache.http.wire -  >> "Accept: */*[\r][\n]"
16:19:54.388 [main] DEBUG org.apache.http.wire -  >> "Content-Type: application/json[\r][\n]"
16:19:54.388 [main] DEBUG org.apache.http.wire -  >> "Content-Length: 17[\r][\n]"
16:19:54.388 [main] DEBUG org.apache.http.wire -  >> "Host: altashop-api.fly.dev[\r][\n]"
16:19:54.388 [main] DEBUG org.apache.http.wire -  >> "Connection: Keep-Alive[\r][\n]"
16:19:54.388 [main] DEBUG org.apache.http.wire -  >> "User-Agent: Apache-HttpClient/4.5.13 (Java/15)[\r][\n]"
16:19:54.388 [main] DEBUG org.apache.http.wire -  >> "Accept-Encoding: gzip,deflate[\r][\n]"
16:19:54.388 [main] DEBUG org.apache.http.wire -  >> "[\r][\n]"
16:19:54.388 [main] DEBUG org.apache.http.headers - >> POST /api/categories HTTP/1.1
16:19:54.388 [main] DEBUG org.apache.http.headers - >> Accept: */*
16:19:54.388 [main] DEBUG org.apache.http.headers - >> Content-Type: application/json
16:19:54.388 [main] DEBUG org.apache.http.headers - >> Content-Length: 17
16:19:54.388 [main] DEBUG org.apache.http.headers - >> Host: altashop-api.fly.dev
16:19:54.388 [main] DEBUG org.apache.http.headers - >> Connection: Keep-Alive
16:19:54.388 [main] DEBUG org.apache.http.headers - >> User-Agent: Apache-HttpClient/4.5.13 (Java/15)
16:19:54.388 [main] DEBUG org.apache.http.headers - >> Accept-Encoding: gzip,deflate
16:19:54.388 [main] DEBUG org.apache.http.wire -  >> "{"name":"Gaming"}"
16:19:54.463 [main] DEBUG org.apache.http.wire -  << "HTTP/1.1 200 OK[\r][\n]"
16:19:54.463 [main] DEBUG org.apache.http.wire -  << "content-type: application/json[\r][\n]"
16:19:54.463 [main] DEBUG org.apache.http.wire -  << "date: Mon, 08 May 2023 09:19:56 GMT[\r][\n]"
16:19:54.463 [main] DEBUG org.apache.http.wire -  << "content-encoding: gzip[\r][\n]"
16:19:54.463 [main] DEBUG org.apache.http.wire -  << "transfer-encoding: chunked[\r][\n]"
16:19:54.463 [main] DEBUG org.apache.http.wire -  << "server: Fly/3f2597ca (2023-05-03)[\r][\n]"
16:19:54.463 [main] DEBUG org.apache.http.wire -  << "via: 1.1 fly.io[\r][\n]"
16:19:54.463 [main] DEBUG org.apache.http.wire -  << "fly-request-id: 01GZXAJ3KK53YCN06R1BSZNGAZ-sin[\r][\n]"
16:19:54.463 [main] DEBUG org.apache.http.wire -  << "[\r][\n]"
16:19:54.463 [main] DEBUG org.apache.http.impl.conn.DefaultClientConnection - Receiving response: HTTP/1.1 200 OK
16:19:54.463 [main] DEBUG org.apache.http.headers - << HTTP/1.1 200 OK
16:19:54.463 [main] DEBUG org.apache.http.headers - << content-type: application/json
16:19:54.463 [main] DEBUG org.apache.http.headers - << date: Mon, 08 May 2023 09:19:56 GMT
16:19:54.463 [main] DEBUG org.apache.http.headers - << content-encoding: gzip
16:19:54.463 [main] DEBUG org.apache.http.headers - << transfer-encoding: chunked
16:19:54.463 [main] DEBUG org.apache.http.headers - << server: Fly/3f2597ca (2023-05-03)
16:19:54.463 [main] DEBUG org.apache.http.headers - << via: 1.1 fly.io
16:19:54.463 [main] DEBUG org.apache.http.headers - << fly-request-id: 01GZXAJ3KK53YCN06R1BSZNGAZ-sin
16:19:54.463 [main] DEBUG org.apache.http.impl.client.DefaultHttpClient - Connection can be kept alive indefinitely
16:19:54.464 [main] DEBUG io.restassured.internal.RestAssuredHttpBuilder - Parsing response as: application/json
16:19:54.464 [main] DEBUG org.apache.http.wire -  << "4B[\r][\n]"
16:19:54.464 [main] DEBUG org.apache.http.wire -  << "[0x1f][0x8b][0x8][0x0][0x0][0x0][0x0][0x0][0x4][0xff][0xab]VJI,IT[0xb2][0xaa]V[0xf2]tQ[0xb2]24657[0xd5]Q[0xf2]K[0xcc]MU[0xb2]RrO[0xcc][0xcd][0xcc]KW[0xd2]QrI-N.[0xca],([0xc9][0xcc][0xcf]S[0xb2]RR[0xaa][0xad][0xe5][0x2][0x0]o[0xa5][0x8a][0x81]7[0x0][0x0][0x0]"
16:19:54.464 [main] DEBUG org.apache.http.wire -  << "[\r][\n]"
16:19:54.464 [main] DEBUG org.apache.http.wire -  << "0[\r][\n]"
16:19:54.464 [main] DEBUG org.apache.http.wire -  << "[\r][\n]"
16:19:54.464 [main] DEBUG io.restassured.internal.RestAssuredHttpBuilder - Parsed data to instance of: class org.apache.http.conn.EofSensorInputStream
16:19:54.465 [main] DEBUG org.apache.http.impl.conn.BasicClientConnectionManager - Releasing connection org.apache.http.impl.conn.ManagedClientConnectionImpl@69a294d8
16:19:54.465 [main] DEBUG org.apache.http.impl.conn.BasicClientConnectionManager - Connection can be kept alive indefinitely
16:19:54.466 [main] DEBUG net.thucydides.core.steps.StepInterceptor - STEP DONE: I send POST HTTP request categories2
  &amp#27;[32mWhen &amp#27;[0m&amp#27;[32mI send POST HTTP request categories2&amp#27;[0m                        &amp#27;[90m# starter.stepdefinitions.CategoriesSteps.sendPostHttpRequestCategories2()&amp#27;[0m
16:19:54.470 [main] DEBUG net.thucydides.core.steps.StepInterceptor - STARTING STEP: CategoriesSteps.receiveValidHttp200Categories - I receive valid HTTP response code 200 categories
16:19:54.473 [main] DEBUG net.thucydides.core.steps.StepInterceptor - STEP DONE: I receive valid HTTP response code 200 categories
  &amp#27;[32mThen &amp#27;[0m&amp#27;[32mI receive valid HTTP response code 200 categories&amp#27;[0m           &amp#27;[90m# starter.stepdefinitions.CategoriesSteps.receiveValidHttp200Categories()&amp#27;[0m
16:19:54.475 [main] INFO  - 
  _____   ___   ___   _____     ___     _     ___   ___   ___   ___  
 |_   _| | __| / __| |_   _|   | _ \   /_\   / __| / __| | __| |   \ 
   | |   | _|  \__ \   | |     |  _/  / _ \  \__ \ \__ \ | _|  | |) |
   |_|   |___| |___/   |_|     |_|   /_/ \_\ |___/ |___/ |___| |___/ 

POST - Add new category without description data payload
----------------------------------------------------------------------
]]></system-out>
  </testcase>
  <testcase name="POST - Add new category without name data payload" classname="Categories" time="0.22">
    <system-out><![CDATA[
Scenario: POST - Add new category without name data payload &amp#27;[90m# src/test/resources/features/4. Categories.feature:17&amp#27;[0m
16:19:54.481 [main] DEBUG io.cucumber.core.plugin.SerenityReporter - Running feature from file:///C:/Users/WINDOWS%2010/Documents/GitHub/MiniProject_QE/API/minpro/src/test/resources/features/4.%20Categories.feature
16:19:54.486 [main] INFO  - 
  _____   ___   ___   _____     ___   _____     _     ___   _____   ___   ___  
 |_   _| | __| / __| |_   _|   / __| |_   _|   /_\   | _ \ |_   _| | __| |   \ 
   | |   | _|  \__ \   | |     \__ \   | |    / _ \  |   /   | |   | _|  | |) |
   |_|   |___| |___/   |_|     |___/   |_|   /_/ \_\ |_|_\   |_|   |___| |___/ 

POST - Add new category without name data payload(categories;post---add-new-category-without-name-data-payload)
--------------------------------------------------------------------------------
16:19:54.505 [main] DEBUG net.thucydides.core.steps.StepInterceptor - STARTING STEP: CategoriesSteps.setPostApiEndpointsf - I set POST api endpoints categories
16:19:54.505 [main] DEBUG net.thucydides.core.steps.StepInterceptor - STEP DONE: I set POST api endpoints categories
  &amp#27;[32mGiven &amp#27;[0m&amp#27;[32mI set POST api endpoints categories&amp#27;[0m                 &amp#27;[90m# starter.stepdefinitions.CategoriesSteps.setPostApiEndpointsf()&amp#27;[0m
16:19:54.511 [main] DEBUG net.thucydides.core.steps.StepInterceptor - STARTING STEP: CategoriesSteps.sendPostHttpRequestCategories3 - I send POST HTTP request categories3
16:19:54.517 [main] DEBUG net.thucydides.core.steps.StepInterceptor - STARTING STEP: Categories.sendPostHttpRequestCategories3 - I set POST api endpoints categories
16:19:54.517 [main] DEBUG net.thucydides.core.steps.StepInterceptor - STEP DONE: I set POST api endpoints categories
16:19:54.539 [main] DEBUG org.apache.http.impl.conn.BasicClientConnectionManager - Get connection for route {s}->https://altashop-api.fly.dev:443
16:19:54.539 [main] DEBUG org.apache.http.impl.conn.DefaultClientConnectionOperator - Connecting to altashop-api.fly.dev:443
16:19:54.634 [main] DEBUG org.apache.http.client.protocol.RequestAddCookies - CookieSpec selected: ignoreCookies
16:19:54.634 [main] DEBUG org.apache.http.client.protocol.RequestAuthCache - Auth cache not set in the context
16:19:54.634 [main] DEBUG org.apache.http.client.protocol.RequestTargetAuthentication - Target auth state: UNCHALLENGED
16:19:54.634 [main] DEBUG org.apache.http.client.protocol.RequestProxyAuthentication - Proxy auth state: UNCHALLENGED
16:19:54.634 [main] DEBUG org.apache.http.impl.client.DefaultHttpClient - Attempt 1 to execute request
16:19:54.634 [main] DEBUG org.apache.http.impl.conn.DefaultClientConnection - Sending request: POST /api/categories HTTP/1.1
16:19:54.634 [main] DEBUG org.apache.http.wire -  >> "POST /api/categories HTTP/1.1[\r][\n]"
16:19:54.634 [main] DEBUG org.apache.http.wire -  >> "Accept: */*[\r][\n]"
16:19:54.634 [main] DEBUG org.apache.http.wire -  >> "Content-Type: application/json[\r][\n]"
16:19:54.634 [main] DEBUG org.apache.http.wire -  >> "Content-Length: 37[\r][\n]"
16:19:54.634 [main] DEBUG org.apache.http.wire -  >> "Host: altashop-api.fly.dev[\r][\n]"
16:19:54.634 [main] DEBUG org.apache.http.wire -  >> "Connection: Keep-Alive[\r][\n]"
16:19:54.634 [main] DEBUG org.apache.http.wire -  >> "User-Agent: Apache-HttpClient/4.5.13 (Java/15)[\r][\n]"
16:19:54.634 [main] DEBUG org.apache.http.wire -  >> "Accept-Encoding: gzip,deflate[\r][\n]"
16:19:54.634 [main] DEBUG org.apache.http.wire -  >> "[\r][\n]"
16:19:54.634 [main] DEBUG org.apache.http.headers - >> POST /api/categories HTTP/1.1
16:19:54.634 [main] DEBUG org.apache.http.headers - >> Accept: */*
16:19:54.634 [main] DEBUG org.apache.http.headers - >> Content-Type: application/json
16:19:54.634 [main] DEBUG org.apache.http.headers - >> Content-Length: 37
16:19:54.634 [main] DEBUG org.apache.http.headers - >> Host: altashop-api.fly.dev
16:19:54.634 [main] DEBUG org.apache.http.headers - >> Connection: Keep-Alive
16:19:54.634 [main] DEBUG org.apache.http.headers - >> User-Agent: Apache-HttpClient/4.5.13 (Java/15)
16:19:54.634 [main] DEBUG org.apache.http.headers - >> Accept-Encoding: gzip,deflate
16:19:54.634 [main] DEBUG org.apache.http.wire -  >> "{"description":"For gaming purposes"}"
16:19:54.678 [main] DEBUG org.apache.http.wire -  << "HTTP/1.1 500 Internal Server Error[\r][\n]"
16:19:54.678 [main] DEBUG org.apache.http.wire -  << "content-type: application/json[\r][\n]"
16:19:54.678 [main] DEBUG org.apache.http.wire -  << "date: Mon, 08 May 2023 09:19:56 GMT[\r][\n]"
16:19:54.678 [main] DEBUG org.apache.http.wire -  << "content-encoding: gzip[\r][\n]"
16:19:54.678 [main] DEBUG org.apache.http.wire -  << "transfer-encoding: chunked[\r][\n]"
16:19:54.678 [main] DEBUG org.apache.http.wire -  << "server: Fly/3f2597ca (2023-05-03)[\r][\n]"
16:19:54.678 [main] DEBUG org.apache.http.wire -  << "via: 1.1 fly.io[\r][\n]"
16:19:54.678 [main] DEBUG org.apache.http.wire -  << "fly-request-id: 01GZXAJ3V9HRD8MV01D9X9AE71-sin[\r][\n]"
16:19:54.678 [main] DEBUG org.apache.http.wire -  << "[\r][\n]"
16:19:54.678 [main] DEBUG org.apache.http.impl.conn.DefaultClientConnection - Receiving response: HTTP/1.1 500 Internal Server Error
16:19:54.678 [main] DEBUG org.apache.http.headers - << HTTP/1.1 500 Internal Server Error
16:19:54.678 [main] DEBUG org.apache.http.headers - << content-type: application/json
16:19:54.678 [main] DEBUG org.apache.http.headers - << date: Mon, 08 May 2023 09:19:56 GMT
16:19:54.678 [main] DEBUG org.apache.http.headers - << content-encoding: gzip
16:19:54.678 [main] DEBUG org.apache.http.headers - << transfer-encoding: chunked
16:19:54.678 [main] DEBUG org.apache.http.headers - << server: Fly/3f2597ca (2023-05-03)
16:19:54.678 [main] DEBUG org.apache.http.headers - << via: 1.1 fly.io
16:19:54.679 [main] DEBUG org.apache.http.headers - << fly-request-id: 01GZXAJ3V9HRD8MV01D9X9AE71-sin
16:19:54.679 [main] DEBUG org.apache.http.impl.client.DefaultHttpClient - Connection can be kept alive indefinitely
16:19:54.680 [main] DEBUG io.restassured.internal.RestAssuredHttpBuilder - Parsing response as: application/json
16:19:54.680 [main] DEBUG org.apache.http.wire -  << "82[\r][\n]"
16:19:54.680 [main] DEBUG org.apache.http.wire -  << "[0x1f][0x8b][0x8][0x0][0x0][0x0][0x0][0x0][0x4][0xff][0xab]VJ-*[0xca]/R[0xb2]Rr[\r][\n]"
16:19:54.680 [main] DEBUG org.apache.http.wire -  << "[0xf2][0xf][0xb2]R[0xc8]K-W([0xca]/WH[0xcb]/R(J[0xcd]I,[0xc9][0xcc][0xcf]S[0x88]QJN,IM[0xcf]/[0xca]L-[0x8e]QR([0xcb][0xcc][0xcf]I,I-VH[0xce]HM[0xce]VH[0xce][0xcf]+.)J[0xcc][0xcc]+AQ[0x18][0x9f][0x97][0x98][0x9b][0x1a][0xf]V[0x12][0xa3][0xa4][0xa0][0x11][0x1c][0xe8][0x13][0x1c][0xe2][0x18][0xe2][0xaa]`dljh[0xa2][0xa9]T[0xcb][0x5][0x0]p%[0xdd]o|[0x0][0x0][0x0]"
16:19:54.680 [main] DEBUG org.apache.http.wire -  << "[\r][\n]"
16:19:54.680 [main] DEBUG org.apache.http.wire -  << "0[\r][\n]"
16:19:54.680 [main] DEBUG org.apache.http.wire -  << "[\r][\n]"
16:19:54.680 [main] DEBUG io.restassured.internal.RestAssuredHttpBuilder - Parsed data to instance of: class org.apache.http.conn.EofSensorInputStream
16:19:54.684 [main] DEBUG org.apache.http.impl.conn.BasicClientConnectionManager - Releasing connection org.apache.http.impl.conn.ManagedClientConnectionImpl@11577ab8
16:19:54.685 [main] DEBUG org.apache.http.impl.conn.BasicClientConnectionManager - Connection can be kept alive indefinitely
16:19:54.685 [main] DEBUG net.thucydides.core.steps.StepInterceptor - STEP DONE: I send POST HTTP request categories3
  &amp#27;[32mWhen &amp#27;[0m&amp#27;[32mI send POST HTTP request categories3&amp#27;[0m                 &amp#27;[90m# starter.stepdefinitions.CategoriesSteps.sendPostHttpRequestCategories3()&amp#27;[0m
16:19:54.691 [main] DEBUG net.thucydides.core.steps.StepInterceptor - STARTING STEP: CategoriesSteps.receiveValidHttp500Categories - I receive valid HTTP response code 500 categories
16:19:54.692 [main] DEBUG net.thucydides.core.steps.StepInterceptor - STEP DONE: I receive valid HTTP response code 500 categories
  &amp#27;[32mThen &amp#27;[0m&amp#27;[32mI receive valid HTTP response code 500 categories&amp#27;[0m    &amp#27;[90m# starter.stepdefinitions.CategoriesSteps.receiveValidHttp500Categories()&amp#27;[0m
16:19:54.695 [main] INFO  - 
  _____   ___   ___   _____     ___     _     ___   ___   ___   ___  
 |_   _| | __| / __| |_   _|   | _ \   /_\   / __| / __| | __| |   \ 
   | |   | _|  \__ \   | |     |  _/  / _ \  \__ \ \__ \ | _|  | |) |
   |_|   |___| |___/   |_|     |_|   /_/ \_\ |___/ |___/ |___| |___/ 

POST - Add new category without name data payload
----------------------------------------------------------------------
]]></system-out>
  </testcase>
  <testcase name="GET - Get list all categories" classname="Categories" time="0.31">
    <system-out><![CDATA[
Scenario: GET - Get list all categories                  &amp#27;[90m# src/test/resources/features/4. Categories.feature:22&amp#27;[0m
16:19:54.701 [main] DEBUG io.cucumber.core.plugin.SerenityReporter - Running feature from file:///C:/Users/WINDOWS%2010/Documents/GitHub/MiniProject_QE/API/minpro/src/test/resources/features/4.%20Categories.feature
16:19:54.706 [main] INFO  - 
  _____   ___   ___   _____     ___   _____     _     ___   _____   ___   ___  
 |_   _| | __| / __| |_   _|   / __| |_   _|   /_\   | _ \ |_   _| | __| |   \ 
   | |   | _|  \__ \   | |     \__ \   | |    / _ \  |   /   | |   | _|  | |) |
   |_|   |___| |___/   |_|     |___/   |_|   /_/ \_\ |_|_\   |_|   |___| |___/ 

GET - Get list all categories(categories;get---get-list-all-categories)
--------------------------------------------------------------------------------
16:19:54.723 [main] DEBUG net.thucydides.core.steps.StepInterceptor - STARTING STEP: CategoriesSteps.setGetApiEndpoints - I set GET api endpoints categories
16:19:54.723 [main] DEBUG net.thucydides.core.steps.StepInterceptor - STEP DONE: I set GET api endpoints categories
  &amp#27;[32mGiven &amp#27;[0m&amp#27;[32mI set GET api endpoints categories&amp#27;[0m               &amp#27;[90m# starter.stepdefinitions.CategoriesSteps.setGetApiEndpoints()&amp#27;[0m
16:19:54.727 [main] DEBUG net.thucydides.core.steps.StepInterceptor - STARTING STEP: CategoriesSteps.sentGetHttpRequestCategories - I send GET HTTP request categories
16:19:54.729 [main] DEBUG net.thucydides.core.steps.StepInterceptor - STARTING STEP: Categories.sendGetHttpRequestCategories - I set GET api endpoints categories
16:19:54.730 [main] DEBUG net.thucydides.core.steps.StepInterceptor - STEP DONE: I set GET api endpoints categories
16:19:54.741 [main] DEBUG org.apache.http.impl.conn.BasicClientConnectionManager - Get connection for route {s}->https://altashop-api.fly.dev:443
16:19:54.742 [main] DEBUG org.apache.http.impl.conn.DefaultClientConnectionOperator - Connecting to altashop-api.fly.dev:443
16:19:54.875 [main] DEBUG org.apache.http.client.protocol.RequestAddCookies - CookieSpec selected: ignoreCookies
16:19:54.876 [main] DEBUG org.apache.http.client.protocol.RequestAuthCache - Auth cache not set in the context
16:19:54.876 [main] DEBUG org.apache.http.client.protocol.RequestTargetAuthentication - Target auth state: UNCHALLENGED
16:19:54.876 [main] DEBUG org.apache.http.client.protocol.RequestProxyAuthentication - Proxy auth state: UNCHALLENGED
16:19:54.876 [main] DEBUG org.apache.http.impl.client.DefaultHttpClient - Attempt 1 to execute request
16:19:54.876 [main] DEBUG org.apache.http.impl.conn.DefaultClientConnection - Sending request: GET /api/categories HTTP/1.1
16:19:54.876 [main] DEBUG org.apache.http.wire -  >> "GET /api/categories HTTP/1.1[\r][\n]"
16:19:54.876 [main] DEBUG org.apache.http.wire -  >> "Accept: */*[\r][\n]"
16:19:54.876 [main] DEBUG org.apache.http.wire -  >> "Host: altashop-api.fly.dev[\r][\n]"
16:19:54.876 [main] DEBUG org.apache.http.wire -  >> "Connection: Keep-Alive[\r][\n]"
16:19:54.876 [main] DEBUG org.apache.http.wire -  >> "User-Agent: Apache-HttpClient/4.5.13 (Java/15)[\r][\n]"
16:19:54.876 [main] DEBUG org.apache.http.wire -  >> "Accept-Encoding: gzip,deflate[\r][\n]"
16:19:54.876 [main] DEBUG org.apache.http.wire -  >> "[\r][\n]"
16:19:54.876 [main] DEBUG org.apache.http.headers - >> GET /api/categories HTTP/1.1
16:19:54.876 [main] DEBUG org.apache.http.headers - >> Accept: */*
16:19:54.876 [main] DEBUG org.apache.http.headers - >> Host: altashop-api.fly.dev
16:19:54.876 [main] DEBUG org.apache.http.headers - >> Connection: Keep-Alive
16:19:54.876 [main] DEBUG org.apache.http.headers - >> User-Agent: Apache-HttpClient/4.5.13 (Java/15)
16:19:54.876 [main] DEBUG org.apache.http.headers - >> Accept-Encoding: gzip,deflate
16:19:54.958 [main] DEBUG org.apache.http.wire -  << "HTTP/1.1 200 OK[\r][\n]"
16:19:54.958 [main] DEBUG org.apache.http.wire -  << "content-type: application/json[\r][\n]"
16:19:54.958 [main] DEBUG org.apache.http.wire -  << "date: Mon, 08 May 2023 09:19:56 GMT[\r][\n]"
16:19:54.958 [main] DEBUG org.apache.http.wire -  << "transfer-encoding: chunked[\r][\n]"
16:19:54.958 [main] DEBUG org.apache.http.wire -  << "content-encoding: gzip[\r][\n]"
16:19:54.958 [main] DEBUG org.apache.http.wire -  << "server: Fly/3f2597ca (2023-05-03)[\r][\n]"
16:19:54.958 [main] DEBUG org.apache.http.wire -  << "via: 1.1 fly.io[\r][\n]"
16:19:54.958 [main] DEBUG org.apache.http.wire -  << "fly-request-id: 01GZXAJ430GA9CMFY0VGF093GE-sin[\r][\n]"
16:19:54.958 [main] DEBUG org.apache.http.wire -  << "[\r][\n]"
16:19:54.958 [main] DEBUG org.apache.http.impl.conn.DefaultClientConnection - Receiving response: HTTP/1.1 200 OK
16:19:54.958 [main] DEBUG org.apache.http.headers - << HTTP/1.1 200 OK
16:19:54.958 [main] DEBUG org.apache.http.headers - << content-type: application/json
16:19:54.958 [main] DEBUG org.apache.http.headers - << date: Mon, 08 May 2023 09:19:56 GMT
16:19:54.958 [main] DEBUG org.apache.http.headers - << transfer-encoding: chunked
16:19:54.958 [main] DEBUG org.apache.http.headers - << content-encoding: gzip
16:19:54.958 [main] DEBUG org.apache.http.headers - << server: Fly/3f2597ca (2023-05-03)
16:19:54.958 [main] DEBUG org.apache.http.headers - << via: 1.1 fly.io
16:19:54.958 [main] DEBUG org.apache.http.headers - << fly-request-id: 01GZXAJ430GA9CMFY0VGF093GE-sin
16:19:54.958 [main] DEBUG org.apache.http.impl.client.DefaultHttpClient - Connection can be kept alive indefinitely
16:19:54.958 [main] DEBUG io.restassured.internal.RestAssuredHttpBuilder - Parsing response as: application/json
16:19:54.958 [main] DEBUG org.apache.http.wire -  << "22A[\r][\n]"
16:19:54.958 [main] DEBUG org.apache.http.wire -  << "[0x1f][0x8b][0x8][0x0][0x0][0x0][0x0][0x0][0x4][0xff][0xaa]VJI,IT[0xb2][0x8a][0xae]V[0xf2]tQ[0xb2]24250[0xd5]Q[0xf2]K[0xcc]MU[0xb2]Rr+-[0xca][0xcb],)-JU[0xd2]QrI-N.[0xca],([0xc9][0xcc][0xcf]S[0xb2]RJ[0xcb]/RHO[0xcc][0xcd][0xcc]KW((-*[0xc8]/N-V[0xaa][0xd5]A[0x98]aA[0x5]3,[0xe1]f(:([0xab][0xa8][0x92][0xea][0x6]CC[0xb8]~[0x88]KI6[0xc0][0x98]R[0x3][0xcc](5[0xc0][0x9c]R[0x3][0x10]aH^[0x18][0x18][0x19]P[0xe8][0x2]##J[\r]@[0xc4]BXjIjQf^bQ%FT[0xa6][0xe6][0xa4]&[0x97][0x14]e&g&[0xe6]![0xa7]C#DZ[0xf6][0xcd][0x7]%][0x85][0x80][0xcc]dP[0x82].VH[0xcc]KQp[0xcb][0xcc][0xc9][0xc5]0*#1[0xb3]([0xa5]([0xb5][0xb8]8[0xb5][0x8][0xc5](D\x[0x94][0xe6]&[0xe6])[0x4][0xa5][0x16][0xe7][0x97][0x16]%[0xa7][0x16]c[0x98]P[0x9e][0x99][0x97][0x92]_[0xae][0x90][0x9c][0x93][0x9a][0x98][0x87]f[0x8]">\SJ[0x93][0x13][0xc1]N[0xf2]M[0xcc]KLO[0xcd]M[0xcd]+[0xc1]0[0xa9] ?'39U!?--3[0x19][0xd5]$cD[0xea][0xe]J[0xcc][0xcc])[0xca]OLQ[0xf0]M[0xcc]+MK[0x4][0xfb][0xf][0xc3][0xa4][0xc4][0x92][0x92][0xfc][0xa2][0xbc][0xd4]J[0x85][0xc4][0x12][0x85][0x9c][0xc4]rd[0x9f][0x19]#B[0xd8])[0xb1]$1=[0xbf]H!<?[0xbb][0x14][0xc3][0x8][0xe7][0xd4][0xdc][0xcc][0x9c][0xc4]<[0x85][0xe2][0xd4][0xc][0x90]![0xa9]U[0x89]%[\n]"
16:19:54.958 [main] DEBUG org.apache.http.wire -  << "I[0xa9]E[0xe9][0x99]U[0x99]([0xc6][0x99]P[0x18][0xe3][0xc6][0x88]H[0x83]$[0xda]t[0xc][0xa7][0x10](~[0x8c][0x11][0x19][0xaf]$[0xb5][0xb8][0x4]K[0x14][0xa1]8[0x18]QX[0x91]k[0x1f]"Z[0x89][0xb0][0xcf][0x4][0x11]u[0xee][0xe0]"[0x14][0xc3]{n[0xf8]KW[0x13]D[0x9e][0xc2]a[0x0][0xb2][0xf7]L[0x10][0xd1]K[0xa6][0xf7]L[0x10]1J[0x8c][0xf7][0x10][0x19][0x85][0x8][0xd7][0x99]"[0x2][0x3][0xe2]:[0x8c][0xc0] [0x10][0xd7][0xa6][0x88][0xc0] [0xd3][0x0]D[0xf8]P#[0xf9][0x9b]"[0x2][0x8b]*[0xc6]!2[0x3]U[0x8c]C[0xe4][0xc][0xaa][0x18][0x87][0x88]k[0xaa][0x18][0x87][0xc8][0x89]T1[0xe][0x91]-[0xa9]a[0x9c][0x19][0xa5]u[0xa1][0x19]"[0xad];f'%[0x16])[0x4]eVeW*[0xb8]%f[0x14][0x95][0x16][0xe5]Wa[0xd6]j[0xb9][0x99]y[0x99][\n]"
16:19:54.958 [main] DEBUG org.apache.http.wire -  << "[0x5]E[0xf9]Y[0xa9][0xc9]%[0xc8]Y[0xda][0xc][0x91][0xe6][0xa9][0xe2]1D[0xe] 2[0xb][0x1][0x0][0x0][0x0][0xff][0xff]"
16:19:54.958 [main] DEBUG org.apache.http.wire -  << "[\r][\n]"
16:19:54.958 [main] DEBUG org.apache.http.wire -  << "3FA[\r][\n]"
16:19:54.958 [main] DEBUG org.apache.http.wire -  << "Bk[0xee][0x99]![0xd2]<[0x99][0x6]P7[0x95][0x9b]!R9[0x99][0xee]A[0xa4]k[0xe7][0xc4][0x92][0xd4][0xf4][0xfc][0xa2]J[0x5][0xc7][0xd2][0x9c][0xcc]D[0x8c][0xd2][0x9][0x14]C[0xc9]0%[0x89]`%H[0xed]`3D[0x82][0xce]K[0xcc]M[0x4][0xc5]eJi6[0x86]![0xd9][0x10][0x3][0xc0]q[\r][0x92]G6[0x81][0xba]i[0xd8][0x1c][0x91][0x4][0xc9][0xb][0x19]sD[0xd2]#[0xd3][0x0]J[0x13][0x9b]9[0xa5][0x89][0xcd][0x1c][0x91][0xd8][0xc8][0xf4][0x2][0xa5][0xc9][0xcb][0x1c][0x91],[0xc8]t[0x1]"U@[0xc] [0xb9][0x89]d[0x81]([0xcc][0x88][0xa8][0xd3]-([0x8d]u[0xb]Jc[0xdd][0x2][0x11][0xeb][0xc4][0xb8][0x97][0xd2][0x18][0xb2]@[0x14][0x0][0xc4]X[0x87][0x1e][0x1d][0x18]9[0x9c]@#[0xc6][0x12][0x11][0x1b]![0xa9][0xc5][0x98][0xfd][0x0][0xcf][0xbc]L[0x5][0x90][0x4][0xa8][0xbf][0xed][0x9e][0x99][0x9a][0x83]\[0x19]XR[0x9a][0xa5]-)[0x8d]\KJ#[0xd7][0x12][0x11][0xb9][0x90][0xe4]Lr[0xf8]Q[0x9a][0xa5]-)M0[0x96][0x88][0x4]C[0xa6][0x17](-[0x13],[0x11][0x89][0x90]p[0x92]53[0xa0]0[0xd5][0x98][0x19] R[\r]1[0xd6]Q[0x18][0xc3]fH[0xa3]R[0xc4]XGal[0x98][0x19] b[0x83][0x8][0xeb][0x90][0x86][0x9a]r[0x13][0xb3][0x13][0xf3][0x12][0xf3]0[0x12]0L[0x1c]Q[0xb5][0x9b][0x19]"B[0x90][0xac]$cfHa[0xbe]33[0xa4]4V[0xc])[0xcc]6f[0x86][0x88][0x88][0xa2]BK[0xd6][0xcc][0x10][0x11]m[0xe1][0x99]E[0xa9]9[0xa9][0xc5][0x98][0xa3]3[0x5][0x19][0x95][0xc5][0x99][0xc9][0x99][0xc5][0xc8]-j3J[0xc7][0xb9][0xcc]([0x1d][0xe7]23[0xa2]4.[0x8c]([0x8d][0xb]#D[0xe0][0xe1]H[0x8f][0x89][0xc5])H5[0x8f][0x99][0x11]j[0x89][0x3][0xaa][0x9c][\n]"
16:19:54.958 [main] DEBUG org.apache.http.wire -  << "[0x8a][0xf2]SJ[0x93]1+[0xb0][0x92][0x8c][0xcc]b[0x85][0xcc]b[0x85][0x92][0x8c]TH#8[0xb9]D![0x5]iD[0x19])[[0x18]#[0xea]BP[0xd6][0xa3][0x96][0xa9][0x88][0xf2][0x8e][0x90][0xa9][0xc8]^4F[0xe4]QB[0xda]H[0xf1]""[0xe3][0x12]2[0x15][0xc5]1[0x14][0xd6]rfh[0xe3]b[0xd4][\n]"
16:19:54.958 [main] DEBUG org.apache.http.wire -  << "ZD[0x1e]&[0xc5]7H[0xc3]`[0x84][0xb4][0x91][0x10][0xb4]Hcc[0x84]LE[0xe]Z[0xa4]!.[0x1c]i[0x1f][0xb][0xce][0xcc][0x84][0xd2][0xdc]gB0[0xf7][0x11]p[0x81])"[0xdf][0x90][0xe7][0x5]JG[0xd2][0xcc]L[0x89]O[0xd6]$[0xc4][0xa8])[0xa5][0xa9][0xde][0x14][0x11]5[0x1][0xf9]9[0x99][0xe5]E[0x89]%[0x19][0x18][0xf5]sPjAiJfb^Jb[0xaa]B^jqrfi^[0x89]BjErjAIiQ[0xa6]BJ~N~Q[0xaa]Bji[0xae]Bqjai[0xa6][0x1e]r[0xe2]1Ed[0x0][0xdf][0xc4][0xe4][0x8c][0xfc]l[0xcc][0xf9][0xb2][0xc0][0xd2][0xc4][0xe2]L[0x85][0xb4][0xd2][0xf4]D[0x85][0xbc][0xfc]<[0x85][0xc2][0xd2][0xfc][0x14][0x85][0xcc][0xdc][0x82][0xd4][0x94][0xcc][0x12][0x85][0xb2][0xd4][0x9c][0xcc][0x12]T[0x3])M[0xb][0x94][0xe]U[0x99]![0x8d]0A[0x12][0x13][0xa9][0x1d]L33[0xd4][0xc4][0x80][0xc][0xde][0xcc][0xc][0x11][0xc9][0x86]F[0xc6][\n]"
16:19:54.958 [main] DEBUG org.apache.http.wire -  << "[0x89]Y[0x98]#-[0xa0][0xe4][0x9f][0x9b]Z[0x94][0x9c][0x81]m[0xc6][0xd1][0x8c][0xd2]![0x1f]33De[0x6][0xf1]1F[0x12][0x1]9[0x0]"[0x85][0xd5][0x5][0xe6][0x94][0xe6]?sD[0x88]A[0xac]![0xd9][0x5][0x94]6![0xcc][0x11][0x9][0x99]<[0x17] [0x8d]*[0x90]i[0x0][0xa5]a`[0x81][0xc8][0xec]d[0xba][0x80]`[0x18] g}J;[0xdf]f[0x84];[0xdf]([0xd6]Q[0xea];[0xc2][0xdd]T$[0xeb][0xcc])[0xed]$[0x9a]#u[0x12][0xc9][0x8a][\r]s[0x3][\n]"
16:19:54.958 [main] DEBUG org.apache.http.wire -  << "[0xd3][0x83][0xb9][0x1][0x85]y[0xc2][0x1c][0xa9][0xe3]I[0xa6][0x17]([0x8c]3s[0x3]RR[0xa4]9R_[0x94]<[0xf7]R[0xda]-5G[0xea][0x96][0xe2][0x98][0x0][0xc4]?[0xbf]in[0x88][0xa8][0xc][0xc8]4[0x0][0x11]b8[0xc]@N[0xe5]H[0x9d]F2C[0x8c]`[0xd5][0x81]l[0x9d][0x11]"I[0xe3]p[0x1c][0x81][0xe0]A[0xea])[0xe2]0[0x0][0xc5]:J[0x93][0x9f][0x11]"0q[0x4][0xf][0xb2]uH[0xeb][0x12]p[0xa8][0xc6]_[0x8d][0x9a]#[0xf5][0xb8]p[0x18][0x80]b[0x1d][0xa5][0xbe]3&[0xc9]wH}[0x16][0x1c][0x8e]#[0xe0];[0xa4][0xee][0x9][0xe][0x3][0x90]}[0x87][0xd4][0xa9] [0xd4][0x99]![0xbe]Amn[0x82][0xf0]2!SQ[0x1c][0x83]H[0xe5][0x84][0xb4][0x91][0xe0][0x18][0xa4][0xf9][0x1c][0x89][0x99]@n@[0xea][0xb5][0xe0]0[0x0][0xd9][0x13]H[0xb3][0xf3]8T[0x13][0xb2][0x8e]`[0xd9][0x84]b[0x1d]"[0xa8]qD7[0x81][0xf4]b[0x8a][0xe8][0x9][0x90][0xe9]^D[0xac][0xe1]0[0x0][0xd9][0xbd]H3[0xd4]T[0x18][0x8e]3[0xc7][0xe8]E[0x90][0xd8][0xa2]5G[0xea]D[0x90][0x17]~H3[0xd3][0xb8][0x17]3[0xc2]e[0x14][0xbc]R[0xb][0x12][0x8b][0x12]QB[0x84][0xd2][0x2][0xc6][0x8c][0xd2]$@i[0xbf][0xc2][0x9c][0xd2]9_s[0xcc]9_[0x0][0x0][0x0][0x0][0xff][0xff]"
16:19:54.959 [main] DEBUG org.apache.http.wire -  << "[\r][\n]"
16:19:54.959 [main] DEBUG org.apache.http.wire -  << "672[\r][\n]"
16:19:54.959 [main] DEBUG org.apache.http.wire -  << ""m9[0xa8]9R[0xcf][0x6][0x1e][0xd6][0x18]f[0xc0]e[0xb0][0xc4][0x2][0xa5]S[0xb6][0xe6][0xe6][0x88]ht+*[0xcd][0xc4][0x1c][0xa0]D[0x8e]sJ[0xbb]A[0xe6]H[0xf3][0xbb]D[0xd8][0x86][0xc8][0xa1][0xd8][0x15][0xa7][0xe7][0xe7][0xa7]([0x80][0xca][0x89][0x8c][0xd4][0xc4][0x9c][0x92][0xc]d[0x97]R[0xda][0xdf]2[0xb7]@[0xc][0x8b][0x92][0x97][0xc1]([0x9d][0x19]6[0xa7]tf[0xd8][0x1c]if[0x98]L/ [0x8a]t2[\r]@$.2[\r][0xa0][0xb4][0x8c][0xb0]@T[0x13][0xe4][0xb9][0x0]i[0x2][0x9a]L[0x3](MH[0x84];[0xc2][0xa0],[0x0]q[0x1c][0xb6][0xf1][0x17]s[0xa4]Yhj[0xd4]][0x94][0xce]I[0x9b][R[0x9a][0xac][0x8][0xcf]I#[0x17][0x5]H={[0xaa]x[0x9f][0xe2][0x14][0x85]([0xd6] [0x91][0x86]Q[0xe0][0xe3][0x8f]O[0xb][0x3][\n]"
16:19:54.959 [main] DEBUG org.apache.http.wire -  << "[0xc7][0xd3],([0x1d][0xbd][0xb0]@[0xea][0xfa][0xc3][0xa6]o[0xd1]+>[0x98]8b[0xfe][0xca][0x2][0xa9][0xbb][0xee][0xee][0xe8][0xeb][0xe9][0xe7]N[0xb2][0xc7][0x11]A[0xef][0x98][0x9c][0x9c]Z\[0x9c]_[0x94][0x89]e[0xf8][0xb4]$_!5/#1/9U![0xb1][0xa0] 5[0xb1][0x8][0xc4]DJ[0x11][0x16][0x86][0x88][0x0][0xa4]B[0x8a][0xb0][0xa0]t`[0xc1][0x2]i`[0x81]*[0xee]A[0xf4][0xa3][0xa9]b[0x1c]"[0xbb]R[0x16][0xea][0x88][0xb2][0x9c]"s[0x8c][0x10][0x5]*E[0xe6][0x18]P[0x9a][0xf])[0x9d][0xe3][0xb7][0xa0]t|[0xc5][0xc2][0x90]R/P:[0xbb]o[0x81]4[0xbb]OQd [0x8d][0xfd][0x90]W("[0x8d][0xfd]P[0xe6][0x10]*[0xa5]vJ[0x17][0x1d]X[0x10][0x1e]]"PM[0x10]^[0xb5]@[0xc8][0x0]JS[0x17][0xd2][0x82][0x5][0x1c][0x91][0x8a]\*S:@f[0x81]4@FQ[0x12]@Z[0xc][0x80][0xc3][0xd9][0x4][0x2][0xe]i[0xe8][0x8c]2[0x87] [0xea];2[0x1d]Bi[0xc][0x9a] jJ[0xf2]\@[0xe9][0xb8][0xa0][0x5][0xe1]qA[0x2][0x91][0x81][0xb1][0xcb][0x87][0xd4]V[0x7][0xa5]+ ,L[0x10]E[\n]"
16:19:54.959 [main] DEBUG org.apache.http.wire -  << "[0x99][0x81][0x88][0xe8]FQ[0x94][0x9e][0x90][0xc6]7[0xc9]t[0x8][0xa5][0x9][0xd2][0x84][0xd2][0x4]I[0xe9]Z[0xe][0xb][0xa4]aUr6[0xcf]Z -[0xe5] /[0xc][0x91][0x6]Z[0xc9]4[0x0][0x91][0x9c](J[\r]H[0xab]?(3[0x7][0xd1][0xae]#[0xd3]C[0x88]TEV[0x94] [0xad][0xe9][0xa0][0xc8]#Hc[0xbc][0xe4]y[0x84][0xd2]Q][0xb]JGu-[0x90]Fu[0xc9][0xb]JDICf[0x10] [0x12][0x3]y[0xe][0xa0][0xb4][0x80]@[0x1a][0x14]&[0xcb][0x1][0x94][0xe][0xe9]Z [\r][0xe9][0x92][0xe7][0x0]D[0xf6]&/[\n]"
16:19:54.959 [main] DEBUG org.apache.http.wire -  << "[0x90]Ft[0xc9]s[0x0]";[0x92][0xe9][0x0]D[0x1c][0x92][0xe5][0x0]J[0x87]^-[0x90][0x86]^[0xc9]s[0x0][0x85]K#,,([0x8d]C[0xa4][0xc5]:[0xe4][0xf9][0x80][0xc2]([0xa0]t[0xf5][0x8e][0x5][0xd2][0xa0]%Y[0x1e][0xa0]t[0x90][0xd1][0x2]i[0x90][0x91]<[0x7] [\n]"
16:19:54.959 [main] DEBUG org.apache.http.wire -  << "[0xb2][0xe4][0xfc][0xbc][0x92][0xfc][0xc]][0xe8]fFl#Nn[0x89][0xc5][0x19][0x99][0xf9]y[0x89]I9[0xa9][0xc8]=[0x1a]KDN"l[0x6][0xa6][\n]"
16:19:54.959 [main] DEBUG org.apache.http.wire -  << "[0xa4][0xa1]3[0xa4]-,d[0xe5]IKJ[0x87][0xfc],)]od[0x89]4fH[0xa6][0x17][0x10]1B[0xa6][0x1][0x88]L[0x81]c[0xc6][0x17][0xff][0x14][0xb7]%[0xd2][0xb8]![0xe][0x3][0x90]b[0xdf][0x12]iT[0xf][0x87]jB[0xd6]![0xc6][0xf1]p[0x18][0x80]b[0x1d][0xa2][0xcc][0xc1][0xa1][0x9a][0x90]u[0x88][0xba][0x1f][0x87][0x1]([0xd6]![0xd2]6y[0xb1]A[0xe9][0xd8][0x95]%[0xa5]cW[0x96]H[0x3][0x89][0xe4]y[0x1]i[0xf0][0x8b]L[0x3][0x10]1L[0xa6][0x1][0x14][0xd6]T[0x96]H[0xc3]T8"[0x9d]@[0xaa]A[0x1a][0xa6][0xc2]a[0x0]r[0xaa]A[0xda][0x18]C[0x9e][0x87])[0x1d]$[0xb2]D[0x1a]$[0xc2][0xe1]^[0x2][0x1e]F:[0x14][0x6][0x87][0x1][0xc8][0x1e][0xc6]8[0xb2][0x85][0xc4][0xd1][0x7]KJ[0x7][0xa3],[0x8d][0x11][0x19][0x15][0x87]{[0x9]y[0x98]`[0xb1][0x89][0xec]a[0xa4][0x1][0x1f][0xf2][0xac]C[0x1a][0xf0][0xc1]a[0x0][0x8a]u[0x94]f[0x0]J[0x7]g,[0x91][0x96][0xa2][0x91][0x97][0xa4])[0x1d][0x95][0xb1][0xa4]t[0x83][0x8c]%[0xa5][0x83]*[0x96]HK[0xcd][0xc8][0xb][0x3]J[0x7]E,)[0xdd][0xb]c[0x89]4[0x1a]B[0xa6][0x17](m[0x9e] [0xad]h#[0xcf][0x5][0x94][0xe]?XR:[0xfc]`I[0xe9]^[0x13]KS[0x82]e[\r][0x81][0xc2][\n]"
16:19:54.959 [main] DEBUG org.apache.http.wire -  << "i,[0x88][0x88][0xd2][0x3]i[0xb8][0x84][0xcc] G4[0xba][0xc8]4[0x80][0xd2]T[0x83][0xb4];[0x87]z[0x8b]O-[0x91]FQ[0x8][0x99][0x8a]\[0x1a]#[\r][0x9e][0x10][0xd2]F[0xfc]JXKJ[0xcf]5[0xb1][0xa4]t[0x91][0x9c]%[0xd2][0x90][\n]"
16:19:54.959 [main] DEBUG org.apache.http.wire -  << "y[0xd1]L[0xe9][0xc2]9K[0xa4][0x85]sd[0xba][0x0][0x91][0xb3][0xc8]3[0x80][0xd2][0x15]u[0x96]H[0xc3]:[0xce][0x89])[0xb9][0xa5][0xc5][\n]"
16:19:54.959 [main] DEBUG org.apache.http.wire -  << "[0x1][0xa9]e[0xa9]E[0xa9]99[0x18]m"[0x8f][0xd2][0xb4][0xb4][0x9c][0xd4][0x82][0xd2][0xb4]4[0xe4][0xd4][0x85]4[0xac][0xe3]T[0x9a][0x9c][0x9d][0x94][0x9a][0x88]y`PpNeI[0x6][0xe8],D[0x14][0x8d][0x88]f[0xb6]{j~Qz[0xaa]BxjbqN*[0xe6][0xb9]R![0x19][0xa5]y)[0xa9]EI[0x99]E[0xc8][0xfb][0xb9]-)]Ig[0x89]4[0x9e]Cf[0xe8]#Zq[0xe4][0x19]@[0xe9]:6K[0xa4][0x11][0x1d]2]@iS[\r]iH[0x87]L[0x17] z[0xb8]d[0x1a]@ii[0x8d]4"D[0xd1]Ag[0x96]H[0x3]B[0x94][0x18]dl@[0xe1]b2c[0x3][0xa4][0x9d]l[0x1][0xa9]E[0x99][0x5][0x19][0xa9]E[0x89]9[\n]"
16:19:54.959 [main] DEBUG org.apache.http.wire -  << "8*_[0xdf][0xfc][0xd2][0xe2]T[0x1d][0x5][0xef][0xd4][0xca][0xa4][0xfc][0xc4][0xa2][0x14][0x1d][0x5][0x8f][0xd4][0xc4][0x94][0x82][0x8c][0xfc][0xbc]T[0x5][0xd7][0x10]gD[0x9e]56[0xa0]p[0xbc][0xc9][0xd8][0x80][0xc2][0xfd]m[0xc6][0x6][0x14][0xe]X[0x19][0x1b][0x18]P[0x96][0xdc][0x8c][\r][0x90][0xce]Z!'[0xbd][0x1a][0x1b] [\r]X[0x91]i[0x0][0xe2][0x94][0x7]2[\r]@dz[0x1c]I[0x2]o[0x83][0xce][0xd8][0x80][0xf0][0x96]7[0xe4]T[0x83]tj[\n]"
16:19:54.959 [main] DEBUG org.apache.http.wire -  << "[0x99][0xee][0xa5][0xac][0x9a]46@[0x1a]T"[0xcf][0xc3]H[0x83]J8[0xc]@[0xf6]0[0xd2][0xb2]'[0xf2]<[0x8c]t[0x10]p[0x1a][0xce]C[0xad]Ql[0xa4][0xac][0xc]46[0xa0]p[0xc][0xc8][0xd8][0x80][0xc2]1 c[0x3][0xa4]1 j[0x16]YH#C[0xe4][0xc5][0x85]1"[0xb3][0x90]i[0x0]e[0xdd][0x11]c[0x3][\n]"
16:19:54.959 [main] DEBUG org.apache.http.wire -  << "G[0x9b][0x8c][\r][0x90][0x96]>[0x91][0xe9][0x5][0xca][0x1a]:[0xc6][0x6][0xc6][0x94][0xe6]`[\n]"
16:19:54.959 [main] DEBUG org.apache.http.wire -  << "[0xd7]<[0x19][0x1b] [0x8d]`[0x91][0x17][0x6][0x14][0xae]826[0xa0]pL[0xca][0xd8][0x80][0xc2]!%c[0x3][\n]"
16:19:54.959 [main] DEBUG org.apache.http.wire -  << "[0x87][0x94][0x8c][\r][0x90][0xd6][0xe9][0x90][0x17][0x88][0x14].[0xd4]16[0xa0]pH[0xc9][0xd8][0x0][0xe9][0xf4][0x13]2[0xbd]@iRF[0x1a][\r]![0xcf][0x5][0x14][0xe])[0x19][0x1b]P8[0xc2]bl@[0xe1][0x90][0x92][0xb1][0x1][0xd2]I[0xb3][0xe4][0x85][0x1][0xd2]X[0x8][0x99][0x6] [0x16][0xac][0x93]i[0x0][0xa2][0xff]J[0xa6][0x1][0x94]V,[0x14][0x8e][0xa0][0x18][0x1b]P8~al`Ni^@[0x1a]~[0xc0][0xd1][0xae]"[0xd0][0x12]E[0x1a]~[0xc0]a[0x0]r3[0x9]i[0xc8][0x0][0x87]jB[0xd6]![0xea]r[0x1c][0x6][0xa0]X[0x87]h[0x95][0xc1][0xb7][0x8b]b[0xc][0xab][0xc0]e06[0x92][0x1a][0x1b]X [0xc2][0x17][0xae][0x8c]$[0x3](\2bl[0x80][0xb4]M[0x8d][0xbc]TN[0xe1][0xf8][0x80][0xb1][0x1][0xd2]N12][0x80][0x8]D[0xb2][0xc]0$[0xdc][0x1b]G[0x8a]tCJ[0xbb][0xb8][0x86][0x84][0xbb][0xb8]([0xd6]Q[0xea];[\n]"
16:19:54.959 [main] DEBUG org.apache.http.wire -  << "7J[0x19][0x1b]"[0x1d][0xa0]B^[0xf8]"[0xf5]&]<[0x9d][0xfd][0x9d][0x1c][0x15]"[0x1d]=0[0x92][0xb9]c[0x80][0xa7]B[0xb8][0x90]w0[0xb2][0xef])[0xdc][0xed]cl[0x88][0xb4][0xdb][0x87]d[0xbb])[\r]y[0xa4]^)y[0x1]G[0xe1][0xfe][0x1c]cC[0xa4]~&[0x99].[0xa0]p4[0xc5][0x10]i[0xa5][0x2][0x99]. [0xa2]k[0x2][0x0][0x0][0x0][0xff][0xff]"
16:19:54.959 [main] DEBUG org.apache.http.wire -  << "[\r][\n]"
16:19:54.959 [main] DEBUG org.apache.http.wire -  << "9F8[\r][\n]"
16:19:54.959 [main] DEBUG org.apache.http.wire -  << "[0xc2]s[0xf9][0x93][0xb1]![0xe1][0xfd]0[0x84][0xc] [0xd8][0x92]@N[0xb1]Hk[0xf]|S[0xf3][0xcb][0xb1][0x9c][0xed][0xe7][0x9b]X[0x91][0x99][0x9b][\n]"
16:19:54.959 [main] DEBUG org.apache.http.wire -  << ":gO!73[0xaf][0xb4]X!3[0x5]|[\n]"
16:19:54.959 [main] DEBUG org.apache.http.wire -  << "_fAqb[0xae]BY~NiAIbIj[0xae]BqfnfNfai*[0xd2]i|[0xc6][0x86][0x94][0xf6][0x16][\r][0x9][0xf7][0x16][0x91][0xfd][0x83][0xb4][0xb4][0x80][0xbc][0x8]$[0xdc]1C[0xb1][0x8e][0xd2][0x4]Gxb[0x1f][0xd9]:J;<[0x86][0x14]N[0xc2][0x1b][0x1b]R[0xda]c2$<[0x8b][0x8f][0xe2]aJ[0xb3][0x13][0xd2]d1[0x8e][0xf4][0x80]l[0x1d][0xa5]=[0x11]C[0xa4][0x9e][0x8][0xa9][0xe5]7[0x85]G[0x9d][0x18][0x1b]"[0xcd][0xf2][0xe2][0xf0]*[0x81][0x92][0x83][0xc2][0xa3]N[0x8c][\r][0x91][0xa6]v[0xc9]t[0x1][0x85][0x9d][0x18]C[0xc2][0xd3][0xc0][0xc8][0xd1][0x8d][0xd4][0xe1][0xc0][0xd1]|[0xc6][0xdf][0xfe]6D[0xea]p[0xe0]0[0x0][0xd9]:J{[0x17][0x86]$[0xf5].[0xc])[0xed]][0x18]"[0xad]P'[0xc6]w[0x88][0xde][0x5][0xe][0xd5][0x4][0x2][0x13][0xe9][0x18][0xe][0x1c][0x6] [0x7]&[0xd2]\%[0xe][0xd5][0x4][0xac]C[0xea][0x8b][0xe0]0[0x0][0xc5]:D[0xca][0xc4][0xa1][0x9a][0x90]u[0x88][0xee]5[0xe][0x3]P[0xac]C[0xd4]+[0x14]\[0xa1]cl[0x88][0xd4][[0xc1]a+!g#[\n]"
16:19:54.959 [main] DEBUG org.apache.http.wire -  << "`[0x1c][0x6] 9[0xdb][0x8][0xa9]k[0x82]C5~[0xeb][0x8c][0x90][0x96][0xa0][0xe3]0[0x0][0xc5]:[\n]"
16:19:54.959 [main] DEBUG org.apache.http.wire -  << "#[0xc5][0x8][0xa9]sD[0x8c]u[0x88]H[0xc1][0xa1][0x9a][0x90][0xef][0x8]f[0x11][0x14][0xdf]![0x1a][0xf4][0xe4]Y[0x87]4[0xb3][0x87][0xc3][0x0]d[0xeb](\[0x8a]nl[0x84][0xd4][0xf1]"[0xc6]:[0xc4][0xd0][0x5]Yu[0x85][0x11][0xd2]4[0x1e][0xe][0xeb][0x8][0xc4][0x6]R_[0xb][0x87][0x1][0xc8][0xc1][0x83][0xb4][0x92][0x1c][0x87]j[0x2][0xd6]!u[0xaf]p[0x18][0x80]b[0x1d]"i''f[0xa7][0x1a]a[0xf4]?A[0xa2][\n]"
16:19:54.959 [main] DEBUG org.apache.http.wire -  << "9[0x89][0x5][0x99]HW[0xc7][0x1a][0x1b]!M[0xf5][0x91]5Bc[0x84][0xb4][0xd6][0x9b]L[0x3][0x10][0x5][0x6]y[0xf1][0x8a][0xd4][0x1][\n]"
16:19:54.959 [main] DEBUG org.apache.http.wire -  << "[0xce][0xce][0xcc]KN[0xc4]r[0x81].LB[0xa1]$[0xb5]()13[[0xa1]4[0xaf][0xa4]4[!7[0xb5]([0xb1]<[0xb1]D[0xa1]<1+[0x11][0xe9][0xa4]/c#Jg[0x3][0x8d]([0x9d][0xb6]3[0xa2][0xb4][0x1b]dD[0xb8][0x1b][0x84][0xbf]ug[0x84][0xb4][0xc6][0x9b][0xcc][0x88]A[0x94]G[0xe4][0x19]@[0xe9][0xa4][0x99][0x11][0xa5][0x9d];#[0xa4]}[0xfe][\n]"
16:19:54.959 [main] DEBUG org.apache.http.wire -  << "[0x18]9[0x8a]@[0xf8]Q:_fD[0xb8][0xab]G[0xc8][0x5][0x88][0x8][0x80]e[0x0][0xc]O[0xc0]$[0x88][0xcd][0x19]Hsp[0xe4][0x9c][0xb7]dlD[0xb8]K[0x9a][0xe][0xba][0xe][0x1b][0xbe]O[0xcd][0xd8][0x88][0xd2]>[0xa8][0x11]R[0x17][0x12][0xe6]][0xca][0xc3][0x1]Q[0x1d]Q[0xcf]LD{[0x81]zf"[0x9a][0x10][0xd4]3[0x13]QdS[0xcf]LDZ-(6[0xc5][0x88][0x1e][0x2])[0x9d][0xd2]9I#[\n]"
16:19:54.959 [main] DEBUG org.apache.http.wire -  << "[0xb7][0xe9][0x1b][0x1b]!Mj[0xe2][0xa8][0xad][0xa1][0x8b][0x97][0x91]+m[\n]"
16:19:54.959 [main] DEBUG org.apache.http.wire -  << "[0xd7][0xc6][0x1b][0x1b]![0x8d]?[0x90][0xb1]![0xd5][0xd8][0x88][0xd2]1[0x4]#J'B[0x8d][0x90][0x6]![0xc8][0xf2][0x1][0xd2][0x18][0x4][0xf1][0xe1][0x8e]4[0xee]@[0x82]&D[0xb][0x8b][0x4]M[0x88]^[0x1c]yu [0xd2]$)y[0xe1][0x83][0xc8][0xff]d:[0x0][0x91][0xd9][0xc9]r[0x0][0x85]K[0xbc][0x8d][0x8d][0x90]FA[0xc8]s[0x0][0xc1]x#[0xd0][0x10]'<.[0x82][0x9c][0xa7])\[0x95]ml[0x84]t[0x19]&y[0xfe]E[0x94][0xa4][0xe4][0xc5]8[0xd2]H[0x9]Y[0xe][0xa0]pQ[0xb7][0xb1][0x11][0xd2][0xa4][0xad]k^IjQIbf^nj[0x1e][0xe6]1[0xc2][0x5][0xf9]9[0x99][0xc9][0xa9][\n]"
16:19:54.959 [main] DEBUG org.apache.http.wire -  << "[0xf9]ii[0x99][0xc9][0xa9]E[0xc8][0xb1]`[0x89][0xc8]w[0xce][0xf9][0xb9][0x5][0xa5]%[0xa9]E[\n]"
16:19:54.959 [main] DEBUG org.apache.http.wire -  << "[0xc1][0xf9]i%[0xe5][0xd8]z[0x7]X[0xee][0xa8]36B[0x9a][0xf8][\r](M[0xca][0xc9]LV[0x0]]g[0x94][0x8c][0xb9][0xbc]?9#5[0x17][0xe5]~;c#[0xc2]g[0x89][0x12][0xa8][0xcf][0x90][0x86]a[0xc8][0x8c]CD[0xae]u[0x6][0xb9]/91[0x7][0xf3]n[0xbe][0xe2][0xd4][0xe4][0xa2][0xd4][0x92][0xc4][0xa2]J[0x94][0x90][0xa3]0[0xf9][0x18]#[0x8d][0xe9][0xb8][0xa4][0x16]g[0xa6]c[0xde][0xce][0x98]TZ[0x9c][0x99][0x97]Z\[0x9c][0x9b][0x98][0x87]d[0xb3]1[0xd2]X[0xe][0xb5][0x9a][0x15][0xc6]H[0xb][0xc9][0xdd]J[0xf3]Rt[0x83][0x12]3[0x8b]3[0xb1][0x1c][0xa9][0x9d]WZT[0x8c]t[0xcc][0x82][0xb1]1[0xd2]R[0xf1][0x80][0xa2][0xcc][0xbc][0x12]l[0x9a][0xd2][0x12][0x93]K@wU[0x97][0xe7][0x17]e[0xa3]$?c[0xa4]q"[0xc7][0xa2][0x92]b[0x85][0xc4][0xbc][0x14][0x5][0xe7][0xa2][0xc4][0xb4][0x12][0xcc]HH[0xcd]K[0xcf][0xcc]KE[0xd3]N[0xfd][0xc6][0xa5]1[0xd2][0xc2][0xf1][0xf0][0xcc][0xbc]T[0xb0][0x93][0x82][0xb]2[0x8b]2[0xb1][0xb8])'[0xb1][0xbc][0x12][0xcd]E[0x88][0xf4][0x14][0x92][0x9a][0x93][0x9a][0x9c][0x9f][0x9b][[0x9a][0x97][0x99][0x9c]X[0x92][0x99][0x9f][0x87][0xe9][0xa7]d[0xd0][0xd1][0x15]h[0x6] [0x92][0x15][0xd5]"[0x17]i[0xbc][0x8a][0xac]\b[0x8c][0xb4]v [0xb4]$3'[0xb3][0x4][0xdb]9[0x1c][0xa9][0xc9][0xf9]y[0xf9]h9[0xdc][0x18]i[0xec][0x8a]L[0xab][0x11][0x5][0x14][0xf5][0xc2][0x3][0x91]l[0xfc]R[0xcb][0x8b][0xb][0x12][0xb]R[0x8b]0#'[0xa9]43'[0x5]5r[0x90][0x86][0xc6]\sR[0x93]K[0x8a]2[0x93][0x13]s[0x14][0xf4][0x15] [0x9c][0xfc][0xbc][0xcc]d[0x5][0xdf][0xc4][0xbc]RPz/-[0xc2][0x96][0x13][0x92]3R[0x91]vU[0x19][0x1b]#[\r][0x95]Q[0xcf]w[0x88][0x14][0xe4][0x9e]_[0x96]Z[0x4][0xae][0x12][0x14][0x1c]Sr3[0xf3]2[0x8b]K[0x8a][0xc0]I[0x11][0xa3][0xdf][0x90][0x9b][0x9a][0x9c][0x91][0x98][0x97][0x99][0x8c]\[0xce] [\r][0xac]y[0x82][0xaa][0x97]<[0xb0][0xd6][0xc4][0x1c][0x85][0x90][0xa2][0xc4][0x14]H[0xc6]pI-K[0xcd][0xc9]/[0xc0]Z[0xe9][0x14][0xa5][0x82][0xae][0xa9][0xcb][0xcc][0x7][0xd9][0x8a]b,b[[0x3][0xd5][0xfc]L[0xe9][\n]"
16:19:54.959 [main] DEBUG org.apache.http.wire -  << "[0x9]cJWH[0x18]#[0x8d][0xef][0x91][0x97][0xd0])]!aL[0xe1][0x91][0xa3][0xc6][0xc6][0x94][0xee][\r]0F[0x1a]a$/[0xc]([0x1d]N4F[0xda]\@[0xa6][0xb][0x10][0x8d]`2[\r]@[0x94]Wd[0x1a][0x80]([0x9c][0xc8]4[0x0]1:B[0xa6][0x1][0x14]v[0x85][0x8c][0x91]FD[0xf3][0xf2][0x15]p8"/[0xbf][0x4]|}[0x4][0x96]S[0xf3][0x8d][0x8d])[0xdd]G`L[0xe9][0x90][0xa8]1[0xd2][0x90]([0xe6][0x88][0xa6][0x2]ry[0x86]4[0xf6]I[0xf9][0x89][0xdf][0xc6][0xc6]H[0xfb][0xf][0x8]Y[0x8c]H)[0x98]*Q\[0x88]H[0x11]Tq!"}P[0xc5]8D[0x93][0x89]*[0xc6]![0xaa]?j[0x18][0x87]4[0x8e][0x8b]#![0xe3][0xef][0xa2][0x18]#[0x8d][0xe3]R[0xad][0xba]C[0x1a][0xe9][0xc5]1[0xc4][0x82][0xbf][0xab]n[0x8c][0xb4][0xda][0x8][0x87][0x1][0xc8][0xe9][0x87][0xd2][0xcd][0x18][0xc6][0x14][0x9e][0xef]al[0x8c][0xb4][0x9b][0x3]3[0xa9][0xa3][0xe4]F[0xa4][0x83]<[0x8][0xa9]D$[0x14][0x2]*[0x91]FM[0xa9][0x16][0x85]H[0xe3][0xa0][0xd4]3[0x13]QyQ[0xcf]LD}F[0xd6][0xbc][0xa5]1[0xd2][0xca]-2[\r]@[0x94][0xf][0xe4][0xe5]@[0xa4][0xa1]S[0x8a][0xb6]k[0x1b]#[0x9d].[0x8a]#[0xd7][0x10][0xc8]vH[0xab][0xa8]p[0x18][0x80][0x9c][0xed](<[0xb7][0xc2][0xd8][0x18]i[0x19][0x16]y![0x87]4&I[0xe2]%P[0xc6][0xc6]H[0xc3][0x91][0xa4][0xeb]Et[0x11][0xc8]t8"'[0x90]i[0x0]"[0xd9][0x93][0xb8][0xde][0xd0][0x18]iu[0x17][0xc9]Z[0x11][0x15]5[0xc9]Z[0x11][0xb9][0x84]d[0xad][0x88][0x82][0x90]T[0xad]HC[0xa0]$kE,[0xa7][0xc6][0x91][0x17][0x8]d&[0xa4][0xe1]S[0x1c][0x6] g&[0xa4][0x81]N[0x1c][0xaa][0x9]Y[0x87]hm[0xe1]0[0x0][0xc5]:D[0x1b][0x9][0x87]jB[0xd6]![0xe2][0x13][0x87][0x1]H[0xd6][0x99] [0x8d]%[0xe2]P[0x8d][0xdf]:[0x13][0xa4]1E[0x1c][0x6][0xa0]X[0x87][0xc8]^8T[0x13][0xb2][0xe][0x91][0xbd]p[0x18][0x80]b[0x1d]"[[0x90][0x95][0x9b]M[0x90][0xce]r[0xc0]a[0x1d]![0xf7]"[0xb2][0x8][0xe][0x3][0x90][0xdd][0x8b]4\F[0x9e]{[0x91]F[0xcd]H[0xcc]V&[0x86][0x88][0x90]%[0xd3]nD`S[0xb2]B[0xd2][0x4]i[0xac][0x8c]2s[0x10][0x19][0x81]<[0xf]!-0[0xa3][0xc8]!H[0xc3]a[0x94][0x99][0x83][0xa8][0xdc]p[0xa4]%[0x2][0x89][0x11]i[0xb0][0xb][0x87][0x1][0xc8][0x89][0x11]id[0xb][0x87]jB[0xd6]![0x12][0x4][0xe][0x3]P[0xac]CD[0x17][0xe][0xd5][0x84][0xac]#)[0xab]![0x8d][0x18][0x91]g[0x1d][0xd2][0x88][0x11][0xe][0x3][0x90]}[0x87]tH[0x4][0xe][0xd5][0x4]|[0x87][0xb4]-[0x8][0x87][0x1]([0xd6]!j[0x11]H[0xda]'[0xf1][0x8e]Sc[0x13][0xa4][0xa1][0x18][0xd0][0xba][\n]"
16:19:54.959 [main] DEBUG org.apache.http.wire -  << ",[0x17][0xb6]![0xdb]G[0xe9][0xa8][0x89][0x9][0xd2][0xa8][0x9][0xc4][0xc1][0x18][0x3][0xcd][0xf8]{[0xcb]&$[0xed][0x12]2[0xa1]t[0xe9][0x98][0x9][0xe1][0xa5]c[0xc8][0xc1][0x83][0xd4][0x95]'[0xcf]wH[0xfd]v[0x1c][0x6][0xa0]X[0x87][0xc8]x8T[0x13][0x8]L[0xa4]^3[0x99][0x6] 23[0xe][0x3][0x90][0xdd][0x8b][0xd4][0xa5][0xc5][0xa1][0x9a][0x80]{[0x9]/[0xf3]A[0xb1][0xe]=s[0x90][0x9a][0xd6][0x90][0xd6][0xe4]P[0xab][0xbb]l[0x82][0xd4][0xd7]$/[0xc](=[0xf0][0xc0][0x84][0xf0]B[0x1f][0x2]E[0x14][0xe1]E?[0xc8][0xb1][0x80][0xd4][0xa5][0xa5]Z "[0xad][0xe5]!3[0x10])[0xcd]9H]o[0xea][0xf9][0x8a]`f"[0x90]=[0x90]6E[0x91][0x17],H[0xdd]y[0xaa][0xf9][\n]"
16:19:54.959 [main] DEBUG org.apache.http.wire -  << "[0xa9][0x9b]O[0xa6][0xa3][0x10][0xcd]!2[\r]@tF[0xa8][0xe7]+D+[0x1a]G5M [0x13]![\r][0x2][0x90][0xe9]+D[0x12]&gq[0x91][0x9][0xd2][0xa6]/2[0x1d][0x80]h[0x87][0x91]g[0x0][0xd2][0xd8][0x0][0x99][0x6] F[0x8][0xc8]4[0x80][0xd2][0xa4][0x85][0xb4][0xc0][0x8a][0xbc]d@[0xe9][0xa8][0x83][0x9][0xd2][0xea]*[0x1c].@.[0x8c][0x91][0x96]C[0xe1]PM [0xd9]"[0x1d][0x91][0x89][0xc3][0x0]$[0xeb]L[0x91]F[0x1d][0xc8][0x8a] S[0xa4]Q[0x7]2[\r]@[0xc4]0[0xe][0xf7][0xe2][0xf7][0xb0])[0xd2][0xf2]%[0xe7][0x8c][0xc4][0xa2][0xdc][0xd4][0x9c][0xd4]|[0xcc][0x85]X[0xa1]y)[0xa9][\n]"
16:19:54.959 [main] DEBUG org.apache.http.wire -  << "[0xf9][0xc9][0xc9][0x89][0xa9][0xa0][0x95]<[\n]"
16:19:54.959 [main] DEBUG org.apache.http.wire -  << "[0x89]E[0xc9][0x19][0x99]%[0xa9][0xc9]%[0xf9][0xc8];[0xf2]M[0x91][0x16]3[0x91][0xe9][0x18][0x82]CL[0x84]|[0x83](4[0xc8][0xc]O[\n]"
16:19:54.959 [main] DEBUG org.apache.http.wire -  << "[0xdb]T[0xa6]H#-T[0x98]}3[0xa5][0xf0][0x9a]`cS[0xa4][0xa5]O[0xe4][0x14][0xa3][0xa6][0x94]n[0xde]3E[0x1a][0xca]!/Q [\r][0xe8][0x90]i[0x0]"UQ4[0xfd]a[0x8a]t[0x8][0xb][0x85][0x6]Q[0x9a][0xca][0x90][0x96]M[0x91][0x97][0xce][0x91][0xee][0xbf]!/P[0x91][0x6][0x95][0xc8]4[0x0]Q[0xb9][0x91]i[0x0][0xa5]E[0x1f][0xe1]a$[0x2][0xa5][\r][0xd2][0x9e]H[0xd2][0xb7][0xa2][0x98]"[0x8d]K[0x15][0x14][0x1b][0x92][0xd8]w3EZnEf[0xf0]![0xd2] [0xe][0x3][0x90]k:[0xa4][0xa5]Q8T[0x13][0x8]+[0xa4][0xa5]Q8[0xc]@[0xb6][0x8e][0xf0][0xa0][0x14]![0xeb][0x10]m[0xe2][0xb4][0xcc][0x9c]\[0x85][0xc4][0xbc][0xc4]l0[0x81][0x11][0xce][0xb9][0xa9][0xc5][0xd9][0x99][0x5][0xa5]y[\n]"
16:19:54.959 [main] DEBUG org.apache.http.wire -  << "[0xa8][0xea]t[0x14][0xf2][0x8b]JJ[0x15]2[0x12][0x8b]J[0x8b][0x15]JRK[0x12][0xb][0x14]R[0x12]s[0xb]2[0xf3][0xd2]3[0x15][0x90][0x97]A[0x9b]R:"fJ[0xd2][0x88][0x98])[0xd2]nMT[0x7]S[0xdf]c[0x88][0xee][0x1a][0x8e][0x18]#[0x14][0x7][0x88][0x6]4[0xe][0x3][0x90][0xa3][0x1c]i[0xe4][0x8c][0xc6][0x1e]C[0x1a]b[0xa3][0xb5]MtK[0x85]H[0x8b][0xa6]p[0x84]5[0x81][0xc8]B[0xba][0x89][0x8][0x87][0x1]([0x91]E[0xb0][0xf0] d[0x1d][0xc1][0xc4][0x85]l[0x1d][0xd2][0x1a]$[0x1c][0x8e]#`[0x1d][0xd2][0xc0]%[0xe][0x3]P[0xac]CD[0x1b][0xe][0xd5][0x84][0xac]#[0xd8]{F[0xb1][0xe][0xd1]h[0xa5]qzD[0x1a][0xf][0xa5][0xb5]M[0x4][0xe3][0x97]P[0x10][0x12],<[0x8][0x18][0x80][0xb4]f[0x89][0xc6]~E[0xda][0x12]Jk[0x9b][0x10]M[0x1e]Z[0xdb][0x84][0xc8][0x2][0xd4][0xe8][0xc6] m?%/G[0x99]![0xda][0xf0]d[0x1a][0x80][0xc8]d8[0xc]@[0xce][0x92]H#[0xe3][0xb4][0xe]hJ[0xd3]9[0xd2]x9[0x11][0x1e]C[0x1a][0xdb][0xa6][0xb1][0xc7][0x90][0xd6][0x8a][0xd1][0xda]&[0x82][0xa5]-[0x81][0xa2][0x2]i[0xb8][0x1d]g[0x10][0xc6][0xd6]r[0x1][0x0][0x0][0x0][0xff][0xff]"
16:19:54.959 [main] DEBUG org.apache.http.wire -  << "[\r][\n]"
16:19:54.959 [main] DEBUG org.apache.http.wire -  << "A[\r][\n]"
16:19:54.959 [main] DEBUG org.apache.http.wire -  << "[0x3][0x0][0xe7]v[0x83][0x80][0x94][0xbb][0x0][0x0]"
16:19:54.959 [main] DEBUG org.apache.http.wire -  << "[\r][\n]"
16:19:54.960 [main] DEBUG org.apache.http.wire -  << "0[\r][\n]"
16:19:54.960 [main] DEBUG org.apache.http.wire -  << "[\r][\n]"
16:19:54.960 [main] DEBUG io.restassured.internal.RestAssuredHttpBuilder - Parsed data to instance of: class org.apache.http.conn.EofSensorInputStream
16:19:54.961 [main] DEBUG org.apache.http.impl.conn.BasicClientConnectionManager - Releasing connection org.apache.http.impl.conn.ManagedClientConnectionImpl@f310675
16:19:54.961 [main] DEBUG org.apache.http.impl.conn.BasicClientConnectionManager - Connection can be kept alive indefinitely
16:19:54.970 [Finalizer] DEBUG org.apache.http.impl.conn.DefaultClientConnection - Connection 0.0.0.0:53879<->149.248.193.56:443 closed
16:19:54.970 [Finalizer] DEBUG org.apache.http.impl.conn.DefaultClientConnection - Connection 0.0.0.0:53880<->149.248.193.56:443 closed
16:19:54.970 [Finalizer] DEBUG org.apache.http.impl.conn.DefaultClientConnection - Connection 0.0.0.0:53881<->149.248.193.56:443 closed
16:19:54.971 [Finalizer] DEBUG org.apache.http.impl.conn.DefaultClientConnection - Connection 0.0.0.0:53884<->149.248.193.56:443 closed
16:19:54.971 [Finalizer] DEBUG org.apache.http.impl.conn.DefaultClientConnection - Connection 0.0.0.0:53886<->149.248.193.56:443 closed
16:19:54.972 [Finalizer] DEBUG org.apache.http.impl.conn.DefaultClientConnection - Connection 0.0.0.0:53887<->149.248.193.56:443 closed
16:19:54.972 [Finalizer] DEBUG org.apache.http.impl.conn.DefaultClientConnection - Connection 0.0.0.0:53888<->149.248.193.56:443 closed
16:19:54.973 [Finalizer] DEBUG org.apache.http.impl.conn.DefaultClientConnection - Connection 0.0.0.0:53889<->149.248.193.56:443 closed
16:19:54.996 [main] DEBUG net.thucydides.core.steps.StepInterceptor - STEP DONE: I send GET HTTP request categories
  &amp#27;[32mWhen &amp#27;[0m&amp#27;[32mI send GET HTTP request categories&amp#27;[0m                &amp#27;[90m# starter.stepdefinitions.CategoriesSteps.sentGetHttpRequestCategories()&amp#27;[0m
16:19:55.002 [main] DEBUG net.thucydides.core.steps.StepInterceptor - STARTING STEP: CategoriesSteps.receiveValidHttp200Categories - I receive valid HTTP response code 200 categories
16:19:55.002 [main] DEBUG net.thucydides.core.steps.StepInterceptor - STEP DONE: I receive valid HTTP response code 200 categories
  &amp#27;[32mThen &amp#27;[0m&amp#27;[32mI receive valid HTTP response code 200 categories&amp#27;[0m &amp#27;[90m# starter.stepdefinitions.CategoriesSteps.receiveValidHttp200Categories()&amp#27;[0m
16:19:55.005 [main] INFO  - 
  _____   ___   ___   _____     ___     _     ___   ___   ___   ___  
 |_   _| | __| / __| |_   _|   | _ \   /_\   / __| / __| | __| |   \ 
   | |   | _|  \__ \   | |     |  _/  / _ \  \__ \ \__ \ | _|  | |) |
   |_|   |___| |___/   |_|     |_|   /_/ \_\ |___/ |___/ |___| |___/ 

GET - Get list all categories
----------------------------------------------------------------------
]]></system-out>
  </testcase>
  <testcase name="GET - Get categories by ID" classname="Categories" time="0.306">
    <system-out><![CDATA[
Scenario: GET - Get categories by ID                     &amp#27;[90m# src/test/resources/features/4. Categories.feature:27&amp#27;[0m
16:19:55.012 [main] DEBUG io.cucumber.core.plugin.SerenityReporter - Running feature from file:///C:/Users/WINDOWS%2010/Documents/GitHub/MiniProject_QE/API/minpro/src/test/resources/features/4.%20Categories.feature
16:19:55.016 [main] INFO  - 
  _____   ___   ___   _____     ___   _____     _     ___   _____   ___   ___  
 |_   _| | __| / __| |_   _|   / __| |_   _|   /_\   | _ \ |_   _| | __| |   \ 
   | |   | _|  \__ \   | |     \__ \   | |    / _ \  |   /   | |   | _|  | |) |
   |_|   |___| |___/   |_|     |___/   |_|   /_/ \_\ |_|_\   |_|   |___| |___/ 

GET - Get categories by ID(categories;get---get-categories-by-id)
--------------------------------------------------------------------------------
16:19:55.039 [main] DEBUG net.thucydides.core.steps.StepInterceptor - STARTING STEP: CategoriesSteps.setGetApiEndpoints - I set GET api endpoints categories
16:19:55.039 [main] DEBUG net.thucydides.core.steps.StepInterceptor - STEP DONE: I set GET api endpoints categories
  &amp#27;[32mGiven &amp#27;[0m&amp#27;[32mI set GET api endpoints categories&amp#27;[0m               &amp#27;[90m# starter.stepdefinitions.CategoriesSteps.setGetApiEndpoints()&amp#27;[0m
16:19:55.064 [main] DEBUG net.thucydides.core.steps.StepInterceptor - STARTING STEP: CategoriesSteps.sendGetHttpRequestCategories2 - I send GET HTTP request categories2
16:19:55.067 [main] DEBUG net.thucydides.core.steps.StepInterceptor - STARTING STEP: Categories.sendGetHttpRequestCategories2 - I set GET api endpoints categories
16:19:55.067 [main] DEBUG net.thucydides.core.steps.StepInterceptor - STEP DONE: I set GET api endpoints categories
16:19:55.085 [main] DEBUG org.apache.http.impl.conn.BasicClientConnectionManager - Get connection for route {s}->https://altashop-api.fly.dev:443
16:19:55.086 [main] DEBUG org.apache.http.impl.conn.DefaultClientConnectionOperator - Connecting to altashop-api.fly.dev:443
16:19:55.207 [main] DEBUG org.apache.http.client.protocol.RequestAddCookies - CookieSpec selected: ignoreCookies
16:19:55.207 [main] DEBUG org.apache.http.client.protocol.RequestAuthCache - Auth cache not set in the context
16:19:55.207 [main] DEBUG org.apache.http.client.protocol.RequestTargetAuthentication - Target auth state: UNCHALLENGED
16:19:55.207 [main] DEBUG org.apache.http.client.protocol.RequestProxyAuthentication - Proxy auth state: UNCHALLENGED
16:19:55.207 [main] DEBUG org.apache.http.impl.client.DefaultHttpClient - Attempt 1 to execute request
16:19:55.207 [main] DEBUG org.apache.http.impl.conn.DefaultClientConnection - Sending request: GET /api/categories HTTP/1.1
16:19:55.207 [main] DEBUG org.apache.http.wire -  >> "GET /api/categories HTTP/1.1[\r][\n]"
16:19:55.208 [main] DEBUG org.apache.http.wire -  >> "Accept: */*[\r][\n]"
16:19:55.208 [main] DEBUG org.apache.http.wire -  >> "Host: altashop-api.fly.dev[\r][\n]"
16:19:55.208 [main] DEBUG org.apache.http.wire -  >> "Connection: Keep-Alive[\r][\n]"
16:19:55.208 [main] DEBUG org.apache.http.wire -  >> "User-Agent: Apache-HttpClient/4.5.13 (Java/15)[\r][\n]"
16:19:55.208 [main] DEBUG org.apache.http.wire -  >> "Accept-Encoding: gzip,deflate[\r][\n]"
16:19:55.208 [main] DEBUG org.apache.http.wire -  >> "[\r][\n]"
16:19:55.208 [main] DEBUG org.apache.http.headers - >> GET /api/categories HTTP/1.1
16:19:55.208 [main] DEBUG org.apache.http.headers - >> Accept: */*
16:19:55.208 [main] DEBUG org.apache.http.headers - >> Host: altashop-api.fly.dev
16:19:55.208 [main] DEBUG org.apache.http.headers - >> Connection: Keep-Alive
16:19:55.208 [main] DEBUG org.apache.http.headers - >> User-Agent: Apache-HttpClient/4.5.13 (Java/15)
16:19:55.208 [main] DEBUG org.apache.http.headers - >> Accept-Encoding: gzip,deflate
16:19:55.283 [main] DEBUG org.apache.http.wire -  << "HTTP/1.1 200 OK[\r][\n]"
16:19:55.283 [main] DEBUG org.apache.http.wire -  << "content-type: application/json[\r][\n]"
16:19:55.283 [main] DEBUG org.apache.http.wire -  << "date: Mon, 08 May 2023 09:19:56 GMT[\r][\n]"
16:19:55.283 [main] DEBUG org.apache.http.wire -  << "transfer-encoding: chunked[\r][\n]"
16:19:55.283 [main] DEBUG org.apache.http.wire -  << "content-encoding: gzip[\r][\n]"
16:19:55.283 [main] DEBUG org.apache.http.wire -  << "server: Fly/3f2597ca (2023-05-03)[\r][\n]"
16:19:55.283 [main] DEBUG org.apache.http.wire -  << "via: 1.1 fly.io[\r][\n]"
16:19:55.283 [main] DEBUG org.apache.http.wire -  << "fly-request-id: 01GZXAJ4DEMZ4166AAY5AQ1F1G-sin[\r][\n]"
16:19:55.283 [main] DEBUG org.apache.http.wire -  << "[\r][\n]"
16:19:55.283 [main] DEBUG org.apache.http.impl.conn.DefaultClientConnection - Receiving response: HTTP/1.1 200 OK
16:19:55.283 [main] DEBUG org.apache.http.headers - << HTTP/1.1 200 OK
16:19:55.283 [main] DEBUG org.apache.http.headers - << content-type: application/json
16:19:55.283 [main] DEBUG org.apache.http.headers - << date: Mon, 08 May 2023 09:19:56 GMT
16:19:55.283 [main] DEBUG org.apache.http.headers - << transfer-encoding: chunked
16:19:55.283 [main] DEBUG org.apache.http.headers - << content-encoding: gzip
16:19:55.283 [main] DEBUG org.apache.http.headers - << server: Fly/3f2597ca (2023-05-03)
16:19:55.283 [main] DEBUG org.apache.http.headers - << via: 1.1 fly.io
16:19:55.283 [main] DEBUG org.apache.http.headers - << fly-request-id: 01GZXAJ4DEMZ4166AAY5AQ1F1G-sin
16:19:55.283 [main] DEBUG org.apache.http.impl.client.DefaultHttpClient - Connection can be kept alive indefinitely
16:19:55.283 [main] DEBUG io.restassured.internal.RestAssuredHttpBuilder - Parsing response as: application/json
16:19:55.283 [main] DEBUG org.apache.http.wire -  << "22A[\r][\n]"
16:19:55.283 [main] DEBUG org.apache.http.wire -  << "[0x1f][0x8b][0x8][0x0][0x0][0x0][0x0][0x0][0x4][0xff][0xaa]VJI,IT[0xb2][0x8a][0xae]V[0xf2]tQ[0xb2]24250[0xd5]Q[0xf2]K[0xcc]MU[0xb2]Rr+-[0xca][0xcb],)-JU[0xd2]QrI-N.[0xca],([0xc9][0xcc][0xcf]S[0xb2]RJ[0xcb]/RHO[0xcc][0xcd][0xcc]KW((-*[0xc8]/N-V[0xaa][0xd5]A[0x98]aA[0x5]3,[0xe1]f(:([0xab][0xa8][0x92][0xea][0x6]CC[0xb8]~[0x88]KI6[0xc0][0x98]R[0x3][0xcc](5[0xc0][0x9c]R[0x3][0x10]aH^[0x18][0x18][0x19]P[0xe8][0x2]##J[\r]@[0xc4]BXjIjQf^bQ%FT[0xa6][0xe6][0xa4]&[0x97][0x14]e&g&[0xe6]![0xa7]C#DZ[0xf6][0xcd][0x7]%][0x85][0x80][0xcc]dP[0x82].VH[0xcc]KQp[0xcb][0xcc][0xc9][0xc5]0*#1[0xb3]([0xa5]([0xb5][0xb8]8[0xb5][0x8][0xc5](D\x[0x94][0xe6]&[0xe6])[0x4][0xa5][0x16][0xe7][0x97][0x16]%[0xa7][0x16]c[0x98]P[0x9e][0x99][0x97][0x92]_[0xae][0x90][0x9c][0x93][0x9a][0x98][0x87]f[0x8]">\SJ[0x93][0x13][0xc1]N[0xf2]M[0xcc]KLO[0xcd]M[0xcd]+[0xc1]0[0xa9] ?'39U!?--3[0x19][0xd5]$cD[0xea][0xe]J[0xcc][0xcc])[0xca]OLQ[0xf0]M[0xcc]+MK[0x4][0xfb][0xf][0xc3][0xa4][0xc4][0x92][0x92][0xfc][0xa2][0xbc][0xd4]J[0x85][0xc4][0x12][0x85][0x9c][0xc4]rd[0x9f][0x19]#B[0xd8])[0xb1]$1=[0xbf]H!<?[0xbb][0x14][0xc3][0x8][0xe7][0xd4][0xdc][0xcc][0x9c][0xc4]<[0x85][0xe2][0xd4][0xc][0x90]![0xa9]U[0x89]%[\n]"
16:19:55.283 [main] DEBUG org.apache.http.wire -  << "I[0xa9]E[0xe9][0x99]U[0x99]([0xc6][0x99]P[0x18][0xe3][0xc6][0x88]H[0x83]$[0xda]t[0xc][0xa7][0x10](~[0x8c][0x11][0x19][0xaf]$[0xb5][0xb8][0x4]K[0x14][0xa1]8[0x18]QX[0x91]k[0x1f]"Z[0x89][0xb0][0xcf][0x4][0x11]u[0xee][0xe0]"[0x14][0xc3]{n[0xf8]KW[0x13]D[0x9e][0xc2]a[0x0][0xb2][0xf7]L[0x10][0xd1]K[0xa6][0xf7]L[0x10]1J[0x8c][0xf7][0x10][0x19][0x85][0x8][0xd7][0x99]"[0x2][0x3][0xe2]:[0x8c][0xc0] [0x10][0xd7][0xa6][0x88][0xc0] [0xd3][0x0]D[0xf8]P#[0xf9][0x9b]"[0x2][0x8b]*[0xc6]!2[0x3]U[0x8c]C[0xe4][0xc][0xaa][0x18][0x87][0x88]k[0xaa][0x18][0x87][0xc8][0x89]T1[0xe][0x91]-[0xa9]a[0x9c][0x19][0xa5]u[0xa1][0x19]"[0xad];f'%[0x16])[0x4]eVeW*[0xb8]%f[0x14][0x95][0x16][0xe5]Wa[0xd6]j[0xb9][0x99]y[0x99][\n]"
16:19:55.283 [main] DEBUG org.apache.http.wire -  << "[0x5]E[0xf9]Y[0xa9][0xc9]%[0xc8]Y[0xda][0xc][0x91][0xe6][0xa9][0xe2]1D[0xe] 2[0xb][0x1][0x0][0x0][0x0][0xff][0xff]"
16:19:55.283 [main] DEBUG org.apache.http.wire -  << "[\r][\n]"
16:19:55.284 [main] DEBUG org.apache.http.wire -  << "3FA[\r][\n]"
16:19:55.284 [main] DEBUG org.apache.http.wire -  << "Bk[0xee][0x99]![0xd2]<[0x99][0x6]P7[0x95][0x9b]!R9[0x99][0xee]A[0xa4]k[0xe7][0xc4][0x92][0xd4][0xf4][0xfc][0xa2]J[0x5][0xc7][0xd2][0x9c][0xcc]D[0x8c][0xd2][0x9][0x14]C[0xc9]0%[0x89]`%H[0xed]`3D[0x82][0xce]K[0xcc]M[0x4][0xc5]eJi6[0x86]![0xd9][0x10][0x3][0xc0]q[\r][0x92]G6[0x81][0xba]i[0xd8][0x1c][0x91][0x4][0xc9][0xb][0x19]sD[0xd2]#[0xd3][0x0]J[0x13][0x9b]9[0xa5][0x89][0xcd][0x1c][0x91][0xd8][0xc8][0xf4][0x2][0xa5][0xc9][0xcb][0x1c][0x91],[0xc8]t[0x1]"U@[0xc] [0xb9][0x89]d[0x81]([0xcc][0x88][0xa8][0xd3]-([0x8d]u[0xb]Jc[0xdd][0x2][0x11][0xeb][0xc4][0xb8][0x97][0xd2][0x18][0xb2]@[0x14][0x0][0xc4]X[0x87][0x1e][0x1d][0x18]9[0x9c]@#[0xc6][0x12][0x11][0x1b]![0xa9][0xc5][0x98][0xfd][0x0][0xcf][0xbc]L[0x5][0x90][0x4][0xa8][0xbf][0xed][0x9e][0x99][0x9a][0x83]\[0x19]XR[0x9a][0xa5]-)[0x8d]\KJ#[0xd7][0x12][0x11][0xb9][0x90][0xe4]Lr[0xf8]Q[0x9a][0xa5]-)M0[0x96][0x88][0x4]C[0xa6][0x17](-[0x13],[0x11][0x89][0x90]p[0x92]53[0xa0]0[0xd5][0x98][0x19] R[\r]1[0xd6]Q[0x18][0xc3]fH[0xa3]R[0xc4]XGal[0x98][0x19] b[0x83][0x8][0xeb][0x90][0x86][0x9a]r[0x13][0xb3][0x13][0xf3][0x12][0xf3]0[0x12]0L[0x1c]Q[0xb5][0x9b][0x19]"B[0x90][0xac]$cfHa[0xbe]33[0xa4]4V[0xc])[0xcc]6f[0x86][0x88][0x88][0xa2]BK[0xd6][0xcc][0x10][0x11]m[0xe1][0x99]E[0xa9]9[0xa9][0xc5][0x98][0xa3]3[0x5][0x19][0x95][0xc5][0x99][0xc9][0x99][0xc5][0xc8]-j3J[0xc7][0xb9][0xcc]([0x1d][0xe7]23[0xa2]4.[0x8c]([0x8d][0xb]#D[0xe0][0xe1]H[0x8f][0x89][0xc5])H5[0x8f][0x99][0x11]j[0x89][0x3][0xaa][0x9c][\n]"
16:19:55.284 [main] DEBUG org.apache.http.wire -  << "[0x8a][0xf2]SJ[0x93]1+[0xb0][0x92][0x8c][0xcc]b[0x85][0xcc]b[0x85][0x92][0x8c]TH#8[0xb9]D![0x5]iD[0x19])[[0x18]#[0xea]BP[0xd6][0xa3][0x96][0xa9][0x88][0xf2][0x8e][0x90][0xa9][0xc8]^4F[0xe4]QB[0xda]H[0xf1]""[0xe3][0x12]2[0x15][0xc5]1[0x14][0xd6]rfh[0xe3]b[0xd4][\n]"
16:19:55.284 [main] DEBUG org.apache.http.wire -  << "ZD[0x1e]&[0xc5]7H[0xc3]`[0x84][0xb4][0x91][0x10][0xb4]Hcc[0x84]LE[0xe]Z[0xa4]!.[0x1c]i[0x1f][0xb][0xce][0xcc][0x84][0xd2][0xdc]gB0[0xf7][0x11]p[0x81])"[0xdf][0x90][0xe7][0x5]JG[0xd2][0xcc]L[0x89]O[0xd6]$[0xc4][0xa8])[0xa5][0xa9][0xde][0x14][0x11]5[0x1][0xf9]9[0x99][0xe5]E[0x89]%[0x19][0x18][0xf5]sPjAiJfb^Jb[0xaa]B^jqrfi^[0x89]BjErjAIiQ[0xa6]BJ~N~Q[0xaa]Bji[0xae]Bqjai[0xa6][0x1e]r[0xe2]1Ed[0x0][0xdf][0xc4][0xe4][0x8c][0xfc]l[0xcc][0xf9][0xb2][0xc0][0xd2][0xc4][0xe2]L[0x85][0xb4][0xd2][0xf4]D[0x85][0xbc][0xfc]<[0x85][0xc2][0xd2][0xfc][0x14][0x85][0xcc][0xdc][0x82][0xd4][0x94][0xcc][0x12][0x85][0xb2][0xd4][0x9c][0xcc][0x12]T[0x3])M[0xb][0x94][0xe]U[0x99]![0x8d]0A[0x12][0x13][0xa9][0x1d]L33[0xd4][0xc4][0x80][0xc][0xde][0xcc][0xc][0x11][0xc9][0x86]F[0xc6][\n]"
16:19:55.284 [main] DEBUG org.apache.http.wire -  << "[0x89]Y[0x98]#-[0xa0][0xe4][0x9f][0x9b]Z[0x94][0x9c][0x81]m[0xc6][0xd1][0x8c][0xd2]![0x1f]33De[0x6][0xf1]1F[0x12][0x1]9[0x0]"[0x85][0xd5][0x5][0xe6][0x94][0xe6]?sD[0x88]A[0xac]![0xd9][0x5][0x94]6![0xcc][0x11][0x9][0x99]<[0x17] [0x8d]*[0x90]i[0x0][0xa5]a`[0x81][0xc8][0xec]d[0xba][0x80]`[0x18] g}J;[0xdf]f[0x84];[0xdf]([0xd6]Q[0xea];[0xc2][0xdd]T$[0xeb][0xcc])[0xed]$[0x9a]#u[0x12][0xc9][0x8a][\r]s[0x3][\n]"
16:19:55.284 [main] DEBUG org.apache.http.wire -  << "[0xd3][0x83][0xb9][0x1][0x85]y[0xc2][0x1c][0xa9][0xe3]I[0xa6][0x17]([0x8c]3s[0x3]RR[0xa4]9R_[0x94]<[0xf7]R[0xda]-5G[0xea][0x96][0xe2][0x98][0x0][0xc4]?[0xbf]in[0x88][0xa8][0xc][0xc8]4[0x0][0x11]b8[0xc]@N[0xe5]H[0x9d]F2C[0x8c]`[0xd5][0x81]l[0x9d][0x11]"I[0xe3]p[0x1c][0x81][0xe0]A[0xea])[0xe2]0[0x0][0xc5]:J[0x93][0x9f][0x11]"0q[0x4][0xf][0xb2]uH[0xeb][0x12]p[0xa8][0xc6]_[0x8d][0x9a]#[0xf5][0xb8]p[0x18][0x80]b[0x1d][0xa5][0xbe]3&[0xc9]wH}[0x16][0x1c][0x8e]#[0xe0];[0xa4][0xee][0x9][0xe][0x3][0x90]}[0x87][0xd4][0xa9] [0xd4][0x99]![0xbe]Amn[0x82][0xf0]2!SQ[0x1c][0x83]H[0xe5][0x84][0xb4][0x91][0xe0][0x18][0xa4][0xf9][0x1c][0x89][0x99]@n@[0xea][0xb5][0xe0]0[0x0][0xd9][0x13]H[0xb3][0xf3]8T[0x13][0xb2][0x8e]`[0xd9][0x84]b[0x1d]"[0xa8]qD7[0x81][0xf4]b[0x8a][0xe8][0x9][0x90][0xe9]^D[0xac][0xe1]0[0x0][0xd9][0xbd]H3[0xd4]T[0x18][0x8e]3[0xc7][0xe8]E[0x90][0xd8][0xa2]5G[0xea]D[0x90][0x17]~H3[0xd3][0xb8][0x17]3[0xc2]e[0x14][0xbc]R[0xb][0x12][0x8b][0x12]QB[0x84][0xd2][0x2][0xc6][0x8c][0xd2]$@i[0xbf][0xc2][0x9c][0xd2]9_s[0xcc]9_[0x0][0x0][0x0][0x0][0xff][0xff]"
16:19:55.284 [main] DEBUG org.apache.http.wire -  << "[\r][\n]"
16:19:55.284 [main] DEBUG org.apache.http.wire -  << "672[\r][\n]"
16:19:55.284 [main] DEBUG org.apache.http.wire -  << ""m9[0xa8]9R[0xcf][0x6][0x1e][0xd6][0x18]f[0xc0]e[0xb0][0xc4][0x2][0xa5]S[0xb6][0xe6][0xe6][0x88]ht+*[0xcd][0xc4][0x1c][0xa0]D[0x8e]sJ[0xbb]A[0xe6]H[0xf3][0xbb]D[0xd8][0x86][0xc8][0xa1][0xd8][0x15][0xa7][0xe7][0xe7][0xa7]([0x80][0xca][0x89][0x8c][0xd4][0xc4][0x9c][0x92][0xc]d[0x97]R[0xda][0xdf]2[0xb7]@[0xc][0x8b][0x92][0x97][0xc1]([0x9d][0x19]6[0xa7]tf[0xd8][0x1c]if[0x98]L/ [0x8a]t2[\r]@$.2[\r][0xa0][0xb4][0x8c][0xb0]@T[0x13][0xe4][0xb9][0x0]i[0x2][0x9a]L[0x3](MH[0x84];[0xc2][0xa0],[0x0]q[0x1c][0xb6][0xf1][0x17]s[0xa4]Yhj[0xd4]][0x94][0xce]I[0x9b][R[0x9a][0xac][0x8][0xcf]I#[0x17][0x5]H={[0xaa]x[0x9f][0xe2][0x14][0x85]([0xd6] [0x91][0x86]Q[0xe0][0xe3][0x8f]O[0xb][0x3][\n]"
16:19:55.285 [main] DEBUG org.apache.http.wire -  << "[0xc7][0xd3],([0x1d][0xbd][0xb0]@[0xea][0xfa][0xc3][0xa6]o[0xd1]+>[0x98]8b[0xfe][0xca][0x2][0xa9][0xbb][0xee][0xee][0xe8][0xeb][0xe9][0xe7]N[0xb2][0xc7][0x11]A[0xef][0x98][0x9c][0x9c]Z\[0x9c]_[0x94][0x89]e[0xf8][0xb4]$_!5/#1/9U![0xb1][0xa0] 5[0xb1][0x8][0xc4]DJ[0x11][0x16][0x86][0x88][0x0][0xa4]B[0x8a][0xb0][0xa0]t`[0xc1][0x2]i`[0x81]*[0xee]A[0xf4][0xa3][0xa9]b[0x1c]"[0xbb]R[0x16][0xea][0x88][0xb2][0x9c]"s[0x8c][0x10][0x5]*E[0xe6][0x18]P[0x9a][0xf])[0x9d][0xe3][0xb7][0xa0]t|[0xc5][0xc2][0x90]R/P:[0xbb]o[0x81]4[0xbb]OQd [0x8d][0xfd][0x90]W("[0x8d][0xfd]P[0xe6][0x10]*[0xa5]vJ[0x17][0x1d]X[0x10][0x1e]]"PM[0x10]^[0xb5]@[0xc8][0x0]JS[0x17][0xd2][0x82][0x5][0x1c][0x91][0x8a]\*S:@f[0x81]4@FQ[0x12]@Z[0xc][0x80][0xc3][0xd9][0x4][0x2][0xe]i[0xe8][0x8c]2[0x87] [0xea];2[0x1d]Bi[0xc][0x9a] jJ[0xf2]\@[0xe9][0xb8][0xa0][0x5][0xe1]qA[0x2][0x91][0x81][0xb1][0xcb][0x87][0xd4]V[0x7][0xa5]+ ,L[0x10]E[\n]"
16:19:55.285 [main] DEBUG org.apache.http.wire -  << "[0x99][0x81][0x88][0xe8]FQ[0x94][0x9e][0x90][0xc6]7[0xc9]t[0x8][0xa5][0x9][0xd2][0x84][0xd2][0x4]I[0xe9]Z[0xe][0xb][0xa4]aUr6[0xcf]Z -[0xe5] /[0xc][0x91][0x6]Z[0xc9]4[0x0][0x91][0x9c](J[\r]H[0xab]?(3[0x7][0xd1][0xae]#[0xd3]C[0x88]TEV[0x94] [0xad][0xe9][0xa0][0xc8]#Hc[0xbc][0xe4]y[0x84][0xd2]Q][0xb]JGu-[0x90]Fu[0xc9][0xb]JDICf[0x10] [0x12][0x3]y[0xe][0xa0][0xb4][0x80]@[0x1a][0x14]&[0xcb][0x1][0x94][0xe][0xe9]Z [\r][0xe9][0x92][0xe7][0x0]D[0xf6]&/[\n]"
16:19:55.285 [main] DEBUG org.apache.http.wire -  << "[0x90]Ft[0xc9]s[0x0]";[0x92][0xe9][0x0]D[0x1c][0x92][0xe5][0x0]J[0x87]^-[0x90][0x86]^[0xc9]s[0x0][0x85]K#,,([0x8d]C[0xa4][0xc5]:[0xe4][0xf9][0x80][0xc2]([0xa0]t[0xf5][0x8e][0x5][0xd2][0xa0]%Y[0x1e][0xa0]t[0x90][0xd1][0x2]i[0x90][0x91]<[0x7] [\n]"
16:19:55.285 [main] DEBUG org.apache.http.wire -  << "[0xb2][0xe4][0xfc][0xbc][0x92][0xfc][0xc]][0xe8]fFl#Nn[0x89][0xc5][0x19][0x99][0xf9]y[0x89]I9[0xa9][0xc8]=[0x1a]KDN"l[0x6][0xa6][\n]"
16:19:55.285 [main] DEBUG org.apache.http.wire -  << "[0xa4][0xa1]3[0xa4]-,d[0xe5]IKJ[0x87][0xfc],)]od[0x89]4fH[0xa6][0x17][0x10]1B[0xa6][0x1][0x88]L[0x81]c[0xc6][0x17][0xff][0x14][0xb7]%[0xd2][0xb8]![0xe][0x3][0x90]b[0xdf][0x12]iT[0xf][0x87]jB[0xd6]![0xc6][0xf1]p[0x18][0x80]b[0x1d][0xa2][0xcc][0xc1][0xa1][0x9a][0x90]u[0x88][0xba][0x1f][0x87][0x1]([0xd6]![0xd2]6y[0xb1]A[0xe9][0xd8][0x95]%[0xa5]cW[0x96]H[0x3][0x89][0xe4]y[0x1]i[0xf0][0x8b]L[0x3][0x10]1L[0xa6][0x1][0x14][0xd6]T[0x96]H[0xc3]T8"[0x9d]@[0xaa]A[0x1a][0xa6][0xc2]a[0x0]r[0xaa]A[0xda][0x18]C[0x9e][0x87])[0x1d]$[0xb2]D[0x1a]$[0xc2][0xe1]^[0x2][0x1e]F:[0x14][0x6][0x87][0x1][0xc8][0x1e][0xc6]8[0xb2][0x85][0xc4][0xd1][0x7]KJ[0x7][0xa3],[0x8d][0x11][0x19][0x15][0x87]{[0x9]y[0x98]`[0xb1][0x89][0xec]a[0xa4][0x1][0x1f][0xf2][0xac]C[0x1a][0xf0][0xc1]a[0x0][0x8a]u[0x94]f[0x0]J[0x7]g,[0x91][0x96][0xa2][0x91][0x97][0xa4])[0x1d][0x95][0xb1][0xa4]t[0x83][0x8c]%[0xa5][0x83]*[0x96]HK[0xcd][0xc8][0xb][0x3]J[0x7]E,)[0xdd][0xb]c[0x89]4[0x1a]B[0xa6][0x17](m[0x9e] [0xad]h#[0xcf][0x5][0x94][0xe]?XR:[0xfc]`I[0xe9]^[0x13]KS[0x82]e[\r][0x81][0xc2][\n]"
16:19:55.285 [main] DEBUG org.apache.http.wire -  << "i,[0x88][0x88][0xd2][0x3]i[0xb8][0x84][0xcc] G4[0xba][0xc8]4[0x80][0xd2]T[0x83][0xb4];[0x87]z[0x8b]O-[0x91]FQ[0x8][0x99][0x8a]\[0x1a]#[\r][0x9e][0x10][0xd2]F[0xfc]JXKJ[0xcf]5[0xb1][0xa4]t[0x91][0x9c]%[0xd2][0x90][\n]"
16:19:55.285 [main] DEBUG org.apache.http.wire -  << "y[0xd1]L[0xe9][0xc2]9K[0xa4][0x85]sd[0xba][0x0][0x91][0xb3][0xc8]3[0x80][0xd2][0x15]u[0x96]H[0xc3]:[0xce][0x89])[0xb9][0xa5][0xc5][\n]"
16:19:55.285 [main] DEBUG org.apache.http.wire -  << "[0x1][0xa9]e[0xa9]E[0xa9]99[0x18]m"[0x8f][0xd2][0xb4][0xb4][0x9c][0xd4][0x82][0xd2][0xb4]4[0xe4][0xd4][0x85]4[0xac][0xe3]T[0x9a][0x9c][0x9d][0x94][0x9a][0x88]y`PpNeI[0x6][0xe8],D[0x14][0x8d][0x88]f[0xb6]{j~Qz[0xaa]BxjbqN*[0xe6][0xb9]R![0x19][0xa5]y)[0xa9]EI[0x99]E[0xc8][0xfb][0xb9]-)]Ig[0x89]4[0x9e]Cf[0xe8]#Zq[0xe4][0x19]@[0xe9]:6K[0xa4][0x11][0x1d]2]@iS[\r]iH[0x87]L[0x17] z[0xb8]d[0x1a]@ii[0x8d]4"D[0xd1]Ag[0x96]H[0x3]B[0x94][0x18]dl@[0xe1]b2c[0x3][0xa4][0x9d]l[0x1][0xa9]E[0x99][0x5][0x19][0xa9]E[0x89]9[\n]"
16:19:55.285 [main] DEBUG org.apache.http.wire -  << "8*_[0xdf][0xfc][0xd2][0xe2]T[0x1d][0x5][0xef][0xd4][0xca][0xa4][0xfc][0xc4][0xa2][0x14][0x1d][0x5][0x8f][0xd4][0xc4][0x94][0x82][0x8c][0xfc][0xbc]T[0x5][0xd7][0x10]gD[0x9e]56[0xa0]p[0xbc][0xc9][0xd8][0x80][0xc2][0xfd]m[0xc6][0x6][0x14][0xe]X[0x19][0x1b][0x18]P[0x96][0xdc][0x8c][\r][0x90][0xce]Z!'[0xbd][0x1a][0x1b] [\r]X[0x91]i[0x0][0xe2][0x94][0x7]2[\r]@dz[0x1c]I[0x2]o[0x83][0xce][0xd8][0x80][0xf0][0x96]7[0xe4]T[0x83]tj[\n]"
16:19:55.285 [main] DEBUG org.apache.http.wire -  << "[0x99][0xee][0xa5][0xac][0x9a]46@[0x1a]T"[0xcf][0xc3]H[0x83]J8[0xc]@[0xf6]0[0xd2][0xb2]'[0xf2]<[0x8c]t[0x10]p[0x1a][0xce]C[0xad]Ql[0xa4][0xac][0xc]46[0xa0]p[0xc][0xc8][0xd8][0x80][0xc2]1 c[0x3][0xa4]1 j[0x16]YH#C[0xe4][0xc5][0x85]1"[0xb3][0x90]i[0x0]e[0xdd][0x11]c[0x3][\n]"
16:19:55.285 [main] DEBUG org.apache.http.wire -  << "G[0x9b][0x8c][\r][0x90][0x96]>[0x91][0xe9][0x5][0xca][0x1a]:[0xc6][0x6][0xc6][0x94][0xe6]`[\n]"
16:19:55.285 [main] DEBUG org.apache.http.wire -  << "[0xd7]<[0x19][0x1b] [0x8d]`[0x91][0x17][0x6][0x14][0xae]826[0xa0]pL[0xca][0xd8][0x80][0xc2]!%c[0x3][\n]"
16:19:55.285 [main] DEBUG org.apache.http.wire -  << "[0x87][0x94][0x8c][\r][0x90][0xd6][0xe9][0x90][0x17][0x88][0x14].[0xd4]16[0xa0]pH[0xc9][0xd8][0x0][0xe9][0xf4][0x13]2[0xbd]@iRF[0x1a][\r]![0xcf][0x5][0x14][0xe])[0x19][0x1b]P8[0xc2]bl@[0xe1][0x90][0x92][0xb1][0x1][0xd2]I[0xb3][0xe4][0x85][0x1][0xd2]X[0x8][0x99][0x6] [0x16][0xac][0x93]i[0x0][0xa2][0xff]J[0xa6][0x1][0x94]V,[0x14][0x8e][0xa0][0x18][0x1b]P8~al`Ni^@[0x1a]~[0xc0][0xd1][0xae]"[0xd0][0x12]E[0x1a]~[0xc0]a[0x0]r3[0x9]i[0xc8][0x0][0x87]jB[0xd6]![0xea]r[0x1c][0x6][0xa0]X[0x87]h[0x95][0xc1][0xb7][0x8b]b[0xc][0xab][0xc0]e06[0x92][0x1a][0x1b]X [0xc2][0x17][0xae][0x8c]$[0x3](\2bl[0x80][0xb4]M[0x8d][0xbc]TN[0xe1][0xf8][0x80][0xb1][0x1][0xd2]N12][0x80][0x8]D[0xb2][0xc]0$[0xdc][0x1b]G[0x8a]tCJ[0xbb][0xb8][0x86][0x84][0xbb][0xb8]([0xd6]Q[0xea];[\n]"
16:19:55.285 [main] DEBUG org.apache.http.wire -  << "7J[0x19][0x1b]"[0x1d][0xa0]B^[0xf8]"[0xf5]&]<[0x9d][0xfd][0x9d][0x1c][0x15]"[0x1d]=0[0x92][0xb9]c[0x80][0xa7]B[0xb8][0x90]w0[0xb2][0xef])[0xdc][0xed]cl[0x88][0xb4][0xdb][0x87]d[0xbb])[\r]y[0xa4]^)y[0x1]G[0xe1][0xfe][0x1c]cC[0xa4]~&[0x99].[0xa0]p4[0xc5][0x10]i[0xa5][0x2][0x99]. [0xa2]k[0x2][0x0][0x0][0x0][0xff][0xff]"
16:19:55.285 [main] DEBUG org.apache.http.wire -  << "[\r][\n]"
16:19:55.285 [main] DEBUG org.apache.http.wire -  << "7AB[\r][\n]"
16:19:55.285 [main] DEBUG org.apache.http.wire -  << "[0xc2]s[0xf9][0x93][0xb1]![0xe1][0xfd]0[0x84][0xc] [0xd8][0x92]@N[0xb1]Hk[0xf]|S[0xf3][0xcb][0xb1][0x9c][0xed][0xe7][0x9b]X[0x91][0x99][0x9b][\n]"
16:19:55.285 [main] DEBUG org.apache.http.wire -  << ":gO!73[0xaf][0xb4]X!3[0x5]|[\n]"
16:19:55.285 [main] DEBUG org.apache.http.wire -  << "_fAqb[0xae]BY~NiAIbIj[0xae]BqfnfNfai*[0xd2]i|[0xc6][0x86][0x94][0xf6][0x16][\r][0x9][0xf7][0x16][0x91][0xfd][0x83][0xb4][0xb4][0x80][0xbc][0x8]$[0xdc]1C[0xb1][0x8e][0xd2][0x4]Gxb[0x1f][0xd9]:J;<[0x86][0x14]N[0xc2][0x1b][0x1b]R[0xda]c2$<[0x8b][0x8f][0xe2]aJ[0xb3][0x13][0xd2]d1[0x8e][0xf4][0x80]l[0x1d][0xa5]=[0x11]C[0xa4][0x9e][0x8][0xa9][0xe5]7[0x85]G[0x9d][0x18][0x1b]"[0xcd][0xf2][0xe2][0xf0]*[0x81][0x92][0x83][0xc2][0xa3]N[0x8c][\r][0x91][0xa6]v[0xc9]t[0x1][0x85][0x9d][0x18]C[0xc2][0xd3][0xc0][0xc8][0xd1][0x8d][0xd4][0xe1][0xc0][0xd1]|[0xc6][0xdf][0xfe]6D[0xea]p[0xe0]0[0x0][0xd9]:J{[0x17][0x86]$[0xf5].[0xc])[0xed]][0x18]"[0xad]P'[0xc6]w[0x88][0xde][0x5][0xe][0xd5][0x4][0x2][0x13][0xe9][0x18][0xe][0x1c][0x6] [0x7]&[0xd2]\%[0xe][0xd5][0x4][0xac]C[0xea][0x8b][0xe0]0[0x0][0xc5]:D[0xca][0xc4][0xa1][0x9a][0x90]u[0x88][0xee]5[0xe][0x3]P[0xac]C[0xd4]+[0x14]\[0xa1]cl[0x88][0xd4][[0xc1]a+!g#[\n]"
16:19:55.285 [main] DEBUG org.apache.http.wire -  << "`[0x1c][0x6] 9[0xdb][0x8][0xa9]k[0x82]C5~[0xeb][0x8c][0x90][0x96][0xa0][0xe3]0[0x0][0xc5]:[\n]"
16:19:55.285 [main] DEBUG org.apache.http.wire -  << "#[0xc5][0x8][0xa9]sD[0x8c]u[0x88]H[0xc1][0xa1][0x9a][0x90][0xef][0x8]f[0x11][0x14][0xdf]![0x1a][0xf4][0xe4]Y[0x87]4[0xb3][0x87][0xc3][0x0]d[0xeb](\[0x8a]nl[0x84][0xd4][0xf1]"[0xc6]:[0xc4][0xd0][0x5]Yu[0x85][0x11][0xd2]4[0x1e][0xe][0xeb][0x8][0xc4][0x6]R_[0xb][0x87][0x1][0xc8][0xc1][0x83][0xb4][0x92][0x1c][0x87]j[0x2][0xd6]!u[0xaf]p[0x18][0x80]b[0x1d]"i''f[0xa7][0x1a]a[0xf4]?A[0xa2][\n]"
16:19:55.285 [main] DEBUG org.apache.http.wire -  << "9[0x89][0x5][0x99]HW[0xc7][0x1a][0x1b]!M[0xf5][0x91]5Bc[0x84][0xb4][0xd6][0x9b]L[0x3][0x10][0x5][0x6]y[0xf1][0x8a][0xd4][0x1][\n]"
16:19:55.285 [main] DEBUG org.apache.http.wire -  << "[0xce][0xce][0xcc]KN[0xc4]r[0x81].LB[0xa1]$[0xb5]()13[[0xa1]4[0xaf][0xa4]4[!7[0xb5]([0xb1]<[0xb1]D[0xa1]<1+[0x11][0xe9][0xa4]/c#Jg[0x3][0x8d]([0x9d][0xb6]3[0xa2][0xb4][0x1b]dD[0xb8][0x1b][0x84][0xbf]ug[0x84][0xb4][0xc6][0x9b][0xcc][0x88]A[0x94]G[0xe4][0x19]@[0xe9][0xa4][0x99][0x11][0xa5][0x9d];#[0xa4]}[0xfe][\n]"
16:19:55.285 [main] DEBUG org.apache.http.wire -  << "[0x18]9[0x8a]@[0xf8]Q:_fD[0xb8][0xab]G[0xc8][0x5][0x88][0x8][0x80]e[0x0][0xc]O[0xc0]$[0x88][0xcd][0x19]Hsp[0xe4][0x9c][0xb7]dlD[0xb8]K[0x9a][0xe][0xba][0xe][0x1b][0xbe]O[0xcd][0xd8][0x88][0xd2]>[0xa8][0x11]R[0x17][0x12][0xe6]][0xca][0xc3][0x1]Q[0x1d]Q[0xcf]LD{[0x81]zf"[0x9a][0x10][0xd4]3[0x13]QdS[0xcf]LDZ-(6[0xc5][0x88][0x1e][0x2])[0x9d][0xd2]9I#[\n]"
16:19:55.285 [main] DEBUG org.apache.http.wire -  << "[0xb7][0xe9][0x1b][0x1b]!Mj[0xe2][0xa8][0xad][0xa1][0x8b][0x97][0x91]+m[\n]"
16:19:55.285 [main] DEBUG org.apache.http.wire -  << "[0xd7][0xc6][0x1b][0x1b]![0x8d]?[0x90][0xb1]![0xd5][0xd8][0x88][0xd2]1[0x4]#J'B[0x8d][0x90][0x6]![0xc8][0xf2][0x1][0xd2][0x18][0x4][0xf1][0xe1][0x8e]4[0xee]@[0x82]&D[0xb][0x8b][0x4]M[0x88]^[0x1c]yu [0xd2]$)y[0xe1][0x83][0xc8][0xff]d:[0x0][0x91][0xd9][0xc9]r[0x0][0x85]K[0xbc][0x8d][0x8d][0x90]FA[0xc8]s[0x0][0xc1]x#[0xd0][0x10]'<.[0x82][0x9c][0xa7])\[0x95]ml[0x84]t[0x19]&y[0xfe]E[0x94][0xa4][0xe4][0xc5]8[0xd2]H[0x9]Y[0xe][0xa0]pQ[0xb7][0xb1][0x11][0xd2][0xa4][0xad]k^IjQIbf^nj[0x1e][0xe6]1[0xc2][0x5][0xf9]9[0x99][0xc9][0xa9][\n]"
16:19:55.285 [main] DEBUG org.apache.http.wire -  << "[0xf9]ii[0x99][0xc9][0xa9]E[0xc8][0xb1]`[0x89][0xc8]w[0xce][0xf9][0xb9][0x5][0xa5]%[0xa9]E[\n]"
16:19:55.285 [main] DEBUG org.apache.http.wire -  << "[0xc1][0xf9]i%[0xe5][0xd8]z[0x7]X[0xee][0xa8]36B[0x9a][0xf8][\r](M[0xca][0xc9]LV[0x0]]g[0x94][0x8c][0xb9][0xbc]?9#5[0x17][0xe5]~;c#[0xc2]g[0x89][0x12][0xa8][0xcf][0x90][0x86]a[0xc8][0x8c]CD[0xae]u[0x6][0xb9]/91[0x7][0xf3]n[0xbe][0xe2][0xd4][0xe4][0xa2][0xd4][0x92][0xc4][0xa2]J[0x94][0x90][0xa3]0[0xf9][0x18]#[0x8d][0xe9][0xb8][0xa4][0x16]g[0xa6]c[0xde][0xce][0x98]TZ[0x9c][0x99][0x97]Z\[0x9c][0x9b][0x98][0x87]d[0xb3]1[0xd2]X[0xe][0xb5][0x9a][0x15][0xc6]H[0xb][0xc9][0xdd]J[0xf3]Rt[0x83][0x12]3[0x8b]3[0xb1][0x1c][0xa9][0x9d]WZT[0x8c]t[0xcc][0x82][0xb1]1[0xd2]R[0xf1][0x80][0xa2][0xcc][0xbc][0x12]l[0x9a][0xd2][0x12][0x93]K@wU[0x97][0xe7][0x17]e[0xa3]$?c[0xa4]q"[0xc7][0xa2][0x92]b[0x85][0xc4][0xbc][0x14][0x5][0xe7][0xa2][0xc4][0xb4][0x12][0xcc]HH[0xcd]K[0xcf][0xcc]KE[0xd3]N[0xfd][0xc6][0xa5]1[0xd2][0xc2][0xf1][0xf0][0xcc][0xbc]T[0xb0][0x93][0x82][0xb]2[0x8b]2[0xb1][0xb8])'[0xb1][0xbc][0x12][0xcd]E[0x88][0xf4][0x14][0x92][0x9a][0x93][0x9a][0x9c][0x9f][0x9b][[0x9a][0x97][0x99][0x9c]X[0x92][0x99][0x9f][0x87][0xe9][0xa7]d[0xd0][0xd1][0x15]h[0x6] [0x92][0x15][0xd5]"[0x17]i[0xbc][0x8a][0xac]\b[0x8c][0xb4]v [0xb4]$3'[0xb3][0x4][0xdb]9[0x1c][0xa9][0xc9][0xf9]y[0xf9]h9[0xdc][0x18]i[0xec][0x8a]L[0xab][0x11][0x5][0x14][0xf5][0xc2][0x3][0x91]l[0xfc]R[0xcb][0x8b][0xb][0x12][0xb]R[0x8b]0#'[0xa9]43'[0x5]5r[0x90][0x86][0xc6]\sR[0x93]K[0x8a]2[0x93][0x13]s[0x14][0xf4][0x15] [0x9c][0xfc][0xbc][0xcc]d[0x5][0xdf][0xc4][0xbc]RPz/-[0xc2][0x96][0x13][0x92]3R[0x91]vU[0x19][0x1b]#[\r][0x95]Q[0xcf]w[0x88][0x14][0xe4][0x9e]_[0x96]Z[0x4][0xae][0x12][0x14][0x1c]Sr3[0xf3]2[0x8b]K[0x8a][0xc0]I[0x11][0xa3][0xdf][0x90][0x9b][0x9a][0x9c][0x91][0x98][0x97][0x99][0x8c]\[0xce] [\r][0xac]y[0x82][0xaa][0x97]<[0xb0][0xd6][0xc4][0x1c][0x85][0x90][0xa2][0xc4][0x14]H[0xc6]pI-K[0xcd][0xc9]/[0xc0]Z[0xe9][0x14][0xa5][0x82][0xae][0xa9][0xcb][0xcc][0x7][0xd9][0x8a]b,b[[0x3][0xd5][0xfc]L[0xe9][\n]"
16:19:55.285 [main] DEBUG org.apache.http.wire -  << "[0x9]cJWH[0x18]#[0x8d][0xef][0x91][0x97][0xd0])]!aL[0xe1][0x91][0xa3][0xc6][0xc6][0x94][0xee][\r]0F[0x1a]a$/[0xc]([0x1d]N4F[0xda]\@[0xa6][0xb][0x10][0x8d]`2[\r]@[0x94]Wd[0x1a][0x80]([0x9c][0xc8]4[0x0]1:B[0xa6][0x1][0x14]v[0x85][0x8c][0x91]FD[0xf3][0xf2][0x15]p8"/[0xbf][0x4]|}[0x4][0x96]S[0xf3][0x8d][0x8d])[0xdd]G`L[0xe9][0x90][0xa8]1[0xd2][0x90]([0xe6][0x88][0xa6][0x2]ry[0x86]4[0xf6]I[0xf9][0x89][0xdf][0xc6][0xc6]H[0xfb][0xf][0x8]Y[0x8c]H)[0x98]*Q\[0x88]H[0x11]Tq!"}P[0xc5]8D[0x93][0x89]*[0xc6]![0xaa]?j[0x18][0x87]4[0x8e][0x8b]#![0xe3][0xef][0xa2][0x18]#[0x8d][0xe3]R[0xad][0xba]C[0x1a][0xe9][0xc5]1[0xc4][0x82][0xbf][0xab]n[0x8c][0xb4][0xda][0x8][0x87][0x1][0xc8][0xe9][0x87][0xd2][0xcd][0x18][0xc6][0x14][0x9e][0xef]al[0x8c][0xb4][0x9b][0x3]3[0xa9][0xa3][0xe4]F[0xa4][0x83]<[0x8][0xa9]D$[0x14][0x2]*[0x91]FM[0xa9][0x16][0x85]H[0xe3][0xa0][0xd4]3[0x13]QyQ[0xcf]LD}F[0xd6][0xbc][0xa5]1[0xd2][0xca]-2[\r]@[0x94][0xf][0xe4][0xe5]@[0xa4][0xa1]S[0x8a][0xb6]k[0x1b]#[0x9d].[0x8a]#[0xd7][0x10][0xc8]vH[0xab][0xa8]p[0x18][0x80][0x9c][0xed](<[0xb7][0xc2][0xd8][0x18]i[0x19][0x16]y![0x87]4&I[0xe2]%P[0xc6][0xc6]H[0xc3][0x91][0xa4][0xeb]Et[0x11][0xc8]t8"'[0x90]i[0x0]"[0xd9][0x93][0xb8][0xde][0xd0][0x18]iu[0x17][0xc9]Z[0x11][0x15]5[0xc9]Z[0x11][0xb9][0x84]d[0xad][0x88][0x82][0x90]T[0xad]HC[0xa0]$kE,[0xa7][0xc6][0x91][0x17][0x8]d&[0xa4][0xe1]S[0x1c][0x6] g&[0xa4][0x81]N[0x1c][0xaa][0x9]Y[0x87]hm[0xe1]0[0x0][0xc5]:D[0x1b][0x9][0x87]jB[0xd6]![0xe2][0x13][0x87][0x1]H[0xd6][0x99] [0x8d]%[0xe2]P[0x8d][0xdf]:[0x13][0xa4]1E[0x1c][0x6][0xa0]X[0x87][0xc8]^8T[0x13][0xb2][0xe][0x91][0xbd]p[0x18][0x80]b[0x1d]"[[0x90][0x95][0x9b]M[0x90][0xce]r[0xc0]a[0x1d]![0xf7]"[0xb2][0x8][0xe][0x3][0x90][0xdd][0x8b]4\F[0x9e]{[0x91]F[0xcd]H[0xcc]V&[0x86][0x88][0x90]%[0xd3]nD`S[0xb2]B[0xd2][0x4]i[0xac][0x8c]2s[0x10][0x19][0x81]<[0xf]!-0[0xa3][0xc8]!H[0xc3]a[0x94][0x99][0x83][0xa8][0xdc]p[0xa4]%[0x2][0x89][0x11]i[0xb0][0xb][0x87][0x1][0xc8][0x89][0x11]id[0xb][0x87]jB[0xd6]![0x12][0x4][0xe][0x3]P[0xac]CD[0x17][0xe][0xd5][0x84][0xac]#)[0xab]![0x8d][0x18][0x91]g[0x1d][0xd2][0x88][0x11][0xe][0x3][0x90]}[0x87]tH[0x4][0xe][0xd5][0x4]|[0x87][0xb4]-[0x8][0x87][0x1]([0xd6]!j[0x11]H[0xda]'[0xf1][0x8e]Sc[0x13][0xa4][0xa1][0x18][0xd0][0xba][\n]"
16:19:55.285 [main] DEBUG org.apache.http.wire -  << ",[0x17][0xb6]![0xdb]G[0xe9][0xa8][0x89][0x9][0xd2][0xa8][0x9][0xc4][0xc1][0x18][0x3][0xcd][0xf8]{[0xcb]&$[0xed][0x12]2[0xa1]t[0xe9][0x98][0x9][0xe1][0xa5]c[0xc8][0xc1][0x83][0xd4][0x95]'[0xcf]wH[0xfd]v[0x1c][0x6][0xa0]X[0x87][0xc8]x8T[0x13][0x8]L[0xa4]^3[0x99][0x6] 23[0xe][0x3][0x90][0xdd][0x8b][0xd4][0xa5][0xc5][0xa1][0x9a][0x80]{[0x9]/[0xf3]A[0xb1][0xe]=s[0x90][0x9a][0xd6][0x90][0xd6][0xe4]P[0xab][0xbb]l[0x82][0xd4][0xd7]$/[0xc](=[0xf0][0xc0][0x84][0xf0]B[0x1f][0x2]E[0x14][0xe1]E?[0xc8][0xb1][0x80][0xd4][0xa5][0xa5]Z "[0xad][0xe5]!3[0x10])[0xcd]9H]o[0xea][0xf9][0x8a]`f"[0x90]=[0x90]6EA[0x82][0x5][0x0][0x0][0x0][0xff][0xff]"
16:19:55.285 [main] DEBUG org.apache.http.wire -  << "[\r][\n]"
16:19:55.285 [main] DEBUG org.apache.http.wire -  << "255[\r][\n]"
16:19:55.285 [main] DEBUG org.apache.http.wire -  << ""5[0xc1]#u[0xe7][0xa9][0xe6]+[0xa4]n>[0x99][0x8e]B4[0x87][0xc8]4[0x0][0xd1][0x19][0xa1][0x9e][0xaf][0x10][0xad]h[0x1c][0xd5]4[0x81]L[0x84]4[0x8]@[0xa6][0xaf][0x10]I[0x98][0x9c][0xc5]E&H[0x9b][0xbe][0xc8]t[0x0][0xa2][0x1d]F[0x9e][0x1]Hc[0x3]d[0x1a][0x80][0x18]! [0xd3][0x0]J[0x93][0x16][0xd2][0x2]+[0xf2][0x92][0x1][0xa5][0xa3][0xe]&H[0xab][0xab]p[0xb8][0x0][0xb9]0FZ[0xe][0x85]C5[0x81]d[0x8b]tD&[0xe][0x3][0x90][0xac]3E[0x1a]u +[0x82]L[0x91]F[0x1d][0xc8]4[0x0][0x11][0xc3]8[0xdc][0x8b][0xdf][0xc3][0xa6]H[0xcb][0x97][0x9c]3[0x12][0x8b]rSsR[0xf3]1[0x17]b[0x85][0xe6][0xa5][0xa4]*[0xe4]'''[0xa6][0x82]V[0xf2]($[0x16]%gd[0x96][0xa4]&[0x97][0xe4]#[0xef][0xc8]7EZ[0xcc]D[0xa6]c[0x8][0xe]1[0x11][0xf2][\r][0xa2][0xd0] 3<)lS[0x99]"[0x8d][0xb4]Pa[0xf6][0xcd][0x94][0xc2]k[0x82][0x8d]M[0x91][0x96]>[0x91]S[0x8c][0x9a]R[0xba]y[0xcf][0x14]i([0x87][0xbc]D[0x81]4[0xa0]C[0xa6][0x1][0x88]TE[0xd1][0xf4][0x87])[0xd2]!,[0x14][0x1a]Di*CZ6E^:G[0xba][0xff][0x86][0xbc]@E[0x1a]T"[0xd3][0x0]D[0xe5]F[0xa6][0x1][0x94][0x16]}[0x84][0x87][0x91][0x8][0x94]6H{"I[0xdf][0x8a]b[0x8a]4.UPlHbS[0xd6][0x14]i[0xb9][0x15][0x99][0xc1][0x87]H[0x83]8[0xc]@[0xae][0xe9][0x90][0x96]F[0xe1]PM [0xac][0x90][0x96]F[0xe1]0[0x0][0xd9]:[0xc2][0x83]R[0x84][0xac]C[0xb4][0x89][0xd3]2sr[0x15][0x12][0xf3][0x12][0xb3][0xc1][0x4]F8[0xe7][0xa6][0x16]gg[0x16][0x94][0xe6])[0xa0][0xaa][0xd3]Q[0xc8]/*)U[0xc8]H,*-V(I-I,PHI[0xcc]-[0xc8][0xcc]K[0xcf]T@^[0x6]mJ[0xe9][0x88][0x98])I#b[0xa6]H[0xbb]5Q[0x1d]L}[0x8f]![0xba]k8b[0x8c]P[0x1c] [0x1a][0xd0]8[0xc]@[0x8e]r[0xa4][0x91]3[0x1a]{[0xc]i[0x88][0x8d][0xd6]6[0xd1]-[0x15]"-[0x9a][0xc2][0x11][0xd6][0x4]"[0xb][0xe9]&"[0x1c][0x6][0xa0]D[0x16][0xc1][0xc2][0x83][0x90]u[0x4][0x13][0x17][0xb2]uHk[0x90]p8[0x8e][0x80]uH[0x3][0x97]8[0xc]@[0xb1][0xe][0x11]m8T[0x13][0xb2][0x8e]`[0xef][0x19][0xc5]:D[0xa3][0x95][0xc6][0xe9][0x11]i<[0x94][0xd6]6[0x11][0x8c]_BAH[0xb0][0xf0] `[0x0][0xd2][0x9a]%[0x1a][0xfb][0x15]iK([0xad]mB4yhm[0x13]"[0xb]P[0xa3][0x1b][0x83][0xb4][0xfd][0x94][0xbc][0x1c]e[0x86]h[0xc3][0x93]i[0x0]"[0x93][0xe1]0[0x0]9K"[0x8d][0x8c][0xd3]:[0xa0])M[0xe7]H[0xe3][0xe5]Dx[0xc]il[0x9b][0xc6][0x1e]CZ+Fk[0x9b][0x8][0x96][0xb6][0x4][0x8a][\n]"
16:19:55.285 [main] DEBUG org.apache.http.wire -  << "[0xa4][0xe1]v[0x9c]A[0x18][[0xcb][0x5][0x0][0x0][0x0][0xff][0xff]"
16:19:55.285 [main] DEBUG org.apache.http.wire -  << "[\r][\n]"
16:19:55.285 [main] DEBUG org.apache.http.wire -  << "A[\r][\n]"
16:19:55.285 [main] DEBUG org.apache.http.wire -  << "[0x3][0x0][0xe7]v[0x83][0x80][0x94][0xbb][0x0][0x0]"
16:19:55.285 [main] DEBUG org.apache.http.wire -  << "[\r][\n]"
16:19:55.285 [main] DEBUG org.apache.http.wire -  << "0[\r][\n]"
16:19:55.285 [main] DEBUG org.apache.http.wire -  << "[\r][\n]"
16:19:55.285 [main] DEBUG io.restassured.internal.RestAssuredHttpBuilder - Parsed data to instance of: class org.apache.http.conn.EofSensorInputStream
16:19:55.286 [main] DEBUG org.apache.http.impl.conn.BasicClientConnectionManager - Releasing connection org.apache.http.impl.conn.ManagedClientConnectionImpl@448a6d00
16:19:55.286 [main] DEBUG org.apache.http.impl.conn.BasicClientConnectionManager - Connection can be kept alive indefinitely
16:19:55.304 [main] DEBUG net.thucydides.core.steps.StepInterceptor - STEP DONE: I send GET HTTP request categories2
  &amp#27;[32mWhen &amp#27;[0m&amp#27;[32mI send GET HTTP request categories2&amp#27;[0m               &amp#27;[90m# starter.stepdefinitions.CategoriesSteps.sendGetHttpRequestCategories2()&amp#27;[0m
16:19:55.308 [main] DEBUG net.thucydides.core.steps.StepInterceptor - STARTING STEP: CategoriesSteps.receiveValidHttp200Categories - I receive valid HTTP response code 200 categories
16:19:55.308 [main] DEBUG net.thucydides.core.steps.StepInterceptor - STEP DONE: I receive valid HTTP response code 200 categories
  &amp#27;[32mThen &amp#27;[0m&amp#27;[32mI receive valid HTTP response code 200 categories&amp#27;[0m &amp#27;[90m# starter.stepdefinitions.CategoriesSteps.receiveValidHttp200Categories()&amp#27;[0m
16:19:55.311 [main] INFO  - 
  _____   ___   ___   _____     ___     _     ___   ___   ___   ___  
 |_   _| | __| / __| |_   _|   | _ \   /_\   / __| / __| | __| |   \ 
   | |   | _|  \__ \   | |     |  _/  / _ \  \__ \ \__ \ | _|  | |) |
   |_|   |___| |___/   |_|     |_|   /_/ \_\ |___/ |___/ |___| |___/ 

GET - Get categories by ID
----------------------------------------------------------------------
]]></system-out>
  </testcase>
  <testcase name="DEL - Delete category with ID" classname="Categories" time="0.268">
    <system-out><![CDATA[
Scenario: DEL - Delete category with ID                  &amp#27;[90m# src/test/resources/features/4. Categories.feature:32&amp#27;[0m
16:19:55.317 [main] DEBUG io.cucumber.core.plugin.SerenityReporter - Running feature from file:///C:/Users/WINDOWS%2010/Documents/GitHub/MiniProject_QE/API/minpro/src/test/resources/features/4.%20Categories.feature
16:19:55.322 [main] INFO  - 
  _____   ___   ___   _____     ___   _____     _     ___   _____   ___   ___  
 |_   _| | __| / __| |_   _|   / __| |_   _|   /_\   | _ \ |_   _| | __| |   \ 
   | |   | _|  \__ \   | |     \__ \   | |    / _ \  |   /   | |   | _|  | |) |
   |_|   |___| |___/   |_|     |___/   |_|   /_/ \_\ |_|_\   |_|   |___| |___/ 

DEL - Delete category with ID(categories;del---delete-category-with-id)
--------------------------------------------------------------------------------
16:19:55.333 [Finalizer] DEBUG org.apache.http.impl.conn.DefaultClientConnection - Connection 0.0.0.0:53891<->149.248.193.56:443 closed
16:19:55.345 [main] DEBUG net.thucydides.core.steps.StepInterceptor - STARTING STEP: CategoriesSteps.setDelApiEndpoints - I set DEL api endpoints categories
16:19:55.346 [main] DEBUG net.thucydides.core.steps.StepInterceptor - STEP DONE: I set DEL api endpoints categories
  &amp#27;[32mGiven &amp#27;[0m&amp#27;[32mI set DEL api endpoints categories&amp#27;[0m               &amp#27;[90m# starter.stepdefinitions.CategoriesSteps.setDelApiEndpoints()&amp#27;[0m
16:19:55.354 [main] DEBUG net.thucydides.core.steps.StepInterceptor - STARTING STEP: CategoriesSteps.sendDelHttpRequestCategoriesDel - I send DEL HTTP request categories
16:19:55.355 [main] DEBUG net.thucydides.core.steps.StepInterceptor - STARTING STEP: Categories.sendDelHttpRequestCategories - I set DEL api endpoints categories
16:19:55.355 [main] DEBUG net.thucydides.core.steps.StepInterceptor - STEP DONE: I set DEL api endpoints categories
16:19:55.368 [main] DEBUG org.apache.http.impl.conn.BasicClientConnectionManager - Get connection for route {s}->https://altashop-api.fly.dev:443
16:19:55.368 [main] DEBUG org.apache.http.impl.conn.DefaultClientConnectionOperator - Connecting to altashop-api.fly.dev:443
16:19:55.500 [main] DEBUG org.apache.http.client.protocol.RequestAddCookies - CookieSpec selected: ignoreCookies
16:19:55.501 [main] DEBUG org.apache.http.client.protocol.RequestAuthCache - Auth cache not set in the context
16:19:55.501 [main] DEBUG org.apache.http.client.protocol.RequestTargetAuthentication - Target auth state: UNCHALLENGED
16:19:55.501 [main] DEBUG org.apache.http.client.protocol.RequestProxyAuthentication - Proxy auth state: UNCHALLENGED
16:19:55.501 [main] DEBUG org.apache.http.impl.client.DefaultHttpClient - Attempt 1 to execute request
16:19:55.501 [main] DEBUG org.apache.http.impl.conn.DefaultClientConnection - Sending request: DELETE /api/categories/12510 HTTP/1.1
16:19:55.501 [main] DEBUG org.apache.http.wire -  >> "DELETE /api/categories/12510 HTTP/1.1[\r][\n]"
16:19:55.501 [main] DEBUG org.apache.http.wire -  >> "Accept: */*[\r][\n]"
16:19:55.501 [main] DEBUG org.apache.http.wire -  >> "Host: altashop-api.fly.dev[\r][\n]"
16:19:55.501 [main] DEBUG org.apache.http.wire -  >> "Connection: Keep-Alive[\r][\n]"
16:19:55.501 [main] DEBUG org.apache.http.wire -  >> "User-Agent: Apache-HttpClient/4.5.13 (Java/15)[\r][\n]"
16:19:55.501 [main] DEBUG org.apache.http.wire -  >> "Accept-Encoding: gzip,deflate[\r][\n]"
16:19:55.501 [main] DEBUG org.apache.http.wire -  >> "[\r][\n]"
16:19:55.501 [main] DEBUG org.apache.http.headers - >> DELETE /api/categories/12510 HTTP/1.1
16:19:55.501 [main] DEBUG org.apache.http.headers - >> Accept: */*
16:19:55.501 [main] DEBUG org.apache.http.headers - >> Host: altashop-api.fly.dev
16:19:55.501 [main] DEBUG org.apache.http.headers - >> Connection: Keep-Alive
16:19:55.501 [main] DEBUG org.apache.http.headers - >> User-Agent: Apache-HttpClient/4.5.13 (Java/15)
16:19:55.501 [main] DEBUG org.apache.http.headers - >> Accept-Encoding: gzip,deflate
16:19:55.568 [main] DEBUG org.apache.http.wire -  << "HTTP/1.1 200 OK[\r][\n]"
16:19:55.568 [main] DEBUG org.apache.http.wire -  << "content-type: application/json[\r][\n]"
16:19:55.568 [main] DEBUG org.apache.http.wire -  << "date: Mon, 08 May 2023 09:19:57 GMT[\r][\n]"
16:19:55.568 [main] DEBUG org.apache.http.wire -  << "content-encoding: gzip[\r][\n]"
16:19:55.568 [main] DEBUG org.apache.http.wire -  << "transfer-encoding: chunked[\r][\n]"
16:19:55.568 [main] DEBUG org.apache.http.wire -  << "server: Fly/3f2597ca (2023-05-03)[\r][\n]"
16:19:55.568 [main] DEBUG org.apache.http.wire -  << "via: 1.1 fly.io[\r][\n]"
16:19:55.568 [main] DEBUG org.apache.http.wire -  << "fly-request-id: 01GZXAJ4PEJK4AJT8TEZZSJJCW-sin[\r][\n]"
16:19:55.568 [main] DEBUG org.apache.http.wire -  << "[\r][\n]"
16:19:55.568 [main] DEBUG org.apache.http.impl.conn.DefaultClientConnection - Receiving response: HTTP/1.1 200 OK
16:19:55.568 [main] DEBUG org.apache.http.headers - << HTTP/1.1 200 OK
16:19:55.568 [main] DEBUG org.apache.http.headers - << content-type: application/json
16:19:55.568 [main] DEBUG org.apache.http.headers - << date: Mon, 08 May 2023 09:19:57 GMT
16:19:55.568 [main] DEBUG org.apache.http.headers - << content-encoding: gzip
16:19:55.568 [main] DEBUG org.apache.http.headers - << transfer-encoding: chunked
16:19:55.568 [main] DEBUG org.apache.http.headers - << server: Fly/3f2597ca (2023-05-03)
16:19:55.568 [main] DEBUG org.apache.http.headers - << via: 1.1 fly.io
16:19:55.568 [main] DEBUG org.apache.http.headers - << fly-request-id: 01GZXAJ4PEJK4AJT8TEZZSJJCW-sin
16:19:55.568 [main] DEBUG org.apache.http.impl.client.DefaultHttpClient - Connection can be kept alive indefinitely
16:19:55.568 [main] DEBUG io.restassured.internal.RestAssuredHttpBuilder - Parsing response as: application/json
16:19:55.568 [main] DEBUG org.apache.http.wire -  << "22[\r][\n]"
16:19:55.568 [main] DEBUG org.apache.http.wire -  << "[0x1f][0x8b][0x8][0x0][0x0][0x0][0x0][0x0][0x4][0xff][0xab]VJI,IT[0xb2][0xca]+[0xcd][0xc9][0xa9][0xe5][0x2][0x0][0xa3][0xab][0x8f]W[0xe][0x0][0x0][0x0]"
16:19:55.568 [main] DEBUG org.apache.http.wire -  << "[\r][\n]"
16:19:55.568 [main] DEBUG org.apache.http.wire -  << "0[\r][\n]"
16:19:55.568 [main] DEBUG org.apache.http.wire -  << "[\r][\n]"
16:19:55.568 [main] DEBUG io.restassured.internal.RestAssuredHttpBuilder - Parsed data to instance of: class org.apache.http.conn.EofSensorInputStream
16:19:55.569 [main] DEBUG org.apache.http.impl.conn.BasicClientConnectionManager - Releasing connection org.apache.http.impl.conn.ManagedClientConnectionImpl@34e53c02
16:19:55.569 [main] DEBUG org.apache.http.impl.conn.BasicClientConnectionManager - Connection can be kept alive indefinitely
16:19:55.570 [main] DEBUG net.thucydides.core.steps.StepInterceptor - STEP DONE: I send DEL HTTP request categories
  &amp#27;[32mWhen &amp#27;[0m&amp#27;[32mI send DEL HTTP request categories&amp#27;[0m                &amp#27;[90m# starter.stepdefinitions.CategoriesSteps.sendDelHttpRequestCategoriesDel()&amp#27;[0m
16:19:55.574 [main] DEBUG net.thucydides.core.steps.StepInterceptor - STARTING STEP: CategoriesSteps.receiveValidHttp200Categories - I receive valid HTTP response code 200 categories
16:19:55.575 [main] DEBUG net.thucydides.core.steps.StepInterceptor - STEP DONE: I receive valid HTTP response code 200 categories
  &amp#27;[32mThen &amp#27;[0m&amp#27;[32mI receive valid HTTP response code 200 categories&amp#27;[0m &amp#27;[90m# starter.stepdefinitions.CategoriesSteps.receiveValidHttp200Categories()&amp#27;[0m
16:19:55.579 [main] INFO  - 
  _____   ___   ___   _____     ___     _     ___   ___   ___   ___  
 |_   _| | __| / __| |_   _|   | _ \   /_\   / __| / __| | __| |   \ 
   | |   | _|  \__ \   | |     |  _/  / _ \  \__ \ \__ \ | _|  | |) |
   |_|   |___| |___/   |_|     |_|   /_/ \_\ |___/ |___/ |___| |___/ 

DEL - Delete category with ID
----------------------------------------------------------------------
]]></system-out>
  </testcase>
  <testcase name="DEL - Delete category with invalid ID" classname="Categories" time="0.205">
    <system-out><![CDATA[
Scenario: DEL - Delete category with invalid ID          &amp#27;[90m# src/test/resources/features/4. Categories.feature:37&amp#27;[0m
16:19:55.586 [main] DEBUG io.cucumber.core.plugin.SerenityReporter - Running feature from file:///C:/Users/WINDOWS%2010/Documents/GitHub/MiniProject_QE/API/minpro/src/test/resources/features/4.%20Categories.feature
16:19:55.591 [main] INFO  - 
  _____   ___   ___   _____     ___   _____     _     ___   _____   ___   ___  
 |_   _| | __| / __| |_   _|   / __| |_   _|   /_\   | _ \ |_   _| | __| |   \ 
   | |   | _|  \__ \   | |     \__ \   | |    / _ \  |   /   | |   | _|  | |) |
   |_|   |___| |___/   |_|     |___/   |_|   /_/ \_\ |_|_\   |_|   |___| |___/ 

DEL - Delete category with invalid ID(categories;del---delete-category-with-invalid-id)
--------------------------------------------------------------------------------
16:19:55.613 [main] DEBUG net.thucydides.core.steps.StepInterceptor - STARTING STEP: CategoriesSteps.setDelApiEndpoints2 - I set DEL api endpoints categories2
16:19:55.614 [main] DEBUG net.thucydides.core.steps.StepInterceptor - STEP DONE: I set DEL api endpoints categories2
  &amp#27;[32mGiven &amp#27;[0m&amp#27;[32mI set DEL api endpoints categories2&amp#27;[0m              &amp#27;[90m# starter.stepdefinitions.CategoriesSteps.setDelApiEndpoints2()&amp#27;[0m
16:19:55.619 [main] DEBUG net.thucydides.core.steps.StepInterceptor - STARTING STEP: CategoriesSteps.sendDelHttpRequestCategoriesDel2 - I send DEL HTTP request categories2
16:19:55.621 [main] DEBUG net.thucydides.core.steps.StepInterceptor - STARTING STEP: Categories.sendDelHttpRequestCategories2 - I set DEL api endpoints categories2
16:19:55.621 [main] DEBUG net.thucydides.core.steps.StepInterceptor - STEP DONE: I set DEL api endpoints categories2
16:19:55.627 [main] DEBUG org.apache.http.impl.conn.BasicClientConnectionManager - Get connection for route {s}->https://altashop-api.fly.dev:443
16:19:55.627 [main] DEBUG org.apache.http.impl.conn.DefaultClientConnectionOperator - Connecting to altashop-api.fly.dev:443
16:19:55.726 [main] DEBUG org.apache.http.client.protocol.RequestAddCookies - CookieSpec selected: ignoreCookies
16:19:55.726 [main] DEBUG org.apache.http.client.protocol.RequestAuthCache - Auth cache not set in the context
16:19:55.726 [main] DEBUG org.apache.http.client.protocol.RequestTargetAuthentication - Target auth state: UNCHALLENGED
16:19:55.726 [main] DEBUG org.apache.http.client.protocol.RequestProxyAuthentication - Proxy auth state: UNCHALLENGED
16:19:55.726 [main] DEBUG org.apache.http.impl.client.DefaultHttpClient - Attempt 1 to execute request
16:19:55.726 [main] DEBUG org.apache.http.impl.conn.DefaultClientConnection - Sending request: DELETE /api/categories/-12510 HTTP/1.1
16:19:55.726 [main] DEBUG org.apache.http.wire -  >> "DELETE /api/categories/-12510 HTTP/1.1[\r][\n]"
16:19:55.726 [main] DEBUG org.apache.http.wire -  >> "Accept: */*[\r][\n]"
16:19:55.726 [main] DEBUG org.apache.http.wire -  >> "Host: altashop-api.fly.dev[\r][\n]"
16:19:55.726 [main] DEBUG org.apache.http.wire -  >> "Connection: Keep-Alive[\r][\n]"
16:19:55.726 [main] DEBUG org.apache.http.wire -  >> "User-Agent: Apache-HttpClient/4.5.13 (Java/15)[\r][\n]"
16:19:55.726 [main] DEBUG org.apache.http.wire -  >> "Accept-Encoding: gzip,deflate[\r][\n]"
16:19:55.726 [main] DEBUG org.apache.http.wire -  >> "[\r][\n]"
16:19:55.726 [main] DEBUG org.apache.http.headers - >> DELETE /api/categories/-12510 HTTP/1.1
16:19:55.726 [main] DEBUG org.apache.http.headers - >> Accept: */*
16:19:55.726 [main] DEBUG org.apache.http.headers - >> Host: altashop-api.fly.dev
16:19:55.726 [main] DEBUG org.apache.http.headers - >> Connection: Keep-Alive
16:19:55.726 [main] DEBUG org.apache.http.headers - >> User-Agent: Apache-HttpClient/4.5.13 (Java/15)
16:19:55.726 [main] DEBUG org.apache.http.headers - >> Accept-Encoding: gzip,deflate
16:19:55.777 [main] DEBUG org.apache.http.wire -  << "HTTP/1.1 500 Internal Server Error[\r][\n]"
16:19:55.777 [main] DEBUG org.apache.http.wire -  << "content-type: application/json[\r][\n]"
16:19:55.777 [main] DEBUG org.apache.http.wire -  << "date: Mon, 08 May 2023 09:19:57 GMT[\r][\n]"
16:19:55.777 [main] DEBUG org.apache.http.wire -  << "content-encoding: gzip[\r][\n]"
16:19:55.777 [main] DEBUG org.apache.http.wire -  << "transfer-encoding: chunked[\r][\n]"
16:19:55.777 [main] DEBUG org.apache.http.wire -  << "server: Fly/3f2597ca (2023-05-03)[\r][\n]"
16:19:55.777 [main] DEBUG org.apache.http.wire -  << "via: 1.1 fly.io[\r][\n]"
16:19:55.777 [main] DEBUG org.apache.http.wire -  << "fly-request-id: 01GZXAJ4XD0EJNY72NNP07MK9D-sin[\r][\n]"
16:19:55.777 [main] DEBUG org.apache.http.wire -  << "[\r][\n]"
16:19:55.777 [main] DEBUG org.apache.http.impl.conn.DefaultClientConnection - Receiving response: HTTP/1.1 500 Internal Server Error
16:19:55.777 [main] DEBUG org.apache.http.headers - << HTTP/1.1 500 Internal Server Error
16:19:55.777 [main] DEBUG org.apache.http.headers - << content-type: application/json
16:19:55.777 [main] DEBUG org.apache.http.headers - << date: Mon, 08 May 2023 09:19:57 GMT
16:19:55.777 [main] DEBUG org.apache.http.headers - << content-encoding: gzip
16:19:55.777 [main] DEBUG org.apache.http.headers - << transfer-encoding: chunked
16:19:55.777 [main] DEBUG org.apache.http.headers - << server: Fly/3f2597ca (2023-05-03)
16:19:55.777 [main] DEBUG org.apache.http.headers - << via: 1.1 fly.io
16:19:55.777 [main] DEBUG org.apache.http.headers - << fly-request-id: 01GZXAJ4XD0EJNY72NNP07MK9D-sin
16:19:55.778 [main] DEBUG org.apache.http.impl.client.DefaultHttpClient - Connection can be kept alive indefinitely
16:19:55.778 [main] DEBUG io.restassured.internal.RestAssuredHttpBuilder - Parsing response as: application/json
16:19:55.778 [main] DEBUG org.apache.http.wire -  << "5C[\r][\n]"
16:19:55.778 [main] DEBUG org.apache.http.wire -  << "[0x1f][0x8b][0x8][0x0][0x0][0x0][0x0][0x0][0x4][0xff][0xab]VJ-*[0xca]/R[0xb2]R2[0xb4]01137110767[0xb0]45[0xb6]440S[0xc8],VH/JM,I-R([0xc9]H[0xcc]S[0xc8]M[0xac][0xc8][0xcc]-[0xcd]U(K[0xcc])MUH[0xcb]/R[0xf0][0xcc]+1Q[0xaa][0xe5][0x2][0x0]g[0xb3][0xb][0x10]H[0x0][0x0][0x0]"
16:19:55.778 [main] DEBUG org.apache.http.wire -  << "[\r][\n]"
16:19:55.778 [main] DEBUG org.apache.http.wire -  << "0[\r][\n]"
16:19:55.778 [main] DEBUG org.apache.http.wire -  << "[\r][\n]"
16:19:55.778 [main] DEBUG io.restassured.internal.RestAssuredHttpBuilder - Parsed data to instance of: class org.apache.http.conn.EofSensorInputStream
16:19:55.779 [main] DEBUG org.apache.http.impl.conn.BasicClientConnectionManager - Releasing connection org.apache.http.impl.conn.ManagedClientConnectionImpl@779448b8
16:19:55.779 [main] DEBUG org.apache.http.impl.conn.BasicClientConnectionManager - Connection can be kept alive indefinitely
16:19:55.780 [main] DEBUG net.thucydides.core.steps.StepInterceptor - STEP DONE: I send DEL HTTP request categories2
  &amp#27;[32mWhen &amp#27;[0m&amp#27;[32mI send DEL HTTP request categories2&amp#27;[0m               &amp#27;[90m# starter.stepdefinitions.CategoriesSteps.sendDelHttpRequestCategoriesDel2()&amp#27;[0m
16:19:55.784 [main] DEBUG net.thucydides.core.steps.StepInterceptor - STARTING STEP: CategoriesSteps.receiveValidHttp500Categories - I receive valid HTTP response code 500 categories
16:19:55.784 [main] DEBUG net.thucydides.core.steps.StepInterceptor - STEP DONE: I receive valid HTTP response code 500 categories
  &amp#27;[32mThen &amp#27;[0m&amp#27;[32mI receive valid HTTP response code 500 categories&amp#27;[0m &amp#27;[90m# starter.stepdefinitions.CategoriesSteps.receiveValidHttp500Categories()&amp#27;[0m
16:19:55.786 [main] INFO  - 
  _____   ___   ___   _____     ___     _     ___   ___   ___   ___  
 |_   _| | __| / __| |_   _|   | _ \   /_\   / __| / __| | __| |   \ 
   | |   | _|  \__ \   | |     |  _/  / _ \  \__ \ \__ \ | _|  | |) |
   |_|   |___| |___/   |_|     |_|   /_/ \_\ |___/ |___/ |___| |___/ 

DEL - Delete category with invalid ID
----------------------------------------------------------------------
]]></system-out>
  </testcase>
  <testcase name="POST - Add new product product" classname="Product" time="0.257">
    <system-out><![CDATA[16:19:55.787 [main] DEBUG io.cucumber.core.plugin.SerenityReporter - Running feature from file:///C:/Users/WINDOWS%2010/Documents/GitHub/MiniProject_QE/API/minpro/src/test/resources/features/5.%20Product.feature
16:19:55.790 [main] DEBUG net.thucydides.core.steps.StepEventBus - Test suite started for story net.thucydides.core.model.Story@5c78189e
16:19:55.791 [main] INFO  - Test Suite Started: Product

Scenario: POST - Add new product product              &amp#27;[90m# src/test/resources/features/5. Product.feature:7&amp#27;[0m
16:19:55.795 [main] DEBUG io.cucumber.core.plugin.SerenityReporter - Running feature from file:///C:/Users/WINDOWS%2010/Documents/GitHub/MiniProject_QE/API/minpro/src/test/resources/features/5.%20Product.feature
16:19:55.799 [main] INFO  - 
  _____   ___   ___   _____     ___   _____     _     ___   _____   ___   ___  
 |_   _| | __| / __| |_   _|   / __| |_   _|   /_\   | _ \ |_   _| | __| |   \ 
   | |   | _|  \__ \   | |     \__ \   | |    / _ \  |   /   | |   | _|  | |) |
   |_|   |___| |___/   |_|     |___/   |_|   /_/ \_\ |_|_\   |_|   |___| |___/ 

POST - Add new product product(product;post---add-new-product-product)
--------------------------------------------------------------------------------
16:19:55.823 [main] DEBUG net.thucydides.core.steps.StepInterceptor - STARTING STEP: ProductSteps.setPostApiEndpointsProduct - I set POST api endpoints product
16:19:55.823 [main] DEBUG net.thucydides.core.steps.StepInterceptor - STEP DONE: I set POST api endpoints product
  &amp#27;[32mGiven &amp#27;[0m&amp#27;[32mI set POST api endpoints product&amp#27;[0m              &amp#27;[90m# starter.stepdefinitions.ProductSteps.setPostApiEndpointsProduct()&amp#27;[0m
16:19:55.827 [main] DEBUG net.thucydides.core.steps.StepInterceptor - STARTING STEP: ProductSteps.sendPostHttpRequestProduct - I send POST HTTP request product
16:19:55.830 [main] DEBUG net.thucydides.core.steps.StepInterceptor - STARTING STEP: Product.sendPostHttpRequestProduct - I set POST api endpoints product
16:19:55.830 [main] DEBUG net.thucydides.core.steps.StepInterceptor - STEP DONE: I set POST api endpoints product
16:19:55.841 [main] DEBUG org.apache.http.impl.conn.BasicClientConnectionManager - Get connection for route {s}->https://altashop-api.fly.dev:443
16:19:55.842 [main] DEBUG org.apache.http.impl.conn.DefaultClientConnectionOperator - Connecting to altashop-api.fly.dev:443
16:19:55.962 [main] DEBUG org.apache.http.client.protocol.RequestAddCookies - CookieSpec selected: ignoreCookies
16:19:55.963 [main] DEBUG org.apache.http.client.protocol.RequestAuthCache - Auth cache not set in the context
16:19:55.963 [main] DEBUG org.apache.http.client.protocol.RequestTargetAuthentication - Target auth state: UNCHALLENGED
16:19:55.963 [main] DEBUG org.apache.http.client.protocol.RequestProxyAuthentication - Proxy auth state: UNCHALLENGED
16:19:55.963 [main] DEBUG org.apache.http.impl.client.DefaultHttpClient - Attempt 1 to execute request
16:19:55.963 [main] DEBUG org.apache.http.impl.conn.DefaultClientConnection - Sending request: POST /api/products HTTP/1.1
16:19:55.963 [main] DEBUG org.apache.http.wire -  >> "POST /api/products HTTP/1.1[\r][\n]"
16:19:55.963 [main] DEBUG org.apache.http.wire -  >> "Accept: */*[\r][\n]"
16:19:55.963 [main] DEBUG org.apache.http.wire -  >> "Content-Type: application/json[\r][\n]"
16:19:55.963 [main] DEBUG org.apache.http.wire -  >> "Content-Length: 76[\r][\n]"
16:19:55.963 [main] DEBUG org.apache.http.wire -  >> "Host: altashop-api.fly.dev[\r][\n]"
16:19:55.963 [main] DEBUG org.apache.http.wire -  >> "Connection: Keep-Alive[\r][\n]"
16:19:55.963 [main] DEBUG org.apache.http.wire -  >> "User-Agent: Apache-HttpClient/4.5.13 (Java/15)[\r][\n]"
16:19:55.963 [main] DEBUG org.apache.http.wire -  >> "Accept-Encoding: gzip,deflate[\r][\n]"
16:19:55.963 [main] DEBUG org.apache.http.wire -  >> "[\r][\n]"
16:19:55.963 [main] DEBUG org.apache.http.headers - >> POST /api/products HTTP/1.1
16:19:55.963 [main] DEBUG org.apache.http.headers - >> Accept: */*
16:19:55.963 [main] DEBUG org.apache.http.headers - >> Content-Type: application/json
16:19:55.963 [main] DEBUG org.apache.http.headers - >> Content-Length: 76
16:19:55.963 [main] DEBUG org.apache.http.headers - >> Host: altashop-api.fly.dev
16:19:55.963 [main] DEBUG org.apache.http.headers - >> Connection: Keep-Alive
16:19:55.963 [main] DEBUG org.apache.http.headers - >> User-Agent: Apache-HttpClient/4.5.13 (Java/15)
16:19:55.963 [main] DEBUG org.apache.http.headers - >> Accept-Encoding: gzip,deflate
16:19:55.963 [main] DEBUG org.apache.http.wire -  >> "{"price":499,"name":"XBOX1","description":"For gaming","categories":[12541]}"
16:19:56.028 [main] DEBUG org.apache.http.wire -  << "HTTP/1.1 200 OK[\r][\n]"
16:19:56.028 [main] DEBUG org.apache.http.wire -  << "content-type: application/json[\r][\n]"
16:19:56.028 [main] DEBUG org.apache.http.wire -  << "date: Mon, 08 May 2023 09:19:57 GMT[\r][\n]"
16:19:56.028 [main] DEBUG org.apache.http.wire -  << "content-encoding: gzip[\r][\n]"
16:19:56.028 [main] DEBUG org.apache.http.wire -  << "transfer-encoding: chunked[\r][\n]"
16:19:56.028 [main] DEBUG org.apache.http.wire -  << "server: Fly/3f2597ca (2023-05-03)[\r][\n]"
16:19:56.028 [main] DEBUG org.apache.http.wire -  << "via: 1.1 fly.io[\r][\n]"
16:19:56.028 [main] DEBUG org.apache.http.wire -  << "fly-request-id: 01GZXAJ54TXNT6HKJWSCXZR7B1-sin[\r][\n]"
16:19:56.028 [main] DEBUG org.apache.http.wire -  << "[\r][\n]"
16:19:56.028 [main] DEBUG org.apache.http.impl.conn.DefaultClientConnection - Receiving response: HTTP/1.1 200 OK
16:19:56.028 [main] DEBUG org.apache.http.headers - << HTTP/1.1 200 OK
16:19:56.028 [main] DEBUG org.apache.http.headers - << content-type: application/json
16:19:56.028 [main] DEBUG org.apache.http.headers - << date: Mon, 08 May 2023 09:19:57 GMT
16:19:56.028 [main] DEBUG org.apache.http.headers - << content-encoding: gzip
16:19:56.028 [main] DEBUG org.apache.http.headers - << transfer-encoding: chunked
16:19:56.028 [main] DEBUG org.apache.http.headers - << server: Fly/3f2597ca (2023-05-03)
16:19:56.028 [main] DEBUG org.apache.http.headers - << via: 1.1 fly.io
16:19:56.028 [main] DEBUG org.apache.http.headers - << fly-request-id: 01GZXAJ54TXNT6HKJWSCXZR7B1-sin
16:19:56.028 [main] DEBUG org.apache.http.impl.client.DefaultHttpClient - Connection can be kept alive indefinitely
16:19:56.028 [main] DEBUG io.restassured.internal.RestAssuredHttpBuilder - Parsing response as: application/json
16:19:56.028 [main] DEBUG org.apache.http.wire -  << "94[\r][\n]"
16:19:56.028 [main] DEBUG org.apache.http.wire -  << "[0x1f][0x8b][0x8][0x0][0x0][0x0][0x0][0x0][0x4][0xff][0xab]VJI,IT[0xb2][0xaa]V[0xf2]tQ[0xb2]24162[0xd3]Q[0xf2]K[0xcc]MU[0xb2]R[0x8a]p[0xf2][0x8f]0T[0xd2]QrI-N.[0xca],([0xc9][0xcc][0xcf]S[0xb2]Rr[0xcb]/RHO[0xcc][0xcd][0xcc]KW[0xd2]Q[\n]"
16:19:56.028 [main] DEBUG org.apache.http.wire -  << "([0xca]LNU[0xb2]2[0xb1][0xb4][0xd4]Q[\n]"
16:19:56.028 [main] DEBUG org.apache.http.wire -  << "J,[0xc9][0xcc]K/V[0xb2]2[0xd0]QrN,IM[0xcf]/[0xca]L-V[0xb2][0x8a][0x86][0x9a]mdjb[0x8]7[0xdb][0x1d]f[0x2].[0xc3][0x15][\n]"
16:19:56.028 [main] DEBUG org.apache.http.wire -  << "J[0x8b][\n]"
16:19:56.028 [main] DEBUG org.apache.http.wire -  << "[0xf2][0x8b]S[0x8b][0x95]jckk[0xb9][0x0][0xc0][0xa7][0xbf][0xcf][0xa8][0x0][0x0][0x0]"
16:19:56.028 [main] DEBUG org.apache.http.wire -  << "[\r][\n]"
16:19:56.038 [main] DEBUG org.apache.http.wire -  << "0[\r][\n]"
16:19:56.038 [main] DEBUG org.apache.http.wire -  << "[\r][\n]"
16:19:56.039 [main] DEBUG io.restassured.internal.RestAssuredHttpBuilder - Parsed data to instance of: class org.apache.http.conn.EofSensorInputStream
16:19:56.039 [main] DEBUG org.apache.http.impl.conn.BasicClientConnectionManager - Releasing connection org.apache.http.impl.conn.ManagedClientConnectionImpl@6aa18912
16:19:56.039 [main] DEBUG org.apache.http.impl.conn.BasicClientConnectionManager - Connection can be kept alive indefinitely
16:19:56.040 [main] DEBUG net.thucydides.core.steps.StepInterceptor - STEP DONE: I send POST HTTP request product
  &amp#27;[32mWhen &amp#27;[0m&amp#27;[32mI send POST HTTP request product&amp#27;[0m               &amp#27;[90m# starter.stepdefinitions.ProductSteps.sendPostHttpRequestProduct()&amp#27;[0m
16:19:56.044 [main] DEBUG net.thucydides.core.steps.StepInterceptor - STARTING STEP: ProductSteps.receiveValidHttp200Product - I receive valid HTTP response code 200 product
16:19:56.044 [main] DEBUG net.thucydides.core.steps.StepInterceptor - STEP DONE: I receive valid HTTP response code 200 product
  &amp#27;[32mThen &amp#27;[0m&amp#27;[32mI receive valid HTTP response code 200 product&amp#27;[0m &amp#27;[90m# starter.stepdefinitions.ProductSteps.receiveValidHttp200Product()&amp#27;[0m
16:19:56.047 [main] INFO  - 
  _____   ___   ___   _____     ___     _     ___   ___   ___   ___  
 |_   _| | __| / __| |_   _|   | _ \   /_\   / __| / __| | __| |   \ 
   | |   | _|  \__ \   | |     |  _/  / _ \  \__ \ \__ \ | _|  | |) |
   |_|   |___| |___/   |_|     |_|   /_/ \_\ |___/ |___/ |___| |___/ 

POST - Add new product product
----------------------------------------------------------------------
]]></system-out>
  </testcase>
  <testcase name="POST - Add new product without fill name" classname="Product" time="0.229">
    <system-out><![CDATA[
Scenario: POST - Add new product without fill name    &amp#27;[90m# src/test/resources/features/5. Product.feature:12&amp#27;[0m
16:19:56.053 [main] DEBUG io.cucumber.core.plugin.SerenityReporter - Running feature from file:///C:/Users/WINDOWS%2010/Documents/GitHub/MiniProject_QE/API/minpro/src/test/resources/features/5.%20Product.feature
16:19:56.057 [main] INFO  - 
  _____   ___   ___   _____     ___   _____     _     ___   _____   ___   ___  
 |_   _| | __| / __| |_   _|   / __| |_   _|   /_\   | _ \ |_   _| | __| |   \ 
   | |   | _|  \__ \   | |     \__ \   | |    / _ \  |   /   | |   | _|  | |) |
   |_|   |___| |___/   |_|     |___/   |_|   /_/ \_\ |_|_\   |_|   |___| |___/ 

POST - Add new product without fill name(product;post---add-new-product-without-fill-name)
--------------------------------------------------------------------------------
16:19:56.076 [main] DEBUG net.thucydides.core.steps.StepInterceptor - STARTING STEP: ProductSteps.setPostApiEndpointsProduct - I set POST api endpoints product
16:19:56.077 [main] DEBUG net.thucydides.core.steps.StepInterceptor - STEP DONE: I set POST api endpoints product
  &amp#27;[32mGiven &amp#27;[0m&amp#27;[32mI set POST api endpoints product&amp#27;[0m              &amp#27;[90m# starter.stepdefinitions.ProductSteps.setPostApiEndpointsProduct()&amp#27;[0m
16:19:56.084 [main] DEBUG net.thucydides.core.steps.StepInterceptor - STARTING STEP: ProductSteps.sendPostHttpRequestProduct2 - I send POST HTTP request product2
16:19:56.087 [main] DEBUG net.thucydides.core.steps.StepInterceptor - STARTING STEP: Product.sendPostHttpRequestProduct2 - I set POST api endpoints product
16:19:56.087 [main] DEBUG net.thucydides.core.steps.StepInterceptor - STEP DONE: I set POST api endpoints product
16:19:56.111 [main] DEBUG org.apache.http.impl.conn.BasicClientConnectionManager - Get connection for route {s}->https://altashop-api.fly.dev:443
16:19:56.111 [main] DEBUG org.apache.http.impl.conn.DefaultClientConnectionOperator - Connecting to altashop-api.fly.dev:443
16:19:56.217 [main] DEBUG org.apache.http.client.protocol.RequestAddCookies - CookieSpec selected: ignoreCookies
16:19:56.217 [main] DEBUG org.apache.http.client.protocol.RequestAuthCache - Auth cache not set in the context
16:19:56.217 [main] DEBUG org.apache.http.client.protocol.RequestTargetAuthentication - Target auth state: UNCHALLENGED
16:19:56.217 [main] DEBUG org.apache.http.client.protocol.RequestProxyAuthentication - Proxy auth state: UNCHALLENGED
16:19:56.217 [main] DEBUG org.apache.http.impl.client.DefaultHttpClient - Attempt 1 to execute request
16:19:56.217 [main] DEBUG org.apache.http.impl.conn.DefaultClientConnection - Sending request: POST /api/products HTTP/1.1
16:19:56.217 [main] DEBUG org.apache.http.wire -  >> "POST /api/products HTTP/1.1[\r][\n]"
16:19:56.217 [main] DEBUG org.apache.http.wire -  >> "Accept: */*[\r][\n]"
16:19:56.217 [main] DEBUG org.apache.http.wire -  >> "Content-Type: application/json[\r][\n]"
16:19:56.217 [main] DEBUG org.apache.http.wire -  >> "Content-Length: 71[\r][\n]"
16:19:56.217 [main] DEBUG org.apache.http.wire -  >> "Host: altashop-api.fly.dev[\r][\n]"
16:19:56.217 [main] DEBUG org.apache.http.wire -  >> "Connection: Keep-Alive[\r][\n]"
16:19:56.217 [main] DEBUG org.apache.http.wire -  >> "User-Agent: Apache-HttpClient/4.5.13 (Java/15)[\r][\n]"
16:19:56.217 [main] DEBUG org.apache.http.wire -  >> "Accept-Encoding: gzip,deflate[\r][\n]"
16:19:56.217 [main] DEBUG org.apache.http.wire -  >> "[\r][\n]"
16:19:56.217 [main] DEBUG org.apache.http.headers - >> POST /api/products HTTP/1.1
16:19:56.217 [main] DEBUG org.apache.http.headers - >> Accept: */*
16:19:56.217 [main] DEBUG org.apache.http.headers - >> Content-Type: application/json
16:19:56.217 [main] DEBUG org.apache.http.headers - >> Content-Length: 71
16:19:56.217 [main] DEBUG org.apache.http.headers - >> Host: altashop-api.fly.dev
16:19:56.217 [main] DEBUG org.apache.http.headers - >> Connection: Keep-Alive
16:19:56.217 [main] DEBUG org.apache.http.headers - >> User-Agent: Apache-HttpClient/4.5.13 (Java/15)
16:19:56.217 [main] DEBUG org.apache.http.headers - >> Accept-Encoding: gzip,deflate
16:19:56.217 [main] DEBUG org.apache.http.wire -  >> "{"price":499,"name":"","description":"For gaming","categories":[12541]}"
16:19:56.267 [main] DEBUG org.apache.http.wire -  << "HTTP/1.1 500 Internal Server Error[\r][\n]"
16:19:56.267 [main] DEBUG org.apache.http.wire -  << "content-type: application/json[\r][\n]"
16:19:56.267 [main] DEBUG org.apache.http.wire -  << "date: Mon, 08 May 2023 09:19:57 GMT[\r][\n]"
16:19:56.267 [main] DEBUG org.apache.http.wire -  << "content-encoding: gzip[\r][\n]"
16:19:56.267 [main] DEBUG org.apache.http.wire -  << "transfer-encoding: chunked[\r][\n]"
16:19:56.267 [main] DEBUG org.apache.http.wire -  << "server: Fly/3f2597ca (2023-05-03)[\r][\n]"
16:19:56.267 [main] DEBUG org.apache.http.wire -  << "via: 1.1 fly.io[\r][\n]"
16:19:56.267 [main] DEBUG org.apache.http.wire -  << "fly-request-id: 01GZXAJ5CS191TKDTWBFCZZR5N-sin[\r][\n]"
16:19:56.267 [main] DEBUG org.apache.http.wire -  << "[\r][\n]"
16:19:56.267 [main] DEBUG org.apache.http.impl.conn.DefaultClientConnection - Receiving response: HTTP/1.1 500 Internal Server Error
16:19:56.267 [main] DEBUG org.apache.http.headers - << HTTP/1.1 500 Internal Server Error
16:19:56.267 [main] DEBUG org.apache.http.headers - << content-type: application/json
16:19:56.267 [main] DEBUG org.apache.http.headers - << date: Mon, 08 May 2023 09:19:57 GMT
16:19:56.267 [main] DEBUG org.apache.http.headers - << content-encoding: gzip
16:19:56.267 [main] DEBUG org.apache.http.headers - << transfer-encoding: chunked
16:19:56.267 [main] DEBUG org.apache.http.headers - << server: Fly/3f2597ca (2023-05-03)
16:19:56.267 [main] DEBUG org.apache.http.headers - << via: 1.1 fly.io
16:19:56.267 [main] DEBUG org.apache.http.headers - << fly-request-id: 01GZXAJ5CS191TKDTWBFCZZR5N-sin
16:19:56.267 [main] DEBUG org.apache.http.impl.client.DefaultHttpClient - Connection can be kept alive indefinitely
16:19:56.267 [main] DEBUG io.restassured.internal.RestAssuredHttpBuilder - Parsing response as: application/json
16:19:56.267 [main] DEBUG org.apache.http.wire -  << "80[\r][\n]"
16:19:56.267 [main] DEBUG org.apache.http.wire -  << "[0x1f][0x8b][0x8][0x0][0x0][0x0][0x0][0x0][0x4][0xff][0xab]VJ-*[0xca]/R[0xb2]Rr[\r][\n]"
16:19:56.267 [main] DEBUG org.apache.http.wire -  << "[0xf2][0xf][0xb2]R[0xc8]K-W([0xca]/WH[0xcb]/R(J[0xcd]I,[0xc9][0xcc][0xcf]S[0x88]Q*([0xca]O)M.)[0x8e]QR([0xcb][0xcc][0xcf]I,I-VH[0xce]HM[0xce]VH[0xce][0xcf]+.)J[0xcc][0xcc]+AR[0x16][0x9f][0x97][0x98][0x9b][0x1a][0xf]V[0x10][0xa3][0xa4][0xa0][0x11][0x1c][0xe8][0x13][0x1c][0xe2][0x18][0xe2][0xaa]`dljh[0xa2][0xa9]T[0xcb][0x5][0x0]5m[0xa8][0xef]x[0x0][0x0][0x0]"
16:19:56.267 [main] DEBUG org.apache.http.wire -  << "[\r][\n]"
16:19:56.268 [main] DEBUG org.apache.http.wire -  << "0[\r][\n]"
16:19:56.268 [main] DEBUG org.apache.http.wire -  << "[\r][\n]"
16:19:56.268 [main] DEBUG io.restassured.internal.RestAssuredHttpBuilder - Parsed data to instance of: class org.apache.http.conn.EofSensorInputStream
16:19:56.269 [main] DEBUG org.apache.http.impl.conn.BasicClientConnectionManager - Releasing connection org.apache.http.impl.conn.ManagedClientConnectionImpl@2941631f
16:19:56.269 [main] DEBUG org.apache.http.impl.conn.BasicClientConnectionManager - Connection can be kept alive indefinitely
16:19:56.269 [main] DEBUG net.thucydides.core.steps.StepInterceptor - STEP DONE: I send POST HTTP request product2
  &amp#27;[32mWhen &amp#27;[0m&amp#27;[32mI send POST HTTP request product2&amp#27;[0m              &amp#27;[90m# starter.stepdefinitions.ProductSteps.sendPostHttpRequestProduct2()&amp#27;[0m
16:19:56.273 [main] DEBUG net.thucydides.core.steps.StepInterceptor - STARTING STEP: ProductSteps.receiveValidHttp500Product - I receive valid HTTP response code 500 product
16:19:56.274 [main] DEBUG net.thucydides.core.steps.StepInterceptor - STEP DONE: I receive valid HTTP response code 500 product
  &amp#27;[32mThen &amp#27;[0m&amp#27;[32mI receive valid HTTP response code 500 product&amp#27;[0m &amp#27;[90m# starter.stepdefinitions.ProductSteps.receiveValidHttp500Product()&amp#27;[0m
16:19:56.277 [main] INFO  - 
  _____   ___   ___   _____     ___     _     ___   ___   ___   ___  
 |_   _| | __| / __| |_   _|   | _ \   /_\   / __| / __| | __| |   \ 
   | |   | _|  \__ \   | |     |  _/  / _ \  \__ \ \__ \ | _|  | |) |
   |_|   |___| |___/   |_|     |_|   /_/ \_\ |___/ |___/ |___| |___/ 

POST - Add new product without fill name
----------------------------------------------------------------------
]]></system-out>
  </testcase>
  <testcase name="POST - Add new product without fill description" classname="Product" time="0.208">
    <system-out><![CDATA[
Scenario: POST - Add new product without fill description &amp#27;[90m# src/test/resources/features/5. Product.feature:17&amp#27;[0m
16:19:56.283 [main] DEBUG io.cucumber.core.plugin.SerenityReporter - Running feature from file:///C:/Users/WINDOWS%2010/Documents/GitHub/MiniProject_QE/API/minpro/src/test/resources/features/5.%20Product.feature
16:19:56.288 [main] INFO  - 
  _____   ___   ___   _____     ___   _____     _     ___   _____   ___   ___  
 |_   _| | __| / __| |_   _|   / __| |_   _|   /_\   | _ \ |_   _| | __| |   \ 
   | |   | _|  \__ \   | |     \__ \   | |    / _ \  |   /   | |   | _|  | |) |
   |_|   |___| |___/   |_|     |___/   |_|   /_/ \_\ |_|_\   |_|   |___| |___/ 

POST - Add new product without fill description(product;post---add-new-product-without-fill-description)
--------------------------------------------------------------------------------
16:19:56.308 [main] DEBUG net.thucydides.core.steps.StepInterceptor - STARTING STEP: ProductSteps.setPostApiEndpointsProduct - I set POST api endpoints product
16:19:56.309 [main] DEBUG net.thucydides.core.steps.StepInterceptor - STEP DONE: I set POST api endpoints product
  &amp#27;[32mGiven &amp#27;[0m&amp#27;[32mI set POST api endpoints product&amp#27;[0m                  &amp#27;[90m# starter.stepdefinitions.ProductSteps.setPostApiEndpointsProduct()&amp#27;[0m
16:19:56.316 [main] DEBUG net.thucydides.core.steps.StepInterceptor - STARTING STEP: ProductSteps.sendPostHttpRequestProduct3 - I send POST HTTP request product3
16:19:56.318 [main] DEBUG net.thucydides.core.steps.StepInterceptor - STARTING STEP: Product.sendPostHttpRequestProduct3 - I set POST api endpoints product
16:19:56.318 [main] DEBUG net.thucydides.core.steps.StepInterceptor - STEP DONE: I set POST api endpoints product
16:19:56.336 [main] DEBUG org.apache.http.impl.conn.BasicClientConnectionManager - Get connection for route {s}->https://altashop-api.fly.dev:443
16:19:56.336 [main] DEBUG org.apache.http.impl.conn.DefaultClientConnectionOperator - Connecting to altashop-api.fly.dev:443
16:19:56.427 [main] DEBUG org.apache.http.client.protocol.RequestAddCookies - CookieSpec selected: ignoreCookies
16:19:56.427 [main] DEBUG org.apache.http.client.protocol.RequestAuthCache - Auth cache not set in the context
16:19:56.427 [main] DEBUG org.apache.http.client.protocol.RequestTargetAuthentication - Target auth state: UNCHALLENGED
16:19:56.427 [main] DEBUG org.apache.http.client.protocol.RequestProxyAuthentication - Proxy auth state: UNCHALLENGED
16:19:56.427 [main] DEBUG org.apache.http.impl.client.DefaultHttpClient - Attempt 1 to execute request
16:19:56.427 [main] DEBUG org.apache.http.impl.conn.DefaultClientConnection - Sending request: POST /api/products HTTP/1.1
16:19:56.427 [main] DEBUG org.apache.http.wire -  >> "POST /api/products HTTP/1.1[\r][\n]"
16:19:56.427 [main] DEBUG org.apache.http.wire -  >> "Accept: */*[\r][\n]"
16:19:56.427 [main] DEBUG org.apache.http.wire -  >> "Content-Type: application/json[\r][\n]"
16:19:56.427 [main] DEBUG org.apache.http.wire -  >> "Content-Length: 66[\r][\n]"
16:19:56.427 [main] DEBUG org.apache.http.wire -  >> "Host: altashop-api.fly.dev[\r][\n]"
16:19:56.427 [main] DEBUG org.apache.http.wire -  >> "Connection: Keep-Alive[\r][\n]"
16:19:56.427 [main] DEBUG org.apache.http.wire -  >> "User-Agent: Apache-HttpClient/4.5.13 (Java/15)[\r][\n]"
16:19:56.427 [main] DEBUG org.apache.http.wire -  >> "Accept-Encoding: gzip,deflate[\r][\n]"
16:19:56.427 [main] DEBUG org.apache.http.wire -  >> "[\r][\n]"
16:19:56.427 [main] DEBUG org.apache.http.headers - >> POST /api/products HTTP/1.1
16:19:56.427 [main] DEBUG org.apache.http.headers - >> Accept: */*
16:19:56.427 [main] DEBUG org.apache.http.headers - >> Content-Type: application/json
16:19:56.427 [main] DEBUG org.apache.http.headers - >> Content-Length: 66
16:19:56.427 [main] DEBUG org.apache.http.headers - >> Host: altashop-api.fly.dev
16:19:56.427 [main] DEBUG org.apache.http.headers - >> Connection: Keep-Alive
16:19:56.427 [main] DEBUG org.apache.http.headers - >> User-Agent: Apache-HttpClient/4.5.13 (Java/15)
16:19:56.427 [main] DEBUG org.apache.http.headers - >> Accept-Encoding: gzip,deflate
16:19:56.427 [main] DEBUG org.apache.http.wire -  >> "{"price":499,"name":"XBOX1","description":"","categories":[12541]}"
16:19:56.476 [main] DEBUG org.apache.http.wire -  << "HTTP/1.1 200 OK[\r][\n]"
16:19:56.476 [main] DEBUG org.apache.http.wire -  << "content-type: application/json[\r][\n]"
16:19:56.476 [main] DEBUG org.apache.http.wire -  << "date: Mon, 08 May 2023 09:19:58 GMT[\r][\n]"
16:19:56.476 [main] DEBUG org.apache.http.wire -  << "content-encoding: gzip[\r][\n]"
16:19:56.476 [main] DEBUG org.apache.http.wire -  << "transfer-encoding: chunked[\r][\n]"
16:19:56.476 [main] DEBUG org.apache.http.wire -  << "server: Fly/3f2597ca (2023-05-03)[\r][\n]"
16:19:56.476 [main] DEBUG org.apache.http.wire -  << "via: 1.1 fly.io[\r][\n]"
16:19:56.476 [main] DEBUG org.apache.http.wire -  << "fly-request-id: 01GZXAJ5KEMZMMGH8EXVTDPSGR-sin[\r][\n]"
16:19:56.476 [main] DEBUG org.apache.http.wire -  << "[\r][\n]"
16:19:56.476 [main] DEBUG org.apache.http.impl.conn.DefaultClientConnection - Receiving response: HTTP/1.1 200 OK
16:19:56.476 [main] DEBUG org.apache.http.headers - << HTTP/1.1 200 OK
16:19:56.476 [main] DEBUG org.apache.http.headers - << content-type: application/json
16:19:56.476 [main] DEBUG org.apache.http.headers - << date: Mon, 08 May 2023 09:19:58 GMT
16:19:56.476 [main] DEBUG org.apache.http.headers - << content-encoding: gzip
16:19:56.476 [main] DEBUG org.apache.http.headers - << transfer-encoding: chunked
16:19:56.476 [main] DEBUG org.apache.http.headers - << server: Fly/3f2597ca (2023-05-03)
16:19:56.476 [main] DEBUG org.apache.http.headers - << via: 1.1 fly.io
16:19:56.477 [main] DEBUG org.apache.http.headers - << fly-request-id: 01GZXAJ5KEMZMMGH8EXVTDPSGR-sin
16:19:56.477 [main] DEBUG org.apache.http.impl.client.DefaultHttpClient - Connection can be kept alive indefinitely
16:19:56.477 [main] DEBUG io.restassured.internal.RestAssuredHttpBuilder - Parsing response as: application/json
16:19:56.477 [main] DEBUG org.apache.http.wire -  << "94[\r][\n]"
16:19:56.477 [main] DEBUG org.apache.http.wire -  << "[0x1f][0x8b][0x8][0x0][0x0][0x0][0x0][0x0][0x4][0xff][0xab]VJI,IT[0xb2][0xaa]V[0xf2]tQ[0xb2]2416[0xb2][0xd0]Q[0xf2]K[0xcc]MU[0xb2]R[0x8a]p[0xf2][0x8f]0T[0xd2]QrI-N.[0xca],([0xc9][0xcc][0xcf]S[0xb2]RR[0xd2]Q[\n]"
16:19:56.477 [main] DEBUG org.apache.http.wire -  << "([0xca]LNU[0xb2]2[0xb1][0xb4][0xd4]Q[\n]"
16:19:56.477 [main] DEBUG org.apache.http.wire -  << "J,[0xc9][0xcc]K/V[0xb2]2[0xd0]QrN,IM[0xcf]/[0xca]L-V[0xb2][0x8a][0x86][0x9a]hdjb[0x8]7[0xd1]=173/[0x1d][0xc3]H[0xb7][0xfc]"[0x85]t[0xb0][0x94]BAiQA~qj[0xb1]Rmlm-[0x17][0x0]B[0x18]u[0x15][0x9e][0x0][0x0][0x0]"
16:19:56.477 [main] DEBUG org.apache.http.wire -  << "[\r][\n]"
16:19:56.477 [main] DEBUG org.apache.http.wire -  << "0[\r][\n]"
16:19:56.477 [main] DEBUG org.apache.http.wire -  << "[\r][\n]"
16:19:56.477 [main] DEBUG io.restassured.internal.RestAssuredHttpBuilder - Parsed data to instance of: class org.apache.http.conn.EofSensorInputStream
16:19:56.478 [main] DEBUG org.apache.http.impl.conn.BasicClientConnectionManager - Releasing connection org.apache.http.impl.conn.ManagedClientConnectionImpl@48cd8e71
16:19:56.478 [main] DEBUG org.apache.http.impl.conn.BasicClientConnectionManager - Connection can be kept alive indefinitely
16:19:56.479 [main] DEBUG net.thucydides.core.steps.StepInterceptor - STEP DONE: I send POST HTTP request product3
  &amp#27;[32mWhen &amp#27;[0m&amp#27;[32mI send POST HTTP request product3&amp#27;[0m                  &amp#27;[90m# starter.stepdefinitions.ProductSteps.sendPostHttpRequestProduct3()&amp#27;[0m
16:19:56.483 [main] DEBUG net.thucydides.core.steps.StepInterceptor - STARTING STEP: ProductSteps.receiveValidHttp200Product - I receive valid HTTP response code 200 product
16:19:56.483 [main] DEBUG net.thucydides.core.steps.StepInterceptor - STEP DONE: I receive valid HTTP response code 200 product
  &amp#27;[32mThen &amp#27;[0m&amp#27;[32mI receive valid HTTP response code 200 product&amp#27;[0m     &amp#27;[90m# starter.stepdefinitions.ProductSteps.receiveValidHttp200Product()&amp#27;[0m
16:19:56.486 [main] INFO  - 
  _____   ___   ___   _____     ___     _     ___   ___   ___   ___  
 |_   _| | __| / __| |_   _|   | _ \   /_\   / __| / __| | __| |   \ 
   | |   | _|  \__ \   | |     |  _/  / _ \  \__ \ \__ \ | _|  | |) |
   |_|   |___| |___/   |_|     |_|   /_/ \_\ |___/ |___/ |___| |___/ 

POST - Add new product without fill description
----------------------------------------------------------------------
]]></system-out>
  </testcase>
  <testcase name="POST - Add new product without fill price" classname="Product" time="0.255">
    <system-out><![CDATA[16:19:56.494 [Finalizer] DEBUG org.apache.http.impl.conn.DefaultClientConnection - Connection 0.0.0.0:53896<->149.248.193.56:443 closed

Scenario: POST - Add new product without fill price   &amp#27;[90m# src/test/resources/features/5. Product.feature:22&amp#27;[0m
16:19:56.495 [Finalizer] DEBUG org.apache.http.impl.conn.DefaultClientConnection - Connection 0.0.0.0:53893<->149.248.193.56:443 closed
16:19:56.495 [main] DEBUG io.cucumber.core.plugin.SerenityReporter - Running feature from file:///C:/Users/WINDOWS%2010/Documents/GitHub/MiniProject_QE/API/minpro/src/test/resources/features/5.%20Product.feature
16:19:56.496 [Finalizer] DEBUG org.apache.http.impl.conn.DefaultClientConnection - Connection 0.0.0.0:53892<->149.248.193.56:443 closed
16:19:56.497 [Finalizer] DEBUG org.apache.http.impl.conn.DefaultClientConnection - Connection 0.0.0.0:53897<->149.248.193.56:443 closed
16:19:56.499 [main] INFO  - 
  _____   ___   ___   _____     ___   _____     _     ___   _____   ___   ___  
 |_   _| | __| / __| |_   _|   / __| |_   _|   /_\   | _ \ |_   _| | __| |   \ 
   | |   | _|  \__ \   | |     \__ \   | |    / _ \  |   /   | |   | _|  | |) |
   |_|   |___| |___/   |_|     |___/   |_|   /_/ \_\ |_|_\   |_|   |___| |___/ 

POST - Add new product without fill price(product;post---add-new-product-without-fill-price)
--------------------------------------------------------------------------------
16:19:56.516 [main] DEBUG net.thucydides.core.steps.StepInterceptor - STARTING STEP: ProductSteps.setPostApiEndpointsProduct - I set POST api endpoints product
16:19:56.516 [main] DEBUG net.thucydides.core.steps.StepInterceptor - STEP DONE: I set POST api endpoints product
  &amp#27;[32mGiven &amp#27;[0m&amp#27;[32mI set POST api endpoints product&amp#27;[0m              &amp#27;[90m# starter.stepdefinitions.ProductSteps.setPostApiEndpointsProduct()&amp#27;[0m
16:19:56.521 [main] DEBUG net.thucydides.core.steps.StepInterceptor - STARTING STEP: ProductSteps.sendPostHttpRequestProduct4 - I send POST HTTP request product4
16:19:56.523 [main] DEBUG net.thucydides.core.steps.StepInterceptor - STARTING STEP: Product.sendPostHttpRequestProduct4 - I set POST api endpoints product
16:19:56.523 [main] DEBUG net.thucydides.core.steps.StepInterceptor - STEP DONE: I set POST api endpoints product
16:19:56.534 [main] DEBUG org.apache.http.impl.conn.BasicClientConnectionManager - Get connection for route {s}->https://altashop-api.fly.dev:443
16:19:56.534 [main] DEBUG org.apache.http.impl.conn.DefaultClientConnectionOperator - Connecting to altashop-api.fly.dev:443
16:19:56.668 [main] DEBUG org.apache.http.client.protocol.RequestAddCookies - CookieSpec selected: ignoreCookies
16:19:56.668 [main] DEBUG org.apache.http.client.protocol.RequestAuthCache - Auth cache not set in the context
16:19:56.668 [main] DEBUG org.apache.http.client.protocol.RequestTargetAuthentication - Target auth state: UNCHALLENGED
16:19:56.668 [main] DEBUG org.apache.http.client.protocol.RequestProxyAuthentication - Proxy auth state: UNCHALLENGED
16:19:56.668 [main] DEBUG org.apache.http.impl.client.DefaultHttpClient - Attempt 1 to execute request
16:19:56.668 [main] DEBUG org.apache.http.impl.conn.DefaultClientConnection - Sending request: POST /api/products HTTP/1.1
16:19:56.668 [main] DEBUG org.apache.http.wire -  >> "POST /api/products HTTP/1.1[\r][\n]"
16:19:56.668 [main] DEBUG org.apache.http.wire -  >> "Accept: */*[\r][\n]"
16:19:56.668 [main] DEBUG org.apache.http.wire -  >> "Content-Type: application/json[\r][\n]"
16:19:56.668 [main] DEBUG org.apache.http.wire -  >> "Content-Length: 75[\r][\n]"
16:19:56.668 [main] DEBUG org.apache.http.wire -  >> "Host: altashop-api.fly.dev[\r][\n]"
16:19:56.668 [main] DEBUG org.apache.http.wire -  >> "Connection: Keep-Alive[\r][\n]"
16:19:56.668 [main] DEBUG org.apache.http.wire -  >> "User-Agent: Apache-HttpClient/4.5.13 (Java/15)[\r][\n]"
16:19:56.668 [main] DEBUG org.apache.http.wire -  >> "Accept-Encoding: gzip,deflate[\r][\n]"
16:19:56.668 [main] DEBUG org.apache.http.wire -  >> "[\r][\n]"
16:19:56.668 [main] DEBUG org.apache.http.headers - >> POST /api/products HTTP/1.1
16:19:56.668 [main] DEBUG org.apache.http.headers - >> Accept: */*
16:19:56.668 [main] DEBUG org.apache.http.headers - >> Content-Type: application/json
16:19:56.668 [main] DEBUG org.apache.http.headers - >> Content-Length: 75
16:19:56.668 [main] DEBUG org.apache.http.headers - >> Host: altashop-api.fly.dev
16:19:56.668 [main] DEBUG org.apache.http.headers - >> Connection: Keep-Alive
16:19:56.668 [main] DEBUG org.apache.http.headers - >> User-Agent: Apache-HttpClient/4.5.13 (Java/15)
16:19:56.668 [main] DEBUG org.apache.http.headers - >> Accept-Encoding: gzip,deflate
16:19:56.668 [main] DEBUG org.apache.http.wire -  >> "{"price":"","name":"XBOX1","description":"For gaming","categories":[12541]}"
16:19:56.732 [main] DEBUG org.apache.http.wire -  << "HTTP/1.1 400 Bad Request[\r][\n]"
16:19:56.732 [main] DEBUG org.apache.http.wire -  << "content-type: application/json[\r][\n]"
16:19:56.732 [main] DEBUG org.apache.http.wire -  << "date: Mon, 08 May 2023 09:19:58 GMT[\r][\n]"
16:19:56.732 [main] DEBUG org.apache.http.wire -  << "content-encoding: gzip[\r][\n]"
16:19:56.732 [main] DEBUG org.apache.http.wire -  << "transfer-encoding: chunked[\r][\n]"
16:19:56.732 [main] DEBUG org.apache.http.wire -  << "server: Fly/3f2597ca (2023-05-03)[\r][\n]"
16:19:56.732 [main] DEBUG org.apache.http.wire -  << "via: 1.1 fly.io[\r][\n]"
16:19:56.732 [main] DEBUG org.apache.http.wire -  << "fly-request-id: 01GZXAJ5TV5CJPZGBNTCJ365SB-sin[\r][\n]"
16:19:56.732 [main] DEBUG org.apache.http.wire -  << "[\r][\n]"
16:19:56.732 [main] DEBUG org.apache.http.impl.conn.DefaultClientConnection - Receiving response: HTTP/1.1 400 Bad Request
16:19:56.732 [main] DEBUG org.apache.http.headers - << HTTP/1.1 400 Bad Request
16:19:56.732 [main] DEBUG org.apache.http.headers - << content-type: application/json
16:19:56.732 [main] DEBUG org.apache.http.headers - << date: Mon, 08 May 2023 09:19:58 GMT
16:19:56.732 [main] DEBUG org.apache.http.headers - << content-encoding: gzip
16:19:56.732 [main] DEBUG org.apache.http.headers - << transfer-encoding: chunked
16:19:56.732 [main] DEBUG org.apache.http.headers - << server: Fly/3f2597ca (2023-05-03)
16:19:56.732 [main] DEBUG org.apache.http.headers - << via: 1.1 fly.io
16:19:56.732 [main] DEBUG org.apache.http.headers - << fly-request-id: 01GZXAJ5TV5CJPZGBNTCJ365SB-sin
16:19:56.732 [main] DEBUG org.apache.http.impl.client.DefaultHttpClient - Connection can be kept alive indefinitely
16:19:56.732 [main] DEBUG io.restassured.internal.RestAssuredHttpBuilder - Parsing response as: application/json
16:19:56.732 [main] DEBUG org.apache.http.wire -  << "71[\r][\n]"
16:19:56.732 [main] DEBUG org.apache.http.wire -  << "[0x1f][0x8b][0x8][0x0][0x0][0x0][0x0][0x0][0x4][0xff][0xab]VJ-*[0xca]/R[0xb2]R[0xca]*[0xce][0xcf][0xb3]RHN[0xcc][0xcb][0xcb]/Q([0xcd][0xcb]M,*[0xce]H[0xcc]Q(.)[0xca][0xcc]KW[0xc8][0xcc]+[0xc9]Wp[0xcf][0x7]qK[0x93]K[0x14][0xd2]2SsR[0x14][0x2][0x8a][0xf2]SJ[0x93]K[0x9c][0x8b]R[0x13]KR[0xf5][\n]"
16:19:56.732 [main] DEBUG org.apache.http.wire -  << "[0x8a]2[0x93]S[0x15][0xf2][0xd3][0x14]J*[0xb]R[0x15]J3[0xf3]J[0x94]j[0xb9][0x0][0xd2][0x2]#[0xd6]`[0x0][0x0][0x0]"
16:19:56.732 [main] DEBUG org.apache.http.wire -  << "[\r][\n]"
16:19:56.732 [main] DEBUG org.apache.http.wire -  << "0[\r][\n]"
16:19:56.732 [main] DEBUG org.apache.http.wire -  << "[\r][\n]"
16:19:56.732 [main] DEBUG io.restassured.internal.RestAssuredHttpBuilder - Parsed data to instance of: class org.apache.http.conn.EofSensorInputStream
16:19:56.733 [main] DEBUG org.apache.http.impl.conn.BasicClientConnectionManager - Releasing connection org.apache.http.impl.conn.ManagedClientConnectionImpl@3c205259
16:19:56.733 [main] DEBUG org.apache.http.impl.conn.BasicClientConnectionManager - Connection can be kept alive indefinitely
16:19:56.733 [main] DEBUG net.thucydides.core.steps.StepInterceptor - STEP DONE: I send POST HTTP request product4
  &amp#27;[32mWhen &amp#27;[0m&amp#27;[32mI send POST HTTP request product4&amp#27;[0m              &amp#27;[90m# starter.stepdefinitions.ProductSteps.sendPostHttpRequestProduct4()&amp#27;[0m
16:19:56.737 [main] DEBUG net.thucydides.core.steps.StepInterceptor - STARTING STEP: ProductSteps.receiveValidHttp400Product - I receive valid HTTP response code 400 product
16:19:56.738 [main] DEBUG net.thucydides.core.steps.StepInterceptor - STEP DONE: I receive valid HTTP response code 400 product
  &amp#27;[32mThen &amp#27;[0m&amp#27;[32mI receive valid HTTP response code 400 product&amp#27;[0m &amp#27;[90m# starter.stepdefinitions.ProductSteps.receiveValidHttp400Product()&amp#27;[0m
16:19:56.742 [main] INFO  - 
  _____   ___   ___   _____     ___     _     ___   ___   ___   ___  
 |_   _| | __| / __| |_   _|   | _ \   /_\   / __| / __| | __| |   \ 
   | |   | _|  \__ \   | |     |  _/  / _ \  \__ \ \__ \ | _|  | |) |
   |_|   |___| |___/   |_|     |_|   /_/ \_\ |___/ |___/ |___| |___/ 

POST - Add new product without fill price
----------------------------------------------------------------------
]]></system-out>
  </testcase>
  <testcase name="GET - Get product by ID" classname="Product" time="0.574">
    <system-out><![CDATA[
Scenario: GET - Get product by ID                     &amp#27;[90m# src/test/resources/features/5. Product.feature:27&amp#27;[0m
16:19:56.748 [main] DEBUG io.cucumber.core.plugin.SerenityReporter - Running feature from file:///C:/Users/WINDOWS%2010/Documents/GitHub/MiniProject_QE/API/minpro/src/test/resources/features/5.%20Product.feature
16:19:56.752 [main] INFO  - 
  _____   ___   ___   _____     ___   _____     _     ___   _____   ___   ___  
 |_   _| | __| / __| |_   _|   / __| |_   _|   /_\   | _ \ |_   _| | __| |   \ 
   | |   | _|  \__ \   | |     \__ \   | |    / _ \  |   /   | |   | _|  | |) |
   |_|   |___| |___/   |_|     |___/   |_|   /_/ \_\ |_|_\   |_|   |___| |___/ 

GET - Get product by ID(product;get---get-product-by-id)
--------------------------------------------------------------------------------
16:19:56.769 [main] DEBUG net.thucydides.core.steps.StepInterceptor - STARTING STEP: ProductSteps.setGetApiEndpointsProduct - I set GET api endpoints product
16:19:56.769 [main] DEBUG net.thucydides.core.steps.StepInterceptor - STEP DONE: I set GET api endpoints product
  &amp#27;[32mGiven &amp#27;[0m&amp#27;[32mI set GET api endpoints product&amp#27;[0m               &amp#27;[90m# starter.stepdefinitions.ProductSteps.setGetApiEndpointsProduct()&amp#27;[0m
16:19:56.788 [main] DEBUG net.thucydides.core.steps.StepInterceptor - STARTING STEP: ProductSteps.sentGetHttpRequestProduct - I send GET HTTP request product
16:19:56.791 [main] DEBUG net.thucydides.core.steps.StepInterceptor - STARTING STEP: Product.sendGetHttpRequestProduct - I set GET api endpoints product
16:19:56.791 [main] DEBUG net.thucydides.core.steps.StepInterceptor - STEP DONE: I set GET api endpoints product
16:19:56.809 [main] DEBUG org.apache.http.impl.conn.BasicClientConnectionManager - Get connection for route {s}->https://altashop-api.fly.dev:443
16:19:56.810 [main] DEBUG org.apache.http.impl.conn.DefaultClientConnectionOperator - Connecting to altashop-api.fly.dev:443
16:19:56.958 [main] DEBUG org.apache.http.client.protocol.RequestAddCookies - CookieSpec selected: ignoreCookies
16:19:56.959 [main] DEBUG org.apache.http.client.protocol.RequestAuthCache - Auth cache not set in the context
16:19:56.959 [main] DEBUG org.apache.http.client.protocol.RequestTargetAuthentication - Target auth state: UNCHALLENGED
16:19:56.959 [main] DEBUG org.apache.http.client.protocol.RequestProxyAuthentication - Proxy auth state: UNCHALLENGED
16:19:56.959 [main] DEBUG org.apache.http.impl.client.DefaultHttpClient - Attempt 1 to execute request
16:19:56.959 [main] DEBUG org.apache.http.impl.conn.DefaultClientConnection - Sending request: GET /api/products HTTP/1.1
16:19:56.959 [main] DEBUG org.apache.http.wire -  >> "GET /api/products HTTP/1.1[\r][\n]"
16:19:56.959 [main] DEBUG org.apache.http.wire -  >> "Accept: */*[\r][\n]"
16:19:56.959 [main] DEBUG org.apache.http.wire -  >> "Host: altashop-api.fly.dev[\r][\n]"
16:19:56.959 [main] DEBUG org.apache.http.wire -  >> "Connection: Keep-Alive[\r][\n]"
16:19:56.959 [main] DEBUG org.apache.http.wire -  >> "User-Agent: Apache-HttpClient/4.5.13 (Java/15)[\r][\n]"
16:19:56.959 [main] DEBUG org.apache.http.wire -  >> "Accept-Encoding: gzip,deflate[\r][\n]"
16:19:56.959 [main] DEBUG org.apache.http.wire -  >> "[\r][\n]"
16:19:56.959 [main] DEBUG org.apache.http.headers - >> GET /api/products HTTP/1.1
16:19:56.959 [main] DEBUG org.apache.http.headers - >> Accept: */*
16:19:56.959 [main] DEBUG org.apache.http.headers - >> Host: altashop-api.fly.dev
16:19:56.959 [main] DEBUG org.apache.http.headers - >> Connection: Keep-Alive
16:19:56.959 [main] DEBUG org.apache.http.headers - >> User-Agent: Apache-HttpClient/4.5.13 (Java/15)
16:19:56.959 [main] DEBUG org.apache.http.headers - >> Accept-Encoding: gzip,deflate
16:19:57.263 [main] DEBUG org.apache.http.wire -  << "HTTP/1.1 200 OK[\r][\n]"
16:19:57.263 [main] DEBUG org.apache.http.wire -  << "content-type: application/json[\r][\n]"
16:19:57.263 [main] DEBUG org.apache.http.wire -  << "date: Mon, 08 May 2023 09:19:58 GMT[\r][\n]"
16:19:57.263 [main] DEBUG org.apache.http.wire -  << "transfer-encoding: chunked[\r][\n]"
16:19:57.263 [main] DEBUG org.apache.http.wire -  << "content-encoding: gzip[\r][\n]"
16:19:57.263 [main] DEBUG org.apache.http.wire -  << "server: Fly/3f2597ca (2023-05-03)[\r][\n]"
16:19:57.263 [main] DEBUG org.apache.http.wire -  << "via: 1.1 fly.io[\r][\n]"
16:19:57.263 [main] DEBUG org.apache.http.wire -  << "fly-request-id: 01GZXAJ63YT0VKRFT70PTPR7YN-sin[\r][\n]"
16:19:57.263 [main] DEBUG org.apache.http.wire -  << "[\r][\n]"
16:19:57.263 [main] DEBUG org.apache.http.impl.conn.DefaultClientConnection - Receiving response: HTTP/1.1 200 OK
16:19:57.263 [main] DEBUG org.apache.http.headers - << HTTP/1.1 200 OK
16:19:57.263 [main] DEBUG org.apache.http.headers - << content-type: application/json
16:19:57.263 [main] DEBUG org.apache.http.headers - << date: Mon, 08 May 2023 09:19:58 GMT
16:19:57.263 [main] DEBUG org.apache.http.headers - << transfer-encoding: chunked
16:19:57.263 [main] DEBUG org.apache.http.headers - << content-encoding: gzip
16:19:57.263 [main] DEBUG org.apache.http.headers - << server: Fly/3f2597ca (2023-05-03)
16:19:57.263 [main] DEBUG org.apache.http.headers - << via: 1.1 fly.io
16:19:57.263 [main] DEBUG org.apache.http.headers - << fly-request-id: 01GZXAJ63YT0VKRFT70PTPR7YN-sin
16:19:57.263 [main] DEBUG org.apache.http.impl.client.DefaultHttpClient - Connection can be kept alive indefinitely
16:19:57.263 [main] DEBUG io.restassured.internal.RestAssuredHttpBuilder - Parsing response as: application/json
16:19:57.263 [main] DEBUG org.apache.http.wire -  << "20E[\r][\n]"
16:19:57.263 [main] DEBUG org.apache.http.wire -  << "[0x1f][0x8b][0x8][0x0][0x0][0x0][0x0][0x0][0x4][0xff][0xaa]VJI,IT[0xb2][0x8a][0xae]V[0xf2]tQ[0xb2]24663[0xd1]Q[0xf2]K[0xcc]MU[0xb2]R[\n]"
16:19:57.263 [main] DEBUG org.apache.http.wire -  << "[0xce][0xcf][0xab]T[0x8][0x8]6U[0xd2]QrI-N.[0xca],([0xc9][0xcc][0xcf]S[0xb2]R*[0xc8]I[0xac]T[0xc8]H,V[0xc8][0xcb]W[0xc8][0xc9][0xcc][0xcd],)V[0xd2]Q[\n]"
16:19:57.263 [main] DEBUG org.apache.http.wire -  << "([0xca]LNU[0xb2]2[0xb2][0xb4][0xd4]Q[\n]"
16:19:57.263 [main] DEBUG org.apache.http.wire -  << "J,[0xc9][0xcc]K/V[0xb2]2[0xd1]QrN,IM[0xcf]/[0xca]L-V[0xb2][0x8a][0x8e][0xad][0xd5]A[0xd8]d[0x9][0xb7][0xa9]$[0xb5][0x18][0xa4]A[0xa1][0xa0](?[0xa5]4[0xb9][0x4][0xc3][0xc2][0x92][0x8c][0xcc]b[0x85][0xcc]b[0x85][0x92][0x8c]T[0x98][0x1a][0x85][0x14]$'[0xc1]m7@[0xb2][0xdb][0x18][0x8f][0xdd][0xe6][0x86][0xd4][0xb7][0xdb][0xd0][0xc0][0xc0][0x0][0xd9]~S|[0xf6][0x1b][0xd1][0xc6]~$[0xef][0xe3][0xb5][0x1e][0x11][0xc9]T[0xb]z[0x92][0xbc]oN[0x1b][0xef]#[0x7][0xbf][0x1][0xbe][0xe0][0xb7][0xa0][0xbd][0xfd][0xf8][0x92][0xbe]9[\r][0x92]>z[0xf8][0xe3][0xf3][0xbf][0x85][0xc1][0xc0][0xfa][0xdf][0x82]F[0xc9][0x9f][0xd8][0xf8][0xb7]0[0xa6][0xbd][0xff][0xf1][0x86]?"[0xff]y[0x4]([0xe4]f[0x96][0xe4]c[0x14]y[0xe0]2[0xb6]$[0xb5]()13[0x1b]Q[0xba][0x9a][0x9a][0x99]#eq[0xbc]V [0xb2]X[0x84][0x93][0x84]![0x86][0x5][0x8]CMP[0x8a]l[0xf4]r[0x3]Z^[0x1b][0x99][0x9a] [0xca]L[0xf7][0xc4][0xdc][0xcc][0xbc]t[0xc]#[0xdd][0xf2][0x8b][0x14][0xd2][0xc1]R[\n]"
16:19:57.263 [main] DEBUG org.apache.http.wire -  << "[0x5][0xa5]E[0x5][0xf9][0xc5][0xa9][0xc5]J[0xb5][0xc8]E[0xbe][0x5]"[0xdd]S[0xa1]r[0xc1]W[0xc0]["b8 X[0x1][0xb3][\n]"
16:19:57.263 [main] DEBUG org.apache.http.wire -  << "KO[0xcc]MU0U(.I,[0xc2][0x15][0x10][0xf8]2[0xb0]%"[0x2][0xdd]J[0x8b][0xf2]2KJ[0x8b]R[0x15]B[0xf2][0xb]0[0x83][0x4].[0x9b][0x92]X[0x94][0xa9][0xe0][0x95]Z[0x90]X[0x94][0x88][0xb0][0xd1][0xd0][0x4][0xb9][0xb6][0xc4][0x13][0x9f]&[0xa0][0xaa][0x85]z[0xf5]2^[0x9b][0x10][0xf1]L/[0xbf]!"[0x8b][\n]"
16:19:57.263 [main] DEBUG org.apache.http.wire -  << "[0xc9][0x2][0xaf][0xdf][0x10][0xf1][0x16]P[0x94][0x98]\[0x92][0x99][0x9c][0x98][0xa3][0x10][0x9e][0x9f][0x9f][0x92][0x9a][0xa7][0xe0][0x9d][0x97][0x99][0x96][0x8a][0x11][0x81][0x8e]9[0x99][0x89][0xc5][\n]"
16:19:57.263 [main] DEBUG org.apache.http.wire -  << "i[0xa5][0xe9][0x89][\n]"
16:19:57.263 [main] DEBUG org.apache.http.wire -  << "[0xa5]%zH1[0x7][0x8a][0x10]x;[0x7][0xaf][0x9d][0x88][0x9c][0xe8]Y[0x90][0x91][0x9f][0x97][0xaa]`h[0xa8]`f[0xa2][0x90][0x9e][0x84]a[0x19]8[0xd3][0x13][0xd5][0xb0][0xc2]k!"[0x97][0xc1],4[0xa2][0xa6][0x85][0x0][0x0][0x0][0x0][0xff][0xff]"
16:19:57.263 [main] DEBUG org.apache.http.wire -  << "[\r][\n]"
16:19:57.263 [main] DEBUG org.apache.http.wire -  << "463[\r][\n]"
16:19:57.263 [main] DEBUG org.apache.http.wire -  << "Bo[0xc9][0x99][0x18]"[0xaa][0x13][0x98][0x85][0xb4][0xf5][0xa1]!"[0x89][0xd2][0xc9]BSx[0x85][0x1]M[0xa1][0xe6]4[0x8a]<CDj[0x9]H[0xcc]I[0xf4][0xc9][0xf7][0x1][0x15][0x17]8[0xda][0xdf]X[0x1a][0xdf][0xc6][0xc6]H[0x15][0x4][0x9e]"[0xcc][0xc4][0x10][0xd1][0x6]"[0xb7][0x84][0xc4][0x97][0x8][\r][0x11][0x89][0x90][0x16][0xc6][0x1b]![0x92][0x9c]SQbrjN*f[0xaf][0xc1]71%U!?M!#3=C[0xa1][0xb0]41'[0xb3][0xa4]R[0xa1] 5[0xb1]([0x7][0xb9][0xbf][0x2]2[0x89][0xa8]|l[0x84]Ht4[0xf1][0x11][0xa2]MD[0x13][0xe3][0x11]e,[0xdd][0x2][0xc]Q[0xd8][0xd2][0xcd]JD>[0xa5][0xa6][0x95][0xf8][0xf2][0x91][0x91][0x19][0xbc]h[0xa0][0xa6][0x95][0xf8][0xf2][0x96][0x11][0xa2][0x8c][0x80][0x96]F[0x98][\r][0x1c][0xea]T%F[0x88]\L[0xa3][0x86][0xaa][0x89]1}r2[0xac][0x19]ka[0x88]H"[0x8e][0xc9][0xc9][0xa9][0xc5][0xc5][0x90][0x1a][\r]}[0x8c][0xa3]$_!5/#1/9U![0xb1][0x0]Th[0x80][0x98]([0xad]Y[0x13]cD[0x81]P[0x9c]Z[0x90][0x9a][0x82]YP'fV[0x82][0x4]aC#[0xa6]D[0xf6]OL[0x8c][0x11]e[0x1][0xbd][0xd2][0x14][0xa8][0xde][0x80][0xb6]/[0xa9][0xed][0x19][0xfa][0x17][0x3][0xc6][0x88]8[0xe][0x6][0xc7][0x8c][0x82]OfqI[0x11][0xb8]'[0x85]Z[0x95]B[0xa5]s [0xd2][\n]"
16:19:57.263 [main] DEBUG org.apache.http.wire -  << "y[0xe9][0xa9]I[0xa5][0xa0][0x9a][0x84][0xf4](C[0x14][0x3]P3[0xa1]V*8%[0xe6]$bv[0xc][0xa0][0x8a]P-VHJ[0xcc]K[0x7][0xd7]dP[0xfb]M[0x89]O2[0x88]2[0x81]nI[0x6][0xd1][0x82][0xa0][0x9b][0x95][0x88][0xf2][0x88]^V[0x9a] [0xca][0xa7][0xa0][0xd2][0xe2][0x92][0xcc]dX[0xc1])[0x11][0xb3][0x7][0x1c]Z[0xa2][0x90]ZT[0x94]_[0xa4]P[0x94][0x9a]\Z[0x9c][0x98][0x97][0x92][0x98][0xaa]P[0x90]_\[0x9c][0x99][Z[0xac][0x90][0x9b][0x9f][0x3][0x1a][0xe7]LLU(NMQ[0xc8][0xcc]-HM[0xc9]$[0xaf]K[0x81][0xd4][0x15]Gtc|2[0xf3]R[0xf3][0x14][0x9c][0xf2]KJr[0xb0]tcJK[0x14][\n]"
16:19:57.263 [main] DEBUG org.apache.http.wire -  << "R[0x8b][0x8a][0xb]2[0x93]3[0x13]K2[0x8b][0x15]R[0xf2]s[0xf2][0x8b]R[0x15]R2[0x93]K[0x12][0x15][\n]"
16:19:57.263 [main] DEBUG org.apache.http.wire -  << "[0xf2][0x8b][0x8a][0xf2][0x15]2[0xb][0x8a]Ks[0x15]R[0x13][0xc9][0xea][0xe5][0x98][0xd0][0xbf][0xc8]2A4i[0x82]sRS[0xb3][0x15] ![0xe0][0x9e][0x93]_[0x96][\n]"
16:19:57.263 [main] DEBUG org.apache.http.wire -  << "j[0xe1][0xa1][0xe6]t[0xff][0xb4][0xb4][0xcc][0xe4][0xcc][0xcc]b[0x85][0xe4][0xfc][0xbc][0xe2][0xd4][0xc2][0xd2][0xc4][0x92][0xd2]"[0x85][0xc4][0xbc][0xcc][0xdc]Lx[0xc4][0x14]+[0x94][0xe5][0xe7][0x94][0x16][0x94]$[0x96][0xa4]*[0xa4][0xa4][0xe6][0xa4][0xe6]e[0x96]d[0x92][0x17][0x18][0xf4]/[0xf2]L[0x10]E[0x9e]{~Qzj~i[0xb1]BPiRRj[0x91][0x82]3x[0x8c][0x3]-4R2K i[0xa0]4W![0x11][0x94]8[0xc0]I '1)[0xbf](3[0xbf]81W[0xa1][0xb0]4S!1'[0xb3][0xb0]43E[0xa1][0x98][0xdc]t[0x8a]([0x14][0x11][0xe9][0xd4][0xbd](1/[0xb3]$U[0xc1]9?[0x11]T[0xd2][0xa2][0xba][0xcb][0xb5][0x4][0xd4][0xd7][0xce]L,Q[0xc8][0xcf][0xcd][0xcb],V[0xc8][0xcd][0xcc][0xcb][0xcc]MT[0xc8]+[0xcd]-,M[0xcc]U(.-N[0xce], [0xd7]5[0x88]"2[0xb8]2/[0xb5](=[0x13][0x96][0x9d]s[0x14][0x82]32[0x8b][0xb0][0xba]&[0xb5][0xb8][0x4][0x9e]*2[0x93]J[0x8b][0x15][\n]"
16:19:57.263 [main] DEBUG org.apache.http.wire -  << "r[0x12][0x93]S[0x13]K[0x14]R[0xc9][0xcb][0xba][0xa0][0x2][0x1d]Z[0xcf]*[0xd0][0xa8][0xb]i[0x8a][0xc8][0x8a]d5[0xf][0x89]m[0xa5][0x98]"[0xe5]?[0xca][0xa7][0x8a][0xf0]5xM[0xe9][0x9f][0x9f]L[0x11][0xf9][0x89]^5[0x8d])"[0xb7][0xd0][0xcd]JD[0x96][0xa0][0x9b][0x95][0x88]V[0x3]Y[0xa9][0x13]u[0x82][0x11]o[0xaa]A4[0x16]hl[0x93][0x19][0xa2][0x8d][0x0][0xb5][0x9]s[0xbc][0x1d]_[0x87][0xc]u[0x4][0x1e][0xdd]O[0xb0][0xae][0xb][0x15]F[0xe0]M[0xcc][0x10]}[0x16][0xa8]Ki[0xd5]u4[0xa3][0xb0][0x14]">[0x9e][0xcd][0xe8]V[0xe]Qwr[0x1c]=[0x9e][0x91]fJL[0xcc][0x10][0xc5][0xf][0xad][0xe3][0x9]Q[0xea]@m[0x1a][0xb4]i[0x17]QX[0xe1]t)b[0x80][0x1e]_-F[0xd5][0x1c][0x85]Q[0x9e]Q[0x12]~4[0x9c]}31[0xc3]([0xf]1]J[0xff][0xf0]3[0xc7](;iU"!-[0xfa][0xf0]K,[0xce]TpI,[0xcd]S[0xf0]J-*[0x5]M[0xb0][0xa2]6C[0xc1][0xf2][0xe5][0xa9]y[0x89][0xd9][0xd9][\n]"
16:19:57.263 [main] DEBUG org.apache.http.wire -  << "%[0xa9]y[0x89]y[\n]"
16:19:57.263 [main] DEBUG org.apache.http.wire -  << "[0xb9][0xa5]E[0xb9][0xa9]Hs[0x85][0x86][0x96][0xa8][0xab]=[0xd0]33,[0x89]YX"Rmr~^I~[0x86]n2bE[0xc][0xfa][0xa8][0x93][bqFf~^bRN*[0xea]X[0x93]9[0xa2]4[0x5][0xbb][\r][0xe1]v[0x85][0xc4][0xca][0xc4]\[0x85][0xf4][0xfc][0xa2]T,3[0xb2]`[0xb5]T[0xf2][0x7]"[0x9d][0x13][0xf6][0x7][0xa6][\n]"
16:19:57.263 [main] DEBUG org.apache.http.wire -  << "[0xe4]y`[0x13]s[0xba][0x95][0xd8][0xe6]t+G[0xcd][0x11][0xf1][0xc]-[0x9d]h[0x96][0x8e]1[0xf2]1[0xad]l[0xb2][0xa0][k[0x1]iEF[0x84]S~[0x85][0xc2]`([0x99],[0x10][0xbd][0xe][0x1c]nB,x@[0x94][0x9b][0xf4]k[0xcb]Y r[0xe4][0xe0]t[0x1f][0xdd][0xd2][0xa9]%"[0x9d][0xe2][0x8][0x89][0x81][0x88][0x1f]KD[0x99]=[0x98]\Eq[0xd9][0xb][0x0][0x0][0x0][0xff][0xff]"
16:19:57.263 [main] DEBUG org.apache.http.wire -  << "[\r][\n]"
16:19:57.264 [main] DEBUG org.apache.http.wire -  << "579[\r][\n]"
16:19:57.264 [main] DEBUG org.apache.http.wire -  << ""v[0xc9][\n]"
16:19:57.264 [main] DEBUG org.apache.http.wire -  << "[0xd2]"[0x19][0xec]K[0x90][0x6]6[0xfb]X"[0x1a][0xbe][0xd8][0x9d]7 i[0x6]9Oc[[0xb6]5[0xa0]af[\n]"
16:19:57.264 [main] DEBUG org.apache.http.wire -  << "Z[0xf4][0x2][0x1d][0xbd]"-[0xcc]h[0xd8][0xae]55@[0xe4]~[0xda][0xd6][0xbc][0xa6][0x6][0x88][0xbc][0x83][0xdd][0xfb][0x3][0x1c];[0x88][0xc6][0xe]v[0xe7][\r]@[0x8a]65@d3Z[0xc7][0xe][0xe5]y[0x87][0x96][0xc9][0x14]i[0x95][0xd4][0xe0][0x89][0x1d][0xa4][0x95]T[0xd8][0x1d]5[0xb0])[0xda][0x90]P[0x86][0x1b][0x88][0x14]m[0x88]h[0x17][0xd2]8E#[0xad]U[0xa0][0xb5]Mt[0xcb][0xa5]H[0xb][0xdc]h[0xed]'Dy@c[0x9b]@k[0xc8][0xa0][0xd5]"[0xad]mB[0xb4])im[0x13][0xdd]R[0xb9][0x11][0xa2][0xda][0xa2][0xb5][0x9f][0xe8][0x96][0xca][0xe9][0xb6]D[0xcb][0xd4][0x88]~[0xa9][0x9c]^[0xfd]9S[0xa4]5a4N[0x11]Hk[0xb8]hm[0x13]"[0xe7][0xe][0xc6][0x9a][0xd6][0x18][0x91][0xdd][0xb1];o jZ[0xe4]u\4[0x9d]a65[0xa6][[0xc9]`[0x8c][0x18]'[0xf4][0x8]Pp[0x6]-[0xc2][0xc9][0xc4][0xb2]A%'[0xb5][0xa0]$[0xbf]@[0x1]c[0x7][0x90]%[0x8] -[0xf1]F[0x1f]wF[0x9a]D25[0xa6][[0xd1][0x80][0xb4]H[0x8a]f[0x1b][\n]"
16:19:57.264 [main] DEBUG org.apache.http.wire -  << "[0xd1]}[\n]"
16:19:57.264 [main] DEBUG org.apache.http.wire -  << "[0x1b]a75@[0xd4][0x1f][0xf0][\r]+[0x18]K+[0xd2][0x8][0xec]MB[0x9e]\[0xa5][0x9a][0x17][0x88][0x9a][0x83][0xa2][0x92][0xf3][0x11][0xc5][0xb]![0xe7]#r2h[0xcf] [0x9e][0xb4]D[0xed][0x10]F4[0xe6][0x9]9[0x91][0xe8][\r][0xbf] [0x1f][0xe0][0xb]e[0xe4][0xec]`[0x82]([0xe2][0xa8]j?[0x9e][0x10]D[0xb1][0x1e]Q[0xc4]P[0xd5]z|[0xde][0xa7]v[0xc]"[\n]"
16:19:57.264 [main] DEBUG org.apache.http.wire -  << "[0x14][0x9a]y[0x1]g[0x17][0x9c]J[0xf9][0x4][0xd1][0x88][0xa1][0x99][0x17]h\R!-![0x1b][0xb2]^@[0xc][0xd9][0xd1][0xcc][0xb]Fh[0x1b][0xc0][0xa9][0x9c][0x17][0x90]V[0xd9][0xd1][0xcc][0xb][0xb4]NH[0x3]P S;[0x16]hT[0xa6][0xd3][0xb1]PEZi8d[0x13][0x12][0xa2]j[0x83][0xf5][0xa2]LMi4)mj[0x8a]h@Sw[0xa7][0x8a][0xa9])[0xa2]z[0xf3][0xcc]+I[0xcd][0xc9][0xc9]LO[0xcd]+Q[0x8].IM[0x5][0xad][0x10][0xce][0xc7][0xb2][0xaa][0xdc]3[0x5][0xb4][0xb3][0xb0]8S!/[0xb1][0xa4][0xb4][0x18][0xb4]h[0x1a]D$[0x16][0x93][0xb5]n[0xdc][0xd4][0x14]Q9[0xc1][0xc2][0x11][0xa3]![0x8b]o[0x1d]![0xd1]ss[0xa6][0x98]+[0x16]i[0x15]]t[qhJ[0xb7][0x15][0x87][0xa6]t[[0x7][0x8]>[0xef][0x81]>#[0x8b]f[0x88][0xc4][0xef][0x9a][0x97]_[0x94][0xb][0xda]@[0x10][0x90][0x93][0x8]^"[0xef][0x9c][0x91][0x98][0x9]Z[0xfb][0x84][0xba]H*[0xc][0xb2]Y[0x2]t2OI[0xaa]B^~[0x1e][0xe8]l[0x9e][0xb2][0xcc][0x14]P[0x9e]I-&ky[0xbc])[0xd2][0x1a]5[0x97][0xd2]"[0xd0]:([0xd0]v[0x9b][0x1c][0x5][0xec].[0x8][0x86]n[0x7]P(,[0xcd]W@[0xda][0xbb][0x90][0x99]G[0xce][0xb6][\r]S[0xba]-E3EZ[0x8a]F[0xe3][0x8c]N[0xb7][0xa5]V[0xa6]t[jeJ[0xb7][0xa5]V[0xa6]H[0x7][0xf5][0xd0]8[0x9e][0x90][0x8e][0xe4][0x9][0x8]6[0xc1],[0xf5][0x8b]M[0x14][0x92][0x12][0x8b]J[0x11]}wc[0xfc][0xeb][0xf][0x91]{[0x9e]t[[0xc6]e[0x8a]t[0xb0][0xf][0xad][0xc3][0xb][0xd1]v[0xa5][0xb5]M[0x88]&&[0xad]mB[0xc]d[0xd1][0xda]&[0xcc][0x6][0x1b]f[0x92]#[0xfa][0x94]7[0xf4]n[\n]"
16:19:57.264 [main] DEBUG org.apache.http.wire -  << "J[0xda]C[0xb4][0xd6]h[0xed]'D[0x5]Fk[0x9b][0xe8][0xd6]L[0xb3][0xa4][0xd7][0xe2]hS[0xa4]%t4[0xe]=[0xa4]eq[0xb4][0xb6][0x89]ne[0x84]%[0xa2][0x8c][0xa0]z[0xe9]mI[0xb7]R[0x1]iE[0x1c][0xad]c[0x86]^y[0xd5][0xc]iq[0x98]kQz~^~nf[0xb2][0x82]cNinf^i.[0xd6][0xad][0xb1][0x8e][0xa5]%[\n]"
16:19:57.264 [main] DEBUG org.apache.http.wire -  << "I[0xa9][0x89]%[0x89][0xa9][0xf0][0x8d][0x9f][0xa9][0xb9][\n]"
16:19:57.264 [main] DEBUG org.apache.http.wire -  << "[0xb9][0x89][0x15][0x99][0xb9][0xa9][\n]"
16:19:57.264 [main] DEBUG org.apache.http.wire -  << "y[0xa9][0xb9][0xf9][\n]"
16:19:57.264 [main] DEBUG org.apache.http.wire -  << "[0x99]99[0xa5][0xb9][0xa0]M[0xb1][0xe0][0xbe][0x1f]9MM3[0x3]z[0x15][0x8b]f[0x6][0xf4]*[0xac][0xcc][0x6][0xf7]Z"[0xb3][0xc1][0xb8][0x96][0xc8][0x8c]~k[0x89][0x90][0xf6][0xa1][0xd0]:s[0xd3]-[0xc5][0x19] &[0xbd]h[0xeb]'3[0x3]D[0x1]Ok[0x9b][0xe8]U[0xdc][0x9b][0x19][0xd2][0xab][0x11]h[0x86]t[0xd6][0x18][0xf6][0xc5][0x5][0x3][0xba][0xca][0xd0][0xc]i[0xf9][0x16]v[0xe7]!z]t[0xdb][0xdd]a[0x86]t[0xdc][0x18][0x8d]S[0x9c][0x11][0xa2][0x99][0x14][0x10]lh@AG[0x0][0xfd][0x9c],[0xf8]`?R[0xd5][0x0]9 [0x14][0xc3][0x12]B[0xf3][0xf3]fFt[0xcb][0x81]H'zeg[0x16]$[0x16]+$[0xe6][0xa5]g[0xe6]a[0xb8]875/=5[0xa7]4[0xb1](;1[0xf][0xa2]D[0xa1]81/=[0xb1]D!;5/9[0x11][0xbc][0x1b][0xf]z[0x8c][0x8f]!h[0xdd]<[0xce]C[0xe6][0xe0][0xa1][0x84]t[0xac][0xb][0x99]'[0xac][0x9a]![0xad];[0x83][0x1f][0x3][0xe2]T[0x94][0x9f]W[0x95][0x8a]c[0x8][\r]r[0xbe]eQjAjNNj^Ji[0xb1]Bb2[0xe8][0xe8][0x1a][0xd0][0x81]5[0x85][0xa5]d[\r]c[0x9b]!-I[0xf3]MM[0xc9][0xcc]O.J[0x5][0x8d][0xe2][0x81][0xe][0xd9][0xc4]q8[0x8b]#[0xd8][0xce][0xbc][0x92]L[0xd0][0x1]4%[\n]"
16:19:57.265 [main] DEBUG org.apache.http.wire -  << "[0xf9][0xe0][0xb3]Z[0x12][0x15][0xca]Rs2K[0x14][0xf2][0xf2][0x93]2[0x8b][0xc9]je![0x1d]_6[0xe4]b[0x12]i[\r][0xdc][0xd0]s;bzw[0xe8][0xb9][0x1d][0xd1][0xa6][0x18]znG[0x94][0xe4]4[0xae]3[0x90][0x96][0xb]z[0xe6]%[0x17][0xa5][0xa6]d&[0xe5][0xa4]*[0xc0]J[0x9a][0x9c][0xfc]d[0xcc]=[0xd5][0xae][0x89][0xf0][0xe3]{[0x14]R[0xf3]2![0x1d][0xa8]bP[0xfe]N-N[0xce],[0xcd]+QH)M[0x6][0x1f][0x94][0x5]9[0x9b]*[0x97][0xac],O[0xb7]%[0x83]fH[0xb][0xf9]h[0x1d][0xd8]tkP#[0x1f][0xa9]E[0xd3][0x5][0x97]f&tk[0xe6][0x9a] [0x9a][0xb9]4[0xc9][0xd0]8[0x1b]=T[0xa8][0xce]M([0x1f]& r[0xb7][0xa6][0x99][0x9][0xdd][0x86]d[0x90][0xd6]/[0xd1]8[0xe3][0x98]"[0xea]!Z[0xdb]D[0xb7][0x92][0x17]i[0xb9][0x8][0xad][0xfd]Dy[0xe2]#ni[0xa4][0x19][0xdd][0xd6]=[0x98][0xd1]m5[0x82][0x19][0xdd]N%2[0xa3][0xdb]YAf[0xa0][0xdb]'[0xe8][0xb2][0x1a][0xc1][0xc]i[0x1d][0x0][0x8d]S9[0xdd][0xa6][0xe2][0xcd][0x90][0xa6][0xe2]=[\n]"
16:19:57.265 [main] DEBUG org.apache.http.wire -  << "[0x14][0xc2]2[0xcb][0xf2][0x15]"[0x8d][0x8c][0xb0][0xf4]+s3s2[0xb3]3[0x15][0x8a][0xb]R[0x8b]3[0xd3]2[0xb3]Ag[0xd5]T&[0xe6][0xa5]+$[0x16][0x80]O[0xb0][0x85]v*[0x8d]A[0xf7][\r][0xa1]t,[0xd1]k"[0xa4]y83sR[0xba][0xcf]X[0xce][0x95]G[0xca][0xc9][0x0][0x0][0x0][0x0][0xff][0xff]"
16:19:57.265 [main] DEBUG org.apache.http.wire -  << "[\r][\n]"
16:19:57.265 [main] DEBUG org.apache.http.wire -  << "3AF[\r][\n]"
16:19:57.265 [main] DEBUG org.apache.http.wire -  << "B[0x9f][0xee][0xa3]f[0xff][0x15]i[0x11]A[0x0][0xe4]2([0x5][0xc7][0xd2][0x9c][0xcc]D[0x5]c[0x8c]p[0xca][0xcc][0xcb][0x4]-8[0x1]][0x18][0xa5][0x90][0x8]W[0x3][\r][0x1c]|[0xeb][0xf7]P[0x82][0x5][0xd1]8[0xa0]u:C[0xd4][0xaf][0xd8][0x7][0x99][0x6]v[0xc][0xc]i[0xfd][0x1]v[0xe7][0xe1][0x1a][0x3][0xc3][0xb9]^[0x9b][\n]"
16:19:57.265 [main] DEBUG org.apache.http.wire -  << "[0xcd][0x1f][0xa4][0x85][0xb][0xd8][0x1d]5[0xc0]a[0x86][0xa8][0xf4][0xb1];[0xf]W[0x98][0xd1]2[0x7]![0x9d]Z[0x3][0xce]A[0xd9][\n]"
16:19:57.265 [main] DEBUG org.apache.http.wire -  << "[0xee][0x99][0xa9]9[0x18][0xb9]'[0x4]t[0x14]q^:[0xe8][0x1a][0xb5][0xec][0xa2][0xcc][0x82][0xe2]L[0x84][[0x89][0xdf]adf[0x81]h[0xc5]#Y[0xa6][0x90][0x9d][0xaa][0x8b]Y[0xae]Q[0xc9]FD[0x86]E[0xb3][0x11][0xb3][0x84][0xa0][0x92][0x8d][0x88]f[0x10]|{[0x11]M[0xef][0xfa]1C[0xba]&[0x9][0xec][0xc7][0xe4][0x12][0xda][0x16][0x82]H[0xab][0xc][0xe8][0xe4]C[0xba][0xad][0x1]0[0xb3]$[0xa5][0xde]#x[0x9f]!z[0xc6]E[0xae]J[0xe8]6{nf[0x89][0xa8]Jh[i[0x99][0x83][0x9a][0x17]ti[0xf0][0x99]#[0x1d][0xad]Bk?!J[0x10]Z[0xdb]D[0xb7]xB:[[0x84][0xc6]~2D[0xc][0x8f]z[0x6]x[0xf8][0xfb][0xb9]*[0x18][0x9a]*[0x4][0x4][0xf9]cT0[0x1e][0xae]~[0xee][0x1][0xfe]~[0x88]j[0xc5][0x4][0xd4][0xef][0xc7]9[0x9][0x82][0x94][0x93][0xcc][0x91]f[0xea]i[0xed][0x1b]D[0xfd]E;[0xdf][0xd0]-[0xbd]!M[0xb3][0xd2]8[0xdc][0x90]fLim[0x13]"[0xbd][0xd1][0xda]&z[0xd5][0x14][0xe6]H[0x93]tn[0x89]y%[0x90]5[0xf6][0xbe][0x89]E[0xa0]!t[0x9f][0xc4]\[0xcc][0xcb]B\K[0x14]22[0x93]A[0xeb][0x8e][0xf2][0x91][0x6][0xc5]Ac[0x19]D[0xe5]'[0xa4][0xf9][0xb8][0xa4][0xc4][0xe2][0xd4][0x94][0xa2][0xb4][0xcc][\n]"
16:19:57.265 [main] DEBUG org.apache.http.wire -  << "[0x8c][0xfc][\n]"
16:19:57.265 [main] DEBUG org.apache.http.wire -  << "[0x96]IMK,[0xcd])I[0x1][0xad][0xf5][0x87]v[0xa4][0xcc],A]q[0xe2][0xac][0xa1][0xd7]0[0xb5]9[0xd2][0xfd]8[0xb4][0xe9]I[0xe3][0xa9][0xe7][0xcd][0x91]n[0xca][0xa1]q[0x8a][0xa4][0xdb][0xa1][0x4][0xe6]t[0x9b][0xcb]0[0xa7][0xdb][0x99][0x4][0xe6]H[0xfd]O[0x1a][0xc7][0x13][0xd2][0xc6]rZ[0xdb][0x84][0xe8][0x8b][0xd0][0xda]&Df[0xa6]Y[0xcd][0x8]j[0x10]@[[0x97][0xf4][0xcf][0xc6]Hs[0x3][0x3]`9[0xdd]j5[0xa4][0xab]3h[0x9c]b[0x90][0xae][0xaf][0x18][0x80][0x0]Ed[0x8c][0x1][0xb0][0x1c][0xd1][0xce][0x1f][0x0][0xcb][0x11][0x19][0x95][0xfe][0x96]#m#[0x1d][0x0][0xcb][0x11][0xb3]{[0x3]`9"[0x7][0xd3]c[0x8c][0xc6][0x9c]n[0xd3]I[0xe6]t[0xdb][0xdc]j[0x8e]4[0x9d][0x84]}[0xfc]t@[0x87]w[0xcd]A[\r]_h[0xf5][0x84][0xdd]yH}[[0xbc][0x87]"Sq[0x82][0xc4][0x9c]n{T[0xcd][0x91]&[0xc6][0xb0]{`c[0x7]i6[\r][0xbb][0xf3][0x6]$v[0x10]}[0xc8]A[0xe4]([0xc4][0x0][0x4]vG[\r]pD"jO[0xec][0xce][0x1b][0x90][0x88]D[0xd4][0xaa][0x83][0xc7]Q[0x83]{:[0xcc][0x1c][0xe5][0xe][0x7]lg[0x97][0xf]DD"M[0x87][0xb9][0x94]f[0x97]b.[0xe3]F8[0xca][0x8c][0xe8][0x1d][0xd5][0xe6][0x16][0x83];K[0xa1][0xdc][0xc]1hb[0x82]P[0x96][0x1a][0xd8]b[0x8]i[0x3][0xec][0xe0][0xc9][0xf1][0x96][0x84]f[0x98][0x7]8[0xcc][0x10][0xc3][0xe7][0x83]([0xcc][0x6]w[0xde]D[0x9a][0xbc][0x1b]Da6[0xa8][0xf3][0xa6][0x5][0xd2]&[0xde]A[0x13]f[0x16]H[0x9b][0xf]i[0xb2][0xae][0x18]}[0xc][0x9a][0x8a][0xbd][0x8][0xb][0xa4][0xd9][0xd6][0xa1][0xe7]vBm[0xec][0x1]-[0x13]-[0x90][0xee][0xbb][0x18]Di[0x15]1<F[0xdb]Q@[0xb][0xa4][0xed][0xe6]t[0x1f][0x94][0xb1]@[0x9a][0x6][0xc7][0x1e][0xf6][0x3][0x9b]4[0x90][0xe6][0xce][0xb1];[0xf][0xd1][0x16][0xa5][0xdb]>S[0xb][0xa4][0xc9][0xf6]!W[0x14] [0xed][0x9e][0xc7][0x1e][0xa0][0x3][0x1c][0xdf][0x84]Z"[0x3][0x12][0xdf]t+[\n]"
16:19:57.265 [main] DEBUG org.apache.http.wire -  << "[0x90][0x96]#[0xc][0xbd][0x94][0x85]h[0x10][0x81][0xb]L[0xc7][0xa2][0xcc][0xf4][0xc4][0xfc][0x12][0xd0][0xf9][[0xa8][0x87][0xe0]Q[0xe5]8F[0xb][0xa4][0xf5][0x14]C.[0xa8][0x90]6[0xaa][0xd3]g[0xf5][0xa0][0x5][0xd2][0x86]up[0xe4][0x4][0x4][0xd3][0xe8][0xf0]J[0xb][0xa4]M[0xe7][0xf4][0xf2][0x1b][0xa2][0xcc][0xa0][0xb5][0xdf][0xe8]V[0x10] m[0xc3][0xa6][0xb1][0x9f][0x90]6M[0xd3][0xda]&[0xc4][0xe4][0xd3][0x90][0xcb][0xb1][0xc6]h[0x85][0x1b][0xed][0xf2][0xf][0xd2][0xde]K[0x9c][0xf1][0x81][0xa8][0x4][0x89]>[0xbe][0xd6][0x2]i_[0xa4][0x2][0xc6]J&[0xea][0x14][0xc9]&t[0xb]$[0xa4]e[0x10]C.)![0xad][0xa2][0xc0][0x19][0xc1][0xd4][0x89][0xf][0xa4][0xf3][0xd6]im[0x13]b[0xd0][0x8d][0xd6]6![0xba][0xb2]T[0xb0][0x9][0x0][0x0][0x0][0xff][0xff]"
16:19:57.265 [main] DEBUG org.apache.http.wire -  << "[\r][\n]"
16:19:57.265 [main] DEBUG org.apache.http.wire -  << "553[\r][\n]"
16:19:57.265 [main] DEBUG org.apache.http.wire -  << "B[0x1f]0@ZRkA[0xb7]][0xa3][0x16]H[0xcb]@h[0xed]'[0xba]U`H[0xfb]S[0x87]\[0xe]EZ[0xa2]1[0xf4][0xdc]>[0x84]+Y[0xa4][0xd3][0xc8][0x87]^[0xb8]#J[0xc0][0xa1][0xe7]vD[0x3]:3/%?73[0x15][0xa3][0x81][0x90][0x98]][0xaa]P\[0x9a][0x9d][0xa8][0x80]P[0x0]][0xed]lD[0xf4][0x14][0xa0][0x5][0xd2][0xe2][0x15]h9[0x87]yg=[0xbe][0x9a][0x8f]~#<H'[0xbb][0xe3]t)[0xa2][0x11][0x86]o[0xe7],5[0x87][0xa0][0xcd][0x11][0xb][0xa8] [0xae]*6-[0xc6][0x88])x[0x0][0xa2][0xef]H633[0xc3][0xb3]#[0x19][0xb9][0xe6]C[0x9a][0xaa]ED7j[0x1f][0x9e]*[0xe9][0xc1][0x2]Q[0x1b][0xd1][0xd6][0x1e][0xc4]r[0x9][0xda][0xda][0x83]h[0xff][0xd2][0xd4][0x1e][0xa4]yW[0xda][0xda][0x83]Ho[0xb4][0xb5][0x7][0x91][0xe][0x82]+[0xf3]R[0x8b][0xd2]3[0xc1]W(@.[0x11][0xc1]~[0x8d][0x81]gQ>h][0x2][0xac][0xc][0xb2][0x4][0xed][0xaa]%f[0xc7][0x85]%[0xd2][0xf6]<[0xc4][0xe1][0xb6] [0xd3][0x14][0x9c][0xf2]KJr0K>[0xe7]|[0xd0]aM% [0x9][0xa8]m[0xe6][0xe6][0xa0][0x8c]H[0x9c]m[0x88][0xda]88'55[[0xc1][0xbd](1/[0xb3]$U!<1''[0xb5][0x4]#[0xf3][0xc2]N[0xd9]E[0x94]-&[0x6][0xa0]m[0xe6][0xc4]Y[0x86][0x8][0xc6]!W[0x5]!mO[0x81][0x14]m4[0x1b][0x9f]B:[0x86][0x8b][0xd6]6![0x8a][0x1d][0xc7][0xd4][0xa2][0xfc][0x94][0xca][0xbc]D[0xd0]I[0xca][0xb0][0x1b]BB@Wu`[0xa4][0x0][0xd7][0x8a][0x82][0xd4][0x94][0xcc][0x92]D[0x85][0xd2][0x12][0xd0]Y~[\n]"
16:19:57.265 [main] DEBUG org.apache.http.wire -  << "[0xc9][0xf9]E[0x5][0xf9]E[0xe4][0x1d][0xe6]g[0x81]t[0xc7]$r[0xc6][0xf2][0xc9][0xcc]K[0xcd]SpJL[0xc7][0xb4][0xbd][0xb8]D![0xb5][0xa8]([0xbf]H!/3#3[0x7][0xe4][0x82][0xcc][0x12][0x85][0xe2][0xcc][0xbc][0x12][0x85][0xa2][0xd4][0xa2][0xd2]\[0x85][0xd2][0x9c][0x9c]D[0xb2]N[0x19][0xb3][0xa0][0xdb][0xde][0x12][0xb][0x13]D[0xb1]E[0xe3][0x18][0xa6][0xdb][0xd9]_[0x16]t[0xdb]/cA[0xb7]S[0xc6],[0x90][0xee][0x8e][0x1a]r[0xe5][0x15][0xd2]Bgh[0x1a][0x1b][0xac]MY[0xcc][0xd5][0xcf][0x98].ET7tk[0xca]"U[0x8c]4=5[0xcf][0x2][0xf3][0x14][0x1f]L[0xff][0xc3][0xdb][0xcc]XN3[0xa0]_[0xa7][0x3][0xe9] [0x1f][0x9c]ij[0x0]b[\n]"
16:19:57.265 [main] DEBUG org.apache.http.wire -  << "[0xd1]9[0xc4][0xe9][0xaa]A[0x12]~[0x88][0xf6][0xf]N[0x97][0xe]@[0xf8]!Z[0x1][0x83]q[0xc2][0x1d][0xd4][0xba][0x1c]l;6,[0x90]Vm[0xd3][0xb4][0xe3][0x81]y[0xf7][0xd2]`-[0x1b][0x90][0x16][0x8a][0xf][0xa2][0xb4]m[0x81]1[0x18]?h[0xc3][0xf][0xb1][0xec]v[0x10][0x85][0x1f][0xd2]I;4M[0xe7][0xc8][0xe7][0xec][0x80][0xbb][0xa1][0xb0]~[0xa6]BxbIr[0x6]F7[0xc0]'5[0xb1]$#[0x15][0xe9]H[0x3][0xb]#[0xd0][0x1c][0x5]1[0xbd]P[0xb][0xa4][0xc5][0xba][0x90].ox~~[0xe][0xf1][0xfd]]##P[0x89]D[0x9c]M[0x88][0xe1][0x16][0xe4][0xde]MpfN[0xb6][0x82]3[0xd6][0xf3][0x94]![0x87]-#[0xea][0x0]##[0xd0]P[0x17]1[0x96]Y"-]E[0x1c]@[0x1]1O[0xc1]9?[0x11][0xb3]+[0x1f][0x9c][0x9f]SZ[0x92][0xa8][0x90]Z[0xa2][0x90]\Z[0x90][0x9][0xea][0xd2][0x95][0xa4]"[0x9d]D[0x81][0xff]|{[0xa4][0xd1]8K[0xe4]{4[0x90]FG[0x9c][0xf3][0xb][\n]"
16:19:57.265 [main] DEBUG org.apache.http.wire -  << "R[0x8b][0x14][0xbc][0xf3]2[0xd3]@c[0x13][0xa8][0xc3]s[0x10][0x87]!<ja[0x9][0xea]`[0x13][0xe7]QDN[0x19]j[0xad]rK[0xa4][0x85][0xa4][0x90][0xb4][0x7]=!$ 1[0xaf][0x4]s[0xa4]4[0xa8]4)[0x9]9[0x91][0x9b][0x9a][0x81]nI$.[0x90][0x10][0x95]:[0xc4]"x[0x86][0xc2]n[0x15][0xb4][0xcf][0x8f][0x88][0x10]K[0xb][0xd0][0xe4],qv![0x92]9[0xf2]0[0x2][0xdc]F[0xef][0xd4][0xca][0xa4][0xfc][0xc4][0xa2][0x14][0xc2][0xb9][0xd8][0xc]|L[0x10]Q[0x96]"-[0xb][0x1d]r[0xa9][0x0][0xe9][0xe6][0x8c][0xe0][0xdc][0xc4][0x9c][0x1c][0xa4][0xbb][0xab][0xb0][0x96][\n]"
16:19:57.265 [main] DEBUG org.apache.http.wire -  << "X"[0x7][0x94][0x90][0x88][0xb]'[0xc4]X[0x3][0xf2][0xfd][0xc7][0x90][0x11][0x16][0xec]i[0x1]<[0xac][0x89]H[0x9][0xe6][0x16][0x86][0xa6][0xc4][0x8d][0xcb]["[0xad];[0xf5]HM,[0xab]Tp)-[0xa9]D[0xf8][0xe]gB[0x0][\r]o"[[0x8][0x1a][0x8a]![0xce]w[0x88][0xfa][0x1d]~+[0x85]s~II~[0x1e][0xae][0x2][0x1d][0x92][0xe1][0x10][0x96][0x99]X[0x1a]X[0x10][0xeb];D[0xc1][0x83]\[0x9c][0x83][0x1c][0xaf][0xe0][0x94][0x9a][0x87][0xa5][0x9a][0xc2],[0xe5]@76[0x11][0xe7]3D[0xaf]&[0xa0](1[0xb9]$391[0x7]v[0x16][0xbf][0x7][0x96][0xd2][0x1c]:n[0x8b][0xf0][0x98][0xa9]1h[0x1]"qv![0xf5]K[0xc0][0xe9]1 [0x11]Trc[0xaf]z[0xd1][0x3][0xd0][0xc8][0x18][0xb4][0xa0][0x8e]8{[0x10][0x85]RP)x[0x4][0x1d]ZG`[0xad][0x9f] r[0x8][0xf]Y[0x9a][0x12]o[0x11][0xf6][0x12][0x9]R[0x9e]*`[0xb]>[0x88][0x14][0xc2]2#[0x13]sb[0x93][0x5]([0x98][0xa1][0x1d][0x14][0xa4]k[0x13] [0x19][0xc]{-[0x8f][0x1e][0x84]f[0xc6][0xa0][0x8c]CT[0x10][0x1a]![0xb2][0xb3]OfzFIy*[0x88]T[0x80][0x98][0x88][0xd5]g[0xe1][0xf9][0xf9])[0xa9]HS[0x11][0xa6][0x96][0xa0][0x5]u[0xc4]Y[0x86][0xc8]]C[0xae][0x8c]5B[0xca][0xac][0xe0]4[\r][0x9b]&Q[0xc0]^[0xe8]a[0x94][0xb1]f[0x16][0xa6][0xc6]D[0x16][0xc]H[0x97][0xb][0xc1]K!H[0x16][0xc2][0x96][0xd4]0[0xda][0xae]F[0xa6][0xa0][0xeb] [0x89][0x8b][0x11]DN[0x85]_[0xe8][\r][0xaf]g[0xb1]{[0xc]=[0x1b][0x19]Y[0x80][0x8e][0x6]%[0xce]6D~E[0xae][0xd8]q{[\r][0xd4][0xb2]E[0xe4]![0xe2][0x8f][0x19][0xb3]DZM[0xea]X[0x9e]Z[0x9c][0x9f][0x9b][0xaa][0x0]-[0xc6][0x83]32[0x8b][0xb0][0xb4]]KR[0xc1][0xe7][0xdf]B'[0xbc],,[0x89]=7[\r][0x9c][0xf8][0xa1][0xb9][0x15]1[0xbd][0x6]O[0x1b]8[\n]"
16:19:57.265 [main] DEBUG org.apache.http.wire -  << ""P[0x85][0x82][0xf0][0x97][0x85][0x5]h^[0x98][0xa8][0x10]4F[0x8c]""l[0x83][0x16][0xd5][\n]"
16:19:57.265 [main] DEBUG org.apache.http.wire -  << "[0x1]9[0x89][0xe0]Y;[0xd4][0x96]1[0xa8]:A[0xd8]el[0xc][0xda].J[0x9c]][0x88][0xa2][0x1]Z[0xba]B[0xb2]>[0xe]{0[0x12][0xbc][0xb9]!h[0xb4][0x81]8[0xab][0x10]kI[0xe0][0xc9][0x10][0x9a][0xac][0x15][0xb0][0x1e]v[0x7][0xf5]2[0xc2]_[0x16][0x86]D7e[0x91]n[0x81]][0x1f][0xf]O[0xf2][0xd8][0xab]]P[0x87][0xe]a[0x95][0x19][0xf1][0x13][0x94]HG[0xa6][\r][0xb9][0x2][0xf][0xe9][0x10]6[0xe4][0x9a][0x1][0x9e][0xb4]q[0xdc][0xd2][0x85][0x9a][0xdc]LM@"
16:19:57.265 [main] DEBUG org.apache.http.wire -  << "[\r][\n]"
16:19:57.266 [main] DEBUG org.apache.http.wire -  << "15F[\r][\n]"
16:19:57.266 [main] DEBUG org.apache.http.wire -  << "sS[0xc4][0xa5][0x1]D[0x1d][0x8b]l[0x1f]<j[0xb0][0x15]}[0xa8][0x11]cj[0x8]:[0x14][0x99]([0xcb][0x90][0xe6][0x9][0x91]-[0x83]&p[0xec]3[0xf0][0xe8]U[0xba][0x89]!h[0xb]=q[0xd6]![0xb2]-R[0x95][0xe]n[0x17][0xe3][0xb8]r[\r],[0x87]HsF[0xc6][0xa0][0x13][0x5][0x89][0xb3][0xb][0x91]m[0x91][0xec][0x82]V[0xe8][0xd8][0xdb][0xf][0xb0]8E[0xd8]g[0xc]>K[0x88]8[0xfb][0x90][0xf2].[0xfc][0xf2]\xa[0x9b][0x9f][0x8a][0xd9][\r]E-[0xd5][0xcd][\r][0x89][0xae][0xad][0x90][0xe7][0x4][0x91][0x6][0x6][0xa0][0xb1][0x86]#[0x81][0xa0]4V[0xcc],[0x89]N[0x8f]H[0xd3][0x82][0xf0][[0xf2] 5[0x15][0xf6]v,z[0x8c][0x99][0x80]F0[0x89][0xb]AD[0xd3][0x1c][0xd2]}[0x83][0x96]n8[\n]"
16:19:57.266 [main] DEBUG org.apache.http.wire -  << "Z[0xa8],"[0xb2],MA[0x7]?[0x11]g[0x15][0xa2][0xbe][0xc7][0x18][0xd4][0xc1][0x16]~[0xe0]V'[0xc2]&3[0x3][0xa2]GU[0x90][0x97][0xc6][0x83]G[0xe0] [0xed][0x6]b[0xfd]dl[\n]"
16:19:57.266 [main] DEBUG org.apache.http.wire -  << ":[0x90][0x94](?!-/[0x1f]r[0x85],hL[0x4][0xda]z[0x80][0x8e][0xd2][0xd2]h[0x97][0x92]%[0xa8][0xf1][0x9][0xb5][0x9][0xb9][0xc4][0x83][0xd6][0xda][\n]"
16:19:57.266 [main] DEBUG org.apache.http.wire -  << "8JsH[0xa4]![0x12][0x80][0xa9][0x9]hp[0x8e][0xb8]hA4[0xf6][0x11][0x1d]NX[0xa5][0x8e][0xbd][0x1c][0xc2]H[0xd9]&[0xa6][0xa0][0x95][0xc9][0xc4]Y[0x87]h[0x9f]#[\r][0x15][0x80]j#[0x1c]#[0x86]P[0x9f]#[0xfc]fdH[0xec]zAK[0xd0][0xd8]0[0x96][0xc0][0x4][0x17][0x1]8[0xfa][0x3][0xa8][0x85][0x9e][0x91][0x19][0xd1][0xcd]0SD[0x96][0x85]6[0xc3][0xe0]Ubp[0x6][0xd6][0xe2][0x15][0xb5]-ki[\n]"
16:19:57.266 [main] DEBUG org.apache.http.wire -  << "[0x1a][0xda]"[0x14][0x86][0x0][0x0][0x0][0x0][0xff][0xff]"
16:19:57.266 [main] DEBUG org.apache.http.wire -  << "[\r][\n]"
16:19:57.266 [main] DEBUG org.apache.http.wire -  << "5D7[\r][\n]"
16:19:57.266 [main] DEBUG org.apache.http.wire -  << "R[0xb2]24[0xb6]DZ[0x9f][0x0][0xb5][\n]"
16:19:57.266 [main] DEBUG org.apache.http.wire -  << "[0x12][0xff]8[0x6][0x97][0xc1][0xde]E[0x84][0x9f][0x89]!h[0x16][0x8b]8[0x8b][0xb0][0xd7][0xf5][0xe0][0xd8][0xc2]^[0xf9][0x82]K^$[0xbb][0x88]o[0xc6][0x82]R[0x10]4[0xae][0xe0][0x9d])[0xa8][0xb7][0xb0]wp0[0x12][0x86][0x85][0x11][0xe8]*[0x2][0xa2]<[0x6][0xea]6@-C[0x1e][0x1d][0x3][0xb5]Sp$C[0xb4][0x12][0xd6][0xd2][0x10][0xd4][0xd1]$[0xce].DE[0x8f][0x92][0xa3][0xa1]c-X[0x97][0xdb][0xa1]E[0x99][0xb9]9[0xf1]>Cdg[0xa4][0xfc][0x5]mV`o6[0xa3]y[0x8d][0x84][0xe6][0x19](#B[0x83]q[0xc8][0x15][0xe9][0x98]k[0xbe]iU[0xa4]c[0xae][0xd9][0xa6][0x99]M[0x88][0xfc]J[0xe3]j[\n]"
16:19:57.266 [main] DEBUG org.apache.http.wire -  << "i[0xf1][0xe]-'[0x8]-A[0xb]Z[0xa1])[0x8c][0xb6][0xf6] [0xb2][\r]m[0xed]A[0xc4][0x10]M[0xed][0x1][0x15][0xf1][0xf4][0x8]7[0xd0]4%[0xd4][0x9e][0x80]`[0x5][0xcc]t[0x9d][0x9e][0x98][0x9b][0xaa]`[0xaa]P\[0x92][0x88]4i[0x8b][0xe5][0x12][0xf2][0x14]#[0xa8][0xe7][0x6]5[0x9e][0xc6][0x9][0x1a][0xd4]%[0xa5][0x8f]M[0xa0]a8:[0xd9][0x84][0xe8][0xce][0xd2]8[0xf4]@[0xd5][0x13][0x9d][0xfc][0x84][0xe8][0xc6][0xd2][0xd4]O&[0x6][0xc8][0xb3]u[0xb4]\[0x9]hb[0x80]t[0x96][0xc][0xad][0xfd]D[0xbf][0xd0]C[0x14][0xa8][0xb4][0xf6][0x13][0xa2]GAk[0x9b][0x90][0x6][0x0]h[0x9c]"[0x10][0x9d][0x89][0xcc][0x80][0x8c][0xfc][0xbc]TC[0xcc][0x1b][0xd1][0xc0][0xdb][0xa8]RS`[0xf7]&"5[0xba][0xf1][0x1e]`[0x8c](^M[0xc][0x90]Nu[0xa1]u[0xd0]![0xea]=[0x1a][0xdb][0x84]4-Gk[0x9b][0xe8]T[0xbc][0x9a][0x18] [0xcd][0xfe][0xd1][0xda]Ot+ [0x90].[0xce]![0xde]O[0x88]DN[0xec][0xf9][0x12]&[0x6][0xa0][0x1]*z[0xd4]M&[0x6]H[0xa3][0xd5][0xb9][0x99]9[0xd9][0x18][0xeb]^[0x10][0xae][0xc7][0xb7][0x9a][0x1d]9[0x83][0x82][0x16]D@[0xdd]N-[0x13][0x11][0x11]L[0x97]SpL[0xc][0x90][0xce][\r][0xf1],[0x0][0x95]e[\n]"
16:19:57.266 [main] DEBUG org.apache.http.wire -  << "[0x86][0x86][\n]"
16:19:57.266 [main] DEBUG org.apache.http.wire -  << "f&[\n]"
16:19:57.266 [main] DEBUG org.apache.http.wire -  << "[0xe9]I[0x18][0x1][0x84]o[0xb9]6[0xf1][0x11][0x8e]tM[0x6][0xf6][0x85][0xcd][0x88]x[0xc0][0xdf][0x12][0xa5][0xde][0x16]Y[0x13][0x3][0xa4][0xa1]([0xda][0x85][0x2][0xf5][0x1c]lli[0x8e][0xa8][0xec]h[0xda]S[0x1][0xad][0xb7][0x80]&[0xf1]!7[0x86][0x0][0x9a]:[0x80][0xba][0x9d]&[0xbd][0x1f]D[0x1b][0x8a]&[0xc6]#[0x1a]N41[0x1e][0xd1][0x86][0xa1][0x85][0xf1]HK[0x94][0x89][0xaf]?@[0x93]\[0xd0][0xb5][0x3][0xc4][0x96]'[0xc6][0x96][0xa0]y/h,[0xd3][0xda]&D[0x9e][0xa3][0xb5]M[0x88][0xc8][0xa1][0xb5]M[0x88][0xc5]$[0xb4][0xb6][0x89]nmL[0xa4][0xbd][0xda]4[0xf5][0x93][0x89][0x1][0xd2]i[0xc9][0xb4][0xb6][0x9]1LMk[0x9b][0x10]M[0x10]Z[0xdb][0x84](@im[0x13][0xa2],[0xa5][0xb5]M[0x88]2b[0x88][0xd5][0x97]&[0x6][0x6][0x88]R[0x7]{[0xcb]l [0xcf]x51@:[0xef][0x18][0xbb][0xf3][0x6][0xa2][0xe1][0x8][0x9a][0x15][0x84][0xd6]>C.[0xbe]A[0xb]w[0xa1]n'>W [0x2][0x99][0xd8]*[0xda][0xc4][0x0]4[0x19]G[0x1f][0x8b][0x86]p[0xee]CZl9[0xe4]R[0x12]h[0xed]2]"[0x18]i[0xe5]&m[0x93],h[0x85][0xe][0xd4]GT[0xea][0xda][0x83][0x96][0x9e]Q[0xd9]DD[0xfd]I-7[0x92]SO[0x92]S"[0x90]u[0xdf].Y[0x16]![0xea][0xb4][0xa1][0x97][0xab][0x10]msz[\r][0x6]!Z[0x99][0xd4][0x1b][0x6]1[0xd5]QrN,IM[0xcf]/[0xca]L-V[0xb2][0x8a]F[0x19]AC$[0xb8][0x80]`[0x13][0xcc][0x11][0xa7]b[0x13][0x85][0xa4][0xc4]"[0xd0]Y[0xe0][0xd0]~[0xa1]1[0xb1][0xc7][0xc6][0x99][0x18] [0x9d]\K[0xdb][0xb2][0xc2][0x4][0x11]O[0xd4][0xef]J[0x9b][0x18] [0xaf][0x1][0xa4][0xed][0xbc][0x6][0xd2][0xf1][0xb8][0xc4][0x87][0x18][0x19][0x9d]v[0x13][0x3][0xa4][0xd5][0x86]d[0xd9]D[0xec][0x8]-[0xd2][0xca]@[0xd8]*u[0xc8][0xee]/[0x1c][0xeb][0x88][0x2]K3[0x13][0x15]R[0xf3][0x8b][0x15][0x8a][0x12]K2[0xf3][0xf3]R[0x15][0xf2]R[0x93]S[0x8b][0x8b]3K[0x12]K2[0x93]J[0x8b][0x15][0xd2]J[0xd3]3[0x13]K[0x14][0x12][0xf3]2s3[0x91]v[0xe5][0x1a][0x81][0xba][0x9c]D,721@Z@H[[0x8f]#[0xca]=[0xb2][0xec]![0xbe]q[0x87][0xb4][0xdc][\r]i[0xa5]4t[0xf9][0x17][0xae][0x15][0x91][0xae][0x15][\n]"
16:19:57.266 [main] DEBUG org.apache.http.wire -  << "[0x85][0xa5][0x89][0xa9]E[0x89][0xa0][0xd3][0xaa][0x8a][0xc0][0xc1][[0x8c][0x14][0x9e][0xc4][0xee]r61@:/[0x96][0xc6][0xfe]DZ[0x1][0x7]_[0xc9][0xc]^[0x8][0xa6][0xe0][0x9c][0x9f][PZ[0x2][0xde][0x12][0x8c][0xba]i[0xc4][0xb1][0xb8] [0xb5](3[0xbf]([0xb5][0x18]r[0x16]V~rrbjrbI[0xa6]Ba)y[0xc9][0x7]ye[0x1c][0xcd]F[0xeb][0xa9]7Nmb[0x0]ZS[\r]m[0xf5][0xd0]r[0xaa][0x14][0xe9]&][0x9a]Z[0x83][0xa8][0xae]hj[\r][0xa2][0x1b][0x83][0xb1][0xa5][0x15][0xc7][0x12]c[0xc7][0xd2][0x12][0x85][0x94][0xfc][0x9c][0xfc][0xa2][0xd4]\[0x85][0xa2][0xd4][0x82][0xd4][0x9c][0x9c][0xd4][0xbc][0x94]R[0xe4]<E|[0x19][0x85][0xb4]"[0x8e]F[0x17][0xd2][0x9b][0x18] [0x1d][0x84]E3;[0x90]V[0xc1][0xd1][0xce][0xe][0xc4],3[\r][0xe7]aL[0xc][0x90][0xee][0xe0][0xa5][0xad]=H)[0x9c]vg[0xfa][0x9a][0x18][0x80][0xf6][0x99][0xc1][0xca][0x5]Z[0xda][0x3]:[0x15][0x4]j[0xf][0x8d][0xeb][0x7][0xa4]5}4Km[0xa0][0xad][0x80]P[0xdf][0xd0][0xce][0xe][0xc4][0xf8]/[0xed][0xec]@[0xf4]\[0x7][0xcf]P[0x1e][0xd2]bIZ[0x16][0xee][0xa0]][0xaa][0xd0]8[0x1c]<~G:[0x1a][0x18]g6![0xa7][0xfb]M[0xaf][0x95][0x87]&[0x6][0x96][0x83]1I![0x1f][0xa0]Dt[0xd7][0x8d][0xac]pF4[0xf7][0x7]Q[0xa2]"g[0xc6][0x8f][0xc][0xdf][0x83]{[0xb][0x83]-K[0x19]"[0x9d][0xfc][0x84]3Ka[0xac][0xa8]![0xcb][0xf7][0x88][0x2][0x9b]x[0x8b][0xc8][0xe9][0xb5][0x1b][0x82]v[0xad][\r][0xbe]pFj,[0x13][0x9d][0xc7][0xc8][0xf3]>"[0x93][0xd1][0xaa]f4[0x4][0x1d]{[0x3][\r]bZG&"w[0x6][0x14][0xe5][0xa7][0x94]&[0x97](8[0x96][0xe6]d&*`[0xae]e[0xcd][0xcc][0xcb][0x84][0xad]cUH[0x84][0xab][0x81][0x8e][0xc8][0x11]9[0x14]c[0x88]4SF[0x1f][0xfb][0x10]-s[0x1a][0x87]$[0xd2][0x2]q[0xfa][0xf8][0xc][0x91][0xe1][0xe9]c[0x1f][0xa2]j[0xa5][0x8f]}[0x88]>[0x8]}[0xec]C[0x94] NE[0x89][0xc9][0xa9][0xd8]N[0xd8][0xf7]MLIU[0xc8]OS[0xc8][0xc8]L[0xcf][0x0][\r]][0xe5]d[0x96]T*[0x14][0xa4]&[0x16][0xe5] [0x17]%[0xa0][0xd5][0xcd][0xc4][0xc][0x3][0x1a][0x1a]"[0x8a][0x12][0x97]0[0x17][0x5][0xef][0xcc][0xdc][0xd4][0x92][0xe2]R[0x85][0xbc]|[0x85][0xc8][0xc4][0xcc][0xa4]D[0x8c][0x81]pD[0xbd]`hd@[0xf4][0x10][0xb8]![0xd2][\n]"
16:19:57.266 [main] DEBUG org.apache.http.wire -  << "r[0x90]5[0xbe][0xa5][0xe9][0xa9]y[\n]"
16:19:57.266 [main] DEBUG org.apache.http.wire -  << "!E[0x89][0x99][0xa0][0x93][0x87]P[0xc7][0xaa][0xc8][0xb5][0x1]Q[0x8a][0xd0][0xc8][0x6]P[0x98]BKDZ[0xd9][0x80]()he[0x3]b^e[0xd0]4[0xcf][0xc][0x91][0xa6][0xff][0x7][0x91][0xa3][0x10]yq[0x10]9[\n]"
16:19:57.266 [main] DEBUG org.apache.http.wire -  << "1[0xc1]C[0xe3][0xaa][0x4]i[0x11][0x0]v[0xef][0xf][0xe8][0x12][0x1c]C[0xa4][0xe9]w[0xec][0xce]C[0x94]"t[[0xbb]m[0x88]4U[0x8f][0xdd]Q[0x3][0x1c]f[0x88][0xda]3[0x2][0x0][0x0][0x0][0xff][0xff]"
16:19:57.266 [main] DEBUG org.apache.http.wire -  << "[\r][\n]"
16:19:57.268 [main] DEBUG org.apache.http.wire -  << "3DE[\r][\n]"
16:19:57.268 [main] DEBUG org.apache.http.wire -  << "r[0xf2][0x8f][0xc0]<[0xe9]x@[0xc2][0xc]Q[0xc5][0xa6]'[0xe6]f[0xe6]a^[0xe9][0x91][0x96]_[0xa4][0x0][0x91]R((-*[0xc8]/[0x6][0x1f]A[0x3]m[0xf3][0x11]=;dH[0xd6]D?r[0x95]J[0xec]n)C[0xa4]S[0xa2]hsQ[0xa9][0x89]![0xd2]aNd[0x95][0x3][0xc4]6[0x95][0xe9]uk[0xac][0x89]![0xd2][0x9e][0x18][0xb2]|D|B@[0xda]+Ck[0x9b][0x10][0x95]-[0xad]mB[0xe4]"Z[0xdb]D[0xb7][0x1a][0x88][0xa4][0x99]y[0xf0]&G[0xa2]s+[0x15][0xe7][0x15][\r][0x91]&[0xf6][0x89][0xf]zDIK|[0xba][0xa5]t[0xc2][0x9e][0x4][0x9b][0x10]M[0x1f][0xe2][0xbd]Dt[0xe0]#[0xad][0xba]1[0xa4][0xdb][0xa4][0xb9]![0xd2][0xa4]9[0x8d][0xfd][0x84]43[0xe][0xb5][0x9][0xcb]r[0xa2][0x9c][0xc4]J[0x85][0xf2][0xcc][0x92][0xc][0x85][0xac][0xd4][0xe2]bPo[0xb][0x9c][0x80][0x11][0xc9][0x2][0xa3][0x5]9[0x8][0x91][0xee][0x1c][0x85][0xd4][0x92][0x18]]6*U[0xa0]H[0x13][0xe8]Cm[0x1][0x9b][0xa1][0x19])[0xe5]#8*[0x88]N[0xce][0xd4],K[0x90][0xce][0xc9][0x81]&[0x1d][0xcc][0x93]2[0xe0]#[0xb5][0x3][0xe8]L[0xc4][0x98][0x1][0xf6][0x86][0xe4][0xc0][0xb6]s[0x91]f[0xf4][0xa1][0xa1]Ht[0x6]D[0x8a]u[0xe2]s [0xd2][0xec]>[0xf6][0xe0] 6[S3)[0x99]#[0x86][0x12]H[\r][0x4]b[0x9d][0x8b]\[\n]"
16:19:57.268 [main] DEBUG org.apache.http.wire -  << "![0x9d][0xbf]3[0xe4][\n]"
16:19:57.268 [main] DEBUG org.apache.http.wire -  << "[0x7][0xa4][0x15][\r][0xd0][0xa0][0x1a][0x94][0xb9][0xe][0xf3][0x1e]0[0xa2][0x93]5Y1:4[0x8a]L[0xa4][0xed][0xc7]C/[0xe1]![0xca][0xd1]A[0x9d][0xf0]Hi[0xf2][0xf]\[0xad]d[0x8e][0x18][0x0][0x1e]r)[0x81][0xa4][0xc5]A[0x3][0x17][0xc4]H+[0x8b][0x6]s[0x82]EZ[0x9c]4[0xf4]R[0x2]bJ[0x8d]fS[0xbb][0x16][0x88][0x81]@h4b[0x8e][0x5][0xc2][0x9b][0x99][0x3]x[0xa3][0xa4][0x89]![0xe8]Vl[0xe8][0x94][0xb]N[0x97]"*7|[0xa3]Z[0xd4]l[![0xad][0xcf][0xf2](P[0x8][0xcb],[0xcb]W[0x88]42[0xc2][0xe8]w[0xe5][0xa6][0xe6]f[0xe6]dfg*[0x14][0x17][0xa4][0x16]g[0xa6]ef'[0x16]g*T&[0xe6][0xa5]+$[0x16]d[0x82]N}[0x81][0x8e]a[0x1a][0x83][0xe6][0xd1][0x88]][0xb7]o[0x88][0xb4]j[0xb][0x1a]$4m[0x6]`[0x9e][0xac]G[[0xeb][0x10][0x85]8[0xd4]wx[0xda]bX[0x92]&[0xf1][0x83][0x1c]D[0x1f][0xaf][0x87][0xaf][0x9b]nL[0xf4][0xa0]01[0xeb][0xda][0xf0][0xe5]9[0x12]<F[0xca][0xa8][0xe3][0xc0][0xd5]%[0xa0][0x3][0x93]Q[0xb3]6[0x8e][0x98][0xa6]R[0xf8]c[0x94]y8[0xac][0xcb]H,V[0x18][0xc0]P![0xb6][0xd5]M[0xa5]P!e[0xa4]o[0x0]Ceh4[0x94][0x91]n[0x8e][0xc4]>[0x10]0[0xa0][0xe3]"[0xe0]m[0x17][0xd0][0x1c]7([0x9d][0x87]([0xb7][0xb0];[0xf]Q[0xd1][0xe3][0x1f][0x9b][0xa1]bUod[0x80]h[0x8e]aw[0xd4][0x0]G)[0xa2][0xb8][0xc0][0xee][0xbc][0x1][0x9][0xb3]!Q[0xa8][0x18]![0x1d]2B[0xb8][0xa9]1`e[0x9f][0x11][0xd2]:L[0xec]Q<[0xb0])[0x10]i1%[0xe4][0xb2][0x13][0xc8]NDl[0x97][0x8f]8[0xe5]$[0xe6][0xa5]d[0x96]df[0x16]+$[0x97][0xe6][0x14]$*[0xa4][0xe6]e[0xe6][0x82]6[0xb2]&"m[0xb8][0x4][0x9d][0x2]H[0xcc][0xc2]5#[0xa4]cw[0x7]e[0xb8] [\n]"
16:19:57.268 [main] DEBUG org.apache.http.wire -  << "[0xe][0xda],[0xe5]22D[0xb4]h[0x6]e[0x0][0x10][[\n]"
16:19:57.268 [main] DEBUG org.apache.http.wire -  << "P[0xa5]%c[0x84][0xb6][0x8e][0x91][0xfa][0xb][0xc][0x8d][0x90][0x96]0[0xe][0xe6][0xf2][0xc2][0x90][0xd8][0x1e][0x14]u[0xc2][0x1d]iQ$[0xfe]P[0xa1][0x92]u[0x88]i[\r]_[0xd0]b[0xf0][0xe0][0xfc][0xe4]d,[0xfb][0x9d][0x93][0xf3][0x93][0x12][0x15][0x92][0x8b]R[0x13]KRa[0xeb][0xc5][0x11]5[0xa1]1[0xb1]}m#[0xa4][0xf3]t[0xa9]d[0x9b]![0xee]#([0x8c][0x8c][0x10]E[0x6][\r]No0BZeIjL[0x91]3-f[0x84]y[0xd6][0xd2] [0x1d]e2B[0xba][0x9f][0x13][0x1a]2[0x98].E$[0x1f]:[0x8d]2[0x19][0x11]}[0xf0]1[0x95]r[0x16]b[0x94]0V'D[0x1f][0xec]D[0x9d][0xd0]@Z_J[0xa3][0xea][0x1b]i[0xb1]([0xad]l@[0x94]'[0x83]2F[0x9][0xf5]][0x6][0xb6]a[0x8b][0xb4][0x8a][0x93][0xda][0x7][0x2][0x19]!-[0xdf][0xa4][0xbe][0xd9][0xc4][0xd6][0xff][0x3]:[0xd0]eD[0xb7][0xf5][0x9e]FX[0xd6]{*[0x4][0xe7]d[0xe6]b[0x8c][0xd7]Se[0xf8][0xd5][0x8]t![0xe5] [0x1e]eA[0xbe]s[0x13][0xef]&E[0xea][0x94][0xa3][0xa6][0x84]29[0xa2]^[0xa5][0xdf][0xa0][0xe][0xe6][\n]"
16:19:57.268 [main] DEBUG org.apache.http.wire -  << "=<c[0xc1][0x94]L2[0x18]![0xad][0x99][0x83][0xb6],p[0xd8]D[0x9d][0xd0]F:|f0[0x96][0xf8]H[0xc7][0xa0][0xa7][0xa4][0x16]'[0x17]e[0x16][0x80][0x8e][0xb6][0xc2][0xc8][0x87][0x88]$[0x81][0xaf][0xa9][0x85][0xb4][0xfa][0xc8][0x8]iB[0x93]"
16:19:57.268 [main] DEBUG org.apache.http.wire -  << "[\r][\n]"
16:19:57.268 [main] DEBUG org.apache.http.wire -  << "22A[\r][\n]"
16:19:57.268 [main] DEBUG org.apache.http.wire -  << "[0xca][0x6]#[0x92]/[0x8d]*i[0xa4][0xb9]D*;[0x1d]1f>([0xd3][0x2][0xa2][0x9a][0xc2][0xee]<D*[0xa0]_[0xc1][0x80]4'[0x88][0xdd]Q[0x3][0xdb]$A:[0xc3][0x2][0xbb][0xf3][0x6]$[0xcc][0x10][0xad]L[0xfc]E[0x1c][0xa8][0xbd]AQaj9[0xb8][0x7][0xbc][0x90][0x8e][0xd8][0x18]D[0xb1][0x83][0xe8][0xd5][0xd1]:v[0x8]e[0xe8][0x1][0xcd];[0xc6]H[0x7][0xe4][0xf][0x9a][0xd8]1F:[0x99][0x83]6[0xd5][0x8b]1[0xc1][0x83]2[0x6]8V[0x10][0xc9][0x93]V[0x1][0x80]H[0x96]4[0xb2][0x1]i[0x6][0x84]V6 [0x6]=i00h[0x8c]tj[0x4][0xf6][0xac]1[0xb0]idp[0xcf]s[0x18][0x1b]"[0xe6]9[0xb0][0x87][0xde][0x0]T[0xca][0xc6]X[0xe6]*h[0xd8][0xe7]5F[0x9a]s[0xc0][0x1e][0x6][0x3][0x9b][0x82][0x8c][0x10][0xf9][0x7][0xbb][0xf3][0x6]"[0x8a][0x90][0xe6][0x16]hTl [0xcd]' ][0xf1][\r]=u8 '[0xb1]$[0x15][0xa3][0xeb][0xe5]XZ[0x92][0x9a][0x8b]~[0xd4]pQjQi.[0xd2][0x14]-[0xf8][0x94]+b[0xe6]h[0x8d][0x91][0xa6][0x1c][0x1c][0xcb]S[0x8b][0xf3]sS[0x15][0xc0][0x17][0xbf]+8[0xe7]'[0x96]`X[0xee][0x9a]_[0xac][0x90]YP\[0x9a][0xab][0x90]Y[0x92]XX[0x9a][0xaa][0x90][0x93][0x98][0x94]_[0x94][0x99]_[0x9c][0x98][0xab][0x90][\n]"
16:19:57.268 [main] DEBUG org.apache.http.wire -  << "[0x16]H-[0x1]M[0x17]g[0x96][0x90][0xe3][0x18]#[0x13]D_[0xe]{*[0x18][0xd0]Dj[0x84]tH[0xf8][0xa0]t[0x1e][0xa2][0x1e][0x1d][0x8c][0xce]C[0xda],<([0x9d][0x87][0xe8]$[\r]J[0xe7]![0xea]0[0xfc][0xbd][0x4][0xea][0xc]S[0x99][0xe][0xee][0xa1][0x9][0xa4]M[0xc9][0xd8]#k[0x0][0xaa][0xb]#[0xba][0xed]_6B[0xda][0x84][0xea][0x9b]_Z[0x8c]YI[0xe0][0x1b]''v[0xc4][0xce][0xc][0x91][0x4]hh[0x9][0xad]{[0x17]F[0x98][Mi:[0xbe][0x8b][0xb4][0xd3][0x94][0xba][0x83][0x85]H[0xbb]E[0xa9]l0[0xa1]E[0x9d][0x3][[0xe9]"[0xed][0xa9][0x1c]<Y[0xdd][0x1c][0xd1]P[0xa1]M[0xcb][0xd0][0x8]i[0xd3]$vo[0xf]p[0xac] [0xf2]-v[0xe7][\r]D[0x1][0x8c][0xb4][0xbd][0x90]F[0xb1][0x82][0xb9][0x9][0x10]s[0x19][\n]"
16:19:57.268 [main] DEBUG org.apache.http.wire -  << "[0xbe][0xb2][0xd7][0xc8][0xd2][0x92][0xe8][0x3][0xf9][0x8c][0x90][0xb6][0xf2][0xd1][0xca];[0x88][0xac][0xf]mTP[0xd9];[0xf0]u[0xde][0x6][0x88][0xc][0x3][0xbf][0x9e][0x8][0xa3]w[0x81][0xed][0x14][0x8c]Z[0xe4]I$KD[0x95][0x4]u/[0x8e][0xb2][0x9c][0xd2][0x81]lc[0xa4]E[0xe5][0xb4][0x9]{c[0x3]D[0x83][0xe]{[0xe][0x1a][0xd0][0xc]nL[0xf3][0xc5][0x9a][0xc6]H[0x8b][0xcf]h[0x14][0xc4]H[0x8b][0xc6][0x6]c[0x10]#[0xdd]f[0x8f][0xdd]y[0xf4]+Cck[0xb9][0x0][0x0][0x0][0x0][0xff][0xff]"
16:19:57.268 [main] DEBUG org.apache.http.wire -  << "[\r][\n]"
16:19:57.268 [main] DEBUG org.apache.http.wire -  << "A[\r][\n]"
16:19:57.268 [main] DEBUG org.apache.http.wire -  << "[0x3][0x0].[0x94]}[0xd6]t^[0x1][0x0]"
16:19:57.268 [main] DEBUG org.apache.http.wire -  << "[\r][\n]"
16:19:57.269 [main] DEBUG org.apache.http.wire -  << "0[\r][\n]"
16:19:57.269 [main] DEBUG org.apache.http.wire -  << "[\r][\n]"
16:19:57.269 [main] DEBUG io.restassured.internal.RestAssuredHttpBuilder - Parsed data to instance of: class org.apache.http.conn.EofSensorInputStream
16:19:57.270 [main] DEBUG org.apache.http.impl.conn.BasicClientConnectionManager - Releasing connection org.apache.http.impl.conn.ManagedClientConnectionImpl@4d142b53
16:19:57.270 [main] DEBUG org.apache.http.impl.conn.BasicClientConnectionManager - Connection can be kept alive indefinitely
16:19:57.297 [Finalizer] DEBUG org.apache.http.impl.conn.DefaultClientConnection - Connection 0.0.0.0:53898<->149.248.193.56:443 closed
16:19:57.297 [Finalizer] DEBUG org.apache.http.impl.conn.DefaultClientConnection - Connection 0.0.0.0:53899<->149.248.193.56:443 closed
16:19:57.305 [main] DEBUG net.thucydides.core.steps.StepInterceptor - STEP DONE: I send GET HTTP request product
  &amp#27;[32mWhen &amp#27;[0m&amp#27;[32mI send GET HTTP request product&amp#27;[0m                &amp#27;[90m# starter.stepdefinitions.ProductSteps.sentGetHttpRequestProduct()&amp#27;[0m
16:19:57.311 [main] DEBUG net.thucydides.core.steps.StepInterceptor - STARTING STEP: ProductSteps.receiveValidHttp200Product - I receive valid HTTP response code 200 product
16:19:57.312 [main] DEBUG net.thucydides.core.steps.StepInterceptor - STEP DONE: I receive valid HTTP response code 200 product
  &amp#27;[32mThen &amp#27;[0m&amp#27;[32mI receive valid HTTP response code 200 product&amp#27;[0m &amp#27;[90m# starter.stepdefinitions.ProductSteps.receiveValidHttp200Product()&amp#27;[0m
16:19:57.316 [main] INFO  - 
  _____   ___   ___   _____     ___     _     ___   ___   ___   ___  
 |_   _| | __| / __| |_   _|   | _ \   /_\   / __| / __| | __| |   \ 
   | |   | _|  \__ \   | |     |  _/  / _ \  \__ \ \__ \ | _|  | |) |
   |_|   |___| |___/   |_|     |_|   /_/ \_\ |___/ |___/ |___| |___/ 

GET - Get product by ID
----------------------------------------------------------------------
]]></system-out>
  </testcase>
  <testcase name="GET - Get all product" classname="Product" time="0.264">
    <system-out><![CDATA[
Scenario: GET - Get all product                       &amp#27;[90m# src/test/resources/features/5. Product.feature:32&amp#27;[0m
16:19:57.323 [main] DEBUG io.cucumber.core.plugin.SerenityReporter - Running feature from file:///C:/Users/WINDOWS%2010/Documents/GitHub/MiniProject_QE/API/minpro/src/test/resources/features/5.%20Product.feature
16:19:57.327 [main] INFO  - 
  _____   ___   ___   _____     ___   _____     _     ___   _____   ___   ___  
 |_   _| | __| / __| |_   _|   / __| |_   _|   /_\   | _ \ |_   _| | __| |   \ 
   | |   | _|  \__ \   | |     \__ \   | |    / _ \  |   /   | |   | _|  | |) |
   |_|   |___| |___/   |_|     |___/   |_|   /_/ \_\ |_|_\   |_|   |___| |___/ 

GET - Get all product(product;get---get-all-product)
--------------------------------------------------------------------------------
16:19:57.347 [main] DEBUG net.thucydides.core.steps.StepInterceptor - STARTING STEP: ProductSteps.setGetApiEndpointsProduct2 - I set GET api endpoints product2
16:19:57.347 [main] DEBUG net.thucydides.core.steps.StepInterceptor - STEP DONE: I set GET api endpoints product2
  &amp#27;[32mGiven &amp#27;[0m&amp#27;[32mI set GET api endpoints product2&amp#27;[0m              &amp#27;[90m# starter.stepdefinitions.ProductSteps.setGetApiEndpointsProduct2()&amp#27;[0m
16:19:57.353 [main] DEBUG net.thucydides.core.steps.StepInterceptor - STARTING STEP: ProductSteps.sendGetHttpRequestProduct2 - I send GET HTTP request product2
16:19:57.355 [main] DEBUG net.thucydides.core.steps.StepInterceptor - STARTING STEP: Product.sendGetHttpRequestProduct2 - I set GET api endpoints product2
16:19:57.355 [main] DEBUG net.thucydides.core.steps.StepInterceptor - STEP DONE: I set GET api endpoints product2
16:19:57.365 [main] DEBUG org.apache.http.impl.conn.BasicClientConnectionManager - Get connection for route {s}->https://altashop-api.fly.dev:443
16:19:57.365 [main] DEBUG org.apache.http.impl.conn.DefaultClientConnectionOperator - Connecting to altashop-api.fly.dev:443
16:19:57.503 [main] DEBUG org.apache.http.client.protocol.RequestAddCookies - CookieSpec selected: ignoreCookies
16:19:57.503 [main] DEBUG org.apache.http.client.protocol.RequestAuthCache - Auth cache not set in the context
16:19:57.503 [main] DEBUG org.apache.http.client.protocol.RequestTargetAuthentication - Target auth state: UNCHALLENGED
16:19:57.503 [main] DEBUG org.apache.http.client.protocol.RequestProxyAuthentication - Proxy auth state: UNCHALLENGED
16:19:57.503 [main] DEBUG org.apache.http.impl.client.DefaultHttpClient - Attempt 1 to execute request
16:19:57.503 [main] DEBUG org.apache.http.impl.conn.DefaultClientConnection - Sending request: GET /api/products/13500 HTTP/1.1
16:19:57.503 [main] DEBUG org.apache.http.wire -  >> "GET /api/products/13500 HTTP/1.1[\r][\n]"
16:19:57.503 [main] DEBUG org.apache.http.wire -  >> "Accept: */*[\r][\n]"
16:19:57.503 [main] DEBUG org.apache.http.wire -  >> "Host: altashop-api.fly.dev[\r][\n]"
16:19:57.503 [main] DEBUG org.apache.http.wire -  >> "Connection: Keep-Alive[\r][\n]"
16:19:57.503 [main] DEBUG org.apache.http.wire -  >> "User-Agent: Apache-HttpClient/4.5.13 (Java/15)[\r][\n]"
16:19:57.503 [main] DEBUG org.apache.http.wire -  >> "Accept-Encoding: gzip,deflate[\r][\n]"
16:19:57.503 [main] DEBUG org.apache.http.wire -  >> "[\r][\n]"
16:19:57.503 [main] DEBUG org.apache.http.headers - >> GET /api/products/13500 HTTP/1.1
16:19:57.503 [main] DEBUG org.apache.http.headers - >> Accept: */*
16:19:57.503 [main] DEBUG org.apache.http.headers - >> Host: altashop-api.fly.dev
16:19:57.503 [main] DEBUG org.apache.http.headers - >> Connection: Keep-Alive
16:19:57.503 [main] DEBUG org.apache.http.headers - >> User-Agent: Apache-HttpClient/4.5.13 (Java/15)
16:19:57.503 [main] DEBUG org.apache.http.headers - >> Accept-Encoding: gzip,deflate
16:19:57.571 [main] DEBUG org.apache.http.wire -  << "HTTP/1.1 200 OK[\r][\n]"
16:19:57.571 [main] DEBUG org.apache.http.wire -  << "content-type: application/json[\r][\n]"
16:19:57.571 [main] DEBUG org.apache.http.wire -  << "date: Mon, 08 May 2023 09:19:59 GMT[\r][\n]"
16:19:57.571 [main] DEBUG org.apache.http.wire -  << "content-encoding: gzip[\r][\n]"
16:19:57.571 [main] DEBUG org.apache.http.wire -  << "transfer-encoding: chunked[\r][\n]"
16:19:57.571 [main] DEBUG org.apache.http.wire -  << "server: Fly/3f2597ca (2023-05-03)[\r][\n]"
16:19:57.571 [main] DEBUG org.apache.http.wire -  << "via: 1.1 fly.io[\r][\n]"
16:19:57.571 [main] DEBUG org.apache.http.wire -  << "fly-request-id: 01GZXAJ6MYH7VA8PV9KNPBDEWZ-sin[\r][\n]"
16:19:57.571 [main] DEBUG org.apache.http.wire -  << "[\r][\n]"
16:19:57.571 [main] DEBUG org.apache.http.impl.conn.DefaultClientConnection - Receiving response: HTTP/1.1 200 OK
16:19:57.571 [main] DEBUG org.apache.http.headers - << HTTP/1.1 200 OK
16:19:57.571 [main] DEBUG org.apache.http.headers - << content-type: application/json
16:19:57.571 [main] DEBUG org.apache.http.headers - << date: Mon, 08 May 2023 09:19:59 GMT
16:19:57.571 [main] DEBUG org.apache.http.headers - << content-encoding: gzip
16:19:57.571 [main] DEBUG org.apache.http.headers - << transfer-encoding: chunked
16:19:57.571 [main] DEBUG org.apache.http.headers - << server: Fly/3f2597ca (2023-05-03)
16:19:57.571 [main] DEBUG org.apache.http.headers - << via: 1.1 fly.io
16:19:57.571 [main] DEBUG org.apache.http.headers - << fly-request-id: 01GZXAJ6MYH7VA8PV9KNPBDEWZ-sin
16:19:57.571 [main] DEBUG org.apache.http.impl.client.DefaultHttpClient - Connection can be kept alive indefinitely
16:19:57.571 [main] DEBUG io.restassured.internal.RestAssuredHttpBuilder - Parsing response as: application/json
16:19:57.571 [main] DEBUG org.apache.http.wire -  << "94[\r][\n]"
16:19:57.571 [main] DEBUG org.apache.http.wire -  << "[0x1f][0x8b][0x8][0x0][0x0][0x0][0x0][0x0][0x4][0xff][0xab]VJI,IT[0xb2][0xaa]V[0xf2]tQ[0xb2]24650[0xd0]Q[0xf2]K[0xcc]MU[0xb2]R[0x8a]p[0xf2][0x8f]0T[0xd2]QrI-N.[0xca],([0xc9][0xcc][0xcf]S[0xb2]RR[0xd2]Q[\n]"
16:19:57.571 [main] DEBUG org.apache.http.wire -  << "([0xca]LNU[0xb2]2[0xb1][0xb4][0xd4]Q[\n]"
16:19:57.571 [main] DEBUG org.apache.http.wire -  << "J,[0xc9][0xcc]K/V[0xb2]2[0xd5]QrN,IM[0xcf]/[0xca]L-V[0xb2][0x8a][0x86][0x9a]hdjb[0x8]7[0xd1]=173/[0x1d][0xc3]H[0xb7][0xfc]"[0x85]t[0xb0][0x94]BAiQA~qj[0xb1]Rmlm-[0x17][0x0][0xf1]sX[0xfa][0x9e][0x0][0x0][0x0]"
16:19:57.571 [main] DEBUG org.apache.http.wire -  << "[\r][\n]"
16:19:57.571 [main] DEBUG org.apache.http.wire -  << "0[\r][\n]"
16:19:57.571 [main] DEBUG org.apache.http.wire -  << "[\r][\n]"
16:19:57.571 [main] DEBUG io.restassured.internal.RestAssuredHttpBuilder - Parsed data to instance of: class org.apache.http.conn.EofSensorInputStream
16:19:57.572 [main] DEBUG org.apache.http.impl.conn.BasicClientConnectionManager - Releasing connection org.apache.http.impl.conn.ManagedClientConnectionImpl@55c581e4
16:19:57.572 [main] DEBUG org.apache.http.impl.conn.BasicClientConnectionManager - Connection can be kept alive indefinitely
16:19:57.573 [main] DEBUG net.thucydides.core.steps.StepInterceptor - STEP DONE: I send GET HTTP request product2
  &amp#27;[32mWhen &amp#27;[0m&amp#27;[32mI send GET HTTP request product2&amp#27;[0m               &amp#27;[90m# starter.stepdefinitions.ProductSteps.sendGetHttpRequestProduct2()&amp#27;[0m
16:19:57.577 [main] DEBUG net.thucydides.core.steps.StepInterceptor - STARTING STEP: ProductSteps.receiveValidHttp200Product - I receive valid HTTP response code 200 product
16:19:57.578 [main] DEBUG net.thucydides.core.steps.StepInterceptor - STEP DONE: I receive valid HTTP response code 200 product
  &amp#27;[32mThen &amp#27;[0m&amp#27;[32mI receive valid HTTP response code 200 product&amp#27;[0m &amp#27;[90m# starter.stepdefinitions.ProductSteps.receiveValidHttp200Product()&amp#27;[0m
16:19:57.581 [main] INFO  - 
  _____   ___   ___   _____     ___     _     ___   ___   ___   ___  
 |_   _| | __| / __| |_   _|   | _ \   /_\   / __| / __| | __| |   \ 
   | |   | _|  \__ \   | |     |  _/  / _ \  \__ \ \__ \ | _|  | |) |
   |_|   |___| |___/   |_|     |_|   /_/ \_\ |___/ |___/ |___| |___/ 

GET - Get all product
----------------------------------------------------------------------
]]></system-out>
  </testcase>
  <testcase name="GET - Get product by invalid ID" classname="Product" time="0.265">
    <system-out><![CDATA[
Scenario: GET - Get product by invalid ID             &amp#27;[90m# src/test/resources/features/5. Product.feature:37&amp#27;[0m
16:19:57.587 [main] DEBUG io.cucumber.core.plugin.SerenityReporter - Running feature from file:///C:/Users/WINDOWS%2010/Documents/GitHub/MiniProject_QE/API/minpro/src/test/resources/features/5.%20Product.feature
16:19:57.592 [main] INFO  - 
  _____   ___   ___   _____     ___   _____     _     ___   _____   ___   ___  
 |_   _| | __| / __| |_   _|   / __| |_   _|   /_\   | _ \ |_   _| | __| |   \ 
   | |   | _|  \__ \   | |     \__ \   | |    / _ \  |   /   | |   | _|  | |) |
   |_|   |___| |___/   |_|     |___/   |_|   /_/ \_\ |_|_\   |_|   |___| |___/ 

GET - Get product by invalid ID(product;get---get-product-by-invalid-id)
--------------------------------------------------------------------------------
16:19:57.617 [main] DEBUG net.thucydides.core.steps.StepInterceptor - STARTING STEP: ProductSteps.setGetApiEndpointsProduct3 - I set GET api endpoints product3
16:19:57.617 [main] DEBUG net.thucydides.core.steps.StepInterceptor - STEP DONE: I set GET api endpoints product3
  &amp#27;[32mGiven &amp#27;[0m&amp#27;[32mI set GET api endpoints product3&amp#27;[0m              &amp#27;[90m# starter.stepdefinitions.ProductSteps.setGetApiEndpointsProduct3()&amp#27;[0m
16:19:57.624 [main] DEBUG net.thucydides.core.steps.StepInterceptor - STARTING STEP: ProductSteps.sendGetHttpRequestProduct3 - I send GET HTTP request product3
16:19:57.625 [main] DEBUG net.thucydides.core.steps.StepInterceptor - STARTING STEP: Product.sendGetHttpRequestProduct3 - I set GET api endpoints product3
16:19:57.626 [main] DEBUG net.thucydides.core.steps.StepInterceptor - STEP DONE: I set GET api endpoints product3
16:19:57.638 [main] DEBUG org.apache.http.impl.conn.BasicClientConnectionManager - Get connection for route {s}->https://altashop-api.fly.dev:443
16:19:57.638 [main] DEBUG org.apache.http.impl.conn.DefaultClientConnectionOperator - Connecting to altashop-api.fly.dev:443
16:19:57.775 [main] DEBUG org.apache.http.client.protocol.RequestAddCookies - CookieSpec selected: ignoreCookies
16:19:57.775 [main] DEBUG org.apache.http.client.protocol.RequestAuthCache - Auth cache not set in the context
16:19:57.775 [main] DEBUG org.apache.http.client.protocol.RequestTargetAuthentication - Target auth state: UNCHALLENGED
16:19:57.775 [main] DEBUG org.apache.http.client.protocol.RequestProxyAuthentication - Proxy auth state: UNCHALLENGED
16:19:57.775 [main] DEBUG org.apache.http.impl.client.DefaultHttpClient - Attempt 1 to execute request
16:19:57.775 [main] DEBUG org.apache.http.impl.conn.DefaultClientConnection - Sending request: GET /api/products/-13500 HTTP/1.1
16:19:57.775 [main] DEBUG org.apache.http.wire -  >> "GET /api/products/-13500 HTTP/1.1[\r][\n]"
16:19:57.775 [main] DEBUG org.apache.http.wire -  >> "Accept: */*[\r][\n]"
16:19:57.775 [main] DEBUG org.apache.http.wire -  >> "Host: altashop-api.fly.dev[\r][\n]"
16:19:57.775 [main] DEBUG org.apache.http.wire -  >> "Connection: Keep-Alive[\r][\n]"
16:19:57.775 [main] DEBUG org.apache.http.wire -  >> "User-Agent: Apache-HttpClient/4.5.13 (Java/15)[\r][\n]"
16:19:57.775 [main] DEBUG org.apache.http.wire -  >> "Accept-Encoding: gzip,deflate[\r][\n]"
16:19:57.775 [main] DEBUG org.apache.http.wire -  >> "[\r][\n]"
16:19:57.775 [main] DEBUG org.apache.http.headers - >> GET /api/products/-13500 HTTP/1.1
16:19:57.775 [main] DEBUG org.apache.http.headers - >> Accept: */*
16:19:57.775 [main] DEBUG org.apache.http.headers - >> Host: altashop-api.fly.dev
16:19:57.775 [main] DEBUG org.apache.http.headers - >> Connection: Keep-Alive
16:19:57.775 [main] DEBUG org.apache.http.headers - >> User-Agent: Apache-HttpClient/4.5.13 (Java/15)
16:19:57.775 [main] DEBUG org.apache.http.headers - >> Accept-Encoding: gzip,deflate
16:19:57.840 [main] DEBUG org.apache.http.wire -  << "HTTP/1.1 500 Internal Server Error[\r][\n]"
16:19:57.840 [main] DEBUG org.apache.http.wire -  << "content-type: application/json[\r][\n]"
16:19:57.840 [main] DEBUG org.apache.http.wire -  << "date: Mon, 08 May 2023 09:19:59 GMT[\r][\n]"
16:19:57.840 [main] DEBUG org.apache.http.wire -  << "content-encoding: gzip[\r][\n]"
16:19:57.840 [main] DEBUG org.apache.http.wire -  << "transfer-encoding: chunked[\r][\n]"
16:19:57.840 [main] DEBUG org.apache.http.wire -  << "server: Fly/3f2597ca (2023-05-03)[\r][\n]"
16:19:57.840 [main] DEBUG org.apache.http.wire -  << "via: 1.1 fly.io[\r][\n]"
16:19:57.840 [main] DEBUG org.apache.http.wire -  << "fly-request-id: 01GZXAJ6XEVYMVZVJHHT9V865G-sin[\r][\n]"
16:19:57.840 [main] DEBUG org.apache.http.wire -  << "[\r][\n]"
16:19:57.840 [main] DEBUG org.apache.http.impl.conn.DefaultClientConnection - Receiving response: HTTP/1.1 500 Internal Server Error
16:19:57.840 [main] DEBUG org.apache.http.headers - << HTTP/1.1 500 Internal Server Error
16:19:57.840 [main] DEBUG org.apache.http.headers - << content-type: application/json
16:19:57.840 [main] DEBUG org.apache.http.headers - << date: Mon, 08 May 2023 09:19:59 GMT
16:19:57.840 [main] DEBUG org.apache.http.headers - << content-encoding: gzip
16:19:57.840 [main] DEBUG org.apache.http.headers - << transfer-encoding: chunked
16:19:57.840 [main] DEBUG org.apache.http.headers - << server: Fly/3f2597ca (2023-05-03)
16:19:57.840 [main] DEBUG org.apache.http.headers - << via: 1.1 fly.io
16:19:57.840 [main] DEBUG org.apache.http.headers - << fly-request-id: 01GZXAJ6XEVYMVZVJHHT9V865G-sin
16:19:57.840 [main] DEBUG org.apache.http.impl.client.DefaultHttpClient - Connection can be kept alive indefinitely
16:19:57.840 [main] DEBUG io.restassured.internal.RestAssuredHttpBuilder - Parsing response as: application/json
16:19:57.840 [main] DEBUG org.apache.http.wire -  << "5C[\r][\n]"
16:19:57.840 [main] DEBUG org.apache.http.wire -  << "[0x1f][0x8b][0x8][0x0][0x0][0x0][0x0][0x0][0x4][0xff][0xab]VJ-*[0xca]/R[0xb2]R2[0xb4]01137110767[0xb0]45[0xb6]044S[0xc8],VH/JM,I-R([0xc9]H[0xcc]S[0xc8]M[0xac][0xc8][0xcc]-[0xcd]U(K[0xcc])MUH[0xcb]/R[0xf0][0xcc]+1Q[0xaa][0xe5][0x2][0x0][0x96][0x10][0xea]EH[0x0][0x0][0x0]"
16:19:57.840 [main] DEBUG org.apache.http.wire -  << "[\r][\n]"
16:19:57.840 [main] DEBUG org.apache.http.wire -  << "0[\r][\n]"
16:19:57.840 [main] DEBUG org.apache.http.wire -  << "[\r][\n]"
16:19:57.840 [main] DEBUG io.restassured.internal.RestAssuredHttpBuilder - Parsed data to instance of: class org.apache.http.conn.EofSensorInputStream
16:19:57.841 [main] DEBUG org.apache.http.impl.conn.BasicClientConnectionManager - Releasing connection org.apache.http.impl.conn.ManagedClientConnectionImpl@6a6e410c
16:19:57.841 [main] DEBUG org.apache.http.impl.conn.BasicClientConnectionManager - Connection can be kept alive indefinitely
16:19:57.841 [main] DEBUG net.thucydides.core.steps.StepInterceptor - STEP DONE: I send GET HTTP request product3
  &amp#27;[32mWhen &amp#27;[0m&amp#27;[32mI send GET HTTP request product3&amp#27;[0m               &amp#27;[90m# starter.stepdefinitions.ProductSteps.sendGetHttpRequestProduct3()&amp#27;[0m
16:19:57.845 [main] DEBUG net.thucydides.core.steps.StepInterceptor - STARTING STEP: ProductSteps.receiveValidHttp500Product - I receive valid HTTP response code 500 product
16:19:57.846 [main] DEBUG net.thucydides.core.steps.StepInterceptor - STEP DONE: I receive valid HTTP response code 500 product
  &amp#27;[32mThen &amp#27;[0m&amp#27;[32mI receive valid HTTP response code 500 product&amp#27;[0m &amp#27;[90m# starter.stepdefinitions.ProductSteps.receiveValidHttp500Product()&amp#27;[0m
16:19:57.847 [main] INFO  - 
  _____   ___   ___   _____     ___     _     ___   ___   ___   ___  
 |_   _| | __| / __| |_   _|   | _ \   /_\   / __| / __| | __| |   \ 
   | |   | _|  \__ \   | |     |  _/  / _ \  \__ \ \__ \ | _|  | |) |
   |_|   |___| |___/   |_|     |_|   /_/ \_\ |___/ |___/ |___| |___/ 

GET - Get product by invalid ID
----------------------------------------------------------------------
]]></system-out>
  </testcase>
  <testcase name="POST - Add new orders" classname="Order" time="0.224">
    <system-out><![CDATA[16:19:57.848 [main] DEBUG io.cucumber.core.plugin.SerenityReporter - Running feature from file:///C:/Users/WINDOWS%2010/Documents/GitHub/MiniProject_QE/API/minpro/src/test/resources/features/6.%20Order.feature
16:19:57.853 [main] DEBUG net.thucydides.core.steps.StepEventBus - Test suite started for story net.thucydides.core.model.Story@421cad1d
16:19:57.854 [main] INFO  - Test Suite Started: Order

Scenario: POST - Add new orders                     &amp#27;[90m# src/test/resources/features/6. Order.feature:7&amp#27;[0m
16:19:57.859 [main] DEBUG io.cucumber.core.plugin.SerenityReporter - Running feature from file:///C:/Users/WINDOWS%2010/Documents/GitHub/MiniProject_QE/API/minpro/src/test/resources/features/6.%20Order.feature
16:19:57.863 [main] INFO  - 
  _____   ___   ___   _____     ___   _____     _     ___   _____   ___   ___  
 |_   _| | __| / __| |_   _|   / __| |_   _|   /_\   | _ \ |_   _| | __| |   \ 
   | |   | _|  \__ \   | |     \__ \   | |    / _ \  |   /   | |   | _|  | |) |
   |_|   |___| |___/   |_|     |___/   |_|   /_/ \_\ |_|_\   |_|   |___| |___/ 

POST - Add new orders(order;post---add-new-orders)
--------------------------------------------------------------------------------
  &amp#27;[32mGiven &amp#27;[0m&amp#27;[32mI set POST api endpoints order&amp#27;[0m              &amp#27;[90m# starter.stepdefinitions.OrderSteps.setPostApiEndpointOrder()&amp#27;[0m
16:19:57.884 [main] DEBUG org.apache.http.impl.conn.BasicClientConnectionManager - Get connection for route {s}->https://altashop-api.fly.dev:443
16:19:57.884 [main] DEBUG org.apache.http.impl.conn.DefaultClientConnectionOperator - Connecting to altashop-api.fly.dev:443
16:19:58.006 [main] DEBUG org.apache.http.client.protocol.RequestAddCookies - CookieSpec selected: ignoreCookies
16:19:58.007 [main] DEBUG org.apache.http.client.protocol.RequestAuthCache - Auth cache not set in the context
16:19:58.007 [main] DEBUG org.apache.http.client.protocol.RequestProxyAuthentication - Proxy auth state: UNCHALLENGED
16:19:58.007 [main] DEBUG org.apache.http.impl.client.DefaultHttpClient - Attempt 1 to execute request
16:19:58.007 [main] DEBUG org.apache.http.impl.conn.DefaultClientConnection - Sending request: GET /api/orders HTTP/1.1
16:19:58.007 [main] DEBUG org.apache.http.wire -  >> "GET /api/orders HTTP/1.1[\r][\n]"
16:19:58.007 [main] DEBUG org.apache.http.wire -  >> "Authorization: Bearer eyJhbGciOiJIUzI1NiIsInR5cCI6IkpXVCJ9.eyJGdWxsbmFtZSI6IkFkaXR5YSBOdWdyYWhhIiwiRW1haWwiOiJhZGl0QGdtYWlsLmNvbSJ9.VM2lARkmmliu1pWtk1uhb8z5fGaElvH1jIoYM72Te3g[\r][\n]"
16:19:58.007 [main] DEBUG org.apache.http.wire -  >> "Accept: */*[\r][\n]"
16:19:58.007 [main] DEBUG org.apache.http.wire -  >> "Host: altashop-api.fly.dev[\r][\n]"
16:19:58.007 [main] DEBUG org.apache.http.wire -  >> "Connection: Keep-Alive[\r][\n]"
16:19:58.007 [main] DEBUG org.apache.http.wire -  >> "User-Agent: Apache-HttpClient/4.5.13 (Java/15)[\r][\n]"
16:19:58.007 [main] DEBUG org.apache.http.wire -  >> "Accept-Encoding: gzip,deflate[\r][\n]"
16:19:58.007 [main] DEBUG org.apache.http.wire -  >> "[\r][\n]"
16:19:58.007 [main] DEBUG org.apache.http.headers - >> GET /api/orders HTTP/1.1
16:19:58.007 [main] DEBUG org.apache.http.headers - >> Authorization: Bearer eyJhbGciOiJIUzI1NiIsInR5cCI6IkpXVCJ9.eyJGdWxsbmFtZSI6IkFkaXR5YSBOdWdyYWhhIiwiRW1haWwiOiJhZGl0QGdtYWlsLmNvbSJ9.VM2lARkmmliu1pWtk1uhb8z5fGaElvH1jIoYM72Te3g
16:19:58.007 [main] DEBUG org.apache.http.headers - >> Accept: */*
16:19:58.007 [main] DEBUG org.apache.http.headers - >> Host: altashop-api.fly.dev
16:19:58.007 [main] DEBUG org.apache.http.headers - >> Connection: Keep-Alive
16:19:58.007 [main] DEBUG org.apache.http.headers - >> User-Agent: Apache-HttpClient/4.5.13 (Java/15)
16:19:58.007 [main] DEBUG org.apache.http.headers - >> Accept-Encoding: gzip,deflate
16:19:58.071 [main] DEBUG org.apache.http.wire -  << "HTTP/1.1 200 OK[\r][\n]"
16:19:58.071 [main] DEBUG org.apache.http.wire -  << "content-type: application/json[\r][\n]"
16:19:58.071 [main] DEBUG org.apache.http.wire -  << "date: Mon, 08 May 2023 09:19:59 GMT[\r][\n]"
16:19:58.071 [main] DEBUG org.apache.http.wire -  << "content-encoding: gzip[\r][\n]"
16:19:58.071 [main] DEBUG org.apache.http.wire -  << "transfer-encoding: chunked[\r][\n]"
16:19:58.071 [main] DEBUG org.apache.http.wire -  << "server: Fly/3f2597ca (2023-05-03)[\r][\n]"
16:19:58.071 [main] DEBUG org.apache.http.wire -  << "via: 1.1 fly.io[\r][\n]"
16:19:58.071 [main] DEBUG org.apache.http.wire -  << "fly-request-id: 01GZXAJ74R8DPYTM39V3E7RJ55-sin[\r][\n]"
16:19:58.071 [main] DEBUG org.apache.http.wire -  << "[\r][\n]"
16:19:58.071 [main] DEBUG org.apache.http.impl.conn.DefaultClientConnection - Receiving response: HTTP/1.1 200 OK
16:19:58.071 [main] DEBUG org.apache.http.headers - << HTTP/1.1 200 OK
16:19:58.071 [main] DEBUG org.apache.http.headers - << content-type: application/json
16:19:58.071 [main] DEBUG org.apache.http.headers - << date: Mon, 08 May 2023 09:19:59 GMT
16:19:58.071 [main] DEBUG org.apache.http.headers - << content-encoding: gzip
16:19:58.071 [main] DEBUG org.apache.http.headers - << transfer-encoding: chunked
16:19:58.071 [main] DEBUG org.apache.http.headers - << server: Fly/3f2597ca (2023-05-03)
16:19:58.071 [main] DEBUG org.apache.http.headers - << via: 1.1 fly.io
16:19:58.071 [main] DEBUG org.apache.http.headers - << fly-request-id: 01GZXAJ74R8DPYTM39V3E7RJ55-sin
16:19:58.071 [main] DEBUG org.apache.http.impl.client.DefaultHttpClient - Connection can be kept alive indefinitely
16:19:58.071 [main] DEBUG io.restassured.internal.RestAssuredHttpBuilder - Parsing response as: application/json
16:19:58.071 [main] DEBUG org.apache.http.wire -  << "20[\r][\n]"
16:19:58.071 [main] DEBUG org.apache.http.wire -  << "[0x1f][0x8b][0x8][0x0][0x0][0x0][0x0][0x0][0x4][0xff][0xab]VJI,IT[0xb2][0x8a][0x8e][0xad][0xe5][0x2][0x0][0xaa][0xe3][0xeb][0xc5][0xc][0x0][0x0][0x0]"
16:19:58.071 [main] DEBUG org.apache.http.wire -  << "[\r][\n]"
16:19:58.071 [main] DEBUG org.apache.http.wire -  << "0[\r][\n]"
16:19:58.071 [main] DEBUG org.apache.http.wire -  << "[\r][\n]"
16:19:58.071 [main] DEBUG io.restassured.internal.RestAssuredHttpBuilder - Parsed data to instance of: class org.apache.http.conn.EofSensorInputStream
16:19:58.072 [main] DEBUG org.apache.http.impl.conn.BasicClientConnectionManager - Releasing connection org.apache.http.impl.conn.ManagedClientConnectionImpl@3ba815ee
16:19:58.072 [main] DEBUG org.apache.http.impl.conn.BasicClientConnectionManager - Connection can be kept alive indefinitely
  &amp#27;[32mWhen &amp#27;[0m&amp#27;[32mI send POST HTTP request order&amp#27;[0m               &amp#27;[90m# starter.stepdefinitions.OrderSteps.sentPostHttpRequestOrder()&amp#27;[0m
  &amp#27;[32mThen &amp#27;[0m&amp#27;[32mI receive valid HTTP response code 200 order&amp#27;[0m &amp#27;[90m# starter.stepdefinitions.OrderSteps.receiveValidHttp200Order()&amp#27;[0m
16:19:58.078 [main] INFO  - 
  _____   ___   ___   _____     ___     _     ___   ___   ___   ___  
 |_   _| | __| / __| |_   _|   | _ \   /_\   / __| / __| | __| |   \ 
   | |   | _|  \__ \   | |     |  _/  / _ \  \__ \ \__ \ | _|  | |) |
   |_|   |___| |___/   |_|     |_|   /_/ \_\ |___/ |___/ |___| |___/ 

POST - Add new orders
----------------------------------------------------------------------
]]></system-out>
  </testcase>
  <testcase name="GET - Get all order" classname="Order" time="0.223">
    <system-out><![CDATA[
Scenario: GET - Get all order                       &amp#27;[90m# src/test/resources/features/6. Order.feature:12&amp#27;[0m
16:19:58.083 [main] DEBUG io.cucumber.core.plugin.SerenityReporter - Running feature from file:///C:/Users/WINDOWS%2010/Documents/GitHub/MiniProject_QE/API/minpro/src/test/resources/features/6.%20Order.feature
16:19:58.087 [main] INFO  - 
  _____   ___   ___   _____     ___   _____     _     ___   _____   ___   ___  
 |_   _| | __| / __| |_   _|   / __| |_   _|   /_\   | _ \ |_   _| | __| |   \ 
   | |   | _|  \__ \   | |     \__ \   | |    / _ \  |   /   | |   | _|  | |) |
   |_|   |___| |___/   |_|     |___/   |_|   /_/ \_\ |_|_\   |_|   |___| |___/ 

GET - Get all order(order;get---get-all-order)
--------------------------------------------------------------------------------
  &amp#27;[32mGiven &amp#27;[0m&amp#27;[32mI set GET api endpoints order&amp#27;[0m               &amp#27;[90m# starter.stepdefinitions.OrderSteps.setGetApiEndpointOrder()&amp#27;[0m
16:19:58.111 [main] DEBUG org.apache.http.impl.conn.BasicClientConnectionManager - Get connection for route {s}->https://altashop-api.fly.dev:443
16:19:58.111 [main] DEBUG org.apache.http.impl.conn.DefaultClientConnectionOperator - Connecting to altashop-api.fly.dev:443
16:19:58.237 [main] DEBUG org.apache.http.client.protocol.RequestAddCookies - CookieSpec selected: ignoreCookies
16:19:58.237 [main] DEBUG org.apache.http.client.protocol.RequestAuthCache - Auth cache not set in the context
16:19:58.237 [main] DEBUG org.apache.http.client.protocol.RequestProxyAuthentication - Proxy auth state: UNCHALLENGED
16:19:58.237 [main] DEBUG org.apache.http.impl.client.DefaultHttpClient - Attempt 1 to execute request
16:19:58.237 [main] DEBUG org.apache.http.impl.conn.DefaultClientConnection - Sending request: GET /api/orders HTTP/1.1
16:19:58.237 [main] DEBUG org.apache.http.wire -  >> "GET /api/orders HTTP/1.1[\r][\n]"
16:19:58.237 [main] DEBUG org.apache.http.wire -  >> "Authorization: Bearer eyJhbGciOiJIUzI1NiIsInR5cCI6IkpXVCJ9.eyJGdWxsbmFtZSI6IkFkaXR5YSBOdWdyYWhhIiwiRW1haWwiOiJhZGl0QGdtYWlsLmNvbSJ9.VM2lARkmmliu1pWtk1uhb8z5fGaElvH1jIoYM72Te3g[\r][\n]"
16:19:58.237 [main] DEBUG org.apache.http.wire -  >> "Accept: */*[\r][\n]"
16:19:58.237 [main] DEBUG org.apache.http.wire -  >> "Host: altashop-api.fly.dev[\r][\n]"
16:19:58.237 [main] DEBUG org.apache.http.wire -  >> "Connection: Keep-Alive[\r][\n]"
16:19:58.237 [main] DEBUG org.apache.http.wire -  >> "User-Agent: Apache-HttpClient/4.5.13 (Java/15)[\r][\n]"
16:19:58.237 [main] DEBUG org.apache.http.wire -  >> "Accept-Encoding: gzip,deflate[\r][\n]"
16:19:58.237 [main] DEBUG org.apache.http.wire -  >> "[\r][\n]"
16:19:58.237 [main] DEBUG org.apache.http.headers - >> GET /api/orders HTTP/1.1
16:19:58.237 [main] DEBUG org.apache.http.headers - >> Authorization: Bearer eyJhbGciOiJIUzI1NiIsInR5cCI6IkpXVCJ9.eyJGdWxsbmFtZSI6IkFkaXR5YSBOdWdyYWhhIiwiRW1haWwiOiJhZGl0QGdtYWlsLmNvbSJ9.VM2lARkmmliu1pWtk1uhb8z5fGaElvH1jIoYM72Te3g
16:19:58.237 [main] DEBUG org.apache.http.headers - >> Accept: */*
16:19:58.237 [main] DEBUG org.apache.http.headers - >> Host: altashop-api.fly.dev
16:19:58.237 [main] DEBUG org.apache.http.headers - >> Connection: Keep-Alive
16:19:58.237 [main] DEBUG org.apache.http.headers - >> User-Agent: Apache-HttpClient/4.5.13 (Java/15)
16:19:58.237 [main] DEBUG org.apache.http.headers - >> Accept-Encoding: gzip,deflate
16:19:58.295 [main] DEBUG org.apache.http.wire -  << "HTTP/1.1 200 OK[\r][\n]"
16:19:58.295 [main] DEBUG org.apache.http.wire -  << "content-type: application/json[\r][\n]"
16:19:58.295 [main] DEBUG org.apache.http.wire -  << "date: Mon, 08 May 2023 09:19:59 GMT[\r][\n]"
16:19:58.295 [main] DEBUG org.apache.http.wire -  << "content-encoding: gzip[\r][\n]"
16:19:58.295 [main] DEBUG org.apache.http.wire -  << "transfer-encoding: chunked[\r][\n]"
16:19:58.295 [main] DEBUG org.apache.http.wire -  << "server: Fly/3f2597ca (2023-05-03)[\r][\n]"
16:19:58.295 [main] DEBUG org.apache.http.wire -  << "via: 1.1 fly.io[\r][\n]"
16:19:58.295 [main] DEBUG org.apache.http.wire -  << "fly-request-id: 01GZXAJ7BXN0F2W0NDZ1SHX0J5-sin[\r][\n]"
16:19:58.295 [main] DEBUG org.apache.http.wire -  << "[\r][\n]"
16:19:58.295 [main] DEBUG org.apache.http.impl.conn.DefaultClientConnection - Receiving response: HTTP/1.1 200 OK
16:19:58.295 [main] DEBUG org.apache.http.headers - << HTTP/1.1 200 OK
16:19:58.295 [main] DEBUG org.apache.http.headers - << content-type: application/json
16:19:58.295 [main] DEBUG org.apache.http.headers - << date: Mon, 08 May 2023 09:19:59 GMT
16:19:58.295 [main] DEBUG org.apache.http.headers - << content-encoding: gzip
16:19:58.295 [main] DEBUG org.apache.http.headers - << transfer-encoding: chunked
16:19:58.295 [main] DEBUG org.apache.http.headers - << server: Fly/3f2597ca (2023-05-03)
16:19:58.295 [main] DEBUG org.apache.http.headers - << via: 1.1 fly.io
16:19:58.295 [main] DEBUG org.apache.http.headers - << fly-request-id: 01GZXAJ7BXN0F2W0NDZ1SHX0J5-sin
16:19:58.296 [main] DEBUG org.apache.http.impl.client.DefaultHttpClient - Connection can be kept alive indefinitely
16:19:58.296 [main] DEBUG io.restassured.internal.RestAssuredHttpBuilder - Parsing response as: application/json
16:19:58.296 [main] DEBUG org.apache.http.wire -  << "20[\r][\n]"
16:19:58.296 [main] DEBUG org.apache.http.wire -  << "[0x1f][0x8b][0x8][0x0][0x0][0x0][0x0][0x0][0x4][0xff][0xab]VJI,IT[0xb2][0x8a][0x8e][0xad][0xe5][0x2][0x0][0xaa][0xe3][0xeb][0xc5][0xc][0x0][0x0][0x0]"
16:19:58.296 [main] DEBUG org.apache.http.wire -  << "[\r][\n]"
16:19:58.296 [main] DEBUG org.apache.http.wire -  << "0[\r][\n]"
16:19:58.296 [main] DEBUG org.apache.http.wire -  << "[\r][\n]"
16:19:58.296 [main] DEBUG io.restassured.internal.RestAssuredHttpBuilder - Parsed data to instance of: class org.apache.http.conn.EofSensorInputStream
16:19:58.297 [main] DEBUG org.apache.http.impl.conn.BasicClientConnectionManager - Releasing connection org.apache.http.impl.conn.ManagedClientConnectionImpl@6cb759d5
16:19:58.297 [main] DEBUG org.apache.http.impl.conn.BasicClientConnectionManager - Connection can be kept alive indefinitely
  &amp#27;[32mWhen &amp#27;[0m&amp#27;[32mI send GET HTTP request order&amp#27;[0m                &amp#27;[90m# starter.stepdefinitions.OrderSteps.sendGetHttpRequestOrder()&amp#27;[0m
  &amp#27;[32mThen &amp#27;[0m&amp#27;[32mI receive valid HTTP response code 200 order&amp#27;[0m &amp#27;[90m# starter.stepdefinitions.OrderSteps.receiveValidHttp200Order()&amp#27;[0m
16:19:58.301 [main] INFO  - 
  _____   ___   ___   _____     ___     _     ___   ___   ___   ___  
 |_   _| | __| / __| |_   _|   | _ \   /_\   / __| / __| | __| |   \ 
   | |   | _|  \__ \   | |     |  _/  / _ \  \__ \ \__ \ | _|  | |) |
   |_|   |___| |___/   |_|     |_|   /_/ \_\ |___/ |___/ |___| |___/ 

GET - Get all order
----------------------------------------------------------------------
]]></system-out>
  </testcase>
  <testcase name="GET - Get all order without login" classname="Order" time="0.243">
    <system-out><![CDATA[
Scenario: GET - Get all order without login         &amp#27;[90m# src/test/resources/features/6. Order.feature:17&amp#27;[0m
16:19:58.305 [main] DEBUG io.cucumber.core.plugin.SerenityReporter - Running feature from file:///C:/Users/WINDOWS%2010/Documents/GitHub/MiniProject_QE/API/minpro/src/test/resources/features/6.%20Order.feature
16:19:58.309 [main] INFO  - 
  _____   ___   ___   _____     ___   _____     _     ___   _____   ___   ___  
 |_   _| | __| / __| |_   _|   / __| |_   _|   /_\   | _ \ |_   _| | __| |   \ 
   | |   | _|  \__ \   | |     \__ \   | |    / _ \  |   /   | |   | _|  | |) |
   |_|   |___| |___/   |_|     |___/   |_|   /_/ \_\ |_|_\   |_|   |___| |___/ 

GET - Get all order without login(order;get---get-all-order-without-login)
--------------------------------------------------------------------------------
16:19:58.315 [Finalizer] DEBUG org.apache.http.impl.conn.DefaultClientConnection - Connection 0.0.0.0:53901<->149.248.193.56:443 closed
16:19:58.316 [Finalizer] DEBUG org.apache.http.impl.conn.DefaultClientConnection - Connection 0.0.0.0:53904<->149.248.193.56:443 closed
16:19:58.317 [Finalizer] DEBUG org.apache.http.impl.conn.DefaultClientConnection - Connection 0.0.0.0:53905<->149.248.193.56:443 closed
16:19:58.317 [Finalizer] DEBUG org.apache.http.impl.conn.DefaultClientConnection - Connection 0.0.0.0:53907<->149.248.193.56:443 closed
16:19:58.318 [Finalizer] DEBUG org.apache.http.impl.conn.DefaultClientConnection - Connection 0.0.0.0:53908<->149.248.193.56:443 closed
  &amp#27;[32mGiven &amp#27;[0m&amp#27;[32mI set GET api endpoints order&amp#27;[0m               &amp#27;[90m# starter.stepdefinitions.OrderSteps.setGetApiEndpointOrder()&amp#27;[0m
16:19:58.329 [main] DEBUG org.apache.http.impl.conn.BasicClientConnectionManager - Get connection for route {s}->https://altashop-api.fly.dev:443
16:19:58.329 [main] DEBUG org.apache.http.impl.conn.DefaultClientConnectionOperator - Connecting to altashop-api.fly.dev:443
16:19:58.459 [main] DEBUG org.apache.http.client.protocol.RequestAddCookies - CookieSpec selected: ignoreCookies
16:19:58.459 [main] DEBUG org.apache.http.client.protocol.RequestAuthCache - Auth cache not set in the context
16:19:58.459 [main] DEBUG org.apache.http.client.protocol.RequestTargetAuthentication - Target auth state: UNCHALLENGED
16:19:58.459 [main] DEBUG org.apache.http.client.protocol.RequestProxyAuthentication - Proxy auth state: UNCHALLENGED
16:19:58.459 [main] DEBUG org.apache.http.impl.client.DefaultHttpClient - Attempt 1 to execute request
16:19:58.459 [main] DEBUG org.apache.http.impl.conn.DefaultClientConnection - Sending request: GET /api/orders HTTP/1.1
16:19:58.459 [main] DEBUG org.apache.http.wire -  >> "GET /api/orders HTTP/1.1[\r][\n]"
16:19:58.459 [main] DEBUG org.apache.http.wire -  >> "Accept: */*[\r][\n]"
16:19:58.459 [main] DEBUG org.apache.http.wire -  >> "Host: altashop-api.fly.dev[\r][\n]"
16:19:58.459 [main] DEBUG org.apache.http.wire -  >> "Connection: Keep-Alive[\r][\n]"
16:19:58.459 [main] DEBUG org.apache.http.wire -  >> "User-Agent: Apache-HttpClient/4.5.13 (Java/15)[\r][\n]"
16:19:58.459 [main] DEBUG org.apache.http.wire -  >> "Accept-Encoding: gzip,deflate[\r][\n]"
16:19:58.459 [main] DEBUG org.apache.http.wire -  >> "[\r][\n]"
16:19:58.459 [main] DEBUG org.apache.http.headers - >> GET /api/orders HTTP/1.1
16:19:58.459 [main] DEBUG org.apache.http.headers - >> Accept: */*
16:19:58.459 [main] DEBUG org.apache.http.headers - >> Host: altashop-api.fly.dev
16:19:58.459 [main] DEBUG org.apache.http.headers - >> Connection: Keep-Alive
16:19:58.459 [main] DEBUG org.apache.http.headers - >> User-Agent: Apache-HttpClient/4.5.13 (Java/15)
16:19:58.459 [main] DEBUG org.apache.http.headers - >> Accept-Encoding: gzip,deflate
16:19:58.537 [main] DEBUG org.apache.http.wire -  << "HTTP/1.1 401 Unauthorized[\r][\n]"
16:19:58.537 [main] DEBUG org.apache.http.wire -  << "content-type: application/json[\r][\n]"
16:19:58.537 [main] DEBUG org.apache.http.wire -  << "date: Mon, 08 May 2023 09:20:00 GMT[\r][\n]"
16:19:58.537 [main] DEBUG org.apache.http.wire -  << "content-encoding: gzip[\r][\n]"
16:19:58.537 [main] DEBUG org.apache.http.wire -  << "transfer-encoding: chunked[\r][\n]"
16:19:58.537 [main] DEBUG org.apache.http.wire -  << "server: Fly/3f2597ca (2023-05-03)[\r][\n]"
16:19:58.537 [main] DEBUG org.apache.http.wire -  << "via: 1.1 fly.io[\r][\n]"
16:19:58.537 [main] DEBUG org.apache.http.wire -  << "fly-request-id: 01GZXAJ7K3RNRHTGT78WT2F1TK-sin[\r][\n]"
16:19:58.537 [main] DEBUG org.apache.http.wire -  << "[\r][\n]"
16:19:58.537 [main] DEBUG org.apache.http.impl.conn.DefaultClientConnection - Receiving response: HTTP/1.1 401 Unauthorized
16:19:58.537 [main] DEBUG org.apache.http.headers - << HTTP/1.1 401 Unauthorized
16:19:58.537 [main] DEBUG org.apache.http.headers - << content-type: application/json
16:19:58.537 [main] DEBUG org.apache.http.headers - << date: Mon, 08 May 2023 09:20:00 GMT
16:19:58.537 [main] DEBUG org.apache.http.headers - << content-encoding: gzip
16:19:58.537 [main] DEBUG org.apache.http.headers - << transfer-encoding: chunked
16:19:58.537 [main] DEBUG org.apache.http.headers - << server: Fly/3f2597ca (2023-05-03)
16:19:58.537 [main] DEBUG org.apache.http.headers - << via: 1.1 fly.io
16:19:58.537 [main] DEBUG org.apache.http.headers - << fly-request-id: 01GZXAJ7K3RNRHTGT78WT2F1TK-sin
16:19:58.537 [main] DEBUG org.apache.http.impl.client.DefaultHttpClient - Connection can be kept alive indefinitely
16:19:58.537 [main] DEBUG org.apache.http.impl.client.DefaultHttpClient - Authentication required
16:19:58.537 [main] DEBUG org.apache.http.impl.client.DefaultHttpClient - altashop-api.fly.dev:443 requested authentication
16:19:58.537 [main] DEBUG org.apache.http.impl.client.DefaultHttpClient - Response contains no authentication challenges
16:19:58.537 [main] DEBUG io.restassured.internal.RestAssuredHttpBuilder - Parsing response as: application/json
16:19:58.537 [main] DEBUG org.apache.http.wire -  << "2D[\r][\n]"
16:19:58.537 [main] DEBUG org.apache.http.wire -  << "[0x1f][0x8b][0x8][0x0][0x0][0x0][0x0][0x0][0x4][0xff][0xab]VJ-*[0xca]/R[0xb2]R*[0xcd]K,-[0xc9][0xc8]/[0xca][0xac]JMQ[0xaa][0xe5][0x2][0x0]@[0x17]da[0x19][0x0][0x0][0x0]"
16:19:58.537 [main] DEBUG org.apache.http.wire -  << "[\r][\n]"
16:19:58.537 [main] DEBUG org.apache.http.wire -  << "0[\r][\n]"
16:19:58.537 [main] DEBUG org.apache.http.wire -  << "[\r][\n]"
16:19:58.537 [main] DEBUG io.restassured.internal.RestAssuredHttpBuilder - Parsed data to instance of: class org.apache.http.conn.EofSensorInputStream
16:19:58.538 [main] DEBUG org.apache.http.impl.conn.BasicClientConnectionManager - Releasing connection org.apache.http.impl.conn.ManagedClientConnectionImpl@355b4c34
16:19:58.538 [main] DEBUG org.apache.http.impl.conn.BasicClientConnectionManager - Connection can be kept alive indefinitely
  &amp#27;[32mWhen &amp#27;[0m&amp#27;[32mI send GET HTTP request order2&amp#27;[0m               &amp#27;[90m# starter.stepdefinitions.OrderSteps.sendGetHttpRequestOrder2()&amp#27;[0m
  &amp#27;[32mThen &amp#27;[0m&amp#27;[32mI receive valid HTTP response code 401 order&amp#27;[0m &amp#27;[90m# starter.stepdefinitions.OrderSteps.receiveValidHttp401Order()&amp#27;[0m
16:19:58.544 [main] INFO  - 
  _____   ___   ___   _____     ___     _     ___   ___   ___   ___  
 |_   _| | __| / __| |_   _|   | _ \   /_\   / __| / __| | __| |   \ 
   | |   | _|  \__ \   | |     |  _/  / _ \  \__ \ \__ \ | _|  | |) |
   |_|   |___| |___/   |_|     |_|   /_/ \_\ |___/ |___/ |___| |___/ 

GET - Get all order without login
----------------------------------------------------------------------
]]></system-out>
  </testcase>
  <testcase name="POST - Give product rating" classname="Rating" time="0.246">
    <system-out><![CDATA[16:19:58.545 [main] DEBUG io.cucumber.core.plugin.SerenityReporter - Running feature from file:///C:/Users/WINDOWS%2010/Documents/GitHub/MiniProject_QE/API/minpro/src/test/resources/features/7.%20Rating.feature
16:19:58.549 [main] DEBUG net.thucydides.core.steps.StepEventBus - Test suite started for story net.thucydides.core.model.Story@a2cc97b4
16:19:58.550 [main] INFO  - Test Suite Started: Rating

Scenario: POST - Give product rating                 &amp#27;[90m# src/test/resources/features/7. Rating.feature:7&amp#27;[0m
16:19:58.556 [main] DEBUG io.cucumber.core.plugin.SerenityReporter - Running feature from file:///C:/Users/WINDOWS%2010/Documents/GitHub/MiniProject_QE/API/minpro/src/test/resources/features/7.%20Rating.feature
16:19:58.560 [main] INFO  - 
  _____   ___   ___   _____     ___   _____     _     ___   _____   ___   ___  
 |_   _| | __| / __| |_   _|   / __| |_   _|   /_\   | _ \ |_   _| | __| |   \ 
   | |   | _|  \__ \   | |     \__ \   | |    / _ \  |   /   | |   | _|  | |) |
   |_|   |___| |___/   |_|     |___/   |_|   /_/ \_\ |_|_\   |_|   |___| |___/ 

POST - Give product rating(rating;post---give-product-rating)
--------------------------------------------------------------------------------
16:19:58.587 [main] DEBUG net.thucydides.core.steps.StepInterceptor - STARTING STEP: RatingSteps.setPostApiEndpointRating - I set POST api endpoints rating
16:19:58.587 [main] DEBUG net.thucydides.core.steps.StepInterceptor - STEP DONE: I set POST api endpoints rating
  &amp#27;[32mGiven &amp#27;[0m&amp#27;[32mI set POST api endpoints rating&amp#27;[0m              &amp#27;[90m# starter.stepdefinitions.RatingSteps.setPostApiEndpointRating()&amp#27;[0m
16:19:58.592 [main] DEBUG net.thucydides.core.steps.StepInterceptor - STARTING STEP: RatingSteps.sentPostHttpRequestRating - I send POST HTTP request rating
16:19:58.594 [main] DEBUG net.thucydides.core.steps.StepInterceptor - STARTING STEP: Rating.sendPostHTTPRequestRating - I set POST api endpoints rating
16:19:58.594 [main] DEBUG net.thucydides.core.steps.StepInterceptor - STEP DONE: I set POST api endpoints rating
16:19:58.618 [main] DEBUG org.apache.http.impl.conn.BasicClientConnectionManager - Get connection for route {s}->https://altashop-api.fly.dev:443
16:19:58.619 [main] DEBUG org.apache.http.impl.conn.DefaultClientConnectionOperator - Connecting to altashop-api.fly.dev:443
16:19:58.722 [main] DEBUG org.apache.http.client.protocol.RequestAddCookies - CookieSpec selected: ignoreCookies
16:19:58.722 [main] DEBUG org.apache.http.client.protocol.RequestAuthCache - Auth cache not set in the context
16:19:58.722 [main] DEBUG org.apache.http.client.protocol.RequestProxyAuthentication - Proxy auth state: UNCHALLENGED
16:19:58.722 [main] DEBUG org.apache.http.impl.client.DefaultHttpClient - Attempt 1 to execute request
16:19:58.722 [main] DEBUG org.apache.http.impl.conn.DefaultClientConnection - Sending request: POST /api/products/13500/ratings HTTP/1.1
16:19:58.722 [main] DEBUG org.apache.http.wire -  >> "POST /api/products/13500/ratings HTTP/1.1[\r][\n]"
16:19:58.722 [main] DEBUG org.apache.http.wire -  >> "Authorization: Bearer eyJhbGciOiJIUzI1NiIsInR5cCI6IkpXVCJ9.eyJGdWxsbmFtZSI6IkFkaXR5YSBOdWdyYWhhIiwiRW1haWwiOiJhZGl0QGdtYWlsLmNvbSJ9.VM2lARkmmliu1pWtk1uhb8z5fGaElvH1jIoYM72Te3g[\r][\n]"
16:19:58.722 [main] DEBUG org.apache.http.wire -  >> "Accept: */*[\r][\n]"
16:19:58.722 [main] DEBUG org.apache.http.wire -  >> "Content-Type: text/plain; charset=ISO-8859-1[\r][\n]"
16:19:58.722 [main] DEBUG org.apache.http.wire -  >> "Content-Length: 11[\r][\n]"
16:19:58.722 [main] DEBUG org.apache.http.wire -  >> "Host: altashop-api.fly.dev[\r][\n]"
16:19:58.722 [main] DEBUG org.apache.http.wire -  >> "Connection: Keep-Alive[\r][\n]"
16:19:58.722 [main] DEBUG org.apache.http.wire -  >> "User-Agent: Apache-HttpClient/4.5.13 (Java/15)[\r][\n]"
16:19:58.722 [main] DEBUG org.apache.http.wire -  >> "Accept-Encoding: gzip,deflate[\r][\n]"
16:19:58.722 [main] DEBUG org.apache.http.wire -  >> "[\r][\n]"
16:19:58.722 [main] DEBUG org.apache.http.headers - >> POST /api/products/13500/ratings HTTP/1.1
16:19:58.722 [main] DEBUG org.apache.http.headers - >> Authorization: Bearer eyJhbGciOiJIUzI1NiIsInR5cCI6IkpXVCJ9.eyJGdWxsbmFtZSI6IkFkaXR5YSBOdWdyYWhhIiwiRW1haWwiOiJhZGl0QGdtYWlsLmNvbSJ9.VM2lARkmmliu1pWtk1uhb8z5fGaElvH1jIoYM72Te3g
16:19:58.722 [main] DEBUG org.apache.http.headers - >> Accept: */*
16:19:58.722 [main] DEBUG org.apache.http.headers - >> Content-Type: text/plain; charset=ISO-8859-1
16:19:58.722 [main] DEBUG org.apache.http.headers - >> Content-Length: 11
16:19:58.722 [main] DEBUG org.apache.http.headers - >> Host: altashop-api.fly.dev
16:19:58.722 [main] DEBUG org.apache.http.headers - >> Connection: Keep-Alive
16:19:58.722 [main] DEBUG org.apache.http.headers - >> User-Agent: Apache-HttpClient/4.5.13 (Java/15)
16:19:58.722 [main] DEBUG org.apache.http.headers - >> Accept-Encoding: gzip,deflate
16:19:58.722 [main] DEBUG org.apache.http.wire -  >> "{"count":5}"
16:19:58.787 [main] DEBUG org.apache.http.wire -  << "HTTP/1.1 200 OK[\r][\n]"
16:19:58.787 [main] DEBUG org.apache.http.wire -  << "content-type: application/json[\r][\n]"
16:19:58.787 [main] DEBUG org.apache.http.wire -  << "date: Mon, 08 May 2023 09:20:00 GMT[\r][\n]"
16:19:58.787 [main] DEBUG org.apache.http.wire -  << "content-encoding: gzip[\r][\n]"
16:19:58.787 [main] DEBUG org.apache.http.wire -  << "transfer-encoding: chunked[\r][\n]"
16:19:58.787 [main] DEBUG org.apache.http.wire -  << "server: Fly/3f2597ca (2023-05-03)[\r][\n]"
16:19:58.787 [main] DEBUG org.apache.http.wire -  << "via: 1.1 fly.io[\r][\n]"
16:19:58.787 [main] DEBUG org.apache.http.wire -  << "fly-request-id: 01GZXAJ7V2HCSGQ2B41S1WZD9H-sin[\r][\n]"
16:19:58.787 [main] DEBUG org.apache.http.wire -  << "[\r][\n]"
16:19:58.787 [main] DEBUG org.apache.http.impl.conn.DefaultClientConnection - Receiving response: HTTP/1.1 200 OK
16:19:58.787 [main] DEBUG org.apache.http.headers - << HTTP/1.1 200 OK
16:19:58.787 [main] DEBUG org.apache.http.headers - << content-type: application/json
16:19:58.787 [main] DEBUG org.apache.http.headers - << date: Mon, 08 May 2023 09:20:00 GMT
16:19:58.787 [main] DEBUG org.apache.http.headers - << content-encoding: gzip
16:19:58.787 [main] DEBUG org.apache.http.headers - << transfer-encoding: chunked
16:19:58.787 [main] DEBUG org.apache.http.headers - << server: Fly/3f2597ca (2023-05-03)
16:19:58.787 [main] DEBUG org.apache.http.headers - << via: 1.1 fly.io
16:19:58.787 [main] DEBUG org.apache.http.headers - << fly-request-id: 01GZXAJ7V2HCSGQ2B41S1WZD9H-sin
16:19:58.787 [main] DEBUG org.apache.http.impl.client.DefaultHttpClient - Connection can be kept alive indefinitely
16:19:58.787 [main] DEBUG io.restassured.internal.RestAssuredHttpBuilder - Parsing response as: application/json
16:19:58.787 [main] DEBUG org.apache.http.wire -  << "94[\r][\n]"
16:19:58.787 [main] DEBUG org.apache.http.wire -  << "[0x1f][0x8b][0x8][0x0][0x0][0x0][0x0][0x0][0x4][0xff][0xab]VJI,IT[0xb2][0xaa]V[0xf2]tQ[0xb2]24650[0xd0]Q[0xf2]K[0xcc]MU[0xb2]R[0x8a]p[0xf2][0x8f]0T[0xd2]QrI-N.[0xca],([0xc9][0xcc][0xcf]S[0xb2]RR[0xd2]Q[\n]"
16:19:58.787 [main] DEBUG org.apache.http.wire -  << "([0xca]LNU[0xb2]2[0xb1][0xb4][0xd4]Q[\n]"
16:19:58.787 [main] DEBUG org.apache.http.wire -  << "J,[0xc9][0xcc]K/V[0xb2]2[0xd5]QrN,IM[0xcf]/[0xca]L-V[0xb2][0x8a][0x86][0x9a]hdjb[0x8]7[0xd1]=173/[0x1d][0xc3]H[0xb7][0xfc]"[0x85]t[0xb0][0x94]BAiQA~qj[0xb1]Rmlm-[0x17][0x0][0xf1]sX[0xfa][0x9e][0x0][0x0][0x0]"
16:19:58.787 [main] DEBUG org.apache.http.wire -  << "[\r][\n]"
16:19:58.787 [main] DEBUG org.apache.http.wire -  << "0[\r][\n]"
16:19:58.787 [main] DEBUG org.apache.http.wire -  << "[\r][\n]"
16:19:58.788 [main] DEBUG io.restassured.internal.RestAssuredHttpBuilder - Parsed data to instance of: class org.apache.http.conn.EofSensorInputStream
16:19:58.788 [main] DEBUG org.apache.http.impl.conn.BasicClientConnectionManager - Releasing connection org.apache.http.impl.conn.ManagedClientConnectionImpl@42684d86
16:19:58.788 [main] DEBUG org.apache.http.impl.conn.BasicClientConnectionManager - Connection can be kept alive indefinitely
16:19:58.789 [main] DEBUG net.thucydides.core.steps.StepInterceptor - STEP DONE: I send POST HTTP request rating
  &amp#27;[32mWhen &amp#27;[0m&amp#27;[32mI send POST HTTP request rating&amp#27;[0m               &amp#27;[90m# starter.stepdefinitions.RatingSteps.sentPostHttpRequestRating()&amp#27;[0m
16:19:58.793 [main] DEBUG net.thucydides.core.steps.StepInterceptor - STARTING STEP: RatingSteps.receiveValidHttp200Rating - I receive valid HTTP response code 200 rating
16:19:58.794 [main] DEBUG net.thucydides.core.steps.StepInterceptor - STEP DONE: I receive valid HTTP response code 200 rating
  &amp#27;[32mThen &amp#27;[0m&amp#27;[32mI receive valid HTTP response code 200 rating&amp#27;[0m &amp#27;[90m# starter.stepdefinitions.RatingSteps.receiveValidHttp200Rating()&amp#27;[0m
16:19:58.796 [main] INFO  - 
  _____   ___   ___   _____     ___     _     ___   ___   ___   ___  
 |_   _| | __| / __| |_   _|   | _ \   /_\   / __| / __| | __| |   \ 
   | |   | _|  \__ \   | |     |  _/  / _ \  \__ \ \__ \ | _|  | |) |
   |_|   |___| |___/   |_|     |_|   /_/ \_\ |___/ |___/ |___| |___/ 

POST - Give product rating
----------------------------------------------------------------------
]]></system-out>
  </testcase>
  <testcase name="POST - Give product rating out of bond" classname="Rating" time="0.223">
    <system-out><![CDATA[
Scenario: POST - Give product rating out of bond     &amp#27;[90m# src/test/resources/features/7. Rating.feature:12&amp#27;[0m
16:19:58.802 [main] DEBUG io.cucumber.core.plugin.SerenityReporter - Running feature from file:///C:/Users/WINDOWS%2010/Documents/GitHub/MiniProject_QE/API/minpro/src/test/resources/features/7.%20Rating.feature
16:19:58.806 [main] INFO  - 
  _____   ___   ___   _____     ___   _____     _     ___   _____   ___   ___  
 |_   _| | __| / __| |_   _|   / __| |_   _|   /_\   | _ \ |_   _| | __| |   \ 
   | |   | _|  \__ \   | |     \__ \   | |    / _ \  |   /   | |   | _|  | |) |
   |_|   |___| |___/   |_|     |___/   |_|   /_/ \_\ |_|_\   |_|   |___| |___/ 

POST - Give product rating out of bond(rating;post---give-product-rating-out-of-bond)
--------------------------------------------------------------------------------
16:19:58.851 [main] DEBUG net.thucydides.core.steps.StepInterceptor - STARTING STEP: RatingSteps.setPostApiEndpointRating2 - I set POST api endpoints rating2
16:19:58.851 [main] DEBUG net.thucydides.core.steps.StepInterceptor - STEP DONE: I set POST api endpoints rating2
  &amp#27;[32mGiven &amp#27;[0m&amp#27;[32mI set POST api endpoints rating2&amp#27;[0m             &amp#27;[90m# starter.stepdefinitions.RatingSteps.setPostApiEndpointRating2()&amp#27;[0m
16:19:58.858 [main] DEBUG net.thucydides.core.steps.StepInterceptor - STARTING STEP: RatingSteps.sendPostHttpRequestRating2 - I send POST HTTP request rating
16:19:58.860 [main] DEBUG net.thucydides.core.steps.StepInterceptor - STARTING STEP: Rating.sendPostHttpRequestRating2 - I set POST api endpoints rating2
16:19:58.860 [main] DEBUG net.thucydides.core.steps.StepInterceptor - STEP DONE: I set POST api endpoints rating2
16:19:58.870 [main] DEBUG org.apache.http.impl.conn.BasicClientConnectionManager - Get connection for route {s}->https://altashop-api.fly.dev:443
16:19:58.870 [main] DEBUG org.apache.http.impl.conn.DefaultClientConnectionOperator - Connecting to altashop-api.fly.dev:443
16:19:58.967 [main] DEBUG org.apache.http.client.protocol.RequestAddCookies - CookieSpec selected: ignoreCookies
16:19:58.967 [main] DEBUG org.apache.http.client.protocol.RequestAuthCache - Auth cache not set in the context
16:19:58.967 [main] DEBUG org.apache.http.client.protocol.RequestProxyAuthentication - Proxy auth state: UNCHALLENGED
16:19:58.967 [main] DEBUG org.apache.http.impl.client.DefaultHttpClient - Attempt 1 to execute request
16:19:58.967 [main] DEBUG org.apache.http.impl.conn.DefaultClientConnection - Sending request: POST /api/products/13500/ratings HTTP/1.1
16:19:58.967 [main] DEBUG org.apache.http.wire -  >> "POST /api/products/13500/ratings HTTP/1.1[\r][\n]"
16:19:58.967 [main] DEBUG org.apache.http.wire -  >> "Authorization: Bearer eyJhbGciOiJIUzI1NiIsInR5cCI6IkpXVCJ9.eyJGdWxsbmFtZSI6IkFkaXR5YSBOdWdyYWhhIiwiRW1haWwiOiJhZGl0QGdtYWlsLmNvbSJ9.VM2lARkmmliu1pWtk1uhb8z5fGaElvH1jIoYM72Te3g[\r][\n]"
16:19:58.967 [main] DEBUG org.apache.http.wire -  >> "Accept: */*[\r][\n]"
16:19:58.967 [main] DEBUG org.apache.http.wire -  >> "Content-Type: text/plain; charset=ISO-8859-1[\r][\n]"
16:19:58.967 [main] DEBUG org.apache.http.wire -  >> "Content-Length: 12[\r][\n]"
16:19:58.967 [main] DEBUG org.apache.http.wire -  >> "Host: altashop-api.fly.dev[\r][\n]"
16:19:58.967 [main] DEBUG org.apache.http.wire -  >> "Connection: Keep-Alive[\r][\n]"
16:19:58.967 [main] DEBUG org.apache.http.wire -  >> "User-Agent: Apache-HttpClient/4.5.13 (Java/15)[\r][\n]"
16:19:58.967 [main] DEBUG org.apache.http.wire -  >> "Accept-Encoding: gzip,deflate[\r][\n]"
16:19:58.967 [main] DEBUG org.apache.http.wire -  >> "[\r][\n]"
16:19:58.967 [main] DEBUG org.apache.http.headers - >> POST /api/products/13500/ratings HTTP/1.1
16:19:58.967 [main] DEBUG org.apache.http.headers - >> Authorization: Bearer eyJhbGciOiJIUzI1NiIsInR5cCI6IkpXVCJ9.eyJGdWxsbmFtZSI6IkFkaXR5YSBOdWdyYWhhIiwiRW1haWwiOiJhZGl0QGdtYWlsLmNvbSJ9.VM2lARkmmliu1pWtk1uhb8z5fGaElvH1jIoYM72Te3g
16:19:58.967 [main] DEBUG org.apache.http.headers - >> Accept: */*
16:19:58.967 [main] DEBUG org.apache.http.headers - >> Content-Type: text/plain; charset=ISO-8859-1
16:19:58.967 [main] DEBUG org.apache.http.headers - >> Content-Length: 12
16:19:58.967 [main] DEBUG org.apache.http.headers - >> Host: altashop-api.fly.dev
16:19:58.967 [main] DEBUG org.apache.http.headers - >> Connection: Keep-Alive
16:19:58.967 [main] DEBUG org.apache.http.headers - >> User-Agent: Apache-HttpClient/4.5.13 (Java/15)
16:19:58.967 [main] DEBUG org.apache.http.headers - >> Accept-Encoding: gzip,deflate
16:19:58.967 [main] DEBUG org.apache.http.wire -  >> "{"count":10}"
16:19:59.011 [main] DEBUG org.apache.http.wire -  << "HTTP/1.1 500 Internal Server Error[\r][\n]"
16:19:59.012 [main] DEBUG org.apache.http.wire -  << "content-type: application/json[\r][\n]"
16:19:59.012 [main] DEBUG org.apache.http.wire -  << "date: Mon, 08 May 2023 09:20:00 GMT[\r][\n]"
16:19:59.012 [main] DEBUG org.apache.http.wire -  << "content-encoding: gzip[\r][\n]"
16:19:59.012 [main] DEBUG org.apache.http.wire -  << "transfer-encoding: chunked[\r][\n]"
16:19:59.012 [main] DEBUG org.apache.http.wire -  << "server: Fly/3f2597ca (2023-05-03)[\r][\n]"
16:19:59.012 [main] DEBUG org.apache.http.wire -  << "via: 1.1 fly.io[\r][\n]"
16:19:59.012 [main] DEBUG org.apache.http.wire -  << "fly-request-id: 01GZXAJ82P083DE6JTEHZGP6P8-sin[\r][\n]"
16:19:59.012 [main] DEBUG org.apache.http.wire -  << "[\r][\n]"
16:19:59.012 [main] DEBUG org.apache.http.impl.conn.DefaultClientConnection - Receiving response: HTTP/1.1 500 Internal Server Error
16:19:59.012 [main] DEBUG org.apache.http.headers - << HTTP/1.1 500 Internal Server Error
16:19:59.012 [main] DEBUG org.apache.http.headers - << content-type: application/json
16:19:59.012 [main] DEBUG org.apache.http.headers - << date: Mon, 08 May 2023 09:20:00 GMT
16:19:59.012 [main] DEBUG org.apache.http.headers - << content-encoding: gzip
16:19:59.012 [main] DEBUG org.apache.http.headers - << transfer-encoding: chunked
16:19:59.012 [main] DEBUG org.apache.http.headers - << server: Fly/3f2597ca (2023-05-03)
16:19:59.012 [main] DEBUG org.apache.http.headers - << via: 1.1 fly.io
16:19:59.012 [main] DEBUG org.apache.http.headers - << fly-request-id: 01GZXAJ82P083DE6JTEHZGP6P8-sin
16:19:59.012 [main] DEBUG org.apache.http.impl.client.DefaultHttpClient - Connection can be kept alive indefinitely
16:19:59.012 [main] DEBUG io.restassured.internal.RestAssuredHttpBuilder - Parsing response as: application/json
16:19:59.012 [main] DEBUG org.apache.http.wire -  << "80[\r][\n]"
16:19:59.012 [main] DEBUG org.apache.http.wire -  << "[0x1f][0x8b][0x8][0x0][0x0][0x0][0x0][0x0][0x4][0xff][0xab]VJ-*[0xca]/R[0xb2]Rr[\r][\n]"
16:19:59.012 [main] DEBUG org.apache.http.wire -  << "[0xf2][0xf][0xb2]R[0xc8]K-W([0xca]/WH[0xcb]/R(J[0xcd]I,[0xc9][0xcc][0xcf]S[0x88]Q*J,[0xc9][0xcc]K/[0x8e]QR([0xcb][0xcc][0xcf]I,I-VH[0xce]HM[0xce]VH[0xce][0xcf]+.)J[0xcc][0xcc]+A[0xa8][0x8a]O[0xce]/[0xcd]+[0x89][0x7]+[0x88]QR[0xd0][0x8][0xe][0xf4][0x9][0xe]q[0xc]qU02654[0xd1]T[0xaa][0xe5][0x2][0x0]t[0xdc]t[0xaa]w[0x0][0x0][0x0]"
16:19:59.012 [main] DEBUG org.apache.http.wire -  << "[\r][\n]"
16:19:59.012 [main] DEBUG org.apache.http.wire -  << "0[\r][\n]"
16:19:59.012 [main] DEBUG org.apache.http.wire -  << "[\r][\n]"
16:19:59.012 [main] DEBUG io.restassured.internal.RestAssuredHttpBuilder - Parsed data to instance of: class org.apache.http.conn.EofSensorInputStream
16:19:59.013 [main] DEBUG org.apache.http.impl.conn.BasicClientConnectionManager - Releasing connection org.apache.http.impl.conn.ManagedClientConnectionImpl@677d4cea
16:19:59.013 [main] DEBUG org.apache.http.impl.conn.BasicClientConnectionManager - Connection can be kept alive indefinitely
16:19:59.013 [main] DEBUG net.thucydides.core.steps.StepInterceptor - STEP DONE: I send POST HTTP request rating
  &amp#27;[32mWhen &amp#27;[0m&amp#27;[32mI send POST HTTP request rating2&amp#27;[0m              &amp#27;[90m# starter.stepdefinitions.RatingSteps.sendPostHttpRequestRating2()&amp#27;[0m
16:19:59.017 [main] DEBUG net.thucydides.core.steps.StepInterceptor - STARTING STEP: RatingSteps.receiveValidHttp500Rating - Then I receive valid HTTP response code 500 rating
16:19:59.017 [main] DEBUG net.thucydides.core.steps.StepInterceptor - STEP DONE: Then I receive valid HTTP response code 500 rating
  &amp#27;[32mThen &amp#27;[0m&amp#27;[32mI receive valid HTTP response code 500 rating&amp#27;[0m &amp#27;[90m# starter.stepdefinitions.RatingSteps.receiveValidHttp500Rating()&amp#27;[0m
16:19:59.019 [main] INFO  - 
  _____   ___   ___   _____     ___     _     ___   ___   ___   ___  
 |_   _| | __| / __| |_   _|   | _ \   /_\   / __| / __| | __| |   \ 
   | |   | _|  \__ \   | |     |  _/  / _ \  \__ \ \__ \ | _|  | |) |
   |_|   |___| |___/   |_|     |_|   /_/ \_\ |___/ |___/ |___| |___/ 

POST - Give product rating out of bond
----------------------------------------------------------------------
]]></system-out>
  </testcase>
  <testcase name="GET - Get product rating" classname="Rating" time="0.286">
    <system-out><![CDATA[
Scenario: GET - Get product rating                   &amp#27;[90m# src/test/resources/features/7. Rating.feature:17&amp#27;[0m
16:19:59.026 [main] DEBUG io.cucumber.core.plugin.SerenityReporter - Running feature from file:///C:/Users/WINDOWS%2010/Documents/GitHub/MiniProject_QE/API/minpro/src/test/resources/features/7.%20Rating.feature
16:19:59.030 [main] INFO  - 
  _____   ___   ___   _____     ___   _____     _     ___   _____   ___   ___  
 |_   _| | __| / __| |_   _|   / __| |_   _|   /_\   | _ \ |_   _| | __| |   \ 
   | |   | _|  \__ \   | |     \__ \   | |    / _ \  |   /   | |   | _|  | |) |
   |_|   |___| |___/   |_|     |___/   |_|   /_/ \_\ |_|_\   |_|   |___| |___/ 

GET - Get product rating(rating;get---get-product-rating)
--------------------------------------------------------------------------------
16:19:59.047 [main] DEBUG net.thucydides.core.steps.StepInterceptor - STARTING STEP: RatingSteps.setGetApiEndpointRating - I set GET api endpoints rating
16:19:59.047 [main] DEBUG net.thucydides.core.steps.StepInterceptor - STEP DONE: I set GET api endpoints rating
  &amp#27;[32mGiven &amp#27;[0m&amp#27;[32mI set GET api endpoints rating&amp#27;[0m               &amp#27;[90m# starter.stepdefinitions.RatingSteps.setGetApiEndpointRating()&amp#27;[0m
16:19:59.053 [main] DEBUG net.thucydides.core.steps.StepInterceptor - STARTING STEP: RatingSteps.sendGetHttpRequestRating - I send GET HTTP request rating
16:19:59.055 [main] DEBUG net.thucydides.core.steps.StepInterceptor - STARTING STEP: Rating.sendGetHttpRequestRating - I set GET api endpoints rating
16:19:59.056 [main] DEBUG net.thucydides.core.steps.StepInterceptor - STEP DONE: I set GET api endpoints rating
16:19:59.070 [main] DEBUG org.apache.http.impl.conn.BasicClientConnectionManager - Get connection for route {s}->https://altashop-api.fly.dev:443
16:19:59.070 [main] DEBUG org.apache.http.impl.conn.DefaultClientConnectionOperator - Connecting to altashop-api.fly.dev:443
16:19:59.224 [main] DEBUG org.apache.http.client.protocol.RequestAddCookies - CookieSpec selected: ignoreCookies
16:19:59.224 [main] DEBUG org.apache.http.client.protocol.RequestAuthCache - Auth cache not set in the context
16:19:59.224 [main] DEBUG org.apache.http.client.protocol.RequestTargetAuthentication - Target auth state: UNCHALLENGED
16:19:59.224 [main] DEBUG org.apache.http.client.protocol.RequestProxyAuthentication - Proxy auth state: UNCHALLENGED
16:19:59.225 [main] DEBUG org.apache.http.impl.client.DefaultHttpClient - Attempt 1 to execute request
16:19:59.225 [main] DEBUG org.apache.http.impl.conn.DefaultClientConnection - Sending request: GET /api/products/13500/ratings HTTP/1.1
16:19:59.225 [main] DEBUG org.apache.http.wire -  >> "GET /api/products/13500/ratings HTTP/1.1[\r][\n]"
16:19:59.225 [main] DEBUG org.apache.http.wire -  >> "Accept: */*[\r][\n]"
16:19:59.225 [main] DEBUG org.apache.http.wire -  >> "Host: altashop-api.fly.dev[\r][\n]"
16:19:59.225 [main] DEBUG org.apache.http.wire -  >> "Connection: Keep-Alive[\r][\n]"
16:19:59.225 [main] DEBUG org.apache.http.wire -  >> "User-Agent: Apache-HttpClient/4.5.13 (Java/15)[\r][\n]"
16:19:59.225 [main] DEBUG org.apache.http.wire -  >> "Accept-Encoding: gzip,deflate[\r][\n]"
16:19:59.225 [main] DEBUG org.apache.http.wire -  >> "[\r][\n]"
16:19:59.225 [main] DEBUG org.apache.http.headers - >> GET /api/products/13500/ratings HTTP/1.1
16:19:59.225 [main] DEBUG org.apache.http.headers - >> Accept: */*
16:19:59.225 [main] DEBUG org.apache.http.headers - >> Host: altashop-api.fly.dev
16:19:59.225 [main] DEBUG org.apache.http.headers - >> Connection: Keep-Alive
16:19:59.225 [main] DEBUG org.apache.http.headers - >> User-Agent: Apache-HttpClient/4.5.13 (Java/15)
16:19:59.225 [main] DEBUG org.apache.http.headers - >> Accept-Encoding: gzip,deflate
16:19:59.299 [main] DEBUG org.apache.http.wire -  << "HTTP/1.1 200 OK[\r][\n]"
16:19:59.299 [main] DEBUG org.apache.http.wire -  << "content-type: application/json[\r][\n]"
16:19:59.299 [main] DEBUG org.apache.http.wire -  << "date: Mon, 08 May 2023 09:20:00 GMT[\r][\n]"
16:19:59.299 [main] DEBUG org.apache.http.wire -  << "content-encoding: gzip[\r][\n]"
16:19:59.299 [main] DEBUG org.apache.http.wire -  << "transfer-encoding: chunked[\r][\n]"
16:19:59.299 [main] DEBUG org.apache.http.wire -  << "server: Fly/3f2597ca (2023-05-03)[\r][\n]"
16:19:59.299 [main] DEBUG org.apache.http.wire -  << "via: 1.1 fly.io[\r][\n]"
16:19:59.299 [main] DEBUG org.apache.http.wire -  << "fly-request-id: 01GZXAJ8AR2J7QMRYMGFGEDYFW-sin[\r][\n]"
16:19:59.299 [main] DEBUG org.apache.http.wire -  << "[\r][\n]"
16:19:59.299 [main] DEBUG org.apache.http.impl.conn.DefaultClientConnection - Receiving response: HTTP/1.1 200 OK
16:19:59.299 [main] DEBUG org.apache.http.headers - << HTTP/1.1 200 OK
16:19:59.299 [main] DEBUG org.apache.http.headers - << content-type: application/json
16:19:59.299 [main] DEBUG org.apache.http.headers - << date: Mon, 08 May 2023 09:20:00 GMT
16:19:59.299 [main] DEBUG org.apache.http.headers - << content-encoding: gzip
16:19:59.299 [main] DEBUG org.apache.http.headers - << transfer-encoding: chunked
16:19:59.299 [main] DEBUG org.apache.http.headers - << server: Fly/3f2597ca (2023-05-03)
16:19:59.299 [main] DEBUG org.apache.http.headers - << via: 1.1 fly.io
16:19:59.299 [main] DEBUG org.apache.http.headers - << fly-request-id: 01GZXAJ8AR2J7QMRYMGFGEDYFW-sin
16:19:59.299 [main] DEBUG org.apache.http.impl.client.DefaultHttpClient - Connection can be kept alive indefinitely
16:19:59.299 [main] DEBUG io.restassured.internal.RestAssuredHttpBuilder - Parsing response as: application/json
16:19:59.299 [main] DEBUG org.apache.http.wire -  << "1F[\r][\n]"
16:19:59.299 [main] DEBUG org.apache.http.wire -  << "[0x1f][0x8b][0x8][0x0][0x0][0x0][0x0][0x0][0x4][0xff][0xab]VJI,IT[0xb2]2[0xad][0xe5][0x2][0x0][0x83]B[0x1e]G[0xb][0x0][0x0][0x0]"
16:19:59.299 [main] DEBUG org.apache.http.wire -  << "[\r][\n]"
16:19:59.300 [main] DEBUG org.apache.http.wire -  << "0[\r][\n]"
16:19:59.300 [main] DEBUG org.apache.http.wire -  << "[\r][\n]"
16:19:59.300 [main] DEBUG io.restassured.internal.RestAssuredHttpBuilder - Parsed data to instance of: class org.apache.http.conn.EofSensorInputStream
16:19:59.301 [main] DEBUG org.apache.http.impl.conn.BasicClientConnectionManager - Releasing connection org.apache.http.impl.conn.ManagedClientConnectionImpl@69c263f8
16:19:59.301 [main] DEBUG org.apache.http.impl.conn.BasicClientConnectionManager - Connection can be kept alive indefinitely
16:19:59.301 [main] DEBUG net.thucydides.core.steps.StepInterceptor - STEP DONE: I send GET HTTP request rating
  &amp#27;[32mWhen &amp#27;[0m&amp#27;[32mI send GET HTTP request rating&amp#27;[0m                &amp#27;[90m# starter.stepdefinitions.RatingSteps.sendGetHttpRequestRating()&amp#27;[0m
16:19:59.304 [main] DEBUG net.thucydides.core.steps.StepInterceptor - STARTING STEP: RatingSteps.receiveValidHttp200Rating - I receive valid HTTP response code 200 rating
16:19:59.304 [main] DEBUG net.thucydides.core.steps.StepInterceptor - STEP DONE: I receive valid HTTP response code 200 rating
  &amp#27;[32mThen &amp#27;[0m&amp#27;[32mI receive valid HTTP response code 200 rating&amp#27;[0m &amp#27;[90m# starter.stepdefinitions.RatingSteps.receiveValidHttp200Rating()&amp#27;[0m
16:19:59.306 [main] INFO  - 
  _____   ___   ___   _____     ___     _     ___   ___   ___   ___  
 |_   _| | __| / __| |_   _|   | _ \   /_\   / __| / __| | __| |   \ 
   | |   | _|  \__ \   | |     |  _/  / _ \  \__ \ \__ \ | _|  | |) |
   |_|   |___| |___/   |_|     |_|   /_/ \_\ |___/ |___/ |___| |___/ 

GET - Get product rating
----------------------------------------------------------------------
]]></system-out>
  </testcase>
  <testcase name="GET - Get product rating with invalid data" classname="Rating" time="0.242">
    <system-out><![CDATA[
Scenario: GET - Get product rating with invalid data &amp#27;[90m# src/test/resources/features/7. Rating.feature:22&amp#27;[0m
16:19:59.311 [main] DEBUG io.cucumber.core.plugin.SerenityReporter - Running feature from file:///C:/Users/WINDOWS%2010/Documents/GitHub/MiniProject_QE/API/minpro/src/test/resources/features/7.%20Rating.feature
16:19:59.315 [main] INFO  - 
  _____   ___   ___   _____     ___   _____     _     ___   _____   ___   ___  
 |_   _| | __| / __| |_   _|   / __| |_   _|   /_\   | _ \ |_   _| | __| |   \ 
   | |   | _|  \__ \   | |     \__ \   | |    / _ \  |   /   | |   | _|  | |) |
   |_|   |___| |___/   |_|     |___/   |_|   /_/ \_\ |_|_\   |_|   |___| |___/ 

GET - Get product rating with invalid data(rating;get---get-product-rating-with-invalid-data)
--------------------------------------------------------------------------------
16:19:59.332 [main] DEBUG net.thucydides.core.steps.StepInterceptor - STARTING STEP: RatingSteps.setGetApiEndpointRating2 - I set GET api endpoints rating2
16:19:59.332 [main] DEBUG net.thucydides.core.steps.StepInterceptor - STEP DONE: I set GET api endpoints rating2
  &amp#27;[32mGiven &amp#27;[0m&amp#27;[32mI set GET api endpoints rating2&amp#27;[0m              &amp#27;[90m# starter.stepdefinitions.RatingSteps.setGetApiEndpointRating2()&amp#27;[0m
16:19:59.336 [main] DEBUG net.thucydides.core.steps.StepInterceptor - STARTING STEP: RatingSteps.sendGetHttpRequestRating2 - I send GET HTTP request rating2
16:19:59.337 [main] DEBUG net.thucydides.core.steps.StepInterceptor - STARTING STEP: Rating.sendGetHttpRequestRating2 - I set GET api endpoints rating2
16:19:59.337 [main] DEBUG net.thucydides.core.steps.StepInterceptor - STEP DONE: I set GET api endpoints rating2
16:19:59.341 [main] DEBUG org.apache.http.impl.conn.BasicClientConnectionManager - Get connection for route {s}->https://altashop-api.fly.dev:443
16:19:59.341 [main] DEBUG org.apache.http.impl.conn.DefaultClientConnectionOperator - Connecting to altashop-api.fly.dev:443
16:19:59.472 [main] DEBUG org.apache.http.client.protocol.RequestAddCookies - CookieSpec selected: ignoreCookies
16:19:59.473 [main] DEBUG org.apache.http.client.protocol.RequestAuthCache - Auth cache not set in the context
16:19:59.473 [main] DEBUG org.apache.http.client.protocol.RequestTargetAuthentication - Target auth state: UNCHALLENGED
16:19:59.473 [main] DEBUG org.apache.http.client.protocol.RequestProxyAuthentication - Proxy auth state: UNCHALLENGED
16:19:59.473 [main] DEBUG org.apache.http.impl.client.DefaultHttpClient - Attempt 1 to execute request
16:19:59.473 [main] DEBUG org.apache.http.impl.conn.DefaultClientConnection - Sending request: GET /api/products/-13500/ratings HTTP/1.1
16:19:59.473 [main] DEBUG org.apache.http.wire -  >> "GET /api/products/-13500/ratings HTTP/1.1[\r][\n]"
16:19:59.473 [main] DEBUG org.apache.http.wire -  >> "Accept: */*[\r][\n]"
16:19:59.473 [main] DEBUG org.apache.http.wire -  >> "Host: altashop-api.fly.dev[\r][\n]"
16:19:59.473 [main] DEBUG org.apache.http.wire -  >> "Connection: Keep-Alive[\r][\n]"
16:19:59.473 [main] DEBUG org.apache.http.wire -  >> "User-Agent: Apache-HttpClient/4.5.13 (Java/15)[\r][\n]"
16:19:59.473 [main] DEBUG org.apache.http.wire -  >> "Accept-Encoding: gzip,deflate[\r][\n]"
16:19:59.473 [main] DEBUG org.apache.http.wire -  >> "[\r][\n]"
16:19:59.473 [main] DEBUG org.apache.http.headers - >> GET /api/products/-13500/ratings HTTP/1.1
16:19:59.473 [main] DEBUG org.apache.http.headers - >> Accept: */*
16:19:59.473 [main] DEBUG org.apache.http.headers - >> Host: altashop-api.fly.dev
16:19:59.473 [main] DEBUG org.apache.http.headers - >> Connection: Keep-Alive
16:19:59.473 [main] DEBUG org.apache.http.headers - >> User-Agent: Apache-HttpClient/4.5.13 (Java/15)
16:19:59.473 [main] DEBUG org.apache.http.headers - >> Accept-Encoding: gzip,deflate
16:19:59.538 [main] DEBUG org.apache.http.wire -  << "HTTP/1.1 500 Internal Server Error[\r][\n]"
16:19:59.538 [main] DEBUG org.apache.http.wire -  << "content-type: application/json[\r][\n]"
16:19:59.538 [main] DEBUG org.apache.http.wire -  << "date: Mon, 08 May 2023 09:20:01 GMT[\r][\n]"
16:19:59.538 [main] DEBUG org.apache.http.wire -  << "content-encoding: gzip[\r][\n]"
16:19:59.538 [main] DEBUG org.apache.http.wire -  << "transfer-encoding: chunked[\r][\n]"
16:19:59.538 [main] DEBUG org.apache.http.wire -  << "server: Fly/3f2597ca (2023-05-03)[\r][\n]"
16:19:59.538 [main] DEBUG org.apache.http.wire -  << "via: 1.1 fly.io[\r][\n]"
16:19:59.538 [main] DEBUG org.apache.http.wire -  << "fly-request-id: 01GZXAJ8JF6KJ8ZV2CBFAT6HMG-sin[\r][\n]"
16:19:59.538 [main] DEBUG org.apache.http.wire -  << "[\r][\n]"
16:19:59.538 [main] DEBUG org.apache.http.impl.conn.DefaultClientConnection - Receiving response: HTTP/1.1 500 Internal Server Error
16:19:59.538 [main] DEBUG org.apache.http.headers - << HTTP/1.1 500 Internal Server Error
16:19:59.538 [main] DEBUG org.apache.http.headers - << content-type: application/json
16:19:59.538 [main] DEBUG org.apache.http.headers - << date: Mon, 08 May 2023 09:20:01 GMT
16:19:59.538 [main] DEBUG org.apache.http.headers - << content-encoding: gzip
16:19:59.538 [main] DEBUG org.apache.http.headers - << transfer-encoding: chunked
16:19:59.538 [main] DEBUG org.apache.http.headers - << server: Fly/3f2597ca (2023-05-03)
16:19:59.538 [main] DEBUG org.apache.http.headers - << via: 1.1 fly.io
16:19:59.538 [main] DEBUG org.apache.http.headers - << fly-request-id: 01GZXAJ8JF6KJ8ZV2CBFAT6HMG-sin
16:19:59.538 [main] DEBUG org.apache.http.impl.client.DefaultHttpClient - Connection can be kept alive indefinitely
16:19:59.538 [main] DEBUG io.restassured.internal.RestAssuredHttpBuilder - Parsing response as: application/json
16:19:59.538 [main] DEBUG org.apache.http.wire -  << "5C[\r][\n]"
16:19:59.538 [main] DEBUG org.apache.http.wire -  << "[0x1f][0x8b][0x8][0x0][0x0][0x0][0x0][0x0][0x4][0xff][0xab]VJ-*[0xca]/R[0xb2]R2[0xb4]01137110767[0xb0]45[0xb6]044S[0xc8],VH/JM,I-R([0xc9]H[0xcc]S[0xc8]M[0xac][0xc8][0xcc]-[0xcd]U(K[0xcc])MUH[0xcb]/R[0xf0][0xcc]+1Q[0xaa][0xe5][0x2][0x0][0x96][0x10][0xea]EH[0x0][0x0][0x0]"
16:19:59.541 [main] DEBUG org.apache.http.wire -  << "[\r][\n]"
16:19:59.541 [main] DEBUG org.apache.http.wire -  << "0[\r][\n]"
16:19:59.541 [main] DEBUG org.apache.http.wire -  << "[\r][\n]"
16:19:59.542 [main] DEBUG io.restassured.internal.RestAssuredHttpBuilder - Parsed data to instance of: class org.apache.http.conn.EofSensorInputStream
16:19:59.542 [Finalizer] DEBUG org.apache.http.impl.conn.DefaultClientConnection - Connection 0.0.0.0:53911<->149.248.193.56:443 closed
16:19:59.542 [Finalizer] DEBUG org.apache.http.impl.conn.DefaultClientConnection - Connection 0.0.0.0:53913<->149.248.193.56:443 closed
16:19:59.542 [Finalizer] DEBUG org.apache.http.impl.conn.DefaultClientConnection - Connection 0.0.0.0:53914<->149.248.193.56:443 closed
16:19:59.542 [main] DEBUG org.apache.http.impl.conn.BasicClientConnectionManager - Releasing connection org.apache.http.impl.conn.ManagedClientConnectionImpl@d164938
16:19:59.542 [main] DEBUG org.apache.http.impl.conn.BasicClientConnectionManager - Connection can be kept alive indefinitely
16:19:59.542 [Finalizer] DEBUG org.apache.http.impl.conn.DefaultClientConnection - Connection 0.0.0.0:53909<->149.248.193.56:443 closed
16:19:59.542 [Finalizer] DEBUG org.apache.http.impl.conn.DefaultClientConnection - Connection 0.0.0.0:53910<->149.248.193.56:443 closed
16:19:59.543 [main] DEBUG net.thucydides.core.steps.StepInterceptor - STEP DONE: I send GET HTTP request rating2
  &amp#27;[32mWhen &amp#27;[0m&amp#27;[32mI send GET HTTP request rating2&amp#27;[0m               &amp#27;[90m# starter.stepdefinitions.RatingSteps.sendGetHttpRequestRating2()&amp#27;[0m
16:19:59.546 [main] DEBUG net.thucydides.core.steps.StepInterceptor - STARTING STEP: RatingSteps.receiveValidHttp500Rating - Then I receive valid HTTP response code 500 rating
16:19:59.546 [main] DEBUG net.thucydides.core.steps.StepInterceptor - STEP DONE: Then I receive valid HTTP response code 500 rating
  &amp#27;[32mThen &amp#27;[0m&amp#27;[32mI receive valid HTTP response code 500 rating&amp#27;[0m &amp#27;[90m# starter.stepdefinitions.RatingSteps.receiveValidHttp500Rating()&amp#27;[0m
16:19:59.548 [main] INFO  - 
  _____   ___   ___   _____     ___     _     ___   ___   ___   ___  
 |_   _| | __| / __| |_   _|   | _ \   /_\   / __| / __| | __| |   \ 
   | |   | _|  \__ \   | |     |  _/  / _ \  \__ \ \__ \ | _|  | |) |
   |_|   |___| |___/   |_|     |_|   /_/ \_\ |___/ |___/ |___| |___/ 

GET - Get product rating with invalid data
----------------------------------------------------------------------
]]></system-out>
  </testcase>
  <testcase name="POST - Post comment" classname="Comment" time="0.225">
    <system-out><![CDATA[16:19:59.550 [main] DEBUG io.cucumber.core.plugin.SerenityReporter - Running feature from file:///C:/Users/WINDOWS%2010/Documents/GitHub/MiniProject_QE/API/minpro/src/test/resources/features/8.%20Comment.feature
16:19:59.553 [main] DEBUG net.thucydides.core.steps.StepEventBus - Test suite started for story net.thucydides.core.model.Story@8ea159bb
16:19:59.554 [main] INFO  - Test Suite Started: Comment

Scenario: POST - Post comment                         &amp#27;[90m# src/test/resources/features/8. Comment.feature:7&amp#27;[0m
16:19:59.559 [main] DEBUG io.cucumber.core.plugin.SerenityReporter - Running feature from file:///C:/Users/WINDOWS%2010/Documents/GitHub/MiniProject_QE/API/minpro/src/test/resources/features/8.%20Comment.feature
16:19:59.562 [main] INFO  - 
  _____   ___   ___   _____     ___   _____     _     ___   _____   ___   ___  
 |_   _| | __| / __| |_   _|   / __| |_   _|   /_\   | _ \ |_   _| | __| |   \ 
   | |   | _|  \__ \   | |     \__ \   | |    / _ \  |   /   | |   | _|  | |) |
   |_|   |___| |___/   |_|     |___/   |_|   /_/ \_\ |_|_\   |_|   |___| |___/ 

POST - Post comment(comment;post---post-comment)
--------------------------------------------------------------------------------
16:19:59.578 [main] DEBUG net.thucydides.core.steps.StepInterceptor - STARTING STEP: CommentSteps.setPostApiEndpointComment - I set POST api endpoints 
16:19:59.578 [main] DEBUG net.thucydides.core.steps.StepInterceptor - STEP DONE: I set POST api endpoints 
  &amp#27;[32mGiven &amp#27;[0m&amp#27;[32mI set POST api endpoints comment&amp#27;[0m              &amp#27;[90m# starter.stepdefinitions.CommentSteps.setPostApiEndpointComment()&amp#27;[0m
16:19:59.582 [main] DEBUG net.thucydides.core.steps.StepInterceptor - STARTING STEP: CommentSteps.sentPostHttpRequestComment - I send POST HTTP request comment
16:19:59.584 [main] DEBUG net.thucydides.core.steps.StepInterceptor - STARTING STEP: Comment.sendPostHTTPRequestComment - I set POST api endpoints 
16:19:59.584 [main] DEBUG net.thucydides.core.steps.StepInterceptor - STEP DONE: I set POST api endpoints 
16:19:59.595 [main] DEBUG org.apache.http.impl.conn.BasicClientConnectionManager - Get connection for route {s}->https://altashop-api.fly.dev:443
16:19:59.595 [main] DEBUG org.apache.http.impl.conn.DefaultClientConnectionOperator - Connecting to altashop-api.fly.dev:443
16:19:59.706 [main] DEBUG org.apache.http.client.protocol.RequestAddCookies - CookieSpec selected: ignoreCookies
16:19:59.706 [main] DEBUG org.apache.http.client.protocol.RequestAuthCache - Auth cache not set in the context
16:19:59.706 [main] DEBUG org.apache.http.client.protocol.RequestProxyAuthentication - Proxy auth state: UNCHALLENGED
16:19:59.706 [main] DEBUG org.apache.http.impl.client.DefaultHttpClient - Attempt 1 to execute request
16:19:59.706 [main] DEBUG org.apache.http.impl.conn.DefaultClientConnection - Sending request: POST /api/products/2/comments HTTP/1.1
16:19:59.706 [main] DEBUG org.apache.http.wire -  >> "POST /api/products/2/comments HTTP/1.1[\r][\n]"
16:19:59.706 [main] DEBUG org.apache.http.wire -  >> "Authorization: Bearer eyJhbGciOiJIUzI1NiIsInR5cCI6IkpXVCJ9.eyJGdWxsbmFtZSI6IkFkaXR5YSBOdWdyYWhhIiwiRW1haWwiOiJhZGl0QGdtYWlsLmNvbSJ9.VM2lARkmmliu1pWtk1uhb8z5fGaElvH1jIoYM72Te3g[\r][\n]"
16:19:59.706 [main] DEBUG org.apache.http.wire -  >> "Accept: */*[\r][\n]"
16:19:59.706 [main] DEBUG org.apache.http.wire -  >> "Content-Type: text/plain; charset=ISO-8859-1[\r][\n]"
16:19:59.706 [main] DEBUG org.apache.http.wire -  >> "Content-Length: 87[\r][\n]"
16:19:59.706 [main] DEBUG org.apache.http.wire -  >> "Host: altashop-api.fly.dev[\r][\n]"
16:19:59.706 [main] DEBUG org.apache.http.wire -  >> "Connection: Keep-Alive[\r][\n]"
16:19:59.706 [main] DEBUG org.apache.http.wire -  >> "User-Agent: Apache-HttpClient/4.5.13 (Java/15)[\r][\n]"
16:19:59.706 [main] DEBUG org.apache.http.wire -  >> "Accept-Encoding: gzip,deflate[\r][\n]"
16:19:59.706 [main] DEBUG org.apache.http.wire -  >> "[\r][\n]"
16:19:59.706 [main] DEBUG org.apache.http.headers - >> POST /api/products/2/comments HTTP/1.1
16:19:59.706 [main] DEBUG org.apache.http.headers - >> Authorization: Bearer eyJhbGciOiJIUzI1NiIsInR5cCI6IkpXVCJ9.eyJGdWxsbmFtZSI6IkFkaXR5YSBOdWdyYWhhIiwiRW1haWwiOiJhZGl0QGdtYWlsLmNvbSJ9.VM2lARkmmliu1pWtk1uhb8z5fGaElvH1jIoYM72Te3g
16:19:59.706 [main] DEBUG org.apache.http.headers - >> Accept: */*
16:19:59.706 [main] DEBUG org.apache.http.headers - >> Content-Type: text/plain; charset=ISO-8859-1
16:19:59.706 [main] DEBUG org.apache.http.headers - >> Content-Length: 87
16:19:59.706 [main] DEBUG org.apache.http.headers - >> Host: altashop-api.fly.dev
16:19:59.706 [main] DEBUG org.apache.http.headers - >> Connection: Keep-Alive
16:19:59.706 [main] DEBUG org.apache.http.headers - >> User-Agent: Apache-HttpClient/4.5.13 (Java/15)
16:19:59.706 [main] DEBUG org.apache.http.headers - >> Accept-Encoding: gzip,deflate
16:19:59.706 [main] DEBUG org.apache.http.wire -  >> "{"content":"the games are great including Gran Turismo 7 but sadly GT4 is much better"}"
16:19:59.769 [main] DEBUG org.apache.http.wire -  << "HTTP/1.1 200 OK[\r][\n]"
16:19:59.769 [main] DEBUG org.apache.http.wire -  << "content-type: application/json[\r][\n]"
16:19:59.769 [main] DEBUG org.apache.http.wire -  << "date: Mon, 08 May 2023 09:20:01 GMT[\r][\n]"
16:19:59.769 [main] DEBUG org.apache.http.wire -  << "content-encoding: gzip[\r][\n]"
16:19:59.769 [main] DEBUG org.apache.http.wire -  << "transfer-encoding: chunked[\r][\n]"
16:19:59.769 [main] DEBUG org.apache.http.wire -  << "server: Fly/3f2597ca (2023-05-03)[\r][\n]"
16:19:59.769 [main] DEBUG org.apache.http.wire -  << "via: 1.1 fly.io[\r][\n]"
16:19:59.769 [main] DEBUG org.apache.http.wire -  << "fly-request-id: 01GZXAJ8STTRP319K3S75Y5Q1P-sin[\r][\n]"
16:19:59.769 [main] DEBUG org.apache.http.wire -  << "[\r][\n]"
16:19:59.769 [main] DEBUG org.apache.http.impl.conn.DefaultClientConnection - Receiving response: HTTP/1.1 200 OK
16:19:59.769 [main] DEBUG org.apache.http.headers - << HTTP/1.1 200 OK
16:19:59.769 [main] DEBUG org.apache.http.headers - << content-type: application/json
16:19:59.769 [main] DEBUG org.apache.http.headers - << date: Mon, 08 May 2023 09:20:01 GMT
16:19:59.769 [main] DEBUG org.apache.http.headers - << content-encoding: gzip
16:19:59.769 [main] DEBUG org.apache.http.headers - << transfer-encoding: chunked
16:19:59.769 [main] DEBUG org.apache.http.headers - << server: Fly/3f2597ca (2023-05-03)
16:19:59.769 [main] DEBUG org.apache.http.headers - << via: 1.1 fly.io
16:19:59.769 [main] DEBUG org.apache.http.headers - << fly-request-id: 01GZXAJ8STTRP319K3S75Y5Q1P-sin
16:19:59.769 [main] DEBUG org.apache.http.impl.client.DefaultHttpClient - Connection can be kept alive indefinitely
16:19:59.769 [main] DEBUG io.restassured.internal.RestAssuredHttpBuilder - Parsing response as: application/json
16:19:59.769 [main] DEBUG org.apache.http.wire -  << "9E[\r][\n]"
16:19:59.769 [main] DEBUG org.apache.http.wire -  << "[0x1f][0x8b][0x8][0x0][0x0][0x0][0x0][0x0][0x4][0xff][0xab]VJI,IT[0xb2][0xaa]V[0xf2]tQ[0xb2]24446[0xd0]Qr[0xce][0xcf]+I[0xcd]+Q[0xb2]R*[0xc9]HUHO[0xcc]M-VH,JUH/JM,Q[0xc8][0xcc]K[0xce])M[0xc9][0xcc]KWp/J[0xcc]S[0x8])-[0xca],[0xce][0xcd]W0WH*-Q(NL[0xc9][0xa9]Tp[0xf]1Q[0xc8],V[0xc8]-M[0xce]PHJ-)I-R[0xd2]Q[\n]"
16:19:59.769 [main] DEBUG org.apache.http.wire -  << "-N-R[0xb2][0xca]+[0xcd][0xc9][0xd1]Q[\n]"
16:19:59.769 [main] DEBUG org.apache.http.wire -  << "([0xca]O)M.[0x81]q[0x9d][0xf3]ss[0xc1][0x16][0x82]dkk[0xb9][0x0][0x8][0x8][0x8d]F[0x96][0x0][0x0][0x0]"
16:19:59.769 [main] DEBUG org.apache.http.wire -  << "[\r][\n]"
16:19:59.769 [main] DEBUG org.apache.http.wire -  << "0[\r][\n]"
16:19:59.769 [main] DEBUG org.apache.http.wire -  << "[\r][\n]"
16:19:59.769 [main] DEBUG io.restassured.internal.RestAssuredHttpBuilder - Parsed data to instance of: class org.apache.http.conn.EofSensorInputStream
16:19:59.770 [main] DEBUG org.apache.http.impl.conn.BasicClientConnectionManager - Releasing connection org.apache.http.impl.conn.ManagedClientConnectionImpl@193792e6
16:19:59.770 [main] DEBUG org.apache.http.impl.conn.BasicClientConnectionManager - Connection can be kept alive indefinitely
16:19:59.771 [main] DEBUG net.thucydides.core.steps.StepInterceptor - STEP DONE: I send POST HTTP request comment
  &amp#27;[32mWhen &amp#27;[0m&amp#27;[32mI send POST HTTP request comment&amp#27;[0m               &amp#27;[90m# starter.stepdefinitions.CommentSteps.sentPostHttpRequestComment()&amp#27;[0m
16:19:59.776 [main] DEBUG net.thucydides.core.steps.StepInterceptor - STARTING STEP: CommentSteps.receiveValidHttp200Rating - I receive valid HTTP response code 200 comment
16:19:59.776 [main] DEBUG net.thucydides.core.steps.StepInterceptor - STEP DONE: I receive valid HTTP response code 200 comment
  &amp#27;[32mThen &amp#27;[0m&amp#27;[32mI receive valid HTTP response code 200 comment&amp#27;[0m &amp#27;[90m# starter.stepdefinitions.CommentSteps.receiveValidHttp200Rating()&amp#27;[0m
16:19:59.779 [main] INFO  - 
  _____   ___   ___   _____     ___     _     ___   ___   ___   ___  
 |_   _| | __| / __| |_   _|   | _ \   /_\   / __| / __| | __| |   \ 
   | |   | _|  \__ \   | |     |  _/  / _ \  \__ \ \__ \ | _|  | |) |
   |_|   |___| |___/   |_|     |_|   /_/ \_\ |___/ |___/ |___| |___/ 

POST - Post comment
----------------------------------------------------------------------
]]></system-out>
  </testcase>
  <testcase name="GET - Get comment with correct endpoints" classname="Comment" time="0.243">
    <system-out><![CDATA[
Scenario: GET - Get comment with correct endpoints    &amp#27;[90m# src/test/resources/features/8. Comment.feature:12&amp#27;[0m
16:19:59.785 [main] DEBUG io.cucumber.core.plugin.SerenityReporter - Running feature from file:///C:/Users/WINDOWS%2010/Documents/GitHub/MiniProject_QE/API/minpro/src/test/resources/features/8.%20Comment.feature
16:19:59.788 [main] INFO  - 
  _____   ___   ___   _____     ___   _____     _     ___   _____   ___   ___  
 |_   _| | __| / __| |_   _|   / __| |_   _|   /_\   | _ \ |_   _| | __| |   \ 
   | |   | _|  \__ \   | |     \__ \   | |    / _ \  |   /   | |   | _|  | |) |
   |_|   |___| |___/   |_|     |___/   |_|   /_/ \_\ |_|_\   |_|   |___| |___/ 

GET - Get comment with correct endpoints(comment;get---get-comment-with-correct-endpoints)
--------------------------------------------------------------------------------
16:19:59.807 [main] DEBUG net.thucydides.core.steps.StepInterceptor - STARTING STEP: CommentSteps.setGetApiEndpointComment - I set GET api endpoints comment
16:19:59.808 [main] DEBUG net.thucydides.core.steps.StepInterceptor - STEP DONE: I set GET api endpoints comment
  &amp#27;[32mGiven &amp#27;[0m&amp#27;[32mI set GET api endpoints comment&amp#27;[0m               &amp#27;[90m# starter.stepdefinitions.CommentSteps.setGetApiEndpointComment()&amp#27;[0m
16:19:59.814 [main] DEBUG net.thucydides.core.steps.StepInterceptor - STARTING STEP: CommentSteps.sendGetHttpRequestComment - I send GET HTTP request comment
16:19:59.816 [main] DEBUG net.thucydides.core.steps.StepInterceptor - STARTING STEP: Comment.sendGetHttpRequestComment - I set GET api endpoints comment
16:19:59.816 [main] DEBUG net.thucydides.core.steps.StepInterceptor - STEP DONE: I set GET api endpoints comment
16:19:59.831 [main] DEBUG org.apache.http.impl.conn.BasicClientConnectionManager - Get connection for route {s}->https://altashop-api.fly.dev:443
16:19:59.831 [main] DEBUG org.apache.http.impl.conn.DefaultClientConnectionOperator - Connecting to altashop-api.fly.dev:443
16:19:59.952 [main] DEBUG org.apache.http.client.protocol.RequestAddCookies - CookieSpec selected: ignoreCookies
16:19:59.952 [main] DEBUG org.apache.http.client.protocol.RequestAuthCache - Auth cache not set in the context
16:19:59.952 [main] DEBUG org.apache.http.client.protocol.RequestTargetAuthentication - Target auth state: UNCHALLENGED
16:19:59.952 [main] DEBUG org.apache.http.client.protocol.RequestProxyAuthentication - Proxy auth state: UNCHALLENGED
16:19:59.952 [main] DEBUG org.apache.http.impl.client.DefaultHttpClient - Attempt 1 to execute request
16:19:59.952 [main] DEBUG org.apache.http.impl.conn.DefaultClientConnection - Sending request: GET /api/products/2/comments HTTP/1.1
16:19:59.952 [main] DEBUG org.apache.http.wire -  >> "GET /api/products/2/comments HTTP/1.1[\r][\n]"
16:19:59.952 [main] DEBUG org.apache.http.wire -  >> "Accept: */*[\r][\n]"
16:19:59.952 [main] DEBUG org.apache.http.wire -  >> "Host: altashop-api.fly.dev[\r][\n]"
16:19:59.952 [main] DEBUG org.apache.http.wire -  >> "Connection: Keep-Alive[\r][\n]"
16:19:59.952 [main] DEBUG org.apache.http.wire -  >> "User-Agent: Apache-HttpClient/4.5.13 (Java/15)[\r][\n]"
16:19:59.952 [main] DEBUG org.apache.http.wire -  >> "Accept-Encoding: gzip,deflate[\r][\n]"
16:19:59.952 [main] DEBUG org.apache.http.wire -  >> "[\r][\n]"
16:19:59.952 [main] DEBUG org.apache.http.headers - >> GET /api/products/2/comments HTTP/1.1
16:19:59.952 [main] DEBUG org.apache.http.headers - >> Accept: */*
16:19:59.952 [main] DEBUG org.apache.http.headers - >> Host: altashop-api.fly.dev
16:19:59.952 [main] DEBUG org.apache.http.headers - >> Connection: Keep-Alive
16:19:59.952 [main] DEBUG org.apache.http.headers - >> User-Agent: Apache-HttpClient/4.5.13 (Java/15)
16:19:59.952 [main] DEBUG org.apache.http.headers - >> Accept-Encoding: gzip,deflate
16:20:00.006 [main] DEBUG org.apache.http.wire -  << "HTTP/1.1 200 OK[\r][\n]"
16:20:00.006 [main] DEBUG org.apache.http.wire -  << "content-type: application/json[\r][\n]"
16:20:00.006 [main] DEBUG org.apache.http.wire -  << "date: Mon, 08 May 2023 09:20:01 GMT[\r][\n]"
16:20:00.006 [main] DEBUG org.apache.http.wire -  << "transfer-encoding: chunked[\r][\n]"
16:20:00.006 [main] DEBUG org.apache.http.wire -  << "content-encoding: gzip[\r][\n]"
16:20:00.006 [main] DEBUG org.apache.http.wire -  << "server: Fly/3f2597ca (2023-05-03)[\r][\n]"
16:20:00.006 [main] DEBUG org.apache.http.wire -  << "via: 1.1 fly.io[\r][\n]"
16:20:00.006 [main] DEBUG org.apache.http.wire -  << "fly-request-id: 01GZXAJ91FJ8Y2ZF4WV5XGV2P4-sin[\r][\n]"
16:20:00.006 [main] DEBUG org.apache.http.wire -  << "[\r][\n]"
16:20:00.006 [main] DEBUG org.apache.http.impl.conn.DefaultClientConnection - Receiving response: HTTP/1.1 200 OK
16:20:00.006 [main] DEBUG org.apache.http.headers - << HTTP/1.1 200 OK
16:20:00.006 [main] DEBUG org.apache.http.headers - << content-type: application/json
16:20:00.006 [main] DEBUG org.apache.http.headers - << date: Mon, 08 May 2023 09:20:01 GMT
16:20:00.006 [main] DEBUG org.apache.http.headers - << transfer-encoding: chunked
16:20:00.006 [main] DEBUG org.apache.http.headers - << content-encoding: gzip
16:20:00.006 [main] DEBUG org.apache.http.headers - << server: Fly/3f2597ca (2023-05-03)
16:20:00.006 [main] DEBUG org.apache.http.headers - << via: 1.1 fly.io
16:20:00.006 [main] DEBUG org.apache.http.headers - << fly-request-id: 01GZXAJ91FJ8Y2ZF4WV5XGV2P4-sin
16:20:00.006 [main] DEBUG org.apache.http.impl.client.DefaultHttpClient - Connection can be kept alive indefinitely
16:20:00.006 [main] DEBUG io.restassured.internal.RestAssuredHttpBuilder - Parsing response as: application/json
16:20:00.006 [main] DEBUG org.apache.http.wire -  << "11E[\r][\n]"
16:20:00.006 [main] DEBUG org.apache.http.wire -  << "[0x1f][0x8b][0x8][0x0][0x0][0x0][0x0][0x0][0x4][0xff][0xaa]VJI,IT[0xb2][0x8a][0xae]V[0xf2]tQ[0xb2]24056[0xd6]Qr[0xce][0xcf]+I[0xcd]+Q[0xb2]Rr[0xcc][0xc9]L,V[0xc8]LQH[0xc9],.[0xc9][0xcc]K.[0xc9][0xcc]W(N-,[0xcd]T(K-[0xca],I,[0xc9],[0xd6]S[0xd2]Q[\n]"
16:20:00.006 [main] DEBUG org.apache.http.wire -  << "-N-R[0xb2][0xca]+[0xcd][0xc9][0xd1]Q[\n]"
16:20:00.006 [main] DEBUG org.apache.http.wire -  << "([0xca]O)M.[0x81]q[0x9d][0xf3]ss[0xc1]f[0x81]dku[0x10][0xf6][0x98] [0xdb][0xe3][0x9c][0x9f][0x7]26[0xb1][0xa4][0xb4]H!'[0xb1]4%1[0xaf]$[0xb3]4W!7?'[0xb5][0xb8]$31U!1E![0xb5][0x84]\[0xab]L[0x91][0xad]*[0xc9]HUHO[0xcc]M-VH,JUH/JM,Q[0xc8][0xcc]K[0xce])M[0xc9][0xcc]KWp/J[0xcc]S[0x8])-[0xca],[0xce][0xcd]W0WH*-Q(NL[0xc9][0xa9]Tp[0xf]1Q[0xc8],V[0xc8]-M[0xce]PHJ-)I-"[0xd3][0xdf][0xe6][0x83][0xc9]1[0x16][0x83][0xc8]1&[0x6][0x83][0xc9]1[0x86][0x83][0xc9]1F[0xc8][0x8e][0xc9]T/)Vp+[0xca]LI[0xac]$/[0x9][0x9a][0xa0]d[0xf1][0x1][0xce][0xf]&4[0xcc][0x9c][0x0][0x0][0x0][0x0][0xff][0xff]"
16:20:00.006 [main] DEBUG org.apache.http.wire -  << "[\r][\n]"
16:20:00.006 [main] DEBUG org.apache.http.wire -  << "2EF[\r][\n]"
16:20:00.006 [main] DEBUG org.apache.http.wire -  << ""[0xb9]P2C)[0x94]([0xe]h[0xb3][0xc1][0xe4]7[0xf3][0xc1][0x94][0xbd][0xcc][0x7]S[0x12]4[0x1f]L[0xd1]da[0x89][0x9c][0xd7][0x7]8sZ[0xe][0xa2]R[0xd0][0xcc]`[0x10]%`3[0x83]A[0x14]Mf[0xc6]([0xf5][0xc3][0xc0][0xa6][0x19]3[0xb3][0xc1][0x14]Mf[0x83])[0x1][0x1b][0xf][0xa2]r[0xc6][0xcc][0x14][0xc5]1[0x94]Vuf[0xa6]f[0xc8][0xc5][0x16][0xe5][0xc6][0xa1][0xb4][0x92]]K[0x14]RK[0x14]R+[0x92]S[0xb]JJ[0x8b]2[0x15][\n]"
16:20:00.006 [main] DEBUG org.apache.http.wire -  << "K[0x13]S[0x8b][0x12]K[0x14][0xf2]232s[0x14][0xf2]S2K[0xe0]B[0xa0]^D&y[0xfd][0x4]3[0xd3]A[0xd4][0x1a]63[0x1d]L[0x5][0xc]j=[0xa0][0xa7][0xa7][0xa7][0x90][0xa8][0x90][0x9b][0x99][0x97][0xa2][0x90][0x97][0x9a][0x9a]R[0xac][0x90][0x94][0x9f][0x9f]][0xac][0x90]X[0xac][0x90][0xa8]P\[0x9e]_[0x4][0x13]NT([0xcf]H-).[0xc9][0xcf]K[0xd5]Q[0xc8]LS[0xc8],[0x1][0xf5][0xa0]J[0xf2][0x15][0xb2]SS[0xb][0x14]2K[0x8a][0x15]RS[0xd2]S[0xc9][0x8c],K[0x94]2/<3[0xaf]$[0xb5][0x8]d|r~nf^:[0xb9][0x86]R7[0x15][[0xa2][0xa4]b[0xc7][0xbc][0x14][0x85][0xe2]|[0x85][0x8c]T[0x85][0xe2][0x82][0xfc][0xec]T[0x1d][0x85]Dt[0x81][0x92][0x8c][0xc4][0x12][0x5][0x1f]P[0x0][0xe6][0xa7])8'[0x16][0x97]$[0xe6][0xa6][0x16][0xa5][0xea][0x80]{[0xa1]y[0xf9][0xe5][\n]"
16:20:00.006 [main] DEBUG org.apache.http.wire -  << "[0xa0][0x92][0xbd](13[0xaf]X[0xa1][0x1c][0x14][0x82][0xf9][0xea][0xa9]E[\n]"
16:20:00.006 [main] DEBUG org.apache.http.wire -  << "[0x19][0x99][0xc5][\n]"
16:20:00.006 [main] DEBUG org.apache.http.wire -  << "[0x19][0x89]99:[\n]"
16:20:00.006 [main] DEBUG org.apache.http.wire -  << "[0xe5][0x99]%[0x19][\n]"
16:20:00.006 [main] DEBUG org.apache.http.wire -  << "y[0xf9][\n]"
16:20:00.006 [main] DEBUG org.apache.http.wire -  << "[0xf9]y[0xa9] [0x95]E[0xa9][\n]"
16:20:00.006 [main] DEBUG org.apache.http.wire -  << "% [0xdb][0x12][0x8b][0xf4][0x14]"S[0x8b]u[0x14][0x8][0x9b][0x0]rP^~[0x9]([0x1a][0xf3]Ks[0xe0][0xda][0xc9][0xea]e[0x98]Y[0xa2]$`[0xea]D[0x90]9j[0x1b][0x0][0x14][0xa2][0x9e][\n]"
16:20:00.006 [main] DEBUG org.apache.http.wire -  << "[0x19][0x89]e[0xa9][\n]"
16:20:00.006 [main] DEBUG org.apache.http.wire -  << "[0x89][\n]"
16:20:00.006 [main] DEBUG org.apache.http.wire -  << "%[0xa9]y)[0xa9]E[0xa0][0xb0][0x5][0xf5][0xe7][0x15]r+[0x15]2R[0x13][0x8b]J[0x14][0xd2][0xf2][0x8b][0x14][0x92][0x8b]2[0xb][\n]"
16:20:00.006 [main] DEBUG org.apache.http.wire -  << "r@][0xfe][0xbc][0x14][0x85]$P[0xc0][0x16][0xa5][0x14][0x83][0xc3]?[0xa9](?;5O[0xa1]$#3/[0x9d][0xcc][0xa1][0xc]s[0x3][0x94]J&$#U[0xc1]/[0xbf][0xa8]$C[0xa1](5757)[0xb5][0x88]\s[\r]Q[0x8a]hP[0xe4][0xf][0xdc][0xb8][0x85][0xb9]!Jt[0xe][0xb0]cLP2[0xff]@;[0x6][0xa5][0xd3]8[0xd0][0x8e]A)[0xc1][0x6][0xda]1[0x83][0xa8]B57[0x1d]D[0xed]Rs[0xd3][0xc1][0x94][0x80]M[0x7]Qg[0xdc][0xdc]t0[0xe5]&[0xd4]F[0xf2][0x0][0xe7]&[0xd4]&[0xf6]@;[0x6][0xa5]i3[0xd0][0x8e][0x19]Lu[0xd3]`[0xea][0xff][0x9a][0x9b][\r][0xa6]r[0xc6]l0[0x95]3[0xa8]C[0xbd][0x3][0x9c][0x80][0xcd][0x6]S[0xad]m6[0x98]j[0xed][0xc1]4jm[0x8e]:j[0xed][0x93]X[0x9a][0x9e][0x1][0xed]u[0x16][0xe4]g[0x16][0xe7][0xe7][0x81]zLi[0xa9][0x89]E[0xe4][0xf5]>[0xcd][0x7][0xd3]8[0xb4][0xb9]9J[0x92]LLL$[0xab][0x17]hn>[0x98][0xea][0x9][0xb][0x94]&`pIiAj[0x1a]ysh[0xe6][0x16]h}[0xbe]RP[0xe7]3)[0xb3]([0x85][0xbc]`[0xb2]@)[0xa7][0x83][0x12][0xcb]R[0xf3][0x92]s[0x12][0xcb][0xc9]4[0xc][0xa5][0x9c]u/[0xaa]LK[0xcb][0xcc]K[0xc9]'o[0xc2][0xda][0xdc]b05[0xc8],PR[0xe5][0x0][0x97][0xda][0x16][0x83][0xa9][0xa0][0xb4]DI[0xdb][0x3][0x1c]2[0xa8][0xe3][0x85][0x3][0xed][0x98]A[0xd4]:[0xb4]0@[0xc9][0xe8][0x3][0x1b]2[0x16][0x6][0x83](k[[0x18]P[0xb4][0xb][0x0][0x0][0x0][0xff][0xff]"
16:20:00.006 [main] DEBUG org.apache.http.wire -  << "[\r][\n]"
16:20:00.007 [main] DEBUG org.apache.http.wire -  << "2CA[\r][\n]"
16:20:00.007 [main] DEBUG org.apache.http.wire -  << ""{[0x95][0x8e][0x85][0xc1] [0xaa][0xb6],[0xc][0x7]Q[0xd6][0xb6]0D[0xa9][0xf8][0x6]8[0x1][0x1b][0xe][0xa6][0xdc]d8[0x98]r[0xd3]`[0x1a];[0xb6]0[0x1c]T[0xb9]i0U[0x7]F[0x83])7[0x19][0xa1]DS@ivyiJzf*Y[0x8d]P[0xb][0xa3]A[0xd4]8[0xb2]0[0x1e]L%[0xe8]`Z[0xad]aa<[0x98][\n]"
16:20:00.007 [main] DEBUG org.apache.http.wire -  << "-[0xe3]A[0xd4][0xba][0xb7]0[0x1e]L[0x9]x0[0xad][0x8d][0xb5][0x18]L[0xb3]o[0x16]&[0x83])[0x1][0x9b][0xc][0xa6][0x4]l2[0x98][0x12][0xf0]`[0x9a]}[0xb3][0x18]L[0xb3]o[0x16][0x83]i[0xc2][0xcb]b0[0xcd]1Y[0xc][0xa6][0xf5]X[0x16][0x83]i=[0x96][0xc5]`[0x9a]I[0xb1]0Ci6[0xe]p[0x8f][0xd0]l0[0xb5][0xee][0xcd][0x7]S[0xeb][0x1e]u[0xf2]b[0x80][0xa3][0xc9]|0[0xd5][0xda][0x83]i[0xde][0xc5]b0M[0x98]X[0x98][0xf][0xa6][0xdc][0x84]:[0xe5]2[0xc0][0x9][0xd8][0x2]e[0x8e]e[0xa0][0x1d]3[0x98][0x86]N-[0x6]Su0[0x98]v[0xd3]X[0xc][0xa6]Y[0x11][0xb][0xd4][0xf5][0xd3][0xfe][0xc9][0xc9][0x89][0xa9][0xc9][0x89]%[0x99][\n]"
16:20:00.007 [main] DEBUG org.apache.http.wire -  << "[0xa9][0x89]E([0x1b]o[0xb]K3[0x13][0x15][0xca][0xf2]sJ[0xb]J[0x12][0x8b][0x15][0xc0]<[0xd0][0xf6][0xdf][0xbc][0xd4][0xdc]|[0xf2][0xa6][0xb9]-,[0x7]S[0xd9]o9[0x98]:I[0xa8]K[0xa6][0x7][0xb6]P[0xb1]D]j=[0xd0][0x8e][0x19]D-)K[0x83]AT[0xf6][[0x1a][0xc][0xa2][0x4]l9[0x98]f[0xaa],[0x7][0xd3][0x8a]uK[0xa3]A4[0x2]m9[0x98]f[0x1d],[0x8d][0x6][0xd1][0x1c][0x9e][0xa5][0xd1]`[0xca][0xda]F[0x83][0xa8][0xa2][0xb4]4[0x1a]DmLK[0xa3]A4[0xce]j[0x89]:m6[0xc0][0x15][0xe5]`[0x9a]v[0xb3]4[0x1e]L[0xb5][0xf6]`[0x9a]v[0xb3][0x1c]L[[0x81]-[0x8d][0x7]Q[0x8f][0xcd]r0M[0xbb]Y[0xe][0xa6][0x93]R,[0x7][0xd3]L[0x97][0xe5]`:[0xb6][0xc5]r0M[0xbb]Y[0x9a][0xc][0xa6][0xdc]4[0x98][0xe6][0x0]-M[0x6][0xd1]h[0xa2][0xe5]`[0x9a][0x90][0xb4]4[0x1d]L[0x15][0xe5]`[0x9a][0x1d][0xb5][0x1c]L{[0x13]-[0x7][0xd3]T[0xad][0xe5]`[0xda][0x9b]h9[0x98][0xe6][0x8d]-M[0x7]S[0x9]<[0x98]&[0xb1]-[0x7][0xd3]$[0xb6][0xe5]`[0xda](i[0x89][0xba][0x3]/<1[0xb7][0xa0][0xb4][0x98][0xac][0x85][0x8f][0x96][0x83]i:[0xdc][0x12]u/_pNeIFjQf[0x1e][0x99]>[0xa3]V[0xfd][0x9d]X\[\n]"
16:20:00.007 [main] DEBUG org.apache.http.wire -  << ":[0xaa][0x85][0xd2][0xb3]4-[0x7][0xd3][0xe6]@K[0xd4][0xcd]e[0x3]<[0xc][0x80]:[0xef]EQ[0xbc][0x1b][0x1a][0x18][0xc][0x9e][0xd1][0x16]C[0x83]A[0xb4][0xff][0xc0][0xd0]`[0x10][0xed]?04[0x18]D[0xfb][0xf][0xc][\r][0xc][0x7]S[0x9a]A[0x1d].[0xa4]hw[0xa5][0xa1][0xc1] [0xda][0x1a]dh`8x[0xc6][0xab][\r][\r][0x6][0xd1][0xd8][0xa3][0xa1][0x81][0x11]Je[0x95][0x93]ZP[0x92]_[0xa0][0x90][Z[0x94][0x98]AN[0xe5]gh0[0x88][0x16]=[0x1b][0x1a][0xc][0xa2]q)C[0x83]A4.eh0[0x88][0xc6][0xa5][0xc][\r][0x6][0xd1][0xb8][0x94][0xa1][0xc1] [0x1a][0x97]24[0x18]D[0xe3]R[0x86][0x6][0x83]h\[0xca][0xd0]`[0x10][0x8d]K[0x19][0x1a][0xc][0xa2]q)C[0x83]A4.eh0[0x88]F_[0xc][\r][0x6][0xd1][0x18][0x83][0xa1][0xc1] :[0xf4][0xdc][0xd0]`[0x10][0xf5][0x10][\r][\r][0x6][0xd1]rpC[0x3][0xf3][0xc1][0xb3][0xec][0xc2][0xd0][0x80]Fk[0xd3][0x1][0x0][0x0][0x0][0xff][0xff]"
16:20:00.007 [main] DEBUG org.apache.http.wire -  << "[\r][\n]"
16:20:00.007 [main] DEBUG org.apache.http.wire -  << "E5[\r][\n]"
16:20:00.007 [main] DEBUG org.apache.http.wire -  << ""[0xaf][0xa5][0x87]z[0xf2][0xcd][0x80]v[0xe4][\r][\r][0x6][0xd1]rpC[0x3]s[0x94][0xb5]f[0x8e]%[0x85][0xa5][0xa9][0x90][0xd3][0x97]S+R[0x8b][0x92][0xc1][0xd7][0xc1][0xe4][0xe7][0xa5][0xe6]*[0xa4]&*[0x94][0x96]([0x94][0xa4][0xe6][0x16][0xe4][0x17]e&[0x95][0x16]+d[0xe6])[0x14][0x97][0x16]'g[0x16]d[0x92]w[0x87][0x8b][0xa1][0xc1] Z[0x89]nh0[0x88][0x86]z[0xc][\r][0x6][0xd1][0x91]8[0x86][0x6][0x83]h[0xf1][0xb7][0xa1][0xc1] :[0x9f][0xc7][0xd0]`[0x10][0x9d][0xcf]ch`9[0x98][0x86][\r][0x6][0xd1][0xaa]gC[0xc3]At>[0x8f][0xa1][0xe1] Zhlh8[0x88][0xe][0xb]24[0x1c]LC[0xd2][0x86][0x83]h[0xd5][0xb3][0xa1][0xe1]`[0x1a][0x1f]7[0x1c]T[0xe3][0xe3][0x83]h[0xfb][0x8d][0xa1][0x1][0xea][0xf6][0x9b][0x1]nd[0xe][0xa2][0x1d]9[0x86][0x6][0x96][0x83]i[0xe6][0x0][0xf5][0x6][0x87][0x81][0x8e]&[0x94][0xe6][0xf7][0xc0]:[0xc6]p[0x10]m[0xf]24D[0xbd][0x81]a[0xa0]Cf[0xf0],?14[0x1c]D[0xdb][0x83][0xc][\r][0x7][0xc1]1L[0xb1][0xb5]\[0x0][0x0][0x0][0x0][0xff][0xff]"
16:20:00.007 [main] DEBUG org.apache.http.wire -  << "[\r][\n]"
16:20:00.007 [main] DEBUG org.apache.http.wire -  << "A[\r][\n]"
16:20:00.007 [main] DEBUG org.apache.http.wire -  << "[0x3][0x0][0xcf][0x96][0x97][0xb4][0xf4]t[0x0][0x0]"
16:20:00.007 [main] DEBUG org.apache.http.wire -  << "[\r][\n]"
16:20:00.007 [main] DEBUG org.apache.http.wire -  << "0[\r][\n]"
16:20:00.007 [main] DEBUG org.apache.http.wire -  << "[\r][\n]"
16:20:00.007 [main] DEBUG io.restassured.internal.RestAssuredHttpBuilder - Parsed data to instance of: class org.apache.http.conn.EofSensorInputStream
16:20:00.008 [main] DEBUG org.apache.http.impl.conn.BasicClientConnectionManager - Releasing connection org.apache.http.impl.conn.ManagedClientConnectionImpl@3203a4ae
16:20:00.008 [main] DEBUG org.apache.http.impl.conn.BasicClientConnectionManager - Connection can be kept alive indefinitely
16:20:00.014 [main] DEBUG net.thucydides.core.steps.StepInterceptor - STEP DONE: I send GET HTTP request comment
  &amp#27;[32mWhen &amp#27;[0m&amp#27;[32mI send GET HTTP request comment&amp#27;[0m                &amp#27;[90m# starter.stepdefinitions.CommentSteps.sendGetHttpRequestComment()&amp#27;[0m
16:20:00.019 [main] DEBUG net.thucydides.core.steps.StepInterceptor - STARTING STEP: CommentSteps.receiveValidHttp200Rating - I receive valid HTTP response code 200 comment
16:20:00.019 [main] DEBUG net.thucydides.core.steps.StepInterceptor - STEP DONE: I receive valid HTTP response code 200 comment
  &amp#27;[32mThen &amp#27;[0m&amp#27;[32mI receive valid HTTP response code 200 comment&amp#27;[0m &amp#27;[90m# starter.stepdefinitions.CommentSteps.receiveValidHttp200Rating()&amp#27;[0m
16:20:00.023 [main] INFO  - 
  _____   ___   ___   _____     ___     _     ___   ___   ___   ___  
 |_   _| | __| / __| |_   _|   | _ \   /_\   / __| / __| | __| |   \ 
   | |   | _|  \__ \   | |     |  _/  / _ \  \__ \ \__ \ | _|  | |) |
   |_|   |___| |___/   |_|     |_|   /_/ \_\ |___/ |___/ |___| |___/ 

GET - Get comment with correct endpoints
----------------------------------------------------------------------
]]></system-out>
  </testcase>
  <testcase name="Get comment with incorrect endpoints" classname="Comment" time="0.352">
    <system-out><![CDATA[
Scenario: Get comment with incorrect endpoints        &amp#27;[90m# src/test/resources/features/8. Comment.feature:17&amp#27;[0m
16:20:00.029 [main] DEBUG io.cucumber.core.plugin.SerenityReporter - Running feature from file:///C:/Users/WINDOWS%2010/Documents/GitHub/MiniProject_QE/API/minpro/src/test/resources/features/8.%20Comment.feature
16:20:00.034 [main] INFO  - 
  _____   ___   ___   _____     ___   _____     _     ___   _____   ___   ___  
 |_   _| | __| / __| |_   _|   / __| |_   _|   /_\   | _ \ |_   _| | __| |   \ 
   | |   | _|  \__ \   | |     \__ \   | |    / _ \  |   /   | |   | _|  | |) |
   |_|   |___| |___/   |_|     |___/   |_|   /_/ \_\ |_|_\   |_|   |___| |___/ 

Get comment with incorrect endpoints(comment;get-comment-with-incorrect-endpoints)
--------------------------------------------------------------------------------
16:20:00.054 [main] DEBUG net.thucydides.core.steps.StepInterceptor - STARTING STEP: CommentSteps.setGetApiEndpointComment2 - I set GET api endpoints comment2
16:20:00.055 [main] DEBUG net.thucydides.core.steps.StepInterceptor - STEP DONE: I set GET api endpoints comment2
  &amp#27;[32mGiven &amp#27;[0m&amp#27;[32mI set GET api endpoints comment2&amp#27;[0m              &amp#27;[90m# starter.stepdefinitions.CommentSteps.setGetApiEndpointComment2()&amp#27;[0m
16:20:00.061 [main] DEBUG net.thucydides.core.steps.StepInterceptor - STARTING STEP: CommentSteps.sendGetHttpRequestComment2 - I send GET HTTP request comment2
16:20:00.063 [main] DEBUG net.thucydides.core.steps.StepInterceptor - STARTING STEP: Comment.sendGetHttpRequestComment2 - I set GET api endpoints comment2
16:20:00.064 [main] DEBUG net.thucydides.core.steps.StepInterceptor - STEP DONE: I set GET api endpoints comment2
16:20:00.109 [main] DEBUG org.apache.http.impl.conn.BasicClientConnectionManager - Get connection for route {s}->https://altashop-api.fly.dev:443
16:20:00.110 [main] DEBUG org.apache.http.impl.conn.DefaultClientConnectionOperator - Connecting to altashop-api.fly.dev:443
16:20:00.287 [main] DEBUG org.apache.http.client.protocol.RequestAddCookies - CookieSpec selected: ignoreCookies
16:20:00.287 [main] DEBUG org.apache.http.client.protocol.RequestAuthCache - Auth cache not set in the context
16:20:00.287 [main] DEBUG org.apache.http.client.protocol.RequestTargetAuthentication - Target auth state: UNCHALLENGED
16:20:00.287 [main] DEBUG org.apache.http.client.protocol.RequestProxyAuthentication - Proxy auth state: UNCHALLENGED
16:20:00.287 [main] DEBUG org.apache.http.impl.client.DefaultHttpClient - Attempt 1 to execute request
16:20:00.287 [main] DEBUG org.apache.http.impl.conn.DefaultClientConnection - Sending request: GET /api/products/2/comment HTTP/1.1
16:20:00.287 [main] DEBUG org.apache.http.wire -  >> "GET /api/products/2/comment HTTP/1.1[\r][\n]"
16:20:00.287 [main] DEBUG org.apache.http.wire -  >> "Accept: */*[\r][\n]"
16:20:00.287 [main] DEBUG org.apache.http.wire -  >> "Host: altashop-api.fly.dev[\r][\n]"
16:20:00.287 [main] DEBUG org.apache.http.wire -  >> "Connection: Keep-Alive[\r][\n]"
16:20:00.287 [main] DEBUG org.apache.http.wire -  >> "User-Agent: Apache-HttpClient/4.5.13 (Java/15)[\r][\n]"
16:20:00.287 [main] DEBUG org.apache.http.wire -  >> "Accept-Encoding: gzip,deflate[\r][\n]"
16:20:00.287 [main] DEBUG org.apache.http.wire -  >> "[\r][\n]"
16:20:00.287 [main] DEBUG org.apache.http.headers - >> GET /api/products/2/comment HTTP/1.1
16:20:00.287 [main] DEBUG org.apache.http.headers - >> Accept: */*
16:20:00.287 [main] DEBUG org.apache.http.headers - >> Host: altashop-api.fly.dev
16:20:00.287 [main] DEBUG org.apache.http.headers - >> Connection: Keep-Alive
16:20:00.287 [main] DEBUG org.apache.http.headers - >> User-Agent: Apache-HttpClient/4.5.13 (Java/15)
16:20:00.287 [main] DEBUG org.apache.http.headers - >> Accept-Encoding: gzip,deflate
16:20:00.366 [main] DEBUG org.apache.http.wire -  << "HTTP/1.1 404 Not Found[\r][\n]"
16:20:00.366 [main] DEBUG org.apache.http.wire -  << "date: Mon, 08 May 2023 09:20:01 GMT[\r][\n]"
16:20:00.366 [main] DEBUG org.apache.http.wire -  << "content-encoding: gzip[\r][\n]"
16:20:00.366 [main] DEBUG org.apache.http.wire -  << "content-type: text/plain; charset=utf-8[\r][\n]"
16:20:00.366 [main] DEBUG org.apache.http.wire -  << "transfer-encoding: chunked[\r][\n]"
16:20:00.366 [main] DEBUG org.apache.http.wire -  << "server: Fly/3f2597ca (2023-05-03)[\r][\n]"
16:20:00.366 [main] DEBUG org.apache.http.wire -  << "via: 1.1 fly.io[\r][\n]"
16:20:00.366 [main] DEBUG org.apache.http.wire -  << "fly-request-id: 01GZXAJ9BY7JHXWPVWXS4X342J-sin[\r][\n]"
16:20:00.366 [main] DEBUG org.apache.http.wire -  << "[\r][\n]"
16:20:00.366 [main] DEBUG org.apache.http.impl.conn.DefaultClientConnection - Receiving response: HTTP/1.1 404 Not Found
16:20:00.366 [main] DEBUG org.apache.http.headers - << HTTP/1.1 404 Not Found
16:20:00.366 [main] DEBUG org.apache.http.headers - << date: Mon, 08 May 2023 09:20:01 GMT
16:20:00.366 [main] DEBUG org.apache.http.headers - << content-encoding: gzip
16:20:00.366 [main] DEBUG org.apache.http.headers - << content-type: text/plain; charset=utf-8
16:20:00.366 [main] DEBUG org.apache.http.headers - << transfer-encoding: chunked
16:20:00.366 [main] DEBUG org.apache.http.headers - << server: Fly/3f2597ca (2023-05-03)
16:20:00.366 [main] DEBUG org.apache.http.headers - << via: 1.1 fly.io
16:20:00.366 [main] DEBUG org.apache.http.headers - << fly-request-id: 01GZXAJ9BY7JHXWPVWXS4X342J-sin
16:20:00.366 [main] DEBUG org.apache.http.impl.client.DefaultHttpClient - Connection can be kept alive indefinitely
16:20:00.366 [main] DEBUG io.restassured.internal.RestAssuredHttpBuilder - Parsing response as: text/plain; charset=utf-8
16:20:00.366 [main] DEBUG org.apache.http.wire -  << "1E[\r][\n]"
16:20:00.366 [main] DEBUG org.apache.http.wire -  << "[0x1f][0x8b][0x8][0x0][0x0][0x0][0x0][0x0][0x4][0xff][0xcb][0xcb]/QH[0xcb]/[0xcd]K[0xe1][0x2][0x0][0xd4]I[0xfa]r[\n]"
16:20:00.366 [main] DEBUG org.apache.http.wire -  << "[0x0][0x0][0x0]"
16:20:00.366 [main] DEBUG org.apache.http.wire -  << "[\r][\n]"
16:20:00.366 [main] DEBUG org.apache.http.wire -  << "0[\r][\n]"
16:20:00.366 [main] DEBUG org.apache.http.wire -  << "[\r][\n]"
16:20:00.366 [main] DEBUG io.restassured.internal.RestAssuredHttpBuilder - Parsed data to instance of: class org.apache.http.conn.EofSensorInputStream
16:20:00.367 [main] DEBUG org.apache.http.impl.conn.BasicClientConnectionManager - Releasing connection org.apache.http.impl.conn.ManagedClientConnectionImpl@570ede3b
16:20:00.367 [main] DEBUG org.apache.http.impl.conn.BasicClientConnectionManager - Connection can be kept alive indefinitely
16:20:00.368 [main] DEBUG net.thucydides.core.steps.StepInterceptor - STEP DONE: I send GET HTTP request comment2
  &amp#27;[32mWhen &amp#27;[0m&amp#27;[32mI send GET HTTP request comment2&amp#27;[0m               &amp#27;[90m# starter.stepdefinitions.CommentSteps.sendGetHttpRequestComment2()&amp#27;[0m
16:20:00.372 [main] DEBUG net.thucydides.core.steps.StepInterceptor - STARTING STEP: CommentSteps.receiveValidHttp404Rating - Then I receive valid HTTP response code 404 comment
16:20:00.372 [main] DEBUG net.thucydides.core.steps.StepInterceptor - STEP DONE: Then I receive valid HTTP response code 404 comment
  &amp#27;[32mThen &amp#27;[0m&amp#27;[32mI receive valid HTTP response code 404 comment&amp#27;[0m &amp#27;[90m# starter.stepdefinitions.CommentSteps.receiveValidHttp404Rating()&amp#27;[0m
16:20:00.374 [main] INFO  - 
  _____   ___   ___   _____     ___     _     ___   ___   ___   ___  
 |_   _| | __| / __| |_   _|   | _ \   /_\   / __| / __| | __| |   \ 
   | |   | _|  \__ \   | |     |  _/  / _ \  \__ \ \__ \ | _|  | |) |
   |_|   |___| |___/   |_|     |_|   /_/ \_\ |___/ |___/ |___| |___/ 

Get comment with incorrect endpoints
----------------------------------------------------------------------
]]></system-out>
  </testcase>
</testsuite>