<?xml version="1.0" encoding="UTF-8"?>
<testsuite xmlns:xsi="http://www.w3.org/2001/XMLSchema-instance" xsi:noNamespaceSchemaLocation="https://maven.apache.org/surefire/maven-failsafe-plugin/xsd/failsafe-test-report-3.0.xsd" version="3.0" name="starter.CucumberTestSuite" time="137.945" tests="22" errors="0" skipped="0" failures="0">
  <properties>
    <property name="java.specification.version" value="15"/>
    <property name="webdriver.chrome.driver" value="src/test/resources/webdriver/chromedriver.exe"/>
    <property name="sun.cpu.isalist" value="amd64"/>
    <property name="sun.jnu.encoding" value="Cp1252"/>
    <property name="java.class.path" value="C:\Users\WINDOWS 10\Documents\GitHub\MiniProject_QE\Web\code\minpro\target\test-classes;C:\Users\WINDOWS 10\.m2\repository\net\serenity-bdd\serenity-rest-assured\3.6.22\serenity-rest-assured-3.6.22.jar;C:\Users\WINDOWS 10\.m2\repository\org\apache\httpcomponents\httpclient\4.5.13\httpclient-4.5.13.jar;C:\Users\WINDOWS 10\.m2\repository\org\apache\httpcomponents\httpcore\4.4.13\httpcore-4.4.13.jar;C:\Users\WINDOWS 10\.m2\repository\commons-logging\commons-logging\1.2\commons-logging-1.2.jar;C:\Users\WINDOWS 10\.m2\repository\io\rest-assured\rest-assured\5.3.0\rest-assured-5.3.0.jar;C:\Users\WINDOWS 10\.m2\repository\org\apache\httpcomponents\httpmime\4.5.13\httpmime-4.5.13.jar;C:\Users\WINDOWS 10\.m2\repository\org\ccil\cowan\tagsoup\tagsoup\1.2.1\tagsoup-1.2.1.jar;C:\Users\WINDOWS 10\.m2\repository\io\rest-assured\json-path\5.3.0\json-path-5.3.0.jar;C:\Users\WINDOWS 10\.m2\repository\io\rest-assured\rest-assured-common\5.3.0\rest-assured-common-5.3.0.jar;C:\Users\WINDOWS 10\.m2\repository\io\rest-assured\xml-path\5.3.0\xml-path-5.3.0.jar;C:\Users\WINDOWS 10\.m2\repository\org\apache\groovy\groovy-json\4.0.10\groovy-json-4.0.10.jar;C:\Users\WINDOWS 10\.m2\repository\org\apache\groovy\groovy-xml\4.0.10\groovy-xml-4.0.10.jar;C:\Users\WINDOWS 10\.m2\repository\org\apache\groovy\groovy\4.0.10\groovy-4.0.10.jar;C:\Users\WINDOWS 10\.m2\repository\org\opentest4j\opentest4j\1.2.0\opentest4j-1.2.0.jar;C:\Users\WINDOWS 10\.m2\repository\net\serenity-bdd\serenity-core\3.6.21\serenity-core-3.6.21.jar;C:\Users\WINDOWS 10\.m2\repository\net\serenity-bdd\serenity-model\3.6.21\serenity-model-3.6.21.jar;C:\Users\WINDOWS 10\.m2\repository\org\apache\commons\commons-text\1.10.0\commons-text-1.10.0.jar;C:\Users\WINDOWS 10\.m2\repository\commons-net\commons-net\3.9.0\commons-net-3.9.0.jar;C:\Users\WINDOWS 10\.m2\repository\com\google\guava\guava\31.1-jre\guava-31.1-jre.jar;C:\Users\WINDOWS 10\.m2\repository\com\google\guava\failureaccess\1.0.1\failureaccess-1.0.1.jar;C:\Users\WINDOWS 10\.m2\repository\com\google\guava\listenablefuture\9999.0-empty-to-avoid-conflict-with-guava\listenablefuture-9999.0-empty-to-avoid-conflict-with-guava.jar;C:\Users\WINDOWS 10\.m2\repository\com\google\code\findbugs\jsr305\3.0.2\jsr305-3.0.2.jar;C:\Users\WINDOWS 10\.m2\repository\org\checkerframework\checker-qual\3.12.0\checker-qual-3.12.0.jar;C:\Users\WINDOWS 10\.m2\repository\com\google\errorprone\error_prone_annotations\2.11.0\error_prone_annotations-2.11.0.jar;C:\Users\WINDOWS 10\.m2\repository\com\google\j2objc\j2objc-annotations\1.3\j2objc-annotations-1.3.jar;C:\Users\WINDOWS 10\.m2\repository\com\google\inject\guice\5.1.0\guice-5.1.0.jar;C:\Users\WINDOWS 10\.m2\repository\javax\inject\javax.inject\1\javax.inject-1.jar;C:\Users\WINDOWS 10\.m2\repository\aopalliance\aopalliance\1.0\aopalliance-1.0.jar;C:\Users\WINDOWS 10\.m2\repository\org\jsoup\jsoup\1.14.3\jsoup-1.14.3.jar;C:\Users\WINDOWS 10\.m2\repository\com\thoughtworks\xstream\xstream\1.4.20\xstream-1.4.20.jar;C:\Users\WINDOWS 10\.m2\repository\io\github\x-stream\mxparser\1.2.2\mxparser-1.2.2.jar;C:\Users\WINDOWS 10\.m2\repository\xmlpull\xmlpull\1.1.3.1\xmlpull-1.1.3.1.jar;C:\Users\WINDOWS 10\.m2\repository\com\typesafe\config\1.4.2\config-1.4.2.jar;C:\Users\WINDOWS 10\.m2\repository\org\imgscalr\imgscalr-lib\4.2\imgscalr-lib-4.2.jar;C:\Users\WINDOWS 10\.m2\repository\org\awaitility\awaitility\4.2.0\awaitility-4.2.0.jar;C:\Users\WINDOWS 10\.m2\repository\org\freemarker\freemarker\2.3.31\freemarker-2.3.31.jar;C:\Users\WINDOWS 10\.m2\repository\io\github\classgraph\classgraph\4.8.138\classgraph-4.8.138.jar;C:\Users\WINDOWS 10\.m2\repository\net\sourceforge\jexcelapi\jxl\2.6.12\jxl-2.6.12.jar;C:\Users\WINDOWS 10\.m2\repository\net\bytebuddy\byte-buddy-agent\1.14.2\byte-buddy-agent-1.14.2.jar;C:\Users\WINDOWS 10\.m2\repository\org\objenesis\objenesis\3.3\objenesis-3.3.jar;C:\Users\WINDOWS 10\.m2\repository\net\serenity-bdd\serenity-reports\3.6.21\serenity-reports-3.6.21.jar;C:\Users\WINDOWS 10\.m2\repository\net\serenity-bdd\serenity-stats\3.6.21\serenity-stats-3.6.21.jar;C:\Users\WINDOWS 10\.m2\repository\net\serenity-bdd\serenity-reports-configuration\3.6.21\serenity-reports-configuration-3.6.21.jar;C:\Users\WINDOWS 10\.m2\repository\com\vladsch\flexmark\flexmark-all\0.62.2\flexmark-all-0.62.2.jar;C:\Users\WINDOWS 10\.m2\repository\com\vladsch\flexmark\flexmark\0.62.2\flexmark-0.62.2.jar;C:\Users\WINDOWS 10\.m2\repository\com\vladsch\flexmark\flexmark-ext-abbreviation\0.62.2\flexmark-ext-abbreviation-0.62.2.jar;C:\Users\WINDOWS 10\.m2\repository\com\vladsch\flexmark\flexmark-util\0.62.2\flexmark-util-0.62.2.jar;C:\Users\WINDOWS 10\.m2\repository\com\vladsch\flexmark\flexmark-ext-admonition\0.62.2\flexmark-ext-admonition-0.62.2.jar;C:\Users\WINDOWS 10\.m2\repository\com\vladsch\flexmark\flexmark-ext-anchorlink\0.62.2\flexmark-ext-anchorlink-0.62.2.jar;C:\Users\WINDOWS 10\.m2\repository\com\vladsch\flexmark\flexmark-ext-aside\0.62.2\flexmark-ext-aside-0.62.2.jar;C:\Users\WINDOWS 10\.m2\repository\com\vladsch\flexmark\flexmark-ext-attributes\0.62.2\flexmark-ext-attributes-0.62.2.jar;C:\Users\WINDOWS 10\.m2\repository\com\vladsch\flexmark\flexmark-ext-autolink\0.62.2\flexmark-ext-autolink-0.62.2.jar;C:\Users\WINDOWS 10\.m2\repository\org\nibor\autolink\autolink\0.6.0\autolink-0.6.0.jar;C:\Users\WINDOWS 10\.m2\repository\com\vladsch\flexmark\flexmark-ext-definition\0.62.2\flexmark-ext-definition-0.62.2.jar;C:\Users\WINDOWS 10\.m2\repository\com\vladsch\flexmark\flexmark-ext-emoji\0.62.2\flexmark-ext-emoji-0.62.2.jar;C:\Users\WINDOWS 10\.m2\repository\com\vladsch\flexmark\flexmark-ext-enumerated-reference\0.62.2\flexmark-ext-enumerated-reference-0.62.2.jar;C:\Users\WINDOWS 10\.m2\repository\com\vladsch\flexmark\flexmark-ext-escaped-character\0.62.2\flexmark-ext-escaped-character-0.62.2.jar;C:\Users\WINDOWS 10\.m2\repository\com\vladsch\flexmark\flexmark-ext-footnotes\0.62.2\flexmark-ext-footnotes-0.62.2.jar;C:\Users\WINDOWS 10\.m2\repository\com\vladsch\flexmark\flexmark-ext-gfm-issues\0.62.2\flexmark-ext-gfm-issues-0.62.2.jar;C:\Users\WINDOWS 10\.m2\repository\com\vladsch\flexmark\flexmark-ext-gfm-strikethrough\0.62.2\flexmark-ext-gfm-strikethrough-0.62.2.jar;C:\Users\WINDOWS 10\.m2\repository\com\vladsch\flexmark\flexmark-ext-gfm-tasklist\0.62.2\flexmark-ext-gfm-tasklist-0.62.2.jar;C:\Users\WINDOWS 10\.m2\repository\com\vladsch\flexmark\flexmark-ext-gfm-users\0.62.2\flexmark-ext-gfm-users-0.62.2.jar;C:\Users\WINDOWS 10\.m2\repository\com\vladsch\flexmark\flexmark-ext-gitlab\0.62.2\flexmark-ext-gitlab-0.62.2.jar;C:\Users\WINDOWS 10\.m2\repository\com\vladsch\flexmark\flexmark-ext-jekyll-front-matter\0.62.2\flexmark-ext-jekyll-front-matter-0.62.2.jar;C:\Users\WINDOWS 10\.m2\repository\com\vladsch\flexmark\flexmark-ext-jekyll-tag\0.62.2\flexmark-ext-jekyll-tag-0.62.2.jar;C:\Users\WINDOWS 10\.m2\repository\com\vladsch\flexmark\flexmark-ext-media-tags\0.62.2\flexmark-ext-media-tags-0.62.2.jar;C:\Users\WINDOWS 10\.m2\repository\com\vladsch\flexmark\flexmark-ext-macros\0.62.2\flexmark-ext-macros-0.62.2.jar;C:\Users\WINDOWS 10\.m2\repository\com\vladsch\flexmark\flexmark-ext-ins\0.62.2\flexmark-ext-ins-0.62.2.jar;C:\Users\WINDOWS 10\.m2\repository\com\vladsch\flexmark\flexmark-ext-xwiki-macros\0.62.2\flexmark-ext-xwiki-macros-0.62.2.jar;C:\Users\WINDOWS 10\.m2\repository\com\vladsch\flexmark\flexmark-ext-superscript\0.62.2\flexmark-ext-superscript-0.62.2.jar;C:\Users\WINDOWS 10\.m2\repository\com\vladsch\flexmark\flexmark-ext-tables\0.62.2\flexmark-ext-tables-0.62.2.jar;C:\Users\WINDOWS 10\.m2\repository\com\vladsch\flexmark\flexmark-ext-toc\0.62.2\flexmark-ext-toc-0.62.2.jar;C:\Users\WINDOWS 10\.m2\repository\com\vladsch\flexmark\flexmark-ext-typographic\0.62.2\flexmark-ext-typographic-0.62.2.jar;C:\Users\WINDOWS 10\.m2\repository\com\vladsch\flexmark\flexmark-ext-wikilink\0.62.2\flexmark-ext-wikilink-0.62.2.jar;C:\Users\WINDOWS 10\.m2\repository\com\vladsch\flexmark\flexmark-ext-yaml-front-matter\0.62.2\flexmark-ext-yaml-front-matter-0.62.2.jar;C:\Users\WINDOWS 10\.m2\repository\com\vladsch\flexmark\flexmark-ext-youtube-embedded\0.62.2\flexmark-ext-youtube-embedded-0.62.2.jar;C:\Users\WINDOWS 10\.m2\repository\com\vladsch\flexmark\flexmark-html2md-converter\0.62.2\flexmark-html2md-converter-0.62.2.jar;C:\Users\WINDOWS 10\.m2\repository\com\vladsch\flexmark\flexmark-jira-converter\0.62.2\flexmark-jira-converter-0.62.2.jar;C:\Users\WINDOWS 10\.m2\repository\com\vladsch\flexmark\flexmark-pdf-converter\0.62.2\flexmark-pdf-converter-0.62.2.jar;C:\Users\WINDOWS 10\.m2\repository\com\openhtmltopdf\openhtmltopdf-core\1.0.0\openhtmltopdf-core-1.0.0.jar;C:\Users\WINDOWS 10\.m2\repository\com\openhtmltopdf\openhtmltopdf-pdfbox\1.0.0\openhtmltopdf-pdfbox-1.0.0.jar;C:\Users\WINDOWS 10\.m2\repository\org\apache\pdfbox\pdfbox\2.0.16\pdfbox-2.0.16.jar;C:\Users\WINDOWS 10\.m2\repository\org\apache\pdfbox\fontbox\2.0.16\fontbox-2.0.16.jar;C:\Users\WINDOWS 10\.m2\repository\org\apache\pdfbox\xmpbox\2.0.16\xmpbox-2.0.16.jar;C:\Users\WINDOWS 10\.m2\repository\de\rototor\pdfbox\graphics2d\0.24\graphics2d-0.24.jar;C:\Users\WINDOWS 10\.m2\repository\com\openhtmltopdf\openhtmltopdf-rtl-support\1.0.0\openhtmltopdf-rtl-support-1.0.0.jar;C:\Users\WINDOWS 10\.m2\repository\com\openhtmltopdf\openhtmltopdf-jsoup-dom-converter\1.0.0\openhtmltopdf-jsoup-dom-converter-1.0.0.jar;C:\Users\WINDOWS 10\.m2\repository\com\vladsch\flexmark\flexmark-profile-pegdown\0.62.2\flexmark-profile-pegdown-0.62.2.jar;C:\Users\WINDOWS 10\.m2\repository\com\vladsch\flexmark\flexmark-util-ast\0.62.2\flexmark-util-ast-0.62.2.jar;C:\Users\WINDOWS 10\.m2\repository\com\vladsch\flexmark\flexmark-util-builder\0.62.2\flexmark-util-builder-0.62.2.jar;C:\Users\WINDOWS 10\.m2\repository\com\vladsch\flexmark\flexmark-util-collection\0.62.2\flexmark-util-collection-0.62.2.jar;C:\Users\WINDOWS 10\.m2\repository\com\vladsch\flexmark\flexmark-util-data\0.62.2\flexmark-util-data-0.62.2.jar;C:\Users\WINDOWS 10\.m2\repository\com\vladsch\flexmark\flexmark-util-dependency\0.62.2\flexmark-util-dependency-0.62.2.jar;C:\Users\WINDOWS 10\.m2\repository\com\vladsch\flexmark\flexmark-util-format\0.62.2\flexmark-util-format-0.62.2.jar;C:\Users\WINDOWS 10\.m2\repository\com\vladsch\flexmark\flexmark-util-html\0.62.2\flexmark-util-html-0.62.2.jar;C:\Users\WINDOWS 10\.m2\repository\com\vladsch\flexmark\flexmark-util-misc\0.62.2\flexmark-util-misc-0.62.2.jar;C:\Users\WINDOWS 10\.m2\repository\com\vladsch\flexmark\flexmark-util-options\0.62.2\flexmark-util-options-0.62.2.jar;C:\Users\WINDOWS 10\.m2\repository\com\vladsch\flexmark\flexmark-util-sequence\0.62.2\flexmark-util-sequence-0.62.2.jar;C:\Users\WINDOWS 10\.m2\repository\com\vladsch\flexmark\flexmark-util-visitor\0.62.2\flexmark-util-visitor-0.62.2.jar;C:\Users\WINDOWS 10\.m2\repository\com\vladsch\flexmark\flexmark-youtrack-converter\0.62.2\flexmark-youtrack-converter-0.62.2.jar;C:\Users\WINDOWS 10\.m2\repository\com\ibm\icu\icu4j\72.1\icu4j-72.1.jar;C:\Users\WINDOWS 10\.m2\repository\es\nitaur\markdown\txtmark\0.16\txtmark-0.16.jar;C:\Users\WINDOWS 10\.m2\repository\net\serenity-bdd\serenity-report-resources\3.6.21\serenity-report-resources-3.6.21.jar;C:\Users\WINDOWS 10\.m2\repository\com\google\code\gson\gson\2.10.1\gson-2.10.1.jar;C:\Users\WINDOWS 10\.m2\repository\com\fasterxml\jackson\core\jackson-core\2.15.0-rc1\jackson-core-2.15.0-rc1.jar;C:\Users\WINDOWS 10\.m2\repository\com\fasterxml\jackson\core\jackson-databind\2.15.0-rc1\jackson-databind-2.15.0-rc1.jar;C:\Users\WINDOWS 10\.m2\repository\com\fasterxml\jackson\core\jackson-annotations\2.15.0-rc1\jackson-annotations-2.15.0-rc1.jar;C:\Users\WINDOWS 10\.m2\repository\commons-codec\commons-codec\1.15\commons-codec-1.15.jar;C:\Users\WINDOWS 10\.m2\repository\commons-io\commons-io\2.11.0\commons-io-2.11.0.jar;C:\Users\WINDOWS 10\.m2\repository\org\seleniumhq\selenium\selenium-java\4.8.1\selenium-java-4.8.1.jar;C:\Users\WINDOWS 10\.m2\repository\org\seleniumhq\selenium\selenium-devtools-v108\4.8.1\selenium-devtools-v108-4.8.1.jar;C:\Users\WINDOWS 10\.m2\repository\org\seleniumhq\selenium\selenium-devtools-v109\4.8.1\selenium-devtools-v109-4.8.1.jar;C:\Users\WINDOWS 10\.m2\repository\org\seleniumhq\selenium\selenium-devtools-v110\4.8.1\selenium-devtools-v110-4.8.1.jar;C:\Users\WINDOWS 10\.m2\repository\org\seleniumhq\selenium\selenium-devtools-v85\4.8.1\selenium-devtools-v85-4.8.1.jar;C:\Users\WINDOWS 10\.m2\repository\org\seleniumhq\selenium\selenium-remote-driver\4.8.1\selenium-remote-driver-4.8.1.jar;C:\Users\WINDOWS 10\.m2\repository\com\beust\jcommander\1.82\jcommander-1.82.jar;C:\Users\WINDOWS 10\.m2\repository\io\netty\netty-buffer\4.1.87.Final\netty-buffer-4.1.87.Final.jar;C:\Users\WINDOWS 10\.m2\repository\io\netty\netty-codec-http\4.1.87.Final\netty-codec-http-4.1.87.Final.jar;C:\Users\WINDOWS 10\.m2\repository\io\netty\netty-codec\4.1.87.Final\netty-codec-4.1.87.Final.jar;C:\Users\WINDOWS 10\.m2\repository\io\netty\netty-handler\4.1.87.Final\netty-handler-4.1.87.Final.jar;C:\Users\WINDOWS 10\.m2\repository\io\netty\netty-common\4.1.87.Final\netty-common-4.1.87.Final.jar;C:\Users\WINDOWS 10\.m2\repository\io\netty\netty-transport-classes-epoll\4.1.87.Final\netty-transport-classes-epoll-4.1.87.Final.jar;C:\Users\WINDOWS 10\.m2\repository\io\netty\netty-transport-classes-kqueue\4.1.87.Final\netty-transport-classes-kqueue-4.1.87.Final.jar;C:\Users\WINDOWS 10\.m2\repository\io\netty\netty-transport-native-epoll\4.1.87.Final\netty-transport-native-epoll-4.1.87.Final.jar;C:\Users\WINDOWS 10\.m2\repository\io\netty\netty-transport-native-kqueue\4.1.87.Final\netty-transport-native-kqueue-4.1.87.Final.jar;C:\Users\WINDOWS 10\.m2\repository\io\netty\netty-transport-native-unix-common\4.1.87.Final\netty-transport-native-unix-common-4.1.87.Final.jar;C:\Users\WINDOWS 10\.m2\repository\io\netty\netty-transport\4.1.87.Final\netty-transport-4.1.87.Final.jar;C:\Users\WINDOWS 10\.m2\repository\io\netty\netty-resolver\4.1.87.Final\netty-resolver-4.1.87.Final.jar;C:\Users\WINDOWS 10\.m2\repository\io\opentelemetry\opentelemetry-api\1.22.0\opentelemetry-api-1.22.0.jar;C:\Users\WINDOWS 10\.m2\repository\io\opentelemetry\opentelemetry-context\1.22.0\opentelemetry-context-1.22.0.jar;C:\Users\WINDOWS 10\.m2\repository\io\opentelemetry\opentelemetry-exporter-logging\1.22.0\opentelemetry-exporter-logging-1.22.0.jar;C:\Users\WINDOWS 10\.m2\repository\io\opentelemetry\opentelemetry-sdk-metrics\1.22.0\opentelemetry-sdk-metrics-1.22.0.jar;C:\Users\WINDOWS 10\.m2\repository\io\opentelemetry\opentelemetry-sdk-logs\1.22.0-alpha\opentelemetry-sdk-logs-1.22.0-alpha.jar;C:\Users\WINDOWS 10\.m2\repository\io\opentelemetry\opentelemetry-api-logs\1.22.0-alpha\opentelemetry-api-logs-1.22.0-alpha.jar;C:\Users\WINDOWS 10\.m2\repository\io\opentelemetry\opentelemetry-sdk-common\1.22.0\opentelemetry-sdk-common-1.22.0.jar;C:\Users\WINDOWS 10\.m2\repository\io\opentelemetry\opentelemetry-sdk-extension-autoconfigure-spi\1.22.0\opentelemetry-sdk-extension-autoconfigure-spi-1.22.0.jar;C:\Users\WINDOWS 10\.m2\repository\io\opentelemetry\opentelemetry-sdk-extension-autoconfigure\1.22.0-alpha\opentelemetry-sdk-extension-autoconfigure-1.22.0-alpha.jar;C:\Users\WINDOWS 10\.m2\repository\io\opentelemetry\opentelemetry-sdk-trace\1.22.0\opentelemetry-sdk-trace-1.22.0.jar;C:\Users\WINDOWS 10\.m2\repository\io\opentelemetry\opentelemetry-sdk\1.22.0\opentelemetry-sdk-1.22.0.jar;C:\Users\WINDOWS 10\.m2\repository\io\opentelemetry\opentelemetry-semconv\1.22.0-alpha\opentelemetry-semconv-1.22.0-alpha.jar;C:\Users\WINDOWS 10\.m2\repository\io\ous\jtoml\2.0.0\jtoml-2.0.0.jar;C:\Users\WINDOWS 10\.m2\repository\org\apache\commons\commons-exec\1.3\commons-exec-1.3.jar;C:\Users\WINDOWS 10\.m2\repository\org\asynchttpclient\async-http-client\2.12.3\async-http-client-2.12.3.jar;C:\Users\WINDOWS 10\.m2\repository\org\asynchttpclient\async-http-client-netty-utils\2.12.3\async-http-client-netty-utils-2.12.3.jar;C:\Users\WINDOWS 10\.m2\repository\io\netty\netty-codec-socks\4.1.60.Final\netty-codec-socks-4.1.60.Final.jar;C:\Users\WINDOWS 10\.m2\repository\io\netty\netty-handler-proxy\4.1.60.Final\netty-handler-proxy-4.1.60.Final.jar;C:\Users\WINDOWS 10\.m2\repository\io\netty\netty-transport-native-epoll\4.1.60.Final\netty-transport-native-epoll-4.1.60.Final-linux-x86_64.jar;C:\Users\WINDOWS 10\.m2\repository\io\netty\netty-transport-native-kqueue\4.1.60.Final\netty-transport-native-kqueue-4.1.60.Final-osx-x86_64.jar;C:\Users\WINDOWS 10\.m2\repository\org\reactivestreams\reactive-streams\1.0.3\reactive-streams-1.0.3.jar;C:\Users\WINDOWS 10\.m2\repository\com\typesafe\netty\netty-reactive-streams\2.0.4\netty-reactive-streams-2.0.4.jar;C:\Users\WINDOWS 10\.m2\repository\org\seleniumhq\selenium\selenium-manager\4.8.1\selenium-manager-4.8.1.jar;C:\Users\WINDOWS 10\.m2\repository\org\seleniumhq\selenium\selenium-safari-driver\4.8.1\selenium-safari-driver-4.8.1.jar;C:\Users\WINDOWS 10\.m2\repository\org\seleniumhq\selenium\selenium-api\4.8.1\selenium-api-4.8.1.jar;C:\Users\WINDOWS 10\.m2\repository\org\seleniumhq\selenium\selenium-support\4.8.1\selenium-support-4.8.1.jar;C:\Users\WINDOWS 10\.m2\repository\com\google\auto\service\auto-service-annotations\1.0.1\auto-service-annotations-1.0.1.jar;C:\Users\WINDOWS 10\.m2\repository\com\google\auto\service\auto-service\1.0.1\auto-service-1.0.1.jar;C:\Users\WINDOWS 10\.m2\repository\com\google\auto\auto-common\1.2\auto-common-1.2.jar;C:\Users\WINDOWS 10\.m2\repository\org\seleniumhq\selenium\selenium-json\4.8.1\selenium-json-4.8.1.jar;C:\Users\WINDOWS 10\.m2\repository\org\seleniumhq\selenium\selenium-chrome-driver\4.8.1\selenium-chrome-driver-4.8.1.jar;C:\Users\WINDOWS 10\.m2\repository\org\seleniumhq\selenium\selenium-chromium-driver\4.8.1\selenium-chromium-driver-4.8.1.jar;C:\Users\WINDOWS 10\.m2\repository\org\seleniumhq\selenium\selenium-firefox-driver\4.8.1\selenium-firefox-driver-4.8.1.jar;C:\Users\WINDOWS 10\.m2\repository\org\seleniumhq\selenium\selenium-http\4.8.1\selenium-http-4.8.1.jar;C:\Users\WINDOWS 10\.m2\repository\dev\failsafe\failsafe\3.3.0\failsafe-3.3.0.jar;C:\Users\WINDOWS 10\.m2\repository\org\seleniumhq\selenium\selenium-edge-driver\4.8.1\selenium-edge-driver-4.8.1.jar;C:\Users\WINDOWS 10\.m2\repository\org\seleniumhq\selenium\selenium-ie-driver\4.8.1\selenium-ie-driver-4.8.1.jar;C:\Users\WINDOWS 10\.m2\repository\org\projectlombok\lombok\1.18.20\lombok-1.18.20.jar;C:\Users\WINDOWS 10\.m2\repository\io\appium\java-client\8.3.0\java-client-8.3.0.jar;C:\Users\WINDOWS 10\.m2\repository\commons-validator\commons-validator\1.7\commons-validator-1.7.jar;C:\Users\WINDOWS 10\.m2\repository\commons-digester\commons-digester\2.1\commons-digester-2.1.jar;C:\Users\WINDOWS 10\.m2\repository\net\sf\opencsv\opencsv\2.0\opencsv-2.0.jar;C:\Users\WINDOWS 10\.m2\repository\commons-beanutils\commons-beanutils\1.9.4\commons-beanutils-1.9.4.jar;C:\Users\WINDOWS 10\.m2\repository\org\apache\commons\commons-lang3\3.12.0\commons-lang3-3.12.0.jar;C:\Users\WINDOWS 10\.m2\repository\commons-collections\commons-collections\3.2.2\commons-collections-3.2.2.jar;C:\Users\WINDOWS 10\.m2\repository\org\fluentlenium\fluentlenium-core\0.10.2\fluentlenium-core-0.10.2.jar;C:\Users\WINDOWS 10\.m2\repository\io\github\bonigarcia\webdrivermanager\5.3.0\webdrivermanager-5.3.0.jar;C:\Users\WINDOWS 10\.m2\repository\com\github\docker-java\docker-java\3.2.13\docker-java-3.2.13.jar;C:\Users\WINDOWS 10\.m2\repository\com\github\docker-java\docker-java-core\3.2.13\docker-java-core-3.2.13.jar;C:\Users\WINDOWS 10\.m2\repository\com\github\docker-java\docker-java-api\3.2.13\docker-java-api-3.2.13.jar;C:\Users\WINDOWS 10\.m2\repository\org\apache\commons\commons-compress\1.21\commons-compress-1.21.jar;C:\Users\WINDOWS 10\.m2\repository\org\bouncycastle\bcpkix-jdk15on\1.64\bcpkix-jdk15on-1.64.jar;C:\Users\WINDOWS 10\.m2\repository\org\bouncycastle\bcprov-jdk15on\1.64\bcprov-jdk15on-1.64.jar;C:\Users\WINDOWS 10\.m2\repository\org\slf4j\jcl-over-slf4j\1.7.30\jcl-over-slf4j-1.7.30.jar;C:\Users\WINDOWS 10\.m2\repository\com\github\docker-java\docker-java-transport-httpclient5\3.2.13\docker-java-transport-httpclient5-3.2.13.jar;C:\Users\WINDOWS 10\.m2\repository\com\github\docker-java\docker-java-transport\3.2.13\docker-java-transport-3.2.13.jar;C:\Users\WINDOWS 10\.m2\repository\net\java\dev\jna\jna\5.8.0\jna-5.8.0.jar;C:\Users\WINDOWS 10\.m2\repository\org\brotli\dec\0.1.2\dec-0.1.2.jar;C:\Users\WINDOWS 10\.m2\repository\org\apache\httpcomponents\client5\httpclient5\5.1.3\httpclient5-5.1.3.jar;C:\Users\WINDOWS 10\.m2\repository\org\apache\httpcomponents\core5\httpcore5\5.1.3\httpcore5-5.1.3.jar;C:\Users\WINDOWS 10\.m2\repository\org\apache\httpcomponents\core5\httpcore5-h2\5.1.3\httpcore5-h2-5.1.3.jar;C:\Users\WINDOWS 10\.m2\repository\com\jhlabs\filters\2.0.235\filters-2.0.235.jar;C:\Users\WINDOWS 10\.m2\repository\com\paulhammant\ngwebdriver\1.1.6\ngwebdriver-1.1.6.jar;C:\Users\WINDOWS 10\.m2\repository\joda-time\joda-time\2.12.2\joda-time-2.12.2.jar;C:\Users\WINDOWS 10\.m2\repository\org\hamcrest\hamcrest\2.2\hamcrest-2.2.jar;C:\Users\WINDOWS 10\.m2\repository\com\google\jimfs\jimfs\1.2\jimfs-1.2.jar;C:\Users\WINDOWS 10\.m2\repository\org\mockito\mockito-core\3.3.3\mockito-core-3.3.3.jar;C:\Users\WINDOWS 10\.m2\repository\javax\xml\bind\jaxb-api\2.3.1\jaxb-api-2.3.1.jar;C:\Users\WINDOWS 10\.m2\repository\javax\activation\javax.activation-api\1.2.0\javax.activation-api-1.2.0.jar;C:\Users\WINDOWS 10\.m2\repository\com\sun\xml\bind\jaxb-core\2.3.0.1\jaxb-core-2.3.0.1.jar;C:\Users\WINDOWS 10\.m2\repository\com\sun\xml\bind\jaxb-impl\2.3.3\jaxb-impl-2.3.3.jar;C:\Users\WINDOWS 10\.m2\repository\jakarta\xml\bind\jakarta.xml.bind-api\2.3.3\jakarta.xml.bind-api-2.3.3.jar;C:\Users\WINDOWS 10\.m2\repository\com\sun\activation\jakarta.activation\1.2.2\jakarta.activation-1.2.2.jar;C:\Users\WINDOWS 10\.m2\repository\javax\activation\activation\1.1.1\activation-1.1.1.jar;C:\Users\WINDOWS 10\.m2\repository\net\serenity-bdd\serenity-cucumber\3.6.21\serenity-cucumber-3.6.21.jar;C:\Users\WINDOWS 10\.m2\repository\io\cucumber\cucumber-core\7.11.0\cucumber-core-7.11.0.jar;C:\Users\WINDOWS 10\.m2\repository\io\cucumber\cucumber-gherkin\7.11.0\cucumber-gherkin-7.11.0.jar;C:\Users\WINDOWS 10\.m2\repository\io\cucumber\cucumber-gherkin-messages\7.11.0\cucumber-gherkin-messages-7.11.0.jar;C:\Users\WINDOWS 10\.m2\repository\io\cucumber\gherkin\26.0.3\gherkin-26.0.3.jar;C:\Users\WINDOWS 10\.m2\repository\io\cucumber\messages\21.0.1\messages-21.0.1.jar;C:\Users\WINDOWS 10\.m2\repository\io\cucumber\tag-expressions\5.0.1\tag-expressions-5.0.1.jar;C:\Users\WINDOWS 10\.m2\repository\io\cucumber\cucumber-expressions\16.1.1\cucumber-expressions-16.1.1.jar;C:\Users\WINDOWS 10\.m2\repository\io\cucumber\datatable\7.11.0\datatable-7.11.0.jar;C:\Users\WINDOWS 10\.m2\repository\io\cucumber\cucumber-plugin\7.11.0\cucumber-plugin-7.11.0.jar;C:\Users\WINDOWS 10\.m2\repository\io\cucumber\docstring\7.11.0\docstring-7.11.0.jar;C:\Users\WINDOWS 10\.m2\repository\io\cucumber\html-formatter\20.2.1\html-formatter-20.2.1.jar;C:\Users\WINDOWS 10\.m2\repository\io\cucumber\junit-xml-formatter\0.1.0\junit-xml-formatter-0.1.0.jar;C:\Users\WINDOWS 10\.m2\repository\io\cucumber\ci-environment\9.1.0\ci-environment-9.1.0.jar;C:\Users\WINDOWS 10\.m2\repository\io\cucumber\cucumber-java\7.11.0\cucumber-java-7.11.0.jar;C:\Users\WINDOWS 10\.m2\repository\io\cucumber\cucumber-junit\7.11.0\cucumber-junit-7.11.0.jar;C:\Users\WINDOWS 10\.m2\repository\org\apache\commons\commons-csv\1.5\commons-csv-1.5.jar;C:\Users\WINDOWS 10\.m2\repository\net\serenity-bdd\serenity-screenplay\3.6.21\serenity-screenplay-3.6.21.jar;C:\Users\WINDOWS 10\.m2\repository\net\serenity-bdd\serenity-screenplay-webdriver\3.6.21\serenity-screenplay-webdriver-3.6.21.jar;C:\Users\WINDOWS 10\.m2\repository\net\serenity-bdd\serenity-ensure\3.6.21\serenity-ensure-3.6.21.jar;C:\Users\WINDOWS 10\.m2\repository\net\serenity-bdd\serenity-junit\3.6.21\serenity-junit-3.6.21.jar;C:\Users\WINDOWS 10\.m2\repository\org\jetbrains\kotlin\kotlin-stdlib\1.8.10\kotlin-stdlib-1.8.10.jar;C:\Users\WINDOWS 10\.m2\repository\org\jetbrains\kotlin\kotlin-stdlib-common\1.8.10\kotlin-stdlib-common-1.8.10.jar;C:\Users\WINDOWS 10\.m2\repository\org\jetbrains\annotations\13.0\annotations-13.0.jar;C:\Users\WINDOWS 10\.m2\repository\org\junit\platform\junit-platform-launcher\1.8.2\junit-platform-launcher-1.8.2.jar;C:\Users\WINDOWS 10\.m2\repository\org\junit\platform\junit-platform-engine\1.8.2\junit-platform-engine-1.8.2.jar;C:\Users\WINDOWS 10\.m2\repository\org\junit\platform\junit-platform-commons\1.8.2\junit-platform-commons-1.8.2.jar;C:\Users\WINDOWS 10\.m2\repository\org\apiguardian\apiguardian-api\1.1.2\apiguardian-api-1.1.2.jar;C:\Users\WINDOWS 10\.m2\repository\org\junit\jupiter\junit-jupiter-engine\5.8.2\junit-jupiter-engine-5.8.2.jar;C:\Users\WINDOWS 10\.m2\repository\org\junit\jupiter\junit-jupiter-api\5.8.2\junit-jupiter-api-5.8.2.jar;C:\Users\WINDOWS 10\.m2\repository\org\junit\vintage\junit-vintage-engine\5.8.2\junit-vintage-engine-5.8.2.jar;C:\Users\WINDOWS 10\.m2\repository\junit\junit\4.13.2\junit-4.13.2.jar;C:\Users\WINDOWS 10\.m2\repository\org\hamcrest\hamcrest-core\1.3\hamcrest-core-1.3.jar;C:\Users\WINDOWS 10\.m2\repository\ch\qos\logback\logback-classic\1.2.10\logback-classic-1.2.10.jar;C:\Users\WINDOWS 10\.m2\repository\ch\qos\logback\logback-core\1.2.10\logback-core-1.2.10.jar;C:\Users\WINDOWS 10\.m2\repository\org\slf4j\slf4j-api\1.7.32\slf4j-api-1.7.32.jar;C:\Users\WINDOWS 10\.m2\repository\org\assertj\assertj-core\3.23.1\assertj-core-3.23.1.jar;C:\Users\WINDOWS 10\.m2\repository\net\bytebuddy\byte-buddy\1.12.10\byte-buddy-1.12.10.jar;C:\Users\WINDOWS 10\.m2\repository\com\googlecode\json-simple\json-simple\1.1.1\json-simple-1.1.1.jar;"/>
    <property name="java.vm.vendor" value="Oracle Corporation"/>
    <property name="sun.arch.data.model" value="64"/>
    <property name="user.variant" value=""/>
    <property name="java.vendor.url" value="https://java.oracle.com/"/>
    <property name="user.timezone" value="Asia/Bangkok"/>
    <property name="os.name" value="Windows 10"/>
    <property name="java.vm.specification.version" value="15"/>
    <property name="sun.java.launcher" value="SUN_STANDARD"/>
    <property name="user.country" value="US"/>
    <property name="sun.boot.library.path" value="C:\Program Files\Java\jdk-15\bin"/>
    <property name="sun.java.command" value="org.apache.maven.surefire.booter.ForkedBooter C:\Users\WINDOWS 10\AppData\Local\Temp\surefire5951916645178301187 2023-05-07T10-39-32_665-jvmRun1 surefire18215216080221903294tmp surefire_06749561277750547749tmp"/>
    <property name="jdk.debug" value="release"/>
    <property name="surefire.test.class.path" value="C:\Users\WINDOWS 10\Documents\GitHub\MiniProject_QE\Web\code\minpro\target\test-classes;C:\Users\WINDOWS 10\.m2\repository\net\serenity-bdd\serenity-rest-assured\3.6.22\serenity-rest-assured-3.6.22.jar;C:\Users\WINDOWS 10\.m2\repository\org\apache\httpcomponents\httpclient\4.5.13\httpclient-4.5.13.jar;C:\Users\WINDOWS 10\.m2\repository\org\apache\httpcomponents\httpcore\4.4.13\httpcore-4.4.13.jar;C:\Users\WINDOWS 10\.m2\repository\commons-logging\commons-logging\1.2\commons-logging-1.2.jar;C:\Users\WINDOWS 10\.m2\repository\io\rest-assured\rest-assured\5.3.0\rest-assured-5.3.0.jar;C:\Users\WINDOWS 10\.m2\repository\org\apache\httpcomponents\httpmime\4.5.13\httpmime-4.5.13.jar;C:\Users\WINDOWS 10\.m2\repository\org\ccil\cowan\tagsoup\tagsoup\1.2.1\tagsoup-1.2.1.jar;C:\Users\WINDOWS 10\.m2\repository\io\rest-assured\json-path\5.3.0\json-path-5.3.0.jar;C:\Users\WINDOWS 10\.m2\repository\io\rest-assured\rest-assured-common\5.3.0\rest-assured-common-5.3.0.jar;C:\Users\WINDOWS 10\.m2\repository\io\rest-assured\xml-path\5.3.0\xml-path-5.3.0.jar;C:\Users\WINDOWS 10\.m2\repository\org\apache\groovy\groovy-json\4.0.10\groovy-json-4.0.10.jar;C:\Users\WINDOWS 10\.m2\repository\org\apache\groovy\groovy-xml\4.0.10\groovy-xml-4.0.10.jar;C:\Users\WINDOWS 10\.m2\repository\org\apache\groovy\groovy\4.0.10\groovy-4.0.10.jar;C:\Users\WINDOWS 10\.m2\repository\org\opentest4j\opentest4j\1.2.0\opentest4j-1.2.0.jar;C:\Users\WINDOWS 10\.m2\repository\net\serenity-bdd\serenity-core\3.6.21\serenity-core-3.6.21.jar;C:\Users\WINDOWS 10\.m2\repository\net\serenity-bdd\serenity-model\3.6.21\serenity-model-3.6.21.jar;C:\Users\WINDOWS 10\.m2\repository\org\apache\commons\commons-text\1.10.0\commons-text-1.10.0.jar;C:\Users\WINDOWS 10\.m2\repository\commons-net\commons-net\3.9.0\commons-net-3.9.0.jar;C:\Users\WINDOWS 10\.m2\repository\com\google\guava\guava\31.1-jre\guava-31.1-jre.jar;C:\Users\WINDOWS 10\.m2\repository\com\google\guava\failureaccess\1.0.1\failureaccess-1.0.1.jar;C:\Users\WINDOWS 10\.m2\repository\com\google\guava\listenablefuture\9999.0-empty-to-avoid-conflict-with-guava\listenablefuture-9999.0-empty-to-avoid-conflict-with-guava.jar;C:\Users\WINDOWS 10\.m2\repository\com\google\code\findbugs\jsr305\3.0.2\jsr305-3.0.2.jar;C:\Users\WINDOWS 10\.m2\repository\org\checkerframework\checker-qual\3.12.0\checker-qual-3.12.0.jar;C:\Users\WINDOWS 10\.m2\repository\com\google\errorprone\error_prone_annotations\2.11.0\error_prone_annotations-2.11.0.jar;C:\Users\WINDOWS 10\.m2\repository\com\google\j2objc\j2objc-annotations\1.3\j2objc-annotations-1.3.jar;C:\Users\WINDOWS 10\.m2\repository\com\google\inject\guice\5.1.0\guice-5.1.0.jar;C:\Users\WINDOWS 10\.m2\repository\javax\inject\javax.inject\1\javax.inject-1.jar;C:\Users\WINDOWS 10\.m2\repository\aopalliance\aopalliance\1.0\aopalliance-1.0.jar;C:\Users\WINDOWS 10\.m2\repository\org\jsoup\jsoup\1.14.3\jsoup-1.14.3.jar;C:\Users\WINDOWS 10\.m2\repository\com\thoughtworks\xstream\xstream\1.4.20\xstream-1.4.20.jar;C:\Users\WINDOWS 10\.m2\repository\io\github\x-stream\mxparser\1.2.2\mxparser-1.2.2.jar;C:\Users\WINDOWS 10\.m2\repository\xmlpull\xmlpull\1.1.3.1\xmlpull-1.1.3.1.jar;C:\Users\WINDOWS 10\.m2\repository\com\typesafe\config\1.4.2\config-1.4.2.jar;C:\Users\WINDOWS 10\.m2\repository\org\imgscalr\imgscalr-lib\4.2\imgscalr-lib-4.2.jar;C:\Users\WINDOWS 10\.m2\repository\org\awaitility\awaitility\4.2.0\awaitility-4.2.0.jar;C:\Users\WINDOWS 10\.m2\repository\org\freemarker\freemarker\2.3.31\freemarker-2.3.31.jar;C:\Users\WINDOWS 10\.m2\repository\io\github\classgraph\classgraph\4.8.138\classgraph-4.8.138.jar;C:\Users\WINDOWS 10\.m2\repository\net\sourceforge\jexcelapi\jxl\2.6.12\jxl-2.6.12.jar;C:\Users\WINDOWS 10\.m2\repository\net\bytebuddy\byte-buddy-agent\1.14.2\byte-buddy-agent-1.14.2.jar;C:\Users\WINDOWS 10\.m2\repository\org\objenesis\objenesis\3.3\objenesis-3.3.jar;C:\Users\WINDOWS 10\.m2\repository\net\serenity-bdd\serenity-reports\3.6.21\serenity-reports-3.6.21.jar;C:\Users\WINDOWS 10\.m2\repository\net\serenity-bdd\serenity-stats\3.6.21\serenity-stats-3.6.21.jar;C:\Users\WINDOWS 10\.m2\repository\net\serenity-bdd\serenity-reports-configuration\3.6.21\serenity-reports-configuration-3.6.21.jar;C:\Users\WINDOWS 10\.m2\repository\com\vladsch\flexmark\flexmark-all\0.62.2\flexmark-all-0.62.2.jar;C:\Users\WINDOWS 10\.m2\repository\com\vladsch\flexmark\flexmark\0.62.2\flexmark-0.62.2.jar;C:\Users\WINDOWS 10\.m2\repository\com\vladsch\flexmark\flexmark-ext-abbreviation\0.62.2\flexmark-ext-abbreviation-0.62.2.jar;C:\Users\WINDOWS 10\.m2\repository\com\vladsch\flexmark\flexmark-util\0.62.2\flexmark-util-0.62.2.jar;C:\Users\WINDOWS 10\.m2\repository\com\vladsch\flexmark\flexmark-ext-admonition\0.62.2\flexmark-ext-admonition-0.62.2.jar;C:\Users\WINDOWS 10\.m2\repository\com\vladsch\flexmark\flexmark-ext-anchorlink\0.62.2\flexmark-ext-anchorlink-0.62.2.jar;C:\Users\WINDOWS 10\.m2\repository\com\vladsch\flexmark\flexmark-ext-aside\0.62.2\flexmark-ext-aside-0.62.2.jar;C:\Users\WINDOWS 10\.m2\repository\com\vladsch\flexmark\flexmark-ext-attributes\0.62.2\flexmark-ext-attributes-0.62.2.jar;C:\Users\WINDOWS 10\.m2\repository\com\vladsch\flexmark\flexmark-ext-autolink\0.62.2\flexmark-ext-autolink-0.62.2.jar;C:\Users\WINDOWS 10\.m2\repository\org\nibor\autolink\autolink\0.6.0\autolink-0.6.0.jar;C:\Users\WINDOWS 10\.m2\repository\com\vladsch\flexmark\flexmark-ext-definition\0.62.2\flexmark-ext-definition-0.62.2.jar;C:\Users\WINDOWS 10\.m2\repository\com\vladsch\flexmark\flexmark-ext-emoji\0.62.2\flexmark-ext-emoji-0.62.2.jar;C:\Users\WINDOWS 10\.m2\repository\com\vladsch\flexmark\flexmark-ext-enumerated-reference\0.62.2\flexmark-ext-enumerated-reference-0.62.2.jar;C:\Users\WINDOWS 10\.m2\repository\com\vladsch\flexmark\flexmark-ext-escaped-character\0.62.2\flexmark-ext-escaped-character-0.62.2.jar;C:\Users\WINDOWS 10\.m2\repository\com\vladsch\flexmark\flexmark-ext-footnotes\0.62.2\flexmark-ext-footnotes-0.62.2.jar;C:\Users\WINDOWS 10\.m2\repository\com\vladsch\flexmark\flexmark-ext-gfm-issues\0.62.2\flexmark-ext-gfm-issues-0.62.2.jar;C:\Users\WINDOWS 10\.m2\repository\com\vladsch\flexmark\flexmark-ext-gfm-strikethrough\0.62.2\flexmark-ext-gfm-strikethrough-0.62.2.jar;C:\Users\WINDOWS 10\.m2\repository\com\vladsch\flexmark\flexmark-ext-gfm-tasklist\0.62.2\flexmark-ext-gfm-tasklist-0.62.2.jar;C:\Users\WINDOWS 10\.m2\repository\com\vladsch\flexmark\flexmark-ext-gfm-users\0.62.2\flexmark-ext-gfm-users-0.62.2.jar;C:\Users\WINDOWS 10\.m2\repository\com\vladsch\flexmark\flexmark-ext-gitlab\0.62.2\flexmark-ext-gitlab-0.62.2.jar;C:\Users\WINDOWS 10\.m2\repository\com\vladsch\flexmark\flexmark-ext-jekyll-front-matter\0.62.2\flexmark-ext-jekyll-front-matter-0.62.2.jar;C:\Users\WINDOWS 10\.m2\repository\com\vladsch\flexmark\flexmark-ext-jekyll-tag\0.62.2\flexmark-ext-jekyll-tag-0.62.2.jar;C:\Users\WINDOWS 10\.m2\repository\com\vladsch\flexmark\flexmark-ext-media-tags\0.62.2\flexmark-ext-media-tags-0.62.2.jar;C:\Users\WINDOWS 10\.m2\repository\com\vladsch\flexmark\flexmark-ext-macros\0.62.2\flexmark-ext-macros-0.62.2.jar;C:\Users\WINDOWS 10\.m2\repository\com\vladsch\flexmark\flexmark-ext-ins\0.62.2\flexmark-ext-ins-0.62.2.jar;C:\Users\WINDOWS 10\.m2\repository\com\vladsch\flexmark\flexmark-ext-xwiki-macros\0.62.2\flexmark-ext-xwiki-macros-0.62.2.jar;C:\Users\WINDOWS 10\.m2\repository\com\vladsch\flexmark\flexmark-ext-superscript\0.62.2\flexmark-ext-superscript-0.62.2.jar;C:\Users\WINDOWS 10\.m2\repository\com\vladsch\flexmark\flexmark-ext-tables\0.62.2\flexmark-ext-tables-0.62.2.jar;C:\Users\WINDOWS 10\.m2\repository\com\vladsch\flexmark\flexmark-ext-toc\0.62.2\flexmark-ext-toc-0.62.2.jar;C:\Users\WINDOWS 10\.m2\repository\com\vladsch\flexmark\flexmark-ext-typographic\0.62.2\flexmark-ext-typographic-0.62.2.jar;C:\Users\WINDOWS 10\.m2\repository\com\vladsch\flexmark\flexmark-ext-wikilink\0.62.2\flexmark-ext-wikilink-0.62.2.jar;C:\Users\WINDOWS 10\.m2\repository\com\vladsch\flexmark\flexmark-ext-yaml-front-matter\0.62.2\flexmark-ext-yaml-front-matter-0.62.2.jar;C:\Users\WINDOWS 10\.m2\repository\com\vladsch\flexmark\flexmark-ext-youtube-embedded\0.62.2\flexmark-ext-youtube-embedded-0.62.2.jar;C:\Users\WINDOWS 10\.m2\repository\com\vladsch\flexmark\flexmark-html2md-converter\0.62.2\flexmark-html2md-converter-0.62.2.jar;C:\Users\WINDOWS 10\.m2\repository\com\vladsch\flexmark\flexmark-jira-converter\0.62.2\flexmark-jira-converter-0.62.2.jar;C:\Users\WINDOWS 10\.m2\repository\com\vladsch\flexmark\flexmark-pdf-converter\0.62.2\flexmark-pdf-converter-0.62.2.jar;C:\Users\WINDOWS 10\.m2\repository\com\openhtmltopdf\openhtmltopdf-core\1.0.0\openhtmltopdf-core-1.0.0.jar;C:\Users\WINDOWS 10\.m2\repository\com\openhtmltopdf\openhtmltopdf-pdfbox\1.0.0\openhtmltopdf-pdfbox-1.0.0.jar;C:\Users\WINDOWS 10\.m2\repository\org\apache\pdfbox\pdfbox\2.0.16\pdfbox-2.0.16.jar;C:\Users\WINDOWS 10\.m2\repository\org\apache\pdfbox\fontbox\2.0.16\fontbox-2.0.16.jar;C:\Users\WINDOWS 10\.m2\repository\org\apache\pdfbox\xmpbox\2.0.16\xmpbox-2.0.16.jar;C:\Users\WINDOWS 10\.m2\repository\de\rototor\pdfbox\graphics2d\0.24\graphics2d-0.24.jar;C:\Users\WINDOWS 10\.m2\repository\com\openhtmltopdf\openhtmltopdf-rtl-support\1.0.0\openhtmltopdf-rtl-support-1.0.0.jar;C:\Users\WINDOWS 10\.m2\repository\com\openhtmltopdf\openhtmltopdf-jsoup-dom-converter\1.0.0\openhtmltopdf-jsoup-dom-converter-1.0.0.jar;C:\Users\WINDOWS 10\.m2\repository\com\vladsch\flexmark\flexmark-profile-pegdown\0.62.2\flexmark-profile-pegdown-0.62.2.jar;C:\Users\WINDOWS 10\.m2\repository\com\vladsch\flexmark\flexmark-util-ast\0.62.2\flexmark-util-ast-0.62.2.jar;C:\Users\WINDOWS 10\.m2\repository\com\vladsch\flexmark\flexmark-util-builder\0.62.2\flexmark-util-builder-0.62.2.jar;C:\Users\WINDOWS 10\.m2\repository\com\vladsch\flexmark\flexmark-util-collection\0.62.2\flexmark-util-collection-0.62.2.jar;C:\Users\WINDOWS 10\.m2\repository\com\vladsch\flexmark\flexmark-util-data\0.62.2\flexmark-util-data-0.62.2.jar;C:\Users\WINDOWS 10\.m2\repository\com\vladsch\flexmark\flexmark-util-dependency\0.62.2\flexmark-util-dependency-0.62.2.jar;C:\Users\WINDOWS 10\.m2\repository\com\vladsch\flexmark\flexmark-util-format\0.62.2\flexmark-util-format-0.62.2.jar;C:\Users\WINDOWS 10\.m2\repository\com\vladsch\flexmark\flexmark-util-html\0.62.2\flexmark-util-html-0.62.2.jar;C:\Users\WINDOWS 10\.m2\repository\com\vladsch\flexmark\flexmark-util-misc\0.62.2\flexmark-util-misc-0.62.2.jar;C:\Users\WINDOWS 10\.m2\repository\com\vladsch\flexmark\flexmark-util-options\0.62.2\flexmark-util-options-0.62.2.jar;C:\Users\WINDOWS 10\.m2\repository\com\vladsch\flexmark\flexmark-util-sequence\0.62.2\flexmark-util-sequence-0.62.2.jar;C:\Users\WINDOWS 10\.m2\repository\com\vladsch\flexmark\flexmark-util-visitor\0.62.2\flexmark-util-visitor-0.62.2.jar;C:\Users\WINDOWS 10\.m2\repository\com\vladsch\flexmark\flexmark-youtrack-converter\0.62.2\flexmark-youtrack-converter-0.62.2.jar;C:\Users\WINDOWS 10\.m2\repository\com\ibm\icu\icu4j\72.1\icu4j-72.1.jar;C:\Users\WINDOWS 10\.m2\repository\es\nitaur\markdown\txtmark\0.16\txtmark-0.16.jar;C:\Users\WINDOWS 10\.m2\repository\net\serenity-bdd\serenity-report-resources\3.6.21\serenity-report-resources-3.6.21.jar;C:\Users\WINDOWS 10\.m2\repository\com\google\code\gson\gson\2.10.1\gson-2.10.1.jar;C:\Users\WINDOWS 10\.m2\repository\com\fasterxml\jackson\core\jackson-core\2.15.0-rc1\jackson-core-2.15.0-rc1.jar;C:\Users\WINDOWS 10\.m2\repository\com\fasterxml\jackson\core\jackson-databind\2.15.0-rc1\jackson-databind-2.15.0-rc1.jar;C:\Users\WINDOWS 10\.m2\repository\com\fasterxml\jackson\core\jackson-annotations\2.15.0-rc1\jackson-annotations-2.15.0-rc1.jar;C:\Users\WINDOWS 10\.m2\repository\commons-codec\commons-codec\1.15\commons-codec-1.15.jar;C:\Users\WINDOWS 10\.m2\repository\commons-io\commons-io\2.11.0\commons-io-2.11.0.jar;C:\Users\WINDOWS 10\.m2\repository\org\seleniumhq\selenium\selenium-java\4.8.1\selenium-java-4.8.1.jar;C:\Users\WINDOWS 10\.m2\repository\org\seleniumhq\selenium\selenium-devtools-v108\4.8.1\selenium-devtools-v108-4.8.1.jar;C:\Users\WINDOWS 10\.m2\repository\org\seleniumhq\selenium\selenium-devtools-v109\4.8.1\selenium-devtools-v109-4.8.1.jar;C:\Users\WINDOWS 10\.m2\repository\org\seleniumhq\selenium\selenium-devtools-v110\4.8.1\selenium-devtools-v110-4.8.1.jar;C:\Users\WINDOWS 10\.m2\repository\org\seleniumhq\selenium\selenium-devtools-v85\4.8.1\selenium-devtools-v85-4.8.1.jar;C:\Users\WINDOWS 10\.m2\repository\org\seleniumhq\selenium\selenium-remote-driver\4.8.1\selenium-remote-driver-4.8.1.jar;C:\Users\WINDOWS 10\.m2\repository\com\beust\jcommander\1.82\jcommander-1.82.jar;C:\Users\WINDOWS 10\.m2\repository\io\netty\netty-buffer\4.1.87.Final\netty-buffer-4.1.87.Final.jar;C:\Users\WINDOWS 10\.m2\repository\io\netty\netty-codec-http\4.1.87.Final\netty-codec-http-4.1.87.Final.jar;C:\Users\WINDOWS 10\.m2\repository\io\netty\netty-codec\4.1.87.Final\netty-codec-4.1.87.Final.jar;C:\Users\WINDOWS 10\.m2\repository\io\netty\netty-handler\4.1.87.Final\netty-handler-4.1.87.Final.jar;C:\Users\WINDOWS 10\.m2\repository\io\netty\netty-common\4.1.87.Final\netty-common-4.1.87.Final.jar;C:\Users\WINDOWS 10\.m2\repository\io\netty\netty-transport-classes-epoll\4.1.87.Final\netty-transport-classes-epoll-4.1.87.Final.jar;C:\Users\WINDOWS 10\.m2\repository\io\netty\netty-transport-classes-kqueue\4.1.87.Final\netty-transport-classes-kqueue-4.1.87.Final.jar;C:\Users\WINDOWS 10\.m2\repository\io\netty\netty-transport-native-epoll\4.1.87.Final\netty-transport-native-epoll-4.1.87.Final.jar;C:\Users\WINDOWS 10\.m2\repository\io\netty\netty-transport-native-kqueue\4.1.87.Final\netty-transport-native-kqueue-4.1.87.Final.jar;C:\Users\WINDOWS 10\.m2\repository\io\netty\netty-transport-native-unix-common\4.1.87.Final\netty-transport-native-unix-common-4.1.87.Final.jar;C:\Users\WINDOWS 10\.m2\repository\io\netty\netty-transport\4.1.87.Final\netty-transport-4.1.87.Final.jar;C:\Users\WINDOWS 10\.m2\repository\io\netty\netty-resolver\4.1.87.Final\netty-resolver-4.1.87.Final.jar;C:\Users\WINDOWS 10\.m2\repository\io\opentelemetry\opentelemetry-api\1.22.0\opentelemetry-api-1.22.0.jar;C:\Users\WINDOWS 10\.m2\repository\io\opentelemetry\opentelemetry-context\1.22.0\opentelemetry-context-1.22.0.jar;C:\Users\WINDOWS 10\.m2\repository\io\opentelemetry\opentelemetry-exporter-logging\1.22.0\opentelemetry-exporter-logging-1.22.0.jar;C:\Users\WINDOWS 10\.m2\repository\io\opentelemetry\opentelemetry-sdk-metrics\1.22.0\opentelemetry-sdk-metrics-1.22.0.jar;C:\Users\WINDOWS 10\.m2\repository\io\opentelemetry\opentelemetry-sdk-logs\1.22.0-alpha\opentelemetry-sdk-logs-1.22.0-alpha.jar;C:\Users\WINDOWS 10\.m2\repository\io\opentelemetry\opentelemetry-api-logs\1.22.0-alpha\opentelemetry-api-logs-1.22.0-alpha.jar;C:\Users\WINDOWS 10\.m2\repository\io\opentelemetry\opentelemetry-sdk-common\1.22.0\opentelemetry-sdk-common-1.22.0.jar;C:\Users\WINDOWS 10\.m2\repository\io\opentelemetry\opentelemetry-sdk-extension-autoconfigure-spi\1.22.0\opentelemetry-sdk-extension-autoconfigure-spi-1.22.0.jar;C:\Users\WINDOWS 10\.m2\repository\io\opentelemetry\opentelemetry-sdk-extension-autoconfigure\1.22.0-alpha\opentelemetry-sdk-extension-autoconfigure-1.22.0-alpha.jar;C:\Users\WINDOWS 10\.m2\repository\io\opentelemetry\opentelemetry-sdk-trace\1.22.0\opentelemetry-sdk-trace-1.22.0.jar;C:\Users\WINDOWS 10\.m2\repository\io\opentelemetry\opentelemetry-sdk\1.22.0\opentelemetry-sdk-1.22.0.jar;C:\Users\WINDOWS 10\.m2\repository\io\opentelemetry\opentelemetry-semconv\1.22.0-alpha\opentelemetry-semconv-1.22.0-alpha.jar;C:\Users\WINDOWS 10\.m2\repository\io\ous\jtoml\2.0.0\jtoml-2.0.0.jar;C:\Users\WINDOWS 10\.m2\repository\org\apache\commons\commons-exec\1.3\commons-exec-1.3.jar;C:\Users\WINDOWS 10\.m2\repository\org\asynchttpclient\async-http-client\2.12.3\async-http-client-2.12.3.jar;C:\Users\WINDOWS 10\.m2\repository\org\asynchttpclient\async-http-client-netty-utils\2.12.3\async-http-client-netty-utils-2.12.3.jar;C:\Users\WINDOWS 10\.m2\repository\io\netty\netty-codec-socks\4.1.60.Final\netty-codec-socks-4.1.60.Final.jar;C:\Users\WINDOWS 10\.m2\repository\io\netty\netty-handler-proxy\4.1.60.Final\netty-handler-proxy-4.1.60.Final.jar;C:\Users\WINDOWS 10\.m2\repository\io\netty\netty-transport-native-epoll\4.1.60.Final\netty-transport-native-epoll-4.1.60.Final-linux-x86_64.jar;C:\Users\WINDOWS 10\.m2\repository\io\netty\netty-transport-native-kqueue\4.1.60.Final\netty-transport-native-kqueue-4.1.60.Final-osx-x86_64.jar;C:\Users\WINDOWS 10\.m2\repository\org\reactivestreams\reactive-streams\1.0.3\reactive-streams-1.0.3.jar;C:\Users\WINDOWS 10\.m2\repository\com\typesafe\netty\netty-reactive-streams\2.0.4\netty-reactive-streams-2.0.4.jar;C:\Users\WINDOWS 10\.m2\repository\org\seleniumhq\selenium\selenium-manager\4.8.1\selenium-manager-4.8.1.jar;C:\Users\WINDOWS 10\.m2\repository\org\seleniumhq\selenium\selenium-safari-driver\4.8.1\selenium-safari-driver-4.8.1.jar;C:\Users\WINDOWS 10\.m2\repository\org\seleniumhq\selenium\selenium-api\4.8.1\selenium-api-4.8.1.jar;C:\Users\WINDOWS 10\.m2\repository\org\seleniumhq\selenium\selenium-support\4.8.1\selenium-support-4.8.1.jar;C:\Users\WINDOWS 10\.m2\repository\com\google\auto\service\auto-service-annotations\1.0.1\auto-service-annotations-1.0.1.jar;C:\Users\WINDOWS 10\.m2\repository\com\google\auto\service\auto-service\1.0.1\auto-service-1.0.1.jar;C:\Users\WINDOWS 10\.m2\repository\com\google\auto\auto-common\1.2\auto-common-1.2.jar;C:\Users\WINDOWS 10\.m2\repository\org\seleniumhq\selenium\selenium-json\4.8.1\selenium-json-4.8.1.jar;C:\Users\WINDOWS 10\.m2\repository\org\seleniumhq\selenium\selenium-chrome-driver\4.8.1\selenium-chrome-driver-4.8.1.jar;C:\Users\WINDOWS 10\.m2\repository\org\seleniumhq\selenium\selenium-chromium-driver\4.8.1\selenium-chromium-driver-4.8.1.jar;C:\Users\WINDOWS 10\.m2\repository\org\seleniumhq\selenium\selenium-firefox-driver\4.8.1\selenium-firefox-driver-4.8.1.jar;C:\Users\WINDOWS 10\.m2\repository\org\seleniumhq\selenium\selenium-http\4.8.1\selenium-http-4.8.1.jar;C:\Users\WINDOWS 10\.m2\repository\dev\failsafe\failsafe\3.3.0\failsafe-3.3.0.jar;C:\Users\WINDOWS 10\.m2\repository\org\seleniumhq\selenium\selenium-edge-driver\4.8.1\selenium-edge-driver-4.8.1.jar;C:\Users\WINDOWS 10\.m2\repository\org\seleniumhq\selenium\selenium-ie-driver\4.8.1\selenium-ie-driver-4.8.1.jar;C:\Users\WINDOWS 10\.m2\repository\org\projectlombok\lombok\1.18.20\lombok-1.18.20.jar;C:\Users\WINDOWS 10\.m2\repository\io\appium\java-client\8.3.0\java-client-8.3.0.jar;C:\Users\WINDOWS 10\.m2\repository\commons-validator\commons-validator\1.7\commons-validator-1.7.jar;C:\Users\WINDOWS 10\.m2\repository\commons-digester\commons-digester\2.1\commons-digester-2.1.jar;C:\Users\WINDOWS 10\.m2\repository\net\sf\opencsv\opencsv\2.0\opencsv-2.0.jar;C:\Users\WINDOWS 10\.m2\repository\commons-beanutils\commons-beanutils\1.9.4\commons-beanutils-1.9.4.jar;C:\Users\WINDOWS 10\.m2\repository\org\apache\commons\commons-lang3\3.12.0\commons-lang3-3.12.0.jar;C:\Users\WINDOWS 10\.m2\repository\commons-collections\commons-collections\3.2.2\commons-collections-3.2.2.jar;C:\Users\WINDOWS 10\.m2\repository\org\fluentlenium\fluentlenium-core\0.10.2\fluentlenium-core-0.10.2.jar;C:\Users\WINDOWS 10\.m2\repository\io\github\bonigarcia\webdrivermanager\5.3.0\webdrivermanager-5.3.0.jar;C:\Users\WINDOWS 10\.m2\repository\com\github\docker-java\docker-java\3.2.13\docker-java-3.2.13.jar;C:\Users\WINDOWS 10\.m2\repository\com\github\docker-java\docker-java-core\3.2.13\docker-java-core-3.2.13.jar;C:\Users\WINDOWS 10\.m2\repository\com\github\docker-java\docker-java-api\3.2.13\docker-java-api-3.2.13.jar;C:\Users\WINDOWS 10\.m2\repository\org\apache\commons\commons-compress\1.21\commons-compress-1.21.jar;C:\Users\WINDOWS 10\.m2\repository\org\bouncycastle\bcpkix-jdk15on\1.64\bcpkix-jdk15on-1.64.jar;C:\Users\WINDOWS 10\.m2\repository\org\bouncycastle\bcprov-jdk15on\1.64\bcprov-jdk15on-1.64.jar;C:\Users\WINDOWS 10\.m2\repository\org\slf4j\jcl-over-slf4j\1.7.30\jcl-over-slf4j-1.7.30.jar;C:\Users\WINDOWS 10\.m2\repository\com\github\docker-java\docker-java-transport-httpclient5\3.2.13\docker-java-transport-httpclient5-3.2.13.jar;C:\Users\WINDOWS 10\.m2\repository\com\github\docker-java\docker-java-transport\3.2.13\docker-java-transport-3.2.13.jar;C:\Users\WINDOWS 10\.m2\repository\net\java\dev\jna\jna\5.8.0\jna-5.8.0.jar;C:\Users\WINDOWS 10\.m2\repository\org\brotli\dec\0.1.2\dec-0.1.2.jar;C:\Users\WINDOWS 10\.m2\repository\org\apache\httpcomponents\client5\httpclient5\5.1.3\httpclient5-5.1.3.jar;C:\Users\WINDOWS 10\.m2\repository\org\apache\httpcomponents\core5\httpcore5\5.1.3\httpcore5-5.1.3.jar;C:\Users\WINDOWS 10\.m2\repository\org\apache\httpcomponents\core5\httpcore5-h2\5.1.3\httpcore5-h2-5.1.3.jar;C:\Users\WINDOWS 10\.m2\repository\com\jhlabs\filters\2.0.235\filters-2.0.235.jar;C:\Users\WINDOWS 10\.m2\repository\com\paulhammant\ngwebdriver\1.1.6\ngwebdriver-1.1.6.jar;C:\Users\WINDOWS 10\.m2\repository\joda-time\joda-time\2.12.2\joda-time-2.12.2.jar;C:\Users\WINDOWS 10\.m2\repository\org\hamcrest\hamcrest\2.2\hamcrest-2.2.jar;C:\Users\WINDOWS 10\.m2\repository\com\google\jimfs\jimfs\1.2\jimfs-1.2.jar;C:\Users\WINDOWS 10\.m2\repository\org\mockito\mockito-core\3.3.3\mockito-core-3.3.3.jar;C:\Users\WINDOWS 10\.m2\repository\javax\xml\bind\jaxb-api\2.3.1\jaxb-api-2.3.1.jar;C:\Users\WINDOWS 10\.m2\repository\javax\activation\javax.activation-api\1.2.0\javax.activation-api-1.2.0.jar;C:\Users\WINDOWS 10\.m2\repository\com\sun\xml\bind\jaxb-core\2.3.0.1\jaxb-core-2.3.0.1.jar;C:\Users\WINDOWS 10\.m2\repository\com\sun\xml\bind\jaxb-impl\2.3.3\jaxb-impl-2.3.3.jar;C:\Users\WINDOWS 10\.m2\repository\jakarta\xml\bind\jakarta.xml.bind-api\2.3.3\jakarta.xml.bind-api-2.3.3.jar;C:\Users\WINDOWS 10\.m2\repository\com\sun\activation\jakarta.activation\1.2.2\jakarta.activation-1.2.2.jar;C:\Users\WINDOWS 10\.m2\repository\javax\activation\activation\1.1.1\activation-1.1.1.jar;C:\Users\WINDOWS 10\.m2\repository\net\serenity-bdd\serenity-cucumber\3.6.21\serenity-cucumber-3.6.21.jar;C:\Users\WINDOWS 10\.m2\repository\io\cucumber\cucumber-core\7.11.0\cucumber-core-7.11.0.jar;C:\Users\WINDOWS 10\.m2\repository\io\cucumber\cucumber-gherkin\7.11.0\cucumber-gherkin-7.11.0.jar;C:\Users\WINDOWS 10\.m2\repository\io\cucumber\cucumber-gherkin-messages\7.11.0\cucumber-gherkin-messages-7.11.0.jar;C:\Users\WINDOWS 10\.m2\repository\io\cucumber\gherkin\26.0.3\gherkin-26.0.3.jar;C:\Users\WINDOWS 10\.m2\repository\io\cucumber\messages\21.0.1\messages-21.0.1.jar;C:\Users\WINDOWS 10\.m2\repository\io\cucumber\tag-expressions\5.0.1\tag-expressions-5.0.1.jar;C:\Users\WINDOWS 10\.m2\repository\io\cucumber\cucumber-expressions\16.1.1\cucumber-expressions-16.1.1.jar;C:\Users\WINDOWS 10\.m2\repository\io\cucumber\datatable\7.11.0\datatable-7.11.0.jar;C:\Users\WINDOWS 10\.m2\repository\io\cucumber\cucumber-plugin\7.11.0\cucumber-plugin-7.11.0.jar;C:\Users\WINDOWS 10\.m2\repository\io\cucumber\docstring\7.11.0\docstring-7.11.0.jar;C:\Users\WINDOWS 10\.m2\repository\io\cucumber\html-formatter\20.2.1\html-formatter-20.2.1.jar;C:\Users\WINDOWS 10\.m2\repository\io\cucumber\junit-xml-formatter\0.1.0\junit-xml-formatter-0.1.0.jar;C:\Users\WINDOWS 10\.m2\repository\io\cucumber\ci-environment\9.1.0\ci-environment-9.1.0.jar;C:\Users\WINDOWS 10\.m2\repository\io\cucumber\cucumber-java\7.11.0\cucumber-java-7.11.0.jar;C:\Users\WINDOWS 10\.m2\repository\io\cucumber\cucumber-junit\7.11.0\cucumber-junit-7.11.0.jar;C:\Users\WINDOWS 10\.m2\repository\org\apache\commons\commons-csv\1.5\commons-csv-1.5.jar;C:\Users\WINDOWS 10\.m2\repository\net\serenity-bdd\serenity-screenplay\3.6.21\serenity-screenplay-3.6.21.jar;C:\Users\WINDOWS 10\.m2\repository\net\serenity-bdd\serenity-screenplay-webdriver\3.6.21\serenity-screenplay-webdriver-3.6.21.jar;C:\Users\WINDOWS 10\.m2\repository\net\serenity-bdd\serenity-ensure\3.6.21\serenity-ensure-3.6.21.jar;C:\Users\WINDOWS 10\.m2\repository\net\serenity-bdd\serenity-junit\3.6.21\serenity-junit-3.6.21.jar;C:\Users\WINDOWS 10\.m2\repository\org\jetbrains\kotlin\kotlin-stdlib\1.8.10\kotlin-stdlib-1.8.10.jar;C:\Users\WINDOWS 10\.m2\repository\org\jetbrains\kotlin\kotlin-stdlib-common\1.8.10\kotlin-stdlib-common-1.8.10.jar;C:\Users\WINDOWS 10\.m2\repository\org\jetbrains\annotations\13.0\annotations-13.0.jar;C:\Users\WINDOWS 10\.m2\repository\org\junit\platform\junit-platform-launcher\1.8.2\junit-platform-launcher-1.8.2.jar;C:\Users\WINDOWS 10\.m2\repository\org\junit\platform\junit-platform-engine\1.8.2\junit-platform-engine-1.8.2.jar;C:\Users\WINDOWS 10\.m2\repository\org\junit\platform\junit-platform-commons\1.8.2\junit-platform-commons-1.8.2.jar;C:\Users\WINDOWS 10\.m2\repository\org\apiguardian\apiguardian-api\1.1.2\apiguardian-api-1.1.2.jar;C:\Users\WINDOWS 10\.m2\repository\org\junit\jupiter\junit-jupiter-engine\5.8.2\junit-jupiter-engine-5.8.2.jar;C:\Users\WINDOWS 10\.m2\repository\org\junit\jupiter\junit-jupiter-api\5.8.2\junit-jupiter-api-5.8.2.jar;C:\Users\WINDOWS 10\.m2\repository\org\junit\vintage\junit-vintage-engine\5.8.2\junit-vintage-engine-5.8.2.jar;C:\Users\WINDOWS 10\.m2\repository\junit\junit\4.13.2\junit-4.13.2.jar;C:\Users\WINDOWS 10\.m2\repository\org\hamcrest\hamcrest-core\1.3\hamcrest-core-1.3.jar;C:\Users\WINDOWS 10\.m2\repository\ch\qos\logback\logback-classic\1.2.10\logback-classic-1.2.10.jar;C:\Users\WINDOWS 10\.m2\repository\ch\qos\logback\logback-core\1.2.10\logback-core-1.2.10.jar;C:\Users\WINDOWS 10\.m2\repository\org\slf4j\slf4j-api\1.7.32\slf4j-api-1.7.32.jar;C:\Users\WINDOWS 10\.m2\repository\org\assertj\assertj-core\3.23.1\assertj-core-3.23.1.jar;C:\Users\WINDOWS 10\.m2\repository\net\bytebuddy\byte-buddy\1.12.10\byte-buddy-1.12.10.jar;C:\Users\WINDOWS 10\.m2\repository\com\googlecode\json-simple\json-simple\1.1.1\json-simple-1.1.1.jar;"/>
    <property name="sun.cpu.endian" value="little"/>
    <property name="user.home" value="C:\Users\WINDOWS 10"/>
    <property name="user.language" value="en"/>
    <property name="java.specification.vendor" value="Oracle Corporation"/>
    <property name="jdk.module.path" value="C:\Users\WINDOWS 10\Documents\GitHub\MiniProject_QE\Web\code\minpro\target\alta-1.0-SNAPSHOT.jar"/>
    <property name="java.version.date" value="2020-09-15"/>
    <property name="java.home" value="C:\Program Files\Java\jdk-15"/>
    <property name="file.separator" value="\"/>
    <property name="basedir" value="C:\Users\WINDOWS 10\Documents\GitHub\MiniProject_QE\Web\code\minpro"/>
    <property name="java.vm.compressedOopsMode" value="Zero based"/>
    <property name="line.separator" value="&#10;"/>
    <property name="java.vm.specification.vendor" value="Oracle Corporation"/>
    <property name="java.specification.name" value="Java Platform API Specification"/>
    <property name="surefire.real.class.path" value="C:\Users\WINDOWS 10\.m2\repository\org\apache\maven\surefire\surefire-booter\3.0.0-M5\surefire-booter-3.0.0-M5.jar;C:\Users\WINDOWS 10\.m2\repository\org\apache\maven\surefire\surefire-api\3.0.0-M5\surefire-api-3.0.0-M5.jar;C:\Users\WINDOWS 10\.m2\repository\org\apache\maven\surefire\surefire-logger-api\3.0.0-M5\surefire-logger-api-3.0.0-M5.jar;C:\Users\WINDOWS 10\.m2\repository\org\apache\maven\surefire\surefire-shared-utils\3.0.0-M4\surefire-shared-utils-3.0.0-M4.jar;C:\Users\WINDOWS 10\.m2\repository\org\apache\maven\surefire\surefire-extensions-spi\3.0.0-M5\surefire-extensions-spi-3.0.0-M5.jar;C:\Users\WINDOWS 10\Documents\GitHub\MiniProject_QE\Web\code\minpro\target\test-classes;C:\Users\WINDOWS 10\.m2\repository\net\serenity-bdd\serenity-rest-assured\3.6.22\serenity-rest-assured-3.6.22.jar;C:\Users\WINDOWS 10\.m2\repository\org\apache\httpcomponents\httpclient\4.5.13\httpclient-4.5.13.jar;C:\Users\WINDOWS 10\.m2\repository\org\apache\httpcomponents\httpcore\4.4.13\httpcore-4.4.13.jar;C:\Users\WINDOWS 10\.m2\repository\commons-logging\commons-logging\1.2\commons-logging-1.2.jar;C:\Users\WINDOWS 10\.m2\repository\io\rest-assured\rest-assured\5.3.0\rest-assured-5.3.0.jar;C:\Users\WINDOWS 10\.m2\repository\org\apache\httpcomponents\httpmime\4.5.13\httpmime-4.5.13.jar;C:\Users\WINDOWS 10\.m2\repository\org\ccil\cowan\tagsoup\tagsoup\1.2.1\tagsoup-1.2.1.jar;C:\Users\WINDOWS 10\.m2\repository\io\rest-assured\json-path\5.3.0\json-path-5.3.0.jar;C:\Users\WINDOWS 10\.m2\repository\io\rest-assured\rest-assured-common\5.3.0\rest-assured-common-5.3.0.jar;C:\Users\WINDOWS 10\.m2\repository\io\rest-assured\xml-path\5.3.0\xml-path-5.3.0.jar;C:\Users\WINDOWS 10\.m2\repository\org\apache\groovy\groovy-json\4.0.10\groovy-json-4.0.10.jar;C:\Users\WINDOWS 10\.m2\repository\org\apache\groovy\groovy-xml\4.0.10\groovy-xml-4.0.10.jar;C:\Users\WINDOWS 10\.m2\repository\org\apache\groovy\groovy\4.0.10\groovy-4.0.10.jar;C:\Users\WINDOWS 10\.m2\repository\org\opentest4j\opentest4j\1.2.0\opentest4j-1.2.0.jar;C:\Users\WINDOWS 10\.m2\repository\net\serenity-bdd\serenity-core\3.6.21\serenity-core-3.6.21.jar;C:\Users\WINDOWS 10\.m2\repository\net\serenity-bdd\serenity-model\3.6.21\serenity-model-3.6.21.jar;C:\Users\WINDOWS 10\.m2\repository\org\apache\commons\commons-text\1.10.0\commons-text-1.10.0.jar;C:\Users\WINDOWS 10\.m2\repository\commons-net\commons-net\3.9.0\commons-net-3.9.0.jar;C:\Users\WINDOWS 10\.m2\repository\com\google\guava\guava\31.1-jre\guava-31.1-jre.jar;C:\Users\WINDOWS 10\.m2\repository\com\google\guava\failureaccess\1.0.1\failureaccess-1.0.1.jar;C:\Users\WINDOWS 10\.m2\repository\com\google\guava\listenablefuture\9999.0-empty-to-avoid-conflict-with-guava\listenablefuture-9999.0-empty-to-avoid-conflict-with-guava.jar;C:\Users\WINDOWS 10\.m2\repository\com\google\code\findbugs\jsr305\3.0.2\jsr305-3.0.2.jar;C:\Users\WINDOWS 10\.m2\repository\org\checkerframework\checker-qual\3.12.0\checker-qual-3.12.0.jar;C:\Users\WINDOWS 10\.m2\repository\com\google\errorprone\error_prone_annotations\2.11.0\error_prone_annotations-2.11.0.jar;C:\Users\WINDOWS 10\.m2\repository\com\google\j2objc\j2objc-annotations\1.3\j2objc-annotations-1.3.jar;C:\Users\WINDOWS 10\.m2\repository\com\google\inject\guice\5.1.0\guice-5.1.0.jar;C:\Users\WINDOWS 10\.m2\repository\javax\inject\javax.inject\1\javax.inject-1.jar;C:\Users\WINDOWS 10\.m2\repository\aopalliance\aopalliance\1.0\aopalliance-1.0.jar;C:\Users\WINDOWS 10\.m2\repository\org\jsoup\jsoup\1.14.3\jsoup-1.14.3.jar;C:\Users\WINDOWS 10\.m2\repository\com\thoughtworks\xstream\xstream\1.4.20\xstream-1.4.20.jar;C:\Users\WINDOWS 10\.m2\repository\io\github\x-stream\mxparser\1.2.2\mxparser-1.2.2.jar;C:\Users\WINDOWS 10\.m2\repository\xmlpull\xmlpull\1.1.3.1\xmlpull-1.1.3.1.jar;C:\Users\WINDOWS 10\.m2\repository\com\typesafe\config\1.4.2\config-1.4.2.jar;C:\Users\WINDOWS 10\.m2\repository\org\imgscalr\imgscalr-lib\4.2\imgscalr-lib-4.2.jar;C:\Users\WINDOWS 10\.m2\repository\org\awaitility\awaitility\4.2.0\awaitility-4.2.0.jar;C:\Users\WINDOWS 10\.m2\repository\org\freemarker\freemarker\2.3.31\freemarker-2.3.31.jar;C:\Users\WINDOWS 10\.m2\repository\io\github\classgraph\classgraph\4.8.138\classgraph-4.8.138.jar;C:\Users\WINDOWS 10\.m2\repository\net\sourceforge\jexcelapi\jxl\2.6.12\jxl-2.6.12.jar;C:\Users\WINDOWS 10\.m2\repository\net\bytebuddy\byte-buddy-agent\1.14.2\byte-buddy-agent-1.14.2.jar;C:\Users\WINDOWS 10\.m2\repository\org\objenesis\objenesis\3.3\objenesis-3.3.jar;C:\Users\WINDOWS 10\.m2\repository\net\serenity-bdd\serenity-reports\3.6.21\serenity-reports-3.6.21.jar;C:\Users\WINDOWS 10\.m2\repository\net\serenity-bdd\serenity-stats\3.6.21\serenity-stats-3.6.21.jar;C:\Users\WINDOWS 10\.m2\repository\net\serenity-bdd\serenity-reports-configuration\3.6.21\serenity-reports-configuration-3.6.21.jar;C:\Users\WINDOWS 10\.m2\repository\com\vladsch\flexmark\flexmark-all\0.62.2\flexmark-all-0.62.2.jar;C:\Users\WINDOWS 10\.m2\repository\com\vladsch\flexmark\flexmark\0.62.2\flexmark-0.62.2.jar;C:\Users\WINDOWS 10\.m2\repository\com\vladsch\flexmark\flexmark-ext-abbreviation\0.62.2\flexmark-ext-abbreviation-0.62.2.jar;C:\Users\WINDOWS 10\.m2\repository\com\vladsch\flexmark\flexmark-util\0.62.2\flexmark-util-0.62.2.jar;C:\Users\WINDOWS 10\.m2\repository\com\vladsch\flexmark\flexmark-ext-admonition\0.62.2\flexmark-ext-admonition-0.62.2.jar;C:\Users\WINDOWS 10\.m2\repository\com\vladsch\flexmark\flexmark-ext-anchorlink\0.62.2\flexmark-ext-anchorlink-0.62.2.jar;C:\Users\WINDOWS 10\.m2\repository\com\vladsch\flexmark\flexmark-ext-aside\0.62.2\flexmark-ext-aside-0.62.2.jar;C:\Users\WINDOWS 10\.m2\repository\com\vladsch\flexmark\flexmark-ext-attributes\0.62.2\flexmark-ext-attributes-0.62.2.jar;C:\Users\WINDOWS 10\.m2\repository\com\vladsch\flexmark\flexmark-ext-autolink\0.62.2\flexmark-ext-autolink-0.62.2.jar;C:\Users\WINDOWS 10\.m2\repository\org\nibor\autolink\autolink\0.6.0\autolink-0.6.0.jar;C:\Users\WINDOWS 10\.m2\repository\com\vladsch\flexmark\flexmark-ext-definition\0.62.2\flexmark-ext-definition-0.62.2.jar;C:\Users\WINDOWS 10\.m2\repository\com\vladsch\flexmark\flexmark-ext-emoji\0.62.2\flexmark-ext-emoji-0.62.2.jar;C:\Users\WINDOWS 10\.m2\repository\com\vladsch\flexmark\flexmark-ext-enumerated-reference\0.62.2\flexmark-ext-enumerated-reference-0.62.2.jar;C:\Users\WINDOWS 10\.m2\repository\com\vladsch\flexmark\flexmark-ext-escaped-character\0.62.2\flexmark-ext-escaped-character-0.62.2.jar;C:\Users\WINDOWS 10\.m2\repository\com\vladsch\flexmark\flexmark-ext-footnotes\0.62.2\flexmark-ext-footnotes-0.62.2.jar;C:\Users\WINDOWS 10\.m2\repository\com\vladsch\flexmark\flexmark-ext-gfm-issues\0.62.2\flexmark-ext-gfm-issues-0.62.2.jar;C:\Users\WINDOWS 10\.m2\repository\com\vladsch\flexmark\flexmark-ext-gfm-strikethrough\0.62.2\flexmark-ext-gfm-strikethrough-0.62.2.jar;C:\Users\WINDOWS 10\.m2\repository\com\vladsch\flexmark\flexmark-ext-gfm-tasklist\0.62.2\flexmark-ext-gfm-tasklist-0.62.2.jar;C:\Users\WINDOWS 10\.m2\repository\com\vladsch\flexmark\flexmark-ext-gfm-users\0.62.2\flexmark-ext-gfm-users-0.62.2.jar;C:\Users\WINDOWS 10\.m2\repository\com\vladsch\flexmark\flexmark-ext-gitlab\0.62.2\flexmark-ext-gitlab-0.62.2.jar;C:\Users\WINDOWS 10\.m2\repository\com\vladsch\flexmark\flexmark-ext-jekyll-front-matter\0.62.2\flexmark-ext-jekyll-front-matter-0.62.2.jar;C:\Users\WINDOWS 10\.m2\repository\com\vladsch\flexmark\flexmark-ext-jekyll-tag\0.62.2\flexmark-ext-jekyll-tag-0.62.2.jar;C:\Users\WINDOWS 10\.m2\repository\com\vladsch\flexmark\flexmark-ext-media-tags\0.62.2\flexmark-ext-media-tags-0.62.2.jar;C:\Users\WINDOWS 10\.m2\repository\com\vladsch\flexmark\flexmark-ext-macros\0.62.2\flexmark-ext-macros-0.62.2.jar;C:\Users\WINDOWS 10\.m2\repository\com\vladsch\flexmark\flexmark-ext-ins\0.62.2\flexmark-ext-ins-0.62.2.jar;C:\Users\WINDOWS 10\.m2\repository\com\vladsch\flexmark\flexmark-ext-xwiki-macros\0.62.2\flexmark-ext-xwiki-macros-0.62.2.jar;C:\Users\WINDOWS 10\.m2\repository\com\vladsch\flexmark\flexmark-ext-superscript\0.62.2\flexmark-ext-superscript-0.62.2.jar;C:\Users\WINDOWS 10\.m2\repository\com\vladsch\flexmark\flexmark-ext-tables\0.62.2\flexmark-ext-tables-0.62.2.jar;C:\Users\WINDOWS 10\.m2\repository\com\vladsch\flexmark\flexmark-ext-toc\0.62.2\flexmark-ext-toc-0.62.2.jar;C:\Users\WINDOWS 10\.m2\repository\com\vladsch\flexmark\flexmark-ext-typographic\0.62.2\flexmark-ext-typographic-0.62.2.jar;C:\Users\WINDOWS 10\.m2\repository\com\vladsch\flexmark\flexmark-ext-wikilink\0.62.2\flexmark-ext-wikilink-0.62.2.jar;C:\Users\WINDOWS 10\.m2\repository\com\vladsch\flexmark\flexmark-ext-yaml-front-matter\0.62.2\flexmark-ext-yaml-front-matter-0.62.2.jar;C:\Users\WINDOWS 10\.m2\repository\com\vladsch\flexmark\flexmark-ext-youtube-embedded\0.62.2\flexmark-ext-youtube-embedded-0.62.2.jar;C:\Users\WINDOWS 10\.m2\repository\com\vladsch\flexmark\flexmark-html2md-converter\0.62.2\flexmark-html2md-converter-0.62.2.jar;C:\Users\WINDOWS 10\.m2\repository\com\vladsch\flexmark\flexmark-jira-converter\0.62.2\flexmark-jira-converter-0.62.2.jar;C:\Users\WINDOWS 10\.m2\repository\com\vladsch\flexmark\flexmark-pdf-converter\0.62.2\flexmark-pdf-converter-0.62.2.jar;C:\Users\WINDOWS 10\.m2\repository\com\openhtmltopdf\openhtmltopdf-core\1.0.0\openhtmltopdf-core-1.0.0.jar;C:\Users\WINDOWS 10\.m2\repository\com\openhtmltopdf\openhtmltopdf-pdfbox\1.0.0\openhtmltopdf-pdfbox-1.0.0.jar;C:\Users\WINDOWS 10\.m2\repository\org\apache\pdfbox\pdfbox\2.0.16\pdfbox-2.0.16.jar;C:\Users\WINDOWS 10\.m2\repository\org\apache\pdfbox\fontbox\2.0.16\fontbox-2.0.16.jar;C:\Users\WINDOWS 10\.m2\repository\org\apache\pdfbox\xmpbox\2.0.16\xmpbox-2.0.16.jar;C:\Users\WINDOWS 10\.m2\repository\de\rototor\pdfbox\graphics2d\0.24\graphics2d-0.24.jar;C:\Users\WINDOWS 10\.m2\repository\com\openhtmltopdf\openhtmltopdf-rtl-support\1.0.0\openhtmltopdf-rtl-support-1.0.0.jar;C:\Users\WINDOWS 10\.m2\repository\com\openhtmltopdf\openhtmltopdf-jsoup-dom-converter\1.0.0\openhtmltopdf-jsoup-dom-converter-1.0.0.jar;C:\Users\WINDOWS 10\.m2\repository\com\vladsch\flexmark\flexmark-profile-pegdown\0.62.2\flexmark-profile-pegdown-0.62.2.jar;C:\Users\WINDOWS 10\.m2\repository\com\vladsch\flexmark\flexmark-util-ast\0.62.2\flexmark-util-ast-0.62.2.jar;C:\Users\WINDOWS 10\.m2\repository\com\vladsch\flexmark\flexmark-util-builder\0.62.2\flexmark-util-builder-0.62.2.jar;C:\Users\WINDOWS 10\.m2\repository\com\vladsch\flexmark\flexmark-util-collection\0.62.2\flexmark-util-collection-0.62.2.jar;C:\Users\WINDOWS 10\.m2\repository\com\vladsch\flexmark\flexmark-util-data\0.62.2\flexmark-util-data-0.62.2.jar;C:\Users\WINDOWS 10\.m2\repository\com\vladsch\flexmark\flexmark-util-dependency\0.62.2\flexmark-util-dependency-0.62.2.jar;C:\Users\WINDOWS 10\.m2\repository\com\vladsch\flexmark\flexmark-util-format\0.62.2\flexmark-util-format-0.62.2.jar;C:\Users\WINDOWS 10\.m2\repository\com\vladsch\flexmark\flexmark-util-html\0.62.2\flexmark-util-html-0.62.2.jar;C:\Users\WINDOWS 10\.m2\repository\com\vladsch\flexmark\flexmark-util-misc\0.62.2\flexmark-util-misc-0.62.2.jar;C:\Users\WINDOWS 10\.m2\repository\com\vladsch\flexmark\flexmark-util-options\0.62.2\flexmark-util-options-0.62.2.jar;C:\Users\WINDOWS 10\.m2\repository\com\vladsch\flexmark\flexmark-util-sequence\0.62.2\flexmark-util-sequence-0.62.2.jar;C:\Users\WINDOWS 10\.m2\repository\com\vladsch\flexmark\flexmark-util-visitor\0.62.2\flexmark-util-visitor-0.62.2.jar;C:\Users\WINDOWS 10\.m2\repository\com\vladsch\flexmark\flexmark-youtrack-converter\0.62.2\flexmark-youtrack-converter-0.62.2.jar;C:\Users\WINDOWS 10\.m2\repository\com\ibm\icu\icu4j\72.1\icu4j-72.1.jar;C:\Users\WINDOWS 10\.m2\repository\es\nitaur\markdown\txtmark\0.16\txtmark-0.16.jar;C:\Users\WINDOWS 10\.m2\repository\net\serenity-bdd\serenity-report-resources\3.6.21\serenity-report-resources-3.6.21.jar;C:\Users\WINDOWS 10\.m2\repository\com\google\code\gson\gson\2.10.1\gson-2.10.1.jar;C:\Users\WINDOWS 10\.m2\repository\com\fasterxml\jackson\core\jackson-core\2.15.0-rc1\jackson-core-2.15.0-rc1.jar;C:\Users\WINDOWS 10\.m2\repository\com\fasterxml\jackson\core\jackson-databind\2.15.0-rc1\jackson-databind-2.15.0-rc1.jar;C:\Users\WINDOWS 10\.m2\repository\com\fasterxml\jackson\core\jackson-annotations\2.15.0-rc1\jackson-annotations-2.15.0-rc1.jar;C:\Users\WINDOWS 10\.m2\repository\commons-codec\commons-codec\1.15\commons-codec-1.15.jar;C:\Users\WINDOWS 10\.m2\repository\commons-io\commons-io\2.11.0\commons-io-2.11.0.jar;C:\Users\WINDOWS 10\.m2\repository\org\seleniumhq\selenium\selenium-java\4.8.1\selenium-java-4.8.1.jar;C:\Users\WINDOWS 10\.m2\repository\org\seleniumhq\selenium\selenium-devtools-v108\4.8.1\selenium-devtools-v108-4.8.1.jar;C:\Users\WINDOWS 10\.m2\repository\org\seleniumhq\selenium\selenium-devtools-v109\4.8.1\selenium-devtools-v109-4.8.1.jar;C:\Users\WINDOWS 10\.m2\repository\org\seleniumhq\selenium\selenium-devtools-v110\4.8.1\selenium-devtools-v110-4.8.1.jar;C:\Users\WINDOWS 10\.m2\repository\org\seleniumhq\selenium\selenium-devtools-v85\4.8.1\selenium-devtools-v85-4.8.1.jar;C:\Users\WINDOWS 10\.m2\repository\org\seleniumhq\selenium\selenium-remote-driver\4.8.1\selenium-remote-driver-4.8.1.jar;C:\Users\WINDOWS 10\.m2\repository\com\beust\jcommander\1.82\jcommander-1.82.jar;C:\Users\WINDOWS 10\.m2\repository\io\netty\netty-buffer\4.1.87.Final\netty-buffer-4.1.87.Final.jar;C:\Users\WINDOWS 10\.m2\repository\io\netty\netty-codec-http\4.1.87.Final\netty-codec-http-4.1.87.Final.jar;C:\Users\WINDOWS 10\.m2\repository\io\netty\netty-codec\4.1.87.Final\netty-codec-4.1.87.Final.jar;C:\Users\WINDOWS 10\.m2\repository\io\netty\netty-handler\4.1.87.Final\netty-handler-4.1.87.Final.jar;C:\Users\WINDOWS 10\.m2\repository\io\netty\netty-common\4.1.87.Final\netty-common-4.1.87.Final.jar;C:\Users\WINDOWS 10\.m2\repository\io\netty\netty-transport-classes-epoll\4.1.87.Final\netty-transport-classes-epoll-4.1.87.Final.jar;C:\Users\WINDOWS 10\.m2\repository\io\netty\netty-transport-classes-kqueue\4.1.87.Final\netty-transport-classes-kqueue-4.1.87.Final.jar;C:\Users\WINDOWS 10\.m2\repository\io\netty\netty-transport-native-epoll\4.1.87.Final\netty-transport-native-epoll-4.1.87.Final.jar;C:\Users\WINDOWS 10\.m2\repository\io\netty\netty-transport-native-kqueue\4.1.87.Final\netty-transport-native-kqueue-4.1.87.Final.jar;C:\Users\WINDOWS 10\.m2\repository\io\netty\netty-transport-native-unix-common\4.1.87.Final\netty-transport-native-unix-common-4.1.87.Final.jar;C:\Users\WINDOWS 10\.m2\repository\io\netty\netty-transport\4.1.87.Final\netty-transport-4.1.87.Final.jar;C:\Users\WINDOWS 10\.m2\repository\io\netty\netty-resolver\4.1.87.Final\netty-resolver-4.1.87.Final.jar;C:\Users\WINDOWS 10\.m2\repository\io\opentelemetry\opentelemetry-api\1.22.0\opentelemetry-api-1.22.0.jar;C:\Users\WINDOWS 10\.m2\repository\io\opentelemetry\opentelemetry-context\1.22.0\opentelemetry-context-1.22.0.jar;C:\Users\WINDOWS 10\.m2\repository\io\opentelemetry\opentelemetry-exporter-logging\1.22.0\opentelemetry-exporter-logging-1.22.0.jar;C:\Users\WINDOWS 10\.m2\repository\io\opentelemetry\opentelemetry-sdk-metrics\1.22.0\opentelemetry-sdk-metrics-1.22.0.jar;C:\Users\WINDOWS 10\.m2\repository\io\opentelemetry\opentelemetry-sdk-logs\1.22.0-alpha\opentelemetry-sdk-logs-1.22.0-alpha.jar;C:\Users\WINDOWS 10\.m2\repository\io\opentelemetry\opentelemetry-api-logs\1.22.0-alpha\opentelemetry-api-logs-1.22.0-alpha.jar;C:\Users\WINDOWS 10\.m2\repository\io\opentelemetry\opentelemetry-sdk-common\1.22.0\opentelemetry-sdk-common-1.22.0.jar;C:\Users\WINDOWS 10\.m2\repository\io\opentelemetry\opentelemetry-sdk-extension-autoconfigure-spi\1.22.0\opentelemetry-sdk-extension-autoconfigure-spi-1.22.0.jar;C:\Users\WINDOWS 10\.m2\repository\io\opentelemetry\opentelemetry-sdk-extension-autoconfigure\1.22.0-alpha\opentelemetry-sdk-extension-autoconfigure-1.22.0-alpha.jar;C:\Users\WINDOWS 10\.m2\repository\io\opentelemetry\opentelemetry-sdk-trace\1.22.0\opentelemetry-sdk-trace-1.22.0.jar;C:\Users\WINDOWS 10\.m2\repository\io\opentelemetry\opentelemetry-sdk\1.22.0\opentelemetry-sdk-1.22.0.jar;C:\Users\WINDOWS 10\.m2\repository\io\opentelemetry\opentelemetry-semconv\1.22.0-alpha\opentelemetry-semconv-1.22.0-alpha.jar;C:\Users\WINDOWS 10\.m2\repository\io\ous\jtoml\2.0.0\jtoml-2.0.0.jar;C:\Users\WINDOWS 10\.m2\repository\org\apache\commons\commons-exec\1.3\commons-exec-1.3.jar;C:\Users\WINDOWS 10\.m2\repository\org\asynchttpclient\async-http-client\2.12.3\async-http-client-2.12.3.jar;C:\Users\WINDOWS 10\.m2\repository\org\asynchttpclient\async-http-client-netty-utils\2.12.3\async-http-client-netty-utils-2.12.3.jar;C:\Users\WINDOWS 10\.m2\repository\io\netty\netty-codec-socks\4.1.60.Final\netty-codec-socks-4.1.60.Final.jar;C:\Users\WINDOWS 10\.m2\repository\io\netty\netty-handler-proxy\4.1.60.Final\netty-handler-proxy-4.1.60.Final.jar;C:\Users\WINDOWS 10\.m2\repository\io\netty\netty-transport-native-epoll\4.1.60.Final\netty-transport-native-epoll-4.1.60.Final-linux-x86_64.jar;C:\Users\WINDOWS 10\.m2\repository\io\netty\netty-transport-native-kqueue\4.1.60.Final\netty-transport-native-kqueue-4.1.60.Final-osx-x86_64.jar;C:\Users\WINDOWS 10\.m2\repository\org\reactivestreams\reactive-streams\1.0.3\reactive-streams-1.0.3.jar;C:\Users\WINDOWS 10\.m2\repository\com\typesafe\netty\netty-reactive-streams\2.0.4\netty-reactive-streams-2.0.4.jar;C:\Users\WINDOWS 10\.m2\repository\org\seleniumhq\selenium\selenium-manager\4.8.1\selenium-manager-4.8.1.jar;C:\Users\WINDOWS 10\.m2\repository\org\seleniumhq\selenium\selenium-safari-driver\4.8.1\selenium-safari-driver-4.8.1.jar;C:\Users\WINDOWS 10\.m2\repository\org\seleniumhq\selenium\selenium-api\4.8.1\selenium-api-4.8.1.jar;C:\Users\WINDOWS 10\.m2\repository\org\seleniumhq\selenium\selenium-support\4.8.1\selenium-support-4.8.1.jar;C:\Users\WINDOWS 10\.m2\repository\com\google\auto\service\auto-service-annotations\1.0.1\auto-service-annotations-1.0.1.jar;C:\Users\WINDOWS 10\.m2\repository\com\google\auto\service\auto-service\1.0.1\auto-service-1.0.1.jar;C:\Users\WINDOWS 10\.m2\repository\com\google\auto\auto-common\1.2\auto-common-1.2.jar;C:\Users\WINDOWS 10\.m2\repository\org\seleniumhq\selenium\selenium-json\4.8.1\selenium-json-4.8.1.jar;C:\Users\WINDOWS 10\.m2\repository\org\seleniumhq\selenium\selenium-chrome-driver\4.8.1\selenium-chrome-driver-4.8.1.jar;C:\Users\WINDOWS 10\.m2\repository\org\seleniumhq\selenium\selenium-chromium-driver\4.8.1\selenium-chromium-driver-4.8.1.jar;C:\Users\WINDOWS 10\.m2\repository\org\seleniumhq\selenium\selenium-firefox-driver\4.8.1\selenium-firefox-driver-4.8.1.jar;C:\Users\WINDOWS 10\.m2\repository\org\seleniumhq\selenium\selenium-http\4.8.1\selenium-http-4.8.1.jar;C:\Users\WINDOWS 10\.m2\repository\dev\failsafe\failsafe\3.3.0\failsafe-3.3.0.jar;C:\Users\WINDOWS 10\.m2\repository\org\seleniumhq\selenium\selenium-edge-driver\4.8.1\selenium-edge-driver-4.8.1.jar;C:\Users\WINDOWS 10\.m2\repository\org\seleniumhq\selenium\selenium-ie-driver\4.8.1\selenium-ie-driver-4.8.1.jar;C:\Users\WINDOWS 10\.m2\repository\org\projectlombok\lombok\1.18.20\lombok-1.18.20.jar;C:\Users\WINDOWS 10\.m2\repository\io\appium\java-client\8.3.0\java-client-8.3.0.jar;C:\Users\WINDOWS 10\.m2\repository\commons-validator\commons-validator\1.7\commons-validator-1.7.jar;C:\Users\WINDOWS 10\.m2\repository\commons-digester\commons-digester\2.1\commons-digester-2.1.jar;C:\Users\WINDOWS 10\.m2\repository\net\sf\opencsv\opencsv\2.0\opencsv-2.0.jar;C:\Users\WINDOWS 10\.m2\repository\commons-beanutils\commons-beanutils\1.9.4\commons-beanutils-1.9.4.jar;C:\Users\WINDOWS 10\.m2\repository\org\apache\commons\commons-lang3\3.12.0\commons-lang3-3.12.0.jar;C:\Users\WINDOWS 10\.m2\repository\commons-collections\commons-collections\3.2.2\commons-collections-3.2.2.jar;C:\Users\WINDOWS 10\.m2\repository\org\fluentlenium\fluentlenium-core\0.10.2\fluentlenium-core-0.10.2.jar;C:\Users\WINDOWS 10\.m2\repository\io\github\bonigarcia\webdrivermanager\5.3.0\webdrivermanager-5.3.0.jar;C:\Users\WINDOWS 10\.m2\repository\com\github\docker-java\docker-java\3.2.13\docker-java-3.2.13.jar;C:\Users\WINDOWS 10\.m2\repository\com\github\docker-java\docker-java-core\3.2.13\docker-java-core-3.2.13.jar;C:\Users\WINDOWS 10\.m2\repository\com\github\docker-java\docker-java-api\3.2.13\docker-java-api-3.2.13.jar;C:\Users\WINDOWS 10\.m2\repository\org\apache\commons\commons-compress\1.21\commons-compress-1.21.jar;C:\Users\WINDOWS 10\.m2\repository\org\bouncycastle\bcpkix-jdk15on\1.64\bcpkix-jdk15on-1.64.jar;C:\Users\WINDOWS 10\.m2\repository\org\bouncycastle\bcprov-jdk15on\1.64\bcprov-jdk15on-1.64.jar;C:\Users\WINDOWS 10\.m2\repository\org\slf4j\jcl-over-slf4j\1.7.30\jcl-over-slf4j-1.7.30.jar;C:\Users\WINDOWS 10\.m2\repository\com\github\docker-java\docker-java-transport-httpclient5\3.2.13\docker-java-transport-httpclient5-3.2.13.jar;C:\Users\WINDOWS 10\.m2\repository\com\github\docker-java\docker-java-transport\3.2.13\docker-java-transport-3.2.13.jar;C:\Users\WINDOWS 10\.m2\repository\net\java\dev\jna\jna\5.8.0\jna-5.8.0.jar;C:\Users\WINDOWS 10\.m2\repository\org\brotli\dec\0.1.2\dec-0.1.2.jar;C:\Users\WINDOWS 10\.m2\repository\org\apache\httpcomponents\client5\httpclient5\5.1.3\httpclient5-5.1.3.jar;C:\Users\WINDOWS 10\.m2\repository\org\apache\httpcomponents\core5\httpcore5\5.1.3\httpcore5-5.1.3.jar;C:\Users\WINDOWS 10\.m2\repository\org\apache\httpcomponents\core5\httpcore5-h2\5.1.3\httpcore5-h2-5.1.3.jar;C:\Users\WINDOWS 10\.m2\repository\com\jhlabs\filters\2.0.235\filters-2.0.235.jar;C:\Users\WINDOWS 10\.m2\repository\com\paulhammant\ngwebdriver\1.1.6\ngwebdriver-1.1.6.jar;C:\Users\WINDOWS 10\.m2\repository\joda-time\joda-time\2.12.2\joda-time-2.12.2.jar;C:\Users\WINDOWS 10\.m2\repository\org\hamcrest\hamcrest\2.2\hamcrest-2.2.jar;C:\Users\WINDOWS 10\.m2\repository\com\google\jimfs\jimfs\1.2\jimfs-1.2.jar;C:\Users\WINDOWS 10\.m2\repository\org\mockito\mockito-core\3.3.3\mockito-core-3.3.3.jar;C:\Users\WINDOWS 10\.m2\repository\javax\xml\bind\jaxb-api\2.3.1\jaxb-api-2.3.1.jar;C:\Users\WINDOWS 10\.m2\repository\javax\activation\javax.activation-api\1.2.0\javax.activation-api-1.2.0.jar;C:\Users\WINDOWS 10\.m2\repository\com\sun\xml\bind\jaxb-core\2.3.0.1\jaxb-core-2.3.0.1.jar;C:\Users\WINDOWS 10\.m2\repository\com\sun\xml\bind\jaxb-impl\2.3.3\jaxb-impl-2.3.3.jar;C:\Users\WINDOWS 10\.m2\repository\jakarta\xml\bind\jakarta.xml.bind-api\2.3.3\jakarta.xml.bind-api-2.3.3.jar;C:\Users\WINDOWS 10\.m2\repository\com\sun\activation\jakarta.activation\1.2.2\jakarta.activation-1.2.2.jar;C:\Users\WINDOWS 10\.m2\repository\javax\activation\activation\1.1.1\activation-1.1.1.jar;C:\Users\WINDOWS 10\.m2\repository\net\serenity-bdd\serenity-cucumber\3.6.21\serenity-cucumber-3.6.21.jar;C:\Users\WINDOWS 10\.m2\repository\io\cucumber\cucumber-core\7.11.0\cucumber-core-7.11.0.jar;C:\Users\WINDOWS 10\.m2\repository\io\cucumber\cucumber-gherkin\7.11.0\cucumber-gherkin-7.11.0.jar;C:\Users\WINDOWS 10\.m2\repository\io\cucumber\cucumber-gherkin-messages\7.11.0\cucumber-gherkin-messages-7.11.0.jar;C:\Users\WINDOWS 10\.m2\repository\io\cucumber\gherkin\26.0.3\gherkin-26.0.3.jar;C:\Users\WINDOWS 10\.m2\repository\io\cucumber\messages\21.0.1\messages-21.0.1.jar;C:\Users\WINDOWS 10\.m2\repository\io\cucumber\tag-expressions\5.0.1\tag-expressions-5.0.1.jar;C:\Users\WINDOWS 10\.m2\repository\io\cucumber\cucumber-expressions\16.1.1\cucumber-expressions-16.1.1.jar;C:\Users\WINDOWS 10\.m2\repository\io\cucumber\datatable\7.11.0\datatable-7.11.0.jar;C:\Users\WINDOWS 10\.m2\repository\io\cucumber\cucumber-plugin\7.11.0\cucumber-plugin-7.11.0.jar;C:\Users\WINDOWS 10\.m2\repository\io\cucumber\docstring\7.11.0\docstring-7.11.0.jar;C:\Users\WINDOWS 10\.m2\repository\io\cucumber\html-formatter\20.2.1\html-formatter-20.2.1.jar;C:\Users\WINDOWS 10\.m2\repository\io\cucumber\junit-xml-formatter\0.1.0\junit-xml-formatter-0.1.0.jar;C:\Users\WINDOWS 10\.m2\repository\io\cucumber\ci-environment\9.1.0\ci-environment-9.1.0.jar;C:\Users\WINDOWS 10\.m2\repository\io\cucumber\cucumber-java\7.11.0\cucumber-java-7.11.0.jar;C:\Users\WINDOWS 10\.m2\repository\io\cucumber\cucumber-junit\7.11.0\cucumber-junit-7.11.0.jar;C:\Users\WINDOWS 10\.m2\repository\org\apache\commons\commons-csv\1.5\commons-csv-1.5.jar;C:\Users\WINDOWS 10\.m2\repository\net\serenity-bdd\serenity-screenplay\3.6.21\serenity-screenplay-3.6.21.jar;C:\Users\WINDOWS 10\.m2\repository\net\serenity-bdd\serenity-screenplay-webdriver\3.6.21\serenity-screenplay-webdriver-3.6.21.jar;C:\Users\WINDOWS 10\.m2\repository\net\serenity-bdd\serenity-ensure\3.6.21\serenity-ensure-3.6.21.jar;C:\Users\WINDOWS 10\.m2\repository\net\serenity-bdd\serenity-junit\3.6.21\serenity-junit-3.6.21.jar;C:\Users\WINDOWS 10\.m2\repository\org\jetbrains\kotlin\kotlin-stdlib\1.8.10\kotlin-stdlib-1.8.10.jar;C:\Users\WINDOWS 10\.m2\repository\org\jetbrains\kotlin\kotlin-stdlib-common\1.8.10\kotlin-stdlib-common-1.8.10.jar;C:\Users\WINDOWS 10\.m2\repository\org\jetbrains\annotations\13.0\annotations-13.0.jar;C:\Users\WINDOWS 10\.m2\repository\org\junit\platform\junit-platform-launcher\1.8.2\junit-platform-launcher-1.8.2.jar;C:\Users\WINDOWS 10\.m2\repository\org\junit\platform\junit-platform-engine\1.8.2\junit-platform-engine-1.8.2.jar;C:\Users\WINDOWS 10\.m2\repository\org\junit\platform\junit-platform-commons\1.8.2\junit-platform-commons-1.8.2.jar;C:\Users\WINDOWS 10\.m2\repository\org\apiguardian\apiguardian-api\1.1.2\apiguardian-api-1.1.2.jar;C:\Users\WINDOWS 10\.m2\repository\org\junit\jupiter\junit-jupiter-engine\5.8.2\junit-jupiter-engine-5.8.2.jar;C:\Users\WINDOWS 10\.m2\repository\org\junit\jupiter\junit-jupiter-api\5.8.2\junit-jupiter-api-5.8.2.jar;C:\Users\WINDOWS 10\.m2\repository\org\junit\vintage\junit-vintage-engine\5.8.2\junit-vintage-engine-5.8.2.jar;C:\Users\WINDOWS 10\.m2\repository\junit\junit\4.13.2\junit-4.13.2.jar;C:\Users\WINDOWS 10\.m2\repository\org\hamcrest\hamcrest-core\1.3\hamcrest-core-1.3.jar;C:\Users\WINDOWS 10\.m2\repository\ch\qos\logback\logback-classic\1.2.10\logback-classic-1.2.10.jar;C:\Users\WINDOWS 10\.m2\repository\ch\qos\logback\logback-core\1.2.10\logback-core-1.2.10.jar;C:\Users\WINDOWS 10\.m2\repository\org\slf4j\slf4j-api\1.7.32\slf4j-api-1.7.32.jar;C:\Users\WINDOWS 10\.m2\repository\org\assertj\assertj-core\3.23.1\assertj-core-3.23.1.jar;C:\Users\WINDOWS 10\.m2\repository\net\bytebuddy\byte-buddy\1.12.10\byte-buddy-1.12.10.jar;C:\Users\WINDOWS 10\.m2\repository\com\googlecode\json-simple\json-simple\1.1.1\json-simple-1.1.1.jar;C:\Users\WINDOWS 10\.m2\repository\org\apache\maven\surefire\surefire-junit-platform\3.0.0-M5\surefire-junit-platform-3.0.0-M5.jar;C:\Users\WINDOWS 10\.m2\repository\org\apache\maven\surefire\common-java5\3.0.0-M5\common-java5-3.0.0-M5.jar"/>
    <property name="user.script" value=""/>
    <property name="java.protocol.handler.pkgs" value="com.google.common"/>
    <property name="sun.management.compiler" value="HotSpot 64-Bit Tiered Compilers"/>
    <property name="java.runtime.version" value="15+36-1562"/>
    <property name="user.name" value="WINDOWS 10"/>
    <property name="path.separator" value=";"/>
    <property name="os.version" value="10.0"/>
    <property name="java.runtime.name" value="Java(TM) SE Runtime Environment"/>
    <property name="file.encoding" value="Cp1252"/>
    <property name="webdriver.base.url" value=""/>
    <property name="java.vm.name" value="Java HotSpot(TM) 64-Bit Server VM"/>
    <property name="localRepository" value="C:\Users\WINDOWS 10\.m2\repository"/>
    <property name="java.vendor.url.bug" value="https://bugreport.java.com/bugreport/"/>
    <property name="java.io.tmpdir" value="C:\Users\WINDOW~1\AppData\Local\Temp\"/>
    <property name="java.version" value="15"/>
    <property name="user.dir" value="C:\Users\WINDOWS 10\Documents\GitHub\MiniProject_QE\Web\code\minpro"/>
    <property name="os.arch" value="amd64"/>
    <property name="java.vm.specification.name" value="Java Virtual Machine Specification"/>
    <property name="sun.os.patch.level" value=""/>
    <property name="java.library.path" value="C:\Program Files\Java\jdk-15\bin;C:\WINDOWS\Sun\Java\bin;C:\WINDOWS\system32;C:\WINDOWS;C:\Program Files\Common Files\Oracle\Java\javapath;C:\Program Files (x86)\Common Files\Oracle\Java\javapath;C:\WINDOWS\system32;C:\WINDOWS;C:\WINDOWS\System32\Wbem;C:\WINDOWS\System32\WindowsPowerShell\v1.0\;C:\WINDOWS\System32\OpenSSH\;F:\PerCoolyeahan\Instalasi\XAMPP\php;C:\Program Files\Git\cmd;C:\ProgramData\ComposerSetup\bin;C:\Program Files\nodejs\;C:\PROGRA~1\IBM\SQLLIB~1\BIN;C:\PROGRA~1\IBM\SQLLIB~1\FUNCTION;C:\PROGRA~1\IBM\SQLLIB~1\SAMPLES\REPL;C:\Program Files\Cloudflare\Cloudflare WARP\;C:\Program Files\apache-maven-3.9.1\bin;C:\Users\WINDOWS 10\AppData\Local\Android\Sdk\tools;C:\Users\WINDOWS 10\AppData\Local\Android\Sdk\tools\bin;C:\Users\WINDOWS 10\AppData\Local\Android\Sdk\platform\tools;C:\Program Files\Gradle\gradle-8.1\bin;C:\Program Files\MySQL\MySQL Shell 8.0\bin\;C:\Users\WINDOWS 10\AppData\Local\Microsoft\WindowsApps;C:\Users\WINDOWS 10\AppData\Local\Programs\Microsoft VS Code\bin;C:\Users\WINDOWS 10\AppData\Roaming\Composer\vendor\bin;C:\Users\WINDOWS 10\AppData\Roaming\npm;C:\Users\WINDOWS 10\AppData\Local\GitHubDesktop\bin;C:\Users\WINDOWS 10\AppData\Local\spicetify;C:\Users\WINDOWS 10\AppData\Local\Android\Sdk\tools;C:\Users\WINDOWS 10\AppData\Local\Android\Sdk\tools\bin;C:\Users\WINDOWS 10\AppData\Local\Android\Sdk\platform-tools;C:\Program Files\Gradle\gradle-8.1\bin;;."/>
    <property name="java.vm.info" value="mixed mode"/>
    <property name="java.vendor" value="Oracle Corporation"/>
    <property name="java.vm.version" value="15+36-1562"/>
    <property name="sun.io.unicode.encoding" value="UnicodeLittle"/>
    <property name="java.class.version" value="59.0"/>
  </properties>
  <testcase name="Register with valid data" classname="Register to Alta-shop Account" time="6.678">
    <system-out><![CDATA[10:39:35.242 [main] DEBUG net.thucydides.core.guice.Injectors - Created injector for module net.thucydides.core.guice.ThucydidesModule
10:39:35.502 [main] DEBUG io.cucumber.core.plugin.SerenityReporter - Running feature from file:///C:/Users/WINDOWS%2010/Documents/GitHub/MiniProject_QE/Web/code/minpro/src/test/resources/features/1.%20Register.feature
10:39:35.637 [main] DEBUG net.thucydides.core.guice.Injectors - Created injector for module net.thucydides.core.guice.webdriver.WebDriverModule
10:39:35.648 [main] INFO  - 

-------------------------------------------------------------------------------------
     _______. _______ .______       _______ .__   __.  __  .___________.____    ____ 
    /       ||   ____||   _  \     |   ____||  \ |  | |  | |           |\   \  /   / 
   |   (----`|  |__   |  |_)  |    |  |__   |   \|  | |  | `---|  |----` \   \/   /  
    \   \    |   __|  |      /     |   __|  |  . `  | |  |     |  |       \_    _/   
.----)   |   |  |____ |  |\  \----.|  |____ |  |\   | |  |     |  |         |  |     
|_______/    |_______|| _| `._____||_______||__| \__| |__|     |__|         |__|    
                                                                                     
 News and tutorials at http://www.serenity-bdd.info                                  
 Documentation at https://wakaleo.gitbooks.io/the-serenity-book/content/             
 Join the Serenity Community on Gitter: https://gitter.im/serenity-bdd/serenity-core 
 Serenity BDD Support and Training at http://serenity-bdd.info/#/trainingandsupport  
-------------------------------------------------------------------------------------

10:39:35.651 [main] DEBUG net.thucydides.core.steps.StepEventBus - Test suite started for story net.thucydides.core.model.Story@529b74ce
10:39:35.652 [main] INFO  - Test Suite Started: Register to Alta-shop Account
10:39:35.662 [main] DEBUG io.cucumber.core.plugin.SerenityReporter - Running feature from file:///C:/Users/WINDOWS%2010/Documents/GitHub/MiniProject_QE/Web/code/minpro/src/test/resources/features/2.%20Login.feature
10:39:35.666 [main] DEBUG net.thucydides.core.steps.StepEventBus - Test suite started for story net.thucydides.core.model.Story@dffa83ad
10:39:35.666 [main] INFO  - Test Suite Started: Login to Alta-shop Account
10:39:35.667 [main] DEBUG io.cucumber.core.plugin.SerenityReporter - Running feature from file:///C:/Users/WINDOWS%2010/Documents/GitHub/MiniProject_QE/Web/code/minpro/src/test/resources/features/3.%20Product.feature
10:39:35.671 [main] DEBUG net.thucydides.core.steps.StepEventBus - Test suite started for story net.thucydides.core.model.Story@8d346be0
10:39:35.673 [main] INFO  - Test Suite Started: Product
10:39:35.673 [main] DEBUG io.cucumber.core.plugin.SerenityReporter - Running feature from file:///C:/Users/WINDOWS%2010/Documents/GitHub/MiniProject_QE/Web/code/minpro/src/test/resources/features/4.%20Category.feature
10:39:35.677 [main] DEBUG net.thucydides.core.steps.StepEventBus - Test suite started for story net.thucydides.core.model.Story@45bcdf51
10:39:35.678 [main] INFO  - Test Suite Started: Category
10:39:35.678 [main] DEBUG io.cucumber.core.plugin.SerenityReporter - Running feature from file:///C:/Users/WINDOWS%2010/Documents/GitHub/MiniProject_QE/Web/code/minpro/src/test/resources/features/5.%20Transaction.feature
10:39:35.681 [main] DEBUG net.thucydides.core.steps.StepEventBus - Test suite started for story net.thucydides.core.model.Story@9c152c7e
10:39:35.682 [main] INFO  - Test Suite Started: Transaction
10:39:35.682 [main] DEBUG io.cucumber.core.plugin.SerenityReporter - Running feature from file:///C:/Users/WINDOWS%2010/Documents/GitHub/MiniProject_QE/Web/code/minpro/src/test/resources/features/6.%20Logout.feature
10:39:35.685 [main] DEBUG net.thucydides.core.steps.StepEventBus - Test suite started for story net.thucydides.core.model.Story@17228dd2
10:39:35.686 [main] INFO  - Test Suite Started: Logout from Alta-shop Account
10:39:35.686 [main] DEBUG io.cucumber.core.plugin.SerenityReporter - Running feature from file:///C:/Users/WINDOWS%2010/Documents/GitHub/MiniProject_QE/Web/code/minpro/src/test/resources/features/1.%20Register.feature
10:39:35.689 [main] DEBUG net.thucydides.core.steps.StepEventBus - Test suite started for story net.thucydides.core.model.Story@529b74ce
10:39:35.690 [main] INFO  - Test Suite Started: Register to Alta-shop Account

Scenario: Register with valid data          &amp#27;[90m# src/test/resources/features/1. Register.feature:7&amp#27;[0m
10:39:35.774 [main] DEBUG io.cucumber.core.plugin.SerenityReporter - Running feature from file:///C:/Users/WINDOWS%2010/Documents/GitHub/MiniProject_QE/Web/code/minpro/src/test/resources/features/1.%20Register.feature
10:39:35.881 [main] INFO  - 
  _____   ___   ___   _____     ___   _____     _     ___   _____   ___   ___  
 |_   _| | __| / __| |_   _|   / __| |_   _|   /_\   | _ \ |_   _| | __| |   \ 
   | |   | _|  \__ \   | |     \__ \   | |    / _ \  |   /   | |   | _|  | |) |
   |_|   |___| |___/   |_|     |___/   |_|   /_/ \_\ |_|_\   |_|   |___| |___/ 

Register with valid data(register-to-alta-shop-account;register-with-valid-data)
--------------------------------------------------------------------------------
10:39:35.933 [main] DEBUG net.thucydides.core.requirements.model.cucumber.CucumberParser - Loading feature C:\Users\WINDOWS 10\Documents\GitHub\MiniProject_QE\Web\code\minpro\src\test\resources\features\1. Register.feature
10:39:35.951 [main] DEBUG net.thucydides.core.requirements.model.cucumber.CucumberParser - Loading feature C:\Users\WINDOWS 10\Documents\GitHub\MiniProject_QE\Web\code\minpro\src\test\resources\features\2. Login.feature
10:39:35.956 [main] DEBUG net.thucydides.core.requirements.model.cucumber.CucumberParser - Loading feature C:\Users\WINDOWS 10\Documents\GitHub\MiniProject_QE\Web\code\minpro\src\test\resources\features\3. Product.feature
10:39:35.960 [main] DEBUG net.thucydides.core.requirements.model.cucumber.CucumberParser - Loading feature C:\Users\WINDOWS 10\Documents\GitHub\MiniProject_QE\Web\code\minpro\src\test\resources\features\4. Category.feature
10:39:35.963 [main] DEBUG net.thucydides.core.requirements.model.cucumber.CucumberParser - Loading feature C:\Users\WINDOWS 10\Documents\GitHub\MiniProject_QE\Web\code\minpro\src\test\resources\features\5. Transaction.feature
10:39:35.968 [main] DEBUG net.thucydides.core.requirements.model.cucumber.CucumberParser - Loading feature C:\Users\WINDOWS 10\Documents\GitHub\MiniProject_QE\Web\code\minpro\src\test\resources\features\6. Logout.feature
10:39:36.578 [main] DEBUG net.thucydides.core.steps.StepInterceptor - STARTING STEP: LoginSteps.onTheLoginPage - openPage
10:39:36.668 [main] INFO net.serenitybdd.core.webdriver.driverproviders.ChromeDriverProvider - Starting Chrome driver instance with capabilities:
10:39:36.670 [main] INFO net.serenitybdd.core.webdriver.driverproviders.ChromeDriverProvider - Capabilities {acceptInsecureCerts: false, browserName: chrome, goog:chromeOptions: {args: [remote-allow-origins=*], extensions: []}}
10:39:36.748 [main] DEBUG io.netty.util.internal.logging.InternalLoggerFactory - Using SLF4J as the default logging framework
10:39:36.750 [main] DEBUG io.netty.util.ResourceLeakDetector - -Dio.netty.leakDetection.level: simple
10:39:36.750 [main] DEBUG io.netty.util.ResourceLeakDetector - -Dio.netty.leakDetection.targetRecords: 4
10:39:36.754 [main] DEBUG io.netty.util.ResourceLeakDetectorFactory - Loaded default ResourceLeakDetector: io.netty.util.ResourceLeakDetector@ceb7701
10:39:36.768 [main] DEBUG io.netty.util.internal.PlatformDependent0 - -Dio.netty.noUnsafe: false
10:39:36.768 [main] DEBUG io.netty.util.internal.PlatformDependent0 - Java version: 15
10:39:36.769 [main] DEBUG io.netty.util.internal.PlatformDependent0 - sun.misc.Unsafe.theUnsafe: available
10:39:36.770 [main] DEBUG io.netty.util.internal.PlatformDependent0 - sun.misc.Unsafe.copyMemory: available
10:39:36.770 [main] DEBUG io.netty.util.internal.PlatformDependent0 - sun.misc.Unsafe.storeFence: available
10:39:36.770 [main] DEBUG io.netty.util.internal.PlatformDependent0 - java.nio.Buffer.address: available
10:39:36.771 [main] DEBUG io.netty.util.internal.PlatformDependent0 - direct buffer constructor: unavailable: Reflective setAccessible(true) disabled
10:39:36.771 [main] DEBUG io.netty.util.internal.PlatformDependent0 - java.nio.Bits.unaligned: available, true
10:39:36.772 [main] DEBUG io.netty.util.internal.PlatformDependent0 - jdk.internal.misc.Unsafe.allocateUninitializedArray(int): unavailable: class io.netty.util.internal.PlatformDependent0$7 cannot access class jdk.internal.misc.Unsafe (in module java.base) because module java.base does not export jdk.internal.misc to unnamed module @49a64d82
10:39:36.773 [main] DEBUG io.netty.util.internal.PlatformDependent0 - java.nio.DirectByteBuffer.<init>(long, int): unavailable
10:39:36.773 [main] DEBUG io.netty.util.internal.PlatformDependent - sun.misc.Unsafe: available
10:39:36.774 [main] DEBUG io.netty.util.internal.PlatformDependent - maxDirectMemory: 4133486592 bytes (maybe)
10:39:36.774 [main] DEBUG io.netty.util.internal.PlatformDependent - -Dio.netty.tmpdir: C:\Users\WINDOW~1\AppData\Local\Temp (java.io.tmpdir)
10:39:36.775 [main] DEBUG io.netty.util.internal.PlatformDependent - -Dio.netty.bitMode: 64 (sun.arch.data.model)
10:39:36.775 [main] DEBUG io.netty.util.internal.PlatformDependent - Platform: Windows
10:39:36.775 [main] DEBUG io.netty.util.internal.PlatformDependent - -Dio.netty.maxDirectMemory: -1 bytes
10:39:36.775 [main] DEBUG io.netty.util.internal.PlatformDependent - -Dio.netty.uninitializedArrayAllocationThreshold: -1
10:39:36.776 [main] DEBUG io.netty.util.internal.CleanerJava9 - java.nio.ByteBuffer.cleaner(): available
10:39:36.776 [main] DEBUG io.netty.util.internal.PlatformDependent - -Dio.netty.noPreferDirect: false
10:39:36.788 [main] DEBUG io.netty.util.internal.PlatformDependent - org.jctools-core.MpscChunkedArrayQueue: available
10:39:36.809 [main] DEBUG io.netty.util.internal.InternalThreadLocalMap - -Dio.netty.threadLocalMap.stringBuilder.initialSize: 1024
10:39:36.809 [main] DEBUG io.netty.util.internal.InternalThreadLocalMap - -Dio.netty.threadLocalMap.stringBuilder.maxSize: 4096
10:39:36.933 [main] DEBUG io.netty.handler.ssl.JdkSslContext - Default protocols (JDK): [TLSv1.3, TLSv1.2, TLSv1.1, TLSv1] 
10:39:36.933 [main] DEBUG io.netty.handler.ssl.JdkSslContext - Default cipher suites (JDK): [TLS_ECDHE_ECDSA_WITH_AES_256_GCM_SHA384, TLS_ECDHE_ECDSA_WITH_AES_128_GCM_SHA256, TLS_ECDHE_RSA_WITH_AES_128_GCM_SHA256, TLS_ECDHE_RSA_WITH_AES_256_GCM_SHA384, TLS_ECDHE_RSA_WITH_AES_128_CBC_SHA, TLS_ECDHE_RSA_WITH_AES_256_CBC_SHA, TLS_RSA_WITH_AES_128_GCM_SHA256, TLS_RSA_WITH_AES_128_CBC_SHA, TLS_RSA_WITH_AES_256_CBC_SHA, TLS_AES_128_GCM_SHA256, TLS_AES_256_GCM_SHA384]
10:39:36.956 [main] DEBUG io.netty.channel.MultithreadEventLoopGroup - -Dio.netty.eventLoopThreads: 32
10:39:36.964 [main] DEBUG io.netty.channel.nio.NioEventLoop - -Dio.netty.noKeySetOptimization: false
10:39:36.965 [main] DEBUG io.netty.channel.nio.NioEventLoop - -Dio.netty.selectorAutoRebuildThreshold: 512
10:39:37.016 [main] DEBUG io.netty.buffer.PooledByteBufAllocator - -Dio.netty.allocator.numHeapArenas: 32
10:39:37.016 [main] DEBUG io.netty.buffer.PooledByteBufAllocator - -Dio.netty.allocator.numDirectArenas: 32
10:39:37.016 [main] DEBUG io.netty.buffer.PooledByteBufAllocator - -Dio.netty.allocator.pageSize: 8192
10:39:37.016 [main] DEBUG io.netty.buffer.PooledByteBufAllocator - -Dio.netty.allocator.maxOrder: 9
10:39:37.016 [main] DEBUG io.netty.buffer.PooledByteBufAllocator - -Dio.netty.allocator.chunkSize: 4194304
10:39:37.016 [main] DEBUG io.netty.buffer.PooledByteBufAllocator - -Dio.netty.allocator.smallCacheSize: 256
10:39:37.016 [main] DEBUG io.netty.buffer.PooledByteBufAllocator - -Dio.netty.allocator.normalCacheSize: 64
10:39:37.016 [main] DEBUG io.netty.buffer.PooledByteBufAllocator - -Dio.netty.allocator.maxCachedBufferCapacity: 32768
10:39:37.016 [main] DEBUG io.netty.buffer.PooledByteBufAllocator - -Dio.netty.allocator.cacheTrimInterval: 8192
10:39:37.016 [main] DEBUG io.netty.buffer.PooledByteBufAllocator - -Dio.netty.allocator.cacheTrimIntervalMillis: 0
10:39:37.016 [main] DEBUG io.netty.buffer.PooledByteBufAllocator - -Dio.netty.allocator.useCacheForAllThreads: false
10:39:37.016 [main] DEBUG io.netty.buffer.PooledByteBufAllocator - -Dio.netty.allocator.maxCachedByteBuffersPerChunk: 1023
10:39:37.027 [main] DEBUG io.netty.buffer.ByteBufUtil - -Dio.netty.allocator.type: pooled
10:39:37.027 [main] DEBUG io.netty.buffer.ByteBufUtil - -Dio.netty.threadLocalDirectBufferSize: 0
10:39:37.027 [main] DEBUG io.netty.buffer.ByteBufUtil - -Dio.netty.maxThreadLocalCharBufferSize: 16384
10:39:37.759 [Forwarding newSession on session null to remote] DEBUG io.netty.channel.DefaultChannelId - -Dio.netty.processId: 4248 (auto-detected)
10:39:37.761 [Forwarding newSession on session null to remote] DEBUG io.netty.util.NetUtil - -Djava.net.preferIPv4Stack: false
10:39:37.761 [Forwarding newSession on session null to remote] DEBUG io.netty.util.NetUtil - -Djava.net.preferIPv6Addresses: false
10:39:37.782 [Forwarding newSession on session null to remote] DEBUG io.netty.util.NetUtilInitializations - Loopback interface: lo (Software Loopback Interface 1, 127.0.0.1)
10:39:37.782 [Forwarding newSession on session null to remote] DEBUG io.netty.util.NetUtil - Failed to get SOMAXCONN from sysctl and file \proc\sys\net\core\somaxconn. Default: 200
10:39:37.831 [Forwarding newSession on session null to remote] DEBUG io.netty.channel.DefaultChannelId - -Dio.netty.machineId: 34:cf:f6:ff:fe:2b:0c:19 (auto-detected)
10:39:37.864 [AsyncHttpClient-1-2] DEBUG io.netty.buffer.AbstractByteBuf - -Dio.netty.buffer.checkAccessible: true
10:39:37.864 [AsyncHttpClient-1-2] DEBUG io.netty.buffer.AbstractByteBuf - -Dio.netty.buffer.checkBounds: true
10:39:37.864 [AsyncHttpClient-1-2] DEBUG io.netty.util.ResourceLeakDetectorFactory - Loaded default ResourceLeakDetector: io.netty.util.ResourceLeakDetector@508487df
10:39:37.872 [AsyncHttpClient-1-2] DEBUG org.asynchttpclient.netty.channel.NettyConnectListener - Using new Channel '[id: 0x1e464860, L:/127.0.0.1:55117 - R:localhost/127.0.0.1:47036]' for 'POST' to '/session'
10:39:37.882 [AsyncHttpClient-1-2] DEBUG io.netty.util.Recycler - -Dio.netty.recycler.maxCapacityPerThread: 4096
10:39:37.882 [AsyncHttpClient-1-2] DEBUG io.netty.util.Recycler - -Dio.netty.recycler.ratio: 8
10:39:37.882 [AsyncHttpClient-1-2] DEBUG io.netty.util.Recycler - -Dio.netty.recycler.chunkSize: 32
10:39:37.882 [AsyncHttpClient-1-2] DEBUG io.netty.util.Recycler - -Dio.netty.recycler.blocking: false
10:39:38.489 [AsyncHttpClient-1-2] DEBUG io.netty.handler.codec.compression.Brotli - brotli4j not in the classpath; Brotli support will be unavailable.
10:39:38.489 [AsyncHttpClient-1-2] DEBUG org.asynchttpclient.netty.handler.HttpHandler - 

Request DefaultHttpRequest(decodeResult: success, version: HTTP/1.1)
POST /session HTTP/1.1
User-Agent: selenium/4.8.1 (java windows)
Content-Length: 507
Content-Type: application/json; charset=utf-8
host: localhost:47036
accept: */*

Response DefaultHttpResponse(decodeResult: success, version: HTTP/1.1)
HTTP/1.1 200 OK
Content-Length: 862
Content-Type: application/json; charset=utf-8
cache-control: no-cache

10:39:38.495 [AsyncHttpClient-1-2] DEBUG org.asynchttpclient.netty.channel.ChannelManager - Adding key: http://localhost:47036 for channel [id: 0x1e464860, L:/127.0.0.1:55117 - R:localhost/127.0.0.1:47036]
10:39:38.558 [AsyncHttpClient-1-3] DEBUG org.asynchttpclient.netty.channel.NettyConnectListener - Using new Channel '[id: 0xa9302337, L:/127.0.0.1:55125 - R:localhost/127.0.0.1:55118]' for 'GET' to '/json/version'
10:39:38.562 [AsyncHttpClient-1-3] DEBUG org.asynchttpclient.netty.handler.HttpHandler - 

Request DefaultFullHttpRequest(decodeResult: success, version: HTTP/1.1, content: EmptyByteBufBE)
GET /json/version HTTP/1.1
User-Agent: selenium/4.8.1 (java windows)
host: localhost:55118
accept: */*

Response DefaultHttpResponse(decodeResult: success, version: HTTP/1.1)
HTTP/1.1 200 OK
Content-Security-Policy: frame-ancestors 'none'
Content-Length: 424
Content-Type: application/json; charset=UTF-8

10:39:38.562 [AsyncHttpClient-1-3] DEBUG org.asynchttpclient.netty.channel.ChannelManager - Adding key: http://localhost:55118 for channel [id: 0xa9302337, L:/127.0.0.1:55125 - R:localhost/127.0.0.1:55118]
10:39:38.569 [main] DEBUG io.netty.util.internal.ThreadLocalRandom - -Dio.netty.initialSeedUniquifier: 0x15de89ba50df5d90
10:39:38.571 [AsyncHttpClient-1-4] DEBUG org.asynchttpclient.netty.channel.NettyConnectListener - Using new Channel '[id: 0x7e347e87, L:/127.0.0.1:55126 - R:localhost/127.0.0.1:55118]' for 'GET' to '/devtools/browser/0d2d3f64-9d13-42d4-b247-18c430fd3697'
10:39:38.575 [AsyncHttpClient-1-4] DEBUG org.asynchttpclient.netty.handler.WebSocketHandler - 

Request DefaultFullHttpRequest(decodeResult: success, version: HTTP/1.1, content: EmptyByteBufBE)
GET /devtools/browser/0d2d3f64-9d13-42d4-b247-18c430fd3697 HTTP/1.1
upgrade: websocket
connection: upgrade
sec-websocket-key: FuNfLZByy5vk8pGnTl+9Tw==
sec-websocket-version: 13
origin: http://localhost:55118
host: localhost:55118
accept: */*
user-agent: AHC/2.1

Response DefaultHttpResponse(decodeResult: success, version: HTTP/1.1)
HTTP/1.1 101 WebSocket Protocol Handshake
Upgrade: WebSocket
Connection: Upgrade
Sec-WebSocket-Accept: uN0dDNb8blIGxjGIcjV0Q5yNN/k=

10:39:38.655 [Forwarding get on session b55145e5d59589ae7530751410cd76c2 to remote] DEBUG org.asynchttpclient.netty.request.NettyRequestSender - Using pooled Channel '[id: 0x1e464860, L:/127.0.0.1:55117 - R:localhost/127.0.0.1:47036]' for 'POST' to 'http://localhost:47036/session/b55145e5d59589ae7530751410cd76c2/url'
10:39:38.655 [Forwarding get on session b55145e5d59589ae7530751410cd76c2 to remote] DEBUG org.asynchttpclient.netty.request.NettyRequestSender - Using open Channel [id: 0x1e464860, L:/127.0.0.1:55117 - R:localhost/127.0.0.1:47036] for POST '/session/b55145e5d59589ae7530751410cd76c2/url'
10:39:39.109 [AsyncHttpClient-1-1] DEBUG org.asynchttpclient.netty.channel.DefaultChannelPool - Entry count for : http://localhost:55118 : 1
10:39:39.595 [AsyncHttpClient-1-2] DEBUG org.asynchttpclient.netty.handler.HttpHandler - 

Request DefaultHttpRequest(decodeResult: success, version: HTTP/1.1)
POST /session/b55145e5d59589ae7530751410cd76c2/url HTTP/1.1
User-Agent: selenium/4.8.1 (java windows)
Content-Length: 74
Content-Type: application/json; charset=utf-8
host: localhost:47036
accept: */*

Response DefaultHttpResponse(decodeResult: success, version: HTTP/1.1)
HTTP/1.1 200 OK
Content-Length: 14
Content-Type: application/json; charset=utf-8
cache-control: no-cache

10:39:39.596 [AsyncHttpClient-1-2] DEBUG org.asynchttpclient.netty.channel.ChannelManager - Adding key: http://localhost:47036 for channel [id: 0x1e464860, L:/127.0.0.1:55117 - R:localhost/127.0.0.1:47036]
10:39:39.599 [Forwarding setTimeout on session b55145e5d59589ae7530751410cd76c2 to remote] DEBUG org.asynchttpclient.netty.request.NettyRequestSender - Using pooled Channel '[id: 0x1e464860, L:/127.0.0.1:55117 - R:localhost/127.0.0.1:47036]' for 'POST' to 'http://localhost:47036/session/b55145e5d59589ae7530751410cd76c2/timeouts'
10:39:39.600 [Forwarding setTimeout on session b55145e5d59589ae7530751410cd76c2 to remote] DEBUG org.asynchttpclient.netty.request.NettyRequestSender - Using open Channel [id: 0x1e464860, L:/127.0.0.1:55117 - R:localhost/127.0.0.1:47036] for POST '/session/b55145e5d59589ae7530751410cd76c2/timeouts'
10:39:39.601 [AsyncHttpClient-1-2] DEBUG org.asynchttpclient.netty.handler.HttpHandler - 

Request DefaultHttpRequest(decodeResult: success, version: HTTP/1.1)
POST /session/b55145e5d59589ae7530751410cd76c2/timeouts HTTP/1.1
User-Agent: selenium/4.8.1 (java windows)
Content-Length: 22
Content-Type: application/json; charset=utf-8
host: localhost:47036
accept: */*

Response DefaultHttpResponse(decodeResult: success, version: HTTP/1.1)
HTTP/1.1 200 OK
Content-Length: 14
Content-Type: application/json; charset=utf-8
cache-control: no-cache

10:39:39.602 [AsyncHttpClient-1-2] DEBUG org.asynchttpclient.netty.channel.ChannelManager - Adding key: http://localhost:47036 for channel [id: 0x1e464860, L:/127.0.0.1:55117 - R:localhost/127.0.0.1:47036]
10:39:39.623 [main] DEBUG net.serenitybdd.core.photography.Darkroom - Opening darkroom
10:39:39.624 [Darkroom Processing Line] DEBUG net.serenitybdd.core.photography.DarkroomProcessingLine - Darkroom processing line starting up
10:39:39.633 [Forwarding getAlertText on session b55145e5d59589ae7530751410cd76c2 to remote] DEBUG org.asynchttpclient.netty.request.NettyRequestSender - Using pooled Channel '[id: 0x1e464860, L:/127.0.0.1:55117 - R:localhost/127.0.0.1:47036]' for 'GET' to 'http://localhost:47036/session/b55145e5d59589ae7530751410cd76c2/alert/text'
10:39:39.634 [Forwarding getAlertText on session b55145e5d59589ae7530751410cd76c2 to remote] DEBUG org.asynchttpclient.netty.request.NettyRequestSender - Using open Channel [id: 0x1e464860, L:/127.0.0.1:55117 - R:localhost/127.0.0.1:47036] for GET '/session/b55145e5d59589ae7530751410cd76c2/alert/text'
10:39:39.636 [AsyncHttpClient-1-2] DEBUG org.asynchttpclient.netty.handler.HttpHandler - 

Request DefaultFullHttpRequest(decodeResult: success, version: HTTP/1.1, content: EmptyByteBufBE)
GET /session/b55145e5d59589ae7530751410cd76c2/alert/text HTTP/1.1
User-Agent: selenium/4.8.1 (java windows)
Cache-Control: no-cache
Content-Type: application/json; charset=utf-8
host: localhost:47036
accept: */*

Response DefaultHttpResponse(decodeResult: success, version: HTTP/1.1)
HTTP/1.1 404 Not Found
Content-Length: 836
Content-Type: application/json; charset=utf-8
cache-control: no-cache

10:39:39.636 [AsyncHttpClient-1-2] DEBUG org.asynchttpclient.netty.channel.ChannelManager - Adding key: http://localhost:47036 for channel [id: 0x1e464860, L:/127.0.0.1:55117 - R:localhost/127.0.0.1:47036]
10:39:39.642 [Forwarding getCurrentUrl on session b55145e5d59589ae7530751410cd76c2 to remote] DEBUG org.asynchttpclient.netty.request.NettyRequestSender - Using pooled Channel '[id: 0x1e464860, L:/127.0.0.1:55117 - R:localhost/127.0.0.1:47036]' for 'GET' to 'http://localhost:47036/session/b55145e5d59589ae7530751410cd76c2/url'
10:39:39.642 [Forwarding getCurrentUrl on session b55145e5d59589ae7530751410cd76c2 to remote] DEBUG org.asynchttpclient.netty.request.NettyRequestSender - Using open Channel [id: 0x1e464860, L:/127.0.0.1:55117 - R:localhost/127.0.0.1:47036] for GET '/session/b55145e5d59589ae7530751410cd76c2/url'
10:39:39.646 [AsyncHttpClient-1-2] DEBUG org.asynchttpclient.netty.handler.HttpHandler - 

Request DefaultFullHttpRequest(decodeResult: success, version: HTTP/1.1, content: EmptyByteBufBE)
GET /session/b55145e5d59589ae7530751410cd76c2/url HTTP/1.1
User-Agent: selenium/4.8.1 (java windows)
Cache-Control: no-cache
Content-Type: application/json; charset=utf-8
host: localhost:47036
accept: */*

Response DefaultHttpResponse(decodeResult: success, version: HTTP/1.1)
HTTP/1.1 200 OK
Content-Length: 51
Content-Type: application/json; charset=utf-8
cache-control: no-cache

10:39:39.646 [AsyncHttpClient-1-2] DEBUG org.asynchttpclient.netty.channel.ChannelManager - Adding key: http://localhost:47036 for channel [id: 0x1e464860, L:/127.0.0.1:55117 - R:localhost/127.0.0.1:47036]
10:39:39.649 [Forwarding screenshot on session b55145e5d59589ae7530751410cd76c2 to remote] DEBUG org.asynchttpclient.netty.request.NettyRequestSender - Using pooled Channel '[id: 0x1e464860, L:/127.0.0.1:55117 - R:localhost/127.0.0.1:47036]' for 'GET' to 'http://localhost:47036/session/b55145e5d59589ae7530751410cd76c2/screenshot'
10:39:39.649 [Forwarding screenshot on session b55145e5d59589ae7530751410cd76c2 to remote] DEBUG org.asynchttpclient.netty.request.NettyRequestSender - Using open Channel [id: 0x1e464860, L:/127.0.0.1:55117 - R:localhost/127.0.0.1:47036] for GET '/session/b55145e5d59589ae7530751410cd76c2/screenshot'
10:39:39.717 [AsyncHttpClient-1-2] DEBUG org.asynchttpclient.netty.handler.HttpHandler - 

Request DefaultFullHttpRequest(decodeResult: success, version: HTTP/1.1, content: EmptyByteBufBE)
GET /session/b55145e5d59589ae7530751410cd76c2/screenshot HTTP/1.1
User-Agent: selenium/4.8.1 (java windows)
Cache-Control: no-cache
Content-Type: application/json; charset=utf-8
host: localhost:47036
accept: */*

Response DefaultHttpResponse(decodeResult: success, version: HTTP/1.1)
HTTP/1.1 200 OK
Content-Length: 25208
Content-Type: application/json; charset=utf-8
cache-control: no-cache

10:39:39.718 [AsyncHttpClient-1-2] DEBUG org.asynchttpclient.netty.channel.ChannelManager - Adding key: http://localhost:47036 for channel [id: 0x1e464860, L:/127.0.0.1:55117 - R:localhost/127.0.0.1:47036]
10:39:39.767 [main] DEBUG net.serenitybdd.core.photography.Darkroom - Send negative for processing for target\site\serenity\edb14d4aab401efa0e4fb99861e6ffcafebc86a67b69f7828890b9910ed2ddbd.png
10:39:39.768 [Darkroom Processing Line] DEBUG net.serenitybdd.core.photography.DarkroomProcessingLine - Processing screenshot image in /var/screenshots/screenshot-4960721046344493100
10:39:39.768 [Darkroom Processing Line] DEBUG net.serenitybdd.core.photography.DarkroomProcessingLine - Saving screenshot to target\site\serenity\edb14d4aab401efa0e4fb99861e6ffcafebc86a67b69f7828890b9910ed2ddbd.png
10:39:39.770 [main] DEBUG net.thucydides.core.steps.StepInterceptor - STEP DONE: openPage
  &amp#27;[32mGiven &amp#27;[0m&amp#27;[32mI am on the alta-shop login page&amp#27;[0m    &amp#27;[90m# starter.stepdefinitions.LoginSteps.onTheLoginPage()&amp#27;[0m
10:39:39.782 [Forwarding getPageSource on session b55145e5d59589ae7530751410cd76c2 to remote] DEBUG org.asynchttpclient.netty.request.NettyRequestSender - Using pooled Channel '[id: 0x1e464860, L:/127.0.0.1:55117 - R:localhost/127.0.0.1:47036]' for 'POST' to 'http://localhost:47036/session/b55145e5d59589ae7530751410cd76c2/execute/sync'
10:39:39.782 [Forwarding getPageSource on session b55145e5d59589ae7530751410cd76c2 to remote] DEBUG org.asynchttpclient.netty.request.NettyRequestSender - Using open Channel [id: 0x1e464860, L:/127.0.0.1:55117 - R:localhost/127.0.0.1:47036] for POST '/session/b55145e5d59589ae7530751410cd76c2/execute/sync'
10:39:39.788 [AsyncHttpClient-1-2] DEBUG org.asynchttpclient.netty.handler.HttpHandler - 

Request DefaultHttpRequest(decodeResult: success, version: HTTP/1.1)
POST /session/b55145e5d59589ae7530751410cd76c2/execute/sync HTTP/1.1
User-Agent: selenium/4.8.1 (java windows)
Content-Length: 176
Content-Type: application/json; charset=utf-8
host: localhost:47036
accept: */*

Response DefaultHttpResponse(decodeResult: success, version: HTTP/1.1)
HTTP/1.1 200 OK
Content-Length: 21659
Content-Type: application/json; charset=utf-8
cache-control: no-cache

10:39:39.788 [AsyncHttpClient-1-2] DEBUG org.asynchttpclient.netty.channel.ChannelManager - Adding key: http://localhost:47036 for channel [id: 0x1e464860, L:/127.0.0.1:55117 - R:localhost/127.0.0.1:47036]
10:39:39.841 [Forwarding getCurrentUrl on session b55145e5d59589ae7530751410cd76c2 to remote] DEBUG org.asynchttpclient.netty.request.NettyRequestSender - Using pooled Channel '[id: 0x1e464860, L:/127.0.0.1:55117 - R:localhost/127.0.0.1:47036]' for 'GET' to 'http://localhost:47036/session/b55145e5d59589ae7530751410cd76c2/url'
10:39:39.841 [Forwarding getCurrentUrl on session b55145e5d59589ae7530751410cd76c2 to remote] DEBUG org.asynchttpclient.netty.request.NettyRequestSender - Using open Channel [id: 0x1e464860, L:/127.0.0.1:55117 - R:localhost/127.0.0.1:47036] for GET '/session/b55145e5d59589ae7530751410cd76c2/url'
10:39:39.844 [AsyncHttpClient-1-2] DEBUG org.asynchttpclient.netty.handler.HttpHandler - 

Request DefaultFullHttpRequest(decodeResult: success, version: HTTP/1.1, content: EmptyByteBufBE)
GET /session/b55145e5d59589ae7530751410cd76c2/url HTTP/1.1
User-Agent: selenium/4.8.1 (java windows)
Cache-Control: no-cache
Content-Type: application/json; charset=utf-8
host: localhost:47036
accept: */*

Response DefaultHttpResponse(decodeResult: success, version: HTTP/1.1)
HTTP/1.1 200 OK
Content-Length: 51
Content-Type: application/json; charset=utf-8
cache-control: no-cache

10:39:39.844 [AsyncHttpClient-1-2] DEBUG org.asynchttpclient.netty.channel.ChannelManager - Adding key: http://localhost:47036 for channel [id: 0x1e464860, L:/127.0.0.1:55117 - R:localhost/127.0.0.1:47036]
10:39:39.924 [Forwarding getAlertText on session b55145e5d59589ae7530751410cd76c2 to remote] DEBUG org.asynchttpclient.netty.request.NettyRequestSender - Using pooled Channel '[id: 0x1e464860, L:/127.0.0.1:55117 - R:localhost/127.0.0.1:47036]' for 'GET' to 'http://localhost:47036/session/b55145e5d59589ae7530751410cd76c2/alert/text'
10:39:39.924 [Forwarding getAlertText on session b55145e5d59589ae7530751410cd76c2 to remote] DEBUG org.asynchttpclient.netty.request.NettyRequestSender - Using open Channel [id: 0x1e464860, L:/127.0.0.1:55117 - R:localhost/127.0.0.1:47036] for GET '/session/b55145e5d59589ae7530751410cd76c2/alert/text'
10:39:39.926 [AsyncHttpClient-1-2] DEBUG org.asynchttpclient.netty.handler.HttpHandler - 

Request DefaultFullHttpRequest(decodeResult: success, version: HTTP/1.1, content: EmptyByteBufBE)
GET /session/b55145e5d59589ae7530751410cd76c2/alert/text HTTP/1.1
User-Agent: selenium/4.8.1 (java windows)
Cache-Control: no-cache
Content-Type: application/json; charset=utf-8
host: localhost:47036
accept: */*

Response DefaultHttpResponse(decodeResult: success, version: HTTP/1.1)
HTTP/1.1 404 Not Found
Content-Length: 836
Content-Type: application/json; charset=utf-8
cache-control: no-cache

10:39:39.927 [AsyncHttpClient-1-2] DEBUG org.asynchttpclient.netty.channel.ChannelManager - Adding key: http://localhost:47036 for channel [id: 0x1e464860, L:/127.0.0.1:55117 - R:localhost/127.0.0.1:47036]
10:39:39.931 [Forwarding getCurrentUrl on session b55145e5d59589ae7530751410cd76c2 to remote] DEBUG org.asynchttpclient.netty.request.NettyRequestSender - Using pooled Channel '[id: 0x1e464860, L:/127.0.0.1:55117 - R:localhost/127.0.0.1:47036]' for 'GET' to 'http://localhost:47036/session/b55145e5d59589ae7530751410cd76c2/url'
10:39:39.932 [Forwarding getCurrentUrl on session b55145e5d59589ae7530751410cd76c2 to remote] DEBUG org.asynchttpclient.netty.request.NettyRequestSender - Using open Channel [id: 0x1e464860, L:/127.0.0.1:55117 - R:localhost/127.0.0.1:47036] for GET '/session/b55145e5d59589ae7530751410cd76c2/url'
10:39:39.937 [AsyncHttpClient-1-2] DEBUG org.asynchttpclient.netty.handler.HttpHandler - 

Request DefaultFullHttpRequest(decodeResult: success, version: HTTP/1.1, content: EmptyByteBufBE)
GET /session/b55145e5d59589ae7530751410cd76c2/url HTTP/1.1
User-Agent: selenium/4.8.1 (java windows)
Cache-Control: no-cache
Content-Type: application/json; charset=utf-8
host: localhost:47036
accept: */*

Response DefaultHttpResponse(decodeResult: success, version: HTTP/1.1)
HTTP/1.1 200 OK
Content-Length: 51
Content-Type: application/json; charset=utf-8
cache-control: no-cache

10:39:39.937 [AsyncHttpClient-1-2] DEBUG org.asynchttpclient.netty.channel.ChannelManager - Adding key: http://localhost:47036 for channel [id: 0x1e464860, L:/127.0.0.1:55117 - R:localhost/127.0.0.1:47036]
10:39:39.940 [Forwarding screenshot on session b55145e5d59589ae7530751410cd76c2 to remote] DEBUG org.asynchttpclient.netty.request.NettyRequestSender - Using pooled Channel '[id: 0x1e464860, L:/127.0.0.1:55117 - R:localhost/127.0.0.1:47036]' for 'GET' to 'http://localhost:47036/session/b55145e5d59589ae7530751410cd76c2/screenshot'
10:39:39.940 [Forwarding screenshot on session b55145e5d59589ae7530751410cd76c2 to remote] DEBUG org.asynchttpclient.netty.request.NettyRequestSender - Using open Channel [id: 0x1e464860, L:/127.0.0.1:55117 - R:localhost/127.0.0.1:47036] for GET '/session/b55145e5d59589ae7530751410cd76c2/screenshot'
10:39:40.032 [AsyncHttpClient-1-2] DEBUG org.asynchttpclient.netty.handler.HttpHandler - 

Request DefaultFullHttpRequest(decodeResult: success, version: HTTP/1.1, content: EmptyByteBufBE)
GET /session/b55145e5d59589ae7530751410cd76c2/screenshot HTTP/1.1
User-Agent: selenium/4.8.1 (java windows)
Cache-Control: no-cache
Content-Type: application/json; charset=utf-8
host: localhost:47036
accept: */*

Response DefaultHttpResponse(decodeResult: success, version: HTTP/1.1)
HTTP/1.1 200 OK
Content-Length: 25208
Content-Type: application/json; charset=utf-8
cache-control: no-cache

10:39:40.033 [AsyncHttpClient-1-2] DEBUG org.asynchttpclient.netty.channel.ChannelManager - Adding key: http://localhost:47036 for channel [id: 0x1e464860, L:/127.0.0.1:55117 - R:localhost/127.0.0.1:47036]
10:39:40.036 [main] DEBUG net.serenitybdd.core.photography.Darkroom - Send negative for processing for target\site\serenity\edb14d4aab401efa0e4fb99861e6ffcafebc86a67b69f7828890b9910ed2ddbd.png
10:39:40.038 [Forwarding getPageSource on session b55145e5d59589ae7530751410cd76c2 to remote] DEBUG org.asynchttpclient.netty.request.NettyRequestSender - Using pooled Channel '[id: 0x1e464860, L:/127.0.0.1:55117 - R:localhost/127.0.0.1:47036]' for 'POST' to 'http://localhost:47036/session/b55145e5d59589ae7530751410cd76c2/execute/sync'
10:39:40.038 [Forwarding getPageSource on session b55145e5d59589ae7530751410cd76c2 to remote] DEBUG org.asynchttpclient.netty.request.NettyRequestSender - Using open Channel [id: 0x1e464860, L:/127.0.0.1:55117 - R:localhost/127.0.0.1:47036] for POST '/session/b55145e5d59589ae7530751410cd76c2/execute/sync'
10:39:40.047 [AsyncHttpClient-1-2] DEBUG org.asynchttpclient.netty.handler.HttpHandler - 

Request DefaultHttpRequest(decodeResult: success, version: HTTP/1.1)
POST /session/b55145e5d59589ae7530751410cd76c2/execute/sync HTTP/1.1
User-Agent: selenium/4.8.1 (java windows)
Content-Length: 176
Content-Type: application/json; charset=utf-8
host: localhost:47036
accept: */*

Response DefaultHttpResponse(decodeResult: success, version: HTTP/1.1)
HTTP/1.1 200 OK
Content-Length: 21659
Content-Type: application/json; charset=utf-8
cache-control: no-cache

10:39:40.047 [AsyncHttpClient-1-2] DEBUG org.asynchttpclient.netty.channel.ChannelManager - Adding key: http://localhost:47036 for channel [id: 0x1e464860, L:/127.0.0.1:55117 - R:localhost/127.0.0.1:47036]
10:39:40.058 [Forwarding getCurrentUrl on session b55145e5d59589ae7530751410cd76c2 to remote] DEBUG org.asynchttpclient.netty.request.NettyRequestSender - Using pooled Channel '[id: 0x1e464860, L:/127.0.0.1:55117 - R:localhost/127.0.0.1:47036]' for 'GET' to 'http://localhost:47036/session/b55145e5d59589ae7530751410cd76c2/url'
10:39:40.059 [Forwarding getCurrentUrl on session b55145e5d59589ae7530751410cd76c2 to remote] DEBUG org.asynchttpclient.netty.request.NettyRequestSender - Using open Channel [id: 0x1e464860, L:/127.0.0.1:55117 - R:localhost/127.0.0.1:47036] for GET '/session/b55145e5d59589ae7530751410cd76c2/url'
10:39:40.062 [AsyncHttpClient-1-2] DEBUG org.asynchttpclient.netty.handler.HttpHandler - 

Request DefaultFullHttpRequest(decodeResult: success, version: HTTP/1.1, content: EmptyByteBufBE)
GET /session/b55145e5d59589ae7530751410cd76c2/url HTTP/1.1
User-Agent: selenium/4.8.1 (java windows)
Cache-Control: no-cache
Content-Type: application/json; charset=utf-8
host: localhost:47036
accept: */*

Response DefaultHttpResponse(decodeResult: success, version: HTTP/1.1)
HTTP/1.1 200 OK
Content-Length: 51
Content-Type: application/json; charset=utf-8
cache-control: no-cache

10:39:40.063 [AsyncHttpClient-1-2] DEBUG org.asynchttpclient.netty.channel.ChannelManager - Adding key: http://localhost:47036 for channel [id: 0x1e464860, L:/127.0.0.1:55117 - R:localhost/127.0.0.1:47036]
10:39:40.066 [main] DEBUG net.thucydides.core.steps.StepInterceptor - STARTING STEP: RegisterSteps.clickLoginButton - clickRegisterLink
10:39:40.081 [Forwarding findElement on session b55145e5d59589ae7530751410cd76c2 to remote] DEBUG org.asynchttpclient.netty.request.NettyRequestSender - Using pooled Channel '[id: 0x1e464860, L:/127.0.0.1:55117 - R:localhost/127.0.0.1:47036]' for 'POST' to 'http://localhost:47036/session/b55145e5d59589ae7530751410cd76c2/element'
10:39:40.081 [Forwarding findElement on session b55145e5d59589ae7530751410cd76c2 to remote] DEBUG org.asynchttpclient.netty.request.NettyRequestSender - Using open Channel [id: 0x1e464860, L:/127.0.0.1:55117 - R:localhost/127.0.0.1:47036] for POST '/session/b55145e5d59589ae7530751410cd76c2/element'
10:39:40.092 [AsyncHttpClient-1-2] DEBUG org.asynchttpclient.netty.handler.HttpHandler - 

Request DefaultHttpRequest(decodeResult: success, version: HTTP/1.1)
POST /session/b55145e5d59589ae7530751410cd76c2/element HTTP/1.1
User-Agent: selenium/4.8.1 (java windows)
Content-Length: 84
Content-Type: application/json; charset=utf-8
host: localhost:47036
accept: */*

Response DefaultHttpResponse(decodeResult: success, version: HTTP/1.1)
HTTP/1.1 200 OK
Content-Length: 88
Content-Type: application/json; charset=utf-8
cache-control: no-cache

10:39:40.092 [AsyncHttpClient-1-2] DEBUG org.asynchttpclient.netty.channel.ChannelManager - Adding key: http://localhost:47036 for channel [id: 0x1e464860, L:/127.0.0.1:55117 - R:localhost/127.0.0.1:47036]
10:39:40.095 [Forwarding getElementTagName on session b55145e5d59589ae7530751410cd76c2 to remote] DEBUG org.asynchttpclient.netty.request.NettyRequestSender - Using pooled Channel '[id: 0x1e464860, L:/127.0.0.1:55117 - R:localhost/127.0.0.1:47036]' for 'GET' to 'http://localhost:47036/session/b55145e5d59589ae7530751410cd76c2/element/61ea04fd-59f3-4029-800c-7bb5cb5c13a3/name'
10:39:40.095 [Forwarding getElementTagName on session b55145e5d59589ae7530751410cd76c2 to remote] DEBUG org.asynchttpclient.netty.request.NettyRequestSender - Using open Channel [id: 0x1e464860, L:/127.0.0.1:55117 - R:localhost/127.0.0.1:47036] for GET '/session/b55145e5d59589ae7530751410cd76c2/element/61ea04fd-59f3-4029-800c-7bb5cb5c13a3/name'
10:39:40.099 [AsyncHttpClient-1-2] DEBUG org.asynchttpclient.netty.handler.HttpHandler - 

Request DefaultFullHttpRequest(decodeResult: success, version: HTTP/1.1, content: EmptyByteBufBE)
GET /session/b55145e5d59589ae7530751410cd76c2/element/61ea04fd-59f3-4029-800c-7bb5cb5c13a3/name HTTP/1.1
User-Agent: selenium/4.8.1 (java windows)
Cache-Control: no-cache
Content-Type: application/json; charset=utf-8
host: localhost:47036
accept: */*

Response DefaultHttpResponse(decodeResult: success, version: HTTP/1.1)
HTTP/1.1 200 OK
Content-Length: 13
Content-Type: application/json; charset=utf-8
cache-control: no-cache

10:39:40.100 [AsyncHttpClient-1-2] DEBUG org.asynchttpclient.netty.channel.ChannelManager - Adding key: http://localhost:47036 for channel [id: 0x1e464860, L:/127.0.0.1:55117 - R:localhost/127.0.0.1:47036]
10:39:40.101 [Forwarding getElementTagName on session b55145e5d59589ae7530751410cd76c2 to remote] DEBUG org.asynchttpclient.netty.request.NettyRequestSender - Using pooled Channel '[id: 0x1e464860, L:/127.0.0.1:55117 - R:localhost/127.0.0.1:47036]' for 'GET' to 'http://localhost:47036/session/b55145e5d59589ae7530751410cd76c2/element/61ea04fd-59f3-4029-800c-7bb5cb5c13a3/name'
10:39:40.101 [Forwarding getElementTagName on session b55145e5d59589ae7530751410cd76c2 to remote] DEBUG org.asynchttpclient.netty.request.NettyRequestSender - Using open Channel [id: 0x1e464860, L:/127.0.0.1:55117 - R:localhost/127.0.0.1:47036] for GET '/session/b55145e5d59589ae7530751410cd76c2/element/61ea04fd-59f3-4029-800c-7bb5cb5c13a3/name'
10:39:40.104 [AsyncHttpClient-1-2] DEBUG org.asynchttpclient.netty.handler.HttpHandler - 

Request DefaultFullHttpRequest(decodeResult: success, version: HTTP/1.1, content: EmptyByteBufBE)
GET /session/b55145e5d59589ae7530751410cd76c2/element/61ea04fd-59f3-4029-800c-7bb5cb5c13a3/name HTTP/1.1
User-Agent: selenium/4.8.1 (java windows)
Cache-Control: no-cache
Content-Type: application/json; charset=utf-8
host: localhost:47036
accept: */*

Response DefaultHttpResponse(decodeResult: success, version: HTTP/1.1)
HTTP/1.1 200 OK
Content-Length: 13
Content-Type: application/json; charset=utf-8
cache-control: no-cache

10:39:40.105 [AsyncHttpClient-1-2] DEBUG org.asynchttpclient.netty.channel.ChannelManager - Adding key: http://localhost:47036 for channel [id: 0x1e464860, L:/127.0.0.1:55117 - R:localhost/127.0.0.1:47036]
10:39:40.107 [Forwarding findElement on session b55145e5d59589ae7530751410cd76c2 to remote] DEBUG org.asynchttpclient.netty.request.NettyRequestSender - Using pooled Channel '[id: 0x1e464860, L:/127.0.0.1:55117 - R:localhost/127.0.0.1:47036]' for 'POST' to 'http://localhost:47036/session/b55145e5d59589ae7530751410cd76c2/element'
10:39:40.108 [Forwarding findElement on session b55145e5d59589ae7530751410cd76c2 to remote] DEBUG org.asynchttpclient.netty.request.NettyRequestSender - Using open Channel [id: 0x1e464860, L:/127.0.0.1:55117 - R:localhost/127.0.0.1:47036] for POST '/session/b55145e5d59589ae7530751410cd76c2/element'
10:39:40.113 [AsyncHttpClient-1-2] DEBUG org.asynchttpclient.netty.handler.HttpHandler - 

Request DefaultHttpRequest(decodeResult: success, version: HTTP/1.1)
POST /session/b55145e5d59589ae7530751410cd76c2/element HTTP/1.1
User-Agent: selenium/4.8.1 (java windows)
Content-Length: 84
Content-Type: application/json; charset=utf-8
host: localhost:47036
accept: */*

Response DefaultHttpResponse(decodeResult: success, version: HTTP/1.1)
HTTP/1.1 200 OK
Content-Length: 88
Content-Type: application/json; charset=utf-8
cache-control: no-cache

10:39:40.113 [AsyncHttpClient-1-2] DEBUG org.asynchttpclient.netty.channel.ChannelManager - Adding key: http://localhost:47036 for channel [id: 0x1e464860, L:/127.0.0.1:55117 - R:localhost/127.0.0.1:47036]
10:39:40.115 [Forwarding clickElement on session b55145e5d59589ae7530751410cd76c2 to remote] DEBUG org.asynchttpclient.netty.request.NettyRequestSender - Using pooled Channel '[id: 0x1e464860, L:/127.0.0.1:55117 - R:localhost/127.0.0.1:47036]' for 'POST' to 'http://localhost:47036/session/b55145e5d59589ae7530751410cd76c2/element/61ea04fd-59f3-4029-800c-7bb5cb5c13a3/click'
10:39:40.115 [Forwarding clickElement on session b55145e5d59589ae7530751410cd76c2 to remote] DEBUG org.asynchttpclient.netty.request.NettyRequestSender - Using open Channel [id: 0x1e464860, L:/127.0.0.1:55117 - R:localhost/127.0.0.1:47036] for POST '/session/b55145e5d59589ae7530751410cd76c2/element/61ea04fd-59f3-4029-800c-7bb5cb5c13a3/click'
10:39:40.153 [AsyncHttpClient-1-2] DEBUG org.asynchttpclient.netty.handler.HttpHandler - 

Request DefaultHttpRequest(decodeResult: success, version: HTTP/1.1)
POST /session/b55145e5d59589ae7530751410cd76c2/element/61ea04fd-59f3-4029-800c-7bb5cb5c13a3/click HTTP/1.1
User-Agent: selenium/4.8.1 (java windows)
Content-Length: 50
Content-Type: application/json; charset=utf-8
host: localhost:47036
accept: */*

Response DefaultHttpResponse(decodeResult: success, version: HTTP/1.1)
HTTP/1.1 200 OK
Content-Length: 14
Content-Type: application/json; charset=utf-8
cache-control: no-cache

10:39:40.153 [AsyncHttpClient-1-2] DEBUG org.asynchttpclient.netty.channel.ChannelManager - Adding key: http://localhost:47036 for channel [id: 0x1e464860, L:/127.0.0.1:55117 - R:localhost/127.0.0.1:47036]
10:39:40.162 [Forwarding getAlertText on session b55145e5d59589ae7530751410cd76c2 to remote] DEBUG org.asynchttpclient.netty.request.NettyRequestSender - Using pooled Channel '[id: 0x1e464860, L:/127.0.0.1:55117 - R:localhost/127.0.0.1:47036]' for 'GET' to 'http://localhost:47036/session/b55145e5d59589ae7530751410cd76c2/alert/text'
10:39:40.163 [Forwarding getAlertText on session b55145e5d59589ae7530751410cd76c2 to remote] DEBUG org.asynchttpclient.netty.request.NettyRequestSender - Using open Channel [id: 0x1e464860, L:/127.0.0.1:55117 - R:localhost/127.0.0.1:47036] for GET '/session/b55145e5d59589ae7530751410cd76c2/alert/text'
10:39:40.164 [AsyncHttpClient-1-2] DEBUG org.asynchttpclient.netty.handler.HttpHandler - 

Request DefaultFullHttpRequest(decodeResult: success, version: HTTP/1.1, content: EmptyByteBufBE)
GET /session/b55145e5d59589ae7530751410cd76c2/alert/text HTTP/1.1
User-Agent: selenium/4.8.1 (java windows)
Cache-Control: no-cache
Content-Type: application/json; charset=utf-8
host: localhost:47036
accept: */*

Response DefaultHttpResponse(decodeResult: success, version: HTTP/1.1)
HTTP/1.1 404 Not Found
Content-Length: 836
Content-Type: application/json; charset=utf-8
cache-control: no-cache

10:39:40.164 [AsyncHttpClient-1-2] DEBUG org.asynchttpclient.netty.channel.ChannelManager - Adding key: http://localhost:47036 for channel [id: 0x1e464860, L:/127.0.0.1:55117 - R:localhost/127.0.0.1:47036]
10:39:40.166 [Forwarding getCurrentUrl on session b55145e5d59589ae7530751410cd76c2 to remote] DEBUG org.asynchttpclient.netty.request.NettyRequestSender - Using pooled Channel '[id: 0x1e464860, L:/127.0.0.1:55117 - R:localhost/127.0.0.1:47036]' for 'GET' to 'http://localhost:47036/session/b55145e5d59589ae7530751410cd76c2/url'
10:39:40.166 [Forwarding getCurrentUrl on session b55145e5d59589ae7530751410cd76c2 to remote] DEBUG org.asynchttpclient.netty.request.NettyRequestSender - Using open Channel [id: 0x1e464860, L:/127.0.0.1:55117 - R:localhost/127.0.0.1:47036] for GET '/session/b55145e5d59589ae7530751410cd76c2/url'
10:39:40.170 [AsyncHttpClient-1-2] DEBUG org.asynchttpclient.netty.handler.HttpHandler - 

Request DefaultFullHttpRequest(decodeResult: success, version: HTTP/1.1, content: EmptyByteBufBE)
GET /session/b55145e5d59589ae7530751410cd76c2/url HTTP/1.1
User-Agent: selenium/4.8.1 (java windows)
Cache-Control: no-cache
Content-Type: application/json; charset=utf-8
host: localhost:47036
accept: */*

Response DefaultHttpResponse(decodeResult: success, version: HTTP/1.1)
HTTP/1.1 200 OK
Content-Length: 54
Content-Type: application/json; charset=utf-8
cache-control: no-cache

10:39:40.170 [AsyncHttpClient-1-2] DEBUG org.asynchttpclient.netty.channel.ChannelManager - Adding key: http://localhost:47036 for channel [id: 0x1e464860, L:/127.0.0.1:55117 - R:localhost/127.0.0.1:47036]
10:39:40.171 [Forwarding screenshot on session b55145e5d59589ae7530751410cd76c2 to remote] DEBUG org.asynchttpclient.netty.request.NettyRequestSender - Using pooled Channel '[id: 0x1e464860, L:/127.0.0.1:55117 - R:localhost/127.0.0.1:47036]' for 'GET' to 'http://localhost:47036/session/b55145e5d59589ae7530751410cd76c2/screenshot'
10:39:40.171 [Forwarding screenshot on session b55145e5d59589ae7530751410cd76c2 to remote] DEBUG org.asynchttpclient.netty.request.NettyRequestSender - Using open Channel [id: 0x1e464860, L:/127.0.0.1:55117 - R:localhost/127.0.0.1:47036] for GET '/session/b55145e5d59589ae7530751410cd76c2/screenshot'
10:39:40.204 [AsyncHttpClient-1-1] DEBUG org.asynchttpclient.netty.channel.DefaultChannelPool - Entry count for : http://localhost:55118 : 1
10:39:40.240 [AsyncHttpClient-1-2] DEBUG org.asynchttpclient.netty.handler.HttpHandler - 

Request DefaultFullHttpRequest(decodeResult: success, version: HTTP/1.1, content: EmptyByteBufBE)
GET /session/b55145e5d59589ae7530751410cd76c2/screenshot HTTP/1.1
User-Agent: selenium/4.8.1 (java windows)
Cache-Control: no-cache
Content-Type: application/json; charset=utf-8
host: localhost:47036
accept: */*

Response DefaultHttpResponse(decodeResult: success, version: HTTP/1.1)
HTTP/1.1 200 OK
Content-Length: 30336
Content-Type: application/json; charset=utf-8
cache-control: no-cache

10:39:40.240 [AsyncHttpClient-1-2] DEBUG org.asynchttpclient.netty.channel.ChannelManager - Adding key: http://localhost:47036 for channel [id: 0x1e464860, L:/127.0.0.1:55117 - R:localhost/127.0.0.1:47036]
10:39:40.243 [main] DEBUG net.serenitybdd.core.photography.Darkroom - Send negative for processing for target\site\serenity\b79624a3672642259880ea4a99d5ec53d543d0110c4be127f0bae50e4b18b0c2.png
10:39:40.243 [main] DEBUG net.thucydides.core.steps.StepInterceptor - STEP DONE: clickRegisterLink
10:39:40.243 [Darkroom Processing Line] DEBUG net.serenitybdd.core.photography.DarkroomProcessingLine - Processing screenshot image in /var/screenshots/screenshot-2994086028424677027
10:39:40.243 [Darkroom Processing Line] DEBUG net.serenitybdd.core.photography.DarkroomProcessingLine - Saving screenshot to target\site\serenity\b79624a3672642259880ea4a99d5ec53d543d0110c4be127f0bae50e4b18b0c2.png
  &amp#27;[32mWhen &amp#27;[0m&amp#27;[32mI go to the alta-shop register page&amp#27;[0m  &amp#27;[90m# starter.stepdefinitions.RegisterSteps.clickLoginButton()&amp#27;[0m
10:39:40.250 [Forwarding getPageSource on session b55145e5d59589ae7530751410cd76c2 to remote] DEBUG org.asynchttpclient.netty.request.NettyRequestSender - Using pooled Channel '[id: 0x1e464860, L:/127.0.0.1:55117 - R:localhost/127.0.0.1:47036]' for 'POST' to 'http://localhost:47036/session/b55145e5d59589ae7530751410cd76c2/execute/sync'
10:39:40.250 [Forwarding getPageSource on session b55145e5d59589ae7530751410cd76c2 to remote] DEBUG org.asynchttpclient.netty.request.NettyRequestSender - Using open Channel [id: 0x1e464860, L:/127.0.0.1:55117 - R:localhost/127.0.0.1:47036] for POST '/session/b55145e5d59589ae7530751410cd76c2/execute/sync'
10:39:40.255 [AsyncHttpClient-1-2] DEBUG org.asynchttpclient.netty.handler.HttpHandler - 

Request DefaultHttpRequest(decodeResult: success, version: HTTP/1.1)
POST /session/b55145e5d59589ae7530751410cd76c2/execute/sync HTTP/1.1
User-Agent: selenium/4.8.1 (java windows)
Content-Length: 176
Content-Type: application/json; charset=utf-8
host: localhost:47036
accept: */*

Response DefaultHttpResponse(decodeResult: success, version: HTTP/1.1)
HTTP/1.1 200 OK
Content-Length: 22314
Content-Type: application/json; charset=utf-8
cache-control: no-cache

10:39:40.255 [AsyncHttpClient-1-2] DEBUG org.asynchttpclient.netty.channel.ChannelManager - Adding key: http://localhost:47036 for channel [id: 0x1e464860, L:/127.0.0.1:55117 - R:localhost/127.0.0.1:47036]
10:39:40.264 [Forwarding getCurrentUrl on session b55145e5d59589ae7530751410cd76c2 to remote] DEBUG org.asynchttpclient.netty.request.NettyRequestSender - Using pooled Channel '[id: 0x1e464860, L:/127.0.0.1:55117 - R:localhost/127.0.0.1:47036]' for 'GET' to 'http://localhost:47036/session/b55145e5d59589ae7530751410cd76c2/url'
10:39:40.264 [Forwarding getCurrentUrl on session b55145e5d59589ae7530751410cd76c2 to remote] DEBUG org.asynchttpclient.netty.request.NettyRequestSender - Using open Channel [id: 0x1e464860, L:/127.0.0.1:55117 - R:localhost/127.0.0.1:47036] for GET '/session/b55145e5d59589ae7530751410cd76c2/url'
10:39:40.268 [AsyncHttpClient-1-2] DEBUG org.asynchttpclient.netty.handler.HttpHandler - 

Request DefaultFullHttpRequest(decodeResult: success, version: HTTP/1.1, content: EmptyByteBufBE)
GET /session/b55145e5d59589ae7530751410cd76c2/url HTTP/1.1
User-Agent: selenium/4.8.1 (java windows)
Cache-Control: no-cache
Content-Type: application/json; charset=utf-8
host: localhost:47036
accept: */*

Response DefaultHttpResponse(decodeResult: success, version: HTTP/1.1)
HTTP/1.1 200 OK
Content-Length: 54
Content-Type: application/json; charset=utf-8
cache-control: no-cache

10:39:40.268 [AsyncHttpClient-1-2] DEBUG org.asynchttpclient.netty.channel.ChannelManager - Adding key: http://localhost:47036 for channel [id: 0x1e464860, L:/127.0.0.1:55117 - R:localhost/127.0.0.1:47036]
10:39:40.277 [Forwarding getPageSource on session b55145e5d59589ae7530751410cd76c2 to remote] DEBUG org.asynchttpclient.netty.request.NettyRequestSender - Using pooled Channel '[id: 0x1e464860, L:/127.0.0.1:55117 - R:localhost/127.0.0.1:47036]' for 'POST' to 'http://localhost:47036/session/b55145e5d59589ae7530751410cd76c2/execute/sync'
10:39:40.277 [Forwarding getPageSource on session b55145e5d59589ae7530751410cd76c2 to remote] DEBUG org.asynchttpclient.netty.request.NettyRequestSender - Using open Channel [id: 0x1e464860, L:/127.0.0.1:55117 - R:localhost/127.0.0.1:47036] for POST '/session/b55145e5d59589ae7530751410cd76c2/execute/sync'
10:39:40.281 [AsyncHttpClient-1-2] DEBUG org.asynchttpclient.netty.handler.HttpHandler - 

Request DefaultHttpRequest(decodeResult: success, version: HTTP/1.1)
POST /session/b55145e5d59589ae7530751410cd76c2/execute/sync HTTP/1.1
User-Agent: selenium/4.8.1 (java windows)
Content-Length: 176
Content-Type: application/json; charset=utf-8
host: localhost:47036
accept: */*

Response DefaultHttpResponse(decodeResult: success, version: HTTP/1.1)
HTTP/1.1 200 OK
Content-Length: 22314
Content-Type: application/json; charset=utf-8
cache-control: no-cache

10:39:40.282 [AsyncHttpClient-1-2] DEBUG org.asynchttpclient.netty.channel.ChannelManager - Adding key: http://localhost:47036 for channel [id: 0x1e464860, L:/127.0.0.1:55117 - R:localhost/127.0.0.1:47036]
10:39:40.288 [Forwarding getCurrentUrl on session b55145e5d59589ae7530751410cd76c2 to remote] DEBUG org.asynchttpclient.netty.request.NettyRequestSender - Using pooled Channel '[id: 0x1e464860, L:/127.0.0.1:55117 - R:localhost/127.0.0.1:47036]' for 'GET' to 'http://localhost:47036/session/b55145e5d59589ae7530751410cd76c2/url'
10:39:40.288 [Forwarding getCurrentUrl on session b55145e5d59589ae7530751410cd76c2 to remote] DEBUG org.asynchttpclient.netty.request.NettyRequestSender - Using open Channel [id: 0x1e464860, L:/127.0.0.1:55117 - R:localhost/127.0.0.1:47036] for GET '/session/b55145e5d59589ae7530751410cd76c2/url'
10:39:40.291 [AsyncHttpClient-1-2] DEBUG org.asynchttpclient.netty.handler.HttpHandler - 

Request DefaultFullHttpRequest(decodeResult: success, version: HTTP/1.1, content: EmptyByteBufBE)
GET /session/b55145e5d59589ae7530751410cd76c2/url HTTP/1.1
User-Agent: selenium/4.8.1 (java windows)
Cache-Control: no-cache
Content-Type: application/json; charset=utf-8
host: localhost:47036
accept: */*

Response DefaultHttpResponse(decodeResult: success, version: HTTP/1.1)
HTTP/1.1 200 OK
Content-Length: 54
Content-Type: application/json; charset=utf-8
cache-control: no-cache

10:39:40.291 [AsyncHttpClient-1-2] DEBUG org.asynchttpclient.netty.channel.ChannelManager - Adding key: http://localhost:47036 for channel [id: 0x1e464860, L:/127.0.0.1:55117 - R:localhost/127.0.0.1:47036]
10:39:40.292 [main] DEBUG net.thucydides.core.steps.StepInterceptor - STARTING STEP: RegisterSteps.inputFullnameReg - inputFullnameReg
10:39:40.296 [Forwarding findElement on session b55145e5d59589ae7530751410cd76c2 to remote] DEBUG org.asynchttpclient.netty.request.NettyRequestSender - Using pooled Channel '[id: 0x1e464860, L:/127.0.0.1:55117 - R:localhost/127.0.0.1:47036]' for 'POST' to 'http://localhost:47036/session/b55145e5d59589ae7530751410cd76c2/element'
10:39:40.296 [Forwarding findElement on session b55145e5d59589ae7530751410cd76c2 to remote] DEBUG org.asynchttpclient.netty.request.NettyRequestSender - Using open Channel [id: 0x1e464860, L:/127.0.0.1:55117 - R:localhost/127.0.0.1:47036] for POST '/session/b55145e5d59589ae7530751410cd76c2/element'
10:39:40.304 [AsyncHttpClient-1-2] DEBUG org.asynchttpclient.netty.handler.HttpHandler - 

Request DefaultHttpRequest(decodeResult: success, version: HTTP/1.1)
POST /session/b55145e5d59589ae7530751410cd76c2/element HTTP/1.1
User-Agent: selenium/4.8.1 (java windows)
Content-Length: 55
Content-Type: application/json; charset=utf-8
host: localhost:47036
accept: */*

Response DefaultHttpResponse(decodeResult: success, version: HTTP/1.1)
HTTP/1.1 200 OK
Content-Length: 88
Content-Type: application/json; charset=utf-8
cache-control: no-cache

10:39:40.305 [AsyncHttpClient-1-2] DEBUG org.asynchttpclient.netty.channel.ChannelManager - Adding key: http://localhost:47036 for channel [id: 0x1e464860, L:/127.0.0.1:55117 - R:localhost/127.0.0.1:47036]
10:39:40.306 [Forwarding clearElement on session b55145e5d59589ae7530751410cd76c2 to remote] DEBUG org.asynchttpclient.netty.request.NettyRequestSender - Using pooled Channel '[id: 0x1e464860, L:/127.0.0.1:55117 - R:localhost/127.0.0.1:47036]' for 'POST' to 'http://localhost:47036/session/b55145e5d59589ae7530751410cd76c2/element/413e837e-c0db-404d-a776-6acccdfa272e/clear'
10:39:40.306 [Forwarding clearElement on session b55145e5d59589ae7530751410cd76c2 to remote] DEBUG org.asynchttpclient.netty.request.NettyRequestSender - Using open Channel [id: 0x1e464860, L:/127.0.0.1:55117 - R:localhost/127.0.0.1:47036] for POST '/session/b55145e5d59589ae7530751410cd76c2/element/413e837e-c0db-404d-a776-6acccdfa272e/clear'
10:39:40.331 [AsyncHttpClient-1-2] DEBUG org.asynchttpclient.netty.handler.HttpHandler - 

Request DefaultHttpRequest(decodeResult: success, version: HTTP/1.1)
POST /session/b55145e5d59589ae7530751410cd76c2/element/413e837e-c0db-404d-a776-6acccdfa272e/clear HTTP/1.1
User-Agent: selenium/4.8.1 (java windows)
Content-Length: 50
Content-Type: application/json; charset=utf-8
host: localhost:47036
accept: */*

Response DefaultHttpResponse(decodeResult: success, version: HTTP/1.1)
HTTP/1.1 200 OK
Content-Length: 14
Content-Type: application/json; charset=utf-8
cache-control: no-cache

10:39:40.331 [AsyncHttpClient-1-2] DEBUG org.asynchttpclient.netty.channel.ChannelManager - Adding key: http://localhost:47036 for channel [id: 0x1e464860, L:/127.0.0.1:55117 - R:localhost/127.0.0.1:47036]
10:39:40.333 [Forwarding sendKeysToElement on session b55145e5d59589ae7530751410cd76c2 to remote] DEBUG org.asynchttpclient.netty.request.NettyRequestSender - Using pooled Channel '[id: 0x1e464860, L:/127.0.0.1:55117 - R:localhost/127.0.0.1:47036]' for 'POST' to 'http://localhost:47036/session/b55145e5d59589ae7530751410cd76c2/element/413e837e-c0db-404d-a776-6acccdfa272e/value'
10:39:40.333 [Forwarding sendKeysToElement on session b55145e5d59589ae7530751410cd76c2 to remote] DEBUG org.asynchttpclient.netty.request.NettyRequestSender - Using open Channel [id: 0x1e464860, L:/127.0.0.1:55117 - R:localhost/127.0.0.1:47036] for POST '/session/b55145e5d59589ae7530751410cd76c2/element/413e837e-c0db-404d-a776-6acccdfa272e/value'
10:39:40.373 [AsyncHttpClient-1-2] DEBUG org.asynchttpclient.netty.handler.HttpHandler - 

Request DefaultHttpRequest(decodeResult: success, version: HTTP/1.1)
POST /session/b55145e5d59589ae7530751410cd76c2/element/413e837e-c0db-404d-a776-6acccdfa272e/value HTTP/1.1
User-Agent: selenium/4.8.1 (java windows)
Content-Length: 101
Content-Type: application/json; charset=utf-8
host: localhost:47036
accept: */*

Response DefaultHttpResponse(decodeResult: success, version: HTTP/1.1)
HTTP/1.1 200 OK
Content-Length: 14
Content-Type: application/json; charset=utf-8
cache-control: no-cache

10:39:40.374 [AsyncHttpClient-1-2] DEBUG org.asynchttpclient.netty.channel.ChannelManager - Adding key: http://localhost:47036 for channel [id: 0x1e464860, L:/127.0.0.1:55117 - R:localhost/127.0.0.1:47036]
10:39:40.379 [Forwarding getAlertText on session b55145e5d59589ae7530751410cd76c2 to remote] DEBUG org.asynchttpclient.netty.request.NettyRequestSender - Using pooled Channel '[id: 0x1e464860, L:/127.0.0.1:55117 - R:localhost/127.0.0.1:47036]' for 'GET' to 'http://localhost:47036/session/b55145e5d59589ae7530751410cd76c2/alert/text'
10:39:40.379 [Forwarding getAlertText on session b55145e5d59589ae7530751410cd76c2 to remote] DEBUG org.asynchttpclient.netty.request.NettyRequestSender - Using open Channel [id: 0x1e464860, L:/127.0.0.1:55117 - R:localhost/127.0.0.1:47036] for GET '/session/b55145e5d59589ae7530751410cd76c2/alert/text'
10:39:40.380 [AsyncHttpClient-1-2] DEBUG org.asynchttpclient.netty.handler.HttpHandler - 

Request DefaultFullHttpRequest(decodeResult: success, version: HTTP/1.1, content: EmptyByteBufBE)
GET /session/b55145e5d59589ae7530751410cd76c2/alert/text HTTP/1.1
User-Agent: selenium/4.8.1 (java windows)
Cache-Control: no-cache
Content-Type: application/json; charset=utf-8
host: localhost:47036
accept: */*

Response DefaultHttpResponse(decodeResult: success, version: HTTP/1.1)
HTTP/1.1 404 Not Found
Content-Length: 836
Content-Type: application/json; charset=utf-8
cache-control: no-cache

10:39:40.381 [AsyncHttpClient-1-2] DEBUG org.asynchttpclient.netty.channel.ChannelManager - Adding key: http://localhost:47036 for channel [id: 0x1e464860, L:/127.0.0.1:55117 - R:localhost/127.0.0.1:47036]
10:39:40.382 [Forwarding getCurrentUrl on session b55145e5d59589ae7530751410cd76c2 to remote] DEBUG org.asynchttpclient.netty.request.NettyRequestSender - Using pooled Channel '[id: 0x1e464860, L:/127.0.0.1:55117 - R:localhost/127.0.0.1:47036]' for 'GET' to 'http://localhost:47036/session/b55145e5d59589ae7530751410cd76c2/url'
10:39:40.382 [Forwarding getCurrentUrl on session b55145e5d59589ae7530751410cd76c2 to remote] DEBUG org.asynchttpclient.netty.request.NettyRequestSender - Using open Channel [id: 0x1e464860, L:/127.0.0.1:55117 - R:localhost/127.0.0.1:47036] for GET '/session/b55145e5d59589ae7530751410cd76c2/url'
10:39:40.385 [AsyncHttpClient-1-2] DEBUG org.asynchttpclient.netty.handler.HttpHandler - 

Request DefaultFullHttpRequest(decodeResult: success, version: HTTP/1.1, content: EmptyByteBufBE)
GET /session/b55145e5d59589ae7530751410cd76c2/url HTTP/1.1
User-Agent: selenium/4.8.1 (java windows)
Cache-Control: no-cache
Content-Type: application/json; charset=utf-8
host: localhost:47036
accept: */*

Response DefaultHttpResponse(decodeResult: success, version: HTTP/1.1)
HTTP/1.1 200 OK
Content-Length: 54
Content-Type: application/json; charset=utf-8
cache-control: no-cache

10:39:40.386 [AsyncHttpClient-1-2] DEBUG org.asynchttpclient.netty.channel.ChannelManager - Adding key: http://localhost:47036 for channel [id: 0x1e464860, L:/127.0.0.1:55117 - R:localhost/127.0.0.1:47036]
10:39:40.386 [Forwarding screenshot on session b55145e5d59589ae7530751410cd76c2 to remote] DEBUG org.asynchttpclient.netty.request.NettyRequestSender - Using pooled Channel '[id: 0x1e464860, L:/127.0.0.1:55117 - R:localhost/127.0.0.1:47036]' for 'GET' to 'http://localhost:47036/session/b55145e5d59589ae7530751410cd76c2/screenshot'
10:39:40.387 [Forwarding screenshot on session b55145e5d59589ae7530751410cd76c2 to remote] DEBUG org.asynchttpclient.netty.request.NettyRequestSender - Using open Channel [id: 0x1e464860, L:/127.0.0.1:55117 - R:localhost/127.0.0.1:47036] for GET '/session/b55145e5d59589ae7530751410cd76c2/screenshot'
10:39:40.500 [AsyncHttpClient-1-2] DEBUG org.asynchttpclient.netty.handler.HttpHandler - 

Request DefaultFullHttpRequest(decodeResult: success, version: HTTP/1.1, content: EmptyByteBufBE)
GET /session/b55145e5d59589ae7530751410cd76c2/screenshot HTTP/1.1
User-Agent: selenium/4.8.1 (java windows)
Cache-Control: no-cache
Content-Type: application/json; charset=utf-8
host: localhost:47036
accept: */*

Response DefaultHttpResponse(decodeResult: success, version: HTTP/1.1)
HTTP/1.1 200 OK
Content-Length: 30568
Content-Type: application/json; charset=utf-8
cache-control: no-cache

10:39:40.501 [AsyncHttpClient-1-2] DEBUG org.asynchttpclient.netty.channel.ChannelManager - Adding key: http://localhost:47036 for channel [id: 0x1e464860, L:/127.0.0.1:55117 - R:localhost/127.0.0.1:47036]
10:39:40.503 [main] DEBUG net.serenitybdd.core.photography.Darkroom - Send negative for processing for target\site\serenity\f6793109e27756f8086667f3f41a3df5b31445142e7a970af2e0ae6513ef8ee5.png
10:39:40.508 [main] DEBUG net.thucydides.core.steps.StepInterceptor - STEP DONE: inputFullnameReg
10:39:40.508 [Darkroom Processing Line] DEBUG net.serenitybdd.core.photography.DarkroomProcessingLine - Processing screenshot image in /var/screenshots/screenshot-15798693648404968992
10:39:40.508 [Darkroom Processing Line] DEBUG net.serenitybdd.core.photography.DarkroomProcessingLine - Saving screenshot to target\site\serenity\f6793109e27756f8086667f3f41a3df5b31445142e7a970af2e0ae6513ef8ee5.png
  &amp#27;[32mAnd &amp#27;[0m&amp#27;[32mI input correct fullname for register&amp#27;[0m &amp#27;[90m# starter.stepdefinitions.RegisterSteps.inputFullnameReg()&amp#27;[0m
10:39:40.515 [Forwarding getPageSource on session b55145e5d59589ae7530751410cd76c2 to remote] DEBUG org.asynchttpclient.netty.request.NettyRequestSender - Using pooled Channel '[id: 0x1e464860, L:/127.0.0.1:55117 - R:localhost/127.0.0.1:47036]' for 'POST' to 'http://localhost:47036/session/b55145e5d59589ae7530751410cd76c2/execute/sync'
10:39:40.516 [Forwarding getPageSource on session b55145e5d59589ae7530751410cd76c2 to remote] DEBUG org.asynchttpclient.netty.request.NettyRequestSender - Using open Channel [id: 0x1e464860, L:/127.0.0.1:55117 - R:localhost/127.0.0.1:47036] for POST '/session/b55145e5d59589ae7530751410cd76c2/execute/sync'
10:39:40.520 [AsyncHttpClient-1-2] DEBUG org.asynchttpclient.netty.handler.HttpHandler - 

Request DefaultHttpRequest(decodeResult: success, version: HTTP/1.1)
POST /session/b55145e5d59589ae7530751410cd76c2/execute/sync HTTP/1.1
User-Agent: selenium/4.8.1 (java windows)
Content-Length: 176
Content-Type: application/json; charset=utf-8
host: localhost:47036
accept: */*

Response DefaultHttpResponse(decodeResult: success, version: HTTP/1.1)
HTTP/1.1 200 OK
Content-Length: 22435
Content-Type: application/json; charset=utf-8
cache-control: no-cache

10:39:40.521 [AsyncHttpClient-1-2] DEBUG org.asynchttpclient.netty.channel.ChannelManager - Adding key: http://localhost:47036 for channel [id: 0x1e464860, L:/127.0.0.1:55117 - R:localhost/127.0.0.1:47036]
10:39:40.524 [Forwarding getCurrentUrl on session b55145e5d59589ae7530751410cd76c2 to remote] DEBUG org.asynchttpclient.netty.request.NettyRequestSender - Using pooled Channel '[id: 0x1e464860, L:/127.0.0.1:55117 - R:localhost/127.0.0.1:47036]' for 'GET' to 'http://localhost:47036/session/b55145e5d59589ae7530751410cd76c2/url'
10:39:40.524 [Forwarding getCurrentUrl on session b55145e5d59589ae7530751410cd76c2 to remote] DEBUG org.asynchttpclient.netty.request.NettyRequestSender - Using open Channel [id: 0x1e464860, L:/127.0.0.1:55117 - R:localhost/127.0.0.1:47036] for GET '/session/b55145e5d59589ae7530751410cd76c2/url'
10:39:40.528 [AsyncHttpClient-1-2] DEBUG org.asynchttpclient.netty.handler.HttpHandler - 

Request DefaultFullHttpRequest(decodeResult: success, version: HTTP/1.1, content: EmptyByteBufBE)
GET /session/b55145e5d59589ae7530751410cd76c2/url HTTP/1.1
User-Agent: selenium/4.8.1 (java windows)
Cache-Control: no-cache
Content-Type: application/json; charset=utf-8
host: localhost:47036
accept: */*

Response DefaultHttpResponse(decodeResult: success, version: HTTP/1.1)
HTTP/1.1 200 OK
Content-Length: 54
Content-Type: application/json; charset=utf-8
cache-control: no-cache

10:39:40.528 [AsyncHttpClient-1-2] DEBUG org.asynchttpclient.netty.channel.ChannelManager - Adding key: http://localhost:47036 for channel [id: 0x1e464860, L:/127.0.0.1:55117 - R:localhost/127.0.0.1:47036]
10:39:40.537 [Forwarding getPageSource on session b55145e5d59589ae7530751410cd76c2 to remote] DEBUG org.asynchttpclient.netty.request.NettyRequestSender - Using pooled Channel '[id: 0x1e464860, L:/127.0.0.1:55117 - R:localhost/127.0.0.1:47036]' for 'POST' to 'http://localhost:47036/session/b55145e5d59589ae7530751410cd76c2/execute/sync'
10:39:40.537 [Forwarding getPageSource on session b55145e5d59589ae7530751410cd76c2 to remote] DEBUG org.asynchttpclient.netty.request.NettyRequestSender - Using open Channel [id: 0x1e464860, L:/127.0.0.1:55117 - R:localhost/127.0.0.1:47036] for POST '/session/b55145e5d59589ae7530751410cd76c2/execute/sync'
10:39:40.542 [AsyncHttpClient-1-2] DEBUG org.asynchttpclient.netty.handler.HttpHandler - 

Request DefaultHttpRequest(decodeResult: success, version: HTTP/1.1)
POST /session/b55145e5d59589ae7530751410cd76c2/execute/sync HTTP/1.1
User-Agent: selenium/4.8.1 (java windows)
Content-Length: 176
Content-Type: application/json; charset=utf-8
host: localhost:47036
accept: */*

Response DefaultHttpResponse(decodeResult: success, version: HTTP/1.1)
HTTP/1.1 200 OK
Content-Length: 22435
Content-Type: application/json; charset=utf-8
cache-control: no-cache

10:39:40.542 [AsyncHttpClient-1-2] DEBUG org.asynchttpclient.netty.channel.ChannelManager - Adding key: http://localhost:47036 for channel [id: 0x1e464860, L:/127.0.0.1:55117 - R:localhost/127.0.0.1:47036]
10:39:40.545 [Forwarding getCurrentUrl on session b55145e5d59589ae7530751410cd76c2 to remote] DEBUG org.asynchttpclient.netty.request.NettyRequestSender - Using pooled Channel '[id: 0x1e464860, L:/127.0.0.1:55117 - R:localhost/127.0.0.1:47036]' for 'GET' to 'http://localhost:47036/session/b55145e5d59589ae7530751410cd76c2/url'
10:39:40.545 [Forwarding getCurrentUrl on session b55145e5d59589ae7530751410cd76c2 to remote] DEBUG org.asynchttpclient.netty.request.NettyRequestSender - Using open Channel [id: 0x1e464860, L:/127.0.0.1:55117 - R:localhost/127.0.0.1:47036] for GET '/session/b55145e5d59589ae7530751410cd76c2/url'
10:39:40.549 [AsyncHttpClient-1-2] DEBUG org.asynchttpclient.netty.handler.HttpHandler - 

Request DefaultFullHttpRequest(decodeResult: success, version: HTTP/1.1, content: EmptyByteBufBE)
GET /session/b55145e5d59589ae7530751410cd76c2/url HTTP/1.1
User-Agent: selenium/4.8.1 (java windows)
Cache-Control: no-cache
Content-Type: application/json; charset=utf-8
host: localhost:47036
accept: */*

Response DefaultHttpResponse(decodeResult: success, version: HTTP/1.1)
HTTP/1.1 200 OK
Content-Length: 54
Content-Type: application/json; charset=utf-8
cache-control: no-cache

10:39:40.549 [AsyncHttpClient-1-2] DEBUG org.asynchttpclient.netty.channel.ChannelManager - Adding key: http://localhost:47036 for channel [id: 0x1e464860, L:/127.0.0.1:55117 - R:localhost/127.0.0.1:47036]
10:39:40.551 [main] DEBUG net.thucydides.core.steps.StepInterceptor - STARTING STEP: RegisterSteps.inputEmailReg - inputEmailReg
10:39:40.553 [Forwarding findElement on session b55145e5d59589ae7530751410cd76c2 to remote] DEBUG org.asynchttpclient.netty.request.NettyRequestSender - Using pooled Channel '[id: 0x1e464860, L:/127.0.0.1:55117 - R:localhost/127.0.0.1:47036]' for 'POST' to 'http://localhost:47036/session/b55145e5d59589ae7530751410cd76c2/element'
10:39:40.553 [Forwarding findElement on session b55145e5d59589ae7530751410cd76c2 to remote] DEBUG org.asynchttpclient.netty.request.NettyRequestSender - Using open Channel [id: 0x1e464860, L:/127.0.0.1:55117 - R:localhost/127.0.0.1:47036] for POST '/session/b55145e5d59589ae7530751410cd76c2/element'
10:39:40.561 [AsyncHttpClient-1-2] DEBUG org.asynchttpclient.netty.handler.HttpHandler - 

Request DefaultHttpRequest(decodeResult: success, version: HTTP/1.1)
POST /session/b55145e5d59589ae7530751410cd76c2/element HTTP/1.1
User-Agent: selenium/4.8.1 (java windows)
Content-Length: 55
Content-Type: application/json; charset=utf-8
host: localhost:47036
accept: */*

Response DefaultHttpResponse(decodeResult: success, version: HTTP/1.1)
HTTP/1.1 200 OK
Content-Length: 88
Content-Type: application/json; charset=utf-8
cache-control: no-cache

10:39:40.562 [AsyncHttpClient-1-2] DEBUG org.asynchttpclient.netty.channel.ChannelManager - Adding key: http://localhost:47036 for channel [id: 0x1e464860, L:/127.0.0.1:55117 - R:localhost/127.0.0.1:47036]
10:39:40.563 [Forwarding clearElement on session b55145e5d59589ae7530751410cd76c2 to remote] DEBUG org.asynchttpclient.netty.request.NettyRequestSender - Using pooled Channel '[id: 0x1e464860, L:/127.0.0.1:55117 - R:localhost/127.0.0.1:47036]' for 'POST' to 'http://localhost:47036/session/b55145e5d59589ae7530751410cd76c2/element/360a95c2-e418-40e8-abe0-9de98daffd3a/clear'
10:39:40.563 [Forwarding clearElement on session b55145e5d59589ae7530751410cd76c2 to remote] DEBUG org.asynchttpclient.netty.request.NettyRequestSender - Using open Channel [id: 0x1e464860, L:/127.0.0.1:55117 - R:localhost/127.0.0.1:47036] for POST '/session/b55145e5d59589ae7530751410cd76c2/element/360a95c2-e418-40e8-abe0-9de98daffd3a/clear'
10:39:40.586 [AsyncHttpClient-1-2] DEBUG org.asynchttpclient.netty.handler.HttpHandler - 

Request DefaultHttpRequest(decodeResult: success, version: HTTP/1.1)
POST /session/b55145e5d59589ae7530751410cd76c2/element/360a95c2-e418-40e8-abe0-9de98daffd3a/clear HTTP/1.1
User-Agent: selenium/4.8.1 (java windows)
Content-Length: 50
Content-Type: application/json; charset=utf-8
host: localhost:47036
accept: */*

Response DefaultHttpResponse(decodeResult: success, version: HTTP/1.1)
HTTP/1.1 200 OK
Content-Length: 14
Content-Type: application/json; charset=utf-8
cache-control: no-cache

10:39:40.586 [AsyncHttpClient-1-2] DEBUG org.asynchttpclient.netty.channel.ChannelManager - Adding key: http://localhost:47036 for channel [id: 0x1e464860, L:/127.0.0.1:55117 - R:localhost/127.0.0.1:47036]
10:39:40.589 [Forwarding sendKeysToElement on session b55145e5d59589ae7530751410cd76c2 to remote] DEBUG org.asynchttpclient.netty.request.NettyRequestSender - Using pooled Channel '[id: 0x1e464860, L:/127.0.0.1:55117 - R:localhost/127.0.0.1:47036]' for 'POST' to 'http://localhost:47036/session/b55145e5d59589ae7530751410cd76c2/element/360a95c2-e418-40e8-abe0-9de98daffd3a/value'
10:39:40.589 [Forwarding sendKeysToElement on session b55145e5d59589ae7530751410cd76c2 to remote] DEBUG org.asynchttpclient.netty.request.NettyRequestSender - Using open Channel [id: 0x1e464860, L:/127.0.0.1:55117 - R:localhost/127.0.0.1:47036] for POST '/session/b55145e5d59589ae7530751410cd76c2/element/360a95c2-e418-40e8-abe0-9de98daffd3a/value'
10:39:40.712 [AsyncHttpClient-1-2] DEBUG org.asynchttpclient.netty.handler.HttpHandler - 

Request DefaultHttpRequest(decodeResult: success, version: HTTP/1.1)
POST /session/b55145e5d59589ae7530751410cd76c2/element/360a95c2-e418-40e8-abe0-9de98daffd3a/value HTTP/1.1
User-Agent: selenium/4.8.1 (java windows)
Content-Length: 231
Content-Type: application/json; charset=utf-8
host: localhost:47036
accept: */*

Response DefaultHttpResponse(decodeResult: success, version: HTTP/1.1)
HTTP/1.1 200 OK
Content-Length: 14
Content-Type: application/json; charset=utf-8
cache-control: no-cache

10:39:40.712 [AsyncHttpClient-1-2] DEBUG org.asynchttpclient.netty.channel.ChannelManager - Adding key: http://localhost:47036 for channel [id: 0x1e464860, L:/127.0.0.1:55117 - R:localhost/127.0.0.1:47036]
10:39:40.723 [Forwarding getAlertText on session b55145e5d59589ae7530751410cd76c2 to remote] DEBUG org.asynchttpclient.netty.request.NettyRequestSender - Using pooled Channel '[id: 0x1e464860, L:/127.0.0.1:55117 - R:localhost/127.0.0.1:47036]' for 'GET' to 'http://localhost:47036/session/b55145e5d59589ae7530751410cd76c2/alert/text'
10:39:40.723 [Forwarding getAlertText on session b55145e5d59589ae7530751410cd76c2 to remote] DEBUG org.asynchttpclient.netty.request.NettyRequestSender - Using open Channel [id: 0x1e464860, L:/127.0.0.1:55117 - R:localhost/127.0.0.1:47036] for GET '/session/b55145e5d59589ae7530751410cd76c2/alert/text'
10:39:40.731 [AsyncHttpClient-1-2] DEBUG org.asynchttpclient.netty.handler.HttpHandler - 

Request DefaultFullHttpRequest(decodeResult: success, version: HTTP/1.1, content: EmptyByteBufBE)
GET /session/b55145e5d59589ae7530751410cd76c2/alert/text HTTP/1.1
User-Agent: selenium/4.8.1 (java windows)
Cache-Control: no-cache
Content-Type: application/json; charset=utf-8
host: localhost:47036
accept: */*

Response DefaultHttpResponse(decodeResult: success, version: HTTP/1.1)
HTTP/1.1 404 Not Found
Content-Length: 836
Content-Type: application/json; charset=utf-8
cache-control: no-cache

10:39:40.732 [AsyncHttpClient-1-2] DEBUG org.asynchttpclient.netty.channel.ChannelManager - Adding key: http://localhost:47036 for channel [id: 0x1e464860, L:/127.0.0.1:55117 - R:localhost/127.0.0.1:47036]
10:39:40.734 [Forwarding getCurrentUrl on session b55145e5d59589ae7530751410cd76c2 to remote] DEBUG org.asynchttpclient.netty.request.NettyRequestSender - Using pooled Channel '[id: 0x1e464860, L:/127.0.0.1:55117 - R:localhost/127.0.0.1:47036]' for 'GET' to 'http://localhost:47036/session/b55145e5d59589ae7530751410cd76c2/url'
10:39:40.734 [Forwarding getCurrentUrl on session b55145e5d59589ae7530751410cd76c2 to remote] DEBUG org.asynchttpclient.netty.request.NettyRequestSender - Using open Channel [id: 0x1e464860, L:/127.0.0.1:55117 - R:localhost/127.0.0.1:47036] for GET '/session/b55145e5d59589ae7530751410cd76c2/url'
10:39:40.741 [AsyncHttpClient-1-2] DEBUG org.asynchttpclient.netty.handler.HttpHandler - 

Request DefaultFullHttpRequest(decodeResult: success, version: HTTP/1.1, content: EmptyByteBufBE)
GET /session/b55145e5d59589ae7530751410cd76c2/url HTTP/1.1
User-Agent: selenium/4.8.1 (java windows)
Cache-Control: no-cache
Content-Type: application/json; charset=utf-8
host: localhost:47036
accept: */*

Response DefaultHttpResponse(decodeResult: success, version: HTTP/1.1)
HTTP/1.1 200 OK
Content-Length: 54
Content-Type: application/json; charset=utf-8
cache-control: no-cache

10:39:40.741 [AsyncHttpClient-1-2] DEBUG org.asynchttpclient.netty.channel.ChannelManager - Adding key: http://localhost:47036 for channel [id: 0x1e464860, L:/127.0.0.1:55117 - R:localhost/127.0.0.1:47036]
10:39:40.743 [Forwarding screenshot on session b55145e5d59589ae7530751410cd76c2 to remote] DEBUG org.asynchttpclient.netty.request.NettyRequestSender - Using pooled Channel '[id: 0x1e464860, L:/127.0.0.1:55117 - R:localhost/127.0.0.1:47036]' for 'GET' to 'http://localhost:47036/session/b55145e5d59589ae7530751410cd76c2/screenshot'
10:39:40.743 [Forwarding screenshot on session b55145e5d59589ae7530751410cd76c2 to remote] DEBUG org.asynchttpclient.netty.request.NettyRequestSender - Using open Channel [id: 0x1e464860, L:/127.0.0.1:55117 - R:localhost/127.0.0.1:47036] for GET '/session/b55145e5d59589ae7530751410cd76c2/screenshot'
10:39:40.848 [AsyncHttpClient-1-2] DEBUG org.asynchttpclient.netty.handler.HttpHandler - 

Request DefaultFullHttpRequest(decodeResult: success, version: HTTP/1.1, content: EmptyByteBufBE)
GET /session/b55145e5d59589ae7530751410cd76c2/screenshot HTTP/1.1
User-Agent: selenium/4.8.1 (java windows)
Cache-Control: no-cache
Content-Type: application/json; charset=utf-8
host: localhost:47036
accept: */*

Response DefaultHttpResponse(decodeResult: success, version: HTTP/1.1)
HTTP/1.1 200 OK
Content-Length: 34176
Content-Type: application/json; charset=utf-8
cache-control: no-cache

10:39:40.848 [AsyncHttpClient-1-2] DEBUG org.asynchttpclient.netty.channel.ChannelManager - Adding key: http://localhost:47036 for channel [id: 0x1e464860, L:/127.0.0.1:55117 - R:localhost/127.0.0.1:47036]
10:39:40.851 [main] DEBUG net.serenitybdd.core.photography.Darkroom - Send negative for processing for target\site\serenity\1dfe2ce84023e593537ee69c475ac93439fd06f41b3e0d786c7e09246681e942.png
10:39:40.851 [main] DEBUG net.thucydides.core.steps.StepInterceptor - STEP DONE: inputEmailReg
  &amp#27;[32mAnd &amp#27;[0m&amp#27;[32mI input correct email for register&amp#27;[0m    &amp#27;[90m# starter.stepdefinitions.RegisterSteps.inputEmailReg()&amp#27;[0m
10:39:40.851 [Darkroom Processing Line] DEBUG net.serenitybdd.core.photography.DarkroomProcessingLine - Processing screenshot image in /var/screenshots/screenshot-14506453136518307358
10:39:40.851 [Darkroom Processing Line] DEBUG net.serenitybdd.core.photography.DarkroomProcessingLine - Saving screenshot to target\site\serenity\1dfe2ce84023e593537ee69c475ac93439fd06f41b3e0d786c7e09246681e942.png
10:39:40.859 [Forwarding getPageSource on session b55145e5d59589ae7530751410cd76c2 to remote] DEBUG org.asynchttpclient.netty.request.NettyRequestSender - Using pooled Channel '[id: 0x1e464860, L:/127.0.0.1:55117 - R:localhost/127.0.0.1:47036]' for 'POST' to 'http://localhost:47036/session/b55145e5d59589ae7530751410cd76c2/execute/sync'
10:39:40.859 [Forwarding getPageSource on session b55145e5d59589ae7530751410cd76c2 to remote] DEBUG org.asynchttpclient.netty.request.NettyRequestSender - Using open Channel [id: 0x1e464860, L:/127.0.0.1:55117 - R:localhost/127.0.0.1:47036] for POST '/session/b55145e5d59589ae7530751410cd76c2/execute/sync'
10:39:40.863 [AsyncHttpClient-1-2] DEBUG org.asynchttpclient.netty.handler.HttpHandler - 

Request DefaultHttpRequest(decodeResult: success, version: HTTP/1.1)
POST /session/b55145e5d59589ae7530751410cd76c2/execute/sync HTTP/1.1
User-Agent: selenium/4.8.1 (java windows)
Content-Length: 176
Content-Type: application/json; charset=utf-8
host: localhost:47036
accept: */*

Response DefaultHttpResponse(decodeResult: success, version: HTTP/1.1)
HTTP/1.1 200 OK
Content-Length: 22494
Content-Type: application/json; charset=utf-8
cache-control: no-cache

10:39:40.864 [AsyncHttpClient-1-2] DEBUG org.asynchttpclient.netty.channel.ChannelManager - Adding key: http://localhost:47036 for channel [id: 0x1e464860, L:/127.0.0.1:55117 - R:localhost/127.0.0.1:47036]
10:39:40.866 [Forwarding getCurrentUrl on session b55145e5d59589ae7530751410cd76c2 to remote] DEBUG org.asynchttpclient.netty.request.NettyRequestSender - Using pooled Channel '[id: 0x1e464860, L:/127.0.0.1:55117 - R:localhost/127.0.0.1:47036]' for 'GET' to 'http://localhost:47036/session/b55145e5d59589ae7530751410cd76c2/url'
10:39:40.866 [Forwarding getCurrentUrl on session b55145e5d59589ae7530751410cd76c2 to remote] DEBUG org.asynchttpclient.netty.request.NettyRequestSender - Using open Channel [id: 0x1e464860, L:/127.0.0.1:55117 - R:localhost/127.0.0.1:47036] for GET '/session/b55145e5d59589ae7530751410cd76c2/url'
10:39:40.870 [AsyncHttpClient-1-2] DEBUG org.asynchttpclient.netty.handler.HttpHandler - 

Request DefaultFullHttpRequest(decodeResult: success, version: HTTP/1.1, content: EmptyByteBufBE)
GET /session/b55145e5d59589ae7530751410cd76c2/url HTTP/1.1
User-Agent: selenium/4.8.1 (java windows)
Cache-Control: no-cache
Content-Type: application/json; charset=utf-8
host: localhost:47036
accept: */*

Response DefaultHttpResponse(decodeResult: success, version: HTTP/1.1)
HTTP/1.1 200 OK
Content-Length: 54
Content-Type: application/json; charset=utf-8
cache-control: no-cache

10:39:40.870 [AsyncHttpClient-1-2] DEBUG org.asynchttpclient.netty.channel.ChannelManager - Adding key: http://localhost:47036 for channel [id: 0x1e464860, L:/127.0.0.1:55117 - R:localhost/127.0.0.1:47036]
10:39:40.878 [Forwarding getPageSource on session b55145e5d59589ae7530751410cd76c2 to remote] DEBUG org.asynchttpclient.netty.request.NettyRequestSender - Using pooled Channel '[id: 0x1e464860, L:/127.0.0.1:55117 - R:localhost/127.0.0.1:47036]' for 'POST' to 'http://localhost:47036/session/b55145e5d59589ae7530751410cd76c2/execute/sync'
10:39:40.878 [Forwarding getPageSource on session b55145e5d59589ae7530751410cd76c2 to remote] DEBUG org.asynchttpclient.netty.request.NettyRequestSender - Using open Channel [id: 0x1e464860, L:/127.0.0.1:55117 - R:localhost/127.0.0.1:47036] for POST '/session/b55145e5d59589ae7530751410cd76c2/execute/sync'
10:39:40.882 [AsyncHttpClient-1-2] DEBUG org.asynchttpclient.netty.handler.HttpHandler - 

Request DefaultHttpRequest(decodeResult: success, version: HTTP/1.1)
POST /session/b55145e5d59589ae7530751410cd76c2/execute/sync HTTP/1.1
User-Agent: selenium/4.8.1 (java windows)
Content-Length: 176
Content-Type: application/json; charset=utf-8
host: localhost:47036
accept: */*

Response DefaultHttpResponse(decodeResult: success, version: HTTP/1.1)
HTTP/1.1 200 OK
Content-Length: 22494
Content-Type: application/json; charset=utf-8
cache-control: no-cache

10:39:40.882 [AsyncHttpClient-1-2] DEBUG org.asynchttpclient.netty.channel.ChannelManager - Adding key: http://localhost:47036 for channel [id: 0x1e464860, L:/127.0.0.1:55117 - R:localhost/127.0.0.1:47036]
10:39:40.885 [Forwarding getCurrentUrl on session b55145e5d59589ae7530751410cd76c2 to remote] DEBUG org.asynchttpclient.netty.request.NettyRequestSender - Using pooled Channel '[id: 0x1e464860, L:/127.0.0.1:55117 - R:localhost/127.0.0.1:47036]' for 'GET' to 'http://localhost:47036/session/b55145e5d59589ae7530751410cd76c2/url'
10:39:40.885 [Forwarding getCurrentUrl on session b55145e5d59589ae7530751410cd76c2 to remote] DEBUG org.asynchttpclient.netty.request.NettyRequestSender - Using open Channel [id: 0x1e464860, L:/127.0.0.1:55117 - R:localhost/127.0.0.1:47036] for GET '/session/b55145e5d59589ae7530751410cd76c2/url'
10:39:40.888 [AsyncHttpClient-1-2] DEBUG org.asynchttpclient.netty.handler.HttpHandler - 

Request DefaultFullHttpRequest(decodeResult: success, version: HTTP/1.1, content: EmptyByteBufBE)
GET /session/b55145e5d59589ae7530751410cd76c2/url HTTP/1.1
User-Agent: selenium/4.8.1 (java windows)
Cache-Control: no-cache
Content-Type: application/json; charset=utf-8
host: localhost:47036
accept: */*

Response DefaultHttpResponse(decodeResult: success, version: HTTP/1.1)
HTTP/1.1 200 OK
Content-Length: 54
Content-Type: application/json; charset=utf-8
cache-control: no-cache

10:39:40.888 [AsyncHttpClient-1-2] DEBUG org.asynchttpclient.netty.channel.ChannelManager - Adding key: http://localhost:47036 for channel [id: 0x1e464860, L:/127.0.0.1:55117 - R:localhost/127.0.0.1:47036]
10:39:40.890 [main] DEBUG net.thucydides.core.steps.StepInterceptor - STARTING STEP: RegisterSteps.inputPasswordReg - inputPasswordReg
10:39:40.892 [Forwarding findElement on session b55145e5d59589ae7530751410cd76c2 to remote] DEBUG org.asynchttpclient.netty.request.NettyRequestSender - Using pooled Channel '[id: 0x1e464860, L:/127.0.0.1:55117 - R:localhost/127.0.0.1:47036]' for 'POST' to 'http://localhost:47036/session/b55145e5d59589ae7530751410cd76c2/element'
10:39:40.893 [Forwarding findElement on session b55145e5d59589ae7530751410cd76c2 to remote] DEBUG org.asynchttpclient.netty.request.NettyRequestSender - Using open Channel [id: 0x1e464860, L:/127.0.0.1:55117 - R:localhost/127.0.0.1:47036] for POST '/session/b55145e5d59589ae7530751410cd76c2/element'
10:39:40.901 [AsyncHttpClient-1-2] DEBUG org.asynchttpclient.netty.handler.HttpHandler - 

Request DefaultHttpRequest(decodeResult: success, version: HTTP/1.1)
POST /session/b55145e5d59589ae7530751410cd76c2/element HTTP/1.1
User-Agent: selenium/4.8.1 (java windows)
Content-Length: 55
Content-Type: application/json; charset=utf-8
host: localhost:47036
accept: */*

Response DefaultHttpResponse(decodeResult: success, version: HTTP/1.1)
HTTP/1.1 200 OK
Content-Length: 88
Content-Type: application/json; charset=utf-8
cache-control: no-cache

10:39:40.901 [AsyncHttpClient-1-2] DEBUG org.asynchttpclient.netty.channel.ChannelManager - Adding key: http://localhost:47036 for channel [id: 0x1e464860, L:/127.0.0.1:55117 - R:localhost/127.0.0.1:47036]
10:39:40.902 [Forwarding clearElement on session b55145e5d59589ae7530751410cd76c2 to remote] DEBUG org.asynchttpclient.netty.request.NettyRequestSender - Using pooled Channel '[id: 0x1e464860, L:/127.0.0.1:55117 - R:localhost/127.0.0.1:47036]' for 'POST' to 'http://localhost:47036/session/b55145e5d59589ae7530751410cd76c2/element/a2f1d796-ce96-4f7e-b0af-5cc4221dc12f/clear'
10:39:40.902 [Forwarding clearElement on session b55145e5d59589ae7530751410cd76c2 to remote] DEBUG org.asynchttpclient.netty.request.NettyRequestSender - Using open Channel [id: 0x1e464860, L:/127.0.0.1:55117 - R:localhost/127.0.0.1:47036] for POST '/session/b55145e5d59589ae7530751410cd76c2/element/a2f1d796-ce96-4f7e-b0af-5cc4221dc12f/clear'
10:39:40.928 [AsyncHttpClient-1-2] DEBUG org.asynchttpclient.netty.handler.HttpHandler - 

Request DefaultHttpRequest(decodeResult: success, version: HTTP/1.1)
POST /session/b55145e5d59589ae7530751410cd76c2/element/a2f1d796-ce96-4f7e-b0af-5cc4221dc12f/clear HTTP/1.1
User-Agent: selenium/4.8.1 (java windows)
Content-Length: 50
Content-Type: application/json; charset=utf-8
host: localhost:47036
accept: */*

Response DefaultHttpResponse(decodeResult: success, version: HTTP/1.1)
HTTP/1.1 200 OK
Content-Length: 14
Content-Type: application/json; charset=utf-8
cache-control: no-cache

10:39:40.928 [AsyncHttpClient-1-2] DEBUG org.asynchttpclient.netty.channel.ChannelManager - Adding key: http://localhost:47036 for channel [id: 0x1e464860, L:/127.0.0.1:55117 - R:localhost/127.0.0.1:47036]
10:39:40.930 [Forwarding sendKeysToElement on session b55145e5d59589ae7530751410cd76c2 to remote] DEBUG org.asynchttpclient.netty.request.NettyRequestSender - Using pooled Channel '[id: 0x1e464860, L:/127.0.0.1:55117 - R:localhost/127.0.0.1:47036]' for 'POST' to 'http://localhost:47036/session/b55145e5d59589ae7530751410cd76c2/element/a2f1d796-ce96-4f7e-b0af-5cc4221dc12f/value'
10:39:40.930 [Forwarding sendKeysToElement on session b55145e5d59589ae7530751410cd76c2 to remote] DEBUG org.asynchttpclient.netty.request.NettyRequestSender - Using open Channel [id: 0x1e464860, L:/127.0.0.1:55117 - R:localhost/127.0.0.1:47036] for POST '/session/b55145e5d59589ae7530751410cd76c2/element/a2f1d796-ce96-4f7e-b0af-5cc4221dc12f/value'
10:39:40.969 [AsyncHttpClient-1-2] DEBUG org.asynchttpclient.netty.handler.HttpHandler - 

Request DefaultHttpRequest(decodeResult: success, version: HTTP/1.1)
POST /session/b55145e5d59589ae7530751410cd76c2/element/a2f1d796-ce96-4f7e-b0af-5cc4221dc12f/value HTTP/1.1
User-Agent: selenium/4.8.1 (java windows)
Content-Length: 101
Content-Type: application/json; charset=utf-8
host: localhost:47036
accept: */*

Response DefaultHttpResponse(decodeResult: success, version: HTTP/1.1)
HTTP/1.1 200 OK
Content-Length: 14
Content-Type: application/json; charset=utf-8
cache-control: no-cache

10:39:40.969 [AsyncHttpClient-1-2] DEBUG org.asynchttpclient.netty.channel.ChannelManager - Adding key: http://localhost:47036 for channel [id: 0x1e464860, L:/127.0.0.1:55117 - R:localhost/127.0.0.1:47036]
10:39:40.975 [Forwarding getAlertText on session b55145e5d59589ae7530751410cd76c2 to remote] DEBUG org.asynchttpclient.netty.request.NettyRequestSender - Using pooled Channel '[id: 0x1e464860, L:/127.0.0.1:55117 - R:localhost/127.0.0.1:47036]' for 'GET' to 'http://localhost:47036/session/b55145e5d59589ae7530751410cd76c2/alert/text'
10:39:40.975 [Forwarding getAlertText on session b55145e5d59589ae7530751410cd76c2 to remote] DEBUG org.asynchttpclient.netty.request.NettyRequestSender - Using open Channel [id: 0x1e464860, L:/127.0.0.1:55117 - R:localhost/127.0.0.1:47036] for GET '/session/b55145e5d59589ae7530751410cd76c2/alert/text'
10:39:40.977 [AsyncHttpClient-1-2] DEBUG org.asynchttpclient.netty.handler.HttpHandler - 

Request DefaultFullHttpRequest(decodeResult: success, version: HTTP/1.1, content: EmptyByteBufBE)
GET /session/b55145e5d59589ae7530751410cd76c2/alert/text HTTP/1.1
User-Agent: selenium/4.8.1 (java windows)
Cache-Control: no-cache
Content-Type: application/json; charset=utf-8
host: localhost:47036
accept: */*

Response DefaultHttpResponse(decodeResult: success, version: HTTP/1.1)
HTTP/1.1 404 Not Found
Content-Length: 836
Content-Type: application/json; charset=utf-8
cache-control: no-cache

10:39:40.977 [AsyncHttpClient-1-2] DEBUG org.asynchttpclient.netty.channel.ChannelManager - Adding key: http://localhost:47036 for channel [id: 0x1e464860, L:/127.0.0.1:55117 - R:localhost/127.0.0.1:47036]
10:39:40.978 [Forwarding getCurrentUrl on session b55145e5d59589ae7530751410cd76c2 to remote] DEBUG org.asynchttpclient.netty.request.NettyRequestSender - Using pooled Channel '[id: 0x1e464860, L:/127.0.0.1:55117 - R:localhost/127.0.0.1:47036]' for 'GET' to 'http://localhost:47036/session/b55145e5d59589ae7530751410cd76c2/url'
10:39:40.978 [Forwarding getCurrentUrl on session b55145e5d59589ae7530751410cd76c2 to remote] DEBUG org.asynchttpclient.netty.request.NettyRequestSender - Using open Channel [id: 0x1e464860, L:/127.0.0.1:55117 - R:localhost/127.0.0.1:47036] for GET '/session/b55145e5d59589ae7530751410cd76c2/url'
10:39:40.982 [AsyncHttpClient-1-2] DEBUG org.asynchttpclient.netty.handler.HttpHandler - 

Request DefaultFullHttpRequest(decodeResult: success, version: HTTP/1.1, content: EmptyByteBufBE)
GET /session/b55145e5d59589ae7530751410cd76c2/url HTTP/1.1
User-Agent: selenium/4.8.1 (java windows)
Cache-Control: no-cache
Content-Type: application/json; charset=utf-8
host: localhost:47036
accept: */*

Response DefaultHttpResponse(decodeResult: success, version: HTTP/1.1)
HTTP/1.1 200 OK
Content-Length: 54
Content-Type: application/json; charset=utf-8
cache-control: no-cache

10:39:40.982 [AsyncHttpClient-1-2] DEBUG org.asynchttpclient.netty.channel.ChannelManager - Adding key: http://localhost:47036 for channel [id: 0x1e464860, L:/127.0.0.1:55117 - R:localhost/127.0.0.1:47036]
10:39:40.983 [Forwarding screenshot on session b55145e5d59589ae7530751410cd76c2 to remote] DEBUG org.asynchttpclient.netty.request.NettyRequestSender - Using pooled Channel '[id: 0x1e464860, L:/127.0.0.1:55117 - R:localhost/127.0.0.1:47036]' for 'GET' to 'http://localhost:47036/session/b55145e5d59589ae7530751410cd76c2/screenshot'
10:39:40.984 [Forwarding screenshot on session b55145e5d59589ae7530751410cd76c2 to remote] DEBUG org.asynchttpclient.netty.request.NettyRequestSender - Using open Channel [id: 0x1e464860, L:/127.0.0.1:55117 - R:localhost/127.0.0.1:47036] for GET '/session/b55145e5d59589ae7530751410cd76c2/screenshot'
10:39:41.065 [AsyncHttpClient-1-2] DEBUG org.asynchttpclient.netty.handler.HttpHandler - 

Request DefaultFullHttpRequest(decodeResult: success, version: HTTP/1.1, content: EmptyByteBufBE)
GET /session/b55145e5d59589ae7530751410cd76c2/screenshot HTTP/1.1
User-Agent: selenium/4.8.1 (java windows)
Cache-Control: no-cache
Content-Type: application/json; charset=utf-8
host: localhost:47036
accept: */*

Response DefaultHttpResponse(decodeResult: success, version: HTTP/1.1)
HTTP/1.1 200 OK
Content-Length: 34040
Content-Type: application/json; charset=utf-8
cache-control: no-cache

10:39:41.066 [AsyncHttpClient-1-2] DEBUG org.asynchttpclient.netty.channel.ChannelManager - Adding key: http://localhost:47036 for channel [id: 0x1e464860, L:/127.0.0.1:55117 - R:localhost/127.0.0.1:47036]
10:39:41.069 [main] DEBUG net.serenitybdd.core.photography.Darkroom - Send negative for processing for target\site\serenity\8981ba85dd24546adb99dfacbfbf23720bb6189b12061894fcb42de0df9bc35f.png
10:39:41.069 [main] DEBUG net.thucydides.core.steps.StepInterceptor - STEP DONE: inputPasswordReg
10:39:41.069 [Darkroom Processing Line] DEBUG net.serenitybdd.core.photography.DarkroomProcessingLine - Processing screenshot image in /var/screenshots/screenshot-15182934329346213006
10:39:41.069 [Darkroom Processing Line] DEBUG net.serenitybdd.core.photography.DarkroomProcessingLine - Saving screenshot to target\site\serenity\8981ba85dd24546adb99dfacbfbf23720bb6189b12061894fcb42de0df9bc35f.png
  &amp#27;[32mAnd &amp#27;[0m&amp#27;[32mI input correct password for register&amp#27;[0m &amp#27;[90m# starter.stepdefinitions.RegisterSteps.inputPasswordReg()&amp#27;[0m
10:39:41.080 [Forwarding getPageSource on session b55145e5d59589ae7530751410cd76c2 to remote] DEBUG org.asynchttpclient.netty.request.NettyRequestSender - Using pooled Channel '[id: 0x1e464860, L:/127.0.0.1:55117 - R:localhost/127.0.0.1:47036]' for 'POST' to 'http://localhost:47036/session/b55145e5d59589ae7530751410cd76c2/execute/sync'
10:39:41.080 [Forwarding getPageSource on session b55145e5d59589ae7530751410cd76c2 to remote] DEBUG org.asynchttpclient.netty.request.NettyRequestSender - Using open Channel [id: 0x1e464860, L:/127.0.0.1:55117 - R:localhost/127.0.0.1:47036] for POST '/session/b55145e5d59589ae7530751410cd76c2/execute/sync'
10:39:41.084 [AsyncHttpClient-1-2] DEBUG org.asynchttpclient.netty.handler.HttpHandler - 

Request DefaultHttpRequest(decodeResult: success, version: HTTP/1.1)
POST /session/b55145e5d59589ae7530751410cd76c2/execute/sync HTTP/1.1
User-Agent: selenium/4.8.1 (java windows)
Content-Length: 176
Content-Type: application/json; charset=utf-8
host: localhost:47036
accept: */*

Response DefaultHttpResponse(decodeResult: success, version: HTTP/1.1)
HTTP/1.1 200 OK
Content-Length: 22553
Content-Type: application/json; charset=utf-8
cache-control: no-cache

10:39:41.085 [AsyncHttpClient-1-2] DEBUG org.asynchttpclient.netty.channel.ChannelManager - Adding key: http://localhost:47036 for channel [id: 0x1e464860, L:/127.0.0.1:55117 - R:localhost/127.0.0.1:47036]
10:39:41.088 [Forwarding getCurrentUrl on session b55145e5d59589ae7530751410cd76c2 to remote] DEBUG org.asynchttpclient.netty.request.NettyRequestSender - Using pooled Channel '[id: 0x1e464860, L:/127.0.0.1:55117 - R:localhost/127.0.0.1:47036]' for 'GET' to 'http://localhost:47036/session/b55145e5d59589ae7530751410cd76c2/url'
10:39:41.088 [Forwarding getCurrentUrl on session b55145e5d59589ae7530751410cd76c2 to remote] DEBUG org.asynchttpclient.netty.request.NettyRequestSender - Using open Channel [id: 0x1e464860, L:/127.0.0.1:55117 - R:localhost/127.0.0.1:47036] for GET '/session/b55145e5d59589ae7530751410cd76c2/url'
10:39:41.091 [AsyncHttpClient-1-2] DEBUG org.asynchttpclient.netty.handler.HttpHandler - 

Request DefaultFullHttpRequest(decodeResult: success, version: HTTP/1.1, content: EmptyByteBufBE)
GET /session/b55145e5d59589ae7530751410cd76c2/url HTTP/1.1
User-Agent: selenium/4.8.1 (java windows)
Cache-Control: no-cache
Content-Type: application/json; charset=utf-8
host: localhost:47036
accept: */*

Response DefaultHttpResponse(decodeResult: success, version: HTTP/1.1)
HTTP/1.1 200 OK
Content-Length: 54
Content-Type: application/json; charset=utf-8
cache-control: no-cache

10:39:41.091 [AsyncHttpClient-1-2] DEBUG org.asynchttpclient.netty.channel.ChannelManager - Adding key: http://localhost:47036 for channel [id: 0x1e464860, L:/127.0.0.1:55117 - R:localhost/127.0.0.1:47036]
10:39:41.103 [Forwarding getPageSource on session b55145e5d59589ae7530751410cd76c2 to remote] DEBUG org.asynchttpclient.netty.request.NettyRequestSender - Using pooled Channel '[id: 0x1e464860, L:/127.0.0.1:55117 - R:localhost/127.0.0.1:47036]' for 'POST' to 'http://localhost:47036/session/b55145e5d59589ae7530751410cd76c2/execute/sync'
10:39:41.103 [Forwarding getPageSource on session b55145e5d59589ae7530751410cd76c2 to remote] DEBUG org.asynchttpclient.netty.request.NettyRequestSender - Using open Channel [id: 0x1e464860, L:/127.0.0.1:55117 - R:localhost/127.0.0.1:47036] for POST '/session/b55145e5d59589ae7530751410cd76c2/execute/sync'
10:39:41.110 [AsyncHttpClient-1-2] DEBUG org.asynchttpclient.netty.handler.HttpHandler - 

Request DefaultHttpRequest(decodeResult: success, version: HTTP/1.1)
POST /session/b55145e5d59589ae7530751410cd76c2/execute/sync HTTP/1.1
User-Agent: selenium/4.8.1 (java windows)
Content-Length: 176
Content-Type: application/json; charset=utf-8
host: localhost:47036
accept: */*

Response DefaultHttpResponse(decodeResult: success, version: HTTP/1.1)
HTTP/1.1 200 OK
Content-Length: 22553
Content-Type: application/json; charset=utf-8
cache-control: no-cache

10:39:41.111 [AsyncHttpClient-1-2] DEBUG org.asynchttpclient.netty.channel.ChannelManager - Adding key: http://localhost:47036 for channel [id: 0x1e464860, L:/127.0.0.1:55117 - R:localhost/127.0.0.1:47036]
10:39:41.115 [Forwarding getCurrentUrl on session b55145e5d59589ae7530751410cd76c2 to remote] DEBUG org.asynchttpclient.netty.request.NettyRequestSender - Using pooled Channel '[id: 0x1e464860, L:/127.0.0.1:55117 - R:localhost/127.0.0.1:47036]' for 'GET' to 'http://localhost:47036/session/b55145e5d59589ae7530751410cd76c2/url'
10:39:41.115 [Forwarding getCurrentUrl on session b55145e5d59589ae7530751410cd76c2 to remote] DEBUG org.asynchttpclient.netty.request.NettyRequestSender - Using open Channel [id: 0x1e464860, L:/127.0.0.1:55117 - R:localhost/127.0.0.1:47036] for GET '/session/b55145e5d59589ae7530751410cd76c2/url'
10:39:41.118 [AsyncHttpClient-1-2] DEBUG org.asynchttpclient.netty.handler.HttpHandler - 

Request DefaultFullHttpRequest(decodeResult: success, version: HTTP/1.1, content: EmptyByteBufBE)
GET /session/b55145e5d59589ae7530751410cd76c2/url HTTP/1.1
User-Agent: selenium/4.8.1 (java windows)
Cache-Control: no-cache
Content-Type: application/json; charset=utf-8
host: localhost:47036
accept: */*

Response DefaultHttpResponse(decodeResult: success, version: HTTP/1.1)
HTTP/1.1 200 OK
Content-Length: 54
Content-Type: application/json; charset=utf-8
cache-control: no-cache

10:39:41.118 [AsyncHttpClient-1-2] DEBUG org.asynchttpclient.netty.channel.ChannelManager - Adding key: http://localhost:47036 for channel [id: 0x1e464860, L:/127.0.0.1:55117 - R:localhost/127.0.0.1:47036]
10:39:41.121 [main] DEBUG net.thucydides.core.steps.StepInterceptor - STARTING STEP: RegisterSteps.ClickRegisterButton - ClickRegisterButton
10:39:41.124 [Forwarding findElement on session b55145e5d59589ae7530751410cd76c2 to remote] DEBUG org.asynchttpclient.netty.request.NettyRequestSender - Using pooled Channel '[id: 0x1e464860, L:/127.0.0.1:55117 - R:localhost/127.0.0.1:47036]' for 'POST' to 'http://localhost:47036/session/b55145e5d59589ae7530751410cd76c2/element'
10:39:41.125 [Forwarding findElement on session b55145e5d59589ae7530751410cd76c2 to remote] DEBUG org.asynchttpclient.netty.request.NettyRequestSender - Using open Channel [id: 0x1e464860, L:/127.0.0.1:55117 - R:localhost/127.0.0.1:47036] for POST '/session/b55145e5d59589ae7530751410cd76c2/element'
10:39:41.136 [AsyncHttpClient-1-2] DEBUG org.asynchttpclient.netty.handler.HttpHandler - 

Request DefaultHttpRequest(decodeResult: success, version: HTTP/1.1)
POST /session/b55145e5d59589ae7530751410cd76c2/element HTTP/1.1
User-Agent: selenium/4.8.1 (java windows)
Content-Length: 71
Content-Type: application/json; charset=utf-8
host: localhost:47036
accept: */*

Response DefaultHttpResponse(decodeResult: success, version: HTTP/1.1)
HTTP/1.1 200 OK
Content-Length: 88
Content-Type: application/json; charset=utf-8
cache-control: no-cache

10:39:41.136 [AsyncHttpClient-1-2] DEBUG org.asynchttpclient.netty.channel.ChannelManager - Adding key: http://localhost:47036 for channel [id: 0x1e464860, L:/127.0.0.1:55117 - R:localhost/127.0.0.1:47036]
10:39:41.137 [Forwarding getElementTagName on session b55145e5d59589ae7530751410cd76c2 to remote] DEBUG org.asynchttpclient.netty.request.NettyRequestSender - Using pooled Channel '[id: 0x1e464860, L:/127.0.0.1:55117 - R:localhost/127.0.0.1:47036]' for 'GET' to 'http://localhost:47036/session/b55145e5d59589ae7530751410cd76c2/element/31d82159-7a4e-4364-a403-0dc04feca784/name'
10:39:41.138 [Forwarding getElementTagName on session b55145e5d59589ae7530751410cd76c2 to remote] DEBUG org.asynchttpclient.netty.request.NettyRequestSender - Using open Channel [id: 0x1e464860, L:/127.0.0.1:55117 - R:localhost/127.0.0.1:47036] for GET '/session/b55145e5d59589ae7530751410cd76c2/element/31d82159-7a4e-4364-a403-0dc04feca784/name'
10:39:41.144 [AsyncHttpClient-1-2] DEBUG org.asynchttpclient.netty.handler.HttpHandler - 

Request DefaultFullHttpRequest(decodeResult: success, version: HTTP/1.1, content: EmptyByteBufBE)
GET /session/b55145e5d59589ae7530751410cd76c2/element/31d82159-7a4e-4364-a403-0dc04feca784/name HTTP/1.1
User-Agent: selenium/4.8.1 (java windows)
Cache-Control: no-cache
Content-Type: application/json; charset=utf-8
host: localhost:47036
accept: */*

Response DefaultHttpResponse(decodeResult: success, version: HTTP/1.1)
HTTP/1.1 200 OK
Content-Length: 18
Content-Type: application/json; charset=utf-8
cache-control: no-cache

10:39:41.144 [AsyncHttpClient-1-2] DEBUG org.asynchttpclient.netty.channel.ChannelManager - Adding key: http://localhost:47036 for channel [id: 0x1e464860, L:/127.0.0.1:55117 - R:localhost/127.0.0.1:47036]
10:39:41.145 [Forwarding getElementTagName on session b55145e5d59589ae7530751410cd76c2 to remote] DEBUG org.asynchttpclient.netty.request.NettyRequestSender - Using pooled Channel '[id: 0x1e464860, L:/127.0.0.1:55117 - R:localhost/127.0.0.1:47036]' for 'GET' to 'http://localhost:47036/session/b55145e5d59589ae7530751410cd76c2/element/31d82159-7a4e-4364-a403-0dc04feca784/name'
10:39:41.146 [Forwarding getElementTagName on session b55145e5d59589ae7530751410cd76c2 to remote] DEBUG org.asynchttpclient.netty.request.NettyRequestSender - Using open Channel [id: 0x1e464860, L:/127.0.0.1:55117 - R:localhost/127.0.0.1:47036] for GET '/session/b55145e5d59589ae7530751410cd76c2/element/31d82159-7a4e-4364-a403-0dc04feca784/name'
10:39:41.149 [AsyncHttpClient-1-2] DEBUG org.asynchttpclient.netty.handler.HttpHandler - 

Request DefaultFullHttpRequest(decodeResult: success, version: HTTP/1.1, content: EmptyByteBufBE)
GET /session/b55145e5d59589ae7530751410cd76c2/element/31d82159-7a4e-4364-a403-0dc04feca784/name HTTP/1.1
User-Agent: selenium/4.8.1 (java windows)
Cache-Control: no-cache
Content-Type: application/json; charset=utf-8
host: localhost:47036
accept: */*

Response DefaultHttpResponse(decodeResult: success, version: HTTP/1.1)
HTTP/1.1 200 OK
Content-Length: 18
Content-Type: application/json; charset=utf-8
cache-control: no-cache

10:39:41.150 [AsyncHttpClient-1-2] DEBUG org.asynchttpclient.netty.channel.ChannelManager - Adding key: http://localhost:47036 for channel [id: 0x1e464860, L:/127.0.0.1:55117 - R:localhost/127.0.0.1:47036]
10:39:41.153 [Forwarding isElementEnabled on session b55145e5d59589ae7530751410cd76c2 to remote] DEBUG org.asynchttpclient.netty.request.NettyRequestSender - Using pooled Channel '[id: 0x1e464860, L:/127.0.0.1:55117 - R:localhost/127.0.0.1:47036]' for 'GET' to 'http://localhost:47036/session/b55145e5d59589ae7530751410cd76c2/element/31d82159-7a4e-4364-a403-0dc04feca784/enabled'
10:39:41.153 [Forwarding isElementEnabled on session b55145e5d59589ae7530751410cd76c2 to remote] DEBUG org.asynchttpclient.netty.request.NettyRequestSender - Using open Channel [id: 0x1e464860, L:/127.0.0.1:55117 - R:localhost/127.0.0.1:47036] for GET '/session/b55145e5d59589ae7530751410cd76c2/element/31d82159-7a4e-4364-a403-0dc04feca784/enabled'
10:39:41.163 [AsyncHttpClient-1-2] DEBUG org.asynchttpclient.netty.handler.HttpHandler - 

Request DefaultFullHttpRequest(decodeResult: success, version: HTTP/1.1, content: EmptyByteBufBE)
GET /session/b55145e5d59589ae7530751410cd76c2/element/31d82159-7a4e-4364-a403-0dc04feca784/enabled HTTP/1.1
User-Agent: selenium/4.8.1 (java windows)
Cache-Control: no-cache
Content-Type: application/json; charset=utf-8
host: localhost:47036
accept: */*

Response DefaultHttpResponse(decodeResult: success, version: HTTP/1.1)
HTTP/1.1 200 OK
Content-Length: 14
Content-Type: application/json; charset=utf-8
cache-control: no-cache

10:39:41.163 [AsyncHttpClient-1-2] DEBUG org.asynchttpclient.netty.channel.ChannelManager - Adding key: http://localhost:47036 for channel [id: 0x1e464860, L:/127.0.0.1:55117 - R:localhost/127.0.0.1:47036]
10:39:41.165 [Forwarding isElementEnabled on session b55145e5d59589ae7530751410cd76c2 to remote] DEBUG org.asynchttpclient.netty.request.NettyRequestSender - Using pooled Channel '[id: 0x1e464860, L:/127.0.0.1:55117 - R:localhost/127.0.0.1:47036]' for 'GET' to 'http://localhost:47036/session/b55145e5d59589ae7530751410cd76c2/element/31d82159-7a4e-4364-a403-0dc04feca784/enabled'
10:39:41.165 [Forwarding isElementEnabled on session b55145e5d59589ae7530751410cd76c2 to remote] DEBUG org.asynchttpclient.netty.request.NettyRequestSender - Using open Channel [id: 0x1e464860, L:/127.0.0.1:55117 - R:localhost/127.0.0.1:47036] for GET '/session/b55145e5d59589ae7530751410cd76c2/element/31d82159-7a4e-4364-a403-0dc04feca784/enabled'
10:39:41.171 [AsyncHttpClient-1-2] DEBUG org.asynchttpclient.netty.handler.HttpHandler - 

Request DefaultFullHttpRequest(decodeResult: success, version: HTTP/1.1, content: EmptyByteBufBE)
GET /session/b55145e5d59589ae7530751410cd76c2/element/31d82159-7a4e-4364-a403-0dc04feca784/enabled HTTP/1.1
User-Agent: selenium/4.8.1 (java windows)
Cache-Control: no-cache
Content-Type: application/json; charset=utf-8
host: localhost:47036
accept: */*

Response DefaultHttpResponse(decodeResult: success, version: HTTP/1.1)
HTTP/1.1 200 OK
Content-Length: 14
Content-Type: application/json; charset=utf-8
cache-control: no-cache

10:39:41.171 [AsyncHttpClient-1-2] DEBUG org.asynchttpclient.netty.channel.ChannelManager - Adding key: http://localhost:47036 for channel [id: 0x1e464860, L:/127.0.0.1:55117 - R:localhost/127.0.0.1:47036]
10:39:41.174 [Forwarding findElement on session b55145e5d59589ae7530751410cd76c2 to remote] DEBUG org.asynchttpclient.netty.request.NettyRequestSender - Using pooled Channel '[id: 0x1e464860, L:/127.0.0.1:55117 - R:localhost/127.0.0.1:47036]' for 'POST' to 'http://localhost:47036/session/b55145e5d59589ae7530751410cd76c2/element'
10:39:41.174 [Forwarding findElement on session b55145e5d59589ae7530751410cd76c2 to remote] DEBUG org.asynchttpclient.netty.request.NettyRequestSender - Using open Channel [id: 0x1e464860, L:/127.0.0.1:55117 - R:localhost/127.0.0.1:47036] for POST '/session/b55145e5d59589ae7530751410cd76c2/element'
10:39:41.181 [AsyncHttpClient-1-2] DEBUG org.asynchttpclient.netty.handler.HttpHandler - 

Request DefaultHttpRequest(decodeResult: success, version: HTTP/1.1)
POST /session/b55145e5d59589ae7530751410cd76c2/element HTTP/1.1
User-Agent: selenium/4.8.1 (java windows)
Content-Length: 71
Content-Type: application/json; charset=utf-8
host: localhost:47036
accept: */*

Response DefaultHttpResponse(decodeResult: success, version: HTTP/1.1)
HTTP/1.1 200 OK
Content-Length: 88
Content-Type: application/json; charset=utf-8
cache-control: no-cache

10:39:41.181 [AsyncHttpClient-1-2] DEBUG org.asynchttpclient.netty.channel.ChannelManager - Adding key: http://localhost:47036 for channel [id: 0x1e464860, L:/127.0.0.1:55117 - R:localhost/127.0.0.1:47036]
10:39:41.183 [Forwarding clickElement on session b55145e5d59589ae7530751410cd76c2 to remote] DEBUG org.asynchttpclient.netty.request.NettyRequestSender - Using pooled Channel '[id: 0x1e464860, L:/127.0.0.1:55117 - R:localhost/127.0.0.1:47036]' for 'POST' to 'http://localhost:47036/session/b55145e5d59589ae7530751410cd76c2/element/31d82159-7a4e-4364-a403-0dc04feca784/click'
10:39:41.183 [Forwarding clickElement on session b55145e5d59589ae7530751410cd76c2 to remote] DEBUG org.asynchttpclient.netty.request.NettyRequestSender - Using open Channel [id: 0x1e464860, L:/127.0.0.1:55117 - R:localhost/127.0.0.1:47036] for POST '/session/b55145e5d59589ae7530751410cd76c2/element/31d82159-7a4e-4364-a403-0dc04feca784/click'
10:39:41.222 [AsyncHttpClient-1-2] DEBUG org.asynchttpclient.netty.handler.HttpHandler - 

Request DefaultHttpRequest(decodeResult: success, version: HTTP/1.1)
POST /session/b55145e5d59589ae7530751410cd76c2/element/31d82159-7a4e-4364-a403-0dc04feca784/click HTTP/1.1
User-Agent: selenium/4.8.1 (java windows)
Content-Length: 50
Content-Type: application/json; charset=utf-8
host: localhost:47036
accept: */*

Response DefaultHttpResponse(decodeResult: success, version: HTTP/1.1)
HTTP/1.1 200 OK
Content-Length: 14
Content-Type: application/json; charset=utf-8
cache-control: no-cache

10:39:41.222 [AsyncHttpClient-1-2] DEBUG org.asynchttpclient.netty.channel.ChannelManager - Adding key: http://localhost:47036 for channel [id: 0x1e464860, L:/127.0.0.1:55117 - R:localhost/127.0.0.1:47036]
10:39:41.228 [Forwarding getAlertText on session b55145e5d59589ae7530751410cd76c2 to remote] DEBUG org.asynchttpclient.netty.request.NettyRequestSender - Using pooled Channel '[id: 0x1e464860, L:/127.0.0.1:55117 - R:localhost/127.0.0.1:47036]' for 'GET' to 'http://localhost:47036/session/b55145e5d59589ae7530751410cd76c2/alert/text'
10:39:41.228 [Forwarding getAlertText on session b55145e5d59589ae7530751410cd76c2 to remote] DEBUG org.asynchttpclient.netty.request.NettyRequestSender - Using open Channel [id: 0x1e464860, L:/127.0.0.1:55117 - R:localhost/127.0.0.1:47036] for GET '/session/b55145e5d59589ae7530751410cd76c2/alert/text'
10:39:41.229 [AsyncHttpClient-1-2] DEBUG org.asynchttpclient.netty.handler.HttpHandler - 

Request DefaultFullHttpRequest(decodeResult: success, version: HTTP/1.1, content: EmptyByteBufBE)
GET /session/b55145e5d59589ae7530751410cd76c2/alert/text HTTP/1.1
User-Agent: selenium/4.8.1 (java windows)
Cache-Control: no-cache
Content-Type: application/json; charset=utf-8
host: localhost:47036
accept: */*

Response DefaultHttpResponse(decodeResult: success, version: HTTP/1.1)
HTTP/1.1 404 Not Found
Content-Length: 836
Content-Type: application/json; charset=utf-8
cache-control: no-cache

10:39:41.230 [AsyncHttpClient-1-2] DEBUG org.asynchttpclient.netty.channel.ChannelManager - Adding key: http://localhost:47036 for channel [id: 0x1e464860, L:/127.0.0.1:55117 - R:localhost/127.0.0.1:47036]
10:39:41.231 [Forwarding getCurrentUrl on session b55145e5d59589ae7530751410cd76c2 to remote] DEBUG org.asynchttpclient.netty.request.NettyRequestSender - Using pooled Channel '[id: 0x1e464860, L:/127.0.0.1:55117 - R:localhost/127.0.0.1:47036]' for 'GET' to 'http://localhost:47036/session/b55145e5d59589ae7530751410cd76c2/url'
10:39:41.232 [Forwarding getCurrentUrl on session b55145e5d59589ae7530751410cd76c2 to remote] DEBUG org.asynchttpclient.netty.request.NettyRequestSender - Using open Channel [id: 0x1e464860, L:/127.0.0.1:55117 - R:localhost/127.0.0.1:47036] for GET '/session/b55145e5d59589ae7530751410cd76c2/url'
10:39:41.235 [AsyncHttpClient-1-2] DEBUG org.asynchttpclient.netty.handler.HttpHandler - 

Request DefaultFullHttpRequest(decodeResult: success, version: HTTP/1.1, content: EmptyByteBufBE)
GET /session/b55145e5d59589ae7530751410cd76c2/url HTTP/1.1
User-Agent: selenium/4.8.1 (java windows)
Cache-Control: no-cache
Content-Type: application/json; charset=utf-8
host: localhost:47036
accept: */*

Response DefaultHttpResponse(decodeResult: success, version: HTTP/1.1)
HTTP/1.1 200 OK
Content-Length: 54
Content-Type: application/json; charset=utf-8
cache-control: no-cache

10:39:41.236 [AsyncHttpClient-1-2] DEBUG org.asynchttpclient.netty.channel.ChannelManager - Adding key: http://localhost:47036 for channel [id: 0x1e464860, L:/127.0.0.1:55117 - R:localhost/127.0.0.1:47036]
10:39:41.237 [Forwarding screenshot on session b55145e5d59589ae7530751410cd76c2 to remote] DEBUG org.asynchttpclient.netty.request.NettyRequestSender - Using pooled Channel '[id: 0x1e464860, L:/127.0.0.1:55117 - R:localhost/127.0.0.1:47036]' for 'GET' to 'http://localhost:47036/session/b55145e5d59589ae7530751410cd76c2/screenshot'
10:39:41.237 [Forwarding screenshot on session b55145e5d59589ae7530751410cd76c2 to remote] DEBUG org.asynchttpclient.netty.request.NettyRequestSender - Using open Channel [id: 0x1e464860, L:/127.0.0.1:55117 - R:localhost/127.0.0.1:47036] for GET '/session/b55145e5d59589ae7530751410cd76c2/screenshot'
10:39:41.309 [AsyncHttpClient-1-1] DEBUG org.asynchttpclient.netty.channel.DefaultChannelPool - Entry count for : http://localhost:55118 : 1
10:39:41.360 [AsyncHttpClient-1-2] DEBUG org.asynchttpclient.netty.handler.HttpHandler - 

Request DefaultFullHttpRequest(decodeResult: success, version: HTTP/1.1, content: EmptyByteBufBE)
GET /session/b55145e5d59589ae7530751410cd76c2/screenshot HTTP/1.1
User-Agent: selenium/4.8.1 (java windows)
Cache-Control: no-cache
Content-Type: application/json; charset=utf-8
host: localhost:47036
accept: */*

Response DefaultHttpResponse(decodeResult: success, version: HTTP/1.1)
HTTP/1.1 200 OK
Content-Length: 32648
Content-Type: application/json; charset=utf-8
cache-control: no-cache

10:39:41.360 [AsyncHttpClient-1-2] DEBUG org.asynchttpclient.netty.channel.ChannelManager - Adding key: http://localhost:47036 for channel [id: 0x1e464860, L:/127.0.0.1:55117 - R:localhost/127.0.0.1:47036]
10:39:41.363 [main] DEBUG net.serenitybdd.core.photography.Darkroom - Send negative for processing for target\site\serenity\02cd3ff98803c5c31f59870fa282060d117f652f45c576d23bce2f11ed64eeaf.png
10:39:41.363 [main] DEBUG net.thucydides.core.steps.StepInterceptor - STEP DONE: ClickRegisterButton
  &amp#27;[32mAnd &amp#27;[0m&amp#27;[32mI click on the register button&amp#27;[0m        &amp#27;[90m# starter.stepdefinitions.RegisterSteps.ClickRegisterButton()&amp#27;[0m
10:39:41.363 [Darkroom Processing Line] DEBUG net.serenitybdd.core.photography.DarkroomProcessingLine - Processing screenshot image in /var/screenshots/screenshot-15992393753404529820
10:39:41.363 [Darkroom Processing Line] DEBUG net.serenitybdd.core.photography.DarkroomProcessingLine - Saving screenshot to target\site\serenity\02cd3ff98803c5c31f59870fa282060d117f652f45c576d23bce2f11ed64eeaf.png
10:39:41.375 [Forwarding getPageSource on session b55145e5d59589ae7530751410cd76c2 to remote] DEBUG org.asynchttpclient.netty.request.NettyRequestSender - Using pooled Channel '[id: 0x1e464860, L:/127.0.0.1:55117 - R:localhost/127.0.0.1:47036]' for 'POST' to 'http://localhost:47036/session/b55145e5d59589ae7530751410cd76c2/execute/sync'
10:39:41.376 [Forwarding getPageSource on session b55145e5d59589ae7530751410cd76c2 to remote] DEBUG org.asynchttpclient.netty.request.NettyRequestSender - Using open Channel [id: 0x1e464860, L:/127.0.0.1:55117 - R:localhost/127.0.0.1:47036] for POST '/session/b55145e5d59589ae7530751410cd76c2/execute/sync'
10:39:41.390 [AsyncHttpClient-1-2] DEBUG org.asynchttpclient.netty.handler.HttpHandler - 

Request DefaultHttpRequest(decodeResult: success, version: HTTP/1.1)
POST /session/b55145e5d59589ae7530751410cd76c2/execute/sync HTTP/1.1
User-Agent: selenium/4.8.1 (java windows)
Content-Length: 176
Content-Type: application/json; charset=utf-8
host: localhost:47036
accept: */*

Response DefaultHttpResponse(decodeResult: success, version: HTTP/1.1)
HTTP/1.1 200 OK
Content-Length: 22832
Content-Type: application/json; charset=utf-8
cache-control: no-cache

10:39:41.391 [AsyncHttpClient-1-2] DEBUG org.asynchttpclient.netty.channel.ChannelManager - Adding key: http://localhost:47036 for channel [id: 0x1e464860, L:/127.0.0.1:55117 - R:localhost/127.0.0.1:47036]
10:39:41.398 [Forwarding getCurrentUrl on session b55145e5d59589ae7530751410cd76c2 to remote] DEBUG org.asynchttpclient.netty.request.NettyRequestSender - Using pooled Channel '[id: 0x1e464860, L:/127.0.0.1:55117 - R:localhost/127.0.0.1:47036]' for 'GET' to 'http://localhost:47036/session/b55145e5d59589ae7530751410cd76c2/url'
10:39:41.400 [Forwarding getCurrentUrl on session b55145e5d59589ae7530751410cd76c2 to remote] DEBUG org.asynchttpclient.netty.request.NettyRequestSender - Using open Channel [id: 0x1e464860, L:/127.0.0.1:55117 - R:localhost/127.0.0.1:47036] for GET '/session/b55145e5d59589ae7530751410cd76c2/url'
10:39:41.411 [AsyncHttpClient-1-2] DEBUG org.asynchttpclient.netty.handler.HttpHandler - 

Request DefaultFullHttpRequest(decodeResult: success, version: HTTP/1.1, content: EmptyByteBufBE)
GET /session/b55145e5d59589ae7530751410cd76c2/url HTTP/1.1
User-Agent: selenium/4.8.1 (java windows)
Cache-Control: no-cache
Content-Type: application/json; charset=utf-8
host: localhost:47036
accept: */*

Response DefaultHttpResponse(decodeResult: success, version: HTTP/1.1)
HTTP/1.1 200 OK
Content-Length: 54
Content-Type: application/json; charset=utf-8
cache-control: no-cache

10:39:41.411 [AsyncHttpClient-1-2] DEBUG org.asynchttpclient.netty.channel.ChannelManager - Adding key: http://localhost:47036 for channel [id: 0x1e464860, L:/127.0.0.1:55117 - R:localhost/127.0.0.1:47036]
10:39:41.431 [Forwarding getAlertText on session b55145e5d59589ae7530751410cd76c2 to remote] DEBUG org.asynchttpclient.netty.request.NettyRequestSender - Using pooled Channel '[id: 0x1e464860, L:/127.0.0.1:55117 - R:localhost/127.0.0.1:47036]' for 'GET' to 'http://localhost:47036/session/b55145e5d59589ae7530751410cd76c2/alert/text'
10:39:41.431 [Forwarding getAlertText on session b55145e5d59589ae7530751410cd76c2 to remote] DEBUG org.asynchttpclient.netty.request.NettyRequestSender - Using open Channel [id: 0x1e464860, L:/127.0.0.1:55117 - R:localhost/127.0.0.1:47036] for GET '/session/b55145e5d59589ae7530751410cd76c2/alert/text'
10:39:41.434 [AsyncHttpClient-1-2] DEBUG org.asynchttpclient.netty.handler.HttpHandler - 

Request DefaultFullHttpRequest(decodeResult: success, version: HTTP/1.1, content: EmptyByteBufBE)
GET /session/b55145e5d59589ae7530751410cd76c2/alert/text HTTP/1.1
User-Agent: selenium/4.8.1 (java windows)
Cache-Control: no-cache
Content-Type: application/json; charset=utf-8
host: localhost:47036
accept: */*

Response DefaultHttpResponse(decodeResult: success, version: HTTP/1.1)
HTTP/1.1 404 Not Found
Content-Length: 836
Content-Type: application/json; charset=utf-8
cache-control: no-cache

10:39:41.435 [AsyncHttpClient-1-2] DEBUG org.asynchttpclient.netty.channel.ChannelManager - Adding key: http://localhost:47036 for channel [id: 0x1e464860, L:/127.0.0.1:55117 - R:localhost/127.0.0.1:47036]
10:39:41.438 [Forwarding getCurrentUrl on session b55145e5d59589ae7530751410cd76c2 to remote] DEBUG org.asynchttpclient.netty.request.NettyRequestSender - Using pooled Channel '[id: 0x1e464860, L:/127.0.0.1:55117 - R:localhost/127.0.0.1:47036]' for 'GET' to 'http://localhost:47036/session/b55145e5d59589ae7530751410cd76c2/url'
10:39:41.438 [Forwarding getCurrentUrl on session b55145e5d59589ae7530751410cd76c2 to remote] DEBUG org.asynchttpclient.netty.request.NettyRequestSender - Using open Channel [id: 0x1e464860, L:/127.0.0.1:55117 - R:localhost/127.0.0.1:47036] for GET '/session/b55145e5d59589ae7530751410cd76c2/url'
10:39:41.448 [AsyncHttpClient-1-2] DEBUG org.asynchttpclient.netty.handler.HttpHandler - 

Request DefaultFullHttpRequest(decodeResult: success, version: HTTP/1.1, content: EmptyByteBufBE)
GET /session/b55145e5d59589ae7530751410cd76c2/url HTTP/1.1
User-Agent: selenium/4.8.1 (java windows)
Cache-Control: no-cache
Content-Type: application/json; charset=utf-8
host: localhost:47036
accept: */*

Response DefaultHttpResponse(decodeResult: success, version: HTTP/1.1)
HTTP/1.1 200 OK
Content-Length: 54
Content-Type: application/json; charset=utf-8
cache-control: no-cache

10:39:41.449 [AsyncHttpClient-1-2] DEBUG org.asynchttpclient.netty.channel.ChannelManager - Adding key: http://localhost:47036 for channel [id: 0x1e464860, L:/127.0.0.1:55117 - R:localhost/127.0.0.1:47036]
10:39:41.451 [Forwarding screenshot on session b55145e5d59589ae7530751410cd76c2 to remote] DEBUG org.asynchttpclient.netty.request.NettyRequestSender - Using pooled Channel '[id: 0x1e464860, L:/127.0.0.1:55117 - R:localhost/127.0.0.1:47036]' for 'GET' to 'http://localhost:47036/session/b55145e5d59589ae7530751410cd76c2/screenshot'
10:39:41.451 [Forwarding screenshot on session b55145e5d59589ae7530751410cd76c2 to remote] DEBUG org.asynchttpclient.netty.request.NettyRequestSender - Using open Channel [id: 0x1e464860, L:/127.0.0.1:55117 - R:localhost/127.0.0.1:47036] for GET '/session/b55145e5d59589ae7530751410cd76c2/screenshot'
10:39:41.607 [AsyncHttpClient-1-2] DEBUG org.asynchttpclient.netty.handler.HttpHandler - 

Request DefaultFullHttpRequest(decodeResult: success, version: HTTP/1.1, content: EmptyByteBufBE)
GET /session/b55145e5d59589ae7530751410cd76c2/screenshot HTTP/1.1
User-Agent: selenium/4.8.1 (java windows)
Cache-Control: no-cache
Content-Type: application/json; charset=utf-8
host: localhost:47036
accept: */*

Response DefaultHttpResponse(decodeResult: success, version: HTTP/1.1)
HTTP/1.1 200 OK
Content-Length: 25208
Content-Type: application/json; charset=utf-8
cache-control: no-cache

10:39:41.607 [AsyncHttpClient-1-2] DEBUG org.asynchttpclient.netty.channel.ChannelManager - Adding key: http://localhost:47036 for channel [id: 0x1e464860, L:/127.0.0.1:55117 - R:localhost/127.0.0.1:47036]
10:39:41.609 [main] DEBUG net.serenitybdd.core.photography.Darkroom - Send negative for processing for target\site\serenity\edb14d4aab401efa0e4fb99861e6ffcafebc86a67b69f7828890b9910ed2ddbd.png
10:39:41.610 [Forwarding getPageSource on session b55145e5d59589ae7530751410cd76c2 to remote] DEBUG org.asynchttpclient.netty.request.NettyRequestSender - Using pooled Channel '[id: 0x1e464860, L:/127.0.0.1:55117 - R:localhost/127.0.0.1:47036]' for 'POST' to 'http://localhost:47036/session/b55145e5d59589ae7530751410cd76c2/execute/sync'
10:39:41.610 [Forwarding getPageSource on session b55145e5d59589ae7530751410cd76c2 to remote] DEBUG org.asynchttpclient.netty.request.NettyRequestSender - Using open Channel [id: 0x1e464860, L:/127.0.0.1:55117 - R:localhost/127.0.0.1:47036] for POST '/session/b55145e5d59589ae7530751410cd76c2/execute/sync'
10:39:41.615 [AsyncHttpClient-1-2] DEBUG org.asynchttpclient.netty.handler.HttpHandler - 

Request DefaultHttpRequest(decodeResult: success, version: HTTP/1.1)
POST /session/b55145e5d59589ae7530751410cd76c2/execute/sync HTTP/1.1
User-Agent: selenium/4.8.1 (java windows)
Content-Length: 176
Content-Type: application/json; charset=utf-8
host: localhost:47036
accept: */*

Response DefaultHttpResponse(decodeResult: success, version: HTTP/1.1)
HTTP/1.1 200 OK
Content-Length: 21742
Content-Type: application/json; charset=utf-8
cache-control: no-cache

10:39:41.615 [AsyncHttpClient-1-2] DEBUG org.asynchttpclient.netty.channel.ChannelManager - Adding key: http://localhost:47036 for channel [id: 0x1e464860, L:/127.0.0.1:55117 - R:localhost/127.0.0.1:47036]
10:39:41.617 [Forwarding getCurrentUrl on session b55145e5d59589ae7530751410cd76c2 to remote] DEBUG org.asynchttpclient.netty.request.NettyRequestSender - Using pooled Channel '[id: 0x1e464860, L:/127.0.0.1:55117 - R:localhost/127.0.0.1:47036]' for 'GET' to 'http://localhost:47036/session/b55145e5d59589ae7530751410cd76c2/url'
10:39:41.617 [Forwarding getCurrentUrl on session b55145e5d59589ae7530751410cd76c2 to remote] DEBUG org.asynchttpclient.netty.request.NettyRequestSender - Using open Channel [id: 0x1e464860, L:/127.0.0.1:55117 - R:localhost/127.0.0.1:47036] for GET '/session/b55145e5d59589ae7530751410cd76c2/url'
10:39:41.620 [AsyncHttpClient-1-2] DEBUG org.asynchttpclient.netty.handler.HttpHandler - 

Request DefaultFullHttpRequest(decodeResult: success, version: HTTP/1.1, content: EmptyByteBufBE)
GET /session/b55145e5d59589ae7530751410cd76c2/url HTTP/1.1
User-Agent: selenium/4.8.1 (java windows)
Cache-Control: no-cache
Content-Type: application/json; charset=utf-8
host: localhost:47036
accept: */*

Response DefaultHttpResponse(decodeResult: success, version: HTTP/1.1)
HTTP/1.1 200 OK
Content-Length: 51
Content-Type: application/json; charset=utf-8
cache-control: no-cache

10:39:41.621 [AsyncHttpClient-1-2] DEBUG org.asynchttpclient.netty.channel.ChannelManager - Adding key: http://localhost:47036 for channel [id: 0x1e464860, L:/127.0.0.1:55117 - R:localhost/127.0.0.1:47036]
10:39:41.622 [main] DEBUG net.thucydides.core.steps.StepInterceptor - STARTING STEP: RegisterSteps.validateOnLoginPage - validateOnLoginPage
10:39:41.624 [Forwarding findElement on session b55145e5d59589ae7530751410cd76c2 to remote] DEBUG org.asynchttpclient.netty.request.NettyRequestSender - Using pooled Channel '[id: 0x1e464860, L:/127.0.0.1:55117 - R:localhost/127.0.0.1:47036]' for 'POST' to 'http://localhost:47036/session/b55145e5d59589ae7530751410cd76c2/element'
10:39:41.625 [Forwarding findElement on session b55145e5d59589ae7530751410cd76c2 to remote] DEBUG org.asynchttpclient.netty.request.NettyRequestSender - Using open Channel [id: 0x1e464860, L:/127.0.0.1:55117 - R:localhost/127.0.0.1:47036] for POST '/session/b55145e5d59589ae7530751410cd76c2/element'
10:39:41.629 [AsyncHttpClient-1-2] DEBUG org.asynchttpclient.netty.handler.HttpHandler - 

Request DefaultHttpRequest(decodeResult: success, version: HTTP/1.1)
POST /session/b55145e5d59589ae7530751410cd76c2/element HTTP/1.1
User-Agent: selenium/4.8.1 (java windows)
Content-Length: 71
Content-Type: application/json; charset=utf-8
host: localhost:47036
accept: */*

Response DefaultHttpResponse(decodeResult: success, version: HTTP/1.1)
HTTP/1.1 200 OK
Content-Length: 88
Content-Type: application/json; charset=utf-8
cache-control: no-cache

10:39:41.629 [AsyncHttpClient-1-2] DEBUG org.asynchttpclient.netty.channel.ChannelManager - Adding key: http://localhost:47036 for channel [id: 0x1e464860, L:/127.0.0.1:55117 - R:localhost/127.0.0.1:47036]
10:39:41.635 [Forwarding isElementDisplayed on session b55145e5d59589ae7530751410cd76c2 to remote] DEBUG org.asynchttpclient.netty.request.NettyRequestSender - Using pooled Channel '[id: 0x1e464860, L:/127.0.0.1:55117 - R:localhost/127.0.0.1:47036]' for 'POST' to 'http://localhost:47036/session/b55145e5d59589ae7530751410cd76c2/execute/sync'
10:39:41.635 [Forwarding isElementDisplayed on session b55145e5d59589ae7530751410cd76c2 to remote] DEBUG org.asynchttpclient.netty.request.NettyRequestSender - Using open Channel [id: 0x1e464860, L:/127.0.0.1:55117 - R:localhost/127.0.0.1:47036] for POST '/session/b55145e5d59589ae7530751410cd76c2/execute/sync'
10:39:41.645 [AsyncHttpClient-1-2] DEBUG org.asynchttpclient.netty.handler.HttpHandler - 

Request DefaultHttpRequest(decodeResult: success, version: HTTP/1.1)
POST /session/b55145e5d59589ae7530751410cd76c2/execute/sync HTTP/1.1
User-Agent: selenium/4.8.1 (java windows)
Content-Length: 48807
Content-Type: application/json; charset=utf-8
host: localhost:47036
accept: */*

Response DefaultHttpResponse(decodeResult: success, version: HTTP/1.1)
HTTP/1.1 200 OK
Content-Length: 14
Content-Type: application/json; charset=utf-8
cache-control: no-cache

10:39:41.645 [AsyncHttpClient-1-2] DEBUG org.asynchttpclient.netty.channel.ChannelManager - Adding key: http://localhost:47036 for channel [id: 0x1e464860, L:/127.0.0.1:55117 - R:localhost/127.0.0.1:47036]
10:39:41.649 [main] DEBUG net.thucydides.core.steps.StepInterceptor - STEP DONE: validateOnLoginPage
  &amp#27;[32mThen &amp#27;[0m&amp#27;[32mI should be redirected to login page&amp#27;[0m &amp#27;[90m# starter.stepdefinitions.RegisterSteps.validateOnLoginPage()&amp#27;[0m
10:39:41.658 [main] INFO  - 
  _____   ___   ___   _____     ___     _     ___   ___   ___   ___  
 |_   _| | __| / __| |_   _|   | _ \   /_\   / __| / __| | __| |   \ 
   | |   | _|  \__ \   | |     |  _/  / _ \  \__ \ \__ \ | _|  | |) |
   |_|   |___| |___/   |_|     |_|   /_/ \_\ |___/ |___/ |___| |___/ 

Register with valid data
----------------------------------------------------------------------
10:39:41.698 [Driver Command Executor] DEBUG org.asynchttpclient.netty.request.NettyRequestSender - Using pooled Channel '[id: 0x1e464860, L:/127.0.0.1:55117 - R:localhost/127.0.0.1:47036]' for 'DELETE' to 'http://localhost:47036/session/b55145e5d59589ae7530751410cd76c2'
10:39:41.698 [Driver Command Executor] DEBUG org.asynchttpclient.netty.request.NettyRequestSender - Using open Channel [id: 0x1e464860, L:/127.0.0.1:55117 - R:localhost/127.0.0.1:47036] for DELETE '/session/b55145e5d59589ae7530751410cd76c2'
10:39:41.725 [AsyncHttpClient-1-4] DEBUG org.asynchttpclient.netty.handler.WebSocketHandler - Unexpected I/O exception on channel [id: 0x7e347e87, L:/127.0.0.1:55126 - R:localhost/127.0.0.1:55118]
java.net.SocketException: Connection reset
	at java.base/sun.nio.ch.SocketChannelImpl.throwConnectionReset(SocketChannelImpl.java:367)
	at java.base/sun.nio.ch.SocketChannelImpl.read(SocketChannelImpl.java:398)
	at io.netty.buffer.PooledByteBuf.setBytes(PooledByteBuf.java:259)
	at io.netty.buffer.AbstractByteBuf.writeBytes(AbstractByteBuf.java:1132)
	at io.netty.channel.socket.nio.NioSocketChannel.doReadBytes(NioSocketChannel.java:357)
	at io.netty.channel.nio.AbstractNioByteChannel$NioByteUnsafe.read(AbstractNioByteChannel.java:151)
	at io.netty.channel.nio.NioEventLoop.processSelectedKey(NioEventLoop.java:788)
	at io.netty.channel.nio.NioEventLoop.processSelectedKeysOptimized(NioEventLoop.java:724)
	at io.netty.channel.nio.NioEventLoop.processSelectedKeys(NioEventLoop.java:650)
	at io.netty.channel.nio.NioEventLoop.run(NioEventLoop.java:562)
	at io.netty.util.concurrent.SingleThreadEventExecutor$4.run(SingleThreadEventExecutor.java:997)
	at io.netty.util.internal.ThreadExecutorMap$2.run(ThreadExecutorMap.java:74)
	at io.netty.util.concurrent.FastThreadLocalRunnable.run(FastThreadLocalRunnable.java:30)
	at java.base/java.lang.Thread.run(Thread.java:832)
10:39:41.725 [AsyncHttpClient-1-3] DEBUG org.asynchttpclient.netty.handler.HttpHandler - Unexpected I/O exception on channel [id: 0xa9302337, L:/127.0.0.1:55125 - R:localhost/127.0.0.1:55118]
java.net.SocketException: Connection reset
	at java.base/sun.nio.ch.SocketChannelImpl.throwConnectionReset(SocketChannelImpl.java:367)
	at java.base/sun.nio.ch.SocketChannelImpl.read(SocketChannelImpl.java:398)
	at io.netty.buffer.PooledByteBuf.setBytes(PooledByteBuf.java:259)
	at io.netty.buffer.AbstractByteBuf.writeBytes(AbstractByteBuf.java:1132)
	at io.netty.channel.socket.nio.NioSocketChannel.doReadBytes(NioSocketChannel.java:357)
	at io.netty.channel.nio.AbstractNioByteChannel$NioByteUnsafe.read(AbstractNioByteChannel.java:151)
	at io.netty.channel.nio.NioEventLoop.processSelectedKey(NioEventLoop.java:788)
	at io.netty.channel.nio.NioEventLoop.processSelectedKeysOptimized(NioEventLoop.java:724)
	at io.netty.channel.nio.NioEventLoop.processSelectedKeys(NioEventLoop.java:650)
	at io.netty.channel.nio.NioEventLoop.run(NioEventLoop.java:562)
	at io.netty.util.concurrent.SingleThreadEventExecutor$4.run(SingleThreadEventExecutor.java:997)
	at io.netty.util.internal.ThreadExecutorMap$2.run(ThreadExecutorMap.java:74)
	at io.netty.util.concurrent.FastThreadLocalRunnable.run(FastThreadLocalRunnable.java:30)
	at java.base/java.lang.Thread.run(Thread.java:832)
10:39:41.725 [AsyncHttpClient-1-3] DEBUG org.asynchttpclient.netty.channel.ChannelManager - Closing Channel [id: 0xa9302337, L:/127.0.0.1:55125 - R:localhost/127.0.0.1:55118] 
10:39:41.726 [AsyncHttpClient-1-4] DEBUG org.asynchttpclient.netty.handler.WebSocketHandler - Was unable to recover Future: NettyResponseFuture{currentRetry=0,
	isDone=1,
	isCancelled=0,
	asyncHandler=org.asynchttpclient.ws.WebSocketUpgradeHandler@4ddab78a,
	nettyRequest=org.asynchttpclient.netty.request.NettyRequest@36e5fbf3,
	future=java.util.concurrent.CompletableFuture@12cd3c71[Completed normally],
	uri=ws://localhost:55118/devtools/browser/0d2d3f64-9d13-42d4-b247-18c430fd3697,
	keepAlive=true,
	redirectCount=0,
	timeoutsHolder=null,
	inAuth=0,
	touch=1683430781725}
10:39:41.726 [AsyncHttpClient-1-4] DEBUG org.asynchttpclient.netty.channel.ChannelManager - Closing Channel [id: 0x7e347e87, L:/127.0.0.1:55126 - R:localhost/127.0.0.1:55118] 
10:39:41.727 [AsyncHttpClient-1-4] WARN org.asynchttpclient.netty.handler.WebSocketHandler - onError
java.net.SocketException: Connection reset
	at java.base/sun.nio.ch.SocketChannelImpl.throwConnectionReset(SocketChannelImpl.java:367)
	at java.base/sun.nio.ch.SocketChannelImpl.read(SocketChannelImpl.java:398)
	at io.netty.buffer.PooledByteBuf.setBytes(PooledByteBuf.java:259)
	at io.netty.buffer.AbstractByteBuf.writeBytes(AbstractByteBuf.java:1132)
	at io.netty.channel.socket.nio.NioSocketChannel.doReadBytes(NioSocketChannel.java:357)
	at io.netty.channel.nio.AbstractNioByteChannel$NioByteUnsafe.read(AbstractNioByteChannel.java:151)
	at io.netty.channel.nio.NioEventLoop.processSelectedKey(NioEventLoop.java:788)
	at io.netty.channel.nio.NioEventLoop.processSelectedKeysOptimized(NioEventLoop.java:724)
	at io.netty.channel.nio.NioEventLoop.processSelectedKeys(NioEventLoop.java:650)
	at io.netty.channel.nio.NioEventLoop.run(NioEventLoop.java:562)
	at io.netty.util.concurrent.SingleThreadEventExecutor$4.run(SingleThreadEventExecutor.java:997)
	at io.netty.util.internal.ThreadExecutorMap$2.run(ThreadExecutorMap.java:74)
	at io.netty.util.concurrent.FastThreadLocalRunnable.run(FastThreadLocalRunnable.java:30)
	at java.base/java.lang.Thread.run(Thread.java:832)
10:39:41.729 [AsyncHttpClient-1-3] DEBUG org.asynchttpclient.netty.handler.HttpHandler - Channel Closed: [id: 0xa9302337, L:/127.0.0.1:55125 ! R:localhost/127.0.0.1:55118] with attribute DISCARD
10:39:41.729 [AsyncHttpClient-1-4] DEBUG org.asynchttpclient.netty.channel.ChannelManager - Closing Channel [id: 0x7e347e87, L:/127.0.0.1:55126 ! R:localhost/127.0.0.1:55118] 
10:39:41.729 [AsyncHttpClient-1-4] DEBUG org.asynchttpclient.netty.handler.WebSocketHandler - Channel Closed: [id: 0x7e347e87, L:/127.0.0.1:55126 ! R:localhost/127.0.0.1:55118] with attribute DISCARD
10:39:41.740 [AsyncHttpClient-1-2] DEBUG org.asynchttpclient.netty.handler.HttpHandler - 

Request DefaultFullHttpRequest(decodeResult: success, version: HTTP/1.1, content: EmptyByteBufBE)
DELETE /session/b55145e5d59589ae7530751410cd76c2 HTTP/1.1
User-Agent: selenium/4.8.1 (java windows)
Content-Type: application/json; charset=utf-8
host: localhost:47036
accept: */*

Response DefaultHttpResponse(decodeResult: success, version: HTTP/1.1)
HTTP/1.1 200 OK
Content-Length: 14
Content-Type: application/json; charset=utf-8
cache-control: no-cache

10:39:41.740 [AsyncHttpClient-1-2] DEBUG org.asynchttpclient.netty.channel.ChannelManager - Adding key: http://localhost:47036 for channel [id: 0x1e464860, L:/127.0.0.1:55117 - R:localhost/127.0.0.1:47036]
10:39:41.838 [AsyncHttpClient-1-2] DEBUG org.asynchttpclient.netty.handler.HttpHandler - Channel Closed: [id: 0x1e464860, L:/127.0.0.1:55117 ! R:localhost/127.0.0.1:47036] with attribute DISCARD
]]></system-out>
    <system-err><![CDATA[Starting ChromeDriver 111.0.5563.64 (c710e93d5b63b7095afe8c2c17df34408078439d-refs/branch-heads/5563@{#995}) on port 47036
Only local connections are allowed.
Please see https://chromedriver.chromium.org/security-considerations for suggestions on keeping ChromeDriver safe.
ChromeDriver was started successfully.
[1683430778.469][WARNING]: This version of ChromeDriver has not been tested with Chrome version 112.
May 07, 2023 10:39:38 AM org.openqa.selenium.devtools.CdpVersionFinder findNearestMatch
WARNING: Unable to find an exact match for CDP version 112, so returning the closest version found: 110
May 07, 2023 10:39:41 AM org.openqa.selenium.remote.http.WebSocket$Listener onError
WARNING: Connection reset
java.net.SocketException: Connection reset
	at java.base/sun.nio.ch.SocketChannelImpl.throwConnectionReset(SocketChannelImpl.java:367)
	at java.base/sun.nio.ch.SocketChannelImpl.read(SocketChannelImpl.java:398)
	at io.netty.buffer.PooledByteBuf.setBytes(PooledByteBuf.java:259)
	at io.netty.buffer.AbstractByteBuf.writeBytes(AbstractByteBuf.java:1132)
	at io.netty.channel.socket.nio.NioSocketChannel.doReadBytes(NioSocketChannel.java:357)
	at io.netty.channel.nio.AbstractNioByteChannel$NioByteUnsafe.read(AbstractNioByteChannel.java:151)
	at io.netty.channel.nio.NioEventLoop.processSelectedKey(NioEventLoop.java:788)
	at io.netty.channel.nio.NioEventLoop.processSelectedKeysOptimized(NioEventLoop.java:724)
	at io.netty.channel.nio.NioEventLoop.processSelectedKeys(NioEventLoop.java:650)
	at io.netty.channel.nio.NioEventLoop.run(NioEventLoop.java:562)
	at io.netty.util.concurrent.SingleThreadEventExecutor$4.run(SingleThreadEventExecutor.java:997)
	at io.netty.util.internal.ThreadExecutorMap$2.run(ThreadExecutorMap.java:74)
	at io.netty.util.concurrent.FastThreadLocalRunnable.run(FastThreadLocalRunnable.java:30)
	at java.base/java.lang.Thread.run(Thread.java:832)

]]></system-err>
  </testcase>
  <testcase name="Register without fill the fullname" classname="Register to Alta-shop Account" time="3.819">
    <system-out><![CDATA[
Scenario: Register without fill the fullname   &amp#27;[90m# src/test/resources/features/1. Register.feature:16&amp#27;[0m
10:39:42.380 [main] DEBUG io.cucumber.core.plugin.SerenityReporter - Running feature from file:///C:/Users/WINDOWS%2010/Documents/GitHub/MiniProject_QE/Web/code/minpro/src/test/resources/features/1.%20Register.feature
10:39:42.384 [main] INFO  - 
  _____   ___   ___   _____     ___   _____     _     ___   _____   ___   ___  
 |_   _| | __| / __| |_   _|   / __| |_   _|   /_\   | _ \ |_   _| | __| |   \ 
   | |   | _|  \__ \   | |     \__ \   | |    / _ \  |   /   | |   | _|  | |) |
   |_|   |___| |___/   |_|     |___/   |_|   /_/ \_\ |_|_\   |_|   |___| |___/ 

Register without fill the fullname(register-to-alta-shop-account;register-without-fill-the-fullname)
--------------------------------------------------------------------------------
10:39:42.398 [AsyncHttpClient-1-1] DEBUG org.asynchttpclient.netty.channel.DefaultChannelPool - Entry count for : http://localhost:47036 : 1
10:39:42.398 [AsyncHttpClient-1-1] DEBUG org.asynchttpclient.netty.channel.DefaultChannelPool - Entry count for : http://localhost:55118 : 1
10:39:42.399 [AsyncHttpClient-1-1] DEBUG org.asynchttpclient.netty.channel.DefaultChannelPool - Adding Candidate expired Channel [id: 0x1e464860, L:/127.0.0.1:55117 ! R:localhost/127.0.0.1:47036] isIdleTimeoutExpired=false isRemotelyClosed=true isTtlExpired=false
10:39:42.399 [AsyncHttpClient-1-1] DEBUG org.asynchttpclient.netty.channel.DefaultChannelPool - Closing Idle Channel [id: 0x1e464860, L:/127.0.0.1:55117 ! R:localhost/127.0.0.1:47036]
10:39:42.400 [AsyncHttpClient-1-1] DEBUG org.asynchttpclient.netty.channel.DefaultChannelPool - Adding Candidate expired Channel [id: 0xa9302337, L:/127.0.0.1:55125 ! R:localhost/127.0.0.1:55118] isIdleTimeoutExpired=false isRemotelyClosed=true isTtlExpired=false
10:39:42.400 [AsyncHttpClient-1-1] DEBUG org.asynchttpclient.netty.channel.DefaultChannelPool - Closing Idle Channel [id: 0xa9302337, L:/127.0.0.1:55125 ! R:localhost/127.0.0.1:55118]
10:39:42.400 [AsyncHttpClient-1-1] DEBUG org.asynchttpclient.netty.channel.DefaultChannelPool - Closed 2 connections out of 2 in 2 ms
10:39:42.425 [main] DEBUG net.thucydides.core.steps.StepInterceptor - STARTING STEP: LoginSteps.onTheLoginPage - openPage
10:39:42.459 [main] INFO net.serenitybdd.core.webdriver.driverproviders.ChromeDriverProvider - Starting Chrome driver instance with capabilities:
10:39:42.459 [main] INFO net.serenitybdd.core.webdriver.driverproviders.ChromeDriverProvider - Capabilities {acceptInsecureCerts: false, browserName: chrome, goog:chromeOptions: {args: [remote-allow-origins=*], extensions: []}}
10:39:42.526 [AsyncHttpClient-1-5] DEBUG org.asynchttpclient.netty.channel.NettyConnectListener - Using new Channel '[id: 0x5f414ff7, L:/127.0.0.1:55150 - R:localhost/127.0.0.1:29491]' for 'POST' to '/session'
10:39:43.189 [AsyncHttpClient-1-5] DEBUG org.asynchttpclient.netty.handler.HttpHandler - 

Request DefaultHttpRequest(decodeResult: success, version: HTTP/1.1)
POST /session HTTP/1.1
User-Agent: selenium/4.8.1 (java windows)
Content-Length: 507
Content-Type: application/json; charset=utf-8
host: localhost:29491
accept: */*

Response DefaultHttpResponse(decodeResult: success, version: HTTP/1.1)
HTTP/1.1 200 OK
Content-Length: 863
Content-Type: application/json; charset=utf-8
cache-control: no-cache

10:39:43.189 [AsyncHttpClient-1-5] DEBUG org.asynchttpclient.netty.channel.ChannelManager - Adding key: http://localhost:29491 for channel [id: 0x5f414ff7, L:/127.0.0.1:55150 - R:localhost/127.0.0.1:29491]
10:39:43.194 [AsyncHttpClient-1-6] DEBUG org.asynchttpclient.netty.channel.NettyConnectListener - Using new Channel '[id: 0x1497038b, L:/127.0.0.1:55159 - R:localhost/127.0.0.1:55151]' for 'GET' to '/json/version'
10:39:43.196 [AsyncHttpClient-1-6] DEBUG org.asynchttpclient.netty.handler.HttpHandler - 

Request DefaultFullHttpRequest(decodeResult: success, version: HTTP/1.1, content: EmptyByteBufBE)
GET /json/version HTTP/1.1
User-Agent: selenium/4.8.1 (java windows)
host: localhost:55151
accept: */*

Response DefaultHttpResponse(decodeResult: success, version: HTTP/1.1)
HTTP/1.1 200 OK
Content-Security-Policy: frame-ancestors 'none'
Content-Length: 424
Content-Type: application/json; charset=UTF-8

10:39:43.196 [AsyncHttpClient-1-6] DEBUG org.asynchttpclient.netty.channel.ChannelManager - Adding key: http://localhost:55151 for channel [id: 0x1497038b, L:/127.0.0.1:55159 - R:localhost/127.0.0.1:55151]
10:39:43.198 [AsyncHttpClient-1-7] DEBUG org.asynchttpclient.netty.channel.NettyConnectListener - Using new Channel '[id: 0xe8508e22, L:/127.0.0.1:55160 - R:localhost/127.0.0.1:55151]' for 'GET' to '/devtools/browser/23585bec-8b48-4265-93f6-7ee6f96a9235'
10:39:43.200 [AsyncHttpClient-1-7] DEBUG org.asynchttpclient.netty.handler.WebSocketHandler - 

Request DefaultFullHttpRequest(decodeResult: success, version: HTTP/1.1, content: EmptyByteBufBE)
GET /devtools/browser/23585bec-8b48-4265-93f6-7ee6f96a9235 HTTP/1.1
upgrade: websocket
connection: upgrade
sec-websocket-key: vvTZhBfTecMx2DhZvpESJw==
sec-websocket-version: 13
origin: http://localhost:55151
host: localhost:55151
accept: */*
user-agent: AHC/2.1

Response DefaultHttpResponse(decodeResult: success, version: HTTP/1.1)
HTTP/1.1 101 WebSocket Protocol Handshake
Upgrade: WebSocket
Connection: Upgrade
Sec-WebSocket-Accept: QJuP6pslWvEd4cgRii/nw0gIo0k=

10:39:43.204 [Forwarding get on session 002f0905674e70d0a2314659dd3a6389 to remote] DEBUG org.asynchttpclient.netty.request.NettyRequestSender - Using pooled Channel '[id: 0x5f414ff7, L:/127.0.0.1:55150 - R:localhost/127.0.0.1:29491]' for 'POST' to 'http://localhost:29491/session/002f0905674e70d0a2314659dd3a6389/url'
10:39:43.204 [Forwarding get on session 002f0905674e70d0a2314659dd3a6389 to remote] DEBUG org.asynchttpclient.netty.request.NettyRequestSender - Using open Channel [id: 0x5f414ff7, L:/127.0.0.1:55150 - R:localhost/127.0.0.1:29491] for POST '/session/002f0905674e70d0a2314659dd3a6389/url'
10:39:43.503 [AsyncHttpClient-1-1] DEBUG org.asynchttpclient.netty.channel.DefaultChannelPool - Entry count for : http://localhost:55151 : 1
10:39:43.853 [AsyncHttpClient-1-5] DEBUG org.asynchttpclient.netty.handler.HttpHandler - 

Request DefaultHttpRequest(decodeResult: success, version: HTTP/1.1)
POST /session/002f0905674e70d0a2314659dd3a6389/url HTTP/1.1
User-Agent: selenium/4.8.1 (java windows)
Content-Length: 74
Content-Type: application/json; charset=utf-8
host: localhost:29491
accept: */*

Response DefaultHttpResponse(decodeResult: success, version: HTTP/1.1)
HTTP/1.1 200 OK
Content-Length: 14
Content-Type: application/json; charset=utf-8
cache-control: no-cache

10:39:43.853 [AsyncHttpClient-1-5] DEBUG org.asynchttpclient.netty.channel.ChannelManager - Adding key: http://localhost:29491 for channel [id: 0x5f414ff7, L:/127.0.0.1:55150 - R:localhost/127.0.0.1:29491]
10:39:43.854 [Forwarding setTimeout on session 002f0905674e70d0a2314659dd3a6389 to remote] DEBUG org.asynchttpclient.netty.request.NettyRequestSender - Using pooled Channel '[id: 0x5f414ff7, L:/127.0.0.1:55150 - R:localhost/127.0.0.1:29491]' for 'POST' to 'http://localhost:29491/session/002f0905674e70d0a2314659dd3a6389/timeouts'
10:39:43.854 [Forwarding setTimeout on session 002f0905674e70d0a2314659dd3a6389 to remote] DEBUG org.asynchttpclient.netty.request.NettyRequestSender - Using open Channel [id: 0x5f414ff7, L:/127.0.0.1:55150 - R:localhost/127.0.0.1:29491] for POST '/session/002f0905674e70d0a2314659dd3a6389/timeouts'
10:39:43.855 [AsyncHttpClient-1-5] DEBUG org.asynchttpclient.netty.handler.HttpHandler - 

Request DefaultHttpRequest(decodeResult: success, version: HTTP/1.1)
POST /session/002f0905674e70d0a2314659dd3a6389/timeouts HTTP/1.1
User-Agent: selenium/4.8.1 (java windows)
Content-Length: 22
Content-Type: application/json; charset=utf-8
host: localhost:29491
accept: */*

Response DefaultHttpResponse(decodeResult: success, version: HTTP/1.1)
HTTP/1.1 200 OK
Content-Length: 14
Content-Type: application/json; charset=utf-8
cache-control: no-cache

10:39:43.855 [AsyncHttpClient-1-5] DEBUG org.asynchttpclient.netty.channel.ChannelManager - Adding key: http://localhost:29491 for channel [id: 0x5f414ff7, L:/127.0.0.1:55150 - R:localhost/127.0.0.1:29491]
10:39:43.861 [Forwarding getAlertText on session 002f0905674e70d0a2314659dd3a6389 to remote] DEBUG org.asynchttpclient.netty.request.NettyRequestSender - Using pooled Channel '[id: 0x5f414ff7, L:/127.0.0.1:55150 - R:localhost/127.0.0.1:29491]' for 'GET' to 'http://localhost:29491/session/002f0905674e70d0a2314659dd3a6389/alert/text'
10:39:43.861 [Forwarding getAlertText on session 002f0905674e70d0a2314659dd3a6389 to remote] DEBUG org.asynchttpclient.netty.request.NettyRequestSender - Using open Channel [id: 0x5f414ff7, L:/127.0.0.1:55150 - R:localhost/127.0.0.1:29491] for GET '/session/002f0905674e70d0a2314659dd3a6389/alert/text'
10:39:43.862 [AsyncHttpClient-1-5] DEBUG org.asynchttpclient.netty.handler.HttpHandler - 

Request DefaultFullHttpRequest(decodeResult: success, version: HTTP/1.1, content: EmptyByteBufBE)
GET /session/002f0905674e70d0a2314659dd3a6389/alert/text HTTP/1.1
User-Agent: selenium/4.8.1 (java windows)
Cache-Control: no-cache
Content-Type: application/json; charset=utf-8
host: localhost:29491
accept: */*

Response DefaultHttpResponse(decodeResult: success, version: HTTP/1.1)
HTTP/1.1 404 Not Found
Content-Length: 836
Content-Type: application/json; charset=utf-8
cache-control: no-cache

10:39:43.862 [AsyncHttpClient-1-5] DEBUG org.asynchttpclient.netty.channel.ChannelManager - Adding key: http://localhost:29491 for channel [id: 0x5f414ff7, L:/127.0.0.1:55150 - R:localhost/127.0.0.1:29491]
10:39:43.863 [Forwarding getCurrentUrl on session 002f0905674e70d0a2314659dd3a6389 to remote] DEBUG org.asynchttpclient.netty.request.NettyRequestSender - Using pooled Channel '[id: 0x5f414ff7, L:/127.0.0.1:55150 - R:localhost/127.0.0.1:29491]' for 'GET' to 'http://localhost:29491/session/002f0905674e70d0a2314659dd3a6389/url'
10:39:43.864 [Forwarding getCurrentUrl on session 002f0905674e70d0a2314659dd3a6389 to remote] DEBUG org.asynchttpclient.netty.request.NettyRequestSender - Using open Channel [id: 0x5f414ff7, L:/127.0.0.1:55150 - R:localhost/127.0.0.1:29491] for GET '/session/002f0905674e70d0a2314659dd3a6389/url'
10:39:43.869 [AsyncHttpClient-1-5] DEBUG org.asynchttpclient.netty.handler.HttpHandler - 

Request DefaultFullHttpRequest(decodeResult: success, version: HTTP/1.1, content: EmptyByteBufBE)
GET /session/002f0905674e70d0a2314659dd3a6389/url HTTP/1.1
User-Agent: selenium/4.8.1 (java windows)
Cache-Control: no-cache
Content-Type: application/json; charset=utf-8
host: localhost:29491
accept: */*

Response DefaultHttpResponse(decodeResult: success, version: HTTP/1.1)
HTTP/1.1 200 OK
Content-Length: 51
Content-Type: application/json; charset=utf-8
cache-control: no-cache

10:39:43.869 [AsyncHttpClient-1-5] DEBUG org.asynchttpclient.netty.channel.ChannelManager - Adding key: http://localhost:29491 for channel [id: 0x5f414ff7, L:/127.0.0.1:55150 - R:localhost/127.0.0.1:29491]
10:39:43.870 [Forwarding screenshot on session 002f0905674e70d0a2314659dd3a6389 to remote] DEBUG org.asynchttpclient.netty.request.NettyRequestSender - Using pooled Channel '[id: 0x5f414ff7, L:/127.0.0.1:55150 - R:localhost/127.0.0.1:29491]' for 'GET' to 'http://localhost:29491/session/002f0905674e70d0a2314659dd3a6389/screenshot'
10:39:43.870 [Forwarding screenshot on session 002f0905674e70d0a2314659dd3a6389 to remote] DEBUG org.asynchttpclient.netty.request.NettyRequestSender - Using open Channel [id: 0x5f414ff7, L:/127.0.0.1:55150 - R:localhost/127.0.0.1:29491] for GET '/session/002f0905674e70d0a2314659dd3a6389/screenshot'
10:39:43.955 [AsyncHttpClient-1-5] DEBUG org.asynchttpclient.netty.handler.HttpHandler - 

Request DefaultFullHttpRequest(decodeResult: success, version: HTTP/1.1, content: EmptyByteBufBE)
GET /session/002f0905674e70d0a2314659dd3a6389/screenshot HTTP/1.1
User-Agent: selenium/4.8.1 (java windows)
Cache-Control: no-cache
Content-Type: application/json; charset=utf-8
host: localhost:29491
accept: */*

Response DefaultHttpResponse(decodeResult: success, version: HTTP/1.1)
HTTP/1.1 200 OK
Content-Length: 25208
Content-Type: application/json; charset=utf-8
cache-control: no-cache

10:39:43.955 [AsyncHttpClient-1-5] DEBUG org.asynchttpclient.netty.channel.ChannelManager - Adding key: http://localhost:29491 for channel [id: 0x5f414ff7, L:/127.0.0.1:55150 - R:localhost/127.0.0.1:29491]
10:39:43.957 [main] DEBUG net.serenitybdd.core.photography.Darkroom - Send negative for processing for target\site\serenity\edb14d4aab401efa0e4fb99861e6ffcafebc86a67b69f7828890b9910ed2ddbd.png
10:39:43.958 [main] DEBUG net.thucydides.core.steps.StepInterceptor - STEP DONE: openPage
  &amp#27;[32mGiven &amp#27;[0m&amp#27;[32mI am on the alta-shop login page&amp#27;[0m       &amp#27;[90m# starter.stepdefinitions.LoginSteps.onTheLoginPage()&amp#27;[0m
10:39:43.963 [Forwarding getPageSource on session 002f0905674e70d0a2314659dd3a6389 to remote] DEBUG org.asynchttpclient.netty.request.NettyRequestSender - Using pooled Channel '[id: 0x5f414ff7, L:/127.0.0.1:55150 - R:localhost/127.0.0.1:29491]' for 'POST' to 'http://localhost:29491/session/002f0905674e70d0a2314659dd3a6389/execute/sync'
10:39:43.963 [Forwarding getPageSource on session 002f0905674e70d0a2314659dd3a6389 to remote] DEBUG org.asynchttpclient.netty.request.NettyRequestSender - Using open Channel [id: 0x5f414ff7, L:/127.0.0.1:55150 - R:localhost/127.0.0.1:29491] for POST '/session/002f0905674e70d0a2314659dd3a6389/execute/sync'
10:39:43.969 [AsyncHttpClient-1-5] DEBUG org.asynchttpclient.netty.handler.HttpHandler - 

Request DefaultHttpRequest(decodeResult: success, version: HTTP/1.1)
POST /session/002f0905674e70d0a2314659dd3a6389/execute/sync HTTP/1.1
User-Agent: selenium/4.8.1 (java windows)
Content-Length: 176
Content-Type: application/json; charset=utf-8
host: localhost:29491
accept: */*

Response DefaultHttpResponse(decodeResult: success, version: HTTP/1.1)
HTTP/1.1 200 OK
Content-Length: 21659
Content-Type: application/json; charset=utf-8
cache-control: no-cache

10:39:43.969 [AsyncHttpClient-1-5] DEBUG org.asynchttpclient.netty.channel.ChannelManager - Adding key: http://localhost:29491 for channel [id: 0x5f414ff7, L:/127.0.0.1:55150 - R:localhost/127.0.0.1:29491]
10:39:43.971 [Forwarding getCurrentUrl on session 002f0905674e70d0a2314659dd3a6389 to remote] DEBUG org.asynchttpclient.netty.request.NettyRequestSender - Using pooled Channel '[id: 0x5f414ff7, L:/127.0.0.1:55150 - R:localhost/127.0.0.1:29491]' for 'GET' to 'http://localhost:29491/session/002f0905674e70d0a2314659dd3a6389/url'
10:39:43.971 [Forwarding getCurrentUrl on session 002f0905674e70d0a2314659dd3a6389 to remote] DEBUG org.asynchttpclient.netty.request.NettyRequestSender - Using open Channel [id: 0x5f414ff7, L:/127.0.0.1:55150 - R:localhost/127.0.0.1:29491] for GET '/session/002f0905674e70d0a2314659dd3a6389/url'
10:39:43.973 [AsyncHttpClient-1-5] DEBUG org.asynchttpclient.netty.handler.HttpHandler - 

Request DefaultFullHttpRequest(decodeResult: success, version: HTTP/1.1, content: EmptyByteBufBE)
GET /session/002f0905674e70d0a2314659dd3a6389/url HTTP/1.1
User-Agent: selenium/4.8.1 (java windows)
Cache-Control: no-cache
Content-Type: application/json; charset=utf-8
host: localhost:29491
accept: */*

Response DefaultHttpResponse(decodeResult: success, version: HTTP/1.1)
HTTP/1.1 200 OK
Content-Length: 51
Content-Type: application/json; charset=utf-8
cache-control: no-cache

10:39:43.974 [AsyncHttpClient-1-5] DEBUG org.asynchttpclient.netty.channel.ChannelManager - Adding key: http://localhost:29491 for channel [id: 0x5f414ff7, L:/127.0.0.1:55150 - R:localhost/127.0.0.1:29491]
10:39:43.989 [Forwarding getPageSource on session 002f0905674e70d0a2314659dd3a6389 to remote] DEBUG org.asynchttpclient.netty.request.NettyRequestSender - Using pooled Channel '[id: 0x5f414ff7, L:/127.0.0.1:55150 - R:localhost/127.0.0.1:29491]' for 'POST' to 'http://localhost:29491/session/002f0905674e70d0a2314659dd3a6389/execute/sync'
10:39:43.989 [Forwarding getPageSource on session 002f0905674e70d0a2314659dd3a6389 to remote] DEBUG org.asynchttpclient.netty.request.NettyRequestSender - Using open Channel [id: 0x5f414ff7, L:/127.0.0.1:55150 - R:localhost/127.0.0.1:29491] for POST '/session/002f0905674e70d0a2314659dd3a6389/execute/sync'
10:39:43.994 [AsyncHttpClient-1-5] DEBUG org.asynchttpclient.netty.handler.HttpHandler - 

Request DefaultHttpRequest(decodeResult: success, version: HTTP/1.1)
POST /session/002f0905674e70d0a2314659dd3a6389/execute/sync HTTP/1.1
User-Agent: selenium/4.8.1 (java windows)
Content-Length: 176
Content-Type: application/json; charset=utf-8
host: localhost:29491
accept: */*

Response DefaultHttpResponse(decodeResult: success, version: HTTP/1.1)
HTTP/1.1 200 OK
Content-Length: 21659
Content-Type: application/json; charset=utf-8
cache-control: no-cache

10:39:43.994 [AsyncHttpClient-1-5] DEBUG org.asynchttpclient.netty.channel.ChannelManager - Adding key: http://localhost:29491 for channel [id: 0x5f414ff7, L:/127.0.0.1:55150 - R:localhost/127.0.0.1:29491]
10:39:43.996 [Forwarding getCurrentUrl on session 002f0905674e70d0a2314659dd3a6389 to remote] DEBUG org.asynchttpclient.netty.request.NettyRequestSender - Using pooled Channel '[id: 0x5f414ff7, L:/127.0.0.1:55150 - R:localhost/127.0.0.1:29491]' for 'GET' to 'http://localhost:29491/session/002f0905674e70d0a2314659dd3a6389/url'
10:39:43.996 [Forwarding getCurrentUrl on session 002f0905674e70d0a2314659dd3a6389 to remote] DEBUG org.asynchttpclient.netty.request.NettyRequestSender - Using open Channel [id: 0x5f414ff7, L:/127.0.0.1:55150 - R:localhost/127.0.0.1:29491] for GET '/session/002f0905674e70d0a2314659dd3a6389/url'
10:39:43.999 [AsyncHttpClient-1-5] DEBUG org.asynchttpclient.netty.handler.HttpHandler - 

Request DefaultFullHttpRequest(decodeResult: success, version: HTTP/1.1, content: EmptyByteBufBE)
GET /session/002f0905674e70d0a2314659dd3a6389/url HTTP/1.1
User-Agent: selenium/4.8.1 (java windows)
Cache-Control: no-cache
Content-Type: application/json; charset=utf-8
host: localhost:29491
accept: */*

Response DefaultHttpResponse(decodeResult: success, version: HTTP/1.1)
HTTP/1.1 200 OK
Content-Length: 51
Content-Type: application/json; charset=utf-8
cache-control: no-cache

10:39:43.999 [AsyncHttpClient-1-5] DEBUG org.asynchttpclient.netty.channel.ChannelManager - Adding key: http://localhost:29491 for channel [id: 0x5f414ff7, L:/127.0.0.1:55150 - R:localhost/127.0.0.1:29491]
10:39:44.001 [main] DEBUG net.thucydides.core.steps.StepInterceptor - STARTING STEP: RegisterSteps.clickLoginButton - clickRegisterLink
10:39:44.003 [Forwarding findElement on session 002f0905674e70d0a2314659dd3a6389 to remote] DEBUG org.asynchttpclient.netty.request.NettyRequestSender - Using pooled Channel '[id: 0x5f414ff7, L:/127.0.0.1:55150 - R:localhost/127.0.0.1:29491]' for 'POST' to 'http://localhost:29491/session/002f0905674e70d0a2314659dd3a6389/element'
10:39:44.003 [Forwarding findElement on session 002f0905674e70d0a2314659dd3a6389 to remote] DEBUG org.asynchttpclient.netty.request.NettyRequestSender - Using open Channel [id: 0x5f414ff7, L:/127.0.0.1:55150 - R:localhost/127.0.0.1:29491] for POST '/session/002f0905674e70d0a2314659dd3a6389/element'
10:39:44.012 [AsyncHttpClient-1-5] DEBUG org.asynchttpclient.netty.handler.HttpHandler - 

Request DefaultHttpRequest(decodeResult: success, version: HTTP/1.1)
POST /session/002f0905674e70d0a2314659dd3a6389/element HTTP/1.1
User-Agent: selenium/4.8.1 (java windows)
Content-Length: 84
Content-Type: application/json; charset=utf-8
host: localhost:29491
accept: */*

Response DefaultHttpResponse(decodeResult: success, version: HTTP/1.1)
HTTP/1.1 200 OK
Content-Length: 88
Content-Type: application/json; charset=utf-8
cache-control: no-cache

10:39:44.012 [AsyncHttpClient-1-5] DEBUG org.asynchttpclient.netty.channel.ChannelManager - Adding key: http://localhost:29491 for channel [id: 0x5f414ff7, L:/127.0.0.1:55150 - R:localhost/127.0.0.1:29491]
10:39:44.013 [Forwarding getElementTagName on session 002f0905674e70d0a2314659dd3a6389 to remote] DEBUG org.asynchttpclient.netty.request.NettyRequestSender - Using pooled Channel '[id: 0x5f414ff7, L:/127.0.0.1:55150 - R:localhost/127.0.0.1:29491]' for 'GET' to 'http://localhost:29491/session/002f0905674e70d0a2314659dd3a6389/element/5c015fc6-d786-42a2-9343-a94a57941990/name'
10:39:44.013 [Forwarding getElementTagName on session 002f0905674e70d0a2314659dd3a6389 to remote] DEBUG org.asynchttpclient.netty.request.NettyRequestSender - Using open Channel [id: 0x5f414ff7, L:/127.0.0.1:55150 - R:localhost/127.0.0.1:29491] for GET '/session/002f0905674e70d0a2314659dd3a6389/element/5c015fc6-d786-42a2-9343-a94a57941990/name'
10:39:44.016 [AsyncHttpClient-1-5] DEBUG org.asynchttpclient.netty.handler.HttpHandler - 

Request DefaultFullHttpRequest(decodeResult: success, version: HTTP/1.1, content: EmptyByteBufBE)
GET /session/002f0905674e70d0a2314659dd3a6389/element/5c015fc6-d786-42a2-9343-a94a57941990/name HTTP/1.1
User-Agent: selenium/4.8.1 (java windows)
Cache-Control: no-cache
Content-Type: application/json; charset=utf-8
host: localhost:29491
accept: */*

Response DefaultHttpResponse(decodeResult: success, version: HTTP/1.1)
HTTP/1.1 200 OK
Content-Length: 13
Content-Type: application/json; charset=utf-8
cache-control: no-cache

10:39:44.017 [AsyncHttpClient-1-5] DEBUG org.asynchttpclient.netty.channel.ChannelManager - Adding key: http://localhost:29491 for channel [id: 0x5f414ff7, L:/127.0.0.1:55150 - R:localhost/127.0.0.1:29491]
10:39:44.018 [Forwarding getElementTagName on session 002f0905674e70d0a2314659dd3a6389 to remote] DEBUG org.asynchttpclient.netty.request.NettyRequestSender - Using pooled Channel '[id: 0x5f414ff7, L:/127.0.0.1:55150 - R:localhost/127.0.0.1:29491]' for 'GET' to 'http://localhost:29491/session/002f0905674e70d0a2314659dd3a6389/element/5c015fc6-d786-42a2-9343-a94a57941990/name'
10:39:44.018 [Forwarding getElementTagName on session 002f0905674e70d0a2314659dd3a6389 to remote] DEBUG org.asynchttpclient.netty.request.NettyRequestSender - Using open Channel [id: 0x5f414ff7, L:/127.0.0.1:55150 - R:localhost/127.0.0.1:29491] for GET '/session/002f0905674e70d0a2314659dd3a6389/element/5c015fc6-d786-42a2-9343-a94a57941990/name'
10:39:44.021 [AsyncHttpClient-1-5] DEBUG org.asynchttpclient.netty.handler.HttpHandler - 

Request DefaultFullHttpRequest(decodeResult: success, version: HTTP/1.1, content: EmptyByteBufBE)
GET /session/002f0905674e70d0a2314659dd3a6389/element/5c015fc6-d786-42a2-9343-a94a57941990/name HTTP/1.1
User-Agent: selenium/4.8.1 (java windows)
Cache-Control: no-cache
Content-Type: application/json; charset=utf-8
host: localhost:29491
accept: */*

Response DefaultHttpResponse(decodeResult: success, version: HTTP/1.1)
HTTP/1.1 200 OK
Content-Length: 13
Content-Type: application/json; charset=utf-8
cache-control: no-cache

10:39:44.021 [AsyncHttpClient-1-5] DEBUG org.asynchttpclient.netty.channel.ChannelManager - Adding key: http://localhost:29491 for channel [id: 0x5f414ff7, L:/127.0.0.1:55150 - R:localhost/127.0.0.1:29491]
10:39:44.022 [Forwarding findElement on session 002f0905674e70d0a2314659dd3a6389 to remote] DEBUG org.asynchttpclient.netty.request.NettyRequestSender - Using pooled Channel '[id: 0x5f414ff7, L:/127.0.0.1:55150 - R:localhost/127.0.0.1:29491]' for 'POST' to 'http://localhost:29491/session/002f0905674e70d0a2314659dd3a6389/element'
10:39:44.022 [Forwarding findElement on session 002f0905674e70d0a2314659dd3a6389 to remote] DEBUG org.asynchttpclient.netty.request.NettyRequestSender - Using open Channel [id: 0x5f414ff7, L:/127.0.0.1:55150 - R:localhost/127.0.0.1:29491] for POST '/session/002f0905674e70d0a2314659dd3a6389/element'
10:39:44.027 [AsyncHttpClient-1-5] DEBUG org.asynchttpclient.netty.handler.HttpHandler - 

Request DefaultHttpRequest(decodeResult: success, version: HTTP/1.1)
POST /session/002f0905674e70d0a2314659dd3a6389/element HTTP/1.1
User-Agent: selenium/4.8.1 (java windows)
Content-Length: 84
Content-Type: application/json; charset=utf-8
host: localhost:29491
accept: */*

Response DefaultHttpResponse(decodeResult: success, version: HTTP/1.1)
HTTP/1.1 200 OK
Content-Length: 88
Content-Type: application/json; charset=utf-8
cache-control: no-cache

10:39:44.027 [AsyncHttpClient-1-5] DEBUG org.asynchttpclient.netty.channel.ChannelManager - Adding key: http://localhost:29491 for channel [id: 0x5f414ff7, L:/127.0.0.1:55150 - R:localhost/127.0.0.1:29491]
10:39:44.028 [Forwarding clickElement on session 002f0905674e70d0a2314659dd3a6389 to remote] DEBUG org.asynchttpclient.netty.request.NettyRequestSender - Using pooled Channel '[id: 0x5f414ff7, L:/127.0.0.1:55150 - R:localhost/127.0.0.1:29491]' for 'POST' to 'http://localhost:29491/session/002f0905674e70d0a2314659dd3a6389/element/5c015fc6-d786-42a2-9343-a94a57941990/click'
10:39:44.028 [Forwarding clickElement on session 002f0905674e70d0a2314659dd3a6389 to remote] DEBUG org.asynchttpclient.netty.request.NettyRequestSender - Using open Channel [id: 0x5f414ff7, L:/127.0.0.1:55150 - R:localhost/127.0.0.1:29491] for POST '/session/002f0905674e70d0a2314659dd3a6389/element/5c015fc6-d786-42a2-9343-a94a57941990/click'
10:39:44.063 [AsyncHttpClient-1-5] DEBUG org.asynchttpclient.netty.handler.HttpHandler - 

Request DefaultHttpRequest(decodeResult: success, version: HTTP/1.1)
POST /session/002f0905674e70d0a2314659dd3a6389/element/5c015fc6-d786-42a2-9343-a94a57941990/click HTTP/1.1
User-Agent: selenium/4.8.1 (java windows)
Content-Length: 50
Content-Type: application/json; charset=utf-8
host: localhost:29491
accept: */*

Response DefaultHttpResponse(decodeResult: success, version: HTTP/1.1)
HTTP/1.1 200 OK
Content-Length: 14
Content-Type: application/json; charset=utf-8
cache-control: no-cache

10:39:44.063 [AsyncHttpClient-1-5] DEBUG org.asynchttpclient.netty.channel.ChannelManager - Adding key: http://localhost:29491 for channel [id: 0x5f414ff7, L:/127.0.0.1:55150 - R:localhost/127.0.0.1:29491]
10:39:44.067 [Forwarding getAlertText on session 002f0905674e70d0a2314659dd3a6389 to remote] DEBUG org.asynchttpclient.netty.request.NettyRequestSender - Using pooled Channel '[id: 0x5f414ff7, L:/127.0.0.1:55150 - R:localhost/127.0.0.1:29491]' for 'GET' to 'http://localhost:29491/session/002f0905674e70d0a2314659dd3a6389/alert/text'
10:39:44.067 [Forwarding getAlertText on session 002f0905674e70d0a2314659dd3a6389 to remote] DEBUG org.asynchttpclient.netty.request.NettyRequestSender - Using open Channel [id: 0x5f414ff7, L:/127.0.0.1:55150 - R:localhost/127.0.0.1:29491] for GET '/session/002f0905674e70d0a2314659dd3a6389/alert/text'
10:39:44.070 [AsyncHttpClient-1-5] DEBUG org.asynchttpclient.netty.handler.HttpHandler - 

Request DefaultFullHttpRequest(decodeResult: success, version: HTTP/1.1, content: EmptyByteBufBE)
GET /session/002f0905674e70d0a2314659dd3a6389/alert/text HTTP/1.1
User-Agent: selenium/4.8.1 (java windows)
Cache-Control: no-cache
Content-Type: application/json; charset=utf-8
host: localhost:29491
accept: */*

Response DefaultHttpResponse(decodeResult: success, version: HTTP/1.1)
HTTP/1.1 404 Not Found
Content-Length: 836
Content-Type: application/json; charset=utf-8
cache-control: no-cache

10:39:44.070 [AsyncHttpClient-1-5] DEBUG org.asynchttpclient.netty.channel.ChannelManager - Adding key: http://localhost:29491 for channel [id: 0x5f414ff7, L:/127.0.0.1:55150 - R:localhost/127.0.0.1:29491]
10:39:44.072 [Forwarding getCurrentUrl on session 002f0905674e70d0a2314659dd3a6389 to remote] DEBUG org.asynchttpclient.netty.request.NettyRequestSender - Using pooled Channel '[id: 0x5f414ff7, L:/127.0.0.1:55150 - R:localhost/127.0.0.1:29491]' for 'GET' to 'http://localhost:29491/session/002f0905674e70d0a2314659dd3a6389/url'
10:39:44.072 [Forwarding getCurrentUrl on session 002f0905674e70d0a2314659dd3a6389 to remote] DEBUG org.asynchttpclient.netty.request.NettyRequestSender - Using open Channel [id: 0x5f414ff7, L:/127.0.0.1:55150 - R:localhost/127.0.0.1:29491] for GET '/session/002f0905674e70d0a2314659dd3a6389/url'
10:39:44.077 [AsyncHttpClient-1-5] DEBUG org.asynchttpclient.netty.handler.HttpHandler - 

Request DefaultFullHttpRequest(decodeResult: success, version: HTTP/1.1, content: EmptyByteBufBE)
GET /session/002f0905674e70d0a2314659dd3a6389/url HTTP/1.1
User-Agent: selenium/4.8.1 (java windows)
Cache-Control: no-cache
Content-Type: application/json; charset=utf-8
host: localhost:29491
accept: */*

Response DefaultHttpResponse(decodeResult: success, version: HTTP/1.1)
HTTP/1.1 200 OK
Content-Length: 54
Content-Type: application/json; charset=utf-8
cache-control: no-cache

10:39:44.077 [AsyncHttpClient-1-5] DEBUG org.asynchttpclient.netty.channel.ChannelManager - Adding key: http://localhost:29491 for channel [id: 0x5f414ff7, L:/127.0.0.1:55150 - R:localhost/127.0.0.1:29491]
10:39:44.078 [Forwarding screenshot on session 002f0905674e70d0a2314659dd3a6389 to remote] DEBUG org.asynchttpclient.netty.request.NettyRequestSender - Using pooled Channel '[id: 0x5f414ff7, L:/127.0.0.1:55150 - R:localhost/127.0.0.1:29491]' for 'GET' to 'http://localhost:29491/session/002f0905674e70d0a2314659dd3a6389/screenshot'
10:39:44.078 [Forwarding screenshot on session 002f0905674e70d0a2314659dd3a6389 to remote] DEBUG org.asynchttpclient.netty.request.NettyRequestSender - Using open Channel [id: 0x5f414ff7, L:/127.0.0.1:55150 - R:localhost/127.0.0.1:29491] for GET '/session/002f0905674e70d0a2314659dd3a6389/screenshot'
10:39:44.168 [AsyncHttpClient-1-5] DEBUG org.asynchttpclient.netty.handler.HttpHandler - 

Request DefaultFullHttpRequest(decodeResult: success, version: HTTP/1.1, content: EmptyByteBufBE)
GET /session/002f0905674e70d0a2314659dd3a6389/screenshot HTTP/1.1
User-Agent: selenium/4.8.1 (java windows)
Cache-Control: no-cache
Content-Type: application/json; charset=utf-8
host: localhost:29491
accept: */*

Response DefaultHttpResponse(decodeResult: success, version: HTTP/1.1)
HTTP/1.1 200 OK
Content-Length: 30336
Content-Type: application/json; charset=utf-8
cache-control: no-cache

10:39:44.169 [AsyncHttpClient-1-5] DEBUG org.asynchttpclient.netty.channel.ChannelManager - Adding key: http://localhost:29491 for channel [id: 0x5f414ff7, L:/127.0.0.1:55150 - R:localhost/127.0.0.1:29491]
10:39:44.172 [main] DEBUG net.serenitybdd.core.photography.Darkroom - Send negative for processing for target\site\serenity\b79624a3672642259880ea4a99d5ec53d543d0110c4be127f0bae50e4b18b0c2.png
10:39:44.173 [main] DEBUG net.thucydides.core.steps.StepInterceptor - STEP DONE: clickRegisterLink
  &amp#27;[32mWhen &amp#27;[0m&amp#27;[32mI go to the alta-shop register page&amp#27;[0m     &amp#27;[90m# starter.stepdefinitions.RegisterSteps.clickLoginButton()&amp#27;[0m
10:39:44.186 [Forwarding getPageSource on session 002f0905674e70d0a2314659dd3a6389 to remote] DEBUG org.asynchttpclient.netty.request.NettyRequestSender - Using pooled Channel '[id: 0x5f414ff7, L:/127.0.0.1:55150 - R:localhost/127.0.0.1:29491]' for 'POST' to 'http://localhost:29491/session/002f0905674e70d0a2314659dd3a6389/execute/sync'
10:39:44.186 [Forwarding getPageSource on session 002f0905674e70d0a2314659dd3a6389 to remote] DEBUG org.asynchttpclient.netty.request.NettyRequestSender - Using open Channel [id: 0x5f414ff7, L:/127.0.0.1:55150 - R:localhost/127.0.0.1:29491] for POST '/session/002f0905674e70d0a2314659dd3a6389/execute/sync'
10:39:44.191 [AsyncHttpClient-1-5] DEBUG org.asynchttpclient.netty.handler.HttpHandler - 

Request DefaultHttpRequest(decodeResult: success, version: HTTP/1.1)
POST /session/002f0905674e70d0a2314659dd3a6389/execute/sync HTTP/1.1
User-Agent: selenium/4.8.1 (java windows)
Content-Length: 176
Content-Type: application/json; charset=utf-8
host: localhost:29491
accept: */*

Response DefaultHttpResponse(decodeResult: success, version: HTTP/1.1)
HTTP/1.1 200 OK
Content-Length: 22314
Content-Type: application/json; charset=utf-8
cache-control: no-cache

10:39:44.192 [AsyncHttpClient-1-5] DEBUG org.asynchttpclient.netty.channel.ChannelManager - Adding key: http://localhost:29491 for channel [id: 0x5f414ff7, L:/127.0.0.1:55150 - R:localhost/127.0.0.1:29491]
10:39:44.194 [Forwarding getCurrentUrl on session 002f0905674e70d0a2314659dd3a6389 to remote] DEBUG org.asynchttpclient.netty.request.NettyRequestSender - Using pooled Channel '[id: 0x5f414ff7, L:/127.0.0.1:55150 - R:localhost/127.0.0.1:29491]' for 'GET' to 'http://localhost:29491/session/002f0905674e70d0a2314659dd3a6389/url'
10:39:44.194 [Forwarding getCurrentUrl on session 002f0905674e70d0a2314659dd3a6389 to remote] DEBUG org.asynchttpclient.netty.request.NettyRequestSender - Using open Channel [id: 0x5f414ff7, L:/127.0.0.1:55150 - R:localhost/127.0.0.1:29491] for GET '/session/002f0905674e70d0a2314659dd3a6389/url'
10:39:44.198 [AsyncHttpClient-1-5] DEBUG org.asynchttpclient.netty.handler.HttpHandler - 

Request DefaultFullHttpRequest(decodeResult: success, version: HTTP/1.1, content: EmptyByteBufBE)
GET /session/002f0905674e70d0a2314659dd3a6389/url HTTP/1.1
User-Agent: selenium/4.8.1 (java windows)
Cache-Control: no-cache
Content-Type: application/json; charset=utf-8
host: localhost:29491
accept: */*

Response DefaultHttpResponse(decodeResult: success, version: HTTP/1.1)
HTTP/1.1 200 OK
Content-Length: 54
Content-Type: application/json; charset=utf-8
cache-control: no-cache

10:39:44.198 [AsyncHttpClient-1-5] DEBUG org.asynchttpclient.netty.channel.ChannelManager - Adding key: http://localhost:29491 for channel [id: 0x5f414ff7, L:/127.0.0.1:55150 - R:localhost/127.0.0.1:29491]
10:39:44.210 [Forwarding getPageSource on session 002f0905674e70d0a2314659dd3a6389 to remote] DEBUG org.asynchttpclient.netty.request.NettyRequestSender - Using pooled Channel '[id: 0x5f414ff7, L:/127.0.0.1:55150 - R:localhost/127.0.0.1:29491]' for 'POST' to 'http://localhost:29491/session/002f0905674e70d0a2314659dd3a6389/execute/sync'
10:39:44.210 [Forwarding getPageSource on session 002f0905674e70d0a2314659dd3a6389 to remote] DEBUG org.asynchttpclient.netty.request.NettyRequestSender - Using open Channel [id: 0x5f414ff7, L:/127.0.0.1:55150 - R:localhost/127.0.0.1:29491] for POST '/session/002f0905674e70d0a2314659dd3a6389/execute/sync'
10:39:44.215 [AsyncHttpClient-1-5] DEBUG org.asynchttpclient.netty.handler.HttpHandler - 

Request DefaultHttpRequest(decodeResult: success, version: HTTP/1.1)
POST /session/002f0905674e70d0a2314659dd3a6389/execute/sync HTTP/1.1
User-Agent: selenium/4.8.1 (java windows)
Content-Length: 176
Content-Type: application/json; charset=utf-8
host: localhost:29491
accept: */*

Response DefaultHttpResponse(decodeResult: success, version: HTTP/1.1)
HTTP/1.1 200 OK
Content-Length: 22314
Content-Type: application/json; charset=utf-8
cache-control: no-cache

10:39:44.216 [AsyncHttpClient-1-5] DEBUG org.asynchttpclient.netty.channel.ChannelManager - Adding key: http://localhost:29491 for channel [id: 0x5f414ff7, L:/127.0.0.1:55150 - R:localhost/127.0.0.1:29491]
10:39:44.218 [Forwarding getCurrentUrl on session 002f0905674e70d0a2314659dd3a6389 to remote] DEBUG org.asynchttpclient.netty.request.NettyRequestSender - Using pooled Channel '[id: 0x5f414ff7, L:/127.0.0.1:55150 - R:localhost/127.0.0.1:29491]' for 'GET' to 'http://localhost:29491/session/002f0905674e70d0a2314659dd3a6389/url'
10:39:44.218 [Forwarding getCurrentUrl on session 002f0905674e70d0a2314659dd3a6389 to remote] DEBUG org.asynchttpclient.netty.request.NettyRequestSender - Using open Channel [id: 0x5f414ff7, L:/127.0.0.1:55150 - R:localhost/127.0.0.1:29491] for GET '/session/002f0905674e70d0a2314659dd3a6389/url'
10:39:44.222 [AsyncHttpClient-1-5] DEBUG org.asynchttpclient.netty.handler.HttpHandler - 

Request DefaultFullHttpRequest(decodeResult: success, version: HTTP/1.1, content: EmptyByteBufBE)
GET /session/002f0905674e70d0a2314659dd3a6389/url HTTP/1.1
User-Agent: selenium/4.8.1 (java windows)
Cache-Control: no-cache
Content-Type: application/json; charset=utf-8
host: localhost:29491
accept: */*

Response DefaultHttpResponse(decodeResult: success, version: HTTP/1.1)
HTTP/1.1 200 OK
Content-Length: 54
Content-Type: application/json; charset=utf-8
cache-control: no-cache

10:39:44.223 [AsyncHttpClient-1-5] DEBUG org.asynchttpclient.netty.channel.ChannelManager - Adding key: http://localhost:29491 for channel [id: 0x5f414ff7, L:/127.0.0.1:55150 - R:localhost/127.0.0.1:29491]
10:39:44.224 [main] DEBUG net.thucydides.core.steps.StepInterceptor - STARTING STEP: RegisterSteps.inputInvalidFullnameReg - inputFullnameReg
10:39:44.226 [Forwarding findElement on session 002f0905674e70d0a2314659dd3a6389 to remote] DEBUG org.asynchttpclient.netty.request.NettyRequestSender - Using pooled Channel '[id: 0x5f414ff7, L:/127.0.0.1:55150 - R:localhost/127.0.0.1:29491]' for 'POST' to 'http://localhost:29491/session/002f0905674e70d0a2314659dd3a6389/element'
10:39:44.226 [Forwarding findElement on session 002f0905674e70d0a2314659dd3a6389 to remote] DEBUG org.asynchttpclient.netty.request.NettyRequestSender - Using open Channel [id: 0x5f414ff7, L:/127.0.0.1:55150 - R:localhost/127.0.0.1:29491] for POST '/session/002f0905674e70d0a2314659dd3a6389/element'
10:39:44.235 [AsyncHttpClient-1-5] DEBUG org.asynchttpclient.netty.handler.HttpHandler - 

Request DefaultHttpRequest(decodeResult: success, version: HTTP/1.1)
POST /session/002f0905674e70d0a2314659dd3a6389/element HTTP/1.1
User-Agent: selenium/4.8.1 (java windows)
Content-Length: 55
Content-Type: application/json; charset=utf-8
host: localhost:29491
accept: */*

Response DefaultHttpResponse(decodeResult: success, version: HTTP/1.1)
HTTP/1.1 200 OK
Content-Length: 88
Content-Type: application/json; charset=utf-8
cache-control: no-cache

10:39:44.235 [AsyncHttpClient-1-5] DEBUG org.asynchttpclient.netty.channel.ChannelManager - Adding key: http://localhost:29491 for channel [id: 0x5f414ff7, L:/127.0.0.1:55150 - R:localhost/127.0.0.1:29491]
10:39:44.236 [Forwarding clearElement on session 002f0905674e70d0a2314659dd3a6389 to remote] DEBUG org.asynchttpclient.netty.request.NettyRequestSender - Using pooled Channel '[id: 0x5f414ff7, L:/127.0.0.1:55150 - R:localhost/127.0.0.1:29491]' for 'POST' to 'http://localhost:29491/session/002f0905674e70d0a2314659dd3a6389/element/89849e71-8bb9-4fbb-a618-4916dd55574b/clear'
10:39:44.236 [Forwarding clearElement on session 002f0905674e70d0a2314659dd3a6389 to remote] DEBUG org.asynchttpclient.netty.request.NettyRequestSender - Using open Channel [id: 0x5f414ff7, L:/127.0.0.1:55150 - R:localhost/127.0.0.1:29491] for POST '/session/002f0905674e70d0a2314659dd3a6389/element/89849e71-8bb9-4fbb-a618-4916dd55574b/clear'
10:39:44.260 [AsyncHttpClient-1-5] DEBUG org.asynchttpclient.netty.handler.HttpHandler - 

Request DefaultHttpRequest(decodeResult: success, version: HTTP/1.1)
POST /session/002f0905674e70d0a2314659dd3a6389/element/89849e71-8bb9-4fbb-a618-4916dd55574b/clear HTTP/1.1
User-Agent: selenium/4.8.1 (java windows)
Content-Length: 50
Content-Type: application/json; charset=utf-8
host: localhost:29491
accept: */*

Response DefaultHttpResponse(decodeResult: success, version: HTTP/1.1)
HTTP/1.1 200 OK
Content-Length: 14
Content-Type: application/json; charset=utf-8
cache-control: no-cache

10:39:44.260 [AsyncHttpClient-1-5] DEBUG org.asynchttpclient.netty.channel.ChannelManager - Adding key: http://localhost:29491 for channel [id: 0x5f414ff7, L:/127.0.0.1:55150 - R:localhost/127.0.0.1:29491]
10:39:44.261 [Forwarding sendKeysToElement on session 002f0905674e70d0a2314659dd3a6389 to remote] DEBUG org.asynchttpclient.netty.request.NettyRequestSender - Using pooled Channel '[id: 0x5f414ff7, L:/127.0.0.1:55150 - R:localhost/127.0.0.1:29491]' for 'POST' to 'http://localhost:29491/session/002f0905674e70d0a2314659dd3a6389/element/89849e71-8bb9-4fbb-a618-4916dd55574b/value'
10:39:44.261 [Forwarding sendKeysToElement on session 002f0905674e70d0a2314659dd3a6389 to remote] DEBUG org.asynchttpclient.netty.request.NettyRequestSender - Using open Channel [id: 0x5f414ff7, L:/127.0.0.1:55150 - R:localhost/127.0.0.1:29491] for POST '/session/002f0905674e70d0a2314659dd3a6389/element/89849e71-8bb9-4fbb-a618-4916dd55574b/value'
10:39:44.287 [AsyncHttpClient-1-5] DEBUG org.asynchttpclient.netty.handler.HttpHandler - 

Request DefaultHttpRequest(decodeResult: success, version: HTTP/1.1)
POST /session/002f0905674e70d0a2314659dd3a6389/element/89849e71-8bb9-4fbb-a618-4916dd55574b/value HTTP/1.1
User-Agent: selenium/4.8.1 (java windows)
Content-Length: 82
Content-Type: application/json; charset=utf-8
host: localhost:29491
accept: */*

Response DefaultHttpResponse(decodeResult: success, version: HTTP/1.1)
HTTP/1.1 200 OK
Content-Length: 14
Content-Type: application/json; charset=utf-8
cache-control: no-cache

10:39:44.287 [AsyncHttpClient-1-5] DEBUG org.asynchttpclient.netty.channel.ChannelManager - Adding key: http://localhost:29491 for channel [id: 0x5f414ff7, L:/127.0.0.1:55150 - R:localhost/127.0.0.1:29491]
10:39:44.292 [Forwarding getAlertText on session 002f0905674e70d0a2314659dd3a6389 to remote] DEBUG org.asynchttpclient.netty.request.NettyRequestSender - Using pooled Channel '[id: 0x5f414ff7, L:/127.0.0.1:55150 - R:localhost/127.0.0.1:29491]' for 'GET' to 'http://localhost:29491/session/002f0905674e70d0a2314659dd3a6389/alert/text'
10:39:44.292 [Forwarding getAlertText on session 002f0905674e70d0a2314659dd3a6389 to remote] DEBUG org.asynchttpclient.netty.request.NettyRequestSender - Using open Channel [id: 0x5f414ff7, L:/127.0.0.1:55150 - R:localhost/127.0.0.1:29491] for GET '/session/002f0905674e70d0a2314659dd3a6389/alert/text'
10:39:44.297 [AsyncHttpClient-1-5] DEBUG org.asynchttpclient.netty.handler.HttpHandler - 

Request DefaultFullHttpRequest(decodeResult: success, version: HTTP/1.1, content: EmptyByteBufBE)
GET /session/002f0905674e70d0a2314659dd3a6389/alert/text HTTP/1.1
User-Agent: selenium/4.8.1 (java windows)
Cache-Control: no-cache
Content-Type: application/json; charset=utf-8
host: localhost:29491
accept: */*

Response DefaultHttpResponse(decodeResult: success, version: HTTP/1.1)
HTTP/1.1 404 Not Found
Content-Length: 836
Content-Type: application/json; charset=utf-8
cache-control: no-cache

10:39:44.297 [AsyncHttpClient-1-5] DEBUG org.asynchttpclient.netty.channel.ChannelManager - Adding key: http://localhost:29491 for channel [id: 0x5f414ff7, L:/127.0.0.1:55150 - R:localhost/127.0.0.1:29491]
10:39:44.298 [Forwarding getCurrentUrl on session 002f0905674e70d0a2314659dd3a6389 to remote] DEBUG org.asynchttpclient.netty.request.NettyRequestSender - Using pooled Channel '[id: 0x5f414ff7, L:/127.0.0.1:55150 - R:localhost/127.0.0.1:29491]' for 'GET' to 'http://localhost:29491/session/002f0905674e70d0a2314659dd3a6389/url'
10:39:44.298 [Forwarding getCurrentUrl on session 002f0905674e70d0a2314659dd3a6389 to remote] DEBUG org.asynchttpclient.netty.request.NettyRequestSender - Using open Channel [id: 0x5f414ff7, L:/127.0.0.1:55150 - R:localhost/127.0.0.1:29491] for GET '/session/002f0905674e70d0a2314659dd3a6389/url'
10:39:44.301 [AsyncHttpClient-1-5] DEBUG org.asynchttpclient.netty.handler.HttpHandler - 

Request DefaultFullHttpRequest(decodeResult: success, version: HTTP/1.1, content: EmptyByteBufBE)
GET /session/002f0905674e70d0a2314659dd3a6389/url HTTP/1.1
User-Agent: selenium/4.8.1 (java windows)
Cache-Control: no-cache
Content-Type: application/json; charset=utf-8
host: localhost:29491
accept: */*

Response DefaultHttpResponse(decodeResult: success, version: HTTP/1.1)
HTTP/1.1 200 OK
Content-Length: 54
Content-Type: application/json; charset=utf-8
cache-control: no-cache

10:39:44.301 [AsyncHttpClient-1-5] DEBUG org.asynchttpclient.netty.channel.ChannelManager - Adding key: http://localhost:29491 for channel [id: 0x5f414ff7, L:/127.0.0.1:55150 - R:localhost/127.0.0.1:29491]
10:39:44.302 [Forwarding screenshot on session 002f0905674e70d0a2314659dd3a6389 to remote] DEBUG org.asynchttpclient.netty.request.NettyRequestSender - Using pooled Channel '[id: 0x5f414ff7, L:/127.0.0.1:55150 - R:localhost/127.0.0.1:29491]' for 'GET' to 'http://localhost:29491/session/002f0905674e70d0a2314659dd3a6389/screenshot'
10:39:44.302 [Forwarding screenshot on session 002f0905674e70d0a2314659dd3a6389 to remote] DEBUG org.asynchttpclient.netty.request.NettyRequestSender - Using open Channel [id: 0x5f414ff7, L:/127.0.0.1:55150 - R:localhost/127.0.0.1:29491] for GET '/session/002f0905674e70d0a2314659dd3a6389/screenshot'
10:39:44.423 [AsyncHttpClient-1-5] DEBUG org.asynchttpclient.netty.handler.HttpHandler - 

Request DefaultFullHttpRequest(decodeResult: success, version: HTTP/1.1, content: EmptyByteBufBE)
GET /session/002f0905674e70d0a2314659dd3a6389/screenshot HTTP/1.1
User-Agent: selenium/4.8.1 (java windows)
Cache-Control: no-cache
Content-Type: application/json; charset=utf-8
host: localhost:29491
accept: */*

Response DefaultHttpResponse(decodeResult: success, version: HTTP/1.1)
HTTP/1.1 200 OK
Content-Length: 30632
Content-Type: application/json; charset=utf-8
cache-control: no-cache

10:39:44.424 [AsyncHttpClient-1-5] DEBUG org.asynchttpclient.netty.channel.ChannelManager - Adding key: http://localhost:29491 for channel [id: 0x5f414ff7, L:/127.0.0.1:55150 - R:localhost/127.0.0.1:29491]
10:39:44.425 [main] DEBUG net.serenitybdd.core.photography.Darkroom - Send negative for processing for target\site\serenity\ca571521bdc3ca1189fd8d25ced773cf77c24d9e3bb0f6e70d92f074db95f44f.png
10:39:44.425 [main] DEBUG net.thucydides.core.steps.StepInterceptor - STEP DONE: inputFullnameReg
  &amp#27;[32mAnd &amp#27;[0m&amp#27;[32mI input nothing in fullname for register&amp#27;[0m &amp#27;[90m# starter.stepdefinitions.RegisterSteps.inputInvalidFullnameReg()&amp#27;[0m
10:39:44.425 [Darkroom Processing Line] DEBUG net.serenitybdd.core.photography.DarkroomProcessingLine - Processing screenshot image in /var/screenshots/screenshot-7582304427297583872
10:39:44.425 [Darkroom Processing Line] DEBUG net.serenitybdd.core.photography.DarkroomProcessingLine - Saving screenshot to target\site\serenity\ca571521bdc3ca1189fd8d25ced773cf77c24d9e3bb0f6e70d92f074db95f44f.png
10:39:44.431 [Forwarding getPageSource on session 002f0905674e70d0a2314659dd3a6389 to remote] DEBUG org.asynchttpclient.netty.request.NettyRequestSender - Using pooled Channel '[id: 0x5f414ff7, L:/127.0.0.1:55150 - R:localhost/127.0.0.1:29491]' for 'POST' to 'http://localhost:29491/session/002f0905674e70d0a2314659dd3a6389/execute/sync'
10:39:44.431 [Forwarding getPageSource on session 002f0905674e70d0a2314659dd3a6389 to remote] DEBUG org.asynchttpclient.netty.request.NettyRequestSender - Using open Channel [id: 0x5f414ff7, L:/127.0.0.1:55150 - R:localhost/127.0.0.1:29491] for POST '/session/002f0905674e70d0a2314659dd3a6389/execute/sync'
10:39:44.435 [AsyncHttpClient-1-5] DEBUG org.asynchttpclient.netty.handler.HttpHandler - 

Request DefaultHttpRequest(decodeResult: success, version: HTTP/1.1)
POST /session/002f0905674e70d0a2314659dd3a6389/execute/sync HTTP/1.1
User-Agent: selenium/4.8.1 (java windows)
Content-Length: 176
Content-Type: application/json; charset=utf-8
host: localhost:29491
accept: */*

Response DefaultHttpResponse(decodeResult: success, version: HTTP/1.1)
HTTP/1.1 200 OK
Content-Length: 22392
Content-Type: application/json; charset=utf-8
cache-control: no-cache

10:39:44.436 [AsyncHttpClient-1-5] DEBUG org.asynchttpclient.netty.channel.ChannelManager - Adding key: http://localhost:29491 for channel [id: 0x5f414ff7, L:/127.0.0.1:55150 - R:localhost/127.0.0.1:29491]
10:39:44.438 [Forwarding getCurrentUrl on session 002f0905674e70d0a2314659dd3a6389 to remote] DEBUG org.asynchttpclient.netty.request.NettyRequestSender - Using pooled Channel '[id: 0x5f414ff7, L:/127.0.0.1:55150 - R:localhost/127.0.0.1:29491]' for 'GET' to 'http://localhost:29491/session/002f0905674e70d0a2314659dd3a6389/url'
10:39:44.438 [Forwarding getCurrentUrl on session 002f0905674e70d0a2314659dd3a6389 to remote] DEBUG org.asynchttpclient.netty.request.NettyRequestSender - Using open Channel [id: 0x5f414ff7, L:/127.0.0.1:55150 - R:localhost/127.0.0.1:29491] for GET '/session/002f0905674e70d0a2314659dd3a6389/url'
10:39:44.440 [AsyncHttpClient-1-5] DEBUG org.asynchttpclient.netty.handler.HttpHandler - 

Request DefaultFullHttpRequest(decodeResult: success, version: HTTP/1.1, content: EmptyByteBufBE)
GET /session/002f0905674e70d0a2314659dd3a6389/url HTTP/1.1
User-Agent: selenium/4.8.1 (java windows)
Cache-Control: no-cache
Content-Type: application/json; charset=utf-8
host: localhost:29491
accept: */*

Response DefaultHttpResponse(decodeResult: success, version: HTTP/1.1)
HTTP/1.1 200 OK
Content-Length: 54
Content-Type: application/json; charset=utf-8
cache-control: no-cache

10:39:44.440 [AsyncHttpClient-1-5] DEBUG org.asynchttpclient.netty.channel.ChannelManager - Adding key: http://localhost:29491 for channel [id: 0x5f414ff7, L:/127.0.0.1:55150 - R:localhost/127.0.0.1:29491]
10:39:44.449 [Forwarding getPageSource on session 002f0905674e70d0a2314659dd3a6389 to remote] DEBUG org.asynchttpclient.netty.request.NettyRequestSender - Using pooled Channel '[id: 0x5f414ff7, L:/127.0.0.1:55150 - R:localhost/127.0.0.1:29491]' for 'POST' to 'http://localhost:29491/session/002f0905674e70d0a2314659dd3a6389/execute/sync'
10:39:44.449 [Forwarding getPageSource on session 002f0905674e70d0a2314659dd3a6389 to remote] DEBUG org.asynchttpclient.netty.request.NettyRequestSender - Using open Channel [id: 0x5f414ff7, L:/127.0.0.1:55150 - R:localhost/127.0.0.1:29491] for POST '/session/002f0905674e70d0a2314659dd3a6389/execute/sync'
10:39:44.453 [AsyncHttpClient-1-5] DEBUG org.asynchttpclient.netty.handler.HttpHandler - 

Request DefaultHttpRequest(decodeResult: success, version: HTTP/1.1)
POST /session/002f0905674e70d0a2314659dd3a6389/execute/sync HTTP/1.1
User-Agent: selenium/4.8.1 (java windows)
Content-Length: 176
Content-Type: application/json; charset=utf-8
host: localhost:29491
accept: */*

Response DefaultHttpResponse(decodeResult: success, version: HTTP/1.1)
HTTP/1.1 200 OK
Content-Length: 22392
Content-Type: application/json; charset=utf-8
cache-control: no-cache

10:39:44.453 [AsyncHttpClient-1-5] DEBUG org.asynchttpclient.netty.channel.ChannelManager - Adding key: http://localhost:29491 for channel [id: 0x5f414ff7, L:/127.0.0.1:55150 - R:localhost/127.0.0.1:29491]
10:39:44.454 [Forwarding getCurrentUrl on session 002f0905674e70d0a2314659dd3a6389 to remote] DEBUG org.asynchttpclient.netty.request.NettyRequestSender - Using pooled Channel '[id: 0x5f414ff7, L:/127.0.0.1:55150 - R:localhost/127.0.0.1:29491]' for 'GET' to 'http://localhost:29491/session/002f0905674e70d0a2314659dd3a6389/url'
10:39:44.455 [Forwarding getCurrentUrl on session 002f0905674e70d0a2314659dd3a6389 to remote] DEBUG org.asynchttpclient.netty.request.NettyRequestSender - Using open Channel [id: 0x5f414ff7, L:/127.0.0.1:55150 - R:localhost/127.0.0.1:29491] for GET '/session/002f0905674e70d0a2314659dd3a6389/url'
10:39:44.459 [AsyncHttpClient-1-5] DEBUG org.asynchttpclient.netty.handler.HttpHandler - 

Request DefaultFullHttpRequest(decodeResult: success, version: HTTP/1.1, content: EmptyByteBufBE)
GET /session/002f0905674e70d0a2314659dd3a6389/url HTTP/1.1
User-Agent: selenium/4.8.1 (java windows)
Cache-Control: no-cache
Content-Type: application/json; charset=utf-8
host: localhost:29491
accept: */*

Response DefaultHttpResponse(decodeResult: success, version: HTTP/1.1)
HTTP/1.1 200 OK
Content-Length: 54
Content-Type: application/json; charset=utf-8
cache-control: no-cache

10:39:44.459 [AsyncHttpClient-1-5] DEBUG org.asynchttpclient.netty.channel.ChannelManager - Adding key: http://localhost:29491 for channel [id: 0x5f414ff7, L:/127.0.0.1:55150 - R:localhost/127.0.0.1:29491]
10:39:44.460 [main] DEBUG net.thucydides.core.steps.StepInterceptor - STARTING STEP: RegisterSteps.inputEmailReg - inputEmailReg
10:39:44.462 [Forwarding findElement on session 002f0905674e70d0a2314659dd3a6389 to remote] DEBUG org.asynchttpclient.netty.request.NettyRequestSender - Using pooled Channel '[id: 0x5f414ff7, L:/127.0.0.1:55150 - R:localhost/127.0.0.1:29491]' for 'POST' to 'http://localhost:29491/session/002f0905674e70d0a2314659dd3a6389/element'
10:39:44.462 [Forwarding findElement on session 002f0905674e70d0a2314659dd3a6389 to remote] DEBUG org.asynchttpclient.netty.request.NettyRequestSender - Using open Channel [id: 0x5f414ff7, L:/127.0.0.1:55150 - R:localhost/127.0.0.1:29491] for POST '/session/002f0905674e70d0a2314659dd3a6389/element'
10:39:44.472 [AsyncHttpClient-1-5] DEBUG org.asynchttpclient.netty.handler.HttpHandler - 

Request DefaultHttpRequest(decodeResult: success, version: HTTP/1.1)
POST /session/002f0905674e70d0a2314659dd3a6389/element HTTP/1.1
User-Agent: selenium/4.8.1 (java windows)
Content-Length: 55
Content-Type: application/json; charset=utf-8
host: localhost:29491
accept: */*

Response DefaultHttpResponse(decodeResult: success, version: HTTP/1.1)
HTTP/1.1 200 OK
Content-Length: 88
Content-Type: application/json; charset=utf-8
cache-control: no-cache

10:39:44.472 [AsyncHttpClient-1-5] DEBUG org.asynchttpclient.netty.channel.ChannelManager - Adding key: http://localhost:29491 for channel [id: 0x5f414ff7, L:/127.0.0.1:55150 - R:localhost/127.0.0.1:29491]
10:39:44.473 [Forwarding clearElement on session 002f0905674e70d0a2314659dd3a6389 to remote] DEBUG org.asynchttpclient.netty.request.NettyRequestSender - Using pooled Channel '[id: 0x5f414ff7, L:/127.0.0.1:55150 - R:localhost/127.0.0.1:29491]' for 'POST' to 'http://localhost:29491/session/002f0905674e70d0a2314659dd3a6389/element/39fef502-f815-4544-b02f-926f576c6b4b/clear'
10:39:44.473 [Forwarding clearElement on session 002f0905674e70d0a2314659dd3a6389 to remote] DEBUG org.asynchttpclient.netty.request.NettyRequestSender - Using open Channel [id: 0x5f414ff7, L:/127.0.0.1:55150 - R:localhost/127.0.0.1:29491] for POST '/session/002f0905674e70d0a2314659dd3a6389/element/39fef502-f815-4544-b02f-926f576c6b4b/clear'
10:39:44.497 [AsyncHttpClient-1-5] DEBUG org.asynchttpclient.netty.handler.HttpHandler - 

Request DefaultHttpRequest(decodeResult: success, version: HTTP/1.1)
POST /session/002f0905674e70d0a2314659dd3a6389/element/39fef502-f815-4544-b02f-926f576c6b4b/clear HTTP/1.1
User-Agent: selenium/4.8.1 (java windows)
Content-Length: 50
Content-Type: application/json; charset=utf-8
host: localhost:29491
accept: */*

Response DefaultHttpResponse(decodeResult: success, version: HTTP/1.1)
HTTP/1.1 200 OK
Content-Length: 14
Content-Type: application/json; charset=utf-8
cache-control: no-cache

10:39:44.498 [AsyncHttpClient-1-5] DEBUG org.asynchttpclient.netty.channel.ChannelManager - Adding key: http://localhost:29491 for channel [id: 0x5f414ff7, L:/127.0.0.1:55150 - R:localhost/127.0.0.1:29491]
10:39:44.499 [Forwarding sendKeysToElement on session 002f0905674e70d0a2314659dd3a6389 to remote] DEBUG org.asynchttpclient.netty.request.NettyRequestSender - Using pooled Channel '[id: 0x5f414ff7, L:/127.0.0.1:55150 - R:localhost/127.0.0.1:29491]' for 'POST' to 'http://localhost:29491/session/002f0905674e70d0a2314659dd3a6389/element/39fef502-f815-4544-b02f-926f576c6b4b/value'
10:39:44.499 [Forwarding sendKeysToElement on session 002f0905674e70d0a2314659dd3a6389 to remote] DEBUG org.asynchttpclient.netty.request.NettyRequestSender - Using open Channel [id: 0x5f414ff7, L:/127.0.0.1:55150 - R:localhost/127.0.0.1:29491] for POST '/session/002f0905674e70d0a2314659dd3a6389/element/39fef502-f815-4544-b02f-926f576c6b4b/value'
10:39:44.569 [AsyncHttpClient-1-5] DEBUG org.asynchttpclient.netty.handler.HttpHandler - 

Request DefaultHttpRequest(decodeResult: success, version: HTTP/1.1)
POST /session/002f0905674e70d0a2314659dd3a6389/element/39fef502-f815-4544-b02f-926f576c6b4b/value HTTP/1.1
User-Agent: selenium/4.8.1 (java windows)
Content-Length: 231
Content-Type: application/json; charset=utf-8
host: localhost:29491
accept: */*

Response DefaultHttpResponse(decodeResult: success, version: HTTP/1.1)
HTTP/1.1 200 OK
Content-Length: 14
Content-Type: application/json; charset=utf-8
cache-control: no-cache

10:39:44.569 [AsyncHttpClient-1-5] DEBUG org.asynchttpclient.netty.channel.ChannelManager - Adding key: http://localhost:29491 for channel [id: 0x5f414ff7, L:/127.0.0.1:55150 - R:localhost/127.0.0.1:29491]
10:39:44.573 [Forwarding getAlertText on session 002f0905674e70d0a2314659dd3a6389 to remote] DEBUG org.asynchttpclient.netty.request.NettyRequestSender - Using pooled Channel '[id: 0x5f414ff7, L:/127.0.0.1:55150 - R:localhost/127.0.0.1:29491]' for 'GET' to 'http://localhost:29491/session/002f0905674e70d0a2314659dd3a6389/alert/text'
10:39:44.574 [Forwarding getAlertText on session 002f0905674e70d0a2314659dd3a6389 to remote] DEBUG org.asynchttpclient.netty.request.NettyRequestSender - Using open Channel [id: 0x5f414ff7, L:/127.0.0.1:55150 - R:localhost/127.0.0.1:29491] for GET '/session/002f0905674e70d0a2314659dd3a6389/alert/text'
10:39:44.576 [AsyncHttpClient-1-5] DEBUG org.asynchttpclient.netty.handler.HttpHandler - 

Request DefaultFullHttpRequest(decodeResult: success, version: HTTP/1.1, content: EmptyByteBufBE)
GET /session/002f0905674e70d0a2314659dd3a6389/alert/text HTTP/1.1
User-Agent: selenium/4.8.1 (java windows)
Cache-Control: no-cache
Content-Type: application/json; charset=utf-8
host: localhost:29491
accept: */*

Response DefaultHttpResponse(decodeResult: success, version: HTTP/1.1)
HTTP/1.1 404 Not Found
Content-Length: 836
Content-Type: application/json; charset=utf-8
cache-control: no-cache

10:39:44.576 [AsyncHttpClient-1-5] DEBUG org.asynchttpclient.netty.channel.ChannelManager - Adding key: http://localhost:29491 for channel [id: 0x5f414ff7, L:/127.0.0.1:55150 - R:localhost/127.0.0.1:29491]
10:39:44.578 [Forwarding getCurrentUrl on session 002f0905674e70d0a2314659dd3a6389 to remote] DEBUG org.asynchttpclient.netty.request.NettyRequestSender - Using pooled Channel '[id: 0x5f414ff7, L:/127.0.0.1:55150 - R:localhost/127.0.0.1:29491]' for 'GET' to 'http://localhost:29491/session/002f0905674e70d0a2314659dd3a6389/url'
10:39:44.578 [Forwarding getCurrentUrl on session 002f0905674e70d0a2314659dd3a6389 to remote] DEBUG org.asynchttpclient.netty.request.NettyRequestSender - Using open Channel [id: 0x5f414ff7, L:/127.0.0.1:55150 - R:localhost/127.0.0.1:29491] for GET '/session/002f0905674e70d0a2314659dd3a6389/url'
10:39:44.580 [AsyncHttpClient-1-5] DEBUG org.asynchttpclient.netty.handler.HttpHandler - 

Request DefaultFullHttpRequest(decodeResult: success, version: HTTP/1.1, content: EmptyByteBufBE)
GET /session/002f0905674e70d0a2314659dd3a6389/url HTTP/1.1
User-Agent: selenium/4.8.1 (java windows)
Cache-Control: no-cache
Content-Type: application/json; charset=utf-8
host: localhost:29491
accept: */*

Response DefaultHttpResponse(decodeResult: success, version: HTTP/1.1)
HTTP/1.1 200 OK
Content-Length: 54
Content-Type: application/json; charset=utf-8
cache-control: no-cache

10:39:44.580 [AsyncHttpClient-1-5] DEBUG org.asynchttpclient.netty.channel.ChannelManager - Adding key: http://localhost:29491 for channel [id: 0x5f414ff7, L:/127.0.0.1:55150 - R:localhost/127.0.0.1:29491]
10:39:44.580 [Forwarding screenshot on session 002f0905674e70d0a2314659dd3a6389 to remote] DEBUG org.asynchttpclient.netty.request.NettyRequestSender - Using pooled Channel '[id: 0x5f414ff7, L:/127.0.0.1:55150 - R:localhost/127.0.0.1:29491]' for 'GET' to 'http://localhost:29491/session/002f0905674e70d0a2314659dd3a6389/screenshot'
10:39:44.581 [Forwarding screenshot on session 002f0905674e70d0a2314659dd3a6389 to remote] DEBUG org.asynchttpclient.netty.request.NettyRequestSender - Using open Channel [id: 0x5f414ff7, L:/127.0.0.1:55150 - R:localhost/127.0.0.1:29491] for GET '/session/002f0905674e70d0a2314659dd3a6389/screenshot'
10:39:44.603 [AsyncHttpClient-1-1] DEBUG org.asynchttpclient.netty.channel.DefaultChannelPool - Entry count for : http://localhost:55151 : 1
10:39:44.674 [AsyncHttpClient-1-5] DEBUG org.asynchttpclient.netty.handler.HttpHandler - 

Request DefaultFullHttpRequest(decodeResult: success, version: HTTP/1.1, content: EmptyByteBufBE)
GET /session/002f0905674e70d0a2314659dd3a6389/screenshot HTTP/1.1
User-Agent: selenium/4.8.1 (java windows)
Cache-Control: no-cache
Content-Type: application/json; charset=utf-8
host: localhost:29491
accept: */*

Response DefaultHttpResponse(decodeResult: success, version: HTTP/1.1)
HTTP/1.1 200 OK
Content-Length: 36008
Content-Type: application/json; charset=utf-8
cache-control: no-cache

10:39:44.674 [AsyncHttpClient-1-5] DEBUG org.asynchttpclient.netty.channel.ChannelManager - Adding key: http://localhost:29491 for channel [id: 0x5f414ff7, L:/127.0.0.1:55150 - R:localhost/127.0.0.1:29491]
10:39:44.675 [main] DEBUG net.serenitybdd.core.photography.Darkroom - Send negative for processing for target\site\serenity\825ea7949bd132f81d1071aa41bb6f79f7bb851c0620a394b45658b13bb5a2c9.png
10:39:44.675 [main] DEBUG net.thucydides.core.steps.StepInterceptor - STEP DONE: inputEmailReg
  &amp#27;[32mAnd &amp#27;[0m&amp#27;[32mI input correct email for register&amp#27;[0m       &amp#27;[90m# starter.stepdefinitions.RegisterSteps.inputEmailReg()&amp#27;[0m
10:39:44.676 [Darkroom Processing Line] DEBUG net.serenitybdd.core.photography.DarkroomProcessingLine - Processing screenshot image in /var/screenshots/screenshot-6865247691734420911
10:39:44.676 [Darkroom Processing Line] DEBUG net.serenitybdd.core.photography.DarkroomProcessingLine - Saving screenshot to target\site\serenity\825ea7949bd132f81d1071aa41bb6f79f7bb851c0620a394b45658b13bb5a2c9.png
10:39:44.682 [Forwarding getPageSource on session 002f0905674e70d0a2314659dd3a6389 to remote] DEBUG org.asynchttpclient.netty.request.NettyRequestSender - Using pooled Channel '[id: 0x5f414ff7, L:/127.0.0.1:55150 - R:localhost/127.0.0.1:29491]' for 'POST' to 'http://localhost:29491/session/002f0905674e70d0a2314659dd3a6389/execute/sync'
10:39:44.682 [Forwarding getPageSource on session 002f0905674e70d0a2314659dd3a6389 to remote] DEBUG org.asynchttpclient.netty.request.NettyRequestSender - Using open Channel [id: 0x5f414ff7, L:/127.0.0.1:55150 - R:localhost/127.0.0.1:29491] for POST '/session/002f0905674e70d0a2314659dd3a6389/execute/sync'
10:39:44.688 [AsyncHttpClient-1-5] DEBUG org.asynchttpclient.netty.handler.HttpHandler - 

Request DefaultHttpRequest(decodeResult: success, version: HTTP/1.1)
POST /session/002f0905674e70d0a2314659dd3a6389/execute/sync HTTP/1.1
User-Agent: selenium/4.8.1 (java windows)
Content-Length: 176
Content-Type: application/json; charset=utf-8
host: localhost:29491
accept: */*

Response DefaultHttpResponse(decodeResult: success, version: HTTP/1.1)
HTTP/1.1 200 OK
Content-Length: 22435
Content-Type: application/json; charset=utf-8
cache-control: no-cache

10:39:44.688 [AsyncHttpClient-1-5] DEBUG org.asynchttpclient.netty.channel.ChannelManager - Adding key: http://localhost:29491 for channel [id: 0x5f414ff7, L:/127.0.0.1:55150 - R:localhost/127.0.0.1:29491]
10:39:44.690 [Forwarding getCurrentUrl on session 002f0905674e70d0a2314659dd3a6389 to remote] DEBUG org.asynchttpclient.netty.request.NettyRequestSender - Using pooled Channel '[id: 0x5f414ff7, L:/127.0.0.1:55150 - R:localhost/127.0.0.1:29491]' for 'GET' to 'http://localhost:29491/session/002f0905674e70d0a2314659dd3a6389/url'
10:39:44.690 [Forwarding getCurrentUrl on session 002f0905674e70d0a2314659dd3a6389 to remote] DEBUG org.asynchttpclient.netty.request.NettyRequestSender - Using open Channel [id: 0x5f414ff7, L:/127.0.0.1:55150 - R:localhost/127.0.0.1:29491] for GET '/session/002f0905674e70d0a2314659dd3a6389/url'
10:39:44.694 [AsyncHttpClient-1-5] DEBUG org.asynchttpclient.netty.handler.HttpHandler - 

Request DefaultFullHttpRequest(decodeResult: success, version: HTTP/1.1, content: EmptyByteBufBE)
GET /session/002f0905674e70d0a2314659dd3a6389/url HTTP/1.1
User-Agent: selenium/4.8.1 (java windows)
Cache-Control: no-cache
Content-Type: application/json; charset=utf-8
host: localhost:29491
accept: */*

Response DefaultHttpResponse(decodeResult: success, version: HTTP/1.1)
HTTP/1.1 200 OK
Content-Length: 54
Content-Type: application/json; charset=utf-8
cache-control: no-cache

10:39:44.694 [AsyncHttpClient-1-5] DEBUG org.asynchttpclient.netty.channel.ChannelManager - Adding key: http://localhost:29491 for channel [id: 0x5f414ff7, L:/127.0.0.1:55150 - R:localhost/127.0.0.1:29491]
10:39:44.700 [Forwarding getPageSource on session 002f0905674e70d0a2314659dd3a6389 to remote] DEBUG org.asynchttpclient.netty.request.NettyRequestSender - Using pooled Channel '[id: 0x5f414ff7, L:/127.0.0.1:55150 - R:localhost/127.0.0.1:29491]' for 'POST' to 'http://localhost:29491/session/002f0905674e70d0a2314659dd3a6389/execute/sync'
10:39:44.700 [Forwarding getPageSource on session 002f0905674e70d0a2314659dd3a6389 to remote] DEBUG org.asynchttpclient.netty.request.NettyRequestSender - Using open Channel [id: 0x5f414ff7, L:/127.0.0.1:55150 - R:localhost/127.0.0.1:29491] for POST '/session/002f0905674e70d0a2314659dd3a6389/execute/sync'
10:39:44.703 [AsyncHttpClient-1-5] DEBUG org.asynchttpclient.netty.handler.HttpHandler - 

Request DefaultHttpRequest(decodeResult: success, version: HTTP/1.1)
POST /session/002f0905674e70d0a2314659dd3a6389/execute/sync HTTP/1.1
User-Agent: selenium/4.8.1 (java windows)
Content-Length: 176
Content-Type: application/json; charset=utf-8
host: localhost:29491
accept: */*

Response DefaultHttpResponse(decodeResult: success, version: HTTP/1.1)
HTTP/1.1 200 OK
Content-Length: 22435
Content-Type: application/json; charset=utf-8
cache-control: no-cache

10:39:44.704 [AsyncHttpClient-1-5] DEBUG org.asynchttpclient.netty.channel.ChannelManager - Adding key: http://localhost:29491 for channel [id: 0x5f414ff7, L:/127.0.0.1:55150 - R:localhost/127.0.0.1:29491]
10:39:44.706 [Forwarding getCurrentUrl on session 002f0905674e70d0a2314659dd3a6389 to remote] DEBUG org.asynchttpclient.netty.request.NettyRequestSender - Using pooled Channel '[id: 0x5f414ff7, L:/127.0.0.1:55150 - R:localhost/127.0.0.1:29491]' for 'GET' to 'http://localhost:29491/session/002f0905674e70d0a2314659dd3a6389/url'
10:39:44.706 [Forwarding getCurrentUrl on session 002f0905674e70d0a2314659dd3a6389 to remote] DEBUG org.asynchttpclient.netty.request.NettyRequestSender - Using open Channel [id: 0x5f414ff7, L:/127.0.0.1:55150 - R:localhost/127.0.0.1:29491] for GET '/session/002f0905674e70d0a2314659dd3a6389/url'
10:39:44.709 [AsyncHttpClient-1-5] DEBUG org.asynchttpclient.netty.handler.HttpHandler - 

Request DefaultFullHttpRequest(decodeResult: success, version: HTTP/1.1, content: EmptyByteBufBE)
GET /session/002f0905674e70d0a2314659dd3a6389/url HTTP/1.1
User-Agent: selenium/4.8.1 (java windows)
Cache-Control: no-cache
Content-Type: application/json; charset=utf-8
host: localhost:29491
accept: */*

Response DefaultHttpResponse(decodeResult: success, version: HTTP/1.1)
HTTP/1.1 200 OK
Content-Length: 54
Content-Type: application/json; charset=utf-8
cache-control: no-cache

10:39:44.709 [AsyncHttpClient-1-5] DEBUG org.asynchttpclient.netty.channel.ChannelManager - Adding key: http://localhost:29491 for channel [id: 0x5f414ff7, L:/127.0.0.1:55150 - R:localhost/127.0.0.1:29491]
10:39:44.721 [main] DEBUG net.thucydides.core.steps.StepInterceptor - STARTING STEP: RegisterSteps.inputPasswordReg - inputPasswordReg
10:39:44.723 [Forwarding findElement on session 002f0905674e70d0a2314659dd3a6389 to remote] DEBUG org.asynchttpclient.netty.request.NettyRequestSender - Using pooled Channel '[id: 0x5f414ff7, L:/127.0.0.1:55150 - R:localhost/127.0.0.1:29491]' for 'POST' to 'http://localhost:29491/session/002f0905674e70d0a2314659dd3a6389/element'
10:39:44.723 [Forwarding findElement on session 002f0905674e70d0a2314659dd3a6389 to remote] DEBUG org.asynchttpclient.netty.request.NettyRequestSender - Using open Channel [id: 0x5f414ff7, L:/127.0.0.1:55150 - R:localhost/127.0.0.1:29491] for POST '/session/002f0905674e70d0a2314659dd3a6389/element'
10:39:44.731 [AsyncHttpClient-1-5] DEBUG org.asynchttpclient.netty.handler.HttpHandler - 

Request DefaultHttpRequest(decodeResult: success, version: HTTP/1.1)
POST /session/002f0905674e70d0a2314659dd3a6389/element HTTP/1.1
User-Agent: selenium/4.8.1 (java windows)
Content-Length: 55
Content-Type: application/json; charset=utf-8
host: localhost:29491
accept: */*

Response DefaultHttpResponse(decodeResult: success, version: HTTP/1.1)
HTTP/1.1 200 OK
Content-Length: 88
Content-Type: application/json; charset=utf-8
cache-control: no-cache

10:39:44.731 [AsyncHttpClient-1-5] DEBUG org.asynchttpclient.netty.channel.ChannelManager - Adding key: http://localhost:29491 for channel [id: 0x5f414ff7, L:/127.0.0.1:55150 - R:localhost/127.0.0.1:29491]
10:39:44.732 [Forwarding clearElement on session 002f0905674e70d0a2314659dd3a6389 to remote] DEBUG org.asynchttpclient.netty.request.NettyRequestSender - Using pooled Channel '[id: 0x5f414ff7, L:/127.0.0.1:55150 - R:localhost/127.0.0.1:29491]' for 'POST' to 'http://localhost:29491/session/002f0905674e70d0a2314659dd3a6389/element/5d257172-4a2a-4ccc-bf4c-9cc66d290803/clear'
10:39:44.732 [Forwarding clearElement on session 002f0905674e70d0a2314659dd3a6389 to remote] DEBUG org.asynchttpclient.netty.request.NettyRequestSender - Using open Channel [id: 0x5f414ff7, L:/127.0.0.1:55150 - R:localhost/127.0.0.1:29491] for POST '/session/002f0905674e70d0a2314659dd3a6389/element/5d257172-4a2a-4ccc-bf4c-9cc66d290803/clear'
10:39:44.766 [AsyncHttpClient-1-5] DEBUG org.asynchttpclient.netty.handler.HttpHandler - 

Request DefaultHttpRequest(decodeResult: success, version: HTTP/1.1)
POST /session/002f0905674e70d0a2314659dd3a6389/element/5d257172-4a2a-4ccc-bf4c-9cc66d290803/clear HTTP/1.1
User-Agent: selenium/4.8.1 (java windows)
Content-Length: 50
Content-Type: application/json; charset=utf-8
host: localhost:29491
accept: */*

Response DefaultHttpResponse(decodeResult: success, version: HTTP/1.1)
HTTP/1.1 200 OK
Content-Length: 14
Content-Type: application/json; charset=utf-8
cache-control: no-cache

10:39:44.766 [AsyncHttpClient-1-5] DEBUG org.asynchttpclient.netty.channel.ChannelManager - Adding key: http://localhost:29491 for channel [id: 0x5f414ff7, L:/127.0.0.1:55150 - R:localhost/127.0.0.1:29491]
10:39:44.769 [Forwarding sendKeysToElement on session 002f0905674e70d0a2314659dd3a6389 to remote] DEBUG org.asynchttpclient.netty.request.NettyRequestSender - Using pooled Channel '[id: 0x5f414ff7, L:/127.0.0.1:55150 - R:localhost/127.0.0.1:29491]' for 'POST' to 'http://localhost:29491/session/002f0905674e70d0a2314659dd3a6389/element/5d257172-4a2a-4ccc-bf4c-9cc66d290803/value'
10:39:44.769 [Forwarding sendKeysToElement on session 002f0905674e70d0a2314659dd3a6389 to remote] DEBUG org.asynchttpclient.netty.request.NettyRequestSender - Using open Channel [id: 0x5f414ff7, L:/127.0.0.1:55150 - R:localhost/127.0.0.1:29491] for POST '/session/002f0905674e70d0a2314659dd3a6389/element/5d257172-4a2a-4ccc-bf4c-9cc66d290803/value'
10:39:44.855 [AsyncHttpClient-1-5] DEBUG org.asynchttpclient.netty.handler.HttpHandler - 

Request DefaultHttpRequest(decodeResult: success, version: HTTP/1.1)
POST /session/002f0905674e70d0a2314659dd3a6389/element/5d257172-4a2a-4ccc-bf4c-9cc66d290803/value HTTP/1.1
User-Agent: selenium/4.8.1 (java windows)
Content-Length: 101
Content-Type: application/json; charset=utf-8
host: localhost:29491
accept: */*

Response DefaultHttpResponse(decodeResult: success, version: HTTP/1.1)
HTTP/1.1 200 OK
Content-Length: 14
Content-Type: application/json; charset=utf-8
cache-control: no-cache

10:39:44.855 [AsyncHttpClient-1-5] DEBUG org.asynchttpclient.netty.channel.ChannelManager - Adding key: http://localhost:29491 for channel [id: 0x5f414ff7, L:/127.0.0.1:55150 - R:localhost/127.0.0.1:29491]
10:39:44.863 [Forwarding getAlertText on session 002f0905674e70d0a2314659dd3a6389 to remote] DEBUG org.asynchttpclient.netty.request.NettyRequestSender - Using pooled Channel '[id: 0x5f414ff7, L:/127.0.0.1:55150 - R:localhost/127.0.0.1:29491]' for 'GET' to 'http://localhost:29491/session/002f0905674e70d0a2314659dd3a6389/alert/text'
10:39:44.863 [Forwarding getAlertText on session 002f0905674e70d0a2314659dd3a6389 to remote] DEBUG org.asynchttpclient.netty.request.NettyRequestSender - Using open Channel [id: 0x5f414ff7, L:/127.0.0.1:55150 - R:localhost/127.0.0.1:29491] for GET '/session/002f0905674e70d0a2314659dd3a6389/alert/text'
10:39:44.866 [AsyncHttpClient-1-5] DEBUG org.asynchttpclient.netty.handler.HttpHandler - 

Request DefaultFullHttpRequest(decodeResult: success, version: HTTP/1.1, content: EmptyByteBufBE)
GET /session/002f0905674e70d0a2314659dd3a6389/alert/text HTTP/1.1
User-Agent: selenium/4.8.1 (java windows)
Cache-Control: no-cache
Content-Type: application/json; charset=utf-8
host: localhost:29491
accept: */*

Response DefaultHttpResponse(decodeResult: success, version: HTTP/1.1)
HTTP/1.1 404 Not Found
Content-Length: 836
Content-Type: application/json; charset=utf-8
cache-control: no-cache

10:39:44.866 [AsyncHttpClient-1-5] DEBUG org.asynchttpclient.netty.channel.ChannelManager - Adding key: http://localhost:29491 for channel [id: 0x5f414ff7, L:/127.0.0.1:55150 - R:localhost/127.0.0.1:29491]
10:39:44.869 [Forwarding getCurrentUrl on session 002f0905674e70d0a2314659dd3a6389 to remote] DEBUG org.asynchttpclient.netty.request.NettyRequestSender - Using pooled Channel '[id: 0x5f414ff7, L:/127.0.0.1:55150 - R:localhost/127.0.0.1:29491]' for 'GET' to 'http://localhost:29491/session/002f0905674e70d0a2314659dd3a6389/url'
10:39:44.870 [Forwarding getCurrentUrl on session 002f0905674e70d0a2314659dd3a6389 to remote] DEBUG org.asynchttpclient.netty.request.NettyRequestSender - Using open Channel [id: 0x5f414ff7, L:/127.0.0.1:55150 - R:localhost/127.0.0.1:29491] for GET '/session/002f0905674e70d0a2314659dd3a6389/url'
10:39:44.874 [AsyncHttpClient-1-5] DEBUG org.asynchttpclient.netty.handler.HttpHandler - 

Request DefaultFullHttpRequest(decodeResult: success, version: HTTP/1.1, content: EmptyByteBufBE)
GET /session/002f0905674e70d0a2314659dd3a6389/url HTTP/1.1
User-Agent: selenium/4.8.1 (java windows)
Cache-Control: no-cache
Content-Type: application/json; charset=utf-8
host: localhost:29491
accept: */*

Response DefaultHttpResponse(decodeResult: success, version: HTTP/1.1)
HTTP/1.1 200 OK
Content-Length: 54
Content-Type: application/json; charset=utf-8
cache-control: no-cache

10:39:44.875 [AsyncHttpClient-1-5] DEBUG org.asynchttpclient.netty.channel.ChannelManager - Adding key: http://localhost:29491 for channel [id: 0x5f414ff7, L:/127.0.0.1:55150 - R:localhost/127.0.0.1:29491]
10:39:44.876 [Forwarding screenshot on session 002f0905674e70d0a2314659dd3a6389 to remote] DEBUG org.asynchttpclient.netty.request.NettyRequestSender - Using pooled Channel '[id: 0x5f414ff7, L:/127.0.0.1:55150 - R:localhost/127.0.0.1:29491]' for 'GET' to 'http://localhost:29491/session/002f0905674e70d0a2314659dd3a6389/screenshot'
10:39:44.876 [Forwarding screenshot on session 002f0905674e70d0a2314659dd3a6389 to remote] DEBUG org.asynchttpclient.netty.request.NettyRequestSender - Using open Channel [id: 0x5f414ff7, L:/127.0.0.1:55150 - R:localhost/127.0.0.1:29491] for GET '/session/002f0905674e70d0a2314659dd3a6389/screenshot'
10:39:44.985 [AsyncHttpClient-1-5] DEBUG org.asynchttpclient.netty.handler.HttpHandler - 

Request DefaultFullHttpRequest(decodeResult: success, version: HTTP/1.1, content: EmptyByteBufBE)
GET /session/002f0905674e70d0a2314659dd3a6389/screenshot HTTP/1.1
User-Agent: selenium/4.8.1 (java windows)
Cache-Control: no-cache
Content-Type: application/json; charset=utf-8
host: localhost:29491
accept: */*

Response DefaultHttpResponse(decodeResult: success, version: HTTP/1.1)
HTTP/1.1 200 OK
Content-Length: 34584
Content-Type: application/json; charset=utf-8
cache-control: no-cache

10:39:44.985 [AsyncHttpClient-1-5] DEBUG org.asynchttpclient.netty.channel.ChannelManager - Adding key: http://localhost:29491 for channel [id: 0x5f414ff7, L:/127.0.0.1:55150 - R:localhost/127.0.0.1:29491]
10:39:44.987 [main] DEBUG net.serenitybdd.core.photography.Darkroom - Send negative for processing for target\site\serenity\695c0a64eb0cd6be8f353d310fb632df1cf33d5e21f5ddc3435f5491d45bb0bb.png
10:39:44.987 [main] DEBUG net.thucydides.core.steps.StepInterceptor - STEP DONE: inputPasswordReg
  &amp#27;[32mAnd &amp#27;[0m&amp#27;[32mI input correct password for register&amp#27;[0m    &amp#27;[90m# starter.stepdefinitions.RegisterSteps.inputPasswordReg()&amp#27;[0m
10:39:44.987 [Darkroom Processing Line] DEBUG net.serenitybdd.core.photography.DarkroomProcessingLine - Processing screenshot image in /var/screenshots/screenshot-12172939121683003009
10:39:44.987 [Darkroom Processing Line] DEBUG net.serenitybdd.core.photography.DarkroomProcessingLine - Saving screenshot to target\site\serenity\695c0a64eb0cd6be8f353d310fb632df1cf33d5e21f5ddc3435f5491d45bb0bb.png
10:39:44.995 [Forwarding getPageSource on session 002f0905674e70d0a2314659dd3a6389 to remote] DEBUG org.asynchttpclient.netty.request.NettyRequestSender - Using pooled Channel '[id: 0x5f414ff7, L:/127.0.0.1:55150 - R:localhost/127.0.0.1:29491]' for 'POST' to 'http://localhost:29491/session/002f0905674e70d0a2314659dd3a6389/execute/sync'
10:39:44.995 [Forwarding getPageSource on session 002f0905674e70d0a2314659dd3a6389 to remote] DEBUG org.asynchttpclient.netty.request.NettyRequestSender - Using open Channel [id: 0x5f414ff7, L:/127.0.0.1:55150 - R:localhost/127.0.0.1:29491] for POST '/session/002f0905674e70d0a2314659dd3a6389/execute/sync'
10:39:45.002 [AsyncHttpClient-1-5] DEBUG org.asynchttpclient.netty.handler.HttpHandler - 

Request DefaultHttpRequest(decodeResult: success, version: HTTP/1.1)
POST /session/002f0905674e70d0a2314659dd3a6389/execute/sync HTTP/1.1
User-Agent: selenium/4.8.1 (java windows)
Content-Length: 176
Content-Type: application/json; charset=utf-8
host: localhost:29491
accept: */*

Response DefaultHttpResponse(decodeResult: success, version: HTTP/1.1)
HTTP/1.1 200 OK
Content-Length: 22494
Content-Type: application/json; charset=utf-8
cache-control: no-cache

10:39:45.002 [AsyncHttpClient-1-5] DEBUG org.asynchttpclient.netty.channel.ChannelManager - Adding key: http://localhost:29491 for channel [id: 0x5f414ff7, L:/127.0.0.1:55150 - R:localhost/127.0.0.1:29491]
10:39:45.004 [Forwarding getCurrentUrl on session 002f0905674e70d0a2314659dd3a6389 to remote] DEBUG org.asynchttpclient.netty.request.NettyRequestSender - Using pooled Channel '[id: 0x5f414ff7, L:/127.0.0.1:55150 - R:localhost/127.0.0.1:29491]' for 'GET' to 'http://localhost:29491/session/002f0905674e70d0a2314659dd3a6389/url'
10:39:45.005 [Forwarding getCurrentUrl on session 002f0905674e70d0a2314659dd3a6389 to remote] DEBUG org.asynchttpclient.netty.request.NettyRequestSender - Using open Channel [id: 0x5f414ff7, L:/127.0.0.1:55150 - R:localhost/127.0.0.1:29491] for GET '/session/002f0905674e70d0a2314659dd3a6389/url'
10:39:45.009 [AsyncHttpClient-1-5] DEBUG org.asynchttpclient.netty.handler.HttpHandler - 

Request DefaultFullHttpRequest(decodeResult: success, version: HTTP/1.1, content: EmptyByteBufBE)
GET /session/002f0905674e70d0a2314659dd3a6389/url HTTP/1.1
User-Agent: selenium/4.8.1 (java windows)
Cache-Control: no-cache
Content-Type: application/json; charset=utf-8
host: localhost:29491
accept: */*

Response DefaultHttpResponse(decodeResult: success, version: HTTP/1.1)
HTTP/1.1 200 OK
Content-Length: 54
Content-Type: application/json; charset=utf-8
cache-control: no-cache

10:39:45.009 [AsyncHttpClient-1-5] DEBUG org.asynchttpclient.netty.channel.ChannelManager - Adding key: http://localhost:29491 for channel [id: 0x5f414ff7, L:/127.0.0.1:55150 - R:localhost/127.0.0.1:29491]
10:39:45.018 [Forwarding getPageSource on session 002f0905674e70d0a2314659dd3a6389 to remote] DEBUG org.asynchttpclient.netty.request.NettyRequestSender - Using pooled Channel '[id: 0x5f414ff7, L:/127.0.0.1:55150 - R:localhost/127.0.0.1:29491]' for 'POST' to 'http://localhost:29491/session/002f0905674e70d0a2314659dd3a6389/execute/sync'
10:39:45.018 [Forwarding getPageSource on session 002f0905674e70d0a2314659dd3a6389 to remote] DEBUG org.asynchttpclient.netty.request.NettyRequestSender - Using open Channel [id: 0x5f414ff7, L:/127.0.0.1:55150 - R:localhost/127.0.0.1:29491] for POST '/session/002f0905674e70d0a2314659dd3a6389/execute/sync'
10:39:45.024 [AsyncHttpClient-1-5] DEBUG org.asynchttpclient.netty.handler.HttpHandler - 

Request DefaultHttpRequest(decodeResult: success, version: HTTP/1.1)
POST /session/002f0905674e70d0a2314659dd3a6389/execute/sync HTTP/1.1
User-Agent: selenium/4.8.1 (java windows)
Content-Length: 176
Content-Type: application/json; charset=utf-8
host: localhost:29491
accept: */*

Response DefaultHttpResponse(decodeResult: success, version: HTTP/1.1)
HTTP/1.1 200 OK
Content-Length: 22494
Content-Type: application/json; charset=utf-8
cache-control: no-cache

10:39:45.024 [AsyncHttpClient-1-5] DEBUG org.asynchttpclient.netty.channel.ChannelManager - Adding key: http://localhost:29491 for channel [id: 0x5f414ff7, L:/127.0.0.1:55150 - R:localhost/127.0.0.1:29491]
10:39:45.027 [Forwarding getCurrentUrl on session 002f0905674e70d0a2314659dd3a6389 to remote] DEBUG org.asynchttpclient.netty.request.NettyRequestSender - Using pooled Channel '[id: 0x5f414ff7, L:/127.0.0.1:55150 - R:localhost/127.0.0.1:29491]' for 'GET' to 'http://localhost:29491/session/002f0905674e70d0a2314659dd3a6389/url'
10:39:45.028 [Forwarding getCurrentUrl on session 002f0905674e70d0a2314659dd3a6389 to remote] DEBUG org.asynchttpclient.netty.request.NettyRequestSender - Using open Channel [id: 0x5f414ff7, L:/127.0.0.1:55150 - R:localhost/127.0.0.1:29491] for GET '/session/002f0905674e70d0a2314659dd3a6389/url'
10:39:45.032 [AsyncHttpClient-1-5] DEBUG org.asynchttpclient.netty.handler.HttpHandler - 

Request DefaultFullHttpRequest(decodeResult: success, version: HTTP/1.1, content: EmptyByteBufBE)
GET /session/002f0905674e70d0a2314659dd3a6389/url HTTP/1.1
User-Agent: selenium/4.8.1 (java windows)
Cache-Control: no-cache
Content-Type: application/json; charset=utf-8
host: localhost:29491
accept: */*

Response DefaultHttpResponse(decodeResult: success, version: HTTP/1.1)
HTTP/1.1 200 OK
Content-Length: 54
Content-Type: application/json; charset=utf-8
cache-control: no-cache

10:39:45.032 [AsyncHttpClient-1-5] DEBUG org.asynchttpclient.netty.channel.ChannelManager - Adding key: http://localhost:29491 for channel [id: 0x5f414ff7, L:/127.0.0.1:55150 - R:localhost/127.0.0.1:29491]
10:39:45.034 [main] DEBUG net.thucydides.core.steps.StepInterceptor - STARTING STEP: RegisterSteps.ClickRegisterButton - ClickRegisterButton
10:39:45.037 [Forwarding findElement on session 002f0905674e70d0a2314659dd3a6389 to remote] DEBUG org.asynchttpclient.netty.request.NettyRequestSender - Using pooled Channel '[id: 0x5f414ff7, L:/127.0.0.1:55150 - R:localhost/127.0.0.1:29491]' for 'POST' to 'http://localhost:29491/session/002f0905674e70d0a2314659dd3a6389/element'
10:39:45.037 [Forwarding findElement on session 002f0905674e70d0a2314659dd3a6389 to remote] DEBUG org.asynchttpclient.netty.request.NettyRequestSender - Using open Channel [id: 0x5f414ff7, L:/127.0.0.1:55150 - R:localhost/127.0.0.1:29491] for POST '/session/002f0905674e70d0a2314659dd3a6389/element'
10:39:45.050 [AsyncHttpClient-1-5] DEBUG org.asynchttpclient.netty.handler.HttpHandler - 

Request DefaultHttpRequest(decodeResult: success, version: HTTP/1.1)
POST /session/002f0905674e70d0a2314659dd3a6389/element HTTP/1.1
User-Agent: selenium/4.8.1 (java windows)
Content-Length: 71
Content-Type: application/json; charset=utf-8
host: localhost:29491
accept: */*

Response DefaultHttpResponse(decodeResult: success, version: HTTP/1.1)
HTTP/1.1 200 OK
Content-Length: 88
Content-Type: application/json; charset=utf-8
cache-control: no-cache

10:39:45.051 [AsyncHttpClient-1-5] DEBUG org.asynchttpclient.netty.channel.ChannelManager - Adding key: http://localhost:29491 for channel [id: 0x5f414ff7, L:/127.0.0.1:55150 - R:localhost/127.0.0.1:29491]
10:39:45.052 [Forwarding getElementTagName on session 002f0905674e70d0a2314659dd3a6389 to remote] DEBUG org.asynchttpclient.netty.request.NettyRequestSender - Using pooled Channel '[id: 0x5f414ff7, L:/127.0.0.1:55150 - R:localhost/127.0.0.1:29491]' for 'GET' to 'http://localhost:29491/session/002f0905674e70d0a2314659dd3a6389/element/9c4d0d47-9fb5-4f06-859b-b716f589b865/name'
10:39:45.052 [Forwarding getElementTagName on session 002f0905674e70d0a2314659dd3a6389 to remote] DEBUG org.asynchttpclient.netty.request.NettyRequestSender - Using open Channel [id: 0x5f414ff7, L:/127.0.0.1:55150 - R:localhost/127.0.0.1:29491] for GET '/session/002f0905674e70d0a2314659dd3a6389/element/9c4d0d47-9fb5-4f06-859b-b716f589b865/name'
10:39:45.057 [AsyncHttpClient-1-5] DEBUG org.asynchttpclient.netty.handler.HttpHandler - 

Request DefaultFullHttpRequest(decodeResult: success, version: HTTP/1.1, content: EmptyByteBufBE)
GET /session/002f0905674e70d0a2314659dd3a6389/element/9c4d0d47-9fb5-4f06-859b-b716f589b865/name HTTP/1.1
User-Agent: selenium/4.8.1 (java windows)
Cache-Control: no-cache
Content-Type: application/json; charset=utf-8
host: localhost:29491
accept: */*

Response DefaultHttpResponse(decodeResult: success, version: HTTP/1.1)
HTTP/1.1 200 OK
Content-Length: 18
Content-Type: application/json; charset=utf-8
cache-control: no-cache

10:39:45.057 [AsyncHttpClient-1-5] DEBUG org.asynchttpclient.netty.channel.ChannelManager - Adding key: http://localhost:29491 for channel [id: 0x5f414ff7, L:/127.0.0.1:55150 - R:localhost/127.0.0.1:29491]
10:39:45.059 [Forwarding getElementTagName on session 002f0905674e70d0a2314659dd3a6389 to remote] DEBUG org.asynchttpclient.netty.request.NettyRequestSender - Using pooled Channel '[id: 0x5f414ff7, L:/127.0.0.1:55150 - R:localhost/127.0.0.1:29491]' for 'GET' to 'http://localhost:29491/session/002f0905674e70d0a2314659dd3a6389/element/9c4d0d47-9fb5-4f06-859b-b716f589b865/name'
10:39:45.059 [Forwarding getElementTagName on session 002f0905674e70d0a2314659dd3a6389 to remote] DEBUG org.asynchttpclient.netty.request.NettyRequestSender - Using open Channel [id: 0x5f414ff7, L:/127.0.0.1:55150 - R:localhost/127.0.0.1:29491] for GET '/session/002f0905674e70d0a2314659dd3a6389/element/9c4d0d47-9fb5-4f06-859b-b716f589b865/name'
10:39:45.064 [AsyncHttpClient-1-5] DEBUG org.asynchttpclient.netty.handler.HttpHandler - 

Request DefaultFullHttpRequest(decodeResult: success, version: HTTP/1.1, content: EmptyByteBufBE)
GET /session/002f0905674e70d0a2314659dd3a6389/element/9c4d0d47-9fb5-4f06-859b-b716f589b865/name HTTP/1.1
User-Agent: selenium/4.8.1 (java windows)
Cache-Control: no-cache
Content-Type: application/json; charset=utf-8
host: localhost:29491
accept: */*

Response DefaultHttpResponse(decodeResult: success, version: HTTP/1.1)
HTTP/1.1 200 OK
Content-Length: 18
Content-Type: application/json; charset=utf-8
cache-control: no-cache

10:39:45.064 [AsyncHttpClient-1-5] DEBUG org.asynchttpclient.netty.channel.ChannelManager - Adding key: http://localhost:29491 for channel [id: 0x5f414ff7, L:/127.0.0.1:55150 - R:localhost/127.0.0.1:29491]
10:39:45.065 [Forwarding isElementEnabled on session 002f0905674e70d0a2314659dd3a6389 to remote] DEBUG org.asynchttpclient.netty.request.NettyRequestSender - Using pooled Channel '[id: 0x5f414ff7, L:/127.0.0.1:55150 - R:localhost/127.0.0.1:29491]' for 'GET' to 'http://localhost:29491/session/002f0905674e70d0a2314659dd3a6389/element/9c4d0d47-9fb5-4f06-859b-b716f589b865/enabled'
10:39:45.065 [Forwarding isElementEnabled on session 002f0905674e70d0a2314659dd3a6389 to remote] DEBUG org.asynchttpclient.netty.request.NettyRequestSender - Using open Channel [id: 0x5f414ff7, L:/127.0.0.1:55150 - R:localhost/127.0.0.1:29491] for GET '/session/002f0905674e70d0a2314659dd3a6389/element/9c4d0d47-9fb5-4f06-859b-b716f589b865/enabled'
10:39:45.073 [AsyncHttpClient-1-5] DEBUG org.asynchttpclient.netty.handler.HttpHandler - 

Request DefaultFullHttpRequest(decodeResult: success, version: HTTP/1.1, content: EmptyByteBufBE)
GET /session/002f0905674e70d0a2314659dd3a6389/element/9c4d0d47-9fb5-4f06-859b-b716f589b865/enabled HTTP/1.1
User-Agent: selenium/4.8.1 (java windows)
Cache-Control: no-cache
Content-Type: application/json; charset=utf-8
host: localhost:29491
accept: */*

Response DefaultHttpResponse(decodeResult: success, version: HTTP/1.1)
HTTP/1.1 200 OK
Content-Length: 14
Content-Type: application/json; charset=utf-8
cache-control: no-cache

10:39:45.074 [AsyncHttpClient-1-5] DEBUG org.asynchttpclient.netty.channel.ChannelManager - Adding key: http://localhost:29491 for channel [id: 0x5f414ff7, L:/127.0.0.1:55150 - R:localhost/127.0.0.1:29491]
10:39:45.075 [Forwarding isElementEnabled on session 002f0905674e70d0a2314659dd3a6389 to remote] DEBUG org.asynchttpclient.netty.request.NettyRequestSender - Using pooled Channel '[id: 0x5f414ff7, L:/127.0.0.1:55150 - R:localhost/127.0.0.1:29491]' for 'GET' to 'http://localhost:29491/session/002f0905674e70d0a2314659dd3a6389/element/9c4d0d47-9fb5-4f06-859b-b716f589b865/enabled'
10:39:45.075 [Forwarding isElementEnabled on session 002f0905674e70d0a2314659dd3a6389 to remote] DEBUG org.asynchttpclient.netty.request.NettyRequestSender - Using open Channel [id: 0x5f414ff7, L:/127.0.0.1:55150 - R:localhost/127.0.0.1:29491] for GET '/session/002f0905674e70d0a2314659dd3a6389/element/9c4d0d47-9fb5-4f06-859b-b716f589b865/enabled'
10:39:45.081 [AsyncHttpClient-1-5] DEBUG org.asynchttpclient.netty.handler.HttpHandler - 

Request DefaultFullHttpRequest(decodeResult: success, version: HTTP/1.1, content: EmptyByteBufBE)
GET /session/002f0905674e70d0a2314659dd3a6389/element/9c4d0d47-9fb5-4f06-859b-b716f589b865/enabled HTTP/1.1
User-Agent: selenium/4.8.1 (java windows)
Cache-Control: no-cache
Content-Type: application/json; charset=utf-8
host: localhost:29491
accept: */*

Response DefaultHttpResponse(decodeResult: success, version: HTTP/1.1)
HTTP/1.1 200 OK
Content-Length: 14
Content-Type: application/json; charset=utf-8
cache-control: no-cache

10:39:45.081 [AsyncHttpClient-1-5] DEBUG org.asynchttpclient.netty.channel.ChannelManager - Adding key: http://localhost:29491 for channel [id: 0x5f414ff7, L:/127.0.0.1:55150 - R:localhost/127.0.0.1:29491]
10:39:45.083 [Forwarding findElement on session 002f0905674e70d0a2314659dd3a6389 to remote] DEBUG org.asynchttpclient.netty.request.NettyRequestSender - Using pooled Channel '[id: 0x5f414ff7, L:/127.0.0.1:55150 - R:localhost/127.0.0.1:29491]' for 'POST' to 'http://localhost:29491/session/002f0905674e70d0a2314659dd3a6389/element'
10:39:45.083 [Forwarding findElement on session 002f0905674e70d0a2314659dd3a6389 to remote] DEBUG org.asynchttpclient.netty.request.NettyRequestSender - Using open Channel [id: 0x5f414ff7, L:/127.0.0.1:55150 - R:localhost/127.0.0.1:29491] for POST '/session/002f0905674e70d0a2314659dd3a6389/element'
10:39:45.089 [AsyncHttpClient-1-5] DEBUG org.asynchttpclient.netty.handler.HttpHandler - 

Request DefaultHttpRequest(decodeResult: success, version: HTTP/1.1)
POST /session/002f0905674e70d0a2314659dd3a6389/element HTTP/1.1
User-Agent: selenium/4.8.1 (java windows)
Content-Length: 71
Content-Type: application/json; charset=utf-8
host: localhost:29491
accept: */*

Response DefaultHttpResponse(decodeResult: success, version: HTTP/1.1)
HTTP/1.1 200 OK
Content-Length: 88
Content-Type: application/json; charset=utf-8
cache-control: no-cache

10:39:45.089 [AsyncHttpClient-1-5] DEBUG org.asynchttpclient.netty.channel.ChannelManager - Adding key: http://localhost:29491 for channel [id: 0x5f414ff7, L:/127.0.0.1:55150 - R:localhost/127.0.0.1:29491]
10:39:45.090 [Forwarding clickElement on session 002f0905674e70d0a2314659dd3a6389 to remote] DEBUG org.asynchttpclient.netty.request.NettyRequestSender - Using pooled Channel '[id: 0x5f414ff7, L:/127.0.0.1:55150 - R:localhost/127.0.0.1:29491]' for 'POST' to 'http://localhost:29491/session/002f0905674e70d0a2314659dd3a6389/element/9c4d0d47-9fb5-4f06-859b-b716f589b865/click'
10:39:45.090 [Forwarding clickElement on session 002f0905674e70d0a2314659dd3a6389 to remote] DEBUG org.asynchttpclient.netty.request.NettyRequestSender - Using open Channel [id: 0x5f414ff7, L:/127.0.0.1:55150 - R:localhost/127.0.0.1:29491] for POST '/session/002f0905674e70d0a2314659dd3a6389/element/9c4d0d47-9fb5-4f06-859b-b716f589b865/click'
10:39:45.128 [AsyncHttpClient-1-5] DEBUG org.asynchttpclient.netty.handler.HttpHandler - 

Request DefaultHttpRequest(decodeResult: success, version: HTTP/1.1)
POST /session/002f0905674e70d0a2314659dd3a6389/element/9c4d0d47-9fb5-4f06-859b-b716f589b865/click HTTP/1.1
User-Agent: selenium/4.8.1 (java windows)
Content-Length: 50
Content-Type: application/json; charset=utf-8
host: localhost:29491
accept: */*

Response DefaultHttpResponse(decodeResult: success, version: HTTP/1.1)
HTTP/1.1 200 OK
Content-Length: 14
Content-Type: application/json; charset=utf-8
cache-control: no-cache

10:39:45.128 [AsyncHttpClient-1-5] DEBUG org.asynchttpclient.netty.channel.ChannelManager - Adding key: http://localhost:29491 for channel [id: 0x5f414ff7, L:/127.0.0.1:55150 - R:localhost/127.0.0.1:29491]
10:39:45.134 [Forwarding getAlertText on session 002f0905674e70d0a2314659dd3a6389 to remote] DEBUG org.asynchttpclient.netty.request.NettyRequestSender - Using pooled Channel '[id: 0x5f414ff7, L:/127.0.0.1:55150 - R:localhost/127.0.0.1:29491]' for 'GET' to 'http://localhost:29491/session/002f0905674e70d0a2314659dd3a6389/alert/text'
10:39:45.134 [Forwarding getAlertText on session 002f0905674e70d0a2314659dd3a6389 to remote] DEBUG org.asynchttpclient.netty.request.NettyRequestSender - Using open Channel [id: 0x5f414ff7, L:/127.0.0.1:55150 - R:localhost/127.0.0.1:29491] for GET '/session/002f0905674e70d0a2314659dd3a6389/alert/text'
10:39:45.135 [AsyncHttpClient-1-5] DEBUG org.asynchttpclient.netty.handler.HttpHandler - 

Request DefaultFullHttpRequest(decodeResult: success, version: HTTP/1.1, content: EmptyByteBufBE)
GET /session/002f0905674e70d0a2314659dd3a6389/alert/text HTTP/1.1
User-Agent: selenium/4.8.1 (java windows)
Cache-Control: no-cache
Content-Type: application/json; charset=utf-8
host: localhost:29491
accept: */*

Response DefaultHttpResponse(decodeResult: success, version: HTTP/1.1)
HTTP/1.1 404 Not Found
Content-Length: 836
Content-Type: application/json; charset=utf-8
cache-control: no-cache

10:39:45.135 [AsyncHttpClient-1-5] DEBUG org.asynchttpclient.netty.channel.ChannelManager - Adding key: http://localhost:29491 for channel [id: 0x5f414ff7, L:/127.0.0.1:55150 - R:localhost/127.0.0.1:29491]
10:39:45.136 [Forwarding getCurrentUrl on session 002f0905674e70d0a2314659dd3a6389 to remote] DEBUG org.asynchttpclient.netty.request.NettyRequestSender - Using pooled Channel '[id: 0x5f414ff7, L:/127.0.0.1:55150 - R:localhost/127.0.0.1:29491]' for 'GET' to 'http://localhost:29491/session/002f0905674e70d0a2314659dd3a6389/url'
10:39:45.136 [Forwarding getCurrentUrl on session 002f0905674e70d0a2314659dd3a6389 to remote] DEBUG org.asynchttpclient.netty.request.NettyRequestSender - Using open Channel [id: 0x5f414ff7, L:/127.0.0.1:55150 - R:localhost/127.0.0.1:29491] for GET '/session/002f0905674e70d0a2314659dd3a6389/url'
10:39:45.140 [AsyncHttpClient-1-5] DEBUG org.asynchttpclient.netty.handler.HttpHandler - 

Request DefaultFullHttpRequest(decodeResult: success, version: HTTP/1.1, content: EmptyByteBufBE)
GET /session/002f0905674e70d0a2314659dd3a6389/url HTTP/1.1
User-Agent: selenium/4.8.1 (java windows)
Cache-Control: no-cache
Content-Type: application/json; charset=utf-8
host: localhost:29491
accept: */*

Response DefaultHttpResponse(decodeResult: success, version: HTTP/1.1)
HTTP/1.1 200 OK
Content-Length: 54
Content-Type: application/json; charset=utf-8
cache-control: no-cache

10:39:45.141 [AsyncHttpClient-1-5] DEBUG org.asynchttpclient.netty.channel.ChannelManager - Adding key: http://localhost:29491 for channel [id: 0x5f414ff7, L:/127.0.0.1:55150 - R:localhost/127.0.0.1:29491]
10:39:45.141 [Forwarding screenshot on session 002f0905674e70d0a2314659dd3a6389 to remote] DEBUG org.asynchttpclient.netty.request.NettyRequestSender - Using pooled Channel '[id: 0x5f414ff7, L:/127.0.0.1:55150 - R:localhost/127.0.0.1:29491]' for 'GET' to 'http://localhost:29491/session/002f0905674e70d0a2314659dd3a6389/screenshot'
10:39:45.141 [Forwarding screenshot on session 002f0905674e70d0a2314659dd3a6389 to remote] DEBUG org.asynchttpclient.netty.request.NettyRequestSender - Using open Channel [id: 0x5f414ff7, L:/127.0.0.1:55150 - R:localhost/127.0.0.1:29491] for GET '/session/002f0905674e70d0a2314659dd3a6389/screenshot'
10:39:45.233 [AsyncHttpClient-1-5] DEBUG org.asynchttpclient.netty.handler.HttpHandler - 

Request DefaultFullHttpRequest(decodeResult: success, version: HTTP/1.1, content: EmptyByteBufBE)
GET /session/002f0905674e70d0a2314659dd3a6389/screenshot HTTP/1.1
User-Agent: selenium/4.8.1 (java windows)
Cache-Control: no-cache
Content-Type: application/json; charset=utf-8
host: localhost:29491
accept: */*

Response DefaultHttpResponse(decodeResult: success, version: HTTP/1.1)
HTTP/1.1 200 OK
Content-Length: 33896
Content-Type: application/json; charset=utf-8
cache-control: no-cache

10:39:45.234 [AsyncHttpClient-1-5] DEBUG org.asynchttpclient.netty.channel.ChannelManager - Adding key: http://localhost:29491 for channel [id: 0x5f414ff7, L:/127.0.0.1:55150 - R:localhost/127.0.0.1:29491]
10:39:45.235 [main] DEBUG net.serenitybdd.core.photography.Darkroom - Send negative for processing for target\site\serenity\d938152bd22b724bc54f1abb3757df1294452a5af7deea83cb0e1ab7c72b3430.png
10:39:45.235 [main] DEBUG net.thucydides.core.steps.StepInterceptor - STEP DONE: ClickRegisterButton
  &amp#27;[32mWhen &amp#27;[0m&amp#27;[32mI click on the register button&amp#27;[0m          &amp#27;[90m# starter.stepdefinitions.RegisterSteps.ClickRegisterButton()&amp#27;[0m
10:39:45.235 [Darkroom Processing Line] DEBUG net.serenitybdd.core.photography.DarkroomProcessingLine - Processing screenshot image in /var/screenshots/screenshot-14663844001595697283
10:39:45.235 [Darkroom Processing Line] DEBUG net.serenitybdd.core.photography.DarkroomProcessingLine - Saving screenshot to target\site\serenity\d938152bd22b724bc54f1abb3757df1294452a5af7deea83cb0e1ab7c72b3430.png
10:39:45.242 [Forwarding getPageSource on session 002f0905674e70d0a2314659dd3a6389 to remote] DEBUG org.asynchttpclient.netty.request.NettyRequestSender - Using pooled Channel '[id: 0x5f414ff7, L:/127.0.0.1:55150 - R:localhost/127.0.0.1:29491]' for 'POST' to 'http://localhost:29491/session/002f0905674e70d0a2314659dd3a6389/execute/sync'
10:39:45.243 [Forwarding getPageSource on session 002f0905674e70d0a2314659dd3a6389 to remote] DEBUG org.asynchttpclient.netty.request.NettyRequestSender - Using open Channel [id: 0x5f414ff7, L:/127.0.0.1:55150 - R:localhost/127.0.0.1:29491] for POST '/session/002f0905674e70d0a2314659dd3a6389/execute/sync'
10:39:45.249 [AsyncHttpClient-1-5] DEBUG org.asynchttpclient.netty.handler.HttpHandler - 

Request DefaultHttpRequest(decodeResult: success, version: HTTP/1.1)
POST /session/002f0905674e70d0a2314659dd3a6389/execute/sync HTTP/1.1
User-Agent: selenium/4.8.1 (java windows)
Content-Length: 176
Content-Type: application/json; charset=utf-8
host: localhost:29491
accept: */*

Response DefaultHttpResponse(decodeResult: success, version: HTTP/1.1)
HTTP/1.1 200 OK
Content-Length: 22774
Content-Type: application/json; charset=utf-8
cache-control: no-cache

10:39:45.249 [AsyncHttpClient-1-5] DEBUG org.asynchttpclient.netty.channel.ChannelManager - Adding key: http://localhost:29491 for channel [id: 0x5f414ff7, L:/127.0.0.1:55150 - R:localhost/127.0.0.1:29491]
10:39:45.251 [Forwarding getCurrentUrl on session 002f0905674e70d0a2314659dd3a6389 to remote] DEBUG org.asynchttpclient.netty.request.NettyRequestSender - Using pooled Channel '[id: 0x5f414ff7, L:/127.0.0.1:55150 - R:localhost/127.0.0.1:29491]' for 'GET' to 'http://localhost:29491/session/002f0905674e70d0a2314659dd3a6389/url'
10:39:45.251 [Forwarding getCurrentUrl on session 002f0905674e70d0a2314659dd3a6389 to remote] DEBUG org.asynchttpclient.netty.request.NettyRequestSender - Using open Channel [id: 0x5f414ff7, L:/127.0.0.1:55150 - R:localhost/127.0.0.1:29491] for GET '/session/002f0905674e70d0a2314659dd3a6389/url'
10:39:45.253 [AsyncHttpClient-1-5] DEBUG org.asynchttpclient.netty.handler.HttpHandler - 

Request DefaultFullHttpRequest(decodeResult: success, version: HTTP/1.1, content: EmptyByteBufBE)
GET /session/002f0905674e70d0a2314659dd3a6389/url HTTP/1.1
User-Agent: selenium/4.8.1 (java windows)
Cache-Control: no-cache
Content-Type: application/json; charset=utf-8
host: localhost:29491
accept: */*

Response DefaultHttpResponse(decodeResult: success, version: HTTP/1.1)
HTTP/1.1 200 OK
Content-Length: 54
Content-Type: application/json; charset=utf-8
cache-control: no-cache

10:39:45.253 [AsyncHttpClient-1-5] DEBUG org.asynchttpclient.netty.channel.ChannelManager - Adding key: http://localhost:29491 for channel [id: 0x5f414ff7, L:/127.0.0.1:55150 - R:localhost/127.0.0.1:29491]
10:39:45.261 [Forwarding getPageSource on session 002f0905674e70d0a2314659dd3a6389 to remote] DEBUG org.asynchttpclient.netty.request.NettyRequestSender - Using pooled Channel '[id: 0x5f414ff7, L:/127.0.0.1:55150 - R:localhost/127.0.0.1:29491]' for 'POST' to 'http://localhost:29491/session/002f0905674e70d0a2314659dd3a6389/execute/sync'
10:39:45.261 [Forwarding getPageSource on session 002f0905674e70d0a2314659dd3a6389 to remote] DEBUG org.asynchttpclient.netty.request.NettyRequestSender - Using open Channel [id: 0x5f414ff7, L:/127.0.0.1:55150 - R:localhost/127.0.0.1:29491] for POST '/session/002f0905674e70d0a2314659dd3a6389/execute/sync'
10:39:45.266 [AsyncHttpClient-1-5] DEBUG org.asynchttpclient.netty.handler.HttpHandler - 

Request DefaultHttpRequest(decodeResult: success, version: HTTP/1.1)
POST /session/002f0905674e70d0a2314659dd3a6389/execute/sync HTTP/1.1
User-Agent: selenium/4.8.1 (java windows)
Content-Length: 176
Content-Type: application/json; charset=utf-8
host: localhost:29491
accept: */*

Response DefaultHttpResponse(decodeResult: success, version: HTTP/1.1)
HTTP/1.1 200 OK
Content-Length: 22774
Content-Type: application/json; charset=utf-8
cache-control: no-cache

10:39:45.266 [AsyncHttpClient-1-5] DEBUG org.asynchttpclient.netty.channel.ChannelManager - Adding key: http://localhost:29491 for channel [id: 0x5f414ff7, L:/127.0.0.1:55150 - R:localhost/127.0.0.1:29491]
10:39:45.269 [Forwarding getCurrentUrl on session 002f0905674e70d0a2314659dd3a6389 to remote] DEBUG org.asynchttpclient.netty.request.NettyRequestSender - Using pooled Channel '[id: 0x5f414ff7, L:/127.0.0.1:55150 - R:localhost/127.0.0.1:29491]' for 'GET' to 'http://localhost:29491/session/002f0905674e70d0a2314659dd3a6389/url'
10:39:45.269 [Forwarding getCurrentUrl on session 002f0905674e70d0a2314659dd3a6389 to remote] DEBUG org.asynchttpclient.netty.request.NettyRequestSender - Using open Channel [id: 0x5f414ff7, L:/127.0.0.1:55150 - R:localhost/127.0.0.1:29491] for GET '/session/002f0905674e70d0a2314659dd3a6389/url'
10:39:45.272 [AsyncHttpClient-1-5] DEBUG org.asynchttpclient.netty.handler.HttpHandler - 

Request DefaultFullHttpRequest(decodeResult: success, version: HTTP/1.1, content: EmptyByteBufBE)
GET /session/002f0905674e70d0a2314659dd3a6389/url HTTP/1.1
User-Agent: selenium/4.8.1 (java windows)
Cache-Control: no-cache
Content-Type: application/json; charset=utf-8
host: localhost:29491
accept: */*

Response DefaultHttpResponse(decodeResult: success, version: HTTP/1.1)
HTTP/1.1 200 OK
Content-Length: 54
Content-Type: application/json; charset=utf-8
cache-control: no-cache

10:39:45.272 [AsyncHttpClient-1-5] DEBUG org.asynchttpclient.netty.channel.ChannelManager - Adding key: http://localhost:29491 for channel [id: 0x5f414ff7, L:/127.0.0.1:55150 - R:localhost/127.0.0.1:29491]
10:39:45.278 [main] DEBUG net.thucydides.core.steps.StepInterceptor - STARTING STEP: LoginSteps.alertContent - incorrectAlert
10:39:45.280 [Forwarding findElement on session 002f0905674e70d0a2314659dd3a6389 to remote] DEBUG org.asynchttpclient.netty.request.NettyRequestSender - Using pooled Channel '[id: 0x5f414ff7, L:/127.0.0.1:55150 - R:localhost/127.0.0.1:29491]' for 'POST' to 'http://localhost:29491/session/002f0905674e70d0a2314659dd3a6389/element'
10:39:45.280 [Forwarding findElement on session 002f0905674e70d0a2314659dd3a6389 to remote] DEBUG org.asynchttpclient.netty.request.NettyRequestSender - Using open Channel [id: 0x5f414ff7, L:/127.0.0.1:55150 - R:localhost/127.0.0.1:29491] for POST '/session/002f0905674e70d0a2314659dd3a6389/element'
10:39:45.355 [AsyncHttpClient-1-5] DEBUG org.asynchttpclient.netty.handler.HttpHandler - 

Request DefaultHttpRequest(decodeResult: success, version: HTTP/1.1)
POST /session/002f0905674e70d0a2314659dd3a6389/element HTTP/1.1
User-Agent: selenium/4.8.1 (java windows)
Content-Length: 54
Content-Type: application/json; charset=utf-8
host: localhost:29491
accept: */*

Response DefaultHttpResponse(decodeResult: success, version: HTTP/1.1)
HTTP/1.1 200 OK
Content-Length: 88
Content-Type: application/json; charset=utf-8
cache-control: no-cache

10:39:45.355 [AsyncHttpClient-1-5] DEBUG org.asynchttpclient.netty.channel.ChannelManager - Adding key: http://localhost:29491 for channel [id: 0x5f414ff7, L:/127.0.0.1:55150 - R:localhost/127.0.0.1:29491]
10:39:45.358 [Forwarding isElementDisplayed on session 002f0905674e70d0a2314659dd3a6389 to remote] DEBUG org.asynchttpclient.netty.request.NettyRequestSender - Using pooled Channel '[id: 0x5f414ff7, L:/127.0.0.1:55150 - R:localhost/127.0.0.1:29491]' for 'POST' to 'http://localhost:29491/session/002f0905674e70d0a2314659dd3a6389/execute/sync'
10:39:45.358 [Forwarding isElementDisplayed on session 002f0905674e70d0a2314659dd3a6389 to remote] DEBUG org.asynchttpclient.netty.request.NettyRequestSender - Using open Channel [id: 0x5f414ff7, L:/127.0.0.1:55150 - R:localhost/127.0.0.1:29491] for POST '/session/002f0905674e70d0a2314659dd3a6389/execute/sync'
10:39:45.368 [AsyncHttpClient-1-5] DEBUG org.asynchttpclient.netty.handler.HttpHandler - 

Request DefaultHttpRequest(decodeResult: success, version: HTTP/1.1)
POST /session/002f0905674e70d0a2314659dd3a6389/execute/sync HTTP/1.1
User-Agent: selenium/4.8.1 (java windows)
Content-Length: 48807
Content-Type: application/json; charset=utf-8
host: localhost:29491
accept: */*

Response DefaultHttpResponse(decodeResult: success, version: HTTP/1.1)
HTTP/1.1 200 OK
Content-Length: 14
Content-Type: application/json; charset=utf-8
cache-control: no-cache

10:39:45.368 [AsyncHttpClient-1-5] DEBUG org.asynchttpclient.netty.channel.ChannelManager - Adding key: http://localhost:29491 for channel [id: 0x5f414ff7, L:/127.0.0.1:55150 - R:localhost/127.0.0.1:29491]
10:39:45.371 [Forwarding getAlertText on session 002f0905674e70d0a2314659dd3a6389 to remote] DEBUG org.asynchttpclient.netty.request.NettyRequestSender - Using pooled Channel '[id: 0x5f414ff7, L:/127.0.0.1:55150 - R:localhost/127.0.0.1:29491]' for 'GET' to 'http://localhost:29491/session/002f0905674e70d0a2314659dd3a6389/alert/text'
10:39:45.371 [Forwarding getAlertText on session 002f0905674e70d0a2314659dd3a6389 to remote] DEBUG org.asynchttpclient.netty.request.NettyRequestSender - Using open Channel [id: 0x5f414ff7, L:/127.0.0.1:55150 - R:localhost/127.0.0.1:29491] for GET '/session/002f0905674e70d0a2314659dd3a6389/alert/text'
10:39:45.373 [AsyncHttpClient-1-5] DEBUG org.asynchttpclient.netty.handler.HttpHandler - 

Request DefaultFullHttpRequest(decodeResult: success, version: HTTP/1.1, content: EmptyByteBufBE)
GET /session/002f0905674e70d0a2314659dd3a6389/alert/text HTTP/1.1
User-Agent: selenium/4.8.1 (java windows)
Cache-Control: no-cache
Content-Type: application/json; charset=utf-8
host: localhost:29491
accept: */*

Response DefaultHttpResponse(decodeResult: success, version: HTTP/1.1)
HTTP/1.1 404 Not Found
Content-Length: 836
Content-Type: application/json; charset=utf-8
cache-control: no-cache

10:39:45.374 [AsyncHttpClient-1-5] DEBUG org.asynchttpclient.netty.channel.ChannelManager - Adding key: http://localhost:29491 for channel [id: 0x5f414ff7, L:/127.0.0.1:55150 - R:localhost/127.0.0.1:29491]
10:39:45.374 [Forwarding getCurrentUrl on session 002f0905674e70d0a2314659dd3a6389 to remote] DEBUG org.asynchttpclient.netty.request.NettyRequestSender - Using pooled Channel '[id: 0x5f414ff7, L:/127.0.0.1:55150 - R:localhost/127.0.0.1:29491]' for 'GET' to 'http://localhost:29491/session/002f0905674e70d0a2314659dd3a6389/url'
10:39:45.374 [Forwarding getCurrentUrl on session 002f0905674e70d0a2314659dd3a6389 to remote] DEBUG org.asynchttpclient.netty.request.NettyRequestSender - Using open Channel [id: 0x5f414ff7, L:/127.0.0.1:55150 - R:localhost/127.0.0.1:29491] for GET '/session/002f0905674e70d0a2314659dd3a6389/url'
10:39:45.377 [AsyncHttpClient-1-5] DEBUG org.asynchttpclient.netty.handler.HttpHandler - 

Request DefaultFullHttpRequest(decodeResult: success, version: HTTP/1.1, content: EmptyByteBufBE)
GET /session/002f0905674e70d0a2314659dd3a6389/url HTTP/1.1
User-Agent: selenium/4.8.1 (java windows)
Cache-Control: no-cache
Content-Type: application/json; charset=utf-8
host: localhost:29491
accept: */*

Response DefaultHttpResponse(decodeResult: success, version: HTTP/1.1)
HTTP/1.1 200 OK
Content-Length: 54
Content-Type: application/json; charset=utf-8
cache-control: no-cache

10:39:45.377 [AsyncHttpClient-1-5] DEBUG org.asynchttpclient.netty.channel.ChannelManager - Adding key: http://localhost:29491 for channel [id: 0x5f414ff7, L:/127.0.0.1:55150 - R:localhost/127.0.0.1:29491]
10:39:45.377 [Forwarding screenshot on session 002f0905674e70d0a2314659dd3a6389 to remote] DEBUG org.asynchttpclient.netty.request.NettyRequestSender - Using pooled Channel '[id: 0x5f414ff7, L:/127.0.0.1:55150 - R:localhost/127.0.0.1:29491]' for 'GET' to 'http://localhost:29491/session/002f0905674e70d0a2314659dd3a6389/screenshot'
10:39:45.378 [Forwarding screenshot on session 002f0905674e70d0a2314659dd3a6389 to remote] DEBUG org.asynchttpclient.netty.request.NettyRequestSender - Using open Channel [id: 0x5f414ff7, L:/127.0.0.1:55150 - R:localhost/127.0.0.1:29491] for GET '/session/002f0905674e70d0a2314659dd3a6389/screenshot'
10:39:45.471 [AsyncHttpClient-1-5] DEBUG org.asynchttpclient.netty.handler.HttpHandler - 

Request DefaultFullHttpRequest(decodeResult: success, version: HTTP/1.1, content: EmptyByteBufBE)
GET /session/002f0905674e70d0a2314659dd3a6389/screenshot HTTP/1.1
User-Agent: selenium/4.8.1 (java windows)
Cache-Control: no-cache
Content-Type: application/json; charset=utf-8
host: localhost:29491
accept: */*

Response DefaultHttpResponse(decodeResult: success, version: HTTP/1.1)
HTTP/1.1 200 OK
Content-Length: 35044
Content-Type: application/json; charset=utf-8
cache-control: no-cache

10:39:45.471 [AsyncHttpClient-1-5] DEBUG org.asynchttpclient.netty.channel.ChannelManager - Adding key: http://localhost:29491 for channel [id: 0x5f414ff7, L:/127.0.0.1:55150 - R:localhost/127.0.0.1:29491]
10:39:45.473 [main] DEBUG net.serenitybdd.core.photography.Darkroom - Send negative for processing for target\site\serenity\579b0d72f380d2192ce2da1baaf2028be28aa24ac73e44d485d280043986d52e.png
10:39:45.473 [main] DEBUG net.thucydides.core.steps.StepInterceptor - STEP DONE: incorrectAlert
  &amp#27;[32mThen &amp#27;[0m&amp#27;[32mI should see the error message&amp#27;[0m          &amp#27;[90m# starter.stepdefinitions.LoginSteps.alertContent()&amp#27;[0m
10:39:45.473 [Darkroom Processing Line] DEBUG net.serenitybdd.core.photography.DarkroomProcessingLine - Processing screenshot image in /var/screenshots/screenshot-11765576760601504708
10:39:45.473 [Darkroom Processing Line] DEBUG net.serenitybdd.core.photography.DarkroomProcessingLine - Saving screenshot to target\site\serenity\579b0d72f380d2192ce2da1baaf2028be28aa24ac73e44d485d280043986d52e.png
10:39:45.478 [main] INFO  - 
  _____   ___   ___   _____     ___     _     ___   ___   ___   ___  
 |_   _| | __| / __| |_   _|   | _ \   /_\   / __| / __| | __| |   \ 
   | |   | _|  \__ \   | |     |  _/  / _ \  \__ \ \__ \ | _|  | |) |
   |_|   |___| |___/   |_|     |_|   /_/ \_\ |___/ |___/ |___| |___/ 

Register without fill the fullname
----------------------------------------------------------------------
10:39:45.479 [AsyncHttpClient-1-7] DEBUG org.asynchttpclient.netty.handler.WebSocketHandler - Channel Closed: [id: 0xe8508e22, L:/127.0.0.1:55160 ! R:localhost/127.0.0.1:55151] with attribute NettyResponseFuture{currentRetry=0,
	isDone=1,
	isCancelled=0,
	asyncHandler=org.asynchttpclient.ws.WebSocketUpgradeHandler@310aee53,
	nettyRequest=org.asynchttpclient.netty.request.NettyRequest@74086616,
	future=java.util.concurrent.CompletableFuture@5bfc2e29[Completed normally],
	uri=ws://localhost:55151/devtools/browser/23585bec-8b48-4265-93f6-7ee6f96a9235,
	keepAlive=true,
	redirectCount=0,
	timeoutsHolder=null,
	inAuth=0,
	touch=1683430783200}
10:39:45.479 [Driver Command Executor] DEBUG org.asynchttpclient.netty.request.NettyRequestSender - Using pooled Channel '[id: 0x5f414ff7, L:/127.0.0.1:55150 - R:localhost/127.0.0.1:29491]' for 'DELETE' to 'http://localhost:29491/session/002f0905674e70d0a2314659dd3a6389'
10:39:45.479 [Driver Command Executor] DEBUG org.asynchttpclient.netty.request.NettyRequestSender - Using open Channel [id: 0x5f414ff7, L:/127.0.0.1:55150 - R:localhost/127.0.0.1:29491] for DELETE '/session/002f0905674e70d0a2314659dd3a6389'
10:39:45.480 [AsyncHttpClient-1-7] DEBUG org.asynchttpclient.netty.channel.ChannelManager - Closing Channel [id: 0xe8508e22, L:/127.0.0.1:55160 ! R:localhost/127.0.0.1:55151] 
10:39:45.528 [AsyncHttpClient-1-6] DEBUG org.asynchttpclient.netty.handler.HttpHandler - Unexpected I/O exception on channel [id: 0x1497038b, L:/127.0.0.1:55159 - R:localhost/127.0.0.1:55151]
java.net.SocketException: Connection reset
	at java.base/sun.nio.ch.SocketChannelImpl.throwConnectionReset(SocketChannelImpl.java:367)
	at java.base/sun.nio.ch.SocketChannelImpl.read(SocketChannelImpl.java:398)
	at io.netty.buffer.PooledByteBuf.setBytes(PooledByteBuf.java:259)
	at io.netty.buffer.AbstractByteBuf.writeBytes(AbstractByteBuf.java:1132)
	at io.netty.channel.socket.nio.NioSocketChannel.doReadBytes(NioSocketChannel.java:357)
	at io.netty.channel.nio.AbstractNioByteChannel$NioByteUnsafe.read(AbstractNioByteChannel.java:151)
	at io.netty.channel.nio.NioEventLoop.processSelectedKey(NioEventLoop.java:788)
	at io.netty.channel.nio.NioEventLoop.processSelectedKeysOptimized(NioEventLoop.java:724)
	at io.netty.channel.nio.NioEventLoop.processSelectedKeys(NioEventLoop.java:650)
	at io.netty.channel.nio.NioEventLoop.run(NioEventLoop.java:562)
	at io.netty.util.concurrent.SingleThreadEventExecutor$4.run(SingleThreadEventExecutor.java:997)
	at io.netty.util.internal.ThreadExecutorMap$2.run(ThreadExecutorMap.java:74)
	at io.netty.util.concurrent.FastThreadLocalRunnable.run(FastThreadLocalRunnable.java:30)
	at java.base/java.lang.Thread.run(Thread.java:832)
10:39:45.528 [AsyncHttpClient-1-6] DEBUG org.asynchttpclient.netty.channel.ChannelManager - Closing Channel [id: 0x1497038b, L:/127.0.0.1:55159 - R:localhost/127.0.0.1:55151] 
10:39:45.529 [AsyncHttpClient-1-6] DEBUG org.asynchttpclient.netty.handler.HttpHandler - Channel Closed: [id: 0x1497038b, L:/127.0.0.1:55159 ! R:localhost/127.0.0.1:55151] with attribute DISCARD
10:39:45.542 [AsyncHttpClient-1-5] DEBUG org.asynchttpclient.netty.handler.HttpHandler - 

Request DefaultFullHttpRequest(decodeResult: success, version: HTTP/1.1, content: EmptyByteBufBE)
DELETE /session/002f0905674e70d0a2314659dd3a6389 HTTP/1.1
User-Agent: selenium/4.8.1 (java windows)
Content-Type: application/json; charset=utf-8
host: localhost:29491
accept: */*

Response DefaultHttpResponse(decodeResult: success, version: HTTP/1.1)
HTTP/1.1 200 OK
Content-Length: 14
Content-Type: application/json; charset=utf-8
cache-control: no-cache

10:39:45.543 [AsyncHttpClient-1-5] DEBUG org.asynchttpclient.netty.channel.ChannelManager - Adding key: http://localhost:29491 for channel [id: 0x5f414ff7, L:/127.0.0.1:55150 - R:localhost/127.0.0.1:29491]
10:39:45.663 [AsyncHttpClient-1-5] DEBUG org.asynchttpclient.netty.handler.HttpHandler - Channel Closed: [id: 0x5f414ff7, L:/127.0.0.1:55150 ! R:localhost/127.0.0.1:29491] with attribute DISCARD
10:39:45.701 [AsyncHttpClient-1-1] DEBUG org.asynchttpclient.netty.channel.DefaultChannelPool - Entry count for : http://localhost:29491 : 1
10:39:45.701 [AsyncHttpClient-1-1] DEBUG org.asynchttpclient.netty.channel.DefaultChannelPool - Entry count for : http://localhost:55151 : 1
10:39:45.701 [AsyncHttpClient-1-1] DEBUG org.asynchttpclient.netty.channel.DefaultChannelPool - Adding Candidate expired Channel [id: 0x5f414ff7, L:/127.0.0.1:55150 ! R:localhost/127.0.0.1:29491] isIdleTimeoutExpired=false isRemotelyClosed=true isTtlExpired=false
10:39:45.701 [AsyncHttpClient-1-1] DEBUG org.asynchttpclient.netty.channel.DefaultChannelPool - Closing Idle Channel [id: 0x5f414ff7, L:/127.0.0.1:55150 ! R:localhost/127.0.0.1:29491]
10:39:45.701 [AsyncHttpClient-1-1] DEBUG org.asynchttpclient.netty.channel.DefaultChannelPool - Adding Candidate expired Channel [id: 0x1497038b, L:/127.0.0.1:55159 ! R:localhost/127.0.0.1:55151] isIdleTimeoutExpired=false isRemotelyClosed=true isTtlExpired=false
10:39:45.701 [AsyncHttpClient-1-1] DEBUG org.asynchttpclient.netty.channel.DefaultChannelPool - Closing Idle Channel [id: 0x1497038b, L:/127.0.0.1:55159 ! R:localhost/127.0.0.1:55151]
10:39:45.701 [AsyncHttpClient-1-1] DEBUG org.asynchttpclient.netty.channel.DefaultChannelPool - Closed 2 connections out of 2 in 0 ms
]]></system-out>
    <system-err><![CDATA[Starting ChromeDriver 111.0.5563.64 (c710e93d5b63b7095afe8c2c17df34408078439d-refs/branch-heads/5563@{#995}) on port 29491
Only local connections are allowed.
Please see https://chromedriver.chromium.org/security-considerations for suggestions on keeping ChromeDriver safe.
ChromeDriver was started successfully.
[1683430783.177][WARNING]: This version of ChromeDriver has not been tested with Chrome version 112.
May 07, 2023 10:39:43 AM org.openqa.selenium.devtools.CdpVersionFinder findNearestMatch
WARNING: Unable to find an exact match for CDP version 112, so returning the closest version found: 110
]]></system-err>
  </testcase>
  <testcase name="Register without fill the email" classname="Register to Alta-shop Account" time="9.599">
    <system-out><![CDATA[
Scenario: Register without fill the email   &amp#27;[90m# src/test/resources/features/1. Register.feature:25&amp#27;[0m
10:39:46.200 [main] DEBUG io.cucumber.core.plugin.SerenityReporter - Running feature from file:///C:/Users/WINDOWS%2010/Documents/GitHub/MiniProject_QE/Web/code/minpro/src/test/resources/features/1.%20Register.feature
10:39:46.202 [main] INFO  - 
  _____   ___   ___   _____     ___   _____     _     ___   _____   ___   ___  
 |_   _| | __| / __| |_   _|   / __| |_   _|   /_\   | _ \ |_   _| | __| |   \ 
   | |   | _|  \__ \   | |     \__ \   | |    / _ \  |   /   | |   | _|  | |) |
   |_|   |___| |___/   |_|     |___/   |_|   /_/ \_\ |_|_\   |_|   |___| |___/ 

Register without fill the email(register-to-alta-shop-account;register-without-fill-the-email)
--------------------------------------------------------------------------------
10:39:46.217 [main] DEBUG net.thucydides.core.steps.StepInterceptor - STARTING STEP: LoginSteps.onTheLoginPage - openPage
10:39:46.247 [main] INFO net.serenitybdd.core.webdriver.driverproviders.ChromeDriverProvider - Starting Chrome driver instance with capabilities:
10:39:46.247 [main] INFO net.serenitybdd.core.webdriver.driverproviders.ChromeDriverProvider - Capabilities {acceptInsecureCerts: false, browserName: chrome, goog:chromeOptions: {args: [remote-allow-origins=*], extensions: []}}
10:39:46.320 [AsyncHttpClient-1-8] DEBUG org.asynchttpclient.netty.channel.NettyConnectListener - Using new Channel '[id: 0x43aa9d62, L:/127.0.0.1:55180 - R:localhost/127.0.0.1:6090]' for 'POST' to '/session'
10:39:46.971 [AsyncHttpClient-1-8] DEBUG org.asynchttpclient.netty.handler.HttpHandler - 

Request DefaultHttpRequest(decodeResult: success, version: HTTP/1.1)
POST /session HTTP/1.1
User-Agent: selenium/4.8.1 (java windows)
Content-Length: 507
Content-Type: application/json; charset=utf-8
host: localhost:6090
accept: */*

Response DefaultHttpResponse(decodeResult: success, version: HTTP/1.1)
HTTP/1.1 200 OK
Content-Length: 862
Content-Type: application/json; charset=utf-8
cache-control: no-cache

10:39:46.971 [AsyncHttpClient-1-8] DEBUG org.asynchttpclient.netty.channel.ChannelManager - Adding key: http://localhost:6090 for channel [id: 0x43aa9d62, L:/127.0.0.1:55180 - R:localhost/127.0.0.1:6090]
10:39:46.978 [AsyncHttpClient-1-9] DEBUG org.asynchttpclient.netty.channel.NettyConnectListener - Using new Channel '[id: 0xa1077290, L:/127.0.0.1:55188 - R:localhost/127.0.0.1:55182]' for 'GET' to '/json/version'
10:39:46.980 [AsyncHttpClient-1-9] DEBUG org.asynchttpclient.netty.handler.HttpHandler - 

Request DefaultFullHttpRequest(decodeResult: success, version: HTTP/1.1, content: EmptyByteBufBE)
GET /json/version HTTP/1.1
User-Agent: selenium/4.8.1 (java windows)
host: localhost:55182
accept: */*

Response DefaultHttpResponse(decodeResult: success, version: HTTP/1.1)
HTTP/1.1 200 OK
Content-Security-Policy: frame-ancestors 'none'
Content-Length: 424
Content-Type: application/json; charset=UTF-8

10:39:46.980 [AsyncHttpClient-1-9] DEBUG org.asynchttpclient.netty.channel.ChannelManager - Adding key: http://localhost:55182 for channel [id: 0xa1077290, L:/127.0.0.1:55188 - R:localhost/127.0.0.1:55182]
10:39:46.982 [AsyncHttpClient-1-10] DEBUG org.asynchttpclient.netty.channel.NettyConnectListener - Using new Channel '[id: 0xd5e58046, L:/127.0.0.1:55189 - R:localhost/127.0.0.1:55182]' for 'GET' to '/devtools/browser/778bcb28-3262-4cbf-8075-bf070a9fa91b'
10:39:46.984 [AsyncHttpClient-1-10] DEBUG org.asynchttpclient.netty.handler.WebSocketHandler - 

Request DefaultFullHttpRequest(decodeResult: success, version: HTTP/1.1, content: EmptyByteBufBE)
GET /devtools/browser/778bcb28-3262-4cbf-8075-bf070a9fa91b HTTP/1.1
upgrade: websocket
connection: upgrade
sec-websocket-key: uj0PjJnQbIKJobQi6QNxzw==
sec-websocket-version: 13
origin: http://localhost:55182
host: localhost:55182
accept: */*
user-agent: AHC/2.1

Response DefaultHttpResponse(decodeResult: success, version: HTTP/1.1)
HTTP/1.1 101 WebSocket Protocol Handshake
Upgrade: WebSocket
Connection: Upgrade
Sec-WebSocket-Accept: 0fVFZn6qM4Lew8G+mLui2a4jGvo=

10:39:46.987 [Forwarding get on session 55e83e81e3030ee22c33f0dfcaaeee8e to remote] DEBUG org.asynchttpclient.netty.request.NettyRequestSender - Using pooled Channel '[id: 0x43aa9d62, L:/127.0.0.1:55180 - R:localhost/127.0.0.1:6090]' for 'POST' to 'http://localhost:6090/session/55e83e81e3030ee22c33f0dfcaaeee8e/url'
10:39:46.987 [Forwarding get on session 55e83e81e3030ee22c33f0dfcaaeee8e to remote] DEBUG org.asynchttpclient.netty.request.NettyRequestSender - Using open Channel [id: 0x43aa9d62, L:/127.0.0.1:55180 - R:localhost/127.0.0.1:6090] for POST '/session/55e83e81e3030ee22c33f0dfcaaeee8e/url'
10:39:47.901 [AsyncHttpClient-1-1] DEBUG org.asynchttpclient.netty.channel.DefaultChannelPool - Entry count for : http://localhost:55182 : 1
10:39:48.999 [AsyncHttpClient-1-1] DEBUG org.asynchttpclient.netty.channel.DefaultChannelPool - Entry count for : http://localhost:55182 : 1
10:39:50.101 [AsyncHttpClient-1-1] DEBUG org.asynchttpclient.netty.channel.DefaultChannelPool - Entry count for : http://localhost:55182 : 1
10:39:51.200 [AsyncHttpClient-1-1] DEBUG org.asynchttpclient.netty.channel.DefaultChannelPool - Entry count for : http://localhost:55182 : 1
10:39:52.301 [AsyncHttpClient-1-1] DEBUG org.asynchttpclient.netty.channel.DefaultChannelPool - Entry count for : http://localhost:55182 : 1
10:39:53.399 [AsyncHttpClient-1-1] DEBUG org.asynchttpclient.netty.channel.DefaultChannelPool - Entry count for : http://localhost:55182 : 1
10:39:53.543 [AsyncHttpClient-1-8] DEBUG org.asynchttpclient.netty.handler.HttpHandler - 

Request DefaultHttpRequest(decodeResult: success, version: HTTP/1.1)
POST /session/55e83e81e3030ee22c33f0dfcaaeee8e/url HTTP/1.1
User-Agent: selenium/4.8.1 (java windows)
Content-Length: 74
Content-Type: application/json; charset=utf-8
host: localhost:6090
accept: */*

Response DefaultHttpResponse(decodeResult: success, version: HTTP/1.1)
HTTP/1.1 200 OK
Content-Length: 14
Content-Type: application/json; charset=utf-8
cache-control: no-cache

10:39:53.543 [AsyncHttpClient-1-8] DEBUG org.asynchttpclient.netty.channel.ChannelManager - Adding key: http://localhost:6090 for channel [id: 0x43aa9d62, L:/127.0.0.1:55180 - R:localhost/127.0.0.1:6090]
10:39:53.544 [Forwarding setTimeout on session 55e83e81e3030ee22c33f0dfcaaeee8e to remote] DEBUG org.asynchttpclient.netty.request.NettyRequestSender - Using pooled Channel '[id: 0x43aa9d62, L:/127.0.0.1:55180 - R:localhost/127.0.0.1:6090]' for 'POST' to 'http://localhost:6090/session/55e83e81e3030ee22c33f0dfcaaeee8e/timeouts'
10:39:53.544 [Forwarding setTimeout on session 55e83e81e3030ee22c33f0dfcaaeee8e to remote] DEBUG org.asynchttpclient.netty.request.NettyRequestSender - Using open Channel [id: 0x43aa9d62, L:/127.0.0.1:55180 - R:localhost/127.0.0.1:6090] for POST '/session/55e83e81e3030ee22c33f0dfcaaeee8e/timeouts'
10:39:53.545 [AsyncHttpClient-1-8] DEBUG org.asynchttpclient.netty.handler.HttpHandler - 

Request DefaultHttpRequest(decodeResult: success, version: HTTP/1.1)
POST /session/55e83e81e3030ee22c33f0dfcaaeee8e/timeouts HTTP/1.1
User-Agent: selenium/4.8.1 (java windows)
Content-Length: 22
Content-Type: application/json; charset=utf-8
host: localhost:6090
accept: */*

Response DefaultHttpResponse(decodeResult: success, version: HTTP/1.1)
HTTP/1.1 200 OK
Content-Length: 14
Content-Type: application/json; charset=utf-8
cache-control: no-cache

10:39:53.545 [AsyncHttpClient-1-8] DEBUG org.asynchttpclient.netty.channel.ChannelManager - Adding key: http://localhost:6090 for channel [id: 0x43aa9d62, L:/127.0.0.1:55180 - R:localhost/127.0.0.1:6090]
10:39:53.549 [Forwarding getAlertText on session 55e83e81e3030ee22c33f0dfcaaeee8e to remote] DEBUG org.asynchttpclient.netty.request.NettyRequestSender - Using pooled Channel '[id: 0x43aa9d62, L:/127.0.0.1:55180 - R:localhost/127.0.0.1:6090]' for 'GET' to 'http://localhost:6090/session/55e83e81e3030ee22c33f0dfcaaeee8e/alert/text'
10:39:53.549 [Forwarding getAlertText on session 55e83e81e3030ee22c33f0dfcaaeee8e to remote] DEBUG org.asynchttpclient.netty.request.NettyRequestSender - Using open Channel [id: 0x43aa9d62, L:/127.0.0.1:55180 - R:localhost/127.0.0.1:6090] for GET '/session/55e83e81e3030ee22c33f0dfcaaeee8e/alert/text'
10:39:53.551 [AsyncHttpClient-1-8] DEBUG org.asynchttpclient.netty.handler.HttpHandler - 

Request DefaultFullHttpRequest(decodeResult: success, version: HTTP/1.1, content: EmptyByteBufBE)
GET /session/55e83e81e3030ee22c33f0dfcaaeee8e/alert/text HTTP/1.1
User-Agent: selenium/4.8.1 (java windows)
Cache-Control: no-cache
Content-Type: application/json; charset=utf-8
host: localhost:6090
accept: */*

Response DefaultHttpResponse(decodeResult: success, version: HTTP/1.1)
HTTP/1.1 404 Not Found
Content-Length: 836
Content-Type: application/json; charset=utf-8
cache-control: no-cache

10:39:53.551 [AsyncHttpClient-1-8] DEBUG org.asynchttpclient.netty.channel.ChannelManager - Adding key: http://localhost:6090 for channel [id: 0x43aa9d62, L:/127.0.0.1:55180 - R:localhost/127.0.0.1:6090]
10:39:53.552 [Forwarding getCurrentUrl on session 55e83e81e3030ee22c33f0dfcaaeee8e to remote] DEBUG org.asynchttpclient.netty.request.NettyRequestSender - Using pooled Channel '[id: 0x43aa9d62, L:/127.0.0.1:55180 - R:localhost/127.0.0.1:6090]' for 'GET' to 'http://localhost:6090/session/55e83e81e3030ee22c33f0dfcaaeee8e/url'
10:39:53.552 [Forwarding getCurrentUrl on session 55e83e81e3030ee22c33f0dfcaaeee8e to remote] DEBUG org.asynchttpclient.netty.request.NettyRequestSender - Using open Channel [id: 0x43aa9d62, L:/127.0.0.1:55180 - R:localhost/127.0.0.1:6090] for GET '/session/55e83e81e3030ee22c33f0dfcaaeee8e/url'
10:39:53.556 [AsyncHttpClient-1-8] DEBUG org.asynchttpclient.netty.handler.HttpHandler - 

Request DefaultFullHttpRequest(decodeResult: success, version: HTTP/1.1, content: EmptyByteBufBE)
GET /session/55e83e81e3030ee22c33f0dfcaaeee8e/url HTTP/1.1
User-Agent: selenium/4.8.1 (java windows)
Cache-Control: no-cache
Content-Type: application/json; charset=utf-8
host: localhost:6090
accept: */*

Response DefaultHttpResponse(decodeResult: success, version: HTTP/1.1)
HTTP/1.1 200 OK
Content-Length: 51
Content-Type: application/json; charset=utf-8
cache-control: no-cache

10:39:53.557 [AsyncHttpClient-1-8] DEBUG org.asynchttpclient.netty.channel.ChannelManager - Adding key: http://localhost:6090 for channel [id: 0x43aa9d62, L:/127.0.0.1:55180 - R:localhost/127.0.0.1:6090]
10:39:53.558 [Forwarding screenshot on session 55e83e81e3030ee22c33f0dfcaaeee8e to remote] DEBUG org.asynchttpclient.netty.request.NettyRequestSender - Using pooled Channel '[id: 0x43aa9d62, L:/127.0.0.1:55180 - R:localhost/127.0.0.1:6090]' for 'GET' to 'http://localhost:6090/session/55e83e81e3030ee22c33f0dfcaaeee8e/screenshot'
10:39:53.558 [Forwarding screenshot on session 55e83e81e3030ee22c33f0dfcaaeee8e to remote] DEBUG org.asynchttpclient.netty.request.NettyRequestSender - Using open Channel [id: 0x43aa9d62, L:/127.0.0.1:55180 - R:localhost/127.0.0.1:6090] for GET '/session/55e83e81e3030ee22c33f0dfcaaeee8e/screenshot'
10:39:53.637 [AsyncHttpClient-1-8] DEBUG org.asynchttpclient.netty.handler.HttpHandler - 

Request DefaultFullHttpRequest(decodeResult: success, version: HTTP/1.1, content: EmptyByteBufBE)
GET /session/55e83e81e3030ee22c33f0dfcaaeee8e/screenshot HTTP/1.1
User-Agent: selenium/4.8.1 (java windows)
Cache-Control: no-cache
Content-Type: application/json; charset=utf-8
host: localhost:6090
accept: */*

Response DefaultHttpResponse(decodeResult: success, version: HTTP/1.1)
HTTP/1.1 200 OK
Content-Length: 25208
Content-Type: application/json; charset=utf-8
cache-control: no-cache

10:39:53.638 [AsyncHttpClient-1-8] DEBUG org.asynchttpclient.netty.channel.ChannelManager - Adding key: http://localhost:6090 for channel [id: 0x43aa9d62, L:/127.0.0.1:55180 - R:localhost/127.0.0.1:6090]
10:39:53.640 [main] DEBUG net.serenitybdd.core.photography.Darkroom - Send negative for processing for target\site\serenity\edb14d4aab401efa0e4fb99861e6ffcafebc86a67b69f7828890b9910ed2ddbd.png
10:39:53.640 [main] DEBUG net.thucydides.core.steps.StepInterceptor - STEP DONE: openPage
  &amp#27;[32mGiven &amp#27;[0m&amp#27;[32mI am on the alta-shop login page&amp#27;[0m    &amp#27;[90m# starter.stepdefinitions.LoginSteps.onTheLoginPage()&amp#27;[0m
10:39:53.645 [Forwarding getPageSource on session 55e83e81e3030ee22c33f0dfcaaeee8e to remote] DEBUG org.asynchttpclient.netty.request.NettyRequestSender - Using pooled Channel '[id: 0x43aa9d62, L:/127.0.0.1:55180 - R:localhost/127.0.0.1:6090]' for 'POST' to 'http://localhost:6090/session/55e83e81e3030ee22c33f0dfcaaeee8e/execute/sync'
10:39:53.645 [Forwarding getPageSource on session 55e83e81e3030ee22c33f0dfcaaeee8e to remote] DEBUG org.asynchttpclient.netty.request.NettyRequestSender - Using open Channel [id: 0x43aa9d62, L:/127.0.0.1:55180 - R:localhost/127.0.0.1:6090] for POST '/session/55e83e81e3030ee22c33f0dfcaaeee8e/execute/sync'
10:39:53.651 [AsyncHttpClient-1-8] DEBUG org.asynchttpclient.netty.handler.HttpHandler - 

Request DefaultHttpRequest(decodeResult: success, version: HTTP/1.1)
POST /session/55e83e81e3030ee22c33f0dfcaaeee8e/execute/sync HTTP/1.1
User-Agent: selenium/4.8.1 (java windows)
Content-Length: 176
Content-Type: application/json; charset=utf-8
host: localhost:6090
accept: */*

Response DefaultHttpResponse(decodeResult: success, version: HTTP/1.1)
HTTP/1.1 200 OK
Content-Length: 21659
Content-Type: application/json; charset=utf-8
cache-control: no-cache

10:39:53.651 [AsyncHttpClient-1-8] DEBUG org.asynchttpclient.netty.channel.ChannelManager - Adding key: http://localhost:6090 for channel [id: 0x43aa9d62, L:/127.0.0.1:55180 - R:localhost/127.0.0.1:6090]
10:39:53.653 [Forwarding getCurrentUrl on session 55e83e81e3030ee22c33f0dfcaaeee8e to remote] DEBUG org.asynchttpclient.netty.request.NettyRequestSender - Using pooled Channel '[id: 0x43aa9d62, L:/127.0.0.1:55180 - R:localhost/127.0.0.1:6090]' for 'GET' to 'http://localhost:6090/session/55e83e81e3030ee22c33f0dfcaaeee8e/url'
10:39:53.653 [Forwarding getCurrentUrl on session 55e83e81e3030ee22c33f0dfcaaeee8e to remote] DEBUG org.asynchttpclient.netty.request.NettyRequestSender - Using open Channel [id: 0x43aa9d62, L:/127.0.0.1:55180 - R:localhost/127.0.0.1:6090] for GET '/session/55e83e81e3030ee22c33f0dfcaaeee8e/url'
10:39:53.656 [AsyncHttpClient-1-8] DEBUG org.asynchttpclient.netty.handler.HttpHandler - 

Request DefaultFullHttpRequest(decodeResult: success, version: HTTP/1.1, content: EmptyByteBufBE)
GET /session/55e83e81e3030ee22c33f0dfcaaeee8e/url HTTP/1.1
User-Agent: selenium/4.8.1 (java windows)
Cache-Control: no-cache
Content-Type: application/json; charset=utf-8
host: localhost:6090
accept: */*

Response DefaultHttpResponse(decodeResult: success, version: HTTP/1.1)
HTTP/1.1 200 OK
Content-Length: 51
Content-Type: application/json; charset=utf-8
cache-control: no-cache

10:39:53.656 [AsyncHttpClient-1-8] DEBUG org.asynchttpclient.netty.channel.ChannelManager - Adding key: http://localhost:6090 for channel [id: 0x43aa9d62, L:/127.0.0.1:55180 - R:localhost/127.0.0.1:6090]
10:39:53.669 [Forwarding getPageSource on session 55e83e81e3030ee22c33f0dfcaaeee8e to remote] DEBUG org.asynchttpclient.netty.request.NettyRequestSender - Using pooled Channel '[id: 0x43aa9d62, L:/127.0.0.1:55180 - R:localhost/127.0.0.1:6090]' for 'POST' to 'http://localhost:6090/session/55e83e81e3030ee22c33f0dfcaaeee8e/execute/sync'
10:39:53.669 [Forwarding getPageSource on session 55e83e81e3030ee22c33f0dfcaaeee8e to remote] DEBUG org.asynchttpclient.netty.request.NettyRequestSender - Using open Channel [id: 0x43aa9d62, L:/127.0.0.1:55180 - R:localhost/127.0.0.1:6090] for POST '/session/55e83e81e3030ee22c33f0dfcaaeee8e/execute/sync'
10:39:53.673 [AsyncHttpClient-1-8] DEBUG org.asynchttpclient.netty.handler.HttpHandler - 

Request DefaultHttpRequest(decodeResult: success, version: HTTP/1.1)
POST /session/55e83e81e3030ee22c33f0dfcaaeee8e/execute/sync HTTP/1.1
User-Agent: selenium/4.8.1 (java windows)
Content-Length: 176
Content-Type: application/json; charset=utf-8
host: localhost:6090
accept: */*

Response DefaultHttpResponse(decodeResult: success, version: HTTP/1.1)
HTTP/1.1 200 OK
Content-Length: 21659
Content-Type: application/json; charset=utf-8
cache-control: no-cache

10:39:53.674 [AsyncHttpClient-1-8] DEBUG org.asynchttpclient.netty.channel.ChannelManager - Adding key: http://localhost:6090 for channel [id: 0x43aa9d62, L:/127.0.0.1:55180 - R:localhost/127.0.0.1:6090]
10:39:53.676 [Forwarding getCurrentUrl on session 55e83e81e3030ee22c33f0dfcaaeee8e to remote] DEBUG org.asynchttpclient.netty.request.NettyRequestSender - Using pooled Channel '[id: 0x43aa9d62, L:/127.0.0.1:55180 - R:localhost/127.0.0.1:6090]' for 'GET' to 'http://localhost:6090/session/55e83e81e3030ee22c33f0dfcaaeee8e/url'
10:39:53.676 [Forwarding getCurrentUrl on session 55e83e81e3030ee22c33f0dfcaaeee8e to remote] DEBUG org.asynchttpclient.netty.request.NettyRequestSender - Using open Channel [id: 0x43aa9d62, L:/127.0.0.1:55180 - R:localhost/127.0.0.1:6090] for GET '/session/55e83e81e3030ee22c33f0dfcaaeee8e/url'
10:39:53.680 [AsyncHttpClient-1-8] DEBUG org.asynchttpclient.netty.handler.HttpHandler - 

Request DefaultFullHttpRequest(decodeResult: success, version: HTTP/1.1, content: EmptyByteBufBE)
GET /session/55e83e81e3030ee22c33f0dfcaaeee8e/url HTTP/1.1
User-Agent: selenium/4.8.1 (java windows)
Cache-Control: no-cache
Content-Type: application/json; charset=utf-8
host: localhost:6090
accept: */*

Response DefaultHttpResponse(decodeResult: success, version: HTTP/1.1)
HTTP/1.1 200 OK
Content-Length: 51
Content-Type: application/json; charset=utf-8
cache-control: no-cache

10:39:53.680 [AsyncHttpClient-1-8] DEBUG org.asynchttpclient.netty.channel.ChannelManager - Adding key: http://localhost:6090 for channel [id: 0x43aa9d62, L:/127.0.0.1:55180 - R:localhost/127.0.0.1:6090]
10:39:53.682 [main] DEBUG net.thucydides.core.steps.StepInterceptor - STARTING STEP: RegisterSteps.clickLoginButton - clickRegisterLink
10:39:53.683 [Forwarding findElement on session 55e83e81e3030ee22c33f0dfcaaeee8e to remote] DEBUG org.asynchttpclient.netty.request.NettyRequestSender - Using pooled Channel '[id: 0x43aa9d62, L:/127.0.0.1:55180 - R:localhost/127.0.0.1:6090]' for 'POST' to 'http://localhost:6090/session/55e83e81e3030ee22c33f0dfcaaeee8e/element'
10:39:53.683 [Forwarding findElement on session 55e83e81e3030ee22c33f0dfcaaeee8e to remote] DEBUG org.asynchttpclient.netty.request.NettyRequestSender - Using open Channel [id: 0x43aa9d62, L:/127.0.0.1:55180 - R:localhost/127.0.0.1:6090] for POST '/session/55e83e81e3030ee22c33f0dfcaaeee8e/element'
10:39:53.693 [AsyncHttpClient-1-8] DEBUG org.asynchttpclient.netty.handler.HttpHandler - 

Request DefaultHttpRequest(decodeResult: success, version: HTTP/1.1)
POST /session/55e83e81e3030ee22c33f0dfcaaeee8e/element HTTP/1.1
User-Agent: selenium/4.8.1 (java windows)
Content-Length: 84
Content-Type: application/json; charset=utf-8
host: localhost:6090
accept: */*

Response DefaultHttpResponse(decodeResult: success, version: HTTP/1.1)
HTTP/1.1 200 OK
Content-Length: 88
Content-Type: application/json; charset=utf-8
cache-control: no-cache

10:39:53.693 [AsyncHttpClient-1-8] DEBUG org.asynchttpclient.netty.channel.ChannelManager - Adding key: http://localhost:6090 for channel [id: 0x43aa9d62, L:/127.0.0.1:55180 - R:localhost/127.0.0.1:6090]
10:39:53.694 [Forwarding getElementTagName on session 55e83e81e3030ee22c33f0dfcaaeee8e to remote] DEBUG org.asynchttpclient.netty.request.NettyRequestSender - Using pooled Channel '[id: 0x43aa9d62, L:/127.0.0.1:55180 - R:localhost/127.0.0.1:6090]' for 'GET' to 'http://localhost:6090/session/55e83e81e3030ee22c33f0dfcaaeee8e/element/eea7de67-dd54-49a3-94bc-61f7c6f67376/name'
10:39:53.694 [Forwarding getElementTagName on session 55e83e81e3030ee22c33f0dfcaaeee8e to remote] DEBUG org.asynchttpclient.netty.request.NettyRequestSender - Using open Channel [id: 0x43aa9d62, L:/127.0.0.1:55180 - R:localhost/127.0.0.1:6090] for GET '/session/55e83e81e3030ee22c33f0dfcaaeee8e/element/eea7de67-dd54-49a3-94bc-61f7c6f67376/name'
10:39:53.697 [AsyncHttpClient-1-8] DEBUG org.asynchttpclient.netty.handler.HttpHandler - 

Request DefaultFullHttpRequest(decodeResult: success, version: HTTP/1.1, content: EmptyByteBufBE)
GET /session/55e83e81e3030ee22c33f0dfcaaeee8e/element/eea7de67-dd54-49a3-94bc-61f7c6f67376/name HTTP/1.1
User-Agent: selenium/4.8.1 (java windows)
Cache-Control: no-cache
Content-Type: application/json; charset=utf-8
host: localhost:6090
accept: */*

Response DefaultHttpResponse(decodeResult: success, version: HTTP/1.1)
HTTP/1.1 200 OK
Content-Length: 13
Content-Type: application/json; charset=utf-8
cache-control: no-cache

10:39:53.697 [AsyncHttpClient-1-8] DEBUG org.asynchttpclient.netty.channel.ChannelManager - Adding key: http://localhost:6090 for channel [id: 0x43aa9d62, L:/127.0.0.1:55180 - R:localhost/127.0.0.1:6090]
10:39:53.698 [Forwarding getElementTagName on session 55e83e81e3030ee22c33f0dfcaaeee8e to remote] DEBUG org.asynchttpclient.netty.request.NettyRequestSender - Using pooled Channel '[id: 0x43aa9d62, L:/127.0.0.1:55180 - R:localhost/127.0.0.1:6090]' for 'GET' to 'http://localhost:6090/session/55e83e81e3030ee22c33f0dfcaaeee8e/element/eea7de67-dd54-49a3-94bc-61f7c6f67376/name'
10:39:53.698 [Forwarding getElementTagName on session 55e83e81e3030ee22c33f0dfcaaeee8e to remote] DEBUG org.asynchttpclient.netty.request.NettyRequestSender - Using open Channel [id: 0x43aa9d62, L:/127.0.0.1:55180 - R:localhost/127.0.0.1:6090] for GET '/session/55e83e81e3030ee22c33f0dfcaaeee8e/element/eea7de67-dd54-49a3-94bc-61f7c6f67376/name'
10:39:53.700 [AsyncHttpClient-1-8] DEBUG org.asynchttpclient.netty.handler.HttpHandler - 

Request DefaultFullHttpRequest(decodeResult: success, version: HTTP/1.1, content: EmptyByteBufBE)
GET /session/55e83e81e3030ee22c33f0dfcaaeee8e/element/eea7de67-dd54-49a3-94bc-61f7c6f67376/name HTTP/1.1
User-Agent: selenium/4.8.1 (java windows)
Cache-Control: no-cache
Content-Type: application/json; charset=utf-8
host: localhost:6090
accept: */*

Response DefaultHttpResponse(decodeResult: success, version: HTTP/1.1)
HTTP/1.1 200 OK
Content-Length: 13
Content-Type: application/json; charset=utf-8
cache-control: no-cache

10:39:53.700 [AsyncHttpClient-1-8] DEBUG org.asynchttpclient.netty.channel.ChannelManager - Adding key: http://localhost:6090 for channel [id: 0x43aa9d62, L:/127.0.0.1:55180 - R:localhost/127.0.0.1:6090]
10:39:53.702 [Forwarding findElement on session 55e83e81e3030ee22c33f0dfcaaeee8e to remote] DEBUG org.asynchttpclient.netty.request.NettyRequestSender - Using pooled Channel '[id: 0x43aa9d62, L:/127.0.0.1:55180 - R:localhost/127.0.0.1:6090]' for 'POST' to 'http://localhost:6090/session/55e83e81e3030ee22c33f0dfcaaeee8e/element'
10:39:53.702 [Forwarding findElement on session 55e83e81e3030ee22c33f0dfcaaeee8e to remote] DEBUG org.asynchttpclient.netty.request.NettyRequestSender - Using open Channel [id: 0x43aa9d62, L:/127.0.0.1:55180 - R:localhost/127.0.0.1:6090] for POST '/session/55e83e81e3030ee22c33f0dfcaaeee8e/element'
10:39:53.706 [AsyncHttpClient-1-8] DEBUG org.asynchttpclient.netty.handler.HttpHandler - 

Request DefaultHttpRequest(decodeResult: success, version: HTTP/1.1)
POST /session/55e83e81e3030ee22c33f0dfcaaeee8e/element HTTP/1.1
User-Agent: selenium/4.8.1 (java windows)
Content-Length: 84
Content-Type: application/json; charset=utf-8
host: localhost:6090
accept: */*

Response DefaultHttpResponse(decodeResult: success, version: HTTP/1.1)
HTTP/1.1 200 OK
Content-Length: 88
Content-Type: application/json; charset=utf-8
cache-control: no-cache

10:39:53.706 [AsyncHttpClient-1-8] DEBUG org.asynchttpclient.netty.channel.ChannelManager - Adding key: http://localhost:6090 for channel [id: 0x43aa9d62, L:/127.0.0.1:55180 - R:localhost/127.0.0.1:6090]
10:39:53.707 [Forwarding clickElement on session 55e83e81e3030ee22c33f0dfcaaeee8e to remote] DEBUG org.asynchttpclient.netty.request.NettyRequestSender - Using pooled Channel '[id: 0x43aa9d62, L:/127.0.0.1:55180 - R:localhost/127.0.0.1:6090]' for 'POST' to 'http://localhost:6090/session/55e83e81e3030ee22c33f0dfcaaeee8e/element/eea7de67-dd54-49a3-94bc-61f7c6f67376/click'
10:39:53.707 [Forwarding clickElement on session 55e83e81e3030ee22c33f0dfcaaeee8e to remote] DEBUG org.asynchttpclient.netty.request.NettyRequestSender - Using open Channel [id: 0x43aa9d62, L:/127.0.0.1:55180 - R:localhost/127.0.0.1:6090] for POST '/session/55e83e81e3030ee22c33f0dfcaaeee8e/element/eea7de67-dd54-49a3-94bc-61f7c6f67376/click'
10:39:53.743 [AsyncHttpClient-1-8] DEBUG org.asynchttpclient.netty.handler.HttpHandler - 

Request DefaultHttpRequest(decodeResult: success, version: HTTP/1.1)
POST /session/55e83e81e3030ee22c33f0dfcaaeee8e/element/eea7de67-dd54-49a3-94bc-61f7c6f67376/click HTTP/1.1
User-Agent: selenium/4.8.1 (java windows)
Content-Length: 50
Content-Type: application/json; charset=utf-8
host: localhost:6090
accept: */*

Response DefaultHttpResponse(decodeResult: success, version: HTTP/1.1)
HTTP/1.1 200 OK
Content-Length: 14
Content-Type: application/json; charset=utf-8
cache-control: no-cache

10:39:53.743 [AsyncHttpClient-1-8] DEBUG org.asynchttpclient.netty.channel.ChannelManager - Adding key: http://localhost:6090 for channel [id: 0x43aa9d62, L:/127.0.0.1:55180 - R:localhost/127.0.0.1:6090]
10:39:53.747 [Forwarding getAlertText on session 55e83e81e3030ee22c33f0dfcaaeee8e to remote] DEBUG org.asynchttpclient.netty.request.NettyRequestSender - Using pooled Channel '[id: 0x43aa9d62, L:/127.0.0.1:55180 - R:localhost/127.0.0.1:6090]' for 'GET' to 'http://localhost:6090/session/55e83e81e3030ee22c33f0dfcaaeee8e/alert/text'
10:39:53.747 [Forwarding getAlertText on session 55e83e81e3030ee22c33f0dfcaaeee8e to remote] DEBUG org.asynchttpclient.netty.request.NettyRequestSender - Using open Channel [id: 0x43aa9d62, L:/127.0.0.1:55180 - R:localhost/127.0.0.1:6090] for GET '/session/55e83e81e3030ee22c33f0dfcaaeee8e/alert/text'
10:39:53.748 [AsyncHttpClient-1-8] DEBUG org.asynchttpclient.netty.handler.HttpHandler - 

Request DefaultFullHttpRequest(decodeResult: success, version: HTTP/1.1, content: EmptyByteBufBE)
GET /session/55e83e81e3030ee22c33f0dfcaaeee8e/alert/text HTTP/1.1
User-Agent: selenium/4.8.1 (java windows)
Cache-Control: no-cache
Content-Type: application/json; charset=utf-8
host: localhost:6090
accept: */*

Response DefaultHttpResponse(decodeResult: success, version: HTTP/1.1)
HTTP/1.1 404 Not Found
Content-Length: 836
Content-Type: application/json; charset=utf-8
cache-control: no-cache

10:39:53.749 [AsyncHttpClient-1-8] DEBUG org.asynchttpclient.netty.channel.ChannelManager - Adding key: http://localhost:6090 for channel [id: 0x43aa9d62, L:/127.0.0.1:55180 - R:localhost/127.0.0.1:6090]
10:39:53.750 [Forwarding getCurrentUrl on session 55e83e81e3030ee22c33f0dfcaaeee8e to remote] DEBUG org.asynchttpclient.netty.request.NettyRequestSender - Using pooled Channel '[id: 0x43aa9d62, L:/127.0.0.1:55180 - R:localhost/127.0.0.1:6090]' for 'GET' to 'http://localhost:6090/session/55e83e81e3030ee22c33f0dfcaaeee8e/url'
10:39:53.750 [Forwarding getCurrentUrl on session 55e83e81e3030ee22c33f0dfcaaeee8e to remote] DEBUG org.asynchttpclient.netty.request.NettyRequestSender - Using open Channel [id: 0x43aa9d62, L:/127.0.0.1:55180 - R:localhost/127.0.0.1:6090] for GET '/session/55e83e81e3030ee22c33f0dfcaaeee8e/url'
10:39:53.754 [AsyncHttpClient-1-8] DEBUG org.asynchttpclient.netty.handler.HttpHandler - 

Request DefaultFullHttpRequest(decodeResult: success, version: HTTP/1.1, content: EmptyByteBufBE)
GET /session/55e83e81e3030ee22c33f0dfcaaeee8e/url HTTP/1.1
User-Agent: selenium/4.8.1 (java windows)
Cache-Control: no-cache
Content-Type: application/json; charset=utf-8
host: localhost:6090
accept: */*

Response DefaultHttpResponse(decodeResult: success, version: HTTP/1.1)
HTTP/1.1 200 OK
Content-Length: 54
Content-Type: application/json; charset=utf-8
cache-control: no-cache

10:39:53.754 [AsyncHttpClient-1-8] DEBUG org.asynchttpclient.netty.channel.ChannelManager - Adding key: http://localhost:6090 for channel [id: 0x43aa9d62, L:/127.0.0.1:55180 - R:localhost/127.0.0.1:6090]
10:39:53.755 [Forwarding screenshot on session 55e83e81e3030ee22c33f0dfcaaeee8e to remote] DEBUG org.asynchttpclient.netty.request.NettyRequestSender - Using pooled Channel '[id: 0x43aa9d62, L:/127.0.0.1:55180 - R:localhost/127.0.0.1:6090]' for 'GET' to 'http://localhost:6090/session/55e83e81e3030ee22c33f0dfcaaeee8e/screenshot'
10:39:53.755 [Forwarding screenshot on session 55e83e81e3030ee22c33f0dfcaaeee8e to remote] DEBUG org.asynchttpclient.netty.request.NettyRequestSender - Using open Channel [id: 0x43aa9d62, L:/127.0.0.1:55180 - R:localhost/127.0.0.1:6090] for GET '/session/55e83e81e3030ee22c33f0dfcaaeee8e/screenshot'
10:39:53.858 [AsyncHttpClient-1-8] DEBUG org.asynchttpclient.netty.handler.HttpHandler - 

Request DefaultFullHttpRequest(decodeResult: success, version: HTTP/1.1, content: EmptyByteBufBE)
GET /session/55e83e81e3030ee22c33f0dfcaaeee8e/screenshot HTTP/1.1
User-Agent: selenium/4.8.1 (java windows)
Cache-Control: no-cache
Content-Type: application/json; charset=utf-8
host: localhost:6090
accept: */*

Response DefaultHttpResponse(decodeResult: success, version: HTTP/1.1)
HTTP/1.1 200 OK
Content-Length: 30336
Content-Type: application/json; charset=utf-8
cache-control: no-cache

10:39:53.858 [AsyncHttpClient-1-8] DEBUG org.asynchttpclient.netty.channel.ChannelManager - Adding key: http://localhost:6090 for channel [id: 0x43aa9d62, L:/127.0.0.1:55180 - R:localhost/127.0.0.1:6090]
10:39:53.859 [main] DEBUG net.serenitybdd.core.photography.Darkroom - Send negative for processing for target\site\serenity\b79624a3672642259880ea4a99d5ec53d543d0110c4be127f0bae50e4b18b0c2.png
10:39:53.860 [main] DEBUG net.thucydides.core.steps.StepInterceptor - STEP DONE: clickRegisterLink
  &amp#27;[32mWhen &amp#27;[0m&amp#27;[32mI go to the alta-shop register page&amp#27;[0m  &amp#27;[90m# starter.stepdefinitions.RegisterSteps.clickLoginButton()&amp#27;[0m
10:39:53.866 [Forwarding getPageSource on session 55e83e81e3030ee22c33f0dfcaaeee8e to remote] DEBUG org.asynchttpclient.netty.request.NettyRequestSender - Using pooled Channel '[id: 0x43aa9d62, L:/127.0.0.1:55180 - R:localhost/127.0.0.1:6090]' for 'POST' to 'http://localhost:6090/session/55e83e81e3030ee22c33f0dfcaaeee8e/execute/sync'
10:39:53.866 [Forwarding getPageSource on session 55e83e81e3030ee22c33f0dfcaaeee8e to remote] DEBUG org.asynchttpclient.netty.request.NettyRequestSender - Using open Channel [id: 0x43aa9d62, L:/127.0.0.1:55180 - R:localhost/127.0.0.1:6090] for POST '/session/55e83e81e3030ee22c33f0dfcaaeee8e/execute/sync'
10:39:53.869 [AsyncHttpClient-1-8] DEBUG org.asynchttpclient.netty.handler.HttpHandler - 

Request DefaultHttpRequest(decodeResult: success, version: HTTP/1.1)
POST /session/55e83e81e3030ee22c33f0dfcaaeee8e/execute/sync HTTP/1.1
User-Agent: selenium/4.8.1 (java windows)
Content-Length: 176
Content-Type: application/json; charset=utf-8
host: localhost:6090
accept: */*

Response DefaultHttpResponse(decodeResult: success, version: HTTP/1.1)
HTTP/1.1 200 OK
Content-Length: 22314
Content-Type: application/json; charset=utf-8
cache-control: no-cache

10:39:53.870 [AsyncHttpClient-1-8] DEBUG org.asynchttpclient.netty.channel.ChannelManager - Adding key: http://localhost:6090 for channel [id: 0x43aa9d62, L:/127.0.0.1:55180 - R:localhost/127.0.0.1:6090]
10:39:53.875 [Forwarding getCurrentUrl on session 55e83e81e3030ee22c33f0dfcaaeee8e to remote] DEBUG org.asynchttpclient.netty.request.NettyRequestSender - Using pooled Channel '[id: 0x43aa9d62, L:/127.0.0.1:55180 - R:localhost/127.0.0.1:6090]' for 'GET' to 'http://localhost:6090/session/55e83e81e3030ee22c33f0dfcaaeee8e/url'
10:39:53.875 [Forwarding getCurrentUrl on session 55e83e81e3030ee22c33f0dfcaaeee8e to remote] DEBUG org.asynchttpclient.netty.request.NettyRequestSender - Using open Channel [id: 0x43aa9d62, L:/127.0.0.1:55180 - R:localhost/127.0.0.1:6090] for GET '/session/55e83e81e3030ee22c33f0dfcaaeee8e/url'
10:39:53.878 [AsyncHttpClient-1-8] DEBUG org.asynchttpclient.netty.handler.HttpHandler - 

Request DefaultFullHttpRequest(decodeResult: success, version: HTTP/1.1, content: EmptyByteBufBE)
GET /session/55e83e81e3030ee22c33f0dfcaaeee8e/url HTTP/1.1
User-Agent: selenium/4.8.1 (java windows)
Cache-Control: no-cache
Content-Type: application/json; charset=utf-8
host: localhost:6090
accept: */*

Response DefaultHttpResponse(decodeResult: success, version: HTTP/1.1)
HTTP/1.1 200 OK
Content-Length: 54
Content-Type: application/json; charset=utf-8
cache-control: no-cache

10:39:53.878 [AsyncHttpClient-1-8] DEBUG org.asynchttpclient.netty.channel.ChannelManager - Adding key: http://localhost:6090 for channel [id: 0x43aa9d62, L:/127.0.0.1:55180 - R:localhost/127.0.0.1:6090]
10:39:53.884 [Forwarding getPageSource on session 55e83e81e3030ee22c33f0dfcaaeee8e to remote] DEBUG org.asynchttpclient.netty.request.NettyRequestSender - Using pooled Channel '[id: 0x43aa9d62, L:/127.0.0.1:55180 - R:localhost/127.0.0.1:6090]' for 'POST' to 'http://localhost:6090/session/55e83e81e3030ee22c33f0dfcaaeee8e/execute/sync'
10:39:53.884 [Forwarding getPageSource on session 55e83e81e3030ee22c33f0dfcaaeee8e to remote] DEBUG org.asynchttpclient.netty.request.NettyRequestSender - Using open Channel [id: 0x43aa9d62, L:/127.0.0.1:55180 - R:localhost/127.0.0.1:6090] for POST '/session/55e83e81e3030ee22c33f0dfcaaeee8e/execute/sync'
10:39:53.887 [AsyncHttpClient-1-8] DEBUG org.asynchttpclient.netty.handler.HttpHandler - 

Request DefaultHttpRequest(decodeResult: success, version: HTTP/1.1)
POST /session/55e83e81e3030ee22c33f0dfcaaeee8e/execute/sync HTTP/1.1
User-Agent: selenium/4.8.1 (java windows)
Content-Length: 176
Content-Type: application/json; charset=utf-8
host: localhost:6090
accept: */*

Response DefaultHttpResponse(decodeResult: success, version: HTTP/1.1)
HTTP/1.1 200 OK
Content-Length: 22314
Content-Type: application/json; charset=utf-8
cache-control: no-cache

10:39:53.887 [AsyncHttpClient-1-8] DEBUG org.asynchttpclient.netty.channel.ChannelManager - Adding key: http://localhost:6090 for channel [id: 0x43aa9d62, L:/127.0.0.1:55180 - R:localhost/127.0.0.1:6090]
10:39:53.889 [Forwarding getCurrentUrl on session 55e83e81e3030ee22c33f0dfcaaeee8e to remote] DEBUG org.asynchttpclient.netty.request.NettyRequestSender - Using pooled Channel '[id: 0x43aa9d62, L:/127.0.0.1:55180 - R:localhost/127.0.0.1:6090]' for 'GET' to 'http://localhost:6090/session/55e83e81e3030ee22c33f0dfcaaeee8e/url'
10:39:53.889 [Forwarding getCurrentUrl on session 55e83e81e3030ee22c33f0dfcaaeee8e to remote] DEBUG org.asynchttpclient.netty.request.NettyRequestSender - Using open Channel [id: 0x43aa9d62, L:/127.0.0.1:55180 - R:localhost/127.0.0.1:6090] for GET '/session/55e83e81e3030ee22c33f0dfcaaeee8e/url'
10:39:53.891 [AsyncHttpClient-1-8] DEBUG org.asynchttpclient.netty.handler.HttpHandler - 

Request DefaultFullHttpRequest(decodeResult: success, version: HTTP/1.1, content: EmptyByteBufBE)
GET /session/55e83e81e3030ee22c33f0dfcaaeee8e/url HTTP/1.1
User-Agent: selenium/4.8.1 (java windows)
Cache-Control: no-cache
Content-Type: application/json; charset=utf-8
host: localhost:6090
accept: */*

Response DefaultHttpResponse(decodeResult: success, version: HTTP/1.1)
HTTP/1.1 200 OK
Content-Length: 54
Content-Type: application/json; charset=utf-8
cache-control: no-cache

10:39:53.891 [AsyncHttpClient-1-8] DEBUG org.asynchttpclient.netty.channel.ChannelManager - Adding key: http://localhost:6090 for channel [id: 0x43aa9d62, L:/127.0.0.1:55180 - R:localhost/127.0.0.1:6090]
10:39:53.893 [main] DEBUG net.thucydides.core.steps.StepInterceptor - STARTING STEP: RegisterSteps.inputFullnameReg - inputFullnameReg
10:39:53.894 [Forwarding findElement on session 55e83e81e3030ee22c33f0dfcaaeee8e to remote] DEBUG org.asynchttpclient.netty.request.NettyRequestSender - Using pooled Channel '[id: 0x43aa9d62, L:/127.0.0.1:55180 - R:localhost/127.0.0.1:6090]' for 'POST' to 'http://localhost:6090/session/55e83e81e3030ee22c33f0dfcaaeee8e/element'
10:39:53.894 [Forwarding findElement on session 55e83e81e3030ee22c33f0dfcaaeee8e to remote] DEBUG org.asynchttpclient.netty.request.NettyRequestSender - Using open Channel [id: 0x43aa9d62, L:/127.0.0.1:55180 - R:localhost/127.0.0.1:6090] for POST '/session/55e83e81e3030ee22c33f0dfcaaeee8e/element'
10:39:53.902 [AsyncHttpClient-1-8] DEBUG org.asynchttpclient.netty.handler.HttpHandler - 

Request DefaultHttpRequest(decodeResult: success, version: HTTP/1.1)
POST /session/55e83e81e3030ee22c33f0dfcaaeee8e/element HTTP/1.1
User-Agent: selenium/4.8.1 (java windows)
Content-Length: 55
Content-Type: application/json; charset=utf-8
host: localhost:6090
accept: */*

Response DefaultHttpResponse(decodeResult: success, version: HTTP/1.1)
HTTP/1.1 200 OK
Content-Length: 88
Content-Type: application/json; charset=utf-8
cache-control: no-cache

10:39:53.902 [AsyncHttpClient-1-8] DEBUG org.asynchttpclient.netty.channel.ChannelManager - Adding key: http://localhost:6090 for channel [id: 0x43aa9d62, L:/127.0.0.1:55180 - R:localhost/127.0.0.1:6090]
10:39:53.903 [Forwarding clearElement on session 55e83e81e3030ee22c33f0dfcaaeee8e to remote] DEBUG org.asynchttpclient.netty.request.NettyRequestSender - Using pooled Channel '[id: 0x43aa9d62, L:/127.0.0.1:55180 - R:localhost/127.0.0.1:6090]' for 'POST' to 'http://localhost:6090/session/55e83e81e3030ee22c33f0dfcaaeee8e/element/ab8302a2-818e-424c-b69f-f1eb3dfd2035/clear'
10:39:53.903 [Forwarding clearElement on session 55e83e81e3030ee22c33f0dfcaaeee8e to remote] DEBUG org.asynchttpclient.netty.request.NettyRequestSender - Using open Channel [id: 0x43aa9d62, L:/127.0.0.1:55180 - R:localhost/127.0.0.1:6090] for POST '/session/55e83e81e3030ee22c33f0dfcaaeee8e/element/ab8302a2-818e-424c-b69f-f1eb3dfd2035/clear'
10:39:53.925 [AsyncHttpClient-1-8] DEBUG org.asynchttpclient.netty.handler.HttpHandler - 

Request DefaultHttpRequest(decodeResult: success, version: HTTP/1.1)
POST /session/55e83e81e3030ee22c33f0dfcaaeee8e/element/ab8302a2-818e-424c-b69f-f1eb3dfd2035/clear HTTP/1.1
User-Agent: selenium/4.8.1 (java windows)
Content-Length: 50
Content-Type: application/json; charset=utf-8
host: localhost:6090
accept: */*

Response DefaultHttpResponse(decodeResult: success, version: HTTP/1.1)
HTTP/1.1 200 OK
Content-Length: 14
Content-Type: application/json; charset=utf-8
cache-control: no-cache

10:39:53.926 [AsyncHttpClient-1-8] DEBUG org.asynchttpclient.netty.channel.ChannelManager - Adding key: http://localhost:6090 for channel [id: 0x43aa9d62, L:/127.0.0.1:55180 - R:localhost/127.0.0.1:6090]
10:39:53.927 [Forwarding sendKeysToElement on session 55e83e81e3030ee22c33f0dfcaaeee8e to remote] DEBUG org.asynchttpclient.netty.request.NettyRequestSender - Using pooled Channel '[id: 0x43aa9d62, L:/127.0.0.1:55180 - R:localhost/127.0.0.1:6090]' for 'POST' to 'http://localhost:6090/session/55e83e81e3030ee22c33f0dfcaaeee8e/element/ab8302a2-818e-424c-b69f-f1eb3dfd2035/value'
10:39:53.927 [Forwarding sendKeysToElement on session 55e83e81e3030ee22c33f0dfcaaeee8e to remote] DEBUG org.asynchttpclient.netty.request.NettyRequestSender - Using open Channel [id: 0x43aa9d62, L:/127.0.0.1:55180 - R:localhost/127.0.0.1:6090] for POST '/session/55e83e81e3030ee22c33f0dfcaaeee8e/element/ab8302a2-818e-424c-b69f-f1eb3dfd2035/value'
10:39:53.964 [AsyncHttpClient-1-8] DEBUG org.asynchttpclient.netty.handler.HttpHandler - 

Request DefaultHttpRequest(decodeResult: success, version: HTTP/1.1)
POST /session/55e83e81e3030ee22c33f0dfcaaeee8e/element/ab8302a2-818e-424c-b69f-f1eb3dfd2035/value HTTP/1.1
User-Agent: selenium/4.8.1 (java windows)
Content-Length: 101
Content-Type: application/json; charset=utf-8
host: localhost:6090
accept: */*

Response DefaultHttpResponse(decodeResult: success, version: HTTP/1.1)
HTTP/1.1 200 OK
Content-Length: 14
Content-Type: application/json; charset=utf-8
cache-control: no-cache

10:39:53.964 [AsyncHttpClient-1-8] DEBUG org.asynchttpclient.netty.channel.ChannelManager - Adding key: http://localhost:6090 for channel [id: 0x43aa9d62, L:/127.0.0.1:55180 - R:localhost/127.0.0.1:6090]
10:39:53.967 [Forwarding getAlertText on session 55e83e81e3030ee22c33f0dfcaaeee8e to remote] DEBUG org.asynchttpclient.netty.request.NettyRequestSender - Using pooled Channel '[id: 0x43aa9d62, L:/127.0.0.1:55180 - R:localhost/127.0.0.1:6090]' for 'GET' to 'http://localhost:6090/session/55e83e81e3030ee22c33f0dfcaaeee8e/alert/text'
10:39:53.967 [Forwarding getAlertText on session 55e83e81e3030ee22c33f0dfcaaeee8e to remote] DEBUG org.asynchttpclient.netty.request.NettyRequestSender - Using open Channel [id: 0x43aa9d62, L:/127.0.0.1:55180 - R:localhost/127.0.0.1:6090] for GET '/session/55e83e81e3030ee22c33f0dfcaaeee8e/alert/text'
10:39:53.969 [AsyncHttpClient-1-8] DEBUG org.asynchttpclient.netty.handler.HttpHandler - 

Request DefaultFullHttpRequest(decodeResult: success, version: HTTP/1.1, content: EmptyByteBufBE)
GET /session/55e83e81e3030ee22c33f0dfcaaeee8e/alert/text HTTP/1.1
User-Agent: selenium/4.8.1 (java windows)
Cache-Control: no-cache
Content-Type: application/json; charset=utf-8
host: localhost:6090
accept: */*

Response DefaultHttpResponse(decodeResult: success, version: HTTP/1.1)
HTTP/1.1 404 Not Found
Content-Length: 836
Content-Type: application/json; charset=utf-8
cache-control: no-cache

10:39:53.970 [AsyncHttpClient-1-8] DEBUG org.asynchttpclient.netty.channel.ChannelManager - Adding key: http://localhost:6090 for channel [id: 0x43aa9d62, L:/127.0.0.1:55180 - R:localhost/127.0.0.1:6090]
10:39:53.971 [Forwarding getCurrentUrl on session 55e83e81e3030ee22c33f0dfcaaeee8e to remote] DEBUG org.asynchttpclient.netty.request.NettyRequestSender - Using pooled Channel '[id: 0x43aa9d62, L:/127.0.0.1:55180 - R:localhost/127.0.0.1:6090]' for 'GET' to 'http://localhost:6090/session/55e83e81e3030ee22c33f0dfcaaeee8e/url'
10:39:53.971 [Forwarding getCurrentUrl on session 55e83e81e3030ee22c33f0dfcaaeee8e to remote] DEBUG org.asynchttpclient.netty.request.NettyRequestSender - Using open Channel [id: 0x43aa9d62, L:/127.0.0.1:55180 - R:localhost/127.0.0.1:6090] for GET '/session/55e83e81e3030ee22c33f0dfcaaeee8e/url'
10:39:53.973 [AsyncHttpClient-1-8] DEBUG org.asynchttpclient.netty.handler.HttpHandler - 

Request DefaultFullHttpRequest(decodeResult: success, version: HTTP/1.1, content: EmptyByteBufBE)
GET /session/55e83e81e3030ee22c33f0dfcaaeee8e/url HTTP/1.1
User-Agent: selenium/4.8.1 (java windows)
Cache-Control: no-cache
Content-Type: application/json; charset=utf-8
host: localhost:6090
accept: */*

Response DefaultHttpResponse(decodeResult: success, version: HTTP/1.1)
HTTP/1.1 200 OK
Content-Length: 54
Content-Type: application/json; charset=utf-8
cache-control: no-cache

10:39:53.973 [AsyncHttpClient-1-8] DEBUG org.asynchttpclient.netty.channel.ChannelManager - Adding key: http://localhost:6090 for channel [id: 0x43aa9d62, L:/127.0.0.1:55180 - R:localhost/127.0.0.1:6090]
10:39:53.974 [Forwarding screenshot on session 55e83e81e3030ee22c33f0dfcaaeee8e to remote] DEBUG org.asynchttpclient.netty.request.NettyRequestSender - Using pooled Channel '[id: 0x43aa9d62, L:/127.0.0.1:55180 - R:localhost/127.0.0.1:6090]' for 'GET' to 'http://localhost:6090/session/55e83e81e3030ee22c33f0dfcaaeee8e/screenshot'
10:39:53.975 [Forwarding screenshot on session 55e83e81e3030ee22c33f0dfcaaeee8e to remote] DEBUG org.asynchttpclient.netty.request.NettyRequestSender - Using open Channel [id: 0x43aa9d62, L:/127.0.0.1:55180 - R:localhost/127.0.0.1:6090] for GET '/session/55e83e81e3030ee22c33f0dfcaaeee8e/screenshot'
10:39:54.108 [AsyncHttpClient-1-8] DEBUG org.asynchttpclient.netty.handler.HttpHandler - 

Request DefaultFullHttpRequest(decodeResult: success, version: HTTP/1.1, content: EmptyByteBufBE)
GET /session/55e83e81e3030ee22c33f0dfcaaeee8e/screenshot HTTP/1.1
User-Agent: selenium/4.8.1 (java windows)
Cache-Control: no-cache
Content-Type: application/json; charset=utf-8
host: localhost:6090
accept: */*

Response DefaultHttpResponse(decodeResult: success, version: HTTP/1.1)
HTTP/1.1 200 OK
Content-Length: 30740
Content-Type: application/json; charset=utf-8
cache-control: no-cache

10:39:54.108 [AsyncHttpClient-1-8] DEBUG org.asynchttpclient.netty.channel.ChannelManager - Adding key: http://localhost:6090 for channel [id: 0x43aa9d62, L:/127.0.0.1:55180 - R:localhost/127.0.0.1:6090]
10:39:54.109 [main] DEBUG net.serenitybdd.core.photography.Darkroom - Send negative for processing for target\site\serenity\5b24f05ba27b08c0168d24bc60eb81ca76e562f1d24722842cf1f15a7dbb8ed3.png
10:39:54.109 [main] DEBUG net.thucydides.core.steps.StepInterceptor - STEP DONE: inputFullnameReg
  &amp#27;[32mAnd &amp#27;[0m&amp#27;[32mI input correct fullname for register&amp#27;[0m &amp#27;[90m# starter.stepdefinitions.RegisterSteps.inputFullnameReg()&amp#27;[0m
10:39:54.109 [Darkroom Processing Line] DEBUG net.serenitybdd.core.photography.DarkroomProcessingLine - Processing screenshot image in /var/screenshots/screenshot-3618579690975569545
10:39:54.109 [Darkroom Processing Line] DEBUG net.serenitybdd.core.photography.DarkroomProcessingLine - Saving screenshot to target\site\serenity\5b24f05ba27b08c0168d24bc60eb81ca76e562f1d24722842cf1f15a7dbb8ed3.png
10:39:54.115 [Forwarding getPageSource on session 55e83e81e3030ee22c33f0dfcaaeee8e to remote] DEBUG org.asynchttpclient.netty.request.NettyRequestSender - Using pooled Channel '[id: 0x43aa9d62, L:/127.0.0.1:55180 - R:localhost/127.0.0.1:6090]' for 'POST' to 'http://localhost:6090/session/55e83e81e3030ee22c33f0dfcaaeee8e/execute/sync'
10:39:54.115 [Forwarding getPageSource on session 55e83e81e3030ee22c33f0dfcaaeee8e to remote] DEBUG org.asynchttpclient.netty.request.NettyRequestSender - Using open Channel [id: 0x43aa9d62, L:/127.0.0.1:55180 - R:localhost/127.0.0.1:6090] for POST '/session/55e83e81e3030ee22c33f0dfcaaeee8e/execute/sync'
10:39:54.119 [AsyncHttpClient-1-8] DEBUG org.asynchttpclient.netty.handler.HttpHandler - 

Request DefaultHttpRequest(decodeResult: success, version: HTTP/1.1)
POST /session/55e83e81e3030ee22c33f0dfcaaeee8e/execute/sync HTTP/1.1
User-Agent: selenium/4.8.1 (java windows)
Content-Length: 176
Content-Type: application/json; charset=utf-8
host: localhost:6090
accept: */*

Response DefaultHttpResponse(decodeResult: success, version: HTTP/1.1)
HTTP/1.1 200 OK
Content-Length: 22435
Content-Type: application/json; charset=utf-8
cache-control: no-cache

10:39:54.120 [AsyncHttpClient-1-8] DEBUG org.asynchttpclient.netty.channel.ChannelManager - Adding key: http://localhost:6090 for channel [id: 0x43aa9d62, L:/127.0.0.1:55180 - R:localhost/127.0.0.1:6090]
10:39:54.121 [Forwarding getCurrentUrl on session 55e83e81e3030ee22c33f0dfcaaeee8e to remote] DEBUG org.asynchttpclient.netty.request.NettyRequestSender - Using pooled Channel '[id: 0x43aa9d62, L:/127.0.0.1:55180 - R:localhost/127.0.0.1:6090]' for 'GET' to 'http://localhost:6090/session/55e83e81e3030ee22c33f0dfcaaeee8e/url'
10:39:54.121 [Forwarding getCurrentUrl on session 55e83e81e3030ee22c33f0dfcaaeee8e to remote] DEBUG org.asynchttpclient.netty.request.NettyRequestSender - Using open Channel [id: 0x43aa9d62, L:/127.0.0.1:55180 - R:localhost/127.0.0.1:6090] for GET '/session/55e83e81e3030ee22c33f0dfcaaeee8e/url'
10:39:54.124 [AsyncHttpClient-1-8] DEBUG org.asynchttpclient.netty.handler.HttpHandler - 

Request DefaultFullHttpRequest(decodeResult: success, version: HTTP/1.1, content: EmptyByteBufBE)
GET /session/55e83e81e3030ee22c33f0dfcaaeee8e/url HTTP/1.1
User-Agent: selenium/4.8.1 (java windows)
Cache-Control: no-cache
Content-Type: application/json; charset=utf-8
host: localhost:6090
accept: */*

Response DefaultHttpResponse(decodeResult: success, version: HTTP/1.1)
HTTP/1.1 200 OK
Content-Length: 54
Content-Type: application/json; charset=utf-8
cache-control: no-cache

10:39:54.124 [AsyncHttpClient-1-8] DEBUG org.asynchttpclient.netty.channel.ChannelManager - Adding key: http://localhost:6090 for channel [id: 0x43aa9d62, L:/127.0.0.1:55180 - R:localhost/127.0.0.1:6090]
10:39:54.130 [Forwarding getPageSource on session 55e83e81e3030ee22c33f0dfcaaeee8e to remote] DEBUG org.asynchttpclient.netty.request.NettyRequestSender - Using pooled Channel '[id: 0x43aa9d62, L:/127.0.0.1:55180 - R:localhost/127.0.0.1:6090]' for 'POST' to 'http://localhost:6090/session/55e83e81e3030ee22c33f0dfcaaeee8e/execute/sync'
10:39:54.130 [Forwarding getPageSource on session 55e83e81e3030ee22c33f0dfcaaeee8e to remote] DEBUG org.asynchttpclient.netty.request.NettyRequestSender - Using open Channel [id: 0x43aa9d62, L:/127.0.0.1:55180 - R:localhost/127.0.0.1:6090] for POST '/session/55e83e81e3030ee22c33f0dfcaaeee8e/execute/sync'
10:39:54.135 [AsyncHttpClient-1-8] DEBUG org.asynchttpclient.netty.handler.HttpHandler - 

Request DefaultHttpRequest(decodeResult: success, version: HTTP/1.1)
POST /session/55e83e81e3030ee22c33f0dfcaaeee8e/execute/sync HTTP/1.1
User-Agent: selenium/4.8.1 (java windows)
Content-Length: 176
Content-Type: application/json; charset=utf-8
host: localhost:6090
accept: */*

Response DefaultHttpResponse(decodeResult: success, version: HTTP/1.1)
HTTP/1.1 200 OK
Content-Length: 22435
Content-Type: application/json; charset=utf-8
cache-control: no-cache

10:39:54.135 [AsyncHttpClient-1-8] DEBUG org.asynchttpclient.netty.channel.ChannelManager - Adding key: http://localhost:6090 for channel [id: 0x43aa9d62, L:/127.0.0.1:55180 - R:localhost/127.0.0.1:6090]
10:39:54.137 [Forwarding getCurrentUrl on session 55e83e81e3030ee22c33f0dfcaaeee8e to remote] DEBUG org.asynchttpclient.netty.request.NettyRequestSender - Using pooled Channel '[id: 0x43aa9d62, L:/127.0.0.1:55180 - R:localhost/127.0.0.1:6090]' for 'GET' to 'http://localhost:6090/session/55e83e81e3030ee22c33f0dfcaaeee8e/url'
10:39:54.137 [Forwarding getCurrentUrl on session 55e83e81e3030ee22c33f0dfcaaeee8e to remote] DEBUG org.asynchttpclient.netty.request.NettyRequestSender - Using open Channel [id: 0x43aa9d62, L:/127.0.0.1:55180 - R:localhost/127.0.0.1:6090] for GET '/session/55e83e81e3030ee22c33f0dfcaaeee8e/url'
10:39:54.140 [AsyncHttpClient-1-8] DEBUG org.asynchttpclient.netty.handler.HttpHandler - 

Request DefaultFullHttpRequest(decodeResult: success, version: HTTP/1.1, content: EmptyByteBufBE)
GET /session/55e83e81e3030ee22c33f0dfcaaeee8e/url HTTP/1.1
User-Agent: selenium/4.8.1 (java windows)
Cache-Control: no-cache
Content-Type: application/json; charset=utf-8
host: localhost:6090
accept: */*

Response DefaultHttpResponse(decodeResult: success, version: HTTP/1.1)
HTTP/1.1 200 OK
Content-Length: 54
Content-Type: application/json; charset=utf-8
cache-control: no-cache

10:39:54.140 [AsyncHttpClient-1-8] DEBUG org.asynchttpclient.netty.channel.ChannelManager - Adding key: http://localhost:6090 for channel [id: 0x43aa9d62, L:/127.0.0.1:55180 - R:localhost/127.0.0.1:6090]
10:39:54.142 [main] DEBUG net.thucydides.core.steps.StepInterceptor - STARTING STEP: RegisterSteps.inputInvalidEmailReg - inputEmailReg
10:39:54.143 [Forwarding findElement on session 55e83e81e3030ee22c33f0dfcaaeee8e to remote] DEBUG org.asynchttpclient.netty.request.NettyRequestSender - Using pooled Channel '[id: 0x43aa9d62, L:/127.0.0.1:55180 - R:localhost/127.0.0.1:6090]' for 'POST' to 'http://localhost:6090/session/55e83e81e3030ee22c33f0dfcaaeee8e/element'
10:39:54.144 [Forwarding findElement on session 55e83e81e3030ee22c33f0dfcaaeee8e to remote] DEBUG org.asynchttpclient.netty.request.NettyRequestSender - Using open Channel [id: 0x43aa9d62, L:/127.0.0.1:55180 - R:localhost/127.0.0.1:6090] for POST '/session/55e83e81e3030ee22c33f0dfcaaeee8e/element'
10:39:54.152 [AsyncHttpClient-1-8] DEBUG org.asynchttpclient.netty.handler.HttpHandler - 

Request DefaultHttpRequest(decodeResult: success, version: HTTP/1.1)
POST /session/55e83e81e3030ee22c33f0dfcaaeee8e/element HTTP/1.1
User-Agent: selenium/4.8.1 (java windows)
Content-Length: 55
Content-Type: application/json; charset=utf-8
host: localhost:6090
accept: */*

Response DefaultHttpResponse(decodeResult: success, version: HTTP/1.1)
HTTP/1.1 200 OK
Content-Length: 88
Content-Type: application/json; charset=utf-8
cache-control: no-cache

10:39:54.152 [AsyncHttpClient-1-8] DEBUG org.asynchttpclient.netty.channel.ChannelManager - Adding key: http://localhost:6090 for channel [id: 0x43aa9d62, L:/127.0.0.1:55180 - R:localhost/127.0.0.1:6090]
10:39:54.153 [Forwarding clearElement on session 55e83e81e3030ee22c33f0dfcaaeee8e to remote] DEBUG org.asynchttpclient.netty.request.NettyRequestSender - Using pooled Channel '[id: 0x43aa9d62, L:/127.0.0.1:55180 - R:localhost/127.0.0.1:6090]' for 'POST' to 'http://localhost:6090/session/55e83e81e3030ee22c33f0dfcaaeee8e/element/926d599a-c4f9-4e35-acd6-88f86786bca1/clear'
10:39:54.153 [Forwarding clearElement on session 55e83e81e3030ee22c33f0dfcaaeee8e to remote] DEBUG org.asynchttpclient.netty.request.NettyRequestSender - Using open Channel [id: 0x43aa9d62, L:/127.0.0.1:55180 - R:localhost/127.0.0.1:6090] for POST '/session/55e83e81e3030ee22c33f0dfcaaeee8e/element/926d599a-c4f9-4e35-acd6-88f86786bca1/clear'
10:39:54.177 [AsyncHttpClient-1-8] DEBUG org.asynchttpclient.netty.handler.HttpHandler - 

Request DefaultHttpRequest(decodeResult: success, version: HTTP/1.1)
POST /session/55e83e81e3030ee22c33f0dfcaaeee8e/element/926d599a-c4f9-4e35-acd6-88f86786bca1/clear HTTP/1.1
User-Agent: selenium/4.8.1 (java windows)
Content-Length: 50
Content-Type: application/json; charset=utf-8
host: localhost:6090
accept: */*

Response DefaultHttpResponse(decodeResult: success, version: HTTP/1.1)
HTTP/1.1 200 OK
Content-Length: 14
Content-Type: application/json; charset=utf-8
cache-control: no-cache

10:39:54.177 [AsyncHttpClient-1-8] DEBUG org.asynchttpclient.netty.channel.ChannelManager - Adding key: http://localhost:6090 for channel [id: 0x43aa9d62, L:/127.0.0.1:55180 - R:localhost/127.0.0.1:6090]
10:39:54.178 [Forwarding sendKeysToElement on session 55e83e81e3030ee22c33f0dfcaaeee8e to remote] DEBUG org.asynchttpclient.netty.request.NettyRequestSender - Using pooled Channel '[id: 0x43aa9d62, L:/127.0.0.1:55180 - R:localhost/127.0.0.1:6090]' for 'POST' to 'http://localhost:6090/session/55e83e81e3030ee22c33f0dfcaaeee8e/element/926d599a-c4f9-4e35-acd6-88f86786bca1/value'
10:39:54.178 [Forwarding sendKeysToElement on session 55e83e81e3030ee22c33f0dfcaaeee8e to remote] DEBUG org.asynchttpclient.netty.request.NettyRequestSender - Using open Channel [id: 0x43aa9d62, L:/127.0.0.1:55180 - R:localhost/127.0.0.1:6090] for POST '/session/55e83e81e3030ee22c33f0dfcaaeee8e/element/926d599a-c4f9-4e35-acd6-88f86786bca1/value'
10:39:54.207 [AsyncHttpClient-1-8] DEBUG org.asynchttpclient.netty.handler.HttpHandler - 

Request DefaultHttpRequest(decodeResult: success, version: HTTP/1.1)
POST /session/55e83e81e3030ee22c33f0dfcaaeee8e/element/926d599a-c4f9-4e35-acd6-88f86786bca1/value HTTP/1.1
User-Agent: selenium/4.8.1 (java windows)
Content-Length: 82
Content-Type: application/json; charset=utf-8
host: localhost:6090
accept: */*

Response DefaultHttpResponse(decodeResult: success, version: HTTP/1.1)
HTTP/1.1 200 OK
Content-Length: 14
Content-Type: application/json; charset=utf-8
cache-control: no-cache

10:39:54.207 [AsyncHttpClient-1-8] DEBUG org.asynchttpclient.netty.channel.ChannelManager - Adding key: http://localhost:6090 for channel [id: 0x43aa9d62, L:/127.0.0.1:55180 - R:localhost/127.0.0.1:6090]
10:39:54.211 [Forwarding getAlertText on session 55e83e81e3030ee22c33f0dfcaaeee8e to remote] DEBUG org.asynchttpclient.netty.request.NettyRequestSender - Using pooled Channel '[id: 0x43aa9d62, L:/127.0.0.1:55180 - R:localhost/127.0.0.1:6090]' for 'GET' to 'http://localhost:6090/session/55e83e81e3030ee22c33f0dfcaaeee8e/alert/text'
10:39:54.211 [Forwarding getAlertText on session 55e83e81e3030ee22c33f0dfcaaeee8e to remote] DEBUG org.asynchttpclient.netty.request.NettyRequestSender - Using open Channel [id: 0x43aa9d62, L:/127.0.0.1:55180 - R:localhost/127.0.0.1:6090] for GET '/session/55e83e81e3030ee22c33f0dfcaaeee8e/alert/text'
10:39:54.212 [AsyncHttpClient-1-8] DEBUG org.asynchttpclient.netty.handler.HttpHandler - 

Request DefaultFullHttpRequest(decodeResult: success, version: HTTP/1.1, content: EmptyByteBufBE)
GET /session/55e83e81e3030ee22c33f0dfcaaeee8e/alert/text HTTP/1.1
User-Agent: selenium/4.8.1 (java windows)
Cache-Control: no-cache
Content-Type: application/json; charset=utf-8
host: localhost:6090
accept: */*

Response DefaultHttpResponse(decodeResult: success, version: HTTP/1.1)
HTTP/1.1 404 Not Found
Content-Length: 836
Content-Type: application/json; charset=utf-8
cache-control: no-cache

10:39:54.213 [AsyncHttpClient-1-8] DEBUG org.asynchttpclient.netty.channel.ChannelManager - Adding key: http://localhost:6090 for channel [id: 0x43aa9d62, L:/127.0.0.1:55180 - R:localhost/127.0.0.1:6090]
10:39:54.214 [Forwarding getCurrentUrl on session 55e83e81e3030ee22c33f0dfcaaeee8e to remote] DEBUG org.asynchttpclient.netty.request.NettyRequestSender - Using pooled Channel '[id: 0x43aa9d62, L:/127.0.0.1:55180 - R:localhost/127.0.0.1:6090]' for 'GET' to 'http://localhost:6090/session/55e83e81e3030ee22c33f0dfcaaeee8e/url'
10:39:54.214 [Forwarding getCurrentUrl on session 55e83e81e3030ee22c33f0dfcaaeee8e to remote] DEBUG org.asynchttpclient.netty.request.NettyRequestSender - Using open Channel [id: 0x43aa9d62, L:/127.0.0.1:55180 - R:localhost/127.0.0.1:6090] for GET '/session/55e83e81e3030ee22c33f0dfcaaeee8e/url'
10:39:54.216 [AsyncHttpClient-1-8] DEBUG org.asynchttpclient.netty.handler.HttpHandler - 

Request DefaultFullHttpRequest(decodeResult: success, version: HTTP/1.1, content: EmptyByteBufBE)
GET /session/55e83e81e3030ee22c33f0dfcaaeee8e/url HTTP/1.1
User-Agent: selenium/4.8.1 (java windows)
Cache-Control: no-cache
Content-Type: application/json; charset=utf-8
host: localhost:6090
accept: */*

Response DefaultHttpResponse(decodeResult: success, version: HTTP/1.1)
HTTP/1.1 200 OK
Content-Length: 54
Content-Type: application/json; charset=utf-8
cache-control: no-cache

10:39:54.216 [AsyncHttpClient-1-8] DEBUG org.asynchttpclient.netty.channel.ChannelManager - Adding key: http://localhost:6090 for channel [id: 0x43aa9d62, L:/127.0.0.1:55180 - R:localhost/127.0.0.1:6090]
10:39:54.217 [Forwarding screenshot on session 55e83e81e3030ee22c33f0dfcaaeee8e to remote] DEBUG org.asynchttpclient.netty.request.NettyRequestSender - Using pooled Channel '[id: 0x43aa9d62, L:/127.0.0.1:55180 - R:localhost/127.0.0.1:6090]' for 'GET' to 'http://localhost:6090/session/55e83e81e3030ee22c33f0dfcaaeee8e/screenshot'
10:39:54.217 [Forwarding screenshot on session 55e83e81e3030ee22c33f0dfcaaeee8e to remote] DEBUG org.asynchttpclient.netty.request.NettyRequestSender - Using open Channel [id: 0x43aa9d62, L:/127.0.0.1:55180 - R:localhost/127.0.0.1:6090] for GET '/session/55e83e81e3030ee22c33f0dfcaaeee8e/screenshot'
10:39:54.316 [AsyncHttpClient-1-8] DEBUG org.asynchttpclient.netty.handler.HttpHandler - 

Request DefaultFullHttpRequest(decodeResult: success, version: HTTP/1.1, content: EmptyByteBufBE)
GET /session/55e83e81e3030ee22c33f0dfcaaeee8e/screenshot HTTP/1.1
User-Agent: selenium/4.8.1 (java windows)
Cache-Control: no-cache
Content-Type: application/json; charset=utf-8
host: localhost:6090
accept: */*

Response DefaultHttpResponse(decodeResult: success, version: HTTP/1.1)
HTTP/1.1 200 OK
Content-Length: 30600
Content-Type: application/json; charset=utf-8
cache-control: no-cache

10:39:54.316 [AsyncHttpClient-1-8] DEBUG org.asynchttpclient.netty.channel.ChannelManager - Adding key: http://localhost:6090 for channel [id: 0x43aa9d62, L:/127.0.0.1:55180 - R:localhost/127.0.0.1:6090]
10:39:54.318 [main] DEBUG net.serenitybdd.core.photography.Darkroom - Send negative for processing for target\site\serenity\5205355a99d7a3cb20df653c3c8671b89035ad43b345cf7a64246e9d8fca73b2.png
10:39:54.318 [main] DEBUG net.thucydides.core.steps.StepInterceptor - STEP DONE: inputEmailReg
  &amp#27;[32mAnd &amp#27;[0m&amp#27;[32mI input nothing in email for register&amp#27;[0m &amp#27;[90m# starter.stepdefinitions.RegisterSteps.inputInvalidEmailReg()&amp#27;[0m
10:39:54.318 [Darkroom Processing Line] DEBUG net.serenitybdd.core.photography.DarkroomProcessingLine - Processing screenshot image in /var/screenshots/screenshot-15987130312679728552
10:39:54.318 [Darkroom Processing Line] DEBUG net.serenitybdd.core.photography.DarkroomProcessingLine - Saving screenshot to target\site\serenity\5205355a99d7a3cb20df653c3c8671b89035ad43b345cf7a64246e9d8fca73b2.png
10:39:54.324 [Forwarding getPageSource on session 55e83e81e3030ee22c33f0dfcaaeee8e to remote] DEBUG org.asynchttpclient.netty.request.NettyRequestSender - Using pooled Channel '[id: 0x43aa9d62, L:/127.0.0.1:55180 - R:localhost/127.0.0.1:6090]' for 'POST' to 'http://localhost:6090/session/55e83e81e3030ee22c33f0dfcaaeee8e/execute/sync'
10:39:54.324 [Forwarding getPageSource on session 55e83e81e3030ee22c33f0dfcaaeee8e to remote] DEBUG org.asynchttpclient.netty.request.NettyRequestSender - Using open Channel [id: 0x43aa9d62, L:/127.0.0.1:55180 - R:localhost/127.0.0.1:6090] for POST '/session/55e83e81e3030ee22c33f0dfcaaeee8e/execute/sync'
10:39:54.329 [AsyncHttpClient-1-8] DEBUG org.asynchttpclient.netty.handler.HttpHandler - 

Request DefaultHttpRequest(decodeResult: success, version: HTTP/1.1)
POST /session/55e83e81e3030ee22c33f0dfcaaeee8e/execute/sync HTTP/1.1
User-Agent: selenium/4.8.1 (java windows)
Content-Length: 176
Content-Type: application/json; charset=utf-8
host: localhost:6090
accept: */*

Response DefaultHttpResponse(decodeResult: success, version: HTTP/1.1)
HTTP/1.1 200 OK
Content-Length: 22451
Content-Type: application/json; charset=utf-8
cache-control: no-cache

10:39:54.329 [AsyncHttpClient-1-8] DEBUG org.asynchttpclient.netty.channel.ChannelManager - Adding key: http://localhost:6090 for channel [id: 0x43aa9d62, L:/127.0.0.1:55180 - R:localhost/127.0.0.1:6090]
10:39:54.331 [Forwarding getCurrentUrl on session 55e83e81e3030ee22c33f0dfcaaeee8e to remote] DEBUG org.asynchttpclient.netty.request.NettyRequestSender - Using pooled Channel '[id: 0x43aa9d62, L:/127.0.0.1:55180 - R:localhost/127.0.0.1:6090]' for 'GET' to 'http://localhost:6090/session/55e83e81e3030ee22c33f0dfcaaeee8e/url'
10:39:54.331 [Forwarding getCurrentUrl on session 55e83e81e3030ee22c33f0dfcaaeee8e to remote] DEBUG org.asynchttpclient.netty.request.NettyRequestSender - Using open Channel [id: 0x43aa9d62, L:/127.0.0.1:55180 - R:localhost/127.0.0.1:6090] for GET '/session/55e83e81e3030ee22c33f0dfcaaeee8e/url'
10:39:54.334 [AsyncHttpClient-1-8] DEBUG org.asynchttpclient.netty.handler.HttpHandler - 

Request DefaultFullHttpRequest(decodeResult: success, version: HTTP/1.1, content: EmptyByteBufBE)
GET /session/55e83e81e3030ee22c33f0dfcaaeee8e/url HTTP/1.1
User-Agent: selenium/4.8.1 (java windows)
Cache-Control: no-cache
Content-Type: application/json; charset=utf-8
host: localhost:6090
accept: */*

Response DefaultHttpResponse(decodeResult: success, version: HTTP/1.1)
HTTP/1.1 200 OK
Content-Length: 54
Content-Type: application/json; charset=utf-8
cache-control: no-cache

10:39:54.334 [AsyncHttpClient-1-8] DEBUG org.asynchttpclient.netty.channel.ChannelManager - Adding key: http://localhost:6090 for channel [id: 0x43aa9d62, L:/127.0.0.1:55180 - R:localhost/127.0.0.1:6090]
10:39:54.340 [Forwarding getPageSource on session 55e83e81e3030ee22c33f0dfcaaeee8e to remote] DEBUG org.asynchttpclient.netty.request.NettyRequestSender - Using pooled Channel '[id: 0x43aa9d62, L:/127.0.0.1:55180 - R:localhost/127.0.0.1:6090]' for 'POST' to 'http://localhost:6090/session/55e83e81e3030ee22c33f0dfcaaeee8e/execute/sync'
10:39:54.341 [Forwarding getPageSource on session 55e83e81e3030ee22c33f0dfcaaeee8e to remote] DEBUG org.asynchttpclient.netty.request.NettyRequestSender - Using open Channel [id: 0x43aa9d62, L:/127.0.0.1:55180 - R:localhost/127.0.0.1:6090] for POST '/session/55e83e81e3030ee22c33f0dfcaaeee8e/execute/sync'
10:39:54.345 [AsyncHttpClient-1-8] DEBUG org.asynchttpclient.netty.handler.HttpHandler - 

Request DefaultHttpRequest(decodeResult: success, version: HTTP/1.1)
POST /session/55e83e81e3030ee22c33f0dfcaaeee8e/execute/sync HTTP/1.1
User-Agent: selenium/4.8.1 (java windows)
Content-Length: 176
Content-Type: application/json; charset=utf-8
host: localhost:6090
accept: */*

Response DefaultHttpResponse(decodeResult: success, version: HTTP/1.1)
HTTP/1.1 200 OK
Content-Length: 22451
Content-Type: application/json; charset=utf-8
cache-control: no-cache

10:39:54.346 [AsyncHttpClient-1-8] DEBUG org.asynchttpclient.netty.channel.ChannelManager - Adding key: http://localhost:6090 for channel [id: 0x43aa9d62, L:/127.0.0.1:55180 - R:localhost/127.0.0.1:6090]
10:39:54.347 [Forwarding getCurrentUrl on session 55e83e81e3030ee22c33f0dfcaaeee8e to remote] DEBUG org.asynchttpclient.netty.request.NettyRequestSender - Using pooled Channel '[id: 0x43aa9d62, L:/127.0.0.1:55180 - R:localhost/127.0.0.1:6090]' for 'GET' to 'http://localhost:6090/session/55e83e81e3030ee22c33f0dfcaaeee8e/url'
10:39:54.347 [Forwarding getCurrentUrl on session 55e83e81e3030ee22c33f0dfcaaeee8e to remote] DEBUG org.asynchttpclient.netty.request.NettyRequestSender - Using open Channel [id: 0x43aa9d62, L:/127.0.0.1:55180 - R:localhost/127.0.0.1:6090] for GET '/session/55e83e81e3030ee22c33f0dfcaaeee8e/url'
10:39:54.351 [AsyncHttpClient-1-8] DEBUG org.asynchttpclient.netty.handler.HttpHandler - 

Request DefaultFullHttpRequest(decodeResult: success, version: HTTP/1.1, content: EmptyByteBufBE)
GET /session/55e83e81e3030ee22c33f0dfcaaeee8e/url HTTP/1.1
User-Agent: selenium/4.8.1 (java windows)
Cache-Control: no-cache
Content-Type: application/json; charset=utf-8
host: localhost:6090
accept: */*

Response DefaultHttpResponse(decodeResult: success, version: HTTP/1.1)
HTTP/1.1 200 OK
Content-Length: 54
Content-Type: application/json; charset=utf-8
cache-control: no-cache

10:39:54.351 [AsyncHttpClient-1-8] DEBUG org.asynchttpclient.netty.channel.ChannelManager - Adding key: http://localhost:6090 for channel [id: 0x43aa9d62, L:/127.0.0.1:55180 - R:localhost/127.0.0.1:6090]
10:39:54.353 [main] DEBUG net.thucydides.core.steps.StepInterceptor - STARTING STEP: RegisterSteps.inputPasswordReg - inputPasswordReg
10:39:54.354 [Forwarding findElement on session 55e83e81e3030ee22c33f0dfcaaeee8e to remote] DEBUG org.asynchttpclient.netty.request.NettyRequestSender - Using pooled Channel '[id: 0x43aa9d62, L:/127.0.0.1:55180 - R:localhost/127.0.0.1:6090]' for 'POST' to 'http://localhost:6090/session/55e83e81e3030ee22c33f0dfcaaeee8e/element'
10:39:54.354 [Forwarding findElement on session 55e83e81e3030ee22c33f0dfcaaeee8e to remote] DEBUG org.asynchttpclient.netty.request.NettyRequestSender - Using open Channel [id: 0x43aa9d62, L:/127.0.0.1:55180 - R:localhost/127.0.0.1:6090] for POST '/session/55e83e81e3030ee22c33f0dfcaaeee8e/element'
10:39:54.364 [AsyncHttpClient-1-8] DEBUG org.asynchttpclient.netty.handler.HttpHandler - 

Request DefaultHttpRequest(decodeResult: success, version: HTTP/1.1)
POST /session/55e83e81e3030ee22c33f0dfcaaeee8e/element HTTP/1.1
User-Agent: selenium/4.8.1 (java windows)
Content-Length: 55
Content-Type: application/json; charset=utf-8
host: localhost:6090
accept: */*

Response DefaultHttpResponse(decodeResult: success, version: HTTP/1.1)
HTTP/1.1 200 OK
Content-Length: 88
Content-Type: application/json; charset=utf-8
cache-control: no-cache

10:39:54.364 [AsyncHttpClient-1-8] DEBUG org.asynchttpclient.netty.channel.ChannelManager - Adding key: http://localhost:6090 for channel [id: 0x43aa9d62, L:/127.0.0.1:55180 - R:localhost/127.0.0.1:6090]
10:39:54.365 [Forwarding clearElement on session 55e83e81e3030ee22c33f0dfcaaeee8e to remote] DEBUG org.asynchttpclient.netty.request.NettyRequestSender - Using pooled Channel '[id: 0x43aa9d62, L:/127.0.0.1:55180 - R:localhost/127.0.0.1:6090]' for 'POST' to 'http://localhost:6090/session/55e83e81e3030ee22c33f0dfcaaeee8e/element/ceb3a6bc-dc87-48c9-92b1-3dd8963c300f/clear'
10:39:54.365 [Forwarding clearElement on session 55e83e81e3030ee22c33f0dfcaaeee8e to remote] DEBUG org.asynchttpclient.netty.request.NettyRequestSender - Using open Channel [id: 0x43aa9d62, L:/127.0.0.1:55180 - R:localhost/127.0.0.1:6090] for POST '/session/55e83e81e3030ee22c33f0dfcaaeee8e/element/ceb3a6bc-dc87-48c9-92b1-3dd8963c300f/clear'
10:39:54.389 [AsyncHttpClient-1-8] DEBUG org.asynchttpclient.netty.handler.HttpHandler - 

Request DefaultHttpRequest(decodeResult: success, version: HTTP/1.1)
POST /session/55e83e81e3030ee22c33f0dfcaaeee8e/element/ceb3a6bc-dc87-48c9-92b1-3dd8963c300f/clear HTTP/1.1
User-Agent: selenium/4.8.1 (java windows)
Content-Length: 50
Content-Type: application/json; charset=utf-8
host: localhost:6090
accept: */*

Response DefaultHttpResponse(decodeResult: success, version: HTTP/1.1)
HTTP/1.1 200 OK
Content-Length: 14
Content-Type: application/json; charset=utf-8
cache-control: no-cache

10:39:54.389 [AsyncHttpClient-1-8] DEBUG org.asynchttpclient.netty.channel.ChannelManager - Adding key: http://localhost:6090 for channel [id: 0x43aa9d62, L:/127.0.0.1:55180 - R:localhost/127.0.0.1:6090]
10:39:54.391 [Forwarding sendKeysToElement on session 55e83e81e3030ee22c33f0dfcaaeee8e to remote] DEBUG org.asynchttpclient.netty.request.NettyRequestSender - Using pooled Channel '[id: 0x43aa9d62, L:/127.0.0.1:55180 - R:localhost/127.0.0.1:6090]' for 'POST' to 'http://localhost:6090/session/55e83e81e3030ee22c33f0dfcaaeee8e/element/ceb3a6bc-dc87-48c9-92b1-3dd8963c300f/value'
10:39:54.391 [Forwarding sendKeysToElement on session 55e83e81e3030ee22c33f0dfcaaeee8e to remote] DEBUG org.asynchttpclient.netty.request.NettyRequestSender - Using open Channel [id: 0x43aa9d62, L:/127.0.0.1:55180 - R:localhost/127.0.0.1:6090] for POST '/session/55e83e81e3030ee22c33f0dfcaaeee8e/element/ceb3a6bc-dc87-48c9-92b1-3dd8963c300f/value'
10:39:54.477 [AsyncHttpClient-1-8] DEBUG org.asynchttpclient.netty.handler.HttpHandler - 

Request DefaultHttpRequest(decodeResult: success, version: HTTP/1.1)
POST /session/55e83e81e3030ee22c33f0dfcaaeee8e/element/ceb3a6bc-dc87-48c9-92b1-3dd8963c300f/value HTTP/1.1
User-Agent: selenium/4.8.1 (java windows)
Content-Length: 101
Content-Type: application/json; charset=utf-8
host: localhost:6090
accept: */*

Response DefaultHttpResponse(decodeResult: success, version: HTTP/1.1)
HTTP/1.1 200 OK
Content-Length: 14
Content-Type: application/json; charset=utf-8
cache-control: no-cache

10:39:54.477 [AsyncHttpClient-1-8] DEBUG org.asynchttpclient.netty.channel.ChannelManager - Adding key: http://localhost:6090 for channel [id: 0x43aa9d62, L:/127.0.0.1:55180 - R:localhost/127.0.0.1:6090]
10:39:54.484 [Forwarding getAlertText on session 55e83e81e3030ee22c33f0dfcaaeee8e to remote] DEBUG org.asynchttpclient.netty.request.NettyRequestSender - Using pooled Channel '[id: 0x43aa9d62, L:/127.0.0.1:55180 - R:localhost/127.0.0.1:6090]' for 'GET' to 'http://localhost:6090/session/55e83e81e3030ee22c33f0dfcaaeee8e/alert/text'
10:39:54.485 [Forwarding getAlertText on session 55e83e81e3030ee22c33f0dfcaaeee8e to remote] DEBUG org.asynchttpclient.netty.request.NettyRequestSender - Using open Channel [id: 0x43aa9d62, L:/127.0.0.1:55180 - R:localhost/127.0.0.1:6090] for GET '/session/55e83e81e3030ee22c33f0dfcaaeee8e/alert/text'
10:39:54.486 [AsyncHttpClient-1-8] DEBUG org.asynchttpclient.netty.handler.HttpHandler - 

Request DefaultFullHttpRequest(decodeResult: success, version: HTTP/1.1, content: EmptyByteBufBE)
GET /session/55e83e81e3030ee22c33f0dfcaaeee8e/alert/text HTTP/1.1
User-Agent: selenium/4.8.1 (java windows)
Cache-Control: no-cache
Content-Type: application/json; charset=utf-8
host: localhost:6090
accept: */*

Response DefaultHttpResponse(decodeResult: success, version: HTTP/1.1)
HTTP/1.1 404 Not Found
Content-Length: 836
Content-Type: application/json; charset=utf-8
cache-control: no-cache

10:39:54.487 [AsyncHttpClient-1-8] DEBUG org.asynchttpclient.netty.channel.ChannelManager - Adding key: http://localhost:6090 for channel [id: 0x43aa9d62, L:/127.0.0.1:55180 - R:localhost/127.0.0.1:6090]
10:39:54.489 [Forwarding getCurrentUrl on session 55e83e81e3030ee22c33f0dfcaaeee8e to remote] DEBUG org.asynchttpclient.netty.request.NettyRequestSender - Using pooled Channel '[id: 0x43aa9d62, L:/127.0.0.1:55180 - R:localhost/127.0.0.1:6090]' for 'GET' to 'http://localhost:6090/session/55e83e81e3030ee22c33f0dfcaaeee8e/url'
10:39:54.489 [Forwarding getCurrentUrl on session 55e83e81e3030ee22c33f0dfcaaeee8e to remote] DEBUG org.asynchttpclient.netty.request.NettyRequestSender - Using open Channel [id: 0x43aa9d62, L:/127.0.0.1:55180 - R:localhost/127.0.0.1:6090] for GET '/session/55e83e81e3030ee22c33f0dfcaaeee8e/url'
10:39:54.496 [AsyncHttpClient-1-8] DEBUG org.asynchttpclient.netty.handler.HttpHandler - 

Request DefaultFullHttpRequest(decodeResult: success, version: HTTP/1.1, content: EmptyByteBufBE)
GET /session/55e83e81e3030ee22c33f0dfcaaeee8e/url HTTP/1.1
User-Agent: selenium/4.8.1 (java windows)
Cache-Control: no-cache
Content-Type: application/json; charset=utf-8
host: localhost:6090
accept: */*

Response DefaultHttpResponse(decodeResult: success, version: HTTP/1.1)
HTTP/1.1 200 OK
Content-Length: 54
Content-Type: application/json; charset=utf-8
cache-control: no-cache

10:39:54.497 [AsyncHttpClient-1-8] DEBUG org.asynchttpclient.netty.channel.ChannelManager - Adding key: http://localhost:6090 for channel [id: 0x43aa9d62, L:/127.0.0.1:55180 - R:localhost/127.0.0.1:6090]
10:39:54.498 [Forwarding screenshot on session 55e83e81e3030ee22c33f0dfcaaeee8e to remote] DEBUG org.asynchttpclient.netty.request.NettyRequestSender - Using pooled Channel '[id: 0x43aa9d62, L:/127.0.0.1:55180 - R:localhost/127.0.0.1:6090]' for 'GET' to 'http://localhost:6090/session/55e83e81e3030ee22c33f0dfcaaeee8e/screenshot'
10:39:54.498 [Forwarding screenshot on session 55e83e81e3030ee22c33f0dfcaaeee8e to remote] DEBUG org.asynchttpclient.netty.request.NettyRequestSender - Using open Channel [id: 0x43aa9d62, L:/127.0.0.1:55180 - R:localhost/127.0.0.1:6090] for GET '/session/55e83e81e3030ee22c33f0dfcaaeee8e/screenshot'
10:39:54.504 [AsyncHttpClient-1-1] DEBUG org.asynchttpclient.netty.channel.DefaultChannelPool - Entry count for : http://localhost:55182 : 1
10:39:54.603 [AsyncHttpClient-1-8] DEBUG org.asynchttpclient.netty.handler.HttpHandler - 

Request DefaultFullHttpRequest(decodeResult: success, version: HTTP/1.1, content: EmptyByteBufBE)
GET /session/55e83e81e3030ee22c33f0dfcaaeee8e/screenshot HTTP/1.1
User-Agent: selenium/4.8.1 (java windows)
Cache-Control: no-cache
Content-Type: application/json; charset=utf-8
host: localhost:6090
accept: */*

Response DefaultHttpResponse(decodeResult: success, version: HTTP/1.1)
HTTP/1.1 200 OK
Content-Length: 29264
Content-Type: application/json; charset=utf-8
cache-control: no-cache

10:39:54.603 [AsyncHttpClient-1-8] DEBUG org.asynchttpclient.netty.channel.ChannelManager - Adding key: http://localhost:6090 for channel [id: 0x43aa9d62, L:/127.0.0.1:55180 - R:localhost/127.0.0.1:6090]
10:39:54.604 [main] DEBUG net.serenitybdd.core.photography.Darkroom - Send negative for processing for target\site\serenity\977b7368f81e9d5221bc7615d5e68b020f253a0eb8c94f663a5ccc5c80903b11.png
10:39:54.605 [main] DEBUG net.thucydides.core.steps.StepInterceptor - STEP DONE: inputPasswordReg
10:39:54.605 [Darkroom Processing Line] DEBUG net.serenitybdd.core.photography.DarkroomProcessingLine - Processing screenshot image in /var/screenshots/screenshot-6015315877750254456
  &amp#27;[32mAnd &amp#27;[0m&amp#27;[32mI input correct password for register&amp#27;[0m &amp#27;[90m# starter.stepdefinitions.RegisterSteps.inputPasswordReg()&amp#27;[0m
10:39:54.605 [Darkroom Processing Line] DEBUG net.serenitybdd.core.photography.DarkroomProcessingLine - Saving screenshot to target\site\serenity\977b7368f81e9d5221bc7615d5e68b020f253a0eb8c94f663a5ccc5c80903b11.png
10:39:54.611 [Forwarding getPageSource on session 55e83e81e3030ee22c33f0dfcaaeee8e to remote] DEBUG org.asynchttpclient.netty.request.NettyRequestSender - Using pooled Channel '[id: 0x43aa9d62, L:/127.0.0.1:55180 - R:localhost/127.0.0.1:6090]' for 'POST' to 'http://localhost:6090/session/55e83e81e3030ee22c33f0dfcaaeee8e/execute/sync'
10:39:54.611 [Forwarding getPageSource on session 55e83e81e3030ee22c33f0dfcaaeee8e to remote] DEBUG org.asynchttpclient.netty.request.NettyRequestSender - Using open Channel [id: 0x43aa9d62, L:/127.0.0.1:55180 - R:localhost/127.0.0.1:6090] for POST '/session/55e83e81e3030ee22c33f0dfcaaeee8e/execute/sync'
10:39:54.616 [AsyncHttpClient-1-8] DEBUG org.asynchttpclient.netty.handler.HttpHandler - 

Request DefaultHttpRequest(decodeResult: success, version: HTTP/1.1)
POST /session/55e83e81e3030ee22c33f0dfcaaeee8e/execute/sync HTTP/1.1
User-Agent: selenium/4.8.1 (java windows)
Content-Length: 176
Content-Type: application/json; charset=utf-8
host: localhost:6090
accept: */*

Response DefaultHttpResponse(decodeResult: success, version: HTTP/1.1)
HTTP/1.1 200 OK
Content-Length: 22494
Content-Type: application/json; charset=utf-8
cache-control: no-cache

10:39:54.616 [AsyncHttpClient-1-8] DEBUG org.asynchttpclient.netty.channel.ChannelManager - Adding key: http://localhost:6090 for channel [id: 0x43aa9d62, L:/127.0.0.1:55180 - R:localhost/127.0.0.1:6090]
10:39:54.617 [Forwarding getCurrentUrl on session 55e83e81e3030ee22c33f0dfcaaeee8e to remote] DEBUG org.asynchttpclient.netty.request.NettyRequestSender - Using pooled Channel '[id: 0x43aa9d62, L:/127.0.0.1:55180 - R:localhost/127.0.0.1:6090]' for 'GET' to 'http://localhost:6090/session/55e83e81e3030ee22c33f0dfcaaeee8e/url'
10:39:54.617 [Forwarding getCurrentUrl on session 55e83e81e3030ee22c33f0dfcaaeee8e to remote] DEBUG org.asynchttpclient.netty.request.NettyRequestSender - Using open Channel [id: 0x43aa9d62, L:/127.0.0.1:55180 - R:localhost/127.0.0.1:6090] for GET '/session/55e83e81e3030ee22c33f0dfcaaeee8e/url'
10:39:54.621 [AsyncHttpClient-1-8] DEBUG org.asynchttpclient.netty.handler.HttpHandler - 

Request DefaultFullHttpRequest(decodeResult: success, version: HTTP/1.1, content: EmptyByteBufBE)
GET /session/55e83e81e3030ee22c33f0dfcaaeee8e/url HTTP/1.1
User-Agent: selenium/4.8.1 (java windows)
Cache-Control: no-cache
Content-Type: application/json; charset=utf-8
host: localhost:6090
accept: */*

Response DefaultHttpResponse(decodeResult: success, version: HTTP/1.1)
HTTP/1.1 200 OK
Content-Length: 54
Content-Type: application/json; charset=utf-8
cache-control: no-cache

10:39:54.621 [AsyncHttpClient-1-8] DEBUG org.asynchttpclient.netty.channel.ChannelManager - Adding key: http://localhost:6090 for channel [id: 0x43aa9d62, L:/127.0.0.1:55180 - R:localhost/127.0.0.1:6090]
10:39:54.627 [Forwarding getPageSource on session 55e83e81e3030ee22c33f0dfcaaeee8e to remote] DEBUG org.asynchttpclient.netty.request.NettyRequestSender - Using pooled Channel '[id: 0x43aa9d62, L:/127.0.0.1:55180 - R:localhost/127.0.0.1:6090]' for 'POST' to 'http://localhost:6090/session/55e83e81e3030ee22c33f0dfcaaeee8e/execute/sync'
10:39:54.627 [Forwarding getPageSource on session 55e83e81e3030ee22c33f0dfcaaeee8e to remote] DEBUG org.asynchttpclient.netty.request.NettyRequestSender - Using open Channel [id: 0x43aa9d62, L:/127.0.0.1:55180 - R:localhost/127.0.0.1:6090] for POST '/session/55e83e81e3030ee22c33f0dfcaaeee8e/execute/sync'
10:39:54.631 [AsyncHttpClient-1-8] DEBUG org.asynchttpclient.netty.handler.HttpHandler - 

Request DefaultHttpRequest(decodeResult: success, version: HTTP/1.1)
POST /session/55e83e81e3030ee22c33f0dfcaaeee8e/execute/sync HTTP/1.1
User-Agent: selenium/4.8.1 (java windows)
Content-Length: 176
Content-Type: application/json; charset=utf-8
host: localhost:6090
accept: */*

Response DefaultHttpResponse(decodeResult: success, version: HTTP/1.1)
HTTP/1.1 200 OK
Content-Length: 22494
Content-Type: application/json; charset=utf-8
cache-control: no-cache

10:39:54.631 [AsyncHttpClient-1-8] DEBUG org.asynchttpclient.netty.channel.ChannelManager - Adding key: http://localhost:6090 for channel [id: 0x43aa9d62, L:/127.0.0.1:55180 - R:localhost/127.0.0.1:6090]
10:39:54.636 [Forwarding getCurrentUrl on session 55e83e81e3030ee22c33f0dfcaaeee8e to remote] DEBUG org.asynchttpclient.netty.request.NettyRequestSender - Using pooled Channel '[id: 0x43aa9d62, L:/127.0.0.1:55180 - R:localhost/127.0.0.1:6090]' for 'GET' to 'http://localhost:6090/session/55e83e81e3030ee22c33f0dfcaaeee8e/url'
10:39:54.636 [Forwarding getCurrentUrl on session 55e83e81e3030ee22c33f0dfcaaeee8e to remote] DEBUG org.asynchttpclient.netty.request.NettyRequestSender - Using open Channel [id: 0x43aa9d62, L:/127.0.0.1:55180 - R:localhost/127.0.0.1:6090] for GET '/session/55e83e81e3030ee22c33f0dfcaaeee8e/url'
10:39:54.639 [AsyncHttpClient-1-8] DEBUG org.asynchttpclient.netty.handler.HttpHandler - 

Request DefaultFullHttpRequest(decodeResult: success, version: HTTP/1.1, content: EmptyByteBufBE)
GET /session/55e83e81e3030ee22c33f0dfcaaeee8e/url HTTP/1.1
User-Agent: selenium/4.8.1 (java windows)
Cache-Control: no-cache
Content-Type: application/json; charset=utf-8
host: localhost:6090
accept: */*

Response DefaultHttpResponse(decodeResult: success, version: HTTP/1.1)
HTTP/1.1 200 OK
Content-Length: 54
Content-Type: application/json; charset=utf-8
cache-control: no-cache

10:39:54.639 [AsyncHttpClient-1-8] DEBUG org.asynchttpclient.netty.channel.ChannelManager - Adding key: http://localhost:6090 for channel [id: 0x43aa9d62, L:/127.0.0.1:55180 - R:localhost/127.0.0.1:6090]
10:39:54.641 [main] DEBUG net.thucydides.core.steps.StepInterceptor - STARTING STEP: RegisterSteps.ClickRegisterButton - ClickRegisterButton
10:39:54.643 [Forwarding findElement on session 55e83e81e3030ee22c33f0dfcaaeee8e to remote] DEBUG org.asynchttpclient.netty.request.NettyRequestSender - Using pooled Channel '[id: 0x43aa9d62, L:/127.0.0.1:55180 - R:localhost/127.0.0.1:6090]' for 'POST' to 'http://localhost:6090/session/55e83e81e3030ee22c33f0dfcaaeee8e/element'
10:39:54.643 [Forwarding findElement on session 55e83e81e3030ee22c33f0dfcaaeee8e to remote] DEBUG org.asynchttpclient.netty.request.NettyRequestSender - Using open Channel [id: 0x43aa9d62, L:/127.0.0.1:55180 - R:localhost/127.0.0.1:6090] for POST '/session/55e83e81e3030ee22c33f0dfcaaeee8e/element'
10:39:54.654 [AsyncHttpClient-1-8] DEBUG org.asynchttpclient.netty.handler.HttpHandler - 

Request DefaultHttpRequest(decodeResult: success, version: HTTP/1.1)
POST /session/55e83e81e3030ee22c33f0dfcaaeee8e/element HTTP/1.1
User-Agent: selenium/4.8.1 (java windows)
Content-Length: 71
Content-Type: application/json; charset=utf-8
host: localhost:6090
accept: */*

Response DefaultHttpResponse(decodeResult: success, version: HTTP/1.1)
HTTP/1.1 200 OK
Content-Length: 88
Content-Type: application/json; charset=utf-8
cache-control: no-cache

10:39:54.654 [AsyncHttpClient-1-8] DEBUG org.asynchttpclient.netty.channel.ChannelManager - Adding key: http://localhost:6090 for channel [id: 0x43aa9d62, L:/127.0.0.1:55180 - R:localhost/127.0.0.1:6090]
10:39:54.655 [Forwarding getElementTagName on session 55e83e81e3030ee22c33f0dfcaaeee8e to remote] DEBUG org.asynchttpclient.netty.request.NettyRequestSender - Using pooled Channel '[id: 0x43aa9d62, L:/127.0.0.1:55180 - R:localhost/127.0.0.1:6090]' for 'GET' to 'http://localhost:6090/session/55e83e81e3030ee22c33f0dfcaaeee8e/element/e2915e3b-2f88-4baa-a9c0-819181768e72/name'
10:39:54.655 [Forwarding getElementTagName on session 55e83e81e3030ee22c33f0dfcaaeee8e to remote] DEBUG org.asynchttpclient.netty.request.NettyRequestSender - Using open Channel [id: 0x43aa9d62, L:/127.0.0.1:55180 - R:localhost/127.0.0.1:6090] for GET '/session/55e83e81e3030ee22c33f0dfcaaeee8e/element/e2915e3b-2f88-4baa-a9c0-819181768e72/name'
10:39:54.659 [AsyncHttpClient-1-8] DEBUG org.asynchttpclient.netty.handler.HttpHandler - 

Request DefaultFullHttpRequest(decodeResult: success, version: HTTP/1.1, content: EmptyByteBufBE)
GET /session/55e83e81e3030ee22c33f0dfcaaeee8e/element/e2915e3b-2f88-4baa-a9c0-819181768e72/name HTTP/1.1
User-Agent: selenium/4.8.1 (java windows)
Cache-Control: no-cache
Content-Type: application/json; charset=utf-8
host: localhost:6090
accept: */*

Response DefaultHttpResponse(decodeResult: success, version: HTTP/1.1)
HTTP/1.1 200 OK
Content-Length: 18
Content-Type: application/json; charset=utf-8
cache-control: no-cache

10:39:54.659 [AsyncHttpClient-1-8] DEBUG org.asynchttpclient.netty.channel.ChannelManager - Adding key: http://localhost:6090 for channel [id: 0x43aa9d62, L:/127.0.0.1:55180 - R:localhost/127.0.0.1:6090]
10:39:54.659 [Forwarding getElementTagName on session 55e83e81e3030ee22c33f0dfcaaeee8e to remote] DEBUG org.asynchttpclient.netty.request.NettyRequestSender - Using pooled Channel '[id: 0x43aa9d62, L:/127.0.0.1:55180 - R:localhost/127.0.0.1:6090]' for 'GET' to 'http://localhost:6090/session/55e83e81e3030ee22c33f0dfcaaeee8e/element/e2915e3b-2f88-4baa-a9c0-819181768e72/name'
10:39:54.659 [Forwarding getElementTagName on session 55e83e81e3030ee22c33f0dfcaaeee8e to remote] DEBUG org.asynchttpclient.netty.request.NettyRequestSender - Using open Channel [id: 0x43aa9d62, L:/127.0.0.1:55180 - R:localhost/127.0.0.1:6090] for GET '/session/55e83e81e3030ee22c33f0dfcaaeee8e/element/e2915e3b-2f88-4baa-a9c0-819181768e72/name'
10:39:54.663 [AsyncHttpClient-1-8] DEBUG org.asynchttpclient.netty.handler.HttpHandler - 

Request DefaultFullHttpRequest(decodeResult: success, version: HTTP/1.1, content: EmptyByteBufBE)
GET /session/55e83e81e3030ee22c33f0dfcaaeee8e/element/e2915e3b-2f88-4baa-a9c0-819181768e72/name HTTP/1.1
User-Agent: selenium/4.8.1 (java windows)
Cache-Control: no-cache
Content-Type: application/json; charset=utf-8
host: localhost:6090
accept: */*

Response DefaultHttpResponse(decodeResult: success, version: HTTP/1.1)
HTTP/1.1 200 OK
Content-Length: 18
Content-Type: application/json; charset=utf-8
cache-control: no-cache

10:39:54.663 [AsyncHttpClient-1-8] DEBUG org.asynchttpclient.netty.channel.ChannelManager - Adding key: http://localhost:6090 for channel [id: 0x43aa9d62, L:/127.0.0.1:55180 - R:localhost/127.0.0.1:6090]
10:39:54.664 [Forwarding isElementEnabled on session 55e83e81e3030ee22c33f0dfcaaeee8e to remote] DEBUG org.asynchttpclient.netty.request.NettyRequestSender - Using pooled Channel '[id: 0x43aa9d62, L:/127.0.0.1:55180 - R:localhost/127.0.0.1:6090]' for 'GET' to 'http://localhost:6090/session/55e83e81e3030ee22c33f0dfcaaeee8e/element/e2915e3b-2f88-4baa-a9c0-819181768e72/enabled'
10:39:54.665 [Forwarding isElementEnabled on session 55e83e81e3030ee22c33f0dfcaaeee8e to remote] DEBUG org.asynchttpclient.netty.request.NettyRequestSender - Using open Channel [id: 0x43aa9d62, L:/127.0.0.1:55180 - R:localhost/127.0.0.1:6090] for GET '/session/55e83e81e3030ee22c33f0dfcaaeee8e/element/e2915e3b-2f88-4baa-a9c0-819181768e72/enabled'
10:39:54.670 [AsyncHttpClient-1-8] DEBUG org.asynchttpclient.netty.handler.HttpHandler - 

Request DefaultFullHttpRequest(decodeResult: success, version: HTTP/1.1, content: EmptyByteBufBE)
GET /session/55e83e81e3030ee22c33f0dfcaaeee8e/element/e2915e3b-2f88-4baa-a9c0-819181768e72/enabled HTTP/1.1
User-Agent: selenium/4.8.1 (java windows)
Cache-Control: no-cache
Content-Type: application/json; charset=utf-8
host: localhost:6090
accept: */*

Response DefaultHttpResponse(decodeResult: success, version: HTTP/1.1)
HTTP/1.1 200 OK
Content-Length: 14
Content-Type: application/json; charset=utf-8
cache-control: no-cache

10:39:54.670 [AsyncHttpClient-1-8] DEBUG org.asynchttpclient.netty.channel.ChannelManager - Adding key: http://localhost:6090 for channel [id: 0x43aa9d62, L:/127.0.0.1:55180 - R:localhost/127.0.0.1:6090]
10:39:54.672 [Forwarding isElementEnabled on session 55e83e81e3030ee22c33f0dfcaaeee8e to remote] DEBUG org.asynchttpclient.netty.request.NettyRequestSender - Using pooled Channel '[id: 0x43aa9d62, L:/127.0.0.1:55180 - R:localhost/127.0.0.1:6090]' for 'GET' to 'http://localhost:6090/session/55e83e81e3030ee22c33f0dfcaaeee8e/element/e2915e3b-2f88-4baa-a9c0-819181768e72/enabled'
10:39:54.672 [Forwarding isElementEnabled on session 55e83e81e3030ee22c33f0dfcaaeee8e to remote] DEBUG org.asynchttpclient.netty.request.NettyRequestSender - Using open Channel [id: 0x43aa9d62, L:/127.0.0.1:55180 - R:localhost/127.0.0.1:6090] for GET '/session/55e83e81e3030ee22c33f0dfcaaeee8e/element/e2915e3b-2f88-4baa-a9c0-819181768e72/enabled'
10:39:54.676 [AsyncHttpClient-1-8] DEBUG org.asynchttpclient.netty.handler.HttpHandler - 

Request DefaultFullHttpRequest(decodeResult: success, version: HTTP/1.1, content: EmptyByteBufBE)
GET /session/55e83e81e3030ee22c33f0dfcaaeee8e/element/e2915e3b-2f88-4baa-a9c0-819181768e72/enabled HTTP/1.1
User-Agent: selenium/4.8.1 (java windows)
Cache-Control: no-cache
Content-Type: application/json; charset=utf-8
host: localhost:6090
accept: */*

Response DefaultHttpResponse(decodeResult: success, version: HTTP/1.1)
HTTP/1.1 200 OK
Content-Length: 14
Content-Type: application/json; charset=utf-8
cache-control: no-cache

10:39:54.677 [AsyncHttpClient-1-8] DEBUG org.asynchttpclient.netty.channel.ChannelManager - Adding key: http://localhost:6090 for channel [id: 0x43aa9d62, L:/127.0.0.1:55180 - R:localhost/127.0.0.1:6090]
10:39:54.678 [Forwarding findElement on session 55e83e81e3030ee22c33f0dfcaaeee8e to remote] DEBUG org.asynchttpclient.netty.request.NettyRequestSender - Using pooled Channel '[id: 0x43aa9d62, L:/127.0.0.1:55180 - R:localhost/127.0.0.1:6090]' for 'POST' to 'http://localhost:6090/session/55e83e81e3030ee22c33f0dfcaaeee8e/element'
10:39:54.678 [Forwarding findElement on session 55e83e81e3030ee22c33f0dfcaaeee8e to remote] DEBUG org.asynchttpclient.netty.request.NettyRequestSender - Using open Channel [id: 0x43aa9d62, L:/127.0.0.1:55180 - R:localhost/127.0.0.1:6090] for POST '/session/55e83e81e3030ee22c33f0dfcaaeee8e/element'
10:39:54.684 [AsyncHttpClient-1-8] DEBUG org.asynchttpclient.netty.handler.HttpHandler - 

Request DefaultHttpRequest(decodeResult: success, version: HTTP/1.1)
POST /session/55e83e81e3030ee22c33f0dfcaaeee8e/element HTTP/1.1
User-Agent: selenium/4.8.1 (java windows)
Content-Length: 71
Content-Type: application/json; charset=utf-8
host: localhost:6090
accept: */*

Response DefaultHttpResponse(decodeResult: success, version: HTTP/1.1)
HTTP/1.1 200 OK
Content-Length: 88
Content-Type: application/json; charset=utf-8
cache-control: no-cache

10:39:54.684 [AsyncHttpClient-1-8] DEBUG org.asynchttpclient.netty.channel.ChannelManager - Adding key: http://localhost:6090 for channel [id: 0x43aa9d62, L:/127.0.0.1:55180 - R:localhost/127.0.0.1:6090]
10:39:54.685 [Forwarding clickElement on session 55e83e81e3030ee22c33f0dfcaaeee8e to remote] DEBUG org.asynchttpclient.netty.request.NettyRequestSender - Using pooled Channel '[id: 0x43aa9d62, L:/127.0.0.1:55180 - R:localhost/127.0.0.1:6090]' for 'POST' to 'http://localhost:6090/session/55e83e81e3030ee22c33f0dfcaaeee8e/element/e2915e3b-2f88-4baa-a9c0-819181768e72/click'
10:39:54.685 [Forwarding clickElement on session 55e83e81e3030ee22c33f0dfcaaeee8e to remote] DEBUG org.asynchttpclient.netty.request.NettyRequestSender - Using open Channel [id: 0x43aa9d62, L:/127.0.0.1:55180 - R:localhost/127.0.0.1:6090] for POST '/session/55e83e81e3030ee22c33f0dfcaaeee8e/element/e2915e3b-2f88-4baa-a9c0-819181768e72/click'
10:39:54.716 [AsyncHttpClient-1-8] DEBUG org.asynchttpclient.netty.handler.HttpHandler - 

Request DefaultHttpRequest(decodeResult: success, version: HTTP/1.1)
POST /session/55e83e81e3030ee22c33f0dfcaaeee8e/element/e2915e3b-2f88-4baa-a9c0-819181768e72/click HTTP/1.1
User-Agent: selenium/4.8.1 (java windows)
Content-Length: 50
Content-Type: application/json; charset=utf-8
host: localhost:6090
accept: */*

Response DefaultHttpResponse(decodeResult: success, version: HTTP/1.1)
HTTP/1.1 200 OK
Content-Length: 14
Content-Type: application/json; charset=utf-8
cache-control: no-cache

10:39:54.716 [AsyncHttpClient-1-8] DEBUG org.asynchttpclient.netty.channel.ChannelManager - Adding key: http://localhost:6090 for channel [id: 0x43aa9d62, L:/127.0.0.1:55180 - R:localhost/127.0.0.1:6090]
10:39:54.720 [Forwarding getAlertText on session 55e83e81e3030ee22c33f0dfcaaeee8e to remote] DEBUG org.asynchttpclient.netty.request.NettyRequestSender - Using pooled Channel '[id: 0x43aa9d62, L:/127.0.0.1:55180 - R:localhost/127.0.0.1:6090]' for 'GET' to 'http://localhost:6090/session/55e83e81e3030ee22c33f0dfcaaeee8e/alert/text'
10:39:54.720 [Forwarding getAlertText on session 55e83e81e3030ee22c33f0dfcaaeee8e to remote] DEBUG org.asynchttpclient.netty.request.NettyRequestSender - Using open Channel [id: 0x43aa9d62, L:/127.0.0.1:55180 - R:localhost/127.0.0.1:6090] for GET '/session/55e83e81e3030ee22c33f0dfcaaeee8e/alert/text'
10:39:54.722 [AsyncHttpClient-1-8] DEBUG org.asynchttpclient.netty.handler.HttpHandler - 

Request DefaultFullHttpRequest(decodeResult: success, version: HTTP/1.1, content: EmptyByteBufBE)
GET /session/55e83e81e3030ee22c33f0dfcaaeee8e/alert/text HTTP/1.1
User-Agent: selenium/4.8.1 (java windows)
Cache-Control: no-cache
Content-Type: application/json; charset=utf-8
host: localhost:6090
accept: */*

Response DefaultHttpResponse(decodeResult: success, version: HTTP/1.1)
HTTP/1.1 404 Not Found
Content-Length: 836
Content-Type: application/json; charset=utf-8
cache-control: no-cache

10:39:54.722 [AsyncHttpClient-1-8] DEBUG org.asynchttpclient.netty.channel.ChannelManager - Adding key: http://localhost:6090 for channel [id: 0x43aa9d62, L:/127.0.0.1:55180 - R:localhost/127.0.0.1:6090]
10:39:54.723 [Forwarding getCurrentUrl on session 55e83e81e3030ee22c33f0dfcaaeee8e to remote] DEBUG org.asynchttpclient.netty.request.NettyRequestSender - Using pooled Channel '[id: 0x43aa9d62, L:/127.0.0.1:55180 - R:localhost/127.0.0.1:6090]' for 'GET' to 'http://localhost:6090/session/55e83e81e3030ee22c33f0dfcaaeee8e/url'
10:39:54.723 [Forwarding getCurrentUrl on session 55e83e81e3030ee22c33f0dfcaaeee8e to remote] DEBUG org.asynchttpclient.netty.request.NettyRequestSender - Using open Channel [id: 0x43aa9d62, L:/127.0.0.1:55180 - R:localhost/127.0.0.1:6090] for GET '/session/55e83e81e3030ee22c33f0dfcaaeee8e/url'
10:39:54.727 [AsyncHttpClient-1-8] DEBUG org.asynchttpclient.netty.handler.HttpHandler - 

Request DefaultFullHttpRequest(decodeResult: success, version: HTTP/1.1, content: EmptyByteBufBE)
GET /session/55e83e81e3030ee22c33f0dfcaaeee8e/url HTTP/1.1
User-Agent: selenium/4.8.1 (java windows)
Cache-Control: no-cache
Content-Type: application/json; charset=utf-8
host: localhost:6090
accept: */*

Response DefaultHttpResponse(decodeResult: success, version: HTTP/1.1)
HTTP/1.1 200 OK
Content-Length: 54
Content-Type: application/json; charset=utf-8
cache-control: no-cache

10:39:54.727 [AsyncHttpClient-1-8] DEBUG org.asynchttpclient.netty.channel.ChannelManager - Adding key: http://localhost:6090 for channel [id: 0x43aa9d62, L:/127.0.0.1:55180 - R:localhost/127.0.0.1:6090]
10:39:54.727 [Forwarding screenshot on session 55e83e81e3030ee22c33f0dfcaaeee8e to remote] DEBUG org.asynchttpclient.netty.request.NettyRequestSender - Using pooled Channel '[id: 0x43aa9d62, L:/127.0.0.1:55180 - R:localhost/127.0.0.1:6090]' for 'GET' to 'http://localhost:6090/session/55e83e81e3030ee22c33f0dfcaaeee8e/screenshot'
10:39:54.727 [Forwarding screenshot on session 55e83e81e3030ee22c33f0dfcaaeee8e to remote] DEBUG org.asynchttpclient.netty.request.NettyRequestSender - Using open Channel [id: 0x43aa9d62, L:/127.0.0.1:55180 - R:localhost/127.0.0.1:6090] for GET '/session/55e83e81e3030ee22c33f0dfcaaeee8e/screenshot'
10:39:54.819 [AsyncHttpClient-1-8] DEBUG org.asynchttpclient.netty.handler.HttpHandler - 

Request DefaultFullHttpRequest(decodeResult: success, version: HTTP/1.1, content: EmptyByteBufBE)
GET /session/55e83e81e3030ee22c33f0dfcaaeee8e/screenshot HTTP/1.1
User-Agent: selenium/4.8.1 (java windows)
Cache-Control: no-cache
Content-Type: application/json; charset=utf-8
host: localhost:6090
accept: */*

Response DefaultHttpResponse(decodeResult: success, version: HTTP/1.1)
HTTP/1.1 200 OK
Content-Length: 28476
Content-Type: application/json; charset=utf-8
cache-control: no-cache

10:39:54.819 [AsyncHttpClient-1-8] DEBUG org.asynchttpclient.netty.channel.ChannelManager - Adding key: http://localhost:6090 for channel [id: 0x43aa9d62, L:/127.0.0.1:55180 - R:localhost/127.0.0.1:6090]
10:39:54.820 [main] DEBUG net.serenitybdd.core.photography.Darkroom - Send negative for processing for target\site\serenity\b9d22c3f79c385439eea69960221725df4a8974257a048ad31c436e2f7494a99.png
10:39:54.821 [main] DEBUG net.thucydides.core.steps.StepInterceptor - STEP DONE: ClickRegisterButton
  &amp#27;[32mWhen &amp#27;[0m&amp#27;[32mI click on the register button&amp#27;[0m       &amp#27;[90m# starter.stepdefinitions.RegisterSteps.ClickRegisterButton()&amp#27;[0m
10:39:54.821 [Darkroom Processing Line] DEBUG net.serenitybdd.core.photography.DarkroomProcessingLine - Processing screenshot image in /var/screenshots/screenshot-2568745216723900044
10:39:54.821 [Darkroom Processing Line] DEBUG net.serenitybdd.core.photography.DarkroomProcessingLine - Saving screenshot to target\site\serenity\b9d22c3f79c385439eea69960221725df4a8974257a048ad31c436e2f7494a99.png
10:39:54.827 [Forwarding getPageSource on session 55e83e81e3030ee22c33f0dfcaaeee8e to remote] DEBUG org.asynchttpclient.netty.request.NettyRequestSender - Using pooled Channel '[id: 0x43aa9d62, L:/127.0.0.1:55180 - R:localhost/127.0.0.1:6090]' for 'POST' to 'http://localhost:6090/session/55e83e81e3030ee22c33f0dfcaaeee8e/execute/sync'
10:39:54.827 [Forwarding getPageSource on session 55e83e81e3030ee22c33f0dfcaaeee8e to remote] DEBUG org.asynchttpclient.netty.request.NettyRequestSender - Using open Channel [id: 0x43aa9d62, L:/127.0.0.1:55180 - R:localhost/127.0.0.1:6090] for POST '/session/55e83e81e3030ee22c33f0dfcaaeee8e/execute/sync'
10:39:54.831 [AsyncHttpClient-1-8] DEBUG org.asynchttpclient.netty.handler.HttpHandler - 

Request DefaultHttpRequest(decodeResult: success, version: HTTP/1.1)
POST /session/55e83e81e3030ee22c33f0dfcaaeee8e/execute/sync HTTP/1.1
User-Agent: selenium/4.8.1 (java windows)
Content-Length: 176
Content-Type: application/json; charset=utf-8
host: localhost:6090
accept: */*

Response DefaultHttpResponse(decodeResult: success, version: HTTP/1.1)
HTTP/1.1 200 OK
Content-Length: 22773
Content-Type: application/json; charset=utf-8
cache-control: no-cache

10:39:54.831 [AsyncHttpClient-1-8] DEBUG org.asynchttpclient.netty.channel.ChannelManager - Adding key: http://localhost:6090 for channel [id: 0x43aa9d62, L:/127.0.0.1:55180 - R:localhost/127.0.0.1:6090]
10:39:54.833 [Forwarding getCurrentUrl on session 55e83e81e3030ee22c33f0dfcaaeee8e to remote] DEBUG org.asynchttpclient.netty.request.NettyRequestSender - Using pooled Channel '[id: 0x43aa9d62, L:/127.0.0.1:55180 - R:localhost/127.0.0.1:6090]' for 'GET' to 'http://localhost:6090/session/55e83e81e3030ee22c33f0dfcaaeee8e/url'
10:39:54.833 [Forwarding getCurrentUrl on session 55e83e81e3030ee22c33f0dfcaaeee8e to remote] DEBUG org.asynchttpclient.netty.request.NettyRequestSender - Using open Channel [id: 0x43aa9d62, L:/127.0.0.1:55180 - R:localhost/127.0.0.1:6090] for GET '/session/55e83e81e3030ee22c33f0dfcaaeee8e/url'
10:39:54.837 [AsyncHttpClient-1-8] DEBUG org.asynchttpclient.netty.handler.HttpHandler - 

Request DefaultFullHttpRequest(decodeResult: success, version: HTTP/1.1, content: EmptyByteBufBE)
GET /session/55e83e81e3030ee22c33f0dfcaaeee8e/url HTTP/1.1
User-Agent: selenium/4.8.1 (java windows)
Cache-Control: no-cache
Content-Type: application/json; charset=utf-8
host: localhost:6090
accept: */*

Response DefaultHttpResponse(decodeResult: success, version: HTTP/1.1)
HTTP/1.1 200 OK
Content-Length: 54
Content-Type: application/json; charset=utf-8
cache-control: no-cache

10:39:54.837 [AsyncHttpClient-1-8] DEBUG org.asynchttpclient.netty.channel.ChannelManager - Adding key: http://localhost:6090 for channel [id: 0x43aa9d62, L:/127.0.0.1:55180 - R:localhost/127.0.0.1:6090]
10:39:54.843 [Forwarding getPageSource on session 55e83e81e3030ee22c33f0dfcaaeee8e to remote] DEBUG org.asynchttpclient.netty.request.NettyRequestSender - Using pooled Channel '[id: 0x43aa9d62, L:/127.0.0.1:55180 - R:localhost/127.0.0.1:6090]' for 'POST' to 'http://localhost:6090/session/55e83e81e3030ee22c33f0dfcaaeee8e/execute/sync'
10:39:54.843 [Forwarding getPageSource on session 55e83e81e3030ee22c33f0dfcaaeee8e to remote] DEBUG org.asynchttpclient.netty.request.NettyRequestSender - Using open Channel [id: 0x43aa9d62, L:/127.0.0.1:55180 - R:localhost/127.0.0.1:6090] for POST '/session/55e83e81e3030ee22c33f0dfcaaeee8e/execute/sync'
10:39:54.847 [AsyncHttpClient-1-8] DEBUG org.asynchttpclient.netty.handler.HttpHandler - 

Request DefaultHttpRequest(decodeResult: success, version: HTTP/1.1)
POST /session/55e83e81e3030ee22c33f0dfcaaeee8e/execute/sync HTTP/1.1
User-Agent: selenium/4.8.1 (java windows)
Content-Length: 176
Content-Type: application/json; charset=utf-8
host: localhost:6090
accept: */*

Response DefaultHttpResponse(decodeResult: success, version: HTTP/1.1)
HTTP/1.1 200 OK
Content-Length: 22773
Content-Type: application/json; charset=utf-8
cache-control: no-cache

10:39:54.847 [AsyncHttpClient-1-8] DEBUG org.asynchttpclient.netty.channel.ChannelManager - Adding key: http://localhost:6090 for channel [id: 0x43aa9d62, L:/127.0.0.1:55180 - R:localhost/127.0.0.1:6090]
10:39:54.849 [Forwarding getCurrentUrl on session 55e83e81e3030ee22c33f0dfcaaeee8e to remote] DEBUG org.asynchttpclient.netty.request.NettyRequestSender - Using pooled Channel '[id: 0x43aa9d62, L:/127.0.0.1:55180 - R:localhost/127.0.0.1:6090]' for 'GET' to 'http://localhost:6090/session/55e83e81e3030ee22c33f0dfcaaeee8e/url'
10:39:54.849 [Forwarding getCurrentUrl on session 55e83e81e3030ee22c33f0dfcaaeee8e to remote] DEBUG org.asynchttpclient.netty.request.NettyRequestSender - Using open Channel [id: 0x43aa9d62, L:/127.0.0.1:55180 - R:localhost/127.0.0.1:6090] for GET '/session/55e83e81e3030ee22c33f0dfcaaeee8e/url'
10:39:54.852 [AsyncHttpClient-1-8] DEBUG org.asynchttpclient.netty.handler.HttpHandler - 

Request DefaultFullHttpRequest(decodeResult: success, version: HTTP/1.1, content: EmptyByteBufBE)
GET /session/55e83e81e3030ee22c33f0dfcaaeee8e/url HTTP/1.1
User-Agent: selenium/4.8.1 (java windows)
Cache-Control: no-cache
Content-Type: application/json; charset=utf-8
host: localhost:6090
accept: */*

Response DefaultHttpResponse(decodeResult: success, version: HTTP/1.1)
HTTP/1.1 200 OK
Content-Length: 54
Content-Type: application/json; charset=utf-8
cache-control: no-cache

10:39:54.852 [AsyncHttpClient-1-8] DEBUG org.asynchttpclient.netty.channel.ChannelManager - Adding key: http://localhost:6090 for channel [id: 0x43aa9d62, L:/127.0.0.1:55180 - R:localhost/127.0.0.1:6090]
10:39:54.854 [main] DEBUG net.thucydides.core.steps.StepInterceptor - STARTING STEP: LoginSteps.alertContent - incorrectAlert
10:39:54.855 [Forwarding findElement on session 55e83e81e3030ee22c33f0dfcaaeee8e to remote] DEBUG org.asynchttpclient.netty.request.NettyRequestSender - Using pooled Channel '[id: 0x43aa9d62, L:/127.0.0.1:55180 - R:localhost/127.0.0.1:6090]' for 'POST' to 'http://localhost:6090/session/55e83e81e3030ee22c33f0dfcaaeee8e/element'
10:39:54.855 [Forwarding findElement on session 55e83e81e3030ee22c33f0dfcaaeee8e to remote] DEBUG org.asynchttpclient.netty.request.NettyRequestSender - Using open Channel [id: 0x43aa9d62, L:/127.0.0.1:55180 - R:localhost/127.0.0.1:6090] for POST '/session/55e83e81e3030ee22c33f0dfcaaeee8e/element'
10:39:54.930 [AsyncHttpClient-1-8] DEBUG org.asynchttpclient.netty.handler.HttpHandler - 

Request DefaultHttpRequest(decodeResult: success, version: HTTP/1.1)
POST /session/55e83e81e3030ee22c33f0dfcaaeee8e/element HTTP/1.1
User-Agent: selenium/4.8.1 (java windows)
Content-Length: 54
Content-Type: application/json; charset=utf-8
host: localhost:6090
accept: */*

Response DefaultHttpResponse(decodeResult: success, version: HTTP/1.1)
HTTP/1.1 200 OK
Content-Length: 88
Content-Type: application/json; charset=utf-8
cache-control: no-cache

10:39:54.930 [AsyncHttpClient-1-8] DEBUG org.asynchttpclient.netty.channel.ChannelManager - Adding key: http://localhost:6090 for channel [id: 0x43aa9d62, L:/127.0.0.1:55180 - R:localhost/127.0.0.1:6090]
10:39:54.933 [Forwarding isElementDisplayed on session 55e83e81e3030ee22c33f0dfcaaeee8e to remote] DEBUG org.asynchttpclient.netty.request.NettyRequestSender - Using pooled Channel '[id: 0x43aa9d62, L:/127.0.0.1:55180 - R:localhost/127.0.0.1:6090]' for 'POST' to 'http://localhost:6090/session/55e83e81e3030ee22c33f0dfcaaeee8e/execute/sync'
10:39:54.933 [Forwarding isElementDisplayed on session 55e83e81e3030ee22c33f0dfcaaeee8e to remote] DEBUG org.asynchttpclient.netty.request.NettyRequestSender - Using open Channel [id: 0x43aa9d62, L:/127.0.0.1:55180 - R:localhost/127.0.0.1:6090] for POST '/session/55e83e81e3030ee22c33f0dfcaaeee8e/execute/sync'
10:39:54.944 [AsyncHttpClient-1-8] DEBUG org.asynchttpclient.netty.handler.HttpHandler - 

Request DefaultHttpRequest(decodeResult: success, version: HTTP/1.1)
POST /session/55e83e81e3030ee22c33f0dfcaaeee8e/execute/sync HTTP/1.1
User-Agent: selenium/4.8.1 (java windows)
Content-Length: 48807
Content-Type: application/json; charset=utf-8
host: localhost:6090
accept: */*

Response DefaultHttpResponse(decodeResult: success, version: HTTP/1.1)
HTTP/1.1 200 OK
Content-Length: 14
Content-Type: application/json; charset=utf-8
cache-control: no-cache

10:39:54.944 [AsyncHttpClient-1-8] DEBUG org.asynchttpclient.netty.channel.ChannelManager - Adding key: http://localhost:6090 for channel [id: 0x43aa9d62, L:/127.0.0.1:55180 - R:localhost/127.0.0.1:6090]
10:39:54.948 [Forwarding getAlertText on session 55e83e81e3030ee22c33f0dfcaaeee8e to remote] DEBUG org.asynchttpclient.netty.request.NettyRequestSender - Using pooled Channel '[id: 0x43aa9d62, L:/127.0.0.1:55180 - R:localhost/127.0.0.1:6090]' for 'GET' to 'http://localhost:6090/session/55e83e81e3030ee22c33f0dfcaaeee8e/alert/text'
10:39:54.948 [Forwarding getAlertText on session 55e83e81e3030ee22c33f0dfcaaeee8e to remote] DEBUG org.asynchttpclient.netty.request.NettyRequestSender - Using open Channel [id: 0x43aa9d62, L:/127.0.0.1:55180 - R:localhost/127.0.0.1:6090] for GET '/session/55e83e81e3030ee22c33f0dfcaaeee8e/alert/text'
10:39:54.949 [AsyncHttpClient-1-8] DEBUG org.asynchttpclient.netty.handler.HttpHandler - 

Request DefaultFullHttpRequest(decodeResult: success, version: HTTP/1.1, content: EmptyByteBufBE)
GET /session/55e83e81e3030ee22c33f0dfcaaeee8e/alert/text HTTP/1.1
User-Agent: selenium/4.8.1 (java windows)
Cache-Control: no-cache
Content-Type: application/json; charset=utf-8
host: localhost:6090
accept: */*

Response DefaultHttpResponse(decodeResult: success, version: HTTP/1.1)
HTTP/1.1 404 Not Found
Content-Length: 836
Content-Type: application/json; charset=utf-8
cache-control: no-cache

10:39:54.950 [AsyncHttpClient-1-8] DEBUG org.asynchttpclient.netty.channel.ChannelManager - Adding key: http://localhost:6090 for channel [id: 0x43aa9d62, L:/127.0.0.1:55180 - R:localhost/127.0.0.1:6090]
10:39:54.951 [Forwarding getCurrentUrl on session 55e83e81e3030ee22c33f0dfcaaeee8e to remote] DEBUG org.asynchttpclient.netty.request.NettyRequestSender - Using pooled Channel '[id: 0x43aa9d62, L:/127.0.0.1:55180 - R:localhost/127.0.0.1:6090]' for 'GET' to 'http://localhost:6090/session/55e83e81e3030ee22c33f0dfcaaeee8e/url'
10:39:54.951 [Forwarding getCurrentUrl on session 55e83e81e3030ee22c33f0dfcaaeee8e to remote] DEBUG org.asynchttpclient.netty.request.NettyRequestSender - Using open Channel [id: 0x43aa9d62, L:/127.0.0.1:55180 - R:localhost/127.0.0.1:6090] for GET '/session/55e83e81e3030ee22c33f0dfcaaeee8e/url'
10:39:54.957 [AsyncHttpClient-1-8] DEBUG org.asynchttpclient.netty.handler.HttpHandler - 

Request DefaultFullHttpRequest(decodeResult: success, version: HTTP/1.1, content: EmptyByteBufBE)
GET /session/55e83e81e3030ee22c33f0dfcaaeee8e/url HTTP/1.1
User-Agent: selenium/4.8.1 (java windows)
Cache-Control: no-cache
Content-Type: application/json; charset=utf-8
host: localhost:6090
accept: */*

Response DefaultHttpResponse(decodeResult: success, version: HTTP/1.1)
HTTP/1.1 200 OK
Content-Length: 54
Content-Type: application/json; charset=utf-8
cache-control: no-cache

10:39:54.957 [AsyncHttpClient-1-8] DEBUG org.asynchttpclient.netty.channel.ChannelManager - Adding key: http://localhost:6090 for channel [id: 0x43aa9d62, L:/127.0.0.1:55180 - R:localhost/127.0.0.1:6090]
10:39:54.958 [Forwarding screenshot on session 55e83e81e3030ee22c33f0dfcaaeee8e to remote] DEBUG org.asynchttpclient.netty.request.NettyRequestSender - Using pooled Channel '[id: 0x43aa9d62, L:/127.0.0.1:55180 - R:localhost/127.0.0.1:6090]' for 'GET' to 'http://localhost:6090/session/55e83e81e3030ee22c33f0dfcaaeee8e/screenshot'
10:39:54.958 [Forwarding screenshot on session 55e83e81e3030ee22c33f0dfcaaeee8e to remote] DEBUG org.asynchttpclient.netty.request.NettyRequestSender - Using open Channel [id: 0x43aa9d62, L:/127.0.0.1:55180 - R:localhost/127.0.0.1:6090] for GET '/session/55e83e81e3030ee22c33f0dfcaaeee8e/screenshot'
10:39:55.056 [AsyncHttpClient-1-8] DEBUG org.asynchttpclient.netty.handler.HttpHandler - 

Request DefaultFullHttpRequest(decodeResult: success, version: HTTP/1.1, content: EmptyByteBufBE)
GET /session/55e83e81e3030ee22c33f0dfcaaeee8e/screenshot HTTP/1.1
User-Agent: selenium/4.8.1 (java windows)
Cache-Control: no-cache
Content-Type: application/json; charset=utf-8
host: localhost:6090
accept: */*

Response DefaultHttpResponse(decodeResult: success, version: HTTP/1.1)
HTTP/1.1 200 OK
Content-Length: 29892
Content-Type: application/json; charset=utf-8
cache-control: no-cache

10:39:55.056 [AsyncHttpClient-1-8] DEBUG org.asynchttpclient.netty.channel.ChannelManager - Adding key: http://localhost:6090 for channel [id: 0x43aa9d62, L:/127.0.0.1:55180 - R:localhost/127.0.0.1:6090]
10:39:55.057 [main] DEBUG net.serenitybdd.core.photography.Darkroom - Send negative for processing for target\site\serenity\f877c8e41ab49507b4e36566838658b1674733a682d6aa0fc0388e74355cc058.png
10:39:55.058 [main] DEBUG net.thucydides.core.steps.StepInterceptor - STEP DONE: incorrectAlert
  &amp#27;[32mThen &amp#27;[0m&amp#27;[32mI should see the error message&amp#27;[0m       &amp#27;[90m# starter.stepdefinitions.LoginSteps.alertContent()&amp#27;[0m
10:39:55.058 [Darkroom Processing Line] DEBUG net.serenitybdd.core.photography.DarkroomProcessingLine - Processing screenshot image in /var/screenshots/screenshot-7674964632130286152
10:39:55.058 [Darkroom Processing Line] DEBUG net.serenitybdd.core.photography.DarkroomProcessingLine - Saving screenshot to target\site\serenity\f877c8e41ab49507b4e36566838658b1674733a682d6aa0fc0388e74355cc058.png
10:39:55.062 [main] INFO  - 
  _____   ___   ___   _____     ___     _     ___   ___   ___   ___  
 |_   _| | __| / __| |_   _|   | _ \   /_\   / __| / __| | __| |   \ 
   | |   | _|  \__ \   | |     |  _/  / _ \  \__ \ \__ \ | _|  | |) |
   |_|   |___| |___/   |_|     |_|   /_/ \_\ |___/ |___/ |___| |___/ 

Register without fill the email
----------------------------------------------------------------------
10:39:55.063 [AsyncHttpClient-1-10] DEBUG org.asynchttpclient.netty.handler.WebSocketHandler - Channel Closed: [id: 0xd5e58046, L:/127.0.0.1:55189 ! R:localhost/127.0.0.1:55182] with attribute NettyResponseFuture{currentRetry=0,
	isDone=1,
	isCancelled=0,
	asyncHandler=org.asynchttpclient.ws.WebSocketUpgradeHandler@11db5e93,
	nettyRequest=org.asynchttpclient.netty.request.NettyRequest@54d9c2cc,
	future=java.util.concurrent.CompletableFuture@56577999[Completed normally],
	uri=ws://localhost:55182/devtools/browser/778bcb28-3262-4cbf-8075-bf070a9fa91b,
	keepAlive=true,
	redirectCount=0,
	timeoutsHolder=null,
	inAuth=0,
	touch=1683430786985}
10:39:55.063 [AsyncHttpClient-1-10] DEBUG org.asynchttpclient.netty.channel.ChannelManager - Closing Channel [id: 0xd5e58046, L:/127.0.0.1:55189 ! R:localhost/127.0.0.1:55182] 
10:39:55.063 [Driver Command Executor] DEBUG org.asynchttpclient.netty.request.NettyRequestSender - Using pooled Channel '[id: 0x43aa9d62, L:/127.0.0.1:55180 - R:localhost/127.0.0.1:6090]' for 'DELETE' to 'http://localhost:6090/session/55e83e81e3030ee22c33f0dfcaaeee8e'
10:39:55.064 [Driver Command Executor] DEBUG org.asynchttpclient.netty.request.NettyRequestSender - Using open Channel [id: 0x43aa9d62, L:/127.0.0.1:55180 - R:localhost/127.0.0.1:6090] for DELETE '/session/55e83e81e3030ee22c33f0dfcaaeee8e'
10:39:55.122 [AsyncHttpClient-1-9] DEBUG org.asynchttpclient.netty.handler.HttpHandler - Unexpected I/O exception on channel [id: 0xa1077290, L:/127.0.0.1:55188 - R:localhost/127.0.0.1:55182]
java.net.SocketException: Connection reset
	at java.base/sun.nio.ch.SocketChannelImpl.throwConnectionReset(SocketChannelImpl.java:367)
	at java.base/sun.nio.ch.SocketChannelImpl.read(SocketChannelImpl.java:398)
	at io.netty.buffer.PooledByteBuf.setBytes(PooledByteBuf.java:259)
	at io.netty.buffer.AbstractByteBuf.writeBytes(AbstractByteBuf.java:1132)
	at io.netty.channel.socket.nio.NioSocketChannel.doReadBytes(NioSocketChannel.java:357)
	at io.netty.channel.nio.AbstractNioByteChannel$NioByteUnsafe.read(AbstractNioByteChannel.java:151)
	at io.netty.channel.nio.NioEventLoop.processSelectedKey(NioEventLoop.java:788)
	at io.netty.channel.nio.NioEventLoop.processSelectedKeysOptimized(NioEventLoop.java:724)
	at io.netty.channel.nio.NioEventLoop.processSelectedKeys(NioEventLoop.java:650)
	at io.netty.channel.nio.NioEventLoop.run(NioEventLoop.java:562)
	at io.netty.util.concurrent.SingleThreadEventExecutor$4.run(SingleThreadEventExecutor.java:997)
	at io.netty.util.internal.ThreadExecutorMap$2.run(ThreadExecutorMap.java:74)
	at io.netty.util.concurrent.FastThreadLocalRunnable.run(FastThreadLocalRunnable.java:30)
	at java.base/java.lang.Thread.run(Thread.java:832)
10:39:55.123 [AsyncHttpClient-1-9] DEBUG org.asynchttpclient.netty.channel.ChannelManager - Closing Channel [id: 0xa1077290, L:/127.0.0.1:55188 - R:localhost/127.0.0.1:55182] 
10:39:55.123 [AsyncHttpClient-1-9] DEBUG org.asynchttpclient.netty.handler.HttpHandler - Channel Closed: [id: 0xa1077290, L:/127.0.0.1:55188 ! R:localhost/127.0.0.1:55182] with attribute DISCARD
10:39:55.192 [AsyncHttpClient-1-8] DEBUG org.asynchttpclient.netty.handler.HttpHandler - 

Request DefaultFullHttpRequest(decodeResult: success, version: HTTP/1.1, content: EmptyByteBufBE)
DELETE /session/55e83e81e3030ee22c33f0dfcaaeee8e HTTP/1.1
User-Agent: selenium/4.8.1 (java windows)
Content-Type: application/json; charset=utf-8
host: localhost:6090
accept: */*

Response DefaultHttpResponse(decodeResult: success, version: HTTP/1.1)
HTTP/1.1 200 OK
Content-Length: 14
Content-Type: application/json; charset=utf-8
cache-control: no-cache

10:39:55.193 [AsyncHttpClient-1-8] DEBUG org.asynchttpclient.netty.channel.ChannelManager - Adding key: http://localhost:6090 for channel [id: 0x43aa9d62, L:/127.0.0.1:55180 - R:localhost/127.0.0.1:6090]
10:39:55.270 [AsyncHttpClient-1-8] DEBUG org.asynchttpclient.netty.handler.HttpHandler - Channel Closed: [id: 0x43aa9d62, L:/127.0.0.1:55180 ! R:localhost/127.0.0.1:6090] with attribute DISCARD
10:39:55.599 [AsyncHttpClient-1-1] DEBUG org.asynchttpclient.netty.channel.DefaultChannelPool - Entry count for : http://localhost:55182 : 1
10:39:55.599 [AsyncHttpClient-1-1] DEBUG org.asynchttpclient.netty.channel.DefaultChannelPool - Entry count for : http://localhost:6090 : 1
10:39:55.599 [AsyncHttpClient-1-1] DEBUG org.asynchttpclient.netty.channel.DefaultChannelPool - Adding Candidate expired Channel [id: 0xa1077290, L:/127.0.0.1:55188 ! R:localhost/127.0.0.1:55182] isIdleTimeoutExpired=false isRemotelyClosed=true isTtlExpired=false
10:39:55.599 [AsyncHttpClient-1-1] DEBUG org.asynchttpclient.netty.channel.DefaultChannelPool - Closing Idle Channel [id: 0xa1077290, L:/127.0.0.1:55188 ! R:localhost/127.0.0.1:55182]
10:39:55.599 [AsyncHttpClient-1-1] DEBUG org.asynchttpclient.netty.channel.DefaultChannelPool - Adding Candidate expired Channel [id: 0x43aa9d62, L:/127.0.0.1:55180 ! R:localhost/127.0.0.1:6090] isIdleTimeoutExpired=false isRemotelyClosed=true isTtlExpired=false
10:39:55.599 [AsyncHttpClient-1-1] DEBUG org.asynchttpclient.netty.channel.DefaultChannelPool - Closing Idle Channel [id: 0x43aa9d62, L:/127.0.0.1:55180 ! R:localhost/127.0.0.1:6090]
10:39:55.599 [AsyncHttpClient-1-1] DEBUG org.asynchttpclient.netty.channel.DefaultChannelPool - Closed 2 connections out of 2 in 0 ms
]]></system-out>
    <system-err><![CDATA[Starting ChromeDriver 111.0.5563.64 (c710e93d5b63b7095afe8c2c17df34408078439d-refs/branch-heads/5563@{#995}) on port 6090
Only local connections are allowed.
Please see https://chromedriver.chromium.org/security-considerations for suggestions on keeping ChromeDriver safe.
ChromeDriver was started successfully.
[1683430786.959][WARNING]: This version of ChromeDriver has not been tested with Chrome version 112.
May 07, 2023 10:39:46 AM org.openqa.selenium.devtools.CdpVersionFinder findNearestMatch
WARNING: Unable to find an exact match for CDP version 112, so returning the closest version found: 110
]]></system-err>
  </testcase>
  <testcase name="Register without fill the password" classname="Register to Alta-shop Account" time="4.045">
    <system-out><![CDATA[
Scenario: Register without fill the password   &amp#27;[90m# src/test/resources/features/1. Register.feature:34&amp#27;[0m
10:39:55.799 [main] DEBUG io.cucumber.core.plugin.SerenityReporter - Running feature from file:///C:/Users/WINDOWS%2010/Documents/GitHub/MiniProject_QE/Web/code/minpro/src/test/resources/features/1.%20Register.feature
10:39:55.803 [main] INFO  - 
  _____   ___   ___   _____     ___   _____     _     ___   _____   ___   ___  
 |_   _| | __| / __| |_   _|   / __| |_   _|   /_\   | _ \ |_   _| | __| |   \ 
   | |   | _|  \__ \   | |     \__ \   | |    / _ \  |   /   | |   | _|  | |) |
   |_|   |___| |___/   |_|     |___/   |_|   /_/ \_\ |_|_\   |_|   |___| |___/ 

Register without fill the password(register-to-alta-shop-account;register-without-fill-the-password)
--------------------------------------------------------------------------------
10:39:55.818 [main] DEBUG net.thucydides.core.steps.StepInterceptor - STARTING STEP: LoginSteps.onTheLoginPage - openPage
10:39:55.847 [main] INFO net.serenitybdd.core.webdriver.driverproviders.ChromeDriverProvider - Starting Chrome driver instance with capabilities:
10:39:55.847 [main] INFO net.serenitybdd.core.webdriver.driverproviders.ChromeDriverProvider - Capabilities {acceptInsecureCerts: false, browserName: chrome, goog:chromeOptions: {args: [remote-allow-origins=*], extensions: []}}
10:39:55.921 [AsyncHttpClient-1-11] DEBUG org.asynchttpclient.netty.channel.NettyConnectListener - Using new Channel '[id: 0xdf292b8e, L:/127.0.0.1:55224 - R:localhost/127.0.0.1:12603]' for 'POST' to '/session'
10:39:56.581 [AsyncHttpClient-1-11] DEBUG org.asynchttpclient.netty.handler.HttpHandler - 

Request DefaultHttpRequest(decodeResult: success, version: HTTP/1.1)
POST /session HTTP/1.1
User-Agent: selenium/4.8.1 (java windows)
Content-Length: 507
Content-Type: application/json; charset=utf-8
host: localhost:12603
accept: */*

Response DefaultHttpResponse(decodeResult: success, version: HTTP/1.1)
HTTP/1.1 200 OK
Content-Length: 862
Content-Type: application/json; charset=utf-8
cache-control: no-cache

10:39:56.582 [AsyncHttpClient-1-11] DEBUG org.asynchttpclient.netty.channel.ChannelManager - Adding key: http://localhost:12603 for channel [id: 0xdf292b8e, L:/127.0.0.1:55224 - R:localhost/127.0.0.1:12603]
10:39:56.587 [AsyncHttpClient-1-12] DEBUG org.asynchttpclient.netty.channel.NettyConnectListener - Using new Channel '[id: 0xbc4a45cb, L:/127.0.0.1:55232 - R:localhost/127.0.0.1:55225]' for 'GET' to '/json/version'
10:39:56.589 [AsyncHttpClient-1-12] DEBUG org.asynchttpclient.netty.handler.HttpHandler - 

Request DefaultFullHttpRequest(decodeResult: success, version: HTTP/1.1, content: EmptyByteBufBE)
GET /json/version HTTP/1.1
User-Agent: selenium/4.8.1 (java windows)
host: localhost:55225
accept: */*

Response DefaultHttpResponse(decodeResult: success, version: HTTP/1.1)
HTTP/1.1 200 OK
Content-Security-Policy: frame-ancestors 'none'
Content-Length: 424
Content-Type: application/json; charset=UTF-8

10:39:56.589 [AsyncHttpClient-1-12] DEBUG org.asynchttpclient.netty.channel.ChannelManager - Adding key: http://localhost:55225 for channel [id: 0xbc4a45cb, L:/127.0.0.1:55232 - R:localhost/127.0.0.1:55225]
10:39:56.592 [AsyncHttpClient-1-13] DEBUG org.asynchttpclient.netty.channel.NettyConnectListener - Using new Channel '[id: 0x27366eb4, L:/127.0.0.1:55233 - R:localhost/127.0.0.1:55225]' for 'GET' to '/devtools/browser/19cb8872-8d8e-4903-90d6-8077ddfb27e1'
10:39:56.593 [AsyncHttpClient-1-13] DEBUG org.asynchttpclient.netty.handler.WebSocketHandler - 

Request DefaultFullHttpRequest(decodeResult: success, version: HTTP/1.1, content: EmptyByteBufBE)
GET /devtools/browser/19cb8872-8d8e-4903-90d6-8077ddfb27e1 HTTP/1.1
upgrade: websocket
connection: upgrade
sec-websocket-key: IY6LYnIaykLp3omOKba5LA==
sec-websocket-version: 13
origin: http://localhost:55225
host: localhost:55225
accept: */*
user-agent: AHC/2.1

Response DefaultHttpResponse(decodeResult: success, version: HTTP/1.1)
HTTP/1.1 101 WebSocket Protocol Handshake
Upgrade: WebSocket
Connection: Upgrade
Sec-WebSocket-Accept: W7TtAHVxPX14m8YQrWQ9/ZeAfU8=

10:39:56.596 [Forwarding get on session ad17b865ce1dc475593a14c63da10db1 to remote] DEBUG org.asynchttpclient.netty.request.NettyRequestSender - Using pooled Channel '[id: 0xdf292b8e, L:/127.0.0.1:55224 - R:localhost/127.0.0.1:12603]' for 'POST' to 'http://localhost:12603/session/ad17b865ce1dc475593a14c63da10db1/url'
10:39:56.596 [Forwarding get on session ad17b865ce1dc475593a14c63da10db1 to remote] DEBUG org.asynchttpclient.netty.request.NettyRequestSender - Using open Channel [id: 0xdf292b8e, L:/127.0.0.1:55224 - R:localhost/127.0.0.1:12603] for POST '/session/ad17b865ce1dc475593a14c63da10db1/url'
10:39:56.698 [AsyncHttpClient-1-1] DEBUG org.asynchttpclient.netty.channel.DefaultChannelPool - Entry count for : http://localhost:55225 : 1
10:39:57.401 [AsyncHttpClient-1-11] DEBUG org.asynchttpclient.netty.handler.HttpHandler - 

Request DefaultHttpRequest(decodeResult: success, version: HTTP/1.1)
POST /session/ad17b865ce1dc475593a14c63da10db1/url HTTP/1.1
User-Agent: selenium/4.8.1 (java windows)
Content-Length: 74
Content-Type: application/json; charset=utf-8
host: localhost:12603
accept: */*

Response DefaultHttpResponse(decodeResult: success, version: HTTP/1.1)
HTTP/1.1 200 OK
Content-Length: 14
Content-Type: application/json; charset=utf-8
cache-control: no-cache

10:39:57.402 [AsyncHttpClient-1-11] DEBUG org.asynchttpclient.netty.channel.ChannelManager - Adding key: http://localhost:12603 for channel [id: 0xdf292b8e, L:/127.0.0.1:55224 - R:localhost/127.0.0.1:12603]
10:39:57.403 [Forwarding setTimeout on session ad17b865ce1dc475593a14c63da10db1 to remote] DEBUG org.asynchttpclient.netty.request.NettyRequestSender - Using pooled Channel '[id: 0xdf292b8e, L:/127.0.0.1:55224 - R:localhost/127.0.0.1:12603]' for 'POST' to 'http://localhost:12603/session/ad17b865ce1dc475593a14c63da10db1/timeouts'
10:39:57.403 [Forwarding setTimeout on session ad17b865ce1dc475593a14c63da10db1 to remote] DEBUG org.asynchttpclient.netty.request.NettyRequestSender - Using open Channel [id: 0xdf292b8e, L:/127.0.0.1:55224 - R:localhost/127.0.0.1:12603] for POST '/session/ad17b865ce1dc475593a14c63da10db1/timeouts'
10:39:57.404 [AsyncHttpClient-1-11] DEBUG org.asynchttpclient.netty.handler.HttpHandler - 

Request DefaultHttpRequest(decodeResult: success, version: HTTP/1.1)
POST /session/ad17b865ce1dc475593a14c63da10db1/timeouts HTTP/1.1
User-Agent: selenium/4.8.1 (java windows)
Content-Length: 22
Content-Type: application/json; charset=utf-8
host: localhost:12603
accept: */*

Response DefaultHttpResponse(decodeResult: success, version: HTTP/1.1)
HTTP/1.1 200 OK
Content-Length: 14
Content-Type: application/json; charset=utf-8
cache-control: no-cache

10:39:57.404 [AsyncHttpClient-1-11] DEBUG org.asynchttpclient.netty.channel.ChannelManager - Adding key: http://localhost:12603 for channel [id: 0xdf292b8e, L:/127.0.0.1:55224 - R:localhost/127.0.0.1:12603]
10:39:57.409 [Forwarding getAlertText on session ad17b865ce1dc475593a14c63da10db1 to remote] DEBUG org.asynchttpclient.netty.request.NettyRequestSender - Using pooled Channel '[id: 0xdf292b8e, L:/127.0.0.1:55224 - R:localhost/127.0.0.1:12603]' for 'GET' to 'http://localhost:12603/session/ad17b865ce1dc475593a14c63da10db1/alert/text'
10:39:57.409 [Forwarding getAlertText on session ad17b865ce1dc475593a14c63da10db1 to remote] DEBUG org.asynchttpclient.netty.request.NettyRequestSender - Using open Channel [id: 0xdf292b8e, L:/127.0.0.1:55224 - R:localhost/127.0.0.1:12603] for GET '/session/ad17b865ce1dc475593a14c63da10db1/alert/text'
10:39:57.411 [AsyncHttpClient-1-11] DEBUG org.asynchttpclient.netty.handler.HttpHandler - 

Request DefaultFullHttpRequest(decodeResult: success, version: HTTP/1.1, content: EmptyByteBufBE)
GET /session/ad17b865ce1dc475593a14c63da10db1/alert/text HTTP/1.1
User-Agent: selenium/4.8.1 (java windows)
Cache-Control: no-cache
Content-Type: application/json; charset=utf-8
host: localhost:12603
accept: */*

Response DefaultHttpResponse(decodeResult: success, version: HTTP/1.1)
HTTP/1.1 404 Not Found
Content-Length: 836
Content-Type: application/json; charset=utf-8
cache-control: no-cache

10:39:57.411 [AsyncHttpClient-1-11] DEBUG org.asynchttpclient.netty.channel.ChannelManager - Adding key: http://localhost:12603 for channel [id: 0xdf292b8e, L:/127.0.0.1:55224 - R:localhost/127.0.0.1:12603]
10:39:57.413 [Forwarding getCurrentUrl on session ad17b865ce1dc475593a14c63da10db1 to remote] DEBUG org.asynchttpclient.netty.request.NettyRequestSender - Using pooled Channel '[id: 0xdf292b8e, L:/127.0.0.1:55224 - R:localhost/127.0.0.1:12603]' for 'GET' to 'http://localhost:12603/session/ad17b865ce1dc475593a14c63da10db1/url'
10:39:57.414 [Forwarding getCurrentUrl on session ad17b865ce1dc475593a14c63da10db1 to remote] DEBUG org.asynchttpclient.netty.request.NettyRequestSender - Using open Channel [id: 0xdf292b8e, L:/127.0.0.1:55224 - R:localhost/127.0.0.1:12603] for GET '/session/ad17b865ce1dc475593a14c63da10db1/url'
10:39:57.417 [AsyncHttpClient-1-11] DEBUG org.asynchttpclient.netty.handler.HttpHandler - 

Request DefaultFullHttpRequest(decodeResult: success, version: HTTP/1.1, content: EmptyByteBufBE)
GET /session/ad17b865ce1dc475593a14c63da10db1/url HTTP/1.1
User-Agent: selenium/4.8.1 (java windows)
Cache-Control: no-cache
Content-Type: application/json; charset=utf-8
host: localhost:12603
accept: */*

Response DefaultHttpResponse(decodeResult: success, version: HTTP/1.1)
HTTP/1.1 200 OK
Content-Length: 51
Content-Type: application/json; charset=utf-8
cache-control: no-cache

10:39:57.417 [AsyncHttpClient-1-11] DEBUG org.asynchttpclient.netty.channel.ChannelManager - Adding key: http://localhost:12603 for channel [id: 0xdf292b8e, L:/127.0.0.1:55224 - R:localhost/127.0.0.1:12603]
10:39:57.418 [Forwarding screenshot on session ad17b865ce1dc475593a14c63da10db1 to remote] DEBUG org.asynchttpclient.netty.request.NettyRequestSender - Using pooled Channel '[id: 0xdf292b8e, L:/127.0.0.1:55224 - R:localhost/127.0.0.1:12603]' for 'GET' to 'http://localhost:12603/session/ad17b865ce1dc475593a14c63da10db1/screenshot'
10:39:57.418 [Forwarding screenshot on session ad17b865ce1dc475593a14c63da10db1 to remote] DEBUG org.asynchttpclient.netty.request.NettyRequestSender - Using open Channel [id: 0xdf292b8e, L:/127.0.0.1:55224 - R:localhost/127.0.0.1:12603] for GET '/session/ad17b865ce1dc475593a14c63da10db1/screenshot'
10:39:57.494 [AsyncHttpClient-1-11] DEBUG org.asynchttpclient.netty.handler.HttpHandler - 

Request DefaultFullHttpRequest(decodeResult: success, version: HTTP/1.1, content: EmptyByteBufBE)
GET /session/ad17b865ce1dc475593a14c63da10db1/screenshot HTTP/1.1
User-Agent: selenium/4.8.1 (java windows)
Cache-Control: no-cache
Content-Type: application/json; charset=utf-8
host: localhost:12603
accept: */*

Response DefaultHttpResponse(decodeResult: success, version: HTTP/1.1)
HTTP/1.1 200 OK
Content-Length: 25208
Content-Type: application/json; charset=utf-8
cache-control: no-cache

10:39:57.494 [AsyncHttpClient-1-11] DEBUG org.asynchttpclient.netty.channel.ChannelManager - Adding key: http://localhost:12603 for channel [id: 0xdf292b8e, L:/127.0.0.1:55224 - R:localhost/127.0.0.1:12603]
10:39:57.495 [main] DEBUG net.serenitybdd.core.photography.Darkroom - Send negative for processing for target\site\serenity\edb14d4aab401efa0e4fb99861e6ffcafebc86a67b69f7828890b9910ed2ddbd.png
10:39:57.495 [main] DEBUG net.thucydides.core.steps.StepInterceptor - STEP DONE: openPage
  &amp#27;[32mGiven &amp#27;[0m&amp#27;[32mI am on the alta-shop login page&amp#27;[0m       &amp#27;[90m# starter.stepdefinitions.LoginSteps.onTheLoginPage()&amp#27;[0m
10:39:57.501 [Forwarding getPageSource on session ad17b865ce1dc475593a14c63da10db1 to remote] DEBUG org.asynchttpclient.netty.request.NettyRequestSender - Using pooled Channel '[id: 0xdf292b8e, L:/127.0.0.1:55224 - R:localhost/127.0.0.1:12603]' for 'POST' to 'http://localhost:12603/session/ad17b865ce1dc475593a14c63da10db1/execute/sync'
10:39:57.501 [Forwarding getPageSource on session ad17b865ce1dc475593a14c63da10db1 to remote] DEBUG org.asynchttpclient.netty.request.NettyRequestSender - Using open Channel [id: 0xdf292b8e, L:/127.0.0.1:55224 - R:localhost/127.0.0.1:12603] for POST '/session/ad17b865ce1dc475593a14c63da10db1/execute/sync'
10:39:57.506 [AsyncHttpClient-1-11] DEBUG org.asynchttpclient.netty.handler.HttpHandler - 

Request DefaultHttpRequest(decodeResult: success, version: HTTP/1.1)
POST /session/ad17b865ce1dc475593a14c63da10db1/execute/sync HTTP/1.1
User-Agent: selenium/4.8.1 (java windows)
Content-Length: 176
Content-Type: application/json; charset=utf-8
host: localhost:12603
accept: */*

Response DefaultHttpResponse(decodeResult: success, version: HTTP/1.1)
HTTP/1.1 200 OK
Content-Length: 21659
Content-Type: application/json; charset=utf-8
cache-control: no-cache

10:39:57.506 [AsyncHttpClient-1-11] DEBUG org.asynchttpclient.netty.channel.ChannelManager - Adding key: http://localhost:12603 for channel [id: 0xdf292b8e, L:/127.0.0.1:55224 - R:localhost/127.0.0.1:12603]
10:39:57.508 [Forwarding getCurrentUrl on session ad17b865ce1dc475593a14c63da10db1 to remote] DEBUG org.asynchttpclient.netty.request.NettyRequestSender - Using pooled Channel '[id: 0xdf292b8e, L:/127.0.0.1:55224 - R:localhost/127.0.0.1:12603]' for 'GET' to 'http://localhost:12603/session/ad17b865ce1dc475593a14c63da10db1/url'
10:39:57.508 [Forwarding getCurrentUrl on session ad17b865ce1dc475593a14c63da10db1 to remote] DEBUG org.asynchttpclient.netty.request.NettyRequestSender - Using open Channel [id: 0xdf292b8e, L:/127.0.0.1:55224 - R:localhost/127.0.0.1:12603] for GET '/session/ad17b865ce1dc475593a14c63da10db1/url'
10:39:57.511 [AsyncHttpClient-1-11] DEBUG org.asynchttpclient.netty.handler.HttpHandler - 

Request DefaultFullHttpRequest(decodeResult: success, version: HTTP/1.1, content: EmptyByteBufBE)
GET /session/ad17b865ce1dc475593a14c63da10db1/url HTTP/1.1
User-Agent: selenium/4.8.1 (java windows)
Cache-Control: no-cache
Content-Type: application/json; charset=utf-8
host: localhost:12603
accept: */*

Response DefaultHttpResponse(decodeResult: success, version: HTTP/1.1)
HTTP/1.1 200 OK
Content-Length: 51
Content-Type: application/json; charset=utf-8
cache-control: no-cache

10:39:57.511 [AsyncHttpClient-1-11] DEBUG org.asynchttpclient.netty.channel.ChannelManager - Adding key: http://localhost:12603 for channel [id: 0xdf292b8e, L:/127.0.0.1:55224 - R:localhost/127.0.0.1:12603]
10:39:57.523 [Forwarding getPageSource on session ad17b865ce1dc475593a14c63da10db1 to remote] DEBUG org.asynchttpclient.netty.request.NettyRequestSender - Using pooled Channel '[id: 0xdf292b8e, L:/127.0.0.1:55224 - R:localhost/127.0.0.1:12603]' for 'POST' to 'http://localhost:12603/session/ad17b865ce1dc475593a14c63da10db1/execute/sync'
10:39:57.523 [Forwarding getPageSource on session ad17b865ce1dc475593a14c63da10db1 to remote] DEBUG org.asynchttpclient.netty.request.NettyRequestSender - Using open Channel [id: 0xdf292b8e, L:/127.0.0.1:55224 - R:localhost/127.0.0.1:12603] for POST '/session/ad17b865ce1dc475593a14c63da10db1/execute/sync'
10:39:57.527 [AsyncHttpClient-1-11] DEBUG org.asynchttpclient.netty.handler.HttpHandler - 

Request DefaultHttpRequest(decodeResult: success, version: HTTP/1.1)
POST /session/ad17b865ce1dc475593a14c63da10db1/execute/sync HTTP/1.1
User-Agent: selenium/4.8.1 (java windows)
Content-Length: 176
Content-Type: application/json; charset=utf-8
host: localhost:12603
accept: */*

Response DefaultHttpResponse(decodeResult: success, version: HTTP/1.1)
HTTP/1.1 200 OK
Content-Length: 21659
Content-Type: application/json; charset=utf-8
cache-control: no-cache

10:39:57.528 [AsyncHttpClient-1-11] DEBUG org.asynchttpclient.netty.channel.ChannelManager - Adding key: http://localhost:12603 for channel [id: 0xdf292b8e, L:/127.0.0.1:55224 - R:localhost/127.0.0.1:12603]
10:39:57.530 [Forwarding getCurrentUrl on session ad17b865ce1dc475593a14c63da10db1 to remote] DEBUG org.asynchttpclient.netty.request.NettyRequestSender - Using pooled Channel '[id: 0xdf292b8e, L:/127.0.0.1:55224 - R:localhost/127.0.0.1:12603]' for 'GET' to 'http://localhost:12603/session/ad17b865ce1dc475593a14c63da10db1/url'
10:39:57.530 [Forwarding getCurrentUrl on session ad17b865ce1dc475593a14c63da10db1 to remote] DEBUG org.asynchttpclient.netty.request.NettyRequestSender - Using open Channel [id: 0xdf292b8e, L:/127.0.0.1:55224 - R:localhost/127.0.0.1:12603] for GET '/session/ad17b865ce1dc475593a14c63da10db1/url'
10:39:57.532 [AsyncHttpClient-1-11] DEBUG org.asynchttpclient.netty.handler.HttpHandler - 

Request DefaultFullHttpRequest(decodeResult: success, version: HTTP/1.1, content: EmptyByteBufBE)
GET /session/ad17b865ce1dc475593a14c63da10db1/url HTTP/1.1
User-Agent: selenium/4.8.1 (java windows)
Cache-Control: no-cache
Content-Type: application/json; charset=utf-8
host: localhost:12603
accept: */*

Response DefaultHttpResponse(decodeResult: success, version: HTTP/1.1)
HTTP/1.1 200 OK
Content-Length: 51
Content-Type: application/json; charset=utf-8
cache-control: no-cache

10:39:57.532 [AsyncHttpClient-1-11] DEBUG org.asynchttpclient.netty.channel.ChannelManager - Adding key: http://localhost:12603 for channel [id: 0xdf292b8e, L:/127.0.0.1:55224 - R:localhost/127.0.0.1:12603]
10:39:57.534 [main] DEBUG net.thucydides.core.steps.StepInterceptor - STARTING STEP: RegisterSteps.clickLoginButton - clickRegisterLink
10:39:57.536 [Forwarding findElement on session ad17b865ce1dc475593a14c63da10db1 to remote] DEBUG org.asynchttpclient.netty.request.NettyRequestSender - Using pooled Channel '[id: 0xdf292b8e, L:/127.0.0.1:55224 - R:localhost/127.0.0.1:12603]' for 'POST' to 'http://localhost:12603/session/ad17b865ce1dc475593a14c63da10db1/element'
10:39:57.536 [Forwarding findElement on session ad17b865ce1dc475593a14c63da10db1 to remote] DEBUG org.asynchttpclient.netty.request.NettyRequestSender - Using open Channel [id: 0xdf292b8e, L:/127.0.0.1:55224 - R:localhost/127.0.0.1:12603] for POST '/session/ad17b865ce1dc475593a14c63da10db1/element'
10:39:57.544 [AsyncHttpClient-1-11] DEBUG org.asynchttpclient.netty.handler.HttpHandler - 

Request DefaultHttpRequest(decodeResult: success, version: HTTP/1.1)
POST /session/ad17b865ce1dc475593a14c63da10db1/element HTTP/1.1
User-Agent: selenium/4.8.1 (java windows)
Content-Length: 84
Content-Type: application/json; charset=utf-8
host: localhost:12603
accept: */*

Response DefaultHttpResponse(decodeResult: success, version: HTTP/1.1)
HTTP/1.1 200 OK
Content-Length: 88
Content-Type: application/json; charset=utf-8
cache-control: no-cache

10:39:57.545 [AsyncHttpClient-1-11] DEBUG org.asynchttpclient.netty.channel.ChannelManager - Adding key: http://localhost:12603 for channel [id: 0xdf292b8e, L:/127.0.0.1:55224 - R:localhost/127.0.0.1:12603]
10:39:57.546 [Forwarding getElementTagName on session ad17b865ce1dc475593a14c63da10db1 to remote] DEBUG org.asynchttpclient.netty.request.NettyRequestSender - Using pooled Channel '[id: 0xdf292b8e, L:/127.0.0.1:55224 - R:localhost/127.0.0.1:12603]' for 'GET' to 'http://localhost:12603/session/ad17b865ce1dc475593a14c63da10db1/element/95d3c164-c342-45fe-a352-295bca1e54bd/name'
10:39:57.546 [Forwarding getElementTagName on session ad17b865ce1dc475593a14c63da10db1 to remote] DEBUG org.asynchttpclient.netty.request.NettyRequestSender - Using open Channel [id: 0xdf292b8e, L:/127.0.0.1:55224 - R:localhost/127.0.0.1:12603] for GET '/session/ad17b865ce1dc475593a14c63da10db1/element/95d3c164-c342-45fe-a352-295bca1e54bd/name'
10:39:57.550 [AsyncHttpClient-1-11] DEBUG org.asynchttpclient.netty.handler.HttpHandler - 

Request DefaultFullHttpRequest(decodeResult: success, version: HTTP/1.1, content: EmptyByteBufBE)
GET /session/ad17b865ce1dc475593a14c63da10db1/element/95d3c164-c342-45fe-a352-295bca1e54bd/name HTTP/1.1
User-Agent: selenium/4.8.1 (java windows)
Cache-Control: no-cache
Content-Type: application/json; charset=utf-8
host: localhost:12603
accept: */*

Response DefaultHttpResponse(decodeResult: success, version: HTTP/1.1)
HTTP/1.1 200 OK
Content-Length: 13
Content-Type: application/json; charset=utf-8
cache-control: no-cache

10:39:57.550 [AsyncHttpClient-1-11] DEBUG org.asynchttpclient.netty.channel.ChannelManager - Adding key: http://localhost:12603 for channel [id: 0xdf292b8e, L:/127.0.0.1:55224 - R:localhost/127.0.0.1:12603]
10:39:57.551 [Forwarding getElementTagName on session ad17b865ce1dc475593a14c63da10db1 to remote] DEBUG org.asynchttpclient.netty.request.NettyRequestSender - Using pooled Channel '[id: 0xdf292b8e, L:/127.0.0.1:55224 - R:localhost/127.0.0.1:12603]' for 'GET' to 'http://localhost:12603/session/ad17b865ce1dc475593a14c63da10db1/element/95d3c164-c342-45fe-a352-295bca1e54bd/name'
10:39:57.551 [Forwarding getElementTagName on session ad17b865ce1dc475593a14c63da10db1 to remote] DEBUG org.asynchttpclient.netty.request.NettyRequestSender - Using open Channel [id: 0xdf292b8e, L:/127.0.0.1:55224 - R:localhost/127.0.0.1:12603] for GET '/session/ad17b865ce1dc475593a14c63da10db1/element/95d3c164-c342-45fe-a352-295bca1e54bd/name'
10:39:57.554 [AsyncHttpClient-1-11] DEBUG org.asynchttpclient.netty.handler.HttpHandler - 

Request DefaultFullHttpRequest(decodeResult: success, version: HTTP/1.1, content: EmptyByteBufBE)
GET /session/ad17b865ce1dc475593a14c63da10db1/element/95d3c164-c342-45fe-a352-295bca1e54bd/name HTTP/1.1
User-Agent: selenium/4.8.1 (java windows)
Cache-Control: no-cache
Content-Type: application/json; charset=utf-8
host: localhost:12603
accept: */*

Response DefaultHttpResponse(decodeResult: success, version: HTTP/1.1)
HTTP/1.1 200 OK
Content-Length: 13
Content-Type: application/json; charset=utf-8
cache-control: no-cache

10:39:57.554 [AsyncHttpClient-1-11] DEBUG org.asynchttpclient.netty.channel.ChannelManager - Adding key: http://localhost:12603 for channel [id: 0xdf292b8e, L:/127.0.0.1:55224 - R:localhost/127.0.0.1:12603]
10:39:57.555 [Forwarding findElement on session ad17b865ce1dc475593a14c63da10db1 to remote] DEBUG org.asynchttpclient.netty.request.NettyRequestSender - Using pooled Channel '[id: 0xdf292b8e, L:/127.0.0.1:55224 - R:localhost/127.0.0.1:12603]' for 'POST' to 'http://localhost:12603/session/ad17b865ce1dc475593a14c63da10db1/element'
10:39:57.555 [Forwarding findElement on session ad17b865ce1dc475593a14c63da10db1 to remote] DEBUG org.asynchttpclient.netty.request.NettyRequestSender - Using open Channel [id: 0xdf292b8e, L:/127.0.0.1:55224 - R:localhost/127.0.0.1:12603] for POST '/session/ad17b865ce1dc475593a14c63da10db1/element'
10:39:57.560 [AsyncHttpClient-1-11] DEBUG org.asynchttpclient.netty.handler.HttpHandler - 

Request DefaultHttpRequest(decodeResult: success, version: HTTP/1.1)
POST /session/ad17b865ce1dc475593a14c63da10db1/element HTTP/1.1
User-Agent: selenium/4.8.1 (java windows)
Content-Length: 84
Content-Type: application/json; charset=utf-8
host: localhost:12603
accept: */*

Response DefaultHttpResponse(decodeResult: success, version: HTTP/1.1)
HTTP/1.1 200 OK
Content-Length: 88
Content-Type: application/json; charset=utf-8
cache-control: no-cache

10:39:57.560 [AsyncHttpClient-1-11] DEBUG org.asynchttpclient.netty.channel.ChannelManager - Adding key: http://localhost:12603 for channel [id: 0xdf292b8e, L:/127.0.0.1:55224 - R:localhost/127.0.0.1:12603]
10:39:57.561 [Forwarding clickElement on session ad17b865ce1dc475593a14c63da10db1 to remote] DEBUG org.asynchttpclient.netty.request.NettyRequestSender - Using pooled Channel '[id: 0xdf292b8e, L:/127.0.0.1:55224 - R:localhost/127.0.0.1:12603]' for 'POST' to 'http://localhost:12603/session/ad17b865ce1dc475593a14c63da10db1/element/95d3c164-c342-45fe-a352-295bca1e54bd/click'
10:39:57.561 [Forwarding clickElement on session ad17b865ce1dc475593a14c63da10db1 to remote] DEBUG org.asynchttpclient.netty.request.NettyRequestSender - Using open Channel [id: 0xdf292b8e, L:/127.0.0.1:55224 - R:localhost/127.0.0.1:12603] for POST '/session/ad17b865ce1dc475593a14c63da10db1/element/95d3c164-c342-45fe-a352-295bca1e54bd/click'
10:39:57.602 [AsyncHttpClient-1-11] DEBUG org.asynchttpclient.netty.handler.HttpHandler - 

Request DefaultHttpRequest(decodeResult: success, version: HTTP/1.1)
POST /session/ad17b865ce1dc475593a14c63da10db1/element/95d3c164-c342-45fe-a352-295bca1e54bd/click HTTP/1.1
User-Agent: selenium/4.8.1 (java windows)
Content-Length: 50
Content-Type: application/json; charset=utf-8
host: localhost:12603
accept: */*

Response DefaultHttpResponse(decodeResult: success, version: HTTP/1.1)
HTTP/1.1 200 OK
Content-Length: 14
Content-Type: application/json; charset=utf-8
cache-control: no-cache

10:39:57.602 [AsyncHttpClient-1-11] DEBUG org.asynchttpclient.netty.channel.ChannelManager - Adding key: http://localhost:12603 for channel [id: 0xdf292b8e, L:/127.0.0.1:55224 - R:localhost/127.0.0.1:12603]
10:39:57.606 [Forwarding getAlertText on session ad17b865ce1dc475593a14c63da10db1 to remote] DEBUG org.asynchttpclient.netty.request.NettyRequestSender - Using pooled Channel '[id: 0xdf292b8e, L:/127.0.0.1:55224 - R:localhost/127.0.0.1:12603]' for 'GET' to 'http://localhost:12603/session/ad17b865ce1dc475593a14c63da10db1/alert/text'
10:39:57.606 [Forwarding getAlertText on session ad17b865ce1dc475593a14c63da10db1 to remote] DEBUG org.asynchttpclient.netty.request.NettyRequestSender - Using open Channel [id: 0xdf292b8e, L:/127.0.0.1:55224 - R:localhost/127.0.0.1:12603] for GET '/session/ad17b865ce1dc475593a14c63da10db1/alert/text'
10:39:57.608 [AsyncHttpClient-1-11] DEBUG org.asynchttpclient.netty.handler.HttpHandler - 

Request DefaultFullHttpRequest(decodeResult: success, version: HTTP/1.1, content: EmptyByteBufBE)
GET /session/ad17b865ce1dc475593a14c63da10db1/alert/text HTTP/1.1
User-Agent: selenium/4.8.1 (java windows)
Cache-Control: no-cache
Content-Type: application/json; charset=utf-8
host: localhost:12603
accept: */*

Response DefaultHttpResponse(decodeResult: success, version: HTTP/1.1)
HTTP/1.1 404 Not Found
Content-Length: 836
Content-Type: application/json; charset=utf-8
cache-control: no-cache

10:39:57.608 [AsyncHttpClient-1-11] DEBUG org.asynchttpclient.netty.channel.ChannelManager - Adding key: http://localhost:12603 for channel [id: 0xdf292b8e, L:/127.0.0.1:55224 - R:localhost/127.0.0.1:12603]
10:39:57.609 [Forwarding getCurrentUrl on session ad17b865ce1dc475593a14c63da10db1 to remote] DEBUG org.asynchttpclient.netty.request.NettyRequestSender - Using pooled Channel '[id: 0xdf292b8e, L:/127.0.0.1:55224 - R:localhost/127.0.0.1:12603]' for 'GET' to 'http://localhost:12603/session/ad17b865ce1dc475593a14c63da10db1/url'
10:39:57.609 [Forwarding getCurrentUrl on session ad17b865ce1dc475593a14c63da10db1 to remote] DEBUG org.asynchttpclient.netty.request.NettyRequestSender - Using open Channel [id: 0xdf292b8e, L:/127.0.0.1:55224 - R:localhost/127.0.0.1:12603] for GET '/session/ad17b865ce1dc475593a14c63da10db1/url'
10:39:57.613 [AsyncHttpClient-1-11] DEBUG org.asynchttpclient.netty.handler.HttpHandler - 

Request DefaultFullHttpRequest(decodeResult: success, version: HTTP/1.1, content: EmptyByteBufBE)
GET /session/ad17b865ce1dc475593a14c63da10db1/url HTTP/1.1
User-Agent: selenium/4.8.1 (java windows)
Cache-Control: no-cache
Content-Type: application/json; charset=utf-8
host: localhost:12603
accept: */*

Response DefaultHttpResponse(decodeResult: success, version: HTTP/1.1)
HTTP/1.1 200 OK
Content-Length: 54
Content-Type: application/json; charset=utf-8
cache-control: no-cache

10:39:57.613 [AsyncHttpClient-1-11] DEBUG org.asynchttpclient.netty.channel.ChannelManager - Adding key: http://localhost:12603 for channel [id: 0xdf292b8e, L:/127.0.0.1:55224 - R:localhost/127.0.0.1:12603]
10:39:57.614 [Forwarding screenshot on session ad17b865ce1dc475593a14c63da10db1 to remote] DEBUG org.asynchttpclient.netty.request.NettyRequestSender - Using pooled Channel '[id: 0xdf292b8e, L:/127.0.0.1:55224 - R:localhost/127.0.0.1:12603]' for 'GET' to 'http://localhost:12603/session/ad17b865ce1dc475593a14c63da10db1/screenshot'
10:39:57.615 [Forwarding screenshot on session ad17b865ce1dc475593a14c63da10db1 to remote] DEBUG org.asynchttpclient.netty.request.NettyRequestSender - Using open Channel [id: 0xdf292b8e, L:/127.0.0.1:55224 - R:localhost/127.0.0.1:12603] for GET '/session/ad17b865ce1dc475593a14c63da10db1/screenshot'
10:39:57.745 [AsyncHttpClient-1-11] DEBUG org.asynchttpclient.netty.handler.HttpHandler - 

Request DefaultFullHttpRequest(decodeResult: success, version: HTTP/1.1, content: EmptyByteBufBE)
GET /session/ad17b865ce1dc475593a14c63da10db1/screenshot HTTP/1.1
User-Agent: selenium/4.8.1 (java windows)
Cache-Control: no-cache
Content-Type: application/json; charset=utf-8
host: localhost:12603
accept: */*

Response DefaultHttpResponse(decodeResult: success, version: HTTP/1.1)
HTTP/1.1 200 OK
Content-Length: 30264
Content-Type: application/json; charset=utf-8
cache-control: no-cache

10:39:57.745 [AsyncHttpClient-1-11] DEBUG org.asynchttpclient.netty.channel.ChannelManager - Adding key: http://localhost:12603 for channel [id: 0xdf292b8e, L:/127.0.0.1:55224 - R:localhost/127.0.0.1:12603]
10:39:57.746 [main] DEBUG net.serenitybdd.core.photography.Darkroom - Send negative for processing for target\site\serenity\505ed446d87f15c601566b3d5e217aae23a38785f02d7a378a73cf886890132d.png
10:39:57.746 [main] DEBUG net.thucydides.core.steps.StepInterceptor - STEP DONE: clickRegisterLink
  &amp#27;[32mWhen &amp#27;[0m&amp#27;[32mI go to the alta-shop register page&amp#27;[0m     &amp#27;[90m# starter.stepdefinitions.RegisterSteps.clickLoginButton()&amp#27;[0m
10:39:57.746 [Darkroom Processing Line] DEBUG net.serenitybdd.core.photography.DarkroomProcessingLine - Processing screenshot image in /var/screenshots/screenshot-14999444542290528029
10:39:57.746 [Darkroom Processing Line] DEBUG net.serenitybdd.core.photography.DarkroomProcessingLine - Saving screenshot to target\site\serenity\505ed446d87f15c601566b3d5e217aae23a38785f02d7a378a73cf886890132d.png
10:39:57.752 [Forwarding getPageSource on session ad17b865ce1dc475593a14c63da10db1 to remote] DEBUG org.asynchttpclient.netty.request.NettyRequestSender - Using pooled Channel '[id: 0xdf292b8e, L:/127.0.0.1:55224 - R:localhost/127.0.0.1:12603]' for 'POST' to 'http://localhost:12603/session/ad17b865ce1dc475593a14c63da10db1/execute/sync'
10:39:57.752 [Forwarding getPageSource on session ad17b865ce1dc475593a14c63da10db1 to remote] DEBUG org.asynchttpclient.netty.request.NettyRequestSender - Using open Channel [id: 0xdf292b8e, L:/127.0.0.1:55224 - R:localhost/127.0.0.1:12603] for POST '/session/ad17b865ce1dc475593a14c63da10db1/execute/sync'
10:39:57.756 [AsyncHttpClient-1-11] DEBUG org.asynchttpclient.netty.handler.HttpHandler - 

Request DefaultHttpRequest(decodeResult: success, version: HTTP/1.1)
POST /session/ad17b865ce1dc475593a14c63da10db1/execute/sync HTTP/1.1
User-Agent: selenium/4.8.1 (java windows)
Content-Length: 176
Content-Type: application/json; charset=utf-8
host: localhost:12603
accept: */*

Response DefaultHttpResponse(decodeResult: success, version: HTTP/1.1)
HTTP/1.1 200 OK
Content-Length: 22314
Content-Type: application/json; charset=utf-8
cache-control: no-cache

10:39:57.756 [AsyncHttpClient-1-11] DEBUG org.asynchttpclient.netty.channel.ChannelManager - Adding key: http://localhost:12603 for channel [id: 0xdf292b8e, L:/127.0.0.1:55224 - R:localhost/127.0.0.1:12603]
10:39:57.758 [Forwarding getCurrentUrl on session ad17b865ce1dc475593a14c63da10db1 to remote] DEBUG org.asynchttpclient.netty.request.NettyRequestSender - Using pooled Channel '[id: 0xdf292b8e, L:/127.0.0.1:55224 - R:localhost/127.0.0.1:12603]' for 'GET' to 'http://localhost:12603/session/ad17b865ce1dc475593a14c63da10db1/url'
10:39:57.758 [Forwarding getCurrentUrl on session ad17b865ce1dc475593a14c63da10db1 to remote] DEBUG org.asynchttpclient.netty.request.NettyRequestSender - Using open Channel [id: 0xdf292b8e, L:/127.0.0.1:55224 - R:localhost/127.0.0.1:12603] for GET '/session/ad17b865ce1dc475593a14c63da10db1/url'
10:39:57.760 [AsyncHttpClient-1-11] DEBUG org.asynchttpclient.netty.handler.HttpHandler - 

Request DefaultFullHttpRequest(decodeResult: success, version: HTTP/1.1, content: EmptyByteBufBE)
GET /session/ad17b865ce1dc475593a14c63da10db1/url HTTP/1.1
User-Agent: selenium/4.8.1 (java windows)
Cache-Control: no-cache
Content-Type: application/json; charset=utf-8
host: localhost:12603
accept: */*

Response DefaultHttpResponse(decodeResult: success, version: HTTP/1.1)
HTTP/1.1 200 OK
Content-Length: 54
Content-Type: application/json; charset=utf-8
cache-control: no-cache

10:39:57.760 [AsyncHttpClient-1-11] DEBUG org.asynchttpclient.netty.channel.ChannelManager - Adding key: http://localhost:12603 for channel [id: 0xdf292b8e, L:/127.0.0.1:55224 - R:localhost/127.0.0.1:12603]
10:39:57.766 [Forwarding getPageSource on session ad17b865ce1dc475593a14c63da10db1 to remote] DEBUG org.asynchttpclient.netty.request.NettyRequestSender - Using pooled Channel '[id: 0xdf292b8e, L:/127.0.0.1:55224 - R:localhost/127.0.0.1:12603]' for 'POST' to 'http://localhost:12603/session/ad17b865ce1dc475593a14c63da10db1/execute/sync'
10:39:57.766 [Forwarding getPageSource on session ad17b865ce1dc475593a14c63da10db1 to remote] DEBUG org.asynchttpclient.netty.request.NettyRequestSender - Using open Channel [id: 0xdf292b8e, L:/127.0.0.1:55224 - R:localhost/127.0.0.1:12603] for POST '/session/ad17b865ce1dc475593a14c63da10db1/execute/sync'
10:39:57.770 [AsyncHttpClient-1-11] DEBUG org.asynchttpclient.netty.handler.HttpHandler - 

Request DefaultHttpRequest(decodeResult: success, version: HTTP/1.1)
POST /session/ad17b865ce1dc475593a14c63da10db1/execute/sync HTTP/1.1
User-Agent: selenium/4.8.1 (java windows)
Content-Length: 176
Content-Type: application/json; charset=utf-8
host: localhost:12603
accept: */*

Response DefaultHttpResponse(decodeResult: success, version: HTTP/1.1)
HTTP/1.1 200 OK
Content-Length: 22314
Content-Type: application/json; charset=utf-8
cache-control: no-cache

10:39:57.770 [AsyncHttpClient-1-11] DEBUG org.asynchttpclient.netty.channel.ChannelManager - Adding key: http://localhost:12603 for channel [id: 0xdf292b8e, L:/127.0.0.1:55224 - R:localhost/127.0.0.1:12603]
10:39:57.772 [Forwarding getCurrentUrl on session ad17b865ce1dc475593a14c63da10db1 to remote] DEBUG org.asynchttpclient.netty.request.NettyRequestSender - Using pooled Channel '[id: 0xdf292b8e, L:/127.0.0.1:55224 - R:localhost/127.0.0.1:12603]' for 'GET' to 'http://localhost:12603/session/ad17b865ce1dc475593a14c63da10db1/url'
10:39:57.772 [Forwarding getCurrentUrl on session ad17b865ce1dc475593a14c63da10db1 to remote] DEBUG org.asynchttpclient.netty.request.NettyRequestSender - Using open Channel [id: 0xdf292b8e, L:/127.0.0.1:55224 - R:localhost/127.0.0.1:12603] for GET '/session/ad17b865ce1dc475593a14c63da10db1/url'
10:39:57.774 [AsyncHttpClient-1-11] DEBUG org.asynchttpclient.netty.handler.HttpHandler - 

Request DefaultFullHttpRequest(decodeResult: success, version: HTTP/1.1, content: EmptyByteBufBE)
GET /session/ad17b865ce1dc475593a14c63da10db1/url HTTP/1.1
User-Agent: selenium/4.8.1 (java windows)
Cache-Control: no-cache
Content-Type: application/json; charset=utf-8
host: localhost:12603
accept: */*

Response DefaultHttpResponse(decodeResult: success, version: HTTP/1.1)
HTTP/1.1 200 OK
Content-Length: 54
Content-Type: application/json; charset=utf-8
cache-control: no-cache

10:39:57.775 [AsyncHttpClient-1-11] DEBUG org.asynchttpclient.netty.channel.ChannelManager - Adding key: http://localhost:12603 for channel [id: 0xdf292b8e, L:/127.0.0.1:55224 - R:localhost/127.0.0.1:12603]
10:39:57.777 [main] DEBUG net.thucydides.core.steps.StepInterceptor - STARTING STEP: RegisterSteps.inputFullnameReg - inputFullnameReg
10:39:57.778 [Forwarding findElement on session ad17b865ce1dc475593a14c63da10db1 to remote] DEBUG org.asynchttpclient.netty.request.NettyRequestSender - Using pooled Channel '[id: 0xdf292b8e, L:/127.0.0.1:55224 - R:localhost/127.0.0.1:12603]' for 'POST' to 'http://localhost:12603/session/ad17b865ce1dc475593a14c63da10db1/element'
10:39:57.778 [Forwarding findElement on session ad17b865ce1dc475593a14c63da10db1 to remote] DEBUG org.asynchttpclient.netty.request.NettyRequestSender - Using open Channel [id: 0xdf292b8e, L:/127.0.0.1:55224 - R:localhost/127.0.0.1:12603] for POST '/session/ad17b865ce1dc475593a14c63da10db1/element'
10:39:57.786 [AsyncHttpClient-1-11] DEBUG org.asynchttpclient.netty.handler.HttpHandler - 

Request DefaultHttpRequest(decodeResult: success, version: HTTP/1.1)
POST /session/ad17b865ce1dc475593a14c63da10db1/element HTTP/1.1
User-Agent: selenium/4.8.1 (java windows)
Content-Length: 55
Content-Type: application/json; charset=utf-8
host: localhost:12603
accept: */*

Response DefaultHttpResponse(decodeResult: success, version: HTTP/1.1)
HTTP/1.1 200 OK
Content-Length: 88
Content-Type: application/json; charset=utf-8
cache-control: no-cache

10:39:57.786 [AsyncHttpClient-1-11] DEBUG org.asynchttpclient.netty.channel.ChannelManager - Adding key: http://localhost:12603 for channel [id: 0xdf292b8e, L:/127.0.0.1:55224 - R:localhost/127.0.0.1:12603]
10:39:57.787 [Forwarding clearElement on session ad17b865ce1dc475593a14c63da10db1 to remote] DEBUG org.asynchttpclient.netty.request.NettyRequestSender - Using pooled Channel '[id: 0xdf292b8e, L:/127.0.0.1:55224 - R:localhost/127.0.0.1:12603]' for 'POST' to 'http://localhost:12603/session/ad17b865ce1dc475593a14c63da10db1/element/ea5d8893-9f99-459e-9084-fb99a0074528/clear'
10:39:57.787 [Forwarding clearElement on session ad17b865ce1dc475593a14c63da10db1 to remote] DEBUG org.asynchttpclient.netty.request.NettyRequestSender - Using open Channel [id: 0xdf292b8e, L:/127.0.0.1:55224 - R:localhost/127.0.0.1:12603] for POST '/session/ad17b865ce1dc475593a14c63da10db1/element/ea5d8893-9f99-459e-9084-fb99a0074528/clear'
10:39:57.798 [AsyncHttpClient-1-1] DEBUG org.asynchttpclient.netty.channel.DefaultChannelPool - Entry count for : http://localhost:55225 : 1
10:39:57.811 [AsyncHttpClient-1-11] DEBUG org.asynchttpclient.netty.handler.HttpHandler - 

Request DefaultHttpRequest(decodeResult: success, version: HTTP/1.1)
POST /session/ad17b865ce1dc475593a14c63da10db1/element/ea5d8893-9f99-459e-9084-fb99a0074528/clear HTTP/1.1
User-Agent: selenium/4.8.1 (java windows)
Content-Length: 50
Content-Type: application/json; charset=utf-8
host: localhost:12603
accept: */*

Response DefaultHttpResponse(decodeResult: success, version: HTTP/1.1)
HTTP/1.1 200 OK
Content-Length: 14
Content-Type: application/json; charset=utf-8
cache-control: no-cache

10:39:57.811 [AsyncHttpClient-1-11] DEBUG org.asynchttpclient.netty.channel.ChannelManager - Adding key: http://localhost:12603 for channel [id: 0xdf292b8e, L:/127.0.0.1:55224 - R:localhost/127.0.0.1:12603]
10:39:57.812 [Forwarding sendKeysToElement on session ad17b865ce1dc475593a14c63da10db1 to remote] DEBUG org.asynchttpclient.netty.request.NettyRequestSender - Using pooled Channel '[id: 0xdf292b8e, L:/127.0.0.1:55224 - R:localhost/127.0.0.1:12603]' for 'POST' to 'http://localhost:12603/session/ad17b865ce1dc475593a14c63da10db1/element/ea5d8893-9f99-459e-9084-fb99a0074528/value'
10:39:57.812 [Forwarding sendKeysToElement on session ad17b865ce1dc475593a14c63da10db1 to remote] DEBUG org.asynchttpclient.netty.request.NettyRequestSender - Using open Channel [id: 0xdf292b8e, L:/127.0.0.1:55224 - R:localhost/127.0.0.1:12603] for POST '/session/ad17b865ce1dc475593a14c63da10db1/element/ea5d8893-9f99-459e-9084-fb99a0074528/value'
10:39:57.853 [AsyncHttpClient-1-11] DEBUG org.asynchttpclient.netty.handler.HttpHandler - 

Request DefaultHttpRequest(decodeResult: success, version: HTTP/1.1)
POST /session/ad17b865ce1dc475593a14c63da10db1/element/ea5d8893-9f99-459e-9084-fb99a0074528/value HTTP/1.1
User-Agent: selenium/4.8.1 (java windows)
Content-Length: 101
Content-Type: application/json; charset=utf-8
host: localhost:12603
accept: */*

Response DefaultHttpResponse(decodeResult: success, version: HTTP/1.1)
HTTP/1.1 200 OK
Content-Length: 14
Content-Type: application/json; charset=utf-8
cache-control: no-cache

10:39:57.853 [AsyncHttpClient-1-11] DEBUG org.asynchttpclient.netty.channel.ChannelManager - Adding key: http://localhost:12603 for channel [id: 0xdf292b8e, L:/127.0.0.1:55224 - R:localhost/127.0.0.1:12603]
10:39:57.857 [Forwarding getAlertText on session ad17b865ce1dc475593a14c63da10db1 to remote] DEBUG org.asynchttpclient.netty.request.NettyRequestSender - Using pooled Channel '[id: 0xdf292b8e, L:/127.0.0.1:55224 - R:localhost/127.0.0.1:12603]' for 'GET' to 'http://localhost:12603/session/ad17b865ce1dc475593a14c63da10db1/alert/text'
10:39:57.857 [Forwarding getAlertText on session ad17b865ce1dc475593a14c63da10db1 to remote] DEBUG org.asynchttpclient.netty.request.NettyRequestSender - Using open Channel [id: 0xdf292b8e, L:/127.0.0.1:55224 - R:localhost/127.0.0.1:12603] for GET '/session/ad17b865ce1dc475593a14c63da10db1/alert/text'
10:39:57.859 [AsyncHttpClient-1-11] DEBUG org.asynchttpclient.netty.handler.HttpHandler - 

Request DefaultFullHttpRequest(decodeResult: success, version: HTTP/1.1, content: EmptyByteBufBE)
GET /session/ad17b865ce1dc475593a14c63da10db1/alert/text HTTP/1.1
User-Agent: selenium/4.8.1 (java windows)
Cache-Control: no-cache
Content-Type: application/json; charset=utf-8
host: localhost:12603
accept: */*

Response DefaultHttpResponse(decodeResult: success, version: HTTP/1.1)
HTTP/1.1 404 Not Found
Content-Length: 836
Content-Type: application/json; charset=utf-8
cache-control: no-cache

10:39:57.859 [AsyncHttpClient-1-11] DEBUG org.asynchttpclient.netty.channel.ChannelManager - Adding key: http://localhost:12603 for channel [id: 0xdf292b8e, L:/127.0.0.1:55224 - R:localhost/127.0.0.1:12603]
10:39:57.860 [Forwarding getCurrentUrl on session ad17b865ce1dc475593a14c63da10db1 to remote] DEBUG org.asynchttpclient.netty.request.NettyRequestSender - Using pooled Channel '[id: 0xdf292b8e, L:/127.0.0.1:55224 - R:localhost/127.0.0.1:12603]' for 'GET' to 'http://localhost:12603/session/ad17b865ce1dc475593a14c63da10db1/url'
10:39:57.860 [Forwarding getCurrentUrl on session ad17b865ce1dc475593a14c63da10db1 to remote] DEBUG org.asynchttpclient.netty.request.NettyRequestSender - Using open Channel [id: 0xdf292b8e, L:/127.0.0.1:55224 - R:localhost/127.0.0.1:12603] for GET '/session/ad17b865ce1dc475593a14c63da10db1/url'
10:39:57.862 [AsyncHttpClient-1-11] DEBUG org.asynchttpclient.netty.handler.HttpHandler - 

Request DefaultFullHttpRequest(decodeResult: success, version: HTTP/1.1, content: EmptyByteBufBE)
GET /session/ad17b865ce1dc475593a14c63da10db1/url HTTP/1.1
User-Agent: selenium/4.8.1 (java windows)
Cache-Control: no-cache
Content-Type: application/json; charset=utf-8
host: localhost:12603
accept: */*

Response DefaultHttpResponse(decodeResult: success, version: HTTP/1.1)
HTTP/1.1 200 OK
Content-Length: 54
Content-Type: application/json; charset=utf-8
cache-control: no-cache

10:39:57.862 [AsyncHttpClient-1-11] DEBUG org.asynchttpclient.netty.channel.ChannelManager - Adding key: http://localhost:12603 for channel [id: 0xdf292b8e, L:/127.0.0.1:55224 - R:localhost/127.0.0.1:12603]
10:39:57.863 [Forwarding screenshot on session ad17b865ce1dc475593a14c63da10db1 to remote] DEBUG org.asynchttpclient.netty.request.NettyRequestSender - Using pooled Channel '[id: 0xdf292b8e, L:/127.0.0.1:55224 - R:localhost/127.0.0.1:12603]' for 'GET' to 'http://localhost:12603/session/ad17b865ce1dc475593a14c63da10db1/screenshot'
10:39:57.863 [Forwarding screenshot on session ad17b865ce1dc475593a14c63da10db1 to remote] DEBUG org.asynchttpclient.netty.request.NettyRequestSender - Using open Channel [id: 0xdf292b8e, L:/127.0.0.1:55224 - R:localhost/127.0.0.1:12603] for GET '/session/ad17b865ce1dc475593a14c63da10db1/screenshot'
10:39:57.979 [AsyncHttpClient-1-11] DEBUG org.asynchttpclient.netty.handler.HttpHandler - 

Request DefaultFullHttpRequest(decodeResult: success, version: HTTP/1.1, content: EmptyByteBufBE)
GET /session/ad17b865ce1dc475593a14c63da10db1/screenshot HTTP/1.1
User-Agent: selenium/4.8.1 (java windows)
Cache-Control: no-cache
Content-Type: application/json; charset=utf-8
host: localhost:12603
accept: */*

Response DefaultHttpResponse(decodeResult: success, version: HTTP/1.1)
HTTP/1.1 200 OK
Content-Length: 30928
Content-Type: application/json; charset=utf-8
cache-control: no-cache

10:39:57.979 [AsyncHttpClient-1-11] DEBUG org.asynchttpclient.netty.channel.ChannelManager - Adding key: http://localhost:12603 for channel [id: 0xdf292b8e, L:/127.0.0.1:55224 - R:localhost/127.0.0.1:12603]
10:39:57.980 [main] DEBUG net.serenitybdd.core.photography.Darkroom - Send negative for processing for target\site\serenity\18fc0c8d8454fd626cb383d09bf8ecbac03337e671fb1a519355a604b467fe83.png
10:39:57.980 [main] DEBUG net.thucydides.core.steps.StepInterceptor - STEP DONE: inputFullnameReg
  &amp#27;[32mAnd &amp#27;[0m&amp#27;[32mI input correct fullname for register&amp#27;[0m    &amp#27;[90m# starter.stepdefinitions.RegisterSteps.inputFullnameReg()&amp#27;[0m
10:39:57.980 [Darkroom Processing Line] DEBUG net.serenitybdd.core.photography.DarkroomProcessingLine - Processing screenshot image in /var/screenshots/screenshot-11426493843921913564
10:39:57.980 [Darkroom Processing Line] DEBUG net.serenitybdd.core.photography.DarkroomProcessingLine - Saving screenshot to target\site\serenity\18fc0c8d8454fd626cb383d09bf8ecbac03337e671fb1a519355a604b467fe83.png
10:39:57.986 [Forwarding getPageSource on session ad17b865ce1dc475593a14c63da10db1 to remote] DEBUG org.asynchttpclient.netty.request.NettyRequestSender - Using pooled Channel '[id: 0xdf292b8e, L:/127.0.0.1:55224 - R:localhost/127.0.0.1:12603]' for 'POST' to 'http://localhost:12603/session/ad17b865ce1dc475593a14c63da10db1/execute/sync'
10:39:57.986 [Forwarding getPageSource on session ad17b865ce1dc475593a14c63da10db1 to remote] DEBUG org.asynchttpclient.netty.request.NettyRequestSender - Using open Channel [id: 0xdf292b8e, L:/127.0.0.1:55224 - R:localhost/127.0.0.1:12603] for POST '/session/ad17b865ce1dc475593a14c63da10db1/execute/sync'
10:39:57.990 [AsyncHttpClient-1-11] DEBUG org.asynchttpclient.netty.handler.HttpHandler - 

Request DefaultHttpRequest(decodeResult: success, version: HTTP/1.1)
POST /session/ad17b865ce1dc475593a14c63da10db1/execute/sync HTTP/1.1
User-Agent: selenium/4.8.1 (java windows)
Content-Length: 176
Content-Type: application/json; charset=utf-8
host: localhost:12603
accept: */*

Response DefaultHttpResponse(decodeResult: success, version: HTTP/1.1)
HTTP/1.1 200 OK
Content-Length: 22435
Content-Type: application/json; charset=utf-8
cache-control: no-cache

10:39:57.991 [AsyncHttpClient-1-11] DEBUG org.asynchttpclient.netty.channel.ChannelManager - Adding key: http://localhost:12603 for channel [id: 0xdf292b8e, L:/127.0.0.1:55224 - R:localhost/127.0.0.1:12603]
10:39:57.993 [Forwarding getCurrentUrl on session ad17b865ce1dc475593a14c63da10db1 to remote] DEBUG org.asynchttpclient.netty.request.NettyRequestSender - Using pooled Channel '[id: 0xdf292b8e, L:/127.0.0.1:55224 - R:localhost/127.0.0.1:12603]' for 'GET' to 'http://localhost:12603/session/ad17b865ce1dc475593a14c63da10db1/url'
10:39:57.993 [Forwarding getCurrentUrl on session ad17b865ce1dc475593a14c63da10db1 to remote] DEBUG org.asynchttpclient.netty.request.NettyRequestSender - Using open Channel [id: 0xdf292b8e, L:/127.0.0.1:55224 - R:localhost/127.0.0.1:12603] for GET '/session/ad17b865ce1dc475593a14c63da10db1/url'
10:39:57.995 [AsyncHttpClient-1-11] DEBUG org.asynchttpclient.netty.handler.HttpHandler - 

Request DefaultFullHttpRequest(decodeResult: success, version: HTTP/1.1, content: EmptyByteBufBE)
GET /session/ad17b865ce1dc475593a14c63da10db1/url HTTP/1.1
User-Agent: selenium/4.8.1 (java windows)
Cache-Control: no-cache
Content-Type: application/json; charset=utf-8
host: localhost:12603
accept: */*

Response DefaultHttpResponse(decodeResult: success, version: HTTP/1.1)
HTTP/1.1 200 OK
Content-Length: 54
Content-Type: application/json; charset=utf-8
cache-control: no-cache

10:39:57.995 [AsyncHttpClient-1-11] DEBUG org.asynchttpclient.netty.channel.ChannelManager - Adding key: http://localhost:12603 for channel [id: 0xdf292b8e, L:/127.0.0.1:55224 - R:localhost/127.0.0.1:12603]
10:39:58.002 [Forwarding getPageSource on session ad17b865ce1dc475593a14c63da10db1 to remote] DEBUG org.asynchttpclient.netty.request.NettyRequestSender - Using pooled Channel '[id: 0xdf292b8e, L:/127.0.0.1:55224 - R:localhost/127.0.0.1:12603]' for 'POST' to 'http://localhost:12603/session/ad17b865ce1dc475593a14c63da10db1/execute/sync'
10:39:58.002 [Forwarding getPageSource on session ad17b865ce1dc475593a14c63da10db1 to remote] DEBUG org.asynchttpclient.netty.request.NettyRequestSender - Using open Channel [id: 0xdf292b8e, L:/127.0.0.1:55224 - R:localhost/127.0.0.1:12603] for POST '/session/ad17b865ce1dc475593a14c63da10db1/execute/sync'
10:39:58.007 [AsyncHttpClient-1-11] DEBUG org.asynchttpclient.netty.handler.HttpHandler - 

Request DefaultHttpRequest(decodeResult: success, version: HTTP/1.1)
POST /session/ad17b865ce1dc475593a14c63da10db1/execute/sync HTTP/1.1
User-Agent: selenium/4.8.1 (java windows)
Content-Length: 176
Content-Type: application/json; charset=utf-8
host: localhost:12603
accept: */*

Response DefaultHttpResponse(decodeResult: success, version: HTTP/1.1)
HTTP/1.1 200 OK
Content-Length: 22435
Content-Type: application/json; charset=utf-8
cache-control: no-cache

10:39:58.007 [AsyncHttpClient-1-11] DEBUG org.asynchttpclient.netty.channel.ChannelManager - Adding key: http://localhost:12603 for channel [id: 0xdf292b8e, L:/127.0.0.1:55224 - R:localhost/127.0.0.1:12603]
10:39:58.009 [Forwarding getCurrentUrl on session ad17b865ce1dc475593a14c63da10db1 to remote] DEBUG org.asynchttpclient.netty.request.NettyRequestSender - Using pooled Channel '[id: 0xdf292b8e, L:/127.0.0.1:55224 - R:localhost/127.0.0.1:12603]' for 'GET' to 'http://localhost:12603/session/ad17b865ce1dc475593a14c63da10db1/url'
10:39:58.009 [Forwarding getCurrentUrl on session ad17b865ce1dc475593a14c63da10db1 to remote] DEBUG org.asynchttpclient.netty.request.NettyRequestSender - Using open Channel [id: 0xdf292b8e, L:/127.0.0.1:55224 - R:localhost/127.0.0.1:12603] for GET '/session/ad17b865ce1dc475593a14c63da10db1/url'
10:39:58.012 [AsyncHttpClient-1-11] DEBUG org.asynchttpclient.netty.handler.HttpHandler - 

Request DefaultFullHttpRequest(decodeResult: success, version: HTTP/1.1, content: EmptyByteBufBE)
GET /session/ad17b865ce1dc475593a14c63da10db1/url HTTP/1.1
User-Agent: selenium/4.8.1 (java windows)
Cache-Control: no-cache
Content-Type: application/json; charset=utf-8
host: localhost:12603
accept: */*

Response DefaultHttpResponse(decodeResult: success, version: HTTP/1.1)
HTTP/1.1 200 OK
Content-Length: 54
Content-Type: application/json; charset=utf-8
cache-control: no-cache

10:39:58.012 [AsyncHttpClient-1-11] DEBUG org.asynchttpclient.netty.channel.ChannelManager - Adding key: http://localhost:12603 for channel [id: 0xdf292b8e, L:/127.0.0.1:55224 - R:localhost/127.0.0.1:12603]
10:39:58.014 [main] DEBUG net.thucydides.core.steps.StepInterceptor - STARTING STEP: RegisterSteps.inputEmailReg - inputEmailReg
10:39:58.018 [Forwarding findElement on session ad17b865ce1dc475593a14c63da10db1 to remote] DEBUG org.asynchttpclient.netty.request.NettyRequestSender - Using pooled Channel '[id: 0xdf292b8e, L:/127.0.0.1:55224 - R:localhost/127.0.0.1:12603]' for 'POST' to 'http://localhost:12603/session/ad17b865ce1dc475593a14c63da10db1/element'
10:39:58.018 [Forwarding findElement on session ad17b865ce1dc475593a14c63da10db1 to remote] DEBUG org.asynchttpclient.netty.request.NettyRequestSender - Using open Channel [id: 0xdf292b8e, L:/127.0.0.1:55224 - R:localhost/127.0.0.1:12603] for POST '/session/ad17b865ce1dc475593a14c63da10db1/element'
10:39:58.027 [AsyncHttpClient-1-11] DEBUG org.asynchttpclient.netty.handler.HttpHandler - 

Request DefaultHttpRequest(decodeResult: success, version: HTTP/1.1)
POST /session/ad17b865ce1dc475593a14c63da10db1/element HTTP/1.1
User-Agent: selenium/4.8.1 (java windows)
Content-Length: 55
Content-Type: application/json; charset=utf-8
host: localhost:12603
accept: */*

Response DefaultHttpResponse(decodeResult: success, version: HTTP/1.1)
HTTP/1.1 200 OK
Content-Length: 88
Content-Type: application/json; charset=utf-8
cache-control: no-cache

10:39:58.027 [AsyncHttpClient-1-11] DEBUG org.asynchttpclient.netty.channel.ChannelManager - Adding key: http://localhost:12603 for channel [id: 0xdf292b8e, L:/127.0.0.1:55224 - R:localhost/127.0.0.1:12603]
10:39:58.028 [Forwarding clearElement on session ad17b865ce1dc475593a14c63da10db1 to remote] DEBUG org.asynchttpclient.netty.request.NettyRequestSender - Using pooled Channel '[id: 0xdf292b8e, L:/127.0.0.1:55224 - R:localhost/127.0.0.1:12603]' for 'POST' to 'http://localhost:12603/session/ad17b865ce1dc475593a14c63da10db1/element/b3ee29f9-decc-412d-8454-8f880ae6ffa2/clear'
10:39:58.028 [Forwarding clearElement on session ad17b865ce1dc475593a14c63da10db1 to remote] DEBUG org.asynchttpclient.netty.request.NettyRequestSender - Using open Channel [id: 0xdf292b8e, L:/127.0.0.1:55224 - R:localhost/127.0.0.1:12603] for POST '/session/ad17b865ce1dc475593a14c63da10db1/element/b3ee29f9-decc-412d-8454-8f880ae6ffa2/clear'
10:39:58.052 [AsyncHttpClient-1-11] DEBUG org.asynchttpclient.netty.handler.HttpHandler - 

Request DefaultHttpRequest(decodeResult: success, version: HTTP/1.1)
POST /session/ad17b865ce1dc475593a14c63da10db1/element/b3ee29f9-decc-412d-8454-8f880ae6ffa2/clear HTTP/1.1
User-Agent: selenium/4.8.1 (java windows)
Content-Length: 50
Content-Type: application/json; charset=utf-8
host: localhost:12603
accept: */*

Response DefaultHttpResponse(decodeResult: success, version: HTTP/1.1)
HTTP/1.1 200 OK
Content-Length: 14
Content-Type: application/json; charset=utf-8
cache-control: no-cache

10:39:58.052 [AsyncHttpClient-1-11] DEBUG org.asynchttpclient.netty.channel.ChannelManager - Adding key: http://localhost:12603 for channel [id: 0xdf292b8e, L:/127.0.0.1:55224 - R:localhost/127.0.0.1:12603]
10:39:58.054 [Forwarding sendKeysToElement on session ad17b865ce1dc475593a14c63da10db1 to remote] DEBUG org.asynchttpclient.netty.request.NettyRequestSender - Using pooled Channel '[id: 0xdf292b8e, L:/127.0.0.1:55224 - R:localhost/127.0.0.1:12603]' for 'POST' to 'http://localhost:12603/session/ad17b865ce1dc475593a14c63da10db1/element/b3ee29f9-decc-412d-8454-8f880ae6ffa2/value'
10:39:58.054 [Forwarding sendKeysToElement on session ad17b865ce1dc475593a14c63da10db1 to remote] DEBUG org.asynchttpclient.netty.request.NettyRequestSender - Using open Channel [id: 0xdf292b8e, L:/127.0.0.1:55224 - R:localhost/127.0.0.1:12603] for POST '/session/ad17b865ce1dc475593a14c63da10db1/element/b3ee29f9-decc-412d-8454-8f880ae6ffa2/value'
10:39:58.122 [AsyncHttpClient-1-11] DEBUG org.asynchttpclient.netty.handler.HttpHandler - 

Request DefaultHttpRequest(decodeResult: success, version: HTTP/1.1)
POST /session/ad17b865ce1dc475593a14c63da10db1/element/b3ee29f9-decc-412d-8454-8f880ae6ffa2/value HTTP/1.1
User-Agent: selenium/4.8.1 (java windows)
Content-Length: 231
Content-Type: application/json; charset=utf-8
host: localhost:12603
accept: */*

Response DefaultHttpResponse(decodeResult: success, version: HTTP/1.1)
HTTP/1.1 200 OK
Content-Length: 14
Content-Type: application/json; charset=utf-8
cache-control: no-cache

10:39:58.122 [AsyncHttpClient-1-11] DEBUG org.asynchttpclient.netty.channel.ChannelManager - Adding key: http://localhost:12603 for channel [id: 0xdf292b8e, L:/127.0.0.1:55224 - R:localhost/127.0.0.1:12603]
10:39:58.127 [Forwarding getAlertText on session ad17b865ce1dc475593a14c63da10db1 to remote] DEBUG org.asynchttpclient.netty.request.NettyRequestSender - Using pooled Channel '[id: 0xdf292b8e, L:/127.0.0.1:55224 - R:localhost/127.0.0.1:12603]' for 'GET' to 'http://localhost:12603/session/ad17b865ce1dc475593a14c63da10db1/alert/text'
10:39:58.127 [Forwarding getAlertText on session ad17b865ce1dc475593a14c63da10db1 to remote] DEBUG org.asynchttpclient.netty.request.NettyRequestSender - Using open Channel [id: 0xdf292b8e, L:/127.0.0.1:55224 - R:localhost/127.0.0.1:12603] for GET '/session/ad17b865ce1dc475593a14c63da10db1/alert/text'
10:39:58.128 [AsyncHttpClient-1-11] DEBUG org.asynchttpclient.netty.handler.HttpHandler - 

Request DefaultFullHttpRequest(decodeResult: success, version: HTTP/1.1, content: EmptyByteBufBE)
GET /session/ad17b865ce1dc475593a14c63da10db1/alert/text HTTP/1.1
User-Agent: selenium/4.8.1 (java windows)
Cache-Control: no-cache
Content-Type: application/json; charset=utf-8
host: localhost:12603
accept: */*

Response DefaultHttpResponse(decodeResult: success, version: HTTP/1.1)
HTTP/1.1 404 Not Found
Content-Length: 836
Content-Type: application/json; charset=utf-8
cache-control: no-cache

10:39:58.129 [AsyncHttpClient-1-11] DEBUG org.asynchttpclient.netty.channel.ChannelManager - Adding key: http://localhost:12603 for channel [id: 0xdf292b8e, L:/127.0.0.1:55224 - R:localhost/127.0.0.1:12603]
10:39:58.130 [Forwarding getCurrentUrl on session ad17b865ce1dc475593a14c63da10db1 to remote] DEBUG org.asynchttpclient.netty.request.NettyRequestSender - Using pooled Channel '[id: 0xdf292b8e, L:/127.0.0.1:55224 - R:localhost/127.0.0.1:12603]' for 'GET' to 'http://localhost:12603/session/ad17b865ce1dc475593a14c63da10db1/url'
10:39:58.130 [Forwarding getCurrentUrl on session ad17b865ce1dc475593a14c63da10db1 to remote] DEBUG org.asynchttpclient.netty.request.NettyRequestSender - Using open Channel [id: 0xdf292b8e, L:/127.0.0.1:55224 - R:localhost/127.0.0.1:12603] for GET '/session/ad17b865ce1dc475593a14c63da10db1/url'
10:39:58.132 [AsyncHttpClient-1-11] DEBUG org.asynchttpclient.netty.handler.HttpHandler - 

Request DefaultFullHttpRequest(decodeResult: success, version: HTTP/1.1, content: EmptyByteBufBE)
GET /session/ad17b865ce1dc475593a14c63da10db1/url HTTP/1.1
User-Agent: selenium/4.8.1 (java windows)
Cache-Control: no-cache
Content-Type: application/json; charset=utf-8
host: localhost:12603
accept: */*

Response DefaultHttpResponse(decodeResult: success, version: HTTP/1.1)
HTTP/1.1 200 OK
Content-Length: 54
Content-Type: application/json; charset=utf-8
cache-control: no-cache

10:39:58.132 [AsyncHttpClient-1-11] DEBUG org.asynchttpclient.netty.channel.ChannelManager - Adding key: http://localhost:12603 for channel [id: 0xdf292b8e, L:/127.0.0.1:55224 - R:localhost/127.0.0.1:12603]
10:39:58.133 [Forwarding screenshot on session ad17b865ce1dc475593a14c63da10db1 to remote] DEBUG org.asynchttpclient.netty.request.NettyRequestSender - Using pooled Channel '[id: 0xdf292b8e, L:/127.0.0.1:55224 - R:localhost/127.0.0.1:12603]' for 'GET' to 'http://localhost:12603/session/ad17b865ce1dc475593a14c63da10db1/screenshot'
10:39:58.133 [Forwarding screenshot on session ad17b865ce1dc475593a14c63da10db1 to remote] DEBUG org.asynchttpclient.netty.request.NettyRequestSender - Using open Channel [id: 0xdf292b8e, L:/127.0.0.1:55224 - R:localhost/127.0.0.1:12603] for GET '/session/ad17b865ce1dc475593a14c63da10db1/screenshot'
10:39:58.222 [AsyncHttpClient-1-11] DEBUG org.asynchttpclient.netty.handler.HttpHandler - 

Request DefaultFullHttpRequest(decodeResult: success, version: HTTP/1.1, content: EmptyByteBufBE)
GET /session/ad17b865ce1dc475593a14c63da10db1/screenshot HTTP/1.1
User-Agent: selenium/4.8.1 (java windows)
Cache-Control: no-cache
Content-Type: application/json; charset=utf-8
host: localhost:12603
accept: */*

Response DefaultHttpResponse(decodeResult: success, version: HTTP/1.1)
HTTP/1.1 200 OK
Content-Length: 35216
Content-Type: application/json; charset=utf-8
cache-control: no-cache

10:39:58.222 [AsyncHttpClient-1-11] DEBUG org.asynchttpclient.netty.channel.ChannelManager - Adding key: http://localhost:12603 for channel [id: 0xdf292b8e, L:/127.0.0.1:55224 - R:localhost/127.0.0.1:12603]
10:39:58.224 [main] DEBUG net.serenitybdd.core.photography.Darkroom - Send negative for processing for target\site\serenity\fb87745ed2b51c4c38d93f0fa64c12a856ada42203a610561583f3bda09ede71.png
10:39:58.224 [main] DEBUG net.thucydides.core.steps.StepInterceptor - STEP DONE: inputEmailReg
10:39:58.224 [Darkroom Processing Line] DEBUG net.serenitybdd.core.photography.DarkroomProcessingLine - Processing screenshot image in /var/screenshots/screenshot-3512573866668662466
10:39:58.224 [Darkroom Processing Line] DEBUG net.serenitybdd.core.photography.DarkroomProcessingLine - Saving screenshot to target\site\serenity\fb87745ed2b51c4c38d93f0fa64c12a856ada42203a610561583f3bda09ede71.png
  &amp#27;[32mAnd &amp#27;[0m&amp#27;[32mI input correct email for register&amp#27;[0m       &amp#27;[90m# starter.stepdefinitions.RegisterSteps.inputEmailReg()&amp#27;[0m
10:39:58.230 [Forwarding getPageSource on session ad17b865ce1dc475593a14c63da10db1 to remote] DEBUG org.asynchttpclient.netty.request.NettyRequestSender - Using pooled Channel '[id: 0xdf292b8e, L:/127.0.0.1:55224 - R:localhost/127.0.0.1:12603]' for 'POST' to 'http://localhost:12603/session/ad17b865ce1dc475593a14c63da10db1/execute/sync'
10:39:58.230 [Forwarding getPageSource on session ad17b865ce1dc475593a14c63da10db1 to remote] DEBUG org.asynchttpclient.netty.request.NettyRequestSender - Using open Channel [id: 0xdf292b8e, L:/127.0.0.1:55224 - R:localhost/127.0.0.1:12603] for POST '/session/ad17b865ce1dc475593a14c63da10db1/execute/sync'
10:39:58.235 [AsyncHttpClient-1-11] DEBUG org.asynchttpclient.netty.handler.HttpHandler - 

Request DefaultHttpRequest(decodeResult: success, version: HTTP/1.1)
POST /session/ad17b865ce1dc475593a14c63da10db1/execute/sync HTTP/1.1
User-Agent: selenium/4.8.1 (java windows)
Content-Length: 176
Content-Type: application/json; charset=utf-8
host: localhost:12603
accept: */*

Response DefaultHttpResponse(decodeResult: success, version: HTTP/1.1)
HTTP/1.1 200 OK
Content-Length: 22494
Content-Type: application/json; charset=utf-8
cache-control: no-cache

10:39:58.235 [AsyncHttpClient-1-11] DEBUG org.asynchttpclient.netty.channel.ChannelManager - Adding key: http://localhost:12603 for channel [id: 0xdf292b8e, L:/127.0.0.1:55224 - R:localhost/127.0.0.1:12603]
10:39:58.237 [Forwarding getCurrentUrl on session ad17b865ce1dc475593a14c63da10db1 to remote] DEBUG org.asynchttpclient.netty.request.NettyRequestSender - Using pooled Channel '[id: 0xdf292b8e, L:/127.0.0.1:55224 - R:localhost/127.0.0.1:12603]' for 'GET' to 'http://localhost:12603/session/ad17b865ce1dc475593a14c63da10db1/url'
10:39:58.237 [Forwarding getCurrentUrl on session ad17b865ce1dc475593a14c63da10db1 to remote] DEBUG org.asynchttpclient.netty.request.NettyRequestSender - Using open Channel [id: 0xdf292b8e, L:/127.0.0.1:55224 - R:localhost/127.0.0.1:12603] for GET '/session/ad17b865ce1dc475593a14c63da10db1/url'
10:39:58.241 [AsyncHttpClient-1-11] DEBUG org.asynchttpclient.netty.handler.HttpHandler - 

Request DefaultFullHttpRequest(decodeResult: success, version: HTTP/1.1, content: EmptyByteBufBE)
GET /session/ad17b865ce1dc475593a14c63da10db1/url HTTP/1.1
User-Agent: selenium/4.8.1 (java windows)
Cache-Control: no-cache
Content-Type: application/json; charset=utf-8
host: localhost:12603
accept: */*

Response DefaultHttpResponse(decodeResult: success, version: HTTP/1.1)
HTTP/1.1 200 OK
Content-Length: 54
Content-Type: application/json; charset=utf-8
cache-control: no-cache

10:39:58.241 [AsyncHttpClient-1-11] DEBUG org.asynchttpclient.netty.channel.ChannelManager - Adding key: http://localhost:12603 for channel [id: 0xdf292b8e, L:/127.0.0.1:55224 - R:localhost/127.0.0.1:12603]
10:39:58.247 [Forwarding getPageSource on session ad17b865ce1dc475593a14c63da10db1 to remote] DEBUG org.asynchttpclient.netty.request.NettyRequestSender - Using pooled Channel '[id: 0xdf292b8e, L:/127.0.0.1:55224 - R:localhost/127.0.0.1:12603]' for 'POST' to 'http://localhost:12603/session/ad17b865ce1dc475593a14c63da10db1/execute/sync'
10:39:58.248 [Forwarding getPageSource on session ad17b865ce1dc475593a14c63da10db1 to remote] DEBUG org.asynchttpclient.netty.request.NettyRequestSender - Using open Channel [id: 0xdf292b8e, L:/127.0.0.1:55224 - R:localhost/127.0.0.1:12603] for POST '/session/ad17b865ce1dc475593a14c63da10db1/execute/sync'
10:39:58.251 [AsyncHttpClient-1-11] DEBUG org.asynchttpclient.netty.handler.HttpHandler - 

Request DefaultHttpRequest(decodeResult: success, version: HTTP/1.1)
POST /session/ad17b865ce1dc475593a14c63da10db1/execute/sync HTTP/1.1
User-Agent: selenium/4.8.1 (java windows)
Content-Length: 176
Content-Type: application/json; charset=utf-8
host: localhost:12603
accept: */*

Response DefaultHttpResponse(decodeResult: success, version: HTTP/1.1)
HTTP/1.1 200 OK
Content-Length: 22494
Content-Type: application/json; charset=utf-8
cache-control: no-cache

10:39:58.251 [AsyncHttpClient-1-11] DEBUG org.asynchttpclient.netty.channel.ChannelManager - Adding key: http://localhost:12603 for channel [id: 0xdf292b8e, L:/127.0.0.1:55224 - R:localhost/127.0.0.1:12603]
10:39:58.253 [Forwarding getCurrentUrl on session ad17b865ce1dc475593a14c63da10db1 to remote] DEBUG org.asynchttpclient.netty.request.NettyRequestSender - Using pooled Channel '[id: 0xdf292b8e, L:/127.0.0.1:55224 - R:localhost/127.0.0.1:12603]' for 'GET' to 'http://localhost:12603/session/ad17b865ce1dc475593a14c63da10db1/url'
10:39:58.253 [Forwarding getCurrentUrl on session ad17b865ce1dc475593a14c63da10db1 to remote] DEBUG org.asynchttpclient.netty.request.NettyRequestSender - Using open Channel [id: 0xdf292b8e, L:/127.0.0.1:55224 - R:localhost/127.0.0.1:12603] for GET '/session/ad17b865ce1dc475593a14c63da10db1/url'
10:39:58.257 [AsyncHttpClient-1-11] DEBUG org.asynchttpclient.netty.handler.HttpHandler - 

Request DefaultFullHttpRequest(decodeResult: success, version: HTTP/1.1, content: EmptyByteBufBE)
GET /session/ad17b865ce1dc475593a14c63da10db1/url HTTP/1.1
User-Agent: selenium/4.8.1 (java windows)
Cache-Control: no-cache
Content-Type: application/json; charset=utf-8
host: localhost:12603
accept: */*

Response DefaultHttpResponse(decodeResult: success, version: HTTP/1.1)
HTTP/1.1 200 OK
Content-Length: 54
Content-Type: application/json; charset=utf-8
cache-control: no-cache

10:39:58.257 [AsyncHttpClient-1-11] DEBUG org.asynchttpclient.netty.channel.ChannelManager - Adding key: http://localhost:12603 for channel [id: 0xdf292b8e, L:/127.0.0.1:55224 - R:localhost/127.0.0.1:12603]
10:39:58.258 [main] DEBUG net.thucydides.core.steps.StepInterceptor - STARTING STEP: RegisterSteps.inputInvalidPasswordReg - inputPasswordReg
10:39:58.260 [Forwarding findElement on session ad17b865ce1dc475593a14c63da10db1 to remote] DEBUG org.asynchttpclient.netty.request.NettyRequestSender - Using pooled Channel '[id: 0xdf292b8e, L:/127.0.0.1:55224 - R:localhost/127.0.0.1:12603]' for 'POST' to 'http://localhost:12603/session/ad17b865ce1dc475593a14c63da10db1/element'
10:39:58.260 [Forwarding findElement on session ad17b865ce1dc475593a14c63da10db1 to remote] DEBUG org.asynchttpclient.netty.request.NettyRequestSender - Using open Channel [id: 0xdf292b8e, L:/127.0.0.1:55224 - R:localhost/127.0.0.1:12603] for POST '/session/ad17b865ce1dc475593a14c63da10db1/element'
10:39:58.270 [AsyncHttpClient-1-11] DEBUG org.asynchttpclient.netty.handler.HttpHandler - 

Request DefaultHttpRequest(decodeResult: success, version: HTTP/1.1)
POST /session/ad17b865ce1dc475593a14c63da10db1/element HTTP/1.1
User-Agent: selenium/4.8.1 (java windows)
Content-Length: 55
Content-Type: application/json; charset=utf-8
host: localhost:12603
accept: */*

Response DefaultHttpResponse(decodeResult: success, version: HTTP/1.1)
HTTP/1.1 200 OK
Content-Length: 88
Content-Type: application/json; charset=utf-8
cache-control: no-cache

10:39:58.270 [AsyncHttpClient-1-11] DEBUG org.asynchttpclient.netty.channel.ChannelManager - Adding key: http://localhost:12603 for channel [id: 0xdf292b8e, L:/127.0.0.1:55224 - R:localhost/127.0.0.1:12603]
10:39:58.271 [Forwarding clearElement on session ad17b865ce1dc475593a14c63da10db1 to remote] DEBUG org.asynchttpclient.netty.request.NettyRequestSender - Using pooled Channel '[id: 0xdf292b8e, L:/127.0.0.1:55224 - R:localhost/127.0.0.1:12603]' for 'POST' to 'http://localhost:12603/session/ad17b865ce1dc475593a14c63da10db1/element/baea7481-b3fd-4b33-8f7d-4f88908cee6d/clear'
10:39:58.271 [Forwarding clearElement on session ad17b865ce1dc475593a14c63da10db1 to remote] DEBUG org.asynchttpclient.netty.request.NettyRequestSender - Using open Channel [id: 0xdf292b8e, L:/127.0.0.1:55224 - R:localhost/127.0.0.1:12603] for POST '/session/ad17b865ce1dc475593a14c63da10db1/element/baea7481-b3fd-4b33-8f7d-4f88908cee6d/clear'
10:39:58.295 [AsyncHttpClient-1-11] DEBUG org.asynchttpclient.netty.handler.HttpHandler - 

Request DefaultHttpRequest(decodeResult: success, version: HTTP/1.1)
POST /session/ad17b865ce1dc475593a14c63da10db1/element/baea7481-b3fd-4b33-8f7d-4f88908cee6d/clear HTTP/1.1
User-Agent: selenium/4.8.1 (java windows)
Content-Length: 50
Content-Type: application/json; charset=utf-8
host: localhost:12603
accept: */*

Response DefaultHttpResponse(decodeResult: success, version: HTTP/1.1)
HTTP/1.1 200 OK
Content-Length: 14
Content-Type: application/json; charset=utf-8
cache-control: no-cache

10:39:58.295 [AsyncHttpClient-1-11] DEBUG org.asynchttpclient.netty.channel.ChannelManager - Adding key: http://localhost:12603 for channel [id: 0xdf292b8e, L:/127.0.0.1:55224 - R:localhost/127.0.0.1:12603]
10:39:58.296 [Forwarding sendKeysToElement on session ad17b865ce1dc475593a14c63da10db1 to remote] DEBUG org.asynchttpclient.netty.request.NettyRequestSender - Using pooled Channel '[id: 0xdf292b8e, L:/127.0.0.1:55224 - R:localhost/127.0.0.1:12603]' for 'POST' to 'http://localhost:12603/session/ad17b865ce1dc475593a14c63da10db1/element/baea7481-b3fd-4b33-8f7d-4f88908cee6d/value'
10:39:58.296 [Forwarding sendKeysToElement on session ad17b865ce1dc475593a14c63da10db1 to remote] DEBUG org.asynchttpclient.netty.request.NettyRequestSender - Using open Channel [id: 0xdf292b8e, L:/127.0.0.1:55224 - R:localhost/127.0.0.1:12603] for POST '/session/ad17b865ce1dc475593a14c63da10db1/element/baea7481-b3fd-4b33-8f7d-4f88908cee6d/value'
10:39:58.360 [AsyncHttpClient-1-11] DEBUG org.asynchttpclient.netty.handler.HttpHandler - 

Request DefaultHttpRequest(decodeResult: success, version: HTTP/1.1)
POST /session/ad17b865ce1dc475593a14c63da10db1/element/baea7481-b3fd-4b33-8f7d-4f88908cee6d/value HTTP/1.1
User-Agent: selenium/4.8.1 (java windows)
Content-Length: 82
Content-Type: application/json; charset=utf-8
host: localhost:12603
accept: */*

Response DefaultHttpResponse(decodeResult: success, version: HTTP/1.1)
HTTP/1.1 200 OK
Content-Length: 14
Content-Type: application/json; charset=utf-8
cache-control: no-cache

10:39:58.361 [AsyncHttpClient-1-11] DEBUG org.asynchttpclient.netty.channel.ChannelManager - Adding key: http://localhost:12603 for channel [id: 0xdf292b8e, L:/127.0.0.1:55224 - R:localhost/127.0.0.1:12603]
10:39:58.369 [Forwarding getAlertText on session ad17b865ce1dc475593a14c63da10db1 to remote] DEBUG org.asynchttpclient.netty.request.NettyRequestSender - Using pooled Channel '[id: 0xdf292b8e, L:/127.0.0.1:55224 - R:localhost/127.0.0.1:12603]' for 'GET' to 'http://localhost:12603/session/ad17b865ce1dc475593a14c63da10db1/alert/text'
10:39:58.369 [Forwarding getAlertText on session ad17b865ce1dc475593a14c63da10db1 to remote] DEBUG org.asynchttpclient.netty.request.NettyRequestSender - Using open Channel [id: 0xdf292b8e, L:/127.0.0.1:55224 - R:localhost/127.0.0.1:12603] for GET '/session/ad17b865ce1dc475593a14c63da10db1/alert/text'
10:39:58.371 [AsyncHttpClient-1-11] DEBUG org.asynchttpclient.netty.handler.HttpHandler - 

Request DefaultFullHttpRequest(decodeResult: success, version: HTTP/1.1, content: EmptyByteBufBE)
GET /session/ad17b865ce1dc475593a14c63da10db1/alert/text HTTP/1.1
User-Agent: selenium/4.8.1 (java windows)
Cache-Control: no-cache
Content-Type: application/json; charset=utf-8
host: localhost:12603
accept: */*

Response DefaultHttpResponse(decodeResult: success, version: HTTP/1.1)
HTTP/1.1 404 Not Found
Content-Length: 836
Content-Type: application/json; charset=utf-8
cache-control: no-cache

10:39:58.371 [AsyncHttpClient-1-11] DEBUG org.asynchttpclient.netty.channel.ChannelManager - Adding key: http://localhost:12603 for channel [id: 0xdf292b8e, L:/127.0.0.1:55224 - R:localhost/127.0.0.1:12603]
10:39:58.372 [Forwarding getCurrentUrl on session ad17b865ce1dc475593a14c63da10db1 to remote] DEBUG org.asynchttpclient.netty.request.NettyRequestSender - Using pooled Channel '[id: 0xdf292b8e, L:/127.0.0.1:55224 - R:localhost/127.0.0.1:12603]' for 'GET' to 'http://localhost:12603/session/ad17b865ce1dc475593a14c63da10db1/url'
10:39:58.372 [Forwarding getCurrentUrl on session ad17b865ce1dc475593a14c63da10db1 to remote] DEBUG org.asynchttpclient.netty.request.NettyRequestSender - Using open Channel [id: 0xdf292b8e, L:/127.0.0.1:55224 - R:localhost/127.0.0.1:12603] for GET '/session/ad17b865ce1dc475593a14c63da10db1/url'
10:39:58.376 [AsyncHttpClient-1-11] DEBUG org.asynchttpclient.netty.handler.HttpHandler - 

Request DefaultFullHttpRequest(decodeResult: success, version: HTTP/1.1, content: EmptyByteBufBE)
GET /session/ad17b865ce1dc475593a14c63da10db1/url HTTP/1.1
User-Agent: selenium/4.8.1 (java windows)
Cache-Control: no-cache
Content-Type: application/json; charset=utf-8
host: localhost:12603
accept: */*

Response DefaultHttpResponse(decodeResult: success, version: HTTP/1.1)
HTTP/1.1 200 OK
Content-Length: 54
Content-Type: application/json; charset=utf-8
cache-control: no-cache

10:39:58.376 [AsyncHttpClient-1-11] DEBUG org.asynchttpclient.netty.channel.ChannelManager - Adding key: http://localhost:12603 for channel [id: 0xdf292b8e, L:/127.0.0.1:55224 - R:localhost/127.0.0.1:12603]
10:39:58.377 [Forwarding screenshot on session ad17b865ce1dc475593a14c63da10db1 to remote] DEBUG org.asynchttpclient.netty.request.NettyRequestSender - Using pooled Channel '[id: 0xdf292b8e, L:/127.0.0.1:55224 - R:localhost/127.0.0.1:12603]' for 'GET' to 'http://localhost:12603/session/ad17b865ce1dc475593a14c63da10db1/screenshot'
10:39:58.377 [Forwarding screenshot on session ad17b865ce1dc475593a14c63da10db1 to remote] DEBUG org.asynchttpclient.netty.request.NettyRequestSender - Using open Channel [id: 0xdf292b8e, L:/127.0.0.1:55224 - R:localhost/127.0.0.1:12603] for GET '/session/ad17b865ce1dc475593a14c63da10db1/screenshot'
10:39:58.497 [AsyncHttpClient-1-11] DEBUG org.asynchttpclient.netty.handler.HttpHandler - 

Request DefaultFullHttpRequest(decodeResult: success, version: HTTP/1.1, content: EmptyByteBufBE)
GET /session/ad17b865ce1dc475593a14c63da10db1/screenshot HTTP/1.1
User-Agent: selenium/4.8.1 (java windows)
Cache-Control: no-cache
Content-Type: application/json; charset=utf-8
host: localhost:12603
accept: */*

Response DefaultHttpResponse(decodeResult: success, version: HTTP/1.1)
HTTP/1.1 200 OK
Content-Length: 33260
Content-Type: application/json; charset=utf-8
cache-control: no-cache

10:39:58.497 [AsyncHttpClient-1-11] DEBUG org.asynchttpclient.netty.channel.ChannelManager - Adding key: http://localhost:12603 for channel [id: 0xdf292b8e, L:/127.0.0.1:55224 - R:localhost/127.0.0.1:12603]
10:39:58.499 [main] DEBUG net.serenitybdd.core.photography.Darkroom - Send negative for processing for target\site\serenity\c41d5e322d3443d29383d1a695667466c8a89fd7678fc520db83a3205ceb962e.png
10:39:58.499 [main] DEBUG net.thucydides.core.steps.StepInterceptor - STEP DONE: inputPasswordReg
  &amp#27;[32mAnd &amp#27;[0m&amp#27;[32mI input nothing in password for register&amp#27;[0m &amp#27;[90m# starter.stepdefinitions.RegisterSteps.inputInvalidPasswordReg()&amp#27;[0m
10:39:58.499 [Darkroom Processing Line] DEBUG net.serenitybdd.core.photography.DarkroomProcessingLine - Processing screenshot image in /var/screenshots/screenshot-3619055262361692433
10:39:58.499 [Darkroom Processing Line] DEBUG net.serenitybdd.core.photography.DarkroomProcessingLine - Saving screenshot to target\site\serenity\c41d5e322d3443d29383d1a695667466c8a89fd7678fc520db83a3205ceb962e.png
10:39:58.505 [Forwarding getPageSource on session ad17b865ce1dc475593a14c63da10db1 to remote] DEBUG org.asynchttpclient.netty.request.NettyRequestSender - Using pooled Channel '[id: 0xdf292b8e, L:/127.0.0.1:55224 - R:localhost/127.0.0.1:12603]' for 'POST' to 'http://localhost:12603/session/ad17b865ce1dc475593a14c63da10db1/execute/sync'
10:39:58.505 [Forwarding getPageSource on session ad17b865ce1dc475593a14c63da10db1 to remote] DEBUG org.asynchttpclient.netty.request.NettyRequestSender - Using open Channel [id: 0xdf292b8e, L:/127.0.0.1:55224 - R:localhost/127.0.0.1:12603] for POST '/session/ad17b865ce1dc475593a14c63da10db1/execute/sync'
10:39:58.509 [AsyncHttpClient-1-11] DEBUG org.asynchttpclient.netty.handler.HttpHandler - 

Request DefaultHttpRequest(decodeResult: success, version: HTTP/1.1)
POST /session/ad17b865ce1dc475593a14c63da10db1/execute/sync HTTP/1.1
User-Agent: selenium/4.8.1 (java windows)
Content-Length: 176
Content-Type: application/json; charset=utf-8
host: localhost:12603
accept: */*

Response DefaultHttpResponse(decodeResult: success, version: HTTP/1.1)
HTTP/1.1 200 OK
Content-Length: 22510
Content-Type: application/json; charset=utf-8
cache-control: no-cache

10:39:58.509 [AsyncHttpClient-1-11] DEBUG org.asynchttpclient.netty.channel.ChannelManager - Adding key: http://localhost:12603 for channel [id: 0xdf292b8e, L:/127.0.0.1:55224 - R:localhost/127.0.0.1:12603]
10:39:58.511 [Forwarding getCurrentUrl on session ad17b865ce1dc475593a14c63da10db1 to remote] DEBUG org.asynchttpclient.netty.request.NettyRequestSender - Using pooled Channel '[id: 0xdf292b8e, L:/127.0.0.1:55224 - R:localhost/127.0.0.1:12603]' for 'GET' to 'http://localhost:12603/session/ad17b865ce1dc475593a14c63da10db1/url'
10:39:58.511 [Forwarding getCurrentUrl on session ad17b865ce1dc475593a14c63da10db1 to remote] DEBUG org.asynchttpclient.netty.request.NettyRequestSender - Using open Channel [id: 0xdf292b8e, L:/127.0.0.1:55224 - R:localhost/127.0.0.1:12603] for GET '/session/ad17b865ce1dc475593a14c63da10db1/url'
10:39:58.514 [AsyncHttpClient-1-11] DEBUG org.asynchttpclient.netty.handler.HttpHandler - 

Request DefaultFullHttpRequest(decodeResult: success, version: HTTP/1.1, content: EmptyByteBufBE)
GET /session/ad17b865ce1dc475593a14c63da10db1/url HTTP/1.1
User-Agent: selenium/4.8.1 (java windows)
Cache-Control: no-cache
Content-Type: application/json; charset=utf-8
host: localhost:12603
accept: */*

Response DefaultHttpResponse(decodeResult: success, version: HTTP/1.1)
HTTP/1.1 200 OK
Content-Length: 54
Content-Type: application/json; charset=utf-8
cache-control: no-cache

10:39:58.515 [AsyncHttpClient-1-11] DEBUG org.asynchttpclient.netty.channel.ChannelManager - Adding key: http://localhost:12603 for channel [id: 0xdf292b8e, L:/127.0.0.1:55224 - R:localhost/127.0.0.1:12603]
10:39:58.521 [Forwarding getPageSource on session ad17b865ce1dc475593a14c63da10db1 to remote] DEBUG org.asynchttpclient.netty.request.NettyRequestSender - Using pooled Channel '[id: 0xdf292b8e, L:/127.0.0.1:55224 - R:localhost/127.0.0.1:12603]' for 'POST' to 'http://localhost:12603/session/ad17b865ce1dc475593a14c63da10db1/execute/sync'
10:39:58.521 [Forwarding getPageSource on session ad17b865ce1dc475593a14c63da10db1 to remote] DEBUG org.asynchttpclient.netty.request.NettyRequestSender - Using open Channel [id: 0xdf292b8e, L:/127.0.0.1:55224 - R:localhost/127.0.0.1:12603] for POST '/session/ad17b865ce1dc475593a14c63da10db1/execute/sync'
10:39:58.524 [AsyncHttpClient-1-11] DEBUG org.asynchttpclient.netty.handler.HttpHandler - 

Request DefaultHttpRequest(decodeResult: success, version: HTTP/1.1)
POST /session/ad17b865ce1dc475593a14c63da10db1/execute/sync HTTP/1.1
User-Agent: selenium/4.8.1 (java windows)
Content-Length: 176
Content-Type: application/json; charset=utf-8
host: localhost:12603
accept: */*

Response DefaultHttpResponse(decodeResult: success, version: HTTP/1.1)
HTTP/1.1 200 OK
Content-Length: 22510
Content-Type: application/json; charset=utf-8
cache-control: no-cache

10:39:58.524 [AsyncHttpClient-1-11] DEBUG org.asynchttpclient.netty.channel.ChannelManager - Adding key: http://localhost:12603 for channel [id: 0xdf292b8e, L:/127.0.0.1:55224 - R:localhost/127.0.0.1:12603]
10:39:58.526 [Forwarding getCurrentUrl on session ad17b865ce1dc475593a14c63da10db1 to remote] DEBUG org.asynchttpclient.netty.request.NettyRequestSender - Using pooled Channel '[id: 0xdf292b8e, L:/127.0.0.1:55224 - R:localhost/127.0.0.1:12603]' for 'GET' to 'http://localhost:12603/session/ad17b865ce1dc475593a14c63da10db1/url'
10:39:58.526 [Forwarding getCurrentUrl on session ad17b865ce1dc475593a14c63da10db1 to remote] DEBUG org.asynchttpclient.netty.request.NettyRequestSender - Using open Channel [id: 0xdf292b8e, L:/127.0.0.1:55224 - R:localhost/127.0.0.1:12603] for GET '/session/ad17b865ce1dc475593a14c63da10db1/url'
10:39:58.528 [AsyncHttpClient-1-11] DEBUG org.asynchttpclient.netty.handler.HttpHandler - 

Request DefaultFullHttpRequest(decodeResult: success, version: HTTP/1.1, content: EmptyByteBufBE)
GET /session/ad17b865ce1dc475593a14c63da10db1/url HTTP/1.1
User-Agent: selenium/4.8.1 (java windows)
Cache-Control: no-cache
Content-Type: application/json; charset=utf-8
host: localhost:12603
accept: */*

Response DefaultHttpResponse(decodeResult: success, version: HTTP/1.1)
HTTP/1.1 200 OK
Content-Length: 54
Content-Type: application/json; charset=utf-8
cache-control: no-cache

10:39:58.528 [AsyncHttpClient-1-11] DEBUG org.asynchttpclient.netty.channel.ChannelManager - Adding key: http://localhost:12603 for channel [id: 0xdf292b8e, L:/127.0.0.1:55224 - R:localhost/127.0.0.1:12603]
10:39:58.530 [main] DEBUG net.thucydides.core.steps.StepInterceptor - STARTING STEP: RegisterSteps.ClickRegisterButton - ClickRegisterButton
10:39:58.532 [Forwarding findElement on session ad17b865ce1dc475593a14c63da10db1 to remote] DEBUG org.asynchttpclient.netty.request.NettyRequestSender - Using pooled Channel '[id: 0xdf292b8e, L:/127.0.0.1:55224 - R:localhost/127.0.0.1:12603]' for 'POST' to 'http://localhost:12603/session/ad17b865ce1dc475593a14c63da10db1/element'
10:39:58.532 [Forwarding findElement on session ad17b865ce1dc475593a14c63da10db1 to remote] DEBUG org.asynchttpclient.netty.request.NettyRequestSender - Using open Channel [id: 0xdf292b8e, L:/127.0.0.1:55224 - R:localhost/127.0.0.1:12603] for POST '/session/ad17b865ce1dc475593a14c63da10db1/element'
10:39:58.542 [AsyncHttpClient-1-11] DEBUG org.asynchttpclient.netty.handler.HttpHandler - 

Request DefaultHttpRequest(decodeResult: success, version: HTTP/1.1)
POST /session/ad17b865ce1dc475593a14c63da10db1/element HTTP/1.1
User-Agent: selenium/4.8.1 (java windows)
Content-Length: 71
Content-Type: application/json; charset=utf-8
host: localhost:12603
accept: */*

Response DefaultHttpResponse(decodeResult: success, version: HTTP/1.1)
HTTP/1.1 200 OK
Content-Length: 88
Content-Type: application/json; charset=utf-8
cache-control: no-cache

10:39:58.542 [AsyncHttpClient-1-11] DEBUG org.asynchttpclient.netty.channel.ChannelManager - Adding key: http://localhost:12603 for channel [id: 0xdf292b8e, L:/127.0.0.1:55224 - R:localhost/127.0.0.1:12603]
10:39:58.543 [Forwarding getElementTagName on session ad17b865ce1dc475593a14c63da10db1 to remote] DEBUG org.asynchttpclient.netty.request.NettyRequestSender - Using pooled Channel '[id: 0xdf292b8e, L:/127.0.0.1:55224 - R:localhost/127.0.0.1:12603]' for 'GET' to 'http://localhost:12603/session/ad17b865ce1dc475593a14c63da10db1/element/97b4de28-5fe3-4192-8f4c-fed93a8f7d08/name'
10:39:58.543 [Forwarding getElementTagName on session ad17b865ce1dc475593a14c63da10db1 to remote] DEBUG org.asynchttpclient.netty.request.NettyRequestSender - Using open Channel [id: 0xdf292b8e, L:/127.0.0.1:55224 - R:localhost/127.0.0.1:12603] for GET '/session/ad17b865ce1dc475593a14c63da10db1/element/97b4de28-5fe3-4192-8f4c-fed93a8f7d08/name'
10:39:58.545 [AsyncHttpClient-1-11] DEBUG org.asynchttpclient.netty.handler.HttpHandler - 

Request DefaultFullHttpRequest(decodeResult: success, version: HTTP/1.1, content: EmptyByteBufBE)
GET /session/ad17b865ce1dc475593a14c63da10db1/element/97b4de28-5fe3-4192-8f4c-fed93a8f7d08/name HTTP/1.1
User-Agent: selenium/4.8.1 (java windows)
Cache-Control: no-cache
Content-Type: application/json; charset=utf-8
host: localhost:12603
accept: */*

Response DefaultHttpResponse(decodeResult: success, version: HTTP/1.1)
HTTP/1.1 200 OK
Content-Length: 18
Content-Type: application/json; charset=utf-8
cache-control: no-cache

10:39:58.545 [AsyncHttpClient-1-11] DEBUG org.asynchttpclient.netty.channel.ChannelManager - Adding key: http://localhost:12603 for channel [id: 0xdf292b8e, L:/127.0.0.1:55224 - R:localhost/127.0.0.1:12603]
10:39:58.546 [Forwarding getElementTagName on session ad17b865ce1dc475593a14c63da10db1 to remote] DEBUG org.asynchttpclient.netty.request.NettyRequestSender - Using pooled Channel '[id: 0xdf292b8e, L:/127.0.0.1:55224 - R:localhost/127.0.0.1:12603]' for 'GET' to 'http://localhost:12603/session/ad17b865ce1dc475593a14c63da10db1/element/97b4de28-5fe3-4192-8f4c-fed93a8f7d08/name'
10:39:58.547 [Forwarding getElementTagName on session ad17b865ce1dc475593a14c63da10db1 to remote] DEBUG org.asynchttpclient.netty.request.NettyRequestSender - Using open Channel [id: 0xdf292b8e, L:/127.0.0.1:55224 - R:localhost/127.0.0.1:12603] for GET '/session/ad17b865ce1dc475593a14c63da10db1/element/97b4de28-5fe3-4192-8f4c-fed93a8f7d08/name'
10:39:58.549 [AsyncHttpClient-1-11] DEBUG org.asynchttpclient.netty.handler.HttpHandler - 

Request DefaultFullHttpRequest(decodeResult: success, version: HTTP/1.1, content: EmptyByteBufBE)
GET /session/ad17b865ce1dc475593a14c63da10db1/element/97b4de28-5fe3-4192-8f4c-fed93a8f7d08/name HTTP/1.1
User-Agent: selenium/4.8.1 (java windows)
Cache-Control: no-cache
Content-Type: application/json; charset=utf-8
host: localhost:12603
accept: */*

Response DefaultHttpResponse(decodeResult: success, version: HTTP/1.1)
HTTP/1.1 200 OK
Content-Length: 18
Content-Type: application/json; charset=utf-8
cache-control: no-cache

10:39:58.549 [AsyncHttpClient-1-11] DEBUG org.asynchttpclient.netty.channel.ChannelManager - Adding key: http://localhost:12603 for channel [id: 0xdf292b8e, L:/127.0.0.1:55224 - R:localhost/127.0.0.1:12603]
10:39:58.550 [Forwarding isElementEnabled on session ad17b865ce1dc475593a14c63da10db1 to remote] DEBUG org.asynchttpclient.netty.request.NettyRequestSender - Using pooled Channel '[id: 0xdf292b8e, L:/127.0.0.1:55224 - R:localhost/127.0.0.1:12603]' for 'GET' to 'http://localhost:12603/session/ad17b865ce1dc475593a14c63da10db1/element/97b4de28-5fe3-4192-8f4c-fed93a8f7d08/enabled'
10:39:58.550 [Forwarding isElementEnabled on session ad17b865ce1dc475593a14c63da10db1 to remote] DEBUG org.asynchttpclient.netty.request.NettyRequestSender - Using open Channel [id: 0xdf292b8e, L:/127.0.0.1:55224 - R:localhost/127.0.0.1:12603] for GET '/session/ad17b865ce1dc475593a14c63da10db1/element/97b4de28-5fe3-4192-8f4c-fed93a8f7d08/enabled'
10:39:58.557 [AsyncHttpClient-1-11] DEBUG org.asynchttpclient.netty.handler.HttpHandler - 

Request DefaultFullHttpRequest(decodeResult: success, version: HTTP/1.1, content: EmptyByteBufBE)
GET /session/ad17b865ce1dc475593a14c63da10db1/element/97b4de28-5fe3-4192-8f4c-fed93a8f7d08/enabled HTTP/1.1
User-Agent: selenium/4.8.1 (java windows)
Cache-Control: no-cache
Content-Type: application/json; charset=utf-8
host: localhost:12603
accept: */*

Response DefaultHttpResponse(decodeResult: success, version: HTTP/1.1)
HTTP/1.1 200 OK
Content-Length: 14
Content-Type: application/json; charset=utf-8
cache-control: no-cache

10:39:58.558 [AsyncHttpClient-1-11] DEBUG org.asynchttpclient.netty.channel.ChannelManager - Adding key: http://localhost:12603 for channel [id: 0xdf292b8e, L:/127.0.0.1:55224 - R:localhost/127.0.0.1:12603]
10:39:58.558 [Forwarding isElementEnabled on session ad17b865ce1dc475593a14c63da10db1 to remote] DEBUG org.asynchttpclient.netty.request.NettyRequestSender - Using pooled Channel '[id: 0xdf292b8e, L:/127.0.0.1:55224 - R:localhost/127.0.0.1:12603]' for 'GET' to 'http://localhost:12603/session/ad17b865ce1dc475593a14c63da10db1/element/97b4de28-5fe3-4192-8f4c-fed93a8f7d08/enabled'
10:39:58.558 [Forwarding isElementEnabled on session ad17b865ce1dc475593a14c63da10db1 to remote] DEBUG org.asynchttpclient.netty.request.NettyRequestSender - Using open Channel [id: 0xdf292b8e, L:/127.0.0.1:55224 - R:localhost/127.0.0.1:12603] for GET '/session/ad17b865ce1dc475593a14c63da10db1/element/97b4de28-5fe3-4192-8f4c-fed93a8f7d08/enabled'
10:39:58.563 [AsyncHttpClient-1-11] DEBUG org.asynchttpclient.netty.handler.HttpHandler - 

Request DefaultFullHttpRequest(decodeResult: success, version: HTTP/1.1, content: EmptyByteBufBE)
GET /session/ad17b865ce1dc475593a14c63da10db1/element/97b4de28-5fe3-4192-8f4c-fed93a8f7d08/enabled HTTP/1.1
User-Agent: selenium/4.8.1 (java windows)
Cache-Control: no-cache
Content-Type: application/json; charset=utf-8
host: localhost:12603
accept: */*

Response DefaultHttpResponse(decodeResult: success, version: HTTP/1.1)
HTTP/1.1 200 OK
Content-Length: 14
Content-Type: application/json; charset=utf-8
cache-control: no-cache

10:39:58.563 [AsyncHttpClient-1-11] DEBUG org.asynchttpclient.netty.channel.ChannelManager - Adding key: http://localhost:12603 for channel [id: 0xdf292b8e, L:/127.0.0.1:55224 - R:localhost/127.0.0.1:12603]
10:39:58.564 [Forwarding findElement on session ad17b865ce1dc475593a14c63da10db1 to remote] DEBUG org.asynchttpclient.netty.request.NettyRequestSender - Using pooled Channel '[id: 0xdf292b8e, L:/127.0.0.1:55224 - R:localhost/127.0.0.1:12603]' for 'POST' to 'http://localhost:12603/session/ad17b865ce1dc475593a14c63da10db1/element'
10:39:58.564 [Forwarding findElement on session ad17b865ce1dc475593a14c63da10db1 to remote] DEBUG org.asynchttpclient.netty.request.NettyRequestSender - Using open Channel [id: 0xdf292b8e, L:/127.0.0.1:55224 - R:localhost/127.0.0.1:12603] for POST '/session/ad17b865ce1dc475593a14c63da10db1/element'
10:39:58.569 [AsyncHttpClient-1-11] DEBUG org.asynchttpclient.netty.handler.HttpHandler - 

Request DefaultHttpRequest(decodeResult: success, version: HTTP/1.1)
POST /session/ad17b865ce1dc475593a14c63da10db1/element HTTP/1.1
User-Agent: selenium/4.8.1 (java windows)
Content-Length: 71
Content-Type: application/json; charset=utf-8
host: localhost:12603
accept: */*

Response DefaultHttpResponse(decodeResult: success, version: HTTP/1.1)
HTTP/1.1 200 OK
Content-Length: 88
Content-Type: application/json; charset=utf-8
cache-control: no-cache

10:39:58.570 [AsyncHttpClient-1-11] DEBUG org.asynchttpclient.netty.channel.ChannelManager - Adding key: http://localhost:12603 for channel [id: 0xdf292b8e, L:/127.0.0.1:55224 - R:localhost/127.0.0.1:12603]
10:39:58.570 [Forwarding clickElement on session ad17b865ce1dc475593a14c63da10db1 to remote] DEBUG org.asynchttpclient.netty.request.NettyRequestSender - Using pooled Channel '[id: 0xdf292b8e, L:/127.0.0.1:55224 - R:localhost/127.0.0.1:12603]' for 'POST' to 'http://localhost:12603/session/ad17b865ce1dc475593a14c63da10db1/element/97b4de28-5fe3-4192-8f4c-fed93a8f7d08/click'
10:39:58.570 [Forwarding clickElement on session ad17b865ce1dc475593a14c63da10db1 to remote] DEBUG org.asynchttpclient.netty.request.NettyRequestSender - Using open Channel [id: 0xdf292b8e, L:/127.0.0.1:55224 - R:localhost/127.0.0.1:12603] for POST '/session/ad17b865ce1dc475593a14c63da10db1/element/97b4de28-5fe3-4192-8f4c-fed93a8f7d08/click'
10:39:58.602 [AsyncHttpClient-1-11] DEBUG org.asynchttpclient.netty.handler.HttpHandler - 

Request DefaultHttpRequest(decodeResult: success, version: HTTP/1.1)
POST /session/ad17b865ce1dc475593a14c63da10db1/element/97b4de28-5fe3-4192-8f4c-fed93a8f7d08/click HTTP/1.1
User-Agent: selenium/4.8.1 (java windows)
Content-Length: 50
Content-Type: application/json; charset=utf-8
host: localhost:12603
accept: */*

Response DefaultHttpResponse(decodeResult: success, version: HTTP/1.1)
HTTP/1.1 200 OK
Content-Length: 14
Content-Type: application/json; charset=utf-8
cache-control: no-cache

10:39:58.602 [AsyncHttpClient-1-11] DEBUG org.asynchttpclient.netty.channel.ChannelManager - Adding key: http://localhost:12603 for channel [id: 0xdf292b8e, L:/127.0.0.1:55224 - R:localhost/127.0.0.1:12603]
10:39:58.605 [Forwarding getAlertText on session ad17b865ce1dc475593a14c63da10db1 to remote] DEBUG org.asynchttpclient.netty.request.NettyRequestSender - Using pooled Channel '[id: 0xdf292b8e, L:/127.0.0.1:55224 - R:localhost/127.0.0.1:12603]' for 'GET' to 'http://localhost:12603/session/ad17b865ce1dc475593a14c63da10db1/alert/text'
10:39:58.605 [Forwarding getAlertText on session ad17b865ce1dc475593a14c63da10db1 to remote] DEBUG org.asynchttpclient.netty.request.NettyRequestSender - Using open Channel [id: 0xdf292b8e, L:/127.0.0.1:55224 - R:localhost/127.0.0.1:12603] for GET '/session/ad17b865ce1dc475593a14c63da10db1/alert/text'
10:39:58.607 [AsyncHttpClient-1-11] DEBUG org.asynchttpclient.netty.handler.HttpHandler - 

Request DefaultFullHttpRequest(decodeResult: success, version: HTTP/1.1, content: EmptyByteBufBE)
GET /session/ad17b865ce1dc475593a14c63da10db1/alert/text HTTP/1.1
User-Agent: selenium/4.8.1 (java windows)
Cache-Control: no-cache
Content-Type: application/json; charset=utf-8
host: localhost:12603
accept: */*

Response DefaultHttpResponse(decodeResult: success, version: HTTP/1.1)
HTTP/1.1 404 Not Found
Content-Length: 836
Content-Type: application/json; charset=utf-8
cache-control: no-cache

10:39:58.607 [AsyncHttpClient-1-11] DEBUG org.asynchttpclient.netty.channel.ChannelManager - Adding key: http://localhost:12603 for channel [id: 0xdf292b8e, L:/127.0.0.1:55224 - R:localhost/127.0.0.1:12603]
10:39:58.608 [Forwarding getCurrentUrl on session ad17b865ce1dc475593a14c63da10db1 to remote] DEBUG org.asynchttpclient.netty.request.NettyRequestSender - Using pooled Channel '[id: 0xdf292b8e, L:/127.0.0.1:55224 - R:localhost/127.0.0.1:12603]' for 'GET' to 'http://localhost:12603/session/ad17b865ce1dc475593a14c63da10db1/url'
10:39:58.608 [Forwarding getCurrentUrl on session ad17b865ce1dc475593a14c63da10db1 to remote] DEBUG org.asynchttpclient.netty.request.NettyRequestSender - Using open Channel [id: 0xdf292b8e, L:/127.0.0.1:55224 - R:localhost/127.0.0.1:12603] for GET '/session/ad17b865ce1dc475593a14c63da10db1/url'
10:39:58.611 [AsyncHttpClient-1-11] DEBUG org.asynchttpclient.netty.handler.HttpHandler - 

Request DefaultFullHttpRequest(decodeResult: success, version: HTTP/1.1, content: EmptyByteBufBE)
GET /session/ad17b865ce1dc475593a14c63da10db1/url HTTP/1.1
User-Agent: selenium/4.8.1 (java windows)
Cache-Control: no-cache
Content-Type: application/json; charset=utf-8
host: localhost:12603
accept: */*

Response DefaultHttpResponse(decodeResult: success, version: HTTP/1.1)
HTTP/1.1 200 OK
Content-Length: 54
Content-Type: application/json; charset=utf-8
cache-control: no-cache

10:39:58.611 [AsyncHttpClient-1-11] DEBUG org.asynchttpclient.netty.channel.ChannelManager - Adding key: http://localhost:12603 for channel [id: 0xdf292b8e, L:/127.0.0.1:55224 - R:localhost/127.0.0.1:12603]
10:39:58.612 [Forwarding screenshot on session ad17b865ce1dc475593a14c63da10db1 to remote] DEBUG org.asynchttpclient.netty.request.NettyRequestSender - Using pooled Channel '[id: 0xdf292b8e, L:/127.0.0.1:55224 - R:localhost/127.0.0.1:12603]' for 'GET' to 'http://localhost:12603/session/ad17b865ce1dc475593a14c63da10db1/screenshot'
10:39:58.612 [Forwarding screenshot on session ad17b865ce1dc475593a14c63da10db1 to remote] DEBUG org.asynchttpclient.netty.request.NettyRequestSender - Using open Channel [id: 0xdf292b8e, L:/127.0.0.1:55224 - R:localhost/127.0.0.1:12603] for GET '/session/ad17b865ce1dc475593a14c63da10db1/screenshot'
10:39:58.706 [AsyncHttpClient-1-11] DEBUG org.asynchttpclient.netty.handler.HttpHandler - 

Request DefaultFullHttpRequest(decodeResult: success, version: HTTP/1.1, content: EmptyByteBufBE)
GET /session/ad17b865ce1dc475593a14c63da10db1/screenshot HTTP/1.1
User-Agent: selenium/4.8.1 (java windows)
Cache-Control: no-cache
Content-Type: application/json; charset=utf-8
host: localhost:12603
accept: */*

Response DefaultHttpResponse(decodeResult: success, version: HTTP/1.1)
HTTP/1.1 200 OK
Content-Length: 33468
Content-Type: application/json; charset=utf-8
cache-control: no-cache

10:39:58.707 [AsyncHttpClient-1-11] DEBUG org.asynchttpclient.netty.channel.ChannelManager - Adding key: http://localhost:12603 for channel [id: 0xdf292b8e, L:/127.0.0.1:55224 - R:localhost/127.0.0.1:12603]
10:39:58.711 [main] DEBUG net.serenitybdd.core.photography.Darkroom - Send negative for processing for target\site\serenity\4e23461bef76912c0126c76dcc493791cc35fc1bb44cb649b2fc2fc679cdfedd.png
10:39:58.711 [main] DEBUG net.thucydides.core.steps.StepInterceptor - STEP DONE: ClickRegisterButton
10:39:58.711 [Darkroom Processing Line] DEBUG net.serenitybdd.core.photography.DarkroomProcessingLine - Processing screenshot image in /var/screenshots/screenshot-3692129395496642688
  &amp#27;[32mWhen &amp#27;[0m&amp#27;[32mI click on the register button&amp#27;[0m          &amp#27;[90m# starter.stepdefinitions.RegisterSteps.ClickRegisterButton()&amp#27;[0m
10:39:58.711 [Darkroom Processing Line] DEBUG net.serenitybdd.core.photography.DarkroomProcessingLine - Saving screenshot to target\site\serenity\4e23461bef76912c0126c76dcc493791cc35fc1bb44cb649b2fc2fc679cdfedd.png
10:39:58.718 [Forwarding getPageSource on session ad17b865ce1dc475593a14c63da10db1 to remote] DEBUG org.asynchttpclient.netty.request.NettyRequestSender - Using pooled Channel '[id: 0xdf292b8e, L:/127.0.0.1:55224 - R:localhost/127.0.0.1:12603]' for 'POST' to 'http://localhost:12603/session/ad17b865ce1dc475593a14c63da10db1/execute/sync'
10:39:58.718 [Forwarding getPageSource on session ad17b865ce1dc475593a14c63da10db1 to remote] DEBUG org.asynchttpclient.netty.request.NettyRequestSender - Using open Channel [id: 0xdf292b8e, L:/127.0.0.1:55224 - R:localhost/127.0.0.1:12603] for POST '/session/ad17b865ce1dc475593a14c63da10db1/execute/sync'
10:39:58.724 [AsyncHttpClient-1-11] DEBUG org.asynchttpclient.netty.handler.HttpHandler - 

Request DefaultHttpRequest(decodeResult: success, version: HTTP/1.1)
POST /session/ad17b865ce1dc475593a14c63da10db1/execute/sync HTTP/1.1
User-Agent: selenium/4.8.1 (java windows)
Content-Length: 176
Content-Type: application/json; charset=utf-8
host: localhost:12603
accept: */*

Response DefaultHttpResponse(decodeResult: success, version: HTTP/1.1)
HTTP/1.1 200 OK
Content-Length: 22762
Content-Type: application/json; charset=utf-8
cache-control: no-cache

10:39:58.724 [AsyncHttpClient-1-11] DEBUG org.asynchttpclient.netty.channel.ChannelManager - Adding key: http://localhost:12603 for channel [id: 0xdf292b8e, L:/127.0.0.1:55224 - R:localhost/127.0.0.1:12603]
10:39:58.727 [Forwarding getCurrentUrl on session ad17b865ce1dc475593a14c63da10db1 to remote] DEBUG org.asynchttpclient.netty.request.NettyRequestSender - Using pooled Channel '[id: 0xdf292b8e, L:/127.0.0.1:55224 - R:localhost/127.0.0.1:12603]' for 'GET' to 'http://localhost:12603/session/ad17b865ce1dc475593a14c63da10db1/url'
10:39:58.727 [Forwarding getCurrentUrl on session ad17b865ce1dc475593a14c63da10db1 to remote] DEBUG org.asynchttpclient.netty.request.NettyRequestSender - Using open Channel [id: 0xdf292b8e, L:/127.0.0.1:55224 - R:localhost/127.0.0.1:12603] for GET '/session/ad17b865ce1dc475593a14c63da10db1/url'
10:39:58.732 [AsyncHttpClient-1-11] DEBUG org.asynchttpclient.netty.handler.HttpHandler - 

Request DefaultFullHttpRequest(decodeResult: success, version: HTTP/1.1, content: EmptyByteBufBE)
GET /session/ad17b865ce1dc475593a14c63da10db1/url HTTP/1.1
User-Agent: selenium/4.8.1 (java windows)
Cache-Control: no-cache
Content-Type: application/json; charset=utf-8
host: localhost:12603
accept: */*

Response DefaultHttpResponse(decodeResult: success, version: HTTP/1.1)
HTTP/1.1 200 OK
Content-Length: 54
Content-Type: application/json; charset=utf-8
cache-control: no-cache

10:39:58.732 [AsyncHttpClient-1-11] DEBUG org.asynchttpclient.netty.channel.ChannelManager - Adding key: http://localhost:12603 for channel [id: 0xdf292b8e, L:/127.0.0.1:55224 - R:localhost/127.0.0.1:12603]
10:39:58.739 [Forwarding getPageSource on session ad17b865ce1dc475593a14c63da10db1 to remote] DEBUG org.asynchttpclient.netty.request.NettyRequestSender - Using pooled Channel '[id: 0xdf292b8e, L:/127.0.0.1:55224 - R:localhost/127.0.0.1:12603]' for 'POST' to 'http://localhost:12603/session/ad17b865ce1dc475593a14c63da10db1/execute/sync'
10:39:58.739 [Forwarding getPageSource on session ad17b865ce1dc475593a14c63da10db1 to remote] DEBUG org.asynchttpclient.netty.request.NettyRequestSender - Using open Channel [id: 0xdf292b8e, L:/127.0.0.1:55224 - R:localhost/127.0.0.1:12603] for POST '/session/ad17b865ce1dc475593a14c63da10db1/execute/sync'
10:39:58.743 [AsyncHttpClient-1-11] DEBUG org.asynchttpclient.netty.handler.HttpHandler - 

Request DefaultHttpRequest(decodeResult: success, version: HTTP/1.1)
POST /session/ad17b865ce1dc475593a14c63da10db1/execute/sync HTTP/1.1
User-Agent: selenium/4.8.1 (java windows)
Content-Length: 176
Content-Type: application/json; charset=utf-8
host: localhost:12603
accept: */*

Response DefaultHttpResponse(decodeResult: success, version: HTTP/1.1)
HTTP/1.1 200 OK
Content-Length: 22762
Content-Type: application/json; charset=utf-8
cache-control: no-cache

10:39:58.743 [AsyncHttpClient-1-11] DEBUG org.asynchttpclient.netty.channel.ChannelManager - Adding key: http://localhost:12603 for channel [id: 0xdf292b8e, L:/127.0.0.1:55224 - R:localhost/127.0.0.1:12603]
10:39:58.745 [Forwarding getCurrentUrl on session ad17b865ce1dc475593a14c63da10db1 to remote] DEBUG org.asynchttpclient.netty.request.NettyRequestSender - Using pooled Channel '[id: 0xdf292b8e, L:/127.0.0.1:55224 - R:localhost/127.0.0.1:12603]' for 'GET' to 'http://localhost:12603/session/ad17b865ce1dc475593a14c63da10db1/url'
10:39:58.745 [Forwarding getCurrentUrl on session ad17b865ce1dc475593a14c63da10db1 to remote] DEBUG org.asynchttpclient.netty.request.NettyRequestSender - Using open Channel [id: 0xdf292b8e, L:/127.0.0.1:55224 - R:localhost/127.0.0.1:12603] for GET '/session/ad17b865ce1dc475593a14c63da10db1/url'
10:39:58.749 [AsyncHttpClient-1-11] DEBUG org.asynchttpclient.netty.handler.HttpHandler - 

Request DefaultFullHttpRequest(decodeResult: success, version: HTTP/1.1, content: EmptyByteBufBE)
GET /session/ad17b865ce1dc475593a14c63da10db1/url HTTP/1.1
User-Agent: selenium/4.8.1 (java windows)
Cache-Control: no-cache
Content-Type: application/json; charset=utf-8
host: localhost:12603
accept: */*

Response DefaultHttpResponse(decodeResult: success, version: HTTP/1.1)
HTTP/1.1 200 OK
Content-Length: 54
Content-Type: application/json; charset=utf-8
cache-control: no-cache

10:39:58.749 [AsyncHttpClient-1-11] DEBUG org.asynchttpclient.netty.channel.ChannelManager - Adding key: http://localhost:12603 for channel [id: 0xdf292b8e, L:/127.0.0.1:55224 - R:localhost/127.0.0.1:12603]
10:39:58.751 [main] DEBUG net.thucydides.core.steps.StepInterceptor - STARTING STEP: LoginSteps.alertContent - incorrectAlert
10:39:58.752 [Forwarding findElement on session ad17b865ce1dc475593a14c63da10db1 to remote] DEBUG org.asynchttpclient.netty.request.NettyRequestSender - Using pooled Channel '[id: 0xdf292b8e, L:/127.0.0.1:55224 - R:localhost/127.0.0.1:12603]' for 'POST' to 'http://localhost:12603/session/ad17b865ce1dc475593a14c63da10db1/element'
10:39:58.752 [Forwarding findElement on session ad17b865ce1dc475593a14c63da10db1 to remote] DEBUG org.asynchttpclient.netty.request.NettyRequestSender - Using open Channel [id: 0xdf292b8e, L:/127.0.0.1:55224 - R:localhost/127.0.0.1:12603] for POST '/session/ad17b865ce1dc475593a14c63da10db1/element'
10:39:58.899 [AsyncHttpClient-1-1] DEBUG org.asynchttpclient.netty.channel.DefaultChannelPool - Entry count for : http://localhost:55225 : 1
10:39:59.009 [AsyncHttpClient-1-11] DEBUG org.asynchttpclient.netty.handler.HttpHandler - 

Request DefaultHttpRequest(decodeResult: success, version: HTTP/1.1)
POST /session/ad17b865ce1dc475593a14c63da10db1/element HTTP/1.1
User-Agent: selenium/4.8.1 (java windows)
Content-Length: 54
Content-Type: application/json; charset=utf-8
host: localhost:12603
accept: */*

Response DefaultHttpResponse(decodeResult: success, version: HTTP/1.1)
HTTP/1.1 200 OK
Content-Length: 88
Content-Type: application/json; charset=utf-8
cache-control: no-cache

10:39:59.010 [AsyncHttpClient-1-11] DEBUG org.asynchttpclient.netty.channel.ChannelManager - Adding key: http://localhost:12603 for channel [id: 0xdf292b8e, L:/127.0.0.1:55224 - R:localhost/127.0.0.1:12603]
10:39:59.012 [Forwarding isElementDisplayed on session ad17b865ce1dc475593a14c63da10db1 to remote] DEBUG org.asynchttpclient.netty.request.NettyRequestSender - Using pooled Channel '[id: 0xdf292b8e, L:/127.0.0.1:55224 - R:localhost/127.0.0.1:12603]' for 'POST' to 'http://localhost:12603/session/ad17b865ce1dc475593a14c63da10db1/execute/sync'
10:39:59.012 [Forwarding isElementDisplayed on session ad17b865ce1dc475593a14c63da10db1 to remote] DEBUG org.asynchttpclient.netty.request.NettyRequestSender - Using open Channel [id: 0xdf292b8e, L:/127.0.0.1:55224 - R:localhost/127.0.0.1:12603] for POST '/session/ad17b865ce1dc475593a14c63da10db1/execute/sync'
10:39:59.021 [AsyncHttpClient-1-11] DEBUG org.asynchttpclient.netty.handler.HttpHandler - 

Request DefaultHttpRequest(decodeResult: success, version: HTTP/1.1)
POST /session/ad17b865ce1dc475593a14c63da10db1/execute/sync HTTP/1.1
User-Agent: selenium/4.8.1 (java windows)
Content-Length: 48807
Content-Type: application/json; charset=utf-8
host: localhost:12603
accept: */*

Response DefaultHttpResponse(decodeResult: success, version: HTTP/1.1)
HTTP/1.1 200 OK
Content-Length: 14
Content-Type: application/json; charset=utf-8
cache-control: no-cache

10:39:59.021 [AsyncHttpClient-1-11] DEBUG org.asynchttpclient.netty.channel.ChannelManager - Adding key: http://localhost:12603 for channel [id: 0xdf292b8e, L:/127.0.0.1:55224 - R:localhost/127.0.0.1:12603]
10:39:59.025 [Forwarding getAlertText on session ad17b865ce1dc475593a14c63da10db1 to remote] DEBUG org.asynchttpclient.netty.request.NettyRequestSender - Using pooled Channel '[id: 0xdf292b8e, L:/127.0.0.1:55224 - R:localhost/127.0.0.1:12603]' for 'GET' to 'http://localhost:12603/session/ad17b865ce1dc475593a14c63da10db1/alert/text'
10:39:59.025 [Forwarding getAlertText on session ad17b865ce1dc475593a14c63da10db1 to remote] DEBUG org.asynchttpclient.netty.request.NettyRequestSender - Using open Channel [id: 0xdf292b8e, L:/127.0.0.1:55224 - R:localhost/127.0.0.1:12603] for GET '/session/ad17b865ce1dc475593a14c63da10db1/alert/text'
10:39:59.027 [AsyncHttpClient-1-11] DEBUG org.asynchttpclient.netty.handler.HttpHandler - 

Request DefaultFullHttpRequest(decodeResult: success, version: HTTP/1.1, content: EmptyByteBufBE)
GET /session/ad17b865ce1dc475593a14c63da10db1/alert/text HTTP/1.1
User-Agent: selenium/4.8.1 (java windows)
Cache-Control: no-cache
Content-Type: application/json; charset=utf-8
host: localhost:12603
accept: */*

Response DefaultHttpResponse(decodeResult: success, version: HTTP/1.1)
HTTP/1.1 404 Not Found
Content-Length: 836
Content-Type: application/json; charset=utf-8
cache-control: no-cache

10:39:59.027 [AsyncHttpClient-1-11] DEBUG org.asynchttpclient.netty.channel.ChannelManager - Adding key: http://localhost:12603 for channel [id: 0xdf292b8e, L:/127.0.0.1:55224 - R:localhost/127.0.0.1:12603]
10:39:59.028 [Forwarding getCurrentUrl on session ad17b865ce1dc475593a14c63da10db1 to remote] DEBUG org.asynchttpclient.netty.request.NettyRequestSender - Using pooled Channel '[id: 0xdf292b8e, L:/127.0.0.1:55224 - R:localhost/127.0.0.1:12603]' for 'GET' to 'http://localhost:12603/session/ad17b865ce1dc475593a14c63da10db1/url'
10:39:59.028 [Forwarding getCurrentUrl on session ad17b865ce1dc475593a14c63da10db1 to remote] DEBUG org.asynchttpclient.netty.request.NettyRequestSender - Using open Channel [id: 0xdf292b8e, L:/127.0.0.1:55224 - R:localhost/127.0.0.1:12603] for GET '/session/ad17b865ce1dc475593a14c63da10db1/url'
10:39:59.030 [AsyncHttpClient-1-11] DEBUG org.asynchttpclient.netty.handler.HttpHandler - 

Request DefaultFullHttpRequest(decodeResult: success, version: HTTP/1.1, content: EmptyByteBufBE)
GET /session/ad17b865ce1dc475593a14c63da10db1/url HTTP/1.1
User-Agent: selenium/4.8.1 (java windows)
Cache-Control: no-cache
Content-Type: application/json; charset=utf-8
host: localhost:12603
accept: */*

Response DefaultHttpResponse(decodeResult: success, version: HTTP/1.1)
HTTP/1.1 200 OK
Content-Length: 54
Content-Type: application/json; charset=utf-8
cache-control: no-cache

10:39:59.030 [AsyncHttpClient-1-11] DEBUG org.asynchttpclient.netty.channel.ChannelManager - Adding key: http://localhost:12603 for channel [id: 0xdf292b8e, L:/127.0.0.1:55224 - R:localhost/127.0.0.1:12603]
10:39:59.031 [Forwarding screenshot on session ad17b865ce1dc475593a14c63da10db1 to remote] DEBUG org.asynchttpclient.netty.request.NettyRequestSender - Using pooled Channel '[id: 0xdf292b8e, L:/127.0.0.1:55224 - R:localhost/127.0.0.1:12603]' for 'GET' to 'http://localhost:12603/session/ad17b865ce1dc475593a14c63da10db1/screenshot'
10:39:59.031 [Forwarding screenshot on session ad17b865ce1dc475593a14c63da10db1 to remote] DEBUG org.asynchttpclient.netty.request.NettyRequestSender - Using open Channel [id: 0xdf292b8e, L:/127.0.0.1:55224 - R:localhost/127.0.0.1:12603] for GET '/session/ad17b865ce1dc475593a14c63da10db1/screenshot'
10:39:59.121 [AsyncHttpClient-1-11] DEBUG org.asynchttpclient.netty.handler.HttpHandler - 

Request DefaultFullHttpRequest(decodeResult: success, version: HTTP/1.1, content: EmptyByteBufBE)
GET /session/ad17b865ce1dc475593a14c63da10db1/screenshot HTTP/1.1
User-Agent: selenium/4.8.1 (java windows)
Cache-Control: no-cache
Content-Type: application/json; charset=utf-8
host: localhost:12603
accept: */*

Response DefaultHttpResponse(decodeResult: success, version: HTTP/1.1)
HTTP/1.1 200 OK
Content-Length: 34740
Content-Type: application/json; charset=utf-8
cache-control: no-cache

10:39:59.121 [AsyncHttpClient-1-11] DEBUG org.asynchttpclient.netty.channel.ChannelManager - Adding key: http://localhost:12603 for channel [id: 0xdf292b8e, L:/127.0.0.1:55224 - R:localhost/127.0.0.1:12603]
10:39:59.122 [main] DEBUG net.serenitybdd.core.photography.Darkroom - Send negative for processing for target\site\serenity\54317fb6e15da08f5cde7d0354af69d228ca17fe59b242abf4e7f94d13628923.png
10:39:59.123 [main] DEBUG net.thucydides.core.steps.StepInterceptor - STEP DONE: incorrectAlert
  &amp#27;[32mThen &amp#27;[0m&amp#27;[32mI should see the error message&amp#27;[0m          &amp#27;[90m# starter.stepdefinitions.LoginSteps.alertContent()&amp#27;[0m
10:39:59.123 [Darkroom Processing Line] DEBUG net.serenitybdd.core.photography.DarkroomProcessingLine - Processing screenshot image in /var/screenshots/screenshot-16274718358361527890
10:39:59.123 [Darkroom Processing Line] DEBUG net.serenitybdd.core.photography.DarkroomProcessingLine - Saving screenshot to target\site\serenity\54317fb6e15da08f5cde7d0354af69d228ca17fe59b242abf4e7f94d13628923.png
10:39:59.126 [main] INFO  - 
  _____   ___   ___   _____     ___     _     ___   ___   ___   ___  
 |_   _| | __| / __| |_   _|   | _ \   /_\   / __| / __| | __| |   \ 
   | |   | _|  \__ \   | |     |  _/  / _ \  \__ \ \__ \ | _|  | |) |
   |_|   |___| |___/   |_|     |_|   /_/ \_\ |___/ |___/ |___| |___/ 

Register without fill the password
----------------------------------------------------------------------
10:39:59.127 [AsyncHttpClient-1-13] DEBUG org.asynchttpclient.netty.handler.WebSocketHandler - Channel Closed: [id: 0x27366eb4, L:/127.0.0.1:55233 ! R:localhost/127.0.0.1:55225] with attribute NettyResponseFuture{currentRetry=0,
	isDone=1,
	isCancelled=0,
	asyncHandler=org.asynchttpclient.ws.WebSocketUpgradeHandler@3618f45,
	nettyRequest=org.asynchttpclient.netty.request.NettyRequest@4663114d,
	future=java.util.concurrent.CompletableFuture@1dfdf8[Completed normally],
	uri=ws://localhost:55225/devtools/browser/19cb8872-8d8e-4903-90d6-8077ddfb27e1,
	keepAlive=true,
	redirectCount=0,
	timeoutsHolder=null,
	inAuth=0,
	touch=1683430796594}
10:39:59.127 [AsyncHttpClient-1-13] DEBUG org.asynchttpclient.netty.channel.ChannelManager - Closing Channel [id: 0x27366eb4, L:/127.0.0.1:55233 ! R:localhost/127.0.0.1:55225] 
10:39:59.128 [Driver Command Executor] DEBUG org.asynchttpclient.netty.request.NettyRequestSender - Using pooled Channel '[id: 0xdf292b8e, L:/127.0.0.1:55224 - R:localhost/127.0.0.1:12603]' for 'DELETE' to 'http://localhost:12603/session/ad17b865ce1dc475593a14c63da10db1'
10:39:59.128 [Driver Command Executor] DEBUG org.asynchttpclient.netty.request.NettyRequestSender - Using open Channel [id: 0xdf292b8e, L:/127.0.0.1:55224 - R:localhost/127.0.0.1:12603] for DELETE '/session/ad17b865ce1dc475593a14c63da10db1'
10:39:59.172 [AsyncHttpClient-1-12] DEBUG org.asynchttpclient.netty.handler.HttpHandler - Unexpected I/O exception on channel [id: 0xbc4a45cb, L:/127.0.0.1:55232 - R:localhost/127.0.0.1:55225]
java.net.SocketException: Connection reset
	at java.base/sun.nio.ch.SocketChannelImpl.throwConnectionReset(SocketChannelImpl.java:367)
	at java.base/sun.nio.ch.SocketChannelImpl.read(SocketChannelImpl.java:398)
	at io.netty.buffer.PooledByteBuf.setBytes(PooledByteBuf.java:259)
	at io.netty.buffer.AbstractByteBuf.writeBytes(AbstractByteBuf.java:1132)
	at io.netty.channel.socket.nio.NioSocketChannel.doReadBytes(NioSocketChannel.java:357)
	at io.netty.channel.nio.AbstractNioByteChannel$NioByteUnsafe.read(AbstractNioByteChannel.java:151)
	at io.netty.channel.nio.NioEventLoop.processSelectedKey(NioEventLoop.java:788)
	at io.netty.channel.nio.NioEventLoop.processSelectedKeysOptimized(NioEventLoop.java:724)
	at io.netty.channel.nio.NioEventLoop.processSelectedKeys(NioEventLoop.java:650)
	at io.netty.channel.nio.NioEventLoop.run(NioEventLoop.java:562)
	at io.netty.util.concurrent.SingleThreadEventExecutor$4.run(SingleThreadEventExecutor.java:997)
	at io.netty.util.internal.ThreadExecutorMap$2.run(ThreadExecutorMap.java:74)
	at io.netty.util.concurrent.FastThreadLocalRunnable.run(FastThreadLocalRunnable.java:30)
	at java.base/java.lang.Thread.run(Thread.java:832)
10:39:59.172 [AsyncHttpClient-1-12] DEBUG org.asynchttpclient.netty.channel.ChannelManager - Closing Channel [id: 0xbc4a45cb, L:/127.0.0.1:55232 - R:localhost/127.0.0.1:55225] 
10:39:59.172 [AsyncHttpClient-1-12] DEBUG org.asynchttpclient.netty.handler.HttpHandler - Channel Closed: [id: 0xbc4a45cb, L:/127.0.0.1:55232 ! R:localhost/127.0.0.1:55225] with attribute DISCARD
10:39:59.190 [AsyncHttpClient-1-11] DEBUG org.asynchttpclient.netty.handler.HttpHandler - 

Request DefaultFullHttpRequest(decodeResult: success, version: HTTP/1.1, content: EmptyByteBufBE)
DELETE /session/ad17b865ce1dc475593a14c63da10db1 HTTP/1.1
User-Agent: selenium/4.8.1 (java windows)
Content-Type: application/json; charset=utf-8
host: localhost:12603
accept: */*

Response DefaultHttpResponse(decodeResult: success, version: HTTP/1.1)
HTTP/1.1 200 OK
Content-Length: 14
Content-Type: application/json; charset=utf-8
cache-control: no-cache

10:39:59.190 [AsyncHttpClient-1-11] DEBUG org.asynchttpclient.netty.channel.ChannelManager - Adding key: http://localhost:12603 for channel [id: 0xdf292b8e, L:/127.0.0.1:55224 - R:localhost/127.0.0.1:12603]
10:39:59.319 [AsyncHttpClient-1-11] DEBUG org.asynchttpclient.netty.handler.HttpHandler - Channel Closed: [id: 0xdf292b8e, L:/127.0.0.1:55224 ! R:localhost/127.0.0.1:12603] with attribute DISCARD
]]></system-out>
    <system-err><![CDATA[Starting ChromeDriver 111.0.5563.64 (c710e93d5b63b7095afe8c2c17df34408078439d-refs/branch-heads/5563@{#995}) on port 12603
Only local connections are allowed.
Please see https://chromedriver.chromium.org/security-considerations for suggestions on keeping ChromeDriver safe.
ChromeDriver was started successfully.
[1683430796.571][WARNING]: This version of ChromeDriver has not been tested with Chrome version 112.
May 07, 2023 10:39:56 AM org.openqa.selenium.devtools.CdpVersionFinder findNearestMatch
WARNING: Unable to find an exact match for CDP version 112, so returning the closest version found: 110
]]></system-err>
  </testcase>
  <testcase name="Register with existed email" classname="Register to Alta-shop Account" time="4.092">
    <system-out><![CDATA[
Scenario: Register with existed email       &amp#27;[90m# src/test/resources/features/1. Register.feature:43&amp#27;[0m
10:39:59.843 [main] DEBUG io.cucumber.core.plugin.SerenityReporter - Running feature from file:///C:/Users/WINDOWS%2010/Documents/GitHub/MiniProject_QE/Web/code/minpro/src/test/resources/features/1.%20Register.feature
10:39:59.846 [main] INFO  - 
  _____   ___   ___   _____     ___   _____     _     ___   _____   ___   ___  
 |_   _| | __| / __| |_   _|   / __| |_   _|   /_\   | _ \ |_   _| | __| |   \ 
   | |   | _|  \__ \   | |     \__ \   | |    / _ \  |   /   | |   | _|  | |) |
   |_|   |___| |___/   |_|     |___/   |_|   /_/ \_\ |_|_\   |_|   |___| |___/ 

Register with existed email(register-to-alta-shop-account;register-with-existed-email)
--------------------------------------------------------------------------------
10:39:59.860 [main] DEBUG net.thucydides.core.steps.StepInterceptor - STARTING STEP: LoginSteps.onTheLoginPage - openPage
10:39:59.889 [main] INFO net.serenitybdd.core.webdriver.driverproviders.ChromeDriverProvider - Starting Chrome driver instance with capabilities:
10:39:59.889 [main] INFO net.serenitybdd.core.webdriver.driverproviders.ChromeDriverProvider - Capabilities {acceptInsecureCerts: false, browserName: chrome, goog:chromeOptions: {args: [remote-allow-origins=*], extensions: []}}
10:39:59.964 [AsyncHttpClient-1-14] DEBUG org.asynchttpclient.netty.channel.NettyConnectListener - Using new Channel '[id: 0xb6993602, L:/127.0.0.1:55258 - R:localhost/127.0.0.1:14072]' for 'POST' to '/session'
10:40:00.007 [AsyncHttpClient-1-1] DEBUG org.asynchttpclient.netty.channel.DefaultChannelPool - Entry count for : http://localhost:12603 : 1
10:40:00.007 [AsyncHttpClient-1-1] DEBUG org.asynchttpclient.netty.channel.DefaultChannelPool - Entry count for : http://localhost:55225 : 1
10:40:00.007 [AsyncHttpClient-1-1] DEBUG org.asynchttpclient.netty.channel.DefaultChannelPool - Adding Candidate expired Channel [id: 0xdf292b8e, L:/127.0.0.1:55224 ! R:localhost/127.0.0.1:12603] isIdleTimeoutExpired=false isRemotelyClosed=true isTtlExpired=false
10:40:00.007 [AsyncHttpClient-1-1] DEBUG org.asynchttpclient.netty.channel.DefaultChannelPool - Closing Idle Channel [id: 0xdf292b8e, L:/127.0.0.1:55224 ! R:localhost/127.0.0.1:12603]
10:40:00.007 [AsyncHttpClient-1-1] DEBUG org.asynchttpclient.netty.channel.DefaultChannelPool - Adding Candidate expired Channel [id: 0xbc4a45cb, L:/127.0.0.1:55232 ! R:localhost/127.0.0.1:55225] isIdleTimeoutExpired=false isRemotelyClosed=true isTtlExpired=false
10:40:00.007 [AsyncHttpClient-1-1] DEBUG org.asynchttpclient.netty.channel.DefaultChannelPool - Closing Idle Channel [id: 0xbc4a45cb, L:/127.0.0.1:55232 ! R:localhost/127.0.0.1:55225]
10:40:00.007 [AsyncHttpClient-1-1] DEBUG org.asynchttpclient.netty.channel.DefaultChannelPool - Closed 2 connections out of 2 in 0 ms
10:40:00.619 [AsyncHttpClient-1-14] DEBUG org.asynchttpclient.netty.handler.HttpHandler - 

Request DefaultHttpRequest(decodeResult: success, version: HTTP/1.1)
POST /session HTTP/1.1
User-Agent: selenium/4.8.1 (java windows)
Content-Length: 507
Content-Type: application/json; charset=utf-8
host: localhost:14072
accept: */*

Response DefaultHttpResponse(decodeResult: success, version: HTTP/1.1)
HTTP/1.1 200 OK
Content-Length: 863
Content-Type: application/json; charset=utf-8
cache-control: no-cache

10:40:00.619 [AsyncHttpClient-1-14] DEBUG org.asynchttpclient.netty.channel.ChannelManager - Adding key: http://localhost:14072 for channel [id: 0xb6993602, L:/127.0.0.1:55258 - R:localhost/127.0.0.1:14072]
10:40:00.624 [AsyncHttpClient-1-15] DEBUG org.asynchttpclient.netty.channel.NettyConnectListener - Using new Channel '[id: 0xa1982bf6, L:/127.0.0.1:55264 - R:localhost/127.0.0.1:55259]' for 'GET' to '/json/version'
10:40:00.625 [AsyncHttpClient-1-15] DEBUG org.asynchttpclient.netty.handler.HttpHandler - 

Request DefaultFullHttpRequest(decodeResult: success, version: HTTP/1.1, content: EmptyByteBufBE)
GET /json/version HTTP/1.1
User-Agent: selenium/4.8.1 (java windows)
host: localhost:55259
accept: */*

Response DefaultHttpResponse(decodeResult: success, version: HTTP/1.1)
HTTP/1.1 200 OK
Content-Security-Policy: frame-ancestors 'none'
Content-Length: 424
Content-Type: application/json; charset=UTF-8

10:40:00.626 [AsyncHttpClient-1-15] DEBUG org.asynchttpclient.netty.channel.ChannelManager - Adding key: http://localhost:55259 for channel [id: 0xa1982bf6, L:/127.0.0.1:55264 - R:localhost/127.0.0.1:55259]
10:40:00.627 [AsyncHttpClient-1-16] DEBUG org.asynchttpclient.netty.channel.NettyConnectListener - Using new Channel '[id: 0xe916a628, L:/127.0.0.1:55265 - R:localhost/127.0.0.1:55259]' for 'GET' to '/devtools/browser/9a820bb8-7565-4c20-9104-9822e22b522c'
10:40:00.629 [AsyncHttpClient-1-16] DEBUG org.asynchttpclient.netty.handler.WebSocketHandler - 

Request DefaultFullHttpRequest(decodeResult: success, version: HTTP/1.1, content: EmptyByteBufBE)
GET /devtools/browser/9a820bb8-7565-4c20-9104-9822e22b522c HTTP/1.1
upgrade: websocket
connection: upgrade
sec-websocket-key: g07rri1orfQHrTX6gokIFg==
sec-websocket-version: 13
origin: http://localhost:55259
host: localhost:55259
accept: */*
user-agent: AHC/2.1

Response DefaultHttpResponse(decodeResult: success, version: HTTP/1.1)
HTTP/1.1 101 WebSocket Protocol Handshake
Upgrade: WebSocket
Connection: Upgrade
Sec-WebSocket-Accept: C0mjrn8B/28s+ZXQVT6cRp2kxmM=

10:40:00.632 [Forwarding get on session 24ebd2eda8100a349a44fe5f939c5d15 to remote] DEBUG org.asynchttpclient.netty.request.NettyRequestSender - Using pooled Channel '[id: 0xb6993602, L:/127.0.0.1:55258 - R:localhost/127.0.0.1:14072]' for 'POST' to 'http://localhost:14072/session/24ebd2eda8100a349a44fe5f939c5d15/url'
10:40:00.632 [Forwarding get on session 24ebd2eda8100a349a44fe5f939c5d15 to remote] DEBUG org.asynchttpclient.netty.request.NettyRequestSender - Using open Channel [id: 0xb6993602, L:/127.0.0.1:55258 - R:localhost/127.0.0.1:14072] for POST '/session/24ebd2eda8100a349a44fe5f939c5d15/url'
10:40:01.101 [AsyncHttpClient-1-1] DEBUG org.asynchttpclient.netty.channel.DefaultChannelPool - Entry count for : http://localhost:55259 : 1
10:40:01.546 [AsyncHttpClient-1-14] DEBUG org.asynchttpclient.netty.handler.HttpHandler - 

Request DefaultHttpRequest(decodeResult: success, version: HTTP/1.1)
POST /session/24ebd2eda8100a349a44fe5f939c5d15/url HTTP/1.1
User-Agent: selenium/4.8.1 (java windows)
Content-Length: 74
Content-Type: application/json; charset=utf-8
host: localhost:14072
accept: */*

Response DefaultHttpResponse(decodeResult: success, version: HTTP/1.1)
HTTP/1.1 200 OK
Content-Length: 14
Content-Type: application/json; charset=utf-8
cache-control: no-cache

10:40:01.547 [AsyncHttpClient-1-14] DEBUG org.asynchttpclient.netty.channel.ChannelManager - Adding key: http://localhost:14072 for channel [id: 0xb6993602, L:/127.0.0.1:55258 - R:localhost/127.0.0.1:14072]
10:40:01.547 [Forwarding setTimeout on session 24ebd2eda8100a349a44fe5f939c5d15 to remote] DEBUG org.asynchttpclient.netty.request.NettyRequestSender - Using pooled Channel '[id: 0xb6993602, L:/127.0.0.1:55258 - R:localhost/127.0.0.1:14072]' for 'POST' to 'http://localhost:14072/session/24ebd2eda8100a349a44fe5f939c5d15/timeouts'
10:40:01.547 [Forwarding setTimeout on session 24ebd2eda8100a349a44fe5f939c5d15 to remote] DEBUG org.asynchttpclient.netty.request.NettyRequestSender - Using open Channel [id: 0xb6993602, L:/127.0.0.1:55258 - R:localhost/127.0.0.1:14072] for POST '/session/24ebd2eda8100a349a44fe5f939c5d15/timeouts'
10:40:01.548 [AsyncHttpClient-1-14] DEBUG org.asynchttpclient.netty.handler.HttpHandler - 

Request DefaultHttpRequest(decodeResult: success, version: HTTP/1.1)
POST /session/24ebd2eda8100a349a44fe5f939c5d15/timeouts HTTP/1.1
User-Agent: selenium/4.8.1 (java windows)
Content-Length: 22
Content-Type: application/json; charset=utf-8
host: localhost:14072
accept: */*

Response DefaultHttpResponse(decodeResult: success, version: HTTP/1.1)
HTTP/1.1 200 OK
Content-Length: 14
Content-Type: application/json; charset=utf-8
cache-control: no-cache

10:40:01.548 [AsyncHttpClient-1-14] DEBUG org.asynchttpclient.netty.channel.ChannelManager - Adding key: http://localhost:14072 for channel [id: 0xb6993602, L:/127.0.0.1:55258 - R:localhost/127.0.0.1:14072]
10:40:01.551 [Forwarding getAlertText on session 24ebd2eda8100a349a44fe5f939c5d15 to remote] DEBUG org.asynchttpclient.netty.request.NettyRequestSender - Using pooled Channel '[id: 0xb6993602, L:/127.0.0.1:55258 - R:localhost/127.0.0.1:14072]' for 'GET' to 'http://localhost:14072/session/24ebd2eda8100a349a44fe5f939c5d15/alert/text'
10:40:01.552 [Forwarding getAlertText on session 24ebd2eda8100a349a44fe5f939c5d15 to remote] DEBUG org.asynchttpclient.netty.request.NettyRequestSender - Using open Channel [id: 0xb6993602, L:/127.0.0.1:55258 - R:localhost/127.0.0.1:14072] for GET '/session/24ebd2eda8100a349a44fe5f939c5d15/alert/text'
10:40:01.553 [AsyncHttpClient-1-14] DEBUG org.asynchttpclient.netty.handler.HttpHandler - 

Request DefaultFullHttpRequest(decodeResult: success, version: HTTP/1.1, content: EmptyByteBufBE)
GET /session/24ebd2eda8100a349a44fe5f939c5d15/alert/text HTTP/1.1
User-Agent: selenium/4.8.1 (java windows)
Cache-Control: no-cache
Content-Type: application/json; charset=utf-8
host: localhost:14072
accept: */*

Response DefaultHttpResponse(decodeResult: success, version: HTTP/1.1)
HTTP/1.1 404 Not Found
Content-Length: 836
Content-Type: application/json; charset=utf-8
cache-control: no-cache

10:40:01.553 [AsyncHttpClient-1-14] DEBUG org.asynchttpclient.netty.channel.ChannelManager - Adding key: http://localhost:14072 for channel [id: 0xb6993602, L:/127.0.0.1:55258 - R:localhost/127.0.0.1:14072]
10:40:01.554 [Forwarding getCurrentUrl on session 24ebd2eda8100a349a44fe5f939c5d15 to remote] DEBUG org.asynchttpclient.netty.request.NettyRequestSender - Using pooled Channel '[id: 0xb6993602, L:/127.0.0.1:55258 - R:localhost/127.0.0.1:14072]' for 'GET' to 'http://localhost:14072/session/24ebd2eda8100a349a44fe5f939c5d15/url'
10:40:01.554 [Forwarding getCurrentUrl on session 24ebd2eda8100a349a44fe5f939c5d15 to remote] DEBUG org.asynchttpclient.netty.request.NettyRequestSender - Using open Channel [id: 0xb6993602, L:/127.0.0.1:55258 - R:localhost/127.0.0.1:14072] for GET '/session/24ebd2eda8100a349a44fe5f939c5d15/url'
10:40:01.558 [AsyncHttpClient-1-14] DEBUG org.asynchttpclient.netty.handler.HttpHandler - 

Request DefaultFullHttpRequest(decodeResult: success, version: HTTP/1.1, content: EmptyByteBufBE)
GET /session/24ebd2eda8100a349a44fe5f939c5d15/url HTTP/1.1
User-Agent: selenium/4.8.1 (java windows)
Cache-Control: no-cache
Content-Type: application/json; charset=utf-8
host: localhost:14072
accept: */*

Response DefaultHttpResponse(decodeResult: success, version: HTTP/1.1)
HTTP/1.1 200 OK
Content-Length: 51
Content-Type: application/json; charset=utf-8
cache-control: no-cache

10:40:01.558 [AsyncHttpClient-1-14] DEBUG org.asynchttpclient.netty.channel.ChannelManager - Adding key: http://localhost:14072 for channel [id: 0xb6993602, L:/127.0.0.1:55258 - R:localhost/127.0.0.1:14072]
10:40:01.559 [Forwarding screenshot on session 24ebd2eda8100a349a44fe5f939c5d15 to remote] DEBUG org.asynchttpclient.netty.request.NettyRequestSender - Using pooled Channel '[id: 0xb6993602, L:/127.0.0.1:55258 - R:localhost/127.0.0.1:14072]' for 'GET' to 'http://localhost:14072/session/24ebd2eda8100a349a44fe5f939c5d15/screenshot'
10:40:01.559 [Forwarding screenshot on session 24ebd2eda8100a349a44fe5f939c5d15 to remote] DEBUG org.asynchttpclient.netty.request.NettyRequestSender - Using open Channel [id: 0xb6993602, L:/127.0.0.1:55258 - R:localhost/127.0.0.1:14072] for GET '/session/24ebd2eda8100a349a44fe5f939c5d15/screenshot'
10:40:01.645 [AsyncHttpClient-1-14] DEBUG org.asynchttpclient.netty.handler.HttpHandler - 

Request DefaultFullHttpRequest(decodeResult: success, version: HTTP/1.1, content: EmptyByteBufBE)
GET /session/24ebd2eda8100a349a44fe5f939c5d15/screenshot HTTP/1.1
User-Agent: selenium/4.8.1 (java windows)
Cache-Control: no-cache
Content-Type: application/json; charset=utf-8
host: localhost:14072
accept: */*

Response DefaultHttpResponse(decodeResult: success, version: HTTP/1.1)
HTTP/1.1 200 OK
Content-Length: 25208
Content-Type: application/json; charset=utf-8
cache-control: no-cache

10:40:01.645 [AsyncHttpClient-1-14] DEBUG org.asynchttpclient.netty.channel.ChannelManager - Adding key: http://localhost:14072 for channel [id: 0xb6993602, L:/127.0.0.1:55258 - R:localhost/127.0.0.1:14072]
10:40:01.646 [main] DEBUG net.serenitybdd.core.photography.Darkroom - Send negative for processing for target\site\serenity\edb14d4aab401efa0e4fb99861e6ffcafebc86a67b69f7828890b9910ed2ddbd.png
10:40:01.646 [main] DEBUG net.thucydides.core.steps.StepInterceptor - STEP DONE: openPage
  &amp#27;[32mGiven &amp#27;[0m&amp#27;[32mI am on the alta-shop login page&amp#27;[0m    &amp#27;[90m# starter.stepdefinitions.LoginSteps.onTheLoginPage()&amp#27;[0m
10:40:01.651 [Forwarding getPageSource on session 24ebd2eda8100a349a44fe5f939c5d15 to remote] DEBUG org.asynchttpclient.netty.request.NettyRequestSender - Using pooled Channel '[id: 0xb6993602, L:/127.0.0.1:55258 - R:localhost/127.0.0.1:14072]' for 'POST' to 'http://localhost:14072/session/24ebd2eda8100a349a44fe5f939c5d15/execute/sync'
10:40:01.651 [Forwarding getPageSource on session 24ebd2eda8100a349a44fe5f939c5d15 to remote] DEBUG org.asynchttpclient.netty.request.NettyRequestSender - Using open Channel [id: 0xb6993602, L:/127.0.0.1:55258 - R:localhost/127.0.0.1:14072] for POST '/session/24ebd2eda8100a349a44fe5f939c5d15/execute/sync'
10:40:01.656 [AsyncHttpClient-1-14] DEBUG org.asynchttpclient.netty.handler.HttpHandler - 

Request DefaultHttpRequest(decodeResult: success, version: HTTP/1.1)
POST /session/24ebd2eda8100a349a44fe5f939c5d15/execute/sync HTTP/1.1
User-Agent: selenium/4.8.1 (java windows)
Content-Length: 176
Content-Type: application/json; charset=utf-8
host: localhost:14072
accept: */*

Response DefaultHttpResponse(decodeResult: success, version: HTTP/1.1)
HTTP/1.1 200 OK
Content-Length: 21659
Content-Type: application/json; charset=utf-8
cache-control: no-cache

10:40:01.656 [AsyncHttpClient-1-14] DEBUG org.asynchttpclient.netty.channel.ChannelManager - Adding key: http://localhost:14072 for channel [id: 0xb6993602, L:/127.0.0.1:55258 - R:localhost/127.0.0.1:14072]
10:40:01.658 [Forwarding getCurrentUrl on session 24ebd2eda8100a349a44fe5f939c5d15 to remote] DEBUG org.asynchttpclient.netty.request.NettyRequestSender - Using pooled Channel '[id: 0xb6993602, L:/127.0.0.1:55258 - R:localhost/127.0.0.1:14072]' for 'GET' to 'http://localhost:14072/session/24ebd2eda8100a349a44fe5f939c5d15/url'
10:40:01.658 [Forwarding getCurrentUrl on session 24ebd2eda8100a349a44fe5f939c5d15 to remote] DEBUG org.asynchttpclient.netty.request.NettyRequestSender - Using open Channel [id: 0xb6993602, L:/127.0.0.1:55258 - R:localhost/127.0.0.1:14072] for GET '/session/24ebd2eda8100a349a44fe5f939c5d15/url'
10:40:01.661 [AsyncHttpClient-1-14] DEBUG org.asynchttpclient.netty.handler.HttpHandler - 

Request DefaultFullHttpRequest(decodeResult: success, version: HTTP/1.1, content: EmptyByteBufBE)
GET /session/24ebd2eda8100a349a44fe5f939c5d15/url HTTP/1.1
User-Agent: selenium/4.8.1 (java windows)
Cache-Control: no-cache
Content-Type: application/json; charset=utf-8
host: localhost:14072
accept: */*

Response DefaultHttpResponse(decodeResult: success, version: HTTP/1.1)
HTTP/1.1 200 OK
Content-Length: 51
Content-Type: application/json; charset=utf-8
cache-control: no-cache

10:40:01.661 [AsyncHttpClient-1-14] DEBUG org.asynchttpclient.netty.channel.ChannelManager - Adding key: http://localhost:14072 for channel [id: 0xb6993602, L:/127.0.0.1:55258 - R:localhost/127.0.0.1:14072]
10:40:01.674 [Forwarding getPageSource on session 24ebd2eda8100a349a44fe5f939c5d15 to remote] DEBUG org.asynchttpclient.netty.request.NettyRequestSender - Using pooled Channel '[id: 0xb6993602, L:/127.0.0.1:55258 - R:localhost/127.0.0.1:14072]' for 'POST' to 'http://localhost:14072/session/24ebd2eda8100a349a44fe5f939c5d15/execute/sync'
10:40:01.674 [Forwarding getPageSource on session 24ebd2eda8100a349a44fe5f939c5d15 to remote] DEBUG org.asynchttpclient.netty.request.NettyRequestSender - Using open Channel [id: 0xb6993602, L:/127.0.0.1:55258 - R:localhost/127.0.0.1:14072] for POST '/session/24ebd2eda8100a349a44fe5f939c5d15/execute/sync'
10:40:01.678 [AsyncHttpClient-1-14] DEBUG org.asynchttpclient.netty.handler.HttpHandler - 

Request DefaultHttpRequest(decodeResult: success, version: HTTP/1.1)
POST /session/24ebd2eda8100a349a44fe5f939c5d15/execute/sync HTTP/1.1
User-Agent: selenium/4.8.1 (java windows)
Content-Length: 176
Content-Type: application/json; charset=utf-8
host: localhost:14072
accept: */*

Response DefaultHttpResponse(decodeResult: success, version: HTTP/1.1)
HTTP/1.1 200 OK
Content-Length: 21659
Content-Type: application/json; charset=utf-8
cache-control: no-cache

10:40:01.678 [AsyncHttpClient-1-14] DEBUG org.asynchttpclient.netty.channel.ChannelManager - Adding key: http://localhost:14072 for channel [id: 0xb6993602, L:/127.0.0.1:55258 - R:localhost/127.0.0.1:14072]
10:40:01.680 [Forwarding getCurrentUrl on session 24ebd2eda8100a349a44fe5f939c5d15 to remote] DEBUG org.asynchttpclient.netty.request.NettyRequestSender - Using pooled Channel '[id: 0xb6993602, L:/127.0.0.1:55258 - R:localhost/127.0.0.1:14072]' for 'GET' to 'http://localhost:14072/session/24ebd2eda8100a349a44fe5f939c5d15/url'
10:40:01.680 [Forwarding getCurrentUrl on session 24ebd2eda8100a349a44fe5f939c5d15 to remote] DEBUG org.asynchttpclient.netty.request.NettyRequestSender - Using open Channel [id: 0xb6993602, L:/127.0.0.1:55258 - R:localhost/127.0.0.1:14072] for GET '/session/24ebd2eda8100a349a44fe5f939c5d15/url'
10:40:01.683 [AsyncHttpClient-1-14] DEBUG org.asynchttpclient.netty.handler.HttpHandler - 

Request DefaultFullHttpRequest(decodeResult: success, version: HTTP/1.1, content: EmptyByteBufBE)
GET /session/24ebd2eda8100a349a44fe5f939c5d15/url HTTP/1.1
User-Agent: selenium/4.8.1 (java windows)
Cache-Control: no-cache
Content-Type: application/json; charset=utf-8
host: localhost:14072
accept: */*

Response DefaultHttpResponse(decodeResult: success, version: HTTP/1.1)
HTTP/1.1 200 OK
Content-Length: 51
Content-Type: application/json; charset=utf-8
cache-control: no-cache

10:40:01.683 [AsyncHttpClient-1-14] DEBUG org.asynchttpclient.netty.channel.ChannelManager - Adding key: http://localhost:14072 for channel [id: 0xb6993602, L:/127.0.0.1:55258 - R:localhost/127.0.0.1:14072]
10:40:01.684 [main] DEBUG net.thucydides.core.steps.StepInterceptor - STARTING STEP: RegisterSteps.clickLoginButton - clickRegisterLink
10:40:01.686 [Forwarding findElement on session 24ebd2eda8100a349a44fe5f939c5d15 to remote] DEBUG org.asynchttpclient.netty.request.NettyRequestSender - Using pooled Channel '[id: 0xb6993602, L:/127.0.0.1:55258 - R:localhost/127.0.0.1:14072]' for 'POST' to 'http://localhost:14072/session/24ebd2eda8100a349a44fe5f939c5d15/element'
10:40:01.686 [Forwarding findElement on session 24ebd2eda8100a349a44fe5f939c5d15 to remote] DEBUG org.asynchttpclient.netty.request.NettyRequestSender - Using open Channel [id: 0xb6993602, L:/127.0.0.1:55258 - R:localhost/127.0.0.1:14072] for POST '/session/24ebd2eda8100a349a44fe5f939c5d15/element'
10:40:01.695 [AsyncHttpClient-1-14] DEBUG org.asynchttpclient.netty.handler.HttpHandler - 

Request DefaultHttpRequest(decodeResult: success, version: HTTP/1.1)
POST /session/24ebd2eda8100a349a44fe5f939c5d15/element HTTP/1.1
User-Agent: selenium/4.8.1 (java windows)
Content-Length: 84
Content-Type: application/json; charset=utf-8
host: localhost:14072
accept: */*

Response DefaultHttpResponse(decodeResult: success, version: HTTP/1.1)
HTTP/1.1 200 OK
Content-Length: 88
Content-Type: application/json; charset=utf-8
cache-control: no-cache

10:40:01.695 [AsyncHttpClient-1-14] DEBUG org.asynchttpclient.netty.channel.ChannelManager - Adding key: http://localhost:14072 for channel [id: 0xb6993602, L:/127.0.0.1:55258 - R:localhost/127.0.0.1:14072]
10:40:01.696 [Forwarding getElementTagName on session 24ebd2eda8100a349a44fe5f939c5d15 to remote] DEBUG org.asynchttpclient.netty.request.NettyRequestSender - Using pooled Channel '[id: 0xb6993602, L:/127.0.0.1:55258 - R:localhost/127.0.0.1:14072]' for 'GET' to 'http://localhost:14072/session/24ebd2eda8100a349a44fe5f939c5d15/element/6235bf31-db82-4a46-847e-e7fc3d96a80e/name'
10:40:01.696 [Forwarding getElementTagName on session 24ebd2eda8100a349a44fe5f939c5d15 to remote] DEBUG org.asynchttpclient.netty.request.NettyRequestSender - Using open Channel [id: 0xb6993602, L:/127.0.0.1:55258 - R:localhost/127.0.0.1:14072] for GET '/session/24ebd2eda8100a349a44fe5f939c5d15/element/6235bf31-db82-4a46-847e-e7fc3d96a80e/name'
10:40:01.700 [AsyncHttpClient-1-14] DEBUG org.asynchttpclient.netty.handler.HttpHandler - 

Request DefaultFullHttpRequest(decodeResult: success, version: HTTP/1.1, content: EmptyByteBufBE)
GET /session/24ebd2eda8100a349a44fe5f939c5d15/element/6235bf31-db82-4a46-847e-e7fc3d96a80e/name HTTP/1.1
User-Agent: selenium/4.8.1 (java windows)
Cache-Control: no-cache
Content-Type: application/json; charset=utf-8
host: localhost:14072
accept: */*

Response DefaultHttpResponse(decodeResult: success, version: HTTP/1.1)
HTTP/1.1 200 OK
Content-Length: 13
Content-Type: application/json; charset=utf-8
cache-control: no-cache

10:40:01.700 [AsyncHttpClient-1-14] DEBUG org.asynchttpclient.netty.channel.ChannelManager - Adding key: http://localhost:14072 for channel [id: 0xb6993602, L:/127.0.0.1:55258 - R:localhost/127.0.0.1:14072]
10:40:01.701 [Forwarding getElementTagName on session 24ebd2eda8100a349a44fe5f939c5d15 to remote] DEBUG org.asynchttpclient.netty.request.NettyRequestSender - Using pooled Channel '[id: 0xb6993602, L:/127.0.0.1:55258 - R:localhost/127.0.0.1:14072]' for 'GET' to 'http://localhost:14072/session/24ebd2eda8100a349a44fe5f939c5d15/element/6235bf31-db82-4a46-847e-e7fc3d96a80e/name'
10:40:01.701 [Forwarding getElementTagName on session 24ebd2eda8100a349a44fe5f939c5d15 to remote] DEBUG org.asynchttpclient.netty.request.NettyRequestSender - Using open Channel [id: 0xb6993602, L:/127.0.0.1:55258 - R:localhost/127.0.0.1:14072] for GET '/session/24ebd2eda8100a349a44fe5f939c5d15/element/6235bf31-db82-4a46-847e-e7fc3d96a80e/name'
10:40:01.703 [AsyncHttpClient-1-14] DEBUG org.asynchttpclient.netty.handler.HttpHandler - 

Request DefaultFullHttpRequest(decodeResult: success, version: HTTP/1.1, content: EmptyByteBufBE)
GET /session/24ebd2eda8100a349a44fe5f939c5d15/element/6235bf31-db82-4a46-847e-e7fc3d96a80e/name HTTP/1.1
User-Agent: selenium/4.8.1 (java windows)
Cache-Control: no-cache
Content-Type: application/json; charset=utf-8
host: localhost:14072
accept: */*

Response DefaultHttpResponse(decodeResult: success, version: HTTP/1.1)
HTTP/1.1 200 OK
Content-Length: 13
Content-Type: application/json; charset=utf-8
cache-control: no-cache

10:40:01.704 [AsyncHttpClient-1-14] DEBUG org.asynchttpclient.netty.channel.ChannelManager - Adding key: http://localhost:14072 for channel [id: 0xb6993602, L:/127.0.0.1:55258 - R:localhost/127.0.0.1:14072]
10:40:01.705 [Forwarding findElement on session 24ebd2eda8100a349a44fe5f939c5d15 to remote] DEBUG org.asynchttpclient.netty.request.NettyRequestSender - Using pooled Channel '[id: 0xb6993602, L:/127.0.0.1:55258 - R:localhost/127.0.0.1:14072]' for 'POST' to 'http://localhost:14072/session/24ebd2eda8100a349a44fe5f939c5d15/element'
10:40:01.705 [Forwarding findElement on session 24ebd2eda8100a349a44fe5f939c5d15 to remote] DEBUG org.asynchttpclient.netty.request.NettyRequestSender - Using open Channel [id: 0xb6993602, L:/127.0.0.1:55258 - R:localhost/127.0.0.1:14072] for POST '/session/24ebd2eda8100a349a44fe5f939c5d15/element'
10:40:01.710 [AsyncHttpClient-1-14] DEBUG org.asynchttpclient.netty.handler.HttpHandler - 

Request DefaultHttpRequest(decodeResult: success, version: HTTP/1.1)
POST /session/24ebd2eda8100a349a44fe5f939c5d15/element HTTP/1.1
User-Agent: selenium/4.8.1 (java windows)
Content-Length: 84
Content-Type: application/json; charset=utf-8
host: localhost:14072
accept: */*

Response DefaultHttpResponse(decodeResult: success, version: HTTP/1.1)
HTTP/1.1 200 OK
Content-Length: 88
Content-Type: application/json; charset=utf-8
cache-control: no-cache

10:40:01.710 [AsyncHttpClient-1-14] DEBUG org.asynchttpclient.netty.channel.ChannelManager - Adding key: http://localhost:14072 for channel [id: 0xb6993602, L:/127.0.0.1:55258 - R:localhost/127.0.0.1:14072]
10:40:01.711 [Forwarding clickElement on session 24ebd2eda8100a349a44fe5f939c5d15 to remote] DEBUG org.asynchttpclient.netty.request.NettyRequestSender - Using pooled Channel '[id: 0xb6993602, L:/127.0.0.1:55258 - R:localhost/127.0.0.1:14072]' for 'POST' to 'http://localhost:14072/session/24ebd2eda8100a349a44fe5f939c5d15/element/6235bf31-db82-4a46-847e-e7fc3d96a80e/click'
10:40:01.711 [Forwarding clickElement on session 24ebd2eda8100a349a44fe5f939c5d15 to remote] DEBUG org.asynchttpclient.netty.request.NettyRequestSender - Using open Channel [id: 0xb6993602, L:/127.0.0.1:55258 - R:localhost/127.0.0.1:14072] for POST '/session/24ebd2eda8100a349a44fe5f939c5d15/element/6235bf31-db82-4a46-847e-e7fc3d96a80e/click'
10:40:01.748 [AsyncHttpClient-1-14] DEBUG org.asynchttpclient.netty.handler.HttpHandler - 

Request DefaultHttpRequest(decodeResult: success, version: HTTP/1.1)
POST /session/24ebd2eda8100a349a44fe5f939c5d15/element/6235bf31-db82-4a46-847e-e7fc3d96a80e/click HTTP/1.1
User-Agent: selenium/4.8.1 (java windows)
Content-Length: 50
Content-Type: application/json; charset=utf-8
host: localhost:14072
accept: */*

Response DefaultHttpResponse(decodeResult: success, version: HTTP/1.1)
HTTP/1.1 200 OK
Content-Length: 14
Content-Type: application/json; charset=utf-8
cache-control: no-cache

10:40:01.748 [AsyncHttpClient-1-14] DEBUG org.asynchttpclient.netty.channel.ChannelManager - Adding key: http://localhost:14072 for channel [id: 0xb6993602, L:/127.0.0.1:55258 - R:localhost/127.0.0.1:14072]
10:40:01.752 [Forwarding getAlertText on session 24ebd2eda8100a349a44fe5f939c5d15 to remote] DEBUG org.asynchttpclient.netty.request.NettyRequestSender - Using pooled Channel '[id: 0xb6993602, L:/127.0.0.1:55258 - R:localhost/127.0.0.1:14072]' for 'GET' to 'http://localhost:14072/session/24ebd2eda8100a349a44fe5f939c5d15/alert/text'
10:40:01.752 [Forwarding getAlertText on session 24ebd2eda8100a349a44fe5f939c5d15 to remote] DEBUG org.asynchttpclient.netty.request.NettyRequestSender - Using open Channel [id: 0xb6993602, L:/127.0.0.1:55258 - R:localhost/127.0.0.1:14072] for GET '/session/24ebd2eda8100a349a44fe5f939c5d15/alert/text'
10:40:01.754 [AsyncHttpClient-1-14] DEBUG org.asynchttpclient.netty.handler.HttpHandler - 

Request DefaultFullHttpRequest(decodeResult: success, version: HTTP/1.1, content: EmptyByteBufBE)
GET /session/24ebd2eda8100a349a44fe5f939c5d15/alert/text HTTP/1.1
User-Agent: selenium/4.8.1 (java windows)
Cache-Control: no-cache
Content-Type: application/json; charset=utf-8
host: localhost:14072
accept: */*

Response DefaultHttpResponse(decodeResult: success, version: HTTP/1.1)
HTTP/1.1 404 Not Found
Content-Length: 836
Content-Type: application/json; charset=utf-8
cache-control: no-cache

10:40:01.754 [AsyncHttpClient-1-14] DEBUG org.asynchttpclient.netty.channel.ChannelManager - Adding key: http://localhost:14072 for channel [id: 0xb6993602, L:/127.0.0.1:55258 - R:localhost/127.0.0.1:14072]
10:40:01.755 [Forwarding getCurrentUrl on session 24ebd2eda8100a349a44fe5f939c5d15 to remote] DEBUG org.asynchttpclient.netty.request.NettyRequestSender - Using pooled Channel '[id: 0xb6993602, L:/127.0.0.1:55258 - R:localhost/127.0.0.1:14072]' for 'GET' to 'http://localhost:14072/session/24ebd2eda8100a349a44fe5f939c5d15/url'
10:40:01.755 [Forwarding getCurrentUrl on session 24ebd2eda8100a349a44fe5f939c5d15 to remote] DEBUG org.asynchttpclient.netty.request.NettyRequestSender - Using open Channel [id: 0xb6993602, L:/127.0.0.1:55258 - R:localhost/127.0.0.1:14072] for GET '/session/24ebd2eda8100a349a44fe5f939c5d15/url'
10:40:01.759 [AsyncHttpClient-1-14] DEBUG org.asynchttpclient.netty.handler.HttpHandler - 

Request DefaultFullHttpRequest(decodeResult: success, version: HTTP/1.1, content: EmptyByteBufBE)
GET /session/24ebd2eda8100a349a44fe5f939c5d15/url HTTP/1.1
User-Agent: selenium/4.8.1 (java windows)
Cache-Control: no-cache
Content-Type: application/json; charset=utf-8
host: localhost:14072
accept: */*

Response DefaultHttpResponse(decodeResult: success, version: HTTP/1.1)
HTTP/1.1 200 OK
Content-Length: 54
Content-Type: application/json; charset=utf-8
cache-control: no-cache

10:40:01.759 [AsyncHttpClient-1-14] DEBUG org.asynchttpclient.netty.channel.ChannelManager - Adding key: http://localhost:14072 for channel [id: 0xb6993602, L:/127.0.0.1:55258 - R:localhost/127.0.0.1:14072]
10:40:01.760 [Forwarding screenshot on session 24ebd2eda8100a349a44fe5f939c5d15 to remote] DEBUG org.asynchttpclient.netty.request.NettyRequestSender - Using pooled Channel '[id: 0xb6993602, L:/127.0.0.1:55258 - R:localhost/127.0.0.1:14072]' for 'GET' to 'http://localhost:14072/session/24ebd2eda8100a349a44fe5f939c5d15/screenshot'
10:40:01.760 [Forwarding screenshot on session 24ebd2eda8100a349a44fe5f939c5d15 to remote] DEBUG org.asynchttpclient.netty.request.NettyRequestSender - Using open Channel [id: 0xb6993602, L:/127.0.0.1:55258 - R:localhost/127.0.0.1:14072] for GET '/session/24ebd2eda8100a349a44fe5f939c5d15/screenshot'
10:40:01.855 [AsyncHttpClient-1-14] DEBUG org.asynchttpclient.netty.handler.HttpHandler - 

Request DefaultFullHttpRequest(decodeResult: success, version: HTTP/1.1, content: EmptyByteBufBE)
GET /session/24ebd2eda8100a349a44fe5f939c5d15/screenshot HTTP/1.1
User-Agent: selenium/4.8.1 (java windows)
Cache-Control: no-cache
Content-Type: application/json; charset=utf-8
host: localhost:14072
accept: */*

Response DefaultHttpResponse(decodeResult: success, version: HTTP/1.1)
HTTP/1.1 200 OK
Content-Length: 30336
Content-Type: application/json; charset=utf-8
cache-control: no-cache

10:40:01.855 [AsyncHttpClient-1-14] DEBUG org.asynchttpclient.netty.channel.ChannelManager - Adding key: http://localhost:14072 for channel [id: 0xb6993602, L:/127.0.0.1:55258 - R:localhost/127.0.0.1:14072]
10:40:01.856 [main] DEBUG net.serenitybdd.core.photography.Darkroom - Send negative for processing for target\site\serenity\b79624a3672642259880ea4a99d5ec53d543d0110c4be127f0bae50e4b18b0c2.png
10:40:01.856 [main] DEBUG net.thucydides.core.steps.StepInterceptor - STEP DONE: clickRegisterLink
  &amp#27;[32mWhen &amp#27;[0m&amp#27;[32mI go to the alta-shop register page&amp#27;[0m  &amp#27;[90m# starter.stepdefinitions.RegisterSteps.clickLoginButton()&amp#27;[0m
10:40:01.862 [Forwarding getPageSource on session 24ebd2eda8100a349a44fe5f939c5d15 to remote] DEBUG org.asynchttpclient.netty.request.NettyRequestSender - Using pooled Channel '[id: 0xb6993602, L:/127.0.0.1:55258 - R:localhost/127.0.0.1:14072]' for 'POST' to 'http://localhost:14072/session/24ebd2eda8100a349a44fe5f939c5d15/execute/sync'
10:40:01.862 [Forwarding getPageSource on session 24ebd2eda8100a349a44fe5f939c5d15 to remote] DEBUG org.asynchttpclient.netty.request.NettyRequestSender - Using open Channel [id: 0xb6993602, L:/127.0.0.1:55258 - R:localhost/127.0.0.1:14072] for POST '/session/24ebd2eda8100a349a44fe5f939c5d15/execute/sync'
10:40:01.865 [AsyncHttpClient-1-14] DEBUG org.asynchttpclient.netty.handler.HttpHandler - 

Request DefaultHttpRequest(decodeResult: success, version: HTTP/1.1)
POST /session/24ebd2eda8100a349a44fe5f939c5d15/execute/sync HTTP/1.1
User-Agent: selenium/4.8.1 (java windows)
Content-Length: 176
Content-Type: application/json; charset=utf-8
host: localhost:14072
accept: */*

Response DefaultHttpResponse(decodeResult: success, version: HTTP/1.1)
HTTP/1.1 200 OK
Content-Length: 22314
Content-Type: application/json; charset=utf-8
cache-control: no-cache

10:40:01.865 [AsyncHttpClient-1-14] DEBUG org.asynchttpclient.netty.channel.ChannelManager - Adding key: http://localhost:14072 for channel [id: 0xb6993602, L:/127.0.0.1:55258 - R:localhost/127.0.0.1:14072]
10:40:01.867 [Forwarding getCurrentUrl on session 24ebd2eda8100a349a44fe5f939c5d15 to remote] DEBUG org.asynchttpclient.netty.request.NettyRequestSender - Using pooled Channel '[id: 0xb6993602, L:/127.0.0.1:55258 - R:localhost/127.0.0.1:14072]' for 'GET' to 'http://localhost:14072/session/24ebd2eda8100a349a44fe5f939c5d15/url'
10:40:01.867 [Forwarding getCurrentUrl on session 24ebd2eda8100a349a44fe5f939c5d15 to remote] DEBUG org.asynchttpclient.netty.request.NettyRequestSender - Using open Channel [id: 0xb6993602, L:/127.0.0.1:55258 - R:localhost/127.0.0.1:14072] for GET '/session/24ebd2eda8100a349a44fe5f939c5d15/url'
10:40:01.869 [AsyncHttpClient-1-14] DEBUG org.asynchttpclient.netty.handler.HttpHandler - 

Request DefaultFullHttpRequest(decodeResult: success, version: HTTP/1.1, content: EmptyByteBufBE)
GET /session/24ebd2eda8100a349a44fe5f939c5d15/url HTTP/1.1
User-Agent: selenium/4.8.1 (java windows)
Cache-Control: no-cache
Content-Type: application/json; charset=utf-8
host: localhost:14072
accept: */*

Response DefaultHttpResponse(decodeResult: success, version: HTTP/1.1)
HTTP/1.1 200 OK
Content-Length: 54
Content-Type: application/json; charset=utf-8
cache-control: no-cache

10:40:01.869 [AsyncHttpClient-1-14] DEBUG org.asynchttpclient.netty.channel.ChannelManager - Adding key: http://localhost:14072 for channel [id: 0xb6993602, L:/127.0.0.1:55258 - R:localhost/127.0.0.1:14072]
10:40:01.876 [Forwarding getPageSource on session 24ebd2eda8100a349a44fe5f939c5d15 to remote] DEBUG org.asynchttpclient.netty.request.NettyRequestSender - Using pooled Channel '[id: 0xb6993602, L:/127.0.0.1:55258 - R:localhost/127.0.0.1:14072]' for 'POST' to 'http://localhost:14072/session/24ebd2eda8100a349a44fe5f939c5d15/execute/sync'
10:40:01.876 [Forwarding getPageSource on session 24ebd2eda8100a349a44fe5f939c5d15 to remote] DEBUG org.asynchttpclient.netty.request.NettyRequestSender - Using open Channel [id: 0xb6993602, L:/127.0.0.1:55258 - R:localhost/127.0.0.1:14072] for POST '/session/24ebd2eda8100a349a44fe5f939c5d15/execute/sync'
10:40:01.879 [AsyncHttpClient-1-14] DEBUG org.asynchttpclient.netty.handler.HttpHandler - 

Request DefaultHttpRequest(decodeResult: success, version: HTTP/1.1)
POST /session/24ebd2eda8100a349a44fe5f939c5d15/execute/sync HTTP/1.1
User-Agent: selenium/4.8.1 (java windows)
Content-Length: 176
Content-Type: application/json; charset=utf-8
host: localhost:14072
accept: */*

Response DefaultHttpResponse(decodeResult: success, version: HTTP/1.1)
HTTP/1.1 200 OK
Content-Length: 22314
Content-Type: application/json; charset=utf-8
cache-control: no-cache

10:40:01.879 [AsyncHttpClient-1-14] DEBUG org.asynchttpclient.netty.channel.ChannelManager - Adding key: http://localhost:14072 for channel [id: 0xb6993602, L:/127.0.0.1:55258 - R:localhost/127.0.0.1:14072]
10:40:01.881 [Forwarding getCurrentUrl on session 24ebd2eda8100a349a44fe5f939c5d15 to remote] DEBUG org.asynchttpclient.netty.request.NettyRequestSender - Using pooled Channel '[id: 0xb6993602, L:/127.0.0.1:55258 - R:localhost/127.0.0.1:14072]' for 'GET' to 'http://localhost:14072/session/24ebd2eda8100a349a44fe5f939c5d15/url'
10:40:01.881 [Forwarding getCurrentUrl on session 24ebd2eda8100a349a44fe5f939c5d15 to remote] DEBUG org.asynchttpclient.netty.request.NettyRequestSender - Using open Channel [id: 0xb6993602, L:/127.0.0.1:55258 - R:localhost/127.0.0.1:14072] for GET '/session/24ebd2eda8100a349a44fe5f939c5d15/url'
10:40:01.884 [AsyncHttpClient-1-14] DEBUG org.asynchttpclient.netty.handler.HttpHandler - 

Request DefaultFullHttpRequest(decodeResult: success, version: HTTP/1.1, content: EmptyByteBufBE)
GET /session/24ebd2eda8100a349a44fe5f939c5d15/url HTTP/1.1
User-Agent: selenium/4.8.1 (java windows)
Cache-Control: no-cache
Content-Type: application/json; charset=utf-8
host: localhost:14072
accept: */*

Response DefaultHttpResponse(decodeResult: success, version: HTTP/1.1)
HTTP/1.1 200 OK
Content-Length: 54
Content-Type: application/json; charset=utf-8
cache-control: no-cache

10:40:01.884 [AsyncHttpClient-1-14] DEBUG org.asynchttpclient.netty.channel.ChannelManager - Adding key: http://localhost:14072 for channel [id: 0xb6993602, L:/127.0.0.1:55258 - R:localhost/127.0.0.1:14072]
10:40:01.885 [main] DEBUG net.thucydides.core.steps.StepInterceptor - STARTING STEP: RegisterSteps.inputFullnameReg - inputFullnameReg
10:40:01.886 [Forwarding findElement on session 24ebd2eda8100a349a44fe5f939c5d15 to remote] DEBUG org.asynchttpclient.netty.request.NettyRequestSender - Using pooled Channel '[id: 0xb6993602, L:/127.0.0.1:55258 - R:localhost/127.0.0.1:14072]' for 'POST' to 'http://localhost:14072/session/24ebd2eda8100a349a44fe5f939c5d15/element'
10:40:01.886 [Forwarding findElement on session 24ebd2eda8100a349a44fe5f939c5d15 to remote] DEBUG org.asynchttpclient.netty.request.NettyRequestSender - Using open Channel [id: 0xb6993602, L:/127.0.0.1:55258 - R:localhost/127.0.0.1:14072] for POST '/session/24ebd2eda8100a349a44fe5f939c5d15/element'
10:40:01.894 [AsyncHttpClient-1-14] DEBUG org.asynchttpclient.netty.handler.HttpHandler - 

Request DefaultHttpRequest(decodeResult: success, version: HTTP/1.1)
POST /session/24ebd2eda8100a349a44fe5f939c5d15/element HTTP/1.1
User-Agent: selenium/4.8.1 (java windows)
Content-Length: 55
Content-Type: application/json; charset=utf-8
host: localhost:14072
accept: */*

Response DefaultHttpResponse(decodeResult: success, version: HTTP/1.1)
HTTP/1.1 200 OK
Content-Length: 88
Content-Type: application/json; charset=utf-8
cache-control: no-cache

10:40:01.894 [AsyncHttpClient-1-14] DEBUG org.asynchttpclient.netty.channel.ChannelManager - Adding key: http://localhost:14072 for channel [id: 0xb6993602, L:/127.0.0.1:55258 - R:localhost/127.0.0.1:14072]
10:40:01.895 [Forwarding clearElement on session 24ebd2eda8100a349a44fe5f939c5d15 to remote] DEBUG org.asynchttpclient.netty.request.NettyRequestSender - Using pooled Channel '[id: 0xb6993602, L:/127.0.0.1:55258 - R:localhost/127.0.0.1:14072]' for 'POST' to 'http://localhost:14072/session/24ebd2eda8100a349a44fe5f939c5d15/element/5eebd2b8-b7bc-4627-95aa-2ccfdf204230/clear'
10:40:01.895 [Forwarding clearElement on session 24ebd2eda8100a349a44fe5f939c5d15 to remote] DEBUG org.asynchttpclient.netty.request.NettyRequestSender - Using open Channel [id: 0xb6993602, L:/127.0.0.1:55258 - R:localhost/127.0.0.1:14072] for POST '/session/24ebd2eda8100a349a44fe5f939c5d15/element/5eebd2b8-b7bc-4627-95aa-2ccfdf204230/clear'
10:40:01.916 [AsyncHttpClient-1-14] DEBUG org.asynchttpclient.netty.handler.HttpHandler - 

Request DefaultHttpRequest(decodeResult: success, version: HTTP/1.1)
POST /session/24ebd2eda8100a349a44fe5f939c5d15/element/5eebd2b8-b7bc-4627-95aa-2ccfdf204230/clear HTTP/1.1
User-Agent: selenium/4.8.1 (java windows)
Content-Length: 50
Content-Type: application/json; charset=utf-8
host: localhost:14072
accept: */*

Response DefaultHttpResponse(decodeResult: success, version: HTTP/1.1)
HTTP/1.1 200 OK
Content-Length: 14
Content-Type: application/json; charset=utf-8
cache-control: no-cache

10:40:01.917 [AsyncHttpClient-1-14] DEBUG org.asynchttpclient.netty.channel.ChannelManager - Adding key: http://localhost:14072 for channel [id: 0xb6993602, L:/127.0.0.1:55258 - R:localhost/127.0.0.1:14072]
10:40:01.918 [Forwarding sendKeysToElement on session 24ebd2eda8100a349a44fe5f939c5d15 to remote] DEBUG org.asynchttpclient.netty.request.NettyRequestSender - Using pooled Channel '[id: 0xb6993602, L:/127.0.0.1:55258 - R:localhost/127.0.0.1:14072]' for 'POST' to 'http://localhost:14072/session/24ebd2eda8100a349a44fe5f939c5d15/element/5eebd2b8-b7bc-4627-95aa-2ccfdf204230/value'
10:40:01.918 [Forwarding sendKeysToElement on session 24ebd2eda8100a349a44fe5f939c5d15 to remote] DEBUG org.asynchttpclient.netty.request.NettyRequestSender - Using open Channel [id: 0xb6993602, L:/127.0.0.1:55258 - R:localhost/127.0.0.1:14072] for POST '/session/24ebd2eda8100a349a44fe5f939c5d15/element/5eebd2b8-b7bc-4627-95aa-2ccfdf204230/value'
10:40:01.955 [AsyncHttpClient-1-14] DEBUG org.asynchttpclient.netty.handler.HttpHandler - 

Request DefaultHttpRequest(decodeResult: success, version: HTTP/1.1)
POST /session/24ebd2eda8100a349a44fe5f939c5d15/element/5eebd2b8-b7bc-4627-95aa-2ccfdf204230/value HTTP/1.1
User-Agent: selenium/4.8.1 (java windows)
Content-Length: 101
Content-Type: application/json; charset=utf-8
host: localhost:14072
accept: */*

Response DefaultHttpResponse(decodeResult: success, version: HTTP/1.1)
HTTP/1.1 200 OK
Content-Length: 14
Content-Type: application/json; charset=utf-8
cache-control: no-cache

10:40:01.955 [AsyncHttpClient-1-14] DEBUG org.asynchttpclient.netty.channel.ChannelManager - Adding key: http://localhost:14072 for channel [id: 0xb6993602, L:/127.0.0.1:55258 - R:localhost/127.0.0.1:14072]
10:40:01.959 [Forwarding getAlertText on session 24ebd2eda8100a349a44fe5f939c5d15 to remote] DEBUG org.asynchttpclient.netty.request.NettyRequestSender - Using pooled Channel '[id: 0xb6993602, L:/127.0.0.1:55258 - R:localhost/127.0.0.1:14072]' for 'GET' to 'http://localhost:14072/session/24ebd2eda8100a349a44fe5f939c5d15/alert/text'
10:40:01.959 [Forwarding getAlertText on session 24ebd2eda8100a349a44fe5f939c5d15 to remote] DEBUG org.asynchttpclient.netty.request.NettyRequestSender - Using open Channel [id: 0xb6993602, L:/127.0.0.1:55258 - R:localhost/127.0.0.1:14072] for GET '/session/24ebd2eda8100a349a44fe5f939c5d15/alert/text'
10:40:01.961 [AsyncHttpClient-1-14] DEBUG org.asynchttpclient.netty.handler.HttpHandler - 

Request DefaultFullHttpRequest(decodeResult: success, version: HTTP/1.1, content: EmptyByteBufBE)
GET /session/24ebd2eda8100a349a44fe5f939c5d15/alert/text HTTP/1.1
User-Agent: selenium/4.8.1 (java windows)
Cache-Control: no-cache
Content-Type: application/json; charset=utf-8
host: localhost:14072
accept: */*

Response DefaultHttpResponse(decodeResult: success, version: HTTP/1.1)
HTTP/1.1 404 Not Found
Content-Length: 836
Content-Type: application/json; charset=utf-8
cache-control: no-cache

10:40:01.961 [AsyncHttpClient-1-14] DEBUG org.asynchttpclient.netty.channel.ChannelManager - Adding key: http://localhost:14072 for channel [id: 0xb6993602, L:/127.0.0.1:55258 - R:localhost/127.0.0.1:14072]
10:40:01.961 [Forwarding getCurrentUrl on session 24ebd2eda8100a349a44fe5f939c5d15 to remote] DEBUG org.asynchttpclient.netty.request.NettyRequestSender - Using pooled Channel '[id: 0xb6993602, L:/127.0.0.1:55258 - R:localhost/127.0.0.1:14072]' for 'GET' to 'http://localhost:14072/session/24ebd2eda8100a349a44fe5f939c5d15/url'
10:40:01.961 [Forwarding getCurrentUrl on session 24ebd2eda8100a349a44fe5f939c5d15 to remote] DEBUG org.asynchttpclient.netty.request.NettyRequestSender - Using open Channel [id: 0xb6993602, L:/127.0.0.1:55258 - R:localhost/127.0.0.1:14072] for GET '/session/24ebd2eda8100a349a44fe5f939c5d15/url'
10:40:01.964 [AsyncHttpClient-1-14] DEBUG org.asynchttpclient.netty.handler.HttpHandler - 

Request DefaultFullHttpRequest(decodeResult: success, version: HTTP/1.1, content: EmptyByteBufBE)
GET /session/24ebd2eda8100a349a44fe5f939c5d15/url HTTP/1.1
User-Agent: selenium/4.8.1 (java windows)
Cache-Control: no-cache
Content-Type: application/json; charset=utf-8
host: localhost:14072
accept: */*

Response DefaultHttpResponse(decodeResult: success, version: HTTP/1.1)
HTTP/1.1 200 OK
Content-Length: 54
Content-Type: application/json; charset=utf-8
cache-control: no-cache

10:40:01.964 [AsyncHttpClient-1-14] DEBUG org.asynchttpclient.netty.channel.ChannelManager - Adding key: http://localhost:14072 for channel [id: 0xb6993602, L:/127.0.0.1:55258 - R:localhost/127.0.0.1:14072]
10:40:01.964 [Forwarding screenshot on session 24ebd2eda8100a349a44fe5f939c5d15 to remote] DEBUG org.asynchttpclient.netty.request.NettyRequestSender - Using pooled Channel '[id: 0xb6993602, L:/127.0.0.1:55258 - R:localhost/127.0.0.1:14072]' for 'GET' to 'http://localhost:14072/session/24ebd2eda8100a349a44fe5f939c5d15/screenshot'
10:40:01.964 [Forwarding screenshot on session 24ebd2eda8100a349a44fe5f939c5d15 to remote] DEBUG org.asynchttpclient.netty.request.NettyRequestSender - Using open Channel [id: 0xb6993602, L:/127.0.0.1:55258 - R:localhost/127.0.0.1:14072] for GET '/session/24ebd2eda8100a349a44fe5f939c5d15/screenshot'
10:40:02.087 [AsyncHttpClient-1-14] DEBUG org.asynchttpclient.netty.handler.HttpHandler - 

Request DefaultFullHttpRequest(decodeResult: success, version: HTTP/1.1, content: EmptyByteBufBE)
GET /session/24ebd2eda8100a349a44fe5f939c5d15/screenshot HTTP/1.1
User-Agent: selenium/4.8.1 (java windows)
Cache-Control: no-cache
Content-Type: application/json; charset=utf-8
host: localhost:14072
accept: */*

Response DefaultHttpResponse(decodeResult: success, version: HTTP/1.1)
HTTP/1.1 200 OK
Content-Length: 30432
Content-Type: application/json; charset=utf-8
cache-control: no-cache

10:40:02.087 [AsyncHttpClient-1-14] DEBUG org.asynchttpclient.netty.channel.ChannelManager - Adding key: http://localhost:14072 for channel [id: 0xb6993602, L:/127.0.0.1:55258 - R:localhost/127.0.0.1:14072]
10:40:02.088 [main] DEBUG net.serenitybdd.core.photography.Darkroom - Send negative for processing for target\site\serenity\7aa70b92fffd06a92313ddbb8512574ec970733fb45c20bab649e5f44a52f6fe.png
10:40:02.088 [main] DEBUG net.thucydides.core.steps.StepInterceptor - STEP DONE: inputFullnameReg
  &amp#27;[32mAnd &amp#27;[0m&amp#27;[32mI input correct fullname for register&amp#27;[0m &amp#27;[90m# starter.stepdefinitions.RegisterSteps.inputFullnameReg()&amp#27;[0m
10:40:02.088 [Darkroom Processing Line] DEBUG net.serenitybdd.core.photography.DarkroomProcessingLine - Processing screenshot image in /var/screenshots/screenshot-1579730637547190431
10:40:02.088 [Darkroom Processing Line] DEBUG net.serenitybdd.core.photography.DarkroomProcessingLine - Saving screenshot to target\site\serenity\7aa70b92fffd06a92313ddbb8512574ec970733fb45c20bab649e5f44a52f6fe.png
10:40:02.093 [Forwarding getPageSource on session 24ebd2eda8100a349a44fe5f939c5d15 to remote] DEBUG org.asynchttpclient.netty.request.NettyRequestSender - Using pooled Channel '[id: 0xb6993602, L:/127.0.0.1:55258 - R:localhost/127.0.0.1:14072]' for 'POST' to 'http://localhost:14072/session/24ebd2eda8100a349a44fe5f939c5d15/execute/sync'
10:40:02.093 [Forwarding getPageSource on session 24ebd2eda8100a349a44fe5f939c5d15 to remote] DEBUG org.asynchttpclient.netty.request.NettyRequestSender - Using open Channel [id: 0xb6993602, L:/127.0.0.1:55258 - R:localhost/127.0.0.1:14072] for POST '/session/24ebd2eda8100a349a44fe5f939c5d15/execute/sync'
10:40:02.098 [AsyncHttpClient-1-14] DEBUG org.asynchttpclient.netty.handler.HttpHandler - 

Request DefaultHttpRequest(decodeResult: success, version: HTTP/1.1)
POST /session/24ebd2eda8100a349a44fe5f939c5d15/execute/sync HTTP/1.1
User-Agent: selenium/4.8.1 (java windows)
Content-Length: 176
Content-Type: application/json; charset=utf-8
host: localhost:14072
accept: */*

Response DefaultHttpResponse(decodeResult: success, version: HTTP/1.1)
HTTP/1.1 200 OK
Content-Length: 22435
Content-Type: application/json; charset=utf-8
cache-control: no-cache

10:40:02.098 [AsyncHttpClient-1-14] DEBUG org.asynchttpclient.netty.channel.ChannelManager - Adding key: http://localhost:14072 for channel [id: 0xb6993602, L:/127.0.0.1:55258 - R:localhost/127.0.0.1:14072]
10:40:02.099 [Forwarding getCurrentUrl on session 24ebd2eda8100a349a44fe5f939c5d15 to remote] DEBUG org.asynchttpclient.netty.request.NettyRequestSender - Using pooled Channel '[id: 0xb6993602, L:/127.0.0.1:55258 - R:localhost/127.0.0.1:14072]' for 'GET' to 'http://localhost:14072/session/24ebd2eda8100a349a44fe5f939c5d15/url'
10:40:02.099 [Forwarding getCurrentUrl on session 24ebd2eda8100a349a44fe5f939c5d15 to remote] DEBUG org.asynchttpclient.netty.request.NettyRequestSender - Using open Channel [id: 0xb6993602, L:/127.0.0.1:55258 - R:localhost/127.0.0.1:14072] for GET '/session/24ebd2eda8100a349a44fe5f939c5d15/url'
10:40:02.102 [AsyncHttpClient-1-14] DEBUG org.asynchttpclient.netty.handler.HttpHandler - 

Request DefaultFullHttpRequest(decodeResult: success, version: HTTP/1.1, content: EmptyByteBufBE)
GET /session/24ebd2eda8100a349a44fe5f939c5d15/url HTTP/1.1
User-Agent: selenium/4.8.1 (java windows)
Cache-Control: no-cache
Content-Type: application/json; charset=utf-8
host: localhost:14072
accept: */*

Response DefaultHttpResponse(decodeResult: success, version: HTTP/1.1)
HTTP/1.1 200 OK
Content-Length: 54
Content-Type: application/json; charset=utf-8
cache-control: no-cache

10:40:02.102 [AsyncHttpClient-1-14] DEBUG org.asynchttpclient.netty.channel.ChannelManager - Adding key: http://localhost:14072 for channel [id: 0xb6993602, L:/127.0.0.1:55258 - R:localhost/127.0.0.1:14072]
10:40:02.111 [Forwarding getPageSource on session 24ebd2eda8100a349a44fe5f939c5d15 to remote] DEBUG org.asynchttpclient.netty.request.NettyRequestSender - Using pooled Channel '[id: 0xb6993602, L:/127.0.0.1:55258 - R:localhost/127.0.0.1:14072]' for 'POST' to 'http://localhost:14072/session/24ebd2eda8100a349a44fe5f939c5d15/execute/sync'
10:40:02.111 [Forwarding getPageSource on session 24ebd2eda8100a349a44fe5f939c5d15 to remote] DEBUG org.asynchttpclient.netty.request.NettyRequestSender - Using open Channel [id: 0xb6993602, L:/127.0.0.1:55258 - R:localhost/127.0.0.1:14072] for POST '/session/24ebd2eda8100a349a44fe5f939c5d15/execute/sync'
10:40:02.114 [AsyncHttpClient-1-14] DEBUG org.asynchttpclient.netty.handler.HttpHandler - 

Request DefaultHttpRequest(decodeResult: success, version: HTTP/1.1)
POST /session/24ebd2eda8100a349a44fe5f939c5d15/execute/sync HTTP/1.1
User-Agent: selenium/4.8.1 (java windows)
Content-Length: 176
Content-Type: application/json; charset=utf-8
host: localhost:14072
accept: */*

Response DefaultHttpResponse(decodeResult: success, version: HTTP/1.1)
HTTP/1.1 200 OK
Content-Length: 22435
Content-Type: application/json; charset=utf-8
cache-control: no-cache

10:40:02.114 [AsyncHttpClient-1-14] DEBUG org.asynchttpclient.netty.channel.ChannelManager - Adding key: http://localhost:14072 for channel [id: 0xb6993602, L:/127.0.0.1:55258 - R:localhost/127.0.0.1:14072]
10:40:02.116 [Forwarding getCurrentUrl on session 24ebd2eda8100a349a44fe5f939c5d15 to remote] DEBUG org.asynchttpclient.netty.request.NettyRequestSender - Using pooled Channel '[id: 0xb6993602, L:/127.0.0.1:55258 - R:localhost/127.0.0.1:14072]' for 'GET' to 'http://localhost:14072/session/24ebd2eda8100a349a44fe5f939c5d15/url'
10:40:02.116 [Forwarding getCurrentUrl on session 24ebd2eda8100a349a44fe5f939c5d15 to remote] DEBUG org.asynchttpclient.netty.request.NettyRequestSender - Using open Channel [id: 0xb6993602, L:/127.0.0.1:55258 - R:localhost/127.0.0.1:14072] for GET '/session/24ebd2eda8100a349a44fe5f939c5d15/url'
10:40:02.120 [AsyncHttpClient-1-14] DEBUG org.asynchttpclient.netty.handler.HttpHandler - 

Request DefaultFullHttpRequest(decodeResult: success, version: HTTP/1.1, content: EmptyByteBufBE)
GET /session/24ebd2eda8100a349a44fe5f939c5d15/url HTTP/1.1
User-Agent: selenium/4.8.1 (java windows)
Cache-Control: no-cache
Content-Type: application/json; charset=utf-8
host: localhost:14072
accept: */*

Response DefaultHttpResponse(decodeResult: success, version: HTTP/1.1)
HTTP/1.1 200 OK
Content-Length: 54
Content-Type: application/json; charset=utf-8
cache-control: no-cache

10:40:02.120 [AsyncHttpClient-1-14] DEBUG org.asynchttpclient.netty.channel.ChannelManager - Adding key: http://localhost:14072 for channel [id: 0xb6993602, L:/127.0.0.1:55258 - R:localhost/127.0.0.1:14072]
10:40:02.121 [main] DEBUG net.thucydides.core.steps.StepInterceptor - STARTING STEP: RegisterSteps.inputExistedEmailReg - inputEmailReg
10:40:02.122 [Forwarding findElement on session 24ebd2eda8100a349a44fe5f939c5d15 to remote] DEBUG org.asynchttpclient.netty.request.NettyRequestSender - Using pooled Channel '[id: 0xb6993602, L:/127.0.0.1:55258 - R:localhost/127.0.0.1:14072]' for 'POST' to 'http://localhost:14072/session/24ebd2eda8100a349a44fe5f939c5d15/element'
10:40:02.122 [Forwarding findElement on session 24ebd2eda8100a349a44fe5f939c5d15 to remote] DEBUG org.asynchttpclient.netty.request.NettyRequestSender - Using open Channel [id: 0xb6993602, L:/127.0.0.1:55258 - R:localhost/127.0.0.1:14072] for POST '/session/24ebd2eda8100a349a44fe5f939c5d15/element'
10:40:02.130 [AsyncHttpClient-1-14] DEBUG org.asynchttpclient.netty.handler.HttpHandler - 

Request DefaultHttpRequest(decodeResult: success, version: HTTP/1.1)
POST /session/24ebd2eda8100a349a44fe5f939c5d15/element HTTP/1.1
User-Agent: selenium/4.8.1 (java windows)
Content-Length: 55
Content-Type: application/json; charset=utf-8
host: localhost:14072
accept: */*

Response DefaultHttpResponse(decodeResult: success, version: HTTP/1.1)
HTTP/1.1 200 OK
Content-Length: 88
Content-Type: application/json; charset=utf-8
cache-control: no-cache

10:40:02.130 [AsyncHttpClient-1-14] DEBUG org.asynchttpclient.netty.channel.ChannelManager - Adding key: http://localhost:14072 for channel [id: 0xb6993602, L:/127.0.0.1:55258 - R:localhost/127.0.0.1:14072]
10:40:02.131 [Forwarding clearElement on session 24ebd2eda8100a349a44fe5f939c5d15 to remote] DEBUG org.asynchttpclient.netty.request.NettyRequestSender - Using pooled Channel '[id: 0xb6993602, L:/127.0.0.1:55258 - R:localhost/127.0.0.1:14072]' for 'POST' to 'http://localhost:14072/session/24ebd2eda8100a349a44fe5f939c5d15/element/2181a330-fd74-4fc6-9f3d-d46c1fd4eceb/clear'
10:40:02.131 [Forwarding clearElement on session 24ebd2eda8100a349a44fe5f939c5d15 to remote] DEBUG org.asynchttpclient.netty.request.NettyRequestSender - Using open Channel [id: 0xb6993602, L:/127.0.0.1:55258 - R:localhost/127.0.0.1:14072] for POST '/session/24ebd2eda8100a349a44fe5f939c5d15/element/2181a330-fd74-4fc6-9f3d-d46c1fd4eceb/clear'
10:40:02.154 [AsyncHttpClient-1-14] DEBUG org.asynchttpclient.netty.handler.HttpHandler - 

Request DefaultHttpRequest(decodeResult: success, version: HTTP/1.1)
POST /session/24ebd2eda8100a349a44fe5f939c5d15/element/2181a330-fd74-4fc6-9f3d-d46c1fd4eceb/clear HTTP/1.1
User-Agent: selenium/4.8.1 (java windows)
Content-Length: 50
Content-Type: application/json; charset=utf-8
host: localhost:14072
accept: */*

Response DefaultHttpResponse(decodeResult: success, version: HTTP/1.1)
HTTP/1.1 200 OK
Content-Length: 14
Content-Type: application/json; charset=utf-8
cache-control: no-cache

10:40:02.154 [AsyncHttpClient-1-14] DEBUG org.asynchttpclient.netty.channel.ChannelManager - Adding key: http://localhost:14072 for channel [id: 0xb6993602, L:/127.0.0.1:55258 - R:localhost/127.0.0.1:14072]
10:40:02.155 [Forwarding sendKeysToElement on session 24ebd2eda8100a349a44fe5f939c5d15 to remote] DEBUG org.asynchttpclient.netty.request.NettyRequestSender - Using pooled Channel '[id: 0xb6993602, L:/127.0.0.1:55258 - R:localhost/127.0.0.1:14072]' for 'POST' to 'http://localhost:14072/session/24ebd2eda8100a349a44fe5f939c5d15/element/2181a330-fd74-4fc6-9f3d-d46c1fd4eceb/value'
10:40:02.155 [Forwarding sendKeysToElement on session 24ebd2eda8100a349a44fe5f939c5d15 to remote] DEBUG org.asynchttpclient.netty.request.NettyRequestSender - Using open Channel [id: 0xb6993602, L:/127.0.0.1:55258 - R:localhost/127.0.0.1:14072] for POST '/session/24ebd2eda8100a349a44fe5f939c5d15/element/2181a330-fd74-4fc6-9f3d-d46c1fd4eceb/value'
10:40:02.200 [AsyncHttpClient-1-1] DEBUG org.asynchttpclient.netty.channel.DefaultChannelPool - Entry count for : http://localhost:55259 : 1
10:40:02.232 [AsyncHttpClient-1-14] DEBUG org.asynchttpclient.netty.handler.HttpHandler - 

Request DefaultHttpRequest(decodeResult: success, version: HTTP/1.1)
POST /session/24ebd2eda8100a349a44fe5f939c5d15/element/2181a330-fd74-4fc6-9f3d-d46c1fd4eceb/value HTTP/1.1
User-Agent: selenium/4.8.1 (java windows)
Content-Length: 241
Content-Type: application/json; charset=utf-8
host: localhost:14072
accept: */*

Response DefaultHttpResponse(decodeResult: success, version: HTTP/1.1)
HTTP/1.1 200 OK
Content-Length: 14
Content-Type: application/json; charset=utf-8
cache-control: no-cache

10:40:02.232 [AsyncHttpClient-1-14] DEBUG org.asynchttpclient.netty.channel.ChannelManager - Adding key: http://localhost:14072 for channel [id: 0xb6993602, L:/127.0.0.1:55258 - R:localhost/127.0.0.1:14072]
10:40:02.236 [Forwarding getAlertText on session 24ebd2eda8100a349a44fe5f939c5d15 to remote] DEBUG org.asynchttpclient.netty.request.NettyRequestSender - Using pooled Channel '[id: 0xb6993602, L:/127.0.0.1:55258 - R:localhost/127.0.0.1:14072]' for 'GET' to 'http://localhost:14072/session/24ebd2eda8100a349a44fe5f939c5d15/alert/text'
10:40:02.236 [Forwarding getAlertText on session 24ebd2eda8100a349a44fe5f939c5d15 to remote] DEBUG org.asynchttpclient.netty.request.NettyRequestSender - Using open Channel [id: 0xb6993602, L:/127.0.0.1:55258 - R:localhost/127.0.0.1:14072] for GET '/session/24ebd2eda8100a349a44fe5f939c5d15/alert/text'
10:40:02.239 [AsyncHttpClient-1-14] DEBUG org.asynchttpclient.netty.handler.HttpHandler - 

Request DefaultFullHttpRequest(decodeResult: success, version: HTTP/1.1, content: EmptyByteBufBE)
GET /session/24ebd2eda8100a349a44fe5f939c5d15/alert/text HTTP/1.1
User-Agent: selenium/4.8.1 (java windows)
Cache-Control: no-cache
Content-Type: application/json; charset=utf-8
host: localhost:14072
accept: */*

Response DefaultHttpResponse(decodeResult: success, version: HTTP/1.1)
HTTP/1.1 404 Not Found
Content-Length: 836
Content-Type: application/json; charset=utf-8
cache-control: no-cache

10:40:02.239 [AsyncHttpClient-1-14] DEBUG org.asynchttpclient.netty.channel.ChannelManager - Adding key: http://localhost:14072 for channel [id: 0xb6993602, L:/127.0.0.1:55258 - R:localhost/127.0.0.1:14072]
10:40:02.239 [Forwarding getCurrentUrl on session 24ebd2eda8100a349a44fe5f939c5d15 to remote] DEBUG org.asynchttpclient.netty.request.NettyRequestSender - Using pooled Channel '[id: 0xb6993602, L:/127.0.0.1:55258 - R:localhost/127.0.0.1:14072]' for 'GET' to 'http://localhost:14072/session/24ebd2eda8100a349a44fe5f939c5d15/url'
10:40:02.240 [Forwarding getCurrentUrl on session 24ebd2eda8100a349a44fe5f939c5d15 to remote] DEBUG org.asynchttpclient.netty.request.NettyRequestSender - Using open Channel [id: 0xb6993602, L:/127.0.0.1:55258 - R:localhost/127.0.0.1:14072] for GET '/session/24ebd2eda8100a349a44fe5f939c5d15/url'
10:40:02.242 [AsyncHttpClient-1-14] DEBUG org.asynchttpclient.netty.handler.HttpHandler - 

Request DefaultFullHttpRequest(decodeResult: success, version: HTTP/1.1, content: EmptyByteBufBE)
GET /session/24ebd2eda8100a349a44fe5f939c5d15/url HTTP/1.1
User-Agent: selenium/4.8.1 (java windows)
Cache-Control: no-cache
Content-Type: application/json; charset=utf-8
host: localhost:14072
accept: */*

Response DefaultHttpResponse(decodeResult: success, version: HTTP/1.1)
HTTP/1.1 200 OK
Content-Length: 54
Content-Type: application/json; charset=utf-8
cache-control: no-cache

10:40:02.242 [AsyncHttpClient-1-14] DEBUG org.asynchttpclient.netty.channel.ChannelManager - Adding key: http://localhost:14072 for channel [id: 0xb6993602, L:/127.0.0.1:55258 - R:localhost/127.0.0.1:14072]
10:40:02.243 [Forwarding screenshot on session 24ebd2eda8100a349a44fe5f939c5d15 to remote] DEBUG org.asynchttpclient.netty.request.NettyRequestSender - Using pooled Channel '[id: 0xb6993602, L:/127.0.0.1:55258 - R:localhost/127.0.0.1:14072]' for 'GET' to 'http://localhost:14072/session/24ebd2eda8100a349a44fe5f939c5d15/screenshot'
10:40:02.243 [Forwarding screenshot on session 24ebd2eda8100a349a44fe5f939c5d15 to remote] DEBUG org.asynchttpclient.netty.request.NettyRequestSender - Using open Channel [id: 0xb6993602, L:/127.0.0.1:55258 - R:localhost/127.0.0.1:14072] for GET '/session/24ebd2eda8100a349a44fe5f939c5d15/screenshot'
10:40:02.335 [AsyncHttpClient-1-14] DEBUG org.asynchttpclient.netty.handler.HttpHandler - 

Request DefaultFullHttpRequest(decodeResult: success, version: HTTP/1.1, content: EmptyByteBufBE)
GET /session/24ebd2eda8100a349a44fe5f939c5d15/screenshot HTTP/1.1
User-Agent: selenium/4.8.1 (java windows)
Cache-Control: no-cache
Content-Type: application/json; charset=utf-8
host: localhost:14072
accept: */*

Response DefaultHttpResponse(decodeResult: success, version: HTTP/1.1)
HTTP/1.1 200 OK
Content-Length: 33204
Content-Type: application/json; charset=utf-8
cache-control: no-cache

10:40:02.335 [AsyncHttpClient-1-14] DEBUG org.asynchttpclient.netty.channel.ChannelManager - Adding key: http://localhost:14072 for channel [id: 0xb6993602, L:/127.0.0.1:55258 - R:localhost/127.0.0.1:14072]
10:40:02.336 [main] DEBUG net.serenitybdd.core.photography.Darkroom - Send negative for processing for target\site\serenity\46046e9b2b44261b5e5d66f446c70250feafe8faaea99c3c9631d6ef2e8db1b9.png
10:40:02.336 [main] DEBUG net.thucydides.core.steps.StepInterceptor - STEP DONE: inputEmailReg
  &amp#27;[32mAnd &amp#27;[0m&amp#27;[32mI input existed email for register&amp#27;[0m    &amp#27;[90m# starter.stepdefinitions.RegisterSteps.inputExistedEmailReg()&amp#27;[0m
10:40:02.336 [Darkroom Processing Line] DEBUG net.serenitybdd.core.photography.DarkroomProcessingLine - Processing screenshot image in /var/screenshots/screenshot-10764443903333619990
10:40:02.336 [Darkroom Processing Line] DEBUG net.serenitybdd.core.photography.DarkroomProcessingLine - Saving screenshot to target\site\serenity\46046e9b2b44261b5e5d66f446c70250feafe8faaea99c3c9631d6ef2e8db1b9.png
10:40:02.342 [Forwarding getPageSource on session 24ebd2eda8100a349a44fe5f939c5d15 to remote] DEBUG org.asynchttpclient.netty.request.NettyRequestSender - Using pooled Channel '[id: 0xb6993602, L:/127.0.0.1:55258 - R:localhost/127.0.0.1:14072]' for 'POST' to 'http://localhost:14072/session/24ebd2eda8100a349a44fe5f939c5d15/execute/sync'
10:40:02.342 [Forwarding getPageSource on session 24ebd2eda8100a349a44fe5f939c5d15 to remote] DEBUG org.asynchttpclient.netty.request.NettyRequestSender - Using open Channel [id: 0xb6993602, L:/127.0.0.1:55258 - R:localhost/127.0.0.1:14072] for POST '/session/24ebd2eda8100a349a44fe5f939c5d15/execute/sync'
10:40:02.347 [AsyncHttpClient-1-14] DEBUG org.asynchttpclient.netty.handler.HttpHandler - 

Request DefaultHttpRequest(decodeResult: success, version: HTTP/1.1)
POST /session/24ebd2eda8100a349a44fe5f939c5d15/execute/sync HTTP/1.1
User-Agent: selenium/4.8.1 (java windows)
Content-Length: 176
Content-Type: application/json; charset=utf-8
host: localhost:14072
accept: */*

Response DefaultHttpResponse(decodeResult: success, version: HTTP/1.1)
HTTP/1.1 200 OK
Content-Length: 22494
Content-Type: application/json; charset=utf-8
cache-control: no-cache

10:40:02.347 [AsyncHttpClient-1-14] DEBUG org.asynchttpclient.netty.channel.ChannelManager - Adding key: http://localhost:14072 for channel [id: 0xb6993602, L:/127.0.0.1:55258 - R:localhost/127.0.0.1:14072]
10:40:02.348 [Forwarding getCurrentUrl on session 24ebd2eda8100a349a44fe5f939c5d15 to remote] DEBUG org.asynchttpclient.netty.request.NettyRequestSender - Using pooled Channel '[id: 0xb6993602, L:/127.0.0.1:55258 - R:localhost/127.0.0.1:14072]' for 'GET' to 'http://localhost:14072/session/24ebd2eda8100a349a44fe5f939c5d15/url'
10:40:02.349 [Forwarding getCurrentUrl on session 24ebd2eda8100a349a44fe5f939c5d15 to remote] DEBUG org.asynchttpclient.netty.request.NettyRequestSender - Using open Channel [id: 0xb6993602, L:/127.0.0.1:55258 - R:localhost/127.0.0.1:14072] for GET '/session/24ebd2eda8100a349a44fe5f939c5d15/url'
10:40:02.351 [AsyncHttpClient-1-14] DEBUG org.asynchttpclient.netty.handler.HttpHandler - 

Request DefaultFullHttpRequest(decodeResult: success, version: HTTP/1.1, content: EmptyByteBufBE)
GET /session/24ebd2eda8100a349a44fe5f939c5d15/url HTTP/1.1
User-Agent: selenium/4.8.1 (java windows)
Cache-Control: no-cache
Content-Type: application/json; charset=utf-8
host: localhost:14072
accept: */*

Response DefaultHttpResponse(decodeResult: success, version: HTTP/1.1)
HTTP/1.1 200 OK
Content-Length: 54
Content-Type: application/json; charset=utf-8
cache-control: no-cache

10:40:02.351 [AsyncHttpClient-1-14] DEBUG org.asynchttpclient.netty.channel.ChannelManager - Adding key: http://localhost:14072 for channel [id: 0xb6993602, L:/127.0.0.1:55258 - R:localhost/127.0.0.1:14072]
10:40:02.357 [Forwarding getPageSource on session 24ebd2eda8100a349a44fe5f939c5d15 to remote] DEBUG org.asynchttpclient.netty.request.NettyRequestSender - Using pooled Channel '[id: 0xb6993602, L:/127.0.0.1:55258 - R:localhost/127.0.0.1:14072]' for 'POST' to 'http://localhost:14072/session/24ebd2eda8100a349a44fe5f939c5d15/execute/sync'
10:40:02.357 [Forwarding getPageSource on session 24ebd2eda8100a349a44fe5f939c5d15 to remote] DEBUG org.asynchttpclient.netty.request.NettyRequestSender - Using open Channel [id: 0xb6993602, L:/127.0.0.1:55258 - R:localhost/127.0.0.1:14072] for POST '/session/24ebd2eda8100a349a44fe5f939c5d15/execute/sync'
10:40:02.362 [AsyncHttpClient-1-14] DEBUG org.asynchttpclient.netty.handler.HttpHandler - 

Request DefaultHttpRequest(decodeResult: success, version: HTTP/1.1)
POST /session/24ebd2eda8100a349a44fe5f939c5d15/execute/sync HTTP/1.1
User-Agent: selenium/4.8.1 (java windows)
Content-Length: 176
Content-Type: application/json; charset=utf-8
host: localhost:14072
accept: */*

Response DefaultHttpResponse(decodeResult: success, version: HTTP/1.1)
HTTP/1.1 200 OK
Content-Length: 22494
Content-Type: application/json; charset=utf-8
cache-control: no-cache

10:40:02.362 [AsyncHttpClient-1-14] DEBUG org.asynchttpclient.netty.channel.ChannelManager - Adding key: http://localhost:14072 for channel [id: 0xb6993602, L:/127.0.0.1:55258 - R:localhost/127.0.0.1:14072]
10:40:02.364 [Forwarding getCurrentUrl on session 24ebd2eda8100a349a44fe5f939c5d15 to remote] DEBUG org.asynchttpclient.netty.request.NettyRequestSender - Using pooled Channel '[id: 0xb6993602, L:/127.0.0.1:55258 - R:localhost/127.0.0.1:14072]' for 'GET' to 'http://localhost:14072/session/24ebd2eda8100a349a44fe5f939c5d15/url'
10:40:02.364 [Forwarding getCurrentUrl on session 24ebd2eda8100a349a44fe5f939c5d15 to remote] DEBUG org.asynchttpclient.netty.request.NettyRequestSender - Using open Channel [id: 0xb6993602, L:/127.0.0.1:55258 - R:localhost/127.0.0.1:14072] for GET '/session/24ebd2eda8100a349a44fe5f939c5d15/url'
10:40:02.366 [AsyncHttpClient-1-14] DEBUG org.asynchttpclient.netty.handler.HttpHandler - 

Request DefaultFullHttpRequest(decodeResult: success, version: HTTP/1.1, content: EmptyByteBufBE)
GET /session/24ebd2eda8100a349a44fe5f939c5d15/url HTTP/1.1
User-Agent: selenium/4.8.1 (java windows)
Cache-Control: no-cache
Content-Type: application/json; charset=utf-8
host: localhost:14072
accept: */*

Response DefaultHttpResponse(decodeResult: success, version: HTTP/1.1)
HTTP/1.1 200 OK
Content-Length: 54
Content-Type: application/json; charset=utf-8
cache-control: no-cache

10:40:02.366 [AsyncHttpClient-1-14] DEBUG org.asynchttpclient.netty.channel.ChannelManager - Adding key: http://localhost:14072 for channel [id: 0xb6993602, L:/127.0.0.1:55258 - R:localhost/127.0.0.1:14072]
10:40:02.368 [main] DEBUG net.thucydides.core.steps.StepInterceptor - STARTING STEP: RegisterSteps.inputPasswordReg - inputPasswordReg
10:40:02.369 [Forwarding findElement on session 24ebd2eda8100a349a44fe5f939c5d15 to remote] DEBUG org.asynchttpclient.netty.request.NettyRequestSender - Using pooled Channel '[id: 0xb6993602, L:/127.0.0.1:55258 - R:localhost/127.0.0.1:14072]' for 'POST' to 'http://localhost:14072/session/24ebd2eda8100a349a44fe5f939c5d15/element'
10:40:02.369 [Forwarding findElement on session 24ebd2eda8100a349a44fe5f939c5d15 to remote] DEBUG org.asynchttpclient.netty.request.NettyRequestSender - Using open Channel [id: 0xb6993602, L:/127.0.0.1:55258 - R:localhost/127.0.0.1:14072] for POST '/session/24ebd2eda8100a349a44fe5f939c5d15/element'
10:40:02.378 [AsyncHttpClient-1-14] DEBUG org.asynchttpclient.netty.handler.HttpHandler - 

Request DefaultHttpRequest(decodeResult: success, version: HTTP/1.1)
POST /session/24ebd2eda8100a349a44fe5f939c5d15/element HTTP/1.1
User-Agent: selenium/4.8.1 (java windows)
Content-Length: 55
Content-Type: application/json; charset=utf-8
host: localhost:14072
accept: */*

Response DefaultHttpResponse(decodeResult: success, version: HTTP/1.1)
HTTP/1.1 200 OK
Content-Length: 88
Content-Type: application/json; charset=utf-8
cache-control: no-cache

10:40:02.378 [AsyncHttpClient-1-14] DEBUG org.asynchttpclient.netty.channel.ChannelManager - Adding key: http://localhost:14072 for channel [id: 0xb6993602, L:/127.0.0.1:55258 - R:localhost/127.0.0.1:14072]
10:40:02.378 [Forwarding clearElement on session 24ebd2eda8100a349a44fe5f939c5d15 to remote] DEBUG org.asynchttpclient.netty.request.NettyRequestSender - Using pooled Channel '[id: 0xb6993602, L:/127.0.0.1:55258 - R:localhost/127.0.0.1:14072]' for 'POST' to 'http://localhost:14072/session/24ebd2eda8100a349a44fe5f939c5d15/element/641beb09-81fd-43f8-86d6-5aa6439d721d/clear'
10:40:02.378 [Forwarding clearElement on session 24ebd2eda8100a349a44fe5f939c5d15 to remote] DEBUG org.asynchttpclient.netty.request.NettyRequestSender - Using open Channel [id: 0xb6993602, L:/127.0.0.1:55258 - R:localhost/127.0.0.1:14072] for POST '/session/24ebd2eda8100a349a44fe5f939c5d15/element/641beb09-81fd-43f8-86d6-5aa6439d721d/clear'
10:40:02.419 [AsyncHttpClient-1-14] DEBUG org.asynchttpclient.netty.handler.HttpHandler - 

Request DefaultHttpRequest(decodeResult: success, version: HTTP/1.1)
POST /session/24ebd2eda8100a349a44fe5f939c5d15/element/641beb09-81fd-43f8-86d6-5aa6439d721d/clear HTTP/1.1
User-Agent: selenium/4.8.1 (java windows)
Content-Length: 50
Content-Type: application/json; charset=utf-8
host: localhost:14072
accept: */*

Response DefaultHttpResponse(decodeResult: success, version: HTTP/1.1)
HTTP/1.1 200 OK
Content-Length: 14
Content-Type: application/json; charset=utf-8
cache-control: no-cache

10:40:02.419 [AsyncHttpClient-1-14] DEBUG org.asynchttpclient.netty.channel.ChannelManager - Adding key: http://localhost:14072 for channel [id: 0xb6993602, L:/127.0.0.1:55258 - R:localhost/127.0.0.1:14072]
10:40:02.422 [Forwarding sendKeysToElement on session 24ebd2eda8100a349a44fe5f939c5d15 to remote] DEBUG org.asynchttpclient.netty.request.NettyRequestSender - Using pooled Channel '[id: 0xb6993602, L:/127.0.0.1:55258 - R:localhost/127.0.0.1:14072]' for 'POST' to 'http://localhost:14072/session/24ebd2eda8100a349a44fe5f939c5d15/element/641beb09-81fd-43f8-86d6-5aa6439d721d/value'
10:40:02.422 [Forwarding sendKeysToElement on session 24ebd2eda8100a349a44fe5f939c5d15 to remote] DEBUG org.asynchttpclient.netty.request.NettyRequestSender - Using open Channel [id: 0xb6993602, L:/127.0.0.1:55258 - R:localhost/127.0.0.1:14072] for POST '/session/24ebd2eda8100a349a44fe5f939c5d15/element/641beb09-81fd-43f8-86d6-5aa6439d721d/value'
10:40:02.482 [AsyncHttpClient-1-14] DEBUG org.asynchttpclient.netty.handler.HttpHandler - 

Request DefaultHttpRequest(decodeResult: success, version: HTTP/1.1)
POST /session/24ebd2eda8100a349a44fe5f939c5d15/element/641beb09-81fd-43f8-86d6-5aa6439d721d/value HTTP/1.1
User-Agent: selenium/4.8.1 (java windows)
Content-Length: 101
Content-Type: application/json; charset=utf-8
host: localhost:14072
accept: */*

Response DefaultHttpResponse(decodeResult: success, version: HTTP/1.1)
HTTP/1.1 200 OK
Content-Length: 14
Content-Type: application/json; charset=utf-8
cache-control: no-cache

10:40:02.482 [AsyncHttpClient-1-14] DEBUG org.asynchttpclient.netty.channel.ChannelManager - Adding key: http://localhost:14072 for channel [id: 0xb6993602, L:/127.0.0.1:55258 - R:localhost/127.0.0.1:14072]
10:40:02.489 [Forwarding getAlertText on session 24ebd2eda8100a349a44fe5f939c5d15 to remote] DEBUG org.asynchttpclient.netty.request.NettyRequestSender - Using pooled Channel '[id: 0xb6993602, L:/127.0.0.1:55258 - R:localhost/127.0.0.1:14072]' for 'GET' to 'http://localhost:14072/session/24ebd2eda8100a349a44fe5f939c5d15/alert/text'
10:40:02.489 [Forwarding getAlertText on session 24ebd2eda8100a349a44fe5f939c5d15 to remote] DEBUG org.asynchttpclient.netty.request.NettyRequestSender - Using open Channel [id: 0xb6993602, L:/127.0.0.1:55258 - R:localhost/127.0.0.1:14072] for GET '/session/24ebd2eda8100a349a44fe5f939c5d15/alert/text'
10:40:02.492 [AsyncHttpClient-1-14] DEBUG org.asynchttpclient.netty.handler.HttpHandler - 

Request DefaultFullHttpRequest(decodeResult: success, version: HTTP/1.1, content: EmptyByteBufBE)
GET /session/24ebd2eda8100a349a44fe5f939c5d15/alert/text HTTP/1.1
User-Agent: selenium/4.8.1 (java windows)
Cache-Control: no-cache
Content-Type: application/json; charset=utf-8
host: localhost:14072
accept: */*

Response DefaultHttpResponse(decodeResult: success, version: HTTP/1.1)
HTTP/1.1 404 Not Found
Content-Length: 836
Content-Type: application/json; charset=utf-8
cache-control: no-cache

10:40:02.492 [AsyncHttpClient-1-14] DEBUG org.asynchttpclient.netty.channel.ChannelManager - Adding key: http://localhost:14072 for channel [id: 0xb6993602, L:/127.0.0.1:55258 - R:localhost/127.0.0.1:14072]
10:40:02.494 [Forwarding getCurrentUrl on session 24ebd2eda8100a349a44fe5f939c5d15 to remote] DEBUG org.asynchttpclient.netty.request.NettyRequestSender - Using pooled Channel '[id: 0xb6993602, L:/127.0.0.1:55258 - R:localhost/127.0.0.1:14072]' for 'GET' to 'http://localhost:14072/session/24ebd2eda8100a349a44fe5f939c5d15/url'
10:40:02.494 [Forwarding getCurrentUrl on session 24ebd2eda8100a349a44fe5f939c5d15 to remote] DEBUG org.asynchttpclient.netty.request.NettyRequestSender - Using open Channel [id: 0xb6993602, L:/127.0.0.1:55258 - R:localhost/127.0.0.1:14072] for GET '/session/24ebd2eda8100a349a44fe5f939c5d15/url'
10:40:02.498 [AsyncHttpClient-1-14] DEBUG org.asynchttpclient.netty.handler.HttpHandler - 

Request DefaultFullHttpRequest(decodeResult: success, version: HTTP/1.1, content: EmptyByteBufBE)
GET /session/24ebd2eda8100a349a44fe5f939c5d15/url HTTP/1.1
User-Agent: selenium/4.8.1 (java windows)
Cache-Control: no-cache
Content-Type: application/json; charset=utf-8
host: localhost:14072
accept: */*

Response DefaultHttpResponse(decodeResult: success, version: HTTP/1.1)
HTTP/1.1 200 OK
Content-Length: 54
Content-Type: application/json; charset=utf-8
cache-control: no-cache

10:40:02.498 [AsyncHttpClient-1-14] DEBUG org.asynchttpclient.netty.channel.ChannelManager - Adding key: http://localhost:14072 for channel [id: 0xb6993602, L:/127.0.0.1:55258 - R:localhost/127.0.0.1:14072]
10:40:02.499 [Forwarding screenshot on session 24ebd2eda8100a349a44fe5f939c5d15 to remote] DEBUG org.asynchttpclient.netty.request.NettyRequestSender - Using pooled Channel '[id: 0xb6993602, L:/127.0.0.1:55258 - R:localhost/127.0.0.1:14072]' for 'GET' to 'http://localhost:14072/session/24ebd2eda8100a349a44fe5f939c5d15/screenshot'
10:40:02.500 [Forwarding screenshot on session 24ebd2eda8100a349a44fe5f939c5d15 to remote] DEBUG org.asynchttpclient.netty.request.NettyRequestSender - Using open Channel [id: 0xb6993602, L:/127.0.0.1:55258 - R:localhost/127.0.0.1:14072] for GET '/session/24ebd2eda8100a349a44fe5f939c5d15/screenshot'
10:40:02.595 [AsyncHttpClient-1-14] DEBUG org.asynchttpclient.netty.handler.HttpHandler - 

Request DefaultFullHttpRequest(decodeResult: success, version: HTTP/1.1, content: EmptyByteBufBE)
GET /session/24ebd2eda8100a349a44fe5f939c5d15/screenshot HTTP/1.1
User-Agent: selenium/4.8.1 (java windows)
Cache-Control: no-cache
Content-Type: application/json; charset=utf-8
host: localhost:14072
accept: */*

Response DefaultHttpResponse(decodeResult: success, version: HTTP/1.1)
HTTP/1.1 200 OK
Content-Length: 32676
Content-Type: application/json; charset=utf-8
cache-control: no-cache

10:40:02.595 [AsyncHttpClient-1-14] DEBUG org.asynchttpclient.netty.channel.ChannelManager - Adding key: http://localhost:14072 for channel [id: 0xb6993602, L:/127.0.0.1:55258 - R:localhost/127.0.0.1:14072]
10:40:02.596 [main] DEBUG net.serenitybdd.core.photography.Darkroom - Send negative for processing for target\site\serenity\786347df0b7340805f26e40826975615bfaf9ffaf764c8a9de9e104803dd2137.png
10:40:02.596 [main] DEBUG net.thucydides.core.steps.StepInterceptor - STEP DONE: inputPasswordReg
  &amp#27;[32mAnd &amp#27;[0m&amp#27;[32mI input correct password for register&amp#27;[0m &amp#27;[90m# starter.stepdefinitions.RegisterSteps.inputPasswordReg()&amp#27;[0m
10:40:02.596 [Darkroom Processing Line] DEBUG net.serenitybdd.core.photography.DarkroomProcessingLine - Processing screenshot image in /var/screenshots/screenshot-13275224584621796981
10:40:02.596 [Darkroom Processing Line] DEBUG net.serenitybdd.core.photography.DarkroomProcessingLine - Saving screenshot to target\site\serenity\786347df0b7340805f26e40826975615bfaf9ffaf764c8a9de9e104803dd2137.png
10:40:02.601 [Forwarding getPageSource on session 24ebd2eda8100a349a44fe5f939c5d15 to remote] DEBUG org.asynchttpclient.netty.request.NettyRequestSender - Using pooled Channel '[id: 0xb6993602, L:/127.0.0.1:55258 - R:localhost/127.0.0.1:14072]' for 'POST' to 'http://localhost:14072/session/24ebd2eda8100a349a44fe5f939c5d15/execute/sync'
10:40:02.601 [Forwarding getPageSource on session 24ebd2eda8100a349a44fe5f939c5d15 to remote] DEBUG org.asynchttpclient.netty.request.NettyRequestSender - Using open Channel [id: 0xb6993602, L:/127.0.0.1:55258 - R:localhost/127.0.0.1:14072] for POST '/session/24ebd2eda8100a349a44fe5f939c5d15/execute/sync'
10:40:02.607 [AsyncHttpClient-1-14] DEBUG org.asynchttpclient.netty.handler.HttpHandler - 

Request DefaultHttpRequest(decodeResult: success, version: HTTP/1.1)
POST /session/24ebd2eda8100a349a44fe5f939c5d15/execute/sync HTTP/1.1
User-Agent: selenium/4.8.1 (java windows)
Content-Length: 176
Content-Type: application/json; charset=utf-8
host: localhost:14072
accept: */*

Response DefaultHttpResponse(decodeResult: success, version: HTTP/1.1)
HTTP/1.1 200 OK
Content-Length: 22553
Content-Type: application/json; charset=utf-8
cache-control: no-cache

10:40:02.607 [AsyncHttpClient-1-14] DEBUG org.asynchttpclient.netty.channel.ChannelManager - Adding key: http://localhost:14072 for channel [id: 0xb6993602, L:/127.0.0.1:55258 - R:localhost/127.0.0.1:14072]
10:40:02.608 [Forwarding getCurrentUrl on session 24ebd2eda8100a349a44fe5f939c5d15 to remote] DEBUG org.asynchttpclient.netty.request.NettyRequestSender - Using pooled Channel '[id: 0xb6993602, L:/127.0.0.1:55258 - R:localhost/127.0.0.1:14072]' for 'GET' to 'http://localhost:14072/session/24ebd2eda8100a349a44fe5f939c5d15/url'
10:40:02.608 [Forwarding getCurrentUrl on session 24ebd2eda8100a349a44fe5f939c5d15 to remote] DEBUG org.asynchttpclient.netty.request.NettyRequestSender - Using open Channel [id: 0xb6993602, L:/127.0.0.1:55258 - R:localhost/127.0.0.1:14072] for GET '/session/24ebd2eda8100a349a44fe5f939c5d15/url'
10:40:02.611 [AsyncHttpClient-1-14] DEBUG org.asynchttpclient.netty.handler.HttpHandler - 

Request DefaultFullHttpRequest(decodeResult: success, version: HTTP/1.1, content: EmptyByteBufBE)
GET /session/24ebd2eda8100a349a44fe5f939c5d15/url HTTP/1.1
User-Agent: selenium/4.8.1 (java windows)
Cache-Control: no-cache
Content-Type: application/json; charset=utf-8
host: localhost:14072
accept: */*

Response DefaultHttpResponse(decodeResult: success, version: HTTP/1.1)
HTTP/1.1 200 OK
Content-Length: 54
Content-Type: application/json; charset=utf-8
cache-control: no-cache

10:40:02.612 [AsyncHttpClient-1-14] DEBUG org.asynchttpclient.netty.channel.ChannelManager - Adding key: http://localhost:14072 for channel [id: 0xb6993602, L:/127.0.0.1:55258 - R:localhost/127.0.0.1:14072]
10:40:02.617 [Forwarding getPageSource on session 24ebd2eda8100a349a44fe5f939c5d15 to remote] DEBUG org.asynchttpclient.netty.request.NettyRequestSender - Using pooled Channel '[id: 0xb6993602, L:/127.0.0.1:55258 - R:localhost/127.0.0.1:14072]' for 'POST' to 'http://localhost:14072/session/24ebd2eda8100a349a44fe5f939c5d15/execute/sync'
10:40:02.617 [Forwarding getPageSource on session 24ebd2eda8100a349a44fe5f939c5d15 to remote] DEBUG org.asynchttpclient.netty.request.NettyRequestSender - Using open Channel [id: 0xb6993602, L:/127.0.0.1:55258 - R:localhost/127.0.0.1:14072] for POST '/session/24ebd2eda8100a349a44fe5f939c5d15/execute/sync'
10:40:02.622 [AsyncHttpClient-1-14] DEBUG org.asynchttpclient.netty.handler.HttpHandler - 

Request DefaultHttpRequest(decodeResult: success, version: HTTP/1.1)
POST /session/24ebd2eda8100a349a44fe5f939c5d15/execute/sync HTTP/1.1
User-Agent: selenium/4.8.1 (java windows)
Content-Length: 176
Content-Type: application/json; charset=utf-8
host: localhost:14072
accept: */*

Response DefaultHttpResponse(decodeResult: success, version: HTTP/1.1)
HTTP/1.1 200 OK
Content-Length: 22553
Content-Type: application/json; charset=utf-8
cache-control: no-cache

10:40:02.622 [AsyncHttpClient-1-14] DEBUG org.asynchttpclient.netty.channel.ChannelManager - Adding key: http://localhost:14072 for channel [id: 0xb6993602, L:/127.0.0.1:55258 - R:localhost/127.0.0.1:14072]
10:40:02.623 [Forwarding getCurrentUrl on session 24ebd2eda8100a349a44fe5f939c5d15 to remote] DEBUG org.asynchttpclient.netty.request.NettyRequestSender - Using pooled Channel '[id: 0xb6993602, L:/127.0.0.1:55258 - R:localhost/127.0.0.1:14072]' for 'GET' to 'http://localhost:14072/session/24ebd2eda8100a349a44fe5f939c5d15/url'
10:40:02.623 [Forwarding getCurrentUrl on session 24ebd2eda8100a349a44fe5f939c5d15 to remote] DEBUG org.asynchttpclient.netty.request.NettyRequestSender - Using open Channel [id: 0xb6993602, L:/127.0.0.1:55258 - R:localhost/127.0.0.1:14072] for GET '/session/24ebd2eda8100a349a44fe5f939c5d15/url'
10:40:02.627 [AsyncHttpClient-1-14] DEBUG org.asynchttpclient.netty.handler.HttpHandler - 

Request DefaultFullHttpRequest(decodeResult: success, version: HTTP/1.1, content: EmptyByteBufBE)
GET /session/24ebd2eda8100a349a44fe5f939c5d15/url HTTP/1.1
User-Agent: selenium/4.8.1 (java windows)
Cache-Control: no-cache
Content-Type: application/json; charset=utf-8
host: localhost:14072
accept: */*

Response DefaultHttpResponse(decodeResult: success, version: HTTP/1.1)
HTTP/1.1 200 OK
Content-Length: 54
Content-Type: application/json; charset=utf-8
cache-control: no-cache

10:40:02.628 [AsyncHttpClient-1-14] DEBUG org.asynchttpclient.netty.channel.ChannelManager - Adding key: http://localhost:14072 for channel [id: 0xb6993602, L:/127.0.0.1:55258 - R:localhost/127.0.0.1:14072]
10:40:02.629 [main] DEBUG net.thucydides.core.steps.StepInterceptor - STARTING STEP: RegisterSteps.ClickRegisterButton - ClickRegisterButton
10:40:02.630 [Forwarding findElement on session 24ebd2eda8100a349a44fe5f939c5d15 to remote] DEBUG org.asynchttpclient.netty.request.NettyRequestSender - Using pooled Channel '[id: 0xb6993602, L:/127.0.0.1:55258 - R:localhost/127.0.0.1:14072]' for 'POST' to 'http://localhost:14072/session/24ebd2eda8100a349a44fe5f939c5d15/element'
10:40:02.631 [Forwarding findElement on session 24ebd2eda8100a349a44fe5f939c5d15 to remote] DEBUG org.asynchttpclient.netty.request.NettyRequestSender - Using open Channel [id: 0xb6993602, L:/127.0.0.1:55258 - R:localhost/127.0.0.1:14072] for POST '/session/24ebd2eda8100a349a44fe5f939c5d15/element'
10:40:02.639 [AsyncHttpClient-1-14] DEBUG org.asynchttpclient.netty.handler.HttpHandler - 

Request DefaultHttpRequest(decodeResult: success, version: HTTP/1.1)
POST /session/24ebd2eda8100a349a44fe5f939c5d15/element HTTP/1.1
User-Agent: selenium/4.8.1 (java windows)
Content-Length: 71
Content-Type: application/json; charset=utf-8
host: localhost:14072
accept: */*

Response DefaultHttpResponse(decodeResult: success, version: HTTP/1.1)
HTTP/1.1 200 OK
Content-Length: 88
Content-Type: application/json; charset=utf-8
cache-control: no-cache

10:40:02.639 [AsyncHttpClient-1-14] DEBUG org.asynchttpclient.netty.channel.ChannelManager - Adding key: http://localhost:14072 for channel [id: 0xb6993602, L:/127.0.0.1:55258 - R:localhost/127.0.0.1:14072]
10:40:02.640 [Forwarding getElementTagName on session 24ebd2eda8100a349a44fe5f939c5d15 to remote] DEBUG org.asynchttpclient.netty.request.NettyRequestSender - Using pooled Channel '[id: 0xb6993602, L:/127.0.0.1:55258 - R:localhost/127.0.0.1:14072]' for 'GET' to 'http://localhost:14072/session/24ebd2eda8100a349a44fe5f939c5d15/element/99743051-01a2-4742-ad49-48e480d589a5/name'
10:40:02.640 [Forwarding getElementTagName on session 24ebd2eda8100a349a44fe5f939c5d15 to remote] DEBUG org.asynchttpclient.netty.request.NettyRequestSender - Using open Channel [id: 0xb6993602, L:/127.0.0.1:55258 - R:localhost/127.0.0.1:14072] for GET '/session/24ebd2eda8100a349a44fe5f939c5d15/element/99743051-01a2-4742-ad49-48e480d589a5/name'
10:40:02.644 [AsyncHttpClient-1-14] DEBUG org.asynchttpclient.netty.handler.HttpHandler - 

Request DefaultFullHttpRequest(decodeResult: success, version: HTTP/1.1, content: EmptyByteBufBE)
GET /session/24ebd2eda8100a349a44fe5f939c5d15/element/99743051-01a2-4742-ad49-48e480d589a5/name HTTP/1.1
User-Agent: selenium/4.8.1 (java windows)
Cache-Control: no-cache
Content-Type: application/json; charset=utf-8
host: localhost:14072
accept: */*

Response DefaultHttpResponse(decodeResult: success, version: HTTP/1.1)
HTTP/1.1 200 OK
Content-Length: 18
Content-Type: application/json; charset=utf-8
cache-control: no-cache

10:40:02.644 [AsyncHttpClient-1-14] DEBUG org.asynchttpclient.netty.channel.ChannelManager - Adding key: http://localhost:14072 for channel [id: 0xb6993602, L:/127.0.0.1:55258 - R:localhost/127.0.0.1:14072]
10:40:02.644 [Forwarding getElementTagName on session 24ebd2eda8100a349a44fe5f939c5d15 to remote] DEBUG org.asynchttpclient.netty.request.NettyRequestSender - Using pooled Channel '[id: 0xb6993602, L:/127.0.0.1:55258 - R:localhost/127.0.0.1:14072]' for 'GET' to 'http://localhost:14072/session/24ebd2eda8100a349a44fe5f939c5d15/element/99743051-01a2-4742-ad49-48e480d589a5/name'
10:40:02.644 [Forwarding getElementTagName on session 24ebd2eda8100a349a44fe5f939c5d15 to remote] DEBUG org.asynchttpclient.netty.request.NettyRequestSender - Using open Channel [id: 0xb6993602, L:/127.0.0.1:55258 - R:localhost/127.0.0.1:14072] for GET '/session/24ebd2eda8100a349a44fe5f939c5d15/element/99743051-01a2-4742-ad49-48e480d589a5/name'
10:40:02.648 [AsyncHttpClient-1-14] DEBUG org.asynchttpclient.netty.handler.HttpHandler - 

Request DefaultFullHttpRequest(decodeResult: success, version: HTTP/1.1, content: EmptyByteBufBE)
GET /session/24ebd2eda8100a349a44fe5f939c5d15/element/99743051-01a2-4742-ad49-48e480d589a5/name HTTP/1.1
User-Agent: selenium/4.8.1 (java windows)
Cache-Control: no-cache
Content-Type: application/json; charset=utf-8
host: localhost:14072
accept: */*

Response DefaultHttpResponse(decodeResult: success, version: HTTP/1.1)
HTTP/1.1 200 OK
Content-Length: 18
Content-Type: application/json; charset=utf-8
cache-control: no-cache

10:40:02.648 [AsyncHttpClient-1-14] DEBUG org.asynchttpclient.netty.channel.ChannelManager - Adding key: http://localhost:14072 for channel [id: 0xb6993602, L:/127.0.0.1:55258 - R:localhost/127.0.0.1:14072]
10:40:02.649 [Forwarding isElementEnabled on session 24ebd2eda8100a349a44fe5f939c5d15 to remote] DEBUG org.asynchttpclient.netty.request.NettyRequestSender - Using pooled Channel '[id: 0xb6993602, L:/127.0.0.1:55258 - R:localhost/127.0.0.1:14072]' for 'GET' to 'http://localhost:14072/session/24ebd2eda8100a349a44fe5f939c5d15/element/99743051-01a2-4742-ad49-48e480d589a5/enabled'
10:40:02.649 [Forwarding isElementEnabled on session 24ebd2eda8100a349a44fe5f939c5d15 to remote] DEBUG org.asynchttpclient.netty.request.NettyRequestSender - Using open Channel [id: 0xb6993602, L:/127.0.0.1:55258 - R:localhost/127.0.0.1:14072] for GET '/session/24ebd2eda8100a349a44fe5f939c5d15/element/99743051-01a2-4742-ad49-48e480d589a5/enabled'
10:40:02.655 [AsyncHttpClient-1-14] DEBUG org.asynchttpclient.netty.handler.HttpHandler - 

Request DefaultFullHttpRequest(decodeResult: success, version: HTTP/1.1, content: EmptyByteBufBE)
GET /session/24ebd2eda8100a349a44fe5f939c5d15/element/99743051-01a2-4742-ad49-48e480d589a5/enabled HTTP/1.1
User-Agent: selenium/4.8.1 (java windows)
Cache-Control: no-cache
Content-Type: application/json; charset=utf-8
host: localhost:14072
accept: */*

Response DefaultHttpResponse(decodeResult: success, version: HTTP/1.1)
HTTP/1.1 200 OK
Content-Length: 14
Content-Type: application/json; charset=utf-8
cache-control: no-cache

10:40:02.656 [AsyncHttpClient-1-14] DEBUG org.asynchttpclient.netty.channel.ChannelManager - Adding key: http://localhost:14072 for channel [id: 0xb6993602, L:/127.0.0.1:55258 - R:localhost/127.0.0.1:14072]
10:40:02.656 [Forwarding isElementEnabled on session 24ebd2eda8100a349a44fe5f939c5d15 to remote] DEBUG org.asynchttpclient.netty.request.NettyRequestSender - Using pooled Channel '[id: 0xb6993602, L:/127.0.0.1:55258 - R:localhost/127.0.0.1:14072]' for 'GET' to 'http://localhost:14072/session/24ebd2eda8100a349a44fe5f939c5d15/element/99743051-01a2-4742-ad49-48e480d589a5/enabled'
10:40:02.656 [Forwarding isElementEnabled on session 24ebd2eda8100a349a44fe5f939c5d15 to remote] DEBUG org.asynchttpclient.netty.request.NettyRequestSender - Using open Channel [id: 0xb6993602, L:/127.0.0.1:55258 - R:localhost/127.0.0.1:14072] for GET '/session/24ebd2eda8100a349a44fe5f939c5d15/element/99743051-01a2-4742-ad49-48e480d589a5/enabled'
10:40:02.661 [AsyncHttpClient-1-14] DEBUG org.asynchttpclient.netty.handler.HttpHandler - 

Request DefaultFullHttpRequest(decodeResult: success, version: HTTP/1.1, content: EmptyByteBufBE)
GET /session/24ebd2eda8100a349a44fe5f939c5d15/element/99743051-01a2-4742-ad49-48e480d589a5/enabled HTTP/1.1
User-Agent: selenium/4.8.1 (java windows)
Cache-Control: no-cache
Content-Type: application/json; charset=utf-8
host: localhost:14072
accept: */*

Response DefaultHttpResponse(decodeResult: success, version: HTTP/1.1)
HTTP/1.1 200 OK
Content-Length: 14
Content-Type: application/json; charset=utf-8
cache-control: no-cache

10:40:02.661 [AsyncHttpClient-1-14] DEBUG org.asynchttpclient.netty.channel.ChannelManager - Adding key: http://localhost:14072 for channel [id: 0xb6993602, L:/127.0.0.1:55258 - R:localhost/127.0.0.1:14072]
10:40:02.662 [Forwarding findElement on session 24ebd2eda8100a349a44fe5f939c5d15 to remote] DEBUG org.asynchttpclient.netty.request.NettyRequestSender - Using pooled Channel '[id: 0xb6993602, L:/127.0.0.1:55258 - R:localhost/127.0.0.1:14072]' for 'POST' to 'http://localhost:14072/session/24ebd2eda8100a349a44fe5f939c5d15/element'
10:40:02.662 [Forwarding findElement on session 24ebd2eda8100a349a44fe5f939c5d15 to remote] DEBUG org.asynchttpclient.netty.request.NettyRequestSender - Using open Channel [id: 0xb6993602, L:/127.0.0.1:55258 - R:localhost/127.0.0.1:14072] for POST '/session/24ebd2eda8100a349a44fe5f939c5d15/element'
10:40:02.668 [AsyncHttpClient-1-14] DEBUG org.asynchttpclient.netty.handler.HttpHandler - 

Request DefaultHttpRequest(decodeResult: success, version: HTTP/1.1)
POST /session/24ebd2eda8100a349a44fe5f939c5d15/element HTTP/1.1
User-Agent: selenium/4.8.1 (java windows)
Content-Length: 71
Content-Type: application/json; charset=utf-8
host: localhost:14072
accept: */*

Response DefaultHttpResponse(decodeResult: success, version: HTTP/1.1)
HTTP/1.1 200 OK
Content-Length: 88
Content-Type: application/json; charset=utf-8
cache-control: no-cache

10:40:02.668 [AsyncHttpClient-1-14] DEBUG org.asynchttpclient.netty.channel.ChannelManager - Adding key: http://localhost:14072 for channel [id: 0xb6993602, L:/127.0.0.1:55258 - R:localhost/127.0.0.1:14072]
10:40:02.669 [Forwarding clickElement on session 24ebd2eda8100a349a44fe5f939c5d15 to remote] DEBUG org.asynchttpclient.netty.request.NettyRequestSender - Using pooled Channel '[id: 0xb6993602, L:/127.0.0.1:55258 - R:localhost/127.0.0.1:14072]' for 'POST' to 'http://localhost:14072/session/24ebd2eda8100a349a44fe5f939c5d15/element/99743051-01a2-4742-ad49-48e480d589a5/click'
10:40:02.669 [Forwarding clickElement on session 24ebd2eda8100a349a44fe5f939c5d15 to remote] DEBUG org.asynchttpclient.netty.request.NettyRequestSender - Using open Channel [id: 0xb6993602, L:/127.0.0.1:55258 - R:localhost/127.0.0.1:14072] for POST '/session/24ebd2eda8100a349a44fe5f939c5d15/element/99743051-01a2-4742-ad49-48e480d589a5/click'
10:40:02.701 [AsyncHttpClient-1-14] DEBUG org.asynchttpclient.netty.handler.HttpHandler - 

Request DefaultHttpRequest(decodeResult: success, version: HTTP/1.1)
POST /session/24ebd2eda8100a349a44fe5f939c5d15/element/99743051-01a2-4742-ad49-48e480d589a5/click HTTP/1.1
User-Agent: selenium/4.8.1 (java windows)
Content-Length: 50
Content-Type: application/json; charset=utf-8
host: localhost:14072
accept: */*

Response DefaultHttpResponse(decodeResult: success, version: HTTP/1.1)
HTTP/1.1 200 OK
Content-Length: 14
Content-Type: application/json; charset=utf-8
cache-control: no-cache

10:40:02.701 [AsyncHttpClient-1-14] DEBUG org.asynchttpclient.netty.channel.ChannelManager - Adding key: http://localhost:14072 for channel [id: 0xb6993602, L:/127.0.0.1:55258 - R:localhost/127.0.0.1:14072]
10:40:02.705 [Forwarding getAlertText on session 24ebd2eda8100a349a44fe5f939c5d15 to remote] DEBUG org.asynchttpclient.netty.request.NettyRequestSender - Using pooled Channel '[id: 0xb6993602, L:/127.0.0.1:55258 - R:localhost/127.0.0.1:14072]' for 'GET' to 'http://localhost:14072/session/24ebd2eda8100a349a44fe5f939c5d15/alert/text'
10:40:02.705 [Forwarding getAlertText on session 24ebd2eda8100a349a44fe5f939c5d15 to remote] DEBUG org.asynchttpclient.netty.request.NettyRequestSender - Using open Channel [id: 0xb6993602, L:/127.0.0.1:55258 - R:localhost/127.0.0.1:14072] for GET '/session/24ebd2eda8100a349a44fe5f939c5d15/alert/text'
10:40:02.707 [AsyncHttpClient-1-14] DEBUG org.asynchttpclient.netty.handler.HttpHandler - 

Request DefaultFullHttpRequest(decodeResult: success, version: HTTP/1.1, content: EmptyByteBufBE)
GET /session/24ebd2eda8100a349a44fe5f939c5d15/alert/text HTTP/1.1
User-Agent: selenium/4.8.1 (java windows)
Cache-Control: no-cache
Content-Type: application/json; charset=utf-8
host: localhost:14072
accept: */*

Response DefaultHttpResponse(decodeResult: success, version: HTTP/1.1)
HTTP/1.1 404 Not Found
Content-Length: 836
Content-Type: application/json; charset=utf-8
cache-control: no-cache

10:40:02.707 [AsyncHttpClient-1-14] DEBUG org.asynchttpclient.netty.channel.ChannelManager - Adding key: http://localhost:14072 for channel [id: 0xb6993602, L:/127.0.0.1:55258 - R:localhost/127.0.0.1:14072]
10:40:02.708 [Forwarding getCurrentUrl on session 24ebd2eda8100a349a44fe5f939c5d15 to remote] DEBUG org.asynchttpclient.netty.request.NettyRequestSender - Using pooled Channel '[id: 0xb6993602, L:/127.0.0.1:55258 - R:localhost/127.0.0.1:14072]' for 'GET' to 'http://localhost:14072/session/24ebd2eda8100a349a44fe5f939c5d15/url'
10:40:02.708 [Forwarding getCurrentUrl on session 24ebd2eda8100a349a44fe5f939c5d15 to remote] DEBUG org.asynchttpclient.netty.request.NettyRequestSender - Using open Channel [id: 0xb6993602, L:/127.0.0.1:55258 - R:localhost/127.0.0.1:14072] for GET '/session/24ebd2eda8100a349a44fe5f939c5d15/url'
10:40:02.712 [AsyncHttpClient-1-14] DEBUG org.asynchttpclient.netty.handler.HttpHandler - 

Request DefaultFullHttpRequest(decodeResult: success, version: HTTP/1.1, content: EmptyByteBufBE)
GET /session/24ebd2eda8100a349a44fe5f939c5d15/url HTTP/1.1
User-Agent: selenium/4.8.1 (java windows)
Cache-Control: no-cache
Content-Type: application/json; charset=utf-8
host: localhost:14072
accept: */*

Response DefaultHttpResponse(decodeResult: success, version: HTTP/1.1)
HTTP/1.1 200 OK
Content-Length: 54
Content-Type: application/json; charset=utf-8
cache-control: no-cache

10:40:02.712 [AsyncHttpClient-1-14] DEBUG org.asynchttpclient.netty.channel.ChannelManager - Adding key: http://localhost:14072 for channel [id: 0xb6993602, L:/127.0.0.1:55258 - R:localhost/127.0.0.1:14072]
10:40:02.713 [Forwarding screenshot on session 24ebd2eda8100a349a44fe5f939c5d15 to remote] DEBUG org.asynchttpclient.netty.request.NettyRequestSender - Using pooled Channel '[id: 0xb6993602, L:/127.0.0.1:55258 - R:localhost/127.0.0.1:14072]' for 'GET' to 'http://localhost:14072/session/24ebd2eda8100a349a44fe5f939c5d15/screenshot'
10:40:02.713 [Forwarding screenshot on session 24ebd2eda8100a349a44fe5f939c5d15 to remote] DEBUG org.asynchttpclient.netty.request.NettyRequestSender - Using open Channel [id: 0xb6993602, L:/127.0.0.1:55258 - R:localhost/127.0.0.1:14072] for GET '/session/24ebd2eda8100a349a44fe5f939c5d15/screenshot'
10:40:02.797 [AsyncHttpClient-1-14] DEBUG org.asynchttpclient.netty.handler.HttpHandler - 

Request DefaultFullHttpRequest(decodeResult: success, version: HTTP/1.1, content: EmptyByteBufBE)
GET /session/24ebd2eda8100a349a44fe5f939c5d15/screenshot HTTP/1.1
User-Agent: selenium/4.8.1 (java windows)
Cache-Control: no-cache
Content-Type: application/json; charset=utf-8
host: localhost:14072
accept: */*

Response DefaultHttpResponse(decodeResult: success, version: HTTP/1.1)
HTTP/1.1 200 OK
Content-Length: 32024
Content-Type: application/json; charset=utf-8
cache-control: no-cache

10:40:02.797 [AsyncHttpClient-1-14] DEBUG org.asynchttpclient.netty.channel.ChannelManager - Adding key: http://localhost:14072 for channel [id: 0xb6993602, L:/127.0.0.1:55258 - R:localhost/127.0.0.1:14072]
10:40:02.798 [main] DEBUG net.serenitybdd.core.photography.Darkroom - Send negative for processing for target\site\serenity\19b3b2d693542478654bc8e30a22266cc07011737ac2c637c7dd8bc3674671ce.png
10:40:02.798 [main] DEBUG net.thucydides.core.steps.StepInterceptor - STEP DONE: ClickRegisterButton
  &amp#27;[32mWhen &amp#27;[0m&amp#27;[32mI click on the register button&amp#27;[0m       &amp#27;[90m# starter.stepdefinitions.RegisterSteps.ClickRegisterButton()&amp#27;[0m
10:40:02.799 [Darkroom Processing Line] DEBUG net.serenitybdd.core.photography.DarkroomProcessingLine - Processing screenshot image in /var/screenshots/screenshot-9903181309658746695
10:40:02.799 [Darkroom Processing Line] DEBUG net.serenitybdd.core.photography.DarkroomProcessingLine - Saving screenshot to target\site\serenity\19b3b2d693542478654bc8e30a22266cc07011737ac2c637c7dd8bc3674671ce.png
10:40:02.804 [Forwarding getPageSource on session 24ebd2eda8100a349a44fe5f939c5d15 to remote] DEBUG org.asynchttpclient.netty.request.NettyRequestSender - Using pooled Channel '[id: 0xb6993602, L:/127.0.0.1:55258 - R:localhost/127.0.0.1:14072]' for 'POST' to 'http://localhost:14072/session/24ebd2eda8100a349a44fe5f939c5d15/execute/sync'
10:40:02.804 [Forwarding getPageSource on session 24ebd2eda8100a349a44fe5f939c5d15 to remote] DEBUG org.asynchttpclient.netty.request.NettyRequestSender - Using open Channel [id: 0xb6993602, L:/127.0.0.1:55258 - R:localhost/127.0.0.1:14072] for POST '/session/24ebd2eda8100a349a44fe5f939c5d15/execute/sync'
10:40:02.809 [AsyncHttpClient-1-14] DEBUG org.asynchttpclient.netty.handler.HttpHandler - 

Request DefaultHttpRequest(decodeResult: success, version: HTTP/1.1)
POST /session/24ebd2eda8100a349a44fe5f939c5d15/execute/sync HTTP/1.1
User-Agent: selenium/4.8.1 (java windows)
Content-Length: 176
Content-Type: application/json; charset=utf-8
host: localhost:14072
accept: */*

Response DefaultHttpResponse(decodeResult: success, version: HTTP/1.1)
HTTP/1.1 200 OK
Content-Length: 22833
Content-Type: application/json; charset=utf-8
cache-control: no-cache

10:40:02.809 [AsyncHttpClient-1-14] DEBUG org.asynchttpclient.netty.channel.ChannelManager - Adding key: http://localhost:14072 for channel [id: 0xb6993602, L:/127.0.0.1:55258 - R:localhost/127.0.0.1:14072]
10:40:02.813 [Forwarding getCurrentUrl on session 24ebd2eda8100a349a44fe5f939c5d15 to remote] DEBUG org.asynchttpclient.netty.request.NettyRequestSender - Using pooled Channel '[id: 0xb6993602, L:/127.0.0.1:55258 - R:localhost/127.0.0.1:14072]' for 'GET' to 'http://localhost:14072/session/24ebd2eda8100a349a44fe5f939c5d15/url'
10:40:02.813 [Forwarding getCurrentUrl on session 24ebd2eda8100a349a44fe5f939c5d15 to remote] DEBUG org.asynchttpclient.netty.request.NettyRequestSender - Using open Channel [id: 0xb6993602, L:/127.0.0.1:55258 - R:localhost/127.0.0.1:14072] for GET '/session/24ebd2eda8100a349a44fe5f939c5d15/url'
10:40:02.816 [AsyncHttpClient-1-14] DEBUG org.asynchttpclient.netty.handler.HttpHandler - 

Request DefaultFullHttpRequest(decodeResult: success, version: HTTP/1.1, content: EmptyByteBufBE)
GET /session/24ebd2eda8100a349a44fe5f939c5d15/url HTTP/1.1
User-Agent: selenium/4.8.1 (java windows)
Cache-Control: no-cache
Content-Type: application/json; charset=utf-8
host: localhost:14072
accept: */*

Response DefaultHttpResponse(decodeResult: success, version: HTTP/1.1)
HTTP/1.1 200 OK
Content-Length: 54
Content-Type: application/json; charset=utf-8
cache-control: no-cache

10:40:02.816 [AsyncHttpClient-1-14] DEBUG org.asynchttpclient.netty.channel.ChannelManager - Adding key: http://localhost:14072 for channel [id: 0xb6993602, L:/127.0.0.1:55258 - R:localhost/127.0.0.1:14072]
10:40:02.827 [Forwarding getPageSource on session 24ebd2eda8100a349a44fe5f939c5d15 to remote] DEBUG org.asynchttpclient.netty.request.NettyRequestSender - Using pooled Channel '[id: 0xb6993602, L:/127.0.0.1:55258 - R:localhost/127.0.0.1:14072]' for 'POST' to 'http://localhost:14072/session/24ebd2eda8100a349a44fe5f939c5d15/execute/sync'
10:40:02.827 [Forwarding getPageSource on session 24ebd2eda8100a349a44fe5f939c5d15 to remote] DEBUG org.asynchttpclient.netty.request.NettyRequestSender - Using open Channel [id: 0xb6993602, L:/127.0.0.1:55258 - R:localhost/127.0.0.1:14072] for POST '/session/24ebd2eda8100a349a44fe5f939c5d15/execute/sync'
10:40:02.831 [AsyncHttpClient-1-14] DEBUG org.asynchttpclient.netty.handler.HttpHandler - 

Request DefaultHttpRequest(decodeResult: success, version: HTTP/1.1)
POST /session/24ebd2eda8100a349a44fe5f939c5d15/execute/sync HTTP/1.1
User-Agent: selenium/4.8.1 (java windows)
Content-Length: 176
Content-Type: application/json; charset=utf-8
host: localhost:14072
accept: */*

Response DefaultHttpResponse(decodeResult: success, version: HTTP/1.1)
HTTP/1.1 200 OK
Content-Length: 22833
Content-Type: application/json; charset=utf-8
cache-control: no-cache

10:40:02.831 [AsyncHttpClient-1-14] DEBUG org.asynchttpclient.netty.channel.ChannelManager - Adding key: http://localhost:14072 for channel [id: 0xb6993602, L:/127.0.0.1:55258 - R:localhost/127.0.0.1:14072]
10:40:02.832 [Forwarding getCurrentUrl on session 24ebd2eda8100a349a44fe5f939c5d15 to remote] DEBUG org.asynchttpclient.netty.request.NettyRequestSender - Using pooled Channel '[id: 0xb6993602, L:/127.0.0.1:55258 - R:localhost/127.0.0.1:14072]' for 'GET' to 'http://localhost:14072/session/24ebd2eda8100a349a44fe5f939c5d15/url'
10:40:02.832 [Forwarding getCurrentUrl on session 24ebd2eda8100a349a44fe5f939c5d15 to remote] DEBUG org.asynchttpclient.netty.request.NettyRequestSender - Using open Channel [id: 0xb6993602, L:/127.0.0.1:55258 - R:localhost/127.0.0.1:14072] for GET '/session/24ebd2eda8100a349a44fe5f939c5d15/url'
10:40:02.835 [AsyncHttpClient-1-14] DEBUG org.asynchttpclient.netty.handler.HttpHandler - 

Request DefaultFullHttpRequest(decodeResult: success, version: HTTP/1.1, content: EmptyByteBufBE)
GET /session/24ebd2eda8100a349a44fe5f939c5d15/url HTTP/1.1
User-Agent: selenium/4.8.1 (java windows)
Cache-Control: no-cache
Content-Type: application/json; charset=utf-8
host: localhost:14072
accept: */*

Response DefaultHttpResponse(decodeResult: success, version: HTTP/1.1)
HTTP/1.1 200 OK
Content-Length: 54
Content-Type: application/json; charset=utf-8
cache-control: no-cache

10:40:02.835 [AsyncHttpClient-1-14] DEBUG org.asynchttpclient.netty.channel.ChannelManager - Adding key: http://localhost:14072 for channel [id: 0xb6993602, L:/127.0.0.1:55258 - R:localhost/127.0.0.1:14072]
10:40:02.837 [main] DEBUG net.thucydides.core.steps.StepInterceptor - STARTING STEP: LoginSteps.alertContent - incorrectAlert
10:40:02.839 [Forwarding findElement on session 24ebd2eda8100a349a44fe5f939c5d15 to remote] DEBUG org.asynchttpclient.netty.request.NettyRequestSender - Using pooled Channel '[id: 0xb6993602, L:/127.0.0.1:55258 - R:localhost/127.0.0.1:14072]' for 'POST' to 'http://localhost:14072/session/24ebd2eda8100a349a44fe5f939c5d15/element'
10:40:02.839 [Forwarding findElement on session 24ebd2eda8100a349a44fe5f939c5d15 to remote] DEBUG org.asynchttpclient.netty.request.NettyRequestSender - Using open Channel [id: 0xb6993602, L:/127.0.0.1:55258 - R:localhost/127.0.0.1:14072] for POST '/session/24ebd2eda8100a349a44fe5f939c5d15/element'
10:40:03.095 [AsyncHttpClient-1-14] DEBUG org.asynchttpclient.netty.handler.HttpHandler - 

Request DefaultHttpRequest(decodeResult: success, version: HTTP/1.1)
POST /session/24ebd2eda8100a349a44fe5f939c5d15/element HTTP/1.1
User-Agent: selenium/4.8.1 (java windows)
Content-Length: 54
Content-Type: application/json; charset=utf-8
host: localhost:14072
accept: */*

Response DefaultHttpResponse(decodeResult: success, version: HTTP/1.1)
HTTP/1.1 200 OK
Content-Length: 88
Content-Type: application/json; charset=utf-8
cache-control: no-cache

10:40:03.095 [AsyncHttpClient-1-14] DEBUG org.asynchttpclient.netty.channel.ChannelManager - Adding key: http://localhost:14072 for channel [id: 0xb6993602, L:/127.0.0.1:55258 - R:localhost/127.0.0.1:14072]
10:40:03.097 [Forwarding isElementDisplayed on session 24ebd2eda8100a349a44fe5f939c5d15 to remote] DEBUG org.asynchttpclient.netty.request.NettyRequestSender - Using pooled Channel '[id: 0xb6993602, L:/127.0.0.1:55258 - R:localhost/127.0.0.1:14072]' for 'POST' to 'http://localhost:14072/session/24ebd2eda8100a349a44fe5f939c5d15/execute/sync'
10:40:03.097 [Forwarding isElementDisplayed on session 24ebd2eda8100a349a44fe5f939c5d15 to remote] DEBUG org.asynchttpclient.netty.request.NettyRequestSender - Using open Channel [id: 0xb6993602, L:/127.0.0.1:55258 - R:localhost/127.0.0.1:14072] for POST '/session/24ebd2eda8100a349a44fe5f939c5d15/execute/sync'
10:40:03.108 [AsyncHttpClient-1-14] DEBUG org.asynchttpclient.netty.handler.HttpHandler - 

Request DefaultHttpRequest(decodeResult: success, version: HTTP/1.1)
POST /session/24ebd2eda8100a349a44fe5f939c5d15/execute/sync HTTP/1.1
User-Agent: selenium/4.8.1 (java windows)
Content-Length: 48807
Content-Type: application/json; charset=utf-8
host: localhost:14072
accept: */*

Response DefaultHttpResponse(decodeResult: success, version: HTTP/1.1)
HTTP/1.1 200 OK
Content-Length: 14
Content-Type: application/json; charset=utf-8
cache-control: no-cache

10:40:03.108 [AsyncHttpClient-1-14] DEBUG org.asynchttpclient.netty.channel.ChannelManager - Adding key: http://localhost:14072 for channel [id: 0xb6993602, L:/127.0.0.1:55258 - R:localhost/127.0.0.1:14072]
10:40:03.112 [Forwarding getAlertText on session 24ebd2eda8100a349a44fe5f939c5d15 to remote] DEBUG org.asynchttpclient.netty.request.NettyRequestSender - Using pooled Channel '[id: 0xb6993602, L:/127.0.0.1:55258 - R:localhost/127.0.0.1:14072]' for 'GET' to 'http://localhost:14072/session/24ebd2eda8100a349a44fe5f939c5d15/alert/text'
10:40:03.112 [Forwarding getAlertText on session 24ebd2eda8100a349a44fe5f939c5d15 to remote] DEBUG org.asynchttpclient.netty.request.NettyRequestSender - Using open Channel [id: 0xb6993602, L:/127.0.0.1:55258 - R:localhost/127.0.0.1:14072] for GET '/session/24ebd2eda8100a349a44fe5f939c5d15/alert/text'
10:40:03.113 [AsyncHttpClient-1-14] DEBUG org.asynchttpclient.netty.handler.HttpHandler - 

Request DefaultFullHttpRequest(decodeResult: success, version: HTTP/1.1, content: EmptyByteBufBE)
GET /session/24ebd2eda8100a349a44fe5f939c5d15/alert/text HTTP/1.1
User-Agent: selenium/4.8.1 (java windows)
Cache-Control: no-cache
Content-Type: application/json; charset=utf-8
host: localhost:14072
accept: */*

Response DefaultHttpResponse(decodeResult: success, version: HTTP/1.1)
HTTP/1.1 404 Not Found
Content-Length: 836
Content-Type: application/json; charset=utf-8
cache-control: no-cache

10:40:03.113 [AsyncHttpClient-1-14] DEBUG org.asynchttpclient.netty.channel.ChannelManager - Adding key: http://localhost:14072 for channel [id: 0xb6993602, L:/127.0.0.1:55258 - R:localhost/127.0.0.1:14072]
10:40:03.114 [Forwarding getCurrentUrl on session 24ebd2eda8100a349a44fe5f939c5d15 to remote] DEBUG org.asynchttpclient.netty.request.NettyRequestSender - Using pooled Channel '[id: 0xb6993602, L:/127.0.0.1:55258 - R:localhost/127.0.0.1:14072]' for 'GET' to 'http://localhost:14072/session/24ebd2eda8100a349a44fe5f939c5d15/url'
10:40:03.114 [Forwarding getCurrentUrl on session 24ebd2eda8100a349a44fe5f939c5d15 to remote] DEBUG org.asynchttpclient.netty.request.NettyRequestSender - Using open Channel [id: 0xb6993602, L:/127.0.0.1:55258 - R:localhost/127.0.0.1:14072] for GET '/session/24ebd2eda8100a349a44fe5f939c5d15/url'
10:40:03.116 [AsyncHttpClient-1-14] DEBUG org.asynchttpclient.netty.handler.HttpHandler - 

Request DefaultFullHttpRequest(decodeResult: success, version: HTTP/1.1, content: EmptyByteBufBE)
GET /session/24ebd2eda8100a349a44fe5f939c5d15/url HTTP/1.1
User-Agent: selenium/4.8.1 (java windows)
Cache-Control: no-cache
Content-Type: application/json; charset=utf-8
host: localhost:14072
accept: */*

Response DefaultHttpResponse(decodeResult: success, version: HTTP/1.1)
HTTP/1.1 200 OK
Content-Length: 54
Content-Type: application/json; charset=utf-8
cache-control: no-cache

10:40:03.116 [AsyncHttpClient-1-14] DEBUG org.asynchttpclient.netty.channel.ChannelManager - Adding key: http://localhost:14072 for channel [id: 0xb6993602, L:/127.0.0.1:55258 - R:localhost/127.0.0.1:14072]
10:40:03.117 [Forwarding screenshot on session 24ebd2eda8100a349a44fe5f939c5d15 to remote] DEBUG org.asynchttpclient.netty.request.NettyRequestSender - Using pooled Channel '[id: 0xb6993602, L:/127.0.0.1:55258 - R:localhost/127.0.0.1:14072]' for 'GET' to 'http://localhost:14072/session/24ebd2eda8100a349a44fe5f939c5d15/screenshot'
10:40:03.117 [Forwarding screenshot on session 24ebd2eda8100a349a44fe5f939c5d15 to remote] DEBUG org.asynchttpclient.netty.request.NettyRequestSender - Using open Channel [id: 0xb6993602, L:/127.0.0.1:55258 - R:localhost/127.0.0.1:14072] for GET '/session/24ebd2eda8100a349a44fe5f939c5d15/screenshot'
10:40:03.203 [AsyncHttpClient-1-14] DEBUG org.asynchttpclient.netty.handler.HttpHandler - 

Request DefaultFullHttpRequest(decodeResult: success, version: HTTP/1.1, content: EmptyByteBufBE)
GET /session/24ebd2eda8100a349a44fe5f939c5d15/screenshot HTTP/1.1
User-Agent: selenium/4.8.1 (java windows)
Cache-Control: no-cache
Content-Type: application/json; charset=utf-8
host: localhost:14072
accept: */*

Response DefaultHttpResponse(decodeResult: success, version: HTTP/1.1)
HTTP/1.1 200 OK
Content-Length: 32740
Content-Type: application/json; charset=utf-8
cache-control: no-cache

10:40:03.203 [AsyncHttpClient-1-14] DEBUG org.asynchttpclient.netty.channel.ChannelManager - Adding key: http://localhost:14072 for channel [id: 0xb6993602, L:/127.0.0.1:55258 - R:localhost/127.0.0.1:14072]
10:40:03.204 [main] DEBUG net.serenitybdd.core.photography.Darkroom - Send negative for processing for target\site\serenity\30f209c2e7389ac5817ac5e65cb79e7d3447287b8b3bc12e794ceb3fe1a11092.png
10:40:03.204 [main] DEBUG net.thucydides.core.steps.StepInterceptor - STEP DONE: incorrectAlert
  &amp#27;[32mThen &amp#27;[0m&amp#27;[32mI should see the error message&amp#27;[0m       &amp#27;[90m# starter.stepdefinitions.LoginSteps.alertContent()&amp#27;[0m
10:40:03.204 [Darkroom Processing Line] DEBUG net.serenitybdd.core.photography.DarkroomProcessingLine - Processing screenshot image in /var/screenshots/screenshot-6724938406040639329
10:40:03.204 [Darkroom Processing Line] DEBUG net.serenitybdd.core.photography.DarkroomProcessingLine - Saving screenshot to target\site\serenity\30f209c2e7389ac5817ac5e65cb79e7d3447287b8b3bc12e794ceb3fe1a11092.png
10:40:03.208 [main] INFO  - 
  _____   ___   ___   _____     ___     _     ___   ___   ___   ___  
 |_   _| | __| / __| |_   _|   | _ \   /_\   / __| / __| | __| |   \ 
   | |   | _|  \__ \   | |     |  _/  / _ \  \__ \ \__ \ | _|  | |) |
   |_|   |___| |___/   |_|     |_|   /_/ \_\ |___/ |___/ |___| |___/ 

Register with existed email
----------------------------------------------------------------------
10:40:03.209 [Driver Command Executor] DEBUG org.asynchttpclient.netty.request.NettyRequestSender - Using pooled Channel '[id: 0xb6993602, L:/127.0.0.1:55258 - R:localhost/127.0.0.1:14072]' for 'DELETE' to 'http://localhost:14072/session/24ebd2eda8100a349a44fe5f939c5d15'
10:40:03.209 [AsyncHttpClient-1-16] DEBUG org.asynchttpclient.netty.handler.WebSocketHandler - Channel Closed: [id: 0xe916a628, L:/127.0.0.1:55265 ! R:localhost/127.0.0.1:55259] with attribute NettyResponseFuture{currentRetry=0,
	isDone=1,
	isCancelled=0,
	asyncHandler=org.asynchttpclient.ws.WebSocketUpgradeHandler@442f9f90,
	nettyRequest=org.asynchttpclient.netty.request.NettyRequest@12d0971,
	future=java.util.concurrent.CompletableFuture@70ac9d40[Completed normally],
	uri=ws://localhost:55259/devtools/browser/9a820bb8-7565-4c20-9104-9822e22b522c,
	keepAlive=true,
	redirectCount=0,
	timeoutsHolder=null,
	inAuth=0,
	touch=1683430800630}
10:40:03.210 [Driver Command Executor] DEBUG org.asynchttpclient.netty.request.NettyRequestSender - Using open Channel [id: 0xb6993602, L:/127.0.0.1:55258 - R:localhost/127.0.0.1:14072] for DELETE '/session/24ebd2eda8100a349a44fe5f939c5d15'
10:40:03.210 [AsyncHttpClient-1-16] DEBUG org.asynchttpclient.netty.channel.ChannelManager - Closing Channel [id: 0xe916a628, L:/127.0.0.1:55265 ! R:localhost/127.0.0.1:55259] 
10:40:03.259 [AsyncHttpClient-1-15] DEBUG org.asynchttpclient.netty.handler.HttpHandler - Unexpected I/O exception on channel [id: 0xa1982bf6, L:/127.0.0.1:55264 - R:localhost/127.0.0.1:55259]
java.net.SocketException: Connection reset
	at java.base/sun.nio.ch.SocketChannelImpl.throwConnectionReset(SocketChannelImpl.java:367)
	at java.base/sun.nio.ch.SocketChannelImpl.read(SocketChannelImpl.java:398)
	at io.netty.buffer.PooledByteBuf.setBytes(PooledByteBuf.java:259)
	at io.netty.buffer.AbstractByteBuf.writeBytes(AbstractByteBuf.java:1132)
	at io.netty.channel.socket.nio.NioSocketChannel.doReadBytes(NioSocketChannel.java:357)
	at io.netty.channel.nio.AbstractNioByteChannel$NioByteUnsafe.read(AbstractNioByteChannel.java:151)
	at io.netty.channel.nio.NioEventLoop.processSelectedKey(NioEventLoop.java:788)
	at io.netty.channel.nio.NioEventLoop.processSelectedKeysOptimized(NioEventLoop.java:724)
	at io.netty.channel.nio.NioEventLoop.processSelectedKeys(NioEventLoop.java:650)
	at io.netty.channel.nio.NioEventLoop.run(NioEventLoop.java:562)
	at io.netty.util.concurrent.SingleThreadEventExecutor$4.run(SingleThreadEventExecutor.java:997)
	at io.netty.util.internal.ThreadExecutorMap$2.run(ThreadExecutorMap.java:74)
	at io.netty.util.concurrent.FastThreadLocalRunnable.run(FastThreadLocalRunnable.java:30)
	at java.base/java.lang.Thread.run(Thread.java:832)
10:40:03.259 [AsyncHttpClient-1-15] DEBUG org.asynchttpclient.netty.channel.ChannelManager - Closing Channel [id: 0xa1982bf6, L:/127.0.0.1:55264 - R:localhost/127.0.0.1:55259] 
10:40:03.259 [AsyncHttpClient-1-15] DEBUG org.asynchttpclient.netty.handler.HttpHandler - Channel Closed: [id: 0xa1982bf6, L:/127.0.0.1:55264 ! R:localhost/127.0.0.1:55259] with attribute DISCARD
10:40:03.272 [AsyncHttpClient-1-14] DEBUG org.asynchttpclient.netty.handler.HttpHandler - 

Request DefaultFullHttpRequest(decodeResult: success, version: HTTP/1.1, content: EmptyByteBufBE)
DELETE /session/24ebd2eda8100a349a44fe5f939c5d15 HTTP/1.1
User-Agent: selenium/4.8.1 (java windows)
Content-Type: application/json; charset=utf-8
host: localhost:14072
accept: */*

Response DefaultHttpResponse(decodeResult: success, version: HTTP/1.1)
HTTP/1.1 200 OK
Content-Length: 14
Content-Type: application/json; charset=utf-8
cache-control: no-cache

10:40:03.272 [AsyncHttpClient-1-14] DEBUG org.asynchttpclient.netty.channel.ChannelManager - Adding key: http://localhost:14072 for channel [id: 0xb6993602, L:/127.0.0.1:55258 - R:localhost/127.0.0.1:14072]
10:40:03.301 [AsyncHttpClient-1-1] DEBUG org.asynchttpclient.netty.channel.DefaultChannelPool - Entry count for : http://localhost:14072 : 1
10:40:03.303 [AsyncHttpClient-1-1] DEBUG org.asynchttpclient.netty.channel.DefaultChannelPool - Entry count for : http://localhost:55259 : 1
10:40:03.304 [AsyncHttpClient-1-1] DEBUG org.asynchttpclient.netty.channel.DefaultChannelPool - Adding Candidate expired Channel [id: 0xa1982bf6, L:/127.0.0.1:55264 ! R:localhost/127.0.0.1:55259] isIdleTimeoutExpired=false isRemotelyClosed=true isTtlExpired=false
10:40:03.304 [AsyncHttpClient-1-1] DEBUG org.asynchttpclient.netty.channel.DefaultChannelPool - Closing Idle Channel [id: 0xa1982bf6, L:/127.0.0.1:55264 ! R:localhost/127.0.0.1:55259]
10:40:03.304 [AsyncHttpClient-1-1] DEBUG org.asynchttpclient.netty.channel.DefaultChannelPool - Closed 1 connections out of 2 in 1 ms
10:40:03.402 [AsyncHttpClient-1-14] DEBUG org.asynchttpclient.netty.handler.HttpHandler - Channel Closed: [id: 0xb6993602, L:/127.0.0.1:55258 ! R:localhost/127.0.0.1:14072] with attribute DISCARD
]]></system-out>
    <system-err><![CDATA[Starting ChromeDriver 111.0.5563.64 (c710e93d5b63b7095afe8c2c17df34408078439d-refs/branch-heads/5563@{#995}) on port 14072
Only local connections are allowed.
Please see https://chromedriver.chromium.org/security-considerations for suggestions on keeping ChromeDriver safe.
ChromeDriver was started successfully.
[1683430800.608][WARNING]: This version of ChromeDriver has not been tested with Chrome version 112.
May 07, 2023 10:40:00 AM org.openqa.selenium.devtools.CdpVersionFinder findNearestMatch
WARNING: Unable to find an exact match for CDP version 112, so returning the closest version found: 110
]]></system-err>
  </testcase>
  <testcase name="Login with correct credentials" classname="Login to Alta-shop Account" time="4.257">
    <system-out><![CDATA[10:40:03.930 [main] DEBUG io.cucumber.core.plugin.SerenityReporter - Running feature from file:///C:/Users/WINDOWS%2010/Documents/GitHub/MiniProject_QE/Web/code/minpro/src/test/resources/features/2.%20Login.feature
10:40:03.933 [main] DEBUG net.thucydides.core.steps.StepEventBus - Test suite started for story net.thucydides.core.model.Story@dffa83ad
10:40:03.934 [main] INFO  - Test Suite Started: Login to Alta-shop Account

Scenario: Login with correct credentials                &amp#27;[90m# src/test/resources/features/2. Login.feature:7&amp#27;[0m
10:40:03.940 [main] DEBUG io.cucumber.core.plugin.SerenityReporter - Running feature from file:///C:/Users/WINDOWS%2010/Documents/GitHub/MiniProject_QE/Web/code/minpro/src/test/resources/features/2.%20Login.feature
10:40:03.942 [main] INFO  - 
  _____   ___   ___   _____     ___   _____     _     ___   _____   ___   ___  
 |_   _| | __| / __| |_   _|   / __| |_   _|   /_\   | _ \ |_   _| | __| |   \ 
   | |   | _|  \__ \   | |     \__ \   | |    / _ \  |   /   | |   | _|  | |) |
   |_|   |___| |___/   |_|     |___/   |_|   /_/ \_\ |_|_\   |_|   |___| |___/ 

Login with correct credentials(login-to-alta-shop-account;login-with-correct-credentials)
--------------------------------------------------------------------------------
10:40:03.954 [main] DEBUG net.thucydides.core.steps.StepInterceptor - STARTING STEP: LoginSteps.onTheLoginPage - openPage
10:40:03.982 [main] INFO net.serenitybdd.core.webdriver.driverproviders.ChromeDriverProvider - Starting Chrome driver instance with capabilities:
10:40:03.982 [main] INFO net.serenitybdd.core.webdriver.driverproviders.ChromeDriverProvider - Capabilities {acceptInsecureCerts: false, browserName: chrome, goog:chromeOptions: {args: [remote-allow-origins=*], extensions: []}}
10:40:04.044 [AsyncHttpClient-1-17] DEBUG org.asynchttpclient.netty.channel.NettyConnectListener - Using new Channel '[id: 0xf089ab23, L:/127.0.0.1:55289 - R:localhost/127.0.0.1:29565]' for 'POST' to '/session'
10:40:04.400 [AsyncHttpClient-1-1] DEBUG org.asynchttpclient.netty.channel.DefaultChannelPool - Entry count for : http://localhost:14072 : 1
10:40:04.400 [AsyncHttpClient-1-1] DEBUG org.asynchttpclient.netty.channel.DefaultChannelPool - Adding Candidate expired Channel [id: 0xb6993602, L:/127.0.0.1:55258 ! R:localhost/127.0.0.1:14072] isIdleTimeoutExpired=false isRemotelyClosed=true isTtlExpired=false
10:40:04.400 [AsyncHttpClient-1-1] DEBUG org.asynchttpclient.netty.channel.DefaultChannelPool - Closing Idle Channel [id: 0xb6993602, L:/127.0.0.1:55258 ! R:localhost/127.0.0.1:14072]
10:40:04.400 [AsyncHttpClient-1-1] DEBUG org.asynchttpclient.netty.channel.DefaultChannelPool - Closed 1 connections out of 1 in 0 ms
10:40:04.628 [AsyncHttpClient-1-17] DEBUG org.asynchttpclient.netty.handler.HttpHandler - 

Request DefaultHttpRequest(decodeResult: success, version: HTTP/1.1)
POST /session HTTP/1.1
User-Agent: selenium/4.8.1 (java windows)
Content-Length: 507
Content-Type: application/json; charset=utf-8
host: localhost:29565
accept: */*

Response DefaultHttpResponse(decodeResult: success, version: HTTP/1.1)
HTTP/1.1 200 OK
Content-Length: 863
Content-Type: application/json; charset=utf-8
cache-control: no-cache

10:40:04.628 [AsyncHttpClient-1-17] DEBUG org.asynchttpclient.netty.channel.ChannelManager - Adding key: http://localhost:29565 for channel [id: 0xf089ab23, L:/127.0.0.1:55289 - R:localhost/127.0.0.1:29565]
10:40:04.633 [AsyncHttpClient-1-18] DEBUG org.asynchttpclient.netty.channel.NettyConnectListener - Using new Channel '[id: 0x5ce6efbf, L:/127.0.0.1:55297 - R:localhost/127.0.0.1:55290]' for 'GET' to '/json/version'
10:40:04.635 [AsyncHttpClient-1-18] DEBUG org.asynchttpclient.netty.handler.HttpHandler - 

Request DefaultFullHttpRequest(decodeResult: success, version: HTTP/1.1, content: EmptyByteBufBE)
GET /json/version HTTP/1.1
User-Agent: selenium/4.8.1 (java windows)
host: localhost:55290
accept: */*

Response DefaultHttpResponse(decodeResult: success, version: HTTP/1.1)
HTTP/1.1 200 OK
Content-Security-Policy: frame-ancestors 'none'
Content-Length: 424
Content-Type: application/json; charset=UTF-8

10:40:04.635 [AsyncHttpClient-1-18] DEBUG org.asynchttpclient.netty.channel.ChannelManager - Adding key: http://localhost:55290 for channel [id: 0x5ce6efbf, L:/127.0.0.1:55297 - R:localhost/127.0.0.1:55290]
10:40:04.637 [AsyncHttpClient-1-19] DEBUG org.asynchttpclient.netty.channel.NettyConnectListener - Using new Channel '[id: 0xadbd0c85, L:/127.0.0.1:55298 - R:localhost/127.0.0.1:55290]' for 'GET' to '/devtools/browser/55966a9a-46df-4a86-a09c-325dfa88dfb1'
10:40:04.640 [AsyncHttpClient-1-19] DEBUG org.asynchttpclient.netty.handler.WebSocketHandler - 

Request DefaultFullHttpRequest(decodeResult: success, version: HTTP/1.1, content: EmptyByteBufBE)
GET /devtools/browser/55966a9a-46df-4a86-a09c-325dfa88dfb1 HTTP/1.1
upgrade: websocket
connection: upgrade
sec-websocket-key: gHGHIM4V0QfpwbvlNv3l/A==
sec-websocket-version: 13
origin: http://localhost:55290
host: localhost:55290
accept: */*
user-agent: AHC/2.1

Response DefaultHttpResponse(decodeResult: success, version: HTTP/1.1)
HTTP/1.1 101 WebSocket Protocol Handshake
Upgrade: WebSocket
Connection: Upgrade
Sec-WebSocket-Accept: cB0AlCYCj7VH4I+cNhE95Jt8CAE=

10:40:04.642 [Forwarding get on session 453fb8f6459d1e3bb57227e15196cd17 to remote] DEBUG org.asynchttpclient.netty.request.NettyRequestSender - Using pooled Channel '[id: 0xf089ab23, L:/127.0.0.1:55289 - R:localhost/127.0.0.1:29565]' for 'POST' to 'http://localhost:29565/session/453fb8f6459d1e3bb57227e15196cd17/url'
10:40:04.642 [Forwarding get on session 453fb8f6459d1e3bb57227e15196cd17 to remote] DEBUG org.asynchttpclient.netty.request.NettyRequestSender - Using open Channel [id: 0xf089ab23, L:/127.0.0.1:55289 - R:localhost/127.0.0.1:29565] for POST '/session/453fb8f6459d1e3bb57227e15196cd17/url'
10:40:05.499 [AsyncHttpClient-1-1] DEBUG org.asynchttpclient.netty.channel.DefaultChannelPool - Entry count for : http://localhost:55290 : 1
10:40:05.969 [AsyncHttpClient-1-17] DEBUG org.asynchttpclient.netty.handler.HttpHandler - 

Request DefaultHttpRequest(decodeResult: success, version: HTTP/1.1)
POST /session/453fb8f6459d1e3bb57227e15196cd17/url HTTP/1.1
User-Agent: selenium/4.8.1 (java windows)
Content-Length: 74
Content-Type: application/json; charset=utf-8
host: localhost:29565
accept: */*

Response DefaultHttpResponse(decodeResult: success, version: HTTP/1.1)
HTTP/1.1 200 OK
Content-Length: 14
Content-Type: application/json; charset=utf-8
cache-control: no-cache

10:40:05.970 [AsyncHttpClient-1-17] DEBUG org.asynchttpclient.netty.channel.ChannelManager - Adding key: http://localhost:29565 for channel [id: 0xf089ab23, L:/127.0.0.1:55289 - R:localhost/127.0.0.1:29565]
10:40:05.971 [Forwarding setTimeout on session 453fb8f6459d1e3bb57227e15196cd17 to remote] DEBUG org.asynchttpclient.netty.request.NettyRequestSender - Using pooled Channel '[id: 0xf089ab23, L:/127.0.0.1:55289 - R:localhost/127.0.0.1:29565]' for 'POST' to 'http://localhost:29565/session/453fb8f6459d1e3bb57227e15196cd17/timeouts'
10:40:05.971 [Forwarding setTimeout on session 453fb8f6459d1e3bb57227e15196cd17 to remote] DEBUG org.asynchttpclient.netty.request.NettyRequestSender - Using open Channel [id: 0xf089ab23, L:/127.0.0.1:55289 - R:localhost/127.0.0.1:29565] for POST '/session/453fb8f6459d1e3bb57227e15196cd17/timeouts'
10:40:05.972 [AsyncHttpClient-1-17] DEBUG org.asynchttpclient.netty.handler.HttpHandler - 

Request DefaultHttpRequest(decodeResult: success, version: HTTP/1.1)
POST /session/453fb8f6459d1e3bb57227e15196cd17/timeouts HTTP/1.1
User-Agent: selenium/4.8.1 (java windows)
Content-Length: 22
Content-Type: application/json; charset=utf-8
host: localhost:29565
accept: */*

Response DefaultHttpResponse(decodeResult: success, version: HTTP/1.1)
HTTP/1.1 200 OK
Content-Length: 14
Content-Type: application/json; charset=utf-8
cache-control: no-cache

10:40:05.972 [AsyncHttpClient-1-17] DEBUG org.asynchttpclient.netty.channel.ChannelManager - Adding key: http://localhost:29565 for channel [id: 0xf089ab23, L:/127.0.0.1:55289 - R:localhost/127.0.0.1:29565]
10:40:05.976 [main] DEBUG net.serenitybdd.core.photography.Darkroom - Opening darkroom
10:40:05.976 [Darkroom Processing Line] DEBUG net.serenitybdd.core.photography.DarkroomProcessingLine - Darkroom processing line starting up
10:40:05.977 [Forwarding getAlertText on session 453fb8f6459d1e3bb57227e15196cd17 to remote] DEBUG org.asynchttpclient.netty.request.NettyRequestSender - Using pooled Channel '[id: 0xf089ab23, L:/127.0.0.1:55289 - R:localhost/127.0.0.1:29565]' for 'GET' to 'http://localhost:29565/session/453fb8f6459d1e3bb57227e15196cd17/alert/text'
10:40:05.977 [Forwarding getAlertText on session 453fb8f6459d1e3bb57227e15196cd17 to remote] DEBUG org.asynchttpclient.netty.request.NettyRequestSender - Using open Channel [id: 0xf089ab23, L:/127.0.0.1:55289 - R:localhost/127.0.0.1:29565] for GET '/session/453fb8f6459d1e3bb57227e15196cd17/alert/text'
10:40:05.978 [AsyncHttpClient-1-17] DEBUG org.asynchttpclient.netty.handler.HttpHandler - 

Request DefaultFullHttpRequest(decodeResult: success, version: HTTP/1.1, content: EmptyByteBufBE)
GET /session/453fb8f6459d1e3bb57227e15196cd17/alert/text HTTP/1.1
User-Agent: selenium/4.8.1 (java windows)
Cache-Control: no-cache
Content-Type: application/json; charset=utf-8
host: localhost:29565
accept: */*

Response DefaultHttpResponse(decodeResult: success, version: HTTP/1.1)
HTTP/1.1 404 Not Found
Content-Length: 836
Content-Type: application/json; charset=utf-8
cache-control: no-cache

10:40:05.978 [AsyncHttpClient-1-17] DEBUG org.asynchttpclient.netty.channel.ChannelManager - Adding key: http://localhost:29565 for channel [id: 0xf089ab23, L:/127.0.0.1:55289 - R:localhost/127.0.0.1:29565]
10:40:05.979 [Forwarding getCurrentUrl on session 453fb8f6459d1e3bb57227e15196cd17 to remote] DEBUG org.asynchttpclient.netty.request.NettyRequestSender - Using pooled Channel '[id: 0xf089ab23, L:/127.0.0.1:55289 - R:localhost/127.0.0.1:29565]' for 'GET' to 'http://localhost:29565/session/453fb8f6459d1e3bb57227e15196cd17/url'
10:40:05.979 [Forwarding getCurrentUrl on session 453fb8f6459d1e3bb57227e15196cd17 to remote] DEBUG org.asynchttpclient.netty.request.NettyRequestSender - Using open Channel [id: 0xf089ab23, L:/127.0.0.1:55289 - R:localhost/127.0.0.1:29565] for GET '/session/453fb8f6459d1e3bb57227e15196cd17/url'
10:40:05.982 [AsyncHttpClient-1-17] DEBUG org.asynchttpclient.netty.handler.HttpHandler - 

Request DefaultFullHttpRequest(decodeResult: success, version: HTTP/1.1, content: EmptyByteBufBE)
GET /session/453fb8f6459d1e3bb57227e15196cd17/url HTTP/1.1
User-Agent: selenium/4.8.1 (java windows)
Cache-Control: no-cache
Content-Type: application/json; charset=utf-8
host: localhost:29565
accept: */*

Response DefaultHttpResponse(decodeResult: success, version: HTTP/1.1)
HTTP/1.1 200 OK
Content-Length: 51
Content-Type: application/json; charset=utf-8
cache-control: no-cache

10:40:05.983 [AsyncHttpClient-1-17] DEBUG org.asynchttpclient.netty.channel.ChannelManager - Adding key: http://localhost:29565 for channel [id: 0xf089ab23, L:/127.0.0.1:55289 - R:localhost/127.0.0.1:29565]
10:40:05.983 [Forwarding screenshot on session 453fb8f6459d1e3bb57227e15196cd17 to remote] DEBUG org.asynchttpclient.netty.request.NettyRequestSender - Using pooled Channel '[id: 0xf089ab23, L:/127.0.0.1:55289 - R:localhost/127.0.0.1:29565]' for 'GET' to 'http://localhost:29565/session/453fb8f6459d1e3bb57227e15196cd17/screenshot'
10:40:05.983 [Forwarding screenshot on session 453fb8f6459d1e3bb57227e15196cd17 to remote] DEBUG org.asynchttpclient.netty.request.NettyRequestSender - Using open Channel [id: 0xf089ab23, L:/127.0.0.1:55289 - R:localhost/127.0.0.1:29565] for GET '/session/453fb8f6459d1e3bb57227e15196cd17/screenshot'
10:40:06.056 [AsyncHttpClient-1-17] DEBUG org.asynchttpclient.netty.handler.HttpHandler - 

Request DefaultFullHttpRequest(decodeResult: success, version: HTTP/1.1, content: EmptyByteBufBE)
GET /session/453fb8f6459d1e3bb57227e15196cd17/screenshot HTTP/1.1
User-Agent: selenium/4.8.1 (java windows)
Cache-Control: no-cache
Content-Type: application/json; charset=utf-8
host: localhost:29565
accept: */*

Response DefaultHttpResponse(decodeResult: success, version: HTTP/1.1)
HTTP/1.1 200 OK
Content-Length: 25208
Content-Type: application/json; charset=utf-8
cache-control: no-cache

10:40:06.056 [AsyncHttpClient-1-17] DEBUG org.asynchttpclient.netty.channel.ChannelManager - Adding key: http://localhost:29565 for channel [id: 0xf089ab23, L:/127.0.0.1:55289 - R:localhost/127.0.0.1:29565]
10:40:06.057 [main] DEBUG net.serenitybdd.core.photography.Darkroom - Send negative for processing for target\site\serenity\edb14d4aab401efa0e4fb99861e6ffcafebc86a67b69f7828890b9910ed2ddbd.png
10:40:06.058 [main] DEBUG net.thucydides.core.steps.StepInterceptor - STEP DONE: openPage
  &amp#27;[32mGiven &amp#27;[0m&amp#27;[32mI am on the alta-shop login page&amp#27;[0m                &amp#27;[90m# starter.stepdefinitions.LoginSteps.onTheLoginPage()&amp#27;[0m
10:40:06.064 [Forwarding getPageSource on session 453fb8f6459d1e3bb57227e15196cd17 to remote] DEBUG org.asynchttpclient.netty.request.NettyRequestSender - Using pooled Channel '[id: 0xf089ab23, L:/127.0.0.1:55289 - R:localhost/127.0.0.1:29565]' for 'POST' to 'http://localhost:29565/session/453fb8f6459d1e3bb57227e15196cd17/execute/sync'
10:40:06.064 [Forwarding getPageSource on session 453fb8f6459d1e3bb57227e15196cd17 to remote] DEBUG org.asynchttpclient.netty.request.NettyRequestSender - Using open Channel [id: 0xf089ab23, L:/127.0.0.1:55289 - R:localhost/127.0.0.1:29565] for POST '/session/453fb8f6459d1e3bb57227e15196cd17/execute/sync'
10:40:06.068 [AsyncHttpClient-1-17] DEBUG org.asynchttpclient.netty.handler.HttpHandler - 

Request DefaultHttpRequest(decodeResult: success, version: HTTP/1.1)
POST /session/453fb8f6459d1e3bb57227e15196cd17/execute/sync HTTP/1.1
User-Agent: selenium/4.8.1 (java windows)
Content-Length: 176
Content-Type: application/json; charset=utf-8
host: localhost:29565
accept: */*

Response DefaultHttpResponse(decodeResult: success, version: HTTP/1.1)
HTTP/1.1 200 OK
Content-Length: 21659
Content-Type: application/json; charset=utf-8
cache-control: no-cache

10:40:06.069 [AsyncHttpClient-1-17] DEBUG org.asynchttpclient.netty.channel.ChannelManager - Adding key: http://localhost:29565 for channel [id: 0xf089ab23, L:/127.0.0.1:55289 - R:localhost/127.0.0.1:29565]
10:40:06.070 [Forwarding getCurrentUrl on session 453fb8f6459d1e3bb57227e15196cd17 to remote] DEBUG org.asynchttpclient.netty.request.NettyRequestSender - Using pooled Channel '[id: 0xf089ab23, L:/127.0.0.1:55289 - R:localhost/127.0.0.1:29565]' for 'GET' to 'http://localhost:29565/session/453fb8f6459d1e3bb57227e15196cd17/url'
10:40:06.070 [Forwarding getCurrentUrl on session 453fb8f6459d1e3bb57227e15196cd17 to remote] DEBUG org.asynchttpclient.netty.request.NettyRequestSender - Using open Channel [id: 0xf089ab23, L:/127.0.0.1:55289 - R:localhost/127.0.0.1:29565] for GET '/session/453fb8f6459d1e3bb57227e15196cd17/url'
10:40:06.073 [AsyncHttpClient-1-17] DEBUG org.asynchttpclient.netty.handler.HttpHandler - 

Request DefaultFullHttpRequest(decodeResult: success, version: HTTP/1.1, content: EmptyByteBufBE)
GET /session/453fb8f6459d1e3bb57227e15196cd17/url HTTP/1.1
User-Agent: selenium/4.8.1 (java windows)
Cache-Control: no-cache
Content-Type: application/json; charset=utf-8
host: localhost:29565
accept: */*

Response DefaultHttpResponse(decodeResult: success, version: HTTP/1.1)
HTTP/1.1 200 OK
Content-Length: 51
Content-Type: application/json; charset=utf-8
cache-control: no-cache

10:40:06.073 [AsyncHttpClient-1-17] DEBUG org.asynchttpclient.netty.channel.ChannelManager - Adding key: http://localhost:29565 for channel [id: 0xf089ab23, L:/127.0.0.1:55289 - R:localhost/127.0.0.1:29565]
10:40:06.080 [Forwarding getPageSource on session 453fb8f6459d1e3bb57227e15196cd17 to remote] DEBUG org.asynchttpclient.netty.request.NettyRequestSender - Using pooled Channel '[id: 0xf089ab23, L:/127.0.0.1:55289 - R:localhost/127.0.0.1:29565]' for 'POST' to 'http://localhost:29565/session/453fb8f6459d1e3bb57227e15196cd17/execute/sync'
10:40:06.080 [Forwarding getPageSource on session 453fb8f6459d1e3bb57227e15196cd17 to remote] DEBUG org.asynchttpclient.netty.request.NettyRequestSender - Using open Channel [id: 0xf089ab23, L:/127.0.0.1:55289 - R:localhost/127.0.0.1:29565] for POST '/session/453fb8f6459d1e3bb57227e15196cd17/execute/sync'
10:40:06.084 [AsyncHttpClient-1-17] DEBUG org.asynchttpclient.netty.handler.HttpHandler - 

Request DefaultHttpRequest(decodeResult: success, version: HTTP/1.1)
POST /session/453fb8f6459d1e3bb57227e15196cd17/execute/sync HTTP/1.1
User-Agent: selenium/4.8.1 (java windows)
Content-Length: 176
Content-Type: application/json; charset=utf-8
host: localhost:29565
accept: */*

Response DefaultHttpResponse(decodeResult: success, version: HTTP/1.1)
HTTP/1.1 200 OK
Content-Length: 21659
Content-Type: application/json; charset=utf-8
cache-control: no-cache

10:40:06.084 [AsyncHttpClient-1-17] DEBUG org.asynchttpclient.netty.channel.ChannelManager - Adding key: http://localhost:29565 for channel [id: 0xf089ab23, L:/127.0.0.1:55289 - R:localhost/127.0.0.1:29565]
10:40:06.086 [Forwarding getCurrentUrl on session 453fb8f6459d1e3bb57227e15196cd17 to remote] DEBUG org.asynchttpclient.netty.request.NettyRequestSender - Using pooled Channel '[id: 0xf089ab23, L:/127.0.0.1:55289 - R:localhost/127.0.0.1:29565]' for 'GET' to 'http://localhost:29565/session/453fb8f6459d1e3bb57227e15196cd17/url'
10:40:06.086 [Forwarding getCurrentUrl on session 453fb8f6459d1e3bb57227e15196cd17 to remote] DEBUG org.asynchttpclient.netty.request.NettyRequestSender - Using open Channel [id: 0xf089ab23, L:/127.0.0.1:55289 - R:localhost/127.0.0.1:29565] for GET '/session/453fb8f6459d1e3bb57227e15196cd17/url'
10:40:06.089 [AsyncHttpClient-1-17] DEBUG org.asynchttpclient.netty.handler.HttpHandler - 

Request DefaultFullHttpRequest(decodeResult: success, version: HTTP/1.1, content: EmptyByteBufBE)
GET /session/453fb8f6459d1e3bb57227e15196cd17/url HTTP/1.1
User-Agent: selenium/4.8.1 (java windows)
Cache-Control: no-cache
Content-Type: application/json; charset=utf-8
host: localhost:29565
accept: */*

Response DefaultHttpResponse(decodeResult: success, version: HTTP/1.1)
HTTP/1.1 200 OK
Content-Length: 51
Content-Type: application/json; charset=utf-8
cache-control: no-cache

10:40:06.089 [AsyncHttpClient-1-17] DEBUG org.asynchttpclient.netty.channel.ChannelManager - Adding key: http://localhost:29565 for channel [id: 0xf089ab23, L:/127.0.0.1:55289 - R:localhost/127.0.0.1:29565]
10:40:06.091 [main] DEBUG net.thucydides.core.steps.StepInterceptor - STARTING STEP: LoginSteps.inputEmail - inputEmail
10:40:06.092 [Forwarding findElement on session 453fb8f6459d1e3bb57227e15196cd17 to remote] DEBUG org.asynchttpclient.netty.request.NettyRequestSender - Using pooled Channel '[id: 0xf089ab23, L:/127.0.0.1:55289 - R:localhost/127.0.0.1:29565]' for 'POST' to 'http://localhost:29565/session/453fb8f6459d1e3bb57227e15196cd17/element'
10:40:06.092 [Forwarding findElement on session 453fb8f6459d1e3bb57227e15196cd17 to remote] DEBUG org.asynchttpclient.netty.request.NettyRequestSender - Using open Channel [id: 0xf089ab23, L:/127.0.0.1:55289 - R:localhost/127.0.0.1:29565] for POST '/session/453fb8f6459d1e3bb57227e15196cd17/element'
10:40:06.100 [AsyncHttpClient-1-17] DEBUG org.asynchttpclient.netty.handler.HttpHandler - 

Request DefaultHttpRequest(decodeResult: success, version: HTTP/1.1)
POST /session/453fb8f6459d1e3bb57227e15196cd17/element HTTP/1.1
User-Agent: selenium/4.8.1 (java windows)
Content-Length: 55
Content-Type: application/json; charset=utf-8
host: localhost:29565
accept: */*

Response DefaultHttpResponse(decodeResult: success, version: HTTP/1.1)
HTTP/1.1 200 OK
Content-Length: 88
Content-Type: application/json; charset=utf-8
cache-control: no-cache

10:40:06.100 [AsyncHttpClient-1-17] DEBUG org.asynchttpclient.netty.channel.ChannelManager - Adding key: http://localhost:29565 for channel [id: 0xf089ab23, L:/127.0.0.1:55289 - R:localhost/127.0.0.1:29565]
10:40:06.101 [Forwarding clearElement on session 453fb8f6459d1e3bb57227e15196cd17 to remote] DEBUG org.asynchttpclient.netty.request.NettyRequestSender - Using pooled Channel '[id: 0xf089ab23, L:/127.0.0.1:55289 - R:localhost/127.0.0.1:29565]' for 'POST' to 'http://localhost:29565/session/453fb8f6459d1e3bb57227e15196cd17/element/73abc0eb-5b4e-4a27-911f-021d67d804f7/clear'
10:40:06.101 [Forwarding clearElement on session 453fb8f6459d1e3bb57227e15196cd17 to remote] DEBUG org.asynchttpclient.netty.request.NettyRequestSender - Using open Channel [id: 0xf089ab23, L:/127.0.0.1:55289 - R:localhost/127.0.0.1:29565] for POST '/session/453fb8f6459d1e3bb57227e15196cd17/element/73abc0eb-5b4e-4a27-911f-021d67d804f7/clear'
10:40:06.127 [AsyncHttpClient-1-17] DEBUG org.asynchttpclient.netty.handler.HttpHandler - 

Request DefaultHttpRequest(decodeResult: success, version: HTTP/1.1)
POST /session/453fb8f6459d1e3bb57227e15196cd17/element/73abc0eb-5b4e-4a27-911f-021d67d804f7/clear HTTP/1.1
User-Agent: selenium/4.8.1 (java windows)
Content-Length: 50
Content-Type: application/json; charset=utf-8
host: localhost:29565
accept: */*

Response DefaultHttpResponse(decodeResult: success, version: HTTP/1.1)
HTTP/1.1 200 OK
Content-Length: 14
Content-Type: application/json; charset=utf-8
cache-control: no-cache

10:40:06.127 [AsyncHttpClient-1-17] DEBUG org.asynchttpclient.netty.channel.ChannelManager - Adding key: http://localhost:29565 for channel [id: 0xf089ab23, L:/127.0.0.1:55289 - R:localhost/127.0.0.1:29565]
10:40:06.128 [Forwarding sendKeysToElement on session 453fb8f6459d1e3bb57227e15196cd17 to remote] DEBUG org.asynchttpclient.netty.request.NettyRequestSender - Using pooled Channel '[id: 0xf089ab23, L:/127.0.0.1:55289 - R:localhost/127.0.0.1:29565]' for 'POST' to 'http://localhost:29565/session/453fb8f6459d1e3bb57227e15196cd17/element/73abc0eb-5b4e-4a27-911f-021d67d804f7/value'
10:40:06.128 [Forwarding sendKeysToElement on session 453fb8f6459d1e3bb57227e15196cd17 to remote] DEBUG org.asynchttpclient.netty.request.NettyRequestSender - Using open Channel [id: 0xf089ab23, L:/127.0.0.1:55289 - R:localhost/127.0.0.1:29565] for POST '/session/453fb8f6459d1e3bb57227e15196cd17/element/73abc0eb-5b4e-4a27-911f-021d67d804f7/value'
10:40:06.201 [AsyncHttpClient-1-17] DEBUG org.asynchttpclient.netty.handler.HttpHandler - 

Request DefaultHttpRequest(decodeResult: success, version: HTTP/1.1)
POST /session/453fb8f6459d1e3bb57227e15196cd17/element/73abc0eb-5b4e-4a27-911f-021d67d804f7/value HTTP/1.1
User-Agent: selenium/4.8.1 (java windows)
Content-Length: 241
Content-Type: application/json; charset=utf-8
host: localhost:29565
accept: */*

Response DefaultHttpResponse(decodeResult: success, version: HTTP/1.1)
HTTP/1.1 200 OK
Content-Length: 14
Content-Type: application/json; charset=utf-8
cache-control: no-cache

10:40:06.201 [AsyncHttpClient-1-17] DEBUG org.asynchttpclient.netty.channel.ChannelManager - Adding key: http://localhost:29565 for channel [id: 0xf089ab23, L:/127.0.0.1:55289 - R:localhost/127.0.0.1:29565]
10:40:06.205 [Forwarding getAlertText on session 453fb8f6459d1e3bb57227e15196cd17 to remote] DEBUG org.asynchttpclient.netty.request.NettyRequestSender - Using pooled Channel '[id: 0xf089ab23, L:/127.0.0.1:55289 - R:localhost/127.0.0.1:29565]' for 'GET' to 'http://localhost:29565/session/453fb8f6459d1e3bb57227e15196cd17/alert/text'
10:40:06.205 [Forwarding getAlertText on session 453fb8f6459d1e3bb57227e15196cd17 to remote] DEBUG org.asynchttpclient.netty.request.NettyRequestSender - Using open Channel [id: 0xf089ab23, L:/127.0.0.1:55289 - R:localhost/127.0.0.1:29565] for GET '/session/453fb8f6459d1e3bb57227e15196cd17/alert/text'
10:40:06.207 [AsyncHttpClient-1-17] DEBUG org.asynchttpclient.netty.handler.HttpHandler - 

Request DefaultFullHttpRequest(decodeResult: success, version: HTTP/1.1, content: EmptyByteBufBE)
GET /session/453fb8f6459d1e3bb57227e15196cd17/alert/text HTTP/1.1
User-Agent: selenium/4.8.1 (java windows)
Cache-Control: no-cache
Content-Type: application/json; charset=utf-8
host: localhost:29565
accept: */*

Response DefaultHttpResponse(decodeResult: success, version: HTTP/1.1)
HTTP/1.1 404 Not Found
Content-Length: 836
Content-Type: application/json; charset=utf-8
cache-control: no-cache

10:40:06.207 [AsyncHttpClient-1-17] DEBUG org.asynchttpclient.netty.channel.ChannelManager - Adding key: http://localhost:29565 for channel [id: 0xf089ab23, L:/127.0.0.1:55289 - R:localhost/127.0.0.1:29565]
10:40:06.207 [Forwarding getCurrentUrl on session 453fb8f6459d1e3bb57227e15196cd17 to remote] DEBUG org.asynchttpclient.netty.request.NettyRequestSender - Using pooled Channel '[id: 0xf089ab23, L:/127.0.0.1:55289 - R:localhost/127.0.0.1:29565]' for 'GET' to 'http://localhost:29565/session/453fb8f6459d1e3bb57227e15196cd17/url'
10:40:06.208 [Forwarding getCurrentUrl on session 453fb8f6459d1e3bb57227e15196cd17 to remote] DEBUG org.asynchttpclient.netty.request.NettyRequestSender - Using open Channel [id: 0xf089ab23, L:/127.0.0.1:55289 - R:localhost/127.0.0.1:29565] for GET '/session/453fb8f6459d1e3bb57227e15196cd17/url'
10:40:06.210 [AsyncHttpClient-1-17] DEBUG org.asynchttpclient.netty.handler.HttpHandler - 

Request DefaultFullHttpRequest(decodeResult: success, version: HTTP/1.1, content: EmptyByteBufBE)
GET /session/453fb8f6459d1e3bb57227e15196cd17/url HTTP/1.1
User-Agent: selenium/4.8.1 (java windows)
Cache-Control: no-cache
Content-Type: application/json; charset=utf-8
host: localhost:29565
accept: */*

Response DefaultHttpResponse(decodeResult: success, version: HTTP/1.1)
HTTP/1.1 200 OK
Content-Length: 51
Content-Type: application/json; charset=utf-8
cache-control: no-cache

10:40:06.210 [AsyncHttpClient-1-17] DEBUG org.asynchttpclient.netty.channel.ChannelManager - Adding key: http://localhost:29565 for channel [id: 0xf089ab23, L:/127.0.0.1:55289 - R:localhost/127.0.0.1:29565]
10:40:06.211 [Forwarding screenshot on session 453fb8f6459d1e3bb57227e15196cd17 to remote] DEBUG org.asynchttpclient.netty.request.NettyRequestSender - Using pooled Channel '[id: 0xf089ab23, L:/127.0.0.1:55289 - R:localhost/127.0.0.1:29565]' for 'GET' to 'http://localhost:29565/session/453fb8f6459d1e3bb57227e15196cd17/screenshot'
10:40:06.211 [Forwarding screenshot on session 453fb8f6459d1e3bb57227e15196cd17 to remote] DEBUG org.asynchttpclient.netty.request.NettyRequestSender - Using open Channel [id: 0xf089ab23, L:/127.0.0.1:55289 - R:localhost/127.0.0.1:29565] for GET '/session/453fb8f6459d1e3bb57227e15196cd17/screenshot'
10:40:06.337 [AsyncHttpClient-1-17] DEBUG org.asynchttpclient.netty.handler.HttpHandler - 

Request DefaultFullHttpRequest(decodeResult: success, version: HTTP/1.1, content: EmptyByteBufBE)
GET /session/453fb8f6459d1e3bb57227e15196cd17/screenshot HTTP/1.1
User-Agent: selenium/4.8.1 (java windows)
Cache-Control: no-cache
Content-Type: application/json; charset=utf-8
host: localhost:29565
accept: */*

Response DefaultHttpResponse(decodeResult: success, version: HTTP/1.1)
HTTP/1.1 200 OK
Content-Length: 30080
Content-Type: application/json; charset=utf-8
cache-control: no-cache

10:40:06.338 [AsyncHttpClient-1-17] DEBUG org.asynchttpclient.netty.channel.ChannelManager - Adding key: http://localhost:29565 for channel [id: 0xf089ab23, L:/127.0.0.1:55289 - R:localhost/127.0.0.1:29565]
10:40:06.339 [main] DEBUG net.serenitybdd.core.photography.Darkroom - Send negative for processing for target\site\serenity\d881a29bb85e65a8265e26b9f19258827b7cdf49d0880f7cffadfa4b1bf33db2.png
10:40:06.339 [main] DEBUG net.thucydides.core.steps.StepInterceptor - STEP DONE: inputEmail
  &amp#27;[32mAnd &amp#27;[0m&amp#27;[32mI enter correct email&amp#27;[0m                             &amp#27;[90m# starter.stepdefinitions.LoginSteps.inputEmail()&amp#27;[0m
10:40:06.340 [Darkroom Processing Line] DEBUG net.serenitybdd.core.photography.DarkroomProcessingLine - Processing screenshot image in /var/screenshots/screenshot-15108707299352168686
10:40:06.340 [Darkroom Processing Line] DEBUG net.serenitybdd.core.photography.DarkroomProcessingLine - Saving screenshot to target\site\serenity\d881a29bb85e65a8265e26b9f19258827b7cdf49d0880f7cffadfa4b1bf33db2.png
10:40:06.346 [Forwarding getPageSource on session 453fb8f6459d1e3bb57227e15196cd17 to remote] DEBUG org.asynchttpclient.netty.request.NettyRequestSender - Using pooled Channel '[id: 0xf089ab23, L:/127.0.0.1:55289 - R:localhost/127.0.0.1:29565]' for 'POST' to 'http://localhost:29565/session/453fb8f6459d1e3bb57227e15196cd17/execute/sync'
10:40:06.346 [Forwarding getPageSource on session 453fb8f6459d1e3bb57227e15196cd17 to remote] DEBUG org.asynchttpclient.netty.request.NettyRequestSender - Using open Channel [id: 0xf089ab23, L:/127.0.0.1:55289 - R:localhost/127.0.0.1:29565] for POST '/session/453fb8f6459d1e3bb57227e15196cd17/execute/sync'
10:40:06.349 [AsyncHttpClient-1-17] DEBUG org.asynchttpclient.netty.handler.HttpHandler - 

Request DefaultHttpRequest(decodeResult: success, version: HTTP/1.1)
POST /session/453fb8f6459d1e3bb57227e15196cd17/execute/sync HTTP/1.1
User-Agent: selenium/4.8.1 (java windows)
Content-Length: 176
Content-Type: application/json; charset=utf-8
host: localhost:29565
accept: */*

Response DefaultHttpResponse(decodeResult: success, version: HTTP/1.1)
HTTP/1.1 200 OK
Content-Length: 21780
Content-Type: application/json; charset=utf-8
cache-control: no-cache

10:40:06.349 [AsyncHttpClient-1-17] DEBUG org.asynchttpclient.netty.channel.ChannelManager - Adding key: http://localhost:29565 for channel [id: 0xf089ab23, L:/127.0.0.1:55289 - R:localhost/127.0.0.1:29565]
10:40:06.351 [Forwarding getCurrentUrl on session 453fb8f6459d1e3bb57227e15196cd17 to remote] DEBUG org.asynchttpclient.netty.request.NettyRequestSender - Using pooled Channel '[id: 0xf089ab23, L:/127.0.0.1:55289 - R:localhost/127.0.0.1:29565]' for 'GET' to 'http://localhost:29565/session/453fb8f6459d1e3bb57227e15196cd17/url'
10:40:06.351 [Forwarding getCurrentUrl on session 453fb8f6459d1e3bb57227e15196cd17 to remote] DEBUG org.asynchttpclient.netty.request.NettyRequestSender - Using open Channel [id: 0xf089ab23, L:/127.0.0.1:55289 - R:localhost/127.0.0.1:29565] for GET '/session/453fb8f6459d1e3bb57227e15196cd17/url'
10:40:06.353 [AsyncHttpClient-1-17] DEBUG org.asynchttpclient.netty.handler.HttpHandler - 

Request DefaultFullHttpRequest(decodeResult: success, version: HTTP/1.1, content: EmptyByteBufBE)
GET /session/453fb8f6459d1e3bb57227e15196cd17/url HTTP/1.1
User-Agent: selenium/4.8.1 (java windows)
Cache-Control: no-cache
Content-Type: application/json; charset=utf-8
host: localhost:29565
accept: */*

Response DefaultHttpResponse(decodeResult: success, version: HTTP/1.1)
HTTP/1.1 200 OK
Content-Length: 51
Content-Type: application/json; charset=utf-8
cache-control: no-cache

10:40:06.354 [AsyncHttpClient-1-17] DEBUG org.asynchttpclient.netty.channel.ChannelManager - Adding key: http://localhost:29565 for channel [id: 0xf089ab23, L:/127.0.0.1:55289 - R:localhost/127.0.0.1:29565]
10:40:06.360 [Forwarding getPageSource on session 453fb8f6459d1e3bb57227e15196cd17 to remote] DEBUG org.asynchttpclient.netty.request.NettyRequestSender - Using pooled Channel '[id: 0xf089ab23, L:/127.0.0.1:55289 - R:localhost/127.0.0.1:29565]' for 'POST' to 'http://localhost:29565/session/453fb8f6459d1e3bb57227e15196cd17/execute/sync'
10:40:06.360 [Forwarding getPageSource on session 453fb8f6459d1e3bb57227e15196cd17 to remote] DEBUG org.asynchttpclient.netty.request.NettyRequestSender - Using open Channel [id: 0xf089ab23, L:/127.0.0.1:55289 - R:localhost/127.0.0.1:29565] for POST '/session/453fb8f6459d1e3bb57227e15196cd17/execute/sync'
10:40:06.363 [AsyncHttpClient-1-17] DEBUG org.asynchttpclient.netty.handler.HttpHandler - 

Request DefaultHttpRequest(decodeResult: success, version: HTTP/1.1)
POST /session/453fb8f6459d1e3bb57227e15196cd17/execute/sync HTTP/1.1
User-Agent: selenium/4.8.1 (java windows)
Content-Length: 176
Content-Type: application/json; charset=utf-8
host: localhost:29565
accept: */*

Response DefaultHttpResponse(decodeResult: success, version: HTTP/1.1)
HTTP/1.1 200 OK
Content-Length: 21780
Content-Type: application/json; charset=utf-8
cache-control: no-cache

10:40:06.364 [AsyncHttpClient-1-17] DEBUG org.asynchttpclient.netty.channel.ChannelManager - Adding key: http://localhost:29565 for channel [id: 0xf089ab23, L:/127.0.0.1:55289 - R:localhost/127.0.0.1:29565]
10:40:06.365 [Forwarding getCurrentUrl on session 453fb8f6459d1e3bb57227e15196cd17 to remote] DEBUG org.asynchttpclient.netty.request.NettyRequestSender - Using pooled Channel '[id: 0xf089ab23, L:/127.0.0.1:55289 - R:localhost/127.0.0.1:29565]' for 'GET' to 'http://localhost:29565/session/453fb8f6459d1e3bb57227e15196cd17/url'
10:40:06.365 [Forwarding getCurrentUrl on session 453fb8f6459d1e3bb57227e15196cd17 to remote] DEBUG org.asynchttpclient.netty.request.NettyRequestSender - Using open Channel [id: 0xf089ab23, L:/127.0.0.1:55289 - R:localhost/127.0.0.1:29565] for GET '/session/453fb8f6459d1e3bb57227e15196cd17/url'
10:40:06.368 [AsyncHttpClient-1-17] DEBUG org.asynchttpclient.netty.handler.HttpHandler - 

Request DefaultFullHttpRequest(decodeResult: success, version: HTTP/1.1, content: EmptyByteBufBE)
GET /session/453fb8f6459d1e3bb57227e15196cd17/url HTTP/1.1
User-Agent: selenium/4.8.1 (java windows)
Cache-Control: no-cache
Content-Type: application/json; charset=utf-8
host: localhost:29565
accept: */*

Response DefaultHttpResponse(decodeResult: success, version: HTTP/1.1)
HTTP/1.1 200 OK
Content-Length: 51
Content-Type: application/json; charset=utf-8
cache-control: no-cache

10:40:06.368 [AsyncHttpClient-1-17] DEBUG org.asynchttpclient.netty.channel.ChannelManager - Adding key: http://localhost:29565 for channel [id: 0xf089ab23, L:/127.0.0.1:55289 - R:localhost/127.0.0.1:29565]
10:40:06.369 [main] DEBUG net.thucydides.core.steps.StepInterceptor - STARTING STEP: LoginSteps.inputPassword - inputPassword
10:40:06.370 [Forwarding findElement on session 453fb8f6459d1e3bb57227e15196cd17 to remote] DEBUG org.asynchttpclient.netty.request.NettyRequestSender - Using pooled Channel '[id: 0xf089ab23, L:/127.0.0.1:55289 - R:localhost/127.0.0.1:29565]' for 'POST' to 'http://localhost:29565/session/453fb8f6459d1e3bb57227e15196cd17/element'
10:40:06.370 [Forwarding findElement on session 453fb8f6459d1e3bb57227e15196cd17 to remote] DEBUG org.asynchttpclient.netty.request.NettyRequestSender - Using open Channel [id: 0xf089ab23, L:/127.0.0.1:55289 - R:localhost/127.0.0.1:29565] for POST '/session/453fb8f6459d1e3bb57227e15196cd17/element'
10:40:06.379 [AsyncHttpClient-1-17] DEBUG org.asynchttpclient.netty.handler.HttpHandler - 

Request DefaultHttpRequest(decodeResult: success, version: HTTP/1.1)
POST /session/453fb8f6459d1e3bb57227e15196cd17/element HTTP/1.1
User-Agent: selenium/4.8.1 (java windows)
Content-Length: 55
Content-Type: application/json; charset=utf-8
host: localhost:29565
accept: */*

Response DefaultHttpResponse(decodeResult: success, version: HTTP/1.1)
HTTP/1.1 200 OK
Content-Length: 88
Content-Type: application/json; charset=utf-8
cache-control: no-cache

10:40:06.379 [AsyncHttpClient-1-17] DEBUG org.asynchttpclient.netty.channel.ChannelManager - Adding key: http://localhost:29565 for channel [id: 0xf089ab23, L:/127.0.0.1:55289 - R:localhost/127.0.0.1:29565]
10:40:06.380 [Forwarding clearElement on session 453fb8f6459d1e3bb57227e15196cd17 to remote] DEBUG org.asynchttpclient.netty.request.NettyRequestSender - Using pooled Channel '[id: 0xf089ab23, L:/127.0.0.1:55289 - R:localhost/127.0.0.1:29565]' for 'POST' to 'http://localhost:29565/session/453fb8f6459d1e3bb57227e15196cd17/element/865fb41a-0000-4061-b813-ef386c575347/clear'
10:40:06.380 [Forwarding clearElement on session 453fb8f6459d1e3bb57227e15196cd17 to remote] DEBUG org.asynchttpclient.netty.request.NettyRequestSender - Using open Channel [id: 0xf089ab23, L:/127.0.0.1:55289 - R:localhost/127.0.0.1:29565] for POST '/session/453fb8f6459d1e3bb57227e15196cd17/element/865fb41a-0000-4061-b813-ef386c575347/clear'
10:40:06.401 [AsyncHttpClient-1-17] DEBUG org.asynchttpclient.netty.handler.HttpHandler - 

Request DefaultHttpRequest(decodeResult: success, version: HTTP/1.1)
POST /session/453fb8f6459d1e3bb57227e15196cd17/element/865fb41a-0000-4061-b813-ef386c575347/clear HTTP/1.1
User-Agent: selenium/4.8.1 (java windows)
Content-Length: 50
Content-Type: application/json; charset=utf-8
host: localhost:29565
accept: */*

Response DefaultHttpResponse(decodeResult: success, version: HTTP/1.1)
HTTP/1.1 200 OK
Content-Length: 14
Content-Type: application/json; charset=utf-8
cache-control: no-cache

10:40:06.401 [AsyncHttpClient-1-17] DEBUG org.asynchttpclient.netty.channel.ChannelManager - Adding key: http://localhost:29565 for channel [id: 0xf089ab23, L:/127.0.0.1:55289 - R:localhost/127.0.0.1:29565]
10:40:06.402 [Forwarding sendKeysToElement on session 453fb8f6459d1e3bb57227e15196cd17 to remote] DEBUG org.asynchttpclient.netty.request.NettyRequestSender - Using pooled Channel '[id: 0xf089ab23, L:/127.0.0.1:55289 - R:localhost/127.0.0.1:29565]' for 'POST' to 'http://localhost:29565/session/453fb8f6459d1e3bb57227e15196cd17/element/865fb41a-0000-4061-b813-ef386c575347/value'
10:40:06.402 [Forwarding sendKeysToElement on session 453fb8f6459d1e3bb57227e15196cd17 to remote] DEBUG org.asynchttpclient.netty.request.NettyRequestSender - Using open Channel [id: 0xf089ab23, L:/127.0.0.1:55289 - R:localhost/127.0.0.1:29565] for POST '/session/453fb8f6459d1e3bb57227e15196cd17/element/865fb41a-0000-4061-b813-ef386c575347/value'
10:40:06.446 [AsyncHttpClient-1-17] DEBUG org.asynchttpclient.netty.handler.HttpHandler - 

Request DefaultHttpRequest(decodeResult: success, version: HTTP/1.1)
POST /session/453fb8f6459d1e3bb57227e15196cd17/element/865fb41a-0000-4061-b813-ef386c575347/value HTTP/1.1
User-Agent: selenium/4.8.1 (java windows)
Content-Length: 141
Content-Type: application/json; charset=utf-8
host: localhost:29565
accept: */*

Response DefaultHttpResponse(decodeResult: success, version: HTTP/1.1)
HTTP/1.1 200 OK
Content-Length: 14
Content-Type: application/json; charset=utf-8
cache-control: no-cache

10:40:06.446 [AsyncHttpClient-1-17] DEBUG org.asynchttpclient.netty.channel.ChannelManager - Adding key: http://localhost:29565 for channel [id: 0xf089ab23, L:/127.0.0.1:55289 - R:localhost/127.0.0.1:29565]
10:40:06.451 [Forwarding getAlertText on session 453fb8f6459d1e3bb57227e15196cd17 to remote] DEBUG org.asynchttpclient.netty.request.NettyRequestSender - Using pooled Channel '[id: 0xf089ab23, L:/127.0.0.1:55289 - R:localhost/127.0.0.1:29565]' for 'GET' to 'http://localhost:29565/session/453fb8f6459d1e3bb57227e15196cd17/alert/text'
10:40:06.451 [Forwarding getAlertText on session 453fb8f6459d1e3bb57227e15196cd17 to remote] DEBUG org.asynchttpclient.netty.request.NettyRequestSender - Using open Channel [id: 0xf089ab23, L:/127.0.0.1:55289 - R:localhost/127.0.0.1:29565] for GET '/session/453fb8f6459d1e3bb57227e15196cd17/alert/text'
10:40:06.452 [AsyncHttpClient-1-17] DEBUG org.asynchttpclient.netty.handler.HttpHandler - 

Request DefaultFullHttpRequest(decodeResult: success, version: HTTP/1.1, content: EmptyByteBufBE)
GET /session/453fb8f6459d1e3bb57227e15196cd17/alert/text HTTP/1.1
User-Agent: selenium/4.8.1 (java windows)
Cache-Control: no-cache
Content-Type: application/json; charset=utf-8
host: localhost:29565
accept: */*

Response DefaultHttpResponse(decodeResult: success, version: HTTP/1.1)
HTTP/1.1 404 Not Found
Content-Length: 836
Content-Type: application/json; charset=utf-8
cache-control: no-cache

10:40:06.452 [AsyncHttpClient-1-17] DEBUG org.asynchttpclient.netty.channel.ChannelManager - Adding key: http://localhost:29565 for channel [id: 0xf089ab23, L:/127.0.0.1:55289 - R:localhost/127.0.0.1:29565]
10:40:06.452 [Forwarding getCurrentUrl on session 453fb8f6459d1e3bb57227e15196cd17 to remote] DEBUG org.asynchttpclient.netty.request.NettyRequestSender - Using pooled Channel '[id: 0xf089ab23, L:/127.0.0.1:55289 - R:localhost/127.0.0.1:29565]' for 'GET' to 'http://localhost:29565/session/453fb8f6459d1e3bb57227e15196cd17/url'
10:40:06.452 [Forwarding getCurrentUrl on session 453fb8f6459d1e3bb57227e15196cd17 to remote] DEBUG org.asynchttpclient.netty.request.NettyRequestSender - Using open Channel [id: 0xf089ab23, L:/127.0.0.1:55289 - R:localhost/127.0.0.1:29565] for GET '/session/453fb8f6459d1e3bb57227e15196cd17/url'
10:40:06.454 [AsyncHttpClient-1-17] DEBUG org.asynchttpclient.netty.handler.HttpHandler - 

Request DefaultFullHttpRequest(decodeResult: success, version: HTTP/1.1, content: EmptyByteBufBE)
GET /session/453fb8f6459d1e3bb57227e15196cd17/url HTTP/1.1
User-Agent: selenium/4.8.1 (java windows)
Cache-Control: no-cache
Content-Type: application/json; charset=utf-8
host: localhost:29565
accept: */*

Response DefaultHttpResponse(decodeResult: success, version: HTTP/1.1)
HTTP/1.1 200 OK
Content-Length: 51
Content-Type: application/json; charset=utf-8
cache-control: no-cache

10:40:06.454 [AsyncHttpClient-1-17] DEBUG org.asynchttpclient.netty.channel.ChannelManager - Adding key: http://localhost:29565 for channel [id: 0xf089ab23, L:/127.0.0.1:55289 - R:localhost/127.0.0.1:29565]
10:40:06.455 [Forwarding screenshot on session 453fb8f6459d1e3bb57227e15196cd17 to remote] DEBUG org.asynchttpclient.netty.request.NettyRequestSender - Using pooled Channel '[id: 0xf089ab23, L:/127.0.0.1:55289 - R:localhost/127.0.0.1:29565]' for 'GET' to 'http://localhost:29565/session/453fb8f6459d1e3bb57227e15196cd17/screenshot'
10:40:06.455 [Forwarding screenshot on session 453fb8f6459d1e3bb57227e15196cd17 to remote] DEBUG org.asynchttpclient.netty.request.NettyRequestSender - Using open Channel [id: 0xf089ab23, L:/127.0.0.1:55289 - R:localhost/127.0.0.1:29565] for GET '/session/453fb8f6459d1e3bb57227e15196cd17/screenshot'
10:40:06.540 [AsyncHttpClient-1-17] DEBUG org.asynchttpclient.netty.handler.HttpHandler - 

Request DefaultFullHttpRequest(decodeResult: success, version: HTTP/1.1, content: EmptyByteBufBE)
GET /session/453fb8f6459d1e3bb57227e15196cd17/screenshot HTTP/1.1
User-Agent: selenium/4.8.1 (java windows)
Cache-Control: no-cache
Content-Type: application/json; charset=utf-8
host: localhost:29565
accept: */*

Response DefaultHttpResponse(decodeResult: success, version: HTTP/1.1)
HTTP/1.1 200 OK
Content-Length: 30936
Content-Type: application/json; charset=utf-8
cache-control: no-cache

10:40:06.540 [AsyncHttpClient-1-17] DEBUG org.asynchttpclient.netty.channel.ChannelManager - Adding key: http://localhost:29565 for channel [id: 0xf089ab23, L:/127.0.0.1:55289 - R:localhost/127.0.0.1:29565]
10:40:06.541 [main] DEBUG net.serenitybdd.core.photography.Darkroom - Send negative for processing for target\site\serenity\8689dcb8f8687b4015fd898e5911ce9189a008175f9566f37f518b852e788438.png
10:40:06.541 [main] DEBUG net.thucydides.core.steps.StepInterceptor - STEP DONE: inputPassword
  &amp#27;[32mAnd &amp#27;[0m&amp#27;[32mI enter correct password&amp#27;[0m                          &amp#27;[90m# starter.stepdefinitions.LoginSteps.inputPassword()&amp#27;[0m
10:40:06.541 [Darkroom Processing Line] DEBUG net.serenitybdd.core.photography.DarkroomProcessingLine - Processing screenshot image in /var/screenshots/screenshot-1660940741289040728
10:40:06.541 [Darkroom Processing Line] DEBUG net.serenitybdd.core.photography.DarkroomProcessingLine - Saving screenshot to target\site\serenity\8689dcb8f8687b4015fd898e5911ce9189a008175f9566f37f518b852e788438.png
10:40:06.546 [Forwarding getPageSource on session 453fb8f6459d1e3bb57227e15196cd17 to remote] DEBUG org.asynchttpclient.netty.request.NettyRequestSender - Using pooled Channel '[id: 0xf089ab23, L:/127.0.0.1:55289 - R:localhost/127.0.0.1:29565]' for 'POST' to 'http://localhost:29565/session/453fb8f6459d1e3bb57227e15196cd17/execute/sync'
10:40:06.546 [Forwarding getPageSource on session 453fb8f6459d1e3bb57227e15196cd17 to remote] DEBUG org.asynchttpclient.netty.request.NettyRequestSender - Using open Channel [id: 0xf089ab23, L:/127.0.0.1:55289 - R:localhost/127.0.0.1:29565] for POST '/session/453fb8f6459d1e3bb57227e15196cd17/execute/sync'
10:40:06.550 [AsyncHttpClient-1-17] DEBUG org.asynchttpclient.netty.handler.HttpHandler - 

Request DefaultHttpRequest(decodeResult: success, version: HTTP/1.1)
POST /session/453fb8f6459d1e3bb57227e15196cd17/execute/sync HTTP/1.1
User-Agent: selenium/4.8.1 (java windows)
Content-Length: 176
Content-Type: application/json; charset=utf-8
host: localhost:29565
accept: */*

Response DefaultHttpResponse(decodeResult: success, version: HTTP/1.1)
HTTP/1.1 200 OK
Content-Length: 21839
Content-Type: application/json; charset=utf-8
cache-control: no-cache

10:40:06.550 [AsyncHttpClient-1-17] DEBUG org.asynchttpclient.netty.channel.ChannelManager - Adding key: http://localhost:29565 for channel [id: 0xf089ab23, L:/127.0.0.1:55289 - R:localhost/127.0.0.1:29565]
10:40:06.552 [Forwarding getCurrentUrl on session 453fb8f6459d1e3bb57227e15196cd17 to remote] DEBUG org.asynchttpclient.netty.request.NettyRequestSender - Using pooled Channel '[id: 0xf089ab23, L:/127.0.0.1:55289 - R:localhost/127.0.0.1:29565]' for 'GET' to 'http://localhost:29565/session/453fb8f6459d1e3bb57227e15196cd17/url'
10:40:06.552 [Forwarding getCurrentUrl on session 453fb8f6459d1e3bb57227e15196cd17 to remote] DEBUG org.asynchttpclient.netty.request.NettyRequestSender - Using open Channel [id: 0xf089ab23, L:/127.0.0.1:55289 - R:localhost/127.0.0.1:29565] for GET '/session/453fb8f6459d1e3bb57227e15196cd17/url'
10:40:06.555 [AsyncHttpClient-1-17] DEBUG org.asynchttpclient.netty.handler.HttpHandler - 

Request DefaultFullHttpRequest(decodeResult: success, version: HTTP/1.1, content: EmptyByteBufBE)
GET /session/453fb8f6459d1e3bb57227e15196cd17/url HTTP/1.1
User-Agent: selenium/4.8.1 (java windows)
Cache-Control: no-cache
Content-Type: application/json; charset=utf-8
host: localhost:29565
accept: */*

Response DefaultHttpResponse(decodeResult: success, version: HTTP/1.1)
HTTP/1.1 200 OK
Content-Length: 51
Content-Type: application/json; charset=utf-8
cache-control: no-cache

10:40:06.556 [AsyncHttpClient-1-17] DEBUG org.asynchttpclient.netty.channel.ChannelManager - Adding key: http://localhost:29565 for channel [id: 0xf089ab23, L:/127.0.0.1:55289 - R:localhost/127.0.0.1:29565]
10:40:06.562 [Forwarding getPageSource on session 453fb8f6459d1e3bb57227e15196cd17 to remote] DEBUG org.asynchttpclient.netty.request.NettyRequestSender - Using pooled Channel '[id: 0xf089ab23, L:/127.0.0.1:55289 - R:localhost/127.0.0.1:29565]' for 'POST' to 'http://localhost:29565/session/453fb8f6459d1e3bb57227e15196cd17/execute/sync'
10:40:06.562 [Forwarding getPageSource on session 453fb8f6459d1e3bb57227e15196cd17 to remote] DEBUG org.asynchttpclient.netty.request.NettyRequestSender - Using open Channel [id: 0xf089ab23, L:/127.0.0.1:55289 - R:localhost/127.0.0.1:29565] for POST '/session/453fb8f6459d1e3bb57227e15196cd17/execute/sync'
10:40:06.566 [AsyncHttpClient-1-17] DEBUG org.asynchttpclient.netty.handler.HttpHandler - 

Request DefaultHttpRequest(decodeResult: success, version: HTTP/1.1)
POST /session/453fb8f6459d1e3bb57227e15196cd17/execute/sync HTTP/1.1
User-Agent: selenium/4.8.1 (java windows)
Content-Length: 176
Content-Type: application/json; charset=utf-8
host: localhost:29565
accept: */*

Response DefaultHttpResponse(decodeResult: success, version: HTTP/1.1)
HTTP/1.1 200 OK
Content-Length: 21839
Content-Type: application/json; charset=utf-8
cache-control: no-cache

10:40:06.566 [AsyncHttpClient-1-17] DEBUG org.asynchttpclient.netty.channel.ChannelManager - Adding key: http://localhost:29565 for channel [id: 0xf089ab23, L:/127.0.0.1:55289 - R:localhost/127.0.0.1:29565]
10:40:06.567 [Forwarding getCurrentUrl on session 453fb8f6459d1e3bb57227e15196cd17 to remote] DEBUG org.asynchttpclient.netty.request.NettyRequestSender - Using pooled Channel '[id: 0xf089ab23, L:/127.0.0.1:55289 - R:localhost/127.0.0.1:29565]' for 'GET' to 'http://localhost:29565/session/453fb8f6459d1e3bb57227e15196cd17/url'
10:40:06.567 [Forwarding getCurrentUrl on session 453fb8f6459d1e3bb57227e15196cd17 to remote] DEBUG org.asynchttpclient.netty.request.NettyRequestSender - Using open Channel [id: 0xf089ab23, L:/127.0.0.1:55289 - R:localhost/127.0.0.1:29565] for GET '/session/453fb8f6459d1e3bb57227e15196cd17/url'
10:40:06.570 [AsyncHttpClient-1-17] DEBUG org.asynchttpclient.netty.handler.HttpHandler - 

Request DefaultFullHttpRequest(decodeResult: success, version: HTTP/1.1, content: EmptyByteBufBE)
GET /session/453fb8f6459d1e3bb57227e15196cd17/url HTTP/1.1
User-Agent: selenium/4.8.1 (java windows)
Cache-Control: no-cache
Content-Type: application/json; charset=utf-8
host: localhost:29565
accept: */*

Response DefaultHttpResponse(decodeResult: success, version: HTTP/1.1)
HTTP/1.1 200 OK
Content-Length: 51
Content-Type: application/json; charset=utf-8
cache-control: no-cache

10:40:06.570 [AsyncHttpClient-1-17] DEBUG org.asynchttpclient.netty.channel.ChannelManager - Adding key: http://localhost:29565 for channel [id: 0xf089ab23, L:/127.0.0.1:55289 - R:localhost/127.0.0.1:29565]
10:40:06.582 [main] DEBUG net.thucydides.core.steps.StepInterceptor - STARTING STEP: LoginSteps.clickLoginButton - clickLoginButton
10:40:06.583 [Forwarding findElement on session 453fb8f6459d1e3bb57227e15196cd17 to remote] DEBUG org.asynchttpclient.netty.request.NettyRequestSender - Using pooled Channel '[id: 0xf089ab23, L:/127.0.0.1:55289 - R:localhost/127.0.0.1:29565]' for 'POST' to 'http://localhost:29565/session/453fb8f6459d1e3bb57227e15196cd17/element'
10:40:06.583 [Forwarding findElement on session 453fb8f6459d1e3bb57227e15196cd17 to remote] DEBUG org.asynchttpclient.netty.request.NettyRequestSender - Using open Channel [id: 0xf089ab23, L:/127.0.0.1:55289 - R:localhost/127.0.0.1:29565] for POST '/session/453fb8f6459d1e3bb57227e15196cd17/element'
10:40:06.593 [AsyncHttpClient-1-17] DEBUG org.asynchttpclient.netty.handler.HttpHandler - 

Request DefaultHttpRequest(decodeResult: success, version: HTTP/1.1)
POST /session/453fb8f6459d1e3bb57227e15196cd17/element HTTP/1.1
User-Agent: selenium/4.8.1 (java windows)
Content-Length: 71
Content-Type: application/json; charset=utf-8
host: localhost:29565
accept: */*

Response DefaultHttpResponse(decodeResult: success, version: HTTP/1.1)
HTTP/1.1 200 OK
Content-Length: 88
Content-Type: application/json; charset=utf-8
cache-control: no-cache

10:40:06.593 [AsyncHttpClient-1-17] DEBUG org.asynchttpclient.netty.channel.ChannelManager - Adding key: http://localhost:29565 for channel [id: 0xf089ab23, L:/127.0.0.1:55289 - R:localhost/127.0.0.1:29565]
10:40:06.596 [Forwarding getElementTagName on session 453fb8f6459d1e3bb57227e15196cd17 to remote] DEBUG org.asynchttpclient.netty.request.NettyRequestSender - Using pooled Channel '[id: 0xf089ab23, L:/127.0.0.1:55289 - R:localhost/127.0.0.1:29565]' for 'GET' to 'http://localhost:29565/session/453fb8f6459d1e3bb57227e15196cd17/element/27c8dd7e-5c52-45c9-adc4-b38311a9866d/name'
10:40:06.596 [Forwarding getElementTagName on session 453fb8f6459d1e3bb57227e15196cd17 to remote] DEBUG org.asynchttpclient.netty.request.NettyRequestSender - Using open Channel [id: 0xf089ab23, L:/127.0.0.1:55289 - R:localhost/127.0.0.1:29565] for GET '/session/453fb8f6459d1e3bb57227e15196cd17/element/27c8dd7e-5c52-45c9-adc4-b38311a9866d/name'
10:40:06.599 [AsyncHttpClient-1-17] DEBUG org.asynchttpclient.netty.handler.HttpHandler - 

Request DefaultFullHttpRequest(decodeResult: success, version: HTTP/1.1, content: EmptyByteBufBE)
GET /session/453fb8f6459d1e3bb57227e15196cd17/element/27c8dd7e-5c52-45c9-adc4-b38311a9866d/name HTTP/1.1
User-Agent: selenium/4.8.1 (java windows)
Cache-Control: no-cache
Content-Type: application/json; charset=utf-8
host: localhost:29565
accept: */*

Response DefaultHttpResponse(decodeResult: success, version: HTTP/1.1)
HTTP/1.1 200 OK
Content-Length: 18
Content-Type: application/json; charset=utf-8
cache-control: no-cache

10:40:06.599 [AsyncHttpClient-1-17] DEBUG org.asynchttpclient.netty.channel.ChannelManager - Adding key: http://localhost:29565 for channel [id: 0xf089ab23, L:/127.0.0.1:55289 - R:localhost/127.0.0.1:29565]
10:40:06.600 [Forwarding getElementTagName on session 453fb8f6459d1e3bb57227e15196cd17 to remote] DEBUG org.asynchttpclient.netty.request.NettyRequestSender - Using pooled Channel '[id: 0xf089ab23, L:/127.0.0.1:55289 - R:localhost/127.0.0.1:29565]' for 'GET' to 'http://localhost:29565/session/453fb8f6459d1e3bb57227e15196cd17/element/27c8dd7e-5c52-45c9-adc4-b38311a9866d/name'
10:40:06.600 [Forwarding getElementTagName on session 453fb8f6459d1e3bb57227e15196cd17 to remote] DEBUG org.asynchttpclient.netty.request.NettyRequestSender - Using open Channel [id: 0xf089ab23, L:/127.0.0.1:55289 - R:localhost/127.0.0.1:29565] for GET '/session/453fb8f6459d1e3bb57227e15196cd17/element/27c8dd7e-5c52-45c9-adc4-b38311a9866d/name'
10:40:06.604 [AsyncHttpClient-1-17] DEBUG org.asynchttpclient.netty.handler.HttpHandler - 

Request DefaultFullHttpRequest(decodeResult: success, version: HTTP/1.1, content: EmptyByteBufBE)
GET /session/453fb8f6459d1e3bb57227e15196cd17/element/27c8dd7e-5c52-45c9-adc4-b38311a9866d/name HTTP/1.1
User-Agent: selenium/4.8.1 (java windows)
Cache-Control: no-cache
Content-Type: application/json; charset=utf-8
host: localhost:29565
accept: */*

Response DefaultHttpResponse(decodeResult: success, version: HTTP/1.1)
HTTP/1.1 200 OK
Content-Length: 18
Content-Type: application/json; charset=utf-8
cache-control: no-cache

10:40:06.604 [AsyncHttpClient-1-1] DEBUG org.asynchttpclient.netty.channel.DefaultChannelPool - Entry count for : http://localhost:55290 : 1
10:40:06.604 [AsyncHttpClient-1-17] DEBUG org.asynchttpclient.netty.channel.ChannelManager - Adding key: http://localhost:29565 for channel [id: 0xf089ab23, L:/127.0.0.1:55289 - R:localhost/127.0.0.1:29565]
10:40:06.605 [Forwarding isElementEnabled on session 453fb8f6459d1e3bb57227e15196cd17 to remote] DEBUG org.asynchttpclient.netty.request.NettyRequestSender - Using pooled Channel '[id: 0xf089ab23, L:/127.0.0.1:55289 - R:localhost/127.0.0.1:29565]' for 'GET' to 'http://localhost:29565/session/453fb8f6459d1e3bb57227e15196cd17/element/27c8dd7e-5c52-45c9-adc4-b38311a9866d/enabled'
10:40:06.605 [Forwarding isElementEnabled on session 453fb8f6459d1e3bb57227e15196cd17 to remote] DEBUG org.asynchttpclient.netty.request.NettyRequestSender - Using open Channel [id: 0xf089ab23, L:/127.0.0.1:55289 - R:localhost/127.0.0.1:29565] for GET '/session/453fb8f6459d1e3bb57227e15196cd17/element/27c8dd7e-5c52-45c9-adc4-b38311a9866d/enabled'
10:40:06.612 [AsyncHttpClient-1-17] DEBUG org.asynchttpclient.netty.handler.HttpHandler - 

Request DefaultFullHttpRequest(decodeResult: success, version: HTTP/1.1, content: EmptyByteBufBE)
GET /session/453fb8f6459d1e3bb57227e15196cd17/element/27c8dd7e-5c52-45c9-adc4-b38311a9866d/enabled HTTP/1.1
User-Agent: selenium/4.8.1 (java windows)
Cache-Control: no-cache
Content-Type: application/json; charset=utf-8
host: localhost:29565
accept: */*

Response DefaultHttpResponse(decodeResult: success, version: HTTP/1.1)
HTTP/1.1 200 OK
Content-Length: 14
Content-Type: application/json; charset=utf-8
cache-control: no-cache

10:40:06.612 [AsyncHttpClient-1-17] DEBUG org.asynchttpclient.netty.channel.ChannelManager - Adding key: http://localhost:29565 for channel [id: 0xf089ab23, L:/127.0.0.1:55289 - R:localhost/127.0.0.1:29565]
10:40:06.613 [Forwarding isElementEnabled on session 453fb8f6459d1e3bb57227e15196cd17 to remote] DEBUG org.asynchttpclient.netty.request.NettyRequestSender - Using pooled Channel '[id: 0xf089ab23, L:/127.0.0.1:55289 - R:localhost/127.0.0.1:29565]' for 'GET' to 'http://localhost:29565/session/453fb8f6459d1e3bb57227e15196cd17/element/27c8dd7e-5c52-45c9-adc4-b38311a9866d/enabled'
10:40:06.613 [Forwarding isElementEnabled on session 453fb8f6459d1e3bb57227e15196cd17 to remote] DEBUG org.asynchttpclient.netty.request.NettyRequestSender - Using open Channel [id: 0xf089ab23, L:/127.0.0.1:55289 - R:localhost/127.0.0.1:29565] for GET '/session/453fb8f6459d1e3bb57227e15196cd17/element/27c8dd7e-5c52-45c9-adc4-b38311a9866d/enabled'
10:40:06.618 [AsyncHttpClient-1-17] DEBUG org.asynchttpclient.netty.handler.HttpHandler - 

Request DefaultFullHttpRequest(decodeResult: success, version: HTTP/1.1, content: EmptyByteBufBE)
GET /session/453fb8f6459d1e3bb57227e15196cd17/element/27c8dd7e-5c52-45c9-adc4-b38311a9866d/enabled HTTP/1.1
User-Agent: selenium/4.8.1 (java windows)
Cache-Control: no-cache
Content-Type: application/json; charset=utf-8
host: localhost:29565
accept: */*

Response DefaultHttpResponse(decodeResult: success, version: HTTP/1.1)
HTTP/1.1 200 OK
Content-Length: 14
Content-Type: application/json; charset=utf-8
cache-control: no-cache

10:40:06.618 [AsyncHttpClient-1-17] DEBUG org.asynchttpclient.netty.channel.ChannelManager - Adding key: http://localhost:29565 for channel [id: 0xf089ab23, L:/127.0.0.1:55289 - R:localhost/127.0.0.1:29565]
10:40:06.619 [Forwarding findElement on session 453fb8f6459d1e3bb57227e15196cd17 to remote] DEBUG org.asynchttpclient.netty.request.NettyRequestSender - Using pooled Channel '[id: 0xf089ab23, L:/127.0.0.1:55289 - R:localhost/127.0.0.1:29565]' for 'POST' to 'http://localhost:29565/session/453fb8f6459d1e3bb57227e15196cd17/element'
10:40:06.619 [Forwarding findElement on session 453fb8f6459d1e3bb57227e15196cd17 to remote] DEBUG org.asynchttpclient.netty.request.NettyRequestSender - Using open Channel [id: 0xf089ab23, L:/127.0.0.1:55289 - R:localhost/127.0.0.1:29565] for POST '/session/453fb8f6459d1e3bb57227e15196cd17/element'
10:40:06.624 [AsyncHttpClient-1-17] DEBUG org.asynchttpclient.netty.handler.HttpHandler - 

Request DefaultHttpRequest(decodeResult: success, version: HTTP/1.1)
POST /session/453fb8f6459d1e3bb57227e15196cd17/element HTTP/1.1
User-Agent: selenium/4.8.1 (java windows)
Content-Length: 71
Content-Type: application/json; charset=utf-8
host: localhost:29565
accept: */*

Response DefaultHttpResponse(decodeResult: success, version: HTTP/1.1)
HTTP/1.1 200 OK
Content-Length: 88
Content-Type: application/json; charset=utf-8
cache-control: no-cache

10:40:06.625 [AsyncHttpClient-1-17] DEBUG org.asynchttpclient.netty.channel.ChannelManager - Adding key: http://localhost:29565 for channel [id: 0xf089ab23, L:/127.0.0.1:55289 - R:localhost/127.0.0.1:29565]
10:40:06.625 [Forwarding clickElement on session 453fb8f6459d1e3bb57227e15196cd17 to remote] DEBUG org.asynchttpclient.netty.request.NettyRequestSender - Using pooled Channel '[id: 0xf089ab23, L:/127.0.0.1:55289 - R:localhost/127.0.0.1:29565]' for 'POST' to 'http://localhost:29565/session/453fb8f6459d1e3bb57227e15196cd17/element/27c8dd7e-5c52-45c9-adc4-b38311a9866d/click'
10:40:06.625 [Forwarding clickElement on session 453fb8f6459d1e3bb57227e15196cd17 to remote] DEBUG org.asynchttpclient.netty.request.NettyRequestSender - Using open Channel [id: 0xf089ab23, L:/127.0.0.1:55289 - R:localhost/127.0.0.1:29565] for POST '/session/453fb8f6459d1e3bb57227e15196cd17/element/27c8dd7e-5c52-45c9-adc4-b38311a9866d/click'
10:40:06.661 [AsyncHttpClient-1-17] DEBUG org.asynchttpclient.netty.handler.HttpHandler - 

Request DefaultHttpRequest(decodeResult: success, version: HTTP/1.1)
POST /session/453fb8f6459d1e3bb57227e15196cd17/element/27c8dd7e-5c52-45c9-adc4-b38311a9866d/click HTTP/1.1
User-Agent: selenium/4.8.1 (java windows)
Content-Length: 50
Content-Type: application/json; charset=utf-8
host: localhost:29565
accept: */*

Response DefaultHttpResponse(decodeResult: success, version: HTTP/1.1)
HTTP/1.1 200 OK
Content-Length: 14
Content-Type: application/json; charset=utf-8
cache-control: no-cache

10:40:06.661 [AsyncHttpClient-1-17] DEBUG org.asynchttpclient.netty.channel.ChannelManager - Adding key: http://localhost:29565 for channel [id: 0xf089ab23, L:/127.0.0.1:55289 - R:localhost/127.0.0.1:29565]
10:40:06.665 [Forwarding getAlertText on session 453fb8f6459d1e3bb57227e15196cd17 to remote] DEBUG org.asynchttpclient.netty.request.NettyRequestSender - Using pooled Channel '[id: 0xf089ab23, L:/127.0.0.1:55289 - R:localhost/127.0.0.1:29565]' for 'GET' to 'http://localhost:29565/session/453fb8f6459d1e3bb57227e15196cd17/alert/text'
10:40:06.665 [Forwarding getAlertText on session 453fb8f6459d1e3bb57227e15196cd17 to remote] DEBUG org.asynchttpclient.netty.request.NettyRequestSender - Using open Channel [id: 0xf089ab23, L:/127.0.0.1:55289 - R:localhost/127.0.0.1:29565] for GET '/session/453fb8f6459d1e3bb57227e15196cd17/alert/text'
10:40:06.666 [AsyncHttpClient-1-17] DEBUG org.asynchttpclient.netty.handler.HttpHandler - 

Request DefaultFullHttpRequest(decodeResult: success, version: HTTP/1.1, content: EmptyByteBufBE)
GET /session/453fb8f6459d1e3bb57227e15196cd17/alert/text HTTP/1.1
User-Agent: selenium/4.8.1 (java windows)
Cache-Control: no-cache
Content-Type: application/json; charset=utf-8
host: localhost:29565
accept: */*

Response DefaultHttpResponse(decodeResult: success, version: HTTP/1.1)
HTTP/1.1 404 Not Found
Content-Length: 836
Content-Type: application/json; charset=utf-8
cache-control: no-cache

10:40:06.666 [AsyncHttpClient-1-17] DEBUG org.asynchttpclient.netty.channel.ChannelManager - Adding key: http://localhost:29565 for channel [id: 0xf089ab23, L:/127.0.0.1:55289 - R:localhost/127.0.0.1:29565]
10:40:06.667 [Forwarding getCurrentUrl on session 453fb8f6459d1e3bb57227e15196cd17 to remote] DEBUG org.asynchttpclient.netty.request.NettyRequestSender - Using pooled Channel '[id: 0xf089ab23, L:/127.0.0.1:55289 - R:localhost/127.0.0.1:29565]' for 'GET' to 'http://localhost:29565/session/453fb8f6459d1e3bb57227e15196cd17/url'
10:40:06.667 [Forwarding getCurrentUrl on session 453fb8f6459d1e3bb57227e15196cd17 to remote] DEBUG org.asynchttpclient.netty.request.NettyRequestSender - Using open Channel [id: 0xf089ab23, L:/127.0.0.1:55289 - R:localhost/127.0.0.1:29565] for GET '/session/453fb8f6459d1e3bb57227e15196cd17/url'
10:40:06.670 [AsyncHttpClient-1-17] DEBUG org.asynchttpclient.netty.handler.HttpHandler - 

Request DefaultFullHttpRequest(decodeResult: success, version: HTTP/1.1, content: EmptyByteBufBE)
GET /session/453fb8f6459d1e3bb57227e15196cd17/url HTTP/1.1
User-Agent: selenium/4.8.1 (java windows)
Cache-Control: no-cache
Content-Type: application/json; charset=utf-8
host: localhost:29565
accept: */*

Response DefaultHttpResponse(decodeResult: success, version: HTTP/1.1)
HTTP/1.1 200 OK
Content-Length: 51
Content-Type: application/json; charset=utf-8
cache-control: no-cache

10:40:06.670 [AsyncHttpClient-1-17] DEBUG org.asynchttpclient.netty.channel.ChannelManager - Adding key: http://localhost:29565 for channel [id: 0xf089ab23, L:/127.0.0.1:55289 - R:localhost/127.0.0.1:29565]
10:40:06.671 [Forwarding screenshot on session 453fb8f6459d1e3bb57227e15196cd17 to remote] DEBUG org.asynchttpclient.netty.request.NettyRequestSender - Using pooled Channel '[id: 0xf089ab23, L:/127.0.0.1:55289 - R:localhost/127.0.0.1:29565]' for 'GET' to 'http://localhost:29565/session/453fb8f6459d1e3bb57227e15196cd17/screenshot'
10:40:06.671 [Forwarding screenshot on session 453fb8f6459d1e3bb57227e15196cd17 to remote] DEBUG org.asynchttpclient.netty.request.NettyRequestSender - Using open Channel [id: 0xf089ab23, L:/127.0.0.1:55289 - R:localhost/127.0.0.1:29565] for GET '/session/453fb8f6459d1e3bb57227e15196cd17/screenshot'
10:40:06.765 [AsyncHttpClient-1-17] DEBUG org.asynchttpclient.netty.handler.HttpHandler - 

Request DefaultFullHttpRequest(decodeResult: success, version: HTTP/1.1, content: EmptyByteBufBE)
GET /session/453fb8f6459d1e3bb57227e15196cd17/screenshot HTTP/1.1
User-Agent: selenium/4.8.1 (java windows)
Cache-Control: no-cache
Content-Type: application/json; charset=utf-8
host: localhost:29565
accept: */*

Response DefaultHttpResponse(decodeResult: success, version: HTTP/1.1)
HTTP/1.1 200 OK
Content-Length: 30540
Content-Type: application/json; charset=utf-8
cache-control: no-cache

10:40:06.766 [AsyncHttpClient-1-17] DEBUG org.asynchttpclient.netty.channel.ChannelManager - Adding key: http://localhost:29565 for channel [id: 0xf089ab23, L:/127.0.0.1:55289 - R:localhost/127.0.0.1:29565]
10:40:06.767 [main] DEBUG net.serenitybdd.core.photography.Darkroom - Send negative for processing for target\site\serenity\3142b774f898f4b7f7dc60502978a8006e0b42ccc64d9d3bd4753f1050b6f8bf.png
10:40:06.767 [main] DEBUG net.thucydides.core.steps.StepInterceptor - STEP DONE: clickLoginButton
  &amp#27;[32mWhen &amp#27;[0m&amp#27;[32mI click on the login button&amp#27;[0m                      &amp#27;[90m# starter.stepdefinitions.LoginSteps.clickLoginButton()&amp#27;[0m
10:40:06.767 [Darkroom Processing Line] DEBUG net.serenitybdd.core.photography.DarkroomProcessingLine - Processing screenshot image in /var/screenshots/screenshot-5874301515640854198
10:40:06.767 [Darkroom Processing Line] DEBUG net.serenitybdd.core.photography.DarkroomProcessingLine - Saving screenshot to target\site\serenity\3142b774f898f4b7f7dc60502978a8006e0b42ccc64d9d3bd4753f1050b6f8bf.png
10:40:06.773 [Forwarding getPageSource on session 453fb8f6459d1e3bb57227e15196cd17 to remote] DEBUG org.asynchttpclient.netty.request.NettyRequestSender - Using pooled Channel '[id: 0xf089ab23, L:/127.0.0.1:55289 - R:localhost/127.0.0.1:29565]' for 'POST' to 'http://localhost:29565/session/453fb8f6459d1e3bb57227e15196cd17/execute/sync'
10:40:06.773 [Forwarding getPageSource on session 453fb8f6459d1e3bb57227e15196cd17 to remote] DEBUG org.asynchttpclient.netty.request.NettyRequestSender - Using open Channel [id: 0xf089ab23, L:/127.0.0.1:55289 - R:localhost/127.0.0.1:29565] for POST '/session/453fb8f6459d1e3bb57227e15196cd17/execute/sync'
10:40:06.777 [AsyncHttpClient-1-17] DEBUG org.asynchttpclient.netty.handler.HttpHandler - 

Request DefaultHttpRequest(decodeResult: success, version: HTTP/1.1)
POST /session/453fb8f6459d1e3bb57227e15196cd17/execute/sync HTTP/1.1
User-Agent: selenium/4.8.1 (java windows)
Content-Length: 176
Content-Type: application/json; charset=utf-8
host: localhost:29565
accept: */*

Response DefaultHttpResponse(decodeResult: success, version: HTTP/1.1)
HTTP/1.1 200 OK
Content-Length: 22119
Content-Type: application/json; charset=utf-8
cache-control: no-cache

10:40:06.777 [AsyncHttpClient-1-17] DEBUG org.asynchttpclient.netty.channel.ChannelManager - Adding key: http://localhost:29565 for channel [id: 0xf089ab23, L:/127.0.0.1:55289 - R:localhost/127.0.0.1:29565]
10:40:06.779 [Forwarding getCurrentUrl on session 453fb8f6459d1e3bb57227e15196cd17 to remote] DEBUG org.asynchttpclient.netty.request.NettyRequestSender - Using pooled Channel '[id: 0xf089ab23, L:/127.0.0.1:55289 - R:localhost/127.0.0.1:29565]' for 'GET' to 'http://localhost:29565/session/453fb8f6459d1e3bb57227e15196cd17/url'
10:40:06.779 [Forwarding getCurrentUrl on session 453fb8f6459d1e3bb57227e15196cd17 to remote] DEBUG org.asynchttpclient.netty.request.NettyRequestSender - Using open Channel [id: 0xf089ab23, L:/127.0.0.1:55289 - R:localhost/127.0.0.1:29565] for GET '/session/453fb8f6459d1e3bb57227e15196cd17/url'
10:40:06.782 [AsyncHttpClient-1-17] DEBUG org.asynchttpclient.netty.handler.HttpHandler - 

Request DefaultFullHttpRequest(decodeResult: success, version: HTTP/1.1, content: EmptyByteBufBE)
GET /session/453fb8f6459d1e3bb57227e15196cd17/url HTTP/1.1
User-Agent: selenium/4.8.1 (java windows)
Cache-Control: no-cache
Content-Type: application/json; charset=utf-8
host: localhost:29565
accept: */*

Response DefaultHttpResponse(decodeResult: success, version: HTTP/1.1)
HTTP/1.1 200 OK
Content-Length: 51
Content-Type: application/json; charset=utf-8
cache-control: no-cache

10:40:06.782 [AsyncHttpClient-1-17] DEBUG org.asynchttpclient.netty.channel.ChannelManager - Adding key: http://localhost:29565 for channel [id: 0xf089ab23, L:/127.0.0.1:55289 - R:localhost/127.0.0.1:29565]
10:40:06.788 [Forwarding getPageSource on session 453fb8f6459d1e3bb57227e15196cd17 to remote] DEBUG org.asynchttpclient.netty.request.NettyRequestSender - Using pooled Channel '[id: 0xf089ab23, L:/127.0.0.1:55289 - R:localhost/127.0.0.1:29565]' for 'POST' to 'http://localhost:29565/session/453fb8f6459d1e3bb57227e15196cd17/execute/sync'
10:40:06.788 [Forwarding getPageSource on session 453fb8f6459d1e3bb57227e15196cd17 to remote] DEBUG org.asynchttpclient.netty.request.NettyRequestSender - Using open Channel [id: 0xf089ab23, L:/127.0.0.1:55289 - R:localhost/127.0.0.1:29565] for POST '/session/453fb8f6459d1e3bb57227e15196cd17/execute/sync'
10:40:06.791 [AsyncHttpClient-1-17] DEBUG org.asynchttpclient.netty.handler.HttpHandler - 

Request DefaultHttpRequest(decodeResult: success, version: HTTP/1.1)
POST /session/453fb8f6459d1e3bb57227e15196cd17/execute/sync HTTP/1.1
User-Agent: selenium/4.8.1 (java windows)
Content-Length: 176
Content-Type: application/json; charset=utf-8
host: localhost:29565
accept: */*

Response DefaultHttpResponse(decodeResult: success, version: HTTP/1.1)
HTTP/1.1 200 OK
Content-Length: 22119
Content-Type: application/json; charset=utf-8
cache-control: no-cache

10:40:06.792 [AsyncHttpClient-1-17] DEBUG org.asynchttpclient.netty.channel.ChannelManager - Adding key: http://localhost:29565 for channel [id: 0xf089ab23, L:/127.0.0.1:55289 - R:localhost/127.0.0.1:29565]
10:40:06.793 [Forwarding getCurrentUrl on session 453fb8f6459d1e3bb57227e15196cd17 to remote] DEBUG org.asynchttpclient.netty.request.NettyRequestSender - Using pooled Channel '[id: 0xf089ab23, L:/127.0.0.1:55289 - R:localhost/127.0.0.1:29565]' for 'GET' to 'http://localhost:29565/session/453fb8f6459d1e3bb57227e15196cd17/url'
10:40:06.793 [Forwarding getCurrentUrl on session 453fb8f6459d1e3bb57227e15196cd17 to remote] DEBUG org.asynchttpclient.netty.request.NettyRequestSender - Using open Channel [id: 0xf089ab23, L:/127.0.0.1:55289 - R:localhost/127.0.0.1:29565] for GET '/session/453fb8f6459d1e3bb57227e15196cd17/url'
10:40:06.797 [AsyncHttpClient-1-17] DEBUG org.asynchttpclient.netty.handler.HttpHandler - 

Request DefaultFullHttpRequest(decodeResult: success, version: HTTP/1.1, content: EmptyByteBufBE)
GET /session/453fb8f6459d1e3bb57227e15196cd17/url HTTP/1.1
User-Agent: selenium/4.8.1 (java windows)
Cache-Control: no-cache
Content-Type: application/json; charset=utf-8
host: localhost:29565
accept: */*

Response DefaultHttpResponse(decodeResult: success, version: HTTP/1.1)
HTTP/1.1 200 OK
Content-Length: 51
Content-Type: application/json; charset=utf-8
cache-control: no-cache

10:40:06.797 [AsyncHttpClient-1-17] DEBUG org.asynchttpclient.netty.channel.ChannelManager - Adding key: http://localhost:29565 for channel [id: 0xf089ab23, L:/127.0.0.1:55289 - R:localhost/127.0.0.1:29565]
10:40:06.800 [main] DEBUG net.thucydides.core.steps.StepInterceptor - STARTING STEP: LoginSteps.validateOnHomePage - validateOnHomePage
10:40:06.803 [Forwarding findElement on session 453fb8f6459d1e3bb57227e15196cd17 to remote] DEBUG org.asynchttpclient.netty.request.NettyRequestSender - Using pooled Channel '[id: 0xf089ab23, L:/127.0.0.1:55289 - R:localhost/127.0.0.1:29565]' for 'POST' to 'http://localhost:29565/session/453fb8f6459d1e3bb57227e15196cd17/element'
10:40:06.803 [Forwarding findElement on session 453fb8f6459d1e3bb57227e15196cd17 to remote] DEBUG org.asynchttpclient.netty.request.NettyRequestSender - Using open Channel [id: 0xf089ab23, L:/127.0.0.1:55289 - R:localhost/127.0.0.1:29565] for POST '/session/453fb8f6459d1e3bb57227e15196cd17/element'
10:40:06.917 [AsyncHttpClient-1-17] DEBUG org.asynchttpclient.netty.handler.HttpHandler - 

Request DefaultHttpRequest(decodeResult: success, version: HTTP/1.1)
POST /session/453fb8f6459d1e3bb57227e15196cd17/element HTTP/1.1
User-Agent: selenium/4.8.1 (java windows)
Content-Length: 54
Content-Type: application/json; charset=utf-8
host: localhost:29565
accept: */*

Response DefaultHttpResponse(decodeResult: success, version: HTTP/1.1)
HTTP/1.1 200 OK
Content-Length: 88
Content-Type: application/json; charset=utf-8
cache-control: no-cache

10:40:06.917 [AsyncHttpClient-1-17] DEBUG org.asynchttpclient.netty.channel.ChannelManager - Adding key: http://localhost:29565 for channel [id: 0xf089ab23, L:/127.0.0.1:55289 - R:localhost/127.0.0.1:29565]
10:40:06.921 [Forwarding isElementDisplayed on session 453fb8f6459d1e3bb57227e15196cd17 to remote] DEBUG org.asynchttpclient.netty.request.NettyRequestSender - Using pooled Channel '[id: 0xf089ab23, L:/127.0.0.1:55289 - R:localhost/127.0.0.1:29565]' for 'POST' to 'http://localhost:29565/session/453fb8f6459d1e3bb57227e15196cd17/execute/sync'
10:40:06.921 [Forwarding isElementDisplayed on session 453fb8f6459d1e3bb57227e15196cd17 to remote] DEBUG org.asynchttpclient.netty.request.NettyRequestSender - Using open Channel [id: 0xf089ab23, L:/127.0.0.1:55289 - R:localhost/127.0.0.1:29565] for POST '/session/453fb8f6459d1e3bb57227e15196cd17/execute/sync'
10:40:06.936 [AsyncHttpClient-1-17] DEBUG org.asynchttpclient.netty.handler.HttpHandler - 

Request DefaultHttpRequest(decodeResult: success, version: HTTP/1.1)
POST /session/453fb8f6459d1e3bb57227e15196cd17/execute/sync HTTP/1.1
User-Agent: selenium/4.8.1 (java windows)
Content-Length: 48807
Content-Type: application/json; charset=utf-8
host: localhost:29565
accept: */*

Response DefaultHttpResponse(decodeResult: success, version: HTTP/1.1)
HTTP/1.1 200 OK
Content-Length: 14
Content-Type: application/json; charset=utf-8
cache-control: no-cache

10:40:06.936 [AsyncHttpClient-1-17] DEBUG org.asynchttpclient.netty.channel.ChannelManager - Adding key: http://localhost:29565 for channel [id: 0xf089ab23, L:/127.0.0.1:55289 - R:localhost/127.0.0.1:29565]
10:40:06.940 [Forwarding getAlertText on session 453fb8f6459d1e3bb57227e15196cd17 to remote] DEBUG org.asynchttpclient.netty.request.NettyRequestSender - Using pooled Channel '[id: 0xf089ab23, L:/127.0.0.1:55289 - R:localhost/127.0.0.1:29565]' for 'GET' to 'http://localhost:29565/session/453fb8f6459d1e3bb57227e15196cd17/alert/text'
10:40:06.940 [Forwarding getAlertText on session 453fb8f6459d1e3bb57227e15196cd17 to remote] DEBUG org.asynchttpclient.netty.request.NettyRequestSender - Using open Channel [id: 0xf089ab23, L:/127.0.0.1:55289 - R:localhost/127.0.0.1:29565] for GET '/session/453fb8f6459d1e3bb57227e15196cd17/alert/text'
10:40:06.941 [AsyncHttpClient-1-17] DEBUG org.asynchttpclient.netty.handler.HttpHandler - 

Request DefaultFullHttpRequest(decodeResult: success, version: HTTP/1.1, content: EmptyByteBufBE)
GET /session/453fb8f6459d1e3bb57227e15196cd17/alert/text HTTP/1.1
User-Agent: selenium/4.8.1 (java windows)
Cache-Control: no-cache
Content-Type: application/json; charset=utf-8
host: localhost:29565
accept: */*

Response DefaultHttpResponse(decodeResult: success, version: HTTP/1.1)
HTTP/1.1 404 Not Found
Content-Length: 836
Content-Type: application/json; charset=utf-8
cache-control: no-cache

10:40:06.941 [AsyncHttpClient-1-17] DEBUG org.asynchttpclient.netty.channel.ChannelManager - Adding key: http://localhost:29565 for channel [id: 0xf089ab23, L:/127.0.0.1:55289 - R:localhost/127.0.0.1:29565]
10:40:06.942 [Forwarding getCurrentUrl on session 453fb8f6459d1e3bb57227e15196cd17 to remote] DEBUG org.asynchttpclient.netty.request.NettyRequestSender - Using pooled Channel '[id: 0xf089ab23, L:/127.0.0.1:55289 - R:localhost/127.0.0.1:29565]' for 'GET' to 'http://localhost:29565/session/453fb8f6459d1e3bb57227e15196cd17/url'
10:40:06.942 [Forwarding getCurrentUrl on session 453fb8f6459d1e3bb57227e15196cd17 to remote] DEBUG org.asynchttpclient.netty.request.NettyRequestSender - Using open Channel [id: 0xf089ab23, L:/127.0.0.1:55289 - R:localhost/127.0.0.1:29565] for GET '/session/453fb8f6459d1e3bb57227e15196cd17/url'
10:40:06.945 [AsyncHttpClient-1-17] DEBUG org.asynchttpclient.netty.handler.HttpHandler - 

Request DefaultFullHttpRequest(decodeResult: success, version: HTTP/1.1, content: EmptyByteBufBE)
GET /session/453fb8f6459d1e3bb57227e15196cd17/url HTTP/1.1
User-Agent: selenium/4.8.1 (java windows)
Cache-Control: no-cache
Content-Type: application/json; charset=utf-8
host: localhost:29565
accept: */*

Response DefaultHttpResponse(decodeResult: success, version: HTTP/1.1)
HTTP/1.1 200 OK
Content-Length: 41
Content-Type: application/json; charset=utf-8
cache-control: no-cache

10:40:06.945 [AsyncHttpClient-1-17] DEBUG org.asynchttpclient.netty.channel.ChannelManager - Adding key: http://localhost:29565 for channel [id: 0xf089ab23, L:/127.0.0.1:55289 - R:localhost/127.0.0.1:29565]
10:40:06.946 [Forwarding screenshot on session 453fb8f6459d1e3bb57227e15196cd17 to remote] DEBUG org.asynchttpclient.netty.request.NettyRequestSender - Using pooled Channel '[id: 0xf089ab23, L:/127.0.0.1:55289 - R:localhost/127.0.0.1:29565]' for 'GET' to 'http://localhost:29565/session/453fb8f6459d1e3bb57227e15196cd17/screenshot'
10:40:06.946 [Forwarding screenshot on session 453fb8f6459d1e3bb57227e15196cd17 to remote] DEBUG org.asynchttpclient.netty.request.NettyRequestSender - Using open Channel [id: 0xf089ab23, L:/127.0.0.1:55289 - R:localhost/127.0.0.1:29565] for GET '/session/453fb8f6459d1e3bb57227e15196cd17/screenshot'
10:40:07.484 [AsyncHttpClient-1-17] DEBUG org.asynchttpclient.netty.handler.HttpHandler - 

Request DefaultFullHttpRequest(decodeResult: success, version: HTTP/1.1, content: EmptyByteBufBE)
GET /session/453fb8f6459d1e3bb57227e15196cd17/screenshot HTTP/1.1
User-Agent: selenium/4.8.1 (java windows)
Cache-Control: no-cache
Content-Type: application/json; charset=utf-8
host: localhost:29565
accept: */*

Response DefaultHttpResponse(decodeResult: success, version: HTTP/1.1)
HTTP/1.1 200 OK
Content-Length: 26200
Content-Type: application/json; charset=utf-8
cache-control: no-cache

10:40:07.484 [AsyncHttpClient-1-17] DEBUG org.asynchttpclient.netty.channel.ChannelManager - Adding key: http://localhost:29565 for channel [id: 0xf089ab23, L:/127.0.0.1:55289 - R:localhost/127.0.0.1:29565]
10:40:07.485 [main] DEBUG net.serenitybdd.core.photography.Darkroom - Send negative for processing for target\site\serenity\b39396b112485565e18280aaadc2999bd9279eca4b70f0de5aa8d4376f7f3eb3.png
10:40:07.485 [main] DEBUG net.thucydides.core.steps.StepInterceptor - STEP DONE: validateOnHomePage
  &amp#27;[32mThen &amp#27;[0m&amp#27;[32mI should be redirected to my alta-shop home page&amp#27;[0m &amp#27;[90m# starter.stepdefinitions.LoginSteps.validateOnHomePage()&amp#27;[0m
10:40:07.485 [Darkroom Processing Line] DEBUG net.serenitybdd.core.photography.DarkroomProcessingLine - Processing screenshot image in /var/screenshots/screenshot-13718659662506737347
10:40:07.486 [Darkroom Processing Line] DEBUG net.serenitybdd.core.photography.DarkroomProcessingLine - Saving screenshot to target\site\serenity\b39396b112485565e18280aaadc2999bd9279eca4b70f0de5aa8d4376f7f3eb3.png
10:40:07.489 [main] INFO  - 
  _____   ___   ___   _____     ___     _     ___   ___   ___   ___  
 |_   _| | __| / __| |_   _|   | _ \   /_\   / __| / __| | __| |   \ 
   | |   | _|  \__ \   | |     |  _/  / _ \  \__ \ \__ \ | _|  | |) |
   |_|   |___| |___/   |_|     |_|   /_/ \_\ |___/ |___/ |___| |___/ 

Login with correct credentials
----------------------------------------------------------------------
10:40:07.490 [AsyncHttpClient-1-19] DEBUG org.asynchttpclient.netty.handler.WebSocketHandler - Channel Closed: [id: 0xadbd0c85, L:/127.0.0.1:55298 ! R:localhost/127.0.0.1:55290] with attribute NettyResponseFuture{currentRetry=0,
	isDone=1,
	isCancelled=0,
	asyncHandler=org.asynchttpclient.ws.WebSocketUpgradeHandler@5a72cd51,
	nettyRequest=org.asynchttpclient.netty.request.NettyRequest@1f70587b,
	future=java.util.concurrent.CompletableFuture@1ace5e1a[Completed normally],
	uri=ws://localhost:55290/devtools/browser/55966a9a-46df-4a86-a09c-325dfa88dfb1,
	keepAlive=true,
	redirectCount=0,
	timeoutsHolder=null,
	inAuth=0,
	touch=1683430804640}
10:40:07.490 [AsyncHttpClient-1-19] DEBUG org.asynchttpclient.netty.channel.ChannelManager - Closing Channel [id: 0xadbd0c85, L:/127.0.0.1:55298 ! R:localhost/127.0.0.1:55290] 
10:40:07.490 [Driver Command Executor] DEBUG org.asynchttpclient.netty.request.NettyRequestSender - Using pooled Channel '[id: 0xf089ab23, L:/127.0.0.1:55289 - R:localhost/127.0.0.1:29565]' for 'DELETE' to 'http://localhost:29565/session/453fb8f6459d1e3bb57227e15196cd17'
10:40:07.490 [Driver Command Executor] DEBUG org.asynchttpclient.netty.request.NettyRequestSender - Using open Channel [id: 0xf089ab23, L:/127.0.0.1:55289 - R:localhost/127.0.0.1:29565] for DELETE '/session/453fb8f6459d1e3bb57227e15196cd17'
10:40:07.568 [AsyncHttpClient-1-18] DEBUG org.asynchttpclient.netty.handler.HttpHandler - Unexpected I/O exception on channel [id: 0x5ce6efbf, L:/127.0.0.1:55297 - R:localhost/127.0.0.1:55290]
java.net.SocketException: Connection reset
	at java.base/sun.nio.ch.SocketChannelImpl.throwConnectionReset(SocketChannelImpl.java:367)
	at java.base/sun.nio.ch.SocketChannelImpl.read(SocketChannelImpl.java:398)
	at io.netty.buffer.PooledByteBuf.setBytes(PooledByteBuf.java:259)
	at io.netty.buffer.AbstractByteBuf.writeBytes(AbstractByteBuf.java:1132)
	at io.netty.channel.socket.nio.NioSocketChannel.doReadBytes(NioSocketChannel.java:357)
	at io.netty.channel.nio.AbstractNioByteChannel$NioByteUnsafe.read(AbstractNioByteChannel.java:151)
	at io.netty.channel.nio.NioEventLoop.processSelectedKey(NioEventLoop.java:788)
	at io.netty.channel.nio.NioEventLoop.processSelectedKeysOptimized(NioEventLoop.java:724)
	at io.netty.channel.nio.NioEventLoop.processSelectedKeys(NioEventLoop.java:650)
	at io.netty.channel.nio.NioEventLoop.run(NioEventLoop.java:562)
	at io.netty.util.concurrent.SingleThreadEventExecutor$4.run(SingleThreadEventExecutor.java:997)
	at io.netty.util.internal.ThreadExecutorMap$2.run(ThreadExecutorMap.java:74)
	at io.netty.util.concurrent.FastThreadLocalRunnable.run(FastThreadLocalRunnable.java:30)
	at java.base/java.lang.Thread.run(Thread.java:832)
10:40:07.568 [AsyncHttpClient-1-18] DEBUG org.asynchttpclient.netty.channel.ChannelManager - Closing Channel [id: 0x5ce6efbf, L:/127.0.0.1:55297 - R:localhost/127.0.0.1:55290] 
10:40:07.568 [AsyncHttpClient-1-18] DEBUG org.asynchttpclient.netty.handler.HttpHandler - Channel Closed: [id: 0x5ce6efbf, L:/127.0.0.1:55297 ! R:localhost/127.0.0.1:55290] with attribute DISCARD
10:40:07.578 [AsyncHttpClient-1-17] DEBUG org.asynchttpclient.netty.handler.HttpHandler - 

Request DefaultFullHttpRequest(decodeResult: success, version: HTTP/1.1, content: EmptyByteBufBE)
DELETE /session/453fb8f6459d1e3bb57227e15196cd17 HTTP/1.1
User-Agent: selenium/4.8.1 (java windows)
Content-Type: application/json; charset=utf-8
host: localhost:29565
accept: */*

Response DefaultHttpResponse(decodeResult: success, version: HTTP/1.1)
HTTP/1.1 200 OK
Content-Length: 14
Content-Type: application/json; charset=utf-8
cache-control: no-cache

10:40:07.578 [AsyncHttpClient-1-17] DEBUG org.asynchttpclient.netty.channel.ChannelManager - Adding key: http://localhost:29565 for channel [id: 0xf089ab23, L:/127.0.0.1:55289 - R:localhost/127.0.0.1:29565]
10:40:07.674 [AsyncHttpClient-1-17] DEBUG org.asynchttpclient.netty.handler.HttpHandler - Channel Closed: [id: 0xf089ab23, L:/127.0.0.1:55289 ! R:localhost/127.0.0.1:29565] with attribute DISCARD
10:40:07.704 [AsyncHttpClient-1-1] DEBUG org.asynchttpclient.netty.channel.DefaultChannelPool - Entry count for : http://localhost:55290 : 1
10:40:07.704 [AsyncHttpClient-1-1] DEBUG org.asynchttpclient.netty.channel.DefaultChannelPool - Entry count for : http://localhost:29565 : 1
10:40:07.704 [AsyncHttpClient-1-1] DEBUG org.asynchttpclient.netty.channel.DefaultChannelPool - Adding Candidate expired Channel [id: 0x5ce6efbf, L:/127.0.0.1:55297 ! R:localhost/127.0.0.1:55290] isIdleTimeoutExpired=false isRemotelyClosed=true isTtlExpired=false
10:40:07.704 [AsyncHttpClient-1-1] DEBUG org.asynchttpclient.netty.channel.DefaultChannelPool - Closing Idle Channel [id: 0x5ce6efbf, L:/127.0.0.1:55297 ! R:localhost/127.0.0.1:55290]
10:40:07.704 [AsyncHttpClient-1-1] DEBUG org.asynchttpclient.netty.channel.DefaultChannelPool - Adding Candidate expired Channel [id: 0xf089ab23, L:/127.0.0.1:55289 ! R:localhost/127.0.0.1:29565] isIdleTimeoutExpired=false isRemotelyClosed=true isTtlExpired=false
10:40:07.704 [AsyncHttpClient-1-1] DEBUG org.asynchttpclient.netty.channel.DefaultChannelPool - Closing Idle Channel [id: 0xf089ab23, L:/127.0.0.1:55289 ! R:localhost/127.0.0.1:29565]
10:40:07.704 [AsyncHttpClient-1-1] DEBUG org.asynchttpclient.netty.channel.DefaultChannelPool - Closed 2 connections out of 2 in 0 ms
]]></system-out>
    <system-err><![CDATA[Starting ChromeDriver 111.0.5563.64 (c710e93d5b63b7095afe8c2c17df34408078439d-refs/branch-heads/5563@{#995}) on port 29565
Only local connections are allowed.
Please see https://chromedriver.chromium.org/security-considerations for suggestions on keeping ChromeDriver safe.
ChromeDriver was started successfully.
[1683430804.613][WARNING]: This version of ChromeDriver has not been tested with Chrome version 112.
May 07, 2023 10:40:04 AM org.openqa.selenium.devtools.CdpVersionFinder findNearestMatch
WARNING: Unable to find an exact match for CDP version 112, so returning the closest version found: 110
]]></system-err>
  </testcase>
  <testcase name="Login with wrong password" classname="Login to Alta-shop Account" time="3.405">
    <system-out><![CDATA[
Scenario: Login with wrong password      &amp#27;[90m# src/test/resources/features/2. Login.feature:14&amp#27;[0m
10:40:08.196 [main] DEBUG io.cucumber.core.plugin.SerenityReporter - Running feature from file:///C:/Users/WINDOWS%2010/Documents/GitHub/MiniProject_QE/Web/code/minpro/src/test/resources/features/2.%20Login.feature
10:40:08.200 [main] INFO  - 
  _____   ___   ___   _____     ___   _____     _     ___   _____   ___   ___  
 |_   _| | __| / __| |_   _|   / __| |_   _|   /_\   | _ \ |_   _| | __| |   \ 
   | |   | _|  \__ \   | |     \__ \   | |    / _ \  |   /   | |   | _|  | |) |
   |_|   |___| |___/   |_|     |___/   |_|   /_/ \_\ |_|_\   |_|   |___| |___/ 

Login with wrong password(login-to-alta-shop-account;login-with-wrong-password)
--------------------------------------------------------------------------------
10:40:08.222 [main] DEBUG net.thucydides.core.steps.StepInterceptor - STARTING STEP: LoginSteps.onTheLoginPage - openPage
10:40:08.252 [main] INFO net.serenitybdd.core.webdriver.driverproviders.ChromeDriverProvider - Starting Chrome driver instance with capabilities:
10:40:08.253 [main] INFO net.serenitybdd.core.webdriver.driverproviders.ChromeDriverProvider - Capabilities {acceptInsecureCerts: false, browserName: chrome, goog:chromeOptions: {args: [remote-allow-origins=*], extensions: []}}
10:40:08.325 [AsyncHttpClient-1-20] DEBUG org.asynchttpclient.netty.channel.NettyConnectListener - Using new Channel '[id: 0x3014df67, L:/127.0.0.1:55323 - R:localhost/127.0.0.1:22966]' for 'POST' to '/session'
10:40:08.926 [AsyncHttpClient-1-20] DEBUG org.asynchttpclient.netty.handler.HttpHandler - 

Request DefaultHttpRequest(decodeResult: success, version: HTTP/1.1)
POST /session HTTP/1.1
User-Agent: selenium/4.8.1 (java windows)
Content-Length: 507
Content-Type: application/json; charset=utf-8
host: localhost:22966
accept: */*

Response DefaultHttpResponse(decodeResult: success, version: HTTP/1.1)
HTTP/1.1 200 OK
Content-Length: 863
Content-Type: application/json; charset=utf-8
cache-control: no-cache

10:40:08.926 [AsyncHttpClient-1-20] DEBUG org.asynchttpclient.netty.channel.ChannelManager - Adding key: http://localhost:22966 for channel [id: 0x3014df67, L:/127.0.0.1:55323 - R:localhost/127.0.0.1:22966]
10:40:08.930 [AsyncHttpClient-1-21] DEBUG org.asynchttpclient.netty.channel.NettyConnectListener - Using new Channel '[id: 0x3fc192af, L:/127.0.0.1:55330 - R:localhost/127.0.0.1:55324]' for 'GET' to '/json/version'
10:40:08.931 [AsyncHttpClient-1-21] DEBUG org.asynchttpclient.netty.handler.HttpHandler - 

Request DefaultFullHttpRequest(decodeResult: success, version: HTTP/1.1, content: EmptyByteBufBE)
GET /json/version HTTP/1.1
User-Agent: selenium/4.8.1 (java windows)
host: localhost:55324
accept: */*

Response DefaultHttpResponse(decodeResult: success, version: HTTP/1.1)
HTTP/1.1 200 OK
Content-Security-Policy: frame-ancestors 'none'
Content-Length: 424
Content-Type: application/json; charset=UTF-8

10:40:08.932 [AsyncHttpClient-1-21] DEBUG org.asynchttpclient.netty.channel.ChannelManager - Adding key: http://localhost:55324 for channel [id: 0x3fc192af, L:/127.0.0.1:55330 - R:localhost/127.0.0.1:55324]
10:40:08.933 [AsyncHttpClient-1-22] DEBUG org.asynchttpclient.netty.channel.NettyConnectListener - Using new Channel '[id: 0xaa938ad6, L:/127.0.0.1:55331 - R:localhost/127.0.0.1:55324]' for 'GET' to '/devtools/browser/319f1413-751d-4208-97f9-059f818a376a'
10:40:08.935 [AsyncHttpClient-1-22] DEBUG org.asynchttpclient.netty.handler.WebSocketHandler - 

Request DefaultFullHttpRequest(decodeResult: success, version: HTTP/1.1, content: EmptyByteBufBE)
GET /devtools/browser/319f1413-751d-4208-97f9-059f818a376a HTTP/1.1
upgrade: websocket
connection: upgrade
sec-websocket-key: v/C1HOhagXCg9cIgIEILKQ==
sec-websocket-version: 13
origin: http://localhost:55324
host: localhost:55324
accept: */*
user-agent: AHC/2.1

Response DefaultHttpResponse(decodeResult: success, version: HTTP/1.1)
HTTP/1.1 101 WebSocket Protocol Handshake
Upgrade: WebSocket
Connection: Upgrade
Sec-WebSocket-Accept: tihiudpEr6IsKnrwM6cm7AttsuE=

10:40:08.939 [Forwarding get on session 233bda7f0e1de6005a9ed1169440eb55 to remote] DEBUG org.asynchttpclient.netty.request.NettyRequestSender - Using pooled Channel '[id: 0x3014df67, L:/127.0.0.1:55323 - R:localhost/127.0.0.1:22966]' for 'POST' to 'http://localhost:22966/session/233bda7f0e1de6005a9ed1169440eb55/url'
10:40:08.939 [Forwarding get on session 233bda7f0e1de6005a9ed1169440eb55 to remote] DEBUG org.asynchttpclient.netty.request.NettyRequestSender - Using open Channel [id: 0x3014df67, L:/127.0.0.1:55323 - R:localhost/127.0.0.1:22966] for POST '/session/233bda7f0e1de6005a9ed1169440eb55/url'
10:40:09.882 [AsyncHttpClient-1-20] DEBUG org.asynchttpclient.netty.handler.HttpHandler - 

Request DefaultHttpRequest(decodeResult: success, version: HTTP/1.1)
POST /session/233bda7f0e1de6005a9ed1169440eb55/url HTTP/1.1
User-Agent: selenium/4.8.1 (java windows)
Content-Length: 74
Content-Type: application/json; charset=utf-8
host: localhost:22966
accept: */*

Response DefaultHttpResponse(decodeResult: success, version: HTTP/1.1)
HTTP/1.1 200 OK
Content-Length: 14
Content-Type: application/json; charset=utf-8
cache-control: no-cache

10:40:09.882 [AsyncHttpClient-1-20] DEBUG org.asynchttpclient.netty.channel.ChannelManager - Adding key: http://localhost:22966 for channel [id: 0x3014df67, L:/127.0.0.1:55323 - R:localhost/127.0.0.1:22966]
10:40:09.883 [Forwarding setTimeout on session 233bda7f0e1de6005a9ed1169440eb55 to remote] DEBUG org.asynchttpclient.netty.request.NettyRequestSender - Using pooled Channel '[id: 0x3014df67, L:/127.0.0.1:55323 - R:localhost/127.0.0.1:22966]' for 'POST' to 'http://localhost:22966/session/233bda7f0e1de6005a9ed1169440eb55/timeouts'
10:40:09.883 [Forwarding setTimeout on session 233bda7f0e1de6005a9ed1169440eb55 to remote] DEBUG org.asynchttpclient.netty.request.NettyRequestSender - Using open Channel [id: 0x3014df67, L:/127.0.0.1:55323 - R:localhost/127.0.0.1:22966] for POST '/session/233bda7f0e1de6005a9ed1169440eb55/timeouts'
10:40:09.885 [AsyncHttpClient-1-20] DEBUG org.asynchttpclient.netty.handler.HttpHandler - 

Request DefaultHttpRequest(decodeResult: success, version: HTTP/1.1)
POST /session/233bda7f0e1de6005a9ed1169440eb55/timeouts HTTP/1.1
User-Agent: selenium/4.8.1 (java windows)
Content-Length: 22
Content-Type: application/json; charset=utf-8
host: localhost:22966
accept: */*

Response DefaultHttpResponse(decodeResult: success, version: HTTP/1.1)
HTTP/1.1 200 OK
Content-Length: 14
Content-Type: application/json; charset=utf-8
cache-control: no-cache

10:40:09.885 [AsyncHttpClient-1-20] DEBUG org.asynchttpclient.netty.channel.ChannelManager - Adding key: http://localhost:22966 for channel [id: 0x3014df67, L:/127.0.0.1:55323 - R:localhost/127.0.0.1:22966]
10:40:09.890 [Forwarding getAlertText on session 233bda7f0e1de6005a9ed1169440eb55 to remote] DEBUG org.asynchttpclient.netty.request.NettyRequestSender - Using pooled Channel '[id: 0x3014df67, L:/127.0.0.1:55323 - R:localhost/127.0.0.1:22966]' for 'GET' to 'http://localhost:22966/session/233bda7f0e1de6005a9ed1169440eb55/alert/text'
10:40:09.890 [Forwarding getAlertText on session 233bda7f0e1de6005a9ed1169440eb55 to remote] DEBUG org.asynchttpclient.netty.request.NettyRequestSender - Using open Channel [id: 0x3014df67, L:/127.0.0.1:55323 - R:localhost/127.0.0.1:22966] for GET '/session/233bda7f0e1de6005a9ed1169440eb55/alert/text'
10:40:09.891 [AsyncHttpClient-1-20] DEBUG org.asynchttpclient.netty.handler.HttpHandler - 

Request DefaultFullHttpRequest(decodeResult: success, version: HTTP/1.1, content: EmptyByteBufBE)
GET /session/233bda7f0e1de6005a9ed1169440eb55/alert/text HTTP/1.1
User-Agent: selenium/4.8.1 (java windows)
Cache-Control: no-cache
Content-Type: application/json; charset=utf-8
host: localhost:22966
accept: */*

Response DefaultHttpResponse(decodeResult: success, version: HTTP/1.1)
HTTP/1.1 404 Not Found
Content-Length: 836
Content-Type: application/json; charset=utf-8
cache-control: no-cache

10:40:09.891 [AsyncHttpClient-1-20] DEBUG org.asynchttpclient.netty.channel.ChannelManager - Adding key: http://localhost:22966 for channel [id: 0x3014df67, L:/127.0.0.1:55323 - R:localhost/127.0.0.1:22966]
10:40:09.892 [Forwarding getCurrentUrl on session 233bda7f0e1de6005a9ed1169440eb55 to remote] DEBUG org.asynchttpclient.netty.request.NettyRequestSender - Using pooled Channel '[id: 0x3014df67, L:/127.0.0.1:55323 - R:localhost/127.0.0.1:22966]' for 'GET' to 'http://localhost:22966/session/233bda7f0e1de6005a9ed1169440eb55/url'
10:40:09.892 [Forwarding getCurrentUrl on session 233bda7f0e1de6005a9ed1169440eb55 to remote] DEBUG org.asynchttpclient.netty.request.NettyRequestSender - Using open Channel [id: 0x3014df67, L:/127.0.0.1:55323 - R:localhost/127.0.0.1:22966] for GET '/session/233bda7f0e1de6005a9ed1169440eb55/url'
10:40:09.897 [AsyncHttpClient-1-20] DEBUG org.asynchttpclient.netty.handler.HttpHandler - 

Request DefaultFullHttpRequest(decodeResult: success, version: HTTP/1.1, content: EmptyByteBufBE)
GET /session/233bda7f0e1de6005a9ed1169440eb55/url HTTP/1.1
User-Agent: selenium/4.8.1 (java windows)
Cache-Control: no-cache
Content-Type: application/json; charset=utf-8
host: localhost:22966
accept: */*

Response DefaultHttpResponse(decodeResult: success, version: HTTP/1.1)
HTTP/1.1 200 OK
Content-Length: 51
Content-Type: application/json; charset=utf-8
cache-control: no-cache

10:40:09.897 [AsyncHttpClient-1-20] DEBUG org.asynchttpclient.netty.channel.ChannelManager - Adding key: http://localhost:22966 for channel [id: 0x3014df67, L:/127.0.0.1:55323 - R:localhost/127.0.0.1:22966]
10:40:09.897 [Forwarding screenshot on session 233bda7f0e1de6005a9ed1169440eb55 to remote] DEBUG org.asynchttpclient.netty.request.NettyRequestSender - Using pooled Channel '[id: 0x3014df67, L:/127.0.0.1:55323 - R:localhost/127.0.0.1:22966]' for 'GET' to 'http://localhost:22966/session/233bda7f0e1de6005a9ed1169440eb55/screenshot'
10:40:09.897 [Forwarding screenshot on session 233bda7f0e1de6005a9ed1169440eb55 to remote] DEBUG org.asynchttpclient.netty.request.NettyRequestSender - Using open Channel [id: 0x3014df67, L:/127.0.0.1:55323 - R:localhost/127.0.0.1:22966] for GET '/session/233bda7f0e1de6005a9ed1169440eb55/screenshot'
10:40:09.899 [AsyncHttpClient-1-1] DEBUG org.asynchttpclient.netty.channel.DefaultChannelPool - Entry count for : http://localhost:55324 : 1
10:40:09.985 [AsyncHttpClient-1-20] DEBUG org.asynchttpclient.netty.handler.HttpHandler - 

Request DefaultFullHttpRequest(decodeResult: success, version: HTTP/1.1, content: EmptyByteBufBE)
GET /session/233bda7f0e1de6005a9ed1169440eb55/screenshot HTTP/1.1
User-Agent: selenium/4.8.1 (java windows)
Cache-Control: no-cache
Content-Type: application/json; charset=utf-8
host: localhost:22966
accept: */*

Response DefaultHttpResponse(decodeResult: success, version: HTTP/1.1)
HTTP/1.1 200 OK
Content-Length: 25208
Content-Type: application/json; charset=utf-8
cache-control: no-cache

10:40:09.985 [AsyncHttpClient-1-20] DEBUG org.asynchttpclient.netty.channel.ChannelManager - Adding key: http://localhost:22966 for channel [id: 0x3014df67, L:/127.0.0.1:55323 - R:localhost/127.0.0.1:22966]
10:40:09.987 [main] DEBUG net.serenitybdd.core.photography.Darkroom - Send negative for processing for target\site\serenity\edb14d4aab401efa0e4fb99861e6ffcafebc86a67b69f7828890b9910ed2ddbd.png
10:40:09.988 [main] DEBUG net.thucydides.core.steps.StepInterceptor - STEP DONE: openPage
  &amp#27;[32mGiven &amp#27;[0m&amp#27;[32mI am on the alta-shop login page&amp#27;[0m &amp#27;[90m# starter.stepdefinitions.LoginSteps.onTheLoginPage()&amp#27;[0m
10:40:09.995 [Forwarding getPageSource on session 233bda7f0e1de6005a9ed1169440eb55 to remote] DEBUG org.asynchttpclient.netty.request.NettyRequestSender - Using pooled Channel '[id: 0x3014df67, L:/127.0.0.1:55323 - R:localhost/127.0.0.1:22966]' for 'POST' to 'http://localhost:22966/session/233bda7f0e1de6005a9ed1169440eb55/execute/sync'
10:40:09.995 [Forwarding getPageSource on session 233bda7f0e1de6005a9ed1169440eb55 to remote] DEBUG org.asynchttpclient.netty.request.NettyRequestSender - Using open Channel [id: 0x3014df67, L:/127.0.0.1:55323 - R:localhost/127.0.0.1:22966] for POST '/session/233bda7f0e1de6005a9ed1169440eb55/execute/sync'
10:40:09.999 [AsyncHttpClient-1-20] DEBUG org.asynchttpclient.netty.handler.HttpHandler - 

Request DefaultHttpRequest(decodeResult: success, version: HTTP/1.1)
POST /session/233bda7f0e1de6005a9ed1169440eb55/execute/sync HTTP/1.1
User-Agent: selenium/4.8.1 (java windows)
Content-Length: 176
Content-Type: application/json; charset=utf-8
host: localhost:22966
accept: */*

Response DefaultHttpResponse(decodeResult: success, version: HTTP/1.1)
HTTP/1.1 200 OK
Content-Length: 21659
Content-Type: application/json; charset=utf-8
cache-control: no-cache

10:40:10.000 [AsyncHttpClient-1-20] DEBUG org.asynchttpclient.netty.channel.ChannelManager - Adding key: http://localhost:22966 for channel [id: 0x3014df67, L:/127.0.0.1:55323 - R:localhost/127.0.0.1:22966]
10:40:10.001 [Forwarding getCurrentUrl on session 233bda7f0e1de6005a9ed1169440eb55 to remote] DEBUG org.asynchttpclient.netty.request.NettyRequestSender - Using pooled Channel '[id: 0x3014df67, L:/127.0.0.1:55323 - R:localhost/127.0.0.1:22966]' for 'GET' to 'http://localhost:22966/session/233bda7f0e1de6005a9ed1169440eb55/url'
10:40:10.001 [Forwarding getCurrentUrl on session 233bda7f0e1de6005a9ed1169440eb55 to remote] DEBUG org.asynchttpclient.netty.request.NettyRequestSender - Using open Channel [id: 0x3014df67, L:/127.0.0.1:55323 - R:localhost/127.0.0.1:22966] for GET '/session/233bda7f0e1de6005a9ed1169440eb55/url'
10:40:10.004 [AsyncHttpClient-1-20] DEBUG org.asynchttpclient.netty.handler.HttpHandler - 

Request DefaultFullHttpRequest(decodeResult: success, version: HTTP/1.1, content: EmptyByteBufBE)
GET /session/233bda7f0e1de6005a9ed1169440eb55/url HTTP/1.1
User-Agent: selenium/4.8.1 (java windows)
Cache-Control: no-cache
Content-Type: application/json; charset=utf-8
host: localhost:22966
accept: */*

Response DefaultHttpResponse(decodeResult: success, version: HTTP/1.1)
HTTP/1.1 200 OK
Content-Length: 51
Content-Type: application/json; charset=utf-8
cache-control: no-cache

10:40:10.004 [AsyncHttpClient-1-20] DEBUG org.asynchttpclient.netty.channel.ChannelManager - Adding key: http://localhost:22966 for channel [id: 0x3014df67, L:/127.0.0.1:55323 - R:localhost/127.0.0.1:22966]
10:40:10.010 [Forwarding getPageSource on session 233bda7f0e1de6005a9ed1169440eb55 to remote] DEBUG org.asynchttpclient.netty.request.NettyRequestSender - Using pooled Channel '[id: 0x3014df67, L:/127.0.0.1:55323 - R:localhost/127.0.0.1:22966]' for 'POST' to 'http://localhost:22966/session/233bda7f0e1de6005a9ed1169440eb55/execute/sync'
10:40:10.010 [Forwarding getPageSource on session 233bda7f0e1de6005a9ed1169440eb55 to remote] DEBUG org.asynchttpclient.netty.request.NettyRequestSender - Using open Channel [id: 0x3014df67, L:/127.0.0.1:55323 - R:localhost/127.0.0.1:22966] for POST '/session/233bda7f0e1de6005a9ed1169440eb55/execute/sync'
10:40:10.014 [AsyncHttpClient-1-20] DEBUG org.asynchttpclient.netty.handler.HttpHandler - 

Request DefaultHttpRequest(decodeResult: success, version: HTTP/1.1)
POST /session/233bda7f0e1de6005a9ed1169440eb55/execute/sync HTTP/1.1
User-Agent: selenium/4.8.1 (java windows)
Content-Length: 176
Content-Type: application/json; charset=utf-8
host: localhost:22966
accept: */*

Response DefaultHttpResponse(decodeResult: success, version: HTTP/1.1)
HTTP/1.1 200 OK
Content-Length: 21659
Content-Type: application/json; charset=utf-8
cache-control: no-cache

10:40:10.014 [AsyncHttpClient-1-20] DEBUG org.asynchttpclient.netty.channel.ChannelManager - Adding key: http://localhost:22966 for channel [id: 0x3014df67, L:/127.0.0.1:55323 - R:localhost/127.0.0.1:22966]
10:40:10.016 [Forwarding getCurrentUrl on session 233bda7f0e1de6005a9ed1169440eb55 to remote] DEBUG org.asynchttpclient.netty.request.NettyRequestSender - Using pooled Channel '[id: 0x3014df67, L:/127.0.0.1:55323 - R:localhost/127.0.0.1:22966]' for 'GET' to 'http://localhost:22966/session/233bda7f0e1de6005a9ed1169440eb55/url'
10:40:10.016 [Forwarding getCurrentUrl on session 233bda7f0e1de6005a9ed1169440eb55 to remote] DEBUG org.asynchttpclient.netty.request.NettyRequestSender - Using open Channel [id: 0x3014df67, L:/127.0.0.1:55323 - R:localhost/127.0.0.1:22966] for GET '/session/233bda7f0e1de6005a9ed1169440eb55/url'
10:40:10.019 [AsyncHttpClient-1-20] DEBUG org.asynchttpclient.netty.handler.HttpHandler - 

Request DefaultFullHttpRequest(decodeResult: success, version: HTTP/1.1, content: EmptyByteBufBE)
GET /session/233bda7f0e1de6005a9ed1169440eb55/url HTTP/1.1
User-Agent: selenium/4.8.1 (java windows)
Cache-Control: no-cache
Content-Type: application/json; charset=utf-8
host: localhost:22966
accept: */*

Response DefaultHttpResponse(decodeResult: success, version: HTTP/1.1)
HTTP/1.1 200 OK
Content-Length: 51
Content-Type: application/json; charset=utf-8
cache-control: no-cache

10:40:10.019 [AsyncHttpClient-1-20] DEBUG org.asynchttpclient.netty.channel.ChannelManager - Adding key: http://localhost:22966 for channel [id: 0x3014df67, L:/127.0.0.1:55323 - R:localhost/127.0.0.1:22966]
10:40:10.021 [main] DEBUG net.thucydides.core.steps.StepInterceptor - STARTING STEP: LoginSteps.inputEmail - inputEmail
10:40:10.022 [Forwarding findElement on session 233bda7f0e1de6005a9ed1169440eb55 to remote] DEBUG org.asynchttpclient.netty.request.NettyRequestSender - Using pooled Channel '[id: 0x3014df67, L:/127.0.0.1:55323 - R:localhost/127.0.0.1:22966]' for 'POST' to 'http://localhost:22966/session/233bda7f0e1de6005a9ed1169440eb55/element'
10:40:10.022 [Forwarding findElement on session 233bda7f0e1de6005a9ed1169440eb55 to remote] DEBUG org.asynchttpclient.netty.request.NettyRequestSender - Using open Channel [id: 0x3014df67, L:/127.0.0.1:55323 - R:localhost/127.0.0.1:22966] for POST '/session/233bda7f0e1de6005a9ed1169440eb55/element'
10:40:10.030 [AsyncHttpClient-1-20] DEBUG org.asynchttpclient.netty.handler.HttpHandler - 

Request DefaultHttpRequest(decodeResult: success, version: HTTP/1.1)
POST /session/233bda7f0e1de6005a9ed1169440eb55/element HTTP/1.1
User-Agent: selenium/4.8.1 (java windows)
Content-Length: 55
Content-Type: application/json; charset=utf-8
host: localhost:22966
accept: */*

Response DefaultHttpResponse(decodeResult: success, version: HTTP/1.1)
HTTP/1.1 200 OK
Content-Length: 88
Content-Type: application/json; charset=utf-8
cache-control: no-cache

10:40:10.030 [AsyncHttpClient-1-20] DEBUG org.asynchttpclient.netty.channel.ChannelManager - Adding key: http://localhost:22966 for channel [id: 0x3014df67, L:/127.0.0.1:55323 - R:localhost/127.0.0.1:22966]
10:40:10.031 [Forwarding clearElement on session 233bda7f0e1de6005a9ed1169440eb55 to remote] DEBUG org.asynchttpclient.netty.request.NettyRequestSender - Using pooled Channel '[id: 0x3014df67, L:/127.0.0.1:55323 - R:localhost/127.0.0.1:22966]' for 'POST' to 'http://localhost:22966/session/233bda7f0e1de6005a9ed1169440eb55/element/a8aadeba-eabc-4a9e-9ada-d8cc81c016eb/clear'
10:40:10.031 [Forwarding clearElement on session 233bda7f0e1de6005a9ed1169440eb55 to remote] DEBUG org.asynchttpclient.netty.request.NettyRequestSender - Using open Channel [id: 0x3014df67, L:/127.0.0.1:55323 - R:localhost/127.0.0.1:22966] for POST '/session/233bda7f0e1de6005a9ed1169440eb55/element/a8aadeba-eabc-4a9e-9ada-d8cc81c016eb/clear'
10:40:10.055 [AsyncHttpClient-1-20] DEBUG org.asynchttpclient.netty.handler.HttpHandler - 

Request DefaultHttpRequest(decodeResult: success, version: HTTP/1.1)
POST /session/233bda7f0e1de6005a9ed1169440eb55/element/a8aadeba-eabc-4a9e-9ada-d8cc81c016eb/clear HTTP/1.1
User-Agent: selenium/4.8.1 (java windows)
Content-Length: 50
Content-Type: application/json; charset=utf-8
host: localhost:22966
accept: */*

Response DefaultHttpResponse(decodeResult: success, version: HTTP/1.1)
HTTP/1.1 200 OK
Content-Length: 14
Content-Type: application/json; charset=utf-8
cache-control: no-cache

10:40:10.056 [AsyncHttpClient-1-20] DEBUG org.asynchttpclient.netty.channel.ChannelManager - Adding key: http://localhost:22966 for channel [id: 0x3014df67, L:/127.0.0.1:55323 - R:localhost/127.0.0.1:22966]
10:40:10.057 [Forwarding sendKeysToElement on session 233bda7f0e1de6005a9ed1169440eb55 to remote] DEBUG org.asynchttpclient.netty.request.NettyRequestSender - Using pooled Channel '[id: 0x3014df67, L:/127.0.0.1:55323 - R:localhost/127.0.0.1:22966]' for 'POST' to 'http://localhost:22966/session/233bda7f0e1de6005a9ed1169440eb55/element/a8aadeba-eabc-4a9e-9ada-d8cc81c016eb/value'
10:40:10.057 [Forwarding sendKeysToElement on session 233bda7f0e1de6005a9ed1169440eb55 to remote] DEBUG org.asynchttpclient.netty.request.NettyRequestSender - Using open Channel [id: 0x3014df67, L:/127.0.0.1:55323 - R:localhost/127.0.0.1:22966] for POST '/session/233bda7f0e1de6005a9ed1169440eb55/element/a8aadeba-eabc-4a9e-9ada-d8cc81c016eb/value'
10:40:10.131 [AsyncHttpClient-1-20] DEBUG org.asynchttpclient.netty.handler.HttpHandler - 

Request DefaultHttpRequest(decodeResult: success, version: HTTP/1.1)
POST /session/233bda7f0e1de6005a9ed1169440eb55/element/a8aadeba-eabc-4a9e-9ada-d8cc81c016eb/value HTTP/1.1
User-Agent: selenium/4.8.1 (java windows)
Content-Length: 241
Content-Type: application/json; charset=utf-8
host: localhost:22966
accept: */*

Response DefaultHttpResponse(decodeResult: success, version: HTTP/1.1)
HTTP/1.1 200 OK
Content-Length: 14
Content-Type: application/json; charset=utf-8
cache-control: no-cache

10:40:10.131 [AsyncHttpClient-1-20] DEBUG org.asynchttpclient.netty.channel.ChannelManager - Adding key: http://localhost:22966 for channel [id: 0x3014df67, L:/127.0.0.1:55323 - R:localhost/127.0.0.1:22966]
10:40:10.135 [Forwarding getAlertText on session 233bda7f0e1de6005a9ed1169440eb55 to remote] DEBUG org.asynchttpclient.netty.request.NettyRequestSender - Using pooled Channel '[id: 0x3014df67, L:/127.0.0.1:55323 - R:localhost/127.0.0.1:22966]' for 'GET' to 'http://localhost:22966/session/233bda7f0e1de6005a9ed1169440eb55/alert/text'
10:40:10.135 [Forwarding getAlertText on session 233bda7f0e1de6005a9ed1169440eb55 to remote] DEBUG org.asynchttpclient.netty.request.NettyRequestSender - Using open Channel [id: 0x3014df67, L:/127.0.0.1:55323 - R:localhost/127.0.0.1:22966] for GET '/session/233bda7f0e1de6005a9ed1169440eb55/alert/text'
10:40:10.136 [AsyncHttpClient-1-20] DEBUG org.asynchttpclient.netty.handler.HttpHandler - 

Request DefaultFullHttpRequest(decodeResult: success, version: HTTP/1.1, content: EmptyByteBufBE)
GET /session/233bda7f0e1de6005a9ed1169440eb55/alert/text HTTP/1.1
User-Agent: selenium/4.8.1 (java windows)
Cache-Control: no-cache
Content-Type: application/json; charset=utf-8
host: localhost:22966
accept: */*

Response DefaultHttpResponse(decodeResult: success, version: HTTP/1.1)
HTTP/1.1 404 Not Found
Content-Length: 836
Content-Type: application/json; charset=utf-8
cache-control: no-cache

10:40:10.136 [AsyncHttpClient-1-20] DEBUG org.asynchttpclient.netty.channel.ChannelManager - Adding key: http://localhost:22966 for channel [id: 0x3014df67, L:/127.0.0.1:55323 - R:localhost/127.0.0.1:22966]
10:40:10.137 [Forwarding getCurrentUrl on session 233bda7f0e1de6005a9ed1169440eb55 to remote] DEBUG org.asynchttpclient.netty.request.NettyRequestSender - Using pooled Channel '[id: 0x3014df67, L:/127.0.0.1:55323 - R:localhost/127.0.0.1:22966]' for 'GET' to 'http://localhost:22966/session/233bda7f0e1de6005a9ed1169440eb55/url'
10:40:10.137 [Forwarding getCurrentUrl on session 233bda7f0e1de6005a9ed1169440eb55 to remote] DEBUG org.asynchttpclient.netty.request.NettyRequestSender - Using open Channel [id: 0x3014df67, L:/127.0.0.1:55323 - R:localhost/127.0.0.1:22966] for GET '/session/233bda7f0e1de6005a9ed1169440eb55/url'
10:40:10.140 [AsyncHttpClient-1-20] DEBUG org.asynchttpclient.netty.handler.HttpHandler - 

Request DefaultFullHttpRequest(decodeResult: success, version: HTTP/1.1, content: EmptyByteBufBE)
GET /session/233bda7f0e1de6005a9ed1169440eb55/url HTTP/1.1
User-Agent: selenium/4.8.1 (java windows)
Cache-Control: no-cache
Content-Type: application/json; charset=utf-8
host: localhost:22966
accept: */*

Response DefaultHttpResponse(decodeResult: success, version: HTTP/1.1)
HTTP/1.1 200 OK
Content-Length: 51
Content-Type: application/json; charset=utf-8
cache-control: no-cache

10:40:10.140 [AsyncHttpClient-1-20] DEBUG org.asynchttpclient.netty.channel.ChannelManager - Adding key: http://localhost:22966 for channel [id: 0x3014df67, L:/127.0.0.1:55323 - R:localhost/127.0.0.1:22966]
10:40:10.140 [Forwarding screenshot on session 233bda7f0e1de6005a9ed1169440eb55 to remote] DEBUG org.asynchttpclient.netty.request.NettyRequestSender - Using pooled Channel '[id: 0x3014df67, L:/127.0.0.1:55323 - R:localhost/127.0.0.1:22966]' for 'GET' to 'http://localhost:22966/session/233bda7f0e1de6005a9ed1169440eb55/screenshot'
10:40:10.141 [Forwarding screenshot on session 233bda7f0e1de6005a9ed1169440eb55 to remote] DEBUG org.asynchttpclient.netty.request.NettyRequestSender - Using open Channel [id: 0x3014df67, L:/127.0.0.1:55323 - R:localhost/127.0.0.1:22966] for GET '/session/233bda7f0e1de6005a9ed1169440eb55/screenshot'
10:40:10.229 [AsyncHttpClient-1-20] DEBUG org.asynchttpclient.netty.handler.HttpHandler - 

Request DefaultFullHttpRequest(decodeResult: success, version: HTTP/1.1, content: EmptyByteBufBE)
GET /session/233bda7f0e1de6005a9ed1169440eb55/screenshot HTTP/1.1
User-Agent: selenium/4.8.1 (java windows)
Cache-Control: no-cache
Content-Type: application/json; charset=utf-8
host: localhost:22966
accept: */*

Response DefaultHttpResponse(decodeResult: success, version: HTTP/1.1)
HTTP/1.1 200 OK
Content-Length: 30284
Content-Type: application/json; charset=utf-8
cache-control: no-cache

10:40:10.230 [AsyncHttpClient-1-20] DEBUG org.asynchttpclient.netty.channel.ChannelManager - Adding key: http://localhost:22966 for channel [id: 0x3014df67, L:/127.0.0.1:55323 - R:localhost/127.0.0.1:22966]
10:40:10.230 [main] DEBUG net.serenitybdd.core.photography.Darkroom - Send negative for processing for target\site\serenity\42eece287cd0607eb9db72fdd74c97d39bcd8673d0b7b015c13b54ca9c9ea23e.png
10:40:10.231 [main] DEBUG net.thucydides.core.steps.StepInterceptor - STEP DONE: inputEmail
10:40:10.231 [Darkroom Processing Line] DEBUG net.serenitybdd.core.photography.DarkroomProcessingLine - Processing screenshot image in /var/screenshots/screenshot-2567214125308168663
  &amp#27;[32mAnd &amp#27;[0m&amp#27;[32mI enter correct email&amp#27;[0m              &amp#27;[90m# starter.stepdefinitions.LoginSteps.inputEmail()&amp#27;[0m
10:40:10.231 [Darkroom Processing Line] DEBUG net.serenitybdd.core.photography.DarkroomProcessingLine - Saving screenshot to target\site\serenity\42eece287cd0607eb9db72fdd74c97d39bcd8673d0b7b015c13b54ca9c9ea23e.png
10:40:10.239 [Forwarding getPageSource on session 233bda7f0e1de6005a9ed1169440eb55 to remote] DEBUG org.asynchttpclient.netty.request.NettyRequestSender - Using pooled Channel '[id: 0x3014df67, L:/127.0.0.1:55323 - R:localhost/127.0.0.1:22966]' for 'POST' to 'http://localhost:22966/session/233bda7f0e1de6005a9ed1169440eb55/execute/sync'
10:40:10.239 [Forwarding getPageSource on session 233bda7f0e1de6005a9ed1169440eb55 to remote] DEBUG org.asynchttpclient.netty.request.NettyRequestSender - Using open Channel [id: 0x3014df67, L:/127.0.0.1:55323 - R:localhost/127.0.0.1:22966] for POST '/session/233bda7f0e1de6005a9ed1169440eb55/execute/sync'
10:40:10.244 [AsyncHttpClient-1-20] DEBUG org.asynchttpclient.netty.handler.HttpHandler - 

Request DefaultHttpRequest(decodeResult: success, version: HTTP/1.1)
POST /session/233bda7f0e1de6005a9ed1169440eb55/execute/sync HTTP/1.1
User-Agent: selenium/4.8.1 (java windows)
Content-Length: 176
Content-Type: application/json; charset=utf-8
host: localhost:22966
accept: */*

Response DefaultHttpResponse(decodeResult: success, version: HTTP/1.1)
HTTP/1.1 200 OK
Content-Length: 21780
Content-Type: application/json; charset=utf-8
cache-control: no-cache

10:40:10.245 [AsyncHttpClient-1-20] DEBUG org.asynchttpclient.netty.channel.ChannelManager - Adding key: http://localhost:22966 for channel [id: 0x3014df67, L:/127.0.0.1:55323 - R:localhost/127.0.0.1:22966]
10:40:10.246 [Forwarding getCurrentUrl on session 233bda7f0e1de6005a9ed1169440eb55 to remote] DEBUG org.asynchttpclient.netty.request.NettyRequestSender - Using pooled Channel '[id: 0x3014df67, L:/127.0.0.1:55323 - R:localhost/127.0.0.1:22966]' for 'GET' to 'http://localhost:22966/session/233bda7f0e1de6005a9ed1169440eb55/url'
10:40:10.246 [Forwarding getCurrentUrl on session 233bda7f0e1de6005a9ed1169440eb55 to remote] DEBUG org.asynchttpclient.netty.request.NettyRequestSender - Using open Channel [id: 0x3014df67, L:/127.0.0.1:55323 - R:localhost/127.0.0.1:22966] for GET '/session/233bda7f0e1de6005a9ed1169440eb55/url'
10:40:10.250 [AsyncHttpClient-1-20] DEBUG org.asynchttpclient.netty.handler.HttpHandler - 

Request DefaultFullHttpRequest(decodeResult: success, version: HTTP/1.1, content: EmptyByteBufBE)
GET /session/233bda7f0e1de6005a9ed1169440eb55/url HTTP/1.1
User-Agent: selenium/4.8.1 (java windows)
Cache-Control: no-cache
Content-Type: application/json; charset=utf-8
host: localhost:22966
accept: */*

Response DefaultHttpResponse(decodeResult: success, version: HTTP/1.1)
HTTP/1.1 200 OK
Content-Length: 51
Content-Type: application/json; charset=utf-8
cache-control: no-cache

10:40:10.250 [AsyncHttpClient-1-20] DEBUG org.asynchttpclient.netty.channel.ChannelManager - Adding key: http://localhost:22966 for channel [id: 0x3014df67, L:/127.0.0.1:55323 - R:localhost/127.0.0.1:22966]
10:40:10.259 [Forwarding getPageSource on session 233bda7f0e1de6005a9ed1169440eb55 to remote] DEBUG org.asynchttpclient.netty.request.NettyRequestSender - Using pooled Channel '[id: 0x3014df67, L:/127.0.0.1:55323 - R:localhost/127.0.0.1:22966]' for 'POST' to 'http://localhost:22966/session/233bda7f0e1de6005a9ed1169440eb55/execute/sync'
10:40:10.259 [Forwarding getPageSource on session 233bda7f0e1de6005a9ed1169440eb55 to remote] DEBUG org.asynchttpclient.netty.request.NettyRequestSender - Using open Channel [id: 0x3014df67, L:/127.0.0.1:55323 - R:localhost/127.0.0.1:22966] for POST '/session/233bda7f0e1de6005a9ed1169440eb55/execute/sync'
10:40:10.265 [AsyncHttpClient-1-20] DEBUG org.asynchttpclient.netty.handler.HttpHandler - 

Request DefaultHttpRequest(decodeResult: success, version: HTTP/1.1)
POST /session/233bda7f0e1de6005a9ed1169440eb55/execute/sync HTTP/1.1
User-Agent: selenium/4.8.1 (java windows)
Content-Length: 176
Content-Type: application/json; charset=utf-8
host: localhost:22966
accept: */*

Response DefaultHttpResponse(decodeResult: success, version: HTTP/1.1)
HTTP/1.1 200 OK
Content-Length: 21780
Content-Type: application/json; charset=utf-8
cache-control: no-cache

10:40:10.265 [AsyncHttpClient-1-20] DEBUG org.asynchttpclient.netty.channel.ChannelManager - Adding key: http://localhost:22966 for channel [id: 0x3014df67, L:/127.0.0.1:55323 - R:localhost/127.0.0.1:22966]
10:40:10.267 [Forwarding getCurrentUrl on session 233bda7f0e1de6005a9ed1169440eb55 to remote] DEBUG org.asynchttpclient.netty.request.NettyRequestSender - Using pooled Channel '[id: 0x3014df67, L:/127.0.0.1:55323 - R:localhost/127.0.0.1:22966]' for 'GET' to 'http://localhost:22966/session/233bda7f0e1de6005a9ed1169440eb55/url'
10:40:10.267 [Forwarding getCurrentUrl on session 233bda7f0e1de6005a9ed1169440eb55 to remote] DEBUG org.asynchttpclient.netty.request.NettyRequestSender - Using open Channel [id: 0x3014df67, L:/127.0.0.1:55323 - R:localhost/127.0.0.1:22966] for GET '/session/233bda7f0e1de6005a9ed1169440eb55/url'
10:40:10.271 [AsyncHttpClient-1-20] DEBUG org.asynchttpclient.netty.handler.HttpHandler - 

Request DefaultFullHttpRequest(decodeResult: success, version: HTTP/1.1, content: EmptyByteBufBE)
GET /session/233bda7f0e1de6005a9ed1169440eb55/url HTTP/1.1
User-Agent: selenium/4.8.1 (java windows)
Cache-Control: no-cache
Content-Type: application/json; charset=utf-8
host: localhost:22966
accept: */*

Response DefaultHttpResponse(decodeResult: success, version: HTTP/1.1)
HTTP/1.1 200 OK
Content-Length: 51
Content-Type: application/json; charset=utf-8
cache-control: no-cache

10:40:10.271 [AsyncHttpClient-1-20] DEBUG org.asynchttpclient.netty.channel.ChannelManager - Adding key: http://localhost:22966 for channel [id: 0x3014df67, L:/127.0.0.1:55323 - R:localhost/127.0.0.1:22966]
10:40:10.274 [main] DEBUG net.thucydides.core.steps.StepInterceptor - STARTING STEP: LoginSteps.inputIncorrectPassword - inputPassword
10:40:10.277 [Forwarding findElement on session 233bda7f0e1de6005a9ed1169440eb55 to remote] DEBUG org.asynchttpclient.netty.request.NettyRequestSender - Using pooled Channel '[id: 0x3014df67, L:/127.0.0.1:55323 - R:localhost/127.0.0.1:22966]' for 'POST' to 'http://localhost:22966/session/233bda7f0e1de6005a9ed1169440eb55/element'
10:40:10.277 [Forwarding findElement on session 233bda7f0e1de6005a9ed1169440eb55 to remote] DEBUG org.asynchttpclient.netty.request.NettyRequestSender - Using open Channel [id: 0x3014df67, L:/127.0.0.1:55323 - R:localhost/127.0.0.1:22966] for POST '/session/233bda7f0e1de6005a9ed1169440eb55/element'
10:40:10.288 [AsyncHttpClient-1-20] DEBUG org.asynchttpclient.netty.handler.HttpHandler - 

Request DefaultHttpRequest(decodeResult: success, version: HTTP/1.1)
POST /session/233bda7f0e1de6005a9ed1169440eb55/element HTTP/1.1
User-Agent: selenium/4.8.1 (java windows)
Content-Length: 55
Content-Type: application/json; charset=utf-8
host: localhost:22966
accept: */*

Response DefaultHttpResponse(decodeResult: success, version: HTTP/1.1)
HTTP/1.1 200 OK
Content-Length: 88
Content-Type: application/json; charset=utf-8
cache-control: no-cache

10:40:10.288 [AsyncHttpClient-1-20] DEBUG org.asynchttpclient.netty.channel.ChannelManager - Adding key: http://localhost:22966 for channel [id: 0x3014df67, L:/127.0.0.1:55323 - R:localhost/127.0.0.1:22966]
10:40:10.290 [Forwarding clearElement on session 233bda7f0e1de6005a9ed1169440eb55 to remote] DEBUG org.asynchttpclient.netty.request.NettyRequestSender - Using pooled Channel '[id: 0x3014df67, L:/127.0.0.1:55323 - R:localhost/127.0.0.1:22966]' for 'POST' to 'http://localhost:22966/session/233bda7f0e1de6005a9ed1169440eb55/element/e38d1aa1-fdc8-427c-a4b7-869b1c202637/clear'
10:40:10.290 [Forwarding clearElement on session 233bda7f0e1de6005a9ed1169440eb55 to remote] DEBUG org.asynchttpclient.netty.request.NettyRequestSender - Using open Channel [id: 0x3014df67, L:/127.0.0.1:55323 - R:localhost/127.0.0.1:22966] for POST '/session/233bda7f0e1de6005a9ed1169440eb55/element/e38d1aa1-fdc8-427c-a4b7-869b1c202637/clear'
10:40:10.318 [AsyncHttpClient-1-20] DEBUG org.asynchttpclient.netty.handler.HttpHandler - 

Request DefaultHttpRequest(decodeResult: success, version: HTTP/1.1)
POST /session/233bda7f0e1de6005a9ed1169440eb55/element/e38d1aa1-fdc8-427c-a4b7-869b1c202637/clear HTTP/1.1
User-Agent: selenium/4.8.1 (java windows)
Content-Length: 50
Content-Type: application/json; charset=utf-8
host: localhost:22966
accept: */*

Response DefaultHttpResponse(decodeResult: success, version: HTTP/1.1)
HTTP/1.1 200 OK
Content-Length: 14
Content-Type: application/json; charset=utf-8
cache-control: no-cache

10:40:10.318 [AsyncHttpClient-1-20] DEBUG org.asynchttpclient.netty.channel.ChannelManager - Adding key: http://localhost:22966 for channel [id: 0x3014df67, L:/127.0.0.1:55323 - R:localhost/127.0.0.1:22966]
10:40:10.319 [Forwarding sendKeysToElement on session 233bda7f0e1de6005a9ed1169440eb55 to remote] DEBUG org.asynchttpclient.netty.request.NettyRequestSender - Using pooled Channel '[id: 0x3014df67, L:/127.0.0.1:55323 - R:localhost/127.0.0.1:22966]' for 'POST' to 'http://localhost:22966/session/233bda7f0e1de6005a9ed1169440eb55/element/e38d1aa1-fdc8-427c-a4b7-869b1c202637/value'
10:40:10.319 [Forwarding sendKeysToElement on session 233bda7f0e1de6005a9ed1169440eb55 to remote] DEBUG org.asynchttpclient.netty.request.NettyRequestSender - Using open Channel [id: 0x3014df67, L:/127.0.0.1:55323 - R:localhost/127.0.0.1:22966] for POST '/session/233bda7f0e1de6005a9ed1169440eb55/element/e38d1aa1-fdc8-427c-a4b7-869b1c202637/value'
10:40:10.364 [AsyncHttpClient-1-20] DEBUG org.asynchttpclient.netty.handler.HttpHandler - 

Request DefaultHttpRequest(decodeResult: success, version: HTTP/1.1)
POST /session/233bda7f0e1de6005a9ed1169440eb55/element/e38d1aa1-fdc8-427c-a4b7-869b1c202637/value HTTP/1.1
User-Agent: selenium/4.8.1 (java windows)
Content-Length: 141
Content-Type: application/json; charset=utf-8
host: localhost:22966
accept: */*

Response DefaultHttpResponse(decodeResult: success, version: HTTP/1.1)
HTTP/1.1 200 OK
Content-Length: 14
Content-Type: application/json; charset=utf-8
cache-control: no-cache

10:40:10.365 [AsyncHttpClient-1-20] DEBUG org.asynchttpclient.netty.channel.ChannelManager - Adding key: http://localhost:22966 for channel [id: 0x3014df67, L:/127.0.0.1:55323 - R:localhost/127.0.0.1:22966]
10:40:10.368 [Forwarding getAlertText on session 233bda7f0e1de6005a9ed1169440eb55 to remote] DEBUG org.asynchttpclient.netty.request.NettyRequestSender - Using pooled Channel '[id: 0x3014df67, L:/127.0.0.1:55323 - R:localhost/127.0.0.1:22966]' for 'GET' to 'http://localhost:22966/session/233bda7f0e1de6005a9ed1169440eb55/alert/text'
10:40:10.368 [Forwarding getAlertText on session 233bda7f0e1de6005a9ed1169440eb55 to remote] DEBUG org.asynchttpclient.netty.request.NettyRequestSender - Using open Channel [id: 0x3014df67, L:/127.0.0.1:55323 - R:localhost/127.0.0.1:22966] for GET '/session/233bda7f0e1de6005a9ed1169440eb55/alert/text'
10:40:10.370 [AsyncHttpClient-1-20] DEBUG org.asynchttpclient.netty.handler.HttpHandler - 

Request DefaultFullHttpRequest(decodeResult: success, version: HTTP/1.1, content: EmptyByteBufBE)
GET /session/233bda7f0e1de6005a9ed1169440eb55/alert/text HTTP/1.1
User-Agent: selenium/4.8.1 (java windows)
Cache-Control: no-cache
Content-Type: application/json; charset=utf-8
host: localhost:22966
accept: */*

Response DefaultHttpResponse(decodeResult: success, version: HTTP/1.1)
HTTP/1.1 404 Not Found
Content-Length: 836
Content-Type: application/json; charset=utf-8
cache-control: no-cache

10:40:10.370 [AsyncHttpClient-1-20] DEBUG org.asynchttpclient.netty.channel.ChannelManager - Adding key: http://localhost:22966 for channel [id: 0x3014df67, L:/127.0.0.1:55323 - R:localhost/127.0.0.1:22966]
10:40:10.371 [Forwarding getCurrentUrl on session 233bda7f0e1de6005a9ed1169440eb55 to remote] DEBUG org.asynchttpclient.netty.request.NettyRequestSender - Using pooled Channel '[id: 0x3014df67, L:/127.0.0.1:55323 - R:localhost/127.0.0.1:22966]' for 'GET' to 'http://localhost:22966/session/233bda7f0e1de6005a9ed1169440eb55/url'
10:40:10.371 [Forwarding getCurrentUrl on session 233bda7f0e1de6005a9ed1169440eb55 to remote] DEBUG org.asynchttpclient.netty.request.NettyRequestSender - Using open Channel [id: 0x3014df67, L:/127.0.0.1:55323 - R:localhost/127.0.0.1:22966] for GET '/session/233bda7f0e1de6005a9ed1169440eb55/url'
10:40:10.373 [AsyncHttpClient-1-20] DEBUG org.asynchttpclient.netty.handler.HttpHandler - 

Request DefaultFullHttpRequest(decodeResult: success, version: HTTP/1.1, content: EmptyByteBufBE)
GET /session/233bda7f0e1de6005a9ed1169440eb55/url HTTP/1.1
User-Agent: selenium/4.8.1 (java windows)
Cache-Control: no-cache
Content-Type: application/json; charset=utf-8
host: localhost:22966
accept: */*

Response DefaultHttpResponse(decodeResult: success, version: HTTP/1.1)
HTTP/1.1 200 OK
Content-Length: 51
Content-Type: application/json; charset=utf-8
cache-control: no-cache

10:40:10.373 [AsyncHttpClient-1-20] DEBUG org.asynchttpclient.netty.channel.ChannelManager - Adding key: http://localhost:22966 for channel [id: 0x3014df67, L:/127.0.0.1:55323 - R:localhost/127.0.0.1:22966]
10:40:10.374 [Forwarding screenshot on session 233bda7f0e1de6005a9ed1169440eb55 to remote] DEBUG org.asynchttpclient.netty.request.NettyRequestSender - Using pooled Channel '[id: 0x3014df67, L:/127.0.0.1:55323 - R:localhost/127.0.0.1:22966]' for 'GET' to 'http://localhost:22966/session/233bda7f0e1de6005a9ed1169440eb55/screenshot'
10:40:10.374 [Forwarding screenshot on session 233bda7f0e1de6005a9ed1169440eb55 to remote] DEBUG org.asynchttpclient.netty.request.NettyRequestSender - Using open Channel [id: 0x3014df67, L:/127.0.0.1:55323 - R:localhost/127.0.0.1:22966] for GET '/session/233bda7f0e1de6005a9ed1169440eb55/screenshot'
10:40:10.468 [AsyncHttpClient-1-20] DEBUG org.asynchttpclient.netty.handler.HttpHandler - 

Request DefaultFullHttpRequest(decodeResult: success, version: HTTP/1.1, content: EmptyByteBufBE)
GET /session/233bda7f0e1de6005a9ed1169440eb55/screenshot HTTP/1.1
User-Agent: selenium/4.8.1 (java windows)
Cache-Control: no-cache
Content-Type: application/json; charset=utf-8
host: localhost:22966
accept: */*

Response DefaultHttpResponse(decodeResult: success, version: HTTP/1.1)
HTTP/1.1 200 OK
Content-Length: 30292
Content-Type: application/json; charset=utf-8
cache-control: no-cache

10:40:10.469 [AsyncHttpClient-1-20] DEBUG org.asynchttpclient.netty.channel.ChannelManager - Adding key: http://localhost:22966 for channel [id: 0x3014df67, L:/127.0.0.1:55323 - R:localhost/127.0.0.1:22966]
10:40:10.469 [main] DEBUG net.serenitybdd.core.photography.Darkroom - Send negative for processing for target\site\serenity\d7e49d9dfbb5790f191eeef9f07fe0206e962ba714f605278f29e776442e4f60.png
10:40:10.470 [main] DEBUG net.thucydides.core.steps.StepInterceptor - STEP DONE: inputPassword
  &amp#27;[32mAnd &amp#27;[0m&amp#27;[32mI enter incorrect password&amp#27;[0m         &amp#27;[90m# starter.stepdefinitions.LoginSteps.inputIncorrectPassword()&amp#27;[0m
10:40:10.470 [Darkroom Processing Line] DEBUG net.serenitybdd.core.photography.DarkroomProcessingLine - Processing screenshot image in /var/screenshots/screenshot-4136770136860661250
10:40:10.470 [Darkroom Processing Line] DEBUG net.serenitybdd.core.photography.DarkroomProcessingLine - Saving screenshot to target\site\serenity\d7e49d9dfbb5790f191eeef9f07fe0206e962ba714f605278f29e776442e4f60.png
10:40:10.476 [Forwarding getPageSource on session 233bda7f0e1de6005a9ed1169440eb55 to remote] DEBUG org.asynchttpclient.netty.request.NettyRequestSender - Using pooled Channel '[id: 0x3014df67, L:/127.0.0.1:55323 - R:localhost/127.0.0.1:22966]' for 'POST' to 'http://localhost:22966/session/233bda7f0e1de6005a9ed1169440eb55/execute/sync'
10:40:10.476 [Forwarding getPageSource on session 233bda7f0e1de6005a9ed1169440eb55 to remote] DEBUG org.asynchttpclient.netty.request.NettyRequestSender - Using open Channel [id: 0x3014df67, L:/127.0.0.1:55323 - R:localhost/127.0.0.1:22966] for POST '/session/233bda7f0e1de6005a9ed1169440eb55/execute/sync'
10:40:10.481 [AsyncHttpClient-1-20] DEBUG org.asynchttpclient.netty.handler.HttpHandler - 

Request DefaultHttpRequest(decodeResult: success, version: HTTP/1.1)
POST /session/233bda7f0e1de6005a9ed1169440eb55/execute/sync HTTP/1.1
User-Agent: selenium/4.8.1 (java windows)
Content-Length: 176
Content-Type: application/json; charset=utf-8
host: localhost:22966
accept: */*

Response DefaultHttpResponse(decodeResult: success, version: HTTP/1.1)
HTTP/1.1 200 OK
Content-Length: 21839
Content-Type: application/json; charset=utf-8
cache-control: no-cache

10:40:10.481 [AsyncHttpClient-1-20] DEBUG org.asynchttpclient.netty.channel.ChannelManager - Adding key: http://localhost:22966 for channel [id: 0x3014df67, L:/127.0.0.1:55323 - R:localhost/127.0.0.1:22966]
10:40:10.482 [Forwarding getCurrentUrl on session 233bda7f0e1de6005a9ed1169440eb55 to remote] DEBUG org.asynchttpclient.netty.request.NettyRequestSender - Using pooled Channel '[id: 0x3014df67, L:/127.0.0.1:55323 - R:localhost/127.0.0.1:22966]' for 'GET' to 'http://localhost:22966/session/233bda7f0e1de6005a9ed1169440eb55/url'
10:40:10.482 [Forwarding getCurrentUrl on session 233bda7f0e1de6005a9ed1169440eb55 to remote] DEBUG org.asynchttpclient.netty.request.NettyRequestSender - Using open Channel [id: 0x3014df67, L:/127.0.0.1:55323 - R:localhost/127.0.0.1:22966] for GET '/session/233bda7f0e1de6005a9ed1169440eb55/url'
10:40:10.485 [AsyncHttpClient-1-20] DEBUG org.asynchttpclient.netty.handler.HttpHandler - 

Request DefaultFullHttpRequest(decodeResult: success, version: HTTP/1.1, content: EmptyByteBufBE)
GET /session/233bda7f0e1de6005a9ed1169440eb55/url HTTP/1.1
User-Agent: selenium/4.8.1 (java windows)
Cache-Control: no-cache
Content-Type: application/json; charset=utf-8
host: localhost:22966
accept: */*

Response DefaultHttpResponse(decodeResult: success, version: HTTP/1.1)
HTTP/1.1 200 OK
Content-Length: 51
Content-Type: application/json; charset=utf-8
cache-control: no-cache

10:40:10.485 [AsyncHttpClient-1-20] DEBUG org.asynchttpclient.netty.channel.ChannelManager - Adding key: http://localhost:22966 for channel [id: 0x3014df67, L:/127.0.0.1:55323 - R:localhost/127.0.0.1:22966]
10:40:10.491 [Forwarding getPageSource on session 233bda7f0e1de6005a9ed1169440eb55 to remote] DEBUG org.asynchttpclient.netty.request.NettyRequestSender - Using pooled Channel '[id: 0x3014df67, L:/127.0.0.1:55323 - R:localhost/127.0.0.1:22966]' for 'POST' to 'http://localhost:22966/session/233bda7f0e1de6005a9ed1169440eb55/execute/sync'
10:40:10.491 [Forwarding getPageSource on session 233bda7f0e1de6005a9ed1169440eb55 to remote] DEBUG org.asynchttpclient.netty.request.NettyRequestSender - Using open Channel [id: 0x3014df67, L:/127.0.0.1:55323 - R:localhost/127.0.0.1:22966] for POST '/session/233bda7f0e1de6005a9ed1169440eb55/execute/sync'
10:40:10.495 [AsyncHttpClient-1-20] DEBUG org.asynchttpclient.netty.handler.HttpHandler - 

Request DefaultHttpRequest(decodeResult: success, version: HTTP/1.1)
POST /session/233bda7f0e1de6005a9ed1169440eb55/execute/sync HTTP/1.1
User-Agent: selenium/4.8.1 (java windows)
Content-Length: 176
Content-Type: application/json; charset=utf-8
host: localhost:22966
accept: */*

Response DefaultHttpResponse(decodeResult: success, version: HTTP/1.1)
HTTP/1.1 200 OK
Content-Length: 21839
Content-Type: application/json; charset=utf-8
cache-control: no-cache

10:40:10.496 [AsyncHttpClient-1-20] DEBUG org.asynchttpclient.netty.channel.ChannelManager - Adding key: http://localhost:22966 for channel [id: 0x3014df67, L:/127.0.0.1:55323 - R:localhost/127.0.0.1:22966]
10:40:10.499 [Forwarding getCurrentUrl on session 233bda7f0e1de6005a9ed1169440eb55 to remote] DEBUG org.asynchttpclient.netty.request.NettyRequestSender - Using pooled Channel '[id: 0x3014df67, L:/127.0.0.1:55323 - R:localhost/127.0.0.1:22966]' for 'GET' to 'http://localhost:22966/session/233bda7f0e1de6005a9ed1169440eb55/url'
10:40:10.499 [Forwarding getCurrentUrl on session 233bda7f0e1de6005a9ed1169440eb55 to remote] DEBUG org.asynchttpclient.netty.request.NettyRequestSender - Using open Channel [id: 0x3014df67, L:/127.0.0.1:55323 - R:localhost/127.0.0.1:22966] for GET '/session/233bda7f0e1de6005a9ed1169440eb55/url'
10:40:10.503 [AsyncHttpClient-1-20] DEBUG org.asynchttpclient.netty.handler.HttpHandler - 

Request DefaultFullHttpRequest(decodeResult: success, version: HTTP/1.1, content: EmptyByteBufBE)
GET /session/233bda7f0e1de6005a9ed1169440eb55/url HTTP/1.1
User-Agent: selenium/4.8.1 (java windows)
Cache-Control: no-cache
Content-Type: application/json; charset=utf-8
host: localhost:22966
accept: */*

Response DefaultHttpResponse(decodeResult: success, version: HTTP/1.1)
HTTP/1.1 200 OK
Content-Length: 51
Content-Type: application/json; charset=utf-8
cache-control: no-cache

10:40:10.503 [AsyncHttpClient-1-20] DEBUG org.asynchttpclient.netty.channel.ChannelManager - Adding key: http://localhost:22966 for channel [id: 0x3014df67, L:/127.0.0.1:55323 - R:localhost/127.0.0.1:22966]
10:40:10.505 [main] DEBUG net.thucydides.core.steps.StepInterceptor - STARTING STEP: LoginSteps.clickLoginButton - clickLoginButton
10:40:10.507 [Forwarding findElement on session 233bda7f0e1de6005a9ed1169440eb55 to remote] DEBUG org.asynchttpclient.netty.request.NettyRequestSender - Using pooled Channel '[id: 0x3014df67, L:/127.0.0.1:55323 - R:localhost/127.0.0.1:22966]' for 'POST' to 'http://localhost:22966/session/233bda7f0e1de6005a9ed1169440eb55/element'
10:40:10.507 [Forwarding findElement on session 233bda7f0e1de6005a9ed1169440eb55 to remote] DEBUG org.asynchttpclient.netty.request.NettyRequestSender - Using open Channel [id: 0x3014df67, L:/127.0.0.1:55323 - R:localhost/127.0.0.1:22966] for POST '/session/233bda7f0e1de6005a9ed1169440eb55/element'
10:40:10.516 [AsyncHttpClient-1-20] DEBUG org.asynchttpclient.netty.handler.HttpHandler - 

Request DefaultHttpRequest(decodeResult: success, version: HTTP/1.1)
POST /session/233bda7f0e1de6005a9ed1169440eb55/element HTTP/1.1
User-Agent: selenium/4.8.1 (java windows)
Content-Length: 71
Content-Type: application/json; charset=utf-8
host: localhost:22966
accept: */*

Response DefaultHttpResponse(decodeResult: success, version: HTTP/1.1)
HTTP/1.1 200 OK
Content-Length: 88
Content-Type: application/json; charset=utf-8
cache-control: no-cache

10:40:10.516 [AsyncHttpClient-1-20] DEBUG org.asynchttpclient.netty.channel.ChannelManager - Adding key: http://localhost:22966 for channel [id: 0x3014df67, L:/127.0.0.1:55323 - R:localhost/127.0.0.1:22966]
10:40:10.517 [Forwarding getElementTagName on session 233bda7f0e1de6005a9ed1169440eb55 to remote] DEBUG org.asynchttpclient.netty.request.NettyRequestSender - Using pooled Channel '[id: 0x3014df67, L:/127.0.0.1:55323 - R:localhost/127.0.0.1:22966]' for 'GET' to 'http://localhost:22966/session/233bda7f0e1de6005a9ed1169440eb55/element/102a34cf-acc9-462d-8957-9aeae98b9221/name'
10:40:10.517 [Forwarding getElementTagName on session 233bda7f0e1de6005a9ed1169440eb55 to remote] DEBUG org.asynchttpclient.netty.request.NettyRequestSender - Using open Channel [id: 0x3014df67, L:/127.0.0.1:55323 - R:localhost/127.0.0.1:22966] for GET '/session/233bda7f0e1de6005a9ed1169440eb55/element/102a34cf-acc9-462d-8957-9aeae98b9221/name'
10:40:10.520 [AsyncHttpClient-1-20] DEBUG org.asynchttpclient.netty.handler.HttpHandler - 

Request DefaultFullHttpRequest(decodeResult: success, version: HTTP/1.1, content: EmptyByteBufBE)
GET /session/233bda7f0e1de6005a9ed1169440eb55/element/102a34cf-acc9-462d-8957-9aeae98b9221/name HTTP/1.1
User-Agent: selenium/4.8.1 (java windows)
Cache-Control: no-cache
Content-Type: application/json; charset=utf-8
host: localhost:22966
accept: */*

Response DefaultHttpResponse(decodeResult: success, version: HTTP/1.1)
HTTP/1.1 200 OK
Content-Length: 18
Content-Type: application/json; charset=utf-8
cache-control: no-cache

10:40:10.520 [AsyncHttpClient-1-20] DEBUG org.asynchttpclient.netty.channel.ChannelManager - Adding key: http://localhost:22966 for channel [id: 0x3014df67, L:/127.0.0.1:55323 - R:localhost/127.0.0.1:22966]
10:40:10.521 [Forwarding getElementTagName on session 233bda7f0e1de6005a9ed1169440eb55 to remote] DEBUG org.asynchttpclient.netty.request.NettyRequestSender - Using pooled Channel '[id: 0x3014df67, L:/127.0.0.1:55323 - R:localhost/127.0.0.1:22966]' for 'GET' to 'http://localhost:22966/session/233bda7f0e1de6005a9ed1169440eb55/element/102a34cf-acc9-462d-8957-9aeae98b9221/name'
10:40:10.521 [Forwarding getElementTagName on session 233bda7f0e1de6005a9ed1169440eb55 to remote] DEBUG org.asynchttpclient.netty.request.NettyRequestSender - Using open Channel [id: 0x3014df67, L:/127.0.0.1:55323 - R:localhost/127.0.0.1:22966] for GET '/session/233bda7f0e1de6005a9ed1169440eb55/element/102a34cf-acc9-462d-8957-9aeae98b9221/name'
10:40:10.523 [AsyncHttpClient-1-20] DEBUG org.asynchttpclient.netty.handler.HttpHandler - 

Request DefaultFullHttpRequest(decodeResult: success, version: HTTP/1.1, content: EmptyByteBufBE)
GET /session/233bda7f0e1de6005a9ed1169440eb55/element/102a34cf-acc9-462d-8957-9aeae98b9221/name HTTP/1.1
User-Agent: selenium/4.8.1 (java windows)
Cache-Control: no-cache
Content-Type: application/json; charset=utf-8
host: localhost:22966
accept: */*

Response DefaultHttpResponse(decodeResult: success, version: HTTP/1.1)
HTTP/1.1 200 OK
Content-Length: 18
Content-Type: application/json; charset=utf-8
cache-control: no-cache

10:40:10.523 [AsyncHttpClient-1-20] DEBUG org.asynchttpclient.netty.channel.ChannelManager - Adding key: http://localhost:22966 for channel [id: 0x3014df67, L:/127.0.0.1:55323 - R:localhost/127.0.0.1:22966]
10:40:10.524 [Forwarding isElementEnabled on session 233bda7f0e1de6005a9ed1169440eb55 to remote] DEBUG org.asynchttpclient.netty.request.NettyRequestSender - Using pooled Channel '[id: 0x3014df67, L:/127.0.0.1:55323 - R:localhost/127.0.0.1:22966]' for 'GET' to 'http://localhost:22966/session/233bda7f0e1de6005a9ed1169440eb55/element/102a34cf-acc9-462d-8957-9aeae98b9221/enabled'
10:40:10.524 [Forwarding isElementEnabled on session 233bda7f0e1de6005a9ed1169440eb55 to remote] DEBUG org.asynchttpclient.netty.request.NettyRequestSender - Using open Channel [id: 0x3014df67, L:/127.0.0.1:55323 - R:localhost/127.0.0.1:22966] for GET '/session/233bda7f0e1de6005a9ed1169440eb55/element/102a34cf-acc9-462d-8957-9aeae98b9221/enabled'
10:40:10.530 [AsyncHttpClient-1-20] DEBUG org.asynchttpclient.netty.handler.HttpHandler - 

Request DefaultFullHttpRequest(decodeResult: success, version: HTTP/1.1, content: EmptyByteBufBE)
GET /session/233bda7f0e1de6005a9ed1169440eb55/element/102a34cf-acc9-462d-8957-9aeae98b9221/enabled HTTP/1.1
User-Agent: selenium/4.8.1 (java windows)
Cache-Control: no-cache
Content-Type: application/json; charset=utf-8
host: localhost:22966
accept: */*

Response DefaultHttpResponse(decodeResult: success, version: HTTP/1.1)
HTTP/1.1 200 OK
Content-Length: 14
Content-Type: application/json; charset=utf-8
cache-control: no-cache

10:40:10.530 [AsyncHttpClient-1-20] DEBUG org.asynchttpclient.netty.channel.ChannelManager - Adding key: http://localhost:22966 for channel [id: 0x3014df67, L:/127.0.0.1:55323 - R:localhost/127.0.0.1:22966]
10:40:10.531 [Forwarding isElementEnabled on session 233bda7f0e1de6005a9ed1169440eb55 to remote] DEBUG org.asynchttpclient.netty.request.NettyRequestSender - Using pooled Channel '[id: 0x3014df67, L:/127.0.0.1:55323 - R:localhost/127.0.0.1:22966]' for 'GET' to 'http://localhost:22966/session/233bda7f0e1de6005a9ed1169440eb55/element/102a34cf-acc9-462d-8957-9aeae98b9221/enabled'
10:40:10.531 [Forwarding isElementEnabled on session 233bda7f0e1de6005a9ed1169440eb55 to remote] DEBUG org.asynchttpclient.netty.request.NettyRequestSender - Using open Channel [id: 0x3014df67, L:/127.0.0.1:55323 - R:localhost/127.0.0.1:22966] for GET '/session/233bda7f0e1de6005a9ed1169440eb55/element/102a34cf-acc9-462d-8957-9aeae98b9221/enabled'
10:40:10.536 [AsyncHttpClient-1-20] DEBUG org.asynchttpclient.netty.handler.HttpHandler - 

Request DefaultFullHttpRequest(decodeResult: success, version: HTTP/1.1, content: EmptyByteBufBE)
GET /session/233bda7f0e1de6005a9ed1169440eb55/element/102a34cf-acc9-462d-8957-9aeae98b9221/enabled HTTP/1.1
User-Agent: selenium/4.8.1 (java windows)
Cache-Control: no-cache
Content-Type: application/json; charset=utf-8
host: localhost:22966
accept: */*

Response DefaultHttpResponse(decodeResult: success, version: HTTP/1.1)
HTTP/1.1 200 OK
Content-Length: 14
Content-Type: application/json; charset=utf-8
cache-control: no-cache

10:40:10.536 [AsyncHttpClient-1-20] DEBUG org.asynchttpclient.netty.channel.ChannelManager - Adding key: http://localhost:22966 for channel [id: 0x3014df67, L:/127.0.0.1:55323 - R:localhost/127.0.0.1:22966]
10:40:10.537 [Forwarding findElement on session 233bda7f0e1de6005a9ed1169440eb55 to remote] DEBUG org.asynchttpclient.netty.request.NettyRequestSender - Using pooled Channel '[id: 0x3014df67, L:/127.0.0.1:55323 - R:localhost/127.0.0.1:22966]' for 'POST' to 'http://localhost:22966/session/233bda7f0e1de6005a9ed1169440eb55/element'
10:40:10.537 [Forwarding findElement on session 233bda7f0e1de6005a9ed1169440eb55 to remote] DEBUG org.asynchttpclient.netty.request.NettyRequestSender - Using open Channel [id: 0x3014df67, L:/127.0.0.1:55323 - R:localhost/127.0.0.1:22966] for POST '/session/233bda7f0e1de6005a9ed1169440eb55/element'
10:40:10.542 [AsyncHttpClient-1-20] DEBUG org.asynchttpclient.netty.handler.HttpHandler - 

Request DefaultHttpRequest(decodeResult: success, version: HTTP/1.1)
POST /session/233bda7f0e1de6005a9ed1169440eb55/element HTTP/1.1
User-Agent: selenium/4.8.1 (java windows)
Content-Length: 71
Content-Type: application/json; charset=utf-8
host: localhost:22966
accept: */*

Response DefaultHttpResponse(decodeResult: success, version: HTTP/1.1)
HTTP/1.1 200 OK
Content-Length: 88
Content-Type: application/json; charset=utf-8
cache-control: no-cache

10:40:10.543 [AsyncHttpClient-1-20] DEBUG org.asynchttpclient.netty.channel.ChannelManager - Adding key: http://localhost:22966 for channel [id: 0x3014df67, L:/127.0.0.1:55323 - R:localhost/127.0.0.1:22966]
10:40:10.543 [Forwarding clickElement on session 233bda7f0e1de6005a9ed1169440eb55 to remote] DEBUG org.asynchttpclient.netty.request.NettyRequestSender - Using pooled Channel '[id: 0x3014df67, L:/127.0.0.1:55323 - R:localhost/127.0.0.1:22966]' for 'POST' to 'http://localhost:22966/session/233bda7f0e1de6005a9ed1169440eb55/element/102a34cf-acc9-462d-8957-9aeae98b9221/click'
10:40:10.543 [Forwarding clickElement on session 233bda7f0e1de6005a9ed1169440eb55 to remote] DEBUG org.asynchttpclient.netty.request.NettyRequestSender - Using open Channel [id: 0x3014df67, L:/127.0.0.1:55323 - R:localhost/127.0.0.1:22966] for POST '/session/233bda7f0e1de6005a9ed1169440eb55/element/102a34cf-acc9-462d-8957-9aeae98b9221/click'
10:40:10.579 [AsyncHttpClient-1-20] DEBUG org.asynchttpclient.netty.handler.HttpHandler - 

Request DefaultHttpRequest(decodeResult: success, version: HTTP/1.1)
POST /session/233bda7f0e1de6005a9ed1169440eb55/element/102a34cf-acc9-462d-8957-9aeae98b9221/click HTTP/1.1
User-Agent: selenium/4.8.1 (java windows)
Content-Length: 50
Content-Type: application/json; charset=utf-8
host: localhost:22966
accept: */*

Response DefaultHttpResponse(decodeResult: success, version: HTTP/1.1)
HTTP/1.1 200 OK
Content-Length: 14
Content-Type: application/json; charset=utf-8
cache-control: no-cache

10:40:10.579 [AsyncHttpClient-1-20] DEBUG org.asynchttpclient.netty.channel.ChannelManager - Adding key: http://localhost:22966 for channel [id: 0x3014df67, L:/127.0.0.1:55323 - R:localhost/127.0.0.1:22966]
10:40:10.582 [Forwarding getAlertText on session 233bda7f0e1de6005a9ed1169440eb55 to remote] DEBUG org.asynchttpclient.netty.request.NettyRequestSender - Using pooled Channel '[id: 0x3014df67, L:/127.0.0.1:55323 - R:localhost/127.0.0.1:22966]' for 'GET' to 'http://localhost:22966/session/233bda7f0e1de6005a9ed1169440eb55/alert/text'
10:40:10.583 [Forwarding getAlertText on session 233bda7f0e1de6005a9ed1169440eb55 to remote] DEBUG org.asynchttpclient.netty.request.NettyRequestSender - Using open Channel [id: 0x3014df67, L:/127.0.0.1:55323 - R:localhost/127.0.0.1:22966] for GET '/session/233bda7f0e1de6005a9ed1169440eb55/alert/text'
10:40:10.585 [AsyncHttpClient-1-20] DEBUG org.asynchttpclient.netty.handler.HttpHandler - 

Request DefaultFullHttpRequest(decodeResult: success, version: HTTP/1.1, content: EmptyByteBufBE)
GET /session/233bda7f0e1de6005a9ed1169440eb55/alert/text HTTP/1.1
User-Agent: selenium/4.8.1 (java windows)
Cache-Control: no-cache
Content-Type: application/json; charset=utf-8
host: localhost:22966
accept: */*

Response DefaultHttpResponse(decodeResult: success, version: HTTP/1.1)
HTTP/1.1 404 Not Found
Content-Length: 836
Content-Type: application/json; charset=utf-8
cache-control: no-cache

10:40:10.585 [AsyncHttpClient-1-20] DEBUG org.asynchttpclient.netty.channel.ChannelManager - Adding key: http://localhost:22966 for channel [id: 0x3014df67, L:/127.0.0.1:55323 - R:localhost/127.0.0.1:22966]
10:40:10.585 [Forwarding getCurrentUrl on session 233bda7f0e1de6005a9ed1169440eb55 to remote] DEBUG org.asynchttpclient.netty.request.NettyRequestSender - Using pooled Channel '[id: 0x3014df67, L:/127.0.0.1:55323 - R:localhost/127.0.0.1:22966]' for 'GET' to 'http://localhost:22966/session/233bda7f0e1de6005a9ed1169440eb55/url'
10:40:10.585 [Forwarding getCurrentUrl on session 233bda7f0e1de6005a9ed1169440eb55 to remote] DEBUG org.asynchttpclient.netty.request.NettyRequestSender - Using open Channel [id: 0x3014df67, L:/127.0.0.1:55323 - R:localhost/127.0.0.1:22966] for GET '/session/233bda7f0e1de6005a9ed1169440eb55/url'
10:40:10.587 [AsyncHttpClient-1-20] DEBUG org.asynchttpclient.netty.handler.HttpHandler - 

Request DefaultFullHttpRequest(decodeResult: success, version: HTTP/1.1, content: EmptyByteBufBE)
GET /session/233bda7f0e1de6005a9ed1169440eb55/url HTTP/1.1
User-Agent: selenium/4.8.1 (java windows)
Cache-Control: no-cache
Content-Type: application/json; charset=utf-8
host: localhost:22966
accept: */*

Response DefaultHttpResponse(decodeResult: success, version: HTTP/1.1)
HTTP/1.1 200 OK
Content-Length: 51
Content-Type: application/json; charset=utf-8
cache-control: no-cache

10:40:10.588 [AsyncHttpClient-1-20] DEBUG org.asynchttpclient.netty.channel.ChannelManager - Adding key: http://localhost:22966 for channel [id: 0x3014df67, L:/127.0.0.1:55323 - R:localhost/127.0.0.1:22966]
10:40:10.588 [Forwarding screenshot on session 233bda7f0e1de6005a9ed1169440eb55 to remote] DEBUG org.asynchttpclient.netty.request.NettyRequestSender - Using pooled Channel '[id: 0x3014df67, L:/127.0.0.1:55323 - R:localhost/127.0.0.1:22966]' for 'GET' to 'http://localhost:22966/session/233bda7f0e1de6005a9ed1169440eb55/screenshot'
10:40:10.588 [Forwarding screenshot on session 233bda7f0e1de6005a9ed1169440eb55 to remote] DEBUG org.asynchttpclient.netty.request.NettyRequestSender - Using open Channel [id: 0x3014df67, L:/127.0.0.1:55323 - R:localhost/127.0.0.1:22966] for GET '/session/233bda7f0e1de6005a9ed1169440eb55/screenshot'
10:40:10.678 [AsyncHttpClient-1-20] DEBUG org.asynchttpclient.netty.handler.HttpHandler - 

Request DefaultFullHttpRequest(decodeResult: success, version: HTTP/1.1, content: EmptyByteBufBE)
GET /session/233bda7f0e1de6005a9ed1169440eb55/screenshot HTTP/1.1
User-Agent: selenium/4.8.1 (java windows)
Cache-Control: no-cache
Content-Type: application/json; charset=utf-8
host: localhost:22966
accept: */*

Response DefaultHttpResponse(decodeResult: success, version: HTTP/1.1)
HTTP/1.1 200 OK
Content-Length: 29648
Content-Type: application/json; charset=utf-8
cache-control: no-cache

10:40:10.678 [AsyncHttpClient-1-20] DEBUG org.asynchttpclient.netty.channel.ChannelManager - Adding key: http://localhost:22966 for channel [id: 0x3014df67, L:/127.0.0.1:55323 - R:localhost/127.0.0.1:22966]
10:40:10.679 [main] DEBUG net.serenitybdd.core.photography.Darkroom - Send negative for processing for target\site\serenity\e6fe1a622d0360bd4d4ebfcebc60ed78925a47f46cbaf7e2bdeee382348577ff.png
10:40:10.679 [main] DEBUG net.thucydides.core.steps.StepInterceptor - STEP DONE: clickLoginButton
  &amp#27;[32mWhen &amp#27;[0m&amp#27;[32mI click on the login button&amp#27;[0m       &amp#27;[90m# starter.stepdefinitions.LoginSteps.clickLoginButton()&amp#27;[0m
10:40:10.679 [Darkroom Processing Line] DEBUG net.serenitybdd.core.photography.DarkroomProcessingLine - Processing screenshot image in /var/screenshots/screenshot-6465515233349189112
10:40:10.679 [Darkroom Processing Line] DEBUG net.serenitybdd.core.photography.DarkroomProcessingLine - Saving screenshot to target\site\serenity\e6fe1a622d0360bd4d4ebfcebc60ed78925a47f46cbaf7e2bdeee382348577ff.png
10:40:10.685 [Forwarding getPageSource on session 233bda7f0e1de6005a9ed1169440eb55 to remote] DEBUG org.asynchttpclient.netty.request.NettyRequestSender - Using pooled Channel '[id: 0x3014df67, L:/127.0.0.1:55323 - R:localhost/127.0.0.1:22966]' for 'POST' to 'http://localhost:22966/session/233bda7f0e1de6005a9ed1169440eb55/execute/sync'
10:40:10.685 [Forwarding getPageSource on session 233bda7f0e1de6005a9ed1169440eb55 to remote] DEBUG org.asynchttpclient.netty.request.NettyRequestSender - Using open Channel [id: 0x3014df67, L:/127.0.0.1:55323 - R:localhost/127.0.0.1:22966] for POST '/session/233bda7f0e1de6005a9ed1169440eb55/execute/sync'
10:40:10.689 [AsyncHttpClient-1-20] DEBUG org.asynchttpclient.netty.handler.HttpHandler - 

Request DefaultHttpRequest(decodeResult: success, version: HTTP/1.1)
POST /session/233bda7f0e1de6005a9ed1169440eb55/execute/sync HTTP/1.1
User-Agent: selenium/4.8.1 (java windows)
Content-Length: 176
Content-Type: application/json; charset=utf-8
host: localhost:22966
accept: */*

Response DefaultHttpResponse(decodeResult: success, version: HTTP/1.1)
HTTP/1.1 200 OK
Content-Length: 22119
Content-Type: application/json; charset=utf-8
cache-control: no-cache

10:40:10.690 [AsyncHttpClient-1-20] DEBUG org.asynchttpclient.netty.channel.ChannelManager - Adding key: http://localhost:22966 for channel [id: 0x3014df67, L:/127.0.0.1:55323 - R:localhost/127.0.0.1:22966]
10:40:10.691 [Forwarding getCurrentUrl on session 233bda7f0e1de6005a9ed1169440eb55 to remote] DEBUG org.asynchttpclient.netty.request.NettyRequestSender - Using pooled Channel '[id: 0x3014df67, L:/127.0.0.1:55323 - R:localhost/127.0.0.1:22966]' for 'GET' to 'http://localhost:22966/session/233bda7f0e1de6005a9ed1169440eb55/url'
10:40:10.691 [Forwarding getCurrentUrl on session 233bda7f0e1de6005a9ed1169440eb55 to remote] DEBUG org.asynchttpclient.netty.request.NettyRequestSender - Using open Channel [id: 0x3014df67, L:/127.0.0.1:55323 - R:localhost/127.0.0.1:22966] for GET '/session/233bda7f0e1de6005a9ed1169440eb55/url'
10:40:10.695 [AsyncHttpClient-1-20] DEBUG org.asynchttpclient.netty.handler.HttpHandler - 

Request DefaultFullHttpRequest(decodeResult: success, version: HTTP/1.1, content: EmptyByteBufBE)
GET /session/233bda7f0e1de6005a9ed1169440eb55/url HTTP/1.1
User-Agent: selenium/4.8.1 (java windows)
Cache-Control: no-cache
Content-Type: application/json; charset=utf-8
host: localhost:22966
accept: */*

Response DefaultHttpResponse(decodeResult: success, version: HTTP/1.1)
HTTP/1.1 200 OK
Content-Length: 51
Content-Type: application/json; charset=utf-8
cache-control: no-cache

10:40:10.695 [AsyncHttpClient-1-20] DEBUG org.asynchttpclient.netty.channel.ChannelManager - Adding key: http://localhost:22966 for channel [id: 0x3014df67, L:/127.0.0.1:55323 - R:localhost/127.0.0.1:22966]
10:40:10.700 [Forwarding getPageSource on session 233bda7f0e1de6005a9ed1169440eb55 to remote] DEBUG org.asynchttpclient.netty.request.NettyRequestSender - Using pooled Channel '[id: 0x3014df67, L:/127.0.0.1:55323 - R:localhost/127.0.0.1:22966]' for 'POST' to 'http://localhost:22966/session/233bda7f0e1de6005a9ed1169440eb55/execute/sync'
10:40:10.700 [Forwarding getPageSource on session 233bda7f0e1de6005a9ed1169440eb55 to remote] DEBUG org.asynchttpclient.netty.request.NettyRequestSender - Using open Channel [id: 0x3014df67, L:/127.0.0.1:55323 - R:localhost/127.0.0.1:22966] for POST '/session/233bda7f0e1de6005a9ed1169440eb55/execute/sync'
10:40:10.704 [AsyncHttpClient-1-20] DEBUG org.asynchttpclient.netty.handler.HttpHandler - 

Request DefaultHttpRequest(decodeResult: success, version: HTTP/1.1)
POST /session/233bda7f0e1de6005a9ed1169440eb55/execute/sync HTTP/1.1
User-Agent: selenium/4.8.1 (java windows)
Content-Length: 176
Content-Type: application/json; charset=utf-8
host: localhost:22966
accept: */*

Response DefaultHttpResponse(decodeResult: success, version: HTTP/1.1)
HTTP/1.1 200 OK
Content-Length: 22119
Content-Type: application/json; charset=utf-8
cache-control: no-cache

10:40:10.704 [AsyncHttpClient-1-20] DEBUG org.asynchttpclient.netty.channel.ChannelManager - Adding key: http://localhost:22966 for channel [id: 0x3014df67, L:/127.0.0.1:55323 - R:localhost/127.0.0.1:22966]
10:40:10.705 [Forwarding getCurrentUrl on session 233bda7f0e1de6005a9ed1169440eb55 to remote] DEBUG org.asynchttpclient.netty.request.NettyRequestSender - Using pooled Channel '[id: 0x3014df67, L:/127.0.0.1:55323 - R:localhost/127.0.0.1:22966]' for 'GET' to 'http://localhost:22966/session/233bda7f0e1de6005a9ed1169440eb55/url'
10:40:10.706 [Forwarding getCurrentUrl on session 233bda7f0e1de6005a9ed1169440eb55 to remote] DEBUG org.asynchttpclient.netty.request.NettyRequestSender - Using open Channel [id: 0x3014df67, L:/127.0.0.1:55323 - R:localhost/127.0.0.1:22966] for GET '/session/233bda7f0e1de6005a9ed1169440eb55/url'
10:40:10.708 [AsyncHttpClient-1-20] DEBUG org.asynchttpclient.netty.handler.HttpHandler - 

Request DefaultFullHttpRequest(decodeResult: success, version: HTTP/1.1, content: EmptyByteBufBE)
GET /session/233bda7f0e1de6005a9ed1169440eb55/url HTTP/1.1
User-Agent: selenium/4.8.1 (java windows)
Cache-Control: no-cache
Content-Type: application/json; charset=utf-8
host: localhost:22966
accept: */*

Response DefaultHttpResponse(decodeResult: success, version: HTTP/1.1)
HTTP/1.1 200 OK
Content-Length: 51
Content-Type: application/json; charset=utf-8
cache-control: no-cache

10:40:10.709 [AsyncHttpClient-1-20] DEBUG org.asynchttpclient.netty.channel.ChannelManager - Adding key: http://localhost:22966 for channel [id: 0x3014df67, L:/127.0.0.1:55323 - R:localhost/127.0.0.1:22966]
10:40:10.710 [main] DEBUG net.thucydides.core.steps.StepInterceptor - STARTING STEP: LoginSteps.alertContent - incorrectAlert
10:40:10.711 [Forwarding findElement on session 233bda7f0e1de6005a9ed1169440eb55 to remote] DEBUG org.asynchttpclient.netty.request.NettyRequestSender - Using pooled Channel '[id: 0x3014df67, L:/127.0.0.1:55323 - R:localhost/127.0.0.1:22966]' for 'POST' to 'http://localhost:22966/session/233bda7f0e1de6005a9ed1169440eb55/element'
10:40:10.711 [Forwarding findElement on session 233bda7f0e1de6005a9ed1169440eb55 to remote] DEBUG org.asynchttpclient.netty.request.NettyRequestSender - Using open Channel [id: 0x3014df67, L:/127.0.0.1:55323 - R:localhost/127.0.0.1:22966] for POST '/session/233bda7f0e1de6005a9ed1169440eb55/element'
10:40:10.788 [AsyncHttpClient-1-20] DEBUG org.asynchttpclient.netty.handler.HttpHandler - 

Request DefaultHttpRequest(decodeResult: success, version: HTTP/1.1)
POST /session/233bda7f0e1de6005a9ed1169440eb55/element HTTP/1.1
User-Agent: selenium/4.8.1 (java windows)
Content-Length: 54
Content-Type: application/json; charset=utf-8
host: localhost:22966
accept: */*

Response DefaultHttpResponse(decodeResult: success, version: HTTP/1.1)
HTTP/1.1 200 OK
Content-Length: 88
Content-Type: application/json; charset=utf-8
cache-control: no-cache

10:40:10.788 [AsyncHttpClient-1-20] DEBUG org.asynchttpclient.netty.channel.ChannelManager - Adding key: http://localhost:22966 for channel [id: 0x3014df67, L:/127.0.0.1:55323 - R:localhost/127.0.0.1:22966]
10:40:10.792 [Forwarding isElementDisplayed on session 233bda7f0e1de6005a9ed1169440eb55 to remote] DEBUG org.asynchttpclient.netty.request.NettyRequestSender - Using pooled Channel '[id: 0x3014df67, L:/127.0.0.1:55323 - R:localhost/127.0.0.1:22966]' for 'POST' to 'http://localhost:22966/session/233bda7f0e1de6005a9ed1169440eb55/execute/sync'
10:40:10.792 [Forwarding isElementDisplayed on session 233bda7f0e1de6005a9ed1169440eb55 to remote] DEBUG org.asynchttpclient.netty.request.NettyRequestSender - Using open Channel [id: 0x3014df67, L:/127.0.0.1:55323 - R:localhost/127.0.0.1:22966] for POST '/session/233bda7f0e1de6005a9ed1169440eb55/execute/sync'
10:40:10.811 [AsyncHttpClient-1-20] DEBUG org.asynchttpclient.netty.handler.HttpHandler - 

Request DefaultHttpRequest(decodeResult: success, version: HTTP/1.1)
POST /session/233bda7f0e1de6005a9ed1169440eb55/execute/sync HTTP/1.1
User-Agent: selenium/4.8.1 (java windows)
Content-Length: 48807
Content-Type: application/json; charset=utf-8
host: localhost:22966
accept: */*

Response DefaultHttpResponse(decodeResult: success, version: HTTP/1.1)
HTTP/1.1 200 OK
Content-Length: 14
Content-Type: application/json; charset=utf-8
cache-control: no-cache

10:40:10.811 [AsyncHttpClient-1-20] DEBUG org.asynchttpclient.netty.channel.ChannelManager - Adding key: http://localhost:22966 for channel [id: 0x3014df67, L:/127.0.0.1:55323 - R:localhost/127.0.0.1:22966]
10:40:10.817 [Forwarding getAlertText on session 233bda7f0e1de6005a9ed1169440eb55 to remote] DEBUG org.asynchttpclient.netty.request.NettyRequestSender - Using pooled Channel '[id: 0x3014df67, L:/127.0.0.1:55323 - R:localhost/127.0.0.1:22966]' for 'GET' to 'http://localhost:22966/session/233bda7f0e1de6005a9ed1169440eb55/alert/text'
10:40:10.817 [Forwarding getAlertText on session 233bda7f0e1de6005a9ed1169440eb55 to remote] DEBUG org.asynchttpclient.netty.request.NettyRequestSender - Using open Channel [id: 0x3014df67, L:/127.0.0.1:55323 - R:localhost/127.0.0.1:22966] for GET '/session/233bda7f0e1de6005a9ed1169440eb55/alert/text'
10:40:10.819 [AsyncHttpClient-1-20] DEBUG org.asynchttpclient.netty.handler.HttpHandler - 

Request DefaultFullHttpRequest(decodeResult: success, version: HTTP/1.1, content: EmptyByteBufBE)
GET /session/233bda7f0e1de6005a9ed1169440eb55/alert/text HTTP/1.1
User-Agent: selenium/4.8.1 (java windows)
Cache-Control: no-cache
Content-Type: application/json; charset=utf-8
host: localhost:22966
accept: */*

Response DefaultHttpResponse(decodeResult: success, version: HTTP/1.1)
HTTP/1.1 404 Not Found
Content-Length: 836
Content-Type: application/json; charset=utf-8
cache-control: no-cache

10:40:10.819 [AsyncHttpClient-1-20] DEBUG org.asynchttpclient.netty.channel.ChannelManager - Adding key: http://localhost:22966 for channel [id: 0x3014df67, L:/127.0.0.1:55323 - R:localhost/127.0.0.1:22966]
10:40:10.820 [Forwarding getCurrentUrl on session 233bda7f0e1de6005a9ed1169440eb55 to remote] DEBUG org.asynchttpclient.netty.request.NettyRequestSender - Using pooled Channel '[id: 0x3014df67, L:/127.0.0.1:55323 - R:localhost/127.0.0.1:22966]' for 'GET' to 'http://localhost:22966/session/233bda7f0e1de6005a9ed1169440eb55/url'
10:40:10.820 [Forwarding getCurrentUrl on session 233bda7f0e1de6005a9ed1169440eb55 to remote] DEBUG org.asynchttpclient.netty.request.NettyRequestSender - Using open Channel [id: 0x3014df67, L:/127.0.0.1:55323 - R:localhost/127.0.0.1:22966] for GET '/session/233bda7f0e1de6005a9ed1169440eb55/url'
10:40:10.824 [AsyncHttpClient-1-20] DEBUG org.asynchttpclient.netty.handler.HttpHandler - 

Request DefaultFullHttpRequest(decodeResult: success, version: HTTP/1.1, content: EmptyByteBufBE)
GET /session/233bda7f0e1de6005a9ed1169440eb55/url HTTP/1.1
User-Agent: selenium/4.8.1 (java windows)
Cache-Control: no-cache
Content-Type: application/json; charset=utf-8
host: localhost:22966
accept: */*

Response DefaultHttpResponse(decodeResult: success, version: HTTP/1.1)
HTTP/1.1 200 OK
Content-Length: 51
Content-Type: application/json; charset=utf-8
cache-control: no-cache

10:40:10.824 [AsyncHttpClient-1-20] DEBUG org.asynchttpclient.netty.channel.ChannelManager - Adding key: http://localhost:22966 for channel [id: 0x3014df67, L:/127.0.0.1:55323 - R:localhost/127.0.0.1:22966]
10:40:10.825 [Forwarding screenshot on session 233bda7f0e1de6005a9ed1169440eb55 to remote] DEBUG org.asynchttpclient.netty.request.NettyRequestSender - Using pooled Channel '[id: 0x3014df67, L:/127.0.0.1:55323 - R:localhost/127.0.0.1:22966]' for 'GET' to 'http://localhost:22966/session/233bda7f0e1de6005a9ed1169440eb55/screenshot'
10:40:10.825 [Forwarding screenshot on session 233bda7f0e1de6005a9ed1169440eb55 to remote] DEBUG org.asynchttpclient.netty.request.NettyRequestSender - Using open Channel [id: 0x3014df67, L:/127.0.0.1:55323 - R:localhost/127.0.0.1:22966] for GET '/session/233bda7f0e1de6005a9ed1169440eb55/screenshot'
10:40:10.935 [AsyncHttpClient-1-20] DEBUG org.asynchttpclient.netty.handler.HttpHandler - 

Request DefaultFullHttpRequest(decodeResult: success, version: HTTP/1.1, content: EmptyByteBufBE)
GET /session/233bda7f0e1de6005a9ed1169440eb55/screenshot HTTP/1.1
User-Agent: selenium/4.8.1 (java windows)
Cache-Control: no-cache
Content-Type: application/json; charset=utf-8
host: localhost:22966
accept: */*

Response DefaultHttpResponse(decodeResult: success, version: HTTP/1.1)
HTTP/1.1 200 OK
Content-Length: 35128
Content-Type: application/json; charset=utf-8
cache-control: no-cache

10:40:10.936 [AsyncHttpClient-1-20] DEBUG org.asynchttpclient.netty.channel.ChannelManager - Adding key: http://localhost:22966 for channel [id: 0x3014df67, L:/127.0.0.1:55323 - R:localhost/127.0.0.1:22966]
10:40:10.937 [main] DEBUG net.serenitybdd.core.photography.Darkroom - Send negative for processing for target\site\serenity\e478a7d0c533d28e53b46bbe74ae6fe91067a44f15b4737c61db7d49f39d8ea3.png
10:40:10.937 [main] DEBUG net.thucydides.core.steps.StepInterceptor - STEP DONE: incorrectAlert
  &amp#27;[32mThen &amp#27;[0m&amp#27;[32mI should see the error message&amp#27;[0m    &amp#27;[90m# starter.stepdefinitions.LoginSteps.alertContent()&amp#27;[0m
10:40:10.937 [Darkroom Processing Line] DEBUG net.serenitybdd.core.photography.DarkroomProcessingLine - Processing screenshot image in /var/screenshots/screenshot-4259454794719424025
10:40:10.938 [Darkroom Processing Line] DEBUG net.serenitybdd.core.photography.DarkroomProcessingLine - Saving screenshot to target\site\serenity\e478a7d0c533d28e53b46bbe74ae6fe91067a44f15b4737c61db7d49f39d8ea3.png
10:40:10.941 [main] INFO  - 
  _____   ___   ___   _____     ___     _     ___   ___   ___   ___  
 |_   _| | __| / __| |_   _|   | _ \   /_\   / __| / __| | __| |   \ 
   | |   | _|  \__ \   | |     |  _/  / _ \  \__ \ \__ \ | _|  | |) |
   |_|   |___| |___/   |_|     |_|   /_/ \_\ |___/ |___/ |___| |___/ 

Login with wrong password
----------------------------------------------------------------------
10:40:10.942 [AsyncHttpClient-1-22] DEBUG org.asynchttpclient.netty.handler.WebSocketHandler - Channel Closed: [id: 0xaa938ad6, L:/127.0.0.1:55331 ! R:localhost/127.0.0.1:55324] with attribute NettyResponseFuture{currentRetry=0,
	isDone=1,
	isCancelled=0,
	asyncHandler=org.asynchttpclient.ws.WebSocketUpgradeHandler@66a80dd3,
	nettyRequest=org.asynchttpclient.netty.request.NettyRequest@23aa8f62,
	future=java.util.concurrent.CompletableFuture@4ca090ca[Completed normally],
	uri=ws://localhost:55324/devtools/browser/319f1413-751d-4208-97f9-059f818a376a,
	keepAlive=true,
	redirectCount=0,
	timeoutsHolder=null,
	inAuth=0,
	touch=1683430808935}
10:40:10.942 [AsyncHttpClient-1-22] DEBUG org.asynchttpclient.netty.channel.ChannelManager - Closing Channel [id: 0xaa938ad6, L:/127.0.0.1:55331 ! R:localhost/127.0.0.1:55324] 
10:40:10.942 [Driver Command Executor] DEBUG org.asynchttpclient.netty.request.NettyRequestSender - Using pooled Channel '[id: 0x3014df67, L:/127.0.0.1:55323 - R:localhost/127.0.0.1:22966]' for 'DELETE' to 'http://localhost:22966/session/233bda7f0e1de6005a9ed1169440eb55'
10:40:10.942 [Driver Command Executor] DEBUG org.asynchttpclient.netty.request.NettyRequestSender - Using open Channel [id: 0x3014df67, L:/127.0.0.1:55323 - R:localhost/127.0.0.1:22966] for DELETE '/session/233bda7f0e1de6005a9ed1169440eb55'
10:40:10.970 [AsyncHttpClient-1-21] DEBUG org.asynchttpclient.netty.handler.HttpHandler - Unexpected I/O exception on channel [id: 0x3fc192af, L:/127.0.0.1:55330 - R:localhost/127.0.0.1:55324]
java.net.SocketException: Connection reset
	at java.base/sun.nio.ch.SocketChannelImpl.throwConnectionReset(SocketChannelImpl.java:367)
	at java.base/sun.nio.ch.SocketChannelImpl.read(SocketChannelImpl.java:398)
	at io.netty.buffer.PooledByteBuf.setBytes(PooledByteBuf.java:259)
	at io.netty.buffer.AbstractByteBuf.writeBytes(AbstractByteBuf.java:1132)
	at io.netty.channel.socket.nio.NioSocketChannel.doReadBytes(NioSocketChannel.java:357)
	at io.netty.channel.nio.AbstractNioByteChannel$NioByteUnsafe.read(AbstractNioByteChannel.java:151)
	at io.netty.channel.nio.NioEventLoop.processSelectedKey(NioEventLoop.java:788)
	at io.netty.channel.nio.NioEventLoop.processSelectedKeysOptimized(NioEventLoop.java:724)
	at io.netty.channel.nio.NioEventLoop.processSelectedKeys(NioEventLoop.java:650)
	at io.netty.channel.nio.NioEventLoop.run(NioEventLoop.java:562)
	at io.netty.util.concurrent.SingleThreadEventExecutor$4.run(SingleThreadEventExecutor.java:997)
	at io.netty.util.internal.ThreadExecutorMap$2.run(ThreadExecutorMap.java:74)
	at io.netty.util.concurrent.FastThreadLocalRunnable.run(FastThreadLocalRunnable.java:30)
	at java.base/java.lang.Thread.run(Thread.java:832)
10:40:10.970 [AsyncHttpClient-1-21] DEBUG org.asynchttpclient.netty.channel.ChannelManager - Closing Channel [id: 0x3fc192af, L:/127.0.0.1:55330 - R:localhost/127.0.0.1:55324] 
10:40:10.970 [AsyncHttpClient-1-21] DEBUG org.asynchttpclient.netty.handler.HttpHandler - Channel Closed: [id: 0x3fc192af, L:/127.0.0.1:55330 ! R:localhost/127.0.0.1:55324] with attribute DISCARD
10:40:10.981 [AsyncHttpClient-1-20] DEBUG org.asynchttpclient.netty.handler.HttpHandler - 

Request DefaultFullHttpRequest(decodeResult: success, version: HTTP/1.1, content: EmptyByteBufBE)
DELETE /session/233bda7f0e1de6005a9ed1169440eb55 HTTP/1.1
User-Agent: selenium/4.8.1 (java windows)
Content-Type: application/json; charset=utf-8
host: localhost:22966
accept: */*

Response DefaultHttpResponse(decodeResult: success, version: HTTP/1.1)
HTTP/1.1 200 OK
Content-Length: 14
Content-Type: application/json; charset=utf-8
cache-control: no-cache

10:40:10.981 [AsyncHttpClient-1-20] DEBUG org.asynchttpclient.netty.channel.ChannelManager - Adding key: http://localhost:22966 for channel [id: 0x3014df67, L:/127.0.0.1:55323 - R:localhost/127.0.0.1:22966]
10:40:11.002 [AsyncHttpClient-1-1] DEBUG org.asynchttpclient.netty.channel.DefaultChannelPool - Entry count for : http://localhost:22966 : 1
10:40:11.002 [AsyncHttpClient-1-1] DEBUG org.asynchttpclient.netty.channel.DefaultChannelPool - Entry count for : http://localhost:55324 : 1
10:40:11.002 [AsyncHttpClient-1-1] DEBUG org.asynchttpclient.netty.channel.DefaultChannelPool - Adding Candidate expired Channel [id: 0x3fc192af, L:/127.0.0.1:55330 ! R:localhost/127.0.0.1:55324] isIdleTimeoutExpired=false isRemotelyClosed=true isTtlExpired=false
10:40:11.002 [AsyncHttpClient-1-1] DEBUG org.asynchttpclient.netty.channel.DefaultChannelPool - Closing Idle Channel [id: 0x3fc192af, L:/127.0.0.1:55330 ! R:localhost/127.0.0.1:55324]
10:40:11.002 [AsyncHttpClient-1-1] DEBUG org.asynchttpclient.netty.channel.DefaultChannelPool - Closed 1 connections out of 2 in 0 ms
10:40:11.081 [AsyncHttpClient-1-20] DEBUG org.asynchttpclient.netty.handler.HttpHandler - Channel Closed: [id: 0x3014df67, L:/127.0.0.1:55323 ! R:localhost/127.0.0.1:22966] with attribute DISCARD
]]></system-out>
    <system-err><![CDATA[Starting ChromeDriver 111.0.5563.64 (c710e93d5b63b7095afe8c2c17df34408078439d-refs/branch-heads/5563@{#995}) on port 22966
Only local connections are allowed.
Please see https://chromedriver.chromium.org/security-considerations for suggestions on keeping ChromeDriver safe.
ChromeDriver was started successfully.
[1683430808.915][WARNING]: This version of ChromeDriver has not been tested with Chrome version 112.
May 07, 2023 10:40:08 AM org.openqa.selenium.devtools.CdpVersionFinder findNearestMatch
WARNING: Unable to find an exact match for CDP version 112, so returning the closest version found: 110
]]></system-err>
  </testcase>
  <testcase name="Login with wrong email" classname="Login to Alta-shop Account" time="3.719">
    <system-out><![CDATA[
Scenario: Login with wrong email         &amp#27;[90m# src/test/resources/features/2. Login.feature:21&amp#27;[0m
10:40:11.606 [main] DEBUG io.cucumber.core.plugin.SerenityReporter - Running feature from file:///C:/Users/WINDOWS%2010/Documents/GitHub/MiniProject_QE/Web/code/minpro/src/test/resources/features/2.%20Login.feature
10:40:11.610 [main] INFO  - 
  _____   ___   ___   _____     ___   _____     _     ___   _____   ___   ___  
 |_   _| | __| / __| |_   _|   / __| |_   _|   /_\   | _ \ |_   _| | __| |   \ 
   | |   | _|  \__ \   | |     \__ \   | |    / _ \  |   /   | |   | _|  | |) |
   |_|   |___| |___/   |_|     |___/   |_|   /_/ \_\ |_|_\   |_|   |___| |___/ 

Login with wrong email(login-to-alta-shop-account;login-with-wrong-email)
--------------------------------------------------------------------------------
10:40:11.636 [main] DEBUG net.thucydides.core.steps.StepInterceptor - STARTING STEP: LoginSteps.onTheLoginPage - openPage
10:40:11.673 [main] INFO net.serenitybdd.core.webdriver.driverproviders.ChromeDriverProvider - Starting Chrome driver instance with capabilities:
10:40:11.673 [main] INFO net.serenitybdd.core.webdriver.driverproviders.ChromeDriverProvider - Capabilities {acceptInsecureCerts: false, browserName: chrome, goog:chromeOptions: {args: [remote-allow-origins=*], extensions: []}}
10:40:11.746 [AsyncHttpClient-1-23] DEBUG org.asynchttpclient.netty.channel.NettyConnectListener - Using new Channel '[id: 0xcd54e2ef, L:/127.0.0.1:55350 - R:localhost/127.0.0.1:6328]' for 'POST' to '/session'
10:40:12.103 [AsyncHttpClient-1-1] DEBUG org.asynchttpclient.netty.channel.DefaultChannelPool - Entry count for : http://localhost:22966 : 1
10:40:12.104 [AsyncHttpClient-1-1] DEBUG org.asynchttpclient.netty.channel.DefaultChannelPool - Adding Candidate expired Channel [id: 0x3014df67, L:/127.0.0.1:55323 ! R:localhost/127.0.0.1:22966] isIdleTimeoutExpired=false isRemotelyClosed=true isTtlExpired=false
10:40:12.104 [AsyncHttpClient-1-1] DEBUG org.asynchttpclient.netty.channel.DefaultChannelPool - Closing Idle Channel [id: 0x3014df67, L:/127.0.0.1:55323 ! R:localhost/127.0.0.1:22966]
10:40:12.104 [AsyncHttpClient-1-1] DEBUG org.asynchttpclient.netty.channel.DefaultChannelPool - Closed 1 connections out of 1 in 0 ms
10:40:12.333 [AsyncHttpClient-1-23] DEBUG org.asynchttpclient.netty.handler.HttpHandler - 

Request DefaultHttpRequest(decodeResult: success, version: HTTP/1.1)
POST /session HTTP/1.1
User-Agent: selenium/4.8.1 (java windows)
Content-Length: 507
Content-Type: application/json; charset=utf-8
host: localhost:6328
accept: */*

Response DefaultHttpResponse(decodeResult: success, version: HTTP/1.1)
HTTP/1.1 200 OK
Content-Length: 862
Content-Type: application/json; charset=utf-8
cache-control: no-cache

10:40:12.334 [AsyncHttpClient-1-23] DEBUG org.asynchttpclient.netty.channel.ChannelManager - Adding key: http://localhost:6328 for channel [id: 0xcd54e2ef, L:/127.0.0.1:55350 - R:localhost/127.0.0.1:6328]
10:40:12.338 [AsyncHttpClient-1-24] DEBUG org.asynchttpclient.netty.channel.NettyConnectListener - Using new Channel '[id: 0x038510f8, L:/127.0.0.1:55359 - R:localhost/127.0.0.1:55351]' for 'GET' to '/json/version'
10:40:12.341 [AsyncHttpClient-1-24] DEBUG org.asynchttpclient.netty.handler.HttpHandler - 

Request DefaultFullHttpRequest(decodeResult: success, version: HTTP/1.1, content: EmptyByteBufBE)
GET /json/version HTTP/1.1
User-Agent: selenium/4.8.1 (java windows)
host: localhost:55351
accept: */*

Response DefaultHttpResponse(decodeResult: success, version: HTTP/1.1)
HTTP/1.1 200 OK
Content-Security-Policy: frame-ancestors 'none'
Content-Length: 424
Content-Type: application/json; charset=UTF-8

10:40:12.341 [AsyncHttpClient-1-24] DEBUG org.asynchttpclient.netty.channel.ChannelManager - Adding key: http://localhost:55351 for channel [id: 0x038510f8, L:/127.0.0.1:55359 - R:localhost/127.0.0.1:55351]
10:40:12.342 [AsyncHttpClient-1-25] DEBUG org.asynchttpclient.netty.channel.NettyConnectListener - Using new Channel '[id: 0xa6e9ddb8, L:/127.0.0.1:55360 - R:localhost/127.0.0.1:55351]' for 'GET' to '/devtools/browser/d0ed0f1c-db9e-4546-a714-5e4dd5f02800'
10:40:12.344 [AsyncHttpClient-1-25] DEBUG org.asynchttpclient.netty.handler.WebSocketHandler - 

Request DefaultFullHttpRequest(decodeResult: success, version: HTTP/1.1, content: EmptyByteBufBE)
GET /devtools/browser/d0ed0f1c-db9e-4546-a714-5e4dd5f02800 HTTP/1.1
upgrade: websocket
connection: upgrade
sec-websocket-key: 4JUOKJ1zKCPt7JTlOodtkg==
sec-websocket-version: 13
origin: http://localhost:55351
host: localhost:55351
accept: */*
user-agent: AHC/2.1

Response DefaultHttpResponse(decodeResult: success, version: HTTP/1.1)
HTTP/1.1 101 WebSocket Protocol Handshake
Upgrade: WebSocket
Connection: Upgrade
Sec-WebSocket-Accept: WZi50C06uo0+CY0I/FGhxfUC7QE=

10:40:12.347 [Forwarding get on session 9fca011001441e8b5650f5e9cf5e7434 to remote] DEBUG org.asynchttpclient.netty.request.NettyRequestSender - Using pooled Channel '[id: 0xcd54e2ef, L:/127.0.0.1:55350 - R:localhost/127.0.0.1:6328]' for 'POST' to 'http://localhost:6328/session/9fca011001441e8b5650f5e9cf5e7434/url'
10:40:12.347 [Forwarding get on session 9fca011001441e8b5650f5e9cf5e7434 to remote] DEBUG org.asynchttpclient.netty.request.NettyRequestSender - Using open Channel [id: 0xcd54e2ef, L:/127.0.0.1:55350 - R:localhost/127.0.0.1:6328] for POST '/session/9fca011001441e8b5650f5e9cf5e7434/url'
10:40:13.206 [AsyncHttpClient-1-1] DEBUG org.asynchttpclient.netty.channel.DefaultChannelPool - Entry count for : http://localhost:55351 : 1
10:40:13.463 [AsyncHttpClient-1-23] DEBUG org.asynchttpclient.netty.handler.HttpHandler - 

Request DefaultHttpRequest(decodeResult: success, version: HTTP/1.1)
POST /session/9fca011001441e8b5650f5e9cf5e7434/url HTTP/1.1
User-Agent: selenium/4.8.1 (java windows)
Content-Length: 74
Content-Type: application/json; charset=utf-8
host: localhost:6328
accept: */*

Response DefaultHttpResponse(decodeResult: success, version: HTTP/1.1)
HTTP/1.1 200 OK
Content-Length: 14
Content-Type: application/json; charset=utf-8
cache-control: no-cache

10:40:13.464 [AsyncHttpClient-1-23] DEBUG org.asynchttpclient.netty.channel.ChannelManager - Adding key: http://localhost:6328 for channel [id: 0xcd54e2ef, L:/127.0.0.1:55350 - R:localhost/127.0.0.1:6328]
10:40:13.464 [Forwarding setTimeout on session 9fca011001441e8b5650f5e9cf5e7434 to remote] DEBUG org.asynchttpclient.netty.request.NettyRequestSender - Using pooled Channel '[id: 0xcd54e2ef, L:/127.0.0.1:55350 - R:localhost/127.0.0.1:6328]' for 'POST' to 'http://localhost:6328/session/9fca011001441e8b5650f5e9cf5e7434/timeouts'
10:40:13.464 [Forwarding setTimeout on session 9fca011001441e8b5650f5e9cf5e7434 to remote] DEBUG org.asynchttpclient.netty.request.NettyRequestSender - Using open Channel [id: 0xcd54e2ef, L:/127.0.0.1:55350 - R:localhost/127.0.0.1:6328] for POST '/session/9fca011001441e8b5650f5e9cf5e7434/timeouts'
10:40:13.465 [AsyncHttpClient-1-23] DEBUG org.asynchttpclient.netty.handler.HttpHandler - 

Request DefaultHttpRequest(decodeResult: success, version: HTTP/1.1)
POST /session/9fca011001441e8b5650f5e9cf5e7434/timeouts HTTP/1.1
User-Agent: selenium/4.8.1 (java windows)
Content-Length: 22
Content-Type: application/json; charset=utf-8
host: localhost:6328
accept: */*

Response DefaultHttpResponse(decodeResult: success, version: HTTP/1.1)
HTTP/1.1 200 OK
Content-Length: 14
Content-Type: application/json; charset=utf-8
cache-control: no-cache

10:40:13.465 [AsyncHttpClient-1-23] DEBUG org.asynchttpclient.netty.channel.ChannelManager - Adding key: http://localhost:6328 for channel [id: 0xcd54e2ef, L:/127.0.0.1:55350 - R:localhost/127.0.0.1:6328]
10:40:13.469 [Forwarding getAlertText on session 9fca011001441e8b5650f5e9cf5e7434 to remote] DEBUG org.asynchttpclient.netty.request.NettyRequestSender - Using pooled Channel '[id: 0xcd54e2ef, L:/127.0.0.1:55350 - R:localhost/127.0.0.1:6328]' for 'GET' to 'http://localhost:6328/session/9fca011001441e8b5650f5e9cf5e7434/alert/text'
10:40:13.469 [Forwarding getAlertText on session 9fca011001441e8b5650f5e9cf5e7434 to remote] DEBUG org.asynchttpclient.netty.request.NettyRequestSender - Using open Channel [id: 0xcd54e2ef, L:/127.0.0.1:55350 - R:localhost/127.0.0.1:6328] for GET '/session/9fca011001441e8b5650f5e9cf5e7434/alert/text'
10:40:13.471 [AsyncHttpClient-1-23] DEBUG org.asynchttpclient.netty.handler.HttpHandler - 

Request DefaultFullHttpRequest(decodeResult: success, version: HTTP/1.1, content: EmptyByteBufBE)
GET /session/9fca011001441e8b5650f5e9cf5e7434/alert/text HTTP/1.1
User-Agent: selenium/4.8.1 (java windows)
Cache-Control: no-cache
Content-Type: application/json; charset=utf-8
host: localhost:6328
accept: */*

Response DefaultHttpResponse(decodeResult: success, version: HTTP/1.1)
HTTP/1.1 404 Not Found
Content-Length: 836
Content-Type: application/json; charset=utf-8
cache-control: no-cache

10:40:13.471 [AsyncHttpClient-1-23] DEBUG org.asynchttpclient.netty.channel.ChannelManager - Adding key: http://localhost:6328 for channel [id: 0xcd54e2ef, L:/127.0.0.1:55350 - R:localhost/127.0.0.1:6328]
10:40:13.472 [Forwarding getCurrentUrl on session 9fca011001441e8b5650f5e9cf5e7434 to remote] DEBUG org.asynchttpclient.netty.request.NettyRequestSender - Using pooled Channel '[id: 0xcd54e2ef, L:/127.0.0.1:55350 - R:localhost/127.0.0.1:6328]' for 'GET' to 'http://localhost:6328/session/9fca011001441e8b5650f5e9cf5e7434/url'
10:40:13.472 [Forwarding getCurrentUrl on session 9fca011001441e8b5650f5e9cf5e7434 to remote] DEBUG org.asynchttpclient.netty.request.NettyRequestSender - Using open Channel [id: 0xcd54e2ef, L:/127.0.0.1:55350 - R:localhost/127.0.0.1:6328] for GET '/session/9fca011001441e8b5650f5e9cf5e7434/url'
10:40:13.476 [AsyncHttpClient-1-23] DEBUG org.asynchttpclient.netty.handler.HttpHandler - 

Request DefaultFullHttpRequest(decodeResult: success, version: HTTP/1.1, content: EmptyByteBufBE)
GET /session/9fca011001441e8b5650f5e9cf5e7434/url HTTP/1.1
User-Agent: selenium/4.8.1 (java windows)
Cache-Control: no-cache
Content-Type: application/json; charset=utf-8
host: localhost:6328
accept: */*

Response DefaultHttpResponse(decodeResult: success, version: HTTP/1.1)
HTTP/1.1 200 OK
Content-Length: 51
Content-Type: application/json; charset=utf-8
cache-control: no-cache

10:40:13.476 [AsyncHttpClient-1-23] DEBUG org.asynchttpclient.netty.channel.ChannelManager - Adding key: http://localhost:6328 for channel [id: 0xcd54e2ef, L:/127.0.0.1:55350 - R:localhost/127.0.0.1:6328]
10:40:13.476 [Forwarding screenshot on session 9fca011001441e8b5650f5e9cf5e7434 to remote] DEBUG org.asynchttpclient.netty.request.NettyRequestSender - Using pooled Channel '[id: 0xcd54e2ef, L:/127.0.0.1:55350 - R:localhost/127.0.0.1:6328]' for 'GET' to 'http://localhost:6328/session/9fca011001441e8b5650f5e9cf5e7434/screenshot'
10:40:13.476 [Forwarding screenshot on session 9fca011001441e8b5650f5e9cf5e7434 to remote] DEBUG org.asynchttpclient.netty.request.NettyRequestSender - Using open Channel [id: 0xcd54e2ef, L:/127.0.0.1:55350 - R:localhost/127.0.0.1:6328] for GET '/session/9fca011001441e8b5650f5e9cf5e7434/screenshot'
10:40:13.561 [AsyncHttpClient-1-23] DEBUG org.asynchttpclient.netty.handler.HttpHandler - 

Request DefaultFullHttpRequest(decodeResult: success, version: HTTP/1.1, content: EmptyByteBufBE)
GET /session/9fca011001441e8b5650f5e9cf5e7434/screenshot HTTP/1.1
User-Agent: selenium/4.8.1 (java windows)
Cache-Control: no-cache
Content-Type: application/json; charset=utf-8
host: localhost:6328
accept: */*

Response DefaultHttpResponse(decodeResult: success, version: HTTP/1.1)
HTTP/1.1 200 OK
Content-Length: 25208
Content-Type: application/json; charset=utf-8
cache-control: no-cache

10:40:13.561 [AsyncHttpClient-1-23] DEBUG org.asynchttpclient.netty.channel.ChannelManager - Adding key: http://localhost:6328 for channel [id: 0xcd54e2ef, L:/127.0.0.1:55350 - R:localhost/127.0.0.1:6328]
10:40:13.563 [main] DEBUG net.serenitybdd.core.photography.Darkroom - Send negative for processing for target\site\serenity\edb14d4aab401efa0e4fb99861e6ffcafebc86a67b69f7828890b9910ed2ddbd.png
10:40:13.563 [main] DEBUG net.thucydides.core.steps.StepInterceptor - STEP DONE: openPage
  &amp#27;[32mGiven &amp#27;[0m&amp#27;[32mI am on the alta-shop login page&amp#27;[0m &amp#27;[90m# starter.stepdefinitions.LoginSteps.onTheLoginPage()&amp#27;[0m
10:40:13.569 [Forwarding getPageSource on session 9fca011001441e8b5650f5e9cf5e7434 to remote] DEBUG org.asynchttpclient.netty.request.NettyRequestSender - Using pooled Channel '[id: 0xcd54e2ef, L:/127.0.0.1:55350 - R:localhost/127.0.0.1:6328]' for 'POST' to 'http://localhost:6328/session/9fca011001441e8b5650f5e9cf5e7434/execute/sync'
10:40:13.569 [Forwarding getPageSource on session 9fca011001441e8b5650f5e9cf5e7434 to remote] DEBUG org.asynchttpclient.netty.request.NettyRequestSender - Using open Channel [id: 0xcd54e2ef, L:/127.0.0.1:55350 - R:localhost/127.0.0.1:6328] for POST '/session/9fca011001441e8b5650f5e9cf5e7434/execute/sync'
10:40:13.573 [AsyncHttpClient-1-23] DEBUG org.asynchttpclient.netty.handler.HttpHandler - 

Request DefaultHttpRequest(decodeResult: success, version: HTTP/1.1)
POST /session/9fca011001441e8b5650f5e9cf5e7434/execute/sync HTTP/1.1
User-Agent: selenium/4.8.1 (java windows)
Content-Length: 176
Content-Type: application/json; charset=utf-8
host: localhost:6328
accept: */*

Response DefaultHttpResponse(decodeResult: success, version: HTTP/1.1)
HTTP/1.1 200 OK
Content-Length: 21659
Content-Type: application/json; charset=utf-8
cache-control: no-cache

10:40:13.573 [AsyncHttpClient-1-23] DEBUG org.asynchttpclient.netty.channel.ChannelManager - Adding key: http://localhost:6328 for channel [id: 0xcd54e2ef, L:/127.0.0.1:55350 - R:localhost/127.0.0.1:6328]
10:40:13.575 [Forwarding getCurrentUrl on session 9fca011001441e8b5650f5e9cf5e7434 to remote] DEBUG org.asynchttpclient.netty.request.NettyRequestSender - Using pooled Channel '[id: 0xcd54e2ef, L:/127.0.0.1:55350 - R:localhost/127.0.0.1:6328]' for 'GET' to 'http://localhost:6328/session/9fca011001441e8b5650f5e9cf5e7434/url'
10:40:13.575 [Forwarding getCurrentUrl on session 9fca011001441e8b5650f5e9cf5e7434 to remote] DEBUG org.asynchttpclient.netty.request.NettyRequestSender - Using open Channel [id: 0xcd54e2ef, L:/127.0.0.1:55350 - R:localhost/127.0.0.1:6328] for GET '/session/9fca011001441e8b5650f5e9cf5e7434/url'
10:40:13.578 [AsyncHttpClient-1-23] DEBUG org.asynchttpclient.netty.handler.HttpHandler - 

Request DefaultFullHttpRequest(decodeResult: success, version: HTTP/1.1, content: EmptyByteBufBE)
GET /session/9fca011001441e8b5650f5e9cf5e7434/url HTTP/1.1
User-Agent: selenium/4.8.1 (java windows)
Cache-Control: no-cache
Content-Type: application/json; charset=utf-8
host: localhost:6328
accept: */*

Response DefaultHttpResponse(decodeResult: success, version: HTTP/1.1)
HTTP/1.1 200 OK
Content-Length: 51
Content-Type: application/json; charset=utf-8
cache-control: no-cache

10:40:13.578 [AsyncHttpClient-1-23] DEBUG org.asynchttpclient.netty.channel.ChannelManager - Adding key: http://localhost:6328 for channel [id: 0xcd54e2ef, L:/127.0.0.1:55350 - R:localhost/127.0.0.1:6328]
10:40:13.584 [Forwarding getPageSource on session 9fca011001441e8b5650f5e9cf5e7434 to remote] DEBUG org.asynchttpclient.netty.request.NettyRequestSender - Using pooled Channel '[id: 0xcd54e2ef, L:/127.0.0.1:55350 - R:localhost/127.0.0.1:6328]' for 'POST' to 'http://localhost:6328/session/9fca011001441e8b5650f5e9cf5e7434/execute/sync'
10:40:13.585 [Forwarding getPageSource on session 9fca011001441e8b5650f5e9cf5e7434 to remote] DEBUG org.asynchttpclient.netty.request.NettyRequestSender - Using open Channel [id: 0xcd54e2ef, L:/127.0.0.1:55350 - R:localhost/127.0.0.1:6328] for POST '/session/9fca011001441e8b5650f5e9cf5e7434/execute/sync'
10:40:13.589 [AsyncHttpClient-1-23] DEBUG org.asynchttpclient.netty.handler.HttpHandler - 

Request DefaultHttpRequest(decodeResult: success, version: HTTP/1.1)
POST /session/9fca011001441e8b5650f5e9cf5e7434/execute/sync HTTP/1.1
User-Agent: selenium/4.8.1 (java windows)
Content-Length: 176
Content-Type: application/json; charset=utf-8
host: localhost:6328
accept: */*

Response DefaultHttpResponse(decodeResult: success, version: HTTP/1.1)
HTTP/1.1 200 OK
Content-Length: 21659
Content-Type: application/json; charset=utf-8
cache-control: no-cache

10:40:13.589 [AsyncHttpClient-1-23] DEBUG org.asynchttpclient.netty.channel.ChannelManager - Adding key: http://localhost:6328 for channel [id: 0xcd54e2ef, L:/127.0.0.1:55350 - R:localhost/127.0.0.1:6328]
10:40:13.591 [Forwarding getCurrentUrl on session 9fca011001441e8b5650f5e9cf5e7434 to remote] DEBUG org.asynchttpclient.netty.request.NettyRequestSender - Using pooled Channel '[id: 0xcd54e2ef, L:/127.0.0.1:55350 - R:localhost/127.0.0.1:6328]' for 'GET' to 'http://localhost:6328/session/9fca011001441e8b5650f5e9cf5e7434/url'
10:40:13.591 [Forwarding getCurrentUrl on session 9fca011001441e8b5650f5e9cf5e7434 to remote] DEBUG org.asynchttpclient.netty.request.NettyRequestSender - Using open Channel [id: 0xcd54e2ef, L:/127.0.0.1:55350 - R:localhost/127.0.0.1:6328] for GET '/session/9fca011001441e8b5650f5e9cf5e7434/url'
10:40:13.594 [AsyncHttpClient-1-23] DEBUG org.asynchttpclient.netty.handler.HttpHandler - 

Request DefaultFullHttpRequest(decodeResult: success, version: HTTP/1.1, content: EmptyByteBufBE)
GET /session/9fca011001441e8b5650f5e9cf5e7434/url HTTP/1.1
User-Agent: selenium/4.8.1 (java windows)
Cache-Control: no-cache
Content-Type: application/json; charset=utf-8
host: localhost:6328
accept: */*

Response DefaultHttpResponse(decodeResult: success, version: HTTP/1.1)
HTTP/1.1 200 OK
Content-Length: 51
Content-Type: application/json; charset=utf-8
cache-control: no-cache

10:40:13.594 [AsyncHttpClient-1-23] DEBUG org.asynchttpclient.netty.channel.ChannelManager - Adding key: http://localhost:6328 for channel [id: 0xcd54e2ef, L:/127.0.0.1:55350 - R:localhost/127.0.0.1:6328]
10:40:13.595 [main] DEBUG net.thucydides.core.steps.StepInterceptor - STARTING STEP: LoginSteps.inputIncorrectEmail - inputEmail
10:40:13.597 [Forwarding findElement on session 9fca011001441e8b5650f5e9cf5e7434 to remote] DEBUG org.asynchttpclient.netty.request.NettyRequestSender - Using pooled Channel '[id: 0xcd54e2ef, L:/127.0.0.1:55350 - R:localhost/127.0.0.1:6328]' for 'POST' to 'http://localhost:6328/session/9fca011001441e8b5650f5e9cf5e7434/element'
10:40:13.597 [Forwarding findElement on session 9fca011001441e8b5650f5e9cf5e7434 to remote] DEBUG org.asynchttpclient.netty.request.NettyRequestSender - Using open Channel [id: 0xcd54e2ef, L:/127.0.0.1:55350 - R:localhost/127.0.0.1:6328] for POST '/session/9fca011001441e8b5650f5e9cf5e7434/element'
10:40:13.605 [AsyncHttpClient-1-23] DEBUG org.asynchttpclient.netty.handler.HttpHandler - 

Request DefaultHttpRequest(decodeResult: success, version: HTTP/1.1)
POST /session/9fca011001441e8b5650f5e9cf5e7434/element HTTP/1.1
User-Agent: selenium/4.8.1 (java windows)
Content-Length: 55
Content-Type: application/json; charset=utf-8
host: localhost:6328
accept: */*

Response DefaultHttpResponse(decodeResult: success, version: HTTP/1.1)
HTTP/1.1 200 OK
Content-Length: 88
Content-Type: application/json; charset=utf-8
cache-control: no-cache

10:40:13.605 [AsyncHttpClient-1-23] DEBUG org.asynchttpclient.netty.channel.ChannelManager - Adding key: http://localhost:6328 for channel [id: 0xcd54e2ef, L:/127.0.0.1:55350 - R:localhost/127.0.0.1:6328]
10:40:13.606 [Forwarding clearElement on session 9fca011001441e8b5650f5e9cf5e7434 to remote] DEBUG org.asynchttpclient.netty.request.NettyRequestSender - Using pooled Channel '[id: 0xcd54e2ef, L:/127.0.0.1:55350 - R:localhost/127.0.0.1:6328]' for 'POST' to 'http://localhost:6328/session/9fca011001441e8b5650f5e9cf5e7434/element/0883d7de-2778-4896-b24b-5a111fc5be50/clear'
10:40:13.606 [Forwarding clearElement on session 9fca011001441e8b5650f5e9cf5e7434 to remote] DEBUG org.asynchttpclient.netty.request.NettyRequestSender - Using open Channel [id: 0xcd54e2ef, L:/127.0.0.1:55350 - R:localhost/127.0.0.1:6328] for POST '/session/9fca011001441e8b5650f5e9cf5e7434/element/0883d7de-2778-4896-b24b-5a111fc5be50/clear'
10:40:13.629 [AsyncHttpClient-1-23] DEBUG org.asynchttpclient.netty.handler.HttpHandler - 

Request DefaultHttpRequest(decodeResult: success, version: HTTP/1.1)
POST /session/9fca011001441e8b5650f5e9cf5e7434/element/0883d7de-2778-4896-b24b-5a111fc5be50/clear HTTP/1.1
User-Agent: selenium/4.8.1 (java windows)
Content-Length: 50
Content-Type: application/json; charset=utf-8
host: localhost:6328
accept: */*

Response DefaultHttpResponse(decodeResult: success, version: HTTP/1.1)
HTTP/1.1 200 OK
Content-Length: 14
Content-Type: application/json; charset=utf-8
cache-control: no-cache

10:40:13.629 [AsyncHttpClient-1-23] DEBUG org.asynchttpclient.netty.channel.ChannelManager - Adding key: http://localhost:6328 for channel [id: 0xcd54e2ef, L:/127.0.0.1:55350 - R:localhost/127.0.0.1:6328]
10:40:13.630 [Forwarding sendKeysToElement on session 9fca011001441e8b5650f5e9cf5e7434 to remote] DEBUG org.asynchttpclient.netty.request.NettyRequestSender - Using pooled Channel '[id: 0xcd54e2ef, L:/127.0.0.1:55350 - R:localhost/127.0.0.1:6328]' for 'POST' to 'http://localhost:6328/session/9fca011001441e8b5650f5e9cf5e7434/element/0883d7de-2778-4896-b24b-5a111fc5be50/value'
10:40:13.630 [Forwarding sendKeysToElement on session 9fca011001441e8b5650f5e9cf5e7434 to remote] DEBUG org.asynchttpclient.netty.request.NettyRequestSender - Using open Channel [id: 0xcd54e2ef, L:/127.0.0.1:55350 - R:localhost/127.0.0.1:6328] for POST '/session/9fca011001441e8b5650f5e9cf5e7434/element/0883d7de-2778-4896-b24b-5a111fc5be50/value'
10:40:13.713 [AsyncHttpClient-1-23] DEBUG org.asynchttpclient.netty.handler.HttpHandler - 

Request DefaultHttpRequest(decodeResult: success, version: HTTP/1.1)
POST /session/9fca011001441e8b5650f5e9cf5e7434/element/0883d7de-2778-4896-b24b-5a111fc5be50/value HTTP/1.1
User-Agent: selenium/4.8.1 (java windows)
Content-Length: 271
Content-Type: application/json; charset=utf-8
host: localhost:6328
accept: */*

Response DefaultHttpResponse(decodeResult: success, version: HTTP/1.1)
HTTP/1.1 200 OK
Content-Length: 14
Content-Type: application/json; charset=utf-8
cache-control: no-cache

10:40:13.713 [AsyncHttpClient-1-23] DEBUG org.asynchttpclient.netty.channel.ChannelManager - Adding key: http://localhost:6328 for channel [id: 0xcd54e2ef, L:/127.0.0.1:55350 - R:localhost/127.0.0.1:6328]
10:40:13.717 [Forwarding getAlertText on session 9fca011001441e8b5650f5e9cf5e7434 to remote] DEBUG org.asynchttpclient.netty.request.NettyRequestSender - Using pooled Channel '[id: 0xcd54e2ef, L:/127.0.0.1:55350 - R:localhost/127.0.0.1:6328]' for 'GET' to 'http://localhost:6328/session/9fca011001441e8b5650f5e9cf5e7434/alert/text'
10:40:13.717 [Forwarding getAlertText on session 9fca011001441e8b5650f5e9cf5e7434 to remote] DEBUG org.asynchttpclient.netty.request.NettyRequestSender - Using open Channel [id: 0xcd54e2ef, L:/127.0.0.1:55350 - R:localhost/127.0.0.1:6328] for GET '/session/9fca011001441e8b5650f5e9cf5e7434/alert/text'
10:40:13.719 [AsyncHttpClient-1-23] DEBUG org.asynchttpclient.netty.handler.HttpHandler - 

Request DefaultFullHttpRequest(decodeResult: success, version: HTTP/1.1, content: EmptyByteBufBE)
GET /session/9fca011001441e8b5650f5e9cf5e7434/alert/text HTTP/1.1
User-Agent: selenium/4.8.1 (java windows)
Cache-Control: no-cache
Content-Type: application/json; charset=utf-8
host: localhost:6328
accept: */*

Response DefaultHttpResponse(decodeResult: success, version: HTTP/1.1)
HTTP/1.1 404 Not Found
Content-Length: 836
Content-Type: application/json; charset=utf-8
cache-control: no-cache

10:40:13.719 [AsyncHttpClient-1-23] DEBUG org.asynchttpclient.netty.channel.ChannelManager - Adding key: http://localhost:6328 for channel [id: 0xcd54e2ef, L:/127.0.0.1:55350 - R:localhost/127.0.0.1:6328]
10:40:13.719 [Forwarding getCurrentUrl on session 9fca011001441e8b5650f5e9cf5e7434 to remote] DEBUG org.asynchttpclient.netty.request.NettyRequestSender - Using pooled Channel '[id: 0xcd54e2ef, L:/127.0.0.1:55350 - R:localhost/127.0.0.1:6328]' for 'GET' to 'http://localhost:6328/session/9fca011001441e8b5650f5e9cf5e7434/url'
10:40:13.719 [Forwarding getCurrentUrl on session 9fca011001441e8b5650f5e9cf5e7434 to remote] DEBUG org.asynchttpclient.netty.request.NettyRequestSender - Using open Channel [id: 0xcd54e2ef, L:/127.0.0.1:55350 - R:localhost/127.0.0.1:6328] for GET '/session/9fca011001441e8b5650f5e9cf5e7434/url'
10:40:13.721 [AsyncHttpClient-1-23] DEBUG org.asynchttpclient.netty.handler.HttpHandler - 

Request DefaultFullHttpRequest(decodeResult: success, version: HTTP/1.1, content: EmptyByteBufBE)
GET /session/9fca011001441e8b5650f5e9cf5e7434/url HTTP/1.1
User-Agent: selenium/4.8.1 (java windows)
Cache-Control: no-cache
Content-Type: application/json; charset=utf-8
host: localhost:6328
accept: */*

Response DefaultHttpResponse(decodeResult: success, version: HTTP/1.1)
HTTP/1.1 200 OK
Content-Length: 51
Content-Type: application/json; charset=utf-8
cache-control: no-cache

10:40:13.721 [AsyncHttpClient-1-23] DEBUG org.asynchttpclient.netty.channel.ChannelManager - Adding key: http://localhost:6328 for channel [id: 0xcd54e2ef, L:/127.0.0.1:55350 - R:localhost/127.0.0.1:6328]
10:40:13.722 [Forwarding screenshot on session 9fca011001441e8b5650f5e9cf5e7434 to remote] DEBUG org.asynchttpclient.netty.request.NettyRequestSender - Using pooled Channel '[id: 0xcd54e2ef, L:/127.0.0.1:55350 - R:localhost/127.0.0.1:6328]' for 'GET' to 'http://localhost:6328/session/9fca011001441e8b5650f5e9cf5e7434/screenshot'
10:40:13.722 [Forwarding screenshot on session 9fca011001441e8b5650f5e9cf5e7434 to remote] DEBUG org.asynchttpclient.netty.request.NettyRequestSender - Using open Channel [id: 0xcd54e2ef, L:/127.0.0.1:55350 - R:localhost/127.0.0.1:6328] for GET '/session/9fca011001441e8b5650f5e9cf5e7434/screenshot'
10:40:13.817 [AsyncHttpClient-1-23] DEBUG org.asynchttpclient.netty.handler.HttpHandler - 

Request DefaultFullHttpRequest(decodeResult: success, version: HTTP/1.1, content: EmptyByteBufBE)
GET /session/9fca011001441e8b5650f5e9cf5e7434/screenshot HTTP/1.1
User-Agent: selenium/4.8.1 (java windows)
Cache-Control: no-cache
Content-Type: application/json; charset=utf-8
host: localhost:6328
accept: */*

Response DefaultHttpResponse(decodeResult: success, version: HTTP/1.1)
HTTP/1.1 200 OK
Content-Length: 30688
Content-Type: application/json; charset=utf-8
cache-control: no-cache

10:40:13.817 [AsyncHttpClient-1-23] DEBUG org.asynchttpclient.netty.channel.ChannelManager - Adding key: http://localhost:6328 for channel [id: 0xcd54e2ef, L:/127.0.0.1:55350 - R:localhost/127.0.0.1:6328]
10:40:13.818 [main] DEBUG net.serenitybdd.core.photography.Darkroom - Send negative for processing for target\site\serenity\d9e09ffeb4373cb8446168427746fa38a2fce101156fc1d2117b7286099e0f35.png
10:40:13.819 [main] DEBUG net.thucydides.core.steps.StepInterceptor - STEP DONE: inputEmail
  &amp#27;[32mAnd &amp#27;[0m&amp#27;[32mI enter incorrect email&amp#27;[0m            &amp#27;[90m# starter.stepdefinitions.LoginSteps.inputIncorrectEmail()&amp#27;[0m
10:40:13.819 [Darkroom Processing Line] DEBUG net.serenitybdd.core.photography.DarkroomProcessingLine - Processing screenshot image in /var/screenshots/screenshot-6292254935632177001
10:40:13.819 [Darkroom Processing Line] DEBUG net.serenitybdd.core.photography.DarkroomProcessingLine - Saving screenshot to target\site\serenity\d9e09ffeb4373cb8446168427746fa38a2fce101156fc1d2117b7286099e0f35.png
10:40:13.830 [Forwarding getPageSource on session 9fca011001441e8b5650f5e9cf5e7434 to remote] DEBUG org.asynchttpclient.netty.request.NettyRequestSender - Using pooled Channel '[id: 0xcd54e2ef, L:/127.0.0.1:55350 - R:localhost/127.0.0.1:6328]' for 'POST' to 'http://localhost:6328/session/9fca011001441e8b5650f5e9cf5e7434/execute/sync'
10:40:13.831 [Forwarding getPageSource on session 9fca011001441e8b5650f5e9cf5e7434 to remote] DEBUG org.asynchttpclient.netty.request.NettyRequestSender - Using open Channel [id: 0xcd54e2ef, L:/127.0.0.1:55350 - R:localhost/127.0.0.1:6328] for POST '/session/9fca011001441e8b5650f5e9cf5e7434/execute/sync'
10:40:13.838 [AsyncHttpClient-1-23] DEBUG org.asynchttpclient.netty.handler.HttpHandler - 

Request DefaultHttpRequest(decodeResult: success, version: HTTP/1.1)
POST /session/9fca011001441e8b5650f5e9cf5e7434/execute/sync HTTP/1.1
User-Agent: selenium/4.8.1 (java windows)
Content-Length: 176
Content-Type: application/json; charset=utf-8
host: localhost:6328
accept: */*

Response DefaultHttpResponse(decodeResult: success, version: HTTP/1.1)
HTTP/1.1 200 OK
Content-Length: 21780
Content-Type: application/json; charset=utf-8
cache-control: no-cache

10:40:13.838 [AsyncHttpClient-1-23] DEBUG org.asynchttpclient.netty.channel.ChannelManager - Adding key: http://localhost:6328 for channel [id: 0xcd54e2ef, L:/127.0.0.1:55350 - R:localhost/127.0.0.1:6328]
10:40:13.841 [Forwarding getCurrentUrl on session 9fca011001441e8b5650f5e9cf5e7434 to remote] DEBUG org.asynchttpclient.netty.request.NettyRequestSender - Using pooled Channel '[id: 0xcd54e2ef, L:/127.0.0.1:55350 - R:localhost/127.0.0.1:6328]' for 'GET' to 'http://localhost:6328/session/9fca011001441e8b5650f5e9cf5e7434/url'
10:40:13.842 [Forwarding getCurrentUrl on session 9fca011001441e8b5650f5e9cf5e7434 to remote] DEBUG org.asynchttpclient.netty.request.NettyRequestSender - Using open Channel [id: 0xcd54e2ef, L:/127.0.0.1:55350 - R:localhost/127.0.0.1:6328] for GET '/session/9fca011001441e8b5650f5e9cf5e7434/url'
10:40:13.850 [AsyncHttpClient-1-23] DEBUG org.asynchttpclient.netty.handler.HttpHandler - 

Request DefaultFullHttpRequest(decodeResult: success, version: HTTP/1.1, content: EmptyByteBufBE)
GET /session/9fca011001441e8b5650f5e9cf5e7434/url HTTP/1.1
User-Agent: selenium/4.8.1 (java windows)
Cache-Control: no-cache
Content-Type: application/json; charset=utf-8
host: localhost:6328
accept: */*

Response DefaultHttpResponse(decodeResult: success, version: HTTP/1.1)
HTTP/1.1 200 OK
Content-Length: 51
Content-Type: application/json; charset=utf-8
cache-control: no-cache

10:40:13.851 [AsyncHttpClient-1-23] DEBUG org.asynchttpclient.netty.channel.ChannelManager - Adding key: http://localhost:6328 for channel [id: 0xcd54e2ef, L:/127.0.0.1:55350 - R:localhost/127.0.0.1:6328]
10:40:13.861 [Forwarding getPageSource on session 9fca011001441e8b5650f5e9cf5e7434 to remote] DEBUG org.asynchttpclient.netty.request.NettyRequestSender - Using pooled Channel '[id: 0xcd54e2ef, L:/127.0.0.1:55350 - R:localhost/127.0.0.1:6328]' for 'POST' to 'http://localhost:6328/session/9fca011001441e8b5650f5e9cf5e7434/execute/sync'
10:40:13.861 [Forwarding getPageSource on session 9fca011001441e8b5650f5e9cf5e7434 to remote] DEBUG org.asynchttpclient.netty.request.NettyRequestSender - Using open Channel [id: 0xcd54e2ef, L:/127.0.0.1:55350 - R:localhost/127.0.0.1:6328] for POST '/session/9fca011001441e8b5650f5e9cf5e7434/execute/sync'
10:40:13.870 [AsyncHttpClient-1-23] DEBUG org.asynchttpclient.netty.handler.HttpHandler - 

Request DefaultHttpRequest(decodeResult: success, version: HTTP/1.1)
POST /session/9fca011001441e8b5650f5e9cf5e7434/execute/sync HTTP/1.1
User-Agent: selenium/4.8.1 (java windows)
Content-Length: 176
Content-Type: application/json; charset=utf-8
host: localhost:6328
accept: */*

Response DefaultHttpResponse(decodeResult: success, version: HTTP/1.1)
HTTP/1.1 200 OK
Content-Length: 21780
Content-Type: application/json; charset=utf-8
cache-control: no-cache

10:40:13.871 [AsyncHttpClient-1-23] DEBUG org.asynchttpclient.netty.channel.ChannelManager - Adding key: http://localhost:6328 for channel [id: 0xcd54e2ef, L:/127.0.0.1:55350 - R:localhost/127.0.0.1:6328]
10:40:13.873 [Forwarding getCurrentUrl on session 9fca011001441e8b5650f5e9cf5e7434 to remote] DEBUG org.asynchttpclient.netty.request.NettyRequestSender - Using pooled Channel '[id: 0xcd54e2ef, L:/127.0.0.1:55350 - R:localhost/127.0.0.1:6328]' for 'GET' to 'http://localhost:6328/session/9fca011001441e8b5650f5e9cf5e7434/url'
10:40:13.873 [Forwarding getCurrentUrl on session 9fca011001441e8b5650f5e9cf5e7434 to remote] DEBUG org.asynchttpclient.netty.request.NettyRequestSender - Using open Channel [id: 0xcd54e2ef, L:/127.0.0.1:55350 - R:localhost/127.0.0.1:6328] for GET '/session/9fca011001441e8b5650f5e9cf5e7434/url'
10:40:13.879 [AsyncHttpClient-1-23] DEBUG org.asynchttpclient.netty.handler.HttpHandler - 

Request DefaultFullHttpRequest(decodeResult: success, version: HTTP/1.1, content: EmptyByteBufBE)
GET /session/9fca011001441e8b5650f5e9cf5e7434/url HTTP/1.1
User-Agent: selenium/4.8.1 (java windows)
Cache-Control: no-cache
Content-Type: application/json; charset=utf-8
host: localhost:6328
accept: */*

Response DefaultHttpResponse(decodeResult: success, version: HTTP/1.1)
HTTP/1.1 200 OK
Content-Length: 51
Content-Type: application/json; charset=utf-8
cache-control: no-cache

10:40:13.879 [AsyncHttpClient-1-23] DEBUG org.asynchttpclient.netty.channel.ChannelManager - Adding key: http://localhost:6328 for channel [id: 0xcd54e2ef, L:/127.0.0.1:55350 - R:localhost/127.0.0.1:6328]
10:40:13.882 [main] DEBUG net.thucydides.core.steps.StepInterceptor - STARTING STEP: LoginSteps.inputPassword - inputPassword
10:40:13.884 [Forwarding findElement on session 9fca011001441e8b5650f5e9cf5e7434 to remote] DEBUG org.asynchttpclient.netty.request.NettyRequestSender - Using pooled Channel '[id: 0xcd54e2ef, L:/127.0.0.1:55350 - R:localhost/127.0.0.1:6328]' for 'POST' to 'http://localhost:6328/session/9fca011001441e8b5650f5e9cf5e7434/element'
10:40:13.884 [Forwarding findElement on session 9fca011001441e8b5650f5e9cf5e7434 to remote] DEBUG org.asynchttpclient.netty.request.NettyRequestSender - Using open Channel [id: 0xcd54e2ef, L:/127.0.0.1:55350 - R:localhost/127.0.0.1:6328] for POST '/session/9fca011001441e8b5650f5e9cf5e7434/element'
10:40:13.894 [AsyncHttpClient-1-23] DEBUG org.asynchttpclient.netty.handler.HttpHandler - 

Request DefaultHttpRequest(decodeResult: success, version: HTTP/1.1)
POST /session/9fca011001441e8b5650f5e9cf5e7434/element HTTP/1.1
User-Agent: selenium/4.8.1 (java windows)
Content-Length: 55
Content-Type: application/json; charset=utf-8
host: localhost:6328
accept: */*

Response DefaultHttpResponse(decodeResult: success, version: HTTP/1.1)
HTTP/1.1 200 OK
Content-Length: 88
Content-Type: application/json; charset=utf-8
cache-control: no-cache

10:40:13.894 [AsyncHttpClient-1-23] DEBUG org.asynchttpclient.netty.channel.ChannelManager - Adding key: http://localhost:6328 for channel [id: 0xcd54e2ef, L:/127.0.0.1:55350 - R:localhost/127.0.0.1:6328]
10:40:13.895 [Forwarding clearElement on session 9fca011001441e8b5650f5e9cf5e7434 to remote] DEBUG org.asynchttpclient.netty.request.NettyRequestSender - Using pooled Channel '[id: 0xcd54e2ef, L:/127.0.0.1:55350 - R:localhost/127.0.0.1:6328]' for 'POST' to 'http://localhost:6328/session/9fca011001441e8b5650f5e9cf5e7434/element/364dfb15-246a-4ec0-8f22-444fbca66c4d/clear'
10:40:13.895 [Forwarding clearElement on session 9fca011001441e8b5650f5e9cf5e7434 to remote] DEBUG org.asynchttpclient.netty.request.NettyRequestSender - Using open Channel [id: 0xcd54e2ef, L:/127.0.0.1:55350 - R:localhost/127.0.0.1:6328] for POST '/session/9fca011001441e8b5650f5e9cf5e7434/element/364dfb15-246a-4ec0-8f22-444fbca66c4d/clear'
10:40:13.923 [AsyncHttpClient-1-23] DEBUG org.asynchttpclient.netty.handler.HttpHandler - 

Request DefaultHttpRequest(decodeResult: success, version: HTTP/1.1)
POST /session/9fca011001441e8b5650f5e9cf5e7434/element/364dfb15-246a-4ec0-8f22-444fbca66c4d/clear HTTP/1.1
User-Agent: selenium/4.8.1 (java windows)
Content-Length: 50
Content-Type: application/json; charset=utf-8
host: localhost:6328
accept: */*

Response DefaultHttpResponse(decodeResult: success, version: HTTP/1.1)
HTTP/1.1 200 OK
Content-Length: 14
Content-Type: application/json; charset=utf-8
cache-control: no-cache

10:40:13.923 [AsyncHttpClient-1-23] DEBUG org.asynchttpclient.netty.channel.ChannelManager - Adding key: http://localhost:6328 for channel [id: 0xcd54e2ef, L:/127.0.0.1:55350 - R:localhost/127.0.0.1:6328]
10:40:13.924 [Forwarding sendKeysToElement on session 9fca011001441e8b5650f5e9cf5e7434 to remote] DEBUG org.asynchttpclient.netty.request.NettyRequestSender - Using pooled Channel '[id: 0xcd54e2ef, L:/127.0.0.1:55350 - R:localhost/127.0.0.1:6328]' for 'POST' to 'http://localhost:6328/session/9fca011001441e8b5650f5e9cf5e7434/element/364dfb15-246a-4ec0-8f22-444fbca66c4d/value'
10:40:13.924 [Forwarding sendKeysToElement on session 9fca011001441e8b5650f5e9cf5e7434 to remote] DEBUG org.asynchttpclient.netty.request.NettyRequestSender - Using open Channel [id: 0xcd54e2ef, L:/127.0.0.1:55350 - R:localhost/127.0.0.1:6328] for POST '/session/9fca011001441e8b5650f5e9cf5e7434/element/364dfb15-246a-4ec0-8f22-444fbca66c4d/value'
10:40:13.969 [AsyncHttpClient-1-23] DEBUG org.asynchttpclient.netty.handler.HttpHandler - 

Request DefaultHttpRequest(decodeResult: success, version: HTTP/1.1)
POST /session/9fca011001441e8b5650f5e9cf5e7434/element/364dfb15-246a-4ec0-8f22-444fbca66c4d/value HTTP/1.1
User-Agent: selenium/4.8.1 (java windows)
Content-Length: 141
Content-Type: application/json; charset=utf-8
host: localhost:6328
accept: */*

Response DefaultHttpResponse(decodeResult: success, version: HTTP/1.1)
HTTP/1.1 200 OK
Content-Length: 14
Content-Type: application/json; charset=utf-8
cache-control: no-cache

10:40:13.969 [AsyncHttpClient-1-23] DEBUG org.asynchttpclient.netty.channel.ChannelManager - Adding key: http://localhost:6328 for channel [id: 0xcd54e2ef, L:/127.0.0.1:55350 - R:localhost/127.0.0.1:6328]
10:40:13.973 [Forwarding getAlertText on session 9fca011001441e8b5650f5e9cf5e7434 to remote] DEBUG org.asynchttpclient.netty.request.NettyRequestSender - Using pooled Channel '[id: 0xcd54e2ef, L:/127.0.0.1:55350 - R:localhost/127.0.0.1:6328]' for 'GET' to 'http://localhost:6328/session/9fca011001441e8b5650f5e9cf5e7434/alert/text'
10:40:13.973 [Forwarding getAlertText on session 9fca011001441e8b5650f5e9cf5e7434 to remote] DEBUG org.asynchttpclient.netty.request.NettyRequestSender - Using open Channel [id: 0xcd54e2ef, L:/127.0.0.1:55350 - R:localhost/127.0.0.1:6328] for GET '/session/9fca011001441e8b5650f5e9cf5e7434/alert/text'
10:40:13.974 [AsyncHttpClient-1-23] DEBUG org.asynchttpclient.netty.handler.HttpHandler - 

Request DefaultFullHttpRequest(decodeResult: success, version: HTTP/1.1, content: EmptyByteBufBE)
GET /session/9fca011001441e8b5650f5e9cf5e7434/alert/text HTTP/1.1
User-Agent: selenium/4.8.1 (java windows)
Cache-Control: no-cache
Content-Type: application/json; charset=utf-8
host: localhost:6328
accept: */*

Response DefaultHttpResponse(decodeResult: success, version: HTTP/1.1)
HTTP/1.1 404 Not Found
Content-Length: 836
Content-Type: application/json; charset=utf-8
cache-control: no-cache

10:40:13.974 [AsyncHttpClient-1-23] DEBUG org.asynchttpclient.netty.channel.ChannelManager - Adding key: http://localhost:6328 for channel [id: 0xcd54e2ef, L:/127.0.0.1:55350 - R:localhost/127.0.0.1:6328]
10:40:13.975 [Forwarding getCurrentUrl on session 9fca011001441e8b5650f5e9cf5e7434 to remote] DEBUG org.asynchttpclient.netty.request.NettyRequestSender - Using pooled Channel '[id: 0xcd54e2ef, L:/127.0.0.1:55350 - R:localhost/127.0.0.1:6328]' for 'GET' to 'http://localhost:6328/session/9fca011001441e8b5650f5e9cf5e7434/url'
10:40:13.975 [Forwarding getCurrentUrl on session 9fca011001441e8b5650f5e9cf5e7434 to remote] DEBUG org.asynchttpclient.netty.request.NettyRequestSender - Using open Channel [id: 0xcd54e2ef, L:/127.0.0.1:55350 - R:localhost/127.0.0.1:6328] for GET '/session/9fca011001441e8b5650f5e9cf5e7434/url'
10:40:13.978 [AsyncHttpClient-1-23] DEBUG org.asynchttpclient.netty.handler.HttpHandler - 

Request DefaultFullHttpRequest(decodeResult: success, version: HTTP/1.1, content: EmptyByteBufBE)
GET /session/9fca011001441e8b5650f5e9cf5e7434/url HTTP/1.1
User-Agent: selenium/4.8.1 (java windows)
Cache-Control: no-cache
Content-Type: application/json; charset=utf-8
host: localhost:6328
accept: */*

Response DefaultHttpResponse(decodeResult: success, version: HTTP/1.1)
HTTP/1.1 200 OK
Content-Length: 51
Content-Type: application/json; charset=utf-8
cache-control: no-cache

10:40:13.979 [AsyncHttpClient-1-23] DEBUG org.asynchttpclient.netty.channel.ChannelManager - Adding key: http://localhost:6328 for channel [id: 0xcd54e2ef, L:/127.0.0.1:55350 - R:localhost/127.0.0.1:6328]
10:40:13.979 [Forwarding screenshot on session 9fca011001441e8b5650f5e9cf5e7434 to remote] DEBUG org.asynchttpclient.netty.request.NettyRequestSender - Using pooled Channel '[id: 0xcd54e2ef, L:/127.0.0.1:55350 - R:localhost/127.0.0.1:6328]' for 'GET' to 'http://localhost:6328/session/9fca011001441e8b5650f5e9cf5e7434/screenshot'
10:40:13.979 [Forwarding screenshot on session 9fca011001441e8b5650f5e9cf5e7434 to remote] DEBUG org.asynchttpclient.netty.request.NettyRequestSender - Using open Channel [id: 0xcd54e2ef, L:/127.0.0.1:55350 - R:localhost/127.0.0.1:6328] for GET '/session/9fca011001441e8b5650f5e9cf5e7434/screenshot'
10:40:14.063 [AsyncHttpClient-1-23] DEBUG org.asynchttpclient.netty.handler.HttpHandler - 

Request DefaultFullHttpRequest(decodeResult: success, version: HTTP/1.1, content: EmptyByteBufBE)
GET /session/9fca011001441e8b5650f5e9cf5e7434/screenshot HTTP/1.1
User-Agent: selenium/4.8.1 (java windows)
Cache-Control: no-cache
Content-Type: application/json; charset=utf-8
host: localhost:6328
accept: */*

Response DefaultHttpResponse(decodeResult: success, version: HTTP/1.1)
HTTP/1.1 200 OK
Content-Length: 31632
Content-Type: application/json; charset=utf-8
cache-control: no-cache

10:40:14.063 [AsyncHttpClient-1-23] DEBUG org.asynchttpclient.netty.channel.ChannelManager - Adding key: http://localhost:6328 for channel [id: 0xcd54e2ef, L:/127.0.0.1:55350 - R:localhost/127.0.0.1:6328]
10:40:14.064 [main] DEBUG net.serenitybdd.core.photography.Darkroom - Send negative for processing for target\site\serenity\c7913a78249f7383eab6b5a2448d24505e450a7d5a739b6695d7a455dec48769.png
10:40:14.064 [main] DEBUG net.thucydides.core.steps.StepInterceptor - STEP DONE: inputPassword
  &amp#27;[32mAnd &amp#27;[0m&amp#27;[32mI enter correct password&amp#27;[0m           &amp#27;[90m# starter.stepdefinitions.LoginSteps.inputPassword()&amp#27;[0m
10:40:14.065 [Darkroom Processing Line] DEBUG net.serenitybdd.core.photography.DarkroomProcessingLine - Processing screenshot image in /var/screenshots/screenshot-9545474993153085505
10:40:14.065 [Darkroom Processing Line] DEBUG net.serenitybdd.core.photography.DarkroomProcessingLine - Saving screenshot to target\site\serenity\c7913a78249f7383eab6b5a2448d24505e450a7d5a739b6695d7a455dec48769.png
10:40:14.070 [Forwarding getPageSource on session 9fca011001441e8b5650f5e9cf5e7434 to remote] DEBUG org.asynchttpclient.netty.request.NettyRequestSender - Using pooled Channel '[id: 0xcd54e2ef, L:/127.0.0.1:55350 - R:localhost/127.0.0.1:6328]' for 'POST' to 'http://localhost:6328/session/9fca011001441e8b5650f5e9cf5e7434/execute/sync'
10:40:14.070 [Forwarding getPageSource on session 9fca011001441e8b5650f5e9cf5e7434 to remote] DEBUG org.asynchttpclient.netty.request.NettyRequestSender - Using open Channel [id: 0xcd54e2ef, L:/127.0.0.1:55350 - R:localhost/127.0.0.1:6328] for POST '/session/9fca011001441e8b5650f5e9cf5e7434/execute/sync'
10:40:14.075 [AsyncHttpClient-1-23] DEBUG org.asynchttpclient.netty.handler.HttpHandler - 

Request DefaultHttpRequest(decodeResult: success, version: HTTP/1.1)
POST /session/9fca011001441e8b5650f5e9cf5e7434/execute/sync HTTP/1.1
User-Agent: selenium/4.8.1 (java windows)
Content-Length: 176
Content-Type: application/json; charset=utf-8
host: localhost:6328
accept: */*

Response DefaultHttpResponse(decodeResult: success, version: HTTP/1.1)
HTTP/1.1 200 OK
Content-Length: 21839
Content-Type: application/json; charset=utf-8
cache-control: no-cache

10:40:14.076 [AsyncHttpClient-1-23] DEBUG org.asynchttpclient.netty.channel.ChannelManager - Adding key: http://localhost:6328 for channel [id: 0xcd54e2ef, L:/127.0.0.1:55350 - R:localhost/127.0.0.1:6328]
10:40:14.077 [Forwarding getCurrentUrl on session 9fca011001441e8b5650f5e9cf5e7434 to remote] DEBUG org.asynchttpclient.netty.request.NettyRequestSender - Using pooled Channel '[id: 0xcd54e2ef, L:/127.0.0.1:55350 - R:localhost/127.0.0.1:6328]' for 'GET' to 'http://localhost:6328/session/9fca011001441e8b5650f5e9cf5e7434/url'
10:40:14.077 [Forwarding getCurrentUrl on session 9fca011001441e8b5650f5e9cf5e7434 to remote] DEBUG org.asynchttpclient.netty.request.NettyRequestSender - Using open Channel [id: 0xcd54e2ef, L:/127.0.0.1:55350 - R:localhost/127.0.0.1:6328] for GET '/session/9fca011001441e8b5650f5e9cf5e7434/url'
10:40:14.081 [AsyncHttpClient-1-23] DEBUG org.asynchttpclient.netty.handler.HttpHandler - 

Request DefaultFullHttpRequest(decodeResult: success, version: HTTP/1.1, content: EmptyByteBufBE)
GET /session/9fca011001441e8b5650f5e9cf5e7434/url HTTP/1.1
User-Agent: selenium/4.8.1 (java windows)
Cache-Control: no-cache
Content-Type: application/json; charset=utf-8
host: localhost:6328
accept: */*

Response DefaultHttpResponse(decodeResult: success, version: HTTP/1.1)
HTTP/1.1 200 OK
Content-Length: 51
Content-Type: application/json; charset=utf-8
cache-control: no-cache

10:40:14.081 [AsyncHttpClient-1-23] DEBUG org.asynchttpclient.netty.channel.ChannelManager - Adding key: http://localhost:6328 for channel [id: 0xcd54e2ef, L:/127.0.0.1:55350 - R:localhost/127.0.0.1:6328]
10:40:14.086 [Forwarding getPageSource on session 9fca011001441e8b5650f5e9cf5e7434 to remote] DEBUG org.asynchttpclient.netty.request.NettyRequestSender - Using pooled Channel '[id: 0xcd54e2ef, L:/127.0.0.1:55350 - R:localhost/127.0.0.1:6328]' for 'POST' to 'http://localhost:6328/session/9fca011001441e8b5650f5e9cf5e7434/execute/sync'
10:40:14.086 [Forwarding getPageSource on session 9fca011001441e8b5650f5e9cf5e7434 to remote] DEBUG org.asynchttpclient.netty.request.NettyRequestSender - Using open Channel [id: 0xcd54e2ef, L:/127.0.0.1:55350 - R:localhost/127.0.0.1:6328] for POST '/session/9fca011001441e8b5650f5e9cf5e7434/execute/sync'
10:40:14.090 [AsyncHttpClient-1-23] DEBUG org.asynchttpclient.netty.handler.HttpHandler - 

Request DefaultHttpRequest(decodeResult: success, version: HTTP/1.1)
POST /session/9fca011001441e8b5650f5e9cf5e7434/execute/sync HTTP/1.1
User-Agent: selenium/4.8.1 (java windows)
Content-Length: 176
Content-Type: application/json; charset=utf-8
host: localhost:6328
accept: */*

Response DefaultHttpResponse(decodeResult: success, version: HTTP/1.1)
HTTP/1.1 200 OK
Content-Length: 21839
Content-Type: application/json; charset=utf-8
cache-control: no-cache

10:40:14.090 [AsyncHttpClient-1-23] DEBUG org.asynchttpclient.netty.channel.ChannelManager - Adding key: http://localhost:6328 for channel [id: 0xcd54e2ef, L:/127.0.0.1:55350 - R:localhost/127.0.0.1:6328]
10:40:14.091 [Forwarding getCurrentUrl on session 9fca011001441e8b5650f5e9cf5e7434 to remote] DEBUG org.asynchttpclient.netty.request.NettyRequestSender - Using pooled Channel '[id: 0xcd54e2ef, L:/127.0.0.1:55350 - R:localhost/127.0.0.1:6328]' for 'GET' to 'http://localhost:6328/session/9fca011001441e8b5650f5e9cf5e7434/url'
10:40:14.091 [Forwarding getCurrentUrl on session 9fca011001441e8b5650f5e9cf5e7434 to remote] DEBUG org.asynchttpclient.netty.request.NettyRequestSender - Using open Channel [id: 0xcd54e2ef, L:/127.0.0.1:55350 - R:localhost/127.0.0.1:6328] for GET '/session/9fca011001441e8b5650f5e9cf5e7434/url'
10:40:14.095 [AsyncHttpClient-1-23] DEBUG org.asynchttpclient.netty.handler.HttpHandler - 

Request DefaultFullHttpRequest(decodeResult: success, version: HTTP/1.1, content: EmptyByteBufBE)
GET /session/9fca011001441e8b5650f5e9cf5e7434/url HTTP/1.1
User-Agent: selenium/4.8.1 (java windows)
Cache-Control: no-cache
Content-Type: application/json; charset=utf-8
host: localhost:6328
accept: */*

Response DefaultHttpResponse(decodeResult: success, version: HTTP/1.1)
HTTP/1.1 200 OK
Content-Length: 51
Content-Type: application/json; charset=utf-8
cache-control: no-cache

10:40:14.095 [AsyncHttpClient-1-23] DEBUG org.asynchttpclient.netty.channel.ChannelManager - Adding key: http://localhost:6328 for channel [id: 0xcd54e2ef, L:/127.0.0.1:55350 - R:localhost/127.0.0.1:6328]
10:40:14.096 [main] DEBUG net.thucydides.core.steps.StepInterceptor - STARTING STEP: LoginSteps.clickLoginButton - clickLoginButton
10:40:14.098 [Forwarding findElement on session 9fca011001441e8b5650f5e9cf5e7434 to remote] DEBUG org.asynchttpclient.netty.request.NettyRequestSender - Using pooled Channel '[id: 0xcd54e2ef, L:/127.0.0.1:55350 - R:localhost/127.0.0.1:6328]' for 'POST' to 'http://localhost:6328/session/9fca011001441e8b5650f5e9cf5e7434/element'
10:40:14.098 [Forwarding findElement on session 9fca011001441e8b5650f5e9cf5e7434 to remote] DEBUG org.asynchttpclient.netty.request.NettyRequestSender - Using open Channel [id: 0xcd54e2ef, L:/127.0.0.1:55350 - R:localhost/127.0.0.1:6328] for POST '/session/9fca011001441e8b5650f5e9cf5e7434/element'
10:40:14.106 [AsyncHttpClient-1-23] DEBUG org.asynchttpclient.netty.handler.HttpHandler - 

Request DefaultHttpRequest(decodeResult: success, version: HTTP/1.1)
POST /session/9fca011001441e8b5650f5e9cf5e7434/element HTTP/1.1
User-Agent: selenium/4.8.1 (java windows)
Content-Length: 71
Content-Type: application/json; charset=utf-8
host: localhost:6328
accept: */*

Response DefaultHttpResponse(decodeResult: success, version: HTTP/1.1)
HTTP/1.1 200 OK
Content-Length: 88
Content-Type: application/json; charset=utf-8
cache-control: no-cache

10:40:14.106 [AsyncHttpClient-1-23] DEBUG org.asynchttpclient.netty.channel.ChannelManager - Adding key: http://localhost:6328 for channel [id: 0xcd54e2ef, L:/127.0.0.1:55350 - R:localhost/127.0.0.1:6328]
10:40:14.107 [Forwarding getElementTagName on session 9fca011001441e8b5650f5e9cf5e7434 to remote] DEBUG org.asynchttpclient.netty.request.NettyRequestSender - Using pooled Channel '[id: 0xcd54e2ef, L:/127.0.0.1:55350 - R:localhost/127.0.0.1:6328]' for 'GET' to 'http://localhost:6328/session/9fca011001441e8b5650f5e9cf5e7434/element/cd17d5fe-3b44-43d4-a302-439f0aa6d820/name'
10:40:14.107 [Forwarding getElementTagName on session 9fca011001441e8b5650f5e9cf5e7434 to remote] DEBUG org.asynchttpclient.netty.request.NettyRequestSender - Using open Channel [id: 0xcd54e2ef, L:/127.0.0.1:55350 - R:localhost/127.0.0.1:6328] for GET '/session/9fca011001441e8b5650f5e9cf5e7434/element/cd17d5fe-3b44-43d4-a302-439f0aa6d820/name'
10:40:14.110 [AsyncHttpClient-1-23] DEBUG org.asynchttpclient.netty.handler.HttpHandler - 

Request DefaultFullHttpRequest(decodeResult: success, version: HTTP/1.1, content: EmptyByteBufBE)
GET /session/9fca011001441e8b5650f5e9cf5e7434/element/cd17d5fe-3b44-43d4-a302-439f0aa6d820/name HTTP/1.1
User-Agent: selenium/4.8.1 (java windows)
Cache-Control: no-cache
Content-Type: application/json; charset=utf-8
host: localhost:6328
accept: */*

Response DefaultHttpResponse(decodeResult: success, version: HTTP/1.1)
HTTP/1.1 200 OK
Content-Length: 18
Content-Type: application/json; charset=utf-8
cache-control: no-cache

10:40:14.110 [AsyncHttpClient-1-23] DEBUG org.asynchttpclient.netty.channel.ChannelManager - Adding key: http://localhost:6328 for channel [id: 0xcd54e2ef, L:/127.0.0.1:55350 - R:localhost/127.0.0.1:6328]
10:40:14.111 [Forwarding getElementTagName on session 9fca011001441e8b5650f5e9cf5e7434 to remote] DEBUG org.asynchttpclient.netty.request.NettyRequestSender - Using pooled Channel '[id: 0xcd54e2ef, L:/127.0.0.1:55350 - R:localhost/127.0.0.1:6328]' for 'GET' to 'http://localhost:6328/session/9fca011001441e8b5650f5e9cf5e7434/element/cd17d5fe-3b44-43d4-a302-439f0aa6d820/name'
10:40:14.111 [Forwarding getElementTagName on session 9fca011001441e8b5650f5e9cf5e7434 to remote] DEBUG org.asynchttpclient.netty.request.NettyRequestSender - Using open Channel [id: 0xcd54e2ef, L:/127.0.0.1:55350 - R:localhost/127.0.0.1:6328] for GET '/session/9fca011001441e8b5650f5e9cf5e7434/element/cd17d5fe-3b44-43d4-a302-439f0aa6d820/name'
10:40:14.114 [AsyncHttpClient-1-23] DEBUG org.asynchttpclient.netty.handler.HttpHandler - 

Request DefaultFullHttpRequest(decodeResult: success, version: HTTP/1.1, content: EmptyByteBufBE)
GET /session/9fca011001441e8b5650f5e9cf5e7434/element/cd17d5fe-3b44-43d4-a302-439f0aa6d820/name HTTP/1.1
User-Agent: selenium/4.8.1 (java windows)
Cache-Control: no-cache
Content-Type: application/json; charset=utf-8
host: localhost:6328
accept: */*

Response DefaultHttpResponse(decodeResult: success, version: HTTP/1.1)
HTTP/1.1 200 OK
Content-Length: 18
Content-Type: application/json; charset=utf-8
cache-control: no-cache

10:40:14.114 [AsyncHttpClient-1-23] DEBUG org.asynchttpclient.netty.channel.ChannelManager - Adding key: http://localhost:6328 for channel [id: 0xcd54e2ef, L:/127.0.0.1:55350 - R:localhost/127.0.0.1:6328]
10:40:14.115 [Forwarding isElementEnabled on session 9fca011001441e8b5650f5e9cf5e7434 to remote] DEBUG org.asynchttpclient.netty.request.NettyRequestSender - Using pooled Channel '[id: 0xcd54e2ef, L:/127.0.0.1:55350 - R:localhost/127.0.0.1:6328]' for 'GET' to 'http://localhost:6328/session/9fca011001441e8b5650f5e9cf5e7434/element/cd17d5fe-3b44-43d4-a302-439f0aa6d820/enabled'
10:40:14.116 [Forwarding isElementEnabled on session 9fca011001441e8b5650f5e9cf5e7434 to remote] DEBUG org.asynchttpclient.netty.request.NettyRequestSender - Using open Channel [id: 0xcd54e2ef, L:/127.0.0.1:55350 - R:localhost/127.0.0.1:6328] for GET '/session/9fca011001441e8b5650f5e9cf5e7434/element/cd17d5fe-3b44-43d4-a302-439f0aa6d820/enabled'
10:40:14.122 [AsyncHttpClient-1-23] DEBUG org.asynchttpclient.netty.handler.HttpHandler - 

Request DefaultFullHttpRequest(decodeResult: success, version: HTTP/1.1, content: EmptyByteBufBE)
GET /session/9fca011001441e8b5650f5e9cf5e7434/element/cd17d5fe-3b44-43d4-a302-439f0aa6d820/enabled HTTP/1.1
User-Agent: selenium/4.8.1 (java windows)
Cache-Control: no-cache
Content-Type: application/json; charset=utf-8
host: localhost:6328
accept: */*

Response DefaultHttpResponse(decodeResult: success, version: HTTP/1.1)
HTTP/1.1 200 OK
Content-Length: 14
Content-Type: application/json; charset=utf-8
cache-control: no-cache

10:40:14.122 [AsyncHttpClient-1-23] DEBUG org.asynchttpclient.netty.channel.ChannelManager - Adding key: http://localhost:6328 for channel [id: 0xcd54e2ef, L:/127.0.0.1:55350 - R:localhost/127.0.0.1:6328]
10:40:14.123 [Forwarding isElementEnabled on session 9fca011001441e8b5650f5e9cf5e7434 to remote] DEBUG org.asynchttpclient.netty.request.NettyRequestSender - Using pooled Channel '[id: 0xcd54e2ef, L:/127.0.0.1:55350 - R:localhost/127.0.0.1:6328]' for 'GET' to 'http://localhost:6328/session/9fca011001441e8b5650f5e9cf5e7434/element/cd17d5fe-3b44-43d4-a302-439f0aa6d820/enabled'
10:40:14.123 [Forwarding isElementEnabled on session 9fca011001441e8b5650f5e9cf5e7434 to remote] DEBUG org.asynchttpclient.netty.request.NettyRequestSender - Using open Channel [id: 0xcd54e2ef, L:/127.0.0.1:55350 - R:localhost/127.0.0.1:6328] for GET '/session/9fca011001441e8b5650f5e9cf5e7434/element/cd17d5fe-3b44-43d4-a302-439f0aa6d820/enabled'
10:40:14.127 [AsyncHttpClient-1-23] DEBUG org.asynchttpclient.netty.handler.HttpHandler - 

Request DefaultFullHttpRequest(decodeResult: success, version: HTTP/1.1, content: EmptyByteBufBE)
GET /session/9fca011001441e8b5650f5e9cf5e7434/element/cd17d5fe-3b44-43d4-a302-439f0aa6d820/enabled HTTP/1.1
User-Agent: selenium/4.8.1 (java windows)
Cache-Control: no-cache
Content-Type: application/json; charset=utf-8
host: localhost:6328
accept: */*

Response DefaultHttpResponse(decodeResult: success, version: HTTP/1.1)
HTTP/1.1 200 OK
Content-Length: 14
Content-Type: application/json; charset=utf-8
cache-control: no-cache

10:40:14.127 [AsyncHttpClient-1-23] DEBUG org.asynchttpclient.netty.channel.ChannelManager - Adding key: http://localhost:6328 for channel [id: 0xcd54e2ef, L:/127.0.0.1:55350 - R:localhost/127.0.0.1:6328]
10:40:14.128 [Forwarding findElement on session 9fca011001441e8b5650f5e9cf5e7434 to remote] DEBUG org.asynchttpclient.netty.request.NettyRequestSender - Using pooled Channel '[id: 0xcd54e2ef, L:/127.0.0.1:55350 - R:localhost/127.0.0.1:6328]' for 'POST' to 'http://localhost:6328/session/9fca011001441e8b5650f5e9cf5e7434/element'
10:40:14.128 [Forwarding findElement on session 9fca011001441e8b5650f5e9cf5e7434 to remote] DEBUG org.asynchttpclient.netty.request.NettyRequestSender - Using open Channel [id: 0xcd54e2ef, L:/127.0.0.1:55350 - R:localhost/127.0.0.1:6328] for POST '/session/9fca011001441e8b5650f5e9cf5e7434/element'
10:40:14.132 [AsyncHttpClient-1-23] DEBUG org.asynchttpclient.netty.handler.HttpHandler - 

Request DefaultHttpRequest(decodeResult: success, version: HTTP/1.1)
POST /session/9fca011001441e8b5650f5e9cf5e7434/element HTTP/1.1
User-Agent: selenium/4.8.1 (java windows)
Content-Length: 71
Content-Type: application/json; charset=utf-8
host: localhost:6328
accept: */*

Response DefaultHttpResponse(decodeResult: success, version: HTTP/1.1)
HTTP/1.1 200 OK
Content-Length: 88
Content-Type: application/json; charset=utf-8
cache-control: no-cache

10:40:14.132 [AsyncHttpClient-1-23] DEBUG org.asynchttpclient.netty.channel.ChannelManager - Adding key: http://localhost:6328 for channel [id: 0xcd54e2ef, L:/127.0.0.1:55350 - R:localhost/127.0.0.1:6328]
10:40:14.133 [Forwarding clickElement on session 9fca011001441e8b5650f5e9cf5e7434 to remote] DEBUG org.asynchttpclient.netty.request.NettyRequestSender - Using pooled Channel '[id: 0xcd54e2ef, L:/127.0.0.1:55350 - R:localhost/127.0.0.1:6328]' for 'POST' to 'http://localhost:6328/session/9fca011001441e8b5650f5e9cf5e7434/element/cd17d5fe-3b44-43d4-a302-439f0aa6d820/click'
10:40:14.133 [Forwarding clickElement on session 9fca011001441e8b5650f5e9cf5e7434 to remote] DEBUG org.asynchttpclient.netty.request.NettyRequestSender - Using open Channel [id: 0xcd54e2ef, L:/127.0.0.1:55350 - R:localhost/127.0.0.1:6328] for POST '/session/9fca011001441e8b5650f5e9cf5e7434/element/cd17d5fe-3b44-43d4-a302-439f0aa6d820/click'
10:40:14.169 [AsyncHttpClient-1-23] DEBUG org.asynchttpclient.netty.handler.HttpHandler - 

Request DefaultHttpRequest(decodeResult: success, version: HTTP/1.1)
POST /session/9fca011001441e8b5650f5e9cf5e7434/element/cd17d5fe-3b44-43d4-a302-439f0aa6d820/click HTTP/1.1
User-Agent: selenium/4.8.1 (java windows)
Content-Length: 50
Content-Type: application/json; charset=utf-8
host: localhost:6328
accept: */*

Response DefaultHttpResponse(decodeResult: success, version: HTTP/1.1)
HTTP/1.1 200 OK
Content-Length: 14
Content-Type: application/json; charset=utf-8
cache-control: no-cache

10:40:14.169 [AsyncHttpClient-1-23] DEBUG org.asynchttpclient.netty.channel.ChannelManager - Adding key: http://localhost:6328 for channel [id: 0xcd54e2ef, L:/127.0.0.1:55350 - R:localhost/127.0.0.1:6328]
10:40:14.173 [Forwarding getAlertText on session 9fca011001441e8b5650f5e9cf5e7434 to remote] DEBUG org.asynchttpclient.netty.request.NettyRequestSender - Using pooled Channel '[id: 0xcd54e2ef, L:/127.0.0.1:55350 - R:localhost/127.0.0.1:6328]' for 'GET' to 'http://localhost:6328/session/9fca011001441e8b5650f5e9cf5e7434/alert/text'
10:40:14.173 [Forwarding getAlertText on session 9fca011001441e8b5650f5e9cf5e7434 to remote] DEBUG org.asynchttpclient.netty.request.NettyRequestSender - Using open Channel [id: 0xcd54e2ef, L:/127.0.0.1:55350 - R:localhost/127.0.0.1:6328] for GET '/session/9fca011001441e8b5650f5e9cf5e7434/alert/text'
10:40:14.174 [AsyncHttpClient-1-23] DEBUG org.asynchttpclient.netty.handler.HttpHandler - 

Request DefaultFullHttpRequest(decodeResult: success, version: HTTP/1.1, content: EmptyByteBufBE)
GET /session/9fca011001441e8b5650f5e9cf5e7434/alert/text HTTP/1.1
User-Agent: selenium/4.8.1 (java windows)
Cache-Control: no-cache
Content-Type: application/json; charset=utf-8
host: localhost:6328
accept: */*

Response DefaultHttpResponse(decodeResult: success, version: HTTP/1.1)
HTTP/1.1 404 Not Found
Content-Length: 836
Content-Type: application/json; charset=utf-8
cache-control: no-cache

10:40:14.174 [AsyncHttpClient-1-23] DEBUG org.asynchttpclient.netty.channel.ChannelManager - Adding key: http://localhost:6328 for channel [id: 0xcd54e2ef, L:/127.0.0.1:55350 - R:localhost/127.0.0.1:6328]
10:40:14.175 [Forwarding getCurrentUrl on session 9fca011001441e8b5650f5e9cf5e7434 to remote] DEBUG org.asynchttpclient.netty.request.NettyRequestSender - Using pooled Channel '[id: 0xcd54e2ef, L:/127.0.0.1:55350 - R:localhost/127.0.0.1:6328]' for 'GET' to 'http://localhost:6328/session/9fca011001441e8b5650f5e9cf5e7434/url'
10:40:14.175 [Forwarding getCurrentUrl on session 9fca011001441e8b5650f5e9cf5e7434 to remote] DEBUG org.asynchttpclient.netty.request.NettyRequestSender - Using open Channel [id: 0xcd54e2ef, L:/127.0.0.1:55350 - R:localhost/127.0.0.1:6328] for GET '/session/9fca011001441e8b5650f5e9cf5e7434/url'
10:40:14.179 [AsyncHttpClient-1-23] DEBUG org.asynchttpclient.netty.handler.HttpHandler - 

Request DefaultFullHttpRequest(decodeResult: success, version: HTTP/1.1, content: EmptyByteBufBE)
GET /session/9fca011001441e8b5650f5e9cf5e7434/url HTTP/1.1
User-Agent: selenium/4.8.1 (java windows)
Cache-Control: no-cache
Content-Type: application/json; charset=utf-8
host: localhost:6328
accept: */*

Response DefaultHttpResponse(decodeResult: success, version: HTTP/1.1)
HTTP/1.1 200 OK
Content-Length: 51
Content-Type: application/json; charset=utf-8
cache-control: no-cache

10:40:14.179 [AsyncHttpClient-1-23] DEBUG org.asynchttpclient.netty.channel.ChannelManager - Adding key: http://localhost:6328 for channel [id: 0xcd54e2ef, L:/127.0.0.1:55350 - R:localhost/127.0.0.1:6328]
10:40:14.179 [Forwarding screenshot on session 9fca011001441e8b5650f5e9cf5e7434 to remote] DEBUG org.asynchttpclient.netty.request.NettyRequestSender - Using pooled Channel '[id: 0xcd54e2ef, L:/127.0.0.1:55350 - R:localhost/127.0.0.1:6328]' for 'GET' to 'http://localhost:6328/session/9fca011001441e8b5650f5e9cf5e7434/screenshot'
10:40:14.179 [Forwarding screenshot on session 9fca011001441e8b5650f5e9cf5e7434 to remote] DEBUG org.asynchttpclient.netty.request.NettyRequestSender - Using open Channel [id: 0xcd54e2ef, L:/127.0.0.1:55350 - R:localhost/127.0.0.1:6328] for GET '/session/9fca011001441e8b5650f5e9cf5e7434/screenshot'
10:40:14.273 [AsyncHttpClient-1-23] DEBUG org.asynchttpclient.netty.handler.HttpHandler - 

Request DefaultFullHttpRequest(decodeResult: success, version: HTTP/1.1, content: EmptyByteBufBE)
GET /session/9fca011001441e8b5650f5e9cf5e7434/screenshot HTTP/1.1
User-Agent: selenium/4.8.1 (java windows)
Cache-Control: no-cache
Content-Type: application/json; charset=utf-8
host: localhost:6328
accept: */*

Response DefaultHttpResponse(decodeResult: success, version: HTTP/1.1)
HTTP/1.1 200 OK
Content-Length: 31264
Content-Type: application/json; charset=utf-8
cache-control: no-cache

10:40:14.273 [AsyncHttpClient-1-23] DEBUG org.asynchttpclient.netty.channel.ChannelManager - Adding key: http://localhost:6328 for channel [id: 0xcd54e2ef, L:/127.0.0.1:55350 - R:localhost/127.0.0.1:6328]
10:40:14.274 [main] DEBUG net.serenitybdd.core.photography.Darkroom - Send negative for processing for target\site\serenity\180d0cdbcb105551b85af4afc062ecc475a86ace6987c89789c9710c7418724b.png
10:40:14.276 [main] DEBUG net.thucydides.core.steps.StepInterceptor - STEP DONE: clickLoginButton
10:40:14.276 [Darkroom Processing Line] DEBUG net.serenitybdd.core.photography.DarkroomProcessingLine - Processing screenshot image in /var/screenshots/screenshot-14287001728968092198
10:40:14.276 [Darkroom Processing Line] DEBUG net.serenitybdd.core.photography.DarkroomProcessingLine - Saving screenshot to target\site\serenity\180d0cdbcb105551b85af4afc062ecc475a86ace6987c89789c9710c7418724b.png
  &amp#27;[32mWhen &amp#27;[0m&amp#27;[32mI click on the login button&amp#27;[0m       &amp#27;[90m# starter.stepdefinitions.LoginSteps.clickLoginButton()&amp#27;[0m
10:40:14.282 [Forwarding getPageSource on session 9fca011001441e8b5650f5e9cf5e7434 to remote] DEBUG org.asynchttpclient.netty.request.NettyRequestSender - Using pooled Channel '[id: 0xcd54e2ef, L:/127.0.0.1:55350 - R:localhost/127.0.0.1:6328]' for 'POST' to 'http://localhost:6328/session/9fca011001441e8b5650f5e9cf5e7434/execute/sync'
10:40:14.282 [Forwarding getPageSource on session 9fca011001441e8b5650f5e9cf5e7434 to remote] DEBUG org.asynchttpclient.netty.request.NettyRequestSender - Using open Channel [id: 0xcd54e2ef, L:/127.0.0.1:55350 - R:localhost/127.0.0.1:6328] for POST '/session/9fca011001441e8b5650f5e9cf5e7434/execute/sync'
10:40:14.288 [AsyncHttpClient-1-23] DEBUG org.asynchttpclient.netty.handler.HttpHandler - 

Request DefaultHttpRequest(decodeResult: success, version: HTTP/1.1)
POST /session/9fca011001441e8b5650f5e9cf5e7434/execute/sync HTTP/1.1
User-Agent: selenium/4.8.1 (java windows)
Content-Length: 176
Content-Type: application/json; charset=utf-8
host: localhost:6328
accept: */*

Response DefaultHttpResponse(decodeResult: success, version: HTTP/1.1)
HTTP/1.1 200 OK
Content-Length: 22119
Content-Type: application/json; charset=utf-8
cache-control: no-cache

10:40:14.288 [AsyncHttpClient-1-23] DEBUG org.asynchttpclient.netty.channel.ChannelManager - Adding key: http://localhost:6328 for channel [id: 0xcd54e2ef, L:/127.0.0.1:55350 - R:localhost/127.0.0.1:6328]
10:40:14.289 [Forwarding getCurrentUrl on session 9fca011001441e8b5650f5e9cf5e7434 to remote] DEBUG org.asynchttpclient.netty.request.NettyRequestSender - Using pooled Channel '[id: 0xcd54e2ef, L:/127.0.0.1:55350 - R:localhost/127.0.0.1:6328]' for 'GET' to 'http://localhost:6328/session/9fca011001441e8b5650f5e9cf5e7434/url'
10:40:14.289 [Forwarding getCurrentUrl on session 9fca011001441e8b5650f5e9cf5e7434 to remote] DEBUG org.asynchttpclient.netty.request.NettyRequestSender - Using open Channel [id: 0xcd54e2ef, L:/127.0.0.1:55350 - R:localhost/127.0.0.1:6328] for GET '/session/9fca011001441e8b5650f5e9cf5e7434/url'
10:40:14.291 [AsyncHttpClient-1-23] DEBUG org.asynchttpclient.netty.handler.HttpHandler - 

Request DefaultFullHttpRequest(decodeResult: success, version: HTTP/1.1, content: EmptyByteBufBE)
GET /session/9fca011001441e8b5650f5e9cf5e7434/url HTTP/1.1
User-Agent: selenium/4.8.1 (java windows)
Cache-Control: no-cache
Content-Type: application/json; charset=utf-8
host: localhost:6328
accept: */*

Response DefaultHttpResponse(decodeResult: success, version: HTTP/1.1)
HTTP/1.1 200 OK
Content-Length: 51
Content-Type: application/json; charset=utf-8
cache-control: no-cache

10:40:14.291 [AsyncHttpClient-1-23] DEBUG org.asynchttpclient.netty.channel.ChannelManager - Adding key: http://localhost:6328 for channel [id: 0xcd54e2ef, L:/127.0.0.1:55350 - R:localhost/127.0.0.1:6328]
10:40:14.297 [Forwarding getPageSource on session 9fca011001441e8b5650f5e9cf5e7434 to remote] DEBUG org.asynchttpclient.netty.request.NettyRequestSender - Using pooled Channel '[id: 0xcd54e2ef, L:/127.0.0.1:55350 - R:localhost/127.0.0.1:6328]' for 'POST' to 'http://localhost:6328/session/9fca011001441e8b5650f5e9cf5e7434/execute/sync'
10:40:14.297 [Forwarding getPageSource on session 9fca011001441e8b5650f5e9cf5e7434 to remote] DEBUG org.asynchttpclient.netty.request.NettyRequestSender - Using open Channel [id: 0xcd54e2ef, L:/127.0.0.1:55350 - R:localhost/127.0.0.1:6328] for POST '/session/9fca011001441e8b5650f5e9cf5e7434/execute/sync'
10:40:14.301 [AsyncHttpClient-1-23] DEBUG org.asynchttpclient.netty.handler.HttpHandler - 

Request DefaultHttpRequest(decodeResult: success, version: HTTP/1.1)
POST /session/9fca011001441e8b5650f5e9cf5e7434/execute/sync HTTP/1.1
User-Agent: selenium/4.8.1 (java windows)
Content-Length: 176
Content-Type: application/json; charset=utf-8
host: localhost:6328
accept: */*

Response DefaultHttpResponse(decodeResult: success, version: HTTP/1.1)
HTTP/1.1 200 OK
Content-Length: 22119
Content-Type: application/json; charset=utf-8
cache-control: no-cache

10:40:14.302 [AsyncHttpClient-1-23] DEBUG org.asynchttpclient.netty.channel.ChannelManager - Adding key: http://localhost:6328 for channel [id: 0xcd54e2ef, L:/127.0.0.1:55350 - R:localhost/127.0.0.1:6328]
10:40:14.303 [AsyncHttpClient-1-1] DEBUG org.asynchttpclient.netty.channel.DefaultChannelPool - Entry count for : http://localhost:6328 : 1
10:40:14.303 [AsyncHttpClient-1-1] DEBUG org.asynchttpclient.netty.channel.DefaultChannelPool - Entry count for : http://localhost:55351 : 1
10:40:14.303 [Forwarding getCurrentUrl on session 9fca011001441e8b5650f5e9cf5e7434 to remote] DEBUG org.asynchttpclient.netty.request.NettyRequestSender - Using pooled Channel '[id: 0xcd54e2ef, L:/127.0.0.1:55350 - R:localhost/127.0.0.1:6328]' for 'GET' to 'http://localhost:6328/session/9fca011001441e8b5650f5e9cf5e7434/url'
10:40:14.303 [Forwarding getCurrentUrl on session 9fca011001441e8b5650f5e9cf5e7434 to remote] DEBUG org.asynchttpclient.netty.request.NettyRequestSender - Using open Channel [id: 0xcd54e2ef, L:/127.0.0.1:55350 - R:localhost/127.0.0.1:6328] for GET '/session/9fca011001441e8b5650f5e9cf5e7434/url'
10:40:14.306 [AsyncHttpClient-1-23] DEBUG org.asynchttpclient.netty.handler.HttpHandler - 

Request DefaultFullHttpRequest(decodeResult: success, version: HTTP/1.1, content: EmptyByteBufBE)
GET /session/9fca011001441e8b5650f5e9cf5e7434/url HTTP/1.1
User-Agent: selenium/4.8.1 (java windows)
Cache-Control: no-cache
Content-Type: application/json; charset=utf-8
host: localhost:6328
accept: */*

Response DefaultHttpResponse(decodeResult: success, version: HTTP/1.1)
HTTP/1.1 200 OK
Content-Length: 51
Content-Type: application/json; charset=utf-8
cache-control: no-cache

10:40:14.306 [AsyncHttpClient-1-23] DEBUG org.asynchttpclient.netty.channel.ChannelManager - Adding key: http://localhost:6328 for channel [id: 0xcd54e2ef, L:/127.0.0.1:55350 - R:localhost/127.0.0.1:6328]
10:40:14.309 [main] DEBUG net.thucydides.core.steps.StepInterceptor - STARTING STEP: LoginSteps.alertContent - incorrectAlert
10:40:14.311 [Forwarding findElement on session 9fca011001441e8b5650f5e9cf5e7434 to remote] DEBUG org.asynchttpclient.netty.request.NettyRequestSender - Using pooled Channel '[id: 0xcd54e2ef, L:/127.0.0.1:55350 - R:localhost/127.0.0.1:6328]' for 'POST' to 'http://localhost:6328/session/9fca011001441e8b5650f5e9cf5e7434/element'
10:40:14.311 [Forwarding findElement on session 9fca011001441e8b5650f5e9cf5e7434 to remote] DEBUG org.asynchttpclient.netty.request.NettyRequestSender - Using open Channel [id: 0xcd54e2ef, L:/127.0.0.1:55350 - R:localhost/127.0.0.1:6328] for POST '/session/9fca011001441e8b5650f5e9cf5e7434/element'
10:40:14.573 [AsyncHttpClient-1-23] DEBUG org.asynchttpclient.netty.handler.HttpHandler - 

Request DefaultHttpRequest(decodeResult: success, version: HTTP/1.1)
POST /session/9fca011001441e8b5650f5e9cf5e7434/element HTTP/1.1
User-Agent: selenium/4.8.1 (java windows)
Content-Length: 54
Content-Type: application/json; charset=utf-8
host: localhost:6328
accept: */*

Response DefaultHttpResponse(decodeResult: success, version: HTTP/1.1)
HTTP/1.1 200 OK
Content-Length: 88
Content-Type: application/json; charset=utf-8
cache-control: no-cache

10:40:14.573 [AsyncHttpClient-1-23] DEBUG org.asynchttpclient.netty.channel.ChannelManager - Adding key: http://localhost:6328 for channel [id: 0xcd54e2ef, L:/127.0.0.1:55350 - R:localhost/127.0.0.1:6328]
10:40:14.575 [Forwarding isElementDisplayed on session 9fca011001441e8b5650f5e9cf5e7434 to remote] DEBUG org.asynchttpclient.netty.request.NettyRequestSender - Using pooled Channel '[id: 0xcd54e2ef, L:/127.0.0.1:55350 - R:localhost/127.0.0.1:6328]' for 'POST' to 'http://localhost:6328/session/9fca011001441e8b5650f5e9cf5e7434/execute/sync'
10:40:14.575 [Forwarding isElementDisplayed on session 9fca011001441e8b5650f5e9cf5e7434 to remote] DEBUG org.asynchttpclient.netty.request.NettyRequestSender - Using open Channel [id: 0xcd54e2ef, L:/127.0.0.1:55350 - R:localhost/127.0.0.1:6328] for POST '/session/9fca011001441e8b5650f5e9cf5e7434/execute/sync'
10:40:14.583 [AsyncHttpClient-1-23] DEBUG org.asynchttpclient.netty.handler.HttpHandler - 

Request DefaultHttpRequest(decodeResult: success, version: HTTP/1.1)
POST /session/9fca011001441e8b5650f5e9cf5e7434/execute/sync HTTP/1.1
User-Agent: selenium/4.8.1 (java windows)
Content-Length: 48807
Content-Type: application/json; charset=utf-8
host: localhost:6328
accept: */*

Response DefaultHttpResponse(decodeResult: success, version: HTTP/1.1)
HTTP/1.1 200 OK
Content-Length: 14
Content-Type: application/json; charset=utf-8
cache-control: no-cache

10:40:14.583 [AsyncHttpClient-1-23] DEBUG org.asynchttpclient.netty.channel.ChannelManager - Adding key: http://localhost:6328 for channel [id: 0xcd54e2ef, L:/127.0.0.1:55350 - R:localhost/127.0.0.1:6328]
10:40:14.587 [Forwarding getAlertText on session 9fca011001441e8b5650f5e9cf5e7434 to remote] DEBUG org.asynchttpclient.netty.request.NettyRequestSender - Using pooled Channel '[id: 0xcd54e2ef, L:/127.0.0.1:55350 - R:localhost/127.0.0.1:6328]' for 'GET' to 'http://localhost:6328/session/9fca011001441e8b5650f5e9cf5e7434/alert/text'
10:40:14.587 [Forwarding getAlertText on session 9fca011001441e8b5650f5e9cf5e7434 to remote] DEBUG org.asynchttpclient.netty.request.NettyRequestSender - Using open Channel [id: 0xcd54e2ef, L:/127.0.0.1:55350 - R:localhost/127.0.0.1:6328] for GET '/session/9fca011001441e8b5650f5e9cf5e7434/alert/text'
10:40:14.588 [AsyncHttpClient-1-23] DEBUG org.asynchttpclient.netty.handler.HttpHandler - 

Request DefaultFullHttpRequest(decodeResult: success, version: HTTP/1.1, content: EmptyByteBufBE)
GET /session/9fca011001441e8b5650f5e9cf5e7434/alert/text HTTP/1.1
User-Agent: selenium/4.8.1 (java windows)
Cache-Control: no-cache
Content-Type: application/json; charset=utf-8
host: localhost:6328
accept: */*

Response DefaultHttpResponse(decodeResult: success, version: HTTP/1.1)
HTTP/1.1 404 Not Found
Content-Length: 836
Content-Type: application/json; charset=utf-8
cache-control: no-cache

10:40:14.588 [AsyncHttpClient-1-23] DEBUG org.asynchttpclient.netty.channel.ChannelManager - Adding key: http://localhost:6328 for channel [id: 0xcd54e2ef, L:/127.0.0.1:55350 - R:localhost/127.0.0.1:6328]
10:40:14.589 [Forwarding getCurrentUrl on session 9fca011001441e8b5650f5e9cf5e7434 to remote] DEBUG org.asynchttpclient.netty.request.NettyRequestSender - Using pooled Channel '[id: 0xcd54e2ef, L:/127.0.0.1:55350 - R:localhost/127.0.0.1:6328]' for 'GET' to 'http://localhost:6328/session/9fca011001441e8b5650f5e9cf5e7434/url'
10:40:14.589 [Forwarding getCurrentUrl on session 9fca011001441e8b5650f5e9cf5e7434 to remote] DEBUG org.asynchttpclient.netty.request.NettyRequestSender - Using open Channel [id: 0xcd54e2ef, L:/127.0.0.1:55350 - R:localhost/127.0.0.1:6328] for GET '/session/9fca011001441e8b5650f5e9cf5e7434/url'
10:40:14.592 [AsyncHttpClient-1-23] DEBUG org.asynchttpclient.netty.handler.HttpHandler - 

Request DefaultFullHttpRequest(decodeResult: success, version: HTTP/1.1, content: EmptyByteBufBE)
GET /session/9fca011001441e8b5650f5e9cf5e7434/url HTTP/1.1
User-Agent: selenium/4.8.1 (java windows)
Cache-Control: no-cache
Content-Type: application/json; charset=utf-8
host: localhost:6328
accept: */*

Response DefaultHttpResponse(decodeResult: success, version: HTTP/1.1)
HTTP/1.1 200 OK
Content-Length: 51
Content-Type: application/json; charset=utf-8
cache-control: no-cache

10:40:14.592 [AsyncHttpClient-1-23] DEBUG org.asynchttpclient.netty.channel.ChannelManager - Adding key: http://localhost:6328 for channel [id: 0xcd54e2ef, L:/127.0.0.1:55350 - R:localhost/127.0.0.1:6328]
10:40:14.592 [Forwarding screenshot on session 9fca011001441e8b5650f5e9cf5e7434 to remote] DEBUG org.asynchttpclient.netty.request.NettyRequestSender - Using pooled Channel '[id: 0xcd54e2ef, L:/127.0.0.1:55350 - R:localhost/127.0.0.1:6328]' for 'GET' to 'http://localhost:6328/session/9fca011001441e8b5650f5e9cf5e7434/screenshot'
10:40:14.592 [Forwarding screenshot on session 9fca011001441e8b5650f5e9cf5e7434 to remote] DEBUG org.asynchttpclient.netty.request.NettyRequestSender - Using open Channel [id: 0xcd54e2ef, L:/127.0.0.1:55350 - R:localhost/127.0.0.1:6328] for GET '/session/9fca011001441e8b5650f5e9cf5e7434/screenshot'
10:40:14.674 [AsyncHttpClient-1-23] DEBUG org.asynchttpclient.netty.handler.HttpHandler - 

Request DefaultFullHttpRequest(decodeResult: success, version: HTTP/1.1, content: EmptyByteBufBE)
GET /session/9fca011001441e8b5650f5e9cf5e7434/screenshot HTTP/1.1
User-Agent: selenium/4.8.1 (java windows)
Cache-Control: no-cache
Content-Type: application/json; charset=utf-8
host: localhost:6328
accept: */*

Response DefaultHttpResponse(decodeResult: success, version: HTTP/1.1)
HTTP/1.1 200 OK
Content-Length: 34752
Content-Type: application/json; charset=utf-8
cache-control: no-cache

10:40:14.674 [AsyncHttpClient-1-23] DEBUG org.asynchttpclient.netty.channel.ChannelManager - Adding key: http://localhost:6328 for channel [id: 0xcd54e2ef, L:/127.0.0.1:55350 - R:localhost/127.0.0.1:6328]
10:40:14.675 [main] DEBUG net.serenitybdd.core.photography.Darkroom - Send negative for processing for target\site\serenity\efb21e896de0031c76ba823a360c7d2a7e2ed8617d24489adb6bd1edefe91951.png
10:40:14.676 [main] DEBUG net.thucydides.core.steps.StepInterceptor - STEP DONE: incorrectAlert
  &amp#27;[32mThen &amp#27;[0m&amp#27;[32mI should see the error message&amp#27;[0m    &amp#27;[90m# starter.stepdefinitions.LoginSteps.alertContent()&amp#27;[0m
10:40:14.676 [Darkroom Processing Line] DEBUG net.serenitybdd.core.photography.DarkroomProcessingLine - Processing screenshot image in /var/screenshots/screenshot-418107138035074484
10:40:14.676 [Darkroom Processing Line] DEBUG net.serenitybdd.core.photography.DarkroomProcessingLine - Saving screenshot to target\site\serenity\efb21e896de0031c76ba823a360c7d2a7e2ed8617d24489adb6bd1edefe91951.png
10:40:14.679 [main] INFO  - 
  _____   ___   ___   _____     ___     _     ___   ___   ___   ___  
 |_   _| | __| / __| |_   _|   | _ \   /_\   / __| / __| | __| |   \ 
   | |   | _|  \__ \   | |     |  _/  / _ \  \__ \ \__ \ | _|  | |) |
   |_|   |___| |___/   |_|     |_|   /_/ \_\ |___/ |___/ |___| |___/ 

Login with wrong email
----------------------------------------------------------------------
10:40:14.680 [Driver Command Executor] DEBUG org.asynchttpclient.netty.request.NettyRequestSender - Using pooled Channel '[id: 0xcd54e2ef, L:/127.0.0.1:55350 - R:localhost/127.0.0.1:6328]' for 'DELETE' to 'http://localhost:6328/session/9fca011001441e8b5650f5e9cf5e7434'
10:40:14.680 [Driver Command Executor] DEBUG org.asynchttpclient.netty.request.NettyRequestSender - Using open Channel [id: 0xcd54e2ef, L:/127.0.0.1:55350 - R:localhost/127.0.0.1:6328] for DELETE '/session/9fca011001441e8b5650f5e9cf5e7434'
10:40:14.680 [AsyncHttpClient-1-25] DEBUG org.asynchttpclient.netty.handler.WebSocketHandler - Channel Closed: [id: 0xa6e9ddb8, L:/127.0.0.1:55360 ! R:localhost/127.0.0.1:55351] with attribute NettyResponseFuture{currentRetry=0,
	isDone=1,
	isCancelled=0,
	asyncHandler=org.asynchttpclient.ws.WebSocketUpgradeHandler@2ac2db88,
	nettyRequest=org.asynchttpclient.netty.request.NettyRequest@11c7e47,
	future=java.util.concurrent.CompletableFuture@52d2b492[Completed normally],
	uri=ws://localhost:55351/devtools/browser/d0ed0f1c-db9e-4546-a714-5e4dd5f02800,
	keepAlive=true,
	redirectCount=0,
	timeoutsHolder=null,
	inAuth=0,
	touch=1683430812345}
10:40:14.680 [AsyncHttpClient-1-25] DEBUG org.asynchttpclient.netty.channel.ChannelManager - Closing Channel [id: 0xa6e9ddb8, L:/127.0.0.1:55360 ! R:localhost/127.0.0.1:55351] 
10:40:14.705 [AsyncHttpClient-1-24] DEBUG org.asynchttpclient.netty.handler.HttpHandler - Unexpected I/O exception on channel [id: 0x038510f8, L:/127.0.0.1:55359 - R:localhost/127.0.0.1:55351]
java.net.SocketException: Connection reset
	at java.base/sun.nio.ch.SocketChannelImpl.throwConnectionReset(SocketChannelImpl.java:367)
	at java.base/sun.nio.ch.SocketChannelImpl.read(SocketChannelImpl.java:398)
	at io.netty.buffer.PooledByteBuf.setBytes(PooledByteBuf.java:259)
	at io.netty.buffer.AbstractByteBuf.writeBytes(AbstractByteBuf.java:1132)
	at io.netty.channel.socket.nio.NioSocketChannel.doReadBytes(NioSocketChannel.java:357)
	at io.netty.channel.nio.AbstractNioByteChannel$NioByteUnsafe.read(AbstractNioByteChannel.java:151)
	at io.netty.channel.nio.NioEventLoop.processSelectedKey(NioEventLoop.java:788)
	at io.netty.channel.nio.NioEventLoop.processSelectedKeysOptimized(NioEventLoop.java:724)
	at io.netty.channel.nio.NioEventLoop.processSelectedKeys(NioEventLoop.java:650)
	at io.netty.channel.nio.NioEventLoop.run(NioEventLoop.java:562)
	at io.netty.util.concurrent.SingleThreadEventExecutor$4.run(SingleThreadEventExecutor.java:997)
	at io.netty.util.internal.ThreadExecutorMap$2.run(ThreadExecutorMap.java:74)
	at io.netty.util.concurrent.FastThreadLocalRunnable.run(FastThreadLocalRunnable.java:30)
	at java.base/java.lang.Thread.run(Thread.java:832)
10:40:14.706 [AsyncHttpClient-1-24] DEBUG org.asynchttpclient.netty.channel.ChannelManager - Closing Channel [id: 0x038510f8, L:/127.0.0.1:55359 - R:localhost/127.0.0.1:55351] 
10:40:14.706 [AsyncHttpClient-1-24] DEBUG org.asynchttpclient.netty.handler.HttpHandler - Channel Closed: [id: 0x038510f8, L:/127.0.0.1:55359 ! R:localhost/127.0.0.1:55351] with attribute DISCARD
10:40:14.716 [AsyncHttpClient-1-23] DEBUG org.asynchttpclient.netty.handler.HttpHandler - 

Request DefaultFullHttpRequest(decodeResult: success, version: HTTP/1.1, content: EmptyByteBufBE)
DELETE /session/9fca011001441e8b5650f5e9cf5e7434 HTTP/1.1
User-Agent: selenium/4.8.1 (java windows)
Content-Type: application/json; charset=utf-8
host: localhost:6328
accept: */*

Response DefaultHttpResponse(decodeResult: success, version: HTTP/1.1)
HTTP/1.1 200 OK
Content-Length: 14
Content-Type: application/json; charset=utf-8
cache-control: no-cache

10:40:14.716 [AsyncHttpClient-1-23] DEBUG org.asynchttpclient.netty.channel.ChannelManager - Adding key: http://localhost:6328 for channel [id: 0xcd54e2ef, L:/127.0.0.1:55350 - R:localhost/127.0.0.1:6328]
10:40:14.805 [AsyncHttpClient-1-23] DEBUG org.asynchttpclient.netty.handler.HttpHandler - Channel Closed: [id: 0xcd54e2ef, L:/127.0.0.1:55350 ! R:localhost/127.0.0.1:6328] with attribute DISCARD
]]></system-out>
    <system-err><![CDATA[Starting ChromeDriver 111.0.5563.64 (c710e93d5b63b7095afe8c2c17df34408078439d-refs/branch-heads/5563@{#995}) on port 6328
Only local connections are allowed.
Please see https://chromedriver.chromium.org/security-considerations for suggestions on keeping ChromeDriver safe.
ChromeDriver was started successfully.
[1683430812.321][WARNING]: This version of ChromeDriver has not been tested with Chrome version 112.
May 07, 2023 10:40:12 AM org.openqa.selenium.devtools.CdpVersionFinder findNearestMatch
WARNING: Unable to find an exact match for CDP version 112, so returning the closest version found: 110
]]></system-err>
  </testcase>
  <testcase name="Login with invalid email" classname="Login to Alta-shop Account" time="3.236">
    <system-out><![CDATA[
Scenario: Login with invalid email       &amp#27;[90m# src/test/resources/features/2. Login.feature:28&amp#27;[0m
10:40:15.324 [main] DEBUG io.cucumber.core.plugin.SerenityReporter - Running feature from file:///C:/Users/WINDOWS%2010/Documents/GitHub/MiniProject_QE/Web/code/minpro/src/test/resources/features/2.%20Login.feature
10:40:15.327 [main] INFO  - 
  _____   ___   ___   _____     ___   _____     _     ___   _____   ___   ___  
 |_   _| | __| / __| |_   _|   / __| |_   _|   /_\   | _ \ |_   _| | __| |   \ 
   | |   | _|  \__ \   | |     \__ \   | |    / _ \  |   /   | |   | _|  | |) |
   |_|   |___| |___/   |_|     |___/   |_|   /_/ \_\ |_|_\   |_|   |___| |___/ 

Login with invalid email(login-to-alta-shop-account;login-with-invalid-email)
--------------------------------------------------------------------------------
10:40:15.351 [main] DEBUG net.thucydides.core.steps.StepInterceptor - STARTING STEP: LoginSteps.onTheLoginPage - openPage
10:40:15.381 [main] INFO net.serenitybdd.core.webdriver.driverproviders.ChromeDriverProvider - Starting Chrome driver instance with capabilities:
10:40:15.381 [main] INFO net.serenitybdd.core.webdriver.driverproviders.ChromeDriverProvider - Capabilities {acceptInsecureCerts: false, browserName: chrome, goog:chromeOptions: {args: [remote-allow-origins=*], extensions: []}}
10:40:15.398 [AsyncHttpClient-1-1] DEBUG org.asynchttpclient.netty.channel.DefaultChannelPool - Entry count for : http://localhost:6328 : 1
10:40:15.398 [AsyncHttpClient-1-1] DEBUG org.asynchttpclient.netty.channel.DefaultChannelPool - Entry count for : http://localhost:55351 : 1
10:40:15.398 [AsyncHttpClient-1-1] DEBUG org.asynchttpclient.netty.channel.DefaultChannelPool - Adding Candidate expired Channel [id: 0xcd54e2ef, L:/127.0.0.1:55350 ! R:localhost/127.0.0.1:6328] isIdleTimeoutExpired=false isRemotelyClosed=true isTtlExpired=false
10:40:15.398 [AsyncHttpClient-1-1] DEBUG org.asynchttpclient.netty.channel.DefaultChannelPool - Closing Idle Channel [id: 0xcd54e2ef, L:/127.0.0.1:55350 ! R:localhost/127.0.0.1:6328]
10:40:15.398 [AsyncHttpClient-1-1] DEBUG org.asynchttpclient.netty.channel.DefaultChannelPool - Adding Candidate expired Channel [id: 0x038510f8, L:/127.0.0.1:55359 ! R:localhost/127.0.0.1:55351] isIdleTimeoutExpired=false isRemotelyClosed=true isTtlExpired=false
10:40:15.398 [AsyncHttpClient-1-1] DEBUG org.asynchttpclient.netty.channel.DefaultChannelPool - Closing Idle Channel [id: 0x038510f8, L:/127.0.0.1:55359 ! R:localhost/127.0.0.1:55351]
10:40:15.398 [AsyncHttpClient-1-1] DEBUG org.asynchttpclient.netty.channel.DefaultChannelPool - Closed 2 connections out of 2 in 0 ms
10:40:15.449 [AsyncHttpClient-1-26] DEBUG org.asynchttpclient.netty.channel.NettyConnectListener - Using new Channel '[id: 0x7d21746b, L:/127.0.0.1:55379 - R:localhost/127.0.0.1:21510]' for 'POST' to '/session'
10:40:16.142 [AsyncHttpClient-1-26] DEBUG org.asynchttpclient.netty.handler.HttpHandler - 

Request DefaultHttpRequest(decodeResult: success, version: HTTP/1.1)
POST /session HTTP/1.1
User-Agent: selenium/4.8.1 (java windows)
Content-Length: 507
Content-Type: application/json; charset=utf-8
host: localhost:21510
accept: */*

Response DefaultHttpResponse(decodeResult: success, version: HTTP/1.1)
HTTP/1.1 200 OK
Content-Length: 863
Content-Type: application/json; charset=utf-8
cache-control: no-cache

10:40:16.142 [AsyncHttpClient-1-26] DEBUG org.asynchttpclient.netty.channel.ChannelManager - Adding key: http://localhost:21510 for channel [id: 0x7d21746b, L:/127.0.0.1:55379 - R:localhost/127.0.0.1:21510]
10:40:16.148 [AsyncHttpClient-1-27] DEBUG org.asynchttpclient.netty.channel.NettyConnectListener - Using new Channel '[id: 0x9278c039, L:/127.0.0.1:55389 - R:localhost/127.0.0.1:55382]' for 'GET' to '/json/version'
10:40:16.149 [AsyncHttpClient-1-27] DEBUG org.asynchttpclient.netty.handler.HttpHandler - 

Request DefaultFullHttpRequest(decodeResult: success, version: HTTP/1.1, content: EmptyByteBufBE)
GET /json/version HTTP/1.1
User-Agent: selenium/4.8.1 (java windows)
host: localhost:55382
accept: */*

Response DefaultHttpResponse(decodeResult: success, version: HTTP/1.1)
HTTP/1.1 200 OK
Content-Security-Policy: frame-ancestors 'none'
Content-Length: 424
Content-Type: application/json; charset=UTF-8

10:40:16.149 [AsyncHttpClient-1-27] DEBUG org.asynchttpclient.netty.channel.ChannelManager - Adding key: http://localhost:55382 for channel [id: 0x9278c039, L:/127.0.0.1:55389 - R:localhost/127.0.0.1:55382]
10:40:16.151 [AsyncHttpClient-1-28] DEBUG org.asynchttpclient.netty.channel.NettyConnectListener - Using new Channel '[id: 0xc64f9945, L:/127.0.0.1:55390 - R:localhost/127.0.0.1:55382]' for 'GET' to '/devtools/browser/3f9fc682-144f-4788-bf85-e89a66c88c52'
10:40:16.152 [AsyncHttpClient-1-28] DEBUG org.asynchttpclient.netty.handler.WebSocketHandler - 

Request DefaultFullHttpRequest(decodeResult: success, version: HTTP/1.1, content: EmptyByteBufBE)
GET /devtools/browser/3f9fc682-144f-4788-bf85-e89a66c88c52 HTTP/1.1
upgrade: websocket
connection: upgrade
sec-websocket-key: V2gtyA8oKoLcoN075a8WWQ==
sec-websocket-version: 13
origin: http://localhost:55382
host: localhost:55382
accept: */*
user-agent: AHC/2.1

Response DefaultHttpResponse(decodeResult: success, version: HTTP/1.1)
HTTP/1.1 101 WebSocket Protocol Handshake
Upgrade: WebSocket
Connection: Upgrade
Sec-WebSocket-Accept: l8i0XnVWxikGmbLLdD1wgQjeUNk=

10:40:16.155 [Forwarding get on session b3ee09a452079293e2681d51dbff2050 to remote] DEBUG org.asynchttpclient.netty.request.NettyRequestSender - Using pooled Channel '[id: 0x7d21746b, L:/127.0.0.1:55379 - R:localhost/127.0.0.1:21510]' for 'POST' to 'http://localhost:21510/session/b3ee09a452079293e2681d51dbff2050/url'
10:40:16.155 [Forwarding get on session b3ee09a452079293e2681d51dbff2050 to remote] DEBUG org.asynchttpclient.netty.request.NettyRequestSender - Using open Channel [id: 0x7d21746b, L:/127.0.0.1:55379 - R:localhost/127.0.0.1:21510] for POST '/session/b3ee09a452079293e2681d51dbff2050/url'
10:40:16.504 [AsyncHttpClient-1-1] DEBUG org.asynchttpclient.netty.channel.DefaultChannelPool - Entry count for : http://localhost:55382 : 1
10:40:16.911 [AsyncHttpClient-1-26] DEBUG org.asynchttpclient.netty.handler.HttpHandler - 

Request DefaultHttpRequest(decodeResult: success, version: HTTP/1.1)
POST /session/b3ee09a452079293e2681d51dbff2050/url HTTP/1.1
User-Agent: selenium/4.8.1 (java windows)
Content-Length: 74
Content-Type: application/json; charset=utf-8
host: localhost:21510
accept: */*

Response DefaultHttpResponse(decodeResult: success, version: HTTP/1.1)
HTTP/1.1 200 OK
Content-Length: 14
Content-Type: application/json; charset=utf-8
cache-control: no-cache

10:40:16.911 [AsyncHttpClient-1-26] DEBUG org.asynchttpclient.netty.channel.ChannelManager - Adding key: http://localhost:21510 for channel [id: 0x7d21746b, L:/127.0.0.1:55379 - R:localhost/127.0.0.1:21510]
10:40:16.912 [Forwarding setTimeout on session b3ee09a452079293e2681d51dbff2050 to remote] DEBUG org.asynchttpclient.netty.request.NettyRequestSender - Using pooled Channel '[id: 0x7d21746b, L:/127.0.0.1:55379 - R:localhost/127.0.0.1:21510]' for 'POST' to 'http://localhost:21510/session/b3ee09a452079293e2681d51dbff2050/timeouts'
10:40:16.912 [Forwarding setTimeout on session b3ee09a452079293e2681d51dbff2050 to remote] DEBUG org.asynchttpclient.netty.request.NettyRequestSender - Using open Channel [id: 0x7d21746b, L:/127.0.0.1:55379 - R:localhost/127.0.0.1:21510] for POST '/session/b3ee09a452079293e2681d51dbff2050/timeouts'
10:40:16.913 [AsyncHttpClient-1-26] DEBUG org.asynchttpclient.netty.handler.HttpHandler - 

Request DefaultHttpRequest(decodeResult: success, version: HTTP/1.1)
POST /session/b3ee09a452079293e2681d51dbff2050/timeouts HTTP/1.1
User-Agent: selenium/4.8.1 (java windows)
Content-Length: 22
Content-Type: application/json; charset=utf-8
host: localhost:21510
accept: */*

Response DefaultHttpResponse(decodeResult: success, version: HTTP/1.1)
HTTP/1.1 200 OK
Content-Length: 14
Content-Type: application/json; charset=utf-8
cache-control: no-cache

10:40:16.913 [AsyncHttpClient-1-26] DEBUG org.asynchttpclient.netty.channel.ChannelManager - Adding key: http://localhost:21510 for channel [id: 0x7d21746b, L:/127.0.0.1:55379 - R:localhost/127.0.0.1:21510]
10:40:16.917 [Forwarding getAlertText on session b3ee09a452079293e2681d51dbff2050 to remote] DEBUG org.asynchttpclient.netty.request.NettyRequestSender - Using pooled Channel '[id: 0x7d21746b, L:/127.0.0.1:55379 - R:localhost/127.0.0.1:21510]' for 'GET' to 'http://localhost:21510/session/b3ee09a452079293e2681d51dbff2050/alert/text'
10:40:16.917 [Forwarding getAlertText on session b3ee09a452079293e2681d51dbff2050 to remote] DEBUG org.asynchttpclient.netty.request.NettyRequestSender - Using open Channel [id: 0x7d21746b, L:/127.0.0.1:55379 - R:localhost/127.0.0.1:21510] for GET '/session/b3ee09a452079293e2681d51dbff2050/alert/text'
10:40:16.918 [AsyncHttpClient-1-26] DEBUG org.asynchttpclient.netty.handler.HttpHandler - 

Request DefaultFullHttpRequest(decodeResult: success, version: HTTP/1.1, content: EmptyByteBufBE)
GET /session/b3ee09a452079293e2681d51dbff2050/alert/text HTTP/1.1
User-Agent: selenium/4.8.1 (java windows)
Cache-Control: no-cache
Content-Type: application/json; charset=utf-8
host: localhost:21510
accept: */*

Response DefaultHttpResponse(decodeResult: success, version: HTTP/1.1)
HTTP/1.1 404 Not Found
Content-Length: 836
Content-Type: application/json; charset=utf-8
cache-control: no-cache

10:40:16.918 [AsyncHttpClient-1-26] DEBUG org.asynchttpclient.netty.channel.ChannelManager - Adding key: http://localhost:21510 for channel [id: 0x7d21746b, L:/127.0.0.1:55379 - R:localhost/127.0.0.1:21510]
10:40:16.919 [Forwarding getCurrentUrl on session b3ee09a452079293e2681d51dbff2050 to remote] DEBUG org.asynchttpclient.netty.request.NettyRequestSender - Using pooled Channel '[id: 0x7d21746b, L:/127.0.0.1:55379 - R:localhost/127.0.0.1:21510]' for 'GET' to 'http://localhost:21510/session/b3ee09a452079293e2681d51dbff2050/url'
10:40:16.919 [Forwarding getCurrentUrl on session b3ee09a452079293e2681d51dbff2050 to remote] DEBUG org.asynchttpclient.netty.request.NettyRequestSender - Using open Channel [id: 0x7d21746b, L:/127.0.0.1:55379 - R:localhost/127.0.0.1:21510] for GET '/session/b3ee09a452079293e2681d51dbff2050/url'
10:40:16.923 [AsyncHttpClient-1-26] DEBUG org.asynchttpclient.netty.handler.HttpHandler - 

Request DefaultFullHttpRequest(decodeResult: success, version: HTTP/1.1, content: EmptyByteBufBE)
GET /session/b3ee09a452079293e2681d51dbff2050/url HTTP/1.1
User-Agent: selenium/4.8.1 (java windows)
Cache-Control: no-cache
Content-Type: application/json; charset=utf-8
host: localhost:21510
accept: */*

Response DefaultHttpResponse(decodeResult: success, version: HTTP/1.1)
HTTP/1.1 200 OK
Content-Length: 51
Content-Type: application/json; charset=utf-8
cache-control: no-cache

10:40:16.923 [AsyncHttpClient-1-26] DEBUG org.asynchttpclient.netty.channel.ChannelManager - Adding key: http://localhost:21510 for channel [id: 0x7d21746b, L:/127.0.0.1:55379 - R:localhost/127.0.0.1:21510]
10:40:16.924 [Forwarding screenshot on session b3ee09a452079293e2681d51dbff2050 to remote] DEBUG org.asynchttpclient.netty.request.NettyRequestSender - Using pooled Channel '[id: 0x7d21746b, L:/127.0.0.1:55379 - R:localhost/127.0.0.1:21510]' for 'GET' to 'http://localhost:21510/session/b3ee09a452079293e2681d51dbff2050/screenshot'
10:40:16.924 [Forwarding screenshot on session b3ee09a452079293e2681d51dbff2050 to remote] DEBUG org.asynchttpclient.netty.request.NettyRequestSender - Using open Channel [id: 0x7d21746b, L:/127.0.0.1:55379 - R:localhost/127.0.0.1:21510] for GET '/session/b3ee09a452079293e2681d51dbff2050/screenshot'
10:40:16.995 [AsyncHttpClient-1-26] DEBUG org.asynchttpclient.netty.handler.HttpHandler - 

Request DefaultFullHttpRequest(decodeResult: success, version: HTTP/1.1, content: EmptyByteBufBE)
GET /session/b3ee09a452079293e2681d51dbff2050/screenshot HTTP/1.1
User-Agent: selenium/4.8.1 (java windows)
Cache-Control: no-cache
Content-Type: application/json; charset=utf-8
host: localhost:21510
accept: */*

Response DefaultHttpResponse(decodeResult: success, version: HTTP/1.1)
HTTP/1.1 200 OK
Content-Length: 25208
Content-Type: application/json; charset=utf-8
cache-control: no-cache

10:40:16.995 [AsyncHttpClient-1-26] DEBUG org.asynchttpclient.netty.channel.ChannelManager - Adding key: http://localhost:21510 for channel [id: 0x7d21746b, L:/127.0.0.1:55379 - R:localhost/127.0.0.1:21510]
10:40:16.996 [main] DEBUG net.serenitybdd.core.photography.Darkroom - Send negative for processing for target\site\serenity\edb14d4aab401efa0e4fb99861e6ffcafebc86a67b69f7828890b9910ed2ddbd.png
10:40:16.996 [main] DEBUG net.thucydides.core.steps.StepInterceptor - STEP DONE: openPage
  &amp#27;[32mGiven &amp#27;[0m&amp#27;[32mI am on the alta-shop login page&amp#27;[0m &amp#27;[90m# starter.stepdefinitions.LoginSteps.onTheLoginPage()&amp#27;[0m
10:40:17.002 [Forwarding getPageSource on session b3ee09a452079293e2681d51dbff2050 to remote] DEBUG org.asynchttpclient.netty.request.NettyRequestSender - Using pooled Channel '[id: 0x7d21746b, L:/127.0.0.1:55379 - R:localhost/127.0.0.1:21510]' for 'POST' to 'http://localhost:21510/session/b3ee09a452079293e2681d51dbff2050/execute/sync'
10:40:17.002 [Forwarding getPageSource on session b3ee09a452079293e2681d51dbff2050 to remote] DEBUG org.asynchttpclient.netty.request.NettyRequestSender - Using open Channel [id: 0x7d21746b, L:/127.0.0.1:55379 - R:localhost/127.0.0.1:21510] for POST '/session/b3ee09a452079293e2681d51dbff2050/execute/sync'
10:40:17.008 [AsyncHttpClient-1-26] DEBUG org.asynchttpclient.netty.handler.HttpHandler - 

Request DefaultHttpRequest(decodeResult: success, version: HTTP/1.1)
POST /session/b3ee09a452079293e2681d51dbff2050/execute/sync HTTP/1.1
User-Agent: selenium/4.8.1 (java windows)
Content-Length: 176
Content-Type: application/json; charset=utf-8
host: localhost:21510
accept: */*

Response DefaultHttpResponse(decodeResult: success, version: HTTP/1.1)
HTTP/1.1 200 OK
Content-Length: 21659
Content-Type: application/json; charset=utf-8
cache-control: no-cache

10:40:17.008 [AsyncHttpClient-1-26] DEBUG org.asynchttpclient.netty.channel.ChannelManager - Adding key: http://localhost:21510 for channel [id: 0x7d21746b, L:/127.0.0.1:55379 - R:localhost/127.0.0.1:21510]
10:40:17.010 [Forwarding getCurrentUrl on session b3ee09a452079293e2681d51dbff2050 to remote] DEBUG org.asynchttpclient.netty.request.NettyRequestSender - Using pooled Channel '[id: 0x7d21746b, L:/127.0.0.1:55379 - R:localhost/127.0.0.1:21510]' for 'GET' to 'http://localhost:21510/session/b3ee09a452079293e2681d51dbff2050/url'
10:40:17.010 [Forwarding getCurrentUrl on session b3ee09a452079293e2681d51dbff2050 to remote] DEBUG org.asynchttpclient.netty.request.NettyRequestSender - Using open Channel [id: 0x7d21746b, L:/127.0.0.1:55379 - R:localhost/127.0.0.1:21510] for GET '/session/b3ee09a452079293e2681d51dbff2050/url'
10:40:17.013 [AsyncHttpClient-1-26] DEBUG org.asynchttpclient.netty.handler.HttpHandler - 

Request DefaultFullHttpRequest(decodeResult: success, version: HTTP/1.1, content: EmptyByteBufBE)
GET /session/b3ee09a452079293e2681d51dbff2050/url HTTP/1.1
User-Agent: selenium/4.8.1 (java windows)
Cache-Control: no-cache
Content-Type: application/json; charset=utf-8
host: localhost:21510
accept: */*

Response DefaultHttpResponse(decodeResult: success, version: HTTP/1.1)
HTTP/1.1 200 OK
Content-Length: 51
Content-Type: application/json; charset=utf-8
cache-control: no-cache

10:40:17.013 [AsyncHttpClient-1-26] DEBUG org.asynchttpclient.netty.channel.ChannelManager - Adding key: http://localhost:21510 for channel [id: 0x7d21746b, L:/127.0.0.1:55379 - R:localhost/127.0.0.1:21510]
10:40:17.018 [Forwarding getPageSource on session b3ee09a452079293e2681d51dbff2050 to remote] DEBUG org.asynchttpclient.netty.request.NettyRequestSender - Using pooled Channel '[id: 0x7d21746b, L:/127.0.0.1:55379 - R:localhost/127.0.0.1:21510]' for 'POST' to 'http://localhost:21510/session/b3ee09a452079293e2681d51dbff2050/execute/sync'
10:40:17.018 [Forwarding getPageSource on session b3ee09a452079293e2681d51dbff2050 to remote] DEBUG org.asynchttpclient.netty.request.NettyRequestSender - Using open Channel [id: 0x7d21746b, L:/127.0.0.1:55379 - R:localhost/127.0.0.1:21510] for POST '/session/b3ee09a452079293e2681d51dbff2050/execute/sync'
10:40:17.022 [AsyncHttpClient-1-26] DEBUG org.asynchttpclient.netty.handler.HttpHandler - 

Request DefaultHttpRequest(decodeResult: success, version: HTTP/1.1)
POST /session/b3ee09a452079293e2681d51dbff2050/execute/sync HTTP/1.1
User-Agent: selenium/4.8.1 (java windows)
Content-Length: 176
Content-Type: application/json; charset=utf-8
host: localhost:21510
accept: */*

Response DefaultHttpResponse(decodeResult: success, version: HTTP/1.1)
HTTP/1.1 200 OK
Content-Length: 21659
Content-Type: application/json; charset=utf-8
cache-control: no-cache

10:40:17.022 [AsyncHttpClient-1-26] DEBUG org.asynchttpclient.netty.channel.ChannelManager - Adding key: http://localhost:21510 for channel [id: 0x7d21746b, L:/127.0.0.1:55379 - R:localhost/127.0.0.1:21510]
10:40:17.025 [Forwarding getCurrentUrl on session b3ee09a452079293e2681d51dbff2050 to remote] DEBUG org.asynchttpclient.netty.request.NettyRequestSender - Using pooled Channel '[id: 0x7d21746b, L:/127.0.0.1:55379 - R:localhost/127.0.0.1:21510]' for 'GET' to 'http://localhost:21510/session/b3ee09a452079293e2681d51dbff2050/url'
10:40:17.025 [Forwarding getCurrentUrl on session b3ee09a452079293e2681d51dbff2050 to remote] DEBUG org.asynchttpclient.netty.request.NettyRequestSender - Using open Channel [id: 0x7d21746b, L:/127.0.0.1:55379 - R:localhost/127.0.0.1:21510] for GET '/session/b3ee09a452079293e2681d51dbff2050/url'
10:40:17.028 [AsyncHttpClient-1-26] DEBUG org.asynchttpclient.netty.handler.HttpHandler - 

Request DefaultFullHttpRequest(decodeResult: success, version: HTTP/1.1, content: EmptyByteBufBE)
GET /session/b3ee09a452079293e2681d51dbff2050/url HTTP/1.1
User-Agent: selenium/4.8.1 (java windows)
Cache-Control: no-cache
Content-Type: application/json; charset=utf-8
host: localhost:21510
accept: */*

Response DefaultHttpResponse(decodeResult: success, version: HTTP/1.1)
HTTP/1.1 200 OK
Content-Length: 51
Content-Type: application/json; charset=utf-8
cache-control: no-cache

10:40:17.028 [AsyncHttpClient-1-26] DEBUG org.asynchttpclient.netty.channel.ChannelManager - Adding key: http://localhost:21510 for channel [id: 0x7d21746b, L:/127.0.0.1:55379 - R:localhost/127.0.0.1:21510]
10:40:17.030 [main] DEBUG net.thucydides.core.steps.StepInterceptor - STARTING STEP: LoginSteps.inputIncnvalidEmail - inputEmail
10:40:17.031 [Forwarding findElement on session b3ee09a452079293e2681d51dbff2050 to remote] DEBUG org.asynchttpclient.netty.request.NettyRequestSender - Using pooled Channel '[id: 0x7d21746b, L:/127.0.0.1:55379 - R:localhost/127.0.0.1:21510]' for 'POST' to 'http://localhost:21510/session/b3ee09a452079293e2681d51dbff2050/element'
10:40:17.031 [Forwarding findElement on session b3ee09a452079293e2681d51dbff2050 to remote] DEBUG org.asynchttpclient.netty.request.NettyRequestSender - Using open Channel [id: 0x7d21746b, L:/127.0.0.1:55379 - R:localhost/127.0.0.1:21510] for POST '/session/b3ee09a452079293e2681d51dbff2050/element'
10:40:17.040 [AsyncHttpClient-1-26] DEBUG org.asynchttpclient.netty.handler.HttpHandler - 

Request DefaultHttpRequest(decodeResult: success, version: HTTP/1.1)
POST /session/b3ee09a452079293e2681d51dbff2050/element HTTP/1.1
User-Agent: selenium/4.8.1 (java windows)
Content-Length: 55
Content-Type: application/json; charset=utf-8
host: localhost:21510
accept: */*

Response DefaultHttpResponse(decodeResult: success, version: HTTP/1.1)
HTTP/1.1 200 OK
Content-Length: 88
Content-Type: application/json; charset=utf-8
cache-control: no-cache

10:40:17.040 [AsyncHttpClient-1-26] DEBUG org.asynchttpclient.netty.channel.ChannelManager - Adding key: http://localhost:21510 for channel [id: 0x7d21746b, L:/127.0.0.1:55379 - R:localhost/127.0.0.1:21510]
10:40:17.041 [Forwarding clearElement on session b3ee09a452079293e2681d51dbff2050 to remote] DEBUG org.asynchttpclient.netty.request.NettyRequestSender - Using pooled Channel '[id: 0x7d21746b, L:/127.0.0.1:55379 - R:localhost/127.0.0.1:21510]' for 'POST' to 'http://localhost:21510/session/b3ee09a452079293e2681d51dbff2050/element/a9bb2c45-80e9-4449-941e-aff20c1594cc/clear'
10:40:17.041 [Forwarding clearElement on session b3ee09a452079293e2681d51dbff2050 to remote] DEBUG org.asynchttpclient.netty.request.NettyRequestSender - Using open Channel [id: 0x7d21746b, L:/127.0.0.1:55379 - R:localhost/127.0.0.1:21510] for POST '/session/b3ee09a452079293e2681d51dbff2050/element/a9bb2c45-80e9-4449-941e-aff20c1594cc/clear'
10:40:17.063 [AsyncHttpClient-1-26] DEBUG org.asynchttpclient.netty.handler.HttpHandler - 

Request DefaultHttpRequest(decodeResult: success, version: HTTP/1.1)
POST /session/b3ee09a452079293e2681d51dbff2050/element/a9bb2c45-80e9-4449-941e-aff20c1594cc/clear HTTP/1.1
User-Agent: selenium/4.8.1 (java windows)
Content-Length: 50
Content-Type: application/json; charset=utf-8
host: localhost:21510
accept: */*

Response DefaultHttpResponse(decodeResult: success, version: HTTP/1.1)
HTTP/1.1 200 OK
Content-Length: 14
Content-Type: application/json; charset=utf-8
cache-control: no-cache

10:40:17.063 [AsyncHttpClient-1-26] DEBUG org.asynchttpclient.netty.channel.ChannelManager - Adding key: http://localhost:21510 for channel [id: 0x7d21746b, L:/127.0.0.1:55379 - R:localhost/127.0.0.1:21510]
10:40:17.064 [Forwarding sendKeysToElement on session b3ee09a452079293e2681d51dbff2050 to remote] DEBUG org.asynchttpclient.netty.request.NettyRequestSender - Using pooled Channel '[id: 0x7d21746b, L:/127.0.0.1:55379 - R:localhost/127.0.0.1:21510]' for 'POST' to 'http://localhost:21510/session/b3ee09a452079293e2681d51dbff2050/element/a9bb2c45-80e9-4449-941e-aff20c1594cc/value'
10:40:17.064 [Forwarding sendKeysToElement on session b3ee09a452079293e2681d51dbff2050 to remote] DEBUG org.asynchttpclient.netty.request.NettyRequestSender - Using open Channel [id: 0x7d21746b, L:/127.0.0.1:55379 - R:localhost/127.0.0.1:21510] for POST '/session/b3ee09a452079293e2681d51dbff2050/element/a9bb2c45-80e9-4449-941e-aff20c1594cc/value'
10:40:17.124 [AsyncHttpClient-1-26] DEBUG org.asynchttpclient.netty.handler.HttpHandler - 

Request DefaultHttpRequest(decodeResult: success, version: HTTP/1.1)
POST /session/b3ee09a452079293e2681d51dbff2050/element/a9bb2c45-80e9-4449-941e-aff20c1594cc/value HTTP/1.1
User-Agent: selenium/4.8.1 (java windows)
Content-Length: 181
Content-Type: application/json; charset=utf-8
host: localhost:21510
accept: */*

Response DefaultHttpResponse(decodeResult: success, version: HTTP/1.1)
HTTP/1.1 200 OK
Content-Length: 14
Content-Type: application/json; charset=utf-8
cache-control: no-cache

10:40:17.124 [AsyncHttpClient-1-26] DEBUG org.asynchttpclient.netty.channel.ChannelManager - Adding key: http://localhost:21510 for channel [id: 0x7d21746b, L:/127.0.0.1:55379 - R:localhost/127.0.0.1:21510]
10:40:17.127 [Forwarding getAlertText on session b3ee09a452079293e2681d51dbff2050 to remote] DEBUG org.asynchttpclient.netty.request.NettyRequestSender - Using pooled Channel '[id: 0x7d21746b, L:/127.0.0.1:55379 - R:localhost/127.0.0.1:21510]' for 'GET' to 'http://localhost:21510/session/b3ee09a452079293e2681d51dbff2050/alert/text'
10:40:17.127 [Forwarding getAlertText on session b3ee09a452079293e2681d51dbff2050 to remote] DEBUG org.asynchttpclient.netty.request.NettyRequestSender - Using open Channel [id: 0x7d21746b, L:/127.0.0.1:55379 - R:localhost/127.0.0.1:21510] for GET '/session/b3ee09a452079293e2681d51dbff2050/alert/text'
10:40:17.129 [AsyncHttpClient-1-26] DEBUG org.asynchttpclient.netty.handler.HttpHandler - 

Request DefaultFullHttpRequest(decodeResult: success, version: HTTP/1.1, content: EmptyByteBufBE)
GET /session/b3ee09a452079293e2681d51dbff2050/alert/text HTTP/1.1
User-Agent: selenium/4.8.1 (java windows)
Cache-Control: no-cache
Content-Type: application/json; charset=utf-8
host: localhost:21510
accept: */*

Response DefaultHttpResponse(decodeResult: success, version: HTTP/1.1)
HTTP/1.1 404 Not Found
Content-Length: 836
Content-Type: application/json; charset=utf-8
cache-control: no-cache

10:40:17.129 [AsyncHttpClient-1-26] DEBUG org.asynchttpclient.netty.channel.ChannelManager - Adding key: http://localhost:21510 for channel [id: 0x7d21746b, L:/127.0.0.1:55379 - R:localhost/127.0.0.1:21510]
10:40:17.129 [Forwarding getCurrentUrl on session b3ee09a452079293e2681d51dbff2050 to remote] DEBUG org.asynchttpclient.netty.request.NettyRequestSender - Using pooled Channel '[id: 0x7d21746b, L:/127.0.0.1:55379 - R:localhost/127.0.0.1:21510]' for 'GET' to 'http://localhost:21510/session/b3ee09a452079293e2681d51dbff2050/url'
10:40:17.129 [Forwarding getCurrentUrl on session b3ee09a452079293e2681d51dbff2050 to remote] DEBUG org.asynchttpclient.netty.request.NettyRequestSender - Using open Channel [id: 0x7d21746b, L:/127.0.0.1:55379 - R:localhost/127.0.0.1:21510] for GET '/session/b3ee09a452079293e2681d51dbff2050/url'
10:40:17.132 [AsyncHttpClient-1-26] DEBUG org.asynchttpclient.netty.handler.HttpHandler - 

Request DefaultFullHttpRequest(decodeResult: success, version: HTTP/1.1, content: EmptyByteBufBE)
GET /session/b3ee09a452079293e2681d51dbff2050/url HTTP/1.1
User-Agent: selenium/4.8.1 (java windows)
Cache-Control: no-cache
Content-Type: application/json; charset=utf-8
host: localhost:21510
accept: */*

Response DefaultHttpResponse(decodeResult: success, version: HTTP/1.1)
HTTP/1.1 200 OK
Content-Length: 51
Content-Type: application/json; charset=utf-8
cache-control: no-cache

10:40:17.132 [AsyncHttpClient-1-26] DEBUG org.asynchttpclient.netty.channel.ChannelManager - Adding key: http://localhost:21510 for channel [id: 0x7d21746b, L:/127.0.0.1:55379 - R:localhost/127.0.0.1:21510]
10:40:17.132 [Forwarding screenshot on session b3ee09a452079293e2681d51dbff2050 to remote] DEBUG org.asynchttpclient.netty.request.NettyRequestSender - Using pooled Channel '[id: 0x7d21746b, L:/127.0.0.1:55379 - R:localhost/127.0.0.1:21510]' for 'GET' to 'http://localhost:21510/session/b3ee09a452079293e2681d51dbff2050/screenshot'
10:40:17.132 [Forwarding screenshot on session b3ee09a452079293e2681d51dbff2050 to remote] DEBUG org.asynchttpclient.netty.request.NettyRequestSender - Using open Channel [id: 0x7d21746b, L:/127.0.0.1:55379 - R:localhost/127.0.0.1:21510] for GET '/session/b3ee09a452079293e2681d51dbff2050/screenshot'
10:40:17.264 [AsyncHttpClient-1-26] DEBUG org.asynchttpclient.netty.handler.HttpHandler - 

Request DefaultFullHttpRequest(decodeResult: success, version: HTTP/1.1, content: EmptyByteBufBE)
GET /session/b3ee09a452079293e2681d51dbff2050/screenshot HTTP/1.1
User-Agent: selenium/4.8.1 (java windows)
Cache-Control: no-cache
Content-Type: application/json; charset=utf-8
host: localhost:21510
accept: */*

Response DefaultHttpResponse(decodeResult: success, version: HTTP/1.1)
HTTP/1.1 200 OK
Content-Length: 28996
Content-Type: application/json; charset=utf-8
cache-control: no-cache

10:40:17.265 [AsyncHttpClient-1-26] DEBUG org.asynchttpclient.netty.channel.ChannelManager - Adding key: http://localhost:21510 for channel [id: 0x7d21746b, L:/127.0.0.1:55379 - R:localhost/127.0.0.1:21510]
10:40:17.265 [main] DEBUG net.serenitybdd.core.photography.Darkroom - Send negative for processing for target\site\serenity\68ab375b4501048b952a069bed552d6c82c266c873cc91fbc267cfd2f6cc743b.png
10:40:17.266 [main] DEBUG net.thucydides.core.steps.StepInterceptor - STEP DONE: inputEmail
  &amp#27;[32mAnd &amp#27;[0m&amp#27;[32mI enter invalid email&amp#27;[0m              &amp#27;[90m# starter.stepdefinitions.LoginSteps.inputIncnvalidEmail()&amp#27;[0m
10:40:17.266 [Darkroom Processing Line] DEBUG net.serenitybdd.core.photography.DarkroomProcessingLine - Processing screenshot image in /var/screenshots/screenshot-11341672329877407229
10:40:17.266 [Darkroom Processing Line] DEBUG net.serenitybdd.core.photography.DarkroomProcessingLine - Saving screenshot to target\site\serenity\68ab375b4501048b952a069bed552d6c82c266c873cc91fbc267cfd2f6cc743b.png
10:40:17.272 [Forwarding getPageSource on session b3ee09a452079293e2681d51dbff2050 to remote] DEBUG org.asynchttpclient.netty.request.NettyRequestSender - Using pooled Channel '[id: 0x7d21746b, L:/127.0.0.1:55379 - R:localhost/127.0.0.1:21510]' for 'POST' to 'http://localhost:21510/session/b3ee09a452079293e2681d51dbff2050/execute/sync'
10:40:17.272 [Forwarding getPageSource on session b3ee09a452079293e2681d51dbff2050 to remote] DEBUG org.asynchttpclient.netty.request.NettyRequestSender - Using open Channel [id: 0x7d21746b, L:/127.0.0.1:55379 - R:localhost/127.0.0.1:21510] for POST '/session/b3ee09a452079293e2681d51dbff2050/execute/sync'
10:40:17.275 [AsyncHttpClient-1-26] DEBUG org.asynchttpclient.netty.handler.HttpHandler - 

Request DefaultHttpRequest(decodeResult: success, version: HTTP/1.1)
POST /session/b3ee09a452079293e2681d51dbff2050/execute/sync HTTP/1.1
User-Agent: selenium/4.8.1 (java windows)
Content-Length: 176
Content-Type: application/json; charset=utf-8
host: localhost:21510
accept: */*

Response DefaultHttpResponse(decodeResult: success, version: HTTP/1.1)
HTTP/1.1 200 OK
Content-Length: 21780
Content-Type: application/json; charset=utf-8
cache-control: no-cache

10:40:17.275 [AsyncHttpClient-1-26] DEBUG org.asynchttpclient.netty.channel.ChannelManager - Adding key: http://localhost:21510 for channel [id: 0x7d21746b, L:/127.0.0.1:55379 - R:localhost/127.0.0.1:21510]
10:40:17.276 [Forwarding getCurrentUrl on session b3ee09a452079293e2681d51dbff2050 to remote] DEBUG org.asynchttpclient.netty.request.NettyRequestSender - Using pooled Channel '[id: 0x7d21746b, L:/127.0.0.1:55379 - R:localhost/127.0.0.1:21510]' for 'GET' to 'http://localhost:21510/session/b3ee09a452079293e2681d51dbff2050/url'
10:40:17.276 [Forwarding getCurrentUrl on session b3ee09a452079293e2681d51dbff2050 to remote] DEBUG org.asynchttpclient.netty.request.NettyRequestSender - Using open Channel [id: 0x7d21746b, L:/127.0.0.1:55379 - R:localhost/127.0.0.1:21510] for GET '/session/b3ee09a452079293e2681d51dbff2050/url'
10:40:17.279 [AsyncHttpClient-1-26] DEBUG org.asynchttpclient.netty.handler.HttpHandler - 

Request DefaultFullHttpRequest(decodeResult: success, version: HTTP/1.1, content: EmptyByteBufBE)
GET /session/b3ee09a452079293e2681d51dbff2050/url HTTP/1.1
User-Agent: selenium/4.8.1 (java windows)
Cache-Control: no-cache
Content-Type: application/json; charset=utf-8
host: localhost:21510
accept: */*

Response DefaultHttpResponse(decodeResult: success, version: HTTP/1.1)
HTTP/1.1 200 OK
Content-Length: 51
Content-Type: application/json; charset=utf-8
cache-control: no-cache

10:40:17.279 [AsyncHttpClient-1-26] DEBUG org.asynchttpclient.netty.channel.ChannelManager - Adding key: http://localhost:21510 for channel [id: 0x7d21746b, L:/127.0.0.1:55379 - R:localhost/127.0.0.1:21510]
10:40:17.284 [Forwarding getPageSource on session b3ee09a452079293e2681d51dbff2050 to remote] DEBUG org.asynchttpclient.netty.request.NettyRequestSender - Using pooled Channel '[id: 0x7d21746b, L:/127.0.0.1:55379 - R:localhost/127.0.0.1:21510]' for 'POST' to 'http://localhost:21510/session/b3ee09a452079293e2681d51dbff2050/execute/sync'
10:40:17.284 [Forwarding getPageSource on session b3ee09a452079293e2681d51dbff2050 to remote] DEBUG org.asynchttpclient.netty.request.NettyRequestSender - Using open Channel [id: 0x7d21746b, L:/127.0.0.1:55379 - R:localhost/127.0.0.1:21510] for POST '/session/b3ee09a452079293e2681d51dbff2050/execute/sync'
10:40:17.287 [AsyncHttpClient-1-26] DEBUG org.asynchttpclient.netty.handler.HttpHandler - 

Request DefaultHttpRequest(decodeResult: success, version: HTTP/1.1)
POST /session/b3ee09a452079293e2681d51dbff2050/execute/sync HTTP/1.1
User-Agent: selenium/4.8.1 (java windows)
Content-Length: 176
Content-Type: application/json; charset=utf-8
host: localhost:21510
accept: */*

Response DefaultHttpResponse(decodeResult: success, version: HTTP/1.1)
HTTP/1.1 200 OK
Content-Length: 21780
Content-Type: application/json; charset=utf-8
cache-control: no-cache

10:40:17.287 [AsyncHttpClient-1-26] DEBUG org.asynchttpclient.netty.channel.ChannelManager - Adding key: http://localhost:21510 for channel [id: 0x7d21746b, L:/127.0.0.1:55379 - R:localhost/127.0.0.1:21510]
10:40:17.288 [Forwarding getCurrentUrl on session b3ee09a452079293e2681d51dbff2050 to remote] DEBUG org.asynchttpclient.netty.request.NettyRequestSender - Using pooled Channel '[id: 0x7d21746b, L:/127.0.0.1:55379 - R:localhost/127.0.0.1:21510]' for 'GET' to 'http://localhost:21510/session/b3ee09a452079293e2681d51dbff2050/url'
10:40:17.288 [Forwarding getCurrentUrl on session b3ee09a452079293e2681d51dbff2050 to remote] DEBUG org.asynchttpclient.netty.request.NettyRequestSender - Using open Channel [id: 0x7d21746b, L:/127.0.0.1:55379 - R:localhost/127.0.0.1:21510] for GET '/session/b3ee09a452079293e2681d51dbff2050/url'
10:40:17.291 [AsyncHttpClient-1-26] DEBUG org.asynchttpclient.netty.handler.HttpHandler - 

Request DefaultFullHttpRequest(decodeResult: success, version: HTTP/1.1, content: EmptyByteBufBE)
GET /session/b3ee09a452079293e2681d51dbff2050/url HTTP/1.1
User-Agent: selenium/4.8.1 (java windows)
Cache-Control: no-cache
Content-Type: application/json; charset=utf-8
host: localhost:21510
accept: */*

Response DefaultHttpResponse(decodeResult: success, version: HTTP/1.1)
HTTP/1.1 200 OK
Content-Length: 51
Content-Type: application/json; charset=utf-8
cache-control: no-cache

10:40:17.291 [AsyncHttpClient-1-26] DEBUG org.asynchttpclient.netty.channel.ChannelManager - Adding key: http://localhost:21510 for channel [id: 0x7d21746b, L:/127.0.0.1:55379 - R:localhost/127.0.0.1:21510]
10:40:17.293 [main] DEBUG net.thucydides.core.steps.StepInterceptor - STARTING STEP: LoginSteps.inputPassword - inputPassword
10:40:17.294 [Forwarding findElement on session b3ee09a452079293e2681d51dbff2050 to remote] DEBUG org.asynchttpclient.netty.request.NettyRequestSender - Using pooled Channel '[id: 0x7d21746b, L:/127.0.0.1:55379 - R:localhost/127.0.0.1:21510]' for 'POST' to 'http://localhost:21510/session/b3ee09a452079293e2681d51dbff2050/element'
10:40:17.294 [Forwarding findElement on session b3ee09a452079293e2681d51dbff2050 to remote] DEBUG org.asynchttpclient.netty.request.NettyRequestSender - Using open Channel [id: 0x7d21746b, L:/127.0.0.1:55379 - R:localhost/127.0.0.1:21510] for POST '/session/b3ee09a452079293e2681d51dbff2050/element'
10:40:17.301 [AsyncHttpClient-1-26] DEBUG org.asynchttpclient.netty.handler.HttpHandler - 

Request DefaultHttpRequest(decodeResult: success, version: HTTP/1.1)
POST /session/b3ee09a452079293e2681d51dbff2050/element HTTP/1.1
User-Agent: selenium/4.8.1 (java windows)
Content-Length: 55
Content-Type: application/json; charset=utf-8
host: localhost:21510
accept: */*

Response DefaultHttpResponse(decodeResult: success, version: HTTP/1.1)
HTTP/1.1 200 OK
Content-Length: 88
Content-Type: application/json; charset=utf-8
cache-control: no-cache

10:40:17.301 [AsyncHttpClient-1-26] DEBUG org.asynchttpclient.netty.channel.ChannelManager - Adding key: http://localhost:21510 for channel [id: 0x7d21746b, L:/127.0.0.1:55379 - R:localhost/127.0.0.1:21510]
10:40:17.302 [Forwarding clearElement on session b3ee09a452079293e2681d51dbff2050 to remote] DEBUG org.asynchttpclient.netty.request.NettyRequestSender - Using pooled Channel '[id: 0x7d21746b, L:/127.0.0.1:55379 - R:localhost/127.0.0.1:21510]' for 'POST' to 'http://localhost:21510/session/b3ee09a452079293e2681d51dbff2050/element/9b55a0c6-9f2f-4a07-bbfc-b7bcf0a373a1/clear'
10:40:17.302 [Forwarding clearElement on session b3ee09a452079293e2681d51dbff2050 to remote] DEBUG org.asynchttpclient.netty.request.NettyRequestSender - Using open Channel [id: 0x7d21746b, L:/127.0.0.1:55379 - R:localhost/127.0.0.1:21510] for POST '/session/b3ee09a452079293e2681d51dbff2050/element/9b55a0c6-9f2f-4a07-bbfc-b7bcf0a373a1/clear'
10:40:17.326 [AsyncHttpClient-1-26] DEBUG org.asynchttpclient.netty.handler.HttpHandler - 

Request DefaultHttpRequest(decodeResult: success, version: HTTP/1.1)
POST /session/b3ee09a452079293e2681d51dbff2050/element/9b55a0c6-9f2f-4a07-bbfc-b7bcf0a373a1/clear HTTP/1.1
User-Agent: selenium/4.8.1 (java windows)
Content-Length: 50
Content-Type: application/json; charset=utf-8
host: localhost:21510
accept: */*

Response DefaultHttpResponse(decodeResult: success, version: HTTP/1.1)
HTTP/1.1 200 OK
Content-Length: 14
Content-Type: application/json; charset=utf-8
cache-control: no-cache

10:40:17.326 [AsyncHttpClient-1-26] DEBUG org.asynchttpclient.netty.channel.ChannelManager - Adding key: http://localhost:21510 for channel [id: 0x7d21746b, L:/127.0.0.1:55379 - R:localhost/127.0.0.1:21510]
10:40:17.327 [Forwarding sendKeysToElement on session b3ee09a452079293e2681d51dbff2050 to remote] DEBUG org.asynchttpclient.netty.request.NettyRequestSender - Using pooled Channel '[id: 0x7d21746b, L:/127.0.0.1:55379 - R:localhost/127.0.0.1:21510]' for 'POST' to 'http://localhost:21510/session/b3ee09a452079293e2681d51dbff2050/element/9b55a0c6-9f2f-4a07-bbfc-b7bcf0a373a1/value'
10:40:17.327 [Forwarding sendKeysToElement on session b3ee09a452079293e2681d51dbff2050 to remote] DEBUG org.asynchttpclient.netty.request.NettyRequestSender - Using open Channel [id: 0x7d21746b, L:/127.0.0.1:55379 - R:localhost/127.0.0.1:21510] for POST '/session/b3ee09a452079293e2681d51dbff2050/element/9b55a0c6-9f2f-4a07-bbfc-b7bcf0a373a1/value'
10:40:17.373 [AsyncHttpClient-1-26] DEBUG org.asynchttpclient.netty.handler.HttpHandler - 

Request DefaultHttpRequest(decodeResult: success, version: HTTP/1.1)
POST /session/b3ee09a452079293e2681d51dbff2050/element/9b55a0c6-9f2f-4a07-bbfc-b7bcf0a373a1/value HTTP/1.1
User-Agent: selenium/4.8.1 (java windows)
Content-Length: 141
Content-Type: application/json; charset=utf-8
host: localhost:21510
accept: */*

Response DefaultHttpResponse(decodeResult: success, version: HTTP/1.1)
HTTP/1.1 200 OK
Content-Length: 14
Content-Type: application/json; charset=utf-8
cache-control: no-cache

10:40:17.373 [AsyncHttpClient-1-26] DEBUG org.asynchttpclient.netty.channel.ChannelManager - Adding key: http://localhost:21510 for channel [id: 0x7d21746b, L:/127.0.0.1:55379 - R:localhost/127.0.0.1:21510]
10:40:17.376 [Forwarding getAlertText on session b3ee09a452079293e2681d51dbff2050 to remote] DEBUG org.asynchttpclient.netty.request.NettyRequestSender - Using pooled Channel '[id: 0x7d21746b, L:/127.0.0.1:55379 - R:localhost/127.0.0.1:21510]' for 'GET' to 'http://localhost:21510/session/b3ee09a452079293e2681d51dbff2050/alert/text'
10:40:17.377 [Forwarding getAlertText on session b3ee09a452079293e2681d51dbff2050 to remote] DEBUG org.asynchttpclient.netty.request.NettyRequestSender - Using open Channel [id: 0x7d21746b, L:/127.0.0.1:55379 - R:localhost/127.0.0.1:21510] for GET '/session/b3ee09a452079293e2681d51dbff2050/alert/text'
10:40:17.377 [AsyncHttpClient-1-26] DEBUG org.asynchttpclient.netty.handler.HttpHandler - 

Request DefaultFullHttpRequest(decodeResult: success, version: HTTP/1.1, content: EmptyByteBufBE)
GET /session/b3ee09a452079293e2681d51dbff2050/alert/text HTTP/1.1
User-Agent: selenium/4.8.1 (java windows)
Cache-Control: no-cache
Content-Type: application/json; charset=utf-8
host: localhost:21510
accept: */*

Response DefaultHttpResponse(decodeResult: success, version: HTTP/1.1)
HTTP/1.1 404 Not Found
Content-Length: 836
Content-Type: application/json; charset=utf-8
cache-control: no-cache

10:40:17.378 [AsyncHttpClient-1-26] DEBUG org.asynchttpclient.netty.channel.ChannelManager - Adding key: http://localhost:21510 for channel [id: 0x7d21746b, L:/127.0.0.1:55379 - R:localhost/127.0.0.1:21510]
10:40:17.378 [Forwarding getCurrentUrl on session b3ee09a452079293e2681d51dbff2050 to remote] DEBUG org.asynchttpclient.netty.request.NettyRequestSender - Using pooled Channel '[id: 0x7d21746b, L:/127.0.0.1:55379 - R:localhost/127.0.0.1:21510]' for 'GET' to 'http://localhost:21510/session/b3ee09a452079293e2681d51dbff2050/url'
10:40:17.378 [Forwarding getCurrentUrl on session b3ee09a452079293e2681d51dbff2050 to remote] DEBUG org.asynchttpclient.netty.request.NettyRequestSender - Using open Channel [id: 0x7d21746b, L:/127.0.0.1:55379 - R:localhost/127.0.0.1:21510] for GET '/session/b3ee09a452079293e2681d51dbff2050/url'
10:40:17.382 [AsyncHttpClient-1-26] DEBUG org.asynchttpclient.netty.handler.HttpHandler - 

Request DefaultFullHttpRequest(decodeResult: success, version: HTTP/1.1, content: EmptyByteBufBE)
GET /session/b3ee09a452079293e2681d51dbff2050/url HTTP/1.1
User-Agent: selenium/4.8.1 (java windows)
Cache-Control: no-cache
Content-Type: application/json; charset=utf-8
host: localhost:21510
accept: */*

Response DefaultHttpResponse(decodeResult: success, version: HTTP/1.1)
HTTP/1.1 200 OK
Content-Length: 51
Content-Type: application/json; charset=utf-8
cache-control: no-cache

10:40:17.382 [AsyncHttpClient-1-26] DEBUG org.asynchttpclient.netty.channel.ChannelManager - Adding key: http://localhost:21510 for channel [id: 0x7d21746b, L:/127.0.0.1:55379 - R:localhost/127.0.0.1:21510]
10:40:17.382 [Forwarding screenshot on session b3ee09a452079293e2681d51dbff2050 to remote] DEBUG org.asynchttpclient.netty.request.NettyRequestSender - Using pooled Channel '[id: 0x7d21746b, L:/127.0.0.1:55379 - R:localhost/127.0.0.1:21510]' for 'GET' to 'http://localhost:21510/session/b3ee09a452079293e2681d51dbff2050/screenshot'
10:40:17.382 [Forwarding screenshot on session b3ee09a452079293e2681d51dbff2050 to remote] DEBUG org.asynchttpclient.netty.request.NettyRequestSender - Using open Channel [id: 0x7d21746b, L:/127.0.0.1:55379 - R:localhost/127.0.0.1:21510] for GET '/session/b3ee09a452079293e2681d51dbff2050/screenshot'
10:40:17.467 [AsyncHttpClient-1-26] DEBUG org.asynchttpclient.netty.handler.HttpHandler - 

Request DefaultFullHttpRequest(decodeResult: success, version: HTTP/1.1, content: EmptyByteBufBE)
GET /session/b3ee09a452079293e2681d51dbff2050/screenshot HTTP/1.1
User-Agent: selenium/4.8.1 (java windows)
Cache-Control: no-cache
Content-Type: application/json; charset=utf-8
host: localhost:21510
accept: */*

Response DefaultHttpResponse(decodeResult: success, version: HTTP/1.1)
HTTP/1.1 200 OK
Content-Length: 29756
Content-Type: application/json; charset=utf-8
cache-control: no-cache

10:40:17.467 [AsyncHttpClient-1-26] DEBUG org.asynchttpclient.netty.channel.ChannelManager - Adding key: http://localhost:21510 for channel [id: 0x7d21746b, L:/127.0.0.1:55379 - R:localhost/127.0.0.1:21510]
10:40:17.468 [main] DEBUG net.serenitybdd.core.photography.Darkroom - Send negative for processing for target\site\serenity\934a0cd137dd0ab5ce58ad6f6aa772e89da27f40e030adb6e33b4965443b048f.png
10:40:17.468 [main] DEBUG net.thucydides.core.steps.StepInterceptor - STEP DONE: inputPassword
  &amp#27;[32mAnd &amp#27;[0m&amp#27;[32mI enter correct password&amp#27;[0m           &amp#27;[90m# starter.stepdefinitions.LoginSteps.inputPassword()&amp#27;[0m
10:40:17.468 [Darkroom Processing Line] DEBUG net.serenitybdd.core.photography.DarkroomProcessingLine - Processing screenshot image in /var/screenshots/screenshot-2115240450040526657
10:40:17.468 [Darkroom Processing Line] DEBUG net.serenitybdd.core.photography.DarkroomProcessingLine - Saving screenshot to target\site\serenity\934a0cd137dd0ab5ce58ad6f6aa772e89da27f40e030adb6e33b4965443b048f.png
10:40:17.474 [Forwarding getPageSource on session b3ee09a452079293e2681d51dbff2050 to remote] DEBUG org.asynchttpclient.netty.request.NettyRequestSender - Using pooled Channel '[id: 0x7d21746b, L:/127.0.0.1:55379 - R:localhost/127.0.0.1:21510]' for 'POST' to 'http://localhost:21510/session/b3ee09a452079293e2681d51dbff2050/execute/sync'
10:40:17.474 [Forwarding getPageSource on session b3ee09a452079293e2681d51dbff2050 to remote] DEBUG org.asynchttpclient.netty.request.NettyRequestSender - Using open Channel [id: 0x7d21746b, L:/127.0.0.1:55379 - R:localhost/127.0.0.1:21510] for POST '/session/b3ee09a452079293e2681d51dbff2050/execute/sync'
10:40:17.479 [AsyncHttpClient-1-26] DEBUG org.asynchttpclient.netty.handler.HttpHandler - 

Request DefaultHttpRequest(decodeResult: success, version: HTTP/1.1)
POST /session/b3ee09a452079293e2681d51dbff2050/execute/sync HTTP/1.1
User-Agent: selenium/4.8.1 (java windows)
Content-Length: 176
Content-Type: application/json; charset=utf-8
host: localhost:21510
accept: */*

Response DefaultHttpResponse(decodeResult: success, version: HTTP/1.1)
HTTP/1.1 200 OK
Content-Length: 21839
Content-Type: application/json; charset=utf-8
cache-control: no-cache

10:40:17.479 [AsyncHttpClient-1-26] DEBUG org.asynchttpclient.netty.channel.ChannelManager - Adding key: http://localhost:21510 for channel [id: 0x7d21746b, L:/127.0.0.1:55379 - R:localhost/127.0.0.1:21510]
10:40:17.480 [Forwarding getCurrentUrl on session b3ee09a452079293e2681d51dbff2050 to remote] DEBUG org.asynchttpclient.netty.request.NettyRequestSender - Using pooled Channel '[id: 0x7d21746b, L:/127.0.0.1:55379 - R:localhost/127.0.0.1:21510]' for 'GET' to 'http://localhost:21510/session/b3ee09a452079293e2681d51dbff2050/url'
10:40:17.480 [Forwarding getCurrentUrl on session b3ee09a452079293e2681d51dbff2050 to remote] DEBUG org.asynchttpclient.netty.request.NettyRequestSender - Using open Channel [id: 0x7d21746b, L:/127.0.0.1:55379 - R:localhost/127.0.0.1:21510] for GET '/session/b3ee09a452079293e2681d51dbff2050/url'
10:40:17.483 [AsyncHttpClient-1-26] DEBUG org.asynchttpclient.netty.handler.HttpHandler - 

Request DefaultFullHttpRequest(decodeResult: success, version: HTTP/1.1, content: EmptyByteBufBE)
GET /session/b3ee09a452079293e2681d51dbff2050/url HTTP/1.1
User-Agent: selenium/4.8.1 (java windows)
Cache-Control: no-cache
Content-Type: application/json; charset=utf-8
host: localhost:21510
accept: */*

Response DefaultHttpResponse(decodeResult: success, version: HTTP/1.1)
HTTP/1.1 200 OK
Content-Length: 51
Content-Type: application/json; charset=utf-8
cache-control: no-cache

10:40:17.483 [AsyncHttpClient-1-26] DEBUG org.asynchttpclient.netty.channel.ChannelManager - Adding key: http://localhost:21510 for channel [id: 0x7d21746b, L:/127.0.0.1:55379 - R:localhost/127.0.0.1:21510]
10:40:17.488 [Forwarding getPageSource on session b3ee09a452079293e2681d51dbff2050 to remote] DEBUG org.asynchttpclient.netty.request.NettyRequestSender - Using pooled Channel '[id: 0x7d21746b, L:/127.0.0.1:55379 - R:localhost/127.0.0.1:21510]' for 'POST' to 'http://localhost:21510/session/b3ee09a452079293e2681d51dbff2050/execute/sync'
10:40:17.488 [Forwarding getPageSource on session b3ee09a452079293e2681d51dbff2050 to remote] DEBUG org.asynchttpclient.netty.request.NettyRequestSender - Using open Channel [id: 0x7d21746b, L:/127.0.0.1:55379 - R:localhost/127.0.0.1:21510] for POST '/session/b3ee09a452079293e2681d51dbff2050/execute/sync'
10:40:17.493 [AsyncHttpClient-1-26] DEBUG org.asynchttpclient.netty.handler.HttpHandler - 

Request DefaultHttpRequest(decodeResult: success, version: HTTP/1.1)
POST /session/b3ee09a452079293e2681d51dbff2050/execute/sync HTTP/1.1
User-Agent: selenium/4.8.1 (java windows)
Content-Length: 176
Content-Type: application/json; charset=utf-8
host: localhost:21510
accept: */*

Response DefaultHttpResponse(decodeResult: success, version: HTTP/1.1)
HTTP/1.1 200 OK
Content-Length: 21839
Content-Type: application/json; charset=utf-8
cache-control: no-cache

10:40:17.493 [AsyncHttpClient-1-26] DEBUG org.asynchttpclient.netty.channel.ChannelManager - Adding key: http://localhost:21510 for channel [id: 0x7d21746b, L:/127.0.0.1:55379 - R:localhost/127.0.0.1:21510]
10:40:17.495 [Forwarding getCurrentUrl on session b3ee09a452079293e2681d51dbff2050 to remote] DEBUG org.asynchttpclient.netty.request.NettyRequestSender - Using pooled Channel '[id: 0x7d21746b, L:/127.0.0.1:55379 - R:localhost/127.0.0.1:21510]' for 'GET' to 'http://localhost:21510/session/b3ee09a452079293e2681d51dbff2050/url'
10:40:17.495 [Forwarding getCurrentUrl on session b3ee09a452079293e2681d51dbff2050 to remote] DEBUG org.asynchttpclient.netty.request.NettyRequestSender - Using open Channel [id: 0x7d21746b, L:/127.0.0.1:55379 - R:localhost/127.0.0.1:21510] for GET '/session/b3ee09a452079293e2681d51dbff2050/url'
10:40:17.497 [AsyncHttpClient-1-26] DEBUG org.asynchttpclient.netty.handler.HttpHandler - 

Request DefaultFullHttpRequest(decodeResult: success, version: HTTP/1.1, content: EmptyByteBufBE)
GET /session/b3ee09a452079293e2681d51dbff2050/url HTTP/1.1
User-Agent: selenium/4.8.1 (java windows)
Cache-Control: no-cache
Content-Type: application/json; charset=utf-8
host: localhost:21510
accept: */*

Response DefaultHttpResponse(decodeResult: success, version: HTTP/1.1)
HTTP/1.1 200 OK
Content-Length: 51
Content-Type: application/json; charset=utf-8
cache-control: no-cache

10:40:17.497 [AsyncHttpClient-1-26] DEBUG org.asynchttpclient.netty.channel.ChannelManager - Adding key: http://localhost:21510 for channel [id: 0x7d21746b, L:/127.0.0.1:55379 - R:localhost/127.0.0.1:21510]
10:40:17.499 [main] DEBUG net.thucydides.core.steps.StepInterceptor - STARTING STEP: LoginSteps.clickLoginButton - clickLoginButton
10:40:17.500 [Forwarding findElement on session b3ee09a452079293e2681d51dbff2050 to remote] DEBUG org.asynchttpclient.netty.request.NettyRequestSender - Using pooled Channel '[id: 0x7d21746b, L:/127.0.0.1:55379 - R:localhost/127.0.0.1:21510]' for 'POST' to 'http://localhost:21510/session/b3ee09a452079293e2681d51dbff2050/element'
10:40:17.500 [Forwarding findElement on session b3ee09a452079293e2681d51dbff2050 to remote] DEBUG org.asynchttpclient.netty.request.NettyRequestSender - Using open Channel [id: 0x7d21746b, L:/127.0.0.1:55379 - R:localhost/127.0.0.1:21510] for POST '/session/b3ee09a452079293e2681d51dbff2050/element'
10:40:17.509 [AsyncHttpClient-1-26] DEBUG org.asynchttpclient.netty.handler.HttpHandler - 

Request DefaultHttpRequest(decodeResult: success, version: HTTP/1.1)
POST /session/b3ee09a452079293e2681d51dbff2050/element HTTP/1.1
User-Agent: selenium/4.8.1 (java windows)
Content-Length: 71
Content-Type: application/json; charset=utf-8
host: localhost:21510
accept: */*

Response DefaultHttpResponse(decodeResult: success, version: HTTP/1.1)
HTTP/1.1 200 OK
Content-Length: 88
Content-Type: application/json; charset=utf-8
cache-control: no-cache

10:40:17.510 [AsyncHttpClient-1-26] DEBUG org.asynchttpclient.netty.channel.ChannelManager - Adding key: http://localhost:21510 for channel [id: 0x7d21746b, L:/127.0.0.1:55379 - R:localhost/127.0.0.1:21510]
10:40:17.510 [Forwarding getElementTagName on session b3ee09a452079293e2681d51dbff2050 to remote] DEBUG org.asynchttpclient.netty.request.NettyRequestSender - Using pooled Channel '[id: 0x7d21746b, L:/127.0.0.1:55379 - R:localhost/127.0.0.1:21510]' for 'GET' to 'http://localhost:21510/session/b3ee09a452079293e2681d51dbff2050/element/acda2c28-ca7d-45ed-8e36-7849fe882ab4/name'
10:40:17.510 [Forwarding getElementTagName on session b3ee09a452079293e2681d51dbff2050 to remote] DEBUG org.asynchttpclient.netty.request.NettyRequestSender - Using open Channel [id: 0x7d21746b, L:/127.0.0.1:55379 - R:localhost/127.0.0.1:21510] for GET '/session/b3ee09a452079293e2681d51dbff2050/element/acda2c28-ca7d-45ed-8e36-7849fe882ab4/name'
10:40:17.514 [AsyncHttpClient-1-26] DEBUG org.asynchttpclient.netty.handler.HttpHandler - 

Request DefaultFullHttpRequest(decodeResult: success, version: HTTP/1.1, content: EmptyByteBufBE)
GET /session/b3ee09a452079293e2681d51dbff2050/element/acda2c28-ca7d-45ed-8e36-7849fe882ab4/name HTTP/1.1
User-Agent: selenium/4.8.1 (java windows)
Cache-Control: no-cache
Content-Type: application/json; charset=utf-8
host: localhost:21510
accept: */*

Response DefaultHttpResponse(decodeResult: success, version: HTTP/1.1)
HTTP/1.1 200 OK
Content-Length: 18
Content-Type: application/json; charset=utf-8
cache-control: no-cache

10:40:17.514 [AsyncHttpClient-1-26] DEBUG org.asynchttpclient.netty.channel.ChannelManager - Adding key: http://localhost:21510 for channel [id: 0x7d21746b, L:/127.0.0.1:55379 - R:localhost/127.0.0.1:21510]
10:40:17.515 [Forwarding getElementTagName on session b3ee09a452079293e2681d51dbff2050 to remote] DEBUG org.asynchttpclient.netty.request.NettyRequestSender - Using pooled Channel '[id: 0x7d21746b, L:/127.0.0.1:55379 - R:localhost/127.0.0.1:21510]' for 'GET' to 'http://localhost:21510/session/b3ee09a452079293e2681d51dbff2050/element/acda2c28-ca7d-45ed-8e36-7849fe882ab4/name'
10:40:17.515 [Forwarding getElementTagName on session b3ee09a452079293e2681d51dbff2050 to remote] DEBUG org.asynchttpclient.netty.request.NettyRequestSender - Using open Channel [id: 0x7d21746b, L:/127.0.0.1:55379 - R:localhost/127.0.0.1:21510] for GET '/session/b3ee09a452079293e2681d51dbff2050/element/acda2c28-ca7d-45ed-8e36-7849fe882ab4/name'
10:40:17.517 [AsyncHttpClient-1-26] DEBUG org.asynchttpclient.netty.handler.HttpHandler - 

Request DefaultFullHttpRequest(decodeResult: success, version: HTTP/1.1, content: EmptyByteBufBE)
GET /session/b3ee09a452079293e2681d51dbff2050/element/acda2c28-ca7d-45ed-8e36-7849fe882ab4/name HTTP/1.1
User-Agent: selenium/4.8.1 (java windows)
Cache-Control: no-cache
Content-Type: application/json; charset=utf-8
host: localhost:21510
accept: */*

Response DefaultHttpResponse(decodeResult: success, version: HTTP/1.1)
HTTP/1.1 200 OK
Content-Length: 18
Content-Type: application/json; charset=utf-8
cache-control: no-cache

10:40:17.517 [AsyncHttpClient-1-26] DEBUG org.asynchttpclient.netty.channel.ChannelManager - Adding key: http://localhost:21510 for channel [id: 0x7d21746b, L:/127.0.0.1:55379 - R:localhost/127.0.0.1:21510]
10:40:17.519 [Forwarding isElementEnabled on session b3ee09a452079293e2681d51dbff2050 to remote] DEBUG org.asynchttpclient.netty.request.NettyRequestSender - Using pooled Channel '[id: 0x7d21746b, L:/127.0.0.1:55379 - R:localhost/127.0.0.1:21510]' for 'GET' to 'http://localhost:21510/session/b3ee09a452079293e2681d51dbff2050/element/acda2c28-ca7d-45ed-8e36-7849fe882ab4/enabled'
10:40:17.519 [Forwarding isElementEnabled on session b3ee09a452079293e2681d51dbff2050 to remote] DEBUG org.asynchttpclient.netty.request.NettyRequestSender - Using open Channel [id: 0x7d21746b, L:/127.0.0.1:55379 - R:localhost/127.0.0.1:21510] for GET '/session/b3ee09a452079293e2681d51dbff2050/element/acda2c28-ca7d-45ed-8e36-7849fe882ab4/enabled'
10:40:17.525 [AsyncHttpClient-1-26] DEBUG org.asynchttpclient.netty.handler.HttpHandler - 

Request DefaultFullHttpRequest(decodeResult: success, version: HTTP/1.1, content: EmptyByteBufBE)
GET /session/b3ee09a452079293e2681d51dbff2050/element/acda2c28-ca7d-45ed-8e36-7849fe882ab4/enabled HTTP/1.1
User-Agent: selenium/4.8.1 (java windows)
Cache-Control: no-cache
Content-Type: application/json; charset=utf-8
host: localhost:21510
accept: */*

Response DefaultHttpResponse(decodeResult: success, version: HTTP/1.1)
HTTP/1.1 200 OK
Content-Length: 14
Content-Type: application/json; charset=utf-8
cache-control: no-cache

10:40:17.525 [AsyncHttpClient-1-26] DEBUG org.asynchttpclient.netty.channel.ChannelManager - Adding key: http://localhost:21510 for channel [id: 0x7d21746b, L:/127.0.0.1:55379 - R:localhost/127.0.0.1:21510]
10:40:17.526 [Forwarding isElementEnabled on session b3ee09a452079293e2681d51dbff2050 to remote] DEBUG org.asynchttpclient.netty.request.NettyRequestSender - Using pooled Channel '[id: 0x7d21746b, L:/127.0.0.1:55379 - R:localhost/127.0.0.1:21510]' for 'GET' to 'http://localhost:21510/session/b3ee09a452079293e2681d51dbff2050/element/acda2c28-ca7d-45ed-8e36-7849fe882ab4/enabled'
10:40:17.526 [Forwarding isElementEnabled on session b3ee09a452079293e2681d51dbff2050 to remote] DEBUG org.asynchttpclient.netty.request.NettyRequestSender - Using open Channel [id: 0x7d21746b, L:/127.0.0.1:55379 - R:localhost/127.0.0.1:21510] for GET '/session/b3ee09a452079293e2681d51dbff2050/element/acda2c28-ca7d-45ed-8e36-7849fe882ab4/enabled'
10:40:17.530 [AsyncHttpClient-1-26] DEBUG org.asynchttpclient.netty.handler.HttpHandler - 

Request DefaultFullHttpRequest(decodeResult: success, version: HTTP/1.1, content: EmptyByteBufBE)
GET /session/b3ee09a452079293e2681d51dbff2050/element/acda2c28-ca7d-45ed-8e36-7849fe882ab4/enabled HTTP/1.1
User-Agent: selenium/4.8.1 (java windows)
Cache-Control: no-cache
Content-Type: application/json; charset=utf-8
host: localhost:21510
accept: */*

Response DefaultHttpResponse(decodeResult: success, version: HTTP/1.1)
HTTP/1.1 200 OK
Content-Length: 14
Content-Type: application/json; charset=utf-8
cache-control: no-cache

10:40:17.530 [AsyncHttpClient-1-26] DEBUG org.asynchttpclient.netty.channel.ChannelManager - Adding key: http://localhost:21510 for channel [id: 0x7d21746b, L:/127.0.0.1:55379 - R:localhost/127.0.0.1:21510]
10:40:17.531 [Forwarding findElement on session b3ee09a452079293e2681d51dbff2050 to remote] DEBUG org.asynchttpclient.netty.request.NettyRequestSender - Using pooled Channel '[id: 0x7d21746b, L:/127.0.0.1:55379 - R:localhost/127.0.0.1:21510]' for 'POST' to 'http://localhost:21510/session/b3ee09a452079293e2681d51dbff2050/element'
10:40:17.531 [Forwarding findElement on session b3ee09a452079293e2681d51dbff2050 to remote] DEBUG org.asynchttpclient.netty.request.NettyRequestSender - Using open Channel [id: 0x7d21746b, L:/127.0.0.1:55379 - R:localhost/127.0.0.1:21510] for POST '/session/b3ee09a452079293e2681d51dbff2050/element'
10:40:17.536 [AsyncHttpClient-1-26] DEBUG org.asynchttpclient.netty.handler.HttpHandler - 

Request DefaultHttpRequest(decodeResult: success, version: HTTP/1.1)
POST /session/b3ee09a452079293e2681d51dbff2050/element HTTP/1.1
User-Agent: selenium/4.8.1 (java windows)
Content-Length: 71
Content-Type: application/json; charset=utf-8
host: localhost:21510
accept: */*

Response DefaultHttpResponse(decodeResult: success, version: HTTP/1.1)
HTTP/1.1 200 OK
Content-Length: 88
Content-Type: application/json; charset=utf-8
cache-control: no-cache

10:40:17.536 [AsyncHttpClient-1-26] DEBUG org.asynchttpclient.netty.channel.ChannelManager - Adding key: http://localhost:21510 for channel [id: 0x7d21746b, L:/127.0.0.1:55379 - R:localhost/127.0.0.1:21510]
10:40:17.537 [Forwarding clickElement on session b3ee09a452079293e2681d51dbff2050 to remote] DEBUG org.asynchttpclient.netty.request.NettyRequestSender - Using pooled Channel '[id: 0x7d21746b, L:/127.0.0.1:55379 - R:localhost/127.0.0.1:21510]' for 'POST' to 'http://localhost:21510/session/b3ee09a452079293e2681d51dbff2050/element/acda2c28-ca7d-45ed-8e36-7849fe882ab4/click'
10:40:17.537 [Forwarding clickElement on session b3ee09a452079293e2681d51dbff2050 to remote] DEBUG org.asynchttpclient.netty.request.NettyRequestSender - Using open Channel [id: 0x7d21746b, L:/127.0.0.1:55379 - R:localhost/127.0.0.1:21510] for POST '/session/b3ee09a452079293e2681d51dbff2050/element/acda2c28-ca7d-45ed-8e36-7849fe882ab4/click'
10:40:17.571 [AsyncHttpClient-1-26] DEBUG org.asynchttpclient.netty.handler.HttpHandler - 

Request DefaultHttpRequest(decodeResult: success, version: HTTP/1.1)
POST /session/b3ee09a452079293e2681d51dbff2050/element/acda2c28-ca7d-45ed-8e36-7849fe882ab4/click HTTP/1.1
User-Agent: selenium/4.8.1 (java windows)
Content-Length: 50
Content-Type: application/json; charset=utf-8
host: localhost:21510
accept: */*

Response DefaultHttpResponse(decodeResult: success, version: HTTP/1.1)
HTTP/1.1 200 OK
Content-Length: 14
Content-Type: application/json; charset=utf-8
cache-control: no-cache

10:40:17.571 [AsyncHttpClient-1-26] DEBUG org.asynchttpclient.netty.channel.ChannelManager - Adding key: http://localhost:21510 for channel [id: 0x7d21746b, L:/127.0.0.1:55379 - R:localhost/127.0.0.1:21510]
10:40:17.575 [Forwarding getAlertText on session b3ee09a452079293e2681d51dbff2050 to remote] DEBUG org.asynchttpclient.netty.request.NettyRequestSender - Using pooled Channel '[id: 0x7d21746b, L:/127.0.0.1:55379 - R:localhost/127.0.0.1:21510]' for 'GET' to 'http://localhost:21510/session/b3ee09a452079293e2681d51dbff2050/alert/text'
10:40:17.575 [Forwarding getAlertText on session b3ee09a452079293e2681d51dbff2050 to remote] DEBUG org.asynchttpclient.netty.request.NettyRequestSender - Using open Channel [id: 0x7d21746b, L:/127.0.0.1:55379 - R:localhost/127.0.0.1:21510] for GET '/session/b3ee09a452079293e2681d51dbff2050/alert/text'
10:40:17.577 [AsyncHttpClient-1-26] DEBUG org.asynchttpclient.netty.handler.HttpHandler - 

Request DefaultFullHttpRequest(decodeResult: success, version: HTTP/1.1, content: EmptyByteBufBE)
GET /session/b3ee09a452079293e2681d51dbff2050/alert/text HTTP/1.1
User-Agent: selenium/4.8.1 (java windows)
Cache-Control: no-cache
Content-Type: application/json; charset=utf-8
host: localhost:21510
accept: */*

Response DefaultHttpResponse(decodeResult: success, version: HTTP/1.1)
HTTP/1.1 404 Not Found
Content-Length: 836
Content-Type: application/json; charset=utf-8
cache-control: no-cache

10:40:17.577 [AsyncHttpClient-1-26] DEBUG org.asynchttpclient.netty.channel.ChannelManager - Adding key: http://localhost:21510 for channel [id: 0x7d21746b, L:/127.0.0.1:55379 - R:localhost/127.0.0.1:21510]
10:40:17.578 [Forwarding getCurrentUrl on session b3ee09a452079293e2681d51dbff2050 to remote] DEBUG org.asynchttpclient.netty.request.NettyRequestSender - Using pooled Channel '[id: 0x7d21746b, L:/127.0.0.1:55379 - R:localhost/127.0.0.1:21510]' for 'GET' to 'http://localhost:21510/session/b3ee09a452079293e2681d51dbff2050/url'
10:40:17.578 [Forwarding getCurrentUrl on session b3ee09a452079293e2681d51dbff2050 to remote] DEBUG org.asynchttpclient.netty.request.NettyRequestSender - Using open Channel [id: 0x7d21746b, L:/127.0.0.1:55379 - R:localhost/127.0.0.1:21510] for GET '/session/b3ee09a452079293e2681d51dbff2050/url'
10:40:17.580 [AsyncHttpClient-1-26] DEBUG org.asynchttpclient.netty.handler.HttpHandler - 

Request DefaultFullHttpRequest(decodeResult: success, version: HTTP/1.1, content: EmptyByteBufBE)
GET /session/b3ee09a452079293e2681d51dbff2050/url HTTP/1.1
User-Agent: selenium/4.8.1 (java windows)
Cache-Control: no-cache
Content-Type: application/json; charset=utf-8
host: localhost:21510
accept: */*

Response DefaultHttpResponse(decodeResult: success, version: HTTP/1.1)
HTTP/1.1 200 OK
Content-Length: 51
Content-Type: application/json; charset=utf-8
cache-control: no-cache

10:40:17.580 [AsyncHttpClient-1-26] DEBUG org.asynchttpclient.netty.channel.ChannelManager - Adding key: http://localhost:21510 for channel [id: 0x7d21746b, L:/127.0.0.1:55379 - R:localhost/127.0.0.1:21510]
10:40:17.580 [Forwarding screenshot on session b3ee09a452079293e2681d51dbff2050 to remote] DEBUG org.asynchttpclient.netty.request.NettyRequestSender - Using pooled Channel '[id: 0x7d21746b, L:/127.0.0.1:55379 - R:localhost/127.0.0.1:21510]' for 'GET' to 'http://localhost:21510/session/b3ee09a452079293e2681d51dbff2050/screenshot'
10:40:17.580 [Forwarding screenshot on session b3ee09a452079293e2681d51dbff2050 to remote] DEBUG org.asynchttpclient.netty.request.NettyRequestSender - Using open Channel [id: 0x7d21746b, L:/127.0.0.1:55379 - R:localhost/127.0.0.1:21510] for GET '/session/b3ee09a452079293e2681d51dbff2050/screenshot'
10:40:17.604 [AsyncHttpClient-1-1] DEBUG org.asynchttpclient.netty.channel.DefaultChannelPool - Entry count for : http://localhost:55382 : 1
10:40:17.690 [AsyncHttpClient-1-26] DEBUG org.asynchttpclient.netty.handler.HttpHandler - 

Request DefaultFullHttpRequest(decodeResult: success, version: HTTP/1.1, content: EmptyByteBufBE)
GET /session/b3ee09a452079293e2681d51dbff2050/screenshot HTTP/1.1
User-Agent: selenium/4.8.1 (java windows)
Cache-Control: no-cache
Content-Type: application/json; charset=utf-8
host: localhost:21510
accept: */*

Response DefaultHttpResponse(decodeResult: success, version: HTTP/1.1)
HTTP/1.1 200 OK
Content-Length: 29400
Content-Type: application/json; charset=utf-8
cache-control: no-cache

10:40:17.690 [AsyncHttpClient-1-26] DEBUG org.asynchttpclient.netty.channel.ChannelManager - Adding key: http://localhost:21510 for channel [id: 0x7d21746b, L:/127.0.0.1:55379 - R:localhost/127.0.0.1:21510]
10:40:17.691 [main] DEBUG net.serenitybdd.core.photography.Darkroom - Send negative for processing for target\site\serenity\0c53efca93e55fd2139e7e0ab043d380c0d9a67f424aba0bb292017517dbec19.png
10:40:17.691 [main] DEBUG net.thucydides.core.steps.StepInterceptor - STEP DONE: clickLoginButton
  &amp#27;[32mWhen &amp#27;[0m&amp#27;[32mI click on the login button&amp#27;[0m       &amp#27;[90m# starter.stepdefinitions.LoginSteps.clickLoginButton()&amp#27;[0m
10:40:17.691 [Darkroom Processing Line] DEBUG net.serenitybdd.core.photography.DarkroomProcessingLine - Processing screenshot image in /var/screenshots/screenshot-12755870535328674290
10:40:17.691 [Darkroom Processing Line] DEBUG net.serenitybdd.core.photography.DarkroomProcessingLine - Saving screenshot to target\site\serenity\0c53efca93e55fd2139e7e0ab043d380c0d9a67f424aba0bb292017517dbec19.png
10:40:17.696 [Forwarding getPageSource on session b3ee09a452079293e2681d51dbff2050 to remote] DEBUG org.asynchttpclient.netty.request.NettyRequestSender - Using pooled Channel '[id: 0x7d21746b, L:/127.0.0.1:55379 - R:localhost/127.0.0.1:21510]' for 'POST' to 'http://localhost:21510/session/b3ee09a452079293e2681d51dbff2050/execute/sync'
10:40:17.696 [Forwarding getPageSource on session b3ee09a452079293e2681d51dbff2050 to remote] DEBUG org.asynchttpclient.netty.request.NettyRequestSender - Using open Channel [id: 0x7d21746b, L:/127.0.0.1:55379 - R:localhost/127.0.0.1:21510] for POST '/session/b3ee09a452079293e2681d51dbff2050/execute/sync'
10:40:17.702 [AsyncHttpClient-1-26] DEBUG org.asynchttpclient.netty.handler.HttpHandler - 

Request DefaultHttpRequest(decodeResult: success, version: HTTP/1.1)
POST /session/b3ee09a452079293e2681d51dbff2050/execute/sync HTTP/1.1
User-Agent: selenium/4.8.1 (java windows)
Content-Length: 176
Content-Type: application/json; charset=utf-8
host: localhost:21510
accept: */*

Response DefaultHttpResponse(decodeResult: success, version: HTTP/1.1)
HTTP/1.1 200 OK
Content-Length: 22119
Content-Type: application/json; charset=utf-8
cache-control: no-cache

10:40:17.702 [AsyncHttpClient-1-26] DEBUG org.asynchttpclient.netty.channel.ChannelManager - Adding key: http://localhost:21510 for channel [id: 0x7d21746b, L:/127.0.0.1:55379 - R:localhost/127.0.0.1:21510]
10:40:17.703 [Forwarding getCurrentUrl on session b3ee09a452079293e2681d51dbff2050 to remote] DEBUG org.asynchttpclient.netty.request.NettyRequestSender - Using pooled Channel '[id: 0x7d21746b, L:/127.0.0.1:55379 - R:localhost/127.0.0.1:21510]' for 'GET' to 'http://localhost:21510/session/b3ee09a452079293e2681d51dbff2050/url'
10:40:17.703 [Forwarding getCurrentUrl on session b3ee09a452079293e2681d51dbff2050 to remote] DEBUG org.asynchttpclient.netty.request.NettyRequestSender - Using open Channel [id: 0x7d21746b, L:/127.0.0.1:55379 - R:localhost/127.0.0.1:21510] for GET '/session/b3ee09a452079293e2681d51dbff2050/url'
10:40:17.707 [AsyncHttpClient-1-26] DEBUG org.asynchttpclient.netty.handler.HttpHandler - 

Request DefaultFullHttpRequest(decodeResult: success, version: HTTP/1.1, content: EmptyByteBufBE)
GET /session/b3ee09a452079293e2681d51dbff2050/url HTTP/1.1
User-Agent: selenium/4.8.1 (java windows)
Cache-Control: no-cache
Content-Type: application/json; charset=utf-8
host: localhost:21510
accept: */*

Response DefaultHttpResponse(decodeResult: success, version: HTTP/1.1)
HTTP/1.1 200 OK
Content-Length: 51
Content-Type: application/json; charset=utf-8
cache-control: no-cache

10:40:17.707 [AsyncHttpClient-1-26] DEBUG org.asynchttpclient.netty.channel.ChannelManager - Adding key: http://localhost:21510 for channel [id: 0x7d21746b, L:/127.0.0.1:55379 - R:localhost/127.0.0.1:21510]
10:40:17.712 [Forwarding getPageSource on session b3ee09a452079293e2681d51dbff2050 to remote] DEBUG org.asynchttpclient.netty.request.NettyRequestSender - Using pooled Channel '[id: 0x7d21746b, L:/127.0.0.1:55379 - R:localhost/127.0.0.1:21510]' for 'POST' to 'http://localhost:21510/session/b3ee09a452079293e2681d51dbff2050/execute/sync'
10:40:17.712 [Forwarding getPageSource on session b3ee09a452079293e2681d51dbff2050 to remote] DEBUG org.asynchttpclient.netty.request.NettyRequestSender - Using open Channel [id: 0x7d21746b, L:/127.0.0.1:55379 - R:localhost/127.0.0.1:21510] for POST '/session/b3ee09a452079293e2681d51dbff2050/execute/sync'
10:40:17.720 [AsyncHttpClient-1-26] DEBUG org.asynchttpclient.netty.handler.HttpHandler - 

Request DefaultHttpRequest(decodeResult: success, version: HTTP/1.1)
POST /session/b3ee09a452079293e2681d51dbff2050/execute/sync HTTP/1.1
User-Agent: selenium/4.8.1 (java windows)
Content-Length: 176
Content-Type: application/json; charset=utf-8
host: localhost:21510
accept: */*

Response DefaultHttpResponse(decodeResult: success, version: HTTP/1.1)
HTTP/1.1 200 OK
Content-Length: 22119
Content-Type: application/json; charset=utf-8
cache-control: no-cache

10:40:17.720 [AsyncHttpClient-1-26] DEBUG org.asynchttpclient.netty.channel.ChannelManager - Adding key: http://localhost:21510 for channel [id: 0x7d21746b, L:/127.0.0.1:55379 - R:localhost/127.0.0.1:21510]
10:40:17.725 [Forwarding getCurrentUrl on session b3ee09a452079293e2681d51dbff2050 to remote] DEBUG org.asynchttpclient.netty.request.NettyRequestSender - Using pooled Channel '[id: 0x7d21746b, L:/127.0.0.1:55379 - R:localhost/127.0.0.1:21510]' for 'GET' to 'http://localhost:21510/session/b3ee09a452079293e2681d51dbff2050/url'
10:40:17.725 [Forwarding getCurrentUrl on session b3ee09a452079293e2681d51dbff2050 to remote] DEBUG org.asynchttpclient.netty.request.NettyRequestSender - Using open Channel [id: 0x7d21746b, L:/127.0.0.1:55379 - R:localhost/127.0.0.1:21510] for GET '/session/b3ee09a452079293e2681d51dbff2050/url'
10:40:17.730 [AsyncHttpClient-1-26] DEBUG org.asynchttpclient.netty.handler.HttpHandler - 

Request DefaultFullHttpRequest(decodeResult: success, version: HTTP/1.1, content: EmptyByteBufBE)
GET /session/b3ee09a452079293e2681d51dbff2050/url HTTP/1.1
User-Agent: selenium/4.8.1 (java windows)
Cache-Control: no-cache
Content-Type: application/json; charset=utf-8
host: localhost:21510
accept: */*

Response DefaultHttpResponse(decodeResult: success, version: HTTP/1.1)
HTTP/1.1 200 OK
Content-Length: 51
Content-Type: application/json; charset=utf-8
cache-control: no-cache

10:40:17.730 [AsyncHttpClient-1-26] DEBUG org.asynchttpclient.netty.channel.ChannelManager - Adding key: http://localhost:21510 for channel [id: 0x7d21746b, L:/127.0.0.1:55379 - R:localhost/127.0.0.1:21510]
10:40:17.733 [main] DEBUG net.thucydides.core.steps.StepInterceptor - STARTING STEP: LoginSteps.alertContent - incorrectAlert
10:40:17.735 [Forwarding findElement on session b3ee09a452079293e2681d51dbff2050 to remote] DEBUG org.asynchttpclient.netty.request.NettyRequestSender - Using pooled Channel '[id: 0x7d21746b, L:/127.0.0.1:55379 - R:localhost/127.0.0.1:21510]' for 'POST' to 'http://localhost:21510/session/b3ee09a452079293e2681d51dbff2050/element'
10:40:17.735 [Forwarding findElement on session b3ee09a452079293e2681d51dbff2050 to remote] DEBUG org.asynchttpclient.netty.request.NettyRequestSender - Using open Channel [id: 0x7d21746b, L:/127.0.0.1:55379 - R:localhost/127.0.0.1:21510] for POST '/session/b3ee09a452079293e2681d51dbff2050/element'
10:40:17.748 [AsyncHttpClient-1-26] DEBUG org.asynchttpclient.netty.handler.HttpHandler - 

Request DefaultHttpRequest(decodeResult: success, version: HTTP/1.1)
POST /session/b3ee09a452079293e2681d51dbff2050/element HTTP/1.1
User-Agent: selenium/4.8.1 (java windows)
Content-Length: 54
Content-Type: application/json; charset=utf-8
host: localhost:21510
accept: */*

Response DefaultHttpResponse(decodeResult: success, version: HTTP/1.1)
HTTP/1.1 200 OK
Content-Length: 88
Content-Type: application/json; charset=utf-8
cache-control: no-cache

10:40:17.748 [AsyncHttpClient-1-26] DEBUG org.asynchttpclient.netty.channel.ChannelManager - Adding key: http://localhost:21510 for channel [id: 0x7d21746b, L:/127.0.0.1:55379 - R:localhost/127.0.0.1:21510]
10:40:17.751 [Forwarding isElementDisplayed on session b3ee09a452079293e2681d51dbff2050 to remote] DEBUG org.asynchttpclient.netty.request.NettyRequestSender - Using pooled Channel '[id: 0x7d21746b, L:/127.0.0.1:55379 - R:localhost/127.0.0.1:21510]' for 'POST' to 'http://localhost:21510/session/b3ee09a452079293e2681d51dbff2050/execute/sync'
10:40:17.751 [Forwarding isElementDisplayed on session b3ee09a452079293e2681d51dbff2050 to remote] DEBUG org.asynchttpclient.netty.request.NettyRequestSender - Using open Channel [id: 0x7d21746b, L:/127.0.0.1:55379 - R:localhost/127.0.0.1:21510] for POST '/session/b3ee09a452079293e2681d51dbff2050/execute/sync'
10:40:17.768 [AsyncHttpClient-1-26] DEBUG org.asynchttpclient.netty.handler.HttpHandler - 

Request DefaultHttpRequest(decodeResult: success, version: HTTP/1.1)
POST /session/b3ee09a452079293e2681d51dbff2050/execute/sync HTTP/1.1
User-Agent: selenium/4.8.1 (java windows)
Content-Length: 48807
Content-Type: application/json; charset=utf-8
host: localhost:21510
accept: */*

Response DefaultHttpResponse(decodeResult: success, version: HTTP/1.1)
HTTP/1.1 200 OK
Content-Length: 14
Content-Type: application/json; charset=utf-8
cache-control: no-cache

10:40:17.768 [AsyncHttpClient-1-26] DEBUG org.asynchttpclient.netty.channel.ChannelManager - Adding key: http://localhost:21510 for channel [id: 0x7d21746b, L:/127.0.0.1:55379 - R:localhost/127.0.0.1:21510]
10:40:17.775 [Forwarding getAlertText on session b3ee09a452079293e2681d51dbff2050 to remote] DEBUG org.asynchttpclient.netty.request.NettyRequestSender - Using pooled Channel '[id: 0x7d21746b, L:/127.0.0.1:55379 - R:localhost/127.0.0.1:21510]' for 'GET' to 'http://localhost:21510/session/b3ee09a452079293e2681d51dbff2050/alert/text'
10:40:17.775 [Forwarding getAlertText on session b3ee09a452079293e2681d51dbff2050 to remote] DEBUG org.asynchttpclient.netty.request.NettyRequestSender - Using open Channel [id: 0x7d21746b, L:/127.0.0.1:55379 - R:localhost/127.0.0.1:21510] for GET '/session/b3ee09a452079293e2681d51dbff2050/alert/text'
10:40:17.779 [AsyncHttpClient-1-26] DEBUG org.asynchttpclient.netty.handler.HttpHandler - 

Request DefaultFullHttpRequest(decodeResult: success, version: HTTP/1.1, content: EmptyByteBufBE)
GET /session/b3ee09a452079293e2681d51dbff2050/alert/text HTTP/1.1
User-Agent: selenium/4.8.1 (java windows)
Cache-Control: no-cache
Content-Type: application/json; charset=utf-8
host: localhost:21510
accept: */*

Response DefaultHttpResponse(decodeResult: success, version: HTTP/1.1)
HTTP/1.1 404 Not Found
Content-Length: 836
Content-Type: application/json; charset=utf-8
cache-control: no-cache

10:40:17.779 [AsyncHttpClient-1-26] DEBUG org.asynchttpclient.netty.channel.ChannelManager - Adding key: http://localhost:21510 for channel [id: 0x7d21746b, L:/127.0.0.1:55379 - R:localhost/127.0.0.1:21510]
10:40:17.782 [Forwarding getCurrentUrl on session b3ee09a452079293e2681d51dbff2050 to remote] DEBUG org.asynchttpclient.netty.request.NettyRequestSender - Using pooled Channel '[id: 0x7d21746b, L:/127.0.0.1:55379 - R:localhost/127.0.0.1:21510]' for 'GET' to 'http://localhost:21510/session/b3ee09a452079293e2681d51dbff2050/url'
10:40:17.782 [Forwarding getCurrentUrl on session b3ee09a452079293e2681d51dbff2050 to remote] DEBUG org.asynchttpclient.netty.request.NettyRequestSender - Using open Channel [id: 0x7d21746b, L:/127.0.0.1:55379 - R:localhost/127.0.0.1:21510] for GET '/session/b3ee09a452079293e2681d51dbff2050/url'
10:40:17.790 [AsyncHttpClient-1-26] DEBUG org.asynchttpclient.netty.handler.HttpHandler - 

Request DefaultFullHttpRequest(decodeResult: success, version: HTTP/1.1, content: EmptyByteBufBE)
GET /session/b3ee09a452079293e2681d51dbff2050/url HTTP/1.1
User-Agent: selenium/4.8.1 (java windows)
Cache-Control: no-cache
Content-Type: application/json; charset=utf-8
host: localhost:21510
accept: */*

Response DefaultHttpResponse(decodeResult: success, version: HTTP/1.1)
HTTP/1.1 200 OK
Content-Length: 51
Content-Type: application/json; charset=utf-8
cache-control: no-cache

10:40:17.790 [AsyncHttpClient-1-26] DEBUG org.asynchttpclient.netty.channel.ChannelManager - Adding key: http://localhost:21510 for channel [id: 0x7d21746b, L:/127.0.0.1:55379 - R:localhost/127.0.0.1:21510]
10:40:17.791 [Forwarding screenshot on session b3ee09a452079293e2681d51dbff2050 to remote] DEBUG org.asynchttpclient.netty.request.NettyRequestSender - Using pooled Channel '[id: 0x7d21746b, L:/127.0.0.1:55379 - R:localhost/127.0.0.1:21510]' for 'GET' to 'http://localhost:21510/session/b3ee09a452079293e2681d51dbff2050/screenshot'
10:40:17.791 [Forwarding screenshot on session b3ee09a452079293e2681d51dbff2050 to remote] DEBUG org.asynchttpclient.netty.request.NettyRequestSender - Using open Channel [id: 0x7d21746b, L:/127.0.0.1:55379 - R:localhost/127.0.0.1:21510] for GET '/session/b3ee09a452079293e2681d51dbff2050/screenshot'
10:40:17.903 [AsyncHttpClient-1-26] DEBUG org.asynchttpclient.netty.handler.HttpHandler - 

Request DefaultFullHttpRequest(decodeResult: success, version: HTTP/1.1, content: EmptyByteBufBE)
GET /session/b3ee09a452079293e2681d51dbff2050/screenshot HTTP/1.1
User-Agent: selenium/4.8.1 (java windows)
Cache-Control: no-cache
Content-Type: application/json; charset=utf-8
host: localhost:21510
accept: */*

Response DefaultHttpResponse(decodeResult: success, version: HTTP/1.1)
HTTP/1.1 200 OK
Content-Length: 33016
Content-Type: application/json; charset=utf-8
cache-control: no-cache

10:40:17.903 [AsyncHttpClient-1-26] DEBUG org.asynchttpclient.netty.channel.ChannelManager - Adding key: http://localhost:21510 for channel [id: 0x7d21746b, L:/127.0.0.1:55379 - R:localhost/127.0.0.1:21510]
10:40:17.904 [main] DEBUG net.serenitybdd.core.photography.Darkroom - Send negative for processing for target\site\serenity\39638d4a9e6f731a237cc28c71e9b174cc5aa36468c06fd4c79b5cb65dbacf99.png
10:40:17.904 [main] DEBUG net.thucydides.core.steps.StepInterceptor - STEP DONE: incorrectAlert
  &amp#27;[32mThen &amp#27;[0m&amp#27;[32mI should see the error message&amp#27;[0m    &amp#27;[90m# starter.stepdefinitions.LoginSteps.alertContent()&amp#27;[0m
10:40:17.904 [Darkroom Processing Line] DEBUG net.serenitybdd.core.photography.DarkroomProcessingLine - Processing screenshot image in /var/screenshots/screenshot-18305940370867047479
10:40:17.905 [Darkroom Processing Line] DEBUG net.serenitybdd.core.photography.DarkroomProcessingLine - Saving screenshot to target\site\serenity\39638d4a9e6f731a237cc28c71e9b174cc5aa36468c06fd4c79b5cb65dbacf99.png
10:40:17.908 [main] INFO  - 
  _____   ___   ___   _____     ___     _     ___   ___   ___   ___  
 |_   _| | __| / __| |_   _|   | _ \   /_\   / __| / __| | __| |   \ 
   | |   | _|  \__ \   | |     |  _/  / _ \  \__ \ \__ \ | _|  | |) |
   |_|   |___| |___/   |_|     |_|   /_/ \_\ |___/ |___/ |___| |___/ 

Login with invalid email
----------------------------------------------------------------------
10:40:17.909 [AsyncHttpClient-1-28] DEBUG org.asynchttpclient.netty.handler.WebSocketHandler - Channel Closed: [id: 0xc64f9945, L:/127.0.0.1:55390 ! R:localhost/127.0.0.1:55382] with attribute NettyResponseFuture{currentRetry=0,
	isDone=1,
	isCancelled=0,
	asyncHandler=org.asynchttpclient.ws.WebSocketUpgradeHandler@4c1aba74,
	nettyRequest=org.asynchttpclient.netty.request.NettyRequest@9183d93,
	future=java.util.concurrent.CompletableFuture@59a2a745[Completed normally],
	uri=ws://localhost:55382/devtools/browser/3f9fc682-144f-4788-bf85-e89a66c88c52,
	keepAlive=true,
	redirectCount=0,
	timeoutsHolder=null,
	inAuth=0,
	touch=1683430816153}
10:40:17.909 [Driver Command Executor] DEBUG org.asynchttpclient.netty.request.NettyRequestSender - Using pooled Channel '[id: 0x7d21746b, L:/127.0.0.1:55379 - R:localhost/127.0.0.1:21510]' for 'DELETE' to 'http://localhost:21510/session/b3ee09a452079293e2681d51dbff2050'
10:40:17.909 [AsyncHttpClient-1-28] DEBUG org.asynchttpclient.netty.channel.ChannelManager - Closing Channel [id: 0xc64f9945, L:/127.0.0.1:55390 ! R:localhost/127.0.0.1:55382] 
10:40:17.909 [Driver Command Executor] DEBUG org.asynchttpclient.netty.request.NettyRequestSender - Using open Channel [id: 0x7d21746b, L:/127.0.0.1:55379 - R:localhost/127.0.0.1:21510] for DELETE '/session/b3ee09a452079293e2681d51dbff2050'
10:40:17.934 [AsyncHttpClient-1-27] DEBUG org.asynchttpclient.netty.handler.HttpHandler - Unexpected I/O exception on channel [id: 0x9278c039, L:/127.0.0.1:55389 - R:localhost/127.0.0.1:55382]
java.net.SocketException: Connection reset
	at java.base/sun.nio.ch.SocketChannelImpl.throwConnectionReset(SocketChannelImpl.java:367)
	at java.base/sun.nio.ch.SocketChannelImpl.read(SocketChannelImpl.java:398)
	at io.netty.buffer.PooledByteBuf.setBytes(PooledByteBuf.java:259)
	at io.netty.buffer.AbstractByteBuf.writeBytes(AbstractByteBuf.java:1132)
	at io.netty.channel.socket.nio.NioSocketChannel.doReadBytes(NioSocketChannel.java:357)
	at io.netty.channel.nio.AbstractNioByteChannel$NioByteUnsafe.read(AbstractNioByteChannel.java:151)
	at io.netty.channel.nio.NioEventLoop.processSelectedKey(NioEventLoop.java:788)
	at io.netty.channel.nio.NioEventLoop.processSelectedKeysOptimized(NioEventLoop.java:724)
	at io.netty.channel.nio.NioEventLoop.processSelectedKeys(NioEventLoop.java:650)
	at io.netty.channel.nio.NioEventLoop.run(NioEventLoop.java:562)
	at io.netty.util.concurrent.SingleThreadEventExecutor$4.run(SingleThreadEventExecutor.java:997)
	at io.netty.util.internal.ThreadExecutorMap$2.run(ThreadExecutorMap.java:74)
	at io.netty.util.concurrent.FastThreadLocalRunnable.run(FastThreadLocalRunnable.java:30)
	at java.base/java.lang.Thread.run(Thread.java:832)
10:40:17.934 [AsyncHttpClient-1-27] DEBUG org.asynchttpclient.netty.channel.ChannelManager - Closing Channel [id: 0x9278c039, L:/127.0.0.1:55389 - R:localhost/127.0.0.1:55382] 
10:40:17.935 [AsyncHttpClient-1-27] DEBUG org.asynchttpclient.netty.handler.HttpHandler - Channel Closed: [id: 0x9278c039, L:/127.0.0.1:55389 ! R:localhost/127.0.0.1:55382] with attribute DISCARD
10:40:17.945 [AsyncHttpClient-1-26] DEBUG org.asynchttpclient.netty.handler.HttpHandler - 

Request DefaultFullHttpRequest(decodeResult: success, version: HTTP/1.1, content: EmptyByteBufBE)
DELETE /session/b3ee09a452079293e2681d51dbff2050 HTTP/1.1
User-Agent: selenium/4.8.1 (java windows)
Content-Type: application/json; charset=utf-8
host: localhost:21510
accept: */*

Response DefaultHttpResponse(decodeResult: success, version: HTTP/1.1)
HTTP/1.1 200 OK
Content-Length: 14
Content-Type: application/json; charset=utf-8
cache-control: no-cache

10:40:17.945 [AsyncHttpClient-1-26] DEBUG org.asynchttpclient.netty.channel.ChannelManager - Adding key: http://localhost:21510 for channel [id: 0x7d21746b, L:/127.0.0.1:55379 - R:localhost/127.0.0.1:21510]
10:40:18.039 [AsyncHttpClient-1-26] DEBUG org.asynchttpclient.netty.handler.HttpHandler - Channel Closed: [id: 0x7d21746b, L:/127.0.0.1:55379 ! R:localhost/127.0.0.1:21510] with attribute DISCARD
]]></system-out>
    <system-err><![CDATA[Starting ChromeDriver 111.0.5563.64 (c710e93d5b63b7095afe8c2c17df34408078439d-refs/branch-heads/5563@{#995}) on port 21510
Only local connections are allowed.
Please see https://chromedriver.chromium.org/security-considerations for suggestions on keeping ChromeDriver safe.
ChromeDriver was started successfully.
[1683430816.130][WARNING]: This version of ChromeDriver has not been tested with Chrome version 112.
May 07, 2023 10:40:16 AM org.openqa.selenium.devtools.CdpVersionFinder findNearestMatch
WARNING: Unable to find an exact match for CDP version 112, so returning the closest version found: 110
]]></system-err>
  </testcase>
  <testcase name="Login without input any fields" classname="Login to Alta-shop Account" time="24.403">
    <system-out><![CDATA[
Scenario: Login without input any fields &amp#27;[90m# src/test/resources/features/2. Login.feature:35&amp#27;[0m
10:40:18.559 [main] DEBUG io.cucumber.core.plugin.SerenityReporter - Running feature from file:///C:/Users/WINDOWS%2010/Documents/GitHub/MiniProject_QE/Web/code/minpro/src/test/resources/features/2.%20Login.feature
10:40:18.562 [main] INFO  - 
  _____   ___   ___   _____     ___   _____     _     ___   _____   ___   ___  
 |_   _| | __| / __| |_   _|   / __| |_   _|   /_\   | _ \ |_   _| | __| |   \ 
   | |   | _|  \__ \   | |     \__ \   | |    / _ \  |   /   | |   | _|  | |) |
   |_|   |___| |___/   |_|     |___/   |_|   /_/ \_\ |_|_\   |_|   |___| |___/ 

Login without input any fields(login-to-alta-shop-account;login-without-input-any-fields)
--------------------------------------------------------------------------------
10:40:18.585 [main] DEBUG net.thucydides.core.steps.StepInterceptor - STARTING STEP: LoginSteps.onTheLoginPage - openPage
10:40:18.625 [main] INFO net.serenitybdd.core.webdriver.driverproviders.ChromeDriverProvider - Starting Chrome driver instance with capabilities:
10:40:18.625 [main] INFO net.serenitybdd.core.webdriver.driverproviders.ChromeDriverProvider - Capabilities {acceptInsecureCerts: false, browserName: chrome, goog:chromeOptions: {args: [remote-allow-origins=*], extensions: []}}
10:40:18.698 [AsyncHttpClient-1-1] DEBUG org.asynchttpclient.netty.channel.DefaultChannelPool - Entry count for : http://localhost:55382 : 1
10:40:18.698 [AsyncHttpClient-1-1] DEBUG org.asynchttpclient.netty.channel.DefaultChannelPool - Entry count for : http://localhost:21510 : 1
10:40:18.698 [AsyncHttpClient-1-1] DEBUG org.asynchttpclient.netty.channel.DefaultChannelPool - Adding Candidate expired Channel [id: 0x9278c039, L:/127.0.0.1:55389 ! R:localhost/127.0.0.1:55382] isIdleTimeoutExpired=false isRemotelyClosed=true isTtlExpired=false
10:40:18.698 [AsyncHttpClient-1-1] DEBUG org.asynchttpclient.netty.channel.DefaultChannelPool - Closing Idle Channel [id: 0x9278c039, L:/127.0.0.1:55389 ! R:localhost/127.0.0.1:55382]
10:40:18.698 [AsyncHttpClient-1-1] DEBUG org.asynchttpclient.netty.channel.DefaultChannelPool - Adding Candidate expired Channel [id: 0x7d21746b, L:/127.0.0.1:55379 ! R:localhost/127.0.0.1:21510] isIdleTimeoutExpired=false isRemotelyClosed=true isTtlExpired=false
10:40:18.698 [AsyncHttpClient-1-1] DEBUG org.asynchttpclient.netty.channel.DefaultChannelPool - Closing Idle Channel [id: 0x7d21746b, L:/127.0.0.1:55379 ! R:localhost/127.0.0.1:21510]
10:40:18.698 [AsyncHttpClient-1-1] DEBUG org.asynchttpclient.netty.channel.DefaultChannelPool - Closed 2 connections out of 2 in 0 ms
10:40:18.702 [AsyncHttpClient-1-29] DEBUG org.asynchttpclient.netty.channel.NettyConnectListener - Using new Channel '[id: 0xb6499cdc, L:/127.0.0.1:55408 - R:localhost/127.0.0.1:21591]' for 'POST' to '/session'
10:40:19.304 [AsyncHttpClient-1-29] DEBUG org.asynchttpclient.netty.handler.HttpHandler - 

Request DefaultHttpRequest(decodeResult: success, version: HTTP/1.1)
POST /session HTTP/1.1
User-Agent: selenium/4.8.1 (java windows)
Content-Length: 507
Content-Type: application/json; charset=utf-8
host: localhost:21591
accept: */*

Response DefaultHttpResponse(decodeResult: success, version: HTTP/1.1)
HTTP/1.1 200 OK
Content-Length: 863
Content-Type: application/json; charset=utf-8
cache-control: no-cache

10:40:19.304 [AsyncHttpClient-1-29] DEBUG org.asynchttpclient.netty.channel.ChannelManager - Adding key: http://localhost:21591 for channel [id: 0xb6499cdc, L:/127.0.0.1:55408 - R:localhost/127.0.0.1:21591]
10:40:19.308 [AsyncHttpClient-1-30] DEBUG org.asynchttpclient.netty.channel.NettyConnectListener - Using new Channel '[id: 0xda4b8ff6, L:/127.0.0.1:55416 - R:localhost/127.0.0.1:55410]' for 'GET' to '/json/version'
10:40:19.310 [AsyncHttpClient-1-30] DEBUG org.asynchttpclient.netty.handler.HttpHandler - 

Request DefaultFullHttpRequest(decodeResult: success, version: HTTP/1.1, content: EmptyByteBufBE)
GET /json/version HTTP/1.1
User-Agent: selenium/4.8.1 (java windows)
host: localhost:55410
accept: */*

Response DefaultHttpResponse(decodeResult: success, version: HTTP/1.1)
HTTP/1.1 200 OK
Content-Security-Policy: frame-ancestors 'none'
Content-Length: 424
Content-Type: application/json; charset=UTF-8

10:40:19.311 [AsyncHttpClient-1-30] DEBUG org.asynchttpclient.netty.channel.ChannelManager - Adding key: http://localhost:55410 for channel [id: 0xda4b8ff6, L:/127.0.0.1:55416 - R:localhost/127.0.0.1:55410]
10:40:19.312 [AsyncHttpClient-1-31] DEBUG org.asynchttpclient.netty.channel.NettyConnectListener - Using new Channel '[id: 0x57bff55e, L:/127.0.0.1:55417 - R:localhost/127.0.0.1:55410]' for 'GET' to '/devtools/browser/02960150-7e6a-4cdb-b244-bfdd79eef3ba'
10:40:19.314 [AsyncHttpClient-1-31] DEBUG org.asynchttpclient.netty.handler.WebSocketHandler - 

Request DefaultFullHttpRequest(decodeResult: success, version: HTTP/1.1, content: EmptyByteBufBE)
GET /devtools/browser/02960150-7e6a-4cdb-b244-bfdd79eef3ba HTTP/1.1
upgrade: websocket
connection: upgrade
sec-websocket-key: WSPP0vF93Yuf8epDysQEbQ==
sec-websocket-version: 13
origin: http://localhost:55410
host: localhost:55410
accept: */*
user-agent: AHC/2.1

Response DefaultHttpResponse(decodeResult: success, version: HTTP/1.1)
HTTP/1.1 101 WebSocket Protocol Handshake
Upgrade: WebSocket
Connection: Upgrade
Sec-WebSocket-Accept: gxzFU1SaY8HSP+M4Qchb+6hK/aw=

10:40:19.316 [Forwarding get on session 6bdb2ba68c14d7148c3630ebc5f02109 to remote] DEBUG org.asynchttpclient.netty.request.NettyRequestSender - Using pooled Channel '[id: 0xb6499cdc, L:/127.0.0.1:55408 - R:localhost/127.0.0.1:21591]' for 'POST' to 'http://localhost:21591/session/6bdb2ba68c14d7148c3630ebc5f02109/url'
10:40:19.316 [Forwarding get on session 6bdb2ba68c14d7148c3630ebc5f02109 to remote] DEBUG org.asynchttpclient.netty.request.NettyRequestSender - Using open Channel [id: 0xb6499cdc, L:/127.0.0.1:55408 - R:localhost/127.0.0.1:21591] for POST '/session/6bdb2ba68c14d7148c3630ebc5f02109/url'
10:40:19.800 [AsyncHttpClient-1-1] DEBUG org.asynchttpclient.netty.channel.DefaultChannelPool - Entry count for : http://localhost:55410 : 1
10:40:20.899 [AsyncHttpClient-1-1] DEBUG org.asynchttpclient.netty.channel.DefaultChannelPool - Entry count for : http://localhost:55410 : 1
10:40:21.998 [AsyncHttpClient-1-1] DEBUG org.asynchttpclient.netty.channel.DefaultChannelPool - Entry count for : http://localhost:55410 : 1
10:40:23.105 [AsyncHttpClient-1-1] DEBUG org.asynchttpclient.netty.channel.DefaultChannelPool - Entry count for : http://localhost:55410 : 1
10:40:24.198 [AsyncHttpClient-1-1] DEBUG org.asynchttpclient.netty.channel.DefaultChannelPool - Entry count for : http://localhost:55410 : 1
10:40:25.298 [AsyncHttpClient-1-1] DEBUG org.asynchttpclient.netty.channel.DefaultChannelPool - Entry count for : http://localhost:55410 : 1
10:40:26.406 [AsyncHttpClient-1-1] DEBUG org.asynchttpclient.netty.channel.DefaultChannelPool - Entry count for : http://localhost:55410 : 1
10:40:27.500 [AsyncHttpClient-1-1] DEBUG org.asynchttpclient.netty.channel.DefaultChannelPool - Entry count for : http://localhost:55410 : 1
10:40:28.601 [AsyncHttpClient-1-1] DEBUG org.asynchttpclient.netty.channel.DefaultChannelPool - Entry count for : http://localhost:55410 : 1
10:40:29.705 [AsyncHttpClient-1-1] DEBUG org.asynchttpclient.netty.channel.DefaultChannelPool - Entry count for : http://localhost:55410 : 1
10:40:30.800 [AsyncHttpClient-1-1] DEBUG org.asynchttpclient.netty.channel.DefaultChannelPool - Entry count for : http://localhost:55410 : 1
10:40:31.898 [AsyncHttpClient-1-1] DEBUG org.asynchttpclient.netty.channel.DefaultChannelPool - Entry count for : http://localhost:55410 : 1
10:40:33.001 [AsyncHttpClient-1-1] DEBUG org.asynchttpclient.netty.channel.DefaultChannelPool - Entry count for : http://localhost:55410 : 1
10:40:34.103 [AsyncHttpClient-1-1] DEBUG org.asynchttpclient.netty.channel.DefaultChannelPool - Entry count for : http://localhost:55410 : 1
10:40:35.198 [AsyncHttpClient-1-1] DEBUG org.asynchttpclient.netty.channel.DefaultChannelPool - Entry count for : http://localhost:55410 : 1
10:40:36.300 [AsyncHttpClient-1-1] DEBUG org.asynchttpclient.netty.channel.DefaultChannelPool - Entry count for : http://localhost:55410 : 1
10:40:37.400 [AsyncHttpClient-1-1] DEBUG org.asynchttpclient.netty.channel.DefaultChannelPool - Entry count for : http://localhost:55410 : 1
10:40:38.498 [AsyncHttpClient-1-1] DEBUG org.asynchttpclient.netty.channel.DefaultChannelPool - Entry count for : http://localhost:55410 : 1
10:40:39.598 [AsyncHttpClient-1-1] DEBUG org.asynchttpclient.netty.channel.DefaultChannelPool - Entry count for : http://localhost:55410 : 1
10:40:40.701 [AsyncHttpClient-1-1] DEBUG org.asynchttpclient.netty.channel.DefaultChannelPool - Entry count for : http://localhost:55410 : 1
10:40:41.017 [AsyncHttpClient-1-29] DEBUG org.asynchttpclient.netty.handler.HttpHandler - 

Request DefaultHttpRequest(decodeResult: success, version: HTTP/1.1)
POST /session/6bdb2ba68c14d7148c3630ebc5f02109/url HTTP/1.1
User-Agent: selenium/4.8.1 (java windows)
Content-Length: 74
Content-Type: application/json; charset=utf-8
host: localhost:21591
accept: */*

Response DefaultHttpResponse(decodeResult: success, version: HTTP/1.1)
HTTP/1.1 200 OK
Content-Length: 14
Content-Type: application/json; charset=utf-8
cache-control: no-cache

10:40:41.018 [AsyncHttpClient-1-29] DEBUG org.asynchttpclient.netty.channel.ChannelManager - Adding key: http://localhost:21591 for channel [id: 0xb6499cdc, L:/127.0.0.1:55408 - R:localhost/127.0.0.1:21591]
10:40:41.018 [Forwarding setTimeout on session 6bdb2ba68c14d7148c3630ebc5f02109 to remote] DEBUG org.asynchttpclient.netty.request.NettyRequestSender - Using pooled Channel '[id: 0xb6499cdc, L:/127.0.0.1:55408 - R:localhost/127.0.0.1:21591]' for 'POST' to 'http://localhost:21591/session/6bdb2ba68c14d7148c3630ebc5f02109/timeouts'
10:40:41.018 [Forwarding setTimeout on session 6bdb2ba68c14d7148c3630ebc5f02109 to remote] DEBUG org.asynchttpclient.netty.request.NettyRequestSender - Using open Channel [id: 0xb6499cdc, L:/127.0.0.1:55408 - R:localhost/127.0.0.1:21591] for POST '/session/6bdb2ba68c14d7148c3630ebc5f02109/timeouts'
10:40:41.019 [AsyncHttpClient-1-29] DEBUG org.asynchttpclient.netty.handler.HttpHandler - 

Request DefaultHttpRequest(decodeResult: success, version: HTTP/1.1)
POST /session/6bdb2ba68c14d7148c3630ebc5f02109/timeouts HTTP/1.1
User-Agent: selenium/4.8.1 (java windows)
Content-Length: 22
Content-Type: application/json; charset=utf-8
host: localhost:21591
accept: */*

Response DefaultHttpResponse(decodeResult: success, version: HTTP/1.1)
HTTP/1.1 200 OK
Content-Length: 14
Content-Type: application/json; charset=utf-8
cache-control: no-cache

10:40:41.019 [AsyncHttpClient-1-29] DEBUG org.asynchttpclient.netty.channel.ChannelManager - Adding key: http://localhost:21591 for channel [id: 0xb6499cdc, L:/127.0.0.1:55408 - R:localhost/127.0.0.1:21591]
10:40:41.023 [Forwarding getAlertText on session 6bdb2ba68c14d7148c3630ebc5f02109 to remote] DEBUG org.asynchttpclient.netty.request.NettyRequestSender - Using pooled Channel '[id: 0xb6499cdc, L:/127.0.0.1:55408 - R:localhost/127.0.0.1:21591]' for 'GET' to 'http://localhost:21591/session/6bdb2ba68c14d7148c3630ebc5f02109/alert/text'
10:40:41.023 [Forwarding getAlertText on session 6bdb2ba68c14d7148c3630ebc5f02109 to remote] DEBUG org.asynchttpclient.netty.request.NettyRequestSender - Using open Channel [id: 0xb6499cdc, L:/127.0.0.1:55408 - R:localhost/127.0.0.1:21591] for GET '/session/6bdb2ba68c14d7148c3630ebc5f02109/alert/text'
10:40:41.024 [AsyncHttpClient-1-29] DEBUG org.asynchttpclient.netty.handler.HttpHandler - 

Request DefaultFullHttpRequest(decodeResult: success, version: HTTP/1.1, content: EmptyByteBufBE)
GET /session/6bdb2ba68c14d7148c3630ebc5f02109/alert/text HTTP/1.1
User-Agent: selenium/4.8.1 (java windows)
Cache-Control: no-cache
Content-Type: application/json; charset=utf-8
host: localhost:21591
accept: */*

Response DefaultHttpResponse(decodeResult: success, version: HTTP/1.1)
HTTP/1.1 404 Not Found
Content-Length: 836
Content-Type: application/json; charset=utf-8
cache-control: no-cache

10:40:41.025 [AsyncHttpClient-1-29] DEBUG org.asynchttpclient.netty.channel.ChannelManager - Adding key: http://localhost:21591 for channel [id: 0xb6499cdc, L:/127.0.0.1:55408 - R:localhost/127.0.0.1:21591]
10:40:41.025 [Forwarding getCurrentUrl on session 6bdb2ba68c14d7148c3630ebc5f02109 to remote] DEBUG org.asynchttpclient.netty.request.NettyRequestSender - Using pooled Channel '[id: 0xb6499cdc, L:/127.0.0.1:55408 - R:localhost/127.0.0.1:21591]' for 'GET' to 'http://localhost:21591/session/6bdb2ba68c14d7148c3630ebc5f02109/url'
10:40:41.025 [Forwarding getCurrentUrl on session 6bdb2ba68c14d7148c3630ebc5f02109 to remote] DEBUG org.asynchttpclient.netty.request.NettyRequestSender - Using open Channel [id: 0xb6499cdc, L:/127.0.0.1:55408 - R:localhost/127.0.0.1:21591] for GET '/session/6bdb2ba68c14d7148c3630ebc5f02109/url'
10:40:41.029 [AsyncHttpClient-1-29] DEBUG org.asynchttpclient.netty.handler.HttpHandler - 

Request DefaultFullHttpRequest(decodeResult: success, version: HTTP/1.1, content: EmptyByteBufBE)
GET /session/6bdb2ba68c14d7148c3630ebc5f02109/url HTTP/1.1
User-Agent: selenium/4.8.1 (java windows)
Cache-Control: no-cache
Content-Type: application/json; charset=utf-8
host: localhost:21591
accept: */*

Response DefaultHttpResponse(decodeResult: success, version: HTTP/1.1)
HTTP/1.1 200 OK
Content-Length: 51
Content-Type: application/json; charset=utf-8
cache-control: no-cache

10:40:41.029 [AsyncHttpClient-1-29] DEBUG org.asynchttpclient.netty.channel.ChannelManager - Adding key: http://localhost:21591 for channel [id: 0xb6499cdc, L:/127.0.0.1:55408 - R:localhost/127.0.0.1:21591]
10:40:41.029 [Forwarding screenshot on session 6bdb2ba68c14d7148c3630ebc5f02109 to remote] DEBUG org.asynchttpclient.netty.request.NettyRequestSender - Using pooled Channel '[id: 0xb6499cdc, L:/127.0.0.1:55408 - R:localhost/127.0.0.1:21591]' for 'GET' to 'http://localhost:21591/session/6bdb2ba68c14d7148c3630ebc5f02109/screenshot'
10:40:41.029 [Forwarding screenshot on session 6bdb2ba68c14d7148c3630ebc5f02109 to remote] DEBUG org.asynchttpclient.netty.request.NettyRequestSender - Using open Channel [id: 0xb6499cdc, L:/127.0.0.1:55408 - R:localhost/127.0.0.1:21591] for GET '/session/6bdb2ba68c14d7148c3630ebc5f02109/screenshot'
10:40:41.102 [AsyncHttpClient-1-29] DEBUG org.asynchttpclient.netty.handler.HttpHandler - 

Request DefaultFullHttpRequest(decodeResult: success, version: HTTP/1.1, content: EmptyByteBufBE)
GET /session/6bdb2ba68c14d7148c3630ebc5f02109/screenshot HTTP/1.1
User-Agent: selenium/4.8.1 (java windows)
Cache-Control: no-cache
Content-Type: application/json; charset=utf-8
host: localhost:21591
accept: */*

Response DefaultHttpResponse(decodeResult: success, version: HTTP/1.1)
HTTP/1.1 200 OK
Content-Length: 25208
Content-Type: application/json; charset=utf-8
cache-control: no-cache

10:40:41.102 [AsyncHttpClient-1-29] DEBUG org.asynchttpclient.netty.channel.ChannelManager - Adding key: http://localhost:21591 for channel [id: 0xb6499cdc, L:/127.0.0.1:55408 - R:localhost/127.0.0.1:21591]
10:40:41.103 [main] DEBUG net.serenitybdd.core.photography.Darkroom - Send negative for processing for target\site\serenity\edb14d4aab401efa0e4fb99861e6ffcafebc86a67b69f7828890b9910ed2ddbd.png
10:40:41.103 [main] DEBUG net.thucydides.core.steps.StepInterceptor - STEP DONE: openPage
  &amp#27;[32mGiven &amp#27;[0m&amp#27;[32mI am on the alta-shop login page&amp#27;[0m &amp#27;[90m# starter.stepdefinitions.LoginSteps.onTheLoginPage()&amp#27;[0m
10:40:41.110 [Forwarding getPageSource on session 6bdb2ba68c14d7148c3630ebc5f02109 to remote] DEBUG org.asynchttpclient.netty.request.NettyRequestSender - Using pooled Channel '[id: 0xb6499cdc, L:/127.0.0.1:55408 - R:localhost/127.0.0.1:21591]' for 'POST' to 'http://localhost:21591/session/6bdb2ba68c14d7148c3630ebc5f02109/execute/sync'
10:40:41.110 [Forwarding getPageSource on session 6bdb2ba68c14d7148c3630ebc5f02109 to remote] DEBUG org.asynchttpclient.netty.request.NettyRequestSender - Using open Channel [id: 0xb6499cdc, L:/127.0.0.1:55408 - R:localhost/127.0.0.1:21591] for POST '/session/6bdb2ba68c14d7148c3630ebc5f02109/execute/sync'
10:40:41.114 [AsyncHttpClient-1-29] DEBUG org.asynchttpclient.netty.handler.HttpHandler - 

Request DefaultHttpRequest(decodeResult: success, version: HTTP/1.1)
POST /session/6bdb2ba68c14d7148c3630ebc5f02109/execute/sync HTTP/1.1
User-Agent: selenium/4.8.1 (java windows)
Content-Length: 176
Content-Type: application/json; charset=utf-8
host: localhost:21591
accept: */*

Response DefaultHttpResponse(decodeResult: success, version: HTTP/1.1)
HTTP/1.1 200 OK
Content-Length: 21659
Content-Type: application/json; charset=utf-8
cache-control: no-cache

10:40:41.114 [AsyncHttpClient-1-29] DEBUG org.asynchttpclient.netty.channel.ChannelManager - Adding key: http://localhost:21591 for channel [id: 0xb6499cdc, L:/127.0.0.1:55408 - R:localhost/127.0.0.1:21591]
10:40:41.116 [Forwarding getCurrentUrl on session 6bdb2ba68c14d7148c3630ebc5f02109 to remote] DEBUG org.asynchttpclient.netty.request.NettyRequestSender - Using pooled Channel '[id: 0xb6499cdc, L:/127.0.0.1:55408 - R:localhost/127.0.0.1:21591]' for 'GET' to 'http://localhost:21591/session/6bdb2ba68c14d7148c3630ebc5f02109/url'
10:40:41.116 [Forwarding getCurrentUrl on session 6bdb2ba68c14d7148c3630ebc5f02109 to remote] DEBUG org.asynchttpclient.netty.request.NettyRequestSender - Using open Channel [id: 0xb6499cdc, L:/127.0.0.1:55408 - R:localhost/127.0.0.1:21591] for GET '/session/6bdb2ba68c14d7148c3630ebc5f02109/url'
10:40:41.118 [AsyncHttpClient-1-29] DEBUG org.asynchttpclient.netty.handler.HttpHandler - 

Request DefaultFullHttpRequest(decodeResult: success, version: HTTP/1.1, content: EmptyByteBufBE)
GET /session/6bdb2ba68c14d7148c3630ebc5f02109/url HTTP/1.1
User-Agent: selenium/4.8.1 (java windows)
Cache-Control: no-cache
Content-Type: application/json; charset=utf-8
host: localhost:21591
accept: */*

Response DefaultHttpResponse(decodeResult: success, version: HTTP/1.1)
HTTP/1.1 200 OK
Content-Length: 51
Content-Type: application/json; charset=utf-8
cache-control: no-cache

10:40:41.119 [AsyncHttpClient-1-29] DEBUG org.asynchttpclient.netty.channel.ChannelManager - Adding key: http://localhost:21591 for channel [id: 0xb6499cdc, L:/127.0.0.1:55408 - R:localhost/127.0.0.1:21591]
10:40:41.124 [Forwarding getPageSource on session 6bdb2ba68c14d7148c3630ebc5f02109 to remote] DEBUG org.asynchttpclient.netty.request.NettyRequestSender - Using pooled Channel '[id: 0xb6499cdc, L:/127.0.0.1:55408 - R:localhost/127.0.0.1:21591]' for 'POST' to 'http://localhost:21591/session/6bdb2ba68c14d7148c3630ebc5f02109/execute/sync'
10:40:41.124 [Forwarding getPageSource on session 6bdb2ba68c14d7148c3630ebc5f02109 to remote] DEBUG org.asynchttpclient.netty.request.NettyRequestSender - Using open Channel [id: 0xb6499cdc, L:/127.0.0.1:55408 - R:localhost/127.0.0.1:21591] for POST '/session/6bdb2ba68c14d7148c3630ebc5f02109/execute/sync'
10:40:41.128 [AsyncHttpClient-1-29] DEBUG org.asynchttpclient.netty.handler.HttpHandler - 

Request DefaultHttpRequest(decodeResult: success, version: HTTP/1.1)
POST /session/6bdb2ba68c14d7148c3630ebc5f02109/execute/sync HTTP/1.1
User-Agent: selenium/4.8.1 (java windows)
Content-Length: 176
Content-Type: application/json; charset=utf-8
host: localhost:21591
accept: */*

Response DefaultHttpResponse(decodeResult: success, version: HTTP/1.1)
HTTP/1.1 200 OK
Content-Length: 21659
Content-Type: application/json; charset=utf-8
cache-control: no-cache

10:40:41.129 [AsyncHttpClient-1-29] DEBUG org.asynchttpclient.netty.channel.ChannelManager - Adding key: http://localhost:21591 for channel [id: 0xb6499cdc, L:/127.0.0.1:55408 - R:localhost/127.0.0.1:21591]
10:40:41.130 [Forwarding getCurrentUrl on session 6bdb2ba68c14d7148c3630ebc5f02109 to remote] DEBUG org.asynchttpclient.netty.request.NettyRequestSender - Using pooled Channel '[id: 0xb6499cdc, L:/127.0.0.1:55408 - R:localhost/127.0.0.1:21591]' for 'GET' to 'http://localhost:21591/session/6bdb2ba68c14d7148c3630ebc5f02109/url'
10:40:41.130 [Forwarding getCurrentUrl on session 6bdb2ba68c14d7148c3630ebc5f02109 to remote] DEBUG org.asynchttpclient.netty.request.NettyRequestSender - Using open Channel [id: 0xb6499cdc, L:/127.0.0.1:55408 - R:localhost/127.0.0.1:21591] for GET '/session/6bdb2ba68c14d7148c3630ebc5f02109/url'
10:40:41.133 [AsyncHttpClient-1-29] DEBUG org.asynchttpclient.netty.handler.HttpHandler - 

Request DefaultFullHttpRequest(decodeResult: success, version: HTTP/1.1, content: EmptyByteBufBE)
GET /session/6bdb2ba68c14d7148c3630ebc5f02109/url HTTP/1.1
User-Agent: selenium/4.8.1 (java windows)
Cache-Control: no-cache
Content-Type: application/json; charset=utf-8
host: localhost:21591
accept: */*

Response DefaultHttpResponse(decodeResult: success, version: HTTP/1.1)
HTTP/1.1 200 OK
Content-Length: 51
Content-Type: application/json; charset=utf-8
cache-control: no-cache

10:40:41.133 [AsyncHttpClient-1-29] DEBUG org.asynchttpclient.netty.channel.ChannelManager - Adding key: http://localhost:21591 for channel [id: 0xb6499cdc, L:/127.0.0.1:55408 - R:localhost/127.0.0.1:21591]
10:40:41.134 [main] DEBUG net.thucydides.core.steps.StepInterceptor - STARTING STEP: LoginSteps.inputEmptyEmail - inputEmail
10:40:41.136 [Forwarding findElement on session 6bdb2ba68c14d7148c3630ebc5f02109 to remote] DEBUG org.asynchttpclient.netty.request.NettyRequestSender - Using pooled Channel '[id: 0xb6499cdc, L:/127.0.0.1:55408 - R:localhost/127.0.0.1:21591]' for 'POST' to 'http://localhost:21591/session/6bdb2ba68c14d7148c3630ebc5f02109/element'
10:40:41.136 [Forwarding findElement on session 6bdb2ba68c14d7148c3630ebc5f02109 to remote] DEBUG org.asynchttpclient.netty.request.NettyRequestSender - Using open Channel [id: 0xb6499cdc, L:/127.0.0.1:55408 - R:localhost/127.0.0.1:21591] for POST '/session/6bdb2ba68c14d7148c3630ebc5f02109/element'
10:40:41.144 [AsyncHttpClient-1-29] DEBUG org.asynchttpclient.netty.handler.HttpHandler - 

Request DefaultHttpRequest(decodeResult: success, version: HTTP/1.1)
POST /session/6bdb2ba68c14d7148c3630ebc5f02109/element HTTP/1.1
User-Agent: selenium/4.8.1 (java windows)
Content-Length: 55
Content-Type: application/json; charset=utf-8
host: localhost:21591
accept: */*

Response DefaultHttpResponse(decodeResult: success, version: HTTP/1.1)
HTTP/1.1 200 OK
Content-Length: 88
Content-Type: application/json; charset=utf-8
cache-control: no-cache

10:40:41.144 [AsyncHttpClient-1-29] DEBUG org.asynchttpclient.netty.channel.ChannelManager - Adding key: http://localhost:21591 for channel [id: 0xb6499cdc, L:/127.0.0.1:55408 - R:localhost/127.0.0.1:21591]
10:40:41.145 [Forwarding clearElement on session 6bdb2ba68c14d7148c3630ebc5f02109 to remote] DEBUG org.asynchttpclient.netty.request.NettyRequestSender - Using pooled Channel '[id: 0xb6499cdc, L:/127.0.0.1:55408 - R:localhost/127.0.0.1:21591]' for 'POST' to 'http://localhost:21591/session/6bdb2ba68c14d7148c3630ebc5f02109/element/d8fe7dec-1252-4b2f-acb8-b79d82dd102a/clear'
10:40:41.145 [Forwarding clearElement on session 6bdb2ba68c14d7148c3630ebc5f02109 to remote] DEBUG org.asynchttpclient.netty.request.NettyRequestSender - Using open Channel [id: 0xb6499cdc, L:/127.0.0.1:55408 - R:localhost/127.0.0.1:21591] for POST '/session/6bdb2ba68c14d7148c3630ebc5f02109/element/d8fe7dec-1252-4b2f-acb8-b79d82dd102a/clear'
10:40:41.167 [AsyncHttpClient-1-29] DEBUG org.asynchttpclient.netty.handler.HttpHandler - 

Request DefaultHttpRequest(decodeResult: success, version: HTTP/1.1)
POST /session/6bdb2ba68c14d7148c3630ebc5f02109/element/d8fe7dec-1252-4b2f-acb8-b79d82dd102a/clear HTTP/1.1
User-Agent: selenium/4.8.1 (java windows)
Content-Length: 50
Content-Type: application/json; charset=utf-8
host: localhost:21591
accept: */*

Response DefaultHttpResponse(decodeResult: success, version: HTTP/1.1)
HTTP/1.1 200 OK
Content-Length: 14
Content-Type: application/json; charset=utf-8
cache-control: no-cache

10:40:41.167 [AsyncHttpClient-1-29] DEBUG org.asynchttpclient.netty.channel.ChannelManager - Adding key: http://localhost:21591 for channel [id: 0xb6499cdc, L:/127.0.0.1:55408 - R:localhost/127.0.0.1:21591]
10:40:41.168 [Forwarding sendKeysToElement on session 6bdb2ba68c14d7148c3630ebc5f02109 to remote] DEBUG org.asynchttpclient.netty.request.NettyRequestSender - Using pooled Channel '[id: 0xb6499cdc, L:/127.0.0.1:55408 - R:localhost/127.0.0.1:21591]' for 'POST' to 'http://localhost:21591/session/6bdb2ba68c14d7148c3630ebc5f02109/element/d8fe7dec-1252-4b2f-acb8-b79d82dd102a/value'
10:40:41.168 [Forwarding sendKeysToElement on session 6bdb2ba68c14d7148c3630ebc5f02109 to remote] DEBUG org.asynchttpclient.netty.request.NettyRequestSender - Using open Channel [id: 0xb6499cdc, L:/127.0.0.1:55408 - R:localhost/127.0.0.1:21591] for POST '/session/6bdb2ba68c14d7148c3630ebc5f02109/element/d8fe7dec-1252-4b2f-acb8-b79d82dd102a/value'
10:40:41.194 [AsyncHttpClient-1-29] DEBUG org.asynchttpclient.netty.handler.HttpHandler - 

Request DefaultHttpRequest(decodeResult: success, version: HTTP/1.1)
POST /session/6bdb2ba68c14d7148c3630ebc5f02109/element/d8fe7dec-1252-4b2f-acb8-b79d82dd102a/value HTTP/1.1
User-Agent: selenium/4.8.1 (java windows)
Content-Length: 82
Content-Type: application/json; charset=utf-8
host: localhost:21591
accept: */*

Response DefaultHttpResponse(decodeResult: success, version: HTTP/1.1)
HTTP/1.1 200 OK
Content-Length: 14
Content-Type: application/json; charset=utf-8
cache-control: no-cache

10:40:41.195 [AsyncHttpClient-1-29] DEBUG org.asynchttpclient.netty.channel.ChannelManager - Adding key: http://localhost:21591 for channel [id: 0xb6499cdc, L:/127.0.0.1:55408 - R:localhost/127.0.0.1:21591]
10:40:41.201 [Forwarding getAlertText on session 6bdb2ba68c14d7148c3630ebc5f02109 to remote] DEBUG org.asynchttpclient.netty.request.NettyRequestSender - Using pooled Channel '[id: 0xb6499cdc, L:/127.0.0.1:55408 - R:localhost/127.0.0.1:21591]' for 'GET' to 'http://localhost:21591/session/6bdb2ba68c14d7148c3630ebc5f02109/alert/text'
10:40:41.201 [Forwarding getAlertText on session 6bdb2ba68c14d7148c3630ebc5f02109 to remote] DEBUG org.asynchttpclient.netty.request.NettyRequestSender - Using open Channel [id: 0xb6499cdc, L:/127.0.0.1:55408 - R:localhost/127.0.0.1:21591] for GET '/session/6bdb2ba68c14d7148c3630ebc5f02109/alert/text'
10:40:41.204 [AsyncHttpClient-1-29] DEBUG org.asynchttpclient.netty.handler.HttpHandler - 

Request DefaultFullHttpRequest(decodeResult: success, version: HTTP/1.1, content: EmptyByteBufBE)
GET /session/6bdb2ba68c14d7148c3630ebc5f02109/alert/text HTTP/1.1
User-Agent: selenium/4.8.1 (java windows)
Cache-Control: no-cache
Content-Type: application/json; charset=utf-8
host: localhost:21591
accept: */*

Response DefaultHttpResponse(decodeResult: success, version: HTTP/1.1)
HTTP/1.1 404 Not Found
Content-Length: 836
Content-Type: application/json; charset=utf-8
cache-control: no-cache

10:40:41.204 [AsyncHttpClient-1-29] DEBUG org.asynchttpclient.netty.channel.ChannelManager - Adding key: http://localhost:21591 for channel [id: 0xb6499cdc, L:/127.0.0.1:55408 - R:localhost/127.0.0.1:21591]
10:40:41.205 [Forwarding getCurrentUrl on session 6bdb2ba68c14d7148c3630ebc5f02109 to remote] DEBUG org.asynchttpclient.netty.request.NettyRequestSender - Using pooled Channel '[id: 0xb6499cdc, L:/127.0.0.1:55408 - R:localhost/127.0.0.1:21591]' for 'GET' to 'http://localhost:21591/session/6bdb2ba68c14d7148c3630ebc5f02109/url'
10:40:41.205 [Forwarding getCurrentUrl on session 6bdb2ba68c14d7148c3630ebc5f02109 to remote] DEBUG org.asynchttpclient.netty.request.NettyRequestSender - Using open Channel [id: 0xb6499cdc, L:/127.0.0.1:55408 - R:localhost/127.0.0.1:21591] for GET '/session/6bdb2ba68c14d7148c3630ebc5f02109/url'
10:40:41.208 [AsyncHttpClient-1-29] DEBUG org.asynchttpclient.netty.handler.HttpHandler - 

Request DefaultFullHttpRequest(decodeResult: success, version: HTTP/1.1, content: EmptyByteBufBE)
GET /session/6bdb2ba68c14d7148c3630ebc5f02109/url HTTP/1.1
User-Agent: selenium/4.8.1 (java windows)
Cache-Control: no-cache
Content-Type: application/json; charset=utf-8
host: localhost:21591
accept: */*

Response DefaultHttpResponse(decodeResult: success, version: HTTP/1.1)
HTTP/1.1 200 OK
Content-Length: 51
Content-Type: application/json; charset=utf-8
cache-control: no-cache

10:40:41.208 [AsyncHttpClient-1-29] DEBUG org.asynchttpclient.netty.channel.ChannelManager - Adding key: http://localhost:21591 for channel [id: 0xb6499cdc, L:/127.0.0.1:55408 - R:localhost/127.0.0.1:21591]
10:40:41.208 [Forwarding screenshot on session 6bdb2ba68c14d7148c3630ebc5f02109 to remote] DEBUG org.asynchttpclient.netty.request.NettyRequestSender - Using pooled Channel '[id: 0xb6499cdc, L:/127.0.0.1:55408 - R:localhost/127.0.0.1:21591]' for 'GET' to 'http://localhost:21591/session/6bdb2ba68c14d7148c3630ebc5f02109/screenshot'
10:40:41.209 [Forwarding screenshot on session 6bdb2ba68c14d7148c3630ebc5f02109 to remote] DEBUG org.asynchttpclient.netty.request.NettyRequestSender - Using open Channel [id: 0xb6499cdc, L:/127.0.0.1:55408 - R:localhost/127.0.0.1:21591] for GET '/session/6bdb2ba68c14d7148c3630ebc5f02109/screenshot'
10:40:41.353 [AsyncHttpClient-1-29] DEBUG org.asynchttpclient.netty.handler.HttpHandler - 

Request DefaultFullHttpRequest(decodeResult: success, version: HTTP/1.1, content: EmptyByteBufBE)
GET /session/6bdb2ba68c14d7148c3630ebc5f02109/screenshot HTTP/1.1
User-Agent: selenium/4.8.1 (java windows)
Cache-Control: no-cache
Content-Type: application/json; charset=utf-8
host: localhost:21591
accept: */*

Response DefaultHttpResponse(decodeResult: success, version: HTTP/1.1)
HTTP/1.1 200 OK
Content-Length: 25428
Content-Type: application/json; charset=utf-8
cache-control: no-cache

10:40:41.354 [AsyncHttpClient-1-29] DEBUG org.asynchttpclient.netty.channel.ChannelManager - Adding key: http://localhost:21591 for channel [id: 0xb6499cdc, L:/127.0.0.1:55408 - R:localhost/127.0.0.1:21591]
10:40:41.355 [main] DEBUG net.serenitybdd.core.photography.Darkroom - Send negative for processing for target\site\serenity\d10ba9e39240acc2cea2171205209d4006f8839ed3fa253a70b66b7c880c1683.png
10:40:41.355 [main] DEBUG net.thucydides.core.steps.StepInterceptor - STEP DONE: inputEmail
  &amp#27;[32mAnd &amp#27;[0m&amp#27;[32mI enter empty email&amp#27;[0m                &amp#27;[90m# starter.stepdefinitions.LoginSteps.inputEmptyEmail()&amp#27;[0m
10:40:41.355 [Darkroom Processing Line] DEBUG net.serenitybdd.core.photography.DarkroomProcessingLine - Processing screenshot image in /var/screenshots/screenshot-14856432568102951518
10:40:41.355 [Darkroom Processing Line] DEBUG net.serenitybdd.core.photography.DarkroomProcessingLine - Saving screenshot to target\site\serenity\d10ba9e39240acc2cea2171205209d4006f8839ed3fa253a70b66b7c880c1683.png
10:40:41.361 [Forwarding getPageSource on session 6bdb2ba68c14d7148c3630ebc5f02109 to remote] DEBUG org.asynchttpclient.netty.request.NettyRequestSender - Using pooled Channel '[id: 0xb6499cdc, L:/127.0.0.1:55408 - R:localhost/127.0.0.1:21591]' for 'POST' to 'http://localhost:21591/session/6bdb2ba68c14d7148c3630ebc5f02109/execute/sync'
10:40:41.361 [Forwarding getPageSource on session 6bdb2ba68c14d7148c3630ebc5f02109 to remote] DEBUG org.asynchttpclient.netty.request.NettyRequestSender - Using open Channel [id: 0xb6499cdc, L:/127.0.0.1:55408 - R:localhost/127.0.0.1:21591] for POST '/session/6bdb2ba68c14d7148c3630ebc5f02109/execute/sync'
10:40:41.365 [AsyncHttpClient-1-29] DEBUG org.asynchttpclient.netty.handler.HttpHandler - 

Request DefaultHttpRequest(decodeResult: success, version: HTTP/1.1)
POST /session/6bdb2ba68c14d7148c3630ebc5f02109/execute/sync HTTP/1.1
User-Agent: selenium/4.8.1 (java windows)
Content-Length: 176
Content-Type: application/json; charset=utf-8
host: localhost:21591
accept: */*

Response DefaultHttpResponse(decodeResult: success, version: HTTP/1.1)
HTTP/1.1 200 OK
Content-Length: 21737
Content-Type: application/json; charset=utf-8
cache-control: no-cache

10:40:41.365 [AsyncHttpClient-1-29] DEBUG org.asynchttpclient.netty.channel.ChannelManager - Adding key: http://localhost:21591 for channel [id: 0xb6499cdc, L:/127.0.0.1:55408 - R:localhost/127.0.0.1:21591]
10:40:41.366 [Forwarding getCurrentUrl on session 6bdb2ba68c14d7148c3630ebc5f02109 to remote] DEBUG org.asynchttpclient.netty.request.NettyRequestSender - Using pooled Channel '[id: 0xb6499cdc, L:/127.0.0.1:55408 - R:localhost/127.0.0.1:21591]' for 'GET' to 'http://localhost:21591/session/6bdb2ba68c14d7148c3630ebc5f02109/url'
10:40:41.367 [Forwarding getCurrentUrl on session 6bdb2ba68c14d7148c3630ebc5f02109 to remote] DEBUG org.asynchttpclient.netty.request.NettyRequestSender - Using open Channel [id: 0xb6499cdc, L:/127.0.0.1:55408 - R:localhost/127.0.0.1:21591] for GET '/session/6bdb2ba68c14d7148c3630ebc5f02109/url'
10:40:41.369 [AsyncHttpClient-1-29] DEBUG org.asynchttpclient.netty.handler.HttpHandler - 

Request DefaultFullHttpRequest(decodeResult: success, version: HTTP/1.1, content: EmptyByteBufBE)
GET /session/6bdb2ba68c14d7148c3630ebc5f02109/url HTTP/1.1
User-Agent: selenium/4.8.1 (java windows)
Cache-Control: no-cache
Content-Type: application/json; charset=utf-8
host: localhost:21591
accept: */*

Response DefaultHttpResponse(decodeResult: success, version: HTTP/1.1)
HTTP/1.1 200 OK
Content-Length: 51
Content-Type: application/json; charset=utf-8
cache-control: no-cache

10:40:41.369 [AsyncHttpClient-1-29] DEBUG org.asynchttpclient.netty.channel.ChannelManager - Adding key: http://localhost:21591 for channel [id: 0xb6499cdc, L:/127.0.0.1:55408 - R:localhost/127.0.0.1:21591]
10:40:41.375 [Forwarding getPageSource on session 6bdb2ba68c14d7148c3630ebc5f02109 to remote] DEBUG org.asynchttpclient.netty.request.NettyRequestSender - Using pooled Channel '[id: 0xb6499cdc, L:/127.0.0.1:55408 - R:localhost/127.0.0.1:21591]' for 'POST' to 'http://localhost:21591/session/6bdb2ba68c14d7148c3630ebc5f02109/execute/sync'
10:40:41.375 [Forwarding getPageSource on session 6bdb2ba68c14d7148c3630ebc5f02109 to remote] DEBUG org.asynchttpclient.netty.request.NettyRequestSender - Using open Channel [id: 0xb6499cdc, L:/127.0.0.1:55408 - R:localhost/127.0.0.1:21591] for POST '/session/6bdb2ba68c14d7148c3630ebc5f02109/execute/sync'
10:40:41.380 [AsyncHttpClient-1-29] DEBUG org.asynchttpclient.netty.handler.HttpHandler - 

Request DefaultHttpRequest(decodeResult: success, version: HTTP/1.1)
POST /session/6bdb2ba68c14d7148c3630ebc5f02109/execute/sync HTTP/1.1
User-Agent: selenium/4.8.1 (java windows)
Content-Length: 176
Content-Type: application/json; charset=utf-8
host: localhost:21591
accept: */*

Response DefaultHttpResponse(decodeResult: success, version: HTTP/1.1)
HTTP/1.1 200 OK
Content-Length: 21737
Content-Type: application/json; charset=utf-8
cache-control: no-cache

10:40:41.380 [AsyncHttpClient-1-29] DEBUG org.asynchttpclient.netty.channel.ChannelManager - Adding key: http://localhost:21591 for channel [id: 0xb6499cdc, L:/127.0.0.1:55408 - R:localhost/127.0.0.1:21591]
10:40:41.381 [Forwarding getCurrentUrl on session 6bdb2ba68c14d7148c3630ebc5f02109 to remote] DEBUG org.asynchttpclient.netty.request.NettyRequestSender - Using pooled Channel '[id: 0xb6499cdc, L:/127.0.0.1:55408 - R:localhost/127.0.0.1:21591]' for 'GET' to 'http://localhost:21591/session/6bdb2ba68c14d7148c3630ebc5f02109/url'
10:40:41.381 [Forwarding getCurrentUrl on session 6bdb2ba68c14d7148c3630ebc5f02109 to remote] DEBUG org.asynchttpclient.netty.request.NettyRequestSender - Using open Channel [id: 0xb6499cdc, L:/127.0.0.1:55408 - R:localhost/127.0.0.1:21591] for GET '/session/6bdb2ba68c14d7148c3630ebc5f02109/url'
10:40:41.383 [AsyncHttpClient-1-29] DEBUG org.asynchttpclient.netty.handler.HttpHandler - 

Request DefaultFullHttpRequest(decodeResult: success, version: HTTP/1.1, content: EmptyByteBufBE)
GET /session/6bdb2ba68c14d7148c3630ebc5f02109/url HTTP/1.1
User-Agent: selenium/4.8.1 (java windows)
Cache-Control: no-cache
Content-Type: application/json; charset=utf-8
host: localhost:21591
accept: */*

Response DefaultHttpResponse(decodeResult: success, version: HTTP/1.1)
HTTP/1.1 200 OK
Content-Length: 51
Content-Type: application/json; charset=utf-8
cache-control: no-cache

10:40:41.383 [AsyncHttpClient-1-29] DEBUG org.asynchttpclient.netty.channel.ChannelManager - Adding key: http://localhost:21591 for channel [id: 0xb6499cdc, L:/127.0.0.1:55408 - R:localhost/127.0.0.1:21591]
10:40:41.385 [main] DEBUG net.thucydides.core.steps.StepInterceptor - STARTING STEP: LoginSteps.inputEmptyPassword - inputPassword
10:40:41.386 [Forwarding findElement on session 6bdb2ba68c14d7148c3630ebc5f02109 to remote] DEBUG org.asynchttpclient.netty.request.NettyRequestSender - Using pooled Channel '[id: 0xb6499cdc, L:/127.0.0.1:55408 - R:localhost/127.0.0.1:21591]' for 'POST' to 'http://localhost:21591/session/6bdb2ba68c14d7148c3630ebc5f02109/element'
10:40:41.386 [Forwarding findElement on session 6bdb2ba68c14d7148c3630ebc5f02109 to remote] DEBUG org.asynchttpclient.netty.request.NettyRequestSender - Using open Channel [id: 0xb6499cdc, L:/127.0.0.1:55408 - R:localhost/127.0.0.1:21591] for POST '/session/6bdb2ba68c14d7148c3630ebc5f02109/element'
10:40:41.394 [AsyncHttpClient-1-29] DEBUG org.asynchttpclient.netty.handler.HttpHandler - 

Request DefaultHttpRequest(decodeResult: success, version: HTTP/1.1)
POST /session/6bdb2ba68c14d7148c3630ebc5f02109/element HTTP/1.1
User-Agent: selenium/4.8.1 (java windows)
Content-Length: 55
Content-Type: application/json; charset=utf-8
host: localhost:21591
accept: */*

Response DefaultHttpResponse(decodeResult: success, version: HTTP/1.1)
HTTP/1.1 200 OK
Content-Length: 88
Content-Type: application/json; charset=utf-8
cache-control: no-cache

10:40:41.394 [AsyncHttpClient-1-29] DEBUG org.asynchttpclient.netty.channel.ChannelManager - Adding key: http://localhost:21591 for channel [id: 0xb6499cdc, L:/127.0.0.1:55408 - R:localhost/127.0.0.1:21591]
10:40:41.394 [Forwarding clearElement on session 6bdb2ba68c14d7148c3630ebc5f02109 to remote] DEBUG org.asynchttpclient.netty.request.NettyRequestSender - Using pooled Channel '[id: 0xb6499cdc, L:/127.0.0.1:55408 - R:localhost/127.0.0.1:21591]' for 'POST' to 'http://localhost:21591/session/6bdb2ba68c14d7148c3630ebc5f02109/element/1c672ac3-7a2b-45f1-b1d0-82d623c62159/clear'
10:40:41.394 [Forwarding clearElement on session 6bdb2ba68c14d7148c3630ebc5f02109 to remote] DEBUG org.asynchttpclient.netty.request.NettyRequestSender - Using open Channel [id: 0xb6499cdc, L:/127.0.0.1:55408 - R:localhost/127.0.0.1:21591] for POST '/session/6bdb2ba68c14d7148c3630ebc5f02109/element/1c672ac3-7a2b-45f1-b1d0-82d623c62159/clear'
10:40:41.418 [AsyncHttpClient-1-29] DEBUG org.asynchttpclient.netty.handler.HttpHandler - 

Request DefaultHttpRequest(decodeResult: success, version: HTTP/1.1)
POST /session/6bdb2ba68c14d7148c3630ebc5f02109/element/1c672ac3-7a2b-45f1-b1d0-82d623c62159/clear HTTP/1.1
User-Agent: selenium/4.8.1 (java windows)
Content-Length: 50
Content-Type: application/json; charset=utf-8
host: localhost:21591
accept: */*

Response DefaultHttpResponse(decodeResult: success, version: HTTP/1.1)
HTTP/1.1 200 OK
Content-Length: 14
Content-Type: application/json; charset=utf-8
cache-control: no-cache

10:40:41.418 [AsyncHttpClient-1-29] DEBUG org.asynchttpclient.netty.channel.ChannelManager - Adding key: http://localhost:21591 for channel [id: 0xb6499cdc, L:/127.0.0.1:55408 - R:localhost/127.0.0.1:21591]
10:40:41.419 [Forwarding sendKeysToElement on session 6bdb2ba68c14d7148c3630ebc5f02109 to remote] DEBUG org.asynchttpclient.netty.request.NettyRequestSender - Using pooled Channel '[id: 0xb6499cdc, L:/127.0.0.1:55408 - R:localhost/127.0.0.1:21591]' for 'POST' to 'http://localhost:21591/session/6bdb2ba68c14d7148c3630ebc5f02109/element/1c672ac3-7a2b-45f1-b1d0-82d623c62159/value'
10:40:41.419 [Forwarding sendKeysToElement on session 6bdb2ba68c14d7148c3630ebc5f02109 to remote] DEBUG org.asynchttpclient.netty.request.NettyRequestSender - Using open Channel [id: 0xb6499cdc, L:/127.0.0.1:55408 - R:localhost/127.0.0.1:21591] for POST '/session/6bdb2ba68c14d7148c3630ebc5f02109/element/1c672ac3-7a2b-45f1-b1d0-82d623c62159/value'
10:40:41.450 [AsyncHttpClient-1-29] DEBUG org.asynchttpclient.netty.handler.HttpHandler - 

Request DefaultHttpRequest(decodeResult: success, version: HTTP/1.1)
POST /session/6bdb2ba68c14d7148c3630ebc5f02109/element/1c672ac3-7a2b-45f1-b1d0-82d623c62159/value HTTP/1.1
User-Agent: selenium/4.8.1 (java windows)
Content-Length: 82
Content-Type: application/json; charset=utf-8
host: localhost:21591
accept: */*

Response DefaultHttpResponse(decodeResult: success, version: HTTP/1.1)
HTTP/1.1 200 OK
Content-Length: 14
Content-Type: application/json; charset=utf-8
cache-control: no-cache

10:40:41.450 [AsyncHttpClient-1-29] DEBUG org.asynchttpclient.netty.channel.ChannelManager - Adding key: http://localhost:21591 for channel [id: 0xb6499cdc, L:/127.0.0.1:55408 - R:localhost/127.0.0.1:21591]
10:40:41.453 [Forwarding getAlertText on session 6bdb2ba68c14d7148c3630ebc5f02109 to remote] DEBUG org.asynchttpclient.netty.request.NettyRequestSender - Using pooled Channel '[id: 0xb6499cdc, L:/127.0.0.1:55408 - R:localhost/127.0.0.1:21591]' for 'GET' to 'http://localhost:21591/session/6bdb2ba68c14d7148c3630ebc5f02109/alert/text'
10:40:41.453 [Forwarding getAlertText on session 6bdb2ba68c14d7148c3630ebc5f02109 to remote] DEBUG org.asynchttpclient.netty.request.NettyRequestSender - Using open Channel [id: 0xb6499cdc, L:/127.0.0.1:55408 - R:localhost/127.0.0.1:21591] for GET '/session/6bdb2ba68c14d7148c3630ebc5f02109/alert/text'
10:40:41.455 [AsyncHttpClient-1-29] DEBUG org.asynchttpclient.netty.handler.HttpHandler - 

Request DefaultFullHttpRequest(decodeResult: success, version: HTTP/1.1, content: EmptyByteBufBE)
GET /session/6bdb2ba68c14d7148c3630ebc5f02109/alert/text HTTP/1.1
User-Agent: selenium/4.8.1 (java windows)
Cache-Control: no-cache
Content-Type: application/json; charset=utf-8
host: localhost:21591
accept: */*

Response DefaultHttpResponse(decodeResult: success, version: HTTP/1.1)
HTTP/1.1 404 Not Found
Content-Length: 836
Content-Type: application/json; charset=utf-8
cache-control: no-cache

10:40:41.455 [AsyncHttpClient-1-29] DEBUG org.asynchttpclient.netty.channel.ChannelManager - Adding key: http://localhost:21591 for channel [id: 0xb6499cdc, L:/127.0.0.1:55408 - R:localhost/127.0.0.1:21591]
10:40:41.456 [Forwarding getCurrentUrl on session 6bdb2ba68c14d7148c3630ebc5f02109 to remote] DEBUG org.asynchttpclient.netty.request.NettyRequestSender - Using pooled Channel '[id: 0xb6499cdc, L:/127.0.0.1:55408 - R:localhost/127.0.0.1:21591]' for 'GET' to 'http://localhost:21591/session/6bdb2ba68c14d7148c3630ebc5f02109/url'
10:40:41.456 [Forwarding getCurrentUrl on session 6bdb2ba68c14d7148c3630ebc5f02109 to remote] DEBUG org.asynchttpclient.netty.request.NettyRequestSender - Using open Channel [id: 0xb6499cdc, L:/127.0.0.1:55408 - R:localhost/127.0.0.1:21591] for GET '/session/6bdb2ba68c14d7148c3630ebc5f02109/url'
10:40:41.458 [AsyncHttpClient-1-29] DEBUG org.asynchttpclient.netty.handler.HttpHandler - 

Request DefaultFullHttpRequest(decodeResult: success, version: HTTP/1.1, content: EmptyByteBufBE)
GET /session/6bdb2ba68c14d7148c3630ebc5f02109/url HTTP/1.1
User-Agent: selenium/4.8.1 (java windows)
Cache-Control: no-cache
Content-Type: application/json; charset=utf-8
host: localhost:21591
accept: */*

Response DefaultHttpResponse(decodeResult: success, version: HTTP/1.1)
HTTP/1.1 200 OK
Content-Length: 51
Content-Type: application/json; charset=utf-8
cache-control: no-cache

10:40:41.458 [AsyncHttpClient-1-29] DEBUG org.asynchttpclient.netty.channel.ChannelManager - Adding key: http://localhost:21591 for channel [id: 0xb6499cdc, L:/127.0.0.1:55408 - R:localhost/127.0.0.1:21591]
10:40:41.459 [Forwarding screenshot on session 6bdb2ba68c14d7148c3630ebc5f02109 to remote] DEBUG org.asynchttpclient.netty.request.NettyRequestSender - Using pooled Channel '[id: 0xb6499cdc, L:/127.0.0.1:55408 - R:localhost/127.0.0.1:21591]' for 'GET' to 'http://localhost:21591/session/6bdb2ba68c14d7148c3630ebc5f02109/screenshot'
10:40:41.459 [Forwarding screenshot on session 6bdb2ba68c14d7148c3630ebc5f02109 to remote] DEBUG org.asynchttpclient.netty.request.NettyRequestSender - Using open Channel [id: 0xb6499cdc, L:/127.0.0.1:55408 - R:localhost/127.0.0.1:21591] for GET '/session/6bdb2ba68c14d7148c3630ebc5f02109/screenshot'
10:40:41.542 [AsyncHttpClient-1-29] DEBUG org.asynchttpclient.netty.handler.HttpHandler - 

Request DefaultFullHttpRequest(decodeResult: success, version: HTTP/1.1, content: EmptyByteBufBE)
GET /session/6bdb2ba68c14d7148c3630ebc5f02109/screenshot HTTP/1.1
User-Agent: selenium/4.8.1 (java windows)
Cache-Control: no-cache
Content-Type: application/json; charset=utf-8
host: localhost:21591
accept: */*

Response DefaultHttpResponse(decodeResult: success, version: HTTP/1.1)
HTTP/1.1 200 OK
Content-Length: 26052
Content-Type: application/json; charset=utf-8
cache-control: no-cache

10:40:41.542 [AsyncHttpClient-1-29] DEBUG org.asynchttpclient.netty.channel.ChannelManager - Adding key: http://localhost:21591 for channel [id: 0xb6499cdc, L:/127.0.0.1:55408 - R:localhost/127.0.0.1:21591]
10:40:41.543 [main] DEBUG net.serenitybdd.core.photography.Darkroom - Send negative for processing for target\site\serenity\842eccb75c1ca929dac154d286cbbaa63464e313e6be69689bc35da9393b0663.png
10:40:41.544 [main] DEBUG net.thucydides.core.steps.StepInterceptor - STEP DONE: inputPassword
  &amp#27;[32mAnd &amp#27;[0m&amp#27;[32mI enter empty password&amp#27;[0m             &amp#27;[90m# starter.stepdefinitions.LoginSteps.inputEmptyPassword()&amp#27;[0m
10:40:41.544 [Darkroom Processing Line] DEBUG net.serenitybdd.core.photography.DarkroomProcessingLine - Processing screenshot image in /var/screenshots/screenshot-7035968223977552302
10:40:41.544 [Darkroom Processing Line] DEBUG net.serenitybdd.core.photography.DarkroomProcessingLine - Saving screenshot to target\site\serenity\842eccb75c1ca929dac154d286cbbaa63464e313e6be69689bc35da9393b0663.png
10:40:41.549 [Forwarding getPageSource on session 6bdb2ba68c14d7148c3630ebc5f02109 to remote] DEBUG org.asynchttpclient.netty.request.NettyRequestSender - Using pooled Channel '[id: 0xb6499cdc, L:/127.0.0.1:55408 - R:localhost/127.0.0.1:21591]' for 'POST' to 'http://localhost:21591/session/6bdb2ba68c14d7148c3630ebc5f02109/execute/sync'
10:40:41.549 [Forwarding getPageSource on session 6bdb2ba68c14d7148c3630ebc5f02109 to remote] DEBUG org.asynchttpclient.netty.request.NettyRequestSender - Using open Channel [id: 0xb6499cdc, L:/127.0.0.1:55408 - R:localhost/127.0.0.1:21591] for POST '/session/6bdb2ba68c14d7148c3630ebc5f02109/execute/sync'
10:40:41.554 [AsyncHttpClient-1-29] DEBUG org.asynchttpclient.netty.handler.HttpHandler - 

Request DefaultHttpRequest(decodeResult: success, version: HTTP/1.1)
POST /session/6bdb2ba68c14d7148c3630ebc5f02109/execute/sync HTTP/1.1
User-Agent: selenium/4.8.1 (java windows)
Content-Length: 176
Content-Type: application/json; charset=utf-8
host: localhost:21591
accept: */*

Response DefaultHttpResponse(decodeResult: success, version: HTTP/1.1)
HTTP/1.1 200 OK
Content-Length: 21737
Content-Type: application/json; charset=utf-8
cache-control: no-cache

10:40:41.554 [AsyncHttpClient-1-29] DEBUG org.asynchttpclient.netty.channel.ChannelManager - Adding key: http://localhost:21591 for channel [id: 0xb6499cdc, L:/127.0.0.1:55408 - R:localhost/127.0.0.1:21591]
10:40:41.556 [Forwarding getCurrentUrl on session 6bdb2ba68c14d7148c3630ebc5f02109 to remote] DEBUG org.asynchttpclient.netty.request.NettyRequestSender - Using pooled Channel '[id: 0xb6499cdc, L:/127.0.0.1:55408 - R:localhost/127.0.0.1:21591]' for 'GET' to 'http://localhost:21591/session/6bdb2ba68c14d7148c3630ebc5f02109/url'
10:40:41.556 [Forwarding getCurrentUrl on session 6bdb2ba68c14d7148c3630ebc5f02109 to remote] DEBUG org.asynchttpclient.netty.request.NettyRequestSender - Using open Channel [id: 0xb6499cdc, L:/127.0.0.1:55408 - R:localhost/127.0.0.1:21591] for GET '/session/6bdb2ba68c14d7148c3630ebc5f02109/url'
10:40:41.560 [AsyncHttpClient-1-29] DEBUG org.asynchttpclient.netty.handler.HttpHandler - 

Request DefaultFullHttpRequest(decodeResult: success, version: HTTP/1.1, content: EmptyByteBufBE)
GET /session/6bdb2ba68c14d7148c3630ebc5f02109/url HTTP/1.1
User-Agent: selenium/4.8.1 (java windows)
Cache-Control: no-cache
Content-Type: application/json; charset=utf-8
host: localhost:21591
accept: */*

Response DefaultHttpResponse(decodeResult: success, version: HTTP/1.1)
HTTP/1.1 200 OK
Content-Length: 51
Content-Type: application/json; charset=utf-8
cache-control: no-cache

10:40:41.560 [AsyncHttpClient-1-29] DEBUG org.asynchttpclient.netty.channel.ChannelManager - Adding key: http://localhost:21591 for channel [id: 0xb6499cdc, L:/127.0.0.1:55408 - R:localhost/127.0.0.1:21591]
10:40:41.565 [Forwarding getPageSource on session 6bdb2ba68c14d7148c3630ebc5f02109 to remote] DEBUG org.asynchttpclient.netty.request.NettyRequestSender - Using pooled Channel '[id: 0xb6499cdc, L:/127.0.0.1:55408 - R:localhost/127.0.0.1:21591]' for 'POST' to 'http://localhost:21591/session/6bdb2ba68c14d7148c3630ebc5f02109/execute/sync'
10:40:41.565 [Forwarding getPageSource on session 6bdb2ba68c14d7148c3630ebc5f02109 to remote] DEBUG org.asynchttpclient.netty.request.NettyRequestSender - Using open Channel [id: 0xb6499cdc, L:/127.0.0.1:55408 - R:localhost/127.0.0.1:21591] for POST '/session/6bdb2ba68c14d7148c3630ebc5f02109/execute/sync'
10:40:41.569 [AsyncHttpClient-1-29] DEBUG org.asynchttpclient.netty.handler.HttpHandler - 

Request DefaultHttpRequest(decodeResult: success, version: HTTP/1.1)
POST /session/6bdb2ba68c14d7148c3630ebc5f02109/execute/sync HTTP/1.1
User-Agent: selenium/4.8.1 (java windows)
Content-Length: 176
Content-Type: application/json; charset=utf-8
host: localhost:21591
accept: */*

Response DefaultHttpResponse(decodeResult: success, version: HTTP/1.1)
HTTP/1.1 200 OK
Content-Length: 21737
Content-Type: application/json; charset=utf-8
cache-control: no-cache

10:40:41.569 [AsyncHttpClient-1-29] DEBUG org.asynchttpclient.netty.channel.ChannelManager - Adding key: http://localhost:21591 for channel [id: 0xb6499cdc, L:/127.0.0.1:55408 - R:localhost/127.0.0.1:21591]
10:40:41.570 [Forwarding getCurrentUrl on session 6bdb2ba68c14d7148c3630ebc5f02109 to remote] DEBUG org.asynchttpclient.netty.request.NettyRequestSender - Using pooled Channel '[id: 0xb6499cdc, L:/127.0.0.1:55408 - R:localhost/127.0.0.1:21591]' for 'GET' to 'http://localhost:21591/session/6bdb2ba68c14d7148c3630ebc5f02109/url'
10:40:41.570 [Forwarding getCurrentUrl on session 6bdb2ba68c14d7148c3630ebc5f02109 to remote] DEBUG org.asynchttpclient.netty.request.NettyRequestSender - Using open Channel [id: 0xb6499cdc, L:/127.0.0.1:55408 - R:localhost/127.0.0.1:21591] for GET '/session/6bdb2ba68c14d7148c3630ebc5f02109/url'
10:40:41.574 [AsyncHttpClient-1-29] DEBUG org.asynchttpclient.netty.handler.HttpHandler - 

Request DefaultFullHttpRequest(decodeResult: success, version: HTTP/1.1, content: EmptyByteBufBE)
GET /session/6bdb2ba68c14d7148c3630ebc5f02109/url HTTP/1.1
User-Agent: selenium/4.8.1 (java windows)
Cache-Control: no-cache
Content-Type: application/json; charset=utf-8
host: localhost:21591
accept: */*

Response DefaultHttpResponse(decodeResult: success, version: HTTP/1.1)
HTTP/1.1 200 OK
Content-Length: 51
Content-Type: application/json; charset=utf-8
cache-control: no-cache

10:40:41.574 [AsyncHttpClient-1-29] DEBUG org.asynchttpclient.netty.channel.ChannelManager - Adding key: http://localhost:21591 for channel [id: 0xb6499cdc, L:/127.0.0.1:55408 - R:localhost/127.0.0.1:21591]
10:40:41.575 [main] DEBUG net.thucydides.core.steps.StepInterceptor - STARTING STEP: LoginSteps.clickLoginButton - clickLoginButton
10:40:41.576 [Forwarding findElement on session 6bdb2ba68c14d7148c3630ebc5f02109 to remote] DEBUG org.asynchttpclient.netty.request.NettyRequestSender - Using pooled Channel '[id: 0xb6499cdc, L:/127.0.0.1:55408 - R:localhost/127.0.0.1:21591]' for 'POST' to 'http://localhost:21591/session/6bdb2ba68c14d7148c3630ebc5f02109/element'
10:40:41.576 [Forwarding findElement on session 6bdb2ba68c14d7148c3630ebc5f02109 to remote] DEBUG org.asynchttpclient.netty.request.NettyRequestSender - Using open Channel [id: 0xb6499cdc, L:/127.0.0.1:55408 - R:localhost/127.0.0.1:21591] for POST '/session/6bdb2ba68c14d7148c3630ebc5f02109/element'
10:40:41.584 [AsyncHttpClient-1-29] DEBUG org.asynchttpclient.netty.handler.HttpHandler - 

Request DefaultHttpRequest(decodeResult: success, version: HTTP/1.1)
POST /session/6bdb2ba68c14d7148c3630ebc5f02109/element HTTP/1.1
User-Agent: selenium/4.8.1 (java windows)
Content-Length: 71
Content-Type: application/json; charset=utf-8
host: localhost:21591
accept: */*

Response DefaultHttpResponse(decodeResult: success, version: HTTP/1.1)
HTTP/1.1 200 OK
Content-Length: 88
Content-Type: application/json; charset=utf-8
cache-control: no-cache

10:40:41.584 [AsyncHttpClient-1-29] DEBUG org.asynchttpclient.netty.channel.ChannelManager - Adding key: http://localhost:21591 for channel [id: 0xb6499cdc, L:/127.0.0.1:55408 - R:localhost/127.0.0.1:21591]
10:40:41.585 [Forwarding getElementTagName on session 6bdb2ba68c14d7148c3630ebc5f02109 to remote] DEBUG org.asynchttpclient.netty.request.NettyRequestSender - Using pooled Channel '[id: 0xb6499cdc, L:/127.0.0.1:55408 - R:localhost/127.0.0.1:21591]' for 'GET' to 'http://localhost:21591/session/6bdb2ba68c14d7148c3630ebc5f02109/element/6da1068d-9964-4b24-a8e8-80e1a9dbfed5/name'
10:40:41.585 [Forwarding getElementTagName on session 6bdb2ba68c14d7148c3630ebc5f02109 to remote] DEBUG org.asynchttpclient.netty.request.NettyRequestSender - Using open Channel [id: 0xb6499cdc, L:/127.0.0.1:55408 - R:localhost/127.0.0.1:21591] for GET '/session/6bdb2ba68c14d7148c3630ebc5f02109/element/6da1068d-9964-4b24-a8e8-80e1a9dbfed5/name'
10:40:41.589 [AsyncHttpClient-1-29] DEBUG org.asynchttpclient.netty.handler.HttpHandler - 

Request DefaultFullHttpRequest(decodeResult: success, version: HTTP/1.1, content: EmptyByteBufBE)
GET /session/6bdb2ba68c14d7148c3630ebc5f02109/element/6da1068d-9964-4b24-a8e8-80e1a9dbfed5/name HTTP/1.1
User-Agent: selenium/4.8.1 (java windows)
Cache-Control: no-cache
Content-Type: application/json; charset=utf-8
host: localhost:21591
accept: */*

Response DefaultHttpResponse(decodeResult: success, version: HTTP/1.1)
HTTP/1.1 200 OK
Content-Length: 18
Content-Type: application/json; charset=utf-8
cache-control: no-cache

10:40:41.589 [AsyncHttpClient-1-29] DEBUG org.asynchttpclient.netty.channel.ChannelManager - Adding key: http://localhost:21591 for channel [id: 0xb6499cdc, L:/127.0.0.1:55408 - R:localhost/127.0.0.1:21591]
10:40:41.590 [Forwarding getElementTagName on session 6bdb2ba68c14d7148c3630ebc5f02109 to remote] DEBUG org.asynchttpclient.netty.request.NettyRequestSender - Using pooled Channel '[id: 0xb6499cdc, L:/127.0.0.1:55408 - R:localhost/127.0.0.1:21591]' for 'GET' to 'http://localhost:21591/session/6bdb2ba68c14d7148c3630ebc5f02109/element/6da1068d-9964-4b24-a8e8-80e1a9dbfed5/name'
10:40:41.590 [Forwarding getElementTagName on session 6bdb2ba68c14d7148c3630ebc5f02109 to remote] DEBUG org.asynchttpclient.netty.request.NettyRequestSender - Using open Channel [id: 0xb6499cdc, L:/127.0.0.1:55408 - R:localhost/127.0.0.1:21591] for GET '/session/6bdb2ba68c14d7148c3630ebc5f02109/element/6da1068d-9964-4b24-a8e8-80e1a9dbfed5/name'
10:40:41.592 [AsyncHttpClient-1-29] DEBUG org.asynchttpclient.netty.handler.HttpHandler - 

Request DefaultFullHttpRequest(decodeResult: success, version: HTTP/1.1, content: EmptyByteBufBE)
GET /session/6bdb2ba68c14d7148c3630ebc5f02109/element/6da1068d-9964-4b24-a8e8-80e1a9dbfed5/name HTTP/1.1
User-Agent: selenium/4.8.1 (java windows)
Cache-Control: no-cache
Content-Type: application/json; charset=utf-8
host: localhost:21591
accept: */*

Response DefaultHttpResponse(decodeResult: success, version: HTTP/1.1)
HTTP/1.1 200 OK
Content-Length: 18
Content-Type: application/json; charset=utf-8
cache-control: no-cache

10:40:41.592 [AsyncHttpClient-1-29] DEBUG org.asynchttpclient.netty.channel.ChannelManager - Adding key: http://localhost:21591 for channel [id: 0xb6499cdc, L:/127.0.0.1:55408 - R:localhost/127.0.0.1:21591]
10:40:41.594 [Forwarding isElementEnabled on session 6bdb2ba68c14d7148c3630ebc5f02109 to remote] DEBUG org.asynchttpclient.netty.request.NettyRequestSender - Using pooled Channel '[id: 0xb6499cdc, L:/127.0.0.1:55408 - R:localhost/127.0.0.1:21591]' for 'GET' to 'http://localhost:21591/session/6bdb2ba68c14d7148c3630ebc5f02109/element/6da1068d-9964-4b24-a8e8-80e1a9dbfed5/enabled'
10:40:41.594 [Forwarding isElementEnabled on session 6bdb2ba68c14d7148c3630ebc5f02109 to remote] DEBUG org.asynchttpclient.netty.request.NettyRequestSender - Using open Channel [id: 0xb6499cdc, L:/127.0.0.1:55408 - R:localhost/127.0.0.1:21591] for GET '/session/6bdb2ba68c14d7148c3630ebc5f02109/element/6da1068d-9964-4b24-a8e8-80e1a9dbfed5/enabled'
10:40:41.599 [AsyncHttpClient-1-29] DEBUG org.asynchttpclient.netty.handler.HttpHandler - 

Request DefaultFullHttpRequest(decodeResult: success, version: HTTP/1.1, content: EmptyByteBufBE)
GET /session/6bdb2ba68c14d7148c3630ebc5f02109/element/6da1068d-9964-4b24-a8e8-80e1a9dbfed5/enabled HTTP/1.1
User-Agent: selenium/4.8.1 (java windows)
Cache-Control: no-cache
Content-Type: application/json; charset=utf-8
host: localhost:21591
accept: */*

Response DefaultHttpResponse(decodeResult: success, version: HTTP/1.1)
HTTP/1.1 200 OK
Content-Length: 14
Content-Type: application/json; charset=utf-8
cache-control: no-cache

10:40:41.599 [AsyncHttpClient-1-29] DEBUG org.asynchttpclient.netty.channel.ChannelManager - Adding key: http://localhost:21591 for channel [id: 0xb6499cdc, L:/127.0.0.1:55408 - R:localhost/127.0.0.1:21591]
10:40:41.600 [Forwarding isElementEnabled on session 6bdb2ba68c14d7148c3630ebc5f02109 to remote] DEBUG org.asynchttpclient.netty.request.NettyRequestSender - Using pooled Channel '[id: 0xb6499cdc, L:/127.0.0.1:55408 - R:localhost/127.0.0.1:21591]' for 'GET' to 'http://localhost:21591/session/6bdb2ba68c14d7148c3630ebc5f02109/element/6da1068d-9964-4b24-a8e8-80e1a9dbfed5/enabled'
10:40:41.600 [Forwarding isElementEnabled on session 6bdb2ba68c14d7148c3630ebc5f02109 to remote] DEBUG org.asynchttpclient.netty.request.NettyRequestSender - Using open Channel [id: 0xb6499cdc, L:/127.0.0.1:55408 - R:localhost/127.0.0.1:21591] for GET '/session/6bdb2ba68c14d7148c3630ebc5f02109/element/6da1068d-9964-4b24-a8e8-80e1a9dbfed5/enabled'
10:40:41.604 [AsyncHttpClient-1-29] DEBUG org.asynchttpclient.netty.handler.HttpHandler - 

Request DefaultFullHttpRequest(decodeResult: success, version: HTTP/1.1, content: EmptyByteBufBE)
GET /session/6bdb2ba68c14d7148c3630ebc5f02109/element/6da1068d-9964-4b24-a8e8-80e1a9dbfed5/enabled HTTP/1.1
User-Agent: selenium/4.8.1 (java windows)
Cache-Control: no-cache
Content-Type: application/json; charset=utf-8
host: localhost:21591
accept: */*

Response DefaultHttpResponse(decodeResult: success, version: HTTP/1.1)
HTTP/1.1 200 OK
Content-Length: 14
Content-Type: application/json; charset=utf-8
cache-control: no-cache

10:40:41.604 [AsyncHttpClient-1-29] DEBUG org.asynchttpclient.netty.channel.ChannelManager - Adding key: http://localhost:21591 for channel [id: 0xb6499cdc, L:/127.0.0.1:55408 - R:localhost/127.0.0.1:21591]
10:40:41.605 [Forwarding findElement on session 6bdb2ba68c14d7148c3630ebc5f02109 to remote] DEBUG org.asynchttpclient.netty.request.NettyRequestSender - Using pooled Channel '[id: 0xb6499cdc, L:/127.0.0.1:55408 - R:localhost/127.0.0.1:21591]' for 'POST' to 'http://localhost:21591/session/6bdb2ba68c14d7148c3630ebc5f02109/element'
10:40:41.605 [Forwarding findElement on session 6bdb2ba68c14d7148c3630ebc5f02109 to remote] DEBUG org.asynchttpclient.netty.request.NettyRequestSender - Using open Channel [id: 0xb6499cdc, L:/127.0.0.1:55408 - R:localhost/127.0.0.1:21591] for POST '/session/6bdb2ba68c14d7148c3630ebc5f02109/element'
10:40:41.610 [AsyncHttpClient-1-29] DEBUG org.asynchttpclient.netty.handler.HttpHandler - 

Request DefaultHttpRequest(decodeResult: success, version: HTTP/1.1)
POST /session/6bdb2ba68c14d7148c3630ebc5f02109/element HTTP/1.1
User-Agent: selenium/4.8.1 (java windows)
Content-Length: 71
Content-Type: application/json; charset=utf-8
host: localhost:21591
accept: */*

Response DefaultHttpResponse(decodeResult: success, version: HTTP/1.1)
HTTP/1.1 200 OK
Content-Length: 88
Content-Type: application/json; charset=utf-8
cache-control: no-cache

10:40:41.610 [AsyncHttpClient-1-29] DEBUG org.asynchttpclient.netty.channel.ChannelManager - Adding key: http://localhost:21591 for channel [id: 0xb6499cdc, L:/127.0.0.1:55408 - R:localhost/127.0.0.1:21591]
10:40:41.610 [Forwarding clickElement on session 6bdb2ba68c14d7148c3630ebc5f02109 to remote] DEBUG org.asynchttpclient.netty.request.NettyRequestSender - Using pooled Channel '[id: 0xb6499cdc, L:/127.0.0.1:55408 - R:localhost/127.0.0.1:21591]' for 'POST' to 'http://localhost:21591/session/6bdb2ba68c14d7148c3630ebc5f02109/element/6da1068d-9964-4b24-a8e8-80e1a9dbfed5/click'
10:40:41.610 [Forwarding clickElement on session 6bdb2ba68c14d7148c3630ebc5f02109 to remote] DEBUG org.asynchttpclient.netty.request.NettyRequestSender - Using open Channel [id: 0xb6499cdc, L:/127.0.0.1:55408 - R:localhost/127.0.0.1:21591] for POST '/session/6bdb2ba68c14d7148c3630ebc5f02109/element/6da1068d-9964-4b24-a8e8-80e1a9dbfed5/click'
10:40:41.644 [AsyncHttpClient-1-29] DEBUG org.asynchttpclient.netty.handler.HttpHandler - 

Request DefaultHttpRequest(decodeResult: success, version: HTTP/1.1)
POST /session/6bdb2ba68c14d7148c3630ebc5f02109/element/6da1068d-9964-4b24-a8e8-80e1a9dbfed5/click HTTP/1.1
User-Agent: selenium/4.8.1 (java windows)
Content-Length: 50
Content-Type: application/json; charset=utf-8
host: localhost:21591
accept: */*

Response DefaultHttpResponse(decodeResult: success, version: HTTP/1.1)
HTTP/1.1 200 OK
Content-Length: 14
Content-Type: application/json; charset=utf-8
cache-control: no-cache

10:40:41.645 [AsyncHttpClient-1-29] DEBUG org.asynchttpclient.netty.channel.ChannelManager - Adding key: http://localhost:21591 for channel [id: 0xb6499cdc, L:/127.0.0.1:55408 - R:localhost/127.0.0.1:21591]
10:40:41.649 [Forwarding getAlertText on session 6bdb2ba68c14d7148c3630ebc5f02109 to remote] DEBUG org.asynchttpclient.netty.request.NettyRequestSender - Using pooled Channel '[id: 0xb6499cdc, L:/127.0.0.1:55408 - R:localhost/127.0.0.1:21591]' for 'GET' to 'http://localhost:21591/session/6bdb2ba68c14d7148c3630ebc5f02109/alert/text'
10:40:41.649 [Forwarding getAlertText on session 6bdb2ba68c14d7148c3630ebc5f02109 to remote] DEBUG org.asynchttpclient.netty.request.NettyRequestSender - Using open Channel [id: 0xb6499cdc, L:/127.0.0.1:55408 - R:localhost/127.0.0.1:21591] for GET '/session/6bdb2ba68c14d7148c3630ebc5f02109/alert/text'
10:40:41.651 [AsyncHttpClient-1-29] DEBUG org.asynchttpclient.netty.handler.HttpHandler - 

Request DefaultFullHttpRequest(decodeResult: success, version: HTTP/1.1, content: EmptyByteBufBE)
GET /session/6bdb2ba68c14d7148c3630ebc5f02109/alert/text HTTP/1.1
User-Agent: selenium/4.8.1 (java windows)
Cache-Control: no-cache
Content-Type: application/json; charset=utf-8
host: localhost:21591
accept: */*

Response DefaultHttpResponse(decodeResult: success, version: HTTP/1.1)
HTTP/1.1 404 Not Found
Content-Length: 836
Content-Type: application/json; charset=utf-8
cache-control: no-cache

10:40:41.651 [AsyncHttpClient-1-29] DEBUG org.asynchttpclient.netty.channel.ChannelManager - Adding key: http://localhost:21591 for channel [id: 0xb6499cdc, L:/127.0.0.1:55408 - R:localhost/127.0.0.1:21591]
10:40:41.651 [Forwarding getCurrentUrl on session 6bdb2ba68c14d7148c3630ebc5f02109 to remote] DEBUG org.asynchttpclient.netty.request.NettyRequestSender - Using pooled Channel '[id: 0xb6499cdc, L:/127.0.0.1:55408 - R:localhost/127.0.0.1:21591]' for 'GET' to 'http://localhost:21591/session/6bdb2ba68c14d7148c3630ebc5f02109/url'
10:40:41.651 [Forwarding getCurrentUrl on session 6bdb2ba68c14d7148c3630ebc5f02109 to remote] DEBUG org.asynchttpclient.netty.request.NettyRequestSender - Using open Channel [id: 0xb6499cdc, L:/127.0.0.1:55408 - R:localhost/127.0.0.1:21591] for GET '/session/6bdb2ba68c14d7148c3630ebc5f02109/url'
10:40:41.654 [AsyncHttpClient-1-29] DEBUG org.asynchttpclient.netty.handler.HttpHandler - 

Request DefaultFullHttpRequest(decodeResult: success, version: HTTP/1.1, content: EmptyByteBufBE)
GET /session/6bdb2ba68c14d7148c3630ebc5f02109/url HTTP/1.1
User-Agent: selenium/4.8.1 (java windows)
Cache-Control: no-cache
Content-Type: application/json; charset=utf-8
host: localhost:21591
accept: */*

Response DefaultHttpResponse(decodeResult: success, version: HTTP/1.1)
HTTP/1.1 200 OK
Content-Length: 51
Content-Type: application/json; charset=utf-8
cache-control: no-cache

10:40:41.654 [AsyncHttpClient-1-29] DEBUG org.asynchttpclient.netty.channel.ChannelManager - Adding key: http://localhost:21591 for channel [id: 0xb6499cdc, L:/127.0.0.1:55408 - R:localhost/127.0.0.1:21591]
10:40:41.654 [Forwarding screenshot on session 6bdb2ba68c14d7148c3630ebc5f02109 to remote] DEBUG org.asynchttpclient.netty.request.NettyRequestSender - Using pooled Channel '[id: 0xb6499cdc, L:/127.0.0.1:55408 - R:localhost/127.0.0.1:21591]' for 'GET' to 'http://localhost:21591/session/6bdb2ba68c14d7148c3630ebc5f02109/screenshot'
10:40:41.654 [Forwarding screenshot on session 6bdb2ba68c14d7148c3630ebc5f02109 to remote] DEBUG org.asynchttpclient.netty.request.NettyRequestSender - Using open Channel [id: 0xb6499cdc, L:/127.0.0.1:55408 - R:localhost/127.0.0.1:21591] for GET '/session/6bdb2ba68c14d7148c3630ebc5f02109/screenshot'
10:40:41.743 [AsyncHttpClient-1-29] DEBUG org.asynchttpclient.netty.handler.HttpHandler - 

Request DefaultFullHttpRequest(decodeResult: success, version: HTTP/1.1, content: EmptyByteBufBE)
GET /session/6bdb2ba68c14d7148c3630ebc5f02109/screenshot HTTP/1.1
User-Agent: selenium/4.8.1 (java windows)
Cache-Control: no-cache
Content-Type: application/json; charset=utf-8
host: localhost:21591
accept: */*

Response DefaultHttpResponse(decodeResult: success, version: HTTP/1.1)
HTTP/1.1 200 OK
Content-Length: 26184
Content-Type: application/json; charset=utf-8
cache-control: no-cache

10:40:41.744 [AsyncHttpClient-1-29] DEBUG org.asynchttpclient.netty.channel.ChannelManager - Adding key: http://localhost:21591 for channel [id: 0xb6499cdc, L:/127.0.0.1:55408 - R:localhost/127.0.0.1:21591]
10:40:41.745 [main] DEBUG net.serenitybdd.core.photography.Darkroom - Send negative for processing for target\site\serenity\499c39e10226004e1ca292ec707cf5600cf0a1d02bd4f2416463bec92d5e514d.png
10:40:41.745 [main] DEBUG net.thucydides.core.steps.StepInterceptor - STEP DONE: clickLoginButton
  &amp#27;[32mWhen &amp#27;[0m&amp#27;[32mI click on the login button&amp#27;[0m       &amp#27;[90m# starter.stepdefinitions.LoginSteps.clickLoginButton()&amp#27;[0m
10:40:41.745 [Darkroom Processing Line] DEBUG net.serenitybdd.core.photography.DarkroomProcessingLine - Processing screenshot image in /var/screenshots/screenshot-16861265508657508643
10:40:41.745 [Darkroom Processing Line] DEBUG net.serenitybdd.core.photography.DarkroomProcessingLine - Saving screenshot to target\site\serenity\499c39e10226004e1ca292ec707cf5600cf0a1d02bd4f2416463bec92d5e514d.png
10:40:41.751 [Forwarding getPageSource on session 6bdb2ba68c14d7148c3630ebc5f02109 to remote] DEBUG org.asynchttpclient.netty.request.NettyRequestSender - Using pooled Channel '[id: 0xb6499cdc, L:/127.0.0.1:55408 - R:localhost/127.0.0.1:21591]' for 'POST' to 'http://localhost:21591/session/6bdb2ba68c14d7148c3630ebc5f02109/execute/sync'
10:40:41.751 [Forwarding getPageSource on session 6bdb2ba68c14d7148c3630ebc5f02109 to remote] DEBUG org.asynchttpclient.netty.request.NettyRequestSender - Using open Channel [id: 0xb6499cdc, L:/127.0.0.1:55408 - R:localhost/127.0.0.1:21591] for POST '/session/6bdb2ba68c14d7148c3630ebc5f02109/execute/sync'
10:40:41.754 [AsyncHttpClient-1-29] DEBUG org.asynchttpclient.netty.handler.HttpHandler - 

Request DefaultHttpRequest(decodeResult: success, version: HTTP/1.1)
POST /session/6bdb2ba68c14d7148c3630ebc5f02109/execute/sync HTTP/1.1
User-Agent: selenium/4.8.1 (java windows)
Content-Length: 176
Content-Type: application/json; charset=utf-8
host: localhost:21591
accept: */*

Response DefaultHttpResponse(decodeResult: success, version: HTTP/1.1)
HTTP/1.1 200 OK
Content-Length: 22001
Content-Type: application/json; charset=utf-8
cache-control: no-cache

10:40:41.755 [AsyncHttpClient-1-29] DEBUG org.asynchttpclient.netty.channel.ChannelManager - Adding key: http://localhost:21591 for channel [id: 0xb6499cdc, L:/127.0.0.1:55408 - R:localhost/127.0.0.1:21591]
10:40:41.756 [Forwarding getCurrentUrl on session 6bdb2ba68c14d7148c3630ebc5f02109 to remote] DEBUG org.asynchttpclient.netty.request.NettyRequestSender - Using pooled Channel '[id: 0xb6499cdc, L:/127.0.0.1:55408 - R:localhost/127.0.0.1:21591]' for 'GET' to 'http://localhost:21591/session/6bdb2ba68c14d7148c3630ebc5f02109/url'
10:40:41.756 [Forwarding getCurrentUrl on session 6bdb2ba68c14d7148c3630ebc5f02109 to remote] DEBUG org.asynchttpclient.netty.request.NettyRequestSender - Using open Channel [id: 0xb6499cdc, L:/127.0.0.1:55408 - R:localhost/127.0.0.1:21591] for GET '/session/6bdb2ba68c14d7148c3630ebc5f02109/url'
10:40:41.763 [AsyncHttpClient-1-29] DEBUG org.asynchttpclient.netty.handler.HttpHandler - 

Request DefaultFullHttpRequest(decodeResult: success, version: HTTP/1.1, content: EmptyByteBufBE)
GET /session/6bdb2ba68c14d7148c3630ebc5f02109/url HTTP/1.1
User-Agent: selenium/4.8.1 (java windows)
Cache-Control: no-cache
Content-Type: application/json; charset=utf-8
host: localhost:21591
accept: */*

Response DefaultHttpResponse(decodeResult: success, version: HTTP/1.1)
HTTP/1.1 200 OK
Content-Length: 51
Content-Type: application/json; charset=utf-8
cache-control: no-cache

10:40:41.763 [AsyncHttpClient-1-29] DEBUG org.asynchttpclient.netty.channel.ChannelManager - Adding key: http://localhost:21591 for channel [id: 0xb6499cdc, L:/127.0.0.1:55408 - R:localhost/127.0.0.1:21591]
10:40:41.774 [Forwarding getPageSource on session 6bdb2ba68c14d7148c3630ebc5f02109 to remote] DEBUG org.asynchttpclient.netty.request.NettyRequestSender - Using pooled Channel '[id: 0xb6499cdc, L:/127.0.0.1:55408 - R:localhost/127.0.0.1:21591]' for 'POST' to 'http://localhost:21591/session/6bdb2ba68c14d7148c3630ebc5f02109/execute/sync'
10:40:41.774 [Forwarding getPageSource on session 6bdb2ba68c14d7148c3630ebc5f02109 to remote] DEBUG org.asynchttpclient.netty.request.NettyRequestSender - Using open Channel [id: 0xb6499cdc, L:/127.0.0.1:55408 - R:localhost/127.0.0.1:21591] for POST '/session/6bdb2ba68c14d7148c3630ebc5f02109/execute/sync'
10:40:41.780 [AsyncHttpClient-1-29] DEBUG org.asynchttpclient.netty.handler.HttpHandler - 

Request DefaultHttpRequest(decodeResult: success, version: HTTP/1.1)
POST /session/6bdb2ba68c14d7148c3630ebc5f02109/execute/sync HTTP/1.1
User-Agent: selenium/4.8.1 (java windows)
Content-Length: 176
Content-Type: application/json; charset=utf-8
host: localhost:21591
accept: */*

Response DefaultHttpResponse(decodeResult: success, version: HTTP/1.1)
HTTP/1.1 200 OK
Content-Length: 22001
Content-Type: application/json; charset=utf-8
cache-control: no-cache

10:40:41.780 [AsyncHttpClient-1-29] DEBUG org.asynchttpclient.netty.channel.ChannelManager - Adding key: http://localhost:21591 for channel [id: 0xb6499cdc, L:/127.0.0.1:55408 - R:localhost/127.0.0.1:21591]
10:40:41.782 [Forwarding getCurrentUrl on session 6bdb2ba68c14d7148c3630ebc5f02109 to remote] DEBUG org.asynchttpclient.netty.request.NettyRequestSender - Using pooled Channel '[id: 0xb6499cdc, L:/127.0.0.1:55408 - R:localhost/127.0.0.1:21591]' for 'GET' to 'http://localhost:21591/session/6bdb2ba68c14d7148c3630ebc5f02109/url'
10:40:41.782 [Forwarding getCurrentUrl on session 6bdb2ba68c14d7148c3630ebc5f02109 to remote] DEBUG org.asynchttpclient.netty.request.NettyRequestSender - Using open Channel [id: 0xb6499cdc, L:/127.0.0.1:55408 - R:localhost/127.0.0.1:21591] for GET '/session/6bdb2ba68c14d7148c3630ebc5f02109/url'
10:40:41.786 [AsyncHttpClient-1-29] DEBUG org.asynchttpclient.netty.handler.HttpHandler - 

Request DefaultFullHttpRequest(decodeResult: success, version: HTTP/1.1, content: EmptyByteBufBE)
GET /session/6bdb2ba68c14d7148c3630ebc5f02109/url HTTP/1.1
User-Agent: selenium/4.8.1 (java windows)
Cache-Control: no-cache
Content-Type: application/json; charset=utf-8
host: localhost:21591
accept: */*

Response DefaultHttpResponse(decodeResult: success, version: HTTP/1.1)
HTTP/1.1 200 OK
Content-Length: 51
Content-Type: application/json; charset=utf-8
cache-control: no-cache

10:40:41.786 [AsyncHttpClient-1-29] DEBUG org.asynchttpclient.netty.channel.ChannelManager - Adding key: http://localhost:21591 for channel [id: 0xb6499cdc, L:/127.0.0.1:55408 - R:localhost/127.0.0.1:21591]
10:40:41.789 [main] DEBUG net.thucydides.core.steps.StepInterceptor - STARTING STEP: LoginSteps.alertContent - incorrectAlert
10:40:41.790 [Forwarding findElement on session 6bdb2ba68c14d7148c3630ebc5f02109 to remote] DEBUG org.asynchttpclient.netty.request.NettyRequestSender - Using pooled Channel '[id: 0xb6499cdc, L:/127.0.0.1:55408 - R:localhost/127.0.0.1:21591]' for 'POST' to 'http://localhost:21591/session/6bdb2ba68c14d7148c3630ebc5f02109/element'
10:40:41.790 [Forwarding findElement on session 6bdb2ba68c14d7148c3630ebc5f02109 to remote] DEBUG org.asynchttpclient.netty.request.NettyRequestSender - Using open Channel [id: 0xb6499cdc, L:/127.0.0.1:55408 - R:localhost/127.0.0.1:21591] for POST '/session/6bdb2ba68c14d7148c3630ebc5f02109/element'
10:40:41.804 [AsyncHttpClient-1-1] DEBUG org.asynchttpclient.netty.channel.DefaultChannelPool - Entry count for : http://localhost:55410 : 1
10:40:42.196 [AsyncHttpClient-1-29] DEBUG org.asynchttpclient.netty.handler.HttpHandler - 

Request DefaultHttpRequest(decodeResult: success, version: HTTP/1.1)
POST /session/6bdb2ba68c14d7148c3630ebc5f02109/element HTTP/1.1
User-Agent: selenium/4.8.1 (java windows)
Content-Length: 54
Content-Type: application/json; charset=utf-8
host: localhost:21591
accept: */*

Response DefaultHttpResponse(decodeResult: success, version: HTTP/1.1)
HTTP/1.1 200 OK
Content-Length: 88
Content-Type: application/json; charset=utf-8
cache-control: no-cache

10:40:42.196 [AsyncHttpClient-1-29] DEBUG org.asynchttpclient.netty.channel.ChannelManager - Adding key: http://localhost:21591 for channel [id: 0xb6499cdc, L:/127.0.0.1:55408 - R:localhost/127.0.0.1:21591]
10:40:42.199 [Forwarding isElementDisplayed on session 6bdb2ba68c14d7148c3630ebc5f02109 to remote] DEBUG org.asynchttpclient.netty.request.NettyRequestSender - Using pooled Channel '[id: 0xb6499cdc, L:/127.0.0.1:55408 - R:localhost/127.0.0.1:21591]' for 'POST' to 'http://localhost:21591/session/6bdb2ba68c14d7148c3630ebc5f02109/execute/sync'
10:40:42.199 [Forwarding isElementDisplayed on session 6bdb2ba68c14d7148c3630ebc5f02109 to remote] DEBUG org.asynchttpclient.netty.request.NettyRequestSender - Using open Channel [id: 0xb6499cdc, L:/127.0.0.1:55408 - R:localhost/127.0.0.1:21591] for POST '/session/6bdb2ba68c14d7148c3630ebc5f02109/execute/sync'
10:40:42.208 [AsyncHttpClient-1-29] DEBUG org.asynchttpclient.netty.handler.HttpHandler - 

Request DefaultHttpRequest(decodeResult: success, version: HTTP/1.1)
POST /session/6bdb2ba68c14d7148c3630ebc5f02109/execute/sync HTTP/1.1
User-Agent: selenium/4.8.1 (java windows)
Content-Length: 48807
Content-Type: application/json; charset=utf-8
host: localhost:21591
accept: */*

Response DefaultHttpResponse(decodeResult: success, version: HTTP/1.1)
HTTP/1.1 200 OK
Content-Length: 14
Content-Type: application/json; charset=utf-8
cache-control: no-cache

10:40:42.208 [AsyncHttpClient-1-29] DEBUG org.asynchttpclient.netty.channel.ChannelManager - Adding key: http://localhost:21591 for channel [id: 0xb6499cdc, L:/127.0.0.1:55408 - R:localhost/127.0.0.1:21591]
10:40:42.211 [Forwarding getAlertText on session 6bdb2ba68c14d7148c3630ebc5f02109 to remote] DEBUG org.asynchttpclient.netty.request.NettyRequestSender - Using pooled Channel '[id: 0xb6499cdc, L:/127.0.0.1:55408 - R:localhost/127.0.0.1:21591]' for 'GET' to 'http://localhost:21591/session/6bdb2ba68c14d7148c3630ebc5f02109/alert/text'
10:40:42.211 [Forwarding getAlertText on session 6bdb2ba68c14d7148c3630ebc5f02109 to remote] DEBUG org.asynchttpclient.netty.request.NettyRequestSender - Using open Channel [id: 0xb6499cdc, L:/127.0.0.1:55408 - R:localhost/127.0.0.1:21591] for GET '/session/6bdb2ba68c14d7148c3630ebc5f02109/alert/text'
10:40:42.212 [AsyncHttpClient-1-29] DEBUG org.asynchttpclient.netty.handler.HttpHandler - 

Request DefaultFullHttpRequest(decodeResult: success, version: HTTP/1.1, content: EmptyByteBufBE)
GET /session/6bdb2ba68c14d7148c3630ebc5f02109/alert/text HTTP/1.1
User-Agent: selenium/4.8.1 (java windows)
Cache-Control: no-cache
Content-Type: application/json; charset=utf-8
host: localhost:21591
accept: */*

Response DefaultHttpResponse(decodeResult: success, version: HTTP/1.1)
HTTP/1.1 404 Not Found
Content-Length: 836
Content-Type: application/json; charset=utf-8
cache-control: no-cache

10:40:42.214 [AsyncHttpClient-1-29] DEBUG org.asynchttpclient.netty.channel.ChannelManager - Adding key: http://localhost:21591 for channel [id: 0xb6499cdc, L:/127.0.0.1:55408 - R:localhost/127.0.0.1:21591]
10:40:42.215 [Forwarding getCurrentUrl on session 6bdb2ba68c14d7148c3630ebc5f02109 to remote] DEBUG org.asynchttpclient.netty.request.NettyRequestSender - Using pooled Channel '[id: 0xb6499cdc, L:/127.0.0.1:55408 - R:localhost/127.0.0.1:21591]' for 'GET' to 'http://localhost:21591/session/6bdb2ba68c14d7148c3630ebc5f02109/url'
10:40:42.215 [Forwarding getCurrentUrl on session 6bdb2ba68c14d7148c3630ebc5f02109 to remote] DEBUG org.asynchttpclient.netty.request.NettyRequestSender - Using open Channel [id: 0xb6499cdc, L:/127.0.0.1:55408 - R:localhost/127.0.0.1:21591] for GET '/session/6bdb2ba68c14d7148c3630ebc5f02109/url'
10:40:42.217 [AsyncHttpClient-1-29] DEBUG org.asynchttpclient.netty.handler.HttpHandler - 

Request DefaultFullHttpRequest(decodeResult: success, version: HTTP/1.1, content: EmptyByteBufBE)
GET /session/6bdb2ba68c14d7148c3630ebc5f02109/url HTTP/1.1
User-Agent: selenium/4.8.1 (java windows)
Cache-Control: no-cache
Content-Type: application/json; charset=utf-8
host: localhost:21591
accept: */*

Response DefaultHttpResponse(decodeResult: success, version: HTTP/1.1)
HTTP/1.1 200 OK
Content-Length: 51
Content-Type: application/json; charset=utf-8
cache-control: no-cache

10:40:42.217 [AsyncHttpClient-1-29] DEBUG org.asynchttpclient.netty.channel.ChannelManager - Adding key: http://localhost:21591 for channel [id: 0xb6499cdc, L:/127.0.0.1:55408 - R:localhost/127.0.0.1:21591]
10:40:42.217 [Forwarding screenshot on session 6bdb2ba68c14d7148c3630ebc5f02109 to remote] DEBUG org.asynchttpclient.netty.request.NettyRequestSender - Using pooled Channel '[id: 0xb6499cdc, L:/127.0.0.1:55408 - R:localhost/127.0.0.1:21591]' for 'GET' to 'http://localhost:21591/session/6bdb2ba68c14d7148c3630ebc5f02109/screenshot'
10:40:42.217 [Forwarding screenshot on session 6bdb2ba68c14d7148c3630ebc5f02109 to remote] DEBUG org.asynchttpclient.netty.request.NettyRequestSender - Using open Channel [id: 0xb6499cdc, L:/127.0.0.1:55408 - R:localhost/127.0.0.1:21591] for GET '/session/6bdb2ba68c14d7148c3630ebc5f02109/screenshot'
10:40:42.312 [AsyncHttpClient-1-29] DEBUG org.asynchttpclient.netty.handler.HttpHandler - 

Request DefaultFullHttpRequest(decodeResult: success, version: HTTP/1.1, content: EmptyByteBufBE)
GET /session/6bdb2ba68c14d7148c3630ebc5f02109/screenshot HTTP/1.1
User-Agent: selenium/4.8.1 (java windows)
Cache-Control: no-cache
Content-Type: application/json; charset=utf-8
host: localhost:21591
accept: */*

Response DefaultHttpResponse(decodeResult: success, version: HTTP/1.1)
HTTP/1.1 200 OK
Content-Length: 29608
Content-Type: application/json; charset=utf-8
cache-control: no-cache

10:40:42.312 [AsyncHttpClient-1-29] DEBUG org.asynchttpclient.netty.channel.ChannelManager - Adding key: http://localhost:21591 for channel [id: 0xb6499cdc, L:/127.0.0.1:55408 - R:localhost/127.0.0.1:21591]
10:40:42.313 [main] DEBUG net.serenitybdd.core.photography.Darkroom - Send negative for processing for target\site\serenity\bd7e72eaa9b49a21fcefad9d133bd4cc6cbe4b3dd84ad1deae23d1f450df21fb.png
10:40:42.313 [main] DEBUG net.thucydides.core.steps.StepInterceptor - STEP DONE: incorrectAlert
  &amp#27;[32mThen &amp#27;[0m&amp#27;[32mI should see the error message&amp#27;[0m    &amp#27;[90m# starter.stepdefinitions.LoginSteps.alertContent()&amp#27;[0m
10:40:42.313 [Darkroom Processing Line] DEBUG net.serenitybdd.core.photography.DarkroomProcessingLine - Processing screenshot image in /var/screenshots/screenshot-17401134980496330172
10:40:42.313 [Darkroom Processing Line] DEBUG net.serenitybdd.core.photography.DarkroomProcessingLine - Saving screenshot to target\site\serenity\bd7e72eaa9b49a21fcefad9d133bd4cc6cbe4b3dd84ad1deae23d1f450df21fb.png
10:40:42.317 [main] INFO  - 
  _____   ___   ___   _____     ___     _     ___   ___   ___   ___  
 |_   _| | __| / __| |_   _|   | _ \   /_\   / __| / __| | __| |   \ 
   | |   | _|  \__ \   | |     |  _/  / _ \  \__ \ \__ \ | _|  | |) |
   |_|   |___| |___/   |_|     |_|   /_/ \_\ |___/ |___/ |___| |___/ 

Login without input any fields
----------------------------------------------------------------------
10:40:42.318 [AsyncHttpClient-1-31] DEBUG org.asynchttpclient.netty.handler.WebSocketHandler - Channel Closed: [id: 0x57bff55e, L:/127.0.0.1:55417 ! R:localhost/127.0.0.1:55410] with attribute NettyResponseFuture{currentRetry=0,
	isDone=1,
	isCancelled=0,
	asyncHandler=org.asynchttpclient.ws.WebSocketUpgradeHandler@292c1332,
	nettyRequest=org.asynchttpclient.netty.request.NettyRequest@6c2e9873,
	future=java.util.concurrent.CompletableFuture@6c38ebdc[Completed normally],
	uri=ws://localhost:55410/devtools/browser/02960150-7e6a-4cdb-b244-bfdd79eef3ba,
	keepAlive=true,
	redirectCount=0,
	timeoutsHolder=null,
	inAuth=0,
	touch=1683430819314}
10:40:42.318 [Driver Command Executor] DEBUG org.asynchttpclient.netty.request.NettyRequestSender - Using pooled Channel '[id: 0xb6499cdc, L:/127.0.0.1:55408 - R:localhost/127.0.0.1:21591]' for 'DELETE' to 'http://localhost:21591/session/6bdb2ba68c14d7148c3630ebc5f02109'
10:40:42.318 [Driver Command Executor] DEBUG org.asynchttpclient.netty.request.NettyRequestSender - Using open Channel [id: 0xb6499cdc, L:/127.0.0.1:55408 - R:localhost/127.0.0.1:21591] for DELETE '/session/6bdb2ba68c14d7148c3630ebc5f02109'
10:40:42.318 [AsyncHttpClient-1-31] DEBUG org.asynchttpclient.netty.channel.ChannelManager - Closing Channel [id: 0x57bff55e, L:/127.0.0.1:55417 ! R:localhost/127.0.0.1:55410] 
10:40:42.342 [AsyncHttpClient-1-30] DEBUG org.asynchttpclient.netty.handler.HttpHandler - Unexpected I/O exception on channel [id: 0xda4b8ff6, L:/127.0.0.1:55416 - R:localhost/127.0.0.1:55410]
java.net.SocketException: Connection reset
	at java.base/sun.nio.ch.SocketChannelImpl.throwConnectionReset(SocketChannelImpl.java:367)
	at java.base/sun.nio.ch.SocketChannelImpl.read(SocketChannelImpl.java:398)
	at io.netty.buffer.PooledByteBuf.setBytes(PooledByteBuf.java:259)
	at io.netty.buffer.AbstractByteBuf.writeBytes(AbstractByteBuf.java:1132)
	at io.netty.channel.socket.nio.NioSocketChannel.doReadBytes(NioSocketChannel.java:357)
	at io.netty.channel.nio.AbstractNioByteChannel$NioByteUnsafe.read(AbstractNioByteChannel.java:151)
	at io.netty.channel.nio.NioEventLoop.processSelectedKey(NioEventLoop.java:788)
	at io.netty.channel.nio.NioEventLoop.processSelectedKeysOptimized(NioEventLoop.java:724)
	at io.netty.channel.nio.NioEventLoop.processSelectedKeys(NioEventLoop.java:650)
	at io.netty.channel.nio.NioEventLoop.run(NioEventLoop.java:562)
	at io.netty.util.concurrent.SingleThreadEventExecutor$4.run(SingleThreadEventExecutor.java:997)
	at io.netty.util.internal.ThreadExecutorMap$2.run(ThreadExecutorMap.java:74)
	at io.netty.util.concurrent.FastThreadLocalRunnable.run(FastThreadLocalRunnable.java:30)
	at java.base/java.lang.Thread.run(Thread.java:832)
10:40:42.342 [AsyncHttpClient-1-30] DEBUG org.asynchttpclient.netty.channel.ChannelManager - Closing Channel [id: 0xda4b8ff6, L:/127.0.0.1:55416 - R:localhost/127.0.0.1:55410] 
10:40:42.342 [AsyncHttpClient-1-30] DEBUG org.asynchttpclient.netty.handler.HttpHandler - Channel Closed: [id: 0xda4b8ff6, L:/127.0.0.1:55416 ! R:localhost/127.0.0.1:55410] with attribute DISCARD
10:40:42.356 [AsyncHttpClient-1-29] DEBUG org.asynchttpclient.netty.handler.HttpHandler - 

Request DefaultFullHttpRequest(decodeResult: success, version: HTTP/1.1, content: EmptyByteBufBE)
DELETE /session/6bdb2ba68c14d7148c3630ebc5f02109 HTTP/1.1
User-Agent: selenium/4.8.1 (java windows)
Content-Type: application/json; charset=utf-8
host: localhost:21591
accept: */*

Response DefaultHttpResponse(decodeResult: success, version: HTTP/1.1)
HTTP/1.1 200 OK
Content-Length: 14
Content-Type: application/json; charset=utf-8
cache-control: no-cache

10:40:42.356 [AsyncHttpClient-1-29] DEBUG org.asynchttpclient.netty.channel.ChannelManager - Adding key: http://localhost:21591 for channel [id: 0xb6499cdc, L:/127.0.0.1:55408 - R:localhost/127.0.0.1:21591]
10:40:42.444 [AsyncHttpClient-1-29] DEBUG org.asynchttpclient.netty.handler.HttpHandler - Channel Closed: [id: 0xb6499cdc, L:/127.0.0.1:55408 ! R:localhost/127.0.0.1:21591] with attribute DISCARD
10:40:42.898 [AsyncHttpClient-1-1] DEBUG org.asynchttpclient.netty.channel.DefaultChannelPool - Entry count for : http://localhost:55410 : 1
10:40:42.898 [AsyncHttpClient-1-1] DEBUG org.asynchttpclient.netty.channel.DefaultChannelPool - Entry count for : http://localhost:21591 : 1
10:40:42.898 [AsyncHttpClient-1-1] DEBUG org.asynchttpclient.netty.channel.DefaultChannelPool - Adding Candidate expired Channel [id: 0xda4b8ff6, L:/127.0.0.1:55416 ! R:localhost/127.0.0.1:55410] isIdleTimeoutExpired=false isRemotelyClosed=true isTtlExpired=false
10:40:42.898 [AsyncHttpClient-1-1] DEBUG org.asynchttpclient.netty.channel.DefaultChannelPool - Closing Idle Channel [id: 0xda4b8ff6, L:/127.0.0.1:55416 ! R:localhost/127.0.0.1:55410]
10:40:42.898 [AsyncHttpClient-1-1] DEBUG org.asynchttpclient.netty.channel.DefaultChannelPool - Adding Candidate expired Channel [id: 0xb6499cdc, L:/127.0.0.1:55408 ! R:localhost/127.0.0.1:21591] isIdleTimeoutExpired=false isRemotelyClosed=true isTtlExpired=false
10:40:42.898 [AsyncHttpClient-1-1] DEBUG org.asynchttpclient.netty.channel.DefaultChannelPool - Closing Idle Channel [id: 0xb6499cdc, L:/127.0.0.1:55408 ! R:localhost/127.0.0.1:21591]
10:40:42.898 [AsyncHttpClient-1-1] DEBUG org.asynchttpclient.netty.channel.DefaultChannelPool - Closed 2 connections out of 2 in 0 ms
]]></system-out>
    <system-err><![CDATA[Starting ChromeDriver 111.0.5563.64 (c710e93d5b63b7095afe8c2c17df34408078439d-refs/branch-heads/5563@{#995}) on port 21591
Only local connections are allowed.
Please see https://chromedriver.chromium.org/security-considerations for suggestions on keeping ChromeDriver safe.
ChromeDriver was started successfully.
[1683430819.291][WARNING]: This version of ChromeDriver has not been tested with Chrome version 112.
May 07, 2023 10:40:19 AM org.openqa.selenium.devtools.CdpVersionFinder findNearestMatch
WARNING: Unable to find an exact match for CDP version 112, so returning the closest version found: 110
]]></system-err>
  </testcase>
  <testcase name="Add to cart by buy a product with login" classname="Product" time="5.292">
    <system-out><![CDATA[10:40:42.960 [main] DEBUG io.cucumber.core.plugin.SerenityReporter - Running feature from file:///C:/Users/WINDOWS%2010/Documents/GitHub/MiniProject_QE/Web/code/minpro/src/test/resources/features/3.%20Product.feature
10:40:42.963 [main] DEBUG net.thucydides.core.steps.StepEventBus - Test suite started for story net.thucydides.core.model.Story@8d346be0
10:40:42.963 [main] INFO  - Test Suite Started: Product

Scenario: Add to cart by buy a product with login         &amp#27;[90m# src/test/resources/features/3. Product.feature:7&amp#27;[0m
10:40:42.968 [main] DEBUG io.cucumber.core.plugin.SerenityReporter - Running feature from file:///C:/Users/WINDOWS%2010/Documents/GitHub/MiniProject_QE/Web/code/minpro/src/test/resources/features/3.%20Product.feature
10:40:42.970 [main] INFO  - 
  _____   ___   ___   _____     ___   _____     _     ___   _____   ___   ___  
 |_   _| | __| / __| |_   _|   / __| |_   _|   /_\   | _ \ |_   _| | __| |   \ 
   | |   | _|  \__ \   | |     \__ \   | |    / _ \  |   /   | |   | _|  | |) |
   |_|   |___| |___/   |_|     |___/   |_|   /_/ \_\ |_|_\   |_|   |___| |___/ 

Add to cart by buy a product with login(product;add-to-cart-by-buy-a-product-with-login)
--------------------------------------------------------------------------------
10:40:43.073 [main] DEBUG net.thucydides.core.steps.StepInterceptor - STARTING STEP: ProductSteps.onTheHomePage - openPage
10:40:43.101 [main] INFO net.serenitybdd.core.webdriver.driverproviders.ChromeDriverProvider - Starting Chrome driver instance with capabilities:
10:40:43.101 [main] INFO net.serenitybdd.core.webdriver.driverproviders.ChromeDriverProvider - Capabilities {acceptInsecureCerts: false, browserName: chrome, goog:chromeOptions: {args: [remote-allow-origins=*], extensions: []}}
10:40:43.170 [AsyncHttpClient-1-32] DEBUG org.asynchttpclient.netty.channel.NettyConnectListener - Using new Channel '[id: 0x89efd0e9, L:/127.0.0.1:55478 - R:localhost/127.0.0.1:32910]' for 'POST' to '/session'
10:40:43.831 [AsyncHttpClient-1-32] DEBUG org.asynchttpclient.netty.handler.HttpHandler - 

Request DefaultHttpRequest(decodeResult: success, version: HTTP/1.1)
POST /session HTTP/1.1
User-Agent: selenium/4.8.1 (java windows)
Content-Length: 507
Content-Type: application/json; charset=utf-8
host: localhost:32910
accept: */*

Response DefaultHttpResponse(decodeResult: success, version: HTTP/1.1)
HTTP/1.1 200 OK
Content-Length: 863
Content-Type: application/json; charset=utf-8
cache-control: no-cache

10:40:43.831 [AsyncHttpClient-1-32] DEBUG org.asynchttpclient.netty.channel.ChannelManager - Adding key: http://localhost:32910 for channel [id: 0x89efd0e9, L:/127.0.0.1:55478 - R:localhost/127.0.0.1:32910]
10:40:43.836 [AsyncHttpClient-1-33] DEBUG org.asynchttpclient.netty.channel.NettyConnectListener - Using new Channel '[id: 0x1f42df59, L:/127.0.0.1:55489 - R:localhost/127.0.0.1:55483]' for 'GET' to '/json/version'
10:40:43.837 [AsyncHttpClient-1-33] DEBUG org.asynchttpclient.netty.handler.HttpHandler - 

Request DefaultFullHttpRequest(decodeResult: success, version: HTTP/1.1, content: EmptyByteBufBE)
GET /json/version HTTP/1.1
User-Agent: selenium/4.8.1 (java windows)
host: localhost:55483
accept: */*

Response DefaultHttpResponse(decodeResult: success, version: HTTP/1.1)
HTTP/1.1 200 OK
Content-Security-Policy: frame-ancestors 'none'
Content-Length: 424
Content-Type: application/json; charset=UTF-8

10:40:43.837 [AsyncHttpClient-1-33] DEBUG org.asynchttpclient.netty.channel.ChannelManager - Adding key: http://localhost:55483 for channel [id: 0x1f42df59, L:/127.0.0.1:55489 - R:localhost/127.0.0.1:55483]
10:40:43.839 [AsyncHttpClient-1-2] DEBUG org.asynchttpclient.netty.channel.NettyConnectListener - Using new Channel '[id: 0x8b941fec, L:/127.0.0.1:55490 - R:localhost/127.0.0.1:55483]' for 'GET' to '/devtools/browser/f23e587d-7c38-4107-91b9-c3419921f4a5'
10:40:43.840 [AsyncHttpClient-1-2] DEBUG org.asynchttpclient.netty.handler.WebSocketHandler - 

Request DefaultFullHttpRequest(decodeResult: success, version: HTTP/1.1, content: EmptyByteBufBE)
GET /devtools/browser/f23e587d-7c38-4107-91b9-c3419921f4a5 HTTP/1.1
upgrade: websocket
connection: upgrade
sec-websocket-key: RXJTbEOayt0sh8JOcOIuAA==
sec-websocket-version: 13
origin: http://localhost:55483
host: localhost:55483
accept: */*
user-agent: AHC/2.1

Response DefaultHttpResponse(decodeResult: success, version: HTTP/1.1)
HTTP/1.1 101 WebSocket Protocol Handshake
Upgrade: WebSocket
Connection: Upgrade
Sec-WebSocket-Accept: E0HdnBZL7+fiwMXKXiRjmlv9HrE=

10:40:43.843 [Forwarding get on session 4f12863b76d78851ab71a53c138b02d8 to remote] DEBUG org.asynchttpclient.netty.request.NettyRequestSender - Using pooled Channel '[id: 0x89efd0e9, L:/127.0.0.1:55478 - R:localhost/127.0.0.1:32910]' for 'POST' to 'http://localhost:32910/session/4f12863b76d78851ab71a53c138b02d8/url'
10:40:43.843 [Forwarding get on session 4f12863b76d78851ab71a53c138b02d8 to remote] DEBUG org.asynchttpclient.netty.request.NettyRequestSender - Using open Channel [id: 0x89efd0e9, L:/127.0.0.1:55478 - R:localhost/127.0.0.1:32910] for POST '/session/4f12863b76d78851ab71a53c138b02d8/url'
10:40:43.999 [AsyncHttpClient-1-1] DEBUG org.asynchttpclient.netty.channel.DefaultChannelPool - Entry count for : http://localhost:55483 : 1
10:40:44.874 [AsyncHttpClient-1-32] DEBUG org.asynchttpclient.netty.handler.HttpHandler - 

Request DefaultHttpRequest(decodeResult: success, version: HTTP/1.1)
POST /session/4f12863b76d78851ab71a53c138b02d8/url HTTP/1.1
User-Agent: selenium/4.8.1 (java windows)
Content-Length: 74
Content-Type: application/json; charset=utf-8
host: localhost:32910
accept: */*

Response DefaultHttpResponse(decodeResult: success, version: HTTP/1.1)
HTTP/1.1 200 OK
Content-Length: 14
Content-Type: application/json; charset=utf-8
cache-control: no-cache

10:40:44.874 [AsyncHttpClient-1-32] DEBUG org.asynchttpclient.netty.channel.ChannelManager - Adding key: http://localhost:32910 for channel [id: 0x89efd0e9, L:/127.0.0.1:55478 - R:localhost/127.0.0.1:32910]
10:40:44.875 [Forwarding setTimeout on session 4f12863b76d78851ab71a53c138b02d8 to remote] DEBUG org.asynchttpclient.netty.request.NettyRequestSender - Using pooled Channel '[id: 0x89efd0e9, L:/127.0.0.1:55478 - R:localhost/127.0.0.1:32910]' for 'POST' to 'http://localhost:32910/session/4f12863b76d78851ab71a53c138b02d8/timeouts'
10:40:44.875 [Forwarding setTimeout on session 4f12863b76d78851ab71a53c138b02d8 to remote] DEBUG org.asynchttpclient.netty.request.NettyRequestSender - Using open Channel [id: 0x89efd0e9, L:/127.0.0.1:55478 - R:localhost/127.0.0.1:32910] for POST '/session/4f12863b76d78851ab71a53c138b02d8/timeouts'
10:40:44.876 [AsyncHttpClient-1-32] DEBUG org.asynchttpclient.netty.handler.HttpHandler - 

Request DefaultHttpRequest(decodeResult: success, version: HTTP/1.1)
POST /session/4f12863b76d78851ab71a53c138b02d8/timeouts HTTP/1.1
User-Agent: selenium/4.8.1 (java windows)
Content-Length: 22
Content-Type: application/json; charset=utf-8
host: localhost:32910
accept: */*

Response DefaultHttpResponse(decodeResult: success, version: HTTP/1.1)
HTTP/1.1 200 OK
Content-Length: 14
Content-Type: application/json; charset=utf-8
cache-control: no-cache

10:40:44.876 [AsyncHttpClient-1-32] DEBUG org.asynchttpclient.netty.channel.ChannelManager - Adding key: http://localhost:32910 for channel [id: 0x89efd0e9, L:/127.0.0.1:55478 - R:localhost/127.0.0.1:32910]
10:40:44.879 [main] DEBUG net.serenitybdd.core.photography.Darkroom - Opening darkroom
10:40:44.880 [Darkroom Processing Line] DEBUG net.serenitybdd.core.photography.DarkroomProcessingLine - Darkroom processing line starting up
10:40:44.880 [Forwarding getAlertText on session 4f12863b76d78851ab71a53c138b02d8 to remote] DEBUG org.asynchttpclient.netty.request.NettyRequestSender - Using pooled Channel '[id: 0x89efd0e9, L:/127.0.0.1:55478 - R:localhost/127.0.0.1:32910]' for 'GET' to 'http://localhost:32910/session/4f12863b76d78851ab71a53c138b02d8/alert/text'
10:40:44.880 [Forwarding getAlertText on session 4f12863b76d78851ab71a53c138b02d8 to remote] DEBUG org.asynchttpclient.netty.request.NettyRequestSender - Using open Channel [id: 0x89efd0e9, L:/127.0.0.1:55478 - R:localhost/127.0.0.1:32910] for GET '/session/4f12863b76d78851ab71a53c138b02d8/alert/text'
10:40:44.881 [AsyncHttpClient-1-32] DEBUG org.asynchttpclient.netty.handler.HttpHandler - 

Request DefaultFullHttpRequest(decodeResult: success, version: HTTP/1.1, content: EmptyByteBufBE)
GET /session/4f12863b76d78851ab71a53c138b02d8/alert/text HTTP/1.1
User-Agent: selenium/4.8.1 (java windows)
Cache-Control: no-cache
Content-Type: application/json; charset=utf-8
host: localhost:32910
accept: */*

Response DefaultHttpResponse(decodeResult: success, version: HTTP/1.1)
HTTP/1.1 404 Not Found
Content-Length: 836
Content-Type: application/json; charset=utf-8
cache-control: no-cache

10:40:44.881 [AsyncHttpClient-1-32] DEBUG org.asynchttpclient.netty.channel.ChannelManager - Adding key: http://localhost:32910 for channel [id: 0x89efd0e9, L:/127.0.0.1:55478 - R:localhost/127.0.0.1:32910]
10:40:44.882 [Forwarding getCurrentUrl on session 4f12863b76d78851ab71a53c138b02d8 to remote] DEBUG org.asynchttpclient.netty.request.NettyRequestSender - Using pooled Channel '[id: 0x89efd0e9, L:/127.0.0.1:55478 - R:localhost/127.0.0.1:32910]' for 'GET' to 'http://localhost:32910/session/4f12863b76d78851ab71a53c138b02d8/url'
10:40:44.882 [Forwarding getCurrentUrl on session 4f12863b76d78851ab71a53c138b02d8 to remote] DEBUG org.asynchttpclient.netty.request.NettyRequestSender - Using open Channel [id: 0x89efd0e9, L:/127.0.0.1:55478 - R:localhost/127.0.0.1:32910] for GET '/session/4f12863b76d78851ab71a53c138b02d8/url'
10:40:44.890 [AsyncHttpClient-1-32] DEBUG org.asynchttpclient.netty.handler.HttpHandler - 

Request DefaultFullHttpRequest(decodeResult: success, version: HTTP/1.1, content: EmptyByteBufBE)
GET /session/4f12863b76d78851ab71a53c138b02d8/url HTTP/1.1
User-Agent: selenium/4.8.1 (java windows)
Cache-Control: no-cache
Content-Type: application/json; charset=utf-8
host: localhost:32910
accept: */*

Response DefaultHttpResponse(decodeResult: success, version: HTTP/1.1)
HTTP/1.1 200 OK
Content-Length: 51
Content-Type: application/json; charset=utf-8
cache-control: no-cache

10:40:44.890 [AsyncHttpClient-1-32] DEBUG org.asynchttpclient.netty.channel.ChannelManager - Adding key: http://localhost:32910 for channel [id: 0x89efd0e9, L:/127.0.0.1:55478 - R:localhost/127.0.0.1:32910]
10:40:44.891 [Forwarding screenshot on session 4f12863b76d78851ab71a53c138b02d8 to remote] DEBUG org.asynchttpclient.netty.request.NettyRequestSender - Using pooled Channel '[id: 0x89efd0e9, L:/127.0.0.1:55478 - R:localhost/127.0.0.1:32910]' for 'GET' to 'http://localhost:32910/session/4f12863b76d78851ab71a53c138b02d8/screenshot'
10:40:44.891 [Forwarding screenshot on session 4f12863b76d78851ab71a53c138b02d8 to remote] DEBUG org.asynchttpclient.netty.request.NettyRequestSender - Using open Channel [id: 0x89efd0e9, L:/127.0.0.1:55478 - R:localhost/127.0.0.1:32910] for GET '/session/4f12863b76d78851ab71a53c138b02d8/screenshot'
10:40:44.959 [AsyncHttpClient-1-32] DEBUG org.asynchttpclient.netty.handler.HttpHandler - 

Request DefaultFullHttpRequest(decodeResult: success, version: HTTP/1.1, content: EmptyByteBufBE)
GET /session/4f12863b76d78851ab71a53c138b02d8/screenshot HTTP/1.1
User-Agent: selenium/4.8.1 (java windows)
Cache-Control: no-cache
Content-Type: application/json; charset=utf-8
host: localhost:32910
accept: */*

Response DefaultHttpResponse(decodeResult: success, version: HTTP/1.1)
HTTP/1.1 200 OK
Content-Length: 25208
Content-Type: application/json; charset=utf-8
cache-control: no-cache

10:40:44.959 [AsyncHttpClient-1-32] DEBUG org.asynchttpclient.netty.channel.ChannelManager - Adding key: http://localhost:32910 for channel [id: 0x89efd0e9, L:/127.0.0.1:55478 - R:localhost/127.0.0.1:32910]
10:40:44.960 [main] DEBUG net.serenitybdd.core.photography.Darkroom - Send negative for processing for target\site\serenity\edb14d4aab401efa0e4fb99861e6ffcafebc86a67b69f7828890b9910ed2ddbd.png
10:40:44.961 [main] DEBUG net.thucydides.core.steps.StepInterceptor - STEP DONE: openPage
10:40:44.964 [Forwarding getPageSource on session 4f12863b76d78851ab71a53c138b02d8 to remote] DEBUG org.asynchttpclient.netty.request.NettyRequestSender - Using pooled Channel '[id: 0x89efd0e9, L:/127.0.0.1:55478 - R:localhost/127.0.0.1:32910]' for 'POST' to 'http://localhost:32910/session/4f12863b76d78851ab71a53c138b02d8/execute/sync'
10:40:44.964 [Forwarding getPageSource on session 4f12863b76d78851ab71a53c138b02d8 to remote] DEBUG org.asynchttpclient.netty.request.NettyRequestSender - Using open Channel [id: 0x89efd0e9, L:/127.0.0.1:55478 - R:localhost/127.0.0.1:32910] for POST '/session/4f12863b76d78851ab71a53c138b02d8/execute/sync'
10:40:44.970 [AsyncHttpClient-1-32] DEBUG org.asynchttpclient.netty.handler.HttpHandler - 

Request DefaultHttpRequest(decodeResult: success, version: HTTP/1.1)
POST /session/4f12863b76d78851ab71a53c138b02d8/execute/sync HTTP/1.1
User-Agent: selenium/4.8.1 (java windows)
Content-Length: 176
Content-Type: application/json; charset=utf-8
host: localhost:32910
accept: */*

Response DefaultHttpResponse(decodeResult: success, version: HTTP/1.1)
HTTP/1.1 200 OK
Content-Length: 21659
Content-Type: application/json; charset=utf-8
cache-control: no-cache

10:40:44.970 [AsyncHttpClient-1-32] DEBUG org.asynchttpclient.netty.channel.ChannelManager - Adding key: http://localhost:32910 for channel [id: 0x89efd0e9, L:/127.0.0.1:55478 - R:localhost/127.0.0.1:32910]
10:40:44.971 [Forwarding getCurrentUrl on session 4f12863b76d78851ab71a53c138b02d8 to remote] DEBUG org.asynchttpclient.netty.request.NettyRequestSender - Using pooled Channel '[id: 0x89efd0e9, L:/127.0.0.1:55478 - R:localhost/127.0.0.1:32910]' for 'GET' to 'http://localhost:32910/session/4f12863b76d78851ab71a53c138b02d8/url'
10:40:44.971 [Forwarding getCurrentUrl on session 4f12863b76d78851ab71a53c138b02d8 to remote] DEBUG org.asynchttpclient.netty.request.NettyRequestSender - Using open Channel [id: 0x89efd0e9, L:/127.0.0.1:55478 - R:localhost/127.0.0.1:32910] for GET '/session/4f12863b76d78851ab71a53c138b02d8/url'
10:40:44.974 [AsyncHttpClient-1-32] DEBUG org.asynchttpclient.netty.handler.HttpHandler - 

Request DefaultFullHttpRequest(decodeResult: success, version: HTTP/1.1, content: EmptyByteBufBE)
GET /session/4f12863b76d78851ab71a53c138b02d8/url HTTP/1.1
User-Agent: selenium/4.8.1 (java windows)
Cache-Control: no-cache
Content-Type: application/json; charset=utf-8
host: localhost:32910
accept: */*

Response DefaultHttpResponse(decodeResult: success, version: HTTP/1.1)
HTTP/1.1 200 OK
Content-Length: 51
Content-Type: application/json; charset=utf-8
cache-control: no-cache

10:40:44.974 [AsyncHttpClient-1-32] DEBUG org.asynchttpclient.netty.channel.ChannelManager - Adding key: http://localhost:32910 for channel [id: 0x89efd0e9, L:/127.0.0.1:55478 - R:localhost/127.0.0.1:32910]
10:40:44.975 [main] DEBUG net.thucydides.core.steps.StepInterceptor - STARTING STEP: ProductSteps.onTheHomePage - inputEmail
10:40:44.977 [Forwarding findElement on session 4f12863b76d78851ab71a53c138b02d8 to remote] DEBUG org.asynchttpclient.netty.request.NettyRequestSender - Using pooled Channel '[id: 0x89efd0e9, L:/127.0.0.1:55478 - R:localhost/127.0.0.1:32910]' for 'POST' to 'http://localhost:32910/session/4f12863b76d78851ab71a53c138b02d8/element'
10:40:44.977 [Forwarding findElement on session 4f12863b76d78851ab71a53c138b02d8 to remote] DEBUG org.asynchttpclient.netty.request.NettyRequestSender - Using open Channel [id: 0x89efd0e9, L:/127.0.0.1:55478 - R:localhost/127.0.0.1:32910] for POST '/session/4f12863b76d78851ab71a53c138b02d8/element'
10:40:44.986 [AsyncHttpClient-1-32] DEBUG org.asynchttpclient.netty.handler.HttpHandler - 

Request DefaultHttpRequest(decodeResult: success, version: HTTP/1.1)
POST /session/4f12863b76d78851ab71a53c138b02d8/element HTTP/1.1
User-Agent: selenium/4.8.1 (java windows)
Content-Length: 55
Content-Type: application/json; charset=utf-8
host: localhost:32910
accept: */*

Response DefaultHttpResponse(decodeResult: success, version: HTTP/1.1)
HTTP/1.1 200 OK
Content-Length: 88
Content-Type: application/json; charset=utf-8
cache-control: no-cache

10:40:44.986 [AsyncHttpClient-1-32] DEBUG org.asynchttpclient.netty.channel.ChannelManager - Adding key: http://localhost:32910 for channel [id: 0x89efd0e9, L:/127.0.0.1:55478 - R:localhost/127.0.0.1:32910]
10:40:44.986 [Forwarding clearElement on session 4f12863b76d78851ab71a53c138b02d8 to remote] DEBUG org.asynchttpclient.netty.request.NettyRequestSender - Using pooled Channel '[id: 0x89efd0e9, L:/127.0.0.1:55478 - R:localhost/127.0.0.1:32910]' for 'POST' to 'http://localhost:32910/session/4f12863b76d78851ab71a53c138b02d8/element/0599b83d-9d04-4ca0-bcf5-f49ff4459fbd/clear'
10:40:44.986 [Forwarding clearElement on session 4f12863b76d78851ab71a53c138b02d8 to remote] DEBUG org.asynchttpclient.netty.request.NettyRequestSender - Using open Channel [id: 0x89efd0e9, L:/127.0.0.1:55478 - R:localhost/127.0.0.1:32910] for POST '/session/4f12863b76d78851ab71a53c138b02d8/element/0599b83d-9d04-4ca0-bcf5-f49ff4459fbd/clear'
10:40:45.009 [AsyncHttpClient-1-32] DEBUG org.asynchttpclient.netty.handler.HttpHandler - 

Request DefaultHttpRequest(decodeResult: success, version: HTTP/1.1)
POST /session/4f12863b76d78851ab71a53c138b02d8/element/0599b83d-9d04-4ca0-bcf5-f49ff4459fbd/clear HTTP/1.1
User-Agent: selenium/4.8.1 (java windows)
Content-Length: 50
Content-Type: application/json; charset=utf-8
host: localhost:32910
accept: */*

Response DefaultHttpResponse(decodeResult: success, version: HTTP/1.1)
HTTP/1.1 200 OK
Content-Length: 14
Content-Type: application/json; charset=utf-8
cache-control: no-cache

10:40:45.009 [AsyncHttpClient-1-32] DEBUG org.asynchttpclient.netty.channel.ChannelManager - Adding key: http://localhost:32910 for channel [id: 0x89efd0e9, L:/127.0.0.1:55478 - R:localhost/127.0.0.1:32910]
10:40:45.010 [Forwarding sendKeysToElement on session 4f12863b76d78851ab71a53c138b02d8 to remote] DEBUG org.asynchttpclient.netty.request.NettyRequestSender - Using pooled Channel '[id: 0x89efd0e9, L:/127.0.0.1:55478 - R:localhost/127.0.0.1:32910]' for 'POST' to 'http://localhost:32910/session/4f12863b76d78851ab71a53c138b02d8/element/0599b83d-9d04-4ca0-bcf5-f49ff4459fbd/value'
10:40:45.010 [Forwarding sendKeysToElement on session 4f12863b76d78851ab71a53c138b02d8 to remote] DEBUG org.asynchttpclient.netty.request.NettyRequestSender - Using open Channel [id: 0x89efd0e9, L:/127.0.0.1:55478 - R:localhost/127.0.0.1:32910] for POST '/session/4f12863b76d78851ab71a53c138b02d8/element/0599b83d-9d04-4ca0-bcf5-f49ff4459fbd/value'
10:40:45.083 [AsyncHttpClient-1-32] DEBUG org.asynchttpclient.netty.handler.HttpHandler - 

Request DefaultHttpRequest(decodeResult: success, version: HTTP/1.1)
POST /session/4f12863b76d78851ab71a53c138b02d8/element/0599b83d-9d04-4ca0-bcf5-f49ff4459fbd/value HTTP/1.1
User-Agent: selenium/4.8.1 (java windows)
Content-Length: 241
Content-Type: application/json; charset=utf-8
host: localhost:32910
accept: */*

Response DefaultHttpResponse(decodeResult: success, version: HTTP/1.1)
HTTP/1.1 200 OK
Content-Length: 14
Content-Type: application/json; charset=utf-8
cache-control: no-cache

10:40:45.083 [AsyncHttpClient-1-32] DEBUG org.asynchttpclient.netty.channel.ChannelManager - Adding key: http://localhost:32910 for channel [id: 0x89efd0e9, L:/127.0.0.1:55478 - R:localhost/127.0.0.1:32910]
10:40:45.088 [Forwarding getAlertText on session 4f12863b76d78851ab71a53c138b02d8 to remote] DEBUG org.asynchttpclient.netty.request.NettyRequestSender - Using pooled Channel '[id: 0x89efd0e9, L:/127.0.0.1:55478 - R:localhost/127.0.0.1:32910]' for 'GET' to 'http://localhost:32910/session/4f12863b76d78851ab71a53c138b02d8/alert/text'
10:40:45.088 [Forwarding getAlertText on session 4f12863b76d78851ab71a53c138b02d8 to remote] DEBUG org.asynchttpclient.netty.request.NettyRequestSender - Using open Channel [id: 0x89efd0e9, L:/127.0.0.1:55478 - R:localhost/127.0.0.1:32910] for GET '/session/4f12863b76d78851ab71a53c138b02d8/alert/text'
10:40:45.089 [AsyncHttpClient-1-32] DEBUG org.asynchttpclient.netty.handler.HttpHandler - 

Request DefaultFullHttpRequest(decodeResult: success, version: HTTP/1.1, content: EmptyByteBufBE)
GET /session/4f12863b76d78851ab71a53c138b02d8/alert/text HTTP/1.1
User-Agent: selenium/4.8.1 (java windows)
Cache-Control: no-cache
Content-Type: application/json; charset=utf-8
host: localhost:32910
accept: */*

Response DefaultHttpResponse(decodeResult: success, version: HTTP/1.1)
HTTP/1.1 404 Not Found
Content-Length: 836
Content-Type: application/json; charset=utf-8
cache-control: no-cache

10:40:45.089 [AsyncHttpClient-1-32] DEBUG org.asynchttpclient.netty.channel.ChannelManager - Adding key: http://localhost:32910 for channel [id: 0x89efd0e9, L:/127.0.0.1:55478 - R:localhost/127.0.0.1:32910]
10:40:45.090 [Forwarding getCurrentUrl on session 4f12863b76d78851ab71a53c138b02d8 to remote] DEBUG org.asynchttpclient.netty.request.NettyRequestSender - Using pooled Channel '[id: 0x89efd0e9, L:/127.0.0.1:55478 - R:localhost/127.0.0.1:32910]' for 'GET' to 'http://localhost:32910/session/4f12863b76d78851ab71a53c138b02d8/url'
10:40:45.090 [Forwarding getCurrentUrl on session 4f12863b76d78851ab71a53c138b02d8 to remote] DEBUG org.asynchttpclient.netty.request.NettyRequestSender - Using open Channel [id: 0x89efd0e9, L:/127.0.0.1:55478 - R:localhost/127.0.0.1:32910] for GET '/session/4f12863b76d78851ab71a53c138b02d8/url'
10:40:45.092 [AsyncHttpClient-1-32] DEBUG org.asynchttpclient.netty.handler.HttpHandler - 

Request DefaultFullHttpRequest(decodeResult: success, version: HTTP/1.1, content: EmptyByteBufBE)
GET /session/4f12863b76d78851ab71a53c138b02d8/url HTTP/1.1
User-Agent: selenium/4.8.1 (java windows)
Cache-Control: no-cache
Content-Type: application/json; charset=utf-8
host: localhost:32910
accept: */*

Response DefaultHttpResponse(decodeResult: success, version: HTTP/1.1)
HTTP/1.1 200 OK
Content-Length: 51
Content-Type: application/json; charset=utf-8
cache-control: no-cache

10:40:45.092 [AsyncHttpClient-1-32] DEBUG org.asynchttpclient.netty.channel.ChannelManager - Adding key: http://localhost:32910 for channel [id: 0x89efd0e9, L:/127.0.0.1:55478 - R:localhost/127.0.0.1:32910]
10:40:45.093 [Forwarding screenshot on session 4f12863b76d78851ab71a53c138b02d8 to remote] DEBUG org.asynchttpclient.netty.request.NettyRequestSender - Using pooled Channel '[id: 0x89efd0e9, L:/127.0.0.1:55478 - R:localhost/127.0.0.1:32910]' for 'GET' to 'http://localhost:32910/session/4f12863b76d78851ab71a53c138b02d8/screenshot'
10:40:45.093 [Forwarding screenshot on session 4f12863b76d78851ab71a53c138b02d8 to remote] DEBUG org.asynchttpclient.netty.request.NettyRequestSender - Using open Channel [id: 0x89efd0e9, L:/127.0.0.1:55478 - R:localhost/127.0.0.1:32910] for GET '/session/4f12863b76d78851ab71a53c138b02d8/screenshot'
10:40:45.101 [AsyncHttpClient-1-1] DEBUG org.asynchttpclient.netty.channel.DefaultChannelPool - Entry count for : http://localhost:55483 : 1
10:40:45.193 [AsyncHttpClient-1-32] DEBUG org.asynchttpclient.netty.handler.HttpHandler - 

Request DefaultFullHttpRequest(decodeResult: success, version: HTTP/1.1, content: EmptyByteBufBE)
GET /session/4f12863b76d78851ab71a53c138b02d8/screenshot HTTP/1.1
User-Agent: selenium/4.8.1 (java windows)
Cache-Control: no-cache
Content-Type: application/json; charset=utf-8
host: localhost:32910
accept: */*

Response DefaultHttpResponse(decodeResult: success, version: HTTP/1.1)
HTTP/1.1 200 OK
Content-Length: 30288
Content-Type: application/json; charset=utf-8
cache-control: no-cache

10:40:45.193 [AsyncHttpClient-1-32] DEBUG org.asynchttpclient.netty.channel.ChannelManager - Adding key: http://localhost:32910 for channel [id: 0x89efd0e9, L:/127.0.0.1:55478 - R:localhost/127.0.0.1:32910]
10:40:45.194 [main] DEBUG net.serenitybdd.core.photography.Darkroom - Send negative for processing for target\site\serenity\fa5946795b5d9e665a7573b8c1cfe365a978ce0acc00ccd06c4666f580c6c83c.png
10:40:45.194 [main] DEBUG net.thucydides.core.steps.StepInterceptor - STEP DONE: inputEmail
10:40:45.195 [Darkroom Processing Line] DEBUG net.serenitybdd.core.photography.DarkroomProcessingLine - Processing screenshot image in /var/screenshots/screenshot-11158907321548567962
10:40:45.195 [Darkroom Processing Line] DEBUG net.serenitybdd.core.photography.DarkroomProcessingLine - Saving screenshot to target\site\serenity\fa5946795b5d9e665a7573b8c1cfe365a978ce0acc00ccd06c4666f580c6c83c.png
10:40:45.199 [Forwarding getPageSource on session 4f12863b76d78851ab71a53c138b02d8 to remote] DEBUG org.asynchttpclient.netty.request.NettyRequestSender - Using pooled Channel '[id: 0x89efd0e9, L:/127.0.0.1:55478 - R:localhost/127.0.0.1:32910]' for 'POST' to 'http://localhost:32910/session/4f12863b76d78851ab71a53c138b02d8/execute/sync'
10:40:45.199 [Forwarding getPageSource on session 4f12863b76d78851ab71a53c138b02d8 to remote] DEBUG org.asynchttpclient.netty.request.NettyRequestSender - Using open Channel [id: 0x89efd0e9, L:/127.0.0.1:55478 - R:localhost/127.0.0.1:32910] for POST '/session/4f12863b76d78851ab71a53c138b02d8/execute/sync'
10:40:45.202 [AsyncHttpClient-1-32] DEBUG org.asynchttpclient.netty.handler.HttpHandler - 

Request DefaultHttpRequest(decodeResult: success, version: HTTP/1.1)
POST /session/4f12863b76d78851ab71a53c138b02d8/execute/sync HTTP/1.1
User-Agent: selenium/4.8.1 (java windows)
Content-Length: 176
Content-Type: application/json; charset=utf-8
host: localhost:32910
accept: */*

Response DefaultHttpResponse(decodeResult: success, version: HTTP/1.1)
HTTP/1.1 200 OK
Content-Length: 21780
Content-Type: application/json; charset=utf-8
cache-control: no-cache

10:40:45.202 [AsyncHttpClient-1-32] DEBUG org.asynchttpclient.netty.channel.ChannelManager - Adding key: http://localhost:32910 for channel [id: 0x89efd0e9, L:/127.0.0.1:55478 - R:localhost/127.0.0.1:32910]
10:40:45.203 [Forwarding getCurrentUrl on session 4f12863b76d78851ab71a53c138b02d8 to remote] DEBUG org.asynchttpclient.netty.request.NettyRequestSender - Using pooled Channel '[id: 0x89efd0e9, L:/127.0.0.1:55478 - R:localhost/127.0.0.1:32910]' for 'GET' to 'http://localhost:32910/session/4f12863b76d78851ab71a53c138b02d8/url'
10:40:45.203 [Forwarding getCurrentUrl on session 4f12863b76d78851ab71a53c138b02d8 to remote] DEBUG org.asynchttpclient.netty.request.NettyRequestSender - Using open Channel [id: 0x89efd0e9, L:/127.0.0.1:55478 - R:localhost/127.0.0.1:32910] for GET '/session/4f12863b76d78851ab71a53c138b02d8/url'
10:40:45.209 [AsyncHttpClient-1-32] DEBUG org.asynchttpclient.netty.handler.HttpHandler - 

Request DefaultFullHttpRequest(decodeResult: success, version: HTTP/1.1, content: EmptyByteBufBE)
GET /session/4f12863b76d78851ab71a53c138b02d8/url HTTP/1.1
User-Agent: selenium/4.8.1 (java windows)
Cache-Control: no-cache
Content-Type: application/json; charset=utf-8
host: localhost:32910
accept: */*

Response DefaultHttpResponse(decodeResult: success, version: HTTP/1.1)
HTTP/1.1 200 OK
Content-Length: 51
Content-Type: application/json; charset=utf-8
cache-control: no-cache

10:40:45.209 [AsyncHttpClient-1-32] DEBUG org.asynchttpclient.netty.channel.ChannelManager - Adding key: http://localhost:32910 for channel [id: 0x89efd0e9, L:/127.0.0.1:55478 - R:localhost/127.0.0.1:32910]
10:40:45.210 [main] DEBUG net.thucydides.core.steps.StepInterceptor - STARTING STEP: ProductSteps.onTheHomePage - inputPassword
10:40:45.212 [Forwarding findElement on session 4f12863b76d78851ab71a53c138b02d8 to remote] DEBUG org.asynchttpclient.netty.request.NettyRequestSender - Using pooled Channel '[id: 0x89efd0e9, L:/127.0.0.1:55478 - R:localhost/127.0.0.1:32910]' for 'POST' to 'http://localhost:32910/session/4f12863b76d78851ab71a53c138b02d8/element'
10:40:45.212 [Forwarding findElement on session 4f12863b76d78851ab71a53c138b02d8 to remote] DEBUG org.asynchttpclient.netty.request.NettyRequestSender - Using open Channel [id: 0x89efd0e9, L:/127.0.0.1:55478 - R:localhost/127.0.0.1:32910] for POST '/session/4f12863b76d78851ab71a53c138b02d8/element'
10:40:45.224 [AsyncHttpClient-1-32] DEBUG org.asynchttpclient.netty.handler.HttpHandler - 

Request DefaultHttpRequest(decodeResult: success, version: HTTP/1.1)
POST /session/4f12863b76d78851ab71a53c138b02d8/element HTTP/1.1
User-Agent: selenium/4.8.1 (java windows)
Content-Length: 55
Content-Type: application/json; charset=utf-8
host: localhost:32910
accept: */*

Response DefaultHttpResponse(decodeResult: success, version: HTTP/1.1)
HTTP/1.1 200 OK
Content-Length: 88
Content-Type: application/json; charset=utf-8
cache-control: no-cache

10:40:45.224 [AsyncHttpClient-1-32] DEBUG org.asynchttpclient.netty.channel.ChannelManager - Adding key: http://localhost:32910 for channel [id: 0x89efd0e9, L:/127.0.0.1:55478 - R:localhost/127.0.0.1:32910]
10:40:45.225 [Forwarding clearElement on session 4f12863b76d78851ab71a53c138b02d8 to remote] DEBUG org.asynchttpclient.netty.request.NettyRequestSender - Using pooled Channel '[id: 0x89efd0e9, L:/127.0.0.1:55478 - R:localhost/127.0.0.1:32910]' for 'POST' to 'http://localhost:32910/session/4f12863b76d78851ab71a53c138b02d8/element/23d59357-6098-4a08-8bbe-23b32e500f7f/clear'
10:40:45.225 [Forwarding clearElement on session 4f12863b76d78851ab71a53c138b02d8 to remote] DEBUG org.asynchttpclient.netty.request.NettyRequestSender - Using open Channel [id: 0x89efd0e9, L:/127.0.0.1:55478 - R:localhost/127.0.0.1:32910] for POST '/session/4f12863b76d78851ab71a53c138b02d8/element/23d59357-6098-4a08-8bbe-23b32e500f7f/clear'
10:40:45.271 [AsyncHttpClient-1-32] DEBUG org.asynchttpclient.netty.handler.HttpHandler - 

Request DefaultHttpRequest(decodeResult: success, version: HTTP/1.1)
POST /session/4f12863b76d78851ab71a53c138b02d8/element/23d59357-6098-4a08-8bbe-23b32e500f7f/clear HTTP/1.1
User-Agent: selenium/4.8.1 (java windows)
Content-Length: 50
Content-Type: application/json; charset=utf-8
host: localhost:32910
accept: */*

Response DefaultHttpResponse(decodeResult: success, version: HTTP/1.1)
HTTP/1.1 200 OK
Content-Length: 14
Content-Type: application/json; charset=utf-8
cache-control: no-cache

10:40:45.271 [AsyncHttpClient-1-32] DEBUG org.asynchttpclient.netty.channel.ChannelManager - Adding key: http://localhost:32910 for channel [id: 0x89efd0e9, L:/127.0.0.1:55478 - R:localhost/127.0.0.1:32910]
10:40:45.273 [Forwarding sendKeysToElement on session 4f12863b76d78851ab71a53c138b02d8 to remote] DEBUG org.asynchttpclient.netty.request.NettyRequestSender - Using pooled Channel '[id: 0x89efd0e9, L:/127.0.0.1:55478 - R:localhost/127.0.0.1:32910]' for 'POST' to 'http://localhost:32910/session/4f12863b76d78851ab71a53c138b02d8/element/23d59357-6098-4a08-8bbe-23b32e500f7f/value'
10:40:45.273 [Forwarding sendKeysToElement on session 4f12863b76d78851ab71a53c138b02d8 to remote] DEBUG org.asynchttpclient.netty.request.NettyRequestSender - Using open Channel [id: 0x89efd0e9, L:/127.0.0.1:55478 - R:localhost/127.0.0.1:32910] for POST '/session/4f12863b76d78851ab71a53c138b02d8/element/23d59357-6098-4a08-8bbe-23b32e500f7f/value'
10:40:45.349 [AsyncHttpClient-1-32] DEBUG org.asynchttpclient.netty.handler.HttpHandler - 

Request DefaultHttpRequest(decodeResult: success, version: HTTP/1.1)
POST /session/4f12863b76d78851ab71a53c138b02d8/element/23d59357-6098-4a08-8bbe-23b32e500f7f/value HTTP/1.1
User-Agent: selenium/4.8.1 (java windows)
Content-Length: 141
Content-Type: application/json; charset=utf-8
host: localhost:32910
accept: */*

Response DefaultHttpResponse(decodeResult: success, version: HTTP/1.1)
HTTP/1.1 200 OK
Content-Length: 14
Content-Type: application/json; charset=utf-8
cache-control: no-cache

10:40:45.350 [AsyncHttpClient-1-32] DEBUG org.asynchttpclient.netty.channel.ChannelManager - Adding key: http://localhost:32910 for channel [id: 0x89efd0e9, L:/127.0.0.1:55478 - R:localhost/127.0.0.1:32910]
10:40:45.354 [Forwarding getAlertText on session 4f12863b76d78851ab71a53c138b02d8 to remote] DEBUG org.asynchttpclient.netty.request.NettyRequestSender - Using pooled Channel '[id: 0x89efd0e9, L:/127.0.0.1:55478 - R:localhost/127.0.0.1:32910]' for 'GET' to 'http://localhost:32910/session/4f12863b76d78851ab71a53c138b02d8/alert/text'
10:40:45.354 [Forwarding getAlertText on session 4f12863b76d78851ab71a53c138b02d8 to remote] DEBUG org.asynchttpclient.netty.request.NettyRequestSender - Using open Channel [id: 0x89efd0e9, L:/127.0.0.1:55478 - R:localhost/127.0.0.1:32910] for GET '/session/4f12863b76d78851ab71a53c138b02d8/alert/text'
10:40:45.355 [AsyncHttpClient-1-32] DEBUG org.asynchttpclient.netty.handler.HttpHandler - 

Request DefaultFullHttpRequest(decodeResult: success, version: HTTP/1.1, content: EmptyByteBufBE)
GET /session/4f12863b76d78851ab71a53c138b02d8/alert/text HTTP/1.1
User-Agent: selenium/4.8.1 (java windows)
Cache-Control: no-cache
Content-Type: application/json; charset=utf-8
host: localhost:32910
accept: */*

Response DefaultHttpResponse(decodeResult: success, version: HTTP/1.1)
HTTP/1.1 404 Not Found
Content-Length: 836
Content-Type: application/json; charset=utf-8
cache-control: no-cache

10:40:45.355 [AsyncHttpClient-1-32] DEBUG org.asynchttpclient.netty.channel.ChannelManager - Adding key: http://localhost:32910 for channel [id: 0x89efd0e9, L:/127.0.0.1:55478 - R:localhost/127.0.0.1:32910]
10:40:45.356 [Forwarding getCurrentUrl on session 4f12863b76d78851ab71a53c138b02d8 to remote] DEBUG org.asynchttpclient.netty.request.NettyRequestSender - Using pooled Channel '[id: 0x89efd0e9, L:/127.0.0.1:55478 - R:localhost/127.0.0.1:32910]' for 'GET' to 'http://localhost:32910/session/4f12863b76d78851ab71a53c138b02d8/url'
10:40:45.356 [Forwarding getCurrentUrl on session 4f12863b76d78851ab71a53c138b02d8 to remote] DEBUG org.asynchttpclient.netty.request.NettyRequestSender - Using open Channel [id: 0x89efd0e9, L:/127.0.0.1:55478 - R:localhost/127.0.0.1:32910] for GET '/session/4f12863b76d78851ab71a53c138b02d8/url'
10:40:45.358 [AsyncHttpClient-1-32] DEBUG org.asynchttpclient.netty.handler.HttpHandler - 

Request DefaultFullHttpRequest(decodeResult: success, version: HTTP/1.1, content: EmptyByteBufBE)
GET /session/4f12863b76d78851ab71a53c138b02d8/url HTTP/1.1
User-Agent: selenium/4.8.1 (java windows)
Cache-Control: no-cache
Content-Type: application/json; charset=utf-8
host: localhost:32910
accept: */*

Response DefaultHttpResponse(decodeResult: success, version: HTTP/1.1)
HTTP/1.1 200 OK
Content-Length: 51
Content-Type: application/json; charset=utf-8
cache-control: no-cache

10:40:45.358 [AsyncHttpClient-1-32] DEBUG org.asynchttpclient.netty.channel.ChannelManager - Adding key: http://localhost:32910 for channel [id: 0x89efd0e9, L:/127.0.0.1:55478 - R:localhost/127.0.0.1:32910]
10:40:45.359 [Forwarding screenshot on session 4f12863b76d78851ab71a53c138b02d8 to remote] DEBUG org.asynchttpclient.netty.request.NettyRequestSender - Using pooled Channel '[id: 0x89efd0e9, L:/127.0.0.1:55478 - R:localhost/127.0.0.1:32910]' for 'GET' to 'http://localhost:32910/session/4f12863b76d78851ab71a53c138b02d8/screenshot'
10:40:45.359 [Forwarding screenshot on session 4f12863b76d78851ab71a53c138b02d8 to remote] DEBUG org.asynchttpclient.netty.request.NettyRequestSender - Using open Channel [id: 0x89efd0e9, L:/127.0.0.1:55478 - R:localhost/127.0.0.1:32910] for GET '/session/4f12863b76d78851ab71a53c138b02d8/screenshot'
10:40:45.465 [AsyncHttpClient-1-32] DEBUG org.asynchttpclient.netty.handler.HttpHandler - 

Request DefaultFullHttpRequest(decodeResult: success, version: HTTP/1.1, content: EmptyByteBufBE)
GET /session/4f12863b76d78851ab71a53c138b02d8/screenshot HTTP/1.1
User-Agent: selenium/4.8.1 (java windows)
Cache-Control: no-cache
Content-Type: application/json; charset=utf-8
host: localhost:32910
accept: */*

Response DefaultHttpResponse(decodeResult: success, version: HTTP/1.1)
HTTP/1.1 200 OK
Content-Length: 30944
Content-Type: application/json; charset=utf-8
cache-control: no-cache

10:40:45.465 [AsyncHttpClient-1-32] DEBUG org.asynchttpclient.netty.channel.ChannelManager - Adding key: http://localhost:32910 for channel [id: 0x89efd0e9, L:/127.0.0.1:55478 - R:localhost/127.0.0.1:32910]
10:40:45.466 [main] DEBUG net.serenitybdd.core.photography.Darkroom - Send negative for processing for target\site\serenity\1cfee7f7784356866f58f4c6df2b1dff5f4e19e75b0b9b479b4c9096bafbf86f.png
10:40:45.466 [main] DEBUG net.thucydides.core.steps.StepInterceptor - STEP DONE: inputPassword
10:40:45.467 [Darkroom Processing Line] DEBUG net.serenitybdd.core.photography.DarkroomProcessingLine - Processing screenshot image in /var/screenshots/screenshot-14334353615196570867
10:40:45.467 [Darkroom Processing Line] DEBUG net.serenitybdd.core.photography.DarkroomProcessingLine - Saving screenshot to target\site\serenity\1cfee7f7784356866f58f4c6df2b1dff5f4e19e75b0b9b479b4c9096bafbf86f.png
10:40:45.470 [Forwarding getPageSource on session 4f12863b76d78851ab71a53c138b02d8 to remote] DEBUG org.asynchttpclient.netty.request.NettyRequestSender - Using pooled Channel '[id: 0x89efd0e9, L:/127.0.0.1:55478 - R:localhost/127.0.0.1:32910]' for 'POST' to 'http://localhost:32910/session/4f12863b76d78851ab71a53c138b02d8/execute/sync'
10:40:45.470 [Forwarding getPageSource on session 4f12863b76d78851ab71a53c138b02d8 to remote] DEBUG org.asynchttpclient.netty.request.NettyRequestSender - Using open Channel [id: 0x89efd0e9, L:/127.0.0.1:55478 - R:localhost/127.0.0.1:32910] for POST '/session/4f12863b76d78851ab71a53c138b02d8/execute/sync'
10:40:45.474 [AsyncHttpClient-1-32] DEBUG org.asynchttpclient.netty.handler.HttpHandler - 

Request DefaultHttpRequest(decodeResult: success, version: HTTP/1.1)
POST /session/4f12863b76d78851ab71a53c138b02d8/execute/sync HTTP/1.1
User-Agent: selenium/4.8.1 (java windows)
Content-Length: 176
Content-Type: application/json; charset=utf-8
host: localhost:32910
accept: */*

Response DefaultHttpResponse(decodeResult: success, version: HTTP/1.1)
HTTP/1.1 200 OK
Content-Length: 21839
Content-Type: application/json; charset=utf-8
cache-control: no-cache

10:40:45.474 [AsyncHttpClient-1-32] DEBUG org.asynchttpclient.netty.channel.ChannelManager - Adding key: http://localhost:32910 for channel [id: 0x89efd0e9, L:/127.0.0.1:55478 - R:localhost/127.0.0.1:32910]
10:40:45.475 [Forwarding getCurrentUrl on session 4f12863b76d78851ab71a53c138b02d8 to remote] DEBUG org.asynchttpclient.netty.request.NettyRequestSender - Using pooled Channel '[id: 0x89efd0e9, L:/127.0.0.1:55478 - R:localhost/127.0.0.1:32910]' for 'GET' to 'http://localhost:32910/session/4f12863b76d78851ab71a53c138b02d8/url'
10:40:45.475 [Forwarding getCurrentUrl on session 4f12863b76d78851ab71a53c138b02d8 to remote] DEBUG org.asynchttpclient.netty.request.NettyRequestSender - Using open Channel [id: 0x89efd0e9, L:/127.0.0.1:55478 - R:localhost/127.0.0.1:32910] for GET '/session/4f12863b76d78851ab71a53c138b02d8/url'
10:40:45.479 [AsyncHttpClient-1-32] DEBUG org.asynchttpclient.netty.handler.HttpHandler - 

Request DefaultFullHttpRequest(decodeResult: success, version: HTTP/1.1, content: EmptyByteBufBE)
GET /session/4f12863b76d78851ab71a53c138b02d8/url HTTP/1.1
User-Agent: selenium/4.8.1 (java windows)
Cache-Control: no-cache
Content-Type: application/json; charset=utf-8
host: localhost:32910
accept: */*

Response DefaultHttpResponse(decodeResult: success, version: HTTP/1.1)
HTTP/1.1 200 OK
Content-Length: 51
Content-Type: application/json; charset=utf-8
cache-control: no-cache

10:40:45.479 [AsyncHttpClient-1-32] DEBUG org.asynchttpclient.netty.channel.ChannelManager - Adding key: http://localhost:32910 for channel [id: 0x89efd0e9, L:/127.0.0.1:55478 - R:localhost/127.0.0.1:32910]
10:40:45.481 [main] DEBUG net.thucydides.core.steps.StepInterceptor - STARTING STEP: ProductSteps.onTheHomePage - clickLoginButton
10:40:45.482 [Forwarding findElement on session 4f12863b76d78851ab71a53c138b02d8 to remote] DEBUG org.asynchttpclient.netty.request.NettyRequestSender - Using pooled Channel '[id: 0x89efd0e9, L:/127.0.0.1:55478 - R:localhost/127.0.0.1:32910]' for 'POST' to 'http://localhost:32910/session/4f12863b76d78851ab71a53c138b02d8/element'
10:40:45.482 [Forwarding findElement on session 4f12863b76d78851ab71a53c138b02d8 to remote] DEBUG org.asynchttpclient.netty.request.NettyRequestSender - Using open Channel [id: 0x89efd0e9, L:/127.0.0.1:55478 - R:localhost/127.0.0.1:32910] for POST '/session/4f12863b76d78851ab71a53c138b02d8/element'
10:40:45.490 [AsyncHttpClient-1-32] DEBUG org.asynchttpclient.netty.handler.HttpHandler - 

Request DefaultHttpRequest(decodeResult: success, version: HTTP/1.1)
POST /session/4f12863b76d78851ab71a53c138b02d8/element HTTP/1.1
User-Agent: selenium/4.8.1 (java windows)
Content-Length: 71
Content-Type: application/json; charset=utf-8
host: localhost:32910
accept: */*

Response DefaultHttpResponse(decodeResult: success, version: HTTP/1.1)
HTTP/1.1 200 OK
Content-Length: 88
Content-Type: application/json; charset=utf-8
cache-control: no-cache

10:40:45.490 [AsyncHttpClient-1-32] DEBUG org.asynchttpclient.netty.channel.ChannelManager - Adding key: http://localhost:32910 for channel [id: 0x89efd0e9, L:/127.0.0.1:55478 - R:localhost/127.0.0.1:32910]
10:40:45.491 [Forwarding getElementTagName on session 4f12863b76d78851ab71a53c138b02d8 to remote] DEBUG org.asynchttpclient.netty.request.NettyRequestSender - Using pooled Channel '[id: 0x89efd0e9, L:/127.0.0.1:55478 - R:localhost/127.0.0.1:32910]' for 'GET' to 'http://localhost:32910/session/4f12863b76d78851ab71a53c138b02d8/element/464d6e41-c89e-4182-89fb-a0c2e49eb2d4/name'
10:40:45.491 [Forwarding getElementTagName on session 4f12863b76d78851ab71a53c138b02d8 to remote] DEBUG org.asynchttpclient.netty.request.NettyRequestSender - Using open Channel [id: 0x89efd0e9, L:/127.0.0.1:55478 - R:localhost/127.0.0.1:32910] for GET '/session/4f12863b76d78851ab71a53c138b02d8/element/464d6e41-c89e-4182-89fb-a0c2e49eb2d4/name'
10:40:45.494 [AsyncHttpClient-1-32] DEBUG org.asynchttpclient.netty.handler.HttpHandler - 

Request DefaultFullHttpRequest(decodeResult: success, version: HTTP/1.1, content: EmptyByteBufBE)
GET /session/4f12863b76d78851ab71a53c138b02d8/element/464d6e41-c89e-4182-89fb-a0c2e49eb2d4/name HTTP/1.1
User-Agent: selenium/4.8.1 (java windows)
Cache-Control: no-cache
Content-Type: application/json; charset=utf-8
host: localhost:32910
accept: */*

Response DefaultHttpResponse(decodeResult: success, version: HTTP/1.1)
HTTP/1.1 200 OK
Content-Length: 18
Content-Type: application/json; charset=utf-8
cache-control: no-cache

10:40:45.494 [AsyncHttpClient-1-32] DEBUG org.asynchttpclient.netty.channel.ChannelManager - Adding key: http://localhost:32910 for channel [id: 0x89efd0e9, L:/127.0.0.1:55478 - R:localhost/127.0.0.1:32910]
10:40:45.495 [Forwarding getElementTagName on session 4f12863b76d78851ab71a53c138b02d8 to remote] DEBUG org.asynchttpclient.netty.request.NettyRequestSender - Using pooled Channel '[id: 0x89efd0e9, L:/127.0.0.1:55478 - R:localhost/127.0.0.1:32910]' for 'GET' to 'http://localhost:32910/session/4f12863b76d78851ab71a53c138b02d8/element/464d6e41-c89e-4182-89fb-a0c2e49eb2d4/name'
10:40:45.495 [Forwarding getElementTagName on session 4f12863b76d78851ab71a53c138b02d8 to remote] DEBUG org.asynchttpclient.netty.request.NettyRequestSender - Using open Channel [id: 0x89efd0e9, L:/127.0.0.1:55478 - R:localhost/127.0.0.1:32910] for GET '/session/4f12863b76d78851ab71a53c138b02d8/element/464d6e41-c89e-4182-89fb-a0c2e49eb2d4/name'
10:40:45.499 [AsyncHttpClient-1-32] DEBUG org.asynchttpclient.netty.handler.HttpHandler - 

Request DefaultFullHttpRequest(decodeResult: success, version: HTTP/1.1, content: EmptyByteBufBE)
GET /session/4f12863b76d78851ab71a53c138b02d8/element/464d6e41-c89e-4182-89fb-a0c2e49eb2d4/name HTTP/1.1
User-Agent: selenium/4.8.1 (java windows)
Cache-Control: no-cache
Content-Type: application/json; charset=utf-8
host: localhost:32910
accept: */*

Response DefaultHttpResponse(decodeResult: success, version: HTTP/1.1)
HTTP/1.1 200 OK
Content-Length: 18
Content-Type: application/json; charset=utf-8
cache-control: no-cache

10:40:45.500 [AsyncHttpClient-1-32] DEBUG org.asynchttpclient.netty.channel.ChannelManager - Adding key: http://localhost:32910 for channel [id: 0x89efd0e9, L:/127.0.0.1:55478 - R:localhost/127.0.0.1:32910]
10:40:45.500 [Forwarding isElementEnabled on session 4f12863b76d78851ab71a53c138b02d8 to remote] DEBUG org.asynchttpclient.netty.request.NettyRequestSender - Using pooled Channel '[id: 0x89efd0e9, L:/127.0.0.1:55478 - R:localhost/127.0.0.1:32910]' for 'GET' to 'http://localhost:32910/session/4f12863b76d78851ab71a53c138b02d8/element/464d6e41-c89e-4182-89fb-a0c2e49eb2d4/enabled'
10:40:45.500 [Forwarding isElementEnabled on session 4f12863b76d78851ab71a53c138b02d8 to remote] DEBUG org.asynchttpclient.netty.request.NettyRequestSender - Using open Channel [id: 0x89efd0e9, L:/127.0.0.1:55478 - R:localhost/127.0.0.1:32910] for GET '/session/4f12863b76d78851ab71a53c138b02d8/element/464d6e41-c89e-4182-89fb-a0c2e49eb2d4/enabled'
10:40:45.508 [AsyncHttpClient-1-32] DEBUG org.asynchttpclient.netty.handler.HttpHandler - 

Request DefaultFullHttpRequest(decodeResult: success, version: HTTP/1.1, content: EmptyByteBufBE)
GET /session/4f12863b76d78851ab71a53c138b02d8/element/464d6e41-c89e-4182-89fb-a0c2e49eb2d4/enabled HTTP/1.1
User-Agent: selenium/4.8.1 (java windows)
Cache-Control: no-cache
Content-Type: application/json; charset=utf-8
host: localhost:32910
accept: */*

Response DefaultHttpResponse(decodeResult: success, version: HTTP/1.1)
HTTP/1.1 200 OK
Content-Length: 14
Content-Type: application/json; charset=utf-8
cache-control: no-cache

10:40:45.508 [AsyncHttpClient-1-32] DEBUG org.asynchttpclient.netty.channel.ChannelManager - Adding key: http://localhost:32910 for channel [id: 0x89efd0e9, L:/127.0.0.1:55478 - R:localhost/127.0.0.1:32910]
10:40:45.509 [Forwarding isElementEnabled on session 4f12863b76d78851ab71a53c138b02d8 to remote] DEBUG org.asynchttpclient.netty.request.NettyRequestSender - Using pooled Channel '[id: 0x89efd0e9, L:/127.0.0.1:55478 - R:localhost/127.0.0.1:32910]' for 'GET' to 'http://localhost:32910/session/4f12863b76d78851ab71a53c138b02d8/element/464d6e41-c89e-4182-89fb-a0c2e49eb2d4/enabled'
10:40:45.509 [Forwarding isElementEnabled on session 4f12863b76d78851ab71a53c138b02d8 to remote] DEBUG org.asynchttpclient.netty.request.NettyRequestSender - Using open Channel [id: 0x89efd0e9, L:/127.0.0.1:55478 - R:localhost/127.0.0.1:32910] for GET '/session/4f12863b76d78851ab71a53c138b02d8/element/464d6e41-c89e-4182-89fb-a0c2e49eb2d4/enabled'
10:40:45.514 [AsyncHttpClient-1-32] DEBUG org.asynchttpclient.netty.handler.HttpHandler - 

Request DefaultFullHttpRequest(decodeResult: success, version: HTTP/1.1, content: EmptyByteBufBE)
GET /session/4f12863b76d78851ab71a53c138b02d8/element/464d6e41-c89e-4182-89fb-a0c2e49eb2d4/enabled HTTP/1.1
User-Agent: selenium/4.8.1 (java windows)
Cache-Control: no-cache
Content-Type: application/json; charset=utf-8
host: localhost:32910
accept: */*

Response DefaultHttpResponse(decodeResult: success, version: HTTP/1.1)
HTTP/1.1 200 OK
Content-Length: 14
Content-Type: application/json; charset=utf-8
cache-control: no-cache

10:40:45.514 [AsyncHttpClient-1-32] DEBUG org.asynchttpclient.netty.channel.ChannelManager - Adding key: http://localhost:32910 for channel [id: 0x89efd0e9, L:/127.0.0.1:55478 - R:localhost/127.0.0.1:32910]
10:40:45.515 [Forwarding findElement on session 4f12863b76d78851ab71a53c138b02d8 to remote] DEBUG org.asynchttpclient.netty.request.NettyRequestSender - Using pooled Channel '[id: 0x89efd0e9, L:/127.0.0.1:55478 - R:localhost/127.0.0.1:32910]' for 'POST' to 'http://localhost:32910/session/4f12863b76d78851ab71a53c138b02d8/element'
10:40:45.515 [Forwarding findElement on session 4f12863b76d78851ab71a53c138b02d8 to remote] DEBUG org.asynchttpclient.netty.request.NettyRequestSender - Using open Channel [id: 0x89efd0e9, L:/127.0.0.1:55478 - R:localhost/127.0.0.1:32910] for POST '/session/4f12863b76d78851ab71a53c138b02d8/element'
10:40:45.521 [AsyncHttpClient-1-32] DEBUG org.asynchttpclient.netty.handler.HttpHandler - 

Request DefaultHttpRequest(decodeResult: success, version: HTTP/1.1)
POST /session/4f12863b76d78851ab71a53c138b02d8/element HTTP/1.1
User-Agent: selenium/4.8.1 (java windows)
Content-Length: 71
Content-Type: application/json; charset=utf-8
host: localhost:32910
accept: */*

Response DefaultHttpResponse(decodeResult: success, version: HTTP/1.1)
HTTP/1.1 200 OK
Content-Length: 88
Content-Type: application/json; charset=utf-8
cache-control: no-cache

10:40:45.521 [AsyncHttpClient-1-32] DEBUG org.asynchttpclient.netty.channel.ChannelManager - Adding key: http://localhost:32910 for channel [id: 0x89efd0e9, L:/127.0.0.1:55478 - R:localhost/127.0.0.1:32910]
10:40:45.522 [Forwarding clickElement on session 4f12863b76d78851ab71a53c138b02d8 to remote] DEBUG org.asynchttpclient.netty.request.NettyRequestSender - Using pooled Channel '[id: 0x89efd0e9, L:/127.0.0.1:55478 - R:localhost/127.0.0.1:32910]' for 'POST' to 'http://localhost:32910/session/4f12863b76d78851ab71a53c138b02d8/element/464d6e41-c89e-4182-89fb-a0c2e49eb2d4/click'
10:40:45.522 [Forwarding clickElement on session 4f12863b76d78851ab71a53c138b02d8 to remote] DEBUG org.asynchttpclient.netty.request.NettyRequestSender - Using open Channel [id: 0x89efd0e9, L:/127.0.0.1:55478 - R:localhost/127.0.0.1:32910] for POST '/session/4f12863b76d78851ab71a53c138b02d8/element/464d6e41-c89e-4182-89fb-a0c2e49eb2d4/click'
10:40:45.559 [AsyncHttpClient-1-32] DEBUG org.asynchttpclient.netty.handler.HttpHandler - 

Request DefaultHttpRequest(decodeResult: success, version: HTTP/1.1)
POST /session/4f12863b76d78851ab71a53c138b02d8/element/464d6e41-c89e-4182-89fb-a0c2e49eb2d4/click HTTP/1.1
User-Agent: selenium/4.8.1 (java windows)
Content-Length: 50
Content-Type: application/json; charset=utf-8
host: localhost:32910
accept: */*

Response DefaultHttpResponse(decodeResult: success, version: HTTP/1.1)
HTTP/1.1 200 OK
Content-Length: 14
Content-Type: application/json; charset=utf-8
cache-control: no-cache

10:40:45.559 [AsyncHttpClient-1-32] DEBUG org.asynchttpclient.netty.channel.ChannelManager - Adding key: http://localhost:32910 for channel [id: 0x89efd0e9, L:/127.0.0.1:55478 - R:localhost/127.0.0.1:32910]
10:40:45.562 [Forwarding getAlertText on session 4f12863b76d78851ab71a53c138b02d8 to remote] DEBUG org.asynchttpclient.netty.request.NettyRequestSender - Using pooled Channel '[id: 0x89efd0e9, L:/127.0.0.1:55478 - R:localhost/127.0.0.1:32910]' for 'GET' to 'http://localhost:32910/session/4f12863b76d78851ab71a53c138b02d8/alert/text'
10:40:45.562 [Forwarding getAlertText on session 4f12863b76d78851ab71a53c138b02d8 to remote] DEBUG org.asynchttpclient.netty.request.NettyRequestSender - Using open Channel [id: 0x89efd0e9, L:/127.0.0.1:55478 - R:localhost/127.0.0.1:32910] for GET '/session/4f12863b76d78851ab71a53c138b02d8/alert/text'
10:40:45.563 [AsyncHttpClient-1-32] DEBUG org.asynchttpclient.netty.handler.HttpHandler - 

Request DefaultFullHttpRequest(decodeResult: success, version: HTTP/1.1, content: EmptyByteBufBE)
GET /session/4f12863b76d78851ab71a53c138b02d8/alert/text HTTP/1.1
User-Agent: selenium/4.8.1 (java windows)
Cache-Control: no-cache
Content-Type: application/json; charset=utf-8
host: localhost:32910
accept: */*

Response DefaultHttpResponse(decodeResult: success, version: HTTP/1.1)
HTTP/1.1 404 Not Found
Content-Length: 836
Content-Type: application/json; charset=utf-8
cache-control: no-cache

10:40:45.564 [AsyncHttpClient-1-32] DEBUG org.asynchttpclient.netty.channel.ChannelManager - Adding key: http://localhost:32910 for channel [id: 0x89efd0e9, L:/127.0.0.1:55478 - R:localhost/127.0.0.1:32910]
10:40:45.564 [Forwarding getCurrentUrl on session 4f12863b76d78851ab71a53c138b02d8 to remote] DEBUG org.asynchttpclient.netty.request.NettyRequestSender - Using pooled Channel '[id: 0x89efd0e9, L:/127.0.0.1:55478 - R:localhost/127.0.0.1:32910]' for 'GET' to 'http://localhost:32910/session/4f12863b76d78851ab71a53c138b02d8/url'
10:40:45.564 [Forwarding getCurrentUrl on session 4f12863b76d78851ab71a53c138b02d8 to remote] DEBUG org.asynchttpclient.netty.request.NettyRequestSender - Using open Channel [id: 0x89efd0e9, L:/127.0.0.1:55478 - R:localhost/127.0.0.1:32910] for GET '/session/4f12863b76d78851ab71a53c138b02d8/url'
10:40:45.566 [AsyncHttpClient-1-32] DEBUG org.asynchttpclient.netty.handler.HttpHandler - 

Request DefaultFullHttpRequest(decodeResult: success, version: HTTP/1.1, content: EmptyByteBufBE)
GET /session/4f12863b76d78851ab71a53c138b02d8/url HTTP/1.1
User-Agent: selenium/4.8.1 (java windows)
Cache-Control: no-cache
Content-Type: application/json; charset=utf-8
host: localhost:32910
accept: */*

Response DefaultHttpResponse(decodeResult: success, version: HTTP/1.1)
HTTP/1.1 200 OK
Content-Length: 51
Content-Type: application/json; charset=utf-8
cache-control: no-cache

10:40:45.567 [AsyncHttpClient-1-32] DEBUG org.asynchttpclient.netty.channel.ChannelManager - Adding key: http://localhost:32910 for channel [id: 0x89efd0e9, L:/127.0.0.1:55478 - R:localhost/127.0.0.1:32910]
10:40:45.567 [Forwarding screenshot on session 4f12863b76d78851ab71a53c138b02d8 to remote] DEBUG org.asynchttpclient.netty.request.NettyRequestSender - Using pooled Channel '[id: 0x89efd0e9, L:/127.0.0.1:55478 - R:localhost/127.0.0.1:32910]' for 'GET' to 'http://localhost:32910/session/4f12863b76d78851ab71a53c138b02d8/screenshot'
10:40:45.567 [Forwarding screenshot on session 4f12863b76d78851ab71a53c138b02d8 to remote] DEBUG org.asynchttpclient.netty.request.NettyRequestSender - Using open Channel [id: 0x89efd0e9, L:/127.0.0.1:55478 - R:localhost/127.0.0.1:32910] for GET '/session/4f12863b76d78851ab71a53c138b02d8/screenshot'
10:40:45.668 [AsyncHttpClient-1-32] DEBUG org.asynchttpclient.netty.handler.HttpHandler - 

Request DefaultFullHttpRequest(decodeResult: success, version: HTTP/1.1, content: EmptyByteBufBE)
GET /session/4f12863b76d78851ab71a53c138b02d8/screenshot HTTP/1.1
User-Agent: selenium/4.8.1 (java windows)
Cache-Control: no-cache
Content-Type: application/json; charset=utf-8
host: localhost:32910
accept: */*

Response DefaultHttpResponse(decodeResult: success, version: HTTP/1.1)
HTTP/1.1 200 OK
Content-Length: 30528
Content-Type: application/json; charset=utf-8
cache-control: no-cache

10:40:45.668 [AsyncHttpClient-1-32] DEBUG org.asynchttpclient.netty.channel.ChannelManager - Adding key: http://localhost:32910 for channel [id: 0x89efd0e9, L:/127.0.0.1:55478 - R:localhost/127.0.0.1:32910]
10:40:45.669 [main] DEBUG net.serenitybdd.core.photography.Darkroom - Send negative for processing for target\site\serenity\4fd281561eb0e28152e3e7289827b74d947d64c806c22fc845c26d2763500367.png
10:40:45.669 [main] DEBUG net.thucydides.core.steps.StepInterceptor - STEP DONE: clickLoginButton
10:40:45.669 [Darkroom Processing Line] DEBUG net.serenitybdd.core.photography.DarkroomProcessingLine - Processing screenshot image in /var/screenshots/screenshot-5277970554943686183
10:40:45.669 [Darkroom Processing Line] DEBUG net.serenitybdd.core.photography.DarkroomProcessingLine - Saving screenshot to target\site\serenity\4fd281561eb0e28152e3e7289827b74d947d64c806c22fc845c26d2763500367.png
10:40:45.673 [Forwarding getPageSource on session 4f12863b76d78851ab71a53c138b02d8 to remote] DEBUG org.asynchttpclient.netty.request.NettyRequestSender - Using pooled Channel '[id: 0x89efd0e9, L:/127.0.0.1:55478 - R:localhost/127.0.0.1:32910]' for 'POST' to 'http://localhost:32910/session/4f12863b76d78851ab71a53c138b02d8/execute/sync'
10:40:45.673 [Forwarding getPageSource on session 4f12863b76d78851ab71a53c138b02d8 to remote] DEBUG org.asynchttpclient.netty.request.NettyRequestSender - Using open Channel [id: 0x89efd0e9, L:/127.0.0.1:55478 - R:localhost/127.0.0.1:32910] for POST '/session/4f12863b76d78851ab71a53c138b02d8/execute/sync'
10:40:45.676 [AsyncHttpClient-1-32] DEBUG org.asynchttpclient.netty.handler.HttpHandler - 

Request DefaultHttpRequest(decodeResult: success, version: HTTP/1.1)
POST /session/4f12863b76d78851ab71a53c138b02d8/execute/sync HTTP/1.1
User-Agent: selenium/4.8.1 (java windows)
Content-Length: 176
Content-Type: application/json; charset=utf-8
host: localhost:32910
accept: */*

Response DefaultHttpResponse(decodeResult: success, version: HTTP/1.1)
HTTP/1.1 200 OK
Content-Length: 22119
Content-Type: application/json; charset=utf-8
cache-control: no-cache

10:40:45.676 [AsyncHttpClient-1-32] DEBUG org.asynchttpclient.netty.channel.ChannelManager - Adding key: http://localhost:32910 for channel [id: 0x89efd0e9, L:/127.0.0.1:55478 - R:localhost/127.0.0.1:32910]
10:40:45.678 [Forwarding getCurrentUrl on session 4f12863b76d78851ab71a53c138b02d8 to remote] DEBUG org.asynchttpclient.netty.request.NettyRequestSender - Using pooled Channel '[id: 0x89efd0e9, L:/127.0.0.1:55478 - R:localhost/127.0.0.1:32910]' for 'GET' to 'http://localhost:32910/session/4f12863b76d78851ab71a53c138b02d8/url'
10:40:45.678 [Forwarding getCurrentUrl on session 4f12863b76d78851ab71a53c138b02d8 to remote] DEBUG org.asynchttpclient.netty.request.NettyRequestSender - Using open Channel [id: 0x89efd0e9, L:/127.0.0.1:55478 - R:localhost/127.0.0.1:32910] for GET '/session/4f12863b76d78851ab71a53c138b02d8/url'
10:40:45.681 [AsyncHttpClient-1-32] DEBUG org.asynchttpclient.netty.handler.HttpHandler - 

Request DefaultFullHttpRequest(decodeResult: success, version: HTTP/1.1, content: EmptyByteBufBE)
GET /session/4f12863b76d78851ab71a53c138b02d8/url HTTP/1.1
User-Agent: selenium/4.8.1 (java windows)
Cache-Control: no-cache
Content-Type: application/json; charset=utf-8
host: localhost:32910
accept: */*

Response DefaultHttpResponse(decodeResult: success, version: HTTP/1.1)
HTTP/1.1 200 OK
Content-Length: 51
Content-Type: application/json; charset=utf-8
cache-control: no-cache

10:40:45.681 [AsyncHttpClient-1-32] DEBUG org.asynchttpclient.netty.channel.ChannelManager - Adding key: http://localhost:32910 for channel [id: 0x89efd0e9, L:/127.0.0.1:55478 - R:localhost/127.0.0.1:32910]
10:40:45.683 [main] DEBUG net.thucydides.core.steps.StepInterceptor - STARTING STEP: ProductSteps.onTheHomePage - validateOnHomePage
10:40:45.683 [Forwarding findElement on session 4f12863b76d78851ab71a53c138b02d8 to remote] DEBUG org.asynchttpclient.netty.request.NettyRequestSender - Using pooled Channel '[id: 0x89efd0e9, L:/127.0.0.1:55478 - R:localhost/127.0.0.1:32910]' for 'POST' to 'http://localhost:32910/session/4f12863b76d78851ab71a53c138b02d8/element'
10:40:45.684 [Forwarding findElement on session 4f12863b76d78851ab71a53c138b02d8 to remote] DEBUG org.asynchttpclient.netty.request.NettyRequestSender - Using open Channel [id: 0x89efd0e9, L:/127.0.0.1:55478 - R:localhost/127.0.0.1:32910] for POST '/session/4f12863b76d78851ab71a53c138b02d8/element'
10:40:45.948 [AsyncHttpClient-1-32] DEBUG org.asynchttpclient.netty.handler.HttpHandler - 

Request DefaultHttpRequest(decodeResult: success, version: HTTP/1.1)
POST /session/4f12863b76d78851ab71a53c138b02d8/element HTTP/1.1
User-Agent: selenium/4.8.1 (java windows)
Content-Length: 54
Content-Type: application/json; charset=utf-8
host: localhost:32910
accept: */*

Response DefaultHttpResponse(decodeResult: success, version: HTTP/1.1)
HTTP/1.1 200 OK
Content-Length: 88
Content-Type: application/json; charset=utf-8
cache-control: no-cache

10:40:45.948 [AsyncHttpClient-1-32] DEBUG org.asynchttpclient.netty.channel.ChannelManager - Adding key: http://localhost:32910 for channel [id: 0x89efd0e9, L:/127.0.0.1:55478 - R:localhost/127.0.0.1:32910]
10:40:45.950 [Forwarding isElementDisplayed on session 4f12863b76d78851ab71a53c138b02d8 to remote] DEBUG org.asynchttpclient.netty.request.NettyRequestSender - Using pooled Channel '[id: 0x89efd0e9, L:/127.0.0.1:55478 - R:localhost/127.0.0.1:32910]' for 'POST' to 'http://localhost:32910/session/4f12863b76d78851ab71a53c138b02d8/execute/sync'
10:40:45.950 [Forwarding isElementDisplayed on session 4f12863b76d78851ab71a53c138b02d8 to remote] DEBUG org.asynchttpclient.netty.request.NettyRequestSender - Using open Channel [id: 0x89efd0e9, L:/127.0.0.1:55478 - R:localhost/127.0.0.1:32910] for POST '/session/4f12863b76d78851ab71a53c138b02d8/execute/sync'
10:40:45.960 [AsyncHttpClient-1-32] DEBUG org.asynchttpclient.netty.handler.HttpHandler - 

Request DefaultHttpRequest(decodeResult: success, version: HTTP/1.1)
POST /session/4f12863b76d78851ab71a53c138b02d8/execute/sync HTTP/1.1
User-Agent: selenium/4.8.1 (java windows)
Content-Length: 48807
Content-Type: application/json; charset=utf-8
host: localhost:32910
accept: */*

Response DefaultHttpResponse(decodeResult: success, version: HTTP/1.1)
HTTP/1.1 200 OK
Content-Length: 14
Content-Type: application/json; charset=utf-8
cache-control: no-cache

10:40:45.960 [AsyncHttpClient-1-32] DEBUG org.asynchttpclient.netty.channel.ChannelManager - Adding key: http://localhost:32910 for channel [id: 0x89efd0e9, L:/127.0.0.1:55478 - R:localhost/127.0.0.1:32910]
10:40:45.963 [Forwarding getAlertText on session 4f12863b76d78851ab71a53c138b02d8 to remote] DEBUG org.asynchttpclient.netty.request.NettyRequestSender - Using pooled Channel '[id: 0x89efd0e9, L:/127.0.0.1:55478 - R:localhost/127.0.0.1:32910]' for 'GET' to 'http://localhost:32910/session/4f12863b76d78851ab71a53c138b02d8/alert/text'
10:40:45.963 [Forwarding getAlertText on session 4f12863b76d78851ab71a53c138b02d8 to remote] DEBUG org.asynchttpclient.netty.request.NettyRequestSender - Using open Channel [id: 0x89efd0e9, L:/127.0.0.1:55478 - R:localhost/127.0.0.1:32910] for GET '/session/4f12863b76d78851ab71a53c138b02d8/alert/text'
10:40:45.965 [AsyncHttpClient-1-32] DEBUG org.asynchttpclient.netty.handler.HttpHandler - 

Request DefaultFullHttpRequest(decodeResult: success, version: HTTP/1.1, content: EmptyByteBufBE)
GET /session/4f12863b76d78851ab71a53c138b02d8/alert/text HTTP/1.1
User-Agent: selenium/4.8.1 (java windows)
Cache-Control: no-cache
Content-Type: application/json; charset=utf-8
host: localhost:32910
accept: */*

Response DefaultHttpResponse(decodeResult: success, version: HTTP/1.1)
HTTP/1.1 404 Not Found
Content-Length: 836
Content-Type: application/json; charset=utf-8
cache-control: no-cache

10:40:45.965 [AsyncHttpClient-1-32] DEBUG org.asynchttpclient.netty.channel.ChannelManager - Adding key: http://localhost:32910 for channel [id: 0x89efd0e9, L:/127.0.0.1:55478 - R:localhost/127.0.0.1:32910]
10:40:45.965 [Forwarding getCurrentUrl on session 4f12863b76d78851ab71a53c138b02d8 to remote] DEBUG org.asynchttpclient.netty.request.NettyRequestSender - Using pooled Channel '[id: 0x89efd0e9, L:/127.0.0.1:55478 - R:localhost/127.0.0.1:32910]' for 'GET' to 'http://localhost:32910/session/4f12863b76d78851ab71a53c138b02d8/url'
10:40:45.965 [Forwarding getCurrentUrl on session 4f12863b76d78851ab71a53c138b02d8 to remote] DEBUG org.asynchttpclient.netty.request.NettyRequestSender - Using open Channel [id: 0x89efd0e9, L:/127.0.0.1:55478 - R:localhost/127.0.0.1:32910] for GET '/session/4f12863b76d78851ab71a53c138b02d8/url'
10:40:45.969 [AsyncHttpClient-1-32] DEBUG org.asynchttpclient.netty.handler.HttpHandler - 

Request DefaultFullHttpRequest(decodeResult: success, version: HTTP/1.1, content: EmptyByteBufBE)
GET /session/4f12863b76d78851ab71a53c138b02d8/url HTTP/1.1
User-Agent: selenium/4.8.1 (java windows)
Cache-Control: no-cache
Content-Type: application/json; charset=utf-8
host: localhost:32910
accept: */*

Response DefaultHttpResponse(decodeResult: success, version: HTTP/1.1)
HTTP/1.1 200 OK
Content-Length: 41
Content-Type: application/json; charset=utf-8
cache-control: no-cache

10:40:45.969 [AsyncHttpClient-1-32] DEBUG org.asynchttpclient.netty.channel.ChannelManager - Adding key: http://localhost:32910 for channel [id: 0x89efd0e9, L:/127.0.0.1:55478 - R:localhost/127.0.0.1:32910]
10:40:45.969 [Forwarding screenshot on session 4f12863b76d78851ab71a53c138b02d8 to remote] DEBUG org.asynchttpclient.netty.request.NettyRequestSender - Using pooled Channel '[id: 0x89efd0e9, L:/127.0.0.1:55478 - R:localhost/127.0.0.1:32910]' for 'GET' to 'http://localhost:32910/session/4f12863b76d78851ab71a53c138b02d8/screenshot'
10:40:45.969 [Forwarding screenshot on session 4f12863b76d78851ab71a53c138b02d8 to remote] DEBUG org.asynchttpclient.netty.request.NettyRequestSender - Using open Channel [id: 0x89efd0e9, L:/127.0.0.1:55478 - R:localhost/127.0.0.1:32910] for GET '/session/4f12863b76d78851ab71a53c138b02d8/screenshot'
10:40:46.113 [AsyncHttpClient-1-32] DEBUG org.asynchttpclient.netty.handler.HttpHandler - 

Request DefaultFullHttpRequest(decodeResult: success, version: HTTP/1.1, content: EmptyByteBufBE)
GET /session/4f12863b76d78851ab71a53c138b02d8/screenshot HTTP/1.1
User-Agent: selenium/4.8.1 (java windows)
Cache-Control: no-cache
Content-Type: application/json; charset=utf-8
host: localhost:32910
accept: */*

Response DefaultHttpResponse(decodeResult: success, version: HTTP/1.1)
HTTP/1.1 200 OK
Content-Length: 26232
Content-Type: application/json; charset=utf-8
cache-control: no-cache

10:40:46.113 [AsyncHttpClient-1-32] DEBUG org.asynchttpclient.netty.channel.ChannelManager - Adding key: http://localhost:32910 for channel [id: 0x89efd0e9, L:/127.0.0.1:55478 - R:localhost/127.0.0.1:32910]
10:40:46.114 [main] DEBUG net.serenitybdd.core.photography.Darkroom - Send negative for processing for target\site\serenity\64ef80b5793372d3f1fda96d9636fe731cbf0a16d59aeb9d8d3c5232020dfd9b.png
10:40:46.114 [main] DEBUG net.thucydides.core.steps.StepInterceptor - STEP DONE: validateOnHomePage
  &amp#27;[32mGiven &amp#27;[0m&amp#27;[32mI already login and go to the alta-shop home page&amp#27;[0m &amp#27;[90m# starter.stepdefinitions.ProductSteps.onTheHomePage()&amp#27;[0m
10:40:46.114 [Darkroom Processing Line] DEBUG net.serenitybdd.core.photography.DarkroomProcessingLine - Processing screenshot image in /var/screenshots/screenshot-13470265533174450553
10:40:46.114 [Darkroom Processing Line] DEBUG net.serenitybdd.core.photography.DarkroomProcessingLine - Saving screenshot to target\site\serenity\64ef80b5793372d3f1fda96d9636fe731cbf0a16d59aeb9d8d3c5232020dfd9b.png
10:40:46.120 [Forwarding getPageSource on session 4f12863b76d78851ab71a53c138b02d8 to remote] DEBUG org.asynchttpclient.netty.request.NettyRequestSender - Using pooled Channel '[id: 0x89efd0e9, L:/127.0.0.1:55478 - R:localhost/127.0.0.1:32910]' for 'POST' to 'http://localhost:32910/session/4f12863b76d78851ab71a53c138b02d8/execute/sync'
10:40:46.120 [Forwarding getPageSource on session 4f12863b76d78851ab71a53c138b02d8 to remote] DEBUG org.asynchttpclient.netty.request.NettyRequestSender - Using open Channel [id: 0x89efd0e9, L:/127.0.0.1:55478 - R:localhost/127.0.0.1:32910] for POST '/session/4f12863b76d78851ab71a53c138b02d8/execute/sync'
10:40:46.124 [AsyncHttpClient-1-32] DEBUG org.asynchttpclient.netty.handler.HttpHandler - 

Request DefaultHttpRequest(decodeResult: success, version: HTTP/1.1)
POST /session/4f12863b76d78851ab71a53c138b02d8/execute/sync HTTP/1.1
User-Agent: selenium/4.8.1 (java windows)
Content-Length: 176
Content-Type: application/json; charset=utf-8
host: localhost:32910
accept: */*

Response DefaultHttpResponse(decodeResult: success, version: HTTP/1.1)
HTTP/1.1 200 OK
Content-Length: 28798
Content-Type: application/json; charset=utf-8
cache-control: no-cache

10:40:46.125 [AsyncHttpClient-1-32] DEBUG org.asynchttpclient.netty.channel.ChannelManager - Adding key: http://localhost:32910 for channel [id: 0x89efd0e9, L:/127.0.0.1:55478 - R:localhost/127.0.0.1:32910]
10:40:46.126 [Forwarding getCurrentUrl on session 4f12863b76d78851ab71a53c138b02d8 to remote] DEBUG org.asynchttpclient.netty.request.NettyRequestSender - Using pooled Channel '[id: 0x89efd0e9, L:/127.0.0.1:55478 - R:localhost/127.0.0.1:32910]' for 'GET' to 'http://localhost:32910/session/4f12863b76d78851ab71a53c138b02d8/url'
10:40:46.126 [Forwarding getCurrentUrl on session 4f12863b76d78851ab71a53c138b02d8 to remote] DEBUG org.asynchttpclient.netty.request.NettyRequestSender - Using open Channel [id: 0x89efd0e9, L:/127.0.0.1:55478 - R:localhost/127.0.0.1:32910] for GET '/session/4f12863b76d78851ab71a53c138b02d8/url'
10:40:46.129 [AsyncHttpClient-1-32] DEBUG org.asynchttpclient.netty.handler.HttpHandler - 

Request DefaultFullHttpRequest(decodeResult: success, version: HTTP/1.1, content: EmptyByteBufBE)
GET /session/4f12863b76d78851ab71a53c138b02d8/url HTTP/1.1
User-Agent: selenium/4.8.1 (java windows)
Cache-Control: no-cache
Content-Type: application/json; charset=utf-8
host: localhost:32910
accept: */*

Response DefaultHttpResponse(decodeResult: success, version: HTTP/1.1)
HTTP/1.1 200 OK
Content-Length: 41
Content-Type: application/json; charset=utf-8
cache-control: no-cache

10:40:46.129 [AsyncHttpClient-1-32] DEBUG org.asynchttpclient.netty.channel.ChannelManager - Adding key: http://localhost:32910 for channel [id: 0x89efd0e9, L:/127.0.0.1:55478 - R:localhost/127.0.0.1:32910]
10:40:46.135 [Forwarding getPageSource on session 4f12863b76d78851ab71a53c138b02d8 to remote] DEBUG org.asynchttpclient.netty.request.NettyRequestSender - Using pooled Channel '[id: 0x89efd0e9, L:/127.0.0.1:55478 - R:localhost/127.0.0.1:32910]' for 'POST' to 'http://localhost:32910/session/4f12863b76d78851ab71a53c138b02d8/execute/sync'
10:40:46.135 [Forwarding getPageSource on session 4f12863b76d78851ab71a53c138b02d8 to remote] DEBUG org.asynchttpclient.netty.request.NettyRequestSender - Using open Channel [id: 0x89efd0e9, L:/127.0.0.1:55478 - R:localhost/127.0.0.1:32910] for POST '/session/4f12863b76d78851ab71a53c138b02d8/execute/sync'
10:40:46.140 [AsyncHttpClient-1-32] DEBUG org.asynchttpclient.netty.handler.HttpHandler - 

Request DefaultHttpRequest(decodeResult: success, version: HTTP/1.1)
POST /session/4f12863b76d78851ab71a53c138b02d8/execute/sync HTTP/1.1
User-Agent: selenium/4.8.1 (java windows)
Content-Length: 176
Content-Type: application/json; charset=utf-8
host: localhost:32910
accept: */*

Response DefaultHttpResponse(decodeResult: success, version: HTTP/1.1)
HTTP/1.1 200 OK
Content-Length: 28798
Content-Type: application/json; charset=utf-8
cache-control: no-cache

10:40:46.140 [AsyncHttpClient-1-32] DEBUG org.asynchttpclient.netty.channel.ChannelManager - Adding key: http://localhost:32910 for channel [id: 0x89efd0e9, L:/127.0.0.1:55478 - R:localhost/127.0.0.1:32910]
10:40:46.143 [Forwarding getCurrentUrl on session 4f12863b76d78851ab71a53c138b02d8 to remote] DEBUG org.asynchttpclient.netty.request.NettyRequestSender - Using pooled Channel '[id: 0x89efd0e9, L:/127.0.0.1:55478 - R:localhost/127.0.0.1:32910]' for 'GET' to 'http://localhost:32910/session/4f12863b76d78851ab71a53c138b02d8/url'
10:40:46.143 [Forwarding getCurrentUrl on session 4f12863b76d78851ab71a53c138b02d8 to remote] DEBUG org.asynchttpclient.netty.request.NettyRequestSender - Using open Channel [id: 0x89efd0e9, L:/127.0.0.1:55478 - R:localhost/127.0.0.1:32910] for GET '/session/4f12863b76d78851ab71a53c138b02d8/url'
10:40:46.147 [AsyncHttpClient-1-32] DEBUG org.asynchttpclient.netty.handler.HttpHandler - 

Request DefaultFullHttpRequest(decodeResult: success, version: HTTP/1.1, content: EmptyByteBufBE)
GET /session/4f12863b76d78851ab71a53c138b02d8/url HTTP/1.1
User-Agent: selenium/4.8.1 (java windows)
Cache-Control: no-cache
Content-Type: application/json; charset=utf-8
host: localhost:32910
accept: */*

Response DefaultHttpResponse(decodeResult: success, version: HTTP/1.1)
HTTP/1.1 200 OK
Content-Length: 41
Content-Type: application/json; charset=utf-8
cache-control: no-cache

10:40:46.147 [AsyncHttpClient-1-32] DEBUG org.asynchttpclient.netty.channel.ChannelManager - Adding key: http://localhost:32910 for channel [id: 0x89efd0e9, L:/127.0.0.1:55478 - R:localhost/127.0.0.1:32910]
10:40:46.150 [main] DEBUG net.thucydides.core.steps.StepInterceptor - STARTING STEP: ProductSteps.chooseTheProduct - validateTheProduct
10:40:46.152 [Forwarding findElement on session 4f12863b76d78851ab71a53c138b02d8 to remote] DEBUG org.asynchttpclient.netty.request.NettyRequestSender - Using pooled Channel '[id: 0x89efd0e9, L:/127.0.0.1:55478 - R:localhost/127.0.0.1:32910]' for 'POST' to 'http://localhost:32910/session/4f12863b76d78851ab71a53c138b02d8/element'
10:40:46.152 [Forwarding findElement on session 4f12863b76d78851ab71a53c138b02d8 to remote] DEBUG org.asynchttpclient.netty.request.NettyRequestSender - Using open Channel [id: 0x89efd0e9, L:/127.0.0.1:55478 - R:localhost/127.0.0.1:32910] for POST '/session/4f12863b76d78851ab71a53c138b02d8/element'
10:40:46.200 [AsyncHttpClient-1-1] DEBUG org.asynchttpclient.netty.channel.DefaultChannelPool - Entry count for : http://localhost:55483 : 1
10:40:46.704 [AsyncHttpClient-1-32] DEBUG org.asynchttpclient.netty.handler.HttpHandler - 

Request DefaultHttpRequest(decodeResult: success, version: HTTP/1.1)
POST /session/4f12863b76d78851ab71a53c138b02d8/element HTTP/1.1
User-Agent: selenium/4.8.1 (java windows)
Content-Length: 54
Content-Type: application/json; charset=utf-8
host: localhost:32910
accept: */*

Response DefaultHttpResponse(decodeResult: success, version: HTTP/1.1)
HTTP/1.1 200 OK
Content-Length: 88
Content-Type: application/json; charset=utf-8
cache-control: no-cache

10:40:46.704 [AsyncHttpClient-1-32] DEBUG org.asynchttpclient.netty.channel.ChannelManager - Adding key: http://localhost:32910 for channel [id: 0x89efd0e9, L:/127.0.0.1:55478 - R:localhost/127.0.0.1:32910]
10:40:46.707 [Forwarding isElementDisplayed on session 4f12863b76d78851ab71a53c138b02d8 to remote] DEBUG org.asynchttpclient.netty.request.NettyRequestSender - Using pooled Channel '[id: 0x89efd0e9, L:/127.0.0.1:55478 - R:localhost/127.0.0.1:32910]' for 'POST' to 'http://localhost:32910/session/4f12863b76d78851ab71a53c138b02d8/execute/sync'
10:40:46.707 [Forwarding isElementDisplayed on session 4f12863b76d78851ab71a53c138b02d8 to remote] DEBUG org.asynchttpclient.netty.request.NettyRequestSender - Using open Channel [id: 0x89efd0e9, L:/127.0.0.1:55478 - R:localhost/127.0.0.1:32910] for POST '/session/4f12863b76d78851ab71a53c138b02d8/execute/sync'
10:40:46.716 [AsyncHttpClient-1-32] DEBUG org.asynchttpclient.netty.handler.HttpHandler - 

Request DefaultHttpRequest(decodeResult: success, version: HTTP/1.1)
POST /session/4f12863b76d78851ab71a53c138b02d8/execute/sync HTTP/1.1
User-Agent: selenium/4.8.1 (java windows)
Content-Length: 48807
Content-Type: application/json; charset=utf-8
host: localhost:32910
accept: */*

Response DefaultHttpResponse(decodeResult: success, version: HTTP/1.1)
HTTP/1.1 200 OK
Content-Length: 14
Content-Type: application/json; charset=utf-8
cache-control: no-cache

10:40:46.716 [AsyncHttpClient-1-32] DEBUG org.asynchttpclient.netty.channel.ChannelManager - Adding key: http://localhost:32910 for channel [id: 0x89efd0e9, L:/127.0.0.1:55478 - R:localhost/127.0.0.1:32910]
10:40:46.719 [Forwarding getAlertText on session 4f12863b76d78851ab71a53c138b02d8 to remote] DEBUG org.asynchttpclient.netty.request.NettyRequestSender - Using pooled Channel '[id: 0x89efd0e9, L:/127.0.0.1:55478 - R:localhost/127.0.0.1:32910]' for 'GET' to 'http://localhost:32910/session/4f12863b76d78851ab71a53c138b02d8/alert/text'
10:40:46.719 [Forwarding getAlertText on session 4f12863b76d78851ab71a53c138b02d8 to remote] DEBUG org.asynchttpclient.netty.request.NettyRequestSender - Using open Channel [id: 0x89efd0e9, L:/127.0.0.1:55478 - R:localhost/127.0.0.1:32910] for GET '/session/4f12863b76d78851ab71a53c138b02d8/alert/text'
10:40:46.720 [AsyncHttpClient-1-32] DEBUG org.asynchttpclient.netty.handler.HttpHandler - 

Request DefaultFullHttpRequest(decodeResult: success, version: HTTP/1.1, content: EmptyByteBufBE)
GET /session/4f12863b76d78851ab71a53c138b02d8/alert/text HTTP/1.1
User-Agent: selenium/4.8.1 (java windows)
Cache-Control: no-cache
Content-Type: application/json; charset=utf-8
host: localhost:32910
accept: */*

Response DefaultHttpResponse(decodeResult: success, version: HTTP/1.1)
HTTP/1.1 404 Not Found
Content-Length: 836
Content-Type: application/json; charset=utf-8
cache-control: no-cache

10:40:46.720 [AsyncHttpClient-1-32] DEBUG org.asynchttpclient.netty.channel.ChannelManager - Adding key: http://localhost:32910 for channel [id: 0x89efd0e9, L:/127.0.0.1:55478 - R:localhost/127.0.0.1:32910]
10:40:46.720 [Forwarding getCurrentUrl on session 4f12863b76d78851ab71a53c138b02d8 to remote] DEBUG org.asynchttpclient.netty.request.NettyRequestSender - Using pooled Channel '[id: 0x89efd0e9, L:/127.0.0.1:55478 - R:localhost/127.0.0.1:32910]' for 'GET' to 'http://localhost:32910/session/4f12863b76d78851ab71a53c138b02d8/url'
10:40:46.720 [Forwarding getCurrentUrl on session 4f12863b76d78851ab71a53c138b02d8 to remote] DEBUG org.asynchttpclient.netty.request.NettyRequestSender - Using open Channel [id: 0x89efd0e9, L:/127.0.0.1:55478 - R:localhost/127.0.0.1:32910] for GET '/session/4f12863b76d78851ab71a53c138b02d8/url'
10:40:46.722 [AsyncHttpClient-1-32] DEBUG org.asynchttpclient.netty.handler.HttpHandler - 

Request DefaultFullHttpRequest(decodeResult: success, version: HTTP/1.1, content: EmptyByteBufBE)
GET /session/4f12863b76d78851ab71a53c138b02d8/url HTTP/1.1
User-Agent: selenium/4.8.1 (java windows)
Cache-Control: no-cache
Content-Type: application/json; charset=utf-8
host: localhost:32910
accept: */*

Response DefaultHttpResponse(decodeResult: success, version: HTTP/1.1)
HTTP/1.1 200 OK
Content-Length: 41
Content-Type: application/json; charset=utf-8
cache-control: no-cache

10:40:46.722 [AsyncHttpClient-1-32] DEBUG org.asynchttpclient.netty.channel.ChannelManager - Adding key: http://localhost:32910 for channel [id: 0x89efd0e9, L:/127.0.0.1:55478 - R:localhost/127.0.0.1:32910]
10:40:46.723 [Forwarding screenshot on session 4f12863b76d78851ab71a53c138b02d8 to remote] DEBUG org.asynchttpclient.netty.request.NettyRequestSender - Using pooled Channel '[id: 0x89efd0e9, L:/127.0.0.1:55478 - R:localhost/127.0.0.1:32910]' for 'GET' to 'http://localhost:32910/session/4f12863b76d78851ab71a53c138b02d8/screenshot'
10:40:46.723 [Forwarding screenshot on session 4f12863b76d78851ab71a53c138b02d8 to remote] DEBUG org.asynchttpclient.netty.request.NettyRequestSender - Using open Channel [id: 0x89efd0e9, L:/127.0.0.1:55478 - R:localhost/127.0.0.1:32910] for GET '/session/4f12863b76d78851ab71a53c138b02d8/screenshot'
10:40:46.786 [AsyncHttpClient-1-32] DEBUG org.asynchttpclient.netty.handler.HttpHandler - 

Request DefaultFullHttpRequest(decodeResult: success, version: HTTP/1.1, content: EmptyByteBufBE)
GET /session/4f12863b76d78851ab71a53c138b02d8/screenshot HTTP/1.1
User-Agent: selenium/4.8.1 (java windows)
Cache-Control: no-cache
Content-Type: application/json; charset=utf-8
host: localhost:32910
accept: */*

Response DefaultHttpResponse(decodeResult: success, version: HTTP/1.1)
HTTP/1.1 200 OK
Content-Length: 64944
Content-Type: application/json; charset=utf-8
cache-control: no-cache

10:40:46.786 [AsyncHttpClient-1-32] DEBUG org.asynchttpclient.netty.channel.ChannelManager - Adding key: http://localhost:32910 for channel [id: 0x89efd0e9, L:/127.0.0.1:55478 - R:localhost/127.0.0.1:32910]
10:40:46.788 [main] DEBUG net.serenitybdd.core.photography.Darkroom - Send negative for processing for target\site\serenity\5c884aaa6ee4f2cf025c4851b4343c07a578d12751d7cbab9bec6a41393e8cb5.png
10:40:46.788 [main] DEBUG net.thucydides.core.steps.StepInterceptor - STEP DONE: validateTheProduct
  &amp#27;[32mAnd &amp#27;[0m&amp#27;[32mI choose the product&amp#27;[0m                                &amp#27;[90m# starter.stepdefinitions.ProductSteps.chooseTheProduct()&amp#27;[0m
10:40:46.788 [Darkroom Processing Line] DEBUG net.serenitybdd.core.photography.DarkroomProcessingLine - Processing screenshot image in /var/screenshots/screenshot-1415267174162065263
10:40:46.788 [Darkroom Processing Line] DEBUG net.serenitybdd.core.photography.DarkroomProcessingLine - Saving screenshot to target\site\serenity\5c884aaa6ee4f2cf025c4851b4343c07a578d12751d7cbab9bec6a41393e8cb5.png
10:40:46.793 [Forwarding getPageSource on session 4f12863b76d78851ab71a53c138b02d8 to remote] DEBUG org.asynchttpclient.netty.request.NettyRequestSender - Using pooled Channel '[id: 0x89efd0e9, L:/127.0.0.1:55478 - R:localhost/127.0.0.1:32910]' for 'POST' to 'http://localhost:32910/session/4f12863b76d78851ab71a53c138b02d8/execute/sync'
10:40:46.793 [Forwarding getPageSource on session 4f12863b76d78851ab71a53c138b02d8 to remote] DEBUG org.asynchttpclient.netty.request.NettyRequestSender - Using open Channel [id: 0x89efd0e9, L:/127.0.0.1:55478 - R:localhost/127.0.0.1:32910] for POST '/session/4f12863b76d78851ab71a53c138b02d8/execute/sync'
10:40:46.811 [AsyncHttpClient-1-32] DEBUG org.asynchttpclient.netty.handler.HttpHandler - 

Request DefaultHttpRequest(decodeResult: success, version: HTTP/1.1)
POST /session/4f12863b76d78851ab71a53c138b02d8/execute/sync HTTP/1.1
User-Agent: selenium/4.8.1 (java windows)
Content-Length: 176
Content-Type: application/json; charset=utf-8
host: localhost:32910
accept: */*

Response DefaultHttpResponse(decodeResult: success, version: HTTP/1.1)
HTTP/1.1 200 OK
Content-Length: 293456
Content-Type: application/json; charset=utf-8
cache-control: no-cache

10:40:46.811 [AsyncHttpClient-1-32] DEBUG org.asynchttpclient.netty.channel.ChannelManager - Adding key: http://localhost:32910 for channel [id: 0x89efd0e9, L:/127.0.0.1:55478 - R:localhost/127.0.0.1:32910]
10:40:46.834 [Forwarding getCurrentUrl on session 4f12863b76d78851ab71a53c138b02d8 to remote] DEBUG org.asynchttpclient.netty.request.NettyRequestSender - Using pooled Channel '[id: 0x89efd0e9, L:/127.0.0.1:55478 - R:localhost/127.0.0.1:32910]' for 'GET' to 'http://localhost:32910/session/4f12863b76d78851ab71a53c138b02d8/url'
10:40:46.834 [Forwarding getCurrentUrl on session 4f12863b76d78851ab71a53c138b02d8 to remote] DEBUG org.asynchttpclient.netty.request.NettyRequestSender - Using open Channel [id: 0x89efd0e9, L:/127.0.0.1:55478 - R:localhost/127.0.0.1:32910] for GET '/session/4f12863b76d78851ab71a53c138b02d8/url'
10:40:46.837 [AsyncHttpClient-1-32] DEBUG org.asynchttpclient.netty.handler.HttpHandler - 

Request DefaultFullHttpRequest(decodeResult: success, version: HTTP/1.1, content: EmptyByteBufBE)
GET /session/4f12863b76d78851ab71a53c138b02d8/url HTTP/1.1
User-Agent: selenium/4.8.1 (java windows)
Cache-Control: no-cache
Content-Type: application/json; charset=utf-8
host: localhost:32910
accept: */*

Response DefaultHttpResponse(decodeResult: success, version: HTTP/1.1)
HTTP/1.1 200 OK
Content-Length: 41
Content-Type: application/json; charset=utf-8
cache-control: no-cache

10:40:46.837 [AsyncHttpClient-1-32] DEBUG org.asynchttpclient.netty.channel.ChannelManager - Adding key: http://localhost:32910 for channel [id: 0x89efd0e9, L:/127.0.0.1:55478 - R:localhost/127.0.0.1:32910]
10:40:46.843 [Forwarding getAlertText on session 4f12863b76d78851ab71a53c138b02d8 to remote] DEBUG org.asynchttpclient.netty.request.NettyRequestSender - Using pooled Channel '[id: 0x89efd0e9, L:/127.0.0.1:55478 - R:localhost/127.0.0.1:32910]' for 'GET' to 'http://localhost:32910/session/4f12863b76d78851ab71a53c138b02d8/alert/text'
10:40:46.843 [Forwarding getAlertText on session 4f12863b76d78851ab71a53c138b02d8 to remote] DEBUG org.asynchttpclient.netty.request.NettyRequestSender - Using open Channel [id: 0x89efd0e9, L:/127.0.0.1:55478 - R:localhost/127.0.0.1:32910] for GET '/session/4f12863b76d78851ab71a53c138b02d8/alert/text'
10:40:46.844 [AsyncHttpClient-1-32] DEBUG org.asynchttpclient.netty.handler.HttpHandler - 

Request DefaultFullHttpRequest(decodeResult: success, version: HTTP/1.1, content: EmptyByteBufBE)
GET /session/4f12863b76d78851ab71a53c138b02d8/alert/text HTTP/1.1
User-Agent: selenium/4.8.1 (java windows)
Cache-Control: no-cache
Content-Type: application/json; charset=utf-8
host: localhost:32910
accept: */*

Response DefaultHttpResponse(decodeResult: success, version: HTTP/1.1)
HTTP/1.1 404 Not Found
Content-Length: 836
Content-Type: application/json; charset=utf-8
cache-control: no-cache

10:40:46.845 [AsyncHttpClient-1-32] DEBUG org.asynchttpclient.netty.channel.ChannelManager - Adding key: http://localhost:32910 for channel [id: 0x89efd0e9, L:/127.0.0.1:55478 - R:localhost/127.0.0.1:32910]
10:40:46.845 [Forwarding getCurrentUrl on session 4f12863b76d78851ab71a53c138b02d8 to remote] DEBUG org.asynchttpclient.netty.request.NettyRequestSender - Using pooled Channel '[id: 0x89efd0e9, L:/127.0.0.1:55478 - R:localhost/127.0.0.1:32910]' for 'GET' to 'http://localhost:32910/session/4f12863b76d78851ab71a53c138b02d8/url'
10:40:46.845 [Forwarding getCurrentUrl on session 4f12863b76d78851ab71a53c138b02d8 to remote] DEBUG org.asynchttpclient.netty.request.NettyRequestSender - Using open Channel [id: 0x89efd0e9, L:/127.0.0.1:55478 - R:localhost/127.0.0.1:32910] for GET '/session/4f12863b76d78851ab71a53c138b02d8/url'
10:40:46.848 [AsyncHttpClient-1-32] DEBUG org.asynchttpclient.netty.handler.HttpHandler - 

Request DefaultFullHttpRequest(decodeResult: success, version: HTTP/1.1, content: EmptyByteBufBE)
GET /session/4f12863b76d78851ab71a53c138b02d8/url HTTP/1.1
User-Agent: selenium/4.8.1 (java windows)
Cache-Control: no-cache
Content-Type: application/json; charset=utf-8
host: localhost:32910
accept: */*

Response DefaultHttpResponse(decodeResult: success, version: HTTP/1.1)
HTTP/1.1 200 OK
Content-Length: 41
Content-Type: application/json; charset=utf-8
cache-control: no-cache

10:40:46.848 [AsyncHttpClient-1-32] DEBUG org.asynchttpclient.netty.channel.ChannelManager - Adding key: http://localhost:32910 for channel [id: 0x89efd0e9, L:/127.0.0.1:55478 - R:localhost/127.0.0.1:32910]
10:40:46.848 [Forwarding screenshot on session 4f12863b76d78851ab71a53c138b02d8 to remote] DEBUG org.asynchttpclient.netty.request.NettyRequestSender - Using pooled Channel '[id: 0x89efd0e9, L:/127.0.0.1:55478 - R:localhost/127.0.0.1:32910]' for 'GET' to 'http://localhost:32910/session/4f12863b76d78851ab71a53c138b02d8/screenshot'
10:40:46.848 [Forwarding screenshot on session 4f12863b76d78851ab71a53c138b02d8 to remote] DEBUG org.asynchttpclient.netty.request.NettyRequestSender - Using open Channel [id: 0x89efd0e9, L:/127.0.0.1:55478 - R:localhost/127.0.0.1:32910] for GET '/session/4f12863b76d78851ab71a53c138b02d8/screenshot'
10:40:46.908 [AsyncHttpClient-1-32] DEBUG org.asynchttpclient.netty.handler.HttpHandler - 

Request DefaultFullHttpRequest(decodeResult: success, version: HTTP/1.1, content: EmptyByteBufBE)
GET /session/4f12863b76d78851ab71a53c138b02d8/screenshot HTTP/1.1
User-Agent: selenium/4.8.1 (java windows)
Cache-Control: no-cache
Content-Type: application/json; charset=utf-8
host: localhost:32910
accept: */*

Response DefaultHttpResponse(decodeResult: success, version: HTTP/1.1)
HTTP/1.1 200 OK
Content-Length: 64944
Content-Type: application/json; charset=utf-8
cache-control: no-cache

10:40:46.908 [AsyncHttpClient-1-32] DEBUG org.asynchttpclient.netty.channel.ChannelManager - Adding key: http://localhost:32910 for channel [id: 0x89efd0e9, L:/127.0.0.1:55478 - R:localhost/127.0.0.1:32910]
10:40:46.910 [main] DEBUG net.serenitybdd.core.photography.Darkroom - Send negative for processing for target\site\serenity\5c884aaa6ee4f2cf025c4851b4343c07a578d12751d7cbab9bec6a41393e8cb5.png
10:40:46.910 [Forwarding getPageSource on session 4f12863b76d78851ab71a53c138b02d8 to remote] DEBUG org.asynchttpclient.netty.request.NettyRequestSender - Using pooled Channel '[id: 0x89efd0e9, L:/127.0.0.1:55478 - R:localhost/127.0.0.1:32910]' for 'POST' to 'http://localhost:32910/session/4f12863b76d78851ab71a53c138b02d8/execute/sync'
10:40:46.910 [Forwarding getPageSource on session 4f12863b76d78851ab71a53c138b02d8 to remote] DEBUG org.asynchttpclient.netty.request.NettyRequestSender - Using open Channel [id: 0x89efd0e9, L:/127.0.0.1:55478 - R:localhost/127.0.0.1:32910] for POST '/session/4f12863b76d78851ab71a53c138b02d8/execute/sync'
10:40:46.924 [AsyncHttpClient-1-32] DEBUG org.asynchttpclient.netty.handler.HttpHandler - 

Request DefaultHttpRequest(decodeResult: success, version: HTTP/1.1)
POST /session/4f12863b76d78851ab71a53c138b02d8/execute/sync HTTP/1.1
User-Agent: selenium/4.8.1 (java windows)
Content-Length: 176
Content-Type: application/json; charset=utf-8
host: localhost:32910
accept: */*

Response DefaultHttpResponse(decodeResult: success, version: HTTP/1.1)
HTTP/1.1 200 OK
Content-Length: 293456
Content-Type: application/json; charset=utf-8
cache-control: no-cache

10:40:46.924 [AsyncHttpClient-1-32] DEBUG org.asynchttpclient.netty.channel.ChannelManager - Adding key: http://localhost:32910 for channel [id: 0x89efd0e9, L:/127.0.0.1:55478 - R:localhost/127.0.0.1:32910]
10:40:46.941 [Forwarding getCurrentUrl on session 4f12863b76d78851ab71a53c138b02d8 to remote] DEBUG org.asynchttpclient.netty.request.NettyRequestSender - Using pooled Channel '[id: 0x89efd0e9, L:/127.0.0.1:55478 - R:localhost/127.0.0.1:32910]' for 'GET' to 'http://localhost:32910/session/4f12863b76d78851ab71a53c138b02d8/url'
10:40:46.941 [Forwarding getCurrentUrl on session 4f12863b76d78851ab71a53c138b02d8 to remote] DEBUG org.asynchttpclient.netty.request.NettyRequestSender - Using open Channel [id: 0x89efd0e9, L:/127.0.0.1:55478 - R:localhost/127.0.0.1:32910] for GET '/session/4f12863b76d78851ab71a53c138b02d8/url'
10:40:46.944 [AsyncHttpClient-1-32] DEBUG org.asynchttpclient.netty.handler.HttpHandler - 

Request DefaultFullHttpRequest(decodeResult: success, version: HTTP/1.1, content: EmptyByteBufBE)
GET /session/4f12863b76d78851ab71a53c138b02d8/url HTTP/1.1
User-Agent: selenium/4.8.1 (java windows)
Cache-Control: no-cache
Content-Type: application/json; charset=utf-8
host: localhost:32910
accept: */*

Response DefaultHttpResponse(decodeResult: success, version: HTTP/1.1)
HTTP/1.1 200 OK
Content-Length: 41
Content-Type: application/json; charset=utf-8
cache-control: no-cache

10:40:46.944 [AsyncHttpClient-1-32] DEBUG org.asynchttpclient.netty.channel.ChannelManager - Adding key: http://localhost:32910 for channel [id: 0x89efd0e9, L:/127.0.0.1:55478 - R:localhost/127.0.0.1:32910]
10:40:46.947 [main] DEBUG net.thucydides.core.steps.StepInterceptor - STARTING STEP: ProductSteps.clickBeliButton - clickBeliButton
10:40:46.948 [Forwarding findElement on session 4f12863b76d78851ab71a53c138b02d8 to remote] DEBUG org.asynchttpclient.netty.request.NettyRequestSender - Using pooled Channel '[id: 0x89efd0e9, L:/127.0.0.1:55478 - R:localhost/127.0.0.1:32910]' for 'POST' to 'http://localhost:32910/session/4f12863b76d78851ab71a53c138b02d8/element'
10:40:46.948 [Forwarding findElement on session 4f12863b76d78851ab71a53c138b02d8 to remote] DEBUG org.asynchttpclient.netty.request.NettyRequestSender - Using open Channel [id: 0x89efd0e9, L:/127.0.0.1:55478 - R:localhost/127.0.0.1:32910] for POST '/session/4f12863b76d78851ab71a53c138b02d8/element'
10:40:46.958 [AsyncHttpClient-1-32] DEBUG org.asynchttpclient.netty.handler.HttpHandler - 

Request DefaultHttpRequest(decodeResult: success, version: HTTP/1.1)
POST /session/4f12863b76d78851ab71a53c138b02d8/element HTTP/1.1
User-Agent: selenium/4.8.1 (java windows)
Content-Length: 173
Content-Type: application/json; charset=utf-8
host: localhost:32910
accept: */*

Response DefaultHttpResponse(decodeResult: success, version: HTTP/1.1)
HTTP/1.1 200 OK
Content-Length: 88
Content-Type: application/json; charset=utf-8
cache-control: no-cache

10:40:46.958 [AsyncHttpClient-1-32] DEBUG org.asynchttpclient.netty.channel.ChannelManager - Adding key: http://localhost:32910 for channel [id: 0x89efd0e9, L:/127.0.0.1:55478 - R:localhost/127.0.0.1:32910]
10:40:46.959 [Forwarding getElementTagName on session 4f12863b76d78851ab71a53c138b02d8 to remote] DEBUG org.asynchttpclient.netty.request.NettyRequestSender - Using pooled Channel '[id: 0x89efd0e9, L:/127.0.0.1:55478 - R:localhost/127.0.0.1:32910]' for 'GET' to 'http://localhost:32910/session/4f12863b76d78851ab71a53c138b02d8/element/7850f99e-9c2c-4cce-a923-0446b28f7d1d/name'
10:40:46.959 [Forwarding getElementTagName on session 4f12863b76d78851ab71a53c138b02d8 to remote] DEBUG org.asynchttpclient.netty.request.NettyRequestSender - Using open Channel [id: 0x89efd0e9, L:/127.0.0.1:55478 - R:localhost/127.0.0.1:32910] for GET '/session/4f12863b76d78851ab71a53c138b02d8/element/7850f99e-9c2c-4cce-a923-0446b28f7d1d/name'
10:40:46.962 [AsyncHttpClient-1-32] DEBUG org.asynchttpclient.netty.handler.HttpHandler - 

Request DefaultFullHttpRequest(decodeResult: success, version: HTTP/1.1, content: EmptyByteBufBE)
GET /session/4f12863b76d78851ab71a53c138b02d8/element/7850f99e-9c2c-4cce-a923-0446b28f7d1d/name HTTP/1.1
User-Agent: selenium/4.8.1 (java windows)
Cache-Control: no-cache
Content-Type: application/json; charset=utf-8
host: localhost:32910
accept: */*

Response DefaultHttpResponse(decodeResult: success, version: HTTP/1.1)
HTTP/1.1 200 OK
Content-Length: 18
Content-Type: application/json; charset=utf-8
cache-control: no-cache

10:40:46.962 [AsyncHttpClient-1-32] DEBUG org.asynchttpclient.netty.channel.ChannelManager - Adding key: http://localhost:32910 for channel [id: 0x89efd0e9, L:/127.0.0.1:55478 - R:localhost/127.0.0.1:32910]
10:40:46.963 [Forwarding getElementTagName on session 4f12863b76d78851ab71a53c138b02d8 to remote] DEBUG org.asynchttpclient.netty.request.NettyRequestSender - Using pooled Channel '[id: 0x89efd0e9, L:/127.0.0.1:55478 - R:localhost/127.0.0.1:32910]' for 'GET' to 'http://localhost:32910/session/4f12863b76d78851ab71a53c138b02d8/element/7850f99e-9c2c-4cce-a923-0446b28f7d1d/name'
10:40:46.963 [Forwarding getElementTagName on session 4f12863b76d78851ab71a53c138b02d8 to remote] DEBUG org.asynchttpclient.netty.request.NettyRequestSender - Using open Channel [id: 0x89efd0e9, L:/127.0.0.1:55478 - R:localhost/127.0.0.1:32910] for GET '/session/4f12863b76d78851ab71a53c138b02d8/element/7850f99e-9c2c-4cce-a923-0446b28f7d1d/name'
10:40:46.965 [AsyncHttpClient-1-32] DEBUG org.asynchttpclient.netty.handler.HttpHandler - 

Request DefaultFullHttpRequest(decodeResult: success, version: HTTP/1.1, content: EmptyByteBufBE)
GET /session/4f12863b76d78851ab71a53c138b02d8/element/7850f99e-9c2c-4cce-a923-0446b28f7d1d/name HTTP/1.1
User-Agent: selenium/4.8.1 (java windows)
Cache-Control: no-cache
Content-Type: application/json; charset=utf-8
host: localhost:32910
accept: */*

Response DefaultHttpResponse(decodeResult: success, version: HTTP/1.1)
HTTP/1.1 200 OK
Content-Length: 18
Content-Type: application/json; charset=utf-8
cache-control: no-cache

10:40:46.965 [AsyncHttpClient-1-32] DEBUG org.asynchttpclient.netty.channel.ChannelManager - Adding key: http://localhost:32910 for channel [id: 0x89efd0e9, L:/127.0.0.1:55478 - R:localhost/127.0.0.1:32910]
10:40:46.966 [Forwarding isElementEnabled on session 4f12863b76d78851ab71a53c138b02d8 to remote] DEBUG org.asynchttpclient.netty.request.NettyRequestSender - Using pooled Channel '[id: 0x89efd0e9, L:/127.0.0.1:55478 - R:localhost/127.0.0.1:32910]' for 'GET' to 'http://localhost:32910/session/4f12863b76d78851ab71a53c138b02d8/element/7850f99e-9c2c-4cce-a923-0446b28f7d1d/enabled'
10:40:46.966 [Forwarding isElementEnabled on session 4f12863b76d78851ab71a53c138b02d8 to remote] DEBUG org.asynchttpclient.netty.request.NettyRequestSender - Using open Channel [id: 0x89efd0e9, L:/127.0.0.1:55478 - R:localhost/127.0.0.1:32910] for GET '/session/4f12863b76d78851ab71a53c138b02d8/element/7850f99e-9c2c-4cce-a923-0446b28f7d1d/enabled'
10:40:46.973 [AsyncHttpClient-1-32] DEBUG org.asynchttpclient.netty.handler.HttpHandler - 

Request DefaultFullHttpRequest(decodeResult: success, version: HTTP/1.1, content: EmptyByteBufBE)
GET /session/4f12863b76d78851ab71a53c138b02d8/element/7850f99e-9c2c-4cce-a923-0446b28f7d1d/enabled HTTP/1.1
User-Agent: selenium/4.8.1 (java windows)
Cache-Control: no-cache
Content-Type: application/json; charset=utf-8
host: localhost:32910
accept: */*

Response DefaultHttpResponse(decodeResult: success, version: HTTP/1.1)
HTTP/1.1 200 OK
Content-Length: 14
Content-Type: application/json; charset=utf-8
cache-control: no-cache

10:40:46.973 [AsyncHttpClient-1-32] DEBUG org.asynchttpclient.netty.channel.ChannelManager - Adding key: http://localhost:32910 for channel [id: 0x89efd0e9, L:/127.0.0.1:55478 - R:localhost/127.0.0.1:32910]
10:40:46.973 [Forwarding isElementEnabled on session 4f12863b76d78851ab71a53c138b02d8 to remote] DEBUG org.asynchttpclient.netty.request.NettyRequestSender - Using pooled Channel '[id: 0x89efd0e9, L:/127.0.0.1:55478 - R:localhost/127.0.0.1:32910]' for 'GET' to 'http://localhost:32910/session/4f12863b76d78851ab71a53c138b02d8/element/7850f99e-9c2c-4cce-a923-0446b28f7d1d/enabled'
10:40:46.973 [Forwarding isElementEnabled on session 4f12863b76d78851ab71a53c138b02d8 to remote] DEBUG org.asynchttpclient.netty.request.NettyRequestSender - Using open Channel [id: 0x89efd0e9, L:/127.0.0.1:55478 - R:localhost/127.0.0.1:32910] for GET '/session/4f12863b76d78851ab71a53c138b02d8/element/7850f99e-9c2c-4cce-a923-0446b28f7d1d/enabled'
10:40:46.978 [AsyncHttpClient-1-32] DEBUG org.asynchttpclient.netty.handler.HttpHandler - 

Request DefaultFullHttpRequest(decodeResult: success, version: HTTP/1.1, content: EmptyByteBufBE)
GET /session/4f12863b76d78851ab71a53c138b02d8/element/7850f99e-9c2c-4cce-a923-0446b28f7d1d/enabled HTTP/1.1
User-Agent: selenium/4.8.1 (java windows)
Cache-Control: no-cache
Content-Type: application/json; charset=utf-8
host: localhost:32910
accept: */*

Response DefaultHttpResponse(decodeResult: success, version: HTTP/1.1)
HTTP/1.1 200 OK
Content-Length: 14
Content-Type: application/json; charset=utf-8
cache-control: no-cache

10:40:46.978 [AsyncHttpClient-1-32] DEBUG org.asynchttpclient.netty.channel.ChannelManager - Adding key: http://localhost:32910 for channel [id: 0x89efd0e9, L:/127.0.0.1:55478 - R:localhost/127.0.0.1:32910]
10:40:46.979 [Forwarding findElement on session 4f12863b76d78851ab71a53c138b02d8 to remote] DEBUG org.asynchttpclient.netty.request.NettyRequestSender - Using pooled Channel '[id: 0x89efd0e9, L:/127.0.0.1:55478 - R:localhost/127.0.0.1:32910]' for 'POST' to 'http://localhost:32910/session/4f12863b76d78851ab71a53c138b02d8/element'
10:40:46.979 [Forwarding findElement on session 4f12863b76d78851ab71a53c138b02d8 to remote] DEBUG org.asynchttpclient.netty.request.NettyRequestSender - Using open Channel [id: 0x89efd0e9, L:/127.0.0.1:55478 - R:localhost/127.0.0.1:32910] for POST '/session/4f12863b76d78851ab71a53c138b02d8/element'
10:40:46.985 [AsyncHttpClient-1-32] DEBUG org.asynchttpclient.netty.handler.HttpHandler - 

Request DefaultHttpRequest(decodeResult: success, version: HTTP/1.1)
POST /session/4f12863b76d78851ab71a53c138b02d8/element HTTP/1.1
User-Agent: selenium/4.8.1 (java windows)
Content-Length: 173
Content-Type: application/json; charset=utf-8
host: localhost:32910
accept: */*

Response DefaultHttpResponse(decodeResult: success, version: HTTP/1.1)
HTTP/1.1 200 OK
Content-Length: 88
Content-Type: application/json; charset=utf-8
cache-control: no-cache

10:40:46.985 [AsyncHttpClient-1-32] DEBUG org.asynchttpclient.netty.channel.ChannelManager - Adding key: http://localhost:32910 for channel [id: 0x89efd0e9, L:/127.0.0.1:55478 - R:localhost/127.0.0.1:32910]
10:40:46.986 [Forwarding clickElement on session 4f12863b76d78851ab71a53c138b02d8 to remote] DEBUG org.asynchttpclient.netty.request.NettyRequestSender - Using pooled Channel '[id: 0x89efd0e9, L:/127.0.0.1:55478 - R:localhost/127.0.0.1:32910]' for 'POST' to 'http://localhost:32910/session/4f12863b76d78851ab71a53c138b02d8/element/7850f99e-9c2c-4cce-a923-0446b28f7d1d/click'
10:40:46.986 [Forwarding clickElement on session 4f12863b76d78851ab71a53c138b02d8 to remote] DEBUG org.asynchttpclient.netty.request.NettyRequestSender - Using open Channel [id: 0x89efd0e9, L:/127.0.0.1:55478 - R:localhost/127.0.0.1:32910] for POST '/session/4f12863b76d78851ab71a53c138b02d8/element/7850f99e-9c2c-4cce-a923-0446b28f7d1d/click'
10:40:47.034 [AsyncHttpClient-1-32] DEBUG org.asynchttpclient.netty.handler.HttpHandler - 

Request DefaultHttpRequest(decodeResult: success, version: HTTP/1.1)
POST /session/4f12863b76d78851ab71a53c138b02d8/element/7850f99e-9c2c-4cce-a923-0446b28f7d1d/click HTTP/1.1
User-Agent: selenium/4.8.1 (java windows)
Content-Length: 50
Content-Type: application/json; charset=utf-8
host: localhost:32910
accept: */*

Response DefaultHttpResponse(decodeResult: success, version: HTTP/1.1)
HTTP/1.1 200 OK
Content-Length: 14
Content-Type: application/json; charset=utf-8
cache-control: no-cache

10:40:47.034 [AsyncHttpClient-1-32] DEBUG org.asynchttpclient.netty.channel.ChannelManager - Adding key: http://localhost:32910 for channel [id: 0x89efd0e9, L:/127.0.0.1:55478 - R:localhost/127.0.0.1:32910]
10:40:47.037 [Forwarding getAlertText on session 4f12863b76d78851ab71a53c138b02d8 to remote] DEBUG org.asynchttpclient.netty.request.NettyRequestSender - Using pooled Channel '[id: 0x89efd0e9, L:/127.0.0.1:55478 - R:localhost/127.0.0.1:32910]' for 'GET' to 'http://localhost:32910/session/4f12863b76d78851ab71a53c138b02d8/alert/text'
10:40:47.037 [Forwarding getAlertText on session 4f12863b76d78851ab71a53c138b02d8 to remote] DEBUG org.asynchttpclient.netty.request.NettyRequestSender - Using open Channel [id: 0x89efd0e9, L:/127.0.0.1:55478 - R:localhost/127.0.0.1:32910] for GET '/session/4f12863b76d78851ab71a53c138b02d8/alert/text'
10:40:47.040 [AsyncHttpClient-1-32] DEBUG org.asynchttpclient.netty.handler.HttpHandler - 

Request DefaultFullHttpRequest(decodeResult: success, version: HTTP/1.1, content: EmptyByteBufBE)
GET /session/4f12863b76d78851ab71a53c138b02d8/alert/text HTTP/1.1
User-Agent: selenium/4.8.1 (java windows)
Cache-Control: no-cache
Content-Type: application/json; charset=utf-8
host: localhost:32910
accept: */*

Response DefaultHttpResponse(decodeResult: success, version: HTTP/1.1)
HTTP/1.1 404 Not Found
Content-Length: 836
Content-Type: application/json; charset=utf-8
cache-control: no-cache

10:40:47.040 [AsyncHttpClient-1-32] DEBUG org.asynchttpclient.netty.channel.ChannelManager - Adding key: http://localhost:32910 for channel [id: 0x89efd0e9, L:/127.0.0.1:55478 - R:localhost/127.0.0.1:32910]
10:40:47.041 [Forwarding getCurrentUrl on session 4f12863b76d78851ab71a53c138b02d8 to remote] DEBUG org.asynchttpclient.netty.request.NettyRequestSender - Using pooled Channel '[id: 0x89efd0e9, L:/127.0.0.1:55478 - R:localhost/127.0.0.1:32910]' for 'GET' to 'http://localhost:32910/session/4f12863b76d78851ab71a53c138b02d8/url'
10:40:47.041 [Forwarding getCurrentUrl on session 4f12863b76d78851ab71a53c138b02d8 to remote] DEBUG org.asynchttpclient.netty.request.NettyRequestSender - Using open Channel [id: 0x89efd0e9, L:/127.0.0.1:55478 - R:localhost/127.0.0.1:32910] for GET '/session/4f12863b76d78851ab71a53c138b02d8/url'
10:40:47.045 [AsyncHttpClient-1-32] DEBUG org.asynchttpclient.netty.handler.HttpHandler - 

Request DefaultFullHttpRequest(decodeResult: success, version: HTTP/1.1, content: EmptyByteBufBE)
GET /session/4f12863b76d78851ab71a53c138b02d8/url HTTP/1.1
User-Agent: selenium/4.8.1 (java windows)
Cache-Control: no-cache
Content-Type: application/json; charset=utf-8
host: localhost:32910
accept: */*

Response DefaultHttpResponse(decodeResult: success, version: HTTP/1.1)
HTTP/1.1 200 OK
Content-Length: 41
Content-Type: application/json; charset=utf-8
cache-control: no-cache

10:40:47.045 [AsyncHttpClient-1-32] DEBUG org.asynchttpclient.netty.channel.ChannelManager - Adding key: http://localhost:32910 for channel [id: 0x89efd0e9, L:/127.0.0.1:55478 - R:localhost/127.0.0.1:32910]
10:40:47.045 [Forwarding screenshot on session 4f12863b76d78851ab71a53c138b02d8 to remote] DEBUG org.asynchttpclient.netty.request.NettyRequestSender - Using pooled Channel '[id: 0x89efd0e9, L:/127.0.0.1:55478 - R:localhost/127.0.0.1:32910]' for 'GET' to 'http://localhost:32910/session/4f12863b76d78851ab71a53c138b02d8/screenshot'
10:40:47.045 [Forwarding screenshot on session 4f12863b76d78851ab71a53c138b02d8 to remote] DEBUG org.asynchttpclient.netty.request.NettyRequestSender - Using open Channel [id: 0x89efd0e9, L:/127.0.0.1:55478 - R:localhost/127.0.0.1:32910] for GET '/session/4f12863b76d78851ab71a53c138b02d8/screenshot'
10:40:47.128 [AsyncHttpClient-1-32] DEBUG org.asynchttpclient.netty.handler.HttpHandler - 

Request DefaultFullHttpRequest(decodeResult: success, version: HTTP/1.1, content: EmptyByteBufBE)
GET /session/4f12863b76d78851ab71a53c138b02d8/screenshot HTTP/1.1
User-Agent: selenium/4.8.1 (java windows)
Cache-Control: no-cache
Content-Type: application/json; charset=utf-8
host: localhost:32910
accept: */*

Response DefaultHttpResponse(decodeResult: success, version: HTTP/1.1)
HTTP/1.1 200 OK
Content-Length: 66384
Content-Type: application/json; charset=utf-8
cache-control: no-cache

10:40:47.128 [AsyncHttpClient-1-32] DEBUG org.asynchttpclient.netty.channel.ChannelManager - Adding key: http://localhost:32910 for channel [id: 0x89efd0e9, L:/127.0.0.1:55478 - R:localhost/127.0.0.1:32910]
10:40:47.130 [main] DEBUG net.serenitybdd.core.photography.Darkroom - Send negative for processing for target\site\serenity\f6f3cd25e457d73002ababafb338a2a22906fbcec8b955c670a5f9c4b6aa522d.png
10:40:47.130 [main] DEBUG net.thucydides.core.steps.StepInterceptor - STEP DONE: clickBeliButton
  &amp#27;[32mWhen &amp#27;[0m&amp#27;[32mI click BELI button from the product&amp#27;[0m               &amp#27;[90m# starter.stepdefinitions.ProductSteps.clickBeliButton()&amp#27;[0m
10:40:47.130 [Darkroom Processing Line] DEBUG net.serenitybdd.core.photography.DarkroomProcessingLine - Processing screenshot image in /var/screenshots/screenshot-10324345348291058882
10:40:47.130 [Darkroom Processing Line] DEBUG net.serenitybdd.core.photography.DarkroomProcessingLine - Saving screenshot to target\site\serenity\f6f3cd25e457d73002ababafb338a2a22906fbcec8b955c670a5f9c4b6aa522d.png
10:40:47.135 [Forwarding getPageSource on session 4f12863b76d78851ab71a53c138b02d8 to remote] DEBUG org.asynchttpclient.netty.request.NettyRequestSender - Using pooled Channel '[id: 0x89efd0e9, L:/127.0.0.1:55478 - R:localhost/127.0.0.1:32910]' for 'POST' to 'http://localhost:32910/session/4f12863b76d78851ab71a53c138b02d8/execute/sync'
10:40:47.135 [Forwarding getPageSource on session 4f12863b76d78851ab71a53c138b02d8 to remote] DEBUG org.asynchttpclient.netty.request.NettyRequestSender - Using open Channel [id: 0x89efd0e9, L:/127.0.0.1:55478 - R:localhost/127.0.0.1:32910] for POST '/session/4f12863b76d78851ab71a53c138b02d8/execute/sync'
10:40:47.149 [AsyncHttpClient-1-32] DEBUG org.asynchttpclient.netty.handler.HttpHandler - 

Request DefaultHttpRequest(decodeResult: success, version: HTTP/1.1)
POST /session/4f12863b76d78851ab71a53c138b02d8/execute/sync HTTP/1.1
User-Agent: selenium/4.8.1 (java windows)
Content-Length: 176
Content-Type: application/json; charset=utf-8
host: localhost:32910
accept: */*

Response DefaultHttpResponse(decodeResult: success, version: HTTP/1.1)
HTTP/1.1 200 OK
Content-Length: 293841
Content-Type: application/json; charset=utf-8
cache-control: no-cache

10:40:47.150 [AsyncHttpClient-1-32] DEBUG org.asynchttpclient.netty.channel.ChannelManager - Adding key: http://localhost:32910 for channel [id: 0x89efd0e9, L:/127.0.0.1:55478 - R:localhost/127.0.0.1:32910]
10:40:47.173 [Forwarding getCurrentUrl on session 4f12863b76d78851ab71a53c138b02d8 to remote] DEBUG org.asynchttpclient.netty.request.NettyRequestSender - Using pooled Channel '[id: 0x89efd0e9, L:/127.0.0.1:55478 - R:localhost/127.0.0.1:32910]' for 'GET' to 'http://localhost:32910/session/4f12863b76d78851ab71a53c138b02d8/url'
10:40:47.173 [Forwarding getCurrentUrl on session 4f12863b76d78851ab71a53c138b02d8 to remote] DEBUG org.asynchttpclient.netty.request.NettyRequestSender - Using open Channel [id: 0x89efd0e9, L:/127.0.0.1:55478 - R:localhost/127.0.0.1:32910] for GET '/session/4f12863b76d78851ab71a53c138b02d8/url'
10:40:47.176 [AsyncHttpClient-1-32] DEBUG org.asynchttpclient.netty.handler.HttpHandler - 

Request DefaultFullHttpRequest(decodeResult: success, version: HTTP/1.1, content: EmptyByteBufBE)
GET /session/4f12863b76d78851ab71a53c138b02d8/url HTTP/1.1
User-Agent: selenium/4.8.1 (java windows)
Cache-Control: no-cache
Content-Type: application/json; charset=utf-8
host: localhost:32910
accept: */*

Response DefaultHttpResponse(decodeResult: success, version: HTTP/1.1)
HTTP/1.1 200 OK
Content-Length: 41
Content-Type: application/json; charset=utf-8
cache-control: no-cache

10:40:47.176 [AsyncHttpClient-1-32] DEBUG org.asynchttpclient.netty.channel.ChannelManager - Adding key: http://localhost:32910 for channel [id: 0x89efd0e9, L:/127.0.0.1:55478 - R:localhost/127.0.0.1:32910]
10:40:47.182 [Forwarding getAlertText on session 4f12863b76d78851ab71a53c138b02d8 to remote] DEBUG org.asynchttpclient.netty.request.NettyRequestSender - Using pooled Channel '[id: 0x89efd0e9, L:/127.0.0.1:55478 - R:localhost/127.0.0.1:32910]' for 'GET' to 'http://localhost:32910/session/4f12863b76d78851ab71a53c138b02d8/alert/text'
10:40:47.183 [Forwarding getAlertText on session 4f12863b76d78851ab71a53c138b02d8 to remote] DEBUG org.asynchttpclient.netty.request.NettyRequestSender - Using open Channel [id: 0x89efd0e9, L:/127.0.0.1:55478 - R:localhost/127.0.0.1:32910] for GET '/session/4f12863b76d78851ab71a53c138b02d8/alert/text'
10:40:47.184 [AsyncHttpClient-1-32] DEBUG org.asynchttpclient.netty.handler.HttpHandler - 

Request DefaultFullHttpRequest(decodeResult: success, version: HTTP/1.1, content: EmptyByteBufBE)
GET /session/4f12863b76d78851ab71a53c138b02d8/alert/text HTTP/1.1
User-Agent: selenium/4.8.1 (java windows)
Cache-Control: no-cache
Content-Type: application/json; charset=utf-8
host: localhost:32910
accept: */*

Response DefaultHttpResponse(decodeResult: success, version: HTTP/1.1)
HTTP/1.1 404 Not Found
Content-Length: 836
Content-Type: application/json; charset=utf-8
cache-control: no-cache

10:40:47.184 [AsyncHttpClient-1-32] DEBUG org.asynchttpclient.netty.channel.ChannelManager - Adding key: http://localhost:32910 for channel [id: 0x89efd0e9, L:/127.0.0.1:55478 - R:localhost/127.0.0.1:32910]
10:40:47.185 [Forwarding getCurrentUrl on session 4f12863b76d78851ab71a53c138b02d8 to remote] DEBUG org.asynchttpclient.netty.request.NettyRequestSender - Using pooled Channel '[id: 0x89efd0e9, L:/127.0.0.1:55478 - R:localhost/127.0.0.1:32910]' for 'GET' to 'http://localhost:32910/session/4f12863b76d78851ab71a53c138b02d8/url'
10:40:47.185 [Forwarding getCurrentUrl on session 4f12863b76d78851ab71a53c138b02d8 to remote] DEBUG org.asynchttpclient.netty.request.NettyRequestSender - Using open Channel [id: 0x89efd0e9, L:/127.0.0.1:55478 - R:localhost/127.0.0.1:32910] for GET '/session/4f12863b76d78851ab71a53c138b02d8/url'
10:40:47.187 [AsyncHttpClient-1-32] DEBUG org.asynchttpclient.netty.handler.HttpHandler - 

Request DefaultFullHttpRequest(decodeResult: success, version: HTTP/1.1, content: EmptyByteBufBE)
GET /session/4f12863b76d78851ab71a53c138b02d8/url HTTP/1.1
User-Agent: selenium/4.8.1 (java windows)
Cache-Control: no-cache
Content-Type: application/json; charset=utf-8
host: localhost:32910
accept: */*

Response DefaultHttpResponse(decodeResult: success, version: HTTP/1.1)
HTTP/1.1 200 OK
Content-Length: 41
Content-Type: application/json; charset=utf-8
cache-control: no-cache

10:40:47.187 [AsyncHttpClient-1-32] DEBUG org.asynchttpclient.netty.channel.ChannelManager - Adding key: http://localhost:32910 for channel [id: 0x89efd0e9, L:/127.0.0.1:55478 - R:localhost/127.0.0.1:32910]
10:40:47.188 [Forwarding screenshot on session 4f12863b76d78851ab71a53c138b02d8 to remote] DEBUG org.asynchttpclient.netty.request.NettyRequestSender - Using pooled Channel '[id: 0x89efd0e9, L:/127.0.0.1:55478 - R:localhost/127.0.0.1:32910]' for 'GET' to 'http://localhost:32910/session/4f12863b76d78851ab71a53c138b02d8/screenshot'
10:40:47.188 [Forwarding screenshot on session 4f12863b76d78851ab71a53c138b02d8 to remote] DEBUG org.asynchttpclient.netty.request.NettyRequestSender - Using open Channel [id: 0x89efd0e9, L:/127.0.0.1:55478 - R:localhost/127.0.0.1:32910] for GET '/session/4f12863b76d78851ab71a53c138b02d8/screenshot'
10:40:47.262 [AsyncHttpClient-1-32] DEBUG org.asynchttpclient.netty.handler.HttpHandler - 

Request DefaultFullHttpRequest(decodeResult: success, version: HTTP/1.1, content: EmptyByteBufBE)
GET /session/4f12863b76d78851ab71a53c138b02d8/screenshot HTTP/1.1
User-Agent: selenium/4.8.1 (java windows)
Cache-Control: no-cache
Content-Type: application/json; charset=utf-8
host: localhost:32910
accept: */*

Response DefaultHttpResponse(decodeResult: success, version: HTTP/1.1)
HTTP/1.1 200 OK
Content-Length: 66832
Content-Type: application/json; charset=utf-8
cache-control: no-cache

10:40:47.262 [AsyncHttpClient-1-32] DEBUG org.asynchttpclient.netty.channel.ChannelManager - Adding key: http://localhost:32910 for channel [id: 0x89efd0e9, L:/127.0.0.1:55478 - R:localhost/127.0.0.1:32910]
10:40:47.264 [main] DEBUG net.serenitybdd.core.photography.Darkroom - Send negative for processing for target\site\serenity\ea4fe47ae6c79b7005c30b83b1df7bebd24fdd352c4ade9d45e6b835d5b0b980.png
10:40:47.265 [Darkroom Processing Line] DEBUG net.serenitybdd.core.photography.DarkroomProcessingLine - Processing screenshot image in /var/screenshots/screenshot-5919447738810449998
10:40:47.265 [Darkroom Processing Line] DEBUG net.serenitybdd.core.photography.DarkroomProcessingLine - Saving screenshot to target\site\serenity\ea4fe47ae6c79b7005c30b83b1df7bebd24fdd352c4ade9d45e6b835d5b0b980.png
10:40:47.265 [Forwarding getPageSource on session 4f12863b76d78851ab71a53c138b02d8 to remote] DEBUG org.asynchttpclient.netty.request.NettyRequestSender - Using pooled Channel '[id: 0x89efd0e9, L:/127.0.0.1:55478 - R:localhost/127.0.0.1:32910]' for 'POST' to 'http://localhost:32910/session/4f12863b76d78851ab71a53c138b02d8/execute/sync'
10:40:47.265 [Forwarding getPageSource on session 4f12863b76d78851ab71a53c138b02d8 to remote] DEBUG org.asynchttpclient.netty.request.NettyRequestSender - Using open Channel [id: 0x89efd0e9, L:/127.0.0.1:55478 - R:localhost/127.0.0.1:32910] for POST '/session/4f12863b76d78851ab71a53c138b02d8/execute/sync'
10:40:47.287 [AsyncHttpClient-1-32] DEBUG org.asynchttpclient.netty.handler.HttpHandler - 

Request DefaultHttpRequest(decodeResult: success, version: HTTP/1.1)
POST /session/4f12863b76d78851ab71a53c138b02d8/execute/sync HTTP/1.1
User-Agent: selenium/4.8.1 (java windows)
Content-Length: 176
Content-Type: application/json; charset=utf-8
host: localhost:32910
accept: */*

Response DefaultHttpResponse(decodeResult: success, version: HTTP/1.1)
HTTP/1.1 200 OK
Content-Length: 293842
Content-Type: application/json; charset=utf-8
cache-control: no-cache

10:40:47.288 [AsyncHttpClient-1-32] DEBUG org.asynchttpclient.netty.channel.ChannelManager - Adding key: http://localhost:32910 for channel [id: 0x89efd0e9, L:/127.0.0.1:55478 - R:localhost/127.0.0.1:32910]
10:40:47.299 [AsyncHttpClient-1-1] DEBUG org.asynchttpclient.netty.channel.DefaultChannelPool - Entry count for : http://localhost:55483 : 1
10:40:47.299 [AsyncHttpClient-1-1] DEBUG org.asynchttpclient.netty.channel.DefaultChannelPool - Entry count for : http://localhost:32910 : 1
10:40:47.308 [Forwarding getCurrentUrl on session 4f12863b76d78851ab71a53c138b02d8 to remote] DEBUG org.asynchttpclient.netty.request.NettyRequestSender - Using pooled Channel '[id: 0x89efd0e9, L:/127.0.0.1:55478 - R:localhost/127.0.0.1:32910]' for 'GET' to 'http://localhost:32910/session/4f12863b76d78851ab71a53c138b02d8/url'
10:40:47.308 [Forwarding getCurrentUrl on session 4f12863b76d78851ab71a53c138b02d8 to remote] DEBUG org.asynchttpclient.netty.request.NettyRequestSender - Using open Channel [id: 0x89efd0e9, L:/127.0.0.1:55478 - R:localhost/127.0.0.1:32910] for GET '/session/4f12863b76d78851ab71a53c138b02d8/url'
10:40:47.313 [AsyncHttpClient-1-32] DEBUG org.asynchttpclient.netty.handler.HttpHandler - 

Request DefaultFullHttpRequest(decodeResult: success, version: HTTP/1.1, content: EmptyByteBufBE)
GET /session/4f12863b76d78851ab71a53c138b02d8/url HTTP/1.1
User-Agent: selenium/4.8.1 (java windows)
Cache-Control: no-cache
Content-Type: application/json; charset=utf-8
host: localhost:32910
accept: */*

Response DefaultHttpResponse(decodeResult: success, version: HTTP/1.1)
HTTP/1.1 200 OK
Content-Length: 41
Content-Type: application/json; charset=utf-8
cache-control: no-cache

10:40:47.313 [AsyncHttpClient-1-32] DEBUG org.asynchttpclient.netty.channel.ChannelManager - Adding key: http://localhost:32910 for channel [id: 0x89efd0e9, L:/127.0.0.1:55478 - R:localhost/127.0.0.1:32910]
10:40:47.317 [main] DEBUG net.thucydides.core.steps.StepInterceptor - STARTING STEP: ProductSteps.validateProductHasAdded - clickCartIcon
10:40:47.321 [Forwarding findElement on session 4f12863b76d78851ab71a53c138b02d8 to remote] DEBUG org.asynchttpclient.netty.request.NettyRequestSender - Using pooled Channel '[id: 0x89efd0e9, L:/127.0.0.1:55478 - R:localhost/127.0.0.1:32910]' for 'POST' to 'http://localhost:32910/session/4f12863b76d78851ab71a53c138b02d8/element'
10:40:47.321 [Forwarding findElement on session 4f12863b76d78851ab71a53c138b02d8 to remote] DEBUG org.asynchttpclient.netty.request.NettyRequestSender - Using open Channel [id: 0x89efd0e9, L:/127.0.0.1:55478 - R:localhost/127.0.0.1:32910] for POST '/session/4f12863b76d78851ab71a53c138b02d8/element'
10:40:47.333 [AsyncHttpClient-1-32] DEBUG org.asynchttpclient.netty.handler.HttpHandler - 

Request DefaultHttpRequest(decodeResult: success, version: HTTP/1.1)
POST /session/4f12863b76d78851ab71a53c138b02d8/element HTTP/1.1
User-Agent: selenium/4.8.1 (java windows)
Content-Length: 65
Content-Type: application/json; charset=utf-8
host: localhost:32910
accept: */*

Response DefaultHttpResponse(decodeResult: success, version: HTTP/1.1)
HTTP/1.1 200 OK
Content-Length: 88
Content-Type: application/json; charset=utf-8
cache-control: no-cache

10:40:47.334 [AsyncHttpClient-1-32] DEBUG org.asynchttpclient.netty.channel.ChannelManager - Adding key: http://localhost:32910 for channel [id: 0x89efd0e9, L:/127.0.0.1:55478 - R:localhost/127.0.0.1:32910]
10:40:47.335 [Forwarding getElementTagName on session 4f12863b76d78851ab71a53c138b02d8 to remote] DEBUG org.asynchttpclient.netty.request.NettyRequestSender - Using pooled Channel '[id: 0x89efd0e9, L:/127.0.0.1:55478 - R:localhost/127.0.0.1:32910]' for 'GET' to 'http://localhost:32910/session/4f12863b76d78851ab71a53c138b02d8/element/c1480127-3c85-47cb-9eeb-ff61a7f8b1f8/name'
10:40:47.335 [Forwarding getElementTagName on session 4f12863b76d78851ab71a53c138b02d8 to remote] DEBUG org.asynchttpclient.netty.request.NettyRequestSender - Using open Channel [id: 0x89efd0e9, L:/127.0.0.1:55478 - R:localhost/127.0.0.1:32910] for GET '/session/4f12863b76d78851ab71a53c138b02d8/element/c1480127-3c85-47cb-9eeb-ff61a7f8b1f8/name'
10:40:47.343 [AsyncHttpClient-1-32] DEBUG org.asynchttpclient.netty.handler.HttpHandler - 

Request DefaultFullHttpRequest(decodeResult: success, version: HTTP/1.1, content: EmptyByteBufBE)
GET /session/4f12863b76d78851ab71a53c138b02d8/element/c1480127-3c85-47cb-9eeb-ff61a7f8b1f8/name HTTP/1.1
User-Agent: selenium/4.8.1 (java windows)
Cache-Control: no-cache
Content-Type: application/json; charset=utf-8
host: localhost:32910
accept: */*

Response DefaultHttpResponse(decodeResult: success, version: HTTP/1.1)
HTTP/1.1 200 OK
Content-Length: 13
Content-Type: application/json; charset=utf-8
cache-control: no-cache

10:40:47.343 [AsyncHttpClient-1-32] DEBUG org.asynchttpclient.netty.channel.ChannelManager - Adding key: http://localhost:32910 for channel [id: 0x89efd0e9, L:/127.0.0.1:55478 - R:localhost/127.0.0.1:32910]
10:40:47.345 [Forwarding getElementTagName on session 4f12863b76d78851ab71a53c138b02d8 to remote] DEBUG org.asynchttpclient.netty.request.NettyRequestSender - Using pooled Channel '[id: 0x89efd0e9, L:/127.0.0.1:55478 - R:localhost/127.0.0.1:32910]' for 'GET' to 'http://localhost:32910/session/4f12863b76d78851ab71a53c138b02d8/element/c1480127-3c85-47cb-9eeb-ff61a7f8b1f8/name'
10:40:47.345 [Forwarding getElementTagName on session 4f12863b76d78851ab71a53c138b02d8 to remote] DEBUG org.asynchttpclient.netty.request.NettyRequestSender - Using open Channel [id: 0x89efd0e9, L:/127.0.0.1:55478 - R:localhost/127.0.0.1:32910] for GET '/session/4f12863b76d78851ab71a53c138b02d8/element/c1480127-3c85-47cb-9eeb-ff61a7f8b1f8/name'
10:40:47.356 [AsyncHttpClient-1-32] DEBUG org.asynchttpclient.netty.handler.HttpHandler - 

Request DefaultFullHttpRequest(decodeResult: success, version: HTTP/1.1, content: EmptyByteBufBE)
GET /session/4f12863b76d78851ab71a53c138b02d8/element/c1480127-3c85-47cb-9eeb-ff61a7f8b1f8/name HTTP/1.1
User-Agent: selenium/4.8.1 (java windows)
Cache-Control: no-cache
Content-Type: application/json; charset=utf-8
host: localhost:32910
accept: */*

Response DefaultHttpResponse(decodeResult: success, version: HTTP/1.1)
HTTP/1.1 200 OK
Content-Length: 13
Content-Type: application/json; charset=utf-8
cache-control: no-cache

10:40:47.356 [AsyncHttpClient-1-32] DEBUG org.asynchttpclient.netty.channel.ChannelManager - Adding key: http://localhost:32910 for channel [id: 0x89efd0e9, L:/127.0.0.1:55478 - R:localhost/127.0.0.1:32910]
10:40:47.358 [Forwarding findElement on session 4f12863b76d78851ab71a53c138b02d8 to remote] DEBUG org.asynchttpclient.netty.request.NettyRequestSender - Using pooled Channel '[id: 0x89efd0e9, L:/127.0.0.1:55478 - R:localhost/127.0.0.1:32910]' for 'POST' to 'http://localhost:32910/session/4f12863b76d78851ab71a53c138b02d8/element'
10:40:47.358 [Forwarding findElement on session 4f12863b76d78851ab71a53c138b02d8 to remote] DEBUG org.asynchttpclient.netty.request.NettyRequestSender - Using open Channel [id: 0x89efd0e9, L:/127.0.0.1:55478 - R:localhost/127.0.0.1:32910] for POST '/session/4f12863b76d78851ab71a53c138b02d8/element'
10:40:47.380 [AsyncHttpClient-1-32] DEBUG org.asynchttpclient.netty.handler.HttpHandler - 

Request DefaultHttpRequest(decodeResult: success, version: HTTP/1.1)
POST /session/4f12863b76d78851ab71a53c138b02d8/element HTTP/1.1
User-Agent: selenium/4.8.1 (java windows)
Content-Length: 65
Content-Type: application/json; charset=utf-8
host: localhost:32910
accept: */*

Response DefaultHttpResponse(decodeResult: success, version: HTTP/1.1)
HTTP/1.1 200 OK
Content-Length: 88
Content-Type: application/json; charset=utf-8
cache-control: no-cache

10:40:47.380 [AsyncHttpClient-1-32] DEBUG org.asynchttpclient.netty.channel.ChannelManager - Adding key: http://localhost:32910 for channel [id: 0x89efd0e9, L:/127.0.0.1:55478 - R:localhost/127.0.0.1:32910]
10:40:47.382 [Forwarding clickElement on session 4f12863b76d78851ab71a53c138b02d8 to remote] DEBUG org.asynchttpclient.netty.request.NettyRequestSender - Using pooled Channel '[id: 0x89efd0e9, L:/127.0.0.1:55478 - R:localhost/127.0.0.1:32910]' for 'POST' to 'http://localhost:32910/session/4f12863b76d78851ab71a53c138b02d8/element/c1480127-3c85-47cb-9eeb-ff61a7f8b1f8/click'
10:40:47.382 [Forwarding clickElement on session 4f12863b76d78851ab71a53c138b02d8 to remote] DEBUG org.asynchttpclient.netty.request.NettyRequestSender - Using open Channel [id: 0x89efd0e9, L:/127.0.0.1:55478 - R:localhost/127.0.0.1:32910] for POST '/session/4f12863b76d78851ab71a53c138b02d8/element/c1480127-3c85-47cb-9eeb-ff61a7f8b1f8/click'
10:40:47.421 [AsyncHttpClient-1-32] DEBUG org.asynchttpclient.netty.handler.HttpHandler - 

Request DefaultHttpRequest(decodeResult: success, version: HTTP/1.1)
POST /session/4f12863b76d78851ab71a53c138b02d8/element/c1480127-3c85-47cb-9eeb-ff61a7f8b1f8/click HTTP/1.1
User-Agent: selenium/4.8.1 (java windows)
Content-Length: 50
Content-Type: application/json; charset=utf-8
host: localhost:32910
accept: */*

Response DefaultHttpResponse(decodeResult: success, version: HTTP/1.1)
HTTP/1.1 200 OK
Content-Length: 14
Content-Type: application/json; charset=utf-8
cache-control: no-cache

10:40:47.421 [AsyncHttpClient-1-32] DEBUG org.asynchttpclient.netty.channel.ChannelManager - Adding key: http://localhost:32910 for channel [id: 0x89efd0e9, L:/127.0.0.1:55478 - R:localhost/127.0.0.1:32910]
10:40:47.425 [Forwarding getAlertText on session 4f12863b76d78851ab71a53c138b02d8 to remote] DEBUG org.asynchttpclient.netty.request.NettyRequestSender - Using pooled Channel '[id: 0x89efd0e9, L:/127.0.0.1:55478 - R:localhost/127.0.0.1:32910]' for 'GET' to 'http://localhost:32910/session/4f12863b76d78851ab71a53c138b02d8/alert/text'
10:40:47.425 [Forwarding getAlertText on session 4f12863b76d78851ab71a53c138b02d8 to remote] DEBUG org.asynchttpclient.netty.request.NettyRequestSender - Using open Channel [id: 0x89efd0e9, L:/127.0.0.1:55478 - R:localhost/127.0.0.1:32910] for GET '/session/4f12863b76d78851ab71a53c138b02d8/alert/text'
10:40:47.461 [AsyncHttpClient-1-32] DEBUG org.asynchttpclient.netty.handler.HttpHandler - 

Request DefaultFullHttpRequest(decodeResult: success, version: HTTP/1.1, content: EmptyByteBufBE)
GET /session/4f12863b76d78851ab71a53c138b02d8/alert/text HTTP/1.1
User-Agent: selenium/4.8.1 (java windows)
Cache-Control: no-cache
Content-Type: application/json; charset=utf-8
host: localhost:32910
accept: */*

Response DefaultHttpResponse(decodeResult: success, version: HTTP/1.1)
HTTP/1.1 404 Not Found
Content-Length: 836
Content-Type: application/json; charset=utf-8
cache-control: no-cache

10:40:47.461 [AsyncHttpClient-1-32] DEBUG org.asynchttpclient.netty.channel.ChannelManager - Adding key: http://localhost:32910 for channel [id: 0x89efd0e9, L:/127.0.0.1:55478 - R:localhost/127.0.0.1:32910]
10:40:47.462 [Forwarding getCurrentUrl on session 4f12863b76d78851ab71a53c138b02d8 to remote] DEBUG org.asynchttpclient.netty.request.NettyRequestSender - Using pooled Channel '[id: 0x89efd0e9, L:/127.0.0.1:55478 - R:localhost/127.0.0.1:32910]' for 'GET' to 'http://localhost:32910/session/4f12863b76d78851ab71a53c138b02d8/url'
10:40:47.462 [Forwarding getCurrentUrl on session 4f12863b76d78851ab71a53c138b02d8 to remote] DEBUG org.asynchttpclient.netty.request.NettyRequestSender - Using open Channel [id: 0x89efd0e9, L:/127.0.0.1:55478 - R:localhost/127.0.0.1:32910] for GET '/session/4f12863b76d78851ab71a53c138b02d8/url'
10:40:47.468 [AsyncHttpClient-1-32] DEBUG org.asynchttpclient.netty.handler.HttpHandler - 

Request DefaultFullHttpRequest(decodeResult: success, version: HTTP/1.1, content: EmptyByteBufBE)
GET /session/4f12863b76d78851ab71a53c138b02d8/url HTTP/1.1
User-Agent: selenium/4.8.1 (java windows)
Cache-Control: no-cache
Content-Type: application/json; charset=utf-8
host: localhost:32910
accept: */*

Response DefaultHttpResponse(decodeResult: success, version: HTTP/1.1)
HTTP/1.1 200 OK
Content-Length: 46
Content-Type: application/json; charset=utf-8
cache-control: no-cache

10:40:47.468 [AsyncHttpClient-1-32] DEBUG org.asynchttpclient.netty.channel.ChannelManager - Adding key: http://localhost:32910 for channel [id: 0x89efd0e9, L:/127.0.0.1:55478 - R:localhost/127.0.0.1:32910]
10:40:47.468 [Forwarding screenshot on session 4f12863b76d78851ab71a53c138b02d8 to remote] DEBUG org.asynchttpclient.netty.request.NettyRequestSender - Using pooled Channel '[id: 0x89efd0e9, L:/127.0.0.1:55478 - R:localhost/127.0.0.1:32910]' for 'GET' to 'http://localhost:32910/session/4f12863b76d78851ab71a53c138b02d8/screenshot'
10:40:47.468 [Forwarding screenshot on session 4f12863b76d78851ab71a53c138b02d8 to remote] DEBUG org.asynchttpclient.netty.request.NettyRequestSender - Using open Channel [id: 0x89efd0e9, L:/127.0.0.1:55478 - R:localhost/127.0.0.1:32910] for GET '/session/4f12863b76d78851ab71a53c138b02d8/screenshot'
10:40:47.557 [AsyncHttpClient-1-32] DEBUG org.asynchttpclient.netty.handler.HttpHandler - 

Request DefaultFullHttpRequest(decodeResult: success, version: HTTP/1.1, content: EmptyByteBufBE)
GET /session/4f12863b76d78851ab71a53c138b02d8/screenshot HTTP/1.1
User-Agent: selenium/4.8.1 (java windows)
Cache-Control: no-cache
Content-Type: application/json; charset=utf-8
host: localhost:32910
accept: */*

Response DefaultHttpResponse(decodeResult: success, version: HTTP/1.1)
HTTP/1.1 200 OK
Content-Length: 29936
Content-Type: application/json; charset=utf-8
cache-control: no-cache

10:40:47.557 [AsyncHttpClient-1-32] DEBUG org.asynchttpclient.netty.channel.ChannelManager - Adding key: http://localhost:32910 for channel [id: 0x89efd0e9, L:/127.0.0.1:55478 - R:localhost/127.0.0.1:32910]
10:40:47.558 [main] DEBUG net.serenitybdd.core.photography.Darkroom - Send negative for processing for target\site\serenity\3476ab8186e72cf88da85ad8c6517c09a49d9e2e56a7865540831e59351a2ea9.png
10:40:47.558 [main] DEBUG net.thucydides.core.steps.StepInterceptor - STEP DONE: clickCartIcon
10:40:47.558 [Darkroom Processing Line] DEBUG net.serenitybdd.core.photography.DarkroomProcessingLine - Processing screenshot image in /var/screenshots/screenshot-13459762216496995397
10:40:47.558 [Darkroom Processing Line] DEBUG net.serenitybdd.core.photography.DarkroomProcessingLine - Saving screenshot to target\site\serenity\3476ab8186e72cf88da85ad8c6517c09a49d9e2e56a7865540831e59351a2ea9.png
10:40:47.561 [Forwarding getPageSource on session 4f12863b76d78851ab71a53c138b02d8 to remote] DEBUG org.asynchttpclient.netty.request.NettyRequestSender - Using pooled Channel '[id: 0x89efd0e9, L:/127.0.0.1:55478 - R:localhost/127.0.0.1:32910]' for 'POST' to 'http://localhost:32910/session/4f12863b76d78851ab71a53c138b02d8/execute/sync'
10:40:47.561 [Forwarding getPageSource on session 4f12863b76d78851ab71a53c138b02d8 to remote] DEBUG org.asynchttpclient.netty.request.NettyRequestSender - Using open Channel [id: 0x89efd0e9, L:/127.0.0.1:55478 - R:localhost/127.0.0.1:32910] for POST '/session/4f12863b76d78851ab71a53c138b02d8/execute/sync'
10:40:47.566 [AsyncHttpClient-1-32] DEBUG org.asynchttpclient.netty.handler.HttpHandler - 

Request DefaultHttpRequest(decodeResult: success, version: HTTP/1.1)
POST /session/4f12863b76d78851ab71a53c138b02d8/execute/sync HTTP/1.1
User-Agent: selenium/4.8.1 (java windows)
Content-Length: 176
Content-Type: application/json; charset=utf-8
host: localhost:32910
accept: */*

Response DefaultHttpResponse(decodeResult: success, version: HTTP/1.1)
HTTP/1.1 200 OK
Content-Length: 22256
Content-Type: application/json; charset=utf-8
cache-control: no-cache

10:40:47.566 [AsyncHttpClient-1-32] DEBUG org.asynchttpclient.netty.channel.ChannelManager - Adding key: http://localhost:32910 for channel [id: 0x89efd0e9, L:/127.0.0.1:55478 - R:localhost/127.0.0.1:32910]
10:40:47.567 [Forwarding getCurrentUrl on session 4f12863b76d78851ab71a53c138b02d8 to remote] DEBUG org.asynchttpclient.netty.request.NettyRequestSender - Using pooled Channel '[id: 0x89efd0e9, L:/127.0.0.1:55478 - R:localhost/127.0.0.1:32910]' for 'GET' to 'http://localhost:32910/session/4f12863b76d78851ab71a53c138b02d8/url'
10:40:47.567 [Forwarding getCurrentUrl on session 4f12863b76d78851ab71a53c138b02d8 to remote] DEBUG org.asynchttpclient.netty.request.NettyRequestSender - Using open Channel [id: 0x89efd0e9, L:/127.0.0.1:55478 - R:localhost/127.0.0.1:32910] for GET '/session/4f12863b76d78851ab71a53c138b02d8/url'
10:40:47.570 [AsyncHttpClient-1-32] DEBUG org.asynchttpclient.netty.handler.HttpHandler - 

Request DefaultFullHttpRequest(decodeResult: success, version: HTTP/1.1, content: EmptyByteBufBE)
GET /session/4f12863b76d78851ab71a53c138b02d8/url HTTP/1.1
User-Agent: selenium/4.8.1 (java windows)
Cache-Control: no-cache
Content-Type: application/json; charset=utf-8
host: localhost:32910
accept: */*

Response DefaultHttpResponse(decodeResult: success, version: HTTP/1.1)
HTTP/1.1 200 OK
Content-Length: 46
Content-Type: application/json; charset=utf-8
cache-control: no-cache

10:40:47.570 [AsyncHttpClient-1-32] DEBUG org.asynchttpclient.netty.channel.ChannelManager - Adding key: http://localhost:32910 for channel [id: 0x89efd0e9, L:/127.0.0.1:55478 - R:localhost/127.0.0.1:32910]
10:40:47.572 [main] DEBUG net.thucydides.core.steps.StepInterceptor - STARTING STEP: ProductSteps.validateProductHasAdded - validateProductHasAdded
10:40:47.573 [Forwarding findElement on session 4f12863b76d78851ab71a53c138b02d8 to remote] DEBUG org.asynchttpclient.netty.request.NettyRequestSender - Using pooled Channel '[id: 0x89efd0e9, L:/127.0.0.1:55478 - R:localhost/127.0.0.1:32910]' for 'POST' to 'http://localhost:32910/session/4f12863b76d78851ab71a53c138b02d8/element'
10:40:47.573 [Forwarding findElement on session 4f12863b76d78851ab71a53c138b02d8 to remote] DEBUG org.asynchttpclient.netty.request.NettyRequestSender - Using open Channel [id: 0x89efd0e9, L:/127.0.0.1:55478 - R:localhost/127.0.0.1:32910] for POST '/session/4f12863b76d78851ab71a53c138b02d8/element'
10:40:47.581 [AsyncHttpClient-1-32] DEBUG org.asynchttpclient.netty.handler.HttpHandler - 

Request DefaultHttpRequest(decodeResult: success, version: HTTP/1.1)
POST /session/4f12863b76d78851ab71a53c138b02d8/element HTTP/1.1
User-Agent: selenium/4.8.1 (java windows)
Content-Length: 58
Content-Type: application/json; charset=utf-8
host: localhost:32910
accept: */*

Response DefaultHttpResponse(decodeResult: success, version: HTTP/1.1)
HTTP/1.1 200 OK
Content-Length: 88
Content-Type: application/json; charset=utf-8
cache-control: no-cache

10:40:47.581 [AsyncHttpClient-1-32] DEBUG org.asynchttpclient.netty.channel.ChannelManager - Adding key: http://localhost:32910 for channel [id: 0x89efd0e9, L:/127.0.0.1:55478 - R:localhost/127.0.0.1:32910]
10:40:47.583 [Forwarding isElementDisplayed on session 4f12863b76d78851ab71a53c138b02d8 to remote] DEBUG org.asynchttpclient.netty.request.NettyRequestSender - Using pooled Channel '[id: 0x89efd0e9, L:/127.0.0.1:55478 - R:localhost/127.0.0.1:32910]' for 'POST' to 'http://localhost:32910/session/4f12863b76d78851ab71a53c138b02d8/execute/sync'
10:40:47.583 [Forwarding isElementDisplayed on session 4f12863b76d78851ab71a53c138b02d8 to remote] DEBUG org.asynchttpclient.netty.request.NettyRequestSender - Using open Channel [id: 0x89efd0e9, L:/127.0.0.1:55478 - R:localhost/127.0.0.1:32910] for POST '/session/4f12863b76d78851ab71a53c138b02d8/execute/sync'
10:40:47.589 [AsyncHttpClient-1-32] DEBUG org.asynchttpclient.netty.handler.HttpHandler - 

Request DefaultHttpRequest(decodeResult: success, version: HTTP/1.1)
POST /session/4f12863b76d78851ab71a53c138b02d8/execute/sync HTTP/1.1
User-Agent: selenium/4.8.1 (java windows)
Content-Length: 48807
Content-Type: application/json; charset=utf-8
host: localhost:32910
accept: */*

Response DefaultHttpResponse(decodeResult: success, version: HTTP/1.1)
HTTP/1.1 200 OK
Content-Length: 14
Content-Type: application/json; charset=utf-8
cache-control: no-cache

10:40:47.589 [AsyncHttpClient-1-32] DEBUG org.asynchttpclient.netty.channel.ChannelManager - Adding key: http://localhost:32910 for channel [id: 0x89efd0e9, L:/127.0.0.1:55478 - R:localhost/127.0.0.1:32910]
10:40:47.591 [main] DEBUG net.thucydides.core.steps.StepInterceptor - STEP DONE: validateProductHasAdded
  &amp#27;[32mThen &amp#27;[0m&amp#27;[32mI should see the product in cart&amp#27;[0m                   &amp#27;[90m# starter.stepdefinitions.ProductSteps.validateProductHasAdded()&amp#27;[0m
10:40:47.595 [main] INFO  - 
  _____   ___   ___   _____     ___     _     ___   ___   ___   ___  
 |_   _| | __| / __| |_   _|   | _ \   /_\   / __| / __| | __| |   \ 
   | |   | _|  \__ \   | |     |  _/  / _ \  \__ \ \__ \ | _|  | |) |
   |_|   |___| |___/   |_|     |_|   /_/ \_\ |___/ |___/ |___| |___/ 

Add to cart by buy a product with login
----------------------------------------------------------------------
10:40:47.596 [AsyncHttpClient-1-2] DEBUG org.asynchttpclient.netty.handler.WebSocketHandler - Channel Closed: [id: 0x8b941fec, L:/127.0.0.1:55490 ! R:localhost/127.0.0.1:55483] with attribute NettyResponseFuture{currentRetry=0,
	isDone=1,
	isCancelled=0,
	asyncHandler=org.asynchttpclient.ws.WebSocketUpgradeHandler@14df6424,
	nettyRequest=org.asynchttpclient.netty.request.NettyRequest@640d3cec,
	future=java.util.concurrent.CompletableFuture@32ca035e[Completed normally],
	uri=ws://localhost:55483/devtools/browser/f23e587d-7c38-4107-91b9-c3419921f4a5,
	keepAlive=true,
	redirectCount=0,
	timeoutsHolder=null,
	inAuth=0,
	touch=1683430843840}
10:40:47.596 [AsyncHttpClient-1-2] DEBUG org.asynchttpclient.netty.channel.ChannelManager - Closing Channel [id: 0x8b941fec, L:/127.0.0.1:55490 ! R:localhost/127.0.0.1:55483] 
10:40:47.596 [Driver Command Executor] DEBUG org.asynchttpclient.netty.request.NettyRequestSender - Using pooled Channel '[id: 0x89efd0e9, L:/127.0.0.1:55478 - R:localhost/127.0.0.1:32910]' for 'DELETE' to 'http://localhost:32910/session/4f12863b76d78851ab71a53c138b02d8'
10:40:47.596 [Driver Command Executor] DEBUG org.asynchttpclient.netty.request.NettyRequestSender - Using open Channel [id: 0x89efd0e9, L:/127.0.0.1:55478 - R:localhost/127.0.0.1:32910] for DELETE '/session/4f12863b76d78851ab71a53c138b02d8'
10:40:47.618 [AsyncHttpClient-1-33] DEBUG org.asynchttpclient.netty.handler.HttpHandler - Unexpected I/O exception on channel [id: 0x1f42df59, L:/127.0.0.1:55489 - R:localhost/127.0.0.1:55483]
java.net.SocketException: Connection reset
	at java.base/sun.nio.ch.SocketChannelImpl.throwConnectionReset(SocketChannelImpl.java:367)
	at java.base/sun.nio.ch.SocketChannelImpl.read(SocketChannelImpl.java:398)
	at io.netty.buffer.PooledByteBuf.setBytes(PooledByteBuf.java:259)
	at io.netty.buffer.AbstractByteBuf.writeBytes(AbstractByteBuf.java:1132)
	at io.netty.channel.socket.nio.NioSocketChannel.doReadBytes(NioSocketChannel.java:357)
	at io.netty.channel.nio.AbstractNioByteChannel$NioByteUnsafe.read(AbstractNioByteChannel.java:151)
	at io.netty.channel.nio.NioEventLoop.processSelectedKey(NioEventLoop.java:788)
	at io.netty.channel.nio.NioEventLoop.processSelectedKeysOptimized(NioEventLoop.java:724)
	at io.netty.channel.nio.NioEventLoop.processSelectedKeys(NioEventLoop.java:650)
	at io.netty.channel.nio.NioEventLoop.run(NioEventLoop.java:562)
	at io.netty.util.concurrent.SingleThreadEventExecutor$4.run(SingleThreadEventExecutor.java:997)
	at io.netty.util.internal.ThreadExecutorMap$2.run(ThreadExecutorMap.java:74)
	at io.netty.util.concurrent.FastThreadLocalRunnable.run(FastThreadLocalRunnable.java:30)
	at java.base/java.lang.Thread.run(Thread.java:832)
10:40:47.619 [AsyncHttpClient-1-33] DEBUG org.asynchttpclient.netty.channel.ChannelManager - Closing Channel [id: 0x1f42df59, L:/127.0.0.1:55489 - R:localhost/127.0.0.1:55483] 
10:40:47.619 [AsyncHttpClient-1-33] DEBUG org.asynchttpclient.netty.handler.HttpHandler - Channel Closed: [id: 0x1f42df59, L:/127.0.0.1:55489 ! R:localhost/127.0.0.1:55483] with attribute DISCARD
10:40:47.630 [AsyncHttpClient-1-32] DEBUG org.asynchttpclient.netty.handler.HttpHandler - 

Request DefaultFullHttpRequest(decodeResult: success, version: HTTP/1.1, content: EmptyByteBufBE)
DELETE /session/4f12863b76d78851ab71a53c138b02d8 HTTP/1.1
User-Agent: selenium/4.8.1 (java windows)
Content-Type: application/json; charset=utf-8
host: localhost:32910
accept: */*

Response DefaultHttpResponse(decodeResult: success, version: HTTP/1.1)
HTTP/1.1 200 OK
Content-Length: 14
Content-Type: application/json; charset=utf-8
cache-control: no-cache

10:40:47.630 [AsyncHttpClient-1-32] DEBUG org.asynchttpclient.netty.channel.ChannelManager - Adding key: http://localhost:32910 for channel [id: 0x89efd0e9, L:/127.0.0.1:55478 - R:localhost/127.0.0.1:32910]
10:40:47.739 [AsyncHttpClient-1-32] DEBUG org.asynchttpclient.netty.handler.HttpHandler - Channel Closed: [id: 0x89efd0e9, L:/127.0.0.1:55478 ! R:localhost/127.0.0.1:32910] with attribute DISCARD
]]></system-out>
    <system-err><![CDATA[Starting ChromeDriver 111.0.5563.64 (c710e93d5b63b7095afe8c2c17df34408078439d-refs/branch-heads/5563@{#995}) on port 32910
Only local connections are allowed.
Please see https://chromedriver.chromium.org/security-considerations for suggestions on keeping ChromeDriver safe.
ChromeDriver was started successfully.
[1683430843.821][WARNING]: This version of ChromeDriver has not been tested with Chrome version 112.
May 07, 2023 10:40:43 AM org.openqa.selenium.devtools.CdpVersionFinder findNearestMatch
WARNING: Unable to find an exact match for CDP version 112, so returning the closest version found: 110
]]></system-err>
  </testcase>
  <testcase name="Add to cart by buy a product without login" classname="Product" time="0.069">
    <system-out><![CDATA[
Scenario: Add to cart by buy a product without login &amp#27;[90m# src/test/resources/features/3. Product.feature:13&amp#27;[0m
10:40:48.258 [main] DEBUG io.cucumber.core.plugin.SerenityReporter - Running feature from file:///C:/Users/WINDOWS%2010/Documents/GitHub/MiniProject_QE/Web/code/minpro/src/test/resources/features/3.%20Product.feature
10:40:48.261 [main] INFO  - 
  _____   ___   ___   _____     ___   _____     _     ___   _____   ___   ___  
 |_   _| | __| / __| |_   _|   / __| |_   _|   /_\   | _ \ |_   _| | __| |   \ 
   | |   | _|  \__ \   | |     \__ \   | |    / _ \  |   /   | |   | _|  | |) |
   |_|   |___| |___/   |_|     |___/   |_|   /_/ \_\ |_|_\   |_|   |___| |___/ 

Add to cart by buy a product without login(product;add-to-cart-by-buy-a-product-without-login)
--------------------------------------------------------------------------------
10:40:48.298 [main] DEBUG net.thucydides.core.steps.StepInterceptor - STARTING STEP: ProductSteps.goToHomePage - clickToolbarTitle
10:40:48.302 [main] DEBUG net.thucydides.core.steps.StepInterceptor - STEP DONE: clickToolbarTitle
  &amp#27;[32mGiven &amp#27;[0m&amp#27;[32mI go to the alta-shop home page&amp#27;[0m              &amp#27;[90m# starter.stepdefinitions.ProductSteps.goToHomePage()&amp#27;[0m
10:40:48.309 [main] DEBUG net.thucydides.core.steps.StepInterceptor - STARTING STEP: ProductSteps.chooseTheProduct - validateTheProduct
10:40:48.310 [main] DEBUG net.thucydides.core.steps.StepInterceptor - STEP DONE: validateTheProduct
  &amp#27;[32mAnd &amp#27;[0m&amp#27;[32mI choose the product&amp#27;[0m                           &amp#27;[90m# starter.stepdefinitions.ProductSteps.chooseTheProduct()&amp#27;[0m
10:40:48.314 [main] DEBUG net.thucydides.core.steps.StepInterceptor - STARTING STEP: ProductSteps.clickBeliButton - clickBeliButton
10:40:48.315 [main] DEBUG net.thucydides.core.steps.StepInterceptor - STEP DONE: clickBeliButton
  &amp#27;[32mWhen &amp#27;[0m&amp#27;[32mI click BELI button from the product&amp#27;[0m          &amp#27;[90m# starter.stepdefinitions.ProductSteps.clickBeliButton()&amp#27;[0m
10:40:48.319 [main] DEBUG net.thucydides.core.steps.StepInterceptor - STARTING STEP: ProductSteps.validateOrderEmpty - clickCartIcon
10:40:48.321 [main] DEBUG net.thucydides.core.steps.StepInterceptor - STEP DONE: clickCartIcon
10:40:48.322 [main] DEBUG net.thucydides.core.steps.StepInterceptor - STARTING STEP: ProductSteps.validateOrderEmpty - validateOrderEmpty
10:40:48.323 [main] DEBUG net.thucydides.core.steps.StepInterceptor - STEP DONE: validateOrderEmpty
  &amp#27;[32mThen &amp#27;[0m&amp#27;[32mI shouldn't see the product in cart&amp#27;[0m           &amp#27;[90m# starter.stepdefinitions.ProductSteps.validateOrderEmpty()&amp#27;[0m
10:40:48.324 [main] INFO  - 
  _____   ___   ___   _____     ___     _     ___   ___   ___   ___  
 |_   _| | __| / __| |_   _|   | _ \   /_\   / __| / __| | __| |   \ 
   | |   | _|  \__ \   | |     |  _/  / _ \  \__ \ \__ \ | _|  | |) |
   |_|   |___| |___/   |_|     |_|   /_/ \_\ |___/ |___/ |___| |___/ 

Add to cart by buy a product without login
----------------------------------------------------------------------
]]></system-out>
  </testcase>
  <testcase name="Adding product from cart page" classname="Product" time="0.056">
    <system-out><![CDATA[
Scenario: Adding product from cart page            &amp#27;[90m# src/test/resources/features/3. Product.feature:19&amp#27;[0m
10:40:48.328 [main] DEBUG io.cucumber.core.plugin.SerenityReporter - Running feature from file:///C:/Users/WINDOWS%2010/Documents/GitHub/MiniProject_QE/Web/code/minpro/src/test/resources/features/3.%20Product.feature
10:40:48.331 [main] INFO  - 
  _____   ___   ___   _____     ___   _____     _     ___   _____   ___   ___  
 |_   _| | __| / __| |_   _|   / __| |_   _|   /_\   | _ \ |_   _| | __| |   \ 
   | |   | _|  \__ \   | |     \__ \   | |    / _ \  |   /   | |   | _|  | |) |
   |_|   |___| |___/   |_|     |___/   |_|   /_/ \_\ |_|_\   |_|   |___| |___/ 

Adding product from cart page(product;adding-product-from-cart-page)
--------------------------------------------------------------------------------
10:40:48.352 [main] DEBUG net.thucydides.core.steps.StepInterceptor - STARTING STEP: ProductSteps.goToHomePage - clickToolbarTitle
10:40:48.355 [main] DEBUG net.thucydides.core.steps.StepInterceptor - STEP DONE: clickToolbarTitle
  &amp#27;[32mGiven &amp#27;[0m&amp#27;[32mI go to the alta-shop home page&amp#27;[0m            &amp#27;[90m# starter.stepdefinitions.ProductSteps.goToHomePage()&amp#27;[0m
10:40:48.360 [main] DEBUG net.thucydides.core.steps.StepInterceptor - STARTING STEP: ProductSteps.chooseTheProduct - validateTheProduct
10:40:48.362 [main] DEBUG net.thucydides.core.steps.StepInterceptor - STEP DONE: validateTheProduct
  &amp#27;[32mAnd &amp#27;[0m&amp#27;[32mI choose the product&amp#27;[0m                         &amp#27;[90m# starter.stepdefinitions.ProductSteps.chooseTheProduct()&amp#27;[0m
10:40:48.367 [main] DEBUG net.thucydides.core.steps.StepInterceptor - STARTING STEP: ProductSteps.clickBeliButton - clickBeliButton
10:40:48.370 [main] DEBUG net.thucydides.core.steps.StepInterceptor - STEP DONE: clickBeliButton
  &amp#27;[32mWhen &amp#27;[0m&amp#27;[32mI click BELI button from the product&amp#27;[0m        &amp#27;[90m# starter.stepdefinitions.ProductSteps.clickBeliButton()&amp#27;[0m
10:40:48.374 [main] DEBUG net.thucydides.core.steps.StepInterceptor - STARTING STEP: ProductSteps.clickIncreaseProduct - clickIncreaseProduct
10:40:48.376 [main] DEBUG net.thucydides.core.steps.StepInterceptor - STEP DONE: clickIncreaseProduct
  &amp#27;[32mAnd &amp#27;[0m&amp#27;[32mI am adding 1 product in order page&amp#27;[0m          &amp#27;[90m# starter.stepdefinitions.ProductSteps.clickIncreaseProduct()&amp#27;[0m
10:40:48.379 [main] DEBUG net.thucydides.core.steps.StepInterceptor - STARTING STEP: ProductSteps.validateQuantityIncreased - validateQuantityIncreased
10:40:48.380 [main] DEBUG net.thucydides.core.steps.StepInterceptor - STEP DONE: validateQuantityIncreased
  &amp#27;[32mThen &amp#27;[0m&amp#27;[32mI should see that the product has increased&amp#27;[0m &amp#27;[90m# starter.stepdefinitions.ProductSteps.validateQuantityIncreased()&amp#27;[0m
10:40:48.381 [main] INFO  - 
  _____   ___   ___   _____     ___     _     ___   ___   ___   ___  
 |_   _| | __| / __| |_   _|   | _ \   /_\   / __| / __| | __| |   \ 
   | |   | _|  \__ \   | |     |  _/  / _ \  \__ \ \__ \ | _|  | |) |
   |_|   |___| |___/   |_|     |_|   /_/ \_\ |___/ |___/ |___| |___/ 

Adding product from cart page
----------------------------------------------------------------------
]]></system-out>
  </testcase>
  <testcase name="Reducing product from cart page" classname="Product" time="0.039">
    <system-out><![CDATA[
Scenario: Reducing product from cart page        &amp#27;[90m# src/test/resources/features/3. Product.feature:26&amp#27;[0m
10:40:48.384 [main] DEBUG io.cucumber.core.plugin.SerenityReporter - Running feature from file:///C:/Users/WINDOWS%2010/Documents/GitHub/MiniProject_QE/Web/code/minpro/src/test/resources/features/3.%20Product.feature
10:40:48.387 [main] INFO  - 
  _____   ___   ___   _____     ___   _____     _     ___   _____   ___   ___  
 |_   _| | __| / __| |_   _|   / __| |_   _|   /_\   | _ \ |_   _| | __| |   \ 
   | |   | _|  \__ \   | |     \__ \   | |    / _ \  |   /   | |   | _|  | |) |
   |_|   |___| |___/   |_|     |___/   |_|   /_/ \_\ |_|_\   |_|   |___| |___/ 

Reducing product from cart page(product;reducing-product-from-cart-page)
--------------------------------------------------------------------------------
10:40:48.400 [AsyncHttpClient-1-1] DEBUG org.asynchttpclient.netty.channel.DefaultChannelPool - Entry count for : http://localhost:55483 : 1
10:40:48.400 [AsyncHttpClient-1-1] DEBUG org.asynchttpclient.netty.channel.DefaultChannelPool - Entry count for : http://localhost:32910 : 1
10:40:48.400 [AsyncHttpClient-1-1] DEBUG org.asynchttpclient.netty.channel.DefaultChannelPool - Adding Candidate expired Channel [id: 0x1f42df59, L:/127.0.0.1:55489 ! R:localhost/127.0.0.1:55483] isIdleTimeoutExpired=false isRemotelyClosed=true isTtlExpired=false
10:40:48.400 [AsyncHttpClient-1-1] DEBUG org.asynchttpclient.netty.channel.DefaultChannelPool - Closing Idle Channel [id: 0x1f42df59, L:/127.0.0.1:55489 ! R:localhost/127.0.0.1:55483]
10:40:48.400 [AsyncHttpClient-1-1] DEBUG org.asynchttpclient.netty.channel.DefaultChannelPool - Adding Candidate expired Channel [id: 0x89efd0e9, L:/127.0.0.1:55478 ! R:localhost/127.0.0.1:32910] isIdleTimeoutExpired=false isRemotelyClosed=true isTtlExpired=false
10:40:48.400 [AsyncHttpClient-1-1] DEBUG org.asynchttpclient.netty.channel.DefaultChannelPool - Closing Idle Channel [id: 0x89efd0e9, L:/127.0.0.1:55478 ! R:localhost/127.0.0.1:32910]
10:40:48.400 [AsyncHttpClient-1-1] DEBUG org.asynchttpclient.netty.channel.DefaultChannelPool - Closed 2 connections out of 2 in 0 ms
10:40:48.402 [main] DEBUG net.thucydides.core.steps.StepInterceptor - STARTING STEP: ProductSteps.goToHomePage - clickToolbarTitle
10:40:48.403 [main] DEBUG net.thucydides.core.steps.StepInterceptor - STEP DONE: clickToolbarTitle
  &amp#27;[32mGiven &amp#27;[0m&amp#27;[32mI go to the alta-shop home page&amp#27;[0m          &amp#27;[90m# starter.stepdefinitions.ProductSteps.goToHomePage()&amp#27;[0m
10:40:48.407 [main] DEBUG net.thucydides.core.steps.StepInterceptor - STARTING STEP: ProductSteps.chooseTheProduct - validateTheProduct
10:40:48.408 [main] DEBUG net.thucydides.core.steps.StepInterceptor - STEP DONE: validateTheProduct
  &amp#27;[32mAnd &amp#27;[0m&amp#27;[32mI choose the product&amp#27;[0m                       &amp#27;[90m# starter.stepdefinitions.ProductSteps.chooseTheProduct()&amp#27;[0m
10:40:48.410 [main] DEBUG net.thucydides.core.steps.StepInterceptor - STARTING STEP: ProductSteps.clickBeliButton - clickBeliButton
10:40:48.412 [main] DEBUG net.thucydides.core.steps.StepInterceptor - STEP DONE: clickBeliButton
  &amp#27;[32mWhen &amp#27;[0m&amp#27;[32mI click BELI button from the product&amp#27;[0m      &amp#27;[90m# starter.stepdefinitions.ProductSteps.clickBeliButton()&amp#27;[0m
10:40:48.414 [main] DEBUG net.thucydides.core.steps.StepInterceptor - STARTING STEP: ProductSteps.clickReducedProduct - clickReduceProduct
10:40:48.416 [main] DEBUG net.thucydides.core.steps.StepInterceptor - STEP DONE: clickReduceProduct
  &amp#27;[32mAnd &amp#27;[0m&amp#27;[32mI am reducing 1 product in order page&amp#27;[0m      &amp#27;[90m# starter.stepdefinitions.ProductSteps.clickReducedProduct()&amp#27;[0m
10:40:48.418 [main] DEBUG net.thucydides.core.steps.StepInterceptor - STARTING STEP: ProductSteps.validateQuantityReduced - validateQuantityReduced
10:40:48.419 [main] DEBUG net.thucydides.core.steps.StepInterceptor - STEP DONE: validateQuantityReduced
  &amp#27;[32mThen &amp#27;[0m&amp#27;[32mI should see that the product has reduced&amp#27;[0m &amp#27;[90m# starter.stepdefinitions.ProductSteps.validateQuantityReduced()&amp#27;[0m
10:40:48.420 [main] INFO  - 
  _____   ___   ___   _____     ___     _     ___   ___   ___   ___  
 |_   _| | __| / __| |_   _|   | _ \   /_\   / __| / __| | __| |   \ 
   | |   | _|  \__ \   | |     |  _/  / _ \  \__ \ \__ \ | _|  | |) |
   |_|   |___| |___/   |_|     |_|   /_/ \_\ |___/ |___/ |___| |___/ 

Reducing product from cart page
----------------------------------------------------------------------
]]></system-out>
  </testcase>
  <testcase name="View product detail" classname="Product" time="0.046">
    <system-out><![CDATA[
Scenario: View product detail                 &amp#27;[90m# src/test/resources/features/3. Product.feature:33&amp#27;[0m
10:40:48.424 [main] DEBUG io.cucumber.core.plugin.SerenityReporter - Running feature from file:///C:/Users/WINDOWS%2010/Documents/GitHub/MiniProject_QE/Web/code/minpro/src/test/resources/features/3.%20Product.feature
10:40:48.426 [main] INFO  - 
  _____   ___   ___   _____     ___   _____     _     ___   _____   ___   ___  
 |_   _| | __| / __| |_   _|   / __| |_   _|   /_\   | _ \ |_   _| | __| |   \ 
   | |   | _|  \__ \   | |     \__ \   | |    / _ \  |   /   | |   | _|  | |) |
   |_|   |___| |___/   |_|     |___/   |_|   /_/ \_\ |_|_\   |_|   |___| |___/ 

View product detail(product;view-product-detail)
--------------------------------------------------------------------------------
10:40:48.444 [main] DEBUG net.thucydides.core.steps.StepInterceptor - STARTING STEP: ProductSteps.goToHomePage - clickToolbarTitle
10:40:48.447 [main] DEBUG net.thucydides.core.steps.StepInterceptor - STEP DONE: clickToolbarTitle
  &amp#27;[32mGiven &amp#27;[0m&amp#27;[32mI go to the alta-shop home page&amp#27;[0m       &amp#27;[90m# starter.stepdefinitions.ProductSteps.goToHomePage()&amp#27;[0m
10:40:48.450 [main] DEBUG net.thucydides.core.steps.StepInterceptor - STARTING STEP: ProductSteps.chooseTheProduct - validateTheProduct
10:40:48.451 [main] DEBUG net.thucydides.core.steps.StepInterceptor - STEP DONE: validateTheProduct
  &amp#27;[32mAnd &amp#27;[0m&amp#27;[32mI choose the product&amp#27;[0m                    &amp#27;[90m# starter.stepdefinitions.ProductSteps.chooseTheProduct()&amp#27;[0m
10:40:48.455 [main] DEBUG net.thucydides.core.steps.StepInterceptor - STARTING STEP: ProductSteps.clickDetailButton - clickDetailButton
10:40:48.460 [main] DEBUG net.thucydides.core.steps.StepInterceptor - STEP DONE: clickDetailButton
  &amp#27;[32mWhen &amp#27;[0m&amp#27;[32mI click DETAIL button from the product&amp#27;[0m &amp#27;[90m# starter.stepdefinitions.ProductSteps.clickDetailButton()&amp#27;[0m
10:40:48.464 [main] DEBUG net.thucydides.core.steps.StepInterceptor - STARTING STEP: ProductSteps.validateOnDetailProductPage - validateOnDetailProductPage
10:40:48.464 [main] DEBUG net.thucydides.core.steps.StepInterceptor - STEP DONE: validateOnDetailProductPage
  &amp#27;[32mThen &amp#27;[0m&amp#27;[32mI should see detail of the product&amp#27;[0m     &amp#27;[90m# starter.stepdefinitions.ProductSteps.validateOnDetailProductPage()&amp#27;[0m
10:40:48.466 [main] INFO  - 
  _____   ___   ___   _____     ___     _     ___   ___   ___   ___  
 |_   _| | __| / __| |_   _|   | _ \   /_\   / __| / __| | __| |   \ 
   | |   | _|  \__ \   | |     |  _/  / _ \  \__ \ \__ \ | _|  | |) |
   |_|   |___| |___/   |_|     |_|   /_/ \_\ |___/ |___/ |___| |___/ 

View product detail
----------------------------------------------------------------------
]]></system-out>
  </testcase>
  <testcase name="Select category" classname="Category" time="10.305">
    <system-out><![CDATA[10:40:48.467 [main] DEBUG io.cucumber.core.plugin.SerenityReporter - Running feature from file:///C:/Users/WINDOWS%2010/Documents/GitHub/MiniProject_QE/Web/code/minpro/src/test/resources/features/4.%20Category.feature
10:40:48.470 [main] DEBUG net.thucydides.core.steps.StepEventBus - Test suite started for story net.thucydides.core.model.Story@45bcdf51
10:40:48.470 [main] INFO  - Test Suite Started: Category

Scenario: Select category                                &amp#27;[90m# src/test/resources/features/4. Category.feature:7&amp#27;[0m
10:40:48.474 [main] DEBUG io.cucumber.core.plugin.SerenityReporter - Running feature from file:///C:/Users/WINDOWS%2010/Documents/GitHub/MiniProject_QE/Web/code/minpro/src/test/resources/features/4.%20Category.feature
10:40:48.475 [main] INFO  - 
  _____   ___   ___   _____     ___   _____     _     ___   _____   ___   ___  
 |_   _| | __| / __| |_   _|   / __| |_   _|   /_\   | _ \ |_   _| | __| |   \ 
   | |   | _|  \__ \   | |     \__ \   | |    / _ \  |   /   | |   | _|  | |) |
   |_|   |___| |___/   |_|     |___/   |_|   /_/ \_\ |_|_\   |_|   |___| |___/ 

Select category(category;select-category)
--------------------------------------------------------------------------------
10:40:48.489 [main] DEBUG net.thucydides.core.steps.StepInterceptor - STARTING STEP: CategorySteps.goToHomePage - openPage
10:40:48.517 [main] INFO net.serenitybdd.core.webdriver.driverproviders.ChromeDriverProvider - Starting Chrome driver instance with capabilities:
10:40:48.517 [main] INFO net.serenitybdd.core.webdriver.driverproviders.ChromeDriverProvider - Capabilities {acceptInsecureCerts: false, browserName: chrome, goog:chromeOptions: {args: [remote-allow-origins=*], extensions: []}}
10:40:48.587 [AsyncHttpClient-1-3] DEBUG org.asynchttpclient.netty.channel.NettyConnectListener - Using new Channel '[id: 0x1645874e, L:/127.0.0.1:55518 - R:localhost/127.0.0.1:14331]' for 'POST' to '/session'
10:40:49.242 [AsyncHttpClient-1-3] DEBUG org.asynchttpclient.netty.handler.HttpHandler - 

Request DefaultHttpRequest(decodeResult: success, version: HTTP/1.1)
POST /session HTTP/1.1
User-Agent: selenium/4.8.1 (java windows)
Content-Length: 507
Content-Type: application/json; charset=utf-8
host: localhost:14331
accept: */*

Response DefaultHttpResponse(decodeResult: success, version: HTTP/1.1)
HTTP/1.1 200 OK
Content-Length: 863
Content-Type: application/json; charset=utf-8
cache-control: no-cache

10:40:49.242 [AsyncHttpClient-1-3] DEBUG org.asynchttpclient.netty.channel.ChannelManager - Adding key: http://localhost:14331 for channel [id: 0x1645874e, L:/127.0.0.1:55518 - R:localhost/127.0.0.1:14331]
10:40:49.246 [AsyncHttpClient-1-4] DEBUG org.asynchttpclient.netty.channel.NettyConnectListener - Using new Channel '[id: 0x25e8c079, L:/127.0.0.1:55526 - R:localhost/127.0.0.1:55520]' for 'GET' to '/json/version'
10:40:49.246 [AsyncHttpClient-1-4] DEBUG org.asynchttpclient.netty.handler.HttpHandler - 

Request DefaultFullHttpRequest(decodeResult: success, version: HTTP/1.1, content: EmptyByteBufBE)
GET /json/version HTTP/1.1
User-Agent: selenium/4.8.1 (java windows)
host: localhost:55520
accept: */*

Response DefaultHttpResponse(decodeResult: success, version: HTTP/1.1)
HTTP/1.1 200 OK
Content-Security-Policy: frame-ancestors 'none'
Content-Length: 424
Content-Type: application/json; charset=UTF-8

10:40:49.246 [AsyncHttpClient-1-4] DEBUG org.asynchttpclient.netty.channel.ChannelManager - Adding key: http://localhost:55520 for channel [id: 0x25e8c079, L:/127.0.0.1:55526 - R:localhost/127.0.0.1:55520]
10:40:49.247 [AsyncHttpClient-1-5] DEBUG org.asynchttpclient.netty.channel.NettyConnectListener - Using new Channel '[id: 0x607470f6, L:/127.0.0.1:55527 - R:localhost/127.0.0.1:55520]' for 'GET' to '/devtools/browser/4074d0b0-c26c-494f-afbf-1a233c1029ee'
10:40:49.248 [AsyncHttpClient-1-5] DEBUG org.asynchttpclient.netty.handler.WebSocketHandler - 

Request DefaultFullHttpRequest(decodeResult: success, version: HTTP/1.1, content: EmptyByteBufBE)
GET /devtools/browser/4074d0b0-c26c-494f-afbf-1a233c1029ee HTTP/1.1
upgrade: websocket
connection: upgrade
sec-websocket-key: K9v6PFQom9Vum2zR3GY3tw==
sec-websocket-version: 13
origin: http://localhost:55520
host: localhost:55520
accept: */*
user-agent: AHC/2.1

Response DefaultHttpResponse(decodeResult: success, version: HTTP/1.1)
HTTP/1.1 101 WebSocket Protocol Handshake
Upgrade: WebSocket
Connection: Upgrade
Sec-WebSocket-Accept: 2sktu0VOxATevSaZmGR0RCNQG8I=

10:40:49.250 [Forwarding get on session edfaf123ef052af00c64a82858e807a4 to remote] DEBUG org.asynchttpclient.netty.request.NettyRequestSender - Using pooled Channel '[id: 0x1645874e, L:/127.0.0.1:55518 - R:localhost/127.0.0.1:14331]' for 'POST' to 'http://localhost:14331/session/edfaf123ef052af00c64a82858e807a4/url'
10:40:49.250 [Forwarding get on session edfaf123ef052af00c64a82858e807a4 to remote] DEBUG org.asynchttpclient.netty.request.NettyRequestSender - Using open Channel [id: 0x1645874e, L:/127.0.0.1:55518 - R:localhost/127.0.0.1:14331] for POST '/session/edfaf123ef052af00c64a82858e807a4/url'
10:40:49.498 [AsyncHttpClient-1-1] DEBUG org.asynchttpclient.netty.channel.DefaultChannelPool - Entry count for : http://localhost:55520 : 1
10:40:50.606 [AsyncHttpClient-1-1] DEBUG org.asynchttpclient.netty.channel.DefaultChannelPool - Entry count for : http://localhost:55520 : 1
10:40:51.700 [AsyncHttpClient-1-1] DEBUG org.asynchttpclient.netty.channel.DefaultChannelPool - Entry count for : http://localhost:55520 : 1
10:40:52.799 [AsyncHttpClient-1-1] DEBUG org.asynchttpclient.netty.channel.DefaultChannelPool - Entry count for : http://localhost:55520 : 1
10:40:53.898 [AsyncHttpClient-1-1] DEBUG org.asynchttpclient.netty.channel.DefaultChannelPool - Entry count for : http://localhost:55520 : 1
10:40:55.004 [AsyncHttpClient-1-1] DEBUG org.asynchttpclient.netty.channel.DefaultChannelPool - Entry count for : http://localhost:55520 : 1
10:40:56.100 [AsyncHttpClient-1-1] DEBUG org.asynchttpclient.netty.channel.DefaultChannelPool - Entry count for : http://localhost:55520 : 1
10:40:56.599 [AsyncHttpClient-1-3] DEBUG org.asynchttpclient.netty.handler.HttpHandler - 

Request DefaultHttpRequest(decodeResult: success, version: HTTP/1.1)
POST /session/edfaf123ef052af00c64a82858e807a4/url HTTP/1.1
User-Agent: selenium/4.8.1 (java windows)
Content-Length: 74
Content-Type: application/json; charset=utf-8
host: localhost:14331
accept: */*

Response DefaultHttpResponse(decodeResult: success, version: HTTP/1.1)
HTTP/1.1 200 OK
Content-Length: 14
Content-Type: application/json; charset=utf-8
cache-control: no-cache

10:40:56.599 [AsyncHttpClient-1-3] DEBUG org.asynchttpclient.netty.channel.ChannelManager - Adding key: http://localhost:14331 for channel [id: 0x1645874e, L:/127.0.0.1:55518 - R:localhost/127.0.0.1:14331]
10:40:56.600 [Forwarding setTimeout on session edfaf123ef052af00c64a82858e807a4 to remote] DEBUG org.asynchttpclient.netty.request.NettyRequestSender - Using pooled Channel '[id: 0x1645874e, L:/127.0.0.1:55518 - R:localhost/127.0.0.1:14331]' for 'POST' to 'http://localhost:14331/session/edfaf123ef052af00c64a82858e807a4/timeouts'
10:40:56.600 [Forwarding setTimeout on session edfaf123ef052af00c64a82858e807a4 to remote] DEBUG org.asynchttpclient.netty.request.NettyRequestSender - Using open Channel [id: 0x1645874e, L:/127.0.0.1:55518 - R:localhost/127.0.0.1:14331] for POST '/session/edfaf123ef052af00c64a82858e807a4/timeouts'
10:40:56.600 [AsyncHttpClient-1-3] DEBUG org.asynchttpclient.netty.handler.HttpHandler - 

Request DefaultHttpRequest(decodeResult: success, version: HTTP/1.1)
POST /session/edfaf123ef052af00c64a82858e807a4/timeouts HTTP/1.1
User-Agent: selenium/4.8.1 (java windows)
Content-Length: 22
Content-Type: application/json; charset=utf-8
host: localhost:14331
accept: */*

Response DefaultHttpResponse(decodeResult: success, version: HTTP/1.1)
HTTP/1.1 200 OK
Content-Length: 14
Content-Type: application/json; charset=utf-8
cache-control: no-cache

10:40:56.600 [AsyncHttpClient-1-3] DEBUG org.asynchttpclient.netty.channel.ChannelManager - Adding key: http://localhost:14331 for channel [id: 0x1645874e, L:/127.0.0.1:55518 - R:localhost/127.0.0.1:14331]
10:40:56.603 [main] DEBUG net.serenitybdd.core.photography.Darkroom - Opening darkroom
10:40:56.604 [Darkroom Processing Line] DEBUG net.serenitybdd.core.photography.DarkroomProcessingLine - Darkroom processing line starting up
10:40:56.604 [Forwarding getAlertText on session edfaf123ef052af00c64a82858e807a4 to remote] DEBUG org.asynchttpclient.netty.request.NettyRequestSender - Using pooled Channel '[id: 0x1645874e, L:/127.0.0.1:55518 - R:localhost/127.0.0.1:14331]' for 'GET' to 'http://localhost:14331/session/edfaf123ef052af00c64a82858e807a4/alert/text'
10:40:56.604 [Forwarding getAlertText on session edfaf123ef052af00c64a82858e807a4 to remote] DEBUG org.asynchttpclient.netty.request.NettyRequestSender - Using open Channel [id: 0x1645874e, L:/127.0.0.1:55518 - R:localhost/127.0.0.1:14331] for GET '/session/edfaf123ef052af00c64a82858e807a4/alert/text'
10:40:56.606 [AsyncHttpClient-1-3] DEBUG org.asynchttpclient.netty.handler.HttpHandler - 

Request DefaultFullHttpRequest(decodeResult: success, version: HTTP/1.1, content: EmptyByteBufBE)
GET /session/edfaf123ef052af00c64a82858e807a4/alert/text HTTP/1.1
User-Agent: selenium/4.8.1 (java windows)
Cache-Control: no-cache
Content-Type: application/json; charset=utf-8
host: localhost:14331
accept: */*

Response DefaultHttpResponse(decodeResult: success, version: HTTP/1.1)
HTTP/1.1 404 Not Found
Content-Length: 836
Content-Type: application/json; charset=utf-8
cache-control: no-cache

10:40:56.606 [AsyncHttpClient-1-3] DEBUG org.asynchttpclient.netty.channel.ChannelManager - Adding key: http://localhost:14331 for channel [id: 0x1645874e, L:/127.0.0.1:55518 - R:localhost/127.0.0.1:14331]
10:40:56.607 [Forwarding getCurrentUrl on session edfaf123ef052af00c64a82858e807a4 to remote] DEBUG org.asynchttpclient.netty.request.NettyRequestSender - Using pooled Channel '[id: 0x1645874e, L:/127.0.0.1:55518 - R:localhost/127.0.0.1:14331]' for 'GET' to 'http://localhost:14331/session/edfaf123ef052af00c64a82858e807a4/url'
10:40:56.607 [Forwarding getCurrentUrl on session edfaf123ef052af00c64a82858e807a4 to remote] DEBUG org.asynchttpclient.netty.request.NettyRequestSender - Using open Channel [id: 0x1645874e, L:/127.0.0.1:55518 - R:localhost/127.0.0.1:14331] for GET '/session/edfaf123ef052af00c64a82858e807a4/url'
10:40:56.610 [AsyncHttpClient-1-3] DEBUG org.asynchttpclient.netty.handler.HttpHandler - 

Request DefaultFullHttpRequest(decodeResult: success, version: HTTP/1.1, content: EmptyByteBufBE)
GET /session/edfaf123ef052af00c64a82858e807a4/url HTTP/1.1
User-Agent: selenium/4.8.1 (java windows)
Cache-Control: no-cache
Content-Type: application/json; charset=utf-8
host: localhost:14331
accept: */*

Response DefaultHttpResponse(decodeResult: success, version: HTTP/1.1)
HTTP/1.1 200 OK
Content-Length: 51
Content-Type: application/json; charset=utf-8
cache-control: no-cache

10:40:56.610 [AsyncHttpClient-1-3] DEBUG org.asynchttpclient.netty.channel.ChannelManager - Adding key: http://localhost:14331 for channel [id: 0x1645874e, L:/127.0.0.1:55518 - R:localhost/127.0.0.1:14331]
10:40:56.610 [Forwarding screenshot on session edfaf123ef052af00c64a82858e807a4 to remote] DEBUG org.asynchttpclient.netty.request.NettyRequestSender - Using pooled Channel '[id: 0x1645874e, L:/127.0.0.1:55518 - R:localhost/127.0.0.1:14331]' for 'GET' to 'http://localhost:14331/session/edfaf123ef052af00c64a82858e807a4/screenshot'
10:40:56.610 [Forwarding screenshot on session edfaf123ef052af00c64a82858e807a4 to remote] DEBUG org.asynchttpclient.netty.request.NettyRequestSender - Using open Channel [id: 0x1645874e, L:/127.0.0.1:55518 - R:localhost/127.0.0.1:14331] for GET '/session/edfaf123ef052af00c64a82858e807a4/screenshot'
10:40:56.683 [AsyncHttpClient-1-3] DEBUG org.asynchttpclient.netty.handler.HttpHandler - 

Request DefaultFullHttpRequest(decodeResult: success, version: HTTP/1.1, content: EmptyByteBufBE)
GET /session/edfaf123ef052af00c64a82858e807a4/screenshot HTTP/1.1
User-Agent: selenium/4.8.1 (java windows)
Cache-Control: no-cache
Content-Type: application/json; charset=utf-8
host: localhost:14331
accept: */*

Response DefaultHttpResponse(decodeResult: success, version: HTTP/1.1)
HTTP/1.1 200 OK
Content-Length: 25208
Content-Type: application/json; charset=utf-8
cache-control: no-cache

10:40:56.683 [AsyncHttpClient-1-3] DEBUG org.asynchttpclient.netty.channel.ChannelManager - Adding key: http://localhost:14331 for channel [id: 0x1645874e, L:/127.0.0.1:55518 - R:localhost/127.0.0.1:14331]
10:40:56.684 [main] DEBUG net.serenitybdd.core.photography.Darkroom - Send negative for processing for target\site\serenity\edb14d4aab401efa0e4fb99861e6ffcafebc86a67b69f7828890b9910ed2ddbd.png
10:40:56.684 [main] DEBUG net.thucydides.core.steps.StepInterceptor - STEP DONE: openPage
10:40:56.688 [Forwarding getPageSource on session edfaf123ef052af00c64a82858e807a4 to remote] DEBUG org.asynchttpclient.netty.request.NettyRequestSender - Using pooled Channel '[id: 0x1645874e, L:/127.0.0.1:55518 - R:localhost/127.0.0.1:14331]' for 'POST' to 'http://localhost:14331/session/edfaf123ef052af00c64a82858e807a4/execute/sync'
10:40:56.688 [Forwarding getPageSource on session edfaf123ef052af00c64a82858e807a4 to remote] DEBUG org.asynchttpclient.netty.request.NettyRequestSender - Using open Channel [id: 0x1645874e, L:/127.0.0.1:55518 - R:localhost/127.0.0.1:14331] for POST '/session/edfaf123ef052af00c64a82858e807a4/execute/sync'
10:40:56.694 [AsyncHttpClient-1-3] DEBUG org.asynchttpclient.netty.handler.HttpHandler - 

Request DefaultHttpRequest(decodeResult: success, version: HTTP/1.1)
POST /session/edfaf123ef052af00c64a82858e807a4/execute/sync HTTP/1.1
User-Agent: selenium/4.8.1 (java windows)
Content-Length: 176
Content-Type: application/json; charset=utf-8
host: localhost:14331
accept: */*

Response DefaultHttpResponse(decodeResult: success, version: HTTP/1.1)
HTTP/1.1 200 OK
Content-Length: 21659
Content-Type: application/json; charset=utf-8
cache-control: no-cache

10:40:56.694 [AsyncHttpClient-1-3] DEBUG org.asynchttpclient.netty.channel.ChannelManager - Adding key: http://localhost:14331 for channel [id: 0x1645874e, L:/127.0.0.1:55518 - R:localhost/127.0.0.1:14331]
10:40:56.695 [Forwarding getCurrentUrl on session edfaf123ef052af00c64a82858e807a4 to remote] DEBUG org.asynchttpclient.netty.request.NettyRequestSender - Using pooled Channel '[id: 0x1645874e, L:/127.0.0.1:55518 - R:localhost/127.0.0.1:14331]' for 'GET' to 'http://localhost:14331/session/edfaf123ef052af00c64a82858e807a4/url'
10:40:56.695 [Forwarding getCurrentUrl on session edfaf123ef052af00c64a82858e807a4 to remote] DEBUG org.asynchttpclient.netty.request.NettyRequestSender - Using open Channel [id: 0x1645874e, L:/127.0.0.1:55518 - R:localhost/127.0.0.1:14331] for GET '/session/edfaf123ef052af00c64a82858e807a4/url'
10:40:56.698 [AsyncHttpClient-1-3] DEBUG org.asynchttpclient.netty.handler.HttpHandler - 

Request DefaultFullHttpRequest(decodeResult: success, version: HTTP/1.1, content: EmptyByteBufBE)
GET /session/edfaf123ef052af00c64a82858e807a4/url HTTP/1.1
User-Agent: selenium/4.8.1 (java windows)
Cache-Control: no-cache
Content-Type: application/json; charset=utf-8
host: localhost:14331
accept: */*

Response DefaultHttpResponse(decodeResult: success, version: HTTP/1.1)
HTTP/1.1 200 OK
Content-Length: 51
Content-Type: application/json; charset=utf-8
cache-control: no-cache

10:40:56.698 [AsyncHttpClient-1-3] DEBUG org.asynchttpclient.netty.channel.ChannelManager - Adding key: http://localhost:14331 for channel [id: 0x1645874e, L:/127.0.0.1:55518 - R:localhost/127.0.0.1:14331]
10:40:56.699 [main] DEBUG net.thucydides.core.steps.StepInterceptor - STARTING STEP: CategorySteps.goToHomePage - clickToolbarTitle
10:40:56.701 [Forwarding findElement on session edfaf123ef052af00c64a82858e807a4 to remote] DEBUG org.asynchttpclient.netty.request.NettyRequestSender - Using pooled Channel '[id: 0x1645874e, L:/127.0.0.1:55518 - R:localhost/127.0.0.1:14331]' for 'POST' to 'http://localhost:14331/session/edfaf123ef052af00c64a82858e807a4/element'
10:40:56.701 [Forwarding findElement on session edfaf123ef052af00c64a82858e807a4 to remote] DEBUG org.asynchttpclient.netty.request.NettyRequestSender - Using open Channel [id: 0x1645874e, L:/127.0.0.1:55518 - R:localhost/127.0.0.1:14331] for POST '/session/edfaf123ef052af00c64a82858e807a4/element'
10:40:56.709 [AsyncHttpClient-1-3] DEBUG org.asynchttpclient.netty.handler.HttpHandler - 

Request DefaultHttpRequest(decodeResult: success, version: HTTP/1.1)
POST /session/edfaf123ef052af00c64a82858e807a4/element HTTP/1.1
User-Agent: selenium/4.8.1 (java windows)
Content-Length: 63
Content-Type: application/json; charset=utf-8
host: localhost:14331
accept: */*

Response DefaultHttpResponse(decodeResult: success, version: HTTP/1.1)
HTTP/1.1 200 OK
Content-Length: 88
Content-Type: application/json; charset=utf-8
cache-control: no-cache

10:40:56.709 [AsyncHttpClient-1-3] DEBUG org.asynchttpclient.netty.channel.ChannelManager - Adding key: http://localhost:14331 for channel [id: 0x1645874e, L:/127.0.0.1:55518 - R:localhost/127.0.0.1:14331]
10:40:56.710 [Forwarding getElementTagName on session edfaf123ef052af00c64a82858e807a4 to remote] DEBUG org.asynchttpclient.netty.request.NettyRequestSender - Using pooled Channel '[id: 0x1645874e, L:/127.0.0.1:55518 - R:localhost/127.0.0.1:14331]' for 'GET' to 'http://localhost:14331/session/edfaf123ef052af00c64a82858e807a4/element/77c63165-d485-48af-96d5-a7a688bd7003/name'
10:40:56.710 [Forwarding getElementTagName on session edfaf123ef052af00c64a82858e807a4 to remote] DEBUG org.asynchttpclient.netty.request.NettyRequestSender - Using open Channel [id: 0x1645874e, L:/127.0.0.1:55518 - R:localhost/127.0.0.1:14331] for GET '/session/edfaf123ef052af00c64a82858e807a4/element/77c63165-d485-48af-96d5-a7a688bd7003/name'
10:40:56.713 [AsyncHttpClient-1-3] DEBUG org.asynchttpclient.netty.handler.HttpHandler - 

Request DefaultFullHttpRequest(decodeResult: success, version: HTTP/1.1, content: EmptyByteBufBE)
GET /session/edfaf123ef052af00c64a82858e807a4/element/77c63165-d485-48af-96d5-a7a688bd7003/name HTTP/1.1
User-Agent: selenium/4.8.1 (java windows)
Cache-Control: no-cache
Content-Type: application/json; charset=utf-8
host: localhost:14331
accept: */*

Response DefaultHttpResponse(decodeResult: success, version: HTTP/1.1)
HTTP/1.1 200 OK
Content-Length: 15
Content-Type: application/json; charset=utf-8
cache-control: no-cache

10:40:56.713 [AsyncHttpClient-1-3] DEBUG org.asynchttpclient.netty.channel.ChannelManager - Adding key: http://localhost:14331 for channel [id: 0x1645874e, L:/127.0.0.1:55518 - R:localhost/127.0.0.1:14331]
10:40:56.714 [Forwarding getElementTagName on session edfaf123ef052af00c64a82858e807a4 to remote] DEBUG org.asynchttpclient.netty.request.NettyRequestSender - Using pooled Channel '[id: 0x1645874e, L:/127.0.0.1:55518 - R:localhost/127.0.0.1:14331]' for 'GET' to 'http://localhost:14331/session/edfaf123ef052af00c64a82858e807a4/element/77c63165-d485-48af-96d5-a7a688bd7003/name'
10:40:56.714 [Forwarding getElementTagName on session edfaf123ef052af00c64a82858e807a4 to remote] DEBUG org.asynchttpclient.netty.request.NettyRequestSender - Using open Channel [id: 0x1645874e, L:/127.0.0.1:55518 - R:localhost/127.0.0.1:14331] for GET '/session/edfaf123ef052af00c64a82858e807a4/element/77c63165-d485-48af-96d5-a7a688bd7003/name'
10:40:56.717 [AsyncHttpClient-1-3] DEBUG org.asynchttpclient.netty.handler.HttpHandler - 

Request DefaultFullHttpRequest(decodeResult: success, version: HTTP/1.1, content: EmptyByteBufBE)
GET /session/edfaf123ef052af00c64a82858e807a4/element/77c63165-d485-48af-96d5-a7a688bd7003/name HTTP/1.1
User-Agent: selenium/4.8.1 (java windows)
Cache-Control: no-cache
Content-Type: application/json; charset=utf-8
host: localhost:14331
accept: */*

Response DefaultHttpResponse(decodeResult: success, version: HTTP/1.1)
HTTP/1.1 200 OK
Content-Length: 15
Content-Type: application/json; charset=utf-8
cache-control: no-cache

10:40:56.717 [AsyncHttpClient-1-3] DEBUG org.asynchttpclient.netty.channel.ChannelManager - Adding key: http://localhost:14331 for channel [id: 0x1645874e, L:/127.0.0.1:55518 - R:localhost/127.0.0.1:14331]
10:40:56.718 [Forwarding findElement on session edfaf123ef052af00c64a82858e807a4 to remote] DEBUG org.asynchttpclient.netty.request.NettyRequestSender - Using pooled Channel '[id: 0x1645874e, L:/127.0.0.1:55518 - R:localhost/127.0.0.1:14331]' for 'POST' to 'http://localhost:14331/session/edfaf123ef052af00c64a82858e807a4/element'
10:40:56.718 [Forwarding findElement on session edfaf123ef052af00c64a82858e807a4 to remote] DEBUG org.asynchttpclient.netty.request.NettyRequestSender - Using open Channel [id: 0x1645874e, L:/127.0.0.1:55518 - R:localhost/127.0.0.1:14331] for POST '/session/edfaf123ef052af00c64a82858e807a4/element'
10:40:56.723 [AsyncHttpClient-1-3] DEBUG org.asynchttpclient.netty.handler.HttpHandler - 

Request DefaultHttpRequest(decodeResult: success, version: HTTP/1.1)
POST /session/edfaf123ef052af00c64a82858e807a4/element HTTP/1.1
User-Agent: selenium/4.8.1 (java windows)
Content-Length: 63
Content-Type: application/json; charset=utf-8
host: localhost:14331
accept: */*

Response DefaultHttpResponse(decodeResult: success, version: HTTP/1.1)
HTTP/1.1 200 OK
Content-Length: 88
Content-Type: application/json; charset=utf-8
cache-control: no-cache

10:40:56.723 [AsyncHttpClient-1-3] DEBUG org.asynchttpclient.netty.channel.ChannelManager - Adding key: http://localhost:14331 for channel [id: 0x1645874e, L:/127.0.0.1:55518 - R:localhost/127.0.0.1:14331]
10:40:56.723 [Forwarding clickElement on session edfaf123ef052af00c64a82858e807a4 to remote] DEBUG org.asynchttpclient.netty.request.NettyRequestSender - Using pooled Channel '[id: 0x1645874e, L:/127.0.0.1:55518 - R:localhost/127.0.0.1:14331]' for 'POST' to 'http://localhost:14331/session/edfaf123ef052af00c64a82858e807a4/element/77c63165-d485-48af-96d5-a7a688bd7003/click'
10:40:56.723 [Forwarding clickElement on session edfaf123ef052af00c64a82858e807a4 to remote] DEBUG org.asynchttpclient.netty.request.NettyRequestSender - Using open Channel [id: 0x1645874e, L:/127.0.0.1:55518 - R:localhost/127.0.0.1:14331] for POST '/session/edfaf123ef052af00c64a82858e807a4/element/77c63165-d485-48af-96d5-a7a688bd7003/click'
10:40:56.778 [AsyncHttpClient-1-3] DEBUG org.asynchttpclient.netty.handler.HttpHandler - 

Request DefaultHttpRequest(decodeResult: success, version: HTTP/1.1)
POST /session/edfaf123ef052af00c64a82858e807a4/element/77c63165-d485-48af-96d5-a7a688bd7003/click HTTP/1.1
User-Agent: selenium/4.8.1 (java windows)
Content-Length: 50
Content-Type: application/json; charset=utf-8
host: localhost:14331
accept: */*

Response DefaultHttpResponse(decodeResult: success, version: HTTP/1.1)
HTTP/1.1 200 OK
Content-Length: 14
Content-Type: application/json; charset=utf-8
cache-control: no-cache

10:40:56.778 [AsyncHttpClient-1-3] DEBUG org.asynchttpclient.netty.channel.ChannelManager - Adding key: http://localhost:14331 for channel [id: 0x1645874e, L:/127.0.0.1:55518 - R:localhost/127.0.0.1:14331]
10:40:56.784 [Forwarding getAlertText on session edfaf123ef052af00c64a82858e807a4 to remote] DEBUG org.asynchttpclient.netty.request.NettyRequestSender - Using pooled Channel '[id: 0x1645874e, L:/127.0.0.1:55518 - R:localhost/127.0.0.1:14331]' for 'GET' to 'http://localhost:14331/session/edfaf123ef052af00c64a82858e807a4/alert/text'
10:40:56.784 [Forwarding getAlertText on session edfaf123ef052af00c64a82858e807a4 to remote] DEBUG org.asynchttpclient.netty.request.NettyRequestSender - Using open Channel [id: 0x1645874e, L:/127.0.0.1:55518 - R:localhost/127.0.0.1:14331] for GET '/session/edfaf123ef052af00c64a82858e807a4/alert/text'
10:40:56.787 [AsyncHttpClient-1-3] DEBUG org.asynchttpclient.netty.handler.HttpHandler - 

Request DefaultFullHttpRequest(decodeResult: success, version: HTTP/1.1, content: EmptyByteBufBE)
GET /session/edfaf123ef052af00c64a82858e807a4/alert/text HTTP/1.1
User-Agent: selenium/4.8.1 (java windows)
Cache-Control: no-cache
Content-Type: application/json; charset=utf-8
host: localhost:14331
accept: */*

Response DefaultHttpResponse(decodeResult: success, version: HTTP/1.1)
HTTP/1.1 404 Not Found
Content-Length: 836
Content-Type: application/json; charset=utf-8
cache-control: no-cache

10:40:56.787 [AsyncHttpClient-1-3] DEBUG org.asynchttpclient.netty.channel.ChannelManager - Adding key: http://localhost:14331 for channel [id: 0x1645874e, L:/127.0.0.1:55518 - R:localhost/127.0.0.1:14331]
10:40:56.787 [Forwarding getCurrentUrl on session edfaf123ef052af00c64a82858e807a4 to remote] DEBUG org.asynchttpclient.netty.request.NettyRequestSender - Using pooled Channel '[id: 0x1645874e, L:/127.0.0.1:55518 - R:localhost/127.0.0.1:14331]' for 'GET' to 'http://localhost:14331/session/edfaf123ef052af00c64a82858e807a4/url'
10:40:56.787 [Forwarding getCurrentUrl on session edfaf123ef052af00c64a82858e807a4 to remote] DEBUG org.asynchttpclient.netty.request.NettyRequestSender - Using open Channel [id: 0x1645874e, L:/127.0.0.1:55518 - R:localhost/127.0.0.1:14331] for GET '/session/edfaf123ef052af00c64a82858e807a4/url'
10:40:56.791 [AsyncHttpClient-1-3] DEBUG org.asynchttpclient.netty.handler.HttpHandler - 

Request DefaultFullHttpRequest(decodeResult: success, version: HTTP/1.1, content: EmptyByteBufBE)
GET /session/edfaf123ef052af00c64a82858e807a4/url HTTP/1.1
User-Agent: selenium/4.8.1 (java windows)
Cache-Control: no-cache
Content-Type: application/json; charset=utf-8
host: localhost:14331
accept: */*

Response DefaultHttpResponse(decodeResult: success, version: HTTP/1.1)
HTTP/1.1 200 OK
Content-Length: 41
Content-Type: application/json; charset=utf-8
cache-control: no-cache

10:40:56.791 [AsyncHttpClient-1-3] DEBUG org.asynchttpclient.netty.channel.ChannelManager - Adding key: http://localhost:14331 for channel [id: 0x1645874e, L:/127.0.0.1:55518 - R:localhost/127.0.0.1:14331]
10:40:56.791 [Forwarding screenshot on session edfaf123ef052af00c64a82858e807a4 to remote] DEBUG org.asynchttpclient.netty.request.NettyRequestSender - Using pooled Channel '[id: 0x1645874e, L:/127.0.0.1:55518 - R:localhost/127.0.0.1:14331]' for 'GET' to 'http://localhost:14331/session/edfaf123ef052af00c64a82858e807a4/screenshot'
10:40:56.791 [Forwarding screenshot on session edfaf123ef052af00c64a82858e807a4 to remote] DEBUG org.asynchttpclient.netty.request.NettyRequestSender - Using open Channel [id: 0x1645874e, L:/127.0.0.1:55518 - R:localhost/127.0.0.1:14331] for GET '/session/edfaf123ef052af00c64a82858e807a4/screenshot'
10:40:57.007 [AsyncHttpClient-1-3] DEBUG org.asynchttpclient.netty.handler.HttpHandler - 

Request DefaultFullHttpRequest(decodeResult: success, version: HTTP/1.1, content: EmptyByteBufBE)
GET /session/edfaf123ef052af00c64a82858e807a4/screenshot HTTP/1.1
User-Agent: selenium/4.8.1 (java windows)
Cache-Control: no-cache
Content-Type: application/json; charset=utf-8
host: localhost:14331
accept: */*

Response DefaultHttpResponse(decodeResult: success, version: HTTP/1.1)
HTTP/1.1 200 OK
Content-Length: 27928
Content-Type: application/json; charset=utf-8
cache-control: no-cache

10:40:57.007 [AsyncHttpClient-1-3] DEBUG org.asynchttpclient.netty.channel.ChannelManager - Adding key: http://localhost:14331 for channel [id: 0x1645874e, L:/127.0.0.1:55518 - R:localhost/127.0.0.1:14331]
10:40:57.009 [main] DEBUG net.serenitybdd.core.photography.Darkroom - Send negative for processing for target\site\serenity\f8fb481dbd704af698efd8756b1116deba2286399a12e3a39eff0b77a772f30f.png
10:40:57.009 [main] DEBUG net.thucydides.core.steps.StepInterceptor - STEP DONE: clickToolbarTitle
  &amp#27;[32mGiven &amp#27;[0m&amp#27;[32mI go to the alta shop home page&amp#27;[0m                  &amp#27;[90m# starter.stepdefinitions.CategorySteps.goToHomePage()&amp#27;[0m
10:40:57.009 [Darkroom Processing Line] DEBUG net.serenitybdd.core.photography.DarkroomProcessingLine - Processing screenshot image in /var/screenshots/screenshot-13536488261754654237
10:40:57.009 [Darkroom Processing Line] DEBUG net.serenitybdd.core.photography.DarkroomProcessingLine - Saving screenshot to target\site\serenity\f8fb481dbd704af698efd8756b1116deba2286399a12e3a39eff0b77a772f30f.png
10:40:57.016 [Forwarding getPageSource on session edfaf123ef052af00c64a82858e807a4 to remote] DEBUG org.asynchttpclient.netty.request.NettyRequestSender - Using pooled Channel '[id: 0x1645874e, L:/127.0.0.1:55518 - R:localhost/127.0.0.1:14331]' for 'POST' to 'http://localhost:14331/session/edfaf123ef052af00c64a82858e807a4/execute/sync'
10:40:57.017 [Forwarding getPageSource on session edfaf123ef052af00c64a82858e807a4 to remote] DEBUG org.asynchttpclient.netty.request.NettyRequestSender - Using open Channel [id: 0x1645874e, L:/127.0.0.1:55518 - R:localhost/127.0.0.1:14331] for POST '/session/edfaf123ef052af00c64a82858e807a4/execute/sync'
10:40:57.021 [AsyncHttpClient-1-3] DEBUG org.asynchttpclient.netty.handler.HttpHandler - 

Request DefaultHttpRequest(decodeResult: success, version: HTTP/1.1)
POST /session/edfaf123ef052af00c64a82858e807a4/execute/sync HTTP/1.1
User-Agent: selenium/4.8.1 (java windows)
Content-Length: 176
Content-Type: application/json; charset=utf-8
host: localhost:14331
accept: */*

Response DefaultHttpResponse(decodeResult: success, version: HTTP/1.1)
HTTP/1.1 200 OK
Content-Length: 28688
Content-Type: application/json; charset=utf-8
cache-control: no-cache

10:40:57.021 [AsyncHttpClient-1-3] DEBUG org.asynchttpclient.netty.channel.ChannelManager - Adding key: http://localhost:14331 for channel [id: 0x1645874e, L:/127.0.0.1:55518 - R:localhost/127.0.0.1:14331]
10:40:57.022 [Forwarding getCurrentUrl on session edfaf123ef052af00c64a82858e807a4 to remote] DEBUG org.asynchttpclient.netty.request.NettyRequestSender - Using pooled Channel '[id: 0x1645874e, L:/127.0.0.1:55518 - R:localhost/127.0.0.1:14331]' for 'GET' to 'http://localhost:14331/session/edfaf123ef052af00c64a82858e807a4/url'
10:40:57.022 [Forwarding getCurrentUrl on session edfaf123ef052af00c64a82858e807a4 to remote] DEBUG org.asynchttpclient.netty.request.NettyRequestSender - Using open Channel [id: 0x1645874e, L:/127.0.0.1:55518 - R:localhost/127.0.0.1:14331] for GET '/session/edfaf123ef052af00c64a82858e807a4/url'
10:40:57.025 [AsyncHttpClient-1-3] DEBUG org.asynchttpclient.netty.handler.HttpHandler - 

Request DefaultFullHttpRequest(decodeResult: success, version: HTTP/1.1, content: EmptyByteBufBE)
GET /session/edfaf123ef052af00c64a82858e807a4/url HTTP/1.1
User-Agent: selenium/4.8.1 (java windows)
Cache-Control: no-cache
Content-Type: application/json; charset=utf-8
host: localhost:14331
accept: */*

Response DefaultHttpResponse(decodeResult: success, version: HTTP/1.1)
HTTP/1.1 200 OK
Content-Length: 41
Content-Type: application/json; charset=utf-8
cache-control: no-cache

10:40:57.025 [AsyncHttpClient-1-3] DEBUG org.asynchttpclient.netty.channel.ChannelManager - Adding key: http://localhost:14331 for channel [id: 0x1645874e, L:/127.0.0.1:55518 - R:localhost/127.0.0.1:14331]
10:40:57.031 [Forwarding getPageSource on session edfaf123ef052af00c64a82858e807a4 to remote] DEBUG org.asynchttpclient.netty.request.NettyRequestSender - Using pooled Channel '[id: 0x1645874e, L:/127.0.0.1:55518 - R:localhost/127.0.0.1:14331]' for 'POST' to 'http://localhost:14331/session/edfaf123ef052af00c64a82858e807a4/execute/sync'
10:40:57.031 [Forwarding getPageSource on session edfaf123ef052af00c64a82858e807a4 to remote] DEBUG org.asynchttpclient.netty.request.NettyRequestSender - Using open Channel [id: 0x1645874e, L:/127.0.0.1:55518 - R:localhost/127.0.0.1:14331] for POST '/session/edfaf123ef052af00c64a82858e807a4/execute/sync'
10:40:57.034 [AsyncHttpClient-1-3] DEBUG org.asynchttpclient.netty.handler.HttpHandler - 

Request DefaultHttpRequest(decodeResult: success, version: HTTP/1.1)
POST /session/edfaf123ef052af00c64a82858e807a4/execute/sync HTTP/1.1
User-Agent: selenium/4.8.1 (java windows)
Content-Length: 176
Content-Type: application/json; charset=utf-8
host: localhost:14331
accept: */*

Response DefaultHttpResponse(decodeResult: success, version: HTTP/1.1)
HTTP/1.1 200 OK
Content-Length: 28688
Content-Type: application/json; charset=utf-8
cache-control: no-cache

10:40:57.035 [AsyncHttpClient-1-3] DEBUG org.asynchttpclient.netty.channel.ChannelManager - Adding key: http://localhost:14331 for channel [id: 0x1645874e, L:/127.0.0.1:55518 - R:localhost/127.0.0.1:14331]
10:40:57.036 [Forwarding getCurrentUrl on session edfaf123ef052af00c64a82858e807a4 to remote] DEBUG org.asynchttpclient.netty.request.NettyRequestSender - Using pooled Channel '[id: 0x1645874e, L:/127.0.0.1:55518 - R:localhost/127.0.0.1:14331]' for 'GET' to 'http://localhost:14331/session/edfaf123ef052af00c64a82858e807a4/url'
10:40:57.036 [Forwarding getCurrentUrl on session edfaf123ef052af00c64a82858e807a4 to remote] DEBUG org.asynchttpclient.netty.request.NettyRequestSender - Using open Channel [id: 0x1645874e, L:/127.0.0.1:55518 - R:localhost/127.0.0.1:14331] for GET '/session/edfaf123ef052af00c64a82858e807a4/url'
10:40:57.039 [AsyncHttpClient-1-3] DEBUG org.asynchttpclient.netty.handler.HttpHandler - 

Request DefaultFullHttpRequest(decodeResult: success, version: HTTP/1.1, content: EmptyByteBufBE)
GET /session/edfaf123ef052af00c64a82858e807a4/url HTTP/1.1
User-Agent: selenium/4.8.1 (java windows)
Cache-Control: no-cache
Content-Type: application/json; charset=utf-8
host: localhost:14331
accept: */*

Response DefaultHttpResponse(decodeResult: success, version: HTTP/1.1)
HTTP/1.1 200 OK
Content-Length: 41
Content-Type: application/json; charset=utf-8
cache-control: no-cache

10:40:57.039 [AsyncHttpClient-1-3] DEBUG org.asynchttpclient.netty.channel.ChannelManager - Adding key: http://localhost:14331 for channel [id: 0x1645874e, L:/127.0.0.1:55518 - R:localhost/127.0.0.1:14331]
10:40:57.040 [main] DEBUG net.thucydides.core.steps.StepInterceptor - STARTING STEP: CategorySteps.clickSelectCategory - clickSelectCategory
10:40:57.042 [Forwarding findElement on session edfaf123ef052af00c64a82858e807a4 to remote] DEBUG org.asynchttpclient.netty.request.NettyRequestSender - Using pooled Channel '[id: 0x1645874e, L:/127.0.0.1:55518 - R:localhost/127.0.0.1:14331]' for 'POST' to 'http://localhost:14331/session/edfaf123ef052af00c64a82858e807a4/element'
10:40:57.042 [Forwarding findElement on session edfaf123ef052af00c64a82858e807a4 to remote] DEBUG org.asynchttpclient.netty.request.NettyRequestSender - Using open Channel [id: 0x1645874e, L:/127.0.0.1:55518 - R:localhost/127.0.0.1:14331] for POST '/session/edfaf123ef052af00c64a82858e807a4/element'
10:40:57.050 [AsyncHttpClient-1-3] DEBUG org.asynchttpclient.netty.handler.HttpHandler - 

Request DefaultHttpRequest(decodeResult: success, version: HTTP/1.1)
POST /session/edfaf123ef052af00c64a82858e807a4/element HTTP/1.1
User-Agent: selenium/4.8.1 (java windows)
Content-Length: 118
Content-Type: application/json; charset=utf-8
host: localhost:14331
accept: */*

Response DefaultHttpResponse(decodeResult: success, version: HTTP/1.1)
HTTP/1.1 200 OK
Content-Length: 88
Content-Type: application/json; charset=utf-8
cache-control: no-cache

10:40:57.050 [AsyncHttpClient-1-3] DEBUG org.asynchttpclient.netty.channel.ChannelManager - Adding key: http://localhost:14331 for channel [id: 0x1645874e, L:/127.0.0.1:55518 - R:localhost/127.0.0.1:14331]
10:40:57.051 [Forwarding getElementTagName on session edfaf123ef052af00c64a82858e807a4 to remote] DEBUG org.asynchttpclient.netty.request.NettyRequestSender - Using pooled Channel '[id: 0x1645874e, L:/127.0.0.1:55518 - R:localhost/127.0.0.1:14331]' for 'GET' to 'http://localhost:14331/session/edfaf123ef052af00c64a82858e807a4/element/71731216-ce4b-47db-95b7-989412b02af6/name'
10:40:57.051 [Forwarding getElementTagName on session edfaf123ef052af00c64a82858e807a4 to remote] DEBUG org.asynchttpclient.netty.request.NettyRequestSender - Using open Channel [id: 0x1645874e, L:/127.0.0.1:55518 - R:localhost/127.0.0.1:14331] for GET '/session/edfaf123ef052af00c64a82858e807a4/element/71731216-ce4b-47db-95b7-989412b02af6/name'
10:40:57.055 [AsyncHttpClient-1-3] DEBUG org.asynchttpclient.netty.handler.HttpHandler - 

Request DefaultFullHttpRequest(decodeResult: success, version: HTTP/1.1, content: EmptyByteBufBE)
GET /session/edfaf123ef052af00c64a82858e807a4/element/71731216-ce4b-47db-95b7-989412b02af6/name HTTP/1.1
User-Agent: selenium/4.8.1 (java windows)
Cache-Control: no-cache
Content-Type: application/json; charset=utf-8
host: localhost:14331
accept: */*

Response DefaultHttpResponse(decodeResult: success, version: HTTP/1.1)
HTTP/1.1 200 OK
Content-Length: 15
Content-Type: application/json; charset=utf-8
cache-control: no-cache

10:40:57.055 [AsyncHttpClient-1-3] DEBUG org.asynchttpclient.netty.channel.ChannelManager - Adding key: http://localhost:14331 for channel [id: 0x1645874e, L:/127.0.0.1:55518 - R:localhost/127.0.0.1:14331]
10:40:57.055 [Forwarding getElementTagName on session edfaf123ef052af00c64a82858e807a4 to remote] DEBUG org.asynchttpclient.netty.request.NettyRequestSender - Using pooled Channel '[id: 0x1645874e, L:/127.0.0.1:55518 - R:localhost/127.0.0.1:14331]' for 'GET' to 'http://localhost:14331/session/edfaf123ef052af00c64a82858e807a4/element/71731216-ce4b-47db-95b7-989412b02af6/name'
10:40:57.055 [Forwarding getElementTagName on session edfaf123ef052af00c64a82858e807a4 to remote] DEBUG org.asynchttpclient.netty.request.NettyRequestSender - Using open Channel [id: 0x1645874e, L:/127.0.0.1:55518 - R:localhost/127.0.0.1:14331] for GET '/session/edfaf123ef052af00c64a82858e807a4/element/71731216-ce4b-47db-95b7-989412b02af6/name'
10:40:57.058 [AsyncHttpClient-1-3] DEBUG org.asynchttpclient.netty.handler.HttpHandler - 

Request DefaultFullHttpRequest(decodeResult: success, version: HTTP/1.1, content: EmptyByteBufBE)
GET /session/edfaf123ef052af00c64a82858e807a4/element/71731216-ce4b-47db-95b7-989412b02af6/name HTTP/1.1
User-Agent: selenium/4.8.1 (java windows)
Cache-Control: no-cache
Content-Type: application/json; charset=utf-8
host: localhost:14331
accept: */*

Response DefaultHttpResponse(decodeResult: success, version: HTTP/1.1)
HTTP/1.1 200 OK
Content-Length: 15
Content-Type: application/json; charset=utf-8
cache-control: no-cache

10:40:57.059 [AsyncHttpClient-1-3] DEBUG org.asynchttpclient.netty.channel.ChannelManager - Adding key: http://localhost:14331 for channel [id: 0x1645874e, L:/127.0.0.1:55518 - R:localhost/127.0.0.1:14331]
10:40:57.060 [Forwarding findElement on session edfaf123ef052af00c64a82858e807a4 to remote] DEBUG org.asynchttpclient.netty.request.NettyRequestSender - Using pooled Channel '[id: 0x1645874e, L:/127.0.0.1:55518 - R:localhost/127.0.0.1:14331]' for 'POST' to 'http://localhost:14331/session/edfaf123ef052af00c64a82858e807a4/element'
10:40:57.060 [Forwarding findElement on session edfaf123ef052af00c64a82858e807a4 to remote] DEBUG org.asynchttpclient.netty.request.NettyRequestSender - Using open Channel [id: 0x1645874e, L:/127.0.0.1:55518 - R:localhost/127.0.0.1:14331] for POST '/session/edfaf123ef052af00c64a82858e807a4/element'
10:40:57.064 [AsyncHttpClient-1-3] DEBUG org.asynchttpclient.netty.handler.HttpHandler - 

Request DefaultHttpRequest(decodeResult: success, version: HTTP/1.1)
POST /session/edfaf123ef052af00c64a82858e807a4/element HTTP/1.1
User-Agent: selenium/4.8.1 (java windows)
Content-Length: 118
Content-Type: application/json; charset=utf-8
host: localhost:14331
accept: */*

Response DefaultHttpResponse(decodeResult: success, version: HTTP/1.1)
HTTP/1.1 200 OK
Content-Length: 88
Content-Type: application/json; charset=utf-8
cache-control: no-cache

10:40:57.064 [AsyncHttpClient-1-3] DEBUG org.asynchttpclient.netty.channel.ChannelManager - Adding key: http://localhost:14331 for channel [id: 0x1645874e, L:/127.0.0.1:55518 - R:localhost/127.0.0.1:14331]
10:40:57.065 [Forwarding clickElement on session edfaf123ef052af00c64a82858e807a4 to remote] DEBUG org.asynchttpclient.netty.request.NettyRequestSender - Using pooled Channel '[id: 0x1645874e, L:/127.0.0.1:55518 - R:localhost/127.0.0.1:14331]' for 'POST' to 'http://localhost:14331/session/edfaf123ef052af00c64a82858e807a4/element/71731216-ce4b-47db-95b7-989412b02af6/click'
10:40:57.065 [Forwarding clickElement on session edfaf123ef052af00c64a82858e807a4 to remote] DEBUG org.asynchttpclient.netty.request.NettyRequestSender - Using open Channel [id: 0x1645874e, L:/127.0.0.1:55518 - R:localhost/127.0.0.1:14331] for POST '/session/edfaf123ef052af00c64a82858e807a4/element/71731216-ce4b-47db-95b7-989412b02af6/click'
10:40:57.103 [AsyncHttpClient-1-3] DEBUG org.asynchttpclient.netty.handler.HttpHandler - 

Request DefaultHttpRequest(decodeResult: success, version: HTTP/1.1)
POST /session/edfaf123ef052af00c64a82858e807a4/element/71731216-ce4b-47db-95b7-989412b02af6/click HTTP/1.1
User-Agent: selenium/4.8.1 (java windows)
Content-Length: 50
Content-Type: application/json; charset=utf-8
host: localhost:14331
accept: */*

Response DefaultHttpResponse(decodeResult: success, version: HTTP/1.1)
HTTP/1.1 200 OK
Content-Length: 14
Content-Type: application/json; charset=utf-8
cache-control: no-cache

10:40:57.103 [AsyncHttpClient-1-3] DEBUG org.asynchttpclient.netty.channel.ChannelManager - Adding key: http://localhost:14331 for channel [id: 0x1645874e, L:/127.0.0.1:55518 - R:localhost/127.0.0.1:14331]
10:40:57.107 [Forwarding getAlertText on session edfaf123ef052af00c64a82858e807a4 to remote] DEBUG org.asynchttpclient.netty.request.NettyRequestSender - Using pooled Channel '[id: 0x1645874e, L:/127.0.0.1:55518 - R:localhost/127.0.0.1:14331]' for 'GET' to 'http://localhost:14331/session/edfaf123ef052af00c64a82858e807a4/alert/text'
10:40:57.107 [Forwarding getAlertText on session edfaf123ef052af00c64a82858e807a4 to remote] DEBUG org.asynchttpclient.netty.request.NettyRequestSender - Using open Channel [id: 0x1645874e, L:/127.0.0.1:55518 - R:localhost/127.0.0.1:14331] for GET '/session/edfaf123ef052af00c64a82858e807a4/alert/text'
10:40:57.108 [AsyncHttpClient-1-3] DEBUG org.asynchttpclient.netty.handler.HttpHandler - 

Request DefaultFullHttpRequest(decodeResult: success, version: HTTP/1.1, content: EmptyByteBufBE)
GET /session/edfaf123ef052af00c64a82858e807a4/alert/text HTTP/1.1
User-Agent: selenium/4.8.1 (java windows)
Cache-Control: no-cache
Content-Type: application/json; charset=utf-8
host: localhost:14331
accept: */*

Response DefaultHttpResponse(decodeResult: success, version: HTTP/1.1)
HTTP/1.1 404 Not Found
Content-Length: 836
Content-Type: application/json; charset=utf-8
cache-control: no-cache

10:40:57.108 [AsyncHttpClient-1-3] DEBUG org.asynchttpclient.netty.channel.ChannelManager - Adding key: http://localhost:14331 for channel [id: 0x1645874e, L:/127.0.0.1:55518 - R:localhost/127.0.0.1:14331]
10:40:57.109 [Forwarding getCurrentUrl on session edfaf123ef052af00c64a82858e807a4 to remote] DEBUG org.asynchttpclient.netty.request.NettyRequestSender - Using pooled Channel '[id: 0x1645874e, L:/127.0.0.1:55518 - R:localhost/127.0.0.1:14331]' for 'GET' to 'http://localhost:14331/session/edfaf123ef052af00c64a82858e807a4/url'
10:40:57.109 [Forwarding getCurrentUrl on session edfaf123ef052af00c64a82858e807a4 to remote] DEBUG org.asynchttpclient.netty.request.NettyRequestSender - Using open Channel [id: 0x1645874e, L:/127.0.0.1:55518 - R:localhost/127.0.0.1:14331] for GET '/session/edfaf123ef052af00c64a82858e807a4/url'
10:40:57.114 [AsyncHttpClient-1-3] DEBUG org.asynchttpclient.netty.handler.HttpHandler - 

Request DefaultFullHttpRequest(decodeResult: success, version: HTTP/1.1, content: EmptyByteBufBE)
GET /session/edfaf123ef052af00c64a82858e807a4/url HTTP/1.1
User-Agent: selenium/4.8.1 (java windows)
Cache-Control: no-cache
Content-Type: application/json; charset=utf-8
host: localhost:14331
accept: */*

Response DefaultHttpResponse(decodeResult: success, version: HTTP/1.1)
HTTP/1.1 200 OK
Content-Length: 41
Content-Type: application/json; charset=utf-8
cache-control: no-cache

10:40:57.114 [AsyncHttpClient-1-3] DEBUG org.asynchttpclient.netty.channel.ChannelManager - Adding key: http://localhost:14331 for channel [id: 0x1645874e, L:/127.0.0.1:55518 - R:localhost/127.0.0.1:14331]
10:40:57.115 [Forwarding screenshot on session edfaf123ef052af00c64a82858e807a4 to remote] DEBUG org.asynchttpclient.netty.request.NettyRequestSender - Using pooled Channel '[id: 0x1645874e, L:/127.0.0.1:55518 - R:localhost/127.0.0.1:14331]' for 'GET' to 'http://localhost:14331/session/edfaf123ef052af00c64a82858e807a4/screenshot'
10:40:57.115 [Forwarding screenshot on session edfaf123ef052af00c64a82858e807a4 to remote] DEBUG org.asynchttpclient.netty.request.NettyRequestSender - Using open Channel [id: 0x1645874e, L:/127.0.0.1:55518 - R:localhost/127.0.0.1:14331] for GET '/session/edfaf123ef052af00c64a82858e807a4/screenshot'
10:40:57.198 [AsyncHttpClient-1-1] DEBUG org.asynchttpclient.netty.channel.DefaultChannelPool - Entry count for : http://localhost:55520 : 1
10:40:57.644 [AsyncHttpClient-1-3] DEBUG org.asynchttpclient.netty.handler.HttpHandler - 

Request DefaultFullHttpRequest(decodeResult: success, version: HTTP/1.1, content: EmptyByteBufBE)
GET /session/edfaf123ef052af00c64a82858e807a4/screenshot HTTP/1.1
User-Agent: selenium/4.8.1 (java windows)
Cache-Control: no-cache
Content-Type: application/json; charset=utf-8
host: localhost:14331
accept: */*

Response DefaultHttpResponse(decodeResult: success, version: HTTP/1.1)
HTTP/1.1 200 OK
Content-Length: 43064
Content-Type: application/json; charset=utf-8
cache-control: no-cache

10:40:57.645 [AsyncHttpClient-1-3] DEBUG org.asynchttpclient.netty.channel.ChannelManager - Adding key: http://localhost:14331 for channel [id: 0x1645874e, L:/127.0.0.1:55518 - R:localhost/127.0.0.1:14331]
10:40:57.646 [main] DEBUG net.serenitybdd.core.photography.Darkroom - Send negative for processing for target\site\serenity\2d611ac6f54f9053e23955aeebe684cfebedbacd6fcb6abf1aac5529448d3839.png
10:40:57.646 [main] DEBUG net.thucydides.core.steps.StepInterceptor - STEP DONE: clickSelectCategory
  &amp#27;[32mAnd &amp#27;[0m&amp#27;[32mI click select category dropdown&amp#27;[0m                   &amp#27;[90m# starter.stepdefinitions.CategorySteps.clickSelectCategory()&amp#27;[0m
10:40:57.646 [Darkroom Processing Line] DEBUG net.serenitybdd.core.photography.DarkroomProcessingLine - Processing screenshot image in /var/screenshots/screenshot-13047245092996493403
10:40:57.646 [Darkroom Processing Line] DEBUG net.serenitybdd.core.photography.DarkroomProcessingLine - Saving screenshot to target\site\serenity\2d611ac6f54f9053e23955aeebe684cfebedbacd6fcb6abf1aac5529448d3839.png
10:40:57.651 [Forwarding getPageSource on session edfaf123ef052af00c64a82858e807a4 to remote] DEBUG org.asynchttpclient.netty.request.NettyRequestSender - Using pooled Channel '[id: 0x1645874e, L:/127.0.0.1:55518 - R:localhost/127.0.0.1:14331]' for 'POST' to 'http://localhost:14331/session/edfaf123ef052af00c64a82858e807a4/execute/sync'
10:40:57.651 [Forwarding getPageSource on session edfaf123ef052af00c64a82858e807a4 to remote] DEBUG org.asynchttpclient.netty.request.NettyRequestSender - Using open Channel [id: 0x1645874e, L:/127.0.0.1:55518 - R:localhost/127.0.0.1:14331] for POST '/session/edfaf123ef052af00c64a82858e807a4/execute/sync'
10:40:57.667 [AsyncHttpClient-1-3] DEBUG org.asynchttpclient.netty.handler.HttpHandler - 

Request DefaultHttpRequest(decodeResult: success, version: HTTP/1.1)
POST /session/edfaf123ef052af00c64a82858e807a4/execute/sync HTTP/1.1
User-Agent: selenium/4.8.1 (java windows)
Content-Length: 176
Content-Type: application/json; charset=utf-8
host: localhost:14331
accept: */*

Response DefaultHttpResponse(decodeResult: success, version: HTTP/1.1)
HTTP/1.1 200 OK
Content-Length: 298889
Content-Type: application/json; charset=utf-8
cache-control: no-cache

10:40:57.668 [AsyncHttpClient-1-3] DEBUG org.asynchttpclient.netty.channel.ChannelManager - Adding key: http://localhost:14331 for channel [id: 0x1645874e, L:/127.0.0.1:55518 - R:localhost/127.0.0.1:14331]
10:40:57.681 [Forwarding getCurrentUrl on session edfaf123ef052af00c64a82858e807a4 to remote] DEBUG org.asynchttpclient.netty.request.NettyRequestSender - Using pooled Channel '[id: 0x1645874e, L:/127.0.0.1:55518 - R:localhost/127.0.0.1:14331]' for 'GET' to 'http://localhost:14331/session/edfaf123ef052af00c64a82858e807a4/url'
10:40:57.681 [Forwarding getCurrentUrl on session edfaf123ef052af00c64a82858e807a4 to remote] DEBUG org.asynchttpclient.netty.request.NettyRequestSender - Using open Channel [id: 0x1645874e, L:/127.0.0.1:55518 - R:localhost/127.0.0.1:14331] for GET '/session/edfaf123ef052af00c64a82858e807a4/url'
10:40:57.684 [AsyncHttpClient-1-3] DEBUG org.asynchttpclient.netty.handler.HttpHandler - 

Request DefaultFullHttpRequest(decodeResult: success, version: HTTP/1.1, content: EmptyByteBufBE)
GET /session/edfaf123ef052af00c64a82858e807a4/url HTTP/1.1
User-Agent: selenium/4.8.1 (java windows)
Cache-Control: no-cache
Content-Type: application/json; charset=utf-8
host: localhost:14331
accept: */*

Response DefaultHttpResponse(decodeResult: success, version: HTTP/1.1)
HTTP/1.1 200 OK
Content-Length: 41
Content-Type: application/json; charset=utf-8
cache-control: no-cache

10:40:57.684 [AsyncHttpClient-1-3] DEBUG org.asynchttpclient.netty.channel.ChannelManager - Adding key: http://localhost:14331 for channel [id: 0x1645874e, L:/127.0.0.1:55518 - R:localhost/127.0.0.1:14331]
10:40:57.690 [Forwarding getPageSource on session edfaf123ef052af00c64a82858e807a4 to remote] DEBUG org.asynchttpclient.netty.request.NettyRequestSender - Using pooled Channel '[id: 0x1645874e, L:/127.0.0.1:55518 - R:localhost/127.0.0.1:14331]' for 'POST' to 'http://localhost:14331/session/edfaf123ef052af00c64a82858e807a4/execute/sync'
10:40:57.690 [Forwarding getPageSource on session edfaf123ef052af00c64a82858e807a4 to remote] DEBUG org.asynchttpclient.netty.request.NettyRequestSender - Using open Channel [id: 0x1645874e, L:/127.0.0.1:55518 - R:localhost/127.0.0.1:14331] for POST '/session/edfaf123ef052af00c64a82858e807a4/execute/sync'
10:40:57.705 [AsyncHttpClient-1-3] DEBUG org.asynchttpclient.netty.handler.HttpHandler - 

Request DefaultHttpRequest(decodeResult: success, version: HTTP/1.1)
POST /session/edfaf123ef052af00c64a82858e807a4/execute/sync HTTP/1.1
User-Agent: selenium/4.8.1 (java windows)
Content-Length: 176
Content-Type: application/json; charset=utf-8
host: localhost:14331
accept: */*

Response DefaultHttpResponse(decodeResult: success, version: HTTP/1.1)
HTTP/1.1 200 OK
Content-Length: 298889
Content-Type: application/json; charset=utf-8
cache-control: no-cache

10:40:57.705 [AsyncHttpClient-1-3] DEBUG org.asynchttpclient.netty.channel.ChannelManager - Adding key: http://localhost:14331 for channel [id: 0x1645874e, L:/127.0.0.1:55518 - R:localhost/127.0.0.1:14331]
10:40:57.721 [Forwarding getCurrentUrl on session edfaf123ef052af00c64a82858e807a4 to remote] DEBUG org.asynchttpclient.netty.request.NettyRequestSender - Using pooled Channel '[id: 0x1645874e, L:/127.0.0.1:55518 - R:localhost/127.0.0.1:14331]' for 'GET' to 'http://localhost:14331/session/edfaf123ef052af00c64a82858e807a4/url'
10:40:57.721 [Forwarding getCurrentUrl on session edfaf123ef052af00c64a82858e807a4 to remote] DEBUG org.asynchttpclient.netty.request.NettyRequestSender - Using open Channel [id: 0x1645874e, L:/127.0.0.1:55518 - R:localhost/127.0.0.1:14331] for GET '/session/edfaf123ef052af00c64a82858e807a4/url'
10:40:57.724 [AsyncHttpClient-1-3] DEBUG org.asynchttpclient.netty.handler.HttpHandler - 

Request DefaultFullHttpRequest(decodeResult: success, version: HTTP/1.1, content: EmptyByteBufBE)
GET /session/edfaf123ef052af00c64a82858e807a4/url HTTP/1.1
User-Agent: selenium/4.8.1 (java windows)
Cache-Control: no-cache
Content-Type: application/json; charset=utf-8
host: localhost:14331
accept: */*

Response DefaultHttpResponse(decodeResult: success, version: HTTP/1.1)
HTTP/1.1 200 OK
Content-Length: 41
Content-Type: application/json; charset=utf-8
cache-control: no-cache

10:40:57.724 [AsyncHttpClient-1-3] DEBUG org.asynchttpclient.netty.channel.ChannelManager - Adding key: http://localhost:14331 for channel [id: 0x1645874e, L:/127.0.0.1:55518 - R:localhost/127.0.0.1:14331]
10:40:57.726 [main] DEBUG net.thucydides.core.steps.StepInterceptor - STARTING STEP: CategorySteps.clickGamingCategory - clickGamingCategory
10:40:57.729 [Forwarding findElement on session edfaf123ef052af00c64a82858e807a4 to remote] DEBUG org.asynchttpclient.netty.request.NettyRequestSender - Using pooled Channel '[id: 0x1645874e, L:/127.0.0.1:55518 - R:localhost/127.0.0.1:14331]' for 'POST' to 'http://localhost:14331/session/edfaf123ef052af00c64a82858e807a4/element'
10:40:57.729 [Forwarding findElement on session edfaf123ef052af00c64a82858e807a4 to remote] DEBUG org.asynchttpclient.netty.request.NettyRequestSender - Using open Channel [id: 0x1645874e, L:/127.0.0.1:55518 - R:localhost/127.0.0.1:14331] for POST '/session/edfaf123ef052af00c64a82858e807a4/element'
10:40:57.739 [AsyncHttpClient-1-3] DEBUG org.asynchttpclient.netty.handler.HttpHandler - 

Request DefaultHttpRequest(decodeResult: success, version: HTTP/1.1)
POST /session/edfaf123ef052af00c64a82858e807a4/element HTTP/1.1
User-Agent: selenium/4.8.1 (java windows)
Content-Length: 71
Content-Type: application/json; charset=utf-8
host: localhost:14331
accept: */*

Response DefaultHttpResponse(decodeResult: success, version: HTTP/1.1)
HTTP/1.1 200 OK
Content-Length: 88
Content-Type: application/json; charset=utf-8
cache-control: no-cache

10:40:57.739 [AsyncHttpClient-1-3] DEBUG org.asynchttpclient.netty.channel.ChannelManager - Adding key: http://localhost:14331 for channel [id: 0x1645874e, L:/127.0.0.1:55518 - R:localhost/127.0.0.1:14331]
10:40:57.740 [Forwarding getElementTagName on session edfaf123ef052af00c64a82858e807a4 to remote] DEBUG org.asynchttpclient.netty.request.NettyRequestSender - Using pooled Channel '[id: 0x1645874e, L:/127.0.0.1:55518 - R:localhost/127.0.0.1:14331]' for 'GET' to 'http://localhost:14331/session/edfaf123ef052af00c64a82858e807a4/element/e053ce0e-0ee0-4db5-8c18-a9593712fcaf/name'
10:40:57.740 [Forwarding getElementTagName on session edfaf123ef052af00c64a82858e807a4 to remote] DEBUG org.asynchttpclient.netty.request.NettyRequestSender - Using open Channel [id: 0x1645874e, L:/127.0.0.1:55518 - R:localhost/127.0.0.1:14331] for GET '/session/edfaf123ef052af00c64a82858e807a4/element/e053ce0e-0ee0-4db5-8c18-a9593712fcaf/name'
10:40:57.744 [AsyncHttpClient-1-3] DEBUG org.asynchttpclient.netty.handler.HttpHandler - 

Request DefaultFullHttpRequest(decodeResult: success, version: HTTP/1.1, content: EmptyByteBufBE)
GET /session/edfaf123ef052af00c64a82858e807a4/element/e053ce0e-0ee0-4db5-8c18-a9593712fcaf/name HTTP/1.1
User-Agent: selenium/4.8.1 (java windows)
Cache-Control: no-cache
Content-Type: application/json; charset=utf-8
host: localhost:14331
accept: */*

Response DefaultHttpResponse(decodeResult: success, version: HTTP/1.1)
HTTP/1.1 200 OK
Content-Length: 15
Content-Type: application/json; charset=utf-8
cache-control: no-cache

10:40:57.744 [AsyncHttpClient-1-3] DEBUG org.asynchttpclient.netty.channel.ChannelManager - Adding key: http://localhost:14331 for channel [id: 0x1645874e, L:/127.0.0.1:55518 - R:localhost/127.0.0.1:14331]
10:40:57.745 [Forwarding getElementTagName on session edfaf123ef052af00c64a82858e807a4 to remote] DEBUG org.asynchttpclient.netty.request.NettyRequestSender - Using pooled Channel '[id: 0x1645874e, L:/127.0.0.1:55518 - R:localhost/127.0.0.1:14331]' for 'GET' to 'http://localhost:14331/session/edfaf123ef052af00c64a82858e807a4/element/e053ce0e-0ee0-4db5-8c18-a9593712fcaf/name'
10:40:57.745 [Forwarding getElementTagName on session edfaf123ef052af00c64a82858e807a4 to remote] DEBUG org.asynchttpclient.netty.request.NettyRequestSender - Using open Channel [id: 0x1645874e, L:/127.0.0.1:55518 - R:localhost/127.0.0.1:14331] for GET '/session/edfaf123ef052af00c64a82858e807a4/element/e053ce0e-0ee0-4db5-8c18-a9593712fcaf/name'
10:40:57.747 [AsyncHttpClient-1-3] DEBUG org.asynchttpclient.netty.handler.HttpHandler - 

Request DefaultFullHttpRequest(decodeResult: success, version: HTTP/1.1, content: EmptyByteBufBE)
GET /session/edfaf123ef052af00c64a82858e807a4/element/e053ce0e-0ee0-4db5-8c18-a9593712fcaf/name HTTP/1.1
User-Agent: selenium/4.8.1 (java windows)
Cache-Control: no-cache
Content-Type: application/json; charset=utf-8
host: localhost:14331
accept: */*

Response DefaultHttpResponse(decodeResult: success, version: HTTP/1.1)
HTTP/1.1 200 OK
Content-Length: 15
Content-Type: application/json; charset=utf-8
cache-control: no-cache

10:40:57.747 [AsyncHttpClient-1-3] DEBUG org.asynchttpclient.netty.channel.ChannelManager - Adding key: http://localhost:14331 for channel [id: 0x1645874e, L:/127.0.0.1:55518 - R:localhost/127.0.0.1:14331]
10:40:57.748 [Forwarding findElement on session edfaf123ef052af00c64a82858e807a4 to remote] DEBUG org.asynchttpclient.netty.request.NettyRequestSender - Using pooled Channel '[id: 0x1645874e, L:/127.0.0.1:55518 - R:localhost/127.0.0.1:14331]' for 'POST' to 'http://localhost:14331/session/edfaf123ef052af00c64a82858e807a4/element'
10:40:57.748 [Forwarding findElement on session edfaf123ef052af00c64a82858e807a4 to remote] DEBUG org.asynchttpclient.netty.request.NettyRequestSender - Using open Channel [id: 0x1645874e, L:/127.0.0.1:55518 - R:localhost/127.0.0.1:14331] for POST '/session/edfaf123ef052af00c64a82858e807a4/element'
10:40:57.754 [AsyncHttpClient-1-3] DEBUG org.asynchttpclient.netty.handler.HttpHandler - 

Request DefaultHttpRequest(decodeResult: success, version: HTTP/1.1)
POST /session/edfaf123ef052af00c64a82858e807a4/element HTTP/1.1
User-Agent: selenium/4.8.1 (java windows)
Content-Length: 71
Content-Type: application/json; charset=utf-8
host: localhost:14331
accept: */*

Response DefaultHttpResponse(decodeResult: success, version: HTTP/1.1)
HTTP/1.1 200 OK
Content-Length: 88
Content-Type: application/json; charset=utf-8
cache-control: no-cache

10:40:57.754 [AsyncHttpClient-1-3] DEBUG org.asynchttpclient.netty.channel.ChannelManager - Adding key: http://localhost:14331 for channel [id: 0x1645874e, L:/127.0.0.1:55518 - R:localhost/127.0.0.1:14331]
10:40:57.754 [Forwarding clickElement on session edfaf123ef052af00c64a82858e807a4 to remote] DEBUG org.asynchttpclient.netty.request.NettyRequestSender - Using pooled Channel '[id: 0x1645874e, L:/127.0.0.1:55518 - R:localhost/127.0.0.1:14331]' for 'POST' to 'http://localhost:14331/session/edfaf123ef052af00c64a82858e807a4/element/e053ce0e-0ee0-4db5-8c18-a9593712fcaf/click'
10:40:57.754 [Forwarding clickElement on session edfaf123ef052af00c64a82858e807a4 to remote] DEBUG org.asynchttpclient.netty.request.NettyRequestSender - Using open Channel [id: 0x1645874e, L:/127.0.0.1:55518 - R:localhost/127.0.0.1:14331] for POST '/session/edfaf123ef052af00c64a82858e807a4/element/e053ce0e-0ee0-4db5-8c18-a9593712fcaf/click'
10:40:57.837 [AsyncHttpClient-1-3] DEBUG org.asynchttpclient.netty.handler.HttpHandler - 

Request DefaultHttpRequest(decodeResult: success, version: HTTP/1.1)
POST /session/edfaf123ef052af00c64a82858e807a4/element/e053ce0e-0ee0-4db5-8c18-a9593712fcaf/click HTTP/1.1
User-Agent: selenium/4.8.1 (java windows)
Content-Length: 50
Content-Type: application/json; charset=utf-8
host: localhost:14331
accept: */*

Response DefaultHttpResponse(decodeResult: success, version: HTTP/1.1)
HTTP/1.1 200 OK
Content-Length: 14
Content-Type: application/json; charset=utf-8
cache-control: no-cache

10:40:57.838 [AsyncHttpClient-1-3] DEBUG org.asynchttpclient.netty.channel.ChannelManager - Adding key: http://localhost:14331 for channel [id: 0x1645874e, L:/127.0.0.1:55518 - R:localhost/127.0.0.1:14331]
10:40:57.841 [Forwarding getAlertText on session edfaf123ef052af00c64a82858e807a4 to remote] DEBUG org.asynchttpclient.netty.request.NettyRequestSender - Using pooled Channel '[id: 0x1645874e, L:/127.0.0.1:55518 - R:localhost/127.0.0.1:14331]' for 'GET' to 'http://localhost:14331/session/edfaf123ef052af00c64a82858e807a4/alert/text'
10:40:57.841 [Forwarding getAlertText on session edfaf123ef052af00c64a82858e807a4 to remote] DEBUG org.asynchttpclient.netty.request.NettyRequestSender - Using open Channel [id: 0x1645874e, L:/127.0.0.1:55518 - R:localhost/127.0.0.1:14331] for GET '/session/edfaf123ef052af00c64a82858e807a4/alert/text'
10:40:57.842 [AsyncHttpClient-1-3] DEBUG org.asynchttpclient.netty.handler.HttpHandler - 

Request DefaultFullHttpRequest(decodeResult: success, version: HTTP/1.1, content: EmptyByteBufBE)
GET /session/edfaf123ef052af00c64a82858e807a4/alert/text HTTP/1.1
User-Agent: selenium/4.8.1 (java windows)
Cache-Control: no-cache
Content-Type: application/json; charset=utf-8
host: localhost:14331
accept: */*

Response DefaultHttpResponse(decodeResult: success, version: HTTP/1.1)
HTTP/1.1 404 Not Found
Content-Length: 836
Content-Type: application/json; charset=utf-8
cache-control: no-cache

10:40:57.843 [AsyncHttpClient-1-3] DEBUG org.asynchttpclient.netty.channel.ChannelManager - Adding key: http://localhost:14331 for channel [id: 0x1645874e, L:/127.0.0.1:55518 - R:localhost/127.0.0.1:14331]
10:40:57.843 [Forwarding getCurrentUrl on session edfaf123ef052af00c64a82858e807a4 to remote] DEBUG org.asynchttpclient.netty.request.NettyRequestSender - Using pooled Channel '[id: 0x1645874e, L:/127.0.0.1:55518 - R:localhost/127.0.0.1:14331]' for 'GET' to 'http://localhost:14331/session/edfaf123ef052af00c64a82858e807a4/url'
10:40:57.843 [Forwarding getCurrentUrl on session edfaf123ef052af00c64a82858e807a4 to remote] DEBUG org.asynchttpclient.netty.request.NettyRequestSender - Using open Channel [id: 0x1645874e, L:/127.0.0.1:55518 - R:localhost/127.0.0.1:14331] for GET '/session/edfaf123ef052af00c64a82858e807a4/url'
10:40:57.847 [AsyncHttpClient-1-3] DEBUG org.asynchttpclient.netty.handler.HttpHandler - 

Request DefaultFullHttpRequest(decodeResult: success, version: HTTP/1.1, content: EmptyByteBufBE)
GET /session/edfaf123ef052af00c64a82858e807a4/url HTTP/1.1
User-Agent: selenium/4.8.1 (java windows)
Cache-Control: no-cache
Content-Type: application/json; charset=utf-8
host: localhost:14331
accept: */*

Response DefaultHttpResponse(decodeResult: success, version: HTTP/1.1)
HTTP/1.1 200 OK
Content-Length: 41
Content-Type: application/json; charset=utf-8
cache-control: no-cache

10:40:57.847 [AsyncHttpClient-1-3] DEBUG org.asynchttpclient.netty.channel.ChannelManager - Adding key: http://localhost:14331 for channel [id: 0x1645874e, L:/127.0.0.1:55518 - R:localhost/127.0.0.1:14331]
10:40:57.848 [Forwarding screenshot on session edfaf123ef052af00c64a82858e807a4 to remote] DEBUG org.asynchttpclient.netty.request.NettyRequestSender - Using pooled Channel '[id: 0x1645874e, L:/127.0.0.1:55518 - R:localhost/127.0.0.1:14331]' for 'GET' to 'http://localhost:14331/session/edfaf123ef052af00c64a82858e807a4/screenshot'
10:40:57.848 [Forwarding screenshot on session edfaf123ef052af00c64a82858e807a4 to remote] DEBUG org.asynchttpclient.netty.request.NettyRequestSender - Using open Channel [id: 0x1645874e, L:/127.0.0.1:55518 - R:localhost/127.0.0.1:14331] for GET '/session/edfaf123ef052af00c64a82858e807a4/screenshot'
10:40:57.916 [AsyncHttpClient-1-3] DEBUG org.asynchttpclient.netty.handler.HttpHandler - 

Request DefaultFullHttpRequest(decodeResult: success, version: HTTP/1.1, content: EmptyByteBufBE)
GET /session/edfaf123ef052af00c64a82858e807a4/screenshot HTTP/1.1
User-Agent: selenium/4.8.1 (java windows)
Cache-Control: no-cache
Content-Type: application/json; charset=utf-8
host: localhost:14331
accept: */*

Response DefaultHttpResponse(decodeResult: success, version: HTTP/1.1)
HTTP/1.1 200 OK
Content-Length: 25484
Content-Type: application/json; charset=utf-8
cache-control: no-cache

10:40:57.916 [AsyncHttpClient-1-3] DEBUG org.asynchttpclient.netty.channel.ChannelManager - Adding key: http://localhost:14331 for channel [id: 0x1645874e, L:/127.0.0.1:55518 - R:localhost/127.0.0.1:14331]
10:40:57.917 [main] DEBUG net.serenitybdd.core.photography.Darkroom - Send negative for processing for target\site\serenity\548050863d0512c6d70f05fa9be90431567f3d80a118dbfd48a3206884c869fe.png
10:40:57.917 [main] DEBUG net.thucydides.core.steps.StepInterceptor - STEP DONE: clickGamingCategory
  &amp#27;[32mWhen &amp#27;[0m&amp#27;[32mI click gaming category&amp#27;[0m                           &amp#27;[90m# starter.stepdefinitions.CategorySteps.clickGamingCategory()&amp#27;[0m
10:40:57.917 [Darkroom Processing Line] DEBUG net.serenitybdd.core.photography.DarkroomProcessingLine - Processing screenshot image in /var/screenshots/screenshot-7854756992921194090
10:40:57.917 [Darkroom Processing Line] DEBUG net.serenitybdd.core.photography.DarkroomProcessingLine - Saving screenshot to target\site\serenity\548050863d0512c6d70f05fa9be90431567f3d80a118dbfd48a3206884c869fe.png
10:40:57.923 [Forwarding getPageSource on session edfaf123ef052af00c64a82858e807a4 to remote] DEBUG org.asynchttpclient.netty.request.NettyRequestSender - Using pooled Channel '[id: 0x1645874e, L:/127.0.0.1:55518 - R:localhost/127.0.0.1:14331]' for 'POST' to 'http://localhost:14331/session/edfaf123ef052af00c64a82858e807a4/execute/sync'
10:40:57.923 [Forwarding getPageSource on session edfaf123ef052af00c64a82858e807a4 to remote] DEBUG org.asynchttpclient.netty.request.NettyRequestSender - Using open Channel [id: 0x1645874e, L:/127.0.0.1:55518 - R:localhost/127.0.0.1:14331] for POST '/session/edfaf123ef052af00c64a82858e807a4/execute/sync'
10:40:57.926 [AsyncHttpClient-1-3] DEBUG org.asynchttpclient.netty.handler.HttpHandler - 

Request DefaultHttpRequest(decodeResult: success, version: HTTP/1.1)
POST /session/edfaf123ef052af00c64a82858e807a4/execute/sync HTTP/1.1
User-Agent: selenium/4.8.1 (java windows)
Content-Length: 176
Content-Type: application/json; charset=utf-8
host: localhost:14331
accept: */*

Response DefaultHttpResponse(decodeResult: success, version: HTTP/1.1)
HTTP/1.1 200 OK
Content-Length: 27997
Content-Type: application/json; charset=utf-8
cache-control: no-cache

10:40:57.926 [AsyncHttpClient-1-3] DEBUG org.asynchttpclient.netty.channel.ChannelManager - Adding key: http://localhost:14331 for channel [id: 0x1645874e, L:/127.0.0.1:55518 - R:localhost/127.0.0.1:14331]
10:40:57.927 [Forwarding getCurrentUrl on session edfaf123ef052af00c64a82858e807a4 to remote] DEBUG org.asynchttpclient.netty.request.NettyRequestSender - Using pooled Channel '[id: 0x1645874e, L:/127.0.0.1:55518 - R:localhost/127.0.0.1:14331]' for 'GET' to 'http://localhost:14331/session/edfaf123ef052af00c64a82858e807a4/url'
10:40:57.928 [Forwarding getCurrentUrl on session edfaf123ef052af00c64a82858e807a4 to remote] DEBUG org.asynchttpclient.netty.request.NettyRequestSender - Using open Channel [id: 0x1645874e, L:/127.0.0.1:55518 - R:localhost/127.0.0.1:14331] for GET '/session/edfaf123ef052af00c64a82858e807a4/url'
10:40:57.931 [AsyncHttpClient-1-3] DEBUG org.asynchttpclient.netty.handler.HttpHandler - 

Request DefaultFullHttpRequest(decodeResult: success, version: HTTP/1.1, content: EmptyByteBufBE)
GET /session/edfaf123ef052af00c64a82858e807a4/url HTTP/1.1
User-Agent: selenium/4.8.1 (java windows)
Cache-Control: no-cache
Content-Type: application/json; charset=utf-8
host: localhost:14331
accept: */*

Response DefaultHttpResponse(decodeResult: success, version: HTTP/1.1)
HTTP/1.1 200 OK
Content-Length: 41
Content-Type: application/json; charset=utf-8
cache-control: no-cache

10:40:57.931 [AsyncHttpClient-1-3] DEBUG org.asynchttpclient.netty.channel.ChannelManager - Adding key: http://localhost:14331 for channel [id: 0x1645874e, L:/127.0.0.1:55518 - R:localhost/127.0.0.1:14331]
10:40:57.936 [Forwarding getPageSource on session edfaf123ef052af00c64a82858e807a4 to remote] DEBUG org.asynchttpclient.netty.request.NettyRequestSender - Using pooled Channel '[id: 0x1645874e, L:/127.0.0.1:55518 - R:localhost/127.0.0.1:14331]' for 'POST' to 'http://localhost:14331/session/edfaf123ef052af00c64a82858e807a4/execute/sync'
10:40:57.936 [Forwarding getPageSource on session edfaf123ef052af00c64a82858e807a4 to remote] DEBUG org.asynchttpclient.netty.request.NettyRequestSender - Using open Channel [id: 0x1645874e, L:/127.0.0.1:55518 - R:localhost/127.0.0.1:14331] for POST '/session/edfaf123ef052af00c64a82858e807a4/execute/sync'
10:40:57.940 [AsyncHttpClient-1-3] DEBUG org.asynchttpclient.netty.handler.HttpHandler - 

Request DefaultHttpRequest(decodeResult: success, version: HTTP/1.1)
POST /session/edfaf123ef052af00c64a82858e807a4/execute/sync HTTP/1.1
User-Agent: selenium/4.8.1 (java windows)
Content-Length: 176
Content-Type: application/json; charset=utf-8
host: localhost:14331
accept: */*

Response DefaultHttpResponse(decodeResult: success, version: HTTP/1.1)
HTTP/1.1 200 OK
Content-Length: 27997
Content-Type: application/json; charset=utf-8
cache-control: no-cache

10:40:57.940 [AsyncHttpClient-1-3] DEBUG org.asynchttpclient.netty.channel.ChannelManager - Adding key: http://localhost:14331 for channel [id: 0x1645874e, L:/127.0.0.1:55518 - R:localhost/127.0.0.1:14331]
10:40:57.941 [Forwarding getCurrentUrl on session edfaf123ef052af00c64a82858e807a4 to remote] DEBUG org.asynchttpclient.netty.request.NettyRequestSender - Using pooled Channel '[id: 0x1645874e, L:/127.0.0.1:55518 - R:localhost/127.0.0.1:14331]' for 'GET' to 'http://localhost:14331/session/edfaf123ef052af00c64a82858e807a4/url'
10:40:57.941 [Forwarding getCurrentUrl on session edfaf123ef052af00c64a82858e807a4 to remote] DEBUG org.asynchttpclient.netty.request.NettyRequestSender - Using open Channel [id: 0x1645874e, L:/127.0.0.1:55518 - R:localhost/127.0.0.1:14331] for GET '/session/edfaf123ef052af00c64a82858e807a4/url'
10:40:57.946 [AsyncHttpClient-1-3] DEBUG org.asynchttpclient.netty.handler.HttpHandler - 

Request DefaultFullHttpRequest(decodeResult: success, version: HTTP/1.1, content: EmptyByteBufBE)
GET /session/edfaf123ef052af00c64a82858e807a4/url HTTP/1.1
User-Agent: selenium/4.8.1 (java windows)
Cache-Control: no-cache
Content-Type: application/json; charset=utf-8
host: localhost:14331
accept: */*

Response DefaultHttpResponse(decodeResult: success, version: HTTP/1.1)
HTTP/1.1 200 OK
Content-Length: 41
Content-Type: application/json; charset=utf-8
cache-control: no-cache

10:40:57.946 [AsyncHttpClient-1-3] DEBUG org.asynchttpclient.netty.channel.ChannelManager - Adding key: http://localhost:14331 for channel [id: 0x1645874e, L:/127.0.0.1:55518 - R:localhost/127.0.0.1:14331]
10:40:57.948 [main] DEBUG net.thucydides.core.steps.StepInterceptor - STARTING STEP: CategorySteps.validateOnGamingCategoryProduct - validateGamingCategoryAlert
10:40:57.950 [Forwarding findElement on session edfaf123ef052af00c64a82858e807a4 to remote] DEBUG org.asynchttpclient.netty.request.NettyRequestSender - Using pooled Channel '[id: 0x1645874e, L:/127.0.0.1:55518 - R:localhost/127.0.0.1:14331]' for 'POST' to 'http://localhost:14331/session/edfaf123ef052af00c64a82858e807a4/element'
10:40:57.950 [Forwarding findElement on session edfaf123ef052af00c64a82858e807a4 to remote] DEBUG org.asynchttpclient.netty.request.NettyRequestSender - Using open Channel [id: 0x1645874e, L:/127.0.0.1:55518 - R:localhost/127.0.0.1:14331] for POST '/session/edfaf123ef052af00c64a82858e807a4/element'
10:40:57.961 [AsyncHttpClient-1-3] DEBUG org.asynchttpclient.netty.handler.HttpHandler - 

Request DefaultHttpRequest(decodeResult: success, version: HTTP/1.1)
POST /session/edfaf123ef052af00c64a82858e807a4/element HTTP/1.1
User-Agent: selenium/4.8.1 (java windows)
Content-Length: 137
Content-Type: application/json; charset=utf-8
host: localhost:14331
accept: */*

Response DefaultHttpResponse(decodeResult: success, version: HTTP/1.1)
HTTP/1.1 200 OK
Content-Length: 88
Content-Type: application/json; charset=utf-8
cache-control: no-cache

10:40:57.961 [AsyncHttpClient-1-3] DEBUG org.asynchttpclient.netty.channel.ChannelManager - Adding key: http://localhost:14331 for channel [id: 0x1645874e, L:/127.0.0.1:55518 - R:localhost/127.0.0.1:14331]
10:40:57.963 [Forwarding isElementDisplayed on session edfaf123ef052af00c64a82858e807a4 to remote] DEBUG org.asynchttpclient.netty.request.NettyRequestSender - Using pooled Channel '[id: 0x1645874e, L:/127.0.0.1:55518 - R:localhost/127.0.0.1:14331]' for 'POST' to 'http://localhost:14331/session/edfaf123ef052af00c64a82858e807a4/execute/sync'
10:40:57.963 [Forwarding isElementDisplayed on session edfaf123ef052af00c64a82858e807a4 to remote] DEBUG org.asynchttpclient.netty.request.NettyRequestSender - Using open Channel [id: 0x1645874e, L:/127.0.0.1:55518 - R:localhost/127.0.0.1:14331] for POST '/session/edfaf123ef052af00c64a82858e807a4/execute/sync'
10:40:57.976 [AsyncHttpClient-1-3] DEBUG org.asynchttpclient.netty.handler.HttpHandler - 

Request DefaultHttpRequest(decodeResult: success, version: HTTP/1.1)
POST /session/edfaf123ef052af00c64a82858e807a4/execute/sync HTTP/1.1
User-Agent: selenium/4.8.1 (java windows)
Content-Length: 48807
Content-Type: application/json; charset=utf-8
host: localhost:14331
accept: */*

Response DefaultHttpResponse(decodeResult: success, version: HTTP/1.1)
HTTP/1.1 200 OK
Content-Length: 14
Content-Type: application/json; charset=utf-8
cache-control: no-cache

10:40:57.976 [AsyncHttpClient-1-3] DEBUG org.asynchttpclient.netty.channel.ChannelManager - Adding key: http://localhost:14331 for channel [id: 0x1645874e, L:/127.0.0.1:55518 - R:localhost/127.0.0.1:14331]
10:40:57.981 [Forwarding getAlertText on session edfaf123ef052af00c64a82858e807a4 to remote] DEBUG org.asynchttpclient.netty.request.NettyRequestSender - Using pooled Channel '[id: 0x1645874e, L:/127.0.0.1:55518 - R:localhost/127.0.0.1:14331]' for 'GET' to 'http://localhost:14331/session/edfaf123ef052af00c64a82858e807a4/alert/text'
10:40:57.981 [Forwarding getAlertText on session edfaf123ef052af00c64a82858e807a4 to remote] DEBUG org.asynchttpclient.netty.request.NettyRequestSender - Using open Channel [id: 0x1645874e, L:/127.0.0.1:55518 - R:localhost/127.0.0.1:14331] for GET '/session/edfaf123ef052af00c64a82858e807a4/alert/text'
10:40:57.983 [AsyncHttpClient-1-3] DEBUG org.asynchttpclient.netty.handler.HttpHandler - 

Request DefaultFullHttpRequest(decodeResult: success, version: HTTP/1.1, content: EmptyByteBufBE)
GET /session/edfaf123ef052af00c64a82858e807a4/alert/text HTTP/1.1
User-Agent: selenium/4.8.1 (java windows)
Cache-Control: no-cache
Content-Type: application/json; charset=utf-8
host: localhost:14331
accept: */*

Response DefaultHttpResponse(decodeResult: success, version: HTTP/1.1)
HTTP/1.1 404 Not Found
Content-Length: 836
Content-Type: application/json; charset=utf-8
cache-control: no-cache

10:40:57.983 [AsyncHttpClient-1-3] DEBUG org.asynchttpclient.netty.channel.ChannelManager - Adding key: http://localhost:14331 for channel [id: 0x1645874e, L:/127.0.0.1:55518 - R:localhost/127.0.0.1:14331]
10:40:57.985 [Forwarding getCurrentUrl on session edfaf123ef052af00c64a82858e807a4 to remote] DEBUG org.asynchttpclient.netty.request.NettyRequestSender - Using pooled Channel '[id: 0x1645874e, L:/127.0.0.1:55518 - R:localhost/127.0.0.1:14331]' for 'GET' to 'http://localhost:14331/session/edfaf123ef052af00c64a82858e807a4/url'
10:40:57.985 [Forwarding getCurrentUrl on session edfaf123ef052af00c64a82858e807a4 to remote] DEBUG org.asynchttpclient.netty.request.NettyRequestSender - Using open Channel [id: 0x1645874e, L:/127.0.0.1:55518 - R:localhost/127.0.0.1:14331] for GET '/session/edfaf123ef052af00c64a82858e807a4/url'
10:40:57.993 [AsyncHttpClient-1-3] DEBUG org.asynchttpclient.netty.handler.HttpHandler - 

Request DefaultFullHttpRequest(decodeResult: success, version: HTTP/1.1, content: EmptyByteBufBE)
GET /session/edfaf123ef052af00c64a82858e807a4/url HTTP/1.1
User-Agent: selenium/4.8.1 (java windows)
Cache-Control: no-cache
Content-Type: application/json; charset=utf-8
host: localhost:14331
accept: */*

Response DefaultHttpResponse(decodeResult: success, version: HTTP/1.1)
HTTP/1.1 200 OK
Content-Length: 41
Content-Type: application/json; charset=utf-8
cache-control: no-cache

10:40:57.993 [AsyncHttpClient-1-3] DEBUG org.asynchttpclient.netty.channel.ChannelManager - Adding key: http://localhost:14331 for channel [id: 0x1645874e, L:/127.0.0.1:55518 - R:localhost/127.0.0.1:14331]
10:40:57.994 [Forwarding screenshot on session edfaf123ef052af00c64a82858e807a4 to remote] DEBUG org.asynchttpclient.netty.request.NettyRequestSender - Using pooled Channel '[id: 0x1645874e, L:/127.0.0.1:55518 - R:localhost/127.0.0.1:14331]' for 'GET' to 'http://localhost:14331/session/edfaf123ef052af00c64a82858e807a4/screenshot'
10:40:57.994 [Forwarding screenshot on session edfaf123ef052af00c64a82858e807a4 to remote] DEBUG org.asynchttpclient.netty.request.NettyRequestSender - Using open Channel [id: 0x1645874e, L:/127.0.0.1:55518 - R:localhost/127.0.0.1:14331] for GET '/session/edfaf123ef052af00c64a82858e807a4/screenshot'
10:40:58.105 [AsyncHttpClient-1-3] DEBUG org.asynchttpclient.netty.handler.HttpHandler - 

Request DefaultFullHttpRequest(decodeResult: success, version: HTTP/1.1, content: EmptyByteBufBE)
GET /session/edfaf123ef052af00c64a82858e807a4/screenshot HTTP/1.1
User-Agent: selenium/4.8.1 (java windows)
Cache-Control: no-cache
Content-Type: application/json; charset=utf-8
host: localhost:14331
accept: */*

Response DefaultHttpResponse(decodeResult: success, version: HTTP/1.1)
HTTP/1.1 200 OK
Content-Length: 17604
Content-Type: application/json; charset=utf-8
cache-control: no-cache

10:40:58.105 [AsyncHttpClient-1-3] DEBUG org.asynchttpclient.netty.channel.ChannelManager - Adding key: http://localhost:14331 for channel [id: 0x1645874e, L:/127.0.0.1:55518 - R:localhost/127.0.0.1:14331]
10:40:58.106 [main] DEBUG net.serenitybdd.core.photography.Darkroom - Send negative for processing for target\site\serenity\e1612a52a75a98227e54f80916a71e0622758c05d8204c7f376a95f483383119.png
10:40:58.106 [main] DEBUG net.thucydides.core.steps.StepInterceptor - STEP DONE: validateGamingCategoryAlert
  &amp#27;[32mThen &amp#27;[0m&amp#27;[32mI should be redirected to gaming category product&amp#27;[0m &amp#27;[90m# starter.stepdefinitions.CategorySteps.validateOnGamingCategoryProduct()&amp#27;[0m
10:40:58.106 [Darkroom Processing Line] DEBUG net.serenitybdd.core.photography.DarkroomProcessingLine - Processing screenshot image in /var/screenshots/screenshot-8260574394602137828
10:40:58.106 [Darkroom Processing Line] DEBUG net.serenitybdd.core.photography.DarkroomProcessingLine - Saving screenshot to target\site\serenity\e1612a52a75a98227e54f80916a71e0622758c05d8204c7f376a95f483383119.png
10:40:58.109 [main] INFO  - 
  _____   ___   ___   _____     ___     _     ___   ___   ___   ___  
 |_   _| | __| / __| |_   _|   | _ \   /_\   / __| / __| | __| |   \ 
   | |   | _|  \__ \   | |     |  _/  / _ \  \__ \ \__ \ | _|  | |) |
   |_|   |___| |___/   |_|     |_|   /_/ \_\ |___/ |___/ |___| |___/ 

Select category
----------------------------------------------------------------------
10:40:58.110 [AsyncHttpClient-1-5] DEBUG org.asynchttpclient.netty.handler.WebSocketHandler - Channel Closed: [id: 0x607470f6, L:/127.0.0.1:55527 ! R:localhost/127.0.0.1:55520] with attribute NettyResponseFuture{currentRetry=0,
	isDone=1,
	isCancelled=0,
	asyncHandler=org.asynchttpclient.ws.WebSocketUpgradeHandler@77276a27,
	nettyRequest=org.asynchttpclient.netty.request.NettyRequest@43592c23,
	future=java.util.concurrent.CompletableFuture@1f860600[Completed normally],
	uri=ws://localhost:55520/devtools/browser/4074d0b0-c26c-494f-afbf-1a233c1029ee,
	keepAlive=true,
	redirectCount=0,
	timeoutsHolder=null,
	inAuth=0,
	touch=1683430849248}
10:40:58.110 [AsyncHttpClient-1-5] DEBUG org.asynchttpclient.netty.channel.ChannelManager - Closing Channel [id: 0x607470f6, L:/127.0.0.1:55527 ! R:localhost/127.0.0.1:55520] 
10:40:58.110 [Driver Command Executor] DEBUG org.asynchttpclient.netty.request.NettyRequestSender - Using pooled Channel '[id: 0x1645874e, L:/127.0.0.1:55518 - R:localhost/127.0.0.1:14331]' for 'DELETE' to 'http://localhost:14331/session/edfaf123ef052af00c64a82858e807a4'
10:40:58.110 [Driver Command Executor] DEBUG org.asynchttpclient.netty.request.NettyRequestSender - Using open Channel [id: 0x1645874e, L:/127.0.0.1:55518 - R:localhost/127.0.0.1:14331] for DELETE '/session/edfaf123ef052af00c64a82858e807a4'
10:40:58.135 [AsyncHttpClient-1-4] DEBUG org.asynchttpclient.netty.handler.HttpHandler - Unexpected I/O exception on channel [id: 0x25e8c079, L:/127.0.0.1:55526 - R:localhost/127.0.0.1:55520]
java.net.SocketException: Connection reset
	at java.base/sun.nio.ch.SocketChannelImpl.throwConnectionReset(SocketChannelImpl.java:367)
	at java.base/sun.nio.ch.SocketChannelImpl.read(SocketChannelImpl.java:398)
	at io.netty.buffer.PooledByteBuf.setBytes(PooledByteBuf.java:259)
	at io.netty.buffer.AbstractByteBuf.writeBytes(AbstractByteBuf.java:1132)
	at io.netty.channel.socket.nio.NioSocketChannel.doReadBytes(NioSocketChannel.java:357)
	at io.netty.channel.nio.AbstractNioByteChannel$NioByteUnsafe.read(AbstractNioByteChannel.java:151)
	at io.netty.channel.nio.NioEventLoop.processSelectedKey(NioEventLoop.java:788)
	at io.netty.channel.nio.NioEventLoop.processSelectedKeysOptimized(NioEventLoop.java:724)
	at io.netty.channel.nio.NioEventLoop.processSelectedKeys(NioEventLoop.java:650)
	at io.netty.channel.nio.NioEventLoop.run(NioEventLoop.java:562)
	at io.netty.util.concurrent.SingleThreadEventExecutor$4.run(SingleThreadEventExecutor.java:997)
	at io.netty.util.internal.ThreadExecutorMap$2.run(ThreadExecutorMap.java:74)
	at io.netty.util.concurrent.FastThreadLocalRunnable.run(FastThreadLocalRunnable.java:30)
	at java.base/java.lang.Thread.run(Thread.java:832)
10:40:58.135 [AsyncHttpClient-1-4] DEBUG org.asynchttpclient.netty.channel.ChannelManager - Closing Channel [id: 0x25e8c079, L:/127.0.0.1:55526 - R:localhost/127.0.0.1:55520] 
10:40:58.135 [AsyncHttpClient-1-4] DEBUG org.asynchttpclient.netty.handler.HttpHandler - Channel Closed: [id: 0x25e8c079, L:/127.0.0.1:55526 ! R:localhost/127.0.0.1:55520] with attribute DISCARD
10:40:58.148 [AsyncHttpClient-1-3] DEBUG org.asynchttpclient.netty.handler.HttpHandler - 

Request DefaultFullHttpRequest(decodeResult: success, version: HTTP/1.1, content: EmptyByteBufBE)
DELETE /session/edfaf123ef052af00c64a82858e807a4 HTTP/1.1
User-Agent: selenium/4.8.1 (java windows)
Content-Type: application/json; charset=utf-8
host: localhost:14331
accept: */*

Response DefaultHttpResponse(decodeResult: success, version: HTTP/1.1)
HTTP/1.1 200 OK
Content-Length: 14
Content-Type: application/json; charset=utf-8
cache-control: no-cache

10:40:58.149 [AsyncHttpClient-1-3] DEBUG org.asynchttpclient.netty.channel.ChannelManager - Adding key: http://localhost:14331 for channel [id: 0x1645874e, L:/127.0.0.1:55518 - R:localhost/127.0.0.1:14331]
10:40:58.247 [AsyncHttpClient-1-3] DEBUG org.asynchttpclient.netty.handler.HttpHandler - Channel Closed: [id: 0x1645874e, L:/127.0.0.1:55518 ! R:localhost/127.0.0.1:14331] with attribute DISCARD
10:40:58.309 [AsyncHttpClient-1-1] DEBUG org.asynchttpclient.netty.channel.DefaultChannelPool - Entry count for : http://localhost:55520 : 1
10:40:58.309 [AsyncHttpClient-1-1] DEBUG org.asynchttpclient.netty.channel.DefaultChannelPool - Entry count for : http://localhost:14331 : 1
10:40:58.309 [AsyncHttpClient-1-1] DEBUG org.asynchttpclient.netty.channel.DefaultChannelPool - Adding Candidate expired Channel [id: 0x25e8c079, L:/127.0.0.1:55526 ! R:localhost/127.0.0.1:55520] isIdleTimeoutExpired=false isRemotelyClosed=true isTtlExpired=false
10:40:58.309 [AsyncHttpClient-1-1] DEBUG org.asynchttpclient.netty.channel.DefaultChannelPool - Closing Idle Channel [id: 0x25e8c079, L:/127.0.0.1:55526 ! R:localhost/127.0.0.1:55520]
10:40:58.309 [AsyncHttpClient-1-1] DEBUG org.asynchttpclient.netty.channel.DefaultChannelPool - Adding Candidate expired Channel [id: 0x1645874e, L:/127.0.0.1:55518 ! R:localhost/127.0.0.1:14331] isIdleTimeoutExpired=false isRemotelyClosed=true isTtlExpired=false
10:40:58.309 [AsyncHttpClient-1-1] DEBUG org.asynchttpclient.netty.channel.DefaultChannelPool - Closing Idle Channel [id: 0x1645874e, L:/127.0.0.1:55518 ! R:localhost/127.0.0.1:14331]
10:40:58.309 [AsyncHttpClient-1-1] DEBUG org.asynchttpclient.netty.channel.DefaultChannelPool - Closed 2 connections out of 2 in 0 ms
]]></system-out>
    <system-err><![CDATA[Starting ChromeDriver 111.0.5563.64 (c710e93d5b63b7095afe8c2c17df34408078439d-refs/branch-heads/5563@{#995}) on port 14331
Only local connections are allowed.
Please see https://chromedriver.chromium.org/security-considerations for suggestions on keeping ChromeDriver safe.
ChromeDriver was started successfully.
[1683430849.231][WARNING]: This version of ChromeDriver has not been tested with Chrome version 112.
May 07, 2023 10:40:49 AM org.openqa.selenium.devtools.CdpVersionFinder findNearestMatch
WARNING: Unable to find an exact match for CDP version 112, so returning the closest version found: 110
]]></system-err>
  </testcase>
  <testcase name="Clear category" classname="Category" time="6.179">
    <system-out><![CDATA[
Scenario: Clear category                                     &amp#27;[90m# src/test/resources/features/4. Category.feature:13&amp#27;[0m
10:40:58.779 [main] DEBUG io.cucumber.core.plugin.SerenityReporter - Running feature from file:///C:/Users/WINDOWS%2010/Documents/GitHub/MiniProject_QE/Web/code/minpro/src/test/resources/features/4.%20Category.feature
10:40:58.781 [main] INFO  - 
  _____   ___   ___   _____     ___   _____     _     ___   _____   ___   ___  
 |_   _| | __| / __| |_   _|   / __| |_   _|   /_\   | _ \ |_   _| | __| |   \ 
   | |   | _|  \__ \   | |     \__ \   | |    / _ \  |   /   | |   | _|  | |) |
   |_|   |___| |___/   |_|     |___/   |_|   /_/ \_\ |_|_\   |_|   |___| |___/ 

Clear category(category;clear-category)
--------------------------------------------------------------------------------
10:40:58.805 [main] DEBUG net.thucydides.core.steps.StepInterceptor - STARTING STEP: CategorySteps.goToHomePage - openPage
10:40:58.834 [main] INFO net.serenitybdd.core.webdriver.driverproviders.ChromeDriverProvider - Starting Chrome driver instance with capabilities:
10:40:58.834 [main] INFO net.serenitybdd.core.webdriver.driverproviders.ChromeDriverProvider - Capabilities {acceptInsecureCerts: false, browserName: chrome, goog:chromeOptions: {args: [remote-allow-origins=*], extensions: []}}
10:40:58.908 [AsyncHttpClient-1-6] DEBUG org.asynchttpclient.netty.channel.NettyConnectListener - Using new Channel '[id: 0x83004678, L:/127.0.0.1:55566 - R:localhost/127.0.0.1:22024]' for 'POST' to '/session'
10:40:59.569 [AsyncHttpClient-1-6] DEBUG org.asynchttpclient.netty.handler.HttpHandler - 

Request DefaultHttpRequest(decodeResult: success, version: HTTP/1.1)
POST /session HTTP/1.1
User-Agent: selenium/4.8.1 (java windows)
Content-Length: 507
Content-Type: application/json; charset=utf-8
host: localhost:22024
accept: */*

Response DefaultHttpResponse(decodeResult: success, version: HTTP/1.1)
HTTP/1.1 200 OK
Content-Length: 861
Content-Type: application/json; charset=utf-8
cache-control: no-cache

10:40:59.569 [AsyncHttpClient-1-6] DEBUG org.asynchttpclient.netty.channel.ChannelManager - Adding key: http://localhost:22024 for channel [id: 0x83004678, L:/127.0.0.1:55566 - R:localhost/127.0.0.1:22024]
10:40:59.573 [AsyncHttpClient-1-7] DEBUG org.asynchttpclient.netty.channel.NettyConnectListener - Using new Channel '[id: 0x9df77828, L:/127.0.0.1:55573 - R:localhost/127.0.0.1:55567]' for 'GET' to '/json/version'
10:40:59.573 [AsyncHttpClient-1-7] DEBUG org.asynchttpclient.netty.handler.HttpHandler - 

Request DefaultFullHttpRequest(decodeResult: success, version: HTTP/1.1, content: EmptyByteBufBE)
GET /json/version HTTP/1.1
User-Agent: selenium/4.8.1 (java windows)
host: localhost:55567
accept: */*

Response DefaultHttpResponse(decodeResult: success, version: HTTP/1.1)
HTTP/1.1 200 OK
Content-Security-Policy: frame-ancestors 'none'
Content-Length: 424
Content-Type: application/json; charset=UTF-8

10:40:59.573 [AsyncHttpClient-1-7] DEBUG org.asynchttpclient.netty.channel.ChannelManager - Adding key: http://localhost:55567 for channel [id: 0x9df77828, L:/127.0.0.1:55573 - R:localhost/127.0.0.1:55567]
10:40:59.575 [AsyncHttpClient-1-8] DEBUG org.asynchttpclient.netty.channel.NettyConnectListener - Using new Channel '[id: 0xa026c7cc, L:/127.0.0.1:55574 - R:localhost/127.0.0.1:55567]' for 'GET' to '/devtools/browser/c9b444e5-4e88-4549-94d5-383ba8b0c053'
10:40:59.576 [AsyncHttpClient-1-8] DEBUG org.asynchttpclient.netty.handler.WebSocketHandler - 

Request DefaultFullHttpRequest(decodeResult: success, version: HTTP/1.1, content: EmptyByteBufBE)
GET /devtools/browser/c9b444e5-4e88-4549-94d5-383ba8b0c053 HTTP/1.1
upgrade: websocket
connection: upgrade
sec-websocket-key: a6RrfqioR1gOiS2c1p+YvA==
sec-websocket-version: 13
origin: http://localhost:55567
host: localhost:55567
accept: */*
user-agent: AHC/2.1

Response DefaultHttpResponse(decodeResult: success, version: HTTP/1.1)
HTTP/1.1 101 WebSocket Protocol Handshake
Upgrade: WebSocket
Connection: Upgrade
Sec-WebSocket-Accept: 0qNzU8hQXNtcAUCDFx2TjiPmV8E=

10:40:59.578 [Forwarding get on session c565bd0a4d6a9fc6cc631d9c9adc91c2 to remote] DEBUG org.asynchttpclient.netty.request.NettyRequestSender - Using pooled Channel '[id: 0x83004678, L:/127.0.0.1:55566 - R:localhost/127.0.0.1:22024]' for 'POST' to 'http://localhost:22024/session/c565bd0a4d6a9fc6cc631d9c9adc91c2/url'
10:40:59.578 [Forwarding get on session c565bd0a4d6a9fc6cc631d9c9adc91c2 to remote] DEBUG org.asynchttpclient.netty.request.NettyRequestSender - Using open Channel [id: 0x83004678, L:/127.0.0.1:55566 - R:localhost/127.0.0.1:22024] for POST '/session/c565bd0a4d6a9fc6cc631d9c9adc91c2/url'
10:41:00.503 [AsyncHttpClient-1-1] DEBUG org.asynchttpclient.netty.channel.DefaultChannelPool - Entry count for : http://localhost:55567 : 1
10:41:00.775 [AsyncHttpClient-1-6] DEBUG org.asynchttpclient.netty.handler.HttpHandler - 

Request DefaultHttpRequest(decodeResult: success, version: HTTP/1.1)
POST /session/c565bd0a4d6a9fc6cc631d9c9adc91c2/url HTTP/1.1
User-Agent: selenium/4.8.1 (java windows)
Content-Length: 74
Content-Type: application/json; charset=utf-8
host: localhost:22024
accept: */*

Response DefaultHttpResponse(decodeResult: success, version: HTTP/1.1)
HTTP/1.1 200 OK
Content-Length: 14
Content-Type: application/json; charset=utf-8
cache-control: no-cache

10:41:00.775 [AsyncHttpClient-1-6] DEBUG org.asynchttpclient.netty.channel.ChannelManager - Adding key: http://localhost:22024 for channel [id: 0x83004678, L:/127.0.0.1:55566 - R:localhost/127.0.0.1:22024]
10:41:00.776 [Forwarding setTimeout on session c565bd0a4d6a9fc6cc631d9c9adc91c2 to remote] DEBUG org.asynchttpclient.netty.request.NettyRequestSender - Using pooled Channel '[id: 0x83004678, L:/127.0.0.1:55566 - R:localhost/127.0.0.1:22024]' for 'POST' to 'http://localhost:22024/session/c565bd0a4d6a9fc6cc631d9c9adc91c2/timeouts'
10:41:00.776 [Forwarding setTimeout on session c565bd0a4d6a9fc6cc631d9c9adc91c2 to remote] DEBUG org.asynchttpclient.netty.request.NettyRequestSender - Using open Channel [id: 0x83004678, L:/127.0.0.1:55566 - R:localhost/127.0.0.1:22024] for POST '/session/c565bd0a4d6a9fc6cc631d9c9adc91c2/timeouts'
10:41:00.777 [AsyncHttpClient-1-6] DEBUG org.asynchttpclient.netty.handler.HttpHandler - 

Request DefaultHttpRequest(decodeResult: success, version: HTTP/1.1)
POST /session/c565bd0a4d6a9fc6cc631d9c9adc91c2/timeouts HTTP/1.1
User-Agent: selenium/4.8.1 (java windows)
Content-Length: 22
Content-Type: application/json; charset=utf-8
host: localhost:22024
accept: */*

Response DefaultHttpResponse(decodeResult: success, version: HTTP/1.1)
HTTP/1.1 200 OK
Content-Length: 14
Content-Type: application/json; charset=utf-8
cache-control: no-cache

10:41:00.777 [AsyncHttpClient-1-6] DEBUG org.asynchttpclient.netty.channel.ChannelManager - Adding key: http://localhost:22024 for channel [id: 0x83004678, L:/127.0.0.1:55566 - R:localhost/127.0.0.1:22024]
10:41:00.780 [Forwarding getAlertText on session c565bd0a4d6a9fc6cc631d9c9adc91c2 to remote] DEBUG org.asynchttpclient.netty.request.NettyRequestSender - Using pooled Channel '[id: 0x83004678, L:/127.0.0.1:55566 - R:localhost/127.0.0.1:22024]' for 'GET' to 'http://localhost:22024/session/c565bd0a4d6a9fc6cc631d9c9adc91c2/alert/text'
10:41:00.780 [Forwarding getAlertText on session c565bd0a4d6a9fc6cc631d9c9adc91c2 to remote] DEBUG org.asynchttpclient.netty.request.NettyRequestSender - Using open Channel [id: 0x83004678, L:/127.0.0.1:55566 - R:localhost/127.0.0.1:22024] for GET '/session/c565bd0a4d6a9fc6cc631d9c9adc91c2/alert/text'
10:41:00.782 [AsyncHttpClient-1-6] DEBUG org.asynchttpclient.netty.handler.HttpHandler - 

Request DefaultFullHttpRequest(decodeResult: success, version: HTTP/1.1, content: EmptyByteBufBE)
GET /session/c565bd0a4d6a9fc6cc631d9c9adc91c2/alert/text HTTP/1.1
User-Agent: selenium/4.8.1 (java windows)
Cache-Control: no-cache
Content-Type: application/json; charset=utf-8
host: localhost:22024
accept: */*

Response DefaultHttpResponse(decodeResult: success, version: HTTP/1.1)
HTTP/1.1 404 Not Found
Content-Length: 836
Content-Type: application/json; charset=utf-8
cache-control: no-cache

10:41:00.782 [AsyncHttpClient-1-6] DEBUG org.asynchttpclient.netty.channel.ChannelManager - Adding key: http://localhost:22024 for channel [id: 0x83004678, L:/127.0.0.1:55566 - R:localhost/127.0.0.1:22024]
10:41:00.783 [Forwarding getCurrentUrl on session c565bd0a4d6a9fc6cc631d9c9adc91c2 to remote] DEBUG org.asynchttpclient.netty.request.NettyRequestSender - Using pooled Channel '[id: 0x83004678, L:/127.0.0.1:55566 - R:localhost/127.0.0.1:22024]' for 'GET' to 'http://localhost:22024/session/c565bd0a4d6a9fc6cc631d9c9adc91c2/url'
10:41:00.783 [Forwarding getCurrentUrl on session c565bd0a4d6a9fc6cc631d9c9adc91c2 to remote] DEBUG org.asynchttpclient.netty.request.NettyRequestSender - Using open Channel [id: 0x83004678, L:/127.0.0.1:55566 - R:localhost/127.0.0.1:22024] for GET '/session/c565bd0a4d6a9fc6cc631d9c9adc91c2/url'
10:41:00.787 [AsyncHttpClient-1-6] DEBUG org.asynchttpclient.netty.handler.HttpHandler - 

Request DefaultFullHttpRequest(decodeResult: success, version: HTTP/1.1, content: EmptyByteBufBE)
GET /session/c565bd0a4d6a9fc6cc631d9c9adc91c2/url HTTP/1.1
User-Agent: selenium/4.8.1 (java windows)
Cache-Control: no-cache
Content-Type: application/json; charset=utf-8
host: localhost:22024
accept: */*

Response DefaultHttpResponse(decodeResult: success, version: HTTP/1.1)
HTTP/1.1 200 OK
Content-Length: 51
Content-Type: application/json; charset=utf-8
cache-control: no-cache

10:41:00.787 [AsyncHttpClient-1-6] DEBUG org.asynchttpclient.netty.channel.ChannelManager - Adding key: http://localhost:22024 for channel [id: 0x83004678, L:/127.0.0.1:55566 - R:localhost/127.0.0.1:22024]
10:41:00.788 [Forwarding screenshot on session c565bd0a4d6a9fc6cc631d9c9adc91c2 to remote] DEBUG org.asynchttpclient.netty.request.NettyRequestSender - Using pooled Channel '[id: 0x83004678, L:/127.0.0.1:55566 - R:localhost/127.0.0.1:22024]' for 'GET' to 'http://localhost:22024/session/c565bd0a4d6a9fc6cc631d9c9adc91c2/screenshot'
10:41:00.788 [Forwarding screenshot on session c565bd0a4d6a9fc6cc631d9c9adc91c2 to remote] DEBUG org.asynchttpclient.netty.request.NettyRequestSender - Using open Channel [id: 0x83004678, L:/127.0.0.1:55566 - R:localhost/127.0.0.1:22024] for GET '/session/c565bd0a4d6a9fc6cc631d9c9adc91c2/screenshot'
10:41:00.858 [AsyncHttpClient-1-6] DEBUG org.asynchttpclient.netty.handler.HttpHandler - 

Request DefaultFullHttpRequest(decodeResult: success, version: HTTP/1.1, content: EmptyByteBufBE)
GET /session/c565bd0a4d6a9fc6cc631d9c9adc91c2/screenshot HTTP/1.1
User-Agent: selenium/4.8.1 (java windows)
Cache-Control: no-cache
Content-Type: application/json; charset=utf-8
host: localhost:22024
accept: */*

Response DefaultHttpResponse(decodeResult: success, version: HTTP/1.1)
HTTP/1.1 200 OK
Content-Length: 25208
Content-Type: application/json; charset=utf-8
cache-control: no-cache

10:41:00.859 [AsyncHttpClient-1-6] DEBUG org.asynchttpclient.netty.channel.ChannelManager - Adding key: http://localhost:22024 for channel [id: 0x83004678, L:/127.0.0.1:55566 - R:localhost/127.0.0.1:22024]
10:41:00.859 [main] DEBUG net.serenitybdd.core.photography.Darkroom - Send negative for processing for target\site\serenity\edb14d4aab401efa0e4fb99861e6ffcafebc86a67b69f7828890b9910ed2ddbd.png
10:41:00.860 [main] DEBUG net.thucydides.core.steps.StepInterceptor - STEP DONE: openPage
10:41:00.863 [Forwarding getPageSource on session c565bd0a4d6a9fc6cc631d9c9adc91c2 to remote] DEBUG org.asynchttpclient.netty.request.NettyRequestSender - Using pooled Channel '[id: 0x83004678, L:/127.0.0.1:55566 - R:localhost/127.0.0.1:22024]' for 'POST' to 'http://localhost:22024/session/c565bd0a4d6a9fc6cc631d9c9adc91c2/execute/sync'
10:41:00.863 [Forwarding getPageSource on session c565bd0a4d6a9fc6cc631d9c9adc91c2 to remote] DEBUG org.asynchttpclient.netty.request.NettyRequestSender - Using open Channel [id: 0x83004678, L:/127.0.0.1:55566 - R:localhost/127.0.0.1:22024] for POST '/session/c565bd0a4d6a9fc6cc631d9c9adc91c2/execute/sync'
10:41:00.868 [AsyncHttpClient-1-6] DEBUG org.asynchttpclient.netty.handler.HttpHandler - 

Request DefaultHttpRequest(decodeResult: success, version: HTTP/1.1)
POST /session/c565bd0a4d6a9fc6cc631d9c9adc91c2/execute/sync HTTP/1.1
User-Agent: selenium/4.8.1 (java windows)
Content-Length: 176
Content-Type: application/json; charset=utf-8
host: localhost:22024
accept: */*

Response DefaultHttpResponse(decodeResult: success, version: HTTP/1.1)
HTTP/1.1 200 OK
Content-Length: 21659
Content-Type: application/json; charset=utf-8
cache-control: no-cache

10:41:00.869 [AsyncHttpClient-1-6] DEBUG org.asynchttpclient.netty.channel.ChannelManager - Adding key: http://localhost:22024 for channel [id: 0x83004678, L:/127.0.0.1:55566 - R:localhost/127.0.0.1:22024]
10:41:00.870 [Forwarding getCurrentUrl on session c565bd0a4d6a9fc6cc631d9c9adc91c2 to remote] DEBUG org.asynchttpclient.netty.request.NettyRequestSender - Using pooled Channel '[id: 0x83004678, L:/127.0.0.1:55566 - R:localhost/127.0.0.1:22024]' for 'GET' to 'http://localhost:22024/session/c565bd0a4d6a9fc6cc631d9c9adc91c2/url'
10:41:00.870 [Forwarding getCurrentUrl on session c565bd0a4d6a9fc6cc631d9c9adc91c2 to remote] DEBUG org.asynchttpclient.netty.request.NettyRequestSender - Using open Channel [id: 0x83004678, L:/127.0.0.1:55566 - R:localhost/127.0.0.1:22024] for GET '/session/c565bd0a4d6a9fc6cc631d9c9adc91c2/url'
10:41:00.873 [AsyncHttpClient-1-6] DEBUG org.asynchttpclient.netty.handler.HttpHandler - 

Request DefaultFullHttpRequest(decodeResult: success, version: HTTP/1.1, content: EmptyByteBufBE)
GET /session/c565bd0a4d6a9fc6cc631d9c9adc91c2/url HTTP/1.1
User-Agent: selenium/4.8.1 (java windows)
Cache-Control: no-cache
Content-Type: application/json; charset=utf-8
host: localhost:22024
accept: */*

Response DefaultHttpResponse(decodeResult: success, version: HTTP/1.1)
HTTP/1.1 200 OK
Content-Length: 51
Content-Type: application/json; charset=utf-8
cache-control: no-cache

10:41:00.874 [AsyncHttpClient-1-6] DEBUG org.asynchttpclient.netty.channel.ChannelManager - Adding key: http://localhost:22024 for channel [id: 0x83004678, L:/127.0.0.1:55566 - R:localhost/127.0.0.1:22024]
10:41:00.875 [main] DEBUG net.thucydides.core.steps.StepInterceptor - STARTING STEP: CategorySteps.goToHomePage - clickToolbarTitle
10:41:00.877 [Forwarding findElement on session c565bd0a4d6a9fc6cc631d9c9adc91c2 to remote] DEBUG org.asynchttpclient.netty.request.NettyRequestSender - Using pooled Channel '[id: 0x83004678, L:/127.0.0.1:55566 - R:localhost/127.0.0.1:22024]' for 'POST' to 'http://localhost:22024/session/c565bd0a4d6a9fc6cc631d9c9adc91c2/element'
10:41:00.877 [Forwarding findElement on session c565bd0a4d6a9fc6cc631d9c9adc91c2 to remote] DEBUG org.asynchttpclient.netty.request.NettyRequestSender - Using open Channel [id: 0x83004678, L:/127.0.0.1:55566 - R:localhost/127.0.0.1:22024] for POST '/session/c565bd0a4d6a9fc6cc631d9c9adc91c2/element'
10:41:00.885 [AsyncHttpClient-1-6] DEBUG org.asynchttpclient.netty.handler.HttpHandler - 

Request DefaultHttpRequest(decodeResult: success, version: HTTP/1.1)
POST /session/c565bd0a4d6a9fc6cc631d9c9adc91c2/element HTTP/1.1
User-Agent: selenium/4.8.1 (java windows)
Content-Length: 63
Content-Type: application/json; charset=utf-8
host: localhost:22024
accept: */*

Response DefaultHttpResponse(decodeResult: success, version: HTTP/1.1)
HTTP/1.1 200 OK
Content-Length: 88
Content-Type: application/json; charset=utf-8
cache-control: no-cache

10:41:00.885 [AsyncHttpClient-1-6] DEBUG org.asynchttpclient.netty.channel.ChannelManager - Adding key: http://localhost:22024 for channel [id: 0x83004678, L:/127.0.0.1:55566 - R:localhost/127.0.0.1:22024]
10:41:00.886 [Forwarding getElementTagName on session c565bd0a4d6a9fc6cc631d9c9adc91c2 to remote] DEBUG org.asynchttpclient.netty.request.NettyRequestSender - Using pooled Channel '[id: 0x83004678, L:/127.0.0.1:55566 - R:localhost/127.0.0.1:22024]' for 'GET' to 'http://localhost:22024/session/c565bd0a4d6a9fc6cc631d9c9adc91c2/element/854bca8d-6c01-434b-9e0a-a9fb2120afa2/name'
10:41:00.886 [Forwarding getElementTagName on session c565bd0a4d6a9fc6cc631d9c9adc91c2 to remote] DEBUG org.asynchttpclient.netty.request.NettyRequestSender - Using open Channel [id: 0x83004678, L:/127.0.0.1:55566 - R:localhost/127.0.0.1:22024] for GET '/session/c565bd0a4d6a9fc6cc631d9c9adc91c2/element/854bca8d-6c01-434b-9e0a-a9fb2120afa2/name'
10:41:00.890 [AsyncHttpClient-1-6] DEBUG org.asynchttpclient.netty.handler.HttpHandler - 

Request DefaultFullHttpRequest(decodeResult: success, version: HTTP/1.1, content: EmptyByteBufBE)
GET /session/c565bd0a4d6a9fc6cc631d9c9adc91c2/element/854bca8d-6c01-434b-9e0a-a9fb2120afa2/name HTTP/1.1
User-Agent: selenium/4.8.1 (java windows)
Cache-Control: no-cache
Content-Type: application/json; charset=utf-8
host: localhost:22024
accept: */*

Response DefaultHttpResponse(decodeResult: success, version: HTTP/1.1)
HTTP/1.1 200 OK
Content-Length: 15
Content-Type: application/json; charset=utf-8
cache-control: no-cache

10:41:00.890 [AsyncHttpClient-1-6] DEBUG org.asynchttpclient.netty.channel.ChannelManager - Adding key: http://localhost:22024 for channel [id: 0x83004678, L:/127.0.0.1:55566 - R:localhost/127.0.0.1:22024]
10:41:00.890 [Forwarding getElementTagName on session c565bd0a4d6a9fc6cc631d9c9adc91c2 to remote] DEBUG org.asynchttpclient.netty.request.NettyRequestSender - Using pooled Channel '[id: 0x83004678, L:/127.0.0.1:55566 - R:localhost/127.0.0.1:22024]' for 'GET' to 'http://localhost:22024/session/c565bd0a4d6a9fc6cc631d9c9adc91c2/element/854bca8d-6c01-434b-9e0a-a9fb2120afa2/name'
10:41:00.890 [Forwarding getElementTagName on session c565bd0a4d6a9fc6cc631d9c9adc91c2 to remote] DEBUG org.asynchttpclient.netty.request.NettyRequestSender - Using open Channel [id: 0x83004678, L:/127.0.0.1:55566 - R:localhost/127.0.0.1:22024] for GET '/session/c565bd0a4d6a9fc6cc631d9c9adc91c2/element/854bca8d-6c01-434b-9e0a-a9fb2120afa2/name'
10:41:00.893 [AsyncHttpClient-1-6] DEBUG org.asynchttpclient.netty.handler.HttpHandler - 

Request DefaultFullHttpRequest(decodeResult: success, version: HTTP/1.1, content: EmptyByteBufBE)
GET /session/c565bd0a4d6a9fc6cc631d9c9adc91c2/element/854bca8d-6c01-434b-9e0a-a9fb2120afa2/name HTTP/1.1
User-Agent: selenium/4.8.1 (java windows)
Cache-Control: no-cache
Content-Type: application/json; charset=utf-8
host: localhost:22024
accept: */*

Response DefaultHttpResponse(decodeResult: success, version: HTTP/1.1)
HTTP/1.1 200 OK
Content-Length: 15
Content-Type: application/json; charset=utf-8
cache-control: no-cache

10:41:00.893 [AsyncHttpClient-1-6] DEBUG org.asynchttpclient.netty.channel.ChannelManager - Adding key: http://localhost:22024 for channel [id: 0x83004678, L:/127.0.0.1:55566 - R:localhost/127.0.0.1:22024]
10:41:00.894 [Forwarding findElement on session c565bd0a4d6a9fc6cc631d9c9adc91c2 to remote] DEBUG org.asynchttpclient.netty.request.NettyRequestSender - Using pooled Channel '[id: 0x83004678, L:/127.0.0.1:55566 - R:localhost/127.0.0.1:22024]' for 'POST' to 'http://localhost:22024/session/c565bd0a4d6a9fc6cc631d9c9adc91c2/element'
10:41:00.894 [Forwarding findElement on session c565bd0a4d6a9fc6cc631d9c9adc91c2 to remote] DEBUG org.asynchttpclient.netty.request.NettyRequestSender - Using open Channel [id: 0x83004678, L:/127.0.0.1:55566 - R:localhost/127.0.0.1:22024] for POST '/session/c565bd0a4d6a9fc6cc631d9c9adc91c2/element'
10:41:00.898 [AsyncHttpClient-1-6] DEBUG org.asynchttpclient.netty.handler.HttpHandler - 

Request DefaultHttpRequest(decodeResult: success, version: HTTP/1.1)
POST /session/c565bd0a4d6a9fc6cc631d9c9adc91c2/element HTTP/1.1
User-Agent: selenium/4.8.1 (java windows)
Content-Length: 63
Content-Type: application/json; charset=utf-8
host: localhost:22024
accept: */*

Response DefaultHttpResponse(decodeResult: success, version: HTTP/1.1)
HTTP/1.1 200 OK
Content-Length: 88
Content-Type: application/json; charset=utf-8
cache-control: no-cache

10:41:00.898 [AsyncHttpClient-1-6] DEBUG org.asynchttpclient.netty.channel.ChannelManager - Adding key: http://localhost:22024 for channel [id: 0x83004678, L:/127.0.0.1:55566 - R:localhost/127.0.0.1:22024]
10:41:00.899 [Forwarding clickElement on session c565bd0a4d6a9fc6cc631d9c9adc91c2 to remote] DEBUG org.asynchttpclient.netty.request.NettyRequestSender - Using pooled Channel '[id: 0x83004678, L:/127.0.0.1:55566 - R:localhost/127.0.0.1:22024]' for 'POST' to 'http://localhost:22024/session/c565bd0a4d6a9fc6cc631d9c9adc91c2/element/854bca8d-6c01-434b-9e0a-a9fb2120afa2/click'
10:41:00.899 [Forwarding clickElement on session c565bd0a4d6a9fc6cc631d9c9adc91c2 to remote] DEBUG org.asynchttpclient.netty.request.NettyRequestSender - Using open Channel [id: 0x83004678, L:/127.0.0.1:55566 - R:localhost/127.0.0.1:22024] for POST '/session/c565bd0a4d6a9fc6cc631d9c9adc91c2/element/854bca8d-6c01-434b-9e0a-a9fb2120afa2/click'
10:41:00.946 [AsyncHttpClient-1-6] DEBUG org.asynchttpclient.netty.handler.HttpHandler - 

Request DefaultHttpRequest(decodeResult: success, version: HTTP/1.1)
POST /session/c565bd0a4d6a9fc6cc631d9c9adc91c2/element/854bca8d-6c01-434b-9e0a-a9fb2120afa2/click HTTP/1.1
User-Agent: selenium/4.8.1 (java windows)
Content-Length: 50
Content-Type: application/json; charset=utf-8
host: localhost:22024
accept: */*

Response DefaultHttpResponse(decodeResult: success, version: HTTP/1.1)
HTTP/1.1 200 OK
Content-Length: 14
Content-Type: application/json; charset=utf-8
cache-control: no-cache

10:41:00.946 [AsyncHttpClient-1-6] DEBUG org.asynchttpclient.netty.channel.ChannelManager - Adding key: http://localhost:22024 for channel [id: 0x83004678, L:/127.0.0.1:55566 - R:localhost/127.0.0.1:22024]
10:41:00.950 [Forwarding getAlertText on session c565bd0a4d6a9fc6cc631d9c9adc91c2 to remote] DEBUG org.asynchttpclient.netty.request.NettyRequestSender - Using pooled Channel '[id: 0x83004678, L:/127.0.0.1:55566 - R:localhost/127.0.0.1:22024]' for 'GET' to 'http://localhost:22024/session/c565bd0a4d6a9fc6cc631d9c9adc91c2/alert/text'
10:41:00.950 [Forwarding getAlertText on session c565bd0a4d6a9fc6cc631d9c9adc91c2 to remote] DEBUG org.asynchttpclient.netty.request.NettyRequestSender - Using open Channel [id: 0x83004678, L:/127.0.0.1:55566 - R:localhost/127.0.0.1:22024] for GET '/session/c565bd0a4d6a9fc6cc631d9c9adc91c2/alert/text'
10:41:00.951 [AsyncHttpClient-1-6] DEBUG org.asynchttpclient.netty.handler.HttpHandler - 

Request DefaultFullHttpRequest(decodeResult: success, version: HTTP/1.1, content: EmptyByteBufBE)
GET /session/c565bd0a4d6a9fc6cc631d9c9adc91c2/alert/text HTTP/1.1
User-Agent: selenium/4.8.1 (java windows)
Cache-Control: no-cache
Content-Type: application/json; charset=utf-8
host: localhost:22024
accept: */*

Response DefaultHttpResponse(decodeResult: success, version: HTTP/1.1)
HTTP/1.1 404 Not Found
Content-Length: 836
Content-Type: application/json; charset=utf-8
cache-control: no-cache

10:41:00.951 [AsyncHttpClient-1-6] DEBUG org.asynchttpclient.netty.channel.ChannelManager - Adding key: http://localhost:22024 for channel [id: 0x83004678, L:/127.0.0.1:55566 - R:localhost/127.0.0.1:22024]
10:41:00.952 [Forwarding getCurrentUrl on session c565bd0a4d6a9fc6cc631d9c9adc91c2 to remote] DEBUG org.asynchttpclient.netty.request.NettyRequestSender - Using pooled Channel '[id: 0x83004678, L:/127.0.0.1:55566 - R:localhost/127.0.0.1:22024]' for 'GET' to 'http://localhost:22024/session/c565bd0a4d6a9fc6cc631d9c9adc91c2/url'
10:41:00.952 [Forwarding getCurrentUrl on session c565bd0a4d6a9fc6cc631d9c9adc91c2 to remote] DEBUG org.asynchttpclient.netty.request.NettyRequestSender - Using open Channel [id: 0x83004678, L:/127.0.0.1:55566 - R:localhost/127.0.0.1:22024] for GET '/session/c565bd0a4d6a9fc6cc631d9c9adc91c2/url'
10:41:00.955 [AsyncHttpClient-1-6] DEBUG org.asynchttpclient.netty.handler.HttpHandler - 

Request DefaultFullHttpRequest(decodeResult: success, version: HTTP/1.1, content: EmptyByteBufBE)
GET /session/c565bd0a4d6a9fc6cc631d9c9adc91c2/url HTTP/1.1
User-Agent: selenium/4.8.1 (java windows)
Cache-Control: no-cache
Content-Type: application/json; charset=utf-8
host: localhost:22024
accept: */*

Response DefaultHttpResponse(decodeResult: success, version: HTTP/1.1)
HTTP/1.1 200 OK
Content-Length: 41
Content-Type: application/json; charset=utf-8
cache-control: no-cache

10:41:00.955 [AsyncHttpClient-1-6] DEBUG org.asynchttpclient.netty.channel.ChannelManager - Adding key: http://localhost:22024 for channel [id: 0x83004678, L:/127.0.0.1:55566 - R:localhost/127.0.0.1:22024]
10:41:00.956 [Forwarding screenshot on session c565bd0a4d6a9fc6cc631d9c9adc91c2 to remote] DEBUG org.asynchttpclient.netty.request.NettyRequestSender - Using pooled Channel '[id: 0x83004678, L:/127.0.0.1:55566 - R:localhost/127.0.0.1:22024]' for 'GET' to 'http://localhost:22024/session/c565bd0a4d6a9fc6cc631d9c9adc91c2/screenshot'
10:41:00.956 [Forwarding screenshot on session c565bd0a4d6a9fc6cc631d9c9adc91c2 to remote] DEBUG org.asynchttpclient.netty.request.NettyRequestSender - Using open Channel [id: 0x83004678, L:/127.0.0.1:55566 - R:localhost/127.0.0.1:22024] for GET '/session/c565bd0a4d6a9fc6cc631d9c9adc91c2/screenshot'
10:41:01.108 [AsyncHttpClient-1-6] DEBUG org.asynchttpclient.netty.handler.HttpHandler - 

Request DefaultFullHttpRequest(decodeResult: success, version: HTTP/1.1, content: EmptyByteBufBE)
GET /session/c565bd0a4d6a9fc6cc631d9c9adc91c2/screenshot HTTP/1.1
User-Agent: selenium/4.8.1 (java windows)
Cache-Control: no-cache
Content-Type: application/json; charset=utf-8
host: localhost:22024
accept: */*

Response DefaultHttpResponse(decodeResult: success, version: HTTP/1.1)
HTTP/1.1 200 OK
Content-Length: 26132
Content-Type: application/json; charset=utf-8
cache-control: no-cache

10:41:01.108 [AsyncHttpClient-1-6] DEBUG org.asynchttpclient.netty.channel.ChannelManager - Adding key: http://localhost:22024 for channel [id: 0x83004678, L:/127.0.0.1:55566 - R:localhost/127.0.0.1:22024]
10:41:01.109 [main] DEBUG net.serenitybdd.core.photography.Darkroom - Send negative for processing for target\site\serenity\d697ccb56bb000a7c62390b477d40fe73c001369c628d31f42c26bb0f2c5b67b.png
10:41:01.109 [main] DEBUG net.thucydides.core.steps.StepInterceptor - STEP DONE: clickToolbarTitle
  &amp#27;[32mGiven &amp#27;[0m&amp#27;[32mI go to the alta shop home page&amp#27;[0m                      &amp#27;[90m# starter.stepdefinitions.CategorySteps.goToHomePage()&amp#27;[0m
10:41:01.109 [Darkroom Processing Line] DEBUG net.serenitybdd.core.photography.DarkroomProcessingLine - Processing screenshot image in /var/screenshots/screenshot-8896118186377012461
10:41:01.110 [Darkroom Processing Line] DEBUG net.serenitybdd.core.photography.DarkroomProcessingLine - Saving screenshot to target\site\serenity\d697ccb56bb000a7c62390b477d40fe73c001369c628d31f42c26bb0f2c5b67b.png
10:41:01.119 [Forwarding getPageSource on session c565bd0a4d6a9fc6cc631d9c9adc91c2 to remote] DEBUG org.asynchttpclient.netty.request.NettyRequestSender - Using pooled Channel '[id: 0x83004678, L:/127.0.0.1:55566 - R:localhost/127.0.0.1:22024]' for 'POST' to 'http://localhost:22024/session/c565bd0a4d6a9fc6cc631d9c9adc91c2/execute/sync'
10:41:01.119 [Forwarding getPageSource on session c565bd0a4d6a9fc6cc631d9c9adc91c2 to remote] DEBUG org.asynchttpclient.netty.request.NettyRequestSender - Using open Channel [id: 0x83004678, L:/127.0.0.1:55566 - R:localhost/127.0.0.1:22024] for POST '/session/c565bd0a4d6a9fc6cc631d9c9adc91c2/execute/sync'
10:41:01.123 [AsyncHttpClient-1-6] DEBUG org.asynchttpclient.netty.handler.HttpHandler - 

Request DefaultHttpRequest(decodeResult: success, version: HTTP/1.1)
POST /session/c565bd0a4d6a9fc6cc631d9c9adc91c2/execute/sync HTTP/1.1
User-Agent: selenium/4.8.1 (java windows)
Content-Length: 176
Content-Type: application/json; charset=utf-8
host: localhost:22024
accept: */*

Response DefaultHttpResponse(decodeResult: success, version: HTTP/1.1)
HTTP/1.1 200 OK
Content-Length: 28688
Content-Type: application/json; charset=utf-8
cache-control: no-cache

10:41:01.124 [AsyncHttpClient-1-6] DEBUG org.asynchttpclient.netty.channel.ChannelManager - Adding key: http://localhost:22024 for channel [id: 0x83004678, L:/127.0.0.1:55566 - R:localhost/127.0.0.1:22024]
10:41:01.125 [Forwarding getCurrentUrl on session c565bd0a4d6a9fc6cc631d9c9adc91c2 to remote] DEBUG org.asynchttpclient.netty.request.NettyRequestSender - Using pooled Channel '[id: 0x83004678, L:/127.0.0.1:55566 - R:localhost/127.0.0.1:22024]' for 'GET' to 'http://localhost:22024/session/c565bd0a4d6a9fc6cc631d9c9adc91c2/url'
10:41:01.125 [Forwarding getCurrentUrl on session c565bd0a4d6a9fc6cc631d9c9adc91c2 to remote] DEBUG org.asynchttpclient.netty.request.NettyRequestSender - Using open Channel [id: 0x83004678, L:/127.0.0.1:55566 - R:localhost/127.0.0.1:22024] for GET '/session/c565bd0a4d6a9fc6cc631d9c9adc91c2/url'
10:41:01.128 [AsyncHttpClient-1-6] DEBUG org.asynchttpclient.netty.handler.HttpHandler - 

Request DefaultFullHttpRequest(decodeResult: success, version: HTTP/1.1, content: EmptyByteBufBE)
GET /session/c565bd0a4d6a9fc6cc631d9c9adc91c2/url HTTP/1.1
User-Agent: selenium/4.8.1 (java windows)
Cache-Control: no-cache
Content-Type: application/json; charset=utf-8
host: localhost:22024
accept: */*

Response DefaultHttpResponse(decodeResult: success, version: HTTP/1.1)
HTTP/1.1 200 OK
Content-Length: 41
Content-Type: application/json; charset=utf-8
cache-control: no-cache

10:41:01.128 [AsyncHttpClient-1-6] DEBUG org.asynchttpclient.netty.channel.ChannelManager - Adding key: http://localhost:22024 for channel [id: 0x83004678, L:/127.0.0.1:55566 - R:localhost/127.0.0.1:22024]
10:41:01.138 [Forwarding getPageSource on session c565bd0a4d6a9fc6cc631d9c9adc91c2 to remote] DEBUG org.asynchttpclient.netty.request.NettyRequestSender - Using pooled Channel '[id: 0x83004678, L:/127.0.0.1:55566 - R:localhost/127.0.0.1:22024]' for 'POST' to 'http://localhost:22024/session/c565bd0a4d6a9fc6cc631d9c9adc91c2/execute/sync'
10:41:01.138 [Forwarding getPageSource on session c565bd0a4d6a9fc6cc631d9c9adc91c2 to remote] DEBUG org.asynchttpclient.netty.request.NettyRequestSender - Using open Channel [id: 0x83004678, L:/127.0.0.1:55566 - R:localhost/127.0.0.1:22024] for POST '/session/c565bd0a4d6a9fc6cc631d9c9adc91c2/execute/sync'
10:41:01.144 [AsyncHttpClient-1-6] DEBUG org.asynchttpclient.netty.handler.HttpHandler - 

Request DefaultHttpRequest(decodeResult: success, version: HTTP/1.1)
POST /session/c565bd0a4d6a9fc6cc631d9c9adc91c2/execute/sync HTTP/1.1
User-Agent: selenium/4.8.1 (java windows)
Content-Length: 176
Content-Type: application/json; charset=utf-8
host: localhost:22024
accept: */*

Response DefaultHttpResponse(decodeResult: success, version: HTTP/1.1)
HTTP/1.1 200 OK
Content-Length: 28688
Content-Type: application/json; charset=utf-8
cache-control: no-cache

10:41:01.144 [AsyncHttpClient-1-6] DEBUG org.asynchttpclient.netty.channel.ChannelManager - Adding key: http://localhost:22024 for channel [id: 0x83004678, L:/127.0.0.1:55566 - R:localhost/127.0.0.1:22024]
10:41:01.146 [Forwarding getCurrentUrl on session c565bd0a4d6a9fc6cc631d9c9adc91c2 to remote] DEBUG org.asynchttpclient.netty.request.NettyRequestSender - Using pooled Channel '[id: 0x83004678, L:/127.0.0.1:55566 - R:localhost/127.0.0.1:22024]' for 'GET' to 'http://localhost:22024/session/c565bd0a4d6a9fc6cc631d9c9adc91c2/url'
10:41:01.146 [Forwarding getCurrentUrl on session c565bd0a4d6a9fc6cc631d9c9adc91c2 to remote] DEBUG org.asynchttpclient.netty.request.NettyRequestSender - Using open Channel [id: 0x83004678, L:/127.0.0.1:55566 - R:localhost/127.0.0.1:22024] for GET '/session/c565bd0a4d6a9fc6cc631d9c9adc91c2/url'
10:41:01.150 [AsyncHttpClient-1-6] DEBUG org.asynchttpclient.netty.handler.HttpHandler - 

Request DefaultFullHttpRequest(decodeResult: success, version: HTTP/1.1, content: EmptyByteBufBE)
GET /session/c565bd0a4d6a9fc6cc631d9c9adc91c2/url HTTP/1.1
User-Agent: selenium/4.8.1 (java windows)
Cache-Control: no-cache
Content-Type: application/json; charset=utf-8
host: localhost:22024
accept: */*

Response DefaultHttpResponse(decodeResult: success, version: HTTP/1.1)
HTTP/1.1 200 OK
Content-Length: 41
Content-Type: application/json; charset=utf-8
cache-control: no-cache

10:41:01.150 [AsyncHttpClient-1-6] DEBUG org.asynchttpclient.netty.channel.ChannelManager - Adding key: http://localhost:22024 for channel [id: 0x83004678, L:/127.0.0.1:55566 - R:localhost/127.0.0.1:22024]
10:41:01.153 [main] DEBUG net.thucydides.core.steps.StepInterceptor - STARTING STEP: CategorySteps.clickSelectCategory - clickSelectCategory
10:41:01.156 [Forwarding findElement on session c565bd0a4d6a9fc6cc631d9c9adc91c2 to remote] DEBUG org.asynchttpclient.netty.request.NettyRequestSender - Using pooled Channel '[id: 0x83004678, L:/127.0.0.1:55566 - R:localhost/127.0.0.1:22024]' for 'POST' to 'http://localhost:22024/session/c565bd0a4d6a9fc6cc631d9c9adc91c2/element'
10:41:01.156 [Forwarding findElement on session c565bd0a4d6a9fc6cc631d9c9adc91c2 to remote] DEBUG org.asynchttpclient.netty.request.NettyRequestSender - Using open Channel [id: 0x83004678, L:/127.0.0.1:55566 - R:localhost/127.0.0.1:22024] for POST '/session/c565bd0a4d6a9fc6cc631d9c9adc91c2/element'
10:41:01.168 [AsyncHttpClient-1-6] DEBUG org.asynchttpclient.netty.handler.HttpHandler - 

Request DefaultHttpRequest(decodeResult: success, version: HTTP/1.1)
POST /session/c565bd0a4d6a9fc6cc631d9c9adc91c2/element HTTP/1.1
User-Agent: selenium/4.8.1 (java windows)
Content-Length: 118
Content-Type: application/json; charset=utf-8
host: localhost:22024
accept: */*

Response DefaultHttpResponse(decodeResult: success, version: HTTP/1.1)
HTTP/1.1 200 OK
Content-Length: 88
Content-Type: application/json; charset=utf-8
cache-control: no-cache

10:41:01.168 [AsyncHttpClient-1-6] DEBUG org.asynchttpclient.netty.channel.ChannelManager - Adding key: http://localhost:22024 for channel [id: 0x83004678, L:/127.0.0.1:55566 - R:localhost/127.0.0.1:22024]
10:41:01.169 [Forwarding getElementTagName on session c565bd0a4d6a9fc6cc631d9c9adc91c2 to remote] DEBUG org.asynchttpclient.netty.request.NettyRequestSender - Using pooled Channel '[id: 0x83004678, L:/127.0.0.1:55566 - R:localhost/127.0.0.1:22024]' for 'GET' to 'http://localhost:22024/session/c565bd0a4d6a9fc6cc631d9c9adc91c2/element/4ee52832-ea2b-41a8-a95c-b244bc09588d/name'
10:41:01.169 [Forwarding getElementTagName on session c565bd0a4d6a9fc6cc631d9c9adc91c2 to remote] DEBUG org.asynchttpclient.netty.request.NettyRequestSender - Using open Channel [id: 0x83004678, L:/127.0.0.1:55566 - R:localhost/127.0.0.1:22024] for GET '/session/c565bd0a4d6a9fc6cc631d9c9adc91c2/element/4ee52832-ea2b-41a8-a95c-b244bc09588d/name'
10:41:01.174 [AsyncHttpClient-1-6] DEBUG org.asynchttpclient.netty.handler.HttpHandler - 

Request DefaultFullHttpRequest(decodeResult: success, version: HTTP/1.1, content: EmptyByteBufBE)
GET /session/c565bd0a4d6a9fc6cc631d9c9adc91c2/element/4ee52832-ea2b-41a8-a95c-b244bc09588d/name HTTP/1.1
User-Agent: selenium/4.8.1 (java windows)
Cache-Control: no-cache
Content-Type: application/json; charset=utf-8
host: localhost:22024
accept: */*

Response DefaultHttpResponse(decodeResult: success, version: HTTP/1.1)
HTTP/1.1 200 OK
Content-Length: 15
Content-Type: application/json; charset=utf-8
cache-control: no-cache

10:41:01.174 [AsyncHttpClient-1-6] DEBUG org.asynchttpclient.netty.channel.ChannelManager - Adding key: http://localhost:22024 for channel [id: 0x83004678, L:/127.0.0.1:55566 - R:localhost/127.0.0.1:22024]
10:41:01.177 [Forwarding getElementTagName on session c565bd0a4d6a9fc6cc631d9c9adc91c2 to remote] DEBUG org.asynchttpclient.netty.request.NettyRequestSender - Using pooled Channel '[id: 0x83004678, L:/127.0.0.1:55566 - R:localhost/127.0.0.1:22024]' for 'GET' to 'http://localhost:22024/session/c565bd0a4d6a9fc6cc631d9c9adc91c2/element/4ee52832-ea2b-41a8-a95c-b244bc09588d/name'
10:41:01.177 [Forwarding getElementTagName on session c565bd0a4d6a9fc6cc631d9c9adc91c2 to remote] DEBUG org.asynchttpclient.netty.request.NettyRequestSender - Using open Channel [id: 0x83004678, L:/127.0.0.1:55566 - R:localhost/127.0.0.1:22024] for GET '/session/c565bd0a4d6a9fc6cc631d9c9adc91c2/element/4ee52832-ea2b-41a8-a95c-b244bc09588d/name'
10:41:01.184 [AsyncHttpClient-1-6] DEBUG org.asynchttpclient.netty.handler.HttpHandler - 

Request DefaultFullHttpRequest(decodeResult: success, version: HTTP/1.1, content: EmptyByteBufBE)
GET /session/c565bd0a4d6a9fc6cc631d9c9adc91c2/element/4ee52832-ea2b-41a8-a95c-b244bc09588d/name HTTP/1.1
User-Agent: selenium/4.8.1 (java windows)
Cache-Control: no-cache
Content-Type: application/json; charset=utf-8
host: localhost:22024
accept: */*

Response DefaultHttpResponse(decodeResult: success, version: HTTP/1.1)
HTTP/1.1 200 OK
Content-Length: 15
Content-Type: application/json; charset=utf-8
cache-control: no-cache

10:41:01.184 [AsyncHttpClient-1-6] DEBUG org.asynchttpclient.netty.channel.ChannelManager - Adding key: http://localhost:22024 for channel [id: 0x83004678, L:/127.0.0.1:55566 - R:localhost/127.0.0.1:22024]
10:41:01.187 [Forwarding findElement on session c565bd0a4d6a9fc6cc631d9c9adc91c2 to remote] DEBUG org.asynchttpclient.netty.request.NettyRequestSender - Using pooled Channel '[id: 0x83004678, L:/127.0.0.1:55566 - R:localhost/127.0.0.1:22024]' for 'POST' to 'http://localhost:22024/session/c565bd0a4d6a9fc6cc631d9c9adc91c2/element'
10:41:01.187 [Forwarding findElement on session c565bd0a4d6a9fc6cc631d9c9adc91c2 to remote] DEBUG org.asynchttpclient.netty.request.NettyRequestSender - Using open Channel [id: 0x83004678, L:/127.0.0.1:55566 - R:localhost/127.0.0.1:22024] for POST '/session/c565bd0a4d6a9fc6cc631d9c9adc91c2/element'
10:41:01.214 [AsyncHttpClient-1-6] DEBUG org.asynchttpclient.netty.handler.HttpHandler - 

Request DefaultHttpRequest(decodeResult: success, version: HTTP/1.1)
POST /session/c565bd0a4d6a9fc6cc631d9c9adc91c2/element HTTP/1.1
User-Agent: selenium/4.8.1 (java windows)
Content-Length: 118
Content-Type: application/json; charset=utf-8
host: localhost:22024
accept: */*

Response DefaultHttpResponse(decodeResult: success, version: HTTP/1.1)
HTTP/1.1 200 OK
Content-Length: 88
Content-Type: application/json; charset=utf-8
cache-control: no-cache

10:41:01.214 [AsyncHttpClient-1-6] DEBUG org.asynchttpclient.netty.channel.ChannelManager - Adding key: http://localhost:22024 for channel [id: 0x83004678, L:/127.0.0.1:55566 - R:localhost/127.0.0.1:22024]
10:41:01.215 [Forwarding clickElement on session c565bd0a4d6a9fc6cc631d9c9adc91c2 to remote] DEBUG org.asynchttpclient.netty.request.NettyRequestSender - Using pooled Channel '[id: 0x83004678, L:/127.0.0.1:55566 - R:localhost/127.0.0.1:22024]' for 'POST' to 'http://localhost:22024/session/c565bd0a4d6a9fc6cc631d9c9adc91c2/element/4ee52832-ea2b-41a8-a95c-b244bc09588d/click'
10:41:01.215 [Forwarding clickElement on session c565bd0a4d6a9fc6cc631d9c9adc91c2 to remote] DEBUG org.asynchttpclient.netty.request.NettyRequestSender - Using open Channel [id: 0x83004678, L:/127.0.0.1:55566 - R:localhost/127.0.0.1:22024] for POST '/session/c565bd0a4d6a9fc6cc631d9c9adc91c2/element/4ee52832-ea2b-41a8-a95c-b244bc09588d/click'
10:41:01.277 [AsyncHttpClient-1-6] DEBUG org.asynchttpclient.netty.handler.HttpHandler - 

Request DefaultHttpRequest(decodeResult: success, version: HTTP/1.1)
POST /session/c565bd0a4d6a9fc6cc631d9c9adc91c2/element/4ee52832-ea2b-41a8-a95c-b244bc09588d/click HTTP/1.1
User-Agent: selenium/4.8.1 (java windows)
Content-Length: 50
Content-Type: application/json; charset=utf-8
host: localhost:22024
accept: */*

Response DefaultHttpResponse(decodeResult: success, version: HTTP/1.1)
HTTP/1.1 200 OK
Content-Length: 14
Content-Type: application/json; charset=utf-8
cache-control: no-cache

10:41:01.277 [AsyncHttpClient-1-6] DEBUG org.asynchttpclient.netty.channel.ChannelManager - Adding key: http://localhost:22024 for channel [id: 0x83004678, L:/127.0.0.1:55566 - R:localhost/127.0.0.1:22024]
10:41:01.283 [Forwarding getAlertText on session c565bd0a4d6a9fc6cc631d9c9adc91c2 to remote] DEBUG org.asynchttpclient.netty.request.NettyRequestSender - Using pooled Channel '[id: 0x83004678, L:/127.0.0.1:55566 - R:localhost/127.0.0.1:22024]' for 'GET' to 'http://localhost:22024/session/c565bd0a4d6a9fc6cc631d9c9adc91c2/alert/text'
10:41:01.283 [Forwarding getAlertText on session c565bd0a4d6a9fc6cc631d9c9adc91c2 to remote] DEBUG org.asynchttpclient.netty.request.NettyRequestSender - Using open Channel [id: 0x83004678, L:/127.0.0.1:55566 - R:localhost/127.0.0.1:22024] for GET '/session/c565bd0a4d6a9fc6cc631d9c9adc91c2/alert/text'
10:41:01.288 [AsyncHttpClient-1-6] DEBUG org.asynchttpclient.netty.handler.HttpHandler - 

Request DefaultFullHttpRequest(decodeResult: success, version: HTTP/1.1, content: EmptyByteBufBE)
GET /session/c565bd0a4d6a9fc6cc631d9c9adc91c2/alert/text HTTP/1.1
User-Agent: selenium/4.8.1 (java windows)
Cache-Control: no-cache
Content-Type: application/json; charset=utf-8
host: localhost:22024
accept: */*

Response DefaultHttpResponse(decodeResult: success, version: HTTP/1.1)
HTTP/1.1 404 Not Found
Content-Length: 836
Content-Type: application/json; charset=utf-8
cache-control: no-cache

10:41:01.288 [AsyncHttpClient-1-6] DEBUG org.asynchttpclient.netty.channel.ChannelManager - Adding key: http://localhost:22024 for channel [id: 0x83004678, L:/127.0.0.1:55566 - R:localhost/127.0.0.1:22024]
10:41:01.290 [Forwarding getCurrentUrl on session c565bd0a4d6a9fc6cc631d9c9adc91c2 to remote] DEBUG org.asynchttpclient.netty.request.NettyRequestSender - Using pooled Channel '[id: 0x83004678, L:/127.0.0.1:55566 - R:localhost/127.0.0.1:22024]' for 'GET' to 'http://localhost:22024/session/c565bd0a4d6a9fc6cc631d9c9adc91c2/url'
10:41:01.290 [Forwarding getCurrentUrl on session c565bd0a4d6a9fc6cc631d9c9adc91c2 to remote] DEBUG org.asynchttpclient.netty.request.NettyRequestSender - Using open Channel [id: 0x83004678, L:/127.0.0.1:55566 - R:localhost/127.0.0.1:22024] for GET '/session/c565bd0a4d6a9fc6cc631d9c9adc91c2/url'
10:41:01.294 [AsyncHttpClient-1-6] DEBUG org.asynchttpclient.netty.handler.HttpHandler - 

Request DefaultFullHttpRequest(decodeResult: success, version: HTTP/1.1, content: EmptyByteBufBE)
GET /session/c565bd0a4d6a9fc6cc631d9c9adc91c2/url HTTP/1.1
User-Agent: selenium/4.8.1 (java windows)
Cache-Control: no-cache
Content-Type: application/json; charset=utf-8
host: localhost:22024
accept: */*

Response DefaultHttpResponse(decodeResult: success, version: HTTP/1.1)
HTTP/1.1 200 OK
Content-Length: 41
Content-Type: application/json; charset=utf-8
cache-control: no-cache

10:41:01.294 [AsyncHttpClient-1-6] DEBUG org.asynchttpclient.netty.channel.ChannelManager - Adding key: http://localhost:22024 for channel [id: 0x83004678, L:/127.0.0.1:55566 - R:localhost/127.0.0.1:22024]
10:41:01.295 [Forwarding screenshot on session c565bd0a4d6a9fc6cc631d9c9adc91c2 to remote] DEBUG org.asynchttpclient.netty.request.NettyRequestSender - Using pooled Channel '[id: 0x83004678, L:/127.0.0.1:55566 - R:localhost/127.0.0.1:22024]' for 'GET' to 'http://localhost:22024/session/c565bd0a4d6a9fc6cc631d9c9adc91c2/screenshot'
10:41:01.295 [Forwarding screenshot on session c565bd0a4d6a9fc6cc631d9c9adc91c2 to remote] DEBUG org.asynchttpclient.netty.request.NettyRequestSender - Using open Channel [id: 0x83004678, L:/127.0.0.1:55566 - R:localhost/127.0.0.1:22024] for GET '/session/c565bd0a4d6a9fc6cc631d9c9adc91c2/screenshot'
10:41:01.602 [AsyncHttpClient-1-1] DEBUG org.asynchttpclient.netty.channel.DefaultChannelPool - Entry count for : http://localhost:55567 : 1
10:41:01.908 [AsyncHttpClient-1-6] DEBUG org.asynchttpclient.netty.handler.HttpHandler - 

Request DefaultFullHttpRequest(decodeResult: success, version: HTTP/1.1, content: EmptyByteBufBE)
GET /session/c565bd0a4d6a9fc6cc631d9c9adc91c2/screenshot HTTP/1.1
User-Agent: selenium/4.8.1 (java windows)
Cache-Control: no-cache
Content-Type: application/json; charset=utf-8
host: localhost:22024
accept: */*

Response DefaultHttpResponse(decodeResult: success, version: HTTP/1.1)
HTTP/1.1 200 OK
Content-Length: 65528
Content-Type: application/json; charset=utf-8
cache-control: no-cache

10:41:01.908 [AsyncHttpClient-1-6] DEBUG org.asynchttpclient.netty.channel.ChannelManager - Adding key: http://localhost:22024 for channel [id: 0x83004678, L:/127.0.0.1:55566 - R:localhost/127.0.0.1:22024]
10:41:01.910 [main] DEBUG net.serenitybdd.core.photography.Darkroom - Send negative for processing for target\site\serenity\39a8ee5fc785b446dde3cd7a7876b6e19a6ddd7a59a2ed9ef6521a2922718796.png
10:41:01.910 [main] DEBUG net.thucydides.core.steps.StepInterceptor - STEP DONE: clickSelectCategory
  &amp#27;[32mAnd &amp#27;[0m&amp#27;[32mI click select category dropdown&amp#27;[0m                       &amp#27;[90m# starter.stepdefinitions.CategorySteps.clickSelectCategory()&amp#27;[0m
10:41:01.910 [Darkroom Processing Line] DEBUG net.serenitybdd.core.photography.DarkroomProcessingLine - Processing screenshot image in /var/screenshots/screenshot-12366484835588636094
10:41:01.910 [Darkroom Processing Line] DEBUG net.serenitybdd.core.photography.DarkroomProcessingLine - Saving screenshot to target\site\serenity\39a8ee5fc785b446dde3cd7a7876b6e19a6ddd7a59a2ed9ef6521a2922718796.png
10:41:01.914 [Forwarding getPageSource on session c565bd0a4d6a9fc6cc631d9c9adc91c2 to remote] DEBUG org.asynchttpclient.netty.request.NettyRequestSender - Using pooled Channel '[id: 0x83004678, L:/127.0.0.1:55566 - R:localhost/127.0.0.1:22024]' for 'POST' to 'http://localhost:22024/session/c565bd0a4d6a9fc6cc631d9c9adc91c2/execute/sync'
10:41:01.914 [Forwarding getPageSource on session c565bd0a4d6a9fc6cc631d9c9adc91c2 to remote] DEBUG org.asynchttpclient.netty.request.NettyRequestSender - Using open Channel [id: 0x83004678, L:/127.0.0.1:55566 - R:localhost/127.0.0.1:22024] for POST '/session/c565bd0a4d6a9fc6cc631d9c9adc91c2/execute/sync'
10:41:01.932 [AsyncHttpClient-1-6] DEBUG org.asynchttpclient.netty.handler.HttpHandler - 

Request DefaultHttpRequest(decodeResult: success, version: HTTP/1.1)
POST /session/c565bd0a4d6a9fc6cc631d9c9adc91c2/execute/sync HTTP/1.1
User-Agent: selenium/4.8.1 (java windows)
Content-Length: 176
Content-Type: application/json; charset=utf-8
host: localhost:22024
accept: */*

Response DefaultHttpResponse(decodeResult: success, version: HTTP/1.1)
HTTP/1.1 200 OK
Content-Length: 298889
Content-Type: application/json; charset=utf-8
cache-control: no-cache

10:41:01.932 [AsyncHttpClient-1-6] DEBUG org.asynchttpclient.netty.channel.ChannelManager - Adding key: http://localhost:22024 for channel [id: 0x83004678, L:/127.0.0.1:55566 - R:localhost/127.0.0.1:22024]
10:41:01.945 [Forwarding getCurrentUrl on session c565bd0a4d6a9fc6cc631d9c9adc91c2 to remote] DEBUG org.asynchttpclient.netty.request.NettyRequestSender - Using pooled Channel '[id: 0x83004678, L:/127.0.0.1:55566 - R:localhost/127.0.0.1:22024]' for 'GET' to 'http://localhost:22024/session/c565bd0a4d6a9fc6cc631d9c9adc91c2/url'
10:41:01.945 [Forwarding getCurrentUrl on session c565bd0a4d6a9fc6cc631d9c9adc91c2 to remote] DEBUG org.asynchttpclient.netty.request.NettyRequestSender - Using open Channel [id: 0x83004678, L:/127.0.0.1:55566 - R:localhost/127.0.0.1:22024] for GET '/session/c565bd0a4d6a9fc6cc631d9c9adc91c2/url'
10:41:01.948 [AsyncHttpClient-1-6] DEBUG org.asynchttpclient.netty.handler.HttpHandler - 

Request DefaultFullHttpRequest(decodeResult: success, version: HTTP/1.1, content: EmptyByteBufBE)
GET /session/c565bd0a4d6a9fc6cc631d9c9adc91c2/url HTTP/1.1
User-Agent: selenium/4.8.1 (java windows)
Cache-Control: no-cache
Content-Type: application/json; charset=utf-8
host: localhost:22024
accept: */*

Response DefaultHttpResponse(decodeResult: success, version: HTTP/1.1)
HTTP/1.1 200 OK
Content-Length: 41
Content-Type: application/json; charset=utf-8
cache-control: no-cache

10:41:01.948 [AsyncHttpClient-1-6] DEBUG org.asynchttpclient.netty.channel.ChannelManager - Adding key: http://localhost:22024 for channel [id: 0x83004678, L:/127.0.0.1:55566 - R:localhost/127.0.0.1:22024]
10:41:01.954 [Forwarding getPageSource on session c565bd0a4d6a9fc6cc631d9c9adc91c2 to remote] DEBUG org.asynchttpclient.netty.request.NettyRequestSender - Using pooled Channel '[id: 0x83004678, L:/127.0.0.1:55566 - R:localhost/127.0.0.1:22024]' for 'POST' to 'http://localhost:22024/session/c565bd0a4d6a9fc6cc631d9c9adc91c2/execute/sync'
10:41:01.954 [Forwarding getPageSource on session c565bd0a4d6a9fc6cc631d9c9adc91c2 to remote] DEBUG org.asynchttpclient.netty.request.NettyRequestSender - Using open Channel [id: 0x83004678, L:/127.0.0.1:55566 - R:localhost/127.0.0.1:22024] for POST '/session/c565bd0a4d6a9fc6cc631d9c9adc91c2/execute/sync'
10:41:01.970 [AsyncHttpClient-1-6] DEBUG org.asynchttpclient.netty.handler.HttpHandler - 

Request DefaultHttpRequest(decodeResult: success, version: HTTP/1.1)
POST /session/c565bd0a4d6a9fc6cc631d9c9adc91c2/execute/sync HTTP/1.1
User-Agent: selenium/4.8.1 (java windows)
Content-Length: 176
Content-Type: application/json; charset=utf-8
host: localhost:22024
accept: */*

Response DefaultHttpResponse(decodeResult: success, version: HTTP/1.1)
HTTP/1.1 200 OK
Content-Length: 298889
Content-Type: application/json; charset=utf-8
cache-control: no-cache

10:41:01.970 [AsyncHttpClient-1-6] DEBUG org.asynchttpclient.netty.channel.ChannelManager - Adding key: http://localhost:22024 for channel [id: 0x83004678, L:/127.0.0.1:55566 - R:localhost/127.0.0.1:22024]
10:41:01.985 [Forwarding getCurrentUrl on session c565bd0a4d6a9fc6cc631d9c9adc91c2 to remote] DEBUG org.asynchttpclient.netty.request.NettyRequestSender - Using pooled Channel '[id: 0x83004678, L:/127.0.0.1:55566 - R:localhost/127.0.0.1:22024]' for 'GET' to 'http://localhost:22024/session/c565bd0a4d6a9fc6cc631d9c9adc91c2/url'
10:41:01.985 [Forwarding getCurrentUrl on session c565bd0a4d6a9fc6cc631d9c9adc91c2 to remote] DEBUG org.asynchttpclient.netty.request.NettyRequestSender - Using open Channel [id: 0x83004678, L:/127.0.0.1:55566 - R:localhost/127.0.0.1:22024] for GET '/session/c565bd0a4d6a9fc6cc631d9c9adc91c2/url'
10:41:01.988 [AsyncHttpClient-1-6] DEBUG org.asynchttpclient.netty.handler.HttpHandler - 

Request DefaultFullHttpRequest(decodeResult: success, version: HTTP/1.1, content: EmptyByteBufBE)
GET /session/c565bd0a4d6a9fc6cc631d9c9adc91c2/url HTTP/1.1
User-Agent: selenium/4.8.1 (java windows)
Cache-Control: no-cache
Content-Type: application/json; charset=utf-8
host: localhost:22024
accept: */*

Response DefaultHttpResponse(decodeResult: success, version: HTTP/1.1)
HTTP/1.1 200 OK
Content-Length: 41
Content-Type: application/json; charset=utf-8
cache-control: no-cache

10:41:01.988 [AsyncHttpClient-1-6] DEBUG org.asynchttpclient.netty.channel.ChannelManager - Adding key: http://localhost:22024 for channel [id: 0x83004678, L:/127.0.0.1:55566 - R:localhost/127.0.0.1:22024]
10:41:01.990 [main] DEBUG net.thucydides.core.steps.StepInterceptor - STARTING STEP: CategorySteps.clickGamingCategory - clickGamingCategory
10:41:01.991 [Forwarding findElement on session c565bd0a4d6a9fc6cc631d9c9adc91c2 to remote] DEBUG org.asynchttpclient.netty.request.NettyRequestSender - Using pooled Channel '[id: 0x83004678, L:/127.0.0.1:55566 - R:localhost/127.0.0.1:22024]' for 'POST' to 'http://localhost:22024/session/c565bd0a4d6a9fc6cc631d9c9adc91c2/element'
10:41:01.991 [Forwarding findElement on session c565bd0a4d6a9fc6cc631d9c9adc91c2 to remote] DEBUG org.asynchttpclient.netty.request.NettyRequestSender - Using open Channel [id: 0x83004678, L:/127.0.0.1:55566 - R:localhost/127.0.0.1:22024] for POST '/session/c565bd0a4d6a9fc6cc631d9c9adc91c2/element'
10:41:02.001 [AsyncHttpClient-1-6] DEBUG org.asynchttpclient.netty.handler.HttpHandler - 

Request DefaultHttpRequest(decodeResult: success, version: HTTP/1.1)
POST /session/c565bd0a4d6a9fc6cc631d9c9adc91c2/element HTTP/1.1
User-Agent: selenium/4.8.1 (java windows)
Content-Length: 71
Content-Type: application/json; charset=utf-8
host: localhost:22024
accept: */*

Response DefaultHttpResponse(decodeResult: success, version: HTTP/1.1)
HTTP/1.1 200 OK
Content-Length: 88
Content-Type: application/json; charset=utf-8
cache-control: no-cache

10:41:02.001 [AsyncHttpClient-1-6] DEBUG org.asynchttpclient.netty.channel.ChannelManager - Adding key: http://localhost:22024 for channel [id: 0x83004678, L:/127.0.0.1:55566 - R:localhost/127.0.0.1:22024]
10:41:02.001 [Forwarding getElementTagName on session c565bd0a4d6a9fc6cc631d9c9adc91c2 to remote] DEBUG org.asynchttpclient.netty.request.NettyRequestSender - Using pooled Channel '[id: 0x83004678, L:/127.0.0.1:55566 - R:localhost/127.0.0.1:22024]' for 'GET' to 'http://localhost:22024/session/c565bd0a4d6a9fc6cc631d9c9adc91c2/element/cf224aaf-2c5d-45d5-8626-5a680df3c7a9/name'
10:41:02.001 [Forwarding getElementTagName on session c565bd0a4d6a9fc6cc631d9c9adc91c2 to remote] DEBUG org.asynchttpclient.netty.request.NettyRequestSender - Using open Channel [id: 0x83004678, L:/127.0.0.1:55566 - R:localhost/127.0.0.1:22024] for GET '/session/c565bd0a4d6a9fc6cc631d9c9adc91c2/element/cf224aaf-2c5d-45d5-8626-5a680df3c7a9/name'
10:41:02.005 [AsyncHttpClient-1-6] DEBUG org.asynchttpclient.netty.handler.HttpHandler - 

Request DefaultFullHttpRequest(decodeResult: success, version: HTTP/1.1, content: EmptyByteBufBE)
GET /session/c565bd0a4d6a9fc6cc631d9c9adc91c2/element/cf224aaf-2c5d-45d5-8626-5a680df3c7a9/name HTTP/1.1
User-Agent: selenium/4.8.1 (java windows)
Cache-Control: no-cache
Content-Type: application/json; charset=utf-8
host: localhost:22024
accept: */*

Response DefaultHttpResponse(decodeResult: success, version: HTTP/1.1)
HTTP/1.1 200 OK
Content-Length: 15
Content-Type: application/json; charset=utf-8
cache-control: no-cache

10:41:02.005 [AsyncHttpClient-1-6] DEBUG org.asynchttpclient.netty.channel.ChannelManager - Adding key: http://localhost:22024 for channel [id: 0x83004678, L:/127.0.0.1:55566 - R:localhost/127.0.0.1:22024]
10:41:02.005 [Forwarding getElementTagName on session c565bd0a4d6a9fc6cc631d9c9adc91c2 to remote] DEBUG org.asynchttpclient.netty.request.NettyRequestSender - Using pooled Channel '[id: 0x83004678, L:/127.0.0.1:55566 - R:localhost/127.0.0.1:22024]' for 'GET' to 'http://localhost:22024/session/c565bd0a4d6a9fc6cc631d9c9adc91c2/element/cf224aaf-2c5d-45d5-8626-5a680df3c7a9/name'
10:41:02.005 [Forwarding getElementTagName on session c565bd0a4d6a9fc6cc631d9c9adc91c2 to remote] DEBUG org.asynchttpclient.netty.request.NettyRequestSender - Using open Channel [id: 0x83004678, L:/127.0.0.1:55566 - R:localhost/127.0.0.1:22024] for GET '/session/c565bd0a4d6a9fc6cc631d9c9adc91c2/element/cf224aaf-2c5d-45d5-8626-5a680df3c7a9/name'
10:41:02.008 [AsyncHttpClient-1-6] DEBUG org.asynchttpclient.netty.handler.HttpHandler - 

Request DefaultFullHttpRequest(decodeResult: success, version: HTTP/1.1, content: EmptyByteBufBE)
GET /session/c565bd0a4d6a9fc6cc631d9c9adc91c2/element/cf224aaf-2c5d-45d5-8626-5a680df3c7a9/name HTTP/1.1
User-Agent: selenium/4.8.1 (java windows)
Cache-Control: no-cache
Content-Type: application/json; charset=utf-8
host: localhost:22024
accept: */*

Response DefaultHttpResponse(decodeResult: success, version: HTTP/1.1)
HTTP/1.1 200 OK
Content-Length: 15
Content-Type: application/json; charset=utf-8
cache-control: no-cache

10:41:02.008 [AsyncHttpClient-1-6] DEBUG org.asynchttpclient.netty.channel.ChannelManager - Adding key: http://localhost:22024 for channel [id: 0x83004678, L:/127.0.0.1:55566 - R:localhost/127.0.0.1:22024]
10:41:02.009 [Forwarding findElement on session c565bd0a4d6a9fc6cc631d9c9adc91c2 to remote] DEBUG org.asynchttpclient.netty.request.NettyRequestSender - Using pooled Channel '[id: 0x83004678, L:/127.0.0.1:55566 - R:localhost/127.0.0.1:22024]' for 'POST' to 'http://localhost:22024/session/c565bd0a4d6a9fc6cc631d9c9adc91c2/element'
10:41:02.009 [Forwarding findElement on session c565bd0a4d6a9fc6cc631d9c9adc91c2 to remote] DEBUG org.asynchttpclient.netty.request.NettyRequestSender - Using open Channel [id: 0x83004678, L:/127.0.0.1:55566 - R:localhost/127.0.0.1:22024] for POST '/session/c565bd0a4d6a9fc6cc631d9c9adc91c2/element'
10:41:02.015 [AsyncHttpClient-1-6] DEBUG org.asynchttpclient.netty.handler.HttpHandler - 

Request DefaultHttpRequest(decodeResult: success, version: HTTP/1.1)
POST /session/c565bd0a4d6a9fc6cc631d9c9adc91c2/element HTTP/1.1
User-Agent: selenium/4.8.1 (java windows)
Content-Length: 71
Content-Type: application/json; charset=utf-8
host: localhost:22024
accept: */*

Response DefaultHttpResponse(decodeResult: success, version: HTTP/1.1)
HTTP/1.1 200 OK
Content-Length: 88
Content-Type: application/json; charset=utf-8
cache-control: no-cache

10:41:02.015 [AsyncHttpClient-1-6] DEBUG org.asynchttpclient.netty.channel.ChannelManager - Adding key: http://localhost:22024 for channel [id: 0x83004678, L:/127.0.0.1:55566 - R:localhost/127.0.0.1:22024]
10:41:02.016 [Forwarding clickElement on session c565bd0a4d6a9fc6cc631d9c9adc91c2 to remote] DEBUG org.asynchttpclient.netty.request.NettyRequestSender - Using pooled Channel '[id: 0x83004678, L:/127.0.0.1:55566 - R:localhost/127.0.0.1:22024]' for 'POST' to 'http://localhost:22024/session/c565bd0a4d6a9fc6cc631d9c9adc91c2/element/cf224aaf-2c5d-45d5-8626-5a680df3c7a9/click'
10:41:02.016 [Forwarding clickElement on session c565bd0a4d6a9fc6cc631d9c9adc91c2 to remote] DEBUG org.asynchttpclient.netty.request.NettyRequestSender - Using open Channel [id: 0x83004678, L:/127.0.0.1:55566 - R:localhost/127.0.0.1:22024] for POST '/session/c565bd0a4d6a9fc6cc631d9c9adc91c2/element/cf224aaf-2c5d-45d5-8626-5a680df3c7a9/click'
10:41:02.096 [AsyncHttpClient-1-6] DEBUG org.asynchttpclient.netty.handler.HttpHandler - 

Request DefaultHttpRequest(decodeResult: success, version: HTTP/1.1)
POST /session/c565bd0a4d6a9fc6cc631d9c9adc91c2/element/cf224aaf-2c5d-45d5-8626-5a680df3c7a9/click HTTP/1.1
User-Agent: selenium/4.8.1 (java windows)
Content-Length: 50
Content-Type: application/json; charset=utf-8
host: localhost:22024
accept: */*

Response DefaultHttpResponse(decodeResult: success, version: HTTP/1.1)
HTTP/1.1 200 OK
Content-Length: 14
Content-Type: application/json; charset=utf-8
cache-control: no-cache

10:41:02.096 [AsyncHttpClient-1-6] DEBUG org.asynchttpclient.netty.channel.ChannelManager - Adding key: http://localhost:22024 for channel [id: 0x83004678, L:/127.0.0.1:55566 - R:localhost/127.0.0.1:22024]
10:41:02.100 [Forwarding getAlertText on session c565bd0a4d6a9fc6cc631d9c9adc91c2 to remote] DEBUG org.asynchttpclient.netty.request.NettyRequestSender - Using pooled Channel '[id: 0x83004678, L:/127.0.0.1:55566 - R:localhost/127.0.0.1:22024]' for 'GET' to 'http://localhost:22024/session/c565bd0a4d6a9fc6cc631d9c9adc91c2/alert/text'
10:41:02.100 [Forwarding getAlertText on session c565bd0a4d6a9fc6cc631d9c9adc91c2 to remote] DEBUG org.asynchttpclient.netty.request.NettyRequestSender - Using open Channel [id: 0x83004678, L:/127.0.0.1:55566 - R:localhost/127.0.0.1:22024] for GET '/session/c565bd0a4d6a9fc6cc631d9c9adc91c2/alert/text'
10:41:02.101 [AsyncHttpClient-1-6] DEBUG org.asynchttpclient.netty.handler.HttpHandler - 

Request DefaultFullHttpRequest(decodeResult: success, version: HTTP/1.1, content: EmptyByteBufBE)
GET /session/c565bd0a4d6a9fc6cc631d9c9adc91c2/alert/text HTTP/1.1
User-Agent: selenium/4.8.1 (java windows)
Cache-Control: no-cache
Content-Type: application/json; charset=utf-8
host: localhost:22024
accept: */*

Response DefaultHttpResponse(decodeResult: success, version: HTTP/1.1)
HTTP/1.1 404 Not Found
Content-Length: 836
Content-Type: application/json; charset=utf-8
cache-control: no-cache

10:41:02.101 [AsyncHttpClient-1-6] DEBUG org.asynchttpclient.netty.channel.ChannelManager - Adding key: http://localhost:22024 for channel [id: 0x83004678, L:/127.0.0.1:55566 - R:localhost/127.0.0.1:22024]
10:41:02.101 [Forwarding getCurrentUrl on session c565bd0a4d6a9fc6cc631d9c9adc91c2 to remote] DEBUG org.asynchttpclient.netty.request.NettyRequestSender - Using pooled Channel '[id: 0x83004678, L:/127.0.0.1:55566 - R:localhost/127.0.0.1:22024]' for 'GET' to 'http://localhost:22024/session/c565bd0a4d6a9fc6cc631d9c9adc91c2/url'
10:41:02.101 [Forwarding getCurrentUrl on session c565bd0a4d6a9fc6cc631d9c9adc91c2 to remote] DEBUG org.asynchttpclient.netty.request.NettyRequestSender - Using open Channel [id: 0x83004678, L:/127.0.0.1:55566 - R:localhost/127.0.0.1:22024] for GET '/session/c565bd0a4d6a9fc6cc631d9c9adc91c2/url'
10:41:02.103 [AsyncHttpClient-1-6] DEBUG org.asynchttpclient.netty.handler.HttpHandler - 

Request DefaultFullHttpRequest(decodeResult: success, version: HTTP/1.1, content: EmptyByteBufBE)
GET /session/c565bd0a4d6a9fc6cc631d9c9adc91c2/url HTTP/1.1
User-Agent: selenium/4.8.1 (java windows)
Cache-Control: no-cache
Content-Type: application/json; charset=utf-8
host: localhost:22024
accept: */*

Response DefaultHttpResponse(decodeResult: success, version: HTTP/1.1)
HTTP/1.1 200 OK
Content-Length: 41
Content-Type: application/json; charset=utf-8
cache-control: no-cache

10:41:02.103 [AsyncHttpClient-1-6] DEBUG org.asynchttpclient.netty.channel.ChannelManager - Adding key: http://localhost:22024 for channel [id: 0x83004678, L:/127.0.0.1:55566 - R:localhost/127.0.0.1:22024]
10:41:02.104 [Forwarding screenshot on session c565bd0a4d6a9fc6cc631d9c9adc91c2 to remote] DEBUG org.asynchttpclient.netty.request.NettyRequestSender - Using pooled Channel '[id: 0x83004678, L:/127.0.0.1:55566 - R:localhost/127.0.0.1:22024]' for 'GET' to 'http://localhost:22024/session/c565bd0a4d6a9fc6cc631d9c9adc91c2/screenshot'
10:41:02.104 [Forwarding screenshot on session c565bd0a4d6a9fc6cc631d9c9adc91c2 to remote] DEBUG org.asynchttpclient.netty.request.NettyRequestSender - Using open Channel [id: 0x83004678, L:/127.0.0.1:55566 - R:localhost/127.0.0.1:22024] for GET '/session/c565bd0a4d6a9fc6cc631d9c9adc91c2/screenshot'
10:41:02.192 [AsyncHttpClient-1-6] DEBUG org.asynchttpclient.netty.handler.HttpHandler - 

Request DefaultFullHttpRequest(decodeResult: success, version: HTTP/1.1, content: EmptyByteBufBE)
GET /session/c565bd0a4d6a9fc6cc631d9c9adc91c2/screenshot HTTP/1.1
User-Agent: selenium/4.8.1 (java windows)
Cache-Control: no-cache
Content-Type: application/json; charset=utf-8
host: localhost:22024
accept: */*

Response DefaultHttpResponse(decodeResult: success, version: HTTP/1.1)
HTTP/1.1 200 OK
Content-Length: 25460
Content-Type: application/json; charset=utf-8
cache-control: no-cache

10:41:02.192 [AsyncHttpClient-1-6] DEBUG org.asynchttpclient.netty.channel.ChannelManager - Adding key: http://localhost:22024 for channel [id: 0x83004678, L:/127.0.0.1:55566 - R:localhost/127.0.0.1:22024]
10:41:02.193 [main] DEBUG net.serenitybdd.core.photography.Darkroom - Send negative for processing for target\site\serenity\687c21a412009bc0ff3b16f40fa314967856887d5b3e0088d895d9f1e91735cf.png
10:41:02.193 [main] DEBUG net.thucydides.core.steps.StepInterceptor - STEP DONE: clickGamingCategory
  &amp#27;[32mWhen &amp#27;[0m&amp#27;[32mI click gaming category&amp#27;[0m                               &amp#27;[90m# starter.stepdefinitions.CategorySteps.clickGamingCategory()&amp#27;[0m
10:41:02.194 [Darkroom Processing Line] DEBUG net.serenitybdd.core.photography.DarkroomProcessingLine - Processing screenshot image in /var/screenshots/screenshot-13556336308698480183
10:41:02.194 [Darkroom Processing Line] DEBUG net.serenitybdd.core.photography.DarkroomProcessingLine - Saving screenshot to target\site\serenity\687c21a412009bc0ff3b16f40fa314967856887d5b3e0088d895d9f1e91735cf.png
10:41:02.199 [Forwarding getPageSource on session c565bd0a4d6a9fc6cc631d9c9adc91c2 to remote] DEBUG org.asynchttpclient.netty.request.NettyRequestSender - Using pooled Channel '[id: 0x83004678, L:/127.0.0.1:55566 - R:localhost/127.0.0.1:22024]' for 'POST' to 'http://localhost:22024/session/c565bd0a4d6a9fc6cc631d9c9adc91c2/execute/sync'
10:41:02.199 [Forwarding getPageSource on session c565bd0a4d6a9fc6cc631d9c9adc91c2 to remote] DEBUG org.asynchttpclient.netty.request.NettyRequestSender - Using open Channel [id: 0x83004678, L:/127.0.0.1:55566 - R:localhost/127.0.0.1:22024] for POST '/session/c565bd0a4d6a9fc6cc631d9c9adc91c2/execute/sync'
10:41:02.203 [AsyncHttpClient-1-6] DEBUG org.asynchttpclient.netty.handler.HttpHandler - 

Request DefaultHttpRequest(decodeResult: success, version: HTTP/1.1)
POST /session/c565bd0a4d6a9fc6cc631d9c9adc91c2/execute/sync HTTP/1.1
User-Agent: selenium/4.8.1 (java windows)
Content-Length: 176
Content-Type: application/json; charset=utf-8
host: localhost:22024
accept: */*

Response DefaultHttpResponse(decodeResult: success, version: HTTP/1.1)
HTTP/1.1 200 OK
Content-Length: 27998
Content-Type: application/json; charset=utf-8
cache-control: no-cache

10:41:02.203 [AsyncHttpClient-1-6] DEBUG org.asynchttpclient.netty.channel.ChannelManager - Adding key: http://localhost:22024 for channel [id: 0x83004678, L:/127.0.0.1:55566 - R:localhost/127.0.0.1:22024]
10:41:02.205 [Forwarding getCurrentUrl on session c565bd0a4d6a9fc6cc631d9c9adc91c2 to remote] DEBUG org.asynchttpclient.netty.request.NettyRequestSender - Using pooled Channel '[id: 0x83004678, L:/127.0.0.1:55566 - R:localhost/127.0.0.1:22024]' for 'GET' to 'http://localhost:22024/session/c565bd0a4d6a9fc6cc631d9c9adc91c2/url'
10:41:02.205 [Forwarding getCurrentUrl on session c565bd0a4d6a9fc6cc631d9c9adc91c2 to remote] DEBUG org.asynchttpclient.netty.request.NettyRequestSender - Using open Channel [id: 0x83004678, L:/127.0.0.1:55566 - R:localhost/127.0.0.1:22024] for GET '/session/c565bd0a4d6a9fc6cc631d9c9adc91c2/url'
10:41:02.207 [AsyncHttpClient-1-6] DEBUG org.asynchttpclient.netty.handler.HttpHandler - 

Request DefaultFullHttpRequest(decodeResult: success, version: HTTP/1.1, content: EmptyByteBufBE)
GET /session/c565bd0a4d6a9fc6cc631d9c9adc91c2/url HTTP/1.1
User-Agent: selenium/4.8.1 (java windows)
Cache-Control: no-cache
Content-Type: application/json; charset=utf-8
host: localhost:22024
accept: */*

Response DefaultHttpResponse(decodeResult: success, version: HTTP/1.1)
HTTP/1.1 200 OK
Content-Length: 41
Content-Type: application/json; charset=utf-8
cache-control: no-cache

10:41:02.207 [AsyncHttpClient-1-6] DEBUG org.asynchttpclient.netty.channel.ChannelManager - Adding key: http://localhost:22024 for channel [id: 0x83004678, L:/127.0.0.1:55566 - R:localhost/127.0.0.1:22024]
10:41:02.213 [Forwarding getPageSource on session c565bd0a4d6a9fc6cc631d9c9adc91c2 to remote] DEBUG org.asynchttpclient.netty.request.NettyRequestSender - Using pooled Channel '[id: 0x83004678, L:/127.0.0.1:55566 - R:localhost/127.0.0.1:22024]' for 'POST' to 'http://localhost:22024/session/c565bd0a4d6a9fc6cc631d9c9adc91c2/execute/sync'
10:41:02.213 [Forwarding getPageSource on session c565bd0a4d6a9fc6cc631d9c9adc91c2 to remote] DEBUG org.asynchttpclient.netty.request.NettyRequestSender - Using open Channel [id: 0x83004678, L:/127.0.0.1:55566 - R:localhost/127.0.0.1:22024] for POST '/session/c565bd0a4d6a9fc6cc631d9c9adc91c2/execute/sync'
10:41:02.217 [AsyncHttpClient-1-6] DEBUG org.asynchttpclient.netty.handler.HttpHandler - 

Request DefaultHttpRequest(decodeResult: success, version: HTTP/1.1)
POST /session/c565bd0a4d6a9fc6cc631d9c9adc91c2/execute/sync HTTP/1.1
User-Agent: selenium/4.8.1 (java windows)
Content-Length: 176
Content-Type: application/json; charset=utf-8
host: localhost:22024
accept: */*

Response DefaultHttpResponse(decodeResult: success, version: HTTP/1.1)
HTTP/1.1 200 OK
Content-Length: 27998
Content-Type: application/json; charset=utf-8
cache-control: no-cache

10:41:02.217 [AsyncHttpClient-1-6] DEBUG org.asynchttpclient.netty.channel.ChannelManager - Adding key: http://localhost:22024 for channel [id: 0x83004678, L:/127.0.0.1:55566 - R:localhost/127.0.0.1:22024]
10:41:02.219 [Forwarding getCurrentUrl on session c565bd0a4d6a9fc6cc631d9c9adc91c2 to remote] DEBUG org.asynchttpclient.netty.request.NettyRequestSender - Using pooled Channel '[id: 0x83004678, L:/127.0.0.1:55566 - R:localhost/127.0.0.1:22024]' for 'GET' to 'http://localhost:22024/session/c565bd0a4d6a9fc6cc631d9c9adc91c2/url'
10:41:02.219 [Forwarding getCurrentUrl on session c565bd0a4d6a9fc6cc631d9c9adc91c2 to remote] DEBUG org.asynchttpclient.netty.request.NettyRequestSender - Using open Channel [id: 0x83004678, L:/127.0.0.1:55566 - R:localhost/127.0.0.1:22024] for GET '/session/c565bd0a4d6a9fc6cc631d9c9adc91c2/url'
10:41:02.221 [AsyncHttpClient-1-6] DEBUG org.asynchttpclient.netty.handler.HttpHandler - 

Request DefaultFullHttpRequest(decodeResult: success, version: HTTP/1.1, content: EmptyByteBufBE)
GET /session/c565bd0a4d6a9fc6cc631d9c9adc91c2/url HTTP/1.1
User-Agent: selenium/4.8.1 (java windows)
Cache-Control: no-cache
Content-Type: application/json; charset=utf-8
host: localhost:22024
accept: */*

Response DefaultHttpResponse(decodeResult: success, version: HTTP/1.1)
HTTP/1.1 200 OK
Content-Length: 41
Content-Type: application/json; charset=utf-8
cache-control: no-cache

10:41:02.221 [AsyncHttpClient-1-6] DEBUG org.asynchttpclient.netty.channel.ChannelManager - Adding key: http://localhost:22024 for channel [id: 0x83004678, L:/127.0.0.1:55566 - R:localhost/127.0.0.1:22024]
10:41:02.222 [main] DEBUG net.thucydides.core.steps.StepInterceptor - STARTING STEP: CategorySteps.clickClearCategory - clickClearCategory
10:41:02.224 [Forwarding findElement on session c565bd0a4d6a9fc6cc631d9c9adc91c2 to remote] DEBUG org.asynchttpclient.netty.request.NettyRequestSender - Using pooled Channel '[id: 0x83004678, L:/127.0.0.1:55566 - R:localhost/127.0.0.1:22024]' for 'POST' to 'http://localhost:22024/session/c565bd0a4d6a9fc6cc631d9c9adc91c2/element'
10:41:02.224 [Forwarding findElement on session c565bd0a4d6a9fc6cc631d9c9adc91c2 to remote] DEBUG org.asynchttpclient.netty.request.NettyRequestSender - Using open Channel [id: 0x83004678, L:/127.0.0.1:55566 - R:localhost/127.0.0.1:22024] for POST '/session/c565bd0a4d6a9fc6cc631d9c9adc91c2/element'
10:41:02.233 [AsyncHttpClient-1-6] DEBUG org.asynchttpclient.netty.handler.HttpHandler - 

Request DefaultHttpRequest(decodeResult: success, version: HTTP/1.1)
POST /session/c565bd0a4d6a9fc6cc631d9c9adc91c2/element HTTP/1.1
User-Agent: selenium/4.8.1 (java windows)
Content-Length: 63
Content-Type: application/json; charset=utf-8
host: localhost:22024
accept: */*

Response DefaultHttpResponse(decodeResult: success, version: HTTP/1.1)
HTTP/1.1 200 OK
Content-Length: 88
Content-Type: application/json; charset=utf-8
cache-control: no-cache

10:41:02.233 [AsyncHttpClient-1-6] DEBUG org.asynchttpclient.netty.channel.ChannelManager - Adding key: http://localhost:22024 for channel [id: 0x83004678, L:/127.0.0.1:55566 - R:localhost/127.0.0.1:22024]
10:41:02.234 [Forwarding getElementTagName on session c565bd0a4d6a9fc6cc631d9c9adc91c2 to remote] DEBUG org.asynchttpclient.netty.request.NettyRequestSender - Using pooled Channel '[id: 0x83004678, L:/127.0.0.1:55566 - R:localhost/127.0.0.1:22024]' for 'GET' to 'http://localhost:22024/session/c565bd0a4d6a9fc6cc631d9c9adc91c2/element/d84ade17-e1a5-4ec9-9af7-f6f4815f904b/name'
10:41:02.234 [Forwarding getElementTagName on session c565bd0a4d6a9fc6cc631d9c9adc91c2 to remote] DEBUG org.asynchttpclient.netty.request.NettyRequestSender - Using open Channel [id: 0x83004678, L:/127.0.0.1:55566 - R:localhost/127.0.0.1:22024] for GET '/session/c565bd0a4d6a9fc6cc631d9c9adc91c2/element/d84ade17-e1a5-4ec9-9af7-f6f4815f904b/name'
10:41:02.239 [AsyncHttpClient-1-6] DEBUG org.asynchttpclient.netty.handler.HttpHandler - 

Request DefaultFullHttpRequest(decodeResult: success, version: HTTP/1.1, content: EmptyByteBufBE)
GET /session/c565bd0a4d6a9fc6cc631d9c9adc91c2/element/d84ade17-e1a5-4ec9-9af7-f6f4815f904b/name HTTP/1.1
User-Agent: selenium/4.8.1 (java windows)
Cache-Control: no-cache
Content-Type: application/json; charset=utf-8
host: localhost:22024
accept: */*

Response DefaultHttpResponse(decodeResult: success, version: HTTP/1.1)
HTTP/1.1 200 OK
Content-Length: 18
Content-Type: application/json; charset=utf-8
cache-control: no-cache

10:41:02.239 [AsyncHttpClient-1-6] DEBUG org.asynchttpclient.netty.channel.ChannelManager - Adding key: http://localhost:22024 for channel [id: 0x83004678, L:/127.0.0.1:55566 - R:localhost/127.0.0.1:22024]
10:41:02.240 [Forwarding getElementTagName on session c565bd0a4d6a9fc6cc631d9c9adc91c2 to remote] DEBUG org.asynchttpclient.netty.request.NettyRequestSender - Using pooled Channel '[id: 0x83004678, L:/127.0.0.1:55566 - R:localhost/127.0.0.1:22024]' for 'GET' to 'http://localhost:22024/session/c565bd0a4d6a9fc6cc631d9c9adc91c2/element/d84ade17-e1a5-4ec9-9af7-f6f4815f904b/name'
10:41:02.240 [Forwarding getElementTagName on session c565bd0a4d6a9fc6cc631d9c9adc91c2 to remote] DEBUG org.asynchttpclient.netty.request.NettyRequestSender - Using open Channel [id: 0x83004678, L:/127.0.0.1:55566 - R:localhost/127.0.0.1:22024] for GET '/session/c565bd0a4d6a9fc6cc631d9c9adc91c2/element/d84ade17-e1a5-4ec9-9af7-f6f4815f904b/name'
10:41:02.243 [AsyncHttpClient-1-6] DEBUG org.asynchttpclient.netty.handler.HttpHandler - 

Request DefaultFullHttpRequest(decodeResult: success, version: HTTP/1.1, content: EmptyByteBufBE)
GET /session/c565bd0a4d6a9fc6cc631d9c9adc91c2/element/d84ade17-e1a5-4ec9-9af7-f6f4815f904b/name HTTP/1.1
User-Agent: selenium/4.8.1 (java windows)
Cache-Control: no-cache
Content-Type: application/json; charset=utf-8
host: localhost:22024
accept: */*

Response DefaultHttpResponse(decodeResult: success, version: HTTP/1.1)
HTTP/1.1 200 OK
Content-Length: 18
Content-Type: application/json; charset=utf-8
cache-control: no-cache

10:41:02.243 [AsyncHttpClient-1-6] DEBUG org.asynchttpclient.netty.channel.ChannelManager - Adding key: http://localhost:22024 for channel [id: 0x83004678, L:/127.0.0.1:55566 - R:localhost/127.0.0.1:22024]
10:41:02.245 [Forwarding isElementEnabled on session c565bd0a4d6a9fc6cc631d9c9adc91c2 to remote] DEBUG org.asynchttpclient.netty.request.NettyRequestSender - Using pooled Channel '[id: 0x83004678, L:/127.0.0.1:55566 - R:localhost/127.0.0.1:22024]' for 'GET' to 'http://localhost:22024/session/c565bd0a4d6a9fc6cc631d9c9adc91c2/element/d84ade17-e1a5-4ec9-9af7-f6f4815f904b/enabled'
10:41:02.245 [Forwarding isElementEnabled on session c565bd0a4d6a9fc6cc631d9c9adc91c2 to remote] DEBUG org.asynchttpclient.netty.request.NettyRequestSender - Using open Channel [id: 0x83004678, L:/127.0.0.1:55566 - R:localhost/127.0.0.1:22024] for GET '/session/c565bd0a4d6a9fc6cc631d9c9adc91c2/element/d84ade17-e1a5-4ec9-9af7-f6f4815f904b/enabled'
10:41:02.251 [AsyncHttpClient-1-6] DEBUG org.asynchttpclient.netty.handler.HttpHandler - 

Request DefaultFullHttpRequest(decodeResult: success, version: HTTP/1.1, content: EmptyByteBufBE)
GET /session/c565bd0a4d6a9fc6cc631d9c9adc91c2/element/d84ade17-e1a5-4ec9-9af7-f6f4815f904b/enabled HTTP/1.1
User-Agent: selenium/4.8.1 (java windows)
Cache-Control: no-cache
Content-Type: application/json; charset=utf-8
host: localhost:22024
accept: */*

Response DefaultHttpResponse(decodeResult: success, version: HTTP/1.1)
HTTP/1.1 200 OK
Content-Length: 14
Content-Type: application/json; charset=utf-8
cache-control: no-cache

10:41:02.252 [AsyncHttpClient-1-6] DEBUG org.asynchttpclient.netty.channel.ChannelManager - Adding key: http://localhost:22024 for channel [id: 0x83004678, L:/127.0.0.1:55566 - R:localhost/127.0.0.1:22024]
10:41:02.252 [Forwarding isElementEnabled on session c565bd0a4d6a9fc6cc631d9c9adc91c2 to remote] DEBUG org.asynchttpclient.netty.request.NettyRequestSender - Using pooled Channel '[id: 0x83004678, L:/127.0.0.1:55566 - R:localhost/127.0.0.1:22024]' for 'GET' to 'http://localhost:22024/session/c565bd0a4d6a9fc6cc631d9c9adc91c2/element/d84ade17-e1a5-4ec9-9af7-f6f4815f904b/enabled'
10:41:02.253 [Forwarding isElementEnabled on session c565bd0a4d6a9fc6cc631d9c9adc91c2 to remote] DEBUG org.asynchttpclient.netty.request.NettyRequestSender - Using open Channel [id: 0x83004678, L:/127.0.0.1:55566 - R:localhost/127.0.0.1:22024] for GET '/session/c565bd0a4d6a9fc6cc631d9c9adc91c2/element/d84ade17-e1a5-4ec9-9af7-f6f4815f904b/enabled'
10:41:02.258 [AsyncHttpClient-1-6] DEBUG org.asynchttpclient.netty.handler.HttpHandler - 

Request DefaultFullHttpRequest(decodeResult: success, version: HTTP/1.1, content: EmptyByteBufBE)
GET /session/c565bd0a4d6a9fc6cc631d9c9adc91c2/element/d84ade17-e1a5-4ec9-9af7-f6f4815f904b/enabled HTTP/1.1
User-Agent: selenium/4.8.1 (java windows)
Cache-Control: no-cache
Content-Type: application/json; charset=utf-8
host: localhost:22024
accept: */*

Response DefaultHttpResponse(decodeResult: success, version: HTTP/1.1)
HTTP/1.1 200 OK
Content-Length: 14
Content-Type: application/json; charset=utf-8
cache-control: no-cache

10:41:02.259 [AsyncHttpClient-1-6] DEBUG org.asynchttpclient.netty.channel.ChannelManager - Adding key: http://localhost:22024 for channel [id: 0x83004678, L:/127.0.0.1:55566 - R:localhost/127.0.0.1:22024]
10:41:02.260 [Forwarding findElement on session c565bd0a4d6a9fc6cc631d9c9adc91c2 to remote] DEBUG org.asynchttpclient.netty.request.NettyRequestSender - Using pooled Channel '[id: 0x83004678, L:/127.0.0.1:55566 - R:localhost/127.0.0.1:22024]' for 'POST' to 'http://localhost:22024/session/c565bd0a4d6a9fc6cc631d9c9adc91c2/element'
10:41:02.260 [Forwarding findElement on session c565bd0a4d6a9fc6cc631d9c9adc91c2 to remote] DEBUG org.asynchttpclient.netty.request.NettyRequestSender - Using open Channel [id: 0x83004678, L:/127.0.0.1:55566 - R:localhost/127.0.0.1:22024] for POST '/session/c565bd0a4d6a9fc6cc631d9c9adc91c2/element'
10:41:02.267 [AsyncHttpClient-1-6] DEBUG org.asynchttpclient.netty.handler.HttpHandler - 

Request DefaultHttpRequest(decodeResult: success, version: HTTP/1.1)
POST /session/c565bd0a4d6a9fc6cc631d9c9adc91c2/element HTTP/1.1
User-Agent: selenium/4.8.1 (java windows)
Content-Length: 63
Content-Type: application/json; charset=utf-8
host: localhost:22024
accept: */*

Response DefaultHttpResponse(decodeResult: success, version: HTTP/1.1)
HTTP/1.1 200 OK
Content-Length: 88
Content-Type: application/json; charset=utf-8
cache-control: no-cache

10:41:02.267 [AsyncHttpClient-1-6] DEBUG org.asynchttpclient.netty.channel.ChannelManager - Adding key: http://localhost:22024 for channel [id: 0x83004678, L:/127.0.0.1:55566 - R:localhost/127.0.0.1:22024]
10:41:02.268 [Forwarding clickElement on session c565bd0a4d6a9fc6cc631d9c9adc91c2 to remote] DEBUG org.asynchttpclient.netty.request.NettyRequestSender - Using pooled Channel '[id: 0x83004678, L:/127.0.0.1:55566 - R:localhost/127.0.0.1:22024]' for 'POST' to 'http://localhost:22024/session/c565bd0a4d6a9fc6cc631d9c9adc91c2/element/d84ade17-e1a5-4ec9-9af7-f6f4815f904b/click'
10:41:02.268 [Forwarding clickElement on session c565bd0a4d6a9fc6cc631d9c9adc91c2 to remote] DEBUG org.asynchttpclient.netty.request.NettyRequestSender - Using open Channel [id: 0x83004678, L:/127.0.0.1:55566 - R:localhost/127.0.0.1:22024] for POST '/session/c565bd0a4d6a9fc6cc631d9c9adc91c2/element/d84ade17-e1a5-4ec9-9af7-f6f4815f904b/click'
10:41:02.701 [AsyncHttpClient-1-1] DEBUG org.asynchttpclient.netty.channel.DefaultChannelPool - Entry count for : http://localhost:55567 : 1
10:41:03.360 [AsyncHttpClient-1-6] DEBUG org.asynchttpclient.netty.handler.HttpHandler - 

Request DefaultHttpRequest(decodeResult: success, version: HTTP/1.1)
POST /session/c565bd0a4d6a9fc6cc631d9c9adc91c2/element/d84ade17-e1a5-4ec9-9af7-f6f4815f904b/click HTTP/1.1
User-Agent: selenium/4.8.1 (java windows)
Content-Length: 50
Content-Type: application/json; charset=utf-8
host: localhost:22024
accept: */*

Response DefaultHttpResponse(decodeResult: success, version: HTTP/1.1)
HTTP/1.1 400 Bad Request
Content-Length: 1361
Content-Type: application/json; charset=utf-8
cache-control: no-cache

10:41:03.360 [AsyncHttpClient-1-6] DEBUG org.asynchttpclient.netty.channel.ChannelManager - Adding key: http://localhost:22024 for channel [id: 0x83004678, L:/127.0.0.1:55566 - R:localhost/127.0.0.1:22024]
10:41:03.624 [Forwarding clickElement on session c565bd0a4d6a9fc6cc631d9c9adc91c2 to remote] DEBUG org.asynchttpclient.netty.request.NettyRequestSender - Using pooled Channel '[id: 0x83004678, L:/127.0.0.1:55566 - R:localhost/127.0.0.1:22024]' for 'POST' to 'http://localhost:22024/session/c565bd0a4d6a9fc6cc631d9c9adc91c2/element/d84ade17-e1a5-4ec9-9af7-f6f4815f904b/click'
10:41:03.624 [Forwarding clickElement on session c565bd0a4d6a9fc6cc631d9c9adc91c2 to remote] DEBUG org.asynchttpclient.netty.request.NettyRequestSender - Using open Channel [id: 0x83004678, L:/127.0.0.1:55566 - R:localhost/127.0.0.1:22024] for POST '/session/c565bd0a4d6a9fc6cc631d9c9adc91c2/element/d84ade17-e1a5-4ec9-9af7-f6f4815f904b/click'
10:41:03.661 [AsyncHttpClient-1-6] DEBUG org.asynchttpclient.netty.handler.HttpHandler - 

Request DefaultHttpRequest(decodeResult: success, version: HTTP/1.1)
POST /session/c565bd0a4d6a9fc6cc631d9c9adc91c2/element/d84ade17-e1a5-4ec9-9af7-f6f4815f904b/click HTTP/1.1
User-Agent: selenium/4.8.1 (java windows)
Content-Length: 50
Content-Type: application/json; charset=utf-8
host: localhost:22024
accept: */*

Response DefaultHttpResponse(decodeResult: success, version: HTTP/1.1)
HTTP/1.1 200 OK
Content-Length: 14
Content-Type: application/json; charset=utf-8
cache-control: no-cache

10:41:03.661 [AsyncHttpClient-1-6] DEBUG org.asynchttpclient.netty.channel.ChannelManager - Adding key: http://localhost:22024 for channel [id: 0x83004678, L:/127.0.0.1:55566 - R:localhost/127.0.0.1:22024]
10:41:03.665 [Forwarding getAlertText on session c565bd0a4d6a9fc6cc631d9c9adc91c2 to remote] DEBUG org.asynchttpclient.netty.request.NettyRequestSender - Using pooled Channel '[id: 0x83004678, L:/127.0.0.1:55566 - R:localhost/127.0.0.1:22024]' for 'GET' to 'http://localhost:22024/session/c565bd0a4d6a9fc6cc631d9c9adc91c2/alert/text'
10:41:03.665 [Forwarding getAlertText on session c565bd0a4d6a9fc6cc631d9c9adc91c2 to remote] DEBUG org.asynchttpclient.netty.request.NettyRequestSender - Using open Channel [id: 0x83004678, L:/127.0.0.1:55566 - R:localhost/127.0.0.1:22024] for GET '/session/c565bd0a4d6a9fc6cc631d9c9adc91c2/alert/text'
10:41:03.668 [AsyncHttpClient-1-6] DEBUG org.asynchttpclient.netty.handler.HttpHandler - 

Request DefaultFullHttpRequest(decodeResult: success, version: HTTP/1.1, content: EmptyByteBufBE)
GET /session/c565bd0a4d6a9fc6cc631d9c9adc91c2/alert/text HTTP/1.1
User-Agent: selenium/4.8.1 (java windows)
Cache-Control: no-cache
Content-Type: application/json; charset=utf-8
host: localhost:22024
accept: */*

Response DefaultHttpResponse(decodeResult: success, version: HTTP/1.1)
HTTP/1.1 404 Not Found
Content-Length: 836
Content-Type: application/json; charset=utf-8
cache-control: no-cache

10:41:03.668 [AsyncHttpClient-1-6] DEBUG org.asynchttpclient.netty.channel.ChannelManager - Adding key: http://localhost:22024 for channel [id: 0x83004678, L:/127.0.0.1:55566 - R:localhost/127.0.0.1:22024]
10:41:03.668 [Forwarding getCurrentUrl on session c565bd0a4d6a9fc6cc631d9c9adc91c2 to remote] DEBUG org.asynchttpclient.netty.request.NettyRequestSender - Using pooled Channel '[id: 0x83004678, L:/127.0.0.1:55566 - R:localhost/127.0.0.1:22024]' for 'GET' to 'http://localhost:22024/session/c565bd0a4d6a9fc6cc631d9c9adc91c2/url'
10:41:03.668 [Forwarding getCurrentUrl on session c565bd0a4d6a9fc6cc631d9c9adc91c2 to remote] DEBUG org.asynchttpclient.netty.request.NettyRequestSender - Using open Channel [id: 0x83004678, L:/127.0.0.1:55566 - R:localhost/127.0.0.1:22024] for GET '/session/c565bd0a4d6a9fc6cc631d9c9adc91c2/url'
10:41:03.671 [AsyncHttpClient-1-6] DEBUG org.asynchttpclient.netty.handler.HttpHandler - 

Request DefaultFullHttpRequest(decodeResult: success, version: HTTP/1.1, content: EmptyByteBufBE)
GET /session/c565bd0a4d6a9fc6cc631d9c9adc91c2/url HTTP/1.1
User-Agent: selenium/4.8.1 (java windows)
Cache-Control: no-cache
Content-Type: application/json; charset=utf-8
host: localhost:22024
accept: */*

Response DefaultHttpResponse(decodeResult: success, version: HTTP/1.1)
HTTP/1.1 200 OK
Content-Length: 41
Content-Type: application/json; charset=utf-8
cache-control: no-cache

10:41:03.671 [AsyncHttpClient-1-6] DEBUG org.asynchttpclient.netty.channel.ChannelManager - Adding key: http://localhost:22024 for channel [id: 0x83004678, L:/127.0.0.1:55566 - R:localhost/127.0.0.1:22024]
10:41:03.672 [Forwarding screenshot on session c565bd0a4d6a9fc6cc631d9c9adc91c2 to remote] DEBUG org.asynchttpclient.netty.request.NettyRequestSender - Using pooled Channel '[id: 0x83004678, L:/127.0.0.1:55566 - R:localhost/127.0.0.1:22024]' for 'GET' to 'http://localhost:22024/session/c565bd0a4d6a9fc6cc631d9c9adc91c2/screenshot'
10:41:03.672 [Forwarding screenshot on session c565bd0a4d6a9fc6cc631d9c9adc91c2 to remote] DEBUG org.asynchttpclient.netty.request.NettyRequestSender - Using open Channel [id: 0x83004678, L:/127.0.0.1:55566 - R:localhost/127.0.0.1:22024] for GET '/session/c565bd0a4d6a9fc6cc631d9c9adc91c2/screenshot'
10:41:03.747 [AsyncHttpClient-1-6] DEBUG org.asynchttpclient.netty.handler.HttpHandler - 

Request DefaultFullHttpRequest(decodeResult: success, version: HTTP/1.1, content: EmptyByteBufBE)
GET /session/c565bd0a4d6a9fc6cc631d9c9adc91c2/screenshot HTTP/1.1
User-Agent: selenium/4.8.1 (java windows)
Cache-Control: no-cache
Content-Type: application/json; charset=utf-8
host: localhost:22024
accept: */*

Response DefaultHttpResponse(decodeResult: success, version: HTTP/1.1)
HTTP/1.1 200 OK
Content-Length: 24076
Content-Type: application/json; charset=utf-8
cache-control: no-cache

10:41:03.747 [AsyncHttpClient-1-6] DEBUG org.asynchttpclient.netty.channel.ChannelManager - Adding key: http://localhost:22024 for channel [id: 0x83004678, L:/127.0.0.1:55566 - R:localhost/127.0.0.1:22024]
10:41:03.748 [main] DEBUG net.serenitybdd.core.photography.Darkroom - Send negative for processing for target\site\serenity\6b6097dd421aba68485c54a3c6914e846b633794fc9fcfb94e427a760543e3a8.png
10:41:03.748 [main] DEBUG net.thucydides.core.steps.StepInterceptor - STEP DONE: clickClearCategory
10:41:03.748 [Darkroom Processing Line] DEBUG net.serenitybdd.core.photography.DarkroomProcessingLine - Processing screenshot image in /var/screenshots/screenshot-10959404042602020603
10:41:03.748 [Darkroom Processing Line] DEBUG net.serenitybdd.core.photography.DarkroomProcessingLine - Saving screenshot to target\site\serenity\6b6097dd421aba68485c54a3c6914e846b633794fc9fcfb94e427a760543e3a8.png
  &amp#27;[32mAnd &amp#27;[0m&amp#27;[32mI click clear category&amp#27;[0m                                 &amp#27;[90m# starter.stepdefinitions.CategorySteps.clickClearCategory()&amp#27;[0m
10:41:03.754 [Forwarding getPageSource on session c565bd0a4d6a9fc6cc631d9c9adc91c2 to remote] DEBUG org.asynchttpclient.netty.request.NettyRequestSender - Using pooled Channel '[id: 0x83004678, L:/127.0.0.1:55566 - R:localhost/127.0.0.1:22024]' for 'POST' to 'http://localhost:22024/session/c565bd0a4d6a9fc6cc631d9c9adc91c2/execute/sync'
10:41:03.754 [Forwarding getPageSource on session c565bd0a4d6a9fc6cc631d9c9adc91c2 to remote] DEBUG org.asynchttpclient.netty.request.NettyRequestSender - Using open Channel [id: 0x83004678, L:/127.0.0.1:55566 - R:localhost/127.0.0.1:22024] for POST '/session/c565bd0a4d6a9fc6cc631d9c9adc91c2/execute/sync'
10:41:03.759 [AsyncHttpClient-1-6] DEBUG org.asynchttpclient.netty.handler.HttpHandler - 

Request DefaultHttpRequest(decodeResult: success, version: HTTP/1.1)
POST /session/c565bd0a4d6a9fc6cc631d9c9adc91c2/execute/sync HTTP/1.1
User-Agent: selenium/4.8.1 (java windows)
Content-Length: 176
Content-Type: application/json; charset=utf-8
host: localhost:22024
accept: */*

Response DefaultHttpResponse(decodeResult: success, version: HTTP/1.1)
HTTP/1.1 200 OK
Content-Length: 34208
Content-Type: application/json; charset=utf-8
cache-control: no-cache

10:41:03.759 [AsyncHttpClient-1-6] DEBUG org.asynchttpclient.netty.channel.ChannelManager - Adding key: http://localhost:22024 for channel [id: 0x83004678, L:/127.0.0.1:55566 - R:localhost/127.0.0.1:22024]
10:41:03.761 [Forwarding getCurrentUrl on session c565bd0a4d6a9fc6cc631d9c9adc91c2 to remote] DEBUG org.asynchttpclient.netty.request.NettyRequestSender - Using pooled Channel '[id: 0x83004678, L:/127.0.0.1:55566 - R:localhost/127.0.0.1:22024]' for 'GET' to 'http://localhost:22024/session/c565bd0a4d6a9fc6cc631d9c9adc91c2/url'
10:41:03.761 [Forwarding getCurrentUrl on session c565bd0a4d6a9fc6cc631d9c9adc91c2 to remote] DEBUG org.asynchttpclient.netty.request.NettyRequestSender - Using open Channel [id: 0x83004678, L:/127.0.0.1:55566 - R:localhost/127.0.0.1:22024] for GET '/session/c565bd0a4d6a9fc6cc631d9c9adc91c2/url'
10:41:03.765 [AsyncHttpClient-1-6] DEBUG org.asynchttpclient.netty.handler.HttpHandler - 

Request DefaultFullHttpRequest(decodeResult: success, version: HTTP/1.1, content: EmptyByteBufBE)
GET /session/c565bd0a4d6a9fc6cc631d9c9adc91c2/url HTTP/1.1
User-Agent: selenium/4.8.1 (java windows)
Cache-Control: no-cache
Content-Type: application/json; charset=utf-8
host: localhost:22024
accept: */*

Response DefaultHttpResponse(decodeResult: success, version: HTTP/1.1)
HTTP/1.1 200 OK
Content-Length: 41
Content-Type: application/json; charset=utf-8
cache-control: no-cache

10:41:03.765 [AsyncHttpClient-1-6] DEBUG org.asynchttpclient.netty.channel.ChannelManager - Adding key: http://localhost:22024 for channel [id: 0x83004678, L:/127.0.0.1:55566 - R:localhost/127.0.0.1:22024]
10:41:03.777 [Forwarding getPageSource on session c565bd0a4d6a9fc6cc631d9c9adc91c2 to remote] DEBUG org.asynchttpclient.netty.request.NettyRequestSender - Using pooled Channel '[id: 0x83004678, L:/127.0.0.1:55566 - R:localhost/127.0.0.1:22024]' for 'POST' to 'http://localhost:22024/session/c565bd0a4d6a9fc6cc631d9c9adc91c2/execute/sync'
10:41:03.777 [Forwarding getPageSource on session c565bd0a4d6a9fc6cc631d9c9adc91c2 to remote] DEBUG org.asynchttpclient.netty.request.NettyRequestSender - Using open Channel [id: 0x83004678, L:/127.0.0.1:55566 - R:localhost/127.0.0.1:22024] for POST '/session/c565bd0a4d6a9fc6cc631d9c9adc91c2/execute/sync'
10:41:03.799 [AsyncHttpClient-1-1] DEBUG org.asynchttpclient.netty.channel.DefaultChannelPool - Entry count for : http://localhost:55567 : 1
10:41:04.172 [AsyncHttpClient-1-6] DEBUG org.asynchttpclient.netty.handler.HttpHandler - 

Request DefaultHttpRequest(decodeResult: success, version: HTTP/1.1)
POST /session/c565bd0a4d6a9fc6cc631d9c9adc91c2/execute/sync HTTP/1.1
User-Agent: selenium/4.8.1 (java windows)
Content-Length: 176
Content-Type: application/json; charset=utf-8
host: localhost:22024
accept: */*

Response DefaultHttpResponse(decodeResult: success, version: HTTP/1.1)
HTTP/1.1 200 OK
Content-Length: 298866
Content-Type: application/json; charset=utf-8
cache-control: no-cache

10:41:04.172 [AsyncHttpClient-1-6] DEBUG org.asynchttpclient.netty.channel.ChannelManager - Adding key: http://localhost:22024 for channel [id: 0x83004678, L:/127.0.0.1:55566 - R:localhost/127.0.0.1:22024]
10:41:04.187 [Forwarding getCurrentUrl on session c565bd0a4d6a9fc6cc631d9c9adc91c2 to remote] DEBUG org.asynchttpclient.netty.request.NettyRequestSender - Using pooled Channel '[id: 0x83004678, L:/127.0.0.1:55566 - R:localhost/127.0.0.1:22024]' for 'GET' to 'http://localhost:22024/session/c565bd0a4d6a9fc6cc631d9c9adc91c2/url'
10:41:04.187 [Forwarding getCurrentUrl on session c565bd0a4d6a9fc6cc631d9c9adc91c2 to remote] DEBUG org.asynchttpclient.netty.request.NettyRequestSender - Using open Channel [id: 0x83004678, L:/127.0.0.1:55566 - R:localhost/127.0.0.1:22024] for GET '/session/c565bd0a4d6a9fc6cc631d9c9adc91c2/url'
10:41:04.190 [AsyncHttpClient-1-6] DEBUG org.asynchttpclient.netty.handler.HttpHandler - 

Request DefaultFullHttpRequest(decodeResult: success, version: HTTP/1.1, content: EmptyByteBufBE)
GET /session/c565bd0a4d6a9fc6cc631d9c9adc91c2/url HTTP/1.1
User-Agent: selenium/4.8.1 (java windows)
Cache-Control: no-cache
Content-Type: application/json; charset=utf-8
host: localhost:22024
accept: */*

Response DefaultHttpResponse(decodeResult: success, version: HTTP/1.1)
HTTP/1.1 200 OK
Content-Length: 41
Content-Type: application/json; charset=utf-8
cache-control: no-cache

10:41:04.190 [AsyncHttpClient-1-6] DEBUG org.asynchttpclient.netty.channel.ChannelManager - Adding key: http://localhost:22024 for channel [id: 0x83004678, L:/127.0.0.1:55566 - R:localhost/127.0.0.1:22024]
10:41:04.192 [main] DEBUG net.thucydides.core.steps.StepInterceptor - STARTING STEP: LogoutSteps.validateAlreadyLogout - validateAlreadyLogout
10:41:04.193 [Forwarding findElement on session c565bd0a4d6a9fc6cc631d9c9adc91c2 to remote] DEBUG org.asynchttpclient.netty.request.NettyRequestSender - Using pooled Channel '[id: 0x83004678, L:/127.0.0.1:55566 - R:localhost/127.0.0.1:22024]' for 'POST' to 'http://localhost:22024/session/c565bd0a4d6a9fc6cc631d9c9adc91c2/element'
10:41:04.193 [Forwarding findElement on session c565bd0a4d6a9fc6cc631d9c9adc91c2 to remote] DEBUG org.asynchttpclient.netty.request.NettyRequestSender - Using open Channel [id: 0x83004678, L:/127.0.0.1:55566 - R:localhost/127.0.0.1:22024] for POST '/session/c565bd0a4d6a9fc6cc631d9c9adc91c2/element'
10:41:04.200 [AsyncHttpClient-1-6] DEBUG org.asynchttpclient.netty.handler.HttpHandler - 

Request DefaultHttpRequest(decodeResult: success, version: HTTP/1.1)
POST /session/c565bd0a4d6a9fc6cc631d9c9adc91c2/element HTTP/1.1
User-Agent: selenium/4.8.1 (java windows)
Content-Length: 59
Content-Type: application/json; charset=utf-8
host: localhost:22024
accept: */*

Response DefaultHttpResponse(decodeResult: success, version: HTTP/1.1)
HTTP/1.1 200 OK
Content-Length: 88
Content-Type: application/json; charset=utf-8
cache-control: no-cache

10:41:04.200 [AsyncHttpClient-1-6] DEBUG org.asynchttpclient.netty.channel.ChannelManager - Adding key: http://localhost:22024 for channel [id: 0x83004678, L:/127.0.0.1:55566 - R:localhost/127.0.0.1:22024]
10:41:04.202 [Forwarding isElementDisplayed on session c565bd0a4d6a9fc6cc631d9c9adc91c2 to remote] DEBUG org.asynchttpclient.netty.request.NettyRequestSender - Using pooled Channel '[id: 0x83004678, L:/127.0.0.1:55566 - R:localhost/127.0.0.1:22024]' for 'POST' to 'http://localhost:22024/session/c565bd0a4d6a9fc6cc631d9c9adc91c2/execute/sync'
10:41:04.202 [Forwarding isElementDisplayed on session c565bd0a4d6a9fc6cc631d9c9adc91c2 to remote] DEBUG org.asynchttpclient.netty.request.NettyRequestSender - Using open Channel [id: 0x83004678, L:/127.0.0.1:55566 - R:localhost/127.0.0.1:22024] for POST '/session/c565bd0a4d6a9fc6cc631d9c9adc91c2/execute/sync'
10:41:04.212 [AsyncHttpClient-1-6] DEBUG org.asynchttpclient.netty.handler.HttpHandler - 

Request DefaultHttpRequest(decodeResult: success, version: HTTP/1.1)
POST /session/c565bd0a4d6a9fc6cc631d9c9adc91c2/execute/sync HTTP/1.1
User-Agent: selenium/4.8.1 (java windows)
Content-Length: 48807
Content-Type: application/json; charset=utf-8
host: localhost:22024
accept: */*

Response DefaultHttpResponse(decodeResult: success, version: HTTP/1.1)
HTTP/1.1 200 OK
Content-Length: 14
Content-Type: application/json; charset=utf-8
cache-control: no-cache

10:41:04.212 [AsyncHttpClient-1-6] DEBUG org.asynchttpclient.netty.channel.ChannelManager - Adding key: http://localhost:22024 for channel [id: 0x83004678, L:/127.0.0.1:55566 - R:localhost/127.0.0.1:22024]
10:41:04.215 [Forwarding getAlertText on session c565bd0a4d6a9fc6cc631d9c9adc91c2 to remote] DEBUG org.asynchttpclient.netty.request.NettyRequestSender - Using pooled Channel '[id: 0x83004678, L:/127.0.0.1:55566 - R:localhost/127.0.0.1:22024]' for 'GET' to 'http://localhost:22024/session/c565bd0a4d6a9fc6cc631d9c9adc91c2/alert/text'
10:41:04.215 [Forwarding getAlertText on session c565bd0a4d6a9fc6cc631d9c9adc91c2 to remote] DEBUG org.asynchttpclient.netty.request.NettyRequestSender - Using open Channel [id: 0x83004678, L:/127.0.0.1:55566 - R:localhost/127.0.0.1:22024] for GET '/session/c565bd0a4d6a9fc6cc631d9c9adc91c2/alert/text'
10:41:04.216 [AsyncHttpClient-1-6] DEBUG org.asynchttpclient.netty.handler.HttpHandler - 

Request DefaultFullHttpRequest(decodeResult: success, version: HTTP/1.1, content: EmptyByteBufBE)
GET /session/c565bd0a4d6a9fc6cc631d9c9adc91c2/alert/text HTTP/1.1
User-Agent: selenium/4.8.1 (java windows)
Cache-Control: no-cache
Content-Type: application/json; charset=utf-8
host: localhost:22024
accept: */*

Response DefaultHttpResponse(decodeResult: success, version: HTTP/1.1)
HTTP/1.1 404 Not Found
Content-Length: 836
Content-Type: application/json; charset=utf-8
cache-control: no-cache

10:41:04.216 [AsyncHttpClient-1-6] DEBUG org.asynchttpclient.netty.channel.ChannelManager - Adding key: http://localhost:22024 for channel [id: 0x83004678, L:/127.0.0.1:55566 - R:localhost/127.0.0.1:22024]
10:41:04.217 [Forwarding getCurrentUrl on session c565bd0a4d6a9fc6cc631d9c9adc91c2 to remote] DEBUG org.asynchttpclient.netty.request.NettyRequestSender - Using pooled Channel '[id: 0x83004678, L:/127.0.0.1:55566 - R:localhost/127.0.0.1:22024]' for 'GET' to 'http://localhost:22024/session/c565bd0a4d6a9fc6cc631d9c9adc91c2/url'
10:41:04.217 [Forwarding getCurrentUrl on session c565bd0a4d6a9fc6cc631d9c9adc91c2 to remote] DEBUG org.asynchttpclient.netty.request.NettyRequestSender - Using open Channel [id: 0x83004678, L:/127.0.0.1:55566 - R:localhost/127.0.0.1:22024] for GET '/session/c565bd0a4d6a9fc6cc631d9c9adc91c2/url'
10:41:04.219 [AsyncHttpClient-1-6] DEBUG org.asynchttpclient.netty.handler.HttpHandler - 

Request DefaultFullHttpRequest(decodeResult: success, version: HTTP/1.1, content: EmptyByteBufBE)
GET /session/c565bd0a4d6a9fc6cc631d9c9adc91c2/url HTTP/1.1
User-Agent: selenium/4.8.1 (java windows)
Cache-Control: no-cache
Content-Type: application/json; charset=utf-8
host: localhost:22024
accept: */*

Response DefaultHttpResponse(decodeResult: success, version: HTTP/1.1)
HTTP/1.1 200 OK
Content-Length: 41
Content-Type: application/json; charset=utf-8
cache-control: no-cache

10:41:04.219 [AsyncHttpClient-1-6] DEBUG org.asynchttpclient.netty.channel.ChannelManager - Adding key: http://localhost:22024 for channel [id: 0x83004678, L:/127.0.0.1:55566 - R:localhost/127.0.0.1:22024]
10:41:04.220 [Forwarding screenshot on session c565bd0a4d6a9fc6cc631d9c9adc91c2 to remote] DEBUG org.asynchttpclient.netty.request.NettyRequestSender - Using pooled Channel '[id: 0x83004678, L:/127.0.0.1:55566 - R:localhost/127.0.0.1:22024]' for 'GET' to 'http://localhost:22024/session/c565bd0a4d6a9fc6cc631d9c9adc91c2/screenshot'
10:41:04.220 [Forwarding screenshot on session c565bd0a4d6a9fc6cc631d9c9adc91c2 to remote] DEBUG org.asynchttpclient.netty.request.NettyRequestSender - Using open Channel [id: 0x83004678, L:/127.0.0.1:55566 - R:localhost/127.0.0.1:22024] for GET '/session/c565bd0a4d6a9fc6cc631d9c9adc91c2/screenshot'
10:41:04.280 [AsyncHttpClient-1-6] DEBUG org.asynchttpclient.netty.handler.HttpHandler - 

Request DefaultFullHttpRequest(decodeResult: success, version: HTTP/1.1, content: EmptyByteBufBE)
GET /session/c565bd0a4d6a9fc6cc631d9c9adc91c2/screenshot HTTP/1.1
User-Agent: selenium/4.8.1 (java windows)
Cache-Control: no-cache
Content-Type: application/json; charset=utf-8
host: localhost:22024
accept: */*

Response DefaultHttpResponse(decodeResult: success, version: HTTP/1.1)
HTTP/1.1 200 OK
Content-Length: 76592
Content-Type: application/json; charset=utf-8
cache-control: no-cache

10:41:04.280 [AsyncHttpClient-1-6] DEBUG org.asynchttpclient.netty.channel.ChannelManager - Adding key: http://localhost:22024 for channel [id: 0x83004678, L:/127.0.0.1:55566 - R:localhost/127.0.0.1:22024]
10:41:04.282 [main] DEBUG net.serenitybdd.core.photography.Darkroom - Send negative for processing for target\site\serenity\3407a3da5c2c7b9eb78da01697b2217d42fe958f0af655922c0186f2a11a85ef.png
10:41:04.282 [main] DEBUG net.thucydides.core.steps.StepInterceptor - STEP DONE: validateAlreadyLogout
  &amp#27;[32mThen &amp#27;[0m&amp#27;[32mI should be redirected back to my alta-shop home page&amp#27;[0m &amp#27;[90m# starter.stepdefinitions.LogoutSteps.validateAlreadyLogout()&amp#27;[0m
10:41:04.282 [Darkroom Processing Line] DEBUG net.serenitybdd.core.photography.DarkroomProcessingLine - Processing screenshot image in /var/screenshots/screenshot-10927618745261625952
10:41:04.282 [Darkroom Processing Line] DEBUG net.serenitybdd.core.photography.DarkroomProcessingLine - Saving screenshot to target\site\serenity\3407a3da5c2c7b9eb78da01697b2217d42fe958f0af655922c0186f2a11a85ef.png
10:41:04.285 [main] INFO  - 
  _____   ___   ___   _____     ___     _     ___   ___   ___   ___  
 |_   _| | __| / __| |_   _|   | _ \   /_\   / __| / __| | __| |   \ 
   | |   | _|  \__ \   | |     |  _/  / _ \  \__ \ \__ \ | _|  | |) |
   |_|   |___| |___/   |_|     |_|   /_/ \_\ |___/ |___/ |___| |___/ 

Clear category
----------------------------------------------------------------------
10:41:04.286 [Driver Command Executor] DEBUG org.asynchttpclient.netty.request.NettyRequestSender - Using pooled Channel '[id: 0x83004678, L:/127.0.0.1:55566 - R:localhost/127.0.0.1:22024]' for 'DELETE' to 'http://localhost:22024/session/c565bd0a4d6a9fc6cc631d9c9adc91c2'
10:41:04.286 [AsyncHttpClient-1-8] DEBUG org.asynchttpclient.netty.handler.WebSocketHandler - Channel Closed: [id: 0xa026c7cc, L:/127.0.0.1:55574 ! R:localhost/127.0.0.1:55567] with attribute NettyResponseFuture{currentRetry=0,
	isDone=1,
	isCancelled=0,
	asyncHandler=org.asynchttpclient.ws.WebSocketUpgradeHandler@49dbe42d,
	nettyRequest=org.asynchttpclient.netty.request.NettyRequest@10818464,
	future=java.util.concurrent.CompletableFuture@315a1e5c[Completed normally],
	uri=ws://localhost:55567/devtools/browser/c9b444e5-4e88-4549-94d5-383ba8b0c053,
	keepAlive=true,
	redirectCount=0,
	timeoutsHolder=null,
	inAuth=0,
	touch=1683430859576}
10:41:04.286 [Driver Command Executor] DEBUG org.asynchttpclient.netty.request.NettyRequestSender - Using open Channel [id: 0x83004678, L:/127.0.0.1:55566 - R:localhost/127.0.0.1:22024] for DELETE '/session/c565bd0a4d6a9fc6cc631d9c9adc91c2'
10:41:04.286 [AsyncHttpClient-1-8] DEBUG org.asynchttpclient.netty.channel.ChannelManager - Closing Channel [id: 0xa026c7cc, L:/127.0.0.1:55574 ! R:localhost/127.0.0.1:55567] 
10:41:04.310 [AsyncHttpClient-1-7] DEBUG org.asynchttpclient.netty.handler.HttpHandler - Unexpected I/O exception on channel [id: 0x9df77828, L:/127.0.0.1:55573 - R:localhost/127.0.0.1:55567]
java.net.SocketException: Connection reset
	at java.base/sun.nio.ch.SocketChannelImpl.throwConnectionReset(SocketChannelImpl.java:367)
	at java.base/sun.nio.ch.SocketChannelImpl.read(SocketChannelImpl.java:398)
	at io.netty.buffer.PooledByteBuf.setBytes(PooledByteBuf.java:259)
	at io.netty.buffer.AbstractByteBuf.writeBytes(AbstractByteBuf.java:1132)
	at io.netty.channel.socket.nio.NioSocketChannel.doReadBytes(NioSocketChannel.java:357)
	at io.netty.channel.nio.AbstractNioByteChannel$NioByteUnsafe.read(AbstractNioByteChannel.java:151)
	at io.netty.channel.nio.NioEventLoop.processSelectedKey(NioEventLoop.java:788)
	at io.netty.channel.nio.NioEventLoop.processSelectedKeysOptimized(NioEventLoop.java:724)
	at io.netty.channel.nio.NioEventLoop.processSelectedKeys(NioEventLoop.java:650)
	at io.netty.channel.nio.NioEventLoop.run(NioEventLoop.java:562)
	at io.netty.util.concurrent.SingleThreadEventExecutor$4.run(SingleThreadEventExecutor.java:997)
	at io.netty.util.internal.ThreadExecutorMap$2.run(ThreadExecutorMap.java:74)
	at io.netty.util.concurrent.FastThreadLocalRunnable.run(FastThreadLocalRunnable.java:30)
	at java.base/java.lang.Thread.run(Thread.java:832)
10:41:04.311 [AsyncHttpClient-1-7] DEBUG org.asynchttpclient.netty.channel.ChannelManager - Closing Channel [id: 0x9df77828, L:/127.0.0.1:55573 - R:localhost/127.0.0.1:55567] 
10:41:04.311 [AsyncHttpClient-1-7] DEBUG org.asynchttpclient.netty.handler.HttpHandler - Channel Closed: [id: 0x9df77828, L:/127.0.0.1:55573 ! R:localhost/127.0.0.1:55567] with attribute DISCARD
10:41:04.321 [AsyncHttpClient-1-6] DEBUG org.asynchttpclient.netty.handler.HttpHandler - 

Request DefaultFullHttpRequest(decodeResult: success, version: HTTP/1.1, content: EmptyByteBufBE)
DELETE /session/c565bd0a4d6a9fc6cc631d9c9adc91c2 HTTP/1.1
User-Agent: selenium/4.8.1 (java windows)
Content-Type: application/json; charset=utf-8
host: localhost:22024
accept: */*

Response DefaultHttpResponse(decodeResult: success, version: HTTP/1.1)
HTTP/1.1 200 OK
Content-Length: 14
Content-Type: application/json; charset=utf-8
cache-control: no-cache

10:41:04.321 [AsyncHttpClient-1-6] DEBUG org.asynchttpclient.netty.channel.ChannelManager - Adding key: http://localhost:22024 for channel [id: 0x83004678, L:/127.0.0.1:55566 - R:localhost/127.0.0.1:22024]
10:41:04.434 [AsyncHttpClient-1-6] DEBUG org.asynchttpclient.netty.handler.HttpHandler - Channel Closed: [id: 0x83004678, L:/127.0.0.1:55566 ! R:localhost/127.0.0.1:22024] with attribute DISCARD
10:41:04.906 [AsyncHttpClient-1-1] DEBUG org.asynchttpclient.netty.channel.DefaultChannelPool - Entry count for : http://localhost:55567 : 1
10:41:04.906 [AsyncHttpClient-1-1] DEBUG org.asynchttpclient.netty.channel.DefaultChannelPool - Entry count for : http://localhost:22024 : 1
10:41:04.906 [AsyncHttpClient-1-1] DEBUG org.asynchttpclient.netty.channel.DefaultChannelPool - Adding Candidate expired Channel [id: 0x9df77828, L:/127.0.0.1:55573 ! R:localhost/127.0.0.1:55567] isIdleTimeoutExpired=false isRemotelyClosed=true isTtlExpired=false
10:41:04.906 [AsyncHttpClient-1-1] DEBUG org.asynchttpclient.netty.channel.DefaultChannelPool - Closing Idle Channel [id: 0x9df77828, L:/127.0.0.1:55573 ! R:localhost/127.0.0.1:55567]
10:41:04.906 [AsyncHttpClient-1-1] DEBUG org.asynchttpclient.netty.channel.DefaultChannelPool - Adding Candidate expired Channel [id: 0x83004678, L:/127.0.0.1:55566 ! R:localhost/127.0.0.1:22024] isIdleTimeoutExpired=false isRemotelyClosed=true isTtlExpired=false
10:41:04.906 [AsyncHttpClient-1-1] DEBUG org.asynchttpclient.netty.channel.DefaultChannelPool - Closing Idle Channel [id: 0x83004678, L:/127.0.0.1:55566 ! R:localhost/127.0.0.1:22024]
10:41:04.906 [AsyncHttpClient-1-1] DEBUG org.asynchttpclient.netty.channel.DefaultChannelPool - Closed 2 connections out of 2 in 0 ms
]]></system-out>
    <system-err><![CDATA[Starting ChromeDriver 111.0.5563.64 (c710e93d5b63b7095afe8c2c17df34408078439d-refs/branch-heads/5563@{#995}) on port 22024
Only local connections are allowed.
Please see https://chromedriver.chromium.org/security-considerations for suggestions on keeping ChromeDriver safe.
ChromeDriver was started successfully.
[1683430859.556][WARNING]: This version of ChromeDriver has not been tested with Chrome version 112.
May 07, 2023 10:40:59 AM org.openqa.selenium.devtools.CdpVersionFinder findNearestMatch
WARNING: Unable to find an exact match for CDP version 112, so returning the closest version found: 110
]]></system-err>
  </testcase>
  <testcase name="View Transaction" classname="Transaction" time="5.444">
    <system-out><![CDATA[10:41:04.956 [main] DEBUG io.cucumber.core.plugin.SerenityReporter - Running feature from file:///C:/Users/WINDOWS%2010/Documents/GitHub/MiniProject_QE/Web/code/minpro/src/test/resources/features/5.%20Transaction.feature
10:41:04.959 [main] DEBUG net.thucydides.core.steps.StepEventBus - Test suite started for story net.thucydides.core.model.Story@9c152c7e
10:41:04.959 [main] INFO  - Test Suite Started: Transaction

Scenario: View Transaction                                &amp#27;[90m# src/test/resources/features/5. Transaction.feature:7&amp#27;[0m
10:41:04.963 [main] DEBUG io.cucumber.core.plugin.SerenityReporter - Running feature from file:///C:/Users/WINDOWS%2010/Documents/GitHub/MiniProject_QE/Web/code/minpro/src/test/resources/features/5.%20Transaction.feature
10:41:04.966 [main] INFO  - 
  _____   ___   ___   _____     ___   _____     _     ___   _____   ___   ___  
 |_   _| | __| / __| |_   _|   / __| |_   _|   /_\   | _ \ |_   _| | __| |   \ 
   | |   | _|  \__ \   | |     \__ \   | |    / _ \  |   /   | |   | _|  | |) |
   |_|   |___| |___/   |_|     |___/   |_|   /_/ \_\ |_|_\   |_|   |___| |___/ 

View Transaction(transaction;view-transaction)
--------------------------------------------------------------------------------
10:41:05.007 [main] DEBUG net.thucydides.core.steps.StepInterceptor - STARTING STEP: ProductSteps.onTheHomePage - openPage
10:41:05.061 [main] INFO net.serenitybdd.core.webdriver.driverproviders.ChromeDriverProvider - Starting Chrome driver instance with capabilities:
10:41:05.061 [main] INFO net.serenitybdd.core.webdriver.driverproviders.ChromeDriverProvider - Capabilities {acceptInsecureCerts: false, browserName: chrome, goog:chromeOptions: {args: [remote-allow-origins=*], extensions: []}}
10:41:05.634 [AsyncHttpClient-1-9] DEBUG org.asynchttpclient.netty.channel.NettyConnectListener - Using new Channel '[id: 0xf6e1f4f7, L:/127.0.0.1:55606 - R:localhost/127.0.0.1:35609]' for 'POST' to '/session'
10:41:06.293 [AsyncHttpClient-1-9] DEBUG org.asynchttpclient.netty.handler.HttpHandler - 

Request DefaultHttpRequest(decodeResult: success, version: HTTP/1.1)
POST /session HTTP/1.1
User-Agent: selenium/4.8.1 (java windows)
Content-Length: 507
Content-Type: application/json; charset=utf-8
host: localhost:35609
accept: */*

Response DefaultHttpResponse(decodeResult: success, version: HTTP/1.1)
HTTP/1.1 200 OK
Content-Length: 863
Content-Type: application/json; charset=utf-8
cache-control: no-cache

10:41:06.293 [AsyncHttpClient-1-9] DEBUG org.asynchttpclient.netty.channel.ChannelManager - Adding key: http://localhost:35609 for channel [id: 0xf6e1f4f7, L:/127.0.0.1:55606 - R:localhost/127.0.0.1:35609]
10:41:06.297 [AsyncHttpClient-1-10] DEBUG org.asynchttpclient.netty.channel.NettyConnectListener - Using new Channel '[id: 0xef6ebd1b, L:/127.0.0.1:55614 - R:localhost/127.0.0.1:55608]' for 'GET' to '/json/version'
10:41:06.297 [AsyncHttpClient-1-10] DEBUG org.asynchttpclient.netty.handler.HttpHandler - 

Request DefaultFullHttpRequest(decodeResult: success, version: HTTP/1.1, content: EmptyByteBufBE)
GET /json/version HTTP/1.1
User-Agent: selenium/4.8.1 (java windows)
host: localhost:55608
accept: */*

Response DefaultHttpResponse(decodeResult: success, version: HTTP/1.1)
HTTP/1.1 200 OK
Content-Security-Policy: frame-ancestors 'none'
Content-Length: 424
Content-Type: application/json; charset=UTF-8

10:41:06.298 [AsyncHttpClient-1-10] DEBUG org.asynchttpclient.netty.channel.ChannelManager - Adding key: http://localhost:55608 for channel [id: 0xef6ebd1b, L:/127.0.0.1:55614 - R:localhost/127.0.0.1:55608]
10:41:06.299 [AsyncHttpClient-1-11] DEBUG org.asynchttpclient.netty.channel.NettyConnectListener - Using new Channel '[id: 0xe2f17014, L:/127.0.0.1:55615 - R:localhost/127.0.0.1:55608]' for 'GET' to '/devtools/browser/bc53c364-e627-47e8-b807-3506e3402db3'
10:41:06.299 [AsyncHttpClient-1-11] DEBUG org.asynchttpclient.netty.handler.WebSocketHandler - 

Request DefaultFullHttpRequest(decodeResult: success, version: HTTP/1.1, content: EmptyByteBufBE)
GET /devtools/browser/bc53c364-e627-47e8-b807-3506e3402db3 HTTP/1.1
upgrade: websocket
connection: upgrade
sec-websocket-key: eQlX/1eMcxYfJZPtsk8yMw==
sec-websocket-version: 13
origin: http://localhost:55608
host: localhost:55608
accept: */*
user-agent: AHC/2.1

Response DefaultHttpResponse(decodeResult: success, version: HTTP/1.1)
HTTP/1.1 101 WebSocket Protocol Handshake
Upgrade: WebSocket
Connection: Upgrade
Sec-WebSocket-Accept: hvSc2m0sgBTBC/sHNbqtRNcEL4M=

10:41:06.301 [Forwarding get on session 0c3393b34c560b824d2bdebd024b2e4f to remote] DEBUG org.asynchttpclient.netty.request.NettyRequestSender - Using pooled Channel '[id: 0xf6e1f4f7, L:/127.0.0.1:55606 - R:localhost/127.0.0.1:35609]' for 'POST' to 'http://localhost:35609/session/0c3393b34c560b824d2bdebd024b2e4f/url'
10:41:06.301 [Forwarding get on session 0c3393b34c560b824d2bdebd024b2e4f to remote] DEBUG org.asynchttpclient.netty.request.NettyRequestSender - Using open Channel [id: 0xf6e1f4f7, L:/127.0.0.1:55606 - R:localhost/127.0.0.1:35609] for POST '/session/0c3393b34c560b824d2bdebd024b2e4f/url'
10:41:07.103 [AsyncHttpClient-1-1] DEBUG org.asynchttpclient.netty.channel.DefaultChannelPool - Entry count for : http://localhost:55608 : 1
10:41:07.195 [AsyncHttpClient-1-9] DEBUG org.asynchttpclient.netty.handler.HttpHandler - 

Request DefaultHttpRequest(decodeResult: success, version: HTTP/1.1)
POST /session/0c3393b34c560b824d2bdebd024b2e4f/url HTTP/1.1
User-Agent: selenium/4.8.1 (java windows)
Content-Length: 74
Content-Type: application/json; charset=utf-8
host: localhost:35609
accept: */*

Response DefaultHttpResponse(decodeResult: success, version: HTTP/1.1)
HTTP/1.1 200 OK
Content-Length: 14
Content-Type: application/json; charset=utf-8
cache-control: no-cache

10:41:07.195 [AsyncHttpClient-1-9] DEBUG org.asynchttpclient.netty.channel.ChannelManager - Adding key: http://localhost:35609 for channel [id: 0xf6e1f4f7, L:/127.0.0.1:55606 - R:localhost/127.0.0.1:35609]
10:41:07.196 [Forwarding setTimeout on session 0c3393b34c560b824d2bdebd024b2e4f to remote] DEBUG org.asynchttpclient.netty.request.NettyRequestSender - Using pooled Channel '[id: 0xf6e1f4f7, L:/127.0.0.1:55606 - R:localhost/127.0.0.1:35609]' for 'POST' to 'http://localhost:35609/session/0c3393b34c560b824d2bdebd024b2e4f/timeouts'
10:41:07.196 [Forwarding setTimeout on session 0c3393b34c560b824d2bdebd024b2e4f to remote] DEBUG org.asynchttpclient.netty.request.NettyRequestSender - Using open Channel [id: 0xf6e1f4f7, L:/127.0.0.1:55606 - R:localhost/127.0.0.1:35609] for POST '/session/0c3393b34c560b824d2bdebd024b2e4f/timeouts'
10:41:07.197 [AsyncHttpClient-1-9] DEBUG org.asynchttpclient.netty.handler.HttpHandler - 

Request DefaultHttpRequest(decodeResult: success, version: HTTP/1.1)
POST /session/0c3393b34c560b824d2bdebd024b2e4f/timeouts HTTP/1.1
User-Agent: selenium/4.8.1 (java windows)
Content-Length: 22
Content-Type: application/json; charset=utf-8
host: localhost:35609
accept: */*

Response DefaultHttpResponse(decodeResult: success, version: HTTP/1.1)
HTTP/1.1 200 OK
Content-Length: 14
Content-Type: application/json; charset=utf-8
cache-control: no-cache

10:41:07.197 [AsyncHttpClient-1-9] DEBUG org.asynchttpclient.netty.channel.ChannelManager - Adding key: http://localhost:35609 for channel [id: 0xf6e1f4f7, L:/127.0.0.1:55606 - R:localhost/127.0.0.1:35609]
10:41:07.200 [main] DEBUG net.serenitybdd.core.photography.Darkroom - Opening darkroom
10:41:07.201 [Darkroom Processing Line] DEBUG net.serenitybdd.core.photography.DarkroomProcessingLine - Darkroom processing line starting up
10:41:07.201 [Forwarding getAlertText on session 0c3393b34c560b824d2bdebd024b2e4f to remote] DEBUG org.asynchttpclient.netty.request.NettyRequestSender - Using pooled Channel '[id: 0xf6e1f4f7, L:/127.0.0.1:55606 - R:localhost/127.0.0.1:35609]' for 'GET' to 'http://localhost:35609/session/0c3393b34c560b824d2bdebd024b2e4f/alert/text'
10:41:07.201 [Forwarding getAlertText on session 0c3393b34c560b824d2bdebd024b2e4f to remote] DEBUG org.asynchttpclient.netty.request.NettyRequestSender - Using open Channel [id: 0xf6e1f4f7, L:/127.0.0.1:55606 - R:localhost/127.0.0.1:35609] for GET '/session/0c3393b34c560b824d2bdebd024b2e4f/alert/text'
10:41:07.202 [AsyncHttpClient-1-9] DEBUG org.asynchttpclient.netty.handler.HttpHandler - 

Request DefaultFullHttpRequest(decodeResult: success, version: HTTP/1.1, content: EmptyByteBufBE)
GET /session/0c3393b34c560b824d2bdebd024b2e4f/alert/text HTTP/1.1
User-Agent: selenium/4.8.1 (java windows)
Cache-Control: no-cache
Content-Type: application/json; charset=utf-8
host: localhost:35609
accept: */*

Response DefaultHttpResponse(decodeResult: success, version: HTTP/1.1)
HTTP/1.1 404 Not Found
Content-Length: 836
Content-Type: application/json; charset=utf-8
cache-control: no-cache

10:41:07.202 [AsyncHttpClient-1-9] DEBUG org.asynchttpclient.netty.channel.ChannelManager - Adding key: http://localhost:35609 for channel [id: 0xf6e1f4f7, L:/127.0.0.1:55606 - R:localhost/127.0.0.1:35609]
10:41:07.203 [Forwarding getCurrentUrl on session 0c3393b34c560b824d2bdebd024b2e4f to remote] DEBUG org.asynchttpclient.netty.request.NettyRequestSender - Using pooled Channel '[id: 0xf6e1f4f7, L:/127.0.0.1:55606 - R:localhost/127.0.0.1:35609]' for 'GET' to 'http://localhost:35609/session/0c3393b34c560b824d2bdebd024b2e4f/url'
10:41:07.203 [Forwarding getCurrentUrl on session 0c3393b34c560b824d2bdebd024b2e4f to remote] DEBUG org.asynchttpclient.netty.request.NettyRequestSender - Using open Channel [id: 0xf6e1f4f7, L:/127.0.0.1:55606 - R:localhost/127.0.0.1:35609] for GET '/session/0c3393b34c560b824d2bdebd024b2e4f/url'
10:41:07.207 [AsyncHttpClient-1-9] DEBUG org.asynchttpclient.netty.handler.HttpHandler - 

Request DefaultFullHttpRequest(decodeResult: success, version: HTTP/1.1, content: EmptyByteBufBE)
GET /session/0c3393b34c560b824d2bdebd024b2e4f/url HTTP/1.1
User-Agent: selenium/4.8.1 (java windows)
Cache-Control: no-cache
Content-Type: application/json; charset=utf-8
host: localhost:35609
accept: */*

Response DefaultHttpResponse(decodeResult: success, version: HTTP/1.1)
HTTP/1.1 200 OK
Content-Length: 51
Content-Type: application/json; charset=utf-8
cache-control: no-cache

10:41:07.207 [AsyncHttpClient-1-9] DEBUG org.asynchttpclient.netty.channel.ChannelManager - Adding key: http://localhost:35609 for channel [id: 0xf6e1f4f7, L:/127.0.0.1:55606 - R:localhost/127.0.0.1:35609]
10:41:07.207 [Forwarding screenshot on session 0c3393b34c560b824d2bdebd024b2e4f to remote] DEBUG org.asynchttpclient.netty.request.NettyRequestSender - Using pooled Channel '[id: 0xf6e1f4f7, L:/127.0.0.1:55606 - R:localhost/127.0.0.1:35609]' for 'GET' to 'http://localhost:35609/session/0c3393b34c560b824d2bdebd024b2e4f/screenshot'
10:41:07.207 [Forwarding screenshot on session 0c3393b34c560b824d2bdebd024b2e4f to remote] DEBUG org.asynchttpclient.netty.request.NettyRequestSender - Using open Channel [id: 0xf6e1f4f7, L:/127.0.0.1:55606 - R:localhost/127.0.0.1:35609] for GET '/session/0c3393b34c560b824d2bdebd024b2e4f/screenshot'
10:41:07.286 [AsyncHttpClient-1-9] DEBUG org.asynchttpclient.netty.handler.HttpHandler - 

Request DefaultFullHttpRequest(decodeResult: success, version: HTTP/1.1, content: EmptyByteBufBE)
GET /session/0c3393b34c560b824d2bdebd024b2e4f/screenshot HTTP/1.1
User-Agent: selenium/4.8.1 (java windows)
Cache-Control: no-cache
Content-Type: application/json; charset=utf-8
host: localhost:35609
accept: */*

Response DefaultHttpResponse(decodeResult: success, version: HTTP/1.1)
HTTP/1.1 200 OK
Content-Length: 25208
Content-Type: application/json; charset=utf-8
cache-control: no-cache

10:41:07.286 [AsyncHttpClient-1-9] DEBUG org.asynchttpclient.netty.channel.ChannelManager - Adding key: http://localhost:35609 for channel [id: 0xf6e1f4f7, L:/127.0.0.1:55606 - R:localhost/127.0.0.1:35609]
10:41:07.287 [main] DEBUG net.serenitybdd.core.photography.Darkroom - Send negative for processing for target\site\serenity\edb14d4aab401efa0e4fb99861e6ffcafebc86a67b69f7828890b9910ed2ddbd.png
10:41:07.287 [main] DEBUG net.thucydides.core.steps.StepInterceptor - STEP DONE: openPage
10:41:07.290 [Forwarding getPageSource on session 0c3393b34c560b824d2bdebd024b2e4f to remote] DEBUG org.asynchttpclient.netty.request.NettyRequestSender - Using pooled Channel '[id: 0xf6e1f4f7, L:/127.0.0.1:55606 - R:localhost/127.0.0.1:35609]' for 'POST' to 'http://localhost:35609/session/0c3393b34c560b824d2bdebd024b2e4f/execute/sync'
10:41:07.290 [Forwarding getPageSource on session 0c3393b34c560b824d2bdebd024b2e4f to remote] DEBUG org.asynchttpclient.netty.request.NettyRequestSender - Using open Channel [id: 0xf6e1f4f7, L:/127.0.0.1:55606 - R:localhost/127.0.0.1:35609] for POST '/session/0c3393b34c560b824d2bdebd024b2e4f/execute/sync'
10:41:07.296 [AsyncHttpClient-1-9] DEBUG org.asynchttpclient.netty.handler.HttpHandler - 

Request DefaultHttpRequest(decodeResult: success, version: HTTP/1.1)
POST /session/0c3393b34c560b824d2bdebd024b2e4f/execute/sync HTTP/1.1
User-Agent: selenium/4.8.1 (java windows)
Content-Length: 176
Content-Type: application/json; charset=utf-8
host: localhost:35609
accept: */*

Response DefaultHttpResponse(decodeResult: success, version: HTTP/1.1)
HTTP/1.1 200 OK
Content-Length: 21659
Content-Type: application/json; charset=utf-8
cache-control: no-cache

10:41:07.296 [AsyncHttpClient-1-9] DEBUG org.asynchttpclient.netty.channel.ChannelManager - Adding key: http://localhost:35609 for channel [id: 0xf6e1f4f7, L:/127.0.0.1:55606 - R:localhost/127.0.0.1:35609]
10:41:07.297 [Forwarding getCurrentUrl on session 0c3393b34c560b824d2bdebd024b2e4f to remote] DEBUG org.asynchttpclient.netty.request.NettyRequestSender - Using pooled Channel '[id: 0xf6e1f4f7, L:/127.0.0.1:55606 - R:localhost/127.0.0.1:35609]' for 'GET' to 'http://localhost:35609/session/0c3393b34c560b824d2bdebd024b2e4f/url'
10:41:07.297 [Forwarding getCurrentUrl on session 0c3393b34c560b824d2bdebd024b2e4f to remote] DEBUG org.asynchttpclient.netty.request.NettyRequestSender - Using open Channel [id: 0xf6e1f4f7, L:/127.0.0.1:55606 - R:localhost/127.0.0.1:35609] for GET '/session/0c3393b34c560b824d2bdebd024b2e4f/url'
10:41:07.300 [AsyncHttpClient-1-9] DEBUG org.asynchttpclient.netty.handler.HttpHandler - 

Request DefaultFullHttpRequest(decodeResult: success, version: HTTP/1.1, content: EmptyByteBufBE)
GET /session/0c3393b34c560b824d2bdebd024b2e4f/url HTTP/1.1
User-Agent: selenium/4.8.1 (java windows)
Cache-Control: no-cache
Content-Type: application/json; charset=utf-8
host: localhost:35609
accept: */*

Response DefaultHttpResponse(decodeResult: success, version: HTTP/1.1)
HTTP/1.1 200 OK
Content-Length: 51
Content-Type: application/json; charset=utf-8
cache-control: no-cache

10:41:07.300 [AsyncHttpClient-1-9] DEBUG org.asynchttpclient.netty.channel.ChannelManager - Adding key: http://localhost:35609 for channel [id: 0xf6e1f4f7, L:/127.0.0.1:55606 - R:localhost/127.0.0.1:35609]
10:41:07.301 [main] DEBUG net.thucydides.core.steps.StepInterceptor - STARTING STEP: ProductSteps.onTheHomePage - inputEmail
10:41:07.302 [Forwarding findElement on session 0c3393b34c560b824d2bdebd024b2e4f to remote] DEBUG org.asynchttpclient.netty.request.NettyRequestSender - Using pooled Channel '[id: 0xf6e1f4f7, L:/127.0.0.1:55606 - R:localhost/127.0.0.1:35609]' for 'POST' to 'http://localhost:35609/session/0c3393b34c560b824d2bdebd024b2e4f/element'
10:41:07.302 [Forwarding findElement on session 0c3393b34c560b824d2bdebd024b2e4f to remote] DEBUG org.asynchttpclient.netty.request.NettyRequestSender - Using open Channel [id: 0xf6e1f4f7, L:/127.0.0.1:55606 - R:localhost/127.0.0.1:35609] for POST '/session/0c3393b34c560b824d2bdebd024b2e4f/element'
10:41:07.310 [AsyncHttpClient-1-9] DEBUG org.asynchttpclient.netty.handler.HttpHandler - 

Request DefaultHttpRequest(decodeResult: success, version: HTTP/1.1)
POST /session/0c3393b34c560b824d2bdebd024b2e4f/element HTTP/1.1
User-Agent: selenium/4.8.1 (java windows)
Content-Length: 55
Content-Type: application/json; charset=utf-8
host: localhost:35609
accept: */*

Response DefaultHttpResponse(decodeResult: success, version: HTTP/1.1)
HTTP/1.1 200 OK
Content-Length: 88
Content-Type: application/json; charset=utf-8
cache-control: no-cache

10:41:07.310 [AsyncHttpClient-1-9] DEBUG org.asynchttpclient.netty.channel.ChannelManager - Adding key: http://localhost:35609 for channel [id: 0xf6e1f4f7, L:/127.0.0.1:55606 - R:localhost/127.0.0.1:35609]
10:41:07.311 [Forwarding clearElement on session 0c3393b34c560b824d2bdebd024b2e4f to remote] DEBUG org.asynchttpclient.netty.request.NettyRequestSender - Using pooled Channel '[id: 0xf6e1f4f7, L:/127.0.0.1:55606 - R:localhost/127.0.0.1:35609]' for 'POST' to 'http://localhost:35609/session/0c3393b34c560b824d2bdebd024b2e4f/element/2ef984fc-99be-4d13-b2f5-9648de81c184/clear'
10:41:07.311 [Forwarding clearElement on session 0c3393b34c560b824d2bdebd024b2e4f to remote] DEBUG org.asynchttpclient.netty.request.NettyRequestSender - Using open Channel [id: 0xf6e1f4f7, L:/127.0.0.1:55606 - R:localhost/127.0.0.1:35609] for POST '/session/0c3393b34c560b824d2bdebd024b2e4f/element/2ef984fc-99be-4d13-b2f5-9648de81c184/clear'
10:41:07.337 [AsyncHttpClient-1-9] DEBUG org.asynchttpclient.netty.handler.HttpHandler - 

Request DefaultHttpRequest(decodeResult: success, version: HTTP/1.1)
POST /session/0c3393b34c560b824d2bdebd024b2e4f/element/2ef984fc-99be-4d13-b2f5-9648de81c184/clear HTTP/1.1
User-Agent: selenium/4.8.1 (java windows)
Content-Length: 50
Content-Type: application/json; charset=utf-8
host: localhost:35609
accept: */*

Response DefaultHttpResponse(decodeResult: success, version: HTTP/1.1)
HTTP/1.1 200 OK
Content-Length: 14
Content-Type: application/json; charset=utf-8
cache-control: no-cache

10:41:07.337 [AsyncHttpClient-1-9] DEBUG org.asynchttpclient.netty.channel.ChannelManager - Adding key: http://localhost:35609 for channel [id: 0xf6e1f4f7, L:/127.0.0.1:55606 - R:localhost/127.0.0.1:35609]
10:41:07.338 [Forwarding sendKeysToElement on session 0c3393b34c560b824d2bdebd024b2e4f to remote] DEBUG org.asynchttpclient.netty.request.NettyRequestSender - Using pooled Channel '[id: 0xf6e1f4f7, L:/127.0.0.1:55606 - R:localhost/127.0.0.1:35609]' for 'POST' to 'http://localhost:35609/session/0c3393b34c560b824d2bdebd024b2e4f/element/2ef984fc-99be-4d13-b2f5-9648de81c184/value'
10:41:07.338 [Forwarding sendKeysToElement on session 0c3393b34c560b824d2bdebd024b2e4f to remote] DEBUG org.asynchttpclient.netty.request.NettyRequestSender - Using open Channel [id: 0xf6e1f4f7, L:/127.0.0.1:55606 - R:localhost/127.0.0.1:35609] for POST '/session/0c3393b34c560b824d2bdebd024b2e4f/element/2ef984fc-99be-4d13-b2f5-9648de81c184/value'
10:41:07.412 [AsyncHttpClient-1-9] DEBUG org.asynchttpclient.netty.handler.HttpHandler - 

Request DefaultHttpRequest(decodeResult: success, version: HTTP/1.1)
POST /session/0c3393b34c560b824d2bdebd024b2e4f/element/2ef984fc-99be-4d13-b2f5-9648de81c184/value HTTP/1.1
User-Agent: selenium/4.8.1 (java windows)
Content-Length: 241
Content-Type: application/json; charset=utf-8
host: localhost:35609
accept: */*

Response DefaultHttpResponse(decodeResult: success, version: HTTP/1.1)
HTTP/1.1 200 OK
Content-Length: 14
Content-Type: application/json; charset=utf-8
cache-control: no-cache

10:41:07.412 [AsyncHttpClient-1-9] DEBUG org.asynchttpclient.netty.channel.ChannelManager - Adding key: http://localhost:35609 for channel [id: 0xf6e1f4f7, L:/127.0.0.1:55606 - R:localhost/127.0.0.1:35609]
10:41:07.416 [Forwarding getAlertText on session 0c3393b34c560b824d2bdebd024b2e4f to remote] DEBUG org.asynchttpclient.netty.request.NettyRequestSender - Using pooled Channel '[id: 0xf6e1f4f7, L:/127.0.0.1:55606 - R:localhost/127.0.0.1:35609]' for 'GET' to 'http://localhost:35609/session/0c3393b34c560b824d2bdebd024b2e4f/alert/text'
10:41:07.416 [Forwarding getAlertText on session 0c3393b34c560b824d2bdebd024b2e4f to remote] DEBUG org.asynchttpclient.netty.request.NettyRequestSender - Using open Channel [id: 0xf6e1f4f7, L:/127.0.0.1:55606 - R:localhost/127.0.0.1:35609] for GET '/session/0c3393b34c560b824d2bdebd024b2e4f/alert/text'
10:41:07.417 [AsyncHttpClient-1-9] DEBUG org.asynchttpclient.netty.handler.HttpHandler - 

Request DefaultFullHttpRequest(decodeResult: success, version: HTTP/1.1, content: EmptyByteBufBE)
GET /session/0c3393b34c560b824d2bdebd024b2e4f/alert/text HTTP/1.1
User-Agent: selenium/4.8.1 (java windows)
Cache-Control: no-cache
Content-Type: application/json; charset=utf-8
host: localhost:35609
accept: */*

Response DefaultHttpResponse(decodeResult: success, version: HTTP/1.1)
HTTP/1.1 404 Not Found
Content-Length: 836
Content-Type: application/json; charset=utf-8
cache-control: no-cache

10:41:07.417 [AsyncHttpClient-1-9] DEBUG org.asynchttpclient.netty.channel.ChannelManager - Adding key: http://localhost:35609 for channel [id: 0xf6e1f4f7, L:/127.0.0.1:55606 - R:localhost/127.0.0.1:35609]
10:41:07.418 [Forwarding getCurrentUrl on session 0c3393b34c560b824d2bdebd024b2e4f to remote] DEBUG org.asynchttpclient.netty.request.NettyRequestSender - Using pooled Channel '[id: 0xf6e1f4f7, L:/127.0.0.1:55606 - R:localhost/127.0.0.1:35609]' for 'GET' to 'http://localhost:35609/session/0c3393b34c560b824d2bdebd024b2e4f/url'
10:41:07.418 [Forwarding getCurrentUrl on session 0c3393b34c560b824d2bdebd024b2e4f to remote] DEBUG org.asynchttpclient.netty.request.NettyRequestSender - Using open Channel [id: 0xf6e1f4f7, L:/127.0.0.1:55606 - R:localhost/127.0.0.1:35609] for GET '/session/0c3393b34c560b824d2bdebd024b2e4f/url'
10:41:07.421 [AsyncHttpClient-1-9] DEBUG org.asynchttpclient.netty.handler.HttpHandler - 

Request DefaultFullHttpRequest(decodeResult: success, version: HTTP/1.1, content: EmptyByteBufBE)
GET /session/0c3393b34c560b824d2bdebd024b2e4f/url HTTP/1.1
User-Agent: selenium/4.8.1 (java windows)
Cache-Control: no-cache
Content-Type: application/json; charset=utf-8
host: localhost:35609
accept: */*

Response DefaultHttpResponse(decodeResult: success, version: HTTP/1.1)
HTTP/1.1 200 OK
Content-Length: 51
Content-Type: application/json; charset=utf-8
cache-control: no-cache

10:41:07.421 [AsyncHttpClient-1-9] DEBUG org.asynchttpclient.netty.channel.ChannelManager - Adding key: http://localhost:35609 for channel [id: 0xf6e1f4f7, L:/127.0.0.1:55606 - R:localhost/127.0.0.1:35609]
10:41:07.421 [Forwarding screenshot on session 0c3393b34c560b824d2bdebd024b2e4f to remote] DEBUG org.asynchttpclient.netty.request.NettyRequestSender - Using pooled Channel '[id: 0xf6e1f4f7, L:/127.0.0.1:55606 - R:localhost/127.0.0.1:35609]' for 'GET' to 'http://localhost:35609/session/0c3393b34c560b824d2bdebd024b2e4f/screenshot'
10:41:07.421 [Forwarding screenshot on session 0c3393b34c560b824d2bdebd024b2e4f to remote] DEBUG org.asynchttpclient.netty.request.NettyRequestSender - Using open Channel [id: 0xf6e1f4f7, L:/127.0.0.1:55606 - R:localhost/127.0.0.1:35609] for GET '/session/0c3393b34c560b824d2bdebd024b2e4f/screenshot'
10:41:07.518 [AsyncHttpClient-1-9] DEBUG org.asynchttpclient.netty.handler.HttpHandler - 

Request DefaultFullHttpRequest(decodeResult: success, version: HTTP/1.1, content: EmptyByteBufBE)
GET /session/0c3393b34c560b824d2bdebd024b2e4f/screenshot HTTP/1.1
User-Agent: selenium/4.8.1 (java windows)
Cache-Control: no-cache
Content-Type: application/json; charset=utf-8
host: localhost:35609
accept: */*

Response DefaultHttpResponse(decodeResult: success, version: HTTP/1.1)
HTTP/1.1 200 OK
Content-Length: 30212
Content-Type: application/json; charset=utf-8
cache-control: no-cache

10:41:07.518 [AsyncHttpClient-1-9] DEBUG org.asynchttpclient.netty.channel.ChannelManager - Adding key: http://localhost:35609 for channel [id: 0xf6e1f4f7, L:/127.0.0.1:55606 - R:localhost/127.0.0.1:35609]
10:41:07.519 [main] DEBUG net.serenitybdd.core.photography.Darkroom - Send negative for processing for target\site\serenity\1739833438f34b8780b6c4fb50a5b1988a91b1afd48e3be69cb82b6788ebac89.png
10:41:07.519 [main] DEBUG net.thucydides.core.steps.StepInterceptor - STEP DONE: inputEmail
10:41:07.519 [Darkroom Processing Line] DEBUG net.serenitybdd.core.photography.DarkroomProcessingLine - Processing screenshot image in /var/screenshots/screenshot-2279713241303625264
10:41:07.519 [Darkroom Processing Line] DEBUG net.serenitybdd.core.photography.DarkroomProcessingLine - Saving screenshot to target\site\serenity\1739833438f34b8780b6c4fb50a5b1988a91b1afd48e3be69cb82b6788ebac89.png
10:41:07.523 [Forwarding getPageSource on session 0c3393b34c560b824d2bdebd024b2e4f to remote] DEBUG org.asynchttpclient.netty.request.NettyRequestSender - Using pooled Channel '[id: 0xf6e1f4f7, L:/127.0.0.1:55606 - R:localhost/127.0.0.1:35609]' for 'POST' to 'http://localhost:35609/session/0c3393b34c560b824d2bdebd024b2e4f/execute/sync'
10:41:07.523 [Forwarding getPageSource on session 0c3393b34c560b824d2bdebd024b2e4f to remote] DEBUG org.asynchttpclient.netty.request.NettyRequestSender - Using open Channel [id: 0xf6e1f4f7, L:/127.0.0.1:55606 - R:localhost/127.0.0.1:35609] for POST '/session/0c3393b34c560b824d2bdebd024b2e4f/execute/sync'
10:41:07.526 [AsyncHttpClient-1-9] DEBUG org.asynchttpclient.netty.handler.HttpHandler - 

Request DefaultHttpRequest(decodeResult: success, version: HTTP/1.1)
POST /session/0c3393b34c560b824d2bdebd024b2e4f/execute/sync HTTP/1.1
User-Agent: selenium/4.8.1 (java windows)
Content-Length: 176
Content-Type: application/json; charset=utf-8
host: localhost:35609
accept: */*

Response DefaultHttpResponse(decodeResult: success, version: HTTP/1.1)
HTTP/1.1 200 OK
Content-Length: 21780
Content-Type: application/json; charset=utf-8
cache-control: no-cache

10:41:07.526 [AsyncHttpClient-1-9] DEBUG org.asynchttpclient.netty.channel.ChannelManager - Adding key: http://localhost:35609 for channel [id: 0xf6e1f4f7, L:/127.0.0.1:55606 - R:localhost/127.0.0.1:35609]
10:41:07.527 [Forwarding getCurrentUrl on session 0c3393b34c560b824d2bdebd024b2e4f to remote] DEBUG org.asynchttpclient.netty.request.NettyRequestSender - Using pooled Channel '[id: 0xf6e1f4f7, L:/127.0.0.1:55606 - R:localhost/127.0.0.1:35609]' for 'GET' to 'http://localhost:35609/session/0c3393b34c560b824d2bdebd024b2e4f/url'
10:41:07.527 [Forwarding getCurrentUrl on session 0c3393b34c560b824d2bdebd024b2e4f to remote] DEBUG org.asynchttpclient.netty.request.NettyRequestSender - Using open Channel [id: 0xf6e1f4f7, L:/127.0.0.1:55606 - R:localhost/127.0.0.1:35609] for GET '/session/0c3393b34c560b824d2bdebd024b2e4f/url'
10:41:07.531 [AsyncHttpClient-1-9] DEBUG org.asynchttpclient.netty.handler.HttpHandler - 

Request DefaultFullHttpRequest(decodeResult: success, version: HTTP/1.1, content: EmptyByteBufBE)
GET /session/0c3393b34c560b824d2bdebd024b2e4f/url HTTP/1.1
User-Agent: selenium/4.8.1 (java windows)
Cache-Control: no-cache
Content-Type: application/json; charset=utf-8
host: localhost:35609
accept: */*

Response DefaultHttpResponse(decodeResult: success, version: HTTP/1.1)
HTTP/1.1 200 OK
Content-Length: 51
Content-Type: application/json; charset=utf-8
cache-control: no-cache

10:41:07.531 [AsyncHttpClient-1-9] DEBUG org.asynchttpclient.netty.channel.ChannelManager - Adding key: http://localhost:35609 for channel [id: 0xf6e1f4f7, L:/127.0.0.1:55606 - R:localhost/127.0.0.1:35609]
10:41:07.534 [main] DEBUG net.thucydides.core.steps.StepInterceptor - STARTING STEP: ProductSteps.onTheHomePage - inputPassword
10:41:07.535 [Forwarding findElement on session 0c3393b34c560b824d2bdebd024b2e4f to remote] DEBUG org.asynchttpclient.netty.request.NettyRequestSender - Using pooled Channel '[id: 0xf6e1f4f7, L:/127.0.0.1:55606 - R:localhost/127.0.0.1:35609]' for 'POST' to 'http://localhost:35609/session/0c3393b34c560b824d2bdebd024b2e4f/element'
10:41:07.535 [Forwarding findElement on session 0c3393b34c560b824d2bdebd024b2e4f to remote] DEBUG org.asynchttpclient.netty.request.NettyRequestSender - Using open Channel [id: 0xf6e1f4f7, L:/127.0.0.1:55606 - R:localhost/127.0.0.1:35609] for POST '/session/0c3393b34c560b824d2bdebd024b2e4f/element'
10:41:07.546 [AsyncHttpClient-1-9] DEBUG org.asynchttpclient.netty.handler.HttpHandler - 

Request DefaultHttpRequest(decodeResult: success, version: HTTP/1.1)
POST /session/0c3393b34c560b824d2bdebd024b2e4f/element HTTP/1.1
User-Agent: selenium/4.8.1 (java windows)
Content-Length: 55
Content-Type: application/json; charset=utf-8
host: localhost:35609
accept: */*

Response DefaultHttpResponse(decodeResult: success, version: HTTP/1.1)
HTTP/1.1 200 OK
Content-Length: 88
Content-Type: application/json; charset=utf-8
cache-control: no-cache

10:41:07.546 [AsyncHttpClient-1-9] DEBUG org.asynchttpclient.netty.channel.ChannelManager - Adding key: http://localhost:35609 for channel [id: 0xf6e1f4f7, L:/127.0.0.1:55606 - R:localhost/127.0.0.1:35609]
10:41:07.546 [Forwarding clearElement on session 0c3393b34c560b824d2bdebd024b2e4f to remote] DEBUG org.asynchttpclient.netty.request.NettyRequestSender - Using pooled Channel '[id: 0xf6e1f4f7, L:/127.0.0.1:55606 - R:localhost/127.0.0.1:35609]' for 'POST' to 'http://localhost:35609/session/0c3393b34c560b824d2bdebd024b2e4f/element/c1a32cc2-b1e6-4f1a-8057-102e73a81356/clear'
10:41:07.546 [Forwarding clearElement on session 0c3393b34c560b824d2bdebd024b2e4f to remote] DEBUG org.asynchttpclient.netty.request.NettyRequestSender - Using open Channel [id: 0xf6e1f4f7, L:/127.0.0.1:55606 - R:localhost/127.0.0.1:35609] for POST '/session/0c3393b34c560b824d2bdebd024b2e4f/element/c1a32cc2-b1e6-4f1a-8057-102e73a81356/clear'
10:41:07.577 [AsyncHttpClient-1-9] DEBUG org.asynchttpclient.netty.handler.HttpHandler - 

Request DefaultHttpRequest(decodeResult: success, version: HTTP/1.1)
POST /session/0c3393b34c560b824d2bdebd024b2e4f/element/c1a32cc2-b1e6-4f1a-8057-102e73a81356/clear HTTP/1.1
User-Agent: selenium/4.8.1 (java windows)
Content-Length: 50
Content-Type: application/json; charset=utf-8
host: localhost:35609
accept: */*

Response DefaultHttpResponse(decodeResult: success, version: HTTP/1.1)
HTTP/1.1 200 OK
Content-Length: 14
Content-Type: application/json; charset=utf-8
cache-control: no-cache

10:41:07.577 [AsyncHttpClient-1-9] DEBUG org.asynchttpclient.netty.channel.ChannelManager - Adding key: http://localhost:35609 for channel [id: 0xf6e1f4f7, L:/127.0.0.1:55606 - R:localhost/127.0.0.1:35609]
10:41:07.578 [Forwarding sendKeysToElement on session 0c3393b34c560b824d2bdebd024b2e4f to remote] DEBUG org.asynchttpclient.netty.request.NettyRequestSender - Using pooled Channel '[id: 0xf6e1f4f7, L:/127.0.0.1:55606 - R:localhost/127.0.0.1:35609]' for 'POST' to 'http://localhost:35609/session/0c3393b34c560b824d2bdebd024b2e4f/element/c1a32cc2-b1e6-4f1a-8057-102e73a81356/value'
10:41:07.578 [Forwarding sendKeysToElement on session 0c3393b34c560b824d2bdebd024b2e4f to remote] DEBUG org.asynchttpclient.netty.request.NettyRequestSender - Using open Channel [id: 0xf6e1f4f7, L:/127.0.0.1:55606 - R:localhost/127.0.0.1:35609] for POST '/session/0c3393b34c560b824d2bdebd024b2e4f/element/c1a32cc2-b1e6-4f1a-8057-102e73a81356/value'
10:41:07.630 [AsyncHttpClient-1-9] DEBUG org.asynchttpclient.netty.handler.HttpHandler - 

Request DefaultHttpRequest(decodeResult: success, version: HTTP/1.1)
POST /session/0c3393b34c560b824d2bdebd024b2e4f/element/c1a32cc2-b1e6-4f1a-8057-102e73a81356/value HTTP/1.1
User-Agent: selenium/4.8.1 (java windows)
Content-Length: 141
Content-Type: application/json; charset=utf-8
host: localhost:35609
accept: */*

Response DefaultHttpResponse(decodeResult: success, version: HTTP/1.1)
HTTP/1.1 200 OK
Content-Length: 14
Content-Type: application/json; charset=utf-8
cache-control: no-cache

10:41:07.630 [AsyncHttpClient-1-9] DEBUG org.asynchttpclient.netty.channel.ChannelManager - Adding key: http://localhost:35609 for channel [id: 0xf6e1f4f7, L:/127.0.0.1:55606 - R:localhost/127.0.0.1:35609]
10:41:07.635 [Forwarding getAlertText on session 0c3393b34c560b824d2bdebd024b2e4f to remote] DEBUG org.asynchttpclient.netty.request.NettyRequestSender - Using pooled Channel '[id: 0xf6e1f4f7, L:/127.0.0.1:55606 - R:localhost/127.0.0.1:35609]' for 'GET' to 'http://localhost:35609/session/0c3393b34c560b824d2bdebd024b2e4f/alert/text'
10:41:07.635 [Forwarding getAlertText on session 0c3393b34c560b824d2bdebd024b2e4f to remote] DEBUG org.asynchttpclient.netty.request.NettyRequestSender - Using open Channel [id: 0xf6e1f4f7, L:/127.0.0.1:55606 - R:localhost/127.0.0.1:35609] for GET '/session/0c3393b34c560b824d2bdebd024b2e4f/alert/text'
10:41:07.636 [AsyncHttpClient-1-9] DEBUG org.asynchttpclient.netty.handler.HttpHandler - 

Request DefaultFullHttpRequest(decodeResult: success, version: HTTP/1.1, content: EmptyByteBufBE)
GET /session/0c3393b34c560b824d2bdebd024b2e4f/alert/text HTTP/1.1
User-Agent: selenium/4.8.1 (java windows)
Cache-Control: no-cache
Content-Type: application/json; charset=utf-8
host: localhost:35609
accept: */*

Response DefaultHttpResponse(decodeResult: success, version: HTTP/1.1)
HTTP/1.1 404 Not Found
Content-Length: 836
Content-Type: application/json; charset=utf-8
cache-control: no-cache

10:41:07.636 [AsyncHttpClient-1-9] DEBUG org.asynchttpclient.netty.channel.ChannelManager - Adding key: http://localhost:35609 for channel [id: 0xf6e1f4f7, L:/127.0.0.1:55606 - R:localhost/127.0.0.1:35609]
10:41:07.637 [Forwarding getCurrentUrl on session 0c3393b34c560b824d2bdebd024b2e4f to remote] DEBUG org.asynchttpclient.netty.request.NettyRequestSender - Using pooled Channel '[id: 0xf6e1f4f7, L:/127.0.0.1:55606 - R:localhost/127.0.0.1:35609]' for 'GET' to 'http://localhost:35609/session/0c3393b34c560b824d2bdebd024b2e4f/url'
10:41:07.637 [Forwarding getCurrentUrl on session 0c3393b34c560b824d2bdebd024b2e4f to remote] DEBUG org.asynchttpclient.netty.request.NettyRequestSender - Using open Channel [id: 0xf6e1f4f7, L:/127.0.0.1:55606 - R:localhost/127.0.0.1:35609] for GET '/session/0c3393b34c560b824d2bdebd024b2e4f/url'
10:41:07.639 [AsyncHttpClient-1-9] DEBUG org.asynchttpclient.netty.handler.HttpHandler - 

Request DefaultFullHttpRequest(decodeResult: success, version: HTTP/1.1, content: EmptyByteBufBE)
GET /session/0c3393b34c560b824d2bdebd024b2e4f/url HTTP/1.1
User-Agent: selenium/4.8.1 (java windows)
Cache-Control: no-cache
Content-Type: application/json; charset=utf-8
host: localhost:35609
accept: */*

Response DefaultHttpResponse(decodeResult: success, version: HTTP/1.1)
HTTP/1.1 200 OK
Content-Length: 51
Content-Type: application/json; charset=utf-8
cache-control: no-cache

10:41:07.639 [AsyncHttpClient-1-9] DEBUG org.asynchttpclient.netty.channel.ChannelManager - Adding key: http://localhost:35609 for channel [id: 0xf6e1f4f7, L:/127.0.0.1:55606 - R:localhost/127.0.0.1:35609]
10:41:07.639 [Forwarding screenshot on session 0c3393b34c560b824d2bdebd024b2e4f to remote] DEBUG org.asynchttpclient.netty.request.NettyRequestSender - Using pooled Channel '[id: 0xf6e1f4f7, L:/127.0.0.1:55606 - R:localhost/127.0.0.1:35609]' for 'GET' to 'http://localhost:35609/session/0c3393b34c560b824d2bdebd024b2e4f/screenshot'
10:41:07.639 [Forwarding screenshot on session 0c3393b34c560b824d2bdebd024b2e4f to remote] DEBUG org.asynchttpclient.netty.request.NettyRequestSender - Using open Channel [id: 0xf6e1f4f7, L:/127.0.0.1:55606 - R:localhost/127.0.0.1:35609] for GET '/session/0c3393b34c560b824d2bdebd024b2e4f/screenshot'
10:41:07.723 [AsyncHttpClient-1-9] DEBUG org.asynchttpclient.netty.handler.HttpHandler - 

Request DefaultFullHttpRequest(decodeResult: success, version: HTTP/1.1, content: EmptyByteBufBE)
GET /session/0c3393b34c560b824d2bdebd024b2e4f/screenshot HTTP/1.1
User-Agent: selenium/4.8.1 (java windows)
Cache-Control: no-cache
Content-Type: application/json; charset=utf-8
host: localhost:35609
accept: */*

Response DefaultHttpResponse(decodeResult: success, version: HTTP/1.1)
HTTP/1.1 200 OK
Content-Length: 30932
Content-Type: application/json; charset=utf-8
cache-control: no-cache

10:41:07.723 [AsyncHttpClient-1-9] DEBUG org.asynchttpclient.netty.channel.ChannelManager - Adding key: http://localhost:35609 for channel [id: 0xf6e1f4f7, L:/127.0.0.1:55606 - R:localhost/127.0.0.1:35609]
10:41:07.724 [main] DEBUG net.serenitybdd.core.photography.Darkroom - Send negative for processing for target\site\serenity\d6fbbb4c6f77f8691841e128549817cee9d8a962fe151128e859c7e6566ccd00.png
10:41:07.724 [main] DEBUG net.thucydides.core.steps.StepInterceptor - STEP DONE: inputPassword
10:41:07.725 [Darkroom Processing Line] DEBUG net.serenitybdd.core.photography.DarkroomProcessingLine - Processing screenshot image in /var/screenshots/screenshot-1804354422299198205
10:41:07.725 [Darkroom Processing Line] DEBUG net.serenitybdd.core.photography.DarkroomProcessingLine - Saving screenshot to target\site\serenity\d6fbbb4c6f77f8691841e128549817cee9d8a962fe151128e859c7e6566ccd00.png
10:41:07.729 [Forwarding getPageSource on session 0c3393b34c560b824d2bdebd024b2e4f to remote] DEBUG org.asynchttpclient.netty.request.NettyRequestSender - Using pooled Channel '[id: 0xf6e1f4f7, L:/127.0.0.1:55606 - R:localhost/127.0.0.1:35609]' for 'POST' to 'http://localhost:35609/session/0c3393b34c560b824d2bdebd024b2e4f/execute/sync'
10:41:07.729 [Forwarding getPageSource on session 0c3393b34c560b824d2bdebd024b2e4f to remote] DEBUG org.asynchttpclient.netty.request.NettyRequestSender - Using open Channel [id: 0xf6e1f4f7, L:/127.0.0.1:55606 - R:localhost/127.0.0.1:35609] for POST '/session/0c3393b34c560b824d2bdebd024b2e4f/execute/sync'
10:41:07.733 [AsyncHttpClient-1-9] DEBUG org.asynchttpclient.netty.handler.HttpHandler - 

Request DefaultHttpRequest(decodeResult: success, version: HTTP/1.1)
POST /session/0c3393b34c560b824d2bdebd024b2e4f/execute/sync HTTP/1.1
User-Agent: selenium/4.8.1 (java windows)
Content-Length: 176
Content-Type: application/json; charset=utf-8
host: localhost:35609
accept: */*

Response DefaultHttpResponse(decodeResult: success, version: HTTP/1.1)
HTTP/1.1 200 OK
Content-Length: 21839
Content-Type: application/json; charset=utf-8
cache-control: no-cache

10:41:07.733 [AsyncHttpClient-1-9] DEBUG org.asynchttpclient.netty.channel.ChannelManager - Adding key: http://localhost:35609 for channel [id: 0xf6e1f4f7, L:/127.0.0.1:55606 - R:localhost/127.0.0.1:35609]
10:41:07.734 [Forwarding getCurrentUrl on session 0c3393b34c560b824d2bdebd024b2e4f to remote] DEBUG org.asynchttpclient.netty.request.NettyRequestSender - Using pooled Channel '[id: 0xf6e1f4f7, L:/127.0.0.1:55606 - R:localhost/127.0.0.1:35609]' for 'GET' to 'http://localhost:35609/session/0c3393b34c560b824d2bdebd024b2e4f/url'
10:41:07.735 [Forwarding getCurrentUrl on session 0c3393b34c560b824d2bdebd024b2e4f to remote] DEBUG org.asynchttpclient.netty.request.NettyRequestSender - Using open Channel [id: 0xf6e1f4f7, L:/127.0.0.1:55606 - R:localhost/127.0.0.1:35609] for GET '/session/0c3393b34c560b824d2bdebd024b2e4f/url'
10:41:07.737 [AsyncHttpClient-1-9] DEBUG org.asynchttpclient.netty.handler.HttpHandler - 

Request DefaultFullHttpRequest(decodeResult: success, version: HTTP/1.1, content: EmptyByteBufBE)
GET /session/0c3393b34c560b824d2bdebd024b2e4f/url HTTP/1.1
User-Agent: selenium/4.8.1 (java windows)
Cache-Control: no-cache
Content-Type: application/json; charset=utf-8
host: localhost:35609
accept: */*

Response DefaultHttpResponse(decodeResult: success, version: HTTP/1.1)
HTTP/1.1 200 OK
Content-Length: 51
Content-Type: application/json; charset=utf-8
cache-control: no-cache

10:41:07.737 [AsyncHttpClient-1-9] DEBUG org.asynchttpclient.netty.channel.ChannelManager - Adding key: http://localhost:35609 for channel [id: 0xf6e1f4f7, L:/127.0.0.1:55606 - R:localhost/127.0.0.1:35609]
10:41:07.739 [main] DEBUG net.thucydides.core.steps.StepInterceptor - STARTING STEP: ProductSteps.onTheHomePage - clickLoginButton
10:41:07.741 [Forwarding findElement on session 0c3393b34c560b824d2bdebd024b2e4f to remote] DEBUG org.asynchttpclient.netty.request.NettyRequestSender - Using pooled Channel '[id: 0xf6e1f4f7, L:/127.0.0.1:55606 - R:localhost/127.0.0.1:35609]' for 'POST' to 'http://localhost:35609/session/0c3393b34c560b824d2bdebd024b2e4f/element'
10:41:07.741 [Forwarding findElement on session 0c3393b34c560b824d2bdebd024b2e4f to remote] DEBUG org.asynchttpclient.netty.request.NettyRequestSender - Using open Channel [id: 0xf6e1f4f7, L:/127.0.0.1:55606 - R:localhost/127.0.0.1:35609] for POST '/session/0c3393b34c560b824d2bdebd024b2e4f/element'
10:41:07.749 [AsyncHttpClient-1-9] DEBUG org.asynchttpclient.netty.handler.HttpHandler - 

Request DefaultHttpRequest(decodeResult: success, version: HTTP/1.1)
POST /session/0c3393b34c560b824d2bdebd024b2e4f/element HTTP/1.1
User-Agent: selenium/4.8.1 (java windows)
Content-Length: 71
Content-Type: application/json; charset=utf-8
host: localhost:35609
accept: */*

Response DefaultHttpResponse(decodeResult: success, version: HTTP/1.1)
HTTP/1.1 200 OK
Content-Length: 88
Content-Type: application/json; charset=utf-8
cache-control: no-cache

10:41:07.749 [AsyncHttpClient-1-9] DEBUG org.asynchttpclient.netty.channel.ChannelManager - Adding key: http://localhost:35609 for channel [id: 0xf6e1f4f7, L:/127.0.0.1:55606 - R:localhost/127.0.0.1:35609]
10:41:07.750 [Forwarding getElementTagName on session 0c3393b34c560b824d2bdebd024b2e4f to remote] DEBUG org.asynchttpclient.netty.request.NettyRequestSender - Using pooled Channel '[id: 0xf6e1f4f7, L:/127.0.0.1:55606 - R:localhost/127.0.0.1:35609]' for 'GET' to 'http://localhost:35609/session/0c3393b34c560b824d2bdebd024b2e4f/element/c0e7e7bb-b8ce-47d3-a44e-c57035f3a182/name'
10:41:07.750 [Forwarding getElementTagName on session 0c3393b34c560b824d2bdebd024b2e4f to remote] DEBUG org.asynchttpclient.netty.request.NettyRequestSender - Using open Channel [id: 0xf6e1f4f7, L:/127.0.0.1:55606 - R:localhost/127.0.0.1:35609] for GET '/session/0c3393b34c560b824d2bdebd024b2e4f/element/c0e7e7bb-b8ce-47d3-a44e-c57035f3a182/name'
10:41:07.754 [AsyncHttpClient-1-9] DEBUG org.asynchttpclient.netty.handler.HttpHandler - 

Request DefaultFullHttpRequest(decodeResult: success, version: HTTP/1.1, content: EmptyByteBufBE)
GET /session/0c3393b34c560b824d2bdebd024b2e4f/element/c0e7e7bb-b8ce-47d3-a44e-c57035f3a182/name HTTP/1.1
User-Agent: selenium/4.8.1 (java windows)
Cache-Control: no-cache
Content-Type: application/json; charset=utf-8
host: localhost:35609
accept: */*

Response DefaultHttpResponse(decodeResult: success, version: HTTP/1.1)
HTTP/1.1 200 OK
Content-Length: 18
Content-Type: application/json; charset=utf-8
cache-control: no-cache

10:41:07.754 [AsyncHttpClient-1-9] DEBUG org.asynchttpclient.netty.channel.ChannelManager - Adding key: http://localhost:35609 for channel [id: 0xf6e1f4f7, L:/127.0.0.1:55606 - R:localhost/127.0.0.1:35609]
10:41:07.755 [Forwarding getElementTagName on session 0c3393b34c560b824d2bdebd024b2e4f to remote] DEBUG org.asynchttpclient.netty.request.NettyRequestSender - Using pooled Channel '[id: 0xf6e1f4f7, L:/127.0.0.1:55606 - R:localhost/127.0.0.1:35609]' for 'GET' to 'http://localhost:35609/session/0c3393b34c560b824d2bdebd024b2e4f/element/c0e7e7bb-b8ce-47d3-a44e-c57035f3a182/name'
10:41:07.755 [Forwarding getElementTagName on session 0c3393b34c560b824d2bdebd024b2e4f to remote] DEBUG org.asynchttpclient.netty.request.NettyRequestSender - Using open Channel [id: 0xf6e1f4f7, L:/127.0.0.1:55606 - R:localhost/127.0.0.1:35609] for GET '/session/0c3393b34c560b824d2bdebd024b2e4f/element/c0e7e7bb-b8ce-47d3-a44e-c57035f3a182/name'
10:41:07.757 [AsyncHttpClient-1-9] DEBUG org.asynchttpclient.netty.handler.HttpHandler - 

Request DefaultFullHttpRequest(decodeResult: success, version: HTTP/1.1, content: EmptyByteBufBE)
GET /session/0c3393b34c560b824d2bdebd024b2e4f/element/c0e7e7bb-b8ce-47d3-a44e-c57035f3a182/name HTTP/1.1
User-Agent: selenium/4.8.1 (java windows)
Cache-Control: no-cache
Content-Type: application/json; charset=utf-8
host: localhost:35609
accept: */*

Response DefaultHttpResponse(decodeResult: success, version: HTTP/1.1)
HTTP/1.1 200 OK
Content-Length: 18
Content-Type: application/json; charset=utf-8
cache-control: no-cache

10:41:07.757 [AsyncHttpClient-1-9] DEBUG org.asynchttpclient.netty.channel.ChannelManager - Adding key: http://localhost:35609 for channel [id: 0xf6e1f4f7, L:/127.0.0.1:55606 - R:localhost/127.0.0.1:35609]
10:41:07.758 [Forwarding isElementEnabled on session 0c3393b34c560b824d2bdebd024b2e4f to remote] DEBUG org.asynchttpclient.netty.request.NettyRequestSender - Using pooled Channel '[id: 0xf6e1f4f7, L:/127.0.0.1:55606 - R:localhost/127.0.0.1:35609]' for 'GET' to 'http://localhost:35609/session/0c3393b34c560b824d2bdebd024b2e4f/element/c0e7e7bb-b8ce-47d3-a44e-c57035f3a182/enabled'
10:41:07.758 [Forwarding isElementEnabled on session 0c3393b34c560b824d2bdebd024b2e4f to remote] DEBUG org.asynchttpclient.netty.request.NettyRequestSender - Using open Channel [id: 0xf6e1f4f7, L:/127.0.0.1:55606 - R:localhost/127.0.0.1:35609] for GET '/session/0c3393b34c560b824d2bdebd024b2e4f/element/c0e7e7bb-b8ce-47d3-a44e-c57035f3a182/enabled'
10:41:07.765 [AsyncHttpClient-1-9] DEBUG org.asynchttpclient.netty.handler.HttpHandler - 

Request DefaultFullHttpRequest(decodeResult: success, version: HTTP/1.1, content: EmptyByteBufBE)
GET /session/0c3393b34c560b824d2bdebd024b2e4f/element/c0e7e7bb-b8ce-47d3-a44e-c57035f3a182/enabled HTTP/1.1
User-Agent: selenium/4.8.1 (java windows)
Cache-Control: no-cache
Content-Type: application/json; charset=utf-8
host: localhost:35609
accept: */*

Response DefaultHttpResponse(decodeResult: success, version: HTTP/1.1)
HTTP/1.1 200 OK
Content-Length: 14
Content-Type: application/json; charset=utf-8
cache-control: no-cache

10:41:07.765 [AsyncHttpClient-1-9] DEBUG org.asynchttpclient.netty.channel.ChannelManager - Adding key: http://localhost:35609 for channel [id: 0xf6e1f4f7, L:/127.0.0.1:55606 - R:localhost/127.0.0.1:35609]
10:41:07.766 [Forwarding isElementEnabled on session 0c3393b34c560b824d2bdebd024b2e4f to remote] DEBUG org.asynchttpclient.netty.request.NettyRequestSender - Using pooled Channel '[id: 0xf6e1f4f7, L:/127.0.0.1:55606 - R:localhost/127.0.0.1:35609]' for 'GET' to 'http://localhost:35609/session/0c3393b34c560b824d2bdebd024b2e4f/element/c0e7e7bb-b8ce-47d3-a44e-c57035f3a182/enabled'
10:41:07.766 [Forwarding isElementEnabled on session 0c3393b34c560b824d2bdebd024b2e4f to remote] DEBUG org.asynchttpclient.netty.request.NettyRequestSender - Using open Channel [id: 0xf6e1f4f7, L:/127.0.0.1:55606 - R:localhost/127.0.0.1:35609] for GET '/session/0c3393b34c560b824d2bdebd024b2e4f/element/c0e7e7bb-b8ce-47d3-a44e-c57035f3a182/enabled'
10:41:07.769 [AsyncHttpClient-1-9] DEBUG org.asynchttpclient.netty.handler.HttpHandler - 

Request DefaultFullHttpRequest(decodeResult: success, version: HTTP/1.1, content: EmptyByteBufBE)
GET /session/0c3393b34c560b824d2bdebd024b2e4f/element/c0e7e7bb-b8ce-47d3-a44e-c57035f3a182/enabled HTTP/1.1
User-Agent: selenium/4.8.1 (java windows)
Cache-Control: no-cache
Content-Type: application/json; charset=utf-8
host: localhost:35609
accept: */*

Response DefaultHttpResponse(decodeResult: success, version: HTTP/1.1)
HTTP/1.1 200 OK
Content-Length: 14
Content-Type: application/json; charset=utf-8
cache-control: no-cache

10:41:07.769 [AsyncHttpClient-1-9] DEBUG org.asynchttpclient.netty.channel.ChannelManager - Adding key: http://localhost:35609 for channel [id: 0xf6e1f4f7, L:/127.0.0.1:55606 - R:localhost/127.0.0.1:35609]
10:41:07.770 [Forwarding findElement on session 0c3393b34c560b824d2bdebd024b2e4f to remote] DEBUG org.asynchttpclient.netty.request.NettyRequestSender - Using pooled Channel '[id: 0xf6e1f4f7, L:/127.0.0.1:55606 - R:localhost/127.0.0.1:35609]' for 'POST' to 'http://localhost:35609/session/0c3393b34c560b824d2bdebd024b2e4f/element'
10:41:07.770 [Forwarding findElement on session 0c3393b34c560b824d2bdebd024b2e4f to remote] DEBUG org.asynchttpclient.netty.request.NettyRequestSender - Using open Channel [id: 0xf6e1f4f7, L:/127.0.0.1:55606 - R:localhost/127.0.0.1:35609] for POST '/session/0c3393b34c560b824d2bdebd024b2e4f/element'
10:41:07.775 [AsyncHttpClient-1-9] DEBUG org.asynchttpclient.netty.handler.HttpHandler - 

Request DefaultHttpRequest(decodeResult: success, version: HTTP/1.1)
POST /session/0c3393b34c560b824d2bdebd024b2e4f/element HTTP/1.1
User-Agent: selenium/4.8.1 (java windows)
Content-Length: 71
Content-Type: application/json; charset=utf-8
host: localhost:35609
accept: */*

Response DefaultHttpResponse(decodeResult: success, version: HTTP/1.1)
HTTP/1.1 200 OK
Content-Length: 88
Content-Type: application/json; charset=utf-8
cache-control: no-cache

10:41:07.775 [AsyncHttpClient-1-9] DEBUG org.asynchttpclient.netty.channel.ChannelManager - Adding key: http://localhost:35609 for channel [id: 0xf6e1f4f7, L:/127.0.0.1:55606 - R:localhost/127.0.0.1:35609]
10:41:07.776 [Forwarding clickElement on session 0c3393b34c560b824d2bdebd024b2e4f to remote] DEBUG org.asynchttpclient.netty.request.NettyRequestSender - Using pooled Channel '[id: 0xf6e1f4f7, L:/127.0.0.1:55606 - R:localhost/127.0.0.1:35609]' for 'POST' to 'http://localhost:35609/session/0c3393b34c560b824d2bdebd024b2e4f/element/c0e7e7bb-b8ce-47d3-a44e-c57035f3a182/click'
10:41:07.776 [Forwarding clickElement on session 0c3393b34c560b824d2bdebd024b2e4f to remote] DEBUG org.asynchttpclient.netty.request.NettyRequestSender - Using open Channel [id: 0xf6e1f4f7, L:/127.0.0.1:55606 - R:localhost/127.0.0.1:35609] for POST '/session/0c3393b34c560b824d2bdebd024b2e4f/element/c0e7e7bb-b8ce-47d3-a44e-c57035f3a182/click'
10:41:07.811 [AsyncHttpClient-1-9] DEBUG org.asynchttpclient.netty.handler.HttpHandler - 

Request DefaultHttpRequest(decodeResult: success, version: HTTP/1.1)
POST /session/0c3393b34c560b824d2bdebd024b2e4f/element/c0e7e7bb-b8ce-47d3-a44e-c57035f3a182/click HTTP/1.1
User-Agent: selenium/4.8.1 (java windows)
Content-Length: 50
Content-Type: application/json; charset=utf-8
host: localhost:35609
accept: */*

Response DefaultHttpResponse(decodeResult: success, version: HTTP/1.1)
HTTP/1.1 200 OK
Content-Length: 14
Content-Type: application/json; charset=utf-8
cache-control: no-cache

10:41:07.811 [AsyncHttpClient-1-9] DEBUG org.asynchttpclient.netty.channel.ChannelManager - Adding key: http://localhost:35609 for channel [id: 0xf6e1f4f7, L:/127.0.0.1:55606 - R:localhost/127.0.0.1:35609]
10:41:07.815 [Forwarding getAlertText on session 0c3393b34c560b824d2bdebd024b2e4f to remote] DEBUG org.asynchttpclient.netty.request.NettyRequestSender - Using pooled Channel '[id: 0xf6e1f4f7, L:/127.0.0.1:55606 - R:localhost/127.0.0.1:35609]' for 'GET' to 'http://localhost:35609/session/0c3393b34c560b824d2bdebd024b2e4f/alert/text'
10:41:07.815 [Forwarding getAlertText on session 0c3393b34c560b824d2bdebd024b2e4f to remote] DEBUG org.asynchttpclient.netty.request.NettyRequestSender - Using open Channel [id: 0xf6e1f4f7, L:/127.0.0.1:55606 - R:localhost/127.0.0.1:35609] for GET '/session/0c3393b34c560b824d2bdebd024b2e4f/alert/text'
10:41:07.816 [AsyncHttpClient-1-9] DEBUG org.asynchttpclient.netty.handler.HttpHandler - 

Request DefaultFullHttpRequest(decodeResult: success, version: HTTP/1.1, content: EmptyByteBufBE)
GET /session/0c3393b34c560b824d2bdebd024b2e4f/alert/text HTTP/1.1
User-Agent: selenium/4.8.1 (java windows)
Cache-Control: no-cache
Content-Type: application/json; charset=utf-8
host: localhost:35609
accept: */*

Response DefaultHttpResponse(decodeResult: success, version: HTTP/1.1)
HTTP/1.1 404 Not Found
Content-Length: 836
Content-Type: application/json; charset=utf-8
cache-control: no-cache

10:41:07.816 [AsyncHttpClient-1-9] DEBUG org.asynchttpclient.netty.channel.ChannelManager - Adding key: http://localhost:35609 for channel [id: 0xf6e1f4f7, L:/127.0.0.1:55606 - R:localhost/127.0.0.1:35609]
10:41:07.816 [Forwarding getCurrentUrl on session 0c3393b34c560b824d2bdebd024b2e4f to remote] DEBUG org.asynchttpclient.netty.request.NettyRequestSender - Using pooled Channel '[id: 0xf6e1f4f7, L:/127.0.0.1:55606 - R:localhost/127.0.0.1:35609]' for 'GET' to 'http://localhost:35609/session/0c3393b34c560b824d2bdebd024b2e4f/url'
10:41:07.816 [Forwarding getCurrentUrl on session 0c3393b34c560b824d2bdebd024b2e4f to remote] DEBUG org.asynchttpclient.netty.request.NettyRequestSender - Using open Channel [id: 0xf6e1f4f7, L:/127.0.0.1:55606 - R:localhost/127.0.0.1:35609] for GET '/session/0c3393b34c560b824d2bdebd024b2e4f/url'
10:41:07.819 [AsyncHttpClient-1-9] DEBUG org.asynchttpclient.netty.handler.HttpHandler - 

Request DefaultFullHttpRequest(decodeResult: success, version: HTTP/1.1, content: EmptyByteBufBE)
GET /session/0c3393b34c560b824d2bdebd024b2e4f/url HTTP/1.1
User-Agent: selenium/4.8.1 (java windows)
Cache-Control: no-cache
Content-Type: application/json; charset=utf-8
host: localhost:35609
accept: */*

Response DefaultHttpResponse(decodeResult: success, version: HTTP/1.1)
HTTP/1.1 200 OK
Content-Length: 51
Content-Type: application/json; charset=utf-8
cache-control: no-cache

10:41:07.819 [AsyncHttpClient-1-9] DEBUG org.asynchttpclient.netty.channel.ChannelManager - Adding key: http://localhost:35609 for channel [id: 0xf6e1f4f7, L:/127.0.0.1:55606 - R:localhost/127.0.0.1:35609]
10:41:07.819 [Forwarding screenshot on session 0c3393b34c560b824d2bdebd024b2e4f to remote] DEBUG org.asynchttpclient.netty.request.NettyRequestSender - Using pooled Channel '[id: 0xf6e1f4f7, L:/127.0.0.1:55606 - R:localhost/127.0.0.1:35609]' for 'GET' to 'http://localhost:35609/session/0c3393b34c560b824d2bdebd024b2e4f/screenshot'
10:41:07.819 [Forwarding screenshot on session 0c3393b34c560b824d2bdebd024b2e4f to remote] DEBUG org.asynchttpclient.netty.request.NettyRequestSender - Using open Channel [id: 0xf6e1f4f7, L:/127.0.0.1:55606 - R:localhost/127.0.0.1:35609] for GET '/session/0c3393b34c560b824d2bdebd024b2e4f/screenshot'
10:41:07.907 [AsyncHttpClient-1-9] DEBUG org.asynchttpclient.netty.handler.HttpHandler - 

Request DefaultFullHttpRequest(decodeResult: success, version: HTTP/1.1, content: EmptyByteBufBE)
GET /session/0c3393b34c560b824d2bdebd024b2e4f/screenshot HTTP/1.1
User-Agent: selenium/4.8.1 (java windows)
Cache-Control: no-cache
Content-Type: application/json; charset=utf-8
host: localhost:35609
accept: */*

Response DefaultHttpResponse(decodeResult: success, version: HTTP/1.1)
HTTP/1.1 200 OK
Content-Length: 30624
Content-Type: application/json; charset=utf-8
cache-control: no-cache

10:41:07.907 [AsyncHttpClient-1-9] DEBUG org.asynchttpclient.netty.channel.ChannelManager - Adding key: http://localhost:35609 for channel [id: 0xf6e1f4f7, L:/127.0.0.1:55606 - R:localhost/127.0.0.1:35609]
10:41:07.908 [main] DEBUG net.serenitybdd.core.photography.Darkroom - Send negative for processing for target\site\serenity\f41611f94dc513be3525526176b6d72b6041a832219c1d0f0acf9dcd328931f0.png
10:41:07.908 [main] DEBUG net.thucydides.core.steps.StepInterceptor - STEP DONE: clickLoginButton
10:41:07.908 [Darkroom Processing Line] DEBUG net.serenitybdd.core.photography.DarkroomProcessingLine - Processing screenshot image in /var/screenshots/screenshot-5982117403617721595
10:41:07.908 [Darkroom Processing Line] DEBUG net.serenitybdd.core.photography.DarkroomProcessingLine - Saving screenshot to target\site\serenity\f41611f94dc513be3525526176b6d72b6041a832219c1d0f0acf9dcd328931f0.png
10:41:07.911 [Forwarding getPageSource on session 0c3393b34c560b824d2bdebd024b2e4f to remote] DEBUG org.asynchttpclient.netty.request.NettyRequestSender - Using pooled Channel '[id: 0xf6e1f4f7, L:/127.0.0.1:55606 - R:localhost/127.0.0.1:35609]' for 'POST' to 'http://localhost:35609/session/0c3393b34c560b824d2bdebd024b2e4f/execute/sync'
10:41:07.911 [Forwarding getPageSource on session 0c3393b34c560b824d2bdebd024b2e4f to remote] DEBUG org.asynchttpclient.netty.request.NettyRequestSender - Using open Channel [id: 0xf6e1f4f7, L:/127.0.0.1:55606 - R:localhost/127.0.0.1:35609] for POST '/session/0c3393b34c560b824d2bdebd024b2e4f/execute/sync'
10:41:07.915 [AsyncHttpClient-1-9] DEBUG org.asynchttpclient.netty.handler.HttpHandler - 

Request DefaultHttpRequest(decodeResult: success, version: HTTP/1.1)
POST /session/0c3393b34c560b824d2bdebd024b2e4f/execute/sync HTTP/1.1
User-Agent: selenium/4.8.1 (java windows)
Content-Length: 176
Content-Type: application/json; charset=utf-8
host: localhost:35609
accept: */*

Response DefaultHttpResponse(decodeResult: success, version: HTTP/1.1)
HTTP/1.1 200 OK
Content-Length: 22105
Content-Type: application/json; charset=utf-8
cache-control: no-cache

10:41:07.915 [AsyncHttpClient-1-9] DEBUG org.asynchttpclient.netty.channel.ChannelManager - Adding key: http://localhost:35609 for channel [id: 0xf6e1f4f7, L:/127.0.0.1:55606 - R:localhost/127.0.0.1:35609]
10:41:07.916 [Forwarding getCurrentUrl on session 0c3393b34c560b824d2bdebd024b2e4f to remote] DEBUG org.asynchttpclient.netty.request.NettyRequestSender - Using pooled Channel '[id: 0xf6e1f4f7, L:/127.0.0.1:55606 - R:localhost/127.0.0.1:35609]' for 'GET' to 'http://localhost:35609/session/0c3393b34c560b824d2bdebd024b2e4f/url'
10:41:07.916 [Forwarding getCurrentUrl on session 0c3393b34c560b824d2bdebd024b2e4f to remote] DEBUG org.asynchttpclient.netty.request.NettyRequestSender - Using open Channel [id: 0xf6e1f4f7, L:/127.0.0.1:55606 - R:localhost/127.0.0.1:35609] for GET '/session/0c3393b34c560b824d2bdebd024b2e4f/url'
10:41:07.920 [AsyncHttpClient-1-9] DEBUG org.asynchttpclient.netty.handler.HttpHandler - 

Request DefaultFullHttpRequest(decodeResult: success, version: HTTP/1.1, content: EmptyByteBufBE)
GET /session/0c3393b34c560b824d2bdebd024b2e4f/url HTTP/1.1
User-Agent: selenium/4.8.1 (java windows)
Cache-Control: no-cache
Content-Type: application/json; charset=utf-8
host: localhost:35609
accept: */*

Response DefaultHttpResponse(decodeResult: success, version: HTTP/1.1)
HTTP/1.1 200 OK
Content-Length: 51
Content-Type: application/json; charset=utf-8
cache-control: no-cache

10:41:07.920 [AsyncHttpClient-1-9] DEBUG org.asynchttpclient.netty.channel.ChannelManager - Adding key: http://localhost:35609 for channel [id: 0xf6e1f4f7, L:/127.0.0.1:55606 - R:localhost/127.0.0.1:35609]
10:41:07.921 [main] DEBUG net.thucydides.core.steps.StepInterceptor - STARTING STEP: ProductSteps.onTheHomePage - validateOnHomePage
10:41:07.922 [Forwarding findElement on session 0c3393b34c560b824d2bdebd024b2e4f to remote] DEBUG org.asynchttpclient.netty.request.NettyRequestSender - Using pooled Channel '[id: 0xf6e1f4f7, L:/127.0.0.1:55606 - R:localhost/127.0.0.1:35609]' for 'POST' to 'http://localhost:35609/session/0c3393b34c560b824d2bdebd024b2e4f/element'
10:41:07.922 [Forwarding findElement on session 0c3393b34c560b824d2bdebd024b2e4f to remote] DEBUG org.asynchttpclient.netty.request.NettyRequestSender - Using open Channel [id: 0xf6e1f4f7, L:/127.0.0.1:55606 - R:localhost/127.0.0.1:35609] for POST '/session/0c3393b34c560b824d2bdebd024b2e4f/element'
10:41:08.193 [AsyncHttpClient-1-9] DEBUG org.asynchttpclient.netty.handler.HttpHandler - 

Request DefaultHttpRequest(decodeResult: success, version: HTTP/1.1)
POST /session/0c3393b34c560b824d2bdebd024b2e4f/element HTTP/1.1
User-Agent: selenium/4.8.1 (java windows)
Content-Length: 54
Content-Type: application/json; charset=utf-8
host: localhost:35609
accept: */*

Response DefaultHttpResponse(decodeResult: success, version: HTTP/1.1)
HTTP/1.1 200 OK
Content-Length: 88
Content-Type: application/json; charset=utf-8
cache-control: no-cache

10:41:08.193 [AsyncHttpClient-1-9] DEBUG org.asynchttpclient.netty.channel.ChannelManager - Adding key: http://localhost:35609 for channel [id: 0xf6e1f4f7, L:/127.0.0.1:55606 - R:localhost/127.0.0.1:35609]
10:41:08.195 [Forwarding isElementDisplayed on session 0c3393b34c560b824d2bdebd024b2e4f to remote] DEBUG org.asynchttpclient.netty.request.NettyRequestSender - Using pooled Channel '[id: 0xf6e1f4f7, L:/127.0.0.1:55606 - R:localhost/127.0.0.1:35609]' for 'POST' to 'http://localhost:35609/session/0c3393b34c560b824d2bdebd024b2e4f/execute/sync'
10:41:08.195 [Forwarding isElementDisplayed on session 0c3393b34c560b824d2bdebd024b2e4f to remote] DEBUG org.asynchttpclient.netty.request.NettyRequestSender - Using open Channel [id: 0xf6e1f4f7, L:/127.0.0.1:55606 - R:localhost/127.0.0.1:35609] for POST '/session/0c3393b34c560b824d2bdebd024b2e4f/execute/sync'
10:41:08.198 [AsyncHttpClient-1-1] DEBUG org.asynchttpclient.netty.channel.DefaultChannelPool - Entry count for : http://localhost:55608 : 1
10:41:08.207 [AsyncHttpClient-1-9] DEBUG org.asynchttpclient.netty.handler.HttpHandler - 

Request DefaultHttpRequest(decodeResult: success, version: HTTP/1.1)
POST /session/0c3393b34c560b824d2bdebd024b2e4f/execute/sync HTTP/1.1
User-Agent: selenium/4.8.1 (java windows)
Content-Length: 48807
Content-Type: application/json; charset=utf-8
host: localhost:35609
accept: */*

Response DefaultHttpResponse(decodeResult: success, version: HTTP/1.1)
HTTP/1.1 200 OK
Content-Length: 14
Content-Type: application/json; charset=utf-8
cache-control: no-cache

10:41:08.207 [AsyncHttpClient-1-9] DEBUG org.asynchttpclient.netty.channel.ChannelManager - Adding key: http://localhost:35609 for channel [id: 0xf6e1f4f7, L:/127.0.0.1:55606 - R:localhost/127.0.0.1:35609]
10:41:08.210 [Forwarding getAlertText on session 0c3393b34c560b824d2bdebd024b2e4f to remote] DEBUG org.asynchttpclient.netty.request.NettyRequestSender - Using pooled Channel '[id: 0xf6e1f4f7, L:/127.0.0.1:55606 - R:localhost/127.0.0.1:35609]' for 'GET' to 'http://localhost:35609/session/0c3393b34c560b824d2bdebd024b2e4f/alert/text'
10:41:08.210 [Forwarding getAlertText on session 0c3393b34c560b824d2bdebd024b2e4f to remote] DEBUG org.asynchttpclient.netty.request.NettyRequestSender - Using open Channel [id: 0xf6e1f4f7, L:/127.0.0.1:55606 - R:localhost/127.0.0.1:35609] for GET '/session/0c3393b34c560b824d2bdebd024b2e4f/alert/text'
10:41:08.211 [AsyncHttpClient-1-9] DEBUG org.asynchttpclient.netty.handler.HttpHandler - 

Request DefaultFullHttpRequest(decodeResult: success, version: HTTP/1.1, content: EmptyByteBufBE)
GET /session/0c3393b34c560b824d2bdebd024b2e4f/alert/text HTTP/1.1
User-Agent: selenium/4.8.1 (java windows)
Cache-Control: no-cache
Content-Type: application/json; charset=utf-8
host: localhost:35609
accept: */*

Response DefaultHttpResponse(decodeResult: success, version: HTTP/1.1)
HTTP/1.1 404 Not Found
Content-Length: 836
Content-Type: application/json; charset=utf-8
cache-control: no-cache

10:41:08.211 [AsyncHttpClient-1-9] DEBUG org.asynchttpclient.netty.channel.ChannelManager - Adding key: http://localhost:35609 for channel [id: 0xf6e1f4f7, L:/127.0.0.1:55606 - R:localhost/127.0.0.1:35609]
10:41:08.212 [Forwarding getCurrentUrl on session 0c3393b34c560b824d2bdebd024b2e4f to remote] DEBUG org.asynchttpclient.netty.request.NettyRequestSender - Using pooled Channel '[id: 0xf6e1f4f7, L:/127.0.0.1:55606 - R:localhost/127.0.0.1:35609]' for 'GET' to 'http://localhost:35609/session/0c3393b34c560b824d2bdebd024b2e4f/url'
10:41:08.212 [Forwarding getCurrentUrl on session 0c3393b34c560b824d2bdebd024b2e4f to remote] DEBUG org.asynchttpclient.netty.request.NettyRequestSender - Using open Channel [id: 0xf6e1f4f7, L:/127.0.0.1:55606 - R:localhost/127.0.0.1:35609] for GET '/session/0c3393b34c560b824d2bdebd024b2e4f/url'
10:41:08.214 [AsyncHttpClient-1-9] DEBUG org.asynchttpclient.netty.handler.HttpHandler - 

Request DefaultFullHttpRequest(decodeResult: success, version: HTTP/1.1, content: EmptyByteBufBE)
GET /session/0c3393b34c560b824d2bdebd024b2e4f/url HTTP/1.1
User-Agent: selenium/4.8.1 (java windows)
Cache-Control: no-cache
Content-Type: application/json; charset=utf-8
host: localhost:35609
accept: */*

Response DefaultHttpResponse(decodeResult: success, version: HTTP/1.1)
HTTP/1.1 200 OK
Content-Length: 41
Content-Type: application/json; charset=utf-8
cache-control: no-cache

10:41:08.214 [AsyncHttpClient-1-9] DEBUG org.asynchttpclient.netty.channel.ChannelManager - Adding key: http://localhost:35609 for channel [id: 0xf6e1f4f7, L:/127.0.0.1:55606 - R:localhost/127.0.0.1:35609]
10:41:08.214 [Forwarding screenshot on session 0c3393b34c560b824d2bdebd024b2e4f to remote] DEBUG org.asynchttpclient.netty.request.NettyRequestSender - Using pooled Channel '[id: 0xf6e1f4f7, L:/127.0.0.1:55606 - R:localhost/127.0.0.1:35609]' for 'GET' to 'http://localhost:35609/session/0c3393b34c560b824d2bdebd024b2e4f/screenshot'
10:41:08.214 [Forwarding screenshot on session 0c3393b34c560b824d2bdebd024b2e4f to remote] DEBUG org.asynchttpclient.netty.request.NettyRequestSender - Using open Channel [id: 0xf6e1f4f7, L:/127.0.0.1:55606 - R:localhost/127.0.0.1:35609] for GET '/session/0c3393b34c560b824d2bdebd024b2e4f/screenshot'
10:41:08.345 [AsyncHttpClient-1-9] DEBUG org.asynchttpclient.netty.handler.HttpHandler - 

Request DefaultFullHttpRequest(decodeResult: success, version: HTTP/1.1, content: EmptyByteBufBE)
GET /session/0c3393b34c560b824d2bdebd024b2e4f/screenshot HTTP/1.1
User-Agent: selenium/4.8.1 (java windows)
Cache-Control: no-cache
Content-Type: application/json; charset=utf-8
host: localhost:35609
accept: */*

Response DefaultHttpResponse(decodeResult: success, version: HTTP/1.1)
HTTP/1.1 200 OK
Content-Length: 26200
Content-Type: application/json; charset=utf-8
cache-control: no-cache

10:41:08.346 [AsyncHttpClient-1-9] DEBUG org.asynchttpclient.netty.channel.ChannelManager - Adding key: http://localhost:35609 for channel [id: 0xf6e1f4f7, L:/127.0.0.1:55606 - R:localhost/127.0.0.1:35609]
10:41:08.346 [main] DEBUG net.serenitybdd.core.photography.Darkroom - Send negative for processing for target\site\serenity\69f55fbf57d3587dcae9897cee04f91dd48999c444ff5abeced79aeee31a1ff3.png
10:41:08.346 [main] DEBUG net.thucydides.core.steps.StepInterceptor - STEP DONE: validateOnHomePage
  &amp#27;[32mGiven &amp#27;[0m&amp#27;[32mI already login and go to the alta-shop home page&amp#27;[0m &amp#27;[90m# starter.stepdefinitions.ProductSteps.onTheHomePage()&amp#27;[0m
10:41:08.347 [Darkroom Processing Line] DEBUG net.serenitybdd.core.photography.DarkroomProcessingLine - Processing screenshot image in /var/screenshots/screenshot-16225176861868249881
10:41:08.347 [Darkroom Processing Line] DEBUG net.serenitybdd.core.photography.DarkroomProcessingLine - Saving screenshot to target\site\serenity\69f55fbf57d3587dcae9897cee04f91dd48999c444ff5abeced79aeee31a1ff3.png
10:41:08.352 [Forwarding getPageSource on session 0c3393b34c560b824d2bdebd024b2e4f to remote] DEBUG org.asynchttpclient.netty.request.NettyRequestSender - Using pooled Channel '[id: 0xf6e1f4f7, L:/127.0.0.1:55606 - R:localhost/127.0.0.1:35609]' for 'POST' to 'http://localhost:35609/session/0c3393b34c560b824d2bdebd024b2e4f/execute/sync'
10:41:08.352 [Forwarding getPageSource on session 0c3393b34c560b824d2bdebd024b2e4f to remote] DEBUG org.asynchttpclient.netty.request.NettyRequestSender - Using open Channel [id: 0xf6e1f4f7, L:/127.0.0.1:55606 - R:localhost/127.0.0.1:35609] for POST '/session/0c3393b34c560b824d2bdebd024b2e4f/execute/sync'
10:41:08.357 [AsyncHttpClient-1-9] DEBUG org.asynchttpclient.netty.handler.HttpHandler - 

Request DefaultHttpRequest(decodeResult: success, version: HTTP/1.1)
POST /session/0c3393b34c560b824d2bdebd024b2e4f/execute/sync HTTP/1.1
User-Agent: selenium/4.8.1 (java windows)
Content-Length: 176
Content-Type: application/json; charset=utf-8
host: localhost:35609
accept: */*

Response DefaultHttpResponse(decodeResult: success, version: HTTP/1.1)
HTTP/1.1 200 OK
Content-Length: 28798
Content-Type: application/json; charset=utf-8
cache-control: no-cache

10:41:08.357 [AsyncHttpClient-1-9] DEBUG org.asynchttpclient.netty.channel.ChannelManager - Adding key: http://localhost:35609 for channel [id: 0xf6e1f4f7, L:/127.0.0.1:55606 - R:localhost/127.0.0.1:35609]
10:41:08.358 [Forwarding getCurrentUrl on session 0c3393b34c560b824d2bdebd024b2e4f to remote] DEBUG org.asynchttpclient.netty.request.NettyRequestSender - Using pooled Channel '[id: 0xf6e1f4f7, L:/127.0.0.1:55606 - R:localhost/127.0.0.1:35609]' for 'GET' to 'http://localhost:35609/session/0c3393b34c560b824d2bdebd024b2e4f/url'
10:41:08.358 [Forwarding getCurrentUrl on session 0c3393b34c560b824d2bdebd024b2e4f to remote] DEBUG org.asynchttpclient.netty.request.NettyRequestSender - Using open Channel [id: 0xf6e1f4f7, L:/127.0.0.1:55606 - R:localhost/127.0.0.1:35609] for GET '/session/0c3393b34c560b824d2bdebd024b2e4f/url'
10:41:08.361 [AsyncHttpClient-1-9] DEBUG org.asynchttpclient.netty.handler.HttpHandler - 

Request DefaultFullHttpRequest(decodeResult: success, version: HTTP/1.1, content: EmptyByteBufBE)
GET /session/0c3393b34c560b824d2bdebd024b2e4f/url HTTP/1.1
User-Agent: selenium/4.8.1 (java windows)
Cache-Control: no-cache
Content-Type: application/json; charset=utf-8
host: localhost:35609
accept: */*

Response DefaultHttpResponse(decodeResult: success, version: HTTP/1.1)
HTTP/1.1 200 OK
Content-Length: 41
Content-Type: application/json; charset=utf-8
cache-control: no-cache

10:41:08.361 [AsyncHttpClient-1-9] DEBUG org.asynchttpclient.netty.channel.ChannelManager - Adding key: http://localhost:35609 for channel [id: 0xf6e1f4f7, L:/127.0.0.1:55606 - R:localhost/127.0.0.1:35609]
10:41:08.373 [Forwarding getPageSource on session 0c3393b34c560b824d2bdebd024b2e4f to remote] DEBUG org.asynchttpclient.netty.request.NettyRequestSender - Using pooled Channel '[id: 0xf6e1f4f7, L:/127.0.0.1:55606 - R:localhost/127.0.0.1:35609]' for 'POST' to 'http://localhost:35609/session/0c3393b34c560b824d2bdebd024b2e4f/execute/sync'
10:41:08.373 [Forwarding getPageSource on session 0c3393b34c560b824d2bdebd024b2e4f to remote] DEBUG org.asynchttpclient.netty.request.NettyRequestSender - Using open Channel [id: 0xf6e1f4f7, L:/127.0.0.1:55606 - R:localhost/127.0.0.1:35609] for POST '/session/0c3393b34c560b824d2bdebd024b2e4f/execute/sync'
10:41:08.802 [AsyncHttpClient-1-9] DEBUG org.asynchttpclient.netty.handler.HttpHandler - 

Request DefaultHttpRequest(decodeResult: success, version: HTTP/1.1)
POST /session/0c3393b34c560b824d2bdebd024b2e4f/execute/sync HTTP/1.1
User-Agent: selenium/4.8.1 (java windows)
Content-Length: 176
Content-Type: application/json; charset=utf-8
host: localhost:35609
accept: */*

Response DefaultHttpResponse(decodeResult: success, version: HTTP/1.1)
HTTP/1.1 200 OK
Content-Length: 293456
Content-Type: application/json; charset=utf-8
cache-control: no-cache

10:41:08.803 [AsyncHttpClient-1-9] DEBUG org.asynchttpclient.netty.channel.ChannelManager - Adding key: http://localhost:35609 for channel [id: 0xf6e1f4f7, L:/127.0.0.1:55606 - R:localhost/127.0.0.1:35609]
10:41:08.821 [Forwarding getCurrentUrl on session 0c3393b34c560b824d2bdebd024b2e4f to remote] DEBUG org.asynchttpclient.netty.request.NettyRequestSender - Using pooled Channel '[id: 0xf6e1f4f7, L:/127.0.0.1:55606 - R:localhost/127.0.0.1:35609]' for 'GET' to 'http://localhost:35609/session/0c3393b34c560b824d2bdebd024b2e4f/url'
10:41:08.821 [Forwarding getCurrentUrl on session 0c3393b34c560b824d2bdebd024b2e4f to remote] DEBUG org.asynchttpclient.netty.request.NettyRequestSender - Using open Channel [id: 0xf6e1f4f7, L:/127.0.0.1:55606 - R:localhost/127.0.0.1:35609] for GET '/session/0c3393b34c560b824d2bdebd024b2e4f/url'
10:41:08.826 [AsyncHttpClient-1-9] DEBUG org.asynchttpclient.netty.handler.HttpHandler - 

Request DefaultFullHttpRequest(decodeResult: success, version: HTTP/1.1, content: EmptyByteBufBE)
GET /session/0c3393b34c560b824d2bdebd024b2e4f/url HTTP/1.1
User-Agent: selenium/4.8.1 (java windows)
Cache-Control: no-cache
Content-Type: application/json; charset=utf-8
host: localhost:35609
accept: */*

Response DefaultHttpResponse(decodeResult: success, version: HTTP/1.1)
HTTP/1.1 200 OK
Content-Length: 41
Content-Type: application/json; charset=utf-8
cache-control: no-cache

10:41:08.826 [AsyncHttpClient-1-9] DEBUG org.asynchttpclient.netty.channel.ChannelManager - Adding key: http://localhost:35609 for channel [id: 0xf6e1f4f7, L:/127.0.0.1:55606 - R:localhost/127.0.0.1:35609]
10:41:08.835 [main] DEBUG net.thucydides.core.steps.StepInterceptor - STARTING STEP: LogoutSteps.clickUserIcon - clickUserIcon
10:41:08.837 [Forwarding findElement on session 0c3393b34c560b824d2bdebd024b2e4f to remote] DEBUG org.asynchttpclient.netty.request.NettyRequestSender - Using pooled Channel '[id: 0xf6e1f4f7, L:/127.0.0.1:55606 - R:localhost/127.0.0.1:35609]' for 'POST' to 'http://localhost:35609/session/0c3393b34c560b824d2bdebd024b2e4f/element'
10:41:08.837 [Forwarding findElement on session 0c3393b34c560b824d2bdebd024b2e4f to remote] DEBUG org.asynchttpclient.netty.request.NettyRequestSender - Using open Channel [id: 0xf6e1f4f7, L:/127.0.0.1:55606 - R:localhost/127.0.0.1:35609] for POST '/session/0c3393b34c560b824d2bdebd024b2e4f/element'
10:41:08.861 [AsyncHttpClient-1-9] DEBUG org.asynchttpclient.netty.handler.HttpHandler - 

Request DefaultHttpRequest(decodeResult: success, version: HTTP/1.1)
POST /session/0c3393b34c560b824d2bdebd024b2e4f/element HTTP/1.1
User-Agent: selenium/4.8.1 (java windows)
Content-Length: 54
Content-Type: application/json; charset=utf-8
host: localhost:35609
accept: */*

Response DefaultHttpResponse(decodeResult: success, version: HTTP/1.1)
HTTP/1.1 200 OK
Content-Length: 88
Content-Type: application/json; charset=utf-8
cache-control: no-cache

10:41:08.861 [AsyncHttpClient-1-9] DEBUG org.asynchttpclient.netty.channel.ChannelManager - Adding key: http://localhost:35609 for channel [id: 0xf6e1f4f7, L:/127.0.0.1:55606 - R:localhost/127.0.0.1:35609]
10:41:08.862 [Forwarding getElementTagName on session 0c3393b34c560b824d2bdebd024b2e4f to remote] DEBUG org.asynchttpclient.netty.request.NettyRequestSender - Using pooled Channel '[id: 0xf6e1f4f7, L:/127.0.0.1:55606 - R:localhost/127.0.0.1:35609]' for 'GET' to 'http://localhost:35609/session/0c3393b34c560b824d2bdebd024b2e4f/element/01723602-a15d-402d-8787-192f8a64bc83/name'
10:41:08.863 [Forwarding getElementTagName on session 0c3393b34c560b824d2bdebd024b2e4f to remote] DEBUG org.asynchttpclient.netty.request.NettyRequestSender - Using open Channel [id: 0xf6e1f4f7, L:/127.0.0.1:55606 - R:localhost/127.0.0.1:35609] for GET '/session/0c3393b34c560b824d2bdebd024b2e4f/element/01723602-a15d-402d-8787-192f8a64bc83/name'
10:41:08.867 [AsyncHttpClient-1-9] DEBUG org.asynchttpclient.netty.handler.HttpHandler - 

Request DefaultFullHttpRequest(decodeResult: success, version: HTTP/1.1, content: EmptyByteBufBE)
GET /session/0c3393b34c560b824d2bdebd024b2e4f/element/01723602-a15d-402d-8787-192f8a64bc83/name HTTP/1.1
User-Agent: selenium/4.8.1 (java windows)
Cache-Control: no-cache
Content-Type: application/json; charset=utf-8
host: localhost:35609
accept: */*

Response DefaultHttpResponse(decodeResult: success, version: HTTP/1.1)
HTTP/1.1 200 OK
Content-Length: 13
Content-Type: application/json; charset=utf-8
cache-control: no-cache

10:41:08.867 [AsyncHttpClient-1-9] DEBUG org.asynchttpclient.netty.channel.ChannelManager - Adding key: http://localhost:35609 for channel [id: 0xf6e1f4f7, L:/127.0.0.1:55606 - R:localhost/127.0.0.1:35609]
10:41:08.868 [Forwarding getElementTagName on session 0c3393b34c560b824d2bdebd024b2e4f to remote] DEBUG org.asynchttpclient.netty.request.NettyRequestSender - Using pooled Channel '[id: 0xf6e1f4f7, L:/127.0.0.1:55606 - R:localhost/127.0.0.1:35609]' for 'GET' to 'http://localhost:35609/session/0c3393b34c560b824d2bdebd024b2e4f/element/01723602-a15d-402d-8787-192f8a64bc83/name'
10:41:08.868 [Forwarding getElementTagName on session 0c3393b34c560b824d2bdebd024b2e4f to remote] DEBUG org.asynchttpclient.netty.request.NettyRequestSender - Using open Channel [id: 0xf6e1f4f7, L:/127.0.0.1:55606 - R:localhost/127.0.0.1:35609] for GET '/session/0c3393b34c560b824d2bdebd024b2e4f/element/01723602-a15d-402d-8787-192f8a64bc83/name'
10:41:08.872 [AsyncHttpClient-1-9] DEBUG org.asynchttpclient.netty.handler.HttpHandler - 

Request DefaultFullHttpRequest(decodeResult: success, version: HTTP/1.1, content: EmptyByteBufBE)
GET /session/0c3393b34c560b824d2bdebd024b2e4f/element/01723602-a15d-402d-8787-192f8a64bc83/name HTTP/1.1
User-Agent: selenium/4.8.1 (java windows)
Cache-Control: no-cache
Content-Type: application/json; charset=utf-8
host: localhost:35609
accept: */*

Response DefaultHttpResponse(decodeResult: success, version: HTTP/1.1)
HTTP/1.1 200 OK
Content-Length: 13
Content-Type: application/json; charset=utf-8
cache-control: no-cache

10:41:08.872 [AsyncHttpClient-1-9] DEBUG org.asynchttpclient.netty.channel.ChannelManager - Adding key: http://localhost:35609 for channel [id: 0xf6e1f4f7, L:/127.0.0.1:55606 - R:localhost/127.0.0.1:35609]
10:41:08.875 [Forwarding findElement on session 0c3393b34c560b824d2bdebd024b2e4f to remote] DEBUG org.asynchttpclient.netty.request.NettyRequestSender - Using pooled Channel '[id: 0xf6e1f4f7, L:/127.0.0.1:55606 - R:localhost/127.0.0.1:35609]' for 'POST' to 'http://localhost:35609/session/0c3393b34c560b824d2bdebd024b2e4f/element'
10:41:08.875 [Forwarding findElement on session 0c3393b34c560b824d2bdebd024b2e4f to remote] DEBUG org.asynchttpclient.netty.request.NettyRequestSender - Using open Channel [id: 0xf6e1f4f7, L:/127.0.0.1:55606 - R:localhost/127.0.0.1:35609] for POST '/session/0c3393b34c560b824d2bdebd024b2e4f/element'
10:41:08.883 [AsyncHttpClient-1-9] DEBUG org.asynchttpclient.netty.handler.HttpHandler - 

Request DefaultHttpRequest(decodeResult: success, version: HTTP/1.1)
POST /session/0c3393b34c560b824d2bdebd024b2e4f/element HTTP/1.1
User-Agent: selenium/4.8.1 (java windows)
Content-Length: 54
Content-Type: application/json; charset=utf-8
host: localhost:35609
accept: */*

Response DefaultHttpResponse(decodeResult: success, version: HTTP/1.1)
HTTP/1.1 200 OK
Content-Length: 88
Content-Type: application/json; charset=utf-8
cache-control: no-cache

10:41:08.883 [AsyncHttpClient-1-9] DEBUG org.asynchttpclient.netty.channel.ChannelManager - Adding key: http://localhost:35609 for channel [id: 0xf6e1f4f7, L:/127.0.0.1:55606 - R:localhost/127.0.0.1:35609]
10:41:08.884 [Forwarding clickElement on session 0c3393b34c560b824d2bdebd024b2e4f to remote] DEBUG org.asynchttpclient.netty.request.NettyRequestSender - Using pooled Channel '[id: 0xf6e1f4f7, L:/127.0.0.1:55606 - R:localhost/127.0.0.1:35609]' for 'POST' to 'http://localhost:35609/session/0c3393b34c560b824d2bdebd024b2e4f/element/01723602-a15d-402d-8787-192f8a64bc83/click'
10:41:08.884 [Forwarding clickElement on session 0c3393b34c560b824d2bdebd024b2e4f to remote] DEBUG org.asynchttpclient.netty.request.NettyRequestSender - Using open Channel [id: 0xf6e1f4f7, L:/127.0.0.1:55606 - R:localhost/127.0.0.1:35609] for POST '/session/0c3393b34c560b824d2bdebd024b2e4f/element/01723602-a15d-402d-8787-192f8a64bc83/click'
10:41:08.936 [AsyncHttpClient-1-9] DEBUG org.asynchttpclient.netty.handler.HttpHandler - 

Request DefaultHttpRequest(decodeResult: success, version: HTTP/1.1)
POST /session/0c3393b34c560b824d2bdebd024b2e4f/element/01723602-a15d-402d-8787-192f8a64bc83/click HTTP/1.1
User-Agent: selenium/4.8.1 (java windows)
Content-Length: 50
Content-Type: application/json; charset=utf-8
host: localhost:35609
accept: */*

Response DefaultHttpResponse(decodeResult: success, version: HTTP/1.1)
HTTP/1.1 200 OK
Content-Length: 14
Content-Type: application/json; charset=utf-8
cache-control: no-cache

10:41:08.936 [AsyncHttpClient-1-9] DEBUG org.asynchttpclient.netty.channel.ChannelManager - Adding key: http://localhost:35609 for channel [id: 0xf6e1f4f7, L:/127.0.0.1:55606 - R:localhost/127.0.0.1:35609]
10:41:08.940 [Forwarding getAlertText on session 0c3393b34c560b824d2bdebd024b2e4f to remote] DEBUG org.asynchttpclient.netty.request.NettyRequestSender - Using pooled Channel '[id: 0xf6e1f4f7, L:/127.0.0.1:55606 - R:localhost/127.0.0.1:35609]' for 'GET' to 'http://localhost:35609/session/0c3393b34c560b824d2bdebd024b2e4f/alert/text'
10:41:08.940 [Forwarding getAlertText on session 0c3393b34c560b824d2bdebd024b2e4f to remote] DEBUG org.asynchttpclient.netty.request.NettyRequestSender - Using open Channel [id: 0xf6e1f4f7, L:/127.0.0.1:55606 - R:localhost/127.0.0.1:35609] for GET '/session/0c3393b34c560b824d2bdebd024b2e4f/alert/text'
10:41:08.945 [AsyncHttpClient-1-9] DEBUG org.asynchttpclient.netty.handler.HttpHandler - 

Request DefaultFullHttpRequest(decodeResult: success, version: HTTP/1.1, content: EmptyByteBufBE)
GET /session/0c3393b34c560b824d2bdebd024b2e4f/alert/text HTTP/1.1
User-Agent: selenium/4.8.1 (java windows)
Cache-Control: no-cache
Content-Type: application/json; charset=utf-8
host: localhost:35609
accept: */*

Response DefaultHttpResponse(decodeResult: success, version: HTTP/1.1)
HTTP/1.1 404 Not Found
Content-Length: 836
Content-Type: application/json; charset=utf-8
cache-control: no-cache

10:41:08.945 [AsyncHttpClient-1-9] DEBUG org.asynchttpclient.netty.channel.ChannelManager - Adding key: http://localhost:35609 for channel [id: 0xf6e1f4f7, L:/127.0.0.1:55606 - R:localhost/127.0.0.1:35609]
10:41:08.946 [Forwarding getCurrentUrl on session 0c3393b34c560b824d2bdebd024b2e4f to remote] DEBUG org.asynchttpclient.netty.request.NettyRequestSender - Using pooled Channel '[id: 0xf6e1f4f7, L:/127.0.0.1:55606 - R:localhost/127.0.0.1:35609]' for 'GET' to 'http://localhost:35609/session/0c3393b34c560b824d2bdebd024b2e4f/url'
10:41:08.946 [Forwarding getCurrentUrl on session 0c3393b34c560b824d2bdebd024b2e4f to remote] DEBUG org.asynchttpclient.netty.request.NettyRequestSender - Using open Channel [id: 0xf6e1f4f7, L:/127.0.0.1:55606 - R:localhost/127.0.0.1:35609] for GET '/session/0c3393b34c560b824d2bdebd024b2e4f/url'
10:41:08.950 [AsyncHttpClient-1-9] DEBUG org.asynchttpclient.netty.handler.HttpHandler - 

Request DefaultFullHttpRequest(decodeResult: success, version: HTTP/1.1, content: EmptyByteBufBE)
GET /session/0c3393b34c560b824d2bdebd024b2e4f/url HTTP/1.1
User-Agent: selenium/4.8.1 (java windows)
Cache-Control: no-cache
Content-Type: application/json; charset=utf-8
host: localhost:35609
accept: */*

Response DefaultHttpResponse(decodeResult: success, version: HTTP/1.1)
HTTP/1.1 200 OK
Content-Length: 41
Content-Type: application/json; charset=utf-8
cache-control: no-cache

10:41:08.950 [AsyncHttpClient-1-9] DEBUG org.asynchttpclient.netty.channel.ChannelManager - Adding key: http://localhost:35609 for channel [id: 0xf6e1f4f7, L:/127.0.0.1:55606 - R:localhost/127.0.0.1:35609]
10:41:08.950 [Forwarding screenshot on session 0c3393b34c560b824d2bdebd024b2e4f to remote] DEBUG org.asynchttpclient.netty.request.NettyRequestSender - Using pooled Channel '[id: 0xf6e1f4f7, L:/127.0.0.1:55606 - R:localhost/127.0.0.1:35609]' for 'GET' to 'http://localhost:35609/session/0c3393b34c560b824d2bdebd024b2e4f/screenshot'
10:41:08.950 [Forwarding screenshot on session 0c3393b34c560b824d2bdebd024b2e4f to remote] DEBUG org.asynchttpclient.netty.request.NettyRequestSender - Using open Channel [id: 0xf6e1f4f7, L:/127.0.0.1:55606 - R:localhost/127.0.0.1:35609] for GET '/session/0c3393b34c560b824d2bdebd024b2e4f/screenshot'
10:41:09.067 [AsyncHttpClient-1-9] DEBUG org.asynchttpclient.netty.handler.HttpHandler - 

Request DefaultFullHttpRequest(decodeResult: success, version: HTTP/1.1, content: EmptyByteBufBE)
GET /session/0c3393b34c560b824d2bdebd024b2e4f/screenshot HTTP/1.1
User-Agent: selenium/4.8.1 (java windows)
Cache-Control: no-cache
Content-Type: application/json; charset=utf-8
host: localhost:35609
accept: */*

Response DefaultHttpResponse(decodeResult: success, version: HTTP/1.1)
HTTP/1.1 200 OK
Content-Length: 73520
Content-Type: application/json; charset=utf-8
cache-control: no-cache

10:41:09.068 [AsyncHttpClient-1-9] DEBUG org.asynchttpclient.netty.channel.ChannelManager - Adding key: http://localhost:35609 for channel [id: 0xf6e1f4f7, L:/127.0.0.1:55606 - R:localhost/127.0.0.1:35609]
10:41:09.069 [main] DEBUG net.serenitybdd.core.photography.Darkroom - Send negative for processing for target\site\serenity\c42b9096383ea001ce82c14d82f098ac97eae7f1e30b15d1cc9ff34c76fdf306.png
10:41:09.069 [main] DEBUG net.thucydides.core.steps.StepInterceptor - STEP DONE: clickUserIcon
  &amp#27;[32mWhen &amp#27;[0m&amp#27;[32mI click user icon&amp#27;[0m                                  &amp#27;[90m# starter.stepdefinitions.LogoutSteps.clickUserIcon()&amp#27;[0m
10:41:09.071 [Darkroom Processing Line] DEBUG net.serenitybdd.core.photography.DarkroomProcessingLine - Processing screenshot image in /var/screenshots/screenshot-17622866321087567757
10:41:09.071 [Darkroom Processing Line] DEBUG net.serenitybdd.core.photography.DarkroomProcessingLine - Saving screenshot to target\site\serenity\c42b9096383ea001ce82c14d82f098ac97eae7f1e30b15d1cc9ff34c76fdf306.png
10:41:09.077 [Forwarding getPageSource on session 0c3393b34c560b824d2bdebd024b2e4f to remote] DEBUG org.asynchttpclient.netty.request.NettyRequestSender - Using pooled Channel '[id: 0xf6e1f4f7, L:/127.0.0.1:55606 - R:localhost/127.0.0.1:35609]' for 'POST' to 'http://localhost:35609/session/0c3393b34c560b824d2bdebd024b2e4f/execute/sync'
10:41:09.077 [Forwarding getPageSource on session 0c3393b34c560b824d2bdebd024b2e4f to remote] DEBUG org.asynchttpclient.netty.request.NettyRequestSender - Using open Channel [id: 0xf6e1f4f7, L:/127.0.0.1:55606 - R:localhost/127.0.0.1:35609] for POST '/session/0c3393b34c560b824d2bdebd024b2e4f/execute/sync'
10:41:09.092 [AsyncHttpClient-1-9] DEBUG org.asynchttpclient.netty.handler.HttpHandler - 

Request DefaultHttpRequest(decodeResult: success, version: HTTP/1.1)
POST /session/0c3393b34c560b824d2bdebd024b2e4f/execute/sync HTTP/1.1
User-Agent: selenium/4.8.1 (java windows)
Content-Length: 176
Content-Type: application/json; charset=utf-8
host: localhost:35609
accept: */*

Response DefaultHttpResponse(decodeResult: success, version: HTTP/1.1)
HTTP/1.1 200 OK
Content-Length: 294744
Content-Type: application/json; charset=utf-8
cache-control: no-cache

10:41:09.092 [AsyncHttpClient-1-9] DEBUG org.asynchttpclient.netty.channel.ChannelManager - Adding key: http://localhost:35609 for channel [id: 0xf6e1f4f7, L:/127.0.0.1:55606 - R:localhost/127.0.0.1:35609]
10:41:09.105 [Forwarding getCurrentUrl on session 0c3393b34c560b824d2bdebd024b2e4f to remote] DEBUG org.asynchttpclient.netty.request.NettyRequestSender - Using pooled Channel '[id: 0xf6e1f4f7, L:/127.0.0.1:55606 - R:localhost/127.0.0.1:35609]' for 'GET' to 'http://localhost:35609/session/0c3393b34c560b824d2bdebd024b2e4f/url'
10:41:09.105 [Forwarding getCurrentUrl on session 0c3393b34c560b824d2bdebd024b2e4f to remote] DEBUG org.asynchttpclient.netty.request.NettyRequestSender - Using open Channel [id: 0xf6e1f4f7, L:/127.0.0.1:55606 - R:localhost/127.0.0.1:35609] for GET '/session/0c3393b34c560b824d2bdebd024b2e4f/url'
10:41:09.108 [AsyncHttpClient-1-9] DEBUG org.asynchttpclient.netty.handler.HttpHandler - 

Request DefaultFullHttpRequest(decodeResult: success, version: HTTP/1.1, content: EmptyByteBufBE)
GET /session/0c3393b34c560b824d2bdebd024b2e4f/url HTTP/1.1
User-Agent: selenium/4.8.1 (java windows)
Cache-Control: no-cache
Content-Type: application/json; charset=utf-8
host: localhost:35609
accept: */*

Response DefaultHttpResponse(decodeResult: success, version: HTTP/1.1)
HTTP/1.1 200 OK
Content-Length: 41
Content-Type: application/json; charset=utf-8
cache-control: no-cache

10:41:09.108 [AsyncHttpClient-1-9] DEBUG org.asynchttpclient.netty.channel.ChannelManager - Adding key: http://localhost:35609 for channel [id: 0xf6e1f4f7, L:/127.0.0.1:55606 - R:localhost/127.0.0.1:35609]
10:41:09.149 [Forwarding getAlertText on session 0c3393b34c560b824d2bdebd024b2e4f to remote] DEBUG org.asynchttpclient.netty.request.NettyRequestSender - Using pooled Channel '[id: 0xf6e1f4f7, L:/127.0.0.1:55606 - R:localhost/127.0.0.1:35609]' for 'GET' to 'http://localhost:35609/session/0c3393b34c560b824d2bdebd024b2e4f/alert/text'
10:41:09.149 [Forwarding getAlertText on session 0c3393b34c560b824d2bdebd024b2e4f to remote] DEBUG org.asynchttpclient.netty.request.NettyRequestSender - Using open Channel [id: 0xf6e1f4f7, L:/127.0.0.1:55606 - R:localhost/127.0.0.1:35609] for GET '/session/0c3393b34c560b824d2bdebd024b2e4f/alert/text'
10:41:09.150 [AsyncHttpClient-1-9] DEBUG org.asynchttpclient.netty.handler.HttpHandler - 

Request DefaultFullHttpRequest(decodeResult: success, version: HTTP/1.1, content: EmptyByteBufBE)
GET /session/0c3393b34c560b824d2bdebd024b2e4f/alert/text HTTP/1.1
User-Agent: selenium/4.8.1 (java windows)
Cache-Control: no-cache
Content-Type: application/json; charset=utf-8
host: localhost:35609
accept: */*

Response DefaultHttpResponse(decodeResult: success, version: HTTP/1.1)
HTTP/1.1 404 Not Found
Content-Length: 836
Content-Type: application/json; charset=utf-8
cache-control: no-cache

10:41:09.150 [AsyncHttpClient-1-9] DEBUG org.asynchttpclient.netty.channel.ChannelManager - Adding key: http://localhost:35609 for channel [id: 0xf6e1f4f7, L:/127.0.0.1:55606 - R:localhost/127.0.0.1:35609]
10:41:09.151 [Forwarding getCurrentUrl on session 0c3393b34c560b824d2bdebd024b2e4f to remote] DEBUG org.asynchttpclient.netty.request.NettyRequestSender - Using pooled Channel '[id: 0xf6e1f4f7, L:/127.0.0.1:55606 - R:localhost/127.0.0.1:35609]' for 'GET' to 'http://localhost:35609/session/0c3393b34c560b824d2bdebd024b2e4f/url'
10:41:09.151 [Forwarding getCurrentUrl on session 0c3393b34c560b824d2bdebd024b2e4f to remote] DEBUG org.asynchttpclient.netty.request.NettyRequestSender - Using open Channel [id: 0xf6e1f4f7, L:/127.0.0.1:55606 - R:localhost/127.0.0.1:35609] for GET '/session/0c3393b34c560b824d2bdebd024b2e4f/url'
10:41:09.154 [AsyncHttpClient-1-9] DEBUG org.asynchttpclient.netty.handler.HttpHandler - 

Request DefaultFullHttpRequest(decodeResult: success, version: HTTP/1.1, content: EmptyByteBufBE)
GET /session/0c3393b34c560b824d2bdebd024b2e4f/url HTTP/1.1
User-Agent: selenium/4.8.1 (java windows)
Cache-Control: no-cache
Content-Type: application/json; charset=utf-8
host: localhost:35609
accept: */*

Response DefaultHttpResponse(decodeResult: success, version: HTTP/1.1)
HTTP/1.1 200 OK
Content-Length: 41
Content-Type: application/json; charset=utf-8
cache-control: no-cache

10:41:09.154 [AsyncHttpClient-1-9] DEBUG org.asynchttpclient.netty.channel.ChannelManager - Adding key: http://localhost:35609 for channel [id: 0xf6e1f4f7, L:/127.0.0.1:55606 - R:localhost/127.0.0.1:35609]
10:41:09.154 [Forwarding screenshot on session 0c3393b34c560b824d2bdebd024b2e4f to remote] DEBUG org.asynchttpclient.netty.request.NettyRequestSender - Using pooled Channel '[id: 0xf6e1f4f7, L:/127.0.0.1:55606 - R:localhost/127.0.0.1:35609]' for 'GET' to 'http://localhost:35609/session/0c3393b34c560b824d2bdebd024b2e4f/screenshot'
10:41:09.154 [Forwarding screenshot on session 0c3393b34c560b824d2bdebd024b2e4f to remote] DEBUG org.asynchttpclient.netty.request.NettyRequestSender - Using open Channel [id: 0xf6e1f4f7, L:/127.0.0.1:55606 - R:localhost/127.0.0.1:35609] for GET '/session/0c3393b34c560b824d2bdebd024b2e4f/screenshot'
10:41:09.240 [AsyncHttpClient-1-9] DEBUG org.asynchttpclient.netty.handler.HttpHandler - 

Request DefaultFullHttpRequest(decodeResult: success, version: HTTP/1.1, content: EmptyByteBufBE)
GET /session/0c3393b34c560b824d2bdebd024b2e4f/screenshot HTTP/1.1
User-Agent: selenium/4.8.1 (java windows)
Cache-Control: no-cache
Content-Type: application/json; charset=utf-8
host: localhost:35609
accept: */*

Response DefaultHttpResponse(decodeResult: success, version: HTTP/1.1)
HTTP/1.1 200 OK
Content-Length: 72800
Content-Type: application/json; charset=utf-8
cache-control: no-cache

10:41:09.240 [AsyncHttpClient-1-9] DEBUG org.asynchttpclient.netty.channel.ChannelManager - Adding key: http://localhost:35609 for channel [id: 0xf6e1f4f7, L:/127.0.0.1:55606 - R:localhost/127.0.0.1:35609]
10:41:09.242 [main] DEBUG net.serenitybdd.core.photography.Darkroom - Send negative for processing for target\site\serenity\50dbbbe4b524bb6f5e11a4ba8551dcce0821be56c8a00de0831456df44cda8dc.png
10:41:09.242 [Darkroom Processing Line] DEBUG net.serenitybdd.core.photography.DarkroomProcessingLine - Processing screenshot image in /var/screenshots/screenshot-7191018911256683720
10:41:09.242 [Darkroom Processing Line] DEBUG net.serenitybdd.core.photography.DarkroomProcessingLine - Saving screenshot to target\site\serenity\50dbbbe4b524bb6f5e11a4ba8551dcce0821be56c8a00de0831456df44cda8dc.png
10:41:09.243 [Forwarding getPageSource on session 0c3393b34c560b824d2bdebd024b2e4f to remote] DEBUG org.asynchttpclient.netty.request.NettyRequestSender - Using pooled Channel '[id: 0xf6e1f4f7, L:/127.0.0.1:55606 - R:localhost/127.0.0.1:35609]' for 'POST' to 'http://localhost:35609/session/0c3393b34c560b824d2bdebd024b2e4f/execute/sync'
10:41:09.243 [Forwarding getPageSource on session 0c3393b34c560b824d2bdebd024b2e4f to remote] DEBUG org.asynchttpclient.netty.request.NettyRequestSender - Using open Channel [id: 0xf6e1f4f7, L:/127.0.0.1:55606 - R:localhost/127.0.0.1:35609] for POST '/session/0c3393b34c560b824d2bdebd024b2e4f/execute/sync'
10:41:09.263 [AsyncHttpClient-1-9] DEBUG org.asynchttpclient.netty.handler.HttpHandler - 

Request DefaultHttpRequest(decodeResult: success, version: HTTP/1.1)
POST /session/0c3393b34c560b824d2bdebd024b2e4f/execute/sync HTTP/1.1
User-Agent: selenium/4.8.1 (java windows)
Content-Length: 176
Content-Type: application/json; charset=utf-8
host: localhost:35609
accept: */*

Response DefaultHttpResponse(decodeResult: success, version: HTTP/1.1)
HTTP/1.1 200 OK
Content-Length: 294687
Content-Type: application/json; charset=utf-8
cache-control: no-cache

10:41:09.264 [AsyncHttpClient-1-9] DEBUG org.asynchttpclient.netty.channel.ChannelManager - Adding key: http://localhost:35609 for channel [id: 0xf6e1f4f7, L:/127.0.0.1:55606 - R:localhost/127.0.0.1:35609]
10:41:09.276 [Forwarding getCurrentUrl on session 0c3393b34c560b824d2bdebd024b2e4f to remote] DEBUG org.asynchttpclient.netty.request.NettyRequestSender - Using pooled Channel '[id: 0xf6e1f4f7, L:/127.0.0.1:55606 - R:localhost/127.0.0.1:35609]' for 'GET' to 'http://localhost:35609/session/0c3393b34c560b824d2bdebd024b2e4f/url'
10:41:09.277 [Forwarding getCurrentUrl on session 0c3393b34c560b824d2bdebd024b2e4f to remote] DEBUG org.asynchttpclient.netty.request.NettyRequestSender - Using open Channel [id: 0xf6e1f4f7, L:/127.0.0.1:55606 - R:localhost/127.0.0.1:35609] for GET '/session/0c3393b34c560b824d2bdebd024b2e4f/url'
10:41:09.280 [AsyncHttpClient-1-9] DEBUG org.asynchttpclient.netty.handler.HttpHandler - 

Request DefaultFullHttpRequest(decodeResult: success, version: HTTP/1.1, content: EmptyByteBufBE)
GET /session/0c3393b34c560b824d2bdebd024b2e4f/url HTTP/1.1
User-Agent: selenium/4.8.1 (java windows)
Cache-Control: no-cache
Content-Type: application/json; charset=utf-8
host: localhost:35609
accept: */*

Response DefaultHttpResponse(decodeResult: success, version: HTTP/1.1)
HTTP/1.1 200 OK
Content-Length: 41
Content-Type: application/json; charset=utf-8
cache-control: no-cache

10:41:09.280 [AsyncHttpClient-1-9] DEBUG org.asynchttpclient.netty.channel.ChannelManager - Adding key: http://localhost:35609 for channel [id: 0xf6e1f4f7, L:/127.0.0.1:55606 - R:localhost/127.0.0.1:35609]
10:41:09.282 [main] DEBUG net.thucydides.core.steps.StepInterceptor - STARTING STEP: TransactionSteps.clickTransactionOption - clickTransactionOption
10:41:09.283 [Forwarding findElement on session 0c3393b34c560b824d2bdebd024b2e4f to remote] DEBUG org.asynchttpclient.netty.request.NettyRequestSender - Using pooled Channel '[id: 0xf6e1f4f7, L:/127.0.0.1:55606 - R:localhost/127.0.0.1:35609]' for 'POST' to 'http://localhost:35609/session/0c3393b34c560b824d2bdebd024b2e4f/element'
10:41:09.283 [Forwarding findElement on session 0c3393b34c560b824d2bdebd024b2e4f to remote] DEBUG org.asynchttpclient.netty.request.NettyRequestSender - Using open Channel [id: 0xf6e1f4f7, L:/127.0.0.1:55606 - R:localhost/127.0.0.1:35609] for POST '/session/0c3393b34c560b824d2bdebd024b2e4f/element'
10:41:09.296 [AsyncHttpClient-1-9] DEBUG org.asynchttpclient.netty.handler.HttpHandler - 

Request DefaultHttpRequest(decodeResult: success, version: HTTP/1.1)
POST /session/0c3393b34c560b824d2bdebd024b2e4f/element HTTP/1.1
User-Agent: selenium/4.8.1 (java windows)
Content-Length: 132
Content-Type: application/json; charset=utf-8
host: localhost:35609
accept: */*

Response DefaultHttpResponse(decodeResult: success, version: HTTP/1.1)
HTTP/1.1 200 OK
Content-Length: 88
Content-Type: application/json; charset=utf-8
cache-control: no-cache

10:41:09.296 [AsyncHttpClient-1-9] DEBUG org.asynchttpclient.netty.channel.ChannelManager - Adding key: http://localhost:35609 for channel [id: 0xf6e1f4f7, L:/127.0.0.1:55606 - R:localhost/127.0.0.1:35609]
10:41:09.296 [Forwarding getElementTagName on session 0c3393b34c560b824d2bdebd024b2e4f to remote] DEBUG org.asynchttpclient.netty.request.NettyRequestSender - Using pooled Channel '[id: 0xf6e1f4f7, L:/127.0.0.1:55606 - R:localhost/127.0.0.1:35609]' for 'GET' to 'http://localhost:35609/session/0c3393b34c560b824d2bdebd024b2e4f/element/c533214d-6b17-4aef-9e86-fd7585b3eaf1/name'
10:41:09.296 [Forwarding getElementTagName on session 0c3393b34c560b824d2bdebd024b2e4f to remote] DEBUG org.asynchttpclient.netty.request.NettyRequestSender - Using open Channel [id: 0xf6e1f4f7, L:/127.0.0.1:55606 - R:localhost/127.0.0.1:35609] for GET '/session/0c3393b34c560b824d2bdebd024b2e4f/element/c533214d-6b17-4aef-9e86-fd7585b3eaf1/name'
10:41:09.299 [AsyncHttpClient-1-1] DEBUG org.asynchttpclient.netty.channel.DefaultChannelPool - Entry count for : http://localhost:55608 : 1
10:41:09.300 [AsyncHttpClient-1-9] DEBUG org.asynchttpclient.netty.handler.HttpHandler - 

Request DefaultFullHttpRequest(decodeResult: success, version: HTTP/1.1, content: EmptyByteBufBE)
GET /session/0c3393b34c560b824d2bdebd024b2e4f/element/c533214d-6b17-4aef-9e86-fd7585b3eaf1/name HTTP/1.1
User-Agent: selenium/4.8.1 (java windows)
Cache-Control: no-cache
Content-Type: application/json; charset=utf-8
host: localhost:35609
accept: */*

Response DefaultHttpResponse(decodeResult: success, version: HTTP/1.1)
HTTP/1.1 200 OK
Content-Length: 15
Content-Type: application/json; charset=utf-8
cache-control: no-cache

10:41:09.300 [AsyncHttpClient-1-9] DEBUG org.asynchttpclient.netty.channel.ChannelManager - Adding key: http://localhost:35609 for channel [id: 0xf6e1f4f7, L:/127.0.0.1:55606 - R:localhost/127.0.0.1:35609]
10:41:09.301 [Forwarding getElementTagName on session 0c3393b34c560b824d2bdebd024b2e4f to remote] DEBUG org.asynchttpclient.netty.request.NettyRequestSender - Using pooled Channel '[id: 0xf6e1f4f7, L:/127.0.0.1:55606 - R:localhost/127.0.0.1:35609]' for 'GET' to 'http://localhost:35609/session/0c3393b34c560b824d2bdebd024b2e4f/element/c533214d-6b17-4aef-9e86-fd7585b3eaf1/name'
10:41:09.301 [Forwarding getElementTagName on session 0c3393b34c560b824d2bdebd024b2e4f to remote] DEBUG org.asynchttpclient.netty.request.NettyRequestSender - Using open Channel [id: 0xf6e1f4f7, L:/127.0.0.1:55606 - R:localhost/127.0.0.1:35609] for GET '/session/0c3393b34c560b824d2bdebd024b2e4f/element/c533214d-6b17-4aef-9e86-fd7585b3eaf1/name'
10:41:09.303 [AsyncHttpClient-1-9] DEBUG org.asynchttpclient.netty.handler.HttpHandler - 

Request DefaultFullHttpRequest(decodeResult: success, version: HTTP/1.1, content: EmptyByteBufBE)
GET /session/0c3393b34c560b824d2bdebd024b2e4f/element/c533214d-6b17-4aef-9e86-fd7585b3eaf1/name HTTP/1.1
User-Agent: selenium/4.8.1 (java windows)
Cache-Control: no-cache
Content-Type: application/json; charset=utf-8
host: localhost:35609
accept: */*

Response DefaultHttpResponse(decodeResult: success, version: HTTP/1.1)
HTTP/1.1 200 OK
Content-Length: 15
Content-Type: application/json; charset=utf-8
cache-control: no-cache

10:41:09.303 [AsyncHttpClient-1-9] DEBUG org.asynchttpclient.netty.channel.ChannelManager - Adding key: http://localhost:35609 for channel [id: 0xf6e1f4f7, L:/127.0.0.1:55606 - R:localhost/127.0.0.1:35609]
10:41:09.304 [Forwarding findElement on session 0c3393b34c560b824d2bdebd024b2e4f to remote] DEBUG org.asynchttpclient.netty.request.NettyRequestSender - Using pooled Channel '[id: 0xf6e1f4f7, L:/127.0.0.1:55606 - R:localhost/127.0.0.1:35609]' for 'POST' to 'http://localhost:35609/session/0c3393b34c560b824d2bdebd024b2e4f/element'
10:41:09.304 [Forwarding findElement on session 0c3393b34c560b824d2bdebd024b2e4f to remote] DEBUG org.asynchttpclient.netty.request.NettyRequestSender - Using open Channel [id: 0xf6e1f4f7, L:/127.0.0.1:55606 - R:localhost/127.0.0.1:35609] for POST '/session/0c3393b34c560b824d2bdebd024b2e4f/element'
10:41:09.311 [AsyncHttpClient-1-9] DEBUG org.asynchttpclient.netty.handler.HttpHandler - 

Request DefaultHttpRequest(decodeResult: success, version: HTTP/1.1)
POST /session/0c3393b34c560b824d2bdebd024b2e4f/element HTTP/1.1
User-Agent: selenium/4.8.1 (java windows)
Content-Length: 132
Content-Type: application/json; charset=utf-8
host: localhost:35609
accept: */*

Response DefaultHttpResponse(decodeResult: success, version: HTTP/1.1)
HTTP/1.1 200 OK
Content-Length: 88
Content-Type: application/json; charset=utf-8
cache-control: no-cache

10:41:09.311 [AsyncHttpClient-1-9] DEBUG org.asynchttpclient.netty.channel.ChannelManager - Adding key: http://localhost:35609 for channel [id: 0xf6e1f4f7, L:/127.0.0.1:55606 - R:localhost/127.0.0.1:35609]
10:41:09.312 [Forwarding clickElement on session 0c3393b34c560b824d2bdebd024b2e4f to remote] DEBUG org.asynchttpclient.netty.request.NettyRequestSender - Using pooled Channel '[id: 0xf6e1f4f7, L:/127.0.0.1:55606 - R:localhost/127.0.0.1:35609]' for 'POST' to 'http://localhost:35609/session/0c3393b34c560b824d2bdebd024b2e4f/element/c533214d-6b17-4aef-9e86-fd7585b3eaf1/click'
10:41:09.312 [Forwarding clickElement on session 0c3393b34c560b824d2bdebd024b2e4f to remote] DEBUG org.asynchttpclient.netty.request.NettyRequestSender - Using open Channel [id: 0xf6e1f4f7, L:/127.0.0.1:55606 - R:localhost/127.0.0.1:35609] for POST '/session/0c3393b34c560b824d2bdebd024b2e4f/element/c533214d-6b17-4aef-9e86-fd7585b3eaf1/click'
10:41:09.346 [AsyncHttpClient-1-9] DEBUG org.asynchttpclient.netty.handler.HttpHandler - 

Request DefaultHttpRequest(decodeResult: success, version: HTTP/1.1)
POST /session/0c3393b34c560b824d2bdebd024b2e4f/element/c533214d-6b17-4aef-9e86-fd7585b3eaf1/click HTTP/1.1
User-Agent: selenium/4.8.1 (java windows)
Content-Length: 50
Content-Type: application/json; charset=utf-8
host: localhost:35609
accept: */*

Response DefaultHttpResponse(decodeResult: success, version: HTTP/1.1)
HTTP/1.1 200 OK
Content-Length: 14
Content-Type: application/json; charset=utf-8
cache-control: no-cache

10:41:09.346 [AsyncHttpClient-1-9] DEBUG org.asynchttpclient.netty.channel.ChannelManager - Adding key: http://localhost:35609 for channel [id: 0xf6e1f4f7, L:/127.0.0.1:55606 - R:localhost/127.0.0.1:35609]
10:41:09.350 [Forwarding getAlertText on session 0c3393b34c560b824d2bdebd024b2e4f to remote] DEBUG org.asynchttpclient.netty.request.NettyRequestSender - Using pooled Channel '[id: 0xf6e1f4f7, L:/127.0.0.1:55606 - R:localhost/127.0.0.1:35609]' for 'GET' to 'http://localhost:35609/session/0c3393b34c560b824d2bdebd024b2e4f/alert/text'
10:41:09.350 [Forwarding getAlertText on session 0c3393b34c560b824d2bdebd024b2e4f to remote] DEBUG org.asynchttpclient.netty.request.NettyRequestSender - Using open Channel [id: 0xf6e1f4f7, L:/127.0.0.1:55606 - R:localhost/127.0.0.1:35609] for GET '/session/0c3393b34c560b824d2bdebd024b2e4f/alert/text'
10:41:09.427 [AsyncHttpClient-1-9] DEBUG org.asynchttpclient.netty.handler.HttpHandler - 

Request DefaultFullHttpRequest(decodeResult: success, version: HTTP/1.1, content: EmptyByteBufBE)
GET /session/0c3393b34c560b824d2bdebd024b2e4f/alert/text HTTP/1.1
User-Agent: selenium/4.8.1 (java windows)
Cache-Control: no-cache
Content-Type: application/json; charset=utf-8
host: localhost:35609
accept: */*

Response DefaultHttpResponse(decodeResult: success, version: HTTP/1.1)
HTTP/1.1 404 Not Found
Content-Length: 836
Content-Type: application/json; charset=utf-8
cache-control: no-cache

10:41:09.427 [AsyncHttpClient-1-9] DEBUG org.asynchttpclient.netty.channel.ChannelManager - Adding key: http://localhost:35609 for channel [id: 0xf6e1f4f7, L:/127.0.0.1:55606 - R:localhost/127.0.0.1:35609]
10:41:09.428 [Forwarding getCurrentUrl on session 0c3393b34c560b824d2bdebd024b2e4f to remote] DEBUG org.asynchttpclient.netty.request.NettyRequestSender - Using pooled Channel '[id: 0xf6e1f4f7, L:/127.0.0.1:55606 - R:localhost/127.0.0.1:35609]' for 'GET' to 'http://localhost:35609/session/0c3393b34c560b824d2bdebd024b2e4f/url'
10:41:09.428 [Forwarding getCurrentUrl on session 0c3393b34c560b824d2bdebd024b2e4f to remote] DEBUG org.asynchttpclient.netty.request.NettyRequestSender - Using open Channel [id: 0xf6e1f4f7, L:/127.0.0.1:55606 - R:localhost/127.0.0.1:35609] for GET '/session/0c3393b34c560b824d2bdebd024b2e4f/url'
10:41:09.431 [AsyncHttpClient-1-9] DEBUG org.asynchttpclient.netty.handler.HttpHandler - 

Request DefaultFullHttpRequest(decodeResult: success, version: HTTP/1.1, content: EmptyByteBufBE)
GET /session/0c3393b34c560b824d2bdebd024b2e4f/url HTTP/1.1
User-Agent: selenium/4.8.1 (java windows)
Cache-Control: no-cache
Content-Type: application/json; charset=utf-8
host: localhost:35609
accept: */*

Response DefaultHttpResponse(decodeResult: success, version: HTTP/1.1)
HTTP/1.1 200 OK
Content-Length: 52
Content-Type: application/json; charset=utf-8
cache-control: no-cache

10:41:09.431 [AsyncHttpClient-1-9] DEBUG org.asynchttpclient.netty.channel.ChannelManager - Adding key: http://localhost:35609 for channel [id: 0xf6e1f4f7, L:/127.0.0.1:55606 - R:localhost/127.0.0.1:35609]
10:41:09.431 [Forwarding screenshot on session 0c3393b34c560b824d2bdebd024b2e4f to remote] DEBUG org.asynchttpclient.netty.request.NettyRequestSender - Using pooled Channel '[id: 0xf6e1f4f7, L:/127.0.0.1:55606 - R:localhost/127.0.0.1:35609]' for 'GET' to 'http://localhost:35609/session/0c3393b34c560b824d2bdebd024b2e4f/screenshot'
10:41:09.431 [Forwarding screenshot on session 0c3393b34c560b824d2bdebd024b2e4f to remote] DEBUG org.asynchttpclient.netty.request.NettyRequestSender - Using open Channel [id: 0xf6e1f4f7, L:/127.0.0.1:55606 - R:localhost/127.0.0.1:35609] for GET '/session/0c3393b34c560b824d2bdebd024b2e4f/screenshot'
10:41:09.518 [AsyncHttpClient-1-9] DEBUG org.asynchttpclient.netty.handler.HttpHandler - 

Request DefaultFullHttpRequest(decodeResult: success, version: HTTP/1.1, content: EmptyByteBufBE)
GET /session/0c3393b34c560b824d2bdebd024b2e4f/screenshot HTTP/1.1
User-Agent: selenium/4.8.1 (java windows)
Cache-Control: no-cache
Content-Type: application/json; charset=utf-8
host: localhost:35609
accept: */*

Response DefaultHttpResponse(decodeResult: success, version: HTTP/1.1)
HTTP/1.1 200 OK
Content-Length: 37584
Content-Type: application/json; charset=utf-8
cache-control: no-cache

10:41:09.518 [AsyncHttpClient-1-9] DEBUG org.asynchttpclient.netty.channel.ChannelManager - Adding key: http://localhost:35609 for channel [id: 0xf6e1f4f7, L:/127.0.0.1:55606 - R:localhost/127.0.0.1:35609]
10:41:09.519 [main] DEBUG net.serenitybdd.core.photography.Darkroom - Send negative for processing for target\site\serenity\b879dbf610b611babc48296bccdbe61a39e71860a66a192482e0e133ad87acf0.png
10:41:09.519 [main] DEBUG net.thucydides.core.steps.StepInterceptor - STEP DONE: clickTransactionOption
  &amp#27;[32mAnd &amp#27;[0m&amp#27;[32mI click transaction option&amp#27;[0m                          &amp#27;[90m# starter.stepdefinitions.TransactionSteps.clickTransactionOption()&amp#27;[0m
10:41:09.519 [Darkroom Processing Line] DEBUG net.serenitybdd.core.photography.DarkroomProcessingLine - Processing screenshot image in /var/screenshots/screenshot-13904051857633474278
10:41:09.519 [Darkroom Processing Line] DEBUG net.serenitybdd.core.photography.DarkroomProcessingLine - Saving screenshot to target\site\serenity\b879dbf610b611babc48296bccdbe61a39e71860a66a192482e0e133ad87acf0.png
10:41:09.526 [Forwarding getPageSource on session 0c3393b34c560b824d2bdebd024b2e4f to remote] DEBUG org.asynchttpclient.netty.request.NettyRequestSender - Using pooled Channel '[id: 0xf6e1f4f7, L:/127.0.0.1:55606 - R:localhost/127.0.0.1:35609]' for 'POST' to 'http://localhost:35609/session/0c3393b34c560b824d2bdebd024b2e4f/execute/sync'
10:41:09.527 [Forwarding getPageSource on session 0c3393b34c560b824d2bdebd024b2e4f to remote] DEBUG org.asynchttpclient.netty.request.NettyRequestSender - Using open Channel [id: 0xf6e1f4f7, L:/127.0.0.1:55606 - R:localhost/127.0.0.1:35609] for POST '/session/0c3393b34c560b824d2bdebd024b2e4f/execute/sync'
10:41:09.532 [AsyncHttpClient-1-9] DEBUG org.asynchttpclient.netty.handler.HttpHandler - 

Request DefaultHttpRequest(decodeResult: success, version: HTTP/1.1)
POST /session/0c3393b34c560b824d2bdebd024b2e4f/execute/sync HTTP/1.1
User-Agent: selenium/4.8.1 (java windows)
Content-Length: 176
Content-Type: application/json; charset=utf-8
host: localhost:35609
accept: */*

Response DefaultHttpResponse(decodeResult: success, version: HTTP/1.1)
HTTP/1.1 200 OK
Content-Length: 25388
Content-Type: application/json; charset=utf-8
cache-control: no-cache

10:41:09.532 [AsyncHttpClient-1-9] DEBUG org.asynchttpclient.netty.channel.ChannelManager - Adding key: http://localhost:35609 for channel [id: 0xf6e1f4f7, L:/127.0.0.1:55606 - R:localhost/127.0.0.1:35609]
10:41:09.557 [Forwarding getCurrentUrl on session 0c3393b34c560b824d2bdebd024b2e4f to remote] DEBUG org.asynchttpclient.netty.request.NettyRequestSender - Using pooled Channel '[id: 0xf6e1f4f7, L:/127.0.0.1:55606 - R:localhost/127.0.0.1:35609]' for 'GET' to 'http://localhost:35609/session/0c3393b34c560b824d2bdebd024b2e4f/url'
10:41:09.557 [Forwarding getCurrentUrl on session 0c3393b34c560b824d2bdebd024b2e4f to remote] DEBUG org.asynchttpclient.netty.request.NettyRequestSender - Using open Channel [id: 0xf6e1f4f7, L:/127.0.0.1:55606 - R:localhost/127.0.0.1:35609] for GET '/session/0c3393b34c560b824d2bdebd024b2e4f/url'
10:41:09.560 [AsyncHttpClient-1-9] DEBUG org.asynchttpclient.netty.handler.HttpHandler - 

Request DefaultFullHttpRequest(decodeResult: success, version: HTTP/1.1, content: EmptyByteBufBE)
GET /session/0c3393b34c560b824d2bdebd024b2e4f/url HTTP/1.1
User-Agent: selenium/4.8.1 (java windows)
Cache-Control: no-cache
Content-Type: application/json; charset=utf-8
host: localhost:35609
accept: */*

Response DefaultHttpResponse(decodeResult: success, version: HTTP/1.1)
HTTP/1.1 200 OK
Content-Length: 52
Content-Type: application/json; charset=utf-8
cache-control: no-cache

10:41:09.560 [AsyncHttpClient-1-9] DEBUG org.asynchttpclient.netty.channel.ChannelManager - Adding key: http://localhost:35609 for channel [id: 0xf6e1f4f7, L:/127.0.0.1:55606 - R:localhost/127.0.0.1:35609]
10:41:09.565 [Forwarding getPageSource on session 0c3393b34c560b824d2bdebd024b2e4f to remote] DEBUG org.asynchttpclient.netty.request.NettyRequestSender - Using pooled Channel '[id: 0xf6e1f4f7, L:/127.0.0.1:55606 - R:localhost/127.0.0.1:35609]' for 'POST' to 'http://localhost:35609/session/0c3393b34c560b824d2bdebd024b2e4f/execute/sync'
10:41:09.565 [Forwarding getPageSource on session 0c3393b34c560b824d2bdebd024b2e4f to remote] DEBUG org.asynchttpclient.netty.request.NettyRequestSender - Using open Channel [id: 0xf6e1f4f7, L:/127.0.0.1:55606 - R:localhost/127.0.0.1:35609] for POST '/session/0c3393b34c560b824d2bdebd024b2e4f/execute/sync'
10:41:09.569 [AsyncHttpClient-1-9] DEBUG org.asynchttpclient.netty.handler.HttpHandler - 

Request DefaultHttpRequest(decodeResult: success, version: HTTP/1.1)
POST /session/0c3393b34c560b824d2bdebd024b2e4f/execute/sync HTTP/1.1
User-Agent: selenium/4.8.1 (java windows)
Content-Length: 176
Content-Type: application/json; charset=utf-8
host: localhost:35609
accept: */*

Response DefaultHttpResponse(decodeResult: success, version: HTTP/1.1)
HTTP/1.1 200 OK
Content-Length: 25388
Content-Type: application/json; charset=utf-8
cache-control: no-cache

10:41:09.569 [AsyncHttpClient-1-9] DEBUG org.asynchttpclient.netty.channel.ChannelManager - Adding key: http://localhost:35609 for channel [id: 0xf6e1f4f7, L:/127.0.0.1:55606 - R:localhost/127.0.0.1:35609]
10:41:09.578 [Forwarding getCurrentUrl on session 0c3393b34c560b824d2bdebd024b2e4f to remote] DEBUG org.asynchttpclient.netty.request.NettyRequestSender - Using pooled Channel '[id: 0xf6e1f4f7, L:/127.0.0.1:55606 - R:localhost/127.0.0.1:35609]' for 'GET' to 'http://localhost:35609/session/0c3393b34c560b824d2bdebd024b2e4f/url'
10:41:09.579 [Forwarding getCurrentUrl on session 0c3393b34c560b824d2bdebd024b2e4f to remote] DEBUG org.asynchttpclient.netty.request.NettyRequestSender - Using open Channel [id: 0xf6e1f4f7, L:/127.0.0.1:55606 - R:localhost/127.0.0.1:35609] for GET '/session/0c3393b34c560b824d2bdebd024b2e4f/url'
10:41:09.581 [AsyncHttpClient-1-9] DEBUG org.asynchttpclient.netty.handler.HttpHandler - 

Request DefaultFullHttpRequest(decodeResult: success, version: HTTP/1.1, content: EmptyByteBufBE)
GET /session/0c3393b34c560b824d2bdebd024b2e4f/url HTTP/1.1
User-Agent: selenium/4.8.1 (java windows)
Cache-Control: no-cache
Content-Type: application/json; charset=utf-8
host: localhost:35609
accept: */*

Response DefaultHttpResponse(decodeResult: success, version: HTTP/1.1)
HTTP/1.1 200 OK
Content-Length: 52
Content-Type: application/json; charset=utf-8
cache-control: no-cache

10:41:09.582 [AsyncHttpClient-1-9] DEBUG org.asynchttpclient.netty.channel.ChannelManager - Adding key: http://localhost:35609 for channel [id: 0xf6e1f4f7, L:/127.0.0.1:55606 - R:localhost/127.0.0.1:35609]
10:41:09.584 [main] DEBUG net.thucydides.core.steps.StepInterceptor - STARTING STEP: TransactionSteps.validateOnTransactionPage - validateOnTransactionPage
10:41:09.587 [Forwarding findElement on session 0c3393b34c560b824d2bdebd024b2e4f to remote] DEBUG org.asynchttpclient.netty.request.NettyRequestSender - Using pooled Channel '[id: 0xf6e1f4f7, L:/127.0.0.1:55606 - R:localhost/127.0.0.1:35609]' for 'POST' to 'http://localhost:35609/session/0c3393b34c560b824d2bdebd024b2e4f/element'
10:41:09.587 [Forwarding findElement on session 0c3393b34c560b824d2bdebd024b2e4f to remote] DEBUG org.asynchttpclient.netty.request.NettyRequestSender - Using open Channel [id: 0xf6e1f4f7, L:/127.0.0.1:55606 - R:localhost/127.0.0.1:35609] for POST '/session/0c3393b34c560b824d2bdebd024b2e4f/element'
10:41:09.599 [AsyncHttpClient-1-9] DEBUG org.asynchttpclient.netty.handler.HttpHandler - 

Request DefaultHttpRequest(decodeResult: success, version: HTTP/1.1)
POST /session/0c3393b34c560b824d2bdebd024b2e4f/element HTTP/1.1
User-Agent: selenium/4.8.1 (java windows)
Content-Length: 85
Content-Type: application/json; charset=utf-8
host: localhost:35609
accept: */*

Response DefaultHttpResponse(decodeResult: success, version: HTTP/1.1)
HTTP/1.1 200 OK
Content-Length: 88
Content-Type: application/json; charset=utf-8
cache-control: no-cache

10:41:09.599 [AsyncHttpClient-1-9] DEBUG org.asynchttpclient.netty.channel.ChannelManager - Adding key: http://localhost:35609 for channel [id: 0xf6e1f4f7, L:/127.0.0.1:55606 - R:localhost/127.0.0.1:35609]
10:41:09.602 [Forwarding isElementDisplayed on session 0c3393b34c560b824d2bdebd024b2e4f to remote] DEBUG org.asynchttpclient.netty.request.NettyRequestSender - Using pooled Channel '[id: 0xf6e1f4f7, L:/127.0.0.1:55606 - R:localhost/127.0.0.1:35609]' for 'POST' to 'http://localhost:35609/session/0c3393b34c560b824d2bdebd024b2e4f/execute/sync'
10:41:09.602 [Forwarding isElementDisplayed on session 0c3393b34c560b824d2bdebd024b2e4f to remote] DEBUG org.asynchttpclient.netty.request.NettyRequestSender - Using open Channel [id: 0xf6e1f4f7, L:/127.0.0.1:55606 - R:localhost/127.0.0.1:35609] for POST '/session/0c3393b34c560b824d2bdebd024b2e4f/execute/sync'
10:41:09.616 [AsyncHttpClient-1-9] DEBUG org.asynchttpclient.netty.handler.HttpHandler - 

Request DefaultHttpRequest(decodeResult: success, version: HTTP/1.1)
POST /session/0c3393b34c560b824d2bdebd024b2e4f/execute/sync HTTP/1.1
User-Agent: selenium/4.8.1 (java windows)
Content-Length: 48807
Content-Type: application/json; charset=utf-8
host: localhost:35609
accept: */*

Response DefaultHttpResponse(decodeResult: success, version: HTTP/1.1)
HTTP/1.1 200 OK
Content-Length: 14
Content-Type: application/json; charset=utf-8
cache-control: no-cache

10:41:09.616 [AsyncHttpClient-1-9] DEBUG org.asynchttpclient.netty.channel.ChannelManager - Adding key: http://localhost:35609 for channel [id: 0xf6e1f4f7, L:/127.0.0.1:55606 - R:localhost/127.0.0.1:35609]
10:41:09.623 [Forwarding getAlertText on session 0c3393b34c560b824d2bdebd024b2e4f to remote] DEBUG org.asynchttpclient.netty.request.NettyRequestSender - Using pooled Channel '[id: 0xf6e1f4f7, L:/127.0.0.1:55606 - R:localhost/127.0.0.1:35609]' for 'GET' to 'http://localhost:35609/session/0c3393b34c560b824d2bdebd024b2e4f/alert/text'
10:41:09.623 [Forwarding getAlertText on session 0c3393b34c560b824d2bdebd024b2e4f to remote] DEBUG org.asynchttpclient.netty.request.NettyRequestSender - Using open Channel [id: 0xf6e1f4f7, L:/127.0.0.1:55606 - R:localhost/127.0.0.1:35609] for GET '/session/0c3393b34c560b824d2bdebd024b2e4f/alert/text'
10:41:09.625 [AsyncHttpClient-1-9] DEBUG org.asynchttpclient.netty.handler.HttpHandler - 

Request DefaultFullHttpRequest(decodeResult: success, version: HTTP/1.1, content: EmptyByteBufBE)
GET /session/0c3393b34c560b824d2bdebd024b2e4f/alert/text HTTP/1.1
User-Agent: selenium/4.8.1 (java windows)
Cache-Control: no-cache
Content-Type: application/json; charset=utf-8
host: localhost:35609
accept: */*

Response DefaultHttpResponse(decodeResult: success, version: HTTP/1.1)
HTTP/1.1 404 Not Found
Content-Length: 836
Content-Type: application/json; charset=utf-8
cache-control: no-cache

10:41:09.625 [AsyncHttpClient-1-9] DEBUG org.asynchttpclient.netty.channel.ChannelManager - Adding key: http://localhost:35609 for channel [id: 0xf6e1f4f7, L:/127.0.0.1:55606 - R:localhost/127.0.0.1:35609]
10:41:09.626 [Forwarding getCurrentUrl on session 0c3393b34c560b824d2bdebd024b2e4f to remote] DEBUG org.asynchttpclient.netty.request.NettyRequestSender - Using pooled Channel '[id: 0xf6e1f4f7, L:/127.0.0.1:55606 - R:localhost/127.0.0.1:35609]' for 'GET' to 'http://localhost:35609/session/0c3393b34c560b824d2bdebd024b2e4f/url'
10:41:09.626 [Forwarding getCurrentUrl on session 0c3393b34c560b824d2bdebd024b2e4f to remote] DEBUG org.asynchttpclient.netty.request.NettyRequestSender - Using open Channel [id: 0xf6e1f4f7, L:/127.0.0.1:55606 - R:localhost/127.0.0.1:35609] for GET '/session/0c3393b34c560b824d2bdebd024b2e4f/url'
10:41:09.631 [AsyncHttpClient-1-9] DEBUG org.asynchttpclient.netty.handler.HttpHandler - 

Request DefaultFullHttpRequest(decodeResult: success, version: HTTP/1.1, content: EmptyByteBufBE)
GET /session/0c3393b34c560b824d2bdebd024b2e4f/url HTTP/1.1
User-Agent: selenium/4.8.1 (java windows)
Cache-Control: no-cache
Content-Type: application/json; charset=utf-8
host: localhost:35609
accept: */*

Response DefaultHttpResponse(decodeResult: success, version: HTTP/1.1)
HTTP/1.1 200 OK
Content-Length: 52
Content-Type: application/json; charset=utf-8
cache-control: no-cache

10:41:09.631 [AsyncHttpClient-1-9] DEBUG org.asynchttpclient.netty.channel.ChannelManager - Adding key: http://localhost:35609 for channel [id: 0xf6e1f4f7, L:/127.0.0.1:55606 - R:localhost/127.0.0.1:35609]
10:41:09.632 [Forwarding screenshot on session 0c3393b34c560b824d2bdebd024b2e4f to remote] DEBUG org.asynchttpclient.netty.request.NettyRequestSender - Using pooled Channel '[id: 0xf6e1f4f7, L:/127.0.0.1:55606 - R:localhost/127.0.0.1:35609]' for 'GET' to 'http://localhost:35609/session/0c3393b34c560b824d2bdebd024b2e4f/screenshot'
10:41:09.632 [Forwarding screenshot on session 0c3393b34c560b824d2bdebd024b2e4f to remote] DEBUG org.asynchttpclient.netty.request.NettyRequestSender - Using open Channel [id: 0xf6e1f4f7, L:/127.0.0.1:55606 - R:localhost/127.0.0.1:35609] for GET '/session/0c3393b34c560b824d2bdebd024b2e4f/screenshot'
10:41:09.743 [AsyncHttpClient-1-9] DEBUG org.asynchttpclient.netty.handler.HttpHandler - 

Request DefaultFullHttpRequest(decodeResult: success, version: HTTP/1.1, content: EmptyByteBufBE)
GET /session/0c3393b34c560b824d2bdebd024b2e4f/screenshot HTTP/1.1
User-Agent: selenium/4.8.1 (java windows)
Cache-Control: no-cache
Content-Type: application/json; charset=utf-8
host: localhost:35609
accept: */*

Response DefaultHttpResponse(decodeResult: success, version: HTTP/1.1)
HTTP/1.1 200 OK
Content-Length: 31344
Content-Type: application/json; charset=utf-8
cache-control: no-cache

10:41:09.743 [AsyncHttpClient-1-9] DEBUG org.asynchttpclient.netty.channel.ChannelManager - Adding key: http://localhost:35609 for channel [id: 0xf6e1f4f7, L:/127.0.0.1:55606 - R:localhost/127.0.0.1:35609]
10:41:09.744 [main] DEBUG net.serenitybdd.core.photography.Darkroom - Send negative for processing for target\site\serenity\f1c8f95bdf1ef0163ee9339fe23c5d55e40752d1b496cc549a6f85beae87fe21.png
10:41:09.744 [main] DEBUG net.thucydides.core.steps.StepInterceptor - STEP DONE: validateOnTransactionPage
  &amp#27;[32mThen &amp#27;[0m&amp#27;[32mI am on the transaction page&amp#27;[0m                       &amp#27;[90m# starter.stepdefinitions.TransactionSteps.validateOnTransactionPage()&amp#27;[0m
10:41:09.744 [Darkroom Processing Line] DEBUG net.serenitybdd.core.photography.DarkroomProcessingLine - Processing screenshot image in /var/screenshots/screenshot-14656609547868188313
10:41:09.744 [Darkroom Processing Line] DEBUG net.serenitybdd.core.photography.DarkroomProcessingLine - Saving screenshot to target\site\serenity\f1c8f95bdf1ef0163ee9339fe23c5d55e40752d1b496cc549a6f85beae87fe21.png
10:41:09.747 [main] INFO  - 
  _____   ___   ___   _____     ___     _     ___   ___   ___   ___  
 |_   _| | __| / __| |_   _|   | _ \   /_\   / __| / __| | __| |   \ 
   | |   | _|  \__ \   | |     |  _/  / _ \  \__ \ \__ \ | _|  | |) |
   |_|   |___| |___/   |_|     |_|   /_/ \_\ |___/ |___/ |___| |___/ 

View Transaction
----------------------------------------------------------------------
10:41:09.748 [AsyncHttpClient-1-11] DEBUG org.asynchttpclient.netty.handler.WebSocketHandler - Channel Closed: [id: 0xe2f17014, L:/127.0.0.1:55615 ! R:localhost/127.0.0.1:55608] with attribute NettyResponseFuture{currentRetry=0,
	isDone=1,
	isCancelled=0,
	asyncHandler=org.asynchttpclient.ws.WebSocketUpgradeHandler@18a0c89a,
	nettyRequest=org.asynchttpclient.netty.request.NettyRequest@574435be,
	future=java.util.concurrent.CompletableFuture@71946cf9[Completed normally],
	uri=ws://localhost:55608/devtools/browser/bc53c364-e627-47e8-b807-3506e3402db3,
	keepAlive=true,
	redirectCount=0,
	timeoutsHolder=null,
	inAuth=0,
	touch=1683430866299}
10:41:09.748 [AsyncHttpClient-1-11] DEBUG org.asynchttpclient.netty.channel.ChannelManager - Closing Channel [id: 0xe2f17014, L:/127.0.0.1:55615 ! R:localhost/127.0.0.1:55608] 
10:41:09.748 [Driver Command Executor] DEBUG org.asynchttpclient.netty.request.NettyRequestSender - Using pooled Channel '[id: 0xf6e1f4f7, L:/127.0.0.1:55606 - R:localhost/127.0.0.1:35609]' for 'DELETE' to 'http://localhost:35609/session/0c3393b34c560b824d2bdebd024b2e4f'
10:41:09.748 [Driver Command Executor] DEBUG org.asynchttpclient.netty.request.NettyRequestSender - Using open Channel [id: 0xf6e1f4f7, L:/127.0.0.1:55606 - R:localhost/127.0.0.1:35609] for DELETE '/session/0c3393b34c560b824d2bdebd024b2e4f'
10:41:09.772 [AsyncHttpClient-1-10] DEBUG org.asynchttpclient.netty.handler.HttpHandler - Unexpected I/O exception on channel [id: 0xef6ebd1b, L:/127.0.0.1:55614 - R:localhost/127.0.0.1:55608]
java.net.SocketException: Connection reset
	at java.base/sun.nio.ch.SocketChannelImpl.throwConnectionReset(SocketChannelImpl.java:367)
	at java.base/sun.nio.ch.SocketChannelImpl.read(SocketChannelImpl.java:398)
	at io.netty.buffer.PooledByteBuf.setBytes(PooledByteBuf.java:259)
	at io.netty.buffer.AbstractByteBuf.writeBytes(AbstractByteBuf.java:1132)
	at io.netty.channel.socket.nio.NioSocketChannel.doReadBytes(NioSocketChannel.java:357)
	at io.netty.channel.nio.AbstractNioByteChannel$NioByteUnsafe.read(AbstractNioByteChannel.java:151)
	at io.netty.channel.nio.NioEventLoop.processSelectedKey(NioEventLoop.java:788)
	at io.netty.channel.nio.NioEventLoop.processSelectedKeysOptimized(NioEventLoop.java:724)
	at io.netty.channel.nio.NioEventLoop.processSelectedKeys(NioEventLoop.java:650)
	at io.netty.channel.nio.NioEventLoop.run(NioEventLoop.java:562)
	at io.netty.util.concurrent.SingleThreadEventExecutor$4.run(SingleThreadEventExecutor.java:997)
	at io.netty.util.internal.ThreadExecutorMap$2.run(ThreadExecutorMap.java:74)
	at io.netty.util.concurrent.FastThreadLocalRunnable.run(FastThreadLocalRunnable.java:30)
	at java.base/java.lang.Thread.run(Thread.java:832)
10:41:09.772 [AsyncHttpClient-1-10] DEBUG org.asynchttpclient.netty.channel.ChannelManager - Closing Channel [id: 0xef6ebd1b, L:/127.0.0.1:55614 - R:localhost/127.0.0.1:55608] 
10:41:09.772 [AsyncHttpClient-1-10] DEBUG org.asynchttpclient.netty.handler.HttpHandler - Channel Closed: [id: 0xef6ebd1b, L:/127.0.0.1:55614 ! R:localhost/127.0.0.1:55608] with attribute DISCARD
10:41:09.781 [AsyncHttpClient-1-9] DEBUG org.asynchttpclient.netty.handler.HttpHandler - 

Request DefaultFullHttpRequest(decodeResult: success, version: HTTP/1.1, content: EmptyByteBufBE)
DELETE /session/0c3393b34c560b824d2bdebd024b2e4f HTTP/1.1
User-Agent: selenium/4.8.1 (java windows)
Content-Type: application/json; charset=utf-8
host: localhost:35609
accept: */*

Response DefaultHttpResponse(decodeResult: success, version: HTTP/1.1)
HTTP/1.1 200 OK
Content-Length: 14
Content-Type: application/json; charset=utf-8
cache-control: no-cache

10:41:09.782 [AsyncHttpClient-1-9] DEBUG org.asynchttpclient.netty.channel.ChannelManager - Adding key: http://localhost:35609 for channel [id: 0xf6e1f4f7, L:/127.0.0.1:55606 - R:localhost/127.0.0.1:35609]
10:41:09.887 [AsyncHttpClient-1-9] DEBUG org.asynchttpclient.netty.handler.HttpHandler - Channel Closed: [id: 0xf6e1f4f7, L:/127.0.0.1:55606 ! R:localhost/127.0.0.1:35609] with attribute DISCARD
10:41:10.402 [AsyncHttpClient-1-1] DEBUG org.asynchttpclient.netty.channel.DefaultChannelPool - Entry count for : http://localhost:55608 : 1
10:41:10.402 [AsyncHttpClient-1-1] DEBUG org.asynchttpclient.netty.channel.DefaultChannelPool - Entry count for : http://localhost:35609 : 1
10:41:10.402 [AsyncHttpClient-1-1] DEBUG org.asynchttpclient.netty.channel.DefaultChannelPool - Adding Candidate expired Channel [id: 0xef6ebd1b, L:/127.0.0.1:55614 ! R:localhost/127.0.0.1:55608] isIdleTimeoutExpired=false isRemotelyClosed=true isTtlExpired=false
10:41:10.402 [AsyncHttpClient-1-1] DEBUG org.asynchttpclient.netty.channel.DefaultChannelPool - Closing Idle Channel [id: 0xef6ebd1b, L:/127.0.0.1:55614 ! R:localhost/127.0.0.1:55608]
10:41:10.402 [AsyncHttpClient-1-1] DEBUG org.asynchttpclient.netty.channel.DefaultChannelPool - Adding Candidate expired Channel [id: 0xf6e1f4f7, L:/127.0.0.1:55606 ! R:localhost/127.0.0.1:35609] isIdleTimeoutExpired=false isRemotelyClosed=true isTtlExpired=false
10:41:10.402 [AsyncHttpClient-1-1] DEBUG org.asynchttpclient.netty.channel.DefaultChannelPool - Closing Idle Channel [id: 0xf6e1f4f7, L:/127.0.0.1:55606 ! R:localhost/127.0.0.1:35609]
10:41:10.402 [AsyncHttpClient-1-1] DEBUG org.asynchttpclient.netty.channel.DefaultChannelPool - Closed 2 connections out of 2 in 0 ms
]]></system-out>
    <system-err><![CDATA[Starting ChromeDriver 111.0.5563.64 (c710e93d5b63b7095afe8c2c17df34408078439d-refs/branch-heads/5563@{#995}) on port 35609
Only local connections are allowed.
Please see https://chromedriver.chromium.org/security-considerations for suggestions on keeping ChromeDriver safe.
ChromeDriver was started successfully.
[1683430866.283][WARNING]: This version of ChromeDriver has not been tested with Chrome version 112.
May 07, 2023 10:41:06 AM org.openqa.selenium.devtools.CdpVersionFinder findNearestMatch
WARNING: Unable to find an exact match for CDP version 112, so returning the closest version found: 110
]]></system-err>
  </testcase>
  <testcase name="View transaction without login" classname="Transaction" time="14.945">
    <system-out><![CDATA[
Scenario: View transaction without login &amp#27;[90m# src/test/resources/features/5. Transaction.feature:13&amp#27;[0m
10:41:10.408 [main] DEBUG io.cucumber.core.plugin.SerenityReporter - Running feature from file:///C:/Users/WINDOWS%2010/Documents/GitHub/MiniProject_QE/Web/code/minpro/src/test/resources/features/5.%20Transaction.feature
10:41:10.411 [main] INFO  - 
  _____   ___   ___   _____     ___   _____     _     ___   _____   ___   ___  
 |_   _| | __| / __| |_   _|   / __| |_   _|   /_\   | _ \ |_   _| | __| |   \ 
   | |   | _|  \__ \   | |     \__ \   | |    / _ \  |   /   | |   | _|  | |) |
   |_|   |___| |___/   |_|     |___/   |_|   /_/ \_\ |_|_\   |_|   |___| |___/ 

View transaction without login(transaction;view-transaction-without-login)
--------------------------------------------------------------------------------
10:41:10.434 [main] DEBUG net.thucydides.core.steps.StepInterceptor - STARTING STEP: CategorySteps.goToHomePage - openPage
10:41:10.462 [main] INFO net.serenitybdd.core.webdriver.driverproviders.ChromeDriverProvider - Starting Chrome driver instance with capabilities:
10:41:10.462 [main] INFO net.serenitybdd.core.webdriver.driverproviders.ChromeDriverProvider - Capabilities {acceptInsecureCerts: false, browserName: chrome, goog:chromeOptions: {args: [remote-allow-origins=*], extensions: []}}
10:41:10.531 [AsyncHttpClient-1-12] DEBUG org.asynchttpclient.netty.channel.NettyConnectListener - Using new Channel '[id: 0x5ac50796, L:/127.0.0.1:55638 - R:localhost/127.0.0.1:18337]' for 'POST' to '/session'
10:41:11.120 [AsyncHttpClient-1-12] DEBUG org.asynchttpclient.netty.handler.HttpHandler - 

Request DefaultHttpRequest(decodeResult: success, version: HTTP/1.1)
POST /session HTTP/1.1
User-Agent: selenium/4.8.1 (java windows)
Content-Length: 507
Content-Type: application/json; charset=utf-8
host: localhost:18337
accept: */*

Response DefaultHttpResponse(decodeResult: success, version: HTTP/1.1)
HTTP/1.1 200 OK
Content-Length: 863
Content-Type: application/json; charset=utf-8
cache-control: no-cache

10:41:11.120 [AsyncHttpClient-1-12] DEBUG org.asynchttpclient.netty.channel.ChannelManager - Adding key: http://localhost:18337 for channel [id: 0x5ac50796, L:/127.0.0.1:55638 - R:localhost/127.0.0.1:18337]
10:41:11.124 [AsyncHttpClient-1-13] DEBUG org.asynchttpclient.netty.channel.NettyConnectListener - Using new Channel '[id: 0x32b5847c, L:/127.0.0.1:55646 - R:localhost/127.0.0.1:55641]' for 'GET' to '/json/version'
10:41:11.125 [AsyncHttpClient-1-13] DEBUG org.asynchttpclient.netty.handler.HttpHandler - 

Request DefaultFullHttpRequest(decodeResult: success, version: HTTP/1.1, content: EmptyByteBufBE)
GET /json/version HTTP/1.1
User-Agent: selenium/4.8.1 (java windows)
host: localhost:55641
accept: */*

Response DefaultHttpResponse(decodeResult: success, version: HTTP/1.1)
HTTP/1.1 200 OK
Content-Security-Policy: frame-ancestors 'none'
Content-Length: 424
Content-Type: application/json; charset=UTF-8

10:41:11.125 [AsyncHttpClient-1-13] DEBUG org.asynchttpclient.netty.channel.ChannelManager - Adding key: http://localhost:55641 for channel [id: 0x32b5847c, L:/127.0.0.1:55646 - R:localhost/127.0.0.1:55641]
10:41:11.127 [AsyncHttpClient-1-14] DEBUG org.asynchttpclient.netty.channel.NettyConnectListener - Using new Channel '[id: 0x5a77bc45, L:/127.0.0.1:55647 - R:localhost/127.0.0.1:55641]' for 'GET' to '/devtools/browser/478db8c2-74f4-48ab-8649-3aac8c2d2bfb'
10:41:11.128 [AsyncHttpClient-1-14] DEBUG org.asynchttpclient.netty.handler.WebSocketHandler - 

Request DefaultFullHttpRequest(decodeResult: success, version: HTTP/1.1, content: EmptyByteBufBE)
GET /devtools/browser/478db8c2-74f4-48ab-8649-3aac8c2d2bfb HTTP/1.1
upgrade: websocket
connection: upgrade
sec-websocket-key: UJZKQPsSEk4zTZc6pbehqQ==
sec-websocket-version: 13
origin: http://localhost:55641
host: localhost:55641
accept: */*
user-agent: AHC/2.1

Response DefaultHttpResponse(decodeResult: success, version: HTTP/1.1)
HTTP/1.1 101 WebSocket Protocol Handshake
Upgrade: WebSocket
Connection: Upgrade
Sec-WebSocket-Accept: HwUBaUasYFUuy/jHid6Oh2Rjdg0=

10:41:11.131 [Forwarding get on session 1dfdaeea0c70475b1d2b64e41230e21d to remote] DEBUG org.asynchttpclient.netty.request.NettyRequestSender - Using pooled Channel '[id: 0x5ac50796, L:/127.0.0.1:55638 - R:localhost/127.0.0.1:18337]' for 'POST' to 'http://localhost:18337/session/1dfdaeea0c70475b1d2b64e41230e21d/url'
10:41:11.131 [Forwarding get on session 1dfdaeea0c70475b1d2b64e41230e21d to remote] DEBUG org.asynchttpclient.netty.request.NettyRequestSender - Using open Channel [id: 0x5ac50796, L:/127.0.0.1:55638 - R:localhost/127.0.0.1:18337] for POST '/session/1dfdaeea0c70475b1d2b64e41230e21d/url'
10:41:11.498 [AsyncHttpClient-1-1] DEBUG org.asynchttpclient.netty.channel.DefaultChannelPool - Entry count for : http://localhost:55641 : 1
10:41:12.600 [AsyncHttpClient-1-1] DEBUG org.asynchttpclient.netty.channel.DefaultChannelPool - Entry count for : http://localhost:55641 : 1
10:41:13.707 [AsyncHttpClient-1-1] DEBUG org.asynchttpclient.netty.channel.DefaultChannelPool - Entry count for : http://localhost:55641 : 1
10:41:14.802 [AsyncHttpClient-1-1] DEBUG org.asynchttpclient.netty.channel.DefaultChannelPool - Entry count for : http://localhost:55641 : 1
10:41:15.900 [AsyncHttpClient-1-1] DEBUG org.asynchttpclient.netty.channel.DefaultChannelPool - Entry count for : http://localhost:55641 : 1
10:41:17.001 [AsyncHttpClient-1-1] DEBUG org.asynchttpclient.netty.channel.DefaultChannelPool - Entry count for : http://localhost:55641 : 1
10:41:18.104 [AsyncHttpClient-1-1] DEBUG org.asynchttpclient.netty.channel.DefaultChannelPool - Entry count for : http://localhost:55641 : 1
10:41:19.200 [AsyncHttpClient-1-1] DEBUG org.asynchttpclient.netty.channel.DefaultChannelPool - Entry count for : http://localhost:55641 : 1
10:41:20.304 [AsyncHttpClient-1-1] DEBUG org.asynchttpclient.netty.channel.DefaultChannelPool - Entry count for : http://localhost:55641 : 1
10:41:21.399 [AsyncHttpClient-1-1] DEBUG org.asynchttpclient.netty.channel.DefaultChannelPool - Entry count for : http://localhost:55641 : 1
10:41:22.498 [AsyncHttpClient-1-1] DEBUG org.asynchttpclient.netty.channel.DefaultChannelPool - Entry count for : http://localhost:55641 : 1
10:41:23.554 [AsyncHttpClient-1-12] DEBUG org.asynchttpclient.netty.handler.HttpHandler - 

Request DefaultHttpRequest(decodeResult: success, version: HTTP/1.1)
POST /session/1dfdaeea0c70475b1d2b64e41230e21d/url HTTP/1.1
User-Agent: selenium/4.8.1 (java windows)
Content-Length: 74
Content-Type: application/json; charset=utf-8
host: localhost:18337
accept: */*

Response DefaultHttpResponse(decodeResult: success, version: HTTP/1.1)
HTTP/1.1 200 OK
Content-Length: 14
Content-Type: application/json; charset=utf-8
cache-control: no-cache

10:41:23.554 [AsyncHttpClient-1-12] DEBUG org.asynchttpclient.netty.channel.ChannelManager - Adding key: http://localhost:18337 for channel [id: 0x5ac50796, L:/127.0.0.1:55638 - R:localhost/127.0.0.1:18337]
10:41:23.555 [Forwarding setTimeout on session 1dfdaeea0c70475b1d2b64e41230e21d to remote] DEBUG org.asynchttpclient.netty.request.NettyRequestSender - Using pooled Channel '[id: 0x5ac50796, L:/127.0.0.1:55638 - R:localhost/127.0.0.1:18337]' for 'POST' to 'http://localhost:18337/session/1dfdaeea0c70475b1d2b64e41230e21d/timeouts'
10:41:23.555 [Forwarding setTimeout on session 1dfdaeea0c70475b1d2b64e41230e21d to remote] DEBUG org.asynchttpclient.netty.request.NettyRequestSender - Using open Channel [id: 0x5ac50796, L:/127.0.0.1:55638 - R:localhost/127.0.0.1:18337] for POST '/session/1dfdaeea0c70475b1d2b64e41230e21d/timeouts'
10:41:23.555 [AsyncHttpClient-1-12] DEBUG org.asynchttpclient.netty.handler.HttpHandler - 

Request DefaultHttpRequest(decodeResult: success, version: HTTP/1.1)
POST /session/1dfdaeea0c70475b1d2b64e41230e21d/timeouts HTTP/1.1
User-Agent: selenium/4.8.1 (java windows)
Content-Length: 22
Content-Type: application/json; charset=utf-8
host: localhost:18337
accept: */*

Response DefaultHttpResponse(decodeResult: success, version: HTTP/1.1)
HTTP/1.1 200 OK
Content-Length: 14
Content-Type: application/json; charset=utf-8
cache-control: no-cache

10:41:23.556 [AsyncHttpClient-1-12] DEBUG org.asynchttpclient.netty.channel.ChannelManager - Adding key: http://localhost:18337 for channel [id: 0x5ac50796, L:/127.0.0.1:55638 - R:localhost/127.0.0.1:18337]
10:41:23.562 [Forwarding getAlertText on session 1dfdaeea0c70475b1d2b64e41230e21d to remote] DEBUG org.asynchttpclient.netty.request.NettyRequestSender - Using pooled Channel '[id: 0x5ac50796, L:/127.0.0.1:55638 - R:localhost/127.0.0.1:18337]' for 'GET' to 'http://localhost:18337/session/1dfdaeea0c70475b1d2b64e41230e21d/alert/text'
10:41:23.563 [Forwarding getAlertText on session 1dfdaeea0c70475b1d2b64e41230e21d to remote] DEBUG org.asynchttpclient.netty.request.NettyRequestSender - Using open Channel [id: 0x5ac50796, L:/127.0.0.1:55638 - R:localhost/127.0.0.1:18337] for GET '/session/1dfdaeea0c70475b1d2b64e41230e21d/alert/text'
10:41:23.565 [AsyncHttpClient-1-12] DEBUG org.asynchttpclient.netty.handler.HttpHandler - 

Request DefaultFullHttpRequest(decodeResult: success, version: HTTP/1.1, content: EmptyByteBufBE)
GET /session/1dfdaeea0c70475b1d2b64e41230e21d/alert/text HTTP/1.1
User-Agent: selenium/4.8.1 (java windows)
Cache-Control: no-cache
Content-Type: application/json; charset=utf-8
host: localhost:18337
accept: */*

Response DefaultHttpResponse(decodeResult: success, version: HTTP/1.1)
HTTP/1.1 404 Not Found
Content-Length: 836
Content-Type: application/json; charset=utf-8
cache-control: no-cache

10:41:23.565 [AsyncHttpClient-1-12] DEBUG org.asynchttpclient.netty.channel.ChannelManager - Adding key: http://localhost:18337 for channel [id: 0x5ac50796, L:/127.0.0.1:55638 - R:localhost/127.0.0.1:18337]
10:41:23.566 [Forwarding getCurrentUrl on session 1dfdaeea0c70475b1d2b64e41230e21d to remote] DEBUG org.asynchttpclient.netty.request.NettyRequestSender - Using pooled Channel '[id: 0x5ac50796, L:/127.0.0.1:55638 - R:localhost/127.0.0.1:18337]' for 'GET' to 'http://localhost:18337/session/1dfdaeea0c70475b1d2b64e41230e21d/url'
10:41:23.566 [Forwarding getCurrentUrl on session 1dfdaeea0c70475b1d2b64e41230e21d to remote] DEBUG org.asynchttpclient.netty.request.NettyRequestSender - Using open Channel [id: 0x5ac50796, L:/127.0.0.1:55638 - R:localhost/127.0.0.1:18337] for GET '/session/1dfdaeea0c70475b1d2b64e41230e21d/url'
10:41:23.570 [AsyncHttpClient-1-12] DEBUG org.asynchttpclient.netty.handler.HttpHandler - 

Request DefaultFullHttpRequest(decodeResult: success, version: HTTP/1.1, content: EmptyByteBufBE)
GET /session/1dfdaeea0c70475b1d2b64e41230e21d/url HTTP/1.1
User-Agent: selenium/4.8.1 (java windows)
Cache-Control: no-cache
Content-Type: application/json; charset=utf-8
host: localhost:18337
accept: */*

Response DefaultHttpResponse(decodeResult: success, version: HTTP/1.1)
HTTP/1.1 200 OK
Content-Length: 51
Content-Type: application/json; charset=utf-8
cache-control: no-cache

10:41:23.570 [AsyncHttpClient-1-12] DEBUG org.asynchttpclient.netty.channel.ChannelManager - Adding key: http://localhost:18337 for channel [id: 0x5ac50796, L:/127.0.0.1:55638 - R:localhost/127.0.0.1:18337]
10:41:23.571 [Forwarding screenshot on session 1dfdaeea0c70475b1d2b64e41230e21d to remote] DEBUG org.asynchttpclient.netty.request.NettyRequestSender - Using pooled Channel '[id: 0x5ac50796, L:/127.0.0.1:55638 - R:localhost/127.0.0.1:18337]' for 'GET' to 'http://localhost:18337/session/1dfdaeea0c70475b1d2b64e41230e21d/screenshot'
10:41:23.571 [Forwarding screenshot on session 1dfdaeea0c70475b1d2b64e41230e21d to remote] DEBUG org.asynchttpclient.netty.request.NettyRequestSender - Using open Channel [id: 0x5ac50796, L:/127.0.0.1:55638 - R:localhost/127.0.0.1:18337] for GET '/session/1dfdaeea0c70475b1d2b64e41230e21d/screenshot'
10:41:23.599 [AsyncHttpClient-1-1] DEBUG org.asynchttpclient.netty.channel.DefaultChannelPool - Entry count for : http://localhost:55641 : 1
10:41:23.641 [AsyncHttpClient-1-12] DEBUG org.asynchttpclient.netty.handler.HttpHandler - 

Request DefaultFullHttpRequest(decodeResult: success, version: HTTP/1.1, content: EmptyByteBufBE)
GET /session/1dfdaeea0c70475b1d2b64e41230e21d/screenshot HTTP/1.1
User-Agent: selenium/4.8.1 (java windows)
Cache-Control: no-cache
Content-Type: application/json; charset=utf-8
host: localhost:18337
accept: */*

Response DefaultHttpResponse(decodeResult: success, version: HTTP/1.1)
HTTP/1.1 200 OK
Content-Length: 25208
Content-Type: application/json; charset=utf-8
cache-control: no-cache

10:41:23.641 [AsyncHttpClient-1-12] DEBUG org.asynchttpclient.netty.channel.ChannelManager - Adding key: http://localhost:18337 for channel [id: 0x5ac50796, L:/127.0.0.1:55638 - R:localhost/127.0.0.1:18337]
10:41:23.643 [main] DEBUG net.serenitybdd.core.photography.Darkroom - Send negative for processing for target\site\serenity\edb14d4aab401efa0e4fb99861e6ffcafebc86a67b69f7828890b9910ed2ddbd.png
10:41:23.643 [main] DEBUG net.thucydides.core.steps.StepInterceptor - STEP DONE: openPage
10:41:23.646 [Forwarding getPageSource on session 1dfdaeea0c70475b1d2b64e41230e21d to remote] DEBUG org.asynchttpclient.netty.request.NettyRequestSender - Using pooled Channel '[id: 0x5ac50796, L:/127.0.0.1:55638 - R:localhost/127.0.0.1:18337]' for 'POST' to 'http://localhost:18337/session/1dfdaeea0c70475b1d2b64e41230e21d/execute/sync'
10:41:23.646 [Forwarding getPageSource on session 1dfdaeea0c70475b1d2b64e41230e21d to remote] DEBUG org.asynchttpclient.netty.request.NettyRequestSender - Using open Channel [id: 0x5ac50796, L:/127.0.0.1:55638 - R:localhost/127.0.0.1:18337] for POST '/session/1dfdaeea0c70475b1d2b64e41230e21d/execute/sync'
10:41:23.650 [AsyncHttpClient-1-12] DEBUG org.asynchttpclient.netty.handler.HttpHandler - 

Request DefaultHttpRequest(decodeResult: success, version: HTTP/1.1)
POST /session/1dfdaeea0c70475b1d2b64e41230e21d/execute/sync HTTP/1.1
User-Agent: selenium/4.8.1 (java windows)
Content-Length: 176
Content-Type: application/json; charset=utf-8
host: localhost:18337
accept: */*

Response DefaultHttpResponse(decodeResult: success, version: HTTP/1.1)
HTTP/1.1 200 OK
Content-Length: 21659
Content-Type: application/json; charset=utf-8
cache-control: no-cache

10:41:23.651 [AsyncHttpClient-1-12] DEBUG org.asynchttpclient.netty.channel.ChannelManager - Adding key: http://localhost:18337 for channel [id: 0x5ac50796, L:/127.0.0.1:55638 - R:localhost/127.0.0.1:18337]
10:41:23.653 [Forwarding getCurrentUrl on session 1dfdaeea0c70475b1d2b64e41230e21d to remote] DEBUG org.asynchttpclient.netty.request.NettyRequestSender - Using pooled Channel '[id: 0x5ac50796, L:/127.0.0.1:55638 - R:localhost/127.0.0.1:18337]' for 'GET' to 'http://localhost:18337/session/1dfdaeea0c70475b1d2b64e41230e21d/url'
10:41:23.653 [Forwarding getCurrentUrl on session 1dfdaeea0c70475b1d2b64e41230e21d to remote] DEBUG org.asynchttpclient.netty.request.NettyRequestSender - Using open Channel [id: 0x5ac50796, L:/127.0.0.1:55638 - R:localhost/127.0.0.1:18337] for GET '/session/1dfdaeea0c70475b1d2b64e41230e21d/url'
10:41:23.656 [AsyncHttpClient-1-12] DEBUG org.asynchttpclient.netty.handler.HttpHandler - 

Request DefaultFullHttpRequest(decodeResult: success, version: HTTP/1.1, content: EmptyByteBufBE)
GET /session/1dfdaeea0c70475b1d2b64e41230e21d/url HTTP/1.1
User-Agent: selenium/4.8.1 (java windows)
Cache-Control: no-cache
Content-Type: application/json; charset=utf-8
host: localhost:18337
accept: */*

Response DefaultHttpResponse(decodeResult: success, version: HTTP/1.1)
HTTP/1.1 200 OK
Content-Length: 51
Content-Type: application/json; charset=utf-8
cache-control: no-cache

10:41:23.656 [AsyncHttpClient-1-12] DEBUG org.asynchttpclient.netty.channel.ChannelManager - Adding key: http://localhost:18337 for channel [id: 0x5ac50796, L:/127.0.0.1:55638 - R:localhost/127.0.0.1:18337]
10:41:23.658 [main] DEBUG net.thucydides.core.steps.StepInterceptor - STARTING STEP: CategorySteps.goToHomePage - clickToolbarTitle
10:41:23.659 [Forwarding findElement on session 1dfdaeea0c70475b1d2b64e41230e21d to remote] DEBUG org.asynchttpclient.netty.request.NettyRequestSender - Using pooled Channel '[id: 0x5ac50796, L:/127.0.0.1:55638 - R:localhost/127.0.0.1:18337]' for 'POST' to 'http://localhost:18337/session/1dfdaeea0c70475b1d2b64e41230e21d/element'
10:41:23.659 [Forwarding findElement on session 1dfdaeea0c70475b1d2b64e41230e21d to remote] DEBUG org.asynchttpclient.netty.request.NettyRequestSender - Using open Channel [id: 0x5ac50796, L:/127.0.0.1:55638 - R:localhost/127.0.0.1:18337] for POST '/session/1dfdaeea0c70475b1d2b64e41230e21d/element'
10:41:23.668 [AsyncHttpClient-1-12] DEBUG org.asynchttpclient.netty.handler.HttpHandler - 

Request DefaultHttpRequest(decodeResult: success, version: HTTP/1.1)
POST /session/1dfdaeea0c70475b1d2b64e41230e21d/element HTTP/1.1
User-Agent: selenium/4.8.1 (java windows)
Content-Length: 63
Content-Type: application/json; charset=utf-8
host: localhost:18337
accept: */*

Response DefaultHttpResponse(decodeResult: success, version: HTTP/1.1)
HTTP/1.1 200 OK
Content-Length: 88
Content-Type: application/json; charset=utf-8
cache-control: no-cache

10:41:23.668 [AsyncHttpClient-1-12] DEBUG org.asynchttpclient.netty.channel.ChannelManager - Adding key: http://localhost:18337 for channel [id: 0x5ac50796, L:/127.0.0.1:55638 - R:localhost/127.0.0.1:18337]
10:41:23.669 [Forwarding getElementTagName on session 1dfdaeea0c70475b1d2b64e41230e21d to remote] DEBUG org.asynchttpclient.netty.request.NettyRequestSender - Using pooled Channel '[id: 0x5ac50796, L:/127.0.0.1:55638 - R:localhost/127.0.0.1:18337]' for 'GET' to 'http://localhost:18337/session/1dfdaeea0c70475b1d2b64e41230e21d/element/3bae51f0-9d2c-4373-85ea-522d670a3d47/name'
10:41:23.669 [Forwarding getElementTagName on session 1dfdaeea0c70475b1d2b64e41230e21d to remote] DEBUG org.asynchttpclient.netty.request.NettyRequestSender - Using open Channel [id: 0x5ac50796, L:/127.0.0.1:55638 - R:localhost/127.0.0.1:18337] for GET '/session/1dfdaeea0c70475b1d2b64e41230e21d/element/3bae51f0-9d2c-4373-85ea-522d670a3d47/name'
10:41:23.672 [AsyncHttpClient-1-12] DEBUG org.asynchttpclient.netty.handler.HttpHandler - 

Request DefaultFullHttpRequest(decodeResult: success, version: HTTP/1.1, content: EmptyByteBufBE)
GET /session/1dfdaeea0c70475b1d2b64e41230e21d/element/3bae51f0-9d2c-4373-85ea-522d670a3d47/name HTTP/1.1
User-Agent: selenium/4.8.1 (java windows)
Cache-Control: no-cache
Content-Type: application/json; charset=utf-8
host: localhost:18337
accept: */*

Response DefaultHttpResponse(decodeResult: success, version: HTTP/1.1)
HTTP/1.1 200 OK
Content-Length: 15
Content-Type: application/json; charset=utf-8
cache-control: no-cache

10:41:23.672 [AsyncHttpClient-1-12] DEBUG org.asynchttpclient.netty.channel.ChannelManager - Adding key: http://localhost:18337 for channel [id: 0x5ac50796, L:/127.0.0.1:55638 - R:localhost/127.0.0.1:18337]
10:41:23.673 [Forwarding getElementTagName on session 1dfdaeea0c70475b1d2b64e41230e21d to remote] DEBUG org.asynchttpclient.netty.request.NettyRequestSender - Using pooled Channel '[id: 0x5ac50796, L:/127.0.0.1:55638 - R:localhost/127.0.0.1:18337]' for 'GET' to 'http://localhost:18337/session/1dfdaeea0c70475b1d2b64e41230e21d/element/3bae51f0-9d2c-4373-85ea-522d670a3d47/name'
10:41:23.673 [Forwarding getElementTagName on session 1dfdaeea0c70475b1d2b64e41230e21d to remote] DEBUG org.asynchttpclient.netty.request.NettyRequestSender - Using open Channel [id: 0x5ac50796, L:/127.0.0.1:55638 - R:localhost/127.0.0.1:18337] for GET '/session/1dfdaeea0c70475b1d2b64e41230e21d/element/3bae51f0-9d2c-4373-85ea-522d670a3d47/name'
10:41:23.675 [AsyncHttpClient-1-12] DEBUG org.asynchttpclient.netty.handler.HttpHandler - 

Request DefaultFullHttpRequest(decodeResult: success, version: HTTP/1.1, content: EmptyByteBufBE)
GET /session/1dfdaeea0c70475b1d2b64e41230e21d/element/3bae51f0-9d2c-4373-85ea-522d670a3d47/name HTTP/1.1
User-Agent: selenium/4.8.1 (java windows)
Cache-Control: no-cache
Content-Type: application/json; charset=utf-8
host: localhost:18337
accept: */*

Response DefaultHttpResponse(decodeResult: success, version: HTTP/1.1)
HTTP/1.1 200 OK
Content-Length: 15
Content-Type: application/json; charset=utf-8
cache-control: no-cache

10:41:23.676 [AsyncHttpClient-1-12] DEBUG org.asynchttpclient.netty.channel.ChannelManager - Adding key: http://localhost:18337 for channel [id: 0x5ac50796, L:/127.0.0.1:55638 - R:localhost/127.0.0.1:18337]
10:41:23.677 [Forwarding findElement on session 1dfdaeea0c70475b1d2b64e41230e21d to remote] DEBUG org.asynchttpclient.netty.request.NettyRequestSender - Using pooled Channel '[id: 0x5ac50796, L:/127.0.0.1:55638 - R:localhost/127.0.0.1:18337]' for 'POST' to 'http://localhost:18337/session/1dfdaeea0c70475b1d2b64e41230e21d/element'
10:41:23.677 [Forwarding findElement on session 1dfdaeea0c70475b1d2b64e41230e21d to remote] DEBUG org.asynchttpclient.netty.request.NettyRequestSender - Using open Channel [id: 0x5ac50796, L:/127.0.0.1:55638 - R:localhost/127.0.0.1:18337] for POST '/session/1dfdaeea0c70475b1d2b64e41230e21d/element'
10:41:23.681 [AsyncHttpClient-1-12] DEBUG org.asynchttpclient.netty.handler.HttpHandler - 

Request DefaultHttpRequest(decodeResult: success, version: HTTP/1.1)
POST /session/1dfdaeea0c70475b1d2b64e41230e21d/element HTTP/1.1
User-Agent: selenium/4.8.1 (java windows)
Content-Length: 63
Content-Type: application/json; charset=utf-8
host: localhost:18337
accept: */*

Response DefaultHttpResponse(decodeResult: success, version: HTTP/1.1)
HTTP/1.1 200 OK
Content-Length: 88
Content-Type: application/json; charset=utf-8
cache-control: no-cache

10:41:23.681 [AsyncHttpClient-1-12] DEBUG org.asynchttpclient.netty.channel.ChannelManager - Adding key: http://localhost:18337 for channel [id: 0x5ac50796, L:/127.0.0.1:55638 - R:localhost/127.0.0.1:18337]
10:41:23.682 [Forwarding clickElement on session 1dfdaeea0c70475b1d2b64e41230e21d to remote] DEBUG org.asynchttpclient.netty.request.NettyRequestSender - Using pooled Channel '[id: 0x5ac50796, L:/127.0.0.1:55638 - R:localhost/127.0.0.1:18337]' for 'POST' to 'http://localhost:18337/session/1dfdaeea0c70475b1d2b64e41230e21d/element/3bae51f0-9d2c-4373-85ea-522d670a3d47/click'
10:41:23.682 [Forwarding clickElement on session 1dfdaeea0c70475b1d2b64e41230e21d to remote] DEBUG org.asynchttpclient.netty.request.NettyRequestSender - Using open Channel [id: 0x5ac50796, L:/127.0.0.1:55638 - R:localhost/127.0.0.1:18337] for POST '/session/1dfdaeea0c70475b1d2b64e41230e21d/element/3bae51f0-9d2c-4373-85ea-522d670a3d47/click'
10:41:23.729 [AsyncHttpClient-1-12] DEBUG org.asynchttpclient.netty.handler.HttpHandler - 

Request DefaultHttpRequest(decodeResult: success, version: HTTP/1.1)
POST /session/1dfdaeea0c70475b1d2b64e41230e21d/element/3bae51f0-9d2c-4373-85ea-522d670a3d47/click HTTP/1.1
User-Agent: selenium/4.8.1 (java windows)
Content-Length: 50
Content-Type: application/json; charset=utf-8
host: localhost:18337
accept: */*

Response DefaultHttpResponse(decodeResult: success, version: HTTP/1.1)
HTTP/1.1 200 OK
Content-Length: 14
Content-Type: application/json; charset=utf-8
cache-control: no-cache

10:41:23.729 [AsyncHttpClient-1-12] DEBUG org.asynchttpclient.netty.channel.ChannelManager - Adding key: http://localhost:18337 for channel [id: 0x5ac50796, L:/127.0.0.1:55638 - R:localhost/127.0.0.1:18337]
10:41:23.732 [Forwarding getAlertText on session 1dfdaeea0c70475b1d2b64e41230e21d to remote] DEBUG org.asynchttpclient.netty.request.NettyRequestSender - Using pooled Channel '[id: 0x5ac50796, L:/127.0.0.1:55638 - R:localhost/127.0.0.1:18337]' for 'GET' to 'http://localhost:18337/session/1dfdaeea0c70475b1d2b64e41230e21d/alert/text'
10:41:23.732 [Forwarding getAlertText on session 1dfdaeea0c70475b1d2b64e41230e21d to remote] DEBUG org.asynchttpclient.netty.request.NettyRequestSender - Using open Channel [id: 0x5ac50796, L:/127.0.0.1:55638 - R:localhost/127.0.0.1:18337] for GET '/session/1dfdaeea0c70475b1d2b64e41230e21d/alert/text'
10:41:23.733 [AsyncHttpClient-1-12] DEBUG org.asynchttpclient.netty.handler.HttpHandler - 

Request DefaultFullHttpRequest(decodeResult: success, version: HTTP/1.1, content: EmptyByteBufBE)
GET /session/1dfdaeea0c70475b1d2b64e41230e21d/alert/text HTTP/1.1
User-Agent: selenium/4.8.1 (java windows)
Cache-Control: no-cache
Content-Type: application/json; charset=utf-8
host: localhost:18337
accept: */*

Response DefaultHttpResponse(decodeResult: success, version: HTTP/1.1)
HTTP/1.1 404 Not Found
Content-Length: 836
Content-Type: application/json; charset=utf-8
cache-control: no-cache

10:41:23.733 [AsyncHttpClient-1-12] DEBUG org.asynchttpclient.netty.channel.ChannelManager - Adding key: http://localhost:18337 for channel [id: 0x5ac50796, L:/127.0.0.1:55638 - R:localhost/127.0.0.1:18337]
10:41:23.734 [Forwarding getCurrentUrl on session 1dfdaeea0c70475b1d2b64e41230e21d to remote] DEBUG org.asynchttpclient.netty.request.NettyRequestSender - Using pooled Channel '[id: 0x5ac50796, L:/127.0.0.1:55638 - R:localhost/127.0.0.1:18337]' for 'GET' to 'http://localhost:18337/session/1dfdaeea0c70475b1d2b64e41230e21d/url'
10:41:23.734 [Forwarding getCurrentUrl on session 1dfdaeea0c70475b1d2b64e41230e21d to remote] DEBUG org.asynchttpclient.netty.request.NettyRequestSender - Using open Channel [id: 0x5ac50796, L:/127.0.0.1:55638 - R:localhost/127.0.0.1:18337] for GET '/session/1dfdaeea0c70475b1d2b64e41230e21d/url'
10:41:23.738 [AsyncHttpClient-1-12] DEBUG org.asynchttpclient.netty.handler.HttpHandler - 

Request DefaultFullHttpRequest(decodeResult: success, version: HTTP/1.1, content: EmptyByteBufBE)
GET /session/1dfdaeea0c70475b1d2b64e41230e21d/url HTTP/1.1
User-Agent: selenium/4.8.1 (java windows)
Cache-Control: no-cache
Content-Type: application/json; charset=utf-8
host: localhost:18337
accept: */*

Response DefaultHttpResponse(decodeResult: success, version: HTTP/1.1)
HTTP/1.1 200 OK
Content-Length: 41
Content-Type: application/json; charset=utf-8
cache-control: no-cache

10:41:23.739 [AsyncHttpClient-1-12] DEBUG org.asynchttpclient.netty.channel.ChannelManager - Adding key: http://localhost:18337 for channel [id: 0x5ac50796, L:/127.0.0.1:55638 - R:localhost/127.0.0.1:18337]
10:41:23.739 [Forwarding screenshot on session 1dfdaeea0c70475b1d2b64e41230e21d to remote] DEBUG org.asynchttpclient.netty.request.NettyRequestSender - Using pooled Channel '[id: 0x5ac50796, L:/127.0.0.1:55638 - R:localhost/127.0.0.1:18337]' for 'GET' to 'http://localhost:18337/session/1dfdaeea0c70475b1d2b64e41230e21d/screenshot'
10:41:23.740 [Forwarding screenshot on session 1dfdaeea0c70475b1d2b64e41230e21d to remote] DEBUG org.asynchttpclient.netty.request.NettyRequestSender - Using open Channel [id: 0x5ac50796, L:/127.0.0.1:55638 - R:localhost/127.0.0.1:18337] for GET '/session/1dfdaeea0c70475b1d2b64e41230e21d/screenshot'
10:41:23.938 [AsyncHttpClient-1-12] DEBUG org.asynchttpclient.netty.handler.HttpHandler - 

Request DefaultFullHttpRequest(decodeResult: success, version: HTTP/1.1, content: EmptyByteBufBE)
GET /session/1dfdaeea0c70475b1d2b64e41230e21d/screenshot HTTP/1.1
User-Agent: selenium/4.8.1 (java windows)
Cache-Control: no-cache
Content-Type: application/json; charset=utf-8
host: localhost:18337
accept: */*

Response DefaultHttpResponse(decodeResult: success, version: HTTP/1.1)
HTTP/1.1 200 OK
Content-Length: 27668
Content-Type: application/json; charset=utf-8
cache-control: no-cache

10:41:23.938 [AsyncHttpClient-1-12] DEBUG org.asynchttpclient.netty.channel.ChannelManager - Adding key: http://localhost:18337 for channel [id: 0x5ac50796, L:/127.0.0.1:55638 - R:localhost/127.0.0.1:18337]
10:41:23.940 [main] DEBUG net.serenitybdd.core.photography.Darkroom - Send negative for processing for target\site\serenity\559f1fdf42f374efa004aab8e36e19589dda78b3a59f90bf6e8867ce6d700841.png
10:41:23.940 [main] DEBUG net.thucydides.core.steps.StepInterceptor - STEP DONE: clickToolbarTitle
  &amp#27;[32mGiven &amp#27;[0m&amp#27;[32mI go to the alta shop home page&amp#27;[0m  &amp#27;[90m# starter.stepdefinitions.CategorySteps.goToHomePage()&amp#27;[0m
10:41:23.940 [Darkroom Processing Line] DEBUG net.serenitybdd.core.photography.DarkroomProcessingLine - Processing screenshot image in /var/screenshots/screenshot-2070514070477882111
10:41:23.940 [Darkroom Processing Line] DEBUG net.serenitybdd.core.photography.DarkroomProcessingLine - Saving screenshot to target\site\serenity\559f1fdf42f374efa004aab8e36e19589dda78b3a59f90bf6e8867ce6d700841.png
10:41:23.948 [Forwarding getPageSource on session 1dfdaeea0c70475b1d2b64e41230e21d to remote] DEBUG org.asynchttpclient.netty.request.NettyRequestSender - Using pooled Channel '[id: 0x5ac50796, L:/127.0.0.1:55638 - R:localhost/127.0.0.1:18337]' for 'POST' to 'http://localhost:18337/session/1dfdaeea0c70475b1d2b64e41230e21d/execute/sync'
10:41:23.948 [Forwarding getPageSource on session 1dfdaeea0c70475b1d2b64e41230e21d to remote] DEBUG org.asynchttpclient.netty.request.NettyRequestSender - Using open Channel [id: 0x5ac50796, L:/127.0.0.1:55638 - R:localhost/127.0.0.1:18337] for POST '/session/1dfdaeea0c70475b1d2b64e41230e21d/execute/sync'
10:41:23.952 [AsyncHttpClient-1-12] DEBUG org.asynchttpclient.netty.handler.HttpHandler - 

Request DefaultHttpRequest(decodeResult: success, version: HTTP/1.1)
POST /session/1dfdaeea0c70475b1d2b64e41230e21d/execute/sync HTTP/1.1
User-Agent: selenium/4.8.1 (java windows)
Content-Length: 176
Content-Type: application/json; charset=utf-8
host: localhost:18337
accept: */*

Response DefaultHttpResponse(decodeResult: success, version: HTTP/1.1)
HTTP/1.1 200 OK
Content-Length: 28688
Content-Type: application/json; charset=utf-8
cache-control: no-cache

10:41:23.952 [AsyncHttpClient-1-12] DEBUG org.asynchttpclient.netty.channel.ChannelManager - Adding key: http://localhost:18337 for channel [id: 0x5ac50796, L:/127.0.0.1:55638 - R:localhost/127.0.0.1:18337]
10:41:23.954 [Forwarding getCurrentUrl on session 1dfdaeea0c70475b1d2b64e41230e21d to remote] DEBUG org.asynchttpclient.netty.request.NettyRequestSender - Using pooled Channel '[id: 0x5ac50796, L:/127.0.0.1:55638 - R:localhost/127.0.0.1:18337]' for 'GET' to 'http://localhost:18337/session/1dfdaeea0c70475b1d2b64e41230e21d/url'
10:41:23.954 [Forwarding getCurrentUrl on session 1dfdaeea0c70475b1d2b64e41230e21d to remote] DEBUG org.asynchttpclient.netty.request.NettyRequestSender - Using open Channel [id: 0x5ac50796, L:/127.0.0.1:55638 - R:localhost/127.0.0.1:18337] for GET '/session/1dfdaeea0c70475b1d2b64e41230e21d/url'
10:41:23.956 [AsyncHttpClient-1-12] DEBUG org.asynchttpclient.netty.handler.HttpHandler - 

Request DefaultFullHttpRequest(decodeResult: success, version: HTTP/1.1, content: EmptyByteBufBE)
GET /session/1dfdaeea0c70475b1d2b64e41230e21d/url HTTP/1.1
User-Agent: selenium/4.8.1 (java windows)
Cache-Control: no-cache
Content-Type: application/json; charset=utf-8
host: localhost:18337
accept: */*

Response DefaultHttpResponse(decodeResult: success, version: HTTP/1.1)
HTTP/1.1 200 OK
Content-Length: 41
Content-Type: application/json; charset=utf-8
cache-control: no-cache

10:41:23.956 [AsyncHttpClient-1-12] DEBUG org.asynchttpclient.netty.channel.ChannelManager - Adding key: http://localhost:18337 for channel [id: 0x5ac50796, L:/127.0.0.1:55638 - R:localhost/127.0.0.1:18337]
10:41:23.976 [Forwarding getPageSource on session 1dfdaeea0c70475b1d2b64e41230e21d to remote] DEBUG org.asynchttpclient.netty.request.NettyRequestSender - Using pooled Channel '[id: 0x5ac50796, L:/127.0.0.1:55638 - R:localhost/127.0.0.1:18337]' for 'POST' to 'http://localhost:18337/session/1dfdaeea0c70475b1d2b64e41230e21d/execute/sync'
10:41:23.976 [Forwarding getPageSource on session 1dfdaeea0c70475b1d2b64e41230e21d to remote] DEBUG org.asynchttpclient.netty.request.NettyRequestSender - Using open Channel [id: 0x5ac50796, L:/127.0.0.1:55638 - R:localhost/127.0.0.1:18337] for POST '/session/1dfdaeea0c70475b1d2b64e41230e21d/execute/sync'
10:41:23.981 [AsyncHttpClient-1-12] DEBUG org.asynchttpclient.netty.handler.HttpHandler - 

Request DefaultHttpRequest(decodeResult: success, version: HTTP/1.1)
POST /session/1dfdaeea0c70475b1d2b64e41230e21d/execute/sync HTTP/1.1
User-Agent: selenium/4.8.1 (java windows)
Content-Length: 176
Content-Type: application/json; charset=utf-8
host: localhost:18337
accept: */*

Response DefaultHttpResponse(decodeResult: success, version: HTTP/1.1)
HTTP/1.1 200 OK
Content-Length: 28688
Content-Type: application/json; charset=utf-8
cache-control: no-cache

10:41:23.981 [AsyncHttpClient-1-12] DEBUG org.asynchttpclient.netty.channel.ChannelManager - Adding key: http://localhost:18337 for channel [id: 0x5ac50796, L:/127.0.0.1:55638 - R:localhost/127.0.0.1:18337]
10:41:23.983 [Forwarding getCurrentUrl on session 1dfdaeea0c70475b1d2b64e41230e21d to remote] DEBUG org.asynchttpclient.netty.request.NettyRequestSender - Using pooled Channel '[id: 0x5ac50796, L:/127.0.0.1:55638 - R:localhost/127.0.0.1:18337]' for 'GET' to 'http://localhost:18337/session/1dfdaeea0c70475b1d2b64e41230e21d/url'
10:41:23.983 [Forwarding getCurrentUrl on session 1dfdaeea0c70475b1d2b64e41230e21d to remote] DEBUG org.asynchttpclient.netty.request.NettyRequestSender - Using open Channel [id: 0x5ac50796, L:/127.0.0.1:55638 - R:localhost/127.0.0.1:18337] for GET '/session/1dfdaeea0c70475b1d2b64e41230e21d/url'
10:41:23.986 [AsyncHttpClient-1-12] DEBUG org.asynchttpclient.netty.handler.HttpHandler - 

Request DefaultFullHttpRequest(decodeResult: success, version: HTTP/1.1, content: EmptyByteBufBE)
GET /session/1dfdaeea0c70475b1d2b64e41230e21d/url HTTP/1.1
User-Agent: selenium/4.8.1 (java windows)
Cache-Control: no-cache
Content-Type: application/json; charset=utf-8
host: localhost:18337
accept: */*

Response DefaultHttpResponse(decodeResult: success, version: HTTP/1.1)
HTTP/1.1 200 OK
Content-Length: 41
Content-Type: application/json; charset=utf-8
cache-control: no-cache

10:41:23.986 [AsyncHttpClient-1-12] DEBUG org.asynchttpclient.netty.channel.ChannelManager - Adding key: http://localhost:18337 for channel [id: 0x5ac50796, L:/127.0.0.1:55638 - R:localhost/127.0.0.1:18337]
10:41:23.987 [main] DEBUG net.thucydides.core.steps.StepInterceptor - STARTING STEP: TransactionSteps.clickLoginIcon - clickLoginIcon
10:41:23.989 [Forwarding findElement on session 1dfdaeea0c70475b1d2b64e41230e21d to remote] DEBUG org.asynchttpclient.netty.request.NettyRequestSender - Using pooled Channel '[id: 0x5ac50796, L:/127.0.0.1:55638 - R:localhost/127.0.0.1:18337]' for 'POST' to 'http://localhost:18337/session/1dfdaeea0c70475b1d2b64e41230e21d/element'
10:41:23.989 [Forwarding findElement on session 1dfdaeea0c70475b1d2b64e41230e21d to remote] DEBUG org.asynchttpclient.netty.request.NettyRequestSender - Using open Channel [id: 0x5ac50796, L:/127.0.0.1:55638 - R:localhost/127.0.0.1:18337] for POST '/session/1dfdaeea0c70475b1d2b64e41230e21d/element'
10:41:24.396 [AsyncHttpClient-1-12] DEBUG org.asynchttpclient.netty.handler.HttpHandler - 

Request DefaultHttpRequest(decodeResult: success, version: HTTP/1.1)
POST /session/1dfdaeea0c70475b1d2b64e41230e21d/element HTTP/1.1
User-Agent: selenium/4.8.1 (java windows)
Content-Length: 59
Content-Type: application/json; charset=utf-8
host: localhost:18337
accept: */*

Response DefaultHttpResponse(decodeResult: success, version: HTTP/1.1)
HTTP/1.1 200 OK
Content-Length: 88
Content-Type: application/json; charset=utf-8
cache-control: no-cache

10:41:24.396 [AsyncHttpClient-1-12] DEBUG org.asynchttpclient.netty.channel.ChannelManager - Adding key: http://localhost:18337 for channel [id: 0x5ac50796, L:/127.0.0.1:55638 - R:localhost/127.0.0.1:18337]
10:41:24.397 [Forwarding getElementTagName on session 1dfdaeea0c70475b1d2b64e41230e21d to remote] DEBUG org.asynchttpclient.netty.request.NettyRequestSender - Using pooled Channel '[id: 0x5ac50796, L:/127.0.0.1:55638 - R:localhost/127.0.0.1:18337]' for 'GET' to 'http://localhost:18337/session/1dfdaeea0c70475b1d2b64e41230e21d/element/4dbcf55b-b59c-4c69-a458-d5fb252e8a88/name'
10:41:24.397 [Forwarding getElementTagName on session 1dfdaeea0c70475b1d2b64e41230e21d to remote] DEBUG org.asynchttpclient.netty.request.NettyRequestSender - Using open Channel [id: 0x5ac50796, L:/127.0.0.1:55638 - R:localhost/127.0.0.1:18337] for GET '/session/1dfdaeea0c70475b1d2b64e41230e21d/element/4dbcf55b-b59c-4c69-a458-d5fb252e8a88/name'
10:41:24.400 [AsyncHttpClient-1-12] DEBUG org.asynchttpclient.netty.handler.HttpHandler - 

Request DefaultFullHttpRequest(decodeResult: success, version: HTTP/1.1, content: EmptyByteBufBE)
GET /session/1dfdaeea0c70475b1d2b64e41230e21d/element/4dbcf55b-b59c-4c69-a458-d5fb252e8a88/name HTTP/1.1
User-Agent: selenium/4.8.1 (java windows)
Cache-Control: no-cache
Content-Type: application/json; charset=utf-8
host: localhost:18337
accept: */*

Response DefaultHttpResponse(decodeResult: success, version: HTTP/1.1)
HTTP/1.1 200 OK
Content-Length: 13
Content-Type: application/json; charset=utf-8
cache-control: no-cache

10:41:24.400 [AsyncHttpClient-1-12] DEBUG org.asynchttpclient.netty.channel.ChannelManager - Adding key: http://localhost:18337 for channel [id: 0x5ac50796, L:/127.0.0.1:55638 - R:localhost/127.0.0.1:18337]
10:41:24.401 [Forwarding getElementTagName on session 1dfdaeea0c70475b1d2b64e41230e21d to remote] DEBUG org.asynchttpclient.netty.request.NettyRequestSender - Using pooled Channel '[id: 0x5ac50796, L:/127.0.0.1:55638 - R:localhost/127.0.0.1:18337]' for 'GET' to 'http://localhost:18337/session/1dfdaeea0c70475b1d2b64e41230e21d/element/4dbcf55b-b59c-4c69-a458-d5fb252e8a88/name'
10:41:24.401 [Forwarding getElementTagName on session 1dfdaeea0c70475b1d2b64e41230e21d to remote] DEBUG org.asynchttpclient.netty.request.NettyRequestSender - Using open Channel [id: 0x5ac50796, L:/127.0.0.1:55638 - R:localhost/127.0.0.1:18337] for GET '/session/1dfdaeea0c70475b1d2b64e41230e21d/element/4dbcf55b-b59c-4c69-a458-d5fb252e8a88/name'
10:41:24.404 [AsyncHttpClient-1-12] DEBUG org.asynchttpclient.netty.handler.HttpHandler - 

Request DefaultFullHttpRequest(decodeResult: success, version: HTTP/1.1, content: EmptyByteBufBE)
GET /session/1dfdaeea0c70475b1d2b64e41230e21d/element/4dbcf55b-b59c-4c69-a458-d5fb252e8a88/name HTTP/1.1
User-Agent: selenium/4.8.1 (java windows)
Cache-Control: no-cache
Content-Type: application/json; charset=utf-8
host: localhost:18337
accept: */*

Response DefaultHttpResponse(decodeResult: success, version: HTTP/1.1)
HTTP/1.1 200 OK
Content-Length: 13
Content-Type: application/json; charset=utf-8
cache-control: no-cache

10:41:24.404 [AsyncHttpClient-1-12] DEBUG org.asynchttpclient.netty.channel.ChannelManager - Adding key: http://localhost:18337 for channel [id: 0x5ac50796, L:/127.0.0.1:55638 - R:localhost/127.0.0.1:18337]
10:41:24.405 [Forwarding findElement on session 1dfdaeea0c70475b1d2b64e41230e21d to remote] DEBUG org.asynchttpclient.netty.request.NettyRequestSender - Using pooled Channel '[id: 0x5ac50796, L:/127.0.0.1:55638 - R:localhost/127.0.0.1:18337]' for 'POST' to 'http://localhost:18337/session/1dfdaeea0c70475b1d2b64e41230e21d/element'
10:41:24.405 [Forwarding findElement on session 1dfdaeea0c70475b1d2b64e41230e21d to remote] DEBUG org.asynchttpclient.netty.request.NettyRequestSender - Using open Channel [id: 0x5ac50796, L:/127.0.0.1:55638 - R:localhost/127.0.0.1:18337] for POST '/session/1dfdaeea0c70475b1d2b64e41230e21d/element'
10:41:24.411 [AsyncHttpClient-1-12] DEBUG org.asynchttpclient.netty.handler.HttpHandler - 

Request DefaultHttpRequest(decodeResult: success, version: HTTP/1.1)
POST /session/1dfdaeea0c70475b1d2b64e41230e21d/element HTTP/1.1
User-Agent: selenium/4.8.1 (java windows)
Content-Length: 59
Content-Type: application/json; charset=utf-8
host: localhost:18337
accept: */*

Response DefaultHttpResponse(decodeResult: success, version: HTTP/1.1)
HTTP/1.1 200 OK
Content-Length: 88
Content-Type: application/json; charset=utf-8
cache-control: no-cache

10:41:24.411 [AsyncHttpClient-1-12] DEBUG org.asynchttpclient.netty.channel.ChannelManager - Adding key: http://localhost:18337 for channel [id: 0x5ac50796, L:/127.0.0.1:55638 - R:localhost/127.0.0.1:18337]
10:41:24.411 [Forwarding clickElement on session 1dfdaeea0c70475b1d2b64e41230e21d to remote] DEBUG org.asynchttpclient.netty.request.NettyRequestSender - Using pooled Channel '[id: 0x5ac50796, L:/127.0.0.1:55638 - R:localhost/127.0.0.1:18337]' for 'POST' to 'http://localhost:18337/session/1dfdaeea0c70475b1d2b64e41230e21d/element/4dbcf55b-b59c-4c69-a458-d5fb252e8a88/click'
10:41:24.412 [Forwarding clickElement on session 1dfdaeea0c70475b1d2b64e41230e21d to remote] DEBUG org.asynchttpclient.netty.request.NettyRequestSender - Using open Channel [id: 0x5ac50796, L:/127.0.0.1:55638 - R:localhost/127.0.0.1:18337] for POST '/session/1dfdaeea0c70475b1d2b64e41230e21d/element/4dbcf55b-b59c-4c69-a458-d5fb252e8a88/click'
10:41:24.479 [AsyncHttpClient-1-12] DEBUG org.asynchttpclient.netty.handler.HttpHandler - 

Request DefaultHttpRequest(decodeResult: success, version: HTTP/1.1)
POST /session/1dfdaeea0c70475b1d2b64e41230e21d/element/4dbcf55b-b59c-4c69-a458-d5fb252e8a88/click HTTP/1.1
User-Agent: selenium/4.8.1 (java windows)
Content-Length: 50
Content-Type: application/json; charset=utf-8
host: localhost:18337
accept: */*

Response DefaultHttpResponse(decodeResult: success, version: HTTP/1.1)
HTTP/1.1 200 OK
Content-Length: 14
Content-Type: application/json; charset=utf-8
cache-control: no-cache

10:41:24.479 [AsyncHttpClient-1-12] DEBUG org.asynchttpclient.netty.channel.ChannelManager - Adding key: http://localhost:18337 for channel [id: 0x5ac50796, L:/127.0.0.1:55638 - R:localhost/127.0.0.1:18337]
10:41:24.482 [Forwarding getAlertText on session 1dfdaeea0c70475b1d2b64e41230e21d to remote] DEBUG org.asynchttpclient.netty.request.NettyRequestSender - Using pooled Channel '[id: 0x5ac50796, L:/127.0.0.1:55638 - R:localhost/127.0.0.1:18337]' for 'GET' to 'http://localhost:18337/session/1dfdaeea0c70475b1d2b64e41230e21d/alert/text'
10:41:24.482 [Forwarding getAlertText on session 1dfdaeea0c70475b1d2b64e41230e21d to remote] DEBUG org.asynchttpclient.netty.request.NettyRequestSender - Using open Channel [id: 0x5ac50796, L:/127.0.0.1:55638 - R:localhost/127.0.0.1:18337] for GET '/session/1dfdaeea0c70475b1d2b64e41230e21d/alert/text'
10:41:24.483 [AsyncHttpClient-1-12] DEBUG org.asynchttpclient.netty.handler.HttpHandler - 

Request DefaultFullHttpRequest(decodeResult: success, version: HTTP/1.1, content: EmptyByteBufBE)
GET /session/1dfdaeea0c70475b1d2b64e41230e21d/alert/text HTTP/1.1
User-Agent: selenium/4.8.1 (java windows)
Cache-Control: no-cache
Content-Type: application/json; charset=utf-8
host: localhost:18337
accept: */*

Response DefaultHttpResponse(decodeResult: success, version: HTTP/1.1)
HTTP/1.1 404 Not Found
Content-Length: 836
Content-Type: application/json; charset=utf-8
cache-control: no-cache

10:41:24.483 [AsyncHttpClient-1-12] DEBUG org.asynchttpclient.netty.channel.ChannelManager - Adding key: http://localhost:18337 for channel [id: 0x5ac50796, L:/127.0.0.1:55638 - R:localhost/127.0.0.1:18337]
10:41:24.484 [Forwarding getCurrentUrl on session 1dfdaeea0c70475b1d2b64e41230e21d to remote] DEBUG org.asynchttpclient.netty.request.NettyRequestSender - Using pooled Channel '[id: 0x5ac50796, L:/127.0.0.1:55638 - R:localhost/127.0.0.1:18337]' for 'GET' to 'http://localhost:18337/session/1dfdaeea0c70475b1d2b64e41230e21d/url'
10:41:24.484 [Forwarding getCurrentUrl on session 1dfdaeea0c70475b1d2b64e41230e21d to remote] DEBUG org.asynchttpclient.netty.request.NettyRequestSender - Using open Channel [id: 0x5ac50796, L:/127.0.0.1:55638 - R:localhost/127.0.0.1:18337] for GET '/session/1dfdaeea0c70475b1d2b64e41230e21d/url'
10:41:24.487 [AsyncHttpClient-1-12] DEBUG org.asynchttpclient.netty.handler.HttpHandler - 

Request DefaultFullHttpRequest(decodeResult: success, version: HTTP/1.1, content: EmptyByteBufBE)
GET /session/1dfdaeea0c70475b1d2b64e41230e21d/url HTTP/1.1
User-Agent: selenium/4.8.1 (java windows)
Cache-Control: no-cache
Content-Type: application/json; charset=utf-8
host: localhost:18337
accept: */*

Response DefaultHttpResponse(decodeResult: success, version: HTTP/1.1)
HTTP/1.1 200 OK
Content-Length: 51
Content-Type: application/json; charset=utf-8
cache-control: no-cache

10:41:24.487 [AsyncHttpClient-1-12] DEBUG org.asynchttpclient.netty.channel.ChannelManager - Adding key: http://localhost:18337 for channel [id: 0x5ac50796, L:/127.0.0.1:55638 - R:localhost/127.0.0.1:18337]
10:41:24.487 [Forwarding screenshot on session 1dfdaeea0c70475b1d2b64e41230e21d to remote] DEBUG org.asynchttpclient.netty.request.NettyRequestSender - Using pooled Channel '[id: 0x5ac50796, L:/127.0.0.1:55638 - R:localhost/127.0.0.1:18337]' for 'GET' to 'http://localhost:18337/session/1dfdaeea0c70475b1d2b64e41230e21d/screenshot'
10:41:24.487 [Forwarding screenshot on session 1dfdaeea0c70475b1d2b64e41230e21d to remote] DEBUG org.asynchttpclient.netty.request.NettyRequestSender - Using open Channel [id: 0x5ac50796, L:/127.0.0.1:55638 - R:localhost/127.0.0.1:18337] for GET '/session/1dfdaeea0c70475b1d2b64e41230e21d/screenshot'
10:41:24.561 [AsyncHttpClient-1-12] DEBUG org.asynchttpclient.netty.handler.HttpHandler - 

Request DefaultFullHttpRequest(decodeResult: success, version: HTTP/1.1, content: EmptyByteBufBE)
GET /session/1dfdaeea0c70475b1d2b64e41230e21d/screenshot HTTP/1.1
User-Agent: selenium/4.8.1 (java windows)
Cache-Control: no-cache
Content-Type: application/json; charset=utf-8
host: localhost:18337
accept: */*

Response DefaultHttpResponse(decodeResult: success, version: HTTP/1.1)
HTTP/1.1 200 OK
Content-Length: 25892
Content-Type: application/json; charset=utf-8
cache-control: no-cache

10:41:24.561 [AsyncHttpClient-1-12] DEBUG org.asynchttpclient.netty.channel.ChannelManager - Adding key: http://localhost:18337 for channel [id: 0x5ac50796, L:/127.0.0.1:55638 - R:localhost/127.0.0.1:18337]
10:41:24.562 [main] DEBUG net.serenitybdd.core.photography.Darkroom - Send negative for processing for target\site\serenity\04ca9e79ec262e3a2bdd9c4cf062ce616f17a8058820fe1712168629a4785267.png
10:41:24.562 [main] DEBUG net.thucydides.core.steps.StepInterceptor - STEP DONE: clickLoginIcon
  &amp#27;[32mWhen &amp#27;[0m&amp#27;[32mI click on the login icon&amp#27;[0m         &amp#27;[90m# starter.stepdefinitions.TransactionSteps.clickLoginIcon()&amp#27;[0m
10:41:24.563 [Darkroom Processing Line] DEBUG net.serenitybdd.core.photography.DarkroomProcessingLine - Processing screenshot image in /var/screenshots/screenshot-11401011918685209083
10:41:24.563 [Darkroom Processing Line] DEBUG net.serenitybdd.core.photography.DarkroomProcessingLine - Saving screenshot to target\site\serenity\04ca9e79ec262e3a2bdd9c4cf062ce616f17a8058820fe1712168629a4785267.png
10:41:24.568 [Forwarding getPageSource on session 1dfdaeea0c70475b1d2b64e41230e21d to remote] DEBUG org.asynchttpclient.netty.request.NettyRequestSender - Using pooled Channel '[id: 0x5ac50796, L:/127.0.0.1:55638 - R:localhost/127.0.0.1:18337]' for 'POST' to 'http://localhost:18337/session/1dfdaeea0c70475b1d2b64e41230e21d/execute/sync'
10:41:24.568 [Forwarding getPageSource on session 1dfdaeea0c70475b1d2b64e41230e21d to remote] DEBUG org.asynchttpclient.netty.request.NettyRequestSender - Using open Channel [id: 0x5ac50796, L:/127.0.0.1:55638 - R:localhost/127.0.0.1:18337] for POST '/session/1dfdaeea0c70475b1d2b64e41230e21d/execute/sync'
10:41:24.571 [AsyncHttpClient-1-12] DEBUG org.asynchttpclient.netty.handler.HttpHandler - 

Request DefaultHttpRequest(decodeResult: success, version: HTTP/1.1)
POST /session/1dfdaeea0c70475b1d2b64e41230e21d/execute/sync HTTP/1.1
User-Agent: selenium/4.8.1 (java windows)
Content-Length: 176
Content-Type: application/json; charset=utf-8
host: localhost:18337
accept: */*

Response DefaultHttpResponse(decodeResult: success, version: HTTP/1.1)
HTTP/1.1 200 OK
Content-Length: 21970
Content-Type: application/json; charset=utf-8
cache-control: no-cache

10:41:24.571 [AsyncHttpClient-1-12] DEBUG org.asynchttpclient.netty.channel.ChannelManager - Adding key: http://localhost:18337 for channel [id: 0x5ac50796, L:/127.0.0.1:55638 - R:localhost/127.0.0.1:18337]
10:41:24.573 [Forwarding getCurrentUrl on session 1dfdaeea0c70475b1d2b64e41230e21d to remote] DEBUG org.asynchttpclient.netty.request.NettyRequestSender - Using pooled Channel '[id: 0x5ac50796, L:/127.0.0.1:55638 - R:localhost/127.0.0.1:18337]' for 'GET' to 'http://localhost:18337/session/1dfdaeea0c70475b1d2b64e41230e21d/url'
10:41:24.573 [Forwarding getCurrentUrl on session 1dfdaeea0c70475b1d2b64e41230e21d to remote] DEBUG org.asynchttpclient.netty.request.NettyRequestSender - Using open Channel [id: 0x5ac50796, L:/127.0.0.1:55638 - R:localhost/127.0.0.1:18337] for GET '/session/1dfdaeea0c70475b1d2b64e41230e21d/url'
10:41:24.576 [AsyncHttpClient-1-12] DEBUG org.asynchttpclient.netty.handler.HttpHandler - 

Request DefaultFullHttpRequest(decodeResult: success, version: HTTP/1.1, content: EmptyByteBufBE)
GET /session/1dfdaeea0c70475b1d2b64e41230e21d/url HTTP/1.1
User-Agent: selenium/4.8.1 (java windows)
Cache-Control: no-cache
Content-Type: application/json; charset=utf-8
host: localhost:18337
accept: */*

Response DefaultHttpResponse(decodeResult: success, version: HTTP/1.1)
HTTP/1.1 200 OK
Content-Length: 51
Content-Type: application/json; charset=utf-8
cache-control: no-cache

10:41:24.576 [AsyncHttpClient-1-12] DEBUG org.asynchttpclient.netty.channel.ChannelManager - Adding key: http://localhost:18337 for channel [id: 0x5ac50796, L:/127.0.0.1:55638 - R:localhost/127.0.0.1:18337]
10:41:24.581 [Forwarding getPageSource on session 1dfdaeea0c70475b1d2b64e41230e21d to remote] DEBUG org.asynchttpclient.netty.request.NettyRequestSender - Using pooled Channel '[id: 0x5ac50796, L:/127.0.0.1:55638 - R:localhost/127.0.0.1:18337]' for 'POST' to 'http://localhost:18337/session/1dfdaeea0c70475b1d2b64e41230e21d/execute/sync'
10:41:24.581 [Forwarding getPageSource on session 1dfdaeea0c70475b1d2b64e41230e21d to remote] DEBUG org.asynchttpclient.netty.request.NettyRequestSender - Using open Channel [id: 0x5ac50796, L:/127.0.0.1:55638 - R:localhost/127.0.0.1:18337] for POST '/session/1dfdaeea0c70475b1d2b64e41230e21d/execute/sync'
10:41:24.584 [AsyncHttpClient-1-12] DEBUG org.asynchttpclient.netty.handler.HttpHandler - 

Request DefaultHttpRequest(decodeResult: success, version: HTTP/1.1)
POST /session/1dfdaeea0c70475b1d2b64e41230e21d/execute/sync HTTP/1.1
User-Agent: selenium/4.8.1 (java windows)
Content-Length: 176
Content-Type: application/json; charset=utf-8
host: localhost:18337
accept: */*

Response DefaultHttpResponse(decodeResult: success, version: HTTP/1.1)
HTTP/1.1 200 OK
Content-Length: 21970
Content-Type: application/json; charset=utf-8
cache-control: no-cache

10:41:24.584 [AsyncHttpClient-1-12] DEBUG org.asynchttpclient.netty.channel.ChannelManager - Adding key: http://localhost:18337 for channel [id: 0x5ac50796, L:/127.0.0.1:55638 - R:localhost/127.0.0.1:18337]
10:41:24.586 [Forwarding getCurrentUrl on session 1dfdaeea0c70475b1d2b64e41230e21d to remote] DEBUG org.asynchttpclient.netty.request.NettyRequestSender - Using pooled Channel '[id: 0x5ac50796, L:/127.0.0.1:55638 - R:localhost/127.0.0.1:18337]' for 'GET' to 'http://localhost:18337/session/1dfdaeea0c70475b1d2b64e41230e21d/url'
10:41:24.586 [Forwarding getCurrentUrl on session 1dfdaeea0c70475b1d2b64e41230e21d to remote] DEBUG org.asynchttpclient.netty.request.NettyRequestSender - Using open Channel [id: 0x5ac50796, L:/127.0.0.1:55638 - R:localhost/127.0.0.1:18337] for GET '/session/1dfdaeea0c70475b1d2b64e41230e21d/url'
10:41:24.588 [AsyncHttpClient-1-12] DEBUG org.asynchttpclient.netty.handler.HttpHandler - 

Request DefaultFullHttpRequest(decodeResult: success, version: HTTP/1.1, content: EmptyByteBufBE)
GET /session/1dfdaeea0c70475b1d2b64e41230e21d/url HTTP/1.1
User-Agent: selenium/4.8.1 (java windows)
Cache-Control: no-cache
Content-Type: application/json; charset=utf-8
host: localhost:18337
accept: */*

Response DefaultHttpResponse(decodeResult: success, version: HTTP/1.1)
HTTP/1.1 200 OK
Content-Length: 51
Content-Type: application/json; charset=utf-8
cache-control: no-cache

10:41:24.588 [AsyncHttpClient-1-12] DEBUG org.asynchttpclient.netty.channel.ChannelManager - Adding key: http://localhost:18337 for channel [id: 0x5ac50796, L:/127.0.0.1:55638 - R:localhost/127.0.0.1:18337]
10:41:24.590 [main] DEBUG net.thucydides.core.steps.StepInterceptor - STARTING STEP: TransactionSteps.validateOnLoginPage - validateOnLoginPage
10:41:24.591 [Forwarding findElement on session 1dfdaeea0c70475b1d2b64e41230e21d to remote] DEBUG org.asynchttpclient.netty.request.NettyRequestSender - Using pooled Channel '[id: 0x5ac50796, L:/127.0.0.1:55638 - R:localhost/127.0.0.1:18337]' for 'POST' to 'http://localhost:18337/session/1dfdaeea0c70475b1d2b64e41230e21d/element'
10:41:24.591 [Forwarding findElement on session 1dfdaeea0c70475b1d2b64e41230e21d to remote] DEBUG org.asynchttpclient.netty.request.NettyRequestSender - Using open Channel [id: 0x5ac50796, L:/127.0.0.1:55638 - R:localhost/127.0.0.1:18337] for POST '/session/1dfdaeea0c70475b1d2b64e41230e21d/element'
10:41:24.600 [AsyncHttpClient-1-12] DEBUG org.asynchttpclient.netty.handler.HttpHandler - 

Request DefaultHttpRequest(decodeResult: success, version: HTTP/1.1)
POST /session/1dfdaeea0c70475b1d2b64e41230e21d/element HTTP/1.1
User-Agent: selenium/4.8.1 (java windows)
Content-Length: 71
Content-Type: application/json; charset=utf-8
host: localhost:18337
accept: */*

Response DefaultHttpResponse(decodeResult: success, version: HTTP/1.1)
HTTP/1.1 200 OK
Content-Length: 88
Content-Type: application/json; charset=utf-8
cache-control: no-cache

10:41:24.600 [AsyncHttpClient-1-12] DEBUG org.asynchttpclient.netty.channel.ChannelManager - Adding key: http://localhost:18337 for channel [id: 0x5ac50796, L:/127.0.0.1:55638 - R:localhost/127.0.0.1:18337]
10:41:24.602 [Forwarding isElementDisplayed on session 1dfdaeea0c70475b1d2b64e41230e21d to remote] DEBUG org.asynchttpclient.netty.request.NettyRequestSender - Using pooled Channel '[id: 0x5ac50796, L:/127.0.0.1:55638 - R:localhost/127.0.0.1:18337]' for 'POST' to 'http://localhost:18337/session/1dfdaeea0c70475b1d2b64e41230e21d/execute/sync'
10:41:24.602 [Forwarding isElementDisplayed on session 1dfdaeea0c70475b1d2b64e41230e21d to remote] DEBUG org.asynchttpclient.netty.request.NettyRequestSender - Using open Channel [id: 0x5ac50796, L:/127.0.0.1:55638 - R:localhost/127.0.0.1:18337] for POST '/session/1dfdaeea0c70475b1d2b64e41230e21d/execute/sync'
10:41:24.611 [AsyncHttpClient-1-12] DEBUG org.asynchttpclient.netty.handler.HttpHandler - 

Request DefaultHttpRequest(decodeResult: success, version: HTTP/1.1)
POST /session/1dfdaeea0c70475b1d2b64e41230e21d/execute/sync HTTP/1.1
User-Agent: selenium/4.8.1 (java windows)
Content-Length: 48807
Content-Type: application/json; charset=utf-8
host: localhost:18337
accept: */*

Response DefaultHttpResponse(decodeResult: success, version: HTTP/1.1)
HTTP/1.1 200 OK
Content-Length: 14
Content-Type: application/json; charset=utf-8
cache-control: no-cache

10:41:24.611 [AsyncHttpClient-1-12] DEBUG org.asynchttpclient.netty.channel.ChannelManager - Adding key: http://localhost:18337 for channel [id: 0x5ac50796, L:/127.0.0.1:55638 - R:localhost/127.0.0.1:18337]
10:41:24.613 [Forwarding getAlertText on session 1dfdaeea0c70475b1d2b64e41230e21d to remote] DEBUG org.asynchttpclient.netty.request.NettyRequestSender - Using pooled Channel '[id: 0x5ac50796, L:/127.0.0.1:55638 - R:localhost/127.0.0.1:18337]' for 'GET' to 'http://localhost:18337/session/1dfdaeea0c70475b1d2b64e41230e21d/alert/text'
10:41:24.613 [Forwarding getAlertText on session 1dfdaeea0c70475b1d2b64e41230e21d to remote] DEBUG org.asynchttpclient.netty.request.NettyRequestSender - Using open Channel [id: 0x5ac50796, L:/127.0.0.1:55638 - R:localhost/127.0.0.1:18337] for GET '/session/1dfdaeea0c70475b1d2b64e41230e21d/alert/text'
10:41:24.615 [AsyncHttpClient-1-12] DEBUG org.asynchttpclient.netty.handler.HttpHandler - 

Request DefaultFullHttpRequest(decodeResult: success, version: HTTP/1.1, content: EmptyByteBufBE)
GET /session/1dfdaeea0c70475b1d2b64e41230e21d/alert/text HTTP/1.1
User-Agent: selenium/4.8.1 (java windows)
Cache-Control: no-cache
Content-Type: application/json; charset=utf-8
host: localhost:18337
accept: */*

Response DefaultHttpResponse(decodeResult: success, version: HTTP/1.1)
HTTP/1.1 404 Not Found
Content-Length: 836
Content-Type: application/json; charset=utf-8
cache-control: no-cache

10:41:24.615 [AsyncHttpClient-1-12] DEBUG org.asynchttpclient.netty.channel.ChannelManager - Adding key: http://localhost:18337 for channel [id: 0x5ac50796, L:/127.0.0.1:55638 - R:localhost/127.0.0.1:18337]
10:41:24.616 [Forwarding getCurrentUrl on session 1dfdaeea0c70475b1d2b64e41230e21d to remote] DEBUG org.asynchttpclient.netty.request.NettyRequestSender - Using pooled Channel '[id: 0x5ac50796, L:/127.0.0.1:55638 - R:localhost/127.0.0.1:18337]' for 'GET' to 'http://localhost:18337/session/1dfdaeea0c70475b1d2b64e41230e21d/url'
10:41:24.616 [Forwarding getCurrentUrl on session 1dfdaeea0c70475b1d2b64e41230e21d to remote] DEBUG org.asynchttpclient.netty.request.NettyRequestSender - Using open Channel [id: 0x5ac50796, L:/127.0.0.1:55638 - R:localhost/127.0.0.1:18337] for GET '/session/1dfdaeea0c70475b1d2b64e41230e21d/url'
10:41:24.618 [AsyncHttpClient-1-12] DEBUG org.asynchttpclient.netty.handler.HttpHandler - 

Request DefaultFullHttpRequest(decodeResult: success, version: HTTP/1.1, content: EmptyByteBufBE)
GET /session/1dfdaeea0c70475b1d2b64e41230e21d/url HTTP/1.1
User-Agent: selenium/4.8.1 (java windows)
Cache-Control: no-cache
Content-Type: application/json; charset=utf-8
host: localhost:18337
accept: */*

Response DefaultHttpResponse(decodeResult: success, version: HTTP/1.1)
HTTP/1.1 200 OK
Content-Length: 51
Content-Type: application/json; charset=utf-8
cache-control: no-cache

10:41:24.618 [AsyncHttpClient-1-12] DEBUG org.asynchttpclient.netty.channel.ChannelManager - Adding key: http://localhost:18337 for channel [id: 0x5ac50796, L:/127.0.0.1:55638 - R:localhost/127.0.0.1:18337]
10:41:24.619 [Forwarding screenshot on session 1dfdaeea0c70475b1d2b64e41230e21d to remote] DEBUG org.asynchttpclient.netty.request.NettyRequestSender - Using pooled Channel '[id: 0x5ac50796, L:/127.0.0.1:55638 - R:localhost/127.0.0.1:18337]' for 'GET' to 'http://localhost:18337/session/1dfdaeea0c70475b1d2b64e41230e21d/screenshot'
10:41:24.619 [Forwarding screenshot on session 1dfdaeea0c70475b1d2b64e41230e21d to remote] DEBUG org.asynchttpclient.netty.request.NettyRequestSender - Using open Channel [id: 0x5ac50796, L:/127.0.0.1:55638 - R:localhost/127.0.0.1:18337] for GET '/session/1dfdaeea0c70475b1d2b64e41230e21d/screenshot'
10:41:24.702 [AsyncHttpClient-1-12] DEBUG org.asynchttpclient.netty.handler.HttpHandler - 

Request DefaultFullHttpRequest(decodeResult: success, version: HTTP/1.1, content: EmptyByteBufBE)
GET /session/1dfdaeea0c70475b1d2b64e41230e21d/screenshot HTTP/1.1
User-Agent: selenium/4.8.1 (java windows)
Cache-Control: no-cache
Content-Type: application/json; charset=utf-8
host: localhost:18337
accept: */*

Response DefaultHttpResponse(decodeResult: success, version: HTTP/1.1)
HTTP/1.1 200 OK
Content-Length: 27416
Content-Type: application/json; charset=utf-8
cache-control: no-cache

10:41:24.702 [AsyncHttpClient-1-12] DEBUG org.asynchttpclient.netty.channel.ChannelManager - Adding key: http://localhost:18337 for channel [id: 0x5ac50796, L:/127.0.0.1:55638 - R:localhost/127.0.0.1:18337]
10:41:24.703 [main] DEBUG net.serenitybdd.core.photography.Darkroom - Send negative for processing for target\site\serenity\3598f451c7f755896f709d5eef64da580f0c4ad4b350089e71ab2068c8d29c26.png
10:41:24.703 [main] DEBUG net.thucydides.core.steps.StepInterceptor - STEP DONE: validateOnLoginPage
  &amp#27;[32mThen &amp#27;[0m&amp#27;[32mI redirected to login page&amp#27;[0m        &amp#27;[90m# starter.stepdefinitions.TransactionSteps.validateOnLoginPage()&amp#27;[0m
10:41:24.703 [Darkroom Processing Line] DEBUG net.serenitybdd.core.photography.DarkroomProcessingLine - Processing screenshot image in /var/screenshots/screenshot-13241570255863673353
10:41:24.703 [Darkroom Processing Line] DEBUG net.serenitybdd.core.photography.DarkroomProcessingLine - Saving screenshot to target\site\serenity\3598f451c7f755896f709d5eef64da580f0c4ad4b350089e71ab2068c8d29c26.png
10:41:24.706 [main] INFO  - 
  _____   ___   ___   _____     ___     _     ___   ___   ___   ___  
 |_   _| | __| / __| |_   _|   | _ \   /_\   / __| / __| | __| |   \ 
   | |   | _|  \__ \   | |     |  _/  / _ \  \__ \ \__ \ | _|  | |) |
   |_|   |___| |___/   |_|     |_|   /_/ \_\ |___/ |___/ |___| |___/ 

View transaction without login
----------------------------------------------------------------------
10:41:24.707 [AsyncHttpClient-1-1] DEBUG org.asynchttpclient.netty.channel.DefaultChannelPool - Entry count for : http://localhost:55641 : 1
10:41:24.707 [AsyncHttpClient-1-1] DEBUG org.asynchttpclient.netty.channel.DefaultChannelPool - Entry count for : http://localhost:18337 : 1
10:41:24.707 [Driver Command Executor] DEBUG org.asynchttpclient.netty.request.NettyRequestSender - Using pooled Channel '[id: 0x5ac50796, L:/127.0.0.1:55638 - R:localhost/127.0.0.1:18337]' for 'DELETE' to 'http://localhost:18337/session/1dfdaeea0c70475b1d2b64e41230e21d'
10:41:24.707 [Driver Command Executor] DEBUG org.asynchttpclient.netty.request.NettyRequestSender - Using open Channel [id: 0x5ac50796, L:/127.0.0.1:55638 - R:localhost/127.0.0.1:18337] for DELETE '/session/1dfdaeea0c70475b1d2b64e41230e21d'
10:41:24.707 [AsyncHttpClient-1-14] DEBUG org.asynchttpclient.netty.handler.WebSocketHandler - Channel Closed: [id: 0x5a77bc45, L:/127.0.0.1:55647 ! R:localhost/127.0.0.1:55641] with attribute NettyResponseFuture{currentRetry=0,
	isDone=1,
	isCancelled=0,
	asyncHandler=org.asynchttpclient.ws.WebSocketUpgradeHandler@2945ce2c,
	nettyRequest=org.asynchttpclient.netty.request.NettyRequest@1ea6c4e1,
	future=java.util.concurrent.CompletableFuture@13713db0[Completed normally],
	uri=ws://localhost:55641/devtools/browser/478db8c2-74f4-48ab-8649-3aac8c2d2bfb,
	keepAlive=true,
	redirectCount=0,
	timeoutsHolder=null,
	inAuth=0,
	touch=1683430871128}
10:41:24.707 [AsyncHttpClient-1-14] DEBUG org.asynchttpclient.netty.channel.ChannelManager - Closing Channel [id: 0x5a77bc45, L:/127.0.0.1:55647 ! R:localhost/127.0.0.1:55641] 
10:41:24.730 [AsyncHttpClient-1-13] DEBUG org.asynchttpclient.netty.handler.HttpHandler - Unexpected I/O exception on channel [id: 0x32b5847c, L:/127.0.0.1:55646 - R:localhost/127.0.0.1:55641]
java.net.SocketException: Connection reset
	at java.base/sun.nio.ch.SocketChannelImpl.throwConnectionReset(SocketChannelImpl.java:367)
	at java.base/sun.nio.ch.SocketChannelImpl.read(SocketChannelImpl.java:398)
	at io.netty.buffer.PooledByteBuf.setBytes(PooledByteBuf.java:259)
	at io.netty.buffer.AbstractByteBuf.writeBytes(AbstractByteBuf.java:1132)
	at io.netty.channel.socket.nio.NioSocketChannel.doReadBytes(NioSocketChannel.java:357)
	at io.netty.channel.nio.AbstractNioByteChannel$NioByteUnsafe.read(AbstractNioByteChannel.java:151)
	at io.netty.channel.nio.NioEventLoop.processSelectedKey(NioEventLoop.java:788)
	at io.netty.channel.nio.NioEventLoop.processSelectedKeysOptimized(NioEventLoop.java:724)
	at io.netty.channel.nio.NioEventLoop.processSelectedKeys(NioEventLoop.java:650)
	at io.netty.channel.nio.NioEventLoop.run(NioEventLoop.java:562)
	at io.netty.util.concurrent.SingleThreadEventExecutor$4.run(SingleThreadEventExecutor.java:997)
	at io.netty.util.internal.ThreadExecutorMap$2.run(ThreadExecutorMap.java:74)
	at io.netty.util.concurrent.FastThreadLocalRunnable.run(FastThreadLocalRunnable.java:30)
	at java.base/java.lang.Thread.run(Thread.java:832)
10:41:24.730 [AsyncHttpClient-1-13] DEBUG org.asynchttpclient.netty.channel.ChannelManager - Closing Channel [id: 0x32b5847c, L:/127.0.0.1:55646 - R:localhost/127.0.0.1:55641] 
10:41:24.730 [AsyncHttpClient-1-13] DEBUG org.asynchttpclient.netty.handler.HttpHandler - Channel Closed: [id: 0x32b5847c, L:/127.0.0.1:55646 ! R:localhost/127.0.0.1:55641] with attribute DISCARD
10:41:24.744 [AsyncHttpClient-1-12] DEBUG org.asynchttpclient.netty.handler.HttpHandler - 

Request DefaultFullHttpRequest(decodeResult: success, version: HTTP/1.1, content: EmptyByteBufBE)
DELETE /session/1dfdaeea0c70475b1d2b64e41230e21d HTTP/1.1
User-Agent: selenium/4.8.1 (java windows)
Content-Type: application/json; charset=utf-8
host: localhost:18337
accept: */*

Response DefaultHttpResponse(decodeResult: success, version: HTTP/1.1)
HTTP/1.1 200 OK
Content-Length: 14
Content-Type: application/json; charset=utf-8
cache-control: no-cache

10:41:24.744 [AsyncHttpClient-1-12] DEBUG org.asynchttpclient.netty.channel.ChannelManager - Adding key: http://localhost:18337 for channel [id: 0x5ac50796, L:/127.0.0.1:55638 - R:localhost/127.0.0.1:18337]
10:41:24.833 [AsyncHttpClient-1-12] DEBUG org.asynchttpclient.netty.handler.HttpHandler - Channel Closed: [id: 0x5ac50796, L:/127.0.0.1:55638 ! R:localhost/127.0.0.1:18337] with attribute DISCARD
]]></system-out>
    <system-err><![CDATA[Starting ChromeDriver 111.0.5563.64 (c710e93d5b63b7095afe8c2c17df34408078439d-refs/branch-heads/5563@{#995}) on port 18337
Only local connections are allowed.
Please see https://chromedriver.chromium.org/security-considerations for suggestions on keeping ChromeDriver safe.
ChromeDriver was started successfully.
[1683430871.106][WARNING]: This version of ChromeDriver has not been tested with Chrome version 112.
May 07, 2023 10:41:11 AM org.openqa.selenium.devtools.CdpVersionFinder findNearestMatch
WARNING: Unable to find an exact match for CDP version 112, so returning the closest version found: 110
]]></system-err>
  </testcase>
  <testcase name="Pay the product we&apos;ve added to cart" classname="Transaction" time="5.804">
    <system-out><![CDATA[
Scenario: Pay the product we've added to cart             &amp#27;[90m# src/test/resources/features/5. Transaction.feature:18&amp#27;[0m
10:41:25.353 [main] DEBUG io.cucumber.core.plugin.SerenityReporter - Running feature from file:///C:/Users/WINDOWS%2010/Documents/GitHub/MiniProject_QE/Web/code/minpro/src/test/resources/features/5.%20Transaction.feature
10:41:25.356 [main] INFO  - 
  _____   ___   ___   _____     ___   _____     _     ___   _____   ___   ___  
 |_   _| | __| / __| |_   _|   / __| |_   _|   /_\   | _ \ |_   _| | __| |   \ 
   | |   | _|  \__ \   | |     \__ \   | |    / _ \  |   /   | |   | _|  | |) |
   |_|   |___| |___/   |_|     |___/   |_|   /_/ \_\ |_|_\   |_|   |___| |___/ 

Pay the product we've added to cart(transaction;pay-the-product-we-ve-added-to-cart)
--------------------------------------------------------------------------------
10:41:25.392 [main] DEBUG net.thucydides.core.steps.StepInterceptor - STARTING STEP: ProductSteps.onTheHomePage - openPage
10:41:25.436 [main] INFO net.serenitybdd.core.webdriver.driverproviders.ChromeDriverProvider - Starting Chrome driver instance with capabilities:
10:41:25.436 [main] INFO net.serenitybdd.core.webdriver.driverproviders.ChromeDriverProvider - Capabilities {acceptInsecureCerts: false, browserName: chrome, goog:chromeOptions: {args: [remote-allow-origins=*], extensions: []}}
10:41:25.800 [AsyncHttpClient-1-1] DEBUG org.asynchttpclient.netty.channel.DefaultChannelPool - Entry count for : http://localhost:55641 : 1
10:41:25.800 [AsyncHttpClient-1-1] DEBUG org.asynchttpclient.netty.channel.DefaultChannelPool - Entry count for : http://localhost:18337 : 1
10:41:25.800 [AsyncHttpClient-1-1] DEBUG org.asynchttpclient.netty.channel.DefaultChannelPool - Adding Candidate expired Channel [id: 0x32b5847c, L:/127.0.0.1:55646 ! R:localhost/127.0.0.1:55641] isIdleTimeoutExpired=false isRemotelyClosed=true isTtlExpired=false
10:41:25.800 [AsyncHttpClient-1-1] DEBUG org.asynchttpclient.netty.channel.DefaultChannelPool - Closing Idle Channel [id: 0x32b5847c, L:/127.0.0.1:55646 ! R:localhost/127.0.0.1:55641]
10:41:25.800 [AsyncHttpClient-1-1] DEBUG org.asynchttpclient.netty.channel.DefaultChannelPool - Adding Candidate expired Channel [id: 0x5ac50796, L:/127.0.0.1:55638 ! R:localhost/127.0.0.1:18337] isIdleTimeoutExpired=false isRemotelyClosed=true isTtlExpired=false
10:41:25.800 [AsyncHttpClient-1-1] DEBUG org.asynchttpclient.netty.channel.DefaultChannelPool - Closing Idle Channel [id: 0x5ac50796, L:/127.0.0.1:55638 ! R:localhost/127.0.0.1:18337]
10:41:25.800 [AsyncHttpClient-1-1] DEBUG org.asynchttpclient.netty.channel.DefaultChannelPool - Closed 2 connections out of 2 in 0 ms
10:41:26.051 [AsyncHttpClient-1-15] DEBUG org.asynchttpclient.netty.channel.NettyConnectListener - Using new Channel '[id: 0xee288873, L:/127.0.0.1:55702 - R:localhost/127.0.0.1:6333]' for 'POST' to '/session'
10:41:26.710 [AsyncHttpClient-1-15] DEBUG org.asynchttpclient.netty.handler.HttpHandler - 

Request DefaultHttpRequest(decodeResult: success, version: HTTP/1.1)
POST /session HTTP/1.1
User-Agent: selenium/4.8.1 (java windows)
Content-Length: 507
Content-Type: application/json; charset=utf-8
host: localhost:6333
accept: */*

Response DefaultHttpResponse(decodeResult: success, version: HTTP/1.1)
HTTP/1.1 200 OK
Content-Length: 862
Content-Type: application/json; charset=utf-8
cache-control: no-cache

10:41:26.710 [AsyncHttpClient-1-15] DEBUG org.asynchttpclient.netty.channel.ChannelManager - Adding key: http://localhost:6333 for channel [id: 0xee288873, L:/127.0.0.1:55702 - R:localhost/127.0.0.1:6333]
10:41:26.716 [AsyncHttpClient-1-16] DEBUG org.asynchttpclient.netty.channel.NettyConnectListener - Using new Channel '[id: 0x6397539d, L:/127.0.0.1:55709 - R:localhost/127.0.0.1:55703]' for 'GET' to '/json/version'
10:41:26.717 [AsyncHttpClient-1-16] DEBUG org.asynchttpclient.netty.handler.HttpHandler - 

Request DefaultFullHttpRequest(decodeResult: success, version: HTTP/1.1, content: EmptyByteBufBE)
GET /json/version HTTP/1.1
User-Agent: selenium/4.8.1 (java windows)
host: localhost:55703
accept: */*

Response DefaultHttpResponse(decodeResult: success, version: HTTP/1.1)
HTTP/1.1 200 OK
Content-Security-Policy: frame-ancestors 'none'
Content-Length: 424
Content-Type: application/json; charset=UTF-8

10:41:26.717 [AsyncHttpClient-1-16] DEBUG org.asynchttpclient.netty.channel.ChannelManager - Adding key: http://localhost:55703 for channel [id: 0x6397539d, L:/127.0.0.1:55709 - R:localhost/127.0.0.1:55703]
10:41:26.718 [AsyncHttpClient-1-17] DEBUG org.asynchttpclient.netty.channel.NettyConnectListener - Using new Channel '[id: 0x05b9de94, L:/127.0.0.1:55710 - R:localhost/127.0.0.1:55703]' for 'GET' to '/devtools/browser/ac0ad23d-3ac6-4ed1-8e67-39356393743e'
10:41:26.719 [AsyncHttpClient-1-17] DEBUG org.asynchttpclient.netty.handler.WebSocketHandler - 

Request DefaultFullHttpRequest(decodeResult: success, version: HTTP/1.1, content: EmptyByteBufBE)
GET /devtools/browser/ac0ad23d-3ac6-4ed1-8e67-39356393743e HTTP/1.1
upgrade: websocket
connection: upgrade
sec-websocket-key: IIXwMlEyuWmmJjraGv20cg==
sec-websocket-version: 13
origin: http://localhost:55703
host: localhost:55703
accept: */*
user-agent: AHC/2.1

Response DefaultHttpResponse(decodeResult: success, version: HTTP/1.1)
HTTP/1.1 101 WebSocket Protocol Handshake
Upgrade: WebSocket
Connection: Upgrade
Sec-WebSocket-Accept: EH9tTlb7V1zJ7ocRCtKbmDey9fQ=

10:41:26.722 [Forwarding get on session 951c78db02fc43ae134f598e9f48e7fa to remote] DEBUG org.asynchttpclient.netty.request.NettyRequestSender - Using pooled Channel '[id: 0xee288873, L:/127.0.0.1:55702 - R:localhost/127.0.0.1:6333]' for 'POST' to 'http://localhost:6333/session/951c78db02fc43ae134f598e9f48e7fa/url'
10:41:26.722 [Forwarding get on session 951c78db02fc43ae134f598e9f48e7fa to remote] DEBUG org.asynchttpclient.netty.request.NettyRequestSender - Using open Channel [id: 0xee288873, L:/127.0.0.1:55702 - R:localhost/127.0.0.1:6333] for POST '/session/951c78db02fc43ae134f598e9f48e7fa/url'
10:41:26.900 [AsyncHttpClient-1-1] DEBUG org.asynchttpclient.netty.channel.DefaultChannelPool - Entry count for : http://localhost:55703 : 1
10:41:27.624 [AsyncHttpClient-1-15] DEBUG org.asynchttpclient.netty.handler.HttpHandler - 

Request DefaultHttpRequest(decodeResult: success, version: HTTP/1.1)
POST /session/951c78db02fc43ae134f598e9f48e7fa/url HTTP/1.1
User-Agent: selenium/4.8.1 (java windows)
Content-Length: 74
Content-Type: application/json; charset=utf-8
host: localhost:6333
accept: */*

Response DefaultHttpResponse(decodeResult: success, version: HTTP/1.1)
HTTP/1.1 200 OK
Content-Length: 14
Content-Type: application/json; charset=utf-8
cache-control: no-cache

10:41:27.624 [AsyncHttpClient-1-15] DEBUG org.asynchttpclient.netty.channel.ChannelManager - Adding key: http://localhost:6333 for channel [id: 0xee288873, L:/127.0.0.1:55702 - R:localhost/127.0.0.1:6333]
10:41:27.624 [Forwarding setTimeout on session 951c78db02fc43ae134f598e9f48e7fa to remote] DEBUG org.asynchttpclient.netty.request.NettyRequestSender - Using pooled Channel '[id: 0xee288873, L:/127.0.0.1:55702 - R:localhost/127.0.0.1:6333]' for 'POST' to 'http://localhost:6333/session/951c78db02fc43ae134f598e9f48e7fa/timeouts'
10:41:27.625 [Forwarding setTimeout on session 951c78db02fc43ae134f598e9f48e7fa to remote] DEBUG org.asynchttpclient.netty.request.NettyRequestSender - Using open Channel [id: 0xee288873, L:/127.0.0.1:55702 - R:localhost/127.0.0.1:6333] for POST '/session/951c78db02fc43ae134f598e9f48e7fa/timeouts'
10:41:27.625 [AsyncHttpClient-1-15] DEBUG org.asynchttpclient.netty.handler.HttpHandler - 

Request DefaultHttpRequest(decodeResult: success, version: HTTP/1.1)
POST /session/951c78db02fc43ae134f598e9f48e7fa/timeouts HTTP/1.1
User-Agent: selenium/4.8.1 (java windows)
Content-Length: 22
Content-Type: application/json; charset=utf-8
host: localhost:6333
accept: */*

Response DefaultHttpResponse(decodeResult: success, version: HTTP/1.1)
HTTP/1.1 200 OK
Content-Length: 14
Content-Type: application/json; charset=utf-8
cache-control: no-cache

10:41:27.625 [AsyncHttpClient-1-15] DEBUG org.asynchttpclient.netty.channel.ChannelManager - Adding key: http://localhost:6333 for channel [id: 0xee288873, L:/127.0.0.1:55702 - R:localhost/127.0.0.1:6333]
10:41:27.630 [Forwarding getAlertText on session 951c78db02fc43ae134f598e9f48e7fa to remote] DEBUG org.asynchttpclient.netty.request.NettyRequestSender - Using pooled Channel '[id: 0xee288873, L:/127.0.0.1:55702 - R:localhost/127.0.0.1:6333]' for 'GET' to 'http://localhost:6333/session/951c78db02fc43ae134f598e9f48e7fa/alert/text'
10:41:27.630 [Forwarding getAlertText on session 951c78db02fc43ae134f598e9f48e7fa to remote] DEBUG org.asynchttpclient.netty.request.NettyRequestSender - Using open Channel [id: 0xee288873, L:/127.0.0.1:55702 - R:localhost/127.0.0.1:6333] for GET '/session/951c78db02fc43ae134f598e9f48e7fa/alert/text'
10:41:27.631 [AsyncHttpClient-1-15] DEBUG org.asynchttpclient.netty.handler.HttpHandler - 

Request DefaultFullHttpRequest(decodeResult: success, version: HTTP/1.1, content: EmptyByteBufBE)
GET /session/951c78db02fc43ae134f598e9f48e7fa/alert/text HTTP/1.1
User-Agent: selenium/4.8.1 (java windows)
Cache-Control: no-cache
Content-Type: application/json; charset=utf-8
host: localhost:6333
accept: */*

Response DefaultHttpResponse(decodeResult: success, version: HTTP/1.1)
HTTP/1.1 404 Not Found
Content-Length: 836
Content-Type: application/json; charset=utf-8
cache-control: no-cache

10:41:27.631 [AsyncHttpClient-1-15] DEBUG org.asynchttpclient.netty.channel.ChannelManager - Adding key: http://localhost:6333 for channel [id: 0xee288873, L:/127.0.0.1:55702 - R:localhost/127.0.0.1:6333]
10:41:27.632 [Forwarding getCurrentUrl on session 951c78db02fc43ae134f598e9f48e7fa to remote] DEBUG org.asynchttpclient.netty.request.NettyRequestSender - Using pooled Channel '[id: 0xee288873, L:/127.0.0.1:55702 - R:localhost/127.0.0.1:6333]' for 'GET' to 'http://localhost:6333/session/951c78db02fc43ae134f598e9f48e7fa/url'
10:41:27.632 [Forwarding getCurrentUrl on session 951c78db02fc43ae134f598e9f48e7fa to remote] DEBUG org.asynchttpclient.netty.request.NettyRequestSender - Using open Channel [id: 0xee288873, L:/127.0.0.1:55702 - R:localhost/127.0.0.1:6333] for GET '/session/951c78db02fc43ae134f598e9f48e7fa/url'
10:41:27.635 [AsyncHttpClient-1-15] DEBUG org.asynchttpclient.netty.handler.HttpHandler - 

Request DefaultFullHttpRequest(decodeResult: success, version: HTTP/1.1, content: EmptyByteBufBE)
GET /session/951c78db02fc43ae134f598e9f48e7fa/url HTTP/1.1
User-Agent: selenium/4.8.1 (java windows)
Cache-Control: no-cache
Content-Type: application/json; charset=utf-8
host: localhost:6333
accept: */*

Response DefaultHttpResponse(decodeResult: success, version: HTTP/1.1)
HTTP/1.1 200 OK
Content-Length: 51
Content-Type: application/json; charset=utf-8
cache-control: no-cache

10:41:27.635 [AsyncHttpClient-1-15] DEBUG org.asynchttpclient.netty.channel.ChannelManager - Adding key: http://localhost:6333 for channel [id: 0xee288873, L:/127.0.0.1:55702 - R:localhost/127.0.0.1:6333]
10:41:27.636 [Forwarding screenshot on session 951c78db02fc43ae134f598e9f48e7fa to remote] DEBUG org.asynchttpclient.netty.request.NettyRequestSender - Using pooled Channel '[id: 0xee288873, L:/127.0.0.1:55702 - R:localhost/127.0.0.1:6333]' for 'GET' to 'http://localhost:6333/session/951c78db02fc43ae134f598e9f48e7fa/screenshot'
10:41:27.636 [Forwarding screenshot on session 951c78db02fc43ae134f598e9f48e7fa to remote] DEBUG org.asynchttpclient.netty.request.NettyRequestSender - Using open Channel [id: 0xee288873, L:/127.0.0.1:55702 - R:localhost/127.0.0.1:6333] for GET '/session/951c78db02fc43ae134f598e9f48e7fa/screenshot'
10:41:27.705 [AsyncHttpClient-1-15] DEBUG org.asynchttpclient.netty.handler.HttpHandler - 

Request DefaultFullHttpRequest(decodeResult: success, version: HTTP/1.1, content: EmptyByteBufBE)
GET /session/951c78db02fc43ae134f598e9f48e7fa/screenshot HTTP/1.1
User-Agent: selenium/4.8.1 (java windows)
Cache-Control: no-cache
Content-Type: application/json; charset=utf-8
host: localhost:6333
accept: */*

Response DefaultHttpResponse(decodeResult: success, version: HTTP/1.1)
HTTP/1.1 200 OK
Content-Length: 25208
Content-Type: application/json; charset=utf-8
cache-control: no-cache

10:41:27.705 [AsyncHttpClient-1-15] DEBUG org.asynchttpclient.netty.channel.ChannelManager - Adding key: http://localhost:6333 for channel [id: 0xee288873, L:/127.0.0.1:55702 - R:localhost/127.0.0.1:6333]
10:41:27.706 [main] DEBUG net.serenitybdd.core.photography.Darkroom - Send negative for processing for target\site\serenity\edb14d4aab401efa0e4fb99861e6ffcafebc86a67b69f7828890b9910ed2ddbd.png
10:41:27.706 [main] DEBUG net.thucydides.core.steps.StepInterceptor - STEP DONE: openPage
10:41:27.710 [Forwarding getPageSource on session 951c78db02fc43ae134f598e9f48e7fa to remote] DEBUG org.asynchttpclient.netty.request.NettyRequestSender - Using pooled Channel '[id: 0xee288873, L:/127.0.0.1:55702 - R:localhost/127.0.0.1:6333]' for 'POST' to 'http://localhost:6333/session/951c78db02fc43ae134f598e9f48e7fa/execute/sync'
10:41:27.710 [Forwarding getPageSource on session 951c78db02fc43ae134f598e9f48e7fa to remote] DEBUG org.asynchttpclient.netty.request.NettyRequestSender - Using open Channel [id: 0xee288873, L:/127.0.0.1:55702 - R:localhost/127.0.0.1:6333] for POST '/session/951c78db02fc43ae134f598e9f48e7fa/execute/sync'
10:41:27.715 [AsyncHttpClient-1-15] DEBUG org.asynchttpclient.netty.handler.HttpHandler - 

Request DefaultHttpRequest(decodeResult: success, version: HTTP/1.1)
POST /session/951c78db02fc43ae134f598e9f48e7fa/execute/sync HTTP/1.1
User-Agent: selenium/4.8.1 (java windows)
Content-Length: 176
Content-Type: application/json; charset=utf-8
host: localhost:6333
accept: */*

Response DefaultHttpResponse(decodeResult: success, version: HTTP/1.1)
HTTP/1.1 200 OK
Content-Length: 21659
Content-Type: application/json; charset=utf-8
cache-control: no-cache

10:41:27.715 [AsyncHttpClient-1-15] DEBUG org.asynchttpclient.netty.channel.ChannelManager - Adding key: http://localhost:6333 for channel [id: 0xee288873, L:/127.0.0.1:55702 - R:localhost/127.0.0.1:6333]
10:41:27.716 [Forwarding getCurrentUrl on session 951c78db02fc43ae134f598e9f48e7fa to remote] DEBUG org.asynchttpclient.netty.request.NettyRequestSender - Using pooled Channel '[id: 0xee288873, L:/127.0.0.1:55702 - R:localhost/127.0.0.1:6333]' for 'GET' to 'http://localhost:6333/session/951c78db02fc43ae134f598e9f48e7fa/url'
10:41:27.716 [Forwarding getCurrentUrl on session 951c78db02fc43ae134f598e9f48e7fa to remote] DEBUG org.asynchttpclient.netty.request.NettyRequestSender - Using open Channel [id: 0xee288873, L:/127.0.0.1:55702 - R:localhost/127.0.0.1:6333] for GET '/session/951c78db02fc43ae134f598e9f48e7fa/url'
10:41:27.720 [AsyncHttpClient-1-15] DEBUG org.asynchttpclient.netty.handler.HttpHandler - 

Request DefaultFullHttpRequest(decodeResult: success, version: HTTP/1.1, content: EmptyByteBufBE)
GET /session/951c78db02fc43ae134f598e9f48e7fa/url HTTP/1.1
User-Agent: selenium/4.8.1 (java windows)
Cache-Control: no-cache
Content-Type: application/json; charset=utf-8
host: localhost:6333
accept: */*

Response DefaultHttpResponse(decodeResult: success, version: HTTP/1.1)
HTTP/1.1 200 OK
Content-Length: 51
Content-Type: application/json; charset=utf-8
cache-control: no-cache

10:41:27.720 [AsyncHttpClient-1-15] DEBUG org.asynchttpclient.netty.channel.ChannelManager - Adding key: http://localhost:6333 for channel [id: 0xee288873, L:/127.0.0.1:55702 - R:localhost/127.0.0.1:6333]
10:41:27.722 [main] DEBUG net.thucydides.core.steps.StepInterceptor - STARTING STEP: ProductSteps.onTheHomePage - inputEmail
10:41:27.723 [Forwarding findElement on session 951c78db02fc43ae134f598e9f48e7fa to remote] DEBUG org.asynchttpclient.netty.request.NettyRequestSender - Using pooled Channel '[id: 0xee288873, L:/127.0.0.1:55702 - R:localhost/127.0.0.1:6333]' for 'POST' to 'http://localhost:6333/session/951c78db02fc43ae134f598e9f48e7fa/element'
10:41:27.723 [Forwarding findElement on session 951c78db02fc43ae134f598e9f48e7fa to remote] DEBUG org.asynchttpclient.netty.request.NettyRequestSender - Using open Channel [id: 0xee288873, L:/127.0.0.1:55702 - R:localhost/127.0.0.1:6333] for POST '/session/951c78db02fc43ae134f598e9f48e7fa/element'
10:41:27.731 [AsyncHttpClient-1-15] DEBUG org.asynchttpclient.netty.handler.HttpHandler - 

Request DefaultHttpRequest(decodeResult: success, version: HTTP/1.1)
POST /session/951c78db02fc43ae134f598e9f48e7fa/element HTTP/1.1
User-Agent: selenium/4.8.1 (java windows)
Content-Length: 55
Content-Type: application/json; charset=utf-8
host: localhost:6333
accept: */*

Response DefaultHttpResponse(decodeResult: success, version: HTTP/1.1)
HTTP/1.1 200 OK
Content-Length: 88
Content-Type: application/json; charset=utf-8
cache-control: no-cache

10:41:27.731 [AsyncHttpClient-1-15] DEBUG org.asynchttpclient.netty.channel.ChannelManager - Adding key: http://localhost:6333 for channel [id: 0xee288873, L:/127.0.0.1:55702 - R:localhost/127.0.0.1:6333]
10:41:27.731 [Forwarding clearElement on session 951c78db02fc43ae134f598e9f48e7fa to remote] DEBUG org.asynchttpclient.netty.request.NettyRequestSender - Using pooled Channel '[id: 0xee288873, L:/127.0.0.1:55702 - R:localhost/127.0.0.1:6333]' for 'POST' to 'http://localhost:6333/session/951c78db02fc43ae134f598e9f48e7fa/element/b083f634-47e1-470a-bc02-40ef3f69a708/clear'
10:41:27.731 [Forwarding clearElement on session 951c78db02fc43ae134f598e9f48e7fa to remote] DEBUG org.asynchttpclient.netty.request.NettyRequestSender - Using open Channel [id: 0xee288873, L:/127.0.0.1:55702 - R:localhost/127.0.0.1:6333] for POST '/session/951c78db02fc43ae134f598e9f48e7fa/element/b083f634-47e1-470a-bc02-40ef3f69a708/clear'
10:41:27.757 [AsyncHttpClient-1-15] DEBUG org.asynchttpclient.netty.handler.HttpHandler - 

Request DefaultHttpRequest(decodeResult: success, version: HTTP/1.1)
POST /session/951c78db02fc43ae134f598e9f48e7fa/element/b083f634-47e1-470a-bc02-40ef3f69a708/clear HTTP/1.1
User-Agent: selenium/4.8.1 (java windows)
Content-Length: 50
Content-Type: application/json; charset=utf-8
host: localhost:6333
accept: */*

Response DefaultHttpResponse(decodeResult: success, version: HTTP/1.1)
HTTP/1.1 200 OK
Content-Length: 14
Content-Type: application/json; charset=utf-8
cache-control: no-cache

10:41:27.757 [AsyncHttpClient-1-15] DEBUG org.asynchttpclient.netty.channel.ChannelManager - Adding key: http://localhost:6333 for channel [id: 0xee288873, L:/127.0.0.1:55702 - R:localhost/127.0.0.1:6333]
10:41:27.758 [Forwarding sendKeysToElement on session 951c78db02fc43ae134f598e9f48e7fa to remote] DEBUG org.asynchttpclient.netty.request.NettyRequestSender - Using pooled Channel '[id: 0xee288873, L:/127.0.0.1:55702 - R:localhost/127.0.0.1:6333]' for 'POST' to 'http://localhost:6333/session/951c78db02fc43ae134f598e9f48e7fa/element/b083f634-47e1-470a-bc02-40ef3f69a708/value'
10:41:27.758 [Forwarding sendKeysToElement on session 951c78db02fc43ae134f598e9f48e7fa to remote] DEBUG org.asynchttpclient.netty.request.NettyRequestSender - Using open Channel [id: 0xee288873, L:/127.0.0.1:55702 - R:localhost/127.0.0.1:6333] for POST '/session/951c78db02fc43ae134f598e9f48e7fa/element/b083f634-47e1-470a-bc02-40ef3f69a708/value'
10:41:27.831 [AsyncHttpClient-1-15] DEBUG org.asynchttpclient.netty.handler.HttpHandler - 

Request DefaultHttpRequest(decodeResult: success, version: HTTP/1.1)
POST /session/951c78db02fc43ae134f598e9f48e7fa/element/b083f634-47e1-470a-bc02-40ef3f69a708/value HTTP/1.1
User-Agent: selenium/4.8.1 (java windows)
Content-Length: 241
Content-Type: application/json; charset=utf-8
host: localhost:6333
accept: */*

Response DefaultHttpResponse(decodeResult: success, version: HTTP/1.1)
HTTP/1.1 200 OK
Content-Length: 14
Content-Type: application/json; charset=utf-8
cache-control: no-cache

10:41:27.831 [AsyncHttpClient-1-15] DEBUG org.asynchttpclient.netty.channel.ChannelManager - Adding key: http://localhost:6333 for channel [id: 0xee288873, L:/127.0.0.1:55702 - R:localhost/127.0.0.1:6333]
10:41:27.835 [Forwarding getAlertText on session 951c78db02fc43ae134f598e9f48e7fa to remote] DEBUG org.asynchttpclient.netty.request.NettyRequestSender - Using pooled Channel '[id: 0xee288873, L:/127.0.0.1:55702 - R:localhost/127.0.0.1:6333]' for 'GET' to 'http://localhost:6333/session/951c78db02fc43ae134f598e9f48e7fa/alert/text'
10:41:27.835 [Forwarding getAlertText on session 951c78db02fc43ae134f598e9f48e7fa to remote] DEBUG org.asynchttpclient.netty.request.NettyRequestSender - Using open Channel [id: 0xee288873, L:/127.0.0.1:55702 - R:localhost/127.0.0.1:6333] for GET '/session/951c78db02fc43ae134f598e9f48e7fa/alert/text'
10:41:27.837 [AsyncHttpClient-1-15] DEBUG org.asynchttpclient.netty.handler.HttpHandler - 

Request DefaultFullHttpRequest(decodeResult: success, version: HTTP/1.1, content: EmptyByteBufBE)
GET /session/951c78db02fc43ae134f598e9f48e7fa/alert/text HTTP/1.1
User-Agent: selenium/4.8.1 (java windows)
Cache-Control: no-cache
Content-Type: application/json; charset=utf-8
host: localhost:6333
accept: */*

Response DefaultHttpResponse(decodeResult: success, version: HTTP/1.1)
HTTP/1.1 404 Not Found
Content-Length: 836
Content-Type: application/json; charset=utf-8
cache-control: no-cache

10:41:27.837 [AsyncHttpClient-1-15] DEBUG org.asynchttpclient.netty.channel.ChannelManager - Adding key: http://localhost:6333 for channel [id: 0xee288873, L:/127.0.0.1:55702 - R:localhost/127.0.0.1:6333]
10:41:27.838 [Forwarding getCurrentUrl on session 951c78db02fc43ae134f598e9f48e7fa to remote] DEBUG org.asynchttpclient.netty.request.NettyRequestSender - Using pooled Channel '[id: 0xee288873, L:/127.0.0.1:55702 - R:localhost/127.0.0.1:6333]' for 'GET' to 'http://localhost:6333/session/951c78db02fc43ae134f598e9f48e7fa/url'
10:41:27.838 [Forwarding getCurrentUrl on session 951c78db02fc43ae134f598e9f48e7fa to remote] DEBUG org.asynchttpclient.netty.request.NettyRequestSender - Using open Channel [id: 0xee288873, L:/127.0.0.1:55702 - R:localhost/127.0.0.1:6333] for GET '/session/951c78db02fc43ae134f598e9f48e7fa/url'
10:41:27.840 [AsyncHttpClient-1-15] DEBUG org.asynchttpclient.netty.handler.HttpHandler - 

Request DefaultFullHttpRequest(decodeResult: success, version: HTTP/1.1, content: EmptyByteBufBE)
GET /session/951c78db02fc43ae134f598e9f48e7fa/url HTTP/1.1
User-Agent: selenium/4.8.1 (java windows)
Cache-Control: no-cache
Content-Type: application/json; charset=utf-8
host: localhost:6333
accept: */*

Response DefaultHttpResponse(decodeResult: success, version: HTTP/1.1)
HTTP/1.1 200 OK
Content-Length: 51
Content-Type: application/json; charset=utf-8
cache-control: no-cache

10:41:27.840 [AsyncHttpClient-1-15] DEBUG org.asynchttpclient.netty.channel.ChannelManager - Adding key: http://localhost:6333 for channel [id: 0xee288873, L:/127.0.0.1:55702 - R:localhost/127.0.0.1:6333]
10:41:27.841 [Forwarding screenshot on session 951c78db02fc43ae134f598e9f48e7fa to remote] DEBUG org.asynchttpclient.netty.request.NettyRequestSender - Using pooled Channel '[id: 0xee288873, L:/127.0.0.1:55702 - R:localhost/127.0.0.1:6333]' for 'GET' to 'http://localhost:6333/session/951c78db02fc43ae134f598e9f48e7fa/screenshot'
10:41:27.841 [Forwarding screenshot on session 951c78db02fc43ae134f598e9f48e7fa to remote] DEBUG org.asynchttpclient.netty.request.NettyRequestSender - Using open Channel [id: 0xee288873, L:/127.0.0.1:55702 - R:localhost/127.0.0.1:6333] for GET '/session/951c78db02fc43ae134f598e9f48e7fa/screenshot'
10:41:27.934 [AsyncHttpClient-1-15] DEBUG org.asynchttpclient.netty.handler.HttpHandler - 

Request DefaultFullHttpRequest(decodeResult: success, version: HTTP/1.1, content: EmptyByteBufBE)
GET /session/951c78db02fc43ae134f598e9f48e7fa/screenshot HTTP/1.1
User-Agent: selenium/4.8.1 (java windows)
Cache-Control: no-cache
Content-Type: application/json; charset=utf-8
host: localhost:6333
accept: */*

Response DefaultHttpResponse(decodeResult: success, version: HTTP/1.1)
HTTP/1.1 200 OK
Content-Length: 30284
Content-Type: application/json; charset=utf-8
cache-control: no-cache

10:41:27.934 [AsyncHttpClient-1-15] DEBUG org.asynchttpclient.netty.channel.ChannelManager - Adding key: http://localhost:6333 for channel [id: 0xee288873, L:/127.0.0.1:55702 - R:localhost/127.0.0.1:6333]
10:41:27.935 [main] DEBUG net.serenitybdd.core.photography.Darkroom - Send negative for processing for target\site\serenity\c62dcb399265fa4eda9304108e26e2ace9e7e63a84ae6427c3ce5ffeeb11ba2f.png
10:41:27.935 [main] DEBUG net.thucydides.core.steps.StepInterceptor - STEP DONE: inputEmail
10:41:27.936 [Darkroom Processing Line] DEBUG net.serenitybdd.core.photography.DarkroomProcessingLine - Processing screenshot image in /var/screenshots/screenshot-13832165235653960188
10:41:27.936 [Darkroom Processing Line] DEBUG net.serenitybdd.core.photography.DarkroomProcessingLine - Saving screenshot to target\site\serenity\c62dcb399265fa4eda9304108e26e2ace9e7e63a84ae6427c3ce5ffeeb11ba2f.png
10:41:27.940 [Forwarding getPageSource on session 951c78db02fc43ae134f598e9f48e7fa to remote] DEBUG org.asynchttpclient.netty.request.NettyRequestSender - Using pooled Channel '[id: 0xee288873, L:/127.0.0.1:55702 - R:localhost/127.0.0.1:6333]' for 'POST' to 'http://localhost:6333/session/951c78db02fc43ae134f598e9f48e7fa/execute/sync'
10:41:27.940 [Forwarding getPageSource on session 951c78db02fc43ae134f598e9f48e7fa to remote] DEBUG org.asynchttpclient.netty.request.NettyRequestSender - Using open Channel [id: 0xee288873, L:/127.0.0.1:55702 - R:localhost/127.0.0.1:6333] for POST '/session/951c78db02fc43ae134f598e9f48e7fa/execute/sync'
10:41:27.943 [AsyncHttpClient-1-15] DEBUG org.asynchttpclient.netty.handler.HttpHandler - 

Request DefaultHttpRequest(decodeResult: success, version: HTTP/1.1)
POST /session/951c78db02fc43ae134f598e9f48e7fa/execute/sync HTTP/1.1
User-Agent: selenium/4.8.1 (java windows)
Content-Length: 176
Content-Type: application/json; charset=utf-8
host: localhost:6333
accept: */*

Response DefaultHttpResponse(decodeResult: success, version: HTTP/1.1)
HTTP/1.1 200 OK
Content-Length: 21780
Content-Type: application/json; charset=utf-8
cache-control: no-cache

10:41:27.943 [AsyncHttpClient-1-15] DEBUG org.asynchttpclient.netty.channel.ChannelManager - Adding key: http://localhost:6333 for channel [id: 0xee288873, L:/127.0.0.1:55702 - R:localhost/127.0.0.1:6333]
10:41:27.945 [Forwarding getCurrentUrl on session 951c78db02fc43ae134f598e9f48e7fa to remote] DEBUG org.asynchttpclient.netty.request.NettyRequestSender - Using pooled Channel '[id: 0xee288873, L:/127.0.0.1:55702 - R:localhost/127.0.0.1:6333]' for 'GET' to 'http://localhost:6333/session/951c78db02fc43ae134f598e9f48e7fa/url'
10:41:27.945 [Forwarding getCurrentUrl on session 951c78db02fc43ae134f598e9f48e7fa to remote] DEBUG org.asynchttpclient.netty.request.NettyRequestSender - Using open Channel [id: 0xee288873, L:/127.0.0.1:55702 - R:localhost/127.0.0.1:6333] for GET '/session/951c78db02fc43ae134f598e9f48e7fa/url'
10:41:27.949 [AsyncHttpClient-1-15] DEBUG org.asynchttpclient.netty.handler.HttpHandler - 

Request DefaultFullHttpRequest(decodeResult: success, version: HTTP/1.1, content: EmptyByteBufBE)
GET /session/951c78db02fc43ae134f598e9f48e7fa/url HTTP/1.1
User-Agent: selenium/4.8.1 (java windows)
Cache-Control: no-cache
Content-Type: application/json; charset=utf-8
host: localhost:6333
accept: */*

Response DefaultHttpResponse(decodeResult: success, version: HTTP/1.1)
HTTP/1.1 200 OK
Content-Length: 51
Content-Type: application/json; charset=utf-8
cache-control: no-cache

10:41:27.949 [AsyncHttpClient-1-15] DEBUG org.asynchttpclient.netty.channel.ChannelManager - Adding key: http://localhost:6333 for channel [id: 0xee288873, L:/127.0.0.1:55702 - R:localhost/127.0.0.1:6333]
10:41:27.950 [main] DEBUG net.thucydides.core.steps.StepInterceptor - STARTING STEP: ProductSteps.onTheHomePage - inputPassword
10:41:27.952 [Forwarding findElement on session 951c78db02fc43ae134f598e9f48e7fa to remote] DEBUG org.asynchttpclient.netty.request.NettyRequestSender - Using pooled Channel '[id: 0xee288873, L:/127.0.0.1:55702 - R:localhost/127.0.0.1:6333]' for 'POST' to 'http://localhost:6333/session/951c78db02fc43ae134f598e9f48e7fa/element'
10:41:27.952 [Forwarding findElement on session 951c78db02fc43ae134f598e9f48e7fa to remote] DEBUG org.asynchttpclient.netty.request.NettyRequestSender - Using open Channel [id: 0xee288873, L:/127.0.0.1:55702 - R:localhost/127.0.0.1:6333] for POST '/session/951c78db02fc43ae134f598e9f48e7fa/element'
10:41:27.961 [AsyncHttpClient-1-15] DEBUG org.asynchttpclient.netty.handler.HttpHandler - 

Request DefaultHttpRequest(decodeResult: success, version: HTTP/1.1)
POST /session/951c78db02fc43ae134f598e9f48e7fa/element HTTP/1.1
User-Agent: selenium/4.8.1 (java windows)
Content-Length: 55
Content-Type: application/json; charset=utf-8
host: localhost:6333
accept: */*

Response DefaultHttpResponse(decodeResult: success, version: HTTP/1.1)
HTTP/1.1 200 OK
Content-Length: 88
Content-Type: application/json; charset=utf-8
cache-control: no-cache

10:41:27.961 [AsyncHttpClient-1-15] DEBUG org.asynchttpclient.netty.channel.ChannelManager - Adding key: http://localhost:6333 for channel [id: 0xee288873, L:/127.0.0.1:55702 - R:localhost/127.0.0.1:6333]
10:41:27.961 [Forwarding clearElement on session 951c78db02fc43ae134f598e9f48e7fa to remote] DEBUG org.asynchttpclient.netty.request.NettyRequestSender - Using pooled Channel '[id: 0xee288873, L:/127.0.0.1:55702 - R:localhost/127.0.0.1:6333]' for 'POST' to 'http://localhost:6333/session/951c78db02fc43ae134f598e9f48e7fa/element/02670823-f369-48b2-b58e-599de180a6c3/clear'
10:41:27.961 [Forwarding clearElement on session 951c78db02fc43ae134f598e9f48e7fa to remote] DEBUG org.asynchttpclient.netty.request.NettyRequestSender - Using open Channel [id: 0xee288873, L:/127.0.0.1:55702 - R:localhost/127.0.0.1:6333] for POST '/session/951c78db02fc43ae134f598e9f48e7fa/element/02670823-f369-48b2-b58e-599de180a6c3/clear'
10:41:27.994 [AsyncHttpClient-1-15] DEBUG org.asynchttpclient.netty.handler.HttpHandler - 

Request DefaultHttpRequest(decodeResult: success, version: HTTP/1.1)
POST /session/951c78db02fc43ae134f598e9f48e7fa/element/02670823-f369-48b2-b58e-599de180a6c3/clear HTTP/1.1
User-Agent: selenium/4.8.1 (java windows)
Content-Length: 50
Content-Type: application/json; charset=utf-8
host: localhost:6333
accept: */*

Response DefaultHttpResponse(decodeResult: success, version: HTTP/1.1)
HTTP/1.1 200 OK
Content-Length: 14
Content-Type: application/json; charset=utf-8
cache-control: no-cache

10:41:27.994 [AsyncHttpClient-1-15] DEBUG org.asynchttpclient.netty.channel.ChannelManager - Adding key: http://localhost:6333 for channel [id: 0xee288873, L:/127.0.0.1:55702 - R:localhost/127.0.0.1:6333]
10:41:27.995 [Forwarding sendKeysToElement on session 951c78db02fc43ae134f598e9f48e7fa to remote] DEBUG org.asynchttpclient.netty.request.NettyRequestSender - Using pooled Channel '[id: 0xee288873, L:/127.0.0.1:55702 - R:localhost/127.0.0.1:6333]' for 'POST' to 'http://localhost:6333/session/951c78db02fc43ae134f598e9f48e7fa/element/02670823-f369-48b2-b58e-599de180a6c3/value'
10:41:27.995 [Forwarding sendKeysToElement on session 951c78db02fc43ae134f598e9f48e7fa to remote] DEBUG org.asynchttpclient.netty.request.NettyRequestSender - Using open Channel [id: 0xee288873, L:/127.0.0.1:55702 - R:localhost/127.0.0.1:6333] for POST '/session/951c78db02fc43ae134f598e9f48e7fa/element/02670823-f369-48b2-b58e-599de180a6c3/value'
10:41:27.999 [AsyncHttpClient-1-1] DEBUG org.asynchttpclient.netty.channel.DefaultChannelPool - Entry count for : http://localhost:55703 : 1
10:41:28.061 [AsyncHttpClient-1-15] DEBUG org.asynchttpclient.netty.handler.HttpHandler - 

Request DefaultHttpRequest(decodeResult: success, version: HTTP/1.1)
POST /session/951c78db02fc43ae134f598e9f48e7fa/element/02670823-f369-48b2-b58e-599de180a6c3/value HTTP/1.1
User-Agent: selenium/4.8.1 (java windows)
Content-Length: 141
Content-Type: application/json; charset=utf-8
host: localhost:6333
accept: */*

Response DefaultHttpResponse(decodeResult: success, version: HTTP/1.1)
HTTP/1.1 200 OK
Content-Length: 14
Content-Type: application/json; charset=utf-8
cache-control: no-cache

10:41:28.061 [AsyncHttpClient-1-15] DEBUG org.asynchttpclient.netty.channel.ChannelManager - Adding key: http://localhost:6333 for channel [id: 0xee288873, L:/127.0.0.1:55702 - R:localhost/127.0.0.1:6333]
10:41:28.065 [Forwarding getAlertText on session 951c78db02fc43ae134f598e9f48e7fa to remote] DEBUG org.asynchttpclient.netty.request.NettyRequestSender - Using pooled Channel '[id: 0xee288873, L:/127.0.0.1:55702 - R:localhost/127.0.0.1:6333]' for 'GET' to 'http://localhost:6333/session/951c78db02fc43ae134f598e9f48e7fa/alert/text'
10:41:28.065 [Forwarding getAlertText on session 951c78db02fc43ae134f598e9f48e7fa to remote] DEBUG org.asynchttpclient.netty.request.NettyRequestSender - Using open Channel [id: 0xee288873, L:/127.0.0.1:55702 - R:localhost/127.0.0.1:6333] for GET '/session/951c78db02fc43ae134f598e9f48e7fa/alert/text'
10:41:28.066 [AsyncHttpClient-1-15] DEBUG org.asynchttpclient.netty.handler.HttpHandler - 

Request DefaultFullHttpRequest(decodeResult: success, version: HTTP/1.1, content: EmptyByteBufBE)
GET /session/951c78db02fc43ae134f598e9f48e7fa/alert/text HTTP/1.1
User-Agent: selenium/4.8.1 (java windows)
Cache-Control: no-cache
Content-Type: application/json; charset=utf-8
host: localhost:6333
accept: */*

Response DefaultHttpResponse(decodeResult: success, version: HTTP/1.1)
HTTP/1.1 404 Not Found
Content-Length: 836
Content-Type: application/json; charset=utf-8
cache-control: no-cache

10:41:28.066 [AsyncHttpClient-1-15] DEBUG org.asynchttpclient.netty.channel.ChannelManager - Adding key: http://localhost:6333 for channel [id: 0xee288873, L:/127.0.0.1:55702 - R:localhost/127.0.0.1:6333]
10:41:28.067 [Forwarding getCurrentUrl on session 951c78db02fc43ae134f598e9f48e7fa to remote] DEBUG org.asynchttpclient.netty.request.NettyRequestSender - Using pooled Channel '[id: 0xee288873, L:/127.0.0.1:55702 - R:localhost/127.0.0.1:6333]' for 'GET' to 'http://localhost:6333/session/951c78db02fc43ae134f598e9f48e7fa/url'
10:41:28.067 [Forwarding getCurrentUrl on session 951c78db02fc43ae134f598e9f48e7fa to remote] DEBUG org.asynchttpclient.netty.request.NettyRequestSender - Using open Channel [id: 0xee288873, L:/127.0.0.1:55702 - R:localhost/127.0.0.1:6333] for GET '/session/951c78db02fc43ae134f598e9f48e7fa/url'
10:41:28.069 [AsyncHttpClient-1-15] DEBUG org.asynchttpclient.netty.handler.HttpHandler - 

Request DefaultFullHttpRequest(decodeResult: success, version: HTTP/1.1, content: EmptyByteBufBE)
GET /session/951c78db02fc43ae134f598e9f48e7fa/url HTTP/1.1
User-Agent: selenium/4.8.1 (java windows)
Cache-Control: no-cache
Content-Type: application/json; charset=utf-8
host: localhost:6333
accept: */*

Response DefaultHttpResponse(decodeResult: success, version: HTTP/1.1)
HTTP/1.1 200 OK
Content-Length: 51
Content-Type: application/json; charset=utf-8
cache-control: no-cache

10:41:28.069 [AsyncHttpClient-1-15] DEBUG org.asynchttpclient.netty.channel.ChannelManager - Adding key: http://localhost:6333 for channel [id: 0xee288873, L:/127.0.0.1:55702 - R:localhost/127.0.0.1:6333]
10:41:28.069 [Forwarding screenshot on session 951c78db02fc43ae134f598e9f48e7fa to remote] DEBUG org.asynchttpclient.netty.request.NettyRequestSender - Using pooled Channel '[id: 0xee288873, L:/127.0.0.1:55702 - R:localhost/127.0.0.1:6333]' for 'GET' to 'http://localhost:6333/session/951c78db02fc43ae134f598e9f48e7fa/screenshot'
10:41:28.069 [Forwarding screenshot on session 951c78db02fc43ae134f598e9f48e7fa to remote] DEBUG org.asynchttpclient.netty.request.NettyRequestSender - Using open Channel [id: 0xee288873, L:/127.0.0.1:55702 - R:localhost/127.0.0.1:6333] for GET '/session/951c78db02fc43ae134f598e9f48e7fa/screenshot'
10:41:28.152 [AsyncHttpClient-1-15] DEBUG org.asynchttpclient.netty.handler.HttpHandler - 

Request DefaultFullHttpRequest(decodeResult: success, version: HTTP/1.1, content: EmptyByteBufBE)
GET /session/951c78db02fc43ae134f598e9f48e7fa/screenshot HTTP/1.1
User-Agent: selenium/4.8.1 (java windows)
Cache-Control: no-cache
Content-Type: application/json; charset=utf-8
host: localhost:6333
accept: */*

Response DefaultHttpResponse(decodeResult: success, version: HTTP/1.1)
HTTP/1.1 200 OK
Content-Length: 30916
Content-Type: application/json; charset=utf-8
cache-control: no-cache

10:41:28.152 [AsyncHttpClient-1-15] DEBUG org.asynchttpclient.netty.channel.ChannelManager - Adding key: http://localhost:6333 for channel [id: 0xee288873, L:/127.0.0.1:55702 - R:localhost/127.0.0.1:6333]
10:41:28.154 [main] DEBUG net.serenitybdd.core.photography.Darkroom - Send negative for processing for target\site\serenity\90cd427781b4b1c603b37b29440e7e69797ba13d209a82071e33962f74195d48.png
10:41:28.154 [main] DEBUG net.thucydides.core.steps.StepInterceptor - STEP DONE: inputPassword
10:41:28.154 [Darkroom Processing Line] DEBUG net.serenitybdd.core.photography.DarkroomProcessingLine - Processing screenshot image in /var/screenshots/screenshot-5600422327970524831
10:41:28.154 [Darkroom Processing Line] DEBUG net.serenitybdd.core.photography.DarkroomProcessingLine - Saving screenshot to target\site\serenity\90cd427781b4b1c603b37b29440e7e69797ba13d209a82071e33962f74195d48.png
10:41:28.158 [Forwarding getPageSource on session 951c78db02fc43ae134f598e9f48e7fa to remote] DEBUG org.asynchttpclient.netty.request.NettyRequestSender - Using pooled Channel '[id: 0xee288873, L:/127.0.0.1:55702 - R:localhost/127.0.0.1:6333]' for 'POST' to 'http://localhost:6333/session/951c78db02fc43ae134f598e9f48e7fa/execute/sync'
10:41:28.158 [Forwarding getPageSource on session 951c78db02fc43ae134f598e9f48e7fa to remote] DEBUG org.asynchttpclient.netty.request.NettyRequestSender - Using open Channel [id: 0xee288873, L:/127.0.0.1:55702 - R:localhost/127.0.0.1:6333] for POST '/session/951c78db02fc43ae134f598e9f48e7fa/execute/sync'
10:41:28.161 [AsyncHttpClient-1-15] DEBUG org.asynchttpclient.netty.handler.HttpHandler - 

Request DefaultHttpRequest(decodeResult: success, version: HTTP/1.1)
POST /session/951c78db02fc43ae134f598e9f48e7fa/execute/sync HTTP/1.1
User-Agent: selenium/4.8.1 (java windows)
Content-Length: 176
Content-Type: application/json; charset=utf-8
host: localhost:6333
accept: */*

Response DefaultHttpResponse(decodeResult: success, version: HTTP/1.1)
HTTP/1.1 200 OK
Content-Length: 21839
Content-Type: application/json; charset=utf-8
cache-control: no-cache

10:41:28.161 [AsyncHttpClient-1-15] DEBUG org.asynchttpclient.netty.channel.ChannelManager - Adding key: http://localhost:6333 for channel [id: 0xee288873, L:/127.0.0.1:55702 - R:localhost/127.0.0.1:6333]
10:41:28.163 [Forwarding getCurrentUrl on session 951c78db02fc43ae134f598e9f48e7fa to remote] DEBUG org.asynchttpclient.netty.request.NettyRequestSender - Using pooled Channel '[id: 0xee288873, L:/127.0.0.1:55702 - R:localhost/127.0.0.1:6333]' for 'GET' to 'http://localhost:6333/session/951c78db02fc43ae134f598e9f48e7fa/url'
10:41:28.163 [Forwarding getCurrentUrl on session 951c78db02fc43ae134f598e9f48e7fa to remote] DEBUG org.asynchttpclient.netty.request.NettyRequestSender - Using open Channel [id: 0xee288873, L:/127.0.0.1:55702 - R:localhost/127.0.0.1:6333] for GET '/session/951c78db02fc43ae134f598e9f48e7fa/url'
10:41:28.165 [AsyncHttpClient-1-15] DEBUG org.asynchttpclient.netty.handler.HttpHandler - 

Request DefaultFullHttpRequest(decodeResult: success, version: HTTP/1.1, content: EmptyByteBufBE)
GET /session/951c78db02fc43ae134f598e9f48e7fa/url HTTP/1.1
User-Agent: selenium/4.8.1 (java windows)
Cache-Control: no-cache
Content-Type: application/json; charset=utf-8
host: localhost:6333
accept: */*

Response DefaultHttpResponse(decodeResult: success, version: HTTP/1.1)
HTTP/1.1 200 OK
Content-Length: 51
Content-Type: application/json; charset=utf-8
cache-control: no-cache

10:41:28.165 [AsyncHttpClient-1-15] DEBUG org.asynchttpclient.netty.channel.ChannelManager - Adding key: http://localhost:6333 for channel [id: 0xee288873, L:/127.0.0.1:55702 - R:localhost/127.0.0.1:6333]
10:41:28.167 [main] DEBUG net.thucydides.core.steps.StepInterceptor - STARTING STEP: ProductSteps.onTheHomePage - clickLoginButton
10:41:28.168 [Forwarding findElement on session 951c78db02fc43ae134f598e9f48e7fa to remote] DEBUG org.asynchttpclient.netty.request.NettyRequestSender - Using pooled Channel '[id: 0xee288873, L:/127.0.0.1:55702 - R:localhost/127.0.0.1:6333]' for 'POST' to 'http://localhost:6333/session/951c78db02fc43ae134f598e9f48e7fa/element'
10:41:28.168 [Forwarding findElement on session 951c78db02fc43ae134f598e9f48e7fa to remote] DEBUG org.asynchttpclient.netty.request.NettyRequestSender - Using open Channel [id: 0xee288873, L:/127.0.0.1:55702 - R:localhost/127.0.0.1:6333] for POST '/session/951c78db02fc43ae134f598e9f48e7fa/element'
10:41:28.177 [AsyncHttpClient-1-15] DEBUG org.asynchttpclient.netty.handler.HttpHandler - 

Request DefaultHttpRequest(decodeResult: success, version: HTTP/1.1)
POST /session/951c78db02fc43ae134f598e9f48e7fa/element HTTP/1.1
User-Agent: selenium/4.8.1 (java windows)
Content-Length: 71
Content-Type: application/json; charset=utf-8
host: localhost:6333
accept: */*

Response DefaultHttpResponse(decodeResult: success, version: HTTP/1.1)
HTTP/1.1 200 OK
Content-Length: 88
Content-Type: application/json; charset=utf-8
cache-control: no-cache

10:41:28.177 [AsyncHttpClient-1-15] DEBUG org.asynchttpclient.netty.channel.ChannelManager - Adding key: http://localhost:6333 for channel [id: 0xee288873, L:/127.0.0.1:55702 - R:localhost/127.0.0.1:6333]
10:41:28.178 [Forwarding getElementTagName on session 951c78db02fc43ae134f598e9f48e7fa to remote] DEBUG org.asynchttpclient.netty.request.NettyRequestSender - Using pooled Channel '[id: 0xee288873, L:/127.0.0.1:55702 - R:localhost/127.0.0.1:6333]' for 'GET' to 'http://localhost:6333/session/951c78db02fc43ae134f598e9f48e7fa/element/3f4eb659-79b6-40c7-acdf-ecf23785e52a/name'
10:41:28.178 [Forwarding getElementTagName on session 951c78db02fc43ae134f598e9f48e7fa to remote] DEBUG org.asynchttpclient.netty.request.NettyRequestSender - Using open Channel [id: 0xee288873, L:/127.0.0.1:55702 - R:localhost/127.0.0.1:6333] for GET '/session/951c78db02fc43ae134f598e9f48e7fa/element/3f4eb659-79b6-40c7-acdf-ecf23785e52a/name'
10:41:28.180 [AsyncHttpClient-1-15] DEBUG org.asynchttpclient.netty.handler.HttpHandler - 

Request DefaultFullHttpRequest(decodeResult: success, version: HTTP/1.1, content: EmptyByteBufBE)
GET /session/951c78db02fc43ae134f598e9f48e7fa/element/3f4eb659-79b6-40c7-acdf-ecf23785e52a/name HTTP/1.1
User-Agent: selenium/4.8.1 (java windows)
Cache-Control: no-cache
Content-Type: application/json; charset=utf-8
host: localhost:6333
accept: */*

Response DefaultHttpResponse(decodeResult: success, version: HTTP/1.1)
HTTP/1.1 200 OK
Content-Length: 18
Content-Type: application/json; charset=utf-8
cache-control: no-cache

10:41:28.180 [AsyncHttpClient-1-15] DEBUG org.asynchttpclient.netty.channel.ChannelManager - Adding key: http://localhost:6333 for channel [id: 0xee288873, L:/127.0.0.1:55702 - R:localhost/127.0.0.1:6333]
10:41:28.181 [Forwarding getElementTagName on session 951c78db02fc43ae134f598e9f48e7fa to remote] DEBUG org.asynchttpclient.netty.request.NettyRequestSender - Using pooled Channel '[id: 0xee288873, L:/127.0.0.1:55702 - R:localhost/127.0.0.1:6333]' for 'GET' to 'http://localhost:6333/session/951c78db02fc43ae134f598e9f48e7fa/element/3f4eb659-79b6-40c7-acdf-ecf23785e52a/name'
10:41:28.181 [Forwarding getElementTagName on session 951c78db02fc43ae134f598e9f48e7fa to remote] DEBUG org.asynchttpclient.netty.request.NettyRequestSender - Using open Channel [id: 0xee288873, L:/127.0.0.1:55702 - R:localhost/127.0.0.1:6333] for GET '/session/951c78db02fc43ae134f598e9f48e7fa/element/3f4eb659-79b6-40c7-acdf-ecf23785e52a/name'
10:41:28.184 [AsyncHttpClient-1-15] DEBUG org.asynchttpclient.netty.handler.HttpHandler - 

Request DefaultFullHttpRequest(decodeResult: success, version: HTTP/1.1, content: EmptyByteBufBE)
GET /session/951c78db02fc43ae134f598e9f48e7fa/element/3f4eb659-79b6-40c7-acdf-ecf23785e52a/name HTTP/1.1
User-Agent: selenium/4.8.1 (java windows)
Cache-Control: no-cache
Content-Type: application/json; charset=utf-8
host: localhost:6333
accept: */*

Response DefaultHttpResponse(decodeResult: success, version: HTTP/1.1)
HTTP/1.1 200 OK
Content-Length: 18
Content-Type: application/json; charset=utf-8
cache-control: no-cache

10:41:28.184 [AsyncHttpClient-1-15] DEBUG org.asynchttpclient.netty.channel.ChannelManager - Adding key: http://localhost:6333 for channel [id: 0xee288873, L:/127.0.0.1:55702 - R:localhost/127.0.0.1:6333]
10:41:28.185 [Forwarding isElementEnabled on session 951c78db02fc43ae134f598e9f48e7fa to remote] DEBUG org.asynchttpclient.netty.request.NettyRequestSender - Using pooled Channel '[id: 0xee288873, L:/127.0.0.1:55702 - R:localhost/127.0.0.1:6333]' for 'GET' to 'http://localhost:6333/session/951c78db02fc43ae134f598e9f48e7fa/element/3f4eb659-79b6-40c7-acdf-ecf23785e52a/enabled'
10:41:28.185 [Forwarding isElementEnabled on session 951c78db02fc43ae134f598e9f48e7fa to remote] DEBUG org.asynchttpclient.netty.request.NettyRequestSender - Using open Channel [id: 0xee288873, L:/127.0.0.1:55702 - R:localhost/127.0.0.1:6333] for GET '/session/951c78db02fc43ae134f598e9f48e7fa/element/3f4eb659-79b6-40c7-acdf-ecf23785e52a/enabled'
10:41:28.192 [AsyncHttpClient-1-15] DEBUG org.asynchttpclient.netty.handler.HttpHandler - 

Request DefaultFullHttpRequest(decodeResult: success, version: HTTP/1.1, content: EmptyByteBufBE)
GET /session/951c78db02fc43ae134f598e9f48e7fa/element/3f4eb659-79b6-40c7-acdf-ecf23785e52a/enabled HTTP/1.1
User-Agent: selenium/4.8.1 (java windows)
Cache-Control: no-cache
Content-Type: application/json; charset=utf-8
host: localhost:6333
accept: */*

Response DefaultHttpResponse(decodeResult: success, version: HTTP/1.1)
HTTP/1.1 200 OK
Content-Length: 14
Content-Type: application/json; charset=utf-8
cache-control: no-cache

10:41:28.192 [AsyncHttpClient-1-15] DEBUG org.asynchttpclient.netty.channel.ChannelManager - Adding key: http://localhost:6333 for channel [id: 0xee288873, L:/127.0.0.1:55702 - R:localhost/127.0.0.1:6333]
10:41:28.192 [Forwarding isElementEnabled on session 951c78db02fc43ae134f598e9f48e7fa to remote] DEBUG org.asynchttpclient.netty.request.NettyRequestSender - Using pooled Channel '[id: 0xee288873, L:/127.0.0.1:55702 - R:localhost/127.0.0.1:6333]' for 'GET' to 'http://localhost:6333/session/951c78db02fc43ae134f598e9f48e7fa/element/3f4eb659-79b6-40c7-acdf-ecf23785e52a/enabled'
10:41:28.192 [Forwarding isElementEnabled on session 951c78db02fc43ae134f598e9f48e7fa to remote] DEBUG org.asynchttpclient.netty.request.NettyRequestSender - Using open Channel [id: 0xee288873, L:/127.0.0.1:55702 - R:localhost/127.0.0.1:6333] for GET '/session/951c78db02fc43ae134f598e9f48e7fa/element/3f4eb659-79b6-40c7-acdf-ecf23785e52a/enabled'
10:41:28.195 [AsyncHttpClient-1-15] DEBUG org.asynchttpclient.netty.handler.HttpHandler - 

Request DefaultFullHttpRequest(decodeResult: success, version: HTTP/1.1, content: EmptyByteBufBE)
GET /session/951c78db02fc43ae134f598e9f48e7fa/element/3f4eb659-79b6-40c7-acdf-ecf23785e52a/enabled HTTP/1.1
User-Agent: selenium/4.8.1 (java windows)
Cache-Control: no-cache
Content-Type: application/json; charset=utf-8
host: localhost:6333
accept: */*

Response DefaultHttpResponse(decodeResult: success, version: HTTP/1.1)
HTTP/1.1 200 OK
Content-Length: 14
Content-Type: application/json; charset=utf-8
cache-control: no-cache

10:41:28.196 [AsyncHttpClient-1-15] DEBUG org.asynchttpclient.netty.channel.ChannelManager - Adding key: http://localhost:6333 for channel [id: 0xee288873, L:/127.0.0.1:55702 - R:localhost/127.0.0.1:6333]
10:41:28.197 [Forwarding findElement on session 951c78db02fc43ae134f598e9f48e7fa to remote] DEBUG org.asynchttpclient.netty.request.NettyRequestSender - Using pooled Channel '[id: 0xee288873, L:/127.0.0.1:55702 - R:localhost/127.0.0.1:6333]' for 'POST' to 'http://localhost:6333/session/951c78db02fc43ae134f598e9f48e7fa/element'
10:41:28.197 [Forwarding findElement on session 951c78db02fc43ae134f598e9f48e7fa to remote] DEBUG org.asynchttpclient.netty.request.NettyRequestSender - Using open Channel [id: 0xee288873, L:/127.0.0.1:55702 - R:localhost/127.0.0.1:6333] for POST '/session/951c78db02fc43ae134f598e9f48e7fa/element'
10:41:28.201 [AsyncHttpClient-1-15] DEBUG org.asynchttpclient.netty.handler.HttpHandler - 

Request DefaultHttpRequest(decodeResult: success, version: HTTP/1.1)
POST /session/951c78db02fc43ae134f598e9f48e7fa/element HTTP/1.1
User-Agent: selenium/4.8.1 (java windows)
Content-Length: 71
Content-Type: application/json; charset=utf-8
host: localhost:6333
accept: */*

Response DefaultHttpResponse(decodeResult: success, version: HTTP/1.1)
HTTP/1.1 200 OK
Content-Length: 88
Content-Type: application/json; charset=utf-8
cache-control: no-cache

10:41:28.201 [AsyncHttpClient-1-15] DEBUG org.asynchttpclient.netty.channel.ChannelManager - Adding key: http://localhost:6333 for channel [id: 0xee288873, L:/127.0.0.1:55702 - R:localhost/127.0.0.1:6333]
10:41:28.202 [Forwarding clickElement on session 951c78db02fc43ae134f598e9f48e7fa to remote] DEBUG org.asynchttpclient.netty.request.NettyRequestSender - Using pooled Channel '[id: 0xee288873, L:/127.0.0.1:55702 - R:localhost/127.0.0.1:6333]' for 'POST' to 'http://localhost:6333/session/951c78db02fc43ae134f598e9f48e7fa/element/3f4eb659-79b6-40c7-acdf-ecf23785e52a/click'
10:41:28.202 [Forwarding clickElement on session 951c78db02fc43ae134f598e9f48e7fa to remote] DEBUG org.asynchttpclient.netty.request.NettyRequestSender - Using open Channel [id: 0xee288873, L:/127.0.0.1:55702 - R:localhost/127.0.0.1:6333] for POST '/session/951c78db02fc43ae134f598e9f48e7fa/element/3f4eb659-79b6-40c7-acdf-ecf23785e52a/click'
10:41:28.236 [AsyncHttpClient-1-15] DEBUG org.asynchttpclient.netty.handler.HttpHandler - 

Request DefaultHttpRequest(decodeResult: success, version: HTTP/1.1)
POST /session/951c78db02fc43ae134f598e9f48e7fa/element/3f4eb659-79b6-40c7-acdf-ecf23785e52a/click HTTP/1.1
User-Agent: selenium/4.8.1 (java windows)
Content-Length: 50
Content-Type: application/json; charset=utf-8
host: localhost:6333
accept: */*

Response DefaultHttpResponse(decodeResult: success, version: HTTP/1.1)
HTTP/1.1 200 OK
Content-Length: 14
Content-Type: application/json; charset=utf-8
cache-control: no-cache

10:41:28.236 [AsyncHttpClient-1-15] DEBUG org.asynchttpclient.netty.channel.ChannelManager - Adding key: http://localhost:6333 for channel [id: 0xee288873, L:/127.0.0.1:55702 - R:localhost/127.0.0.1:6333]
10:41:28.240 [Forwarding getAlertText on session 951c78db02fc43ae134f598e9f48e7fa to remote] DEBUG org.asynchttpclient.netty.request.NettyRequestSender - Using pooled Channel '[id: 0xee288873, L:/127.0.0.1:55702 - R:localhost/127.0.0.1:6333]' for 'GET' to 'http://localhost:6333/session/951c78db02fc43ae134f598e9f48e7fa/alert/text'
10:41:28.240 [Forwarding getAlertText on session 951c78db02fc43ae134f598e9f48e7fa to remote] DEBUG org.asynchttpclient.netty.request.NettyRequestSender - Using open Channel [id: 0xee288873, L:/127.0.0.1:55702 - R:localhost/127.0.0.1:6333] for GET '/session/951c78db02fc43ae134f598e9f48e7fa/alert/text'
10:41:28.241 [AsyncHttpClient-1-15] DEBUG org.asynchttpclient.netty.handler.HttpHandler - 

Request DefaultFullHttpRequest(decodeResult: success, version: HTTP/1.1, content: EmptyByteBufBE)
GET /session/951c78db02fc43ae134f598e9f48e7fa/alert/text HTTP/1.1
User-Agent: selenium/4.8.1 (java windows)
Cache-Control: no-cache
Content-Type: application/json; charset=utf-8
host: localhost:6333
accept: */*

Response DefaultHttpResponse(decodeResult: success, version: HTTP/1.1)
HTTP/1.1 404 Not Found
Content-Length: 836
Content-Type: application/json; charset=utf-8
cache-control: no-cache

10:41:28.241 [AsyncHttpClient-1-15] DEBUG org.asynchttpclient.netty.channel.ChannelManager - Adding key: http://localhost:6333 for channel [id: 0xee288873, L:/127.0.0.1:55702 - R:localhost/127.0.0.1:6333]
10:41:28.242 [Forwarding getCurrentUrl on session 951c78db02fc43ae134f598e9f48e7fa to remote] DEBUG org.asynchttpclient.netty.request.NettyRequestSender - Using pooled Channel '[id: 0xee288873, L:/127.0.0.1:55702 - R:localhost/127.0.0.1:6333]' for 'GET' to 'http://localhost:6333/session/951c78db02fc43ae134f598e9f48e7fa/url'
10:41:28.242 [Forwarding getCurrentUrl on session 951c78db02fc43ae134f598e9f48e7fa to remote] DEBUG org.asynchttpclient.netty.request.NettyRequestSender - Using open Channel [id: 0xee288873, L:/127.0.0.1:55702 - R:localhost/127.0.0.1:6333] for GET '/session/951c78db02fc43ae134f598e9f48e7fa/url'
10:41:28.245 [AsyncHttpClient-1-15] DEBUG org.asynchttpclient.netty.handler.HttpHandler - 

Request DefaultFullHttpRequest(decodeResult: success, version: HTTP/1.1, content: EmptyByteBufBE)
GET /session/951c78db02fc43ae134f598e9f48e7fa/url HTTP/1.1
User-Agent: selenium/4.8.1 (java windows)
Cache-Control: no-cache
Content-Type: application/json; charset=utf-8
host: localhost:6333
accept: */*

Response DefaultHttpResponse(decodeResult: success, version: HTTP/1.1)
HTTP/1.1 200 OK
Content-Length: 51
Content-Type: application/json; charset=utf-8
cache-control: no-cache

10:41:28.245 [AsyncHttpClient-1-15] DEBUG org.asynchttpclient.netty.channel.ChannelManager - Adding key: http://localhost:6333 for channel [id: 0xee288873, L:/127.0.0.1:55702 - R:localhost/127.0.0.1:6333]
10:41:28.245 [Forwarding screenshot on session 951c78db02fc43ae134f598e9f48e7fa to remote] DEBUG org.asynchttpclient.netty.request.NettyRequestSender - Using pooled Channel '[id: 0xee288873, L:/127.0.0.1:55702 - R:localhost/127.0.0.1:6333]' for 'GET' to 'http://localhost:6333/session/951c78db02fc43ae134f598e9f48e7fa/screenshot'
10:41:28.245 [Forwarding screenshot on session 951c78db02fc43ae134f598e9f48e7fa to remote] DEBUG org.asynchttpclient.netty.request.NettyRequestSender - Using open Channel [id: 0xee288873, L:/127.0.0.1:55702 - R:localhost/127.0.0.1:6333] for GET '/session/951c78db02fc43ae134f598e9f48e7fa/screenshot'
10:41:28.333 [AsyncHttpClient-1-15] DEBUG org.asynchttpclient.netty.handler.HttpHandler - 

Request DefaultFullHttpRequest(decodeResult: success, version: HTTP/1.1, content: EmptyByteBufBE)
GET /session/951c78db02fc43ae134f598e9f48e7fa/screenshot HTTP/1.1
User-Agent: selenium/4.8.1 (java windows)
Cache-Control: no-cache
Content-Type: application/json; charset=utf-8
host: localhost:6333
accept: */*

Response DefaultHttpResponse(decodeResult: success, version: HTTP/1.1)
HTTP/1.1 200 OK
Content-Length: 30504
Content-Type: application/json; charset=utf-8
cache-control: no-cache

10:41:28.334 [AsyncHttpClient-1-15] DEBUG org.asynchttpclient.netty.channel.ChannelManager - Adding key: http://localhost:6333 for channel [id: 0xee288873, L:/127.0.0.1:55702 - R:localhost/127.0.0.1:6333]
10:41:28.335 [main] DEBUG net.serenitybdd.core.photography.Darkroom - Send negative for processing for target\site\serenity\d6783ff6d931cd60cc100aaea086ae844337b7ee3bf5a3b9c2b8e3830ac59e4b.png
10:41:28.335 [main] DEBUG net.thucydides.core.steps.StepInterceptor - STEP DONE: clickLoginButton
10:41:28.335 [Darkroom Processing Line] DEBUG net.serenitybdd.core.photography.DarkroomProcessingLine - Processing screenshot image in /var/screenshots/screenshot-2650176862067131655
10:41:28.335 [Darkroom Processing Line] DEBUG net.serenitybdd.core.photography.DarkroomProcessingLine - Saving screenshot to target\site\serenity\d6783ff6d931cd60cc100aaea086ae844337b7ee3bf5a3b9c2b8e3830ac59e4b.png
10:41:28.338 [Forwarding getPageSource on session 951c78db02fc43ae134f598e9f48e7fa to remote] DEBUG org.asynchttpclient.netty.request.NettyRequestSender - Using pooled Channel '[id: 0xee288873, L:/127.0.0.1:55702 - R:localhost/127.0.0.1:6333]' for 'POST' to 'http://localhost:6333/session/951c78db02fc43ae134f598e9f48e7fa/execute/sync'
10:41:28.338 [Forwarding getPageSource on session 951c78db02fc43ae134f598e9f48e7fa to remote] DEBUG org.asynchttpclient.netty.request.NettyRequestSender - Using open Channel [id: 0xee288873, L:/127.0.0.1:55702 - R:localhost/127.0.0.1:6333] for POST '/session/951c78db02fc43ae134f598e9f48e7fa/execute/sync'
10:41:28.343 [AsyncHttpClient-1-15] DEBUG org.asynchttpclient.netty.handler.HttpHandler - 

Request DefaultHttpRequest(decodeResult: success, version: HTTP/1.1)
POST /session/951c78db02fc43ae134f598e9f48e7fa/execute/sync HTTP/1.1
User-Agent: selenium/4.8.1 (java windows)
Content-Length: 176
Content-Type: application/json; charset=utf-8
host: localhost:6333
accept: */*

Response DefaultHttpResponse(decodeResult: success, version: HTTP/1.1)
HTTP/1.1 200 OK
Content-Length: 22119
Content-Type: application/json; charset=utf-8
cache-control: no-cache

10:41:28.343 [AsyncHttpClient-1-15] DEBUG org.asynchttpclient.netty.channel.ChannelManager - Adding key: http://localhost:6333 for channel [id: 0xee288873, L:/127.0.0.1:55702 - R:localhost/127.0.0.1:6333]
10:41:28.344 [Forwarding getCurrentUrl on session 951c78db02fc43ae134f598e9f48e7fa to remote] DEBUG org.asynchttpclient.netty.request.NettyRequestSender - Using pooled Channel '[id: 0xee288873, L:/127.0.0.1:55702 - R:localhost/127.0.0.1:6333]' for 'GET' to 'http://localhost:6333/session/951c78db02fc43ae134f598e9f48e7fa/url'
10:41:28.344 [Forwarding getCurrentUrl on session 951c78db02fc43ae134f598e9f48e7fa to remote] DEBUG org.asynchttpclient.netty.request.NettyRequestSender - Using open Channel [id: 0xee288873, L:/127.0.0.1:55702 - R:localhost/127.0.0.1:6333] for GET '/session/951c78db02fc43ae134f598e9f48e7fa/url'
10:41:28.348 [AsyncHttpClient-1-15] DEBUG org.asynchttpclient.netty.handler.HttpHandler - 

Request DefaultFullHttpRequest(decodeResult: success, version: HTTP/1.1, content: EmptyByteBufBE)
GET /session/951c78db02fc43ae134f598e9f48e7fa/url HTTP/1.1
User-Agent: selenium/4.8.1 (java windows)
Cache-Control: no-cache
Content-Type: application/json; charset=utf-8
host: localhost:6333
accept: */*

Response DefaultHttpResponse(decodeResult: success, version: HTTP/1.1)
HTTP/1.1 200 OK
Content-Length: 51
Content-Type: application/json; charset=utf-8
cache-control: no-cache

10:41:28.348 [AsyncHttpClient-1-15] DEBUG org.asynchttpclient.netty.channel.ChannelManager - Adding key: http://localhost:6333 for channel [id: 0xee288873, L:/127.0.0.1:55702 - R:localhost/127.0.0.1:6333]
10:41:28.350 [main] DEBUG net.thucydides.core.steps.StepInterceptor - STARTING STEP: ProductSteps.onTheHomePage - validateOnHomePage
10:41:28.351 [Forwarding findElement on session 951c78db02fc43ae134f598e9f48e7fa to remote] DEBUG org.asynchttpclient.netty.request.NettyRequestSender - Using pooled Channel '[id: 0xee288873, L:/127.0.0.1:55702 - R:localhost/127.0.0.1:6333]' for 'POST' to 'http://localhost:6333/session/951c78db02fc43ae134f598e9f48e7fa/element'
10:41:28.351 [Forwarding findElement on session 951c78db02fc43ae134f598e9f48e7fa to remote] DEBUG org.asynchttpclient.netty.request.NettyRequestSender - Using open Channel [id: 0xee288873, L:/127.0.0.1:55702 - R:localhost/127.0.0.1:6333] for POST '/session/951c78db02fc43ae134f598e9f48e7fa/element'
10:41:28.673 [AsyncHttpClient-1-15] DEBUG org.asynchttpclient.netty.handler.HttpHandler - 

Request DefaultHttpRequest(decodeResult: success, version: HTTP/1.1)
POST /session/951c78db02fc43ae134f598e9f48e7fa/element HTTP/1.1
User-Agent: selenium/4.8.1 (java windows)
Content-Length: 54
Content-Type: application/json; charset=utf-8
host: localhost:6333
accept: */*

Response DefaultHttpResponse(decodeResult: success, version: HTTP/1.1)
HTTP/1.1 200 OK
Content-Length: 88
Content-Type: application/json; charset=utf-8
cache-control: no-cache

10:41:28.673 [AsyncHttpClient-1-15] DEBUG org.asynchttpclient.netty.channel.ChannelManager - Adding key: http://localhost:6333 for channel [id: 0xee288873, L:/127.0.0.1:55702 - R:localhost/127.0.0.1:6333]
10:41:28.675 [Forwarding isElementDisplayed on session 951c78db02fc43ae134f598e9f48e7fa to remote] DEBUG org.asynchttpclient.netty.request.NettyRequestSender - Using pooled Channel '[id: 0xee288873, L:/127.0.0.1:55702 - R:localhost/127.0.0.1:6333]' for 'POST' to 'http://localhost:6333/session/951c78db02fc43ae134f598e9f48e7fa/execute/sync'
10:41:28.675 [Forwarding isElementDisplayed on session 951c78db02fc43ae134f598e9f48e7fa to remote] DEBUG org.asynchttpclient.netty.request.NettyRequestSender - Using open Channel [id: 0xee288873, L:/127.0.0.1:55702 - R:localhost/127.0.0.1:6333] for POST '/session/951c78db02fc43ae134f598e9f48e7fa/execute/sync'
10:41:28.684 [AsyncHttpClient-1-15] DEBUG org.asynchttpclient.netty.handler.HttpHandler - 

Request DefaultHttpRequest(decodeResult: success, version: HTTP/1.1)
POST /session/951c78db02fc43ae134f598e9f48e7fa/execute/sync HTTP/1.1
User-Agent: selenium/4.8.1 (java windows)
Content-Length: 48807
Content-Type: application/json; charset=utf-8
host: localhost:6333
accept: */*

Response DefaultHttpResponse(decodeResult: success, version: HTTP/1.1)
HTTP/1.1 200 OK
Content-Length: 14
Content-Type: application/json; charset=utf-8
cache-control: no-cache

10:41:28.684 [AsyncHttpClient-1-15] DEBUG org.asynchttpclient.netty.channel.ChannelManager - Adding key: http://localhost:6333 for channel [id: 0xee288873, L:/127.0.0.1:55702 - R:localhost/127.0.0.1:6333]
10:41:28.687 [Forwarding getAlertText on session 951c78db02fc43ae134f598e9f48e7fa to remote] DEBUG org.asynchttpclient.netty.request.NettyRequestSender - Using pooled Channel '[id: 0xee288873, L:/127.0.0.1:55702 - R:localhost/127.0.0.1:6333]' for 'GET' to 'http://localhost:6333/session/951c78db02fc43ae134f598e9f48e7fa/alert/text'
10:41:28.687 [Forwarding getAlertText on session 951c78db02fc43ae134f598e9f48e7fa to remote] DEBUG org.asynchttpclient.netty.request.NettyRequestSender - Using open Channel [id: 0xee288873, L:/127.0.0.1:55702 - R:localhost/127.0.0.1:6333] for GET '/session/951c78db02fc43ae134f598e9f48e7fa/alert/text'
10:41:28.689 [AsyncHttpClient-1-15] DEBUG org.asynchttpclient.netty.handler.HttpHandler - 

Request DefaultFullHttpRequest(decodeResult: success, version: HTTP/1.1, content: EmptyByteBufBE)
GET /session/951c78db02fc43ae134f598e9f48e7fa/alert/text HTTP/1.1
User-Agent: selenium/4.8.1 (java windows)
Cache-Control: no-cache
Content-Type: application/json; charset=utf-8
host: localhost:6333
accept: */*

Response DefaultHttpResponse(decodeResult: success, version: HTTP/1.1)
HTTP/1.1 404 Not Found
Content-Length: 836
Content-Type: application/json; charset=utf-8
cache-control: no-cache

10:41:28.689 [AsyncHttpClient-1-15] DEBUG org.asynchttpclient.netty.channel.ChannelManager - Adding key: http://localhost:6333 for channel [id: 0xee288873, L:/127.0.0.1:55702 - R:localhost/127.0.0.1:6333]
10:41:28.689 [Forwarding getCurrentUrl on session 951c78db02fc43ae134f598e9f48e7fa to remote] DEBUG org.asynchttpclient.netty.request.NettyRequestSender - Using pooled Channel '[id: 0xee288873, L:/127.0.0.1:55702 - R:localhost/127.0.0.1:6333]' for 'GET' to 'http://localhost:6333/session/951c78db02fc43ae134f598e9f48e7fa/url'
10:41:28.689 [Forwarding getCurrentUrl on session 951c78db02fc43ae134f598e9f48e7fa to remote] DEBUG org.asynchttpclient.netty.request.NettyRequestSender - Using open Channel [id: 0xee288873, L:/127.0.0.1:55702 - R:localhost/127.0.0.1:6333] for GET '/session/951c78db02fc43ae134f598e9f48e7fa/url'
10:41:28.692 [AsyncHttpClient-1-15] DEBUG org.asynchttpclient.netty.handler.HttpHandler - 

Request DefaultFullHttpRequest(decodeResult: success, version: HTTP/1.1, content: EmptyByteBufBE)
GET /session/951c78db02fc43ae134f598e9f48e7fa/url HTTP/1.1
User-Agent: selenium/4.8.1 (java windows)
Cache-Control: no-cache
Content-Type: application/json; charset=utf-8
host: localhost:6333
accept: */*

Response DefaultHttpResponse(decodeResult: success, version: HTTP/1.1)
HTTP/1.1 200 OK
Content-Length: 41
Content-Type: application/json; charset=utf-8
cache-control: no-cache

10:41:28.692 [AsyncHttpClient-1-15] DEBUG org.asynchttpclient.netty.channel.ChannelManager - Adding key: http://localhost:6333 for channel [id: 0xee288873, L:/127.0.0.1:55702 - R:localhost/127.0.0.1:6333]
10:41:28.692 [Forwarding screenshot on session 951c78db02fc43ae134f598e9f48e7fa to remote] DEBUG org.asynchttpclient.netty.request.NettyRequestSender - Using pooled Channel '[id: 0xee288873, L:/127.0.0.1:55702 - R:localhost/127.0.0.1:6333]' for 'GET' to 'http://localhost:6333/session/951c78db02fc43ae134f598e9f48e7fa/screenshot'
10:41:28.692 [Forwarding screenshot on session 951c78db02fc43ae134f598e9f48e7fa to remote] DEBUG org.asynchttpclient.netty.request.NettyRequestSender - Using open Channel [id: 0xee288873, L:/127.0.0.1:55702 - R:localhost/127.0.0.1:6333] for GET '/session/951c78db02fc43ae134f598e9f48e7fa/screenshot'
10:41:28.801 [AsyncHttpClient-1-15] DEBUG org.asynchttpclient.netty.handler.HttpHandler - 

Request DefaultFullHttpRequest(decodeResult: success, version: HTTP/1.1, content: EmptyByteBufBE)
GET /session/951c78db02fc43ae134f598e9f48e7fa/screenshot HTTP/1.1
User-Agent: selenium/4.8.1 (java windows)
Cache-Control: no-cache
Content-Type: application/json; charset=utf-8
host: localhost:6333
accept: */*

Response DefaultHttpResponse(decodeResult: success, version: HTTP/1.1)
HTTP/1.1 200 OK
Content-Length: 26200
Content-Type: application/json; charset=utf-8
cache-control: no-cache

10:41:28.802 [AsyncHttpClient-1-15] DEBUG org.asynchttpclient.netty.channel.ChannelManager - Adding key: http://localhost:6333 for channel [id: 0xee288873, L:/127.0.0.1:55702 - R:localhost/127.0.0.1:6333]
10:41:28.803 [main] DEBUG net.serenitybdd.core.photography.Darkroom - Send negative for processing for target\site\serenity\b39396b112485565e18280aaadc2999bd9279eca4b70f0de5aa8d4376f7f3eb3.png
10:41:28.803 [main] DEBUG net.thucydides.core.steps.StepInterceptor - STEP DONE: validateOnHomePage
  &amp#27;[32mGiven &amp#27;[0m&amp#27;[32mI already login and go to the alta-shop home page&amp#27;[0m &amp#27;[90m# starter.stepdefinitions.ProductSteps.onTheHomePage()&amp#27;[0m
10:41:28.809 [Forwarding getPageSource on session 951c78db02fc43ae134f598e9f48e7fa to remote] DEBUG org.asynchttpclient.netty.request.NettyRequestSender - Using pooled Channel '[id: 0xee288873, L:/127.0.0.1:55702 - R:localhost/127.0.0.1:6333]' for 'POST' to 'http://localhost:6333/session/951c78db02fc43ae134f598e9f48e7fa/execute/sync'
10:41:28.809 [Forwarding getPageSource on session 951c78db02fc43ae134f598e9f48e7fa to remote] DEBUG org.asynchttpclient.netty.request.NettyRequestSender - Using open Channel [id: 0xee288873, L:/127.0.0.1:55702 - R:localhost/127.0.0.1:6333] for POST '/session/951c78db02fc43ae134f598e9f48e7fa/execute/sync'
10:41:28.813 [AsyncHttpClient-1-15] DEBUG org.asynchttpclient.netty.handler.HttpHandler - 

Request DefaultHttpRequest(decodeResult: success, version: HTTP/1.1)
POST /session/951c78db02fc43ae134f598e9f48e7fa/execute/sync HTTP/1.1
User-Agent: selenium/4.8.1 (java windows)
Content-Length: 176
Content-Type: application/json; charset=utf-8
host: localhost:6333
accept: */*

Response DefaultHttpResponse(decodeResult: success, version: HTTP/1.1)
HTTP/1.1 200 OK
Content-Length: 28798
Content-Type: application/json; charset=utf-8
cache-control: no-cache

10:41:28.813 [AsyncHttpClient-1-15] DEBUG org.asynchttpclient.netty.channel.ChannelManager - Adding key: http://localhost:6333 for channel [id: 0xee288873, L:/127.0.0.1:55702 - R:localhost/127.0.0.1:6333]
10:41:28.815 [Forwarding getCurrentUrl on session 951c78db02fc43ae134f598e9f48e7fa to remote] DEBUG org.asynchttpclient.netty.request.NettyRequestSender - Using pooled Channel '[id: 0xee288873, L:/127.0.0.1:55702 - R:localhost/127.0.0.1:6333]' for 'GET' to 'http://localhost:6333/session/951c78db02fc43ae134f598e9f48e7fa/url'
10:41:28.815 [Forwarding getCurrentUrl on session 951c78db02fc43ae134f598e9f48e7fa to remote] DEBUG org.asynchttpclient.netty.request.NettyRequestSender - Using open Channel [id: 0xee288873, L:/127.0.0.1:55702 - R:localhost/127.0.0.1:6333] for GET '/session/951c78db02fc43ae134f598e9f48e7fa/url'
10:41:28.818 [AsyncHttpClient-1-15] DEBUG org.asynchttpclient.netty.handler.HttpHandler - 

Request DefaultFullHttpRequest(decodeResult: success, version: HTTP/1.1, content: EmptyByteBufBE)
GET /session/951c78db02fc43ae134f598e9f48e7fa/url HTTP/1.1
User-Agent: selenium/4.8.1 (java windows)
Cache-Control: no-cache
Content-Type: application/json; charset=utf-8
host: localhost:6333
accept: */*

Response DefaultHttpResponse(decodeResult: success, version: HTTP/1.1)
HTTP/1.1 200 OK
Content-Length: 41
Content-Type: application/json; charset=utf-8
cache-control: no-cache

10:41:28.818 [AsyncHttpClient-1-15] DEBUG org.asynchttpclient.netty.channel.ChannelManager - Adding key: http://localhost:6333 for channel [id: 0xee288873, L:/127.0.0.1:55702 - R:localhost/127.0.0.1:6333]
10:41:28.828 [Forwarding getPageSource on session 951c78db02fc43ae134f598e9f48e7fa to remote] DEBUG org.asynchttpclient.netty.request.NettyRequestSender - Using pooled Channel '[id: 0xee288873, L:/127.0.0.1:55702 - R:localhost/127.0.0.1:6333]' for 'POST' to 'http://localhost:6333/session/951c78db02fc43ae134f598e9f48e7fa/execute/sync'
10:41:28.828 [Forwarding getPageSource on session 951c78db02fc43ae134f598e9f48e7fa to remote] DEBUG org.asynchttpclient.netty.request.NettyRequestSender - Using open Channel [id: 0xee288873, L:/127.0.0.1:55702 - R:localhost/127.0.0.1:6333] for POST '/session/951c78db02fc43ae134f598e9f48e7fa/execute/sync'
10:41:29.109 [AsyncHttpClient-1-1] DEBUG org.asynchttpclient.netty.channel.DefaultChannelPool - Entry count for : http://localhost:55703 : 1
10:41:29.334 [AsyncHttpClient-1-15] DEBUG org.asynchttpclient.netty.handler.HttpHandler - 

Request DefaultHttpRequest(decodeResult: success, version: HTTP/1.1)
POST /session/951c78db02fc43ae134f598e9f48e7fa/execute/sync HTTP/1.1
User-Agent: selenium/4.8.1 (java windows)
Content-Length: 176
Content-Type: application/json; charset=utf-8
host: localhost:6333
accept: */*

Response DefaultHttpResponse(decodeResult: success, version: HTTP/1.1)
HTTP/1.1 200 OK
Content-Length: 293456
Content-Type: application/json; charset=utf-8
cache-control: no-cache

10:41:29.335 [AsyncHttpClient-1-15] DEBUG org.asynchttpclient.netty.channel.ChannelManager - Adding key: http://localhost:6333 for channel [id: 0xee288873, L:/127.0.0.1:55702 - R:localhost/127.0.0.1:6333]
10:41:29.349 [Forwarding getCurrentUrl on session 951c78db02fc43ae134f598e9f48e7fa to remote] DEBUG org.asynchttpclient.netty.request.NettyRequestSender - Using pooled Channel '[id: 0xee288873, L:/127.0.0.1:55702 - R:localhost/127.0.0.1:6333]' for 'GET' to 'http://localhost:6333/session/951c78db02fc43ae134f598e9f48e7fa/url'
10:41:29.349 [Forwarding getCurrentUrl on session 951c78db02fc43ae134f598e9f48e7fa to remote] DEBUG org.asynchttpclient.netty.request.NettyRequestSender - Using open Channel [id: 0xee288873, L:/127.0.0.1:55702 - R:localhost/127.0.0.1:6333] for GET '/session/951c78db02fc43ae134f598e9f48e7fa/url'
10:41:29.351 [AsyncHttpClient-1-15] DEBUG org.asynchttpclient.netty.handler.HttpHandler - 

Request DefaultFullHttpRequest(decodeResult: success, version: HTTP/1.1, content: EmptyByteBufBE)
GET /session/951c78db02fc43ae134f598e9f48e7fa/url HTTP/1.1
User-Agent: selenium/4.8.1 (java windows)
Cache-Control: no-cache
Content-Type: application/json; charset=utf-8
host: localhost:6333
accept: */*

Response DefaultHttpResponse(decodeResult: success, version: HTTP/1.1)
HTTP/1.1 200 OK
Content-Length: 41
Content-Type: application/json; charset=utf-8
cache-control: no-cache

10:41:29.351 [AsyncHttpClient-1-15] DEBUG org.asynchttpclient.netty.channel.ChannelManager - Adding key: http://localhost:6333 for channel [id: 0xee288873, L:/127.0.0.1:55702 - R:localhost/127.0.0.1:6333]
10:41:29.353 [main] DEBUG net.thucydides.core.steps.StepInterceptor - STARTING STEP: ProductSteps.clickBeliButton - clickBeliButton
10:41:29.354 [Forwarding findElement on session 951c78db02fc43ae134f598e9f48e7fa to remote] DEBUG org.asynchttpclient.netty.request.NettyRequestSender - Using pooled Channel '[id: 0xee288873, L:/127.0.0.1:55702 - R:localhost/127.0.0.1:6333]' for 'POST' to 'http://localhost:6333/session/951c78db02fc43ae134f598e9f48e7fa/element'
10:41:29.354 [Forwarding findElement on session 951c78db02fc43ae134f598e9f48e7fa to remote] DEBUG org.asynchttpclient.netty.request.NettyRequestSender - Using open Channel [id: 0xee288873, L:/127.0.0.1:55702 - R:localhost/127.0.0.1:6333] for POST '/session/951c78db02fc43ae134f598e9f48e7fa/element'
10:41:29.364 [AsyncHttpClient-1-15] DEBUG org.asynchttpclient.netty.handler.HttpHandler - 

Request DefaultHttpRequest(decodeResult: success, version: HTTP/1.1)
POST /session/951c78db02fc43ae134f598e9f48e7fa/element HTTP/1.1
User-Agent: selenium/4.8.1 (java windows)
Content-Length: 173
Content-Type: application/json; charset=utf-8
host: localhost:6333
accept: */*

Response DefaultHttpResponse(decodeResult: success, version: HTTP/1.1)
HTTP/1.1 200 OK
Content-Length: 88
Content-Type: application/json; charset=utf-8
cache-control: no-cache

10:41:29.364 [AsyncHttpClient-1-15] DEBUG org.asynchttpclient.netty.channel.ChannelManager - Adding key: http://localhost:6333 for channel [id: 0xee288873, L:/127.0.0.1:55702 - R:localhost/127.0.0.1:6333]
10:41:29.365 [Forwarding getElementTagName on session 951c78db02fc43ae134f598e9f48e7fa to remote] DEBUG org.asynchttpclient.netty.request.NettyRequestSender - Using pooled Channel '[id: 0xee288873, L:/127.0.0.1:55702 - R:localhost/127.0.0.1:6333]' for 'GET' to 'http://localhost:6333/session/951c78db02fc43ae134f598e9f48e7fa/element/29981496-878f-44a3-a46e-1c661c253770/name'
10:41:29.365 [Forwarding getElementTagName on session 951c78db02fc43ae134f598e9f48e7fa to remote] DEBUG org.asynchttpclient.netty.request.NettyRequestSender - Using open Channel [id: 0xee288873, L:/127.0.0.1:55702 - R:localhost/127.0.0.1:6333] for GET '/session/951c78db02fc43ae134f598e9f48e7fa/element/29981496-878f-44a3-a46e-1c661c253770/name'
10:41:29.368 [AsyncHttpClient-1-15] DEBUG org.asynchttpclient.netty.handler.HttpHandler - 

Request DefaultFullHttpRequest(decodeResult: success, version: HTTP/1.1, content: EmptyByteBufBE)
GET /session/951c78db02fc43ae134f598e9f48e7fa/element/29981496-878f-44a3-a46e-1c661c253770/name HTTP/1.1
User-Agent: selenium/4.8.1 (java windows)
Cache-Control: no-cache
Content-Type: application/json; charset=utf-8
host: localhost:6333
accept: */*

Response DefaultHttpResponse(decodeResult: success, version: HTTP/1.1)
HTTP/1.1 200 OK
Content-Length: 18
Content-Type: application/json; charset=utf-8
cache-control: no-cache

10:41:29.368 [AsyncHttpClient-1-15] DEBUG org.asynchttpclient.netty.channel.ChannelManager - Adding key: http://localhost:6333 for channel [id: 0xee288873, L:/127.0.0.1:55702 - R:localhost/127.0.0.1:6333]
10:41:29.369 [Forwarding getElementTagName on session 951c78db02fc43ae134f598e9f48e7fa to remote] DEBUG org.asynchttpclient.netty.request.NettyRequestSender - Using pooled Channel '[id: 0xee288873, L:/127.0.0.1:55702 - R:localhost/127.0.0.1:6333]' for 'GET' to 'http://localhost:6333/session/951c78db02fc43ae134f598e9f48e7fa/element/29981496-878f-44a3-a46e-1c661c253770/name'
10:41:29.369 [Forwarding getElementTagName on session 951c78db02fc43ae134f598e9f48e7fa to remote] DEBUG org.asynchttpclient.netty.request.NettyRequestSender - Using open Channel [id: 0xee288873, L:/127.0.0.1:55702 - R:localhost/127.0.0.1:6333] for GET '/session/951c78db02fc43ae134f598e9f48e7fa/element/29981496-878f-44a3-a46e-1c661c253770/name'
10:41:29.372 [AsyncHttpClient-1-15] DEBUG org.asynchttpclient.netty.handler.HttpHandler - 

Request DefaultFullHttpRequest(decodeResult: success, version: HTTP/1.1, content: EmptyByteBufBE)
GET /session/951c78db02fc43ae134f598e9f48e7fa/element/29981496-878f-44a3-a46e-1c661c253770/name HTTP/1.1
User-Agent: selenium/4.8.1 (java windows)
Cache-Control: no-cache
Content-Type: application/json; charset=utf-8
host: localhost:6333
accept: */*

Response DefaultHttpResponse(decodeResult: success, version: HTTP/1.1)
HTTP/1.1 200 OK
Content-Length: 18
Content-Type: application/json; charset=utf-8
cache-control: no-cache

10:41:29.372 [AsyncHttpClient-1-15] DEBUG org.asynchttpclient.netty.channel.ChannelManager - Adding key: http://localhost:6333 for channel [id: 0xee288873, L:/127.0.0.1:55702 - R:localhost/127.0.0.1:6333]
10:41:29.373 [Forwarding isElementEnabled on session 951c78db02fc43ae134f598e9f48e7fa to remote] DEBUG org.asynchttpclient.netty.request.NettyRequestSender - Using pooled Channel '[id: 0xee288873, L:/127.0.0.1:55702 - R:localhost/127.0.0.1:6333]' for 'GET' to 'http://localhost:6333/session/951c78db02fc43ae134f598e9f48e7fa/element/29981496-878f-44a3-a46e-1c661c253770/enabled'
10:41:29.373 [Forwarding isElementEnabled on session 951c78db02fc43ae134f598e9f48e7fa to remote] DEBUG org.asynchttpclient.netty.request.NettyRequestSender - Using open Channel [id: 0xee288873, L:/127.0.0.1:55702 - R:localhost/127.0.0.1:6333] for GET '/session/951c78db02fc43ae134f598e9f48e7fa/element/29981496-878f-44a3-a46e-1c661c253770/enabled'
10:41:29.378 [AsyncHttpClient-1-15] DEBUG org.asynchttpclient.netty.handler.HttpHandler - 

Request DefaultFullHttpRequest(decodeResult: success, version: HTTP/1.1, content: EmptyByteBufBE)
GET /session/951c78db02fc43ae134f598e9f48e7fa/element/29981496-878f-44a3-a46e-1c661c253770/enabled HTTP/1.1
User-Agent: selenium/4.8.1 (java windows)
Cache-Control: no-cache
Content-Type: application/json; charset=utf-8
host: localhost:6333
accept: */*

Response DefaultHttpResponse(decodeResult: success, version: HTTP/1.1)
HTTP/1.1 200 OK
Content-Length: 14
Content-Type: application/json; charset=utf-8
cache-control: no-cache

10:41:29.378 [AsyncHttpClient-1-15] DEBUG org.asynchttpclient.netty.channel.ChannelManager - Adding key: http://localhost:6333 for channel [id: 0xee288873, L:/127.0.0.1:55702 - R:localhost/127.0.0.1:6333]
10:41:29.379 [Forwarding isElementEnabled on session 951c78db02fc43ae134f598e9f48e7fa to remote] DEBUG org.asynchttpclient.netty.request.NettyRequestSender - Using pooled Channel '[id: 0xee288873, L:/127.0.0.1:55702 - R:localhost/127.0.0.1:6333]' for 'GET' to 'http://localhost:6333/session/951c78db02fc43ae134f598e9f48e7fa/element/29981496-878f-44a3-a46e-1c661c253770/enabled'
10:41:29.379 [Forwarding isElementEnabled on session 951c78db02fc43ae134f598e9f48e7fa to remote] DEBUG org.asynchttpclient.netty.request.NettyRequestSender - Using open Channel [id: 0xee288873, L:/127.0.0.1:55702 - R:localhost/127.0.0.1:6333] for GET '/session/951c78db02fc43ae134f598e9f48e7fa/element/29981496-878f-44a3-a46e-1c661c253770/enabled'
10:41:29.382 [AsyncHttpClient-1-15] DEBUG org.asynchttpclient.netty.handler.HttpHandler - 

Request DefaultFullHttpRequest(decodeResult: success, version: HTTP/1.1, content: EmptyByteBufBE)
GET /session/951c78db02fc43ae134f598e9f48e7fa/element/29981496-878f-44a3-a46e-1c661c253770/enabled HTTP/1.1
User-Agent: selenium/4.8.1 (java windows)
Cache-Control: no-cache
Content-Type: application/json; charset=utf-8
host: localhost:6333
accept: */*

Response DefaultHttpResponse(decodeResult: success, version: HTTP/1.1)
HTTP/1.1 200 OK
Content-Length: 14
Content-Type: application/json; charset=utf-8
cache-control: no-cache

10:41:29.382 [AsyncHttpClient-1-15] DEBUG org.asynchttpclient.netty.channel.ChannelManager - Adding key: http://localhost:6333 for channel [id: 0xee288873, L:/127.0.0.1:55702 - R:localhost/127.0.0.1:6333]
10:41:29.383 [Forwarding findElement on session 951c78db02fc43ae134f598e9f48e7fa to remote] DEBUG org.asynchttpclient.netty.request.NettyRequestSender - Using pooled Channel '[id: 0xee288873, L:/127.0.0.1:55702 - R:localhost/127.0.0.1:6333]' for 'POST' to 'http://localhost:6333/session/951c78db02fc43ae134f598e9f48e7fa/element'
10:41:29.383 [Forwarding findElement on session 951c78db02fc43ae134f598e9f48e7fa to remote] DEBUG org.asynchttpclient.netty.request.NettyRequestSender - Using open Channel [id: 0xee288873, L:/127.0.0.1:55702 - R:localhost/127.0.0.1:6333] for POST '/session/951c78db02fc43ae134f598e9f48e7fa/element'
10:41:29.390 [AsyncHttpClient-1-15] DEBUG org.asynchttpclient.netty.handler.HttpHandler - 

Request DefaultHttpRequest(decodeResult: success, version: HTTP/1.1)
POST /session/951c78db02fc43ae134f598e9f48e7fa/element HTTP/1.1
User-Agent: selenium/4.8.1 (java windows)
Content-Length: 173
Content-Type: application/json; charset=utf-8
host: localhost:6333
accept: */*

Response DefaultHttpResponse(decodeResult: success, version: HTTP/1.1)
HTTP/1.1 200 OK
Content-Length: 88
Content-Type: application/json; charset=utf-8
cache-control: no-cache

10:41:29.390 [AsyncHttpClient-1-15] DEBUG org.asynchttpclient.netty.channel.ChannelManager - Adding key: http://localhost:6333 for channel [id: 0xee288873, L:/127.0.0.1:55702 - R:localhost/127.0.0.1:6333]
10:41:29.390 [Forwarding clickElement on session 951c78db02fc43ae134f598e9f48e7fa to remote] DEBUG org.asynchttpclient.netty.request.NettyRequestSender - Using pooled Channel '[id: 0xee288873, L:/127.0.0.1:55702 - R:localhost/127.0.0.1:6333]' for 'POST' to 'http://localhost:6333/session/951c78db02fc43ae134f598e9f48e7fa/element/29981496-878f-44a3-a46e-1c661c253770/click'
10:41:29.390 [Forwarding clickElement on session 951c78db02fc43ae134f598e9f48e7fa to remote] DEBUG org.asynchttpclient.netty.request.NettyRequestSender - Using open Channel [id: 0xee288873, L:/127.0.0.1:55702 - R:localhost/127.0.0.1:6333] for POST '/session/951c78db02fc43ae134f598e9f48e7fa/element/29981496-878f-44a3-a46e-1c661c253770/click'
10:41:29.434 [AsyncHttpClient-1-15] DEBUG org.asynchttpclient.netty.handler.HttpHandler - 

Request DefaultHttpRequest(decodeResult: success, version: HTTP/1.1)
POST /session/951c78db02fc43ae134f598e9f48e7fa/element/29981496-878f-44a3-a46e-1c661c253770/click HTTP/1.1
User-Agent: selenium/4.8.1 (java windows)
Content-Length: 50
Content-Type: application/json; charset=utf-8
host: localhost:6333
accept: */*

Response DefaultHttpResponse(decodeResult: success, version: HTTP/1.1)
HTTP/1.1 200 OK
Content-Length: 14
Content-Type: application/json; charset=utf-8
cache-control: no-cache

10:41:29.434 [AsyncHttpClient-1-15] DEBUG org.asynchttpclient.netty.channel.ChannelManager - Adding key: http://localhost:6333 for channel [id: 0xee288873, L:/127.0.0.1:55702 - R:localhost/127.0.0.1:6333]
10:41:29.437 [Forwarding getAlertText on session 951c78db02fc43ae134f598e9f48e7fa to remote] DEBUG org.asynchttpclient.netty.request.NettyRequestSender - Using pooled Channel '[id: 0xee288873, L:/127.0.0.1:55702 - R:localhost/127.0.0.1:6333]' for 'GET' to 'http://localhost:6333/session/951c78db02fc43ae134f598e9f48e7fa/alert/text'
10:41:29.437 [Forwarding getAlertText on session 951c78db02fc43ae134f598e9f48e7fa to remote] DEBUG org.asynchttpclient.netty.request.NettyRequestSender - Using open Channel [id: 0xee288873, L:/127.0.0.1:55702 - R:localhost/127.0.0.1:6333] for GET '/session/951c78db02fc43ae134f598e9f48e7fa/alert/text'
10:41:29.441 [AsyncHttpClient-1-15] DEBUG org.asynchttpclient.netty.handler.HttpHandler - 

Request DefaultFullHttpRequest(decodeResult: success, version: HTTP/1.1, content: EmptyByteBufBE)
GET /session/951c78db02fc43ae134f598e9f48e7fa/alert/text HTTP/1.1
User-Agent: selenium/4.8.1 (java windows)
Cache-Control: no-cache
Content-Type: application/json; charset=utf-8
host: localhost:6333
accept: */*

Response DefaultHttpResponse(decodeResult: success, version: HTTP/1.1)
HTTP/1.1 404 Not Found
Content-Length: 836
Content-Type: application/json; charset=utf-8
cache-control: no-cache

10:41:29.441 [AsyncHttpClient-1-15] DEBUG org.asynchttpclient.netty.channel.ChannelManager - Adding key: http://localhost:6333 for channel [id: 0xee288873, L:/127.0.0.1:55702 - R:localhost/127.0.0.1:6333]
10:41:29.442 [Forwarding getCurrentUrl on session 951c78db02fc43ae134f598e9f48e7fa to remote] DEBUG org.asynchttpclient.netty.request.NettyRequestSender - Using pooled Channel '[id: 0xee288873, L:/127.0.0.1:55702 - R:localhost/127.0.0.1:6333]' for 'GET' to 'http://localhost:6333/session/951c78db02fc43ae134f598e9f48e7fa/url'
10:41:29.442 [Forwarding getCurrentUrl on session 951c78db02fc43ae134f598e9f48e7fa to remote] DEBUG org.asynchttpclient.netty.request.NettyRequestSender - Using open Channel [id: 0xee288873, L:/127.0.0.1:55702 - R:localhost/127.0.0.1:6333] for GET '/session/951c78db02fc43ae134f598e9f48e7fa/url'
10:41:29.444 [AsyncHttpClient-1-15] DEBUG org.asynchttpclient.netty.handler.HttpHandler - 

Request DefaultFullHttpRequest(decodeResult: success, version: HTTP/1.1, content: EmptyByteBufBE)
GET /session/951c78db02fc43ae134f598e9f48e7fa/url HTTP/1.1
User-Agent: selenium/4.8.1 (java windows)
Cache-Control: no-cache
Content-Type: application/json; charset=utf-8
host: localhost:6333
accept: */*

Response DefaultHttpResponse(decodeResult: success, version: HTTP/1.1)
HTTP/1.1 200 OK
Content-Length: 41
Content-Type: application/json; charset=utf-8
cache-control: no-cache

10:41:29.444 [AsyncHttpClient-1-15] DEBUG org.asynchttpclient.netty.channel.ChannelManager - Adding key: http://localhost:6333 for channel [id: 0xee288873, L:/127.0.0.1:55702 - R:localhost/127.0.0.1:6333]
10:41:29.445 [Forwarding screenshot on session 951c78db02fc43ae134f598e9f48e7fa to remote] DEBUG org.asynchttpclient.netty.request.NettyRequestSender - Using pooled Channel '[id: 0xee288873, L:/127.0.0.1:55702 - R:localhost/127.0.0.1:6333]' for 'GET' to 'http://localhost:6333/session/951c78db02fc43ae134f598e9f48e7fa/screenshot'
10:41:29.445 [Forwarding screenshot on session 951c78db02fc43ae134f598e9f48e7fa to remote] DEBUG org.asynchttpclient.netty.request.NettyRequestSender - Using open Channel [id: 0xee288873, L:/127.0.0.1:55702 - R:localhost/127.0.0.1:6333] for GET '/session/951c78db02fc43ae134f598e9f48e7fa/screenshot'
10:41:29.536 [AsyncHttpClient-1-15] DEBUG org.asynchttpclient.netty.handler.HttpHandler - 

Request DefaultFullHttpRequest(decodeResult: success, version: HTTP/1.1, content: EmptyByteBufBE)
GET /session/951c78db02fc43ae134f598e9f48e7fa/screenshot HTTP/1.1
User-Agent: selenium/4.8.1 (java windows)
Cache-Control: no-cache
Content-Type: application/json; charset=utf-8
host: localhost:6333
accept: */*

Response DefaultHttpResponse(decodeResult: success, version: HTTP/1.1)
HTTP/1.1 200 OK
Content-Length: 66380
Content-Type: application/json; charset=utf-8
cache-control: no-cache

10:41:29.536 [AsyncHttpClient-1-15] DEBUG org.asynchttpclient.netty.channel.ChannelManager - Adding key: http://localhost:6333 for channel [id: 0xee288873, L:/127.0.0.1:55702 - R:localhost/127.0.0.1:6333]
10:41:29.537 [main] DEBUG net.serenitybdd.core.photography.Darkroom - Send negative for processing for target\site\serenity\81e56a4ddd22ada1c3511f62022e97b753f5abde3fc175edfd4b7ad2fa8690c5.png
10:41:29.538 [main] DEBUG net.thucydides.core.steps.StepInterceptor - STEP DONE: clickBeliButton
  &amp#27;[32mWhen &amp#27;[0m&amp#27;[32mI click BELI button from the product&amp#27;[0m               &amp#27;[90m# starter.stepdefinitions.ProductSteps.clickBeliButton()&amp#27;[0m
10:41:29.538 [Darkroom Processing Line] DEBUG net.serenitybdd.core.photography.DarkroomProcessingLine - Processing screenshot image in /var/screenshots/screenshot-7790352831170677785
10:41:29.538 [Darkroom Processing Line] DEBUG net.serenitybdd.core.photography.DarkroomProcessingLine - Saving screenshot to target\site\serenity\81e56a4ddd22ada1c3511f62022e97b753f5abde3fc175edfd4b7ad2fa8690c5.png
10:41:29.543 [Forwarding getPageSource on session 951c78db02fc43ae134f598e9f48e7fa to remote] DEBUG org.asynchttpclient.netty.request.NettyRequestSender - Using pooled Channel '[id: 0xee288873, L:/127.0.0.1:55702 - R:localhost/127.0.0.1:6333]' for 'POST' to 'http://localhost:6333/session/951c78db02fc43ae134f598e9f48e7fa/execute/sync'
10:41:29.543 [Forwarding getPageSource on session 951c78db02fc43ae134f598e9f48e7fa to remote] DEBUG org.asynchttpclient.netty.request.NettyRequestSender - Using open Channel [id: 0xee288873, L:/127.0.0.1:55702 - R:localhost/127.0.0.1:6333] for POST '/session/951c78db02fc43ae134f598e9f48e7fa/execute/sync'
10:41:29.557 [AsyncHttpClient-1-15] DEBUG org.asynchttpclient.netty.handler.HttpHandler - 

Request DefaultHttpRequest(decodeResult: success, version: HTTP/1.1)
POST /session/951c78db02fc43ae134f598e9f48e7fa/execute/sync HTTP/1.1
User-Agent: selenium/4.8.1 (java windows)
Content-Length: 176
Content-Type: application/json; charset=utf-8
host: localhost:6333
accept: */*

Response DefaultHttpResponse(decodeResult: success, version: HTTP/1.1)
HTTP/1.1 200 OK
Content-Length: 293828
Content-Type: application/json; charset=utf-8
cache-control: no-cache

10:41:29.558 [AsyncHttpClient-1-15] DEBUG org.asynchttpclient.netty.channel.ChannelManager - Adding key: http://localhost:6333 for channel [id: 0xee288873, L:/127.0.0.1:55702 - R:localhost/127.0.0.1:6333]
10:41:29.573 [Forwarding getCurrentUrl on session 951c78db02fc43ae134f598e9f48e7fa to remote] DEBUG org.asynchttpclient.netty.request.NettyRequestSender - Using pooled Channel '[id: 0xee288873, L:/127.0.0.1:55702 - R:localhost/127.0.0.1:6333]' for 'GET' to 'http://localhost:6333/session/951c78db02fc43ae134f598e9f48e7fa/url'
10:41:29.573 [Forwarding getCurrentUrl on session 951c78db02fc43ae134f598e9f48e7fa to remote] DEBUG org.asynchttpclient.netty.request.NettyRequestSender - Using open Channel [id: 0xee288873, L:/127.0.0.1:55702 - R:localhost/127.0.0.1:6333] for GET '/session/951c78db02fc43ae134f598e9f48e7fa/url'
10:41:29.575 [AsyncHttpClient-1-15] DEBUG org.asynchttpclient.netty.handler.HttpHandler - 

Request DefaultFullHttpRequest(decodeResult: success, version: HTTP/1.1, content: EmptyByteBufBE)
GET /session/951c78db02fc43ae134f598e9f48e7fa/url HTTP/1.1
User-Agent: selenium/4.8.1 (java windows)
Cache-Control: no-cache
Content-Type: application/json; charset=utf-8
host: localhost:6333
accept: */*

Response DefaultHttpResponse(decodeResult: success, version: HTTP/1.1)
HTTP/1.1 200 OK
Content-Length: 41
Content-Type: application/json; charset=utf-8
cache-control: no-cache

10:41:29.575 [AsyncHttpClient-1-15] DEBUG org.asynchttpclient.netty.channel.ChannelManager - Adding key: http://localhost:6333 for channel [id: 0xee288873, L:/127.0.0.1:55702 - R:localhost/127.0.0.1:6333]
10:41:29.593 [Forwarding getAlertText on session 951c78db02fc43ae134f598e9f48e7fa to remote] DEBUG org.asynchttpclient.netty.request.NettyRequestSender - Using pooled Channel '[id: 0xee288873, L:/127.0.0.1:55702 - R:localhost/127.0.0.1:6333]' for 'GET' to 'http://localhost:6333/session/951c78db02fc43ae134f598e9f48e7fa/alert/text'
10:41:29.593 [Forwarding getAlertText on session 951c78db02fc43ae134f598e9f48e7fa to remote] DEBUG org.asynchttpclient.netty.request.NettyRequestSender - Using open Channel [id: 0xee288873, L:/127.0.0.1:55702 - R:localhost/127.0.0.1:6333] for GET '/session/951c78db02fc43ae134f598e9f48e7fa/alert/text'
10:41:29.595 [AsyncHttpClient-1-15] DEBUG org.asynchttpclient.netty.handler.HttpHandler - 

Request DefaultFullHttpRequest(decodeResult: success, version: HTTP/1.1, content: EmptyByteBufBE)
GET /session/951c78db02fc43ae134f598e9f48e7fa/alert/text HTTP/1.1
User-Agent: selenium/4.8.1 (java windows)
Cache-Control: no-cache
Content-Type: application/json; charset=utf-8
host: localhost:6333
accept: */*

Response DefaultHttpResponse(decodeResult: success, version: HTTP/1.1)
HTTP/1.1 404 Not Found
Content-Length: 836
Content-Type: application/json; charset=utf-8
cache-control: no-cache

10:41:29.595 [AsyncHttpClient-1-15] DEBUG org.asynchttpclient.netty.channel.ChannelManager - Adding key: http://localhost:6333 for channel [id: 0xee288873, L:/127.0.0.1:55702 - R:localhost/127.0.0.1:6333]
10:41:29.595 [Forwarding getCurrentUrl on session 951c78db02fc43ae134f598e9f48e7fa to remote] DEBUG org.asynchttpclient.netty.request.NettyRequestSender - Using pooled Channel '[id: 0xee288873, L:/127.0.0.1:55702 - R:localhost/127.0.0.1:6333]' for 'GET' to 'http://localhost:6333/session/951c78db02fc43ae134f598e9f48e7fa/url'
10:41:29.595 [Forwarding getCurrentUrl on session 951c78db02fc43ae134f598e9f48e7fa to remote] DEBUG org.asynchttpclient.netty.request.NettyRequestSender - Using open Channel [id: 0xee288873, L:/127.0.0.1:55702 - R:localhost/127.0.0.1:6333] for GET '/session/951c78db02fc43ae134f598e9f48e7fa/url'
10:41:29.599 [AsyncHttpClient-1-15] DEBUG org.asynchttpclient.netty.handler.HttpHandler - 

Request DefaultFullHttpRequest(decodeResult: success, version: HTTP/1.1, content: EmptyByteBufBE)
GET /session/951c78db02fc43ae134f598e9f48e7fa/url HTTP/1.1
User-Agent: selenium/4.8.1 (java windows)
Cache-Control: no-cache
Content-Type: application/json; charset=utf-8
host: localhost:6333
accept: */*

Response DefaultHttpResponse(decodeResult: success, version: HTTP/1.1)
HTTP/1.1 200 OK
Content-Length: 41
Content-Type: application/json; charset=utf-8
cache-control: no-cache

10:41:29.599 [AsyncHttpClient-1-15] DEBUG org.asynchttpclient.netty.channel.ChannelManager - Adding key: http://localhost:6333 for channel [id: 0xee288873, L:/127.0.0.1:55702 - R:localhost/127.0.0.1:6333]
10:41:29.599 [Forwarding screenshot on session 951c78db02fc43ae134f598e9f48e7fa to remote] DEBUG org.asynchttpclient.netty.request.NettyRequestSender - Using pooled Channel '[id: 0xee288873, L:/127.0.0.1:55702 - R:localhost/127.0.0.1:6333]' for 'GET' to 'http://localhost:6333/session/951c78db02fc43ae134f598e9f48e7fa/screenshot'
10:41:29.599 [Forwarding screenshot on session 951c78db02fc43ae134f598e9f48e7fa to remote] DEBUG org.asynchttpclient.netty.request.NettyRequestSender - Using open Channel [id: 0xee288873, L:/127.0.0.1:55702 - R:localhost/127.0.0.1:6333] for GET '/session/951c78db02fc43ae134f598e9f48e7fa/screenshot'
10:41:29.677 [AsyncHttpClient-1-15] DEBUG org.asynchttpclient.netty.handler.HttpHandler - 

Request DefaultFullHttpRequest(decodeResult: success, version: HTTP/1.1, content: EmptyByteBufBE)
GET /session/951c78db02fc43ae134f598e9f48e7fa/screenshot HTTP/1.1
User-Agent: selenium/4.8.1 (java windows)
Cache-Control: no-cache
Content-Type: application/json; charset=utf-8
host: localhost:6333
accept: */*

Response DefaultHttpResponse(decodeResult: success, version: HTTP/1.1)
HTTP/1.1 200 OK
Content-Length: 66760
Content-Type: application/json; charset=utf-8
cache-control: no-cache

10:41:29.677 [AsyncHttpClient-1-15] DEBUG org.asynchttpclient.netty.channel.ChannelManager - Adding key: http://localhost:6333 for channel [id: 0xee288873, L:/127.0.0.1:55702 - R:localhost/127.0.0.1:6333]
10:41:29.678 [main] DEBUG net.serenitybdd.core.photography.Darkroom - Send negative for processing for target\site\serenity\736922e947e6e07ede8652392b9ad162718c3de8bd06864327bb9d5b0f3b3eb4.png
10:41:29.678 [Darkroom Processing Line] DEBUG net.serenitybdd.core.photography.DarkroomProcessingLine - Processing screenshot image in /var/screenshots/screenshot-928278962886641063
10:41:29.678 [Darkroom Processing Line] DEBUG net.serenitybdd.core.photography.DarkroomProcessingLine - Saving screenshot to target\site\serenity\736922e947e6e07ede8652392b9ad162718c3de8bd06864327bb9d5b0f3b3eb4.png
10:41:29.679 [Forwarding getPageSource on session 951c78db02fc43ae134f598e9f48e7fa to remote] DEBUG org.asynchttpclient.netty.request.NettyRequestSender - Using pooled Channel '[id: 0xee288873, L:/127.0.0.1:55702 - R:localhost/127.0.0.1:6333]' for 'POST' to 'http://localhost:6333/session/951c78db02fc43ae134f598e9f48e7fa/execute/sync'
10:41:29.679 [Forwarding getPageSource on session 951c78db02fc43ae134f598e9f48e7fa to remote] DEBUG org.asynchttpclient.netty.request.NettyRequestSender - Using open Channel [id: 0xee288873, L:/127.0.0.1:55702 - R:localhost/127.0.0.1:6333] for POST '/session/951c78db02fc43ae134f598e9f48e7fa/execute/sync'
10:41:29.695 [AsyncHttpClient-1-15] DEBUG org.asynchttpclient.netty.handler.HttpHandler - 

Request DefaultHttpRequest(decodeResult: success, version: HTTP/1.1)
POST /session/951c78db02fc43ae134f598e9f48e7fa/execute/sync HTTP/1.1
User-Agent: selenium/4.8.1 (java windows)
Content-Length: 176
Content-Type: application/json; charset=utf-8
host: localhost:6333
accept: */*

Response DefaultHttpResponse(decodeResult: success, version: HTTP/1.1)
HTTP/1.1 200 OK
Content-Length: 293829
Content-Type: application/json; charset=utf-8
cache-control: no-cache

10:41:29.695 [AsyncHttpClient-1-15] DEBUG org.asynchttpclient.netty.channel.ChannelManager - Adding key: http://localhost:6333 for channel [id: 0xee288873, L:/127.0.0.1:55702 - R:localhost/127.0.0.1:6333]
10:41:29.710 [Forwarding getCurrentUrl on session 951c78db02fc43ae134f598e9f48e7fa to remote] DEBUG org.asynchttpclient.netty.request.NettyRequestSender - Using pooled Channel '[id: 0xee288873, L:/127.0.0.1:55702 - R:localhost/127.0.0.1:6333]' for 'GET' to 'http://localhost:6333/session/951c78db02fc43ae134f598e9f48e7fa/url'
10:41:29.710 [Forwarding getCurrentUrl on session 951c78db02fc43ae134f598e9f48e7fa to remote] DEBUG org.asynchttpclient.netty.request.NettyRequestSender - Using open Channel [id: 0xee288873, L:/127.0.0.1:55702 - R:localhost/127.0.0.1:6333] for GET '/session/951c78db02fc43ae134f598e9f48e7fa/url'
10:41:29.712 [AsyncHttpClient-1-15] DEBUG org.asynchttpclient.netty.handler.HttpHandler - 

Request DefaultFullHttpRequest(decodeResult: success, version: HTTP/1.1, content: EmptyByteBufBE)
GET /session/951c78db02fc43ae134f598e9f48e7fa/url HTTP/1.1
User-Agent: selenium/4.8.1 (java windows)
Cache-Control: no-cache
Content-Type: application/json; charset=utf-8
host: localhost:6333
accept: */*

Response DefaultHttpResponse(decodeResult: success, version: HTTP/1.1)
HTTP/1.1 200 OK
Content-Length: 41
Content-Type: application/json; charset=utf-8
cache-control: no-cache

10:41:29.712 [AsyncHttpClient-1-15] DEBUG org.asynchttpclient.netty.channel.ChannelManager - Adding key: http://localhost:6333 for channel [id: 0xee288873, L:/127.0.0.1:55702 - R:localhost/127.0.0.1:6333]
10:41:29.714 [main] DEBUG net.thucydides.core.steps.StepInterceptor - STARTING STEP: TransactionSteps.clickCartIcon - clickCartIcon
10:41:29.715 [Forwarding findElement on session 951c78db02fc43ae134f598e9f48e7fa to remote] DEBUG org.asynchttpclient.netty.request.NettyRequestSender - Using pooled Channel '[id: 0xee288873, L:/127.0.0.1:55702 - R:localhost/127.0.0.1:6333]' for 'POST' to 'http://localhost:6333/session/951c78db02fc43ae134f598e9f48e7fa/element'
10:41:29.715 [Forwarding findElement on session 951c78db02fc43ae134f598e9f48e7fa to remote] DEBUG org.asynchttpclient.netty.request.NettyRequestSender - Using open Channel [id: 0xee288873, L:/127.0.0.1:55702 - R:localhost/127.0.0.1:6333] for POST '/session/951c78db02fc43ae134f598e9f48e7fa/element'
10:41:29.723 [AsyncHttpClient-1-15] DEBUG org.asynchttpclient.netty.handler.HttpHandler - 

Request DefaultHttpRequest(decodeResult: success, version: HTTP/1.1)
POST /session/951c78db02fc43ae134f598e9f48e7fa/element HTTP/1.1
User-Agent: selenium/4.8.1 (java windows)
Content-Length: 65
Content-Type: application/json; charset=utf-8
host: localhost:6333
accept: */*

Response DefaultHttpResponse(decodeResult: success, version: HTTP/1.1)
HTTP/1.1 200 OK
Content-Length: 88
Content-Type: application/json; charset=utf-8
cache-control: no-cache

10:41:29.723 [AsyncHttpClient-1-15] DEBUG org.asynchttpclient.netty.channel.ChannelManager - Adding key: http://localhost:6333 for channel [id: 0xee288873, L:/127.0.0.1:55702 - R:localhost/127.0.0.1:6333]
10:41:29.724 [Forwarding getElementTagName on session 951c78db02fc43ae134f598e9f48e7fa to remote] DEBUG org.asynchttpclient.netty.request.NettyRequestSender - Using pooled Channel '[id: 0xee288873, L:/127.0.0.1:55702 - R:localhost/127.0.0.1:6333]' for 'GET' to 'http://localhost:6333/session/951c78db02fc43ae134f598e9f48e7fa/element/2d69bfeb-564d-4769-bdea-31a35074e08a/name'
10:41:29.724 [Forwarding getElementTagName on session 951c78db02fc43ae134f598e9f48e7fa to remote] DEBUG org.asynchttpclient.netty.request.NettyRequestSender - Using open Channel [id: 0xee288873, L:/127.0.0.1:55702 - R:localhost/127.0.0.1:6333] for GET '/session/951c78db02fc43ae134f598e9f48e7fa/element/2d69bfeb-564d-4769-bdea-31a35074e08a/name'
10:41:29.727 [AsyncHttpClient-1-15] DEBUG org.asynchttpclient.netty.handler.HttpHandler - 

Request DefaultFullHttpRequest(decodeResult: success, version: HTTP/1.1, content: EmptyByteBufBE)
GET /session/951c78db02fc43ae134f598e9f48e7fa/element/2d69bfeb-564d-4769-bdea-31a35074e08a/name HTTP/1.1
User-Agent: selenium/4.8.1 (java windows)
Cache-Control: no-cache
Content-Type: application/json; charset=utf-8
host: localhost:6333
accept: */*

Response DefaultHttpResponse(decodeResult: success, version: HTTP/1.1)
HTTP/1.1 200 OK
Content-Length: 13
Content-Type: application/json; charset=utf-8
cache-control: no-cache

10:41:29.727 [AsyncHttpClient-1-15] DEBUG org.asynchttpclient.netty.channel.ChannelManager - Adding key: http://localhost:6333 for channel [id: 0xee288873, L:/127.0.0.1:55702 - R:localhost/127.0.0.1:6333]
10:41:29.727 [Forwarding getElementTagName on session 951c78db02fc43ae134f598e9f48e7fa to remote] DEBUG org.asynchttpclient.netty.request.NettyRequestSender - Using pooled Channel '[id: 0xee288873, L:/127.0.0.1:55702 - R:localhost/127.0.0.1:6333]' for 'GET' to 'http://localhost:6333/session/951c78db02fc43ae134f598e9f48e7fa/element/2d69bfeb-564d-4769-bdea-31a35074e08a/name'
10:41:29.727 [Forwarding getElementTagName on session 951c78db02fc43ae134f598e9f48e7fa to remote] DEBUG org.asynchttpclient.netty.request.NettyRequestSender - Using open Channel [id: 0xee288873, L:/127.0.0.1:55702 - R:localhost/127.0.0.1:6333] for GET '/session/951c78db02fc43ae134f598e9f48e7fa/element/2d69bfeb-564d-4769-bdea-31a35074e08a/name'
10:41:29.730 [AsyncHttpClient-1-15] DEBUG org.asynchttpclient.netty.handler.HttpHandler - 

Request DefaultFullHttpRequest(decodeResult: success, version: HTTP/1.1, content: EmptyByteBufBE)
GET /session/951c78db02fc43ae134f598e9f48e7fa/element/2d69bfeb-564d-4769-bdea-31a35074e08a/name HTTP/1.1
User-Agent: selenium/4.8.1 (java windows)
Cache-Control: no-cache
Content-Type: application/json; charset=utf-8
host: localhost:6333
accept: */*

Response DefaultHttpResponse(decodeResult: success, version: HTTP/1.1)
HTTP/1.1 200 OK
Content-Length: 13
Content-Type: application/json; charset=utf-8
cache-control: no-cache

10:41:29.730 [AsyncHttpClient-1-15] DEBUG org.asynchttpclient.netty.channel.ChannelManager - Adding key: http://localhost:6333 for channel [id: 0xee288873, L:/127.0.0.1:55702 - R:localhost/127.0.0.1:6333]
10:41:29.731 [Forwarding findElement on session 951c78db02fc43ae134f598e9f48e7fa to remote] DEBUG org.asynchttpclient.netty.request.NettyRequestSender - Using pooled Channel '[id: 0xee288873, L:/127.0.0.1:55702 - R:localhost/127.0.0.1:6333]' for 'POST' to 'http://localhost:6333/session/951c78db02fc43ae134f598e9f48e7fa/element'
10:41:29.731 [Forwarding findElement on session 951c78db02fc43ae134f598e9f48e7fa to remote] DEBUG org.asynchttpclient.netty.request.NettyRequestSender - Using open Channel [id: 0xee288873, L:/127.0.0.1:55702 - R:localhost/127.0.0.1:6333] for POST '/session/951c78db02fc43ae134f598e9f48e7fa/element'
10:41:29.735 [AsyncHttpClient-1-15] DEBUG org.asynchttpclient.netty.handler.HttpHandler - 

Request DefaultHttpRequest(decodeResult: success, version: HTTP/1.1)
POST /session/951c78db02fc43ae134f598e9f48e7fa/element HTTP/1.1
User-Agent: selenium/4.8.1 (java windows)
Content-Length: 65
Content-Type: application/json; charset=utf-8
host: localhost:6333
accept: */*

Response DefaultHttpResponse(decodeResult: success, version: HTTP/1.1)
HTTP/1.1 200 OK
Content-Length: 88
Content-Type: application/json; charset=utf-8
cache-control: no-cache

10:41:29.735 [AsyncHttpClient-1-15] DEBUG org.asynchttpclient.netty.channel.ChannelManager - Adding key: http://localhost:6333 for channel [id: 0xee288873, L:/127.0.0.1:55702 - R:localhost/127.0.0.1:6333]
10:41:29.736 [Forwarding clickElement on session 951c78db02fc43ae134f598e9f48e7fa to remote] DEBUG org.asynchttpclient.netty.request.NettyRequestSender - Using pooled Channel '[id: 0xee288873, L:/127.0.0.1:55702 - R:localhost/127.0.0.1:6333]' for 'POST' to 'http://localhost:6333/session/951c78db02fc43ae134f598e9f48e7fa/element/2d69bfeb-564d-4769-bdea-31a35074e08a/click'
10:41:29.736 [Forwarding clickElement on session 951c78db02fc43ae134f598e9f48e7fa to remote] DEBUG org.asynchttpclient.netty.request.NettyRequestSender - Using open Channel [id: 0xee288873, L:/127.0.0.1:55702 - R:localhost/127.0.0.1:6333] for POST '/session/951c78db02fc43ae134f598e9f48e7fa/element/2d69bfeb-564d-4769-bdea-31a35074e08a/click'
10:41:29.776 [AsyncHttpClient-1-15] DEBUG org.asynchttpclient.netty.handler.HttpHandler - 

Request DefaultHttpRequest(decodeResult: success, version: HTTP/1.1)
POST /session/951c78db02fc43ae134f598e9f48e7fa/element/2d69bfeb-564d-4769-bdea-31a35074e08a/click HTTP/1.1
User-Agent: selenium/4.8.1 (java windows)
Content-Length: 50
Content-Type: application/json; charset=utf-8
host: localhost:6333
accept: */*

Response DefaultHttpResponse(decodeResult: success, version: HTTP/1.1)
HTTP/1.1 200 OK
Content-Length: 14
Content-Type: application/json; charset=utf-8
cache-control: no-cache

10:41:29.776 [AsyncHttpClient-1-15] DEBUG org.asynchttpclient.netty.channel.ChannelManager - Adding key: http://localhost:6333 for channel [id: 0xee288873, L:/127.0.0.1:55702 - R:localhost/127.0.0.1:6333]
10:41:29.781 [Forwarding getAlertText on session 951c78db02fc43ae134f598e9f48e7fa to remote] DEBUG org.asynchttpclient.netty.request.NettyRequestSender - Using pooled Channel '[id: 0xee288873, L:/127.0.0.1:55702 - R:localhost/127.0.0.1:6333]' for 'GET' to 'http://localhost:6333/session/951c78db02fc43ae134f598e9f48e7fa/alert/text'
10:41:29.781 [Forwarding getAlertText on session 951c78db02fc43ae134f598e9f48e7fa to remote] DEBUG org.asynchttpclient.netty.request.NettyRequestSender - Using open Channel [id: 0xee288873, L:/127.0.0.1:55702 - R:localhost/127.0.0.1:6333] for GET '/session/951c78db02fc43ae134f598e9f48e7fa/alert/text'
10:41:29.823 [AsyncHttpClient-1-15] DEBUG org.asynchttpclient.netty.handler.HttpHandler - 

Request DefaultFullHttpRequest(decodeResult: success, version: HTTP/1.1, content: EmptyByteBufBE)
GET /session/951c78db02fc43ae134f598e9f48e7fa/alert/text HTTP/1.1
User-Agent: selenium/4.8.1 (java windows)
Cache-Control: no-cache
Content-Type: application/json; charset=utf-8
host: localhost:6333
accept: */*

Response DefaultHttpResponse(decodeResult: success, version: HTTP/1.1)
HTTP/1.1 404 Not Found
Content-Length: 836
Content-Type: application/json; charset=utf-8
cache-control: no-cache

10:41:29.823 [AsyncHttpClient-1-15] DEBUG org.asynchttpclient.netty.channel.ChannelManager - Adding key: http://localhost:6333 for channel [id: 0xee288873, L:/127.0.0.1:55702 - R:localhost/127.0.0.1:6333]
10:41:29.823 [Forwarding getCurrentUrl on session 951c78db02fc43ae134f598e9f48e7fa to remote] DEBUG org.asynchttpclient.netty.request.NettyRequestSender - Using pooled Channel '[id: 0xee288873, L:/127.0.0.1:55702 - R:localhost/127.0.0.1:6333]' for 'GET' to 'http://localhost:6333/session/951c78db02fc43ae134f598e9f48e7fa/url'
10:41:29.823 [Forwarding getCurrentUrl on session 951c78db02fc43ae134f598e9f48e7fa to remote] DEBUG org.asynchttpclient.netty.request.NettyRequestSender - Using open Channel [id: 0xee288873, L:/127.0.0.1:55702 - R:localhost/127.0.0.1:6333] for GET '/session/951c78db02fc43ae134f598e9f48e7fa/url'
10:41:29.826 [AsyncHttpClient-1-15] DEBUG org.asynchttpclient.netty.handler.HttpHandler - 

Request DefaultFullHttpRequest(decodeResult: success, version: HTTP/1.1, content: EmptyByteBufBE)
GET /session/951c78db02fc43ae134f598e9f48e7fa/url HTTP/1.1
User-Agent: selenium/4.8.1 (java windows)
Cache-Control: no-cache
Content-Type: application/json; charset=utf-8
host: localhost:6333
accept: */*

Response DefaultHttpResponse(decodeResult: success, version: HTTP/1.1)
HTTP/1.1 200 OK
Content-Length: 46
Content-Type: application/json; charset=utf-8
cache-control: no-cache

10:41:29.826 [AsyncHttpClient-1-15] DEBUG org.asynchttpclient.netty.channel.ChannelManager - Adding key: http://localhost:6333 for channel [id: 0xee288873, L:/127.0.0.1:55702 - R:localhost/127.0.0.1:6333]
10:41:29.826 [Forwarding screenshot on session 951c78db02fc43ae134f598e9f48e7fa to remote] DEBUG org.asynchttpclient.netty.request.NettyRequestSender - Using pooled Channel '[id: 0xee288873, L:/127.0.0.1:55702 - R:localhost/127.0.0.1:6333]' for 'GET' to 'http://localhost:6333/session/951c78db02fc43ae134f598e9f48e7fa/screenshot'
10:41:29.826 [Forwarding screenshot on session 951c78db02fc43ae134f598e9f48e7fa to remote] DEBUG org.asynchttpclient.netty.request.NettyRequestSender - Using open Channel [id: 0xee288873, L:/127.0.0.1:55702 - R:localhost/127.0.0.1:6333] for GET '/session/951c78db02fc43ae134f598e9f48e7fa/screenshot'
10:41:29.915 [AsyncHttpClient-1-15] DEBUG org.asynchttpclient.netty.handler.HttpHandler - 

Request DefaultFullHttpRequest(decodeResult: success, version: HTTP/1.1, content: EmptyByteBufBE)
GET /session/951c78db02fc43ae134f598e9f48e7fa/screenshot HTTP/1.1
User-Agent: selenium/4.8.1 (java windows)
Cache-Control: no-cache
Content-Type: application/json; charset=utf-8
host: localhost:6333
accept: */*

Response DefaultHttpResponse(decodeResult: success, version: HTTP/1.1)
HTTP/1.1 200 OK
Content-Length: 29936
Content-Type: application/json; charset=utf-8
cache-control: no-cache

10:41:29.915 [AsyncHttpClient-1-15] DEBUG org.asynchttpclient.netty.channel.ChannelManager - Adding key: http://localhost:6333 for channel [id: 0xee288873, L:/127.0.0.1:55702 - R:localhost/127.0.0.1:6333]
10:41:29.916 [main] DEBUG net.serenitybdd.core.photography.Darkroom - Send negative for processing for target\site\serenity\3476ab8186e72cf88da85ad8c6517c09a49d9e2e56a7865540831e59351a2ea9.png
10:41:29.917 [main] DEBUG net.thucydides.core.steps.StepInterceptor - STEP DONE: clickCartIcon
  &amp#27;[32mAnd &amp#27;[0m&amp#27;[32mI click cart icon&amp#27;[0m                                   &amp#27;[90m# starter.stepdefinitions.TransactionSteps.clickCartIcon()&amp#27;[0m
10:41:29.922 [Forwarding getPageSource on session 951c78db02fc43ae134f598e9f48e7fa to remote] DEBUG org.asynchttpclient.netty.request.NettyRequestSender - Using pooled Channel '[id: 0xee288873, L:/127.0.0.1:55702 - R:localhost/127.0.0.1:6333]' for 'POST' to 'http://localhost:6333/session/951c78db02fc43ae134f598e9f48e7fa/execute/sync'
10:41:29.922 [Forwarding getPageSource on session 951c78db02fc43ae134f598e9f48e7fa to remote] DEBUG org.asynchttpclient.netty.request.NettyRequestSender - Using open Channel [id: 0xee288873, L:/127.0.0.1:55702 - R:localhost/127.0.0.1:6333] for POST '/session/951c78db02fc43ae134f598e9f48e7fa/execute/sync'
10:41:29.926 [AsyncHttpClient-1-15] DEBUG org.asynchttpclient.netty.handler.HttpHandler - 

Request DefaultHttpRequest(decodeResult: success, version: HTTP/1.1)
POST /session/951c78db02fc43ae134f598e9f48e7fa/execute/sync HTTP/1.1
User-Agent: selenium/4.8.1 (java windows)
Content-Length: 176
Content-Type: application/json; charset=utf-8
host: localhost:6333
accept: */*

Response DefaultHttpResponse(decodeResult: success, version: HTTP/1.1)
HTTP/1.1 200 OK
Content-Length: 22268
Content-Type: application/json; charset=utf-8
cache-control: no-cache

10:41:29.926 [AsyncHttpClient-1-15] DEBUG org.asynchttpclient.netty.channel.ChannelManager - Adding key: http://localhost:6333 for channel [id: 0xee288873, L:/127.0.0.1:55702 - R:localhost/127.0.0.1:6333]
10:41:29.927 [Forwarding getCurrentUrl on session 951c78db02fc43ae134f598e9f48e7fa to remote] DEBUG org.asynchttpclient.netty.request.NettyRequestSender - Using pooled Channel '[id: 0xee288873, L:/127.0.0.1:55702 - R:localhost/127.0.0.1:6333]' for 'GET' to 'http://localhost:6333/session/951c78db02fc43ae134f598e9f48e7fa/url'
10:41:29.927 [Forwarding getCurrentUrl on session 951c78db02fc43ae134f598e9f48e7fa to remote] DEBUG org.asynchttpclient.netty.request.NettyRequestSender - Using open Channel [id: 0xee288873, L:/127.0.0.1:55702 - R:localhost/127.0.0.1:6333] for GET '/session/951c78db02fc43ae134f598e9f48e7fa/url'
10:41:29.931 [AsyncHttpClient-1-15] DEBUG org.asynchttpclient.netty.handler.HttpHandler - 

Request DefaultFullHttpRequest(decodeResult: success, version: HTTP/1.1, content: EmptyByteBufBE)
GET /session/951c78db02fc43ae134f598e9f48e7fa/url HTTP/1.1
User-Agent: selenium/4.8.1 (java windows)
Cache-Control: no-cache
Content-Type: application/json; charset=utf-8
host: localhost:6333
accept: */*

Response DefaultHttpResponse(decodeResult: success, version: HTTP/1.1)
HTTP/1.1 200 OK
Content-Length: 46
Content-Type: application/json; charset=utf-8
cache-control: no-cache

10:41:29.931 [AsyncHttpClient-1-15] DEBUG org.asynchttpclient.netty.channel.ChannelManager - Adding key: http://localhost:6333 for channel [id: 0xee288873, L:/127.0.0.1:55702 - R:localhost/127.0.0.1:6333]
10:41:29.939 [Forwarding getPageSource on session 951c78db02fc43ae134f598e9f48e7fa to remote] DEBUG org.asynchttpclient.netty.request.NettyRequestSender - Using pooled Channel '[id: 0xee288873, L:/127.0.0.1:55702 - R:localhost/127.0.0.1:6333]' for 'POST' to 'http://localhost:6333/session/951c78db02fc43ae134f598e9f48e7fa/execute/sync'
10:41:29.939 [Forwarding getPageSource on session 951c78db02fc43ae134f598e9f48e7fa to remote] DEBUG org.asynchttpclient.netty.request.NettyRequestSender - Using open Channel [id: 0xee288873, L:/127.0.0.1:55702 - R:localhost/127.0.0.1:6333] for POST '/session/951c78db02fc43ae134f598e9f48e7fa/execute/sync'
10:41:29.944 [AsyncHttpClient-1-15] DEBUG org.asynchttpclient.netty.handler.HttpHandler - 

Request DefaultHttpRequest(decodeResult: success, version: HTTP/1.1)
POST /session/951c78db02fc43ae134f598e9f48e7fa/execute/sync HTTP/1.1
User-Agent: selenium/4.8.1 (java windows)
Content-Length: 176
Content-Type: application/json; charset=utf-8
host: localhost:6333
accept: */*

Response DefaultHttpResponse(decodeResult: success, version: HTTP/1.1)
HTTP/1.1 200 OK
Content-Length: 22268
Content-Type: application/json; charset=utf-8
cache-control: no-cache

10:41:29.944 [AsyncHttpClient-1-15] DEBUG org.asynchttpclient.netty.channel.ChannelManager - Adding key: http://localhost:6333 for channel [id: 0xee288873, L:/127.0.0.1:55702 - R:localhost/127.0.0.1:6333]
10:41:29.946 [Forwarding getCurrentUrl on session 951c78db02fc43ae134f598e9f48e7fa to remote] DEBUG org.asynchttpclient.netty.request.NettyRequestSender - Using pooled Channel '[id: 0xee288873, L:/127.0.0.1:55702 - R:localhost/127.0.0.1:6333]' for 'GET' to 'http://localhost:6333/session/951c78db02fc43ae134f598e9f48e7fa/url'
10:41:29.946 [Forwarding getCurrentUrl on session 951c78db02fc43ae134f598e9f48e7fa to remote] DEBUG org.asynchttpclient.netty.request.NettyRequestSender - Using open Channel [id: 0xee288873, L:/127.0.0.1:55702 - R:localhost/127.0.0.1:6333] for GET '/session/951c78db02fc43ae134f598e9f48e7fa/url'
10:41:29.950 [AsyncHttpClient-1-15] DEBUG org.asynchttpclient.netty.handler.HttpHandler - 

Request DefaultFullHttpRequest(decodeResult: success, version: HTTP/1.1, content: EmptyByteBufBE)
GET /session/951c78db02fc43ae134f598e9f48e7fa/url HTTP/1.1
User-Agent: selenium/4.8.1 (java windows)
Cache-Control: no-cache
Content-Type: application/json; charset=utf-8
host: localhost:6333
accept: */*

Response DefaultHttpResponse(decodeResult: success, version: HTTP/1.1)
HTTP/1.1 200 OK
Content-Length: 46
Content-Type: application/json; charset=utf-8
cache-control: no-cache

10:41:29.950 [AsyncHttpClient-1-15] DEBUG org.asynchttpclient.netty.channel.ChannelManager - Adding key: http://localhost:6333 for channel [id: 0xee288873, L:/127.0.0.1:55702 - R:localhost/127.0.0.1:6333]
10:41:29.953 [main] DEBUG net.thucydides.core.steps.StepInterceptor - STARTING STEP: TransactionSteps.clickBayarButton - clickBayarButton
10:41:29.955 [Forwarding findElement on session 951c78db02fc43ae134f598e9f48e7fa to remote] DEBUG org.asynchttpclient.netty.request.NettyRequestSender - Using pooled Channel '[id: 0xee288873, L:/127.0.0.1:55702 - R:localhost/127.0.0.1:6333]' for 'POST' to 'http://localhost:6333/session/951c78db02fc43ae134f598e9f48e7fa/element'
10:41:29.955 [Forwarding findElement on session 951c78db02fc43ae134f598e9f48e7fa to remote] DEBUG org.asynchttpclient.netty.request.NettyRequestSender - Using open Channel [id: 0xee288873, L:/127.0.0.1:55702 - R:localhost/127.0.0.1:6333] for POST '/session/951c78db02fc43ae134f598e9f48e7fa/element'
10:41:29.969 [AsyncHttpClient-1-15] DEBUG org.asynchttpclient.netty.handler.HttpHandler - 

Request DefaultHttpRequest(decodeResult: success, version: HTTP/1.1)
POST /session/951c78db02fc43ae134f598e9f48e7fa/element HTTP/1.1
User-Agent: selenium/4.8.1 (java windows)
Content-Length: 59
Content-Type: application/json; charset=utf-8
host: localhost:6333
accept: */*

Response DefaultHttpResponse(decodeResult: success, version: HTTP/1.1)
HTTP/1.1 200 OK
Content-Length: 88
Content-Type: application/json; charset=utf-8
cache-control: no-cache

10:41:29.969 [AsyncHttpClient-1-15] DEBUG org.asynchttpclient.netty.channel.ChannelManager - Adding key: http://localhost:6333 for channel [id: 0xee288873, L:/127.0.0.1:55702 - R:localhost/127.0.0.1:6333]
10:41:29.970 [Forwarding getElementTagName on session 951c78db02fc43ae134f598e9f48e7fa to remote] DEBUG org.asynchttpclient.netty.request.NettyRequestSender - Using pooled Channel '[id: 0xee288873, L:/127.0.0.1:55702 - R:localhost/127.0.0.1:6333]' for 'GET' to 'http://localhost:6333/session/951c78db02fc43ae134f598e9f48e7fa/element/4aa2890c-a20e-450d-b47b-9fff08d5020a/name'
10:41:29.970 [Forwarding getElementTagName on session 951c78db02fc43ae134f598e9f48e7fa to remote] DEBUG org.asynchttpclient.netty.request.NettyRequestSender - Using open Channel [id: 0xee288873, L:/127.0.0.1:55702 - R:localhost/127.0.0.1:6333] for GET '/session/951c78db02fc43ae134f598e9f48e7fa/element/4aa2890c-a20e-450d-b47b-9fff08d5020a/name'
10:41:29.976 [AsyncHttpClient-1-15] DEBUG org.asynchttpclient.netty.handler.HttpHandler - 

Request DefaultFullHttpRequest(decodeResult: success, version: HTTP/1.1, content: EmptyByteBufBE)
GET /session/951c78db02fc43ae134f598e9f48e7fa/element/4aa2890c-a20e-450d-b47b-9fff08d5020a/name HTTP/1.1
User-Agent: selenium/4.8.1 (java windows)
Cache-Control: no-cache
Content-Type: application/json; charset=utf-8
host: localhost:6333
accept: */*

Response DefaultHttpResponse(decodeResult: success, version: HTTP/1.1)
HTTP/1.1 200 OK
Content-Length: 18
Content-Type: application/json; charset=utf-8
cache-control: no-cache

10:41:29.977 [AsyncHttpClient-1-15] DEBUG org.asynchttpclient.netty.channel.ChannelManager - Adding key: http://localhost:6333 for channel [id: 0xee288873, L:/127.0.0.1:55702 - R:localhost/127.0.0.1:6333]
10:41:29.978 [Forwarding getElementTagName on session 951c78db02fc43ae134f598e9f48e7fa to remote] DEBUG org.asynchttpclient.netty.request.NettyRequestSender - Using pooled Channel '[id: 0xee288873, L:/127.0.0.1:55702 - R:localhost/127.0.0.1:6333]' for 'GET' to 'http://localhost:6333/session/951c78db02fc43ae134f598e9f48e7fa/element/4aa2890c-a20e-450d-b47b-9fff08d5020a/name'
10:41:29.978 [Forwarding getElementTagName on session 951c78db02fc43ae134f598e9f48e7fa to remote] DEBUG org.asynchttpclient.netty.request.NettyRequestSender - Using open Channel [id: 0xee288873, L:/127.0.0.1:55702 - R:localhost/127.0.0.1:6333] for GET '/session/951c78db02fc43ae134f598e9f48e7fa/element/4aa2890c-a20e-450d-b47b-9fff08d5020a/name'
10:41:29.985 [AsyncHttpClient-1-15] DEBUG org.asynchttpclient.netty.handler.HttpHandler - 

Request DefaultFullHttpRequest(decodeResult: success, version: HTTP/1.1, content: EmptyByteBufBE)
GET /session/951c78db02fc43ae134f598e9f48e7fa/element/4aa2890c-a20e-450d-b47b-9fff08d5020a/name HTTP/1.1
User-Agent: selenium/4.8.1 (java windows)
Cache-Control: no-cache
Content-Type: application/json; charset=utf-8
host: localhost:6333
accept: */*

Response DefaultHttpResponse(decodeResult: success, version: HTTP/1.1)
HTTP/1.1 200 OK
Content-Length: 18
Content-Type: application/json; charset=utf-8
cache-control: no-cache

10:41:29.986 [AsyncHttpClient-1-15] DEBUG org.asynchttpclient.netty.channel.ChannelManager - Adding key: http://localhost:6333 for channel [id: 0xee288873, L:/127.0.0.1:55702 - R:localhost/127.0.0.1:6333]
10:41:29.988 [Forwarding isElementEnabled on session 951c78db02fc43ae134f598e9f48e7fa to remote] DEBUG org.asynchttpclient.netty.request.NettyRequestSender - Using pooled Channel '[id: 0xee288873, L:/127.0.0.1:55702 - R:localhost/127.0.0.1:6333]' for 'GET' to 'http://localhost:6333/session/951c78db02fc43ae134f598e9f48e7fa/element/4aa2890c-a20e-450d-b47b-9fff08d5020a/enabled'
10:41:29.988 [Forwarding isElementEnabled on session 951c78db02fc43ae134f598e9f48e7fa to remote] DEBUG org.asynchttpclient.netty.request.NettyRequestSender - Using open Channel [id: 0xee288873, L:/127.0.0.1:55702 - R:localhost/127.0.0.1:6333] for GET '/session/951c78db02fc43ae134f598e9f48e7fa/element/4aa2890c-a20e-450d-b47b-9fff08d5020a/enabled'
10:41:29.997 [AsyncHttpClient-1-15] DEBUG org.asynchttpclient.netty.handler.HttpHandler - 

Request DefaultFullHttpRequest(decodeResult: success, version: HTTP/1.1, content: EmptyByteBufBE)
GET /session/951c78db02fc43ae134f598e9f48e7fa/element/4aa2890c-a20e-450d-b47b-9fff08d5020a/enabled HTTP/1.1
User-Agent: selenium/4.8.1 (java windows)
Cache-Control: no-cache
Content-Type: application/json; charset=utf-8
host: localhost:6333
accept: */*

Response DefaultHttpResponse(decodeResult: success, version: HTTP/1.1)
HTTP/1.1 200 OK
Content-Length: 14
Content-Type: application/json; charset=utf-8
cache-control: no-cache

10:41:29.997 [AsyncHttpClient-1-15] DEBUG org.asynchttpclient.netty.channel.ChannelManager - Adding key: http://localhost:6333 for channel [id: 0xee288873, L:/127.0.0.1:55702 - R:localhost/127.0.0.1:6333]
10:41:29.998 [Forwarding isElementEnabled on session 951c78db02fc43ae134f598e9f48e7fa to remote] DEBUG org.asynchttpclient.netty.request.NettyRequestSender - Using pooled Channel '[id: 0xee288873, L:/127.0.0.1:55702 - R:localhost/127.0.0.1:6333]' for 'GET' to 'http://localhost:6333/session/951c78db02fc43ae134f598e9f48e7fa/element/4aa2890c-a20e-450d-b47b-9fff08d5020a/enabled'
10:41:29.998 [Forwarding isElementEnabled on session 951c78db02fc43ae134f598e9f48e7fa to remote] DEBUG org.asynchttpclient.netty.request.NettyRequestSender - Using open Channel [id: 0xee288873, L:/127.0.0.1:55702 - R:localhost/127.0.0.1:6333] for GET '/session/951c78db02fc43ae134f598e9f48e7fa/element/4aa2890c-a20e-450d-b47b-9fff08d5020a/enabled'
10:41:30.005 [AsyncHttpClient-1-15] DEBUG org.asynchttpclient.netty.handler.HttpHandler - 

Request DefaultFullHttpRequest(decodeResult: success, version: HTTP/1.1, content: EmptyByteBufBE)
GET /session/951c78db02fc43ae134f598e9f48e7fa/element/4aa2890c-a20e-450d-b47b-9fff08d5020a/enabled HTTP/1.1
User-Agent: selenium/4.8.1 (java windows)
Cache-Control: no-cache
Content-Type: application/json; charset=utf-8
host: localhost:6333
accept: */*

Response DefaultHttpResponse(decodeResult: success, version: HTTP/1.1)
HTTP/1.1 200 OK
Content-Length: 14
Content-Type: application/json; charset=utf-8
cache-control: no-cache

10:41:30.005 [AsyncHttpClient-1-15] DEBUG org.asynchttpclient.netty.channel.ChannelManager - Adding key: http://localhost:6333 for channel [id: 0xee288873, L:/127.0.0.1:55702 - R:localhost/127.0.0.1:6333]
10:41:30.008 [Forwarding findElement on session 951c78db02fc43ae134f598e9f48e7fa to remote] DEBUG org.asynchttpclient.netty.request.NettyRequestSender - Using pooled Channel '[id: 0xee288873, L:/127.0.0.1:55702 - R:localhost/127.0.0.1:6333]' for 'POST' to 'http://localhost:6333/session/951c78db02fc43ae134f598e9f48e7fa/element'
10:41:30.008 [Forwarding findElement on session 951c78db02fc43ae134f598e9f48e7fa to remote] DEBUG org.asynchttpclient.netty.request.NettyRequestSender - Using open Channel [id: 0xee288873, L:/127.0.0.1:55702 - R:localhost/127.0.0.1:6333] for POST '/session/951c78db02fc43ae134f598e9f48e7fa/element'
10:41:30.017 [AsyncHttpClient-1-15] DEBUG org.asynchttpclient.netty.handler.HttpHandler - 

Request DefaultHttpRequest(decodeResult: success, version: HTTP/1.1)
POST /session/951c78db02fc43ae134f598e9f48e7fa/element HTTP/1.1
User-Agent: selenium/4.8.1 (java windows)
Content-Length: 59
Content-Type: application/json; charset=utf-8
host: localhost:6333
accept: */*

Response DefaultHttpResponse(decodeResult: success, version: HTTP/1.1)
HTTP/1.1 200 OK
Content-Length: 88
Content-Type: application/json; charset=utf-8
cache-control: no-cache

10:41:30.017 [AsyncHttpClient-1-15] DEBUG org.asynchttpclient.netty.channel.ChannelManager - Adding key: http://localhost:6333 for channel [id: 0xee288873, L:/127.0.0.1:55702 - R:localhost/127.0.0.1:6333]
10:41:30.018 [Forwarding clickElement on session 951c78db02fc43ae134f598e9f48e7fa to remote] DEBUG org.asynchttpclient.netty.request.NettyRequestSender - Using pooled Channel '[id: 0xee288873, L:/127.0.0.1:55702 - R:localhost/127.0.0.1:6333]' for 'POST' to 'http://localhost:6333/session/951c78db02fc43ae134f598e9f48e7fa/element/4aa2890c-a20e-450d-b47b-9fff08d5020a/click'
10:41:30.018 [Forwarding clickElement on session 951c78db02fc43ae134f598e9f48e7fa to remote] DEBUG org.asynchttpclient.netty.request.NettyRequestSender - Using open Channel [id: 0xee288873, L:/127.0.0.1:55702 - R:localhost/127.0.0.1:6333] for POST '/session/951c78db02fc43ae134f598e9f48e7fa/element/4aa2890c-a20e-450d-b47b-9fff08d5020a/click'
10:41:30.066 [AsyncHttpClient-1-15] DEBUG org.asynchttpclient.netty.handler.HttpHandler - 

Request DefaultHttpRequest(decodeResult: success, version: HTTP/1.1)
POST /session/951c78db02fc43ae134f598e9f48e7fa/element/4aa2890c-a20e-450d-b47b-9fff08d5020a/click HTTP/1.1
User-Agent: selenium/4.8.1 (java windows)
Content-Length: 50
Content-Type: application/json; charset=utf-8
host: localhost:6333
accept: */*

Response DefaultHttpResponse(decodeResult: success, version: HTTP/1.1)
HTTP/1.1 200 OK
Content-Length: 14
Content-Type: application/json; charset=utf-8
cache-control: no-cache

10:41:30.066 [AsyncHttpClient-1-15] DEBUG org.asynchttpclient.netty.channel.ChannelManager - Adding key: http://localhost:6333 for channel [id: 0xee288873, L:/127.0.0.1:55702 - R:localhost/127.0.0.1:6333]
10:41:30.072 [Forwarding getAlertText on session 951c78db02fc43ae134f598e9f48e7fa to remote] DEBUG org.asynchttpclient.netty.request.NettyRequestSender - Using pooled Channel '[id: 0xee288873, L:/127.0.0.1:55702 - R:localhost/127.0.0.1:6333]' for 'GET' to 'http://localhost:6333/session/951c78db02fc43ae134f598e9f48e7fa/alert/text'
10:41:30.072 [Forwarding getAlertText on session 951c78db02fc43ae134f598e9f48e7fa to remote] DEBUG org.asynchttpclient.netty.request.NettyRequestSender - Using open Channel [id: 0xee288873, L:/127.0.0.1:55702 - R:localhost/127.0.0.1:6333] for GET '/session/951c78db02fc43ae134f598e9f48e7fa/alert/text'
10:41:30.098 [AsyncHttpClient-1-15] DEBUG org.asynchttpclient.netty.handler.HttpHandler - 

Request DefaultFullHttpRequest(decodeResult: success, version: HTTP/1.1, content: EmptyByteBufBE)
GET /session/951c78db02fc43ae134f598e9f48e7fa/alert/text HTTP/1.1
User-Agent: selenium/4.8.1 (java windows)
Cache-Control: no-cache
Content-Type: application/json; charset=utf-8
host: localhost:6333
accept: */*

Response DefaultHttpResponse(decodeResult: success, version: HTTP/1.1)
HTTP/1.1 404 Not Found
Content-Length: 836
Content-Type: application/json; charset=utf-8
cache-control: no-cache

10:41:30.098 [AsyncHttpClient-1-15] DEBUG org.asynchttpclient.netty.channel.ChannelManager - Adding key: http://localhost:6333 for channel [id: 0xee288873, L:/127.0.0.1:55702 - R:localhost/127.0.0.1:6333]
10:41:30.099 [Forwarding getCurrentUrl on session 951c78db02fc43ae134f598e9f48e7fa to remote] DEBUG org.asynchttpclient.netty.request.NettyRequestSender - Using pooled Channel '[id: 0xee288873, L:/127.0.0.1:55702 - R:localhost/127.0.0.1:6333]' for 'GET' to 'http://localhost:6333/session/951c78db02fc43ae134f598e9f48e7fa/url'
10:41:30.099 [Forwarding getCurrentUrl on session 951c78db02fc43ae134f598e9f48e7fa to remote] DEBUG org.asynchttpclient.netty.request.NettyRequestSender - Using open Channel [id: 0xee288873, L:/127.0.0.1:55702 - R:localhost/127.0.0.1:6333] for GET '/session/951c78db02fc43ae134f598e9f48e7fa/url'
10:41:30.102 [AsyncHttpClient-1-15] DEBUG org.asynchttpclient.netty.handler.HttpHandler - 

Request DefaultFullHttpRequest(decodeResult: success, version: HTTP/1.1, content: EmptyByteBufBE)
GET /session/951c78db02fc43ae134f598e9f48e7fa/url HTTP/1.1
User-Agent: selenium/4.8.1 (java windows)
Cache-Control: no-cache
Content-Type: application/json; charset=utf-8
host: localhost:6333
accept: */*

Response DefaultHttpResponse(decodeResult: success, version: HTTP/1.1)
HTTP/1.1 200 OK
Content-Length: 113
Content-Type: application/json; charset=utf-8
cache-control: no-cache

10:41:30.102 [AsyncHttpClient-1-15] DEBUG org.asynchttpclient.netty.channel.ChannelManager - Adding key: http://localhost:6333 for channel [id: 0xee288873, L:/127.0.0.1:55702 - R:localhost/127.0.0.1:6333]
10:41:30.102 [Forwarding screenshot on session 951c78db02fc43ae134f598e9f48e7fa to remote] DEBUG org.asynchttpclient.netty.request.NettyRequestSender - Using pooled Channel '[id: 0xee288873, L:/127.0.0.1:55702 - R:localhost/127.0.0.1:6333]' for 'GET' to 'http://localhost:6333/session/951c78db02fc43ae134f598e9f48e7fa/screenshot'
10:41:30.102 [Forwarding screenshot on session 951c78db02fc43ae134f598e9f48e7fa to remote] DEBUG org.asynchttpclient.netty.request.NettyRequestSender - Using open Channel [id: 0xee288873, L:/127.0.0.1:55702 - R:localhost/127.0.0.1:6333] for GET '/session/951c78db02fc43ae134f598e9f48e7fa/screenshot'
10:41:30.185 [AsyncHttpClient-1-15] DEBUG org.asynchttpclient.netty.handler.HttpHandler - 

Request DefaultFullHttpRequest(decodeResult: success, version: HTTP/1.1, content: EmptyByteBufBE)
GET /session/951c78db02fc43ae134f598e9f48e7fa/screenshot HTTP/1.1
User-Agent: selenium/4.8.1 (java windows)
Cache-Control: no-cache
Content-Type: application/json; charset=utf-8
host: localhost:6333
accept: */*

Response DefaultHttpResponse(decodeResult: success, version: HTTP/1.1)
HTTP/1.1 200 OK
Content-Length: 31748
Content-Type: application/json; charset=utf-8
cache-control: no-cache

10:41:30.185 [AsyncHttpClient-1-15] DEBUG org.asynchttpclient.netty.channel.ChannelManager - Adding key: http://localhost:6333 for channel [id: 0xee288873, L:/127.0.0.1:55702 - R:localhost/127.0.0.1:6333]
10:41:30.186 [main] DEBUG net.serenitybdd.core.photography.Darkroom - Send negative for processing for target\site\serenity\0af924f4efc1dbc64dcf03d9bf583be7f58245910cc0cf51e87be13b2ebd566c.png
10:41:30.187 [main] DEBUG net.thucydides.core.steps.StepInterceptor - STEP DONE: clickBayarButton
  &amp#27;[32mWhen &amp#27;[0m&amp#27;[32mI click BAYAR button&amp#27;[0m                               &amp#27;[90m# starter.stepdefinitions.TransactionSteps.clickBayarButton()&amp#27;[0m
10:41:30.187 [Darkroom Processing Line] DEBUG net.serenitybdd.core.photography.DarkroomProcessingLine - Processing screenshot image in /var/screenshots/screenshot-2745975959461413337
10:41:30.187 [Darkroom Processing Line] DEBUG net.serenitybdd.core.photography.DarkroomProcessingLine - Saving screenshot to target\site\serenity\0af924f4efc1dbc64dcf03d9bf583be7f58245910cc0cf51e87be13b2ebd566c.png
10:41:30.192 [Forwarding getPageSource on session 951c78db02fc43ae134f598e9f48e7fa to remote] DEBUG org.asynchttpclient.netty.request.NettyRequestSender - Using pooled Channel '[id: 0xee288873, L:/127.0.0.1:55702 - R:localhost/127.0.0.1:6333]' for 'POST' to 'http://localhost:6333/session/951c78db02fc43ae134f598e9f48e7fa/execute/sync'
10:41:30.192 [Forwarding getPageSource on session 951c78db02fc43ae134f598e9f48e7fa to remote] DEBUG org.asynchttpclient.netty.request.NettyRequestSender - Using open Channel [id: 0xee288873, L:/127.0.0.1:55702 - R:localhost/127.0.0.1:6333] for POST '/session/951c78db02fc43ae134f598e9f48e7fa/execute/sync'
10:41:30.197 [AsyncHttpClient-1-15] DEBUG org.asynchttpclient.netty.handler.HttpHandler - 

Request DefaultHttpRequest(decodeResult: success, version: HTTP/1.1)
POST /session/951c78db02fc43ae134f598e9f48e7fa/execute/sync HTTP/1.1
User-Agent: selenium/4.8.1 (java windows)
Content-Length: 176
Content-Type: application/json; charset=utf-8
host: localhost:6333
accept: */*

Response DefaultHttpResponse(decodeResult: success, version: HTTP/1.1)
HTTP/1.1 200 OK
Content-Length: 24483
Content-Type: application/json; charset=utf-8
cache-control: no-cache

10:41:30.197 [AsyncHttpClient-1-15] DEBUG org.asynchttpclient.netty.channel.ChannelManager - Adding key: http://localhost:6333 for channel [id: 0xee288873, L:/127.0.0.1:55702 - R:localhost/127.0.0.1:6333]
10:41:30.198 [AsyncHttpClient-1-1] DEBUG org.asynchttpclient.netty.channel.DefaultChannelPool - Entry count for : http://localhost:55703 : 1
10:41:30.198 [AsyncHttpClient-1-1] DEBUG org.asynchttpclient.netty.channel.DefaultChannelPool - Entry count for : http://localhost:6333 : 1
10:41:30.201 [Forwarding getCurrentUrl on session 951c78db02fc43ae134f598e9f48e7fa to remote] DEBUG org.asynchttpclient.netty.request.NettyRequestSender - Using pooled Channel '[id: 0xee288873, L:/127.0.0.1:55702 - R:localhost/127.0.0.1:6333]' for 'GET' to 'http://localhost:6333/session/951c78db02fc43ae134f598e9f48e7fa/url'
10:41:30.201 [Forwarding getCurrentUrl on session 951c78db02fc43ae134f598e9f48e7fa to remote] DEBUG org.asynchttpclient.netty.request.NettyRequestSender - Using open Channel [id: 0xee288873, L:/127.0.0.1:55702 - R:localhost/127.0.0.1:6333] for GET '/session/951c78db02fc43ae134f598e9f48e7fa/url'
10:41:30.205 [AsyncHttpClient-1-15] DEBUG org.asynchttpclient.netty.handler.HttpHandler - 

Request DefaultFullHttpRequest(decodeResult: success, version: HTTP/1.1, content: EmptyByteBufBE)
GET /session/951c78db02fc43ae134f598e9f48e7fa/url HTTP/1.1
User-Agent: selenium/4.8.1 (java windows)
Cache-Control: no-cache
Content-Type: application/json; charset=utf-8
host: localhost:6333
accept: */*

Response DefaultHttpResponse(decodeResult: success, version: HTTP/1.1)
HTTP/1.1 200 OK
Content-Length: 113
Content-Type: application/json; charset=utf-8
cache-control: no-cache

10:41:30.205 [AsyncHttpClient-1-15] DEBUG org.asynchttpclient.netty.channel.ChannelManager - Adding key: http://localhost:6333 for channel [id: 0xee288873, L:/127.0.0.1:55702 - R:localhost/127.0.0.1:6333]
10:41:30.212 [Forwarding getPageSource on session 951c78db02fc43ae134f598e9f48e7fa to remote] DEBUG org.asynchttpclient.netty.request.NettyRequestSender - Using pooled Channel '[id: 0xee288873, L:/127.0.0.1:55702 - R:localhost/127.0.0.1:6333]' for 'POST' to 'http://localhost:6333/session/951c78db02fc43ae134f598e9f48e7fa/execute/sync'
10:41:30.212 [Forwarding getPageSource on session 951c78db02fc43ae134f598e9f48e7fa to remote] DEBUG org.asynchttpclient.netty.request.NettyRequestSender - Using open Channel [id: 0xee288873, L:/127.0.0.1:55702 - R:localhost/127.0.0.1:6333] for POST '/session/951c78db02fc43ae134f598e9f48e7fa/execute/sync'
10:41:30.217 [AsyncHttpClient-1-15] DEBUG org.asynchttpclient.netty.handler.HttpHandler - 

Request DefaultHttpRequest(decodeResult: success, version: HTTP/1.1)
POST /session/951c78db02fc43ae134f598e9f48e7fa/execute/sync HTTP/1.1
User-Agent: selenium/4.8.1 (java windows)
Content-Length: 176
Content-Type: application/json; charset=utf-8
host: localhost:6333
accept: */*

Response DefaultHttpResponse(decodeResult: success, version: HTTP/1.1)
HTTP/1.1 200 OK
Content-Length: 24483
Content-Type: application/json; charset=utf-8
cache-control: no-cache

10:41:30.217 [AsyncHttpClient-1-15] DEBUG org.asynchttpclient.netty.channel.ChannelManager - Adding key: http://localhost:6333 for channel [id: 0xee288873, L:/127.0.0.1:55702 - R:localhost/127.0.0.1:6333]
10:41:30.221 [Forwarding getCurrentUrl on session 951c78db02fc43ae134f598e9f48e7fa to remote] DEBUG org.asynchttpclient.netty.request.NettyRequestSender - Using pooled Channel '[id: 0xee288873, L:/127.0.0.1:55702 - R:localhost/127.0.0.1:6333]' for 'GET' to 'http://localhost:6333/session/951c78db02fc43ae134f598e9f48e7fa/url'
10:41:30.221 [Forwarding getCurrentUrl on session 951c78db02fc43ae134f598e9f48e7fa to remote] DEBUG org.asynchttpclient.netty.request.NettyRequestSender - Using open Channel [id: 0xee288873, L:/127.0.0.1:55702 - R:localhost/127.0.0.1:6333] for GET '/session/951c78db02fc43ae134f598e9f48e7fa/url'
10:41:30.405 [AsyncHttpClient-1-15] DEBUG org.asynchttpclient.netty.handler.HttpHandler - 

Request DefaultFullHttpRequest(decodeResult: success, version: HTTP/1.1, content: EmptyByteBufBE)
GET /session/951c78db02fc43ae134f598e9f48e7fa/url HTTP/1.1
User-Agent: selenium/4.8.1 (java windows)
Cache-Control: no-cache
Content-Type: application/json; charset=utf-8
host: localhost:6333
accept: */*

Response DefaultHttpResponse(decodeResult: success, version: HTTP/1.1)
HTTP/1.1 200 OK
Content-Length: 52
Content-Type: application/json; charset=utf-8
cache-control: no-cache

10:41:30.405 [AsyncHttpClient-1-15] DEBUG org.asynchttpclient.netty.channel.ChannelManager - Adding key: http://localhost:6333 for channel [id: 0xee288873, L:/127.0.0.1:55702 - R:localhost/127.0.0.1:6333]
10:41:30.407 [main] DEBUG net.thucydides.core.steps.StepInterceptor - STARTING STEP: TransactionSteps.validateProductTransaction - validateProductTransaction
10:41:30.408 [Forwarding findElement on session 951c78db02fc43ae134f598e9f48e7fa to remote] DEBUG org.asynchttpclient.netty.request.NettyRequestSender - Using pooled Channel '[id: 0xee288873, L:/127.0.0.1:55702 - R:localhost/127.0.0.1:6333]' for 'POST' to 'http://localhost:6333/session/951c78db02fc43ae134f598e9f48e7fa/element'
10:41:30.408 [Forwarding findElement on session 951c78db02fc43ae134f598e9f48e7fa to remote] DEBUG org.asynchttpclient.netty.request.NettyRequestSender - Using open Channel [id: 0xee288873, L:/127.0.0.1:55702 - R:localhost/127.0.0.1:6333] for POST '/session/951c78db02fc43ae134f598e9f48e7fa/element'
10:41:30.416 [AsyncHttpClient-1-15] DEBUG org.asynchttpclient.netty.handler.HttpHandler - 

Request DefaultHttpRequest(decodeResult: success, version: HTTP/1.1)
POST /session/951c78db02fc43ae134f598e9f48e7fa/element HTTP/1.1
User-Agent: selenium/4.8.1 (java windows)
Content-Length: 70
Content-Type: application/json; charset=utf-8
host: localhost:6333
accept: */*

Response DefaultHttpResponse(decodeResult: success, version: HTTP/1.1)
HTTP/1.1 200 OK
Content-Length: 88
Content-Type: application/json; charset=utf-8
cache-control: no-cache

10:41:30.416 [AsyncHttpClient-1-15] DEBUG org.asynchttpclient.netty.channel.ChannelManager - Adding key: http://localhost:6333 for channel [id: 0xee288873, L:/127.0.0.1:55702 - R:localhost/127.0.0.1:6333]
10:41:30.418 [Forwarding isElementDisplayed on session 951c78db02fc43ae134f598e9f48e7fa to remote] DEBUG org.asynchttpclient.netty.request.NettyRequestSender - Using pooled Channel '[id: 0xee288873, L:/127.0.0.1:55702 - R:localhost/127.0.0.1:6333]' for 'POST' to 'http://localhost:6333/session/951c78db02fc43ae134f598e9f48e7fa/execute/sync'
10:41:30.418 [Forwarding isElementDisplayed on session 951c78db02fc43ae134f598e9f48e7fa to remote] DEBUG org.asynchttpclient.netty.request.NettyRequestSender - Using open Channel [id: 0xee288873, L:/127.0.0.1:55702 - R:localhost/127.0.0.1:6333] for POST '/session/951c78db02fc43ae134f598e9f48e7fa/execute/sync'
10:41:30.427 [AsyncHttpClient-1-15] DEBUG org.asynchttpclient.netty.handler.HttpHandler - 

Request DefaultHttpRequest(decodeResult: success, version: HTTP/1.1)
POST /session/951c78db02fc43ae134f598e9f48e7fa/execute/sync HTTP/1.1
User-Agent: selenium/4.8.1 (java windows)
Content-Length: 48807
Content-Type: application/json; charset=utf-8
host: localhost:6333
accept: */*

Response DefaultHttpResponse(decodeResult: success, version: HTTP/1.1)
HTTP/1.1 200 OK
Content-Length: 14
Content-Type: application/json; charset=utf-8
cache-control: no-cache

10:41:30.427 [AsyncHttpClient-1-15] DEBUG org.asynchttpclient.netty.channel.ChannelManager - Adding key: http://localhost:6333 for channel [id: 0xee288873, L:/127.0.0.1:55702 - R:localhost/127.0.0.1:6333]
10:41:30.432 [Forwarding getAlertText on session 951c78db02fc43ae134f598e9f48e7fa to remote] DEBUG org.asynchttpclient.netty.request.NettyRequestSender - Using pooled Channel '[id: 0xee288873, L:/127.0.0.1:55702 - R:localhost/127.0.0.1:6333]' for 'GET' to 'http://localhost:6333/session/951c78db02fc43ae134f598e9f48e7fa/alert/text'
10:41:30.432 [Forwarding getAlertText on session 951c78db02fc43ae134f598e9f48e7fa to remote] DEBUG org.asynchttpclient.netty.request.NettyRequestSender - Using open Channel [id: 0xee288873, L:/127.0.0.1:55702 - R:localhost/127.0.0.1:6333] for GET '/session/951c78db02fc43ae134f598e9f48e7fa/alert/text'
10:41:30.433 [AsyncHttpClient-1-15] DEBUG org.asynchttpclient.netty.handler.HttpHandler - 

Request DefaultFullHttpRequest(decodeResult: success, version: HTTP/1.1, content: EmptyByteBufBE)
GET /session/951c78db02fc43ae134f598e9f48e7fa/alert/text HTTP/1.1
User-Agent: selenium/4.8.1 (java windows)
Cache-Control: no-cache
Content-Type: application/json; charset=utf-8
host: localhost:6333
accept: */*

Response DefaultHttpResponse(decodeResult: success, version: HTTP/1.1)
HTTP/1.1 404 Not Found
Content-Length: 836
Content-Type: application/json; charset=utf-8
cache-control: no-cache

10:41:30.433 [AsyncHttpClient-1-15] DEBUG org.asynchttpclient.netty.channel.ChannelManager - Adding key: http://localhost:6333 for channel [id: 0xee288873, L:/127.0.0.1:55702 - R:localhost/127.0.0.1:6333]
10:41:30.433 [Forwarding getCurrentUrl on session 951c78db02fc43ae134f598e9f48e7fa to remote] DEBUG org.asynchttpclient.netty.request.NettyRequestSender - Using pooled Channel '[id: 0xee288873, L:/127.0.0.1:55702 - R:localhost/127.0.0.1:6333]' for 'GET' to 'http://localhost:6333/session/951c78db02fc43ae134f598e9f48e7fa/url'
10:41:30.433 [Forwarding getCurrentUrl on session 951c78db02fc43ae134f598e9f48e7fa to remote] DEBUG org.asynchttpclient.netty.request.NettyRequestSender - Using open Channel [id: 0xee288873, L:/127.0.0.1:55702 - R:localhost/127.0.0.1:6333] for GET '/session/951c78db02fc43ae134f598e9f48e7fa/url'
10:41:30.436 [AsyncHttpClient-1-15] DEBUG org.asynchttpclient.netty.handler.HttpHandler - 

Request DefaultFullHttpRequest(decodeResult: success, version: HTTP/1.1, content: EmptyByteBufBE)
GET /session/951c78db02fc43ae134f598e9f48e7fa/url HTTP/1.1
User-Agent: selenium/4.8.1 (java windows)
Cache-Control: no-cache
Content-Type: application/json; charset=utf-8
host: localhost:6333
accept: */*

Response DefaultHttpResponse(decodeResult: success, version: HTTP/1.1)
HTTP/1.1 200 OK
Content-Length: 52
Content-Type: application/json; charset=utf-8
cache-control: no-cache

10:41:30.436 [AsyncHttpClient-1-15] DEBUG org.asynchttpclient.netty.channel.ChannelManager - Adding key: http://localhost:6333 for channel [id: 0xee288873, L:/127.0.0.1:55702 - R:localhost/127.0.0.1:6333]
10:41:30.437 [Forwarding screenshot on session 951c78db02fc43ae134f598e9f48e7fa to remote] DEBUG org.asynchttpclient.netty.request.NettyRequestSender - Using pooled Channel '[id: 0xee288873, L:/127.0.0.1:55702 - R:localhost/127.0.0.1:6333]' for 'GET' to 'http://localhost:6333/session/951c78db02fc43ae134f598e9f48e7fa/screenshot'
10:41:30.437 [Forwarding screenshot on session 951c78db02fc43ae134f598e9f48e7fa to remote] DEBUG org.asynchttpclient.netty.request.NettyRequestSender - Using open Channel [id: 0xee288873, L:/127.0.0.1:55702 - R:localhost/127.0.0.1:6333] for GET '/session/951c78db02fc43ae134f598e9f48e7fa/screenshot'
10:41:30.494 [AsyncHttpClient-1-15] DEBUG org.asynchttpclient.netty.handler.HttpHandler - 

Request DefaultFullHttpRequest(decodeResult: success, version: HTTP/1.1, content: EmptyByteBufBE)
GET /session/951c78db02fc43ae134f598e9f48e7fa/screenshot HTTP/1.1
User-Agent: selenium/4.8.1 (java windows)
Cache-Control: no-cache
Content-Type: application/json; charset=utf-8
host: localhost:6333
accept: */*

Response DefaultHttpResponse(decodeResult: success, version: HTTP/1.1)
HTTP/1.1 200 OK
Content-Length: 30312
Content-Type: application/json; charset=utf-8
cache-control: no-cache

10:41:30.494 [AsyncHttpClient-1-15] DEBUG org.asynchttpclient.netty.channel.ChannelManager - Adding key: http://localhost:6333 for channel [id: 0xee288873, L:/127.0.0.1:55702 - R:localhost/127.0.0.1:6333]
10:41:30.495 [main] DEBUG net.serenitybdd.core.photography.Darkroom - Send negative for processing for target\site\serenity\0810ee9430cadc8b732131b78c17891f710a8fcc923d6639691f841ee3db2d92.png
10:41:30.495 [main] DEBUG net.thucydides.core.steps.StepInterceptor - STEP DONE: validateProductTransaction
  &amp#27;[32mThen &amp#27;[0m&amp#27;[32mI can see the transaction&amp#27;[0m                          &amp#27;[90m# starter.stepdefinitions.TransactionSteps.validateProductTransaction()&amp#27;[0m
10:41:30.495 [Darkroom Processing Line] DEBUG net.serenitybdd.core.photography.DarkroomProcessingLine - Processing screenshot image in /var/screenshots/screenshot-7084733208307514347
10:41:30.495 [Darkroom Processing Line] DEBUG net.serenitybdd.core.photography.DarkroomProcessingLine - Saving screenshot to target\site\serenity\0810ee9430cadc8b732131b78c17891f710a8fcc923d6639691f841ee3db2d92.png
10:41:30.498 [main] INFO  - 
  _____   ___   ___   _____     ___     _     ___   ___   ___   ___  
 |_   _| | __| / __| |_   _|   | _ \   /_\   / __| / __| | __| |   \ 
   | |   | _|  \__ \   | |     |  _/  / _ \  \__ \ \__ \ | _|  | |) |
   |_|   |___| |___/   |_|     |_|   /_/ \_\ |___/ |___/ |___| |___/ 

Pay the product we've added to cart
----------------------------------------------------------------------
10:41:30.499 [AsyncHttpClient-1-17] DEBUG org.asynchttpclient.netty.handler.WebSocketHandler - Channel Closed: [id: 0x05b9de94, L:/127.0.0.1:55710 ! R:localhost/127.0.0.1:55703] with attribute NettyResponseFuture{currentRetry=0,
	isDone=1,
	isCancelled=0,
	asyncHandler=org.asynchttpclient.ws.WebSocketUpgradeHandler@3bbfac72,
	nettyRequest=org.asynchttpclient.netty.request.NettyRequest@7f18de46,
	future=java.util.concurrent.CompletableFuture@63d8ad13[Completed normally],
	uri=ws://localhost:55703/devtools/browser/ac0ad23d-3ac6-4ed1-8e67-39356393743e,
	keepAlive=true,
	redirectCount=0,
	timeoutsHolder=null,
	inAuth=0,
	touch=1683430886719}
10:41:30.499 [AsyncHttpClient-1-17] DEBUG org.asynchttpclient.netty.channel.ChannelManager - Closing Channel [id: 0x05b9de94, L:/127.0.0.1:55710 ! R:localhost/127.0.0.1:55703] 
10:41:30.499 [Driver Command Executor] DEBUG org.asynchttpclient.netty.request.NettyRequestSender - Using pooled Channel '[id: 0xee288873, L:/127.0.0.1:55702 - R:localhost/127.0.0.1:6333]' for 'DELETE' to 'http://localhost:6333/session/951c78db02fc43ae134f598e9f48e7fa'
10:41:30.499 [Driver Command Executor] DEBUG org.asynchttpclient.netty.request.NettyRequestSender - Using open Channel [id: 0xee288873, L:/127.0.0.1:55702 - R:localhost/127.0.0.1:6333] for DELETE '/session/951c78db02fc43ae134f598e9f48e7fa'
10:41:30.525 [AsyncHttpClient-1-16] DEBUG org.asynchttpclient.netty.handler.HttpHandler - Unexpected I/O exception on channel [id: 0x6397539d, L:/127.0.0.1:55709 - R:localhost/127.0.0.1:55703]
java.net.SocketException: Connection reset
	at java.base/sun.nio.ch.SocketChannelImpl.throwConnectionReset(SocketChannelImpl.java:367)
	at java.base/sun.nio.ch.SocketChannelImpl.read(SocketChannelImpl.java:398)
	at io.netty.buffer.PooledByteBuf.setBytes(PooledByteBuf.java:259)
	at io.netty.buffer.AbstractByteBuf.writeBytes(AbstractByteBuf.java:1132)
	at io.netty.channel.socket.nio.NioSocketChannel.doReadBytes(NioSocketChannel.java:357)
	at io.netty.channel.nio.AbstractNioByteChannel$NioByteUnsafe.read(AbstractNioByteChannel.java:151)
	at io.netty.channel.nio.NioEventLoop.processSelectedKey(NioEventLoop.java:788)
	at io.netty.channel.nio.NioEventLoop.processSelectedKeysOptimized(NioEventLoop.java:724)
	at io.netty.channel.nio.NioEventLoop.processSelectedKeys(NioEventLoop.java:650)
	at io.netty.channel.nio.NioEventLoop.run(NioEventLoop.java:562)
	at io.netty.util.concurrent.SingleThreadEventExecutor$4.run(SingleThreadEventExecutor.java:997)
	at io.netty.util.internal.ThreadExecutorMap$2.run(ThreadExecutorMap.java:74)
	at io.netty.util.concurrent.FastThreadLocalRunnable.run(FastThreadLocalRunnable.java:30)
	at java.base/java.lang.Thread.run(Thread.java:832)
10:41:30.525 [AsyncHttpClient-1-16] DEBUG org.asynchttpclient.netty.channel.ChannelManager - Closing Channel [id: 0x6397539d, L:/127.0.0.1:55709 - R:localhost/127.0.0.1:55703] 
10:41:30.525 [AsyncHttpClient-1-16] DEBUG org.asynchttpclient.netty.handler.HttpHandler - Channel Closed: [id: 0x6397539d, L:/127.0.0.1:55709 ! R:localhost/127.0.0.1:55703] with attribute DISCARD
10:41:30.535 [AsyncHttpClient-1-15] DEBUG org.asynchttpclient.netty.handler.HttpHandler - 

Request DefaultFullHttpRequest(decodeResult: success, version: HTTP/1.1, content: EmptyByteBufBE)
DELETE /session/951c78db02fc43ae134f598e9f48e7fa HTTP/1.1
User-Agent: selenium/4.8.1 (java windows)
Content-Type: application/json; charset=utf-8
host: localhost:6333
accept: */*

Response DefaultHttpResponse(decodeResult: success, version: HTTP/1.1)
HTTP/1.1 200 OK
Content-Length: 14
Content-Type: application/json; charset=utf-8
cache-control: no-cache

10:41:30.535 [AsyncHttpClient-1-15] DEBUG org.asynchttpclient.netty.channel.ChannelManager - Adding key: http://localhost:6333 for channel [id: 0xee288873, L:/127.0.0.1:55702 - R:localhost/127.0.0.1:6333]
10:41:30.635 [AsyncHttpClient-1-15] DEBUG org.asynchttpclient.netty.handler.HttpHandler - Channel Closed: [id: 0xee288873, L:/127.0.0.1:55702 ! R:localhost/127.0.0.1:6333] with attribute DISCARD
]]></system-out>
    <system-err><![CDATA[Starting ChromeDriver 111.0.5563.64 (c710e93d5b63b7095afe8c2c17df34408078439d-refs/branch-heads/5563@{#995}) on port 6333
Only local connections are allowed.
Please see https://chromedriver.chromium.org/security-considerations for suggestions on keeping ChromeDriver safe.
ChromeDriver was started successfully.
[1683430886.700][WARNING]: This version of ChromeDriver has not been tested with Chrome version 112.
May 07, 2023 10:41:26 AM org.openqa.selenium.devtools.CdpVersionFinder findNearestMatch
WARNING: Unable to find an exact match for CDP version 112, so returning the closest version found: 110
]]></system-err>
  </testcase>
  <testcase name="Failed to pay when user hasn&apos;t login yet" classname="Transaction" time="4.032">
    <system-out><![CDATA[
Scenario: Failed to pay when user hasn't login yet &amp#27;[90m# src/test/resources/features/5. Transaction.feature:25&amp#27;[0m
10:41:31.156 [main] DEBUG io.cucumber.core.plugin.SerenityReporter - Running feature from file:///C:/Users/WINDOWS%2010/Documents/GitHub/MiniProject_QE/Web/code/minpro/src/test/resources/features/5.%20Transaction.feature
10:41:31.159 [main] INFO  - 
  _____   ___   ___   _____     ___   _____     _     ___   _____   ___   ___  
 |_   _| | __| / __| |_   _|   / __| |_   _|   /_\   | _ \ |_   _| | __| |   \ 
   | |   | _|  \__ \   | |     \__ \   | |    / _ \  |   /   | |   | _|  | |) |
   |_|   |___| |___/   |_|     |___/   |_|   /_/ \_\ |_|_\   |_|   |___| |___/ 

Failed to pay when user hasn't login yet(transaction;failed-to-pay-when-user-hasn-t-login-yet)
--------------------------------------------------------------------------------
10:41:31.191 [main] DEBUG net.thucydides.core.steps.StepInterceptor - STARTING STEP: CategorySteps.goToHomePage - openPage
10:41:31.245 [main] INFO net.serenitybdd.core.webdriver.driverproviders.ChromeDriverProvider - Starting Chrome driver instance with capabilities:
10:41:31.245 [main] INFO net.serenitybdd.core.webdriver.driverproviders.ChromeDriverProvider - Capabilities {acceptInsecureCerts: false, browserName: chrome, goog:chromeOptions: {args: [remote-allow-origins=*], extensions: []}}
10:41:31.305 [AsyncHttpClient-1-1] DEBUG org.asynchttpclient.netty.channel.DefaultChannelPool - Entry count for : http://localhost:55703 : 1
10:41:31.305 [AsyncHttpClient-1-1] DEBUG org.asynchttpclient.netty.channel.DefaultChannelPool - Entry count for : http://localhost:6333 : 1
10:41:31.305 [AsyncHttpClient-1-1] DEBUG org.asynchttpclient.netty.channel.DefaultChannelPool - Adding Candidate expired Channel [id: 0x6397539d, L:/127.0.0.1:55709 ! R:localhost/127.0.0.1:55703] isIdleTimeoutExpired=false isRemotelyClosed=true isTtlExpired=false
10:41:31.305 [AsyncHttpClient-1-1] DEBUG org.asynchttpclient.netty.channel.DefaultChannelPool - Closing Idle Channel [id: 0x6397539d, L:/127.0.0.1:55709 ! R:localhost/127.0.0.1:55703]
10:41:31.305 [AsyncHttpClient-1-1] DEBUG org.asynchttpclient.netty.channel.DefaultChannelPool - Adding Candidate expired Channel [id: 0xee288873, L:/127.0.0.1:55702 ! R:localhost/127.0.0.1:6333] isIdleTimeoutExpired=false isRemotelyClosed=true isTtlExpired=false
10:41:31.305 [AsyncHttpClient-1-1] DEBUG org.asynchttpclient.netty.channel.DefaultChannelPool - Closing Idle Channel [id: 0xee288873, L:/127.0.0.1:55702 ! R:localhost/127.0.0.1:6333]
10:41:31.305 [AsyncHttpClient-1-1] DEBUG org.asynchttpclient.netty.channel.DefaultChannelPool - Closed 2 connections out of 2 in 0 ms
10:41:31.309 [AsyncHttpClient-1-18] DEBUG org.asynchttpclient.netty.channel.NettyConnectListener - Using new Channel '[id: 0x98171bf7, L:/127.0.0.1:55732 - R:localhost/127.0.0.1:38508]' for 'POST' to '/session'
10:41:31.956 [AsyncHttpClient-1-18] DEBUG org.asynchttpclient.netty.handler.HttpHandler - 

Request DefaultHttpRequest(decodeResult: success, version: HTTP/1.1)
POST /session HTTP/1.1
User-Agent: selenium/4.8.1 (java windows)
Content-Length: 507
Content-Type: application/json; charset=utf-8
host: localhost:38508
accept: */*

Response DefaultHttpResponse(decodeResult: success, version: HTTP/1.1)
HTTP/1.1 200 OK
Content-Length: 863
Content-Type: application/json; charset=utf-8
cache-control: no-cache

10:41:31.956 [AsyncHttpClient-1-18] DEBUG org.asynchttpclient.netty.channel.ChannelManager - Adding key: http://localhost:38508 for channel [id: 0x98171bf7, L:/127.0.0.1:55732 - R:localhost/127.0.0.1:38508]
10:41:31.960 [AsyncHttpClient-1-19] DEBUG org.asynchttpclient.netty.channel.NettyConnectListener - Using new Channel '[id: 0xc390a53d, L:/127.0.0.1:55740 - R:localhost/127.0.0.1:55734]' for 'GET' to '/json/version'
10:41:31.960 [AsyncHttpClient-1-19] DEBUG org.asynchttpclient.netty.handler.HttpHandler - 

Request DefaultFullHttpRequest(decodeResult: success, version: HTTP/1.1, content: EmptyByteBufBE)
GET /json/version HTTP/1.1
User-Agent: selenium/4.8.1 (java windows)
host: localhost:55734
accept: */*

Response DefaultHttpResponse(decodeResult: success, version: HTTP/1.1)
HTTP/1.1 200 OK
Content-Security-Policy: frame-ancestors 'none'
Content-Length: 424
Content-Type: application/json; charset=UTF-8

10:41:31.960 [AsyncHttpClient-1-19] DEBUG org.asynchttpclient.netty.channel.ChannelManager - Adding key: http://localhost:55734 for channel [id: 0xc390a53d, L:/127.0.0.1:55740 - R:localhost/127.0.0.1:55734]
10:41:31.961 [AsyncHttpClient-1-20] DEBUG org.asynchttpclient.netty.channel.NettyConnectListener - Using new Channel '[id: 0x38eb9768, L:/127.0.0.1:55741 - R:localhost/127.0.0.1:55734]' for 'GET' to '/devtools/browser/6243178d-7585-449e-8043-f8b274711e6f'
10:41:31.962 [AsyncHttpClient-1-20] DEBUG org.asynchttpclient.netty.handler.WebSocketHandler - 

Request DefaultFullHttpRequest(decodeResult: success, version: HTTP/1.1, content: EmptyByteBufBE)
GET /devtools/browser/6243178d-7585-449e-8043-f8b274711e6f HTTP/1.1
upgrade: websocket
connection: upgrade
sec-websocket-key: NV10WhYOPOsm9U/XfiXlLQ==
sec-websocket-version: 13
origin: http://localhost:55734
host: localhost:55734
accept: */*
user-agent: AHC/2.1

Response DefaultHttpResponse(decodeResult: success, version: HTTP/1.1)
HTTP/1.1 101 WebSocket Protocol Handshake
Upgrade: WebSocket
Connection: Upgrade
Sec-WebSocket-Accept: ifiEC7SHiU4mW7Ut2HaERYLGfTM=

10:41:31.965 [Forwarding get on session 29f775b0944de17763e4103a8f329cb7 to remote] DEBUG org.asynchttpclient.netty.request.NettyRequestSender - Using pooled Channel '[id: 0x98171bf7, L:/127.0.0.1:55732 - R:localhost/127.0.0.1:38508]' for 'POST' to 'http://localhost:38508/session/29f775b0944de17763e4103a8f329cb7/url'
10:41:31.965 [Forwarding get on session 29f775b0944de17763e4103a8f329cb7 to remote] DEBUG org.asynchttpclient.netty.request.NettyRequestSender - Using open Channel [id: 0x98171bf7, L:/127.0.0.1:55732 - R:localhost/127.0.0.1:38508] for POST '/session/29f775b0944de17763e4103a8f329cb7/url'
10:41:32.398 [AsyncHttpClient-1-1] DEBUG org.asynchttpclient.netty.channel.DefaultChannelPool - Entry count for : http://localhost:55734 : 1
10:41:32.726 [AsyncHttpClient-1-18] DEBUG org.asynchttpclient.netty.handler.HttpHandler - 

Request DefaultHttpRequest(decodeResult: success, version: HTTP/1.1)
POST /session/29f775b0944de17763e4103a8f329cb7/url HTTP/1.1
User-Agent: selenium/4.8.1 (java windows)
Content-Length: 74
Content-Type: application/json; charset=utf-8
host: localhost:38508
accept: */*

Response DefaultHttpResponse(decodeResult: success, version: HTTP/1.1)
HTTP/1.1 200 OK
Content-Length: 14
Content-Type: application/json; charset=utf-8
cache-control: no-cache

10:41:32.727 [AsyncHttpClient-1-18] DEBUG org.asynchttpclient.netty.channel.ChannelManager - Adding key: http://localhost:38508 for channel [id: 0x98171bf7, L:/127.0.0.1:55732 - R:localhost/127.0.0.1:38508]
10:41:32.727 [Forwarding setTimeout on session 29f775b0944de17763e4103a8f329cb7 to remote] DEBUG org.asynchttpclient.netty.request.NettyRequestSender - Using pooled Channel '[id: 0x98171bf7, L:/127.0.0.1:55732 - R:localhost/127.0.0.1:38508]' for 'POST' to 'http://localhost:38508/session/29f775b0944de17763e4103a8f329cb7/timeouts'
10:41:32.727 [Forwarding setTimeout on session 29f775b0944de17763e4103a8f329cb7 to remote] DEBUG org.asynchttpclient.netty.request.NettyRequestSender - Using open Channel [id: 0x98171bf7, L:/127.0.0.1:55732 - R:localhost/127.0.0.1:38508] for POST '/session/29f775b0944de17763e4103a8f329cb7/timeouts'
10:41:32.728 [AsyncHttpClient-1-18] DEBUG org.asynchttpclient.netty.handler.HttpHandler - 

Request DefaultHttpRequest(decodeResult: success, version: HTTP/1.1)
POST /session/29f775b0944de17763e4103a8f329cb7/timeouts HTTP/1.1
User-Agent: selenium/4.8.1 (java windows)
Content-Length: 22
Content-Type: application/json; charset=utf-8
host: localhost:38508
accept: */*

Response DefaultHttpResponse(decodeResult: success, version: HTTP/1.1)
HTTP/1.1 200 OK
Content-Length: 14
Content-Type: application/json; charset=utf-8
cache-control: no-cache

10:41:32.728 [AsyncHttpClient-1-18] DEBUG org.asynchttpclient.netty.channel.ChannelManager - Adding key: http://localhost:38508 for channel [id: 0x98171bf7, L:/127.0.0.1:55732 - R:localhost/127.0.0.1:38508]
10:41:32.731 [Forwarding getAlertText on session 29f775b0944de17763e4103a8f329cb7 to remote] DEBUG org.asynchttpclient.netty.request.NettyRequestSender - Using pooled Channel '[id: 0x98171bf7, L:/127.0.0.1:55732 - R:localhost/127.0.0.1:38508]' for 'GET' to 'http://localhost:38508/session/29f775b0944de17763e4103a8f329cb7/alert/text'
10:41:32.731 [Forwarding getAlertText on session 29f775b0944de17763e4103a8f329cb7 to remote] DEBUG org.asynchttpclient.netty.request.NettyRequestSender - Using open Channel [id: 0x98171bf7, L:/127.0.0.1:55732 - R:localhost/127.0.0.1:38508] for GET '/session/29f775b0944de17763e4103a8f329cb7/alert/text'
10:41:32.733 [AsyncHttpClient-1-18] DEBUG org.asynchttpclient.netty.handler.HttpHandler - 

Request DefaultFullHttpRequest(decodeResult: success, version: HTTP/1.1, content: EmptyByteBufBE)
GET /session/29f775b0944de17763e4103a8f329cb7/alert/text HTTP/1.1
User-Agent: selenium/4.8.1 (java windows)
Cache-Control: no-cache
Content-Type: application/json; charset=utf-8
host: localhost:38508
accept: */*

Response DefaultHttpResponse(decodeResult: success, version: HTTP/1.1)
HTTP/1.1 404 Not Found
Content-Length: 836
Content-Type: application/json; charset=utf-8
cache-control: no-cache

10:41:32.733 [AsyncHttpClient-1-18] DEBUG org.asynchttpclient.netty.channel.ChannelManager - Adding key: http://localhost:38508 for channel [id: 0x98171bf7, L:/127.0.0.1:55732 - R:localhost/127.0.0.1:38508]
10:41:32.734 [Forwarding getCurrentUrl on session 29f775b0944de17763e4103a8f329cb7 to remote] DEBUG org.asynchttpclient.netty.request.NettyRequestSender - Using pooled Channel '[id: 0x98171bf7, L:/127.0.0.1:55732 - R:localhost/127.0.0.1:38508]' for 'GET' to 'http://localhost:38508/session/29f775b0944de17763e4103a8f329cb7/url'
10:41:32.734 [Forwarding getCurrentUrl on session 29f775b0944de17763e4103a8f329cb7 to remote] DEBUG org.asynchttpclient.netty.request.NettyRequestSender - Using open Channel [id: 0x98171bf7, L:/127.0.0.1:55732 - R:localhost/127.0.0.1:38508] for GET '/session/29f775b0944de17763e4103a8f329cb7/url'
10:41:32.738 [AsyncHttpClient-1-18] DEBUG org.asynchttpclient.netty.handler.HttpHandler - 

Request DefaultFullHttpRequest(decodeResult: success, version: HTTP/1.1, content: EmptyByteBufBE)
GET /session/29f775b0944de17763e4103a8f329cb7/url HTTP/1.1
User-Agent: selenium/4.8.1 (java windows)
Cache-Control: no-cache
Content-Type: application/json; charset=utf-8
host: localhost:38508
accept: */*

Response DefaultHttpResponse(decodeResult: success, version: HTTP/1.1)
HTTP/1.1 200 OK
Content-Length: 51
Content-Type: application/json; charset=utf-8
cache-control: no-cache

10:41:32.738 [AsyncHttpClient-1-18] DEBUG org.asynchttpclient.netty.channel.ChannelManager - Adding key: http://localhost:38508 for channel [id: 0x98171bf7, L:/127.0.0.1:55732 - R:localhost/127.0.0.1:38508]
10:41:32.739 [Forwarding screenshot on session 29f775b0944de17763e4103a8f329cb7 to remote] DEBUG org.asynchttpclient.netty.request.NettyRequestSender - Using pooled Channel '[id: 0x98171bf7, L:/127.0.0.1:55732 - R:localhost/127.0.0.1:38508]' for 'GET' to 'http://localhost:38508/session/29f775b0944de17763e4103a8f329cb7/screenshot'
10:41:32.739 [Forwarding screenshot on session 29f775b0944de17763e4103a8f329cb7 to remote] DEBUG org.asynchttpclient.netty.request.NettyRequestSender - Using open Channel [id: 0x98171bf7, L:/127.0.0.1:55732 - R:localhost/127.0.0.1:38508] for GET '/session/29f775b0944de17763e4103a8f329cb7/screenshot'
10:41:32.826 [AsyncHttpClient-1-18] DEBUG org.asynchttpclient.netty.handler.HttpHandler - 

Request DefaultFullHttpRequest(decodeResult: success, version: HTTP/1.1, content: EmptyByteBufBE)
GET /session/29f775b0944de17763e4103a8f329cb7/screenshot HTTP/1.1
User-Agent: selenium/4.8.1 (java windows)
Cache-Control: no-cache
Content-Type: application/json; charset=utf-8
host: localhost:38508
accept: */*

Response DefaultHttpResponse(decodeResult: success, version: HTTP/1.1)
HTTP/1.1 200 OK
Content-Length: 25208
Content-Type: application/json; charset=utf-8
cache-control: no-cache

10:41:32.826 [AsyncHttpClient-1-18] DEBUG org.asynchttpclient.netty.channel.ChannelManager - Adding key: http://localhost:38508 for channel [id: 0x98171bf7, L:/127.0.0.1:55732 - R:localhost/127.0.0.1:38508]
10:41:32.827 [main] DEBUG net.serenitybdd.core.photography.Darkroom - Send negative for processing for target\site\serenity\edb14d4aab401efa0e4fb99861e6ffcafebc86a67b69f7828890b9910ed2ddbd.png
10:41:32.827 [main] DEBUG net.thucydides.core.steps.StepInterceptor - STEP DONE: openPage
10:41:32.831 [Forwarding getPageSource on session 29f775b0944de17763e4103a8f329cb7 to remote] DEBUG org.asynchttpclient.netty.request.NettyRequestSender - Using pooled Channel '[id: 0x98171bf7, L:/127.0.0.1:55732 - R:localhost/127.0.0.1:38508]' for 'POST' to 'http://localhost:38508/session/29f775b0944de17763e4103a8f329cb7/execute/sync'
10:41:32.831 [Forwarding getPageSource on session 29f775b0944de17763e4103a8f329cb7 to remote] DEBUG org.asynchttpclient.netty.request.NettyRequestSender - Using open Channel [id: 0x98171bf7, L:/127.0.0.1:55732 - R:localhost/127.0.0.1:38508] for POST '/session/29f775b0944de17763e4103a8f329cb7/execute/sync'
10:41:32.836 [AsyncHttpClient-1-18] DEBUG org.asynchttpclient.netty.handler.HttpHandler - 

Request DefaultHttpRequest(decodeResult: success, version: HTTP/1.1)
POST /session/29f775b0944de17763e4103a8f329cb7/execute/sync HTTP/1.1
User-Agent: selenium/4.8.1 (java windows)
Content-Length: 176
Content-Type: application/json; charset=utf-8
host: localhost:38508
accept: */*

Response DefaultHttpResponse(decodeResult: success, version: HTTP/1.1)
HTTP/1.1 200 OK
Content-Length: 21659
Content-Type: application/json; charset=utf-8
cache-control: no-cache

10:41:32.836 [AsyncHttpClient-1-18] DEBUG org.asynchttpclient.netty.channel.ChannelManager - Adding key: http://localhost:38508 for channel [id: 0x98171bf7, L:/127.0.0.1:55732 - R:localhost/127.0.0.1:38508]
10:41:32.837 [Forwarding getCurrentUrl on session 29f775b0944de17763e4103a8f329cb7 to remote] DEBUG org.asynchttpclient.netty.request.NettyRequestSender - Using pooled Channel '[id: 0x98171bf7, L:/127.0.0.1:55732 - R:localhost/127.0.0.1:38508]' for 'GET' to 'http://localhost:38508/session/29f775b0944de17763e4103a8f329cb7/url'
10:41:32.837 [Forwarding getCurrentUrl on session 29f775b0944de17763e4103a8f329cb7 to remote] DEBUG org.asynchttpclient.netty.request.NettyRequestSender - Using open Channel [id: 0x98171bf7, L:/127.0.0.1:55732 - R:localhost/127.0.0.1:38508] for GET '/session/29f775b0944de17763e4103a8f329cb7/url'
10:41:32.840 [AsyncHttpClient-1-18] DEBUG org.asynchttpclient.netty.handler.HttpHandler - 

Request DefaultFullHttpRequest(decodeResult: success, version: HTTP/1.1, content: EmptyByteBufBE)
GET /session/29f775b0944de17763e4103a8f329cb7/url HTTP/1.1
User-Agent: selenium/4.8.1 (java windows)
Cache-Control: no-cache
Content-Type: application/json; charset=utf-8
host: localhost:38508
accept: */*

Response DefaultHttpResponse(decodeResult: success, version: HTTP/1.1)
HTTP/1.1 200 OK
Content-Length: 51
Content-Type: application/json; charset=utf-8
cache-control: no-cache

10:41:32.840 [AsyncHttpClient-1-18] DEBUG org.asynchttpclient.netty.channel.ChannelManager - Adding key: http://localhost:38508 for channel [id: 0x98171bf7, L:/127.0.0.1:55732 - R:localhost/127.0.0.1:38508]
10:41:32.841 [main] DEBUG net.thucydides.core.steps.StepInterceptor - STARTING STEP: CategorySteps.goToHomePage - clickToolbarTitle
10:41:32.843 [Forwarding findElement on session 29f775b0944de17763e4103a8f329cb7 to remote] DEBUG org.asynchttpclient.netty.request.NettyRequestSender - Using pooled Channel '[id: 0x98171bf7, L:/127.0.0.1:55732 - R:localhost/127.0.0.1:38508]' for 'POST' to 'http://localhost:38508/session/29f775b0944de17763e4103a8f329cb7/element'
10:41:32.843 [Forwarding findElement on session 29f775b0944de17763e4103a8f329cb7 to remote] DEBUG org.asynchttpclient.netty.request.NettyRequestSender - Using open Channel [id: 0x98171bf7, L:/127.0.0.1:55732 - R:localhost/127.0.0.1:38508] for POST '/session/29f775b0944de17763e4103a8f329cb7/element'
10:41:32.851 [AsyncHttpClient-1-18] DEBUG org.asynchttpclient.netty.handler.HttpHandler - 

Request DefaultHttpRequest(decodeResult: success, version: HTTP/1.1)
POST /session/29f775b0944de17763e4103a8f329cb7/element HTTP/1.1
User-Agent: selenium/4.8.1 (java windows)
Content-Length: 63
Content-Type: application/json; charset=utf-8
host: localhost:38508
accept: */*

Response DefaultHttpResponse(decodeResult: success, version: HTTP/1.1)
HTTP/1.1 200 OK
Content-Length: 88
Content-Type: application/json; charset=utf-8
cache-control: no-cache

10:41:32.851 [AsyncHttpClient-1-18] DEBUG org.asynchttpclient.netty.channel.ChannelManager - Adding key: http://localhost:38508 for channel [id: 0x98171bf7, L:/127.0.0.1:55732 - R:localhost/127.0.0.1:38508]
10:41:32.852 [Forwarding getElementTagName on session 29f775b0944de17763e4103a8f329cb7 to remote] DEBUG org.asynchttpclient.netty.request.NettyRequestSender - Using pooled Channel '[id: 0x98171bf7, L:/127.0.0.1:55732 - R:localhost/127.0.0.1:38508]' for 'GET' to 'http://localhost:38508/session/29f775b0944de17763e4103a8f329cb7/element/8d75ce56-d225-4a9c-8285-38824838f450/name'
10:41:32.852 [Forwarding getElementTagName on session 29f775b0944de17763e4103a8f329cb7 to remote] DEBUG org.asynchttpclient.netty.request.NettyRequestSender - Using open Channel [id: 0x98171bf7, L:/127.0.0.1:55732 - R:localhost/127.0.0.1:38508] for GET '/session/29f775b0944de17763e4103a8f329cb7/element/8d75ce56-d225-4a9c-8285-38824838f450/name'
10:41:32.854 [AsyncHttpClient-1-18] DEBUG org.asynchttpclient.netty.handler.HttpHandler - 

Request DefaultFullHttpRequest(decodeResult: success, version: HTTP/1.1, content: EmptyByteBufBE)
GET /session/29f775b0944de17763e4103a8f329cb7/element/8d75ce56-d225-4a9c-8285-38824838f450/name HTTP/1.1
User-Agent: selenium/4.8.1 (java windows)
Cache-Control: no-cache
Content-Type: application/json; charset=utf-8
host: localhost:38508
accept: */*

Response DefaultHttpResponse(decodeResult: success, version: HTTP/1.1)
HTTP/1.1 200 OK
Content-Length: 15
Content-Type: application/json; charset=utf-8
cache-control: no-cache

10:41:32.855 [AsyncHttpClient-1-18] DEBUG org.asynchttpclient.netty.channel.ChannelManager - Adding key: http://localhost:38508 for channel [id: 0x98171bf7, L:/127.0.0.1:55732 - R:localhost/127.0.0.1:38508]
10:41:32.855 [Forwarding getElementTagName on session 29f775b0944de17763e4103a8f329cb7 to remote] DEBUG org.asynchttpclient.netty.request.NettyRequestSender - Using pooled Channel '[id: 0x98171bf7, L:/127.0.0.1:55732 - R:localhost/127.0.0.1:38508]' for 'GET' to 'http://localhost:38508/session/29f775b0944de17763e4103a8f329cb7/element/8d75ce56-d225-4a9c-8285-38824838f450/name'
10:41:32.855 [Forwarding getElementTagName on session 29f775b0944de17763e4103a8f329cb7 to remote] DEBUG org.asynchttpclient.netty.request.NettyRequestSender - Using open Channel [id: 0x98171bf7, L:/127.0.0.1:55732 - R:localhost/127.0.0.1:38508] for GET '/session/29f775b0944de17763e4103a8f329cb7/element/8d75ce56-d225-4a9c-8285-38824838f450/name'
10:41:32.858 [AsyncHttpClient-1-18] DEBUG org.asynchttpclient.netty.handler.HttpHandler - 

Request DefaultFullHttpRequest(decodeResult: success, version: HTTP/1.1, content: EmptyByteBufBE)
GET /session/29f775b0944de17763e4103a8f329cb7/element/8d75ce56-d225-4a9c-8285-38824838f450/name HTTP/1.1
User-Agent: selenium/4.8.1 (java windows)
Cache-Control: no-cache
Content-Type: application/json; charset=utf-8
host: localhost:38508
accept: */*

Response DefaultHttpResponse(decodeResult: success, version: HTTP/1.1)
HTTP/1.1 200 OK
Content-Length: 15
Content-Type: application/json; charset=utf-8
cache-control: no-cache

10:41:32.858 [AsyncHttpClient-1-18] DEBUG org.asynchttpclient.netty.channel.ChannelManager - Adding key: http://localhost:38508 for channel [id: 0x98171bf7, L:/127.0.0.1:55732 - R:localhost/127.0.0.1:38508]
10:41:32.859 [Forwarding findElement on session 29f775b0944de17763e4103a8f329cb7 to remote] DEBUG org.asynchttpclient.netty.request.NettyRequestSender - Using pooled Channel '[id: 0x98171bf7, L:/127.0.0.1:55732 - R:localhost/127.0.0.1:38508]' for 'POST' to 'http://localhost:38508/session/29f775b0944de17763e4103a8f329cb7/element'
10:41:32.859 [Forwarding findElement on session 29f775b0944de17763e4103a8f329cb7 to remote] DEBUG org.asynchttpclient.netty.request.NettyRequestSender - Using open Channel [id: 0x98171bf7, L:/127.0.0.1:55732 - R:localhost/127.0.0.1:38508] for POST '/session/29f775b0944de17763e4103a8f329cb7/element'
10:41:32.863 [AsyncHttpClient-1-18] DEBUG org.asynchttpclient.netty.handler.HttpHandler - 

Request DefaultHttpRequest(decodeResult: success, version: HTTP/1.1)
POST /session/29f775b0944de17763e4103a8f329cb7/element HTTP/1.1
User-Agent: selenium/4.8.1 (java windows)
Content-Length: 63
Content-Type: application/json; charset=utf-8
host: localhost:38508
accept: */*

Response DefaultHttpResponse(decodeResult: success, version: HTTP/1.1)
HTTP/1.1 200 OK
Content-Length: 88
Content-Type: application/json; charset=utf-8
cache-control: no-cache

10:41:32.863 [AsyncHttpClient-1-18] DEBUG org.asynchttpclient.netty.channel.ChannelManager - Adding key: http://localhost:38508 for channel [id: 0x98171bf7, L:/127.0.0.1:55732 - R:localhost/127.0.0.1:38508]
10:41:32.864 [Forwarding clickElement on session 29f775b0944de17763e4103a8f329cb7 to remote] DEBUG org.asynchttpclient.netty.request.NettyRequestSender - Using pooled Channel '[id: 0x98171bf7, L:/127.0.0.1:55732 - R:localhost/127.0.0.1:38508]' for 'POST' to 'http://localhost:38508/session/29f775b0944de17763e4103a8f329cb7/element/8d75ce56-d225-4a9c-8285-38824838f450/click'
10:41:32.864 [Forwarding clickElement on session 29f775b0944de17763e4103a8f329cb7 to remote] DEBUG org.asynchttpclient.netty.request.NettyRequestSender - Using open Channel [id: 0x98171bf7, L:/127.0.0.1:55732 - R:localhost/127.0.0.1:38508] for POST '/session/29f775b0944de17763e4103a8f329cb7/element/8d75ce56-d225-4a9c-8285-38824838f450/click'
10:41:32.914 [AsyncHttpClient-1-18] DEBUG org.asynchttpclient.netty.handler.HttpHandler - 

Request DefaultHttpRequest(decodeResult: success, version: HTTP/1.1)
POST /session/29f775b0944de17763e4103a8f329cb7/element/8d75ce56-d225-4a9c-8285-38824838f450/click HTTP/1.1
User-Agent: selenium/4.8.1 (java windows)
Content-Length: 50
Content-Type: application/json; charset=utf-8
host: localhost:38508
accept: */*

Response DefaultHttpResponse(decodeResult: success, version: HTTP/1.1)
HTTP/1.1 200 OK
Content-Length: 14
Content-Type: application/json; charset=utf-8
cache-control: no-cache

10:41:32.914 [AsyncHttpClient-1-18] DEBUG org.asynchttpclient.netty.channel.ChannelManager - Adding key: http://localhost:38508 for channel [id: 0x98171bf7, L:/127.0.0.1:55732 - R:localhost/127.0.0.1:38508]
10:41:32.918 [Forwarding getAlertText on session 29f775b0944de17763e4103a8f329cb7 to remote] DEBUG org.asynchttpclient.netty.request.NettyRequestSender - Using pooled Channel '[id: 0x98171bf7, L:/127.0.0.1:55732 - R:localhost/127.0.0.1:38508]' for 'GET' to 'http://localhost:38508/session/29f775b0944de17763e4103a8f329cb7/alert/text'
10:41:32.918 [Forwarding getAlertText on session 29f775b0944de17763e4103a8f329cb7 to remote] DEBUG org.asynchttpclient.netty.request.NettyRequestSender - Using open Channel [id: 0x98171bf7, L:/127.0.0.1:55732 - R:localhost/127.0.0.1:38508] for GET '/session/29f775b0944de17763e4103a8f329cb7/alert/text'
10:41:32.921 [AsyncHttpClient-1-18] DEBUG org.asynchttpclient.netty.handler.HttpHandler - 

Request DefaultFullHttpRequest(decodeResult: success, version: HTTP/1.1, content: EmptyByteBufBE)
GET /session/29f775b0944de17763e4103a8f329cb7/alert/text HTTP/1.1
User-Agent: selenium/4.8.1 (java windows)
Cache-Control: no-cache
Content-Type: application/json; charset=utf-8
host: localhost:38508
accept: */*

Response DefaultHttpResponse(decodeResult: success, version: HTTP/1.1)
HTTP/1.1 404 Not Found
Content-Length: 836
Content-Type: application/json; charset=utf-8
cache-control: no-cache

10:41:32.921 [AsyncHttpClient-1-18] DEBUG org.asynchttpclient.netty.channel.ChannelManager - Adding key: http://localhost:38508 for channel [id: 0x98171bf7, L:/127.0.0.1:55732 - R:localhost/127.0.0.1:38508]
10:41:32.922 [Forwarding getCurrentUrl on session 29f775b0944de17763e4103a8f329cb7 to remote] DEBUG org.asynchttpclient.netty.request.NettyRequestSender - Using pooled Channel '[id: 0x98171bf7, L:/127.0.0.1:55732 - R:localhost/127.0.0.1:38508]' for 'GET' to 'http://localhost:38508/session/29f775b0944de17763e4103a8f329cb7/url'
10:41:32.922 [Forwarding getCurrentUrl on session 29f775b0944de17763e4103a8f329cb7 to remote] DEBUG org.asynchttpclient.netty.request.NettyRequestSender - Using open Channel [id: 0x98171bf7, L:/127.0.0.1:55732 - R:localhost/127.0.0.1:38508] for GET '/session/29f775b0944de17763e4103a8f329cb7/url'
10:41:32.925 [AsyncHttpClient-1-18] DEBUG org.asynchttpclient.netty.handler.HttpHandler - 

Request DefaultFullHttpRequest(decodeResult: success, version: HTTP/1.1, content: EmptyByteBufBE)
GET /session/29f775b0944de17763e4103a8f329cb7/url HTTP/1.1
User-Agent: selenium/4.8.1 (java windows)
Cache-Control: no-cache
Content-Type: application/json; charset=utf-8
host: localhost:38508
accept: */*

Response DefaultHttpResponse(decodeResult: success, version: HTTP/1.1)
HTTP/1.1 200 OK
Content-Length: 41
Content-Type: application/json; charset=utf-8
cache-control: no-cache

10:41:32.925 [AsyncHttpClient-1-18] DEBUG org.asynchttpclient.netty.channel.ChannelManager - Adding key: http://localhost:38508 for channel [id: 0x98171bf7, L:/127.0.0.1:55732 - R:localhost/127.0.0.1:38508]
10:41:32.926 [Forwarding screenshot on session 29f775b0944de17763e4103a8f329cb7 to remote] DEBUG org.asynchttpclient.netty.request.NettyRequestSender - Using pooled Channel '[id: 0x98171bf7, L:/127.0.0.1:55732 - R:localhost/127.0.0.1:38508]' for 'GET' to 'http://localhost:38508/session/29f775b0944de17763e4103a8f329cb7/screenshot'
10:41:32.926 [Forwarding screenshot on session 29f775b0944de17763e4103a8f329cb7 to remote] DEBUG org.asynchttpclient.netty.request.NettyRequestSender - Using open Channel [id: 0x98171bf7, L:/127.0.0.1:55732 - R:localhost/127.0.0.1:38508] for GET '/session/29f775b0944de17763e4103a8f329cb7/screenshot'
10:41:33.124 [AsyncHttpClient-1-18] DEBUG org.asynchttpclient.netty.handler.HttpHandler - 

Request DefaultFullHttpRequest(decodeResult: success, version: HTTP/1.1, content: EmptyByteBufBE)
GET /session/29f775b0944de17763e4103a8f329cb7/screenshot HTTP/1.1
User-Agent: selenium/4.8.1 (java windows)
Cache-Control: no-cache
Content-Type: application/json; charset=utf-8
host: localhost:38508
accept: */*

Response DefaultHttpResponse(decodeResult: success, version: HTTP/1.1)
HTTP/1.1 200 OK
Content-Length: 27720
Content-Type: application/json; charset=utf-8
cache-control: no-cache

10:41:33.124 [AsyncHttpClient-1-18] DEBUG org.asynchttpclient.netty.channel.ChannelManager - Adding key: http://localhost:38508 for channel [id: 0x98171bf7, L:/127.0.0.1:55732 - R:localhost/127.0.0.1:38508]
10:41:33.125 [main] DEBUG net.serenitybdd.core.photography.Darkroom - Send negative for processing for target\site\serenity\c56065594f55cdd448e4fae74b868bbe8be7f376520481bc48b14950f779d146.png
10:41:33.125 [main] DEBUG net.thucydides.core.steps.StepInterceptor - STEP DONE: clickToolbarTitle
  &amp#27;[32mGiven &amp#27;[0m&amp#27;[32mI go to the alta shop home page&amp#27;[0m            &amp#27;[90m# starter.stepdefinitions.CategorySteps.goToHomePage()&amp#27;[0m
10:41:33.125 [Darkroom Processing Line] DEBUG net.serenitybdd.core.photography.DarkroomProcessingLine - Processing screenshot image in /var/screenshots/screenshot-121670977491141692
10:41:33.125 [Darkroom Processing Line] DEBUG net.serenitybdd.core.photography.DarkroomProcessingLine - Saving screenshot to target\site\serenity\c56065594f55cdd448e4fae74b868bbe8be7f376520481bc48b14950f779d146.png
10:41:33.131 [Forwarding getPageSource on session 29f775b0944de17763e4103a8f329cb7 to remote] DEBUG org.asynchttpclient.netty.request.NettyRequestSender - Using pooled Channel '[id: 0x98171bf7, L:/127.0.0.1:55732 - R:localhost/127.0.0.1:38508]' for 'POST' to 'http://localhost:38508/session/29f775b0944de17763e4103a8f329cb7/execute/sync'
10:41:33.131 [Forwarding getPageSource on session 29f775b0944de17763e4103a8f329cb7 to remote] DEBUG org.asynchttpclient.netty.request.NettyRequestSender - Using open Channel [id: 0x98171bf7, L:/127.0.0.1:55732 - R:localhost/127.0.0.1:38508] for POST '/session/29f775b0944de17763e4103a8f329cb7/execute/sync'
10:41:33.135 [AsyncHttpClient-1-18] DEBUG org.asynchttpclient.netty.handler.HttpHandler - 

Request DefaultHttpRequest(decodeResult: success, version: HTTP/1.1)
POST /session/29f775b0944de17763e4103a8f329cb7/execute/sync HTTP/1.1
User-Agent: selenium/4.8.1 (java windows)
Content-Length: 176
Content-Type: application/json; charset=utf-8
host: localhost:38508
accept: */*

Response DefaultHttpResponse(decodeResult: success, version: HTTP/1.1)
HTTP/1.1 200 OK
Content-Length: 28688
Content-Type: application/json; charset=utf-8
cache-control: no-cache

10:41:33.135 [AsyncHttpClient-1-18] DEBUG org.asynchttpclient.netty.channel.ChannelManager - Adding key: http://localhost:38508 for channel [id: 0x98171bf7, L:/127.0.0.1:55732 - R:localhost/127.0.0.1:38508]
10:41:33.137 [Forwarding getCurrentUrl on session 29f775b0944de17763e4103a8f329cb7 to remote] DEBUG org.asynchttpclient.netty.request.NettyRequestSender - Using pooled Channel '[id: 0x98171bf7, L:/127.0.0.1:55732 - R:localhost/127.0.0.1:38508]' for 'GET' to 'http://localhost:38508/session/29f775b0944de17763e4103a8f329cb7/url'
10:41:33.137 [Forwarding getCurrentUrl on session 29f775b0944de17763e4103a8f329cb7 to remote] DEBUG org.asynchttpclient.netty.request.NettyRequestSender - Using open Channel [id: 0x98171bf7, L:/127.0.0.1:55732 - R:localhost/127.0.0.1:38508] for GET '/session/29f775b0944de17763e4103a8f329cb7/url'
10:41:33.140 [AsyncHttpClient-1-18] DEBUG org.asynchttpclient.netty.handler.HttpHandler - 

Request DefaultFullHttpRequest(decodeResult: success, version: HTTP/1.1, content: EmptyByteBufBE)
GET /session/29f775b0944de17763e4103a8f329cb7/url HTTP/1.1
User-Agent: selenium/4.8.1 (java windows)
Cache-Control: no-cache
Content-Type: application/json; charset=utf-8
host: localhost:38508
accept: */*

Response DefaultHttpResponse(decodeResult: success, version: HTTP/1.1)
HTTP/1.1 200 OK
Content-Length: 41
Content-Type: application/json; charset=utf-8
cache-control: no-cache

10:41:33.140 [AsyncHttpClient-1-18] DEBUG org.asynchttpclient.netty.channel.ChannelManager - Adding key: http://localhost:38508 for channel [id: 0x98171bf7, L:/127.0.0.1:55732 - R:localhost/127.0.0.1:38508]
10:41:33.156 [Forwarding getPageSource on session 29f775b0944de17763e4103a8f329cb7 to remote] DEBUG org.asynchttpclient.netty.request.NettyRequestSender - Using pooled Channel '[id: 0x98171bf7, L:/127.0.0.1:55732 - R:localhost/127.0.0.1:38508]' for 'POST' to 'http://localhost:38508/session/29f775b0944de17763e4103a8f329cb7/execute/sync'
10:41:33.156 [Forwarding getPageSource on session 29f775b0944de17763e4103a8f329cb7 to remote] DEBUG org.asynchttpclient.netty.request.NettyRequestSender - Using open Channel [id: 0x98171bf7, L:/127.0.0.1:55732 - R:localhost/127.0.0.1:38508] for POST '/session/29f775b0944de17763e4103a8f329cb7/execute/sync'
10:41:33.160 [AsyncHttpClient-1-18] DEBUG org.asynchttpclient.netty.handler.HttpHandler - 

Request DefaultHttpRequest(decodeResult: success, version: HTTP/1.1)
POST /session/29f775b0944de17763e4103a8f329cb7/execute/sync HTTP/1.1
User-Agent: selenium/4.8.1 (java windows)
Content-Length: 176
Content-Type: application/json; charset=utf-8
host: localhost:38508
accept: */*

Response DefaultHttpResponse(decodeResult: success, version: HTTP/1.1)
HTTP/1.1 200 OK
Content-Length: 28688
Content-Type: application/json; charset=utf-8
cache-control: no-cache

10:41:33.160 [AsyncHttpClient-1-18] DEBUG org.asynchttpclient.netty.channel.ChannelManager - Adding key: http://localhost:38508 for channel [id: 0x98171bf7, L:/127.0.0.1:55732 - R:localhost/127.0.0.1:38508]
10:41:33.162 [Forwarding getCurrentUrl on session 29f775b0944de17763e4103a8f329cb7 to remote] DEBUG org.asynchttpclient.netty.request.NettyRequestSender - Using pooled Channel '[id: 0x98171bf7, L:/127.0.0.1:55732 - R:localhost/127.0.0.1:38508]' for 'GET' to 'http://localhost:38508/session/29f775b0944de17763e4103a8f329cb7/url'
10:41:33.162 [Forwarding getCurrentUrl on session 29f775b0944de17763e4103a8f329cb7 to remote] DEBUG org.asynchttpclient.netty.request.NettyRequestSender - Using open Channel [id: 0x98171bf7, L:/127.0.0.1:55732 - R:localhost/127.0.0.1:38508] for GET '/session/29f775b0944de17763e4103a8f329cb7/url'
10:41:33.165 [AsyncHttpClient-1-18] DEBUG org.asynchttpclient.netty.handler.HttpHandler - 

Request DefaultFullHttpRequest(decodeResult: success, version: HTTP/1.1, content: EmptyByteBufBE)
GET /session/29f775b0944de17763e4103a8f329cb7/url HTTP/1.1
User-Agent: selenium/4.8.1 (java windows)
Cache-Control: no-cache
Content-Type: application/json; charset=utf-8
host: localhost:38508
accept: */*

Response DefaultHttpResponse(decodeResult: success, version: HTTP/1.1)
HTTP/1.1 200 OK
Content-Length: 41
Content-Type: application/json; charset=utf-8
cache-control: no-cache

10:41:33.165 [AsyncHttpClient-1-18] DEBUG org.asynchttpclient.netty.channel.ChannelManager - Adding key: http://localhost:38508 for channel [id: 0x98171bf7, L:/127.0.0.1:55732 - R:localhost/127.0.0.1:38508]
10:41:33.167 [main] DEBUG net.thucydides.core.steps.StepInterceptor - STARTING STEP: ProductSteps.clickBeliButton - clickBeliButton
10:41:33.168 [Forwarding findElement on session 29f775b0944de17763e4103a8f329cb7 to remote] DEBUG org.asynchttpclient.netty.request.NettyRequestSender - Using pooled Channel '[id: 0x98171bf7, L:/127.0.0.1:55732 - R:localhost/127.0.0.1:38508]' for 'POST' to 'http://localhost:38508/session/29f775b0944de17763e4103a8f329cb7/element'
10:41:33.168 [Forwarding findElement on session 29f775b0944de17763e4103a8f329cb7 to remote] DEBUG org.asynchttpclient.netty.request.NettyRequestSender - Using open Channel [id: 0x98171bf7, L:/127.0.0.1:55732 - R:localhost/127.0.0.1:38508] for POST '/session/29f775b0944de17763e4103a8f329cb7/element'
10:41:33.498 [AsyncHttpClient-1-1] DEBUG org.asynchttpclient.netty.channel.DefaultChannelPool - Entry count for : http://localhost:55734 : 1
10:41:33.578 [AsyncHttpClient-1-18] DEBUG org.asynchttpclient.netty.handler.HttpHandler - 

Request DefaultHttpRequest(decodeResult: success, version: HTTP/1.1)
POST /session/29f775b0944de17763e4103a8f329cb7/element HTTP/1.1
User-Agent: selenium/4.8.1 (java windows)
Content-Length: 173
Content-Type: application/json; charset=utf-8
host: localhost:38508
accept: */*

Response DefaultHttpResponse(decodeResult: success, version: HTTP/1.1)
HTTP/1.1 200 OK
Content-Length: 88
Content-Type: application/json; charset=utf-8
cache-control: no-cache

10:41:33.578 [AsyncHttpClient-1-18] DEBUG org.asynchttpclient.netty.channel.ChannelManager - Adding key: http://localhost:38508 for channel [id: 0x98171bf7, L:/127.0.0.1:55732 - R:localhost/127.0.0.1:38508]
10:41:33.579 [Forwarding getElementTagName on session 29f775b0944de17763e4103a8f329cb7 to remote] DEBUG org.asynchttpclient.netty.request.NettyRequestSender - Using pooled Channel '[id: 0x98171bf7, L:/127.0.0.1:55732 - R:localhost/127.0.0.1:38508]' for 'GET' to 'http://localhost:38508/session/29f775b0944de17763e4103a8f329cb7/element/3a097aa0-4048-4f3a-b79b-e76d5ea4c379/name'
10:41:33.579 [Forwarding getElementTagName on session 29f775b0944de17763e4103a8f329cb7 to remote] DEBUG org.asynchttpclient.netty.request.NettyRequestSender - Using open Channel [id: 0x98171bf7, L:/127.0.0.1:55732 - R:localhost/127.0.0.1:38508] for GET '/session/29f775b0944de17763e4103a8f329cb7/element/3a097aa0-4048-4f3a-b79b-e76d5ea4c379/name'
10:41:33.582 [AsyncHttpClient-1-18] DEBUG org.asynchttpclient.netty.handler.HttpHandler - 

Request DefaultFullHttpRequest(decodeResult: success, version: HTTP/1.1, content: EmptyByteBufBE)
GET /session/29f775b0944de17763e4103a8f329cb7/element/3a097aa0-4048-4f3a-b79b-e76d5ea4c379/name HTTP/1.1
User-Agent: selenium/4.8.1 (java windows)
Cache-Control: no-cache
Content-Type: application/json; charset=utf-8
host: localhost:38508
accept: */*

Response DefaultHttpResponse(decodeResult: success, version: HTTP/1.1)
HTTP/1.1 200 OK
Content-Length: 18
Content-Type: application/json; charset=utf-8
cache-control: no-cache

10:41:33.582 [AsyncHttpClient-1-18] DEBUG org.asynchttpclient.netty.channel.ChannelManager - Adding key: http://localhost:38508 for channel [id: 0x98171bf7, L:/127.0.0.1:55732 - R:localhost/127.0.0.1:38508]
10:41:33.583 [Forwarding getElementTagName on session 29f775b0944de17763e4103a8f329cb7 to remote] DEBUG org.asynchttpclient.netty.request.NettyRequestSender - Using pooled Channel '[id: 0x98171bf7, L:/127.0.0.1:55732 - R:localhost/127.0.0.1:38508]' for 'GET' to 'http://localhost:38508/session/29f775b0944de17763e4103a8f329cb7/element/3a097aa0-4048-4f3a-b79b-e76d5ea4c379/name'
10:41:33.583 [Forwarding getElementTagName on session 29f775b0944de17763e4103a8f329cb7 to remote] DEBUG org.asynchttpclient.netty.request.NettyRequestSender - Using open Channel [id: 0x98171bf7, L:/127.0.0.1:55732 - R:localhost/127.0.0.1:38508] for GET '/session/29f775b0944de17763e4103a8f329cb7/element/3a097aa0-4048-4f3a-b79b-e76d5ea4c379/name'
10:41:33.585 [AsyncHttpClient-1-18] DEBUG org.asynchttpclient.netty.handler.HttpHandler - 

Request DefaultFullHttpRequest(decodeResult: success, version: HTTP/1.1, content: EmptyByteBufBE)
GET /session/29f775b0944de17763e4103a8f329cb7/element/3a097aa0-4048-4f3a-b79b-e76d5ea4c379/name HTTP/1.1
User-Agent: selenium/4.8.1 (java windows)
Cache-Control: no-cache
Content-Type: application/json; charset=utf-8
host: localhost:38508
accept: */*

Response DefaultHttpResponse(decodeResult: success, version: HTTP/1.1)
HTTP/1.1 200 OK
Content-Length: 18
Content-Type: application/json; charset=utf-8
cache-control: no-cache

10:41:33.585 [AsyncHttpClient-1-18] DEBUG org.asynchttpclient.netty.channel.ChannelManager - Adding key: http://localhost:38508 for channel [id: 0x98171bf7, L:/127.0.0.1:55732 - R:localhost/127.0.0.1:38508]
10:41:33.586 [Forwarding isElementEnabled on session 29f775b0944de17763e4103a8f329cb7 to remote] DEBUG org.asynchttpclient.netty.request.NettyRequestSender - Using pooled Channel '[id: 0x98171bf7, L:/127.0.0.1:55732 - R:localhost/127.0.0.1:38508]' for 'GET' to 'http://localhost:38508/session/29f775b0944de17763e4103a8f329cb7/element/3a097aa0-4048-4f3a-b79b-e76d5ea4c379/enabled'
10:41:33.586 [Forwarding isElementEnabled on session 29f775b0944de17763e4103a8f329cb7 to remote] DEBUG org.asynchttpclient.netty.request.NettyRequestSender - Using open Channel [id: 0x98171bf7, L:/127.0.0.1:55732 - R:localhost/127.0.0.1:38508] for GET '/session/29f775b0944de17763e4103a8f329cb7/element/3a097aa0-4048-4f3a-b79b-e76d5ea4c379/enabled'
10:41:33.592 [AsyncHttpClient-1-18] DEBUG org.asynchttpclient.netty.handler.HttpHandler - 

Request DefaultFullHttpRequest(decodeResult: success, version: HTTP/1.1, content: EmptyByteBufBE)
GET /session/29f775b0944de17763e4103a8f329cb7/element/3a097aa0-4048-4f3a-b79b-e76d5ea4c379/enabled HTTP/1.1
User-Agent: selenium/4.8.1 (java windows)
Cache-Control: no-cache
Content-Type: application/json; charset=utf-8
host: localhost:38508
accept: */*

Response DefaultHttpResponse(decodeResult: success, version: HTTP/1.1)
HTTP/1.1 200 OK
Content-Length: 14
Content-Type: application/json; charset=utf-8
cache-control: no-cache

10:41:33.592 [AsyncHttpClient-1-18] DEBUG org.asynchttpclient.netty.channel.ChannelManager - Adding key: http://localhost:38508 for channel [id: 0x98171bf7, L:/127.0.0.1:55732 - R:localhost/127.0.0.1:38508]
10:41:33.593 [Forwarding isElementEnabled on session 29f775b0944de17763e4103a8f329cb7 to remote] DEBUG org.asynchttpclient.netty.request.NettyRequestSender - Using pooled Channel '[id: 0x98171bf7, L:/127.0.0.1:55732 - R:localhost/127.0.0.1:38508]' for 'GET' to 'http://localhost:38508/session/29f775b0944de17763e4103a8f329cb7/element/3a097aa0-4048-4f3a-b79b-e76d5ea4c379/enabled'
10:41:33.593 [Forwarding isElementEnabled on session 29f775b0944de17763e4103a8f329cb7 to remote] DEBUG org.asynchttpclient.netty.request.NettyRequestSender - Using open Channel [id: 0x98171bf7, L:/127.0.0.1:55732 - R:localhost/127.0.0.1:38508] for GET '/session/29f775b0944de17763e4103a8f329cb7/element/3a097aa0-4048-4f3a-b79b-e76d5ea4c379/enabled'
10:41:33.597 [AsyncHttpClient-1-18] DEBUG org.asynchttpclient.netty.handler.HttpHandler - 

Request DefaultFullHttpRequest(decodeResult: success, version: HTTP/1.1, content: EmptyByteBufBE)
GET /session/29f775b0944de17763e4103a8f329cb7/element/3a097aa0-4048-4f3a-b79b-e76d5ea4c379/enabled HTTP/1.1
User-Agent: selenium/4.8.1 (java windows)
Cache-Control: no-cache
Content-Type: application/json; charset=utf-8
host: localhost:38508
accept: */*

Response DefaultHttpResponse(decodeResult: success, version: HTTP/1.1)
HTTP/1.1 200 OK
Content-Length: 14
Content-Type: application/json; charset=utf-8
cache-control: no-cache

10:41:33.597 [AsyncHttpClient-1-18] DEBUG org.asynchttpclient.netty.channel.ChannelManager - Adding key: http://localhost:38508 for channel [id: 0x98171bf7, L:/127.0.0.1:55732 - R:localhost/127.0.0.1:38508]
10:41:33.597 [Forwarding findElement on session 29f775b0944de17763e4103a8f329cb7 to remote] DEBUG org.asynchttpclient.netty.request.NettyRequestSender - Using pooled Channel '[id: 0x98171bf7, L:/127.0.0.1:55732 - R:localhost/127.0.0.1:38508]' for 'POST' to 'http://localhost:38508/session/29f775b0944de17763e4103a8f329cb7/element'
10:41:33.597 [Forwarding findElement on session 29f775b0944de17763e4103a8f329cb7 to remote] DEBUG org.asynchttpclient.netty.request.NettyRequestSender - Using open Channel [id: 0x98171bf7, L:/127.0.0.1:55732 - R:localhost/127.0.0.1:38508] for POST '/session/29f775b0944de17763e4103a8f329cb7/element'
10:41:33.604 [AsyncHttpClient-1-18] DEBUG org.asynchttpclient.netty.handler.HttpHandler - 

Request DefaultHttpRequest(decodeResult: success, version: HTTP/1.1)
POST /session/29f775b0944de17763e4103a8f329cb7/element HTTP/1.1
User-Agent: selenium/4.8.1 (java windows)
Content-Length: 173
Content-Type: application/json; charset=utf-8
host: localhost:38508
accept: */*

Response DefaultHttpResponse(decodeResult: success, version: HTTP/1.1)
HTTP/1.1 200 OK
Content-Length: 88
Content-Type: application/json; charset=utf-8
cache-control: no-cache

10:41:33.604 [AsyncHttpClient-1-18] DEBUG org.asynchttpclient.netty.channel.ChannelManager - Adding key: http://localhost:38508 for channel [id: 0x98171bf7, L:/127.0.0.1:55732 - R:localhost/127.0.0.1:38508]
10:41:33.605 [Forwarding clickElement on session 29f775b0944de17763e4103a8f329cb7 to remote] DEBUG org.asynchttpclient.netty.request.NettyRequestSender - Using pooled Channel '[id: 0x98171bf7, L:/127.0.0.1:55732 - R:localhost/127.0.0.1:38508]' for 'POST' to 'http://localhost:38508/session/29f775b0944de17763e4103a8f329cb7/element/3a097aa0-4048-4f3a-b79b-e76d5ea4c379/click'
10:41:33.605 [Forwarding clickElement on session 29f775b0944de17763e4103a8f329cb7 to remote] DEBUG org.asynchttpclient.netty.request.NettyRequestSender - Using open Channel [id: 0x98171bf7, L:/127.0.0.1:55732 - R:localhost/127.0.0.1:38508] for POST '/session/29f775b0944de17763e4103a8f329cb7/element/3a097aa0-4048-4f3a-b79b-e76d5ea4c379/click'
10:41:33.650 [AsyncHttpClient-1-18] DEBUG org.asynchttpclient.netty.handler.HttpHandler - 

Request DefaultHttpRequest(decodeResult: success, version: HTTP/1.1)
POST /session/29f775b0944de17763e4103a8f329cb7/element/3a097aa0-4048-4f3a-b79b-e76d5ea4c379/click HTTP/1.1
User-Agent: selenium/4.8.1 (java windows)
Content-Length: 50
Content-Type: application/json; charset=utf-8
host: localhost:38508
accept: */*

Response DefaultHttpResponse(decodeResult: success, version: HTTP/1.1)
HTTP/1.1 200 OK
Content-Length: 14
Content-Type: application/json; charset=utf-8
cache-control: no-cache

10:41:33.650 [AsyncHttpClient-1-18] DEBUG org.asynchttpclient.netty.channel.ChannelManager - Adding key: http://localhost:38508 for channel [id: 0x98171bf7, L:/127.0.0.1:55732 - R:localhost/127.0.0.1:38508]
10:41:33.653 [Forwarding getAlertText on session 29f775b0944de17763e4103a8f329cb7 to remote] DEBUG org.asynchttpclient.netty.request.NettyRequestSender - Using pooled Channel '[id: 0x98171bf7, L:/127.0.0.1:55732 - R:localhost/127.0.0.1:38508]' for 'GET' to 'http://localhost:38508/session/29f775b0944de17763e4103a8f329cb7/alert/text'
10:41:33.653 [Forwarding getAlertText on session 29f775b0944de17763e4103a8f329cb7 to remote] DEBUG org.asynchttpclient.netty.request.NettyRequestSender - Using open Channel [id: 0x98171bf7, L:/127.0.0.1:55732 - R:localhost/127.0.0.1:38508] for GET '/session/29f775b0944de17763e4103a8f329cb7/alert/text'
10:41:33.655 [AsyncHttpClient-1-18] DEBUG org.asynchttpclient.netty.handler.HttpHandler - 

Request DefaultFullHttpRequest(decodeResult: success, version: HTTP/1.1, content: EmptyByteBufBE)
GET /session/29f775b0944de17763e4103a8f329cb7/alert/text HTTP/1.1
User-Agent: selenium/4.8.1 (java windows)
Cache-Control: no-cache
Content-Type: application/json; charset=utf-8
host: localhost:38508
accept: */*

Response DefaultHttpResponse(decodeResult: success, version: HTTP/1.1)
HTTP/1.1 404 Not Found
Content-Length: 836
Content-Type: application/json; charset=utf-8
cache-control: no-cache

10:41:33.655 [AsyncHttpClient-1-18] DEBUG org.asynchttpclient.netty.channel.ChannelManager - Adding key: http://localhost:38508 for channel [id: 0x98171bf7, L:/127.0.0.1:55732 - R:localhost/127.0.0.1:38508]
10:41:33.656 [Forwarding getCurrentUrl on session 29f775b0944de17763e4103a8f329cb7 to remote] DEBUG org.asynchttpclient.netty.request.NettyRequestSender - Using pooled Channel '[id: 0x98171bf7, L:/127.0.0.1:55732 - R:localhost/127.0.0.1:38508]' for 'GET' to 'http://localhost:38508/session/29f775b0944de17763e4103a8f329cb7/url'
10:41:33.656 [Forwarding getCurrentUrl on session 29f775b0944de17763e4103a8f329cb7 to remote] DEBUG org.asynchttpclient.netty.request.NettyRequestSender - Using open Channel [id: 0x98171bf7, L:/127.0.0.1:55732 - R:localhost/127.0.0.1:38508] for GET '/session/29f775b0944de17763e4103a8f329cb7/url'
10:41:33.659 [AsyncHttpClient-1-18] DEBUG org.asynchttpclient.netty.handler.HttpHandler - 

Request DefaultFullHttpRequest(decodeResult: success, version: HTTP/1.1, content: EmptyByteBufBE)
GET /session/29f775b0944de17763e4103a8f329cb7/url HTTP/1.1
User-Agent: selenium/4.8.1 (java windows)
Cache-Control: no-cache
Content-Type: application/json; charset=utf-8
host: localhost:38508
accept: */*

Response DefaultHttpResponse(decodeResult: success, version: HTTP/1.1)
HTTP/1.1 200 OK
Content-Length: 41
Content-Type: application/json; charset=utf-8
cache-control: no-cache

10:41:33.659 [AsyncHttpClient-1-18] DEBUG org.asynchttpclient.netty.channel.ChannelManager - Adding key: http://localhost:38508 for channel [id: 0x98171bf7, L:/127.0.0.1:55732 - R:localhost/127.0.0.1:38508]
10:41:33.659 [Forwarding screenshot on session 29f775b0944de17763e4103a8f329cb7 to remote] DEBUG org.asynchttpclient.netty.request.NettyRequestSender - Using pooled Channel '[id: 0x98171bf7, L:/127.0.0.1:55732 - R:localhost/127.0.0.1:38508]' for 'GET' to 'http://localhost:38508/session/29f775b0944de17763e4103a8f329cb7/screenshot'
10:41:33.659 [Forwarding screenshot on session 29f775b0944de17763e4103a8f329cb7 to remote] DEBUG org.asynchttpclient.netty.request.NettyRequestSender - Using open Channel [id: 0x98171bf7, L:/127.0.0.1:55732 - R:localhost/127.0.0.1:38508] for GET '/session/29f775b0944de17763e4103a8f329cb7/screenshot'
10:41:33.745 [AsyncHttpClient-1-18] DEBUG org.asynchttpclient.netty.handler.HttpHandler - 

Request DefaultFullHttpRequest(decodeResult: success, version: HTTP/1.1, content: EmptyByteBufBE)
GET /session/29f775b0944de17763e4103a8f329cb7/screenshot HTTP/1.1
User-Agent: selenium/4.8.1 (java windows)
Cache-Control: no-cache
Content-Type: application/json; charset=utf-8
host: localhost:38508
accept: */*

Response DefaultHttpResponse(decodeResult: success, version: HTTP/1.1)
HTTP/1.1 200 OK
Content-Length: 66376
Content-Type: application/json; charset=utf-8
cache-control: no-cache

10:41:33.745 [AsyncHttpClient-1-18] DEBUG org.asynchttpclient.netty.channel.ChannelManager - Adding key: http://localhost:38508 for channel [id: 0x98171bf7, L:/127.0.0.1:55732 - R:localhost/127.0.0.1:38508]
10:41:33.747 [main] DEBUG net.serenitybdd.core.photography.Darkroom - Send negative for processing for target\site\serenity\5a08c5d6fc580f858afdf893d4afc9c68ebbfd40dc69b2659276d4200fe5595c.png
10:41:33.747 [main] DEBUG net.thucydides.core.steps.StepInterceptor - STEP DONE: clickBeliButton
  &amp#27;[32mWhen &amp#27;[0m&amp#27;[32mI click BELI button from the product&amp#27;[0m        &amp#27;[90m# starter.stepdefinitions.ProductSteps.clickBeliButton()&amp#27;[0m
10:41:33.747 [Darkroom Processing Line] DEBUG net.serenitybdd.core.photography.DarkroomProcessingLine - Processing screenshot image in /var/screenshots/screenshot-16419002055468195267
10:41:33.747 [Darkroom Processing Line] DEBUG net.serenitybdd.core.photography.DarkroomProcessingLine - Saving screenshot to target\site\serenity\5a08c5d6fc580f858afdf893d4afc9c68ebbfd40dc69b2659276d4200fe5595c.png
10:41:33.752 [Forwarding getPageSource on session 29f775b0944de17763e4103a8f329cb7 to remote] DEBUG org.asynchttpclient.netty.request.NettyRequestSender - Using pooled Channel '[id: 0x98171bf7, L:/127.0.0.1:55732 - R:localhost/127.0.0.1:38508]' for 'POST' to 'http://localhost:38508/session/29f775b0944de17763e4103a8f329cb7/execute/sync'
10:41:33.752 [Forwarding getPageSource on session 29f775b0944de17763e4103a8f329cb7 to remote] DEBUG org.asynchttpclient.netty.request.NettyRequestSender - Using open Channel [id: 0x98171bf7, L:/127.0.0.1:55732 - R:localhost/127.0.0.1:38508] for POST '/session/29f775b0944de17763e4103a8f329cb7/execute/sync'
10:41:33.767 [AsyncHttpClient-1-18] DEBUG org.asynchttpclient.netty.handler.HttpHandler - 

Request DefaultHttpRequest(decodeResult: success, version: HTTP/1.1)
POST /session/29f775b0944de17763e4103a8f329cb7/execute/sync HTTP/1.1
User-Agent: selenium/4.8.1 (java windows)
Content-Length: 176
Content-Type: application/json; charset=utf-8
host: localhost:38508
accept: */*

Response DefaultHttpResponse(decodeResult: success, version: HTTP/1.1)
HTTP/1.1 200 OK
Content-Length: 293732
Content-Type: application/json; charset=utf-8
cache-control: no-cache

10:41:33.768 [AsyncHttpClient-1-18] DEBUG org.asynchttpclient.netty.channel.ChannelManager - Adding key: http://localhost:38508 for channel [id: 0x98171bf7, L:/127.0.0.1:55732 - R:localhost/127.0.0.1:38508]
10:41:33.782 [Forwarding getCurrentUrl on session 29f775b0944de17763e4103a8f329cb7 to remote] DEBUG org.asynchttpclient.netty.request.NettyRequestSender - Using pooled Channel '[id: 0x98171bf7, L:/127.0.0.1:55732 - R:localhost/127.0.0.1:38508]' for 'GET' to 'http://localhost:38508/session/29f775b0944de17763e4103a8f329cb7/url'
10:41:33.782 [Forwarding getCurrentUrl on session 29f775b0944de17763e4103a8f329cb7 to remote] DEBUG org.asynchttpclient.netty.request.NettyRequestSender - Using open Channel [id: 0x98171bf7, L:/127.0.0.1:55732 - R:localhost/127.0.0.1:38508] for GET '/session/29f775b0944de17763e4103a8f329cb7/url'
10:41:33.785 [AsyncHttpClient-1-18] DEBUG org.asynchttpclient.netty.handler.HttpHandler - 

Request DefaultFullHttpRequest(decodeResult: success, version: HTTP/1.1, content: EmptyByteBufBE)
GET /session/29f775b0944de17763e4103a8f329cb7/url HTTP/1.1
User-Agent: selenium/4.8.1 (java windows)
Cache-Control: no-cache
Content-Type: application/json; charset=utf-8
host: localhost:38508
accept: */*

Response DefaultHttpResponse(decodeResult: success, version: HTTP/1.1)
HTTP/1.1 200 OK
Content-Length: 41
Content-Type: application/json; charset=utf-8
cache-control: no-cache

10:41:33.785 [AsyncHttpClient-1-18] DEBUG org.asynchttpclient.netty.channel.ChannelManager - Adding key: http://localhost:38508 for channel [id: 0x98171bf7, L:/127.0.0.1:55732 - R:localhost/127.0.0.1:38508]
10:41:33.801 [Forwarding getAlertText on session 29f775b0944de17763e4103a8f329cb7 to remote] DEBUG org.asynchttpclient.netty.request.NettyRequestSender - Using pooled Channel '[id: 0x98171bf7, L:/127.0.0.1:55732 - R:localhost/127.0.0.1:38508]' for 'GET' to 'http://localhost:38508/session/29f775b0944de17763e4103a8f329cb7/alert/text'
10:41:33.801 [Forwarding getAlertText on session 29f775b0944de17763e4103a8f329cb7 to remote] DEBUG org.asynchttpclient.netty.request.NettyRequestSender - Using open Channel [id: 0x98171bf7, L:/127.0.0.1:55732 - R:localhost/127.0.0.1:38508] for GET '/session/29f775b0944de17763e4103a8f329cb7/alert/text'
10:41:33.803 [AsyncHttpClient-1-18] DEBUG org.asynchttpclient.netty.handler.HttpHandler - 

Request DefaultFullHttpRequest(decodeResult: success, version: HTTP/1.1, content: EmptyByteBufBE)
GET /session/29f775b0944de17763e4103a8f329cb7/alert/text HTTP/1.1
User-Agent: selenium/4.8.1 (java windows)
Cache-Control: no-cache
Content-Type: application/json; charset=utf-8
host: localhost:38508
accept: */*

Response DefaultHttpResponse(decodeResult: success, version: HTTP/1.1)
HTTP/1.1 404 Not Found
Content-Length: 836
Content-Type: application/json; charset=utf-8
cache-control: no-cache

10:41:33.803 [AsyncHttpClient-1-18] DEBUG org.asynchttpclient.netty.channel.ChannelManager - Adding key: http://localhost:38508 for channel [id: 0x98171bf7, L:/127.0.0.1:55732 - R:localhost/127.0.0.1:38508]
10:41:33.803 [Forwarding getCurrentUrl on session 29f775b0944de17763e4103a8f329cb7 to remote] DEBUG org.asynchttpclient.netty.request.NettyRequestSender - Using pooled Channel '[id: 0x98171bf7, L:/127.0.0.1:55732 - R:localhost/127.0.0.1:38508]' for 'GET' to 'http://localhost:38508/session/29f775b0944de17763e4103a8f329cb7/url'
10:41:33.803 [Forwarding getCurrentUrl on session 29f775b0944de17763e4103a8f329cb7 to remote] DEBUG org.asynchttpclient.netty.request.NettyRequestSender - Using open Channel [id: 0x98171bf7, L:/127.0.0.1:55732 - R:localhost/127.0.0.1:38508] for GET '/session/29f775b0944de17763e4103a8f329cb7/url'
10:41:33.806 [AsyncHttpClient-1-18] DEBUG org.asynchttpclient.netty.handler.HttpHandler - 

Request DefaultFullHttpRequest(decodeResult: success, version: HTTP/1.1, content: EmptyByteBufBE)
GET /session/29f775b0944de17763e4103a8f329cb7/url HTTP/1.1
User-Agent: selenium/4.8.1 (java windows)
Cache-Control: no-cache
Content-Type: application/json; charset=utf-8
host: localhost:38508
accept: */*

Response DefaultHttpResponse(decodeResult: success, version: HTTP/1.1)
HTTP/1.1 200 OK
Content-Length: 41
Content-Type: application/json; charset=utf-8
cache-control: no-cache

10:41:33.806 [AsyncHttpClient-1-18] DEBUG org.asynchttpclient.netty.channel.ChannelManager - Adding key: http://localhost:38508 for channel [id: 0x98171bf7, L:/127.0.0.1:55732 - R:localhost/127.0.0.1:38508]
10:41:33.807 [Forwarding screenshot on session 29f775b0944de17763e4103a8f329cb7 to remote] DEBUG org.asynchttpclient.netty.request.NettyRequestSender - Using pooled Channel '[id: 0x98171bf7, L:/127.0.0.1:55732 - R:localhost/127.0.0.1:38508]' for 'GET' to 'http://localhost:38508/session/29f775b0944de17763e4103a8f329cb7/screenshot'
10:41:33.807 [Forwarding screenshot on session 29f775b0944de17763e4103a8f329cb7 to remote] DEBUG org.asynchttpclient.netty.request.NettyRequestSender - Using open Channel [id: 0x98171bf7, L:/127.0.0.1:55732 - R:localhost/127.0.0.1:38508] for GET '/session/29f775b0944de17763e4103a8f329cb7/screenshot'
10:41:33.888 [AsyncHttpClient-1-18] DEBUG org.asynchttpclient.netty.handler.HttpHandler - 

Request DefaultFullHttpRequest(decodeResult: success, version: HTTP/1.1, content: EmptyByteBufBE)
GET /session/29f775b0944de17763e4103a8f329cb7/screenshot HTTP/1.1
User-Agent: selenium/4.8.1 (java windows)
Cache-Control: no-cache
Content-Type: application/json; charset=utf-8
host: localhost:38508
accept: */*

Response DefaultHttpResponse(decodeResult: success, version: HTTP/1.1)
HTTP/1.1 200 OK
Content-Length: 66864
Content-Type: application/json; charset=utf-8
cache-control: no-cache

10:41:33.888 [AsyncHttpClient-1-18] DEBUG org.asynchttpclient.netty.channel.ChannelManager - Adding key: http://localhost:38508 for channel [id: 0x98171bf7, L:/127.0.0.1:55732 - R:localhost/127.0.0.1:38508]
10:41:33.890 [main] DEBUG net.serenitybdd.core.photography.Darkroom - Send negative for processing for target\site\serenity\e1b190708f203534e6147c539fbf1f19e9d2608ae80aaa92b0eb66b6a35c1c20.png
10:41:33.890 [Darkroom Processing Line] DEBUG net.serenitybdd.core.photography.DarkroomProcessingLine - Processing screenshot image in /var/screenshots/screenshot-8970518499781323768
10:41:33.890 [Darkroom Processing Line] DEBUG net.serenitybdd.core.photography.DarkroomProcessingLine - Saving screenshot to target\site\serenity\e1b190708f203534e6147c539fbf1f19e9d2608ae80aaa92b0eb66b6a35c1c20.png
10:41:33.890 [Forwarding getPageSource on session 29f775b0944de17763e4103a8f329cb7 to remote] DEBUG org.asynchttpclient.netty.request.NettyRequestSender - Using pooled Channel '[id: 0x98171bf7, L:/127.0.0.1:55732 - R:localhost/127.0.0.1:38508]' for 'POST' to 'http://localhost:38508/session/29f775b0944de17763e4103a8f329cb7/execute/sync'
10:41:33.890 [Forwarding getPageSource on session 29f775b0944de17763e4103a8f329cb7 to remote] DEBUG org.asynchttpclient.netty.request.NettyRequestSender - Using open Channel [id: 0x98171bf7, L:/127.0.0.1:55732 - R:localhost/127.0.0.1:38508] for POST '/session/29f775b0944de17763e4103a8f329cb7/execute/sync'
10:41:33.907 [AsyncHttpClient-1-18] DEBUG org.asynchttpclient.netty.handler.HttpHandler - 

Request DefaultHttpRequest(decodeResult: success, version: HTTP/1.1)
POST /session/29f775b0944de17763e4103a8f329cb7/execute/sync HTTP/1.1
User-Agent: selenium/4.8.1 (java windows)
Content-Length: 176
Content-Type: application/json; charset=utf-8
host: localhost:38508
accept: */*

Response DefaultHttpResponse(decodeResult: success, version: HTTP/1.1)
HTTP/1.1 200 OK
Content-Length: 293733
Content-Type: application/json; charset=utf-8
cache-control: no-cache

10:41:33.907 [AsyncHttpClient-1-18] DEBUG org.asynchttpclient.netty.channel.ChannelManager - Adding key: http://localhost:38508 for channel [id: 0x98171bf7, L:/127.0.0.1:55732 - R:localhost/127.0.0.1:38508]
10:41:33.923 [Forwarding getCurrentUrl on session 29f775b0944de17763e4103a8f329cb7 to remote] DEBUG org.asynchttpclient.netty.request.NettyRequestSender - Using pooled Channel '[id: 0x98171bf7, L:/127.0.0.1:55732 - R:localhost/127.0.0.1:38508]' for 'GET' to 'http://localhost:38508/session/29f775b0944de17763e4103a8f329cb7/url'
10:41:33.923 [Forwarding getCurrentUrl on session 29f775b0944de17763e4103a8f329cb7 to remote] DEBUG org.asynchttpclient.netty.request.NettyRequestSender - Using open Channel [id: 0x98171bf7, L:/127.0.0.1:55732 - R:localhost/127.0.0.1:38508] for GET '/session/29f775b0944de17763e4103a8f329cb7/url'
10:41:33.925 [AsyncHttpClient-1-18] DEBUG org.asynchttpclient.netty.handler.HttpHandler - 

Request DefaultFullHttpRequest(decodeResult: success, version: HTTP/1.1, content: EmptyByteBufBE)
GET /session/29f775b0944de17763e4103a8f329cb7/url HTTP/1.1
User-Agent: selenium/4.8.1 (java windows)
Cache-Control: no-cache
Content-Type: application/json; charset=utf-8
host: localhost:38508
accept: */*

Response DefaultHttpResponse(decodeResult: success, version: HTTP/1.1)
HTTP/1.1 200 OK
Content-Length: 41
Content-Type: application/json; charset=utf-8
cache-control: no-cache

10:41:33.925 [AsyncHttpClient-1-18] DEBUG org.asynchttpclient.netty.channel.ChannelManager - Adding key: http://localhost:38508 for channel [id: 0x98171bf7, L:/127.0.0.1:55732 - R:localhost/127.0.0.1:38508]
10:41:33.928 [main] DEBUG net.thucydides.core.steps.StepInterceptor - STARTING STEP: TransactionSteps.clickCartIcon - clickCartIcon
10:41:33.929 [Forwarding findElement on session 29f775b0944de17763e4103a8f329cb7 to remote] DEBUG org.asynchttpclient.netty.request.NettyRequestSender - Using pooled Channel '[id: 0x98171bf7, L:/127.0.0.1:55732 - R:localhost/127.0.0.1:38508]' for 'POST' to 'http://localhost:38508/session/29f775b0944de17763e4103a8f329cb7/element'
10:41:33.929 [Forwarding findElement on session 29f775b0944de17763e4103a8f329cb7 to remote] DEBUG org.asynchttpclient.netty.request.NettyRequestSender - Using open Channel [id: 0x98171bf7, L:/127.0.0.1:55732 - R:localhost/127.0.0.1:38508] for POST '/session/29f775b0944de17763e4103a8f329cb7/element'
10:41:33.937 [AsyncHttpClient-1-18] DEBUG org.asynchttpclient.netty.handler.HttpHandler - 

Request DefaultHttpRequest(decodeResult: success, version: HTTP/1.1)
POST /session/29f775b0944de17763e4103a8f329cb7/element HTTP/1.1
User-Agent: selenium/4.8.1 (java windows)
Content-Length: 65
Content-Type: application/json; charset=utf-8
host: localhost:38508
accept: */*

Response DefaultHttpResponse(decodeResult: success, version: HTTP/1.1)
HTTP/1.1 200 OK
Content-Length: 88
Content-Type: application/json; charset=utf-8
cache-control: no-cache

10:41:33.937 [AsyncHttpClient-1-18] DEBUG org.asynchttpclient.netty.channel.ChannelManager - Adding key: http://localhost:38508 for channel [id: 0x98171bf7, L:/127.0.0.1:55732 - R:localhost/127.0.0.1:38508]
10:41:33.938 [Forwarding getElementTagName on session 29f775b0944de17763e4103a8f329cb7 to remote] DEBUG org.asynchttpclient.netty.request.NettyRequestSender - Using pooled Channel '[id: 0x98171bf7, L:/127.0.0.1:55732 - R:localhost/127.0.0.1:38508]' for 'GET' to 'http://localhost:38508/session/29f775b0944de17763e4103a8f329cb7/element/b36e47bd-aae9-43a9-aefe-7cc5945e2380/name'
10:41:33.938 [Forwarding getElementTagName on session 29f775b0944de17763e4103a8f329cb7 to remote] DEBUG org.asynchttpclient.netty.request.NettyRequestSender - Using open Channel [id: 0x98171bf7, L:/127.0.0.1:55732 - R:localhost/127.0.0.1:38508] for GET '/session/29f775b0944de17763e4103a8f329cb7/element/b36e47bd-aae9-43a9-aefe-7cc5945e2380/name'
10:41:33.942 [AsyncHttpClient-1-18] DEBUG org.asynchttpclient.netty.handler.HttpHandler - 

Request DefaultFullHttpRequest(decodeResult: success, version: HTTP/1.1, content: EmptyByteBufBE)
GET /session/29f775b0944de17763e4103a8f329cb7/element/b36e47bd-aae9-43a9-aefe-7cc5945e2380/name HTTP/1.1
User-Agent: selenium/4.8.1 (java windows)
Cache-Control: no-cache
Content-Type: application/json; charset=utf-8
host: localhost:38508
accept: */*

Response DefaultHttpResponse(decodeResult: success, version: HTTP/1.1)
HTTP/1.1 200 OK
Content-Length: 13
Content-Type: application/json; charset=utf-8
cache-control: no-cache

10:41:33.942 [AsyncHttpClient-1-18] DEBUG org.asynchttpclient.netty.channel.ChannelManager - Adding key: http://localhost:38508 for channel [id: 0x98171bf7, L:/127.0.0.1:55732 - R:localhost/127.0.0.1:38508]
10:41:33.943 [Forwarding getElementTagName on session 29f775b0944de17763e4103a8f329cb7 to remote] DEBUG org.asynchttpclient.netty.request.NettyRequestSender - Using pooled Channel '[id: 0x98171bf7, L:/127.0.0.1:55732 - R:localhost/127.0.0.1:38508]' for 'GET' to 'http://localhost:38508/session/29f775b0944de17763e4103a8f329cb7/element/b36e47bd-aae9-43a9-aefe-7cc5945e2380/name'
10:41:33.943 [Forwarding getElementTagName on session 29f775b0944de17763e4103a8f329cb7 to remote] DEBUG org.asynchttpclient.netty.request.NettyRequestSender - Using open Channel [id: 0x98171bf7, L:/127.0.0.1:55732 - R:localhost/127.0.0.1:38508] for GET '/session/29f775b0944de17763e4103a8f329cb7/element/b36e47bd-aae9-43a9-aefe-7cc5945e2380/name'
10:41:33.945 [AsyncHttpClient-1-18] DEBUG org.asynchttpclient.netty.handler.HttpHandler - 

Request DefaultFullHttpRequest(decodeResult: success, version: HTTP/1.1, content: EmptyByteBufBE)
GET /session/29f775b0944de17763e4103a8f329cb7/element/b36e47bd-aae9-43a9-aefe-7cc5945e2380/name HTTP/1.1
User-Agent: selenium/4.8.1 (java windows)
Cache-Control: no-cache
Content-Type: application/json; charset=utf-8
host: localhost:38508
accept: */*

Response DefaultHttpResponse(decodeResult: success, version: HTTP/1.1)
HTTP/1.1 200 OK
Content-Length: 13
Content-Type: application/json; charset=utf-8
cache-control: no-cache

10:41:33.945 [AsyncHttpClient-1-18] DEBUG org.asynchttpclient.netty.channel.ChannelManager - Adding key: http://localhost:38508 for channel [id: 0x98171bf7, L:/127.0.0.1:55732 - R:localhost/127.0.0.1:38508]
10:41:33.947 [Forwarding findElement on session 29f775b0944de17763e4103a8f329cb7 to remote] DEBUG org.asynchttpclient.netty.request.NettyRequestSender - Using pooled Channel '[id: 0x98171bf7, L:/127.0.0.1:55732 - R:localhost/127.0.0.1:38508]' for 'POST' to 'http://localhost:38508/session/29f775b0944de17763e4103a8f329cb7/element'
10:41:33.947 [Forwarding findElement on session 29f775b0944de17763e4103a8f329cb7 to remote] DEBUG org.asynchttpclient.netty.request.NettyRequestSender - Using open Channel [id: 0x98171bf7, L:/127.0.0.1:55732 - R:localhost/127.0.0.1:38508] for POST '/session/29f775b0944de17763e4103a8f329cb7/element'
10:41:33.951 [AsyncHttpClient-1-18] DEBUG org.asynchttpclient.netty.handler.HttpHandler - 

Request DefaultHttpRequest(decodeResult: success, version: HTTP/1.1)
POST /session/29f775b0944de17763e4103a8f329cb7/element HTTP/1.1
User-Agent: selenium/4.8.1 (java windows)
Content-Length: 65
Content-Type: application/json; charset=utf-8
host: localhost:38508
accept: */*

Response DefaultHttpResponse(decodeResult: success, version: HTTP/1.1)
HTTP/1.1 200 OK
Content-Length: 88
Content-Type: application/json; charset=utf-8
cache-control: no-cache

10:41:33.951 [AsyncHttpClient-1-18] DEBUG org.asynchttpclient.netty.channel.ChannelManager - Adding key: http://localhost:38508 for channel [id: 0x98171bf7, L:/127.0.0.1:55732 - R:localhost/127.0.0.1:38508]
10:41:33.952 [Forwarding clickElement on session 29f775b0944de17763e4103a8f329cb7 to remote] DEBUG org.asynchttpclient.netty.request.NettyRequestSender - Using pooled Channel '[id: 0x98171bf7, L:/127.0.0.1:55732 - R:localhost/127.0.0.1:38508]' for 'POST' to 'http://localhost:38508/session/29f775b0944de17763e4103a8f329cb7/element/b36e47bd-aae9-43a9-aefe-7cc5945e2380/click'
10:41:33.952 [Forwarding clickElement on session 29f775b0944de17763e4103a8f329cb7 to remote] DEBUG org.asynchttpclient.netty.request.NettyRequestSender - Using open Channel [id: 0x98171bf7, L:/127.0.0.1:55732 - R:localhost/127.0.0.1:38508] for POST '/session/29f775b0944de17763e4103a8f329cb7/element/b36e47bd-aae9-43a9-aefe-7cc5945e2380/click'
10:41:33.987 [AsyncHttpClient-1-18] DEBUG org.asynchttpclient.netty.handler.HttpHandler - 

Request DefaultHttpRequest(decodeResult: success, version: HTTP/1.1)
POST /session/29f775b0944de17763e4103a8f329cb7/element/b36e47bd-aae9-43a9-aefe-7cc5945e2380/click HTTP/1.1
User-Agent: selenium/4.8.1 (java windows)
Content-Length: 50
Content-Type: application/json; charset=utf-8
host: localhost:38508
accept: */*

Response DefaultHttpResponse(decodeResult: success, version: HTTP/1.1)
HTTP/1.1 200 OK
Content-Length: 14
Content-Type: application/json; charset=utf-8
cache-control: no-cache

10:41:33.987 [AsyncHttpClient-1-18] DEBUG org.asynchttpclient.netty.channel.ChannelManager - Adding key: http://localhost:38508 for channel [id: 0x98171bf7, L:/127.0.0.1:55732 - R:localhost/127.0.0.1:38508]
10:41:33.992 [Forwarding getAlertText on session 29f775b0944de17763e4103a8f329cb7 to remote] DEBUG org.asynchttpclient.netty.request.NettyRequestSender - Using pooled Channel '[id: 0x98171bf7, L:/127.0.0.1:55732 - R:localhost/127.0.0.1:38508]' for 'GET' to 'http://localhost:38508/session/29f775b0944de17763e4103a8f329cb7/alert/text'
10:41:33.992 [Forwarding getAlertText on session 29f775b0944de17763e4103a8f329cb7 to remote] DEBUG org.asynchttpclient.netty.request.NettyRequestSender - Using open Channel [id: 0x98171bf7, L:/127.0.0.1:55732 - R:localhost/127.0.0.1:38508] for GET '/session/29f775b0944de17763e4103a8f329cb7/alert/text'
10:41:34.036 [AsyncHttpClient-1-18] DEBUG org.asynchttpclient.netty.handler.HttpHandler - 

Request DefaultFullHttpRequest(decodeResult: success, version: HTTP/1.1, content: EmptyByteBufBE)
GET /session/29f775b0944de17763e4103a8f329cb7/alert/text HTTP/1.1
User-Agent: selenium/4.8.1 (java windows)
Cache-Control: no-cache
Content-Type: application/json; charset=utf-8
host: localhost:38508
accept: */*

Response DefaultHttpResponse(decodeResult: success, version: HTTP/1.1)
HTTP/1.1 404 Not Found
Content-Length: 836
Content-Type: application/json; charset=utf-8
cache-control: no-cache

10:41:34.036 [AsyncHttpClient-1-18] DEBUG org.asynchttpclient.netty.channel.ChannelManager - Adding key: http://localhost:38508 for channel [id: 0x98171bf7, L:/127.0.0.1:55732 - R:localhost/127.0.0.1:38508]
10:41:34.037 [Forwarding getCurrentUrl on session 29f775b0944de17763e4103a8f329cb7 to remote] DEBUG org.asynchttpclient.netty.request.NettyRequestSender - Using pooled Channel '[id: 0x98171bf7, L:/127.0.0.1:55732 - R:localhost/127.0.0.1:38508]' for 'GET' to 'http://localhost:38508/session/29f775b0944de17763e4103a8f329cb7/url'
10:41:34.037 [Forwarding getCurrentUrl on session 29f775b0944de17763e4103a8f329cb7 to remote] DEBUG org.asynchttpclient.netty.request.NettyRequestSender - Using open Channel [id: 0x98171bf7, L:/127.0.0.1:55732 - R:localhost/127.0.0.1:38508] for GET '/session/29f775b0944de17763e4103a8f329cb7/url'
10:41:34.042 [AsyncHttpClient-1-18] DEBUG org.asynchttpclient.netty.handler.HttpHandler - 

Request DefaultFullHttpRequest(decodeResult: success, version: HTTP/1.1, content: EmptyByteBufBE)
GET /session/29f775b0944de17763e4103a8f329cb7/url HTTP/1.1
User-Agent: selenium/4.8.1 (java windows)
Cache-Control: no-cache
Content-Type: application/json; charset=utf-8
host: localhost:38508
accept: */*

Response DefaultHttpResponse(decodeResult: success, version: HTTP/1.1)
HTTP/1.1 200 OK
Content-Length: 46
Content-Type: application/json; charset=utf-8
cache-control: no-cache

10:41:34.042 [AsyncHttpClient-1-18] DEBUG org.asynchttpclient.netty.channel.ChannelManager - Adding key: http://localhost:38508 for channel [id: 0x98171bf7, L:/127.0.0.1:55732 - R:localhost/127.0.0.1:38508]
10:41:34.042 [Forwarding screenshot on session 29f775b0944de17763e4103a8f329cb7 to remote] DEBUG org.asynchttpclient.netty.request.NettyRequestSender - Using pooled Channel '[id: 0x98171bf7, L:/127.0.0.1:55732 - R:localhost/127.0.0.1:38508]' for 'GET' to 'http://localhost:38508/session/29f775b0944de17763e4103a8f329cb7/screenshot'
10:41:34.042 [Forwarding screenshot on session 29f775b0944de17763e4103a8f329cb7 to remote] DEBUG org.asynchttpclient.netty.request.NettyRequestSender - Using open Channel [id: 0x98171bf7, L:/127.0.0.1:55732 - R:localhost/127.0.0.1:38508] for GET '/session/29f775b0944de17763e4103a8f329cb7/screenshot'
10:41:34.177 [AsyncHttpClient-1-18] DEBUG org.asynchttpclient.netty.handler.HttpHandler - 

Request DefaultFullHttpRequest(decodeResult: success, version: HTTP/1.1, content: EmptyByteBufBE)
GET /session/29f775b0944de17763e4103a8f329cb7/screenshot HTTP/1.1
User-Agent: selenium/4.8.1 (java windows)
Cache-Control: no-cache
Content-Type: application/json; charset=utf-8
host: localhost:38508
accept: */*

Response DefaultHttpResponse(decodeResult: success, version: HTTP/1.1)
HTTP/1.1 200 OK
Content-Length: 29856
Content-Type: application/json; charset=utf-8
cache-control: no-cache

10:41:34.178 [AsyncHttpClient-1-18] DEBUG org.asynchttpclient.netty.channel.ChannelManager - Adding key: http://localhost:38508 for channel [id: 0x98171bf7, L:/127.0.0.1:55732 - R:localhost/127.0.0.1:38508]
10:41:34.179 [main] DEBUG net.serenitybdd.core.photography.Darkroom - Send negative for processing for target\site\serenity\9e56494602212707d8650309051abd85672c9537090c9a4979fd647cb1794c28.png
10:41:34.179 [main] DEBUG net.thucydides.core.steps.StepInterceptor - STEP DONE: clickCartIcon
  &amp#27;[32mAnd &amp#27;[0m&amp#27;[32mI click cart icon&amp#27;[0m                            &amp#27;[90m# starter.stepdefinitions.TransactionSteps.clickCartIcon()&amp#27;[0m
10:41:34.179 [Darkroom Processing Line] DEBUG net.serenitybdd.core.photography.DarkroomProcessingLine - Processing screenshot image in /var/screenshots/screenshot-7516507622694059872
10:41:34.179 [Darkroom Processing Line] DEBUG net.serenitybdd.core.photography.DarkroomProcessingLine - Saving screenshot to target\site\serenity\9e56494602212707d8650309051abd85672c9537090c9a4979fd647cb1794c28.png
10:41:34.184 [Forwarding getPageSource on session 29f775b0944de17763e4103a8f329cb7 to remote] DEBUG org.asynchttpclient.netty.request.NettyRequestSender - Using pooled Channel '[id: 0x98171bf7, L:/127.0.0.1:55732 - R:localhost/127.0.0.1:38508]' for 'POST' to 'http://localhost:38508/session/29f775b0944de17763e4103a8f329cb7/execute/sync'
10:41:34.184 [Forwarding getPageSource on session 29f775b0944de17763e4103a8f329cb7 to remote] DEBUG org.asynchttpclient.netty.request.NettyRequestSender - Using open Channel [id: 0x98171bf7, L:/127.0.0.1:55732 - R:localhost/127.0.0.1:38508] for POST '/session/29f775b0944de17763e4103a8f329cb7/execute/sync'
10:41:34.187 [AsyncHttpClient-1-18] DEBUG org.asynchttpclient.netty.handler.HttpHandler - 

Request DefaultHttpRequest(decodeResult: success, version: HTTP/1.1)
POST /session/29f775b0944de17763e4103a8f329cb7/execute/sync HTTP/1.1
User-Agent: selenium/4.8.1 (java windows)
Content-Length: 176
Content-Type: application/json; charset=utf-8
host: localhost:38508
accept: */*

Response DefaultHttpResponse(decodeResult: success, version: HTTP/1.1)
HTTP/1.1 200 OK
Content-Length: 22158
Content-Type: application/json; charset=utf-8
cache-control: no-cache

10:41:34.187 [AsyncHttpClient-1-18] DEBUG org.asynchttpclient.netty.channel.ChannelManager - Adding key: http://localhost:38508 for channel [id: 0x98171bf7, L:/127.0.0.1:55732 - R:localhost/127.0.0.1:38508]
10:41:34.188 [Forwarding getCurrentUrl on session 29f775b0944de17763e4103a8f329cb7 to remote] DEBUG org.asynchttpclient.netty.request.NettyRequestSender - Using pooled Channel '[id: 0x98171bf7, L:/127.0.0.1:55732 - R:localhost/127.0.0.1:38508]' for 'GET' to 'http://localhost:38508/session/29f775b0944de17763e4103a8f329cb7/url'
10:41:34.188 [Forwarding getCurrentUrl on session 29f775b0944de17763e4103a8f329cb7 to remote] DEBUG org.asynchttpclient.netty.request.NettyRequestSender - Using open Channel [id: 0x98171bf7, L:/127.0.0.1:55732 - R:localhost/127.0.0.1:38508] for GET '/session/29f775b0944de17763e4103a8f329cb7/url'
10:41:34.191 [AsyncHttpClient-1-18] DEBUG org.asynchttpclient.netty.handler.HttpHandler - 

Request DefaultFullHttpRequest(decodeResult: success, version: HTTP/1.1, content: EmptyByteBufBE)
GET /session/29f775b0944de17763e4103a8f329cb7/url HTTP/1.1
User-Agent: selenium/4.8.1 (java windows)
Cache-Control: no-cache
Content-Type: application/json; charset=utf-8
host: localhost:38508
accept: */*

Response DefaultHttpResponse(decodeResult: success, version: HTTP/1.1)
HTTP/1.1 200 OK
Content-Length: 46
Content-Type: application/json; charset=utf-8
cache-control: no-cache

10:41:34.191 [AsyncHttpClient-1-18] DEBUG org.asynchttpclient.netty.channel.ChannelManager - Adding key: http://localhost:38508 for channel [id: 0x98171bf7, L:/127.0.0.1:55732 - R:localhost/127.0.0.1:38508]
10:41:34.196 [Forwarding getPageSource on session 29f775b0944de17763e4103a8f329cb7 to remote] DEBUG org.asynchttpclient.netty.request.NettyRequestSender - Using pooled Channel '[id: 0x98171bf7, L:/127.0.0.1:55732 - R:localhost/127.0.0.1:38508]' for 'POST' to 'http://localhost:38508/session/29f775b0944de17763e4103a8f329cb7/execute/sync'
10:41:34.196 [Forwarding getPageSource on session 29f775b0944de17763e4103a8f329cb7 to remote] DEBUG org.asynchttpclient.netty.request.NettyRequestSender - Using open Channel [id: 0x98171bf7, L:/127.0.0.1:55732 - R:localhost/127.0.0.1:38508] for POST '/session/29f775b0944de17763e4103a8f329cb7/execute/sync'
10:41:34.200 [AsyncHttpClient-1-18] DEBUG org.asynchttpclient.netty.handler.HttpHandler - 

Request DefaultHttpRequest(decodeResult: success, version: HTTP/1.1)
POST /session/29f775b0944de17763e4103a8f329cb7/execute/sync HTTP/1.1
User-Agent: selenium/4.8.1 (java windows)
Content-Length: 176
Content-Type: application/json; charset=utf-8
host: localhost:38508
accept: */*

Response DefaultHttpResponse(decodeResult: success, version: HTTP/1.1)
HTTP/1.1 200 OK
Content-Length: 22158
Content-Type: application/json; charset=utf-8
cache-control: no-cache

10:41:34.200 [AsyncHttpClient-1-18] DEBUG org.asynchttpclient.netty.channel.ChannelManager - Adding key: http://localhost:38508 for channel [id: 0x98171bf7, L:/127.0.0.1:55732 - R:localhost/127.0.0.1:38508]
10:41:34.201 [Forwarding getCurrentUrl on session 29f775b0944de17763e4103a8f329cb7 to remote] DEBUG org.asynchttpclient.netty.request.NettyRequestSender - Using pooled Channel '[id: 0x98171bf7, L:/127.0.0.1:55732 - R:localhost/127.0.0.1:38508]' for 'GET' to 'http://localhost:38508/session/29f775b0944de17763e4103a8f329cb7/url'
10:41:34.201 [Forwarding getCurrentUrl on session 29f775b0944de17763e4103a8f329cb7 to remote] DEBUG org.asynchttpclient.netty.request.NettyRequestSender - Using open Channel [id: 0x98171bf7, L:/127.0.0.1:55732 - R:localhost/127.0.0.1:38508] for GET '/session/29f775b0944de17763e4103a8f329cb7/url'
10:41:34.202 [AsyncHttpClient-1-18] DEBUG org.asynchttpclient.netty.handler.HttpHandler - 

Request DefaultFullHttpRequest(decodeResult: success, version: HTTP/1.1, content: EmptyByteBufBE)
GET /session/29f775b0944de17763e4103a8f329cb7/url HTTP/1.1
User-Agent: selenium/4.8.1 (java windows)
Cache-Control: no-cache
Content-Type: application/json; charset=utf-8
host: localhost:38508
accept: */*

Response DefaultHttpResponse(decodeResult: success, version: HTTP/1.1)
HTTP/1.1 200 OK
Content-Length: 46
Content-Type: application/json; charset=utf-8
cache-control: no-cache

10:41:34.203 [AsyncHttpClient-1-18] DEBUG org.asynchttpclient.netty.channel.ChannelManager - Adding key: http://localhost:38508 for channel [id: 0x98171bf7, L:/127.0.0.1:55732 - R:localhost/127.0.0.1:38508]
10:41:34.205 [main] DEBUG net.thucydides.core.steps.StepInterceptor - STARTING STEP: TransactionSteps.clickBayarButton - clickBayarButton
10:41:34.206 [Forwarding findElement on session 29f775b0944de17763e4103a8f329cb7 to remote] DEBUG org.asynchttpclient.netty.request.NettyRequestSender - Using pooled Channel '[id: 0x98171bf7, L:/127.0.0.1:55732 - R:localhost/127.0.0.1:38508]' for 'POST' to 'http://localhost:38508/session/29f775b0944de17763e4103a8f329cb7/element'
10:41:34.206 [Forwarding findElement on session 29f775b0944de17763e4103a8f329cb7 to remote] DEBUG org.asynchttpclient.netty.request.NettyRequestSender - Using open Channel [id: 0x98171bf7, L:/127.0.0.1:55732 - R:localhost/127.0.0.1:38508] for POST '/session/29f775b0944de17763e4103a8f329cb7/element'
10:41:34.214 [AsyncHttpClient-1-18] DEBUG org.asynchttpclient.netty.handler.HttpHandler - 

Request DefaultHttpRequest(decodeResult: success, version: HTTP/1.1)
POST /session/29f775b0944de17763e4103a8f329cb7/element HTTP/1.1
User-Agent: selenium/4.8.1 (java windows)
Content-Length: 59
Content-Type: application/json; charset=utf-8
host: localhost:38508
accept: */*

Response DefaultHttpResponse(decodeResult: success, version: HTTP/1.1)
HTTP/1.1 200 OK
Content-Length: 88
Content-Type: application/json; charset=utf-8
cache-control: no-cache

10:41:34.214 [AsyncHttpClient-1-18] DEBUG org.asynchttpclient.netty.channel.ChannelManager - Adding key: http://localhost:38508 for channel [id: 0x98171bf7, L:/127.0.0.1:55732 - R:localhost/127.0.0.1:38508]
10:41:34.214 [Forwarding getElementTagName on session 29f775b0944de17763e4103a8f329cb7 to remote] DEBUG org.asynchttpclient.netty.request.NettyRequestSender - Using pooled Channel '[id: 0x98171bf7, L:/127.0.0.1:55732 - R:localhost/127.0.0.1:38508]' for 'GET' to 'http://localhost:38508/session/29f775b0944de17763e4103a8f329cb7/element/bc3fea12-466a-43c8-884d-4c41c3aa368a/name'
10:41:34.214 [Forwarding getElementTagName on session 29f775b0944de17763e4103a8f329cb7 to remote] DEBUG org.asynchttpclient.netty.request.NettyRequestSender - Using open Channel [id: 0x98171bf7, L:/127.0.0.1:55732 - R:localhost/127.0.0.1:38508] for GET '/session/29f775b0944de17763e4103a8f329cb7/element/bc3fea12-466a-43c8-884d-4c41c3aa368a/name'
10:41:34.216 [AsyncHttpClient-1-18] DEBUG org.asynchttpclient.netty.handler.HttpHandler - 

Request DefaultFullHttpRequest(decodeResult: success, version: HTTP/1.1, content: EmptyByteBufBE)
GET /session/29f775b0944de17763e4103a8f329cb7/element/bc3fea12-466a-43c8-884d-4c41c3aa368a/name HTTP/1.1
User-Agent: selenium/4.8.1 (java windows)
Cache-Control: no-cache
Content-Type: application/json; charset=utf-8
host: localhost:38508
accept: */*

Response DefaultHttpResponse(decodeResult: success, version: HTTP/1.1)
HTTP/1.1 200 OK
Content-Length: 18
Content-Type: application/json; charset=utf-8
cache-control: no-cache

10:41:34.217 [AsyncHttpClient-1-18] DEBUG org.asynchttpclient.netty.channel.ChannelManager - Adding key: http://localhost:38508 for channel [id: 0x98171bf7, L:/127.0.0.1:55732 - R:localhost/127.0.0.1:38508]
10:41:34.217 [Forwarding getElementTagName on session 29f775b0944de17763e4103a8f329cb7 to remote] DEBUG org.asynchttpclient.netty.request.NettyRequestSender - Using pooled Channel '[id: 0x98171bf7, L:/127.0.0.1:55732 - R:localhost/127.0.0.1:38508]' for 'GET' to 'http://localhost:38508/session/29f775b0944de17763e4103a8f329cb7/element/bc3fea12-466a-43c8-884d-4c41c3aa368a/name'
10:41:34.217 [Forwarding getElementTagName on session 29f775b0944de17763e4103a8f329cb7 to remote] DEBUG org.asynchttpclient.netty.request.NettyRequestSender - Using open Channel [id: 0x98171bf7, L:/127.0.0.1:55732 - R:localhost/127.0.0.1:38508] for GET '/session/29f775b0944de17763e4103a8f329cb7/element/bc3fea12-466a-43c8-884d-4c41c3aa368a/name'
10:41:34.220 [AsyncHttpClient-1-18] DEBUG org.asynchttpclient.netty.handler.HttpHandler - 

Request DefaultFullHttpRequest(decodeResult: success, version: HTTP/1.1, content: EmptyByteBufBE)
GET /session/29f775b0944de17763e4103a8f329cb7/element/bc3fea12-466a-43c8-884d-4c41c3aa368a/name HTTP/1.1
User-Agent: selenium/4.8.1 (java windows)
Cache-Control: no-cache
Content-Type: application/json; charset=utf-8
host: localhost:38508
accept: */*

Response DefaultHttpResponse(decodeResult: success, version: HTTP/1.1)
HTTP/1.1 200 OK
Content-Length: 18
Content-Type: application/json; charset=utf-8
cache-control: no-cache

10:41:34.220 [AsyncHttpClient-1-18] DEBUG org.asynchttpclient.netty.channel.ChannelManager - Adding key: http://localhost:38508 for channel [id: 0x98171bf7, L:/127.0.0.1:55732 - R:localhost/127.0.0.1:38508]
10:41:34.221 [Forwarding isElementEnabled on session 29f775b0944de17763e4103a8f329cb7 to remote] DEBUG org.asynchttpclient.netty.request.NettyRequestSender - Using pooled Channel '[id: 0x98171bf7, L:/127.0.0.1:55732 - R:localhost/127.0.0.1:38508]' for 'GET' to 'http://localhost:38508/session/29f775b0944de17763e4103a8f329cb7/element/bc3fea12-466a-43c8-884d-4c41c3aa368a/enabled'
10:41:34.221 [Forwarding isElementEnabled on session 29f775b0944de17763e4103a8f329cb7 to remote] DEBUG org.asynchttpclient.netty.request.NettyRequestSender - Using open Channel [id: 0x98171bf7, L:/127.0.0.1:55732 - R:localhost/127.0.0.1:38508] for GET '/session/29f775b0944de17763e4103a8f329cb7/element/bc3fea12-466a-43c8-884d-4c41c3aa368a/enabled'
10:41:34.226 [AsyncHttpClient-1-18] DEBUG org.asynchttpclient.netty.handler.HttpHandler - 

Request DefaultFullHttpRequest(decodeResult: success, version: HTTP/1.1, content: EmptyByteBufBE)
GET /session/29f775b0944de17763e4103a8f329cb7/element/bc3fea12-466a-43c8-884d-4c41c3aa368a/enabled HTTP/1.1
User-Agent: selenium/4.8.1 (java windows)
Cache-Control: no-cache
Content-Type: application/json; charset=utf-8
host: localhost:38508
accept: */*

Response DefaultHttpResponse(decodeResult: success, version: HTTP/1.1)
HTTP/1.1 200 OK
Content-Length: 14
Content-Type: application/json; charset=utf-8
cache-control: no-cache

10:41:34.226 [AsyncHttpClient-1-18] DEBUG org.asynchttpclient.netty.channel.ChannelManager - Adding key: http://localhost:38508 for channel [id: 0x98171bf7, L:/127.0.0.1:55732 - R:localhost/127.0.0.1:38508]
10:41:34.227 [Forwarding isElementEnabled on session 29f775b0944de17763e4103a8f329cb7 to remote] DEBUG org.asynchttpclient.netty.request.NettyRequestSender - Using pooled Channel '[id: 0x98171bf7, L:/127.0.0.1:55732 - R:localhost/127.0.0.1:38508]' for 'GET' to 'http://localhost:38508/session/29f775b0944de17763e4103a8f329cb7/element/bc3fea12-466a-43c8-884d-4c41c3aa368a/enabled'
10:41:34.227 [Forwarding isElementEnabled on session 29f775b0944de17763e4103a8f329cb7 to remote] DEBUG org.asynchttpclient.netty.request.NettyRequestSender - Using open Channel [id: 0x98171bf7, L:/127.0.0.1:55732 - R:localhost/127.0.0.1:38508] for GET '/session/29f775b0944de17763e4103a8f329cb7/element/bc3fea12-466a-43c8-884d-4c41c3aa368a/enabled'
10:41:34.230 [AsyncHttpClient-1-18] DEBUG org.asynchttpclient.netty.handler.HttpHandler - 

Request DefaultFullHttpRequest(decodeResult: success, version: HTTP/1.1, content: EmptyByteBufBE)
GET /session/29f775b0944de17763e4103a8f329cb7/element/bc3fea12-466a-43c8-884d-4c41c3aa368a/enabled HTTP/1.1
User-Agent: selenium/4.8.1 (java windows)
Cache-Control: no-cache
Content-Type: application/json; charset=utf-8
host: localhost:38508
accept: */*

Response DefaultHttpResponse(decodeResult: success, version: HTTP/1.1)
HTTP/1.1 200 OK
Content-Length: 14
Content-Type: application/json; charset=utf-8
cache-control: no-cache

10:41:34.231 [AsyncHttpClient-1-18] DEBUG org.asynchttpclient.netty.channel.ChannelManager - Adding key: http://localhost:38508 for channel [id: 0x98171bf7, L:/127.0.0.1:55732 - R:localhost/127.0.0.1:38508]
10:41:34.232 [Forwarding findElement on session 29f775b0944de17763e4103a8f329cb7 to remote] DEBUG org.asynchttpclient.netty.request.NettyRequestSender - Using pooled Channel '[id: 0x98171bf7, L:/127.0.0.1:55732 - R:localhost/127.0.0.1:38508]' for 'POST' to 'http://localhost:38508/session/29f775b0944de17763e4103a8f329cb7/element'
10:41:34.232 [Forwarding findElement on session 29f775b0944de17763e4103a8f329cb7 to remote] DEBUG org.asynchttpclient.netty.request.NettyRequestSender - Using open Channel [id: 0x98171bf7, L:/127.0.0.1:55732 - R:localhost/127.0.0.1:38508] for POST '/session/29f775b0944de17763e4103a8f329cb7/element'
10:41:34.238 [AsyncHttpClient-1-18] DEBUG org.asynchttpclient.netty.handler.HttpHandler - 

Request DefaultHttpRequest(decodeResult: success, version: HTTP/1.1)
POST /session/29f775b0944de17763e4103a8f329cb7/element HTTP/1.1
User-Agent: selenium/4.8.1 (java windows)
Content-Length: 59
Content-Type: application/json; charset=utf-8
host: localhost:38508
accept: */*

Response DefaultHttpResponse(decodeResult: success, version: HTTP/1.1)
HTTP/1.1 200 OK
Content-Length: 88
Content-Type: application/json; charset=utf-8
cache-control: no-cache

10:41:34.238 [AsyncHttpClient-1-18] DEBUG org.asynchttpclient.netty.channel.ChannelManager - Adding key: http://localhost:38508 for channel [id: 0x98171bf7, L:/127.0.0.1:55732 - R:localhost/127.0.0.1:38508]
10:41:34.239 [Forwarding clickElement on session 29f775b0944de17763e4103a8f329cb7 to remote] DEBUG org.asynchttpclient.netty.request.NettyRequestSender - Using pooled Channel '[id: 0x98171bf7, L:/127.0.0.1:55732 - R:localhost/127.0.0.1:38508]' for 'POST' to 'http://localhost:38508/session/29f775b0944de17763e4103a8f329cb7/element/bc3fea12-466a-43c8-884d-4c41c3aa368a/click'
10:41:34.239 [Forwarding clickElement on session 29f775b0944de17763e4103a8f329cb7 to remote] DEBUG org.asynchttpclient.netty.request.NettyRequestSender - Using open Channel [id: 0x98171bf7, L:/127.0.0.1:55732 - R:localhost/127.0.0.1:38508] for POST '/session/29f775b0944de17763e4103a8f329cb7/element/bc3fea12-466a-43c8-884d-4c41c3aa368a/click'
10:41:34.271 [AsyncHttpClient-1-18] DEBUG org.asynchttpclient.netty.handler.HttpHandler - 

Request DefaultHttpRequest(decodeResult: success, version: HTTP/1.1)
POST /session/29f775b0944de17763e4103a8f329cb7/element/bc3fea12-466a-43c8-884d-4c41c3aa368a/click HTTP/1.1
User-Agent: selenium/4.8.1 (java windows)
Content-Length: 50
Content-Type: application/json; charset=utf-8
host: localhost:38508
accept: */*

Response DefaultHttpResponse(decodeResult: success, version: HTTP/1.1)
HTTP/1.1 200 OK
Content-Length: 14
Content-Type: application/json; charset=utf-8
cache-control: no-cache

10:41:34.272 [AsyncHttpClient-1-18] DEBUG org.asynchttpclient.netty.channel.ChannelManager - Adding key: http://localhost:38508 for channel [id: 0x98171bf7, L:/127.0.0.1:55732 - R:localhost/127.0.0.1:38508]
10:41:34.276 [Forwarding getAlertText on session 29f775b0944de17763e4103a8f329cb7 to remote] DEBUG org.asynchttpclient.netty.request.NettyRequestSender - Using pooled Channel '[id: 0x98171bf7, L:/127.0.0.1:55732 - R:localhost/127.0.0.1:38508]' for 'GET' to 'http://localhost:38508/session/29f775b0944de17763e4103a8f329cb7/alert/text'
10:41:34.276 [Forwarding getAlertText on session 29f775b0944de17763e4103a8f329cb7 to remote] DEBUG org.asynchttpclient.netty.request.NettyRequestSender - Using open Channel [id: 0x98171bf7, L:/127.0.0.1:55732 - R:localhost/127.0.0.1:38508] for GET '/session/29f775b0944de17763e4103a8f329cb7/alert/text'
10:41:34.277 [AsyncHttpClient-1-18] DEBUG org.asynchttpclient.netty.handler.HttpHandler - 

Request DefaultFullHttpRequest(decodeResult: success, version: HTTP/1.1, content: EmptyByteBufBE)
GET /session/29f775b0944de17763e4103a8f329cb7/alert/text HTTP/1.1
User-Agent: selenium/4.8.1 (java windows)
Cache-Control: no-cache
Content-Type: application/json; charset=utf-8
host: localhost:38508
accept: */*

Response DefaultHttpResponse(decodeResult: success, version: HTTP/1.1)
HTTP/1.1 404 Not Found
Content-Length: 836
Content-Type: application/json; charset=utf-8
cache-control: no-cache

10:41:34.277 [AsyncHttpClient-1-18] DEBUG org.asynchttpclient.netty.channel.ChannelManager - Adding key: http://localhost:38508 for channel [id: 0x98171bf7, L:/127.0.0.1:55732 - R:localhost/127.0.0.1:38508]
10:41:34.277 [Forwarding getCurrentUrl on session 29f775b0944de17763e4103a8f329cb7 to remote] DEBUG org.asynchttpclient.netty.request.NettyRequestSender - Using pooled Channel '[id: 0x98171bf7, L:/127.0.0.1:55732 - R:localhost/127.0.0.1:38508]' for 'GET' to 'http://localhost:38508/session/29f775b0944de17763e4103a8f329cb7/url'
10:41:34.277 [Forwarding getCurrentUrl on session 29f775b0944de17763e4103a8f329cb7 to remote] DEBUG org.asynchttpclient.netty.request.NettyRequestSender - Using open Channel [id: 0x98171bf7, L:/127.0.0.1:55732 - R:localhost/127.0.0.1:38508] for GET '/session/29f775b0944de17763e4103a8f329cb7/url'
10:41:34.280 [AsyncHttpClient-1-18] DEBUG org.asynchttpclient.netty.handler.HttpHandler - 

Request DefaultFullHttpRequest(decodeResult: success, version: HTTP/1.1, content: EmptyByteBufBE)
GET /session/29f775b0944de17763e4103a8f329cb7/url HTTP/1.1
User-Agent: selenium/4.8.1 (java windows)
Cache-Control: no-cache
Content-Type: application/json; charset=utf-8
host: localhost:38508
accept: */*

Response DefaultHttpResponse(decodeResult: success, version: HTTP/1.1)
HTTP/1.1 200 OK
Content-Length: 129
Content-Type: application/json; charset=utf-8
cache-control: no-cache

10:41:34.280 [AsyncHttpClient-1-18] DEBUG org.asynchttpclient.netty.channel.ChannelManager - Adding key: http://localhost:38508 for channel [id: 0x98171bf7, L:/127.0.0.1:55732 - R:localhost/127.0.0.1:38508]
10:41:34.281 [Forwarding screenshot on session 29f775b0944de17763e4103a8f329cb7 to remote] DEBUG org.asynchttpclient.netty.request.NettyRequestSender - Using pooled Channel '[id: 0x98171bf7, L:/127.0.0.1:55732 - R:localhost/127.0.0.1:38508]' for 'GET' to 'http://localhost:38508/session/29f775b0944de17763e4103a8f329cb7/screenshot'
10:41:34.281 [Forwarding screenshot on session 29f775b0944de17763e4103a8f329cb7 to remote] DEBUG org.asynchttpclient.netty.request.NettyRequestSender - Using open Channel [id: 0x98171bf7, L:/127.0.0.1:55732 - R:localhost/127.0.0.1:38508] for GET '/session/29f775b0944de17763e4103a8f329cb7/screenshot'
10:41:34.371 [AsyncHttpClient-1-18] DEBUG org.asynchttpclient.netty.handler.HttpHandler - 

Request DefaultFullHttpRequest(decodeResult: success, version: HTTP/1.1, content: EmptyByteBufBE)
GET /session/29f775b0944de17763e4103a8f329cb7/screenshot HTTP/1.1
User-Agent: selenium/4.8.1 (java windows)
Cache-Control: no-cache
Content-Type: application/json; charset=utf-8
host: localhost:38508
accept: */*

Response DefaultHttpResponse(decodeResult: success, version: HTTP/1.1)
HTTP/1.1 200 OK
Content-Length: 26808
Content-Type: application/json; charset=utf-8
cache-control: no-cache

10:41:34.371 [AsyncHttpClient-1-18] DEBUG org.asynchttpclient.netty.channel.ChannelManager - Adding key: http://localhost:38508 for channel [id: 0x98171bf7, L:/127.0.0.1:55732 - R:localhost/127.0.0.1:38508]
10:41:34.372 [main] DEBUG net.serenitybdd.core.photography.Darkroom - Send negative for processing for target\site\serenity\7605180211cc7cdc24ba023a600a3a167edad600dad96e40c0a9b3c918a7aa49.png
10:41:34.372 [main] DEBUG net.thucydides.core.steps.StepInterceptor - STEP DONE: clickBayarButton
  &amp#27;[32mWhen &amp#27;[0m&amp#27;[32mI click BAYAR button&amp#27;[0m                        &amp#27;[90m# starter.stepdefinitions.TransactionSteps.clickBayarButton()&amp#27;[0m
10:41:34.372 [Darkroom Processing Line] DEBUG net.serenitybdd.core.photography.DarkroomProcessingLine - Processing screenshot image in /var/screenshots/screenshot-6949585925943686258
10:41:34.372 [Darkroom Processing Line] DEBUG net.serenitybdd.core.photography.DarkroomProcessingLine - Saving screenshot to target\site\serenity\7605180211cc7cdc24ba023a600a3a167edad600dad96e40c0a9b3c918a7aa49.png
10:41:34.377 [Forwarding getPageSource on session 29f775b0944de17763e4103a8f329cb7 to remote] DEBUG org.asynchttpclient.netty.request.NettyRequestSender - Using pooled Channel '[id: 0x98171bf7, L:/127.0.0.1:55732 - R:localhost/127.0.0.1:38508]' for 'POST' to 'http://localhost:38508/session/29f775b0944de17763e4103a8f329cb7/execute/sync'
10:41:34.377 [Forwarding getPageSource on session 29f775b0944de17763e4103a8f329cb7 to remote] DEBUG org.asynchttpclient.netty.request.NettyRequestSender - Using open Channel [id: 0x98171bf7, L:/127.0.0.1:55732 - R:localhost/127.0.0.1:38508] for POST '/session/29f775b0944de17763e4103a8f329cb7/execute/sync'
10:41:34.381 [AsyncHttpClient-1-18] DEBUG org.asynchttpclient.netty.handler.HttpHandler - 

Request DefaultHttpRequest(decodeResult: success, version: HTTP/1.1)
POST /session/29f775b0944de17763e4103a8f329cb7/execute/sync HTTP/1.1
User-Agent: selenium/4.8.1 (java windows)
Content-Length: 176
Content-Type: application/json; charset=utf-8
host: localhost:38508
accept: */*

Response DefaultHttpResponse(decodeResult: success, version: HTTP/1.1)
HTTP/1.1 200 OK
Content-Length: 22033
Content-Type: application/json; charset=utf-8
cache-control: no-cache

10:41:34.381 [AsyncHttpClient-1-18] DEBUG org.asynchttpclient.netty.channel.ChannelManager - Adding key: http://localhost:38508 for channel [id: 0x98171bf7, L:/127.0.0.1:55732 - R:localhost/127.0.0.1:38508]
10:41:34.382 [Forwarding getCurrentUrl on session 29f775b0944de17763e4103a8f329cb7 to remote] DEBUG org.asynchttpclient.netty.request.NettyRequestSender - Using pooled Channel '[id: 0x98171bf7, L:/127.0.0.1:55732 - R:localhost/127.0.0.1:38508]' for 'GET' to 'http://localhost:38508/session/29f775b0944de17763e4103a8f329cb7/url'
10:41:34.382 [Forwarding getCurrentUrl on session 29f775b0944de17763e4103a8f329cb7 to remote] DEBUG org.asynchttpclient.netty.request.NettyRequestSender - Using open Channel [id: 0x98171bf7, L:/127.0.0.1:55732 - R:localhost/127.0.0.1:38508] for GET '/session/29f775b0944de17763e4103a8f329cb7/url'
10:41:34.385 [AsyncHttpClient-1-18] DEBUG org.asynchttpclient.netty.handler.HttpHandler - 

Request DefaultFullHttpRequest(decodeResult: success, version: HTTP/1.1, content: EmptyByteBufBE)
GET /session/29f775b0944de17763e4103a8f329cb7/url HTTP/1.1
User-Agent: selenium/4.8.1 (java windows)
Cache-Control: no-cache
Content-Type: application/json; charset=utf-8
host: localhost:38508
accept: */*

Response DefaultHttpResponse(decodeResult: success, version: HTTP/1.1)
HTTP/1.1 200 OK
Content-Length: 129
Content-Type: application/json; charset=utf-8
cache-control: no-cache

10:41:34.385 [AsyncHttpClient-1-18] DEBUG org.asynchttpclient.netty.channel.ChannelManager - Adding key: http://localhost:38508 for channel [id: 0x98171bf7, L:/127.0.0.1:55732 - R:localhost/127.0.0.1:38508]
10:41:34.390 [Forwarding getPageSource on session 29f775b0944de17763e4103a8f329cb7 to remote] DEBUG org.asynchttpclient.netty.request.NettyRequestSender - Using pooled Channel '[id: 0x98171bf7, L:/127.0.0.1:55732 - R:localhost/127.0.0.1:38508]' for 'POST' to 'http://localhost:38508/session/29f775b0944de17763e4103a8f329cb7/execute/sync'
10:41:34.390 [Forwarding getPageSource on session 29f775b0944de17763e4103a8f329cb7 to remote] DEBUG org.asynchttpclient.netty.request.NettyRequestSender - Using open Channel [id: 0x98171bf7, L:/127.0.0.1:55732 - R:localhost/127.0.0.1:38508] for POST '/session/29f775b0944de17763e4103a8f329cb7/execute/sync'
10:41:34.393 [AsyncHttpClient-1-18] DEBUG org.asynchttpclient.netty.handler.HttpHandler - 

Request DefaultHttpRequest(decodeResult: success, version: HTTP/1.1)
POST /session/29f775b0944de17763e4103a8f329cb7/execute/sync HTTP/1.1
User-Agent: selenium/4.8.1 (java windows)
Content-Length: 176
Content-Type: application/json; charset=utf-8
host: localhost:38508
accept: */*

Response DefaultHttpResponse(decodeResult: success, version: HTTP/1.1)
HTTP/1.1 200 OK
Content-Length: 22033
Content-Type: application/json; charset=utf-8
cache-control: no-cache

10:41:34.393 [AsyncHttpClient-1-18] DEBUG org.asynchttpclient.netty.channel.ChannelManager - Adding key: http://localhost:38508 for channel [id: 0x98171bf7, L:/127.0.0.1:55732 - R:localhost/127.0.0.1:38508]
10:41:34.394 [Forwarding getCurrentUrl on session 29f775b0944de17763e4103a8f329cb7 to remote] DEBUG org.asynchttpclient.netty.request.NettyRequestSender - Using pooled Channel '[id: 0x98171bf7, L:/127.0.0.1:55732 - R:localhost/127.0.0.1:38508]' for 'GET' to 'http://localhost:38508/session/29f775b0944de17763e4103a8f329cb7/url'
10:41:34.394 [Forwarding getCurrentUrl on session 29f775b0944de17763e4103a8f329cb7 to remote] DEBUG org.asynchttpclient.netty.request.NettyRequestSender - Using open Channel [id: 0x98171bf7, L:/127.0.0.1:55732 - R:localhost/127.0.0.1:38508] for GET '/session/29f775b0944de17763e4103a8f329cb7/url'
10:41:34.396 [AsyncHttpClient-1-18] DEBUG org.asynchttpclient.netty.handler.HttpHandler - 

Request DefaultFullHttpRequest(decodeResult: success, version: HTTP/1.1, content: EmptyByteBufBE)
GET /session/29f775b0944de17763e4103a8f329cb7/url HTTP/1.1
User-Agent: selenium/4.8.1 (java windows)
Cache-Control: no-cache
Content-Type: application/json; charset=utf-8
host: localhost:38508
accept: */*

Response DefaultHttpResponse(decodeResult: success, version: HTTP/1.1)
HTTP/1.1 200 OK
Content-Length: 129
Content-Type: application/json; charset=utf-8
cache-control: no-cache

10:41:34.396 [AsyncHttpClient-1-18] DEBUG org.asynchttpclient.netty.channel.ChannelManager - Adding key: http://localhost:38508 for channel [id: 0x98171bf7, L:/127.0.0.1:55732 - R:localhost/127.0.0.1:38508]
10:41:34.398 [main] DEBUG net.thucydides.core.steps.StepInterceptor - STARTING STEP: TransactionSteps.validateOnLoginPage - validateOnLoginPage
10:41:34.399 [Forwarding findElement on session 29f775b0944de17763e4103a8f329cb7 to remote] DEBUG org.asynchttpclient.netty.request.NettyRequestSender - Using pooled Channel '[id: 0x98171bf7, L:/127.0.0.1:55732 - R:localhost/127.0.0.1:38508]' for 'POST' to 'http://localhost:38508/session/29f775b0944de17763e4103a8f329cb7/element'
10:41:34.399 [Forwarding findElement on session 29f775b0944de17763e4103a8f329cb7 to remote] DEBUG org.asynchttpclient.netty.request.NettyRequestSender - Using open Channel [id: 0x98171bf7, L:/127.0.0.1:55732 - R:localhost/127.0.0.1:38508] for POST '/session/29f775b0944de17763e4103a8f329cb7/element'
10:41:34.407 [AsyncHttpClient-1-18] DEBUG org.asynchttpclient.netty.handler.HttpHandler - 

Request DefaultHttpRequest(decodeResult: success, version: HTTP/1.1)
POST /session/29f775b0944de17763e4103a8f329cb7/element HTTP/1.1
User-Agent: selenium/4.8.1 (java windows)
Content-Length: 71
Content-Type: application/json; charset=utf-8
host: localhost:38508
accept: */*

Response DefaultHttpResponse(decodeResult: success, version: HTTP/1.1)
HTTP/1.1 200 OK
Content-Length: 88
Content-Type: application/json; charset=utf-8
cache-control: no-cache

10:41:34.407 [AsyncHttpClient-1-18] DEBUG org.asynchttpclient.netty.channel.ChannelManager - Adding key: http://localhost:38508 for channel [id: 0x98171bf7, L:/127.0.0.1:55732 - R:localhost/127.0.0.1:38508]
10:41:34.409 [Forwarding isElementDisplayed on session 29f775b0944de17763e4103a8f329cb7 to remote] DEBUG org.asynchttpclient.netty.request.NettyRequestSender - Using pooled Channel '[id: 0x98171bf7, L:/127.0.0.1:55732 - R:localhost/127.0.0.1:38508]' for 'POST' to 'http://localhost:38508/session/29f775b0944de17763e4103a8f329cb7/execute/sync'
10:41:34.409 [Forwarding isElementDisplayed on session 29f775b0944de17763e4103a8f329cb7 to remote] DEBUG org.asynchttpclient.netty.request.NettyRequestSender - Using open Channel [id: 0x98171bf7, L:/127.0.0.1:55732 - R:localhost/127.0.0.1:38508] for POST '/session/29f775b0944de17763e4103a8f329cb7/execute/sync'
10:41:34.420 [AsyncHttpClient-1-18] DEBUG org.asynchttpclient.netty.handler.HttpHandler - 

Request DefaultHttpRequest(decodeResult: success, version: HTTP/1.1)
POST /session/29f775b0944de17763e4103a8f329cb7/execute/sync HTTP/1.1
User-Agent: selenium/4.8.1 (java windows)
Content-Length: 48807
Content-Type: application/json; charset=utf-8
host: localhost:38508
accept: */*

Response DefaultHttpResponse(decodeResult: success, version: HTTP/1.1)
HTTP/1.1 200 OK
Content-Length: 14
Content-Type: application/json; charset=utf-8
cache-control: no-cache

10:41:34.420 [AsyncHttpClient-1-18] DEBUG org.asynchttpclient.netty.channel.ChannelManager - Adding key: http://localhost:38508 for channel [id: 0x98171bf7, L:/127.0.0.1:55732 - R:localhost/127.0.0.1:38508]
10:41:34.422 [Forwarding getAlertText on session 29f775b0944de17763e4103a8f329cb7 to remote] DEBUG org.asynchttpclient.netty.request.NettyRequestSender - Using pooled Channel '[id: 0x98171bf7, L:/127.0.0.1:55732 - R:localhost/127.0.0.1:38508]' for 'GET' to 'http://localhost:38508/session/29f775b0944de17763e4103a8f329cb7/alert/text'
10:41:34.422 [Forwarding getAlertText on session 29f775b0944de17763e4103a8f329cb7 to remote] DEBUG org.asynchttpclient.netty.request.NettyRequestSender - Using open Channel [id: 0x98171bf7, L:/127.0.0.1:55732 - R:localhost/127.0.0.1:38508] for GET '/session/29f775b0944de17763e4103a8f329cb7/alert/text'
10:41:34.423 [AsyncHttpClient-1-18] DEBUG org.asynchttpclient.netty.handler.HttpHandler - 

Request DefaultFullHttpRequest(decodeResult: success, version: HTTP/1.1, content: EmptyByteBufBE)
GET /session/29f775b0944de17763e4103a8f329cb7/alert/text HTTP/1.1
User-Agent: selenium/4.8.1 (java windows)
Cache-Control: no-cache
Content-Type: application/json; charset=utf-8
host: localhost:38508
accept: */*

Response DefaultHttpResponse(decodeResult: success, version: HTTP/1.1)
HTTP/1.1 404 Not Found
Content-Length: 836
Content-Type: application/json; charset=utf-8
cache-control: no-cache

10:41:34.423 [AsyncHttpClient-1-18] DEBUG org.asynchttpclient.netty.channel.ChannelManager - Adding key: http://localhost:38508 for channel [id: 0x98171bf7, L:/127.0.0.1:55732 - R:localhost/127.0.0.1:38508]
10:41:34.424 [Forwarding getCurrentUrl on session 29f775b0944de17763e4103a8f329cb7 to remote] DEBUG org.asynchttpclient.netty.request.NettyRequestSender - Using pooled Channel '[id: 0x98171bf7, L:/127.0.0.1:55732 - R:localhost/127.0.0.1:38508]' for 'GET' to 'http://localhost:38508/session/29f775b0944de17763e4103a8f329cb7/url'
10:41:34.424 [Forwarding getCurrentUrl on session 29f775b0944de17763e4103a8f329cb7 to remote] DEBUG org.asynchttpclient.netty.request.NettyRequestSender - Using open Channel [id: 0x98171bf7, L:/127.0.0.1:55732 - R:localhost/127.0.0.1:38508] for GET '/session/29f775b0944de17763e4103a8f329cb7/url'
10:41:34.427 [AsyncHttpClient-1-18] DEBUG org.asynchttpclient.netty.handler.HttpHandler - 

Request DefaultFullHttpRequest(decodeResult: success, version: HTTP/1.1, content: EmptyByteBufBE)
GET /session/29f775b0944de17763e4103a8f329cb7/url HTTP/1.1
User-Agent: selenium/4.8.1 (java windows)
Cache-Control: no-cache
Content-Type: application/json; charset=utf-8
host: localhost:38508
accept: */*

Response DefaultHttpResponse(decodeResult: success, version: HTTP/1.1)
HTTP/1.1 200 OK
Content-Length: 129
Content-Type: application/json; charset=utf-8
cache-control: no-cache

10:41:34.427 [AsyncHttpClient-1-18] DEBUG org.asynchttpclient.netty.channel.ChannelManager - Adding key: http://localhost:38508 for channel [id: 0x98171bf7, L:/127.0.0.1:55732 - R:localhost/127.0.0.1:38508]
10:41:34.427 [Forwarding screenshot on session 29f775b0944de17763e4103a8f329cb7 to remote] DEBUG org.asynchttpclient.netty.request.NettyRequestSender - Using pooled Channel '[id: 0x98171bf7, L:/127.0.0.1:55732 - R:localhost/127.0.0.1:38508]' for 'GET' to 'http://localhost:38508/session/29f775b0944de17763e4103a8f329cb7/screenshot'
10:41:34.427 [Forwarding screenshot on session 29f775b0944de17763e4103a8f329cb7 to remote] DEBUG org.asynchttpclient.netty.request.NettyRequestSender - Using open Channel [id: 0x98171bf7, L:/127.0.0.1:55732 - R:localhost/127.0.0.1:38508] for GET '/session/29f775b0944de17763e4103a8f329cb7/screenshot'
10:41:34.511 [AsyncHttpClient-1-18] DEBUG org.asynchttpclient.netty.handler.HttpHandler - 

Request DefaultFullHttpRequest(decodeResult: success, version: HTTP/1.1, content: EmptyByteBufBE)
GET /session/29f775b0944de17763e4103a8f329cb7/screenshot HTTP/1.1
User-Agent: selenium/4.8.1 (java windows)
Cache-Control: no-cache
Content-Type: application/json; charset=utf-8
host: localhost:38508
accept: */*

Response DefaultHttpResponse(decodeResult: success, version: HTTP/1.1)
HTTP/1.1 200 OK
Content-Length: 26212
Content-Type: application/json; charset=utf-8
cache-control: no-cache

10:41:34.511 [AsyncHttpClient-1-18] DEBUG org.asynchttpclient.netty.channel.ChannelManager - Adding key: http://localhost:38508 for channel [id: 0x98171bf7, L:/127.0.0.1:55732 - R:localhost/127.0.0.1:38508]
10:41:34.512 [main] DEBUG net.serenitybdd.core.photography.Darkroom - Send negative for processing for target\site\serenity\a0c0d3f172e010ddd19deb24bdd629f1972f384234d56b966ca60c13d7b41fb1.png
10:41:34.512 [main] DEBUG net.thucydides.core.steps.StepInterceptor - STEP DONE: validateOnLoginPage
  &amp#27;[32mThen &amp#27;[0m&amp#27;[32mI redirected to login page&amp#27;[0m                  &amp#27;[90m# starter.stepdefinitions.TransactionSteps.validateOnLoginPage()&amp#27;[0m
10:41:34.513 [Darkroom Processing Line] DEBUG net.serenitybdd.core.photography.DarkroomProcessingLine - Processing screenshot image in /var/screenshots/screenshot-3054802516849940143
10:41:34.513 [Darkroom Processing Line] DEBUG net.serenitybdd.core.photography.DarkroomProcessingLine - Saving screenshot to target\site\serenity\a0c0d3f172e010ddd19deb24bdd629f1972f384234d56b966ca60c13d7b41fb1.png
10:41:34.516 [main] INFO  - 
  _____   ___   ___   _____     ___     _     ___   ___   ___   ___  
 |_   _| | __| / __| |_   _|   | _ \   /_\   / __| / __| | __| |   \ 
   | |   | _|  \__ \   | |     |  _/  / _ \  \__ \ \__ \ | _|  | |) |
   |_|   |___| |___/   |_|     |_|   /_/ \_\ |___/ |___/ |___| |___/ 

Failed to pay when user hasn't login yet
----------------------------------------------------------------------
10:41:34.517 [AsyncHttpClient-1-20] DEBUG org.asynchttpclient.netty.handler.WebSocketHandler - Channel Closed: [id: 0x38eb9768, L:/127.0.0.1:55741 ! R:localhost/127.0.0.1:55734] with attribute NettyResponseFuture{currentRetry=0,
	isDone=1,
	isCancelled=0,
	asyncHandler=org.asynchttpclient.ws.WebSocketUpgradeHandler@22dcbd76,
	nettyRequest=org.asynchttpclient.netty.request.NettyRequest@454e8e89,
	future=java.util.concurrent.CompletableFuture@162fffc8[Completed normally],
	uri=ws://localhost:55734/devtools/browser/6243178d-7585-449e-8043-f8b274711e6f,
	keepAlive=true,
	redirectCount=0,
	timeoutsHolder=null,
	inAuth=0,
	touch=1683430891962}
10:41:34.517 [AsyncHttpClient-1-20] DEBUG org.asynchttpclient.netty.channel.ChannelManager - Closing Channel [id: 0x38eb9768, L:/127.0.0.1:55741 ! R:localhost/127.0.0.1:55734] 
10:41:34.517 [Driver Command Executor] DEBUG org.asynchttpclient.netty.request.NettyRequestSender - Using pooled Channel '[id: 0x98171bf7, L:/127.0.0.1:55732 - R:localhost/127.0.0.1:38508]' for 'DELETE' to 'http://localhost:38508/session/29f775b0944de17763e4103a8f329cb7'
10:41:34.517 [Driver Command Executor] DEBUG org.asynchttpclient.netty.request.NettyRequestSender - Using open Channel [id: 0x98171bf7, L:/127.0.0.1:55732 - R:localhost/127.0.0.1:38508] for DELETE '/session/29f775b0944de17763e4103a8f329cb7'
10:41:34.541 [AsyncHttpClient-1-19] DEBUG org.asynchttpclient.netty.handler.HttpHandler - Unexpected I/O exception on channel [id: 0xc390a53d, L:/127.0.0.1:55740 - R:localhost/127.0.0.1:55734]
java.net.SocketException: Connection reset
	at java.base/sun.nio.ch.SocketChannelImpl.throwConnectionReset(SocketChannelImpl.java:367)
	at java.base/sun.nio.ch.SocketChannelImpl.read(SocketChannelImpl.java:398)
	at io.netty.buffer.PooledByteBuf.setBytes(PooledByteBuf.java:259)
	at io.netty.buffer.AbstractByteBuf.writeBytes(AbstractByteBuf.java:1132)
	at io.netty.channel.socket.nio.NioSocketChannel.doReadBytes(NioSocketChannel.java:357)
	at io.netty.channel.nio.AbstractNioByteChannel$NioByteUnsafe.read(AbstractNioByteChannel.java:151)
	at io.netty.channel.nio.NioEventLoop.processSelectedKey(NioEventLoop.java:788)
	at io.netty.channel.nio.NioEventLoop.processSelectedKeysOptimized(NioEventLoop.java:724)
	at io.netty.channel.nio.NioEventLoop.processSelectedKeys(NioEventLoop.java:650)
	at io.netty.channel.nio.NioEventLoop.run(NioEventLoop.java:562)
	at io.netty.util.concurrent.SingleThreadEventExecutor$4.run(SingleThreadEventExecutor.java:997)
	at io.netty.util.internal.ThreadExecutorMap$2.run(ThreadExecutorMap.java:74)
	at io.netty.util.concurrent.FastThreadLocalRunnable.run(FastThreadLocalRunnable.java:30)
	at java.base/java.lang.Thread.run(Thread.java:832)
10:41:34.541 [AsyncHttpClient-1-19] DEBUG org.asynchttpclient.netty.channel.ChannelManager - Closing Channel [id: 0xc390a53d, L:/127.0.0.1:55740 - R:localhost/127.0.0.1:55734] 
10:41:34.541 [AsyncHttpClient-1-19] DEBUG org.asynchttpclient.netty.handler.HttpHandler - Channel Closed: [id: 0xc390a53d, L:/127.0.0.1:55740 ! R:localhost/127.0.0.1:55734] with attribute DISCARD
10:41:34.553 [AsyncHttpClient-1-18] DEBUG org.asynchttpclient.netty.handler.HttpHandler - 

Request DefaultFullHttpRequest(decodeResult: success, version: HTTP/1.1, content: EmptyByteBufBE)
DELETE /session/29f775b0944de17763e4103a8f329cb7 HTTP/1.1
User-Agent: selenium/4.8.1 (java windows)
Content-Type: application/json; charset=utf-8
host: localhost:38508
accept: */*

Response DefaultHttpResponse(decodeResult: success, version: HTTP/1.1)
HTTP/1.1 200 OK
Content-Length: 14
Content-Type: application/json; charset=utf-8
cache-control: no-cache

10:41:34.553 [AsyncHttpClient-1-18] DEBUG org.asynchttpclient.netty.channel.ChannelManager - Adding key: http://localhost:38508 for channel [id: 0x98171bf7, L:/127.0.0.1:55732 - R:localhost/127.0.0.1:38508]
10:41:34.605 [AsyncHttpClient-1-1] DEBUG org.asynchttpclient.netty.channel.DefaultChannelPool - Entry count for : http://localhost:55734 : 1
10:41:34.605 [AsyncHttpClient-1-1] DEBUG org.asynchttpclient.netty.channel.DefaultChannelPool - Entry count for : http://localhost:38508 : 1
10:41:34.605 [AsyncHttpClient-1-1] DEBUG org.asynchttpclient.netty.channel.DefaultChannelPool - Adding Candidate expired Channel [id: 0xc390a53d, L:/127.0.0.1:55740 ! R:localhost/127.0.0.1:55734] isIdleTimeoutExpired=false isRemotelyClosed=true isTtlExpired=false
10:41:34.605 [AsyncHttpClient-1-1] DEBUG org.asynchttpclient.netty.channel.DefaultChannelPool - Closing Idle Channel [id: 0xc390a53d, L:/127.0.0.1:55740 ! R:localhost/127.0.0.1:55734]
10:41:34.605 [AsyncHttpClient-1-1] DEBUG org.asynchttpclient.netty.channel.DefaultChannelPool - Closed 1 connections out of 2 in 0 ms
10:41:34.669 [AsyncHttpClient-1-18] DEBUG org.asynchttpclient.netty.handler.HttpHandler - Channel Closed: [id: 0x98171bf7, L:/127.0.0.1:55732 ! R:localhost/127.0.0.1:38508] with attribute DISCARD
]]></system-out>
    <system-err><![CDATA[Starting ChromeDriver 111.0.5563.64 (c710e93d5b63b7095afe8c2c17df34408078439d-refs/branch-heads/5563@{#995}) on port 38508
Only local connections are allowed.
Please see https://chromedriver.chromium.org/security-considerations for suggestions on keeping ChromeDriver safe.
ChromeDriver was started successfully.
[1683430891.945][WARNING]: This version of ChromeDriver has not been tested with Chrome version 112.
May 07, 2023 10:41:31 AM org.openqa.selenium.devtools.CdpVersionFinder findNearestMatch
WARNING: Unable to find an exact match for CDP version 112, so returning the closest version found: 110
]]></system-err>
  </testcase>
  <testcase name="Logout from account" classname="Logout from Alta-shop Account" time="11.073">
    <system-out><![CDATA[10:41:35.185 [main] DEBUG io.cucumber.core.plugin.SerenityReporter - Running feature from file:///C:/Users/WINDOWS%2010/Documents/GitHub/MiniProject_QE/Web/code/minpro/src/test/resources/features/6.%20Logout.feature
10:41:35.187 [main] DEBUG net.thucydides.core.steps.StepEventBus - Test suite started for story net.thucydides.core.model.Story@17228dd2
10:41:35.187 [main] INFO  - Test Suite Started: Logout from Alta-shop Account

Scenario: Logout from account                                &amp#27;[90m# src/test/resources/features/6. Logout.feature:7&amp#27;[0m
10:41:35.190 [main] DEBUG io.cucumber.core.plugin.SerenityReporter - Running feature from file:///C:/Users/WINDOWS%2010/Documents/GitHub/MiniProject_QE/Web/code/minpro/src/test/resources/features/6.%20Logout.feature
10:41:35.191 [main] INFO  - 
  _____   ___   ___   _____     ___   _____     _     ___   _____   ___   ___  
 |_   _| | __| / __| |_   _|   / __| |_   _|   /_\   | _ \ |_   _| | __| |   \ 
   | |   | _|  \__ \   | |     \__ \   | |    / _ \  |   /   | |   | _|  | |) |
   |_|   |___| |___/   |_|     |___/   |_|   /_/ \_\ |_|_\   |_|   |___| |___/ 

Logout from account(logout-from-alta-shop-account;logout-from-account)
--------------------------------------------------------------------------------
10:41:35.201 [main] DEBUG net.thucydides.core.steps.StepInterceptor - STARTING STEP: LogoutSteps.onTheHomePage - openPage
10:41:35.229 [main] INFO net.serenitybdd.core.webdriver.driverproviders.ChromeDriverProvider - Starting Chrome driver instance with capabilities:
10:41:35.229 [main] INFO net.serenitybdd.core.webdriver.driverproviders.ChromeDriverProvider - Capabilities {acceptInsecureCerts: false, browserName: chrome, goog:chromeOptions: {args: [remote-allow-origins=*], extensions: []}}
10:41:35.298 [AsyncHttpClient-1-21] DEBUG org.asynchttpclient.netty.channel.NettyConnectListener - Using new Channel '[id: 0xf6bcadf6, L:/127.0.0.1:55765 - R:localhost/127.0.0.1:14870]' for 'POST' to '/session'
10:41:35.700 [AsyncHttpClient-1-1] DEBUG org.asynchttpclient.netty.channel.DefaultChannelPool - Entry count for : http://localhost:38508 : 1
10:41:35.700 [AsyncHttpClient-1-1] DEBUG org.asynchttpclient.netty.channel.DefaultChannelPool - Adding Candidate expired Channel [id: 0x98171bf7, L:/127.0.0.1:55732 ! R:localhost/127.0.0.1:38508] isIdleTimeoutExpired=false isRemotelyClosed=true isTtlExpired=false
10:41:35.700 [AsyncHttpClient-1-1] DEBUG org.asynchttpclient.netty.channel.DefaultChannelPool - Closing Idle Channel [id: 0x98171bf7, L:/127.0.0.1:55732 ! R:localhost/127.0.0.1:38508]
10:41:35.700 [AsyncHttpClient-1-1] DEBUG org.asynchttpclient.netty.channel.DefaultChannelPool - Closed 1 connections out of 1 in 0 ms
10:41:35.905 [AsyncHttpClient-1-21] DEBUG org.asynchttpclient.netty.handler.HttpHandler - 

Request DefaultHttpRequest(decodeResult: success, version: HTTP/1.1)
POST /session HTTP/1.1
User-Agent: selenium/4.8.1 (java windows)
Content-Length: 507
Content-Type: application/json; charset=utf-8
host: localhost:14870
accept: */*

Response DefaultHttpResponse(decodeResult: success, version: HTTP/1.1)
HTTP/1.1 200 OK
Content-Length: 861
Content-Type: application/json; charset=utf-8
cache-control: no-cache

10:41:35.905 [AsyncHttpClient-1-21] DEBUG org.asynchttpclient.netty.channel.ChannelManager - Adding key: http://localhost:14870 for channel [id: 0xf6bcadf6, L:/127.0.0.1:55765 - R:localhost/127.0.0.1:14870]
10:41:35.909 [AsyncHttpClient-1-22] DEBUG org.asynchttpclient.netty.channel.NettyConnectListener - Using new Channel '[id: 0x6cd135b3, L:/127.0.0.1:55772 - R:localhost/127.0.0.1:55766]' for 'GET' to '/json/version'
10:41:35.909 [AsyncHttpClient-1-22] DEBUG org.asynchttpclient.netty.handler.HttpHandler - 

Request DefaultFullHttpRequest(decodeResult: success, version: HTTP/1.1, content: EmptyByteBufBE)
GET /json/version HTTP/1.1
User-Agent: selenium/4.8.1 (java windows)
host: localhost:55766
accept: */*

Response DefaultHttpResponse(decodeResult: success, version: HTTP/1.1)
HTTP/1.1 200 OK
Content-Security-Policy: frame-ancestors 'none'
Content-Length: 424
Content-Type: application/json; charset=UTF-8

10:41:35.909 [AsyncHttpClient-1-22] DEBUG org.asynchttpclient.netty.channel.ChannelManager - Adding key: http://localhost:55766 for channel [id: 0x6cd135b3, L:/127.0.0.1:55772 - R:localhost/127.0.0.1:55766]
10:41:35.911 [AsyncHttpClient-1-23] DEBUG org.asynchttpclient.netty.channel.NettyConnectListener - Using new Channel '[id: 0x2dc9645b, L:/127.0.0.1:55773 - R:localhost/127.0.0.1:55766]' for 'GET' to '/devtools/browser/e28d6b02-df33-47d0-80fd-e7b2326591b4'
10:41:35.911 [AsyncHttpClient-1-23] DEBUG org.asynchttpclient.netty.handler.WebSocketHandler - 

Request DefaultFullHttpRequest(decodeResult: success, version: HTTP/1.1, content: EmptyByteBufBE)
GET /devtools/browser/e28d6b02-df33-47d0-80fd-e7b2326591b4 HTTP/1.1
upgrade: websocket
connection: upgrade
sec-websocket-key: M0a2RczFeZq9o2WafvLCxg==
sec-websocket-version: 13
origin: http://localhost:55766
host: localhost:55766
accept: */*
user-agent: AHC/2.1

Response DefaultHttpResponse(decodeResult: success, version: HTTP/1.1)
HTTP/1.1 101 WebSocket Protocol Handshake
Upgrade: WebSocket
Connection: Upgrade
Sec-WebSocket-Accept: Y6fxZRTyPFBzdEaXJaH3s0HIfSQ=

10:41:35.914 [Forwarding get on session 5a0f5f67fd6d080cc87e6f1271ba4fd3 to remote] DEBUG org.asynchttpclient.netty.request.NettyRequestSender - Using pooled Channel '[id: 0xf6bcadf6, L:/127.0.0.1:55765 - R:localhost/127.0.0.1:14870]' for 'POST' to 'http://localhost:14870/session/5a0f5f67fd6d080cc87e6f1271ba4fd3/url'
10:41:35.914 [Forwarding get on session 5a0f5f67fd6d080cc87e6f1271ba4fd3 to remote] DEBUG org.asynchttpclient.netty.request.NettyRequestSender - Using open Channel [id: 0xf6bcadf6, L:/127.0.0.1:55765 - R:localhost/127.0.0.1:14870] for POST '/session/5a0f5f67fd6d080cc87e6f1271ba4fd3/url'
10:41:36.798 [AsyncHttpClient-1-1] DEBUG org.asynchttpclient.netty.channel.DefaultChannelPool - Entry count for : http://localhost:55766 : 1
10:41:37.898 [AsyncHttpClient-1-1] DEBUG org.asynchttpclient.netty.channel.DefaultChannelPool - Entry count for : http://localhost:55766 : 1
10:41:38.999 [AsyncHttpClient-1-1] DEBUG org.asynchttpclient.netty.channel.DefaultChannelPool - Entry count for : http://localhost:55766 : 1
10:41:40.107 [AsyncHttpClient-1-1] DEBUG org.asynchttpclient.netty.channel.DefaultChannelPool - Entry count for : http://localhost:55766 : 1
10:41:41.200 [AsyncHttpClient-1-1] DEBUG org.asynchttpclient.netty.channel.DefaultChannelPool - Entry count for : http://localhost:55766 : 1
10:41:42.308 [AsyncHttpClient-1-1] DEBUG org.asynchttpclient.netty.channel.DefaultChannelPool - Entry count for : http://localhost:55766 : 1
10:41:43.267 [AsyncHttpClient-1-21] DEBUG org.asynchttpclient.netty.handler.HttpHandler - 

Request DefaultHttpRequest(decodeResult: success, version: HTTP/1.1)
POST /session/5a0f5f67fd6d080cc87e6f1271ba4fd3/url HTTP/1.1
User-Agent: selenium/4.8.1 (java windows)
Content-Length: 74
Content-Type: application/json; charset=utf-8
host: localhost:14870
accept: */*

Response DefaultHttpResponse(decodeResult: success, version: HTTP/1.1)
HTTP/1.1 200 OK
Content-Length: 14
Content-Type: application/json; charset=utf-8
cache-control: no-cache

10:41:43.267 [AsyncHttpClient-1-21] DEBUG org.asynchttpclient.netty.channel.ChannelManager - Adding key: http://localhost:14870 for channel [id: 0xf6bcadf6, L:/127.0.0.1:55765 - R:localhost/127.0.0.1:14870]
10:41:43.267 [Forwarding setTimeout on session 5a0f5f67fd6d080cc87e6f1271ba4fd3 to remote] DEBUG org.asynchttpclient.netty.request.NettyRequestSender - Using pooled Channel '[id: 0xf6bcadf6, L:/127.0.0.1:55765 - R:localhost/127.0.0.1:14870]' for 'POST' to 'http://localhost:14870/session/5a0f5f67fd6d080cc87e6f1271ba4fd3/timeouts'
10:41:43.267 [Forwarding setTimeout on session 5a0f5f67fd6d080cc87e6f1271ba4fd3 to remote] DEBUG org.asynchttpclient.netty.request.NettyRequestSender - Using open Channel [id: 0xf6bcadf6, L:/127.0.0.1:55765 - R:localhost/127.0.0.1:14870] for POST '/session/5a0f5f67fd6d080cc87e6f1271ba4fd3/timeouts'
10:41:43.268 [AsyncHttpClient-1-21] DEBUG org.asynchttpclient.netty.handler.HttpHandler - 

Request DefaultHttpRequest(decodeResult: success, version: HTTP/1.1)
POST /session/5a0f5f67fd6d080cc87e6f1271ba4fd3/timeouts HTTP/1.1
User-Agent: selenium/4.8.1 (java windows)
Content-Length: 22
Content-Type: application/json; charset=utf-8
host: localhost:14870
accept: */*

Response DefaultHttpResponse(decodeResult: success, version: HTTP/1.1)
HTTP/1.1 200 OK
Content-Length: 14
Content-Type: application/json; charset=utf-8
cache-control: no-cache

10:41:43.268 [AsyncHttpClient-1-21] DEBUG org.asynchttpclient.netty.channel.ChannelManager - Adding key: http://localhost:14870 for channel [id: 0xf6bcadf6, L:/127.0.0.1:55765 - R:localhost/127.0.0.1:14870]
10:41:43.271 [main] DEBUG net.serenitybdd.core.photography.Darkroom - Opening darkroom
10:41:43.271 [Darkroom Processing Line] DEBUG net.serenitybdd.core.photography.DarkroomProcessingLine - Darkroom processing line starting up
10:41:43.272 [Forwarding getAlertText on session 5a0f5f67fd6d080cc87e6f1271ba4fd3 to remote] DEBUG org.asynchttpclient.netty.request.NettyRequestSender - Using pooled Channel '[id: 0xf6bcadf6, L:/127.0.0.1:55765 - R:localhost/127.0.0.1:14870]' for 'GET' to 'http://localhost:14870/session/5a0f5f67fd6d080cc87e6f1271ba4fd3/alert/text'
10:41:43.272 [Forwarding getAlertText on session 5a0f5f67fd6d080cc87e6f1271ba4fd3 to remote] DEBUG org.asynchttpclient.netty.request.NettyRequestSender - Using open Channel [id: 0xf6bcadf6, L:/127.0.0.1:55765 - R:localhost/127.0.0.1:14870] for GET '/session/5a0f5f67fd6d080cc87e6f1271ba4fd3/alert/text'
10:41:43.273 [AsyncHttpClient-1-21] DEBUG org.asynchttpclient.netty.handler.HttpHandler - 

Request DefaultFullHttpRequest(decodeResult: success, version: HTTP/1.1, content: EmptyByteBufBE)
GET /session/5a0f5f67fd6d080cc87e6f1271ba4fd3/alert/text HTTP/1.1
User-Agent: selenium/4.8.1 (java windows)
Cache-Control: no-cache
Content-Type: application/json; charset=utf-8
host: localhost:14870
accept: */*

Response DefaultHttpResponse(decodeResult: success, version: HTTP/1.1)
HTTP/1.1 404 Not Found
Content-Length: 836
Content-Type: application/json; charset=utf-8
cache-control: no-cache

10:41:43.273 [AsyncHttpClient-1-21] DEBUG org.asynchttpclient.netty.channel.ChannelManager - Adding key: http://localhost:14870 for channel [id: 0xf6bcadf6, L:/127.0.0.1:55765 - R:localhost/127.0.0.1:14870]
10:41:43.274 [Forwarding getCurrentUrl on session 5a0f5f67fd6d080cc87e6f1271ba4fd3 to remote] DEBUG org.asynchttpclient.netty.request.NettyRequestSender - Using pooled Channel '[id: 0xf6bcadf6, L:/127.0.0.1:55765 - R:localhost/127.0.0.1:14870]' for 'GET' to 'http://localhost:14870/session/5a0f5f67fd6d080cc87e6f1271ba4fd3/url'
10:41:43.274 [Forwarding getCurrentUrl on session 5a0f5f67fd6d080cc87e6f1271ba4fd3 to remote] DEBUG org.asynchttpclient.netty.request.NettyRequestSender - Using open Channel [id: 0xf6bcadf6, L:/127.0.0.1:55765 - R:localhost/127.0.0.1:14870] for GET '/session/5a0f5f67fd6d080cc87e6f1271ba4fd3/url'
10:41:43.276 [AsyncHttpClient-1-21] DEBUG org.asynchttpclient.netty.handler.HttpHandler - 

Request DefaultFullHttpRequest(decodeResult: success, version: HTTP/1.1, content: EmptyByteBufBE)
GET /session/5a0f5f67fd6d080cc87e6f1271ba4fd3/url HTTP/1.1
User-Agent: selenium/4.8.1 (java windows)
Cache-Control: no-cache
Content-Type: application/json; charset=utf-8
host: localhost:14870
accept: */*

Response DefaultHttpResponse(decodeResult: success, version: HTTP/1.1)
HTTP/1.1 200 OK
Content-Length: 51
Content-Type: application/json; charset=utf-8
cache-control: no-cache

10:41:43.277 [AsyncHttpClient-1-21] DEBUG org.asynchttpclient.netty.channel.ChannelManager - Adding key: http://localhost:14870 for channel [id: 0xf6bcadf6, L:/127.0.0.1:55765 - R:localhost/127.0.0.1:14870]
10:41:43.277 [Forwarding screenshot on session 5a0f5f67fd6d080cc87e6f1271ba4fd3 to remote] DEBUG org.asynchttpclient.netty.request.NettyRequestSender - Using pooled Channel '[id: 0xf6bcadf6, L:/127.0.0.1:55765 - R:localhost/127.0.0.1:14870]' for 'GET' to 'http://localhost:14870/session/5a0f5f67fd6d080cc87e6f1271ba4fd3/screenshot'
10:41:43.277 [Forwarding screenshot on session 5a0f5f67fd6d080cc87e6f1271ba4fd3 to remote] DEBUG org.asynchttpclient.netty.request.NettyRequestSender - Using open Channel [id: 0xf6bcadf6, L:/127.0.0.1:55765 - R:localhost/127.0.0.1:14870] for GET '/session/5a0f5f67fd6d080cc87e6f1271ba4fd3/screenshot'
10:41:43.359 [AsyncHttpClient-1-21] DEBUG org.asynchttpclient.netty.handler.HttpHandler - 

Request DefaultFullHttpRequest(decodeResult: success, version: HTTP/1.1, content: EmptyByteBufBE)
GET /session/5a0f5f67fd6d080cc87e6f1271ba4fd3/screenshot HTTP/1.1
User-Agent: selenium/4.8.1 (java windows)
Cache-Control: no-cache
Content-Type: application/json; charset=utf-8
host: localhost:14870
accept: */*

Response DefaultHttpResponse(decodeResult: success, version: HTTP/1.1)
HTTP/1.1 200 OK
Content-Length: 25208
Content-Type: application/json; charset=utf-8
cache-control: no-cache

10:41:43.359 [AsyncHttpClient-1-21] DEBUG org.asynchttpclient.netty.channel.ChannelManager - Adding key: http://localhost:14870 for channel [id: 0xf6bcadf6, L:/127.0.0.1:55765 - R:localhost/127.0.0.1:14870]
10:41:43.360 [main] DEBUG net.serenitybdd.core.photography.Darkroom - Send negative for processing for target\site\serenity\edb14d4aab401efa0e4fb99861e6ffcafebc86a67b69f7828890b9910ed2ddbd.png
10:41:43.360 [main] DEBUG net.thucydides.core.steps.StepInterceptor - STEP DONE: openPage
10:41:43.364 [Forwarding getPageSource on session 5a0f5f67fd6d080cc87e6f1271ba4fd3 to remote] DEBUG org.asynchttpclient.netty.request.NettyRequestSender - Using pooled Channel '[id: 0xf6bcadf6, L:/127.0.0.1:55765 - R:localhost/127.0.0.1:14870]' for 'POST' to 'http://localhost:14870/session/5a0f5f67fd6d080cc87e6f1271ba4fd3/execute/sync'
10:41:43.364 [Forwarding getPageSource on session 5a0f5f67fd6d080cc87e6f1271ba4fd3 to remote] DEBUG org.asynchttpclient.netty.request.NettyRequestSender - Using open Channel [id: 0xf6bcadf6, L:/127.0.0.1:55765 - R:localhost/127.0.0.1:14870] for POST '/session/5a0f5f67fd6d080cc87e6f1271ba4fd3/execute/sync'
10:41:43.369 [AsyncHttpClient-1-21] DEBUG org.asynchttpclient.netty.handler.HttpHandler - 

Request DefaultHttpRequest(decodeResult: success, version: HTTP/1.1)
POST /session/5a0f5f67fd6d080cc87e6f1271ba4fd3/execute/sync HTTP/1.1
User-Agent: selenium/4.8.1 (java windows)
Content-Length: 176
Content-Type: application/json; charset=utf-8
host: localhost:14870
accept: */*

Response DefaultHttpResponse(decodeResult: success, version: HTTP/1.1)
HTTP/1.1 200 OK
Content-Length: 21659
Content-Type: application/json; charset=utf-8
cache-control: no-cache

10:41:43.369 [AsyncHttpClient-1-21] DEBUG org.asynchttpclient.netty.channel.ChannelManager - Adding key: http://localhost:14870 for channel [id: 0xf6bcadf6, L:/127.0.0.1:55765 - R:localhost/127.0.0.1:14870]
10:41:43.371 [Forwarding getCurrentUrl on session 5a0f5f67fd6d080cc87e6f1271ba4fd3 to remote] DEBUG org.asynchttpclient.netty.request.NettyRequestSender - Using pooled Channel '[id: 0xf6bcadf6, L:/127.0.0.1:55765 - R:localhost/127.0.0.1:14870]' for 'GET' to 'http://localhost:14870/session/5a0f5f67fd6d080cc87e6f1271ba4fd3/url'
10:41:43.371 [Forwarding getCurrentUrl on session 5a0f5f67fd6d080cc87e6f1271ba4fd3 to remote] DEBUG org.asynchttpclient.netty.request.NettyRequestSender - Using open Channel [id: 0xf6bcadf6, L:/127.0.0.1:55765 - R:localhost/127.0.0.1:14870] for GET '/session/5a0f5f67fd6d080cc87e6f1271ba4fd3/url'
10:41:43.374 [AsyncHttpClient-1-21] DEBUG org.asynchttpclient.netty.handler.HttpHandler - 

Request DefaultFullHttpRequest(decodeResult: success, version: HTTP/1.1, content: EmptyByteBufBE)
GET /session/5a0f5f67fd6d080cc87e6f1271ba4fd3/url HTTP/1.1
User-Agent: selenium/4.8.1 (java windows)
Cache-Control: no-cache
Content-Type: application/json; charset=utf-8
host: localhost:14870
accept: */*

Response DefaultHttpResponse(decodeResult: success, version: HTTP/1.1)
HTTP/1.1 200 OK
Content-Length: 51
Content-Type: application/json; charset=utf-8
cache-control: no-cache

10:41:43.374 [AsyncHttpClient-1-21] DEBUG org.asynchttpclient.netty.channel.ChannelManager - Adding key: http://localhost:14870 for channel [id: 0xf6bcadf6, L:/127.0.0.1:55765 - R:localhost/127.0.0.1:14870]
10:41:43.376 [main] DEBUG net.thucydides.core.steps.StepInterceptor - STARTING STEP: LogoutSteps.onTheHomePage - inputEmail
10:41:43.377 [Forwarding findElement on session 5a0f5f67fd6d080cc87e6f1271ba4fd3 to remote] DEBUG org.asynchttpclient.netty.request.NettyRequestSender - Using pooled Channel '[id: 0xf6bcadf6, L:/127.0.0.1:55765 - R:localhost/127.0.0.1:14870]' for 'POST' to 'http://localhost:14870/session/5a0f5f67fd6d080cc87e6f1271ba4fd3/element'
10:41:43.377 [Forwarding findElement on session 5a0f5f67fd6d080cc87e6f1271ba4fd3 to remote] DEBUG org.asynchttpclient.netty.request.NettyRequestSender - Using open Channel [id: 0xf6bcadf6, L:/127.0.0.1:55765 - R:localhost/127.0.0.1:14870] for POST '/session/5a0f5f67fd6d080cc87e6f1271ba4fd3/element'
10:41:43.385 [AsyncHttpClient-1-21] DEBUG org.asynchttpclient.netty.handler.HttpHandler - 

Request DefaultHttpRequest(decodeResult: success, version: HTTP/1.1)
POST /session/5a0f5f67fd6d080cc87e6f1271ba4fd3/element HTTP/1.1
User-Agent: selenium/4.8.1 (java windows)
Content-Length: 55
Content-Type: application/json; charset=utf-8
host: localhost:14870
accept: */*

Response DefaultHttpResponse(decodeResult: success, version: HTTP/1.1)
HTTP/1.1 200 OK
Content-Length: 88
Content-Type: application/json; charset=utf-8
cache-control: no-cache

10:41:43.385 [AsyncHttpClient-1-21] DEBUG org.asynchttpclient.netty.channel.ChannelManager - Adding key: http://localhost:14870 for channel [id: 0xf6bcadf6, L:/127.0.0.1:55765 - R:localhost/127.0.0.1:14870]
10:41:43.386 [Forwarding clearElement on session 5a0f5f67fd6d080cc87e6f1271ba4fd3 to remote] DEBUG org.asynchttpclient.netty.request.NettyRequestSender - Using pooled Channel '[id: 0xf6bcadf6, L:/127.0.0.1:55765 - R:localhost/127.0.0.1:14870]' for 'POST' to 'http://localhost:14870/session/5a0f5f67fd6d080cc87e6f1271ba4fd3/element/86b1f807-6124-4c5a-acc3-344ac8a54d4b/clear'
10:41:43.386 [Forwarding clearElement on session 5a0f5f67fd6d080cc87e6f1271ba4fd3 to remote] DEBUG org.asynchttpclient.netty.request.NettyRequestSender - Using open Channel [id: 0xf6bcadf6, L:/127.0.0.1:55765 - R:localhost/127.0.0.1:14870] for POST '/session/5a0f5f67fd6d080cc87e6f1271ba4fd3/element/86b1f807-6124-4c5a-acc3-344ac8a54d4b/clear'
10:41:43.399 [AsyncHttpClient-1-1] DEBUG org.asynchttpclient.netty.channel.DefaultChannelPool - Entry count for : http://localhost:55766 : 1
10:41:43.409 [AsyncHttpClient-1-21] DEBUG org.asynchttpclient.netty.handler.HttpHandler - 

Request DefaultHttpRequest(decodeResult: success, version: HTTP/1.1)
POST /session/5a0f5f67fd6d080cc87e6f1271ba4fd3/element/86b1f807-6124-4c5a-acc3-344ac8a54d4b/clear HTTP/1.1
User-Agent: selenium/4.8.1 (java windows)
Content-Length: 50
Content-Type: application/json; charset=utf-8
host: localhost:14870
accept: */*

Response DefaultHttpResponse(decodeResult: success, version: HTTP/1.1)
HTTP/1.1 200 OK
Content-Length: 14
Content-Type: application/json; charset=utf-8
cache-control: no-cache

10:41:43.409 [AsyncHttpClient-1-21] DEBUG org.asynchttpclient.netty.channel.ChannelManager - Adding key: http://localhost:14870 for channel [id: 0xf6bcadf6, L:/127.0.0.1:55765 - R:localhost/127.0.0.1:14870]
10:41:43.410 [Forwarding sendKeysToElement on session 5a0f5f67fd6d080cc87e6f1271ba4fd3 to remote] DEBUG org.asynchttpclient.netty.request.NettyRequestSender - Using pooled Channel '[id: 0xf6bcadf6, L:/127.0.0.1:55765 - R:localhost/127.0.0.1:14870]' for 'POST' to 'http://localhost:14870/session/5a0f5f67fd6d080cc87e6f1271ba4fd3/element/86b1f807-6124-4c5a-acc3-344ac8a54d4b/value'
10:41:43.410 [Forwarding sendKeysToElement on session 5a0f5f67fd6d080cc87e6f1271ba4fd3 to remote] DEBUG org.asynchttpclient.netty.request.NettyRequestSender - Using open Channel [id: 0xf6bcadf6, L:/127.0.0.1:55765 - R:localhost/127.0.0.1:14870] for POST '/session/5a0f5f67fd6d080cc87e6f1271ba4fd3/element/86b1f807-6124-4c5a-acc3-344ac8a54d4b/value'
10:41:43.483 [AsyncHttpClient-1-21] DEBUG org.asynchttpclient.netty.handler.HttpHandler - 

Request DefaultHttpRequest(decodeResult: success, version: HTTP/1.1)
POST /session/5a0f5f67fd6d080cc87e6f1271ba4fd3/element/86b1f807-6124-4c5a-acc3-344ac8a54d4b/value HTTP/1.1
User-Agent: selenium/4.8.1 (java windows)
Content-Length: 241
Content-Type: application/json; charset=utf-8
host: localhost:14870
accept: */*

Response DefaultHttpResponse(decodeResult: success, version: HTTP/1.1)
HTTP/1.1 200 OK
Content-Length: 14
Content-Type: application/json; charset=utf-8
cache-control: no-cache

10:41:43.483 [AsyncHttpClient-1-21] DEBUG org.asynchttpclient.netty.channel.ChannelManager - Adding key: http://localhost:14870 for channel [id: 0xf6bcadf6, L:/127.0.0.1:55765 - R:localhost/127.0.0.1:14870]
10:41:43.487 [Forwarding getAlertText on session 5a0f5f67fd6d080cc87e6f1271ba4fd3 to remote] DEBUG org.asynchttpclient.netty.request.NettyRequestSender - Using pooled Channel '[id: 0xf6bcadf6, L:/127.0.0.1:55765 - R:localhost/127.0.0.1:14870]' for 'GET' to 'http://localhost:14870/session/5a0f5f67fd6d080cc87e6f1271ba4fd3/alert/text'
10:41:43.487 [Forwarding getAlertText on session 5a0f5f67fd6d080cc87e6f1271ba4fd3 to remote] DEBUG org.asynchttpclient.netty.request.NettyRequestSender - Using open Channel [id: 0xf6bcadf6, L:/127.0.0.1:55765 - R:localhost/127.0.0.1:14870] for GET '/session/5a0f5f67fd6d080cc87e6f1271ba4fd3/alert/text'
10:41:43.489 [AsyncHttpClient-1-21] DEBUG org.asynchttpclient.netty.handler.HttpHandler - 

Request DefaultFullHttpRequest(decodeResult: success, version: HTTP/1.1, content: EmptyByteBufBE)
GET /session/5a0f5f67fd6d080cc87e6f1271ba4fd3/alert/text HTTP/1.1
User-Agent: selenium/4.8.1 (java windows)
Cache-Control: no-cache
Content-Type: application/json; charset=utf-8
host: localhost:14870
accept: */*

Response DefaultHttpResponse(decodeResult: success, version: HTTP/1.1)
HTTP/1.1 404 Not Found
Content-Length: 836
Content-Type: application/json; charset=utf-8
cache-control: no-cache

10:41:43.489 [AsyncHttpClient-1-21] DEBUG org.asynchttpclient.netty.channel.ChannelManager - Adding key: http://localhost:14870 for channel [id: 0xf6bcadf6, L:/127.0.0.1:55765 - R:localhost/127.0.0.1:14870]
10:41:43.490 [Forwarding getCurrentUrl on session 5a0f5f67fd6d080cc87e6f1271ba4fd3 to remote] DEBUG org.asynchttpclient.netty.request.NettyRequestSender - Using pooled Channel '[id: 0xf6bcadf6, L:/127.0.0.1:55765 - R:localhost/127.0.0.1:14870]' for 'GET' to 'http://localhost:14870/session/5a0f5f67fd6d080cc87e6f1271ba4fd3/url'
10:41:43.490 [Forwarding getCurrentUrl on session 5a0f5f67fd6d080cc87e6f1271ba4fd3 to remote] DEBUG org.asynchttpclient.netty.request.NettyRequestSender - Using open Channel [id: 0xf6bcadf6, L:/127.0.0.1:55765 - R:localhost/127.0.0.1:14870] for GET '/session/5a0f5f67fd6d080cc87e6f1271ba4fd3/url'
10:41:43.491 [AsyncHttpClient-1-21] DEBUG org.asynchttpclient.netty.handler.HttpHandler - 

Request DefaultFullHttpRequest(decodeResult: success, version: HTTP/1.1, content: EmptyByteBufBE)
GET /session/5a0f5f67fd6d080cc87e6f1271ba4fd3/url HTTP/1.1
User-Agent: selenium/4.8.1 (java windows)
Cache-Control: no-cache
Content-Type: application/json; charset=utf-8
host: localhost:14870
accept: */*

Response DefaultHttpResponse(decodeResult: success, version: HTTP/1.1)
HTTP/1.1 200 OK
Content-Length: 51
Content-Type: application/json; charset=utf-8
cache-control: no-cache

10:41:43.492 [AsyncHttpClient-1-21] DEBUG org.asynchttpclient.netty.channel.ChannelManager - Adding key: http://localhost:14870 for channel [id: 0xf6bcadf6, L:/127.0.0.1:55765 - R:localhost/127.0.0.1:14870]
10:41:43.492 [Forwarding screenshot on session 5a0f5f67fd6d080cc87e6f1271ba4fd3 to remote] DEBUG org.asynchttpclient.netty.request.NettyRequestSender - Using pooled Channel '[id: 0xf6bcadf6, L:/127.0.0.1:55765 - R:localhost/127.0.0.1:14870]' for 'GET' to 'http://localhost:14870/session/5a0f5f67fd6d080cc87e6f1271ba4fd3/screenshot'
10:41:43.492 [Forwarding screenshot on session 5a0f5f67fd6d080cc87e6f1271ba4fd3 to remote] DEBUG org.asynchttpclient.netty.request.NettyRequestSender - Using open Channel [id: 0xf6bcadf6, L:/127.0.0.1:55765 - R:localhost/127.0.0.1:14870] for GET '/session/5a0f5f67fd6d080cc87e6f1271ba4fd3/screenshot'
10:41:43.579 [AsyncHttpClient-1-21] DEBUG org.asynchttpclient.netty.handler.HttpHandler - 

Request DefaultFullHttpRequest(decodeResult: success, version: HTTP/1.1, content: EmptyByteBufBE)
GET /session/5a0f5f67fd6d080cc87e6f1271ba4fd3/screenshot HTTP/1.1
User-Agent: selenium/4.8.1 (java windows)
Cache-Control: no-cache
Content-Type: application/json; charset=utf-8
host: localhost:14870
accept: */*

Response DefaultHttpResponse(decodeResult: success, version: HTTP/1.1)
HTTP/1.1 200 OK
Content-Length: 30088
Content-Type: application/json; charset=utf-8
cache-control: no-cache

10:41:43.579 [AsyncHttpClient-1-21] DEBUG org.asynchttpclient.netty.channel.ChannelManager - Adding key: http://localhost:14870 for channel [id: 0xf6bcadf6, L:/127.0.0.1:55765 - R:localhost/127.0.0.1:14870]
10:41:43.580 [main] DEBUG net.serenitybdd.core.photography.Darkroom - Send negative for processing for target\site\serenity\4a768f950db09bc44cc3ed715803995f3468f7f9eca9d15134a83c7f8cc1e7ce.png
10:41:43.580 [main] DEBUG net.thucydides.core.steps.StepInterceptor - STEP DONE: inputEmail
10:41:43.581 [Darkroom Processing Line] DEBUG net.serenitybdd.core.photography.DarkroomProcessingLine - Processing screenshot image in /var/screenshots/screenshot-6979150574314717352
10:41:43.581 [Darkroom Processing Line] DEBUG net.serenitybdd.core.photography.DarkroomProcessingLine - Saving screenshot to target\site\serenity\4a768f950db09bc44cc3ed715803995f3468f7f9eca9d15134a83c7f8cc1e7ce.png
10:41:43.585 [Forwarding getPageSource on session 5a0f5f67fd6d080cc87e6f1271ba4fd3 to remote] DEBUG org.asynchttpclient.netty.request.NettyRequestSender - Using pooled Channel '[id: 0xf6bcadf6, L:/127.0.0.1:55765 - R:localhost/127.0.0.1:14870]' for 'POST' to 'http://localhost:14870/session/5a0f5f67fd6d080cc87e6f1271ba4fd3/execute/sync'
10:41:43.585 [Forwarding getPageSource on session 5a0f5f67fd6d080cc87e6f1271ba4fd3 to remote] DEBUG org.asynchttpclient.netty.request.NettyRequestSender - Using open Channel [id: 0xf6bcadf6, L:/127.0.0.1:55765 - R:localhost/127.0.0.1:14870] for POST '/session/5a0f5f67fd6d080cc87e6f1271ba4fd3/execute/sync'
10:41:43.590 [AsyncHttpClient-1-21] DEBUG org.asynchttpclient.netty.handler.HttpHandler - 

Request DefaultHttpRequest(decodeResult: success, version: HTTP/1.1)
POST /session/5a0f5f67fd6d080cc87e6f1271ba4fd3/execute/sync HTTP/1.1
User-Agent: selenium/4.8.1 (java windows)
Content-Length: 176
Content-Type: application/json; charset=utf-8
host: localhost:14870
accept: */*

Response DefaultHttpResponse(decodeResult: success, version: HTTP/1.1)
HTTP/1.1 200 OK
Content-Length: 21780
Content-Type: application/json; charset=utf-8
cache-control: no-cache

10:41:43.590 [AsyncHttpClient-1-21] DEBUG org.asynchttpclient.netty.channel.ChannelManager - Adding key: http://localhost:14870 for channel [id: 0xf6bcadf6, L:/127.0.0.1:55765 - R:localhost/127.0.0.1:14870]
10:41:43.591 [Forwarding getCurrentUrl on session 5a0f5f67fd6d080cc87e6f1271ba4fd3 to remote] DEBUG org.asynchttpclient.netty.request.NettyRequestSender - Using pooled Channel '[id: 0xf6bcadf6, L:/127.0.0.1:55765 - R:localhost/127.0.0.1:14870]' for 'GET' to 'http://localhost:14870/session/5a0f5f67fd6d080cc87e6f1271ba4fd3/url'
10:41:43.591 [Forwarding getCurrentUrl on session 5a0f5f67fd6d080cc87e6f1271ba4fd3 to remote] DEBUG org.asynchttpclient.netty.request.NettyRequestSender - Using open Channel [id: 0xf6bcadf6, L:/127.0.0.1:55765 - R:localhost/127.0.0.1:14870] for GET '/session/5a0f5f67fd6d080cc87e6f1271ba4fd3/url'
10:41:43.595 [AsyncHttpClient-1-21] DEBUG org.asynchttpclient.netty.handler.HttpHandler - 

Request DefaultFullHttpRequest(decodeResult: success, version: HTTP/1.1, content: EmptyByteBufBE)
GET /session/5a0f5f67fd6d080cc87e6f1271ba4fd3/url HTTP/1.1
User-Agent: selenium/4.8.1 (java windows)
Cache-Control: no-cache
Content-Type: application/json; charset=utf-8
host: localhost:14870
accept: */*

Response DefaultHttpResponse(decodeResult: success, version: HTTP/1.1)
HTTP/1.1 200 OK
Content-Length: 51
Content-Type: application/json; charset=utf-8
cache-control: no-cache

10:41:43.595 [AsyncHttpClient-1-21] DEBUG org.asynchttpclient.netty.channel.ChannelManager - Adding key: http://localhost:14870 for channel [id: 0xf6bcadf6, L:/127.0.0.1:55765 - R:localhost/127.0.0.1:14870]
10:41:43.597 [main] DEBUG net.thucydides.core.steps.StepInterceptor - STARTING STEP: LogoutSteps.onTheHomePage - inputPassword
10:41:43.599 [Forwarding findElement on session 5a0f5f67fd6d080cc87e6f1271ba4fd3 to remote] DEBUG org.asynchttpclient.netty.request.NettyRequestSender - Using pooled Channel '[id: 0xf6bcadf6, L:/127.0.0.1:55765 - R:localhost/127.0.0.1:14870]' for 'POST' to 'http://localhost:14870/session/5a0f5f67fd6d080cc87e6f1271ba4fd3/element'
10:41:43.599 [Forwarding findElement on session 5a0f5f67fd6d080cc87e6f1271ba4fd3 to remote] DEBUG org.asynchttpclient.netty.request.NettyRequestSender - Using open Channel [id: 0xf6bcadf6, L:/127.0.0.1:55765 - R:localhost/127.0.0.1:14870] for POST '/session/5a0f5f67fd6d080cc87e6f1271ba4fd3/element'
10:41:43.608 [AsyncHttpClient-1-21] DEBUG org.asynchttpclient.netty.handler.HttpHandler - 

Request DefaultHttpRequest(decodeResult: success, version: HTTP/1.1)
POST /session/5a0f5f67fd6d080cc87e6f1271ba4fd3/element HTTP/1.1
User-Agent: selenium/4.8.1 (java windows)
Content-Length: 55
Content-Type: application/json; charset=utf-8
host: localhost:14870
accept: */*

Response DefaultHttpResponse(decodeResult: success, version: HTTP/1.1)
HTTP/1.1 200 OK
Content-Length: 88
Content-Type: application/json; charset=utf-8
cache-control: no-cache

10:41:43.609 [AsyncHttpClient-1-21] DEBUG org.asynchttpclient.netty.channel.ChannelManager - Adding key: http://localhost:14870 for channel [id: 0xf6bcadf6, L:/127.0.0.1:55765 - R:localhost/127.0.0.1:14870]
10:41:43.609 [Forwarding clearElement on session 5a0f5f67fd6d080cc87e6f1271ba4fd3 to remote] DEBUG org.asynchttpclient.netty.request.NettyRequestSender - Using pooled Channel '[id: 0xf6bcadf6, L:/127.0.0.1:55765 - R:localhost/127.0.0.1:14870]' for 'POST' to 'http://localhost:14870/session/5a0f5f67fd6d080cc87e6f1271ba4fd3/element/300fb813-858b-41cb-9484-48fb6d3ebf63/clear'
10:41:43.609 [Forwarding clearElement on session 5a0f5f67fd6d080cc87e6f1271ba4fd3 to remote] DEBUG org.asynchttpclient.netty.request.NettyRequestSender - Using open Channel [id: 0xf6bcadf6, L:/127.0.0.1:55765 - R:localhost/127.0.0.1:14870] for POST '/session/5a0f5f67fd6d080cc87e6f1271ba4fd3/element/300fb813-858b-41cb-9484-48fb6d3ebf63/clear'
10:41:43.643 [AsyncHttpClient-1-21] DEBUG org.asynchttpclient.netty.handler.HttpHandler - 

Request DefaultHttpRequest(decodeResult: success, version: HTTP/1.1)
POST /session/5a0f5f67fd6d080cc87e6f1271ba4fd3/element/300fb813-858b-41cb-9484-48fb6d3ebf63/clear HTTP/1.1
User-Agent: selenium/4.8.1 (java windows)
Content-Length: 50
Content-Type: application/json; charset=utf-8
host: localhost:14870
accept: */*

Response DefaultHttpResponse(decodeResult: success, version: HTTP/1.1)
HTTP/1.1 200 OK
Content-Length: 14
Content-Type: application/json; charset=utf-8
cache-control: no-cache

10:41:43.643 [AsyncHttpClient-1-21] DEBUG org.asynchttpclient.netty.channel.ChannelManager - Adding key: http://localhost:14870 for channel [id: 0xf6bcadf6, L:/127.0.0.1:55765 - R:localhost/127.0.0.1:14870]
10:41:43.644 [Forwarding sendKeysToElement on session 5a0f5f67fd6d080cc87e6f1271ba4fd3 to remote] DEBUG org.asynchttpclient.netty.request.NettyRequestSender - Using pooled Channel '[id: 0xf6bcadf6, L:/127.0.0.1:55765 - R:localhost/127.0.0.1:14870]' for 'POST' to 'http://localhost:14870/session/5a0f5f67fd6d080cc87e6f1271ba4fd3/element/300fb813-858b-41cb-9484-48fb6d3ebf63/value'
10:41:43.644 [Forwarding sendKeysToElement on session 5a0f5f67fd6d080cc87e6f1271ba4fd3 to remote] DEBUG org.asynchttpclient.netty.request.NettyRequestSender - Using open Channel [id: 0xf6bcadf6, L:/127.0.0.1:55765 - R:localhost/127.0.0.1:14870] for POST '/session/5a0f5f67fd6d080cc87e6f1271ba4fd3/element/300fb813-858b-41cb-9484-48fb6d3ebf63/value'
10:41:43.701 [AsyncHttpClient-1-21] DEBUG org.asynchttpclient.netty.handler.HttpHandler - 

Request DefaultHttpRequest(decodeResult: success, version: HTTP/1.1)
POST /session/5a0f5f67fd6d080cc87e6f1271ba4fd3/element/300fb813-858b-41cb-9484-48fb6d3ebf63/value HTTP/1.1
User-Agent: selenium/4.8.1 (java windows)
Content-Length: 141
Content-Type: application/json; charset=utf-8
host: localhost:14870
accept: */*

Response DefaultHttpResponse(decodeResult: success, version: HTTP/1.1)
HTTP/1.1 200 OK
Content-Length: 14
Content-Type: application/json; charset=utf-8
cache-control: no-cache

10:41:43.701 [AsyncHttpClient-1-21] DEBUG org.asynchttpclient.netty.channel.ChannelManager - Adding key: http://localhost:14870 for channel [id: 0xf6bcadf6, L:/127.0.0.1:55765 - R:localhost/127.0.0.1:14870]
10:41:43.705 [Forwarding getAlertText on session 5a0f5f67fd6d080cc87e6f1271ba4fd3 to remote] DEBUG org.asynchttpclient.netty.request.NettyRequestSender - Using pooled Channel '[id: 0xf6bcadf6, L:/127.0.0.1:55765 - R:localhost/127.0.0.1:14870]' for 'GET' to 'http://localhost:14870/session/5a0f5f67fd6d080cc87e6f1271ba4fd3/alert/text'
10:41:43.705 [Forwarding getAlertText on session 5a0f5f67fd6d080cc87e6f1271ba4fd3 to remote] DEBUG org.asynchttpclient.netty.request.NettyRequestSender - Using open Channel [id: 0xf6bcadf6, L:/127.0.0.1:55765 - R:localhost/127.0.0.1:14870] for GET '/session/5a0f5f67fd6d080cc87e6f1271ba4fd3/alert/text'
10:41:43.706 [AsyncHttpClient-1-21] DEBUG org.asynchttpclient.netty.handler.HttpHandler - 

Request DefaultFullHttpRequest(decodeResult: success, version: HTTP/1.1, content: EmptyByteBufBE)
GET /session/5a0f5f67fd6d080cc87e6f1271ba4fd3/alert/text HTTP/1.1
User-Agent: selenium/4.8.1 (java windows)
Cache-Control: no-cache
Content-Type: application/json; charset=utf-8
host: localhost:14870
accept: */*

Response DefaultHttpResponse(decodeResult: success, version: HTTP/1.1)
HTTP/1.1 404 Not Found
Content-Length: 836
Content-Type: application/json; charset=utf-8
cache-control: no-cache

10:41:43.706 [AsyncHttpClient-1-21] DEBUG org.asynchttpclient.netty.channel.ChannelManager - Adding key: http://localhost:14870 for channel [id: 0xf6bcadf6, L:/127.0.0.1:55765 - R:localhost/127.0.0.1:14870]
10:41:43.707 [Forwarding getCurrentUrl on session 5a0f5f67fd6d080cc87e6f1271ba4fd3 to remote] DEBUG org.asynchttpclient.netty.request.NettyRequestSender - Using pooled Channel '[id: 0xf6bcadf6, L:/127.0.0.1:55765 - R:localhost/127.0.0.1:14870]' for 'GET' to 'http://localhost:14870/session/5a0f5f67fd6d080cc87e6f1271ba4fd3/url'
10:41:43.707 [Forwarding getCurrentUrl on session 5a0f5f67fd6d080cc87e6f1271ba4fd3 to remote] DEBUG org.asynchttpclient.netty.request.NettyRequestSender - Using open Channel [id: 0xf6bcadf6, L:/127.0.0.1:55765 - R:localhost/127.0.0.1:14870] for GET '/session/5a0f5f67fd6d080cc87e6f1271ba4fd3/url'
10:41:43.709 [AsyncHttpClient-1-21] DEBUG org.asynchttpclient.netty.handler.HttpHandler - 

Request DefaultFullHttpRequest(decodeResult: success, version: HTTP/1.1, content: EmptyByteBufBE)
GET /session/5a0f5f67fd6d080cc87e6f1271ba4fd3/url HTTP/1.1
User-Agent: selenium/4.8.1 (java windows)
Cache-Control: no-cache
Content-Type: application/json; charset=utf-8
host: localhost:14870
accept: */*

Response DefaultHttpResponse(decodeResult: success, version: HTTP/1.1)
HTTP/1.1 200 OK
Content-Length: 51
Content-Type: application/json; charset=utf-8
cache-control: no-cache

10:41:43.709 [AsyncHttpClient-1-21] DEBUG org.asynchttpclient.netty.channel.ChannelManager - Adding key: http://localhost:14870 for channel [id: 0xf6bcadf6, L:/127.0.0.1:55765 - R:localhost/127.0.0.1:14870]
10:41:43.710 [Forwarding screenshot on session 5a0f5f67fd6d080cc87e6f1271ba4fd3 to remote] DEBUG org.asynchttpclient.netty.request.NettyRequestSender - Using pooled Channel '[id: 0xf6bcadf6, L:/127.0.0.1:55765 - R:localhost/127.0.0.1:14870]' for 'GET' to 'http://localhost:14870/session/5a0f5f67fd6d080cc87e6f1271ba4fd3/screenshot'
10:41:43.710 [Forwarding screenshot on session 5a0f5f67fd6d080cc87e6f1271ba4fd3 to remote] DEBUG org.asynchttpclient.netty.request.NettyRequestSender - Using open Channel [id: 0xf6bcadf6, L:/127.0.0.1:55765 - R:localhost/127.0.0.1:14870] for GET '/session/5a0f5f67fd6d080cc87e6f1271ba4fd3/screenshot'
10:41:43.790 [AsyncHttpClient-1-21] DEBUG org.asynchttpclient.netty.handler.HttpHandler - 

Request DefaultFullHttpRequest(decodeResult: success, version: HTTP/1.1, content: EmptyByteBufBE)
GET /session/5a0f5f67fd6d080cc87e6f1271ba4fd3/screenshot HTTP/1.1
User-Agent: selenium/4.8.1 (java windows)
Cache-Control: no-cache
Content-Type: application/json; charset=utf-8
host: localhost:14870
accept: */*

Response DefaultHttpResponse(decodeResult: success, version: HTTP/1.1)
HTTP/1.1 200 OK
Content-Length: 31148
Content-Type: application/json; charset=utf-8
cache-control: no-cache

10:41:43.790 [AsyncHttpClient-1-21] DEBUG org.asynchttpclient.netty.channel.ChannelManager - Adding key: http://localhost:14870 for channel [id: 0xf6bcadf6, L:/127.0.0.1:55765 - R:localhost/127.0.0.1:14870]
10:41:43.791 [main] DEBUG net.serenitybdd.core.photography.Darkroom - Send negative for processing for target\site\serenity\440f555a33bb516416abd724e3d43137853757d8384986ef213a5722f737b895.png
10:41:43.792 [main] DEBUG net.thucydides.core.steps.StepInterceptor - STEP DONE: inputPassword
10:41:43.792 [Darkroom Processing Line] DEBUG net.serenitybdd.core.photography.DarkroomProcessingLine - Processing screenshot image in /var/screenshots/screenshot-1820317237646817907
10:41:43.792 [Darkroom Processing Line] DEBUG net.serenitybdd.core.photography.DarkroomProcessingLine - Saving screenshot to target\site\serenity\440f555a33bb516416abd724e3d43137853757d8384986ef213a5722f737b895.png
10:41:43.795 [Forwarding getPageSource on session 5a0f5f67fd6d080cc87e6f1271ba4fd3 to remote] DEBUG org.asynchttpclient.netty.request.NettyRequestSender - Using pooled Channel '[id: 0xf6bcadf6, L:/127.0.0.1:55765 - R:localhost/127.0.0.1:14870]' for 'POST' to 'http://localhost:14870/session/5a0f5f67fd6d080cc87e6f1271ba4fd3/execute/sync'
10:41:43.795 [Forwarding getPageSource on session 5a0f5f67fd6d080cc87e6f1271ba4fd3 to remote] DEBUG org.asynchttpclient.netty.request.NettyRequestSender - Using open Channel [id: 0xf6bcadf6, L:/127.0.0.1:55765 - R:localhost/127.0.0.1:14870] for POST '/session/5a0f5f67fd6d080cc87e6f1271ba4fd3/execute/sync'
10:41:43.799 [AsyncHttpClient-1-21] DEBUG org.asynchttpclient.netty.handler.HttpHandler - 

Request DefaultHttpRequest(decodeResult: success, version: HTTP/1.1)
POST /session/5a0f5f67fd6d080cc87e6f1271ba4fd3/execute/sync HTTP/1.1
User-Agent: selenium/4.8.1 (java windows)
Content-Length: 176
Content-Type: application/json; charset=utf-8
host: localhost:14870
accept: */*

Response DefaultHttpResponse(decodeResult: success, version: HTTP/1.1)
HTTP/1.1 200 OK
Content-Length: 21839
Content-Type: application/json; charset=utf-8
cache-control: no-cache

10:41:43.799 [AsyncHttpClient-1-21] DEBUG org.asynchttpclient.netty.channel.ChannelManager - Adding key: http://localhost:14870 for channel [id: 0xf6bcadf6, L:/127.0.0.1:55765 - R:localhost/127.0.0.1:14870]
10:41:43.800 [Forwarding getCurrentUrl on session 5a0f5f67fd6d080cc87e6f1271ba4fd3 to remote] DEBUG org.asynchttpclient.netty.request.NettyRequestSender - Using pooled Channel '[id: 0xf6bcadf6, L:/127.0.0.1:55765 - R:localhost/127.0.0.1:14870]' for 'GET' to 'http://localhost:14870/session/5a0f5f67fd6d080cc87e6f1271ba4fd3/url'
10:41:43.800 [Forwarding getCurrentUrl on session 5a0f5f67fd6d080cc87e6f1271ba4fd3 to remote] DEBUG org.asynchttpclient.netty.request.NettyRequestSender - Using open Channel [id: 0xf6bcadf6, L:/127.0.0.1:55765 - R:localhost/127.0.0.1:14870] for GET '/session/5a0f5f67fd6d080cc87e6f1271ba4fd3/url'
10:41:43.802 [AsyncHttpClient-1-21] DEBUG org.asynchttpclient.netty.handler.HttpHandler - 

Request DefaultFullHttpRequest(decodeResult: success, version: HTTP/1.1, content: EmptyByteBufBE)
GET /session/5a0f5f67fd6d080cc87e6f1271ba4fd3/url HTTP/1.1
User-Agent: selenium/4.8.1 (java windows)
Cache-Control: no-cache
Content-Type: application/json; charset=utf-8
host: localhost:14870
accept: */*

Response DefaultHttpResponse(decodeResult: success, version: HTTP/1.1)
HTTP/1.1 200 OK
Content-Length: 51
Content-Type: application/json; charset=utf-8
cache-control: no-cache

10:41:43.802 [AsyncHttpClient-1-21] DEBUG org.asynchttpclient.netty.channel.ChannelManager - Adding key: http://localhost:14870 for channel [id: 0xf6bcadf6, L:/127.0.0.1:55765 - R:localhost/127.0.0.1:14870]
10:41:43.804 [main] DEBUG net.thucydides.core.steps.StepInterceptor - STARTING STEP: LogoutSteps.onTheHomePage - clickLoginButton
10:41:43.805 [Forwarding findElement on session 5a0f5f67fd6d080cc87e6f1271ba4fd3 to remote] DEBUG org.asynchttpclient.netty.request.NettyRequestSender - Using pooled Channel '[id: 0xf6bcadf6, L:/127.0.0.1:55765 - R:localhost/127.0.0.1:14870]' for 'POST' to 'http://localhost:14870/session/5a0f5f67fd6d080cc87e6f1271ba4fd3/element'
10:41:43.805 [Forwarding findElement on session 5a0f5f67fd6d080cc87e6f1271ba4fd3 to remote] DEBUG org.asynchttpclient.netty.request.NettyRequestSender - Using open Channel [id: 0xf6bcadf6, L:/127.0.0.1:55765 - R:localhost/127.0.0.1:14870] for POST '/session/5a0f5f67fd6d080cc87e6f1271ba4fd3/element'
10:41:43.815 [AsyncHttpClient-1-21] DEBUG org.asynchttpclient.netty.handler.HttpHandler - 

Request DefaultHttpRequest(decodeResult: success, version: HTTP/1.1)
POST /session/5a0f5f67fd6d080cc87e6f1271ba4fd3/element HTTP/1.1
User-Agent: selenium/4.8.1 (java windows)
Content-Length: 71
Content-Type: application/json; charset=utf-8
host: localhost:14870
accept: */*

Response DefaultHttpResponse(decodeResult: success, version: HTTP/1.1)
HTTP/1.1 200 OK
Content-Length: 88
Content-Type: application/json; charset=utf-8
cache-control: no-cache

10:41:43.815 [AsyncHttpClient-1-21] DEBUG org.asynchttpclient.netty.channel.ChannelManager - Adding key: http://localhost:14870 for channel [id: 0xf6bcadf6, L:/127.0.0.1:55765 - R:localhost/127.0.0.1:14870]
10:41:43.816 [Forwarding getElementTagName on session 5a0f5f67fd6d080cc87e6f1271ba4fd3 to remote] DEBUG org.asynchttpclient.netty.request.NettyRequestSender - Using pooled Channel '[id: 0xf6bcadf6, L:/127.0.0.1:55765 - R:localhost/127.0.0.1:14870]' for 'GET' to 'http://localhost:14870/session/5a0f5f67fd6d080cc87e6f1271ba4fd3/element/757e4c36-b985-4a9a-a8ee-9a8b28c9c938/name'
10:41:43.816 [Forwarding getElementTagName on session 5a0f5f67fd6d080cc87e6f1271ba4fd3 to remote] DEBUG org.asynchttpclient.netty.request.NettyRequestSender - Using open Channel [id: 0xf6bcadf6, L:/127.0.0.1:55765 - R:localhost/127.0.0.1:14870] for GET '/session/5a0f5f67fd6d080cc87e6f1271ba4fd3/element/757e4c36-b985-4a9a-a8ee-9a8b28c9c938/name'
10:41:43.819 [AsyncHttpClient-1-21] DEBUG org.asynchttpclient.netty.handler.HttpHandler - 

Request DefaultFullHttpRequest(decodeResult: success, version: HTTP/1.1, content: EmptyByteBufBE)
GET /session/5a0f5f67fd6d080cc87e6f1271ba4fd3/element/757e4c36-b985-4a9a-a8ee-9a8b28c9c938/name HTTP/1.1
User-Agent: selenium/4.8.1 (java windows)
Cache-Control: no-cache
Content-Type: application/json; charset=utf-8
host: localhost:14870
accept: */*

Response DefaultHttpResponse(decodeResult: success, version: HTTP/1.1)
HTTP/1.1 200 OK
Content-Length: 18
Content-Type: application/json; charset=utf-8
cache-control: no-cache

10:41:43.819 [AsyncHttpClient-1-21] DEBUG org.asynchttpclient.netty.channel.ChannelManager - Adding key: http://localhost:14870 for channel [id: 0xf6bcadf6, L:/127.0.0.1:55765 - R:localhost/127.0.0.1:14870]
10:41:43.820 [Forwarding getElementTagName on session 5a0f5f67fd6d080cc87e6f1271ba4fd3 to remote] DEBUG org.asynchttpclient.netty.request.NettyRequestSender - Using pooled Channel '[id: 0xf6bcadf6, L:/127.0.0.1:55765 - R:localhost/127.0.0.1:14870]' for 'GET' to 'http://localhost:14870/session/5a0f5f67fd6d080cc87e6f1271ba4fd3/element/757e4c36-b985-4a9a-a8ee-9a8b28c9c938/name'
10:41:43.820 [Forwarding getElementTagName on session 5a0f5f67fd6d080cc87e6f1271ba4fd3 to remote] DEBUG org.asynchttpclient.netty.request.NettyRequestSender - Using open Channel [id: 0xf6bcadf6, L:/127.0.0.1:55765 - R:localhost/127.0.0.1:14870] for GET '/session/5a0f5f67fd6d080cc87e6f1271ba4fd3/element/757e4c36-b985-4a9a-a8ee-9a8b28c9c938/name'
10:41:43.822 [AsyncHttpClient-1-21] DEBUG org.asynchttpclient.netty.handler.HttpHandler - 

Request DefaultFullHttpRequest(decodeResult: success, version: HTTP/1.1, content: EmptyByteBufBE)
GET /session/5a0f5f67fd6d080cc87e6f1271ba4fd3/element/757e4c36-b985-4a9a-a8ee-9a8b28c9c938/name HTTP/1.1
User-Agent: selenium/4.8.1 (java windows)
Cache-Control: no-cache
Content-Type: application/json; charset=utf-8
host: localhost:14870
accept: */*

Response DefaultHttpResponse(decodeResult: success, version: HTTP/1.1)
HTTP/1.1 200 OK
Content-Length: 18
Content-Type: application/json; charset=utf-8
cache-control: no-cache

10:41:43.822 [AsyncHttpClient-1-21] DEBUG org.asynchttpclient.netty.channel.ChannelManager - Adding key: http://localhost:14870 for channel [id: 0xf6bcadf6, L:/127.0.0.1:55765 - R:localhost/127.0.0.1:14870]
10:41:43.823 [Forwarding isElementEnabled on session 5a0f5f67fd6d080cc87e6f1271ba4fd3 to remote] DEBUG org.asynchttpclient.netty.request.NettyRequestSender - Using pooled Channel '[id: 0xf6bcadf6, L:/127.0.0.1:55765 - R:localhost/127.0.0.1:14870]' for 'GET' to 'http://localhost:14870/session/5a0f5f67fd6d080cc87e6f1271ba4fd3/element/757e4c36-b985-4a9a-a8ee-9a8b28c9c938/enabled'
10:41:43.823 [Forwarding isElementEnabled on session 5a0f5f67fd6d080cc87e6f1271ba4fd3 to remote] DEBUG org.asynchttpclient.netty.request.NettyRequestSender - Using open Channel [id: 0xf6bcadf6, L:/127.0.0.1:55765 - R:localhost/127.0.0.1:14870] for GET '/session/5a0f5f67fd6d080cc87e6f1271ba4fd3/element/757e4c36-b985-4a9a-a8ee-9a8b28c9c938/enabled'
10:41:43.829 [AsyncHttpClient-1-21] DEBUG org.asynchttpclient.netty.handler.HttpHandler - 

Request DefaultFullHttpRequest(decodeResult: success, version: HTTP/1.1, content: EmptyByteBufBE)
GET /session/5a0f5f67fd6d080cc87e6f1271ba4fd3/element/757e4c36-b985-4a9a-a8ee-9a8b28c9c938/enabled HTTP/1.1
User-Agent: selenium/4.8.1 (java windows)
Cache-Control: no-cache
Content-Type: application/json; charset=utf-8
host: localhost:14870
accept: */*

Response DefaultHttpResponse(decodeResult: success, version: HTTP/1.1)
HTTP/1.1 200 OK
Content-Length: 14
Content-Type: application/json; charset=utf-8
cache-control: no-cache

10:41:43.829 [AsyncHttpClient-1-21] DEBUG org.asynchttpclient.netty.channel.ChannelManager - Adding key: http://localhost:14870 for channel [id: 0xf6bcadf6, L:/127.0.0.1:55765 - R:localhost/127.0.0.1:14870]
10:41:43.829 [Forwarding isElementEnabled on session 5a0f5f67fd6d080cc87e6f1271ba4fd3 to remote] DEBUG org.asynchttpclient.netty.request.NettyRequestSender - Using pooled Channel '[id: 0xf6bcadf6, L:/127.0.0.1:55765 - R:localhost/127.0.0.1:14870]' for 'GET' to 'http://localhost:14870/session/5a0f5f67fd6d080cc87e6f1271ba4fd3/element/757e4c36-b985-4a9a-a8ee-9a8b28c9c938/enabled'
10:41:43.829 [Forwarding isElementEnabled on session 5a0f5f67fd6d080cc87e6f1271ba4fd3 to remote] DEBUG org.asynchttpclient.netty.request.NettyRequestSender - Using open Channel [id: 0xf6bcadf6, L:/127.0.0.1:55765 - R:localhost/127.0.0.1:14870] for GET '/session/5a0f5f67fd6d080cc87e6f1271ba4fd3/element/757e4c36-b985-4a9a-a8ee-9a8b28c9c938/enabled'
10:41:43.833 [AsyncHttpClient-1-21] DEBUG org.asynchttpclient.netty.handler.HttpHandler - 

Request DefaultFullHttpRequest(decodeResult: success, version: HTTP/1.1, content: EmptyByteBufBE)
GET /session/5a0f5f67fd6d080cc87e6f1271ba4fd3/element/757e4c36-b985-4a9a-a8ee-9a8b28c9c938/enabled HTTP/1.1
User-Agent: selenium/4.8.1 (java windows)
Cache-Control: no-cache
Content-Type: application/json; charset=utf-8
host: localhost:14870
accept: */*

Response DefaultHttpResponse(decodeResult: success, version: HTTP/1.1)
HTTP/1.1 200 OK
Content-Length: 14
Content-Type: application/json; charset=utf-8
cache-control: no-cache

10:41:43.833 [AsyncHttpClient-1-21] DEBUG org.asynchttpclient.netty.channel.ChannelManager - Adding key: http://localhost:14870 for channel [id: 0xf6bcadf6, L:/127.0.0.1:55765 - R:localhost/127.0.0.1:14870]
10:41:43.834 [Forwarding findElement on session 5a0f5f67fd6d080cc87e6f1271ba4fd3 to remote] DEBUG org.asynchttpclient.netty.request.NettyRequestSender - Using pooled Channel '[id: 0xf6bcadf6, L:/127.0.0.1:55765 - R:localhost/127.0.0.1:14870]' for 'POST' to 'http://localhost:14870/session/5a0f5f67fd6d080cc87e6f1271ba4fd3/element'
10:41:43.834 [Forwarding findElement on session 5a0f5f67fd6d080cc87e6f1271ba4fd3 to remote] DEBUG org.asynchttpclient.netty.request.NettyRequestSender - Using open Channel [id: 0xf6bcadf6, L:/127.0.0.1:55765 - R:localhost/127.0.0.1:14870] for POST '/session/5a0f5f67fd6d080cc87e6f1271ba4fd3/element'
10:41:43.838 [AsyncHttpClient-1-21] DEBUG org.asynchttpclient.netty.handler.HttpHandler - 

Request DefaultHttpRequest(decodeResult: success, version: HTTP/1.1)
POST /session/5a0f5f67fd6d080cc87e6f1271ba4fd3/element HTTP/1.1
User-Agent: selenium/4.8.1 (java windows)
Content-Length: 71
Content-Type: application/json; charset=utf-8
host: localhost:14870
accept: */*

Response DefaultHttpResponse(decodeResult: success, version: HTTP/1.1)
HTTP/1.1 200 OK
Content-Length: 88
Content-Type: application/json; charset=utf-8
cache-control: no-cache

10:41:43.838 [AsyncHttpClient-1-21] DEBUG org.asynchttpclient.netty.channel.ChannelManager - Adding key: http://localhost:14870 for channel [id: 0xf6bcadf6, L:/127.0.0.1:55765 - R:localhost/127.0.0.1:14870]
10:41:43.839 [Forwarding clickElement on session 5a0f5f67fd6d080cc87e6f1271ba4fd3 to remote] DEBUG org.asynchttpclient.netty.request.NettyRequestSender - Using pooled Channel '[id: 0xf6bcadf6, L:/127.0.0.1:55765 - R:localhost/127.0.0.1:14870]' for 'POST' to 'http://localhost:14870/session/5a0f5f67fd6d080cc87e6f1271ba4fd3/element/757e4c36-b985-4a9a-a8ee-9a8b28c9c938/click'
10:41:43.839 [Forwarding clickElement on session 5a0f5f67fd6d080cc87e6f1271ba4fd3 to remote] DEBUG org.asynchttpclient.netty.request.NettyRequestSender - Using open Channel [id: 0xf6bcadf6, L:/127.0.0.1:55765 - R:localhost/127.0.0.1:14870] for POST '/session/5a0f5f67fd6d080cc87e6f1271ba4fd3/element/757e4c36-b985-4a9a-a8ee-9a8b28c9c938/click'
10:41:43.873 [AsyncHttpClient-1-21] DEBUG org.asynchttpclient.netty.handler.HttpHandler - 

Request DefaultHttpRequest(decodeResult: success, version: HTTP/1.1)
POST /session/5a0f5f67fd6d080cc87e6f1271ba4fd3/element/757e4c36-b985-4a9a-a8ee-9a8b28c9c938/click HTTP/1.1
User-Agent: selenium/4.8.1 (java windows)
Content-Length: 50
Content-Type: application/json; charset=utf-8
host: localhost:14870
accept: */*

Response DefaultHttpResponse(decodeResult: success, version: HTTP/1.1)
HTTP/1.1 200 OK
Content-Length: 14
Content-Type: application/json; charset=utf-8
cache-control: no-cache

10:41:43.873 [AsyncHttpClient-1-21] DEBUG org.asynchttpclient.netty.channel.ChannelManager - Adding key: http://localhost:14870 for channel [id: 0xf6bcadf6, L:/127.0.0.1:55765 - R:localhost/127.0.0.1:14870]
10:41:43.878 [Forwarding getAlertText on session 5a0f5f67fd6d080cc87e6f1271ba4fd3 to remote] DEBUG org.asynchttpclient.netty.request.NettyRequestSender - Using pooled Channel '[id: 0xf6bcadf6, L:/127.0.0.1:55765 - R:localhost/127.0.0.1:14870]' for 'GET' to 'http://localhost:14870/session/5a0f5f67fd6d080cc87e6f1271ba4fd3/alert/text'
10:41:43.878 [Forwarding getAlertText on session 5a0f5f67fd6d080cc87e6f1271ba4fd3 to remote] DEBUG org.asynchttpclient.netty.request.NettyRequestSender - Using open Channel [id: 0xf6bcadf6, L:/127.0.0.1:55765 - R:localhost/127.0.0.1:14870] for GET '/session/5a0f5f67fd6d080cc87e6f1271ba4fd3/alert/text'
10:41:43.879 [AsyncHttpClient-1-21] DEBUG org.asynchttpclient.netty.handler.HttpHandler - 

Request DefaultFullHttpRequest(decodeResult: success, version: HTTP/1.1, content: EmptyByteBufBE)
GET /session/5a0f5f67fd6d080cc87e6f1271ba4fd3/alert/text HTTP/1.1
User-Agent: selenium/4.8.1 (java windows)
Cache-Control: no-cache
Content-Type: application/json; charset=utf-8
host: localhost:14870
accept: */*

Response DefaultHttpResponse(decodeResult: success, version: HTTP/1.1)
HTTP/1.1 404 Not Found
Content-Length: 836
Content-Type: application/json; charset=utf-8
cache-control: no-cache

10:41:43.880 [AsyncHttpClient-1-21] DEBUG org.asynchttpclient.netty.channel.ChannelManager - Adding key: http://localhost:14870 for channel [id: 0xf6bcadf6, L:/127.0.0.1:55765 - R:localhost/127.0.0.1:14870]
10:41:43.880 [Forwarding getCurrentUrl on session 5a0f5f67fd6d080cc87e6f1271ba4fd3 to remote] DEBUG org.asynchttpclient.netty.request.NettyRequestSender - Using pooled Channel '[id: 0xf6bcadf6, L:/127.0.0.1:55765 - R:localhost/127.0.0.1:14870]' for 'GET' to 'http://localhost:14870/session/5a0f5f67fd6d080cc87e6f1271ba4fd3/url'
10:41:43.880 [Forwarding getCurrentUrl on session 5a0f5f67fd6d080cc87e6f1271ba4fd3 to remote] DEBUG org.asynchttpclient.netty.request.NettyRequestSender - Using open Channel [id: 0xf6bcadf6, L:/127.0.0.1:55765 - R:localhost/127.0.0.1:14870] for GET '/session/5a0f5f67fd6d080cc87e6f1271ba4fd3/url'
10:41:43.882 [AsyncHttpClient-1-21] DEBUG org.asynchttpclient.netty.handler.HttpHandler - 

Request DefaultFullHttpRequest(decodeResult: success, version: HTTP/1.1, content: EmptyByteBufBE)
GET /session/5a0f5f67fd6d080cc87e6f1271ba4fd3/url HTTP/1.1
User-Agent: selenium/4.8.1 (java windows)
Cache-Control: no-cache
Content-Type: application/json; charset=utf-8
host: localhost:14870
accept: */*

Response DefaultHttpResponse(decodeResult: success, version: HTTP/1.1)
HTTP/1.1 200 OK
Content-Length: 51
Content-Type: application/json; charset=utf-8
cache-control: no-cache

10:41:43.882 [AsyncHttpClient-1-21] DEBUG org.asynchttpclient.netty.channel.ChannelManager - Adding key: http://localhost:14870 for channel [id: 0xf6bcadf6, L:/127.0.0.1:55765 - R:localhost/127.0.0.1:14870]
10:41:43.882 [Forwarding screenshot on session 5a0f5f67fd6d080cc87e6f1271ba4fd3 to remote] DEBUG org.asynchttpclient.netty.request.NettyRequestSender - Using pooled Channel '[id: 0xf6bcadf6, L:/127.0.0.1:55765 - R:localhost/127.0.0.1:14870]' for 'GET' to 'http://localhost:14870/session/5a0f5f67fd6d080cc87e6f1271ba4fd3/screenshot'
10:41:43.882 [Forwarding screenshot on session 5a0f5f67fd6d080cc87e6f1271ba4fd3 to remote] DEBUG org.asynchttpclient.netty.request.NettyRequestSender - Using open Channel [id: 0xf6bcadf6, L:/127.0.0.1:55765 - R:localhost/127.0.0.1:14870] for GET '/session/5a0f5f67fd6d080cc87e6f1271ba4fd3/screenshot'
10:41:43.972 [AsyncHttpClient-1-21] DEBUG org.asynchttpclient.netty.handler.HttpHandler - 

Request DefaultFullHttpRequest(decodeResult: success, version: HTTP/1.1, content: EmptyByteBufBE)
GET /session/5a0f5f67fd6d080cc87e6f1271ba4fd3/screenshot HTTP/1.1
User-Agent: selenium/4.8.1 (java windows)
Cache-Control: no-cache
Content-Type: application/json; charset=utf-8
host: localhost:14870
accept: */*

Response DefaultHttpResponse(decodeResult: success, version: HTTP/1.1)
HTTP/1.1 200 OK
Content-Length: 30524
Content-Type: application/json; charset=utf-8
cache-control: no-cache

10:41:43.972 [AsyncHttpClient-1-21] DEBUG org.asynchttpclient.netty.channel.ChannelManager - Adding key: http://localhost:14870 for channel [id: 0xf6bcadf6, L:/127.0.0.1:55765 - R:localhost/127.0.0.1:14870]
10:41:43.973 [main] DEBUG net.serenitybdd.core.photography.Darkroom - Send negative for processing for target\site\serenity\77e8d475dee7d22028b03345f5d05571aeb624e05162cc583138f1fc1e14f15b.png
10:41:43.973 [main] DEBUG net.thucydides.core.steps.StepInterceptor - STEP DONE: clickLoginButton
10:41:43.973 [Darkroom Processing Line] DEBUG net.serenitybdd.core.photography.DarkroomProcessingLine - Processing screenshot image in /var/screenshots/screenshot-12362870267995012947
10:41:43.973 [Darkroom Processing Line] DEBUG net.serenitybdd.core.photography.DarkroomProcessingLine - Saving screenshot to target\site\serenity\77e8d475dee7d22028b03345f5d05571aeb624e05162cc583138f1fc1e14f15b.png
10:41:43.976 [Forwarding getPageSource on session 5a0f5f67fd6d080cc87e6f1271ba4fd3 to remote] DEBUG org.asynchttpclient.netty.request.NettyRequestSender - Using pooled Channel '[id: 0xf6bcadf6, L:/127.0.0.1:55765 - R:localhost/127.0.0.1:14870]' for 'POST' to 'http://localhost:14870/session/5a0f5f67fd6d080cc87e6f1271ba4fd3/execute/sync'
10:41:43.976 [Forwarding getPageSource on session 5a0f5f67fd6d080cc87e6f1271ba4fd3 to remote] DEBUG org.asynchttpclient.netty.request.NettyRequestSender - Using open Channel [id: 0xf6bcadf6, L:/127.0.0.1:55765 - R:localhost/127.0.0.1:14870] for POST '/session/5a0f5f67fd6d080cc87e6f1271ba4fd3/execute/sync'
10:41:43.981 [AsyncHttpClient-1-21] DEBUG org.asynchttpclient.netty.handler.HttpHandler - 

Request DefaultHttpRequest(decodeResult: success, version: HTTP/1.1)
POST /session/5a0f5f67fd6d080cc87e6f1271ba4fd3/execute/sync HTTP/1.1
User-Agent: selenium/4.8.1 (java windows)
Content-Length: 176
Content-Type: application/json; charset=utf-8
host: localhost:14870
accept: */*

Response DefaultHttpResponse(decodeResult: success, version: HTTP/1.1)
HTTP/1.1 200 OK
Content-Length: 22118
Content-Type: application/json; charset=utf-8
cache-control: no-cache

10:41:43.981 [AsyncHttpClient-1-21] DEBUG org.asynchttpclient.netty.channel.ChannelManager - Adding key: http://localhost:14870 for channel [id: 0xf6bcadf6, L:/127.0.0.1:55765 - R:localhost/127.0.0.1:14870]
10:41:43.983 [Forwarding getCurrentUrl on session 5a0f5f67fd6d080cc87e6f1271ba4fd3 to remote] DEBUG org.asynchttpclient.netty.request.NettyRequestSender - Using pooled Channel '[id: 0xf6bcadf6, L:/127.0.0.1:55765 - R:localhost/127.0.0.1:14870]' for 'GET' to 'http://localhost:14870/session/5a0f5f67fd6d080cc87e6f1271ba4fd3/url'
10:41:43.983 [Forwarding getCurrentUrl on session 5a0f5f67fd6d080cc87e6f1271ba4fd3 to remote] DEBUG org.asynchttpclient.netty.request.NettyRequestSender - Using open Channel [id: 0xf6bcadf6, L:/127.0.0.1:55765 - R:localhost/127.0.0.1:14870] for GET '/session/5a0f5f67fd6d080cc87e6f1271ba4fd3/url'
10:41:43.986 [AsyncHttpClient-1-21] DEBUG org.asynchttpclient.netty.handler.HttpHandler - 

Request DefaultFullHttpRequest(decodeResult: success, version: HTTP/1.1, content: EmptyByteBufBE)
GET /session/5a0f5f67fd6d080cc87e6f1271ba4fd3/url HTTP/1.1
User-Agent: selenium/4.8.1 (java windows)
Cache-Control: no-cache
Content-Type: application/json; charset=utf-8
host: localhost:14870
accept: */*

Response DefaultHttpResponse(decodeResult: success, version: HTTP/1.1)
HTTP/1.1 200 OK
Content-Length: 51
Content-Type: application/json; charset=utf-8
cache-control: no-cache

10:41:43.986 [AsyncHttpClient-1-21] DEBUG org.asynchttpclient.netty.channel.ChannelManager - Adding key: http://localhost:14870 for channel [id: 0xf6bcadf6, L:/127.0.0.1:55765 - R:localhost/127.0.0.1:14870]
10:41:43.988 [main] DEBUG net.thucydides.core.steps.StepInterceptor - STARTING STEP: LogoutSteps.onTheHomePage - validateOnHomePage
10:41:43.989 [Forwarding findElement on session 5a0f5f67fd6d080cc87e6f1271ba4fd3 to remote] DEBUG org.asynchttpclient.netty.request.NettyRequestSender - Using pooled Channel '[id: 0xf6bcadf6, L:/127.0.0.1:55765 - R:localhost/127.0.0.1:14870]' for 'POST' to 'http://localhost:14870/session/5a0f5f67fd6d080cc87e6f1271ba4fd3/element'
10:41:43.989 [Forwarding findElement on session 5a0f5f67fd6d080cc87e6f1271ba4fd3 to remote] DEBUG org.asynchttpclient.netty.request.NettyRequestSender - Using open Channel [id: 0xf6bcadf6, L:/127.0.0.1:55765 - R:localhost/127.0.0.1:14870] for POST '/session/5a0f5f67fd6d080cc87e6f1271ba4fd3/element'
10:41:44.271 [AsyncHttpClient-1-21] DEBUG org.asynchttpclient.netty.handler.HttpHandler - 

Request DefaultHttpRequest(decodeResult: success, version: HTTP/1.1)
POST /session/5a0f5f67fd6d080cc87e6f1271ba4fd3/element HTTP/1.1
User-Agent: selenium/4.8.1 (java windows)
Content-Length: 54
Content-Type: application/json; charset=utf-8
host: localhost:14870
accept: */*

Response DefaultHttpResponse(decodeResult: success, version: HTTP/1.1)
HTTP/1.1 200 OK
Content-Length: 88
Content-Type: application/json; charset=utf-8
cache-control: no-cache

10:41:44.271 [AsyncHttpClient-1-21] DEBUG org.asynchttpclient.netty.channel.ChannelManager - Adding key: http://localhost:14870 for channel [id: 0xf6bcadf6, L:/127.0.0.1:55765 - R:localhost/127.0.0.1:14870]
10:41:44.273 [Forwarding isElementDisplayed on session 5a0f5f67fd6d080cc87e6f1271ba4fd3 to remote] DEBUG org.asynchttpclient.netty.request.NettyRequestSender - Using pooled Channel '[id: 0xf6bcadf6, L:/127.0.0.1:55765 - R:localhost/127.0.0.1:14870]' for 'POST' to 'http://localhost:14870/session/5a0f5f67fd6d080cc87e6f1271ba4fd3/execute/sync'
10:41:44.273 [Forwarding isElementDisplayed on session 5a0f5f67fd6d080cc87e6f1271ba4fd3 to remote] DEBUG org.asynchttpclient.netty.request.NettyRequestSender - Using open Channel [id: 0xf6bcadf6, L:/127.0.0.1:55765 - R:localhost/127.0.0.1:14870] for POST '/session/5a0f5f67fd6d080cc87e6f1271ba4fd3/execute/sync'
10:41:44.282 [AsyncHttpClient-1-21] DEBUG org.asynchttpclient.netty.handler.HttpHandler - 

Request DefaultHttpRequest(decodeResult: success, version: HTTP/1.1)
POST /session/5a0f5f67fd6d080cc87e6f1271ba4fd3/execute/sync HTTP/1.1
User-Agent: selenium/4.8.1 (java windows)
Content-Length: 48807
Content-Type: application/json; charset=utf-8
host: localhost:14870
accept: */*

Response DefaultHttpResponse(decodeResult: success, version: HTTP/1.1)
HTTP/1.1 200 OK
Content-Length: 14
Content-Type: application/json; charset=utf-8
cache-control: no-cache

10:41:44.283 [AsyncHttpClient-1-21] DEBUG org.asynchttpclient.netty.channel.ChannelManager - Adding key: http://localhost:14870 for channel [id: 0xf6bcadf6, L:/127.0.0.1:55765 - R:localhost/127.0.0.1:14870]
10:41:44.285 [Forwarding getAlertText on session 5a0f5f67fd6d080cc87e6f1271ba4fd3 to remote] DEBUG org.asynchttpclient.netty.request.NettyRequestSender - Using pooled Channel '[id: 0xf6bcadf6, L:/127.0.0.1:55765 - R:localhost/127.0.0.1:14870]' for 'GET' to 'http://localhost:14870/session/5a0f5f67fd6d080cc87e6f1271ba4fd3/alert/text'
10:41:44.285 [Forwarding getAlertText on session 5a0f5f67fd6d080cc87e6f1271ba4fd3 to remote] DEBUG org.asynchttpclient.netty.request.NettyRequestSender - Using open Channel [id: 0xf6bcadf6, L:/127.0.0.1:55765 - R:localhost/127.0.0.1:14870] for GET '/session/5a0f5f67fd6d080cc87e6f1271ba4fd3/alert/text'
10:41:44.286 [AsyncHttpClient-1-21] DEBUG org.asynchttpclient.netty.handler.HttpHandler - 

Request DefaultFullHttpRequest(decodeResult: success, version: HTTP/1.1, content: EmptyByteBufBE)
GET /session/5a0f5f67fd6d080cc87e6f1271ba4fd3/alert/text HTTP/1.1
User-Agent: selenium/4.8.1 (java windows)
Cache-Control: no-cache
Content-Type: application/json; charset=utf-8
host: localhost:14870
accept: */*

Response DefaultHttpResponse(decodeResult: success, version: HTTP/1.1)
HTTP/1.1 404 Not Found
Content-Length: 836
Content-Type: application/json; charset=utf-8
cache-control: no-cache

10:41:44.286 [AsyncHttpClient-1-21] DEBUG org.asynchttpclient.netty.channel.ChannelManager - Adding key: http://localhost:14870 for channel [id: 0xf6bcadf6, L:/127.0.0.1:55765 - R:localhost/127.0.0.1:14870]
10:41:44.287 [Forwarding getCurrentUrl on session 5a0f5f67fd6d080cc87e6f1271ba4fd3 to remote] DEBUG org.asynchttpclient.netty.request.NettyRequestSender - Using pooled Channel '[id: 0xf6bcadf6, L:/127.0.0.1:55765 - R:localhost/127.0.0.1:14870]' for 'GET' to 'http://localhost:14870/session/5a0f5f67fd6d080cc87e6f1271ba4fd3/url'
10:41:44.287 [Forwarding getCurrentUrl on session 5a0f5f67fd6d080cc87e6f1271ba4fd3 to remote] DEBUG org.asynchttpclient.netty.request.NettyRequestSender - Using open Channel [id: 0xf6bcadf6, L:/127.0.0.1:55765 - R:localhost/127.0.0.1:14870] for GET '/session/5a0f5f67fd6d080cc87e6f1271ba4fd3/url'
10:41:44.290 [AsyncHttpClient-1-21] DEBUG org.asynchttpclient.netty.handler.HttpHandler - 

Request DefaultFullHttpRequest(decodeResult: success, version: HTTP/1.1, content: EmptyByteBufBE)
GET /session/5a0f5f67fd6d080cc87e6f1271ba4fd3/url HTTP/1.1
User-Agent: selenium/4.8.1 (java windows)
Cache-Control: no-cache
Content-Type: application/json; charset=utf-8
host: localhost:14870
accept: */*

Response DefaultHttpResponse(decodeResult: success, version: HTTP/1.1)
HTTP/1.1 200 OK
Content-Length: 41
Content-Type: application/json; charset=utf-8
cache-control: no-cache

10:41:44.290 [AsyncHttpClient-1-21] DEBUG org.asynchttpclient.netty.channel.ChannelManager - Adding key: http://localhost:14870 for channel [id: 0xf6bcadf6, L:/127.0.0.1:55765 - R:localhost/127.0.0.1:14870]
10:41:44.291 [Forwarding screenshot on session 5a0f5f67fd6d080cc87e6f1271ba4fd3 to remote] DEBUG org.asynchttpclient.netty.request.NettyRequestSender - Using pooled Channel '[id: 0xf6bcadf6, L:/127.0.0.1:55765 - R:localhost/127.0.0.1:14870]' for 'GET' to 'http://localhost:14870/session/5a0f5f67fd6d080cc87e6f1271ba4fd3/screenshot'
10:41:44.291 [Forwarding screenshot on session 5a0f5f67fd6d080cc87e6f1271ba4fd3 to remote] DEBUG org.asynchttpclient.netty.request.NettyRequestSender - Using open Channel [id: 0xf6bcadf6, L:/127.0.0.1:55765 - R:localhost/127.0.0.1:14870] for GET '/session/5a0f5f67fd6d080cc87e6f1271ba4fd3/screenshot'
10:41:44.421 [AsyncHttpClient-1-21] DEBUG org.asynchttpclient.netty.handler.HttpHandler - 

Request DefaultFullHttpRequest(decodeResult: success, version: HTTP/1.1, content: EmptyByteBufBE)
GET /session/5a0f5f67fd6d080cc87e6f1271ba4fd3/screenshot HTTP/1.1
User-Agent: selenium/4.8.1 (java windows)
Cache-Control: no-cache
Content-Type: application/json; charset=utf-8
host: localhost:14870
accept: */*

Response DefaultHttpResponse(decodeResult: success, version: HTTP/1.1)
HTTP/1.1 200 OK
Content-Length: 26064
Content-Type: application/json; charset=utf-8
cache-control: no-cache

10:41:44.421 [AsyncHttpClient-1-21] DEBUG org.asynchttpclient.netty.channel.ChannelManager - Adding key: http://localhost:14870 for channel [id: 0xf6bcadf6, L:/127.0.0.1:55765 - R:localhost/127.0.0.1:14870]
10:41:44.422 [main] DEBUG net.serenitybdd.core.photography.Darkroom - Send negative for processing for target\site\serenity\e485fa7a8dd6b42d1ae575f9b24ee6f91329c44ca6612cc093ca3eaa21ba0f9e.png
10:41:44.422 [main] DEBUG net.thucydides.core.steps.StepInterceptor - STEP DONE: validateOnHomePage
  &amp#27;[32mGiven &amp#27;[0m&amp#27;[32mI am on the alta-shop home page&amp#27;[0m                      &amp#27;[90m# starter.stepdefinitions.LogoutSteps.onTheHomePage()&amp#27;[0m
10:41:44.422 [Darkroom Processing Line] DEBUG net.serenitybdd.core.photography.DarkroomProcessingLine - Processing screenshot image in /var/screenshots/screenshot-12765417230772376176
10:41:44.422 [Darkroom Processing Line] DEBUG net.serenitybdd.core.photography.DarkroomProcessingLine - Saving screenshot to target\site\serenity\e485fa7a8dd6b42d1ae575f9b24ee6f91329c44ca6612cc093ca3eaa21ba0f9e.png
10:41:44.427 [Forwarding getPageSource on session 5a0f5f67fd6d080cc87e6f1271ba4fd3 to remote] DEBUG org.asynchttpclient.netty.request.NettyRequestSender - Using pooled Channel '[id: 0xf6bcadf6, L:/127.0.0.1:55765 - R:localhost/127.0.0.1:14870]' for 'POST' to 'http://localhost:14870/session/5a0f5f67fd6d080cc87e6f1271ba4fd3/execute/sync'
10:41:44.427 [Forwarding getPageSource on session 5a0f5f67fd6d080cc87e6f1271ba4fd3 to remote] DEBUG org.asynchttpclient.netty.request.NettyRequestSender - Using open Channel [id: 0xf6bcadf6, L:/127.0.0.1:55765 - R:localhost/127.0.0.1:14870] for POST '/session/5a0f5f67fd6d080cc87e6f1271ba4fd3/execute/sync'
10:41:44.432 [AsyncHttpClient-1-21] DEBUG org.asynchttpclient.netty.handler.HttpHandler - 

Request DefaultHttpRequest(decodeResult: success, version: HTTP/1.1)
POST /session/5a0f5f67fd6d080cc87e6f1271ba4fd3/execute/sync HTTP/1.1
User-Agent: selenium/4.8.1 (java windows)
Content-Length: 176
Content-Type: application/json; charset=utf-8
host: localhost:14870
accept: */*

Response DefaultHttpResponse(decodeResult: success, version: HTTP/1.1)
HTTP/1.1 200 OK
Content-Length: 28798
Content-Type: application/json; charset=utf-8
cache-control: no-cache

10:41:44.432 [AsyncHttpClient-1-21] DEBUG org.asynchttpclient.netty.channel.ChannelManager - Adding key: http://localhost:14870 for channel [id: 0xf6bcadf6, L:/127.0.0.1:55765 - R:localhost/127.0.0.1:14870]
10:41:44.434 [Forwarding getCurrentUrl on session 5a0f5f67fd6d080cc87e6f1271ba4fd3 to remote] DEBUG org.asynchttpclient.netty.request.NettyRequestSender - Using pooled Channel '[id: 0xf6bcadf6, L:/127.0.0.1:55765 - R:localhost/127.0.0.1:14870]' for 'GET' to 'http://localhost:14870/session/5a0f5f67fd6d080cc87e6f1271ba4fd3/url'
10:41:44.434 [Forwarding getCurrentUrl on session 5a0f5f67fd6d080cc87e6f1271ba4fd3 to remote] DEBUG org.asynchttpclient.netty.request.NettyRequestSender - Using open Channel [id: 0xf6bcadf6, L:/127.0.0.1:55765 - R:localhost/127.0.0.1:14870] for GET '/session/5a0f5f67fd6d080cc87e6f1271ba4fd3/url'
10:41:44.437 [AsyncHttpClient-1-21] DEBUG org.asynchttpclient.netty.handler.HttpHandler - 

Request DefaultFullHttpRequest(decodeResult: success, version: HTTP/1.1, content: EmptyByteBufBE)
GET /session/5a0f5f67fd6d080cc87e6f1271ba4fd3/url HTTP/1.1
User-Agent: selenium/4.8.1 (java windows)
Cache-Control: no-cache
Content-Type: application/json; charset=utf-8
host: localhost:14870
accept: */*

Response DefaultHttpResponse(decodeResult: success, version: HTTP/1.1)
HTTP/1.1 200 OK
Content-Length: 41
Content-Type: application/json; charset=utf-8
cache-control: no-cache

10:41:44.438 [AsyncHttpClient-1-21] DEBUG org.asynchttpclient.netty.channel.ChannelManager - Adding key: http://localhost:14870 for channel [id: 0xf6bcadf6, L:/127.0.0.1:55765 - R:localhost/127.0.0.1:14870]
10:41:44.448 [Forwarding getPageSource on session 5a0f5f67fd6d080cc87e6f1271ba4fd3 to remote] DEBUG org.asynchttpclient.netty.request.NettyRequestSender - Using pooled Channel '[id: 0xf6bcadf6, L:/127.0.0.1:55765 - R:localhost/127.0.0.1:14870]' for 'POST' to 'http://localhost:14870/session/5a0f5f67fd6d080cc87e6f1271ba4fd3/execute/sync'
10:41:44.448 [Forwarding getPageSource on session 5a0f5f67fd6d080cc87e6f1271ba4fd3 to remote] DEBUG org.asynchttpclient.netty.request.NettyRequestSender - Using open Channel [id: 0xf6bcadf6, L:/127.0.0.1:55765 - R:localhost/127.0.0.1:14870] for POST '/session/5a0f5f67fd6d080cc87e6f1271ba4fd3/execute/sync'
10:41:44.508 [AsyncHttpClient-1-1] DEBUG org.asynchttpclient.netty.channel.DefaultChannelPool - Entry count for : http://localhost:55766 : 1
10:41:44.960 [AsyncHttpClient-1-21] DEBUG org.asynchttpclient.netty.handler.HttpHandler - 

Request DefaultHttpRequest(decodeResult: success, version: HTTP/1.1)
POST /session/5a0f5f67fd6d080cc87e6f1271ba4fd3/execute/sync HTTP/1.1
User-Agent: selenium/4.8.1 (java windows)
Content-Length: 176
Content-Type: application/json; charset=utf-8
host: localhost:14870
accept: */*

Response DefaultHttpResponse(decodeResult: success, version: HTTP/1.1)
HTTP/1.1 200 OK
Content-Length: 293456
Content-Type: application/json; charset=utf-8
cache-control: no-cache

10:41:44.960 [AsyncHttpClient-1-21] DEBUG org.asynchttpclient.netty.channel.ChannelManager - Adding key: http://localhost:14870 for channel [id: 0xf6bcadf6, L:/127.0.0.1:55765 - R:localhost/127.0.0.1:14870]
10:41:44.973 [Forwarding getCurrentUrl on session 5a0f5f67fd6d080cc87e6f1271ba4fd3 to remote] DEBUG org.asynchttpclient.netty.request.NettyRequestSender - Using pooled Channel '[id: 0xf6bcadf6, L:/127.0.0.1:55765 - R:localhost/127.0.0.1:14870]' for 'GET' to 'http://localhost:14870/session/5a0f5f67fd6d080cc87e6f1271ba4fd3/url'
10:41:44.973 [Forwarding getCurrentUrl on session 5a0f5f67fd6d080cc87e6f1271ba4fd3 to remote] DEBUG org.asynchttpclient.netty.request.NettyRequestSender - Using open Channel [id: 0xf6bcadf6, L:/127.0.0.1:55765 - R:localhost/127.0.0.1:14870] for GET '/session/5a0f5f67fd6d080cc87e6f1271ba4fd3/url'
10:41:44.977 [AsyncHttpClient-1-21] DEBUG org.asynchttpclient.netty.handler.HttpHandler - 

Request DefaultFullHttpRequest(decodeResult: success, version: HTTP/1.1, content: EmptyByteBufBE)
GET /session/5a0f5f67fd6d080cc87e6f1271ba4fd3/url HTTP/1.1
User-Agent: selenium/4.8.1 (java windows)
Cache-Control: no-cache
Content-Type: application/json; charset=utf-8
host: localhost:14870
accept: */*

Response DefaultHttpResponse(decodeResult: success, version: HTTP/1.1)
HTTP/1.1 200 OK
Content-Length: 41
Content-Type: application/json; charset=utf-8
cache-control: no-cache

10:41:44.977 [AsyncHttpClient-1-21] DEBUG org.asynchttpclient.netty.channel.ChannelManager - Adding key: http://localhost:14870 for channel [id: 0xf6bcadf6, L:/127.0.0.1:55765 - R:localhost/127.0.0.1:14870]
10:41:44.979 [main] DEBUG net.thucydides.core.steps.StepInterceptor - STARTING STEP: LogoutSteps.clickUserIcon - clickUserIcon
10:41:44.980 [Forwarding findElement on session 5a0f5f67fd6d080cc87e6f1271ba4fd3 to remote] DEBUG org.asynchttpclient.netty.request.NettyRequestSender - Using pooled Channel '[id: 0xf6bcadf6, L:/127.0.0.1:55765 - R:localhost/127.0.0.1:14870]' for 'POST' to 'http://localhost:14870/session/5a0f5f67fd6d080cc87e6f1271ba4fd3/element'
10:41:44.980 [Forwarding findElement on session 5a0f5f67fd6d080cc87e6f1271ba4fd3 to remote] DEBUG org.asynchttpclient.netty.request.NettyRequestSender - Using open Channel [id: 0xf6bcadf6, L:/127.0.0.1:55765 - R:localhost/127.0.0.1:14870] for POST '/session/5a0f5f67fd6d080cc87e6f1271ba4fd3/element'
10:41:44.986 [AsyncHttpClient-1-21] DEBUG org.asynchttpclient.netty.handler.HttpHandler - 

Request DefaultHttpRequest(decodeResult: success, version: HTTP/1.1)
POST /session/5a0f5f67fd6d080cc87e6f1271ba4fd3/element HTTP/1.1
User-Agent: selenium/4.8.1 (java windows)
Content-Length: 54
Content-Type: application/json; charset=utf-8
host: localhost:14870
accept: */*

Response DefaultHttpResponse(decodeResult: success, version: HTTP/1.1)
HTTP/1.1 200 OK
Content-Length: 88
Content-Type: application/json; charset=utf-8
cache-control: no-cache

10:41:44.986 [AsyncHttpClient-1-21] DEBUG org.asynchttpclient.netty.channel.ChannelManager - Adding key: http://localhost:14870 for channel [id: 0xf6bcadf6, L:/127.0.0.1:55765 - R:localhost/127.0.0.1:14870]
10:41:44.987 [Forwarding getElementTagName on session 5a0f5f67fd6d080cc87e6f1271ba4fd3 to remote] DEBUG org.asynchttpclient.netty.request.NettyRequestSender - Using pooled Channel '[id: 0xf6bcadf6, L:/127.0.0.1:55765 - R:localhost/127.0.0.1:14870]' for 'GET' to 'http://localhost:14870/session/5a0f5f67fd6d080cc87e6f1271ba4fd3/element/41b01afe-7626-4c15-8cc7-91e35a9741b8/name'
10:41:44.987 [Forwarding getElementTagName on session 5a0f5f67fd6d080cc87e6f1271ba4fd3 to remote] DEBUG org.asynchttpclient.netty.request.NettyRequestSender - Using open Channel [id: 0xf6bcadf6, L:/127.0.0.1:55765 - R:localhost/127.0.0.1:14870] for GET '/session/5a0f5f67fd6d080cc87e6f1271ba4fd3/element/41b01afe-7626-4c15-8cc7-91e35a9741b8/name'
10:41:44.990 [AsyncHttpClient-1-21] DEBUG org.asynchttpclient.netty.handler.HttpHandler - 

Request DefaultFullHttpRequest(decodeResult: success, version: HTTP/1.1, content: EmptyByteBufBE)
GET /session/5a0f5f67fd6d080cc87e6f1271ba4fd3/element/41b01afe-7626-4c15-8cc7-91e35a9741b8/name HTTP/1.1
User-Agent: selenium/4.8.1 (java windows)
Cache-Control: no-cache
Content-Type: application/json; charset=utf-8
host: localhost:14870
accept: */*

Response DefaultHttpResponse(decodeResult: success, version: HTTP/1.1)
HTTP/1.1 200 OK
Content-Length: 13
Content-Type: application/json; charset=utf-8
cache-control: no-cache

10:41:44.990 [AsyncHttpClient-1-21] DEBUG org.asynchttpclient.netty.channel.ChannelManager - Adding key: http://localhost:14870 for channel [id: 0xf6bcadf6, L:/127.0.0.1:55765 - R:localhost/127.0.0.1:14870]
10:41:44.991 [Forwarding getElementTagName on session 5a0f5f67fd6d080cc87e6f1271ba4fd3 to remote] DEBUG org.asynchttpclient.netty.request.NettyRequestSender - Using pooled Channel '[id: 0xf6bcadf6, L:/127.0.0.1:55765 - R:localhost/127.0.0.1:14870]' for 'GET' to 'http://localhost:14870/session/5a0f5f67fd6d080cc87e6f1271ba4fd3/element/41b01afe-7626-4c15-8cc7-91e35a9741b8/name'
10:41:44.991 [Forwarding getElementTagName on session 5a0f5f67fd6d080cc87e6f1271ba4fd3 to remote] DEBUG org.asynchttpclient.netty.request.NettyRequestSender - Using open Channel [id: 0xf6bcadf6, L:/127.0.0.1:55765 - R:localhost/127.0.0.1:14870] for GET '/session/5a0f5f67fd6d080cc87e6f1271ba4fd3/element/41b01afe-7626-4c15-8cc7-91e35a9741b8/name'
10:41:44.993 [AsyncHttpClient-1-21] DEBUG org.asynchttpclient.netty.handler.HttpHandler - 

Request DefaultFullHttpRequest(decodeResult: success, version: HTTP/1.1, content: EmptyByteBufBE)
GET /session/5a0f5f67fd6d080cc87e6f1271ba4fd3/element/41b01afe-7626-4c15-8cc7-91e35a9741b8/name HTTP/1.1
User-Agent: selenium/4.8.1 (java windows)
Cache-Control: no-cache
Content-Type: application/json; charset=utf-8
host: localhost:14870
accept: */*

Response DefaultHttpResponse(decodeResult: success, version: HTTP/1.1)
HTTP/1.1 200 OK
Content-Length: 13
Content-Type: application/json; charset=utf-8
cache-control: no-cache

10:41:44.993 [AsyncHttpClient-1-21] DEBUG org.asynchttpclient.netty.channel.ChannelManager - Adding key: http://localhost:14870 for channel [id: 0xf6bcadf6, L:/127.0.0.1:55765 - R:localhost/127.0.0.1:14870]
10:41:44.994 [Forwarding findElement on session 5a0f5f67fd6d080cc87e6f1271ba4fd3 to remote] DEBUG org.asynchttpclient.netty.request.NettyRequestSender - Using pooled Channel '[id: 0xf6bcadf6, L:/127.0.0.1:55765 - R:localhost/127.0.0.1:14870]' for 'POST' to 'http://localhost:14870/session/5a0f5f67fd6d080cc87e6f1271ba4fd3/element'
10:41:44.994 [Forwarding findElement on session 5a0f5f67fd6d080cc87e6f1271ba4fd3 to remote] DEBUG org.asynchttpclient.netty.request.NettyRequestSender - Using open Channel [id: 0xf6bcadf6, L:/127.0.0.1:55765 - R:localhost/127.0.0.1:14870] for POST '/session/5a0f5f67fd6d080cc87e6f1271ba4fd3/element'
10:41:44.999 [AsyncHttpClient-1-21] DEBUG org.asynchttpclient.netty.handler.HttpHandler - 

Request DefaultHttpRequest(decodeResult: success, version: HTTP/1.1)
POST /session/5a0f5f67fd6d080cc87e6f1271ba4fd3/element HTTP/1.1
User-Agent: selenium/4.8.1 (java windows)
Content-Length: 54
Content-Type: application/json; charset=utf-8
host: localhost:14870
accept: */*

Response DefaultHttpResponse(decodeResult: success, version: HTTP/1.1)
HTTP/1.1 200 OK
Content-Length: 88
Content-Type: application/json; charset=utf-8
cache-control: no-cache

10:41:44.999 [AsyncHttpClient-1-21] DEBUG org.asynchttpclient.netty.channel.ChannelManager - Adding key: http://localhost:14870 for channel [id: 0xf6bcadf6, L:/127.0.0.1:55765 - R:localhost/127.0.0.1:14870]
10:41:44.999 [Forwarding clickElement on session 5a0f5f67fd6d080cc87e6f1271ba4fd3 to remote] DEBUG org.asynchttpclient.netty.request.NettyRequestSender - Using pooled Channel '[id: 0xf6bcadf6, L:/127.0.0.1:55765 - R:localhost/127.0.0.1:14870]' for 'POST' to 'http://localhost:14870/session/5a0f5f67fd6d080cc87e6f1271ba4fd3/element/41b01afe-7626-4c15-8cc7-91e35a9741b8/click'
10:41:44.999 [Forwarding clickElement on session 5a0f5f67fd6d080cc87e6f1271ba4fd3 to remote] DEBUG org.asynchttpclient.netty.request.NettyRequestSender - Using open Channel [id: 0xf6bcadf6, L:/127.0.0.1:55765 - R:localhost/127.0.0.1:14870] for POST '/session/5a0f5f67fd6d080cc87e6f1271ba4fd3/element/41b01afe-7626-4c15-8cc7-91e35a9741b8/click'
10:41:45.042 [AsyncHttpClient-1-21] DEBUG org.asynchttpclient.netty.handler.HttpHandler - 

Request DefaultHttpRequest(decodeResult: success, version: HTTP/1.1)
POST /session/5a0f5f67fd6d080cc87e6f1271ba4fd3/element/41b01afe-7626-4c15-8cc7-91e35a9741b8/click HTTP/1.1
User-Agent: selenium/4.8.1 (java windows)
Content-Length: 50
Content-Type: application/json; charset=utf-8
host: localhost:14870
accept: */*

Response DefaultHttpResponse(decodeResult: success, version: HTTP/1.1)
HTTP/1.1 200 OK
Content-Length: 14
Content-Type: application/json; charset=utf-8
cache-control: no-cache

10:41:45.042 [AsyncHttpClient-1-21] DEBUG org.asynchttpclient.netty.channel.ChannelManager - Adding key: http://localhost:14870 for channel [id: 0xf6bcadf6, L:/127.0.0.1:55765 - R:localhost/127.0.0.1:14870]
10:41:45.046 [Forwarding getAlertText on session 5a0f5f67fd6d080cc87e6f1271ba4fd3 to remote] DEBUG org.asynchttpclient.netty.request.NettyRequestSender - Using pooled Channel '[id: 0xf6bcadf6, L:/127.0.0.1:55765 - R:localhost/127.0.0.1:14870]' for 'GET' to 'http://localhost:14870/session/5a0f5f67fd6d080cc87e6f1271ba4fd3/alert/text'
10:41:45.046 [Forwarding getAlertText on session 5a0f5f67fd6d080cc87e6f1271ba4fd3 to remote] DEBUG org.asynchttpclient.netty.request.NettyRequestSender - Using open Channel [id: 0xf6bcadf6, L:/127.0.0.1:55765 - R:localhost/127.0.0.1:14870] for GET '/session/5a0f5f67fd6d080cc87e6f1271ba4fd3/alert/text'
10:41:45.052 [AsyncHttpClient-1-21] DEBUG org.asynchttpclient.netty.handler.HttpHandler - 

Request DefaultFullHttpRequest(decodeResult: success, version: HTTP/1.1, content: EmptyByteBufBE)
GET /session/5a0f5f67fd6d080cc87e6f1271ba4fd3/alert/text HTTP/1.1
User-Agent: selenium/4.8.1 (java windows)
Cache-Control: no-cache
Content-Type: application/json; charset=utf-8
host: localhost:14870
accept: */*

Response DefaultHttpResponse(decodeResult: success, version: HTTP/1.1)
HTTP/1.1 404 Not Found
Content-Length: 836
Content-Type: application/json; charset=utf-8
cache-control: no-cache

10:41:45.052 [AsyncHttpClient-1-21] DEBUG org.asynchttpclient.netty.channel.ChannelManager - Adding key: http://localhost:14870 for channel [id: 0xf6bcadf6, L:/127.0.0.1:55765 - R:localhost/127.0.0.1:14870]
10:41:45.053 [Forwarding getCurrentUrl on session 5a0f5f67fd6d080cc87e6f1271ba4fd3 to remote] DEBUG org.asynchttpclient.netty.request.NettyRequestSender - Using pooled Channel '[id: 0xf6bcadf6, L:/127.0.0.1:55765 - R:localhost/127.0.0.1:14870]' for 'GET' to 'http://localhost:14870/session/5a0f5f67fd6d080cc87e6f1271ba4fd3/url'
10:41:45.053 [Forwarding getCurrentUrl on session 5a0f5f67fd6d080cc87e6f1271ba4fd3 to remote] DEBUG org.asynchttpclient.netty.request.NettyRequestSender - Using open Channel [id: 0xf6bcadf6, L:/127.0.0.1:55765 - R:localhost/127.0.0.1:14870] for GET '/session/5a0f5f67fd6d080cc87e6f1271ba4fd3/url'
10:41:45.058 [AsyncHttpClient-1-21] DEBUG org.asynchttpclient.netty.handler.HttpHandler - 

Request DefaultFullHttpRequest(decodeResult: success, version: HTTP/1.1, content: EmptyByteBufBE)
GET /session/5a0f5f67fd6d080cc87e6f1271ba4fd3/url HTTP/1.1
User-Agent: selenium/4.8.1 (java windows)
Cache-Control: no-cache
Content-Type: application/json; charset=utf-8
host: localhost:14870
accept: */*

Response DefaultHttpResponse(decodeResult: success, version: HTTP/1.1)
HTTP/1.1 200 OK
Content-Length: 41
Content-Type: application/json; charset=utf-8
cache-control: no-cache

10:41:45.059 [AsyncHttpClient-1-21] DEBUG org.asynchttpclient.netty.channel.ChannelManager - Adding key: http://localhost:14870 for channel [id: 0xf6bcadf6, L:/127.0.0.1:55765 - R:localhost/127.0.0.1:14870]
10:41:45.059 [Forwarding screenshot on session 5a0f5f67fd6d080cc87e6f1271ba4fd3 to remote] DEBUG org.asynchttpclient.netty.request.NettyRequestSender - Using pooled Channel '[id: 0xf6bcadf6, L:/127.0.0.1:55765 - R:localhost/127.0.0.1:14870]' for 'GET' to 'http://localhost:14870/session/5a0f5f67fd6d080cc87e6f1271ba4fd3/screenshot'
10:41:45.059 [Forwarding screenshot on session 5a0f5f67fd6d080cc87e6f1271ba4fd3 to remote] DEBUG org.asynchttpclient.netty.request.NettyRequestSender - Using open Channel [id: 0xf6bcadf6, L:/127.0.0.1:55765 - R:localhost/127.0.0.1:14870] for GET '/session/5a0f5f67fd6d080cc87e6f1271ba4fd3/screenshot'
10:41:45.187 [AsyncHttpClient-1-21] DEBUG org.asynchttpclient.netty.handler.HttpHandler - 

Request DefaultFullHttpRequest(decodeResult: success, version: HTTP/1.1, content: EmptyByteBufBE)
GET /session/5a0f5f67fd6d080cc87e6f1271ba4fd3/screenshot HTTP/1.1
User-Agent: selenium/4.8.1 (java windows)
Cache-Control: no-cache
Content-Type: application/json; charset=utf-8
host: localhost:14870
accept: */*

Response DefaultHttpResponse(decodeResult: success, version: HTTP/1.1)
HTTP/1.1 200 OK
Content-Length: 73740
Content-Type: application/json; charset=utf-8
cache-control: no-cache

10:41:45.187 [AsyncHttpClient-1-21] DEBUG org.asynchttpclient.netty.channel.ChannelManager - Adding key: http://localhost:14870 for channel [id: 0xf6bcadf6, L:/127.0.0.1:55765 - R:localhost/127.0.0.1:14870]
10:41:45.188 [main] DEBUG net.serenitybdd.core.photography.Darkroom - Send negative for processing for target\site\serenity\b1d1614ef96c681bc0323a5db0e76c8f59bb33fa42f3766e0b6c527d5ec00959.png
10:41:45.189 [main] DEBUG net.thucydides.core.steps.StepInterceptor - STEP DONE: clickUserIcon
  &amp#27;[32mAnd &amp#27;[0m&amp#27;[32mI click user icon&amp#27;[0m                                      &amp#27;[90m# starter.stepdefinitions.LogoutSteps.clickUserIcon()&amp#27;[0m
10:41:45.189 [Darkroom Processing Line] DEBUG net.serenitybdd.core.photography.DarkroomProcessingLine - Processing screenshot image in /var/screenshots/screenshot-4814785558684167088
10:41:45.189 [Darkroom Processing Line] DEBUG net.serenitybdd.core.photography.DarkroomProcessingLine - Saving screenshot to target\site\serenity\b1d1614ef96c681bc0323a5db0e76c8f59bb33fa42f3766e0b6c527d5ec00959.png
10:41:45.194 [Forwarding getPageSource on session 5a0f5f67fd6d080cc87e6f1271ba4fd3 to remote] DEBUG org.asynchttpclient.netty.request.NettyRequestSender - Using pooled Channel '[id: 0xf6bcadf6, L:/127.0.0.1:55765 - R:localhost/127.0.0.1:14870]' for 'POST' to 'http://localhost:14870/session/5a0f5f67fd6d080cc87e6f1271ba4fd3/execute/sync'
10:41:45.194 [Forwarding getPageSource on session 5a0f5f67fd6d080cc87e6f1271ba4fd3 to remote] DEBUG org.asynchttpclient.netty.request.NettyRequestSender - Using open Channel [id: 0xf6bcadf6, L:/127.0.0.1:55765 - R:localhost/127.0.0.1:14870] for POST '/session/5a0f5f67fd6d080cc87e6f1271ba4fd3/execute/sync'
10:41:45.209 [AsyncHttpClient-1-21] DEBUG org.asynchttpclient.netty.handler.HttpHandler - 

Request DefaultHttpRequest(decodeResult: success, version: HTTP/1.1)
POST /session/5a0f5f67fd6d080cc87e6f1271ba4fd3/execute/sync HTTP/1.1
User-Agent: selenium/4.8.1 (java windows)
Content-Length: 176
Content-Type: application/json; charset=utf-8
host: localhost:14870
accept: */*

Response DefaultHttpResponse(decodeResult: success, version: HTTP/1.1)
HTTP/1.1 200 OK
Content-Length: 294730
Content-Type: application/json; charset=utf-8
cache-control: no-cache

10:41:45.209 [AsyncHttpClient-1-21] DEBUG org.asynchttpclient.netty.channel.ChannelManager - Adding key: http://localhost:14870 for channel [id: 0xf6bcadf6, L:/127.0.0.1:55765 - R:localhost/127.0.0.1:14870]
10:41:45.225 [Forwarding getCurrentUrl on session 5a0f5f67fd6d080cc87e6f1271ba4fd3 to remote] DEBUG org.asynchttpclient.netty.request.NettyRequestSender - Using pooled Channel '[id: 0xf6bcadf6, L:/127.0.0.1:55765 - R:localhost/127.0.0.1:14870]' for 'GET' to 'http://localhost:14870/session/5a0f5f67fd6d080cc87e6f1271ba4fd3/url'
10:41:45.225 [Forwarding getCurrentUrl on session 5a0f5f67fd6d080cc87e6f1271ba4fd3 to remote] DEBUG org.asynchttpclient.netty.request.NettyRequestSender - Using open Channel [id: 0xf6bcadf6, L:/127.0.0.1:55765 - R:localhost/127.0.0.1:14870] for GET '/session/5a0f5f67fd6d080cc87e6f1271ba4fd3/url'
10:41:45.228 [AsyncHttpClient-1-21] DEBUG org.asynchttpclient.netty.handler.HttpHandler - 

Request DefaultFullHttpRequest(decodeResult: success, version: HTTP/1.1, content: EmptyByteBufBE)
GET /session/5a0f5f67fd6d080cc87e6f1271ba4fd3/url HTTP/1.1
User-Agent: selenium/4.8.1 (java windows)
Cache-Control: no-cache
Content-Type: application/json; charset=utf-8
host: localhost:14870
accept: */*

Response DefaultHttpResponse(decodeResult: success, version: HTTP/1.1)
HTTP/1.1 200 OK
Content-Length: 41
Content-Type: application/json; charset=utf-8
cache-control: no-cache

10:41:45.228 [AsyncHttpClient-1-21] DEBUG org.asynchttpclient.netty.channel.ChannelManager - Adding key: http://localhost:14870 for channel [id: 0xf6bcadf6, L:/127.0.0.1:55765 - R:localhost/127.0.0.1:14870]
10:41:45.233 [Forwarding getPageSource on session 5a0f5f67fd6d080cc87e6f1271ba4fd3 to remote] DEBUG org.asynchttpclient.netty.request.NettyRequestSender - Using pooled Channel '[id: 0xf6bcadf6, L:/127.0.0.1:55765 - R:localhost/127.0.0.1:14870]' for 'POST' to 'http://localhost:14870/session/5a0f5f67fd6d080cc87e6f1271ba4fd3/execute/sync'
10:41:45.233 [Forwarding getPageSource on session 5a0f5f67fd6d080cc87e6f1271ba4fd3 to remote] DEBUG org.asynchttpclient.netty.request.NettyRequestSender - Using open Channel [id: 0xf6bcadf6, L:/127.0.0.1:55765 - R:localhost/127.0.0.1:14870] for POST '/session/5a0f5f67fd6d080cc87e6f1271ba4fd3/execute/sync'
10:41:45.254 [AsyncHttpClient-1-21] DEBUG org.asynchttpclient.netty.handler.HttpHandler - 

Request DefaultHttpRequest(decodeResult: success, version: HTTP/1.1)
POST /session/5a0f5f67fd6d080cc87e6f1271ba4fd3/execute/sync HTTP/1.1
User-Agent: selenium/4.8.1 (java windows)
Content-Length: 176
Content-Type: application/json; charset=utf-8
host: localhost:14870
accept: */*

Response DefaultHttpResponse(decodeResult: success, version: HTTP/1.1)
HTTP/1.1 200 OK
Content-Length: 294730
Content-Type: application/json; charset=utf-8
cache-control: no-cache

10:41:45.255 [AsyncHttpClient-1-21] DEBUG org.asynchttpclient.netty.channel.ChannelManager - Adding key: http://localhost:14870 for channel [id: 0xf6bcadf6, L:/127.0.0.1:55765 - R:localhost/127.0.0.1:14870]
10:41:45.268 [Forwarding getCurrentUrl on session 5a0f5f67fd6d080cc87e6f1271ba4fd3 to remote] DEBUG org.asynchttpclient.netty.request.NettyRequestSender - Using pooled Channel '[id: 0xf6bcadf6, L:/127.0.0.1:55765 - R:localhost/127.0.0.1:14870]' for 'GET' to 'http://localhost:14870/session/5a0f5f67fd6d080cc87e6f1271ba4fd3/url'
10:41:45.268 [Forwarding getCurrentUrl on session 5a0f5f67fd6d080cc87e6f1271ba4fd3 to remote] DEBUG org.asynchttpclient.netty.request.NettyRequestSender - Using open Channel [id: 0xf6bcadf6, L:/127.0.0.1:55765 - R:localhost/127.0.0.1:14870] for GET '/session/5a0f5f67fd6d080cc87e6f1271ba4fd3/url'
10:41:45.271 [AsyncHttpClient-1-21] DEBUG org.asynchttpclient.netty.handler.HttpHandler - 

Request DefaultFullHttpRequest(decodeResult: success, version: HTTP/1.1, content: EmptyByteBufBE)
GET /session/5a0f5f67fd6d080cc87e6f1271ba4fd3/url HTTP/1.1
User-Agent: selenium/4.8.1 (java windows)
Cache-Control: no-cache
Content-Type: application/json; charset=utf-8
host: localhost:14870
accept: */*

Response DefaultHttpResponse(decodeResult: success, version: HTTP/1.1)
HTTP/1.1 200 OK
Content-Length: 41
Content-Type: application/json; charset=utf-8
cache-control: no-cache

10:41:45.271 [AsyncHttpClient-1-21] DEBUG org.asynchttpclient.netty.channel.ChannelManager - Adding key: http://localhost:14870 for channel [id: 0xf6bcadf6, L:/127.0.0.1:55765 - R:localhost/127.0.0.1:14870]
10:41:45.274 [main] DEBUG net.thucydides.core.steps.StepInterceptor - STARTING STEP: LogoutSteps.clickLogoutOption - clickLogoutOption
10:41:45.275 [Forwarding findElement on session 5a0f5f67fd6d080cc87e6f1271ba4fd3 to remote] DEBUG org.asynchttpclient.netty.request.NettyRequestSender - Using pooled Channel '[id: 0xf6bcadf6, L:/127.0.0.1:55765 - R:localhost/127.0.0.1:14870]' for 'POST' to 'http://localhost:14870/session/5a0f5f67fd6d080cc87e6f1271ba4fd3/element'
10:41:45.275 [Forwarding findElement on session 5a0f5f67fd6d080cc87e6f1271ba4fd3 to remote] DEBUG org.asynchttpclient.netty.request.NettyRequestSender - Using open Channel [id: 0xf6bcadf6, L:/127.0.0.1:55765 - R:localhost/127.0.0.1:14870] for POST '/session/5a0f5f67fd6d080cc87e6f1271ba4fd3/element'
10:41:45.284 [AsyncHttpClient-1-21] DEBUG org.asynchttpclient.netty.handler.HttpHandler - 

Request DefaultHttpRequest(decodeResult: success, version: HTTP/1.1)
POST /session/5a0f5f67fd6d080cc87e6f1271ba4fd3/element HTTP/1.1
User-Agent: selenium/4.8.1 (java windows)
Content-Length: 59
Content-Type: application/json; charset=utf-8
host: localhost:14870
accept: */*

Response DefaultHttpResponse(decodeResult: success, version: HTTP/1.1)
HTTP/1.1 200 OK
Content-Length: 88
Content-Type: application/json; charset=utf-8
cache-control: no-cache

10:41:45.284 [AsyncHttpClient-1-21] DEBUG org.asynchttpclient.netty.channel.ChannelManager - Adding key: http://localhost:14870 for channel [id: 0xf6bcadf6, L:/127.0.0.1:55765 - R:localhost/127.0.0.1:14870]
10:41:45.284 [Forwarding getElementTagName on session 5a0f5f67fd6d080cc87e6f1271ba4fd3 to remote] DEBUG org.asynchttpclient.netty.request.NettyRequestSender - Using pooled Channel '[id: 0xf6bcadf6, L:/127.0.0.1:55765 - R:localhost/127.0.0.1:14870]' for 'GET' to 'http://localhost:14870/session/5a0f5f67fd6d080cc87e6f1271ba4fd3/element/2cd9f0b7-98ec-4cc6-af41-5fac3fe2c3d9/name'
10:41:45.284 [Forwarding getElementTagName on session 5a0f5f67fd6d080cc87e6f1271ba4fd3 to remote] DEBUG org.asynchttpclient.netty.request.NettyRequestSender - Using open Channel [id: 0xf6bcadf6, L:/127.0.0.1:55765 - R:localhost/127.0.0.1:14870] for GET '/session/5a0f5f67fd6d080cc87e6f1271ba4fd3/element/2cd9f0b7-98ec-4cc6-af41-5fac3fe2c3d9/name'
10:41:45.287 [AsyncHttpClient-1-21] DEBUG org.asynchttpclient.netty.handler.HttpHandler - 

Request DefaultFullHttpRequest(decodeResult: success, version: HTTP/1.1, content: EmptyByteBufBE)
GET /session/5a0f5f67fd6d080cc87e6f1271ba4fd3/element/2cd9f0b7-98ec-4cc6-af41-5fac3fe2c3d9/name HTTP/1.1
User-Agent: selenium/4.8.1 (java windows)
Cache-Control: no-cache
Content-Type: application/json; charset=utf-8
host: localhost:14870
accept: */*

Response DefaultHttpResponse(decodeResult: success, version: HTTP/1.1)
HTTP/1.1 200 OK
Content-Length: 13
Content-Type: application/json; charset=utf-8
cache-control: no-cache

10:41:45.287 [AsyncHttpClient-1-21] DEBUG org.asynchttpclient.netty.channel.ChannelManager - Adding key: http://localhost:14870 for channel [id: 0xf6bcadf6, L:/127.0.0.1:55765 - R:localhost/127.0.0.1:14870]
10:41:45.288 [Forwarding getElementTagName on session 5a0f5f67fd6d080cc87e6f1271ba4fd3 to remote] DEBUG org.asynchttpclient.netty.request.NettyRequestSender - Using pooled Channel '[id: 0xf6bcadf6, L:/127.0.0.1:55765 - R:localhost/127.0.0.1:14870]' for 'GET' to 'http://localhost:14870/session/5a0f5f67fd6d080cc87e6f1271ba4fd3/element/2cd9f0b7-98ec-4cc6-af41-5fac3fe2c3d9/name'
10:41:45.288 [Forwarding getElementTagName on session 5a0f5f67fd6d080cc87e6f1271ba4fd3 to remote] DEBUG org.asynchttpclient.netty.request.NettyRequestSender - Using open Channel [id: 0xf6bcadf6, L:/127.0.0.1:55765 - R:localhost/127.0.0.1:14870] for GET '/session/5a0f5f67fd6d080cc87e6f1271ba4fd3/element/2cd9f0b7-98ec-4cc6-af41-5fac3fe2c3d9/name'
10:41:45.291 [AsyncHttpClient-1-21] DEBUG org.asynchttpclient.netty.handler.HttpHandler - 

Request DefaultFullHttpRequest(decodeResult: success, version: HTTP/1.1, content: EmptyByteBufBE)
GET /session/5a0f5f67fd6d080cc87e6f1271ba4fd3/element/2cd9f0b7-98ec-4cc6-af41-5fac3fe2c3d9/name HTTP/1.1
User-Agent: selenium/4.8.1 (java windows)
Cache-Control: no-cache
Content-Type: application/json; charset=utf-8
host: localhost:14870
accept: */*

Response DefaultHttpResponse(decodeResult: success, version: HTTP/1.1)
HTTP/1.1 200 OK
Content-Length: 13
Content-Type: application/json; charset=utf-8
cache-control: no-cache

10:41:45.291 [AsyncHttpClient-1-21] DEBUG org.asynchttpclient.netty.channel.ChannelManager - Adding key: http://localhost:14870 for channel [id: 0xf6bcadf6, L:/127.0.0.1:55765 - R:localhost/127.0.0.1:14870]
10:41:45.292 [Forwarding findElement on session 5a0f5f67fd6d080cc87e6f1271ba4fd3 to remote] DEBUG org.asynchttpclient.netty.request.NettyRequestSender - Using pooled Channel '[id: 0xf6bcadf6, L:/127.0.0.1:55765 - R:localhost/127.0.0.1:14870]' for 'POST' to 'http://localhost:14870/session/5a0f5f67fd6d080cc87e6f1271ba4fd3/element'
10:41:45.292 [Forwarding findElement on session 5a0f5f67fd6d080cc87e6f1271ba4fd3 to remote] DEBUG org.asynchttpclient.netty.request.NettyRequestSender - Using open Channel [id: 0xf6bcadf6, L:/127.0.0.1:55765 - R:localhost/127.0.0.1:14870] for POST '/session/5a0f5f67fd6d080cc87e6f1271ba4fd3/element'
10:41:45.297 [AsyncHttpClient-1-21] DEBUG org.asynchttpclient.netty.handler.HttpHandler - 

Request DefaultHttpRequest(decodeResult: success, version: HTTP/1.1)
POST /session/5a0f5f67fd6d080cc87e6f1271ba4fd3/element HTTP/1.1
User-Agent: selenium/4.8.1 (java windows)
Content-Length: 59
Content-Type: application/json; charset=utf-8
host: localhost:14870
accept: */*

Response DefaultHttpResponse(decodeResult: success, version: HTTP/1.1)
HTTP/1.1 200 OK
Content-Length: 88
Content-Type: application/json; charset=utf-8
cache-control: no-cache

10:41:45.297 [AsyncHttpClient-1-21] DEBUG org.asynchttpclient.netty.channel.ChannelManager - Adding key: http://localhost:14870 for channel [id: 0xf6bcadf6, L:/127.0.0.1:55765 - R:localhost/127.0.0.1:14870]
10:41:45.298 [Forwarding clickElement on session 5a0f5f67fd6d080cc87e6f1271ba4fd3 to remote] DEBUG org.asynchttpclient.netty.request.NettyRequestSender - Using pooled Channel '[id: 0xf6bcadf6, L:/127.0.0.1:55765 - R:localhost/127.0.0.1:14870]' for 'POST' to 'http://localhost:14870/session/5a0f5f67fd6d080cc87e6f1271ba4fd3/element/2cd9f0b7-98ec-4cc6-af41-5fac3fe2c3d9/click'
10:41:45.298 [Forwarding clickElement on session 5a0f5f67fd6d080cc87e6f1271ba4fd3 to remote] DEBUG org.asynchttpclient.netty.request.NettyRequestSender - Using open Channel [id: 0xf6bcadf6, L:/127.0.0.1:55765 - R:localhost/127.0.0.1:14870] for POST '/session/5a0f5f67fd6d080cc87e6f1271ba4fd3/element/2cd9f0b7-98ec-4cc6-af41-5fac3fe2c3d9/click'
10:41:45.368 [AsyncHttpClient-1-21] DEBUG org.asynchttpclient.netty.handler.HttpHandler - 

Request DefaultHttpRequest(decodeResult: success, version: HTTP/1.1)
POST /session/5a0f5f67fd6d080cc87e6f1271ba4fd3/element/2cd9f0b7-98ec-4cc6-af41-5fac3fe2c3d9/click HTTP/1.1
User-Agent: selenium/4.8.1 (java windows)
Content-Length: 50
Content-Type: application/json; charset=utf-8
host: localhost:14870
accept: */*

Response DefaultHttpResponse(decodeResult: success, version: HTTP/1.1)
HTTP/1.1 200 OK
Content-Length: 14
Content-Type: application/json; charset=utf-8
cache-control: no-cache

10:41:45.368 [AsyncHttpClient-1-21] DEBUG org.asynchttpclient.netty.channel.ChannelManager - Adding key: http://localhost:14870 for channel [id: 0xf6bcadf6, L:/127.0.0.1:55765 - R:localhost/127.0.0.1:14870]
10:41:45.372 [Forwarding getAlertText on session 5a0f5f67fd6d080cc87e6f1271ba4fd3 to remote] DEBUG org.asynchttpclient.netty.request.NettyRequestSender - Using pooled Channel '[id: 0xf6bcadf6, L:/127.0.0.1:55765 - R:localhost/127.0.0.1:14870]' for 'GET' to 'http://localhost:14870/session/5a0f5f67fd6d080cc87e6f1271ba4fd3/alert/text'
10:41:45.372 [Forwarding getAlertText on session 5a0f5f67fd6d080cc87e6f1271ba4fd3 to remote] DEBUG org.asynchttpclient.netty.request.NettyRequestSender - Using open Channel [id: 0xf6bcadf6, L:/127.0.0.1:55765 - R:localhost/127.0.0.1:14870] for GET '/session/5a0f5f67fd6d080cc87e6f1271ba4fd3/alert/text'
10:41:45.373 [AsyncHttpClient-1-21] DEBUG org.asynchttpclient.netty.handler.HttpHandler - 

Request DefaultFullHttpRequest(decodeResult: success, version: HTTP/1.1, content: EmptyByteBufBE)
GET /session/5a0f5f67fd6d080cc87e6f1271ba4fd3/alert/text HTTP/1.1
User-Agent: selenium/4.8.1 (java windows)
Cache-Control: no-cache
Content-Type: application/json; charset=utf-8
host: localhost:14870
accept: */*

Response DefaultHttpResponse(decodeResult: success, version: HTTP/1.1)
HTTP/1.1 404 Not Found
Content-Length: 836
Content-Type: application/json; charset=utf-8
cache-control: no-cache

10:41:45.373 [AsyncHttpClient-1-21] DEBUG org.asynchttpclient.netty.channel.ChannelManager - Adding key: http://localhost:14870 for channel [id: 0xf6bcadf6, L:/127.0.0.1:55765 - R:localhost/127.0.0.1:14870]
10:41:45.374 [Forwarding getCurrentUrl on session 5a0f5f67fd6d080cc87e6f1271ba4fd3 to remote] DEBUG org.asynchttpclient.netty.request.NettyRequestSender - Using pooled Channel '[id: 0xf6bcadf6, L:/127.0.0.1:55765 - R:localhost/127.0.0.1:14870]' for 'GET' to 'http://localhost:14870/session/5a0f5f67fd6d080cc87e6f1271ba4fd3/url'
10:41:45.374 [Forwarding getCurrentUrl on session 5a0f5f67fd6d080cc87e6f1271ba4fd3 to remote] DEBUG org.asynchttpclient.netty.request.NettyRequestSender - Using open Channel [id: 0xf6bcadf6, L:/127.0.0.1:55765 - R:localhost/127.0.0.1:14870] for GET '/session/5a0f5f67fd6d080cc87e6f1271ba4fd3/url'
10:41:45.376 [AsyncHttpClient-1-21] DEBUG org.asynchttpclient.netty.handler.HttpHandler - 

Request DefaultFullHttpRequest(decodeResult: success, version: HTTP/1.1, content: EmptyByteBufBE)
GET /session/5a0f5f67fd6d080cc87e6f1271ba4fd3/url HTTP/1.1
User-Agent: selenium/4.8.1 (java windows)
Cache-Control: no-cache
Content-Type: application/json; charset=utf-8
host: localhost:14870
accept: */*

Response DefaultHttpResponse(decodeResult: success, version: HTTP/1.1)
HTTP/1.1 200 OK
Content-Length: 51
Content-Type: application/json; charset=utf-8
cache-control: no-cache

10:41:45.376 [AsyncHttpClient-1-21] DEBUG org.asynchttpclient.netty.channel.ChannelManager - Adding key: http://localhost:14870 for channel [id: 0xf6bcadf6, L:/127.0.0.1:55765 - R:localhost/127.0.0.1:14870]
10:41:45.377 [Forwarding screenshot on session 5a0f5f67fd6d080cc87e6f1271ba4fd3 to remote] DEBUG org.asynchttpclient.netty.request.NettyRequestSender - Using pooled Channel '[id: 0xf6bcadf6, L:/127.0.0.1:55765 - R:localhost/127.0.0.1:14870]' for 'GET' to 'http://localhost:14870/session/5a0f5f67fd6d080cc87e6f1271ba4fd3/screenshot'
10:41:45.377 [Forwarding screenshot on session 5a0f5f67fd6d080cc87e6f1271ba4fd3 to remote] DEBUG org.asynchttpclient.netty.request.NettyRequestSender - Using open Channel [id: 0xf6bcadf6, L:/127.0.0.1:55765 - R:localhost/127.0.0.1:14870] for GET '/session/5a0f5f67fd6d080cc87e6f1271ba4fd3/screenshot'
10:41:45.443 [AsyncHttpClient-1-21] DEBUG org.asynchttpclient.netty.handler.HttpHandler - 

Request DefaultFullHttpRequest(decodeResult: success, version: HTTP/1.1, content: EmptyByteBufBE)
GET /session/5a0f5f67fd6d080cc87e6f1271ba4fd3/screenshot HTTP/1.1
User-Agent: selenium/4.8.1 (java windows)
Cache-Control: no-cache
Content-Type: application/json; charset=utf-8
host: localhost:14870
accept: */*

Response DefaultHttpResponse(decodeResult: success, version: HTTP/1.1)
HTTP/1.1 200 OK
Content-Length: 25208
Content-Type: application/json; charset=utf-8
cache-control: no-cache

10:41:45.443 [AsyncHttpClient-1-21] DEBUG org.asynchttpclient.netty.channel.ChannelManager - Adding key: http://localhost:14870 for channel [id: 0xf6bcadf6, L:/127.0.0.1:55765 - R:localhost/127.0.0.1:14870]
10:41:45.444 [main] DEBUG net.serenitybdd.core.photography.Darkroom - Send negative for processing for target\site\serenity\edb14d4aab401efa0e4fb99861e6ffcafebc86a67b69f7828890b9910ed2ddbd.png
10:41:45.444 [main] DEBUG net.thucydides.core.steps.StepInterceptor - STEP DONE: clickLogoutOption
  &amp#27;[32mWhen &amp#27;[0m&amp#27;[32mI click logout option&amp#27;[0m                                 &amp#27;[90m# starter.stepdefinitions.LogoutSteps.clickLogoutOption()&amp#27;[0m
10:41:45.453 [Forwarding getPageSource on session 5a0f5f67fd6d080cc87e6f1271ba4fd3 to remote] DEBUG org.asynchttpclient.netty.request.NettyRequestSender - Using pooled Channel '[id: 0xf6bcadf6, L:/127.0.0.1:55765 - R:localhost/127.0.0.1:14870]' for 'POST' to 'http://localhost:14870/session/5a0f5f67fd6d080cc87e6f1271ba4fd3/execute/sync'
10:41:45.453 [Forwarding getPageSource on session 5a0f5f67fd6d080cc87e6f1271ba4fd3 to remote] DEBUG org.asynchttpclient.netty.request.NettyRequestSender - Using open Channel [id: 0xf6bcadf6, L:/127.0.0.1:55765 - R:localhost/127.0.0.1:14870] for POST '/session/5a0f5f67fd6d080cc87e6f1271ba4fd3/execute/sync'
10:41:45.458 [AsyncHttpClient-1-21] DEBUG org.asynchttpclient.netty.handler.HttpHandler - 

Request DefaultHttpRequest(decodeResult: success, version: HTTP/1.1)
POST /session/5a0f5f67fd6d080cc87e6f1271ba4fd3/execute/sync HTTP/1.1
User-Agent: selenium/4.8.1 (java windows)
Content-Length: 176
Content-Type: application/json; charset=utf-8
host: localhost:14870
accept: */*

Response DefaultHttpResponse(decodeResult: success, version: HTTP/1.1)
HTTP/1.1 200 OK
Content-Length: 21667
Content-Type: application/json; charset=utf-8
cache-control: no-cache

10:41:45.458 [AsyncHttpClient-1-21] DEBUG org.asynchttpclient.netty.channel.ChannelManager - Adding key: http://localhost:14870 for channel [id: 0xf6bcadf6, L:/127.0.0.1:55765 - R:localhost/127.0.0.1:14870]
10:41:45.459 [Forwarding getCurrentUrl on session 5a0f5f67fd6d080cc87e6f1271ba4fd3 to remote] DEBUG org.asynchttpclient.netty.request.NettyRequestSender - Using pooled Channel '[id: 0xf6bcadf6, L:/127.0.0.1:55765 - R:localhost/127.0.0.1:14870]' for 'GET' to 'http://localhost:14870/session/5a0f5f67fd6d080cc87e6f1271ba4fd3/url'
10:41:45.459 [Forwarding getCurrentUrl on session 5a0f5f67fd6d080cc87e6f1271ba4fd3 to remote] DEBUG org.asynchttpclient.netty.request.NettyRequestSender - Using open Channel [id: 0xf6bcadf6, L:/127.0.0.1:55765 - R:localhost/127.0.0.1:14870] for GET '/session/5a0f5f67fd6d080cc87e6f1271ba4fd3/url'
10:41:45.462 [AsyncHttpClient-1-21] DEBUG org.asynchttpclient.netty.handler.HttpHandler - 

Request DefaultFullHttpRequest(decodeResult: success, version: HTTP/1.1, content: EmptyByteBufBE)
GET /session/5a0f5f67fd6d080cc87e6f1271ba4fd3/url HTTP/1.1
User-Agent: selenium/4.8.1 (java windows)
Cache-Control: no-cache
Content-Type: application/json; charset=utf-8
host: localhost:14870
accept: */*

Response DefaultHttpResponse(decodeResult: success, version: HTTP/1.1)
HTTP/1.1 200 OK
Content-Length: 51
Content-Type: application/json; charset=utf-8
cache-control: no-cache

10:41:45.462 [AsyncHttpClient-1-21] DEBUG org.asynchttpclient.netty.channel.ChannelManager - Adding key: http://localhost:14870 for channel [id: 0xf6bcadf6, L:/127.0.0.1:55765 - R:localhost/127.0.0.1:14870]
10:41:45.467 [Forwarding getPageSource on session 5a0f5f67fd6d080cc87e6f1271ba4fd3 to remote] DEBUG org.asynchttpclient.netty.request.NettyRequestSender - Using pooled Channel '[id: 0xf6bcadf6, L:/127.0.0.1:55765 - R:localhost/127.0.0.1:14870]' for 'POST' to 'http://localhost:14870/session/5a0f5f67fd6d080cc87e6f1271ba4fd3/execute/sync'
10:41:45.467 [Forwarding getPageSource on session 5a0f5f67fd6d080cc87e6f1271ba4fd3 to remote] DEBUG org.asynchttpclient.netty.request.NettyRequestSender - Using open Channel [id: 0xf6bcadf6, L:/127.0.0.1:55765 - R:localhost/127.0.0.1:14870] for POST '/session/5a0f5f67fd6d080cc87e6f1271ba4fd3/execute/sync'
10:41:45.470 [AsyncHttpClient-1-21] DEBUG org.asynchttpclient.netty.handler.HttpHandler - 

Request DefaultHttpRequest(decodeResult: success, version: HTTP/1.1)
POST /session/5a0f5f67fd6d080cc87e6f1271ba4fd3/execute/sync HTTP/1.1
User-Agent: selenium/4.8.1 (java windows)
Content-Length: 176
Content-Type: application/json; charset=utf-8
host: localhost:14870
accept: */*

Response DefaultHttpResponse(decodeResult: success, version: HTTP/1.1)
HTTP/1.1 200 OK
Content-Length: 21667
Content-Type: application/json; charset=utf-8
cache-control: no-cache

10:41:45.470 [AsyncHttpClient-1-21] DEBUG org.asynchttpclient.netty.channel.ChannelManager - Adding key: http://localhost:14870 for channel [id: 0xf6bcadf6, L:/127.0.0.1:55765 - R:localhost/127.0.0.1:14870]
10:41:45.471 [Forwarding getCurrentUrl on session 5a0f5f67fd6d080cc87e6f1271ba4fd3 to remote] DEBUG org.asynchttpclient.netty.request.NettyRequestSender - Using pooled Channel '[id: 0xf6bcadf6, L:/127.0.0.1:55765 - R:localhost/127.0.0.1:14870]' for 'GET' to 'http://localhost:14870/session/5a0f5f67fd6d080cc87e6f1271ba4fd3/url'
10:41:45.471 [Forwarding getCurrentUrl on session 5a0f5f67fd6d080cc87e6f1271ba4fd3 to remote] DEBUG org.asynchttpclient.netty.request.NettyRequestSender - Using open Channel [id: 0xf6bcadf6, L:/127.0.0.1:55765 - R:localhost/127.0.0.1:14870] for GET '/session/5a0f5f67fd6d080cc87e6f1271ba4fd3/url'
10:41:45.474 [AsyncHttpClient-1-21] DEBUG org.asynchttpclient.netty.handler.HttpHandler - 

Request DefaultFullHttpRequest(decodeResult: success, version: HTTP/1.1, content: EmptyByteBufBE)
GET /session/5a0f5f67fd6d080cc87e6f1271ba4fd3/url HTTP/1.1
User-Agent: selenium/4.8.1 (java windows)
Cache-Control: no-cache
Content-Type: application/json; charset=utf-8
host: localhost:14870
accept: */*

Response DefaultHttpResponse(decodeResult: success, version: HTTP/1.1)
HTTP/1.1 200 OK
Content-Length: 51
Content-Type: application/json; charset=utf-8
cache-control: no-cache

10:41:45.474 [AsyncHttpClient-1-21] DEBUG org.asynchttpclient.netty.channel.ChannelManager - Adding key: http://localhost:14870 for channel [id: 0xf6bcadf6, L:/127.0.0.1:55765 - R:localhost/127.0.0.1:14870]
10:41:45.475 [main] DEBUG net.thucydides.core.steps.StepInterceptor - STARTING STEP: LogoutSteps.validateAlreadyLogout - validateAlreadyLogout
10:41:45.476 [Forwarding findElement on session 5a0f5f67fd6d080cc87e6f1271ba4fd3 to remote] DEBUG org.asynchttpclient.netty.request.NettyRequestSender - Using pooled Channel '[id: 0xf6bcadf6, L:/127.0.0.1:55765 - R:localhost/127.0.0.1:14870]' for 'POST' to 'http://localhost:14870/session/5a0f5f67fd6d080cc87e6f1271ba4fd3/element'
10:41:45.476 [Forwarding findElement on session 5a0f5f67fd6d080cc87e6f1271ba4fd3 to remote] DEBUG org.asynchttpclient.netty.request.NettyRequestSender - Using open Channel [id: 0xf6bcadf6, L:/127.0.0.1:55765 - R:localhost/127.0.0.1:14870] for POST '/session/5a0f5f67fd6d080cc87e6f1271ba4fd3/element'
10:41:45.481 [AsyncHttpClient-1-21] DEBUG org.asynchttpclient.netty.handler.HttpHandler - 

Request DefaultHttpRequest(decodeResult: success, version: HTTP/1.1)
POST /session/5a0f5f67fd6d080cc87e6f1271ba4fd3/element HTTP/1.1
User-Agent: selenium/4.8.1 (java windows)
Content-Length: 59
Content-Type: application/json; charset=utf-8
host: localhost:14870
accept: */*

Response DefaultHttpResponse(decodeResult: success, version: HTTP/1.1)
HTTP/1.1 200 OK
Content-Length: 88
Content-Type: application/json; charset=utf-8
cache-control: no-cache

10:41:45.481 [AsyncHttpClient-1-21] DEBUG org.asynchttpclient.netty.channel.ChannelManager - Adding key: http://localhost:14870 for channel [id: 0xf6bcadf6, L:/127.0.0.1:55765 - R:localhost/127.0.0.1:14870]
10:41:45.482 [Forwarding isElementDisplayed on session 5a0f5f67fd6d080cc87e6f1271ba4fd3 to remote] DEBUG org.asynchttpclient.netty.request.NettyRequestSender - Using pooled Channel '[id: 0xf6bcadf6, L:/127.0.0.1:55765 - R:localhost/127.0.0.1:14870]' for 'POST' to 'http://localhost:14870/session/5a0f5f67fd6d080cc87e6f1271ba4fd3/execute/sync'
10:41:45.482 [Forwarding isElementDisplayed on session 5a0f5f67fd6d080cc87e6f1271ba4fd3 to remote] DEBUG org.asynchttpclient.netty.request.NettyRequestSender - Using open Channel [id: 0xf6bcadf6, L:/127.0.0.1:55765 - R:localhost/127.0.0.1:14870] for POST '/session/5a0f5f67fd6d080cc87e6f1271ba4fd3/execute/sync'
10:41:45.491 [AsyncHttpClient-1-21] DEBUG org.asynchttpclient.netty.handler.HttpHandler - 

Request DefaultHttpRequest(decodeResult: success, version: HTTP/1.1)
POST /session/5a0f5f67fd6d080cc87e6f1271ba4fd3/execute/sync HTTP/1.1
User-Agent: selenium/4.8.1 (java windows)
Content-Length: 48807
Content-Type: application/json; charset=utf-8
host: localhost:14870
accept: */*

Response DefaultHttpResponse(decodeResult: success, version: HTTP/1.1)
HTTP/1.1 200 OK
Content-Length: 14
Content-Type: application/json; charset=utf-8
cache-control: no-cache

10:41:45.491 [AsyncHttpClient-1-21] DEBUG org.asynchttpclient.netty.channel.ChannelManager - Adding key: http://localhost:14870 for channel [id: 0xf6bcadf6, L:/127.0.0.1:55765 - R:localhost/127.0.0.1:14870]
10:41:45.494 [main] DEBUG net.thucydides.core.steps.StepInterceptor - STEP DONE: validateAlreadyLogout
  &amp#27;[32mThen &amp#27;[0m&amp#27;[32mI should be redirected back to my alta-shop home page&amp#27;[0m &amp#27;[90m# starter.stepdefinitions.LogoutSteps.validateAlreadyLogout()&amp#27;[0m
10:41:45.497 [Forwarding getAlertText on session 5a0f5f67fd6d080cc87e6f1271ba4fd3 to remote] DEBUG org.asynchttpclient.netty.request.NettyRequestSender - Using pooled Channel '[id: 0xf6bcadf6, L:/127.0.0.1:55765 - R:localhost/127.0.0.1:14870]' for 'GET' to 'http://localhost:14870/session/5a0f5f67fd6d080cc87e6f1271ba4fd3/alert/text'
10:41:45.497 [Forwarding getAlertText on session 5a0f5f67fd6d080cc87e6f1271ba4fd3 to remote] DEBUG org.asynchttpclient.netty.request.NettyRequestSender - Using open Channel [id: 0xf6bcadf6, L:/127.0.0.1:55765 - R:localhost/127.0.0.1:14870] for GET '/session/5a0f5f67fd6d080cc87e6f1271ba4fd3/alert/text'
10:41:45.499 [AsyncHttpClient-1-21] DEBUG org.asynchttpclient.netty.handler.HttpHandler - 

Request DefaultFullHttpRequest(decodeResult: success, version: HTTP/1.1, content: EmptyByteBufBE)
GET /session/5a0f5f67fd6d080cc87e6f1271ba4fd3/alert/text HTTP/1.1
User-Agent: selenium/4.8.1 (java windows)
Cache-Control: no-cache
Content-Type: application/json; charset=utf-8
host: localhost:14870
accept: */*

Response DefaultHttpResponse(decodeResult: success, version: HTTP/1.1)
HTTP/1.1 404 Not Found
Content-Length: 836
Content-Type: application/json; charset=utf-8
cache-control: no-cache

10:41:45.499 [AsyncHttpClient-1-21] DEBUG org.asynchttpclient.netty.channel.ChannelManager - Adding key: http://localhost:14870 for channel [id: 0xf6bcadf6, L:/127.0.0.1:55765 - R:localhost/127.0.0.1:14870]
10:41:45.500 [Forwarding getCurrentUrl on session 5a0f5f67fd6d080cc87e6f1271ba4fd3 to remote] DEBUG org.asynchttpclient.netty.request.NettyRequestSender - Using pooled Channel '[id: 0xf6bcadf6, L:/127.0.0.1:55765 - R:localhost/127.0.0.1:14870]' for 'GET' to 'http://localhost:14870/session/5a0f5f67fd6d080cc87e6f1271ba4fd3/url'
10:41:45.500 [Forwarding getCurrentUrl on session 5a0f5f67fd6d080cc87e6f1271ba4fd3 to remote] DEBUG org.asynchttpclient.netty.request.NettyRequestSender - Using open Channel [id: 0xf6bcadf6, L:/127.0.0.1:55765 - R:localhost/127.0.0.1:14870] for GET '/session/5a0f5f67fd6d080cc87e6f1271ba4fd3/url'
10:41:45.504 [AsyncHttpClient-1-21] DEBUG org.asynchttpclient.netty.handler.HttpHandler - 

Request DefaultFullHttpRequest(decodeResult: success, version: HTTP/1.1, content: EmptyByteBufBE)
GET /session/5a0f5f67fd6d080cc87e6f1271ba4fd3/url HTTP/1.1
User-Agent: selenium/4.8.1 (java windows)
Cache-Control: no-cache
Content-Type: application/json; charset=utf-8
host: localhost:14870
accept: */*

Response DefaultHttpResponse(decodeResult: success, version: HTTP/1.1)
HTTP/1.1 200 OK
Content-Length: 51
Content-Type: application/json; charset=utf-8
cache-control: no-cache

10:41:45.504 [AsyncHttpClient-1-21] DEBUG org.asynchttpclient.netty.channel.ChannelManager - Adding key: http://localhost:14870 for channel [id: 0xf6bcadf6, L:/127.0.0.1:55765 - R:localhost/127.0.0.1:14870]
10:41:45.505 [Forwarding screenshot on session 5a0f5f67fd6d080cc87e6f1271ba4fd3 to remote] DEBUG org.asynchttpclient.netty.request.NettyRequestSender - Using pooled Channel '[id: 0xf6bcadf6, L:/127.0.0.1:55765 - R:localhost/127.0.0.1:14870]' for 'GET' to 'http://localhost:14870/session/5a0f5f67fd6d080cc87e6f1271ba4fd3/screenshot'
10:41:45.505 [Forwarding screenshot on session 5a0f5f67fd6d080cc87e6f1271ba4fd3 to remote] DEBUG org.asynchttpclient.netty.request.NettyRequestSender - Using open Channel [id: 0xf6bcadf6, L:/127.0.0.1:55765 - R:localhost/127.0.0.1:14870] for GET '/session/5a0f5f67fd6d080cc87e6f1271ba4fd3/screenshot'
10:41:45.601 [AsyncHttpClient-1-21] DEBUG org.asynchttpclient.netty.handler.HttpHandler - 

Request DefaultFullHttpRequest(decodeResult: success, version: HTTP/1.1, content: EmptyByteBufBE)
GET /session/5a0f5f67fd6d080cc87e6f1271ba4fd3/screenshot HTTP/1.1
User-Agent: selenium/4.8.1 (java windows)
Cache-Control: no-cache
Content-Type: application/json; charset=utf-8
host: localhost:14870
accept: */*

Response DefaultHttpResponse(decodeResult: success, version: HTTP/1.1)
HTTP/1.1 200 OK
Content-Length: 25208
Content-Type: application/json; charset=utf-8
cache-control: no-cache

10:41:45.601 [AsyncHttpClient-1-21] DEBUG org.asynchttpclient.netty.channel.ChannelManager - Adding key: http://localhost:14870 for channel [id: 0xf6bcadf6, L:/127.0.0.1:55765 - R:localhost/127.0.0.1:14870]
10:41:45.603 [main] DEBUG net.serenitybdd.core.photography.Darkroom - Send negative for processing for target\site\serenity\edb14d4aab401efa0e4fb99861e6ffcafebc86a67b69f7828890b9910ed2ddbd.png
10:41:45.604 [AsyncHttpClient-1-1] DEBUG org.asynchttpclient.netty.channel.DefaultChannelPool - Entry count for : http://localhost:14870 : 1
10:41:45.604 [AsyncHttpClient-1-1] DEBUG org.asynchttpclient.netty.channel.DefaultChannelPool - Entry count for : http://localhost:55766 : 1
10:41:45.605 [main] INFO  - 
  _____   ___   ___   _____     ___     _     ___   ___   ___   ___  
 |_   _| | __| / __| |_   _|   | _ \   /_\   / __| / __| | __| |   \ 
   | |   | _|  \__ \   | |     |  _/  / _ \  \__ \ \__ \ | _|  | |) |
   |_|   |___| |___/   |_|     |_|   /_/ \_\ |___/ |___/ |___| |___/ 

Logout from account
----------------------------------------------------------------------
10:41:45.606 [AsyncHttpClient-1-23] DEBUG org.asynchttpclient.netty.handler.WebSocketHandler - Channel Closed: [id: 0x2dc9645b, L:/127.0.0.1:55773 ! R:localhost/127.0.0.1:55766] with attribute NettyResponseFuture{currentRetry=0,
	isDone=1,
	isCancelled=0,
	asyncHandler=org.asynchttpclient.ws.WebSocketUpgradeHandler@62524fbe,
	nettyRequest=org.asynchttpclient.netty.request.NettyRequest@3dfd2947,
	future=java.util.concurrent.CompletableFuture@27539255[Completed normally],
	uri=ws://localhost:55766/devtools/browser/e28d6b02-df33-47d0-80fd-e7b2326591b4,
	keepAlive=true,
	redirectCount=0,
	timeoutsHolder=null,
	inAuth=0,
	touch=1683430895912}
10:41:45.606 [AsyncHttpClient-1-23] DEBUG org.asynchttpclient.netty.channel.ChannelManager - Closing Channel [id: 0x2dc9645b, L:/127.0.0.1:55773 ! R:localhost/127.0.0.1:55766] 
10:41:45.607 [Driver Command Executor] DEBUG org.asynchttpclient.netty.request.NettyRequestSender - Using pooled Channel '[id: 0xf6bcadf6, L:/127.0.0.1:55765 - R:localhost/127.0.0.1:14870]' for 'DELETE' to 'http://localhost:14870/session/5a0f5f67fd6d080cc87e6f1271ba4fd3'
10:41:45.607 [Driver Command Executor] DEBUG org.asynchttpclient.netty.request.NettyRequestSender - Using open Channel [id: 0xf6bcadf6, L:/127.0.0.1:55765 - R:localhost/127.0.0.1:14870] for DELETE '/session/5a0f5f67fd6d080cc87e6f1271ba4fd3'
10:41:45.633 [AsyncHttpClient-1-22] DEBUG org.asynchttpclient.netty.handler.HttpHandler - Unexpected I/O exception on channel [id: 0x6cd135b3, L:/127.0.0.1:55772 - R:localhost/127.0.0.1:55766]
java.net.SocketException: Connection reset
	at java.base/sun.nio.ch.SocketChannelImpl.throwConnectionReset(SocketChannelImpl.java:367)
	at java.base/sun.nio.ch.SocketChannelImpl.read(SocketChannelImpl.java:398)
	at io.netty.buffer.PooledByteBuf.setBytes(PooledByteBuf.java:259)
	at io.netty.buffer.AbstractByteBuf.writeBytes(AbstractByteBuf.java:1132)
	at io.netty.channel.socket.nio.NioSocketChannel.doReadBytes(NioSocketChannel.java:357)
	at io.netty.channel.nio.AbstractNioByteChannel$NioByteUnsafe.read(AbstractNioByteChannel.java:151)
	at io.netty.channel.nio.NioEventLoop.processSelectedKey(NioEventLoop.java:788)
	at io.netty.channel.nio.NioEventLoop.processSelectedKeysOptimized(NioEventLoop.java:724)
	at io.netty.channel.nio.NioEventLoop.processSelectedKeys(NioEventLoop.java:650)
	at io.netty.channel.nio.NioEventLoop.run(NioEventLoop.java:562)
	at io.netty.util.concurrent.SingleThreadEventExecutor$4.run(SingleThreadEventExecutor.java:997)
	at io.netty.util.internal.ThreadExecutorMap$2.run(ThreadExecutorMap.java:74)
	at io.netty.util.concurrent.FastThreadLocalRunnable.run(FastThreadLocalRunnable.java:30)
	at java.base/java.lang.Thread.run(Thread.java:832)
10:41:45.634 [AsyncHttpClient-1-22] DEBUG org.asynchttpclient.netty.channel.ChannelManager - Closing Channel [id: 0x6cd135b3, L:/127.0.0.1:55772 - R:localhost/127.0.0.1:55766] 
10:41:45.634 [AsyncHttpClient-1-22] DEBUG org.asynchttpclient.netty.handler.HttpHandler - Channel Closed: [id: 0x6cd135b3, L:/127.0.0.1:55772 ! R:localhost/127.0.0.1:55766] with attribute DISCARD
10:41:45.653 [AsyncHttpClient-1-21] DEBUG org.asynchttpclient.netty.handler.HttpHandler - 

Request DefaultFullHttpRequest(decodeResult: success, version: HTTP/1.1, content: EmptyByteBufBE)
DELETE /session/5a0f5f67fd6d080cc87e6f1271ba4fd3 HTTP/1.1
User-Agent: selenium/4.8.1 (java windows)
Content-Type: application/json; charset=utf-8
host: localhost:14870
accept: */*

Response DefaultHttpResponse(decodeResult: success, version: HTTP/1.1)
HTTP/1.1 200 OK
Content-Length: 14
Content-Type: application/json; charset=utf-8
cache-control: no-cache

10:41:45.653 [AsyncHttpClient-1-21] DEBUG org.asynchttpclient.netty.channel.ChannelManager - Adding key: http://localhost:14870 for channel [id: 0xf6bcadf6, L:/127.0.0.1:55765 - R:localhost/127.0.0.1:14870]
10:41:45.742 [AsyncHttpClient-1-21] DEBUG org.asynchttpclient.netty.handler.HttpHandler - Channel Closed: [id: 0xf6bcadf6, L:/127.0.0.1:55765 ! R:localhost/127.0.0.1:14870] with attribute DISCARD
]]></system-out>
    <system-err><![CDATA[Starting ChromeDriver 111.0.5563.64 (c710e93d5b63b7095afe8c2c17df34408078439d-refs/branch-heads/5563@{#995}) on port 14870
Only local connections are allowed.
Please see https://chromedriver.chromium.org/security-considerations for suggestions on keeping ChromeDriver safe.
ChromeDriver was started successfully.
[1683430895.891][WARNING]: This version of ChromeDriver has not been tested with Chrome version 112.
May 07, 2023 10:41:35 AM org.openqa.selenium.devtools.CdpVersionFinder findNearestMatch
WARNING: Unable to find an exact match for CDP version 112, so returning the closest version found: 110
]]></system-err>
  </testcase>
</testsuite>