<?xml version="1.0" encoding="UTF-8"?>
<testsuite xmlns:xsi="http://www.w3.org/2001/XMLSchema-instance" xsi:noNamespaceSchemaLocation="https://maven.apache.org/surefire/maven-failsafe-plugin/xsd/failsafe-test-report-3.0.xsd" version="3.0" name="starter.CucumberTestSuite" time="104.151" tests="22" errors="0" skipped="0" failures="0">
  <properties>
    <property name="java.specification.version" value="15"/>
    <property name="webdriver.chrome.driver" value="src/test/resources/webdriver/chromedriver.exe"/>
    <property name="sun.cpu.isalist" value="amd64"/>
    <property name="sun.jnu.encoding" value="Cp1252"/>
    <property name="java.class.path" value="C:\Users\WINDOWS 10\Documents\GitHub\MiniProject_QE\Web\code\minpro\target\test-classes;C:\Users\WINDOWS 10\.m2\repository\net\serenity-bdd\serenity-rest-assured\3.6.22\serenity-rest-assured-3.6.22.jar;C:\Users\WINDOWS 10\.m2\repository\org\apache\httpcomponents\httpclient\4.5.13\httpclient-4.5.13.jar;C:\Users\WINDOWS 10\.m2\repository\org\apache\httpcomponents\httpcore\4.4.13\httpcore-4.4.13.jar;C:\Users\WINDOWS 10\.m2\repository\commons-logging\commons-logging\1.2\commons-logging-1.2.jar;C:\Users\WINDOWS 10\.m2\repository\io\rest-assured\rest-assured\5.3.0\rest-assured-5.3.0.jar;C:\Users\WINDOWS 10\.m2\repository\org\apache\httpcomponents\httpmime\4.5.13\httpmime-4.5.13.jar;C:\Users\WINDOWS 10\.m2\repository\org\ccil\cowan\tagsoup\tagsoup\1.2.1\tagsoup-1.2.1.jar;C:\Users\WINDOWS 10\.m2\repository\io\rest-assured\json-path\5.3.0\json-path-5.3.0.jar;C:\Users\WINDOWS 10\.m2\repository\io\rest-assured\rest-assured-common\5.3.0\rest-assured-common-5.3.0.jar;C:\Users\WINDOWS 10\.m2\repository\io\rest-assured\xml-path\5.3.0\xml-path-5.3.0.jar;C:\Users\WINDOWS 10\.m2\repository\org\apache\groovy\groovy-json\4.0.10\groovy-json-4.0.10.jar;C:\Users\WINDOWS 10\.m2\repository\org\apache\groovy\groovy-xml\4.0.10\groovy-xml-4.0.10.jar;C:\Users\WINDOWS 10\.m2\repository\org\apache\groovy\groovy\4.0.10\groovy-4.0.10.jar;C:\Users\WINDOWS 10\.m2\repository\org\opentest4j\opentest4j\1.2.0\opentest4j-1.2.0.jar;C:\Users\WINDOWS 10\.m2\repository\net\serenity-bdd\serenity-core\3.6.21\serenity-core-3.6.21.jar;C:\Users\WINDOWS 10\.m2\repository\net\serenity-bdd\serenity-model\3.6.21\serenity-model-3.6.21.jar;C:\Users\WINDOWS 10\.m2\repository\org\apache\commons\commons-text\1.10.0\commons-text-1.10.0.jar;C:\Users\WINDOWS 10\.m2\repository\commons-net\commons-net\3.9.0\commons-net-3.9.0.jar;C:\Users\WINDOWS 10\.m2\repository\com\google\guava\guava\31.1-jre\guava-31.1-jre.jar;C:\Users\WINDOWS 10\.m2\repository\com\google\guava\failureaccess\1.0.1\failureaccess-1.0.1.jar;C:\Users\WINDOWS 10\.m2\repository\com\google\guava\listenablefuture\9999.0-empty-to-avoid-conflict-with-guava\listenablefuture-9999.0-empty-to-avoid-conflict-with-guava.jar;C:\Users\WINDOWS 10\.m2\repository\com\google\code\findbugs\jsr305\3.0.2\jsr305-3.0.2.jar;C:\Users\WINDOWS 10\.m2\repository\org\checkerframework\checker-qual\3.12.0\checker-qual-3.12.0.jar;C:\Users\WINDOWS 10\.m2\repository\com\google\errorprone\error_prone_annotations\2.11.0\error_prone_annotations-2.11.0.jar;C:\Users\WINDOWS 10\.m2\repository\com\google\j2objc\j2objc-annotations\1.3\j2objc-annotations-1.3.jar;C:\Users\WINDOWS 10\.m2\repository\com\google\inject\guice\5.1.0\guice-5.1.0.jar;C:\Users\WINDOWS 10\.m2\repository\javax\inject\javax.inject\1\javax.inject-1.jar;C:\Users\WINDOWS 10\.m2\repository\aopalliance\aopalliance\1.0\aopalliance-1.0.jar;C:\Users\WINDOWS 10\.m2\repository\org\jsoup\jsoup\1.14.3\jsoup-1.14.3.jar;C:\Users\WINDOWS 10\.m2\repository\com\thoughtworks\xstream\xstream\1.4.20\xstream-1.4.20.jar;C:\Users\WINDOWS 10\.m2\repository\io\github\x-stream\mxparser\1.2.2\mxparser-1.2.2.jar;C:\Users\WINDOWS 10\.m2\repository\xmlpull\xmlpull\1.1.3.1\xmlpull-1.1.3.1.jar;C:\Users\WINDOWS 10\.m2\repository\com\typesafe\config\1.4.2\config-1.4.2.jar;C:\Users\WINDOWS 10\.m2\repository\org\imgscalr\imgscalr-lib\4.2\imgscalr-lib-4.2.jar;C:\Users\WINDOWS 10\.m2\repository\org\awaitility\awaitility\4.2.0\awaitility-4.2.0.jar;C:\Users\WINDOWS 10\.m2\repository\org\freemarker\freemarker\2.3.31\freemarker-2.3.31.jar;C:\Users\WINDOWS 10\.m2\repository\io\github\classgraph\classgraph\4.8.138\classgraph-4.8.138.jar;C:\Users\WINDOWS 10\.m2\repository\net\sourceforge\jexcelapi\jxl\2.6.12\jxl-2.6.12.jar;C:\Users\WINDOWS 10\.m2\repository\net\bytebuddy\byte-buddy-agent\1.14.2\byte-buddy-agent-1.14.2.jar;C:\Users\WINDOWS 10\.m2\repository\org\objenesis\objenesis\3.3\objenesis-3.3.jar;C:\Users\WINDOWS 10\.m2\repository\net\serenity-bdd\serenity-reports\3.6.21\serenity-reports-3.6.21.jar;C:\Users\WINDOWS 10\.m2\repository\net\serenity-bdd\serenity-stats\3.6.21\serenity-stats-3.6.21.jar;C:\Users\WINDOWS 10\.m2\repository\net\serenity-bdd\serenity-reports-configuration\3.6.21\serenity-reports-configuration-3.6.21.jar;C:\Users\WINDOWS 10\.m2\repository\com\vladsch\flexmark\flexmark-all\0.62.2\flexmark-all-0.62.2.jar;C:\Users\WINDOWS 10\.m2\repository\com\vladsch\flexmark\flexmark\0.62.2\flexmark-0.62.2.jar;C:\Users\WINDOWS 10\.m2\repository\com\vladsch\flexmark\flexmark-ext-abbreviation\0.62.2\flexmark-ext-abbreviation-0.62.2.jar;C:\Users\WINDOWS 10\.m2\repository\com\vladsch\flexmark\flexmark-util\0.62.2\flexmark-util-0.62.2.jar;C:\Users\WINDOWS 10\.m2\repository\com\vladsch\flexmark\flexmark-ext-admonition\0.62.2\flexmark-ext-admonition-0.62.2.jar;C:\Users\WINDOWS 10\.m2\repository\com\vladsch\flexmark\flexmark-ext-anchorlink\0.62.2\flexmark-ext-anchorlink-0.62.2.jar;C:\Users\WINDOWS 10\.m2\repository\com\vladsch\flexmark\flexmark-ext-aside\0.62.2\flexmark-ext-aside-0.62.2.jar;C:\Users\WINDOWS 10\.m2\repository\com\vladsch\flexmark\flexmark-ext-attributes\0.62.2\flexmark-ext-attributes-0.62.2.jar;C:\Users\WINDOWS 10\.m2\repository\com\vladsch\flexmark\flexmark-ext-autolink\0.62.2\flexmark-ext-autolink-0.62.2.jar;C:\Users\WINDOWS 10\.m2\repository\org\nibor\autolink\autolink\0.6.0\autolink-0.6.0.jar;C:\Users\WINDOWS 10\.m2\repository\com\vladsch\flexmark\flexmark-ext-definition\0.62.2\flexmark-ext-definition-0.62.2.jar;C:\Users\WINDOWS 10\.m2\repository\com\vladsch\flexmark\flexmark-ext-emoji\0.62.2\flexmark-ext-emoji-0.62.2.jar;C:\Users\WINDOWS 10\.m2\repository\com\vladsch\flexmark\flexmark-ext-enumerated-reference\0.62.2\flexmark-ext-enumerated-reference-0.62.2.jar;C:\Users\WINDOWS 10\.m2\repository\com\vladsch\flexmark\flexmark-ext-escaped-character\0.62.2\flexmark-ext-escaped-character-0.62.2.jar;C:\Users\WINDOWS 10\.m2\repository\com\vladsch\flexmark\flexmark-ext-footnotes\0.62.2\flexmark-ext-footnotes-0.62.2.jar;C:\Users\WINDOWS 10\.m2\repository\com\vladsch\flexmark\flexmark-ext-gfm-issues\0.62.2\flexmark-ext-gfm-issues-0.62.2.jar;C:\Users\WINDOWS 10\.m2\repository\com\vladsch\flexmark\flexmark-ext-gfm-strikethrough\0.62.2\flexmark-ext-gfm-strikethrough-0.62.2.jar;C:\Users\WINDOWS 10\.m2\repository\com\vladsch\flexmark\flexmark-ext-gfm-tasklist\0.62.2\flexmark-ext-gfm-tasklist-0.62.2.jar;C:\Users\WINDOWS 10\.m2\repository\com\vladsch\flexmark\flexmark-ext-gfm-users\0.62.2\flexmark-ext-gfm-users-0.62.2.jar;C:\Users\WINDOWS 10\.m2\repository\com\vladsch\flexmark\flexmark-ext-gitlab\0.62.2\flexmark-ext-gitlab-0.62.2.jar;C:\Users\WINDOWS 10\.m2\repository\com\vladsch\flexmark\flexmark-ext-jekyll-front-matter\0.62.2\flexmark-ext-jekyll-front-matter-0.62.2.jar;C:\Users\WINDOWS 10\.m2\repository\com\vladsch\flexmark\flexmark-ext-jekyll-tag\0.62.2\flexmark-ext-jekyll-tag-0.62.2.jar;C:\Users\WINDOWS 10\.m2\repository\com\vladsch\flexmark\flexmark-ext-media-tags\0.62.2\flexmark-ext-media-tags-0.62.2.jar;C:\Users\WINDOWS 10\.m2\repository\com\vladsch\flexmark\flexmark-ext-macros\0.62.2\flexmark-ext-macros-0.62.2.jar;C:\Users\WINDOWS 10\.m2\repository\com\vladsch\flexmark\flexmark-ext-ins\0.62.2\flexmark-ext-ins-0.62.2.jar;C:\Users\WINDOWS 10\.m2\repository\com\vladsch\flexmark\flexmark-ext-xwiki-macros\0.62.2\flexmark-ext-xwiki-macros-0.62.2.jar;C:\Users\WINDOWS 10\.m2\repository\com\vladsch\flexmark\flexmark-ext-superscript\0.62.2\flexmark-ext-superscript-0.62.2.jar;C:\Users\WINDOWS 10\.m2\repository\com\vladsch\flexmark\flexmark-ext-tables\0.62.2\flexmark-ext-tables-0.62.2.jar;C:\Users\WINDOWS 10\.m2\repository\com\vladsch\flexmark\flexmark-ext-toc\0.62.2\flexmark-ext-toc-0.62.2.jar;C:\Users\WINDOWS 10\.m2\repository\com\vladsch\flexmark\flexmark-ext-typographic\0.62.2\flexmark-ext-typographic-0.62.2.jar;C:\Users\WINDOWS 10\.m2\repository\com\vladsch\flexmark\flexmark-ext-wikilink\0.62.2\flexmark-ext-wikilink-0.62.2.jar;C:\Users\WINDOWS 10\.m2\repository\com\vladsch\flexmark\flexmark-ext-yaml-front-matter\0.62.2\flexmark-ext-yaml-front-matter-0.62.2.jar;C:\Users\WINDOWS 10\.m2\repository\com\vladsch\flexmark\flexmark-ext-youtube-embedded\0.62.2\flexmark-ext-youtube-embedded-0.62.2.jar;C:\Users\WINDOWS 10\.m2\repository\com\vladsch\flexmark\flexmark-html2md-converter\0.62.2\flexmark-html2md-converter-0.62.2.jar;C:\Users\WINDOWS 10\.m2\repository\com\vladsch\flexmark\flexmark-jira-converter\0.62.2\flexmark-jira-converter-0.62.2.jar;C:\Users\WINDOWS 10\.m2\repository\com\vladsch\flexmark\flexmark-pdf-converter\0.62.2\flexmark-pdf-converter-0.62.2.jar;C:\Users\WINDOWS 10\.m2\repository\com\openhtmltopdf\openhtmltopdf-core\1.0.0\openhtmltopdf-core-1.0.0.jar;C:\Users\WINDOWS 10\.m2\repository\com\openhtmltopdf\openhtmltopdf-pdfbox\1.0.0\openhtmltopdf-pdfbox-1.0.0.jar;C:\Users\WINDOWS 10\.m2\repository\org\apache\pdfbox\pdfbox\2.0.16\pdfbox-2.0.16.jar;C:\Users\WINDOWS 10\.m2\repository\org\apache\pdfbox\fontbox\2.0.16\fontbox-2.0.16.jar;C:\Users\WINDOWS 10\.m2\repository\org\apache\pdfbox\xmpbox\2.0.16\xmpbox-2.0.16.jar;C:\Users\WINDOWS 10\.m2\repository\de\rototor\pdfbox\graphics2d\0.24\graphics2d-0.24.jar;C:\Users\WINDOWS 10\.m2\repository\com\openhtmltopdf\openhtmltopdf-rtl-support\1.0.0\openhtmltopdf-rtl-support-1.0.0.jar;C:\Users\WINDOWS 10\.m2\repository\com\openhtmltopdf\openhtmltopdf-jsoup-dom-converter\1.0.0\openhtmltopdf-jsoup-dom-converter-1.0.0.jar;C:\Users\WINDOWS 10\.m2\repository\com\vladsch\flexmark\flexmark-profile-pegdown\0.62.2\flexmark-profile-pegdown-0.62.2.jar;C:\Users\WINDOWS 10\.m2\repository\com\vladsch\flexmark\flexmark-util-ast\0.62.2\flexmark-util-ast-0.62.2.jar;C:\Users\WINDOWS 10\.m2\repository\com\vladsch\flexmark\flexmark-util-builder\0.62.2\flexmark-util-builder-0.62.2.jar;C:\Users\WINDOWS 10\.m2\repository\com\vladsch\flexmark\flexmark-util-collection\0.62.2\flexmark-util-collection-0.62.2.jar;C:\Users\WINDOWS 10\.m2\repository\com\vladsch\flexmark\flexmark-util-data\0.62.2\flexmark-util-data-0.62.2.jar;C:\Users\WINDOWS 10\.m2\repository\com\vladsch\flexmark\flexmark-util-dependency\0.62.2\flexmark-util-dependency-0.62.2.jar;C:\Users\WINDOWS 10\.m2\repository\com\vladsch\flexmark\flexmark-util-format\0.62.2\flexmark-util-format-0.62.2.jar;C:\Users\WINDOWS 10\.m2\repository\com\vladsch\flexmark\flexmark-util-html\0.62.2\flexmark-util-html-0.62.2.jar;C:\Users\WINDOWS 10\.m2\repository\com\vladsch\flexmark\flexmark-util-misc\0.62.2\flexmark-util-misc-0.62.2.jar;C:\Users\WINDOWS 10\.m2\repository\com\vladsch\flexmark\flexmark-util-options\0.62.2\flexmark-util-options-0.62.2.jar;C:\Users\WINDOWS 10\.m2\repository\com\vladsch\flexmark\flexmark-util-sequence\0.62.2\flexmark-util-sequence-0.62.2.jar;C:\Users\WINDOWS 10\.m2\repository\com\vladsch\flexmark\flexmark-util-visitor\0.62.2\flexmark-util-visitor-0.62.2.jar;C:\Users\WINDOWS 10\.m2\repository\com\vladsch\flexmark\flexmark-youtrack-converter\0.62.2\flexmark-youtrack-converter-0.62.2.jar;C:\Users\WINDOWS 10\.m2\repository\com\ibm\icu\icu4j\72.1\icu4j-72.1.jar;C:\Users\WINDOWS 10\.m2\repository\es\nitaur\markdown\txtmark\0.16\txtmark-0.16.jar;C:\Users\WINDOWS 10\.m2\repository\net\serenity-bdd\serenity-report-resources\3.6.21\serenity-report-resources-3.6.21.jar;C:\Users\WINDOWS 10\.m2\repository\com\google\code\gson\gson\2.10.1\gson-2.10.1.jar;C:\Users\WINDOWS 10\.m2\repository\com\fasterxml\jackson\core\jackson-core\2.15.0-rc1\jackson-core-2.15.0-rc1.jar;C:\Users\WINDOWS 10\.m2\repository\com\fasterxml\jackson\core\jackson-databind\2.15.0-rc1\jackson-databind-2.15.0-rc1.jar;C:\Users\WINDOWS 10\.m2\repository\com\fasterxml\jackson\core\jackson-annotations\2.15.0-rc1\jackson-annotations-2.15.0-rc1.jar;C:\Users\WINDOWS 10\.m2\repository\commons-codec\commons-codec\1.15\commons-codec-1.15.jar;C:\Users\WINDOWS 10\.m2\repository\commons-io\commons-io\2.11.0\commons-io-2.11.0.jar;C:\Users\WINDOWS 10\.m2\repository\org\seleniumhq\selenium\selenium-java\4.8.1\selenium-java-4.8.1.jar;C:\Users\WINDOWS 10\.m2\repository\org\seleniumhq\selenium\selenium-devtools-v108\4.8.1\selenium-devtools-v108-4.8.1.jar;C:\Users\WINDOWS 10\.m2\repository\org\seleniumhq\selenium\selenium-devtools-v109\4.8.1\selenium-devtools-v109-4.8.1.jar;C:\Users\WINDOWS 10\.m2\repository\org\seleniumhq\selenium\selenium-devtools-v110\4.8.1\selenium-devtools-v110-4.8.1.jar;C:\Users\WINDOWS 10\.m2\repository\org\seleniumhq\selenium\selenium-devtools-v85\4.8.1\selenium-devtools-v85-4.8.1.jar;C:\Users\WINDOWS 10\.m2\repository\org\seleniumhq\selenium\selenium-remote-driver\4.8.1\selenium-remote-driver-4.8.1.jar;C:\Users\WINDOWS 10\.m2\repository\com\beust\jcommander\1.82\jcommander-1.82.jar;C:\Users\WINDOWS 10\.m2\repository\io\netty\netty-buffer\4.1.87.Final\netty-buffer-4.1.87.Final.jar;C:\Users\WINDOWS 10\.m2\repository\io\netty\netty-codec-http\4.1.87.Final\netty-codec-http-4.1.87.Final.jar;C:\Users\WINDOWS 10\.m2\repository\io\netty\netty-codec\4.1.87.Final\netty-codec-4.1.87.Final.jar;C:\Users\WINDOWS 10\.m2\repository\io\netty\netty-handler\4.1.87.Final\netty-handler-4.1.87.Final.jar;C:\Users\WINDOWS 10\.m2\repository\io\netty\netty-common\4.1.87.Final\netty-common-4.1.87.Final.jar;C:\Users\WINDOWS 10\.m2\repository\io\netty\netty-transport-classes-epoll\4.1.87.Final\netty-transport-classes-epoll-4.1.87.Final.jar;C:\Users\WINDOWS 10\.m2\repository\io\netty\netty-transport-classes-kqueue\4.1.87.Final\netty-transport-classes-kqueue-4.1.87.Final.jar;C:\Users\WINDOWS 10\.m2\repository\io\netty\netty-transport-native-epoll\4.1.87.Final\netty-transport-native-epoll-4.1.87.Final.jar;C:\Users\WINDOWS 10\.m2\repository\io\netty\netty-transport-native-kqueue\4.1.87.Final\netty-transport-native-kqueue-4.1.87.Final.jar;C:\Users\WINDOWS 10\.m2\repository\io\netty\netty-transport-native-unix-common\4.1.87.Final\netty-transport-native-unix-common-4.1.87.Final.jar;C:\Users\WINDOWS 10\.m2\repository\io\netty\netty-transport\4.1.87.Final\netty-transport-4.1.87.Final.jar;C:\Users\WINDOWS 10\.m2\repository\io\netty\netty-resolver\4.1.87.Final\netty-resolver-4.1.87.Final.jar;C:\Users\WINDOWS 10\.m2\repository\io\opentelemetry\opentelemetry-api\1.22.0\opentelemetry-api-1.22.0.jar;C:\Users\WINDOWS 10\.m2\repository\io\opentelemetry\opentelemetry-context\1.22.0\opentelemetry-context-1.22.0.jar;C:\Users\WINDOWS 10\.m2\repository\io\opentelemetry\opentelemetry-exporter-logging\1.22.0\opentelemetry-exporter-logging-1.22.0.jar;C:\Users\WINDOWS 10\.m2\repository\io\opentelemetry\opentelemetry-sdk-metrics\1.22.0\opentelemetry-sdk-metrics-1.22.0.jar;C:\Users\WINDOWS 10\.m2\repository\io\opentelemetry\opentelemetry-sdk-logs\1.22.0-alpha\opentelemetry-sdk-logs-1.22.0-alpha.jar;C:\Users\WINDOWS 10\.m2\repository\io\opentelemetry\opentelemetry-api-logs\1.22.0-alpha\opentelemetry-api-logs-1.22.0-alpha.jar;C:\Users\WINDOWS 10\.m2\repository\io\opentelemetry\opentelemetry-sdk-common\1.22.0\opentelemetry-sdk-common-1.22.0.jar;C:\Users\WINDOWS 10\.m2\repository\io\opentelemetry\opentelemetry-sdk-extension-autoconfigure-spi\1.22.0\opentelemetry-sdk-extension-autoconfigure-spi-1.22.0.jar;C:\Users\WINDOWS 10\.m2\repository\io\opentelemetry\opentelemetry-sdk-extension-autoconfigure\1.22.0-alpha\opentelemetry-sdk-extension-autoconfigure-1.22.0-alpha.jar;C:\Users\WINDOWS 10\.m2\repository\io\opentelemetry\opentelemetry-sdk-trace\1.22.0\opentelemetry-sdk-trace-1.22.0.jar;C:\Users\WINDOWS 10\.m2\repository\io\opentelemetry\opentelemetry-sdk\1.22.0\opentelemetry-sdk-1.22.0.jar;C:\Users\WINDOWS 10\.m2\repository\io\opentelemetry\opentelemetry-semconv\1.22.0-alpha\opentelemetry-semconv-1.22.0-alpha.jar;C:\Users\WINDOWS 10\.m2\repository\io\ous\jtoml\2.0.0\jtoml-2.0.0.jar;C:\Users\WINDOWS 10\.m2\repository\org\apache\commons\commons-exec\1.3\commons-exec-1.3.jar;C:\Users\WINDOWS 10\.m2\repository\org\asynchttpclient\async-http-client\2.12.3\async-http-client-2.12.3.jar;C:\Users\WINDOWS 10\.m2\repository\org\asynchttpclient\async-http-client-netty-utils\2.12.3\async-http-client-netty-utils-2.12.3.jar;C:\Users\WINDOWS 10\.m2\repository\io\netty\netty-codec-socks\4.1.60.Final\netty-codec-socks-4.1.60.Final.jar;C:\Users\WINDOWS 10\.m2\repository\io\netty\netty-handler-proxy\4.1.60.Final\netty-handler-proxy-4.1.60.Final.jar;C:\Users\WINDOWS 10\.m2\repository\io\netty\netty-transport-native-epoll\4.1.60.Final\netty-transport-native-epoll-4.1.60.Final-linux-x86_64.jar;C:\Users\WINDOWS 10\.m2\repository\io\netty\netty-transport-native-kqueue\4.1.60.Final\netty-transport-native-kqueue-4.1.60.Final-osx-x86_64.jar;C:\Users\WINDOWS 10\.m2\repository\org\reactivestreams\reactive-streams\1.0.3\reactive-streams-1.0.3.jar;C:\Users\WINDOWS 10\.m2\repository\com\typesafe\netty\netty-reactive-streams\2.0.4\netty-reactive-streams-2.0.4.jar;C:\Users\WINDOWS 10\.m2\repository\org\seleniumhq\selenium\selenium-manager\4.8.1\selenium-manager-4.8.1.jar;C:\Users\WINDOWS 10\.m2\repository\org\seleniumhq\selenium\selenium-safari-driver\4.8.1\selenium-safari-driver-4.8.1.jar;C:\Users\WINDOWS 10\.m2\repository\org\seleniumhq\selenium\selenium-api\4.8.1\selenium-api-4.8.1.jar;C:\Users\WINDOWS 10\.m2\repository\org\seleniumhq\selenium\selenium-support\4.8.1\selenium-support-4.8.1.jar;C:\Users\WINDOWS 10\.m2\repository\com\google\auto\service\auto-service-annotations\1.0.1\auto-service-annotations-1.0.1.jar;C:\Users\WINDOWS 10\.m2\repository\com\google\auto\service\auto-service\1.0.1\auto-service-1.0.1.jar;C:\Users\WINDOWS 10\.m2\repository\com\google\auto\auto-common\1.2\auto-common-1.2.jar;C:\Users\WINDOWS 10\.m2\repository\org\seleniumhq\selenium\selenium-json\4.8.1\selenium-json-4.8.1.jar;C:\Users\WINDOWS 10\.m2\repository\org\seleniumhq\selenium\selenium-chrome-driver\4.8.1\selenium-chrome-driver-4.8.1.jar;C:\Users\WINDOWS 10\.m2\repository\org\seleniumhq\selenium\selenium-chromium-driver\4.8.1\selenium-chromium-driver-4.8.1.jar;C:\Users\WINDOWS 10\.m2\repository\org\seleniumhq\selenium\selenium-firefox-driver\4.8.1\selenium-firefox-driver-4.8.1.jar;C:\Users\WINDOWS 10\.m2\repository\org\seleniumhq\selenium\selenium-http\4.8.1\selenium-http-4.8.1.jar;C:\Users\WINDOWS 10\.m2\repository\dev\failsafe\failsafe\3.3.0\failsafe-3.3.0.jar;C:\Users\WINDOWS 10\.m2\repository\org\seleniumhq\selenium\selenium-edge-driver\4.8.1\selenium-edge-driver-4.8.1.jar;C:\Users\WINDOWS 10\.m2\repository\org\seleniumhq\selenium\selenium-ie-driver\4.8.1\selenium-ie-driver-4.8.1.jar;C:\Users\WINDOWS 10\.m2\repository\org\projectlombok\lombok\1.18.20\lombok-1.18.20.jar;C:\Users\WINDOWS 10\.m2\repository\io\appium\java-client\8.3.0\java-client-8.3.0.jar;C:\Users\WINDOWS 10\.m2\repository\commons-validator\commons-validator\1.7\commons-validator-1.7.jar;C:\Users\WINDOWS 10\.m2\repository\commons-digester\commons-digester\2.1\commons-digester-2.1.jar;C:\Users\WINDOWS 10\.m2\repository\net\sf\opencsv\opencsv\2.0\opencsv-2.0.jar;C:\Users\WINDOWS 10\.m2\repository\commons-beanutils\commons-beanutils\1.9.4\commons-beanutils-1.9.4.jar;C:\Users\WINDOWS 10\.m2\repository\org\apache\commons\commons-lang3\3.12.0\commons-lang3-3.12.0.jar;C:\Users\WINDOWS 10\.m2\repository\commons-collections\commons-collections\3.2.2\commons-collections-3.2.2.jar;C:\Users\WINDOWS 10\.m2\repository\org\fluentlenium\fluentlenium-core\0.10.2\fluentlenium-core-0.10.2.jar;C:\Users\WINDOWS 10\.m2\repository\io\github\bonigarcia\webdrivermanager\5.3.0\webdrivermanager-5.3.0.jar;C:\Users\WINDOWS 10\.m2\repository\com\github\docker-java\docker-java\3.2.13\docker-java-3.2.13.jar;C:\Users\WINDOWS 10\.m2\repository\com\github\docker-java\docker-java-core\3.2.13\docker-java-core-3.2.13.jar;C:\Users\WINDOWS 10\.m2\repository\com\github\docker-java\docker-java-api\3.2.13\docker-java-api-3.2.13.jar;C:\Users\WINDOWS 10\.m2\repository\org\apache\commons\commons-compress\1.21\commons-compress-1.21.jar;C:\Users\WINDOWS 10\.m2\repository\org\bouncycastle\bcpkix-jdk15on\1.64\bcpkix-jdk15on-1.64.jar;C:\Users\WINDOWS 10\.m2\repository\org\bouncycastle\bcprov-jdk15on\1.64\bcprov-jdk15on-1.64.jar;C:\Users\WINDOWS 10\.m2\repository\org\slf4j\jcl-over-slf4j\1.7.30\jcl-over-slf4j-1.7.30.jar;C:\Users\WINDOWS 10\.m2\repository\com\github\docker-java\docker-java-transport-httpclient5\3.2.13\docker-java-transport-httpclient5-3.2.13.jar;C:\Users\WINDOWS 10\.m2\repository\com\github\docker-java\docker-java-transport\3.2.13\docker-java-transport-3.2.13.jar;C:\Users\WINDOWS 10\.m2\repository\net\java\dev\jna\jna\5.8.0\jna-5.8.0.jar;C:\Users\WINDOWS 10\.m2\repository\org\brotli\dec\0.1.2\dec-0.1.2.jar;C:\Users\WINDOWS 10\.m2\repository\org\apache\httpcomponents\client5\httpclient5\5.1.3\httpclient5-5.1.3.jar;C:\Users\WINDOWS 10\.m2\repository\org\apache\httpcomponents\core5\httpcore5\5.1.3\httpcore5-5.1.3.jar;C:\Users\WINDOWS 10\.m2\repository\org\apache\httpcomponents\core5\httpcore5-h2\5.1.3\httpcore5-h2-5.1.3.jar;C:\Users\WINDOWS 10\.m2\repository\com\jhlabs\filters\2.0.235\filters-2.0.235.jar;C:\Users\WINDOWS 10\.m2\repository\com\paulhammant\ngwebdriver\1.1.6\ngwebdriver-1.1.6.jar;C:\Users\WINDOWS 10\.m2\repository\joda-time\joda-time\2.12.2\joda-time-2.12.2.jar;C:\Users\WINDOWS 10\.m2\repository\org\hamcrest\hamcrest\2.2\hamcrest-2.2.jar;C:\Users\WINDOWS 10\.m2\repository\com\google\jimfs\jimfs\1.2\jimfs-1.2.jar;C:\Users\WINDOWS 10\.m2\repository\org\mockito\mockito-core\3.3.3\mockito-core-3.3.3.jar;C:\Users\WINDOWS 10\.m2\repository\javax\xml\bind\jaxb-api\2.3.1\jaxb-api-2.3.1.jar;C:\Users\WINDOWS 10\.m2\repository\javax\activation\javax.activation-api\1.2.0\javax.activation-api-1.2.0.jar;C:\Users\WINDOWS 10\.m2\repository\com\sun\xml\bind\jaxb-core\2.3.0.1\jaxb-core-2.3.0.1.jar;C:\Users\WINDOWS 10\.m2\repository\com\sun\xml\bind\jaxb-impl\2.3.3\jaxb-impl-2.3.3.jar;C:\Users\WINDOWS 10\.m2\repository\jakarta\xml\bind\jakarta.xml.bind-api\2.3.3\jakarta.xml.bind-api-2.3.3.jar;C:\Users\WINDOWS 10\.m2\repository\com\sun\activation\jakarta.activation\1.2.2\jakarta.activation-1.2.2.jar;C:\Users\WINDOWS 10\.m2\repository\javax\activation\activation\1.1.1\activation-1.1.1.jar;C:\Users\WINDOWS 10\.m2\repository\net\serenity-bdd\serenity-cucumber\3.6.21\serenity-cucumber-3.6.21.jar;C:\Users\WINDOWS 10\.m2\repository\io\cucumber\cucumber-core\7.11.0\cucumber-core-7.11.0.jar;C:\Users\WINDOWS 10\.m2\repository\io\cucumber\cucumber-gherkin\7.11.0\cucumber-gherkin-7.11.0.jar;C:\Users\WINDOWS 10\.m2\repository\io\cucumber\cucumber-gherkin-messages\7.11.0\cucumber-gherkin-messages-7.11.0.jar;C:\Users\WINDOWS 10\.m2\repository\io\cucumber\gherkin\26.0.3\gherkin-26.0.3.jar;C:\Users\WINDOWS 10\.m2\repository\io\cucumber\messages\21.0.1\messages-21.0.1.jar;C:\Users\WINDOWS 10\.m2\repository\io\cucumber\tag-expressions\5.0.1\tag-expressions-5.0.1.jar;C:\Users\WINDOWS 10\.m2\repository\io\cucumber\cucumber-expressions\16.1.1\cucumber-expressions-16.1.1.jar;C:\Users\WINDOWS 10\.m2\repository\io\cucumber\datatable\7.11.0\datatable-7.11.0.jar;C:\Users\WINDOWS 10\.m2\repository\io\cucumber\cucumber-plugin\7.11.0\cucumber-plugin-7.11.0.jar;C:\Users\WINDOWS 10\.m2\repository\io\cucumber\docstring\7.11.0\docstring-7.11.0.jar;C:\Users\WINDOWS 10\.m2\repository\io\cucumber\html-formatter\20.2.1\html-formatter-20.2.1.jar;C:\Users\WINDOWS 10\.m2\repository\io\cucumber\junit-xml-formatter\0.1.0\junit-xml-formatter-0.1.0.jar;C:\Users\WINDOWS 10\.m2\repository\io\cucumber\ci-environment\9.1.0\ci-environment-9.1.0.jar;C:\Users\WINDOWS 10\.m2\repository\io\cucumber\cucumber-java\7.11.0\cucumber-java-7.11.0.jar;C:\Users\WINDOWS 10\.m2\repository\io\cucumber\cucumber-junit\7.11.0\cucumber-junit-7.11.0.jar;C:\Users\WINDOWS 10\.m2\repository\org\apache\commons\commons-csv\1.5\commons-csv-1.5.jar;C:\Users\WINDOWS 10\.m2\repository\net\serenity-bdd\serenity-screenplay\3.6.21\serenity-screenplay-3.6.21.jar;C:\Users\WINDOWS 10\.m2\repository\net\serenity-bdd\serenity-screenplay-webdriver\3.6.21\serenity-screenplay-webdriver-3.6.21.jar;C:\Users\WINDOWS 10\.m2\repository\net\serenity-bdd\serenity-ensure\3.6.21\serenity-ensure-3.6.21.jar;C:\Users\WINDOWS 10\.m2\repository\net\serenity-bdd\serenity-junit\3.6.21\serenity-junit-3.6.21.jar;C:\Users\WINDOWS 10\.m2\repository\org\jetbrains\kotlin\kotlin-stdlib\1.8.10\kotlin-stdlib-1.8.10.jar;C:\Users\WINDOWS 10\.m2\repository\org\jetbrains\kotlin\kotlin-stdlib-common\1.8.10\kotlin-stdlib-common-1.8.10.jar;C:\Users\WINDOWS 10\.m2\repository\org\jetbrains\annotations\13.0\annotations-13.0.jar;C:\Users\WINDOWS 10\.m2\repository\org\junit\platform\junit-platform-launcher\1.8.2\junit-platform-launcher-1.8.2.jar;C:\Users\WINDOWS 10\.m2\repository\org\junit\platform\junit-platform-engine\1.8.2\junit-platform-engine-1.8.2.jar;C:\Users\WINDOWS 10\.m2\repository\org\junit\platform\junit-platform-commons\1.8.2\junit-platform-commons-1.8.2.jar;C:\Users\WINDOWS 10\.m2\repository\org\apiguardian\apiguardian-api\1.1.2\apiguardian-api-1.1.2.jar;C:\Users\WINDOWS 10\.m2\repository\org\junit\jupiter\junit-jupiter-engine\5.8.2\junit-jupiter-engine-5.8.2.jar;C:\Users\WINDOWS 10\.m2\repository\org\junit\jupiter\junit-jupiter-api\5.8.2\junit-jupiter-api-5.8.2.jar;C:\Users\WINDOWS 10\.m2\repository\org\junit\vintage\junit-vintage-engine\5.8.2\junit-vintage-engine-5.8.2.jar;C:\Users\WINDOWS 10\.m2\repository\junit\junit\4.13.2\junit-4.13.2.jar;C:\Users\WINDOWS 10\.m2\repository\org\hamcrest\hamcrest-core\1.3\hamcrest-core-1.3.jar;C:\Users\WINDOWS 10\.m2\repository\ch\qos\logback\logback-classic\1.2.10\logback-classic-1.2.10.jar;C:\Users\WINDOWS 10\.m2\repository\ch\qos\logback\logback-core\1.2.10\logback-core-1.2.10.jar;C:\Users\WINDOWS 10\.m2\repository\org\slf4j\slf4j-api\1.7.32\slf4j-api-1.7.32.jar;C:\Users\WINDOWS 10\.m2\repository\org\assertj\assertj-core\3.23.1\assertj-core-3.23.1.jar;C:\Users\WINDOWS 10\.m2\repository\net\bytebuddy\byte-buddy\1.12.10\byte-buddy-1.12.10.jar;C:\Users\WINDOWS 10\.m2\repository\com\googlecode\json-simple\json-simple\1.1.1\json-simple-1.1.1.jar;"/>
    <property name="java.vm.vendor" value="Oracle Corporation"/>
    <property name="sun.arch.data.model" value="64"/>
    <property name="user.variant" value=""/>
    <property name="java.vendor.url" value="https://java.oracle.com/"/>
    <property name="user.timezone" value="Asia/Bangkok"/>
    <property name="os.name" value="Windows 10"/>
    <property name="java.vm.specification.version" value="15"/>
    <property name="sun.java.launcher" value="SUN_STANDARD"/>
    <property name="user.country" value="US"/>
    <property name="sun.boot.library.path" value="C:\Program Files\Java\jdk-15\bin"/>
    <property name="sun.java.command" value="org.apache.maven.surefire.booter.ForkedBooter C:\Users\WINDOWS 10\AppData\Local\Temp\surefire15306000724212195905 2023-05-06T20-19-08_369-jvmRun1 surefire15019851627484069564tmp surefire_010379974587358817493tmp"/>
    <property name="jdk.debug" value="release"/>
    <property name="surefire.test.class.path" value="C:\Users\WINDOWS 10\Documents\GitHub\MiniProject_QE\Web\code\minpro\target\test-classes;C:\Users\WINDOWS 10\.m2\repository\net\serenity-bdd\serenity-rest-assured\3.6.22\serenity-rest-assured-3.6.22.jar;C:\Users\WINDOWS 10\.m2\repository\org\apache\httpcomponents\httpclient\4.5.13\httpclient-4.5.13.jar;C:\Users\WINDOWS 10\.m2\repository\org\apache\httpcomponents\httpcore\4.4.13\httpcore-4.4.13.jar;C:\Users\WINDOWS 10\.m2\repository\commons-logging\commons-logging\1.2\commons-logging-1.2.jar;C:\Users\WINDOWS 10\.m2\repository\io\rest-assured\rest-assured\5.3.0\rest-assured-5.3.0.jar;C:\Users\WINDOWS 10\.m2\repository\org\apache\httpcomponents\httpmime\4.5.13\httpmime-4.5.13.jar;C:\Users\WINDOWS 10\.m2\repository\org\ccil\cowan\tagsoup\tagsoup\1.2.1\tagsoup-1.2.1.jar;C:\Users\WINDOWS 10\.m2\repository\io\rest-assured\json-path\5.3.0\json-path-5.3.0.jar;C:\Users\WINDOWS 10\.m2\repository\io\rest-assured\rest-assured-common\5.3.0\rest-assured-common-5.3.0.jar;C:\Users\WINDOWS 10\.m2\repository\io\rest-assured\xml-path\5.3.0\xml-path-5.3.0.jar;C:\Users\WINDOWS 10\.m2\repository\org\apache\groovy\groovy-json\4.0.10\groovy-json-4.0.10.jar;C:\Users\WINDOWS 10\.m2\repository\org\apache\groovy\groovy-xml\4.0.10\groovy-xml-4.0.10.jar;C:\Users\WINDOWS 10\.m2\repository\org\apache\groovy\groovy\4.0.10\groovy-4.0.10.jar;C:\Users\WINDOWS 10\.m2\repository\org\opentest4j\opentest4j\1.2.0\opentest4j-1.2.0.jar;C:\Users\WINDOWS 10\.m2\repository\net\serenity-bdd\serenity-core\3.6.21\serenity-core-3.6.21.jar;C:\Users\WINDOWS 10\.m2\repository\net\serenity-bdd\serenity-model\3.6.21\serenity-model-3.6.21.jar;C:\Users\WINDOWS 10\.m2\repository\org\apache\commons\commons-text\1.10.0\commons-text-1.10.0.jar;C:\Users\WINDOWS 10\.m2\repository\commons-net\commons-net\3.9.0\commons-net-3.9.0.jar;C:\Users\WINDOWS 10\.m2\repository\com\google\guava\guava\31.1-jre\guava-31.1-jre.jar;C:\Users\WINDOWS 10\.m2\repository\com\google\guava\failureaccess\1.0.1\failureaccess-1.0.1.jar;C:\Users\WINDOWS 10\.m2\repository\com\google\guava\listenablefuture\9999.0-empty-to-avoid-conflict-with-guava\listenablefuture-9999.0-empty-to-avoid-conflict-with-guava.jar;C:\Users\WINDOWS 10\.m2\repository\com\google\code\findbugs\jsr305\3.0.2\jsr305-3.0.2.jar;C:\Users\WINDOWS 10\.m2\repository\org\checkerframework\checker-qual\3.12.0\checker-qual-3.12.0.jar;C:\Users\WINDOWS 10\.m2\repository\com\google\errorprone\error_prone_annotations\2.11.0\error_prone_annotations-2.11.0.jar;C:\Users\WINDOWS 10\.m2\repository\com\google\j2objc\j2objc-annotations\1.3\j2objc-annotations-1.3.jar;C:\Users\WINDOWS 10\.m2\repository\com\google\inject\guice\5.1.0\guice-5.1.0.jar;C:\Users\WINDOWS 10\.m2\repository\javax\inject\javax.inject\1\javax.inject-1.jar;C:\Users\WINDOWS 10\.m2\repository\aopalliance\aopalliance\1.0\aopalliance-1.0.jar;C:\Users\WINDOWS 10\.m2\repository\org\jsoup\jsoup\1.14.3\jsoup-1.14.3.jar;C:\Users\WINDOWS 10\.m2\repository\com\thoughtworks\xstream\xstream\1.4.20\xstream-1.4.20.jar;C:\Users\WINDOWS 10\.m2\repository\io\github\x-stream\mxparser\1.2.2\mxparser-1.2.2.jar;C:\Users\WINDOWS 10\.m2\repository\xmlpull\xmlpull\1.1.3.1\xmlpull-1.1.3.1.jar;C:\Users\WINDOWS 10\.m2\repository\com\typesafe\config\1.4.2\config-1.4.2.jar;C:\Users\WINDOWS 10\.m2\repository\org\imgscalr\imgscalr-lib\4.2\imgscalr-lib-4.2.jar;C:\Users\WINDOWS 10\.m2\repository\org\awaitility\awaitility\4.2.0\awaitility-4.2.0.jar;C:\Users\WINDOWS 10\.m2\repository\org\freemarker\freemarker\2.3.31\freemarker-2.3.31.jar;C:\Users\WINDOWS 10\.m2\repository\io\github\classgraph\classgraph\4.8.138\classgraph-4.8.138.jar;C:\Users\WINDOWS 10\.m2\repository\net\sourceforge\jexcelapi\jxl\2.6.12\jxl-2.6.12.jar;C:\Users\WINDOWS 10\.m2\repository\net\bytebuddy\byte-buddy-agent\1.14.2\byte-buddy-agent-1.14.2.jar;C:\Users\WINDOWS 10\.m2\repository\org\objenesis\objenesis\3.3\objenesis-3.3.jar;C:\Users\WINDOWS 10\.m2\repository\net\serenity-bdd\serenity-reports\3.6.21\serenity-reports-3.6.21.jar;C:\Users\WINDOWS 10\.m2\repository\net\serenity-bdd\serenity-stats\3.6.21\serenity-stats-3.6.21.jar;C:\Users\WINDOWS 10\.m2\repository\net\serenity-bdd\serenity-reports-configuration\3.6.21\serenity-reports-configuration-3.6.21.jar;C:\Users\WINDOWS 10\.m2\repository\com\vladsch\flexmark\flexmark-all\0.62.2\flexmark-all-0.62.2.jar;C:\Users\WINDOWS 10\.m2\repository\com\vladsch\flexmark\flexmark\0.62.2\flexmark-0.62.2.jar;C:\Users\WINDOWS 10\.m2\repository\com\vladsch\flexmark\flexmark-ext-abbreviation\0.62.2\flexmark-ext-abbreviation-0.62.2.jar;C:\Users\WINDOWS 10\.m2\repository\com\vladsch\flexmark\flexmark-util\0.62.2\flexmark-util-0.62.2.jar;C:\Users\WINDOWS 10\.m2\repository\com\vladsch\flexmark\flexmark-ext-admonition\0.62.2\flexmark-ext-admonition-0.62.2.jar;C:\Users\WINDOWS 10\.m2\repository\com\vladsch\flexmark\flexmark-ext-anchorlink\0.62.2\flexmark-ext-anchorlink-0.62.2.jar;C:\Users\WINDOWS 10\.m2\repository\com\vladsch\flexmark\flexmark-ext-aside\0.62.2\flexmark-ext-aside-0.62.2.jar;C:\Users\WINDOWS 10\.m2\repository\com\vladsch\flexmark\flexmark-ext-attributes\0.62.2\flexmark-ext-attributes-0.62.2.jar;C:\Users\WINDOWS 10\.m2\repository\com\vladsch\flexmark\flexmark-ext-autolink\0.62.2\flexmark-ext-autolink-0.62.2.jar;C:\Users\WINDOWS 10\.m2\repository\org\nibor\autolink\autolink\0.6.0\autolink-0.6.0.jar;C:\Users\WINDOWS 10\.m2\repository\com\vladsch\flexmark\flexmark-ext-definition\0.62.2\flexmark-ext-definition-0.62.2.jar;C:\Users\WINDOWS 10\.m2\repository\com\vladsch\flexmark\flexmark-ext-emoji\0.62.2\flexmark-ext-emoji-0.62.2.jar;C:\Users\WINDOWS 10\.m2\repository\com\vladsch\flexmark\flexmark-ext-enumerated-reference\0.62.2\flexmark-ext-enumerated-reference-0.62.2.jar;C:\Users\WINDOWS 10\.m2\repository\com\vladsch\flexmark\flexmark-ext-escaped-character\0.62.2\flexmark-ext-escaped-character-0.62.2.jar;C:\Users\WINDOWS 10\.m2\repository\com\vladsch\flexmark\flexmark-ext-footnotes\0.62.2\flexmark-ext-footnotes-0.62.2.jar;C:\Users\WINDOWS 10\.m2\repository\com\vladsch\flexmark\flexmark-ext-gfm-issues\0.62.2\flexmark-ext-gfm-issues-0.62.2.jar;C:\Users\WINDOWS 10\.m2\repository\com\vladsch\flexmark\flexmark-ext-gfm-strikethrough\0.62.2\flexmark-ext-gfm-strikethrough-0.62.2.jar;C:\Users\WINDOWS 10\.m2\repository\com\vladsch\flexmark\flexmark-ext-gfm-tasklist\0.62.2\flexmark-ext-gfm-tasklist-0.62.2.jar;C:\Users\WINDOWS 10\.m2\repository\com\vladsch\flexmark\flexmark-ext-gfm-users\0.62.2\flexmark-ext-gfm-users-0.62.2.jar;C:\Users\WINDOWS 10\.m2\repository\com\vladsch\flexmark\flexmark-ext-gitlab\0.62.2\flexmark-ext-gitlab-0.62.2.jar;C:\Users\WINDOWS 10\.m2\repository\com\vladsch\flexmark\flexmark-ext-jekyll-front-matter\0.62.2\flexmark-ext-jekyll-front-matter-0.62.2.jar;C:\Users\WINDOWS 10\.m2\repository\com\vladsch\flexmark\flexmark-ext-jekyll-tag\0.62.2\flexmark-ext-jekyll-tag-0.62.2.jar;C:\Users\WINDOWS 10\.m2\repository\com\vladsch\flexmark\flexmark-ext-media-tags\0.62.2\flexmark-ext-media-tags-0.62.2.jar;C:\Users\WINDOWS 10\.m2\repository\com\vladsch\flexmark\flexmark-ext-macros\0.62.2\flexmark-ext-macros-0.62.2.jar;C:\Users\WINDOWS 10\.m2\repository\com\vladsch\flexmark\flexmark-ext-ins\0.62.2\flexmark-ext-ins-0.62.2.jar;C:\Users\WINDOWS 10\.m2\repository\com\vladsch\flexmark\flexmark-ext-xwiki-macros\0.62.2\flexmark-ext-xwiki-macros-0.62.2.jar;C:\Users\WINDOWS 10\.m2\repository\com\vladsch\flexmark\flexmark-ext-superscript\0.62.2\flexmark-ext-superscript-0.62.2.jar;C:\Users\WINDOWS 10\.m2\repository\com\vladsch\flexmark\flexmark-ext-tables\0.62.2\flexmark-ext-tables-0.62.2.jar;C:\Users\WINDOWS 10\.m2\repository\com\vladsch\flexmark\flexmark-ext-toc\0.62.2\flexmark-ext-toc-0.62.2.jar;C:\Users\WINDOWS 10\.m2\repository\com\vladsch\flexmark\flexmark-ext-typographic\0.62.2\flexmark-ext-typographic-0.62.2.jar;C:\Users\WINDOWS 10\.m2\repository\com\vladsch\flexmark\flexmark-ext-wikilink\0.62.2\flexmark-ext-wikilink-0.62.2.jar;C:\Users\WINDOWS 10\.m2\repository\com\vladsch\flexmark\flexmark-ext-yaml-front-matter\0.62.2\flexmark-ext-yaml-front-matter-0.62.2.jar;C:\Users\WINDOWS 10\.m2\repository\com\vladsch\flexmark\flexmark-ext-youtube-embedded\0.62.2\flexmark-ext-youtube-embedded-0.62.2.jar;C:\Users\WINDOWS 10\.m2\repository\com\vladsch\flexmark\flexmark-html2md-converter\0.62.2\flexmark-html2md-converter-0.62.2.jar;C:\Users\WINDOWS 10\.m2\repository\com\vladsch\flexmark\flexmark-jira-converter\0.62.2\flexmark-jira-converter-0.62.2.jar;C:\Users\WINDOWS 10\.m2\repository\com\vladsch\flexmark\flexmark-pdf-converter\0.62.2\flexmark-pdf-converter-0.62.2.jar;C:\Users\WINDOWS 10\.m2\repository\com\openhtmltopdf\openhtmltopdf-core\1.0.0\openhtmltopdf-core-1.0.0.jar;C:\Users\WINDOWS 10\.m2\repository\com\openhtmltopdf\openhtmltopdf-pdfbox\1.0.0\openhtmltopdf-pdfbox-1.0.0.jar;C:\Users\WINDOWS 10\.m2\repository\org\apache\pdfbox\pdfbox\2.0.16\pdfbox-2.0.16.jar;C:\Users\WINDOWS 10\.m2\repository\org\apache\pdfbox\fontbox\2.0.16\fontbox-2.0.16.jar;C:\Users\WINDOWS 10\.m2\repository\org\apache\pdfbox\xmpbox\2.0.16\xmpbox-2.0.16.jar;C:\Users\WINDOWS 10\.m2\repository\de\rototor\pdfbox\graphics2d\0.24\graphics2d-0.24.jar;C:\Users\WINDOWS 10\.m2\repository\com\openhtmltopdf\openhtmltopdf-rtl-support\1.0.0\openhtmltopdf-rtl-support-1.0.0.jar;C:\Users\WINDOWS 10\.m2\repository\com\openhtmltopdf\openhtmltopdf-jsoup-dom-converter\1.0.0\openhtmltopdf-jsoup-dom-converter-1.0.0.jar;C:\Users\WINDOWS 10\.m2\repository\com\vladsch\flexmark\flexmark-profile-pegdown\0.62.2\flexmark-profile-pegdown-0.62.2.jar;C:\Users\WINDOWS 10\.m2\repository\com\vladsch\flexmark\flexmark-util-ast\0.62.2\flexmark-util-ast-0.62.2.jar;C:\Users\WINDOWS 10\.m2\repository\com\vladsch\flexmark\flexmark-util-builder\0.62.2\flexmark-util-builder-0.62.2.jar;C:\Users\WINDOWS 10\.m2\repository\com\vladsch\flexmark\flexmark-util-collection\0.62.2\flexmark-util-collection-0.62.2.jar;C:\Users\WINDOWS 10\.m2\repository\com\vladsch\flexmark\flexmark-util-data\0.62.2\flexmark-util-data-0.62.2.jar;C:\Users\WINDOWS 10\.m2\repository\com\vladsch\flexmark\flexmark-util-dependency\0.62.2\flexmark-util-dependency-0.62.2.jar;C:\Users\WINDOWS 10\.m2\repository\com\vladsch\flexmark\flexmark-util-format\0.62.2\flexmark-util-format-0.62.2.jar;C:\Users\WINDOWS 10\.m2\repository\com\vladsch\flexmark\flexmark-util-html\0.62.2\flexmark-util-html-0.62.2.jar;C:\Users\WINDOWS 10\.m2\repository\com\vladsch\flexmark\flexmark-util-misc\0.62.2\flexmark-util-misc-0.62.2.jar;C:\Users\WINDOWS 10\.m2\repository\com\vladsch\flexmark\flexmark-util-options\0.62.2\flexmark-util-options-0.62.2.jar;C:\Users\WINDOWS 10\.m2\repository\com\vladsch\flexmark\flexmark-util-sequence\0.62.2\flexmark-util-sequence-0.62.2.jar;C:\Users\WINDOWS 10\.m2\repository\com\vladsch\flexmark\flexmark-util-visitor\0.62.2\flexmark-util-visitor-0.62.2.jar;C:\Users\WINDOWS 10\.m2\repository\com\vladsch\flexmark\flexmark-youtrack-converter\0.62.2\flexmark-youtrack-converter-0.62.2.jar;C:\Users\WINDOWS 10\.m2\repository\com\ibm\icu\icu4j\72.1\icu4j-72.1.jar;C:\Users\WINDOWS 10\.m2\repository\es\nitaur\markdown\txtmark\0.16\txtmark-0.16.jar;C:\Users\WINDOWS 10\.m2\repository\net\serenity-bdd\serenity-report-resources\3.6.21\serenity-report-resources-3.6.21.jar;C:\Users\WINDOWS 10\.m2\repository\com\google\code\gson\gson\2.10.1\gson-2.10.1.jar;C:\Users\WINDOWS 10\.m2\repository\com\fasterxml\jackson\core\jackson-core\2.15.0-rc1\jackson-core-2.15.0-rc1.jar;C:\Users\WINDOWS 10\.m2\repository\com\fasterxml\jackson\core\jackson-databind\2.15.0-rc1\jackson-databind-2.15.0-rc1.jar;C:\Users\WINDOWS 10\.m2\repository\com\fasterxml\jackson\core\jackson-annotations\2.15.0-rc1\jackson-annotations-2.15.0-rc1.jar;C:\Users\WINDOWS 10\.m2\repository\commons-codec\commons-codec\1.15\commons-codec-1.15.jar;C:\Users\WINDOWS 10\.m2\repository\commons-io\commons-io\2.11.0\commons-io-2.11.0.jar;C:\Users\WINDOWS 10\.m2\repository\org\seleniumhq\selenium\selenium-java\4.8.1\selenium-java-4.8.1.jar;C:\Users\WINDOWS 10\.m2\repository\org\seleniumhq\selenium\selenium-devtools-v108\4.8.1\selenium-devtools-v108-4.8.1.jar;C:\Users\WINDOWS 10\.m2\repository\org\seleniumhq\selenium\selenium-devtools-v109\4.8.1\selenium-devtools-v109-4.8.1.jar;C:\Users\WINDOWS 10\.m2\repository\org\seleniumhq\selenium\selenium-devtools-v110\4.8.1\selenium-devtools-v110-4.8.1.jar;C:\Users\WINDOWS 10\.m2\repository\org\seleniumhq\selenium\selenium-devtools-v85\4.8.1\selenium-devtools-v85-4.8.1.jar;C:\Users\WINDOWS 10\.m2\repository\org\seleniumhq\selenium\selenium-remote-driver\4.8.1\selenium-remote-driver-4.8.1.jar;C:\Users\WINDOWS 10\.m2\repository\com\beust\jcommander\1.82\jcommander-1.82.jar;C:\Users\WINDOWS 10\.m2\repository\io\netty\netty-buffer\4.1.87.Final\netty-buffer-4.1.87.Final.jar;C:\Users\WINDOWS 10\.m2\repository\io\netty\netty-codec-http\4.1.87.Final\netty-codec-http-4.1.87.Final.jar;C:\Users\WINDOWS 10\.m2\repository\io\netty\netty-codec\4.1.87.Final\netty-codec-4.1.87.Final.jar;C:\Users\WINDOWS 10\.m2\repository\io\netty\netty-handler\4.1.87.Final\netty-handler-4.1.87.Final.jar;C:\Users\WINDOWS 10\.m2\repository\io\netty\netty-common\4.1.87.Final\netty-common-4.1.87.Final.jar;C:\Users\WINDOWS 10\.m2\repository\io\netty\netty-transport-classes-epoll\4.1.87.Final\netty-transport-classes-epoll-4.1.87.Final.jar;C:\Users\WINDOWS 10\.m2\repository\io\netty\netty-transport-classes-kqueue\4.1.87.Final\netty-transport-classes-kqueue-4.1.87.Final.jar;C:\Users\WINDOWS 10\.m2\repository\io\netty\netty-transport-native-epoll\4.1.87.Final\netty-transport-native-epoll-4.1.87.Final.jar;C:\Users\WINDOWS 10\.m2\repository\io\netty\netty-transport-native-kqueue\4.1.87.Final\netty-transport-native-kqueue-4.1.87.Final.jar;C:\Users\WINDOWS 10\.m2\repository\io\netty\netty-transport-native-unix-common\4.1.87.Final\netty-transport-native-unix-common-4.1.87.Final.jar;C:\Users\WINDOWS 10\.m2\repository\io\netty\netty-transport\4.1.87.Final\netty-transport-4.1.87.Final.jar;C:\Users\WINDOWS 10\.m2\repository\io\netty\netty-resolver\4.1.87.Final\netty-resolver-4.1.87.Final.jar;C:\Users\WINDOWS 10\.m2\repository\io\opentelemetry\opentelemetry-api\1.22.0\opentelemetry-api-1.22.0.jar;C:\Users\WINDOWS 10\.m2\repository\io\opentelemetry\opentelemetry-context\1.22.0\opentelemetry-context-1.22.0.jar;C:\Users\WINDOWS 10\.m2\repository\io\opentelemetry\opentelemetry-exporter-logging\1.22.0\opentelemetry-exporter-logging-1.22.0.jar;C:\Users\WINDOWS 10\.m2\repository\io\opentelemetry\opentelemetry-sdk-metrics\1.22.0\opentelemetry-sdk-metrics-1.22.0.jar;C:\Users\WINDOWS 10\.m2\repository\io\opentelemetry\opentelemetry-sdk-logs\1.22.0-alpha\opentelemetry-sdk-logs-1.22.0-alpha.jar;C:\Users\WINDOWS 10\.m2\repository\io\opentelemetry\opentelemetry-api-logs\1.22.0-alpha\opentelemetry-api-logs-1.22.0-alpha.jar;C:\Users\WINDOWS 10\.m2\repository\io\opentelemetry\opentelemetry-sdk-common\1.22.0\opentelemetry-sdk-common-1.22.0.jar;C:\Users\WINDOWS 10\.m2\repository\io\opentelemetry\opentelemetry-sdk-extension-autoconfigure-spi\1.22.0\opentelemetry-sdk-extension-autoconfigure-spi-1.22.0.jar;C:\Users\WINDOWS 10\.m2\repository\io\opentelemetry\opentelemetry-sdk-extension-autoconfigure\1.22.0-alpha\opentelemetry-sdk-extension-autoconfigure-1.22.0-alpha.jar;C:\Users\WINDOWS 10\.m2\repository\io\opentelemetry\opentelemetry-sdk-trace\1.22.0\opentelemetry-sdk-trace-1.22.0.jar;C:\Users\WINDOWS 10\.m2\repository\io\opentelemetry\opentelemetry-sdk\1.22.0\opentelemetry-sdk-1.22.0.jar;C:\Users\WINDOWS 10\.m2\repository\io\opentelemetry\opentelemetry-semconv\1.22.0-alpha\opentelemetry-semconv-1.22.0-alpha.jar;C:\Users\WINDOWS 10\.m2\repository\io\ous\jtoml\2.0.0\jtoml-2.0.0.jar;C:\Users\WINDOWS 10\.m2\repository\org\apache\commons\commons-exec\1.3\commons-exec-1.3.jar;C:\Users\WINDOWS 10\.m2\repository\org\asynchttpclient\async-http-client\2.12.3\async-http-client-2.12.3.jar;C:\Users\WINDOWS 10\.m2\repository\org\asynchttpclient\async-http-client-netty-utils\2.12.3\async-http-client-netty-utils-2.12.3.jar;C:\Users\WINDOWS 10\.m2\repository\io\netty\netty-codec-socks\4.1.60.Final\netty-codec-socks-4.1.60.Final.jar;C:\Users\WINDOWS 10\.m2\repository\io\netty\netty-handler-proxy\4.1.60.Final\netty-handler-proxy-4.1.60.Final.jar;C:\Users\WINDOWS 10\.m2\repository\io\netty\netty-transport-native-epoll\4.1.60.Final\netty-transport-native-epoll-4.1.60.Final-linux-x86_64.jar;C:\Users\WINDOWS 10\.m2\repository\io\netty\netty-transport-native-kqueue\4.1.60.Final\netty-transport-native-kqueue-4.1.60.Final-osx-x86_64.jar;C:\Users\WINDOWS 10\.m2\repository\org\reactivestreams\reactive-streams\1.0.3\reactive-streams-1.0.3.jar;C:\Users\WINDOWS 10\.m2\repository\com\typesafe\netty\netty-reactive-streams\2.0.4\netty-reactive-streams-2.0.4.jar;C:\Users\WINDOWS 10\.m2\repository\org\seleniumhq\selenium\selenium-manager\4.8.1\selenium-manager-4.8.1.jar;C:\Users\WINDOWS 10\.m2\repository\org\seleniumhq\selenium\selenium-safari-driver\4.8.1\selenium-safari-driver-4.8.1.jar;C:\Users\WINDOWS 10\.m2\repository\org\seleniumhq\selenium\selenium-api\4.8.1\selenium-api-4.8.1.jar;C:\Users\WINDOWS 10\.m2\repository\org\seleniumhq\selenium\selenium-support\4.8.1\selenium-support-4.8.1.jar;C:\Users\WINDOWS 10\.m2\repository\com\google\auto\service\auto-service-annotations\1.0.1\auto-service-annotations-1.0.1.jar;C:\Users\WINDOWS 10\.m2\repository\com\google\auto\service\auto-service\1.0.1\auto-service-1.0.1.jar;C:\Users\WINDOWS 10\.m2\repository\com\google\auto\auto-common\1.2\auto-common-1.2.jar;C:\Users\WINDOWS 10\.m2\repository\org\seleniumhq\selenium\selenium-json\4.8.1\selenium-json-4.8.1.jar;C:\Users\WINDOWS 10\.m2\repository\org\seleniumhq\selenium\selenium-chrome-driver\4.8.1\selenium-chrome-driver-4.8.1.jar;C:\Users\WINDOWS 10\.m2\repository\org\seleniumhq\selenium\selenium-chromium-driver\4.8.1\selenium-chromium-driver-4.8.1.jar;C:\Users\WINDOWS 10\.m2\repository\org\seleniumhq\selenium\selenium-firefox-driver\4.8.1\selenium-firefox-driver-4.8.1.jar;C:\Users\WINDOWS 10\.m2\repository\org\seleniumhq\selenium\selenium-http\4.8.1\selenium-http-4.8.1.jar;C:\Users\WINDOWS 10\.m2\repository\dev\failsafe\failsafe\3.3.0\failsafe-3.3.0.jar;C:\Users\WINDOWS 10\.m2\repository\org\seleniumhq\selenium\selenium-edge-driver\4.8.1\selenium-edge-driver-4.8.1.jar;C:\Users\WINDOWS 10\.m2\repository\org\seleniumhq\selenium\selenium-ie-driver\4.8.1\selenium-ie-driver-4.8.1.jar;C:\Users\WINDOWS 10\.m2\repository\org\projectlombok\lombok\1.18.20\lombok-1.18.20.jar;C:\Users\WINDOWS 10\.m2\repository\io\appium\java-client\8.3.0\java-client-8.3.0.jar;C:\Users\WINDOWS 10\.m2\repository\commons-validator\commons-validator\1.7\commons-validator-1.7.jar;C:\Users\WINDOWS 10\.m2\repository\commons-digester\commons-digester\2.1\commons-digester-2.1.jar;C:\Users\WINDOWS 10\.m2\repository\net\sf\opencsv\opencsv\2.0\opencsv-2.0.jar;C:\Users\WINDOWS 10\.m2\repository\commons-beanutils\commons-beanutils\1.9.4\commons-beanutils-1.9.4.jar;C:\Users\WINDOWS 10\.m2\repository\org\apache\commons\commons-lang3\3.12.0\commons-lang3-3.12.0.jar;C:\Users\WINDOWS 10\.m2\repository\commons-collections\commons-collections\3.2.2\commons-collections-3.2.2.jar;C:\Users\WINDOWS 10\.m2\repository\org\fluentlenium\fluentlenium-core\0.10.2\fluentlenium-core-0.10.2.jar;C:\Users\WINDOWS 10\.m2\repository\io\github\bonigarcia\webdrivermanager\5.3.0\webdrivermanager-5.3.0.jar;C:\Users\WINDOWS 10\.m2\repository\com\github\docker-java\docker-java\3.2.13\docker-java-3.2.13.jar;C:\Users\WINDOWS 10\.m2\repository\com\github\docker-java\docker-java-core\3.2.13\docker-java-core-3.2.13.jar;C:\Users\WINDOWS 10\.m2\repository\com\github\docker-java\docker-java-api\3.2.13\docker-java-api-3.2.13.jar;C:\Users\WINDOWS 10\.m2\repository\org\apache\commons\commons-compress\1.21\commons-compress-1.21.jar;C:\Users\WINDOWS 10\.m2\repository\org\bouncycastle\bcpkix-jdk15on\1.64\bcpkix-jdk15on-1.64.jar;C:\Users\WINDOWS 10\.m2\repository\org\bouncycastle\bcprov-jdk15on\1.64\bcprov-jdk15on-1.64.jar;C:\Users\WINDOWS 10\.m2\repository\org\slf4j\jcl-over-slf4j\1.7.30\jcl-over-slf4j-1.7.30.jar;C:\Users\WINDOWS 10\.m2\repository\com\github\docker-java\docker-java-transport-httpclient5\3.2.13\docker-java-transport-httpclient5-3.2.13.jar;C:\Users\WINDOWS 10\.m2\repository\com\github\docker-java\docker-java-transport\3.2.13\docker-java-transport-3.2.13.jar;C:\Users\WINDOWS 10\.m2\repository\net\java\dev\jna\jna\5.8.0\jna-5.8.0.jar;C:\Users\WINDOWS 10\.m2\repository\org\brotli\dec\0.1.2\dec-0.1.2.jar;C:\Users\WINDOWS 10\.m2\repository\org\apache\httpcomponents\client5\httpclient5\5.1.3\httpclient5-5.1.3.jar;C:\Users\WINDOWS 10\.m2\repository\org\apache\httpcomponents\core5\httpcore5\5.1.3\httpcore5-5.1.3.jar;C:\Users\WINDOWS 10\.m2\repository\org\apache\httpcomponents\core5\httpcore5-h2\5.1.3\httpcore5-h2-5.1.3.jar;C:\Users\WINDOWS 10\.m2\repository\com\jhlabs\filters\2.0.235\filters-2.0.235.jar;C:\Users\WINDOWS 10\.m2\repository\com\paulhammant\ngwebdriver\1.1.6\ngwebdriver-1.1.6.jar;C:\Users\WINDOWS 10\.m2\repository\joda-time\joda-time\2.12.2\joda-time-2.12.2.jar;C:\Users\WINDOWS 10\.m2\repository\org\hamcrest\hamcrest\2.2\hamcrest-2.2.jar;C:\Users\WINDOWS 10\.m2\repository\com\google\jimfs\jimfs\1.2\jimfs-1.2.jar;C:\Users\WINDOWS 10\.m2\repository\org\mockito\mockito-core\3.3.3\mockito-core-3.3.3.jar;C:\Users\WINDOWS 10\.m2\repository\javax\xml\bind\jaxb-api\2.3.1\jaxb-api-2.3.1.jar;C:\Users\WINDOWS 10\.m2\repository\javax\activation\javax.activation-api\1.2.0\javax.activation-api-1.2.0.jar;C:\Users\WINDOWS 10\.m2\repository\com\sun\xml\bind\jaxb-core\2.3.0.1\jaxb-core-2.3.0.1.jar;C:\Users\WINDOWS 10\.m2\repository\com\sun\xml\bind\jaxb-impl\2.3.3\jaxb-impl-2.3.3.jar;C:\Users\WINDOWS 10\.m2\repository\jakarta\xml\bind\jakarta.xml.bind-api\2.3.3\jakarta.xml.bind-api-2.3.3.jar;C:\Users\WINDOWS 10\.m2\repository\com\sun\activation\jakarta.activation\1.2.2\jakarta.activation-1.2.2.jar;C:\Users\WINDOWS 10\.m2\repository\javax\activation\activation\1.1.1\activation-1.1.1.jar;C:\Users\WINDOWS 10\.m2\repository\net\serenity-bdd\serenity-cucumber\3.6.21\serenity-cucumber-3.6.21.jar;C:\Users\WINDOWS 10\.m2\repository\io\cucumber\cucumber-core\7.11.0\cucumber-core-7.11.0.jar;C:\Users\WINDOWS 10\.m2\repository\io\cucumber\cucumber-gherkin\7.11.0\cucumber-gherkin-7.11.0.jar;C:\Users\WINDOWS 10\.m2\repository\io\cucumber\cucumber-gherkin-messages\7.11.0\cucumber-gherkin-messages-7.11.0.jar;C:\Users\WINDOWS 10\.m2\repository\io\cucumber\gherkin\26.0.3\gherkin-26.0.3.jar;C:\Users\WINDOWS 10\.m2\repository\io\cucumber\messages\21.0.1\messages-21.0.1.jar;C:\Users\WINDOWS 10\.m2\repository\io\cucumber\tag-expressions\5.0.1\tag-expressions-5.0.1.jar;C:\Users\WINDOWS 10\.m2\repository\io\cucumber\cucumber-expressions\16.1.1\cucumber-expressions-16.1.1.jar;C:\Users\WINDOWS 10\.m2\repository\io\cucumber\datatable\7.11.0\datatable-7.11.0.jar;C:\Users\WINDOWS 10\.m2\repository\io\cucumber\cucumber-plugin\7.11.0\cucumber-plugin-7.11.0.jar;C:\Users\WINDOWS 10\.m2\repository\io\cucumber\docstring\7.11.0\docstring-7.11.0.jar;C:\Users\WINDOWS 10\.m2\repository\io\cucumber\html-formatter\20.2.1\html-formatter-20.2.1.jar;C:\Users\WINDOWS 10\.m2\repository\io\cucumber\junit-xml-formatter\0.1.0\junit-xml-formatter-0.1.0.jar;C:\Users\WINDOWS 10\.m2\repository\io\cucumber\ci-environment\9.1.0\ci-environment-9.1.0.jar;C:\Users\WINDOWS 10\.m2\repository\io\cucumber\cucumber-java\7.11.0\cucumber-java-7.11.0.jar;C:\Users\WINDOWS 10\.m2\repository\io\cucumber\cucumber-junit\7.11.0\cucumber-junit-7.11.0.jar;C:\Users\WINDOWS 10\.m2\repository\org\apache\commons\commons-csv\1.5\commons-csv-1.5.jar;C:\Users\WINDOWS 10\.m2\repository\net\serenity-bdd\serenity-screenplay\3.6.21\serenity-screenplay-3.6.21.jar;C:\Users\WINDOWS 10\.m2\repository\net\serenity-bdd\serenity-screenplay-webdriver\3.6.21\serenity-screenplay-webdriver-3.6.21.jar;C:\Users\WINDOWS 10\.m2\repository\net\serenity-bdd\serenity-ensure\3.6.21\serenity-ensure-3.6.21.jar;C:\Users\WINDOWS 10\.m2\repository\net\serenity-bdd\serenity-junit\3.6.21\serenity-junit-3.6.21.jar;C:\Users\WINDOWS 10\.m2\repository\org\jetbrains\kotlin\kotlin-stdlib\1.8.10\kotlin-stdlib-1.8.10.jar;C:\Users\WINDOWS 10\.m2\repository\org\jetbrains\kotlin\kotlin-stdlib-common\1.8.10\kotlin-stdlib-common-1.8.10.jar;C:\Users\WINDOWS 10\.m2\repository\org\jetbrains\annotations\13.0\annotations-13.0.jar;C:\Users\WINDOWS 10\.m2\repository\org\junit\platform\junit-platform-launcher\1.8.2\junit-platform-launcher-1.8.2.jar;C:\Users\WINDOWS 10\.m2\repository\org\junit\platform\junit-platform-engine\1.8.2\junit-platform-engine-1.8.2.jar;C:\Users\WINDOWS 10\.m2\repository\org\junit\platform\junit-platform-commons\1.8.2\junit-platform-commons-1.8.2.jar;C:\Users\WINDOWS 10\.m2\repository\org\apiguardian\apiguardian-api\1.1.2\apiguardian-api-1.1.2.jar;C:\Users\WINDOWS 10\.m2\repository\org\junit\jupiter\junit-jupiter-engine\5.8.2\junit-jupiter-engine-5.8.2.jar;C:\Users\WINDOWS 10\.m2\repository\org\junit\jupiter\junit-jupiter-api\5.8.2\junit-jupiter-api-5.8.2.jar;C:\Users\WINDOWS 10\.m2\repository\org\junit\vintage\junit-vintage-engine\5.8.2\junit-vintage-engine-5.8.2.jar;C:\Users\WINDOWS 10\.m2\repository\junit\junit\4.13.2\junit-4.13.2.jar;C:\Users\WINDOWS 10\.m2\repository\org\hamcrest\hamcrest-core\1.3\hamcrest-core-1.3.jar;C:\Users\WINDOWS 10\.m2\repository\ch\qos\logback\logback-classic\1.2.10\logback-classic-1.2.10.jar;C:\Users\WINDOWS 10\.m2\repository\ch\qos\logback\logback-core\1.2.10\logback-core-1.2.10.jar;C:\Users\WINDOWS 10\.m2\repository\org\slf4j\slf4j-api\1.7.32\slf4j-api-1.7.32.jar;C:\Users\WINDOWS 10\.m2\repository\org\assertj\assertj-core\3.23.1\assertj-core-3.23.1.jar;C:\Users\WINDOWS 10\.m2\repository\net\bytebuddy\byte-buddy\1.12.10\byte-buddy-1.12.10.jar;C:\Users\WINDOWS 10\.m2\repository\com\googlecode\json-simple\json-simple\1.1.1\json-simple-1.1.1.jar;"/>
    <property name="sun.cpu.endian" value="little"/>
    <property name="user.home" value="C:\Users\WINDOWS 10"/>
    <property name="user.language" value="en"/>
    <property name="java.specification.vendor" value="Oracle Corporation"/>
    <property name="jdk.module.path" value="C:\Users\WINDOWS 10\Documents\GitHub\MiniProject_QE\Web\code\minpro\target\alta-1.0-SNAPSHOT.jar"/>
    <property name="java.version.date" value="2020-09-15"/>
    <property name="java.home" value="C:\Program Files\Java\jdk-15"/>
    <property name="file.separator" value="\"/>
    <property name="basedir" value="C:\Users\WINDOWS 10\Documents\GitHub\MiniProject_QE\Web\code\minpro"/>
    <property name="java.vm.compressedOopsMode" value="Zero based"/>
    <property name="line.separator" value="&#10;"/>
    <property name="java.vm.specification.vendor" value="Oracle Corporation"/>
    <property name="java.specification.name" value="Java Platform API Specification"/>
    <property name="surefire.real.class.path" value="C:\Users\WINDOWS 10\.m2\repository\org\apache\maven\surefire\surefire-booter\3.0.0-M5\surefire-booter-3.0.0-M5.jar;C:\Users\WINDOWS 10\.m2\repository\org\apache\maven\surefire\surefire-api\3.0.0-M5\surefire-api-3.0.0-M5.jar;C:\Users\WINDOWS 10\.m2\repository\org\apache\maven\surefire\surefire-logger-api\3.0.0-M5\surefire-logger-api-3.0.0-M5.jar;C:\Users\WINDOWS 10\.m2\repository\org\apache\maven\surefire\surefire-shared-utils\3.0.0-M4\surefire-shared-utils-3.0.0-M4.jar;C:\Users\WINDOWS 10\.m2\repository\org\apache\maven\surefire\surefire-extensions-spi\3.0.0-M5\surefire-extensions-spi-3.0.0-M5.jar;C:\Users\WINDOWS 10\Documents\GitHub\MiniProject_QE\Web\code\minpro\target\test-classes;C:\Users\WINDOWS 10\.m2\repository\net\serenity-bdd\serenity-rest-assured\3.6.22\serenity-rest-assured-3.6.22.jar;C:\Users\WINDOWS 10\.m2\repository\org\apache\httpcomponents\httpclient\4.5.13\httpclient-4.5.13.jar;C:\Users\WINDOWS 10\.m2\repository\org\apache\httpcomponents\httpcore\4.4.13\httpcore-4.4.13.jar;C:\Users\WINDOWS 10\.m2\repository\commons-logging\commons-logging\1.2\commons-logging-1.2.jar;C:\Users\WINDOWS 10\.m2\repository\io\rest-assured\rest-assured\5.3.0\rest-assured-5.3.0.jar;C:\Users\WINDOWS 10\.m2\repository\org\apache\httpcomponents\httpmime\4.5.13\httpmime-4.5.13.jar;C:\Users\WINDOWS 10\.m2\repository\org\ccil\cowan\tagsoup\tagsoup\1.2.1\tagsoup-1.2.1.jar;C:\Users\WINDOWS 10\.m2\repository\io\rest-assured\json-path\5.3.0\json-path-5.3.0.jar;C:\Users\WINDOWS 10\.m2\repository\io\rest-assured\rest-assured-common\5.3.0\rest-assured-common-5.3.0.jar;C:\Users\WINDOWS 10\.m2\repository\io\rest-assured\xml-path\5.3.0\xml-path-5.3.0.jar;C:\Users\WINDOWS 10\.m2\repository\org\apache\groovy\groovy-json\4.0.10\groovy-json-4.0.10.jar;C:\Users\WINDOWS 10\.m2\repository\org\apache\groovy\groovy-xml\4.0.10\groovy-xml-4.0.10.jar;C:\Users\WINDOWS 10\.m2\repository\org\apache\groovy\groovy\4.0.10\groovy-4.0.10.jar;C:\Users\WINDOWS 10\.m2\repository\org\opentest4j\opentest4j\1.2.0\opentest4j-1.2.0.jar;C:\Users\WINDOWS 10\.m2\repository\net\serenity-bdd\serenity-core\3.6.21\serenity-core-3.6.21.jar;C:\Users\WINDOWS 10\.m2\repository\net\serenity-bdd\serenity-model\3.6.21\serenity-model-3.6.21.jar;C:\Users\WINDOWS 10\.m2\repository\org\apache\commons\commons-text\1.10.0\commons-text-1.10.0.jar;C:\Users\WINDOWS 10\.m2\repository\commons-net\commons-net\3.9.0\commons-net-3.9.0.jar;C:\Users\WINDOWS 10\.m2\repository\com\google\guava\guava\31.1-jre\guava-31.1-jre.jar;C:\Users\WINDOWS 10\.m2\repository\com\google\guava\failureaccess\1.0.1\failureaccess-1.0.1.jar;C:\Users\WINDOWS 10\.m2\repository\com\google\guava\listenablefuture\9999.0-empty-to-avoid-conflict-with-guava\listenablefuture-9999.0-empty-to-avoid-conflict-with-guava.jar;C:\Users\WINDOWS 10\.m2\repository\com\google\code\findbugs\jsr305\3.0.2\jsr305-3.0.2.jar;C:\Users\WINDOWS 10\.m2\repository\org\checkerframework\checker-qual\3.12.0\checker-qual-3.12.0.jar;C:\Users\WINDOWS 10\.m2\repository\com\google\errorprone\error_prone_annotations\2.11.0\error_prone_annotations-2.11.0.jar;C:\Users\WINDOWS 10\.m2\repository\com\google\j2objc\j2objc-annotations\1.3\j2objc-annotations-1.3.jar;C:\Users\WINDOWS 10\.m2\repository\com\google\inject\guice\5.1.0\guice-5.1.0.jar;C:\Users\WINDOWS 10\.m2\repository\javax\inject\javax.inject\1\javax.inject-1.jar;C:\Users\WINDOWS 10\.m2\repository\aopalliance\aopalliance\1.0\aopalliance-1.0.jar;C:\Users\WINDOWS 10\.m2\repository\org\jsoup\jsoup\1.14.3\jsoup-1.14.3.jar;C:\Users\WINDOWS 10\.m2\repository\com\thoughtworks\xstream\xstream\1.4.20\xstream-1.4.20.jar;C:\Users\WINDOWS 10\.m2\repository\io\github\x-stream\mxparser\1.2.2\mxparser-1.2.2.jar;C:\Users\WINDOWS 10\.m2\repository\xmlpull\xmlpull\1.1.3.1\xmlpull-1.1.3.1.jar;C:\Users\WINDOWS 10\.m2\repository\com\typesafe\config\1.4.2\config-1.4.2.jar;C:\Users\WINDOWS 10\.m2\repository\org\imgscalr\imgscalr-lib\4.2\imgscalr-lib-4.2.jar;C:\Users\WINDOWS 10\.m2\repository\org\awaitility\awaitility\4.2.0\awaitility-4.2.0.jar;C:\Users\WINDOWS 10\.m2\repository\org\freemarker\freemarker\2.3.31\freemarker-2.3.31.jar;C:\Users\WINDOWS 10\.m2\repository\io\github\classgraph\classgraph\4.8.138\classgraph-4.8.138.jar;C:\Users\WINDOWS 10\.m2\repository\net\sourceforge\jexcelapi\jxl\2.6.12\jxl-2.6.12.jar;C:\Users\WINDOWS 10\.m2\repository\net\bytebuddy\byte-buddy-agent\1.14.2\byte-buddy-agent-1.14.2.jar;C:\Users\WINDOWS 10\.m2\repository\org\objenesis\objenesis\3.3\objenesis-3.3.jar;C:\Users\WINDOWS 10\.m2\repository\net\serenity-bdd\serenity-reports\3.6.21\serenity-reports-3.6.21.jar;C:\Users\WINDOWS 10\.m2\repository\net\serenity-bdd\serenity-stats\3.6.21\serenity-stats-3.6.21.jar;C:\Users\WINDOWS 10\.m2\repository\net\serenity-bdd\serenity-reports-configuration\3.6.21\serenity-reports-configuration-3.6.21.jar;C:\Users\WINDOWS 10\.m2\repository\com\vladsch\flexmark\flexmark-all\0.62.2\flexmark-all-0.62.2.jar;C:\Users\WINDOWS 10\.m2\repository\com\vladsch\flexmark\flexmark\0.62.2\flexmark-0.62.2.jar;C:\Users\WINDOWS 10\.m2\repository\com\vladsch\flexmark\flexmark-ext-abbreviation\0.62.2\flexmark-ext-abbreviation-0.62.2.jar;C:\Users\WINDOWS 10\.m2\repository\com\vladsch\flexmark\flexmark-util\0.62.2\flexmark-util-0.62.2.jar;C:\Users\WINDOWS 10\.m2\repository\com\vladsch\flexmark\flexmark-ext-admonition\0.62.2\flexmark-ext-admonition-0.62.2.jar;C:\Users\WINDOWS 10\.m2\repository\com\vladsch\flexmark\flexmark-ext-anchorlink\0.62.2\flexmark-ext-anchorlink-0.62.2.jar;C:\Users\WINDOWS 10\.m2\repository\com\vladsch\flexmark\flexmark-ext-aside\0.62.2\flexmark-ext-aside-0.62.2.jar;C:\Users\WINDOWS 10\.m2\repository\com\vladsch\flexmark\flexmark-ext-attributes\0.62.2\flexmark-ext-attributes-0.62.2.jar;C:\Users\WINDOWS 10\.m2\repository\com\vladsch\flexmark\flexmark-ext-autolink\0.62.2\flexmark-ext-autolink-0.62.2.jar;C:\Users\WINDOWS 10\.m2\repository\org\nibor\autolink\autolink\0.6.0\autolink-0.6.0.jar;C:\Users\WINDOWS 10\.m2\repository\com\vladsch\flexmark\flexmark-ext-definition\0.62.2\flexmark-ext-definition-0.62.2.jar;C:\Users\WINDOWS 10\.m2\repository\com\vladsch\flexmark\flexmark-ext-emoji\0.62.2\flexmark-ext-emoji-0.62.2.jar;C:\Users\WINDOWS 10\.m2\repository\com\vladsch\flexmark\flexmark-ext-enumerated-reference\0.62.2\flexmark-ext-enumerated-reference-0.62.2.jar;C:\Users\WINDOWS 10\.m2\repository\com\vladsch\flexmark\flexmark-ext-escaped-character\0.62.2\flexmark-ext-escaped-character-0.62.2.jar;C:\Users\WINDOWS 10\.m2\repository\com\vladsch\flexmark\flexmark-ext-footnotes\0.62.2\flexmark-ext-footnotes-0.62.2.jar;C:\Users\WINDOWS 10\.m2\repository\com\vladsch\flexmark\flexmark-ext-gfm-issues\0.62.2\flexmark-ext-gfm-issues-0.62.2.jar;C:\Users\WINDOWS 10\.m2\repository\com\vladsch\flexmark\flexmark-ext-gfm-strikethrough\0.62.2\flexmark-ext-gfm-strikethrough-0.62.2.jar;C:\Users\WINDOWS 10\.m2\repository\com\vladsch\flexmark\flexmark-ext-gfm-tasklist\0.62.2\flexmark-ext-gfm-tasklist-0.62.2.jar;C:\Users\WINDOWS 10\.m2\repository\com\vladsch\flexmark\flexmark-ext-gfm-users\0.62.2\flexmark-ext-gfm-users-0.62.2.jar;C:\Users\WINDOWS 10\.m2\repository\com\vladsch\flexmark\flexmark-ext-gitlab\0.62.2\flexmark-ext-gitlab-0.62.2.jar;C:\Users\WINDOWS 10\.m2\repository\com\vladsch\flexmark\flexmark-ext-jekyll-front-matter\0.62.2\flexmark-ext-jekyll-front-matter-0.62.2.jar;C:\Users\WINDOWS 10\.m2\repository\com\vladsch\flexmark\flexmark-ext-jekyll-tag\0.62.2\flexmark-ext-jekyll-tag-0.62.2.jar;C:\Users\WINDOWS 10\.m2\repository\com\vladsch\flexmark\flexmark-ext-media-tags\0.62.2\flexmark-ext-media-tags-0.62.2.jar;C:\Users\WINDOWS 10\.m2\repository\com\vladsch\flexmark\flexmark-ext-macros\0.62.2\flexmark-ext-macros-0.62.2.jar;C:\Users\WINDOWS 10\.m2\repository\com\vladsch\flexmark\flexmark-ext-ins\0.62.2\flexmark-ext-ins-0.62.2.jar;C:\Users\WINDOWS 10\.m2\repository\com\vladsch\flexmark\flexmark-ext-xwiki-macros\0.62.2\flexmark-ext-xwiki-macros-0.62.2.jar;C:\Users\WINDOWS 10\.m2\repository\com\vladsch\flexmark\flexmark-ext-superscript\0.62.2\flexmark-ext-superscript-0.62.2.jar;C:\Users\WINDOWS 10\.m2\repository\com\vladsch\flexmark\flexmark-ext-tables\0.62.2\flexmark-ext-tables-0.62.2.jar;C:\Users\WINDOWS 10\.m2\repository\com\vladsch\flexmark\flexmark-ext-toc\0.62.2\flexmark-ext-toc-0.62.2.jar;C:\Users\WINDOWS 10\.m2\repository\com\vladsch\flexmark\flexmark-ext-typographic\0.62.2\flexmark-ext-typographic-0.62.2.jar;C:\Users\WINDOWS 10\.m2\repository\com\vladsch\flexmark\flexmark-ext-wikilink\0.62.2\flexmark-ext-wikilink-0.62.2.jar;C:\Users\WINDOWS 10\.m2\repository\com\vladsch\flexmark\flexmark-ext-yaml-front-matter\0.62.2\flexmark-ext-yaml-front-matter-0.62.2.jar;C:\Users\WINDOWS 10\.m2\repository\com\vladsch\flexmark\flexmark-ext-youtube-embedded\0.62.2\flexmark-ext-youtube-embedded-0.62.2.jar;C:\Users\WINDOWS 10\.m2\repository\com\vladsch\flexmark\flexmark-html2md-converter\0.62.2\flexmark-html2md-converter-0.62.2.jar;C:\Users\WINDOWS 10\.m2\repository\com\vladsch\flexmark\flexmark-jira-converter\0.62.2\flexmark-jira-converter-0.62.2.jar;C:\Users\WINDOWS 10\.m2\repository\com\vladsch\flexmark\flexmark-pdf-converter\0.62.2\flexmark-pdf-converter-0.62.2.jar;C:\Users\WINDOWS 10\.m2\repository\com\openhtmltopdf\openhtmltopdf-core\1.0.0\openhtmltopdf-core-1.0.0.jar;C:\Users\WINDOWS 10\.m2\repository\com\openhtmltopdf\openhtmltopdf-pdfbox\1.0.0\openhtmltopdf-pdfbox-1.0.0.jar;C:\Users\WINDOWS 10\.m2\repository\org\apache\pdfbox\pdfbox\2.0.16\pdfbox-2.0.16.jar;C:\Users\WINDOWS 10\.m2\repository\org\apache\pdfbox\fontbox\2.0.16\fontbox-2.0.16.jar;C:\Users\WINDOWS 10\.m2\repository\org\apache\pdfbox\xmpbox\2.0.16\xmpbox-2.0.16.jar;C:\Users\WINDOWS 10\.m2\repository\de\rototor\pdfbox\graphics2d\0.24\graphics2d-0.24.jar;C:\Users\WINDOWS 10\.m2\repository\com\openhtmltopdf\openhtmltopdf-rtl-support\1.0.0\openhtmltopdf-rtl-support-1.0.0.jar;C:\Users\WINDOWS 10\.m2\repository\com\openhtmltopdf\openhtmltopdf-jsoup-dom-converter\1.0.0\openhtmltopdf-jsoup-dom-converter-1.0.0.jar;C:\Users\WINDOWS 10\.m2\repository\com\vladsch\flexmark\flexmark-profile-pegdown\0.62.2\flexmark-profile-pegdown-0.62.2.jar;C:\Users\WINDOWS 10\.m2\repository\com\vladsch\flexmark\flexmark-util-ast\0.62.2\flexmark-util-ast-0.62.2.jar;C:\Users\WINDOWS 10\.m2\repository\com\vladsch\flexmark\flexmark-util-builder\0.62.2\flexmark-util-builder-0.62.2.jar;C:\Users\WINDOWS 10\.m2\repository\com\vladsch\flexmark\flexmark-util-collection\0.62.2\flexmark-util-collection-0.62.2.jar;C:\Users\WINDOWS 10\.m2\repository\com\vladsch\flexmark\flexmark-util-data\0.62.2\flexmark-util-data-0.62.2.jar;C:\Users\WINDOWS 10\.m2\repository\com\vladsch\flexmark\flexmark-util-dependency\0.62.2\flexmark-util-dependency-0.62.2.jar;C:\Users\WINDOWS 10\.m2\repository\com\vladsch\flexmark\flexmark-util-format\0.62.2\flexmark-util-format-0.62.2.jar;C:\Users\WINDOWS 10\.m2\repository\com\vladsch\flexmark\flexmark-util-html\0.62.2\flexmark-util-html-0.62.2.jar;C:\Users\WINDOWS 10\.m2\repository\com\vladsch\flexmark\flexmark-util-misc\0.62.2\flexmark-util-misc-0.62.2.jar;C:\Users\WINDOWS 10\.m2\repository\com\vladsch\flexmark\flexmark-util-options\0.62.2\flexmark-util-options-0.62.2.jar;C:\Users\WINDOWS 10\.m2\repository\com\vladsch\flexmark\flexmark-util-sequence\0.62.2\flexmark-util-sequence-0.62.2.jar;C:\Users\WINDOWS 10\.m2\repository\com\vladsch\flexmark\flexmark-util-visitor\0.62.2\flexmark-util-visitor-0.62.2.jar;C:\Users\WINDOWS 10\.m2\repository\com\vladsch\flexmark\flexmark-youtrack-converter\0.62.2\flexmark-youtrack-converter-0.62.2.jar;C:\Users\WINDOWS 10\.m2\repository\com\ibm\icu\icu4j\72.1\icu4j-72.1.jar;C:\Users\WINDOWS 10\.m2\repository\es\nitaur\markdown\txtmark\0.16\txtmark-0.16.jar;C:\Users\WINDOWS 10\.m2\repository\net\serenity-bdd\serenity-report-resources\3.6.21\serenity-report-resources-3.6.21.jar;C:\Users\WINDOWS 10\.m2\repository\com\google\code\gson\gson\2.10.1\gson-2.10.1.jar;C:\Users\WINDOWS 10\.m2\repository\com\fasterxml\jackson\core\jackson-core\2.15.0-rc1\jackson-core-2.15.0-rc1.jar;C:\Users\WINDOWS 10\.m2\repository\com\fasterxml\jackson\core\jackson-databind\2.15.0-rc1\jackson-databind-2.15.0-rc1.jar;C:\Users\WINDOWS 10\.m2\repository\com\fasterxml\jackson\core\jackson-annotations\2.15.0-rc1\jackson-annotations-2.15.0-rc1.jar;C:\Users\WINDOWS 10\.m2\repository\commons-codec\commons-codec\1.15\commons-codec-1.15.jar;C:\Users\WINDOWS 10\.m2\repository\commons-io\commons-io\2.11.0\commons-io-2.11.0.jar;C:\Users\WINDOWS 10\.m2\repository\org\seleniumhq\selenium\selenium-java\4.8.1\selenium-java-4.8.1.jar;C:\Users\WINDOWS 10\.m2\repository\org\seleniumhq\selenium\selenium-devtools-v108\4.8.1\selenium-devtools-v108-4.8.1.jar;C:\Users\WINDOWS 10\.m2\repository\org\seleniumhq\selenium\selenium-devtools-v109\4.8.1\selenium-devtools-v109-4.8.1.jar;C:\Users\WINDOWS 10\.m2\repository\org\seleniumhq\selenium\selenium-devtools-v110\4.8.1\selenium-devtools-v110-4.8.1.jar;C:\Users\WINDOWS 10\.m2\repository\org\seleniumhq\selenium\selenium-devtools-v85\4.8.1\selenium-devtools-v85-4.8.1.jar;C:\Users\WINDOWS 10\.m2\repository\org\seleniumhq\selenium\selenium-remote-driver\4.8.1\selenium-remote-driver-4.8.1.jar;C:\Users\WINDOWS 10\.m2\repository\com\beust\jcommander\1.82\jcommander-1.82.jar;C:\Users\WINDOWS 10\.m2\repository\io\netty\netty-buffer\4.1.87.Final\netty-buffer-4.1.87.Final.jar;C:\Users\WINDOWS 10\.m2\repository\io\netty\netty-codec-http\4.1.87.Final\netty-codec-http-4.1.87.Final.jar;C:\Users\WINDOWS 10\.m2\repository\io\netty\netty-codec\4.1.87.Final\netty-codec-4.1.87.Final.jar;C:\Users\WINDOWS 10\.m2\repository\io\netty\netty-handler\4.1.87.Final\netty-handler-4.1.87.Final.jar;C:\Users\WINDOWS 10\.m2\repository\io\netty\netty-common\4.1.87.Final\netty-common-4.1.87.Final.jar;C:\Users\WINDOWS 10\.m2\repository\io\netty\netty-transport-classes-epoll\4.1.87.Final\netty-transport-classes-epoll-4.1.87.Final.jar;C:\Users\WINDOWS 10\.m2\repository\io\netty\netty-transport-classes-kqueue\4.1.87.Final\netty-transport-classes-kqueue-4.1.87.Final.jar;C:\Users\WINDOWS 10\.m2\repository\io\netty\netty-transport-native-epoll\4.1.87.Final\netty-transport-native-epoll-4.1.87.Final.jar;C:\Users\WINDOWS 10\.m2\repository\io\netty\netty-transport-native-kqueue\4.1.87.Final\netty-transport-native-kqueue-4.1.87.Final.jar;C:\Users\WINDOWS 10\.m2\repository\io\netty\netty-transport-native-unix-common\4.1.87.Final\netty-transport-native-unix-common-4.1.87.Final.jar;C:\Users\WINDOWS 10\.m2\repository\io\netty\netty-transport\4.1.87.Final\netty-transport-4.1.87.Final.jar;C:\Users\WINDOWS 10\.m2\repository\io\netty\netty-resolver\4.1.87.Final\netty-resolver-4.1.87.Final.jar;C:\Users\WINDOWS 10\.m2\repository\io\opentelemetry\opentelemetry-api\1.22.0\opentelemetry-api-1.22.0.jar;C:\Users\WINDOWS 10\.m2\repository\io\opentelemetry\opentelemetry-context\1.22.0\opentelemetry-context-1.22.0.jar;C:\Users\WINDOWS 10\.m2\repository\io\opentelemetry\opentelemetry-exporter-logging\1.22.0\opentelemetry-exporter-logging-1.22.0.jar;C:\Users\WINDOWS 10\.m2\repository\io\opentelemetry\opentelemetry-sdk-metrics\1.22.0\opentelemetry-sdk-metrics-1.22.0.jar;C:\Users\WINDOWS 10\.m2\repository\io\opentelemetry\opentelemetry-sdk-logs\1.22.0-alpha\opentelemetry-sdk-logs-1.22.0-alpha.jar;C:\Users\WINDOWS 10\.m2\repository\io\opentelemetry\opentelemetry-api-logs\1.22.0-alpha\opentelemetry-api-logs-1.22.0-alpha.jar;C:\Users\WINDOWS 10\.m2\repository\io\opentelemetry\opentelemetry-sdk-common\1.22.0\opentelemetry-sdk-common-1.22.0.jar;C:\Users\WINDOWS 10\.m2\repository\io\opentelemetry\opentelemetry-sdk-extension-autoconfigure-spi\1.22.0\opentelemetry-sdk-extension-autoconfigure-spi-1.22.0.jar;C:\Users\WINDOWS 10\.m2\repository\io\opentelemetry\opentelemetry-sdk-extension-autoconfigure\1.22.0-alpha\opentelemetry-sdk-extension-autoconfigure-1.22.0-alpha.jar;C:\Users\WINDOWS 10\.m2\repository\io\opentelemetry\opentelemetry-sdk-trace\1.22.0\opentelemetry-sdk-trace-1.22.0.jar;C:\Users\WINDOWS 10\.m2\repository\io\opentelemetry\opentelemetry-sdk\1.22.0\opentelemetry-sdk-1.22.0.jar;C:\Users\WINDOWS 10\.m2\repository\io\opentelemetry\opentelemetry-semconv\1.22.0-alpha\opentelemetry-semconv-1.22.0-alpha.jar;C:\Users\WINDOWS 10\.m2\repository\io\ous\jtoml\2.0.0\jtoml-2.0.0.jar;C:\Users\WINDOWS 10\.m2\repository\org\apache\commons\commons-exec\1.3\commons-exec-1.3.jar;C:\Users\WINDOWS 10\.m2\repository\org\asynchttpclient\async-http-client\2.12.3\async-http-client-2.12.3.jar;C:\Users\WINDOWS 10\.m2\repository\org\asynchttpclient\async-http-client-netty-utils\2.12.3\async-http-client-netty-utils-2.12.3.jar;C:\Users\WINDOWS 10\.m2\repository\io\netty\netty-codec-socks\4.1.60.Final\netty-codec-socks-4.1.60.Final.jar;C:\Users\WINDOWS 10\.m2\repository\io\netty\netty-handler-proxy\4.1.60.Final\netty-handler-proxy-4.1.60.Final.jar;C:\Users\WINDOWS 10\.m2\repository\io\netty\netty-transport-native-epoll\4.1.60.Final\netty-transport-native-epoll-4.1.60.Final-linux-x86_64.jar;C:\Users\WINDOWS 10\.m2\repository\io\netty\netty-transport-native-kqueue\4.1.60.Final\netty-transport-native-kqueue-4.1.60.Final-osx-x86_64.jar;C:\Users\WINDOWS 10\.m2\repository\org\reactivestreams\reactive-streams\1.0.3\reactive-streams-1.0.3.jar;C:\Users\WINDOWS 10\.m2\repository\com\typesafe\netty\netty-reactive-streams\2.0.4\netty-reactive-streams-2.0.4.jar;C:\Users\WINDOWS 10\.m2\repository\org\seleniumhq\selenium\selenium-manager\4.8.1\selenium-manager-4.8.1.jar;C:\Users\WINDOWS 10\.m2\repository\org\seleniumhq\selenium\selenium-safari-driver\4.8.1\selenium-safari-driver-4.8.1.jar;C:\Users\WINDOWS 10\.m2\repository\org\seleniumhq\selenium\selenium-api\4.8.1\selenium-api-4.8.1.jar;C:\Users\WINDOWS 10\.m2\repository\org\seleniumhq\selenium\selenium-support\4.8.1\selenium-support-4.8.1.jar;C:\Users\WINDOWS 10\.m2\repository\com\google\auto\service\auto-service-annotations\1.0.1\auto-service-annotations-1.0.1.jar;C:\Users\WINDOWS 10\.m2\repository\com\google\auto\service\auto-service\1.0.1\auto-service-1.0.1.jar;C:\Users\WINDOWS 10\.m2\repository\com\google\auto\auto-common\1.2\auto-common-1.2.jar;C:\Users\WINDOWS 10\.m2\repository\org\seleniumhq\selenium\selenium-json\4.8.1\selenium-json-4.8.1.jar;C:\Users\WINDOWS 10\.m2\repository\org\seleniumhq\selenium\selenium-chrome-driver\4.8.1\selenium-chrome-driver-4.8.1.jar;C:\Users\WINDOWS 10\.m2\repository\org\seleniumhq\selenium\selenium-chromium-driver\4.8.1\selenium-chromium-driver-4.8.1.jar;C:\Users\WINDOWS 10\.m2\repository\org\seleniumhq\selenium\selenium-firefox-driver\4.8.1\selenium-firefox-driver-4.8.1.jar;C:\Users\WINDOWS 10\.m2\repository\org\seleniumhq\selenium\selenium-http\4.8.1\selenium-http-4.8.1.jar;C:\Users\WINDOWS 10\.m2\repository\dev\failsafe\failsafe\3.3.0\failsafe-3.3.0.jar;C:\Users\WINDOWS 10\.m2\repository\org\seleniumhq\selenium\selenium-edge-driver\4.8.1\selenium-edge-driver-4.8.1.jar;C:\Users\WINDOWS 10\.m2\repository\org\seleniumhq\selenium\selenium-ie-driver\4.8.1\selenium-ie-driver-4.8.1.jar;C:\Users\WINDOWS 10\.m2\repository\org\projectlombok\lombok\1.18.20\lombok-1.18.20.jar;C:\Users\WINDOWS 10\.m2\repository\io\appium\java-client\8.3.0\java-client-8.3.0.jar;C:\Users\WINDOWS 10\.m2\repository\commons-validator\commons-validator\1.7\commons-validator-1.7.jar;C:\Users\WINDOWS 10\.m2\repository\commons-digester\commons-digester\2.1\commons-digester-2.1.jar;C:\Users\WINDOWS 10\.m2\repository\net\sf\opencsv\opencsv\2.0\opencsv-2.0.jar;C:\Users\WINDOWS 10\.m2\repository\commons-beanutils\commons-beanutils\1.9.4\commons-beanutils-1.9.4.jar;C:\Users\WINDOWS 10\.m2\repository\org\apache\commons\commons-lang3\3.12.0\commons-lang3-3.12.0.jar;C:\Users\WINDOWS 10\.m2\repository\commons-collections\commons-collections\3.2.2\commons-collections-3.2.2.jar;C:\Users\WINDOWS 10\.m2\repository\org\fluentlenium\fluentlenium-core\0.10.2\fluentlenium-core-0.10.2.jar;C:\Users\WINDOWS 10\.m2\repository\io\github\bonigarcia\webdrivermanager\5.3.0\webdrivermanager-5.3.0.jar;C:\Users\WINDOWS 10\.m2\repository\com\github\docker-java\docker-java\3.2.13\docker-java-3.2.13.jar;C:\Users\WINDOWS 10\.m2\repository\com\github\docker-java\docker-java-core\3.2.13\docker-java-core-3.2.13.jar;C:\Users\WINDOWS 10\.m2\repository\com\github\docker-java\docker-java-api\3.2.13\docker-java-api-3.2.13.jar;C:\Users\WINDOWS 10\.m2\repository\org\apache\commons\commons-compress\1.21\commons-compress-1.21.jar;C:\Users\WINDOWS 10\.m2\repository\org\bouncycastle\bcpkix-jdk15on\1.64\bcpkix-jdk15on-1.64.jar;C:\Users\WINDOWS 10\.m2\repository\org\bouncycastle\bcprov-jdk15on\1.64\bcprov-jdk15on-1.64.jar;C:\Users\WINDOWS 10\.m2\repository\org\slf4j\jcl-over-slf4j\1.7.30\jcl-over-slf4j-1.7.30.jar;C:\Users\WINDOWS 10\.m2\repository\com\github\docker-java\docker-java-transport-httpclient5\3.2.13\docker-java-transport-httpclient5-3.2.13.jar;C:\Users\WINDOWS 10\.m2\repository\com\github\docker-java\docker-java-transport\3.2.13\docker-java-transport-3.2.13.jar;C:\Users\WINDOWS 10\.m2\repository\net\java\dev\jna\jna\5.8.0\jna-5.8.0.jar;C:\Users\WINDOWS 10\.m2\repository\org\brotli\dec\0.1.2\dec-0.1.2.jar;C:\Users\WINDOWS 10\.m2\repository\org\apache\httpcomponents\client5\httpclient5\5.1.3\httpclient5-5.1.3.jar;C:\Users\WINDOWS 10\.m2\repository\org\apache\httpcomponents\core5\httpcore5\5.1.3\httpcore5-5.1.3.jar;C:\Users\WINDOWS 10\.m2\repository\org\apache\httpcomponents\core5\httpcore5-h2\5.1.3\httpcore5-h2-5.1.3.jar;C:\Users\WINDOWS 10\.m2\repository\com\jhlabs\filters\2.0.235\filters-2.0.235.jar;C:\Users\WINDOWS 10\.m2\repository\com\paulhammant\ngwebdriver\1.1.6\ngwebdriver-1.1.6.jar;C:\Users\WINDOWS 10\.m2\repository\joda-time\joda-time\2.12.2\joda-time-2.12.2.jar;C:\Users\WINDOWS 10\.m2\repository\org\hamcrest\hamcrest\2.2\hamcrest-2.2.jar;C:\Users\WINDOWS 10\.m2\repository\com\google\jimfs\jimfs\1.2\jimfs-1.2.jar;C:\Users\WINDOWS 10\.m2\repository\org\mockito\mockito-core\3.3.3\mockito-core-3.3.3.jar;C:\Users\WINDOWS 10\.m2\repository\javax\xml\bind\jaxb-api\2.3.1\jaxb-api-2.3.1.jar;C:\Users\WINDOWS 10\.m2\repository\javax\activation\javax.activation-api\1.2.0\javax.activation-api-1.2.0.jar;C:\Users\WINDOWS 10\.m2\repository\com\sun\xml\bind\jaxb-core\2.3.0.1\jaxb-core-2.3.0.1.jar;C:\Users\WINDOWS 10\.m2\repository\com\sun\xml\bind\jaxb-impl\2.3.3\jaxb-impl-2.3.3.jar;C:\Users\WINDOWS 10\.m2\repository\jakarta\xml\bind\jakarta.xml.bind-api\2.3.3\jakarta.xml.bind-api-2.3.3.jar;C:\Users\WINDOWS 10\.m2\repository\com\sun\activation\jakarta.activation\1.2.2\jakarta.activation-1.2.2.jar;C:\Users\WINDOWS 10\.m2\repository\javax\activation\activation\1.1.1\activation-1.1.1.jar;C:\Users\WINDOWS 10\.m2\repository\net\serenity-bdd\serenity-cucumber\3.6.21\serenity-cucumber-3.6.21.jar;C:\Users\WINDOWS 10\.m2\repository\io\cucumber\cucumber-core\7.11.0\cucumber-core-7.11.0.jar;C:\Users\WINDOWS 10\.m2\repository\io\cucumber\cucumber-gherkin\7.11.0\cucumber-gherkin-7.11.0.jar;C:\Users\WINDOWS 10\.m2\repository\io\cucumber\cucumber-gherkin-messages\7.11.0\cucumber-gherkin-messages-7.11.0.jar;C:\Users\WINDOWS 10\.m2\repository\io\cucumber\gherkin\26.0.3\gherkin-26.0.3.jar;C:\Users\WINDOWS 10\.m2\repository\io\cucumber\messages\21.0.1\messages-21.0.1.jar;C:\Users\WINDOWS 10\.m2\repository\io\cucumber\tag-expressions\5.0.1\tag-expressions-5.0.1.jar;C:\Users\WINDOWS 10\.m2\repository\io\cucumber\cucumber-expressions\16.1.1\cucumber-expressions-16.1.1.jar;C:\Users\WINDOWS 10\.m2\repository\io\cucumber\datatable\7.11.0\datatable-7.11.0.jar;C:\Users\WINDOWS 10\.m2\repository\io\cucumber\cucumber-plugin\7.11.0\cucumber-plugin-7.11.0.jar;C:\Users\WINDOWS 10\.m2\repository\io\cucumber\docstring\7.11.0\docstring-7.11.0.jar;C:\Users\WINDOWS 10\.m2\repository\io\cucumber\html-formatter\20.2.1\html-formatter-20.2.1.jar;C:\Users\WINDOWS 10\.m2\repository\io\cucumber\junit-xml-formatter\0.1.0\junit-xml-formatter-0.1.0.jar;C:\Users\WINDOWS 10\.m2\repository\io\cucumber\ci-environment\9.1.0\ci-environment-9.1.0.jar;C:\Users\WINDOWS 10\.m2\repository\io\cucumber\cucumber-java\7.11.0\cucumber-java-7.11.0.jar;C:\Users\WINDOWS 10\.m2\repository\io\cucumber\cucumber-junit\7.11.0\cucumber-junit-7.11.0.jar;C:\Users\WINDOWS 10\.m2\repository\org\apache\commons\commons-csv\1.5\commons-csv-1.5.jar;C:\Users\WINDOWS 10\.m2\repository\net\serenity-bdd\serenity-screenplay\3.6.21\serenity-screenplay-3.6.21.jar;C:\Users\WINDOWS 10\.m2\repository\net\serenity-bdd\serenity-screenplay-webdriver\3.6.21\serenity-screenplay-webdriver-3.6.21.jar;C:\Users\WINDOWS 10\.m2\repository\net\serenity-bdd\serenity-ensure\3.6.21\serenity-ensure-3.6.21.jar;C:\Users\WINDOWS 10\.m2\repository\net\serenity-bdd\serenity-junit\3.6.21\serenity-junit-3.6.21.jar;C:\Users\WINDOWS 10\.m2\repository\org\jetbrains\kotlin\kotlin-stdlib\1.8.10\kotlin-stdlib-1.8.10.jar;C:\Users\WINDOWS 10\.m2\repository\org\jetbrains\kotlin\kotlin-stdlib-common\1.8.10\kotlin-stdlib-common-1.8.10.jar;C:\Users\WINDOWS 10\.m2\repository\org\jetbrains\annotations\13.0\annotations-13.0.jar;C:\Users\WINDOWS 10\.m2\repository\org\junit\platform\junit-platform-launcher\1.8.2\junit-platform-launcher-1.8.2.jar;C:\Users\WINDOWS 10\.m2\repository\org\junit\platform\junit-platform-engine\1.8.2\junit-platform-engine-1.8.2.jar;C:\Users\WINDOWS 10\.m2\repository\org\junit\platform\junit-platform-commons\1.8.2\junit-platform-commons-1.8.2.jar;C:\Users\WINDOWS 10\.m2\repository\org\apiguardian\apiguardian-api\1.1.2\apiguardian-api-1.1.2.jar;C:\Users\WINDOWS 10\.m2\repository\org\junit\jupiter\junit-jupiter-engine\5.8.2\junit-jupiter-engine-5.8.2.jar;C:\Users\WINDOWS 10\.m2\repository\org\junit\jupiter\junit-jupiter-api\5.8.2\junit-jupiter-api-5.8.2.jar;C:\Users\WINDOWS 10\.m2\repository\org\junit\vintage\junit-vintage-engine\5.8.2\junit-vintage-engine-5.8.2.jar;C:\Users\WINDOWS 10\.m2\repository\junit\junit\4.13.2\junit-4.13.2.jar;C:\Users\WINDOWS 10\.m2\repository\org\hamcrest\hamcrest-core\1.3\hamcrest-core-1.3.jar;C:\Users\WINDOWS 10\.m2\repository\ch\qos\logback\logback-classic\1.2.10\logback-classic-1.2.10.jar;C:\Users\WINDOWS 10\.m2\repository\ch\qos\logback\logback-core\1.2.10\logback-core-1.2.10.jar;C:\Users\WINDOWS 10\.m2\repository\org\slf4j\slf4j-api\1.7.32\slf4j-api-1.7.32.jar;C:\Users\WINDOWS 10\.m2\repository\org\assertj\assertj-core\3.23.1\assertj-core-3.23.1.jar;C:\Users\WINDOWS 10\.m2\repository\net\bytebuddy\byte-buddy\1.12.10\byte-buddy-1.12.10.jar;C:\Users\WINDOWS 10\.m2\repository\com\googlecode\json-simple\json-simple\1.1.1\json-simple-1.1.1.jar;C:\Users\WINDOWS 10\.m2\repository\org\apache\maven\surefire\surefire-junit-platform\3.0.0-M5\surefire-junit-platform-3.0.0-M5.jar;C:\Users\WINDOWS 10\.m2\repository\org\apache\maven\surefire\common-java5\3.0.0-M5\common-java5-3.0.0-M5.jar"/>
    <property name="user.script" value=""/>
    <property name="java.protocol.handler.pkgs" value="com.google.common"/>
    <property name="sun.management.compiler" value="HotSpot 64-Bit Tiered Compilers"/>
    <property name="java.runtime.version" value="15+36-1562"/>
    <property name="user.name" value="WINDOWS 10"/>
    <property name="path.separator" value=";"/>
    <property name="os.version" value="10.0"/>
    <property name="java.runtime.name" value="Java(TM) SE Runtime Environment"/>
    <property name="file.encoding" value="Cp1252"/>
    <property name="webdriver.base.url" value=""/>
    <property name="java.vm.name" value="Java HotSpot(TM) 64-Bit Server VM"/>
    <property name="localRepository" value="C:\Users\WINDOWS 10\.m2\repository"/>
    <property name="java.vendor.url.bug" value="https://bugreport.java.com/bugreport/"/>
    <property name="java.io.tmpdir" value="C:\Users\WINDOW~1\AppData\Local\Temp\"/>
    <property name="java.version" value="15"/>
    <property name="user.dir" value="C:\Users\WINDOWS 10\Documents\GitHub\MiniProject_QE\Web\code\minpro"/>
    <property name="os.arch" value="amd64"/>
    <property name="java.vm.specification.name" value="Java Virtual Machine Specification"/>
    <property name="sun.os.patch.level" value=""/>
    <property name="java.library.path" value="C:\Program Files\Java\jdk-15\bin;C:\WINDOWS\Sun\Java\bin;C:\WINDOWS\system32;C:\WINDOWS;C:\Program Files\Common Files\Oracle\Java\javapath;C:\Program Files (x86)\Common Files\Oracle\Java\javapath;C:\WINDOWS\system32;C:\WINDOWS;C:\WINDOWS\System32\Wbem;C:\WINDOWS\System32\WindowsPowerShell\v1.0\;C:\WINDOWS\System32\OpenSSH\;F:\PerCoolyeahan\Instalasi\XAMPP\php;C:\Program Files\Git\cmd;C:\ProgramData\ComposerSetup\bin;C:\Program Files\nodejs\;C:\PROGRA~1\IBM\SQLLIB~1\BIN;C:\PROGRA~1\IBM\SQLLIB~1\FUNCTION;C:\PROGRA~1\IBM\SQLLIB~1\SAMPLES\REPL;C:\Program Files\Cloudflare\Cloudflare WARP\;C:\Program Files\apache-maven-3.9.1\bin;C:\Users\WINDOWS 10\AppData\Local\Android\Sdk\tools;C:\Users\WINDOWS 10\AppData\Local\Android\Sdk\tools\bin;C:\Users\WINDOWS 10\AppData\Local\Android\Sdk\platform\tools;C:\Program Files\Gradle\gradle-8.1\bin;C:\Program Files\MySQL\MySQL Shell 8.0\bin\;C:\Users\WINDOWS 10\AppData\Local\Microsoft\WindowsApps;C:\Users\WINDOWS 10\AppData\Local\Programs\Microsoft VS Code\bin;C:\Users\WINDOWS 10\AppData\Roaming\Composer\vendor\bin;C:\Users\WINDOWS 10\AppData\Roaming\npm;C:\Users\WINDOWS 10\AppData\Local\GitHubDesktop\bin;C:\Users\WINDOWS 10\AppData\Local\spicetify;C:\Users\WINDOWS 10\AppData\Local\Android\Sdk\tools;C:\Users\WINDOWS 10\AppData\Local\Android\Sdk\tools\bin;C:\Users\WINDOWS 10\AppData\Local\Android\Sdk\platform-tools;C:\Program Files\Gradle\gradle-8.1\bin;;."/>
    <property name="java.vm.info" value="mixed mode"/>
    <property name="java.vendor" value="Oracle Corporation"/>
    <property name="java.vm.version" value="15+36-1562"/>
    <property name="sun.io.unicode.encoding" value="UnicodeLittle"/>
    <property name="java.class.version" value="59.0"/>
  </properties>
  <testcase name="Register with valid data" classname="Register to Alta-shop Account" time="7.483">
    <system-out><![CDATA[20:19:11.199 [main] DEBUG net.thucydides.core.guice.Injectors - Created injector for module net.thucydides.core.guice.ThucydidesModule
20:19:11.490 [main] DEBUG io.cucumber.core.plugin.SerenityReporter - Running feature from file:///C:/Users/WINDOWS%2010/Documents/GitHub/MiniProject_QE/Web/code/minpro/src/test/resources/features/1.%20Register.feature
20:19:11.625 [main] DEBUG net.thucydides.core.guice.Injectors - Created injector for module net.thucydides.core.guice.webdriver.WebDriverModule
20:19:11.637 [main] INFO  - 

-------------------------------------------------------------------------------------
     _______. _______ .______       _______ .__   __.  __  .___________.____    ____ 
    /       ||   ____||   _  \     |   ____||  \ |  | |  | |           |\   \  /   / 
   |   (----`|  |__   |  |_)  |    |  |__   |   \|  | |  | `---|  |----` \   \/   /  
    \   \    |   __|  |      /     |   __|  |  . `  | |  |     |  |       \_    _/   
.----)   |   |  |____ |  |\  \----.|  |____ |  |\   | |  |     |  |         |  |     
|_______/    |_______|| _| `._____||_______||__| \__| |__|     |__|         |__|    
                                                                                     
 News and tutorials at http://www.serenity-bdd.info                                  
 Documentation at https://wakaleo.gitbooks.io/the-serenity-book/content/             
 Join the Serenity Community on Gitter: https://gitter.im/serenity-bdd/serenity-core 
 Serenity BDD Support and Training at http://serenity-bdd.info/#/trainingandsupport  
-------------------------------------------------------------------------------------

20:19:11.639 [main] DEBUG net.thucydides.core.steps.StepEventBus - Test suite started for story net.thucydides.core.model.Story@529b74ce
20:19:11.641 [main] INFO  - Test Suite Started: Register to Alta-shop Account
20:19:11.651 [main] DEBUG io.cucumber.core.plugin.SerenityReporter - Running feature from file:///C:/Users/WINDOWS%2010/Documents/GitHub/MiniProject_QE/Web/code/minpro/src/test/resources/features/2.%20Login.feature
20:19:11.656 [main] DEBUG net.thucydides.core.steps.StepEventBus - Test suite started for story net.thucydides.core.model.Story@dffa83ad
20:19:11.657 [main] INFO  - Test Suite Started: Login to Alta-shop Account
20:19:11.657 [main] DEBUG io.cucumber.core.plugin.SerenityReporter - Running feature from file:///C:/Users/WINDOWS%2010/Documents/GitHub/MiniProject_QE/Web/code/minpro/src/test/resources/features/3.%20Product.feature
20:19:11.662 [main] DEBUG net.thucydides.core.steps.StepEventBus - Test suite started for story net.thucydides.core.model.Story@8d346be0
20:19:11.664 [main] INFO  - Test Suite Started: Product
20:19:11.664 [main] DEBUG io.cucumber.core.plugin.SerenityReporter - Running feature from file:///C:/Users/WINDOWS%2010/Documents/GitHub/MiniProject_QE/Web/code/minpro/src/test/resources/features/4.%20Category.feature
20:19:11.669 [main] DEBUG net.thucydides.core.steps.StepEventBus - Test suite started for story net.thucydides.core.model.Story@45bcdf51
20:19:11.669 [main] INFO  - Test Suite Started: Category
20:19:11.669 [main] DEBUG io.cucumber.core.plugin.SerenityReporter - Running feature from file:///C:/Users/WINDOWS%2010/Documents/GitHub/MiniProject_QE/Web/code/minpro/src/test/resources/features/5.%20Transaction.feature
20:19:11.672 [main] DEBUG net.thucydides.core.steps.StepEventBus - Test suite started for story net.thucydides.core.model.Story@9c152c7e
20:19:11.673 [main] INFO  - Test Suite Started: Transaction
20:19:11.673 [main] DEBUG io.cucumber.core.plugin.SerenityReporter - Running feature from file:///C:/Users/WINDOWS%2010/Documents/GitHub/MiniProject_QE/Web/code/minpro/src/test/resources/features/6.%20Logout.feature
20:19:11.677 [main] DEBUG net.thucydides.core.steps.StepEventBus - Test suite started for story net.thucydides.core.model.Story@17228dd2
20:19:11.678 [main] INFO  - Test Suite Started: Logout from Alta-shop Account
20:19:11.679 [main] DEBUG io.cucumber.core.plugin.SerenityReporter - Running feature from file:///C:/Users/WINDOWS%2010/Documents/GitHub/MiniProject_QE/Web/code/minpro/src/test/resources/features/1.%20Register.feature
20:19:11.681 [main] DEBUG net.thucydides.core.steps.StepEventBus - Test suite started for story net.thucydides.core.model.Story@529b74ce
20:19:11.682 [main] INFO  - Test Suite Started: Register to Alta-shop Account

Scenario: Register with valid data          &amp#27;[90m# src/test/resources/features/1. Register.feature:7&amp#27;[0m
20:19:11.767 [main] DEBUG io.cucumber.core.plugin.SerenityReporter - Running feature from file:///C:/Users/WINDOWS%2010/Documents/GitHub/MiniProject_QE/Web/code/minpro/src/test/resources/features/1.%20Register.feature
20:19:11.890 [main] INFO  - 
  _____   ___   ___   _____     ___   _____     _     ___   _____   ___   ___  
 |_   _| | __| / __| |_   _|   / __| |_   _|   /_\   | _ \ |_   _| | __| |   \ 
   | |   | _|  \__ \   | |     \__ \   | |    / _ \  |   /   | |   | _|  | |) |
   |_|   |___| |___/   |_|     |___/   |_|   /_/ \_\ |_|_\   |_|   |___| |___/ 

Register with valid data(register-to-alta-shop-account;register-with-valid-data)
--------------------------------------------------------------------------------
20:19:11.948 [main] DEBUG net.thucydides.core.requirements.model.cucumber.CucumberParser - Loading feature C:\Users\WINDOWS 10\Documents\GitHub\MiniProject_QE\Web\code\minpro\src\test\resources\features\1. Register.feature
20:19:11.965 [main] DEBUG net.thucydides.core.requirements.model.cucumber.CucumberParser - Loading feature C:\Users\WINDOWS 10\Documents\GitHub\MiniProject_QE\Web\code\minpro\src\test\resources\features\2. Login.feature
20:19:11.970 [main] DEBUG net.thucydides.core.requirements.model.cucumber.CucumberParser - Loading feature C:\Users\WINDOWS 10\Documents\GitHub\MiniProject_QE\Web\code\minpro\src\test\resources\features\3. Product.feature
20:19:11.974 [main] DEBUG net.thucydides.core.requirements.model.cucumber.CucumberParser - Loading feature C:\Users\WINDOWS 10\Documents\GitHub\MiniProject_QE\Web\code\minpro\src\test\resources\features\4. Category.feature
20:19:11.978 [main] DEBUG net.thucydides.core.requirements.model.cucumber.CucumberParser - Loading feature C:\Users\WINDOWS 10\Documents\GitHub\MiniProject_QE\Web\code\minpro\src\test\resources\features\5. Transaction.feature
20:19:11.983 [main] DEBUG net.thucydides.core.requirements.model.cucumber.CucumberParser - Loading feature C:\Users\WINDOWS 10\Documents\GitHub\MiniProject_QE\Web\code\minpro\src\test\resources\features\6. Logout.feature
20:19:12.712 [main] DEBUG net.thucydides.core.steps.StepInterceptor - STARTING STEP: LoginSteps.onTheLoginPage - openPage
20:19:12.805 [main] INFO net.serenitybdd.core.webdriver.driverproviders.ChromeDriverProvider - Starting Chrome driver instance with capabilities:
20:19:12.808 [main] INFO net.serenitybdd.core.webdriver.driverproviders.ChromeDriverProvider - Capabilities {acceptInsecureCerts: false, browserName: chrome, goog:chromeOptions: {args: [remote-allow-origins=*], extensions: []}}
20:19:12.899 [main] DEBUG io.netty.util.internal.logging.InternalLoggerFactory - Using SLF4J as the default logging framework
20:19:12.902 [main] DEBUG io.netty.util.ResourceLeakDetector - -Dio.netty.leakDetection.level: simple
20:19:12.902 [main] DEBUG io.netty.util.ResourceLeakDetector - -Dio.netty.leakDetection.targetRecords: 4
20:19:12.906 [main] DEBUG io.netty.util.ResourceLeakDetectorFactory - Loaded default ResourceLeakDetector: io.netty.util.ResourceLeakDetector@ceb7701
20:19:12.922 [main] DEBUG io.netty.util.internal.PlatformDependent0 - -Dio.netty.noUnsafe: false
20:19:12.922 [main] DEBUG io.netty.util.internal.PlatformDependent0 - Java version: 15
20:19:12.923 [main] DEBUG io.netty.util.internal.PlatformDependent0 - sun.misc.Unsafe.theUnsafe: available
20:19:12.924 [main] DEBUG io.netty.util.internal.PlatformDependent0 - sun.misc.Unsafe.copyMemory: available
20:19:12.924 [main] DEBUG io.netty.util.internal.PlatformDependent0 - sun.misc.Unsafe.storeFence: available
20:19:12.925 [main] DEBUG io.netty.util.internal.PlatformDependent0 - java.nio.Buffer.address: available
20:19:12.925 [main] DEBUG io.netty.util.internal.PlatformDependent0 - direct buffer constructor: unavailable: Reflective setAccessible(true) disabled
20:19:12.926 [main] DEBUG io.netty.util.internal.PlatformDependent0 - java.nio.Bits.unaligned: available, true
20:19:12.927 [main] DEBUG io.netty.util.internal.PlatformDependent0 - jdk.internal.misc.Unsafe.allocateUninitializedArray(int): unavailable: class io.netty.util.internal.PlatformDependent0$7 cannot access class jdk.internal.misc.Unsafe (in module java.base) because module java.base does not export jdk.internal.misc to unnamed module @49a64d82
20:19:12.928 [main] DEBUG io.netty.util.internal.PlatformDependent0 - java.nio.DirectByteBuffer.<init>(long, int): unavailable
20:19:12.928 [main] DEBUG io.netty.util.internal.PlatformDependent - sun.misc.Unsafe: available
20:19:12.929 [main] DEBUG io.netty.util.internal.PlatformDependent - maxDirectMemory: 4133486592 bytes (maybe)
20:19:12.929 [main] DEBUG io.netty.util.internal.PlatformDependent - -Dio.netty.tmpdir: C:\Users\WINDOW~1\AppData\Local\Temp (java.io.tmpdir)
20:19:12.929 [main] DEBUG io.netty.util.internal.PlatformDependent - -Dio.netty.bitMode: 64 (sun.arch.data.model)
20:19:12.930 [main] DEBUG io.netty.util.internal.PlatformDependent - Platform: Windows
20:19:12.931 [main] DEBUG io.netty.util.internal.PlatformDependent - -Dio.netty.maxDirectMemory: -1 bytes
20:19:12.931 [main] DEBUG io.netty.util.internal.PlatformDependent - -Dio.netty.uninitializedArrayAllocationThreshold: -1
20:19:12.932 [main] DEBUG io.netty.util.internal.CleanerJava9 - java.nio.ByteBuffer.cleaner(): available
20:19:12.932 [main] DEBUG io.netty.util.internal.PlatformDependent - -Dio.netty.noPreferDirect: false
20:19:12.943 [main] DEBUG io.netty.util.internal.PlatformDependent - org.jctools-core.MpscChunkedArrayQueue: available
20:19:12.964 [main] DEBUG io.netty.util.internal.InternalThreadLocalMap - -Dio.netty.threadLocalMap.stringBuilder.initialSize: 1024
20:19:12.964 [main] DEBUG io.netty.util.internal.InternalThreadLocalMap - -Dio.netty.threadLocalMap.stringBuilder.maxSize: 4096
20:19:13.105 [main] DEBUG io.netty.handler.ssl.JdkSslContext - Default protocols (JDK): [TLSv1.3, TLSv1.2, TLSv1.1, TLSv1] 
20:19:13.105 [main] DEBUG io.netty.handler.ssl.JdkSslContext - Default cipher suites (JDK): [TLS_ECDHE_ECDSA_WITH_AES_256_GCM_SHA384, TLS_ECDHE_ECDSA_WITH_AES_128_GCM_SHA256, TLS_ECDHE_RSA_WITH_AES_128_GCM_SHA256, TLS_ECDHE_RSA_WITH_AES_256_GCM_SHA384, TLS_ECDHE_RSA_WITH_AES_128_CBC_SHA, TLS_ECDHE_RSA_WITH_AES_256_CBC_SHA, TLS_RSA_WITH_AES_128_GCM_SHA256, TLS_RSA_WITH_AES_128_CBC_SHA, TLS_RSA_WITH_AES_256_CBC_SHA, TLS_AES_128_GCM_SHA256, TLS_AES_256_GCM_SHA384]
20:19:13.128 [main] DEBUG io.netty.channel.MultithreadEventLoopGroup - -Dio.netty.eventLoopThreads: 32
20:19:13.136 [main] DEBUG io.netty.channel.nio.NioEventLoop - -Dio.netty.noKeySetOptimization: false
20:19:13.136 [main] DEBUG io.netty.channel.nio.NioEventLoop - -Dio.netty.selectorAutoRebuildThreshold: 512
20:19:13.189 [main] DEBUG io.netty.buffer.PooledByteBufAllocator - -Dio.netty.allocator.numHeapArenas: 32
20:19:13.189 [main] DEBUG io.netty.buffer.PooledByteBufAllocator - -Dio.netty.allocator.numDirectArenas: 32
20:19:13.189 [main] DEBUG io.netty.buffer.PooledByteBufAllocator - -Dio.netty.allocator.pageSize: 8192
20:19:13.189 [main] DEBUG io.netty.buffer.PooledByteBufAllocator - -Dio.netty.allocator.maxOrder: 9
20:19:13.189 [main] DEBUG io.netty.buffer.PooledByteBufAllocator - -Dio.netty.allocator.chunkSize: 4194304
20:19:13.189 [main] DEBUG io.netty.buffer.PooledByteBufAllocator - -Dio.netty.allocator.smallCacheSize: 256
20:19:13.189 [main] DEBUG io.netty.buffer.PooledByteBufAllocator - -Dio.netty.allocator.normalCacheSize: 64
20:19:13.189 [main] DEBUG io.netty.buffer.PooledByteBufAllocator - -Dio.netty.allocator.maxCachedBufferCapacity: 32768
20:19:13.189 [main] DEBUG io.netty.buffer.PooledByteBufAllocator - -Dio.netty.allocator.cacheTrimInterval: 8192
20:19:13.189 [main] DEBUG io.netty.buffer.PooledByteBufAllocator - -Dio.netty.allocator.cacheTrimIntervalMillis: 0
20:19:13.189 [main] DEBUG io.netty.buffer.PooledByteBufAllocator - -Dio.netty.allocator.useCacheForAllThreads: false
20:19:13.189 [main] DEBUG io.netty.buffer.PooledByteBufAllocator - -Dio.netty.allocator.maxCachedByteBuffersPerChunk: 1023
20:19:13.202 [main] DEBUG io.netty.buffer.ByteBufUtil - -Dio.netty.allocator.type: pooled
20:19:13.202 [main] DEBUG io.netty.buffer.ByteBufUtil - -Dio.netty.threadLocalDirectBufferSize: 0
20:19:13.202 [main] DEBUG io.netty.buffer.ByteBufUtil - -Dio.netty.maxThreadLocalCharBufferSize: 16384
20:19:13.427 [Forwarding newSession on session null to remote] DEBUG io.netty.channel.DefaultChannelId - -Dio.netty.processId: 20272 (auto-detected)
20:19:13.429 [Forwarding newSession on session null to remote] DEBUG io.netty.util.NetUtil - -Djava.net.preferIPv4Stack: false
20:19:13.429 [Forwarding newSession on session null to remote] DEBUG io.netty.util.NetUtil - -Djava.net.preferIPv6Addresses: false
20:19:13.451 [Forwarding newSession on session null to remote] DEBUG io.netty.util.NetUtilInitializations - Loopback interface: lo (Software Loopback Interface 1, 127.0.0.1)
20:19:13.452 [Forwarding newSession on session null to remote] DEBUG io.netty.util.NetUtil - Failed to get SOMAXCONN from sysctl and file \proc\sys\net\core\somaxconn. Default: 200
20:19:13.504 [Forwarding newSession on session null to remote] DEBUG io.netty.channel.DefaultChannelId - -Dio.netty.machineId: 34:cf:f6:ff:fe:2b:0c:19 (auto-detected)
20:19:13.539 [AsyncHttpClient-1-2] DEBUG io.netty.buffer.AbstractByteBuf - -Dio.netty.buffer.checkAccessible: true
20:19:13.539 [AsyncHttpClient-1-2] DEBUG io.netty.buffer.AbstractByteBuf - -Dio.netty.buffer.checkBounds: true
20:19:13.539 [AsyncHttpClient-1-2] DEBUG io.netty.util.ResourceLeakDetectorFactory - Loaded default ResourceLeakDetector: io.netty.util.ResourceLeakDetector@7261e399
20:19:13.550 [AsyncHttpClient-1-2] DEBUG org.asynchttpclient.netty.channel.NettyConnectListener - Using new Channel '[id: 0x396ea6c7, L:/127.0.0.1:54997 - R:localhost/127.0.0.1:12496]' for 'POST' to '/session'
20:19:13.564 [AsyncHttpClient-1-2] DEBUG io.netty.util.Recycler - -Dio.netty.recycler.maxCapacityPerThread: 4096
20:19:13.564 [AsyncHttpClient-1-2] DEBUG io.netty.util.Recycler - -Dio.netty.recycler.ratio: 8
20:19:13.564 [AsyncHttpClient-1-2] DEBUG io.netty.util.Recycler - -Dio.netty.recycler.chunkSize: 32
20:19:13.564 [AsyncHttpClient-1-2] DEBUG io.netty.util.Recycler - -Dio.netty.recycler.blocking: false
20:19:14.234 [AsyncHttpClient-1-2] DEBUG io.netty.handler.codec.compression.Brotli - brotli4j not in the classpath; Brotli support will be unavailable.
20:19:14.235 [AsyncHttpClient-1-2] DEBUG org.asynchttpclient.netty.handler.HttpHandler - 

Request DefaultHttpRequest(decodeResult: success, version: HTTP/1.1)
POST /session HTTP/1.1
User-Agent: selenium/4.8.1 (java windows)
Content-Length: 507
Content-Type: application/json; charset=utf-8
host: localhost:12496
accept: */*

Response DefaultHttpResponse(decodeResult: success, version: HTTP/1.1)
HTTP/1.1 200 OK
Content-Length: 862
Content-Type: application/json; charset=utf-8
cache-control: no-cache

20:19:14.240 [AsyncHttpClient-1-2] DEBUG org.asynchttpclient.netty.channel.ChannelManager - Adding key: http://localhost:12496 for channel [id: 0x396ea6c7, L:/127.0.0.1:54997 - R:localhost/127.0.0.1:12496]
20:19:14.292 [AsyncHttpClient-1-3] DEBUG org.asynchttpclient.netty.channel.NettyConnectListener - Using new Channel '[id: 0x2ef63e1e, L:/127.0.0.1:55007 - R:localhost/127.0.0.1:55000]' for 'GET' to '/json/version'
20:19:14.294 [AsyncHttpClient-1-3] DEBUG org.asynchttpclient.netty.handler.HttpHandler - 

Request DefaultFullHttpRequest(decodeResult: success, version: HTTP/1.1, content: EmptyByteBufBE)
GET /json/version HTTP/1.1
User-Agent: selenium/4.8.1 (java windows)
host: localhost:55000
accept: */*

Response DefaultHttpResponse(decodeResult: success, version: HTTP/1.1)
HTTP/1.1 200 OK
Content-Security-Policy: frame-ancestors 'none'
Content-Length: 424
Content-Type: application/json; charset=UTF-8

20:19:14.295 [AsyncHttpClient-1-3] DEBUG org.asynchttpclient.netty.channel.ChannelManager - Adding key: http://localhost:55000 for channel [id: 0x2ef63e1e, L:/127.0.0.1:55007 - R:localhost/127.0.0.1:55000]
20:19:14.302 [main] DEBUG io.netty.util.internal.ThreadLocalRandom - -Dio.netty.initialSeedUniquifier: 0x561b7588a38b2c5e
20:19:14.312 [AsyncHttpClient-1-4] DEBUG org.asynchttpclient.netty.channel.NettyConnectListener - Using new Channel '[id: 0xcdf3d3b0, L:/127.0.0.1:55008 - R:localhost/127.0.0.1:55000]' for 'GET' to '/devtools/browser/b2433d79-aca7-46f0-91af-f260dd461db2'
20:19:14.315 [AsyncHttpClient-1-4] DEBUG org.asynchttpclient.netty.handler.WebSocketHandler - 

Request DefaultFullHttpRequest(decodeResult: success, version: HTTP/1.1, content: EmptyByteBufBE)
GET /devtools/browser/b2433d79-aca7-46f0-91af-f260dd461db2 HTTP/1.1
upgrade: websocket
connection: upgrade
sec-websocket-key: v1wl4aK/M1dR2Kbgp7nEHw==
sec-websocket-version: 13
origin: http://localhost:55000
host: localhost:55000
accept: */*
user-agent: AHC/2.1

Response DefaultHttpResponse(decodeResult: success, version: HTTP/1.1)
HTTP/1.1 101 WebSocket Protocol Handshake
Upgrade: WebSocket
Connection: Upgrade
Sec-WebSocket-Accept: KQMeoADo3nyMYQbBrJ5HjgXt57U=

20:19:14.413 [Forwarding get on session 04c160b20938833949b8b8a3d4c244b5 to remote] DEBUG org.asynchttpclient.netty.request.NettyRequestSender - Using pooled Channel '[id: 0x396ea6c7, L:/127.0.0.1:54997 - R:localhost/127.0.0.1:12496]' for 'POST' to 'http://localhost:12496/session/04c160b20938833949b8b8a3d4c244b5/url'
20:19:14.413 [Forwarding get on session 04c160b20938833949b8b8a3d4c244b5 to remote] DEBUG org.asynchttpclient.netty.request.NettyRequestSender - Using open Channel [id: 0x396ea6c7, L:/127.0.0.1:54997 - R:localhost/127.0.0.1:12496] for POST '/session/04c160b20938833949b8b8a3d4c244b5/url'
20:19:15.247 [AsyncHttpClient-1-2] DEBUG org.asynchttpclient.netty.handler.HttpHandler - 

Request DefaultHttpRequest(decodeResult: success, version: HTTP/1.1)
POST /session/04c160b20938833949b8b8a3d4c244b5/url HTTP/1.1
User-Agent: selenium/4.8.1 (java windows)
Content-Length: 74
Content-Type: application/json; charset=utf-8
host: localhost:12496
accept: */*

Response DefaultHttpResponse(decodeResult: success, version: HTTP/1.1)
HTTP/1.1 200 OK
Content-Length: 14
Content-Type: application/json; charset=utf-8
cache-control: no-cache

20:19:15.248 [AsyncHttpClient-1-2] DEBUG org.asynchttpclient.netty.channel.ChannelManager - Adding key: http://localhost:12496 for channel [id: 0x396ea6c7, L:/127.0.0.1:54997 - R:localhost/127.0.0.1:12496]
20:19:15.253 [Forwarding setTimeout on session 04c160b20938833949b8b8a3d4c244b5 to remote] DEBUG org.asynchttpclient.netty.request.NettyRequestSender - Using pooled Channel '[id: 0x396ea6c7, L:/127.0.0.1:54997 - R:localhost/127.0.0.1:12496]' for 'POST' to 'http://localhost:12496/session/04c160b20938833949b8b8a3d4c244b5/timeouts'
20:19:15.253 [Forwarding setTimeout on session 04c160b20938833949b8b8a3d4c244b5 to remote] DEBUG org.asynchttpclient.netty.request.NettyRequestSender - Using open Channel [id: 0x396ea6c7, L:/127.0.0.1:54997 - R:localhost/127.0.0.1:12496] for POST '/session/04c160b20938833949b8b8a3d4c244b5/timeouts'
20:19:15.255 [AsyncHttpClient-1-2] DEBUG org.asynchttpclient.netty.handler.HttpHandler - 

Request DefaultHttpRequest(decodeResult: success, version: HTTP/1.1)
POST /session/04c160b20938833949b8b8a3d4c244b5/timeouts HTTP/1.1
User-Agent: selenium/4.8.1 (java windows)
Content-Length: 22
Content-Type: application/json; charset=utf-8
host: localhost:12496
accept: */*

Response DefaultHttpResponse(decodeResult: success, version: HTTP/1.1)
HTTP/1.1 200 OK
Content-Length: 14
Content-Type: application/json; charset=utf-8
cache-control: no-cache

20:19:15.255 [AsyncHttpClient-1-1] DEBUG org.asynchttpclient.netty.channel.DefaultChannelPool - Entry count for : http://localhost:55000 : 1
20:19:15.255 [AsyncHttpClient-1-2] DEBUG org.asynchttpclient.netty.channel.ChannelManager - Adding key: http://localhost:12496 for channel [id: 0x396ea6c7, L:/127.0.0.1:54997 - R:localhost/127.0.0.1:12496]
20:19:15.279 [main] DEBUG net.serenitybdd.core.photography.Darkroom - Opening darkroom
20:19:15.280 [Darkroom Processing Line] DEBUG net.serenitybdd.core.photography.DarkroomProcessingLine - Darkroom processing line starting up
20:19:15.291 [Forwarding getAlertText on session 04c160b20938833949b8b8a3d4c244b5 to remote] DEBUG org.asynchttpclient.netty.request.NettyRequestSender - Using pooled Channel '[id: 0x396ea6c7, L:/127.0.0.1:54997 - R:localhost/127.0.0.1:12496]' for 'GET' to 'http://localhost:12496/session/04c160b20938833949b8b8a3d4c244b5/alert/text'
20:19:15.291 [Forwarding getAlertText on session 04c160b20938833949b8b8a3d4c244b5 to remote] DEBUG org.asynchttpclient.netty.request.NettyRequestSender - Using open Channel [id: 0x396ea6c7, L:/127.0.0.1:54997 - R:localhost/127.0.0.1:12496] for GET '/session/04c160b20938833949b8b8a3d4c244b5/alert/text'
20:19:15.293 [AsyncHttpClient-1-2] DEBUG org.asynchttpclient.netty.handler.HttpHandler - 

Request DefaultFullHttpRequest(decodeResult: success, version: HTTP/1.1, content: EmptyByteBufBE)
GET /session/04c160b20938833949b8b8a3d4c244b5/alert/text HTTP/1.1
User-Agent: selenium/4.8.1 (java windows)
Cache-Control: no-cache
Content-Type: application/json; charset=utf-8
host: localhost:12496
accept: */*

Response DefaultHttpResponse(decodeResult: success, version: HTTP/1.1)
HTTP/1.1 404 Not Found
Content-Length: 836
Content-Type: application/json; charset=utf-8
cache-control: no-cache

20:19:15.293 [AsyncHttpClient-1-2] DEBUG org.asynchttpclient.netty.channel.ChannelManager - Adding key: http://localhost:12496 for channel [id: 0x396ea6c7, L:/127.0.0.1:54997 - R:localhost/127.0.0.1:12496]
20:19:15.299 [Forwarding getCurrentUrl on session 04c160b20938833949b8b8a3d4c244b5 to remote] DEBUG org.asynchttpclient.netty.request.NettyRequestSender - Using pooled Channel '[id: 0x396ea6c7, L:/127.0.0.1:54997 - R:localhost/127.0.0.1:12496]' for 'GET' to 'http://localhost:12496/session/04c160b20938833949b8b8a3d4c244b5/url'
20:19:15.299 [Forwarding getCurrentUrl on session 04c160b20938833949b8b8a3d4c244b5 to remote] DEBUG org.asynchttpclient.netty.request.NettyRequestSender - Using open Channel [id: 0x396ea6c7, L:/127.0.0.1:54997 - R:localhost/127.0.0.1:12496] for GET '/session/04c160b20938833949b8b8a3d4c244b5/url'
20:19:15.303 [AsyncHttpClient-1-2] DEBUG org.asynchttpclient.netty.handler.HttpHandler - 

Request DefaultFullHttpRequest(decodeResult: success, version: HTTP/1.1, content: EmptyByteBufBE)
GET /session/04c160b20938833949b8b8a3d4c244b5/url HTTP/1.1
User-Agent: selenium/4.8.1 (java windows)
Cache-Control: no-cache
Content-Type: application/json; charset=utf-8
host: localhost:12496
accept: */*

Response DefaultHttpResponse(decodeResult: success, version: HTTP/1.1)
HTTP/1.1 200 OK
Content-Length: 51
Content-Type: application/json; charset=utf-8
cache-control: no-cache

20:19:15.303 [AsyncHttpClient-1-2] DEBUG org.asynchttpclient.netty.channel.ChannelManager - Adding key: http://localhost:12496 for channel [id: 0x396ea6c7, L:/127.0.0.1:54997 - R:localhost/127.0.0.1:12496]
20:19:15.306 [Forwarding screenshot on session 04c160b20938833949b8b8a3d4c244b5 to remote] DEBUG org.asynchttpclient.netty.request.NettyRequestSender - Using pooled Channel '[id: 0x396ea6c7, L:/127.0.0.1:54997 - R:localhost/127.0.0.1:12496]' for 'GET' to 'http://localhost:12496/session/04c160b20938833949b8b8a3d4c244b5/screenshot'
20:19:15.306 [Forwarding screenshot on session 04c160b20938833949b8b8a3d4c244b5 to remote] DEBUG org.asynchttpclient.netty.request.NettyRequestSender - Using open Channel [id: 0x396ea6c7, L:/127.0.0.1:54997 - R:localhost/127.0.0.1:12496] for GET '/session/04c160b20938833949b8b8a3d4c244b5/screenshot'
20:19:15.385 [AsyncHttpClient-1-2] DEBUG org.asynchttpclient.netty.handler.HttpHandler - 

Request DefaultFullHttpRequest(decodeResult: success, version: HTTP/1.1, content: EmptyByteBufBE)
GET /session/04c160b20938833949b8b8a3d4c244b5/screenshot HTTP/1.1
User-Agent: selenium/4.8.1 (java windows)
Cache-Control: no-cache
Content-Type: application/json; charset=utf-8
host: localhost:12496
accept: */*

Response DefaultHttpResponse(decodeResult: success, version: HTTP/1.1)
HTTP/1.1 200 OK
Content-Length: 25208
Content-Type: application/json; charset=utf-8
cache-control: no-cache

20:19:15.385 [AsyncHttpClient-1-2] DEBUG org.asynchttpclient.netty.channel.ChannelManager - Adding key: http://localhost:12496 for channel [id: 0x396ea6c7, L:/127.0.0.1:54997 - R:localhost/127.0.0.1:12496]
20:19:15.448 [main] DEBUG net.serenitybdd.core.photography.Darkroom - Send negative for processing for target\site\serenity\edb14d4aab401efa0e4fb99861e6ffcafebc86a67b69f7828890b9910ed2ddbd.png
20:19:15.449 [Darkroom Processing Line] DEBUG net.serenitybdd.core.photography.DarkroomProcessingLine - Processing screenshot image in /var/screenshots/screenshot-9641517677502628085
20:19:15.449 [Darkroom Processing Line] DEBUG net.serenitybdd.core.photography.DarkroomProcessingLine - Saving screenshot to target\site\serenity\edb14d4aab401efa0e4fb99861e6ffcafebc86a67b69f7828890b9910ed2ddbd.png
20:19:15.455 [main] DEBUG net.thucydides.core.steps.StepInterceptor - STEP DONE: openPage
  &amp#27;[32mGiven &amp#27;[0m&amp#27;[32mI am on the alta-shop login page&amp#27;[0m    &amp#27;[90m# starter.stepdefinitions.LoginSteps.onTheLoginPage()&amp#27;[0m
20:19:15.470 [Forwarding getPageSource on session 04c160b20938833949b8b8a3d4c244b5 to remote] DEBUG org.asynchttpclient.netty.request.NettyRequestSender - Using pooled Channel '[id: 0x396ea6c7, L:/127.0.0.1:54997 - R:localhost/127.0.0.1:12496]' for 'POST' to 'http://localhost:12496/session/04c160b20938833949b8b8a3d4c244b5/execute/sync'
20:19:15.470 [Forwarding getPageSource on session 04c160b20938833949b8b8a3d4c244b5 to remote] DEBUG org.asynchttpclient.netty.request.NettyRequestSender - Using open Channel [id: 0x396ea6c7, L:/127.0.0.1:54997 - R:localhost/127.0.0.1:12496] for POST '/session/04c160b20938833949b8b8a3d4c244b5/execute/sync'
20:19:15.477 [AsyncHttpClient-1-2] DEBUG org.asynchttpclient.netty.handler.HttpHandler - 

Request DefaultHttpRequest(decodeResult: success, version: HTTP/1.1)
POST /session/04c160b20938833949b8b8a3d4c244b5/execute/sync HTTP/1.1
User-Agent: selenium/4.8.1 (java windows)
Content-Length: 176
Content-Type: application/json; charset=utf-8
host: localhost:12496
accept: */*

Response DefaultHttpResponse(decodeResult: success, version: HTTP/1.1)
HTTP/1.1 200 OK
Content-Length: 21659
Content-Type: application/json; charset=utf-8
cache-control: no-cache

20:19:15.477 [AsyncHttpClient-1-2] DEBUG org.asynchttpclient.netty.channel.ChannelManager - Adding key: http://localhost:12496 for channel [id: 0x396ea6c7, L:/127.0.0.1:54997 - R:localhost/127.0.0.1:12496]
20:19:15.540 [Forwarding getCurrentUrl on session 04c160b20938833949b8b8a3d4c244b5 to remote] DEBUG org.asynchttpclient.netty.request.NettyRequestSender - Using pooled Channel '[id: 0x396ea6c7, L:/127.0.0.1:54997 - R:localhost/127.0.0.1:12496]' for 'GET' to 'http://localhost:12496/session/04c160b20938833949b8b8a3d4c244b5/url'
20:19:15.540 [Forwarding getCurrentUrl on session 04c160b20938833949b8b8a3d4c244b5 to remote] DEBUG org.asynchttpclient.netty.request.NettyRequestSender - Using open Channel [id: 0x396ea6c7, L:/127.0.0.1:54997 - R:localhost/127.0.0.1:12496] for GET '/session/04c160b20938833949b8b8a3d4c244b5/url'
20:19:15.543 [AsyncHttpClient-1-2] DEBUG org.asynchttpclient.netty.handler.HttpHandler - 

Request DefaultFullHttpRequest(decodeResult: success, version: HTTP/1.1, content: EmptyByteBufBE)
GET /session/04c160b20938833949b8b8a3d4c244b5/url HTTP/1.1
User-Agent: selenium/4.8.1 (java windows)
Cache-Control: no-cache
Content-Type: application/json; charset=utf-8
host: localhost:12496
accept: */*

Response DefaultHttpResponse(decodeResult: success, version: HTTP/1.1)
HTTP/1.1 200 OK
Content-Length: 51
Content-Type: application/json; charset=utf-8
cache-control: no-cache

20:19:15.543 [AsyncHttpClient-1-2] DEBUG org.asynchttpclient.netty.channel.ChannelManager - Adding key: http://localhost:12496 for channel [id: 0x396ea6c7, L:/127.0.0.1:54997 - R:localhost/127.0.0.1:12496]
20:19:15.632 [Forwarding getAlertText on session 04c160b20938833949b8b8a3d4c244b5 to remote] DEBUG org.asynchttpclient.netty.request.NettyRequestSender - Using pooled Channel '[id: 0x396ea6c7, L:/127.0.0.1:54997 - R:localhost/127.0.0.1:12496]' for 'GET' to 'http://localhost:12496/session/04c160b20938833949b8b8a3d4c244b5/alert/text'
20:19:15.632 [Forwarding getAlertText on session 04c160b20938833949b8b8a3d4c244b5 to remote] DEBUG org.asynchttpclient.netty.request.NettyRequestSender - Using open Channel [id: 0x396ea6c7, L:/127.0.0.1:54997 - R:localhost/127.0.0.1:12496] for GET '/session/04c160b20938833949b8b8a3d4c244b5/alert/text'
20:19:15.634 [AsyncHttpClient-1-2] DEBUG org.asynchttpclient.netty.handler.HttpHandler - 

Request DefaultFullHttpRequest(decodeResult: success, version: HTTP/1.1, content: EmptyByteBufBE)
GET /session/04c160b20938833949b8b8a3d4c244b5/alert/text HTTP/1.1
User-Agent: selenium/4.8.1 (java windows)
Cache-Control: no-cache
Content-Type: application/json; charset=utf-8
host: localhost:12496
accept: */*

Response DefaultHttpResponse(decodeResult: success, version: HTTP/1.1)
HTTP/1.1 404 Not Found
Content-Length: 836
Content-Type: application/json; charset=utf-8
cache-control: no-cache

20:19:15.635 [AsyncHttpClient-1-2] DEBUG org.asynchttpclient.netty.channel.ChannelManager - Adding key: http://localhost:12496 for channel [id: 0x396ea6c7, L:/127.0.0.1:54997 - R:localhost/127.0.0.1:12496]
20:19:15.640 [Forwarding getCurrentUrl on session 04c160b20938833949b8b8a3d4c244b5 to remote] DEBUG org.asynchttpclient.netty.request.NettyRequestSender - Using pooled Channel '[id: 0x396ea6c7, L:/127.0.0.1:54997 - R:localhost/127.0.0.1:12496]' for 'GET' to 'http://localhost:12496/session/04c160b20938833949b8b8a3d4c244b5/url'
20:19:15.640 [Forwarding getCurrentUrl on session 04c160b20938833949b8b8a3d4c244b5 to remote] DEBUG org.asynchttpclient.netty.request.NettyRequestSender - Using open Channel [id: 0x396ea6c7, L:/127.0.0.1:54997 - R:localhost/127.0.0.1:12496] for GET '/session/04c160b20938833949b8b8a3d4c244b5/url'
20:19:15.646 [AsyncHttpClient-1-2] DEBUG org.asynchttpclient.netty.handler.HttpHandler - 

Request DefaultFullHttpRequest(decodeResult: success, version: HTTP/1.1, content: EmptyByteBufBE)
GET /session/04c160b20938833949b8b8a3d4c244b5/url HTTP/1.1
User-Agent: selenium/4.8.1 (java windows)
Cache-Control: no-cache
Content-Type: application/json; charset=utf-8
host: localhost:12496
accept: */*

Response DefaultHttpResponse(decodeResult: success, version: HTTP/1.1)
HTTP/1.1 200 OK
Content-Length: 51
Content-Type: application/json; charset=utf-8
cache-control: no-cache

20:19:15.647 [AsyncHttpClient-1-2] DEBUG org.asynchttpclient.netty.channel.ChannelManager - Adding key: http://localhost:12496 for channel [id: 0x396ea6c7, L:/127.0.0.1:54997 - R:localhost/127.0.0.1:12496]
20:19:15.650 [Forwarding screenshot on session 04c160b20938833949b8b8a3d4c244b5 to remote] DEBUG org.asynchttpclient.netty.request.NettyRequestSender - Using pooled Channel '[id: 0x396ea6c7, L:/127.0.0.1:54997 - R:localhost/127.0.0.1:12496]' for 'GET' to 'http://localhost:12496/session/04c160b20938833949b8b8a3d4c244b5/screenshot'
20:19:15.650 [Forwarding screenshot on session 04c160b20938833949b8b8a3d4c244b5 to remote] DEBUG org.asynchttpclient.netty.request.NettyRequestSender - Using open Channel [id: 0x396ea6c7, L:/127.0.0.1:54997 - R:localhost/127.0.0.1:12496] for GET '/session/04c160b20938833949b8b8a3d4c244b5/screenshot'
20:19:15.747 [AsyncHttpClient-1-2] DEBUG org.asynchttpclient.netty.handler.HttpHandler - 

Request DefaultFullHttpRequest(decodeResult: success, version: HTTP/1.1, content: EmptyByteBufBE)
GET /session/04c160b20938833949b8b8a3d4c244b5/screenshot HTTP/1.1
User-Agent: selenium/4.8.1 (java windows)
Cache-Control: no-cache
Content-Type: application/json; charset=utf-8
host: localhost:12496
accept: */*

Response DefaultHttpResponse(decodeResult: success, version: HTTP/1.1)
HTTP/1.1 200 OK
Content-Length: 25208
Content-Type: application/json; charset=utf-8
cache-control: no-cache

20:19:15.747 [AsyncHttpClient-1-2] DEBUG org.asynchttpclient.netty.channel.ChannelManager - Adding key: http://localhost:12496 for channel [id: 0x396ea6c7, L:/127.0.0.1:54997 - R:localhost/127.0.0.1:12496]
20:19:15.750 [main] DEBUG net.serenitybdd.core.photography.Darkroom - Send negative for processing for target\site\serenity\edb14d4aab401efa0e4fb99861e6ffcafebc86a67b69f7828890b9910ed2ddbd.png
20:19:15.752 [Forwarding getPageSource on session 04c160b20938833949b8b8a3d4c244b5 to remote] DEBUG org.asynchttpclient.netty.request.NettyRequestSender - Using pooled Channel '[id: 0x396ea6c7, L:/127.0.0.1:54997 - R:localhost/127.0.0.1:12496]' for 'POST' to 'http://localhost:12496/session/04c160b20938833949b8b8a3d4c244b5/execute/sync'
20:19:15.752 [Forwarding getPageSource on session 04c160b20938833949b8b8a3d4c244b5 to remote] DEBUG org.asynchttpclient.netty.request.NettyRequestSender - Using open Channel [id: 0x396ea6c7, L:/127.0.0.1:54997 - R:localhost/127.0.0.1:12496] for POST '/session/04c160b20938833949b8b8a3d4c244b5/execute/sync'
20:19:15.756 [AsyncHttpClient-1-2] DEBUG org.asynchttpclient.netty.handler.HttpHandler - 

Request DefaultHttpRequest(decodeResult: success, version: HTTP/1.1)
POST /session/04c160b20938833949b8b8a3d4c244b5/execute/sync HTTP/1.1
User-Agent: selenium/4.8.1 (java windows)
Content-Length: 176
Content-Type: application/json; charset=utf-8
host: localhost:12496
accept: */*

Response DefaultHttpResponse(decodeResult: success, version: HTTP/1.1)
HTTP/1.1 200 OK
Content-Length: 21659
Content-Type: application/json; charset=utf-8
cache-control: no-cache

20:19:15.756 [AsyncHttpClient-1-2] DEBUG org.asynchttpclient.netty.channel.ChannelManager - Adding key: http://localhost:12496 for channel [id: 0x396ea6c7, L:/127.0.0.1:54997 - R:localhost/127.0.0.1:12496]
20:19:15.764 [Forwarding getCurrentUrl on session 04c160b20938833949b8b8a3d4c244b5 to remote] DEBUG org.asynchttpclient.netty.request.NettyRequestSender - Using pooled Channel '[id: 0x396ea6c7, L:/127.0.0.1:54997 - R:localhost/127.0.0.1:12496]' for 'GET' to 'http://localhost:12496/session/04c160b20938833949b8b8a3d4c244b5/url'
20:19:15.764 [Forwarding getCurrentUrl on session 04c160b20938833949b8b8a3d4c244b5 to remote] DEBUG org.asynchttpclient.netty.request.NettyRequestSender - Using open Channel [id: 0x396ea6c7, L:/127.0.0.1:54997 - R:localhost/127.0.0.1:12496] for GET '/session/04c160b20938833949b8b8a3d4c244b5/url'
20:19:15.767 [AsyncHttpClient-1-2] DEBUG org.asynchttpclient.netty.handler.HttpHandler - 

Request DefaultFullHttpRequest(decodeResult: success, version: HTTP/1.1, content: EmptyByteBufBE)
GET /session/04c160b20938833949b8b8a3d4c244b5/url HTTP/1.1
User-Agent: selenium/4.8.1 (java windows)
Cache-Control: no-cache
Content-Type: application/json; charset=utf-8
host: localhost:12496
accept: */*

Response DefaultHttpResponse(decodeResult: success, version: HTTP/1.1)
HTTP/1.1 200 OK
Content-Length: 51
Content-Type: application/json; charset=utf-8
cache-control: no-cache

20:19:15.767 [AsyncHttpClient-1-2] DEBUG org.asynchttpclient.netty.channel.ChannelManager - Adding key: http://localhost:12496 for channel [id: 0x396ea6c7, L:/127.0.0.1:54997 - R:localhost/127.0.0.1:12496]
20:19:15.769 [main] DEBUG net.thucydides.core.steps.StepInterceptor - STARTING STEP: RegisterSteps.clickLoginButton - clickRegisterLink
20:19:15.780 [Forwarding findElement on session 04c160b20938833949b8b8a3d4c244b5 to remote] DEBUG org.asynchttpclient.netty.request.NettyRequestSender - Using pooled Channel '[id: 0x396ea6c7, L:/127.0.0.1:54997 - R:localhost/127.0.0.1:12496]' for 'POST' to 'http://localhost:12496/session/04c160b20938833949b8b8a3d4c244b5/element'
20:19:15.780 [Forwarding findElement on session 04c160b20938833949b8b8a3d4c244b5 to remote] DEBUG org.asynchttpclient.netty.request.NettyRequestSender - Using open Channel [id: 0x396ea6c7, L:/127.0.0.1:54997 - R:localhost/127.0.0.1:12496] for POST '/session/04c160b20938833949b8b8a3d4c244b5/element'
20:19:15.789 [AsyncHttpClient-1-2] DEBUG org.asynchttpclient.netty.handler.HttpHandler - 

Request DefaultHttpRequest(decodeResult: success, version: HTTP/1.1)
POST /session/04c160b20938833949b8b8a3d4c244b5/element HTTP/1.1
User-Agent: selenium/4.8.1 (java windows)
Content-Length: 84
Content-Type: application/json; charset=utf-8
host: localhost:12496
accept: */*

Response DefaultHttpResponse(decodeResult: success, version: HTTP/1.1)
HTTP/1.1 200 OK
Content-Length: 88
Content-Type: application/json; charset=utf-8
cache-control: no-cache

20:19:15.789 [AsyncHttpClient-1-2] DEBUG org.asynchttpclient.netty.channel.ChannelManager - Adding key: http://localhost:12496 for channel [id: 0x396ea6c7, L:/127.0.0.1:54997 - R:localhost/127.0.0.1:12496]
20:19:15.792 [Forwarding getElementTagName on session 04c160b20938833949b8b8a3d4c244b5 to remote] DEBUG org.asynchttpclient.netty.request.NettyRequestSender - Using pooled Channel '[id: 0x396ea6c7, L:/127.0.0.1:54997 - R:localhost/127.0.0.1:12496]' for 'GET' to 'http://localhost:12496/session/04c160b20938833949b8b8a3d4c244b5/element/c5fdcb82-757e-41a6-aec0-176626a713ee/name'
20:19:15.792 [Forwarding getElementTagName on session 04c160b20938833949b8b8a3d4c244b5 to remote] DEBUG org.asynchttpclient.netty.request.NettyRequestSender - Using open Channel [id: 0x396ea6c7, L:/127.0.0.1:54997 - R:localhost/127.0.0.1:12496] for GET '/session/04c160b20938833949b8b8a3d4c244b5/element/c5fdcb82-757e-41a6-aec0-176626a713ee/name'
20:19:15.796 [AsyncHttpClient-1-2] DEBUG org.asynchttpclient.netty.handler.HttpHandler - 

Request DefaultFullHttpRequest(decodeResult: success, version: HTTP/1.1, content: EmptyByteBufBE)
GET /session/04c160b20938833949b8b8a3d4c244b5/element/c5fdcb82-757e-41a6-aec0-176626a713ee/name HTTP/1.1
User-Agent: selenium/4.8.1 (java windows)
Cache-Control: no-cache
Content-Type: application/json; charset=utf-8
host: localhost:12496
accept: */*

Response DefaultHttpResponse(decodeResult: success, version: HTTP/1.1)
HTTP/1.1 200 OK
Content-Length: 13
Content-Type: application/json; charset=utf-8
cache-control: no-cache

20:19:15.796 [AsyncHttpClient-1-2] DEBUG org.asynchttpclient.netty.channel.ChannelManager - Adding key: http://localhost:12496 for channel [id: 0x396ea6c7, L:/127.0.0.1:54997 - R:localhost/127.0.0.1:12496]
20:19:15.798 [Forwarding getElementTagName on session 04c160b20938833949b8b8a3d4c244b5 to remote] DEBUG org.asynchttpclient.netty.request.NettyRequestSender - Using pooled Channel '[id: 0x396ea6c7, L:/127.0.0.1:54997 - R:localhost/127.0.0.1:12496]' for 'GET' to 'http://localhost:12496/session/04c160b20938833949b8b8a3d4c244b5/element/c5fdcb82-757e-41a6-aec0-176626a713ee/name'
20:19:15.798 [Forwarding getElementTagName on session 04c160b20938833949b8b8a3d4c244b5 to remote] DEBUG org.asynchttpclient.netty.request.NettyRequestSender - Using open Channel [id: 0x396ea6c7, L:/127.0.0.1:54997 - R:localhost/127.0.0.1:12496] for GET '/session/04c160b20938833949b8b8a3d4c244b5/element/c5fdcb82-757e-41a6-aec0-176626a713ee/name'
20:19:15.801 [AsyncHttpClient-1-2] DEBUG org.asynchttpclient.netty.handler.HttpHandler - 

Request DefaultFullHttpRequest(decodeResult: success, version: HTTP/1.1, content: EmptyByteBufBE)
GET /session/04c160b20938833949b8b8a3d4c244b5/element/c5fdcb82-757e-41a6-aec0-176626a713ee/name HTTP/1.1
User-Agent: selenium/4.8.1 (java windows)
Cache-Control: no-cache
Content-Type: application/json; charset=utf-8
host: localhost:12496
accept: */*

Response DefaultHttpResponse(decodeResult: success, version: HTTP/1.1)
HTTP/1.1 200 OK
Content-Length: 13
Content-Type: application/json; charset=utf-8
cache-control: no-cache

20:19:15.801 [AsyncHttpClient-1-2] DEBUG org.asynchttpclient.netty.channel.ChannelManager - Adding key: http://localhost:12496 for channel [id: 0x396ea6c7, L:/127.0.0.1:54997 - R:localhost/127.0.0.1:12496]
20:19:15.804 [Forwarding findElement on session 04c160b20938833949b8b8a3d4c244b5 to remote] DEBUG org.asynchttpclient.netty.request.NettyRequestSender - Using pooled Channel '[id: 0x396ea6c7, L:/127.0.0.1:54997 - R:localhost/127.0.0.1:12496]' for 'POST' to 'http://localhost:12496/session/04c160b20938833949b8b8a3d4c244b5/element'
20:19:15.804 [Forwarding findElement on session 04c160b20938833949b8b8a3d4c244b5 to remote] DEBUG org.asynchttpclient.netty.request.NettyRequestSender - Using open Channel [id: 0x396ea6c7, L:/127.0.0.1:54997 - R:localhost/127.0.0.1:12496] for POST '/session/04c160b20938833949b8b8a3d4c244b5/element'
20:19:15.809 [AsyncHttpClient-1-2] DEBUG org.asynchttpclient.netty.handler.HttpHandler - 

Request DefaultHttpRequest(decodeResult: success, version: HTTP/1.1)
POST /session/04c160b20938833949b8b8a3d4c244b5/element HTTP/1.1
User-Agent: selenium/4.8.1 (java windows)
Content-Length: 84
Content-Type: application/json; charset=utf-8
host: localhost:12496
accept: */*

Response DefaultHttpResponse(decodeResult: success, version: HTTP/1.1)
HTTP/1.1 200 OK
Content-Length: 88
Content-Type: application/json; charset=utf-8
cache-control: no-cache

20:19:15.810 [AsyncHttpClient-1-2] DEBUG org.asynchttpclient.netty.channel.ChannelManager - Adding key: http://localhost:12496 for channel [id: 0x396ea6c7, L:/127.0.0.1:54997 - R:localhost/127.0.0.1:12496]
20:19:15.811 [Forwarding clickElement on session 04c160b20938833949b8b8a3d4c244b5 to remote] DEBUG org.asynchttpclient.netty.request.NettyRequestSender - Using pooled Channel '[id: 0x396ea6c7, L:/127.0.0.1:54997 - R:localhost/127.0.0.1:12496]' for 'POST' to 'http://localhost:12496/session/04c160b20938833949b8b8a3d4c244b5/element/c5fdcb82-757e-41a6-aec0-176626a713ee/click'
20:19:15.811 [Forwarding clickElement on session 04c160b20938833949b8b8a3d4c244b5 to remote] DEBUG org.asynchttpclient.netty.request.NettyRequestSender - Using open Channel [id: 0x396ea6c7, L:/127.0.0.1:54997 - R:localhost/127.0.0.1:12496] for POST '/session/04c160b20938833949b8b8a3d4c244b5/element/c5fdcb82-757e-41a6-aec0-176626a713ee/click'
20:19:15.849 [AsyncHttpClient-1-2] DEBUG org.asynchttpclient.netty.handler.HttpHandler - 

Request DefaultHttpRequest(decodeResult: success, version: HTTP/1.1)
POST /session/04c160b20938833949b8b8a3d4c244b5/element/c5fdcb82-757e-41a6-aec0-176626a713ee/click HTTP/1.1
User-Agent: selenium/4.8.1 (java windows)
Content-Length: 50
Content-Type: application/json; charset=utf-8
host: localhost:12496
accept: */*

Response DefaultHttpResponse(decodeResult: success, version: HTTP/1.1)
HTTP/1.1 200 OK
Content-Length: 14
Content-Type: application/json; charset=utf-8
cache-control: no-cache

20:19:15.849 [AsyncHttpClient-1-2] DEBUG org.asynchttpclient.netty.channel.ChannelManager - Adding key: http://localhost:12496 for channel [id: 0x396ea6c7, L:/127.0.0.1:54997 - R:localhost/127.0.0.1:12496]
20:19:15.862 [Forwarding getAlertText on session 04c160b20938833949b8b8a3d4c244b5 to remote] DEBUG org.asynchttpclient.netty.request.NettyRequestSender - Using pooled Channel '[id: 0x396ea6c7, L:/127.0.0.1:54997 - R:localhost/127.0.0.1:12496]' for 'GET' to 'http://localhost:12496/session/04c160b20938833949b8b8a3d4c244b5/alert/text'
20:19:15.862 [Forwarding getAlertText on session 04c160b20938833949b8b8a3d4c244b5 to remote] DEBUG org.asynchttpclient.netty.request.NettyRequestSender - Using open Channel [id: 0x396ea6c7, L:/127.0.0.1:54997 - R:localhost/127.0.0.1:12496] for GET '/session/04c160b20938833949b8b8a3d4c244b5/alert/text'
20:19:15.864 [AsyncHttpClient-1-2] DEBUG org.asynchttpclient.netty.handler.HttpHandler - 

Request DefaultFullHttpRequest(decodeResult: success, version: HTTP/1.1, content: EmptyByteBufBE)
GET /session/04c160b20938833949b8b8a3d4c244b5/alert/text HTTP/1.1
User-Agent: selenium/4.8.1 (java windows)
Cache-Control: no-cache
Content-Type: application/json; charset=utf-8
host: localhost:12496
accept: */*

Response DefaultHttpResponse(decodeResult: success, version: HTTP/1.1)
HTTP/1.1 404 Not Found
Content-Length: 836
Content-Type: application/json; charset=utf-8
cache-control: no-cache

20:19:15.864 [AsyncHttpClient-1-2] DEBUG org.asynchttpclient.netty.channel.ChannelManager - Adding key: http://localhost:12496 for channel [id: 0x396ea6c7, L:/127.0.0.1:54997 - R:localhost/127.0.0.1:12496]
20:19:15.866 [Forwarding getCurrentUrl on session 04c160b20938833949b8b8a3d4c244b5 to remote] DEBUG org.asynchttpclient.netty.request.NettyRequestSender - Using pooled Channel '[id: 0x396ea6c7, L:/127.0.0.1:54997 - R:localhost/127.0.0.1:12496]' for 'GET' to 'http://localhost:12496/session/04c160b20938833949b8b8a3d4c244b5/url'
20:19:15.866 [Forwarding getCurrentUrl on session 04c160b20938833949b8b8a3d4c244b5 to remote] DEBUG org.asynchttpclient.netty.request.NettyRequestSender - Using open Channel [id: 0x396ea6c7, L:/127.0.0.1:54997 - R:localhost/127.0.0.1:12496] for GET '/session/04c160b20938833949b8b8a3d4c244b5/url'
20:19:15.870 [AsyncHttpClient-1-2] DEBUG org.asynchttpclient.netty.handler.HttpHandler - 

Request DefaultFullHttpRequest(decodeResult: success, version: HTTP/1.1, content: EmptyByteBufBE)
GET /session/04c160b20938833949b8b8a3d4c244b5/url HTTP/1.1
User-Agent: selenium/4.8.1 (java windows)
Cache-Control: no-cache
Content-Type: application/json; charset=utf-8
host: localhost:12496
accept: */*

Response DefaultHttpResponse(decodeResult: success, version: HTTP/1.1)
HTTP/1.1 200 OK
Content-Length: 54
Content-Type: application/json; charset=utf-8
cache-control: no-cache

20:19:15.870 [AsyncHttpClient-1-2] DEBUG org.asynchttpclient.netty.channel.ChannelManager - Adding key: http://localhost:12496 for channel [id: 0x396ea6c7, L:/127.0.0.1:54997 - R:localhost/127.0.0.1:12496]
20:19:15.872 [Forwarding screenshot on session 04c160b20938833949b8b8a3d4c244b5 to remote] DEBUG org.asynchttpclient.netty.request.NettyRequestSender - Using pooled Channel '[id: 0x396ea6c7, L:/127.0.0.1:54997 - R:localhost/127.0.0.1:12496]' for 'GET' to 'http://localhost:12496/session/04c160b20938833949b8b8a3d4c244b5/screenshot'
20:19:15.872 [Forwarding screenshot on session 04c160b20938833949b8b8a3d4c244b5 to remote] DEBUG org.asynchttpclient.netty.request.NettyRequestSender - Using open Channel [id: 0x396ea6c7, L:/127.0.0.1:54997 - R:localhost/127.0.0.1:12496] for GET '/session/04c160b20938833949b8b8a3d4c244b5/screenshot'
20:19:15.952 [AsyncHttpClient-1-2] DEBUG org.asynchttpclient.netty.handler.HttpHandler - 

Request DefaultFullHttpRequest(decodeResult: success, version: HTTP/1.1, content: EmptyByteBufBE)
GET /session/04c160b20938833949b8b8a3d4c244b5/screenshot HTTP/1.1
User-Agent: selenium/4.8.1 (java windows)
Cache-Control: no-cache
Content-Type: application/json; charset=utf-8
host: localhost:12496
accept: */*

Response DefaultHttpResponse(decodeResult: success, version: HTTP/1.1)
HTTP/1.1 200 OK
Content-Length: 30264
Content-Type: application/json; charset=utf-8
cache-control: no-cache

20:19:15.953 [AsyncHttpClient-1-2] DEBUG org.asynchttpclient.netty.channel.ChannelManager - Adding key: http://localhost:12496 for channel [id: 0x396ea6c7, L:/127.0.0.1:54997 - R:localhost/127.0.0.1:12496]
20:19:15.957 [main] DEBUG net.serenitybdd.core.photography.Darkroom - Send negative for processing for target\site\serenity\1c8b997591b99fdc785d9ec6140bb0837e68f1e43009b62e44e6a795bc8005e3.png
20:19:15.957 [Darkroom Processing Line] DEBUG net.serenitybdd.core.photography.DarkroomProcessingLine - Processing screenshot image in /var/screenshots/screenshot-9513942903626168318
20:19:15.957 [Darkroom Processing Line] DEBUG net.serenitybdd.core.photography.DarkroomProcessingLine - Saving screenshot to target\site\serenity\1c8b997591b99fdc785d9ec6140bb0837e68f1e43009b62e44e6a795bc8005e3.png
20:19:15.957 [main] DEBUG net.thucydides.core.steps.StepInterceptor - STEP DONE: clickRegisterLink
  &amp#27;[32mWhen &amp#27;[0m&amp#27;[32mI go to the alta-shop register page&amp#27;[0m  &amp#27;[90m# starter.stepdefinitions.RegisterSteps.clickLoginButton()&amp#27;[0m
20:19:15.967 [Forwarding getPageSource on session 04c160b20938833949b8b8a3d4c244b5 to remote] DEBUG org.asynchttpclient.netty.request.NettyRequestSender - Using pooled Channel '[id: 0x396ea6c7, L:/127.0.0.1:54997 - R:localhost/127.0.0.1:12496]' for 'POST' to 'http://localhost:12496/session/04c160b20938833949b8b8a3d4c244b5/execute/sync'
20:19:15.967 [Forwarding getPageSource on session 04c160b20938833949b8b8a3d4c244b5 to remote] DEBUG org.asynchttpclient.netty.request.NettyRequestSender - Using open Channel [id: 0x396ea6c7, L:/127.0.0.1:54997 - R:localhost/127.0.0.1:12496] for POST '/session/04c160b20938833949b8b8a3d4c244b5/execute/sync'
20:19:15.972 [AsyncHttpClient-1-2] DEBUG org.asynchttpclient.netty.handler.HttpHandler - 

Request DefaultHttpRequest(decodeResult: success, version: HTTP/1.1)
POST /session/04c160b20938833949b8b8a3d4c244b5/execute/sync HTTP/1.1
User-Agent: selenium/4.8.1 (java windows)
Content-Length: 176
Content-Type: application/json; charset=utf-8
host: localhost:12496
accept: */*

Response DefaultHttpResponse(decodeResult: success, version: HTTP/1.1)
HTTP/1.1 200 OK
Content-Length: 22314
Content-Type: application/json; charset=utf-8
cache-control: no-cache

20:19:15.972 [AsyncHttpClient-1-2] DEBUG org.asynchttpclient.netty.channel.ChannelManager - Adding key: http://localhost:12496 for channel [id: 0x396ea6c7, L:/127.0.0.1:54997 - R:localhost/127.0.0.1:12496]
20:19:15.983 [Forwarding getCurrentUrl on session 04c160b20938833949b8b8a3d4c244b5 to remote] DEBUG org.asynchttpclient.netty.request.NettyRequestSender - Using pooled Channel '[id: 0x396ea6c7, L:/127.0.0.1:54997 - R:localhost/127.0.0.1:12496]' for 'GET' to 'http://localhost:12496/session/04c160b20938833949b8b8a3d4c244b5/url'
20:19:15.983 [Forwarding getCurrentUrl on session 04c160b20938833949b8b8a3d4c244b5 to remote] DEBUG org.asynchttpclient.netty.request.NettyRequestSender - Using open Channel [id: 0x396ea6c7, L:/127.0.0.1:54997 - R:localhost/127.0.0.1:12496] for GET '/session/04c160b20938833949b8b8a3d4c244b5/url'
20:19:15.987 [AsyncHttpClient-1-2] DEBUG org.asynchttpclient.netty.handler.HttpHandler - 

Request DefaultFullHttpRequest(decodeResult: success, version: HTTP/1.1, content: EmptyByteBufBE)
GET /session/04c160b20938833949b8b8a3d4c244b5/url HTTP/1.1
User-Agent: selenium/4.8.1 (java windows)
Cache-Control: no-cache
Content-Type: application/json; charset=utf-8
host: localhost:12496
accept: */*

Response DefaultHttpResponse(decodeResult: success, version: HTTP/1.1)
HTTP/1.1 200 OK
Content-Length: 54
Content-Type: application/json; charset=utf-8
cache-control: no-cache

20:19:15.988 [AsyncHttpClient-1-2] DEBUG org.asynchttpclient.netty.channel.ChannelManager - Adding key: http://localhost:12496 for channel [id: 0x396ea6c7, L:/127.0.0.1:54997 - R:localhost/127.0.0.1:12496]
20:19:16.003 [Forwarding getPageSource on session 04c160b20938833949b8b8a3d4c244b5 to remote] DEBUG org.asynchttpclient.netty.request.NettyRequestSender - Using pooled Channel '[id: 0x396ea6c7, L:/127.0.0.1:54997 - R:localhost/127.0.0.1:12496]' for 'POST' to 'http://localhost:12496/session/04c160b20938833949b8b8a3d4c244b5/execute/sync'
20:19:16.003 [Forwarding getPageSource on session 04c160b20938833949b8b8a3d4c244b5 to remote] DEBUG org.asynchttpclient.netty.request.NettyRequestSender - Using open Channel [id: 0x396ea6c7, L:/127.0.0.1:54997 - R:localhost/127.0.0.1:12496] for POST '/session/04c160b20938833949b8b8a3d4c244b5/execute/sync'
20:19:16.009 [AsyncHttpClient-1-2] DEBUG org.asynchttpclient.netty.handler.HttpHandler - 

Request DefaultHttpRequest(decodeResult: success, version: HTTP/1.1)
POST /session/04c160b20938833949b8b8a3d4c244b5/execute/sync HTTP/1.1
User-Agent: selenium/4.8.1 (java windows)
Content-Length: 176
Content-Type: application/json; charset=utf-8
host: localhost:12496
accept: */*

Response DefaultHttpResponse(decodeResult: success, version: HTTP/1.1)
HTTP/1.1 200 OK
Content-Length: 22314
Content-Type: application/json; charset=utf-8
cache-control: no-cache

20:19:16.010 [AsyncHttpClient-1-2] DEBUG org.asynchttpclient.netty.channel.ChannelManager - Adding key: http://localhost:12496 for channel [id: 0x396ea6c7, L:/127.0.0.1:54997 - R:localhost/127.0.0.1:12496]
20:19:16.030 [Forwarding getCurrentUrl on session 04c160b20938833949b8b8a3d4c244b5 to remote] DEBUG org.asynchttpclient.netty.request.NettyRequestSender - Using pooled Channel '[id: 0x396ea6c7, L:/127.0.0.1:54997 - R:localhost/127.0.0.1:12496]' for 'GET' to 'http://localhost:12496/session/04c160b20938833949b8b8a3d4c244b5/url'
20:19:16.031 [Forwarding getCurrentUrl on session 04c160b20938833949b8b8a3d4c244b5 to remote] DEBUG org.asynchttpclient.netty.request.NettyRequestSender - Using open Channel [id: 0x396ea6c7, L:/127.0.0.1:54997 - R:localhost/127.0.0.1:12496] for GET '/session/04c160b20938833949b8b8a3d4c244b5/url'
20:19:16.035 [AsyncHttpClient-1-2] DEBUG org.asynchttpclient.netty.handler.HttpHandler - 

Request DefaultFullHttpRequest(decodeResult: success, version: HTTP/1.1, content: EmptyByteBufBE)
GET /session/04c160b20938833949b8b8a3d4c244b5/url HTTP/1.1
User-Agent: selenium/4.8.1 (java windows)
Cache-Control: no-cache
Content-Type: application/json; charset=utf-8
host: localhost:12496
accept: */*

Response DefaultHttpResponse(decodeResult: success, version: HTTP/1.1)
HTTP/1.1 200 OK
Content-Length: 54
Content-Type: application/json; charset=utf-8
cache-control: no-cache

20:19:16.036 [AsyncHttpClient-1-2] DEBUG org.asynchttpclient.netty.channel.ChannelManager - Adding key: http://localhost:12496 for channel [id: 0x396ea6c7, L:/127.0.0.1:54997 - R:localhost/127.0.0.1:12496]
20:19:16.039 [main] DEBUG net.thucydides.core.steps.StepInterceptor - STARTING STEP: RegisterSteps.inputFullnameReg - inputFullnameReg
20:19:16.044 [Forwarding findElement on session 04c160b20938833949b8b8a3d4c244b5 to remote] DEBUG org.asynchttpclient.netty.request.NettyRequestSender - Using pooled Channel '[id: 0x396ea6c7, L:/127.0.0.1:54997 - R:localhost/127.0.0.1:12496]' for 'POST' to 'http://localhost:12496/session/04c160b20938833949b8b8a3d4c244b5/element'
20:19:16.044 [Forwarding findElement on session 04c160b20938833949b8b8a3d4c244b5 to remote] DEBUG org.asynchttpclient.netty.request.NettyRequestSender - Using open Channel [id: 0x396ea6c7, L:/127.0.0.1:54997 - R:localhost/127.0.0.1:12496] for POST '/session/04c160b20938833949b8b8a3d4c244b5/element'
20:19:16.053 [AsyncHttpClient-1-2] DEBUG org.asynchttpclient.netty.handler.HttpHandler - 

Request DefaultHttpRequest(decodeResult: success, version: HTTP/1.1)
POST /session/04c160b20938833949b8b8a3d4c244b5/element HTTP/1.1
User-Agent: selenium/4.8.1 (java windows)
Content-Length: 55
Content-Type: application/json; charset=utf-8
host: localhost:12496
accept: */*

Response DefaultHttpResponse(decodeResult: success, version: HTTP/1.1)
HTTP/1.1 200 OK
Content-Length: 88
Content-Type: application/json; charset=utf-8
cache-control: no-cache

20:19:16.053 [AsyncHttpClient-1-2] DEBUG org.asynchttpclient.netty.channel.ChannelManager - Adding key: http://localhost:12496 for channel [id: 0x396ea6c7, L:/127.0.0.1:54997 - R:localhost/127.0.0.1:12496]
20:19:16.055 [Forwarding clearElement on session 04c160b20938833949b8b8a3d4c244b5 to remote] DEBUG org.asynchttpclient.netty.request.NettyRequestSender - Using pooled Channel '[id: 0x396ea6c7, L:/127.0.0.1:54997 - R:localhost/127.0.0.1:12496]' for 'POST' to 'http://localhost:12496/session/04c160b20938833949b8b8a3d4c244b5/element/40699c8c-ddc7-4cb1-b4a2-b36478c7eda4/clear'
20:19:16.055 [Forwarding clearElement on session 04c160b20938833949b8b8a3d4c244b5 to remote] DEBUG org.asynchttpclient.netty.request.NettyRequestSender - Using open Channel [id: 0x396ea6c7, L:/127.0.0.1:54997 - R:localhost/127.0.0.1:12496] for POST '/session/04c160b20938833949b8b8a3d4c244b5/element/40699c8c-ddc7-4cb1-b4a2-b36478c7eda4/clear'
20:19:16.082 [AsyncHttpClient-1-2] DEBUG org.asynchttpclient.netty.handler.HttpHandler - 

Request DefaultHttpRequest(decodeResult: success, version: HTTP/1.1)
POST /session/04c160b20938833949b8b8a3d4c244b5/element/40699c8c-ddc7-4cb1-b4a2-b36478c7eda4/clear HTTP/1.1
User-Agent: selenium/4.8.1 (java windows)
Content-Length: 50
Content-Type: application/json; charset=utf-8
host: localhost:12496
accept: */*

Response DefaultHttpResponse(decodeResult: success, version: HTTP/1.1)
HTTP/1.1 200 OK
Content-Length: 14
Content-Type: application/json; charset=utf-8
cache-control: no-cache

20:19:16.082 [AsyncHttpClient-1-2] DEBUG org.asynchttpclient.netty.channel.ChannelManager - Adding key: http://localhost:12496 for channel [id: 0x396ea6c7, L:/127.0.0.1:54997 - R:localhost/127.0.0.1:12496]
20:19:16.086 [Forwarding sendKeysToElement on session 04c160b20938833949b8b8a3d4c244b5 to remote] DEBUG org.asynchttpclient.netty.request.NettyRequestSender - Using pooled Channel '[id: 0x396ea6c7, L:/127.0.0.1:54997 - R:localhost/127.0.0.1:12496]' for 'POST' to 'http://localhost:12496/session/04c160b20938833949b8b8a3d4c244b5/element/40699c8c-ddc7-4cb1-b4a2-b36478c7eda4/value'
20:19:16.086 [Forwarding sendKeysToElement on session 04c160b20938833949b8b8a3d4c244b5 to remote] DEBUG org.asynchttpclient.netty.request.NettyRequestSender - Using open Channel [id: 0x396ea6c7, L:/127.0.0.1:54997 - R:localhost/127.0.0.1:12496] for POST '/session/04c160b20938833949b8b8a3d4c244b5/element/40699c8c-ddc7-4cb1-b4a2-b36478c7eda4/value'
20:19:16.135 [AsyncHttpClient-1-2] DEBUG org.asynchttpclient.netty.handler.HttpHandler - 

Request DefaultHttpRequest(decodeResult: success, version: HTTP/1.1)
POST /session/04c160b20938833949b8b8a3d4c244b5/element/40699c8c-ddc7-4cb1-b4a2-b36478c7eda4/value HTTP/1.1
User-Agent: selenium/4.8.1 (java windows)
Content-Length: 101
Content-Type: application/json; charset=utf-8
host: localhost:12496
accept: */*

Response DefaultHttpResponse(decodeResult: success, version: HTTP/1.1)
HTTP/1.1 200 OK
Content-Length: 14
Content-Type: application/json; charset=utf-8
cache-control: no-cache

20:19:16.135 [AsyncHttpClient-1-2] DEBUG org.asynchttpclient.netty.channel.ChannelManager - Adding key: http://localhost:12496 for channel [id: 0x396ea6c7, L:/127.0.0.1:54997 - R:localhost/127.0.0.1:12496]
20:19:16.144 [Forwarding getAlertText on session 04c160b20938833949b8b8a3d4c244b5 to remote] DEBUG org.asynchttpclient.netty.request.NettyRequestSender - Using pooled Channel '[id: 0x396ea6c7, L:/127.0.0.1:54997 - R:localhost/127.0.0.1:12496]' for 'GET' to 'http://localhost:12496/session/04c160b20938833949b8b8a3d4c244b5/alert/text'
20:19:16.144 [Forwarding getAlertText on session 04c160b20938833949b8b8a3d4c244b5 to remote] DEBUG org.asynchttpclient.netty.request.NettyRequestSender - Using open Channel [id: 0x396ea6c7, L:/127.0.0.1:54997 - R:localhost/127.0.0.1:12496] for GET '/session/04c160b20938833949b8b8a3d4c244b5/alert/text'
20:19:16.146 [AsyncHttpClient-1-2] DEBUG org.asynchttpclient.netty.handler.HttpHandler - 

Request DefaultFullHttpRequest(decodeResult: success, version: HTTP/1.1, content: EmptyByteBufBE)
GET /session/04c160b20938833949b8b8a3d4c244b5/alert/text HTTP/1.1
User-Agent: selenium/4.8.1 (java windows)
Cache-Control: no-cache
Content-Type: application/json; charset=utf-8
host: localhost:12496
accept: */*

Response DefaultHttpResponse(decodeResult: success, version: HTTP/1.1)
HTTP/1.1 404 Not Found
Content-Length: 836
Content-Type: application/json; charset=utf-8
cache-control: no-cache

20:19:16.146 [AsyncHttpClient-1-2] DEBUG org.asynchttpclient.netty.channel.ChannelManager - Adding key: http://localhost:12496 for channel [id: 0x396ea6c7, L:/127.0.0.1:54997 - R:localhost/127.0.0.1:12496]
20:19:16.148 [Forwarding getCurrentUrl on session 04c160b20938833949b8b8a3d4c244b5 to remote] DEBUG org.asynchttpclient.netty.request.NettyRequestSender - Using pooled Channel '[id: 0x396ea6c7, L:/127.0.0.1:54997 - R:localhost/127.0.0.1:12496]' for 'GET' to 'http://localhost:12496/session/04c160b20938833949b8b8a3d4c244b5/url'
20:19:16.149 [Forwarding getCurrentUrl on session 04c160b20938833949b8b8a3d4c244b5 to remote] DEBUG org.asynchttpclient.netty.request.NettyRequestSender - Using open Channel [id: 0x396ea6c7, L:/127.0.0.1:54997 - R:localhost/127.0.0.1:12496] for GET '/session/04c160b20938833949b8b8a3d4c244b5/url'
20:19:16.152 [AsyncHttpClient-1-2] DEBUG org.asynchttpclient.netty.handler.HttpHandler - 

Request DefaultFullHttpRequest(decodeResult: success, version: HTTP/1.1, content: EmptyByteBufBE)
GET /session/04c160b20938833949b8b8a3d4c244b5/url HTTP/1.1
User-Agent: selenium/4.8.1 (java windows)
Cache-Control: no-cache
Content-Type: application/json; charset=utf-8
host: localhost:12496
accept: */*

Response DefaultHttpResponse(decodeResult: success, version: HTTP/1.1)
HTTP/1.1 200 OK
Content-Length: 54
Content-Type: application/json; charset=utf-8
cache-control: no-cache

20:19:16.152 [AsyncHttpClient-1-2] DEBUG org.asynchttpclient.netty.channel.ChannelManager - Adding key: http://localhost:12496 for channel [id: 0x396ea6c7, L:/127.0.0.1:54997 - R:localhost/127.0.0.1:12496]
20:19:16.154 [Forwarding screenshot on session 04c160b20938833949b8b8a3d4c244b5 to remote] DEBUG org.asynchttpclient.netty.request.NettyRequestSender - Using pooled Channel '[id: 0x396ea6c7, L:/127.0.0.1:54997 - R:localhost/127.0.0.1:12496]' for 'GET' to 'http://localhost:12496/session/04c160b20938833949b8b8a3d4c244b5/screenshot'
20:19:16.154 [Forwarding screenshot on session 04c160b20938833949b8b8a3d4c244b5 to remote] DEBUG org.asynchttpclient.netty.request.NettyRequestSender - Using open Channel [id: 0x396ea6c7, L:/127.0.0.1:54997 - R:localhost/127.0.0.1:12496] for GET '/session/04c160b20938833949b8b8a3d4c244b5/screenshot'
20:19:16.313 [AsyncHttpClient-1-2] DEBUG org.asynchttpclient.netty.handler.HttpHandler - 

Request DefaultFullHttpRequest(decodeResult: success, version: HTTP/1.1, content: EmptyByteBufBE)
GET /session/04c160b20938833949b8b8a3d4c244b5/screenshot HTTP/1.1
User-Agent: selenium/4.8.1 (java windows)
Cache-Control: no-cache
Content-Type: application/json; charset=utf-8
host: localhost:12496
accept: */*

Response DefaultHttpResponse(decodeResult: success, version: HTTP/1.1)
HTTP/1.1 200 OK
Content-Length: 30276
Content-Type: application/json; charset=utf-8
cache-control: no-cache

20:19:16.315 [AsyncHttpClient-1-2] DEBUG org.asynchttpclient.netty.channel.ChannelManager - Adding key: http://localhost:12496 for channel [id: 0x396ea6c7, L:/127.0.0.1:54997 - R:localhost/127.0.0.1:12496]
20:19:16.319 [main] DEBUG net.serenitybdd.core.photography.Darkroom - Send negative for processing for target\site\serenity\763101bfa553b610f958d7fb5657d3e8e205c7dbd1d92312334060d53cf4a24d.png
20:19:16.320 [main] DEBUG net.thucydides.core.steps.StepInterceptor - STEP DONE: inputFullnameReg
20:19:16.320 [Darkroom Processing Line] DEBUG net.serenitybdd.core.photography.DarkroomProcessingLine - Processing screenshot image in /var/screenshots/screenshot-17078198748063461894
20:19:16.321 [Darkroom Processing Line] DEBUG net.serenitybdd.core.photography.DarkroomProcessingLine - Saving screenshot to target\site\serenity\763101bfa553b610f958d7fb5657d3e8e205c7dbd1d92312334060d53cf4a24d.png
  &amp#27;[32mAnd &amp#27;[0m&amp#27;[32mI input correct fullname for register&amp#27;[0m &amp#27;[90m# starter.stepdefinitions.RegisterSteps.inputFullnameReg()&amp#27;[0m
20:19:16.339 [Forwarding getPageSource on session 04c160b20938833949b8b8a3d4c244b5 to remote] DEBUG org.asynchttpclient.netty.request.NettyRequestSender - Using pooled Channel '[id: 0x396ea6c7, L:/127.0.0.1:54997 - R:localhost/127.0.0.1:12496]' for 'POST' to 'http://localhost:12496/session/04c160b20938833949b8b8a3d4c244b5/execute/sync'
20:19:16.339 [Forwarding getPageSource on session 04c160b20938833949b8b8a3d4c244b5 to remote] DEBUG org.asynchttpclient.netty.request.NettyRequestSender - Using open Channel [id: 0x396ea6c7, L:/127.0.0.1:54997 - R:localhost/127.0.0.1:12496] for POST '/session/04c160b20938833949b8b8a3d4c244b5/execute/sync'
20:19:16.348 [AsyncHttpClient-1-2] DEBUG org.asynchttpclient.netty.handler.HttpHandler - 

Request DefaultHttpRequest(decodeResult: success, version: HTTP/1.1)
POST /session/04c160b20938833949b8b8a3d4c244b5/execute/sync HTTP/1.1
User-Agent: selenium/4.8.1 (java windows)
Content-Length: 176
Content-Type: application/json; charset=utf-8
host: localhost:12496
accept: */*

Response DefaultHttpResponse(decodeResult: success, version: HTTP/1.1)
HTTP/1.1 200 OK
Content-Length: 22435
Content-Type: application/json; charset=utf-8
cache-control: no-cache

20:19:16.356 [AsyncHttpClient-1-2] DEBUG org.asynchttpclient.netty.channel.ChannelManager - Adding key: http://localhost:12496 for channel [id: 0x396ea6c7, L:/127.0.0.1:54997 - R:localhost/127.0.0.1:12496]
20:19:16.356 [AsyncHttpClient-1-1] DEBUG org.asynchttpclient.netty.channel.DefaultChannelPool - Entry count for : http://localhost:55000 : 1
20:19:16.357 [AsyncHttpClient-1-1] DEBUG org.asynchttpclient.netty.channel.DefaultChannelPool - Entry count for : http://localhost:12496 : 1
20:19:16.363 [Forwarding getCurrentUrl on session 04c160b20938833949b8b8a3d4c244b5 to remote] DEBUG org.asynchttpclient.netty.request.NettyRequestSender - Using pooled Channel '[id: 0x396ea6c7, L:/127.0.0.1:54997 - R:localhost/127.0.0.1:12496]' for 'GET' to 'http://localhost:12496/session/04c160b20938833949b8b8a3d4c244b5/url'
20:19:16.364 [Forwarding getCurrentUrl on session 04c160b20938833949b8b8a3d4c244b5 to remote] DEBUG org.asynchttpclient.netty.request.NettyRequestSender - Using open Channel [id: 0x396ea6c7, L:/127.0.0.1:54997 - R:localhost/127.0.0.1:12496] for GET '/session/04c160b20938833949b8b8a3d4c244b5/url'
20:19:16.373 [AsyncHttpClient-1-2] DEBUG org.asynchttpclient.netty.handler.HttpHandler - 

Request DefaultFullHttpRequest(decodeResult: success, version: HTTP/1.1, content: EmptyByteBufBE)
GET /session/04c160b20938833949b8b8a3d4c244b5/url HTTP/1.1
User-Agent: selenium/4.8.1 (java windows)
Cache-Control: no-cache
Content-Type: application/json; charset=utf-8
host: localhost:12496
accept: */*

Response DefaultHttpResponse(decodeResult: success, version: HTTP/1.1)
HTTP/1.1 200 OK
Content-Length: 54
Content-Type: application/json; charset=utf-8
cache-control: no-cache

20:19:16.374 [AsyncHttpClient-1-2] DEBUG org.asynchttpclient.netty.channel.ChannelManager - Adding key: http://localhost:12496 for channel [id: 0x396ea6c7, L:/127.0.0.1:54997 - R:localhost/127.0.0.1:12496]
20:19:16.397 [Forwarding getAlertText on session 04c160b20938833949b8b8a3d4c244b5 to remote] DEBUG org.asynchttpclient.netty.request.NettyRequestSender - Using pooled Channel '[id: 0x396ea6c7, L:/127.0.0.1:54997 - R:localhost/127.0.0.1:12496]' for 'GET' to 'http://localhost:12496/session/04c160b20938833949b8b8a3d4c244b5/alert/text'
20:19:16.397 [Forwarding getAlertText on session 04c160b20938833949b8b8a3d4c244b5 to remote] DEBUG org.asynchttpclient.netty.request.NettyRequestSender - Using open Channel [id: 0x396ea6c7, L:/127.0.0.1:54997 - R:localhost/127.0.0.1:12496] for GET '/session/04c160b20938833949b8b8a3d4c244b5/alert/text'
20:19:16.400 [AsyncHttpClient-1-2] DEBUG org.asynchttpclient.netty.handler.HttpHandler - 

Request DefaultFullHttpRequest(decodeResult: success, version: HTTP/1.1, content: EmptyByteBufBE)
GET /session/04c160b20938833949b8b8a3d4c244b5/alert/text HTTP/1.1
User-Agent: selenium/4.8.1 (java windows)
Cache-Control: no-cache
Content-Type: application/json; charset=utf-8
host: localhost:12496
accept: */*

Response DefaultHttpResponse(decodeResult: success, version: HTTP/1.1)
HTTP/1.1 404 Not Found
Content-Length: 836
Content-Type: application/json; charset=utf-8
cache-control: no-cache

20:19:16.401 [AsyncHttpClient-1-2] DEBUG org.asynchttpclient.netty.channel.ChannelManager - Adding key: http://localhost:12496 for channel [id: 0x396ea6c7, L:/127.0.0.1:54997 - R:localhost/127.0.0.1:12496]
20:19:16.404 [Forwarding getCurrentUrl on session 04c160b20938833949b8b8a3d4c244b5 to remote] DEBUG org.asynchttpclient.netty.request.NettyRequestSender - Using pooled Channel '[id: 0x396ea6c7, L:/127.0.0.1:54997 - R:localhost/127.0.0.1:12496]' for 'GET' to 'http://localhost:12496/session/04c160b20938833949b8b8a3d4c244b5/url'
20:19:16.405 [Forwarding getCurrentUrl on session 04c160b20938833949b8b8a3d4c244b5 to remote] DEBUG org.asynchttpclient.netty.request.NettyRequestSender - Using open Channel [id: 0x396ea6c7, L:/127.0.0.1:54997 - R:localhost/127.0.0.1:12496] for GET '/session/04c160b20938833949b8b8a3d4c244b5/url'
20:19:16.411 [AsyncHttpClient-1-2] DEBUG org.asynchttpclient.netty.handler.HttpHandler - 

Request DefaultFullHttpRequest(decodeResult: success, version: HTTP/1.1, content: EmptyByteBufBE)
GET /session/04c160b20938833949b8b8a3d4c244b5/url HTTP/1.1
User-Agent: selenium/4.8.1 (java windows)
Cache-Control: no-cache
Content-Type: application/json; charset=utf-8
host: localhost:12496
accept: */*

Response DefaultHttpResponse(decodeResult: success, version: HTTP/1.1)
HTTP/1.1 200 OK
Content-Length: 54
Content-Type: application/json; charset=utf-8
cache-control: no-cache

20:19:16.412 [AsyncHttpClient-1-2] DEBUG org.asynchttpclient.netty.channel.ChannelManager - Adding key: http://localhost:12496 for channel [id: 0x396ea6c7, L:/127.0.0.1:54997 - R:localhost/127.0.0.1:12496]
20:19:16.416 [Forwarding screenshot on session 04c160b20938833949b8b8a3d4c244b5 to remote] DEBUG org.asynchttpclient.netty.request.NettyRequestSender - Using pooled Channel '[id: 0x396ea6c7, L:/127.0.0.1:54997 - R:localhost/127.0.0.1:12496]' for 'GET' to 'http://localhost:12496/session/04c160b20938833949b8b8a3d4c244b5/screenshot'
20:19:16.416 [Forwarding screenshot on session 04c160b20938833949b8b8a3d4c244b5 to remote] DEBUG org.asynchttpclient.netty.request.NettyRequestSender - Using open Channel [id: 0x396ea6c7, L:/127.0.0.1:54997 - R:localhost/127.0.0.1:12496] for GET '/session/04c160b20938833949b8b8a3d4c244b5/screenshot'
20:19:16.524 [AsyncHttpClient-1-2] DEBUG org.asynchttpclient.netty.handler.HttpHandler - 

Request DefaultFullHttpRequest(decodeResult: success, version: HTTP/1.1, content: EmptyByteBufBE)
GET /session/04c160b20938833949b8b8a3d4c244b5/screenshot HTTP/1.1
User-Agent: selenium/4.8.1 (java windows)
Cache-Control: no-cache
Content-Type: application/json; charset=utf-8
host: localhost:12496
accept: */*

Response DefaultHttpResponse(decodeResult: success, version: HTTP/1.1)
HTTP/1.1 200 OK
Content-Length: 29204
Content-Type: application/json; charset=utf-8
cache-control: no-cache

20:19:16.525 [AsyncHttpClient-1-2] DEBUG org.asynchttpclient.netty.channel.ChannelManager - Adding key: http://localhost:12496 for channel [id: 0x396ea6c7, L:/127.0.0.1:54997 - R:localhost/127.0.0.1:12496]
20:19:16.527 [main] DEBUG net.serenitybdd.core.photography.Darkroom - Send negative for processing for target\site\serenity\737ae0f6fec7cc4dd7ecefbda6d92fbb3a132cd979f18eb6d077e8d508c05977.png
20:19:16.528 [Darkroom Processing Line] DEBUG net.serenitybdd.core.photography.DarkroomProcessingLine - Processing screenshot image in /var/screenshots/screenshot-899294422723982394
20:19:16.528 [Darkroom Processing Line] DEBUG net.serenitybdd.core.photography.DarkroomProcessingLine - Saving screenshot to target\site\serenity\737ae0f6fec7cc4dd7ecefbda6d92fbb3a132cd979f18eb6d077e8d508c05977.png
20:19:16.529 [Forwarding getPageSource on session 04c160b20938833949b8b8a3d4c244b5 to remote] DEBUG org.asynchttpclient.netty.request.NettyRequestSender - Using pooled Channel '[id: 0x396ea6c7, L:/127.0.0.1:54997 - R:localhost/127.0.0.1:12496]' for 'POST' to 'http://localhost:12496/session/04c160b20938833949b8b8a3d4c244b5/execute/sync'
20:19:16.530 [Forwarding getPageSource on session 04c160b20938833949b8b8a3d4c244b5 to remote] DEBUG org.asynchttpclient.netty.request.NettyRequestSender - Using open Channel [id: 0x396ea6c7, L:/127.0.0.1:54997 - R:localhost/127.0.0.1:12496] for POST '/session/04c160b20938833949b8b8a3d4c244b5/execute/sync'
20:19:16.539 [AsyncHttpClient-1-2] DEBUG org.asynchttpclient.netty.handler.HttpHandler - 

Request DefaultHttpRequest(decodeResult: success, version: HTTP/1.1)
POST /session/04c160b20938833949b8b8a3d4c244b5/execute/sync HTTP/1.1
User-Agent: selenium/4.8.1 (java windows)
Content-Length: 176
Content-Type: application/json; charset=utf-8
host: localhost:12496
accept: */*

Response DefaultHttpResponse(decodeResult: success, version: HTTP/1.1)
HTTP/1.1 200 OK
Content-Length: 22435
Content-Type: application/json; charset=utf-8
cache-control: no-cache

20:19:16.540 [AsyncHttpClient-1-2] DEBUG org.asynchttpclient.netty.channel.ChannelManager - Adding key: http://localhost:12496 for channel [id: 0x396ea6c7, L:/127.0.0.1:54997 - R:localhost/127.0.0.1:12496]
20:19:16.547 [Forwarding getCurrentUrl on session 04c160b20938833949b8b8a3d4c244b5 to remote] DEBUG org.asynchttpclient.netty.request.NettyRequestSender - Using pooled Channel '[id: 0x396ea6c7, L:/127.0.0.1:54997 - R:localhost/127.0.0.1:12496]' for 'GET' to 'http://localhost:12496/session/04c160b20938833949b8b8a3d4c244b5/url'
20:19:16.547 [Forwarding getCurrentUrl on session 04c160b20938833949b8b8a3d4c244b5 to remote] DEBUG org.asynchttpclient.netty.request.NettyRequestSender - Using open Channel [id: 0x396ea6c7, L:/127.0.0.1:54997 - R:localhost/127.0.0.1:12496] for GET '/session/04c160b20938833949b8b8a3d4c244b5/url'
20:19:16.554 [AsyncHttpClient-1-2] DEBUG org.asynchttpclient.netty.handler.HttpHandler - 

Request DefaultFullHttpRequest(decodeResult: success, version: HTTP/1.1, content: EmptyByteBufBE)
GET /session/04c160b20938833949b8b8a3d4c244b5/url HTTP/1.1
User-Agent: selenium/4.8.1 (java windows)
Cache-Control: no-cache
Content-Type: application/json; charset=utf-8
host: localhost:12496
accept: */*

Response DefaultHttpResponse(decodeResult: success, version: HTTP/1.1)
HTTP/1.1 200 OK
Content-Length: 54
Content-Type: application/json; charset=utf-8
cache-control: no-cache

20:19:16.555 [AsyncHttpClient-1-2] DEBUG org.asynchttpclient.netty.channel.ChannelManager - Adding key: http://localhost:12496 for channel [id: 0x396ea6c7, L:/127.0.0.1:54997 - R:localhost/127.0.0.1:12496]
20:19:16.561 [main] DEBUG net.thucydides.core.steps.StepInterceptor - STARTING STEP: RegisterSteps.inputEmailReg - inputEmailReg
20:19:16.569 [Forwarding findElement on session 04c160b20938833949b8b8a3d4c244b5 to remote] DEBUG org.asynchttpclient.netty.request.NettyRequestSender - Using pooled Channel '[id: 0x396ea6c7, L:/127.0.0.1:54997 - R:localhost/127.0.0.1:12496]' for 'POST' to 'http://localhost:12496/session/04c160b20938833949b8b8a3d4c244b5/element'
20:19:16.570 [Forwarding findElement on session 04c160b20938833949b8b8a3d4c244b5 to remote] DEBUG org.asynchttpclient.netty.request.NettyRequestSender - Using open Channel [id: 0x396ea6c7, L:/127.0.0.1:54997 - R:localhost/127.0.0.1:12496] for POST '/session/04c160b20938833949b8b8a3d4c244b5/element'
20:19:16.589 [AsyncHttpClient-1-2] DEBUG org.asynchttpclient.netty.handler.HttpHandler - 

Request DefaultHttpRequest(decodeResult: success, version: HTTP/1.1)
POST /session/04c160b20938833949b8b8a3d4c244b5/element HTTP/1.1
User-Agent: selenium/4.8.1 (java windows)
Content-Length: 55
Content-Type: application/json; charset=utf-8
host: localhost:12496
accept: */*

Response DefaultHttpResponse(decodeResult: success, version: HTTP/1.1)
HTTP/1.1 200 OK
Content-Length: 88
Content-Type: application/json; charset=utf-8
cache-control: no-cache

20:19:16.589 [AsyncHttpClient-1-2] DEBUG org.asynchttpclient.netty.channel.ChannelManager - Adding key: http://localhost:12496 for channel [id: 0x396ea6c7, L:/127.0.0.1:54997 - R:localhost/127.0.0.1:12496]
20:19:16.592 [Forwarding clearElement on session 04c160b20938833949b8b8a3d4c244b5 to remote] DEBUG org.asynchttpclient.netty.request.NettyRequestSender - Using pooled Channel '[id: 0x396ea6c7, L:/127.0.0.1:54997 - R:localhost/127.0.0.1:12496]' for 'POST' to 'http://localhost:12496/session/04c160b20938833949b8b8a3d4c244b5/element/e08d3732-bbf9-454c-9609-33195d705a29/clear'
20:19:16.592 [Forwarding clearElement on session 04c160b20938833949b8b8a3d4c244b5 to remote] DEBUG org.asynchttpclient.netty.request.NettyRequestSender - Using open Channel [id: 0x396ea6c7, L:/127.0.0.1:54997 - R:localhost/127.0.0.1:12496] for POST '/session/04c160b20938833949b8b8a3d4c244b5/element/e08d3732-bbf9-454c-9609-33195d705a29/clear'
20:19:16.641 [AsyncHttpClient-1-2] DEBUG org.asynchttpclient.netty.handler.HttpHandler - 

Request DefaultHttpRequest(decodeResult: success, version: HTTP/1.1)
POST /session/04c160b20938833949b8b8a3d4c244b5/element/e08d3732-bbf9-454c-9609-33195d705a29/clear HTTP/1.1
User-Agent: selenium/4.8.1 (java windows)
Content-Length: 50
Content-Type: application/json; charset=utf-8
host: localhost:12496
accept: */*

Response DefaultHttpResponse(decodeResult: success, version: HTTP/1.1)
HTTP/1.1 200 OK
Content-Length: 14
Content-Type: application/json; charset=utf-8
cache-control: no-cache

20:19:16.642 [AsyncHttpClient-1-2] DEBUG org.asynchttpclient.netty.channel.ChannelManager - Adding key: http://localhost:12496 for channel [id: 0x396ea6c7, L:/127.0.0.1:54997 - R:localhost/127.0.0.1:12496]
20:19:16.648 [Forwarding sendKeysToElement on session 04c160b20938833949b8b8a3d4c244b5 to remote] DEBUG org.asynchttpclient.netty.request.NettyRequestSender - Using pooled Channel '[id: 0x396ea6c7, L:/127.0.0.1:54997 - R:localhost/127.0.0.1:12496]' for 'POST' to 'http://localhost:12496/session/04c160b20938833949b8b8a3d4c244b5/element/e08d3732-bbf9-454c-9609-33195d705a29/value'
20:19:16.648 [Forwarding sendKeysToElement on session 04c160b20938833949b8b8a3d4c244b5 to remote] DEBUG org.asynchttpclient.netty.request.NettyRequestSender - Using open Channel [id: 0x396ea6c7, L:/127.0.0.1:54997 - R:localhost/127.0.0.1:12496] for POST '/session/04c160b20938833949b8b8a3d4c244b5/element/e08d3732-bbf9-454c-9609-33195d705a29/value'
20:19:16.814 [AsyncHttpClient-1-2] DEBUG org.asynchttpclient.netty.handler.HttpHandler - 

Request DefaultHttpRequest(decodeResult: success, version: HTTP/1.1)
POST /session/04c160b20938833949b8b8a3d4c244b5/element/e08d3732-bbf9-454c-9609-33195d705a29/value HTTP/1.1
User-Agent: selenium/4.8.1 (java windows)
Content-Length: 221
Content-Type: application/json; charset=utf-8
host: localhost:12496
accept: */*

Response DefaultHttpResponse(decodeResult: success, version: HTTP/1.1)
HTTP/1.1 200 OK
Content-Length: 14
Content-Type: application/json; charset=utf-8
cache-control: no-cache

20:19:16.815 [AsyncHttpClient-1-2] DEBUG org.asynchttpclient.netty.channel.ChannelManager - Adding key: http://localhost:12496 for channel [id: 0x396ea6c7, L:/127.0.0.1:54997 - R:localhost/127.0.0.1:12496]
20:19:16.829 [Forwarding getAlertText on session 04c160b20938833949b8b8a3d4c244b5 to remote] DEBUG org.asynchttpclient.netty.request.NettyRequestSender - Using pooled Channel '[id: 0x396ea6c7, L:/127.0.0.1:54997 - R:localhost/127.0.0.1:12496]' for 'GET' to 'http://localhost:12496/session/04c160b20938833949b8b8a3d4c244b5/alert/text'
20:19:16.829 [Forwarding getAlertText on session 04c160b20938833949b8b8a3d4c244b5 to remote] DEBUG org.asynchttpclient.netty.request.NettyRequestSender - Using open Channel [id: 0x396ea6c7, L:/127.0.0.1:54997 - R:localhost/127.0.0.1:12496] for GET '/session/04c160b20938833949b8b8a3d4c244b5/alert/text'
20:19:16.832 [AsyncHttpClient-1-2] DEBUG org.asynchttpclient.netty.handler.HttpHandler - 

Request DefaultFullHttpRequest(decodeResult: success, version: HTTP/1.1, content: EmptyByteBufBE)
GET /session/04c160b20938833949b8b8a3d4c244b5/alert/text HTTP/1.1
User-Agent: selenium/4.8.1 (java windows)
Cache-Control: no-cache
Content-Type: application/json; charset=utf-8
host: localhost:12496
accept: */*

Response DefaultHttpResponse(decodeResult: success, version: HTTP/1.1)
HTTP/1.1 404 Not Found
Content-Length: 836
Content-Type: application/json; charset=utf-8
cache-control: no-cache

20:19:16.833 [AsyncHttpClient-1-2] DEBUG org.asynchttpclient.netty.channel.ChannelManager - Adding key: http://localhost:12496 for channel [id: 0x396ea6c7, L:/127.0.0.1:54997 - R:localhost/127.0.0.1:12496]
20:19:16.836 [Forwarding getCurrentUrl on session 04c160b20938833949b8b8a3d4c244b5 to remote] DEBUG org.asynchttpclient.netty.request.NettyRequestSender - Using pooled Channel '[id: 0x396ea6c7, L:/127.0.0.1:54997 - R:localhost/127.0.0.1:12496]' for 'GET' to 'http://localhost:12496/session/04c160b20938833949b8b8a3d4c244b5/url'
20:19:16.836 [Forwarding getCurrentUrl on session 04c160b20938833949b8b8a3d4c244b5 to remote] DEBUG org.asynchttpclient.netty.request.NettyRequestSender - Using open Channel [id: 0x396ea6c7, L:/127.0.0.1:54997 - R:localhost/127.0.0.1:12496] for GET '/session/04c160b20938833949b8b8a3d4c244b5/url'
20:19:16.839 [AsyncHttpClient-1-2] DEBUG org.asynchttpclient.netty.handler.HttpHandler - 

Request DefaultFullHttpRequest(decodeResult: success, version: HTTP/1.1, content: EmptyByteBufBE)
GET /session/04c160b20938833949b8b8a3d4c244b5/url HTTP/1.1
User-Agent: selenium/4.8.1 (java windows)
Cache-Control: no-cache
Content-Type: application/json; charset=utf-8
host: localhost:12496
accept: */*

Response DefaultHttpResponse(decodeResult: success, version: HTTP/1.1)
HTTP/1.1 200 OK
Content-Length: 54
Content-Type: application/json; charset=utf-8
cache-control: no-cache

20:19:16.840 [AsyncHttpClient-1-2] DEBUG org.asynchttpclient.netty.channel.ChannelManager - Adding key: http://localhost:12496 for channel [id: 0x396ea6c7, L:/127.0.0.1:54997 - R:localhost/127.0.0.1:12496]
20:19:16.841 [Forwarding screenshot on session 04c160b20938833949b8b8a3d4c244b5 to remote] DEBUG org.asynchttpclient.netty.request.NettyRequestSender - Using pooled Channel '[id: 0x396ea6c7, L:/127.0.0.1:54997 - R:localhost/127.0.0.1:12496]' for 'GET' to 'http://localhost:12496/session/04c160b20938833949b8b8a3d4c244b5/screenshot'
20:19:16.842 [Forwarding screenshot on session 04c160b20938833949b8b8a3d4c244b5 to remote] DEBUG org.asynchttpclient.netty.request.NettyRequestSender - Using open Channel [id: 0x396ea6c7, L:/127.0.0.1:54997 - R:localhost/127.0.0.1:12496] for GET '/session/04c160b20938833949b8b8a3d4c244b5/screenshot'
20:19:16.951 [AsyncHttpClient-1-2] DEBUG org.asynchttpclient.netty.handler.HttpHandler - 

Request DefaultFullHttpRequest(decodeResult: success, version: HTTP/1.1, content: EmptyByteBufBE)
GET /session/04c160b20938833949b8b8a3d4c244b5/screenshot HTTP/1.1
User-Agent: selenium/4.8.1 (java windows)
Cache-Control: no-cache
Content-Type: application/json; charset=utf-8
host: localhost:12496
accept: */*

Response DefaultHttpResponse(decodeResult: success, version: HTTP/1.1)
HTTP/1.1 200 OK
Content-Length: 33992
Content-Type: application/json; charset=utf-8
cache-control: no-cache

20:19:16.952 [AsyncHttpClient-1-2] DEBUG org.asynchttpclient.netty.channel.ChannelManager - Adding key: http://localhost:12496 for channel [id: 0x396ea6c7, L:/127.0.0.1:54997 - R:localhost/127.0.0.1:12496]
20:19:16.955 [main] DEBUG net.serenitybdd.core.photography.Darkroom - Send negative for processing for target\site\serenity\75d110312a9d7317b814ae1ce2d54fd2d057579d04d9e15f45c411bd2d48efe3.png
20:19:16.955 [Darkroom Processing Line] DEBUG net.serenitybdd.core.photography.DarkroomProcessingLine - Processing screenshot image in /var/screenshots/screenshot-3108050169062682355
20:19:16.956 [main] DEBUG net.thucydides.core.steps.StepInterceptor - STEP DONE: inputEmailReg
20:19:16.956 [Darkroom Processing Line] DEBUG net.serenitybdd.core.photography.DarkroomProcessingLine - Saving screenshot to target\site\serenity\75d110312a9d7317b814ae1ce2d54fd2d057579d04d9e15f45c411bd2d48efe3.png
  &amp#27;[32mAnd &amp#27;[0m&amp#27;[32mI input correct email for register&amp#27;[0m    &amp#27;[90m# starter.stepdefinitions.RegisterSteps.inputEmailReg()&amp#27;[0m
20:19:16.970 [Forwarding getPageSource on session 04c160b20938833949b8b8a3d4c244b5 to remote] DEBUG org.asynchttpclient.netty.request.NettyRequestSender - Using pooled Channel '[id: 0x396ea6c7, L:/127.0.0.1:54997 - R:localhost/127.0.0.1:12496]' for 'POST' to 'http://localhost:12496/session/04c160b20938833949b8b8a3d4c244b5/execute/sync'
20:19:16.970 [Forwarding getPageSource on session 04c160b20938833949b8b8a3d4c244b5 to remote] DEBUG org.asynchttpclient.netty.request.NettyRequestSender - Using open Channel [id: 0x396ea6c7, L:/127.0.0.1:54997 - R:localhost/127.0.0.1:12496] for POST '/session/04c160b20938833949b8b8a3d4c244b5/execute/sync'
20:19:16.977 [AsyncHttpClient-1-2] DEBUG org.asynchttpclient.netty.handler.HttpHandler - 

Request DefaultHttpRequest(decodeResult: success, version: HTTP/1.1)
POST /session/04c160b20938833949b8b8a3d4c244b5/execute/sync HTTP/1.1
User-Agent: selenium/4.8.1 (java windows)
Content-Length: 176
Content-Type: application/json; charset=utf-8
host: localhost:12496
accept: */*

Response DefaultHttpResponse(decodeResult: success, version: HTTP/1.1)
HTTP/1.1 200 OK
Content-Length: 22494
Content-Type: application/json; charset=utf-8
cache-control: no-cache

20:19:16.977 [AsyncHttpClient-1-2] DEBUG org.asynchttpclient.netty.channel.ChannelManager - Adding key: http://localhost:12496 for channel [id: 0x396ea6c7, L:/127.0.0.1:54997 - R:localhost/127.0.0.1:12496]
20:19:16.982 [Forwarding getCurrentUrl on session 04c160b20938833949b8b8a3d4c244b5 to remote] DEBUG org.asynchttpclient.netty.request.NettyRequestSender - Using pooled Channel '[id: 0x396ea6c7, L:/127.0.0.1:54997 - R:localhost/127.0.0.1:12496]' for 'GET' to 'http://localhost:12496/session/04c160b20938833949b8b8a3d4c244b5/url'
20:19:16.982 [Forwarding getCurrentUrl on session 04c160b20938833949b8b8a3d4c244b5 to remote] DEBUG org.asynchttpclient.netty.request.NettyRequestSender - Using open Channel [id: 0x396ea6c7, L:/127.0.0.1:54997 - R:localhost/127.0.0.1:12496] for GET '/session/04c160b20938833949b8b8a3d4c244b5/url'
20:19:16.986 [AsyncHttpClient-1-2] DEBUG org.asynchttpclient.netty.handler.HttpHandler - 

Request DefaultFullHttpRequest(decodeResult: success, version: HTTP/1.1, content: EmptyByteBufBE)
GET /session/04c160b20938833949b8b8a3d4c244b5/url HTTP/1.1
User-Agent: selenium/4.8.1 (java windows)
Cache-Control: no-cache
Content-Type: application/json; charset=utf-8
host: localhost:12496
accept: */*

Response DefaultHttpResponse(decodeResult: success, version: HTTP/1.1)
HTTP/1.1 200 OK
Content-Length: 54
Content-Type: application/json; charset=utf-8
cache-control: no-cache

20:19:16.987 [AsyncHttpClient-1-2] DEBUG org.asynchttpclient.netty.channel.ChannelManager - Adding key: http://localhost:12496 for channel [id: 0x396ea6c7, L:/127.0.0.1:54997 - R:localhost/127.0.0.1:12496]
20:19:16.999 [Forwarding getPageSource on session 04c160b20938833949b8b8a3d4c244b5 to remote] DEBUG org.asynchttpclient.netty.request.NettyRequestSender - Using pooled Channel '[id: 0x396ea6c7, L:/127.0.0.1:54997 - R:localhost/127.0.0.1:12496]' for 'POST' to 'http://localhost:12496/session/04c160b20938833949b8b8a3d4c244b5/execute/sync'
20:19:16.999 [Forwarding getPageSource on session 04c160b20938833949b8b8a3d4c244b5 to remote] DEBUG org.asynchttpclient.netty.request.NettyRequestSender - Using open Channel [id: 0x396ea6c7, L:/127.0.0.1:54997 - R:localhost/127.0.0.1:12496] for POST '/session/04c160b20938833949b8b8a3d4c244b5/execute/sync'
20:19:17.008 [AsyncHttpClient-1-2] DEBUG org.asynchttpclient.netty.handler.HttpHandler - 

Request DefaultHttpRequest(decodeResult: success, version: HTTP/1.1)
POST /session/04c160b20938833949b8b8a3d4c244b5/execute/sync HTTP/1.1
User-Agent: selenium/4.8.1 (java windows)
Content-Length: 176
Content-Type: application/json; charset=utf-8
host: localhost:12496
accept: */*

Response DefaultHttpResponse(decodeResult: success, version: HTTP/1.1)
HTTP/1.1 200 OK
Content-Length: 22494
Content-Type: application/json; charset=utf-8
cache-control: no-cache

20:19:17.008 [AsyncHttpClient-1-2] DEBUG org.asynchttpclient.netty.channel.ChannelManager - Adding key: http://localhost:12496 for channel [id: 0x396ea6c7, L:/127.0.0.1:54997 - R:localhost/127.0.0.1:12496]
20:19:17.013 [Forwarding getCurrentUrl on session 04c160b20938833949b8b8a3d4c244b5 to remote] DEBUG org.asynchttpclient.netty.request.NettyRequestSender - Using pooled Channel '[id: 0x396ea6c7, L:/127.0.0.1:54997 - R:localhost/127.0.0.1:12496]' for 'GET' to 'http://localhost:12496/session/04c160b20938833949b8b8a3d4c244b5/url'
20:19:17.013 [Forwarding getCurrentUrl on session 04c160b20938833949b8b8a3d4c244b5 to remote] DEBUG org.asynchttpclient.netty.request.NettyRequestSender - Using open Channel [id: 0x396ea6c7, L:/127.0.0.1:54997 - R:localhost/127.0.0.1:12496] for GET '/session/04c160b20938833949b8b8a3d4c244b5/url'
20:19:17.019 [AsyncHttpClient-1-2] DEBUG org.asynchttpclient.netty.handler.HttpHandler - 

Request DefaultFullHttpRequest(decodeResult: success, version: HTTP/1.1, content: EmptyByteBufBE)
GET /session/04c160b20938833949b8b8a3d4c244b5/url HTTP/1.1
User-Agent: selenium/4.8.1 (java windows)
Cache-Control: no-cache
Content-Type: application/json; charset=utf-8
host: localhost:12496
accept: */*

Response DefaultHttpResponse(decodeResult: success, version: HTTP/1.1)
HTTP/1.1 200 OK
Content-Length: 54
Content-Type: application/json; charset=utf-8
cache-control: no-cache

20:19:17.020 [AsyncHttpClient-1-2] DEBUG org.asynchttpclient.netty.channel.ChannelManager - Adding key: http://localhost:12496 for channel [id: 0x396ea6c7, L:/127.0.0.1:54997 - R:localhost/127.0.0.1:12496]
20:19:17.023 [main] DEBUG net.thucydides.core.steps.StepInterceptor - STARTING STEP: RegisterSteps.inputPasswordReg - inputPasswordReg
20:19:17.026 [Forwarding findElement on session 04c160b20938833949b8b8a3d4c244b5 to remote] DEBUG org.asynchttpclient.netty.request.NettyRequestSender - Using pooled Channel '[id: 0x396ea6c7, L:/127.0.0.1:54997 - R:localhost/127.0.0.1:12496]' for 'POST' to 'http://localhost:12496/session/04c160b20938833949b8b8a3d4c244b5/element'
20:19:17.026 [Forwarding findElement on session 04c160b20938833949b8b8a3d4c244b5 to remote] DEBUG org.asynchttpclient.netty.request.NettyRequestSender - Using open Channel [id: 0x396ea6c7, L:/127.0.0.1:54997 - R:localhost/127.0.0.1:12496] for POST '/session/04c160b20938833949b8b8a3d4c244b5/element'
20:19:17.040 [AsyncHttpClient-1-2] DEBUG org.asynchttpclient.netty.handler.HttpHandler - 

Request DefaultHttpRequest(decodeResult: success, version: HTTP/1.1)
POST /session/04c160b20938833949b8b8a3d4c244b5/element HTTP/1.1
User-Agent: selenium/4.8.1 (java windows)
Content-Length: 55
Content-Type: application/json; charset=utf-8
host: localhost:12496
accept: */*

Response DefaultHttpResponse(decodeResult: success, version: HTTP/1.1)
HTTP/1.1 200 OK
Content-Length: 88
Content-Type: application/json; charset=utf-8
cache-control: no-cache

20:19:17.040 [AsyncHttpClient-1-2] DEBUG org.asynchttpclient.netty.channel.ChannelManager - Adding key: http://localhost:12496 for channel [id: 0x396ea6c7, L:/127.0.0.1:54997 - R:localhost/127.0.0.1:12496]
20:19:17.042 [Forwarding clearElement on session 04c160b20938833949b8b8a3d4c244b5 to remote] DEBUG org.asynchttpclient.netty.request.NettyRequestSender - Using pooled Channel '[id: 0x396ea6c7, L:/127.0.0.1:54997 - R:localhost/127.0.0.1:12496]' for 'POST' to 'http://localhost:12496/session/04c160b20938833949b8b8a3d4c244b5/element/004c4486-9de7-468b-b0f4-72e343001992/clear'
20:19:17.042 [Forwarding clearElement on session 04c160b20938833949b8b8a3d4c244b5 to remote] DEBUG org.asynchttpclient.netty.request.NettyRequestSender - Using open Channel [id: 0x396ea6c7, L:/127.0.0.1:54997 - R:localhost/127.0.0.1:12496] for POST '/session/04c160b20938833949b8b8a3d4c244b5/element/004c4486-9de7-468b-b0f4-72e343001992/clear'
20:19:17.070 [AsyncHttpClient-1-2] DEBUG org.asynchttpclient.netty.handler.HttpHandler - 

Request DefaultHttpRequest(decodeResult: success, version: HTTP/1.1)
POST /session/04c160b20938833949b8b8a3d4c244b5/element/004c4486-9de7-468b-b0f4-72e343001992/clear HTTP/1.1
User-Agent: selenium/4.8.1 (java windows)
Content-Length: 50
Content-Type: application/json; charset=utf-8
host: localhost:12496
accept: */*

Response DefaultHttpResponse(decodeResult: success, version: HTTP/1.1)
HTTP/1.1 200 OK
Content-Length: 14
Content-Type: application/json; charset=utf-8
cache-control: no-cache

20:19:17.071 [AsyncHttpClient-1-2] DEBUG org.asynchttpclient.netty.channel.ChannelManager - Adding key: http://localhost:12496 for channel [id: 0x396ea6c7, L:/127.0.0.1:54997 - R:localhost/127.0.0.1:12496]
20:19:17.074 [Forwarding sendKeysToElement on session 04c160b20938833949b8b8a3d4c244b5 to remote] DEBUG org.asynchttpclient.netty.request.NettyRequestSender - Using pooled Channel '[id: 0x396ea6c7, L:/127.0.0.1:54997 - R:localhost/127.0.0.1:12496]' for 'POST' to 'http://localhost:12496/session/04c160b20938833949b8b8a3d4c244b5/element/004c4486-9de7-468b-b0f4-72e343001992/value'
20:19:17.074 [Forwarding sendKeysToElement on session 04c160b20938833949b8b8a3d4c244b5 to remote] DEBUG org.asynchttpclient.netty.request.NettyRequestSender - Using open Channel [id: 0x396ea6c7, L:/127.0.0.1:54997 - R:localhost/127.0.0.1:12496] for POST '/session/04c160b20938833949b8b8a3d4c244b5/element/004c4486-9de7-468b-b0f4-72e343001992/value'
20:19:17.118 [AsyncHttpClient-1-2] DEBUG org.asynchttpclient.netty.handler.HttpHandler - 

Request DefaultHttpRequest(decodeResult: success, version: HTTP/1.1)
POST /session/04c160b20938833949b8b8a3d4c244b5/element/004c4486-9de7-468b-b0f4-72e343001992/value HTTP/1.1
User-Agent: selenium/4.8.1 (java windows)
Content-Length: 101
Content-Type: application/json; charset=utf-8
host: localhost:12496
accept: */*

Response DefaultHttpResponse(decodeResult: success, version: HTTP/1.1)
HTTP/1.1 200 OK
Content-Length: 14
Content-Type: application/json; charset=utf-8
cache-control: no-cache

20:19:17.118 [AsyncHttpClient-1-2] DEBUG org.asynchttpclient.netty.channel.ChannelManager - Adding key: http://localhost:12496 for channel [id: 0x396ea6c7, L:/127.0.0.1:54997 - R:localhost/127.0.0.1:12496]
20:19:17.125 [Forwarding getAlertText on session 04c160b20938833949b8b8a3d4c244b5 to remote] DEBUG org.asynchttpclient.netty.request.NettyRequestSender - Using pooled Channel '[id: 0x396ea6c7, L:/127.0.0.1:54997 - R:localhost/127.0.0.1:12496]' for 'GET' to 'http://localhost:12496/session/04c160b20938833949b8b8a3d4c244b5/alert/text'
20:19:17.125 [Forwarding getAlertText on session 04c160b20938833949b8b8a3d4c244b5 to remote] DEBUG org.asynchttpclient.netty.request.NettyRequestSender - Using open Channel [id: 0x396ea6c7, L:/127.0.0.1:54997 - R:localhost/127.0.0.1:12496] for GET '/session/04c160b20938833949b8b8a3d4c244b5/alert/text'
20:19:17.129 [AsyncHttpClient-1-2] DEBUG org.asynchttpclient.netty.handler.HttpHandler - 

Request DefaultFullHttpRequest(decodeResult: success, version: HTTP/1.1, content: EmptyByteBufBE)
GET /session/04c160b20938833949b8b8a3d4c244b5/alert/text HTTP/1.1
User-Agent: selenium/4.8.1 (java windows)
Cache-Control: no-cache
Content-Type: application/json; charset=utf-8
host: localhost:12496
accept: */*

Response DefaultHttpResponse(decodeResult: success, version: HTTP/1.1)
HTTP/1.1 404 Not Found
Content-Length: 836
Content-Type: application/json; charset=utf-8
cache-control: no-cache

20:19:17.129 [AsyncHttpClient-1-2] DEBUG org.asynchttpclient.netty.channel.ChannelManager - Adding key: http://localhost:12496 for channel [id: 0x396ea6c7, L:/127.0.0.1:54997 - R:localhost/127.0.0.1:12496]
20:19:17.130 [Forwarding getCurrentUrl on session 04c160b20938833949b8b8a3d4c244b5 to remote] DEBUG org.asynchttpclient.netty.request.NettyRequestSender - Using pooled Channel '[id: 0x396ea6c7, L:/127.0.0.1:54997 - R:localhost/127.0.0.1:12496]' for 'GET' to 'http://localhost:12496/session/04c160b20938833949b8b8a3d4c244b5/url'
20:19:17.130 [Forwarding getCurrentUrl on session 04c160b20938833949b8b8a3d4c244b5 to remote] DEBUG org.asynchttpclient.netty.request.NettyRequestSender - Using open Channel [id: 0x396ea6c7, L:/127.0.0.1:54997 - R:localhost/127.0.0.1:12496] for GET '/session/04c160b20938833949b8b8a3d4c244b5/url'
20:19:17.136 [AsyncHttpClient-1-2] DEBUG org.asynchttpclient.netty.handler.HttpHandler - 

Request DefaultFullHttpRequest(decodeResult: success, version: HTTP/1.1, content: EmptyByteBufBE)
GET /session/04c160b20938833949b8b8a3d4c244b5/url HTTP/1.1
User-Agent: selenium/4.8.1 (java windows)
Cache-Control: no-cache
Content-Type: application/json; charset=utf-8
host: localhost:12496
accept: */*

Response DefaultHttpResponse(decodeResult: success, version: HTTP/1.1)
HTTP/1.1 200 OK
Content-Length: 54
Content-Type: application/json; charset=utf-8
cache-control: no-cache

20:19:17.136 [AsyncHttpClient-1-2] DEBUG org.asynchttpclient.netty.channel.ChannelManager - Adding key: http://localhost:12496 for channel [id: 0x396ea6c7, L:/127.0.0.1:54997 - R:localhost/127.0.0.1:12496]
20:19:17.138 [Forwarding screenshot on session 04c160b20938833949b8b8a3d4c244b5 to remote] DEBUG org.asynchttpclient.netty.request.NettyRequestSender - Using pooled Channel '[id: 0x396ea6c7, L:/127.0.0.1:54997 - R:localhost/127.0.0.1:12496]' for 'GET' to 'http://localhost:12496/session/04c160b20938833949b8b8a3d4c244b5/screenshot'
20:19:17.138 [Forwarding screenshot on session 04c160b20938833949b8b8a3d4c244b5 to remote] DEBUG org.asynchttpclient.netty.request.NettyRequestSender - Using open Channel [id: 0x396ea6c7, L:/127.0.0.1:54997 - R:localhost/127.0.0.1:12496] for GET '/session/04c160b20938833949b8b8a3d4c244b5/screenshot'
20:19:17.241 [AsyncHttpClient-1-2] DEBUG org.asynchttpclient.netty.handler.HttpHandler - 

Request DefaultFullHttpRequest(decodeResult: success, version: HTTP/1.1, content: EmptyByteBufBE)
GET /session/04c160b20938833949b8b8a3d4c244b5/screenshot HTTP/1.1
User-Agent: selenium/4.8.1 (java windows)
Cache-Control: no-cache
Content-Type: application/json; charset=utf-8
host: localhost:12496
accept: */*

Response DefaultHttpResponse(decodeResult: success, version: HTTP/1.1)
HTTP/1.1 200 OK
Content-Length: 33268
Content-Type: application/json; charset=utf-8
cache-control: no-cache

20:19:17.241 [AsyncHttpClient-1-2] DEBUG org.asynchttpclient.netty.channel.ChannelManager - Adding key: http://localhost:12496 for channel [id: 0x396ea6c7, L:/127.0.0.1:54997 - R:localhost/127.0.0.1:12496]
20:19:17.245 [main] DEBUG net.serenitybdd.core.photography.Darkroom - Send negative for processing for target\site\serenity\9dd2488217a4202dd937d568bf016d928805fc38fdb25be31afaff57f434cc5f.png
20:19:17.245 [main] DEBUG net.thucydides.core.steps.StepInterceptor - STEP DONE: inputPasswordReg
  &amp#27;[32mAnd &amp#27;[0m&amp#27;[32mI input correct password for register&amp#27;[0m &amp#27;[90m# starter.stepdefinitions.RegisterSteps.inputPasswordReg()&amp#27;[0m
20:19:17.245 [Darkroom Processing Line] DEBUG net.serenitybdd.core.photography.DarkroomProcessingLine - Processing screenshot image in /var/screenshots/screenshot-6904853681589980647
20:19:17.245 [Darkroom Processing Line] DEBUG net.serenitybdd.core.photography.DarkroomProcessingLine - Saving screenshot to target\site\serenity\9dd2488217a4202dd937d568bf016d928805fc38fdb25be31afaff57f434cc5f.png
20:19:17.260 [Forwarding getPageSource on session 04c160b20938833949b8b8a3d4c244b5 to remote] DEBUG org.asynchttpclient.netty.request.NettyRequestSender - Using pooled Channel '[id: 0x396ea6c7, L:/127.0.0.1:54997 - R:localhost/127.0.0.1:12496]' for 'POST' to 'http://localhost:12496/session/04c160b20938833949b8b8a3d4c244b5/execute/sync'
20:19:17.260 [Forwarding getPageSource on session 04c160b20938833949b8b8a3d4c244b5 to remote] DEBUG org.asynchttpclient.netty.request.NettyRequestSender - Using open Channel [id: 0x396ea6c7, L:/127.0.0.1:54997 - R:localhost/127.0.0.1:12496] for POST '/session/04c160b20938833949b8b8a3d4c244b5/execute/sync'
20:19:17.267 [AsyncHttpClient-1-2] DEBUG org.asynchttpclient.netty.handler.HttpHandler - 

Request DefaultHttpRequest(decodeResult: success, version: HTTP/1.1)
POST /session/04c160b20938833949b8b8a3d4c244b5/execute/sync HTTP/1.1
User-Agent: selenium/4.8.1 (java windows)
Content-Length: 176
Content-Type: application/json; charset=utf-8
host: localhost:12496
accept: */*

Response DefaultHttpResponse(decodeResult: success, version: HTTP/1.1)
HTTP/1.1 200 OK
Content-Length: 22553
Content-Type: application/json; charset=utf-8
cache-control: no-cache

20:19:17.268 [AsyncHttpClient-1-2] DEBUG org.asynchttpclient.netty.channel.ChannelManager - Adding key: http://localhost:12496 for channel [id: 0x396ea6c7, L:/127.0.0.1:54997 - R:localhost/127.0.0.1:12496]
20:19:17.272 [Forwarding getCurrentUrl on session 04c160b20938833949b8b8a3d4c244b5 to remote] DEBUG org.asynchttpclient.netty.request.NettyRequestSender - Using pooled Channel '[id: 0x396ea6c7, L:/127.0.0.1:54997 - R:localhost/127.0.0.1:12496]' for 'GET' to 'http://localhost:12496/session/04c160b20938833949b8b8a3d4c244b5/url'
20:19:17.272 [Forwarding getCurrentUrl on session 04c160b20938833949b8b8a3d4c244b5 to remote] DEBUG org.asynchttpclient.netty.request.NettyRequestSender - Using open Channel [id: 0x396ea6c7, L:/127.0.0.1:54997 - R:localhost/127.0.0.1:12496] for GET '/session/04c160b20938833949b8b8a3d4c244b5/url'
20:19:17.276 [AsyncHttpClient-1-2] DEBUG org.asynchttpclient.netty.handler.HttpHandler - 

Request DefaultFullHttpRequest(decodeResult: success, version: HTTP/1.1, content: EmptyByteBufBE)
GET /session/04c160b20938833949b8b8a3d4c244b5/url HTTP/1.1
User-Agent: selenium/4.8.1 (java windows)
Cache-Control: no-cache
Content-Type: application/json; charset=utf-8
host: localhost:12496
accept: */*

Response DefaultHttpResponse(decodeResult: success, version: HTTP/1.1)
HTTP/1.1 200 OK
Content-Length: 54
Content-Type: application/json; charset=utf-8
cache-control: no-cache

20:19:17.277 [AsyncHttpClient-1-2] DEBUG org.asynchttpclient.netty.channel.ChannelManager - Adding key: http://localhost:12496 for channel [id: 0x396ea6c7, L:/127.0.0.1:54997 - R:localhost/127.0.0.1:12496]
20:19:17.291 [Forwarding getPageSource on session 04c160b20938833949b8b8a3d4c244b5 to remote] DEBUG org.asynchttpclient.netty.request.NettyRequestSender - Using pooled Channel '[id: 0x396ea6c7, L:/127.0.0.1:54997 - R:localhost/127.0.0.1:12496]' for 'POST' to 'http://localhost:12496/session/04c160b20938833949b8b8a3d4c244b5/execute/sync'
20:19:17.291 [Forwarding getPageSource on session 04c160b20938833949b8b8a3d4c244b5 to remote] DEBUG org.asynchttpclient.netty.request.NettyRequestSender - Using open Channel [id: 0x396ea6c7, L:/127.0.0.1:54997 - R:localhost/127.0.0.1:12496] for POST '/session/04c160b20938833949b8b8a3d4c244b5/execute/sync'
20:19:17.302 [AsyncHttpClient-1-2] DEBUG org.asynchttpclient.netty.handler.HttpHandler - 

Request DefaultHttpRequest(decodeResult: success, version: HTTP/1.1)
POST /session/04c160b20938833949b8b8a3d4c244b5/execute/sync HTTP/1.1
User-Agent: selenium/4.8.1 (java windows)
Content-Length: 176
Content-Type: application/json; charset=utf-8
host: localhost:12496
accept: */*

Response DefaultHttpResponse(decodeResult: success, version: HTTP/1.1)
HTTP/1.1 200 OK
Content-Length: 22553
Content-Type: application/json; charset=utf-8
cache-control: no-cache

20:19:17.303 [AsyncHttpClient-1-2] DEBUG org.asynchttpclient.netty.channel.ChannelManager - Adding key: http://localhost:12496 for channel [id: 0x396ea6c7, L:/127.0.0.1:54997 - R:localhost/127.0.0.1:12496]
20:19:17.306 [Forwarding getCurrentUrl on session 04c160b20938833949b8b8a3d4c244b5 to remote] DEBUG org.asynchttpclient.netty.request.NettyRequestSender - Using pooled Channel '[id: 0x396ea6c7, L:/127.0.0.1:54997 - R:localhost/127.0.0.1:12496]' for 'GET' to 'http://localhost:12496/session/04c160b20938833949b8b8a3d4c244b5/url'
20:19:17.306 [Forwarding getCurrentUrl on session 04c160b20938833949b8b8a3d4c244b5 to remote] DEBUG org.asynchttpclient.netty.request.NettyRequestSender - Using open Channel [id: 0x396ea6c7, L:/127.0.0.1:54997 - R:localhost/127.0.0.1:12496] for GET '/session/04c160b20938833949b8b8a3d4c244b5/url'
20:19:17.311 [AsyncHttpClient-1-2] DEBUG org.asynchttpclient.netty.handler.HttpHandler - 

Request DefaultFullHttpRequest(decodeResult: success, version: HTTP/1.1, content: EmptyByteBufBE)
GET /session/04c160b20938833949b8b8a3d4c244b5/url HTTP/1.1
User-Agent: selenium/4.8.1 (java windows)
Cache-Control: no-cache
Content-Type: application/json; charset=utf-8
host: localhost:12496
accept: */*

Response DefaultHttpResponse(decodeResult: success, version: HTTP/1.1)
HTTP/1.1 200 OK
Content-Length: 54
Content-Type: application/json; charset=utf-8
cache-control: no-cache

20:19:17.312 [AsyncHttpClient-1-2] DEBUG org.asynchttpclient.netty.channel.ChannelManager - Adding key: http://localhost:12496 for channel [id: 0x396ea6c7, L:/127.0.0.1:54997 - R:localhost/127.0.0.1:12496]
20:19:17.316 [main] DEBUG net.thucydides.core.steps.StepInterceptor - STARTING STEP: RegisterSteps.ClickRegisterButton - ClickRegisterButton
20:19:17.321 [Forwarding findElement on session 04c160b20938833949b8b8a3d4c244b5 to remote] DEBUG org.asynchttpclient.netty.request.NettyRequestSender - Using pooled Channel '[id: 0x396ea6c7, L:/127.0.0.1:54997 - R:localhost/127.0.0.1:12496]' for 'POST' to 'http://localhost:12496/session/04c160b20938833949b8b8a3d4c244b5/element'
20:19:17.322 [Forwarding findElement on session 04c160b20938833949b8b8a3d4c244b5 to remote] DEBUG org.asynchttpclient.netty.request.NettyRequestSender - Using open Channel [id: 0x396ea6c7, L:/127.0.0.1:54997 - R:localhost/127.0.0.1:12496] for POST '/session/04c160b20938833949b8b8a3d4c244b5/element'
20:19:17.332 [AsyncHttpClient-1-2] DEBUG org.asynchttpclient.netty.handler.HttpHandler - 

Request DefaultHttpRequest(decodeResult: success, version: HTTP/1.1)
POST /session/04c160b20938833949b8b8a3d4c244b5/element HTTP/1.1
User-Agent: selenium/4.8.1 (java windows)
Content-Length: 71
Content-Type: application/json; charset=utf-8
host: localhost:12496
accept: */*

Response DefaultHttpResponse(decodeResult: success, version: HTTP/1.1)
HTTP/1.1 200 OK
Content-Length: 88
Content-Type: application/json; charset=utf-8
cache-control: no-cache

20:19:17.332 [AsyncHttpClient-1-2] DEBUG org.asynchttpclient.netty.channel.ChannelManager - Adding key: http://localhost:12496 for channel [id: 0x396ea6c7, L:/127.0.0.1:54997 - R:localhost/127.0.0.1:12496]
20:19:17.334 [Forwarding getElementTagName on session 04c160b20938833949b8b8a3d4c244b5 to remote] DEBUG org.asynchttpclient.netty.request.NettyRequestSender - Using pooled Channel '[id: 0x396ea6c7, L:/127.0.0.1:54997 - R:localhost/127.0.0.1:12496]' for 'GET' to 'http://localhost:12496/session/04c160b20938833949b8b8a3d4c244b5/element/127166d1-b214-4b80-b6ef-34f2358223ef/name'
20:19:17.334 [Forwarding getElementTagName on session 04c160b20938833949b8b8a3d4c244b5 to remote] DEBUG org.asynchttpclient.netty.request.NettyRequestSender - Using open Channel [id: 0x396ea6c7, L:/127.0.0.1:54997 - R:localhost/127.0.0.1:12496] for GET '/session/04c160b20938833949b8b8a3d4c244b5/element/127166d1-b214-4b80-b6ef-34f2358223ef/name'
20:19:17.338 [AsyncHttpClient-1-2] DEBUG org.asynchttpclient.netty.handler.HttpHandler - 

Request DefaultFullHttpRequest(decodeResult: success, version: HTTP/1.1, content: EmptyByteBufBE)
GET /session/04c160b20938833949b8b8a3d4c244b5/element/127166d1-b214-4b80-b6ef-34f2358223ef/name HTTP/1.1
User-Agent: selenium/4.8.1 (java windows)
Cache-Control: no-cache
Content-Type: application/json; charset=utf-8
host: localhost:12496
accept: */*

Response DefaultHttpResponse(decodeResult: success, version: HTTP/1.1)
HTTP/1.1 200 OK
Content-Length: 18
Content-Type: application/json; charset=utf-8
cache-control: no-cache

20:19:17.338 [AsyncHttpClient-1-2] DEBUG org.asynchttpclient.netty.channel.ChannelManager - Adding key: http://localhost:12496 for channel [id: 0x396ea6c7, L:/127.0.0.1:54997 - R:localhost/127.0.0.1:12496]
20:19:17.340 [Forwarding getElementTagName on session 04c160b20938833949b8b8a3d4c244b5 to remote] DEBUG org.asynchttpclient.netty.request.NettyRequestSender - Using pooled Channel '[id: 0x396ea6c7, L:/127.0.0.1:54997 - R:localhost/127.0.0.1:12496]' for 'GET' to 'http://localhost:12496/session/04c160b20938833949b8b8a3d4c244b5/element/127166d1-b214-4b80-b6ef-34f2358223ef/name'
20:19:17.341 [Forwarding getElementTagName on session 04c160b20938833949b8b8a3d4c244b5 to remote] DEBUG org.asynchttpclient.netty.request.NettyRequestSender - Using open Channel [id: 0x396ea6c7, L:/127.0.0.1:54997 - R:localhost/127.0.0.1:12496] for GET '/session/04c160b20938833949b8b8a3d4c244b5/element/127166d1-b214-4b80-b6ef-34f2358223ef/name'
20:19:17.346 [AsyncHttpClient-1-2] DEBUG org.asynchttpclient.netty.handler.HttpHandler - 

Request DefaultFullHttpRequest(decodeResult: success, version: HTTP/1.1, content: EmptyByteBufBE)
GET /session/04c160b20938833949b8b8a3d4c244b5/element/127166d1-b214-4b80-b6ef-34f2358223ef/name HTTP/1.1
User-Agent: selenium/4.8.1 (java windows)
Cache-Control: no-cache
Content-Type: application/json; charset=utf-8
host: localhost:12496
accept: */*

Response DefaultHttpResponse(decodeResult: success, version: HTTP/1.1)
HTTP/1.1 200 OK
Content-Length: 18
Content-Type: application/json; charset=utf-8
cache-control: no-cache

20:19:17.346 [AsyncHttpClient-1-2] DEBUG org.asynchttpclient.netty.channel.ChannelManager - Adding key: http://localhost:12496 for channel [id: 0x396ea6c7, L:/127.0.0.1:54997 - R:localhost/127.0.0.1:12496]
20:19:17.355 [Forwarding isElementEnabled on session 04c160b20938833949b8b8a3d4c244b5 to remote] DEBUG org.asynchttpclient.netty.request.NettyRequestSender - Using pooled Channel '[id: 0x396ea6c7, L:/127.0.0.1:54997 - R:localhost/127.0.0.1:12496]' for 'GET' to 'http://localhost:12496/session/04c160b20938833949b8b8a3d4c244b5/element/127166d1-b214-4b80-b6ef-34f2358223ef/enabled'
20:19:17.355 [Forwarding isElementEnabled on session 04c160b20938833949b8b8a3d4c244b5 to remote] DEBUG org.asynchttpclient.netty.request.NettyRequestSender - Using open Channel [id: 0x396ea6c7, L:/127.0.0.1:54997 - R:localhost/127.0.0.1:12496] for GET '/session/04c160b20938833949b8b8a3d4c244b5/element/127166d1-b214-4b80-b6ef-34f2358223ef/enabled'
20:19:17.368 [AsyncHttpClient-1-2] DEBUG org.asynchttpclient.netty.handler.HttpHandler - 

Request DefaultFullHttpRequest(decodeResult: success, version: HTTP/1.1, content: EmptyByteBufBE)
GET /session/04c160b20938833949b8b8a3d4c244b5/element/127166d1-b214-4b80-b6ef-34f2358223ef/enabled HTTP/1.1
User-Agent: selenium/4.8.1 (java windows)
Cache-Control: no-cache
Content-Type: application/json; charset=utf-8
host: localhost:12496
accept: */*

Response DefaultHttpResponse(decodeResult: success, version: HTTP/1.1)
HTTP/1.1 200 OK
Content-Length: 14
Content-Type: application/json; charset=utf-8
cache-control: no-cache

20:19:17.368 [AsyncHttpClient-1-2] DEBUG org.asynchttpclient.netty.channel.ChannelManager - Adding key: http://localhost:12496 for channel [id: 0x396ea6c7, L:/127.0.0.1:54997 - R:localhost/127.0.0.1:12496]
20:19:17.370 [Forwarding isElementEnabled on session 04c160b20938833949b8b8a3d4c244b5 to remote] DEBUG org.asynchttpclient.netty.request.NettyRequestSender - Using pooled Channel '[id: 0x396ea6c7, L:/127.0.0.1:54997 - R:localhost/127.0.0.1:12496]' for 'GET' to 'http://localhost:12496/session/04c160b20938833949b8b8a3d4c244b5/element/127166d1-b214-4b80-b6ef-34f2358223ef/enabled'
20:19:17.371 [Forwarding isElementEnabled on session 04c160b20938833949b8b8a3d4c244b5 to remote] DEBUG org.asynchttpclient.netty.request.NettyRequestSender - Using open Channel [id: 0x396ea6c7, L:/127.0.0.1:54997 - R:localhost/127.0.0.1:12496] for GET '/session/04c160b20938833949b8b8a3d4c244b5/element/127166d1-b214-4b80-b6ef-34f2358223ef/enabled'
20:19:17.381 [AsyncHttpClient-1-2] DEBUG org.asynchttpclient.netty.handler.HttpHandler - 

Request DefaultFullHttpRequest(decodeResult: success, version: HTTP/1.1, content: EmptyByteBufBE)
GET /session/04c160b20938833949b8b8a3d4c244b5/element/127166d1-b214-4b80-b6ef-34f2358223ef/enabled HTTP/1.1
User-Agent: selenium/4.8.1 (java windows)
Cache-Control: no-cache
Content-Type: application/json; charset=utf-8
host: localhost:12496
accept: */*

Response DefaultHttpResponse(decodeResult: success, version: HTTP/1.1)
HTTP/1.1 200 OK
Content-Length: 14
Content-Type: application/json; charset=utf-8
cache-control: no-cache

20:19:17.382 [AsyncHttpClient-1-2] DEBUG org.asynchttpclient.netty.channel.ChannelManager - Adding key: http://localhost:12496 for channel [id: 0x396ea6c7, L:/127.0.0.1:54997 - R:localhost/127.0.0.1:12496]
20:19:17.386 [Forwarding findElement on session 04c160b20938833949b8b8a3d4c244b5 to remote] DEBUG org.asynchttpclient.netty.request.NettyRequestSender - Using pooled Channel '[id: 0x396ea6c7, L:/127.0.0.1:54997 - R:localhost/127.0.0.1:12496]' for 'POST' to 'http://localhost:12496/session/04c160b20938833949b8b8a3d4c244b5/element'
20:19:17.386 [Forwarding findElement on session 04c160b20938833949b8b8a3d4c244b5 to remote] DEBUG org.asynchttpclient.netty.request.NettyRequestSender - Using open Channel [id: 0x396ea6c7, L:/127.0.0.1:54997 - R:localhost/127.0.0.1:12496] for POST '/session/04c160b20938833949b8b8a3d4c244b5/element'
20:19:17.394 [AsyncHttpClient-1-2] DEBUG org.asynchttpclient.netty.handler.HttpHandler - 

Request DefaultHttpRequest(decodeResult: success, version: HTTP/1.1)
POST /session/04c160b20938833949b8b8a3d4c244b5/element HTTP/1.1
User-Agent: selenium/4.8.1 (java windows)
Content-Length: 71
Content-Type: application/json; charset=utf-8
host: localhost:12496
accept: */*

Response DefaultHttpResponse(decodeResult: success, version: HTTP/1.1)
HTTP/1.1 200 OK
Content-Length: 88
Content-Type: application/json; charset=utf-8
cache-control: no-cache

20:19:17.394 [AsyncHttpClient-1-2] DEBUG org.asynchttpclient.netty.channel.ChannelManager - Adding key: http://localhost:12496 for channel [id: 0x396ea6c7, L:/127.0.0.1:54997 - R:localhost/127.0.0.1:12496]
20:19:17.396 [Forwarding clickElement on session 04c160b20938833949b8b8a3d4c244b5 to remote] DEBUG org.asynchttpclient.netty.request.NettyRequestSender - Using pooled Channel '[id: 0x396ea6c7, L:/127.0.0.1:54997 - R:localhost/127.0.0.1:12496]' for 'POST' to 'http://localhost:12496/session/04c160b20938833949b8b8a3d4c244b5/element/127166d1-b214-4b80-b6ef-34f2358223ef/click'
20:19:17.396 [Forwarding clickElement on session 04c160b20938833949b8b8a3d4c244b5 to remote] DEBUG org.asynchttpclient.netty.request.NettyRequestSender - Using open Channel [id: 0x396ea6c7, L:/127.0.0.1:54997 - R:localhost/127.0.0.1:12496] for POST '/session/04c160b20938833949b8b8a3d4c244b5/element/127166d1-b214-4b80-b6ef-34f2358223ef/click'
20:19:17.455 [AsyncHttpClient-1-2] DEBUG org.asynchttpclient.netty.handler.HttpHandler - 

Request DefaultHttpRequest(decodeResult: success, version: HTTP/1.1)
POST /session/04c160b20938833949b8b8a3d4c244b5/element/127166d1-b214-4b80-b6ef-34f2358223ef/click HTTP/1.1
User-Agent: selenium/4.8.1 (java windows)
Content-Length: 50
Content-Type: application/json; charset=utf-8
host: localhost:12496
accept: */*

Response DefaultHttpResponse(decodeResult: success, version: HTTP/1.1)
HTTP/1.1 200 OK
Content-Length: 14
Content-Type: application/json; charset=utf-8
cache-control: no-cache

20:19:17.455 [AsyncHttpClient-1-2] DEBUG org.asynchttpclient.netty.channel.ChannelManager - Adding key: http://localhost:12496 for channel [id: 0x396ea6c7, L:/127.0.0.1:54997 - R:localhost/127.0.0.1:12496]
20:19:17.456 [AsyncHttpClient-1-1] DEBUG org.asynchttpclient.netty.channel.DefaultChannelPool - Entry count for : http://localhost:55000 : 1
20:19:17.456 [AsyncHttpClient-1-1] DEBUG org.asynchttpclient.netty.channel.DefaultChannelPool - Entry count for : http://localhost:12496 : 1
20:19:17.467 [Forwarding getAlertText on session 04c160b20938833949b8b8a3d4c244b5 to remote] DEBUG org.asynchttpclient.netty.request.NettyRequestSender - Using pooled Channel '[id: 0x396ea6c7, L:/127.0.0.1:54997 - R:localhost/127.0.0.1:12496]' for 'GET' to 'http://localhost:12496/session/04c160b20938833949b8b8a3d4c244b5/alert/text'
20:19:17.467 [Forwarding getAlertText on session 04c160b20938833949b8b8a3d4c244b5 to remote] DEBUG org.asynchttpclient.netty.request.NettyRequestSender - Using open Channel [id: 0x396ea6c7, L:/127.0.0.1:54997 - R:localhost/127.0.0.1:12496] for GET '/session/04c160b20938833949b8b8a3d4c244b5/alert/text'
20:19:17.473 [AsyncHttpClient-1-2] DEBUG org.asynchttpclient.netty.handler.HttpHandler - 

Request DefaultFullHttpRequest(decodeResult: success, version: HTTP/1.1, content: EmptyByteBufBE)
GET /session/04c160b20938833949b8b8a3d4c244b5/alert/text HTTP/1.1
User-Agent: selenium/4.8.1 (java windows)
Cache-Control: no-cache
Content-Type: application/json; charset=utf-8
host: localhost:12496
accept: */*

Response DefaultHttpResponse(decodeResult: success, version: HTTP/1.1)
HTTP/1.1 404 Not Found
Content-Length: 836
Content-Type: application/json; charset=utf-8
cache-control: no-cache

20:19:17.474 [AsyncHttpClient-1-2] DEBUG org.asynchttpclient.netty.channel.ChannelManager - Adding key: http://localhost:12496 for channel [id: 0x396ea6c7, L:/127.0.0.1:54997 - R:localhost/127.0.0.1:12496]
20:19:17.478 [Forwarding getCurrentUrl on session 04c160b20938833949b8b8a3d4c244b5 to remote] DEBUG org.asynchttpclient.netty.request.NettyRequestSender - Using pooled Channel '[id: 0x396ea6c7, L:/127.0.0.1:54997 - R:localhost/127.0.0.1:12496]' for 'GET' to 'http://localhost:12496/session/04c160b20938833949b8b8a3d4c244b5/url'
20:19:17.479 [Forwarding getCurrentUrl on session 04c160b20938833949b8b8a3d4c244b5 to remote] DEBUG org.asynchttpclient.netty.request.NettyRequestSender - Using open Channel [id: 0x396ea6c7, L:/127.0.0.1:54997 - R:localhost/127.0.0.1:12496] for GET '/session/04c160b20938833949b8b8a3d4c244b5/url'
20:19:17.503 [AsyncHttpClient-1-2] DEBUG org.asynchttpclient.netty.handler.HttpHandler - 

Request DefaultFullHttpRequest(decodeResult: success, version: HTTP/1.1, content: EmptyByteBufBE)
GET /session/04c160b20938833949b8b8a3d4c244b5/url HTTP/1.1
User-Agent: selenium/4.8.1 (java windows)
Cache-Control: no-cache
Content-Type: application/json; charset=utf-8
host: localhost:12496
accept: */*

Response DefaultHttpResponse(decodeResult: success, version: HTTP/1.1)
HTTP/1.1 200 OK
Content-Length: 54
Content-Type: application/json; charset=utf-8
cache-control: no-cache

20:19:17.503 [AsyncHttpClient-1-2] DEBUG org.asynchttpclient.netty.channel.ChannelManager - Adding key: http://localhost:12496 for channel [id: 0x396ea6c7, L:/127.0.0.1:54997 - R:localhost/127.0.0.1:12496]
20:19:17.507 [Forwarding screenshot on session 04c160b20938833949b8b8a3d4c244b5 to remote] DEBUG org.asynchttpclient.netty.request.NettyRequestSender - Using pooled Channel '[id: 0x396ea6c7, L:/127.0.0.1:54997 - R:localhost/127.0.0.1:12496]' for 'GET' to 'http://localhost:12496/session/04c160b20938833949b8b8a3d4c244b5/screenshot'
20:19:17.507 [Forwarding screenshot on session 04c160b20938833949b8b8a3d4c244b5 to remote] DEBUG org.asynchttpclient.netty.request.NettyRequestSender - Using open Channel [id: 0x396ea6c7, L:/127.0.0.1:54997 - R:localhost/127.0.0.1:12496] for GET '/session/04c160b20938833949b8b8a3d4c244b5/screenshot'
20:19:17.719 [AsyncHttpClient-1-2] DEBUG org.asynchttpclient.netty.handler.HttpHandler - 

Request DefaultFullHttpRequest(decodeResult: success, version: HTTP/1.1, content: EmptyByteBufBE)
GET /session/04c160b20938833949b8b8a3d4c244b5/screenshot HTTP/1.1
User-Agent: selenium/4.8.1 (java windows)
Cache-Control: no-cache
Content-Type: application/json; charset=utf-8
host: localhost:12496
accept: */*

Response DefaultHttpResponse(decodeResult: success, version: HTTP/1.1)
HTTP/1.1 200 OK
Content-Length: 32036
Content-Type: application/json; charset=utf-8
cache-control: no-cache

20:19:17.720 [AsyncHttpClient-1-2] DEBUG org.asynchttpclient.netty.channel.ChannelManager - Adding key: http://localhost:12496 for channel [id: 0x396ea6c7, L:/127.0.0.1:54997 - R:localhost/127.0.0.1:12496]
20:19:17.723 [main] DEBUG net.serenitybdd.core.photography.Darkroom - Send negative for processing for target\site\serenity\d66b9e08b03d84ab8d5816a85b3f3a47f823429f32e5132334edfa8b4b29b594.png
20:19:17.724 [main] DEBUG net.thucydides.core.steps.StepInterceptor - STEP DONE: ClickRegisterButton
20:19:17.724 [Darkroom Processing Line] DEBUG net.serenitybdd.core.photography.DarkroomProcessingLine - Processing screenshot image in /var/screenshots/screenshot-4715909327936162290
20:19:17.724 [Darkroom Processing Line] DEBUG net.serenitybdd.core.photography.DarkroomProcessingLine - Saving screenshot to target\site\serenity\d66b9e08b03d84ab8d5816a85b3f3a47f823429f32e5132334edfa8b4b29b594.png
  &amp#27;[32mAnd &amp#27;[0m&amp#27;[32mI click on the register button&amp#27;[0m        &amp#27;[90m# starter.stepdefinitions.RegisterSteps.ClickRegisterButton()&amp#27;[0m
20:19:17.738 [Forwarding getPageSource on session 04c160b20938833949b8b8a3d4c244b5 to remote] DEBUG org.asynchttpclient.netty.request.NettyRequestSender - Using pooled Channel '[id: 0x396ea6c7, L:/127.0.0.1:54997 - R:localhost/127.0.0.1:12496]' for 'POST' to 'http://localhost:12496/session/04c160b20938833949b8b8a3d4c244b5/execute/sync'
20:19:17.738 [Forwarding getPageSource on session 04c160b20938833949b8b8a3d4c244b5 to remote] DEBUG org.asynchttpclient.netty.request.NettyRequestSender - Using open Channel [id: 0x396ea6c7, L:/127.0.0.1:54997 - R:localhost/127.0.0.1:12496] for POST '/session/04c160b20938833949b8b8a3d4c244b5/execute/sync'
20:19:17.746 [AsyncHttpClient-1-2] DEBUG org.asynchttpclient.netty.handler.HttpHandler - 

Request DefaultHttpRequest(decodeResult: success, version: HTTP/1.1)
POST /session/04c160b20938833949b8b8a3d4c244b5/execute/sync HTTP/1.1
User-Agent: selenium/4.8.1 (java windows)
Content-Length: 176
Content-Type: application/json; charset=utf-8
host: localhost:12496
accept: */*

Response DefaultHttpResponse(decodeResult: success, version: HTTP/1.1)
HTTP/1.1 200 OK
Content-Length: 21742
Content-Type: application/json; charset=utf-8
cache-control: no-cache

20:19:17.746 [AsyncHttpClient-1-2] DEBUG org.asynchttpclient.netty.channel.ChannelManager - Adding key: http://localhost:12496 for channel [id: 0x396ea6c7, L:/127.0.0.1:54997 - R:localhost/127.0.0.1:12496]
20:19:17.750 [Forwarding getCurrentUrl on session 04c160b20938833949b8b8a3d4c244b5 to remote] DEBUG org.asynchttpclient.netty.request.NettyRequestSender - Using pooled Channel '[id: 0x396ea6c7, L:/127.0.0.1:54997 - R:localhost/127.0.0.1:12496]' for 'GET' to 'http://localhost:12496/session/04c160b20938833949b8b8a3d4c244b5/url'
20:19:17.750 [Forwarding getCurrentUrl on session 04c160b20938833949b8b8a3d4c244b5 to remote] DEBUG org.asynchttpclient.netty.request.NettyRequestSender - Using open Channel [id: 0x396ea6c7, L:/127.0.0.1:54997 - R:localhost/127.0.0.1:12496] for GET '/session/04c160b20938833949b8b8a3d4c244b5/url'
20:19:17.755 [AsyncHttpClient-1-2] DEBUG org.asynchttpclient.netty.handler.HttpHandler - 

Request DefaultFullHttpRequest(decodeResult: success, version: HTTP/1.1, content: EmptyByteBufBE)
GET /session/04c160b20938833949b8b8a3d4c244b5/url HTTP/1.1
User-Agent: selenium/4.8.1 (java windows)
Cache-Control: no-cache
Content-Type: application/json; charset=utf-8
host: localhost:12496
accept: */*

Response DefaultHttpResponse(decodeResult: success, version: HTTP/1.1)
HTTP/1.1 200 OK
Content-Length: 51
Content-Type: application/json; charset=utf-8
cache-control: no-cache

20:19:17.756 [AsyncHttpClient-1-2] DEBUG org.asynchttpclient.netty.channel.ChannelManager - Adding key: http://localhost:12496 for channel [id: 0x396ea6c7, L:/127.0.0.1:54997 - R:localhost/127.0.0.1:12496]
20:19:17.769 [Forwarding getPageSource on session 04c160b20938833949b8b8a3d4c244b5 to remote] DEBUG org.asynchttpclient.netty.request.NettyRequestSender - Using pooled Channel '[id: 0x396ea6c7, L:/127.0.0.1:54997 - R:localhost/127.0.0.1:12496]' for 'POST' to 'http://localhost:12496/session/04c160b20938833949b8b8a3d4c244b5/execute/sync'
20:19:17.769 [Forwarding getPageSource on session 04c160b20938833949b8b8a3d4c244b5 to remote] DEBUG org.asynchttpclient.netty.request.NettyRequestSender - Using open Channel [id: 0x396ea6c7, L:/127.0.0.1:54997 - R:localhost/127.0.0.1:12496] for POST '/session/04c160b20938833949b8b8a3d4c244b5/execute/sync'
20:19:17.777 [AsyncHttpClient-1-2] DEBUG org.asynchttpclient.netty.handler.HttpHandler - 

Request DefaultHttpRequest(decodeResult: success, version: HTTP/1.1)
POST /session/04c160b20938833949b8b8a3d4c244b5/execute/sync HTTP/1.1
User-Agent: selenium/4.8.1 (java windows)
Content-Length: 176
Content-Type: application/json; charset=utf-8
host: localhost:12496
accept: */*

Response DefaultHttpResponse(decodeResult: success, version: HTTP/1.1)
HTTP/1.1 200 OK
Content-Length: 21742
Content-Type: application/json; charset=utf-8
cache-control: no-cache

20:19:17.777 [AsyncHttpClient-1-2] DEBUG org.asynchttpclient.netty.channel.ChannelManager - Adding key: http://localhost:12496 for channel [id: 0x396ea6c7, L:/127.0.0.1:54997 - R:localhost/127.0.0.1:12496]
20:19:17.782 [Forwarding getCurrentUrl on session 04c160b20938833949b8b8a3d4c244b5 to remote] DEBUG org.asynchttpclient.netty.request.NettyRequestSender - Using pooled Channel '[id: 0x396ea6c7, L:/127.0.0.1:54997 - R:localhost/127.0.0.1:12496]' for 'GET' to 'http://localhost:12496/session/04c160b20938833949b8b8a3d4c244b5/url'
20:19:17.782 [Forwarding getCurrentUrl on session 04c160b20938833949b8b8a3d4c244b5 to remote] DEBUG org.asynchttpclient.netty.request.NettyRequestSender - Using open Channel [id: 0x396ea6c7, L:/127.0.0.1:54997 - R:localhost/127.0.0.1:12496] for GET '/session/04c160b20938833949b8b8a3d4c244b5/url'
20:19:17.787 [AsyncHttpClient-1-2] DEBUG org.asynchttpclient.netty.handler.HttpHandler - 

Request DefaultFullHttpRequest(decodeResult: success, version: HTTP/1.1, content: EmptyByteBufBE)
GET /session/04c160b20938833949b8b8a3d4c244b5/url HTTP/1.1
User-Agent: selenium/4.8.1 (java windows)
Cache-Control: no-cache
Content-Type: application/json; charset=utf-8
host: localhost:12496
accept: */*

Response DefaultHttpResponse(decodeResult: success, version: HTTP/1.1)
HTTP/1.1 200 OK
Content-Length: 51
Content-Type: application/json; charset=utf-8
cache-control: no-cache

20:19:17.787 [AsyncHttpClient-1-2] DEBUG org.asynchttpclient.netty.channel.ChannelManager - Adding key: http://localhost:12496 for channel [id: 0x396ea6c7, L:/127.0.0.1:54997 - R:localhost/127.0.0.1:12496]
20:19:17.790 [main] DEBUG net.thucydides.core.steps.StepInterceptor - STARTING STEP: RegisterSteps.validateOnLoginPage - validateOnLoginPage
20:19:17.793 [Forwarding findElement on session 04c160b20938833949b8b8a3d4c244b5 to remote] DEBUG org.asynchttpclient.netty.request.NettyRequestSender - Using pooled Channel '[id: 0x396ea6c7, L:/127.0.0.1:54997 - R:localhost/127.0.0.1:12496]' for 'POST' to 'http://localhost:12496/session/04c160b20938833949b8b8a3d4c244b5/element'
20:19:17.794 [Forwarding findElement on session 04c160b20938833949b8b8a3d4c244b5 to remote] DEBUG org.asynchttpclient.netty.request.NettyRequestSender - Using open Channel [id: 0x396ea6c7, L:/127.0.0.1:54997 - R:localhost/127.0.0.1:12496] for POST '/session/04c160b20938833949b8b8a3d4c244b5/element'
20:19:17.802 [AsyncHttpClient-1-2] DEBUG org.asynchttpclient.netty.handler.HttpHandler - 

Request DefaultHttpRequest(decodeResult: success, version: HTTP/1.1)
POST /session/04c160b20938833949b8b8a3d4c244b5/element HTTP/1.1
User-Agent: selenium/4.8.1 (java windows)
Content-Length: 71
Content-Type: application/json; charset=utf-8
host: localhost:12496
accept: */*

Response DefaultHttpResponse(decodeResult: success, version: HTTP/1.1)
HTTP/1.1 200 OK
Content-Length: 88
Content-Type: application/json; charset=utf-8
cache-control: no-cache

20:19:17.802 [AsyncHttpClient-1-2] DEBUG org.asynchttpclient.netty.channel.ChannelManager - Adding key: http://localhost:12496 for channel [id: 0x396ea6c7, L:/127.0.0.1:54997 - R:localhost/127.0.0.1:12496]
20:19:17.816 [Forwarding isElementDisplayed on session 04c160b20938833949b8b8a3d4c244b5 to remote] DEBUG org.asynchttpclient.netty.request.NettyRequestSender - Using pooled Channel '[id: 0x396ea6c7, L:/127.0.0.1:54997 - R:localhost/127.0.0.1:12496]' for 'POST' to 'http://localhost:12496/session/04c160b20938833949b8b8a3d4c244b5/execute/sync'
20:19:17.816 [Forwarding isElementDisplayed on session 04c160b20938833949b8b8a3d4c244b5 to remote] DEBUG org.asynchttpclient.netty.request.NettyRequestSender - Using open Channel [id: 0x396ea6c7, L:/127.0.0.1:54997 - R:localhost/127.0.0.1:12496] for POST '/session/04c160b20938833949b8b8a3d4c244b5/execute/sync'
20:19:17.834 [AsyncHttpClient-1-2] DEBUG org.asynchttpclient.netty.handler.HttpHandler - 

Request DefaultHttpRequest(decodeResult: success, version: HTTP/1.1)
POST /session/04c160b20938833949b8b8a3d4c244b5/execute/sync HTTP/1.1
User-Agent: selenium/4.8.1 (java windows)
Content-Length: 48807
Content-Type: application/json; charset=utf-8
host: localhost:12496
accept: */*

Response DefaultHttpResponse(decodeResult: success, version: HTTP/1.1)
HTTP/1.1 200 OK
Content-Length: 14
Content-Type: application/json; charset=utf-8
cache-control: no-cache

20:19:17.835 [AsyncHttpClient-1-2] DEBUG org.asynchttpclient.netty.channel.ChannelManager - Adding key: http://localhost:12496 for channel [id: 0x396ea6c7, L:/127.0.0.1:54997 - R:localhost/127.0.0.1:12496]
20:19:17.844 [Forwarding getAlertText on session 04c160b20938833949b8b8a3d4c244b5 to remote] DEBUG org.asynchttpclient.netty.request.NettyRequestSender - Using pooled Channel '[id: 0x396ea6c7, L:/127.0.0.1:54997 - R:localhost/127.0.0.1:12496]' for 'GET' to 'http://localhost:12496/session/04c160b20938833949b8b8a3d4c244b5/alert/text'
20:19:17.844 [Forwarding getAlertText on session 04c160b20938833949b8b8a3d4c244b5 to remote] DEBUG org.asynchttpclient.netty.request.NettyRequestSender - Using open Channel [id: 0x396ea6c7, L:/127.0.0.1:54997 - R:localhost/127.0.0.1:12496] for GET '/session/04c160b20938833949b8b8a3d4c244b5/alert/text'
20:19:17.847 [AsyncHttpClient-1-2] DEBUG org.asynchttpclient.netty.handler.HttpHandler - 

Request DefaultFullHttpRequest(decodeResult: success, version: HTTP/1.1, content: EmptyByteBufBE)
GET /session/04c160b20938833949b8b8a3d4c244b5/alert/text HTTP/1.1
User-Agent: selenium/4.8.1 (java windows)
Cache-Control: no-cache
Content-Type: application/json; charset=utf-8
host: localhost:12496
accept: */*

Response DefaultHttpResponse(decodeResult: success, version: HTTP/1.1)
HTTP/1.1 404 Not Found
Content-Length: 836
Content-Type: application/json; charset=utf-8
cache-control: no-cache

20:19:17.848 [AsyncHttpClient-1-2] DEBUG org.asynchttpclient.netty.channel.ChannelManager - Adding key: http://localhost:12496 for channel [id: 0x396ea6c7, L:/127.0.0.1:54997 - R:localhost/127.0.0.1:12496]
20:19:17.850 [Forwarding getCurrentUrl on session 04c160b20938833949b8b8a3d4c244b5 to remote] DEBUG org.asynchttpclient.netty.request.NettyRequestSender - Using pooled Channel '[id: 0x396ea6c7, L:/127.0.0.1:54997 - R:localhost/127.0.0.1:12496]' for 'GET' to 'http://localhost:12496/session/04c160b20938833949b8b8a3d4c244b5/url'
20:19:17.850 [Forwarding getCurrentUrl on session 04c160b20938833949b8b8a3d4c244b5 to remote] DEBUG org.asynchttpclient.netty.request.NettyRequestSender - Using open Channel [id: 0x396ea6c7, L:/127.0.0.1:54997 - R:localhost/127.0.0.1:12496] for GET '/session/04c160b20938833949b8b8a3d4c244b5/url'
20:19:17.858 [AsyncHttpClient-1-2] DEBUG org.asynchttpclient.netty.handler.HttpHandler - 

Request DefaultFullHttpRequest(decodeResult: success, version: HTTP/1.1, content: EmptyByteBufBE)
GET /session/04c160b20938833949b8b8a3d4c244b5/url HTTP/1.1
User-Agent: selenium/4.8.1 (java windows)
Cache-Control: no-cache
Content-Type: application/json; charset=utf-8
host: localhost:12496
accept: */*

Response DefaultHttpResponse(decodeResult: success, version: HTTP/1.1)
HTTP/1.1 200 OK
Content-Length: 51
Content-Type: application/json; charset=utf-8
cache-control: no-cache

20:19:17.859 [AsyncHttpClient-1-2] DEBUG org.asynchttpclient.netty.channel.ChannelManager - Adding key: http://localhost:12496 for channel [id: 0x396ea6c7, L:/127.0.0.1:54997 - R:localhost/127.0.0.1:12496]
20:19:17.861 [Forwarding screenshot on session 04c160b20938833949b8b8a3d4c244b5 to remote] DEBUG org.asynchttpclient.netty.request.NettyRequestSender - Using pooled Channel '[id: 0x396ea6c7, L:/127.0.0.1:54997 - R:localhost/127.0.0.1:12496]' for 'GET' to 'http://localhost:12496/session/04c160b20938833949b8b8a3d4c244b5/screenshot'
20:19:17.861 [Forwarding screenshot on session 04c160b20938833949b8b8a3d4c244b5 to remote] DEBUG org.asynchttpclient.netty.request.NettyRequestSender - Using open Channel [id: 0x396ea6c7, L:/127.0.0.1:54997 - R:localhost/127.0.0.1:12496] for GET '/session/04c160b20938833949b8b8a3d4c244b5/screenshot'
20:19:17.940 [AsyncHttpClient-1-2] DEBUG org.asynchttpclient.netty.handler.HttpHandler - 

Request DefaultFullHttpRequest(decodeResult: success, version: HTTP/1.1, content: EmptyByteBufBE)
GET /session/04c160b20938833949b8b8a3d4c244b5/screenshot HTTP/1.1
User-Agent: selenium/4.8.1 (java windows)
Cache-Control: no-cache
Content-Type: application/json; charset=utf-8
host: localhost:12496
accept: */*

Response DefaultHttpResponse(decodeResult: success, version: HTTP/1.1)
HTTP/1.1 200 OK
Content-Length: 25208
Content-Type: application/json; charset=utf-8
cache-control: no-cache

20:19:17.940 [AsyncHttpClient-1-2] DEBUG org.asynchttpclient.netty.channel.ChannelManager - Adding key: http://localhost:12496 for channel [id: 0x396ea6c7, L:/127.0.0.1:54997 - R:localhost/127.0.0.1:12496]
20:19:17.944 [main] DEBUG net.serenitybdd.core.photography.Darkroom - Send negative for processing for target\site\serenity\edb14d4aab401efa0e4fb99861e6ffcafebc86a67b69f7828890b9910ed2ddbd.png
20:19:17.944 [main] DEBUG net.thucydides.core.steps.StepInterceptor - STEP DONE: validateOnLoginPage
  &amp#27;[32mThen &amp#27;[0m&amp#27;[32mI should be redirected to login page&amp#27;[0m &amp#27;[90m# starter.stepdefinitions.RegisterSteps.validateOnLoginPage()&amp#27;[0m
20:19:17.956 [main] INFO  - 
  _____   ___   ___   _____     ___     _     ___   ___   ___   ___  
 |_   _| | __| / __| |_   _|   | _ \   /_\   / __| / __| | __| |   \ 
   | |   | _|  \__ \   | |     |  _/  / _ \  \__ \ \__ \ | _|  | |) |
   |_|   |___| |___/   |_|     |_|   /_/ \_\ |___/ |___/ |___| |___/ 

Register with valid data
----------------------------------------------------------------------
20:19:18.001 [Driver Command Executor] DEBUG org.asynchttpclient.netty.request.NettyRequestSender - Using pooled Channel '[id: 0x396ea6c7, L:/127.0.0.1:54997 - R:localhost/127.0.0.1:12496]' for 'DELETE' to 'http://localhost:12496/session/04c160b20938833949b8b8a3d4c244b5'
20:19:18.001 [Driver Command Executor] DEBUG org.asynchttpclient.netty.request.NettyRequestSender - Using open Channel [id: 0x396ea6c7, L:/127.0.0.1:54997 - R:localhost/127.0.0.1:12496] for DELETE '/session/04c160b20938833949b8b8a3d4c244b5'
20:19:18.033 [AsyncHttpClient-1-3] DEBUG org.asynchttpclient.netty.handler.HttpHandler - Unexpected I/O exception on channel [id: 0x2ef63e1e, L:/127.0.0.1:55007 - R:localhost/127.0.0.1:55000]
java.net.SocketException: Connection reset
	at java.base/sun.nio.ch.SocketChannelImpl.throwConnectionReset(SocketChannelImpl.java:367)
	at java.base/sun.nio.ch.SocketChannelImpl.read(SocketChannelImpl.java:398)
	at io.netty.buffer.PooledByteBuf.setBytes(PooledByteBuf.java:259)
	at io.netty.buffer.AbstractByteBuf.writeBytes(AbstractByteBuf.java:1132)
	at io.netty.channel.socket.nio.NioSocketChannel.doReadBytes(NioSocketChannel.java:357)
	at io.netty.channel.nio.AbstractNioByteChannel$NioByteUnsafe.read(AbstractNioByteChannel.java:151)
	at io.netty.channel.nio.NioEventLoop.processSelectedKey(NioEventLoop.java:788)
	at io.netty.channel.nio.NioEventLoop.processSelectedKeysOptimized(NioEventLoop.java:724)
	at io.netty.channel.nio.NioEventLoop.processSelectedKeys(NioEventLoop.java:650)
	at io.netty.channel.nio.NioEventLoop.run(NioEventLoop.java:562)
	at io.netty.util.concurrent.SingleThreadEventExecutor$4.run(SingleThreadEventExecutor.java:997)
	at io.netty.util.internal.ThreadExecutorMap$2.run(ThreadExecutorMap.java:74)
	at io.netty.util.concurrent.FastThreadLocalRunnable.run(FastThreadLocalRunnable.java:30)
	at java.base/java.lang.Thread.run(Thread.java:832)
20:19:18.033 [AsyncHttpClient-1-4] DEBUG org.asynchttpclient.netty.handler.WebSocketHandler - Unexpected I/O exception on channel [id: 0xcdf3d3b0, L:/127.0.0.1:55008 - R:localhost/127.0.0.1:55000]
java.net.SocketException: Connection reset
	at java.base/sun.nio.ch.SocketChannelImpl.throwConnectionReset(SocketChannelImpl.java:367)
	at java.base/sun.nio.ch.SocketChannelImpl.read(SocketChannelImpl.java:398)
	at io.netty.buffer.PooledByteBuf.setBytes(PooledByteBuf.java:259)
	at io.netty.buffer.AbstractByteBuf.writeBytes(AbstractByteBuf.java:1132)
	at io.netty.channel.socket.nio.NioSocketChannel.doReadBytes(NioSocketChannel.java:357)
	at io.netty.channel.nio.AbstractNioByteChannel$NioByteUnsafe.read(AbstractNioByteChannel.java:151)
	at io.netty.channel.nio.NioEventLoop.processSelectedKey(NioEventLoop.java:788)
	at io.netty.channel.nio.NioEventLoop.processSelectedKeysOptimized(NioEventLoop.java:724)
	at io.netty.channel.nio.NioEventLoop.processSelectedKeys(NioEventLoop.java:650)
	at io.netty.channel.nio.NioEventLoop.run(NioEventLoop.java:562)
	at io.netty.util.concurrent.SingleThreadEventExecutor$4.run(SingleThreadEventExecutor.java:997)
	at io.netty.util.internal.ThreadExecutorMap$2.run(ThreadExecutorMap.java:74)
	at io.netty.util.concurrent.FastThreadLocalRunnable.run(FastThreadLocalRunnable.java:30)
	at java.base/java.lang.Thread.run(Thread.java:832)
20:19:18.033 [AsyncHttpClient-1-3] DEBUG org.asynchttpclient.netty.channel.ChannelManager - Closing Channel [id: 0x2ef63e1e, L:/127.0.0.1:55007 - R:localhost/127.0.0.1:55000] 
20:19:18.034 [AsyncHttpClient-1-4] DEBUG org.asynchttpclient.netty.handler.WebSocketHandler - Was unable to recover Future: NettyResponseFuture{currentRetry=0,
	isDone=1,
	isCancelled=0,
	asyncHandler=org.asynchttpclient.ws.WebSocketUpgradeHandler@217fcf0b,
	nettyRequest=org.asynchttpclient.netty.request.NettyRequest@7a454492,
	future=java.util.concurrent.CompletableFuture@75bfce8d[Completed normally],
	uri=ws://localhost:55000/devtools/browser/b2433d79-aca7-46f0-91af-f260dd461db2,
	keepAlive=true,
	redirectCount=0,
	timeoutsHolder=null,
	inAuth=0,
	touch=1683379158033}
20:19:18.034 [AsyncHttpClient-1-4] DEBUG org.asynchttpclient.netty.channel.ChannelManager - Closing Channel [id: 0xcdf3d3b0, L:/127.0.0.1:55008 - R:localhost/127.0.0.1:55000] 
20:19:18.035 [AsyncHttpClient-1-4] WARN org.asynchttpclient.netty.handler.WebSocketHandler - onError
java.net.SocketException: Connection reset
	at java.base/sun.nio.ch.SocketChannelImpl.throwConnectionReset(SocketChannelImpl.java:367)
	at java.base/sun.nio.ch.SocketChannelImpl.read(SocketChannelImpl.java:398)
	at io.netty.buffer.PooledByteBuf.setBytes(PooledByteBuf.java:259)
	at io.netty.buffer.AbstractByteBuf.writeBytes(AbstractByteBuf.java:1132)
	at io.netty.channel.socket.nio.NioSocketChannel.doReadBytes(NioSocketChannel.java:357)
	at io.netty.channel.nio.AbstractNioByteChannel$NioByteUnsafe.read(AbstractNioByteChannel.java:151)
	at io.netty.channel.nio.NioEventLoop.processSelectedKey(NioEventLoop.java:788)
	at io.netty.channel.nio.NioEventLoop.processSelectedKeysOptimized(NioEventLoop.java:724)
	at io.netty.channel.nio.NioEventLoop.processSelectedKeys(NioEventLoop.java:650)
	at io.netty.channel.nio.NioEventLoop.run(NioEventLoop.java:562)
	at io.netty.util.concurrent.SingleThreadEventExecutor$4.run(SingleThreadEventExecutor.java:997)
	at io.netty.util.internal.ThreadExecutorMap$2.run(ThreadExecutorMap.java:74)
	at io.netty.util.concurrent.FastThreadLocalRunnable.run(FastThreadLocalRunnable.java:30)
	at java.base/java.lang.Thread.run(Thread.java:832)
20:19:18.037 [AsyncHttpClient-1-3] DEBUG org.asynchttpclient.netty.handler.HttpHandler - Channel Closed: [id: 0x2ef63e1e, L:/127.0.0.1:55007 ! R:localhost/127.0.0.1:55000] with attribute DISCARD
20:19:18.038 [AsyncHttpClient-1-4] DEBUG org.asynchttpclient.netty.channel.ChannelManager - Closing Channel [id: 0xcdf3d3b0, L:/127.0.0.1:55008 ! R:localhost/127.0.0.1:55000] 
20:19:18.038 [AsyncHttpClient-1-4] DEBUG org.asynchttpclient.netty.handler.WebSocketHandler - Channel Closed: [id: 0xcdf3d3b0, L:/127.0.0.1:55008 ! R:localhost/127.0.0.1:55000] with attribute DISCARD
20:19:18.043 [AsyncHttpClient-1-2] DEBUG org.asynchttpclient.netty.handler.HttpHandler - 

Request DefaultFullHttpRequest(decodeResult: success, version: HTTP/1.1, content: EmptyByteBufBE)
DELETE /session/04c160b20938833949b8b8a3d4c244b5 HTTP/1.1
User-Agent: selenium/4.8.1 (java windows)
Content-Type: application/json; charset=utf-8
host: localhost:12496
accept: */*

Response DefaultHttpResponse(decodeResult: success, version: HTTP/1.1)
HTTP/1.1 200 OK
Content-Length: 14
Content-Type: application/json; charset=utf-8
cache-control: no-cache

20:19:18.043 [AsyncHttpClient-1-2] DEBUG org.asynchttpclient.netty.channel.ChannelManager - Adding key: http://localhost:12496 for channel [id: 0x396ea6c7, L:/127.0.0.1:54997 - R:localhost/127.0.0.1:12496]
20:19:18.555 [AsyncHttpClient-1-1] DEBUG org.asynchttpclient.netty.channel.DefaultChannelPool - Entry count for : http://localhost:55000 : 1
20:19:18.555 [AsyncHttpClient-1-1] DEBUG org.asynchttpclient.netty.channel.DefaultChannelPool - Entry count for : http://localhost:12496 : 1
20:19:18.555 [AsyncHttpClient-1-1] DEBUG org.asynchttpclient.netty.channel.DefaultChannelPool - Adding Candidate expired Channel [id: 0x2ef63e1e, L:/127.0.0.1:55007 ! R:localhost/127.0.0.1:55000] isIdleTimeoutExpired=false isRemotelyClosed=true isTtlExpired=false
20:19:18.555 [AsyncHttpClient-1-1] DEBUG org.asynchttpclient.netty.channel.DefaultChannelPool - Closing Idle Channel [id: 0x2ef63e1e, L:/127.0.0.1:55007 ! R:localhost/127.0.0.1:55000]
20:19:18.555 [AsyncHttpClient-1-1] DEBUG org.asynchttpclient.netty.channel.DefaultChannelPool - Closed 1 connections out of 2 in 0 ms
20:19:18.634 [AsyncHttpClient-1-2] DEBUG org.asynchttpclient.netty.handler.HttpHandler - Channel Closed: [id: 0x396ea6c7, L:/127.0.0.1:54997 ! R:localhost/127.0.0.1:12496] with attribute DISCARD
]]></system-out>
    <system-err><![CDATA[Starting ChromeDriver 111.0.5563.64 (c710e93d5b63b7095afe8c2c17df34408078439d-refs/branch-heads/5563@{#995}) on port 12496
Only local connections are allowed.
Please see https://chromedriver.chromium.org/security-considerations for suggestions on keeping ChromeDriver safe.
ChromeDriver was started successfully.
[1683379154.216][WARNING]: This version of ChromeDriver has not been tested with Chrome version 112.
May 06, 2023 8:19:14 PM org.openqa.selenium.devtools.CdpVersionFinder findNearestMatch
WARNING: Unable to find an exact match for CDP version 112, so returning the closest version found: 110
May 06, 2023 8:19:18 PM org.openqa.selenium.remote.http.WebSocket$Listener onError
WARNING: Connection reset
java.net.SocketException: Connection reset
	at java.base/sun.nio.ch.SocketChannelImpl.throwConnectionReset(SocketChannelImpl.java:367)
	at java.base/sun.nio.ch.SocketChannelImpl.read(SocketChannelImpl.java:398)
	at io.netty.buffer.PooledByteBuf.setBytes(PooledByteBuf.java:259)
	at io.netty.buffer.AbstractByteBuf.writeBytes(AbstractByteBuf.java:1132)
	at io.netty.channel.socket.nio.NioSocketChannel.doReadBytes(NioSocketChannel.java:357)
	at io.netty.channel.nio.AbstractNioByteChannel$NioByteUnsafe.read(AbstractNioByteChannel.java:151)
	at io.netty.channel.nio.NioEventLoop.processSelectedKey(NioEventLoop.java:788)
	at io.netty.channel.nio.NioEventLoop.processSelectedKeysOptimized(NioEventLoop.java:724)
	at io.netty.channel.nio.NioEventLoop.processSelectedKeys(NioEventLoop.java:650)
	at io.netty.channel.nio.NioEventLoop.run(NioEventLoop.java:562)
	at io.netty.util.concurrent.SingleThreadEventExecutor$4.run(SingleThreadEventExecutor.java:997)
	at io.netty.util.internal.ThreadExecutorMap$2.run(ThreadExecutorMap.java:74)
	at io.netty.util.concurrent.FastThreadLocalRunnable.run(FastThreadLocalRunnable.java:30)
	at java.base/java.lang.Thread.run(Thread.java:832)

]]></system-err>
  </testcase>
  <testcase name="Register without fill the fullname" classname="Register to Alta-shop Account" time="5.073">
    <system-out><![CDATA[
Scenario: Register without fill the fullname   &amp#27;[90m# src/test/resources/features/1. Register.feature:16&amp#27;[0m
20:19:19.178 [main] DEBUG io.cucumber.core.plugin.SerenityReporter - Running feature from file:///C:/Users/WINDOWS%2010/Documents/GitHub/MiniProject_QE/Web/code/minpro/src/test/resources/features/1.%20Register.feature
20:19:19.183 [main] INFO  - 
  _____   ___   ___   _____     ___   _____     _     ___   _____   ___   ___  
 |_   _| | __| / __| |_   _|   / __| |_   _|   /_\   | _ \ |_   _| | __| |   \ 
   | |   | _|  \__ \   | |     \__ \   | |    / _ \  |   /   | |   | _|  | |) |
   |_|   |___| |___/   |_|     |___/   |_|   /_/ \_\ |_|_\   |_|   |___| |___/ 

Register without fill the fullname(register-to-alta-shop-account;register-without-fill-the-fullname)
--------------------------------------------------------------------------------
20:19:19.215 [main] DEBUG net.thucydides.core.steps.StepInterceptor - STARTING STEP: LoginSteps.onTheLoginPage - openPage
20:19:19.265 [main] INFO net.serenitybdd.core.webdriver.driverproviders.ChromeDriverProvider - Starting Chrome driver instance with capabilities:
20:19:19.265 [main] INFO net.serenitybdd.core.webdriver.driverproviders.ChromeDriverProvider - Capabilities {acceptInsecureCerts: false, browserName: chrome, goog:chromeOptions: {args: [remote-allow-origins=*], extensions: []}}
20:19:19.337 [AsyncHttpClient-1-5] DEBUG org.asynchttpclient.netty.channel.NettyConnectListener - Using new Channel '[id: 0x3a503761, L:/127.0.0.1:55032 - R:localhost/127.0.0.1:30976]' for 'POST' to '/session'
20:19:19.658 [AsyncHttpClient-1-1] DEBUG org.asynchttpclient.netty.channel.DefaultChannelPool - Entry count for : http://localhost:12496 : 1
20:19:19.658 [AsyncHttpClient-1-1] DEBUG org.asynchttpclient.netty.channel.DefaultChannelPool - Adding Candidate expired Channel [id: 0x396ea6c7, L:/127.0.0.1:54997 ! R:localhost/127.0.0.1:12496] isIdleTimeoutExpired=false isRemotelyClosed=true isTtlExpired=false
20:19:19.658 [AsyncHttpClient-1-1] DEBUG org.asynchttpclient.netty.channel.DefaultChannelPool - Closing Idle Channel [id: 0x396ea6c7, L:/127.0.0.1:54997 ! R:localhost/127.0.0.1:12496]
20:19:19.658 [AsyncHttpClient-1-1] DEBUG org.asynchttpclient.netty.channel.DefaultChannelPool - Closed 1 connections out of 1 in 0 ms
20:19:19.994 [AsyncHttpClient-1-5] DEBUG org.asynchttpclient.netty.handler.HttpHandler - 

Request DefaultHttpRequest(decodeResult: success, version: HTTP/1.1)
POST /session HTTP/1.1
User-Agent: selenium/4.8.1 (java windows)
Content-Length: 507
Content-Type: application/json; charset=utf-8
host: localhost:30976
accept: */*

Response DefaultHttpResponse(decodeResult: success, version: HTTP/1.1)
HTTP/1.1 200 OK
Content-Length: 863
Content-Type: application/json; charset=utf-8
cache-control: no-cache

20:19:19.995 [AsyncHttpClient-1-5] DEBUG org.asynchttpclient.netty.channel.ChannelManager - Adding key: http://localhost:30976 for channel [id: 0x3a503761, L:/127.0.0.1:55032 - R:localhost/127.0.0.1:30976]
20:19:20.000 [AsyncHttpClient-1-6] DEBUG org.asynchttpclient.netty.channel.NettyConnectListener - Using new Channel '[id: 0x74831d3b, L:/127.0.0.1:55042 - R:localhost/127.0.0.1:55034]' for 'GET' to '/json/version'
20:19:20.002 [AsyncHttpClient-1-6] DEBUG org.asynchttpclient.netty.handler.HttpHandler - 

Request DefaultFullHttpRequest(decodeResult: success, version: HTTP/1.1, content: EmptyByteBufBE)
GET /json/version HTTP/1.1
User-Agent: selenium/4.8.1 (java windows)
host: localhost:55034
accept: */*

Response DefaultHttpResponse(decodeResult: success, version: HTTP/1.1)
HTTP/1.1 200 OK
Content-Security-Policy: frame-ancestors 'none'
Content-Length: 424
Content-Type: application/json; charset=UTF-8

20:19:20.002 [AsyncHttpClient-1-6] DEBUG org.asynchttpclient.netty.channel.ChannelManager - Adding key: http://localhost:55034 for channel [id: 0x74831d3b, L:/127.0.0.1:55042 - R:localhost/127.0.0.1:55034]
20:19:20.004 [AsyncHttpClient-1-7] DEBUG org.asynchttpclient.netty.channel.NettyConnectListener - Using new Channel '[id: 0x2c8660ae, L:/127.0.0.1:55043 - R:localhost/127.0.0.1:55034]' for 'GET' to '/devtools/browser/1058c785-83c7-44a6-af72-c7484e76b9b0'
20:19:20.006 [AsyncHttpClient-1-7] DEBUG org.asynchttpclient.netty.handler.WebSocketHandler - 

Request DefaultFullHttpRequest(decodeResult: success, version: HTTP/1.1, content: EmptyByteBufBE)
GET /devtools/browser/1058c785-83c7-44a6-af72-c7484e76b9b0 HTTP/1.1
upgrade: websocket
connection: upgrade
sec-websocket-key: +s9N3XauFc1M9UxXDU8wOQ==
sec-websocket-version: 13
origin: http://localhost:55034
host: localhost:55034
accept: */*
user-agent: AHC/2.1

Response DefaultHttpResponse(decodeResult: success, version: HTTP/1.1)
HTTP/1.1 101 WebSocket Protocol Handshake
Upgrade: WebSocket
Connection: Upgrade
Sec-WebSocket-Accept: SwWBh/4ZJYOwASczUNAEhY13GWA=

20:19:20.010 [Forwarding get on session 639b80b2f3225d9aa17405f1ddac1689 to remote] DEBUG org.asynchttpclient.netty.request.NettyRequestSender - Using pooled Channel '[id: 0x3a503761, L:/127.0.0.1:55032 - R:localhost/127.0.0.1:30976]' for 'POST' to 'http://localhost:30976/session/639b80b2f3225d9aa17405f1ddac1689/url'
20:19:20.010 [Forwarding get on session 639b80b2f3225d9aa17405f1ddac1689 to remote] DEBUG org.asynchttpclient.netty.request.NettyRequestSender - Using open Channel [id: 0x3a503761, L:/127.0.0.1:55032 - R:localhost/127.0.0.1:30976] for POST '/session/639b80b2f3225d9aa17405f1ddac1689/url'
20:19:20.756 [AsyncHttpClient-1-1] DEBUG org.asynchttpclient.netty.channel.DefaultChannelPool - Entry count for : http://localhost:55034 : 1
20:19:21.731 [AsyncHttpClient-1-5] DEBUG org.asynchttpclient.netty.handler.HttpHandler - 

Request DefaultHttpRequest(decodeResult: success, version: HTTP/1.1)
POST /session/639b80b2f3225d9aa17405f1ddac1689/url HTTP/1.1
User-Agent: selenium/4.8.1 (java windows)
Content-Length: 74
Content-Type: application/json; charset=utf-8
host: localhost:30976
accept: */*

Response DefaultHttpResponse(decodeResult: success, version: HTTP/1.1)
HTTP/1.1 200 OK
Content-Length: 14
Content-Type: application/json; charset=utf-8
cache-control: no-cache

20:19:21.731 [AsyncHttpClient-1-5] DEBUG org.asynchttpclient.netty.channel.ChannelManager - Adding key: http://localhost:30976 for channel [id: 0x3a503761, L:/127.0.0.1:55032 - R:localhost/127.0.0.1:30976]
20:19:21.732 [Forwarding setTimeout on session 639b80b2f3225d9aa17405f1ddac1689 to remote] DEBUG org.asynchttpclient.netty.request.NettyRequestSender - Using pooled Channel '[id: 0x3a503761, L:/127.0.0.1:55032 - R:localhost/127.0.0.1:30976]' for 'POST' to 'http://localhost:30976/session/639b80b2f3225d9aa17405f1ddac1689/timeouts'
20:19:21.732 [Forwarding setTimeout on session 639b80b2f3225d9aa17405f1ddac1689 to remote] DEBUG org.asynchttpclient.netty.request.NettyRequestSender - Using open Channel [id: 0x3a503761, L:/127.0.0.1:55032 - R:localhost/127.0.0.1:30976] for POST '/session/639b80b2f3225d9aa17405f1ddac1689/timeouts'
20:19:21.733 [AsyncHttpClient-1-5] DEBUG org.asynchttpclient.netty.handler.HttpHandler - 

Request DefaultHttpRequest(decodeResult: success, version: HTTP/1.1)
POST /session/639b80b2f3225d9aa17405f1ddac1689/timeouts HTTP/1.1
User-Agent: selenium/4.8.1 (java windows)
Content-Length: 22
Content-Type: application/json; charset=utf-8
host: localhost:30976
accept: */*

Response DefaultHttpResponse(decodeResult: success, version: HTTP/1.1)
HTTP/1.1 200 OK
Content-Length: 14
Content-Type: application/json; charset=utf-8
cache-control: no-cache

20:19:21.733 [AsyncHttpClient-1-5] DEBUG org.asynchttpclient.netty.channel.ChannelManager - Adding key: http://localhost:30976 for channel [id: 0x3a503761, L:/127.0.0.1:55032 - R:localhost/127.0.0.1:30976]
20:19:21.741 [Forwarding getAlertText on session 639b80b2f3225d9aa17405f1ddac1689 to remote] DEBUG org.asynchttpclient.netty.request.NettyRequestSender - Using pooled Channel '[id: 0x3a503761, L:/127.0.0.1:55032 - R:localhost/127.0.0.1:30976]' for 'GET' to 'http://localhost:30976/session/639b80b2f3225d9aa17405f1ddac1689/alert/text'
20:19:21.741 [Forwarding getAlertText on session 639b80b2f3225d9aa17405f1ddac1689 to remote] DEBUG org.asynchttpclient.netty.request.NettyRequestSender - Using open Channel [id: 0x3a503761, L:/127.0.0.1:55032 - R:localhost/127.0.0.1:30976] for GET '/session/639b80b2f3225d9aa17405f1ddac1689/alert/text'
20:19:21.743 [AsyncHttpClient-1-5] DEBUG org.asynchttpclient.netty.handler.HttpHandler - 

Request DefaultFullHttpRequest(decodeResult: success, version: HTTP/1.1, content: EmptyByteBufBE)
GET /session/639b80b2f3225d9aa17405f1ddac1689/alert/text HTTP/1.1
User-Agent: selenium/4.8.1 (java windows)
Cache-Control: no-cache
Content-Type: application/json; charset=utf-8
host: localhost:30976
accept: */*

Response DefaultHttpResponse(decodeResult: success, version: HTTP/1.1)
HTTP/1.1 404 Not Found
Content-Length: 836
Content-Type: application/json; charset=utf-8
cache-control: no-cache

20:19:21.744 [AsyncHttpClient-1-5] DEBUG org.asynchttpclient.netty.channel.ChannelManager - Adding key: http://localhost:30976 for channel [id: 0x3a503761, L:/127.0.0.1:55032 - R:localhost/127.0.0.1:30976]
20:19:21.746 [Forwarding getCurrentUrl on session 639b80b2f3225d9aa17405f1ddac1689 to remote] DEBUG org.asynchttpclient.netty.request.NettyRequestSender - Using pooled Channel '[id: 0x3a503761, L:/127.0.0.1:55032 - R:localhost/127.0.0.1:30976]' for 'GET' to 'http://localhost:30976/session/639b80b2f3225d9aa17405f1ddac1689/url'
20:19:21.746 [Forwarding getCurrentUrl on session 639b80b2f3225d9aa17405f1ddac1689 to remote] DEBUG org.asynchttpclient.netty.request.NettyRequestSender - Using open Channel [id: 0x3a503761, L:/127.0.0.1:55032 - R:localhost/127.0.0.1:30976] for GET '/session/639b80b2f3225d9aa17405f1ddac1689/url'
20:19:21.750 [AsyncHttpClient-1-5] DEBUG org.asynchttpclient.netty.handler.HttpHandler - 

Request DefaultFullHttpRequest(decodeResult: success, version: HTTP/1.1, content: EmptyByteBufBE)
GET /session/639b80b2f3225d9aa17405f1ddac1689/url HTTP/1.1
User-Agent: selenium/4.8.1 (java windows)
Cache-Control: no-cache
Content-Type: application/json; charset=utf-8
host: localhost:30976
accept: */*

Response DefaultHttpResponse(decodeResult: success, version: HTTP/1.1)
HTTP/1.1 200 OK
Content-Length: 51
Content-Type: application/json; charset=utf-8
cache-control: no-cache

20:19:21.750 [AsyncHttpClient-1-5] DEBUG org.asynchttpclient.netty.channel.ChannelManager - Adding key: http://localhost:30976 for channel [id: 0x3a503761, L:/127.0.0.1:55032 - R:localhost/127.0.0.1:30976]
20:19:21.751 [Forwarding screenshot on session 639b80b2f3225d9aa17405f1ddac1689 to remote] DEBUG org.asynchttpclient.netty.request.NettyRequestSender - Using pooled Channel '[id: 0x3a503761, L:/127.0.0.1:55032 - R:localhost/127.0.0.1:30976]' for 'GET' to 'http://localhost:30976/session/639b80b2f3225d9aa17405f1ddac1689/screenshot'
20:19:21.751 [Forwarding screenshot on session 639b80b2f3225d9aa17405f1ddac1689 to remote] DEBUG org.asynchttpclient.netty.request.NettyRequestSender - Using open Channel [id: 0x3a503761, L:/127.0.0.1:55032 - R:localhost/127.0.0.1:30976] for GET '/session/639b80b2f3225d9aa17405f1ddac1689/screenshot'
20:19:21.825 [AsyncHttpClient-1-5] DEBUG org.asynchttpclient.netty.handler.HttpHandler - 

Request DefaultFullHttpRequest(decodeResult: success, version: HTTP/1.1, content: EmptyByteBufBE)
GET /session/639b80b2f3225d9aa17405f1ddac1689/screenshot HTTP/1.1
User-Agent: selenium/4.8.1 (java windows)
Cache-Control: no-cache
Content-Type: application/json; charset=utf-8
host: localhost:30976
accept: */*

Response DefaultHttpResponse(decodeResult: success, version: HTTP/1.1)
HTTP/1.1 200 OK
Content-Length: 25208
Content-Type: application/json; charset=utf-8
cache-control: no-cache

20:19:21.825 [AsyncHttpClient-1-5] DEBUG org.asynchttpclient.netty.channel.ChannelManager - Adding key: http://localhost:30976 for channel [id: 0x3a503761, L:/127.0.0.1:55032 - R:localhost/127.0.0.1:30976]
20:19:21.827 [main] DEBUG net.serenitybdd.core.photography.Darkroom - Send negative for processing for target\site\serenity\edb14d4aab401efa0e4fb99861e6ffcafebc86a67b69f7828890b9910ed2ddbd.png
20:19:21.827 [main] DEBUG net.thucydides.core.steps.StepInterceptor - STEP DONE: openPage
  &amp#27;[32mGiven &amp#27;[0m&amp#27;[32mI am on the alta-shop login page&amp#27;[0m       &amp#27;[90m# starter.stepdefinitions.LoginSteps.onTheLoginPage()&amp#27;[0m
20:19:21.835 [Forwarding getPageSource on session 639b80b2f3225d9aa17405f1ddac1689 to remote] DEBUG org.asynchttpclient.netty.request.NettyRequestSender - Using pooled Channel '[id: 0x3a503761, L:/127.0.0.1:55032 - R:localhost/127.0.0.1:30976]' for 'POST' to 'http://localhost:30976/session/639b80b2f3225d9aa17405f1ddac1689/execute/sync'
20:19:21.835 [Forwarding getPageSource on session 639b80b2f3225d9aa17405f1ddac1689 to remote] DEBUG org.asynchttpclient.netty.request.NettyRequestSender - Using open Channel [id: 0x3a503761, L:/127.0.0.1:55032 - R:localhost/127.0.0.1:30976] for POST '/session/639b80b2f3225d9aa17405f1ddac1689/execute/sync'
20:19:21.839 [AsyncHttpClient-1-5] DEBUG org.asynchttpclient.netty.handler.HttpHandler - 

Request DefaultHttpRequest(decodeResult: success, version: HTTP/1.1)
POST /session/639b80b2f3225d9aa17405f1ddac1689/execute/sync HTTP/1.1
User-Agent: selenium/4.8.1 (java windows)
Content-Length: 176
Content-Type: application/json; charset=utf-8
host: localhost:30976
accept: */*

Response DefaultHttpResponse(decodeResult: success, version: HTTP/1.1)
HTTP/1.1 200 OK
Content-Length: 21659
Content-Type: application/json; charset=utf-8
cache-control: no-cache

20:19:21.839 [AsyncHttpClient-1-5] DEBUG org.asynchttpclient.netty.channel.ChannelManager - Adding key: http://localhost:30976 for channel [id: 0x3a503761, L:/127.0.0.1:55032 - R:localhost/127.0.0.1:30976]
20:19:21.842 [Forwarding getCurrentUrl on session 639b80b2f3225d9aa17405f1ddac1689 to remote] DEBUG org.asynchttpclient.netty.request.NettyRequestSender - Using pooled Channel '[id: 0x3a503761, L:/127.0.0.1:55032 - R:localhost/127.0.0.1:30976]' for 'GET' to 'http://localhost:30976/session/639b80b2f3225d9aa17405f1ddac1689/url'
20:19:21.842 [Forwarding getCurrentUrl on session 639b80b2f3225d9aa17405f1ddac1689 to remote] DEBUG org.asynchttpclient.netty.request.NettyRequestSender - Using open Channel [id: 0x3a503761, L:/127.0.0.1:55032 - R:localhost/127.0.0.1:30976] for GET '/session/639b80b2f3225d9aa17405f1ddac1689/url'
20:19:21.845 [AsyncHttpClient-1-5] DEBUG org.asynchttpclient.netty.handler.HttpHandler - 

Request DefaultFullHttpRequest(decodeResult: success, version: HTTP/1.1, content: EmptyByteBufBE)
GET /session/639b80b2f3225d9aa17405f1ddac1689/url HTTP/1.1
User-Agent: selenium/4.8.1 (java windows)
Cache-Control: no-cache
Content-Type: application/json; charset=utf-8
host: localhost:30976
accept: */*

Response DefaultHttpResponse(decodeResult: success, version: HTTP/1.1)
HTTP/1.1 200 OK
Content-Length: 51
Content-Type: application/json; charset=utf-8
cache-control: no-cache

20:19:21.846 [AsyncHttpClient-1-5] DEBUG org.asynchttpclient.netty.channel.ChannelManager - Adding key: http://localhost:30976 for channel [id: 0x3a503761, L:/127.0.0.1:55032 - R:localhost/127.0.0.1:30976]
20:19:21.857 [AsyncHttpClient-1-1] DEBUG org.asynchttpclient.netty.channel.DefaultChannelPool - Entry count for : http://localhost:30976 : 1
20:19:21.858 [AsyncHttpClient-1-1] DEBUG org.asynchttpclient.netty.channel.DefaultChannelPool - Entry count for : http://localhost:55034 : 1
20:19:21.868 [Forwarding getPageSource on session 639b80b2f3225d9aa17405f1ddac1689 to remote] DEBUG org.asynchttpclient.netty.request.NettyRequestSender - Using pooled Channel '[id: 0x3a503761, L:/127.0.0.1:55032 - R:localhost/127.0.0.1:30976]' for 'POST' to 'http://localhost:30976/session/639b80b2f3225d9aa17405f1ddac1689/execute/sync'
20:19:21.868 [Forwarding getPageSource on session 639b80b2f3225d9aa17405f1ddac1689 to remote] DEBUG org.asynchttpclient.netty.request.NettyRequestSender - Using open Channel [id: 0x3a503761, L:/127.0.0.1:55032 - R:localhost/127.0.0.1:30976] for POST '/session/639b80b2f3225d9aa17405f1ddac1689/execute/sync'
20:19:21.873 [AsyncHttpClient-1-5] DEBUG org.asynchttpclient.netty.handler.HttpHandler - 

Request DefaultHttpRequest(decodeResult: success, version: HTTP/1.1)
POST /session/639b80b2f3225d9aa17405f1ddac1689/execute/sync HTTP/1.1
User-Agent: selenium/4.8.1 (java windows)
Content-Length: 176
Content-Type: application/json; charset=utf-8
host: localhost:30976
accept: */*

Response DefaultHttpResponse(decodeResult: success, version: HTTP/1.1)
HTTP/1.1 200 OK
Content-Length: 21659
Content-Type: application/json; charset=utf-8
cache-control: no-cache

20:19:21.873 [AsyncHttpClient-1-5] DEBUG org.asynchttpclient.netty.channel.ChannelManager - Adding key: http://localhost:30976 for channel [id: 0x3a503761, L:/127.0.0.1:55032 - R:localhost/127.0.0.1:30976]
20:19:21.875 [Forwarding getCurrentUrl on session 639b80b2f3225d9aa17405f1ddac1689 to remote] DEBUG org.asynchttpclient.netty.request.NettyRequestSender - Using pooled Channel '[id: 0x3a503761, L:/127.0.0.1:55032 - R:localhost/127.0.0.1:30976]' for 'GET' to 'http://localhost:30976/session/639b80b2f3225d9aa17405f1ddac1689/url'
20:19:21.875 [Forwarding getCurrentUrl on session 639b80b2f3225d9aa17405f1ddac1689 to remote] DEBUG org.asynchttpclient.netty.request.NettyRequestSender - Using open Channel [id: 0x3a503761, L:/127.0.0.1:55032 - R:localhost/127.0.0.1:30976] for GET '/session/639b80b2f3225d9aa17405f1ddac1689/url'
20:19:21.878 [AsyncHttpClient-1-5] DEBUG org.asynchttpclient.netty.handler.HttpHandler - 

Request DefaultFullHttpRequest(decodeResult: success, version: HTTP/1.1, content: EmptyByteBufBE)
GET /session/639b80b2f3225d9aa17405f1ddac1689/url HTTP/1.1
User-Agent: selenium/4.8.1 (java windows)
Cache-Control: no-cache
Content-Type: application/json; charset=utf-8
host: localhost:30976
accept: */*

Response DefaultHttpResponse(decodeResult: success, version: HTTP/1.1)
HTTP/1.1 200 OK
Content-Length: 51
Content-Type: application/json; charset=utf-8
cache-control: no-cache

20:19:21.878 [AsyncHttpClient-1-5] DEBUG org.asynchttpclient.netty.channel.ChannelManager - Adding key: http://localhost:30976 for channel [id: 0x3a503761, L:/127.0.0.1:55032 - R:localhost/127.0.0.1:30976]
20:19:21.881 [main] DEBUG net.thucydides.core.steps.StepInterceptor - STARTING STEP: RegisterSteps.clickLoginButton - clickRegisterLink
20:19:21.884 [Forwarding findElement on session 639b80b2f3225d9aa17405f1ddac1689 to remote] DEBUG org.asynchttpclient.netty.request.NettyRequestSender - Using pooled Channel '[id: 0x3a503761, L:/127.0.0.1:55032 - R:localhost/127.0.0.1:30976]' for 'POST' to 'http://localhost:30976/session/639b80b2f3225d9aa17405f1ddac1689/element'
20:19:21.884 [Forwarding findElement on session 639b80b2f3225d9aa17405f1ddac1689 to remote] DEBUG org.asynchttpclient.netty.request.NettyRequestSender - Using open Channel [id: 0x3a503761, L:/127.0.0.1:55032 - R:localhost/127.0.0.1:30976] for POST '/session/639b80b2f3225d9aa17405f1ddac1689/element'
20:19:21.896 [AsyncHttpClient-1-5] DEBUG org.asynchttpclient.netty.handler.HttpHandler - 

Request DefaultHttpRequest(decodeResult: success, version: HTTP/1.1)
POST /session/639b80b2f3225d9aa17405f1ddac1689/element HTTP/1.1
User-Agent: selenium/4.8.1 (java windows)
Content-Length: 84
Content-Type: application/json; charset=utf-8
host: localhost:30976
accept: */*

Response DefaultHttpResponse(decodeResult: success, version: HTTP/1.1)
HTTP/1.1 200 OK
Content-Length: 88
Content-Type: application/json; charset=utf-8
cache-control: no-cache

20:19:21.896 [AsyncHttpClient-1-5] DEBUG org.asynchttpclient.netty.channel.ChannelManager - Adding key: http://localhost:30976 for channel [id: 0x3a503761, L:/127.0.0.1:55032 - R:localhost/127.0.0.1:30976]
20:19:21.897 [Forwarding getElementTagName on session 639b80b2f3225d9aa17405f1ddac1689 to remote] DEBUG org.asynchttpclient.netty.request.NettyRequestSender - Using pooled Channel '[id: 0x3a503761, L:/127.0.0.1:55032 - R:localhost/127.0.0.1:30976]' for 'GET' to 'http://localhost:30976/session/639b80b2f3225d9aa17405f1ddac1689/element/4586b698-b200-42be-9ebf-5cb8a53b3483/name'
20:19:21.897 [Forwarding getElementTagName on session 639b80b2f3225d9aa17405f1ddac1689 to remote] DEBUG org.asynchttpclient.netty.request.NettyRequestSender - Using open Channel [id: 0x3a503761, L:/127.0.0.1:55032 - R:localhost/127.0.0.1:30976] for GET '/session/639b80b2f3225d9aa17405f1ddac1689/element/4586b698-b200-42be-9ebf-5cb8a53b3483/name'
20:19:21.901 [AsyncHttpClient-1-5] DEBUG org.asynchttpclient.netty.handler.HttpHandler - 

Request DefaultFullHttpRequest(decodeResult: success, version: HTTP/1.1, content: EmptyByteBufBE)
GET /session/639b80b2f3225d9aa17405f1ddac1689/element/4586b698-b200-42be-9ebf-5cb8a53b3483/name HTTP/1.1
User-Agent: selenium/4.8.1 (java windows)
Cache-Control: no-cache
Content-Type: application/json; charset=utf-8
host: localhost:30976
accept: */*

Response DefaultHttpResponse(decodeResult: success, version: HTTP/1.1)
HTTP/1.1 200 OK
Content-Length: 13
Content-Type: application/json; charset=utf-8
cache-control: no-cache

20:19:21.901 [AsyncHttpClient-1-5] DEBUG org.asynchttpclient.netty.channel.ChannelManager - Adding key: http://localhost:30976 for channel [id: 0x3a503761, L:/127.0.0.1:55032 - R:localhost/127.0.0.1:30976]
20:19:21.903 [Forwarding getElementTagName on session 639b80b2f3225d9aa17405f1ddac1689 to remote] DEBUG org.asynchttpclient.netty.request.NettyRequestSender - Using pooled Channel '[id: 0x3a503761, L:/127.0.0.1:55032 - R:localhost/127.0.0.1:30976]' for 'GET' to 'http://localhost:30976/session/639b80b2f3225d9aa17405f1ddac1689/element/4586b698-b200-42be-9ebf-5cb8a53b3483/name'
20:19:21.903 [Forwarding getElementTagName on session 639b80b2f3225d9aa17405f1ddac1689 to remote] DEBUG org.asynchttpclient.netty.request.NettyRequestSender - Using open Channel [id: 0x3a503761, L:/127.0.0.1:55032 - R:localhost/127.0.0.1:30976] for GET '/session/639b80b2f3225d9aa17405f1ddac1689/element/4586b698-b200-42be-9ebf-5cb8a53b3483/name'
20:19:21.906 [AsyncHttpClient-1-5] DEBUG org.asynchttpclient.netty.handler.HttpHandler - 

Request DefaultFullHttpRequest(decodeResult: success, version: HTTP/1.1, content: EmptyByteBufBE)
GET /session/639b80b2f3225d9aa17405f1ddac1689/element/4586b698-b200-42be-9ebf-5cb8a53b3483/name HTTP/1.1
User-Agent: selenium/4.8.1 (java windows)
Cache-Control: no-cache
Content-Type: application/json; charset=utf-8
host: localhost:30976
accept: */*

Response DefaultHttpResponse(decodeResult: success, version: HTTP/1.1)
HTTP/1.1 200 OK
Content-Length: 13
Content-Type: application/json; charset=utf-8
cache-control: no-cache

20:19:21.906 [AsyncHttpClient-1-5] DEBUG org.asynchttpclient.netty.channel.ChannelManager - Adding key: http://localhost:30976 for channel [id: 0x3a503761, L:/127.0.0.1:55032 - R:localhost/127.0.0.1:30976]
20:19:21.909 [Forwarding findElement on session 639b80b2f3225d9aa17405f1ddac1689 to remote] DEBUG org.asynchttpclient.netty.request.NettyRequestSender - Using pooled Channel '[id: 0x3a503761, L:/127.0.0.1:55032 - R:localhost/127.0.0.1:30976]' for 'POST' to 'http://localhost:30976/session/639b80b2f3225d9aa17405f1ddac1689/element'
20:19:21.909 [Forwarding findElement on session 639b80b2f3225d9aa17405f1ddac1689 to remote] DEBUG org.asynchttpclient.netty.request.NettyRequestSender - Using open Channel [id: 0x3a503761, L:/127.0.0.1:55032 - R:localhost/127.0.0.1:30976] for POST '/session/639b80b2f3225d9aa17405f1ddac1689/element'
20:19:21.914 [AsyncHttpClient-1-5] DEBUG org.asynchttpclient.netty.handler.HttpHandler - 

Request DefaultHttpRequest(decodeResult: success, version: HTTP/1.1)
POST /session/639b80b2f3225d9aa17405f1ddac1689/element HTTP/1.1
User-Agent: selenium/4.8.1 (java windows)
Content-Length: 84
Content-Type: application/json; charset=utf-8
host: localhost:30976
accept: */*

Response DefaultHttpResponse(decodeResult: success, version: HTTP/1.1)
HTTP/1.1 200 OK
Content-Length: 88
Content-Type: application/json; charset=utf-8
cache-control: no-cache

20:19:21.915 [AsyncHttpClient-1-5] DEBUG org.asynchttpclient.netty.channel.ChannelManager - Adding key: http://localhost:30976 for channel [id: 0x3a503761, L:/127.0.0.1:55032 - R:localhost/127.0.0.1:30976]
20:19:21.916 [Forwarding clickElement on session 639b80b2f3225d9aa17405f1ddac1689 to remote] DEBUG org.asynchttpclient.netty.request.NettyRequestSender - Using pooled Channel '[id: 0x3a503761, L:/127.0.0.1:55032 - R:localhost/127.0.0.1:30976]' for 'POST' to 'http://localhost:30976/session/639b80b2f3225d9aa17405f1ddac1689/element/4586b698-b200-42be-9ebf-5cb8a53b3483/click'
20:19:21.916 [Forwarding clickElement on session 639b80b2f3225d9aa17405f1ddac1689 to remote] DEBUG org.asynchttpclient.netty.request.NettyRequestSender - Using open Channel [id: 0x3a503761, L:/127.0.0.1:55032 - R:localhost/127.0.0.1:30976] for POST '/session/639b80b2f3225d9aa17405f1ddac1689/element/4586b698-b200-42be-9ebf-5cb8a53b3483/click'
20:19:21.959 [AsyncHttpClient-1-5] DEBUG org.asynchttpclient.netty.handler.HttpHandler - 

Request DefaultHttpRequest(decodeResult: success, version: HTTP/1.1)
POST /session/639b80b2f3225d9aa17405f1ddac1689/element/4586b698-b200-42be-9ebf-5cb8a53b3483/click HTTP/1.1
User-Agent: selenium/4.8.1 (java windows)
Content-Length: 50
Content-Type: application/json; charset=utf-8
host: localhost:30976
accept: */*

Response DefaultHttpResponse(decodeResult: success, version: HTTP/1.1)
HTTP/1.1 200 OK
Content-Length: 14
Content-Type: application/json; charset=utf-8
cache-control: no-cache

20:19:21.959 [AsyncHttpClient-1-5] DEBUG org.asynchttpclient.netty.channel.ChannelManager - Adding key: http://localhost:30976 for channel [id: 0x3a503761, L:/127.0.0.1:55032 - R:localhost/127.0.0.1:30976]
20:19:21.965 [Forwarding getAlertText on session 639b80b2f3225d9aa17405f1ddac1689 to remote] DEBUG org.asynchttpclient.netty.request.NettyRequestSender - Using pooled Channel '[id: 0x3a503761, L:/127.0.0.1:55032 - R:localhost/127.0.0.1:30976]' for 'GET' to 'http://localhost:30976/session/639b80b2f3225d9aa17405f1ddac1689/alert/text'
20:19:21.965 [Forwarding getAlertText on session 639b80b2f3225d9aa17405f1ddac1689 to remote] DEBUG org.asynchttpclient.netty.request.NettyRequestSender - Using open Channel [id: 0x3a503761, L:/127.0.0.1:55032 - R:localhost/127.0.0.1:30976] for GET '/session/639b80b2f3225d9aa17405f1ddac1689/alert/text'
20:19:21.970 [AsyncHttpClient-1-5] DEBUG org.asynchttpclient.netty.handler.HttpHandler - 

Request DefaultFullHttpRequest(decodeResult: success, version: HTTP/1.1, content: EmptyByteBufBE)
GET /session/639b80b2f3225d9aa17405f1ddac1689/alert/text HTTP/1.1
User-Agent: selenium/4.8.1 (java windows)
Cache-Control: no-cache
Content-Type: application/json; charset=utf-8
host: localhost:30976
accept: */*

Response DefaultHttpResponse(decodeResult: success, version: HTTP/1.1)
HTTP/1.1 404 Not Found
Content-Length: 836
Content-Type: application/json; charset=utf-8
cache-control: no-cache

20:19:21.970 [AsyncHttpClient-1-5] DEBUG org.asynchttpclient.netty.channel.ChannelManager - Adding key: http://localhost:30976 for channel [id: 0x3a503761, L:/127.0.0.1:55032 - R:localhost/127.0.0.1:30976]
20:19:21.972 [Forwarding getCurrentUrl on session 639b80b2f3225d9aa17405f1ddac1689 to remote] DEBUG org.asynchttpclient.netty.request.NettyRequestSender - Using pooled Channel '[id: 0x3a503761, L:/127.0.0.1:55032 - R:localhost/127.0.0.1:30976]' for 'GET' to 'http://localhost:30976/session/639b80b2f3225d9aa17405f1ddac1689/url'
20:19:21.972 [Forwarding getCurrentUrl on session 639b80b2f3225d9aa17405f1ddac1689 to remote] DEBUG org.asynchttpclient.netty.request.NettyRequestSender - Using open Channel [id: 0x3a503761, L:/127.0.0.1:55032 - R:localhost/127.0.0.1:30976] for GET '/session/639b80b2f3225d9aa17405f1ddac1689/url'
20:19:21.977 [AsyncHttpClient-1-5] DEBUG org.asynchttpclient.netty.handler.HttpHandler - 

Request DefaultFullHttpRequest(decodeResult: success, version: HTTP/1.1, content: EmptyByteBufBE)
GET /session/639b80b2f3225d9aa17405f1ddac1689/url HTTP/1.1
User-Agent: selenium/4.8.1 (java windows)
Cache-Control: no-cache
Content-Type: application/json; charset=utf-8
host: localhost:30976
accept: */*

Response DefaultHttpResponse(decodeResult: success, version: HTTP/1.1)
HTTP/1.1 200 OK
Content-Length: 54
Content-Type: application/json; charset=utf-8
cache-control: no-cache

20:19:21.977 [AsyncHttpClient-1-5] DEBUG org.asynchttpclient.netty.channel.ChannelManager - Adding key: http://localhost:30976 for channel [id: 0x3a503761, L:/127.0.0.1:55032 - R:localhost/127.0.0.1:30976]
20:19:21.979 [Forwarding screenshot on session 639b80b2f3225d9aa17405f1ddac1689 to remote] DEBUG org.asynchttpclient.netty.request.NettyRequestSender - Using pooled Channel '[id: 0x3a503761, L:/127.0.0.1:55032 - R:localhost/127.0.0.1:30976]' for 'GET' to 'http://localhost:30976/session/639b80b2f3225d9aa17405f1ddac1689/screenshot'
20:19:21.979 [Forwarding screenshot on session 639b80b2f3225d9aa17405f1ddac1689 to remote] DEBUG org.asynchttpclient.netty.request.NettyRequestSender - Using open Channel [id: 0x3a503761, L:/127.0.0.1:55032 - R:localhost/127.0.0.1:30976] for GET '/session/639b80b2f3225d9aa17405f1ddac1689/screenshot'
20:19:22.082 [AsyncHttpClient-1-5] DEBUG org.asynchttpclient.netty.handler.HttpHandler - 

Request DefaultFullHttpRequest(decodeResult: success, version: HTTP/1.1, content: EmptyByteBufBE)
GET /session/639b80b2f3225d9aa17405f1ddac1689/screenshot HTTP/1.1
User-Agent: selenium/4.8.1 (java windows)
Cache-Control: no-cache
Content-Type: application/json; charset=utf-8
host: localhost:30976
accept: */*

Response DefaultHttpResponse(decodeResult: success, version: HTTP/1.1)
HTTP/1.1 200 OK
Content-Length: 30264
Content-Type: application/json; charset=utf-8
cache-control: no-cache

20:19:22.083 [AsyncHttpClient-1-5] DEBUG org.asynchttpclient.netty.channel.ChannelManager - Adding key: http://localhost:30976 for channel [id: 0x3a503761, L:/127.0.0.1:55032 - R:localhost/127.0.0.1:30976]
20:19:22.085 [main] DEBUG net.serenitybdd.core.photography.Darkroom - Send negative for processing for target\site\serenity\451c4f6999682377bef28ebea2e5e44d63f99487be9b82d3edcfdb1391993b01.png
20:19:22.085 [main] DEBUG net.thucydides.core.steps.StepInterceptor - STEP DONE: clickRegisterLink
  &amp#27;[32mWhen &amp#27;[0m&amp#27;[32mI go to the alta-shop register page&amp#27;[0m     &amp#27;[90m# starter.stepdefinitions.RegisterSteps.clickLoginButton()&amp#27;[0m
20:19:22.085 [Darkroom Processing Line] DEBUG net.serenitybdd.core.photography.DarkroomProcessingLine - Processing screenshot image in /var/screenshots/screenshot-8582696023868546685
20:19:22.085 [Darkroom Processing Line] DEBUG net.serenitybdd.core.photography.DarkroomProcessingLine - Saving screenshot to target\site\serenity\451c4f6999682377bef28ebea2e5e44d63f99487be9b82d3edcfdb1391993b01.png
20:19:22.093 [Forwarding getPageSource on session 639b80b2f3225d9aa17405f1ddac1689 to remote] DEBUG org.asynchttpclient.netty.request.NettyRequestSender - Using pooled Channel '[id: 0x3a503761, L:/127.0.0.1:55032 - R:localhost/127.0.0.1:30976]' for 'POST' to 'http://localhost:30976/session/639b80b2f3225d9aa17405f1ddac1689/execute/sync'
20:19:22.093 [Forwarding getPageSource on session 639b80b2f3225d9aa17405f1ddac1689 to remote] DEBUG org.asynchttpclient.netty.request.NettyRequestSender - Using open Channel [id: 0x3a503761, L:/127.0.0.1:55032 - R:localhost/127.0.0.1:30976] for POST '/session/639b80b2f3225d9aa17405f1ddac1689/execute/sync'
20:19:22.097 [AsyncHttpClient-1-5] DEBUG org.asynchttpclient.netty.handler.HttpHandler - 

Request DefaultHttpRequest(decodeResult: success, version: HTTP/1.1)
POST /session/639b80b2f3225d9aa17405f1ddac1689/execute/sync HTTP/1.1
User-Agent: selenium/4.8.1 (java windows)
Content-Length: 176
Content-Type: application/json; charset=utf-8
host: localhost:30976
accept: */*

Response DefaultHttpResponse(decodeResult: success, version: HTTP/1.1)
HTTP/1.1 200 OK
Content-Length: 22314
Content-Type: application/json; charset=utf-8
cache-control: no-cache

20:19:22.097 [AsyncHttpClient-1-5] DEBUG org.asynchttpclient.netty.channel.ChannelManager - Adding key: http://localhost:30976 for channel [id: 0x3a503761, L:/127.0.0.1:55032 - R:localhost/127.0.0.1:30976]
20:19:22.099 [Forwarding getCurrentUrl on session 639b80b2f3225d9aa17405f1ddac1689 to remote] DEBUG org.asynchttpclient.netty.request.NettyRequestSender - Using pooled Channel '[id: 0x3a503761, L:/127.0.0.1:55032 - R:localhost/127.0.0.1:30976]' for 'GET' to 'http://localhost:30976/session/639b80b2f3225d9aa17405f1ddac1689/url'
20:19:22.099 [Forwarding getCurrentUrl on session 639b80b2f3225d9aa17405f1ddac1689 to remote] DEBUG org.asynchttpclient.netty.request.NettyRequestSender - Using open Channel [id: 0x3a503761, L:/127.0.0.1:55032 - R:localhost/127.0.0.1:30976] for GET '/session/639b80b2f3225d9aa17405f1ddac1689/url'
20:19:22.103 [AsyncHttpClient-1-5] DEBUG org.asynchttpclient.netty.handler.HttpHandler - 

Request DefaultFullHttpRequest(decodeResult: success, version: HTTP/1.1, content: EmptyByteBufBE)
GET /session/639b80b2f3225d9aa17405f1ddac1689/url HTTP/1.1
User-Agent: selenium/4.8.1 (java windows)
Cache-Control: no-cache
Content-Type: application/json; charset=utf-8
host: localhost:30976
accept: */*

Response DefaultHttpResponse(decodeResult: success, version: HTTP/1.1)
HTTP/1.1 200 OK
Content-Length: 54
Content-Type: application/json; charset=utf-8
cache-control: no-cache

20:19:22.103 [AsyncHttpClient-1-5] DEBUG org.asynchttpclient.netty.channel.ChannelManager - Adding key: http://localhost:30976 for channel [id: 0x3a503761, L:/127.0.0.1:55032 - R:localhost/127.0.0.1:30976]
20:19:22.111 [Forwarding getPageSource on session 639b80b2f3225d9aa17405f1ddac1689 to remote] DEBUG org.asynchttpclient.netty.request.NettyRequestSender - Using pooled Channel '[id: 0x3a503761, L:/127.0.0.1:55032 - R:localhost/127.0.0.1:30976]' for 'POST' to 'http://localhost:30976/session/639b80b2f3225d9aa17405f1ddac1689/execute/sync'
20:19:22.111 [Forwarding getPageSource on session 639b80b2f3225d9aa17405f1ddac1689 to remote] DEBUG org.asynchttpclient.netty.request.NettyRequestSender - Using open Channel [id: 0x3a503761, L:/127.0.0.1:55032 - R:localhost/127.0.0.1:30976] for POST '/session/639b80b2f3225d9aa17405f1ddac1689/execute/sync'
20:19:22.115 [AsyncHttpClient-1-5] DEBUG org.asynchttpclient.netty.handler.HttpHandler - 

Request DefaultHttpRequest(decodeResult: success, version: HTTP/1.1)
POST /session/639b80b2f3225d9aa17405f1ddac1689/execute/sync HTTP/1.1
User-Agent: selenium/4.8.1 (java windows)
Content-Length: 176
Content-Type: application/json; charset=utf-8
host: localhost:30976
accept: */*

Response DefaultHttpResponse(decodeResult: success, version: HTTP/1.1)
HTTP/1.1 200 OK
Content-Length: 22314
Content-Type: application/json; charset=utf-8
cache-control: no-cache

20:19:22.115 [AsyncHttpClient-1-5] DEBUG org.asynchttpclient.netty.channel.ChannelManager - Adding key: http://localhost:30976 for channel [id: 0x3a503761, L:/127.0.0.1:55032 - R:localhost/127.0.0.1:30976]
20:19:22.117 [Forwarding getCurrentUrl on session 639b80b2f3225d9aa17405f1ddac1689 to remote] DEBUG org.asynchttpclient.netty.request.NettyRequestSender - Using pooled Channel '[id: 0x3a503761, L:/127.0.0.1:55032 - R:localhost/127.0.0.1:30976]' for 'GET' to 'http://localhost:30976/session/639b80b2f3225d9aa17405f1ddac1689/url'
20:19:22.118 [Forwarding getCurrentUrl on session 639b80b2f3225d9aa17405f1ddac1689 to remote] DEBUG org.asynchttpclient.netty.request.NettyRequestSender - Using open Channel [id: 0x3a503761, L:/127.0.0.1:55032 - R:localhost/127.0.0.1:30976] for GET '/session/639b80b2f3225d9aa17405f1ddac1689/url'
20:19:22.121 [AsyncHttpClient-1-5] DEBUG org.asynchttpclient.netty.handler.HttpHandler - 

Request DefaultFullHttpRequest(decodeResult: success, version: HTTP/1.1, content: EmptyByteBufBE)
GET /session/639b80b2f3225d9aa17405f1ddac1689/url HTTP/1.1
User-Agent: selenium/4.8.1 (java windows)
Cache-Control: no-cache
Content-Type: application/json; charset=utf-8
host: localhost:30976
accept: */*

Response DefaultHttpResponse(decodeResult: success, version: HTTP/1.1)
HTTP/1.1 200 OK
Content-Length: 54
Content-Type: application/json; charset=utf-8
cache-control: no-cache

20:19:22.121 [AsyncHttpClient-1-5] DEBUG org.asynchttpclient.netty.channel.ChannelManager - Adding key: http://localhost:30976 for channel [id: 0x3a503761, L:/127.0.0.1:55032 - R:localhost/127.0.0.1:30976]
20:19:22.123 [main] DEBUG net.thucydides.core.steps.StepInterceptor - STARTING STEP: RegisterSteps.inputInvalidFullnameReg - inputFullnameReg
20:19:22.125 [Forwarding findElement on session 639b80b2f3225d9aa17405f1ddac1689 to remote] DEBUG org.asynchttpclient.netty.request.NettyRequestSender - Using pooled Channel '[id: 0x3a503761, L:/127.0.0.1:55032 - R:localhost/127.0.0.1:30976]' for 'POST' to 'http://localhost:30976/session/639b80b2f3225d9aa17405f1ddac1689/element'
20:19:22.125 [Forwarding findElement on session 639b80b2f3225d9aa17405f1ddac1689 to remote] DEBUG org.asynchttpclient.netty.request.NettyRequestSender - Using open Channel [id: 0x3a503761, L:/127.0.0.1:55032 - R:localhost/127.0.0.1:30976] for POST '/session/639b80b2f3225d9aa17405f1ddac1689/element'
20:19:22.132 [AsyncHttpClient-1-5] DEBUG org.asynchttpclient.netty.handler.HttpHandler - 

Request DefaultHttpRequest(decodeResult: success, version: HTTP/1.1)
POST /session/639b80b2f3225d9aa17405f1ddac1689/element HTTP/1.1
User-Agent: selenium/4.8.1 (java windows)
Content-Length: 55
Content-Type: application/json; charset=utf-8
host: localhost:30976
accept: */*

Response DefaultHttpResponse(decodeResult: success, version: HTTP/1.1)
HTTP/1.1 200 OK
Content-Length: 88
Content-Type: application/json; charset=utf-8
cache-control: no-cache

20:19:22.132 [AsyncHttpClient-1-5] DEBUG org.asynchttpclient.netty.channel.ChannelManager - Adding key: http://localhost:30976 for channel [id: 0x3a503761, L:/127.0.0.1:55032 - R:localhost/127.0.0.1:30976]
20:19:22.134 [Forwarding clearElement on session 639b80b2f3225d9aa17405f1ddac1689 to remote] DEBUG org.asynchttpclient.netty.request.NettyRequestSender - Using pooled Channel '[id: 0x3a503761, L:/127.0.0.1:55032 - R:localhost/127.0.0.1:30976]' for 'POST' to 'http://localhost:30976/session/639b80b2f3225d9aa17405f1ddac1689/element/b71caaeb-9ce3-4e76-a4ba-6efa9e8218ca/clear'
20:19:22.134 [Forwarding clearElement on session 639b80b2f3225d9aa17405f1ddac1689 to remote] DEBUG org.asynchttpclient.netty.request.NettyRequestSender - Using open Channel [id: 0x3a503761, L:/127.0.0.1:55032 - R:localhost/127.0.0.1:30976] for POST '/session/639b80b2f3225d9aa17405f1ddac1689/element/b71caaeb-9ce3-4e76-a4ba-6efa9e8218ca/clear'
20:19:22.156 [AsyncHttpClient-1-5] DEBUG org.asynchttpclient.netty.handler.HttpHandler - 

Request DefaultHttpRequest(decodeResult: success, version: HTTP/1.1)
POST /session/639b80b2f3225d9aa17405f1ddac1689/element/b71caaeb-9ce3-4e76-a4ba-6efa9e8218ca/clear HTTP/1.1
User-Agent: selenium/4.8.1 (java windows)
Content-Length: 50
Content-Type: application/json; charset=utf-8
host: localhost:30976
accept: */*

Response DefaultHttpResponse(decodeResult: success, version: HTTP/1.1)
HTTP/1.1 200 OK
Content-Length: 14
Content-Type: application/json; charset=utf-8
cache-control: no-cache

20:19:22.156 [AsyncHttpClient-1-5] DEBUG org.asynchttpclient.netty.channel.ChannelManager - Adding key: http://localhost:30976 for channel [id: 0x3a503761, L:/127.0.0.1:55032 - R:localhost/127.0.0.1:30976]
20:19:22.158 [Forwarding sendKeysToElement on session 639b80b2f3225d9aa17405f1ddac1689 to remote] DEBUG org.asynchttpclient.netty.request.NettyRequestSender - Using pooled Channel '[id: 0x3a503761, L:/127.0.0.1:55032 - R:localhost/127.0.0.1:30976]' for 'POST' to 'http://localhost:30976/session/639b80b2f3225d9aa17405f1ddac1689/element/b71caaeb-9ce3-4e76-a4ba-6efa9e8218ca/value'
20:19:22.158 [Forwarding sendKeysToElement on session 639b80b2f3225d9aa17405f1ddac1689 to remote] DEBUG org.asynchttpclient.netty.request.NettyRequestSender - Using open Channel [id: 0x3a503761, L:/127.0.0.1:55032 - R:localhost/127.0.0.1:30976] for POST '/session/639b80b2f3225d9aa17405f1ddac1689/element/b71caaeb-9ce3-4e76-a4ba-6efa9e8218ca/value'
20:19:22.184 [AsyncHttpClient-1-5] DEBUG org.asynchttpclient.netty.handler.HttpHandler - 

Request DefaultHttpRequest(decodeResult: success, version: HTTP/1.1)
POST /session/639b80b2f3225d9aa17405f1ddac1689/element/b71caaeb-9ce3-4e76-a4ba-6efa9e8218ca/value HTTP/1.1
User-Agent: selenium/4.8.1 (java windows)
Content-Length: 82
Content-Type: application/json; charset=utf-8
host: localhost:30976
accept: */*

Response DefaultHttpResponse(decodeResult: success, version: HTTP/1.1)
HTTP/1.1 200 OK
Content-Length: 14
Content-Type: application/json; charset=utf-8
cache-control: no-cache

20:19:22.184 [AsyncHttpClient-1-5] DEBUG org.asynchttpclient.netty.channel.ChannelManager - Adding key: http://localhost:30976 for channel [id: 0x3a503761, L:/127.0.0.1:55032 - R:localhost/127.0.0.1:30976]
20:19:22.188 [Forwarding getAlertText on session 639b80b2f3225d9aa17405f1ddac1689 to remote] DEBUG org.asynchttpclient.netty.request.NettyRequestSender - Using pooled Channel '[id: 0x3a503761, L:/127.0.0.1:55032 - R:localhost/127.0.0.1:30976]' for 'GET' to 'http://localhost:30976/session/639b80b2f3225d9aa17405f1ddac1689/alert/text'
20:19:22.188 [Forwarding getAlertText on session 639b80b2f3225d9aa17405f1ddac1689 to remote] DEBUG org.asynchttpclient.netty.request.NettyRequestSender - Using open Channel [id: 0x3a503761, L:/127.0.0.1:55032 - R:localhost/127.0.0.1:30976] for GET '/session/639b80b2f3225d9aa17405f1ddac1689/alert/text'
20:19:22.189 [AsyncHttpClient-1-5] DEBUG org.asynchttpclient.netty.handler.HttpHandler - 

Request DefaultFullHttpRequest(decodeResult: success, version: HTTP/1.1, content: EmptyByteBufBE)
GET /session/639b80b2f3225d9aa17405f1ddac1689/alert/text HTTP/1.1
User-Agent: selenium/4.8.1 (java windows)
Cache-Control: no-cache
Content-Type: application/json; charset=utf-8
host: localhost:30976
accept: */*

Response DefaultHttpResponse(decodeResult: success, version: HTTP/1.1)
HTTP/1.1 404 Not Found
Content-Length: 836
Content-Type: application/json; charset=utf-8
cache-control: no-cache

20:19:22.190 [AsyncHttpClient-1-5] DEBUG org.asynchttpclient.netty.channel.ChannelManager - Adding key: http://localhost:30976 for channel [id: 0x3a503761, L:/127.0.0.1:55032 - R:localhost/127.0.0.1:30976]
20:19:22.191 [Forwarding getCurrentUrl on session 639b80b2f3225d9aa17405f1ddac1689 to remote] DEBUG org.asynchttpclient.netty.request.NettyRequestSender - Using pooled Channel '[id: 0x3a503761, L:/127.0.0.1:55032 - R:localhost/127.0.0.1:30976]' for 'GET' to 'http://localhost:30976/session/639b80b2f3225d9aa17405f1ddac1689/url'
20:19:22.191 [Forwarding getCurrentUrl on session 639b80b2f3225d9aa17405f1ddac1689 to remote] DEBUG org.asynchttpclient.netty.request.NettyRequestSender - Using open Channel [id: 0x3a503761, L:/127.0.0.1:55032 - R:localhost/127.0.0.1:30976] for GET '/session/639b80b2f3225d9aa17405f1ddac1689/url'
20:19:22.193 [AsyncHttpClient-1-5] DEBUG org.asynchttpclient.netty.handler.HttpHandler - 

Request DefaultFullHttpRequest(decodeResult: success, version: HTTP/1.1, content: EmptyByteBufBE)
GET /session/639b80b2f3225d9aa17405f1ddac1689/url HTTP/1.1
User-Agent: selenium/4.8.1 (java windows)
Cache-Control: no-cache
Content-Type: application/json; charset=utf-8
host: localhost:30976
accept: */*

Response DefaultHttpResponse(decodeResult: success, version: HTTP/1.1)
HTTP/1.1 200 OK
Content-Length: 54
Content-Type: application/json; charset=utf-8
cache-control: no-cache

20:19:22.194 [AsyncHttpClient-1-5] DEBUG org.asynchttpclient.netty.channel.ChannelManager - Adding key: http://localhost:30976 for channel [id: 0x3a503761, L:/127.0.0.1:55032 - R:localhost/127.0.0.1:30976]
20:19:22.194 [Forwarding screenshot on session 639b80b2f3225d9aa17405f1ddac1689 to remote] DEBUG org.asynchttpclient.netty.request.NettyRequestSender - Using pooled Channel '[id: 0x3a503761, L:/127.0.0.1:55032 - R:localhost/127.0.0.1:30976]' for 'GET' to 'http://localhost:30976/session/639b80b2f3225d9aa17405f1ddac1689/screenshot'
20:19:22.194 [Forwarding screenshot on session 639b80b2f3225d9aa17405f1ddac1689 to remote] DEBUG org.asynchttpclient.netty.request.NettyRequestSender - Using open Channel [id: 0x3a503761, L:/127.0.0.1:55032 - R:localhost/127.0.0.1:30976] for GET '/session/639b80b2f3225d9aa17405f1ddac1689/screenshot'
20:19:22.318 [AsyncHttpClient-1-5] DEBUG org.asynchttpclient.netty.handler.HttpHandler - 

Request DefaultFullHttpRequest(decodeResult: success, version: HTTP/1.1, content: EmptyByteBufBE)
GET /session/639b80b2f3225d9aa17405f1ddac1689/screenshot HTTP/1.1
User-Agent: selenium/4.8.1 (java windows)
Cache-Control: no-cache
Content-Type: application/json; charset=utf-8
host: localhost:30976
accept: */*

Response DefaultHttpResponse(decodeResult: success, version: HTTP/1.1)
HTTP/1.1 200 OK
Content-Length: 30868
Content-Type: application/json; charset=utf-8
cache-control: no-cache

20:19:22.318 [AsyncHttpClient-1-5] DEBUG org.asynchttpclient.netty.channel.ChannelManager - Adding key: http://localhost:30976 for channel [id: 0x3a503761, L:/127.0.0.1:55032 - R:localhost/127.0.0.1:30976]
20:19:22.320 [main] DEBUG net.serenitybdd.core.photography.Darkroom - Send negative for processing for target\site\serenity\df017f01685791e2d9706cfd6b9b5627e246131deac081b7a4ebe06646c9f268.png
20:19:22.320 [main] DEBUG net.thucydides.core.steps.StepInterceptor - STEP DONE: inputFullnameReg
  &amp#27;[32mAnd &amp#27;[0m&amp#27;[32mI input nothing in fullname for register&amp#27;[0m &amp#27;[90m# starter.stepdefinitions.RegisterSteps.inputInvalidFullnameReg()&amp#27;[0m
20:19:22.320 [Darkroom Processing Line] DEBUG net.serenitybdd.core.photography.DarkroomProcessingLine - Processing screenshot image in /var/screenshots/screenshot-16543826460747112129
20:19:22.320 [Darkroom Processing Line] DEBUG net.serenitybdd.core.photography.DarkroomProcessingLine - Saving screenshot to target\site\serenity\df017f01685791e2d9706cfd6b9b5627e246131deac081b7a4ebe06646c9f268.png
20:19:22.328 [Forwarding getPageSource on session 639b80b2f3225d9aa17405f1ddac1689 to remote] DEBUG org.asynchttpclient.netty.request.NettyRequestSender - Using pooled Channel '[id: 0x3a503761, L:/127.0.0.1:55032 - R:localhost/127.0.0.1:30976]' for 'POST' to 'http://localhost:30976/session/639b80b2f3225d9aa17405f1ddac1689/execute/sync'
20:19:22.328 [Forwarding getPageSource on session 639b80b2f3225d9aa17405f1ddac1689 to remote] DEBUG org.asynchttpclient.netty.request.NettyRequestSender - Using open Channel [id: 0x3a503761, L:/127.0.0.1:55032 - R:localhost/127.0.0.1:30976] for POST '/session/639b80b2f3225d9aa17405f1ddac1689/execute/sync'
20:19:22.332 [AsyncHttpClient-1-5] DEBUG org.asynchttpclient.netty.handler.HttpHandler - 

Request DefaultHttpRequest(decodeResult: success, version: HTTP/1.1)
POST /session/639b80b2f3225d9aa17405f1ddac1689/execute/sync HTTP/1.1
User-Agent: selenium/4.8.1 (java windows)
Content-Length: 176
Content-Type: application/json; charset=utf-8
host: localhost:30976
accept: */*

Response DefaultHttpResponse(decodeResult: success, version: HTTP/1.1)
HTTP/1.1 200 OK
Content-Length: 22392
Content-Type: application/json; charset=utf-8
cache-control: no-cache

20:19:22.332 [AsyncHttpClient-1-5] DEBUG org.asynchttpclient.netty.channel.ChannelManager - Adding key: http://localhost:30976 for channel [id: 0x3a503761, L:/127.0.0.1:55032 - R:localhost/127.0.0.1:30976]
20:19:22.338 [Forwarding getCurrentUrl on session 639b80b2f3225d9aa17405f1ddac1689 to remote] DEBUG org.asynchttpclient.netty.request.NettyRequestSender - Using pooled Channel '[id: 0x3a503761, L:/127.0.0.1:55032 - R:localhost/127.0.0.1:30976]' for 'GET' to 'http://localhost:30976/session/639b80b2f3225d9aa17405f1ddac1689/url'
20:19:22.338 [Forwarding getCurrentUrl on session 639b80b2f3225d9aa17405f1ddac1689 to remote] DEBUG org.asynchttpclient.netty.request.NettyRequestSender - Using open Channel [id: 0x3a503761, L:/127.0.0.1:55032 - R:localhost/127.0.0.1:30976] for GET '/session/639b80b2f3225d9aa17405f1ddac1689/url'
20:19:22.340 [AsyncHttpClient-1-5] DEBUG org.asynchttpclient.netty.handler.HttpHandler - 

Request DefaultFullHttpRequest(decodeResult: success, version: HTTP/1.1, content: EmptyByteBufBE)
GET /session/639b80b2f3225d9aa17405f1ddac1689/url HTTP/1.1
User-Agent: selenium/4.8.1 (java windows)
Cache-Control: no-cache
Content-Type: application/json; charset=utf-8
host: localhost:30976
accept: */*

Response DefaultHttpResponse(decodeResult: success, version: HTTP/1.1)
HTTP/1.1 200 OK
Content-Length: 54
Content-Type: application/json; charset=utf-8
cache-control: no-cache

20:19:22.340 [AsyncHttpClient-1-5] DEBUG org.asynchttpclient.netty.channel.ChannelManager - Adding key: http://localhost:30976 for channel [id: 0x3a503761, L:/127.0.0.1:55032 - R:localhost/127.0.0.1:30976]
20:19:22.348 [Forwarding getPageSource on session 639b80b2f3225d9aa17405f1ddac1689 to remote] DEBUG org.asynchttpclient.netty.request.NettyRequestSender - Using pooled Channel '[id: 0x3a503761, L:/127.0.0.1:55032 - R:localhost/127.0.0.1:30976]' for 'POST' to 'http://localhost:30976/session/639b80b2f3225d9aa17405f1ddac1689/execute/sync'
20:19:22.348 [Forwarding getPageSource on session 639b80b2f3225d9aa17405f1ddac1689 to remote] DEBUG org.asynchttpclient.netty.request.NettyRequestSender - Using open Channel [id: 0x3a503761, L:/127.0.0.1:55032 - R:localhost/127.0.0.1:30976] for POST '/session/639b80b2f3225d9aa17405f1ddac1689/execute/sync'
20:19:22.353 [AsyncHttpClient-1-5] DEBUG org.asynchttpclient.netty.handler.HttpHandler - 

Request DefaultHttpRequest(decodeResult: success, version: HTTP/1.1)
POST /session/639b80b2f3225d9aa17405f1ddac1689/execute/sync HTTP/1.1
User-Agent: selenium/4.8.1 (java windows)
Content-Length: 176
Content-Type: application/json; charset=utf-8
host: localhost:30976
accept: */*

Response DefaultHttpResponse(decodeResult: success, version: HTTP/1.1)
HTTP/1.1 200 OK
Content-Length: 22392
Content-Type: application/json; charset=utf-8
cache-control: no-cache

20:19:22.353 [AsyncHttpClient-1-5] DEBUG org.asynchttpclient.netty.channel.ChannelManager - Adding key: http://localhost:30976 for channel [id: 0x3a503761, L:/127.0.0.1:55032 - R:localhost/127.0.0.1:30976]
20:19:22.355 [Forwarding getCurrentUrl on session 639b80b2f3225d9aa17405f1ddac1689 to remote] DEBUG org.asynchttpclient.netty.request.NettyRequestSender - Using pooled Channel '[id: 0x3a503761, L:/127.0.0.1:55032 - R:localhost/127.0.0.1:30976]' for 'GET' to 'http://localhost:30976/session/639b80b2f3225d9aa17405f1ddac1689/url'
20:19:22.355 [Forwarding getCurrentUrl on session 639b80b2f3225d9aa17405f1ddac1689 to remote] DEBUG org.asynchttpclient.netty.request.NettyRequestSender - Using open Channel [id: 0x3a503761, L:/127.0.0.1:55032 - R:localhost/127.0.0.1:30976] for GET '/session/639b80b2f3225d9aa17405f1ddac1689/url'
20:19:22.359 [AsyncHttpClient-1-5] DEBUG org.asynchttpclient.netty.handler.HttpHandler - 

Request DefaultFullHttpRequest(decodeResult: success, version: HTTP/1.1, content: EmptyByteBufBE)
GET /session/639b80b2f3225d9aa17405f1ddac1689/url HTTP/1.1
User-Agent: selenium/4.8.1 (java windows)
Cache-Control: no-cache
Content-Type: application/json; charset=utf-8
host: localhost:30976
accept: */*

Response DefaultHttpResponse(decodeResult: success, version: HTTP/1.1)
HTTP/1.1 200 OK
Content-Length: 54
Content-Type: application/json; charset=utf-8
cache-control: no-cache

20:19:22.359 [AsyncHttpClient-1-5] DEBUG org.asynchttpclient.netty.channel.ChannelManager - Adding key: http://localhost:30976 for channel [id: 0x3a503761, L:/127.0.0.1:55032 - R:localhost/127.0.0.1:30976]
20:19:22.361 [main] DEBUG net.thucydides.core.steps.StepInterceptor - STARTING STEP: RegisterSteps.inputEmailReg - inputEmailReg
20:19:22.362 [Forwarding findElement on session 639b80b2f3225d9aa17405f1ddac1689 to remote] DEBUG org.asynchttpclient.netty.request.NettyRequestSender - Using pooled Channel '[id: 0x3a503761, L:/127.0.0.1:55032 - R:localhost/127.0.0.1:30976]' for 'POST' to 'http://localhost:30976/session/639b80b2f3225d9aa17405f1ddac1689/element'
20:19:22.362 [Forwarding findElement on session 639b80b2f3225d9aa17405f1ddac1689 to remote] DEBUG org.asynchttpclient.netty.request.NettyRequestSender - Using open Channel [id: 0x3a503761, L:/127.0.0.1:55032 - R:localhost/127.0.0.1:30976] for POST '/session/639b80b2f3225d9aa17405f1ddac1689/element'
20:19:22.372 [AsyncHttpClient-1-5] DEBUG org.asynchttpclient.netty.handler.HttpHandler - 

Request DefaultHttpRequest(decodeResult: success, version: HTTP/1.1)
POST /session/639b80b2f3225d9aa17405f1ddac1689/element HTTP/1.1
User-Agent: selenium/4.8.1 (java windows)
Content-Length: 55
Content-Type: application/json; charset=utf-8
host: localhost:30976
accept: */*

Response DefaultHttpResponse(decodeResult: success, version: HTTP/1.1)
HTTP/1.1 200 OK
Content-Length: 88
Content-Type: application/json; charset=utf-8
cache-control: no-cache

20:19:22.372 [AsyncHttpClient-1-5] DEBUG org.asynchttpclient.netty.channel.ChannelManager - Adding key: http://localhost:30976 for channel [id: 0x3a503761, L:/127.0.0.1:55032 - R:localhost/127.0.0.1:30976]
20:19:22.373 [Forwarding clearElement on session 639b80b2f3225d9aa17405f1ddac1689 to remote] DEBUG org.asynchttpclient.netty.request.NettyRequestSender - Using pooled Channel '[id: 0x3a503761, L:/127.0.0.1:55032 - R:localhost/127.0.0.1:30976]' for 'POST' to 'http://localhost:30976/session/639b80b2f3225d9aa17405f1ddac1689/element/a2facc0f-45a1-4106-8a07-c3d52037b07d/clear'
20:19:22.373 [Forwarding clearElement on session 639b80b2f3225d9aa17405f1ddac1689 to remote] DEBUG org.asynchttpclient.netty.request.NettyRequestSender - Using open Channel [id: 0x3a503761, L:/127.0.0.1:55032 - R:localhost/127.0.0.1:30976] for POST '/session/639b80b2f3225d9aa17405f1ddac1689/element/a2facc0f-45a1-4106-8a07-c3d52037b07d/clear'
20:19:22.396 [AsyncHttpClient-1-5] DEBUG org.asynchttpclient.netty.handler.HttpHandler - 

Request DefaultHttpRequest(decodeResult: success, version: HTTP/1.1)
POST /session/639b80b2f3225d9aa17405f1ddac1689/element/a2facc0f-45a1-4106-8a07-c3d52037b07d/clear HTTP/1.1
User-Agent: selenium/4.8.1 (java windows)
Content-Length: 50
Content-Type: application/json; charset=utf-8
host: localhost:30976
accept: */*

Response DefaultHttpResponse(decodeResult: success, version: HTTP/1.1)
HTTP/1.1 200 OK
Content-Length: 14
Content-Type: application/json; charset=utf-8
cache-control: no-cache

20:19:22.397 [AsyncHttpClient-1-5] DEBUG org.asynchttpclient.netty.channel.ChannelManager - Adding key: http://localhost:30976 for channel [id: 0x3a503761, L:/127.0.0.1:55032 - R:localhost/127.0.0.1:30976]
20:19:22.398 [Forwarding sendKeysToElement on session 639b80b2f3225d9aa17405f1ddac1689 to remote] DEBUG org.asynchttpclient.netty.request.NettyRequestSender - Using pooled Channel '[id: 0x3a503761, L:/127.0.0.1:55032 - R:localhost/127.0.0.1:30976]' for 'POST' to 'http://localhost:30976/session/639b80b2f3225d9aa17405f1ddac1689/element/a2facc0f-45a1-4106-8a07-c3d52037b07d/value'
20:19:22.398 [Forwarding sendKeysToElement on session 639b80b2f3225d9aa17405f1ddac1689 to remote] DEBUG org.asynchttpclient.netty.request.NettyRequestSender - Using open Channel [id: 0x3a503761, L:/127.0.0.1:55032 - R:localhost/127.0.0.1:30976] for POST '/session/639b80b2f3225d9aa17405f1ddac1689/element/a2facc0f-45a1-4106-8a07-c3d52037b07d/value'
20:19:22.471 [AsyncHttpClient-1-5] DEBUG org.asynchttpclient.netty.handler.HttpHandler - 

Request DefaultHttpRequest(decodeResult: success, version: HTTP/1.1)
POST /session/639b80b2f3225d9aa17405f1ddac1689/element/a2facc0f-45a1-4106-8a07-c3d52037b07d/value HTTP/1.1
User-Agent: selenium/4.8.1 (java windows)
Content-Length: 221
Content-Type: application/json; charset=utf-8
host: localhost:30976
accept: */*

Response DefaultHttpResponse(decodeResult: success, version: HTTP/1.1)
HTTP/1.1 200 OK
Content-Length: 14
Content-Type: application/json; charset=utf-8
cache-control: no-cache

20:19:22.471 [AsyncHttpClient-1-5] DEBUG org.asynchttpclient.netty.channel.ChannelManager - Adding key: http://localhost:30976 for channel [id: 0x3a503761, L:/127.0.0.1:55032 - R:localhost/127.0.0.1:30976]
20:19:22.478 [Forwarding getAlertText on session 639b80b2f3225d9aa17405f1ddac1689 to remote] DEBUG org.asynchttpclient.netty.request.NettyRequestSender - Using pooled Channel '[id: 0x3a503761, L:/127.0.0.1:55032 - R:localhost/127.0.0.1:30976]' for 'GET' to 'http://localhost:30976/session/639b80b2f3225d9aa17405f1ddac1689/alert/text'
20:19:22.478 [Forwarding getAlertText on session 639b80b2f3225d9aa17405f1ddac1689 to remote] DEBUG org.asynchttpclient.netty.request.NettyRequestSender - Using open Channel [id: 0x3a503761, L:/127.0.0.1:55032 - R:localhost/127.0.0.1:30976] for GET '/session/639b80b2f3225d9aa17405f1ddac1689/alert/text'
20:19:22.482 [AsyncHttpClient-1-5] DEBUG org.asynchttpclient.netty.handler.HttpHandler - 

Request DefaultFullHttpRequest(decodeResult: success, version: HTTP/1.1, content: EmptyByteBufBE)
GET /session/639b80b2f3225d9aa17405f1ddac1689/alert/text HTTP/1.1
User-Agent: selenium/4.8.1 (java windows)
Cache-Control: no-cache
Content-Type: application/json; charset=utf-8
host: localhost:30976
accept: */*

Response DefaultHttpResponse(decodeResult: success, version: HTTP/1.1)
HTTP/1.1 404 Not Found
Content-Length: 836
Content-Type: application/json; charset=utf-8
cache-control: no-cache

20:19:22.482 [AsyncHttpClient-1-5] DEBUG org.asynchttpclient.netty.channel.ChannelManager - Adding key: http://localhost:30976 for channel [id: 0x3a503761, L:/127.0.0.1:55032 - R:localhost/127.0.0.1:30976]
20:19:22.483 [Forwarding getCurrentUrl on session 639b80b2f3225d9aa17405f1ddac1689 to remote] DEBUG org.asynchttpclient.netty.request.NettyRequestSender - Using pooled Channel '[id: 0x3a503761, L:/127.0.0.1:55032 - R:localhost/127.0.0.1:30976]' for 'GET' to 'http://localhost:30976/session/639b80b2f3225d9aa17405f1ddac1689/url'
20:19:22.483 [Forwarding getCurrentUrl on session 639b80b2f3225d9aa17405f1ddac1689 to remote] DEBUG org.asynchttpclient.netty.request.NettyRequestSender - Using open Channel [id: 0x3a503761, L:/127.0.0.1:55032 - R:localhost/127.0.0.1:30976] for GET '/session/639b80b2f3225d9aa17405f1ddac1689/url'
20:19:22.486 [AsyncHttpClient-1-5] DEBUG org.asynchttpclient.netty.handler.HttpHandler - 

Request DefaultFullHttpRequest(decodeResult: success, version: HTTP/1.1, content: EmptyByteBufBE)
GET /session/639b80b2f3225d9aa17405f1ddac1689/url HTTP/1.1
User-Agent: selenium/4.8.1 (java windows)
Cache-Control: no-cache
Content-Type: application/json; charset=utf-8
host: localhost:30976
accept: */*

Response DefaultHttpResponse(decodeResult: success, version: HTTP/1.1)
HTTP/1.1 200 OK
Content-Length: 54
Content-Type: application/json; charset=utf-8
cache-control: no-cache

20:19:22.486 [AsyncHttpClient-1-5] DEBUG org.asynchttpclient.netty.channel.ChannelManager - Adding key: http://localhost:30976 for channel [id: 0x3a503761, L:/127.0.0.1:55032 - R:localhost/127.0.0.1:30976]
20:19:22.487 [Forwarding screenshot on session 639b80b2f3225d9aa17405f1ddac1689 to remote] DEBUG org.asynchttpclient.netty.request.NettyRequestSender - Using pooled Channel '[id: 0x3a503761, L:/127.0.0.1:55032 - R:localhost/127.0.0.1:30976]' for 'GET' to 'http://localhost:30976/session/639b80b2f3225d9aa17405f1ddac1689/screenshot'
20:19:22.487 [Forwarding screenshot on session 639b80b2f3225d9aa17405f1ddac1689 to remote] DEBUG org.asynchttpclient.netty.request.NettyRequestSender - Using open Channel [id: 0x3a503761, L:/127.0.0.1:55032 - R:localhost/127.0.0.1:30976] for GET '/session/639b80b2f3225d9aa17405f1ddac1689/screenshot'
20:19:22.586 [AsyncHttpClient-1-5] DEBUG org.asynchttpclient.netty.handler.HttpHandler - 

Request DefaultFullHttpRequest(decodeResult: success, version: HTTP/1.1, content: EmptyByteBufBE)
GET /session/639b80b2f3225d9aa17405f1ddac1689/screenshot HTTP/1.1
User-Agent: selenium/4.8.1 (java windows)
Cache-Control: no-cache
Content-Type: application/json; charset=utf-8
host: localhost:30976
accept: */*

Response DefaultHttpResponse(decodeResult: success, version: HTTP/1.1)
HTTP/1.1 200 OK
Content-Length: 35948
Content-Type: application/json; charset=utf-8
cache-control: no-cache

20:19:22.586 [AsyncHttpClient-1-5] DEBUG org.asynchttpclient.netty.channel.ChannelManager - Adding key: http://localhost:30976 for channel [id: 0x3a503761, L:/127.0.0.1:55032 - R:localhost/127.0.0.1:30976]
20:19:22.588 [main] DEBUG net.serenitybdd.core.photography.Darkroom - Send negative for processing for target\site\serenity\c8d303127f0ff56946a7804a1b4f081701884c3da2b547f87ddded20a85ace22.png
20:19:22.588 [main] DEBUG net.thucydides.core.steps.StepInterceptor - STEP DONE: inputEmailReg
  &amp#27;[32mAnd &amp#27;[0m&amp#27;[32mI input correct email for register&amp#27;[0m       &amp#27;[90m# starter.stepdefinitions.RegisterSteps.inputEmailReg()&amp#27;[0m
20:19:22.588 [Darkroom Processing Line] DEBUG net.serenitybdd.core.photography.DarkroomProcessingLine - Processing screenshot image in /var/screenshots/screenshot-6821619203145496348
20:19:22.588 [Darkroom Processing Line] DEBUG net.serenitybdd.core.photography.DarkroomProcessingLine - Saving screenshot to target\site\serenity\c8d303127f0ff56946a7804a1b4f081701884c3da2b547f87ddded20a85ace22.png
20:19:22.595 [Forwarding getPageSource on session 639b80b2f3225d9aa17405f1ddac1689 to remote] DEBUG org.asynchttpclient.netty.request.NettyRequestSender - Using pooled Channel '[id: 0x3a503761, L:/127.0.0.1:55032 - R:localhost/127.0.0.1:30976]' for 'POST' to 'http://localhost:30976/session/639b80b2f3225d9aa17405f1ddac1689/execute/sync'
20:19:22.595 [Forwarding getPageSource on session 639b80b2f3225d9aa17405f1ddac1689 to remote] DEBUG org.asynchttpclient.netty.request.NettyRequestSender - Using open Channel [id: 0x3a503761, L:/127.0.0.1:55032 - R:localhost/127.0.0.1:30976] for POST '/session/639b80b2f3225d9aa17405f1ddac1689/execute/sync'
20:19:22.598 [AsyncHttpClient-1-5] DEBUG org.asynchttpclient.netty.handler.HttpHandler - 

Request DefaultHttpRequest(decodeResult: success, version: HTTP/1.1)
POST /session/639b80b2f3225d9aa17405f1ddac1689/execute/sync HTTP/1.1
User-Agent: selenium/4.8.1 (java windows)
Content-Length: 176
Content-Type: application/json; charset=utf-8
host: localhost:30976
accept: */*

Response DefaultHttpResponse(decodeResult: success, version: HTTP/1.1)
HTTP/1.1 200 OK
Content-Length: 22435
Content-Type: application/json; charset=utf-8
cache-control: no-cache

20:19:22.599 [AsyncHttpClient-1-5] DEBUG org.asynchttpclient.netty.channel.ChannelManager - Adding key: http://localhost:30976 for channel [id: 0x3a503761, L:/127.0.0.1:55032 - R:localhost/127.0.0.1:30976]
20:19:22.601 [Forwarding getCurrentUrl on session 639b80b2f3225d9aa17405f1ddac1689 to remote] DEBUG org.asynchttpclient.netty.request.NettyRequestSender - Using pooled Channel '[id: 0x3a503761, L:/127.0.0.1:55032 - R:localhost/127.0.0.1:30976]' for 'GET' to 'http://localhost:30976/session/639b80b2f3225d9aa17405f1ddac1689/url'
20:19:22.601 [Forwarding getCurrentUrl on session 639b80b2f3225d9aa17405f1ddac1689 to remote] DEBUG org.asynchttpclient.netty.request.NettyRequestSender - Using open Channel [id: 0x3a503761, L:/127.0.0.1:55032 - R:localhost/127.0.0.1:30976] for GET '/session/639b80b2f3225d9aa17405f1ddac1689/url'
20:19:22.603 [AsyncHttpClient-1-5] DEBUG org.asynchttpclient.netty.handler.HttpHandler - 

Request DefaultFullHttpRequest(decodeResult: success, version: HTTP/1.1, content: EmptyByteBufBE)
GET /session/639b80b2f3225d9aa17405f1ddac1689/url HTTP/1.1
User-Agent: selenium/4.8.1 (java windows)
Cache-Control: no-cache
Content-Type: application/json; charset=utf-8
host: localhost:30976
accept: */*

Response DefaultHttpResponse(decodeResult: success, version: HTTP/1.1)
HTTP/1.1 200 OK
Content-Length: 54
Content-Type: application/json; charset=utf-8
cache-control: no-cache

20:19:22.603 [AsyncHttpClient-1-5] DEBUG org.asynchttpclient.netty.channel.ChannelManager - Adding key: http://localhost:30976 for channel [id: 0x3a503761, L:/127.0.0.1:55032 - R:localhost/127.0.0.1:30976]
20:19:22.612 [Forwarding getPageSource on session 639b80b2f3225d9aa17405f1ddac1689 to remote] DEBUG org.asynchttpclient.netty.request.NettyRequestSender - Using pooled Channel '[id: 0x3a503761, L:/127.0.0.1:55032 - R:localhost/127.0.0.1:30976]' for 'POST' to 'http://localhost:30976/session/639b80b2f3225d9aa17405f1ddac1689/execute/sync'
20:19:22.612 [Forwarding getPageSource on session 639b80b2f3225d9aa17405f1ddac1689 to remote] DEBUG org.asynchttpclient.netty.request.NettyRequestSender - Using open Channel [id: 0x3a503761, L:/127.0.0.1:55032 - R:localhost/127.0.0.1:30976] for POST '/session/639b80b2f3225d9aa17405f1ddac1689/execute/sync'
20:19:22.617 [AsyncHttpClient-1-5] DEBUG org.asynchttpclient.netty.handler.HttpHandler - 

Request DefaultHttpRequest(decodeResult: success, version: HTTP/1.1)
POST /session/639b80b2f3225d9aa17405f1ddac1689/execute/sync HTTP/1.1
User-Agent: selenium/4.8.1 (java windows)
Content-Length: 176
Content-Type: application/json; charset=utf-8
host: localhost:30976
accept: */*

Response DefaultHttpResponse(decodeResult: success, version: HTTP/1.1)
HTTP/1.1 200 OK
Content-Length: 22435
Content-Type: application/json; charset=utf-8
cache-control: no-cache

20:19:22.617 [AsyncHttpClient-1-5] DEBUG org.asynchttpclient.netty.channel.ChannelManager - Adding key: http://localhost:30976 for channel [id: 0x3a503761, L:/127.0.0.1:55032 - R:localhost/127.0.0.1:30976]
20:19:22.619 [Forwarding getCurrentUrl on session 639b80b2f3225d9aa17405f1ddac1689 to remote] DEBUG org.asynchttpclient.netty.request.NettyRequestSender - Using pooled Channel '[id: 0x3a503761, L:/127.0.0.1:55032 - R:localhost/127.0.0.1:30976]' for 'GET' to 'http://localhost:30976/session/639b80b2f3225d9aa17405f1ddac1689/url'
20:19:22.619 [Forwarding getCurrentUrl on session 639b80b2f3225d9aa17405f1ddac1689 to remote] DEBUG org.asynchttpclient.netty.request.NettyRequestSender - Using open Channel [id: 0x3a503761, L:/127.0.0.1:55032 - R:localhost/127.0.0.1:30976] for GET '/session/639b80b2f3225d9aa17405f1ddac1689/url'
20:19:22.623 [AsyncHttpClient-1-5] DEBUG org.asynchttpclient.netty.handler.HttpHandler - 

Request DefaultFullHttpRequest(decodeResult: success, version: HTTP/1.1, content: EmptyByteBufBE)
GET /session/639b80b2f3225d9aa17405f1ddac1689/url HTTP/1.1
User-Agent: selenium/4.8.1 (java windows)
Cache-Control: no-cache
Content-Type: application/json; charset=utf-8
host: localhost:30976
accept: */*

Response DefaultHttpResponse(decodeResult: success, version: HTTP/1.1)
HTTP/1.1 200 OK
Content-Length: 54
Content-Type: application/json; charset=utf-8
cache-control: no-cache

20:19:22.623 [AsyncHttpClient-1-5] DEBUG org.asynchttpclient.netty.channel.ChannelManager - Adding key: http://localhost:30976 for channel [id: 0x3a503761, L:/127.0.0.1:55032 - R:localhost/127.0.0.1:30976]
20:19:22.625 [main] DEBUG net.thucydides.core.steps.StepInterceptor - STARTING STEP: RegisterSteps.inputPasswordReg - inputPasswordReg
20:19:22.627 [Forwarding findElement on session 639b80b2f3225d9aa17405f1ddac1689 to remote] DEBUG org.asynchttpclient.netty.request.NettyRequestSender - Using pooled Channel '[id: 0x3a503761, L:/127.0.0.1:55032 - R:localhost/127.0.0.1:30976]' for 'POST' to 'http://localhost:30976/session/639b80b2f3225d9aa17405f1ddac1689/element'
20:19:22.627 [Forwarding findElement on session 639b80b2f3225d9aa17405f1ddac1689 to remote] DEBUG org.asynchttpclient.netty.request.NettyRequestSender - Using open Channel [id: 0x3a503761, L:/127.0.0.1:55032 - R:localhost/127.0.0.1:30976] for POST '/session/639b80b2f3225d9aa17405f1ddac1689/element'
20:19:22.636 [AsyncHttpClient-1-5] DEBUG org.asynchttpclient.netty.handler.HttpHandler - 

Request DefaultHttpRequest(decodeResult: success, version: HTTP/1.1)
POST /session/639b80b2f3225d9aa17405f1ddac1689/element HTTP/1.1
User-Agent: selenium/4.8.1 (java windows)
Content-Length: 55
Content-Type: application/json; charset=utf-8
host: localhost:30976
accept: */*

Response DefaultHttpResponse(decodeResult: success, version: HTTP/1.1)
HTTP/1.1 200 OK
Content-Length: 88
Content-Type: application/json; charset=utf-8
cache-control: no-cache

20:19:22.636 [AsyncHttpClient-1-5] DEBUG org.asynchttpclient.netty.channel.ChannelManager - Adding key: http://localhost:30976 for channel [id: 0x3a503761, L:/127.0.0.1:55032 - R:localhost/127.0.0.1:30976]
20:19:22.637 [Forwarding clearElement on session 639b80b2f3225d9aa17405f1ddac1689 to remote] DEBUG org.asynchttpclient.netty.request.NettyRequestSender - Using pooled Channel '[id: 0x3a503761, L:/127.0.0.1:55032 - R:localhost/127.0.0.1:30976]' for 'POST' to 'http://localhost:30976/session/639b80b2f3225d9aa17405f1ddac1689/element/f4617976-03e3-42ca-ba67-8378c35a1510/clear'
20:19:22.637 [Forwarding clearElement on session 639b80b2f3225d9aa17405f1ddac1689 to remote] DEBUG org.asynchttpclient.netty.request.NettyRequestSender - Using open Channel [id: 0x3a503761, L:/127.0.0.1:55032 - R:localhost/127.0.0.1:30976] for POST '/session/639b80b2f3225d9aa17405f1ddac1689/element/f4617976-03e3-42ca-ba67-8378c35a1510/clear'
20:19:22.660 [AsyncHttpClient-1-5] DEBUG org.asynchttpclient.netty.handler.HttpHandler - 

Request DefaultHttpRequest(decodeResult: success, version: HTTP/1.1)
POST /session/639b80b2f3225d9aa17405f1ddac1689/element/f4617976-03e3-42ca-ba67-8378c35a1510/clear HTTP/1.1
User-Agent: selenium/4.8.1 (java windows)
Content-Length: 50
Content-Type: application/json; charset=utf-8
host: localhost:30976
accept: */*

Response DefaultHttpResponse(decodeResult: success, version: HTTP/1.1)
HTTP/1.1 200 OK
Content-Length: 14
Content-Type: application/json; charset=utf-8
cache-control: no-cache

20:19:22.661 [AsyncHttpClient-1-5] DEBUG org.asynchttpclient.netty.channel.ChannelManager - Adding key: http://localhost:30976 for channel [id: 0x3a503761, L:/127.0.0.1:55032 - R:localhost/127.0.0.1:30976]
20:19:22.664 [Forwarding sendKeysToElement on session 639b80b2f3225d9aa17405f1ddac1689 to remote] DEBUG org.asynchttpclient.netty.request.NettyRequestSender - Using pooled Channel '[id: 0x3a503761, L:/127.0.0.1:55032 - R:localhost/127.0.0.1:30976]' for 'POST' to 'http://localhost:30976/session/639b80b2f3225d9aa17405f1ddac1689/element/f4617976-03e3-42ca-ba67-8378c35a1510/value'
20:19:22.664 [Forwarding sendKeysToElement on session 639b80b2f3225d9aa17405f1ddac1689 to remote] DEBUG org.asynchttpclient.netty.request.NettyRequestSender - Using open Channel [id: 0x3a503761, L:/127.0.0.1:55032 - R:localhost/127.0.0.1:30976] for POST '/session/639b80b2f3225d9aa17405f1ddac1689/element/f4617976-03e3-42ca-ba67-8378c35a1510/value'
20:19:22.763 [AsyncHttpClient-1-5] DEBUG org.asynchttpclient.netty.handler.HttpHandler - 

Request DefaultHttpRequest(decodeResult: success, version: HTTP/1.1)
POST /session/639b80b2f3225d9aa17405f1ddac1689/element/f4617976-03e3-42ca-ba67-8378c35a1510/value HTTP/1.1
User-Agent: selenium/4.8.1 (java windows)
Content-Length: 101
Content-Type: application/json; charset=utf-8
host: localhost:30976
accept: */*

Response DefaultHttpResponse(decodeResult: success, version: HTTP/1.1)
HTTP/1.1 200 OK
Content-Length: 14
Content-Type: application/json; charset=utf-8
cache-control: no-cache

20:19:22.763 [AsyncHttpClient-1-5] DEBUG org.asynchttpclient.netty.channel.ChannelManager - Adding key: http://localhost:30976 for channel [id: 0x3a503761, L:/127.0.0.1:55032 - R:localhost/127.0.0.1:30976]
20:19:22.772 [Forwarding getAlertText on session 639b80b2f3225d9aa17405f1ddac1689 to remote] DEBUG org.asynchttpclient.netty.request.NettyRequestSender - Using pooled Channel '[id: 0x3a503761, L:/127.0.0.1:55032 - R:localhost/127.0.0.1:30976]' for 'GET' to 'http://localhost:30976/session/639b80b2f3225d9aa17405f1ddac1689/alert/text'
20:19:22.772 [Forwarding getAlertText on session 639b80b2f3225d9aa17405f1ddac1689 to remote] DEBUG org.asynchttpclient.netty.request.NettyRequestSender - Using open Channel [id: 0x3a503761, L:/127.0.0.1:55032 - R:localhost/127.0.0.1:30976] for GET '/session/639b80b2f3225d9aa17405f1ddac1689/alert/text'
20:19:22.776 [AsyncHttpClient-1-5] DEBUG org.asynchttpclient.netty.handler.HttpHandler - 

Request DefaultFullHttpRequest(decodeResult: success, version: HTTP/1.1, content: EmptyByteBufBE)
GET /session/639b80b2f3225d9aa17405f1ddac1689/alert/text HTTP/1.1
User-Agent: selenium/4.8.1 (java windows)
Cache-Control: no-cache
Content-Type: application/json; charset=utf-8
host: localhost:30976
accept: */*

Response DefaultHttpResponse(decodeResult: success, version: HTTP/1.1)
HTTP/1.1 404 Not Found
Content-Length: 836
Content-Type: application/json; charset=utf-8
cache-control: no-cache

20:19:22.777 [AsyncHttpClient-1-5] DEBUG org.asynchttpclient.netty.channel.ChannelManager - Adding key: http://localhost:30976 for channel [id: 0x3a503761, L:/127.0.0.1:55032 - R:localhost/127.0.0.1:30976]
20:19:22.780 [Forwarding getCurrentUrl on session 639b80b2f3225d9aa17405f1ddac1689 to remote] DEBUG org.asynchttpclient.netty.request.NettyRequestSender - Using pooled Channel '[id: 0x3a503761, L:/127.0.0.1:55032 - R:localhost/127.0.0.1:30976]' for 'GET' to 'http://localhost:30976/session/639b80b2f3225d9aa17405f1ddac1689/url'
20:19:22.780 [Forwarding getCurrentUrl on session 639b80b2f3225d9aa17405f1ddac1689 to remote] DEBUG org.asynchttpclient.netty.request.NettyRequestSender - Using open Channel [id: 0x3a503761, L:/127.0.0.1:55032 - R:localhost/127.0.0.1:30976] for GET '/session/639b80b2f3225d9aa17405f1ddac1689/url'
20:19:22.796 [AsyncHttpClient-1-5] DEBUG org.asynchttpclient.netty.handler.HttpHandler - 

Request DefaultFullHttpRequest(decodeResult: success, version: HTTP/1.1, content: EmptyByteBufBE)
GET /session/639b80b2f3225d9aa17405f1ddac1689/url HTTP/1.1
User-Agent: selenium/4.8.1 (java windows)
Cache-Control: no-cache
Content-Type: application/json; charset=utf-8
host: localhost:30976
accept: */*

Response DefaultHttpResponse(decodeResult: success, version: HTTP/1.1)
HTTP/1.1 200 OK
Content-Length: 54
Content-Type: application/json; charset=utf-8
cache-control: no-cache

20:19:22.796 [AsyncHttpClient-1-5] DEBUG org.asynchttpclient.netty.channel.ChannelManager - Adding key: http://localhost:30976 for channel [id: 0x3a503761, L:/127.0.0.1:55032 - R:localhost/127.0.0.1:30976]
20:19:22.799 [Forwarding screenshot on session 639b80b2f3225d9aa17405f1ddac1689 to remote] DEBUG org.asynchttpclient.netty.request.NettyRequestSender - Using pooled Channel '[id: 0x3a503761, L:/127.0.0.1:55032 - R:localhost/127.0.0.1:30976]' for 'GET' to 'http://localhost:30976/session/639b80b2f3225d9aa17405f1ddac1689/screenshot'
20:19:22.799 [Forwarding screenshot on session 639b80b2f3225d9aa17405f1ddac1689 to remote] DEBUG org.asynchttpclient.netty.request.NettyRequestSender - Using open Channel [id: 0x3a503761, L:/127.0.0.1:55032 - R:localhost/127.0.0.1:30976] for GET '/session/639b80b2f3225d9aa17405f1ddac1689/screenshot'
20:19:22.888 [AsyncHttpClient-1-5] DEBUG org.asynchttpclient.netty.handler.HttpHandler - 

Request DefaultFullHttpRequest(decodeResult: success, version: HTTP/1.1, content: EmptyByteBufBE)
GET /session/639b80b2f3225d9aa17405f1ddac1689/screenshot HTTP/1.1
User-Agent: selenium/4.8.1 (java windows)
Cache-Control: no-cache
Content-Type: application/json; charset=utf-8
host: localhost:30976
accept: */*

Response DefaultHttpResponse(decodeResult: success, version: HTTP/1.1)
HTTP/1.1 200 OK
Content-Length: 34116
Content-Type: application/json; charset=utf-8
cache-control: no-cache

20:19:22.889 [AsyncHttpClient-1-5] DEBUG org.asynchttpclient.netty.channel.ChannelManager - Adding key: http://localhost:30976 for channel [id: 0x3a503761, L:/127.0.0.1:55032 - R:localhost/127.0.0.1:30976]
20:19:22.891 [main] DEBUG net.serenitybdd.core.photography.Darkroom - Send negative for processing for target\site\serenity\2bb303143897d8b901425d9461a233e9c3e3f8b40ee9b30fe5386e3e9409126c.png
20:19:22.891 [main] DEBUG net.thucydides.core.steps.StepInterceptor - STEP DONE: inputPasswordReg
  &amp#27;[32mAnd &amp#27;[0m&amp#27;[32mI input correct password for register&amp#27;[0m    &amp#27;[90m# starter.stepdefinitions.RegisterSteps.inputPasswordReg()&amp#27;[0m
20:19:22.891 [Darkroom Processing Line] DEBUG net.serenitybdd.core.photography.DarkroomProcessingLine - Processing screenshot image in /var/screenshots/screenshot-13442393431204609920
20:19:22.891 [Darkroom Processing Line] DEBUG net.serenitybdd.core.photography.DarkroomProcessingLine - Saving screenshot to target\site\serenity\2bb303143897d8b901425d9461a233e9c3e3f8b40ee9b30fe5386e3e9409126c.png
20:19:22.900 [Forwarding getPageSource on session 639b80b2f3225d9aa17405f1ddac1689 to remote] DEBUG org.asynchttpclient.netty.request.NettyRequestSender - Using pooled Channel '[id: 0x3a503761, L:/127.0.0.1:55032 - R:localhost/127.0.0.1:30976]' for 'POST' to 'http://localhost:30976/session/639b80b2f3225d9aa17405f1ddac1689/execute/sync'
20:19:22.900 [Forwarding getPageSource on session 639b80b2f3225d9aa17405f1ddac1689 to remote] DEBUG org.asynchttpclient.netty.request.NettyRequestSender - Using open Channel [id: 0x3a503761, L:/127.0.0.1:55032 - R:localhost/127.0.0.1:30976] for POST '/session/639b80b2f3225d9aa17405f1ddac1689/execute/sync'
20:19:22.903 [AsyncHttpClient-1-5] DEBUG org.asynchttpclient.netty.handler.HttpHandler - 

Request DefaultHttpRequest(decodeResult: success, version: HTTP/1.1)
POST /session/639b80b2f3225d9aa17405f1ddac1689/execute/sync HTTP/1.1
User-Agent: selenium/4.8.1 (java windows)
Content-Length: 176
Content-Type: application/json; charset=utf-8
host: localhost:30976
accept: */*

Response DefaultHttpResponse(decodeResult: success, version: HTTP/1.1)
HTTP/1.1 200 OK
Content-Length: 22494
Content-Type: application/json; charset=utf-8
cache-control: no-cache

20:19:22.903 [AsyncHttpClient-1-5] DEBUG org.asynchttpclient.netty.channel.ChannelManager - Adding key: http://localhost:30976 for channel [id: 0x3a503761, L:/127.0.0.1:55032 - R:localhost/127.0.0.1:30976]
20:19:22.906 [Forwarding getCurrentUrl on session 639b80b2f3225d9aa17405f1ddac1689 to remote] DEBUG org.asynchttpclient.netty.request.NettyRequestSender - Using pooled Channel '[id: 0x3a503761, L:/127.0.0.1:55032 - R:localhost/127.0.0.1:30976]' for 'GET' to 'http://localhost:30976/session/639b80b2f3225d9aa17405f1ddac1689/url'
20:19:22.906 [Forwarding getCurrentUrl on session 639b80b2f3225d9aa17405f1ddac1689 to remote] DEBUG org.asynchttpclient.netty.request.NettyRequestSender - Using open Channel [id: 0x3a503761, L:/127.0.0.1:55032 - R:localhost/127.0.0.1:30976] for GET '/session/639b80b2f3225d9aa17405f1ddac1689/url'
20:19:22.908 [AsyncHttpClient-1-5] DEBUG org.asynchttpclient.netty.handler.HttpHandler - 

Request DefaultFullHttpRequest(decodeResult: success, version: HTTP/1.1, content: EmptyByteBufBE)
GET /session/639b80b2f3225d9aa17405f1ddac1689/url HTTP/1.1
User-Agent: selenium/4.8.1 (java windows)
Cache-Control: no-cache
Content-Type: application/json; charset=utf-8
host: localhost:30976
accept: */*

Response DefaultHttpResponse(decodeResult: success, version: HTTP/1.1)
HTTP/1.1 200 OK
Content-Length: 54
Content-Type: application/json; charset=utf-8
cache-control: no-cache

20:19:22.909 [AsyncHttpClient-1-5] DEBUG org.asynchttpclient.netty.channel.ChannelManager - Adding key: http://localhost:30976 for channel [id: 0x3a503761, L:/127.0.0.1:55032 - R:localhost/127.0.0.1:30976]
20:19:22.916 [Forwarding getPageSource on session 639b80b2f3225d9aa17405f1ddac1689 to remote] DEBUG org.asynchttpclient.netty.request.NettyRequestSender - Using pooled Channel '[id: 0x3a503761, L:/127.0.0.1:55032 - R:localhost/127.0.0.1:30976]' for 'POST' to 'http://localhost:30976/session/639b80b2f3225d9aa17405f1ddac1689/execute/sync'
20:19:22.916 [Forwarding getPageSource on session 639b80b2f3225d9aa17405f1ddac1689 to remote] DEBUG org.asynchttpclient.netty.request.NettyRequestSender - Using open Channel [id: 0x3a503761, L:/127.0.0.1:55032 - R:localhost/127.0.0.1:30976] for POST '/session/639b80b2f3225d9aa17405f1ddac1689/execute/sync'
20:19:22.921 [AsyncHttpClient-1-5] DEBUG org.asynchttpclient.netty.handler.HttpHandler - 

Request DefaultHttpRequest(decodeResult: success, version: HTTP/1.1)
POST /session/639b80b2f3225d9aa17405f1ddac1689/execute/sync HTTP/1.1
User-Agent: selenium/4.8.1 (java windows)
Content-Length: 176
Content-Type: application/json; charset=utf-8
host: localhost:30976
accept: */*

Response DefaultHttpResponse(decodeResult: success, version: HTTP/1.1)
HTTP/1.1 200 OK
Content-Length: 22494
Content-Type: application/json; charset=utf-8
cache-control: no-cache

20:19:22.921 [AsyncHttpClient-1-5] DEBUG org.asynchttpclient.netty.channel.ChannelManager - Adding key: http://localhost:30976 for channel [id: 0x3a503761, L:/127.0.0.1:55032 - R:localhost/127.0.0.1:30976]
20:19:22.923 [Forwarding getCurrentUrl on session 639b80b2f3225d9aa17405f1ddac1689 to remote] DEBUG org.asynchttpclient.netty.request.NettyRequestSender - Using pooled Channel '[id: 0x3a503761, L:/127.0.0.1:55032 - R:localhost/127.0.0.1:30976]' for 'GET' to 'http://localhost:30976/session/639b80b2f3225d9aa17405f1ddac1689/url'
20:19:22.923 [Forwarding getCurrentUrl on session 639b80b2f3225d9aa17405f1ddac1689 to remote] DEBUG org.asynchttpclient.netty.request.NettyRequestSender - Using open Channel [id: 0x3a503761, L:/127.0.0.1:55032 - R:localhost/127.0.0.1:30976] for GET '/session/639b80b2f3225d9aa17405f1ddac1689/url'
20:19:22.927 [AsyncHttpClient-1-5] DEBUG org.asynchttpclient.netty.handler.HttpHandler - 

Request DefaultFullHttpRequest(decodeResult: success, version: HTTP/1.1, content: EmptyByteBufBE)
GET /session/639b80b2f3225d9aa17405f1ddac1689/url HTTP/1.1
User-Agent: selenium/4.8.1 (java windows)
Cache-Control: no-cache
Content-Type: application/json; charset=utf-8
host: localhost:30976
accept: */*

Response DefaultHttpResponse(decodeResult: success, version: HTTP/1.1)
HTTP/1.1 200 OK
Content-Length: 54
Content-Type: application/json; charset=utf-8
cache-control: no-cache

20:19:22.927 [AsyncHttpClient-1-5] DEBUG org.asynchttpclient.netty.channel.ChannelManager - Adding key: http://localhost:30976 for channel [id: 0x3a503761, L:/127.0.0.1:55032 - R:localhost/127.0.0.1:30976]
20:19:22.940 [main] DEBUG net.thucydides.core.steps.StepInterceptor - STARTING STEP: RegisterSteps.ClickRegisterButton - ClickRegisterButton
20:19:22.942 [Forwarding findElement on session 639b80b2f3225d9aa17405f1ddac1689 to remote] DEBUG org.asynchttpclient.netty.request.NettyRequestSender - Using pooled Channel '[id: 0x3a503761, L:/127.0.0.1:55032 - R:localhost/127.0.0.1:30976]' for 'POST' to 'http://localhost:30976/session/639b80b2f3225d9aa17405f1ddac1689/element'
20:19:22.942 [Forwarding findElement on session 639b80b2f3225d9aa17405f1ddac1689 to remote] DEBUG org.asynchttpclient.netty.request.NettyRequestSender - Using open Channel [id: 0x3a503761, L:/127.0.0.1:55032 - R:localhost/127.0.0.1:30976] for POST '/session/639b80b2f3225d9aa17405f1ddac1689/element'
20:19:22.950 [AsyncHttpClient-1-5] DEBUG org.asynchttpclient.netty.handler.HttpHandler - 

Request DefaultHttpRequest(decodeResult: success, version: HTTP/1.1)
POST /session/639b80b2f3225d9aa17405f1ddac1689/element HTTP/1.1
User-Agent: selenium/4.8.1 (java windows)
Content-Length: 71
Content-Type: application/json; charset=utf-8
host: localhost:30976
accept: */*

Response DefaultHttpResponse(decodeResult: success, version: HTTP/1.1)
HTTP/1.1 200 OK
Content-Length: 88
Content-Type: application/json; charset=utf-8
cache-control: no-cache

20:19:22.951 [AsyncHttpClient-1-5] DEBUG org.asynchttpclient.netty.channel.ChannelManager - Adding key: http://localhost:30976 for channel [id: 0x3a503761, L:/127.0.0.1:55032 - R:localhost/127.0.0.1:30976]
20:19:22.952 [Forwarding getElementTagName on session 639b80b2f3225d9aa17405f1ddac1689 to remote] DEBUG org.asynchttpclient.netty.request.NettyRequestSender - Using pooled Channel '[id: 0x3a503761, L:/127.0.0.1:55032 - R:localhost/127.0.0.1:30976]' for 'GET' to 'http://localhost:30976/session/639b80b2f3225d9aa17405f1ddac1689/element/974f5a52-4a77-4b10-9da6-0902359a2c1d/name'
20:19:22.952 [Forwarding getElementTagName on session 639b80b2f3225d9aa17405f1ddac1689 to remote] DEBUG org.asynchttpclient.netty.request.NettyRequestSender - Using open Channel [id: 0x3a503761, L:/127.0.0.1:55032 - R:localhost/127.0.0.1:30976] for GET '/session/639b80b2f3225d9aa17405f1ddac1689/element/974f5a52-4a77-4b10-9da6-0902359a2c1d/name'
20:19:22.953 [AsyncHttpClient-1-1] DEBUG org.asynchttpclient.netty.channel.DefaultChannelPool - Entry count for : http://localhost:55034 : 1
20:19:22.956 [AsyncHttpClient-1-5] DEBUG org.asynchttpclient.netty.handler.HttpHandler - 

Request DefaultFullHttpRequest(decodeResult: success, version: HTTP/1.1, content: EmptyByteBufBE)
GET /session/639b80b2f3225d9aa17405f1ddac1689/element/974f5a52-4a77-4b10-9da6-0902359a2c1d/name HTTP/1.1
User-Agent: selenium/4.8.1 (java windows)
Cache-Control: no-cache
Content-Type: application/json; charset=utf-8
host: localhost:30976
accept: */*

Response DefaultHttpResponse(decodeResult: success, version: HTTP/1.1)
HTTP/1.1 200 OK
Content-Length: 18
Content-Type: application/json; charset=utf-8
cache-control: no-cache

20:19:22.956 [AsyncHttpClient-1-5] DEBUG org.asynchttpclient.netty.channel.ChannelManager - Adding key: http://localhost:30976 for channel [id: 0x3a503761, L:/127.0.0.1:55032 - R:localhost/127.0.0.1:30976]
20:19:22.957 [Forwarding getElementTagName on session 639b80b2f3225d9aa17405f1ddac1689 to remote] DEBUG org.asynchttpclient.netty.request.NettyRequestSender - Using pooled Channel '[id: 0x3a503761, L:/127.0.0.1:55032 - R:localhost/127.0.0.1:30976]' for 'GET' to 'http://localhost:30976/session/639b80b2f3225d9aa17405f1ddac1689/element/974f5a52-4a77-4b10-9da6-0902359a2c1d/name'
20:19:22.957 [Forwarding getElementTagName on session 639b80b2f3225d9aa17405f1ddac1689 to remote] DEBUG org.asynchttpclient.netty.request.NettyRequestSender - Using open Channel [id: 0x3a503761, L:/127.0.0.1:55032 - R:localhost/127.0.0.1:30976] for GET '/session/639b80b2f3225d9aa17405f1ddac1689/element/974f5a52-4a77-4b10-9da6-0902359a2c1d/name'
20:19:22.962 [AsyncHttpClient-1-5] DEBUG org.asynchttpclient.netty.handler.HttpHandler - 

Request DefaultFullHttpRequest(decodeResult: success, version: HTTP/1.1, content: EmptyByteBufBE)
GET /session/639b80b2f3225d9aa17405f1ddac1689/element/974f5a52-4a77-4b10-9da6-0902359a2c1d/name HTTP/1.1
User-Agent: selenium/4.8.1 (java windows)
Cache-Control: no-cache
Content-Type: application/json; charset=utf-8
host: localhost:30976
accept: */*

Response DefaultHttpResponse(decodeResult: success, version: HTTP/1.1)
HTTP/1.1 200 OK
Content-Length: 18
Content-Type: application/json; charset=utf-8
cache-control: no-cache

20:19:22.962 [AsyncHttpClient-1-5] DEBUG org.asynchttpclient.netty.channel.ChannelManager - Adding key: http://localhost:30976 for channel [id: 0x3a503761, L:/127.0.0.1:55032 - R:localhost/127.0.0.1:30976]
20:19:22.964 [Forwarding isElementEnabled on session 639b80b2f3225d9aa17405f1ddac1689 to remote] DEBUG org.asynchttpclient.netty.request.NettyRequestSender - Using pooled Channel '[id: 0x3a503761, L:/127.0.0.1:55032 - R:localhost/127.0.0.1:30976]' for 'GET' to 'http://localhost:30976/session/639b80b2f3225d9aa17405f1ddac1689/element/974f5a52-4a77-4b10-9da6-0902359a2c1d/enabled'
20:19:22.964 [Forwarding isElementEnabled on session 639b80b2f3225d9aa17405f1ddac1689 to remote] DEBUG org.asynchttpclient.netty.request.NettyRequestSender - Using open Channel [id: 0x3a503761, L:/127.0.0.1:55032 - R:localhost/127.0.0.1:30976] for GET '/session/639b80b2f3225d9aa17405f1ddac1689/element/974f5a52-4a77-4b10-9da6-0902359a2c1d/enabled'
20:19:22.970 [AsyncHttpClient-1-5] DEBUG org.asynchttpclient.netty.handler.HttpHandler - 

Request DefaultFullHttpRequest(decodeResult: success, version: HTTP/1.1, content: EmptyByteBufBE)
GET /session/639b80b2f3225d9aa17405f1ddac1689/element/974f5a52-4a77-4b10-9da6-0902359a2c1d/enabled HTTP/1.1
User-Agent: selenium/4.8.1 (java windows)
Cache-Control: no-cache
Content-Type: application/json; charset=utf-8
host: localhost:30976
accept: */*

Response DefaultHttpResponse(decodeResult: success, version: HTTP/1.1)
HTTP/1.1 200 OK
Content-Length: 14
Content-Type: application/json; charset=utf-8
cache-control: no-cache

20:19:22.971 [AsyncHttpClient-1-5] DEBUG org.asynchttpclient.netty.channel.ChannelManager - Adding key: http://localhost:30976 for channel [id: 0x3a503761, L:/127.0.0.1:55032 - R:localhost/127.0.0.1:30976]
20:19:22.972 [Forwarding isElementEnabled on session 639b80b2f3225d9aa17405f1ddac1689 to remote] DEBUG org.asynchttpclient.netty.request.NettyRequestSender - Using pooled Channel '[id: 0x3a503761, L:/127.0.0.1:55032 - R:localhost/127.0.0.1:30976]' for 'GET' to 'http://localhost:30976/session/639b80b2f3225d9aa17405f1ddac1689/element/974f5a52-4a77-4b10-9da6-0902359a2c1d/enabled'
20:19:22.972 [Forwarding isElementEnabled on session 639b80b2f3225d9aa17405f1ddac1689 to remote] DEBUG org.asynchttpclient.netty.request.NettyRequestSender - Using open Channel [id: 0x3a503761, L:/127.0.0.1:55032 - R:localhost/127.0.0.1:30976] for GET '/session/639b80b2f3225d9aa17405f1ddac1689/element/974f5a52-4a77-4b10-9da6-0902359a2c1d/enabled'
20:19:22.978 [AsyncHttpClient-1-5] DEBUG org.asynchttpclient.netty.handler.HttpHandler - 

Request DefaultFullHttpRequest(decodeResult: success, version: HTTP/1.1, content: EmptyByteBufBE)
GET /session/639b80b2f3225d9aa17405f1ddac1689/element/974f5a52-4a77-4b10-9da6-0902359a2c1d/enabled HTTP/1.1
User-Agent: selenium/4.8.1 (java windows)
Cache-Control: no-cache
Content-Type: application/json; charset=utf-8
host: localhost:30976
accept: */*

Response DefaultHttpResponse(decodeResult: success, version: HTTP/1.1)
HTTP/1.1 200 OK
Content-Length: 14
Content-Type: application/json; charset=utf-8
cache-control: no-cache

20:19:22.979 [AsyncHttpClient-1-5] DEBUG org.asynchttpclient.netty.channel.ChannelManager - Adding key: http://localhost:30976 for channel [id: 0x3a503761, L:/127.0.0.1:55032 - R:localhost/127.0.0.1:30976]
20:19:22.980 [Forwarding findElement on session 639b80b2f3225d9aa17405f1ddac1689 to remote] DEBUG org.asynchttpclient.netty.request.NettyRequestSender - Using pooled Channel '[id: 0x3a503761, L:/127.0.0.1:55032 - R:localhost/127.0.0.1:30976]' for 'POST' to 'http://localhost:30976/session/639b80b2f3225d9aa17405f1ddac1689/element'
20:19:22.980 [Forwarding findElement on session 639b80b2f3225d9aa17405f1ddac1689 to remote] DEBUG org.asynchttpclient.netty.request.NettyRequestSender - Using open Channel [id: 0x3a503761, L:/127.0.0.1:55032 - R:localhost/127.0.0.1:30976] for POST '/session/639b80b2f3225d9aa17405f1ddac1689/element'
20:19:22.985 [AsyncHttpClient-1-5] DEBUG org.asynchttpclient.netty.handler.HttpHandler - 

Request DefaultHttpRequest(decodeResult: success, version: HTTP/1.1)
POST /session/639b80b2f3225d9aa17405f1ddac1689/element HTTP/1.1
User-Agent: selenium/4.8.1 (java windows)
Content-Length: 71
Content-Type: application/json; charset=utf-8
host: localhost:30976
accept: */*

Response DefaultHttpResponse(decodeResult: success, version: HTTP/1.1)
HTTP/1.1 200 OK
Content-Length: 88
Content-Type: application/json; charset=utf-8
cache-control: no-cache

20:19:22.986 [AsyncHttpClient-1-5] DEBUG org.asynchttpclient.netty.channel.ChannelManager - Adding key: http://localhost:30976 for channel [id: 0x3a503761, L:/127.0.0.1:55032 - R:localhost/127.0.0.1:30976]
20:19:22.986 [Forwarding clickElement on session 639b80b2f3225d9aa17405f1ddac1689 to remote] DEBUG org.asynchttpclient.netty.request.NettyRequestSender - Using pooled Channel '[id: 0x3a503761, L:/127.0.0.1:55032 - R:localhost/127.0.0.1:30976]' for 'POST' to 'http://localhost:30976/session/639b80b2f3225d9aa17405f1ddac1689/element/974f5a52-4a77-4b10-9da6-0902359a2c1d/click'
20:19:22.987 [Forwarding clickElement on session 639b80b2f3225d9aa17405f1ddac1689 to remote] DEBUG org.asynchttpclient.netty.request.NettyRequestSender - Using open Channel [id: 0x3a503761, L:/127.0.0.1:55032 - R:localhost/127.0.0.1:30976] for POST '/session/639b80b2f3225d9aa17405f1ddac1689/element/974f5a52-4a77-4b10-9da6-0902359a2c1d/click'
20:19:23.021 [AsyncHttpClient-1-5] DEBUG org.asynchttpclient.netty.handler.HttpHandler - 

Request DefaultHttpRequest(decodeResult: success, version: HTTP/1.1)
POST /session/639b80b2f3225d9aa17405f1ddac1689/element/974f5a52-4a77-4b10-9da6-0902359a2c1d/click HTTP/1.1
User-Agent: selenium/4.8.1 (java windows)
Content-Length: 50
Content-Type: application/json; charset=utf-8
host: localhost:30976
accept: */*

Response DefaultHttpResponse(decodeResult: success, version: HTTP/1.1)
HTTP/1.1 200 OK
Content-Length: 14
Content-Type: application/json; charset=utf-8
cache-control: no-cache

20:19:23.021 [AsyncHttpClient-1-5] DEBUG org.asynchttpclient.netty.channel.ChannelManager - Adding key: http://localhost:30976 for channel [id: 0x3a503761, L:/127.0.0.1:55032 - R:localhost/127.0.0.1:30976]
20:19:23.026 [Forwarding getAlertText on session 639b80b2f3225d9aa17405f1ddac1689 to remote] DEBUG org.asynchttpclient.netty.request.NettyRequestSender - Using pooled Channel '[id: 0x3a503761, L:/127.0.0.1:55032 - R:localhost/127.0.0.1:30976]' for 'GET' to 'http://localhost:30976/session/639b80b2f3225d9aa17405f1ddac1689/alert/text'
20:19:23.026 [Forwarding getAlertText on session 639b80b2f3225d9aa17405f1ddac1689 to remote] DEBUG org.asynchttpclient.netty.request.NettyRequestSender - Using open Channel [id: 0x3a503761, L:/127.0.0.1:55032 - R:localhost/127.0.0.1:30976] for GET '/session/639b80b2f3225d9aa17405f1ddac1689/alert/text'
20:19:23.027 [AsyncHttpClient-1-5] DEBUG org.asynchttpclient.netty.handler.HttpHandler - 

Request DefaultFullHttpRequest(decodeResult: success, version: HTTP/1.1, content: EmptyByteBufBE)
GET /session/639b80b2f3225d9aa17405f1ddac1689/alert/text HTTP/1.1
User-Agent: selenium/4.8.1 (java windows)
Cache-Control: no-cache
Content-Type: application/json; charset=utf-8
host: localhost:30976
accept: */*

Response DefaultHttpResponse(decodeResult: success, version: HTTP/1.1)
HTTP/1.1 404 Not Found
Content-Length: 836
Content-Type: application/json; charset=utf-8
cache-control: no-cache

20:19:23.027 [AsyncHttpClient-1-5] DEBUG org.asynchttpclient.netty.channel.ChannelManager - Adding key: http://localhost:30976 for channel [id: 0x3a503761, L:/127.0.0.1:55032 - R:localhost/127.0.0.1:30976]
20:19:23.028 [Forwarding getCurrentUrl on session 639b80b2f3225d9aa17405f1ddac1689 to remote] DEBUG org.asynchttpclient.netty.request.NettyRequestSender - Using pooled Channel '[id: 0x3a503761, L:/127.0.0.1:55032 - R:localhost/127.0.0.1:30976]' for 'GET' to 'http://localhost:30976/session/639b80b2f3225d9aa17405f1ddac1689/url'
20:19:23.028 [Forwarding getCurrentUrl on session 639b80b2f3225d9aa17405f1ddac1689 to remote] DEBUG org.asynchttpclient.netty.request.NettyRequestSender - Using open Channel [id: 0x3a503761, L:/127.0.0.1:55032 - R:localhost/127.0.0.1:30976] for GET '/session/639b80b2f3225d9aa17405f1ddac1689/url'
20:19:23.032 [AsyncHttpClient-1-5] DEBUG org.asynchttpclient.netty.handler.HttpHandler - 

Request DefaultFullHttpRequest(decodeResult: success, version: HTTP/1.1, content: EmptyByteBufBE)
GET /session/639b80b2f3225d9aa17405f1ddac1689/url HTTP/1.1
User-Agent: selenium/4.8.1 (java windows)
Cache-Control: no-cache
Content-Type: application/json; charset=utf-8
host: localhost:30976
accept: */*

Response DefaultHttpResponse(decodeResult: success, version: HTTP/1.1)
HTTP/1.1 200 OK
Content-Length: 54
Content-Type: application/json; charset=utf-8
cache-control: no-cache

20:19:23.032 [AsyncHttpClient-1-5] DEBUG org.asynchttpclient.netty.channel.ChannelManager - Adding key: http://localhost:30976 for channel [id: 0x3a503761, L:/127.0.0.1:55032 - R:localhost/127.0.0.1:30976]
20:19:23.033 [Forwarding screenshot on session 639b80b2f3225d9aa17405f1ddac1689 to remote] DEBUG org.asynchttpclient.netty.request.NettyRequestSender - Using pooled Channel '[id: 0x3a503761, L:/127.0.0.1:55032 - R:localhost/127.0.0.1:30976]' for 'GET' to 'http://localhost:30976/session/639b80b2f3225d9aa17405f1ddac1689/screenshot'
20:19:23.033 [Forwarding screenshot on session 639b80b2f3225d9aa17405f1ddac1689 to remote] DEBUG org.asynchttpclient.netty.request.NettyRequestSender - Using open Channel [id: 0x3a503761, L:/127.0.0.1:55032 - R:localhost/127.0.0.1:30976] for GET '/session/639b80b2f3225d9aa17405f1ddac1689/screenshot'
20:19:23.115 [AsyncHttpClient-1-5] DEBUG org.asynchttpclient.netty.handler.HttpHandler - 

Request DefaultFullHttpRequest(decodeResult: success, version: HTTP/1.1, content: EmptyByteBufBE)
GET /session/639b80b2f3225d9aa17405f1ddac1689/screenshot HTTP/1.1
User-Agent: selenium/4.8.1 (java windows)
Cache-Control: no-cache
Content-Type: application/json; charset=utf-8
host: localhost:30976
accept: */*

Response DefaultHttpResponse(decodeResult: success, version: HTTP/1.1)
HTTP/1.1 200 OK
Content-Length: 33488
Content-Type: application/json; charset=utf-8
cache-control: no-cache

20:19:23.116 [AsyncHttpClient-1-5] DEBUG org.asynchttpclient.netty.channel.ChannelManager - Adding key: http://localhost:30976 for channel [id: 0x3a503761, L:/127.0.0.1:55032 - R:localhost/127.0.0.1:30976]
20:19:23.117 [main] DEBUG net.serenitybdd.core.photography.Darkroom - Send negative for processing for target\site\serenity\9b603575d9371cf50225f85fcf43fc07ddc419a906bcc439f38eb7ddfd47baaf.png
20:19:23.118 [main] DEBUG net.thucydides.core.steps.StepInterceptor - STEP DONE: ClickRegisterButton
  &amp#27;[32mWhen &amp#27;[0m&amp#27;[32mI click on the register button&amp#27;[0m          &amp#27;[90m# starter.stepdefinitions.RegisterSteps.ClickRegisterButton()&amp#27;[0m
20:19:23.118 [Darkroom Processing Line] DEBUG net.serenitybdd.core.photography.DarkroomProcessingLine - Processing screenshot image in /var/screenshots/screenshot-3906665863135807701
20:19:23.118 [Darkroom Processing Line] DEBUG net.serenitybdd.core.photography.DarkroomProcessingLine - Saving screenshot to target\site\serenity\9b603575d9371cf50225f85fcf43fc07ddc419a906bcc439f38eb7ddfd47baaf.png
20:19:23.126 [Forwarding getPageSource on session 639b80b2f3225d9aa17405f1ddac1689 to remote] DEBUG org.asynchttpclient.netty.request.NettyRequestSender - Using pooled Channel '[id: 0x3a503761, L:/127.0.0.1:55032 - R:localhost/127.0.0.1:30976]' for 'POST' to 'http://localhost:30976/session/639b80b2f3225d9aa17405f1ddac1689/execute/sync'
20:19:23.126 [Forwarding getPageSource on session 639b80b2f3225d9aa17405f1ddac1689 to remote] DEBUG org.asynchttpclient.netty.request.NettyRequestSender - Using open Channel [id: 0x3a503761, L:/127.0.0.1:55032 - R:localhost/127.0.0.1:30976] for POST '/session/639b80b2f3225d9aa17405f1ddac1689/execute/sync'
20:19:23.132 [AsyncHttpClient-1-5] DEBUG org.asynchttpclient.netty.handler.HttpHandler - 

Request DefaultHttpRequest(decodeResult: success, version: HTTP/1.1)
POST /session/639b80b2f3225d9aa17405f1ddac1689/execute/sync HTTP/1.1
User-Agent: selenium/4.8.1 (java windows)
Content-Length: 176
Content-Type: application/json; charset=utf-8
host: localhost:30976
accept: */*

Response DefaultHttpResponse(decodeResult: success, version: HTTP/1.1)
HTTP/1.1 200 OK
Content-Length: 22774
Content-Type: application/json; charset=utf-8
cache-control: no-cache

20:19:23.132 [AsyncHttpClient-1-5] DEBUG org.asynchttpclient.netty.channel.ChannelManager - Adding key: http://localhost:30976 for channel [id: 0x3a503761, L:/127.0.0.1:55032 - R:localhost/127.0.0.1:30976]
20:19:23.134 [Forwarding getCurrentUrl on session 639b80b2f3225d9aa17405f1ddac1689 to remote] DEBUG org.asynchttpclient.netty.request.NettyRequestSender - Using pooled Channel '[id: 0x3a503761, L:/127.0.0.1:55032 - R:localhost/127.0.0.1:30976]' for 'GET' to 'http://localhost:30976/session/639b80b2f3225d9aa17405f1ddac1689/url'
20:19:23.134 [Forwarding getCurrentUrl on session 639b80b2f3225d9aa17405f1ddac1689 to remote] DEBUG org.asynchttpclient.netty.request.NettyRequestSender - Using open Channel [id: 0x3a503761, L:/127.0.0.1:55032 - R:localhost/127.0.0.1:30976] for GET '/session/639b80b2f3225d9aa17405f1ddac1689/url'
20:19:23.137 [AsyncHttpClient-1-5] DEBUG org.asynchttpclient.netty.handler.HttpHandler - 

Request DefaultFullHttpRequest(decodeResult: success, version: HTTP/1.1, content: EmptyByteBufBE)
GET /session/639b80b2f3225d9aa17405f1ddac1689/url HTTP/1.1
User-Agent: selenium/4.8.1 (java windows)
Cache-Control: no-cache
Content-Type: application/json; charset=utf-8
host: localhost:30976
accept: */*

Response DefaultHttpResponse(decodeResult: success, version: HTTP/1.1)
HTTP/1.1 200 OK
Content-Length: 54
Content-Type: application/json; charset=utf-8
cache-control: no-cache

20:19:23.137 [AsyncHttpClient-1-5] DEBUG org.asynchttpclient.netty.channel.ChannelManager - Adding key: http://localhost:30976 for channel [id: 0x3a503761, L:/127.0.0.1:55032 - R:localhost/127.0.0.1:30976]
20:19:23.145 [Forwarding getPageSource on session 639b80b2f3225d9aa17405f1ddac1689 to remote] DEBUG org.asynchttpclient.netty.request.NettyRequestSender - Using pooled Channel '[id: 0x3a503761, L:/127.0.0.1:55032 - R:localhost/127.0.0.1:30976]' for 'POST' to 'http://localhost:30976/session/639b80b2f3225d9aa17405f1ddac1689/execute/sync'
20:19:23.145 [Forwarding getPageSource on session 639b80b2f3225d9aa17405f1ddac1689 to remote] DEBUG org.asynchttpclient.netty.request.NettyRequestSender - Using open Channel [id: 0x3a503761, L:/127.0.0.1:55032 - R:localhost/127.0.0.1:30976] for POST '/session/639b80b2f3225d9aa17405f1ddac1689/execute/sync'
20:19:23.150 [AsyncHttpClient-1-5] DEBUG org.asynchttpclient.netty.handler.HttpHandler - 

Request DefaultHttpRequest(decodeResult: success, version: HTTP/1.1)
POST /session/639b80b2f3225d9aa17405f1ddac1689/execute/sync HTTP/1.1
User-Agent: selenium/4.8.1 (java windows)
Content-Length: 176
Content-Type: application/json; charset=utf-8
host: localhost:30976
accept: */*

Response DefaultHttpResponse(decodeResult: success, version: HTTP/1.1)
HTTP/1.1 200 OK
Content-Length: 22774
Content-Type: application/json; charset=utf-8
cache-control: no-cache

20:19:23.151 [AsyncHttpClient-1-5] DEBUG org.asynchttpclient.netty.channel.ChannelManager - Adding key: http://localhost:30976 for channel [id: 0x3a503761, L:/127.0.0.1:55032 - R:localhost/127.0.0.1:30976]
20:19:23.152 [Forwarding getCurrentUrl on session 639b80b2f3225d9aa17405f1ddac1689 to remote] DEBUG org.asynchttpclient.netty.request.NettyRequestSender - Using pooled Channel '[id: 0x3a503761, L:/127.0.0.1:55032 - R:localhost/127.0.0.1:30976]' for 'GET' to 'http://localhost:30976/session/639b80b2f3225d9aa17405f1ddac1689/url'
20:19:23.153 [Forwarding getCurrentUrl on session 639b80b2f3225d9aa17405f1ddac1689 to remote] DEBUG org.asynchttpclient.netty.request.NettyRequestSender - Using open Channel [id: 0x3a503761, L:/127.0.0.1:55032 - R:localhost/127.0.0.1:30976] for GET '/session/639b80b2f3225d9aa17405f1ddac1689/url'
20:19:23.156 [AsyncHttpClient-1-5] DEBUG org.asynchttpclient.netty.handler.HttpHandler - 

Request DefaultFullHttpRequest(decodeResult: success, version: HTTP/1.1, content: EmptyByteBufBE)
GET /session/639b80b2f3225d9aa17405f1ddac1689/url HTTP/1.1
User-Agent: selenium/4.8.1 (java windows)
Cache-Control: no-cache
Content-Type: application/json; charset=utf-8
host: localhost:30976
accept: */*

Response DefaultHttpResponse(decodeResult: success, version: HTTP/1.1)
HTTP/1.1 200 OK
Content-Length: 54
Content-Type: application/json; charset=utf-8
cache-control: no-cache

20:19:23.156 [AsyncHttpClient-1-5] DEBUG org.asynchttpclient.netty.channel.ChannelManager - Adding key: http://localhost:30976 for channel [id: 0x3a503761, L:/127.0.0.1:55032 - R:localhost/127.0.0.1:30976]
20:19:23.158 [main] DEBUG net.thucydides.core.steps.StepInterceptor - STARTING STEP: LoginSteps.alertContent - incorrectAlert
20:19:23.160 [Forwarding findElement on session 639b80b2f3225d9aa17405f1ddac1689 to remote] DEBUG org.asynchttpclient.netty.request.NettyRequestSender - Using pooled Channel '[id: 0x3a503761, L:/127.0.0.1:55032 - R:localhost/127.0.0.1:30976]' for 'POST' to 'http://localhost:30976/session/639b80b2f3225d9aa17405f1ddac1689/element'
20:19:23.160 [Forwarding findElement on session 639b80b2f3225d9aa17405f1ddac1689 to remote] DEBUG org.asynchttpclient.netty.request.NettyRequestSender - Using open Channel [id: 0x3a503761, L:/127.0.0.1:55032 - R:localhost/127.0.0.1:30976] for POST '/session/639b80b2f3225d9aa17405f1ddac1689/element'
20:19:23.420 [AsyncHttpClient-1-5] DEBUG org.asynchttpclient.netty.handler.HttpHandler - 

Request DefaultHttpRequest(decodeResult: success, version: HTTP/1.1)
POST /session/639b80b2f3225d9aa17405f1ddac1689/element HTTP/1.1
User-Agent: selenium/4.8.1 (java windows)
Content-Length: 54
Content-Type: application/json; charset=utf-8
host: localhost:30976
accept: */*

Response DefaultHttpResponse(decodeResult: success, version: HTTP/1.1)
HTTP/1.1 200 OK
Content-Length: 88
Content-Type: application/json; charset=utf-8
cache-control: no-cache

20:19:23.420 [AsyncHttpClient-1-5] DEBUG org.asynchttpclient.netty.channel.ChannelManager - Adding key: http://localhost:30976 for channel [id: 0x3a503761, L:/127.0.0.1:55032 - R:localhost/127.0.0.1:30976]
20:19:23.424 [Forwarding isElementDisplayed on session 639b80b2f3225d9aa17405f1ddac1689 to remote] DEBUG org.asynchttpclient.netty.request.NettyRequestSender - Using pooled Channel '[id: 0x3a503761, L:/127.0.0.1:55032 - R:localhost/127.0.0.1:30976]' for 'POST' to 'http://localhost:30976/session/639b80b2f3225d9aa17405f1ddac1689/execute/sync'
20:19:23.424 [Forwarding isElementDisplayed on session 639b80b2f3225d9aa17405f1ddac1689 to remote] DEBUG org.asynchttpclient.netty.request.NettyRequestSender - Using open Channel [id: 0x3a503761, L:/127.0.0.1:55032 - R:localhost/127.0.0.1:30976] for POST '/session/639b80b2f3225d9aa17405f1ddac1689/execute/sync'
20:19:23.435 [AsyncHttpClient-1-5] DEBUG org.asynchttpclient.netty.handler.HttpHandler - 

Request DefaultHttpRequest(decodeResult: success, version: HTTP/1.1)
POST /session/639b80b2f3225d9aa17405f1ddac1689/execute/sync HTTP/1.1
User-Agent: selenium/4.8.1 (java windows)
Content-Length: 48807
Content-Type: application/json; charset=utf-8
host: localhost:30976
accept: */*

Response DefaultHttpResponse(decodeResult: success, version: HTTP/1.1)
HTTP/1.1 200 OK
Content-Length: 14
Content-Type: application/json; charset=utf-8
cache-control: no-cache

20:19:23.435 [AsyncHttpClient-1-5] DEBUG org.asynchttpclient.netty.channel.ChannelManager - Adding key: http://localhost:30976 for channel [id: 0x3a503761, L:/127.0.0.1:55032 - R:localhost/127.0.0.1:30976]
20:19:23.442 [Forwarding getAlertText on session 639b80b2f3225d9aa17405f1ddac1689 to remote] DEBUG org.asynchttpclient.netty.request.NettyRequestSender - Using pooled Channel '[id: 0x3a503761, L:/127.0.0.1:55032 - R:localhost/127.0.0.1:30976]' for 'GET' to 'http://localhost:30976/session/639b80b2f3225d9aa17405f1ddac1689/alert/text'
20:19:23.442 [Forwarding getAlertText on session 639b80b2f3225d9aa17405f1ddac1689 to remote] DEBUG org.asynchttpclient.netty.request.NettyRequestSender - Using open Channel [id: 0x3a503761, L:/127.0.0.1:55032 - R:localhost/127.0.0.1:30976] for GET '/session/639b80b2f3225d9aa17405f1ddac1689/alert/text'
20:19:23.443 [AsyncHttpClient-1-5] DEBUG org.asynchttpclient.netty.handler.HttpHandler - 

Request DefaultFullHttpRequest(decodeResult: success, version: HTTP/1.1, content: EmptyByteBufBE)
GET /session/639b80b2f3225d9aa17405f1ddac1689/alert/text HTTP/1.1
User-Agent: selenium/4.8.1 (java windows)
Cache-Control: no-cache
Content-Type: application/json; charset=utf-8
host: localhost:30976
accept: */*

Response DefaultHttpResponse(decodeResult: success, version: HTTP/1.1)
HTTP/1.1 404 Not Found
Content-Length: 836
Content-Type: application/json; charset=utf-8
cache-control: no-cache

20:19:23.443 [AsyncHttpClient-1-5] DEBUG org.asynchttpclient.netty.channel.ChannelManager - Adding key: http://localhost:30976 for channel [id: 0x3a503761, L:/127.0.0.1:55032 - R:localhost/127.0.0.1:30976]
20:19:23.444 [Forwarding getCurrentUrl on session 639b80b2f3225d9aa17405f1ddac1689 to remote] DEBUG org.asynchttpclient.netty.request.NettyRequestSender - Using pooled Channel '[id: 0x3a503761, L:/127.0.0.1:55032 - R:localhost/127.0.0.1:30976]' for 'GET' to 'http://localhost:30976/session/639b80b2f3225d9aa17405f1ddac1689/url'
20:19:23.444 [Forwarding getCurrentUrl on session 639b80b2f3225d9aa17405f1ddac1689 to remote] DEBUG org.asynchttpclient.netty.request.NettyRequestSender - Using open Channel [id: 0x3a503761, L:/127.0.0.1:55032 - R:localhost/127.0.0.1:30976] for GET '/session/639b80b2f3225d9aa17405f1ddac1689/url'
20:19:23.448 [AsyncHttpClient-1-5] DEBUG org.asynchttpclient.netty.handler.HttpHandler - 

Request DefaultFullHttpRequest(decodeResult: success, version: HTTP/1.1, content: EmptyByteBufBE)
GET /session/639b80b2f3225d9aa17405f1ddac1689/url HTTP/1.1
User-Agent: selenium/4.8.1 (java windows)
Cache-Control: no-cache
Content-Type: application/json; charset=utf-8
host: localhost:30976
accept: */*

Response DefaultHttpResponse(decodeResult: success, version: HTTP/1.1)
HTTP/1.1 200 OK
Content-Length: 54
Content-Type: application/json; charset=utf-8
cache-control: no-cache

20:19:23.448 [AsyncHttpClient-1-5] DEBUG org.asynchttpclient.netty.channel.ChannelManager - Adding key: http://localhost:30976 for channel [id: 0x3a503761, L:/127.0.0.1:55032 - R:localhost/127.0.0.1:30976]
20:19:23.449 [Forwarding screenshot on session 639b80b2f3225d9aa17405f1ddac1689 to remote] DEBUG org.asynchttpclient.netty.request.NettyRequestSender - Using pooled Channel '[id: 0x3a503761, L:/127.0.0.1:55032 - R:localhost/127.0.0.1:30976]' for 'GET' to 'http://localhost:30976/session/639b80b2f3225d9aa17405f1ddac1689/screenshot'
20:19:23.449 [Forwarding screenshot on session 639b80b2f3225d9aa17405f1ddac1689 to remote] DEBUG org.asynchttpclient.netty.request.NettyRequestSender - Using open Channel [id: 0x3a503761, L:/127.0.0.1:55032 - R:localhost/127.0.0.1:30976] for GET '/session/639b80b2f3225d9aa17405f1ddac1689/screenshot'
20:19:23.527 [AsyncHttpClient-1-5] DEBUG org.asynchttpclient.netty.handler.HttpHandler - 

Request DefaultFullHttpRequest(decodeResult: success, version: HTTP/1.1, content: EmptyByteBufBE)
GET /session/639b80b2f3225d9aa17405f1ddac1689/screenshot HTTP/1.1
User-Agent: selenium/4.8.1 (java windows)
Cache-Control: no-cache
Content-Type: application/json; charset=utf-8
host: localhost:30976
accept: */*

Response DefaultHttpResponse(decodeResult: success, version: HTTP/1.1)
HTTP/1.1 200 OK
Content-Length: 34660
Content-Type: application/json; charset=utf-8
cache-control: no-cache

20:19:23.528 [AsyncHttpClient-1-5] DEBUG org.asynchttpclient.netty.channel.ChannelManager - Adding key: http://localhost:30976 for channel [id: 0x3a503761, L:/127.0.0.1:55032 - R:localhost/127.0.0.1:30976]
20:19:23.529 [main] DEBUG net.serenitybdd.core.photography.Darkroom - Send negative for processing for target\site\serenity\f5ebf1844e2a141fb241d615369f9f10172992ae986c7fd0cb30585099158b8b.png
20:19:23.530 [main] DEBUG net.thucydides.core.steps.StepInterceptor - STEP DONE: incorrectAlert
  &amp#27;[32mThen &amp#27;[0m&amp#27;[32mI should see the error message&amp#27;[0m          &amp#27;[90m# starter.stepdefinitions.LoginSteps.alertContent()&amp#27;[0m
20:19:23.530 [Darkroom Processing Line] DEBUG net.serenitybdd.core.photography.DarkroomProcessingLine - Processing screenshot image in /var/screenshots/screenshot-15719235636269283502
20:19:23.530 [Darkroom Processing Line] DEBUG net.serenitybdd.core.photography.DarkroomProcessingLine - Saving screenshot to target\site\serenity\f5ebf1844e2a141fb241d615369f9f10172992ae986c7fd0cb30585099158b8b.png
20:19:23.534 [main] INFO  - 
  _____   ___   ___   _____     ___     _     ___   ___   ___   ___  
 |_   _| | __| / __| |_   _|   | _ \   /_\   / __| / __| | __| |   \ 
   | |   | _|  \__ \   | |     |  _/  / _ \  \__ \ \__ \ | _|  | |) |
   |_|   |___| |___/   |_|     |_|   /_/ \_\ |___/ |___/ |___| |___/ 

Register without fill the fullname
----------------------------------------------------------------------
20:19:23.535 [AsyncHttpClient-1-7] DEBUG org.asynchttpclient.netty.handler.WebSocketHandler - Channel Closed: [id: 0x2c8660ae, L:/127.0.0.1:55043 ! R:localhost/127.0.0.1:55034] with attribute NettyResponseFuture{currentRetry=0,
	isDone=1,
	isCancelled=0,
	asyncHandler=org.asynchttpclient.ws.WebSocketUpgradeHandler@3ee58f8e,
	nettyRequest=org.asynchttpclient.netty.request.NettyRequest@7be70636,
	future=java.util.concurrent.CompletableFuture@208627a0[Completed normally],
	uri=ws://localhost:55034/devtools/browser/1058c785-83c7-44a6-af72-c7484e76b9b0,
	keepAlive=true,
	redirectCount=0,
	timeoutsHolder=null,
	inAuth=0,
	touch=1683379160006}
20:19:23.536 [Driver Command Executor] DEBUG org.asynchttpclient.netty.request.NettyRequestSender - Using pooled Channel '[id: 0x3a503761, L:/127.0.0.1:55032 - R:localhost/127.0.0.1:30976]' for 'DELETE' to 'http://localhost:30976/session/639b80b2f3225d9aa17405f1ddac1689'
20:19:23.536 [Driver Command Executor] DEBUG org.asynchttpclient.netty.request.NettyRequestSender - Using open Channel [id: 0x3a503761, L:/127.0.0.1:55032 - R:localhost/127.0.0.1:30976] for DELETE '/session/639b80b2f3225d9aa17405f1ddac1689'
20:19:23.536 [AsyncHttpClient-1-7] DEBUG org.asynchttpclient.netty.channel.ChannelManager - Closing Channel [id: 0x2c8660ae, L:/127.0.0.1:55043 ! R:localhost/127.0.0.1:55034] 
20:19:23.597 [AsyncHttpClient-1-6] DEBUG org.asynchttpclient.netty.handler.HttpHandler - Unexpected I/O exception on channel [id: 0x74831d3b, L:/127.0.0.1:55042 - R:localhost/127.0.0.1:55034]
java.net.SocketException: Connection reset
	at java.base/sun.nio.ch.SocketChannelImpl.throwConnectionReset(SocketChannelImpl.java:367)
	at java.base/sun.nio.ch.SocketChannelImpl.read(SocketChannelImpl.java:398)
	at io.netty.buffer.PooledByteBuf.setBytes(PooledByteBuf.java:259)
	at io.netty.buffer.AbstractByteBuf.writeBytes(AbstractByteBuf.java:1132)
	at io.netty.channel.socket.nio.NioSocketChannel.doReadBytes(NioSocketChannel.java:357)
	at io.netty.channel.nio.AbstractNioByteChannel$NioByteUnsafe.read(AbstractNioByteChannel.java:151)
	at io.netty.channel.nio.NioEventLoop.processSelectedKey(NioEventLoop.java:788)
	at io.netty.channel.nio.NioEventLoop.processSelectedKeysOptimized(NioEventLoop.java:724)
	at io.netty.channel.nio.NioEventLoop.processSelectedKeys(NioEventLoop.java:650)
	at io.netty.channel.nio.NioEventLoop.run(NioEventLoop.java:562)
	at io.netty.util.concurrent.SingleThreadEventExecutor$4.run(SingleThreadEventExecutor.java:997)
	at io.netty.util.internal.ThreadExecutorMap$2.run(ThreadExecutorMap.java:74)
	at io.netty.util.concurrent.FastThreadLocalRunnable.run(FastThreadLocalRunnable.java:30)
	at java.base/java.lang.Thread.run(Thread.java:832)
20:19:23.597 [AsyncHttpClient-1-6] DEBUG org.asynchttpclient.netty.channel.ChannelManager - Closing Channel [id: 0x74831d3b, L:/127.0.0.1:55042 - R:localhost/127.0.0.1:55034] 
20:19:23.598 [AsyncHttpClient-1-6] DEBUG org.asynchttpclient.netty.handler.HttpHandler - Channel Closed: [id: 0x74831d3b, L:/127.0.0.1:55042 ! R:localhost/127.0.0.1:55034] with attribute DISCARD
20:19:23.609 [AsyncHttpClient-1-5] DEBUG org.asynchttpclient.netty.handler.HttpHandler - 

Request DefaultFullHttpRequest(decodeResult: success, version: HTTP/1.1, content: EmptyByteBufBE)
DELETE /session/639b80b2f3225d9aa17405f1ddac1689 HTTP/1.1
User-Agent: selenium/4.8.1 (java windows)
Content-Type: application/json; charset=utf-8
host: localhost:30976
accept: */*

Response DefaultHttpResponse(decodeResult: success, version: HTTP/1.1)
HTTP/1.1 200 OK
Content-Length: 14
Content-Type: application/json; charset=utf-8
cache-control: no-cache

20:19:23.610 [AsyncHttpClient-1-5] DEBUG org.asynchttpclient.netty.channel.ChannelManager - Adding key: http://localhost:30976 for channel [id: 0x3a503761, L:/127.0.0.1:55032 - R:localhost/127.0.0.1:30976]
20:19:23.712 [AsyncHttpClient-1-5] DEBUG org.asynchttpclient.netty.handler.HttpHandler - Channel Closed: [id: 0x3a503761, L:/127.0.0.1:55032 ! R:localhost/127.0.0.1:30976] with attribute DISCARD
20:19:24.055 [AsyncHttpClient-1-1] DEBUG org.asynchttpclient.netty.channel.DefaultChannelPool - Entry count for : http://localhost:30976 : 1
20:19:24.055 [AsyncHttpClient-1-1] DEBUG org.asynchttpclient.netty.channel.DefaultChannelPool - Entry count for : http://localhost:55034 : 1
20:19:24.055 [AsyncHttpClient-1-1] DEBUG org.asynchttpclient.netty.channel.DefaultChannelPool - Adding Candidate expired Channel [id: 0x3a503761, L:/127.0.0.1:55032 ! R:localhost/127.0.0.1:30976] isIdleTimeoutExpired=false isRemotelyClosed=true isTtlExpired=false
20:19:24.055 [AsyncHttpClient-1-1] DEBUG org.asynchttpclient.netty.channel.DefaultChannelPool - Closing Idle Channel [id: 0x3a503761, L:/127.0.0.1:55032 ! R:localhost/127.0.0.1:30976]
20:19:24.055 [AsyncHttpClient-1-1] DEBUG org.asynchttpclient.netty.channel.DefaultChannelPool - Adding Candidate expired Channel [id: 0x74831d3b, L:/127.0.0.1:55042 ! R:localhost/127.0.0.1:55034] isIdleTimeoutExpired=false isRemotelyClosed=true isTtlExpired=false
20:19:24.055 [AsyncHttpClient-1-1] DEBUG org.asynchttpclient.netty.channel.DefaultChannelPool - Closing Idle Channel [id: 0x74831d3b, L:/127.0.0.1:55042 ! R:localhost/127.0.0.1:55034]
20:19:24.055 [AsyncHttpClient-1-1] DEBUG org.asynchttpclient.netty.channel.DefaultChannelPool - Closed 2 connections out of 2 in 0 ms
]]></system-out>
    <system-err><![CDATA[Starting ChromeDriver 111.0.5563.64 (c710e93d5b63b7095afe8c2c17df34408078439d-refs/branch-heads/5563@{#995}) on port 30976
Only local connections are allowed.
Please see https://chromedriver.chromium.org/security-considerations for suggestions on keeping ChromeDriver safe.
ChromeDriver was started successfully.
[1683379159.983][WARNING]: This version of ChromeDriver has not been tested with Chrome version 112.
May 06, 2023 8:19:20 PM org.openqa.selenium.devtools.CdpVersionFinder findNearestMatch
WARNING: Unable to find an exact match for CDP version 112, so returning the closest version found: 110
]]></system-err>
  </testcase>
  <testcase name="Register without fill the email" classname="Register to Alta-shop Account" time="10.233">
    <system-out><![CDATA[
Scenario: Register without fill the email   &amp#27;[90m# src/test/resources/features/1. Register.feature:25&amp#27;[0m
20:19:24.248 [main] DEBUG io.cucumber.core.plugin.SerenityReporter - Running feature from file:///C:/Users/WINDOWS%2010/Documents/GitHub/MiniProject_QE/Web/code/minpro/src/test/resources/features/1.%20Register.feature
20:19:24.251 [main] INFO  - 
  _____   ___   ___   _____     ___   _____     _     ___   _____   ___   ___  
 |_   _| | __| / __| |_   _|   / __| |_   _|   /_\   | _ \ |_   _| | __| |   \ 
   | |   | _|  \__ \   | |     \__ \   | |    / _ \  |   /   | |   | _|  | |) |
   |_|   |___| |___/   |_|     |___/   |_|   /_/ \_\ |_|_\   |_|   |___| |___/ 

Register without fill the email(register-to-alta-shop-account;register-without-fill-the-email)
--------------------------------------------------------------------------------
20:19:24.279 [main] DEBUG net.thucydides.core.steps.StepInterceptor - STARTING STEP: LoginSteps.onTheLoginPage - openPage
20:19:24.312 [main] INFO net.serenitybdd.core.webdriver.driverproviders.ChromeDriverProvider - Starting Chrome driver instance with capabilities:
20:19:24.313 [main] INFO net.serenitybdd.core.webdriver.driverproviders.ChromeDriverProvider - Capabilities {acceptInsecureCerts: false, browserName: chrome, goog:chromeOptions: {args: [remote-allow-origins=*], extensions: []}}
20:19:24.383 [AsyncHttpClient-1-8] DEBUG org.asynchttpclient.netty.channel.NettyConnectListener - Using new Channel '[id: 0xed599a69, L:/127.0.0.1:55062 - R:localhost/127.0.0.1:48259]' for 'POST' to '/session'
20:19:25.037 [AsyncHttpClient-1-8] DEBUG org.asynchttpclient.netty.handler.HttpHandler - 

Request DefaultHttpRequest(decodeResult: success, version: HTTP/1.1)
POST /session HTTP/1.1
User-Agent: selenium/4.8.1 (java windows)
Content-Length: 507
Content-Type: application/json; charset=utf-8
host: localhost:48259
accept: */*

Response DefaultHttpResponse(decodeResult: success, version: HTTP/1.1)
HTTP/1.1 200 OK
Content-Length: 861
Content-Type: application/json; charset=utf-8
cache-control: no-cache

20:19:25.038 [AsyncHttpClient-1-8] DEBUG org.asynchttpclient.netty.channel.ChannelManager - Adding key: http://localhost:48259 for channel [id: 0xed599a69, L:/127.0.0.1:55062 - R:localhost/127.0.0.1:48259]
20:19:25.044 [AsyncHttpClient-1-9] DEBUG org.asynchttpclient.netty.channel.NettyConnectListener - Using new Channel '[id: 0xb6aa04fe, L:/127.0.0.1:55070 - R:localhost/127.0.0.1:55063]' for 'GET' to '/json/version'
20:19:25.045 [AsyncHttpClient-1-9] DEBUG org.asynchttpclient.netty.handler.HttpHandler - 

Request DefaultFullHttpRequest(decodeResult: success, version: HTTP/1.1, content: EmptyByteBufBE)
GET /json/version HTTP/1.1
User-Agent: selenium/4.8.1 (java windows)
host: localhost:55063
accept: */*

Response DefaultHttpResponse(decodeResult: success, version: HTTP/1.1)
HTTP/1.1 200 OK
Content-Security-Policy: frame-ancestors 'none'
Content-Length: 424
Content-Type: application/json; charset=UTF-8

20:19:25.045 [AsyncHttpClient-1-9] DEBUG org.asynchttpclient.netty.channel.ChannelManager - Adding key: http://localhost:55063 for channel [id: 0xb6aa04fe, L:/127.0.0.1:55070 - R:localhost/127.0.0.1:55063]
20:19:25.047 [AsyncHttpClient-1-10] DEBUG org.asynchttpclient.netty.channel.NettyConnectListener - Using new Channel '[id: 0xf347f940, L:/127.0.0.1:55071 - R:localhost/127.0.0.1:55063]' for 'GET' to '/devtools/browser/c38a7980-5c3d-48bf-8934-66b1c731b024'
20:19:25.049 [AsyncHttpClient-1-10] DEBUG org.asynchttpclient.netty.handler.WebSocketHandler - 

Request DefaultFullHttpRequest(decodeResult: success, version: HTTP/1.1, content: EmptyByteBufBE)
GET /devtools/browser/c38a7980-5c3d-48bf-8934-66b1c731b024 HTTP/1.1
upgrade: websocket
connection: upgrade
sec-websocket-key: Nu3mxQAW9k18vQXTuAxtBg==
sec-websocket-version: 13
origin: http://localhost:55063
host: localhost:55063
accept: */*
user-agent: AHC/2.1

Response DefaultHttpResponse(decodeResult: success, version: HTTP/1.1)
HTTP/1.1 101 WebSocket Protocol Handshake
Upgrade: WebSocket
Connection: Upgrade
Sec-WebSocket-Accept: Th/r700LxCQF6mRTpL2FosCD6k4=

20:19:25.052 [Forwarding get on session c2f8e5b2726708cce6bc5af1a5c3ed43 to remote] DEBUG org.asynchttpclient.netty.request.NettyRequestSender - Using pooled Channel '[id: 0xed599a69, L:/127.0.0.1:55062 - R:localhost/127.0.0.1:48259]' for 'POST' to 'http://localhost:48259/session/c2f8e5b2726708cce6bc5af1a5c3ed43/url'
20:19:25.052 [Forwarding get on session c2f8e5b2726708cce6bc5af1a5c3ed43 to remote] DEBUG org.asynchttpclient.netty.request.NettyRequestSender - Using open Channel [id: 0xed599a69, L:/127.0.0.1:55062 - R:localhost/127.0.0.1:48259] for POST '/session/c2f8e5b2726708cce6bc5af1a5c3ed43/url'
20:19:25.153 [AsyncHttpClient-1-1] DEBUG org.asynchttpclient.netty.channel.DefaultChannelPool - Entry count for : http://localhost:55063 : 1
20:19:26.256 [AsyncHttpClient-1-1] DEBUG org.asynchttpclient.netty.channel.DefaultChannelPool - Entry count for : http://localhost:55063 : 1
20:19:27.354 [AsyncHttpClient-1-1] DEBUG org.asynchttpclient.netty.channel.DefaultChannelPool - Entry count for : http://localhost:55063 : 1
20:19:28.455 [AsyncHttpClient-1-1] DEBUG org.asynchttpclient.netty.channel.DefaultChannelPool - Entry count for : http://localhost:55063 : 1
20:19:29.558 [AsyncHttpClient-1-1] DEBUG org.asynchttpclient.netty.channel.DefaultChannelPool - Entry count for : http://localhost:55063 : 1
20:19:30.658 [AsyncHttpClient-1-1] DEBUG org.asynchttpclient.netty.channel.DefaultChannelPool - Entry count for : http://localhost:55063 : 1
20:19:31.758 [AsyncHttpClient-1-1] DEBUG org.asynchttpclient.netty.channel.DefaultChannelPool - Entry count for : http://localhost:55063 : 1
20:19:31.933 [AsyncHttpClient-1-8] DEBUG org.asynchttpclient.netty.handler.HttpHandler - 

Request DefaultHttpRequest(decodeResult: success, version: HTTP/1.1)
POST /session/c2f8e5b2726708cce6bc5af1a5c3ed43/url HTTP/1.1
User-Agent: selenium/4.8.1 (java windows)
Content-Length: 74
Content-Type: application/json; charset=utf-8
host: localhost:48259
accept: */*

Response DefaultHttpResponse(decodeResult: success, version: HTTP/1.1)
HTTP/1.1 200 OK
Content-Length: 14
Content-Type: application/json; charset=utf-8
cache-control: no-cache

20:19:31.933 [AsyncHttpClient-1-8] DEBUG org.asynchttpclient.netty.channel.ChannelManager - Adding key: http://localhost:48259 for channel [id: 0xed599a69, L:/127.0.0.1:55062 - R:localhost/127.0.0.1:48259]
20:19:31.934 [Forwarding setTimeout on session c2f8e5b2726708cce6bc5af1a5c3ed43 to remote] DEBUG org.asynchttpclient.netty.request.NettyRequestSender - Using pooled Channel '[id: 0xed599a69, L:/127.0.0.1:55062 - R:localhost/127.0.0.1:48259]' for 'POST' to 'http://localhost:48259/session/c2f8e5b2726708cce6bc5af1a5c3ed43/timeouts'
20:19:31.934 [Forwarding setTimeout on session c2f8e5b2726708cce6bc5af1a5c3ed43 to remote] DEBUG org.asynchttpclient.netty.request.NettyRequestSender - Using open Channel [id: 0xed599a69, L:/127.0.0.1:55062 - R:localhost/127.0.0.1:48259] for POST '/session/c2f8e5b2726708cce6bc5af1a5c3ed43/timeouts'
20:19:31.935 [AsyncHttpClient-1-8] DEBUG org.asynchttpclient.netty.handler.HttpHandler - 

Request DefaultHttpRequest(decodeResult: success, version: HTTP/1.1)
POST /session/c2f8e5b2726708cce6bc5af1a5c3ed43/timeouts HTTP/1.1
User-Agent: selenium/4.8.1 (java windows)
Content-Length: 22
Content-Type: application/json; charset=utf-8
host: localhost:48259
accept: */*

Response DefaultHttpResponse(decodeResult: success, version: HTTP/1.1)
HTTP/1.1 200 OK
Content-Length: 14
Content-Type: application/json; charset=utf-8
cache-control: no-cache

20:19:31.935 [AsyncHttpClient-1-8] DEBUG org.asynchttpclient.netty.channel.ChannelManager - Adding key: http://localhost:48259 for channel [id: 0xed599a69, L:/127.0.0.1:55062 - R:localhost/127.0.0.1:48259]
20:19:31.939 [Forwarding getAlertText on session c2f8e5b2726708cce6bc5af1a5c3ed43 to remote] DEBUG org.asynchttpclient.netty.request.NettyRequestSender - Using pooled Channel '[id: 0xed599a69, L:/127.0.0.1:55062 - R:localhost/127.0.0.1:48259]' for 'GET' to 'http://localhost:48259/session/c2f8e5b2726708cce6bc5af1a5c3ed43/alert/text'
20:19:31.939 [Forwarding getAlertText on session c2f8e5b2726708cce6bc5af1a5c3ed43 to remote] DEBUG org.asynchttpclient.netty.request.NettyRequestSender - Using open Channel [id: 0xed599a69, L:/127.0.0.1:55062 - R:localhost/127.0.0.1:48259] for GET '/session/c2f8e5b2726708cce6bc5af1a5c3ed43/alert/text'
20:19:31.941 [AsyncHttpClient-1-8] DEBUG org.asynchttpclient.netty.handler.HttpHandler - 

Request DefaultFullHttpRequest(decodeResult: success, version: HTTP/1.1, content: EmptyByteBufBE)
GET /session/c2f8e5b2726708cce6bc5af1a5c3ed43/alert/text HTTP/1.1
User-Agent: selenium/4.8.1 (java windows)
Cache-Control: no-cache
Content-Type: application/json; charset=utf-8
host: localhost:48259
accept: */*

Response DefaultHttpResponse(decodeResult: success, version: HTTP/1.1)
HTTP/1.1 404 Not Found
Content-Length: 836
Content-Type: application/json; charset=utf-8
cache-control: no-cache

20:19:31.941 [AsyncHttpClient-1-8] DEBUG org.asynchttpclient.netty.channel.ChannelManager - Adding key: http://localhost:48259 for channel [id: 0xed599a69, L:/127.0.0.1:55062 - R:localhost/127.0.0.1:48259]
20:19:31.943 [Forwarding getCurrentUrl on session c2f8e5b2726708cce6bc5af1a5c3ed43 to remote] DEBUG org.asynchttpclient.netty.request.NettyRequestSender - Using pooled Channel '[id: 0xed599a69, L:/127.0.0.1:55062 - R:localhost/127.0.0.1:48259]' for 'GET' to 'http://localhost:48259/session/c2f8e5b2726708cce6bc5af1a5c3ed43/url'
20:19:31.943 [Forwarding getCurrentUrl on session c2f8e5b2726708cce6bc5af1a5c3ed43 to remote] DEBUG org.asynchttpclient.netty.request.NettyRequestSender - Using open Channel [id: 0xed599a69, L:/127.0.0.1:55062 - R:localhost/127.0.0.1:48259] for GET '/session/c2f8e5b2726708cce6bc5af1a5c3ed43/url'
20:19:31.946 [AsyncHttpClient-1-8] DEBUG org.asynchttpclient.netty.handler.HttpHandler - 

Request DefaultFullHttpRequest(decodeResult: success, version: HTTP/1.1, content: EmptyByteBufBE)
GET /session/c2f8e5b2726708cce6bc5af1a5c3ed43/url HTTP/1.1
User-Agent: selenium/4.8.1 (java windows)
Cache-Control: no-cache
Content-Type: application/json; charset=utf-8
host: localhost:48259
accept: */*

Response DefaultHttpResponse(decodeResult: success, version: HTTP/1.1)
HTTP/1.1 200 OK
Content-Length: 51
Content-Type: application/json; charset=utf-8
cache-control: no-cache

20:19:31.946 [AsyncHttpClient-1-8] DEBUG org.asynchttpclient.netty.channel.ChannelManager - Adding key: http://localhost:48259 for channel [id: 0xed599a69, L:/127.0.0.1:55062 - R:localhost/127.0.0.1:48259]
20:19:31.947 [Forwarding screenshot on session c2f8e5b2726708cce6bc5af1a5c3ed43 to remote] DEBUG org.asynchttpclient.netty.request.NettyRequestSender - Using pooled Channel '[id: 0xed599a69, L:/127.0.0.1:55062 - R:localhost/127.0.0.1:48259]' for 'GET' to 'http://localhost:48259/session/c2f8e5b2726708cce6bc5af1a5c3ed43/screenshot'
20:19:31.947 [Forwarding screenshot on session c2f8e5b2726708cce6bc5af1a5c3ed43 to remote] DEBUG org.asynchttpclient.netty.request.NettyRequestSender - Using open Channel [id: 0xed599a69, L:/127.0.0.1:55062 - R:localhost/127.0.0.1:48259] for GET '/session/c2f8e5b2726708cce6bc5af1a5c3ed43/screenshot'
20:19:32.061 [AsyncHttpClient-1-8] DEBUG org.asynchttpclient.netty.handler.HttpHandler - 

Request DefaultFullHttpRequest(decodeResult: success, version: HTTP/1.1, content: EmptyByteBufBE)
GET /session/c2f8e5b2726708cce6bc5af1a5c3ed43/screenshot HTTP/1.1
User-Agent: selenium/4.8.1 (java windows)
Cache-Control: no-cache
Content-Type: application/json; charset=utf-8
host: localhost:48259
accept: */*

Response DefaultHttpResponse(decodeResult: success, version: HTTP/1.1)
HTTP/1.1 200 OK
Content-Length: 25208
Content-Type: application/json; charset=utf-8
cache-control: no-cache

20:19:32.061 [AsyncHttpClient-1-8] DEBUG org.asynchttpclient.netty.channel.ChannelManager - Adding key: http://localhost:48259 for channel [id: 0xed599a69, L:/127.0.0.1:55062 - R:localhost/127.0.0.1:48259]
20:19:32.062 [main] DEBUG net.serenitybdd.core.photography.Darkroom - Send negative for processing for target\site\serenity\edb14d4aab401efa0e4fb99861e6ffcafebc86a67b69f7828890b9910ed2ddbd.png
20:19:32.062 [main] DEBUG net.thucydides.core.steps.StepInterceptor - STEP DONE: openPage
  &amp#27;[32mGiven &amp#27;[0m&amp#27;[32mI am on the alta-shop login page&amp#27;[0m    &amp#27;[90m# starter.stepdefinitions.LoginSteps.onTheLoginPage()&amp#27;[0m
20:19:32.069 [Forwarding getPageSource on session c2f8e5b2726708cce6bc5af1a5c3ed43 to remote] DEBUG org.asynchttpclient.netty.request.NettyRequestSender - Using pooled Channel '[id: 0xed599a69, L:/127.0.0.1:55062 - R:localhost/127.0.0.1:48259]' for 'POST' to 'http://localhost:48259/session/c2f8e5b2726708cce6bc5af1a5c3ed43/execute/sync'
20:19:32.069 [Forwarding getPageSource on session c2f8e5b2726708cce6bc5af1a5c3ed43 to remote] DEBUG org.asynchttpclient.netty.request.NettyRequestSender - Using open Channel [id: 0xed599a69, L:/127.0.0.1:55062 - R:localhost/127.0.0.1:48259] for POST '/session/c2f8e5b2726708cce6bc5af1a5c3ed43/execute/sync'
20:19:32.073 [AsyncHttpClient-1-8] DEBUG org.asynchttpclient.netty.handler.HttpHandler - 

Request DefaultHttpRequest(decodeResult: success, version: HTTP/1.1)
POST /session/c2f8e5b2726708cce6bc5af1a5c3ed43/execute/sync HTTP/1.1
User-Agent: selenium/4.8.1 (java windows)
Content-Length: 176
Content-Type: application/json; charset=utf-8
host: localhost:48259
accept: */*

Response DefaultHttpResponse(decodeResult: success, version: HTTP/1.1)
HTTP/1.1 200 OK
Content-Length: 21659
Content-Type: application/json; charset=utf-8
cache-control: no-cache

20:19:32.074 [AsyncHttpClient-1-8] DEBUG org.asynchttpclient.netty.channel.ChannelManager - Adding key: http://localhost:48259 for channel [id: 0xed599a69, L:/127.0.0.1:55062 - R:localhost/127.0.0.1:48259]
20:19:32.076 [Forwarding getCurrentUrl on session c2f8e5b2726708cce6bc5af1a5c3ed43 to remote] DEBUG org.asynchttpclient.netty.request.NettyRequestSender - Using pooled Channel '[id: 0xed599a69, L:/127.0.0.1:55062 - R:localhost/127.0.0.1:48259]' for 'GET' to 'http://localhost:48259/session/c2f8e5b2726708cce6bc5af1a5c3ed43/url'
20:19:32.076 [Forwarding getCurrentUrl on session c2f8e5b2726708cce6bc5af1a5c3ed43 to remote] DEBUG org.asynchttpclient.netty.request.NettyRequestSender - Using open Channel [id: 0xed599a69, L:/127.0.0.1:55062 - R:localhost/127.0.0.1:48259] for GET '/session/c2f8e5b2726708cce6bc5af1a5c3ed43/url'
20:19:32.079 [AsyncHttpClient-1-8] DEBUG org.asynchttpclient.netty.handler.HttpHandler - 

Request DefaultFullHttpRequest(decodeResult: success, version: HTTP/1.1, content: EmptyByteBufBE)
GET /session/c2f8e5b2726708cce6bc5af1a5c3ed43/url HTTP/1.1
User-Agent: selenium/4.8.1 (java windows)
Cache-Control: no-cache
Content-Type: application/json; charset=utf-8
host: localhost:48259
accept: */*

Response DefaultHttpResponse(decodeResult: success, version: HTTP/1.1)
HTTP/1.1 200 OK
Content-Length: 51
Content-Type: application/json; charset=utf-8
cache-control: no-cache

20:19:32.079 [AsyncHttpClient-1-8] DEBUG org.asynchttpclient.netty.channel.ChannelManager - Adding key: http://localhost:48259 for channel [id: 0xed599a69, L:/127.0.0.1:55062 - R:localhost/127.0.0.1:48259]
20:19:32.097 [Forwarding getPageSource on session c2f8e5b2726708cce6bc5af1a5c3ed43 to remote] DEBUG org.asynchttpclient.netty.request.NettyRequestSender - Using pooled Channel '[id: 0xed599a69, L:/127.0.0.1:55062 - R:localhost/127.0.0.1:48259]' for 'POST' to 'http://localhost:48259/session/c2f8e5b2726708cce6bc5af1a5c3ed43/execute/sync'
20:19:32.098 [Forwarding getPageSource on session c2f8e5b2726708cce6bc5af1a5c3ed43 to remote] DEBUG org.asynchttpclient.netty.request.NettyRequestSender - Using open Channel [id: 0xed599a69, L:/127.0.0.1:55062 - R:localhost/127.0.0.1:48259] for POST '/session/c2f8e5b2726708cce6bc5af1a5c3ed43/execute/sync'
20:19:32.102 [AsyncHttpClient-1-8] DEBUG org.asynchttpclient.netty.handler.HttpHandler - 

Request DefaultHttpRequest(decodeResult: success, version: HTTP/1.1)
POST /session/c2f8e5b2726708cce6bc5af1a5c3ed43/execute/sync HTTP/1.1
User-Agent: selenium/4.8.1 (java windows)
Content-Length: 176
Content-Type: application/json; charset=utf-8
host: localhost:48259
accept: */*

Response DefaultHttpResponse(decodeResult: success, version: HTTP/1.1)
HTTP/1.1 200 OK
Content-Length: 21659
Content-Type: application/json; charset=utf-8
cache-control: no-cache

20:19:32.102 [AsyncHttpClient-1-8] DEBUG org.asynchttpclient.netty.channel.ChannelManager - Adding key: http://localhost:48259 for channel [id: 0xed599a69, L:/127.0.0.1:55062 - R:localhost/127.0.0.1:48259]
20:19:32.104 [Forwarding getCurrentUrl on session c2f8e5b2726708cce6bc5af1a5c3ed43 to remote] DEBUG org.asynchttpclient.netty.request.NettyRequestSender - Using pooled Channel '[id: 0xed599a69, L:/127.0.0.1:55062 - R:localhost/127.0.0.1:48259]' for 'GET' to 'http://localhost:48259/session/c2f8e5b2726708cce6bc5af1a5c3ed43/url'
20:19:32.104 [Forwarding getCurrentUrl on session c2f8e5b2726708cce6bc5af1a5c3ed43 to remote] DEBUG org.asynchttpclient.netty.request.NettyRequestSender - Using open Channel [id: 0xed599a69, L:/127.0.0.1:55062 - R:localhost/127.0.0.1:48259] for GET '/session/c2f8e5b2726708cce6bc5af1a5c3ed43/url'
20:19:32.106 [AsyncHttpClient-1-8] DEBUG org.asynchttpclient.netty.handler.HttpHandler - 

Request DefaultFullHttpRequest(decodeResult: success, version: HTTP/1.1, content: EmptyByteBufBE)
GET /session/c2f8e5b2726708cce6bc5af1a5c3ed43/url HTTP/1.1
User-Agent: selenium/4.8.1 (java windows)
Cache-Control: no-cache
Content-Type: application/json; charset=utf-8
host: localhost:48259
accept: */*

Response DefaultHttpResponse(decodeResult: success, version: HTTP/1.1)
HTTP/1.1 200 OK
Content-Length: 51
Content-Type: application/json; charset=utf-8
cache-control: no-cache

20:19:32.107 [AsyncHttpClient-1-8] DEBUG org.asynchttpclient.netty.channel.ChannelManager - Adding key: http://localhost:48259 for channel [id: 0xed599a69, L:/127.0.0.1:55062 - R:localhost/127.0.0.1:48259]
20:19:32.109 [main] DEBUG net.thucydides.core.steps.StepInterceptor - STARTING STEP: RegisterSteps.clickLoginButton - clickRegisterLink
20:19:32.111 [Forwarding findElement on session c2f8e5b2726708cce6bc5af1a5c3ed43 to remote] DEBUG org.asynchttpclient.netty.request.NettyRequestSender - Using pooled Channel '[id: 0xed599a69, L:/127.0.0.1:55062 - R:localhost/127.0.0.1:48259]' for 'POST' to 'http://localhost:48259/session/c2f8e5b2726708cce6bc5af1a5c3ed43/element'
20:19:32.111 [Forwarding findElement on session c2f8e5b2726708cce6bc5af1a5c3ed43 to remote] DEBUG org.asynchttpclient.netty.request.NettyRequestSender - Using open Channel [id: 0xed599a69, L:/127.0.0.1:55062 - R:localhost/127.0.0.1:48259] for POST '/session/c2f8e5b2726708cce6bc5af1a5c3ed43/element'
20:19:32.122 [AsyncHttpClient-1-8] DEBUG org.asynchttpclient.netty.handler.HttpHandler - 

Request DefaultHttpRequest(decodeResult: success, version: HTTP/1.1)
POST /session/c2f8e5b2726708cce6bc5af1a5c3ed43/element HTTP/1.1
User-Agent: selenium/4.8.1 (java windows)
Content-Length: 84
Content-Type: application/json; charset=utf-8
host: localhost:48259
accept: */*

Response DefaultHttpResponse(decodeResult: success, version: HTTP/1.1)
HTTP/1.1 200 OK
Content-Length: 88
Content-Type: application/json; charset=utf-8
cache-control: no-cache

20:19:32.122 [AsyncHttpClient-1-8] DEBUG org.asynchttpclient.netty.channel.ChannelManager - Adding key: http://localhost:48259 for channel [id: 0xed599a69, L:/127.0.0.1:55062 - R:localhost/127.0.0.1:48259]
20:19:32.123 [Forwarding getElementTagName on session c2f8e5b2726708cce6bc5af1a5c3ed43 to remote] DEBUG org.asynchttpclient.netty.request.NettyRequestSender - Using pooled Channel '[id: 0xed599a69, L:/127.0.0.1:55062 - R:localhost/127.0.0.1:48259]' for 'GET' to 'http://localhost:48259/session/c2f8e5b2726708cce6bc5af1a5c3ed43/element/b0a4ca26-d41e-4519-80a9-86c6403394be/name'
20:19:32.123 [Forwarding getElementTagName on session c2f8e5b2726708cce6bc5af1a5c3ed43 to remote] DEBUG org.asynchttpclient.netty.request.NettyRequestSender - Using open Channel [id: 0xed599a69, L:/127.0.0.1:55062 - R:localhost/127.0.0.1:48259] for GET '/session/c2f8e5b2726708cce6bc5af1a5c3ed43/element/b0a4ca26-d41e-4519-80a9-86c6403394be/name'
20:19:32.127 [AsyncHttpClient-1-8] DEBUG org.asynchttpclient.netty.handler.HttpHandler - 

Request DefaultFullHttpRequest(decodeResult: success, version: HTTP/1.1, content: EmptyByteBufBE)
GET /session/c2f8e5b2726708cce6bc5af1a5c3ed43/element/b0a4ca26-d41e-4519-80a9-86c6403394be/name HTTP/1.1
User-Agent: selenium/4.8.1 (java windows)
Cache-Control: no-cache
Content-Type: application/json; charset=utf-8
host: localhost:48259
accept: */*

Response DefaultHttpResponse(decodeResult: success, version: HTTP/1.1)
HTTP/1.1 200 OK
Content-Length: 13
Content-Type: application/json; charset=utf-8
cache-control: no-cache

20:19:32.127 [AsyncHttpClient-1-8] DEBUG org.asynchttpclient.netty.channel.ChannelManager - Adding key: http://localhost:48259 for channel [id: 0xed599a69, L:/127.0.0.1:55062 - R:localhost/127.0.0.1:48259]
20:19:32.128 [Forwarding getElementTagName on session c2f8e5b2726708cce6bc5af1a5c3ed43 to remote] DEBUG org.asynchttpclient.netty.request.NettyRequestSender - Using pooled Channel '[id: 0xed599a69, L:/127.0.0.1:55062 - R:localhost/127.0.0.1:48259]' for 'GET' to 'http://localhost:48259/session/c2f8e5b2726708cce6bc5af1a5c3ed43/element/b0a4ca26-d41e-4519-80a9-86c6403394be/name'
20:19:32.128 [Forwarding getElementTagName on session c2f8e5b2726708cce6bc5af1a5c3ed43 to remote] DEBUG org.asynchttpclient.netty.request.NettyRequestSender - Using open Channel [id: 0xed599a69, L:/127.0.0.1:55062 - R:localhost/127.0.0.1:48259] for GET '/session/c2f8e5b2726708cce6bc5af1a5c3ed43/element/b0a4ca26-d41e-4519-80a9-86c6403394be/name'
20:19:32.132 [AsyncHttpClient-1-8] DEBUG org.asynchttpclient.netty.handler.HttpHandler - 

Request DefaultFullHttpRequest(decodeResult: success, version: HTTP/1.1, content: EmptyByteBufBE)
GET /session/c2f8e5b2726708cce6bc5af1a5c3ed43/element/b0a4ca26-d41e-4519-80a9-86c6403394be/name HTTP/1.1
User-Agent: selenium/4.8.1 (java windows)
Cache-Control: no-cache
Content-Type: application/json; charset=utf-8
host: localhost:48259
accept: */*

Response DefaultHttpResponse(decodeResult: success, version: HTTP/1.1)
HTTP/1.1 200 OK
Content-Length: 13
Content-Type: application/json; charset=utf-8
cache-control: no-cache

20:19:32.132 [AsyncHttpClient-1-8] DEBUG org.asynchttpclient.netty.channel.ChannelManager - Adding key: http://localhost:48259 for channel [id: 0xed599a69, L:/127.0.0.1:55062 - R:localhost/127.0.0.1:48259]
20:19:32.133 [Forwarding findElement on session c2f8e5b2726708cce6bc5af1a5c3ed43 to remote] DEBUG org.asynchttpclient.netty.request.NettyRequestSender - Using pooled Channel '[id: 0xed599a69, L:/127.0.0.1:55062 - R:localhost/127.0.0.1:48259]' for 'POST' to 'http://localhost:48259/session/c2f8e5b2726708cce6bc5af1a5c3ed43/element'
20:19:32.133 [Forwarding findElement on session c2f8e5b2726708cce6bc5af1a5c3ed43 to remote] DEBUG org.asynchttpclient.netty.request.NettyRequestSender - Using open Channel [id: 0xed599a69, L:/127.0.0.1:55062 - R:localhost/127.0.0.1:48259] for POST '/session/c2f8e5b2726708cce6bc5af1a5c3ed43/element'
20:19:32.139 [AsyncHttpClient-1-8] DEBUG org.asynchttpclient.netty.handler.HttpHandler - 

Request DefaultHttpRequest(decodeResult: success, version: HTTP/1.1)
POST /session/c2f8e5b2726708cce6bc5af1a5c3ed43/element HTTP/1.1
User-Agent: selenium/4.8.1 (java windows)
Content-Length: 84
Content-Type: application/json; charset=utf-8
host: localhost:48259
accept: */*

Response DefaultHttpResponse(decodeResult: success, version: HTTP/1.1)
HTTP/1.1 200 OK
Content-Length: 88
Content-Type: application/json; charset=utf-8
cache-control: no-cache

20:19:32.139 [AsyncHttpClient-1-8] DEBUG org.asynchttpclient.netty.channel.ChannelManager - Adding key: http://localhost:48259 for channel [id: 0xed599a69, L:/127.0.0.1:55062 - R:localhost/127.0.0.1:48259]
20:19:32.141 [Forwarding clickElement on session c2f8e5b2726708cce6bc5af1a5c3ed43 to remote] DEBUG org.asynchttpclient.netty.request.NettyRequestSender - Using pooled Channel '[id: 0xed599a69, L:/127.0.0.1:55062 - R:localhost/127.0.0.1:48259]' for 'POST' to 'http://localhost:48259/session/c2f8e5b2726708cce6bc5af1a5c3ed43/element/b0a4ca26-d41e-4519-80a9-86c6403394be/click'
20:19:32.141 [Forwarding clickElement on session c2f8e5b2726708cce6bc5af1a5c3ed43 to remote] DEBUG org.asynchttpclient.netty.request.NettyRequestSender - Using open Channel [id: 0xed599a69, L:/127.0.0.1:55062 - R:localhost/127.0.0.1:48259] for POST '/session/c2f8e5b2726708cce6bc5af1a5c3ed43/element/b0a4ca26-d41e-4519-80a9-86c6403394be/click'
20:19:32.181 [AsyncHttpClient-1-8] DEBUG org.asynchttpclient.netty.handler.HttpHandler - 

Request DefaultHttpRequest(decodeResult: success, version: HTTP/1.1)
POST /session/c2f8e5b2726708cce6bc5af1a5c3ed43/element/b0a4ca26-d41e-4519-80a9-86c6403394be/click HTTP/1.1
User-Agent: selenium/4.8.1 (java windows)
Content-Length: 50
Content-Type: application/json; charset=utf-8
host: localhost:48259
accept: */*

Response DefaultHttpResponse(decodeResult: success, version: HTTP/1.1)
HTTP/1.1 200 OK
Content-Length: 14
Content-Type: application/json; charset=utf-8
cache-control: no-cache

20:19:32.181 [AsyncHttpClient-1-8] DEBUG org.asynchttpclient.netty.channel.ChannelManager - Adding key: http://localhost:48259 for channel [id: 0xed599a69, L:/127.0.0.1:55062 - R:localhost/127.0.0.1:48259]
20:19:32.186 [Forwarding getAlertText on session c2f8e5b2726708cce6bc5af1a5c3ed43 to remote] DEBUG org.asynchttpclient.netty.request.NettyRequestSender - Using pooled Channel '[id: 0xed599a69, L:/127.0.0.1:55062 - R:localhost/127.0.0.1:48259]' for 'GET' to 'http://localhost:48259/session/c2f8e5b2726708cce6bc5af1a5c3ed43/alert/text'
20:19:32.186 [Forwarding getAlertText on session c2f8e5b2726708cce6bc5af1a5c3ed43 to remote] DEBUG org.asynchttpclient.netty.request.NettyRequestSender - Using open Channel [id: 0xed599a69, L:/127.0.0.1:55062 - R:localhost/127.0.0.1:48259] for GET '/session/c2f8e5b2726708cce6bc5af1a5c3ed43/alert/text'
20:19:32.188 [AsyncHttpClient-1-8] DEBUG org.asynchttpclient.netty.handler.HttpHandler - 

Request DefaultFullHttpRequest(decodeResult: success, version: HTTP/1.1, content: EmptyByteBufBE)
GET /session/c2f8e5b2726708cce6bc5af1a5c3ed43/alert/text HTTP/1.1
User-Agent: selenium/4.8.1 (java windows)
Cache-Control: no-cache
Content-Type: application/json; charset=utf-8
host: localhost:48259
accept: */*

Response DefaultHttpResponse(decodeResult: success, version: HTTP/1.1)
HTTP/1.1 404 Not Found
Content-Length: 836
Content-Type: application/json; charset=utf-8
cache-control: no-cache

20:19:32.188 [AsyncHttpClient-1-8] DEBUG org.asynchttpclient.netty.channel.ChannelManager - Adding key: http://localhost:48259 for channel [id: 0xed599a69, L:/127.0.0.1:55062 - R:localhost/127.0.0.1:48259]
20:19:32.190 [Forwarding getCurrentUrl on session c2f8e5b2726708cce6bc5af1a5c3ed43 to remote] DEBUG org.asynchttpclient.netty.request.NettyRequestSender - Using pooled Channel '[id: 0xed599a69, L:/127.0.0.1:55062 - R:localhost/127.0.0.1:48259]' for 'GET' to 'http://localhost:48259/session/c2f8e5b2726708cce6bc5af1a5c3ed43/url'
20:19:32.190 [Forwarding getCurrentUrl on session c2f8e5b2726708cce6bc5af1a5c3ed43 to remote] DEBUG org.asynchttpclient.netty.request.NettyRequestSender - Using open Channel [id: 0xed599a69, L:/127.0.0.1:55062 - R:localhost/127.0.0.1:48259] for GET '/session/c2f8e5b2726708cce6bc5af1a5c3ed43/url'
20:19:32.195 [AsyncHttpClient-1-8] DEBUG org.asynchttpclient.netty.handler.HttpHandler - 

Request DefaultFullHttpRequest(decodeResult: success, version: HTTP/1.1, content: EmptyByteBufBE)
GET /session/c2f8e5b2726708cce6bc5af1a5c3ed43/url HTTP/1.1
User-Agent: selenium/4.8.1 (java windows)
Cache-Control: no-cache
Content-Type: application/json; charset=utf-8
host: localhost:48259
accept: */*

Response DefaultHttpResponse(decodeResult: success, version: HTTP/1.1)
HTTP/1.1 200 OK
Content-Length: 54
Content-Type: application/json; charset=utf-8
cache-control: no-cache

20:19:32.195 [AsyncHttpClient-1-8] DEBUG org.asynchttpclient.netty.channel.ChannelManager - Adding key: http://localhost:48259 for channel [id: 0xed599a69, L:/127.0.0.1:55062 - R:localhost/127.0.0.1:48259]
20:19:32.196 [Forwarding screenshot on session c2f8e5b2726708cce6bc5af1a5c3ed43 to remote] DEBUG org.asynchttpclient.netty.request.NettyRequestSender - Using pooled Channel '[id: 0xed599a69, L:/127.0.0.1:55062 - R:localhost/127.0.0.1:48259]' for 'GET' to 'http://localhost:48259/session/c2f8e5b2726708cce6bc5af1a5c3ed43/screenshot'
20:19:32.196 [Forwarding screenshot on session c2f8e5b2726708cce6bc5af1a5c3ed43 to remote] DEBUG org.asynchttpclient.netty.request.NettyRequestSender - Using open Channel [id: 0xed599a69, L:/127.0.0.1:55062 - R:localhost/127.0.0.1:48259] for GET '/session/c2f8e5b2726708cce6bc5af1a5c3ed43/screenshot'
20:19:32.300 [AsyncHttpClient-1-8] DEBUG org.asynchttpclient.netty.handler.HttpHandler - 

Request DefaultFullHttpRequest(decodeResult: success, version: HTTP/1.1, content: EmptyByteBufBE)
GET /session/c2f8e5b2726708cce6bc5af1a5c3ed43/screenshot HTTP/1.1
User-Agent: selenium/4.8.1 (java windows)
Cache-Control: no-cache
Content-Type: application/json; charset=utf-8
host: localhost:48259
accept: */*

Response DefaultHttpResponse(decodeResult: success, version: HTTP/1.1)
HTTP/1.1 200 OK
Content-Length: 30264
Content-Type: application/json; charset=utf-8
cache-control: no-cache

20:19:32.301 [AsyncHttpClient-1-8] DEBUG org.asynchttpclient.netty.channel.ChannelManager - Adding key: http://localhost:48259 for channel [id: 0xed599a69, L:/127.0.0.1:55062 - R:localhost/127.0.0.1:48259]
20:19:32.302 [main] DEBUG net.serenitybdd.core.photography.Darkroom - Send negative for processing for target\site\serenity\1c8b997591b99fdc785d9ec6140bb0837e68f1e43009b62e44e6a795bc8005e3.png
20:19:32.302 [main] DEBUG net.thucydides.core.steps.StepInterceptor - STEP DONE: clickRegisterLink
  &amp#27;[32mWhen &amp#27;[0m&amp#27;[32mI go to the alta-shop register page&amp#27;[0m  &amp#27;[90m# starter.stepdefinitions.RegisterSteps.clickLoginButton()&amp#27;[0m
20:19:32.311 [Forwarding getPageSource on session c2f8e5b2726708cce6bc5af1a5c3ed43 to remote] DEBUG org.asynchttpclient.netty.request.NettyRequestSender - Using pooled Channel '[id: 0xed599a69, L:/127.0.0.1:55062 - R:localhost/127.0.0.1:48259]' for 'POST' to 'http://localhost:48259/session/c2f8e5b2726708cce6bc5af1a5c3ed43/execute/sync'
20:19:32.311 [Forwarding getPageSource on session c2f8e5b2726708cce6bc5af1a5c3ed43 to remote] DEBUG org.asynchttpclient.netty.request.NettyRequestSender - Using open Channel [id: 0xed599a69, L:/127.0.0.1:55062 - R:localhost/127.0.0.1:48259] for POST '/session/c2f8e5b2726708cce6bc5af1a5c3ed43/execute/sync'
20:19:32.315 [AsyncHttpClient-1-8] DEBUG org.asynchttpclient.netty.handler.HttpHandler - 

Request DefaultHttpRequest(decodeResult: success, version: HTTP/1.1)
POST /session/c2f8e5b2726708cce6bc5af1a5c3ed43/execute/sync HTTP/1.1
User-Agent: selenium/4.8.1 (java windows)
Content-Length: 176
Content-Type: application/json; charset=utf-8
host: localhost:48259
accept: */*

Response DefaultHttpResponse(decodeResult: success, version: HTTP/1.1)
HTTP/1.1 200 OK
Content-Length: 22314
Content-Type: application/json; charset=utf-8
cache-control: no-cache

20:19:32.315 [AsyncHttpClient-1-8] DEBUG org.asynchttpclient.netty.channel.ChannelManager - Adding key: http://localhost:48259 for channel [id: 0xed599a69, L:/127.0.0.1:55062 - R:localhost/127.0.0.1:48259]
20:19:32.317 [Forwarding getCurrentUrl on session c2f8e5b2726708cce6bc5af1a5c3ed43 to remote] DEBUG org.asynchttpclient.netty.request.NettyRequestSender - Using pooled Channel '[id: 0xed599a69, L:/127.0.0.1:55062 - R:localhost/127.0.0.1:48259]' for 'GET' to 'http://localhost:48259/session/c2f8e5b2726708cce6bc5af1a5c3ed43/url'
20:19:32.317 [Forwarding getCurrentUrl on session c2f8e5b2726708cce6bc5af1a5c3ed43 to remote] DEBUG org.asynchttpclient.netty.request.NettyRequestSender - Using open Channel [id: 0xed599a69, L:/127.0.0.1:55062 - R:localhost/127.0.0.1:48259] for GET '/session/c2f8e5b2726708cce6bc5af1a5c3ed43/url'
20:19:32.320 [AsyncHttpClient-1-8] DEBUG org.asynchttpclient.netty.handler.HttpHandler - 

Request DefaultFullHttpRequest(decodeResult: success, version: HTTP/1.1, content: EmptyByteBufBE)
GET /session/c2f8e5b2726708cce6bc5af1a5c3ed43/url HTTP/1.1
User-Agent: selenium/4.8.1 (java windows)
Cache-Control: no-cache
Content-Type: application/json; charset=utf-8
host: localhost:48259
accept: */*

Response DefaultHttpResponse(decodeResult: success, version: HTTP/1.1)
HTTP/1.1 200 OK
Content-Length: 54
Content-Type: application/json; charset=utf-8
cache-control: no-cache

20:19:32.320 [AsyncHttpClient-1-8] DEBUG org.asynchttpclient.netty.channel.ChannelManager - Adding key: http://localhost:48259 for channel [id: 0xed599a69, L:/127.0.0.1:55062 - R:localhost/127.0.0.1:48259]
20:19:32.327 [Forwarding getPageSource on session c2f8e5b2726708cce6bc5af1a5c3ed43 to remote] DEBUG org.asynchttpclient.netty.request.NettyRequestSender - Using pooled Channel '[id: 0xed599a69, L:/127.0.0.1:55062 - R:localhost/127.0.0.1:48259]' for 'POST' to 'http://localhost:48259/session/c2f8e5b2726708cce6bc5af1a5c3ed43/execute/sync'
20:19:32.327 [Forwarding getPageSource on session c2f8e5b2726708cce6bc5af1a5c3ed43 to remote] DEBUG org.asynchttpclient.netty.request.NettyRequestSender - Using open Channel [id: 0xed599a69, L:/127.0.0.1:55062 - R:localhost/127.0.0.1:48259] for POST '/session/c2f8e5b2726708cce6bc5af1a5c3ed43/execute/sync'
20:19:32.330 [AsyncHttpClient-1-8] DEBUG org.asynchttpclient.netty.handler.HttpHandler - 

Request DefaultHttpRequest(decodeResult: success, version: HTTP/1.1)
POST /session/c2f8e5b2726708cce6bc5af1a5c3ed43/execute/sync HTTP/1.1
User-Agent: selenium/4.8.1 (java windows)
Content-Length: 176
Content-Type: application/json; charset=utf-8
host: localhost:48259
accept: */*

Response DefaultHttpResponse(decodeResult: success, version: HTTP/1.1)
HTTP/1.1 200 OK
Content-Length: 22314
Content-Type: application/json; charset=utf-8
cache-control: no-cache

20:19:32.331 [AsyncHttpClient-1-8] DEBUG org.asynchttpclient.netty.channel.ChannelManager - Adding key: http://localhost:48259 for channel [id: 0xed599a69, L:/127.0.0.1:55062 - R:localhost/127.0.0.1:48259]
20:19:32.336 [Forwarding getCurrentUrl on session c2f8e5b2726708cce6bc5af1a5c3ed43 to remote] DEBUG org.asynchttpclient.netty.request.NettyRequestSender - Using pooled Channel '[id: 0xed599a69, L:/127.0.0.1:55062 - R:localhost/127.0.0.1:48259]' for 'GET' to 'http://localhost:48259/session/c2f8e5b2726708cce6bc5af1a5c3ed43/url'
20:19:32.336 [Forwarding getCurrentUrl on session c2f8e5b2726708cce6bc5af1a5c3ed43 to remote] DEBUG org.asynchttpclient.netty.request.NettyRequestSender - Using open Channel [id: 0xed599a69, L:/127.0.0.1:55062 - R:localhost/127.0.0.1:48259] for GET '/session/c2f8e5b2726708cce6bc5af1a5c3ed43/url'
20:19:32.339 [AsyncHttpClient-1-8] DEBUG org.asynchttpclient.netty.handler.HttpHandler - 

Request DefaultFullHttpRequest(decodeResult: success, version: HTTP/1.1, content: EmptyByteBufBE)
GET /session/c2f8e5b2726708cce6bc5af1a5c3ed43/url HTTP/1.1
User-Agent: selenium/4.8.1 (java windows)
Cache-Control: no-cache
Content-Type: application/json; charset=utf-8
host: localhost:48259
accept: */*

Response DefaultHttpResponse(decodeResult: success, version: HTTP/1.1)
HTTP/1.1 200 OK
Content-Length: 54
Content-Type: application/json; charset=utf-8
cache-control: no-cache

20:19:32.339 [AsyncHttpClient-1-8] DEBUG org.asynchttpclient.netty.channel.ChannelManager - Adding key: http://localhost:48259 for channel [id: 0xed599a69, L:/127.0.0.1:55062 - R:localhost/127.0.0.1:48259]
20:19:32.341 [main] DEBUG net.thucydides.core.steps.StepInterceptor - STARTING STEP: RegisterSteps.inputFullnameReg - inputFullnameReg
20:19:32.343 [Forwarding findElement on session c2f8e5b2726708cce6bc5af1a5c3ed43 to remote] DEBUG org.asynchttpclient.netty.request.NettyRequestSender - Using pooled Channel '[id: 0xed599a69, L:/127.0.0.1:55062 - R:localhost/127.0.0.1:48259]' for 'POST' to 'http://localhost:48259/session/c2f8e5b2726708cce6bc5af1a5c3ed43/element'
20:19:32.343 [Forwarding findElement on session c2f8e5b2726708cce6bc5af1a5c3ed43 to remote] DEBUG org.asynchttpclient.netty.request.NettyRequestSender - Using open Channel [id: 0xed599a69, L:/127.0.0.1:55062 - R:localhost/127.0.0.1:48259] for POST '/session/c2f8e5b2726708cce6bc5af1a5c3ed43/element'
20:19:32.350 [AsyncHttpClient-1-8] DEBUG org.asynchttpclient.netty.handler.HttpHandler - 

Request DefaultHttpRequest(decodeResult: success, version: HTTP/1.1)
POST /session/c2f8e5b2726708cce6bc5af1a5c3ed43/element HTTP/1.1
User-Agent: selenium/4.8.1 (java windows)
Content-Length: 55
Content-Type: application/json; charset=utf-8
host: localhost:48259
accept: */*

Response DefaultHttpResponse(decodeResult: success, version: HTTP/1.1)
HTTP/1.1 200 OK
Content-Length: 88
Content-Type: application/json; charset=utf-8
cache-control: no-cache

20:19:32.350 [AsyncHttpClient-1-8] DEBUG org.asynchttpclient.netty.channel.ChannelManager - Adding key: http://localhost:48259 for channel [id: 0xed599a69, L:/127.0.0.1:55062 - R:localhost/127.0.0.1:48259]
20:19:32.351 [Forwarding clearElement on session c2f8e5b2726708cce6bc5af1a5c3ed43 to remote] DEBUG org.asynchttpclient.netty.request.NettyRequestSender - Using pooled Channel '[id: 0xed599a69, L:/127.0.0.1:55062 - R:localhost/127.0.0.1:48259]' for 'POST' to 'http://localhost:48259/session/c2f8e5b2726708cce6bc5af1a5c3ed43/element/96e78b58-2b7f-4b21-a457-03d04d25cc29/clear'
20:19:32.351 [Forwarding clearElement on session c2f8e5b2726708cce6bc5af1a5c3ed43 to remote] DEBUG org.asynchttpclient.netty.request.NettyRequestSender - Using open Channel [id: 0xed599a69, L:/127.0.0.1:55062 - R:localhost/127.0.0.1:48259] for POST '/session/c2f8e5b2726708cce6bc5af1a5c3ed43/element/96e78b58-2b7f-4b21-a457-03d04d25cc29/clear'
20:19:32.374 [AsyncHttpClient-1-8] DEBUG org.asynchttpclient.netty.handler.HttpHandler - 

Request DefaultHttpRequest(decodeResult: success, version: HTTP/1.1)
POST /session/c2f8e5b2726708cce6bc5af1a5c3ed43/element/96e78b58-2b7f-4b21-a457-03d04d25cc29/clear HTTP/1.1
User-Agent: selenium/4.8.1 (java windows)
Content-Length: 50
Content-Type: application/json; charset=utf-8
host: localhost:48259
accept: */*

Response DefaultHttpResponse(decodeResult: success, version: HTTP/1.1)
HTTP/1.1 200 OK
Content-Length: 14
Content-Type: application/json; charset=utf-8
cache-control: no-cache

20:19:32.374 [AsyncHttpClient-1-8] DEBUG org.asynchttpclient.netty.channel.ChannelManager - Adding key: http://localhost:48259 for channel [id: 0xed599a69, L:/127.0.0.1:55062 - R:localhost/127.0.0.1:48259]
20:19:32.376 [Forwarding sendKeysToElement on session c2f8e5b2726708cce6bc5af1a5c3ed43 to remote] DEBUG org.asynchttpclient.netty.request.NettyRequestSender - Using pooled Channel '[id: 0xed599a69, L:/127.0.0.1:55062 - R:localhost/127.0.0.1:48259]' for 'POST' to 'http://localhost:48259/session/c2f8e5b2726708cce6bc5af1a5c3ed43/element/96e78b58-2b7f-4b21-a457-03d04d25cc29/value'
20:19:32.376 [Forwarding sendKeysToElement on session c2f8e5b2726708cce6bc5af1a5c3ed43 to remote] DEBUG org.asynchttpclient.netty.request.NettyRequestSender - Using open Channel [id: 0xed599a69, L:/127.0.0.1:55062 - R:localhost/127.0.0.1:48259] for POST '/session/c2f8e5b2726708cce6bc5af1a5c3ed43/element/96e78b58-2b7f-4b21-a457-03d04d25cc29/value'
20:19:32.413 [AsyncHttpClient-1-8] DEBUG org.asynchttpclient.netty.handler.HttpHandler - 

Request DefaultHttpRequest(decodeResult: success, version: HTTP/1.1)
POST /session/c2f8e5b2726708cce6bc5af1a5c3ed43/element/96e78b58-2b7f-4b21-a457-03d04d25cc29/value HTTP/1.1
User-Agent: selenium/4.8.1 (java windows)
Content-Length: 101
Content-Type: application/json; charset=utf-8
host: localhost:48259
accept: */*

Response DefaultHttpResponse(decodeResult: success, version: HTTP/1.1)
HTTP/1.1 200 OK
Content-Length: 14
Content-Type: application/json; charset=utf-8
cache-control: no-cache

20:19:32.413 [AsyncHttpClient-1-8] DEBUG org.asynchttpclient.netty.channel.ChannelManager - Adding key: http://localhost:48259 for channel [id: 0xed599a69, L:/127.0.0.1:55062 - R:localhost/127.0.0.1:48259]
20:19:32.419 [Forwarding getAlertText on session c2f8e5b2726708cce6bc5af1a5c3ed43 to remote] DEBUG org.asynchttpclient.netty.request.NettyRequestSender - Using pooled Channel '[id: 0xed599a69, L:/127.0.0.1:55062 - R:localhost/127.0.0.1:48259]' for 'GET' to 'http://localhost:48259/session/c2f8e5b2726708cce6bc5af1a5c3ed43/alert/text'
20:19:32.419 [Forwarding getAlertText on session c2f8e5b2726708cce6bc5af1a5c3ed43 to remote] DEBUG org.asynchttpclient.netty.request.NettyRequestSender - Using open Channel [id: 0xed599a69, L:/127.0.0.1:55062 - R:localhost/127.0.0.1:48259] for GET '/session/c2f8e5b2726708cce6bc5af1a5c3ed43/alert/text'
20:19:32.421 [AsyncHttpClient-1-8] DEBUG org.asynchttpclient.netty.handler.HttpHandler - 

Request DefaultFullHttpRequest(decodeResult: success, version: HTTP/1.1, content: EmptyByteBufBE)
GET /session/c2f8e5b2726708cce6bc5af1a5c3ed43/alert/text HTTP/1.1
User-Agent: selenium/4.8.1 (java windows)
Cache-Control: no-cache
Content-Type: application/json; charset=utf-8
host: localhost:48259
accept: */*

Response DefaultHttpResponse(decodeResult: success, version: HTTP/1.1)
HTTP/1.1 404 Not Found
Content-Length: 836
Content-Type: application/json; charset=utf-8
cache-control: no-cache

20:19:32.421 [AsyncHttpClient-1-8] DEBUG org.asynchttpclient.netty.channel.ChannelManager - Adding key: http://localhost:48259 for channel [id: 0xed599a69, L:/127.0.0.1:55062 - R:localhost/127.0.0.1:48259]
20:19:32.423 [Forwarding getCurrentUrl on session c2f8e5b2726708cce6bc5af1a5c3ed43 to remote] DEBUG org.asynchttpclient.netty.request.NettyRequestSender - Using pooled Channel '[id: 0xed599a69, L:/127.0.0.1:55062 - R:localhost/127.0.0.1:48259]' for 'GET' to 'http://localhost:48259/session/c2f8e5b2726708cce6bc5af1a5c3ed43/url'
20:19:32.423 [Forwarding getCurrentUrl on session c2f8e5b2726708cce6bc5af1a5c3ed43 to remote] DEBUG org.asynchttpclient.netty.request.NettyRequestSender - Using open Channel [id: 0xed599a69, L:/127.0.0.1:55062 - R:localhost/127.0.0.1:48259] for GET '/session/c2f8e5b2726708cce6bc5af1a5c3ed43/url'
20:19:32.429 [AsyncHttpClient-1-8] DEBUG org.asynchttpclient.netty.handler.HttpHandler - 

Request DefaultFullHttpRequest(decodeResult: success, version: HTTP/1.1, content: EmptyByteBufBE)
GET /session/c2f8e5b2726708cce6bc5af1a5c3ed43/url HTTP/1.1
User-Agent: selenium/4.8.1 (java windows)
Cache-Control: no-cache
Content-Type: application/json; charset=utf-8
host: localhost:48259
accept: */*

Response DefaultHttpResponse(decodeResult: success, version: HTTP/1.1)
HTTP/1.1 200 OK
Content-Length: 54
Content-Type: application/json; charset=utf-8
cache-control: no-cache

20:19:32.429 [AsyncHttpClient-1-8] DEBUG org.asynchttpclient.netty.channel.ChannelManager - Adding key: http://localhost:48259 for channel [id: 0xed599a69, L:/127.0.0.1:55062 - R:localhost/127.0.0.1:48259]
20:19:32.430 [Forwarding screenshot on session c2f8e5b2726708cce6bc5af1a5c3ed43 to remote] DEBUG org.asynchttpclient.netty.request.NettyRequestSender - Using pooled Channel '[id: 0xed599a69, L:/127.0.0.1:55062 - R:localhost/127.0.0.1:48259]' for 'GET' to 'http://localhost:48259/session/c2f8e5b2726708cce6bc5af1a5c3ed43/screenshot'
20:19:32.430 [Forwarding screenshot on session c2f8e5b2726708cce6bc5af1a5c3ed43 to remote] DEBUG org.asynchttpclient.netty.request.NettyRequestSender - Using open Channel [id: 0xed599a69, L:/127.0.0.1:55062 - R:localhost/127.0.0.1:48259] for GET '/session/c2f8e5b2726708cce6bc5af1a5c3ed43/screenshot'
20:19:32.564 [AsyncHttpClient-1-8] DEBUG org.asynchttpclient.netty.handler.HttpHandler - 

Request DefaultFullHttpRequest(decodeResult: success, version: HTTP/1.1, content: EmptyByteBufBE)
GET /session/c2f8e5b2726708cce6bc5af1a5c3ed43/screenshot HTTP/1.1
User-Agent: selenium/4.8.1 (java windows)
Cache-Control: no-cache
Content-Type: application/json; charset=utf-8
host: localhost:48259
accept: */*

Response DefaultHttpResponse(decodeResult: success, version: HTTP/1.1)
HTTP/1.1 200 OK
Content-Length: 30428
Content-Type: application/json; charset=utf-8
cache-control: no-cache

20:19:32.564 [AsyncHttpClient-1-8] DEBUG org.asynchttpclient.netty.channel.ChannelManager - Adding key: http://localhost:48259 for channel [id: 0xed599a69, L:/127.0.0.1:55062 - R:localhost/127.0.0.1:48259]
20:19:32.565 [main] DEBUG net.serenitybdd.core.photography.Darkroom - Send negative for processing for target\site\serenity\b7194cf8d937d8dafb11fb87adc76fbc9d16ff57447ae7de06a858e6c3f46911.png
20:19:32.565 [main] DEBUG net.thucydides.core.steps.StepInterceptor - STEP DONE: inputFullnameReg
  &amp#27;[32mAnd &amp#27;[0m&amp#27;[32mI input correct fullname for register&amp#27;[0m &amp#27;[90m# starter.stepdefinitions.RegisterSteps.inputFullnameReg()&amp#27;[0m
20:19:32.566 [Darkroom Processing Line] DEBUG net.serenitybdd.core.photography.DarkroomProcessingLine - Processing screenshot image in /var/screenshots/screenshot-9312759931231613178
20:19:32.566 [Darkroom Processing Line] DEBUG net.serenitybdd.core.photography.DarkroomProcessingLine - Saving screenshot to target\site\serenity\b7194cf8d937d8dafb11fb87adc76fbc9d16ff57447ae7de06a858e6c3f46911.png
20:19:32.573 [Forwarding getPageSource on session c2f8e5b2726708cce6bc5af1a5c3ed43 to remote] DEBUG org.asynchttpclient.netty.request.NettyRequestSender - Using pooled Channel '[id: 0xed599a69, L:/127.0.0.1:55062 - R:localhost/127.0.0.1:48259]' for 'POST' to 'http://localhost:48259/session/c2f8e5b2726708cce6bc5af1a5c3ed43/execute/sync'
20:19:32.573 [Forwarding getPageSource on session c2f8e5b2726708cce6bc5af1a5c3ed43 to remote] DEBUG org.asynchttpclient.netty.request.NettyRequestSender - Using open Channel [id: 0xed599a69, L:/127.0.0.1:55062 - R:localhost/127.0.0.1:48259] for POST '/session/c2f8e5b2726708cce6bc5af1a5c3ed43/execute/sync'
20:19:32.578 [AsyncHttpClient-1-8] DEBUG org.asynchttpclient.netty.handler.HttpHandler - 

Request DefaultHttpRequest(decodeResult: success, version: HTTP/1.1)
POST /session/c2f8e5b2726708cce6bc5af1a5c3ed43/execute/sync HTTP/1.1
User-Agent: selenium/4.8.1 (java windows)
Content-Length: 176
Content-Type: application/json; charset=utf-8
host: localhost:48259
accept: */*

Response DefaultHttpResponse(decodeResult: success, version: HTTP/1.1)
HTTP/1.1 200 OK
Content-Length: 22435
Content-Type: application/json; charset=utf-8
cache-control: no-cache

20:19:32.578 [AsyncHttpClient-1-8] DEBUG org.asynchttpclient.netty.channel.ChannelManager - Adding key: http://localhost:48259 for channel [id: 0xed599a69, L:/127.0.0.1:55062 - R:localhost/127.0.0.1:48259]
20:19:32.580 [Forwarding getCurrentUrl on session c2f8e5b2726708cce6bc5af1a5c3ed43 to remote] DEBUG org.asynchttpclient.netty.request.NettyRequestSender - Using pooled Channel '[id: 0xed599a69, L:/127.0.0.1:55062 - R:localhost/127.0.0.1:48259]' for 'GET' to 'http://localhost:48259/session/c2f8e5b2726708cce6bc5af1a5c3ed43/url'
20:19:32.580 [Forwarding getCurrentUrl on session c2f8e5b2726708cce6bc5af1a5c3ed43 to remote] DEBUG org.asynchttpclient.netty.request.NettyRequestSender - Using open Channel [id: 0xed599a69, L:/127.0.0.1:55062 - R:localhost/127.0.0.1:48259] for GET '/session/c2f8e5b2726708cce6bc5af1a5c3ed43/url'
20:19:32.583 [AsyncHttpClient-1-8] DEBUG org.asynchttpclient.netty.handler.HttpHandler - 

Request DefaultFullHttpRequest(decodeResult: success, version: HTTP/1.1, content: EmptyByteBufBE)
GET /session/c2f8e5b2726708cce6bc5af1a5c3ed43/url HTTP/1.1
User-Agent: selenium/4.8.1 (java windows)
Cache-Control: no-cache
Content-Type: application/json; charset=utf-8
host: localhost:48259
accept: */*

Response DefaultHttpResponse(decodeResult: success, version: HTTP/1.1)
HTTP/1.1 200 OK
Content-Length: 54
Content-Type: application/json; charset=utf-8
cache-control: no-cache

20:19:32.583 [AsyncHttpClient-1-8] DEBUG org.asynchttpclient.netty.channel.ChannelManager - Adding key: http://localhost:48259 for channel [id: 0xed599a69, L:/127.0.0.1:55062 - R:localhost/127.0.0.1:48259]
20:19:32.591 [Forwarding getPageSource on session c2f8e5b2726708cce6bc5af1a5c3ed43 to remote] DEBUG org.asynchttpclient.netty.request.NettyRequestSender - Using pooled Channel '[id: 0xed599a69, L:/127.0.0.1:55062 - R:localhost/127.0.0.1:48259]' for 'POST' to 'http://localhost:48259/session/c2f8e5b2726708cce6bc5af1a5c3ed43/execute/sync'
20:19:32.591 [Forwarding getPageSource on session c2f8e5b2726708cce6bc5af1a5c3ed43 to remote] DEBUG org.asynchttpclient.netty.request.NettyRequestSender - Using open Channel [id: 0xed599a69, L:/127.0.0.1:55062 - R:localhost/127.0.0.1:48259] for POST '/session/c2f8e5b2726708cce6bc5af1a5c3ed43/execute/sync'
20:19:32.595 [AsyncHttpClient-1-8] DEBUG org.asynchttpclient.netty.handler.HttpHandler - 

Request DefaultHttpRequest(decodeResult: success, version: HTTP/1.1)
POST /session/c2f8e5b2726708cce6bc5af1a5c3ed43/execute/sync HTTP/1.1
User-Agent: selenium/4.8.1 (java windows)
Content-Length: 176
Content-Type: application/json; charset=utf-8
host: localhost:48259
accept: */*

Response DefaultHttpResponse(decodeResult: success, version: HTTP/1.1)
HTTP/1.1 200 OK
Content-Length: 22435
Content-Type: application/json; charset=utf-8
cache-control: no-cache

20:19:32.595 [AsyncHttpClient-1-8] DEBUG org.asynchttpclient.netty.channel.ChannelManager - Adding key: http://localhost:48259 for channel [id: 0xed599a69, L:/127.0.0.1:55062 - R:localhost/127.0.0.1:48259]
20:19:32.597 [Forwarding getCurrentUrl on session c2f8e5b2726708cce6bc5af1a5c3ed43 to remote] DEBUG org.asynchttpclient.netty.request.NettyRequestSender - Using pooled Channel '[id: 0xed599a69, L:/127.0.0.1:55062 - R:localhost/127.0.0.1:48259]' for 'GET' to 'http://localhost:48259/session/c2f8e5b2726708cce6bc5af1a5c3ed43/url'
20:19:32.597 [Forwarding getCurrentUrl on session c2f8e5b2726708cce6bc5af1a5c3ed43 to remote] DEBUG org.asynchttpclient.netty.request.NettyRequestSender - Using open Channel [id: 0xed599a69, L:/127.0.0.1:55062 - R:localhost/127.0.0.1:48259] for GET '/session/c2f8e5b2726708cce6bc5af1a5c3ed43/url'
20:19:32.600 [AsyncHttpClient-1-8] DEBUG org.asynchttpclient.netty.handler.HttpHandler - 

Request DefaultFullHttpRequest(decodeResult: success, version: HTTP/1.1, content: EmptyByteBufBE)
GET /session/c2f8e5b2726708cce6bc5af1a5c3ed43/url HTTP/1.1
User-Agent: selenium/4.8.1 (java windows)
Cache-Control: no-cache
Content-Type: application/json; charset=utf-8
host: localhost:48259
accept: */*

Response DefaultHttpResponse(decodeResult: success, version: HTTP/1.1)
HTTP/1.1 200 OK
Content-Length: 54
Content-Type: application/json; charset=utf-8
cache-control: no-cache

20:19:32.600 [AsyncHttpClient-1-8] DEBUG org.asynchttpclient.netty.channel.ChannelManager - Adding key: http://localhost:48259 for channel [id: 0xed599a69, L:/127.0.0.1:55062 - R:localhost/127.0.0.1:48259]
20:19:32.602 [main] DEBUG net.thucydides.core.steps.StepInterceptor - STARTING STEP: RegisterSteps.inputInvalidEmailReg - inputEmailReg
20:19:32.604 [Forwarding findElement on session c2f8e5b2726708cce6bc5af1a5c3ed43 to remote] DEBUG org.asynchttpclient.netty.request.NettyRequestSender - Using pooled Channel '[id: 0xed599a69, L:/127.0.0.1:55062 - R:localhost/127.0.0.1:48259]' for 'POST' to 'http://localhost:48259/session/c2f8e5b2726708cce6bc5af1a5c3ed43/element'
20:19:32.604 [Forwarding findElement on session c2f8e5b2726708cce6bc5af1a5c3ed43 to remote] DEBUG org.asynchttpclient.netty.request.NettyRequestSender - Using open Channel [id: 0xed599a69, L:/127.0.0.1:55062 - R:localhost/127.0.0.1:48259] for POST '/session/c2f8e5b2726708cce6bc5af1a5c3ed43/element'
20:19:32.613 [AsyncHttpClient-1-8] DEBUG org.asynchttpclient.netty.handler.HttpHandler - 

Request DefaultHttpRequest(decodeResult: success, version: HTTP/1.1)
POST /session/c2f8e5b2726708cce6bc5af1a5c3ed43/element HTTP/1.1
User-Agent: selenium/4.8.1 (java windows)
Content-Length: 55
Content-Type: application/json; charset=utf-8
host: localhost:48259
accept: */*

Response DefaultHttpResponse(decodeResult: success, version: HTTP/1.1)
HTTP/1.1 200 OK
Content-Length: 88
Content-Type: application/json; charset=utf-8
cache-control: no-cache

20:19:32.613 [AsyncHttpClient-1-8] DEBUG org.asynchttpclient.netty.channel.ChannelManager - Adding key: http://localhost:48259 for channel [id: 0xed599a69, L:/127.0.0.1:55062 - R:localhost/127.0.0.1:48259]
20:19:32.614 [Forwarding clearElement on session c2f8e5b2726708cce6bc5af1a5c3ed43 to remote] DEBUG org.asynchttpclient.netty.request.NettyRequestSender - Using pooled Channel '[id: 0xed599a69, L:/127.0.0.1:55062 - R:localhost/127.0.0.1:48259]' for 'POST' to 'http://localhost:48259/session/c2f8e5b2726708cce6bc5af1a5c3ed43/element/4ec053c8-4c33-42e6-a803-326a1cccf1e4/clear'
20:19:32.614 [Forwarding clearElement on session c2f8e5b2726708cce6bc5af1a5c3ed43 to remote] DEBUG org.asynchttpclient.netty.request.NettyRequestSender - Using open Channel [id: 0xed599a69, L:/127.0.0.1:55062 - R:localhost/127.0.0.1:48259] for POST '/session/c2f8e5b2726708cce6bc5af1a5c3ed43/element/4ec053c8-4c33-42e6-a803-326a1cccf1e4/clear'
20:19:32.639 [AsyncHttpClient-1-8] DEBUG org.asynchttpclient.netty.handler.HttpHandler - 

Request DefaultHttpRequest(decodeResult: success, version: HTTP/1.1)
POST /session/c2f8e5b2726708cce6bc5af1a5c3ed43/element/4ec053c8-4c33-42e6-a803-326a1cccf1e4/clear HTTP/1.1
User-Agent: selenium/4.8.1 (java windows)
Content-Length: 50
Content-Type: application/json; charset=utf-8
host: localhost:48259
accept: */*

Response DefaultHttpResponse(decodeResult: success, version: HTTP/1.1)
HTTP/1.1 200 OK
Content-Length: 14
Content-Type: application/json; charset=utf-8
cache-control: no-cache

20:19:32.639 [AsyncHttpClient-1-8] DEBUG org.asynchttpclient.netty.channel.ChannelManager - Adding key: http://localhost:48259 for channel [id: 0xed599a69, L:/127.0.0.1:55062 - R:localhost/127.0.0.1:48259]
20:19:32.640 [Forwarding sendKeysToElement on session c2f8e5b2726708cce6bc5af1a5c3ed43 to remote] DEBUG org.asynchttpclient.netty.request.NettyRequestSender - Using pooled Channel '[id: 0xed599a69, L:/127.0.0.1:55062 - R:localhost/127.0.0.1:48259]' for 'POST' to 'http://localhost:48259/session/c2f8e5b2726708cce6bc5af1a5c3ed43/element/4ec053c8-4c33-42e6-a803-326a1cccf1e4/value'
20:19:32.640 [Forwarding sendKeysToElement on session c2f8e5b2726708cce6bc5af1a5c3ed43 to remote] DEBUG org.asynchttpclient.netty.request.NettyRequestSender - Using open Channel [id: 0xed599a69, L:/127.0.0.1:55062 - R:localhost/127.0.0.1:48259] for POST '/session/c2f8e5b2726708cce6bc5af1a5c3ed43/element/4ec053c8-4c33-42e6-a803-326a1cccf1e4/value'
20:19:32.672 [AsyncHttpClient-1-8] DEBUG org.asynchttpclient.netty.handler.HttpHandler - 

Request DefaultHttpRequest(decodeResult: success, version: HTTP/1.1)
POST /session/c2f8e5b2726708cce6bc5af1a5c3ed43/element/4ec053c8-4c33-42e6-a803-326a1cccf1e4/value HTTP/1.1
User-Agent: selenium/4.8.1 (java windows)
Content-Length: 82
Content-Type: application/json; charset=utf-8
host: localhost:48259
accept: */*

Response DefaultHttpResponse(decodeResult: success, version: HTTP/1.1)
HTTP/1.1 200 OK
Content-Length: 14
Content-Type: application/json; charset=utf-8
cache-control: no-cache

20:19:32.672 [AsyncHttpClient-1-8] DEBUG org.asynchttpclient.netty.channel.ChannelManager - Adding key: http://localhost:48259 for channel [id: 0xed599a69, L:/127.0.0.1:55062 - R:localhost/127.0.0.1:48259]
20:19:32.677 [Forwarding getAlertText on session c2f8e5b2726708cce6bc5af1a5c3ed43 to remote] DEBUG org.asynchttpclient.netty.request.NettyRequestSender - Using pooled Channel '[id: 0xed599a69, L:/127.0.0.1:55062 - R:localhost/127.0.0.1:48259]' for 'GET' to 'http://localhost:48259/session/c2f8e5b2726708cce6bc5af1a5c3ed43/alert/text'
20:19:32.677 [Forwarding getAlertText on session c2f8e5b2726708cce6bc5af1a5c3ed43 to remote] DEBUG org.asynchttpclient.netty.request.NettyRequestSender - Using open Channel [id: 0xed599a69, L:/127.0.0.1:55062 - R:localhost/127.0.0.1:48259] for GET '/session/c2f8e5b2726708cce6bc5af1a5c3ed43/alert/text'
20:19:32.679 [AsyncHttpClient-1-8] DEBUG org.asynchttpclient.netty.handler.HttpHandler - 

Request DefaultFullHttpRequest(decodeResult: success, version: HTTP/1.1, content: EmptyByteBufBE)
GET /session/c2f8e5b2726708cce6bc5af1a5c3ed43/alert/text HTTP/1.1
User-Agent: selenium/4.8.1 (java windows)
Cache-Control: no-cache
Content-Type: application/json; charset=utf-8
host: localhost:48259
accept: */*

Response DefaultHttpResponse(decodeResult: success, version: HTTP/1.1)
HTTP/1.1 404 Not Found
Content-Length: 836
Content-Type: application/json; charset=utf-8
cache-control: no-cache

20:19:32.679 [AsyncHttpClient-1-8] DEBUG org.asynchttpclient.netty.channel.ChannelManager - Adding key: http://localhost:48259 for channel [id: 0xed599a69, L:/127.0.0.1:55062 - R:localhost/127.0.0.1:48259]
20:19:32.681 [Forwarding getCurrentUrl on session c2f8e5b2726708cce6bc5af1a5c3ed43 to remote] DEBUG org.asynchttpclient.netty.request.NettyRequestSender - Using pooled Channel '[id: 0xed599a69, L:/127.0.0.1:55062 - R:localhost/127.0.0.1:48259]' for 'GET' to 'http://localhost:48259/session/c2f8e5b2726708cce6bc5af1a5c3ed43/url'
20:19:32.681 [Forwarding getCurrentUrl on session c2f8e5b2726708cce6bc5af1a5c3ed43 to remote] DEBUG org.asynchttpclient.netty.request.NettyRequestSender - Using open Channel [id: 0xed599a69, L:/127.0.0.1:55062 - R:localhost/127.0.0.1:48259] for GET '/session/c2f8e5b2726708cce6bc5af1a5c3ed43/url'
20:19:32.684 [AsyncHttpClient-1-8] DEBUG org.asynchttpclient.netty.handler.HttpHandler - 

Request DefaultFullHttpRequest(decodeResult: success, version: HTTP/1.1, content: EmptyByteBufBE)
GET /session/c2f8e5b2726708cce6bc5af1a5c3ed43/url HTTP/1.1
User-Agent: selenium/4.8.1 (java windows)
Cache-Control: no-cache
Content-Type: application/json; charset=utf-8
host: localhost:48259
accept: */*

Response DefaultHttpResponse(decodeResult: success, version: HTTP/1.1)
HTTP/1.1 200 OK
Content-Length: 54
Content-Type: application/json; charset=utf-8
cache-control: no-cache

20:19:32.684 [AsyncHttpClient-1-8] DEBUG org.asynchttpclient.netty.channel.ChannelManager - Adding key: http://localhost:48259 for channel [id: 0xed599a69, L:/127.0.0.1:55062 - R:localhost/127.0.0.1:48259]
20:19:32.686 [Forwarding screenshot on session c2f8e5b2726708cce6bc5af1a5c3ed43 to remote] DEBUG org.asynchttpclient.netty.request.NettyRequestSender - Using pooled Channel '[id: 0xed599a69, L:/127.0.0.1:55062 - R:localhost/127.0.0.1:48259]' for 'GET' to 'http://localhost:48259/session/c2f8e5b2726708cce6bc5af1a5c3ed43/screenshot'
20:19:32.686 [Forwarding screenshot on session c2f8e5b2726708cce6bc5af1a5c3ed43 to remote] DEBUG org.asynchttpclient.netty.request.NettyRequestSender - Using open Channel [id: 0xed599a69, L:/127.0.0.1:55062 - R:localhost/127.0.0.1:48259] for GET '/session/c2f8e5b2726708cce6bc5af1a5c3ed43/screenshot'
20:19:32.785 [AsyncHttpClient-1-8] DEBUG org.asynchttpclient.netty.handler.HttpHandler - 

Request DefaultFullHttpRequest(decodeResult: success, version: HTTP/1.1, content: EmptyByteBufBE)
GET /session/c2f8e5b2726708cce6bc5af1a5c3ed43/screenshot HTTP/1.1
User-Agent: selenium/4.8.1 (java windows)
Cache-Control: no-cache
Content-Type: application/json; charset=utf-8
host: localhost:48259
accept: */*

Response DefaultHttpResponse(decodeResult: success, version: HTTP/1.1)
HTTP/1.1 200 OK
Content-Length: 29712
Content-Type: application/json; charset=utf-8
cache-control: no-cache

20:19:32.785 [AsyncHttpClient-1-8] DEBUG org.asynchttpclient.netty.channel.ChannelManager - Adding key: http://localhost:48259 for channel [id: 0xed599a69, L:/127.0.0.1:55062 - R:localhost/127.0.0.1:48259]
20:19:32.786 [main] DEBUG net.serenitybdd.core.photography.Darkroom - Send negative for processing for target\site\serenity\84ec8f7aa41aacfe9f5126cb6a08b3411f1778baae2d40aac577b3638266cec4.png
20:19:32.787 [main] DEBUG net.thucydides.core.steps.StepInterceptor - STEP DONE: inputEmailReg
  &amp#27;[32mAnd &amp#27;[0m&amp#27;[32mI input nothing in email for register&amp#27;[0m &amp#27;[90m# starter.stepdefinitions.RegisterSteps.inputInvalidEmailReg()&amp#27;[0m
20:19:32.787 [Darkroom Processing Line] DEBUG net.serenitybdd.core.photography.DarkroomProcessingLine - Processing screenshot image in /var/screenshots/screenshot-14331635427905856694
20:19:32.787 [Darkroom Processing Line] DEBUG net.serenitybdd.core.photography.DarkroomProcessingLine - Saving screenshot to target\site\serenity\84ec8f7aa41aacfe9f5126cb6a08b3411f1778baae2d40aac577b3638266cec4.png
20:19:32.792 [Forwarding getPageSource on session c2f8e5b2726708cce6bc5af1a5c3ed43 to remote] DEBUG org.asynchttpclient.netty.request.NettyRequestSender - Using pooled Channel '[id: 0xed599a69, L:/127.0.0.1:55062 - R:localhost/127.0.0.1:48259]' for 'POST' to 'http://localhost:48259/session/c2f8e5b2726708cce6bc5af1a5c3ed43/execute/sync'
20:19:32.792 [Forwarding getPageSource on session c2f8e5b2726708cce6bc5af1a5c3ed43 to remote] DEBUG org.asynchttpclient.netty.request.NettyRequestSender - Using open Channel [id: 0xed599a69, L:/127.0.0.1:55062 - R:localhost/127.0.0.1:48259] for POST '/session/c2f8e5b2726708cce6bc5af1a5c3ed43/execute/sync'
20:19:32.796 [AsyncHttpClient-1-8] DEBUG org.asynchttpclient.netty.handler.HttpHandler - 

Request DefaultHttpRequest(decodeResult: success, version: HTTP/1.1)
POST /session/c2f8e5b2726708cce6bc5af1a5c3ed43/execute/sync HTTP/1.1
User-Agent: selenium/4.8.1 (java windows)
Content-Length: 176
Content-Type: application/json; charset=utf-8
host: localhost:48259
accept: */*

Response DefaultHttpResponse(decodeResult: success, version: HTTP/1.1)
HTTP/1.1 200 OK
Content-Length: 22451
Content-Type: application/json; charset=utf-8
cache-control: no-cache

20:19:32.796 [AsyncHttpClient-1-8] DEBUG org.asynchttpclient.netty.channel.ChannelManager - Adding key: http://localhost:48259 for channel [id: 0xed599a69, L:/127.0.0.1:55062 - R:localhost/127.0.0.1:48259]
20:19:32.799 [Forwarding getCurrentUrl on session c2f8e5b2726708cce6bc5af1a5c3ed43 to remote] DEBUG org.asynchttpclient.netty.request.NettyRequestSender - Using pooled Channel '[id: 0xed599a69, L:/127.0.0.1:55062 - R:localhost/127.0.0.1:48259]' for 'GET' to 'http://localhost:48259/session/c2f8e5b2726708cce6bc5af1a5c3ed43/url'
20:19:32.799 [Forwarding getCurrentUrl on session c2f8e5b2726708cce6bc5af1a5c3ed43 to remote] DEBUG org.asynchttpclient.netty.request.NettyRequestSender - Using open Channel [id: 0xed599a69, L:/127.0.0.1:55062 - R:localhost/127.0.0.1:48259] for GET '/session/c2f8e5b2726708cce6bc5af1a5c3ed43/url'
20:19:32.801 [AsyncHttpClient-1-8] DEBUG org.asynchttpclient.netty.handler.HttpHandler - 

Request DefaultFullHttpRequest(decodeResult: success, version: HTTP/1.1, content: EmptyByteBufBE)
GET /session/c2f8e5b2726708cce6bc5af1a5c3ed43/url HTTP/1.1
User-Agent: selenium/4.8.1 (java windows)
Cache-Control: no-cache
Content-Type: application/json; charset=utf-8
host: localhost:48259
accept: */*

Response DefaultHttpResponse(decodeResult: success, version: HTTP/1.1)
HTTP/1.1 200 OK
Content-Length: 54
Content-Type: application/json; charset=utf-8
cache-control: no-cache

20:19:32.801 [AsyncHttpClient-1-8] DEBUG org.asynchttpclient.netty.channel.ChannelManager - Adding key: http://localhost:48259 for channel [id: 0xed599a69, L:/127.0.0.1:55062 - R:localhost/127.0.0.1:48259]
20:19:32.809 [Forwarding getPageSource on session c2f8e5b2726708cce6bc5af1a5c3ed43 to remote] DEBUG org.asynchttpclient.netty.request.NettyRequestSender - Using pooled Channel '[id: 0xed599a69, L:/127.0.0.1:55062 - R:localhost/127.0.0.1:48259]' for 'POST' to 'http://localhost:48259/session/c2f8e5b2726708cce6bc5af1a5c3ed43/execute/sync'
20:19:32.809 [Forwarding getPageSource on session c2f8e5b2726708cce6bc5af1a5c3ed43 to remote] DEBUG org.asynchttpclient.netty.request.NettyRequestSender - Using open Channel [id: 0xed599a69, L:/127.0.0.1:55062 - R:localhost/127.0.0.1:48259] for POST '/session/c2f8e5b2726708cce6bc5af1a5c3ed43/execute/sync'
20:19:32.813 [AsyncHttpClient-1-8] DEBUG org.asynchttpclient.netty.handler.HttpHandler - 

Request DefaultHttpRequest(decodeResult: success, version: HTTP/1.1)
POST /session/c2f8e5b2726708cce6bc5af1a5c3ed43/execute/sync HTTP/1.1
User-Agent: selenium/4.8.1 (java windows)
Content-Length: 176
Content-Type: application/json; charset=utf-8
host: localhost:48259
accept: */*

Response DefaultHttpResponse(decodeResult: success, version: HTTP/1.1)
HTTP/1.1 200 OK
Content-Length: 22451
Content-Type: application/json; charset=utf-8
cache-control: no-cache

20:19:32.814 [AsyncHttpClient-1-8] DEBUG org.asynchttpclient.netty.channel.ChannelManager - Adding key: http://localhost:48259 for channel [id: 0xed599a69, L:/127.0.0.1:55062 - R:localhost/127.0.0.1:48259]
20:19:32.815 [Forwarding getCurrentUrl on session c2f8e5b2726708cce6bc5af1a5c3ed43 to remote] DEBUG org.asynchttpclient.netty.request.NettyRequestSender - Using pooled Channel '[id: 0xed599a69, L:/127.0.0.1:55062 - R:localhost/127.0.0.1:48259]' for 'GET' to 'http://localhost:48259/session/c2f8e5b2726708cce6bc5af1a5c3ed43/url'
20:19:32.815 [Forwarding getCurrentUrl on session c2f8e5b2726708cce6bc5af1a5c3ed43 to remote] DEBUG org.asynchttpclient.netty.request.NettyRequestSender - Using open Channel [id: 0xed599a69, L:/127.0.0.1:55062 - R:localhost/127.0.0.1:48259] for GET '/session/c2f8e5b2726708cce6bc5af1a5c3ed43/url'
20:19:32.819 [AsyncHttpClient-1-8] DEBUG org.asynchttpclient.netty.handler.HttpHandler - 

Request DefaultFullHttpRequest(decodeResult: success, version: HTTP/1.1, content: EmptyByteBufBE)
GET /session/c2f8e5b2726708cce6bc5af1a5c3ed43/url HTTP/1.1
User-Agent: selenium/4.8.1 (java windows)
Cache-Control: no-cache
Content-Type: application/json; charset=utf-8
host: localhost:48259
accept: */*

Response DefaultHttpResponse(decodeResult: success, version: HTTP/1.1)
HTTP/1.1 200 OK
Content-Length: 54
Content-Type: application/json; charset=utf-8
cache-control: no-cache

20:19:32.819 [AsyncHttpClient-1-8] DEBUG org.asynchttpclient.netty.channel.ChannelManager - Adding key: http://localhost:48259 for channel [id: 0xed599a69, L:/127.0.0.1:55062 - R:localhost/127.0.0.1:48259]
20:19:32.821 [main] DEBUG net.thucydides.core.steps.StepInterceptor - STARTING STEP: RegisterSteps.inputPasswordReg - inputPasswordReg
20:19:32.823 [Forwarding findElement on session c2f8e5b2726708cce6bc5af1a5c3ed43 to remote] DEBUG org.asynchttpclient.netty.request.NettyRequestSender - Using pooled Channel '[id: 0xed599a69, L:/127.0.0.1:55062 - R:localhost/127.0.0.1:48259]' for 'POST' to 'http://localhost:48259/session/c2f8e5b2726708cce6bc5af1a5c3ed43/element'
20:19:32.823 [Forwarding findElement on session c2f8e5b2726708cce6bc5af1a5c3ed43 to remote] DEBUG org.asynchttpclient.netty.request.NettyRequestSender - Using open Channel [id: 0xed599a69, L:/127.0.0.1:55062 - R:localhost/127.0.0.1:48259] for POST '/session/c2f8e5b2726708cce6bc5af1a5c3ed43/element'
20:19:32.830 [AsyncHttpClient-1-8] DEBUG org.asynchttpclient.netty.handler.HttpHandler - 

Request DefaultHttpRequest(decodeResult: success, version: HTTP/1.1)
POST /session/c2f8e5b2726708cce6bc5af1a5c3ed43/element HTTP/1.1
User-Agent: selenium/4.8.1 (java windows)
Content-Length: 55
Content-Type: application/json; charset=utf-8
host: localhost:48259
accept: */*

Response DefaultHttpResponse(decodeResult: success, version: HTTP/1.1)
HTTP/1.1 200 OK
Content-Length: 88
Content-Type: application/json; charset=utf-8
cache-control: no-cache

20:19:32.830 [AsyncHttpClient-1-8] DEBUG org.asynchttpclient.netty.channel.ChannelManager - Adding key: http://localhost:48259 for channel [id: 0xed599a69, L:/127.0.0.1:55062 - R:localhost/127.0.0.1:48259]
20:19:32.831 [Forwarding clearElement on session c2f8e5b2726708cce6bc5af1a5c3ed43 to remote] DEBUG org.asynchttpclient.netty.request.NettyRequestSender - Using pooled Channel '[id: 0xed599a69, L:/127.0.0.1:55062 - R:localhost/127.0.0.1:48259]' for 'POST' to 'http://localhost:48259/session/c2f8e5b2726708cce6bc5af1a5c3ed43/element/b77fd764-8fad-42b8-8201-146b6c706f72/clear'
20:19:32.831 [Forwarding clearElement on session c2f8e5b2726708cce6bc5af1a5c3ed43 to remote] DEBUG org.asynchttpclient.netty.request.NettyRequestSender - Using open Channel [id: 0xed599a69, L:/127.0.0.1:55062 - R:localhost/127.0.0.1:48259] for POST '/session/c2f8e5b2726708cce6bc5af1a5c3ed43/element/b77fd764-8fad-42b8-8201-146b6c706f72/clear'
20:19:32.856 [AsyncHttpClient-1-8] DEBUG org.asynchttpclient.netty.handler.HttpHandler - 

Request DefaultHttpRequest(decodeResult: success, version: HTTP/1.1)
POST /session/c2f8e5b2726708cce6bc5af1a5c3ed43/element/b77fd764-8fad-42b8-8201-146b6c706f72/clear HTTP/1.1
User-Agent: selenium/4.8.1 (java windows)
Content-Length: 50
Content-Type: application/json; charset=utf-8
host: localhost:48259
accept: */*

Response DefaultHttpResponse(decodeResult: success, version: HTTP/1.1)
HTTP/1.1 200 OK
Content-Length: 14
Content-Type: application/json; charset=utf-8
cache-control: no-cache

20:19:32.856 [AsyncHttpClient-1-8] DEBUG org.asynchttpclient.netty.channel.ChannelManager - Adding key: http://localhost:48259 for channel [id: 0xed599a69, L:/127.0.0.1:55062 - R:localhost/127.0.0.1:48259]
20:19:32.857 [Forwarding sendKeysToElement on session c2f8e5b2726708cce6bc5af1a5c3ed43 to remote] DEBUG org.asynchttpclient.netty.request.NettyRequestSender - Using pooled Channel '[id: 0xed599a69, L:/127.0.0.1:55062 - R:localhost/127.0.0.1:48259]' for 'POST' to 'http://localhost:48259/session/c2f8e5b2726708cce6bc5af1a5c3ed43/element/b77fd764-8fad-42b8-8201-146b6c706f72/value'
20:19:32.857 [Forwarding sendKeysToElement on session c2f8e5b2726708cce6bc5af1a5c3ed43 to remote] DEBUG org.asynchttpclient.netty.request.NettyRequestSender - Using open Channel [id: 0xed599a69, L:/127.0.0.1:55062 - R:localhost/127.0.0.1:48259] for POST '/session/c2f8e5b2726708cce6bc5af1a5c3ed43/element/b77fd764-8fad-42b8-8201-146b6c706f72/value'
20:19:32.860 [AsyncHttpClient-1-1] DEBUG org.asynchttpclient.netty.channel.DefaultChannelPool - Entry count for : http://localhost:55063 : 1
20:19:32.956 [AsyncHttpClient-1-8] DEBUG org.asynchttpclient.netty.handler.HttpHandler - 

Request DefaultHttpRequest(decodeResult: success, version: HTTP/1.1)
POST /session/c2f8e5b2726708cce6bc5af1a5c3ed43/element/b77fd764-8fad-42b8-8201-146b6c706f72/value HTTP/1.1
User-Agent: selenium/4.8.1 (java windows)
Content-Length: 101
Content-Type: application/json; charset=utf-8
host: localhost:48259
accept: */*

Response DefaultHttpResponse(decodeResult: success, version: HTTP/1.1)
HTTP/1.1 200 OK
Content-Length: 14
Content-Type: application/json; charset=utf-8
cache-control: no-cache

20:19:32.956 [AsyncHttpClient-1-8] DEBUG org.asynchttpclient.netty.channel.ChannelManager - Adding key: http://localhost:48259 for channel [id: 0xed599a69, L:/127.0.0.1:55062 - R:localhost/127.0.0.1:48259]
20:19:32.963 [Forwarding getAlertText on session c2f8e5b2726708cce6bc5af1a5c3ed43 to remote] DEBUG org.asynchttpclient.netty.request.NettyRequestSender - Using pooled Channel '[id: 0xed599a69, L:/127.0.0.1:55062 - R:localhost/127.0.0.1:48259]' for 'GET' to 'http://localhost:48259/session/c2f8e5b2726708cce6bc5af1a5c3ed43/alert/text'
20:19:32.963 [Forwarding getAlertText on session c2f8e5b2726708cce6bc5af1a5c3ed43 to remote] DEBUG org.asynchttpclient.netty.request.NettyRequestSender - Using open Channel [id: 0xed599a69, L:/127.0.0.1:55062 - R:localhost/127.0.0.1:48259] for GET '/session/c2f8e5b2726708cce6bc5af1a5c3ed43/alert/text'
20:19:32.968 [AsyncHttpClient-1-8] DEBUG org.asynchttpclient.netty.handler.HttpHandler - 

Request DefaultFullHttpRequest(decodeResult: success, version: HTTP/1.1, content: EmptyByteBufBE)
GET /session/c2f8e5b2726708cce6bc5af1a5c3ed43/alert/text HTTP/1.1
User-Agent: selenium/4.8.1 (java windows)
Cache-Control: no-cache
Content-Type: application/json; charset=utf-8
host: localhost:48259
accept: */*

Response DefaultHttpResponse(decodeResult: success, version: HTTP/1.1)
HTTP/1.1 404 Not Found
Content-Length: 836
Content-Type: application/json; charset=utf-8
cache-control: no-cache

20:19:32.968 [AsyncHttpClient-1-8] DEBUG org.asynchttpclient.netty.channel.ChannelManager - Adding key: http://localhost:48259 for channel [id: 0xed599a69, L:/127.0.0.1:55062 - R:localhost/127.0.0.1:48259]
20:19:32.970 [Forwarding getCurrentUrl on session c2f8e5b2726708cce6bc5af1a5c3ed43 to remote] DEBUG org.asynchttpclient.netty.request.NettyRequestSender - Using pooled Channel '[id: 0xed599a69, L:/127.0.0.1:55062 - R:localhost/127.0.0.1:48259]' for 'GET' to 'http://localhost:48259/session/c2f8e5b2726708cce6bc5af1a5c3ed43/url'
20:19:32.970 [Forwarding getCurrentUrl on session c2f8e5b2726708cce6bc5af1a5c3ed43 to remote] DEBUG org.asynchttpclient.netty.request.NettyRequestSender - Using open Channel [id: 0xed599a69, L:/127.0.0.1:55062 - R:localhost/127.0.0.1:48259] for GET '/session/c2f8e5b2726708cce6bc5af1a5c3ed43/url'
20:19:32.974 [AsyncHttpClient-1-8] DEBUG org.asynchttpclient.netty.handler.HttpHandler - 

Request DefaultFullHttpRequest(decodeResult: success, version: HTTP/1.1, content: EmptyByteBufBE)
GET /session/c2f8e5b2726708cce6bc5af1a5c3ed43/url HTTP/1.1
User-Agent: selenium/4.8.1 (java windows)
Cache-Control: no-cache
Content-Type: application/json; charset=utf-8
host: localhost:48259
accept: */*

Response DefaultHttpResponse(decodeResult: success, version: HTTP/1.1)
HTTP/1.1 200 OK
Content-Length: 54
Content-Type: application/json; charset=utf-8
cache-control: no-cache

20:19:32.974 [AsyncHttpClient-1-8] DEBUG org.asynchttpclient.netty.channel.ChannelManager - Adding key: http://localhost:48259 for channel [id: 0xed599a69, L:/127.0.0.1:55062 - R:localhost/127.0.0.1:48259]
20:19:32.976 [Forwarding screenshot on session c2f8e5b2726708cce6bc5af1a5c3ed43 to remote] DEBUG org.asynchttpclient.netty.request.NettyRequestSender - Using pooled Channel '[id: 0xed599a69, L:/127.0.0.1:55062 - R:localhost/127.0.0.1:48259]' for 'GET' to 'http://localhost:48259/session/c2f8e5b2726708cce6bc5af1a5c3ed43/screenshot'
20:19:32.976 [Forwarding screenshot on session c2f8e5b2726708cce6bc5af1a5c3ed43 to remote] DEBUG org.asynchttpclient.netty.request.NettyRequestSender - Using open Channel [id: 0xed599a69, L:/127.0.0.1:55062 - R:localhost/127.0.0.1:48259] for GET '/session/c2f8e5b2726708cce6bc5af1a5c3ed43/screenshot'
20:19:33.073 [AsyncHttpClient-1-8] DEBUG org.asynchttpclient.netty.handler.HttpHandler - 

Request DefaultFullHttpRequest(decodeResult: success, version: HTTP/1.1, content: EmptyByteBufBE)
GET /session/c2f8e5b2726708cce6bc5af1a5c3ed43/screenshot HTTP/1.1
User-Agent: selenium/4.8.1 (java windows)
Cache-Control: no-cache
Content-Type: application/json; charset=utf-8
host: localhost:48259
accept: */*

Response DefaultHttpResponse(decodeResult: success, version: HTTP/1.1)
HTTP/1.1 200 OK
Content-Length: 29760
Content-Type: application/json; charset=utf-8
cache-control: no-cache

20:19:33.073 [AsyncHttpClient-1-8] DEBUG org.asynchttpclient.netty.channel.ChannelManager - Adding key: http://localhost:48259 for channel [id: 0xed599a69, L:/127.0.0.1:55062 - R:localhost/127.0.0.1:48259]
20:19:33.075 [main] DEBUG net.serenitybdd.core.photography.Darkroom - Send negative for processing for target\site\serenity\fe46a3ef2e36c92dd1b917dd0e1baea7b8e53baa0ec6020f4b2b608c4ca54e88.png
20:19:33.075 [main] DEBUG net.thucydides.core.steps.StepInterceptor - STEP DONE: inputPasswordReg
  &amp#27;[32mAnd &amp#27;[0m&amp#27;[32mI input correct password for register&amp#27;[0m &amp#27;[90m# starter.stepdefinitions.RegisterSteps.inputPasswordReg()&amp#27;[0m
20:19:33.075 [Darkroom Processing Line] DEBUG net.serenitybdd.core.photography.DarkroomProcessingLine - Processing screenshot image in /var/screenshots/screenshot-14551748745032376926
20:19:33.076 [Darkroom Processing Line] DEBUG net.serenitybdd.core.photography.DarkroomProcessingLine - Saving screenshot to target\site\serenity\fe46a3ef2e36c92dd1b917dd0e1baea7b8e53baa0ec6020f4b2b608c4ca54e88.png
20:19:33.081 [Forwarding getPageSource on session c2f8e5b2726708cce6bc5af1a5c3ed43 to remote] DEBUG org.asynchttpclient.netty.request.NettyRequestSender - Using pooled Channel '[id: 0xed599a69, L:/127.0.0.1:55062 - R:localhost/127.0.0.1:48259]' for 'POST' to 'http://localhost:48259/session/c2f8e5b2726708cce6bc5af1a5c3ed43/execute/sync'
20:19:33.081 [Forwarding getPageSource on session c2f8e5b2726708cce6bc5af1a5c3ed43 to remote] DEBUG org.asynchttpclient.netty.request.NettyRequestSender - Using open Channel [id: 0xed599a69, L:/127.0.0.1:55062 - R:localhost/127.0.0.1:48259] for POST '/session/c2f8e5b2726708cce6bc5af1a5c3ed43/execute/sync'
20:19:33.086 [AsyncHttpClient-1-8] DEBUG org.asynchttpclient.netty.handler.HttpHandler - 

Request DefaultHttpRequest(decodeResult: success, version: HTTP/1.1)
POST /session/c2f8e5b2726708cce6bc5af1a5c3ed43/execute/sync HTTP/1.1
User-Agent: selenium/4.8.1 (java windows)
Content-Length: 176
Content-Type: application/json; charset=utf-8
host: localhost:48259
accept: */*

Response DefaultHttpResponse(decodeResult: success, version: HTTP/1.1)
HTTP/1.1 200 OK
Content-Length: 22494
Content-Type: application/json; charset=utf-8
cache-control: no-cache

20:19:33.086 [AsyncHttpClient-1-8] DEBUG org.asynchttpclient.netty.channel.ChannelManager - Adding key: http://localhost:48259 for channel [id: 0xed599a69, L:/127.0.0.1:55062 - R:localhost/127.0.0.1:48259]
20:19:33.088 [Forwarding getCurrentUrl on session c2f8e5b2726708cce6bc5af1a5c3ed43 to remote] DEBUG org.asynchttpclient.netty.request.NettyRequestSender - Using pooled Channel '[id: 0xed599a69, L:/127.0.0.1:55062 - R:localhost/127.0.0.1:48259]' for 'GET' to 'http://localhost:48259/session/c2f8e5b2726708cce6bc5af1a5c3ed43/url'
20:19:33.088 [Forwarding getCurrentUrl on session c2f8e5b2726708cce6bc5af1a5c3ed43 to remote] DEBUG org.asynchttpclient.netty.request.NettyRequestSender - Using open Channel [id: 0xed599a69, L:/127.0.0.1:55062 - R:localhost/127.0.0.1:48259] for GET '/session/c2f8e5b2726708cce6bc5af1a5c3ed43/url'
20:19:33.092 [AsyncHttpClient-1-8] DEBUG org.asynchttpclient.netty.handler.HttpHandler - 

Request DefaultFullHttpRequest(decodeResult: success, version: HTTP/1.1, content: EmptyByteBufBE)
GET /session/c2f8e5b2726708cce6bc5af1a5c3ed43/url HTTP/1.1
User-Agent: selenium/4.8.1 (java windows)
Cache-Control: no-cache
Content-Type: application/json; charset=utf-8
host: localhost:48259
accept: */*

Response DefaultHttpResponse(decodeResult: success, version: HTTP/1.1)
HTTP/1.1 200 OK
Content-Length: 54
Content-Type: application/json; charset=utf-8
cache-control: no-cache

20:19:33.092 [AsyncHttpClient-1-8] DEBUG org.asynchttpclient.netty.channel.ChannelManager - Adding key: http://localhost:48259 for channel [id: 0xed599a69, L:/127.0.0.1:55062 - R:localhost/127.0.0.1:48259]
20:19:33.098 [Forwarding getPageSource on session c2f8e5b2726708cce6bc5af1a5c3ed43 to remote] DEBUG org.asynchttpclient.netty.request.NettyRequestSender - Using pooled Channel '[id: 0xed599a69, L:/127.0.0.1:55062 - R:localhost/127.0.0.1:48259]' for 'POST' to 'http://localhost:48259/session/c2f8e5b2726708cce6bc5af1a5c3ed43/execute/sync'
20:19:33.098 [Forwarding getPageSource on session c2f8e5b2726708cce6bc5af1a5c3ed43 to remote] DEBUG org.asynchttpclient.netty.request.NettyRequestSender - Using open Channel [id: 0xed599a69, L:/127.0.0.1:55062 - R:localhost/127.0.0.1:48259] for POST '/session/c2f8e5b2726708cce6bc5af1a5c3ed43/execute/sync'
20:19:33.101 [AsyncHttpClient-1-8] DEBUG org.asynchttpclient.netty.handler.HttpHandler - 

Request DefaultHttpRequest(decodeResult: success, version: HTTP/1.1)
POST /session/c2f8e5b2726708cce6bc5af1a5c3ed43/execute/sync HTTP/1.1
User-Agent: selenium/4.8.1 (java windows)
Content-Length: 176
Content-Type: application/json; charset=utf-8
host: localhost:48259
accept: */*

Response DefaultHttpResponse(decodeResult: success, version: HTTP/1.1)
HTTP/1.1 200 OK
Content-Length: 22494
Content-Type: application/json; charset=utf-8
cache-control: no-cache

20:19:33.101 [AsyncHttpClient-1-8] DEBUG org.asynchttpclient.netty.channel.ChannelManager - Adding key: http://localhost:48259 for channel [id: 0xed599a69, L:/127.0.0.1:55062 - R:localhost/127.0.0.1:48259]
20:19:33.103 [Forwarding getCurrentUrl on session c2f8e5b2726708cce6bc5af1a5c3ed43 to remote] DEBUG org.asynchttpclient.netty.request.NettyRequestSender - Using pooled Channel '[id: 0xed599a69, L:/127.0.0.1:55062 - R:localhost/127.0.0.1:48259]' for 'GET' to 'http://localhost:48259/session/c2f8e5b2726708cce6bc5af1a5c3ed43/url'
20:19:33.103 [Forwarding getCurrentUrl on session c2f8e5b2726708cce6bc5af1a5c3ed43 to remote] DEBUG org.asynchttpclient.netty.request.NettyRequestSender - Using open Channel [id: 0xed599a69, L:/127.0.0.1:55062 - R:localhost/127.0.0.1:48259] for GET '/session/c2f8e5b2726708cce6bc5af1a5c3ed43/url'
20:19:33.106 [AsyncHttpClient-1-8] DEBUG org.asynchttpclient.netty.handler.HttpHandler - 

Request DefaultFullHttpRequest(decodeResult: success, version: HTTP/1.1, content: EmptyByteBufBE)
GET /session/c2f8e5b2726708cce6bc5af1a5c3ed43/url HTTP/1.1
User-Agent: selenium/4.8.1 (java windows)
Cache-Control: no-cache
Content-Type: application/json; charset=utf-8
host: localhost:48259
accept: */*

Response DefaultHttpResponse(decodeResult: success, version: HTTP/1.1)
HTTP/1.1 200 OK
Content-Length: 54
Content-Type: application/json; charset=utf-8
cache-control: no-cache

20:19:33.106 [AsyncHttpClient-1-8] DEBUG org.asynchttpclient.netty.channel.ChannelManager - Adding key: http://localhost:48259 for channel [id: 0xed599a69, L:/127.0.0.1:55062 - R:localhost/127.0.0.1:48259]
20:19:33.108 [main] DEBUG net.thucydides.core.steps.StepInterceptor - STARTING STEP: RegisterSteps.ClickRegisterButton - ClickRegisterButton
20:19:33.110 [Forwarding findElement on session c2f8e5b2726708cce6bc5af1a5c3ed43 to remote] DEBUG org.asynchttpclient.netty.request.NettyRequestSender - Using pooled Channel '[id: 0xed599a69, L:/127.0.0.1:55062 - R:localhost/127.0.0.1:48259]' for 'POST' to 'http://localhost:48259/session/c2f8e5b2726708cce6bc5af1a5c3ed43/element'
20:19:33.110 [Forwarding findElement on session c2f8e5b2726708cce6bc5af1a5c3ed43 to remote] DEBUG org.asynchttpclient.netty.request.NettyRequestSender - Using open Channel [id: 0xed599a69, L:/127.0.0.1:55062 - R:localhost/127.0.0.1:48259] for POST '/session/c2f8e5b2726708cce6bc5af1a5c3ed43/element'
20:19:33.118 [AsyncHttpClient-1-8] DEBUG org.asynchttpclient.netty.handler.HttpHandler - 

Request DefaultHttpRequest(decodeResult: success, version: HTTP/1.1)
POST /session/c2f8e5b2726708cce6bc5af1a5c3ed43/element HTTP/1.1
User-Agent: selenium/4.8.1 (java windows)
Content-Length: 71
Content-Type: application/json; charset=utf-8
host: localhost:48259
accept: */*

Response DefaultHttpResponse(decodeResult: success, version: HTTP/1.1)
HTTP/1.1 200 OK
Content-Length: 88
Content-Type: application/json; charset=utf-8
cache-control: no-cache

20:19:33.118 [AsyncHttpClient-1-8] DEBUG org.asynchttpclient.netty.channel.ChannelManager - Adding key: http://localhost:48259 for channel [id: 0xed599a69, L:/127.0.0.1:55062 - R:localhost/127.0.0.1:48259]
20:19:33.119 [Forwarding getElementTagName on session c2f8e5b2726708cce6bc5af1a5c3ed43 to remote] DEBUG org.asynchttpclient.netty.request.NettyRequestSender - Using pooled Channel '[id: 0xed599a69, L:/127.0.0.1:55062 - R:localhost/127.0.0.1:48259]' for 'GET' to 'http://localhost:48259/session/c2f8e5b2726708cce6bc5af1a5c3ed43/element/77550ff0-fe78-471c-bf34-43212beb4be9/name'
20:19:33.119 [Forwarding getElementTagName on session c2f8e5b2726708cce6bc5af1a5c3ed43 to remote] DEBUG org.asynchttpclient.netty.request.NettyRequestSender - Using open Channel [id: 0xed599a69, L:/127.0.0.1:55062 - R:localhost/127.0.0.1:48259] for GET '/session/c2f8e5b2726708cce6bc5af1a5c3ed43/element/77550ff0-fe78-471c-bf34-43212beb4be9/name'
20:19:33.123 [AsyncHttpClient-1-8] DEBUG org.asynchttpclient.netty.handler.HttpHandler - 

Request DefaultFullHttpRequest(decodeResult: success, version: HTTP/1.1, content: EmptyByteBufBE)
GET /session/c2f8e5b2726708cce6bc5af1a5c3ed43/element/77550ff0-fe78-471c-bf34-43212beb4be9/name HTTP/1.1
User-Agent: selenium/4.8.1 (java windows)
Cache-Control: no-cache
Content-Type: application/json; charset=utf-8
host: localhost:48259
accept: */*

Response DefaultHttpResponse(decodeResult: success, version: HTTP/1.1)
HTTP/1.1 200 OK
Content-Length: 18
Content-Type: application/json; charset=utf-8
cache-control: no-cache

20:19:33.123 [AsyncHttpClient-1-8] DEBUG org.asynchttpclient.netty.channel.ChannelManager - Adding key: http://localhost:48259 for channel [id: 0xed599a69, L:/127.0.0.1:55062 - R:localhost/127.0.0.1:48259]
20:19:33.124 [Forwarding getElementTagName on session c2f8e5b2726708cce6bc5af1a5c3ed43 to remote] DEBUG org.asynchttpclient.netty.request.NettyRequestSender - Using pooled Channel '[id: 0xed599a69, L:/127.0.0.1:55062 - R:localhost/127.0.0.1:48259]' for 'GET' to 'http://localhost:48259/session/c2f8e5b2726708cce6bc5af1a5c3ed43/element/77550ff0-fe78-471c-bf34-43212beb4be9/name'
20:19:33.124 [Forwarding getElementTagName on session c2f8e5b2726708cce6bc5af1a5c3ed43 to remote] DEBUG org.asynchttpclient.netty.request.NettyRequestSender - Using open Channel [id: 0xed599a69, L:/127.0.0.1:55062 - R:localhost/127.0.0.1:48259] for GET '/session/c2f8e5b2726708cce6bc5af1a5c3ed43/element/77550ff0-fe78-471c-bf34-43212beb4be9/name'
20:19:33.126 [AsyncHttpClient-1-8] DEBUG org.asynchttpclient.netty.handler.HttpHandler - 

Request DefaultFullHttpRequest(decodeResult: success, version: HTTP/1.1, content: EmptyByteBufBE)
GET /session/c2f8e5b2726708cce6bc5af1a5c3ed43/element/77550ff0-fe78-471c-bf34-43212beb4be9/name HTTP/1.1
User-Agent: selenium/4.8.1 (java windows)
Cache-Control: no-cache
Content-Type: application/json; charset=utf-8
host: localhost:48259
accept: */*

Response DefaultHttpResponse(decodeResult: success, version: HTTP/1.1)
HTTP/1.1 200 OK
Content-Length: 18
Content-Type: application/json; charset=utf-8
cache-control: no-cache

20:19:33.126 [AsyncHttpClient-1-8] DEBUG org.asynchttpclient.netty.channel.ChannelManager - Adding key: http://localhost:48259 for channel [id: 0xed599a69, L:/127.0.0.1:55062 - R:localhost/127.0.0.1:48259]
20:19:33.128 [Forwarding isElementEnabled on session c2f8e5b2726708cce6bc5af1a5c3ed43 to remote] DEBUG org.asynchttpclient.netty.request.NettyRequestSender - Using pooled Channel '[id: 0xed599a69, L:/127.0.0.1:55062 - R:localhost/127.0.0.1:48259]' for 'GET' to 'http://localhost:48259/session/c2f8e5b2726708cce6bc5af1a5c3ed43/element/77550ff0-fe78-471c-bf34-43212beb4be9/enabled'
20:19:33.128 [Forwarding isElementEnabled on session c2f8e5b2726708cce6bc5af1a5c3ed43 to remote] DEBUG org.asynchttpclient.netty.request.NettyRequestSender - Using open Channel [id: 0xed599a69, L:/127.0.0.1:55062 - R:localhost/127.0.0.1:48259] for GET '/session/c2f8e5b2726708cce6bc5af1a5c3ed43/element/77550ff0-fe78-471c-bf34-43212beb4be9/enabled'
20:19:33.134 [AsyncHttpClient-1-8] DEBUG org.asynchttpclient.netty.handler.HttpHandler - 

Request DefaultFullHttpRequest(decodeResult: success, version: HTTP/1.1, content: EmptyByteBufBE)
GET /session/c2f8e5b2726708cce6bc5af1a5c3ed43/element/77550ff0-fe78-471c-bf34-43212beb4be9/enabled HTTP/1.1
User-Agent: selenium/4.8.1 (java windows)
Cache-Control: no-cache
Content-Type: application/json; charset=utf-8
host: localhost:48259
accept: */*

Response DefaultHttpResponse(decodeResult: success, version: HTTP/1.1)
HTTP/1.1 200 OK
Content-Length: 14
Content-Type: application/json; charset=utf-8
cache-control: no-cache

20:19:33.134 [AsyncHttpClient-1-8] DEBUG org.asynchttpclient.netty.channel.ChannelManager - Adding key: http://localhost:48259 for channel [id: 0xed599a69, L:/127.0.0.1:55062 - R:localhost/127.0.0.1:48259]
20:19:33.136 [Forwarding isElementEnabled on session c2f8e5b2726708cce6bc5af1a5c3ed43 to remote] DEBUG org.asynchttpclient.netty.request.NettyRequestSender - Using pooled Channel '[id: 0xed599a69, L:/127.0.0.1:55062 - R:localhost/127.0.0.1:48259]' for 'GET' to 'http://localhost:48259/session/c2f8e5b2726708cce6bc5af1a5c3ed43/element/77550ff0-fe78-471c-bf34-43212beb4be9/enabled'
20:19:33.136 [Forwarding isElementEnabled on session c2f8e5b2726708cce6bc5af1a5c3ed43 to remote] DEBUG org.asynchttpclient.netty.request.NettyRequestSender - Using open Channel [id: 0xed599a69, L:/127.0.0.1:55062 - R:localhost/127.0.0.1:48259] for GET '/session/c2f8e5b2726708cce6bc5af1a5c3ed43/element/77550ff0-fe78-471c-bf34-43212beb4be9/enabled'
20:19:33.140 [AsyncHttpClient-1-8] DEBUG org.asynchttpclient.netty.handler.HttpHandler - 

Request DefaultFullHttpRequest(decodeResult: success, version: HTTP/1.1, content: EmptyByteBufBE)
GET /session/c2f8e5b2726708cce6bc5af1a5c3ed43/element/77550ff0-fe78-471c-bf34-43212beb4be9/enabled HTTP/1.1
User-Agent: selenium/4.8.1 (java windows)
Cache-Control: no-cache
Content-Type: application/json; charset=utf-8
host: localhost:48259
accept: */*

Response DefaultHttpResponse(decodeResult: success, version: HTTP/1.1)
HTTP/1.1 200 OK
Content-Length: 14
Content-Type: application/json; charset=utf-8
cache-control: no-cache

20:19:33.140 [AsyncHttpClient-1-8] DEBUG org.asynchttpclient.netty.channel.ChannelManager - Adding key: http://localhost:48259 for channel [id: 0xed599a69, L:/127.0.0.1:55062 - R:localhost/127.0.0.1:48259]
20:19:33.142 [Forwarding findElement on session c2f8e5b2726708cce6bc5af1a5c3ed43 to remote] DEBUG org.asynchttpclient.netty.request.NettyRequestSender - Using pooled Channel '[id: 0xed599a69, L:/127.0.0.1:55062 - R:localhost/127.0.0.1:48259]' for 'POST' to 'http://localhost:48259/session/c2f8e5b2726708cce6bc5af1a5c3ed43/element'
20:19:33.142 [Forwarding findElement on session c2f8e5b2726708cce6bc5af1a5c3ed43 to remote] DEBUG org.asynchttpclient.netty.request.NettyRequestSender - Using open Channel [id: 0xed599a69, L:/127.0.0.1:55062 - R:localhost/127.0.0.1:48259] for POST '/session/c2f8e5b2726708cce6bc5af1a5c3ed43/element'
20:19:33.147 [AsyncHttpClient-1-8] DEBUG org.asynchttpclient.netty.handler.HttpHandler - 

Request DefaultHttpRequest(decodeResult: success, version: HTTP/1.1)
POST /session/c2f8e5b2726708cce6bc5af1a5c3ed43/element HTTP/1.1
User-Agent: selenium/4.8.1 (java windows)
Content-Length: 71
Content-Type: application/json; charset=utf-8
host: localhost:48259
accept: */*

Response DefaultHttpResponse(decodeResult: success, version: HTTP/1.1)
HTTP/1.1 200 OK
Content-Length: 88
Content-Type: application/json; charset=utf-8
cache-control: no-cache

20:19:33.147 [AsyncHttpClient-1-8] DEBUG org.asynchttpclient.netty.channel.ChannelManager - Adding key: http://localhost:48259 for channel [id: 0xed599a69, L:/127.0.0.1:55062 - R:localhost/127.0.0.1:48259]
20:19:33.148 [Forwarding clickElement on session c2f8e5b2726708cce6bc5af1a5c3ed43 to remote] DEBUG org.asynchttpclient.netty.request.NettyRequestSender - Using pooled Channel '[id: 0xed599a69, L:/127.0.0.1:55062 - R:localhost/127.0.0.1:48259]' for 'POST' to 'http://localhost:48259/session/c2f8e5b2726708cce6bc5af1a5c3ed43/element/77550ff0-fe78-471c-bf34-43212beb4be9/click'
20:19:33.148 [Forwarding clickElement on session c2f8e5b2726708cce6bc5af1a5c3ed43 to remote] DEBUG org.asynchttpclient.netty.request.NettyRequestSender - Using open Channel [id: 0xed599a69, L:/127.0.0.1:55062 - R:localhost/127.0.0.1:48259] for POST '/session/c2f8e5b2726708cce6bc5af1a5c3ed43/element/77550ff0-fe78-471c-bf34-43212beb4be9/click'
20:19:33.183 [AsyncHttpClient-1-8] DEBUG org.asynchttpclient.netty.handler.HttpHandler - 

Request DefaultHttpRequest(decodeResult: success, version: HTTP/1.1)
POST /session/c2f8e5b2726708cce6bc5af1a5c3ed43/element/77550ff0-fe78-471c-bf34-43212beb4be9/click HTTP/1.1
User-Agent: selenium/4.8.1 (java windows)
Content-Length: 50
Content-Type: application/json; charset=utf-8
host: localhost:48259
accept: */*

Response DefaultHttpResponse(decodeResult: success, version: HTTP/1.1)
HTTP/1.1 200 OK
Content-Length: 14
Content-Type: application/json; charset=utf-8
cache-control: no-cache

20:19:33.183 [AsyncHttpClient-1-8] DEBUG org.asynchttpclient.netty.channel.ChannelManager - Adding key: http://localhost:48259 for channel [id: 0xed599a69, L:/127.0.0.1:55062 - R:localhost/127.0.0.1:48259]
20:19:33.191 [Forwarding getAlertText on session c2f8e5b2726708cce6bc5af1a5c3ed43 to remote] DEBUG org.asynchttpclient.netty.request.NettyRequestSender - Using pooled Channel '[id: 0xed599a69, L:/127.0.0.1:55062 - R:localhost/127.0.0.1:48259]' for 'GET' to 'http://localhost:48259/session/c2f8e5b2726708cce6bc5af1a5c3ed43/alert/text'
20:19:33.191 [Forwarding getAlertText on session c2f8e5b2726708cce6bc5af1a5c3ed43 to remote] DEBUG org.asynchttpclient.netty.request.NettyRequestSender - Using open Channel [id: 0xed599a69, L:/127.0.0.1:55062 - R:localhost/127.0.0.1:48259] for GET '/session/c2f8e5b2726708cce6bc5af1a5c3ed43/alert/text'
20:19:33.192 [AsyncHttpClient-1-8] DEBUG org.asynchttpclient.netty.handler.HttpHandler - 

Request DefaultFullHttpRequest(decodeResult: success, version: HTTP/1.1, content: EmptyByteBufBE)
GET /session/c2f8e5b2726708cce6bc5af1a5c3ed43/alert/text HTTP/1.1
User-Agent: selenium/4.8.1 (java windows)
Cache-Control: no-cache
Content-Type: application/json; charset=utf-8
host: localhost:48259
accept: */*

Response DefaultHttpResponse(decodeResult: success, version: HTTP/1.1)
HTTP/1.1 404 Not Found
Content-Length: 836
Content-Type: application/json; charset=utf-8
cache-control: no-cache

20:19:33.192 [AsyncHttpClient-1-8] DEBUG org.asynchttpclient.netty.channel.ChannelManager - Adding key: http://localhost:48259 for channel [id: 0xed599a69, L:/127.0.0.1:55062 - R:localhost/127.0.0.1:48259]
20:19:33.193 [Forwarding getCurrentUrl on session c2f8e5b2726708cce6bc5af1a5c3ed43 to remote] DEBUG org.asynchttpclient.netty.request.NettyRequestSender - Using pooled Channel '[id: 0xed599a69, L:/127.0.0.1:55062 - R:localhost/127.0.0.1:48259]' for 'GET' to 'http://localhost:48259/session/c2f8e5b2726708cce6bc5af1a5c3ed43/url'
20:19:33.194 [Forwarding getCurrentUrl on session c2f8e5b2726708cce6bc5af1a5c3ed43 to remote] DEBUG org.asynchttpclient.netty.request.NettyRequestSender - Using open Channel [id: 0xed599a69, L:/127.0.0.1:55062 - R:localhost/127.0.0.1:48259] for GET '/session/c2f8e5b2726708cce6bc5af1a5c3ed43/url'
20:19:33.201 [AsyncHttpClient-1-8] DEBUG org.asynchttpclient.netty.handler.HttpHandler - 

Request DefaultFullHttpRequest(decodeResult: success, version: HTTP/1.1, content: EmptyByteBufBE)
GET /session/c2f8e5b2726708cce6bc5af1a5c3ed43/url HTTP/1.1
User-Agent: selenium/4.8.1 (java windows)
Cache-Control: no-cache
Content-Type: application/json; charset=utf-8
host: localhost:48259
accept: */*

Response DefaultHttpResponse(decodeResult: success, version: HTTP/1.1)
HTTP/1.1 200 OK
Content-Length: 54
Content-Type: application/json; charset=utf-8
cache-control: no-cache

20:19:33.201 [AsyncHttpClient-1-8] DEBUG org.asynchttpclient.netty.channel.ChannelManager - Adding key: http://localhost:48259 for channel [id: 0xed599a69, L:/127.0.0.1:55062 - R:localhost/127.0.0.1:48259]
20:19:33.202 [Forwarding screenshot on session c2f8e5b2726708cce6bc5af1a5c3ed43 to remote] DEBUG org.asynchttpclient.netty.request.NettyRequestSender - Using pooled Channel '[id: 0xed599a69, L:/127.0.0.1:55062 - R:localhost/127.0.0.1:48259]' for 'GET' to 'http://localhost:48259/session/c2f8e5b2726708cce6bc5af1a5c3ed43/screenshot'
20:19:33.202 [Forwarding screenshot on session c2f8e5b2726708cce6bc5af1a5c3ed43 to remote] DEBUG org.asynchttpclient.netty.request.NettyRequestSender - Using open Channel [id: 0xed599a69, L:/127.0.0.1:55062 - R:localhost/127.0.0.1:48259] for GET '/session/c2f8e5b2726708cce6bc5af1a5c3ed43/screenshot'
20:19:33.313 [AsyncHttpClient-1-8] DEBUG org.asynchttpclient.netty.handler.HttpHandler - 

Request DefaultFullHttpRequest(decodeResult: success, version: HTTP/1.1, content: EmptyByteBufBE)
GET /session/c2f8e5b2726708cce6bc5af1a5c3ed43/screenshot HTTP/1.1
User-Agent: selenium/4.8.1 (java windows)
Cache-Control: no-cache
Content-Type: application/json; charset=utf-8
host: localhost:48259
accept: */*

Response DefaultHttpResponse(decodeResult: success, version: HTTP/1.1)
HTTP/1.1 200 OK
Content-Length: 28836
Content-Type: application/json; charset=utf-8
cache-control: no-cache

20:19:33.313 [AsyncHttpClient-1-8] DEBUG org.asynchttpclient.netty.channel.ChannelManager - Adding key: http://localhost:48259 for channel [id: 0xed599a69, L:/127.0.0.1:55062 - R:localhost/127.0.0.1:48259]
20:19:33.314 [main] DEBUG net.serenitybdd.core.photography.Darkroom - Send negative for processing for target\site\serenity\4d2ae8bcac558503d27caca58781bddf14992a959fb898f6ce08beceaf1d4172.png
20:19:33.314 [main] DEBUG net.thucydides.core.steps.StepInterceptor - STEP DONE: ClickRegisterButton
  &amp#27;[32mWhen &amp#27;[0m&amp#27;[32mI click on the register button&amp#27;[0m       &amp#27;[90m# starter.stepdefinitions.RegisterSteps.ClickRegisterButton()&amp#27;[0m
20:19:33.314 [Darkroom Processing Line] DEBUG net.serenitybdd.core.photography.DarkroomProcessingLine - Processing screenshot image in /var/screenshots/screenshot-2592562707501840304
20:19:33.314 [Darkroom Processing Line] DEBUG net.serenitybdd.core.photography.DarkroomProcessingLine - Saving screenshot to target\site\serenity\4d2ae8bcac558503d27caca58781bddf14992a959fb898f6ce08beceaf1d4172.png
20:19:33.322 [Forwarding getPageSource on session c2f8e5b2726708cce6bc5af1a5c3ed43 to remote] DEBUG org.asynchttpclient.netty.request.NettyRequestSender - Using pooled Channel '[id: 0xed599a69, L:/127.0.0.1:55062 - R:localhost/127.0.0.1:48259]' for 'POST' to 'http://localhost:48259/session/c2f8e5b2726708cce6bc5af1a5c3ed43/execute/sync'
20:19:33.322 [Forwarding getPageSource on session c2f8e5b2726708cce6bc5af1a5c3ed43 to remote] DEBUG org.asynchttpclient.netty.request.NettyRequestSender - Using open Channel [id: 0xed599a69, L:/127.0.0.1:55062 - R:localhost/127.0.0.1:48259] for POST '/session/c2f8e5b2726708cce6bc5af1a5c3ed43/execute/sync'
20:19:33.327 [AsyncHttpClient-1-8] DEBUG org.asynchttpclient.netty.handler.HttpHandler - 

Request DefaultHttpRequest(decodeResult: success, version: HTTP/1.1)
POST /session/c2f8e5b2726708cce6bc5af1a5c3ed43/execute/sync HTTP/1.1
User-Agent: selenium/4.8.1 (java windows)
Content-Length: 176
Content-Type: application/json; charset=utf-8
host: localhost:48259
accept: */*

Response DefaultHttpResponse(decodeResult: success, version: HTTP/1.1)
HTTP/1.1 200 OK
Content-Length: 22773
Content-Type: application/json; charset=utf-8
cache-control: no-cache

20:19:33.327 [AsyncHttpClient-1-8] DEBUG org.asynchttpclient.netty.channel.ChannelManager - Adding key: http://localhost:48259 for channel [id: 0xed599a69, L:/127.0.0.1:55062 - R:localhost/127.0.0.1:48259]
20:19:33.329 [Forwarding getCurrentUrl on session c2f8e5b2726708cce6bc5af1a5c3ed43 to remote] DEBUG org.asynchttpclient.netty.request.NettyRequestSender - Using pooled Channel '[id: 0xed599a69, L:/127.0.0.1:55062 - R:localhost/127.0.0.1:48259]' for 'GET' to 'http://localhost:48259/session/c2f8e5b2726708cce6bc5af1a5c3ed43/url'
20:19:33.329 [Forwarding getCurrentUrl on session c2f8e5b2726708cce6bc5af1a5c3ed43 to remote] DEBUG org.asynchttpclient.netty.request.NettyRequestSender - Using open Channel [id: 0xed599a69, L:/127.0.0.1:55062 - R:localhost/127.0.0.1:48259] for GET '/session/c2f8e5b2726708cce6bc5af1a5c3ed43/url'
20:19:33.333 [AsyncHttpClient-1-8] DEBUG org.asynchttpclient.netty.handler.HttpHandler - 

Request DefaultFullHttpRequest(decodeResult: success, version: HTTP/1.1, content: EmptyByteBufBE)
GET /session/c2f8e5b2726708cce6bc5af1a5c3ed43/url HTTP/1.1
User-Agent: selenium/4.8.1 (java windows)
Cache-Control: no-cache
Content-Type: application/json; charset=utf-8
host: localhost:48259
accept: */*

Response DefaultHttpResponse(decodeResult: success, version: HTTP/1.1)
HTTP/1.1 200 OK
Content-Length: 54
Content-Type: application/json; charset=utf-8
cache-control: no-cache

20:19:33.333 [AsyncHttpClient-1-8] DEBUG org.asynchttpclient.netty.channel.ChannelManager - Adding key: http://localhost:48259 for channel [id: 0xed599a69, L:/127.0.0.1:55062 - R:localhost/127.0.0.1:48259]
20:19:33.342 [Forwarding getPageSource on session c2f8e5b2726708cce6bc5af1a5c3ed43 to remote] DEBUG org.asynchttpclient.netty.request.NettyRequestSender - Using pooled Channel '[id: 0xed599a69, L:/127.0.0.1:55062 - R:localhost/127.0.0.1:48259]' for 'POST' to 'http://localhost:48259/session/c2f8e5b2726708cce6bc5af1a5c3ed43/execute/sync'
20:19:33.342 [Forwarding getPageSource on session c2f8e5b2726708cce6bc5af1a5c3ed43 to remote] DEBUG org.asynchttpclient.netty.request.NettyRequestSender - Using open Channel [id: 0xed599a69, L:/127.0.0.1:55062 - R:localhost/127.0.0.1:48259] for POST '/session/c2f8e5b2726708cce6bc5af1a5c3ed43/execute/sync'
20:19:33.346 [AsyncHttpClient-1-8] DEBUG org.asynchttpclient.netty.handler.HttpHandler - 

Request DefaultHttpRequest(decodeResult: success, version: HTTP/1.1)
POST /session/c2f8e5b2726708cce6bc5af1a5c3ed43/execute/sync HTTP/1.1
User-Agent: selenium/4.8.1 (java windows)
Content-Length: 176
Content-Type: application/json; charset=utf-8
host: localhost:48259
accept: */*

Response DefaultHttpResponse(decodeResult: success, version: HTTP/1.1)
HTTP/1.1 200 OK
Content-Length: 22773
Content-Type: application/json; charset=utf-8
cache-control: no-cache

20:19:33.347 [AsyncHttpClient-1-8] DEBUG org.asynchttpclient.netty.channel.ChannelManager - Adding key: http://localhost:48259 for channel [id: 0xed599a69, L:/127.0.0.1:55062 - R:localhost/127.0.0.1:48259]
20:19:33.349 [Forwarding getCurrentUrl on session c2f8e5b2726708cce6bc5af1a5c3ed43 to remote] DEBUG org.asynchttpclient.netty.request.NettyRequestSender - Using pooled Channel '[id: 0xed599a69, L:/127.0.0.1:55062 - R:localhost/127.0.0.1:48259]' for 'GET' to 'http://localhost:48259/session/c2f8e5b2726708cce6bc5af1a5c3ed43/url'
20:19:33.349 [Forwarding getCurrentUrl on session c2f8e5b2726708cce6bc5af1a5c3ed43 to remote] DEBUG org.asynchttpclient.netty.request.NettyRequestSender - Using open Channel [id: 0xed599a69, L:/127.0.0.1:55062 - R:localhost/127.0.0.1:48259] for GET '/session/c2f8e5b2726708cce6bc5af1a5c3ed43/url'
20:19:33.353 [AsyncHttpClient-1-8] DEBUG org.asynchttpclient.netty.handler.HttpHandler - 

Request DefaultFullHttpRequest(decodeResult: success, version: HTTP/1.1, content: EmptyByteBufBE)
GET /session/c2f8e5b2726708cce6bc5af1a5c3ed43/url HTTP/1.1
User-Agent: selenium/4.8.1 (java windows)
Cache-Control: no-cache
Content-Type: application/json; charset=utf-8
host: localhost:48259
accept: */*

Response DefaultHttpResponse(decodeResult: success, version: HTTP/1.1)
HTTP/1.1 200 OK
Content-Length: 54
Content-Type: application/json; charset=utf-8
cache-control: no-cache

20:19:33.354 [AsyncHttpClient-1-8] DEBUG org.asynchttpclient.netty.channel.ChannelManager - Adding key: http://localhost:48259 for channel [id: 0xed599a69, L:/127.0.0.1:55062 - R:localhost/127.0.0.1:48259]
20:19:33.356 [main] DEBUG net.thucydides.core.steps.StepInterceptor - STARTING STEP: LoginSteps.alertContent - incorrectAlert
20:19:33.357 [Forwarding findElement on session c2f8e5b2726708cce6bc5af1a5c3ed43 to remote] DEBUG org.asynchttpclient.netty.request.NettyRequestSender - Using pooled Channel '[id: 0xed599a69, L:/127.0.0.1:55062 - R:localhost/127.0.0.1:48259]' for 'POST' to 'http://localhost:48259/session/c2f8e5b2726708cce6bc5af1a5c3ed43/element'
20:19:33.357 [Forwarding findElement on session c2f8e5b2726708cce6bc5af1a5c3ed43 to remote] DEBUG org.asynchttpclient.netty.request.NettyRequestSender - Using open Channel [id: 0xed599a69, L:/127.0.0.1:55062 - R:localhost/127.0.0.1:48259] for POST '/session/c2f8e5b2726708cce6bc5af1a5c3ed43/element'
20:19:33.621 [AsyncHttpClient-1-8] DEBUG org.asynchttpclient.netty.handler.HttpHandler - 

Request DefaultHttpRequest(decodeResult: success, version: HTTP/1.1)
POST /session/c2f8e5b2726708cce6bc5af1a5c3ed43/element HTTP/1.1
User-Agent: selenium/4.8.1 (java windows)
Content-Length: 54
Content-Type: application/json; charset=utf-8
host: localhost:48259
accept: */*

Response DefaultHttpResponse(decodeResult: success, version: HTTP/1.1)
HTTP/1.1 200 OK
Content-Length: 88
Content-Type: application/json; charset=utf-8
cache-control: no-cache

20:19:33.621 [AsyncHttpClient-1-8] DEBUG org.asynchttpclient.netty.channel.ChannelManager - Adding key: http://localhost:48259 for channel [id: 0xed599a69, L:/127.0.0.1:55062 - R:localhost/127.0.0.1:48259]
20:19:33.624 [Forwarding isElementDisplayed on session c2f8e5b2726708cce6bc5af1a5c3ed43 to remote] DEBUG org.asynchttpclient.netty.request.NettyRequestSender - Using pooled Channel '[id: 0xed599a69, L:/127.0.0.1:55062 - R:localhost/127.0.0.1:48259]' for 'POST' to 'http://localhost:48259/session/c2f8e5b2726708cce6bc5af1a5c3ed43/execute/sync'
20:19:33.625 [Forwarding isElementDisplayed on session c2f8e5b2726708cce6bc5af1a5c3ed43 to remote] DEBUG org.asynchttpclient.netty.request.NettyRequestSender - Using open Channel [id: 0xed599a69, L:/127.0.0.1:55062 - R:localhost/127.0.0.1:48259] for POST '/session/c2f8e5b2726708cce6bc5af1a5c3ed43/execute/sync'
20:19:33.635 [AsyncHttpClient-1-8] DEBUG org.asynchttpclient.netty.handler.HttpHandler - 

Request DefaultHttpRequest(decodeResult: success, version: HTTP/1.1)
POST /session/c2f8e5b2726708cce6bc5af1a5c3ed43/execute/sync HTTP/1.1
User-Agent: selenium/4.8.1 (java windows)
Content-Length: 48807
Content-Type: application/json; charset=utf-8
host: localhost:48259
accept: */*

Response DefaultHttpResponse(decodeResult: success, version: HTTP/1.1)
HTTP/1.1 200 OK
Content-Length: 14
Content-Type: application/json; charset=utf-8
cache-control: no-cache

20:19:33.636 [AsyncHttpClient-1-8] DEBUG org.asynchttpclient.netty.channel.ChannelManager - Adding key: http://localhost:48259 for channel [id: 0xed599a69, L:/127.0.0.1:55062 - R:localhost/127.0.0.1:48259]
20:19:33.639 [Forwarding getAlertText on session c2f8e5b2726708cce6bc5af1a5c3ed43 to remote] DEBUG org.asynchttpclient.netty.request.NettyRequestSender - Using pooled Channel '[id: 0xed599a69, L:/127.0.0.1:55062 - R:localhost/127.0.0.1:48259]' for 'GET' to 'http://localhost:48259/session/c2f8e5b2726708cce6bc5af1a5c3ed43/alert/text'
20:19:33.639 [Forwarding getAlertText on session c2f8e5b2726708cce6bc5af1a5c3ed43 to remote] DEBUG org.asynchttpclient.netty.request.NettyRequestSender - Using open Channel [id: 0xed599a69, L:/127.0.0.1:55062 - R:localhost/127.0.0.1:48259] for GET '/session/c2f8e5b2726708cce6bc5af1a5c3ed43/alert/text'
20:19:33.640 [AsyncHttpClient-1-8] DEBUG org.asynchttpclient.netty.handler.HttpHandler - 

Request DefaultFullHttpRequest(decodeResult: success, version: HTTP/1.1, content: EmptyByteBufBE)
GET /session/c2f8e5b2726708cce6bc5af1a5c3ed43/alert/text HTTP/1.1
User-Agent: selenium/4.8.1 (java windows)
Cache-Control: no-cache
Content-Type: application/json; charset=utf-8
host: localhost:48259
accept: */*

Response DefaultHttpResponse(decodeResult: success, version: HTTP/1.1)
HTTP/1.1 404 Not Found
Content-Length: 836
Content-Type: application/json; charset=utf-8
cache-control: no-cache

20:19:33.640 [AsyncHttpClient-1-8] DEBUG org.asynchttpclient.netty.channel.ChannelManager - Adding key: http://localhost:48259 for channel [id: 0xed599a69, L:/127.0.0.1:55062 - R:localhost/127.0.0.1:48259]
20:19:33.641 [Forwarding getCurrentUrl on session c2f8e5b2726708cce6bc5af1a5c3ed43 to remote] DEBUG org.asynchttpclient.netty.request.NettyRequestSender - Using pooled Channel '[id: 0xed599a69, L:/127.0.0.1:55062 - R:localhost/127.0.0.1:48259]' for 'GET' to 'http://localhost:48259/session/c2f8e5b2726708cce6bc5af1a5c3ed43/url'
20:19:33.641 [Forwarding getCurrentUrl on session c2f8e5b2726708cce6bc5af1a5c3ed43 to remote] DEBUG org.asynchttpclient.netty.request.NettyRequestSender - Using open Channel [id: 0xed599a69, L:/127.0.0.1:55062 - R:localhost/127.0.0.1:48259] for GET '/session/c2f8e5b2726708cce6bc5af1a5c3ed43/url'
20:19:33.645 [AsyncHttpClient-1-8] DEBUG org.asynchttpclient.netty.handler.HttpHandler - 

Request DefaultFullHttpRequest(decodeResult: success, version: HTTP/1.1, content: EmptyByteBufBE)
GET /session/c2f8e5b2726708cce6bc5af1a5c3ed43/url HTTP/1.1
User-Agent: selenium/4.8.1 (java windows)
Cache-Control: no-cache
Content-Type: application/json; charset=utf-8
host: localhost:48259
accept: */*

Response DefaultHttpResponse(decodeResult: success, version: HTTP/1.1)
HTTP/1.1 200 OK
Content-Length: 54
Content-Type: application/json; charset=utf-8
cache-control: no-cache

20:19:33.645 [AsyncHttpClient-1-8] DEBUG org.asynchttpclient.netty.channel.ChannelManager - Adding key: http://localhost:48259 for channel [id: 0xed599a69, L:/127.0.0.1:55062 - R:localhost/127.0.0.1:48259]
20:19:33.646 [Forwarding screenshot on session c2f8e5b2726708cce6bc5af1a5c3ed43 to remote] DEBUG org.asynchttpclient.netty.request.NettyRequestSender - Using pooled Channel '[id: 0xed599a69, L:/127.0.0.1:55062 - R:localhost/127.0.0.1:48259]' for 'GET' to 'http://localhost:48259/session/c2f8e5b2726708cce6bc5af1a5c3ed43/screenshot'
20:19:33.646 [Forwarding screenshot on session c2f8e5b2726708cce6bc5af1a5c3ed43 to remote] DEBUG org.asynchttpclient.netty.request.NettyRequestSender - Using open Channel [id: 0xed599a69, L:/127.0.0.1:55062 - R:localhost/127.0.0.1:48259] for GET '/session/c2f8e5b2726708cce6bc5af1a5c3ed43/screenshot'
20:19:33.730 [AsyncHttpClient-1-8] DEBUG org.asynchttpclient.netty.handler.HttpHandler - 

Request DefaultFullHttpRequest(decodeResult: success, version: HTTP/1.1, content: EmptyByteBufBE)
GET /session/c2f8e5b2726708cce6bc5af1a5c3ed43/screenshot HTTP/1.1
User-Agent: selenium/4.8.1 (java windows)
Cache-Control: no-cache
Content-Type: application/json; charset=utf-8
host: localhost:48259
accept: */*

Response DefaultHttpResponse(decodeResult: success, version: HTTP/1.1)
HTTP/1.1 200 OK
Content-Length: 29592
Content-Type: application/json; charset=utf-8
cache-control: no-cache

20:19:33.730 [AsyncHttpClient-1-8] DEBUG org.asynchttpclient.netty.channel.ChannelManager - Adding key: http://localhost:48259 for channel [id: 0xed599a69, L:/127.0.0.1:55062 - R:localhost/127.0.0.1:48259]
20:19:33.732 [main] DEBUG net.serenitybdd.core.photography.Darkroom - Send negative for processing for target\site\serenity\48a6fb0eca8e26e27472d54eae62700df935d714b8f808ccf0bf691a85cf7061.png
20:19:33.732 [main] DEBUG net.thucydides.core.steps.StepInterceptor - STEP DONE: incorrectAlert
  &amp#27;[32mThen &amp#27;[0m&amp#27;[32mI should see the error message&amp#27;[0m       &amp#27;[90m# starter.stepdefinitions.LoginSteps.alertContent()&amp#27;[0m
20:19:33.732 [Darkroom Processing Line] DEBUG net.serenitybdd.core.photography.DarkroomProcessingLine - Processing screenshot image in /var/screenshots/screenshot-14063034074984757942
20:19:33.732 [Darkroom Processing Line] DEBUG net.serenitybdd.core.photography.DarkroomProcessingLine - Saving screenshot to target\site\serenity\48a6fb0eca8e26e27472d54eae62700df935d714b8f808ccf0bf691a85cf7061.png
20:19:33.737 [main] INFO  - 
  _____   ___   ___   _____     ___     _     ___   ___   ___   ___  
 |_   _| | __| / __| |_   _|   | _ \   /_\   / __| / __| | __| |   \ 
   | |   | _|  \__ \   | |     |  _/  / _ \  \__ \ \__ \ | _|  | |) |
   |_|   |___| |___/   |_|     |_|   /_/ \_\ |___/ |___/ |___| |___/ 

Register without fill the email
----------------------------------------------------------------------
20:19:33.738 [AsyncHttpClient-1-10] DEBUG org.asynchttpclient.netty.handler.WebSocketHandler - Channel Closed: [id: 0xf347f940, L:/127.0.0.1:55071 ! R:localhost/127.0.0.1:55063] with attribute NettyResponseFuture{currentRetry=0,
	isDone=1,
	isCancelled=0,
	asyncHandler=org.asynchttpclient.ws.WebSocketUpgradeHandler@26b94b5a,
	nettyRequest=org.asynchttpclient.netty.request.NettyRequest@63bbc1e9,
	future=java.util.concurrent.CompletableFuture@465efdc4[Completed normally],
	uri=ws://localhost:55063/devtools/browser/c38a7980-5c3d-48bf-8934-66b1c731b024,
	keepAlive=true,
	redirectCount=0,
	timeoutsHolder=null,
	inAuth=0,
	touch=1683379165049}
20:19:33.738 [Driver Command Executor] DEBUG org.asynchttpclient.netty.request.NettyRequestSender - Using pooled Channel '[id: 0xed599a69, L:/127.0.0.1:55062 - R:localhost/127.0.0.1:48259]' for 'DELETE' to 'http://localhost:48259/session/c2f8e5b2726708cce6bc5af1a5c3ed43'
20:19:33.738 [AsyncHttpClient-1-10] DEBUG org.asynchttpclient.netty.channel.ChannelManager - Closing Channel [id: 0xf347f940, L:/127.0.0.1:55071 ! R:localhost/127.0.0.1:55063] 
20:19:33.738 [Driver Command Executor] DEBUG org.asynchttpclient.netty.request.NettyRequestSender - Using open Channel [id: 0xed599a69, L:/127.0.0.1:55062 - R:localhost/127.0.0.1:48259] for DELETE '/session/c2f8e5b2726708cce6bc5af1a5c3ed43'
20:19:33.820 [AsyncHttpClient-1-9] DEBUG org.asynchttpclient.netty.handler.HttpHandler - Unexpected I/O exception on channel [id: 0xb6aa04fe, L:/127.0.0.1:55070 - R:localhost/127.0.0.1:55063]
java.net.SocketException: Connection reset
	at java.base/sun.nio.ch.SocketChannelImpl.throwConnectionReset(SocketChannelImpl.java:367)
	at java.base/sun.nio.ch.SocketChannelImpl.read(SocketChannelImpl.java:398)
	at io.netty.buffer.PooledByteBuf.setBytes(PooledByteBuf.java:259)
	at io.netty.buffer.AbstractByteBuf.writeBytes(AbstractByteBuf.java:1132)
	at io.netty.channel.socket.nio.NioSocketChannel.doReadBytes(NioSocketChannel.java:357)
	at io.netty.channel.nio.AbstractNioByteChannel$NioByteUnsafe.read(AbstractNioByteChannel.java:151)
	at io.netty.channel.nio.NioEventLoop.processSelectedKey(NioEventLoop.java:788)
	at io.netty.channel.nio.NioEventLoop.processSelectedKeysOptimized(NioEventLoop.java:724)
	at io.netty.channel.nio.NioEventLoop.processSelectedKeys(NioEventLoop.java:650)
	at io.netty.channel.nio.NioEventLoop.run(NioEventLoop.java:562)
	at io.netty.util.concurrent.SingleThreadEventExecutor$4.run(SingleThreadEventExecutor.java:997)
	at io.netty.util.internal.ThreadExecutorMap$2.run(ThreadExecutorMap.java:74)
	at io.netty.util.concurrent.FastThreadLocalRunnable.run(FastThreadLocalRunnable.java:30)
	at java.base/java.lang.Thread.run(Thread.java:832)
20:19:33.821 [AsyncHttpClient-1-9] DEBUG org.asynchttpclient.netty.channel.ChannelManager - Closing Channel [id: 0xb6aa04fe, L:/127.0.0.1:55070 - R:localhost/127.0.0.1:55063] 
20:19:33.821 [AsyncHttpClient-1-9] DEBUG org.asynchttpclient.netty.handler.HttpHandler - Channel Closed: [id: 0xb6aa04fe, L:/127.0.0.1:55070 ! R:localhost/127.0.0.1:55063] with attribute DISCARD
20:19:33.868 [AsyncHttpClient-1-8] DEBUG org.asynchttpclient.netty.handler.HttpHandler - 

Request DefaultFullHttpRequest(decodeResult: success, version: HTTP/1.1, content: EmptyByteBufBE)
DELETE /session/c2f8e5b2726708cce6bc5af1a5c3ed43 HTTP/1.1
User-Agent: selenium/4.8.1 (java windows)
Content-Type: application/json; charset=utf-8
host: localhost:48259
accept: */*

Response DefaultHttpResponse(decodeResult: success, version: HTTP/1.1)
HTTP/1.1 200 OK
Content-Length: 14
Content-Type: application/json; charset=utf-8
cache-control: no-cache

20:19:33.869 [AsyncHttpClient-1-8] DEBUG org.asynchttpclient.netty.channel.ChannelManager - Adding key: http://localhost:48259 for channel [id: 0xed599a69, L:/127.0.0.1:55062 - R:localhost/127.0.0.1:48259]
20:19:33.956 [AsyncHttpClient-1-1] DEBUG org.asynchttpclient.netty.channel.DefaultChannelPool - Entry count for : http://localhost:55063 : 1
20:19:33.956 [AsyncHttpClient-1-1] DEBUG org.asynchttpclient.netty.channel.DefaultChannelPool - Entry count for : http://localhost:48259 : 1
20:19:33.956 [AsyncHttpClient-1-1] DEBUG org.asynchttpclient.netty.channel.DefaultChannelPool - Adding Candidate expired Channel [id: 0xb6aa04fe, L:/127.0.0.1:55070 ! R:localhost/127.0.0.1:55063] isIdleTimeoutExpired=false isRemotelyClosed=true isTtlExpired=false
20:19:33.956 [AsyncHttpClient-1-1] DEBUG org.asynchttpclient.netty.channel.DefaultChannelPool - Closing Idle Channel [id: 0xb6aa04fe, L:/127.0.0.1:55070 ! R:localhost/127.0.0.1:55063]
20:19:33.956 [AsyncHttpClient-1-1] DEBUG org.asynchttpclient.netty.channel.DefaultChannelPool - Closed 1 connections out of 2 in 0 ms
20:19:33.957 [AsyncHttpClient-1-8] DEBUG org.asynchttpclient.netty.handler.HttpHandler - Channel Closed: [id: 0xed599a69, L:/127.0.0.1:55062 ! R:localhost/127.0.0.1:48259] with attribute DISCARD
]]></system-out>
    <system-err><![CDATA[Starting ChromeDriver 111.0.5563.64 (c710e93d5b63b7095afe8c2c17df34408078439d-refs/branch-heads/5563@{#995}) on port 48259
Only local connections are allowed.
Please see https://chromedriver.chromium.org/security-considerations for suggestions on keeping ChromeDriver safe.
ChromeDriver was started successfully.
[1683379165.026][WARNING]: This version of ChromeDriver has not been tested with Chrome version 112.
May 06, 2023 8:19:25 PM org.openqa.selenium.devtools.CdpVersionFinder findNearestMatch
WARNING: Unable to find an exact match for CDP version 112, so returning the closest version found: 110
]]></system-err>
  </testcase>
  <testcase name="Register without fill the password" classname="Register to Alta-shop Account" time="4.25">
    <system-out><![CDATA[
Scenario: Register without fill the password   &amp#27;[90m# src/test/resources/features/1. Register.feature:34&amp#27;[0m
20:19:34.480 [main] DEBUG io.cucumber.core.plugin.SerenityReporter - Running feature from file:///C:/Users/WINDOWS%2010/Documents/GitHub/MiniProject_QE/Web/code/minpro/src/test/resources/features/1.%20Register.feature
20:19:34.484 [main] INFO  - 
  _____   ___   ___   _____     ___   _____     _     ___   _____   ___   ___  
 |_   _| | __| / __| |_   _|   / __| |_   _|   /_\   | _ \ |_   _| | __| |   \ 
   | |   | _|  \__ \   | |     \__ \   | |    / _ \  |   /   | |   | _|  | |) |
   |_|   |___| |___/   |_|     |___/   |_|   /_/ \_\ |_|_\   |_|   |___| |___/ 

Register without fill the password(register-to-alta-shop-account;register-without-fill-the-password)
--------------------------------------------------------------------------------
20:19:34.509 [main] DEBUG net.thucydides.core.steps.StepInterceptor - STARTING STEP: LoginSteps.onTheLoginPage - openPage
20:19:34.542 [main] INFO net.serenitybdd.core.webdriver.driverproviders.ChromeDriverProvider - Starting Chrome driver instance with capabilities:
20:19:34.542 [main] INFO net.serenitybdd.core.webdriver.driverproviders.ChromeDriverProvider - Capabilities {acceptInsecureCerts: false, browserName: chrome, goog:chromeOptions: {args: [remote-allow-origins=*], extensions: []}}
20:19:34.620 [AsyncHttpClient-1-11] DEBUG org.asynchttpclient.netty.channel.NettyConnectListener - Using new Channel '[id: 0x1d5e0662, L:/127.0.0.1:55095 - R:localhost/127.0.0.1:46211]' for 'POST' to '/session'
20:19:35.055 [AsyncHttpClient-1-1] DEBUG org.asynchttpclient.netty.channel.DefaultChannelPool - Entry count for : http://localhost:48259 : 1
20:19:35.055 [AsyncHttpClient-1-1] DEBUG org.asynchttpclient.netty.channel.DefaultChannelPool - Adding Candidate expired Channel [id: 0xed599a69, L:/127.0.0.1:55062 ! R:localhost/127.0.0.1:48259] isIdleTimeoutExpired=false isRemotelyClosed=true isTtlExpired=false
20:19:35.055 [AsyncHttpClient-1-1] DEBUG org.asynchttpclient.netty.channel.DefaultChannelPool - Closing Idle Channel [id: 0xed599a69, L:/127.0.0.1:55062 ! R:localhost/127.0.0.1:48259]
20:19:35.055 [AsyncHttpClient-1-1] DEBUG org.asynchttpclient.netty.channel.DefaultChannelPool - Closed 1 connections out of 1 in 0 ms
20:19:35.278 [AsyncHttpClient-1-11] DEBUG org.asynchttpclient.netty.handler.HttpHandler - 

Request DefaultHttpRequest(decodeResult: success, version: HTTP/1.1)
POST /session HTTP/1.1
User-Agent: selenium/4.8.1 (java windows)
Content-Length: 507
Content-Type: application/json; charset=utf-8
host: localhost:46211
accept: */*

Response DefaultHttpResponse(decodeResult: success, version: HTTP/1.1)
HTTP/1.1 200 OK
Content-Length: 862
Content-Type: application/json; charset=utf-8
cache-control: no-cache

20:19:35.279 [AsyncHttpClient-1-11] DEBUG org.asynchttpclient.netty.channel.ChannelManager - Adding key: http://localhost:46211 for channel [id: 0x1d5e0662, L:/127.0.0.1:55095 - R:localhost/127.0.0.1:46211]
20:19:35.283 [AsyncHttpClient-1-12] DEBUG org.asynchttpclient.netty.channel.NettyConnectListener - Using new Channel '[id: 0x4c2dc08f, L:/127.0.0.1:55107 - R:localhost/127.0.0.1:55096]' for 'GET' to '/json/version'
20:19:35.285 [AsyncHttpClient-1-12] DEBUG org.asynchttpclient.netty.handler.HttpHandler - 

Request DefaultFullHttpRequest(decodeResult: success, version: HTTP/1.1, content: EmptyByteBufBE)
GET /json/version HTTP/1.1
User-Agent: selenium/4.8.1 (java windows)
host: localhost:55096
accept: */*

Response DefaultHttpResponse(decodeResult: success, version: HTTP/1.1)
HTTP/1.1 200 OK
Content-Security-Policy: frame-ancestors 'none'
Content-Length: 424
Content-Type: application/json; charset=UTF-8

20:19:35.285 [AsyncHttpClient-1-12] DEBUG org.asynchttpclient.netty.channel.ChannelManager - Adding key: http://localhost:55096 for channel [id: 0x4c2dc08f, L:/127.0.0.1:55107 - R:localhost/127.0.0.1:55096]
20:19:35.287 [AsyncHttpClient-1-13] DEBUG org.asynchttpclient.netty.channel.NettyConnectListener - Using new Channel '[id: 0x77a5f5f1, L:/127.0.0.1:55108 - R:localhost/127.0.0.1:55096]' for 'GET' to '/devtools/browser/c14f6d34-0870-412b-b16a-6e73a755dab8'
20:19:35.288 [AsyncHttpClient-1-13] DEBUG org.asynchttpclient.netty.handler.WebSocketHandler - 

Request DefaultFullHttpRequest(decodeResult: success, version: HTTP/1.1, content: EmptyByteBufBE)
GET /devtools/browser/c14f6d34-0870-412b-b16a-6e73a755dab8 HTTP/1.1
upgrade: websocket
connection: upgrade
sec-websocket-key: j9lrsH3d13ltkGKviwf4xw==
sec-websocket-version: 13
origin: http://localhost:55096
host: localhost:55096
accept: */*
user-agent: AHC/2.1

Response DefaultHttpResponse(decodeResult: success, version: HTTP/1.1)
HTTP/1.1 101 WebSocket Protocol Handshake
Upgrade: WebSocket
Connection: Upgrade
Sec-WebSocket-Accept: V9KQwI5joIlmBLdGt7fGgKC+WjU=

20:19:35.291 [Forwarding get on session dd1aa6ada09a2dc0885dd1607de78955 to remote] DEBUG org.asynchttpclient.netty.request.NettyRequestSender - Using pooled Channel '[id: 0x1d5e0662, L:/127.0.0.1:55095 - R:localhost/127.0.0.1:46211]' for 'POST' to 'http://localhost:46211/session/dd1aa6ada09a2dc0885dd1607de78955/url'
20:19:35.291 [Forwarding get on session dd1aa6ada09a2dc0885dd1607de78955 to remote] DEBUG org.asynchttpclient.netty.request.NettyRequestSender - Using open Channel [id: 0x1d5e0662, L:/127.0.0.1:55095 - R:localhost/127.0.0.1:46211] for POST '/session/dd1aa6ada09a2dc0885dd1607de78955/url'
20:19:36.153 [AsyncHttpClient-1-1] DEBUG org.asynchttpclient.netty.channel.DefaultChannelPool - Entry count for : http://localhost:55096 : 1
20:19:36.451 [AsyncHttpClient-1-11] DEBUG org.asynchttpclient.netty.handler.HttpHandler - 

Request DefaultHttpRequest(decodeResult: success, version: HTTP/1.1)
POST /session/dd1aa6ada09a2dc0885dd1607de78955/url HTTP/1.1
User-Agent: selenium/4.8.1 (java windows)
Content-Length: 74
Content-Type: application/json; charset=utf-8
host: localhost:46211
accept: */*

Response DefaultHttpResponse(decodeResult: success, version: HTTP/1.1)
HTTP/1.1 200 OK
Content-Length: 14
Content-Type: application/json; charset=utf-8
cache-control: no-cache

20:19:36.451 [AsyncHttpClient-1-11] DEBUG org.asynchttpclient.netty.channel.ChannelManager - Adding key: http://localhost:46211 for channel [id: 0x1d5e0662, L:/127.0.0.1:55095 - R:localhost/127.0.0.1:46211]
20:19:36.452 [Forwarding setTimeout on session dd1aa6ada09a2dc0885dd1607de78955 to remote] DEBUG org.asynchttpclient.netty.request.NettyRequestSender - Using pooled Channel '[id: 0x1d5e0662, L:/127.0.0.1:55095 - R:localhost/127.0.0.1:46211]' for 'POST' to 'http://localhost:46211/session/dd1aa6ada09a2dc0885dd1607de78955/timeouts'
20:19:36.452 [Forwarding setTimeout on session dd1aa6ada09a2dc0885dd1607de78955 to remote] DEBUG org.asynchttpclient.netty.request.NettyRequestSender - Using open Channel [id: 0x1d5e0662, L:/127.0.0.1:55095 - R:localhost/127.0.0.1:46211] for POST '/session/dd1aa6ada09a2dc0885dd1607de78955/timeouts'
20:19:36.453 [AsyncHttpClient-1-11] DEBUG org.asynchttpclient.netty.handler.HttpHandler - 

Request DefaultHttpRequest(decodeResult: success, version: HTTP/1.1)
POST /session/dd1aa6ada09a2dc0885dd1607de78955/timeouts HTTP/1.1
User-Agent: selenium/4.8.1 (java windows)
Content-Length: 22
Content-Type: application/json; charset=utf-8
host: localhost:46211
accept: */*

Response DefaultHttpResponse(decodeResult: success, version: HTTP/1.1)
HTTP/1.1 200 OK
Content-Length: 14
Content-Type: application/json; charset=utf-8
cache-control: no-cache

20:19:36.453 [AsyncHttpClient-1-11] DEBUG org.asynchttpclient.netty.channel.ChannelManager - Adding key: http://localhost:46211 for channel [id: 0x1d5e0662, L:/127.0.0.1:55095 - R:localhost/127.0.0.1:46211]
20:19:36.458 [Forwarding getAlertText on session dd1aa6ada09a2dc0885dd1607de78955 to remote] DEBUG org.asynchttpclient.netty.request.NettyRequestSender - Using pooled Channel '[id: 0x1d5e0662, L:/127.0.0.1:55095 - R:localhost/127.0.0.1:46211]' for 'GET' to 'http://localhost:46211/session/dd1aa6ada09a2dc0885dd1607de78955/alert/text'
20:19:36.458 [Forwarding getAlertText on session dd1aa6ada09a2dc0885dd1607de78955 to remote] DEBUG org.asynchttpclient.netty.request.NettyRequestSender - Using open Channel [id: 0x1d5e0662, L:/127.0.0.1:55095 - R:localhost/127.0.0.1:46211] for GET '/session/dd1aa6ada09a2dc0885dd1607de78955/alert/text'
20:19:36.459 [AsyncHttpClient-1-11] DEBUG org.asynchttpclient.netty.handler.HttpHandler - 

Request DefaultFullHttpRequest(decodeResult: success, version: HTTP/1.1, content: EmptyByteBufBE)
GET /session/dd1aa6ada09a2dc0885dd1607de78955/alert/text HTTP/1.1
User-Agent: selenium/4.8.1 (java windows)
Cache-Control: no-cache
Content-Type: application/json; charset=utf-8
host: localhost:46211
accept: */*

Response DefaultHttpResponse(decodeResult: success, version: HTTP/1.1)
HTTP/1.1 404 Not Found
Content-Length: 836
Content-Type: application/json; charset=utf-8
cache-control: no-cache

20:19:36.459 [AsyncHttpClient-1-11] DEBUG org.asynchttpclient.netty.channel.ChannelManager - Adding key: http://localhost:46211 for channel [id: 0x1d5e0662, L:/127.0.0.1:55095 - R:localhost/127.0.0.1:46211]
20:19:36.460 [Forwarding getCurrentUrl on session dd1aa6ada09a2dc0885dd1607de78955 to remote] DEBUG org.asynchttpclient.netty.request.NettyRequestSender - Using pooled Channel '[id: 0x1d5e0662, L:/127.0.0.1:55095 - R:localhost/127.0.0.1:46211]' for 'GET' to 'http://localhost:46211/session/dd1aa6ada09a2dc0885dd1607de78955/url'
20:19:36.460 [Forwarding getCurrentUrl on session dd1aa6ada09a2dc0885dd1607de78955 to remote] DEBUG org.asynchttpclient.netty.request.NettyRequestSender - Using open Channel [id: 0x1d5e0662, L:/127.0.0.1:55095 - R:localhost/127.0.0.1:46211] for GET '/session/dd1aa6ada09a2dc0885dd1607de78955/url'
20:19:36.463 [AsyncHttpClient-1-11] DEBUG org.asynchttpclient.netty.handler.HttpHandler - 

Request DefaultFullHttpRequest(decodeResult: success, version: HTTP/1.1, content: EmptyByteBufBE)
GET /session/dd1aa6ada09a2dc0885dd1607de78955/url HTTP/1.1
User-Agent: selenium/4.8.1 (java windows)
Cache-Control: no-cache
Content-Type: application/json; charset=utf-8
host: localhost:46211
accept: */*

Response DefaultHttpResponse(decodeResult: success, version: HTTP/1.1)
HTTP/1.1 200 OK
Content-Length: 51
Content-Type: application/json; charset=utf-8
cache-control: no-cache

20:19:36.463 [AsyncHttpClient-1-11] DEBUG org.asynchttpclient.netty.channel.ChannelManager - Adding key: http://localhost:46211 for channel [id: 0x1d5e0662, L:/127.0.0.1:55095 - R:localhost/127.0.0.1:46211]
20:19:36.464 [Forwarding screenshot on session dd1aa6ada09a2dc0885dd1607de78955 to remote] DEBUG org.asynchttpclient.netty.request.NettyRequestSender - Using pooled Channel '[id: 0x1d5e0662, L:/127.0.0.1:55095 - R:localhost/127.0.0.1:46211]' for 'GET' to 'http://localhost:46211/session/dd1aa6ada09a2dc0885dd1607de78955/screenshot'
20:19:36.464 [Forwarding screenshot on session dd1aa6ada09a2dc0885dd1607de78955 to remote] DEBUG org.asynchttpclient.netty.request.NettyRequestSender - Using open Channel [id: 0x1d5e0662, L:/127.0.0.1:55095 - R:localhost/127.0.0.1:46211] for GET '/session/dd1aa6ada09a2dc0885dd1607de78955/screenshot'
20:19:36.539 [AsyncHttpClient-1-11] DEBUG org.asynchttpclient.netty.handler.HttpHandler - 

Request DefaultFullHttpRequest(decodeResult: success, version: HTTP/1.1, content: EmptyByteBufBE)
GET /session/dd1aa6ada09a2dc0885dd1607de78955/screenshot HTTP/1.1
User-Agent: selenium/4.8.1 (java windows)
Cache-Control: no-cache
Content-Type: application/json; charset=utf-8
host: localhost:46211
accept: */*

Response DefaultHttpResponse(decodeResult: success, version: HTTP/1.1)
HTTP/1.1 200 OK
Content-Length: 25208
Content-Type: application/json; charset=utf-8
cache-control: no-cache

20:19:36.539 [AsyncHttpClient-1-11] DEBUG org.asynchttpclient.netty.channel.ChannelManager - Adding key: http://localhost:46211 for channel [id: 0x1d5e0662, L:/127.0.0.1:55095 - R:localhost/127.0.0.1:46211]
20:19:36.541 [main] DEBUG net.serenitybdd.core.photography.Darkroom - Send negative for processing for target\site\serenity\edb14d4aab401efa0e4fb99861e6ffcafebc86a67b69f7828890b9910ed2ddbd.png
20:19:36.541 [main] DEBUG net.thucydides.core.steps.StepInterceptor - STEP DONE: openPage
  &amp#27;[32mGiven &amp#27;[0m&amp#27;[32mI am on the alta-shop login page&amp#27;[0m       &amp#27;[90m# starter.stepdefinitions.LoginSteps.onTheLoginPage()&amp#27;[0m
20:19:36.547 [Forwarding getPageSource on session dd1aa6ada09a2dc0885dd1607de78955 to remote] DEBUG org.asynchttpclient.netty.request.NettyRequestSender - Using pooled Channel '[id: 0x1d5e0662, L:/127.0.0.1:55095 - R:localhost/127.0.0.1:46211]' for 'POST' to 'http://localhost:46211/session/dd1aa6ada09a2dc0885dd1607de78955/execute/sync'
20:19:36.547 [Forwarding getPageSource on session dd1aa6ada09a2dc0885dd1607de78955 to remote] DEBUG org.asynchttpclient.netty.request.NettyRequestSender - Using open Channel [id: 0x1d5e0662, L:/127.0.0.1:55095 - R:localhost/127.0.0.1:46211] for POST '/session/dd1aa6ada09a2dc0885dd1607de78955/execute/sync'
20:19:36.551 [AsyncHttpClient-1-11] DEBUG org.asynchttpclient.netty.handler.HttpHandler - 

Request DefaultHttpRequest(decodeResult: success, version: HTTP/1.1)
POST /session/dd1aa6ada09a2dc0885dd1607de78955/execute/sync HTTP/1.1
User-Agent: selenium/4.8.1 (java windows)
Content-Length: 176
Content-Type: application/json; charset=utf-8
host: localhost:46211
accept: */*

Response DefaultHttpResponse(decodeResult: success, version: HTTP/1.1)
HTTP/1.1 200 OK
Content-Length: 21659
Content-Type: application/json; charset=utf-8
cache-control: no-cache

20:19:36.552 [AsyncHttpClient-1-11] DEBUG org.asynchttpclient.netty.channel.ChannelManager - Adding key: http://localhost:46211 for channel [id: 0x1d5e0662, L:/127.0.0.1:55095 - R:localhost/127.0.0.1:46211]
20:19:36.553 [Forwarding getCurrentUrl on session dd1aa6ada09a2dc0885dd1607de78955 to remote] DEBUG org.asynchttpclient.netty.request.NettyRequestSender - Using pooled Channel '[id: 0x1d5e0662, L:/127.0.0.1:55095 - R:localhost/127.0.0.1:46211]' for 'GET' to 'http://localhost:46211/session/dd1aa6ada09a2dc0885dd1607de78955/url'
20:19:36.553 [Forwarding getCurrentUrl on session dd1aa6ada09a2dc0885dd1607de78955 to remote] DEBUG org.asynchttpclient.netty.request.NettyRequestSender - Using open Channel [id: 0x1d5e0662, L:/127.0.0.1:55095 - R:localhost/127.0.0.1:46211] for GET '/session/dd1aa6ada09a2dc0885dd1607de78955/url'
20:19:36.556 [AsyncHttpClient-1-11] DEBUG org.asynchttpclient.netty.handler.HttpHandler - 

Request DefaultFullHttpRequest(decodeResult: success, version: HTTP/1.1, content: EmptyByteBufBE)
GET /session/dd1aa6ada09a2dc0885dd1607de78955/url HTTP/1.1
User-Agent: selenium/4.8.1 (java windows)
Cache-Control: no-cache
Content-Type: application/json; charset=utf-8
host: localhost:46211
accept: */*

Response DefaultHttpResponse(decodeResult: success, version: HTTP/1.1)
HTTP/1.1 200 OK
Content-Length: 51
Content-Type: application/json; charset=utf-8
cache-control: no-cache

20:19:36.556 [AsyncHttpClient-1-11] DEBUG org.asynchttpclient.netty.channel.ChannelManager - Adding key: http://localhost:46211 for channel [id: 0x1d5e0662, L:/127.0.0.1:55095 - R:localhost/127.0.0.1:46211]
20:19:36.571 [Forwarding getPageSource on session dd1aa6ada09a2dc0885dd1607de78955 to remote] DEBUG org.asynchttpclient.netty.request.NettyRequestSender - Using pooled Channel '[id: 0x1d5e0662, L:/127.0.0.1:55095 - R:localhost/127.0.0.1:46211]' for 'POST' to 'http://localhost:46211/session/dd1aa6ada09a2dc0885dd1607de78955/execute/sync'
20:19:36.571 [Forwarding getPageSource on session dd1aa6ada09a2dc0885dd1607de78955 to remote] DEBUG org.asynchttpclient.netty.request.NettyRequestSender - Using open Channel [id: 0x1d5e0662, L:/127.0.0.1:55095 - R:localhost/127.0.0.1:46211] for POST '/session/dd1aa6ada09a2dc0885dd1607de78955/execute/sync'
20:19:36.576 [AsyncHttpClient-1-11] DEBUG org.asynchttpclient.netty.handler.HttpHandler - 

Request DefaultHttpRequest(decodeResult: success, version: HTTP/1.1)
POST /session/dd1aa6ada09a2dc0885dd1607de78955/execute/sync HTTP/1.1
User-Agent: selenium/4.8.1 (java windows)
Content-Length: 176
Content-Type: application/json; charset=utf-8
host: localhost:46211
accept: */*

Response DefaultHttpResponse(decodeResult: success, version: HTTP/1.1)
HTTP/1.1 200 OK
Content-Length: 21659
Content-Type: application/json; charset=utf-8
cache-control: no-cache

20:19:36.576 [AsyncHttpClient-1-11] DEBUG org.asynchttpclient.netty.channel.ChannelManager - Adding key: http://localhost:46211 for channel [id: 0x1d5e0662, L:/127.0.0.1:55095 - R:localhost/127.0.0.1:46211]
20:19:36.578 [Forwarding getCurrentUrl on session dd1aa6ada09a2dc0885dd1607de78955 to remote] DEBUG org.asynchttpclient.netty.request.NettyRequestSender - Using pooled Channel '[id: 0x1d5e0662, L:/127.0.0.1:55095 - R:localhost/127.0.0.1:46211]' for 'GET' to 'http://localhost:46211/session/dd1aa6ada09a2dc0885dd1607de78955/url'
20:19:36.578 [Forwarding getCurrentUrl on session dd1aa6ada09a2dc0885dd1607de78955 to remote] DEBUG org.asynchttpclient.netty.request.NettyRequestSender - Using open Channel [id: 0x1d5e0662, L:/127.0.0.1:55095 - R:localhost/127.0.0.1:46211] for GET '/session/dd1aa6ada09a2dc0885dd1607de78955/url'
20:19:36.580 [AsyncHttpClient-1-11] DEBUG org.asynchttpclient.netty.handler.HttpHandler - 

Request DefaultFullHttpRequest(decodeResult: success, version: HTTP/1.1, content: EmptyByteBufBE)
GET /session/dd1aa6ada09a2dc0885dd1607de78955/url HTTP/1.1
User-Agent: selenium/4.8.1 (java windows)
Cache-Control: no-cache
Content-Type: application/json; charset=utf-8
host: localhost:46211
accept: */*

Response DefaultHttpResponse(decodeResult: success, version: HTTP/1.1)
HTTP/1.1 200 OK
Content-Length: 51
Content-Type: application/json; charset=utf-8
cache-control: no-cache

20:19:36.580 [AsyncHttpClient-1-11] DEBUG org.asynchttpclient.netty.channel.ChannelManager - Adding key: http://localhost:46211 for channel [id: 0x1d5e0662, L:/127.0.0.1:55095 - R:localhost/127.0.0.1:46211]
20:19:36.581 [main] DEBUG net.thucydides.core.steps.StepInterceptor - STARTING STEP: RegisterSteps.clickLoginButton - clickRegisterLink
20:19:36.583 [Forwarding findElement on session dd1aa6ada09a2dc0885dd1607de78955 to remote] DEBUG org.asynchttpclient.netty.request.NettyRequestSender - Using pooled Channel '[id: 0x1d5e0662, L:/127.0.0.1:55095 - R:localhost/127.0.0.1:46211]' for 'POST' to 'http://localhost:46211/session/dd1aa6ada09a2dc0885dd1607de78955/element'
20:19:36.583 [Forwarding findElement on session dd1aa6ada09a2dc0885dd1607de78955 to remote] DEBUG org.asynchttpclient.netty.request.NettyRequestSender - Using open Channel [id: 0x1d5e0662, L:/127.0.0.1:55095 - R:localhost/127.0.0.1:46211] for POST '/session/dd1aa6ada09a2dc0885dd1607de78955/element'
20:19:36.591 [AsyncHttpClient-1-11] DEBUG org.asynchttpclient.netty.handler.HttpHandler - 

Request DefaultHttpRequest(decodeResult: success, version: HTTP/1.1)
POST /session/dd1aa6ada09a2dc0885dd1607de78955/element HTTP/1.1
User-Agent: selenium/4.8.1 (java windows)
Content-Length: 84
Content-Type: application/json; charset=utf-8
host: localhost:46211
accept: */*

Response DefaultHttpResponse(decodeResult: success, version: HTTP/1.1)
HTTP/1.1 200 OK
Content-Length: 88
Content-Type: application/json; charset=utf-8
cache-control: no-cache

20:19:36.591 [AsyncHttpClient-1-11] DEBUG org.asynchttpclient.netty.channel.ChannelManager - Adding key: http://localhost:46211 for channel [id: 0x1d5e0662, L:/127.0.0.1:55095 - R:localhost/127.0.0.1:46211]
20:19:36.592 [Forwarding getElementTagName on session dd1aa6ada09a2dc0885dd1607de78955 to remote] DEBUG org.asynchttpclient.netty.request.NettyRequestSender - Using pooled Channel '[id: 0x1d5e0662, L:/127.0.0.1:55095 - R:localhost/127.0.0.1:46211]' for 'GET' to 'http://localhost:46211/session/dd1aa6ada09a2dc0885dd1607de78955/element/14916a1a-8c3d-4cd5-b135-91c660b99d01/name'
20:19:36.592 [Forwarding getElementTagName on session dd1aa6ada09a2dc0885dd1607de78955 to remote] DEBUG org.asynchttpclient.netty.request.NettyRequestSender - Using open Channel [id: 0x1d5e0662, L:/127.0.0.1:55095 - R:localhost/127.0.0.1:46211] for GET '/session/dd1aa6ada09a2dc0885dd1607de78955/element/14916a1a-8c3d-4cd5-b135-91c660b99d01/name'
20:19:36.595 [AsyncHttpClient-1-11] DEBUG org.asynchttpclient.netty.handler.HttpHandler - 

Request DefaultFullHttpRequest(decodeResult: success, version: HTTP/1.1, content: EmptyByteBufBE)
GET /session/dd1aa6ada09a2dc0885dd1607de78955/element/14916a1a-8c3d-4cd5-b135-91c660b99d01/name HTTP/1.1
User-Agent: selenium/4.8.1 (java windows)
Cache-Control: no-cache
Content-Type: application/json; charset=utf-8
host: localhost:46211
accept: */*

Response DefaultHttpResponse(decodeResult: success, version: HTTP/1.1)
HTTP/1.1 200 OK
Content-Length: 13
Content-Type: application/json; charset=utf-8
cache-control: no-cache

20:19:36.595 [AsyncHttpClient-1-11] DEBUG org.asynchttpclient.netty.channel.ChannelManager - Adding key: http://localhost:46211 for channel [id: 0x1d5e0662, L:/127.0.0.1:55095 - R:localhost/127.0.0.1:46211]
20:19:36.596 [Forwarding getElementTagName on session dd1aa6ada09a2dc0885dd1607de78955 to remote] DEBUG org.asynchttpclient.netty.request.NettyRequestSender - Using pooled Channel '[id: 0x1d5e0662, L:/127.0.0.1:55095 - R:localhost/127.0.0.1:46211]' for 'GET' to 'http://localhost:46211/session/dd1aa6ada09a2dc0885dd1607de78955/element/14916a1a-8c3d-4cd5-b135-91c660b99d01/name'
20:19:36.596 [Forwarding getElementTagName on session dd1aa6ada09a2dc0885dd1607de78955 to remote] DEBUG org.asynchttpclient.netty.request.NettyRequestSender - Using open Channel [id: 0x1d5e0662, L:/127.0.0.1:55095 - R:localhost/127.0.0.1:46211] for GET '/session/dd1aa6ada09a2dc0885dd1607de78955/element/14916a1a-8c3d-4cd5-b135-91c660b99d01/name'
20:19:36.598 [AsyncHttpClient-1-11] DEBUG org.asynchttpclient.netty.handler.HttpHandler - 

Request DefaultFullHttpRequest(decodeResult: success, version: HTTP/1.1, content: EmptyByteBufBE)
GET /session/dd1aa6ada09a2dc0885dd1607de78955/element/14916a1a-8c3d-4cd5-b135-91c660b99d01/name HTTP/1.1
User-Agent: selenium/4.8.1 (java windows)
Cache-Control: no-cache
Content-Type: application/json; charset=utf-8
host: localhost:46211
accept: */*

Response DefaultHttpResponse(decodeResult: success, version: HTTP/1.1)
HTTP/1.1 200 OK
Content-Length: 13
Content-Type: application/json; charset=utf-8
cache-control: no-cache

20:19:36.598 [AsyncHttpClient-1-11] DEBUG org.asynchttpclient.netty.channel.ChannelManager - Adding key: http://localhost:46211 for channel [id: 0x1d5e0662, L:/127.0.0.1:55095 - R:localhost/127.0.0.1:46211]
20:19:36.599 [Forwarding findElement on session dd1aa6ada09a2dc0885dd1607de78955 to remote] DEBUG org.asynchttpclient.netty.request.NettyRequestSender - Using pooled Channel '[id: 0x1d5e0662, L:/127.0.0.1:55095 - R:localhost/127.0.0.1:46211]' for 'POST' to 'http://localhost:46211/session/dd1aa6ada09a2dc0885dd1607de78955/element'
20:19:36.599 [Forwarding findElement on session dd1aa6ada09a2dc0885dd1607de78955 to remote] DEBUG org.asynchttpclient.netty.request.NettyRequestSender - Using open Channel [id: 0x1d5e0662, L:/127.0.0.1:55095 - R:localhost/127.0.0.1:46211] for POST '/session/dd1aa6ada09a2dc0885dd1607de78955/element'
20:19:36.603 [AsyncHttpClient-1-11] DEBUG org.asynchttpclient.netty.handler.HttpHandler - 

Request DefaultHttpRequest(decodeResult: success, version: HTTP/1.1)
POST /session/dd1aa6ada09a2dc0885dd1607de78955/element HTTP/1.1
User-Agent: selenium/4.8.1 (java windows)
Content-Length: 84
Content-Type: application/json; charset=utf-8
host: localhost:46211
accept: */*

Response DefaultHttpResponse(decodeResult: success, version: HTTP/1.1)
HTTP/1.1 200 OK
Content-Length: 88
Content-Type: application/json; charset=utf-8
cache-control: no-cache

20:19:36.603 [AsyncHttpClient-1-11] DEBUG org.asynchttpclient.netty.channel.ChannelManager - Adding key: http://localhost:46211 for channel [id: 0x1d5e0662, L:/127.0.0.1:55095 - R:localhost/127.0.0.1:46211]
20:19:36.604 [Forwarding clickElement on session dd1aa6ada09a2dc0885dd1607de78955 to remote] DEBUG org.asynchttpclient.netty.request.NettyRequestSender - Using pooled Channel '[id: 0x1d5e0662, L:/127.0.0.1:55095 - R:localhost/127.0.0.1:46211]' for 'POST' to 'http://localhost:46211/session/dd1aa6ada09a2dc0885dd1607de78955/element/14916a1a-8c3d-4cd5-b135-91c660b99d01/click'
20:19:36.605 [Forwarding clickElement on session dd1aa6ada09a2dc0885dd1607de78955 to remote] DEBUG org.asynchttpclient.netty.request.NettyRequestSender - Using open Channel [id: 0x1d5e0662, L:/127.0.0.1:55095 - R:localhost/127.0.0.1:46211] for POST '/session/dd1aa6ada09a2dc0885dd1607de78955/element/14916a1a-8c3d-4cd5-b135-91c660b99d01/click'
20:19:36.642 [AsyncHttpClient-1-11] DEBUG org.asynchttpclient.netty.handler.HttpHandler - 

Request DefaultHttpRequest(decodeResult: success, version: HTTP/1.1)
POST /session/dd1aa6ada09a2dc0885dd1607de78955/element/14916a1a-8c3d-4cd5-b135-91c660b99d01/click HTTP/1.1
User-Agent: selenium/4.8.1 (java windows)
Content-Length: 50
Content-Type: application/json; charset=utf-8
host: localhost:46211
accept: */*

Response DefaultHttpResponse(decodeResult: success, version: HTTP/1.1)
HTTP/1.1 200 OK
Content-Length: 14
Content-Type: application/json; charset=utf-8
cache-control: no-cache

20:19:36.642 [AsyncHttpClient-1-11] DEBUG org.asynchttpclient.netty.channel.ChannelManager - Adding key: http://localhost:46211 for channel [id: 0x1d5e0662, L:/127.0.0.1:55095 - R:localhost/127.0.0.1:46211]
20:19:36.647 [Forwarding getAlertText on session dd1aa6ada09a2dc0885dd1607de78955 to remote] DEBUG org.asynchttpclient.netty.request.NettyRequestSender - Using pooled Channel '[id: 0x1d5e0662, L:/127.0.0.1:55095 - R:localhost/127.0.0.1:46211]' for 'GET' to 'http://localhost:46211/session/dd1aa6ada09a2dc0885dd1607de78955/alert/text'
20:19:36.647 [Forwarding getAlertText on session dd1aa6ada09a2dc0885dd1607de78955 to remote] DEBUG org.asynchttpclient.netty.request.NettyRequestSender - Using open Channel [id: 0x1d5e0662, L:/127.0.0.1:55095 - R:localhost/127.0.0.1:46211] for GET '/session/dd1aa6ada09a2dc0885dd1607de78955/alert/text'
20:19:36.649 [AsyncHttpClient-1-11] DEBUG org.asynchttpclient.netty.handler.HttpHandler - 

Request DefaultFullHttpRequest(decodeResult: success, version: HTTP/1.1, content: EmptyByteBufBE)
GET /session/dd1aa6ada09a2dc0885dd1607de78955/alert/text HTTP/1.1
User-Agent: selenium/4.8.1 (java windows)
Cache-Control: no-cache
Content-Type: application/json; charset=utf-8
host: localhost:46211
accept: */*

Response DefaultHttpResponse(decodeResult: success, version: HTTP/1.1)
HTTP/1.1 404 Not Found
Content-Length: 836
Content-Type: application/json; charset=utf-8
cache-control: no-cache

20:19:36.649 [AsyncHttpClient-1-11] DEBUG org.asynchttpclient.netty.channel.ChannelManager - Adding key: http://localhost:46211 for channel [id: 0x1d5e0662, L:/127.0.0.1:55095 - R:localhost/127.0.0.1:46211]
20:19:36.651 [Forwarding getCurrentUrl on session dd1aa6ada09a2dc0885dd1607de78955 to remote] DEBUG org.asynchttpclient.netty.request.NettyRequestSender - Using pooled Channel '[id: 0x1d5e0662, L:/127.0.0.1:55095 - R:localhost/127.0.0.1:46211]' for 'GET' to 'http://localhost:46211/session/dd1aa6ada09a2dc0885dd1607de78955/url'
20:19:36.651 [Forwarding getCurrentUrl on session dd1aa6ada09a2dc0885dd1607de78955 to remote] DEBUG org.asynchttpclient.netty.request.NettyRequestSender - Using open Channel [id: 0x1d5e0662, L:/127.0.0.1:55095 - R:localhost/127.0.0.1:46211] for GET '/session/dd1aa6ada09a2dc0885dd1607de78955/url'
20:19:36.659 [AsyncHttpClient-1-11] DEBUG org.asynchttpclient.netty.handler.HttpHandler - 

Request DefaultFullHttpRequest(decodeResult: success, version: HTTP/1.1, content: EmptyByteBufBE)
GET /session/dd1aa6ada09a2dc0885dd1607de78955/url HTTP/1.1
User-Agent: selenium/4.8.1 (java windows)
Cache-Control: no-cache
Content-Type: application/json; charset=utf-8
host: localhost:46211
accept: */*

Response DefaultHttpResponse(decodeResult: success, version: HTTP/1.1)
HTTP/1.1 200 OK
Content-Length: 54
Content-Type: application/json; charset=utf-8
cache-control: no-cache

20:19:36.659 [AsyncHttpClient-1-11] DEBUG org.asynchttpclient.netty.channel.ChannelManager - Adding key: http://localhost:46211 for channel [id: 0x1d5e0662, L:/127.0.0.1:55095 - R:localhost/127.0.0.1:46211]
20:19:36.661 [Forwarding screenshot on session dd1aa6ada09a2dc0885dd1607de78955 to remote] DEBUG org.asynchttpclient.netty.request.NettyRequestSender - Using pooled Channel '[id: 0x1d5e0662, L:/127.0.0.1:55095 - R:localhost/127.0.0.1:46211]' for 'GET' to 'http://localhost:46211/session/dd1aa6ada09a2dc0885dd1607de78955/screenshot'
20:19:36.661 [Forwarding screenshot on session dd1aa6ada09a2dc0885dd1607de78955 to remote] DEBUG org.asynchttpclient.netty.request.NettyRequestSender - Using open Channel [id: 0x1d5e0662, L:/127.0.0.1:55095 - R:localhost/127.0.0.1:46211] for GET '/session/dd1aa6ada09a2dc0885dd1607de78955/screenshot'
20:19:36.761 [AsyncHttpClient-1-11] DEBUG org.asynchttpclient.netty.handler.HttpHandler - 

Request DefaultFullHttpRequest(decodeResult: success, version: HTTP/1.1, content: EmptyByteBufBE)
GET /session/dd1aa6ada09a2dc0885dd1607de78955/screenshot HTTP/1.1
User-Agent: selenium/4.8.1 (java windows)
Cache-Control: no-cache
Content-Type: application/json; charset=utf-8
host: localhost:46211
accept: */*

Response DefaultHttpResponse(decodeResult: success, version: HTTP/1.1)
HTTP/1.1 200 OK
Content-Length: 30264
Content-Type: application/json; charset=utf-8
cache-control: no-cache

20:19:36.762 [AsyncHttpClient-1-11] DEBUG org.asynchttpclient.netty.channel.ChannelManager - Adding key: http://localhost:46211 for channel [id: 0x1d5e0662, L:/127.0.0.1:55095 - R:localhost/127.0.0.1:46211]
20:19:36.765 [main] DEBUG net.serenitybdd.core.photography.Darkroom - Send negative for processing for target\site\serenity\1c8b997591b99fdc785d9ec6140bb0837e68f1e43009b62e44e6a795bc8005e3.png
20:19:36.765 [main] DEBUG net.thucydides.core.steps.StepInterceptor - STEP DONE: clickRegisterLink
  &amp#27;[32mWhen &amp#27;[0m&amp#27;[32mI go to the alta-shop register page&amp#27;[0m     &amp#27;[90m# starter.stepdefinitions.RegisterSteps.clickLoginButton()&amp#27;[0m
20:19:36.777 [Forwarding getPageSource on session dd1aa6ada09a2dc0885dd1607de78955 to remote] DEBUG org.asynchttpclient.netty.request.NettyRequestSender - Using pooled Channel '[id: 0x1d5e0662, L:/127.0.0.1:55095 - R:localhost/127.0.0.1:46211]' for 'POST' to 'http://localhost:46211/session/dd1aa6ada09a2dc0885dd1607de78955/execute/sync'
20:19:36.777 [Forwarding getPageSource on session dd1aa6ada09a2dc0885dd1607de78955 to remote] DEBUG org.asynchttpclient.netty.request.NettyRequestSender - Using open Channel [id: 0x1d5e0662, L:/127.0.0.1:55095 - R:localhost/127.0.0.1:46211] for POST '/session/dd1aa6ada09a2dc0885dd1607de78955/execute/sync'
20:19:36.783 [AsyncHttpClient-1-11] DEBUG org.asynchttpclient.netty.handler.HttpHandler - 

Request DefaultHttpRequest(decodeResult: success, version: HTTP/1.1)
POST /session/dd1aa6ada09a2dc0885dd1607de78955/execute/sync HTTP/1.1
User-Agent: selenium/4.8.1 (java windows)
Content-Length: 176
Content-Type: application/json; charset=utf-8
host: localhost:46211
accept: */*

Response DefaultHttpResponse(decodeResult: success, version: HTTP/1.1)
HTTP/1.1 200 OK
Content-Length: 22314
Content-Type: application/json; charset=utf-8
cache-control: no-cache

20:19:36.783 [AsyncHttpClient-1-11] DEBUG org.asynchttpclient.netty.channel.ChannelManager - Adding key: http://localhost:46211 for channel [id: 0x1d5e0662, L:/127.0.0.1:55095 - R:localhost/127.0.0.1:46211]
20:19:36.786 [Forwarding getCurrentUrl on session dd1aa6ada09a2dc0885dd1607de78955 to remote] DEBUG org.asynchttpclient.netty.request.NettyRequestSender - Using pooled Channel '[id: 0x1d5e0662, L:/127.0.0.1:55095 - R:localhost/127.0.0.1:46211]' for 'GET' to 'http://localhost:46211/session/dd1aa6ada09a2dc0885dd1607de78955/url'
20:19:36.786 [Forwarding getCurrentUrl on session dd1aa6ada09a2dc0885dd1607de78955 to remote] DEBUG org.asynchttpclient.netty.request.NettyRequestSender - Using open Channel [id: 0x1d5e0662, L:/127.0.0.1:55095 - R:localhost/127.0.0.1:46211] for GET '/session/dd1aa6ada09a2dc0885dd1607de78955/url'
20:19:36.791 [AsyncHttpClient-1-11] DEBUG org.asynchttpclient.netty.handler.HttpHandler - 

Request DefaultFullHttpRequest(decodeResult: success, version: HTTP/1.1, content: EmptyByteBufBE)
GET /session/dd1aa6ada09a2dc0885dd1607de78955/url HTTP/1.1
User-Agent: selenium/4.8.1 (java windows)
Cache-Control: no-cache
Content-Type: application/json; charset=utf-8
host: localhost:46211
accept: */*

Response DefaultHttpResponse(decodeResult: success, version: HTTP/1.1)
HTTP/1.1 200 OK
Content-Length: 54
Content-Type: application/json; charset=utf-8
cache-control: no-cache

20:19:36.791 [AsyncHttpClient-1-11] DEBUG org.asynchttpclient.netty.channel.ChannelManager - Adding key: http://localhost:46211 for channel [id: 0x1d5e0662, L:/127.0.0.1:55095 - R:localhost/127.0.0.1:46211]
20:19:36.799 [Forwarding getPageSource on session dd1aa6ada09a2dc0885dd1607de78955 to remote] DEBUG org.asynchttpclient.netty.request.NettyRequestSender - Using pooled Channel '[id: 0x1d5e0662, L:/127.0.0.1:55095 - R:localhost/127.0.0.1:46211]' for 'POST' to 'http://localhost:46211/session/dd1aa6ada09a2dc0885dd1607de78955/execute/sync'
20:19:36.799 [Forwarding getPageSource on session dd1aa6ada09a2dc0885dd1607de78955 to remote] DEBUG org.asynchttpclient.netty.request.NettyRequestSender - Using open Channel [id: 0x1d5e0662, L:/127.0.0.1:55095 - R:localhost/127.0.0.1:46211] for POST '/session/dd1aa6ada09a2dc0885dd1607de78955/execute/sync'
20:19:36.803 [AsyncHttpClient-1-11] DEBUG org.asynchttpclient.netty.handler.HttpHandler - 

Request DefaultHttpRequest(decodeResult: success, version: HTTP/1.1)
POST /session/dd1aa6ada09a2dc0885dd1607de78955/execute/sync HTTP/1.1
User-Agent: selenium/4.8.1 (java windows)
Content-Length: 176
Content-Type: application/json; charset=utf-8
host: localhost:46211
accept: */*

Response DefaultHttpResponse(decodeResult: success, version: HTTP/1.1)
HTTP/1.1 200 OK
Content-Length: 22314
Content-Type: application/json; charset=utf-8
cache-control: no-cache

20:19:36.803 [AsyncHttpClient-1-11] DEBUG org.asynchttpclient.netty.channel.ChannelManager - Adding key: http://localhost:46211 for channel [id: 0x1d5e0662, L:/127.0.0.1:55095 - R:localhost/127.0.0.1:46211]
20:19:36.805 [Forwarding getCurrentUrl on session dd1aa6ada09a2dc0885dd1607de78955 to remote] DEBUG org.asynchttpclient.netty.request.NettyRequestSender - Using pooled Channel '[id: 0x1d5e0662, L:/127.0.0.1:55095 - R:localhost/127.0.0.1:46211]' for 'GET' to 'http://localhost:46211/session/dd1aa6ada09a2dc0885dd1607de78955/url'
20:19:36.805 [Forwarding getCurrentUrl on session dd1aa6ada09a2dc0885dd1607de78955 to remote] DEBUG org.asynchttpclient.netty.request.NettyRequestSender - Using open Channel [id: 0x1d5e0662, L:/127.0.0.1:55095 - R:localhost/127.0.0.1:46211] for GET '/session/dd1aa6ada09a2dc0885dd1607de78955/url'
20:19:36.809 [AsyncHttpClient-1-11] DEBUG org.asynchttpclient.netty.handler.HttpHandler - 

Request DefaultFullHttpRequest(decodeResult: success, version: HTTP/1.1, content: EmptyByteBufBE)
GET /session/dd1aa6ada09a2dc0885dd1607de78955/url HTTP/1.1
User-Agent: selenium/4.8.1 (java windows)
Cache-Control: no-cache
Content-Type: application/json; charset=utf-8
host: localhost:46211
accept: */*

Response DefaultHttpResponse(decodeResult: success, version: HTTP/1.1)
HTTP/1.1 200 OK
Content-Length: 54
Content-Type: application/json; charset=utf-8
cache-control: no-cache

20:19:36.809 [AsyncHttpClient-1-11] DEBUG org.asynchttpclient.netty.channel.ChannelManager - Adding key: http://localhost:46211 for channel [id: 0x1d5e0662, L:/127.0.0.1:55095 - R:localhost/127.0.0.1:46211]
20:19:36.811 [main] DEBUG net.thucydides.core.steps.StepInterceptor - STARTING STEP: RegisterSteps.inputFullnameReg - inputFullnameReg
20:19:36.812 [Forwarding findElement on session dd1aa6ada09a2dc0885dd1607de78955 to remote] DEBUG org.asynchttpclient.netty.request.NettyRequestSender - Using pooled Channel '[id: 0x1d5e0662, L:/127.0.0.1:55095 - R:localhost/127.0.0.1:46211]' for 'POST' to 'http://localhost:46211/session/dd1aa6ada09a2dc0885dd1607de78955/element'
20:19:36.812 [Forwarding findElement on session dd1aa6ada09a2dc0885dd1607de78955 to remote] DEBUG org.asynchttpclient.netty.request.NettyRequestSender - Using open Channel [id: 0x1d5e0662, L:/127.0.0.1:55095 - R:localhost/127.0.0.1:46211] for POST '/session/dd1aa6ada09a2dc0885dd1607de78955/element'
20:19:36.820 [AsyncHttpClient-1-11] DEBUG org.asynchttpclient.netty.handler.HttpHandler - 

Request DefaultHttpRequest(decodeResult: success, version: HTTP/1.1)
POST /session/dd1aa6ada09a2dc0885dd1607de78955/element HTTP/1.1
User-Agent: selenium/4.8.1 (java windows)
Content-Length: 55
Content-Type: application/json; charset=utf-8
host: localhost:46211
accept: */*

Response DefaultHttpResponse(decodeResult: success, version: HTTP/1.1)
HTTP/1.1 200 OK
Content-Length: 88
Content-Type: application/json; charset=utf-8
cache-control: no-cache

20:19:36.820 [AsyncHttpClient-1-11] DEBUG org.asynchttpclient.netty.channel.ChannelManager - Adding key: http://localhost:46211 for channel [id: 0x1d5e0662, L:/127.0.0.1:55095 - R:localhost/127.0.0.1:46211]
20:19:36.821 [Forwarding clearElement on session dd1aa6ada09a2dc0885dd1607de78955 to remote] DEBUG org.asynchttpclient.netty.request.NettyRequestSender - Using pooled Channel '[id: 0x1d5e0662, L:/127.0.0.1:55095 - R:localhost/127.0.0.1:46211]' for 'POST' to 'http://localhost:46211/session/dd1aa6ada09a2dc0885dd1607de78955/element/cd1f1a8e-84e0-4de2-bea8-80885085bdbf/clear'
20:19:36.821 [Forwarding clearElement on session dd1aa6ada09a2dc0885dd1607de78955 to remote] DEBUG org.asynchttpclient.netty.request.NettyRequestSender - Using open Channel [id: 0x1d5e0662, L:/127.0.0.1:55095 - R:localhost/127.0.0.1:46211] for POST '/session/dd1aa6ada09a2dc0885dd1607de78955/element/cd1f1a8e-84e0-4de2-bea8-80885085bdbf/clear'
20:19:36.842 [AsyncHttpClient-1-11] DEBUG org.asynchttpclient.netty.handler.HttpHandler - 

Request DefaultHttpRequest(decodeResult: success, version: HTTP/1.1)
POST /session/dd1aa6ada09a2dc0885dd1607de78955/element/cd1f1a8e-84e0-4de2-bea8-80885085bdbf/clear HTTP/1.1
User-Agent: selenium/4.8.1 (java windows)
Content-Length: 50
Content-Type: application/json; charset=utf-8
host: localhost:46211
accept: */*

Response DefaultHttpResponse(decodeResult: success, version: HTTP/1.1)
HTTP/1.1 200 OK
Content-Length: 14
Content-Type: application/json; charset=utf-8
cache-control: no-cache

20:19:36.843 [AsyncHttpClient-1-11] DEBUG org.asynchttpclient.netty.channel.ChannelManager - Adding key: http://localhost:46211 for channel [id: 0x1d5e0662, L:/127.0.0.1:55095 - R:localhost/127.0.0.1:46211]
20:19:36.844 [Forwarding sendKeysToElement on session dd1aa6ada09a2dc0885dd1607de78955 to remote] DEBUG org.asynchttpclient.netty.request.NettyRequestSender - Using pooled Channel '[id: 0x1d5e0662, L:/127.0.0.1:55095 - R:localhost/127.0.0.1:46211]' for 'POST' to 'http://localhost:46211/session/dd1aa6ada09a2dc0885dd1607de78955/element/cd1f1a8e-84e0-4de2-bea8-80885085bdbf/value'
20:19:36.844 [Forwarding sendKeysToElement on session dd1aa6ada09a2dc0885dd1607de78955 to remote] DEBUG org.asynchttpclient.netty.request.NettyRequestSender - Using open Channel [id: 0x1d5e0662, L:/127.0.0.1:55095 - R:localhost/127.0.0.1:46211] for POST '/session/dd1aa6ada09a2dc0885dd1607de78955/element/cd1f1a8e-84e0-4de2-bea8-80885085bdbf/value'
20:19:36.880 [AsyncHttpClient-1-11] DEBUG org.asynchttpclient.netty.handler.HttpHandler - 

Request DefaultHttpRequest(decodeResult: success, version: HTTP/1.1)
POST /session/dd1aa6ada09a2dc0885dd1607de78955/element/cd1f1a8e-84e0-4de2-bea8-80885085bdbf/value HTTP/1.1
User-Agent: selenium/4.8.1 (java windows)
Content-Length: 101
Content-Type: application/json; charset=utf-8
host: localhost:46211
accept: */*

Response DefaultHttpResponse(decodeResult: success, version: HTTP/1.1)
HTTP/1.1 200 OK
Content-Length: 14
Content-Type: application/json; charset=utf-8
cache-control: no-cache

20:19:36.880 [AsyncHttpClient-1-11] DEBUG org.asynchttpclient.netty.channel.ChannelManager - Adding key: http://localhost:46211 for channel [id: 0x1d5e0662, L:/127.0.0.1:55095 - R:localhost/127.0.0.1:46211]
20:19:36.884 [Forwarding getAlertText on session dd1aa6ada09a2dc0885dd1607de78955 to remote] DEBUG org.asynchttpclient.netty.request.NettyRequestSender - Using pooled Channel '[id: 0x1d5e0662, L:/127.0.0.1:55095 - R:localhost/127.0.0.1:46211]' for 'GET' to 'http://localhost:46211/session/dd1aa6ada09a2dc0885dd1607de78955/alert/text'
20:19:36.884 [Forwarding getAlertText on session dd1aa6ada09a2dc0885dd1607de78955 to remote] DEBUG org.asynchttpclient.netty.request.NettyRequestSender - Using open Channel [id: 0x1d5e0662, L:/127.0.0.1:55095 - R:localhost/127.0.0.1:46211] for GET '/session/dd1aa6ada09a2dc0885dd1607de78955/alert/text'
20:19:36.885 [AsyncHttpClient-1-11] DEBUG org.asynchttpclient.netty.handler.HttpHandler - 

Request DefaultFullHttpRequest(decodeResult: success, version: HTTP/1.1, content: EmptyByteBufBE)
GET /session/dd1aa6ada09a2dc0885dd1607de78955/alert/text HTTP/1.1
User-Agent: selenium/4.8.1 (java windows)
Cache-Control: no-cache
Content-Type: application/json; charset=utf-8
host: localhost:46211
accept: */*

Response DefaultHttpResponse(decodeResult: success, version: HTTP/1.1)
HTTP/1.1 404 Not Found
Content-Length: 836
Content-Type: application/json; charset=utf-8
cache-control: no-cache

20:19:36.885 [AsyncHttpClient-1-11] DEBUG org.asynchttpclient.netty.channel.ChannelManager - Adding key: http://localhost:46211 for channel [id: 0x1d5e0662, L:/127.0.0.1:55095 - R:localhost/127.0.0.1:46211]
20:19:36.886 [Forwarding getCurrentUrl on session dd1aa6ada09a2dc0885dd1607de78955 to remote] DEBUG org.asynchttpclient.netty.request.NettyRequestSender - Using pooled Channel '[id: 0x1d5e0662, L:/127.0.0.1:55095 - R:localhost/127.0.0.1:46211]' for 'GET' to 'http://localhost:46211/session/dd1aa6ada09a2dc0885dd1607de78955/url'
20:19:36.886 [Forwarding getCurrentUrl on session dd1aa6ada09a2dc0885dd1607de78955 to remote] DEBUG org.asynchttpclient.netty.request.NettyRequestSender - Using open Channel [id: 0x1d5e0662, L:/127.0.0.1:55095 - R:localhost/127.0.0.1:46211] for GET '/session/dd1aa6ada09a2dc0885dd1607de78955/url'
20:19:36.889 [AsyncHttpClient-1-11] DEBUG org.asynchttpclient.netty.handler.HttpHandler - 

Request DefaultFullHttpRequest(decodeResult: success, version: HTTP/1.1, content: EmptyByteBufBE)
GET /session/dd1aa6ada09a2dc0885dd1607de78955/url HTTP/1.1
User-Agent: selenium/4.8.1 (java windows)
Cache-Control: no-cache
Content-Type: application/json; charset=utf-8
host: localhost:46211
accept: */*

Response DefaultHttpResponse(decodeResult: success, version: HTTP/1.1)
HTTP/1.1 200 OK
Content-Length: 54
Content-Type: application/json; charset=utf-8
cache-control: no-cache

20:19:36.889 [AsyncHttpClient-1-11] DEBUG org.asynchttpclient.netty.channel.ChannelManager - Adding key: http://localhost:46211 for channel [id: 0x1d5e0662, L:/127.0.0.1:55095 - R:localhost/127.0.0.1:46211]
20:19:36.890 [Forwarding screenshot on session dd1aa6ada09a2dc0885dd1607de78955 to remote] DEBUG org.asynchttpclient.netty.request.NettyRequestSender - Using pooled Channel '[id: 0x1d5e0662, L:/127.0.0.1:55095 - R:localhost/127.0.0.1:46211]' for 'GET' to 'http://localhost:46211/session/dd1aa6ada09a2dc0885dd1607de78955/screenshot'
20:19:36.890 [Forwarding screenshot on session dd1aa6ada09a2dc0885dd1607de78955 to remote] DEBUG org.asynchttpclient.netty.request.NettyRequestSender - Using open Channel [id: 0x1d5e0662, L:/127.0.0.1:55095 - R:localhost/127.0.0.1:46211] for GET '/session/dd1aa6ada09a2dc0885dd1607de78955/screenshot'
20:19:37.025 [AsyncHttpClient-1-11] DEBUG org.asynchttpclient.netty.handler.HttpHandler - 

Request DefaultFullHttpRequest(decodeResult: success, version: HTTP/1.1, content: EmptyByteBufBE)
GET /session/dd1aa6ada09a2dc0885dd1607de78955/screenshot HTTP/1.1
User-Agent: selenium/4.8.1 (java windows)
Cache-Control: no-cache
Content-Type: application/json; charset=utf-8
host: localhost:46211
accept: */*

Response DefaultHttpResponse(decodeResult: success, version: HTTP/1.1)
HTTP/1.1 200 OK
Content-Length: 30784
Content-Type: application/json; charset=utf-8
cache-control: no-cache

20:19:37.025 [AsyncHttpClient-1-11] DEBUG org.asynchttpclient.netty.channel.ChannelManager - Adding key: http://localhost:46211 for channel [id: 0x1d5e0662, L:/127.0.0.1:55095 - R:localhost/127.0.0.1:46211]
20:19:37.026 [main] DEBUG net.serenitybdd.core.photography.Darkroom - Send negative for processing for target\site\serenity\98685e8f175f94197423c19b653222dcc17a474221417df02c5cbeddf6e38bdc.png
20:19:37.026 [main] DEBUG net.thucydides.core.steps.StepInterceptor - STEP DONE: inputFullnameReg
  &amp#27;[32mAnd &amp#27;[0m&amp#27;[32mI input correct fullname for register&amp#27;[0m    &amp#27;[90m# starter.stepdefinitions.RegisterSteps.inputFullnameReg()&amp#27;[0m
20:19:37.026 [Darkroom Processing Line] DEBUG net.serenitybdd.core.photography.DarkroomProcessingLine - Processing screenshot image in /var/screenshots/screenshot-2079272564515671285
20:19:37.026 [Darkroom Processing Line] DEBUG net.serenitybdd.core.photography.DarkroomProcessingLine - Saving screenshot to target\site\serenity\98685e8f175f94197423c19b653222dcc17a474221417df02c5cbeddf6e38bdc.png
20:19:37.033 [Forwarding getPageSource on session dd1aa6ada09a2dc0885dd1607de78955 to remote] DEBUG org.asynchttpclient.netty.request.NettyRequestSender - Using pooled Channel '[id: 0x1d5e0662, L:/127.0.0.1:55095 - R:localhost/127.0.0.1:46211]' for 'POST' to 'http://localhost:46211/session/dd1aa6ada09a2dc0885dd1607de78955/execute/sync'
20:19:37.033 [Forwarding getPageSource on session dd1aa6ada09a2dc0885dd1607de78955 to remote] DEBUG org.asynchttpclient.netty.request.NettyRequestSender - Using open Channel [id: 0x1d5e0662, L:/127.0.0.1:55095 - R:localhost/127.0.0.1:46211] for POST '/session/dd1aa6ada09a2dc0885dd1607de78955/execute/sync'
20:19:37.038 [AsyncHttpClient-1-11] DEBUG org.asynchttpclient.netty.handler.HttpHandler - 

Request DefaultHttpRequest(decodeResult: success, version: HTTP/1.1)
POST /session/dd1aa6ada09a2dc0885dd1607de78955/execute/sync HTTP/1.1
User-Agent: selenium/4.8.1 (java windows)
Content-Length: 176
Content-Type: application/json; charset=utf-8
host: localhost:46211
accept: */*

Response DefaultHttpResponse(decodeResult: success, version: HTTP/1.1)
HTTP/1.1 200 OK
Content-Length: 22435
Content-Type: application/json; charset=utf-8
cache-control: no-cache

20:19:37.038 [AsyncHttpClient-1-11] DEBUG org.asynchttpclient.netty.channel.ChannelManager - Adding key: http://localhost:46211 for channel [id: 0x1d5e0662, L:/127.0.0.1:55095 - R:localhost/127.0.0.1:46211]
20:19:37.040 [Forwarding getCurrentUrl on session dd1aa6ada09a2dc0885dd1607de78955 to remote] DEBUG org.asynchttpclient.netty.request.NettyRequestSender - Using pooled Channel '[id: 0x1d5e0662, L:/127.0.0.1:55095 - R:localhost/127.0.0.1:46211]' for 'GET' to 'http://localhost:46211/session/dd1aa6ada09a2dc0885dd1607de78955/url'
20:19:37.040 [Forwarding getCurrentUrl on session dd1aa6ada09a2dc0885dd1607de78955 to remote] DEBUG org.asynchttpclient.netty.request.NettyRequestSender - Using open Channel [id: 0x1d5e0662, L:/127.0.0.1:55095 - R:localhost/127.0.0.1:46211] for GET '/session/dd1aa6ada09a2dc0885dd1607de78955/url'
20:19:37.044 [AsyncHttpClient-1-11] DEBUG org.asynchttpclient.netty.handler.HttpHandler - 

Request DefaultFullHttpRequest(decodeResult: success, version: HTTP/1.1, content: EmptyByteBufBE)
GET /session/dd1aa6ada09a2dc0885dd1607de78955/url HTTP/1.1
User-Agent: selenium/4.8.1 (java windows)
Cache-Control: no-cache
Content-Type: application/json; charset=utf-8
host: localhost:46211
accept: */*

Response DefaultHttpResponse(decodeResult: success, version: HTTP/1.1)
HTTP/1.1 200 OK
Content-Length: 54
Content-Type: application/json; charset=utf-8
cache-control: no-cache

20:19:37.044 [AsyncHttpClient-1-11] DEBUG org.asynchttpclient.netty.channel.ChannelManager - Adding key: http://localhost:46211 for channel [id: 0x1d5e0662, L:/127.0.0.1:55095 - R:localhost/127.0.0.1:46211]
20:19:37.054 [Forwarding getPageSource on session dd1aa6ada09a2dc0885dd1607de78955 to remote] DEBUG org.asynchttpclient.netty.request.NettyRequestSender - Using pooled Channel '[id: 0x1d5e0662, L:/127.0.0.1:55095 - R:localhost/127.0.0.1:46211]' for 'POST' to 'http://localhost:46211/session/dd1aa6ada09a2dc0885dd1607de78955/execute/sync'
20:19:37.054 [Forwarding getPageSource on session dd1aa6ada09a2dc0885dd1607de78955 to remote] DEBUG org.asynchttpclient.netty.request.NettyRequestSender - Using open Channel [id: 0x1d5e0662, L:/127.0.0.1:55095 - R:localhost/127.0.0.1:46211] for POST '/session/dd1aa6ada09a2dc0885dd1607de78955/execute/sync'
20:19:37.059 [AsyncHttpClient-1-11] DEBUG org.asynchttpclient.netty.handler.HttpHandler - 

Request DefaultHttpRequest(decodeResult: success, version: HTTP/1.1)
POST /session/dd1aa6ada09a2dc0885dd1607de78955/execute/sync HTTP/1.1
User-Agent: selenium/4.8.1 (java windows)
Content-Length: 176
Content-Type: application/json; charset=utf-8
host: localhost:46211
accept: */*

Response DefaultHttpResponse(decodeResult: success, version: HTTP/1.1)
HTTP/1.1 200 OK
Content-Length: 22435
Content-Type: application/json; charset=utf-8
cache-control: no-cache

20:19:37.059 [AsyncHttpClient-1-11] DEBUG org.asynchttpclient.netty.channel.ChannelManager - Adding key: http://localhost:46211 for channel [id: 0x1d5e0662, L:/127.0.0.1:55095 - R:localhost/127.0.0.1:46211]
20:19:37.061 [Forwarding getCurrentUrl on session dd1aa6ada09a2dc0885dd1607de78955 to remote] DEBUG org.asynchttpclient.netty.request.NettyRequestSender - Using pooled Channel '[id: 0x1d5e0662, L:/127.0.0.1:55095 - R:localhost/127.0.0.1:46211]' for 'GET' to 'http://localhost:46211/session/dd1aa6ada09a2dc0885dd1607de78955/url'
20:19:37.061 [Forwarding getCurrentUrl on session dd1aa6ada09a2dc0885dd1607de78955 to remote] DEBUG org.asynchttpclient.netty.request.NettyRequestSender - Using open Channel [id: 0x1d5e0662, L:/127.0.0.1:55095 - R:localhost/127.0.0.1:46211] for GET '/session/dd1aa6ada09a2dc0885dd1607de78955/url'
20:19:37.065 [AsyncHttpClient-1-11] DEBUG org.asynchttpclient.netty.handler.HttpHandler - 

Request DefaultFullHttpRequest(decodeResult: success, version: HTTP/1.1, content: EmptyByteBufBE)
GET /session/dd1aa6ada09a2dc0885dd1607de78955/url HTTP/1.1
User-Agent: selenium/4.8.1 (java windows)
Cache-Control: no-cache
Content-Type: application/json; charset=utf-8
host: localhost:46211
accept: */*

Response DefaultHttpResponse(decodeResult: success, version: HTTP/1.1)
HTTP/1.1 200 OK
Content-Length: 54
Content-Type: application/json; charset=utf-8
cache-control: no-cache

20:19:37.065 [AsyncHttpClient-1-11] DEBUG org.asynchttpclient.netty.channel.ChannelManager - Adding key: http://localhost:46211 for channel [id: 0x1d5e0662, L:/127.0.0.1:55095 - R:localhost/127.0.0.1:46211]
20:19:37.067 [main] DEBUG net.thucydides.core.steps.StepInterceptor - STARTING STEP: RegisterSteps.inputEmailReg - inputEmailReg
20:19:37.068 [Forwarding findElement on session dd1aa6ada09a2dc0885dd1607de78955 to remote] DEBUG org.asynchttpclient.netty.request.NettyRequestSender - Using pooled Channel '[id: 0x1d5e0662, L:/127.0.0.1:55095 - R:localhost/127.0.0.1:46211]' for 'POST' to 'http://localhost:46211/session/dd1aa6ada09a2dc0885dd1607de78955/element'
20:19:37.068 [Forwarding findElement on session dd1aa6ada09a2dc0885dd1607de78955 to remote] DEBUG org.asynchttpclient.netty.request.NettyRequestSender - Using open Channel [id: 0x1d5e0662, L:/127.0.0.1:55095 - R:localhost/127.0.0.1:46211] for POST '/session/dd1aa6ada09a2dc0885dd1607de78955/element'
20:19:37.079 [AsyncHttpClient-1-11] DEBUG org.asynchttpclient.netty.handler.HttpHandler - 

Request DefaultHttpRequest(decodeResult: success, version: HTTP/1.1)
POST /session/dd1aa6ada09a2dc0885dd1607de78955/element HTTP/1.1
User-Agent: selenium/4.8.1 (java windows)
Content-Length: 55
Content-Type: application/json; charset=utf-8
host: localhost:46211
accept: */*

Response DefaultHttpResponse(decodeResult: success, version: HTTP/1.1)
HTTP/1.1 200 OK
Content-Length: 88
Content-Type: application/json; charset=utf-8
cache-control: no-cache

20:19:37.079 [AsyncHttpClient-1-11] DEBUG org.asynchttpclient.netty.channel.ChannelManager - Adding key: http://localhost:46211 for channel [id: 0x1d5e0662, L:/127.0.0.1:55095 - R:localhost/127.0.0.1:46211]
20:19:37.079 [Forwarding clearElement on session dd1aa6ada09a2dc0885dd1607de78955 to remote] DEBUG org.asynchttpclient.netty.request.NettyRequestSender - Using pooled Channel '[id: 0x1d5e0662, L:/127.0.0.1:55095 - R:localhost/127.0.0.1:46211]' for 'POST' to 'http://localhost:46211/session/dd1aa6ada09a2dc0885dd1607de78955/element/ba52ace7-fab4-4077-81a8-ebe5a4fdc08d/clear'
20:19:37.080 [Forwarding clearElement on session dd1aa6ada09a2dc0885dd1607de78955 to remote] DEBUG org.asynchttpclient.netty.request.NettyRequestSender - Using open Channel [id: 0x1d5e0662, L:/127.0.0.1:55095 - R:localhost/127.0.0.1:46211] for POST '/session/dd1aa6ada09a2dc0885dd1607de78955/element/ba52ace7-fab4-4077-81a8-ebe5a4fdc08d/clear'
20:19:37.104 [AsyncHttpClient-1-11] DEBUG org.asynchttpclient.netty.handler.HttpHandler - 

Request DefaultHttpRequest(decodeResult: success, version: HTTP/1.1)
POST /session/dd1aa6ada09a2dc0885dd1607de78955/element/ba52ace7-fab4-4077-81a8-ebe5a4fdc08d/clear HTTP/1.1
User-Agent: selenium/4.8.1 (java windows)
Content-Length: 50
Content-Type: application/json; charset=utf-8
host: localhost:46211
accept: */*

Response DefaultHttpResponse(decodeResult: success, version: HTTP/1.1)
HTTP/1.1 200 OK
Content-Length: 14
Content-Type: application/json; charset=utf-8
cache-control: no-cache

20:19:37.104 [AsyncHttpClient-1-11] DEBUG org.asynchttpclient.netty.channel.ChannelManager - Adding key: http://localhost:46211 for channel [id: 0x1d5e0662, L:/127.0.0.1:55095 - R:localhost/127.0.0.1:46211]
20:19:37.106 [Forwarding sendKeysToElement on session dd1aa6ada09a2dc0885dd1607de78955 to remote] DEBUG org.asynchttpclient.netty.request.NettyRequestSender - Using pooled Channel '[id: 0x1d5e0662, L:/127.0.0.1:55095 - R:localhost/127.0.0.1:46211]' for 'POST' to 'http://localhost:46211/session/dd1aa6ada09a2dc0885dd1607de78955/element/ba52ace7-fab4-4077-81a8-ebe5a4fdc08d/value'
20:19:37.106 [Forwarding sendKeysToElement on session dd1aa6ada09a2dc0885dd1607de78955 to remote] DEBUG org.asynchttpclient.netty.request.NettyRequestSender - Using open Channel [id: 0x1d5e0662, L:/127.0.0.1:55095 - R:localhost/127.0.0.1:46211] for POST '/session/dd1aa6ada09a2dc0885dd1607de78955/element/ba52ace7-fab4-4077-81a8-ebe5a4fdc08d/value'
20:19:37.184 [AsyncHttpClient-1-11] DEBUG org.asynchttpclient.netty.handler.HttpHandler - 

Request DefaultHttpRequest(decodeResult: success, version: HTTP/1.1)
POST /session/dd1aa6ada09a2dc0885dd1607de78955/element/ba52ace7-fab4-4077-81a8-ebe5a4fdc08d/value HTTP/1.1
User-Agent: selenium/4.8.1 (java windows)
Content-Length: 221
Content-Type: application/json; charset=utf-8
host: localhost:46211
accept: */*

Response DefaultHttpResponse(decodeResult: success, version: HTTP/1.1)
HTTP/1.1 200 OK
Content-Length: 14
Content-Type: application/json; charset=utf-8
cache-control: no-cache

20:19:37.184 [AsyncHttpClient-1-11] DEBUG org.asynchttpclient.netty.channel.ChannelManager - Adding key: http://localhost:46211 for channel [id: 0x1d5e0662, L:/127.0.0.1:55095 - R:localhost/127.0.0.1:46211]
20:19:37.192 [Forwarding getAlertText on session dd1aa6ada09a2dc0885dd1607de78955 to remote] DEBUG org.asynchttpclient.netty.request.NettyRequestSender - Using pooled Channel '[id: 0x1d5e0662, L:/127.0.0.1:55095 - R:localhost/127.0.0.1:46211]' for 'GET' to 'http://localhost:46211/session/dd1aa6ada09a2dc0885dd1607de78955/alert/text'
20:19:37.192 [Forwarding getAlertText on session dd1aa6ada09a2dc0885dd1607de78955 to remote] DEBUG org.asynchttpclient.netty.request.NettyRequestSender - Using open Channel [id: 0x1d5e0662, L:/127.0.0.1:55095 - R:localhost/127.0.0.1:46211] for GET '/session/dd1aa6ada09a2dc0885dd1607de78955/alert/text'
20:19:37.193 [AsyncHttpClient-1-11] DEBUG org.asynchttpclient.netty.handler.HttpHandler - 

Request DefaultFullHttpRequest(decodeResult: success, version: HTTP/1.1, content: EmptyByteBufBE)
GET /session/dd1aa6ada09a2dc0885dd1607de78955/alert/text HTTP/1.1
User-Agent: selenium/4.8.1 (java windows)
Cache-Control: no-cache
Content-Type: application/json; charset=utf-8
host: localhost:46211
accept: */*

Response DefaultHttpResponse(decodeResult: success, version: HTTP/1.1)
HTTP/1.1 404 Not Found
Content-Length: 836
Content-Type: application/json; charset=utf-8
cache-control: no-cache

20:19:37.193 [AsyncHttpClient-1-11] DEBUG org.asynchttpclient.netty.channel.ChannelManager - Adding key: http://localhost:46211 for channel [id: 0x1d5e0662, L:/127.0.0.1:55095 - R:localhost/127.0.0.1:46211]
20:19:37.194 [Forwarding getCurrentUrl on session dd1aa6ada09a2dc0885dd1607de78955 to remote] DEBUG org.asynchttpclient.netty.request.NettyRequestSender - Using pooled Channel '[id: 0x1d5e0662, L:/127.0.0.1:55095 - R:localhost/127.0.0.1:46211]' for 'GET' to 'http://localhost:46211/session/dd1aa6ada09a2dc0885dd1607de78955/url'
20:19:37.194 [Forwarding getCurrentUrl on session dd1aa6ada09a2dc0885dd1607de78955 to remote] DEBUG org.asynchttpclient.netty.request.NettyRequestSender - Using open Channel [id: 0x1d5e0662, L:/127.0.0.1:55095 - R:localhost/127.0.0.1:46211] for GET '/session/dd1aa6ada09a2dc0885dd1607de78955/url'
20:19:37.197 [AsyncHttpClient-1-11] DEBUG org.asynchttpclient.netty.handler.HttpHandler - 

Request DefaultFullHttpRequest(decodeResult: success, version: HTTP/1.1, content: EmptyByteBufBE)
GET /session/dd1aa6ada09a2dc0885dd1607de78955/url HTTP/1.1
User-Agent: selenium/4.8.1 (java windows)
Cache-Control: no-cache
Content-Type: application/json; charset=utf-8
host: localhost:46211
accept: */*

Response DefaultHttpResponse(decodeResult: success, version: HTTP/1.1)
HTTP/1.1 200 OK
Content-Length: 54
Content-Type: application/json; charset=utf-8
cache-control: no-cache

20:19:37.198 [AsyncHttpClient-1-11] DEBUG org.asynchttpclient.netty.channel.ChannelManager - Adding key: http://localhost:46211 for channel [id: 0x1d5e0662, L:/127.0.0.1:55095 - R:localhost/127.0.0.1:46211]
20:19:37.198 [Forwarding screenshot on session dd1aa6ada09a2dc0885dd1607de78955 to remote] DEBUG org.asynchttpclient.netty.request.NettyRequestSender - Using pooled Channel '[id: 0x1d5e0662, L:/127.0.0.1:55095 - R:localhost/127.0.0.1:46211]' for 'GET' to 'http://localhost:46211/session/dd1aa6ada09a2dc0885dd1607de78955/screenshot'
20:19:37.198 [Forwarding screenshot on session dd1aa6ada09a2dc0885dd1607de78955 to remote] DEBUG org.asynchttpclient.netty.request.NettyRequestSender - Using open Channel [id: 0x1d5e0662, L:/127.0.0.1:55095 - R:localhost/127.0.0.1:46211] for GET '/session/dd1aa6ada09a2dc0885dd1607de78955/screenshot'
20:19:37.253 [AsyncHttpClient-1-1] DEBUG org.asynchttpclient.netty.channel.DefaultChannelPool - Entry count for : http://localhost:55096 : 1
20:19:37.289 [AsyncHttpClient-1-11] DEBUG org.asynchttpclient.netty.handler.HttpHandler - 

Request DefaultFullHttpRequest(decodeResult: success, version: HTTP/1.1, content: EmptyByteBufBE)
GET /session/dd1aa6ada09a2dc0885dd1607de78955/screenshot HTTP/1.1
User-Agent: selenium/4.8.1 (java windows)
Cache-Control: no-cache
Content-Type: application/json; charset=utf-8
host: localhost:46211
accept: */*

Response DefaultHttpResponse(decodeResult: success, version: HTTP/1.1)
HTTP/1.1 200 OK
Content-Length: 34004
Content-Type: application/json; charset=utf-8
cache-control: no-cache

20:19:37.289 [AsyncHttpClient-1-11] DEBUG org.asynchttpclient.netty.channel.ChannelManager - Adding key: http://localhost:46211 for channel [id: 0x1d5e0662, L:/127.0.0.1:55095 - R:localhost/127.0.0.1:46211]
20:19:37.290 [main] DEBUG net.serenitybdd.core.photography.Darkroom - Send negative for processing for target\site\serenity\b8176cc0c95d2e7f509bf12e34f393c68814c4c59ca4be61270d8db474aacb5a.png
20:19:37.290 [main] DEBUG net.thucydides.core.steps.StepInterceptor - STEP DONE: inputEmailReg
  &amp#27;[32mAnd &amp#27;[0m&amp#27;[32mI input correct email for register&amp#27;[0m       &amp#27;[90m# starter.stepdefinitions.RegisterSteps.inputEmailReg()&amp#27;[0m
20:19:37.290 [Darkroom Processing Line] DEBUG net.serenitybdd.core.photography.DarkroomProcessingLine - Processing screenshot image in /var/screenshots/screenshot-16479321200164060236
20:19:37.290 [Darkroom Processing Line] DEBUG net.serenitybdd.core.photography.DarkroomProcessingLine - Saving screenshot to target\site\serenity\b8176cc0c95d2e7f509bf12e34f393c68814c4c59ca4be61270d8db474aacb5a.png
20:19:37.297 [Forwarding getPageSource on session dd1aa6ada09a2dc0885dd1607de78955 to remote] DEBUG org.asynchttpclient.netty.request.NettyRequestSender - Using pooled Channel '[id: 0x1d5e0662, L:/127.0.0.1:55095 - R:localhost/127.0.0.1:46211]' for 'POST' to 'http://localhost:46211/session/dd1aa6ada09a2dc0885dd1607de78955/execute/sync'
20:19:37.297 [Forwarding getPageSource on session dd1aa6ada09a2dc0885dd1607de78955 to remote] DEBUG org.asynchttpclient.netty.request.NettyRequestSender - Using open Channel [id: 0x1d5e0662, L:/127.0.0.1:55095 - R:localhost/127.0.0.1:46211] for POST '/session/dd1aa6ada09a2dc0885dd1607de78955/execute/sync'
20:19:37.302 [AsyncHttpClient-1-11] DEBUG org.asynchttpclient.netty.handler.HttpHandler - 

Request DefaultHttpRequest(decodeResult: success, version: HTTP/1.1)
POST /session/dd1aa6ada09a2dc0885dd1607de78955/execute/sync HTTP/1.1
User-Agent: selenium/4.8.1 (java windows)
Content-Length: 176
Content-Type: application/json; charset=utf-8
host: localhost:46211
accept: */*

Response DefaultHttpResponse(decodeResult: success, version: HTTP/1.1)
HTTP/1.1 200 OK
Content-Length: 22494
Content-Type: application/json; charset=utf-8
cache-control: no-cache

20:19:37.302 [AsyncHttpClient-1-11] DEBUG org.asynchttpclient.netty.channel.ChannelManager - Adding key: http://localhost:46211 for channel [id: 0x1d5e0662, L:/127.0.0.1:55095 - R:localhost/127.0.0.1:46211]
20:19:37.304 [Forwarding getCurrentUrl on session dd1aa6ada09a2dc0885dd1607de78955 to remote] DEBUG org.asynchttpclient.netty.request.NettyRequestSender - Using pooled Channel '[id: 0x1d5e0662, L:/127.0.0.1:55095 - R:localhost/127.0.0.1:46211]' for 'GET' to 'http://localhost:46211/session/dd1aa6ada09a2dc0885dd1607de78955/url'
20:19:37.304 [Forwarding getCurrentUrl on session dd1aa6ada09a2dc0885dd1607de78955 to remote] DEBUG org.asynchttpclient.netty.request.NettyRequestSender - Using open Channel [id: 0x1d5e0662, L:/127.0.0.1:55095 - R:localhost/127.0.0.1:46211] for GET '/session/dd1aa6ada09a2dc0885dd1607de78955/url'
20:19:37.308 [AsyncHttpClient-1-11] DEBUG org.asynchttpclient.netty.handler.HttpHandler - 

Request DefaultFullHttpRequest(decodeResult: success, version: HTTP/1.1, content: EmptyByteBufBE)
GET /session/dd1aa6ada09a2dc0885dd1607de78955/url HTTP/1.1
User-Agent: selenium/4.8.1 (java windows)
Cache-Control: no-cache
Content-Type: application/json; charset=utf-8
host: localhost:46211
accept: */*

Response DefaultHttpResponse(decodeResult: success, version: HTTP/1.1)
HTTP/1.1 200 OK
Content-Length: 54
Content-Type: application/json; charset=utf-8
cache-control: no-cache

20:19:37.308 [AsyncHttpClient-1-11] DEBUG org.asynchttpclient.netty.channel.ChannelManager - Adding key: http://localhost:46211 for channel [id: 0x1d5e0662, L:/127.0.0.1:55095 - R:localhost/127.0.0.1:46211]
20:19:37.314 [Forwarding getPageSource on session dd1aa6ada09a2dc0885dd1607de78955 to remote] DEBUG org.asynchttpclient.netty.request.NettyRequestSender - Using pooled Channel '[id: 0x1d5e0662, L:/127.0.0.1:55095 - R:localhost/127.0.0.1:46211]' for 'POST' to 'http://localhost:46211/session/dd1aa6ada09a2dc0885dd1607de78955/execute/sync'
20:19:37.314 [Forwarding getPageSource on session dd1aa6ada09a2dc0885dd1607de78955 to remote] DEBUG org.asynchttpclient.netty.request.NettyRequestSender - Using open Channel [id: 0x1d5e0662, L:/127.0.0.1:55095 - R:localhost/127.0.0.1:46211] for POST '/session/dd1aa6ada09a2dc0885dd1607de78955/execute/sync'
20:19:37.317 [AsyncHttpClient-1-11] DEBUG org.asynchttpclient.netty.handler.HttpHandler - 

Request DefaultHttpRequest(decodeResult: success, version: HTTP/1.1)
POST /session/dd1aa6ada09a2dc0885dd1607de78955/execute/sync HTTP/1.1
User-Agent: selenium/4.8.1 (java windows)
Content-Length: 176
Content-Type: application/json; charset=utf-8
host: localhost:46211
accept: */*

Response DefaultHttpResponse(decodeResult: success, version: HTTP/1.1)
HTTP/1.1 200 OK
Content-Length: 22494
Content-Type: application/json; charset=utf-8
cache-control: no-cache

20:19:37.318 [AsyncHttpClient-1-11] DEBUG org.asynchttpclient.netty.channel.ChannelManager - Adding key: http://localhost:46211 for channel [id: 0x1d5e0662, L:/127.0.0.1:55095 - R:localhost/127.0.0.1:46211]
20:19:37.319 [Forwarding getCurrentUrl on session dd1aa6ada09a2dc0885dd1607de78955 to remote] DEBUG org.asynchttpclient.netty.request.NettyRequestSender - Using pooled Channel '[id: 0x1d5e0662, L:/127.0.0.1:55095 - R:localhost/127.0.0.1:46211]' for 'GET' to 'http://localhost:46211/session/dd1aa6ada09a2dc0885dd1607de78955/url'
20:19:37.319 [Forwarding getCurrentUrl on session dd1aa6ada09a2dc0885dd1607de78955 to remote] DEBUG org.asynchttpclient.netty.request.NettyRequestSender - Using open Channel [id: 0x1d5e0662, L:/127.0.0.1:55095 - R:localhost/127.0.0.1:46211] for GET '/session/dd1aa6ada09a2dc0885dd1607de78955/url'
20:19:37.322 [AsyncHttpClient-1-11] DEBUG org.asynchttpclient.netty.handler.HttpHandler - 

Request DefaultFullHttpRequest(decodeResult: success, version: HTTP/1.1, content: EmptyByteBufBE)
GET /session/dd1aa6ada09a2dc0885dd1607de78955/url HTTP/1.1
User-Agent: selenium/4.8.1 (java windows)
Cache-Control: no-cache
Content-Type: application/json; charset=utf-8
host: localhost:46211
accept: */*

Response DefaultHttpResponse(decodeResult: success, version: HTTP/1.1)
HTTP/1.1 200 OK
Content-Length: 54
Content-Type: application/json; charset=utf-8
cache-control: no-cache

20:19:37.322 [AsyncHttpClient-1-11] DEBUG org.asynchttpclient.netty.channel.ChannelManager - Adding key: http://localhost:46211 for channel [id: 0x1d5e0662, L:/127.0.0.1:55095 - R:localhost/127.0.0.1:46211]
20:19:37.324 [main] DEBUG net.thucydides.core.steps.StepInterceptor - STARTING STEP: RegisterSteps.inputInvalidPasswordReg - inputPasswordReg
20:19:37.325 [Forwarding findElement on session dd1aa6ada09a2dc0885dd1607de78955 to remote] DEBUG org.asynchttpclient.netty.request.NettyRequestSender - Using pooled Channel '[id: 0x1d5e0662, L:/127.0.0.1:55095 - R:localhost/127.0.0.1:46211]' for 'POST' to 'http://localhost:46211/session/dd1aa6ada09a2dc0885dd1607de78955/element'
20:19:37.325 [Forwarding findElement on session dd1aa6ada09a2dc0885dd1607de78955 to remote] DEBUG org.asynchttpclient.netty.request.NettyRequestSender - Using open Channel [id: 0x1d5e0662, L:/127.0.0.1:55095 - R:localhost/127.0.0.1:46211] for POST '/session/dd1aa6ada09a2dc0885dd1607de78955/element'
20:19:37.335 [AsyncHttpClient-1-11] DEBUG org.asynchttpclient.netty.handler.HttpHandler - 

Request DefaultHttpRequest(decodeResult: success, version: HTTP/1.1)
POST /session/dd1aa6ada09a2dc0885dd1607de78955/element HTTP/1.1
User-Agent: selenium/4.8.1 (java windows)
Content-Length: 55
Content-Type: application/json; charset=utf-8
host: localhost:46211
accept: */*

Response DefaultHttpResponse(decodeResult: success, version: HTTP/1.1)
HTTP/1.1 200 OK
Content-Length: 88
Content-Type: application/json; charset=utf-8
cache-control: no-cache

20:19:37.335 [AsyncHttpClient-1-11] DEBUG org.asynchttpclient.netty.channel.ChannelManager - Adding key: http://localhost:46211 for channel [id: 0x1d5e0662, L:/127.0.0.1:55095 - R:localhost/127.0.0.1:46211]
20:19:37.336 [Forwarding clearElement on session dd1aa6ada09a2dc0885dd1607de78955 to remote] DEBUG org.asynchttpclient.netty.request.NettyRequestSender - Using pooled Channel '[id: 0x1d5e0662, L:/127.0.0.1:55095 - R:localhost/127.0.0.1:46211]' for 'POST' to 'http://localhost:46211/session/dd1aa6ada09a2dc0885dd1607de78955/element/96d80ef5-6ce8-45a9-885e-d7b0351636cc/clear'
20:19:37.336 [Forwarding clearElement on session dd1aa6ada09a2dc0885dd1607de78955 to remote] DEBUG org.asynchttpclient.netty.request.NettyRequestSender - Using open Channel [id: 0x1d5e0662, L:/127.0.0.1:55095 - R:localhost/127.0.0.1:46211] for POST '/session/dd1aa6ada09a2dc0885dd1607de78955/element/96d80ef5-6ce8-45a9-885e-d7b0351636cc/clear'
20:19:37.358 [AsyncHttpClient-1-11] DEBUG org.asynchttpclient.netty.handler.HttpHandler - 

Request DefaultHttpRequest(decodeResult: success, version: HTTP/1.1)
POST /session/dd1aa6ada09a2dc0885dd1607de78955/element/96d80ef5-6ce8-45a9-885e-d7b0351636cc/clear HTTP/1.1
User-Agent: selenium/4.8.1 (java windows)
Content-Length: 50
Content-Type: application/json; charset=utf-8
host: localhost:46211
accept: */*

Response DefaultHttpResponse(decodeResult: success, version: HTTP/1.1)
HTTP/1.1 200 OK
Content-Length: 14
Content-Type: application/json; charset=utf-8
cache-control: no-cache

20:19:37.358 [AsyncHttpClient-1-11] DEBUG org.asynchttpclient.netty.channel.ChannelManager - Adding key: http://localhost:46211 for channel [id: 0x1d5e0662, L:/127.0.0.1:55095 - R:localhost/127.0.0.1:46211]
20:19:37.360 [Forwarding sendKeysToElement on session dd1aa6ada09a2dc0885dd1607de78955 to remote] DEBUG org.asynchttpclient.netty.request.NettyRequestSender - Using pooled Channel '[id: 0x1d5e0662, L:/127.0.0.1:55095 - R:localhost/127.0.0.1:46211]' for 'POST' to 'http://localhost:46211/session/dd1aa6ada09a2dc0885dd1607de78955/element/96d80ef5-6ce8-45a9-885e-d7b0351636cc/value'
20:19:37.360 [Forwarding sendKeysToElement on session dd1aa6ada09a2dc0885dd1607de78955 to remote] DEBUG org.asynchttpclient.netty.request.NettyRequestSender - Using open Channel [id: 0x1d5e0662, L:/127.0.0.1:55095 - R:localhost/127.0.0.1:46211] for POST '/session/dd1aa6ada09a2dc0885dd1607de78955/element/96d80ef5-6ce8-45a9-885e-d7b0351636cc/value'
20:19:37.423 [AsyncHttpClient-1-11] DEBUG org.asynchttpclient.netty.handler.HttpHandler - 

Request DefaultHttpRequest(decodeResult: success, version: HTTP/1.1)
POST /session/dd1aa6ada09a2dc0885dd1607de78955/element/96d80ef5-6ce8-45a9-885e-d7b0351636cc/value HTTP/1.1
User-Agent: selenium/4.8.1 (java windows)
Content-Length: 82
Content-Type: application/json; charset=utf-8
host: localhost:46211
accept: */*

Response DefaultHttpResponse(decodeResult: success, version: HTTP/1.1)
HTTP/1.1 200 OK
Content-Length: 14
Content-Type: application/json; charset=utf-8
cache-control: no-cache

20:19:37.423 [AsyncHttpClient-1-11] DEBUG org.asynchttpclient.netty.channel.ChannelManager - Adding key: http://localhost:46211 for channel [id: 0x1d5e0662, L:/127.0.0.1:55095 - R:localhost/127.0.0.1:46211]
20:19:37.432 [Forwarding getAlertText on session dd1aa6ada09a2dc0885dd1607de78955 to remote] DEBUG org.asynchttpclient.netty.request.NettyRequestSender - Using pooled Channel '[id: 0x1d5e0662, L:/127.0.0.1:55095 - R:localhost/127.0.0.1:46211]' for 'GET' to 'http://localhost:46211/session/dd1aa6ada09a2dc0885dd1607de78955/alert/text'
20:19:37.432 [Forwarding getAlertText on session dd1aa6ada09a2dc0885dd1607de78955 to remote] DEBUG org.asynchttpclient.netty.request.NettyRequestSender - Using open Channel [id: 0x1d5e0662, L:/127.0.0.1:55095 - R:localhost/127.0.0.1:46211] for GET '/session/dd1aa6ada09a2dc0885dd1607de78955/alert/text'
20:19:37.434 [AsyncHttpClient-1-11] DEBUG org.asynchttpclient.netty.handler.HttpHandler - 

Request DefaultFullHttpRequest(decodeResult: success, version: HTTP/1.1, content: EmptyByteBufBE)
GET /session/dd1aa6ada09a2dc0885dd1607de78955/alert/text HTTP/1.1
User-Agent: selenium/4.8.1 (java windows)
Cache-Control: no-cache
Content-Type: application/json; charset=utf-8
host: localhost:46211
accept: */*

Response DefaultHttpResponse(decodeResult: success, version: HTTP/1.1)
HTTP/1.1 404 Not Found
Content-Length: 836
Content-Type: application/json; charset=utf-8
cache-control: no-cache

20:19:37.435 [AsyncHttpClient-1-11] DEBUG org.asynchttpclient.netty.channel.ChannelManager - Adding key: http://localhost:46211 for channel [id: 0x1d5e0662, L:/127.0.0.1:55095 - R:localhost/127.0.0.1:46211]
20:19:37.437 [Forwarding getCurrentUrl on session dd1aa6ada09a2dc0885dd1607de78955 to remote] DEBUG org.asynchttpclient.netty.request.NettyRequestSender - Using pooled Channel '[id: 0x1d5e0662, L:/127.0.0.1:55095 - R:localhost/127.0.0.1:46211]' for 'GET' to 'http://localhost:46211/session/dd1aa6ada09a2dc0885dd1607de78955/url'
20:19:37.437 [Forwarding getCurrentUrl on session dd1aa6ada09a2dc0885dd1607de78955 to remote] DEBUG org.asynchttpclient.netty.request.NettyRequestSender - Using open Channel [id: 0x1d5e0662, L:/127.0.0.1:55095 - R:localhost/127.0.0.1:46211] for GET '/session/dd1aa6ada09a2dc0885dd1607de78955/url'
20:19:37.445 [AsyncHttpClient-1-11] DEBUG org.asynchttpclient.netty.handler.HttpHandler - 

Request DefaultFullHttpRequest(decodeResult: success, version: HTTP/1.1, content: EmptyByteBufBE)
GET /session/dd1aa6ada09a2dc0885dd1607de78955/url HTTP/1.1
User-Agent: selenium/4.8.1 (java windows)
Cache-Control: no-cache
Content-Type: application/json; charset=utf-8
host: localhost:46211
accept: */*

Response DefaultHttpResponse(decodeResult: success, version: HTTP/1.1)
HTTP/1.1 200 OK
Content-Length: 54
Content-Type: application/json; charset=utf-8
cache-control: no-cache

20:19:37.445 [AsyncHttpClient-1-11] DEBUG org.asynchttpclient.netty.channel.ChannelManager - Adding key: http://localhost:46211 for channel [id: 0x1d5e0662, L:/127.0.0.1:55095 - R:localhost/127.0.0.1:46211]
20:19:37.447 [Forwarding screenshot on session dd1aa6ada09a2dc0885dd1607de78955 to remote] DEBUG org.asynchttpclient.netty.request.NettyRequestSender - Using pooled Channel '[id: 0x1d5e0662, L:/127.0.0.1:55095 - R:localhost/127.0.0.1:46211]' for 'GET' to 'http://localhost:46211/session/dd1aa6ada09a2dc0885dd1607de78955/screenshot'
20:19:37.447 [Forwarding screenshot on session dd1aa6ada09a2dc0885dd1607de78955 to remote] DEBUG org.asynchttpclient.netty.request.NettyRequestSender - Using open Channel [id: 0x1d5e0662, L:/127.0.0.1:55095 - R:localhost/127.0.0.1:46211] for GET '/session/dd1aa6ada09a2dc0885dd1607de78955/screenshot'
20:19:37.571 [AsyncHttpClient-1-11] DEBUG org.asynchttpclient.netty.handler.HttpHandler - 

Request DefaultFullHttpRequest(decodeResult: success, version: HTTP/1.1, content: EmptyByteBufBE)
GET /session/dd1aa6ada09a2dc0885dd1607de78955/screenshot HTTP/1.1
User-Agent: selenium/4.8.1 (java windows)
Cache-Control: no-cache
Content-Type: application/json; charset=utf-8
host: localhost:46211
accept: */*

Response DefaultHttpResponse(decodeResult: success, version: HTTP/1.1)
HTTP/1.1 200 OK
Content-Length: 33048
Content-Type: application/json; charset=utf-8
cache-control: no-cache

20:19:37.571 [AsyncHttpClient-1-11] DEBUG org.asynchttpclient.netty.channel.ChannelManager - Adding key: http://localhost:46211 for channel [id: 0x1d5e0662, L:/127.0.0.1:55095 - R:localhost/127.0.0.1:46211]
20:19:37.572 [main] DEBUG net.serenitybdd.core.photography.Darkroom - Send negative for processing for target\site\serenity\1b6806e7e5ba787cd1fc78056de5fb052fc0edf637b6aa29f373c3851a11c7d3.png
20:19:37.572 [main] DEBUG net.thucydides.core.steps.StepInterceptor - STEP DONE: inputPasswordReg
  &amp#27;[32mAnd &amp#27;[0m&amp#27;[32mI input nothing in password for register&amp#27;[0m &amp#27;[90m# starter.stepdefinitions.RegisterSteps.inputInvalidPasswordReg()&amp#27;[0m
20:19:37.573 [Darkroom Processing Line] DEBUG net.serenitybdd.core.photography.DarkroomProcessingLine - Processing screenshot image in /var/screenshots/screenshot-14836318435713746153
20:19:37.573 [Darkroom Processing Line] DEBUG net.serenitybdd.core.photography.DarkroomProcessingLine - Saving screenshot to target\site\serenity\1b6806e7e5ba787cd1fc78056de5fb052fc0edf637b6aa29f373c3851a11c7d3.png
20:19:37.579 [Forwarding getPageSource on session dd1aa6ada09a2dc0885dd1607de78955 to remote] DEBUG org.asynchttpclient.netty.request.NettyRequestSender - Using pooled Channel '[id: 0x1d5e0662, L:/127.0.0.1:55095 - R:localhost/127.0.0.1:46211]' for 'POST' to 'http://localhost:46211/session/dd1aa6ada09a2dc0885dd1607de78955/execute/sync'
20:19:37.579 [Forwarding getPageSource on session dd1aa6ada09a2dc0885dd1607de78955 to remote] DEBUG org.asynchttpclient.netty.request.NettyRequestSender - Using open Channel [id: 0x1d5e0662, L:/127.0.0.1:55095 - R:localhost/127.0.0.1:46211] for POST '/session/dd1aa6ada09a2dc0885dd1607de78955/execute/sync'
20:19:37.585 [AsyncHttpClient-1-11] DEBUG org.asynchttpclient.netty.handler.HttpHandler - 

Request DefaultHttpRequest(decodeResult: success, version: HTTP/1.1)
POST /session/dd1aa6ada09a2dc0885dd1607de78955/execute/sync HTTP/1.1
User-Agent: selenium/4.8.1 (java windows)
Content-Length: 176
Content-Type: application/json; charset=utf-8
host: localhost:46211
accept: */*

Response DefaultHttpResponse(decodeResult: success, version: HTTP/1.1)
HTTP/1.1 200 OK
Content-Length: 22510
Content-Type: application/json; charset=utf-8
cache-control: no-cache

20:19:37.585 [AsyncHttpClient-1-11] DEBUG org.asynchttpclient.netty.channel.ChannelManager - Adding key: http://localhost:46211 for channel [id: 0x1d5e0662, L:/127.0.0.1:55095 - R:localhost/127.0.0.1:46211]
20:19:37.586 [Forwarding getCurrentUrl on session dd1aa6ada09a2dc0885dd1607de78955 to remote] DEBUG org.asynchttpclient.netty.request.NettyRequestSender - Using pooled Channel '[id: 0x1d5e0662, L:/127.0.0.1:55095 - R:localhost/127.0.0.1:46211]' for 'GET' to 'http://localhost:46211/session/dd1aa6ada09a2dc0885dd1607de78955/url'
20:19:37.586 [Forwarding getCurrentUrl on session dd1aa6ada09a2dc0885dd1607de78955 to remote] DEBUG org.asynchttpclient.netty.request.NettyRequestSender - Using open Channel [id: 0x1d5e0662, L:/127.0.0.1:55095 - R:localhost/127.0.0.1:46211] for GET '/session/dd1aa6ada09a2dc0885dd1607de78955/url'
20:19:37.589 [AsyncHttpClient-1-11] DEBUG org.asynchttpclient.netty.handler.HttpHandler - 

Request DefaultFullHttpRequest(decodeResult: success, version: HTTP/1.1, content: EmptyByteBufBE)
GET /session/dd1aa6ada09a2dc0885dd1607de78955/url HTTP/1.1
User-Agent: selenium/4.8.1 (java windows)
Cache-Control: no-cache
Content-Type: application/json; charset=utf-8
host: localhost:46211
accept: */*

Response DefaultHttpResponse(decodeResult: success, version: HTTP/1.1)
HTTP/1.1 200 OK
Content-Length: 54
Content-Type: application/json; charset=utf-8
cache-control: no-cache

20:19:37.589 [AsyncHttpClient-1-11] DEBUG org.asynchttpclient.netty.channel.ChannelManager - Adding key: http://localhost:46211 for channel [id: 0x1d5e0662, L:/127.0.0.1:55095 - R:localhost/127.0.0.1:46211]
20:19:37.595 [Forwarding getPageSource on session dd1aa6ada09a2dc0885dd1607de78955 to remote] DEBUG org.asynchttpclient.netty.request.NettyRequestSender - Using pooled Channel '[id: 0x1d5e0662, L:/127.0.0.1:55095 - R:localhost/127.0.0.1:46211]' for 'POST' to 'http://localhost:46211/session/dd1aa6ada09a2dc0885dd1607de78955/execute/sync'
20:19:37.595 [Forwarding getPageSource on session dd1aa6ada09a2dc0885dd1607de78955 to remote] DEBUG org.asynchttpclient.netty.request.NettyRequestSender - Using open Channel [id: 0x1d5e0662, L:/127.0.0.1:55095 - R:localhost/127.0.0.1:46211] for POST '/session/dd1aa6ada09a2dc0885dd1607de78955/execute/sync'
20:19:37.600 [AsyncHttpClient-1-11] DEBUG org.asynchttpclient.netty.handler.HttpHandler - 

Request DefaultHttpRequest(decodeResult: success, version: HTTP/1.1)
POST /session/dd1aa6ada09a2dc0885dd1607de78955/execute/sync HTTP/1.1
User-Agent: selenium/4.8.1 (java windows)
Content-Length: 176
Content-Type: application/json; charset=utf-8
host: localhost:46211
accept: */*

Response DefaultHttpResponse(decodeResult: success, version: HTTP/1.1)
HTTP/1.1 200 OK
Content-Length: 22510
Content-Type: application/json; charset=utf-8
cache-control: no-cache

20:19:37.600 [AsyncHttpClient-1-11] DEBUG org.asynchttpclient.netty.channel.ChannelManager - Adding key: http://localhost:46211 for channel [id: 0x1d5e0662, L:/127.0.0.1:55095 - R:localhost/127.0.0.1:46211]
20:19:37.602 [Forwarding getCurrentUrl on session dd1aa6ada09a2dc0885dd1607de78955 to remote] DEBUG org.asynchttpclient.netty.request.NettyRequestSender - Using pooled Channel '[id: 0x1d5e0662, L:/127.0.0.1:55095 - R:localhost/127.0.0.1:46211]' for 'GET' to 'http://localhost:46211/session/dd1aa6ada09a2dc0885dd1607de78955/url'
20:19:37.602 [Forwarding getCurrentUrl on session dd1aa6ada09a2dc0885dd1607de78955 to remote] DEBUG org.asynchttpclient.netty.request.NettyRequestSender - Using open Channel [id: 0x1d5e0662, L:/127.0.0.1:55095 - R:localhost/127.0.0.1:46211] for GET '/session/dd1aa6ada09a2dc0885dd1607de78955/url'
20:19:37.605 [AsyncHttpClient-1-11] DEBUG org.asynchttpclient.netty.handler.HttpHandler - 

Request DefaultFullHttpRequest(decodeResult: success, version: HTTP/1.1, content: EmptyByteBufBE)
GET /session/dd1aa6ada09a2dc0885dd1607de78955/url HTTP/1.1
User-Agent: selenium/4.8.1 (java windows)
Cache-Control: no-cache
Content-Type: application/json; charset=utf-8
host: localhost:46211
accept: */*

Response DefaultHttpResponse(decodeResult: success, version: HTTP/1.1)
HTTP/1.1 200 OK
Content-Length: 54
Content-Type: application/json; charset=utf-8
cache-control: no-cache

20:19:37.606 [AsyncHttpClient-1-11] DEBUG org.asynchttpclient.netty.channel.ChannelManager - Adding key: http://localhost:46211 for channel [id: 0x1d5e0662, L:/127.0.0.1:55095 - R:localhost/127.0.0.1:46211]
20:19:37.607 [main] DEBUG net.thucydides.core.steps.StepInterceptor - STARTING STEP: RegisterSteps.ClickRegisterButton - ClickRegisterButton
20:19:37.609 [Forwarding findElement on session dd1aa6ada09a2dc0885dd1607de78955 to remote] DEBUG org.asynchttpclient.netty.request.NettyRequestSender - Using pooled Channel '[id: 0x1d5e0662, L:/127.0.0.1:55095 - R:localhost/127.0.0.1:46211]' for 'POST' to 'http://localhost:46211/session/dd1aa6ada09a2dc0885dd1607de78955/element'
20:19:37.609 [Forwarding findElement on session dd1aa6ada09a2dc0885dd1607de78955 to remote] DEBUG org.asynchttpclient.netty.request.NettyRequestSender - Using open Channel [id: 0x1d5e0662, L:/127.0.0.1:55095 - R:localhost/127.0.0.1:46211] for POST '/session/dd1aa6ada09a2dc0885dd1607de78955/element'
20:19:37.619 [AsyncHttpClient-1-11] DEBUG org.asynchttpclient.netty.handler.HttpHandler - 

Request DefaultHttpRequest(decodeResult: success, version: HTTP/1.1)
POST /session/dd1aa6ada09a2dc0885dd1607de78955/element HTTP/1.1
User-Agent: selenium/4.8.1 (java windows)
Content-Length: 71
Content-Type: application/json; charset=utf-8
host: localhost:46211
accept: */*

Response DefaultHttpResponse(decodeResult: success, version: HTTP/1.1)
HTTP/1.1 200 OK
Content-Length: 88
Content-Type: application/json; charset=utf-8
cache-control: no-cache

20:19:37.620 [AsyncHttpClient-1-11] DEBUG org.asynchttpclient.netty.channel.ChannelManager - Adding key: http://localhost:46211 for channel [id: 0x1d5e0662, L:/127.0.0.1:55095 - R:localhost/127.0.0.1:46211]
20:19:37.621 [Forwarding getElementTagName on session dd1aa6ada09a2dc0885dd1607de78955 to remote] DEBUG org.asynchttpclient.netty.request.NettyRequestSender - Using pooled Channel '[id: 0x1d5e0662, L:/127.0.0.1:55095 - R:localhost/127.0.0.1:46211]' for 'GET' to 'http://localhost:46211/session/dd1aa6ada09a2dc0885dd1607de78955/element/3c961612-4d01-4937-8bb7-9478679d346e/name'
20:19:37.621 [Forwarding getElementTagName on session dd1aa6ada09a2dc0885dd1607de78955 to remote] DEBUG org.asynchttpclient.netty.request.NettyRequestSender - Using open Channel [id: 0x1d5e0662, L:/127.0.0.1:55095 - R:localhost/127.0.0.1:46211] for GET '/session/dd1aa6ada09a2dc0885dd1607de78955/element/3c961612-4d01-4937-8bb7-9478679d346e/name'
20:19:37.626 [AsyncHttpClient-1-11] DEBUG org.asynchttpclient.netty.handler.HttpHandler - 

Request DefaultFullHttpRequest(decodeResult: success, version: HTTP/1.1, content: EmptyByteBufBE)
GET /session/dd1aa6ada09a2dc0885dd1607de78955/element/3c961612-4d01-4937-8bb7-9478679d346e/name HTTP/1.1
User-Agent: selenium/4.8.1 (java windows)
Cache-Control: no-cache
Content-Type: application/json; charset=utf-8
host: localhost:46211
accept: */*

Response DefaultHttpResponse(decodeResult: success, version: HTTP/1.1)
HTTP/1.1 200 OK
Content-Length: 18
Content-Type: application/json; charset=utf-8
cache-control: no-cache

20:19:37.626 [AsyncHttpClient-1-11] DEBUG org.asynchttpclient.netty.channel.ChannelManager - Adding key: http://localhost:46211 for channel [id: 0x1d5e0662, L:/127.0.0.1:55095 - R:localhost/127.0.0.1:46211]
20:19:37.627 [Forwarding getElementTagName on session dd1aa6ada09a2dc0885dd1607de78955 to remote] DEBUG org.asynchttpclient.netty.request.NettyRequestSender - Using pooled Channel '[id: 0x1d5e0662, L:/127.0.0.1:55095 - R:localhost/127.0.0.1:46211]' for 'GET' to 'http://localhost:46211/session/dd1aa6ada09a2dc0885dd1607de78955/element/3c961612-4d01-4937-8bb7-9478679d346e/name'
20:19:37.627 [Forwarding getElementTagName on session dd1aa6ada09a2dc0885dd1607de78955 to remote] DEBUG org.asynchttpclient.netty.request.NettyRequestSender - Using open Channel [id: 0x1d5e0662, L:/127.0.0.1:55095 - R:localhost/127.0.0.1:46211] for GET '/session/dd1aa6ada09a2dc0885dd1607de78955/element/3c961612-4d01-4937-8bb7-9478679d346e/name'
20:19:37.630 [AsyncHttpClient-1-11] DEBUG org.asynchttpclient.netty.handler.HttpHandler - 

Request DefaultFullHttpRequest(decodeResult: success, version: HTTP/1.1, content: EmptyByteBufBE)
GET /session/dd1aa6ada09a2dc0885dd1607de78955/element/3c961612-4d01-4937-8bb7-9478679d346e/name HTTP/1.1
User-Agent: selenium/4.8.1 (java windows)
Cache-Control: no-cache
Content-Type: application/json; charset=utf-8
host: localhost:46211
accept: */*

Response DefaultHttpResponse(decodeResult: success, version: HTTP/1.1)
HTTP/1.1 200 OK
Content-Length: 18
Content-Type: application/json; charset=utf-8
cache-control: no-cache

20:19:37.630 [AsyncHttpClient-1-11] DEBUG org.asynchttpclient.netty.channel.ChannelManager - Adding key: http://localhost:46211 for channel [id: 0x1d5e0662, L:/127.0.0.1:55095 - R:localhost/127.0.0.1:46211]
20:19:37.631 [Forwarding isElementEnabled on session dd1aa6ada09a2dc0885dd1607de78955 to remote] DEBUG org.asynchttpclient.netty.request.NettyRequestSender - Using pooled Channel '[id: 0x1d5e0662, L:/127.0.0.1:55095 - R:localhost/127.0.0.1:46211]' for 'GET' to 'http://localhost:46211/session/dd1aa6ada09a2dc0885dd1607de78955/element/3c961612-4d01-4937-8bb7-9478679d346e/enabled'
20:19:37.631 [Forwarding isElementEnabled on session dd1aa6ada09a2dc0885dd1607de78955 to remote] DEBUG org.asynchttpclient.netty.request.NettyRequestSender - Using open Channel [id: 0x1d5e0662, L:/127.0.0.1:55095 - R:localhost/127.0.0.1:46211] for GET '/session/dd1aa6ada09a2dc0885dd1607de78955/element/3c961612-4d01-4937-8bb7-9478679d346e/enabled'
20:19:37.637 [AsyncHttpClient-1-11] DEBUG org.asynchttpclient.netty.handler.HttpHandler - 

Request DefaultFullHttpRequest(decodeResult: success, version: HTTP/1.1, content: EmptyByteBufBE)
GET /session/dd1aa6ada09a2dc0885dd1607de78955/element/3c961612-4d01-4937-8bb7-9478679d346e/enabled HTTP/1.1
User-Agent: selenium/4.8.1 (java windows)
Cache-Control: no-cache
Content-Type: application/json; charset=utf-8
host: localhost:46211
accept: */*

Response DefaultHttpResponse(decodeResult: success, version: HTTP/1.1)
HTTP/1.1 200 OK
Content-Length: 14
Content-Type: application/json; charset=utf-8
cache-control: no-cache

20:19:37.637 [AsyncHttpClient-1-11] DEBUG org.asynchttpclient.netty.channel.ChannelManager - Adding key: http://localhost:46211 for channel [id: 0x1d5e0662, L:/127.0.0.1:55095 - R:localhost/127.0.0.1:46211]
20:19:37.638 [Forwarding isElementEnabled on session dd1aa6ada09a2dc0885dd1607de78955 to remote] DEBUG org.asynchttpclient.netty.request.NettyRequestSender - Using pooled Channel '[id: 0x1d5e0662, L:/127.0.0.1:55095 - R:localhost/127.0.0.1:46211]' for 'GET' to 'http://localhost:46211/session/dd1aa6ada09a2dc0885dd1607de78955/element/3c961612-4d01-4937-8bb7-9478679d346e/enabled'
20:19:37.638 [Forwarding isElementEnabled on session dd1aa6ada09a2dc0885dd1607de78955 to remote] DEBUG org.asynchttpclient.netty.request.NettyRequestSender - Using open Channel [id: 0x1d5e0662, L:/127.0.0.1:55095 - R:localhost/127.0.0.1:46211] for GET '/session/dd1aa6ada09a2dc0885dd1607de78955/element/3c961612-4d01-4937-8bb7-9478679d346e/enabled'
20:19:37.642 [AsyncHttpClient-1-11] DEBUG org.asynchttpclient.netty.handler.HttpHandler - 

Request DefaultFullHttpRequest(decodeResult: success, version: HTTP/1.1, content: EmptyByteBufBE)
GET /session/dd1aa6ada09a2dc0885dd1607de78955/element/3c961612-4d01-4937-8bb7-9478679d346e/enabled HTTP/1.1
User-Agent: selenium/4.8.1 (java windows)
Cache-Control: no-cache
Content-Type: application/json; charset=utf-8
host: localhost:46211
accept: */*

Response DefaultHttpResponse(decodeResult: success, version: HTTP/1.1)
HTTP/1.1 200 OK
Content-Length: 14
Content-Type: application/json; charset=utf-8
cache-control: no-cache

20:19:37.642 [AsyncHttpClient-1-11] DEBUG org.asynchttpclient.netty.channel.ChannelManager - Adding key: http://localhost:46211 for channel [id: 0x1d5e0662, L:/127.0.0.1:55095 - R:localhost/127.0.0.1:46211]
20:19:37.644 [Forwarding findElement on session dd1aa6ada09a2dc0885dd1607de78955 to remote] DEBUG org.asynchttpclient.netty.request.NettyRequestSender - Using pooled Channel '[id: 0x1d5e0662, L:/127.0.0.1:55095 - R:localhost/127.0.0.1:46211]' for 'POST' to 'http://localhost:46211/session/dd1aa6ada09a2dc0885dd1607de78955/element'
20:19:37.644 [Forwarding findElement on session dd1aa6ada09a2dc0885dd1607de78955 to remote] DEBUG org.asynchttpclient.netty.request.NettyRequestSender - Using open Channel [id: 0x1d5e0662, L:/127.0.0.1:55095 - R:localhost/127.0.0.1:46211] for POST '/session/dd1aa6ada09a2dc0885dd1607de78955/element'
20:19:37.650 [AsyncHttpClient-1-11] DEBUG org.asynchttpclient.netty.handler.HttpHandler - 

Request DefaultHttpRequest(decodeResult: success, version: HTTP/1.1)
POST /session/dd1aa6ada09a2dc0885dd1607de78955/element HTTP/1.1
User-Agent: selenium/4.8.1 (java windows)
Content-Length: 71
Content-Type: application/json; charset=utf-8
host: localhost:46211
accept: */*

Response DefaultHttpResponse(decodeResult: success, version: HTTP/1.1)
HTTP/1.1 200 OK
Content-Length: 88
Content-Type: application/json; charset=utf-8
cache-control: no-cache

20:19:37.650 [AsyncHttpClient-1-11] DEBUG org.asynchttpclient.netty.channel.ChannelManager - Adding key: http://localhost:46211 for channel [id: 0x1d5e0662, L:/127.0.0.1:55095 - R:localhost/127.0.0.1:46211]
20:19:37.651 [Forwarding clickElement on session dd1aa6ada09a2dc0885dd1607de78955 to remote] DEBUG org.asynchttpclient.netty.request.NettyRequestSender - Using pooled Channel '[id: 0x1d5e0662, L:/127.0.0.1:55095 - R:localhost/127.0.0.1:46211]' for 'POST' to 'http://localhost:46211/session/dd1aa6ada09a2dc0885dd1607de78955/element/3c961612-4d01-4937-8bb7-9478679d346e/click'
20:19:37.651 [Forwarding clickElement on session dd1aa6ada09a2dc0885dd1607de78955 to remote] DEBUG org.asynchttpclient.netty.request.NettyRequestSender - Using open Channel [id: 0x1d5e0662, L:/127.0.0.1:55095 - R:localhost/127.0.0.1:46211] for POST '/session/dd1aa6ada09a2dc0885dd1607de78955/element/3c961612-4d01-4937-8bb7-9478679d346e/click'
20:19:37.683 [AsyncHttpClient-1-11] DEBUG org.asynchttpclient.netty.handler.HttpHandler - 

Request DefaultHttpRequest(decodeResult: success, version: HTTP/1.1)
POST /session/dd1aa6ada09a2dc0885dd1607de78955/element/3c961612-4d01-4937-8bb7-9478679d346e/click HTTP/1.1
User-Agent: selenium/4.8.1 (java windows)
Content-Length: 50
Content-Type: application/json; charset=utf-8
host: localhost:46211
accept: */*

Response DefaultHttpResponse(decodeResult: success, version: HTTP/1.1)
HTTP/1.1 200 OK
Content-Length: 14
Content-Type: application/json; charset=utf-8
cache-control: no-cache

20:19:37.683 [AsyncHttpClient-1-11] DEBUG org.asynchttpclient.netty.channel.ChannelManager - Adding key: http://localhost:46211 for channel [id: 0x1d5e0662, L:/127.0.0.1:55095 - R:localhost/127.0.0.1:46211]
20:19:37.687 [Forwarding getAlertText on session dd1aa6ada09a2dc0885dd1607de78955 to remote] DEBUG org.asynchttpclient.netty.request.NettyRequestSender - Using pooled Channel '[id: 0x1d5e0662, L:/127.0.0.1:55095 - R:localhost/127.0.0.1:46211]' for 'GET' to 'http://localhost:46211/session/dd1aa6ada09a2dc0885dd1607de78955/alert/text'
20:19:37.687 [Forwarding getAlertText on session dd1aa6ada09a2dc0885dd1607de78955 to remote] DEBUG org.asynchttpclient.netty.request.NettyRequestSender - Using open Channel [id: 0x1d5e0662, L:/127.0.0.1:55095 - R:localhost/127.0.0.1:46211] for GET '/session/dd1aa6ada09a2dc0885dd1607de78955/alert/text'
20:19:37.689 [AsyncHttpClient-1-11] DEBUG org.asynchttpclient.netty.handler.HttpHandler - 

Request DefaultFullHttpRequest(decodeResult: success, version: HTTP/1.1, content: EmptyByteBufBE)
GET /session/dd1aa6ada09a2dc0885dd1607de78955/alert/text HTTP/1.1
User-Agent: selenium/4.8.1 (java windows)
Cache-Control: no-cache
Content-Type: application/json; charset=utf-8
host: localhost:46211
accept: */*

Response DefaultHttpResponse(decodeResult: success, version: HTTP/1.1)
HTTP/1.1 404 Not Found
Content-Length: 836
Content-Type: application/json; charset=utf-8
cache-control: no-cache

20:19:37.689 [AsyncHttpClient-1-11] DEBUG org.asynchttpclient.netty.channel.ChannelManager - Adding key: http://localhost:46211 for channel [id: 0x1d5e0662, L:/127.0.0.1:55095 - R:localhost/127.0.0.1:46211]
20:19:37.690 [Forwarding getCurrentUrl on session dd1aa6ada09a2dc0885dd1607de78955 to remote] DEBUG org.asynchttpclient.netty.request.NettyRequestSender - Using pooled Channel '[id: 0x1d5e0662, L:/127.0.0.1:55095 - R:localhost/127.0.0.1:46211]' for 'GET' to 'http://localhost:46211/session/dd1aa6ada09a2dc0885dd1607de78955/url'
20:19:37.690 [Forwarding getCurrentUrl on session dd1aa6ada09a2dc0885dd1607de78955 to remote] DEBUG org.asynchttpclient.netty.request.NettyRequestSender - Using open Channel [id: 0x1d5e0662, L:/127.0.0.1:55095 - R:localhost/127.0.0.1:46211] for GET '/session/dd1aa6ada09a2dc0885dd1607de78955/url'
20:19:37.693 [AsyncHttpClient-1-11] DEBUG org.asynchttpclient.netty.handler.HttpHandler - 

Request DefaultFullHttpRequest(decodeResult: success, version: HTTP/1.1, content: EmptyByteBufBE)
GET /session/dd1aa6ada09a2dc0885dd1607de78955/url HTTP/1.1
User-Agent: selenium/4.8.1 (java windows)
Cache-Control: no-cache
Content-Type: application/json; charset=utf-8
host: localhost:46211
accept: */*

Response DefaultHttpResponse(decodeResult: success, version: HTTP/1.1)
HTTP/1.1 200 OK
Content-Length: 54
Content-Type: application/json; charset=utf-8
cache-control: no-cache

20:19:37.693 [AsyncHttpClient-1-11] DEBUG org.asynchttpclient.netty.channel.ChannelManager - Adding key: http://localhost:46211 for channel [id: 0x1d5e0662, L:/127.0.0.1:55095 - R:localhost/127.0.0.1:46211]
20:19:37.693 [Forwarding screenshot on session dd1aa6ada09a2dc0885dd1607de78955 to remote] DEBUG org.asynchttpclient.netty.request.NettyRequestSender - Using pooled Channel '[id: 0x1d5e0662, L:/127.0.0.1:55095 - R:localhost/127.0.0.1:46211]' for 'GET' to 'http://localhost:46211/session/dd1aa6ada09a2dc0885dd1607de78955/screenshot'
20:19:37.694 [Forwarding screenshot on session dd1aa6ada09a2dc0885dd1607de78955 to remote] DEBUG org.asynchttpclient.netty.request.NettyRequestSender - Using open Channel [id: 0x1d5e0662, L:/127.0.0.1:55095 - R:localhost/127.0.0.1:46211] for GET '/session/dd1aa6ada09a2dc0885dd1607de78955/screenshot'
20:19:37.776 [AsyncHttpClient-1-11] DEBUG org.asynchttpclient.netty.handler.HttpHandler - 

Request DefaultFullHttpRequest(decodeResult: success, version: HTTP/1.1, content: EmptyByteBufBE)
GET /session/dd1aa6ada09a2dc0885dd1607de78955/screenshot HTTP/1.1
User-Agent: selenium/4.8.1 (java windows)
Cache-Control: no-cache
Content-Type: application/json; charset=utf-8
host: localhost:46211
accept: */*

Response DefaultHttpResponse(decodeResult: success, version: HTTP/1.1)
HTTP/1.1 200 OK
Content-Length: 33444
Content-Type: application/json; charset=utf-8
cache-control: no-cache

20:19:37.777 [AsyncHttpClient-1-11] DEBUG org.asynchttpclient.netty.channel.ChannelManager - Adding key: http://localhost:46211 for channel [id: 0x1d5e0662, L:/127.0.0.1:55095 - R:localhost/127.0.0.1:46211]
20:19:37.778 [main] DEBUG net.serenitybdd.core.photography.Darkroom - Send negative for processing for target\site\serenity\9aaef5f96c888bc69d329700e919e394e1246145e47bd502bcca4ca0a95264d0.png
20:19:37.778 [main] DEBUG net.thucydides.core.steps.StepInterceptor - STEP DONE: ClickRegisterButton
  &amp#27;[32mWhen &amp#27;[0m&amp#27;[32mI click on the register button&amp#27;[0m          &amp#27;[90m# starter.stepdefinitions.RegisterSteps.ClickRegisterButton()&amp#27;[0m
20:19:37.779 [Darkroom Processing Line] DEBUG net.serenitybdd.core.photography.DarkroomProcessingLine - Processing screenshot image in /var/screenshots/screenshot-9010778638571453479
20:19:37.779 [Darkroom Processing Line] DEBUG net.serenitybdd.core.photography.DarkroomProcessingLine - Saving screenshot to target\site\serenity\9aaef5f96c888bc69d329700e919e394e1246145e47bd502bcca4ca0a95264d0.png
20:19:37.784 [Forwarding getPageSource on session dd1aa6ada09a2dc0885dd1607de78955 to remote] DEBUG org.asynchttpclient.netty.request.NettyRequestSender - Using pooled Channel '[id: 0x1d5e0662, L:/127.0.0.1:55095 - R:localhost/127.0.0.1:46211]' for 'POST' to 'http://localhost:46211/session/dd1aa6ada09a2dc0885dd1607de78955/execute/sync'
20:19:37.784 [Forwarding getPageSource on session dd1aa6ada09a2dc0885dd1607de78955 to remote] DEBUG org.asynchttpclient.netty.request.NettyRequestSender - Using open Channel [id: 0x1d5e0662, L:/127.0.0.1:55095 - R:localhost/127.0.0.1:46211] for POST '/session/dd1aa6ada09a2dc0885dd1607de78955/execute/sync'
20:19:37.791 [AsyncHttpClient-1-11] DEBUG org.asynchttpclient.netty.handler.HttpHandler - 

Request DefaultHttpRequest(decodeResult: success, version: HTTP/1.1)
POST /session/dd1aa6ada09a2dc0885dd1607de78955/execute/sync HTTP/1.1
User-Agent: selenium/4.8.1 (java windows)
Content-Length: 176
Content-Type: application/json; charset=utf-8
host: localhost:46211
accept: */*

Response DefaultHttpResponse(decodeResult: success, version: HTTP/1.1)
HTTP/1.1 200 OK
Content-Length: 22762
Content-Type: application/json; charset=utf-8
cache-control: no-cache

20:19:37.791 [AsyncHttpClient-1-11] DEBUG org.asynchttpclient.netty.channel.ChannelManager - Adding key: http://localhost:46211 for channel [id: 0x1d5e0662, L:/127.0.0.1:55095 - R:localhost/127.0.0.1:46211]
20:19:37.793 [Forwarding getCurrentUrl on session dd1aa6ada09a2dc0885dd1607de78955 to remote] DEBUG org.asynchttpclient.netty.request.NettyRequestSender - Using pooled Channel '[id: 0x1d5e0662, L:/127.0.0.1:55095 - R:localhost/127.0.0.1:46211]' for 'GET' to 'http://localhost:46211/session/dd1aa6ada09a2dc0885dd1607de78955/url'
20:19:37.793 [Forwarding getCurrentUrl on session dd1aa6ada09a2dc0885dd1607de78955 to remote] DEBUG org.asynchttpclient.netty.request.NettyRequestSender - Using open Channel [id: 0x1d5e0662, L:/127.0.0.1:55095 - R:localhost/127.0.0.1:46211] for GET '/session/dd1aa6ada09a2dc0885dd1607de78955/url'
20:19:37.795 [AsyncHttpClient-1-11] DEBUG org.asynchttpclient.netty.handler.HttpHandler - 

Request DefaultFullHttpRequest(decodeResult: success, version: HTTP/1.1, content: EmptyByteBufBE)
GET /session/dd1aa6ada09a2dc0885dd1607de78955/url HTTP/1.1
User-Agent: selenium/4.8.1 (java windows)
Cache-Control: no-cache
Content-Type: application/json; charset=utf-8
host: localhost:46211
accept: */*

Response DefaultHttpResponse(decodeResult: success, version: HTTP/1.1)
HTTP/1.1 200 OK
Content-Length: 54
Content-Type: application/json; charset=utf-8
cache-control: no-cache

20:19:37.795 [AsyncHttpClient-1-11] DEBUG org.asynchttpclient.netty.channel.ChannelManager - Adding key: http://localhost:46211 for channel [id: 0x1d5e0662, L:/127.0.0.1:55095 - R:localhost/127.0.0.1:46211]
20:19:37.809 [Forwarding getPageSource on session dd1aa6ada09a2dc0885dd1607de78955 to remote] DEBUG org.asynchttpclient.netty.request.NettyRequestSender - Using pooled Channel '[id: 0x1d5e0662, L:/127.0.0.1:55095 - R:localhost/127.0.0.1:46211]' for 'POST' to 'http://localhost:46211/session/dd1aa6ada09a2dc0885dd1607de78955/execute/sync'
20:19:37.809 [Forwarding getPageSource on session dd1aa6ada09a2dc0885dd1607de78955 to remote] DEBUG org.asynchttpclient.netty.request.NettyRequestSender - Using open Channel [id: 0x1d5e0662, L:/127.0.0.1:55095 - R:localhost/127.0.0.1:46211] for POST '/session/dd1aa6ada09a2dc0885dd1607de78955/execute/sync'
20:19:37.812 [AsyncHttpClient-1-11] DEBUG org.asynchttpclient.netty.handler.HttpHandler - 

Request DefaultHttpRequest(decodeResult: success, version: HTTP/1.1)
POST /session/dd1aa6ada09a2dc0885dd1607de78955/execute/sync HTTP/1.1
User-Agent: selenium/4.8.1 (java windows)
Content-Length: 176
Content-Type: application/json; charset=utf-8
host: localhost:46211
accept: */*

Response DefaultHttpResponse(decodeResult: success, version: HTTP/1.1)
HTTP/1.1 200 OK
Content-Length: 22762
Content-Type: application/json; charset=utf-8
cache-control: no-cache

20:19:37.813 [AsyncHttpClient-1-11] DEBUG org.asynchttpclient.netty.channel.ChannelManager - Adding key: http://localhost:46211 for channel [id: 0x1d5e0662, L:/127.0.0.1:55095 - R:localhost/127.0.0.1:46211]
20:19:37.814 [Forwarding getCurrentUrl on session dd1aa6ada09a2dc0885dd1607de78955 to remote] DEBUG org.asynchttpclient.netty.request.NettyRequestSender - Using pooled Channel '[id: 0x1d5e0662, L:/127.0.0.1:55095 - R:localhost/127.0.0.1:46211]' for 'GET' to 'http://localhost:46211/session/dd1aa6ada09a2dc0885dd1607de78955/url'
20:19:37.814 [Forwarding getCurrentUrl on session dd1aa6ada09a2dc0885dd1607de78955 to remote] DEBUG org.asynchttpclient.netty.request.NettyRequestSender - Using open Channel [id: 0x1d5e0662, L:/127.0.0.1:55095 - R:localhost/127.0.0.1:46211] for GET '/session/dd1aa6ada09a2dc0885dd1607de78955/url'
20:19:37.816 [AsyncHttpClient-1-11] DEBUG org.asynchttpclient.netty.handler.HttpHandler - 

Request DefaultFullHttpRequest(decodeResult: success, version: HTTP/1.1, content: EmptyByteBufBE)
GET /session/dd1aa6ada09a2dc0885dd1607de78955/url HTTP/1.1
User-Agent: selenium/4.8.1 (java windows)
Cache-Control: no-cache
Content-Type: application/json; charset=utf-8
host: localhost:46211
accept: */*

Response DefaultHttpResponse(decodeResult: success, version: HTTP/1.1)
HTTP/1.1 200 OK
Content-Length: 54
Content-Type: application/json; charset=utf-8
cache-control: no-cache

20:19:37.817 [AsyncHttpClient-1-11] DEBUG org.asynchttpclient.netty.channel.ChannelManager - Adding key: http://localhost:46211 for channel [id: 0x1d5e0662, L:/127.0.0.1:55095 - R:localhost/127.0.0.1:46211]
20:19:37.819 [main] DEBUG net.thucydides.core.steps.StepInterceptor - STARTING STEP: LoginSteps.alertContent - incorrectAlert
20:19:37.821 [Forwarding findElement on session dd1aa6ada09a2dc0885dd1607de78955 to remote] DEBUG org.asynchttpclient.netty.request.NettyRequestSender - Using pooled Channel '[id: 0x1d5e0662, L:/127.0.0.1:55095 - R:localhost/127.0.0.1:46211]' for 'POST' to 'http://localhost:46211/session/dd1aa6ada09a2dc0885dd1607de78955/element'
20:19:37.821 [Forwarding findElement on session dd1aa6ada09a2dc0885dd1607de78955 to remote] DEBUG org.asynchttpclient.netty.request.NettyRequestSender - Using open Channel [id: 0x1d5e0662, L:/127.0.0.1:55095 - R:localhost/127.0.0.1:46211] for POST '/session/dd1aa6ada09a2dc0885dd1607de78955/element'
20:19:37.894 [AsyncHttpClient-1-11] DEBUG org.asynchttpclient.netty.handler.HttpHandler - 

Request DefaultHttpRequest(decodeResult: success, version: HTTP/1.1)
POST /session/dd1aa6ada09a2dc0885dd1607de78955/element HTTP/1.1
User-Agent: selenium/4.8.1 (java windows)
Content-Length: 54
Content-Type: application/json; charset=utf-8
host: localhost:46211
accept: */*

Response DefaultHttpResponse(decodeResult: success, version: HTTP/1.1)
HTTP/1.1 200 OK
Content-Length: 88
Content-Type: application/json; charset=utf-8
cache-control: no-cache

20:19:37.895 [AsyncHttpClient-1-11] DEBUG org.asynchttpclient.netty.channel.ChannelManager - Adding key: http://localhost:46211 for channel [id: 0x1d5e0662, L:/127.0.0.1:55095 - R:localhost/127.0.0.1:46211]
20:19:37.897 [Forwarding isElementDisplayed on session dd1aa6ada09a2dc0885dd1607de78955 to remote] DEBUG org.asynchttpclient.netty.request.NettyRequestSender - Using pooled Channel '[id: 0x1d5e0662, L:/127.0.0.1:55095 - R:localhost/127.0.0.1:46211]' for 'POST' to 'http://localhost:46211/session/dd1aa6ada09a2dc0885dd1607de78955/execute/sync'
20:19:37.897 [Forwarding isElementDisplayed on session dd1aa6ada09a2dc0885dd1607de78955 to remote] DEBUG org.asynchttpclient.netty.request.NettyRequestSender - Using open Channel [id: 0x1d5e0662, L:/127.0.0.1:55095 - R:localhost/127.0.0.1:46211] for POST '/session/dd1aa6ada09a2dc0885dd1607de78955/execute/sync'
20:19:37.909 [AsyncHttpClient-1-11] DEBUG org.asynchttpclient.netty.handler.HttpHandler - 

Request DefaultHttpRequest(decodeResult: success, version: HTTP/1.1)
POST /session/dd1aa6ada09a2dc0885dd1607de78955/execute/sync HTTP/1.1
User-Agent: selenium/4.8.1 (java windows)
Content-Length: 48807
Content-Type: application/json; charset=utf-8
host: localhost:46211
accept: */*

Response DefaultHttpResponse(decodeResult: success, version: HTTP/1.1)
HTTP/1.1 200 OK
Content-Length: 14
Content-Type: application/json; charset=utf-8
cache-control: no-cache

20:19:37.909 [AsyncHttpClient-1-11] DEBUG org.asynchttpclient.netty.channel.ChannelManager - Adding key: http://localhost:46211 for channel [id: 0x1d5e0662, L:/127.0.0.1:55095 - R:localhost/127.0.0.1:46211]
20:19:37.912 [Forwarding getAlertText on session dd1aa6ada09a2dc0885dd1607de78955 to remote] DEBUG org.asynchttpclient.netty.request.NettyRequestSender - Using pooled Channel '[id: 0x1d5e0662, L:/127.0.0.1:55095 - R:localhost/127.0.0.1:46211]' for 'GET' to 'http://localhost:46211/session/dd1aa6ada09a2dc0885dd1607de78955/alert/text'
20:19:37.912 [Forwarding getAlertText on session dd1aa6ada09a2dc0885dd1607de78955 to remote] DEBUG org.asynchttpclient.netty.request.NettyRequestSender - Using open Channel [id: 0x1d5e0662, L:/127.0.0.1:55095 - R:localhost/127.0.0.1:46211] for GET '/session/dd1aa6ada09a2dc0885dd1607de78955/alert/text'
20:19:37.913 [AsyncHttpClient-1-11] DEBUG org.asynchttpclient.netty.handler.HttpHandler - 

Request DefaultFullHttpRequest(decodeResult: success, version: HTTP/1.1, content: EmptyByteBufBE)
GET /session/dd1aa6ada09a2dc0885dd1607de78955/alert/text HTTP/1.1
User-Agent: selenium/4.8.1 (java windows)
Cache-Control: no-cache
Content-Type: application/json; charset=utf-8
host: localhost:46211
accept: */*

Response DefaultHttpResponse(decodeResult: success, version: HTTP/1.1)
HTTP/1.1 404 Not Found
Content-Length: 836
Content-Type: application/json; charset=utf-8
cache-control: no-cache

20:19:37.913 [AsyncHttpClient-1-11] DEBUG org.asynchttpclient.netty.channel.ChannelManager - Adding key: http://localhost:46211 for channel [id: 0x1d5e0662, L:/127.0.0.1:55095 - R:localhost/127.0.0.1:46211]
20:19:37.914 [Forwarding getCurrentUrl on session dd1aa6ada09a2dc0885dd1607de78955 to remote] DEBUG org.asynchttpclient.netty.request.NettyRequestSender - Using pooled Channel '[id: 0x1d5e0662, L:/127.0.0.1:55095 - R:localhost/127.0.0.1:46211]' for 'GET' to 'http://localhost:46211/session/dd1aa6ada09a2dc0885dd1607de78955/url'
20:19:37.914 [Forwarding getCurrentUrl on session dd1aa6ada09a2dc0885dd1607de78955 to remote] DEBUG org.asynchttpclient.netty.request.NettyRequestSender - Using open Channel [id: 0x1d5e0662, L:/127.0.0.1:55095 - R:localhost/127.0.0.1:46211] for GET '/session/dd1aa6ada09a2dc0885dd1607de78955/url'
20:19:37.918 [AsyncHttpClient-1-11] DEBUG org.asynchttpclient.netty.handler.HttpHandler - 

Request DefaultFullHttpRequest(decodeResult: success, version: HTTP/1.1, content: EmptyByteBufBE)
GET /session/dd1aa6ada09a2dc0885dd1607de78955/url HTTP/1.1
User-Agent: selenium/4.8.1 (java windows)
Cache-Control: no-cache
Content-Type: application/json; charset=utf-8
host: localhost:46211
accept: */*

Response DefaultHttpResponse(decodeResult: success, version: HTTP/1.1)
HTTP/1.1 200 OK
Content-Length: 54
Content-Type: application/json; charset=utf-8
cache-control: no-cache

20:19:37.918 [AsyncHttpClient-1-11] DEBUG org.asynchttpclient.netty.channel.ChannelManager - Adding key: http://localhost:46211 for channel [id: 0x1d5e0662, L:/127.0.0.1:55095 - R:localhost/127.0.0.1:46211]
20:19:37.918 [Forwarding screenshot on session dd1aa6ada09a2dc0885dd1607de78955 to remote] DEBUG org.asynchttpclient.netty.request.NettyRequestSender - Using pooled Channel '[id: 0x1d5e0662, L:/127.0.0.1:55095 - R:localhost/127.0.0.1:46211]' for 'GET' to 'http://localhost:46211/session/dd1aa6ada09a2dc0885dd1607de78955/screenshot'
20:19:37.918 [Forwarding screenshot on session dd1aa6ada09a2dc0885dd1607de78955 to remote] DEBUG org.asynchttpclient.netty.request.NettyRequestSender - Using open Channel [id: 0x1d5e0662, L:/127.0.0.1:55095 - R:localhost/127.0.0.1:46211] for GET '/session/dd1aa6ada09a2dc0885dd1607de78955/screenshot'
20:19:38.015 [AsyncHttpClient-1-11] DEBUG org.asynchttpclient.netty.handler.HttpHandler - 

Request DefaultFullHttpRequest(decodeResult: success, version: HTTP/1.1, content: EmptyByteBufBE)
GET /session/dd1aa6ada09a2dc0885dd1607de78955/screenshot HTTP/1.1
User-Agent: selenium/4.8.1 (java windows)
Cache-Control: no-cache
Content-Type: application/json; charset=utf-8
host: localhost:46211
accept: */*

Response DefaultHttpResponse(decodeResult: success, version: HTTP/1.1)
HTTP/1.1 200 OK
Content-Length: 34684
Content-Type: application/json; charset=utf-8
cache-control: no-cache

20:19:38.015 [AsyncHttpClient-1-11] DEBUG org.asynchttpclient.netty.channel.ChannelManager - Adding key: http://localhost:46211 for channel [id: 0x1d5e0662, L:/127.0.0.1:55095 - R:localhost/127.0.0.1:46211]
20:19:38.017 [main] DEBUG net.serenitybdd.core.photography.Darkroom - Send negative for processing for target\site\serenity\021900780f4b034549326dadf641d8b03349fab0cd27f0f5ea9066d7fbfdbc3d.png
20:19:38.017 [main] DEBUG net.thucydides.core.steps.StepInterceptor - STEP DONE: incorrectAlert
  &amp#27;[32mThen &amp#27;[0m&amp#27;[32mI should see the error message&amp#27;[0m          &amp#27;[90m# starter.stepdefinitions.LoginSteps.alertContent()&amp#27;[0m
20:19:38.017 [Darkroom Processing Line] DEBUG net.serenitybdd.core.photography.DarkroomProcessingLine - Processing screenshot image in /var/screenshots/screenshot-7633291633038907361
20:19:38.017 [Darkroom Processing Line] DEBUG net.serenitybdd.core.photography.DarkroomProcessingLine - Saving screenshot to target\site\serenity\021900780f4b034549326dadf641d8b03349fab0cd27f0f5ea9066d7fbfdbc3d.png
20:19:38.022 [main] INFO  - 
  _____   ___   ___   _____     ___     _     ___   ___   ___   ___  
 |_   _| | __| / __| |_   _|   | _ \   /_\   / __| / __| | __| |   \ 
   | |   | _|  \__ \   | |     |  _/  / _ \  \__ \ \__ \ | _|  | |) |
   |_|   |___| |___/   |_|     |_|   /_/ \_\ |___/ |___/ |___| |___/ 

Register without fill the password
----------------------------------------------------------------------
20:19:38.023 [AsyncHttpClient-1-13] DEBUG org.asynchttpclient.netty.handler.WebSocketHandler - Channel Closed: [id: 0x77a5f5f1, L:/127.0.0.1:55108 ! R:localhost/127.0.0.1:55096] with attribute NettyResponseFuture{currentRetry=0,
	isDone=1,
	isCancelled=0,
	asyncHandler=org.asynchttpclient.ws.WebSocketUpgradeHandler@76f6ada6,
	nettyRequest=org.asynchttpclient.netty.request.NettyRequest@33f43d1c,
	future=java.util.concurrent.CompletableFuture@39c665c2[Completed normally],
	uri=ws://localhost:55096/devtools/browser/c14f6d34-0870-412b-b16a-6e73a755dab8,
	keepAlive=true,
	redirectCount=0,
	timeoutsHolder=null,
	inAuth=0,
	touch=1683379175289}
20:19:38.023 [AsyncHttpClient-1-13] DEBUG org.asynchttpclient.netty.channel.ChannelManager - Closing Channel [id: 0x77a5f5f1, L:/127.0.0.1:55108 ! R:localhost/127.0.0.1:55096] 
20:19:38.023 [Driver Command Executor] DEBUG org.asynchttpclient.netty.request.NettyRequestSender - Using pooled Channel '[id: 0x1d5e0662, L:/127.0.0.1:55095 - R:localhost/127.0.0.1:46211]' for 'DELETE' to 'http://localhost:46211/session/dd1aa6ada09a2dc0885dd1607de78955'
20:19:38.023 [Driver Command Executor] DEBUG org.asynchttpclient.netty.request.NettyRequestSender - Using open Channel [id: 0x1d5e0662, L:/127.0.0.1:55095 - R:localhost/127.0.0.1:46211] for DELETE '/session/dd1aa6ada09a2dc0885dd1607de78955'
20:19:38.079 [AsyncHttpClient-1-12] DEBUG org.asynchttpclient.netty.handler.HttpHandler - Unexpected I/O exception on channel [id: 0x4c2dc08f, L:/127.0.0.1:55107 - R:localhost/127.0.0.1:55096]
java.net.SocketException: Connection reset
	at java.base/sun.nio.ch.SocketChannelImpl.throwConnectionReset(SocketChannelImpl.java:367)
	at java.base/sun.nio.ch.SocketChannelImpl.read(SocketChannelImpl.java:398)
	at io.netty.buffer.PooledByteBuf.setBytes(PooledByteBuf.java:259)
	at io.netty.buffer.AbstractByteBuf.writeBytes(AbstractByteBuf.java:1132)
	at io.netty.channel.socket.nio.NioSocketChannel.doReadBytes(NioSocketChannel.java:357)
	at io.netty.channel.nio.AbstractNioByteChannel$NioByteUnsafe.read(AbstractNioByteChannel.java:151)
	at io.netty.channel.nio.NioEventLoop.processSelectedKey(NioEventLoop.java:788)
	at io.netty.channel.nio.NioEventLoop.processSelectedKeysOptimized(NioEventLoop.java:724)
	at io.netty.channel.nio.NioEventLoop.processSelectedKeys(NioEventLoop.java:650)
	at io.netty.channel.nio.NioEventLoop.run(NioEventLoop.java:562)
	at io.netty.util.concurrent.SingleThreadEventExecutor$4.run(SingleThreadEventExecutor.java:997)
	at io.netty.util.internal.ThreadExecutorMap$2.run(ThreadExecutorMap.java:74)
	at io.netty.util.concurrent.FastThreadLocalRunnable.run(FastThreadLocalRunnable.java:30)
	at java.base/java.lang.Thread.run(Thread.java:832)
20:19:38.079 [AsyncHttpClient-1-12] DEBUG org.asynchttpclient.netty.channel.ChannelManager - Closing Channel [id: 0x4c2dc08f, L:/127.0.0.1:55107 - R:localhost/127.0.0.1:55096] 
20:19:38.079 [AsyncHttpClient-1-12] DEBUG org.asynchttpclient.netty.handler.HttpHandler - Channel Closed: [id: 0x4c2dc08f, L:/127.0.0.1:55107 ! R:localhost/127.0.0.1:55096] with attribute DISCARD
20:19:38.092 [AsyncHttpClient-1-11] DEBUG org.asynchttpclient.netty.handler.HttpHandler - 

Request DefaultFullHttpRequest(decodeResult: success, version: HTTP/1.1, content: EmptyByteBufBE)
DELETE /session/dd1aa6ada09a2dc0885dd1607de78955 HTTP/1.1
User-Agent: selenium/4.8.1 (java windows)
Content-Type: application/json; charset=utf-8
host: localhost:46211
accept: */*

Response DefaultHttpResponse(decodeResult: success, version: HTTP/1.1)
HTTP/1.1 200 OK
Content-Length: 14
Content-Type: application/json; charset=utf-8
cache-control: no-cache

20:19:38.093 [AsyncHttpClient-1-11] DEBUG org.asynchttpclient.netty.channel.ChannelManager - Adding key: http://localhost:46211 for channel [id: 0x1d5e0662, L:/127.0.0.1:55095 - R:localhost/127.0.0.1:46211]
20:19:38.200 [AsyncHttpClient-1-11] DEBUG org.asynchttpclient.netty.handler.HttpHandler - Channel Closed: [id: 0x1d5e0662, L:/127.0.0.1:55095 ! R:localhost/127.0.0.1:46211] with attribute DISCARD
20:19:38.355 [AsyncHttpClient-1-1] DEBUG org.asynchttpclient.netty.channel.DefaultChannelPool - Entry count for : http://localhost:46211 : 1
20:19:38.355 [AsyncHttpClient-1-1] DEBUG org.asynchttpclient.netty.channel.DefaultChannelPool - Entry count for : http://localhost:55096 : 1
20:19:38.355 [AsyncHttpClient-1-1] DEBUG org.asynchttpclient.netty.channel.DefaultChannelPool - Adding Candidate expired Channel [id: 0x1d5e0662, L:/127.0.0.1:55095 ! R:localhost/127.0.0.1:46211] isIdleTimeoutExpired=false isRemotelyClosed=true isTtlExpired=false
20:19:38.355 [AsyncHttpClient-1-1] DEBUG org.asynchttpclient.netty.channel.DefaultChannelPool - Closing Idle Channel [id: 0x1d5e0662, L:/127.0.0.1:55095 ! R:localhost/127.0.0.1:46211]
20:19:38.355 [AsyncHttpClient-1-1] DEBUG org.asynchttpclient.netty.channel.DefaultChannelPool - Adding Candidate expired Channel [id: 0x4c2dc08f, L:/127.0.0.1:55107 ! R:localhost/127.0.0.1:55096] isIdleTimeoutExpired=false isRemotelyClosed=true isTtlExpired=false
20:19:38.355 [AsyncHttpClient-1-1] DEBUG org.asynchttpclient.netty.channel.DefaultChannelPool - Closing Idle Channel [id: 0x4c2dc08f, L:/127.0.0.1:55107 ! R:localhost/127.0.0.1:55096]
20:19:38.355 [AsyncHttpClient-1-1] DEBUG org.asynchttpclient.netty.channel.DefaultChannelPool - Closed 2 connections out of 2 in 0 ms
]]></system-out>
    <system-err><![CDATA[Starting ChromeDriver 111.0.5563.64 (c710e93d5b63b7095afe8c2c17df34408078439d-refs/branch-heads/5563@{#995}) on port 46211
Only local connections are allowed.
Please see https://chromedriver.chromium.org/security-considerations for suggestions on keeping ChromeDriver safe.
ChromeDriver was started successfully.
[1683379175.267][WARNING]: This version of ChromeDriver has not been tested with Chrome version 112.
May 06, 2023 8:19:35 PM org.openqa.selenium.devtools.CdpVersionFinder findNearestMatch
WARNING: Unable to find an exact match for CDP version 112, so returning the closest version found: 110
]]></system-err>
  </testcase>
  <testcase name="Register with existed email" classname="Register to Alta-shop Account" time="3.908">
    <system-out><![CDATA[
Scenario: Register with existed email       &amp#27;[90m# src/test/resources/features/1. Register.feature:43&amp#27;[0m
20:19:38.730 [main] DEBUG io.cucumber.core.plugin.SerenityReporter - Running feature from file:///C:/Users/WINDOWS%2010/Documents/GitHub/MiniProject_QE/Web/code/minpro/src/test/resources/features/1.%20Register.feature
20:19:38.732 [main] INFO  - 
  _____   ___   ___   _____     ___   _____     _     ___   _____   ___   ___  
 |_   _| | __| / __| |_   _|   / __| |_   _|   /_\   | _ \ |_   _| | __| |   \ 
   | |   | _|  \__ \   | |     \__ \   | |    / _ \  |   /   | |   | _|  | |) |
   |_|   |___| |___/   |_|     |___/   |_|   /_/ \_\ |_|_\   |_|   |___| |___/ 

Register with existed email(register-to-alta-shop-account;register-with-existed-email)
--------------------------------------------------------------------------------
20:19:38.748 [main] DEBUG net.thucydides.core.steps.StepInterceptor - STARTING STEP: LoginSteps.onTheLoginPage - openPage
20:19:38.813 [main] INFO net.serenitybdd.core.webdriver.driverproviders.ChromeDriverProvider - Starting Chrome driver instance with capabilities:
20:19:38.813 [main] INFO net.serenitybdd.core.webdriver.driverproviders.ChromeDriverProvider - Capabilities {acceptInsecureCerts: false, browserName: chrome, goog:chromeOptions: {args: [remote-allow-origins=*], extensions: []}}
20:19:38.884 [AsyncHttpClient-1-14] DEBUG org.asynchttpclient.netty.channel.NettyConnectListener - Using new Channel '[id: 0x2699c567, L:/127.0.0.1:55129 - R:localhost/127.0.0.1:13720]' for 'POST' to '/session'
20:19:39.558 [AsyncHttpClient-1-14] DEBUG org.asynchttpclient.netty.handler.HttpHandler - 

Request DefaultHttpRequest(decodeResult: success, version: HTTP/1.1)
POST /session HTTP/1.1
User-Agent: selenium/4.8.1 (java windows)
Content-Length: 507
Content-Type: application/json; charset=utf-8
host: localhost:13720
accept: */*

Response DefaultHttpResponse(decodeResult: success, version: HTTP/1.1)
HTTP/1.1 200 OK
Content-Length: 863
Content-Type: application/json; charset=utf-8
cache-control: no-cache

20:19:39.558 [AsyncHttpClient-1-14] DEBUG org.asynchttpclient.netty.channel.ChannelManager - Adding key: http://localhost:13720 for channel [id: 0x2699c567, L:/127.0.0.1:55129 - R:localhost/127.0.0.1:13720]
20:19:39.562 [AsyncHttpClient-1-15] DEBUG org.asynchttpclient.netty.channel.NettyConnectListener - Using new Channel '[id: 0x2c8a037d, L:/127.0.0.1:55136 - R:localhost/127.0.0.1:55130]' for 'GET' to '/json/version'
20:19:39.563 [AsyncHttpClient-1-15] DEBUG org.asynchttpclient.netty.handler.HttpHandler - 

Request DefaultFullHttpRequest(decodeResult: success, version: HTTP/1.1, content: EmptyByteBufBE)
GET /json/version HTTP/1.1
User-Agent: selenium/4.8.1 (java windows)
host: localhost:55130
accept: */*

Response DefaultHttpResponse(decodeResult: success, version: HTTP/1.1)
HTTP/1.1 200 OK
Content-Security-Policy: frame-ancestors 'none'
Content-Length: 424
Content-Type: application/json; charset=UTF-8

20:19:39.563 [AsyncHttpClient-1-15] DEBUG org.asynchttpclient.netty.channel.ChannelManager - Adding key: http://localhost:55130 for channel [id: 0x2c8a037d, L:/127.0.0.1:55136 - R:localhost/127.0.0.1:55130]
20:19:39.565 [AsyncHttpClient-1-16] DEBUG org.asynchttpclient.netty.channel.NettyConnectListener - Using new Channel '[id: 0x5541263b, L:/127.0.0.1:55137 - R:localhost/127.0.0.1:55130]' for 'GET' to '/devtools/browser/177a9020-655e-4db8-84c8-e709b17ea47f'
20:19:39.566 [AsyncHttpClient-1-16] DEBUG org.asynchttpclient.netty.handler.WebSocketHandler - 

Request DefaultFullHttpRequest(decodeResult: success, version: HTTP/1.1, content: EmptyByteBufBE)
GET /devtools/browser/177a9020-655e-4db8-84c8-e709b17ea47f HTTP/1.1
upgrade: websocket
connection: upgrade
sec-websocket-key: p1vl+YJ9kSfcReytaavG3w==
sec-websocket-version: 13
origin: http://localhost:55130
host: localhost:55130
accept: */*
user-agent: AHC/2.1

Response DefaultHttpResponse(decodeResult: success, version: HTTP/1.1)
HTTP/1.1 101 WebSocket Protocol Handshake
Upgrade: WebSocket
Connection: Upgrade
Sec-WebSocket-Accept: UFs5AedqWQgIv9rC/zLT0TGLon8=

20:19:39.569 [Forwarding get on session 0e287393edc8bb36b42bad07e8a9c76d to remote] DEBUG org.asynchttpclient.netty.request.NettyRequestSender - Using pooled Channel '[id: 0x2699c567, L:/127.0.0.1:55129 - R:localhost/127.0.0.1:13720]' for 'POST' to 'http://localhost:13720/session/0e287393edc8bb36b42bad07e8a9c76d/url'
20:19:39.569 [Forwarding get on session 0e287393edc8bb36b42bad07e8a9c76d to remote] DEBUG org.asynchttpclient.netty.request.NettyRequestSender - Using open Channel [id: 0x2699c567, L:/127.0.0.1:55129 - R:localhost/127.0.0.1:13720] for POST '/session/0e287393edc8bb36b42bad07e8a9c76d/url'
20:19:40.333 [AsyncHttpClient-1-14] DEBUG org.asynchttpclient.netty.handler.HttpHandler - 

Request DefaultHttpRequest(decodeResult: success, version: HTTP/1.1)
POST /session/0e287393edc8bb36b42bad07e8a9c76d/url HTTP/1.1
User-Agent: selenium/4.8.1 (java windows)
Content-Length: 74
Content-Type: application/json; charset=utf-8
host: localhost:13720
accept: */*

Response DefaultHttpResponse(decodeResult: success, version: HTTP/1.1)
HTTP/1.1 200 OK
Content-Length: 14
Content-Type: application/json; charset=utf-8
cache-control: no-cache

20:19:40.333 [AsyncHttpClient-1-14] DEBUG org.asynchttpclient.netty.channel.ChannelManager - Adding key: http://localhost:13720 for channel [id: 0x2699c567, L:/127.0.0.1:55129 - R:localhost/127.0.0.1:13720]
20:19:40.335 [Forwarding setTimeout on session 0e287393edc8bb36b42bad07e8a9c76d to remote] DEBUG org.asynchttpclient.netty.request.NettyRequestSender - Using pooled Channel '[id: 0x2699c567, L:/127.0.0.1:55129 - R:localhost/127.0.0.1:13720]' for 'POST' to 'http://localhost:13720/session/0e287393edc8bb36b42bad07e8a9c76d/timeouts'
20:19:40.335 [Forwarding setTimeout on session 0e287393edc8bb36b42bad07e8a9c76d to remote] DEBUG org.asynchttpclient.netty.request.NettyRequestSender - Using open Channel [id: 0x2699c567, L:/127.0.0.1:55129 - R:localhost/127.0.0.1:13720] for POST '/session/0e287393edc8bb36b42bad07e8a9c76d/timeouts'
20:19:40.336 [AsyncHttpClient-1-14] DEBUG org.asynchttpclient.netty.handler.HttpHandler - 

Request DefaultHttpRequest(decodeResult: success, version: HTTP/1.1)
POST /session/0e287393edc8bb36b42bad07e8a9c76d/timeouts HTTP/1.1
User-Agent: selenium/4.8.1 (java windows)
Content-Length: 22
Content-Type: application/json; charset=utf-8
host: localhost:13720
accept: */*

Response DefaultHttpResponse(decodeResult: success, version: HTTP/1.1)
HTTP/1.1 200 OK
Content-Length: 14
Content-Type: application/json; charset=utf-8
cache-control: no-cache

20:19:40.336 [AsyncHttpClient-1-14] DEBUG org.asynchttpclient.netty.channel.ChannelManager - Adding key: http://localhost:13720 for channel [id: 0x2699c567, L:/127.0.0.1:55129 - R:localhost/127.0.0.1:13720]
20:19:40.342 [Forwarding getAlertText on session 0e287393edc8bb36b42bad07e8a9c76d to remote] DEBUG org.asynchttpclient.netty.request.NettyRequestSender - Using pooled Channel '[id: 0x2699c567, L:/127.0.0.1:55129 - R:localhost/127.0.0.1:13720]' for 'GET' to 'http://localhost:13720/session/0e287393edc8bb36b42bad07e8a9c76d/alert/text'
20:19:40.342 [Forwarding getAlertText on session 0e287393edc8bb36b42bad07e8a9c76d to remote] DEBUG org.asynchttpclient.netty.request.NettyRequestSender - Using open Channel [id: 0x2699c567, L:/127.0.0.1:55129 - R:localhost/127.0.0.1:13720] for GET '/session/0e287393edc8bb36b42bad07e8a9c76d/alert/text'
20:19:40.344 [AsyncHttpClient-1-14] DEBUG org.asynchttpclient.netty.handler.HttpHandler - 

Request DefaultFullHttpRequest(decodeResult: success, version: HTTP/1.1, content: EmptyByteBufBE)
GET /session/0e287393edc8bb36b42bad07e8a9c76d/alert/text HTTP/1.1
User-Agent: selenium/4.8.1 (java windows)
Cache-Control: no-cache
Content-Type: application/json; charset=utf-8
host: localhost:13720
accept: */*

Response DefaultHttpResponse(decodeResult: success, version: HTTP/1.1)
HTTP/1.1 404 Not Found
Content-Length: 836
Content-Type: application/json; charset=utf-8
cache-control: no-cache

20:19:40.344 [AsyncHttpClient-1-14] DEBUG org.asynchttpclient.netty.channel.ChannelManager - Adding key: http://localhost:13720 for channel [id: 0x2699c567, L:/127.0.0.1:55129 - R:localhost/127.0.0.1:13720]
20:19:40.345 [Forwarding getCurrentUrl on session 0e287393edc8bb36b42bad07e8a9c76d to remote] DEBUG org.asynchttpclient.netty.request.NettyRequestSender - Using pooled Channel '[id: 0x2699c567, L:/127.0.0.1:55129 - R:localhost/127.0.0.1:13720]' for 'GET' to 'http://localhost:13720/session/0e287393edc8bb36b42bad07e8a9c76d/url'
20:19:40.345 [Forwarding getCurrentUrl on session 0e287393edc8bb36b42bad07e8a9c76d to remote] DEBUG org.asynchttpclient.netty.request.NettyRequestSender - Using open Channel [id: 0x2699c567, L:/127.0.0.1:55129 - R:localhost/127.0.0.1:13720] for GET '/session/0e287393edc8bb36b42bad07e8a9c76d/url'
20:19:40.348 [AsyncHttpClient-1-14] DEBUG org.asynchttpclient.netty.handler.HttpHandler - 

Request DefaultFullHttpRequest(decodeResult: success, version: HTTP/1.1, content: EmptyByteBufBE)
GET /session/0e287393edc8bb36b42bad07e8a9c76d/url HTTP/1.1
User-Agent: selenium/4.8.1 (java windows)
Cache-Control: no-cache
Content-Type: application/json; charset=utf-8
host: localhost:13720
accept: */*

Response DefaultHttpResponse(decodeResult: success, version: HTTP/1.1)
HTTP/1.1 200 OK
Content-Length: 51
Content-Type: application/json; charset=utf-8
cache-control: no-cache

20:19:40.349 [AsyncHttpClient-1-14] DEBUG org.asynchttpclient.netty.channel.ChannelManager - Adding key: http://localhost:13720 for channel [id: 0x2699c567, L:/127.0.0.1:55129 - R:localhost/127.0.0.1:13720]
20:19:40.349 [Forwarding screenshot on session 0e287393edc8bb36b42bad07e8a9c76d to remote] DEBUG org.asynchttpclient.netty.request.NettyRequestSender - Using pooled Channel '[id: 0x2699c567, L:/127.0.0.1:55129 - R:localhost/127.0.0.1:13720]' for 'GET' to 'http://localhost:13720/session/0e287393edc8bb36b42bad07e8a9c76d/screenshot'
20:19:40.349 [Forwarding screenshot on session 0e287393edc8bb36b42bad07e8a9c76d to remote] DEBUG org.asynchttpclient.netty.request.NettyRequestSender - Using open Channel [id: 0x2699c567, L:/127.0.0.1:55129 - R:localhost/127.0.0.1:13720] for GET '/session/0e287393edc8bb36b42bad07e8a9c76d/screenshot'
20:19:40.489 [AsyncHttpClient-1-14] DEBUG org.asynchttpclient.netty.handler.HttpHandler - 

Request DefaultFullHttpRequest(decodeResult: success, version: HTTP/1.1, content: EmptyByteBufBE)
GET /session/0e287393edc8bb36b42bad07e8a9c76d/screenshot HTTP/1.1
User-Agent: selenium/4.8.1 (java windows)
Cache-Control: no-cache
Content-Type: application/json; charset=utf-8
host: localhost:13720
accept: */*

Response DefaultHttpResponse(decodeResult: success, version: HTTP/1.1)
HTTP/1.1 200 OK
Content-Length: 25208
Content-Type: application/json; charset=utf-8
cache-control: no-cache

20:19:40.489 [AsyncHttpClient-1-14] DEBUG org.asynchttpclient.netty.channel.ChannelManager - Adding key: http://localhost:13720 for channel [id: 0x2699c567, L:/127.0.0.1:55129 - R:localhost/127.0.0.1:13720]
20:19:40.490 [main] DEBUG net.serenitybdd.core.photography.Darkroom - Send negative for processing for target\site\serenity\edb14d4aab401efa0e4fb99861e6ffcafebc86a67b69f7828890b9910ed2ddbd.png
20:19:40.491 [main] DEBUG net.thucydides.core.steps.StepInterceptor - STEP DONE: openPage
  &amp#27;[32mGiven &amp#27;[0m&amp#27;[32mI am on the alta-shop login page&amp#27;[0m    &amp#27;[90m# starter.stepdefinitions.LoginSteps.onTheLoginPage()&amp#27;[0m
20:19:40.496 [Forwarding getPageSource on session 0e287393edc8bb36b42bad07e8a9c76d to remote] DEBUG org.asynchttpclient.netty.request.NettyRequestSender - Using pooled Channel '[id: 0x2699c567, L:/127.0.0.1:55129 - R:localhost/127.0.0.1:13720]' for 'POST' to 'http://localhost:13720/session/0e287393edc8bb36b42bad07e8a9c76d/execute/sync'
20:19:40.496 [Forwarding getPageSource on session 0e287393edc8bb36b42bad07e8a9c76d to remote] DEBUG org.asynchttpclient.netty.request.NettyRequestSender - Using open Channel [id: 0x2699c567, L:/127.0.0.1:55129 - R:localhost/127.0.0.1:13720] for POST '/session/0e287393edc8bb36b42bad07e8a9c76d/execute/sync'
20:19:40.502 [AsyncHttpClient-1-14] DEBUG org.asynchttpclient.netty.handler.HttpHandler - 

Request DefaultHttpRequest(decodeResult: success, version: HTTP/1.1)
POST /session/0e287393edc8bb36b42bad07e8a9c76d/execute/sync HTTP/1.1
User-Agent: selenium/4.8.1 (java windows)
Content-Length: 176
Content-Type: application/json; charset=utf-8
host: localhost:13720
accept: */*

Response DefaultHttpResponse(decodeResult: success, version: HTTP/1.1)
HTTP/1.1 200 OK
Content-Length: 21659
Content-Type: application/json; charset=utf-8
cache-control: no-cache

20:19:40.502 [AsyncHttpClient-1-14] DEBUG org.asynchttpclient.netty.channel.ChannelManager - Adding key: http://localhost:13720 for channel [id: 0x2699c567, L:/127.0.0.1:55129 - R:localhost/127.0.0.1:13720]
20:19:40.504 [Forwarding getCurrentUrl on session 0e287393edc8bb36b42bad07e8a9c76d to remote] DEBUG org.asynchttpclient.netty.request.NettyRequestSender - Using pooled Channel '[id: 0x2699c567, L:/127.0.0.1:55129 - R:localhost/127.0.0.1:13720]' for 'GET' to 'http://localhost:13720/session/0e287393edc8bb36b42bad07e8a9c76d/url'
20:19:40.504 [Forwarding getCurrentUrl on session 0e287393edc8bb36b42bad07e8a9c76d to remote] DEBUG org.asynchttpclient.netty.request.NettyRequestSender - Using open Channel [id: 0x2699c567, L:/127.0.0.1:55129 - R:localhost/127.0.0.1:13720] for GET '/session/0e287393edc8bb36b42bad07e8a9c76d/url'
20:19:40.507 [AsyncHttpClient-1-14] DEBUG org.asynchttpclient.netty.handler.HttpHandler - 

Request DefaultFullHttpRequest(decodeResult: success, version: HTTP/1.1, content: EmptyByteBufBE)
GET /session/0e287393edc8bb36b42bad07e8a9c76d/url HTTP/1.1
User-Agent: selenium/4.8.1 (java windows)
Cache-Control: no-cache
Content-Type: application/json; charset=utf-8
host: localhost:13720
accept: */*

Response DefaultHttpResponse(decodeResult: success, version: HTTP/1.1)
HTTP/1.1 200 OK
Content-Length: 51
Content-Type: application/json; charset=utf-8
cache-control: no-cache

20:19:40.507 [AsyncHttpClient-1-14] DEBUG org.asynchttpclient.netty.channel.ChannelManager - Adding key: http://localhost:13720 for channel [id: 0x2699c567, L:/127.0.0.1:55129 - R:localhost/127.0.0.1:13720]
20:19:40.528 [Forwarding getPageSource on session 0e287393edc8bb36b42bad07e8a9c76d to remote] DEBUG org.asynchttpclient.netty.request.NettyRequestSender - Using pooled Channel '[id: 0x2699c567, L:/127.0.0.1:55129 - R:localhost/127.0.0.1:13720]' for 'POST' to 'http://localhost:13720/session/0e287393edc8bb36b42bad07e8a9c76d/execute/sync'
20:19:40.528 [Forwarding getPageSource on session 0e287393edc8bb36b42bad07e8a9c76d to remote] DEBUG org.asynchttpclient.netty.request.NettyRequestSender - Using open Channel [id: 0x2699c567, L:/127.0.0.1:55129 - R:localhost/127.0.0.1:13720] for POST '/session/0e287393edc8bb36b42bad07e8a9c76d/execute/sync'
20:19:40.533 [AsyncHttpClient-1-14] DEBUG org.asynchttpclient.netty.handler.HttpHandler - 

Request DefaultHttpRequest(decodeResult: success, version: HTTP/1.1)
POST /session/0e287393edc8bb36b42bad07e8a9c76d/execute/sync HTTP/1.1
User-Agent: selenium/4.8.1 (java windows)
Content-Length: 176
Content-Type: application/json; charset=utf-8
host: localhost:13720
accept: */*

Response DefaultHttpResponse(decodeResult: success, version: HTTP/1.1)
HTTP/1.1 200 OK
Content-Length: 21659
Content-Type: application/json; charset=utf-8
cache-control: no-cache

20:19:40.533 [AsyncHttpClient-1-14] DEBUG org.asynchttpclient.netty.channel.ChannelManager - Adding key: http://localhost:13720 for channel [id: 0x2699c567, L:/127.0.0.1:55129 - R:localhost/127.0.0.1:13720]
20:19:40.535 [Forwarding getCurrentUrl on session 0e287393edc8bb36b42bad07e8a9c76d to remote] DEBUG org.asynchttpclient.netty.request.NettyRequestSender - Using pooled Channel '[id: 0x2699c567, L:/127.0.0.1:55129 - R:localhost/127.0.0.1:13720]' for 'GET' to 'http://localhost:13720/session/0e287393edc8bb36b42bad07e8a9c76d/url'
20:19:40.535 [Forwarding getCurrentUrl on session 0e287393edc8bb36b42bad07e8a9c76d to remote] DEBUG org.asynchttpclient.netty.request.NettyRequestSender - Using open Channel [id: 0x2699c567, L:/127.0.0.1:55129 - R:localhost/127.0.0.1:13720] for GET '/session/0e287393edc8bb36b42bad07e8a9c76d/url'
20:19:40.538 [AsyncHttpClient-1-14] DEBUG org.asynchttpclient.netty.handler.HttpHandler - 

Request DefaultFullHttpRequest(decodeResult: success, version: HTTP/1.1, content: EmptyByteBufBE)
GET /session/0e287393edc8bb36b42bad07e8a9c76d/url HTTP/1.1
User-Agent: selenium/4.8.1 (java windows)
Cache-Control: no-cache
Content-Type: application/json; charset=utf-8
host: localhost:13720
accept: */*

Response DefaultHttpResponse(decodeResult: success, version: HTTP/1.1)
HTTP/1.1 200 OK
Content-Length: 51
Content-Type: application/json; charset=utf-8
cache-control: no-cache

20:19:40.538 [AsyncHttpClient-1-14] DEBUG org.asynchttpclient.netty.channel.ChannelManager - Adding key: http://localhost:13720 for channel [id: 0x2699c567, L:/127.0.0.1:55129 - R:localhost/127.0.0.1:13720]
20:19:40.540 [main] DEBUG net.thucydides.core.steps.StepInterceptor - STARTING STEP: RegisterSteps.clickLoginButton - clickRegisterLink
20:19:40.542 [Forwarding findElement on session 0e287393edc8bb36b42bad07e8a9c76d to remote] DEBUG org.asynchttpclient.netty.request.NettyRequestSender - Using pooled Channel '[id: 0x2699c567, L:/127.0.0.1:55129 - R:localhost/127.0.0.1:13720]' for 'POST' to 'http://localhost:13720/session/0e287393edc8bb36b42bad07e8a9c76d/element'
20:19:40.542 [Forwarding findElement on session 0e287393edc8bb36b42bad07e8a9c76d to remote] DEBUG org.asynchttpclient.netty.request.NettyRequestSender - Using open Channel [id: 0x2699c567, L:/127.0.0.1:55129 - R:localhost/127.0.0.1:13720] for POST '/session/0e287393edc8bb36b42bad07e8a9c76d/element'
20:19:40.550 [AsyncHttpClient-1-14] DEBUG org.asynchttpclient.netty.handler.HttpHandler - 

Request DefaultHttpRequest(decodeResult: success, version: HTTP/1.1)
POST /session/0e287393edc8bb36b42bad07e8a9c76d/element HTTP/1.1
User-Agent: selenium/4.8.1 (java windows)
Content-Length: 84
Content-Type: application/json; charset=utf-8
host: localhost:13720
accept: */*

Response DefaultHttpResponse(decodeResult: success, version: HTTP/1.1)
HTTP/1.1 200 OK
Content-Length: 88
Content-Type: application/json; charset=utf-8
cache-control: no-cache

20:19:40.550 [AsyncHttpClient-1-14] DEBUG org.asynchttpclient.netty.channel.ChannelManager - Adding key: http://localhost:13720 for channel [id: 0x2699c567, L:/127.0.0.1:55129 - R:localhost/127.0.0.1:13720]
20:19:40.551 [Forwarding getElementTagName on session 0e287393edc8bb36b42bad07e8a9c76d to remote] DEBUG org.asynchttpclient.netty.request.NettyRequestSender - Using pooled Channel '[id: 0x2699c567, L:/127.0.0.1:55129 - R:localhost/127.0.0.1:13720]' for 'GET' to 'http://localhost:13720/session/0e287393edc8bb36b42bad07e8a9c76d/element/597dbbe2-d9a6-432b-9204-2e23ec39b706/name'
20:19:40.551 [Forwarding getElementTagName on session 0e287393edc8bb36b42bad07e8a9c76d to remote] DEBUG org.asynchttpclient.netty.request.NettyRequestSender - Using open Channel [id: 0x2699c567, L:/127.0.0.1:55129 - R:localhost/127.0.0.1:13720] for GET '/session/0e287393edc8bb36b42bad07e8a9c76d/element/597dbbe2-d9a6-432b-9204-2e23ec39b706/name'
20:19:40.552 [AsyncHttpClient-1-1] DEBUG org.asynchttpclient.netty.channel.DefaultChannelPool - Entry count for : http://localhost:55130 : 1
20:19:40.554 [AsyncHttpClient-1-14] DEBUG org.asynchttpclient.netty.handler.HttpHandler - 

Request DefaultFullHttpRequest(decodeResult: success, version: HTTP/1.1, content: EmptyByteBufBE)
GET /session/0e287393edc8bb36b42bad07e8a9c76d/element/597dbbe2-d9a6-432b-9204-2e23ec39b706/name HTTP/1.1
User-Agent: selenium/4.8.1 (java windows)
Cache-Control: no-cache
Content-Type: application/json; charset=utf-8
host: localhost:13720
accept: */*

Response DefaultHttpResponse(decodeResult: success, version: HTTP/1.1)
HTTP/1.1 200 OK
Content-Length: 13
Content-Type: application/json; charset=utf-8
cache-control: no-cache

20:19:40.554 [AsyncHttpClient-1-14] DEBUG org.asynchttpclient.netty.channel.ChannelManager - Adding key: http://localhost:13720 for channel [id: 0x2699c567, L:/127.0.0.1:55129 - R:localhost/127.0.0.1:13720]
20:19:40.555 [Forwarding getElementTagName on session 0e287393edc8bb36b42bad07e8a9c76d to remote] DEBUG org.asynchttpclient.netty.request.NettyRequestSender - Using pooled Channel '[id: 0x2699c567, L:/127.0.0.1:55129 - R:localhost/127.0.0.1:13720]' for 'GET' to 'http://localhost:13720/session/0e287393edc8bb36b42bad07e8a9c76d/element/597dbbe2-d9a6-432b-9204-2e23ec39b706/name'
20:19:40.555 [Forwarding getElementTagName on session 0e287393edc8bb36b42bad07e8a9c76d to remote] DEBUG org.asynchttpclient.netty.request.NettyRequestSender - Using open Channel [id: 0x2699c567, L:/127.0.0.1:55129 - R:localhost/127.0.0.1:13720] for GET '/session/0e287393edc8bb36b42bad07e8a9c76d/element/597dbbe2-d9a6-432b-9204-2e23ec39b706/name'
20:19:40.557 [AsyncHttpClient-1-14] DEBUG org.asynchttpclient.netty.handler.HttpHandler - 

Request DefaultFullHttpRequest(decodeResult: success, version: HTTP/1.1, content: EmptyByteBufBE)
GET /session/0e287393edc8bb36b42bad07e8a9c76d/element/597dbbe2-d9a6-432b-9204-2e23ec39b706/name HTTP/1.1
User-Agent: selenium/4.8.1 (java windows)
Cache-Control: no-cache
Content-Type: application/json; charset=utf-8
host: localhost:13720
accept: */*

Response DefaultHttpResponse(decodeResult: success, version: HTTP/1.1)
HTTP/1.1 200 OK
Content-Length: 13
Content-Type: application/json; charset=utf-8
cache-control: no-cache

20:19:40.557 [AsyncHttpClient-1-14] DEBUG org.asynchttpclient.netty.channel.ChannelManager - Adding key: http://localhost:13720 for channel [id: 0x2699c567, L:/127.0.0.1:55129 - R:localhost/127.0.0.1:13720]
20:19:40.559 [Forwarding findElement on session 0e287393edc8bb36b42bad07e8a9c76d to remote] DEBUG org.asynchttpclient.netty.request.NettyRequestSender - Using pooled Channel '[id: 0x2699c567, L:/127.0.0.1:55129 - R:localhost/127.0.0.1:13720]' for 'POST' to 'http://localhost:13720/session/0e287393edc8bb36b42bad07e8a9c76d/element'
20:19:40.559 [Forwarding findElement on session 0e287393edc8bb36b42bad07e8a9c76d to remote] DEBUG org.asynchttpclient.netty.request.NettyRequestSender - Using open Channel [id: 0x2699c567, L:/127.0.0.1:55129 - R:localhost/127.0.0.1:13720] for POST '/session/0e287393edc8bb36b42bad07e8a9c76d/element'
20:19:40.563 [AsyncHttpClient-1-14] DEBUG org.asynchttpclient.netty.handler.HttpHandler - 

Request DefaultHttpRequest(decodeResult: success, version: HTTP/1.1)
POST /session/0e287393edc8bb36b42bad07e8a9c76d/element HTTP/1.1
User-Agent: selenium/4.8.1 (java windows)
Content-Length: 84
Content-Type: application/json; charset=utf-8
host: localhost:13720
accept: */*

Response DefaultHttpResponse(decodeResult: success, version: HTTP/1.1)
HTTP/1.1 200 OK
Content-Length: 88
Content-Type: application/json; charset=utf-8
cache-control: no-cache

20:19:40.563 [AsyncHttpClient-1-14] DEBUG org.asynchttpclient.netty.channel.ChannelManager - Adding key: http://localhost:13720 for channel [id: 0x2699c567, L:/127.0.0.1:55129 - R:localhost/127.0.0.1:13720]
20:19:40.564 [Forwarding clickElement on session 0e287393edc8bb36b42bad07e8a9c76d to remote] DEBUG org.asynchttpclient.netty.request.NettyRequestSender - Using pooled Channel '[id: 0x2699c567, L:/127.0.0.1:55129 - R:localhost/127.0.0.1:13720]' for 'POST' to 'http://localhost:13720/session/0e287393edc8bb36b42bad07e8a9c76d/element/597dbbe2-d9a6-432b-9204-2e23ec39b706/click'
20:19:40.564 [Forwarding clickElement on session 0e287393edc8bb36b42bad07e8a9c76d to remote] DEBUG org.asynchttpclient.netty.request.NettyRequestSender - Using open Channel [id: 0x2699c567, L:/127.0.0.1:55129 - R:localhost/127.0.0.1:13720] for POST '/session/0e287393edc8bb36b42bad07e8a9c76d/element/597dbbe2-d9a6-432b-9204-2e23ec39b706/click'
20:19:40.601 [AsyncHttpClient-1-14] DEBUG org.asynchttpclient.netty.handler.HttpHandler - 

Request DefaultHttpRequest(decodeResult: success, version: HTTP/1.1)
POST /session/0e287393edc8bb36b42bad07e8a9c76d/element/597dbbe2-d9a6-432b-9204-2e23ec39b706/click HTTP/1.1
User-Agent: selenium/4.8.1 (java windows)
Content-Length: 50
Content-Type: application/json; charset=utf-8
host: localhost:13720
accept: */*

Response DefaultHttpResponse(decodeResult: success, version: HTTP/1.1)
HTTP/1.1 200 OK
Content-Length: 14
Content-Type: application/json; charset=utf-8
cache-control: no-cache

20:19:40.601 [AsyncHttpClient-1-14] DEBUG org.asynchttpclient.netty.channel.ChannelManager - Adding key: http://localhost:13720 for channel [id: 0x2699c567, L:/127.0.0.1:55129 - R:localhost/127.0.0.1:13720]
20:19:40.605 [Forwarding getAlertText on session 0e287393edc8bb36b42bad07e8a9c76d to remote] DEBUG org.asynchttpclient.netty.request.NettyRequestSender - Using pooled Channel '[id: 0x2699c567, L:/127.0.0.1:55129 - R:localhost/127.0.0.1:13720]' for 'GET' to 'http://localhost:13720/session/0e287393edc8bb36b42bad07e8a9c76d/alert/text'
20:19:40.605 [Forwarding getAlertText on session 0e287393edc8bb36b42bad07e8a9c76d to remote] DEBUG org.asynchttpclient.netty.request.NettyRequestSender - Using open Channel [id: 0x2699c567, L:/127.0.0.1:55129 - R:localhost/127.0.0.1:13720] for GET '/session/0e287393edc8bb36b42bad07e8a9c76d/alert/text'
20:19:40.609 [AsyncHttpClient-1-14] DEBUG org.asynchttpclient.netty.handler.HttpHandler - 

Request DefaultFullHttpRequest(decodeResult: success, version: HTTP/1.1, content: EmptyByteBufBE)
GET /session/0e287393edc8bb36b42bad07e8a9c76d/alert/text HTTP/1.1
User-Agent: selenium/4.8.1 (java windows)
Cache-Control: no-cache
Content-Type: application/json; charset=utf-8
host: localhost:13720
accept: */*

Response DefaultHttpResponse(decodeResult: success, version: HTTP/1.1)
HTTP/1.1 404 Not Found
Content-Length: 836
Content-Type: application/json; charset=utf-8
cache-control: no-cache

20:19:40.609 [AsyncHttpClient-1-14] DEBUG org.asynchttpclient.netty.channel.ChannelManager - Adding key: http://localhost:13720 for channel [id: 0x2699c567, L:/127.0.0.1:55129 - R:localhost/127.0.0.1:13720]
20:19:40.610 [Forwarding getCurrentUrl on session 0e287393edc8bb36b42bad07e8a9c76d to remote] DEBUG org.asynchttpclient.netty.request.NettyRequestSender - Using pooled Channel '[id: 0x2699c567, L:/127.0.0.1:55129 - R:localhost/127.0.0.1:13720]' for 'GET' to 'http://localhost:13720/session/0e287393edc8bb36b42bad07e8a9c76d/url'
20:19:40.610 [Forwarding getCurrentUrl on session 0e287393edc8bb36b42bad07e8a9c76d to remote] DEBUG org.asynchttpclient.netty.request.NettyRequestSender - Using open Channel [id: 0x2699c567, L:/127.0.0.1:55129 - R:localhost/127.0.0.1:13720] for GET '/session/0e287393edc8bb36b42bad07e8a9c76d/url'
20:19:40.615 [AsyncHttpClient-1-14] DEBUG org.asynchttpclient.netty.handler.HttpHandler - 

Request DefaultFullHttpRequest(decodeResult: success, version: HTTP/1.1, content: EmptyByteBufBE)
GET /session/0e287393edc8bb36b42bad07e8a9c76d/url HTTP/1.1
User-Agent: selenium/4.8.1 (java windows)
Cache-Control: no-cache
Content-Type: application/json; charset=utf-8
host: localhost:13720
accept: */*

Response DefaultHttpResponse(decodeResult: success, version: HTTP/1.1)
HTTP/1.1 200 OK
Content-Length: 54
Content-Type: application/json; charset=utf-8
cache-control: no-cache

20:19:40.615 [AsyncHttpClient-1-14] DEBUG org.asynchttpclient.netty.channel.ChannelManager - Adding key: http://localhost:13720 for channel [id: 0x2699c567, L:/127.0.0.1:55129 - R:localhost/127.0.0.1:13720]
20:19:40.616 [Forwarding screenshot on session 0e287393edc8bb36b42bad07e8a9c76d to remote] DEBUG org.asynchttpclient.netty.request.NettyRequestSender - Using pooled Channel '[id: 0x2699c567, L:/127.0.0.1:55129 - R:localhost/127.0.0.1:13720]' for 'GET' to 'http://localhost:13720/session/0e287393edc8bb36b42bad07e8a9c76d/screenshot'
20:19:40.616 [Forwarding screenshot on session 0e287393edc8bb36b42bad07e8a9c76d to remote] DEBUG org.asynchttpclient.netty.request.NettyRequestSender - Using open Channel [id: 0x2699c567, L:/127.0.0.1:55129 - R:localhost/127.0.0.1:13720] for GET '/session/0e287393edc8bb36b42bad07e8a9c76d/screenshot'
20:19:40.713 [AsyncHttpClient-1-14] DEBUG org.asynchttpclient.netty.handler.HttpHandler - 

Request DefaultFullHttpRequest(decodeResult: success, version: HTTP/1.1, content: EmptyByteBufBE)
GET /session/0e287393edc8bb36b42bad07e8a9c76d/screenshot HTTP/1.1
User-Agent: selenium/4.8.1 (java windows)
Cache-Control: no-cache
Content-Type: application/json; charset=utf-8
host: localhost:13720
accept: */*

Response DefaultHttpResponse(decodeResult: success, version: HTTP/1.1)
HTTP/1.1 200 OK
Content-Length: 30264
Content-Type: application/json; charset=utf-8
cache-control: no-cache

20:19:40.713 [AsyncHttpClient-1-14] DEBUG org.asynchttpclient.netty.channel.ChannelManager - Adding key: http://localhost:13720 for channel [id: 0x2699c567, L:/127.0.0.1:55129 - R:localhost/127.0.0.1:13720]
20:19:40.714 [main] DEBUG net.serenitybdd.core.photography.Darkroom - Send negative for processing for target\site\serenity\1c8b997591b99fdc785d9ec6140bb0837e68f1e43009b62e44e6a795bc8005e3.png
20:19:40.714 [main] DEBUG net.thucydides.core.steps.StepInterceptor - STEP DONE: clickRegisterLink
  &amp#27;[32mWhen &amp#27;[0m&amp#27;[32mI go to the alta-shop register page&amp#27;[0m  &amp#27;[90m# starter.stepdefinitions.RegisterSteps.clickLoginButton()&amp#27;[0m
20:19:40.720 [Forwarding getPageSource on session 0e287393edc8bb36b42bad07e8a9c76d to remote] DEBUG org.asynchttpclient.netty.request.NettyRequestSender - Using pooled Channel '[id: 0x2699c567, L:/127.0.0.1:55129 - R:localhost/127.0.0.1:13720]' for 'POST' to 'http://localhost:13720/session/0e287393edc8bb36b42bad07e8a9c76d/execute/sync'
20:19:40.720 [Forwarding getPageSource on session 0e287393edc8bb36b42bad07e8a9c76d to remote] DEBUG org.asynchttpclient.netty.request.NettyRequestSender - Using open Channel [id: 0x2699c567, L:/127.0.0.1:55129 - R:localhost/127.0.0.1:13720] for POST '/session/0e287393edc8bb36b42bad07e8a9c76d/execute/sync'
20:19:40.724 [AsyncHttpClient-1-14] DEBUG org.asynchttpclient.netty.handler.HttpHandler - 

Request DefaultHttpRequest(decodeResult: success, version: HTTP/1.1)
POST /session/0e287393edc8bb36b42bad07e8a9c76d/execute/sync HTTP/1.1
User-Agent: selenium/4.8.1 (java windows)
Content-Length: 176
Content-Type: application/json; charset=utf-8
host: localhost:13720
accept: */*

Response DefaultHttpResponse(decodeResult: success, version: HTTP/1.1)
HTTP/1.1 200 OK
Content-Length: 22314
Content-Type: application/json; charset=utf-8
cache-control: no-cache

20:19:40.725 [AsyncHttpClient-1-14] DEBUG org.asynchttpclient.netty.channel.ChannelManager - Adding key: http://localhost:13720 for channel [id: 0x2699c567, L:/127.0.0.1:55129 - R:localhost/127.0.0.1:13720]
20:19:40.727 [Forwarding getCurrentUrl on session 0e287393edc8bb36b42bad07e8a9c76d to remote] DEBUG org.asynchttpclient.netty.request.NettyRequestSender - Using pooled Channel '[id: 0x2699c567, L:/127.0.0.1:55129 - R:localhost/127.0.0.1:13720]' for 'GET' to 'http://localhost:13720/session/0e287393edc8bb36b42bad07e8a9c76d/url'
20:19:40.727 [Forwarding getCurrentUrl on session 0e287393edc8bb36b42bad07e8a9c76d to remote] DEBUG org.asynchttpclient.netty.request.NettyRequestSender - Using open Channel [id: 0x2699c567, L:/127.0.0.1:55129 - R:localhost/127.0.0.1:13720] for GET '/session/0e287393edc8bb36b42bad07e8a9c76d/url'
20:19:40.730 [AsyncHttpClient-1-14] DEBUG org.asynchttpclient.netty.handler.HttpHandler - 

Request DefaultFullHttpRequest(decodeResult: success, version: HTTP/1.1, content: EmptyByteBufBE)
GET /session/0e287393edc8bb36b42bad07e8a9c76d/url HTTP/1.1
User-Agent: selenium/4.8.1 (java windows)
Cache-Control: no-cache
Content-Type: application/json; charset=utf-8
host: localhost:13720
accept: */*

Response DefaultHttpResponse(decodeResult: success, version: HTTP/1.1)
HTTP/1.1 200 OK
Content-Length: 54
Content-Type: application/json; charset=utf-8
cache-control: no-cache

20:19:40.730 [AsyncHttpClient-1-14] DEBUG org.asynchttpclient.netty.channel.ChannelManager - Adding key: http://localhost:13720 for channel [id: 0x2699c567, L:/127.0.0.1:55129 - R:localhost/127.0.0.1:13720]
20:19:40.736 [Forwarding getPageSource on session 0e287393edc8bb36b42bad07e8a9c76d to remote] DEBUG org.asynchttpclient.netty.request.NettyRequestSender - Using pooled Channel '[id: 0x2699c567, L:/127.0.0.1:55129 - R:localhost/127.0.0.1:13720]' for 'POST' to 'http://localhost:13720/session/0e287393edc8bb36b42bad07e8a9c76d/execute/sync'
20:19:40.736 [Forwarding getPageSource on session 0e287393edc8bb36b42bad07e8a9c76d to remote] DEBUG org.asynchttpclient.netty.request.NettyRequestSender - Using open Channel [id: 0x2699c567, L:/127.0.0.1:55129 - R:localhost/127.0.0.1:13720] for POST '/session/0e287393edc8bb36b42bad07e8a9c76d/execute/sync'
20:19:40.739 [AsyncHttpClient-1-14] DEBUG org.asynchttpclient.netty.handler.HttpHandler - 

Request DefaultHttpRequest(decodeResult: success, version: HTTP/1.1)
POST /session/0e287393edc8bb36b42bad07e8a9c76d/execute/sync HTTP/1.1
User-Agent: selenium/4.8.1 (java windows)
Content-Length: 176
Content-Type: application/json; charset=utf-8
host: localhost:13720
accept: */*

Response DefaultHttpResponse(decodeResult: success, version: HTTP/1.1)
HTTP/1.1 200 OK
Content-Length: 22314
Content-Type: application/json; charset=utf-8
cache-control: no-cache

20:19:40.740 [AsyncHttpClient-1-14] DEBUG org.asynchttpclient.netty.channel.ChannelManager - Adding key: http://localhost:13720 for channel [id: 0x2699c567, L:/127.0.0.1:55129 - R:localhost/127.0.0.1:13720]
20:19:40.741 [Forwarding getCurrentUrl on session 0e287393edc8bb36b42bad07e8a9c76d to remote] DEBUG org.asynchttpclient.netty.request.NettyRequestSender - Using pooled Channel '[id: 0x2699c567, L:/127.0.0.1:55129 - R:localhost/127.0.0.1:13720]' for 'GET' to 'http://localhost:13720/session/0e287393edc8bb36b42bad07e8a9c76d/url'
20:19:40.741 [Forwarding getCurrentUrl on session 0e287393edc8bb36b42bad07e8a9c76d to remote] DEBUG org.asynchttpclient.netty.request.NettyRequestSender - Using open Channel [id: 0x2699c567, L:/127.0.0.1:55129 - R:localhost/127.0.0.1:13720] for GET '/session/0e287393edc8bb36b42bad07e8a9c76d/url'
20:19:40.744 [AsyncHttpClient-1-14] DEBUG org.asynchttpclient.netty.handler.HttpHandler - 

Request DefaultFullHttpRequest(decodeResult: success, version: HTTP/1.1, content: EmptyByteBufBE)
GET /session/0e287393edc8bb36b42bad07e8a9c76d/url HTTP/1.1
User-Agent: selenium/4.8.1 (java windows)
Cache-Control: no-cache
Content-Type: application/json; charset=utf-8
host: localhost:13720
accept: */*

Response DefaultHttpResponse(decodeResult: success, version: HTTP/1.1)
HTTP/1.1 200 OK
Content-Length: 54
Content-Type: application/json; charset=utf-8
cache-control: no-cache

20:19:40.744 [AsyncHttpClient-1-14] DEBUG org.asynchttpclient.netty.channel.ChannelManager - Adding key: http://localhost:13720 for channel [id: 0x2699c567, L:/127.0.0.1:55129 - R:localhost/127.0.0.1:13720]
20:19:40.747 [main] DEBUG net.thucydides.core.steps.StepInterceptor - STARTING STEP: RegisterSteps.inputFullnameReg - inputFullnameReg
20:19:40.748 [Forwarding findElement on session 0e287393edc8bb36b42bad07e8a9c76d to remote] DEBUG org.asynchttpclient.netty.request.NettyRequestSender - Using pooled Channel '[id: 0x2699c567, L:/127.0.0.1:55129 - R:localhost/127.0.0.1:13720]' for 'POST' to 'http://localhost:13720/session/0e287393edc8bb36b42bad07e8a9c76d/element'
20:19:40.748 [Forwarding findElement on session 0e287393edc8bb36b42bad07e8a9c76d to remote] DEBUG org.asynchttpclient.netty.request.NettyRequestSender - Using open Channel [id: 0x2699c567, L:/127.0.0.1:55129 - R:localhost/127.0.0.1:13720] for POST '/session/0e287393edc8bb36b42bad07e8a9c76d/element'
20:19:40.755 [AsyncHttpClient-1-14] DEBUG org.asynchttpclient.netty.handler.HttpHandler - 

Request DefaultHttpRequest(decodeResult: success, version: HTTP/1.1)
POST /session/0e287393edc8bb36b42bad07e8a9c76d/element HTTP/1.1
User-Agent: selenium/4.8.1 (java windows)
Content-Length: 55
Content-Type: application/json; charset=utf-8
host: localhost:13720
accept: */*

Response DefaultHttpResponse(decodeResult: success, version: HTTP/1.1)
HTTP/1.1 200 OK
Content-Length: 88
Content-Type: application/json; charset=utf-8
cache-control: no-cache

20:19:40.755 [AsyncHttpClient-1-14] DEBUG org.asynchttpclient.netty.channel.ChannelManager - Adding key: http://localhost:13720 for channel [id: 0x2699c567, L:/127.0.0.1:55129 - R:localhost/127.0.0.1:13720]
20:19:40.756 [Forwarding clearElement on session 0e287393edc8bb36b42bad07e8a9c76d to remote] DEBUG org.asynchttpclient.netty.request.NettyRequestSender - Using pooled Channel '[id: 0x2699c567, L:/127.0.0.1:55129 - R:localhost/127.0.0.1:13720]' for 'POST' to 'http://localhost:13720/session/0e287393edc8bb36b42bad07e8a9c76d/element/d3d88798-5589-49be-b468-e99a3e51bf9f/clear'
20:19:40.756 [Forwarding clearElement on session 0e287393edc8bb36b42bad07e8a9c76d to remote] DEBUG org.asynchttpclient.netty.request.NettyRequestSender - Using open Channel [id: 0x2699c567, L:/127.0.0.1:55129 - R:localhost/127.0.0.1:13720] for POST '/session/0e287393edc8bb36b42bad07e8a9c76d/element/d3d88798-5589-49be-b468-e99a3e51bf9f/clear'
20:19:40.780 [AsyncHttpClient-1-14] DEBUG org.asynchttpclient.netty.handler.HttpHandler - 

Request DefaultHttpRequest(decodeResult: success, version: HTTP/1.1)
POST /session/0e287393edc8bb36b42bad07e8a9c76d/element/d3d88798-5589-49be-b468-e99a3e51bf9f/clear HTTP/1.1
User-Agent: selenium/4.8.1 (java windows)
Content-Length: 50
Content-Type: application/json; charset=utf-8
host: localhost:13720
accept: */*

Response DefaultHttpResponse(decodeResult: success, version: HTTP/1.1)
HTTP/1.1 200 OK
Content-Length: 14
Content-Type: application/json; charset=utf-8
cache-control: no-cache

20:19:40.780 [AsyncHttpClient-1-14] DEBUG org.asynchttpclient.netty.channel.ChannelManager - Adding key: http://localhost:13720 for channel [id: 0x2699c567, L:/127.0.0.1:55129 - R:localhost/127.0.0.1:13720]
20:19:40.781 [Forwarding sendKeysToElement on session 0e287393edc8bb36b42bad07e8a9c76d to remote] DEBUG org.asynchttpclient.netty.request.NettyRequestSender - Using pooled Channel '[id: 0x2699c567, L:/127.0.0.1:55129 - R:localhost/127.0.0.1:13720]' for 'POST' to 'http://localhost:13720/session/0e287393edc8bb36b42bad07e8a9c76d/element/d3d88798-5589-49be-b468-e99a3e51bf9f/value'
20:19:40.781 [Forwarding sendKeysToElement on session 0e287393edc8bb36b42bad07e8a9c76d to remote] DEBUG org.asynchttpclient.netty.request.NettyRequestSender - Using open Channel [id: 0x2699c567, L:/127.0.0.1:55129 - R:localhost/127.0.0.1:13720] for POST '/session/0e287393edc8bb36b42bad07e8a9c76d/element/d3d88798-5589-49be-b468-e99a3e51bf9f/value'
20:19:40.820 [AsyncHttpClient-1-14] DEBUG org.asynchttpclient.netty.handler.HttpHandler - 

Request DefaultHttpRequest(decodeResult: success, version: HTTP/1.1)
POST /session/0e287393edc8bb36b42bad07e8a9c76d/element/d3d88798-5589-49be-b468-e99a3e51bf9f/value HTTP/1.1
User-Agent: selenium/4.8.1 (java windows)
Content-Length: 101
Content-Type: application/json; charset=utf-8
host: localhost:13720
accept: */*

Response DefaultHttpResponse(decodeResult: success, version: HTTP/1.1)
HTTP/1.1 200 OK
Content-Length: 14
Content-Type: application/json; charset=utf-8
cache-control: no-cache

20:19:40.820 [AsyncHttpClient-1-14] DEBUG org.asynchttpclient.netty.channel.ChannelManager - Adding key: http://localhost:13720 for channel [id: 0x2699c567, L:/127.0.0.1:55129 - R:localhost/127.0.0.1:13720]
20:19:40.824 [Forwarding getAlertText on session 0e287393edc8bb36b42bad07e8a9c76d to remote] DEBUG org.asynchttpclient.netty.request.NettyRequestSender - Using pooled Channel '[id: 0x2699c567, L:/127.0.0.1:55129 - R:localhost/127.0.0.1:13720]' for 'GET' to 'http://localhost:13720/session/0e287393edc8bb36b42bad07e8a9c76d/alert/text'
20:19:40.824 [Forwarding getAlertText on session 0e287393edc8bb36b42bad07e8a9c76d to remote] DEBUG org.asynchttpclient.netty.request.NettyRequestSender - Using open Channel [id: 0x2699c567, L:/127.0.0.1:55129 - R:localhost/127.0.0.1:13720] for GET '/session/0e287393edc8bb36b42bad07e8a9c76d/alert/text'
20:19:40.825 [AsyncHttpClient-1-14] DEBUG org.asynchttpclient.netty.handler.HttpHandler - 

Request DefaultFullHttpRequest(decodeResult: success, version: HTTP/1.1, content: EmptyByteBufBE)
GET /session/0e287393edc8bb36b42bad07e8a9c76d/alert/text HTTP/1.1
User-Agent: selenium/4.8.1 (java windows)
Cache-Control: no-cache
Content-Type: application/json; charset=utf-8
host: localhost:13720
accept: */*

Response DefaultHttpResponse(decodeResult: success, version: HTTP/1.1)
HTTP/1.1 404 Not Found
Content-Length: 836
Content-Type: application/json; charset=utf-8
cache-control: no-cache

20:19:40.825 [AsyncHttpClient-1-14] DEBUG org.asynchttpclient.netty.channel.ChannelManager - Adding key: http://localhost:13720 for channel [id: 0x2699c567, L:/127.0.0.1:55129 - R:localhost/127.0.0.1:13720]
20:19:40.826 [Forwarding getCurrentUrl on session 0e287393edc8bb36b42bad07e8a9c76d to remote] DEBUG org.asynchttpclient.netty.request.NettyRequestSender - Using pooled Channel '[id: 0x2699c567, L:/127.0.0.1:55129 - R:localhost/127.0.0.1:13720]' for 'GET' to 'http://localhost:13720/session/0e287393edc8bb36b42bad07e8a9c76d/url'
20:19:40.826 [Forwarding getCurrentUrl on session 0e287393edc8bb36b42bad07e8a9c76d to remote] DEBUG org.asynchttpclient.netty.request.NettyRequestSender - Using open Channel [id: 0x2699c567, L:/127.0.0.1:55129 - R:localhost/127.0.0.1:13720] for GET '/session/0e287393edc8bb36b42bad07e8a9c76d/url'
20:19:40.828 [AsyncHttpClient-1-14] DEBUG org.asynchttpclient.netty.handler.HttpHandler - 

Request DefaultFullHttpRequest(decodeResult: success, version: HTTP/1.1, content: EmptyByteBufBE)
GET /session/0e287393edc8bb36b42bad07e8a9c76d/url HTTP/1.1
User-Agent: selenium/4.8.1 (java windows)
Cache-Control: no-cache
Content-Type: application/json; charset=utf-8
host: localhost:13720
accept: */*

Response DefaultHttpResponse(decodeResult: success, version: HTTP/1.1)
HTTP/1.1 200 OK
Content-Length: 54
Content-Type: application/json; charset=utf-8
cache-control: no-cache

20:19:40.828 [AsyncHttpClient-1-14] DEBUG org.asynchttpclient.netty.channel.ChannelManager - Adding key: http://localhost:13720 for channel [id: 0x2699c567, L:/127.0.0.1:55129 - R:localhost/127.0.0.1:13720]
20:19:40.829 [Forwarding screenshot on session 0e287393edc8bb36b42bad07e8a9c76d to remote] DEBUG org.asynchttpclient.netty.request.NettyRequestSender - Using pooled Channel '[id: 0x2699c567, L:/127.0.0.1:55129 - R:localhost/127.0.0.1:13720]' for 'GET' to 'http://localhost:13720/session/0e287393edc8bb36b42bad07e8a9c76d/screenshot'
20:19:40.829 [Forwarding screenshot on session 0e287393edc8bb36b42bad07e8a9c76d to remote] DEBUG org.asynchttpclient.netty.request.NettyRequestSender - Using open Channel [id: 0x2699c567, L:/127.0.0.1:55129 - R:localhost/127.0.0.1:13720] for GET '/session/0e287393edc8bb36b42bad07e8a9c76d/screenshot'
20:19:40.962 [AsyncHttpClient-1-14] DEBUG org.asynchttpclient.netty.handler.HttpHandler - 

Request DefaultFullHttpRequest(decodeResult: success, version: HTTP/1.1, content: EmptyByteBufBE)
GET /session/0e287393edc8bb36b42bad07e8a9c76d/screenshot HTTP/1.1
User-Agent: selenium/4.8.1 (java windows)
Cache-Control: no-cache
Content-Type: application/json; charset=utf-8
host: localhost:13720
accept: */*

Response DefaultHttpResponse(decodeResult: success, version: HTTP/1.1)
HTTP/1.1 200 OK
Content-Length: 30256
Content-Type: application/json; charset=utf-8
cache-control: no-cache

20:19:40.962 [AsyncHttpClient-1-14] DEBUG org.asynchttpclient.netty.channel.ChannelManager - Adding key: http://localhost:13720 for channel [id: 0x2699c567, L:/127.0.0.1:55129 - R:localhost/127.0.0.1:13720]
20:19:40.963 [main] DEBUG net.serenitybdd.core.photography.Darkroom - Send negative for processing for target\site\serenity\ad7cec66accecb15cd18068b438cf74f269f80fb328c2b1e1c98994590ea972c.png
20:19:40.964 [main] DEBUG net.thucydides.core.steps.StepInterceptor - STEP DONE: inputFullnameReg
  &amp#27;[32mAnd &amp#27;[0m&amp#27;[32mI input correct fullname for register&amp#27;[0m &amp#27;[90m# starter.stepdefinitions.RegisterSteps.inputFullnameReg()&amp#27;[0m
20:19:40.964 [Darkroom Processing Line] DEBUG net.serenitybdd.core.photography.DarkroomProcessingLine - Processing screenshot image in /var/screenshots/screenshot-11136446710250710525
20:19:40.964 [Darkroom Processing Line] DEBUG net.serenitybdd.core.photography.DarkroomProcessingLine - Saving screenshot to target\site\serenity\ad7cec66accecb15cd18068b438cf74f269f80fb328c2b1e1c98994590ea972c.png
20:19:40.970 [Forwarding getPageSource on session 0e287393edc8bb36b42bad07e8a9c76d to remote] DEBUG org.asynchttpclient.netty.request.NettyRequestSender - Using pooled Channel '[id: 0x2699c567, L:/127.0.0.1:55129 - R:localhost/127.0.0.1:13720]' for 'POST' to 'http://localhost:13720/session/0e287393edc8bb36b42bad07e8a9c76d/execute/sync'
20:19:40.970 [Forwarding getPageSource on session 0e287393edc8bb36b42bad07e8a9c76d to remote] DEBUG org.asynchttpclient.netty.request.NettyRequestSender - Using open Channel [id: 0x2699c567, L:/127.0.0.1:55129 - R:localhost/127.0.0.1:13720] for POST '/session/0e287393edc8bb36b42bad07e8a9c76d/execute/sync'
20:19:40.973 [AsyncHttpClient-1-14] DEBUG org.asynchttpclient.netty.handler.HttpHandler - 

Request DefaultHttpRequest(decodeResult: success, version: HTTP/1.1)
POST /session/0e287393edc8bb36b42bad07e8a9c76d/execute/sync HTTP/1.1
User-Agent: selenium/4.8.1 (java windows)
Content-Length: 176
Content-Type: application/json; charset=utf-8
host: localhost:13720
accept: */*

Response DefaultHttpResponse(decodeResult: success, version: HTTP/1.1)
HTTP/1.1 200 OK
Content-Length: 22435
Content-Type: application/json; charset=utf-8
cache-control: no-cache

20:19:40.973 [AsyncHttpClient-1-14] DEBUG org.asynchttpclient.netty.channel.ChannelManager - Adding key: http://localhost:13720 for channel [id: 0x2699c567, L:/127.0.0.1:55129 - R:localhost/127.0.0.1:13720]
20:19:40.975 [Forwarding getCurrentUrl on session 0e287393edc8bb36b42bad07e8a9c76d to remote] DEBUG org.asynchttpclient.netty.request.NettyRequestSender - Using pooled Channel '[id: 0x2699c567, L:/127.0.0.1:55129 - R:localhost/127.0.0.1:13720]' for 'GET' to 'http://localhost:13720/session/0e287393edc8bb36b42bad07e8a9c76d/url'
20:19:40.975 [Forwarding getCurrentUrl on session 0e287393edc8bb36b42bad07e8a9c76d to remote] DEBUG org.asynchttpclient.netty.request.NettyRequestSender - Using open Channel [id: 0x2699c567, L:/127.0.0.1:55129 - R:localhost/127.0.0.1:13720] for GET '/session/0e287393edc8bb36b42bad07e8a9c76d/url'
20:19:40.979 [AsyncHttpClient-1-14] DEBUG org.asynchttpclient.netty.handler.HttpHandler - 

Request DefaultFullHttpRequest(decodeResult: success, version: HTTP/1.1, content: EmptyByteBufBE)
GET /session/0e287393edc8bb36b42bad07e8a9c76d/url HTTP/1.1
User-Agent: selenium/4.8.1 (java windows)
Cache-Control: no-cache
Content-Type: application/json; charset=utf-8
host: localhost:13720
accept: */*

Response DefaultHttpResponse(decodeResult: success, version: HTTP/1.1)
HTTP/1.1 200 OK
Content-Length: 54
Content-Type: application/json; charset=utf-8
cache-control: no-cache

20:19:40.979 [AsyncHttpClient-1-14] DEBUG org.asynchttpclient.netty.channel.ChannelManager - Adding key: http://localhost:13720 for channel [id: 0x2699c567, L:/127.0.0.1:55129 - R:localhost/127.0.0.1:13720]
20:19:40.987 [Forwarding getPageSource on session 0e287393edc8bb36b42bad07e8a9c76d to remote] DEBUG org.asynchttpclient.netty.request.NettyRequestSender - Using pooled Channel '[id: 0x2699c567, L:/127.0.0.1:55129 - R:localhost/127.0.0.1:13720]' for 'POST' to 'http://localhost:13720/session/0e287393edc8bb36b42bad07e8a9c76d/execute/sync'
20:19:40.988 [Forwarding getPageSource on session 0e287393edc8bb36b42bad07e8a9c76d to remote] DEBUG org.asynchttpclient.netty.request.NettyRequestSender - Using open Channel [id: 0x2699c567, L:/127.0.0.1:55129 - R:localhost/127.0.0.1:13720] for POST '/session/0e287393edc8bb36b42bad07e8a9c76d/execute/sync'
20:19:40.992 [AsyncHttpClient-1-14] DEBUG org.asynchttpclient.netty.handler.HttpHandler - 

Request DefaultHttpRequest(decodeResult: success, version: HTTP/1.1)
POST /session/0e287393edc8bb36b42bad07e8a9c76d/execute/sync HTTP/1.1
User-Agent: selenium/4.8.1 (java windows)
Content-Length: 176
Content-Type: application/json; charset=utf-8
host: localhost:13720
accept: */*

Response DefaultHttpResponse(decodeResult: success, version: HTTP/1.1)
HTTP/1.1 200 OK
Content-Length: 22435
Content-Type: application/json; charset=utf-8
cache-control: no-cache

20:19:40.992 [AsyncHttpClient-1-14] DEBUG org.asynchttpclient.netty.channel.ChannelManager - Adding key: http://localhost:13720 for channel [id: 0x2699c567, L:/127.0.0.1:55129 - R:localhost/127.0.0.1:13720]
20:19:40.994 [Forwarding getCurrentUrl on session 0e287393edc8bb36b42bad07e8a9c76d to remote] DEBUG org.asynchttpclient.netty.request.NettyRequestSender - Using pooled Channel '[id: 0x2699c567, L:/127.0.0.1:55129 - R:localhost/127.0.0.1:13720]' for 'GET' to 'http://localhost:13720/session/0e287393edc8bb36b42bad07e8a9c76d/url'
20:19:40.994 [Forwarding getCurrentUrl on session 0e287393edc8bb36b42bad07e8a9c76d to remote] DEBUG org.asynchttpclient.netty.request.NettyRequestSender - Using open Channel [id: 0x2699c567, L:/127.0.0.1:55129 - R:localhost/127.0.0.1:13720] for GET '/session/0e287393edc8bb36b42bad07e8a9c76d/url'
20:19:40.998 [AsyncHttpClient-1-14] DEBUG org.asynchttpclient.netty.handler.HttpHandler - 

Request DefaultFullHttpRequest(decodeResult: success, version: HTTP/1.1, content: EmptyByteBufBE)
GET /session/0e287393edc8bb36b42bad07e8a9c76d/url HTTP/1.1
User-Agent: selenium/4.8.1 (java windows)
Cache-Control: no-cache
Content-Type: application/json; charset=utf-8
host: localhost:13720
accept: */*

Response DefaultHttpResponse(decodeResult: success, version: HTTP/1.1)
HTTP/1.1 200 OK
Content-Length: 54
Content-Type: application/json; charset=utf-8
cache-control: no-cache

20:19:40.998 [AsyncHttpClient-1-14] DEBUG org.asynchttpclient.netty.channel.ChannelManager - Adding key: http://localhost:13720 for channel [id: 0x2699c567, L:/127.0.0.1:55129 - R:localhost/127.0.0.1:13720]
20:19:40.999 [main] DEBUG net.thucydides.core.steps.StepInterceptor - STARTING STEP: RegisterSteps.inputExistedEmailReg - inputEmailReg
20:19:41.000 [Forwarding findElement on session 0e287393edc8bb36b42bad07e8a9c76d to remote] DEBUG org.asynchttpclient.netty.request.NettyRequestSender - Using pooled Channel '[id: 0x2699c567, L:/127.0.0.1:55129 - R:localhost/127.0.0.1:13720]' for 'POST' to 'http://localhost:13720/session/0e287393edc8bb36b42bad07e8a9c76d/element'
20:19:41.000 [Forwarding findElement on session 0e287393edc8bb36b42bad07e8a9c76d to remote] DEBUG org.asynchttpclient.netty.request.NettyRequestSender - Using open Channel [id: 0x2699c567, L:/127.0.0.1:55129 - R:localhost/127.0.0.1:13720] for POST '/session/0e287393edc8bb36b42bad07e8a9c76d/element'
20:19:41.009 [AsyncHttpClient-1-14] DEBUG org.asynchttpclient.netty.handler.HttpHandler - 

Request DefaultHttpRequest(decodeResult: success, version: HTTP/1.1)
POST /session/0e287393edc8bb36b42bad07e8a9c76d/element HTTP/1.1
User-Agent: selenium/4.8.1 (java windows)
Content-Length: 55
Content-Type: application/json; charset=utf-8
host: localhost:13720
accept: */*

Response DefaultHttpResponse(decodeResult: success, version: HTTP/1.1)
HTTP/1.1 200 OK
Content-Length: 88
Content-Type: application/json; charset=utf-8
cache-control: no-cache

20:19:41.009 [AsyncHttpClient-1-14] DEBUG org.asynchttpclient.netty.channel.ChannelManager - Adding key: http://localhost:13720 for channel [id: 0x2699c567, L:/127.0.0.1:55129 - R:localhost/127.0.0.1:13720]
20:19:41.010 [Forwarding clearElement on session 0e287393edc8bb36b42bad07e8a9c76d to remote] DEBUG org.asynchttpclient.netty.request.NettyRequestSender - Using pooled Channel '[id: 0x2699c567, L:/127.0.0.1:55129 - R:localhost/127.0.0.1:13720]' for 'POST' to 'http://localhost:13720/session/0e287393edc8bb36b42bad07e8a9c76d/element/139e09a3-0cf1-4aeb-807e-250434bcdf6f/clear'
20:19:41.010 [Forwarding clearElement on session 0e287393edc8bb36b42bad07e8a9c76d to remote] DEBUG org.asynchttpclient.netty.request.NettyRequestSender - Using open Channel [id: 0x2699c567, L:/127.0.0.1:55129 - R:localhost/127.0.0.1:13720] for POST '/session/0e287393edc8bb36b42bad07e8a9c76d/element/139e09a3-0cf1-4aeb-807e-250434bcdf6f/clear'
20:19:41.033 [AsyncHttpClient-1-14] DEBUG org.asynchttpclient.netty.handler.HttpHandler - 

Request DefaultHttpRequest(decodeResult: success, version: HTTP/1.1)
POST /session/0e287393edc8bb36b42bad07e8a9c76d/element/139e09a3-0cf1-4aeb-807e-250434bcdf6f/clear HTTP/1.1
User-Agent: selenium/4.8.1 (java windows)
Content-Length: 50
Content-Type: application/json; charset=utf-8
host: localhost:13720
accept: */*

Response DefaultHttpResponse(decodeResult: success, version: HTTP/1.1)
HTTP/1.1 200 OK
Content-Length: 14
Content-Type: application/json; charset=utf-8
cache-control: no-cache

20:19:41.033 [AsyncHttpClient-1-14] DEBUG org.asynchttpclient.netty.channel.ChannelManager - Adding key: http://localhost:13720 for channel [id: 0x2699c567, L:/127.0.0.1:55129 - R:localhost/127.0.0.1:13720]
20:19:41.034 [Forwarding sendKeysToElement on session 0e287393edc8bb36b42bad07e8a9c76d to remote] DEBUG org.asynchttpclient.netty.request.NettyRequestSender - Using pooled Channel '[id: 0x2699c567, L:/127.0.0.1:55129 - R:localhost/127.0.0.1:13720]' for 'POST' to 'http://localhost:13720/session/0e287393edc8bb36b42bad07e8a9c76d/element/139e09a3-0cf1-4aeb-807e-250434bcdf6f/value'
20:19:41.034 [Forwarding sendKeysToElement on session 0e287393edc8bb36b42bad07e8a9c76d to remote] DEBUG org.asynchttpclient.netty.request.NettyRequestSender - Using open Channel [id: 0x2699c567, L:/127.0.0.1:55129 - R:localhost/127.0.0.1:13720] for POST '/session/0e287393edc8bb36b42bad07e8a9c76d/element/139e09a3-0cf1-4aeb-807e-250434bcdf6f/value'
20:19:41.118 [AsyncHttpClient-1-14] DEBUG org.asynchttpclient.netty.handler.HttpHandler - 

Request DefaultHttpRequest(decodeResult: success, version: HTTP/1.1)
POST /session/0e287393edc8bb36b42bad07e8a9c76d/element/139e09a3-0cf1-4aeb-807e-250434bcdf6f/value HTTP/1.1
User-Agent: selenium/4.8.1 (java windows)
Content-Length: 241
Content-Type: application/json; charset=utf-8
host: localhost:13720
accept: */*

Response DefaultHttpResponse(decodeResult: success, version: HTTP/1.1)
HTTP/1.1 200 OK
Content-Length: 14
Content-Type: application/json; charset=utf-8
cache-control: no-cache

20:19:41.118 [AsyncHttpClient-1-14] DEBUG org.asynchttpclient.netty.channel.ChannelManager - Adding key: http://localhost:13720 for channel [id: 0x2699c567, L:/127.0.0.1:55129 - R:localhost/127.0.0.1:13720]
20:19:41.124 [Forwarding getAlertText on session 0e287393edc8bb36b42bad07e8a9c76d to remote] DEBUG org.asynchttpclient.netty.request.NettyRequestSender - Using pooled Channel '[id: 0x2699c567, L:/127.0.0.1:55129 - R:localhost/127.0.0.1:13720]' for 'GET' to 'http://localhost:13720/session/0e287393edc8bb36b42bad07e8a9c76d/alert/text'
20:19:41.124 [Forwarding getAlertText on session 0e287393edc8bb36b42bad07e8a9c76d to remote] DEBUG org.asynchttpclient.netty.request.NettyRequestSender - Using open Channel [id: 0x2699c567, L:/127.0.0.1:55129 - R:localhost/127.0.0.1:13720] for GET '/session/0e287393edc8bb36b42bad07e8a9c76d/alert/text'
20:19:41.126 [AsyncHttpClient-1-14] DEBUG org.asynchttpclient.netty.handler.HttpHandler - 

Request DefaultFullHttpRequest(decodeResult: success, version: HTTP/1.1, content: EmptyByteBufBE)
GET /session/0e287393edc8bb36b42bad07e8a9c76d/alert/text HTTP/1.1
User-Agent: selenium/4.8.1 (java windows)
Cache-Control: no-cache
Content-Type: application/json; charset=utf-8
host: localhost:13720
accept: */*

Response DefaultHttpResponse(decodeResult: success, version: HTTP/1.1)
HTTP/1.1 404 Not Found
Content-Length: 836
Content-Type: application/json; charset=utf-8
cache-control: no-cache

20:19:41.126 [AsyncHttpClient-1-14] DEBUG org.asynchttpclient.netty.channel.ChannelManager - Adding key: http://localhost:13720 for channel [id: 0x2699c567, L:/127.0.0.1:55129 - R:localhost/127.0.0.1:13720]
20:19:41.126 [Forwarding getCurrentUrl on session 0e287393edc8bb36b42bad07e8a9c76d to remote] DEBUG org.asynchttpclient.netty.request.NettyRequestSender - Using pooled Channel '[id: 0x2699c567, L:/127.0.0.1:55129 - R:localhost/127.0.0.1:13720]' for 'GET' to 'http://localhost:13720/session/0e287393edc8bb36b42bad07e8a9c76d/url'
20:19:41.126 [Forwarding getCurrentUrl on session 0e287393edc8bb36b42bad07e8a9c76d to remote] DEBUG org.asynchttpclient.netty.request.NettyRequestSender - Using open Channel [id: 0x2699c567, L:/127.0.0.1:55129 - R:localhost/127.0.0.1:13720] for GET '/session/0e287393edc8bb36b42bad07e8a9c76d/url'
20:19:41.130 [AsyncHttpClient-1-14] DEBUG org.asynchttpclient.netty.handler.HttpHandler - 

Request DefaultFullHttpRequest(decodeResult: success, version: HTTP/1.1, content: EmptyByteBufBE)
GET /session/0e287393edc8bb36b42bad07e8a9c76d/url HTTP/1.1
User-Agent: selenium/4.8.1 (java windows)
Cache-Control: no-cache
Content-Type: application/json; charset=utf-8
host: localhost:13720
accept: */*

Response DefaultHttpResponse(decodeResult: success, version: HTTP/1.1)
HTTP/1.1 200 OK
Content-Length: 54
Content-Type: application/json; charset=utf-8
cache-control: no-cache

20:19:41.130 [AsyncHttpClient-1-14] DEBUG org.asynchttpclient.netty.channel.ChannelManager - Adding key: http://localhost:13720 for channel [id: 0x2699c567, L:/127.0.0.1:55129 - R:localhost/127.0.0.1:13720]
20:19:41.131 [Forwarding screenshot on session 0e287393edc8bb36b42bad07e8a9c76d to remote] DEBUG org.asynchttpclient.netty.request.NettyRequestSender - Using pooled Channel '[id: 0x2699c567, L:/127.0.0.1:55129 - R:localhost/127.0.0.1:13720]' for 'GET' to 'http://localhost:13720/session/0e287393edc8bb36b42bad07e8a9c76d/screenshot'
20:19:41.131 [Forwarding screenshot on session 0e287393edc8bb36b42bad07e8a9c76d to remote] DEBUG org.asynchttpclient.netty.request.NettyRequestSender - Using open Channel [id: 0x2699c567, L:/127.0.0.1:55129 - R:localhost/127.0.0.1:13720] for GET '/session/0e287393edc8bb36b42bad07e8a9c76d/screenshot'
20:19:41.223 [AsyncHttpClient-1-14] DEBUG org.asynchttpclient.netty.handler.HttpHandler - 

Request DefaultFullHttpRequest(decodeResult: success, version: HTTP/1.1, content: EmptyByteBufBE)
GET /session/0e287393edc8bb36b42bad07e8a9c76d/screenshot HTTP/1.1
User-Agent: selenium/4.8.1 (java windows)
Cache-Control: no-cache
Content-Type: application/json; charset=utf-8
host: localhost:13720
accept: */*

Response DefaultHttpResponse(decodeResult: success, version: HTTP/1.1)
HTTP/1.1 200 OK
Content-Length: 32936
Content-Type: application/json; charset=utf-8
cache-control: no-cache

20:19:41.224 [AsyncHttpClient-1-14] DEBUG org.asynchttpclient.netty.channel.ChannelManager - Adding key: http://localhost:13720 for channel [id: 0x2699c567, L:/127.0.0.1:55129 - R:localhost/127.0.0.1:13720]
20:19:41.225 [main] DEBUG net.serenitybdd.core.photography.Darkroom - Send negative for processing for target\site\serenity\fdeee2c2109d5babd81dda8415b1da1ab17116b5613362e1cbd6579252f694c9.png
20:19:41.225 [main] DEBUG net.thucydides.core.steps.StepInterceptor - STEP DONE: inputEmailReg
  &amp#27;[32mAnd &amp#27;[0m&amp#27;[32mI input existed email for register&amp#27;[0m    &amp#27;[90m# starter.stepdefinitions.RegisterSteps.inputExistedEmailReg()&amp#27;[0m
20:19:41.226 [Darkroom Processing Line] DEBUG net.serenitybdd.core.photography.DarkroomProcessingLine - Processing screenshot image in /var/screenshots/screenshot-1434867284539437005
20:19:41.226 [Darkroom Processing Line] DEBUG net.serenitybdd.core.photography.DarkroomProcessingLine - Saving screenshot to target\site\serenity\fdeee2c2109d5babd81dda8415b1da1ab17116b5613362e1cbd6579252f694c9.png
20:19:41.231 [Forwarding getPageSource on session 0e287393edc8bb36b42bad07e8a9c76d to remote] DEBUG org.asynchttpclient.netty.request.NettyRequestSender - Using pooled Channel '[id: 0x2699c567, L:/127.0.0.1:55129 - R:localhost/127.0.0.1:13720]' for 'POST' to 'http://localhost:13720/session/0e287393edc8bb36b42bad07e8a9c76d/execute/sync'
20:19:41.231 [Forwarding getPageSource on session 0e287393edc8bb36b42bad07e8a9c76d to remote] DEBUG org.asynchttpclient.netty.request.NettyRequestSender - Using open Channel [id: 0x2699c567, L:/127.0.0.1:55129 - R:localhost/127.0.0.1:13720] for POST '/session/0e287393edc8bb36b42bad07e8a9c76d/execute/sync'
20:19:41.236 [AsyncHttpClient-1-14] DEBUG org.asynchttpclient.netty.handler.HttpHandler - 

Request DefaultHttpRequest(decodeResult: success, version: HTTP/1.1)
POST /session/0e287393edc8bb36b42bad07e8a9c76d/execute/sync HTTP/1.1
User-Agent: selenium/4.8.1 (java windows)
Content-Length: 176
Content-Type: application/json; charset=utf-8
host: localhost:13720
accept: */*

Response DefaultHttpResponse(decodeResult: success, version: HTTP/1.1)
HTTP/1.1 200 OK
Content-Length: 22494
Content-Type: application/json; charset=utf-8
cache-control: no-cache

20:19:41.236 [AsyncHttpClient-1-14] DEBUG org.asynchttpclient.netty.channel.ChannelManager - Adding key: http://localhost:13720 for channel [id: 0x2699c567, L:/127.0.0.1:55129 - R:localhost/127.0.0.1:13720]
20:19:41.237 [Forwarding getCurrentUrl on session 0e287393edc8bb36b42bad07e8a9c76d to remote] DEBUG org.asynchttpclient.netty.request.NettyRequestSender - Using pooled Channel '[id: 0x2699c567, L:/127.0.0.1:55129 - R:localhost/127.0.0.1:13720]' for 'GET' to 'http://localhost:13720/session/0e287393edc8bb36b42bad07e8a9c76d/url'
20:19:41.237 [Forwarding getCurrentUrl on session 0e287393edc8bb36b42bad07e8a9c76d to remote] DEBUG org.asynchttpclient.netty.request.NettyRequestSender - Using open Channel [id: 0x2699c567, L:/127.0.0.1:55129 - R:localhost/127.0.0.1:13720] for GET '/session/0e287393edc8bb36b42bad07e8a9c76d/url'
20:19:41.241 [AsyncHttpClient-1-14] DEBUG org.asynchttpclient.netty.handler.HttpHandler - 

Request DefaultFullHttpRequest(decodeResult: success, version: HTTP/1.1, content: EmptyByteBufBE)
GET /session/0e287393edc8bb36b42bad07e8a9c76d/url HTTP/1.1
User-Agent: selenium/4.8.1 (java windows)
Cache-Control: no-cache
Content-Type: application/json; charset=utf-8
host: localhost:13720
accept: */*

Response DefaultHttpResponse(decodeResult: success, version: HTTP/1.1)
HTTP/1.1 200 OK
Content-Length: 54
Content-Type: application/json; charset=utf-8
cache-control: no-cache

20:19:41.241 [AsyncHttpClient-1-14] DEBUG org.asynchttpclient.netty.channel.ChannelManager - Adding key: http://localhost:13720 for channel [id: 0x2699c567, L:/127.0.0.1:55129 - R:localhost/127.0.0.1:13720]
20:19:41.248 [Forwarding getPageSource on session 0e287393edc8bb36b42bad07e8a9c76d to remote] DEBUG org.asynchttpclient.netty.request.NettyRequestSender - Using pooled Channel '[id: 0x2699c567, L:/127.0.0.1:55129 - R:localhost/127.0.0.1:13720]' for 'POST' to 'http://localhost:13720/session/0e287393edc8bb36b42bad07e8a9c76d/execute/sync'
20:19:41.248 [Forwarding getPageSource on session 0e287393edc8bb36b42bad07e8a9c76d to remote] DEBUG org.asynchttpclient.netty.request.NettyRequestSender - Using open Channel [id: 0x2699c567, L:/127.0.0.1:55129 - R:localhost/127.0.0.1:13720] for POST '/session/0e287393edc8bb36b42bad07e8a9c76d/execute/sync'
20:19:41.251 [AsyncHttpClient-1-14] DEBUG org.asynchttpclient.netty.handler.HttpHandler - 

Request DefaultHttpRequest(decodeResult: success, version: HTTP/1.1)
POST /session/0e287393edc8bb36b42bad07e8a9c76d/execute/sync HTTP/1.1
User-Agent: selenium/4.8.1 (java windows)
Content-Length: 176
Content-Type: application/json; charset=utf-8
host: localhost:13720
accept: */*

Response DefaultHttpResponse(decodeResult: success, version: HTTP/1.1)
HTTP/1.1 200 OK
Content-Length: 22494
Content-Type: application/json; charset=utf-8
cache-control: no-cache

20:19:41.251 [AsyncHttpClient-1-14] DEBUG org.asynchttpclient.netty.channel.ChannelManager - Adding key: http://localhost:13720 for channel [id: 0x2699c567, L:/127.0.0.1:55129 - R:localhost/127.0.0.1:13720]
20:19:41.253 [Forwarding getCurrentUrl on session 0e287393edc8bb36b42bad07e8a9c76d to remote] DEBUG org.asynchttpclient.netty.request.NettyRequestSender - Using pooled Channel '[id: 0x2699c567, L:/127.0.0.1:55129 - R:localhost/127.0.0.1:13720]' for 'GET' to 'http://localhost:13720/session/0e287393edc8bb36b42bad07e8a9c76d/url'
20:19:41.253 [Forwarding getCurrentUrl on session 0e287393edc8bb36b42bad07e8a9c76d to remote] DEBUG org.asynchttpclient.netty.request.NettyRequestSender - Using open Channel [id: 0x2699c567, L:/127.0.0.1:55129 - R:localhost/127.0.0.1:13720] for GET '/session/0e287393edc8bb36b42bad07e8a9c76d/url'
20:19:41.256 [AsyncHttpClient-1-14] DEBUG org.asynchttpclient.netty.handler.HttpHandler - 

Request DefaultFullHttpRequest(decodeResult: success, version: HTTP/1.1, content: EmptyByteBufBE)
GET /session/0e287393edc8bb36b42bad07e8a9c76d/url HTTP/1.1
User-Agent: selenium/4.8.1 (java windows)
Cache-Control: no-cache
Content-Type: application/json; charset=utf-8
host: localhost:13720
accept: */*

Response DefaultHttpResponse(decodeResult: success, version: HTTP/1.1)
HTTP/1.1 200 OK
Content-Length: 54
Content-Type: application/json; charset=utf-8
cache-control: no-cache

20:19:41.256 [AsyncHttpClient-1-14] DEBUG org.asynchttpclient.netty.channel.ChannelManager - Adding key: http://localhost:13720 for channel [id: 0x2699c567, L:/127.0.0.1:55129 - R:localhost/127.0.0.1:13720]
20:19:41.258 [main] DEBUG net.thucydides.core.steps.StepInterceptor - STARTING STEP: RegisterSteps.inputPasswordReg - inputPasswordReg
20:19:41.260 [Forwarding findElement on session 0e287393edc8bb36b42bad07e8a9c76d to remote] DEBUG org.asynchttpclient.netty.request.NettyRequestSender - Using pooled Channel '[id: 0x2699c567, L:/127.0.0.1:55129 - R:localhost/127.0.0.1:13720]' for 'POST' to 'http://localhost:13720/session/0e287393edc8bb36b42bad07e8a9c76d/element'
20:19:41.261 [Forwarding findElement on session 0e287393edc8bb36b42bad07e8a9c76d to remote] DEBUG org.asynchttpclient.netty.request.NettyRequestSender - Using open Channel [id: 0x2699c567, L:/127.0.0.1:55129 - R:localhost/127.0.0.1:13720] for POST '/session/0e287393edc8bb36b42bad07e8a9c76d/element'
20:19:41.269 [AsyncHttpClient-1-14] DEBUG org.asynchttpclient.netty.handler.HttpHandler - 

Request DefaultHttpRequest(decodeResult: success, version: HTTP/1.1)
POST /session/0e287393edc8bb36b42bad07e8a9c76d/element HTTP/1.1
User-Agent: selenium/4.8.1 (java windows)
Content-Length: 55
Content-Type: application/json; charset=utf-8
host: localhost:13720
accept: */*

Response DefaultHttpResponse(decodeResult: success, version: HTTP/1.1)
HTTP/1.1 200 OK
Content-Length: 88
Content-Type: application/json; charset=utf-8
cache-control: no-cache

20:19:41.269 [AsyncHttpClient-1-14] DEBUG org.asynchttpclient.netty.channel.ChannelManager - Adding key: http://localhost:13720 for channel [id: 0x2699c567, L:/127.0.0.1:55129 - R:localhost/127.0.0.1:13720]
20:19:41.270 [Forwarding clearElement on session 0e287393edc8bb36b42bad07e8a9c76d to remote] DEBUG org.asynchttpclient.netty.request.NettyRequestSender - Using pooled Channel '[id: 0x2699c567, L:/127.0.0.1:55129 - R:localhost/127.0.0.1:13720]' for 'POST' to 'http://localhost:13720/session/0e287393edc8bb36b42bad07e8a9c76d/element/7c7ea4a8-8701-4c45-84fe-ed84effa9dc9/clear'
20:19:41.270 [Forwarding clearElement on session 0e287393edc8bb36b42bad07e8a9c76d to remote] DEBUG org.asynchttpclient.netty.request.NettyRequestSender - Using open Channel [id: 0x2699c567, L:/127.0.0.1:55129 - R:localhost/127.0.0.1:13720] for POST '/session/0e287393edc8bb36b42bad07e8a9c76d/element/7c7ea4a8-8701-4c45-84fe-ed84effa9dc9/clear'
20:19:41.294 [AsyncHttpClient-1-14] DEBUG org.asynchttpclient.netty.handler.HttpHandler - 

Request DefaultHttpRequest(decodeResult: success, version: HTTP/1.1)
POST /session/0e287393edc8bb36b42bad07e8a9c76d/element/7c7ea4a8-8701-4c45-84fe-ed84effa9dc9/clear HTTP/1.1
User-Agent: selenium/4.8.1 (java windows)
Content-Length: 50
Content-Type: application/json; charset=utf-8
host: localhost:13720
accept: */*

Response DefaultHttpResponse(decodeResult: success, version: HTTP/1.1)
HTTP/1.1 200 OK
Content-Length: 14
Content-Type: application/json; charset=utf-8
cache-control: no-cache

20:19:41.294 [AsyncHttpClient-1-14] DEBUG org.asynchttpclient.netty.channel.ChannelManager - Adding key: http://localhost:13720 for channel [id: 0x2699c567, L:/127.0.0.1:55129 - R:localhost/127.0.0.1:13720]
20:19:41.295 [Forwarding sendKeysToElement on session 0e287393edc8bb36b42bad07e8a9c76d to remote] DEBUG org.asynchttpclient.netty.request.NettyRequestSender - Using pooled Channel '[id: 0x2699c567, L:/127.0.0.1:55129 - R:localhost/127.0.0.1:13720]' for 'POST' to 'http://localhost:13720/session/0e287393edc8bb36b42bad07e8a9c76d/element/7c7ea4a8-8701-4c45-84fe-ed84effa9dc9/value'
20:19:41.296 [Forwarding sendKeysToElement on session 0e287393edc8bb36b42bad07e8a9c76d to remote] DEBUG org.asynchttpclient.netty.request.NettyRequestSender - Using open Channel [id: 0x2699c567, L:/127.0.0.1:55129 - R:localhost/127.0.0.1:13720] for POST '/session/0e287393edc8bb36b42bad07e8a9c76d/element/7c7ea4a8-8701-4c45-84fe-ed84effa9dc9/value'
20:19:41.386 [AsyncHttpClient-1-14] DEBUG org.asynchttpclient.netty.handler.HttpHandler - 

Request DefaultHttpRequest(decodeResult: success, version: HTTP/1.1)
POST /session/0e287393edc8bb36b42bad07e8a9c76d/element/7c7ea4a8-8701-4c45-84fe-ed84effa9dc9/value HTTP/1.1
User-Agent: selenium/4.8.1 (java windows)
Content-Length: 101
Content-Type: application/json; charset=utf-8
host: localhost:13720
accept: */*

Response DefaultHttpResponse(decodeResult: success, version: HTTP/1.1)
HTTP/1.1 200 OK
Content-Length: 14
Content-Type: application/json; charset=utf-8
cache-control: no-cache

20:19:41.386 [AsyncHttpClient-1-14] DEBUG org.asynchttpclient.netty.channel.ChannelManager - Adding key: http://localhost:13720 for channel [id: 0x2699c567, L:/127.0.0.1:55129 - R:localhost/127.0.0.1:13720]
20:19:41.399 [Forwarding getAlertText on session 0e287393edc8bb36b42bad07e8a9c76d to remote] DEBUG org.asynchttpclient.netty.request.NettyRequestSender - Using pooled Channel '[id: 0x2699c567, L:/127.0.0.1:55129 - R:localhost/127.0.0.1:13720]' for 'GET' to 'http://localhost:13720/session/0e287393edc8bb36b42bad07e8a9c76d/alert/text'
20:19:41.399 [Forwarding getAlertText on session 0e287393edc8bb36b42bad07e8a9c76d to remote] DEBUG org.asynchttpclient.netty.request.NettyRequestSender - Using open Channel [id: 0x2699c567, L:/127.0.0.1:55129 - R:localhost/127.0.0.1:13720] for GET '/session/0e287393edc8bb36b42bad07e8a9c76d/alert/text'
20:19:41.402 [AsyncHttpClient-1-14] DEBUG org.asynchttpclient.netty.handler.HttpHandler - 

Request DefaultFullHttpRequest(decodeResult: success, version: HTTP/1.1, content: EmptyByteBufBE)
GET /session/0e287393edc8bb36b42bad07e8a9c76d/alert/text HTTP/1.1
User-Agent: selenium/4.8.1 (java windows)
Cache-Control: no-cache
Content-Type: application/json; charset=utf-8
host: localhost:13720
accept: */*

Response DefaultHttpResponse(decodeResult: success, version: HTTP/1.1)
HTTP/1.1 404 Not Found
Content-Length: 836
Content-Type: application/json; charset=utf-8
cache-control: no-cache

20:19:41.402 [AsyncHttpClient-1-14] DEBUG org.asynchttpclient.netty.channel.ChannelManager - Adding key: http://localhost:13720 for channel [id: 0x2699c567, L:/127.0.0.1:55129 - R:localhost/127.0.0.1:13720]
20:19:41.403 [Forwarding getCurrentUrl on session 0e287393edc8bb36b42bad07e8a9c76d to remote] DEBUG org.asynchttpclient.netty.request.NettyRequestSender - Using pooled Channel '[id: 0x2699c567, L:/127.0.0.1:55129 - R:localhost/127.0.0.1:13720]' for 'GET' to 'http://localhost:13720/session/0e287393edc8bb36b42bad07e8a9c76d/url'
20:19:41.403 [Forwarding getCurrentUrl on session 0e287393edc8bb36b42bad07e8a9c76d to remote] DEBUG org.asynchttpclient.netty.request.NettyRequestSender - Using open Channel [id: 0x2699c567, L:/127.0.0.1:55129 - R:localhost/127.0.0.1:13720] for GET '/session/0e287393edc8bb36b42bad07e8a9c76d/url'
20:19:41.417 [AsyncHttpClient-1-14] DEBUG org.asynchttpclient.netty.handler.HttpHandler - 

Request DefaultFullHttpRequest(decodeResult: success, version: HTTP/1.1, content: EmptyByteBufBE)
GET /session/0e287393edc8bb36b42bad07e8a9c76d/url HTTP/1.1
User-Agent: selenium/4.8.1 (java windows)
Cache-Control: no-cache
Content-Type: application/json; charset=utf-8
host: localhost:13720
accept: */*

Response DefaultHttpResponse(decodeResult: success, version: HTTP/1.1)
HTTP/1.1 200 OK
Content-Length: 54
Content-Type: application/json; charset=utf-8
cache-control: no-cache

20:19:41.417 [AsyncHttpClient-1-14] DEBUG org.asynchttpclient.netty.channel.ChannelManager - Adding key: http://localhost:13720 for channel [id: 0x2699c567, L:/127.0.0.1:55129 - R:localhost/127.0.0.1:13720]
20:19:41.418 [Forwarding screenshot on session 0e287393edc8bb36b42bad07e8a9c76d to remote] DEBUG org.asynchttpclient.netty.request.NettyRequestSender - Using pooled Channel '[id: 0x2699c567, L:/127.0.0.1:55129 - R:localhost/127.0.0.1:13720]' for 'GET' to 'http://localhost:13720/session/0e287393edc8bb36b42bad07e8a9c76d/screenshot'
20:19:41.418 [Forwarding screenshot on session 0e287393edc8bb36b42bad07e8a9c76d to remote] DEBUG org.asynchttpclient.netty.request.NettyRequestSender - Using open Channel [id: 0x2699c567, L:/127.0.0.1:55129 - R:localhost/127.0.0.1:13720] for GET '/session/0e287393edc8bb36b42bad07e8a9c76d/screenshot'
20:19:41.519 [AsyncHttpClient-1-14] DEBUG org.asynchttpclient.netty.handler.HttpHandler - 

Request DefaultFullHttpRequest(decodeResult: success, version: HTTP/1.1, content: EmptyByteBufBE)
GET /session/0e287393edc8bb36b42bad07e8a9c76d/screenshot HTTP/1.1
User-Agent: selenium/4.8.1 (java windows)
Cache-Control: no-cache
Content-Type: application/json; charset=utf-8
host: localhost:13720
accept: */*

Response DefaultHttpResponse(decodeResult: success, version: HTTP/1.1)
HTTP/1.1 200 OK
Content-Length: 32164
Content-Type: application/json; charset=utf-8
cache-control: no-cache

20:19:41.519 [AsyncHttpClient-1-14] DEBUG org.asynchttpclient.netty.channel.ChannelManager - Adding key: http://localhost:13720 for channel [id: 0x2699c567, L:/127.0.0.1:55129 - R:localhost/127.0.0.1:13720]
20:19:41.520 [main] DEBUG net.serenitybdd.core.photography.Darkroom - Send negative for processing for target\site\serenity\bf71d15b7b9aad704826f0d54e11c2d700ea8f93c4dd064c957781af4c7d5983.png
20:19:41.520 [main] DEBUG net.thucydides.core.steps.StepInterceptor - STEP DONE: inputPasswordReg
  &amp#27;[32mAnd &amp#27;[0m&amp#27;[32mI input correct password for register&amp#27;[0m &amp#27;[90m# starter.stepdefinitions.RegisterSteps.inputPasswordReg()&amp#27;[0m
20:19:41.520 [Darkroom Processing Line] DEBUG net.serenitybdd.core.photography.DarkroomProcessingLine - Processing screenshot image in /var/screenshots/screenshot-17656397324473500801
20:19:41.520 [Darkroom Processing Line] DEBUG net.serenitybdd.core.photography.DarkroomProcessingLine - Saving screenshot to target\site\serenity\bf71d15b7b9aad704826f0d54e11c2d700ea8f93c4dd064c957781af4c7d5983.png
20:19:41.528 [Forwarding getPageSource on session 0e287393edc8bb36b42bad07e8a9c76d to remote] DEBUG org.asynchttpclient.netty.request.NettyRequestSender - Using pooled Channel '[id: 0x2699c567, L:/127.0.0.1:55129 - R:localhost/127.0.0.1:13720]' for 'POST' to 'http://localhost:13720/session/0e287393edc8bb36b42bad07e8a9c76d/execute/sync'
20:19:41.528 [Forwarding getPageSource on session 0e287393edc8bb36b42bad07e8a9c76d to remote] DEBUG org.asynchttpclient.netty.request.NettyRequestSender - Using open Channel [id: 0x2699c567, L:/127.0.0.1:55129 - R:localhost/127.0.0.1:13720] for POST '/session/0e287393edc8bb36b42bad07e8a9c76d/execute/sync'
20:19:41.533 [AsyncHttpClient-1-14] DEBUG org.asynchttpclient.netty.handler.HttpHandler - 

Request DefaultHttpRequest(decodeResult: success, version: HTTP/1.1)
POST /session/0e287393edc8bb36b42bad07e8a9c76d/execute/sync HTTP/1.1
User-Agent: selenium/4.8.1 (java windows)
Content-Length: 176
Content-Type: application/json; charset=utf-8
host: localhost:13720
accept: */*

Response DefaultHttpResponse(decodeResult: success, version: HTTP/1.1)
HTTP/1.1 200 OK
Content-Length: 22553
Content-Type: application/json; charset=utf-8
cache-control: no-cache

20:19:41.533 [AsyncHttpClient-1-14] DEBUG org.asynchttpclient.netty.channel.ChannelManager - Adding key: http://localhost:13720 for channel [id: 0x2699c567, L:/127.0.0.1:55129 - R:localhost/127.0.0.1:13720]
20:19:41.535 [Forwarding getCurrentUrl on session 0e287393edc8bb36b42bad07e8a9c76d to remote] DEBUG org.asynchttpclient.netty.request.NettyRequestSender - Using pooled Channel '[id: 0x2699c567, L:/127.0.0.1:55129 - R:localhost/127.0.0.1:13720]' for 'GET' to 'http://localhost:13720/session/0e287393edc8bb36b42bad07e8a9c76d/url'
20:19:41.535 [Forwarding getCurrentUrl on session 0e287393edc8bb36b42bad07e8a9c76d to remote] DEBUG org.asynchttpclient.netty.request.NettyRequestSender - Using open Channel [id: 0x2699c567, L:/127.0.0.1:55129 - R:localhost/127.0.0.1:13720] for GET '/session/0e287393edc8bb36b42bad07e8a9c76d/url'
20:19:41.539 [AsyncHttpClient-1-14] DEBUG org.asynchttpclient.netty.handler.HttpHandler - 

Request DefaultFullHttpRequest(decodeResult: success, version: HTTP/1.1, content: EmptyByteBufBE)
GET /session/0e287393edc8bb36b42bad07e8a9c76d/url HTTP/1.1
User-Agent: selenium/4.8.1 (java windows)
Cache-Control: no-cache
Content-Type: application/json; charset=utf-8
host: localhost:13720
accept: */*

Response DefaultHttpResponse(decodeResult: success, version: HTTP/1.1)
HTTP/1.1 200 OK
Content-Length: 54
Content-Type: application/json; charset=utf-8
cache-control: no-cache

20:19:41.539 [AsyncHttpClient-1-14] DEBUG org.asynchttpclient.netty.channel.ChannelManager - Adding key: http://localhost:13720 for channel [id: 0x2699c567, L:/127.0.0.1:55129 - R:localhost/127.0.0.1:13720]
20:19:41.545 [Forwarding getPageSource on session 0e287393edc8bb36b42bad07e8a9c76d to remote] DEBUG org.asynchttpclient.netty.request.NettyRequestSender - Using pooled Channel '[id: 0x2699c567, L:/127.0.0.1:55129 - R:localhost/127.0.0.1:13720]' for 'POST' to 'http://localhost:13720/session/0e287393edc8bb36b42bad07e8a9c76d/execute/sync'
20:19:41.546 [Forwarding getPageSource on session 0e287393edc8bb36b42bad07e8a9c76d to remote] DEBUG org.asynchttpclient.netty.request.NettyRequestSender - Using open Channel [id: 0x2699c567, L:/127.0.0.1:55129 - R:localhost/127.0.0.1:13720] for POST '/session/0e287393edc8bb36b42bad07e8a9c76d/execute/sync'
20:19:41.549 [AsyncHttpClient-1-14] DEBUG org.asynchttpclient.netty.handler.HttpHandler - 

Request DefaultHttpRequest(decodeResult: success, version: HTTP/1.1)
POST /session/0e287393edc8bb36b42bad07e8a9c76d/execute/sync HTTP/1.1
User-Agent: selenium/4.8.1 (java windows)
Content-Length: 176
Content-Type: application/json; charset=utf-8
host: localhost:13720
accept: */*

Response DefaultHttpResponse(decodeResult: success, version: HTTP/1.1)
HTTP/1.1 200 OK
Content-Length: 22553
Content-Type: application/json; charset=utf-8
cache-control: no-cache

20:19:41.549 [AsyncHttpClient-1-14] DEBUG org.asynchttpclient.netty.channel.ChannelManager - Adding key: http://localhost:13720 for channel [id: 0x2699c567, L:/127.0.0.1:55129 - R:localhost/127.0.0.1:13720]
20:19:41.551 [Forwarding getCurrentUrl on session 0e287393edc8bb36b42bad07e8a9c76d to remote] DEBUG org.asynchttpclient.netty.request.NettyRequestSender - Using pooled Channel '[id: 0x2699c567, L:/127.0.0.1:55129 - R:localhost/127.0.0.1:13720]' for 'GET' to 'http://localhost:13720/session/0e287393edc8bb36b42bad07e8a9c76d/url'
20:19:41.551 [Forwarding getCurrentUrl on session 0e287393edc8bb36b42bad07e8a9c76d to remote] DEBUG org.asynchttpclient.netty.request.NettyRequestSender - Using open Channel [id: 0x2699c567, L:/127.0.0.1:55129 - R:localhost/127.0.0.1:13720] for GET '/session/0e287393edc8bb36b42bad07e8a9c76d/url'
20:19:41.555 [AsyncHttpClient-1-14] DEBUG org.asynchttpclient.netty.handler.HttpHandler - 

Request DefaultFullHttpRequest(decodeResult: success, version: HTTP/1.1, content: EmptyByteBufBE)
GET /session/0e287393edc8bb36b42bad07e8a9c76d/url HTTP/1.1
User-Agent: selenium/4.8.1 (java windows)
Cache-Control: no-cache
Content-Type: application/json; charset=utf-8
host: localhost:13720
accept: */*

Response DefaultHttpResponse(decodeResult: success, version: HTTP/1.1)
HTTP/1.1 200 OK
Content-Length: 54
Content-Type: application/json; charset=utf-8
cache-control: no-cache

20:19:41.555 [AsyncHttpClient-1-14] DEBUG org.asynchttpclient.netty.channel.ChannelManager - Adding key: http://localhost:13720 for channel [id: 0x2699c567, L:/127.0.0.1:55129 - R:localhost/127.0.0.1:13720]
20:19:41.556 [main] DEBUG net.thucydides.core.steps.StepInterceptor - STARTING STEP: RegisterSteps.ClickRegisterButton - ClickRegisterButton
20:19:41.558 [Forwarding findElement on session 0e287393edc8bb36b42bad07e8a9c76d to remote] DEBUG org.asynchttpclient.netty.request.NettyRequestSender - Using pooled Channel '[id: 0x2699c567, L:/127.0.0.1:55129 - R:localhost/127.0.0.1:13720]' for 'POST' to 'http://localhost:13720/session/0e287393edc8bb36b42bad07e8a9c76d/element'
20:19:41.558 [Forwarding findElement on session 0e287393edc8bb36b42bad07e8a9c76d to remote] DEBUG org.asynchttpclient.netty.request.NettyRequestSender - Using open Channel [id: 0x2699c567, L:/127.0.0.1:55129 - R:localhost/127.0.0.1:13720] for POST '/session/0e287393edc8bb36b42bad07e8a9c76d/element'
20:19:41.567 [AsyncHttpClient-1-14] DEBUG org.asynchttpclient.netty.handler.HttpHandler - 

Request DefaultHttpRequest(decodeResult: success, version: HTTP/1.1)
POST /session/0e287393edc8bb36b42bad07e8a9c76d/element HTTP/1.1
User-Agent: selenium/4.8.1 (java windows)
Content-Length: 71
Content-Type: application/json; charset=utf-8
host: localhost:13720
accept: */*

Response DefaultHttpResponse(decodeResult: success, version: HTTP/1.1)
HTTP/1.1 200 OK
Content-Length: 88
Content-Type: application/json; charset=utf-8
cache-control: no-cache

20:19:41.567 [AsyncHttpClient-1-14] DEBUG org.asynchttpclient.netty.channel.ChannelManager - Adding key: http://localhost:13720 for channel [id: 0x2699c567, L:/127.0.0.1:55129 - R:localhost/127.0.0.1:13720]
20:19:41.568 [Forwarding getElementTagName on session 0e287393edc8bb36b42bad07e8a9c76d to remote] DEBUG org.asynchttpclient.netty.request.NettyRequestSender - Using pooled Channel '[id: 0x2699c567, L:/127.0.0.1:55129 - R:localhost/127.0.0.1:13720]' for 'GET' to 'http://localhost:13720/session/0e287393edc8bb36b42bad07e8a9c76d/element/6e9e4e66-bcb7-44af-8c54-bf4c8cd001f8/name'
20:19:41.568 [Forwarding getElementTagName on session 0e287393edc8bb36b42bad07e8a9c76d to remote] DEBUG org.asynchttpclient.netty.request.NettyRequestSender - Using open Channel [id: 0x2699c567, L:/127.0.0.1:55129 - R:localhost/127.0.0.1:13720] for GET '/session/0e287393edc8bb36b42bad07e8a9c76d/element/6e9e4e66-bcb7-44af-8c54-bf4c8cd001f8/name'
20:19:41.570 [AsyncHttpClient-1-14] DEBUG org.asynchttpclient.netty.handler.HttpHandler - 

Request DefaultFullHttpRequest(decodeResult: success, version: HTTP/1.1, content: EmptyByteBufBE)
GET /session/0e287393edc8bb36b42bad07e8a9c76d/element/6e9e4e66-bcb7-44af-8c54-bf4c8cd001f8/name HTTP/1.1
User-Agent: selenium/4.8.1 (java windows)
Cache-Control: no-cache
Content-Type: application/json; charset=utf-8
host: localhost:13720
accept: */*

Response DefaultHttpResponse(decodeResult: success, version: HTTP/1.1)
HTTP/1.1 200 OK
Content-Length: 18
Content-Type: application/json; charset=utf-8
cache-control: no-cache

20:19:41.571 [AsyncHttpClient-1-14] DEBUG org.asynchttpclient.netty.channel.ChannelManager - Adding key: http://localhost:13720 for channel [id: 0x2699c567, L:/127.0.0.1:55129 - R:localhost/127.0.0.1:13720]
20:19:41.571 [Forwarding getElementTagName on session 0e287393edc8bb36b42bad07e8a9c76d to remote] DEBUG org.asynchttpclient.netty.request.NettyRequestSender - Using pooled Channel '[id: 0x2699c567, L:/127.0.0.1:55129 - R:localhost/127.0.0.1:13720]' for 'GET' to 'http://localhost:13720/session/0e287393edc8bb36b42bad07e8a9c76d/element/6e9e4e66-bcb7-44af-8c54-bf4c8cd001f8/name'
20:19:41.571 [Forwarding getElementTagName on session 0e287393edc8bb36b42bad07e8a9c76d to remote] DEBUG org.asynchttpclient.netty.request.NettyRequestSender - Using open Channel [id: 0x2699c567, L:/127.0.0.1:55129 - R:localhost/127.0.0.1:13720] for GET '/session/0e287393edc8bb36b42bad07e8a9c76d/element/6e9e4e66-bcb7-44af-8c54-bf4c8cd001f8/name'
20:19:41.575 [AsyncHttpClient-1-14] DEBUG org.asynchttpclient.netty.handler.HttpHandler - 

Request DefaultFullHttpRequest(decodeResult: success, version: HTTP/1.1, content: EmptyByteBufBE)
GET /session/0e287393edc8bb36b42bad07e8a9c76d/element/6e9e4e66-bcb7-44af-8c54-bf4c8cd001f8/name HTTP/1.1
User-Agent: selenium/4.8.1 (java windows)
Cache-Control: no-cache
Content-Type: application/json; charset=utf-8
host: localhost:13720
accept: */*

Response DefaultHttpResponse(decodeResult: success, version: HTTP/1.1)
HTTP/1.1 200 OK
Content-Length: 18
Content-Type: application/json; charset=utf-8
cache-control: no-cache

20:19:41.575 [AsyncHttpClient-1-14] DEBUG org.asynchttpclient.netty.channel.ChannelManager - Adding key: http://localhost:13720 for channel [id: 0x2699c567, L:/127.0.0.1:55129 - R:localhost/127.0.0.1:13720]
20:19:41.576 [Forwarding isElementEnabled on session 0e287393edc8bb36b42bad07e8a9c76d to remote] DEBUG org.asynchttpclient.netty.request.NettyRequestSender - Using pooled Channel '[id: 0x2699c567, L:/127.0.0.1:55129 - R:localhost/127.0.0.1:13720]' for 'GET' to 'http://localhost:13720/session/0e287393edc8bb36b42bad07e8a9c76d/element/6e9e4e66-bcb7-44af-8c54-bf4c8cd001f8/enabled'
20:19:41.576 [Forwarding isElementEnabled on session 0e287393edc8bb36b42bad07e8a9c76d to remote] DEBUG org.asynchttpclient.netty.request.NettyRequestSender - Using open Channel [id: 0x2699c567, L:/127.0.0.1:55129 - R:localhost/127.0.0.1:13720] for GET '/session/0e287393edc8bb36b42bad07e8a9c76d/element/6e9e4e66-bcb7-44af-8c54-bf4c8cd001f8/enabled'
20:19:41.583 [AsyncHttpClient-1-14] DEBUG org.asynchttpclient.netty.handler.HttpHandler - 

Request DefaultFullHttpRequest(decodeResult: success, version: HTTP/1.1, content: EmptyByteBufBE)
GET /session/0e287393edc8bb36b42bad07e8a9c76d/element/6e9e4e66-bcb7-44af-8c54-bf4c8cd001f8/enabled HTTP/1.1
User-Agent: selenium/4.8.1 (java windows)
Cache-Control: no-cache
Content-Type: application/json; charset=utf-8
host: localhost:13720
accept: */*

Response DefaultHttpResponse(decodeResult: success, version: HTTP/1.1)
HTTP/1.1 200 OK
Content-Length: 14
Content-Type: application/json; charset=utf-8
cache-control: no-cache

20:19:41.583 [AsyncHttpClient-1-14] DEBUG org.asynchttpclient.netty.channel.ChannelManager - Adding key: http://localhost:13720 for channel [id: 0x2699c567, L:/127.0.0.1:55129 - R:localhost/127.0.0.1:13720]
20:19:41.584 [Forwarding isElementEnabled on session 0e287393edc8bb36b42bad07e8a9c76d to remote] DEBUG org.asynchttpclient.netty.request.NettyRequestSender - Using pooled Channel '[id: 0x2699c567, L:/127.0.0.1:55129 - R:localhost/127.0.0.1:13720]' for 'GET' to 'http://localhost:13720/session/0e287393edc8bb36b42bad07e8a9c76d/element/6e9e4e66-bcb7-44af-8c54-bf4c8cd001f8/enabled'
20:19:41.584 [Forwarding isElementEnabled on session 0e287393edc8bb36b42bad07e8a9c76d to remote] DEBUG org.asynchttpclient.netty.request.NettyRequestSender - Using open Channel [id: 0x2699c567, L:/127.0.0.1:55129 - R:localhost/127.0.0.1:13720] for GET '/session/0e287393edc8bb36b42bad07e8a9c76d/element/6e9e4e66-bcb7-44af-8c54-bf4c8cd001f8/enabled'
20:19:41.588 [AsyncHttpClient-1-14] DEBUG org.asynchttpclient.netty.handler.HttpHandler - 

Request DefaultFullHttpRequest(decodeResult: success, version: HTTP/1.1, content: EmptyByteBufBE)
GET /session/0e287393edc8bb36b42bad07e8a9c76d/element/6e9e4e66-bcb7-44af-8c54-bf4c8cd001f8/enabled HTTP/1.1
User-Agent: selenium/4.8.1 (java windows)
Cache-Control: no-cache
Content-Type: application/json; charset=utf-8
host: localhost:13720
accept: */*

Response DefaultHttpResponse(decodeResult: success, version: HTTP/1.1)
HTTP/1.1 200 OK
Content-Length: 14
Content-Type: application/json; charset=utf-8
cache-control: no-cache

20:19:41.589 [AsyncHttpClient-1-14] DEBUG org.asynchttpclient.netty.channel.ChannelManager - Adding key: http://localhost:13720 for channel [id: 0x2699c567, L:/127.0.0.1:55129 - R:localhost/127.0.0.1:13720]
20:19:41.590 [Forwarding findElement on session 0e287393edc8bb36b42bad07e8a9c76d to remote] DEBUG org.asynchttpclient.netty.request.NettyRequestSender - Using pooled Channel '[id: 0x2699c567, L:/127.0.0.1:55129 - R:localhost/127.0.0.1:13720]' for 'POST' to 'http://localhost:13720/session/0e287393edc8bb36b42bad07e8a9c76d/element'
20:19:41.590 [Forwarding findElement on session 0e287393edc8bb36b42bad07e8a9c76d to remote] DEBUG org.asynchttpclient.netty.request.NettyRequestSender - Using open Channel [id: 0x2699c567, L:/127.0.0.1:55129 - R:localhost/127.0.0.1:13720] for POST '/session/0e287393edc8bb36b42bad07e8a9c76d/element'
20:19:41.595 [AsyncHttpClient-1-14] DEBUG org.asynchttpclient.netty.handler.HttpHandler - 

Request DefaultHttpRequest(decodeResult: success, version: HTTP/1.1)
POST /session/0e287393edc8bb36b42bad07e8a9c76d/element HTTP/1.1
User-Agent: selenium/4.8.1 (java windows)
Content-Length: 71
Content-Type: application/json; charset=utf-8
host: localhost:13720
accept: */*

Response DefaultHttpResponse(decodeResult: success, version: HTTP/1.1)
HTTP/1.1 200 OK
Content-Length: 88
Content-Type: application/json; charset=utf-8
cache-control: no-cache

20:19:41.596 [AsyncHttpClient-1-14] DEBUG org.asynchttpclient.netty.channel.ChannelManager - Adding key: http://localhost:13720 for channel [id: 0x2699c567, L:/127.0.0.1:55129 - R:localhost/127.0.0.1:13720]
20:19:41.596 [Forwarding clickElement on session 0e287393edc8bb36b42bad07e8a9c76d to remote] DEBUG org.asynchttpclient.netty.request.NettyRequestSender - Using pooled Channel '[id: 0x2699c567, L:/127.0.0.1:55129 - R:localhost/127.0.0.1:13720]' for 'POST' to 'http://localhost:13720/session/0e287393edc8bb36b42bad07e8a9c76d/element/6e9e4e66-bcb7-44af-8c54-bf4c8cd001f8/click'
20:19:41.596 [Forwarding clickElement on session 0e287393edc8bb36b42bad07e8a9c76d to remote] DEBUG org.asynchttpclient.netty.request.NettyRequestSender - Using open Channel [id: 0x2699c567, L:/127.0.0.1:55129 - R:localhost/127.0.0.1:13720] for POST '/session/0e287393edc8bb36b42bad07e8a9c76d/element/6e9e4e66-bcb7-44af-8c54-bf4c8cd001f8/click'
20:19:41.631 [AsyncHttpClient-1-14] DEBUG org.asynchttpclient.netty.handler.HttpHandler - 

Request DefaultHttpRequest(decodeResult: success, version: HTTP/1.1)
POST /session/0e287393edc8bb36b42bad07e8a9c76d/element/6e9e4e66-bcb7-44af-8c54-bf4c8cd001f8/click HTTP/1.1
User-Agent: selenium/4.8.1 (java windows)
Content-Length: 50
Content-Type: application/json; charset=utf-8
host: localhost:13720
accept: */*

Response DefaultHttpResponse(decodeResult: success, version: HTTP/1.1)
HTTP/1.1 200 OK
Content-Length: 14
Content-Type: application/json; charset=utf-8
cache-control: no-cache

20:19:41.631 [AsyncHttpClient-1-14] DEBUG org.asynchttpclient.netty.channel.ChannelManager - Adding key: http://localhost:13720 for channel [id: 0x2699c567, L:/127.0.0.1:55129 - R:localhost/127.0.0.1:13720]
20:19:41.635 [Forwarding getAlertText on session 0e287393edc8bb36b42bad07e8a9c76d to remote] DEBUG org.asynchttpclient.netty.request.NettyRequestSender - Using pooled Channel '[id: 0x2699c567, L:/127.0.0.1:55129 - R:localhost/127.0.0.1:13720]' for 'GET' to 'http://localhost:13720/session/0e287393edc8bb36b42bad07e8a9c76d/alert/text'
20:19:41.635 [Forwarding getAlertText on session 0e287393edc8bb36b42bad07e8a9c76d to remote] DEBUG org.asynchttpclient.netty.request.NettyRequestSender - Using open Channel [id: 0x2699c567, L:/127.0.0.1:55129 - R:localhost/127.0.0.1:13720] for GET '/session/0e287393edc8bb36b42bad07e8a9c76d/alert/text'
20:19:41.637 [AsyncHttpClient-1-14] DEBUG org.asynchttpclient.netty.handler.HttpHandler - 

Request DefaultFullHttpRequest(decodeResult: success, version: HTTP/1.1, content: EmptyByteBufBE)
GET /session/0e287393edc8bb36b42bad07e8a9c76d/alert/text HTTP/1.1
User-Agent: selenium/4.8.1 (java windows)
Cache-Control: no-cache
Content-Type: application/json; charset=utf-8
host: localhost:13720
accept: */*

Response DefaultHttpResponse(decodeResult: success, version: HTTP/1.1)
HTTP/1.1 404 Not Found
Content-Length: 836
Content-Type: application/json; charset=utf-8
cache-control: no-cache

20:19:41.637 [AsyncHttpClient-1-14] DEBUG org.asynchttpclient.netty.channel.ChannelManager - Adding key: http://localhost:13720 for channel [id: 0x2699c567, L:/127.0.0.1:55129 - R:localhost/127.0.0.1:13720]
20:19:41.637 [Forwarding getCurrentUrl on session 0e287393edc8bb36b42bad07e8a9c76d to remote] DEBUG org.asynchttpclient.netty.request.NettyRequestSender - Using pooled Channel '[id: 0x2699c567, L:/127.0.0.1:55129 - R:localhost/127.0.0.1:13720]' for 'GET' to 'http://localhost:13720/session/0e287393edc8bb36b42bad07e8a9c76d/url'
20:19:41.637 [Forwarding getCurrentUrl on session 0e287393edc8bb36b42bad07e8a9c76d to remote] DEBUG org.asynchttpclient.netty.request.NettyRequestSender - Using open Channel [id: 0x2699c567, L:/127.0.0.1:55129 - R:localhost/127.0.0.1:13720] for GET '/session/0e287393edc8bb36b42bad07e8a9c76d/url'
20:19:41.639 [AsyncHttpClient-1-14] DEBUG org.asynchttpclient.netty.handler.HttpHandler - 

Request DefaultFullHttpRequest(decodeResult: success, version: HTTP/1.1, content: EmptyByteBufBE)
GET /session/0e287393edc8bb36b42bad07e8a9c76d/url HTTP/1.1
User-Agent: selenium/4.8.1 (java windows)
Cache-Control: no-cache
Content-Type: application/json; charset=utf-8
host: localhost:13720
accept: */*

Response DefaultHttpResponse(decodeResult: success, version: HTTP/1.1)
HTTP/1.1 200 OK
Content-Length: 54
Content-Type: application/json; charset=utf-8
cache-control: no-cache

20:19:41.639 [AsyncHttpClient-1-14] DEBUG org.asynchttpclient.netty.channel.ChannelManager - Adding key: http://localhost:13720 for channel [id: 0x2699c567, L:/127.0.0.1:55129 - R:localhost/127.0.0.1:13720]
20:19:41.640 [Forwarding screenshot on session 0e287393edc8bb36b42bad07e8a9c76d to remote] DEBUG org.asynchttpclient.netty.request.NettyRequestSender - Using pooled Channel '[id: 0x2699c567, L:/127.0.0.1:55129 - R:localhost/127.0.0.1:13720]' for 'GET' to 'http://localhost:13720/session/0e287393edc8bb36b42bad07e8a9c76d/screenshot'
20:19:41.640 [Forwarding screenshot on session 0e287393edc8bb36b42bad07e8a9c76d to remote] DEBUG org.asynchttpclient.netty.request.NettyRequestSender - Using open Channel [id: 0x2699c567, L:/127.0.0.1:55129 - R:localhost/127.0.0.1:13720] for GET '/session/0e287393edc8bb36b42bad07e8a9c76d/screenshot'
20:19:41.662 [AsyncHttpClient-1-1] DEBUG org.asynchttpclient.netty.channel.DefaultChannelPool - Entry count for : http://localhost:55130 : 1
20:19:41.750 [AsyncHttpClient-1-14] DEBUG org.asynchttpclient.netty.handler.HttpHandler - 

Request DefaultFullHttpRequest(decodeResult: success, version: HTTP/1.1, content: EmptyByteBufBE)
GET /session/0e287393edc8bb36b42bad07e8a9c76d/screenshot HTTP/1.1
User-Agent: selenium/4.8.1 (java windows)
Cache-Control: no-cache
Content-Type: application/json; charset=utf-8
host: localhost:13720
accept: */*

Response DefaultHttpResponse(decodeResult: success, version: HTTP/1.1)
HTTP/1.1 200 OK
Content-Length: 31732
Content-Type: application/json; charset=utf-8
cache-control: no-cache

20:19:41.751 [AsyncHttpClient-1-14] DEBUG org.asynchttpclient.netty.channel.ChannelManager - Adding key: http://localhost:13720 for channel [id: 0x2699c567, L:/127.0.0.1:55129 - R:localhost/127.0.0.1:13720]
20:19:41.752 [main] DEBUG net.serenitybdd.core.photography.Darkroom - Send negative for processing for target\site\serenity\dc5e07ca1f853974f3e7a2b19127612a27b4a727d013f4722002309c2b7e9ac6.png
20:19:41.752 [main] DEBUG net.thucydides.core.steps.StepInterceptor - STEP DONE: ClickRegisterButton
  &amp#27;[32mWhen &amp#27;[0m&amp#27;[32mI click on the register button&amp#27;[0m       &amp#27;[90m# starter.stepdefinitions.RegisterSteps.ClickRegisterButton()&amp#27;[0m
20:19:41.752 [Darkroom Processing Line] DEBUG net.serenitybdd.core.photography.DarkroomProcessingLine - Processing screenshot image in /var/screenshots/screenshot-14060973547500418906
20:19:41.752 [Darkroom Processing Line] DEBUG net.serenitybdd.core.photography.DarkroomProcessingLine - Saving screenshot to target\site\serenity\dc5e07ca1f853974f3e7a2b19127612a27b4a727d013f4722002309c2b7e9ac6.png
20:19:41.759 [Forwarding getPageSource on session 0e287393edc8bb36b42bad07e8a9c76d to remote] DEBUG org.asynchttpclient.netty.request.NettyRequestSender - Using pooled Channel '[id: 0x2699c567, L:/127.0.0.1:55129 - R:localhost/127.0.0.1:13720]' for 'POST' to 'http://localhost:13720/session/0e287393edc8bb36b42bad07e8a9c76d/execute/sync'
20:19:41.759 [Forwarding getPageSource on session 0e287393edc8bb36b42bad07e8a9c76d to remote] DEBUG org.asynchttpclient.netty.request.NettyRequestSender - Using open Channel [id: 0x2699c567, L:/127.0.0.1:55129 - R:localhost/127.0.0.1:13720] for POST '/session/0e287393edc8bb36b42bad07e8a9c76d/execute/sync'
20:19:41.763 [AsyncHttpClient-1-14] DEBUG org.asynchttpclient.netty.handler.HttpHandler - 

Request DefaultHttpRequest(decodeResult: success, version: HTTP/1.1)
POST /session/0e287393edc8bb36b42bad07e8a9c76d/execute/sync HTTP/1.1
User-Agent: selenium/4.8.1 (java windows)
Content-Length: 176
Content-Type: application/json; charset=utf-8
host: localhost:13720
accept: */*

Response DefaultHttpResponse(decodeResult: success, version: HTTP/1.1)
HTTP/1.1 200 OK
Content-Length: 22833
Content-Type: application/json; charset=utf-8
cache-control: no-cache

20:19:41.763 [AsyncHttpClient-1-14] DEBUG org.asynchttpclient.netty.channel.ChannelManager - Adding key: http://localhost:13720 for channel [id: 0x2699c567, L:/127.0.0.1:55129 - R:localhost/127.0.0.1:13720]
20:19:41.767 [Forwarding getCurrentUrl on session 0e287393edc8bb36b42bad07e8a9c76d to remote] DEBUG org.asynchttpclient.netty.request.NettyRequestSender - Using pooled Channel '[id: 0x2699c567, L:/127.0.0.1:55129 - R:localhost/127.0.0.1:13720]' for 'GET' to 'http://localhost:13720/session/0e287393edc8bb36b42bad07e8a9c76d/url'
20:19:41.767 [Forwarding getCurrentUrl on session 0e287393edc8bb36b42bad07e8a9c76d to remote] DEBUG org.asynchttpclient.netty.request.NettyRequestSender - Using open Channel [id: 0x2699c567, L:/127.0.0.1:55129 - R:localhost/127.0.0.1:13720] for GET '/session/0e287393edc8bb36b42bad07e8a9c76d/url'
20:19:41.770 [AsyncHttpClient-1-14] DEBUG org.asynchttpclient.netty.handler.HttpHandler - 

Request DefaultFullHttpRequest(decodeResult: success, version: HTTP/1.1, content: EmptyByteBufBE)
GET /session/0e287393edc8bb36b42bad07e8a9c76d/url HTTP/1.1
User-Agent: selenium/4.8.1 (java windows)
Cache-Control: no-cache
Content-Type: application/json; charset=utf-8
host: localhost:13720
accept: */*

Response DefaultHttpResponse(decodeResult: success, version: HTTP/1.1)
HTTP/1.1 200 OK
Content-Length: 54
Content-Type: application/json; charset=utf-8
cache-control: no-cache

20:19:41.770 [AsyncHttpClient-1-14] DEBUG org.asynchttpclient.netty.channel.ChannelManager - Adding key: http://localhost:13720 for channel [id: 0x2699c567, L:/127.0.0.1:55129 - R:localhost/127.0.0.1:13720]
20:19:41.783 [Forwarding getPageSource on session 0e287393edc8bb36b42bad07e8a9c76d to remote] DEBUG org.asynchttpclient.netty.request.NettyRequestSender - Using pooled Channel '[id: 0x2699c567, L:/127.0.0.1:55129 - R:localhost/127.0.0.1:13720]' for 'POST' to 'http://localhost:13720/session/0e287393edc8bb36b42bad07e8a9c76d/execute/sync'
20:19:41.783 [Forwarding getPageSource on session 0e287393edc8bb36b42bad07e8a9c76d to remote] DEBUG org.asynchttpclient.netty.request.NettyRequestSender - Using open Channel [id: 0x2699c567, L:/127.0.0.1:55129 - R:localhost/127.0.0.1:13720] for POST '/session/0e287393edc8bb36b42bad07e8a9c76d/execute/sync'
20:19:41.788 [AsyncHttpClient-1-14] DEBUG org.asynchttpclient.netty.handler.HttpHandler - 

Request DefaultHttpRequest(decodeResult: success, version: HTTP/1.1)
POST /session/0e287393edc8bb36b42bad07e8a9c76d/execute/sync HTTP/1.1
User-Agent: selenium/4.8.1 (java windows)
Content-Length: 176
Content-Type: application/json; charset=utf-8
host: localhost:13720
accept: */*

Response DefaultHttpResponse(decodeResult: success, version: HTTP/1.1)
HTTP/1.1 200 OK
Content-Length: 22833
Content-Type: application/json; charset=utf-8
cache-control: no-cache

20:19:41.788 [AsyncHttpClient-1-14] DEBUG org.asynchttpclient.netty.channel.ChannelManager - Adding key: http://localhost:13720 for channel [id: 0x2699c567, L:/127.0.0.1:55129 - R:localhost/127.0.0.1:13720]
20:19:41.790 [Forwarding getCurrentUrl on session 0e287393edc8bb36b42bad07e8a9c76d to remote] DEBUG org.asynchttpclient.netty.request.NettyRequestSender - Using pooled Channel '[id: 0x2699c567, L:/127.0.0.1:55129 - R:localhost/127.0.0.1:13720]' for 'GET' to 'http://localhost:13720/session/0e287393edc8bb36b42bad07e8a9c76d/url'
20:19:41.790 [Forwarding getCurrentUrl on session 0e287393edc8bb36b42bad07e8a9c76d to remote] DEBUG org.asynchttpclient.netty.request.NettyRequestSender - Using open Channel [id: 0x2699c567, L:/127.0.0.1:55129 - R:localhost/127.0.0.1:13720] for GET '/session/0e287393edc8bb36b42bad07e8a9c76d/url'
20:19:41.793 [AsyncHttpClient-1-14] DEBUG org.asynchttpclient.netty.handler.HttpHandler - 

Request DefaultFullHttpRequest(decodeResult: success, version: HTTP/1.1, content: EmptyByteBufBE)
GET /session/0e287393edc8bb36b42bad07e8a9c76d/url HTTP/1.1
User-Agent: selenium/4.8.1 (java windows)
Cache-Control: no-cache
Content-Type: application/json; charset=utf-8
host: localhost:13720
accept: */*

Response DefaultHttpResponse(decodeResult: success, version: HTTP/1.1)
HTTP/1.1 200 OK
Content-Length: 54
Content-Type: application/json; charset=utf-8
cache-control: no-cache

20:19:41.794 [AsyncHttpClient-1-14] DEBUG org.asynchttpclient.netty.channel.ChannelManager - Adding key: http://localhost:13720 for channel [id: 0x2699c567, L:/127.0.0.1:55129 - R:localhost/127.0.0.1:13720]
20:19:41.796 [main] DEBUG net.thucydides.core.steps.StepInterceptor - STARTING STEP: LoginSteps.alertContent - incorrectAlert
20:19:41.798 [Forwarding findElement on session 0e287393edc8bb36b42bad07e8a9c76d to remote] DEBUG org.asynchttpclient.netty.request.NettyRequestSender - Using pooled Channel '[id: 0x2699c567, L:/127.0.0.1:55129 - R:localhost/127.0.0.1:13720]' for 'POST' to 'http://localhost:13720/session/0e287393edc8bb36b42bad07e8a9c76d/element'
20:19:41.798 [Forwarding findElement on session 0e287393edc8bb36b42bad07e8a9c76d to remote] DEBUG org.asynchttpclient.netty.request.NettyRequestSender - Using open Channel [id: 0x2699c567, L:/127.0.0.1:55129 - R:localhost/127.0.0.1:13720] for POST '/session/0e287393edc8bb36b42bad07e8a9c76d/element'
20:19:41.810 [AsyncHttpClient-1-14] DEBUG org.asynchttpclient.netty.handler.HttpHandler - 

Request DefaultHttpRequest(decodeResult: success, version: HTTP/1.1)
POST /session/0e287393edc8bb36b42bad07e8a9c76d/element HTTP/1.1
User-Agent: selenium/4.8.1 (java windows)
Content-Length: 54
Content-Type: application/json; charset=utf-8
host: localhost:13720
accept: */*

Response DefaultHttpResponse(decodeResult: success, version: HTTP/1.1)
HTTP/1.1 200 OK
Content-Length: 88
Content-Type: application/json; charset=utf-8
cache-control: no-cache

20:19:41.810 [AsyncHttpClient-1-14] DEBUG org.asynchttpclient.netty.channel.ChannelManager - Adding key: http://localhost:13720 for channel [id: 0x2699c567, L:/127.0.0.1:55129 - R:localhost/127.0.0.1:13720]
20:19:41.812 [Forwarding isElementDisplayed on session 0e287393edc8bb36b42bad07e8a9c76d to remote] DEBUG org.asynchttpclient.netty.request.NettyRequestSender - Using pooled Channel '[id: 0x2699c567, L:/127.0.0.1:55129 - R:localhost/127.0.0.1:13720]' for 'POST' to 'http://localhost:13720/session/0e287393edc8bb36b42bad07e8a9c76d/execute/sync'
20:19:41.812 [Forwarding isElementDisplayed on session 0e287393edc8bb36b42bad07e8a9c76d to remote] DEBUG org.asynchttpclient.netty.request.NettyRequestSender - Using open Channel [id: 0x2699c567, L:/127.0.0.1:55129 - R:localhost/127.0.0.1:13720] for POST '/session/0e287393edc8bb36b42bad07e8a9c76d/execute/sync'
20:19:41.822 [AsyncHttpClient-1-14] DEBUG org.asynchttpclient.netty.handler.HttpHandler - 

Request DefaultHttpRequest(decodeResult: success, version: HTTP/1.1)
POST /session/0e287393edc8bb36b42bad07e8a9c76d/execute/sync HTTP/1.1
User-Agent: selenium/4.8.1 (java windows)
Content-Length: 48807
Content-Type: application/json; charset=utf-8
host: localhost:13720
accept: */*

Response DefaultHttpResponse(decodeResult: success, version: HTTP/1.1)
HTTP/1.1 200 OK
Content-Length: 14
Content-Type: application/json; charset=utf-8
cache-control: no-cache

20:19:41.822 [AsyncHttpClient-1-14] DEBUG org.asynchttpclient.netty.channel.ChannelManager - Adding key: http://localhost:13720 for channel [id: 0x2699c567, L:/127.0.0.1:55129 - R:localhost/127.0.0.1:13720]
20:19:41.825 [Forwarding getAlertText on session 0e287393edc8bb36b42bad07e8a9c76d to remote] DEBUG org.asynchttpclient.netty.request.NettyRequestSender - Using pooled Channel '[id: 0x2699c567, L:/127.0.0.1:55129 - R:localhost/127.0.0.1:13720]' for 'GET' to 'http://localhost:13720/session/0e287393edc8bb36b42bad07e8a9c76d/alert/text'
20:19:41.825 [Forwarding getAlertText on session 0e287393edc8bb36b42bad07e8a9c76d to remote] DEBUG org.asynchttpclient.netty.request.NettyRequestSender - Using open Channel [id: 0x2699c567, L:/127.0.0.1:55129 - R:localhost/127.0.0.1:13720] for GET '/session/0e287393edc8bb36b42bad07e8a9c76d/alert/text'
20:19:41.826 [AsyncHttpClient-1-14] DEBUG org.asynchttpclient.netty.handler.HttpHandler - 

Request DefaultFullHttpRequest(decodeResult: success, version: HTTP/1.1, content: EmptyByteBufBE)
GET /session/0e287393edc8bb36b42bad07e8a9c76d/alert/text HTTP/1.1
User-Agent: selenium/4.8.1 (java windows)
Cache-Control: no-cache
Content-Type: application/json; charset=utf-8
host: localhost:13720
accept: */*

Response DefaultHttpResponse(decodeResult: success, version: HTTP/1.1)
HTTP/1.1 404 Not Found
Content-Length: 836
Content-Type: application/json; charset=utf-8
cache-control: no-cache

20:19:41.826 [AsyncHttpClient-1-14] DEBUG org.asynchttpclient.netty.channel.ChannelManager - Adding key: http://localhost:13720 for channel [id: 0x2699c567, L:/127.0.0.1:55129 - R:localhost/127.0.0.1:13720]
20:19:41.827 [Forwarding getCurrentUrl on session 0e287393edc8bb36b42bad07e8a9c76d to remote] DEBUG org.asynchttpclient.netty.request.NettyRequestSender - Using pooled Channel '[id: 0x2699c567, L:/127.0.0.1:55129 - R:localhost/127.0.0.1:13720]' for 'GET' to 'http://localhost:13720/session/0e287393edc8bb36b42bad07e8a9c76d/url'
20:19:41.827 [Forwarding getCurrentUrl on session 0e287393edc8bb36b42bad07e8a9c76d to remote] DEBUG org.asynchttpclient.netty.request.NettyRequestSender - Using open Channel [id: 0x2699c567, L:/127.0.0.1:55129 - R:localhost/127.0.0.1:13720] for GET '/session/0e287393edc8bb36b42bad07e8a9c76d/url'
20:19:41.830 [AsyncHttpClient-1-14] DEBUG org.asynchttpclient.netty.handler.HttpHandler - 

Request DefaultFullHttpRequest(decodeResult: success, version: HTTP/1.1, content: EmptyByteBufBE)
GET /session/0e287393edc8bb36b42bad07e8a9c76d/url HTTP/1.1
User-Agent: selenium/4.8.1 (java windows)
Cache-Control: no-cache
Content-Type: application/json; charset=utf-8
host: localhost:13720
accept: */*

Response DefaultHttpResponse(decodeResult: success, version: HTTP/1.1)
HTTP/1.1 200 OK
Content-Length: 54
Content-Type: application/json; charset=utf-8
cache-control: no-cache

20:19:41.830 [AsyncHttpClient-1-14] DEBUG org.asynchttpclient.netty.channel.ChannelManager - Adding key: http://localhost:13720 for channel [id: 0x2699c567, L:/127.0.0.1:55129 - R:localhost/127.0.0.1:13720]
20:19:41.831 [Forwarding screenshot on session 0e287393edc8bb36b42bad07e8a9c76d to remote] DEBUG org.asynchttpclient.netty.request.NettyRequestSender - Using pooled Channel '[id: 0x2699c567, L:/127.0.0.1:55129 - R:localhost/127.0.0.1:13720]' for 'GET' to 'http://localhost:13720/session/0e287393edc8bb36b42bad07e8a9c76d/screenshot'
20:19:41.831 [Forwarding screenshot on session 0e287393edc8bb36b42bad07e8a9c76d to remote] DEBUG org.asynchttpclient.netty.request.NettyRequestSender - Using open Channel [id: 0x2699c567, L:/127.0.0.1:55129 - R:localhost/127.0.0.1:13720] for GET '/session/0e287393edc8bb36b42bad07e8a9c76d/screenshot'
20:19:41.929 [AsyncHttpClient-1-14] DEBUG org.asynchttpclient.netty.handler.HttpHandler - 

Request DefaultFullHttpRequest(decodeResult: success, version: HTTP/1.1, content: EmptyByteBufBE)
GET /session/0e287393edc8bb36b42bad07e8a9c76d/screenshot HTTP/1.1
User-Agent: selenium/4.8.1 (java windows)
Cache-Control: no-cache
Content-Type: application/json; charset=utf-8
host: localhost:13720
accept: */*

Response DefaultHttpResponse(decodeResult: success, version: HTTP/1.1)
HTTP/1.1 200 OK
Content-Length: 32780
Content-Type: application/json; charset=utf-8
cache-control: no-cache

20:19:41.929 [AsyncHttpClient-1-14] DEBUG org.asynchttpclient.netty.channel.ChannelManager - Adding key: http://localhost:13720 for channel [id: 0x2699c567, L:/127.0.0.1:55129 - R:localhost/127.0.0.1:13720]
20:19:41.931 [main] DEBUG net.serenitybdd.core.photography.Darkroom - Send negative for processing for target\site\serenity\dc0440b75f68d2de84691770ac9526582de67c7f44ce48815057090259846a25.png
20:19:41.931 [main] DEBUG net.thucydides.core.steps.StepInterceptor - STEP DONE: incorrectAlert
20:19:41.931 [Darkroom Processing Line] DEBUG net.serenitybdd.core.photography.DarkroomProcessingLine - Processing screenshot image in /var/screenshots/screenshot-600022575909266209
  &amp#27;[32mThen &amp#27;[0m&amp#27;[32mI should see the error message&amp#27;[0m       &amp#27;[90m# starter.stepdefinitions.LoginSteps.alertContent()&amp#27;[0m
20:19:41.931 [Darkroom Processing Line] DEBUG net.serenitybdd.core.photography.DarkroomProcessingLine - Saving screenshot to target\site\serenity\dc0440b75f68d2de84691770ac9526582de67c7f44ce48815057090259846a25.png
20:19:41.936 [main] INFO  - 
  _____   ___   ___   _____     ___     _     ___   ___   ___   ___  
 |_   _| | __| / __| |_   _|   | _ \   /_\   / __| / __| | __| |   \ 
   | |   | _|  \__ \   | |     |  _/  / _ \  \__ \ \__ \ | _|  | |) |
   |_|   |___| |___/   |_|     |_|   /_/ \_\ |___/ |___/ |___| |___/ 

Register with existed email
----------------------------------------------------------------------
20:19:41.937 [AsyncHttpClient-1-16] DEBUG org.asynchttpclient.netty.handler.WebSocketHandler - Channel Closed: [id: 0x5541263b, L:/127.0.0.1:55137 ! R:localhost/127.0.0.1:55130] with attribute NettyResponseFuture{currentRetry=0,
	isDone=1,
	isCancelled=0,
	asyncHandler=org.asynchttpclient.ws.WebSocketUpgradeHandler@3b8ba2bb,
	nettyRequest=org.asynchttpclient.netty.request.NettyRequest@7e893bae,
	future=java.util.concurrent.CompletableFuture@511b8825[Completed normally],
	uri=ws://localhost:55130/devtools/browser/177a9020-655e-4db8-84c8-e709b17ea47f,
	keepAlive=true,
	redirectCount=0,
	timeoutsHolder=null,
	inAuth=0,
	touch=1683379179567}
20:19:41.937 [AsyncHttpClient-1-16] DEBUG org.asynchttpclient.netty.channel.ChannelManager - Closing Channel [id: 0x5541263b, L:/127.0.0.1:55137 ! R:localhost/127.0.0.1:55130] 
20:19:41.937 [Driver Command Executor] DEBUG org.asynchttpclient.netty.request.NettyRequestSender - Using pooled Channel '[id: 0x2699c567, L:/127.0.0.1:55129 - R:localhost/127.0.0.1:13720]' for 'DELETE' to 'http://localhost:13720/session/0e287393edc8bb36b42bad07e8a9c76d'
20:19:41.937 [Driver Command Executor] DEBUG org.asynchttpclient.netty.request.NettyRequestSender - Using open Channel [id: 0x2699c567, L:/127.0.0.1:55129 - R:localhost/127.0.0.1:13720] for DELETE '/session/0e287393edc8bb36b42bad07e8a9c76d'
20:19:41.961 [AsyncHttpClient-1-15] DEBUG org.asynchttpclient.netty.handler.HttpHandler - Unexpected I/O exception on channel [id: 0x2c8a037d, L:/127.0.0.1:55136 - R:localhost/127.0.0.1:55130]
java.net.SocketException: Connection reset
	at java.base/sun.nio.ch.SocketChannelImpl.throwConnectionReset(SocketChannelImpl.java:367)
	at java.base/sun.nio.ch.SocketChannelImpl.read(SocketChannelImpl.java:398)
	at io.netty.buffer.PooledByteBuf.setBytes(PooledByteBuf.java:259)
	at io.netty.buffer.AbstractByteBuf.writeBytes(AbstractByteBuf.java:1132)
	at io.netty.channel.socket.nio.NioSocketChannel.doReadBytes(NioSocketChannel.java:357)
	at io.netty.channel.nio.AbstractNioByteChannel$NioByteUnsafe.read(AbstractNioByteChannel.java:151)
	at io.netty.channel.nio.NioEventLoop.processSelectedKey(NioEventLoop.java:788)
	at io.netty.channel.nio.NioEventLoop.processSelectedKeysOptimized(NioEventLoop.java:724)
	at io.netty.channel.nio.NioEventLoop.processSelectedKeys(NioEventLoop.java:650)
	at io.netty.channel.nio.NioEventLoop.run(NioEventLoop.java:562)
	at io.netty.util.concurrent.SingleThreadEventExecutor$4.run(SingleThreadEventExecutor.java:997)
	at io.netty.util.internal.ThreadExecutorMap$2.run(ThreadExecutorMap.java:74)
	at io.netty.util.concurrent.FastThreadLocalRunnable.run(FastThreadLocalRunnable.java:30)
	at java.base/java.lang.Thread.run(Thread.java:832)
20:19:41.961 [AsyncHttpClient-1-15] DEBUG org.asynchttpclient.netty.channel.ChannelManager - Closing Channel [id: 0x2c8a037d, L:/127.0.0.1:55136 - R:localhost/127.0.0.1:55130] 
20:19:41.962 [AsyncHttpClient-1-15] DEBUG org.asynchttpclient.netty.handler.HttpHandler - Channel Closed: [id: 0x2c8a037d, L:/127.0.0.1:55136 ! R:localhost/127.0.0.1:55130] with attribute DISCARD
20:19:41.971 [AsyncHttpClient-1-14] DEBUG org.asynchttpclient.netty.handler.HttpHandler - 

Request DefaultFullHttpRequest(decodeResult: success, version: HTTP/1.1, content: EmptyByteBufBE)
DELETE /session/0e287393edc8bb36b42bad07e8a9c76d HTTP/1.1
User-Agent: selenium/4.8.1 (java windows)
Content-Type: application/json; charset=utf-8
host: localhost:13720
accept: */*

Response DefaultHttpResponse(decodeResult: success, version: HTTP/1.1)
HTTP/1.1 200 OK
Content-Length: 14
Content-Type: application/json; charset=utf-8
cache-control: no-cache

20:19:41.972 [AsyncHttpClient-1-14] DEBUG org.asynchttpclient.netty.channel.ChannelManager - Adding key: http://localhost:13720 for channel [id: 0x2699c567, L:/127.0.0.1:55129 - R:localhost/127.0.0.1:13720]
20:19:42.116 [AsyncHttpClient-1-14] DEBUG org.asynchttpclient.netty.handler.HttpHandler - Channel Closed: [id: 0x2699c567, L:/127.0.0.1:55129 ! R:localhost/127.0.0.1:13720] with attribute DISCARD
]]></system-out>
    <system-err><![CDATA[Starting ChromeDriver 111.0.5563.64 (c710e93d5b63b7095afe8c2c17df34408078439d-refs/branch-heads/5563@{#995}) on port 13720
Only local connections are allowed.
Please see https://chromedriver.chromium.org/security-considerations for suggestions on keeping ChromeDriver safe.
ChromeDriver was started successfully.
[1683379179.547][WARNING]: This version of ChromeDriver has not been tested with Chrome version 112.
May 06, 2023 8:19:39 PM org.openqa.selenium.devtools.CdpVersionFinder findNearestMatch
WARNING: Unable to find an exact match for CDP version 112, so returning the closest version found: 110
]]></system-err>
  </testcase>
  <testcase name="Login with correct credentials" classname="Login to Alta-shop Account" time="4.059">
    <system-out><![CDATA[20:19:42.634 [main] DEBUG io.cucumber.core.plugin.SerenityReporter - Running feature from file:///C:/Users/WINDOWS%2010/Documents/GitHub/MiniProject_QE/Web/code/minpro/src/test/resources/features/2.%20Login.feature
20:19:42.638 [main] DEBUG net.thucydides.core.steps.StepEventBus - Test suite started for story net.thucydides.core.model.Story@dffa83ad
20:19:42.638 [main] INFO  - Test Suite Started: Login to Alta-shop Account

Scenario: Login with correct credentials                &amp#27;[90m# src/test/resources/features/2. Login.feature:7&amp#27;[0m
20:19:42.644 [main] DEBUG io.cucumber.core.plugin.SerenityReporter - Running feature from file:///C:/Users/WINDOWS%2010/Documents/GitHub/MiniProject_QE/Web/code/minpro/src/test/resources/features/2.%20Login.feature
20:19:42.647 [main] INFO  - 
  _____   ___   ___   _____     ___   _____     _     ___   _____   ___   ___  
 |_   _| | __| / __| |_   _|   / __| |_   _|   /_\   | _ \ |_   _| | __| |   \ 
   | |   | _|  \__ \   | |     \__ \   | |    / _ \  |   /   | |   | _|  | |) |
   |_|   |___| |___/   |_|     |___/   |_|   /_/ \_\ |_|_\   |_|   |___| |___/ 

Login with correct credentials(login-to-alta-shop-account;login-with-correct-credentials)
--------------------------------------------------------------------------------
20:19:42.672 [main] DEBUG net.thucydides.core.steps.StepInterceptor - STARTING STEP: LoginSteps.onTheLoginPage - openPage
20:19:42.708 [main] INFO net.serenitybdd.core.webdriver.driverproviders.ChromeDriverProvider - Starting Chrome driver instance with capabilities:
20:19:42.708 [main] INFO net.serenitybdd.core.webdriver.driverproviders.ChromeDriverProvider - Capabilities {acceptInsecureCerts: false, browserName: chrome, goog:chromeOptions: {args: [remote-allow-origins=*], extensions: []}}
20:19:42.757 [AsyncHttpClient-1-1] DEBUG org.asynchttpclient.netty.channel.DefaultChannelPool - Entry count for : http://localhost:13720 : 1
20:19:42.757 [AsyncHttpClient-1-1] DEBUG org.asynchttpclient.netty.channel.DefaultChannelPool - Entry count for : http://localhost:55130 : 1
20:19:42.757 [AsyncHttpClient-1-1] DEBUG org.asynchttpclient.netty.channel.DefaultChannelPool - Adding Candidate expired Channel [id: 0x2699c567, L:/127.0.0.1:55129 ! R:localhost/127.0.0.1:13720] isIdleTimeoutExpired=false isRemotelyClosed=true isTtlExpired=false
20:19:42.757 [AsyncHttpClient-1-1] DEBUG org.asynchttpclient.netty.channel.DefaultChannelPool - Closing Idle Channel [id: 0x2699c567, L:/127.0.0.1:55129 ! R:localhost/127.0.0.1:13720]
20:19:42.757 [AsyncHttpClient-1-1] DEBUG org.asynchttpclient.netty.channel.DefaultChannelPool - Adding Candidate expired Channel [id: 0x2c8a037d, L:/127.0.0.1:55136 ! R:localhost/127.0.0.1:55130] isIdleTimeoutExpired=false isRemotelyClosed=true isTtlExpired=false
20:19:42.757 [AsyncHttpClient-1-1] DEBUG org.asynchttpclient.netty.channel.DefaultChannelPool - Closing Idle Channel [id: 0x2c8a037d, L:/127.0.0.1:55136 ! R:localhost/127.0.0.1:55130]
20:19:42.757 [AsyncHttpClient-1-1] DEBUG org.asynchttpclient.netty.channel.DefaultChannelPool - Closed 2 connections out of 2 in 0 ms
20:19:42.779 [AsyncHttpClient-1-17] DEBUG org.asynchttpclient.netty.channel.NettyConnectListener - Using new Channel '[id: 0x6b95f7fc, L:/127.0.0.1:55157 - R:localhost/127.0.0.1:17427]' for 'POST' to '/session'
20:19:43.451 [AsyncHttpClient-1-17] DEBUG org.asynchttpclient.netty.handler.HttpHandler - 

Request DefaultHttpRequest(decodeResult: success, version: HTTP/1.1)
POST /session HTTP/1.1
User-Agent: selenium/4.8.1 (java windows)
Content-Length: 507
Content-Type: application/json; charset=utf-8
host: localhost:17427
accept: */*

Response DefaultHttpResponse(decodeResult: success, version: HTTP/1.1)
HTTP/1.1 200 OK
Content-Length: 862
Content-Type: application/json; charset=utf-8
cache-control: no-cache

20:19:43.451 [AsyncHttpClient-1-17] DEBUG org.asynchttpclient.netty.channel.ChannelManager - Adding key: http://localhost:17427 for channel [id: 0x6b95f7fc, L:/127.0.0.1:55157 - R:localhost/127.0.0.1:17427]
20:19:43.457 [AsyncHttpClient-1-18] DEBUG org.asynchttpclient.netty.channel.NettyConnectListener - Using new Channel '[id: 0xfab7d43e, L:/127.0.0.1:55165 - R:localhost/127.0.0.1:55159]' for 'GET' to '/json/version'
20:19:43.458 [AsyncHttpClient-1-18] DEBUG org.asynchttpclient.netty.handler.HttpHandler - 

Request DefaultFullHttpRequest(decodeResult: success, version: HTTP/1.1, content: EmptyByteBufBE)
GET /json/version HTTP/1.1
User-Agent: selenium/4.8.1 (java windows)
host: localhost:55159
accept: */*

Response DefaultHttpResponse(decodeResult: success, version: HTTP/1.1)
HTTP/1.1 200 OK
Content-Security-Policy: frame-ancestors 'none'
Content-Length: 424
Content-Type: application/json; charset=UTF-8

20:19:43.458 [AsyncHttpClient-1-18] DEBUG org.asynchttpclient.netty.channel.ChannelManager - Adding key: http://localhost:55159 for channel [id: 0xfab7d43e, L:/127.0.0.1:55165 - R:localhost/127.0.0.1:55159]
20:19:43.460 [AsyncHttpClient-1-19] DEBUG org.asynchttpclient.netty.channel.NettyConnectListener - Using new Channel '[id: 0x4fbf0037, L:/127.0.0.1:55166 - R:localhost/127.0.0.1:55159]' for 'GET' to '/devtools/browser/a1c5a9fb-7c46-4151-8119-22ae7e74256f'
20:19:43.462 [AsyncHttpClient-1-19] DEBUG org.asynchttpclient.netty.handler.WebSocketHandler - 

Request DefaultFullHttpRequest(decodeResult: success, version: HTTP/1.1, content: EmptyByteBufBE)
GET /devtools/browser/a1c5a9fb-7c46-4151-8119-22ae7e74256f HTTP/1.1
upgrade: websocket
connection: upgrade
sec-websocket-key: dTcnSpUZSYXWca1vxllu0Q==
sec-websocket-version: 13
origin: http://localhost:55159
host: localhost:55159
accept: */*
user-agent: AHC/2.1

Response DefaultHttpResponse(decodeResult: success, version: HTTP/1.1)
HTTP/1.1 101 WebSocket Protocol Handshake
Upgrade: WebSocket
Connection: Upgrade
Sec-WebSocket-Accept: V9TwNDlu1w/09QS7dPnhS7+D4Vo=

20:19:43.464 [Forwarding get on session 17484feb422af55944543dd72e8a1cd6 to remote] DEBUG org.asynchttpclient.netty.request.NettyRequestSender - Using pooled Channel '[id: 0x6b95f7fc, L:/127.0.0.1:55157 - R:localhost/127.0.0.1:17427]' for 'POST' to 'http://localhost:17427/session/17484feb422af55944543dd72e8a1cd6/url'
20:19:43.464 [Forwarding get on session 17484feb422af55944543dd72e8a1cd6 to remote] DEBUG org.asynchttpclient.netty.request.NettyRequestSender - Using open Channel [id: 0x6b95f7fc, L:/127.0.0.1:55157 - R:localhost/127.0.0.1:17427] for POST '/session/17484feb422af55944543dd72e8a1cd6/url'
20:19:43.855 [AsyncHttpClient-1-1] DEBUG org.asynchttpclient.netty.channel.DefaultChannelPool - Entry count for : http://localhost:55159 : 1
20:19:44.591 [AsyncHttpClient-1-17] DEBUG org.asynchttpclient.netty.handler.HttpHandler - 

Request DefaultHttpRequest(decodeResult: success, version: HTTP/1.1)
POST /session/17484feb422af55944543dd72e8a1cd6/url HTTP/1.1
User-Agent: selenium/4.8.1 (java windows)
Content-Length: 74
Content-Type: application/json; charset=utf-8
host: localhost:17427
accept: */*

Response DefaultHttpResponse(decodeResult: success, version: HTTP/1.1)
HTTP/1.1 200 OK
Content-Length: 14
Content-Type: application/json; charset=utf-8
cache-control: no-cache

20:19:44.591 [AsyncHttpClient-1-17] DEBUG org.asynchttpclient.netty.channel.ChannelManager - Adding key: http://localhost:17427 for channel [id: 0x6b95f7fc, L:/127.0.0.1:55157 - R:localhost/127.0.0.1:17427]
20:19:44.592 [Forwarding setTimeout on session 17484feb422af55944543dd72e8a1cd6 to remote] DEBUG org.asynchttpclient.netty.request.NettyRequestSender - Using pooled Channel '[id: 0x6b95f7fc, L:/127.0.0.1:55157 - R:localhost/127.0.0.1:17427]' for 'POST' to 'http://localhost:17427/session/17484feb422af55944543dd72e8a1cd6/timeouts'
20:19:44.592 [Forwarding setTimeout on session 17484feb422af55944543dd72e8a1cd6 to remote] DEBUG org.asynchttpclient.netty.request.NettyRequestSender - Using open Channel [id: 0x6b95f7fc, L:/127.0.0.1:55157 - R:localhost/127.0.0.1:17427] for POST '/session/17484feb422af55944543dd72e8a1cd6/timeouts'
20:19:44.592 [AsyncHttpClient-1-17] DEBUG org.asynchttpclient.netty.handler.HttpHandler - 

Request DefaultHttpRequest(decodeResult: success, version: HTTP/1.1)
POST /session/17484feb422af55944543dd72e8a1cd6/timeouts HTTP/1.1
User-Agent: selenium/4.8.1 (java windows)
Content-Length: 22
Content-Type: application/json; charset=utf-8
host: localhost:17427
accept: */*

Response DefaultHttpResponse(decodeResult: success, version: HTTP/1.1)
HTTP/1.1 200 OK
Content-Length: 14
Content-Type: application/json; charset=utf-8
cache-control: no-cache

20:19:44.593 [AsyncHttpClient-1-17] DEBUG org.asynchttpclient.netty.channel.ChannelManager - Adding key: http://localhost:17427 for channel [id: 0x6b95f7fc, L:/127.0.0.1:55157 - R:localhost/127.0.0.1:17427]
20:19:44.595 [main] DEBUG net.serenitybdd.core.photography.Darkroom - Opening darkroom
20:19:44.596 [Darkroom Processing Line] DEBUG net.serenitybdd.core.photography.DarkroomProcessingLine - Darkroom processing line starting up
20:19:44.597 [Forwarding getAlertText on session 17484feb422af55944543dd72e8a1cd6 to remote] DEBUG org.asynchttpclient.netty.request.NettyRequestSender - Using pooled Channel '[id: 0x6b95f7fc, L:/127.0.0.1:55157 - R:localhost/127.0.0.1:17427]' for 'GET' to 'http://localhost:17427/session/17484feb422af55944543dd72e8a1cd6/alert/text'
20:19:44.597 [Forwarding getAlertText on session 17484feb422af55944543dd72e8a1cd6 to remote] DEBUG org.asynchttpclient.netty.request.NettyRequestSender - Using open Channel [id: 0x6b95f7fc, L:/127.0.0.1:55157 - R:localhost/127.0.0.1:17427] for GET '/session/17484feb422af55944543dd72e8a1cd6/alert/text'
20:19:44.598 [AsyncHttpClient-1-17] DEBUG org.asynchttpclient.netty.handler.HttpHandler - 

Request DefaultFullHttpRequest(decodeResult: success, version: HTTP/1.1, content: EmptyByteBufBE)
GET /session/17484feb422af55944543dd72e8a1cd6/alert/text HTTP/1.1
User-Agent: selenium/4.8.1 (java windows)
Cache-Control: no-cache
Content-Type: application/json; charset=utf-8
host: localhost:17427
accept: */*

Response DefaultHttpResponse(decodeResult: success, version: HTTP/1.1)
HTTP/1.1 404 Not Found
Content-Length: 836
Content-Type: application/json; charset=utf-8
cache-control: no-cache

20:19:44.598 [AsyncHttpClient-1-17] DEBUG org.asynchttpclient.netty.channel.ChannelManager - Adding key: http://localhost:17427 for channel [id: 0x6b95f7fc, L:/127.0.0.1:55157 - R:localhost/127.0.0.1:17427]
20:19:44.599 [Forwarding getCurrentUrl on session 17484feb422af55944543dd72e8a1cd6 to remote] DEBUG org.asynchttpclient.netty.request.NettyRequestSender - Using pooled Channel '[id: 0x6b95f7fc, L:/127.0.0.1:55157 - R:localhost/127.0.0.1:17427]' for 'GET' to 'http://localhost:17427/session/17484feb422af55944543dd72e8a1cd6/url'
20:19:44.599 [Forwarding getCurrentUrl on session 17484feb422af55944543dd72e8a1cd6 to remote] DEBUG org.asynchttpclient.netty.request.NettyRequestSender - Using open Channel [id: 0x6b95f7fc, L:/127.0.0.1:55157 - R:localhost/127.0.0.1:17427] for GET '/session/17484feb422af55944543dd72e8a1cd6/url'
20:19:44.601 [AsyncHttpClient-1-17] DEBUG org.asynchttpclient.netty.handler.HttpHandler - 

Request DefaultFullHttpRequest(decodeResult: success, version: HTTP/1.1, content: EmptyByteBufBE)
GET /session/17484feb422af55944543dd72e8a1cd6/url HTTP/1.1
User-Agent: selenium/4.8.1 (java windows)
Cache-Control: no-cache
Content-Type: application/json; charset=utf-8
host: localhost:17427
accept: */*

Response DefaultHttpResponse(decodeResult: success, version: HTTP/1.1)
HTTP/1.1 200 OK
Content-Length: 51
Content-Type: application/json; charset=utf-8
cache-control: no-cache

20:19:44.602 [AsyncHttpClient-1-17] DEBUG org.asynchttpclient.netty.channel.ChannelManager - Adding key: http://localhost:17427 for channel [id: 0x6b95f7fc, L:/127.0.0.1:55157 - R:localhost/127.0.0.1:17427]
20:19:44.602 [Forwarding screenshot on session 17484feb422af55944543dd72e8a1cd6 to remote] DEBUG org.asynchttpclient.netty.request.NettyRequestSender - Using pooled Channel '[id: 0x6b95f7fc, L:/127.0.0.1:55157 - R:localhost/127.0.0.1:17427]' for 'GET' to 'http://localhost:17427/session/17484feb422af55944543dd72e8a1cd6/screenshot'
20:19:44.602 [Forwarding screenshot on session 17484feb422af55944543dd72e8a1cd6 to remote] DEBUG org.asynchttpclient.netty.request.NettyRequestSender - Using open Channel [id: 0x6b95f7fc, L:/127.0.0.1:55157 - R:localhost/127.0.0.1:17427] for GET '/session/17484feb422af55944543dd72e8a1cd6/screenshot'
20:19:44.676 [AsyncHttpClient-1-17] DEBUG org.asynchttpclient.netty.handler.HttpHandler - 

Request DefaultFullHttpRequest(decodeResult: success, version: HTTP/1.1, content: EmptyByteBufBE)
GET /session/17484feb422af55944543dd72e8a1cd6/screenshot HTTP/1.1
User-Agent: selenium/4.8.1 (java windows)
Cache-Control: no-cache
Content-Type: application/json; charset=utf-8
host: localhost:17427
accept: */*

Response DefaultHttpResponse(decodeResult: success, version: HTTP/1.1)
HTTP/1.1 200 OK
Content-Length: 25208
Content-Type: application/json; charset=utf-8
cache-control: no-cache

20:19:44.677 [AsyncHttpClient-1-17] DEBUG org.asynchttpclient.netty.channel.ChannelManager - Adding key: http://localhost:17427 for channel [id: 0x6b95f7fc, L:/127.0.0.1:55157 - R:localhost/127.0.0.1:17427]
20:19:44.678 [main] DEBUG net.serenitybdd.core.photography.Darkroom - Send negative for processing for target\site\serenity\edb14d4aab401efa0e4fb99861e6ffcafebc86a67b69f7828890b9910ed2ddbd.png
20:19:44.678 [main] DEBUG net.thucydides.core.steps.StepInterceptor - STEP DONE: openPage
  &amp#27;[32mGiven &amp#27;[0m&amp#27;[32mI am on the alta-shop login page&amp#27;[0m                &amp#27;[90m# starter.stepdefinitions.LoginSteps.onTheLoginPage()&amp#27;[0m
20:19:44.686 [Forwarding getPageSource on session 17484feb422af55944543dd72e8a1cd6 to remote] DEBUG org.asynchttpclient.netty.request.NettyRequestSender - Using pooled Channel '[id: 0x6b95f7fc, L:/127.0.0.1:55157 - R:localhost/127.0.0.1:17427]' for 'POST' to 'http://localhost:17427/session/17484feb422af55944543dd72e8a1cd6/execute/sync'
20:19:44.686 [Forwarding getPageSource on session 17484feb422af55944543dd72e8a1cd6 to remote] DEBUG org.asynchttpclient.netty.request.NettyRequestSender - Using open Channel [id: 0x6b95f7fc, L:/127.0.0.1:55157 - R:localhost/127.0.0.1:17427] for POST '/session/17484feb422af55944543dd72e8a1cd6/execute/sync'
20:19:44.690 [AsyncHttpClient-1-17] DEBUG org.asynchttpclient.netty.handler.HttpHandler - 

Request DefaultHttpRequest(decodeResult: success, version: HTTP/1.1)
POST /session/17484feb422af55944543dd72e8a1cd6/execute/sync HTTP/1.1
User-Agent: selenium/4.8.1 (java windows)
Content-Length: 176
Content-Type: application/json; charset=utf-8
host: localhost:17427
accept: */*

Response DefaultHttpResponse(decodeResult: success, version: HTTP/1.1)
HTTP/1.1 200 OK
Content-Length: 21659
Content-Type: application/json; charset=utf-8
cache-control: no-cache

20:19:44.691 [AsyncHttpClient-1-17] DEBUG org.asynchttpclient.netty.channel.ChannelManager - Adding key: http://localhost:17427 for channel [id: 0x6b95f7fc, L:/127.0.0.1:55157 - R:localhost/127.0.0.1:17427]
20:19:44.693 [Forwarding getCurrentUrl on session 17484feb422af55944543dd72e8a1cd6 to remote] DEBUG org.asynchttpclient.netty.request.NettyRequestSender - Using pooled Channel '[id: 0x6b95f7fc, L:/127.0.0.1:55157 - R:localhost/127.0.0.1:17427]' for 'GET' to 'http://localhost:17427/session/17484feb422af55944543dd72e8a1cd6/url'
20:19:44.693 [Forwarding getCurrentUrl on session 17484feb422af55944543dd72e8a1cd6 to remote] DEBUG org.asynchttpclient.netty.request.NettyRequestSender - Using open Channel [id: 0x6b95f7fc, L:/127.0.0.1:55157 - R:localhost/127.0.0.1:17427] for GET '/session/17484feb422af55944543dd72e8a1cd6/url'
20:19:44.696 [AsyncHttpClient-1-17] DEBUG org.asynchttpclient.netty.handler.HttpHandler - 

Request DefaultFullHttpRequest(decodeResult: success, version: HTTP/1.1, content: EmptyByteBufBE)
GET /session/17484feb422af55944543dd72e8a1cd6/url HTTP/1.1
User-Agent: selenium/4.8.1 (java windows)
Cache-Control: no-cache
Content-Type: application/json; charset=utf-8
host: localhost:17427
accept: */*

Response DefaultHttpResponse(decodeResult: success, version: HTTP/1.1)
HTTP/1.1 200 OK
Content-Length: 51
Content-Type: application/json; charset=utf-8
cache-control: no-cache

20:19:44.696 [AsyncHttpClient-1-17] DEBUG org.asynchttpclient.netty.channel.ChannelManager - Adding key: http://localhost:17427 for channel [id: 0x6b95f7fc, L:/127.0.0.1:55157 - R:localhost/127.0.0.1:17427]
20:19:44.705 [Forwarding getPageSource on session 17484feb422af55944543dd72e8a1cd6 to remote] DEBUG org.asynchttpclient.netty.request.NettyRequestSender - Using pooled Channel '[id: 0x6b95f7fc, L:/127.0.0.1:55157 - R:localhost/127.0.0.1:17427]' for 'POST' to 'http://localhost:17427/session/17484feb422af55944543dd72e8a1cd6/execute/sync'
20:19:44.705 [Forwarding getPageSource on session 17484feb422af55944543dd72e8a1cd6 to remote] DEBUG org.asynchttpclient.netty.request.NettyRequestSender - Using open Channel [id: 0x6b95f7fc, L:/127.0.0.1:55157 - R:localhost/127.0.0.1:17427] for POST '/session/17484feb422af55944543dd72e8a1cd6/execute/sync'
20:19:44.710 [AsyncHttpClient-1-17] DEBUG org.asynchttpclient.netty.handler.HttpHandler - 

Request DefaultHttpRequest(decodeResult: success, version: HTTP/1.1)
POST /session/17484feb422af55944543dd72e8a1cd6/execute/sync HTTP/1.1
User-Agent: selenium/4.8.1 (java windows)
Content-Length: 176
Content-Type: application/json; charset=utf-8
host: localhost:17427
accept: */*

Response DefaultHttpResponse(decodeResult: success, version: HTTP/1.1)
HTTP/1.1 200 OK
Content-Length: 21659
Content-Type: application/json; charset=utf-8
cache-control: no-cache

20:19:44.711 [AsyncHttpClient-1-17] DEBUG org.asynchttpclient.netty.channel.ChannelManager - Adding key: http://localhost:17427 for channel [id: 0x6b95f7fc, L:/127.0.0.1:55157 - R:localhost/127.0.0.1:17427]
20:19:44.712 [Forwarding getCurrentUrl on session 17484feb422af55944543dd72e8a1cd6 to remote] DEBUG org.asynchttpclient.netty.request.NettyRequestSender - Using pooled Channel '[id: 0x6b95f7fc, L:/127.0.0.1:55157 - R:localhost/127.0.0.1:17427]' for 'GET' to 'http://localhost:17427/session/17484feb422af55944543dd72e8a1cd6/url'
20:19:44.712 [Forwarding getCurrentUrl on session 17484feb422af55944543dd72e8a1cd6 to remote] DEBUG org.asynchttpclient.netty.request.NettyRequestSender - Using open Channel [id: 0x6b95f7fc, L:/127.0.0.1:55157 - R:localhost/127.0.0.1:17427] for GET '/session/17484feb422af55944543dd72e8a1cd6/url'
20:19:44.715 [AsyncHttpClient-1-17] DEBUG org.asynchttpclient.netty.handler.HttpHandler - 

Request DefaultFullHttpRequest(decodeResult: success, version: HTTP/1.1, content: EmptyByteBufBE)
GET /session/17484feb422af55944543dd72e8a1cd6/url HTTP/1.1
User-Agent: selenium/4.8.1 (java windows)
Cache-Control: no-cache
Content-Type: application/json; charset=utf-8
host: localhost:17427
accept: */*

Response DefaultHttpResponse(decodeResult: success, version: HTTP/1.1)
HTTP/1.1 200 OK
Content-Length: 51
Content-Type: application/json; charset=utf-8
cache-control: no-cache

20:19:44.715 [AsyncHttpClient-1-17] DEBUG org.asynchttpclient.netty.channel.ChannelManager - Adding key: http://localhost:17427 for channel [id: 0x6b95f7fc, L:/127.0.0.1:55157 - R:localhost/127.0.0.1:17427]
20:19:44.717 [main] DEBUG net.thucydides.core.steps.StepInterceptor - STARTING STEP: LoginSteps.inputEmail - inputEmail
20:19:44.719 [Forwarding findElement on session 17484feb422af55944543dd72e8a1cd6 to remote] DEBUG org.asynchttpclient.netty.request.NettyRequestSender - Using pooled Channel '[id: 0x6b95f7fc, L:/127.0.0.1:55157 - R:localhost/127.0.0.1:17427]' for 'POST' to 'http://localhost:17427/session/17484feb422af55944543dd72e8a1cd6/element'
20:19:44.719 [Forwarding findElement on session 17484feb422af55944543dd72e8a1cd6 to remote] DEBUG org.asynchttpclient.netty.request.NettyRequestSender - Using open Channel [id: 0x6b95f7fc, L:/127.0.0.1:55157 - R:localhost/127.0.0.1:17427] for POST '/session/17484feb422af55944543dd72e8a1cd6/element'
20:19:44.727 [AsyncHttpClient-1-17] DEBUG org.asynchttpclient.netty.handler.HttpHandler - 

Request DefaultHttpRequest(decodeResult: success, version: HTTP/1.1)
POST /session/17484feb422af55944543dd72e8a1cd6/element HTTP/1.1
User-Agent: selenium/4.8.1 (java windows)
Content-Length: 55
Content-Type: application/json; charset=utf-8
host: localhost:17427
accept: */*

Response DefaultHttpResponse(decodeResult: success, version: HTTP/1.1)
HTTP/1.1 200 OK
Content-Length: 88
Content-Type: application/json; charset=utf-8
cache-control: no-cache

20:19:44.727 [AsyncHttpClient-1-17] DEBUG org.asynchttpclient.netty.channel.ChannelManager - Adding key: http://localhost:17427 for channel [id: 0x6b95f7fc, L:/127.0.0.1:55157 - R:localhost/127.0.0.1:17427]
20:19:44.728 [Forwarding clearElement on session 17484feb422af55944543dd72e8a1cd6 to remote] DEBUG org.asynchttpclient.netty.request.NettyRequestSender - Using pooled Channel '[id: 0x6b95f7fc, L:/127.0.0.1:55157 - R:localhost/127.0.0.1:17427]' for 'POST' to 'http://localhost:17427/session/17484feb422af55944543dd72e8a1cd6/element/e507c799-bd10-4894-9341-7a24d4bbdf51/clear'
20:19:44.728 [Forwarding clearElement on session 17484feb422af55944543dd72e8a1cd6 to remote] DEBUG org.asynchttpclient.netty.request.NettyRequestSender - Using open Channel [id: 0x6b95f7fc, L:/127.0.0.1:55157 - R:localhost/127.0.0.1:17427] for POST '/session/17484feb422af55944543dd72e8a1cd6/element/e507c799-bd10-4894-9341-7a24d4bbdf51/clear'
20:19:44.749 [AsyncHttpClient-1-17] DEBUG org.asynchttpclient.netty.handler.HttpHandler - 

Request DefaultHttpRequest(decodeResult: success, version: HTTP/1.1)
POST /session/17484feb422af55944543dd72e8a1cd6/element/e507c799-bd10-4894-9341-7a24d4bbdf51/clear HTTP/1.1
User-Agent: selenium/4.8.1 (java windows)
Content-Length: 50
Content-Type: application/json; charset=utf-8
host: localhost:17427
accept: */*

Response DefaultHttpResponse(decodeResult: success, version: HTTP/1.1)
HTTP/1.1 200 OK
Content-Length: 14
Content-Type: application/json; charset=utf-8
cache-control: no-cache

20:19:44.749 [AsyncHttpClient-1-17] DEBUG org.asynchttpclient.netty.channel.ChannelManager - Adding key: http://localhost:17427 for channel [id: 0x6b95f7fc, L:/127.0.0.1:55157 - R:localhost/127.0.0.1:17427]
20:19:44.751 [Forwarding sendKeysToElement on session 17484feb422af55944543dd72e8a1cd6 to remote] DEBUG org.asynchttpclient.netty.request.NettyRequestSender - Using pooled Channel '[id: 0x6b95f7fc, L:/127.0.0.1:55157 - R:localhost/127.0.0.1:17427]' for 'POST' to 'http://localhost:17427/session/17484feb422af55944543dd72e8a1cd6/element/e507c799-bd10-4894-9341-7a24d4bbdf51/value'
20:19:44.751 [Forwarding sendKeysToElement on session 17484feb422af55944543dd72e8a1cd6 to remote] DEBUG org.asynchttpclient.netty.request.NettyRequestSender - Using open Channel [id: 0x6b95f7fc, L:/127.0.0.1:55157 - R:localhost/127.0.0.1:17427] for POST '/session/17484feb422af55944543dd72e8a1cd6/element/e507c799-bd10-4894-9341-7a24d4bbdf51/value'
20:19:44.832 [AsyncHttpClient-1-17] DEBUG org.asynchttpclient.netty.handler.HttpHandler - 

Request DefaultHttpRequest(decodeResult: success, version: HTTP/1.1)
POST /session/17484feb422af55944543dd72e8a1cd6/element/e507c799-bd10-4894-9341-7a24d4bbdf51/value HTTP/1.1
User-Agent: selenium/4.8.1 (java windows)
Content-Length: 241
Content-Type: application/json; charset=utf-8
host: localhost:17427
accept: */*

Response DefaultHttpResponse(decodeResult: success, version: HTTP/1.1)
HTTP/1.1 200 OK
Content-Length: 14
Content-Type: application/json; charset=utf-8
cache-control: no-cache

20:19:44.832 [AsyncHttpClient-1-17] DEBUG org.asynchttpclient.netty.channel.ChannelManager - Adding key: http://localhost:17427 for channel [id: 0x6b95f7fc, L:/127.0.0.1:55157 - R:localhost/127.0.0.1:17427]
20:19:44.837 [Forwarding getAlertText on session 17484feb422af55944543dd72e8a1cd6 to remote] DEBUG org.asynchttpclient.netty.request.NettyRequestSender - Using pooled Channel '[id: 0x6b95f7fc, L:/127.0.0.1:55157 - R:localhost/127.0.0.1:17427]' for 'GET' to 'http://localhost:17427/session/17484feb422af55944543dd72e8a1cd6/alert/text'
20:19:44.837 [Forwarding getAlertText on session 17484feb422af55944543dd72e8a1cd6 to remote] DEBUG org.asynchttpclient.netty.request.NettyRequestSender - Using open Channel [id: 0x6b95f7fc, L:/127.0.0.1:55157 - R:localhost/127.0.0.1:17427] for GET '/session/17484feb422af55944543dd72e8a1cd6/alert/text'
20:19:44.838 [AsyncHttpClient-1-17] DEBUG org.asynchttpclient.netty.handler.HttpHandler - 

Request DefaultFullHttpRequest(decodeResult: success, version: HTTP/1.1, content: EmptyByteBufBE)
GET /session/17484feb422af55944543dd72e8a1cd6/alert/text HTTP/1.1
User-Agent: selenium/4.8.1 (java windows)
Cache-Control: no-cache
Content-Type: application/json; charset=utf-8
host: localhost:17427
accept: */*

Response DefaultHttpResponse(decodeResult: success, version: HTTP/1.1)
HTTP/1.1 404 Not Found
Content-Length: 836
Content-Type: application/json; charset=utf-8
cache-control: no-cache

20:19:44.838 [AsyncHttpClient-1-17] DEBUG org.asynchttpclient.netty.channel.ChannelManager - Adding key: http://localhost:17427 for channel [id: 0x6b95f7fc, L:/127.0.0.1:55157 - R:localhost/127.0.0.1:17427]
20:19:44.839 [Forwarding getCurrentUrl on session 17484feb422af55944543dd72e8a1cd6 to remote] DEBUG org.asynchttpclient.netty.request.NettyRequestSender - Using pooled Channel '[id: 0x6b95f7fc, L:/127.0.0.1:55157 - R:localhost/127.0.0.1:17427]' for 'GET' to 'http://localhost:17427/session/17484feb422af55944543dd72e8a1cd6/url'
20:19:44.839 [Forwarding getCurrentUrl on session 17484feb422af55944543dd72e8a1cd6 to remote] DEBUG org.asynchttpclient.netty.request.NettyRequestSender - Using open Channel [id: 0x6b95f7fc, L:/127.0.0.1:55157 - R:localhost/127.0.0.1:17427] for GET '/session/17484feb422af55944543dd72e8a1cd6/url'
20:19:44.842 [AsyncHttpClient-1-17] DEBUG org.asynchttpclient.netty.handler.HttpHandler - 

Request DefaultFullHttpRequest(decodeResult: success, version: HTTP/1.1, content: EmptyByteBufBE)
GET /session/17484feb422af55944543dd72e8a1cd6/url HTTP/1.1
User-Agent: selenium/4.8.1 (java windows)
Cache-Control: no-cache
Content-Type: application/json; charset=utf-8
host: localhost:17427
accept: */*

Response DefaultHttpResponse(decodeResult: success, version: HTTP/1.1)
HTTP/1.1 200 OK
Content-Length: 51
Content-Type: application/json; charset=utf-8
cache-control: no-cache

20:19:44.842 [AsyncHttpClient-1-17] DEBUG org.asynchttpclient.netty.channel.ChannelManager - Adding key: http://localhost:17427 for channel [id: 0x6b95f7fc, L:/127.0.0.1:55157 - R:localhost/127.0.0.1:17427]
20:19:44.843 [Forwarding screenshot on session 17484feb422af55944543dd72e8a1cd6 to remote] DEBUG org.asynchttpclient.netty.request.NettyRequestSender - Using pooled Channel '[id: 0x6b95f7fc, L:/127.0.0.1:55157 - R:localhost/127.0.0.1:17427]' for 'GET' to 'http://localhost:17427/session/17484feb422af55944543dd72e8a1cd6/screenshot'
20:19:44.843 [Forwarding screenshot on session 17484feb422af55944543dd72e8a1cd6 to remote] DEBUG org.asynchttpclient.netty.request.NettyRequestSender - Using open Channel [id: 0x6b95f7fc, L:/127.0.0.1:55157 - R:localhost/127.0.0.1:17427] for GET '/session/17484feb422af55944543dd72e8a1cd6/screenshot'
20:19:44.953 [AsyncHttpClient-1-1] DEBUG org.asynchttpclient.netty.channel.DefaultChannelPool - Entry count for : http://localhost:55159 : 1
20:19:44.977 [AsyncHttpClient-1-17] DEBUG org.asynchttpclient.netty.handler.HttpHandler - 

Request DefaultFullHttpRequest(decodeResult: success, version: HTTP/1.1, content: EmptyByteBufBE)
GET /session/17484feb422af55944543dd72e8a1cd6/screenshot HTTP/1.1
User-Agent: selenium/4.8.1 (java windows)
Cache-Control: no-cache
Content-Type: application/json; charset=utf-8
host: localhost:17427
accept: */*

Response DefaultHttpResponse(decodeResult: success, version: HTTP/1.1)
HTTP/1.1 200 OK
Content-Length: 30104
Content-Type: application/json; charset=utf-8
cache-control: no-cache

20:19:44.977 [AsyncHttpClient-1-17] DEBUG org.asynchttpclient.netty.channel.ChannelManager - Adding key: http://localhost:17427 for channel [id: 0x6b95f7fc, L:/127.0.0.1:55157 - R:localhost/127.0.0.1:17427]
20:19:44.979 [main] DEBUG net.serenitybdd.core.photography.Darkroom - Send negative for processing for target\site\serenity\a79263d1df66b62589dbeeb6604905ff32091f2a7346fdfb9e8903dd2c5312cb.png
20:19:44.979 [main] DEBUG net.thucydides.core.steps.StepInterceptor - STEP DONE: inputEmail
  &amp#27;[32mAnd &amp#27;[0m&amp#27;[32mI enter correct email&amp#27;[0m                             &amp#27;[90m# starter.stepdefinitions.LoginSteps.inputEmail()&amp#27;[0m
20:19:44.979 [Darkroom Processing Line] DEBUG net.serenitybdd.core.photography.DarkroomProcessingLine - Processing screenshot image in /var/screenshots/screenshot-10729279323344758989
20:19:44.979 [Darkroom Processing Line] DEBUG net.serenitybdd.core.photography.DarkroomProcessingLine - Saving screenshot to target\site\serenity\a79263d1df66b62589dbeeb6604905ff32091f2a7346fdfb9e8903dd2c5312cb.png
20:19:44.985 [Forwarding getPageSource on session 17484feb422af55944543dd72e8a1cd6 to remote] DEBUG org.asynchttpclient.netty.request.NettyRequestSender - Using pooled Channel '[id: 0x6b95f7fc, L:/127.0.0.1:55157 - R:localhost/127.0.0.1:17427]' for 'POST' to 'http://localhost:17427/session/17484feb422af55944543dd72e8a1cd6/execute/sync'
20:19:44.985 [Forwarding getPageSource on session 17484feb422af55944543dd72e8a1cd6 to remote] DEBUG org.asynchttpclient.netty.request.NettyRequestSender - Using open Channel [id: 0x6b95f7fc, L:/127.0.0.1:55157 - R:localhost/127.0.0.1:17427] for POST '/session/17484feb422af55944543dd72e8a1cd6/execute/sync'
20:19:44.989 [AsyncHttpClient-1-17] DEBUG org.asynchttpclient.netty.handler.HttpHandler - 

Request DefaultHttpRequest(decodeResult: success, version: HTTP/1.1)
POST /session/17484feb422af55944543dd72e8a1cd6/execute/sync HTTP/1.1
User-Agent: selenium/4.8.1 (java windows)
Content-Length: 176
Content-Type: application/json; charset=utf-8
host: localhost:17427
accept: */*

Response DefaultHttpResponse(decodeResult: success, version: HTTP/1.1)
HTTP/1.1 200 OK
Content-Length: 21780
Content-Type: application/json; charset=utf-8
cache-control: no-cache

20:19:44.989 [AsyncHttpClient-1-17] DEBUG org.asynchttpclient.netty.channel.ChannelManager - Adding key: http://localhost:17427 for channel [id: 0x6b95f7fc, L:/127.0.0.1:55157 - R:localhost/127.0.0.1:17427]
20:19:44.990 [Forwarding getCurrentUrl on session 17484feb422af55944543dd72e8a1cd6 to remote] DEBUG org.asynchttpclient.netty.request.NettyRequestSender - Using pooled Channel '[id: 0x6b95f7fc, L:/127.0.0.1:55157 - R:localhost/127.0.0.1:17427]' for 'GET' to 'http://localhost:17427/session/17484feb422af55944543dd72e8a1cd6/url'
20:19:44.990 [Forwarding getCurrentUrl on session 17484feb422af55944543dd72e8a1cd6 to remote] DEBUG org.asynchttpclient.netty.request.NettyRequestSender - Using open Channel [id: 0x6b95f7fc, L:/127.0.0.1:55157 - R:localhost/127.0.0.1:17427] for GET '/session/17484feb422af55944543dd72e8a1cd6/url'
20:19:44.995 [AsyncHttpClient-1-17] DEBUG org.asynchttpclient.netty.handler.HttpHandler - 

Request DefaultFullHttpRequest(decodeResult: success, version: HTTP/1.1, content: EmptyByteBufBE)
GET /session/17484feb422af55944543dd72e8a1cd6/url HTTP/1.1
User-Agent: selenium/4.8.1 (java windows)
Cache-Control: no-cache
Content-Type: application/json; charset=utf-8
host: localhost:17427
accept: */*

Response DefaultHttpResponse(decodeResult: success, version: HTTP/1.1)
HTTP/1.1 200 OK
Content-Length: 51
Content-Type: application/json; charset=utf-8
cache-control: no-cache

20:19:44.995 [AsyncHttpClient-1-17] DEBUG org.asynchttpclient.netty.channel.ChannelManager - Adding key: http://localhost:17427 for channel [id: 0x6b95f7fc, L:/127.0.0.1:55157 - R:localhost/127.0.0.1:17427]
20:19:45.002 [Forwarding getPageSource on session 17484feb422af55944543dd72e8a1cd6 to remote] DEBUG org.asynchttpclient.netty.request.NettyRequestSender - Using pooled Channel '[id: 0x6b95f7fc, L:/127.0.0.1:55157 - R:localhost/127.0.0.1:17427]' for 'POST' to 'http://localhost:17427/session/17484feb422af55944543dd72e8a1cd6/execute/sync'
20:19:45.002 [Forwarding getPageSource on session 17484feb422af55944543dd72e8a1cd6 to remote] DEBUG org.asynchttpclient.netty.request.NettyRequestSender - Using open Channel [id: 0x6b95f7fc, L:/127.0.0.1:55157 - R:localhost/127.0.0.1:17427] for POST '/session/17484feb422af55944543dd72e8a1cd6/execute/sync'
20:19:45.005 [AsyncHttpClient-1-17] DEBUG org.asynchttpclient.netty.handler.HttpHandler - 

Request DefaultHttpRequest(decodeResult: success, version: HTTP/1.1)
POST /session/17484feb422af55944543dd72e8a1cd6/execute/sync HTTP/1.1
User-Agent: selenium/4.8.1 (java windows)
Content-Length: 176
Content-Type: application/json; charset=utf-8
host: localhost:17427
accept: */*

Response DefaultHttpResponse(decodeResult: success, version: HTTP/1.1)
HTTP/1.1 200 OK
Content-Length: 21780
Content-Type: application/json; charset=utf-8
cache-control: no-cache

20:19:45.005 [AsyncHttpClient-1-17] DEBUG org.asynchttpclient.netty.channel.ChannelManager - Adding key: http://localhost:17427 for channel [id: 0x6b95f7fc, L:/127.0.0.1:55157 - R:localhost/127.0.0.1:17427]
20:19:45.007 [Forwarding getCurrentUrl on session 17484feb422af55944543dd72e8a1cd6 to remote] DEBUG org.asynchttpclient.netty.request.NettyRequestSender - Using pooled Channel '[id: 0x6b95f7fc, L:/127.0.0.1:55157 - R:localhost/127.0.0.1:17427]' for 'GET' to 'http://localhost:17427/session/17484feb422af55944543dd72e8a1cd6/url'
20:19:45.007 [Forwarding getCurrentUrl on session 17484feb422af55944543dd72e8a1cd6 to remote] DEBUG org.asynchttpclient.netty.request.NettyRequestSender - Using open Channel [id: 0x6b95f7fc, L:/127.0.0.1:55157 - R:localhost/127.0.0.1:17427] for GET '/session/17484feb422af55944543dd72e8a1cd6/url'
20:19:45.010 [AsyncHttpClient-1-17] DEBUG org.asynchttpclient.netty.handler.HttpHandler - 

Request DefaultFullHttpRequest(decodeResult: success, version: HTTP/1.1, content: EmptyByteBufBE)
GET /session/17484feb422af55944543dd72e8a1cd6/url HTTP/1.1
User-Agent: selenium/4.8.1 (java windows)
Cache-Control: no-cache
Content-Type: application/json; charset=utf-8
host: localhost:17427
accept: */*

Response DefaultHttpResponse(decodeResult: success, version: HTTP/1.1)
HTTP/1.1 200 OK
Content-Length: 51
Content-Type: application/json; charset=utf-8
cache-control: no-cache

20:19:45.010 [AsyncHttpClient-1-17] DEBUG org.asynchttpclient.netty.channel.ChannelManager - Adding key: http://localhost:17427 for channel [id: 0x6b95f7fc, L:/127.0.0.1:55157 - R:localhost/127.0.0.1:17427]
20:19:45.012 [main] DEBUG net.thucydides.core.steps.StepInterceptor - STARTING STEP: LoginSteps.inputPassword - inputPassword
20:19:45.013 [Forwarding findElement on session 17484feb422af55944543dd72e8a1cd6 to remote] DEBUG org.asynchttpclient.netty.request.NettyRequestSender - Using pooled Channel '[id: 0x6b95f7fc, L:/127.0.0.1:55157 - R:localhost/127.0.0.1:17427]' for 'POST' to 'http://localhost:17427/session/17484feb422af55944543dd72e8a1cd6/element'
20:19:45.013 [Forwarding findElement on session 17484feb422af55944543dd72e8a1cd6 to remote] DEBUG org.asynchttpclient.netty.request.NettyRequestSender - Using open Channel [id: 0x6b95f7fc, L:/127.0.0.1:55157 - R:localhost/127.0.0.1:17427] for POST '/session/17484feb422af55944543dd72e8a1cd6/element'
20:19:45.023 [AsyncHttpClient-1-17] DEBUG org.asynchttpclient.netty.handler.HttpHandler - 

Request DefaultHttpRequest(decodeResult: success, version: HTTP/1.1)
POST /session/17484feb422af55944543dd72e8a1cd6/element HTTP/1.1
User-Agent: selenium/4.8.1 (java windows)
Content-Length: 55
Content-Type: application/json; charset=utf-8
host: localhost:17427
accept: */*

Response DefaultHttpResponse(decodeResult: success, version: HTTP/1.1)
HTTP/1.1 200 OK
Content-Length: 88
Content-Type: application/json; charset=utf-8
cache-control: no-cache

20:19:45.023 [AsyncHttpClient-1-17] DEBUG org.asynchttpclient.netty.channel.ChannelManager - Adding key: http://localhost:17427 for channel [id: 0x6b95f7fc, L:/127.0.0.1:55157 - R:localhost/127.0.0.1:17427]
20:19:45.024 [Forwarding clearElement on session 17484feb422af55944543dd72e8a1cd6 to remote] DEBUG org.asynchttpclient.netty.request.NettyRequestSender - Using pooled Channel '[id: 0x6b95f7fc, L:/127.0.0.1:55157 - R:localhost/127.0.0.1:17427]' for 'POST' to 'http://localhost:17427/session/17484feb422af55944543dd72e8a1cd6/element/d3da2014-24d2-411d-81b2-9e056efc78a6/clear'
20:19:45.024 [Forwarding clearElement on session 17484feb422af55944543dd72e8a1cd6 to remote] DEBUG org.asynchttpclient.netty.request.NettyRequestSender - Using open Channel [id: 0x6b95f7fc, L:/127.0.0.1:55157 - R:localhost/127.0.0.1:17427] for POST '/session/17484feb422af55944543dd72e8a1cd6/element/d3da2014-24d2-411d-81b2-9e056efc78a6/clear'
20:19:45.045 [AsyncHttpClient-1-17] DEBUG org.asynchttpclient.netty.handler.HttpHandler - 

Request DefaultHttpRequest(decodeResult: success, version: HTTP/1.1)
POST /session/17484feb422af55944543dd72e8a1cd6/element/d3da2014-24d2-411d-81b2-9e056efc78a6/clear HTTP/1.1
User-Agent: selenium/4.8.1 (java windows)
Content-Length: 50
Content-Type: application/json; charset=utf-8
host: localhost:17427
accept: */*

Response DefaultHttpResponse(decodeResult: success, version: HTTP/1.1)
HTTP/1.1 200 OK
Content-Length: 14
Content-Type: application/json; charset=utf-8
cache-control: no-cache

20:19:45.046 [AsyncHttpClient-1-17] DEBUG org.asynchttpclient.netty.channel.ChannelManager - Adding key: http://localhost:17427 for channel [id: 0x6b95f7fc, L:/127.0.0.1:55157 - R:localhost/127.0.0.1:17427]
20:19:45.047 [Forwarding sendKeysToElement on session 17484feb422af55944543dd72e8a1cd6 to remote] DEBUG org.asynchttpclient.netty.request.NettyRequestSender - Using pooled Channel '[id: 0x6b95f7fc, L:/127.0.0.1:55157 - R:localhost/127.0.0.1:17427]' for 'POST' to 'http://localhost:17427/session/17484feb422af55944543dd72e8a1cd6/element/d3da2014-24d2-411d-81b2-9e056efc78a6/value'
20:19:45.047 [Forwarding sendKeysToElement on session 17484feb422af55944543dd72e8a1cd6 to remote] DEBUG org.asynchttpclient.netty.request.NettyRequestSender - Using open Channel [id: 0x6b95f7fc, L:/127.0.0.1:55157 - R:localhost/127.0.0.1:17427] for POST '/session/17484feb422af55944543dd72e8a1cd6/element/d3da2014-24d2-411d-81b2-9e056efc78a6/value'
20:19:45.090 [AsyncHttpClient-1-17] DEBUG org.asynchttpclient.netty.handler.HttpHandler - 

Request DefaultHttpRequest(decodeResult: success, version: HTTP/1.1)
POST /session/17484feb422af55944543dd72e8a1cd6/element/d3da2014-24d2-411d-81b2-9e056efc78a6/value HTTP/1.1
User-Agent: selenium/4.8.1 (java windows)
Content-Length: 141
Content-Type: application/json; charset=utf-8
host: localhost:17427
accept: */*

Response DefaultHttpResponse(decodeResult: success, version: HTTP/1.1)
HTTP/1.1 200 OK
Content-Length: 14
Content-Type: application/json; charset=utf-8
cache-control: no-cache

20:19:45.091 [AsyncHttpClient-1-17] DEBUG org.asynchttpclient.netty.channel.ChannelManager - Adding key: http://localhost:17427 for channel [id: 0x6b95f7fc, L:/127.0.0.1:55157 - R:localhost/127.0.0.1:17427]
20:19:45.095 [Forwarding getAlertText on session 17484feb422af55944543dd72e8a1cd6 to remote] DEBUG org.asynchttpclient.netty.request.NettyRequestSender - Using pooled Channel '[id: 0x6b95f7fc, L:/127.0.0.1:55157 - R:localhost/127.0.0.1:17427]' for 'GET' to 'http://localhost:17427/session/17484feb422af55944543dd72e8a1cd6/alert/text'
20:19:45.095 [Forwarding getAlertText on session 17484feb422af55944543dd72e8a1cd6 to remote] DEBUG org.asynchttpclient.netty.request.NettyRequestSender - Using open Channel [id: 0x6b95f7fc, L:/127.0.0.1:55157 - R:localhost/127.0.0.1:17427] for GET '/session/17484feb422af55944543dd72e8a1cd6/alert/text'
20:19:45.098 [AsyncHttpClient-1-17] DEBUG org.asynchttpclient.netty.handler.HttpHandler - 

Request DefaultFullHttpRequest(decodeResult: success, version: HTTP/1.1, content: EmptyByteBufBE)
GET /session/17484feb422af55944543dd72e8a1cd6/alert/text HTTP/1.1
User-Agent: selenium/4.8.1 (java windows)
Cache-Control: no-cache
Content-Type: application/json; charset=utf-8
host: localhost:17427
accept: */*

Response DefaultHttpResponse(decodeResult: success, version: HTTP/1.1)
HTTP/1.1 404 Not Found
Content-Length: 836
Content-Type: application/json; charset=utf-8
cache-control: no-cache

20:19:45.098 [AsyncHttpClient-1-17] DEBUG org.asynchttpclient.netty.channel.ChannelManager - Adding key: http://localhost:17427 for channel [id: 0x6b95f7fc, L:/127.0.0.1:55157 - R:localhost/127.0.0.1:17427]
20:19:45.098 [Forwarding getCurrentUrl on session 17484feb422af55944543dd72e8a1cd6 to remote] DEBUG org.asynchttpclient.netty.request.NettyRequestSender - Using pooled Channel '[id: 0x6b95f7fc, L:/127.0.0.1:55157 - R:localhost/127.0.0.1:17427]' for 'GET' to 'http://localhost:17427/session/17484feb422af55944543dd72e8a1cd6/url'
20:19:45.098 [Forwarding getCurrentUrl on session 17484feb422af55944543dd72e8a1cd6 to remote] DEBUG org.asynchttpclient.netty.request.NettyRequestSender - Using open Channel [id: 0x6b95f7fc, L:/127.0.0.1:55157 - R:localhost/127.0.0.1:17427] for GET '/session/17484feb422af55944543dd72e8a1cd6/url'
20:19:45.100 [AsyncHttpClient-1-17] DEBUG org.asynchttpclient.netty.handler.HttpHandler - 

Request DefaultFullHttpRequest(decodeResult: success, version: HTTP/1.1, content: EmptyByteBufBE)
GET /session/17484feb422af55944543dd72e8a1cd6/url HTTP/1.1
User-Agent: selenium/4.8.1 (java windows)
Cache-Control: no-cache
Content-Type: application/json; charset=utf-8
host: localhost:17427
accept: */*

Response DefaultHttpResponse(decodeResult: success, version: HTTP/1.1)
HTTP/1.1 200 OK
Content-Length: 51
Content-Type: application/json; charset=utf-8
cache-control: no-cache

20:19:45.100 [AsyncHttpClient-1-17] DEBUG org.asynchttpclient.netty.channel.ChannelManager - Adding key: http://localhost:17427 for channel [id: 0x6b95f7fc, L:/127.0.0.1:55157 - R:localhost/127.0.0.1:17427]
20:19:45.100 [Forwarding screenshot on session 17484feb422af55944543dd72e8a1cd6 to remote] DEBUG org.asynchttpclient.netty.request.NettyRequestSender - Using pooled Channel '[id: 0x6b95f7fc, L:/127.0.0.1:55157 - R:localhost/127.0.0.1:17427]' for 'GET' to 'http://localhost:17427/session/17484feb422af55944543dd72e8a1cd6/screenshot'
20:19:45.100 [Forwarding screenshot on session 17484feb422af55944543dd72e8a1cd6 to remote] DEBUG org.asynchttpclient.netty.request.NettyRequestSender - Using open Channel [id: 0x6b95f7fc, L:/127.0.0.1:55157 - R:localhost/127.0.0.1:17427] for GET '/session/17484feb422af55944543dd72e8a1cd6/screenshot'
20:19:45.175 [AsyncHttpClient-1-17] DEBUG org.asynchttpclient.netty.handler.HttpHandler - 

Request DefaultFullHttpRequest(decodeResult: success, version: HTTP/1.1, content: EmptyByteBufBE)
GET /session/17484feb422af55944543dd72e8a1cd6/screenshot HTTP/1.1
User-Agent: selenium/4.8.1 (java windows)
Cache-Control: no-cache
Content-Type: application/json; charset=utf-8
host: localhost:17427
accept: */*

Response DefaultHttpResponse(decodeResult: success, version: HTTP/1.1)
HTTP/1.1 200 OK
Content-Length: 30832
Content-Type: application/json; charset=utf-8
cache-control: no-cache

20:19:45.176 [AsyncHttpClient-1-17] DEBUG org.asynchttpclient.netty.channel.ChannelManager - Adding key: http://localhost:17427 for channel [id: 0x6b95f7fc, L:/127.0.0.1:55157 - R:localhost/127.0.0.1:17427]
20:19:45.177 [main] DEBUG net.serenitybdd.core.photography.Darkroom - Send negative for processing for target\site\serenity\6b8ec21ac8bc9391379fe6bffc68a92cfa19f44e4612fd317dc290df33076dfd.png
20:19:45.177 [main] DEBUG net.thucydides.core.steps.StepInterceptor - STEP DONE: inputPassword
  &amp#27;[32mAnd &amp#27;[0m&amp#27;[32mI enter correct password&amp#27;[0m                          &amp#27;[90m# starter.stepdefinitions.LoginSteps.inputPassword()&amp#27;[0m
20:19:45.177 [Darkroom Processing Line] DEBUG net.serenitybdd.core.photography.DarkroomProcessingLine - Processing screenshot image in /var/screenshots/screenshot-917938440099517735
20:19:45.177 [Darkroom Processing Line] DEBUG net.serenitybdd.core.photography.DarkroomProcessingLine - Saving screenshot to target\site\serenity\6b8ec21ac8bc9391379fe6bffc68a92cfa19f44e4612fd317dc290df33076dfd.png
20:19:45.184 [Forwarding getPageSource on session 17484feb422af55944543dd72e8a1cd6 to remote] DEBUG org.asynchttpclient.netty.request.NettyRequestSender - Using pooled Channel '[id: 0x6b95f7fc, L:/127.0.0.1:55157 - R:localhost/127.0.0.1:17427]' for 'POST' to 'http://localhost:17427/session/17484feb422af55944543dd72e8a1cd6/execute/sync'
20:19:45.184 [Forwarding getPageSource on session 17484feb422af55944543dd72e8a1cd6 to remote] DEBUG org.asynchttpclient.netty.request.NettyRequestSender - Using open Channel [id: 0x6b95f7fc, L:/127.0.0.1:55157 - R:localhost/127.0.0.1:17427] for POST '/session/17484feb422af55944543dd72e8a1cd6/execute/sync'
20:19:45.189 [AsyncHttpClient-1-17] DEBUG org.asynchttpclient.netty.handler.HttpHandler - 

Request DefaultHttpRequest(decodeResult: success, version: HTTP/1.1)
POST /session/17484feb422af55944543dd72e8a1cd6/execute/sync HTTP/1.1
User-Agent: selenium/4.8.1 (java windows)
Content-Length: 176
Content-Type: application/json; charset=utf-8
host: localhost:17427
accept: */*

Response DefaultHttpResponse(decodeResult: success, version: HTTP/1.1)
HTTP/1.1 200 OK
Content-Length: 21839
Content-Type: application/json; charset=utf-8
cache-control: no-cache

20:19:45.189 [AsyncHttpClient-1-17] DEBUG org.asynchttpclient.netty.channel.ChannelManager - Adding key: http://localhost:17427 for channel [id: 0x6b95f7fc, L:/127.0.0.1:55157 - R:localhost/127.0.0.1:17427]
20:19:45.191 [Forwarding getCurrentUrl on session 17484feb422af55944543dd72e8a1cd6 to remote] DEBUG org.asynchttpclient.netty.request.NettyRequestSender - Using pooled Channel '[id: 0x6b95f7fc, L:/127.0.0.1:55157 - R:localhost/127.0.0.1:17427]' for 'GET' to 'http://localhost:17427/session/17484feb422af55944543dd72e8a1cd6/url'
20:19:45.191 [Forwarding getCurrentUrl on session 17484feb422af55944543dd72e8a1cd6 to remote] DEBUG org.asynchttpclient.netty.request.NettyRequestSender - Using open Channel [id: 0x6b95f7fc, L:/127.0.0.1:55157 - R:localhost/127.0.0.1:17427] for GET '/session/17484feb422af55944543dd72e8a1cd6/url'
20:19:45.195 [AsyncHttpClient-1-17] DEBUG org.asynchttpclient.netty.handler.HttpHandler - 

Request DefaultFullHttpRequest(decodeResult: success, version: HTTP/1.1, content: EmptyByteBufBE)
GET /session/17484feb422af55944543dd72e8a1cd6/url HTTP/1.1
User-Agent: selenium/4.8.1 (java windows)
Cache-Control: no-cache
Content-Type: application/json; charset=utf-8
host: localhost:17427
accept: */*

Response DefaultHttpResponse(decodeResult: success, version: HTTP/1.1)
HTTP/1.1 200 OK
Content-Length: 51
Content-Type: application/json; charset=utf-8
cache-control: no-cache

20:19:45.196 [AsyncHttpClient-1-17] DEBUG org.asynchttpclient.netty.channel.ChannelManager - Adding key: http://localhost:17427 for channel [id: 0x6b95f7fc, L:/127.0.0.1:55157 - R:localhost/127.0.0.1:17427]
20:19:45.202 [Forwarding getPageSource on session 17484feb422af55944543dd72e8a1cd6 to remote] DEBUG org.asynchttpclient.netty.request.NettyRequestSender - Using pooled Channel '[id: 0x6b95f7fc, L:/127.0.0.1:55157 - R:localhost/127.0.0.1:17427]' for 'POST' to 'http://localhost:17427/session/17484feb422af55944543dd72e8a1cd6/execute/sync'
20:19:45.202 [Forwarding getPageSource on session 17484feb422af55944543dd72e8a1cd6 to remote] DEBUG org.asynchttpclient.netty.request.NettyRequestSender - Using open Channel [id: 0x6b95f7fc, L:/127.0.0.1:55157 - R:localhost/127.0.0.1:17427] for POST '/session/17484feb422af55944543dd72e8a1cd6/execute/sync'
20:19:45.207 [AsyncHttpClient-1-17] DEBUG org.asynchttpclient.netty.handler.HttpHandler - 

Request DefaultHttpRequest(decodeResult: success, version: HTTP/1.1)
POST /session/17484feb422af55944543dd72e8a1cd6/execute/sync HTTP/1.1
User-Agent: selenium/4.8.1 (java windows)
Content-Length: 176
Content-Type: application/json; charset=utf-8
host: localhost:17427
accept: */*

Response DefaultHttpResponse(decodeResult: success, version: HTTP/1.1)
HTTP/1.1 200 OK
Content-Length: 21839
Content-Type: application/json; charset=utf-8
cache-control: no-cache

20:19:45.207 [AsyncHttpClient-1-17] DEBUG org.asynchttpclient.netty.channel.ChannelManager - Adding key: http://localhost:17427 for channel [id: 0x6b95f7fc, L:/127.0.0.1:55157 - R:localhost/127.0.0.1:17427]
20:19:45.209 [Forwarding getCurrentUrl on session 17484feb422af55944543dd72e8a1cd6 to remote] DEBUG org.asynchttpclient.netty.request.NettyRequestSender - Using pooled Channel '[id: 0x6b95f7fc, L:/127.0.0.1:55157 - R:localhost/127.0.0.1:17427]' for 'GET' to 'http://localhost:17427/session/17484feb422af55944543dd72e8a1cd6/url'
20:19:45.209 [Forwarding getCurrentUrl on session 17484feb422af55944543dd72e8a1cd6 to remote] DEBUG org.asynchttpclient.netty.request.NettyRequestSender - Using open Channel [id: 0x6b95f7fc, L:/127.0.0.1:55157 - R:localhost/127.0.0.1:17427] for GET '/session/17484feb422af55944543dd72e8a1cd6/url'
20:19:45.213 [AsyncHttpClient-1-17] DEBUG org.asynchttpclient.netty.handler.HttpHandler - 

Request DefaultFullHttpRequest(decodeResult: success, version: HTTP/1.1, content: EmptyByteBufBE)
GET /session/17484feb422af55944543dd72e8a1cd6/url HTTP/1.1
User-Agent: selenium/4.8.1 (java windows)
Cache-Control: no-cache
Content-Type: application/json; charset=utf-8
host: localhost:17427
accept: */*

Response DefaultHttpResponse(decodeResult: success, version: HTTP/1.1)
HTTP/1.1 200 OK
Content-Length: 51
Content-Type: application/json; charset=utf-8
cache-control: no-cache

20:19:45.213 [AsyncHttpClient-1-17] DEBUG org.asynchttpclient.netty.channel.ChannelManager - Adding key: http://localhost:17427 for channel [id: 0x6b95f7fc, L:/127.0.0.1:55157 - R:localhost/127.0.0.1:17427]
20:19:45.215 [main] DEBUG net.thucydides.core.steps.StepInterceptor - STARTING STEP: LoginSteps.clickLoginButton - clickLoginButton
20:19:45.218 [Forwarding findElement on session 17484feb422af55944543dd72e8a1cd6 to remote] DEBUG org.asynchttpclient.netty.request.NettyRequestSender - Using pooled Channel '[id: 0x6b95f7fc, L:/127.0.0.1:55157 - R:localhost/127.0.0.1:17427]' for 'POST' to 'http://localhost:17427/session/17484feb422af55944543dd72e8a1cd6/element'
20:19:45.218 [Forwarding findElement on session 17484feb422af55944543dd72e8a1cd6 to remote] DEBUG org.asynchttpclient.netty.request.NettyRequestSender - Using open Channel [id: 0x6b95f7fc, L:/127.0.0.1:55157 - R:localhost/127.0.0.1:17427] for POST '/session/17484feb422af55944543dd72e8a1cd6/element'
20:19:45.227 [AsyncHttpClient-1-17] DEBUG org.asynchttpclient.netty.handler.HttpHandler - 

Request DefaultHttpRequest(decodeResult: success, version: HTTP/1.1)
POST /session/17484feb422af55944543dd72e8a1cd6/element HTTP/1.1
User-Agent: selenium/4.8.1 (java windows)
Content-Length: 71
Content-Type: application/json; charset=utf-8
host: localhost:17427
accept: */*

Response DefaultHttpResponse(decodeResult: success, version: HTTP/1.1)
HTTP/1.1 200 OK
Content-Length: 88
Content-Type: application/json; charset=utf-8
cache-control: no-cache

20:19:45.227 [AsyncHttpClient-1-17] DEBUG org.asynchttpclient.netty.channel.ChannelManager - Adding key: http://localhost:17427 for channel [id: 0x6b95f7fc, L:/127.0.0.1:55157 - R:localhost/127.0.0.1:17427]
20:19:45.230 [Forwarding getElementTagName on session 17484feb422af55944543dd72e8a1cd6 to remote] DEBUG org.asynchttpclient.netty.request.NettyRequestSender - Using pooled Channel '[id: 0x6b95f7fc, L:/127.0.0.1:55157 - R:localhost/127.0.0.1:17427]' for 'GET' to 'http://localhost:17427/session/17484feb422af55944543dd72e8a1cd6/element/fe74631c-dc0b-4dd3-8dd7-8820fd944d72/name'
20:19:45.230 [Forwarding getElementTagName on session 17484feb422af55944543dd72e8a1cd6 to remote] DEBUG org.asynchttpclient.netty.request.NettyRequestSender - Using open Channel [id: 0x6b95f7fc, L:/127.0.0.1:55157 - R:localhost/127.0.0.1:17427] for GET '/session/17484feb422af55944543dd72e8a1cd6/element/fe74631c-dc0b-4dd3-8dd7-8820fd944d72/name'
20:19:45.233 [AsyncHttpClient-1-17] DEBUG org.asynchttpclient.netty.handler.HttpHandler - 

Request DefaultFullHttpRequest(decodeResult: success, version: HTTP/1.1, content: EmptyByteBufBE)
GET /session/17484feb422af55944543dd72e8a1cd6/element/fe74631c-dc0b-4dd3-8dd7-8820fd944d72/name HTTP/1.1
User-Agent: selenium/4.8.1 (java windows)
Cache-Control: no-cache
Content-Type: application/json; charset=utf-8
host: localhost:17427
accept: */*

Response DefaultHttpResponse(decodeResult: success, version: HTTP/1.1)
HTTP/1.1 200 OK
Content-Length: 18
Content-Type: application/json; charset=utf-8
cache-control: no-cache

20:19:45.233 [AsyncHttpClient-1-17] DEBUG org.asynchttpclient.netty.channel.ChannelManager - Adding key: http://localhost:17427 for channel [id: 0x6b95f7fc, L:/127.0.0.1:55157 - R:localhost/127.0.0.1:17427]
20:19:45.233 [Forwarding getElementTagName on session 17484feb422af55944543dd72e8a1cd6 to remote] DEBUG org.asynchttpclient.netty.request.NettyRequestSender - Using pooled Channel '[id: 0x6b95f7fc, L:/127.0.0.1:55157 - R:localhost/127.0.0.1:17427]' for 'GET' to 'http://localhost:17427/session/17484feb422af55944543dd72e8a1cd6/element/fe74631c-dc0b-4dd3-8dd7-8820fd944d72/name'
20:19:45.233 [Forwarding getElementTagName on session 17484feb422af55944543dd72e8a1cd6 to remote] DEBUG org.asynchttpclient.netty.request.NettyRequestSender - Using open Channel [id: 0x6b95f7fc, L:/127.0.0.1:55157 - R:localhost/127.0.0.1:17427] for GET '/session/17484feb422af55944543dd72e8a1cd6/element/fe74631c-dc0b-4dd3-8dd7-8820fd944d72/name'
20:19:45.237 [AsyncHttpClient-1-17] DEBUG org.asynchttpclient.netty.handler.HttpHandler - 

Request DefaultFullHttpRequest(decodeResult: success, version: HTTP/1.1, content: EmptyByteBufBE)
GET /session/17484feb422af55944543dd72e8a1cd6/element/fe74631c-dc0b-4dd3-8dd7-8820fd944d72/name HTTP/1.1
User-Agent: selenium/4.8.1 (java windows)
Cache-Control: no-cache
Content-Type: application/json; charset=utf-8
host: localhost:17427
accept: */*

Response DefaultHttpResponse(decodeResult: success, version: HTTP/1.1)
HTTP/1.1 200 OK
Content-Length: 18
Content-Type: application/json; charset=utf-8
cache-control: no-cache

20:19:45.237 [AsyncHttpClient-1-17] DEBUG org.asynchttpclient.netty.channel.ChannelManager - Adding key: http://localhost:17427 for channel [id: 0x6b95f7fc, L:/127.0.0.1:55157 - R:localhost/127.0.0.1:17427]
20:19:45.239 [Forwarding isElementEnabled on session 17484feb422af55944543dd72e8a1cd6 to remote] DEBUG org.asynchttpclient.netty.request.NettyRequestSender - Using pooled Channel '[id: 0x6b95f7fc, L:/127.0.0.1:55157 - R:localhost/127.0.0.1:17427]' for 'GET' to 'http://localhost:17427/session/17484feb422af55944543dd72e8a1cd6/element/fe74631c-dc0b-4dd3-8dd7-8820fd944d72/enabled'
20:19:45.239 [Forwarding isElementEnabled on session 17484feb422af55944543dd72e8a1cd6 to remote] DEBUG org.asynchttpclient.netty.request.NettyRequestSender - Using open Channel [id: 0x6b95f7fc, L:/127.0.0.1:55157 - R:localhost/127.0.0.1:17427] for GET '/session/17484feb422af55944543dd72e8a1cd6/element/fe74631c-dc0b-4dd3-8dd7-8820fd944d72/enabled'
20:19:45.246 [AsyncHttpClient-1-17] DEBUG org.asynchttpclient.netty.handler.HttpHandler - 

Request DefaultFullHttpRequest(decodeResult: success, version: HTTP/1.1, content: EmptyByteBufBE)
GET /session/17484feb422af55944543dd72e8a1cd6/element/fe74631c-dc0b-4dd3-8dd7-8820fd944d72/enabled HTTP/1.1
User-Agent: selenium/4.8.1 (java windows)
Cache-Control: no-cache
Content-Type: application/json; charset=utf-8
host: localhost:17427
accept: */*

Response DefaultHttpResponse(decodeResult: success, version: HTTP/1.1)
HTTP/1.1 200 OK
Content-Length: 14
Content-Type: application/json; charset=utf-8
cache-control: no-cache

20:19:45.246 [AsyncHttpClient-1-17] DEBUG org.asynchttpclient.netty.channel.ChannelManager - Adding key: http://localhost:17427 for channel [id: 0x6b95f7fc, L:/127.0.0.1:55157 - R:localhost/127.0.0.1:17427]
20:19:45.247 [Forwarding isElementEnabled on session 17484feb422af55944543dd72e8a1cd6 to remote] DEBUG org.asynchttpclient.netty.request.NettyRequestSender - Using pooled Channel '[id: 0x6b95f7fc, L:/127.0.0.1:55157 - R:localhost/127.0.0.1:17427]' for 'GET' to 'http://localhost:17427/session/17484feb422af55944543dd72e8a1cd6/element/fe74631c-dc0b-4dd3-8dd7-8820fd944d72/enabled'
20:19:45.247 [Forwarding isElementEnabled on session 17484feb422af55944543dd72e8a1cd6 to remote] DEBUG org.asynchttpclient.netty.request.NettyRequestSender - Using open Channel [id: 0x6b95f7fc, L:/127.0.0.1:55157 - R:localhost/127.0.0.1:17427] for GET '/session/17484feb422af55944543dd72e8a1cd6/element/fe74631c-dc0b-4dd3-8dd7-8820fd944d72/enabled'
20:19:45.253 [AsyncHttpClient-1-17] DEBUG org.asynchttpclient.netty.handler.HttpHandler - 

Request DefaultFullHttpRequest(decodeResult: success, version: HTTP/1.1, content: EmptyByteBufBE)
GET /session/17484feb422af55944543dd72e8a1cd6/element/fe74631c-dc0b-4dd3-8dd7-8820fd944d72/enabled HTTP/1.1
User-Agent: selenium/4.8.1 (java windows)
Cache-Control: no-cache
Content-Type: application/json; charset=utf-8
host: localhost:17427
accept: */*

Response DefaultHttpResponse(decodeResult: success, version: HTTP/1.1)
HTTP/1.1 200 OK
Content-Length: 14
Content-Type: application/json; charset=utf-8
cache-control: no-cache

20:19:45.253 [AsyncHttpClient-1-17] DEBUG org.asynchttpclient.netty.channel.ChannelManager - Adding key: http://localhost:17427 for channel [id: 0x6b95f7fc, L:/127.0.0.1:55157 - R:localhost/127.0.0.1:17427]
20:19:45.254 [Forwarding findElement on session 17484feb422af55944543dd72e8a1cd6 to remote] DEBUG org.asynchttpclient.netty.request.NettyRequestSender - Using pooled Channel '[id: 0x6b95f7fc, L:/127.0.0.1:55157 - R:localhost/127.0.0.1:17427]' for 'POST' to 'http://localhost:17427/session/17484feb422af55944543dd72e8a1cd6/element'
20:19:45.254 [Forwarding findElement on session 17484feb422af55944543dd72e8a1cd6 to remote] DEBUG org.asynchttpclient.netty.request.NettyRequestSender - Using open Channel [id: 0x6b95f7fc, L:/127.0.0.1:55157 - R:localhost/127.0.0.1:17427] for POST '/session/17484feb422af55944543dd72e8a1cd6/element'
20:19:45.259 [AsyncHttpClient-1-17] DEBUG org.asynchttpclient.netty.handler.HttpHandler - 

Request DefaultHttpRequest(decodeResult: success, version: HTTP/1.1)
POST /session/17484feb422af55944543dd72e8a1cd6/element HTTP/1.1
User-Agent: selenium/4.8.1 (java windows)
Content-Length: 71
Content-Type: application/json; charset=utf-8
host: localhost:17427
accept: */*

Response DefaultHttpResponse(decodeResult: success, version: HTTP/1.1)
HTTP/1.1 200 OK
Content-Length: 88
Content-Type: application/json; charset=utf-8
cache-control: no-cache

20:19:45.259 [AsyncHttpClient-1-17] DEBUG org.asynchttpclient.netty.channel.ChannelManager - Adding key: http://localhost:17427 for channel [id: 0x6b95f7fc, L:/127.0.0.1:55157 - R:localhost/127.0.0.1:17427]
20:19:45.261 [Forwarding clickElement on session 17484feb422af55944543dd72e8a1cd6 to remote] DEBUG org.asynchttpclient.netty.request.NettyRequestSender - Using pooled Channel '[id: 0x6b95f7fc, L:/127.0.0.1:55157 - R:localhost/127.0.0.1:17427]' for 'POST' to 'http://localhost:17427/session/17484feb422af55944543dd72e8a1cd6/element/fe74631c-dc0b-4dd3-8dd7-8820fd944d72/click'
20:19:45.261 [Forwarding clickElement on session 17484feb422af55944543dd72e8a1cd6 to remote] DEBUG org.asynchttpclient.netty.request.NettyRequestSender - Using open Channel [id: 0x6b95f7fc, L:/127.0.0.1:55157 - R:localhost/127.0.0.1:17427] for POST '/session/17484feb422af55944543dd72e8a1cd6/element/fe74631c-dc0b-4dd3-8dd7-8820fd944d72/click'
20:19:45.296 [AsyncHttpClient-1-17] DEBUG org.asynchttpclient.netty.handler.HttpHandler - 

Request DefaultHttpRequest(decodeResult: success, version: HTTP/1.1)
POST /session/17484feb422af55944543dd72e8a1cd6/element/fe74631c-dc0b-4dd3-8dd7-8820fd944d72/click HTTP/1.1
User-Agent: selenium/4.8.1 (java windows)
Content-Length: 50
Content-Type: application/json; charset=utf-8
host: localhost:17427
accept: */*

Response DefaultHttpResponse(decodeResult: success, version: HTTP/1.1)
HTTP/1.1 200 OK
Content-Length: 14
Content-Type: application/json; charset=utf-8
cache-control: no-cache

20:19:45.297 [AsyncHttpClient-1-17] DEBUG org.asynchttpclient.netty.channel.ChannelManager - Adding key: http://localhost:17427 for channel [id: 0x6b95f7fc, L:/127.0.0.1:55157 - R:localhost/127.0.0.1:17427]
20:19:45.301 [Forwarding getAlertText on session 17484feb422af55944543dd72e8a1cd6 to remote] DEBUG org.asynchttpclient.netty.request.NettyRequestSender - Using pooled Channel '[id: 0x6b95f7fc, L:/127.0.0.1:55157 - R:localhost/127.0.0.1:17427]' for 'GET' to 'http://localhost:17427/session/17484feb422af55944543dd72e8a1cd6/alert/text'
20:19:45.301 [Forwarding getAlertText on session 17484feb422af55944543dd72e8a1cd6 to remote] DEBUG org.asynchttpclient.netty.request.NettyRequestSender - Using open Channel [id: 0x6b95f7fc, L:/127.0.0.1:55157 - R:localhost/127.0.0.1:17427] for GET '/session/17484feb422af55944543dd72e8a1cd6/alert/text'
20:19:45.302 [AsyncHttpClient-1-17] DEBUG org.asynchttpclient.netty.handler.HttpHandler - 

Request DefaultFullHttpRequest(decodeResult: success, version: HTTP/1.1, content: EmptyByteBufBE)
GET /session/17484feb422af55944543dd72e8a1cd6/alert/text HTTP/1.1
User-Agent: selenium/4.8.1 (java windows)
Cache-Control: no-cache
Content-Type: application/json; charset=utf-8
host: localhost:17427
accept: */*

Response DefaultHttpResponse(decodeResult: success, version: HTTP/1.1)
HTTP/1.1 404 Not Found
Content-Length: 836
Content-Type: application/json; charset=utf-8
cache-control: no-cache

20:19:45.302 [AsyncHttpClient-1-17] DEBUG org.asynchttpclient.netty.channel.ChannelManager - Adding key: http://localhost:17427 for channel [id: 0x6b95f7fc, L:/127.0.0.1:55157 - R:localhost/127.0.0.1:17427]
20:19:45.302 [Forwarding getCurrentUrl on session 17484feb422af55944543dd72e8a1cd6 to remote] DEBUG org.asynchttpclient.netty.request.NettyRequestSender - Using pooled Channel '[id: 0x6b95f7fc, L:/127.0.0.1:55157 - R:localhost/127.0.0.1:17427]' for 'GET' to 'http://localhost:17427/session/17484feb422af55944543dd72e8a1cd6/url'
20:19:45.302 [Forwarding getCurrentUrl on session 17484feb422af55944543dd72e8a1cd6 to remote] DEBUG org.asynchttpclient.netty.request.NettyRequestSender - Using open Channel [id: 0x6b95f7fc, L:/127.0.0.1:55157 - R:localhost/127.0.0.1:17427] for GET '/session/17484feb422af55944543dd72e8a1cd6/url'
20:19:45.306 [AsyncHttpClient-1-17] DEBUG org.asynchttpclient.netty.handler.HttpHandler - 

Request DefaultFullHttpRequest(decodeResult: success, version: HTTP/1.1, content: EmptyByteBufBE)
GET /session/17484feb422af55944543dd72e8a1cd6/url HTTP/1.1
User-Agent: selenium/4.8.1 (java windows)
Cache-Control: no-cache
Content-Type: application/json; charset=utf-8
host: localhost:17427
accept: */*

Response DefaultHttpResponse(decodeResult: success, version: HTTP/1.1)
HTTP/1.1 200 OK
Content-Length: 51
Content-Type: application/json; charset=utf-8
cache-control: no-cache

20:19:45.306 [AsyncHttpClient-1-17] DEBUG org.asynchttpclient.netty.channel.ChannelManager - Adding key: http://localhost:17427 for channel [id: 0x6b95f7fc, L:/127.0.0.1:55157 - R:localhost/127.0.0.1:17427]
20:19:45.306 [Forwarding screenshot on session 17484feb422af55944543dd72e8a1cd6 to remote] DEBUG org.asynchttpclient.netty.request.NettyRequestSender - Using pooled Channel '[id: 0x6b95f7fc, L:/127.0.0.1:55157 - R:localhost/127.0.0.1:17427]' for 'GET' to 'http://localhost:17427/session/17484feb422af55944543dd72e8a1cd6/screenshot'
20:19:45.306 [Forwarding screenshot on session 17484feb422af55944543dd72e8a1cd6 to remote] DEBUG org.asynchttpclient.netty.request.NettyRequestSender - Using open Channel [id: 0x6b95f7fc, L:/127.0.0.1:55157 - R:localhost/127.0.0.1:17427] for GET '/session/17484feb422af55944543dd72e8a1cd6/screenshot'
20:19:45.390 [AsyncHttpClient-1-17] DEBUG org.asynchttpclient.netty.handler.HttpHandler - 

Request DefaultFullHttpRequest(decodeResult: success, version: HTTP/1.1, content: EmptyByteBufBE)
GET /session/17484feb422af55944543dd72e8a1cd6/screenshot HTTP/1.1
User-Agent: selenium/4.8.1 (java windows)
Cache-Control: no-cache
Content-Type: application/json; charset=utf-8
host: localhost:17427
accept: */*

Response DefaultHttpResponse(decodeResult: success, version: HTTP/1.1)
HTTP/1.1 200 OK
Content-Length: 30588
Content-Type: application/json; charset=utf-8
cache-control: no-cache

20:19:45.390 [AsyncHttpClient-1-17] DEBUG org.asynchttpclient.netty.channel.ChannelManager - Adding key: http://localhost:17427 for channel [id: 0x6b95f7fc, L:/127.0.0.1:55157 - R:localhost/127.0.0.1:17427]
20:19:45.392 [main] DEBUG net.serenitybdd.core.photography.Darkroom - Send negative for processing for target\site\serenity\948c625f249e2fa9fbdffeff5b33f33284767cb6cb45610de1f97c1f6c52f0b7.png
20:19:45.392 [main] DEBUG net.thucydides.core.steps.StepInterceptor - STEP DONE: clickLoginButton
  &amp#27;[32mWhen &amp#27;[0m&amp#27;[32mI click on the login button&amp#27;[0m                      &amp#27;[90m# starter.stepdefinitions.LoginSteps.clickLoginButton()&amp#27;[0m
20:19:45.392 [Darkroom Processing Line] DEBUG net.serenitybdd.core.photography.DarkroomProcessingLine - Processing screenshot image in /var/screenshots/screenshot-13610428868578389837
20:19:45.392 [Darkroom Processing Line] DEBUG net.serenitybdd.core.photography.DarkroomProcessingLine - Saving screenshot to target\site\serenity\948c625f249e2fa9fbdffeff5b33f33284767cb6cb45610de1f97c1f6c52f0b7.png
20:19:45.401 [Forwarding getPageSource on session 17484feb422af55944543dd72e8a1cd6 to remote] DEBUG org.asynchttpclient.netty.request.NettyRequestSender - Using pooled Channel '[id: 0x6b95f7fc, L:/127.0.0.1:55157 - R:localhost/127.0.0.1:17427]' for 'POST' to 'http://localhost:17427/session/17484feb422af55944543dd72e8a1cd6/execute/sync'
20:19:45.401 [Forwarding getPageSource on session 17484feb422af55944543dd72e8a1cd6 to remote] DEBUG org.asynchttpclient.netty.request.NettyRequestSender - Using open Channel [id: 0x6b95f7fc, L:/127.0.0.1:55157 - R:localhost/127.0.0.1:17427] for POST '/session/17484feb422af55944543dd72e8a1cd6/execute/sync'
20:19:45.405 [AsyncHttpClient-1-17] DEBUG org.asynchttpclient.netty.handler.HttpHandler - 

Request DefaultHttpRequest(decodeResult: success, version: HTTP/1.1)
POST /session/17484feb422af55944543dd72e8a1cd6/execute/sync HTTP/1.1
User-Agent: selenium/4.8.1 (java windows)
Content-Length: 176
Content-Type: application/json; charset=utf-8
host: localhost:17427
accept: */*

Response DefaultHttpResponse(decodeResult: success, version: HTTP/1.1)
HTTP/1.1 200 OK
Content-Length: 22119
Content-Type: application/json; charset=utf-8
cache-control: no-cache

20:19:45.405 [AsyncHttpClient-1-17] DEBUG org.asynchttpclient.netty.channel.ChannelManager - Adding key: http://localhost:17427 for channel [id: 0x6b95f7fc, L:/127.0.0.1:55157 - R:localhost/127.0.0.1:17427]
20:19:45.407 [Forwarding getCurrentUrl on session 17484feb422af55944543dd72e8a1cd6 to remote] DEBUG org.asynchttpclient.netty.request.NettyRequestSender - Using pooled Channel '[id: 0x6b95f7fc, L:/127.0.0.1:55157 - R:localhost/127.0.0.1:17427]' for 'GET' to 'http://localhost:17427/session/17484feb422af55944543dd72e8a1cd6/url'
20:19:45.407 [Forwarding getCurrentUrl on session 17484feb422af55944543dd72e8a1cd6 to remote] DEBUG org.asynchttpclient.netty.request.NettyRequestSender - Using open Channel [id: 0x6b95f7fc, L:/127.0.0.1:55157 - R:localhost/127.0.0.1:17427] for GET '/session/17484feb422af55944543dd72e8a1cd6/url'
20:19:45.411 [AsyncHttpClient-1-17] DEBUG org.asynchttpclient.netty.handler.HttpHandler - 

Request DefaultFullHttpRequest(decodeResult: success, version: HTTP/1.1, content: EmptyByteBufBE)
GET /session/17484feb422af55944543dd72e8a1cd6/url HTTP/1.1
User-Agent: selenium/4.8.1 (java windows)
Cache-Control: no-cache
Content-Type: application/json; charset=utf-8
host: localhost:17427
accept: */*

Response DefaultHttpResponse(decodeResult: success, version: HTTP/1.1)
HTTP/1.1 200 OK
Content-Length: 51
Content-Type: application/json; charset=utf-8
cache-control: no-cache

20:19:45.411 [AsyncHttpClient-1-17] DEBUG org.asynchttpclient.netty.channel.ChannelManager - Adding key: http://localhost:17427 for channel [id: 0x6b95f7fc, L:/127.0.0.1:55157 - R:localhost/127.0.0.1:17427]
20:19:45.420 [Forwarding getPageSource on session 17484feb422af55944543dd72e8a1cd6 to remote] DEBUG org.asynchttpclient.netty.request.NettyRequestSender - Using pooled Channel '[id: 0x6b95f7fc, L:/127.0.0.1:55157 - R:localhost/127.0.0.1:17427]' for 'POST' to 'http://localhost:17427/session/17484feb422af55944543dd72e8a1cd6/execute/sync'
20:19:45.420 [Forwarding getPageSource on session 17484feb422af55944543dd72e8a1cd6 to remote] DEBUG org.asynchttpclient.netty.request.NettyRequestSender - Using open Channel [id: 0x6b95f7fc, L:/127.0.0.1:55157 - R:localhost/127.0.0.1:17427] for POST '/session/17484feb422af55944543dd72e8a1cd6/execute/sync'
20:19:45.426 [AsyncHttpClient-1-17] DEBUG org.asynchttpclient.netty.handler.HttpHandler - 

Request DefaultHttpRequest(decodeResult: success, version: HTTP/1.1)
POST /session/17484feb422af55944543dd72e8a1cd6/execute/sync HTTP/1.1
User-Agent: selenium/4.8.1 (java windows)
Content-Length: 176
Content-Type: application/json; charset=utf-8
host: localhost:17427
accept: */*

Response DefaultHttpResponse(decodeResult: success, version: HTTP/1.1)
HTTP/1.1 200 OK
Content-Length: 22119
Content-Type: application/json; charset=utf-8
cache-control: no-cache

20:19:45.426 [AsyncHttpClient-1-17] DEBUG org.asynchttpclient.netty.channel.ChannelManager - Adding key: http://localhost:17427 for channel [id: 0x6b95f7fc, L:/127.0.0.1:55157 - R:localhost/127.0.0.1:17427]
20:19:45.428 [Forwarding getCurrentUrl on session 17484feb422af55944543dd72e8a1cd6 to remote] DEBUG org.asynchttpclient.netty.request.NettyRequestSender - Using pooled Channel '[id: 0x6b95f7fc, L:/127.0.0.1:55157 - R:localhost/127.0.0.1:17427]' for 'GET' to 'http://localhost:17427/session/17484feb422af55944543dd72e8a1cd6/url'
20:19:45.428 [Forwarding getCurrentUrl on session 17484feb422af55944543dd72e8a1cd6 to remote] DEBUG org.asynchttpclient.netty.request.NettyRequestSender - Using open Channel [id: 0x6b95f7fc, L:/127.0.0.1:55157 - R:localhost/127.0.0.1:17427] for GET '/session/17484feb422af55944543dd72e8a1cd6/url'
20:19:45.433 [AsyncHttpClient-1-17] DEBUG org.asynchttpclient.netty.handler.HttpHandler - 

Request DefaultFullHttpRequest(decodeResult: success, version: HTTP/1.1, content: EmptyByteBufBE)
GET /session/17484feb422af55944543dd72e8a1cd6/url HTTP/1.1
User-Agent: selenium/4.8.1 (java windows)
Cache-Control: no-cache
Content-Type: application/json; charset=utf-8
host: localhost:17427
accept: */*

Response DefaultHttpResponse(decodeResult: success, version: HTTP/1.1)
HTTP/1.1 200 OK
Content-Length: 51
Content-Type: application/json; charset=utf-8
cache-control: no-cache

20:19:45.433 [AsyncHttpClient-1-17] DEBUG org.asynchttpclient.netty.channel.ChannelManager - Adding key: http://localhost:17427 for channel [id: 0x6b95f7fc, L:/127.0.0.1:55157 - R:localhost/127.0.0.1:17427]
20:19:45.437 [main] DEBUG net.thucydides.core.steps.StepInterceptor - STARTING STEP: LoginSteps.validateOnHomePage - validateOnHomePage
20:19:45.440 [Forwarding findElement on session 17484feb422af55944543dd72e8a1cd6 to remote] DEBUG org.asynchttpclient.netty.request.NettyRequestSender - Using pooled Channel '[id: 0x6b95f7fc, L:/127.0.0.1:55157 - R:localhost/127.0.0.1:17427]' for 'POST' to 'http://localhost:17427/session/17484feb422af55944543dd72e8a1cd6/element'
20:19:45.440 [Forwarding findElement on session 17484feb422af55944543dd72e8a1cd6 to remote] DEBUG org.asynchttpclient.netty.request.NettyRequestSender - Using open Channel [id: 0x6b95f7fc, L:/127.0.0.1:55157 - R:localhost/127.0.0.1:17427] for POST '/session/17484feb422af55944543dd72e8a1cd6/element'
20:19:45.530 [AsyncHttpClient-1-17] DEBUG org.asynchttpclient.netty.handler.HttpHandler - 

Request DefaultHttpRequest(decodeResult: success, version: HTTP/1.1)
POST /session/17484feb422af55944543dd72e8a1cd6/element HTTP/1.1
User-Agent: selenium/4.8.1 (java windows)
Content-Length: 54
Content-Type: application/json; charset=utf-8
host: localhost:17427
accept: */*

Response DefaultHttpResponse(decodeResult: success, version: HTTP/1.1)
HTTP/1.1 200 OK
Content-Length: 88
Content-Type: application/json; charset=utf-8
cache-control: no-cache

20:19:45.530 [AsyncHttpClient-1-17] DEBUG org.asynchttpclient.netty.channel.ChannelManager - Adding key: http://localhost:17427 for channel [id: 0x6b95f7fc, L:/127.0.0.1:55157 - R:localhost/127.0.0.1:17427]
20:19:45.532 [Forwarding isElementDisplayed on session 17484feb422af55944543dd72e8a1cd6 to remote] DEBUG org.asynchttpclient.netty.request.NettyRequestSender - Using pooled Channel '[id: 0x6b95f7fc, L:/127.0.0.1:55157 - R:localhost/127.0.0.1:17427]' for 'POST' to 'http://localhost:17427/session/17484feb422af55944543dd72e8a1cd6/execute/sync'
20:19:45.532 [Forwarding isElementDisplayed on session 17484feb422af55944543dd72e8a1cd6 to remote] DEBUG org.asynchttpclient.netty.request.NettyRequestSender - Using open Channel [id: 0x6b95f7fc, L:/127.0.0.1:55157 - R:localhost/127.0.0.1:17427] for POST '/session/17484feb422af55944543dd72e8a1cd6/execute/sync'
20:19:45.546 [AsyncHttpClient-1-17] DEBUG org.asynchttpclient.netty.handler.HttpHandler - 

Request DefaultHttpRequest(decodeResult: success, version: HTTP/1.1)
POST /session/17484feb422af55944543dd72e8a1cd6/execute/sync HTTP/1.1
User-Agent: selenium/4.8.1 (java windows)
Content-Length: 48807
Content-Type: application/json; charset=utf-8
host: localhost:17427
accept: */*

Response DefaultHttpResponse(decodeResult: success, version: HTTP/1.1)
HTTP/1.1 200 OK
Content-Length: 14
Content-Type: application/json; charset=utf-8
cache-control: no-cache

20:19:45.546 [AsyncHttpClient-1-17] DEBUG org.asynchttpclient.netty.channel.ChannelManager - Adding key: http://localhost:17427 for channel [id: 0x6b95f7fc, L:/127.0.0.1:55157 - R:localhost/127.0.0.1:17427]
20:19:45.551 [Forwarding getAlertText on session 17484feb422af55944543dd72e8a1cd6 to remote] DEBUG org.asynchttpclient.netty.request.NettyRequestSender - Using pooled Channel '[id: 0x6b95f7fc, L:/127.0.0.1:55157 - R:localhost/127.0.0.1:17427]' for 'GET' to 'http://localhost:17427/session/17484feb422af55944543dd72e8a1cd6/alert/text'
20:19:45.552 [Forwarding getAlertText on session 17484feb422af55944543dd72e8a1cd6 to remote] DEBUG org.asynchttpclient.netty.request.NettyRequestSender - Using open Channel [id: 0x6b95f7fc, L:/127.0.0.1:55157 - R:localhost/127.0.0.1:17427] for GET '/session/17484feb422af55944543dd72e8a1cd6/alert/text'
20:19:45.554 [AsyncHttpClient-1-17] DEBUG org.asynchttpclient.netty.handler.HttpHandler - 

Request DefaultFullHttpRequest(decodeResult: success, version: HTTP/1.1, content: EmptyByteBufBE)
GET /session/17484feb422af55944543dd72e8a1cd6/alert/text HTTP/1.1
User-Agent: selenium/4.8.1 (java windows)
Cache-Control: no-cache
Content-Type: application/json; charset=utf-8
host: localhost:17427
accept: */*

Response DefaultHttpResponse(decodeResult: success, version: HTTP/1.1)
HTTP/1.1 404 Not Found
Content-Length: 836
Content-Type: application/json; charset=utf-8
cache-control: no-cache

20:19:45.554 [AsyncHttpClient-1-17] DEBUG org.asynchttpclient.netty.channel.ChannelManager - Adding key: http://localhost:17427 for channel [id: 0x6b95f7fc, L:/127.0.0.1:55157 - R:localhost/127.0.0.1:17427]
20:19:45.555 [Forwarding getCurrentUrl on session 17484feb422af55944543dd72e8a1cd6 to remote] DEBUG org.asynchttpclient.netty.request.NettyRequestSender - Using pooled Channel '[id: 0x6b95f7fc, L:/127.0.0.1:55157 - R:localhost/127.0.0.1:17427]' for 'GET' to 'http://localhost:17427/session/17484feb422af55944543dd72e8a1cd6/url'
20:19:45.555 [Forwarding getCurrentUrl on session 17484feb422af55944543dd72e8a1cd6 to remote] DEBUG org.asynchttpclient.netty.request.NettyRequestSender - Using open Channel [id: 0x6b95f7fc, L:/127.0.0.1:55157 - R:localhost/127.0.0.1:17427] for GET '/session/17484feb422af55944543dd72e8a1cd6/url'
20:19:45.562 [AsyncHttpClient-1-17] DEBUG org.asynchttpclient.netty.handler.HttpHandler - 

Request DefaultFullHttpRequest(decodeResult: success, version: HTTP/1.1, content: EmptyByteBufBE)
GET /session/17484feb422af55944543dd72e8a1cd6/url HTTP/1.1
User-Agent: selenium/4.8.1 (java windows)
Cache-Control: no-cache
Content-Type: application/json; charset=utf-8
host: localhost:17427
accept: */*

Response DefaultHttpResponse(decodeResult: success, version: HTTP/1.1)
HTTP/1.1 200 OK
Content-Length: 41
Content-Type: application/json; charset=utf-8
cache-control: no-cache

20:19:45.562 [AsyncHttpClient-1-17] DEBUG org.asynchttpclient.netty.channel.ChannelManager - Adding key: http://localhost:17427 for channel [id: 0x6b95f7fc, L:/127.0.0.1:55157 - R:localhost/127.0.0.1:17427]
20:19:45.563 [Forwarding screenshot on session 17484feb422af55944543dd72e8a1cd6 to remote] DEBUG org.asynchttpclient.netty.request.NettyRequestSender - Using pooled Channel '[id: 0x6b95f7fc, L:/127.0.0.1:55157 - R:localhost/127.0.0.1:17427]' for 'GET' to 'http://localhost:17427/session/17484feb422af55944543dd72e8a1cd6/screenshot'
20:19:45.563 [Forwarding screenshot on session 17484feb422af55944543dd72e8a1cd6 to remote] DEBUG org.asynchttpclient.netty.request.NettyRequestSender - Using open Channel [id: 0x6b95f7fc, L:/127.0.0.1:55157 - R:localhost/127.0.0.1:17427] for GET '/session/17484feb422af55944543dd72e8a1cd6/screenshot'
20:19:46.043 [AsyncHttpClient-1-17] DEBUG org.asynchttpclient.netty.handler.HttpHandler - 

Request DefaultFullHttpRequest(decodeResult: success, version: HTTP/1.1, content: EmptyByteBufBE)
GET /session/17484feb422af55944543dd72e8a1cd6/screenshot HTTP/1.1
User-Agent: selenium/4.8.1 (java windows)
Cache-Control: no-cache
Content-Type: application/json; charset=utf-8
host: localhost:17427
accept: */*

Response DefaultHttpResponse(decodeResult: success, version: HTTP/1.1)
HTTP/1.1 200 OK
Content-Length: 26312
Content-Type: application/json; charset=utf-8
cache-control: no-cache

20:19:46.043 [AsyncHttpClient-1-17] DEBUG org.asynchttpclient.netty.channel.ChannelManager - Adding key: http://localhost:17427 for channel [id: 0x6b95f7fc, L:/127.0.0.1:55157 - R:localhost/127.0.0.1:17427]
20:19:46.045 [main] DEBUG net.serenitybdd.core.photography.Darkroom - Send negative for processing for target\site\serenity\831f8e8cc105c8c3067cf97daa17bc159bba93fb68192584ceec445109eed47d.png
20:19:46.045 [main] DEBUG net.thucydides.core.steps.StepInterceptor - STEP DONE: validateOnHomePage
  &amp#27;[32mThen &amp#27;[0m&amp#27;[32mI should be redirected to my alta-shop home page&amp#27;[0m &amp#27;[90m# starter.stepdefinitions.LoginSteps.validateOnHomePage()&amp#27;[0m
20:19:46.045 [Darkroom Processing Line] DEBUG net.serenitybdd.core.photography.DarkroomProcessingLine - Processing screenshot image in /var/screenshots/screenshot-17088275995845165871
20:19:46.045 [Darkroom Processing Line] DEBUG net.serenitybdd.core.photography.DarkroomProcessingLine - Saving screenshot to target\site\serenity\831f8e8cc105c8c3067cf97daa17bc159bba93fb68192584ceec445109eed47d.png
20:19:46.049 [main] INFO  - 
  _____   ___   ___   _____     ___     _     ___   ___   ___   ___  
 |_   _| | __| / __| |_   _|   | _ \   /_\   / __| / __| | __| |   \ 
   | |   | _|  \__ \   | |     |  _/  / _ \  \__ \ \__ \ | _|  | |) |
   |_|   |___| |___/   |_|     |_|   /_/ \_\ |___/ |___/ |___| |___/ 

Login with correct credentials
----------------------------------------------------------------------
20:19:46.050 [AsyncHttpClient-1-19] DEBUG org.asynchttpclient.netty.handler.WebSocketHandler - Channel Closed: [id: 0x4fbf0037, L:/127.0.0.1:55166 ! R:localhost/127.0.0.1:55159] with attribute NettyResponseFuture{currentRetry=0,
	isDone=1,
	isCancelled=0,
	asyncHandler=org.asynchttpclient.ws.WebSocketUpgradeHandler@16f80123,
	nettyRequest=org.asynchttpclient.netty.request.NettyRequest@53fa8d98,
	future=java.util.concurrent.CompletableFuture@4c372746[Completed normally],
	uri=ws://localhost:55159/devtools/browser/a1c5a9fb-7c46-4151-8119-22ae7e74256f,
	keepAlive=true,
	redirectCount=0,
	timeoutsHolder=null,
	inAuth=0,
	touch=1683379183462}
20:19:46.050 [AsyncHttpClient-1-19] DEBUG org.asynchttpclient.netty.channel.ChannelManager - Closing Channel [id: 0x4fbf0037, L:/127.0.0.1:55166 ! R:localhost/127.0.0.1:55159] 
20:19:46.050 [Driver Command Executor] DEBUG org.asynchttpclient.netty.request.NettyRequestSender - Using pooled Channel '[id: 0x6b95f7fc, L:/127.0.0.1:55157 - R:localhost/127.0.0.1:17427]' for 'DELETE' to 'http://localhost:17427/session/17484feb422af55944543dd72e8a1cd6'
20:19:46.050 [Driver Command Executor] DEBUG org.asynchttpclient.netty.request.NettyRequestSender - Using open Channel [id: 0x6b95f7fc, L:/127.0.0.1:55157 - R:localhost/127.0.0.1:17427] for DELETE '/session/17484feb422af55944543dd72e8a1cd6'
20:19:46.058 [AsyncHttpClient-1-1] DEBUG org.asynchttpclient.netty.channel.DefaultChannelPool - Entry count for : http://localhost:55159 : 1
20:19:46.069 [AsyncHttpClient-1-18] DEBUG org.asynchttpclient.netty.handler.HttpHandler - Unexpected I/O exception on channel [id: 0xfab7d43e, L:/127.0.0.1:55165 - R:localhost/127.0.0.1:55159]
java.net.SocketException: Connection reset
	at java.base/sun.nio.ch.SocketChannelImpl.throwConnectionReset(SocketChannelImpl.java:367)
	at java.base/sun.nio.ch.SocketChannelImpl.read(SocketChannelImpl.java:398)
	at io.netty.buffer.PooledByteBuf.setBytes(PooledByteBuf.java:259)
	at io.netty.buffer.AbstractByteBuf.writeBytes(AbstractByteBuf.java:1132)
	at io.netty.channel.socket.nio.NioSocketChannel.doReadBytes(NioSocketChannel.java:357)
	at io.netty.channel.nio.AbstractNioByteChannel$NioByteUnsafe.read(AbstractNioByteChannel.java:151)
	at io.netty.channel.nio.NioEventLoop.processSelectedKey(NioEventLoop.java:788)
	at io.netty.channel.nio.NioEventLoop.processSelectedKeysOptimized(NioEventLoop.java:724)
	at io.netty.channel.nio.NioEventLoop.processSelectedKeys(NioEventLoop.java:650)
	at io.netty.channel.nio.NioEventLoop.run(NioEventLoop.java:562)
	at io.netty.util.concurrent.SingleThreadEventExecutor$4.run(SingleThreadEventExecutor.java:997)
	at io.netty.util.internal.ThreadExecutorMap$2.run(ThreadExecutorMap.java:74)
	at io.netty.util.concurrent.FastThreadLocalRunnable.run(FastThreadLocalRunnable.java:30)
	at java.base/java.lang.Thread.run(Thread.java:832)
20:19:46.069 [AsyncHttpClient-1-18] DEBUG org.asynchttpclient.netty.channel.ChannelManager - Closing Channel [id: 0xfab7d43e, L:/127.0.0.1:55165 - R:localhost/127.0.0.1:55159] 
20:19:46.069 [AsyncHttpClient-1-18] DEBUG org.asynchttpclient.netty.handler.HttpHandler - Channel Closed: [id: 0xfab7d43e, L:/127.0.0.1:55165 ! R:localhost/127.0.0.1:55159] with attribute DISCARD
20:19:46.078 [AsyncHttpClient-1-17] DEBUG org.asynchttpclient.netty.handler.HttpHandler - 

Request DefaultFullHttpRequest(decodeResult: success, version: HTTP/1.1, content: EmptyByteBufBE)
DELETE /session/17484feb422af55944543dd72e8a1cd6 HTTP/1.1
User-Agent: selenium/4.8.1 (java windows)
Content-Type: application/json; charset=utf-8
host: localhost:17427
accept: */*

Response DefaultHttpResponse(decodeResult: success, version: HTTP/1.1)
HTTP/1.1 200 OK
Content-Length: 14
Content-Type: application/json; charset=utf-8
cache-control: no-cache

20:19:46.078 [AsyncHttpClient-1-17] DEBUG org.asynchttpclient.netty.channel.ChannelManager - Adding key: http://localhost:17427 for channel [id: 0x6b95f7fc, L:/127.0.0.1:55157 - R:localhost/127.0.0.1:17427]
20:19:46.184 [AsyncHttpClient-1-17] DEBUG org.asynchttpclient.netty.handler.HttpHandler - Channel Closed: [id: 0x6b95f7fc, L:/127.0.0.1:55157 ! R:localhost/127.0.0.1:17427] with attribute DISCARD
]]></system-out>
    <system-err><![CDATA[Starting ChromeDriver 111.0.5563.64 (c710e93d5b63b7095afe8c2c17df34408078439d-refs/branch-heads/5563@{#995}) on port 17427
Only local connections are allowed.
Please see https://chromedriver.chromium.org/security-considerations for suggestions on keeping ChromeDriver safe.
ChromeDriver was started successfully.
[1683379183.440][WARNING]: This version of ChromeDriver has not been tested with Chrome version 112.
May 06, 2023 8:19:43 PM org.openqa.selenium.devtools.CdpVersionFinder findNearestMatch
WARNING: Unable to find an exact match for CDP version 112, so returning the closest version found: 110
]]></system-err>
  </testcase>
  <testcase name="Login with wrong password" classname="Login to Alta-shop Account" time="3.864">
    <system-out><![CDATA[
Scenario: Login with wrong password      &amp#27;[90m# src/test/resources/features/2. Login.feature:14&amp#27;[0m
20:19:46.703 [main] DEBUG io.cucumber.core.plugin.SerenityReporter - Running feature from file:///C:/Users/WINDOWS%2010/Documents/GitHub/MiniProject_QE/Web/code/minpro/src/test/resources/features/2.%20Login.feature
20:19:46.706 [main] INFO  - 
  _____   ___   ___   _____     ___   _____     _     ___   _____   ___   ___  
 |_   _| | __| / __| |_   _|   / __| |_   _|   /_\   | _ \ |_   _| | __| |   \ 
   | |   | _|  \__ \   | |     \__ \   | |    / _ \  |   /   | |   | _|  | |) |
   |_|   |___| |___/   |_|     |___/   |_|   /_/ \_\ |_|_\   |_|   |___| |___/ 

Login with wrong password(login-to-alta-shop-account;login-with-wrong-password)
--------------------------------------------------------------------------------
20:19:46.727 [main] DEBUG net.thucydides.core.steps.StepInterceptor - STARTING STEP: LoginSteps.onTheLoginPage - openPage
20:19:46.768 [main] INFO net.serenitybdd.core.webdriver.driverproviders.ChromeDriverProvider - Starting Chrome driver instance with capabilities:
20:19:46.768 [main] INFO net.serenitybdd.core.webdriver.driverproviders.ChromeDriverProvider - Capabilities {acceptInsecureCerts: false, browserName: chrome, goog:chromeOptions: {args: [remote-allow-origins=*], extensions: []}}
20:19:46.844 [AsyncHttpClient-1-20] DEBUG org.asynchttpclient.netty.channel.NettyConnectListener - Using new Channel '[id: 0xd4936677, L:/127.0.0.1:55185 - R:localhost/127.0.0.1:10639]' for 'POST' to '/session'
20:19:47.152 [AsyncHttpClient-1-1] DEBUG org.asynchttpclient.netty.channel.DefaultChannelPool - Entry count for : http://localhost:17427 : 1
20:19:47.152 [AsyncHttpClient-1-1] DEBUG org.asynchttpclient.netty.channel.DefaultChannelPool - Entry count for : http://localhost:55159 : 1
20:19:47.152 [AsyncHttpClient-1-1] DEBUG org.asynchttpclient.netty.channel.DefaultChannelPool - Adding Candidate expired Channel [id: 0x6b95f7fc, L:/127.0.0.1:55157 ! R:localhost/127.0.0.1:17427] isIdleTimeoutExpired=false isRemotelyClosed=true isTtlExpired=false
20:19:47.152 [AsyncHttpClient-1-1] DEBUG org.asynchttpclient.netty.channel.DefaultChannelPool - Closing Idle Channel [id: 0x6b95f7fc, L:/127.0.0.1:55157 ! R:localhost/127.0.0.1:17427]
20:19:47.152 [AsyncHttpClient-1-1] DEBUG org.asynchttpclient.netty.channel.DefaultChannelPool - Adding Candidate expired Channel [id: 0xfab7d43e, L:/127.0.0.1:55165 ! R:localhost/127.0.0.1:55159] isIdleTimeoutExpired=false isRemotelyClosed=true isTtlExpired=false
20:19:47.152 [AsyncHttpClient-1-1] DEBUG org.asynchttpclient.netty.channel.DefaultChannelPool - Closing Idle Channel [id: 0xfab7d43e, L:/127.0.0.1:55165 ! R:localhost/127.0.0.1:55159]
20:19:47.152 [AsyncHttpClient-1-1] DEBUG org.asynchttpclient.netty.channel.DefaultChannelPool - Closed 2 connections out of 2 in 0 ms
20:19:47.579 [AsyncHttpClient-1-20] DEBUG org.asynchttpclient.netty.handler.HttpHandler - 

Request DefaultHttpRequest(decodeResult: success, version: HTTP/1.1)
POST /session HTTP/1.1
User-Agent: selenium/4.8.1 (java windows)
Content-Length: 507
Content-Type: application/json; charset=utf-8
host: localhost:10639
accept: */*

Response DefaultHttpResponse(decodeResult: success, version: HTTP/1.1)
HTTP/1.1 200 OK
Content-Length: 863
Content-Type: application/json; charset=utf-8
cache-control: no-cache

20:19:47.579 [AsyncHttpClient-1-20] DEBUG org.asynchttpclient.netty.channel.ChannelManager - Adding key: http://localhost:10639 for channel [id: 0xd4936677, L:/127.0.0.1:55185 - R:localhost/127.0.0.1:10639]
20:19:47.583 [AsyncHttpClient-1-21] DEBUG org.asynchttpclient.netty.channel.NettyConnectListener - Using new Channel '[id: 0x607a7bcf, L:/127.0.0.1:55195 - R:localhost/127.0.0.1:55188]' for 'GET' to '/json/version'
20:19:47.585 [AsyncHttpClient-1-21] DEBUG org.asynchttpclient.netty.handler.HttpHandler - 

Request DefaultFullHttpRequest(decodeResult: success, version: HTTP/1.1, content: EmptyByteBufBE)
GET /json/version HTTP/1.1
User-Agent: selenium/4.8.1 (java windows)
host: localhost:55188
accept: */*

Response DefaultHttpResponse(decodeResult: success, version: HTTP/1.1)
HTTP/1.1 200 OK
Content-Security-Policy: frame-ancestors 'none'
Content-Length: 424
Content-Type: application/json; charset=UTF-8

20:19:47.585 [AsyncHttpClient-1-21] DEBUG org.asynchttpclient.netty.channel.ChannelManager - Adding key: http://localhost:55188 for channel [id: 0x607a7bcf, L:/127.0.0.1:55195 - R:localhost/127.0.0.1:55188]
20:19:47.587 [AsyncHttpClient-1-22] DEBUG org.asynchttpclient.netty.channel.NettyConnectListener - Using new Channel '[id: 0x17e75888, L:/127.0.0.1:55196 - R:localhost/127.0.0.1:55188]' for 'GET' to '/devtools/browser/a00cd1fb-9a1b-4c3e-b17e-97f4f63652a4'
20:19:47.588 [AsyncHttpClient-1-22] DEBUG org.asynchttpclient.netty.handler.WebSocketHandler - 

Request DefaultFullHttpRequest(decodeResult: success, version: HTTP/1.1, content: EmptyByteBufBE)
GET /devtools/browser/a00cd1fb-9a1b-4c3e-b17e-97f4f63652a4 HTTP/1.1
upgrade: websocket
connection: upgrade
sec-websocket-key: mM9krecI+j7y8J+x++FNxw==
sec-websocket-version: 13
origin: http://localhost:55188
host: localhost:55188
accept: */*
user-agent: AHC/2.1

Response DefaultHttpResponse(decodeResult: success, version: HTTP/1.1)
HTTP/1.1 101 WebSocket Protocol Handshake
Upgrade: WebSocket
Connection: Upgrade
Sec-WebSocket-Accept: CWU8dgIeprYPaUysPoFRbOujAVI=

20:19:47.591 [Forwarding get on session 132dd9f114cb605e5023f90b6cc710df to remote] DEBUG org.asynchttpclient.netty.request.NettyRequestSender - Using pooled Channel '[id: 0xd4936677, L:/127.0.0.1:55185 - R:localhost/127.0.0.1:10639]' for 'POST' to 'http://localhost:10639/session/132dd9f114cb605e5023f90b6cc710df/url'
20:19:47.591 [Forwarding get on session 132dd9f114cb605e5023f90b6cc710df to remote] DEBUG org.asynchttpclient.netty.request.NettyRequestSender - Using open Channel [id: 0xd4936677, L:/127.0.0.1:55185 - R:localhost/127.0.0.1:10639] for POST '/session/132dd9f114cb605e5023f90b6cc710df/url'
20:19:48.255 [AsyncHttpClient-1-1] DEBUG org.asynchttpclient.netty.channel.DefaultChannelPool - Entry count for : http://localhost:55188 : 1
20:19:48.665 [AsyncHttpClient-1-20] DEBUG org.asynchttpclient.netty.handler.HttpHandler - 

Request DefaultHttpRequest(decodeResult: success, version: HTTP/1.1)
POST /session/132dd9f114cb605e5023f90b6cc710df/url HTTP/1.1
User-Agent: selenium/4.8.1 (java windows)
Content-Length: 74
Content-Type: application/json; charset=utf-8
host: localhost:10639
accept: */*

Response DefaultHttpResponse(decodeResult: success, version: HTTP/1.1)
HTTP/1.1 200 OK
Content-Length: 14
Content-Type: application/json; charset=utf-8
cache-control: no-cache

20:19:48.665 [AsyncHttpClient-1-20] DEBUG org.asynchttpclient.netty.channel.ChannelManager - Adding key: http://localhost:10639 for channel [id: 0xd4936677, L:/127.0.0.1:55185 - R:localhost/127.0.0.1:10639]
20:19:48.666 [Forwarding setTimeout on session 132dd9f114cb605e5023f90b6cc710df to remote] DEBUG org.asynchttpclient.netty.request.NettyRequestSender - Using pooled Channel '[id: 0xd4936677, L:/127.0.0.1:55185 - R:localhost/127.0.0.1:10639]' for 'POST' to 'http://localhost:10639/session/132dd9f114cb605e5023f90b6cc710df/timeouts'
20:19:48.666 [Forwarding setTimeout on session 132dd9f114cb605e5023f90b6cc710df to remote] DEBUG org.asynchttpclient.netty.request.NettyRequestSender - Using open Channel [id: 0xd4936677, L:/127.0.0.1:55185 - R:localhost/127.0.0.1:10639] for POST '/session/132dd9f114cb605e5023f90b6cc710df/timeouts'
20:19:48.667 [AsyncHttpClient-1-20] DEBUG org.asynchttpclient.netty.handler.HttpHandler - 

Request DefaultHttpRequest(decodeResult: success, version: HTTP/1.1)
POST /session/132dd9f114cb605e5023f90b6cc710df/timeouts HTTP/1.1
User-Agent: selenium/4.8.1 (java windows)
Content-Length: 22
Content-Type: application/json; charset=utf-8
host: localhost:10639
accept: */*

Response DefaultHttpResponse(decodeResult: success, version: HTTP/1.1)
HTTP/1.1 200 OK
Content-Length: 14
Content-Type: application/json; charset=utf-8
cache-control: no-cache

20:19:48.667 [AsyncHttpClient-1-20] DEBUG org.asynchttpclient.netty.channel.ChannelManager - Adding key: http://localhost:10639 for channel [id: 0xd4936677, L:/127.0.0.1:55185 - R:localhost/127.0.0.1:10639]
20:19:48.671 [Forwarding getAlertText on session 132dd9f114cb605e5023f90b6cc710df to remote] DEBUG org.asynchttpclient.netty.request.NettyRequestSender - Using pooled Channel '[id: 0xd4936677, L:/127.0.0.1:55185 - R:localhost/127.0.0.1:10639]' for 'GET' to 'http://localhost:10639/session/132dd9f114cb605e5023f90b6cc710df/alert/text'
20:19:48.671 [Forwarding getAlertText on session 132dd9f114cb605e5023f90b6cc710df to remote] DEBUG org.asynchttpclient.netty.request.NettyRequestSender - Using open Channel [id: 0xd4936677, L:/127.0.0.1:55185 - R:localhost/127.0.0.1:10639] for GET '/session/132dd9f114cb605e5023f90b6cc710df/alert/text'
20:19:48.672 [AsyncHttpClient-1-20] DEBUG org.asynchttpclient.netty.handler.HttpHandler - 

Request DefaultFullHttpRequest(decodeResult: success, version: HTTP/1.1, content: EmptyByteBufBE)
GET /session/132dd9f114cb605e5023f90b6cc710df/alert/text HTTP/1.1
User-Agent: selenium/4.8.1 (java windows)
Cache-Control: no-cache
Content-Type: application/json; charset=utf-8
host: localhost:10639
accept: */*

Response DefaultHttpResponse(decodeResult: success, version: HTTP/1.1)
HTTP/1.1 404 Not Found
Content-Length: 836
Content-Type: application/json; charset=utf-8
cache-control: no-cache

20:19:48.672 [AsyncHttpClient-1-20] DEBUG org.asynchttpclient.netty.channel.ChannelManager - Adding key: http://localhost:10639 for channel [id: 0xd4936677, L:/127.0.0.1:55185 - R:localhost/127.0.0.1:10639]
20:19:48.673 [Forwarding getCurrentUrl on session 132dd9f114cb605e5023f90b6cc710df to remote] DEBUG org.asynchttpclient.netty.request.NettyRequestSender - Using pooled Channel '[id: 0xd4936677, L:/127.0.0.1:55185 - R:localhost/127.0.0.1:10639]' for 'GET' to 'http://localhost:10639/session/132dd9f114cb605e5023f90b6cc710df/url'
20:19:48.673 [Forwarding getCurrentUrl on session 132dd9f114cb605e5023f90b6cc710df to remote] DEBUG org.asynchttpclient.netty.request.NettyRequestSender - Using open Channel [id: 0xd4936677, L:/127.0.0.1:55185 - R:localhost/127.0.0.1:10639] for GET '/session/132dd9f114cb605e5023f90b6cc710df/url'
20:19:48.676 [AsyncHttpClient-1-20] DEBUG org.asynchttpclient.netty.handler.HttpHandler - 

Request DefaultFullHttpRequest(decodeResult: success, version: HTTP/1.1, content: EmptyByteBufBE)
GET /session/132dd9f114cb605e5023f90b6cc710df/url HTTP/1.1
User-Agent: selenium/4.8.1 (java windows)
Cache-Control: no-cache
Content-Type: application/json; charset=utf-8
host: localhost:10639
accept: */*

Response DefaultHttpResponse(decodeResult: success, version: HTTP/1.1)
HTTP/1.1 200 OK
Content-Length: 51
Content-Type: application/json; charset=utf-8
cache-control: no-cache

20:19:48.676 [AsyncHttpClient-1-20] DEBUG org.asynchttpclient.netty.channel.ChannelManager - Adding key: http://localhost:10639 for channel [id: 0xd4936677, L:/127.0.0.1:55185 - R:localhost/127.0.0.1:10639]
20:19:48.677 [Forwarding screenshot on session 132dd9f114cb605e5023f90b6cc710df to remote] DEBUG org.asynchttpclient.netty.request.NettyRequestSender - Using pooled Channel '[id: 0xd4936677, L:/127.0.0.1:55185 - R:localhost/127.0.0.1:10639]' for 'GET' to 'http://localhost:10639/session/132dd9f114cb605e5023f90b6cc710df/screenshot'
20:19:48.677 [Forwarding screenshot on session 132dd9f114cb605e5023f90b6cc710df to remote] DEBUG org.asynchttpclient.netty.request.NettyRequestSender - Using open Channel [id: 0xd4936677, L:/127.0.0.1:55185 - R:localhost/127.0.0.1:10639] for GET '/session/132dd9f114cb605e5023f90b6cc710df/screenshot'
20:19:48.745 [AsyncHttpClient-1-20] DEBUG org.asynchttpclient.netty.handler.HttpHandler - 

Request DefaultFullHttpRequest(decodeResult: success, version: HTTP/1.1, content: EmptyByteBufBE)
GET /session/132dd9f114cb605e5023f90b6cc710df/screenshot HTTP/1.1
User-Agent: selenium/4.8.1 (java windows)
Cache-Control: no-cache
Content-Type: application/json; charset=utf-8
host: localhost:10639
accept: */*

Response DefaultHttpResponse(decodeResult: success, version: HTTP/1.1)
HTTP/1.1 200 OK
Content-Length: 25208
Content-Type: application/json; charset=utf-8
cache-control: no-cache

20:19:48.746 [AsyncHttpClient-1-20] DEBUG org.asynchttpclient.netty.channel.ChannelManager - Adding key: http://localhost:10639 for channel [id: 0xd4936677, L:/127.0.0.1:55185 - R:localhost/127.0.0.1:10639]
20:19:48.746 [main] DEBUG net.serenitybdd.core.photography.Darkroom - Send negative for processing for target\site\serenity\edb14d4aab401efa0e4fb99861e6ffcafebc86a67b69f7828890b9910ed2ddbd.png
20:19:48.747 [main] DEBUG net.thucydides.core.steps.StepInterceptor - STEP DONE: openPage
  &amp#27;[32mGiven &amp#27;[0m&amp#27;[32mI am on the alta-shop login page&amp#27;[0m &amp#27;[90m# starter.stepdefinitions.LoginSteps.onTheLoginPage()&amp#27;[0m
20:19:48.752 [Forwarding getPageSource on session 132dd9f114cb605e5023f90b6cc710df to remote] DEBUG org.asynchttpclient.netty.request.NettyRequestSender - Using pooled Channel '[id: 0xd4936677, L:/127.0.0.1:55185 - R:localhost/127.0.0.1:10639]' for 'POST' to 'http://localhost:10639/session/132dd9f114cb605e5023f90b6cc710df/execute/sync'
20:19:48.752 [Forwarding getPageSource on session 132dd9f114cb605e5023f90b6cc710df to remote] DEBUG org.asynchttpclient.netty.request.NettyRequestSender - Using open Channel [id: 0xd4936677, L:/127.0.0.1:55185 - R:localhost/127.0.0.1:10639] for POST '/session/132dd9f114cb605e5023f90b6cc710df/execute/sync'
20:19:48.757 [AsyncHttpClient-1-20] DEBUG org.asynchttpclient.netty.handler.HttpHandler - 

Request DefaultHttpRequest(decodeResult: success, version: HTTP/1.1)
POST /session/132dd9f114cb605e5023f90b6cc710df/execute/sync HTTP/1.1
User-Agent: selenium/4.8.1 (java windows)
Content-Length: 176
Content-Type: application/json; charset=utf-8
host: localhost:10639
accept: */*

Response DefaultHttpResponse(decodeResult: success, version: HTTP/1.1)
HTTP/1.1 200 OK
Content-Length: 21659
Content-Type: application/json; charset=utf-8
cache-control: no-cache

20:19:48.757 [AsyncHttpClient-1-20] DEBUG org.asynchttpclient.netty.channel.ChannelManager - Adding key: http://localhost:10639 for channel [id: 0xd4936677, L:/127.0.0.1:55185 - R:localhost/127.0.0.1:10639]
20:19:48.759 [Forwarding getCurrentUrl on session 132dd9f114cb605e5023f90b6cc710df to remote] DEBUG org.asynchttpclient.netty.request.NettyRequestSender - Using pooled Channel '[id: 0xd4936677, L:/127.0.0.1:55185 - R:localhost/127.0.0.1:10639]' for 'GET' to 'http://localhost:10639/session/132dd9f114cb605e5023f90b6cc710df/url'
20:19:48.759 [Forwarding getCurrentUrl on session 132dd9f114cb605e5023f90b6cc710df to remote] DEBUG org.asynchttpclient.netty.request.NettyRequestSender - Using open Channel [id: 0xd4936677, L:/127.0.0.1:55185 - R:localhost/127.0.0.1:10639] for GET '/session/132dd9f114cb605e5023f90b6cc710df/url'
20:19:48.761 [AsyncHttpClient-1-20] DEBUG org.asynchttpclient.netty.handler.HttpHandler - 

Request DefaultFullHttpRequest(decodeResult: success, version: HTTP/1.1, content: EmptyByteBufBE)
GET /session/132dd9f114cb605e5023f90b6cc710df/url HTTP/1.1
User-Agent: selenium/4.8.1 (java windows)
Cache-Control: no-cache
Content-Type: application/json; charset=utf-8
host: localhost:10639
accept: */*

Response DefaultHttpResponse(decodeResult: success, version: HTTP/1.1)
HTTP/1.1 200 OK
Content-Length: 51
Content-Type: application/json; charset=utf-8
cache-control: no-cache

20:19:48.761 [AsyncHttpClient-1-20] DEBUG org.asynchttpclient.netty.channel.ChannelManager - Adding key: http://localhost:10639 for channel [id: 0xd4936677, L:/127.0.0.1:55185 - R:localhost/127.0.0.1:10639]
20:19:48.768 [Forwarding getPageSource on session 132dd9f114cb605e5023f90b6cc710df to remote] DEBUG org.asynchttpclient.netty.request.NettyRequestSender - Using pooled Channel '[id: 0xd4936677, L:/127.0.0.1:55185 - R:localhost/127.0.0.1:10639]' for 'POST' to 'http://localhost:10639/session/132dd9f114cb605e5023f90b6cc710df/execute/sync'
20:19:48.768 [Forwarding getPageSource on session 132dd9f114cb605e5023f90b6cc710df to remote] DEBUG org.asynchttpclient.netty.request.NettyRequestSender - Using open Channel [id: 0xd4936677, L:/127.0.0.1:55185 - R:localhost/127.0.0.1:10639] for POST '/session/132dd9f114cb605e5023f90b6cc710df/execute/sync'
20:19:48.771 [AsyncHttpClient-1-20] DEBUG org.asynchttpclient.netty.handler.HttpHandler - 

Request DefaultHttpRequest(decodeResult: success, version: HTTP/1.1)
POST /session/132dd9f114cb605e5023f90b6cc710df/execute/sync HTTP/1.1
User-Agent: selenium/4.8.1 (java windows)
Content-Length: 176
Content-Type: application/json; charset=utf-8
host: localhost:10639
accept: */*

Response DefaultHttpResponse(decodeResult: success, version: HTTP/1.1)
HTTP/1.1 200 OK
Content-Length: 21659
Content-Type: application/json; charset=utf-8
cache-control: no-cache

20:19:48.771 [AsyncHttpClient-1-20] DEBUG org.asynchttpclient.netty.channel.ChannelManager - Adding key: http://localhost:10639 for channel [id: 0xd4936677, L:/127.0.0.1:55185 - R:localhost/127.0.0.1:10639]
20:19:48.772 [Forwarding getCurrentUrl on session 132dd9f114cb605e5023f90b6cc710df to remote] DEBUG org.asynchttpclient.netty.request.NettyRequestSender - Using pooled Channel '[id: 0xd4936677, L:/127.0.0.1:55185 - R:localhost/127.0.0.1:10639]' for 'GET' to 'http://localhost:10639/session/132dd9f114cb605e5023f90b6cc710df/url'
20:19:48.773 [Forwarding getCurrentUrl on session 132dd9f114cb605e5023f90b6cc710df to remote] DEBUG org.asynchttpclient.netty.request.NettyRequestSender - Using open Channel [id: 0xd4936677, L:/127.0.0.1:55185 - R:localhost/127.0.0.1:10639] for GET '/session/132dd9f114cb605e5023f90b6cc710df/url'
20:19:48.776 [AsyncHttpClient-1-20] DEBUG org.asynchttpclient.netty.handler.HttpHandler - 

Request DefaultFullHttpRequest(decodeResult: success, version: HTTP/1.1, content: EmptyByteBufBE)
GET /session/132dd9f114cb605e5023f90b6cc710df/url HTTP/1.1
User-Agent: selenium/4.8.1 (java windows)
Cache-Control: no-cache
Content-Type: application/json; charset=utf-8
host: localhost:10639
accept: */*

Response DefaultHttpResponse(decodeResult: success, version: HTTP/1.1)
HTTP/1.1 200 OK
Content-Length: 51
Content-Type: application/json; charset=utf-8
cache-control: no-cache

20:19:48.776 [AsyncHttpClient-1-20] DEBUG org.asynchttpclient.netty.channel.ChannelManager - Adding key: http://localhost:10639 for channel [id: 0xd4936677, L:/127.0.0.1:55185 - R:localhost/127.0.0.1:10639]
20:19:48.778 [main] DEBUG net.thucydides.core.steps.StepInterceptor - STARTING STEP: LoginSteps.inputEmail - inputEmail
20:19:48.780 [Forwarding findElement on session 132dd9f114cb605e5023f90b6cc710df to remote] DEBUG org.asynchttpclient.netty.request.NettyRequestSender - Using pooled Channel '[id: 0xd4936677, L:/127.0.0.1:55185 - R:localhost/127.0.0.1:10639]' for 'POST' to 'http://localhost:10639/session/132dd9f114cb605e5023f90b6cc710df/element'
20:19:48.780 [Forwarding findElement on session 132dd9f114cb605e5023f90b6cc710df to remote] DEBUG org.asynchttpclient.netty.request.NettyRequestSender - Using open Channel [id: 0xd4936677, L:/127.0.0.1:55185 - R:localhost/127.0.0.1:10639] for POST '/session/132dd9f114cb605e5023f90b6cc710df/element'
20:19:48.787 [AsyncHttpClient-1-20] DEBUG org.asynchttpclient.netty.handler.HttpHandler - 

Request DefaultHttpRequest(decodeResult: success, version: HTTP/1.1)
POST /session/132dd9f114cb605e5023f90b6cc710df/element HTTP/1.1
User-Agent: selenium/4.8.1 (java windows)
Content-Length: 55
Content-Type: application/json; charset=utf-8
host: localhost:10639
accept: */*

Response DefaultHttpResponse(decodeResult: success, version: HTTP/1.1)
HTTP/1.1 200 OK
Content-Length: 88
Content-Type: application/json; charset=utf-8
cache-control: no-cache

20:19:48.787 [AsyncHttpClient-1-20] DEBUG org.asynchttpclient.netty.channel.ChannelManager - Adding key: http://localhost:10639 for channel [id: 0xd4936677, L:/127.0.0.1:55185 - R:localhost/127.0.0.1:10639]
20:19:48.788 [Forwarding clearElement on session 132dd9f114cb605e5023f90b6cc710df to remote] DEBUG org.asynchttpclient.netty.request.NettyRequestSender - Using pooled Channel '[id: 0xd4936677, L:/127.0.0.1:55185 - R:localhost/127.0.0.1:10639]' for 'POST' to 'http://localhost:10639/session/132dd9f114cb605e5023f90b6cc710df/element/08522236-ca9c-4272-9f83-8ec07cf863c2/clear'
20:19:48.788 [Forwarding clearElement on session 132dd9f114cb605e5023f90b6cc710df to remote] DEBUG org.asynchttpclient.netty.request.NettyRequestSender - Using open Channel [id: 0xd4936677, L:/127.0.0.1:55185 - R:localhost/127.0.0.1:10639] for POST '/session/132dd9f114cb605e5023f90b6cc710df/element/08522236-ca9c-4272-9f83-8ec07cf863c2/clear'
20:19:48.809 [AsyncHttpClient-1-20] DEBUG org.asynchttpclient.netty.handler.HttpHandler - 

Request DefaultHttpRequest(decodeResult: success, version: HTTP/1.1)
POST /session/132dd9f114cb605e5023f90b6cc710df/element/08522236-ca9c-4272-9f83-8ec07cf863c2/clear HTTP/1.1
User-Agent: selenium/4.8.1 (java windows)
Content-Length: 50
Content-Type: application/json; charset=utf-8
host: localhost:10639
accept: */*

Response DefaultHttpResponse(decodeResult: success, version: HTTP/1.1)
HTTP/1.1 200 OK
Content-Length: 14
Content-Type: application/json; charset=utf-8
cache-control: no-cache

20:19:48.809 [AsyncHttpClient-1-20] DEBUG org.asynchttpclient.netty.channel.ChannelManager - Adding key: http://localhost:10639 for channel [id: 0xd4936677, L:/127.0.0.1:55185 - R:localhost/127.0.0.1:10639]
20:19:48.810 [Forwarding sendKeysToElement on session 132dd9f114cb605e5023f90b6cc710df to remote] DEBUG org.asynchttpclient.netty.request.NettyRequestSender - Using pooled Channel '[id: 0xd4936677, L:/127.0.0.1:55185 - R:localhost/127.0.0.1:10639]' for 'POST' to 'http://localhost:10639/session/132dd9f114cb605e5023f90b6cc710df/element/08522236-ca9c-4272-9f83-8ec07cf863c2/value'
20:19:48.810 [Forwarding sendKeysToElement on session 132dd9f114cb605e5023f90b6cc710df to remote] DEBUG org.asynchttpclient.netty.request.NettyRequestSender - Using open Channel [id: 0xd4936677, L:/127.0.0.1:55185 - R:localhost/127.0.0.1:10639] for POST '/session/132dd9f114cb605e5023f90b6cc710df/element/08522236-ca9c-4272-9f83-8ec07cf863c2/value'
20:19:48.909 [AsyncHttpClient-1-20] DEBUG org.asynchttpclient.netty.handler.HttpHandler - 

Request DefaultHttpRequest(decodeResult: success, version: HTTP/1.1)
POST /session/132dd9f114cb605e5023f90b6cc710df/element/08522236-ca9c-4272-9f83-8ec07cf863c2/value HTTP/1.1
User-Agent: selenium/4.8.1 (java windows)
Content-Length: 241
Content-Type: application/json; charset=utf-8
host: localhost:10639
accept: */*

Response DefaultHttpResponse(decodeResult: success, version: HTTP/1.1)
HTTP/1.1 200 OK
Content-Length: 14
Content-Type: application/json; charset=utf-8
cache-control: no-cache

20:19:48.909 [AsyncHttpClient-1-20] DEBUG org.asynchttpclient.netty.channel.ChannelManager - Adding key: http://localhost:10639 for channel [id: 0xd4936677, L:/127.0.0.1:55185 - R:localhost/127.0.0.1:10639]
20:19:48.915 [Forwarding getAlertText on session 132dd9f114cb605e5023f90b6cc710df to remote] DEBUG org.asynchttpclient.netty.request.NettyRequestSender - Using pooled Channel '[id: 0xd4936677, L:/127.0.0.1:55185 - R:localhost/127.0.0.1:10639]' for 'GET' to 'http://localhost:10639/session/132dd9f114cb605e5023f90b6cc710df/alert/text'
20:19:48.915 [Forwarding getAlertText on session 132dd9f114cb605e5023f90b6cc710df to remote] DEBUG org.asynchttpclient.netty.request.NettyRequestSender - Using open Channel [id: 0xd4936677, L:/127.0.0.1:55185 - R:localhost/127.0.0.1:10639] for GET '/session/132dd9f114cb605e5023f90b6cc710df/alert/text'
20:19:48.916 [AsyncHttpClient-1-20] DEBUG org.asynchttpclient.netty.handler.HttpHandler - 

Request DefaultFullHttpRequest(decodeResult: success, version: HTTP/1.1, content: EmptyByteBufBE)
GET /session/132dd9f114cb605e5023f90b6cc710df/alert/text HTTP/1.1
User-Agent: selenium/4.8.1 (java windows)
Cache-Control: no-cache
Content-Type: application/json; charset=utf-8
host: localhost:10639
accept: */*

Response DefaultHttpResponse(decodeResult: success, version: HTTP/1.1)
HTTP/1.1 404 Not Found
Content-Length: 836
Content-Type: application/json; charset=utf-8
cache-control: no-cache

20:19:48.916 [AsyncHttpClient-1-20] DEBUG org.asynchttpclient.netty.channel.ChannelManager - Adding key: http://localhost:10639 for channel [id: 0xd4936677, L:/127.0.0.1:55185 - R:localhost/127.0.0.1:10639]
20:19:48.917 [Forwarding getCurrentUrl on session 132dd9f114cb605e5023f90b6cc710df to remote] DEBUG org.asynchttpclient.netty.request.NettyRequestSender - Using pooled Channel '[id: 0xd4936677, L:/127.0.0.1:55185 - R:localhost/127.0.0.1:10639]' for 'GET' to 'http://localhost:10639/session/132dd9f114cb605e5023f90b6cc710df/url'
20:19:48.917 [Forwarding getCurrentUrl on session 132dd9f114cb605e5023f90b6cc710df to remote] DEBUG org.asynchttpclient.netty.request.NettyRequestSender - Using open Channel [id: 0xd4936677, L:/127.0.0.1:55185 - R:localhost/127.0.0.1:10639] for GET '/session/132dd9f114cb605e5023f90b6cc710df/url'
20:19:48.921 [AsyncHttpClient-1-20] DEBUG org.asynchttpclient.netty.handler.HttpHandler - 

Request DefaultFullHttpRequest(decodeResult: success, version: HTTP/1.1, content: EmptyByteBufBE)
GET /session/132dd9f114cb605e5023f90b6cc710df/url HTTP/1.1
User-Agent: selenium/4.8.1 (java windows)
Cache-Control: no-cache
Content-Type: application/json; charset=utf-8
host: localhost:10639
accept: */*

Response DefaultHttpResponse(decodeResult: success, version: HTTP/1.1)
HTTP/1.1 200 OK
Content-Length: 51
Content-Type: application/json; charset=utf-8
cache-control: no-cache

20:19:48.921 [AsyncHttpClient-1-20] DEBUG org.asynchttpclient.netty.channel.ChannelManager - Adding key: http://localhost:10639 for channel [id: 0xd4936677, L:/127.0.0.1:55185 - R:localhost/127.0.0.1:10639]
20:19:48.921 [Forwarding screenshot on session 132dd9f114cb605e5023f90b6cc710df to remote] DEBUG org.asynchttpclient.netty.request.NettyRequestSender - Using pooled Channel '[id: 0xd4936677, L:/127.0.0.1:55185 - R:localhost/127.0.0.1:10639]' for 'GET' to 'http://localhost:10639/session/132dd9f114cb605e5023f90b6cc710df/screenshot'
20:19:48.921 [Forwarding screenshot on session 132dd9f114cb605e5023f90b6cc710df to remote] DEBUG org.asynchttpclient.netty.request.NettyRequestSender - Using open Channel [id: 0xd4936677, L:/127.0.0.1:55185 - R:localhost/127.0.0.1:10639] for GET '/session/132dd9f114cb605e5023f90b6cc710df/screenshot'
20:19:49.047 [AsyncHttpClient-1-20] DEBUG org.asynchttpclient.netty.handler.HttpHandler - 

Request DefaultFullHttpRequest(decodeResult: success, version: HTTP/1.1, content: EmptyByteBufBE)
GET /session/132dd9f114cb605e5023f90b6cc710df/screenshot HTTP/1.1
User-Agent: selenium/4.8.1 (java windows)
Cache-Control: no-cache
Content-Type: application/json; charset=utf-8
host: localhost:10639
accept: */*

Response DefaultHttpResponse(decodeResult: success, version: HTTP/1.1)
HTTP/1.1 200 OK
Content-Length: 30184
Content-Type: application/json; charset=utf-8
cache-control: no-cache

20:19:49.048 [AsyncHttpClient-1-20] DEBUG org.asynchttpclient.netty.channel.ChannelManager - Adding key: http://localhost:10639 for channel [id: 0xd4936677, L:/127.0.0.1:55185 - R:localhost/127.0.0.1:10639]
20:19:49.050 [main] DEBUG net.serenitybdd.core.photography.Darkroom - Send negative for processing for target\site\serenity\47ab6b7e3f37168d2e5bade00e78698f0262bc961406a6ec97b827ea541c2224.png
20:19:49.050 [main] DEBUG net.thucydides.core.steps.StepInterceptor - STEP DONE: inputEmail
  &amp#27;[32mAnd &amp#27;[0m&amp#27;[32mI enter correct email&amp#27;[0m              &amp#27;[90m# starter.stepdefinitions.LoginSteps.inputEmail()&amp#27;[0m
20:19:49.050 [Darkroom Processing Line] DEBUG net.serenitybdd.core.photography.DarkroomProcessingLine - Processing screenshot image in /var/screenshots/screenshot-15077319849246857327
20:19:49.051 [Darkroom Processing Line] DEBUG net.serenitybdd.core.photography.DarkroomProcessingLine - Saving screenshot to target\site\serenity\47ab6b7e3f37168d2e5bade00e78698f0262bc961406a6ec97b827ea541c2224.png
20:19:49.062 [Forwarding getPageSource on session 132dd9f114cb605e5023f90b6cc710df to remote] DEBUG org.asynchttpclient.netty.request.NettyRequestSender - Using pooled Channel '[id: 0xd4936677, L:/127.0.0.1:55185 - R:localhost/127.0.0.1:10639]' for 'POST' to 'http://localhost:10639/session/132dd9f114cb605e5023f90b6cc710df/execute/sync'
20:19:49.062 [Forwarding getPageSource on session 132dd9f114cb605e5023f90b6cc710df to remote] DEBUG org.asynchttpclient.netty.request.NettyRequestSender - Using open Channel [id: 0xd4936677, L:/127.0.0.1:55185 - R:localhost/127.0.0.1:10639] for POST '/session/132dd9f114cb605e5023f90b6cc710df/execute/sync'
20:19:49.068 [AsyncHttpClient-1-20] DEBUG org.asynchttpclient.netty.handler.HttpHandler - 

Request DefaultHttpRequest(decodeResult: success, version: HTTP/1.1)
POST /session/132dd9f114cb605e5023f90b6cc710df/execute/sync HTTP/1.1
User-Agent: selenium/4.8.1 (java windows)
Content-Length: 176
Content-Type: application/json; charset=utf-8
host: localhost:10639
accept: */*

Response DefaultHttpResponse(decodeResult: success, version: HTTP/1.1)
HTTP/1.1 200 OK
Content-Length: 21780
Content-Type: application/json; charset=utf-8
cache-control: no-cache

20:19:49.068 [AsyncHttpClient-1-20] DEBUG org.asynchttpclient.netty.channel.ChannelManager - Adding key: http://localhost:10639 for channel [id: 0xd4936677, L:/127.0.0.1:55185 - R:localhost/127.0.0.1:10639]
20:19:49.070 [Forwarding getCurrentUrl on session 132dd9f114cb605e5023f90b6cc710df to remote] DEBUG org.asynchttpclient.netty.request.NettyRequestSender - Using pooled Channel '[id: 0xd4936677, L:/127.0.0.1:55185 - R:localhost/127.0.0.1:10639]' for 'GET' to 'http://localhost:10639/session/132dd9f114cb605e5023f90b6cc710df/url'
20:19:49.070 [Forwarding getCurrentUrl on session 132dd9f114cb605e5023f90b6cc710df to remote] DEBUG org.asynchttpclient.netty.request.NettyRequestSender - Using open Channel [id: 0xd4936677, L:/127.0.0.1:55185 - R:localhost/127.0.0.1:10639] for GET '/session/132dd9f114cb605e5023f90b6cc710df/url'
20:19:49.073 [AsyncHttpClient-1-20] DEBUG org.asynchttpclient.netty.handler.HttpHandler - 

Request DefaultFullHttpRequest(decodeResult: success, version: HTTP/1.1, content: EmptyByteBufBE)
GET /session/132dd9f114cb605e5023f90b6cc710df/url HTTP/1.1
User-Agent: selenium/4.8.1 (java windows)
Cache-Control: no-cache
Content-Type: application/json; charset=utf-8
host: localhost:10639
accept: */*

Response DefaultHttpResponse(decodeResult: success, version: HTTP/1.1)
HTTP/1.1 200 OK
Content-Length: 51
Content-Type: application/json; charset=utf-8
cache-control: no-cache

20:19:49.073 [AsyncHttpClient-1-20] DEBUG org.asynchttpclient.netty.channel.ChannelManager - Adding key: http://localhost:10639 for channel [id: 0xd4936677, L:/127.0.0.1:55185 - R:localhost/127.0.0.1:10639]
20:19:49.084 [Forwarding getPageSource on session 132dd9f114cb605e5023f90b6cc710df to remote] DEBUG org.asynchttpclient.netty.request.NettyRequestSender - Using pooled Channel '[id: 0xd4936677, L:/127.0.0.1:55185 - R:localhost/127.0.0.1:10639]' for 'POST' to 'http://localhost:10639/session/132dd9f114cb605e5023f90b6cc710df/execute/sync'
20:19:49.084 [Forwarding getPageSource on session 132dd9f114cb605e5023f90b6cc710df to remote] DEBUG org.asynchttpclient.netty.request.NettyRequestSender - Using open Channel [id: 0xd4936677, L:/127.0.0.1:55185 - R:localhost/127.0.0.1:10639] for POST '/session/132dd9f114cb605e5023f90b6cc710df/execute/sync'
20:19:49.088 [AsyncHttpClient-1-20] DEBUG org.asynchttpclient.netty.handler.HttpHandler - 

Request DefaultHttpRequest(decodeResult: success, version: HTTP/1.1)
POST /session/132dd9f114cb605e5023f90b6cc710df/execute/sync HTTP/1.1
User-Agent: selenium/4.8.1 (java windows)
Content-Length: 176
Content-Type: application/json; charset=utf-8
host: localhost:10639
accept: */*

Response DefaultHttpResponse(decodeResult: success, version: HTTP/1.1)
HTTP/1.1 200 OK
Content-Length: 21780
Content-Type: application/json; charset=utf-8
cache-control: no-cache

20:19:49.088 [AsyncHttpClient-1-20] DEBUG org.asynchttpclient.netty.channel.ChannelManager - Adding key: http://localhost:10639 for channel [id: 0xd4936677, L:/127.0.0.1:55185 - R:localhost/127.0.0.1:10639]
20:19:49.090 [Forwarding getCurrentUrl on session 132dd9f114cb605e5023f90b6cc710df to remote] DEBUG org.asynchttpclient.netty.request.NettyRequestSender - Using pooled Channel '[id: 0xd4936677, L:/127.0.0.1:55185 - R:localhost/127.0.0.1:10639]' for 'GET' to 'http://localhost:10639/session/132dd9f114cb605e5023f90b6cc710df/url'
20:19:49.090 [Forwarding getCurrentUrl on session 132dd9f114cb605e5023f90b6cc710df to remote] DEBUG org.asynchttpclient.netty.request.NettyRequestSender - Using open Channel [id: 0xd4936677, L:/127.0.0.1:55185 - R:localhost/127.0.0.1:10639] for GET '/session/132dd9f114cb605e5023f90b6cc710df/url'
20:19:49.093 [AsyncHttpClient-1-20] DEBUG org.asynchttpclient.netty.handler.HttpHandler - 

Request DefaultFullHttpRequest(decodeResult: success, version: HTTP/1.1, content: EmptyByteBufBE)
GET /session/132dd9f114cb605e5023f90b6cc710df/url HTTP/1.1
User-Agent: selenium/4.8.1 (java windows)
Cache-Control: no-cache
Content-Type: application/json; charset=utf-8
host: localhost:10639
accept: */*

Response DefaultHttpResponse(decodeResult: success, version: HTTP/1.1)
HTTP/1.1 200 OK
Content-Length: 51
Content-Type: application/json; charset=utf-8
cache-control: no-cache

20:19:49.093 [AsyncHttpClient-1-20] DEBUG org.asynchttpclient.netty.channel.ChannelManager - Adding key: http://localhost:10639 for channel [id: 0xd4936677, L:/127.0.0.1:55185 - R:localhost/127.0.0.1:10639]
20:19:49.095 [main] DEBUG net.thucydides.core.steps.StepInterceptor - STARTING STEP: LoginSteps.inputIncorrectPassword - inputPassword
20:19:49.096 [Forwarding findElement on session 132dd9f114cb605e5023f90b6cc710df to remote] DEBUG org.asynchttpclient.netty.request.NettyRequestSender - Using pooled Channel '[id: 0xd4936677, L:/127.0.0.1:55185 - R:localhost/127.0.0.1:10639]' for 'POST' to 'http://localhost:10639/session/132dd9f114cb605e5023f90b6cc710df/element'
20:19:49.096 [Forwarding findElement on session 132dd9f114cb605e5023f90b6cc710df to remote] DEBUG org.asynchttpclient.netty.request.NettyRequestSender - Using open Channel [id: 0xd4936677, L:/127.0.0.1:55185 - R:localhost/127.0.0.1:10639] for POST '/session/132dd9f114cb605e5023f90b6cc710df/element'
20:19:49.104 [AsyncHttpClient-1-20] DEBUG org.asynchttpclient.netty.handler.HttpHandler - 

Request DefaultHttpRequest(decodeResult: success, version: HTTP/1.1)
POST /session/132dd9f114cb605e5023f90b6cc710df/element HTTP/1.1
User-Agent: selenium/4.8.1 (java windows)
Content-Length: 55
Content-Type: application/json; charset=utf-8
host: localhost:10639
accept: */*

Response DefaultHttpResponse(decodeResult: success, version: HTTP/1.1)
HTTP/1.1 200 OK
Content-Length: 88
Content-Type: application/json; charset=utf-8
cache-control: no-cache

20:19:49.104 [AsyncHttpClient-1-20] DEBUG org.asynchttpclient.netty.channel.ChannelManager - Adding key: http://localhost:10639 for channel [id: 0xd4936677, L:/127.0.0.1:55185 - R:localhost/127.0.0.1:10639]
20:19:49.105 [Forwarding clearElement on session 132dd9f114cb605e5023f90b6cc710df to remote] DEBUG org.asynchttpclient.netty.request.NettyRequestSender - Using pooled Channel '[id: 0xd4936677, L:/127.0.0.1:55185 - R:localhost/127.0.0.1:10639]' for 'POST' to 'http://localhost:10639/session/132dd9f114cb605e5023f90b6cc710df/element/7ff18c00-2928-4000-a6d2-aadb84c93424/clear'
20:19:49.105 [Forwarding clearElement on session 132dd9f114cb605e5023f90b6cc710df to remote] DEBUG org.asynchttpclient.netty.request.NettyRequestSender - Using open Channel [id: 0xd4936677, L:/127.0.0.1:55185 - R:localhost/127.0.0.1:10639] for POST '/session/132dd9f114cb605e5023f90b6cc710df/element/7ff18c00-2928-4000-a6d2-aadb84c93424/clear'
20:19:49.131 [AsyncHttpClient-1-20] DEBUG org.asynchttpclient.netty.handler.HttpHandler - 

Request DefaultHttpRequest(decodeResult: success, version: HTTP/1.1)
POST /session/132dd9f114cb605e5023f90b6cc710df/element/7ff18c00-2928-4000-a6d2-aadb84c93424/clear HTTP/1.1
User-Agent: selenium/4.8.1 (java windows)
Content-Length: 50
Content-Type: application/json; charset=utf-8
host: localhost:10639
accept: */*

Response DefaultHttpResponse(decodeResult: success, version: HTTP/1.1)
HTTP/1.1 200 OK
Content-Length: 14
Content-Type: application/json; charset=utf-8
cache-control: no-cache

20:19:49.131 [AsyncHttpClient-1-20] DEBUG org.asynchttpclient.netty.channel.ChannelManager - Adding key: http://localhost:10639 for channel [id: 0xd4936677, L:/127.0.0.1:55185 - R:localhost/127.0.0.1:10639]
20:19:49.133 [Forwarding sendKeysToElement on session 132dd9f114cb605e5023f90b6cc710df to remote] DEBUG org.asynchttpclient.netty.request.NettyRequestSender - Using pooled Channel '[id: 0xd4936677, L:/127.0.0.1:55185 - R:localhost/127.0.0.1:10639]' for 'POST' to 'http://localhost:10639/session/132dd9f114cb605e5023f90b6cc710df/element/7ff18c00-2928-4000-a6d2-aadb84c93424/value'
20:19:49.133 [Forwarding sendKeysToElement on session 132dd9f114cb605e5023f90b6cc710df to remote] DEBUG org.asynchttpclient.netty.request.NettyRequestSender - Using open Channel [id: 0xd4936677, L:/127.0.0.1:55185 - R:localhost/127.0.0.1:10639] for POST '/session/132dd9f114cb605e5023f90b6cc710df/element/7ff18c00-2928-4000-a6d2-aadb84c93424/value'
20:19:49.180 [AsyncHttpClient-1-20] DEBUG org.asynchttpclient.netty.handler.HttpHandler - 

Request DefaultHttpRequest(decodeResult: success, version: HTTP/1.1)
POST /session/132dd9f114cb605e5023f90b6cc710df/element/7ff18c00-2928-4000-a6d2-aadb84c93424/value HTTP/1.1
User-Agent: selenium/4.8.1 (java windows)
Content-Length: 141
Content-Type: application/json; charset=utf-8
host: localhost:10639
accept: */*

Response DefaultHttpResponse(decodeResult: success, version: HTTP/1.1)
HTTP/1.1 200 OK
Content-Length: 14
Content-Type: application/json; charset=utf-8
cache-control: no-cache

20:19:49.180 [AsyncHttpClient-1-20] DEBUG org.asynchttpclient.netty.channel.ChannelManager - Adding key: http://localhost:10639 for channel [id: 0xd4936677, L:/127.0.0.1:55185 - R:localhost/127.0.0.1:10639]
20:19:49.186 [Forwarding getAlertText on session 132dd9f114cb605e5023f90b6cc710df to remote] DEBUG org.asynchttpclient.netty.request.NettyRequestSender - Using pooled Channel '[id: 0xd4936677, L:/127.0.0.1:55185 - R:localhost/127.0.0.1:10639]' for 'GET' to 'http://localhost:10639/session/132dd9f114cb605e5023f90b6cc710df/alert/text'
20:19:49.186 [Forwarding getAlertText on session 132dd9f114cb605e5023f90b6cc710df to remote] DEBUG org.asynchttpclient.netty.request.NettyRequestSender - Using open Channel [id: 0xd4936677, L:/127.0.0.1:55185 - R:localhost/127.0.0.1:10639] for GET '/session/132dd9f114cb605e5023f90b6cc710df/alert/text'
20:19:49.187 [AsyncHttpClient-1-20] DEBUG org.asynchttpclient.netty.handler.HttpHandler - 

Request DefaultFullHttpRequest(decodeResult: success, version: HTTP/1.1, content: EmptyByteBufBE)
GET /session/132dd9f114cb605e5023f90b6cc710df/alert/text HTTP/1.1
User-Agent: selenium/4.8.1 (java windows)
Cache-Control: no-cache
Content-Type: application/json; charset=utf-8
host: localhost:10639
accept: */*

Response DefaultHttpResponse(decodeResult: success, version: HTTP/1.1)
HTTP/1.1 404 Not Found
Content-Length: 836
Content-Type: application/json; charset=utf-8
cache-control: no-cache

20:19:49.187 [AsyncHttpClient-1-20] DEBUG org.asynchttpclient.netty.channel.ChannelManager - Adding key: http://localhost:10639 for channel [id: 0xd4936677, L:/127.0.0.1:55185 - R:localhost/127.0.0.1:10639]
20:19:49.188 [Forwarding getCurrentUrl on session 132dd9f114cb605e5023f90b6cc710df to remote] DEBUG org.asynchttpclient.netty.request.NettyRequestSender - Using pooled Channel '[id: 0xd4936677, L:/127.0.0.1:55185 - R:localhost/127.0.0.1:10639]' for 'GET' to 'http://localhost:10639/session/132dd9f114cb605e5023f90b6cc710df/url'
20:19:49.188 [Forwarding getCurrentUrl on session 132dd9f114cb605e5023f90b6cc710df to remote] DEBUG org.asynchttpclient.netty.request.NettyRequestSender - Using open Channel [id: 0xd4936677, L:/127.0.0.1:55185 - R:localhost/127.0.0.1:10639] for GET '/session/132dd9f114cb605e5023f90b6cc710df/url'
20:19:49.192 [AsyncHttpClient-1-20] DEBUG org.asynchttpclient.netty.handler.HttpHandler - 

Request DefaultFullHttpRequest(decodeResult: success, version: HTTP/1.1, content: EmptyByteBufBE)
GET /session/132dd9f114cb605e5023f90b6cc710df/url HTTP/1.1
User-Agent: selenium/4.8.1 (java windows)
Cache-Control: no-cache
Content-Type: application/json; charset=utf-8
host: localhost:10639
accept: */*

Response DefaultHttpResponse(decodeResult: success, version: HTTP/1.1)
HTTP/1.1 200 OK
Content-Length: 51
Content-Type: application/json; charset=utf-8
cache-control: no-cache

20:19:49.193 [AsyncHttpClient-1-20] DEBUG org.asynchttpclient.netty.channel.ChannelManager - Adding key: http://localhost:10639 for channel [id: 0xd4936677, L:/127.0.0.1:55185 - R:localhost/127.0.0.1:10639]
20:19:49.193 [Forwarding screenshot on session 132dd9f114cb605e5023f90b6cc710df to remote] DEBUG org.asynchttpclient.netty.request.NettyRequestSender - Using pooled Channel '[id: 0xd4936677, L:/127.0.0.1:55185 - R:localhost/127.0.0.1:10639]' for 'GET' to 'http://localhost:10639/session/132dd9f114cb605e5023f90b6cc710df/screenshot'
20:19:49.193 [Forwarding screenshot on session 132dd9f114cb605e5023f90b6cc710df to remote] DEBUG org.asynchttpclient.netty.request.NettyRequestSender - Using open Channel [id: 0xd4936677, L:/127.0.0.1:55185 - R:localhost/127.0.0.1:10639] for GET '/session/132dd9f114cb605e5023f90b6cc710df/screenshot'
20:19:49.274 [AsyncHttpClient-1-20] DEBUG org.asynchttpclient.netty.handler.HttpHandler - 

Request DefaultFullHttpRequest(decodeResult: success, version: HTTP/1.1, content: EmptyByteBufBE)
GET /session/132dd9f114cb605e5023f90b6cc710df/screenshot HTTP/1.1
User-Agent: selenium/4.8.1 (java windows)
Cache-Control: no-cache
Content-Type: application/json; charset=utf-8
host: localhost:10639
accept: */*

Response DefaultHttpResponse(decodeResult: success, version: HTTP/1.1)
HTTP/1.1 200 OK
Content-Length: 30292
Content-Type: application/json; charset=utf-8
cache-control: no-cache

20:19:49.275 [AsyncHttpClient-1-20] DEBUG org.asynchttpclient.netty.channel.ChannelManager - Adding key: http://localhost:10639 for channel [id: 0xd4936677, L:/127.0.0.1:55185 - R:localhost/127.0.0.1:10639]
20:19:49.276 [main] DEBUG net.serenitybdd.core.photography.Darkroom - Send negative for processing for target\site\serenity\a7668533a900cb9e0ac9dc61e3b18fed4045954dff93f7c2b535191fccf500bb.png
20:19:49.276 [main] DEBUG net.thucydides.core.steps.StepInterceptor - STEP DONE: inputPassword
  &amp#27;[32mAnd &amp#27;[0m&amp#27;[32mI enter incorrect password&amp#27;[0m         &amp#27;[90m# starter.stepdefinitions.LoginSteps.inputIncorrectPassword()&amp#27;[0m
20:19:49.276 [Darkroom Processing Line] DEBUG net.serenitybdd.core.photography.DarkroomProcessingLine - Processing screenshot image in /var/screenshots/screenshot-15649588657672679115
20:19:49.276 [Darkroom Processing Line] DEBUG net.serenitybdd.core.photography.DarkroomProcessingLine - Saving screenshot to target\site\serenity\a7668533a900cb9e0ac9dc61e3b18fed4045954dff93f7c2b535191fccf500bb.png
20:19:49.282 [Forwarding getPageSource on session 132dd9f114cb605e5023f90b6cc710df to remote] DEBUG org.asynchttpclient.netty.request.NettyRequestSender - Using pooled Channel '[id: 0xd4936677, L:/127.0.0.1:55185 - R:localhost/127.0.0.1:10639]' for 'POST' to 'http://localhost:10639/session/132dd9f114cb605e5023f90b6cc710df/execute/sync'
20:19:49.282 [Forwarding getPageSource on session 132dd9f114cb605e5023f90b6cc710df to remote] DEBUG org.asynchttpclient.netty.request.NettyRequestSender - Using open Channel [id: 0xd4936677, L:/127.0.0.1:55185 - R:localhost/127.0.0.1:10639] for POST '/session/132dd9f114cb605e5023f90b6cc710df/execute/sync'
20:19:49.288 [AsyncHttpClient-1-20] DEBUG org.asynchttpclient.netty.handler.HttpHandler - 

Request DefaultHttpRequest(decodeResult: success, version: HTTP/1.1)
POST /session/132dd9f114cb605e5023f90b6cc710df/execute/sync HTTP/1.1
User-Agent: selenium/4.8.1 (java windows)
Content-Length: 176
Content-Type: application/json; charset=utf-8
host: localhost:10639
accept: */*

Response DefaultHttpResponse(decodeResult: success, version: HTTP/1.1)
HTTP/1.1 200 OK
Content-Length: 21839
Content-Type: application/json; charset=utf-8
cache-control: no-cache

20:19:49.288 [AsyncHttpClient-1-20] DEBUG org.asynchttpclient.netty.channel.ChannelManager - Adding key: http://localhost:10639 for channel [id: 0xd4936677, L:/127.0.0.1:55185 - R:localhost/127.0.0.1:10639]
20:19:49.289 [Forwarding getCurrentUrl on session 132dd9f114cb605e5023f90b6cc710df to remote] DEBUG org.asynchttpclient.netty.request.NettyRequestSender - Using pooled Channel '[id: 0xd4936677, L:/127.0.0.1:55185 - R:localhost/127.0.0.1:10639]' for 'GET' to 'http://localhost:10639/session/132dd9f114cb605e5023f90b6cc710df/url'
20:19:49.289 [Forwarding getCurrentUrl on session 132dd9f114cb605e5023f90b6cc710df to remote] DEBUG org.asynchttpclient.netty.request.NettyRequestSender - Using open Channel [id: 0xd4936677, L:/127.0.0.1:55185 - R:localhost/127.0.0.1:10639] for GET '/session/132dd9f114cb605e5023f90b6cc710df/url'
20:19:49.292 [AsyncHttpClient-1-20] DEBUG org.asynchttpclient.netty.handler.HttpHandler - 

Request DefaultFullHttpRequest(decodeResult: success, version: HTTP/1.1, content: EmptyByteBufBE)
GET /session/132dd9f114cb605e5023f90b6cc710df/url HTTP/1.1
User-Agent: selenium/4.8.1 (java windows)
Cache-Control: no-cache
Content-Type: application/json; charset=utf-8
host: localhost:10639
accept: */*

Response DefaultHttpResponse(decodeResult: success, version: HTTP/1.1)
HTTP/1.1 200 OK
Content-Length: 51
Content-Type: application/json; charset=utf-8
cache-control: no-cache

20:19:49.292 [AsyncHttpClient-1-20] DEBUG org.asynchttpclient.netty.channel.ChannelManager - Adding key: http://localhost:10639 for channel [id: 0xd4936677, L:/127.0.0.1:55185 - R:localhost/127.0.0.1:10639]
20:19:49.298 [Forwarding getPageSource on session 132dd9f114cb605e5023f90b6cc710df to remote] DEBUG org.asynchttpclient.netty.request.NettyRequestSender - Using pooled Channel '[id: 0xd4936677, L:/127.0.0.1:55185 - R:localhost/127.0.0.1:10639]' for 'POST' to 'http://localhost:10639/session/132dd9f114cb605e5023f90b6cc710df/execute/sync'
20:19:49.299 [Forwarding getPageSource on session 132dd9f114cb605e5023f90b6cc710df to remote] DEBUG org.asynchttpclient.netty.request.NettyRequestSender - Using open Channel [id: 0xd4936677, L:/127.0.0.1:55185 - R:localhost/127.0.0.1:10639] for POST '/session/132dd9f114cb605e5023f90b6cc710df/execute/sync'
20:19:49.304 [AsyncHttpClient-1-20] DEBUG org.asynchttpclient.netty.handler.HttpHandler - 

Request DefaultHttpRequest(decodeResult: success, version: HTTP/1.1)
POST /session/132dd9f114cb605e5023f90b6cc710df/execute/sync HTTP/1.1
User-Agent: selenium/4.8.1 (java windows)
Content-Length: 176
Content-Type: application/json; charset=utf-8
host: localhost:10639
accept: */*

Response DefaultHttpResponse(decodeResult: success, version: HTTP/1.1)
HTTP/1.1 200 OK
Content-Length: 21839
Content-Type: application/json; charset=utf-8
cache-control: no-cache

20:19:49.304 [AsyncHttpClient-1-20] DEBUG org.asynchttpclient.netty.channel.ChannelManager - Adding key: http://localhost:10639 for channel [id: 0xd4936677, L:/127.0.0.1:55185 - R:localhost/127.0.0.1:10639]
20:19:49.305 [Forwarding getCurrentUrl on session 132dd9f114cb605e5023f90b6cc710df to remote] DEBUG org.asynchttpclient.netty.request.NettyRequestSender - Using pooled Channel '[id: 0xd4936677, L:/127.0.0.1:55185 - R:localhost/127.0.0.1:10639]' for 'GET' to 'http://localhost:10639/session/132dd9f114cb605e5023f90b6cc710df/url'
20:19:49.306 [Forwarding getCurrentUrl on session 132dd9f114cb605e5023f90b6cc710df to remote] DEBUG org.asynchttpclient.netty.request.NettyRequestSender - Using open Channel [id: 0xd4936677, L:/127.0.0.1:55185 - R:localhost/127.0.0.1:10639] for GET '/session/132dd9f114cb605e5023f90b6cc710df/url'
20:19:49.310 [AsyncHttpClient-1-20] DEBUG org.asynchttpclient.netty.handler.HttpHandler - 

Request DefaultFullHttpRequest(decodeResult: success, version: HTTP/1.1, content: EmptyByteBufBE)
GET /session/132dd9f114cb605e5023f90b6cc710df/url HTTP/1.1
User-Agent: selenium/4.8.1 (java windows)
Cache-Control: no-cache
Content-Type: application/json; charset=utf-8
host: localhost:10639
accept: */*

Response DefaultHttpResponse(decodeResult: success, version: HTTP/1.1)
HTTP/1.1 200 OK
Content-Length: 51
Content-Type: application/json; charset=utf-8
cache-control: no-cache

20:19:49.310 [AsyncHttpClient-1-20] DEBUG org.asynchttpclient.netty.channel.ChannelManager - Adding key: http://localhost:10639 for channel [id: 0xd4936677, L:/127.0.0.1:55185 - R:localhost/127.0.0.1:10639]
20:19:49.312 [main] DEBUG net.thucydides.core.steps.StepInterceptor - STARTING STEP: LoginSteps.clickLoginButton - clickLoginButton
20:19:49.315 [Forwarding findElement on session 132dd9f114cb605e5023f90b6cc710df to remote] DEBUG org.asynchttpclient.netty.request.NettyRequestSender - Using pooled Channel '[id: 0xd4936677, L:/127.0.0.1:55185 - R:localhost/127.0.0.1:10639]' for 'POST' to 'http://localhost:10639/session/132dd9f114cb605e5023f90b6cc710df/element'
20:19:49.315 [Forwarding findElement on session 132dd9f114cb605e5023f90b6cc710df to remote] DEBUG org.asynchttpclient.netty.request.NettyRequestSender - Using open Channel [id: 0xd4936677, L:/127.0.0.1:55185 - R:localhost/127.0.0.1:10639] for POST '/session/132dd9f114cb605e5023f90b6cc710df/element'
20:19:49.323 [AsyncHttpClient-1-20] DEBUG org.asynchttpclient.netty.handler.HttpHandler - 

Request DefaultHttpRequest(decodeResult: success, version: HTTP/1.1)
POST /session/132dd9f114cb605e5023f90b6cc710df/element HTTP/1.1
User-Agent: selenium/4.8.1 (java windows)
Content-Length: 71
Content-Type: application/json; charset=utf-8
host: localhost:10639
accept: */*

Response DefaultHttpResponse(decodeResult: success, version: HTTP/1.1)
HTTP/1.1 200 OK
Content-Length: 88
Content-Type: application/json; charset=utf-8
cache-control: no-cache

20:19:49.325 [AsyncHttpClient-1-20] DEBUG org.asynchttpclient.netty.channel.ChannelManager - Adding key: http://localhost:10639 for channel [id: 0xd4936677, L:/127.0.0.1:55185 - R:localhost/127.0.0.1:10639]
20:19:49.326 [Forwarding getElementTagName on session 132dd9f114cb605e5023f90b6cc710df to remote] DEBUG org.asynchttpclient.netty.request.NettyRequestSender - Using pooled Channel '[id: 0xd4936677, L:/127.0.0.1:55185 - R:localhost/127.0.0.1:10639]' for 'GET' to 'http://localhost:10639/session/132dd9f114cb605e5023f90b6cc710df/element/15de6d22-7d2e-43e3-acc6-8982250f5985/name'
20:19:49.326 [Forwarding getElementTagName on session 132dd9f114cb605e5023f90b6cc710df to remote] DEBUG org.asynchttpclient.netty.request.NettyRequestSender - Using open Channel [id: 0xd4936677, L:/127.0.0.1:55185 - R:localhost/127.0.0.1:10639] for GET '/session/132dd9f114cb605e5023f90b6cc710df/element/15de6d22-7d2e-43e3-acc6-8982250f5985/name'
20:19:49.331 [AsyncHttpClient-1-20] DEBUG org.asynchttpclient.netty.handler.HttpHandler - 

Request DefaultFullHttpRequest(decodeResult: success, version: HTTP/1.1, content: EmptyByteBufBE)
GET /session/132dd9f114cb605e5023f90b6cc710df/element/15de6d22-7d2e-43e3-acc6-8982250f5985/name HTTP/1.1
User-Agent: selenium/4.8.1 (java windows)
Cache-Control: no-cache
Content-Type: application/json; charset=utf-8
host: localhost:10639
accept: */*

Response DefaultHttpResponse(decodeResult: success, version: HTTP/1.1)
HTTP/1.1 200 OK
Content-Length: 18
Content-Type: application/json; charset=utf-8
cache-control: no-cache

20:19:49.331 [AsyncHttpClient-1-20] DEBUG org.asynchttpclient.netty.channel.ChannelManager - Adding key: http://localhost:10639 for channel [id: 0xd4936677, L:/127.0.0.1:55185 - R:localhost/127.0.0.1:10639]
20:19:49.331 [Forwarding getElementTagName on session 132dd9f114cb605e5023f90b6cc710df to remote] DEBUG org.asynchttpclient.netty.request.NettyRequestSender - Using pooled Channel '[id: 0xd4936677, L:/127.0.0.1:55185 - R:localhost/127.0.0.1:10639]' for 'GET' to 'http://localhost:10639/session/132dd9f114cb605e5023f90b6cc710df/element/15de6d22-7d2e-43e3-acc6-8982250f5985/name'
20:19:49.331 [Forwarding getElementTagName on session 132dd9f114cb605e5023f90b6cc710df to remote] DEBUG org.asynchttpclient.netty.request.NettyRequestSender - Using open Channel [id: 0xd4936677, L:/127.0.0.1:55185 - R:localhost/127.0.0.1:10639] for GET '/session/132dd9f114cb605e5023f90b6cc710df/element/15de6d22-7d2e-43e3-acc6-8982250f5985/name'
20:19:49.333 [AsyncHttpClient-1-20] DEBUG org.asynchttpclient.netty.handler.HttpHandler - 

Request DefaultFullHttpRequest(decodeResult: success, version: HTTP/1.1, content: EmptyByteBufBE)
GET /session/132dd9f114cb605e5023f90b6cc710df/element/15de6d22-7d2e-43e3-acc6-8982250f5985/name HTTP/1.1
User-Agent: selenium/4.8.1 (java windows)
Cache-Control: no-cache
Content-Type: application/json; charset=utf-8
host: localhost:10639
accept: */*

Response DefaultHttpResponse(decodeResult: success, version: HTTP/1.1)
HTTP/1.1 200 OK
Content-Length: 18
Content-Type: application/json; charset=utf-8
cache-control: no-cache

20:19:49.334 [AsyncHttpClient-1-20] DEBUG org.asynchttpclient.netty.channel.ChannelManager - Adding key: http://localhost:10639 for channel [id: 0xd4936677, L:/127.0.0.1:55185 - R:localhost/127.0.0.1:10639]
20:19:49.335 [Forwarding isElementEnabled on session 132dd9f114cb605e5023f90b6cc710df to remote] DEBUG org.asynchttpclient.netty.request.NettyRequestSender - Using pooled Channel '[id: 0xd4936677, L:/127.0.0.1:55185 - R:localhost/127.0.0.1:10639]' for 'GET' to 'http://localhost:10639/session/132dd9f114cb605e5023f90b6cc710df/element/15de6d22-7d2e-43e3-acc6-8982250f5985/enabled'
20:19:49.335 [Forwarding isElementEnabled on session 132dd9f114cb605e5023f90b6cc710df to remote] DEBUG org.asynchttpclient.netty.request.NettyRequestSender - Using open Channel [id: 0xd4936677, L:/127.0.0.1:55185 - R:localhost/127.0.0.1:10639] for GET '/session/132dd9f114cb605e5023f90b6cc710df/element/15de6d22-7d2e-43e3-acc6-8982250f5985/enabled'
20:19:49.343 [AsyncHttpClient-1-20] DEBUG org.asynchttpclient.netty.handler.HttpHandler - 

Request DefaultFullHttpRequest(decodeResult: success, version: HTTP/1.1, content: EmptyByteBufBE)
GET /session/132dd9f114cb605e5023f90b6cc710df/element/15de6d22-7d2e-43e3-acc6-8982250f5985/enabled HTTP/1.1
User-Agent: selenium/4.8.1 (java windows)
Cache-Control: no-cache
Content-Type: application/json; charset=utf-8
host: localhost:10639
accept: */*

Response DefaultHttpResponse(decodeResult: success, version: HTTP/1.1)
HTTP/1.1 200 OK
Content-Length: 14
Content-Type: application/json; charset=utf-8
cache-control: no-cache

20:19:49.344 [AsyncHttpClient-1-20] DEBUG org.asynchttpclient.netty.channel.ChannelManager - Adding key: http://localhost:10639 for channel [id: 0xd4936677, L:/127.0.0.1:55185 - R:localhost/127.0.0.1:10639]
20:19:49.344 [Forwarding isElementEnabled on session 132dd9f114cb605e5023f90b6cc710df to remote] DEBUG org.asynchttpclient.netty.request.NettyRequestSender - Using pooled Channel '[id: 0xd4936677, L:/127.0.0.1:55185 - R:localhost/127.0.0.1:10639]' for 'GET' to 'http://localhost:10639/session/132dd9f114cb605e5023f90b6cc710df/element/15de6d22-7d2e-43e3-acc6-8982250f5985/enabled'
20:19:49.344 [Forwarding isElementEnabled on session 132dd9f114cb605e5023f90b6cc710df to remote] DEBUG org.asynchttpclient.netty.request.NettyRequestSender - Using open Channel [id: 0xd4936677, L:/127.0.0.1:55185 - R:localhost/127.0.0.1:10639] for GET '/session/132dd9f114cb605e5023f90b6cc710df/element/15de6d22-7d2e-43e3-acc6-8982250f5985/enabled'
20:19:49.348 [AsyncHttpClient-1-20] DEBUG org.asynchttpclient.netty.handler.HttpHandler - 

Request DefaultFullHttpRequest(decodeResult: success, version: HTTP/1.1, content: EmptyByteBufBE)
GET /session/132dd9f114cb605e5023f90b6cc710df/element/15de6d22-7d2e-43e3-acc6-8982250f5985/enabled HTTP/1.1
User-Agent: selenium/4.8.1 (java windows)
Cache-Control: no-cache
Content-Type: application/json; charset=utf-8
host: localhost:10639
accept: */*

Response DefaultHttpResponse(decodeResult: success, version: HTTP/1.1)
HTTP/1.1 200 OK
Content-Length: 14
Content-Type: application/json; charset=utf-8
cache-control: no-cache

20:19:49.349 [AsyncHttpClient-1-20] DEBUG org.asynchttpclient.netty.channel.ChannelManager - Adding key: http://localhost:10639 for channel [id: 0xd4936677, L:/127.0.0.1:55185 - R:localhost/127.0.0.1:10639]
20:19:49.350 [Forwarding findElement on session 132dd9f114cb605e5023f90b6cc710df to remote] DEBUG org.asynchttpclient.netty.request.NettyRequestSender - Using pooled Channel '[id: 0xd4936677, L:/127.0.0.1:55185 - R:localhost/127.0.0.1:10639]' for 'POST' to 'http://localhost:10639/session/132dd9f114cb605e5023f90b6cc710df/element'
20:19:49.350 [Forwarding findElement on session 132dd9f114cb605e5023f90b6cc710df to remote] DEBUG org.asynchttpclient.netty.request.NettyRequestSender - Using open Channel [id: 0xd4936677, L:/127.0.0.1:55185 - R:localhost/127.0.0.1:10639] for POST '/session/132dd9f114cb605e5023f90b6cc710df/element'
20:19:49.355 [AsyncHttpClient-1-1] DEBUG org.asynchttpclient.netty.channel.DefaultChannelPool - Entry count for : http://localhost:55188 : 1
20:19:49.357 [AsyncHttpClient-1-20] DEBUG org.asynchttpclient.netty.handler.HttpHandler - 

Request DefaultHttpRequest(decodeResult: success, version: HTTP/1.1)
POST /session/132dd9f114cb605e5023f90b6cc710df/element HTTP/1.1
User-Agent: selenium/4.8.1 (java windows)
Content-Length: 71
Content-Type: application/json; charset=utf-8
host: localhost:10639
accept: */*

Response DefaultHttpResponse(decodeResult: success, version: HTTP/1.1)
HTTP/1.1 200 OK
Content-Length: 88
Content-Type: application/json; charset=utf-8
cache-control: no-cache

20:19:49.358 [AsyncHttpClient-1-20] DEBUG org.asynchttpclient.netty.channel.ChannelManager - Adding key: http://localhost:10639 for channel [id: 0xd4936677, L:/127.0.0.1:55185 - R:localhost/127.0.0.1:10639]
20:19:49.358 [Forwarding clickElement on session 132dd9f114cb605e5023f90b6cc710df to remote] DEBUG org.asynchttpclient.netty.request.NettyRequestSender - Using pooled Channel '[id: 0xd4936677, L:/127.0.0.1:55185 - R:localhost/127.0.0.1:10639]' for 'POST' to 'http://localhost:10639/session/132dd9f114cb605e5023f90b6cc710df/element/15de6d22-7d2e-43e3-acc6-8982250f5985/click'
20:19:49.358 [Forwarding clickElement on session 132dd9f114cb605e5023f90b6cc710df to remote] DEBUG org.asynchttpclient.netty.request.NettyRequestSender - Using open Channel [id: 0xd4936677, L:/127.0.0.1:55185 - R:localhost/127.0.0.1:10639] for POST '/session/132dd9f114cb605e5023f90b6cc710df/element/15de6d22-7d2e-43e3-acc6-8982250f5985/click'
20:19:49.390 [AsyncHttpClient-1-20] DEBUG org.asynchttpclient.netty.handler.HttpHandler - 

Request DefaultHttpRequest(decodeResult: success, version: HTTP/1.1)
POST /session/132dd9f114cb605e5023f90b6cc710df/element/15de6d22-7d2e-43e3-acc6-8982250f5985/click HTTP/1.1
User-Agent: selenium/4.8.1 (java windows)
Content-Length: 50
Content-Type: application/json; charset=utf-8
host: localhost:10639
accept: */*

Response DefaultHttpResponse(decodeResult: success, version: HTTP/1.1)
HTTP/1.1 200 OK
Content-Length: 14
Content-Type: application/json; charset=utf-8
cache-control: no-cache

20:19:49.390 [AsyncHttpClient-1-20] DEBUG org.asynchttpclient.netty.channel.ChannelManager - Adding key: http://localhost:10639 for channel [id: 0xd4936677, L:/127.0.0.1:55185 - R:localhost/127.0.0.1:10639]
20:19:49.395 [Forwarding getAlertText on session 132dd9f114cb605e5023f90b6cc710df to remote] DEBUG org.asynchttpclient.netty.request.NettyRequestSender - Using pooled Channel '[id: 0xd4936677, L:/127.0.0.1:55185 - R:localhost/127.0.0.1:10639]' for 'GET' to 'http://localhost:10639/session/132dd9f114cb605e5023f90b6cc710df/alert/text'
20:19:49.395 [Forwarding getAlertText on session 132dd9f114cb605e5023f90b6cc710df to remote] DEBUG org.asynchttpclient.netty.request.NettyRequestSender - Using open Channel [id: 0xd4936677, L:/127.0.0.1:55185 - R:localhost/127.0.0.1:10639] for GET '/session/132dd9f114cb605e5023f90b6cc710df/alert/text'
20:19:49.397 [AsyncHttpClient-1-20] DEBUG org.asynchttpclient.netty.handler.HttpHandler - 

Request DefaultFullHttpRequest(decodeResult: success, version: HTTP/1.1, content: EmptyByteBufBE)
GET /session/132dd9f114cb605e5023f90b6cc710df/alert/text HTTP/1.1
User-Agent: selenium/4.8.1 (java windows)
Cache-Control: no-cache
Content-Type: application/json; charset=utf-8
host: localhost:10639
accept: */*

Response DefaultHttpResponse(decodeResult: success, version: HTTP/1.1)
HTTP/1.1 404 Not Found
Content-Length: 836
Content-Type: application/json; charset=utf-8
cache-control: no-cache

20:19:49.397 [AsyncHttpClient-1-20] DEBUG org.asynchttpclient.netty.channel.ChannelManager - Adding key: http://localhost:10639 for channel [id: 0xd4936677, L:/127.0.0.1:55185 - R:localhost/127.0.0.1:10639]
20:19:49.398 [Forwarding getCurrentUrl on session 132dd9f114cb605e5023f90b6cc710df to remote] DEBUG org.asynchttpclient.netty.request.NettyRequestSender - Using pooled Channel '[id: 0xd4936677, L:/127.0.0.1:55185 - R:localhost/127.0.0.1:10639]' for 'GET' to 'http://localhost:10639/session/132dd9f114cb605e5023f90b6cc710df/url'
20:19:49.398 [Forwarding getCurrentUrl on session 132dd9f114cb605e5023f90b6cc710df to remote] DEBUG org.asynchttpclient.netty.request.NettyRequestSender - Using open Channel [id: 0xd4936677, L:/127.0.0.1:55185 - R:localhost/127.0.0.1:10639] for GET '/session/132dd9f114cb605e5023f90b6cc710df/url'
20:19:49.400 [AsyncHttpClient-1-20] DEBUG org.asynchttpclient.netty.handler.HttpHandler - 

Request DefaultFullHttpRequest(decodeResult: success, version: HTTP/1.1, content: EmptyByteBufBE)
GET /session/132dd9f114cb605e5023f90b6cc710df/url HTTP/1.1
User-Agent: selenium/4.8.1 (java windows)
Cache-Control: no-cache
Content-Type: application/json; charset=utf-8
host: localhost:10639
accept: */*

Response DefaultHttpResponse(decodeResult: success, version: HTTP/1.1)
HTTP/1.1 200 OK
Content-Length: 51
Content-Type: application/json; charset=utf-8
cache-control: no-cache

20:19:49.400 [AsyncHttpClient-1-20] DEBUG org.asynchttpclient.netty.channel.ChannelManager - Adding key: http://localhost:10639 for channel [id: 0xd4936677, L:/127.0.0.1:55185 - R:localhost/127.0.0.1:10639]
20:19:49.401 [Forwarding screenshot on session 132dd9f114cb605e5023f90b6cc710df to remote] DEBUG org.asynchttpclient.netty.request.NettyRequestSender - Using pooled Channel '[id: 0xd4936677, L:/127.0.0.1:55185 - R:localhost/127.0.0.1:10639]' for 'GET' to 'http://localhost:10639/session/132dd9f114cb605e5023f90b6cc710df/screenshot'
20:19:49.401 [Forwarding screenshot on session 132dd9f114cb605e5023f90b6cc710df to remote] DEBUG org.asynchttpclient.netty.request.NettyRequestSender - Using open Channel [id: 0xd4936677, L:/127.0.0.1:55185 - R:localhost/127.0.0.1:10639] for GET '/session/132dd9f114cb605e5023f90b6cc710df/screenshot'
20:19:49.482 [AsyncHttpClient-1-20] DEBUG org.asynchttpclient.netty.handler.HttpHandler - 

Request DefaultFullHttpRequest(decodeResult: success, version: HTTP/1.1, content: EmptyByteBufBE)
GET /session/132dd9f114cb605e5023f90b6cc710df/screenshot HTTP/1.1
User-Agent: selenium/4.8.1 (java windows)
Cache-Control: no-cache
Content-Type: application/json; charset=utf-8
host: localhost:10639
accept: */*

Response DefaultHttpResponse(decodeResult: success, version: HTTP/1.1)
HTTP/1.1 200 OK
Content-Length: 29704
Content-Type: application/json; charset=utf-8
cache-control: no-cache

20:19:49.483 [AsyncHttpClient-1-20] DEBUG org.asynchttpclient.netty.channel.ChannelManager - Adding key: http://localhost:10639 for channel [id: 0xd4936677, L:/127.0.0.1:55185 - R:localhost/127.0.0.1:10639]
20:19:49.484 [main] DEBUG net.serenitybdd.core.photography.Darkroom - Send negative for processing for target\site\serenity\c5bb6c7c849c09270dd7cc88262893ce8319283a76e4846dc0d633a149cbbdb9.png
20:19:49.484 [main] DEBUG net.thucydides.core.steps.StepInterceptor - STEP DONE: clickLoginButton
  &amp#27;[32mWhen &amp#27;[0m&amp#27;[32mI click on the login button&amp#27;[0m       &amp#27;[90m# starter.stepdefinitions.LoginSteps.clickLoginButton()&amp#27;[0m
20:19:49.484 [Darkroom Processing Line] DEBUG net.serenitybdd.core.photography.DarkroomProcessingLine - Processing screenshot image in /var/screenshots/screenshot-12695034407188923308
20:19:49.484 [Darkroom Processing Line] DEBUG net.serenitybdd.core.photography.DarkroomProcessingLine - Saving screenshot to target\site\serenity\c5bb6c7c849c09270dd7cc88262893ce8319283a76e4846dc0d633a149cbbdb9.png
20:19:49.490 [Forwarding getPageSource on session 132dd9f114cb605e5023f90b6cc710df to remote] DEBUG org.asynchttpclient.netty.request.NettyRequestSender - Using pooled Channel '[id: 0xd4936677, L:/127.0.0.1:55185 - R:localhost/127.0.0.1:10639]' for 'POST' to 'http://localhost:10639/session/132dd9f114cb605e5023f90b6cc710df/execute/sync'
20:19:49.490 [Forwarding getPageSource on session 132dd9f114cb605e5023f90b6cc710df to remote] DEBUG org.asynchttpclient.netty.request.NettyRequestSender - Using open Channel [id: 0xd4936677, L:/127.0.0.1:55185 - R:localhost/127.0.0.1:10639] for POST '/session/132dd9f114cb605e5023f90b6cc710df/execute/sync'
20:19:49.494 [AsyncHttpClient-1-20] DEBUG org.asynchttpclient.netty.handler.HttpHandler - 

Request DefaultHttpRequest(decodeResult: success, version: HTTP/1.1)
POST /session/132dd9f114cb605e5023f90b6cc710df/execute/sync HTTP/1.1
User-Agent: selenium/4.8.1 (java windows)
Content-Length: 176
Content-Type: application/json; charset=utf-8
host: localhost:10639
accept: */*

Response DefaultHttpResponse(decodeResult: success, version: HTTP/1.1)
HTTP/1.1 200 OK
Content-Length: 22105
Content-Type: application/json; charset=utf-8
cache-control: no-cache

20:19:49.494 [AsyncHttpClient-1-20] DEBUG org.asynchttpclient.netty.channel.ChannelManager - Adding key: http://localhost:10639 for channel [id: 0xd4936677, L:/127.0.0.1:55185 - R:localhost/127.0.0.1:10639]
20:19:49.495 [Forwarding getCurrentUrl on session 132dd9f114cb605e5023f90b6cc710df to remote] DEBUG org.asynchttpclient.netty.request.NettyRequestSender - Using pooled Channel '[id: 0xd4936677, L:/127.0.0.1:55185 - R:localhost/127.0.0.1:10639]' for 'GET' to 'http://localhost:10639/session/132dd9f114cb605e5023f90b6cc710df/url'
20:19:49.495 [Forwarding getCurrentUrl on session 132dd9f114cb605e5023f90b6cc710df to remote] DEBUG org.asynchttpclient.netty.request.NettyRequestSender - Using open Channel [id: 0xd4936677, L:/127.0.0.1:55185 - R:localhost/127.0.0.1:10639] for GET '/session/132dd9f114cb605e5023f90b6cc710df/url'
20:19:49.498 [AsyncHttpClient-1-20] DEBUG org.asynchttpclient.netty.handler.HttpHandler - 

Request DefaultFullHttpRequest(decodeResult: success, version: HTTP/1.1, content: EmptyByteBufBE)
GET /session/132dd9f114cb605e5023f90b6cc710df/url HTTP/1.1
User-Agent: selenium/4.8.1 (java windows)
Cache-Control: no-cache
Content-Type: application/json; charset=utf-8
host: localhost:10639
accept: */*

Response DefaultHttpResponse(decodeResult: success, version: HTTP/1.1)
HTTP/1.1 200 OK
Content-Length: 51
Content-Type: application/json; charset=utf-8
cache-control: no-cache

20:19:49.498 [AsyncHttpClient-1-20] DEBUG org.asynchttpclient.netty.channel.ChannelManager - Adding key: http://localhost:10639 for channel [id: 0xd4936677, L:/127.0.0.1:55185 - R:localhost/127.0.0.1:10639]
20:19:49.504 [Forwarding getPageSource on session 132dd9f114cb605e5023f90b6cc710df to remote] DEBUG org.asynchttpclient.netty.request.NettyRequestSender - Using pooled Channel '[id: 0xd4936677, L:/127.0.0.1:55185 - R:localhost/127.0.0.1:10639]' for 'POST' to 'http://localhost:10639/session/132dd9f114cb605e5023f90b6cc710df/execute/sync'
20:19:49.504 [Forwarding getPageSource on session 132dd9f114cb605e5023f90b6cc710df to remote] DEBUG org.asynchttpclient.netty.request.NettyRequestSender - Using open Channel [id: 0xd4936677, L:/127.0.0.1:55185 - R:localhost/127.0.0.1:10639] for POST '/session/132dd9f114cb605e5023f90b6cc710df/execute/sync'
20:19:49.507 [AsyncHttpClient-1-20] DEBUG org.asynchttpclient.netty.handler.HttpHandler - 

Request DefaultHttpRequest(decodeResult: success, version: HTTP/1.1)
POST /session/132dd9f114cb605e5023f90b6cc710df/execute/sync HTTP/1.1
User-Agent: selenium/4.8.1 (java windows)
Content-Length: 176
Content-Type: application/json; charset=utf-8
host: localhost:10639
accept: */*

Response DefaultHttpResponse(decodeResult: success, version: HTTP/1.1)
HTTP/1.1 200 OK
Content-Length: 22105
Content-Type: application/json; charset=utf-8
cache-control: no-cache

20:19:49.508 [AsyncHttpClient-1-20] DEBUG org.asynchttpclient.netty.channel.ChannelManager - Adding key: http://localhost:10639 for channel [id: 0xd4936677, L:/127.0.0.1:55185 - R:localhost/127.0.0.1:10639]
20:19:49.510 [Forwarding getCurrentUrl on session 132dd9f114cb605e5023f90b6cc710df to remote] DEBUG org.asynchttpclient.netty.request.NettyRequestSender - Using pooled Channel '[id: 0xd4936677, L:/127.0.0.1:55185 - R:localhost/127.0.0.1:10639]' for 'GET' to 'http://localhost:10639/session/132dd9f114cb605e5023f90b6cc710df/url'
20:19:49.510 [Forwarding getCurrentUrl on session 132dd9f114cb605e5023f90b6cc710df to remote] DEBUG org.asynchttpclient.netty.request.NettyRequestSender - Using open Channel [id: 0xd4936677, L:/127.0.0.1:55185 - R:localhost/127.0.0.1:10639] for GET '/session/132dd9f114cb605e5023f90b6cc710df/url'
20:19:49.523 [AsyncHttpClient-1-20] DEBUG org.asynchttpclient.netty.handler.HttpHandler - 

Request DefaultFullHttpRequest(decodeResult: success, version: HTTP/1.1, content: EmptyByteBufBE)
GET /session/132dd9f114cb605e5023f90b6cc710df/url HTTP/1.1
User-Agent: selenium/4.8.1 (java windows)
Cache-Control: no-cache
Content-Type: application/json; charset=utf-8
host: localhost:10639
accept: */*

Response DefaultHttpResponse(decodeResult: success, version: HTTP/1.1)
HTTP/1.1 200 OK
Content-Length: 51
Content-Type: application/json; charset=utf-8
cache-control: no-cache

20:19:49.523 [AsyncHttpClient-1-20] DEBUG org.asynchttpclient.netty.channel.ChannelManager - Adding key: http://localhost:10639 for channel [id: 0xd4936677, L:/127.0.0.1:55185 - R:localhost/127.0.0.1:10639]
20:19:49.526 [main] DEBUG net.thucydides.core.steps.StepInterceptor - STARTING STEP: LoginSteps.alertContent - incorrectAlert
20:19:49.529 [Forwarding findElement on session 132dd9f114cb605e5023f90b6cc710df to remote] DEBUG org.asynchttpclient.netty.request.NettyRequestSender - Using pooled Channel '[id: 0xd4936677, L:/127.0.0.1:55185 - R:localhost/127.0.0.1:10639]' for 'POST' to 'http://localhost:10639/session/132dd9f114cb605e5023f90b6cc710df/element'
20:19:49.529 [Forwarding findElement on session 132dd9f114cb605e5023f90b6cc710df to remote] DEBUG org.asynchttpclient.netty.request.NettyRequestSender - Using open Channel [id: 0xd4936677, L:/127.0.0.1:55185 - R:localhost/127.0.0.1:10639] for POST '/session/132dd9f114cb605e5023f90b6cc710df/element'
20:19:49.793 [AsyncHttpClient-1-20] DEBUG org.asynchttpclient.netty.handler.HttpHandler - 

Request DefaultHttpRequest(decodeResult: success, version: HTTP/1.1)
POST /session/132dd9f114cb605e5023f90b6cc710df/element HTTP/1.1
User-Agent: selenium/4.8.1 (java windows)
Content-Length: 54
Content-Type: application/json; charset=utf-8
host: localhost:10639
accept: */*

Response DefaultHttpResponse(decodeResult: success, version: HTTP/1.1)
HTTP/1.1 200 OK
Content-Length: 88
Content-Type: application/json; charset=utf-8
cache-control: no-cache

20:19:49.793 [AsyncHttpClient-1-20] DEBUG org.asynchttpclient.netty.channel.ChannelManager - Adding key: http://localhost:10639 for channel [id: 0xd4936677, L:/127.0.0.1:55185 - R:localhost/127.0.0.1:10639]
20:19:49.796 [Forwarding isElementDisplayed on session 132dd9f114cb605e5023f90b6cc710df to remote] DEBUG org.asynchttpclient.netty.request.NettyRequestSender - Using pooled Channel '[id: 0xd4936677, L:/127.0.0.1:55185 - R:localhost/127.0.0.1:10639]' for 'POST' to 'http://localhost:10639/session/132dd9f114cb605e5023f90b6cc710df/execute/sync'
20:19:49.796 [Forwarding isElementDisplayed on session 132dd9f114cb605e5023f90b6cc710df to remote] DEBUG org.asynchttpclient.netty.request.NettyRequestSender - Using open Channel [id: 0xd4936677, L:/127.0.0.1:55185 - R:localhost/127.0.0.1:10639] for POST '/session/132dd9f114cb605e5023f90b6cc710df/execute/sync'
20:19:49.806 [AsyncHttpClient-1-20] DEBUG org.asynchttpclient.netty.handler.HttpHandler - 

Request DefaultHttpRequest(decodeResult: success, version: HTTP/1.1)
POST /session/132dd9f114cb605e5023f90b6cc710df/execute/sync HTTP/1.1
User-Agent: selenium/4.8.1 (java windows)
Content-Length: 48807
Content-Type: application/json; charset=utf-8
host: localhost:10639
accept: */*

Response DefaultHttpResponse(decodeResult: success, version: HTTP/1.1)
HTTP/1.1 200 OK
Content-Length: 14
Content-Type: application/json; charset=utf-8
cache-control: no-cache

20:19:49.807 [AsyncHttpClient-1-20] DEBUG org.asynchttpclient.netty.channel.ChannelManager - Adding key: http://localhost:10639 for channel [id: 0xd4936677, L:/127.0.0.1:55185 - R:localhost/127.0.0.1:10639]
20:19:49.811 [Forwarding getAlertText on session 132dd9f114cb605e5023f90b6cc710df to remote] DEBUG org.asynchttpclient.netty.request.NettyRequestSender - Using pooled Channel '[id: 0xd4936677, L:/127.0.0.1:55185 - R:localhost/127.0.0.1:10639]' for 'GET' to 'http://localhost:10639/session/132dd9f114cb605e5023f90b6cc710df/alert/text'
20:19:49.811 [Forwarding getAlertText on session 132dd9f114cb605e5023f90b6cc710df to remote] DEBUG org.asynchttpclient.netty.request.NettyRequestSender - Using open Channel [id: 0xd4936677, L:/127.0.0.1:55185 - R:localhost/127.0.0.1:10639] for GET '/session/132dd9f114cb605e5023f90b6cc710df/alert/text'
20:19:49.812 [AsyncHttpClient-1-20] DEBUG org.asynchttpclient.netty.handler.HttpHandler - 

Request DefaultFullHttpRequest(decodeResult: success, version: HTTP/1.1, content: EmptyByteBufBE)
GET /session/132dd9f114cb605e5023f90b6cc710df/alert/text HTTP/1.1
User-Agent: selenium/4.8.1 (java windows)
Cache-Control: no-cache
Content-Type: application/json; charset=utf-8
host: localhost:10639
accept: */*

Response DefaultHttpResponse(decodeResult: success, version: HTTP/1.1)
HTTP/1.1 404 Not Found
Content-Length: 836
Content-Type: application/json; charset=utf-8
cache-control: no-cache

20:19:49.812 [AsyncHttpClient-1-20] DEBUG org.asynchttpclient.netty.channel.ChannelManager - Adding key: http://localhost:10639 for channel [id: 0xd4936677, L:/127.0.0.1:55185 - R:localhost/127.0.0.1:10639]
20:19:49.813 [Forwarding getCurrentUrl on session 132dd9f114cb605e5023f90b6cc710df to remote] DEBUG org.asynchttpclient.netty.request.NettyRequestSender - Using pooled Channel '[id: 0xd4936677, L:/127.0.0.1:55185 - R:localhost/127.0.0.1:10639]' for 'GET' to 'http://localhost:10639/session/132dd9f114cb605e5023f90b6cc710df/url'
20:19:49.813 [Forwarding getCurrentUrl on session 132dd9f114cb605e5023f90b6cc710df to remote] DEBUG org.asynchttpclient.netty.request.NettyRequestSender - Using open Channel [id: 0xd4936677, L:/127.0.0.1:55185 - R:localhost/127.0.0.1:10639] for GET '/session/132dd9f114cb605e5023f90b6cc710df/url'
20:19:49.816 [AsyncHttpClient-1-20] DEBUG org.asynchttpclient.netty.handler.HttpHandler - 

Request DefaultFullHttpRequest(decodeResult: success, version: HTTP/1.1, content: EmptyByteBufBE)
GET /session/132dd9f114cb605e5023f90b6cc710df/url HTTP/1.1
User-Agent: selenium/4.8.1 (java windows)
Cache-Control: no-cache
Content-Type: application/json; charset=utf-8
host: localhost:10639
accept: */*

Response DefaultHttpResponse(decodeResult: success, version: HTTP/1.1)
HTTP/1.1 200 OK
Content-Length: 51
Content-Type: application/json; charset=utf-8
cache-control: no-cache

20:19:49.816 [AsyncHttpClient-1-20] DEBUG org.asynchttpclient.netty.channel.ChannelManager - Adding key: http://localhost:10639 for channel [id: 0xd4936677, L:/127.0.0.1:55185 - R:localhost/127.0.0.1:10639]
20:19:49.817 [Forwarding screenshot on session 132dd9f114cb605e5023f90b6cc710df to remote] DEBUG org.asynchttpclient.netty.request.NettyRequestSender - Using pooled Channel '[id: 0xd4936677, L:/127.0.0.1:55185 - R:localhost/127.0.0.1:10639]' for 'GET' to 'http://localhost:10639/session/132dd9f114cb605e5023f90b6cc710df/screenshot'
20:19:49.817 [Forwarding screenshot on session 132dd9f114cb605e5023f90b6cc710df to remote] DEBUG org.asynchttpclient.netty.request.NettyRequestSender - Using open Channel [id: 0xd4936677, L:/127.0.0.1:55185 - R:localhost/127.0.0.1:10639] for GET '/session/132dd9f114cb605e5023f90b6cc710df/screenshot'
20:19:49.909 [AsyncHttpClient-1-20] DEBUG org.asynchttpclient.netty.handler.HttpHandler - 

Request DefaultFullHttpRequest(decodeResult: success, version: HTTP/1.1, content: EmptyByteBufBE)
GET /session/132dd9f114cb605e5023f90b6cc710df/screenshot HTTP/1.1
User-Agent: selenium/4.8.1 (java windows)
Cache-Control: no-cache
Content-Type: application/json; charset=utf-8
host: localhost:10639
accept: */*

Response DefaultHttpResponse(decodeResult: success, version: HTTP/1.1)
HTTP/1.1 200 OK
Content-Length: 35000
Content-Type: application/json; charset=utf-8
cache-control: no-cache

20:19:49.909 [AsyncHttpClient-1-20] DEBUG org.asynchttpclient.netty.channel.ChannelManager - Adding key: http://localhost:10639 for channel [id: 0xd4936677, L:/127.0.0.1:55185 - R:localhost/127.0.0.1:10639]
20:19:49.911 [main] DEBUG net.serenitybdd.core.photography.Darkroom - Send negative for processing for target\site\serenity\f19292ebdf61fd45a0b4829c8e6986b1f995128ba008318e175c659c353e4f7a.png
20:19:49.911 [main] DEBUG net.thucydides.core.steps.StepInterceptor - STEP DONE: incorrectAlert
  &amp#27;[32mThen &amp#27;[0m&amp#27;[32mI should see the error message&amp#27;[0m    &amp#27;[90m# starter.stepdefinitions.LoginSteps.alertContent()&amp#27;[0m
20:19:49.912 [Darkroom Processing Line] DEBUG net.serenitybdd.core.photography.DarkroomProcessingLine - Processing screenshot image in /var/screenshots/screenshot-4454230756821203277
20:19:49.912 [Darkroom Processing Line] DEBUG net.serenitybdd.core.photography.DarkroomProcessingLine - Saving screenshot to target\site\serenity\f19292ebdf61fd45a0b4829c8e6986b1f995128ba008318e175c659c353e4f7a.png
20:19:49.916 [main] INFO  - 
  _____   ___   ___   _____     ___     _     ___   ___   ___   ___  
 |_   _| | __| / __| |_   _|   | _ \   /_\   / __| / __| | __| |   \ 
   | |   | _|  \__ \   | |     |  _/  / _ \  \__ \ \__ \ | _|  | |) |
   |_|   |___| |___/   |_|     |_|   /_/ \_\ |___/ |___/ |___| |___/ 

Login with wrong password
----------------------------------------------------------------------
20:19:49.917 [AsyncHttpClient-1-22] DEBUG org.asynchttpclient.netty.handler.WebSocketHandler - Channel Closed: [id: 0x17e75888, L:/127.0.0.1:55196 ! R:localhost/127.0.0.1:55188] with attribute NettyResponseFuture{currentRetry=0,
	isDone=1,
	isCancelled=0,
	asyncHandler=org.asynchttpclient.ws.WebSocketUpgradeHandler@6b54a1fc,
	nettyRequest=org.asynchttpclient.netty.request.NettyRequest@2e5632f2,
	future=java.util.concurrent.CompletableFuture@29a9751e[Completed normally],
	uri=ws://localhost:55188/devtools/browser/a00cd1fb-9a1b-4c3e-b17e-97f4f63652a4,
	keepAlive=true,
	redirectCount=0,
	timeoutsHolder=null,
	inAuth=0,
	touch=1683379187588}
20:19:49.917 [AsyncHttpClient-1-22] DEBUG org.asynchttpclient.netty.channel.ChannelManager - Closing Channel [id: 0x17e75888, L:/127.0.0.1:55196 ! R:localhost/127.0.0.1:55188] 
20:19:49.917 [Driver Command Executor] DEBUG org.asynchttpclient.netty.request.NettyRequestSender - Using pooled Channel '[id: 0xd4936677, L:/127.0.0.1:55185 - R:localhost/127.0.0.1:10639]' for 'DELETE' to 'http://localhost:10639/session/132dd9f114cb605e5023f90b6cc710df'
20:19:49.917 [Driver Command Executor] DEBUG org.asynchttpclient.netty.request.NettyRequestSender - Using open Channel [id: 0xd4936677, L:/127.0.0.1:55185 - R:localhost/127.0.0.1:10639] for DELETE '/session/132dd9f114cb605e5023f90b6cc710df'
20:19:49.940 [AsyncHttpClient-1-21] DEBUG org.asynchttpclient.netty.handler.HttpHandler - Unexpected I/O exception on channel [id: 0x607a7bcf, L:/127.0.0.1:55195 - R:localhost/127.0.0.1:55188]
java.net.SocketException: Connection reset
	at java.base/sun.nio.ch.SocketChannelImpl.throwConnectionReset(SocketChannelImpl.java:367)
	at java.base/sun.nio.ch.SocketChannelImpl.read(SocketChannelImpl.java:398)
	at io.netty.buffer.PooledByteBuf.setBytes(PooledByteBuf.java:259)
	at io.netty.buffer.AbstractByteBuf.writeBytes(AbstractByteBuf.java:1132)
	at io.netty.channel.socket.nio.NioSocketChannel.doReadBytes(NioSocketChannel.java:357)
	at io.netty.channel.nio.AbstractNioByteChannel$NioByteUnsafe.read(AbstractNioByteChannel.java:151)
	at io.netty.channel.nio.NioEventLoop.processSelectedKey(NioEventLoop.java:788)
	at io.netty.channel.nio.NioEventLoop.processSelectedKeysOptimized(NioEventLoop.java:724)
	at io.netty.channel.nio.NioEventLoop.processSelectedKeys(NioEventLoop.java:650)
	at io.netty.channel.nio.NioEventLoop.run(NioEventLoop.java:562)
	at io.netty.util.concurrent.SingleThreadEventExecutor$4.run(SingleThreadEventExecutor.java:997)
	at io.netty.util.internal.ThreadExecutorMap$2.run(ThreadExecutorMap.java:74)
	at io.netty.util.concurrent.FastThreadLocalRunnable.run(FastThreadLocalRunnable.java:30)
	at java.base/java.lang.Thread.run(Thread.java:832)
20:19:49.941 [AsyncHttpClient-1-21] DEBUG org.asynchttpclient.netty.channel.ChannelManager - Closing Channel [id: 0x607a7bcf, L:/127.0.0.1:55195 - R:localhost/127.0.0.1:55188] 
20:19:49.941 [AsyncHttpClient-1-21] DEBUG org.asynchttpclient.netty.handler.HttpHandler - Channel Closed: [id: 0x607a7bcf, L:/127.0.0.1:55195 ! R:localhost/127.0.0.1:55188] with attribute DISCARD
20:19:49.949 [AsyncHttpClient-1-20] DEBUG org.asynchttpclient.netty.handler.HttpHandler - 

Request DefaultFullHttpRequest(decodeResult: success, version: HTTP/1.1, content: EmptyByteBufBE)
DELETE /session/132dd9f114cb605e5023f90b6cc710df HTTP/1.1
User-Agent: selenium/4.8.1 (java windows)
Content-Type: application/json; charset=utf-8
host: localhost:10639
accept: */*

Response DefaultHttpResponse(decodeResult: success, version: HTTP/1.1)
HTTP/1.1 200 OK
Content-Length: 14
Content-Type: application/json; charset=utf-8
cache-control: no-cache

20:19:49.949 [AsyncHttpClient-1-20] DEBUG org.asynchttpclient.netty.channel.ChannelManager - Adding key: http://localhost:10639 for channel [id: 0xd4936677, L:/127.0.0.1:55185 - R:localhost/127.0.0.1:10639]
20:19:50.041 [AsyncHttpClient-1-20] DEBUG org.asynchttpclient.netty.handler.HttpHandler - Channel Closed: [id: 0xd4936677, L:/127.0.0.1:55185 ! R:localhost/127.0.0.1:10639] with attribute DISCARD
20:19:50.455 [AsyncHttpClient-1-1] DEBUG org.asynchttpclient.netty.channel.DefaultChannelPool - Entry count for : http://localhost:55188 : 1
20:19:50.455 [AsyncHttpClient-1-1] DEBUG org.asynchttpclient.netty.channel.DefaultChannelPool - Entry count for : http://localhost:10639 : 1
20:19:50.455 [AsyncHttpClient-1-1] DEBUG org.asynchttpclient.netty.channel.DefaultChannelPool - Adding Candidate expired Channel [id: 0x607a7bcf, L:/127.0.0.1:55195 ! R:localhost/127.0.0.1:55188] isIdleTimeoutExpired=false isRemotelyClosed=true isTtlExpired=false
20:19:50.455 [AsyncHttpClient-1-1] DEBUG org.asynchttpclient.netty.channel.DefaultChannelPool - Closing Idle Channel [id: 0x607a7bcf, L:/127.0.0.1:55195 ! R:localhost/127.0.0.1:55188]
20:19:50.455 [AsyncHttpClient-1-1] DEBUG org.asynchttpclient.netty.channel.DefaultChannelPool - Adding Candidate expired Channel [id: 0xd4936677, L:/127.0.0.1:55185 ! R:localhost/127.0.0.1:10639] isIdleTimeoutExpired=false isRemotelyClosed=true isTtlExpired=false
20:19:50.455 [AsyncHttpClient-1-1] DEBUG org.asynchttpclient.netty.channel.DefaultChannelPool - Closing Idle Channel [id: 0xd4936677, L:/127.0.0.1:55185 ! R:localhost/127.0.0.1:10639]
20:19:50.455 [AsyncHttpClient-1-1] DEBUG org.asynchttpclient.netty.channel.DefaultChannelPool - Closed 2 connections out of 2 in 0 ms
]]></system-out>
    <system-err><![CDATA[Starting ChromeDriver 111.0.5563.64 (c710e93d5b63b7095afe8c2c17df34408078439d-refs/branch-heads/5563@{#995}) on port 10639
Only local connections are allowed.
Please see https://chromedriver.chromium.org/security-considerations for suggestions on keeping ChromeDriver safe.
ChromeDriver was started successfully.
[1683379187.570][WARNING]: This version of ChromeDriver has not been tested with Chrome version 112.
May 06, 2023 8:19:47 PM org.openqa.selenium.devtools.CdpVersionFinder findNearestMatch
WARNING: Unable to find an exact match for CDP version 112, so returning the closest version found: 110
]]></system-err>
  </testcase>
  <testcase name="Login with wrong email" classname="Login to Alta-shop Account" time="3.632">
    <system-out><![CDATA[
Scenario: Login with wrong email         &amp#27;[90m# src/test/resources/features/2. Login.feature:21&amp#27;[0m
20:19:50.568 [main] DEBUG io.cucumber.core.plugin.SerenityReporter - Running feature from file:///C:/Users/WINDOWS%2010/Documents/GitHub/MiniProject_QE/Web/code/minpro/src/test/resources/features/2.%20Login.feature
20:19:50.573 [main] INFO  - 
  _____   ___   ___   _____     ___   _____     _     ___   _____   ___   ___  
 |_   _| | __| / __| |_   _|   / __| |_   _|   /_\   | _ \ |_   _| | __| |   \ 
   | |   | _|  \__ \   | |     \__ \   | |    / _ \  |   /   | |   | _|  | |) |
   |_|   |___| |___/   |_|     |___/   |_|   /_/ \_\ |_|_\   |_|   |___| |___/ 

Login with wrong email(login-to-alta-shop-account;login-with-wrong-email)
--------------------------------------------------------------------------------
20:19:50.601 [main] DEBUG net.thucydides.core.steps.StepInterceptor - STARTING STEP: LoginSteps.onTheLoginPage - openPage
20:19:50.652 [main] INFO net.serenitybdd.core.webdriver.driverproviders.ChromeDriverProvider - Starting Chrome driver instance with capabilities:
20:19:50.652 [main] INFO net.serenitybdd.core.webdriver.driverproviders.ChromeDriverProvider - Capabilities {acceptInsecureCerts: false, browserName: chrome, goog:chromeOptions: {args: [remote-allow-origins=*], extensions: []}}
20:19:50.722 [AsyncHttpClient-1-23] DEBUG org.asynchttpclient.netty.channel.NettyConnectListener - Using new Channel '[id: 0x35b83927, L:/127.0.0.1:55214 - R:localhost/127.0.0.1:23120]' for 'POST' to '/session'
20:19:51.486 [AsyncHttpClient-1-23] DEBUG org.asynchttpclient.netty.handler.HttpHandler - 

Request DefaultHttpRequest(decodeResult: success, version: HTTP/1.1)
POST /session HTTP/1.1
User-Agent: selenium/4.8.1 (java windows)
Content-Length: 507
Content-Type: application/json; charset=utf-8
host: localhost:23120
accept: */*

Response DefaultHttpResponse(decodeResult: success, version: HTTP/1.1)
HTTP/1.1 200 OK
Content-Length: 863
Content-Type: application/json; charset=utf-8
cache-control: no-cache

20:19:51.487 [AsyncHttpClient-1-23] DEBUG org.asynchttpclient.netty.channel.ChannelManager - Adding key: http://localhost:23120 for channel [id: 0x35b83927, L:/127.0.0.1:55214 - R:localhost/127.0.0.1:23120]
20:19:51.494 [AsyncHttpClient-1-24] DEBUG org.asynchttpclient.netty.channel.NettyConnectListener - Using new Channel '[id: 0x0714fefc, L:/127.0.0.1:55222 - R:localhost/127.0.0.1:55216]' for 'GET' to '/json/version'
20:19:51.496 [AsyncHttpClient-1-24] DEBUG org.asynchttpclient.netty.handler.HttpHandler - 

Request DefaultFullHttpRequest(decodeResult: success, version: HTTP/1.1, content: EmptyByteBufBE)
GET /json/version HTTP/1.1
User-Agent: selenium/4.8.1 (java windows)
host: localhost:55216
accept: */*

Response DefaultHttpResponse(decodeResult: success, version: HTTP/1.1)
HTTP/1.1 200 OK
Content-Security-Policy: frame-ancestors 'none'
Content-Length: 424
Content-Type: application/json; charset=UTF-8

20:19:51.497 [AsyncHttpClient-1-24] DEBUG org.asynchttpclient.netty.channel.ChannelManager - Adding key: http://localhost:55216 for channel [id: 0x0714fefc, L:/127.0.0.1:55222 - R:localhost/127.0.0.1:55216]
20:19:51.499 [AsyncHttpClient-1-25] DEBUG org.asynchttpclient.netty.channel.NettyConnectListener - Using new Channel '[id: 0x881cabc5, L:/127.0.0.1:55223 - R:localhost/127.0.0.1:55216]' for 'GET' to '/devtools/browser/39ff81de-183c-4b57-869b-1e3f64029761'
20:19:51.501 [AsyncHttpClient-1-25] DEBUG org.asynchttpclient.netty.handler.WebSocketHandler - 

Request DefaultFullHttpRequest(decodeResult: success, version: HTTP/1.1, content: EmptyByteBufBE)
GET /devtools/browser/39ff81de-183c-4b57-869b-1e3f64029761 HTTP/1.1
upgrade: websocket
connection: upgrade
sec-websocket-key: 7EFLA/Xf5nt+c010QGR3/w==
sec-websocket-version: 13
origin: http://localhost:55216
host: localhost:55216
accept: */*
user-agent: AHC/2.1

Response DefaultHttpResponse(decodeResult: success, version: HTTP/1.1)
HTTP/1.1 101 WebSocket Protocol Handshake
Upgrade: WebSocket
Connection: Upgrade
Sec-WebSocket-Accept: 1hrWcDLChqAWbnIvjR06MZ/AO1E=

20:19:51.506 [Forwarding get on session 1814487d22d3d34320d2125865d63c41 to remote] DEBUG org.asynchttpclient.netty.request.NettyRequestSender - Using pooled Channel '[id: 0x35b83927, L:/127.0.0.1:55214 - R:localhost/127.0.0.1:23120]' for 'POST' to 'http://localhost:23120/session/1814487d22d3d34320d2125865d63c41/url'
20:19:51.506 [Forwarding get on session 1814487d22d3d34320d2125865d63c41 to remote] DEBUG org.asynchttpclient.netty.request.NettyRequestSender - Using open Channel [id: 0x35b83927, L:/127.0.0.1:55214 - R:localhost/127.0.0.1:23120] for POST '/session/1814487d22d3d34320d2125865d63c41/url'
20:19:51.561 [AsyncHttpClient-1-1] DEBUG org.asynchttpclient.netty.channel.DefaultChannelPool - Entry count for : http://localhost:55216 : 1
20:19:52.218 [AsyncHttpClient-1-23] DEBUG org.asynchttpclient.netty.handler.HttpHandler - 

Request DefaultHttpRequest(decodeResult: success, version: HTTP/1.1)
POST /session/1814487d22d3d34320d2125865d63c41/url HTTP/1.1
User-Agent: selenium/4.8.1 (java windows)
Content-Length: 74
Content-Type: application/json; charset=utf-8
host: localhost:23120
accept: */*

Response DefaultHttpResponse(decodeResult: success, version: HTTP/1.1)
HTTP/1.1 200 OK
Content-Length: 14
Content-Type: application/json; charset=utf-8
cache-control: no-cache

20:19:52.218 [AsyncHttpClient-1-23] DEBUG org.asynchttpclient.netty.channel.ChannelManager - Adding key: http://localhost:23120 for channel [id: 0x35b83927, L:/127.0.0.1:55214 - R:localhost/127.0.0.1:23120]
20:19:52.219 [Forwarding setTimeout on session 1814487d22d3d34320d2125865d63c41 to remote] DEBUG org.asynchttpclient.netty.request.NettyRequestSender - Using pooled Channel '[id: 0x35b83927, L:/127.0.0.1:55214 - R:localhost/127.0.0.1:23120]' for 'POST' to 'http://localhost:23120/session/1814487d22d3d34320d2125865d63c41/timeouts'
20:19:52.219 [Forwarding setTimeout on session 1814487d22d3d34320d2125865d63c41 to remote] DEBUG org.asynchttpclient.netty.request.NettyRequestSender - Using open Channel [id: 0x35b83927, L:/127.0.0.1:55214 - R:localhost/127.0.0.1:23120] for POST '/session/1814487d22d3d34320d2125865d63c41/timeouts'
20:19:52.220 [AsyncHttpClient-1-23] DEBUG org.asynchttpclient.netty.handler.HttpHandler - 

Request DefaultHttpRequest(decodeResult: success, version: HTTP/1.1)
POST /session/1814487d22d3d34320d2125865d63c41/timeouts HTTP/1.1
User-Agent: selenium/4.8.1 (java windows)
Content-Length: 22
Content-Type: application/json; charset=utf-8
host: localhost:23120
accept: */*

Response DefaultHttpResponse(decodeResult: success, version: HTTP/1.1)
HTTP/1.1 200 OK
Content-Length: 14
Content-Type: application/json; charset=utf-8
cache-control: no-cache

20:19:52.220 [AsyncHttpClient-1-23] DEBUG org.asynchttpclient.netty.channel.ChannelManager - Adding key: http://localhost:23120 for channel [id: 0x35b83927, L:/127.0.0.1:55214 - R:localhost/127.0.0.1:23120]
20:19:52.226 [Forwarding getAlertText on session 1814487d22d3d34320d2125865d63c41 to remote] DEBUG org.asynchttpclient.netty.request.NettyRequestSender - Using pooled Channel '[id: 0x35b83927, L:/127.0.0.1:55214 - R:localhost/127.0.0.1:23120]' for 'GET' to 'http://localhost:23120/session/1814487d22d3d34320d2125865d63c41/alert/text'
20:19:52.226 [Forwarding getAlertText on session 1814487d22d3d34320d2125865d63c41 to remote] DEBUG org.asynchttpclient.netty.request.NettyRequestSender - Using open Channel [id: 0x35b83927, L:/127.0.0.1:55214 - R:localhost/127.0.0.1:23120] for GET '/session/1814487d22d3d34320d2125865d63c41/alert/text'
20:19:52.227 [AsyncHttpClient-1-23] DEBUG org.asynchttpclient.netty.handler.HttpHandler - 

Request DefaultFullHttpRequest(decodeResult: success, version: HTTP/1.1, content: EmptyByteBufBE)
GET /session/1814487d22d3d34320d2125865d63c41/alert/text HTTP/1.1
User-Agent: selenium/4.8.1 (java windows)
Cache-Control: no-cache
Content-Type: application/json; charset=utf-8
host: localhost:23120
accept: */*

Response DefaultHttpResponse(decodeResult: success, version: HTTP/1.1)
HTTP/1.1 404 Not Found
Content-Length: 836
Content-Type: application/json; charset=utf-8
cache-control: no-cache

20:19:52.227 [AsyncHttpClient-1-23] DEBUG org.asynchttpclient.netty.channel.ChannelManager - Adding key: http://localhost:23120 for channel [id: 0x35b83927, L:/127.0.0.1:55214 - R:localhost/127.0.0.1:23120]
20:19:52.228 [Forwarding getCurrentUrl on session 1814487d22d3d34320d2125865d63c41 to remote] DEBUG org.asynchttpclient.netty.request.NettyRequestSender - Using pooled Channel '[id: 0x35b83927, L:/127.0.0.1:55214 - R:localhost/127.0.0.1:23120]' for 'GET' to 'http://localhost:23120/session/1814487d22d3d34320d2125865d63c41/url'
20:19:52.228 [Forwarding getCurrentUrl on session 1814487d22d3d34320d2125865d63c41 to remote] DEBUG org.asynchttpclient.netty.request.NettyRequestSender - Using open Channel [id: 0x35b83927, L:/127.0.0.1:55214 - R:localhost/127.0.0.1:23120] for GET '/session/1814487d22d3d34320d2125865d63c41/url'
20:19:52.232 [AsyncHttpClient-1-23] DEBUG org.asynchttpclient.netty.handler.HttpHandler - 

Request DefaultFullHttpRequest(decodeResult: success, version: HTTP/1.1, content: EmptyByteBufBE)
GET /session/1814487d22d3d34320d2125865d63c41/url HTTP/1.1
User-Agent: selenium/4.8.1 (java windows)
Cache-Control: no-cache
Content-Type: application/json; charset=utf-8
host: localhost:23120
accept: */*

Response DefaultHttpResponse(decodeResult: success, version: HTTP/1.1)
HTTP/1.1 200 OK
Content-Length: 51
Content-Type: application/json; charset=utf-8
cache-control: no-cache

20:19:52.232 [AsyncHttpClient-1-23] DEBUG org.asynchttpclient.netty.channel.ChannelManager - Adding key: http://localhost:23120 for channel [id: 0x35b83927, L:/127.0.0.1:55214 - R:localhost/127.0.0.1:23120]
20:19:52.232 [Forwarding screenshot on session 1814487d22d3d34320d2125865d63c41 to remote] DEBUG org.asynchttpclient.netty.request.NettyRequestSender - Using pooled Channel '[id: 0x35b83927, L:/127.0.0.1:55214 - R:localhost/127.0.0.1:23120]' for 'GET' to 'http://localhost:23120/session/1814487d22d3d34320d2125865d63c41/screenshot'
20:19:52.232 [Forwarding screenshot on session 1814487d22d3d34320d2125865d63c41 to remote] DEBUG org.asynchttpclient.netty.request.NettyRequestSender - Using open Channel [id: 0x35b83927, L:/127.0.0.1:55214 - R:localhost/127.0.0.1:23120] for GET '/session/1814487d22d3d34320d2125865d63c41/screenshot'
20:19:52.303 [AsyncHttpClient-1-23] DEBUG org.asynchttpclient.netty.handler.HttpHandler - 

Request DefaultFullHttpRequest(decodeResult: success, version: HTTP/1.1, content: EmptyByteBufBE)
GET /session/1814487d22d3d34320d2125865d63c41/screenshot HTTP/1.1
User-Agent: selenium/4.8.1 (java windows)
Cache-Control: no-cache
Content-Type: application/json; charset=utf-8
host: localhost:23120
accept: */*

Response DefaultHttpResponse(decodeResult: success, version: HTTP/1.1)
HTTP/1.1 200 OK
Content-Length: 25208
Content-Type: application/json; charset=utf-8
cache-control: no-cache

20:19:52.304 [AsyncHttpClient-1-23] DEBUG org.asynchttpclient.netty.channel.ChannelManager - Adding key: http://localhost:23120 for channel [id: 0x35b83927, L:/127.0.0.1:55214 - R:localhost/127.0.0.1:23120]
20:19:52.306 [main] DEBUG net.serenitybdd.core.photography.Darkroom - Send negative for processing for target\site\serenity\edb14d4aab401efa0e4fb99861e6ffcafebc86a67b69f7828890b9910ed2ddbd.png
20:19:52.306 [main] DEBUG net.thucydides.core.steps.StepInterceptor - STEP DONE: openPage
  &amp#27;[32mGiven &amp#27;[0m&amp#27;[32mI am on the alta-shop login page&amp#27;[0m &amp#27;[90m# starter.stepdefinitions.LoginSteps.onTheLoginPage()&amp#27;[0m
20:19:52.316 [Forwarding getPageSource on session 1814487d22d3d34320d2125865d63c41 to remote] DEBUG org.asynchttpclient.netty.request.NettyRequestSender - Using pooled Channel '[id: 0x35b83927, L:/127.0.0.1:55214 - R:localhost/127.0.0.1:23120]' for 'POST' to 'http://localhost:23120/session/1814487d22d3d34320d2125865d63c41/execute/sync'
20:19:52.316 [Forwarding getPageSource on session 1814487d22d3d34320d2125865d63c41 to remote] DEBUG org.asynchttpclient.netty.request.NettyRequestSender - Using open Channel [id: 0x35b83927, L:/127.0.0.1:55214 - R:localhost/127.0.0.1:23120] for POST '/session/1814487d22d3d34320d2125865d63c41/execute/sync'
20:19:52.323 [AsyncHttpClient-1-23] DEBUG org.asynchttpclient.netty.handler.HttpHandler - 

Request DefaultHttpRequest(decodeResult: success, version: HTTP/1.1)
POST /session/1814487d22d3d34320d2125865d63c41/execute/sync HTTP/1.1
User-Agent: selenium/4.8.1 (java windows)
Content-Length: 176
Content-Type: application/json; charset=utf-8
host: localhost:23120
accept: */*

Response DefaultHttpResponse(decodeResult: success, version: HTTP/1.1)
HTTP/1.1 200 OK
Content-Length: 21659
Content-Type: application/json; charset=utf-8
cache-control: no-cache

20:19:52.324 [AsyncHttpClient-1-23] DEBUG org.asynchttpclient.netty.channel.ChannelManager - Adding key: http://localhost:23120 for channel [id: 0x35b83927, L:/127.0.0.1:55214 - R:localhost/127.0.0.1:23120]
20:19:52.326 [Forwarding getCurrentUrl on session 1814487d22d3d34320d2125865d63c41 to remote] DEBUG org.asynchttpclient.netty.request.NettyRequestSender - Using pooled Channel '[id: 0x35b83927, L:/127.0.0.1:55214 - R:localhost/127.0.0.1:23120]' for 'GET' to 'http://localhost:23120/session/1814487d22d3d34320d2125865d63c41/url'
20:19:52.326 [Forwarding getCurrentUrl on session 1814487d22d3d34320d2125865d63c41 to remote] DEBUG org.asynchttpclient.netty.request.NettyRequestSender - Using open Channel [id: 0x35b83927, L:/127.0.0.1:55214 - R:localhost/127.0.0.1:23120] for GET '/session/1814487d22d3d34320d2125865d63c41/url'
20:19:52.329 [AsyncHttpClient-1-23] DEBUG org.asynchttpclient.netty.handler.HttpHandler - 

Request DefaultFullHttpRequest(decodeResult: success, version: HTTP/1.1, content: EmptyByteBufBE)
GET /session/1814487d22d3d34320d2125865d63c41/url HTTP/1.1
User-Agent: selenium/4.8.1 (java windows)
Cache-Control: no-cache
Content-Type: application/json; charset=utf-8
host: localhost:23120
accept: */*

Response DefaultHttpResponse(decodeResult: success, version: HTTP/1.1)
HTTP/1.1 200 OK
Content-Length: 51
Content-Type: application/json; charset=utf-8
cache-control: no-cache

20:19:52.330 [AsyncHttpClient-1-23] DEBUG org.asynchttpclient.netty.channel.ChannelManager - Adding key: http://localhost:23120 for channel [id: 0x35b83927, L:/127.0.0.1:55214 - R:localhost/127.0.0.1:23120]
20:19:52.339 [Forwarding getPageSource on session 1814487d22d3d34320d2125865d63c41 to remote] DEBUG org.asynchttpclient.netty.request.NettyRequestSender - Using pooled Channel '[id: 0x35b83927, L:/127.0.0.1:55214 - R:localhost/127.0.0.1:23120]' for 'POST' to 'http://localhost:23120/session/1814487d22d3d34320d2125865d63c41/execute/sync'
20:19:52.339 [Forwarding getPageSource on session 1814487d22d3d34320d2125865d63c41 to remote] DEBUG org.asynchttpclient.netty.request.NettyRequestSender - Using open Channel [id: 0x35b83927, L:/127.0.0.1:55214 - R:localhost/127.0.0.1:23120] for POST '/session/1814487d22d3d34320d2125865d63c41/execute/sync'
20:19:52.344 [AsyncHttpClient-1-23] DEBUG org.asynchttpclient.netty.handler.HttpHandler - 

Request DefaultHttpRequest(decodeResult: success, version: HTTP/1.1)
POST /session/1814487d22d3d34320d2125865d63c41/execute/sync HTTP/1.1
User-Agent: selenium/4.8.1 (java windows)
Content-Length: 176
Content-Type: application/json; charset=utf-8
host: localhost:23120
accept: */*

Response DefaultHttpResponse(decodeResult: success, version: HTTP/1.1)
HTTP/1.1 200 OK
Content-Length: 21659
Content-Type: application/json; charset=utf-8
cache-control: no-cache

20:19:52.345 [AsyncHttpClient-1-23] DEBUG org.asynchttpclient.netty.channel.ChannelManager - Adding key: http://localhost:23120 for channel [id: 0x35b83927, L:/127.0.0.1:55214 - R:localhost/127.0.0.1:23120]
20:19:52.348 [Forwarding getCurrentUrl on session 1814487d22d3d34320d2125865d63c41 to remote] DEBUG org.asynchttpclient.netty.request.NettyRequestSender - Using pooled Channel '[id: 0x35b83927, L:/127.0.0.1:55214 - R:localhost/127.0.0.1:23120]' for 'GET' to 'http://localhost:23120/session/1814487d22d3d34320d2125865d63c41/url'
20:19:52.348 [Forwarding getCurrentUrl on session 1814487d22d3d34320d2125865d63c41 to remote] DEBUG org.asynchttpclient.netty.request.NettyRequestSender - Using open Channel [id: 0x35b83927, L:/127.0.0.1:55214 - R:localhost/127.0.0.1:23120] for GET '/session/1814487d22d3d34320d2125865d63c41/url'
20:19:52.351 [AsyncHttpClient-1-23] DEBUG org.asynchttpclient.netty.handler.HttpHandler - 

Request DefaultFullHttpRequest(decodeResult: success, version: HTTP/1.1, content: EmptyByteBufBE)
GET /session/1814487d22d3d34320d2125865d63c41/url HTTP/1.1
User-Agent: selenium/4.8.1 (java windows)
Cache-Control: no-cache
Content-Type: application/json; charset=utf-8
host: localhost:23120
accept: */*

Response DefaultHttpResponse(decodeResult: success, version: HTTP/1.1)
HTTP/1.1 200 OK
Content-Length: 51
Content-Type: application/json; charset=utf-8
cache-control: no-cache

20:19:52.351 [AsyncHttpClient-1-23] DEBUG org.asynchttpclient.netty.channel.ChannelManager - Adding key: http://localhost:23120 for channel [id: 0x35b83927, L:/127.0.0.1:55214 - R:localhost/127.0.0.1:23120]
20:19:52.354 [main] DEBUG net.thucydides.core.steps.StepInterceptor - STARTING STEP: LoginSteps.inputIncorrectEmail - inputEmail
20:19:52.357 [Forwarding findElement on session 1814487d22d3d34320d2125865d63c41 to remote] DEBUG org.asynchttpclient.netty.request.NettyRequestSender - Using pooled Channel '[id: 0x35b83927, L:/127.0.0.1:55214 - R:localhost/127.0.0.1:23120]' for 'POST' to 'http://localhost:23120/session/1814487d22d3d34320d2125865d63c41/element'
20:19:52.357 [Forwarding findElement on session 1814487d22d3d34320d2125865d63c41 to remote] DEBUG org.asynchttpclient.netty.request.NettyRequestSender - Using open Channel [id: 0x35b83927, L:/127.0.0.1:55214 - R:localhost/127.0.0.1:23120] for POST '/session/1814487d22d3d34320d2125865d63c41/element'
20:19:52.367 [AsyncHttpClient-1-23] DEBUG org.asynchttpclient.netty.handler.HttpHandler - 

Request DefaultHttpRequest(decodeResult: success, version: HTTP/1.1)
POST /session/1814487d22d3d34320d2125865d63c41/element HTTP/1.1
User-Agent: selenium/4.8.1 (java windows)
Content-Length: 55
Content-Type: application/json; charset=utf-8
host: localhost:23120
accept: */*

Response DefaultHttpResponse(decodeResult: success, version: HTTP/1.1)
HTTP/1.1 200 OK
Content-Length: 88
Content-Type: application/json; charset=utf-8
cache-control: no-cache

20:19:52.367 [AsyncHttpClient-1-23] DEBUG org.asynchttpclient.netty.channel.ChannelManager - Adding key: http://localhost:23120 for channel [id: 0x35b83927, L:/127.0.0.1:55214 - R:localhost/127.0.0.1:23120]
20:19:52.368 [Forwarding clearElement on session 1814487d22d3d34320d2125865d63c41 to remote] DEBUG org.asynchttpclient.netty.request.NettyRequestSender - Using pooled Channel '[id: 0x35b83927, L:/127.0.0.1:55214 - R:localhost/127.0.0.1:23120]' for 'POST' to 'http://localhost:23120/session/1814487d22d3d34320d2125865d63c41/element/ae9a7e12-e420-4be2-a11c-b87ac88ed0b5/clear'
20:19:52.368 [Forwarding clearElement on session 1814487d22d3d34320d2125865d63c41 to remote] DEBUG org.asynchttpclient.netty.request.NettyRequestSender - Using open Channel [id: 0x35b83927, L:/127.0.0.1:55214 - R:localhost/127.0.0.1:23120] for POST '/session/1814487d22d3d34320d2125865d63c41/element/ae9a7e12-e420-4be2-a11c-b87ac88ed0b5/clear'
20:19:52.393 [AsyncHttpClient-1-23] DEBUG org.asynchttpclient.netty.handler.HttpHandler - 

Request DefaultHttpRequest(decodeResult: success, version: HTTP/1.1)
POST /session/1814487d22d3d34320d2125865d63c41/element/ae9a7e12-e420-4be2-a11c-b87ac88ed0b5/clear HTTP/1.1
User-Agent: selenium/4.8.1 (java windows)
Content-Length: 50
Content-Type: application/json; charset=utf-8
host: localhost:23120
accept: */*

Response DefaultHttpResponse(decodeResult: success, version: HTTP/1.1)
HTTP/1.1 200 OK
Content-Length: 14
Content-Type: application/json; charset=utf-8
cache-control: no-cache

20:19:52.394 [AsyncHttpClient-1-23] DEBUG org.asynchttpclient.netty.channel.ChannelManager - Adding key: http://localhost:23120 for channel [id: 0x35b83927, L:/127.0.0.1:55214 - R:localhost/127.0.0.1:23120]
20:19:52.395 [Forwarding sendKeysToElement on session 1814487d22d3d34320d2125865d63c41 to remote] DEBUG org.asynchttpclient.netty.request.NettyRequestSender - Using pooled Channel '[id: 0x35b83927, L:/127.0.0.1:55214 - R:localhost/127.0.0.1:23120]' for 'POST' to 'http://localhost:23120/session/1814487d22d3d34320d2125865d63c41/element/ae9a7e12-e420-4be2-a11c-b87ac88ed0b5/value'
20:19:52.395 [Forwarding sendKeysToElement on session 1814487d22d3d34320d2125865d63c41 to remote] DEBUG org.asynchttpclient.netty.request.NettyRequestSender - Using open Channel [id: 0x35b83927, L:/127.0.0.1:55214 - R:localhost/127.0.0.1:23120] for POST '/session/1814487d22d3d34320d2125865d63c41/element/ae9a7e12-e420-4be2-a11c-b87ac88ed0b5/value'
20:19:52.505 [AsyncHttpClient-1-23] DEBUG org.asynchttpclient.netty.handler.HttpHandler - 

Request DefaultHttpRequest(decodeResult: success, version: HTTP/1.1)
POST /session/1814487d22d3d34320d2125865d63c41/element/ae9a7e12-e420-4be2-a11c-b87ac88ed0b5/value HTTP/1.1
User-Agent: selenium/4.8.1 (java windows)
Content-Length: 271
Content-Type: application/json; charset=utf-8
host: localhost:23120
accept: */*

Response DefaultHttpResponse(decodeResult: success, version: HTTP/1.1)
HTTP/1.1 200 OK
Content-Length: 14
Content-Type: application/json; charset=utf-8
cache-control: no-cache

20:19:52.505 [AsyncHttpClient-1-23] DEBUG org.asynchttpclient.netty.channel.ChannelManager - Adding key: http://localhost:23120 for channel [id: 0x35b83927, L:/127.0.0.1:55214 - R:localhost/127.0.0.1:23120]
20:19:52.511 [Forwarding getAlertText on session 1814487d22d3d34320d2125865d63c41 to remote] DEBUG org.asynchttpclient.netty.request.NettyRequestSender - Using pooled Channel '[id: 0x35b83927, L:/127.0.0.1:55214 - R:localhost/127.0.0.1:23120]' for 'GET' to 'http://localhost:23120/session/1814487d22d3d34320d2125865d63c41/alert/text'
20:19:52.511 [Forwarding getAlertText on session 1814487d22d3d34320d2125865d63c41 to remote] DEBUG org.asynchttpclient.netty.request.NettyRequestSender - Using open Channel [id: 0x35b83927, L:/127.0.0.1:55214 - R:localhost/127.0.0.1:23120] for GET '/session/1814487d22d3d34320d2125865d63c41/alert/text'
20:19:52.514 [AsyncHttpClient-1-23] DEBUG org.asynchttpclient.netty.handler.HttpHandler - 

Request DefaultFullHttpRequest(decodeResult: success, version: HTTP/1.1, content: EmptyByteBufBE)
GET /session/1814487d22d3d34320d2125865d63c41/alert/text HTTP/1.1
User-Agent: selenium/4.8.1 (java windows)
Cache-Control: no-cache
Content-Type: application/json; charset=utf-8
host: localhost:23120
accept: */*

Response DefaultHttpResponse(decodeResult: success, version: HTTP/1.1)
HTTP/1.1 404 Not Found
Content-Length: 836
Content-Type: application/json; charset=utf-8
cache-control: no-cache

20:19:52.514 [AsyncHttpClient-1-23] DEBUG org.asynchttpclient.netty.channel.ChannelManager - Adding key: http://localhost:23120 for channel [id: 0x35b83927, L:/127.0.0.1:55214 - R:localhost/127.0.0.1:23120]
20:19:52.515 [Forwarding getCurrentUrl on session 1814487d22d3d34320d2125865d63c41 to remote] DEBUG org.asynchttpclient.netty.request.NettyRequestSender - Using pooled Channel '[id: 0x35b83927, L:/127.0.0.1:55214 - R:localhost/127.0.0.1:23120]' for 'GET' to 'http://localhost:23120/session/1814487d22d3d34320d2125865d63c41/url'
20:19:52.515 [Forwarding getCurrentUrl on session 1814487d22d3d34320d2125865d63c41 to remote] DEBUG org.asynchttpclient.netty.request.NettyRequestSender - Using open Channel [id: 0x35b83927, L:/127.0.0.1:55214 - R:localhost/127.0.0.1:23120] for GET '/session/1814487d22d3d34320d2125865d63c41/url'
20:19:52.518 [AsyncHttpClient-1-23] DEBUG org.asynchttpclient.netty.handler.HttpHandler - 

Request DefaultFullHttpRequest(decodeResult: success, version: HTTP/1.1, content: EmptyByteBufBE)
GET /session/1814487d22d3d34320d2125865d63c41/url HTTP/1.1
User-Agent: selenium/4.8.1 (java windows)
Cache-Control: no-cache
Content-Type: application/json; charset=utf-8
host: localhost:23120
accept: */*

Response DefaultHttpResponse(decodeResult: success, version: HTTP/1.1)
HTTP/1.1 200 OK
Content-Length: 51
Content-Type: application/json; charset=utf-8
cache-control: no-cache

20:19:52.518 [AsyncHttpClient-1-23] DEBUG org.asynchttpclient.netty.channel.ChannelManager - Adding key: http://localhost:23120 for channel [id: 0x35b83927, L:/127.0.0.1:55214 - R:localhost/127.0.0.1:23120]
20:19:52.519 [Forwarding screenshot on session 1814487d22d3d34320d2125865d63c41 to remote] DEBUG org.asynchttpclient.netty.request.NettyRequestSender - Using pooled Channel '[id: 0x35b83927, L:/127.0.0.1:55214 - R:localhost/127.0.0.1:23120]' for 'GET' to 'http://localhost:23120/session/1814487d22d3d34320d2125865d63c41/screenshot'
20:19:52.519 [Forwarding screenshot on session 1814487d22d3d34320d2125865d63c41 to remote] DEBUG org.asynchttpclient.netty.request.NettyRequestSender - Using open Channel [id: 0x35b83927, L:/127.0.0.1:55214 - R:localhost/127.0.0.1:23120] for GET '/session/1814487d22d3d34320d2125865d63c41/screenshot'
20:19:52.618 [AsyncHttpClient-1-23] DEBUG org.asynchttpclient.netty.handler.HttpHandler - 

Request DefaultFullHttpRequest(decodeResult: success, version: HTTP/1.1, content: EmptyByteBufBE)
GET /session/1814487d22d3d34320d2125865d63c41/screenshot HTTP/1.1
User-Agent: selenium/4.8.1 (java windows)
Cache-Control: no-cache
Content-Type: application/json; charset=utf-8
host: localhost:23120
accept: */*

Response DefaultHttpResponse(decodeResult: success, version: HTTP/1.1)
HTTP/1.1 200 OK
Content-Length: 30688
Content-Type: application/json; charset=utf-8
cache-control: no-cache

20:19:52.618 [AsyncHttpClient-1-23] DEBUG org.asynchttpclient.netty.channel.ChannelManager - Adding key: http://localhost:23120 for channel [id: 0x35b83927, L:/127.0.0.1:55214 - R:localhost/127.0.0.1:23120]
20:19:52.619 [main] DEBUG net.serenitybdd.core.photography.Darkroom - Send negative for processing for target\site\serenity\0f4e211fb9dd3d8e7542d9b49d04d5c355998b7f734d8c333addf6b068ee18ae.png
20:19:52.619 [main] DEBUG net.thucydides.core.steps.StepInterceptor - STEP DONE: inputEmail
  &amp#27;[32mAnd &amp#27;[0m&amp#27;[32mI enter incorrect email&amp#27;[0m            &amp#27;[90m# starter.stepdefinitions.LoginSteps.inputIncorrectEmail()&amp#27;[0m
20:19:52.619 [Darkroom Processing Line] DEBUG net.serenitybdd.core.photography.DarkroomProcessingLine - Processing screenshot image in /var/screenshots/screenshot-964937875752802549
20:19:52.619 [Darkroom Processing Line] DEBUG net.serenitybdd.core.photography.DarkroomProcessingLine - Saving screenshot to target\site\serenity\0f4e211fb9dd3d8e7542d9b49d04d5c355998b7f734d8c333addf6b068ee18ae.png
20:19:52.629 [Forwarding getPageSource on session 1814487d22d3d34320d2125865d63c41 to remote] DEBUG org.asynchttpclient.netty.request.NettyRequestSender - Using pooled Channel '[id: 0x35b83927, L:/127.0.0.1:55214 - R:localhost/127.0.0.1:23120]' for 'POST' to 'http://localhost:23120/session/1814487d22d3d34320d2125865d63c41/execute/sync'
20:19:52.629 [Forwarding getPageSource on session 1814487d22d3d34320d2125865d63c41 to remote] DEBUG org.asynchttpclient.netty.request.NettyRequestSender - Using open Channel [id: 0x35b83927, L:/127.0.0.1:55214 - R:localhost/127.0.0.1:23120] for POST '/session/1814487d22d3d34320d2125865d63c41/execute/sync'
20:19:52.634 [AsyncHttpClient-1-23] DEBUG org.asynchttpclient.netty.handler.HttpHandler - 

Request DefaultHttpRequest(decodeResult: success, version: HTTP/1.1)
POST /session/1814487d22d3d34320d2125865d63c41/execute/sync HTTP/1.1
User-Agent: selenium/4.8.1 (java windows)
Content-Length: 176
Content-Type: application/json; charset=utf-8
host: localhost:23120
accept: */*

Response DefaultHttpResponse(decodeResult: success, version: HTTP/1.1)
HTTP/1.1 200 OK
Content-Length: 21780
Content-Type: application/json; charset=utf-8
cache-control: no-cache

20:19:52.634 [AsyncHttpClient-1-23] DEBUG org.asynchttpclient.netty.channel.ChannelManager - Adding key: http://localhost:23120 for channel [id: 0x35b83927, L:/127.0.0.1:55214 - R:localhost/127.0.0.1:23120]
20:19:52.636 [Forwarding getCurrentUrl on session 1814487d22d3d34320d2125865d63c41 to remote] DEBUG org.asynchttpclient.netty.request.NettyRequestSender - Using pooled Channel '[id: 0x35b83927, L:/127.0.0.1:55214 - R:localhost/127.0.0.1:23120]' for 'GET' to 'http://localhost:23120/session/1814487d22d3d34320d2125865d63c41/url'
20:19:52.636 [Forwarding getCurrentUrl on session 1814487d22d3d34320d2125865d63c41 to remote] DEBUG org.asynchttpclient.netty.request.NettyRequestSender - Using open Channel [id: 0x35b83927, L:/127.0.0.1:55214 - R:localhost/127.0.0.1:23120] for GET '/session/1814487d22d3d34320d2125865d63c41/url'
20:19:52.640 [AsyncHttpClient-1-23] DEBUG org.asynchttpclient.netty.handler.HttpHandler - 

Request DefaultFullHttpRequest(decodeResult: success, version: HTTP/1.1, content: EmptyByteBufBE)
GET /session/1814487d22d3d34320d2125865d63c41/url HTTP/1.1
User-Agent: selenium/4.8.1 (java windows)
Cache-Control: no-cache
Content-Type: application/json; charset=utf-8
host: localhost:23120
accept: */*

Response DefaultHttpResponse(decodeResult: success, version: HTTP/1.1)
HTTP/1.1 200 OK
Content-Length: 51
Content-Type: application/json; charset=utf-8
cache-control: no-cache

20:19:52.640 [AsyncHttpClient-1-23] DEBUG org.asynchttpclient.netty.channel.ChannelManager - Adding key: http://localhost:23120 for channel [id: 0x35b83927, L:/127.0.0.1:55214 - R:localhost/127.0.0.1:23120]
20:19:52.651 [Forwarding getPageSource on session 1814487d22d3d34320d2125865d63c41 to remote] DEBUG org.asynchttpclient.netty.request.NettyRequestSender - Using pooled Channel '[id: 0x35b83927, L:/127.0.0.1:55214 - R:localhost/127.0.0.1:23120]' for 'POST' to 'http://localhost:23120/session/1814487d22d3d34320d2125865d63c41/execute/sync'
20:19:52.651 [Forwarding getPageSource on session 1814487d22d3d34320d2125865d63c41 to remote] DEBUG org.asynchttpclient.netty.request.NettyRequestSender - Using open Channel [id: 0x35b83927, L:/127.0.0.1:55214 - R:localhost/127.0.0.1:23120] for POST '/session/1814487d22d3d34320d2125865d63c41/execute/sync'
20:19:52.655 [AsyncHttpClient-1-1] DEBUG org.asynchttpclient.netty.channel.DefaultChannelPool - Entry count for : http://localhost:55216 : 1
20:19:52.657 [AsyncHttpClient-1-23] DEBUG org.asynchttpclient.netty.handler.HttpHandler - 

Request DefaultHttpRequest(decodeResult: success, version: HTTP/1.1)
POST /session/1814487d22d3d34320d2125865d63c41/execute/sync HTTP/1.1
User-Agent: selenium/4.8.1 (java windows)
Content-Length: 176
Content-Type: application/json; charset=utf-8
host: localhost:23120
accept: */*

Response DefaultHttpResponse(decodeResult: success, version: HTTP/1.1)
HTTP/1.1 200 OK
Content-Length: 21780
Content-Type: application/json; charset=utf-8
cache-control: no-cache

20:19:52.657 [AsyncHttpClient-1-23] DEBUG org.asynchttpclient.netty.channel.ChannelManager - Adding key: http://localhost:23120 for channel [id: 0x35b83927, L:/127.0.0.1:55214 - R:localhost/127.0.0.1:23120]
20:19:52.660 [Forwarding getCurrentUrl on session 1814487d22d3d34320d2125865d63c41 to remote] DEBUG org.asynchttpclient.netty.request.NettyRequestSender - Using pooled Channel '[id: 0x35b83927, L:/127.0.0.1:55214 - R:localhost/127.0.0.1:23120]' for 'GET' to 'http://localhost:23120/session/1814487d22d3d34320d2125865d63c41/url'
20:19:52.660 [Forwarding getCurrentUrl on session 1814487d22d3d34320d2125865d63c41 to remote] DEBUG org.asynchttpclient.netty.request.NettyRequestSender - Using open Channel [id: 0x35b83927, L:/127.0.0.1:55214 - R:localhost/127.0.0.1:23120] for GET '/session/1814487d22d3d34320d2125865d63c41/url'
20:19:52.667 [AsyncHttpClient-1-23] DEBUG org.asynchttpclient.netty.handler.HttpHandler - 

Request DefaultFullHttpRequest(decodeResult: success, version: HTTP/1.1, content: EmptyByteBufBE)
GET /session/1814487d22d3d34320d2125865d63c41/url HTTP/1.1
User-Agent: selenium/4.8.1 (java windows)
Cache-Control: no-cache
Content-Type: application/json; charset=utf-8
host: localhost:23120
accept: */*

Response DefaultHttpResponse(decodeResult: success, version: HTTP/1.1)
HTTP/1.1 200 OK
Content-Length: 51
Content-Type: application/json; charset=utf-8
cache-control: no-cache

20:19:52.667 [AsyncHttpClient-1-23] DEBUG org.asynchttpclient.netty.channel.ChannelManager - Adding key: http://localhost:23120 for channel [id: 0x35b83927, L:/127.0.0.1:55214 - R:localhost/127.0.0.1:23120]
20:19:52.670 [main] DEBUG net.thucydides.core.steps.StepInterceptor - STARTING STEP: LoginSteps.inputPassword - inputPassword
20:19:52.673 [Forwarding findElement on session 1814487d22d3d34320d2125865d63c41 to remote] DEBUG org.asynchttpclient.netty.request.NettyRequestSender - Using pooled Channel '[id: 0x35b83927, L:/127.0.0.1:55214 - R:localhost/127.0.0.1:23120]' for 'POST' to 'http://localhost:23120/session/1814487d22d3d34320d2125865d63c41/element'
20:19:52.673 [Forwarding findElement on session 1814487d22d3d34320d2125865d63c41 to remote] DEBUG org.asynchttpclient.netty.request.NettyRequestSender - Using open Channel [id: 0x35b83927, L:/127.0.0.1:55214 - R:localhost/127.0.0.1:23120] for POST '/session/1814487d22d3d34320d2125865d63c41/element'
20:19:52.689 [AsyncHttpClient-1-23] DEBUG org.asynchttpclient.netty.handler.HttpHandler - 

Request DefaultHttpRequest(decodeResult: success, version: HTTP/1.1)
POST /session/1814487d22d3d34320d2125865d63c41/element HTTP/1.1
User-Agent: selenium/4.8.1 (java windows)
Content-Length: 55
Content-Type: application/json; charset=utf-8
host: localhost:23120
accept: */*

Response DefaultHttpResponse(decodeResult: success, version: HTTP/1.1)
HTTP/1.1 200 OK
Content-Length: 88
Content-Type: application/json; charset=utf-8
cache-control: no-cache

20:19:52.689 [AsyncHttpClient-1-23] DEBUG org.asynchttpclient.netty.channel.ChannelManager - Adding key: http://localhost:23120 for channel [id: 0x35b83927, L:/127.0.0.1:55214 - R:localhost/127.0.0.1:23120]
20:19:52.690 [Forwarding clearElement on session 1814487d22d3d34320d2125865d63c41 to remote] DEBUG org.asynchttpclient.netty.request.NettyRequestSender - Using pooled Channel '[id: 0x35b83927, L:/127.0.0.1:55214 - R:localhost/127.0.0.1:23120]' for 'POST' to 'http://localhost:23120/session/1814487d22d3d34320d2125865d63c41/element/ac82bf77-20ef-41d0-8faa-9909acb3b4a4/clear'
20:19:52.690 [Forwarding clearElement on session 1814487d22d3d34320d2125865d63c41 to remote] DEBUG org.asynchttpclient.netty.request.NettyRequestSender - Using open Channel [id: 0x35b83927, L:/127.0.0.1:55214 - R:localhost/127.0.0.1:23120] for POST '/session/1814487d22d3d34320d2125865d63c41/element/ac82bf77-20ef-41d0-8faa-9909acb3b4a4/clear'
20:19:52.727 [AsyncHttpClient-1-23] DEBUG org.asynchttpclient.netty.handler.HttpHandler - 

Request DefaultHttpRequest(decodeResult: success, version: HTTP/1.1)
POST /session/1814487d22d3d34320d2125865d63c41/element/ac82bf77-20ef-41d0-8faa-9909acb3b4a4/clear HTTP/1.1
User-Agent: selenium/4.8.1 (java windows)
Content-Length: 50
Content-Type: application/json; charset=utf-8
host: localhost:23120
accept: */*

Response DefaultHttpResponse(decodeResult: success, version: HTTP/1.1)
HTTP/1.1 200 OK
Content-Length: 14
Content-Type: application/json; charset=utf-8
cache-control: no-cache

20:19:52.727 [AsyncHttpClient-1-23] DEBUG org.asynchttpclient.netty.channel.ChannelManager - Adding key: http://localhost:23120 for channel [id: 0x35b83927, L:/127.0.0.1:55214 - R:localhost/127.0.0.1:23120]
20:19:52.729 [Forwarding sendKeysToElement on session 1814487d22d3d34320d2125865d63c41 to remote] DEBUG org.asynchttpclient.netty.request.NettyRequestSender - Using pooled Channel '[id: 0x35b83927, L:/127.0.0.1:55214 - R:localhost/127.0.0.1:23120]' for 'POST' to 'http://localhost:23120/session/1814487d22d3d34320d2125865d63c41/element/ac82bf77-20ef-41d0-8faa-9909acb3b4a4/value'
20:19:52.729 [Forwarding sendKeysToElement on session 1814487d22d3d34320d2125865d63c41 to remote] DEBUG org.asynchttpclient.netty.request.NettyRequestSender - Using open Channel [id: 0x35b83927, L:/127.0.0.1:55214 - R:localhost/127.0.0.1:23120] for POST '/session/1814487d22d3d34320d2125865d63c41/element/ac82bf77-20ef-41d0-8faa-9909acb3b4a4/value'
20:19:52.780 [AsyncHttpClient-1-23] DEBUG org.asynchttpclient.netty.handler.HttpHandler - 

Request DefaultHttpRequest(decodeResult: success, version: HTTP/1.1)
POST /session/1814487d22d3d34320d2125865d63c41/element/ac82bf77-20ef-41d0-8faa-9909acb3b4a4/value HTTP/1.1
User-Agent: selenium/4.8.1 (java windows)
Content-Length: 141
Content-Type: application/json; charset=utf-8
host: localhost:23120
accept: */*

Response DefaultHttpResponse(decodeResult: success, version: HTTP/1.1)
HTTP/1.1 200 OK
Content-Length: 14
Content-Type: application/json; charset=utf-8
cache-control: no-cache

20:19:52.780 [AsyncHttpClient-1-23] DEBUG org.asynchttpclient.netty.channel.ChannelManager - Adding key: http://localhost:23120 for channel [id: 0x35b83927, L:/127.0.0.1:55214 - R:localhost/127.0.0.1:23120]
20:19:52.784 [Forwarding getAlertText on session 1814487d22d3d34320d2125865d63c41 to remote] DEBUG org.asynchttpclient.netty.request.NettyRequestSender - Using pooled Channel '[id: 0x35b83927, L:/127.0.0.1:55214 - R:localhost/127.0.0.1:23120]' for 'GET' to 'http://localhost:23120/session/1814487d22d3d34320d2125865d63c41/alert/text'
20:19:52.784 [Forwarding getAlertText on session 1814487d22d3d34320d2125865d63c41 to remote] DEBUG org.asynchttpclient.netty.request.NettyRequestSender - Using open Channel [id: 0x35b83927, L:/127.0.0.1:55214 - R:localhost/127.0.0.1:23120] for GET '/session/1814487d22d3d34320d2125865d63c41/alert/text'
20:19:52.785 [AsyncHttpClient-1-23] DEBUG org.asynchttpclient.netty.handler.HttpHandler - 

Request DefaultFullHttpRequest(decodeResult: success, version: HTTP/1.1, content: EmptyByteBufBE)
GET /session/1814487d22d3d34320d2125865d63c41/alert/text HTTP/1.1
User-Agent: selenium/4.8.1 (java windows)
Cache-Control: no-cache
Content-Type: application/json; charset=utf-8
host: localhost:23120
accept: */*

Response DefaultHttpResponse(decodeResult: success, version: HTTP/1.1)
HTTP/1.1 404 Not Found
Content-Length: 836
Content-Type: application/json; charset=utf-8
cache-control: no-cache

20:19:52.785 [AsyncHttpClient-1-23] DEBUG org.asynchttpclient.netty.channel.ChannelManager - Adding key: http://localhost:23120 for channel [id: 0x35b83927, L:/127.0.0.1:55214 - R:localhost/127.0.0.1:23120]
20:19:52.786 [Forwarding getCurrentUrl on session 1814487d22d3d34320d2125865d63c41 to remote] DEBUG org.asynchttpclient.netty.request.NettyRequestSender - Using pooled Channel '[id: 0x35b83927, L:/127.0.0.1:55214 - R:localhost/127.0.0.1:23120]' for 'GET' to 'http://localhost:23120/session/1814487d22d3d34320d2125865d63c41/url'
20:19:52.786 [Forwarding getCurrentUrl on session 1814487d22d3d34320d2125865d63c41 to remote] DEBUG org.asynchttpclient.netty.request.NettyRequestSender - Using open Channel [id: 0x35b83927, L:/127.0.0.1:55214 - R:localhost/127.0.0.1:23120] for GET '/session/1814487d22d3d34320d2125865d63c41/url'
20:19:52.788 [AsyncHttpClient-1-23] DEBUG org.asynchttpclient.netty.handler.HttpHandler - 

Request DefaultFullHttpRequest(decodeResult: success, version: HTTP/1.1, content: EmptyByteBufBE)
GET /session/1814487d22d3d34320d2125865d63c41/url HTTP/1.1
User-Agent: selenium/4.8.1 (java windows)
Cache-Control: no-cache
Content-Type: application/json; charset=utf-8
host: localhost:23120
accept: */*

Response DefaultHttpResponse(decodeResult: success, version: HTTP/1.1)
HTTP/1.1 200 OK
Content-Length: 51
Content-Type: application/json; charset=utf-8
cache-control: no-cache

20:19:52.788 [AsyncHttpClient-1-23] DEBUG org.asynchttpclient.netty.channel.ChannelManager - Adding key: http://localhost:23120 for channel [id: 0x35b83927, L:/127.0.0.1:55214 - R:localhost/127.0.0.1:23120]
20:19:52.789 [Forwarding screenshot on session 1814487d22d3d34320d2125865d63c41 to remote] DEBUG org.asynchttpclient.netty.request.NettyRequestSender - Using pooled Channel '[id: 0x35b83927, L:/127.0.0.1:55214 - R:localhost/127.0.0.1:23120]' for 'GET' to 'http://localhost:23120/session/1814487d22d3d34320d2125865d63c41/screenshot'
20:19:52.789 [Forwarding screenshot on session 1814487d22d3d34320d2125865d63c41 to remote] DEBUG org.asynchttpclient.netty.request.NettyRequestSender - Using open Channel [id: 0x35b83927, L:/127.0.0.1:55214 - R:localhost/127.0.0.1:23120] for GET '/session/1814487d22d3d34320d2125865d63c41/screenshot'
20:19:52.891 [AsyncHttpClient-1-23] DEBUG org.asynchttpclient.netty.handler.HttpHandler - 

Request DefaultFullHttpRequest(decodeResult: success, version: HTTP/1.1, content: EmptyByteBufBE)
GET /session/1814487d22d3d34320d2125865d63c41/screenshot HTTP/1.1
User-Agent: selenium/4.8.1 (java windows)
Cache-Control: no-cache
Content-Type: application/json; charset=utf-8
host: localhost:23120
accept: */*

Response DefaultHttpResponse(decodeResult: success, version: HTTP/1.1)
HTTP/1.1 200 OK
Content-Length: 31636
Content-Type: application/json; charset=utf-8
cache-control: no-cache

20:19:52.891 [AsyncHttpClient-1-23] DEBUG org.asynchttpclient.netty.channel.ChannelManager - Adding key: http://localhost:23120 for channel [id: 0x35b83927, L:/127.0.0.1:55214 - R:localhost/127.0.0.1:23120]
20:19:52.892 [main] DEBUG net.serenitybdd.core.photography.Darkroom - Send negative for processing for target\site\serenity\0b00435a1c787d86ff2e76b1a8fbd42b735146575003525f84749fe1d6364b47.png
20:19:52.892 [main] DEBUG net.thucydides.core.steps.StepInterceptor - STEP DONE: inputPassword
  &amp#27;[32mAnd &amp#27;[0m&amp#27;[32mI enter correct password&amp#27;[0m           &amp#27;[90m# starter.stepdefinitions.LoginSteps.inputPassword()&amp#27;[0m
20:19:52.892 [Darkroom Processing Line] DEBUG net.serenitybdd.core.photography.DarkroomProcessingLine - Processing screenshot image in /var/screenshots/screenshot-8050826142763013257
20:19:52.892 [Darkroom Processing Line] DEBUG net.serenitybdd.core.photography.DarkroomProcessingLine - Saving screenshot to target\site\serenity\0b00435a1c787d86ff2e76b1a8fbd42b735146575003525f84749fe1d6364b47.png
20:19:52.899 [Forwarding getPageSource on session 1814487d22d3d34320d2125865d63c41 to remote] DEBUG org.asynchttpclient.netty.request.NettyRequestSender - Using pooled Channel '[id: 0x35b83927, L:/127.0.0.1:55214 - R:localhost/127.0.0.1:23120]' for 'POST' to 'http://localhost:23120/session/1814487d22d3d34320d2125865d63c41/execute/sync'
20:19:52.899 [Forwarding getPageSource on session 1814487d22d3d34320d2125865d63c41 to remote] DEBUG org.asynchttpclient.netty.request.NettyRequestSender - Using open Channel [id: 0x35b83927, L:/127.0.0.1:55214 - R:localhost/127.0.0.1:23120] for POST '/session/1814487d22d3d34320d2125865d63c41/execute/sync'
20:19:52.904 [AsyncHttpClient-1-23] DEBUG org.asynchttpclient.netty.handler.HttpHandler - 

Request DefaultHttpRequest(decodeResult: success, version: HTTP/1.1)
POST /session/1814487d22d3d34320d2125865d63c41/execute/sync HTTP/1.1
User-Agent: selenium/4.8.1 (java windows)
Content-Length: 176
Content-Type: application/json; charset=utf-8
host: localhost:23120
accept: */*

Response DefaultHttpResponse(decodeResult: success, version: HTTP/1.1)
HTTP/1.1 200 OK
Content-Length: 21839
Content-Type: application/json; charset=utf-8
cache-control: no-cache

20:19:52.904 [AsyncHttpClient-1-23] DEBUG org.asynchttpclient.netty.channel.ChannelManager - Adding key: http://localhost:23120 for channel [id: 0x35b83927, L:/127.0.0.1:55214 - R:localhost/127.0.0.1:23120]
20:19:52.906 [Forwarding getCurrentUrl on session 1814487d22d3d34320d2125865d63c41 to remote] DEBUG org.asynchttpclient.netty.request.NettyRequestSender - Using pooled Channel '[id: 0x35b83927, L:/127.0.0.1:55214 - R:localhost/127.0.0.1:23120]' for 'GET' to 'http://localhost:23120/session/1814487d22d3d34320d2125865d63c41/url'
20:19:52.906 [Forwarding getCurrentUrl on session 1814487d22d3d34320d2125865d63c41 to remote] DEBUG org.asynchttpclient.netty.request.NettyRequestSender - Using open Channel [id: 0x35b83927, L:/127.0.0.1:55214 - R:localhost/127.0.0.1:23120] for GET '/session/1814487d22d3d34320d2125865d63c41/url'
20:19:52.909 [AsyncHttpClient-1-23] DEBUG org.asynchttpclient.netty.handler.HttpHandler - 

Request DefaultFullHttpRequest(decodeResult: success, version: HTTP/1.1, content: EmptyByteBufBE)
GET /session/1814487d22d3d34320d2125865d63c41/url HTTP/1.1
User-Agent: selenium/4.8.1 (java windows)
Cache-Control: no-cache
Content-Type: application/json; charset=utf-8
host: localhost:23120
accept: */*

Response DefaultHttpResponse(decodeResult: success, version: HTTP/1.1)
HTTP/1.1 200 OK
Content-Length: 51
Content-Type: application/json; charset=utf-8
cache-control: no-cache

20:19:52.910 [AsyncHttpClient-1-23] DEBUG org.asynchttpclient.netty.channel.ChannelManager - Adding key: http://localhost:23120 for channel [id: 0x35b83927, L:/127.0.0.1:55214 - R:localhost/127.0.0.1:23120]
20:19:52.915 [Forwarding getPageSource on session 1814487d22d3d34320d2125865d63c41 to remote] DEBUG org.asynchttpclient.netty.request.NettyRequestSender - Using pooled Channel '[id: 0x35b83927, L:/127.0.0.1:55214 - R:localhost/127.0.0.1:23120]' for 'POST' to 'http://localhost:23120/session/1814487d22d3d34320d2125865d63c41/execute/sync'
20:19:52.915 [Forwarding getPageSource on session 1814487d22d3d34320d2125865d63c41 to remote] DEBUG org.asynchttpclient.netty.request.NettyRequestSender - Using open Channel [id: 0x35b83927, L:/127.0.0.1:55214 - R:localhost/127.0.0.1:23120] for POST '/session/1814487d22d3d34320d2125865d63c41/execute/sync'
20:19:52.920 [AsyncHttpClient-1-23] DEBUG org.asynchttpclient.netty.handler.HttpHandler - 

Request DefaultHttpRequest(decodeResult: success, version: HTTP/1.1)
POST /session/1814487d22d3d34320d2125865d63c41/execute/sync HTTP/1.1
User-Agent: selenium/4.8.1 (java windows)
Content-Length: 176
Content-Type: application/json; charset=utf-8
host: localhost:23120
accept: */*

Response DefaultHttpResponse(decodeResult: success, version: HTTP/1.1)
HTTP/1.1 200 OK
Content-Length: 21839
Content-Type: application/json; charset=utf-8
cache-control: no-cache

20:19:52.920 [AsyncHttpClient-1-23] DEBUG org.asynchttpclient.netty.channel.ChannelManager - Adding key: http://localhost:23120 for channel [id: 0x35b83927, L:/127.0.0.1:55214 - R:localhost/127.0.0.1:23120]
20:19:52.922 [Forwarding getCurrentUrl on session 1814487d22d3d34320d2125865d63c41 to remote] DEBUG org.asynchttpclient.netty.request.NettyRequestSender - Using pooled Channel '[id: 0x35b83927, L:/127.0.0.1:55214 - R:localhost/127.0.0.1:23120]' for 'GET' to 'http://localhost:23120/session/1814487d22d3d34320d2125865d63c41/url'
20:19:52.922 [Forwarding getCurrentUrl on session 1814487d22d3d34320d2125865d63c41 to remote] DEBUG org.asynchttpclient.netty.request.NettyRequestSender - Using open Channel [id: 0x35b83927, L:/127.0.0.1:55214 - R:localhost/127.0.0.1:23120] for GET '/session/1814487d22d3d34320d2125865d63c41/url'
20:19:52.927 [AsyncHttpClient-1-23] DEBUG org.asynchttpclient.netty.handler.HttpHandler - 

Request DefaultFullHttpRequest(decodeResult: success, version: HTTP/1.1, content: EmptyByteBufBE)
GET /session/1814487d22d3d34320d2125865d63c41/url HTTP/1.1
User-Agent: selenium/4.8.1 (java windows)
Cache-Control: no-cache
Content-Type: application/json; charset=utf-8
host: localhost:23120
accept: */*

Response DefaultHttpResponse(decodeResult: success, version: HTTP/1.1)
HTTP/1.1 200 OK
Content-Length: 51
Content-Type: application/json; charset=utf-8
cache-control: no-cache

20:19:52.927 [AsyncHttpClient-1-23] DEBUG org.asynchttpclient.netty.channel.ChannelManager - Adding key: http://localhost:23120 for channel [id: 0x35b83927, L:/127.0.0.1:55214 - R:localhost/127.0.0.1:23120]
20:19:52.928 [main] DEBUG net.thucydides.core.steps.StepInterceptor - STARTING STEP: LoginSteps.clickLoginButton - clickLoginButton
20:19:52.930 [Forwarding findElement on session 1814487d22d3d34320d2125865d63c41 to remote] DEBUG org.asynchttpclient.netty.request.NettyRequestSender - Using pooled Channel '[id: 0x35b83927, L:/127.0.0.1:55214 - R:localhost/127.0.0.1:23120]' for 'POST' to 'http://localhost:23120/session/1814487d22d3d34320d2125865d63c41/element'
20:19:52.930 [Forwarding findElement on session 1814487d22d3d34320d2125865d63c41 to remote] DEBUG org.asynchttpclient.netty.request.NettyRequestSender - Using open Channel [id: 0x35b83927, L:/127.0.0.1:55214 - R:localhost/127.0.0.1:23120] for POST '/session/1814487d22d3d34320d2125865d63c41/element'
20:19:52.939 [AsyncHttpClient-1-23] DEBUG org.asynchttpclient.netty.handler.HttpHandler - 

Request DefaultHttpRequest(decodeResult: success, version: HTTP/1.1)
POST /session/1814487d22d3d34320d2125865d63c41/element HTTP/1.1
User-Agent: selenium/4.8.1 (java windows)
Content-Length: 71
Content-Type: application/json; charset=utf-8
host: localhost:23120
accept: */*

Response DefaultHttpResponse(decodeResult: success, version: HTTP/1.1)
HTTP/1.1 200 OK
Content-Length: 88
Content-Type: application/json; charset=utf-8
cache-control: no-cache

20:19:52.939 [AsyncHttpClient-1-23] DEBUG org.asynchttpclient.netty.channel.ChannelManager - Adding key: http://localhost:23120 for channel [id: 0x35b83927, L:/127.0.0.1:55214 - R:localhost/127.0.0.1:23120]
20:19:52.940 [Forwarding getElementTagName on session 1814487d22d3d34320d2125865d63c41 to remote] DEBUG org.asynchttpclient.netty.request.NettyRequestSender - Using pooled Channel '[id: 0x35b83927, L:/127.0.0.1:55214 - R:localhost/127.0.0.1:23120]' for 'GET' to 'http://localhost:23120/session/1814487d22d3d34320d2125865d63c41/element/ece638be-2364-4625-9df4-a60574976e92/name'
20:19:52.940 [Forwarding getElementTagName on session 1814487d22d3d34320d2125865d63c41 to remote] DEBUG org.asynchttpclient.netty.request.NettyRequestSender - Using open Channel [id: 0x35b83927, L:/127.0.0.1:55214 - R:localhost/127.0.0.1:23120] for GET '/session/1814487d22d3d34320d2125865d63c41/element/ece638be-2364-4625-9df4-a60574976e92/name'
20:19:52.946 [AsyncHttpClient-1-23] DEBUG org.asynchttpclient.netty.handler.HttpHandler - 

Request DefaultFullHttpRequest(decodeResult: success, version: HTTP/1.1, content: EmptyByteBufBE)
GET /session/1814487d22d3d34320d2125865d63c41/element/ece638be-2364-4625-9df4-a60574976e92/name HTTP/1.1
User-Agent: selenium/4.8.1 (java windows)
Cache-Control: no-cache
Content-Type: application/json; charset=utf-8
host: localhost:23120
accept: */*

Response DefaultHttpResponse(decodeResult: success, version: HTTP/1.1)
HTTP/1.1 200 OK
Content-Length: 18
Content-Type: application/json; charset=utf-8
cache-control: no-cache

20:19:52.946 [AsyncHttpClient-1-23] DEBUG org.asynchttpclient.netty.channel.ChannelManager - Adding key: http://localhost:23120 for channel [id: 0x35b83927, L:/127.0.0.1:55214 - R:localhost/127.0.0.1:23120]
20:19:52.946 [Forwarding getElementTagName on session 1814487d22d3d34320d2125865d63c41 to remote] DEBUG org.asynchttpclient.netty.request.NettyRequestSender - Using pooled Channel '[id: 0x35b83927, L:/127.0.0.1:55214 - R:localhost/127.0.0.1:23120]' for 'GET' to 'http://localhost:23120/session/1814487d22d3d34320d2125865d63c41/element/ece638be-2364-4625-9df4-a60574976e92/name'
20:19:52.946 [Forwarding getElementTagName on session 1814487d22d3d34320d2125865d63c41 to remote] DEBUG org.asynchttpclient.netty.request.NettyRequestSender - Using open Channel [id: 0x35b83927, L:/127.0.0.1:55214 - R:localhost/127.0.0.1:23120] for GET '/session/1814487d22d3d34320d2125865d63c41/element/ece638be-2364-4625-9df4-a60574976e92/name'
20:19:52.948 [AsyncHttpClient-1-23] DEBUG org.asynchttpclient.netty.handler.HttpHandler - 

Request DefaultFullHttpRequest(decodeResult: success, version: HTTP/1.1, content: EmptyByteBufBE)
GET /session/1814487d22d3d34320d2125865d63c41/element/ece638be-2364-4625-9df4-a60574976e92/name HTTP/1.1
User-Agent: selenium/4.8.1 (java windows)
Cache-Control: no-cache
Content-Type: application/json; charset=utf-8
host: localhost:23120
accept: */*

Response DefaultHttpResponse(decodeResult: success, version: HTTP/1.1)
HTTP/1.1 200 OK
Content-Length: 18
Content-Type: application/json; charset=utf-8
cache-control: no-cache

20:19:52.948 [AsyncHttpClient-1-23] DEBUG org.asynchttpclient.netty.channel.ChannelManager - Adding key: http://localhost:23120 for channel [id: 0x35b83927, L:/127.0.0.1:55214 - R:localhost/127.0.0.1:23120]
20:19:52.950 [Forwarding isElementEnabled on session 1814487d22d3d34320d2125865d63c41 to remote] DEBUG org.asynchttpclient.netty.request.NettyRequestSender - Using pooled Channel '[id: 0x35b83927, L:/127.0.0.1:55214 - R:localhost/127.0.0.1:23120]' for 'GET' to 'http://localhost:23120/session/1814487d22d3d34320d2125865d63c41/element/ece638be-2364-4625-9df4-a60574976e92/enabled'
20:19:52.950 [Forwarding isElementEnabled on session 1814487d22d3d34320d2125865d63c41 to remote] DEBUG org.asynchttpclient.netty.request.NettyRequestSender - Using open Channel [id: 0x35b83927, L:/127.0.0.1:55214 - R:localhost/127.0.0.1:23120] for GET '/session/1814487d22d3d34320d2125865d63c41/element/ece638be-2364-4625-9df4-a60574976e92/enabled'
20:19:52.956 [AsyncHttpClient-1-23] DEBUG org.asynchttpclient.netty.handler.HttpHandler - 

Request DefaultFullHttpRequest(decodeResult: success, version: HTTP/1.1, content: EmptyByteBufBE)
GET /session/1814487d22d3d34320d2125865d63c41/element/ece638be-2364-4625-9df4-a60574976e92/enabled HTTP/1.1
User-Agent: selenium/4.8.1 (java windows)
Cache-Control: no-cache
Content-Type: application/json; charset=utf-8
host: localhost:23120
accept: */*

Response DefaultHttpResponse(decodeResult: success, version: HTTP/1.1)
HTTP/1.1 200 OK
Content-Length: 14
Content-Type: application/json; charset=utf-8
cache-control: no-cache

20:19:52.956 [AsyncHttpClient-1-23] DEBUG org.asynchttpclient.netty.channel.ChannelManager - Adding key: http://localhost:23120 for channel [id: 0x35b83927, L:/127.0.0.1:55214 - R:localhost/127.0.0.1:23120]
20:19:52.958 [Forwarding isElementEnabled on session 1814487d22d3d34320d2125865d63c41 to remote] DEBUG org.asynchttpclient.netty.request.NettyRequestSender - Using pooled Channel '[id: 0x35b83927, L:/127.0.0.1:55214 - R:localhost/127.0.0.1:23120]' for 'GET' to 'http://localhost:23120/session/1814487d22d3d34320d2125865d63c41/element/ece638be-2364-4625-9df4-a60574976e92/enabled'
20:19:52.958 [Forwarding isElementEnabled on session 1814487d22d3d34320d2125865d63c41 to remote] DEBUG org.asynchttpclient.netty.request.NettyRequestSender - Using open Channel [id: 0x35b83927, L:/127.0.0.1:55214 - R:localhost/127.0.0.1:23120] for GET '/session/1814487d22d3d34320d2125865d63c41/element/ece638be-2364-4625-9df4-a60574976e92/enabled'
20:19:52.962 [AsyncHttpClient-1-23] DEBUG org.asynchttpclient.netty.handler.HttpHandler - 

Request DefaultFullHttpRequest(decodeResult: success, version: HTTP/1.1, content: EmptyByteBufBE)
GET /session/1814487d22d3d34320d2125865d63c41/element/ece638be-2364-4625-9df4-a60574976e92/enabled HTTP/1.1
User-Agent: selenium/4.8.1 (java windows)
Cache-Control: no-cache
Content-Type: application/json; charset=utf-8
host: localhost:23120
accept: */*

Response DefaultHttpResponse(decodeResult: success, version: HTTP/1.1)
HTTP/1.1 200 OK
Content-Length: 14
Content-Type: application/json; charset=utf-8
cache-control: no-cache

20:19:52.962 [AsyncHttpClient-1-23] DEBUG org.asynchttpclient.netty.channel.ChannelManager - Adding key: http://localhost:23120 for channel [id: 0x35b83927, L:/127.0.0.1:55214 - R:localhost/127.0.0.1:23120]
20:19:52.964 [Forwarding findElement on session 1814487d22d3d34320d2125865d63c41 to remote] DEBUG org.asynchttpclient.netty.request.NettyRequestSender - Using pooled Channel '[id: 0x35b83927, L:/127.0.0.1:55214 - R:localhost/127.0.0.1:23120]' for 'POST' to 'http://localhost:23120/session/1814487d22d3d34320d2125865d63c41/element'
20:19:52.964 [Forwarding findElement on session 1814487d22d3d34320d2125865d63c41 to remote] DEBUG org.asynchttpclient.netty.request.NettyRequestSender - Using open Channel [id: 0x35b83927, L:/127.0.0.1:55214 - R:localhost/127.0.0.1:23120] for POST '/session/1814487d22d3d34320d2125865d63c41/element'
20:19:52.969 [AsyncHttpClient-1-23] DEBUG org.asynchttpclient.netty.handler.HttpHandler - 

Request DefaultHttpRequest(decodeResult: success, version: HTTP/1.1)
POST /session/1814487d22d3d34320d2125865d63c41/element HTTP/1.1
User-Agent: selenium/4.8.1 (java windows)
Content-Length: 71
Content-Type: application/json; charset=utf-8
host: localhost:23120
accept: */*

Response DefaultHttpResponse(decodeResult: success, version: HTTP/1.1)
HTTP/1.1 200 OK
Content-Length: 88
Content-Type: application/json; charset=utf-8
cache-control: no-cache

20:19:52.969 [AsyncHttpClient-1-23] DEBUG org.asynchttpclient.netty.channel.ChannelManager - Adding key: http://localhost:23120 for channel [id: 0x35b83927, L:/127.0.0.1:55214 - R:localhost/127.0.0.1:23120]
20:19:52.970 [Forwarding clickElement on session 1814487d22d3d34320d2125865d63c41 to remote] DEBUG org.asynchttpclient.netty.request.NettyRequestSender - Using pooled Channel '[id: 0x35b83927, L:/127.0.0.1:55214 - R:localhost/127.0.0.1:23120]' for 'POST' to 'http://localhost:23120/session/1814487d22d3d34320d2125865d63c41/element/ece638be-2364-4625-9df4-a60574976e92/click'
20:19:52.970 [Forwarding clickElement on session 1814487d22d3d34320d2125865d63c41 to remote] DEBUG org.asynchttpclient.netty.request.NettyRequestSender - Using open Channel [id: 0x35b83927, L:/127.0.0.1:55214 - R:localhost/127.0.0.1:23120] for POST '/session/1814487d22d3d34320d2125865d63c41/element/ece638be-2364-4625-9df4-a60574976e92/click'
20:19:53.009 [AsyncHttpClient-1-23] DEBUG org.asynchttpclient.netty.handler.HttpHandler - 

Request DefaultHttpRequest(decodeResult: success, version: HTTP/1.1)
POST /session/1814487d22d3d34320d2125865d63c41/element/ece638be-2364-4625-9df4-a60574976e92/click HTTP/1.1
User-Agent: selenium/4.8.1 (java windows)
Content-Length: 50
Content-Type: application/json; charset=utf-8
host: localhost:23120
accept: */*

Response DefaultHttpResponse(decodeResult: success, version: HTTP/1.1)
HTTP/1.1 200 OK
Content-Length: 14
Content-Type: application/json; charset=utf-8
cache-control: no-cache

20:19:53.009 [AsyncHttpClient-1-23] DEBUG org.asynchttpclient.netty.channel.ChannelManager - Adding key: http://localhost:23120 for channel [id: 0x35b83927, L:/127.0.0.1:55214 - R:localhost/127.0.0.1:23120]
20:19:53.014 [Forwarding getAlertText on session 1814487d22d3d34320d2125865d63c41 to remote] DEBUG org.asynchttpclient.netty.request.NettyRequestSender - Using pooled Channel '[id: 0x35b83927, L:/127.0.0.1:55214 - R:localhost/127.0.0.1:23120]' for 'GET' to 'http://localhost:23120/session/1814487d22d3d34320d2125865d63c41/alert/text'
20:19:53.014 [Forwarding getAlertText on session 1814487d22d3d34320d2125865d63c41 to remote] DEBUG org.asynchttpclient.netty.request.NettyRequestSender - Using open Channel [id: 0x35b83927, L:/127.0.0.1:55214 - R:localhost/127.0.0.1:23120] for GET '/session/1814487d22d3d34320d2125865d63c41/alert/text'
20:19:53.018 [AsyncHttpClient-1-23] DEBUG org.asynchttpclient.netty.handler.HttpHandler - 

Request DefaultFullHttpRequest(decodeResult: success, version: HTTP/1.1, content: EmptyByteBufBE)
GET /session/1814487d22d3d34320d2125865d63c41/alert/text HTTP/1.1
User-Agent: selenium/4.8.1 (java windows)
Cache-Control: no-cache
Content-Type: application/json; charset=utf-8
host: localhost:23120
accept: */*

Response DefaultHttpResponse(decodeResult: success, version: HTTP/1.1)
HTTP/1.1 404 Not Found
Content-Length: 836
Content-Type: application/json; charset=utf-8
cache-control: no-cache

20:19:53.018 [AsyncHttpClient-1-23] DEBUG org.asynchttpclient.netty.channel.ChannelManager - Adding key: http://localhost:23120 for channel [id: 0x35b83927, L:/127.0.0.1:55214 - R:localhost/127.0.0.1:23120]
20:19:53.020 [Forwarding getCurrentUrl on session 1814487d22d3d34320d2125865d63c41 to remote] DEBUG org.asynchttpclient.netty.request.NettyRequestSender - Using pooled Channel '[id: 0x35b83927, L:/127.0.0.1:55214 - R:localhost/127.0.0.1:23120]' for 'GET' to 'http://localhost:23120/session/1814487d22d3d34320d2125865d63c41/url'
20:19:53.020 [Forwarding getCurrentUrl on session 1814487d22d3d34320d2125865d63c41 to remote] DEBUG org.asynchttpclient.netty.request.NettyRequestSender - Using open Channel [id: 0x35b83927, L:/127.0.0.1:55214 - R:localhost/127.0.0.1:23120] for GET '/session/1814487d22d3d34320d2125865d63c41/url'
20:19:53.024 [AsyncHttpClient-1-23] DEBUG org.asynchttpclient.netty.handler.HttpHandler - 

Request DefaultFullHttpRequest(decodeResult: success, version: HTTP/1.1, content: EmptyByteBufBE)
GET /session/1814487d22d3d34320d2125865d63c41/url HTTP/1.1
User-Agent: selenium/4.8.1 (java windows)
Cache-Control: no-cache
Content-Type: application/json; charset=utf-8
host: localhost:23120
accept: */*

Response DefaultHttpResponse(decodeResult: success, version: HTTP/1.1)
HTTP/1.1 200 OK
Content-Length: 51
Content-Type: application/json; charset=utf-8
cache-control: no-cache

20:19:53.024 [AsyncHttpClient-1-23] DEBUG org.asynchttpclient.netty.channel.ChannelManager - Adding key: http://localhost:23120 for channel [id: 0x35b83927, L:/127.0.0.1:55214 - R:localhost/127.0.0.1:23120]
20:19:53.025 [Forwarding screenshot on session 1814487d22d3d34320d2125865d63c41 to remote] DEBUG org.asynchttpclient.netty.request.NettyRequestSender - Using pooled Channel '[id: 0x35b83927, L:/127.0.0.1:55214 - R:localhost/127.0.0.1:23120]' for 'GET' to 'http://localhost:23120/session/1814487d22d3d34320d2125865d63c41/screenshot'
20:19:53.025 [Forwarding screenshot on session 1814487d22d3d34320d2125865d63c41 to remote] DEBUG org.asynchttpclient.netty.request.NettyRequestSender - Using open Channel [id: 0x35b83927, L:/127.0.0.1:55214 - R:localhost/127.0.0.1:23120] for GET '/session/1814487d22d3d34320d2125865d63c41/screenshot'
20:19:53.109 [AsyncHttpClient-1-23] DEBUG org.asynchttpclient.netty.handler.HttpHandler - 

Request DefaultFullHttpRequest(decodeResult: success, version: HTTP/1.1, content: EmptyByteBufBE)
GET /session/1814487d22d3d34320d2125865d63c41/screenshot HTTP/1.1
User-Agent: selenium/4.8.1 (java windows)
Cache-Control: no-cache
Content-Type: application/json; charset=utf-8
host: localhost:23120
accept: */*

Response DefaultHttpResponse(decodeResult: success, version: HTTP/1.1)
HTTP/1.1 200 OK
Content-Length: 31200
Content-Type: application/json; charset=utf-8
cache-control: no-cache

20:19:53.109 [AsyncHttpClient-1-23] DEBUG org.asynchttpclient.netty.channel.ChannelManager - Adding key: http://localhost:23120 for channel [id: 0x35b83927, L:/127.0.0.1:55214 - R:localhost/127.0.0.1:23120]
20:19:53.110 [main] DEBUG net.serenitybdd.core.photography.Darkroom - Send negative for processing for target\site\serenity\97cf048b5b9a54e8418334e66917f5e90a78f49e7ab3dc8f2ff44dcdd9dca119.png
20:19:53.111 [main] DEBUG net.thucydides.core.steps.StepInterceptor - STEP DONE: clickLoginButton
  &amp#27;[32mWhen &amp#27;[0m&amp#27;[32mI click on the login button&amp#27;[0m       &amp#27;[90m# starter.stepdefinitions.LoginSteps.clickLoginButton()&amp#27;[0m
20:19:53.111 [Darkroom Processing Line] DEBUG net.serenitybdd.core.photography.DarkroomProcessingLine - Processing screenshot image in /var/screenshots/screenshot-9345012225577909123
20:19:53.111 [Darkroom Processing Line] DEBUG net.serenitybdd.core.photography.DarkroomProcessingLine - Saving screenshot to target\site\serenity\97cf048b5b9a54e8418334e66917f5e90a78f49e7ab3dc8f2ff44dcdd9dca119.png
20:19:53.117 [Forwarding getPageSource on session 1814487d22d3d34320d2125865d63c41 to remote] DEBUG org.asynchttpclient.netty.request.NettyRequestSender - Using pooled Channel '[id: 0x35b83927, L:/127.0.0.1:55214 - R:localhost/127.0.0.1:23120]' for 'POST' to 'http://localhost:23120/session/1814487d22d3d34320d2125865d63c41/execute/sync'
20:19:53.117 [Forwarding getPageSource on session 1814487d22d3d34320d2125865d63c41 to remote] DEBUG org.asynchttpclient.netty.request.NettyRequestSender - Using open Channel [id: 0x35b83927, L:/127.0.0.1:55214 - R:localhost/127.0.0.1:23120] for POST '/session/1814487d22d3d34320d2125865d63c41/execute/sync'
20:19:53.120 [AsyncHttpClient-1-23] DEBUG org.asynchttpclient.netty.handler.HttpHandler - 

Request DefaultHttpRequest(decodeResult: success, version: HTTP/1.1)
POST /session/1814487d22d3d34320d2125865d63c41/execute/sync HTTP/1.1
User-Agent: selenium/4.8.1 (java windows)
Content-Length: 176
Content-Type: application/json; charset=utf-8
host: localhost:23120
accept: */*

Response DefaultHttpResponse(decodeResult: success, version: HTTP/1.1)
HTTP/1.1 200 OK
Content-Length: 22107
Content-Type: application/json; charset=utf-8
cache-control: no-cache

20:19:53.120 [AsyncHttpClient-1-23] DEBUG org.asynchttpclient.netty.channel.ChannelManager - Adding key: http://localhost:23120 for channel [id: 0x35b83927, L:/127.0.0.1:55214 - R:localhost/127.0.0.1:23120]
20:19:53.121 [Forwarding getCurrentUrl on session 1814487d22d3d34320d2125865d63c41 to remote] DEBUG org.asynchttpclient.netty.request.NettyRequestSender - Using pooled Channel '[id: 0x35b83927, L:/127.0.0.1:55214 - R:localhost/127.0.0.1:23120]' for 'GET' to 'http://localhost:23120/session/1814487d22d3d34320d2125865d63c41/url'
20:19:53.121 [Forwarding getCurrentUrl on session 1814487d22d3d34320d2125865d63c41 to remote] DEBUG org.asynchttpclient.netty.request.NettyRequestSender - Using open Channel [id: 0x35b83927, L:/127.0.0.1:55214 - R:localhost/127.0.0.1:23120] for GET '/session/1814487d22d3d34320d2125865d63c41/url'
20:19:53.125 [AsyncHttpClient-1-23] DEBUG org.asynchttpclient.netty.handler.HttpHandler - 

Request DefaultFullHttpRequest(decodeResult: success, version: HTTP/1.1, content: EmptyByteBufBE)
GET /session/1814487d22d3d34320d2125865d63c41/url HTTP/1.1
User-Agent: selenium/4.8.1 (java windows)
Cache-Control: no-cache
Content-Type: application/json; charset=utf-8
host: localhost:23120
accept: */*

Response DefaultHttpResponse(decodeResult: success, version: HTTP/1.1)
HTTP/1.1 200 OK
Content-Length: 51
Content-Type: application/json; charset=utf-8
cache-control: no-cache

20:19:53.125 [AsyncHttpClient-1-23] DEBUG org.asynchttpclient.netty.channel.ChannelManager - Adding key: http://localhost:23120 for channel [id: 0x35b83927, L:/127.0.0.1:55214 - R:localhost/127.0.0.1:23120]
20:19:53.132 [Forwarding getPageSource on session 1814487d22d3d34320d2125865d63c41 to remote] DEBUG org.asynchttpclient.netty.request.NettyRequestSender - Using pooled Channel '[id: 0x35b83927, L:/127.0.0.1:55214 - R:localhost/127.0.0.1:23120]' for 'POST' to 'http://localhost:23120/session/1814487d22d3d34320d2125865d63c41/execute/sync'
20:19:53.132 [Forwarding getPageSource on session 1814487d22d3d34320d2125865d63c41 to remote] DEBUG org.asynchttpclient.netty.request.NettyRequestSender - Using open Channel [id: 0x35b83927, L:/127.0.0.1:55214 - R:localhost/127.0.0.1:23120] for POST '/session/1814487d22d3d34320d2125865d63c41/execute/sync'
20:19:53.136 [AsyncHttpClient-1-23] DEBUG org.asynchttpclient.netty.handler.HttpHandler - 

Request DefaultHttpRequest(decodeResult: success, version: HTTP/1.1)
POST /session/1814487d22d3d34320d2125865d63c41/execute/sync HTTP/1.1
User-Agent: selenium/4.8.1 (java windows)
Content-Length: 176
Content-Type: application/json; charset=utf-8
host: localhost:23120
accept: */*

Response DefaultHttpResponse(decodeResult: success, version: HTTP/1.1)
HTTP/1.1 200 OK
Content-Length: 22107
Content-Type: application/json; charset=utf-8
cache-control: no-cache

20:19:53.136 [AsyncHttpClient-1-23] DEBUG org.asynchttpclient.netty.channel.ChannelManager - Adding key: http://localhost:23120 for channel [id: 0x35b83927, L:/127.0.0.1:55214 - R:localhost/127.0.0.1:23120]
20:19:53.137 [Forwarding getCurrentUrl on session 1814487d22d3d34320d2125865d63c41 to remote] DEBUG org.asynchttpclient.netty.request.NettyRequestSender - Using pooled Channel '[id: 0x35b83927, L:/127.0.0.1:55214 - R:localhost/127.0.0.1:23120]' for 'GET' to 'http://localhost:23120/session/1814487d22d3d34320d2125865d63c41/url'
20:19:53.138 [Forwarding getCurrentUrl on session 1814487d22d3d34320d2125865d63c41 to remote] DEBUG org.asynchttpclient.netty.request.NettyRequestSender - Using open Channel [id: 0x35b83927, L:/127.0.0.1:55214 - R:localhost/127.0.0.1:23120] for GET '/session/1814487d22d3d34320d2125865d63c41/url'
20:19:53.140 [AsyncHttpClient-1-23] DEBUG org.asynchttpclient.netty.handler.HttpHandler - 

Request DefaultFullHttpRequest(decodeResult: success, version: HTTP/1.1, content: EmptyByteBufBE)
GET /session/1814487d22d3d34320d2125865d63c41/url HTTP/1.1
User-Agent: selenium/4.8.1 (java windows)
Cache-Control: no-cache
Content-Type: application/json; charset=utf-8
host: localhost:23120
accept: */*

Response DefaultHttpResponse(decodeResult: success, version: HTTP/1.1)
HTTP/1.1 200 OK
Content-Length: 51
Content-Type: application/json; charset=utf-8
cache-control: no-cache

20:19:53.140 [AsyncHttpClient-1-23] DEBUG org.asynchttpclient.netty.channel.ChannelManager - Adding key: http://localhost:23120 for channel [id: 0x35b83927, L:/127.0.0.1:55214 - R:localhost/127.0.0.1:23120]
20:19:53.142 [main] DEBUG net.thucydides.core.steps.StepInterceptor - STARTING STEP: LoginSteps.alertContent - incorrectAlert
20:19:53.143 [Forwarding findElement on session 1814487d22d3d34320d2125865d63c41 to remote] DEBUG org.asynchttpclient.netty.request.NettyRequestSender - Using pooled Channel '[id: 0x35b83927, L:/127.0.0.1:55214 - R:localhost/127.0.0.1:23120]' for 'POST' to 'http://localhost:23120/session/1814487d22d3d34320d2125865d63c41/element'
20:19:53.143 [Forwarding findElement on session 1814487d22d3d34320d2125865d63c41 to remote] DEBUG org.asynchttpclient.netty.request.NettyRequestSender - Using open Channel [id: 0x35b83927, L:/127.0.0.1:55214 - R:localhost/127.0.0.1:23120] for POST '/session/1814487d22d3d34320d2125865d63c41/element'
20:19:53.409 [AsyncHttpClient-1-23] DEBUG org.asynchttpclient.netty.handler.HttpHandler - 

Request DefaultHttpRequest(decodeResult: success, version: HTTP/1.1)
POST /session/1814487d22d3d34320d2125865d63c41/element HTTP/1.1
User-Agent: selenium/4.8.1 (java windows)
Content-Length: 54
Content-Type: application/json; charset=utf-8
host: localhost:23120
accept: */*

Response DefaultHttpResponse(decodeResult: success, version: HTTP/1.1)
HTTP/1.1 200 OK
Content-Length: 88
Content-Type: application/json; charset=utf-8
cache-control: no-cache

20:19:53.409 [AsyncHttpClient-1-23] DEBUG org.asynchttpclient.netty.channel.ChannelManager - Adding key: http://localhost:23120 for channel [id: 0x35b83927, L:/127.0.0.1:55214 - R:localhost/127.0.0.1:23120]
20:19:53.411 [Forwarding isElementDisplayed on session 1814487d22d3d34320d2125865d63c41 to remote] DEBUG org.asynchttpclient.netty.request.NettyRequestSender - Using pooled Channel '[id: 0x35b83927, L:/127.0.0.1:55214 - R:localhost/127.0.0.1:23120]' for 'POST' to 'http://localhost:23120/session/1814487d22d3d34320d2125865d63c41/execute/sync'
20:19:53.411 [Forwarding isElementDisplayed on session 1814487d22d3d34320d2125865d63c41 to remote] DEBUG org.asynchttpclient.netty.request.NettyRequestSender - Using open Channel [id: 0x35b83927, L:/127.0.0.1:55214 - R:localhost/127.0.0.1:23120] for POST '/session/1814487d22d3d34320d2125865d63c41/execute/sync'
20:19:53.433 [AsyncHttpClient-1-23] DEBUG org.asynchttpclient.netty.handler.HttpHandler - 

Request DefaultHttpRequest(decodeResult: success, version: HTTP/1.1)
POST /session/1814487d22d3d34320d2125865d63c41/execute/sync HTTP/1.1
User-Agent: selenium/4.8.1 (java windows)
Content-Length: 48807
Content-Type: application/json; charset=utf-8
host: localhost:23120
accept: */*

Response DefaultHttpResponse(decodeResult: success, version: HTTP/1.1)
HTTP/1.1 200 OK
Content-Length: 14
Content-Type: application/json; charset=utf-8
cache-control: no-cache

20:19:53.433 [AsyncHttpClient-1-23] DEBUG org.asynchttpclient.netty.channel.ChannelManager - Adding key: http://localhost:23120 for channel [id: 0x35b83927, L:/127.0.0.1:55214 - R:localhost/127.0.0.1:23120]
20:19:53.439 [Forwarding getAlertText on session 1814487d22d3d34320d2125865d63c41 to remote] DEBUG org.asynchttpclient.netty.request.NettyRequestSender - Using pooled Channel '[id: 0x35b83927, L:/127.0.0.1:55214 - R:localhost/127.0.0.1:23120]' for 'GET' to 'http://localhost:23120/session/1814487d22d3d34320d2125865d63c41/alert/text'
20:19:53.439 [Forwarding getAlertText on session 1814487d22d3d34320d2125865d63c41 to remote] DEBUG org.asynchttpclient.netty.request.NettyRequestSender - Using open Channel [id: 0x35b83927, L:/127.0.0.1:55214 - R:localhost/127.0.0.1:23120] for GET '/session/1814487d22d3d34320d2125865d63c41/alert/text'
20:19:53.441 [AsyncHttpClient-1-23] DEBUG org.asynchttpclient.netty.handler.HttpHandler - 

Request DefaultFullHttpRequest(decodeResult: success, version: HTTP/1.1, content: EmptyByteBufBE)
GET /session/1814487d22d3d34320d2125865d63c41/alert/text HTTP/1.1
User-Agent: selenium/4.8.1 (java windows)
Cache-Control: no-cache
Content-Type: application/json; charset=utf-8
host: localhost:23120
accept: */*

Response DefaultHttpResponse(decodeResult: success, version: HTTP/1.1)
HTTP/1.1 404 Not Found
Content-Length: 836
Content-Type: application/json; charset=utf-8
cache-control: no-cache

20:19:53.441 [AsyncHttpClient-1-23] DEBUG org.asynchttpclient.netty.channel.ChannelManager - Adding key: http://localhost:23120 for channel [id: 0x35b83927, L:/127.0.0.1:55214 - R:localhost/127.0.0.1:23120]
20:19:53.442 [Forwarding getCurrentUrl on session 1814487d22d3d34320d2125865d63c41 to remote] DEBUG org.asynchttpclient.netty.request.NettyRequestSender - Using pooled Channel '[id: 0x35b83927, L:/127.0.0.1:55214 - R:localhost/127.0.0.1:23120]' for 'GET' to 'http://localhost:23120/session/1814487d22d3d34320d2125865d63c41/url'
20:19:53.443 [Forwarding getCurrentUrl on session 1814487d22d3d34320d2125865d63c41 to remote] DEBUG org.asynchttpclient.netty.request.NettyRequestSender - Using open Channel [id: 0x35b83927, L:/127.0.0.1:55214 - R:localhost/127.0.0.1:23120] for GET '/session/1814487d22d3d34320d2125865d63c41/url'
20:19:53.446 [AsyncHttpClient-1-23] DEBUG org.asynchttpclient.netty.handler.HttpHandler - 

Request DefaultFullHttpRequest(decodeResult: success, version: HTTP/1.1, content: EmptyByteBufBE)
GET /session/1814487d22d3d34320d2125865d63c41/url HTTP/1.1
User-Agent: selenium/4.8.1 (java windows)
Cache-Control: no-cache
Content-Type: application/json; charset=utf-8
host: localhost:23120
accept: */*

Response DefaultHttpResponse(decodeResult: success, version: HTTP/1.1)
HTTP/1.1 200 OK
Content-Length: 51
Content-Type: application/json; charset=utf-8
cache-control: no-cache

20:19:53.446 [AsyncHttpClient-1-23] DEBUG org.asynchttpclient.netty.channel.ChannelManager - Adding key: http://localhost:23120 for channel [id: 0x35b83927, L:/127.0.0.1:55214 - R:localhost/127.0.0.1:23120]
20:19:53.446 [Forwarding screenshot on session 1814487d22d3d34320d2125865d63c41 to remote] DEBUG org.asynchttpclient.netty.request.NettyRequestSender - Using pooled Channel '[id: 0x35b83927, L:/127.0.0.1:55214 - R:localhost/127.0.0.1:23120]' for 'GET' to 'http://localhost:23120/session/1814487d22d3d34320d2125865d63c41/screenshot'
20:19:53.446 [Forwarding screenshot on session 1814487d22d3d34320d2125865d63c41 to remote] DEBUG org.asynchttpclient.netty.request.NettyRequestSender - Using open Channel [id: 0x35b83927, L:/127.0.0.1:55214 - R:localhost/127.0.0.1:23120] for GET '/session/1814487d22d3d34320d2125865d63c41/screenshot'
20:19:53.543 [AsyncHttpClient-1-23] DEBUG org.asynchttpclient.netty.handler.HttpHandler - 

Request DefaultFullHttpRequest(decodeResult: success, version: HTTP/1.1, content: EmptyByteBufBE)
GET /session/1814487d22d3d34320d2125865d63c41/screenshot HTTP/1.1
User-Agent: selenium/4.8.1 (java windows)
Cache-Control: no-cache
Content-Type: application/json; charset=utf-8
host: localhost:23120
accept: */*

Response DefaultHttpResponse(decodeResult: success, version: HTTP/1.1)
HTTP/1.1 200 OK
Content-Length: 34812
Content-Type: application/json; charset=utf-8
cache-control: no-cache

20:19:53.543 [AsyncHttpClient-1-23] DEBUG org.asynchttpclient.netty.channel.ChannelManager - Adding key: http://localhost:23120 for channel [id: 0x35b83927, L:/127.0.0.1:55214 - R:localhost/127.0.0.1:23120]
20:19:53.544 [main] DEBUG net.serenitybdd.core.photography.Darkroom - Send negative for processing for target\site\serenity\e65cbe68cdbdda6f388a03b290357b863ecb045fe69c82342860f0d115d015f2.png
20:19:53.544 [main] DEBUG net.thucydides.core.steps.StepInterceptor - STEP DONE: incorrectAlert
  &amp#27;[32mThen &amp#27;[0m&amp#27;[32mI should see the error message&amp#27;[0m    &amp#27;[90m# starter.stepdefinitions.LoginSteps.alertContent()&amp#27;[0m
20:19:53.544 [Darkroom Processing Line] DEBUG net.serenitybdd.core.photography.DarkroomProcessingLine - Processing screenshot image in /var/screenshots/screenshot-12139789387499914937
20:19:53.544 [Darkroom Processing Line] DEBUG net.serenitybdd.core.photography.DarkroomProcessingLine - Saving screenshot to target\site\serenity\e65cbe68cdbdda6f388a03b290357b863ecb045fe69c82342860f0d115d015f2.png
20:19:53.549 [main] INFO  - 
  _____   ___   ___   _____     ___     _     ___   ___   ___   ___  
 |_   _| | __| / __| |_   _|   | _ \   /_\   / __| / __| | __| |   \ 
   | |   | _|  \__ \   | |     |  _/  / _ \  \__ \ \__ \ | _|  | |) |
   |_|   |___| |___/   |_|     |_|   /_/ \_\ |___/ |___/ |___| |___/ 

Login with wrong email
----------------------------------------------------------------------
20:19:53.549 [Driver Command Executor] DEBUG org.asynchttpclient.netty.request.NettyRequestSender - Using pooled Channel '[id: 0x35b83927, L:/127.0.0.1:55214 - R:localhost/127.0.0.1:23120]' for 'DELETE' to 'http://localhost:23120/session/1814487d22d3d34320d2125865d63c41'
20:19:53.549 [AsyncHttpClient-1-25] DEBUG org.asynchttpclient.netty.handler.WebSocketHandler - Channel Closed: [id: 0x881cabc5, L:/127.0.0.1:55223 ! R:localhost/127.0.0.1:55216] with attribute NettyResponseFuture{currentRetry=0,
	isDone=1,
	isCancelled=0,
	asyncHandler=org.asynchttpclient.ws.WebSocketUpgradeHandler@f4671cf,
	nettyRequest=org.asynchttpclient.netty.request.NettyRequest@4a44ee43,
	future=java.util.concurrent.CompletableFuture@3fda7e56[Completed normally],
	uri=ws://localhost:55216/devtools/browser/39ff81de-183c-4b57-869b-1e3f64029761,
	keepAlive=true,
	redirectCount=0,
	timeoutsHolder=null,
	inAuth=0,
	touch=1683379191502}
20:19:53.550 [Driver Command Executor] DEBUG org.asynchttpclient.netty.request.NettyRequestSender - Using open Channel [id: 0x35b83927, L:/127.0.0.1:55214 - R:localhost/127.0.0.1:23120] for DELETE '/session/1814487d22d3d34320d2125865d63c41'
20:19:53.550 [AsyncHttpClient-1-25] DEBUG org.asynchttpclient.netty.channel.ChannelManager - Closing Channel [id: 0x881cabc5, L:/127.0.0.1:55223 ! R:localhost/127.0.0.1:55216] 
20:19:53.569 [AsyncHttpClient-1-24] DEBUG org.asynchttpclient.netty.handler.HttpHandler - Unexpected I/O exception on channel [id: 0x0714fefc, L:/127.0.0.1:55222 - R:localhost/127.0.0.1:55216]
java.net.SocketException: Connection reset
	at java.base/sun.nio.ch.SocketChannelImpl.throwConnectionReset(SocketChannelImpl.java:367)
	at java.base/sun.nio.ch.SocketChannelImpl.read(SocketChannelImpl.java:398)
	at io.netty.buffer.PooledByteBuf.setBytes(PooledByteBuf.java:259)
	at io.netty.buffer.AbstractByteBuf.writeBytes(AbstractByteBuf.java:1132)
	at io.netty.channel.socket.nio.NioSocketChannel.doReadBytes(NioSocketChannel.java:357)
	at io.netty.channel.nio.AbstractNioByteChannel$NioByteUnsafe.read(AbstractNioByteChannel.java:151)
	at io.netty.channel.nio.NioEventLoop.processSelectedKey(NioEventLoop.java:788)
	at io.netty.channel.nio.NioEventLoop.processSelectedKeysOptimized(NioEventLoop.java:724)
	at io.netty.channel.nio.NioEventLoop.processSelectedKeys(NioEventLoop.java:650)
	at io.netty.channel.nio.NioEventLoop.run(NioEventLoop.java:562)
	at io.netty.util.concurrent.SingleThreadEventExecutor$4.run(SingleThreadEventExecutor.java:997)
	at io.netty.util.internal.ThreadExecutorMap$2.run(ThreadExecutorMap.java:74)
	at io.netty.util.concurrent.FastThreadLocalRunnable.run(FastThreadLocalRunnable.java:30)
	at java.base/java.lang.Thread.run(Thread.java:832)
20:19:53.569 [AsyncHttpClient-1-24] DEBUG org.asynchttpclient.netty.channel.ChannelManager - Closing Channel [id: 0x0714fefc, L:/127.0.0.1:55222 - R:localhost/127.0.0.1:55216] 
20:19:53.570 [AsyncHttpClient-1-24] DEBUG org.asynchttpclient.netty.handler.HttpHandler - Channel Closed: [id: 0x0714fefc, L:/127.0.0.1:55222 ! R:localhost/127.0.0.1:55216] with attribute DISCARD
20:19:53.578 [AsyncHttpClient-1-23] DEBUG org.asynchttpclient.netty.handler.HttpHandler - 

Request DefaultFullHttpRequest(decodeResult: success, version: HTTP/1.1, content: EmptyByteBufBE)
DELETE /session/1814487d22d3d34320d2125865d63c41 HTTP/1.1
User-Agent: selenium/4.8.1 (java windows)
Content-Type: application/json; charset=utf-8
host: localhost:23120
accept: */*

Response DefaultHttpResponse(decodeResult: success, version: HTTP/1.1)
HTTP/1.1 200 OK
Content-Length: 14
Content-Type: application/json; charset=utf-8
cache-control: no-cache

20:19:53.578 [AsyncHttpClient-1-23] DEBUG org.asynchttpclient.netty.channel.ChannelManager - Adding key: http://localhost:23120 for channel [id: 0x35b83927, L:/127.0.0.1:55214 - R:localhost/127.0.0.1:23120]
20:19:53.667 [AsyncHttpClient-1-23] DEBUG org.asynchttpclient.netty.handler.HttpHandler - Channel Closed: [id: 0x35b83927, L:/127.0.0.1:55214 ! R:localhost/127.0.0.1:23120] with attribute DISCARD
20:19:53.760 [AsyncHttpClient-1-1] DEBUG org.asynchttpclient.netty.channel.DefaultChannelPool - Entry count for : http://localhost:55216 : 1
20:19:53.760 [AsyncHttpClient-1-1] DEBUG org.asynchttpclient.netty.channel.DefaultChannelPool - Entry count for : http://localhost:23120 : 1
20:19:53.760 [AsyncHttpClient-1-1] DEBUG org.asynchttpclient.netty.channel.DefaultChannelPool - Adding Candidate expired Channel [id: 0x0714fefc, L:/127.0.0.1:55222 ! R:localhost/127.0.0.1:55216] isIdleTimeoutExpired=false isRemotelyClosed=true isTtlExpired=false
20:19:53.760 [AsyncHttpClient-1-1] DEBUG org.asynchttpclient.netty.channel.DefaultChannelPool - Closing Idle Channel [id: 0x0714fefc, L:/127.0.0.1:55222 ! R:localhost/127.0.0.1:55216]
20:19:53.760 [AsyncHttpClient-1-1] DEBUG org.asynchttpclient.netty.channel.DefaultChannelPool - Adding Candidate expired Channel [id: 0x35b83927, L:/127.0.0.1:55214 ! R:localhost/127.0.0.1:23120] isIdleTimeoutExpired=false isRemotelyClosed=true isTtlExpired=false
20:19:53.760 [AsyncHttpClient-1-1] DEBUG org.asynchttpclient.netty.channel.DefaultChannelPool - Closing Idle Channel [id: 0x35b83927, L:/127.0.0.1:55214 ! R:localhost/127.0.0.1:23120]
20:19:53.760 [AsyncHttpClient-1-1] DEBUG org.asynchttpclient.netty.channel.DefaultChannelPool - Closed 2 connections out of 2 in 0 ms
]]></system-out>
    <system-err><![CDATA[Starting ChromeDriver 111.0.5563.64 (c710e93d5b63b7095afe8c2c17df34408078439d-refs/branch-heads/5563@{#995}) on port 23120
Only local connections are allowed.
Please see https://chromedriver.chromium.org/security-considerations for suggestions on keeping ChromeDriver safe.
ChromeDriver was started successfully.
[1683379191.470][WARNING]: This version of ChromeDriver has not been tested with Chrome version 112.
May 06, 2023 8:19:51 PM org.openqa.selenium.devtools.CdpVersionFinder findNearestMatch
WARNING: Unable to find an exact match for CDP version 112, so returning the closest version found: 110
]]></system-err>
  </testcase>
  <testcase name="Login with invalid email" classname="Login to Alta-shop Account" time="3.353">
    <system-out><![CDATA[
Scenario: Login with invalid email       &amp#27;[90m# src/test/resources/features/2. Login.feature:28&amp#27;[0m
20:19:54.201 [main] DEBUG io.cucumber.core.plugin.SerenityReporter - Running feature from file:///C:/Users/WINDOWS%2010/Documents/GitHub/MiniProject_QE/Web/code/minpro/src/test/resources/features/2.%20Login.feature
20:19:54.204 [main] INFO  - 
  _____   ___   ___   _____     ___   _____     _     ___   _____   ___   ___  
 |_   _| | __| / __| |_   _|   / __| |_   _|   /_\   | _ \ |_   _| | __| |   \ 
   | |   | _|  \__ \   | |     \__ \   | |    / _ \  |   /   | |   | _|  | |) |
   |_|   |___| |___/   |_|     |___/   |_|   /_/ \_\ |_|_\   |_|   |___| |___/ 

Login with invalid email(login-to-alta-shop-account;login-with-invalid-email)
--------------------------------------------------------------------------------
20:19:54.230 [main] DEBUG net.thucydides.core.steps.StepInterceptor - STARTING STEP: LoginSteps.onTheLoginPage - openPage
20:19:54.273 [main] INFO net.serenitybdd.core.webdriver.driverproviders.ChromeDriverProvider - Starting Chrome driver instance with capabilities:
20:19:54.273 [main] INFO net.serenitybdd.core.webdriver.driverproviders.ChromeDriverProvider - Capabilities {acceptInsecureCerts: false, browserName: chrome, goog:chromeOptions: {args: [remote-allow-origins=*], extensions: []}}
20:19:54.340 [AsyncHttpClient-1-26] DEBUG org.asynchttpclient.netty.channel.NettyConnectListener - Using new Channel '[id: 0x016e5604, L:/127.0.0.1:55241 - R:localhost/127.0.0.1:29208]' for 'POST' to '/session'
20:19:54.956 [AsyncHttpClient-1-26] DEBUG org.asynchttpclient.netty.handler.HttpHandler - 

Request DefaultHttpRequest(decodeResult: success, version: HTTP/1.1)
POST /session HTTP/1.1
User-Agent: selenium/4.8.1 (java windows)
Content-Length: 507
Content-Type: application/json; charset=utf-8
host: localhost:29208
accept: */*

Response DefaultHttpResponse(decodeResult: success, version: HTTP/1.1)
HTTP/1.1 200 OK
Content-Length: 861
Content-Type: application/json; charset=utf-8
cache-control: no-cache

20:19:54.956 [AsyncHttpClient-1-26] DEBUG org.asynchttpclient.netty.channel.ChannelManager - Adding key: http://localhost:29208 for channel [id: 0x016e5604, L:/127.0.0.1:55241 - R:localhost/127.0.0.1:29208]
20:19:54.960 [AsyncHttpClient-1-27] DEBUG org.asynchttpclient.netty.channel.NettyConnectListener - Using new Channel '[id: 0x2dbcac06, L:/127.0.0.1:55250 - R:localhost/127.0.0.1:55243]' for 'GET' to '/json/version'
20:19:54.962 [AsyncHttpClient-1-27] DEBUG org.asynchttpclient.netty.handler.HttpHandler - 

Request DefaultFullHttpRequest(decodeResult: success, version: HTTP/1.1, content: EmptyByteBufBE)
GET /json/version HTTP/1.1
User-Agent: selenium/4.8.1 (java windows)
host: localhost:55243
accept: */*

Response DefaultHttpResponse(decodeResult: success, version: HTTP/1.1)
HTTP/1.1 200 OK
Content-Security-Policy: frame-ancestors 'none'
Content-Length: 424
Content-Type: application/json; charset=UTF-8

20:19:54.962 [AsyncHttpClient-1-27] DEBUG org.asynchttpclient.netty.channel.ChannelManager - Adding key: http://localhost:55243 for channel [id: 0x2dbcac06, L:/127.0.0.1:55250 - R:localhost/127.0.0.1:55243]
20:19:54.964 [AsyncHttpClient-1-28] DEBUG org.asynchttpclient.netty.channel.NettyConnectListener - Using new Channel '[id: 0x56c773f0, L:/127.0.0.1:55251 - R:localhost/127.0.0.1:55243]' for 'GET' to '/devtools/browser/c40fe1a5-e129-4127-8a4c-91a70afc1a23'
20:19:54.966 [AsyncHttpClient-1-28] DEBUG org.asynchttpclient.netty.handler.WebSocketHandler - 

Request DefaultFullHttpRequest(decodeResult: success, version: HTTP/1.1, content: EmptyByteBufBE)
GET /devtools/browser/c40fe1a5-e129-4127-8a4c-91a70afc1a23 HTTP/1.1
upgrade: websocket
connection: upgrade
sec-websocket-key: XmgRqy4ozazKITRWhIKH0Q==
sec-websocket-version: 13
origin: http://localhost:55243
host: localhost:55243
accept: */*
user-agent: AHC/2.1

Response DefaultHttpResponse(decodeResult: success, version: HTTP/1.1)
HTTP/1.1 101 WebSocket Protocol Handshake
Upgrade: WebSocket
Connection: Upgrade
Sec-WebSocket-Accept: uG/QNz1YGkTDcaPUuy1wppKB/Ek=

20:19:54.969 [Forwarding get on session b54bced3957eca46b18d3f5b9b6be0a4 to remote] DEBUG org.asynchttpclient.netty.request.NettyRequestSender - Using pooled Channel '[id: 0x016e5604, L:/127.0.0.1:55241 - R:localhost/127.0.0.1:29208]' for 'POST' to 'http://localhost:29208/session/b54bced3957eca46b18d3f5b9b6be0a4/url'
20:19:54.969 [Forwarding get on session b54bced3957eca46b18d3f5b9b6be0a4 to remote] DEBUG org.asynchttpclient.netty.request.NettyRequestSender - Using open Channel [id: 0x016e5604, L:/127.0.0.1:55241 - R:localhost/127.0.0.1:29208] for POST '/session/b54bced3957eca46b18d3f5b9b6be0a4/url'
20:19:55.805 [AsyncHttpClient-1-26] DEBUG org.asynchttpclient.netty.handler.HttpHandler - 

Request DefaultHttpRequest(decodeResult: success, version: HTTP/1.1)
POST /session/b54bced3957eca46b18d3f5b9b6be0a4/url HTTP/1.1
User-Agent: selenium/4.8.1 (java windows)
Content-Length: 74
Content-Type: application/json; charset=utf-8
host: localhost:29208
accept: */*

Response DefaultHttpResponse(decodeResult: success, version: HTTP/1.1)
HTTP/1.1 200 OK
Content-Length: 14
Content-Type: application/json; charset=utf-8
cache-control: no-cache

20:19:55.805 [AsyncHttpClient-1-26] DEBUG org.asynchttpclient.netty.channel.ChannelManager - Adding key: http://localhost:29208 for channel [id: 0x016e5604, L:/127.0.0.1:55241 - R:localhost/127.0.0.1:29208]
20:19:55.806 [Forwarding setTimeout on session b54bced3957eca46b18d3f5b9b6be0a4 to remote] DEBUG org.asynchttpclient.netty.request.NettyRequestSender - Using pooled Channel '[id: 0x016e5604, L:/127.0.0.1:55241 - R:localhost/127.0.0.1:29208]' for 'POST' to 'http://localhost:29208/session/b54bced3957eca46b18d3f5b9b6be0a4/timeouts'
20:19:55.806 [Forwarding setTimeout on session b54bced3957eca46b18d3f5b9b6be0a4 to remote] DEBUG org.asynchttpclient.netty.request.NettyRequestSender - Using open Channel [id: 0x016e5604, L:/127.0.0.1:55241 - R:localhost/127.0.0.1:29208] for POST '/session/b54bced3957eca46b18d3f5b9b6be0a4/timeouts'
20:19:55.806 [AsyncHttpClient-1-26] DEBUG org.asynchttpclient.netty.handler.HttpHandler - 

Request DefaultHttpRequest(decodeResult: success, version: HTTP/1.1)
POST /session/b54bced3957eca46b18d3f5b9b6be0a4/timeouts HTTP/1.1
User-Agent: selenium/4.8.1 (java windows)
Content-Length: 22
Content-Type: application/json; charset=utf-8
host: localhost:29208
accept: */*

Response DefaultHttpResponse(decodeResult: success, version: HTTP/1.1)
HTTP/1.1 200 OK
Content-Length: 14
Content-Type: application/json; charset=utf-8
cache-control: no-cache

20:19:55.806 [AsyncHttpClient-1-26] DEBUG org.asynchttpclient.netty.channel.ChannelManager - Adding key: http://localhost:29208 for channel [id: 0x016e5604, L:/127.0.0.1:55241 - R:localhost/127.0.0.1:29208]
20:19:55.812 [Forwarding getAlertText on session b54bced3957eca46b18d3f5b9b6be0a4 to remote] DEBUG org.asynchttpclient.netty.request.NettyRequestSender - Using pooled Channel '[id: 0x016e5604, L:/127.0.0.1:55241 - R:localhost/127.0.0.1:29208]' for 'GET' to 'http://localhost:29208/session/b54bced3957eca46b18d3f5b9b6be0a4/alert/text'
20:19:55.812 [Forwarding getAlertText on session b54bced3957eca46b18d3f5b9b6be0a4 to remote] DEBUG org.asynchttpclient.netty.request.NettyRequestSender - Using open Channel [id: 0x016e5604, L:/127.0.0.1:55241 - R:localhost/127.0.0.1:29208] for GET '/session/b54bced3957eca46b18d3f5b9b6be0a4/alert/text'
20:19:55.813 [AsyncHttpClient-1-26] DEBUG org.asynchttpclient.netty.handler.HttpHandler - 

Request DefaultFullHttpRequest(decodeResult: success, version: HTTP/1.1, content: EmptyByteBufBE)
GET /session/b54bced3957eca46b18d3f5b9b6be0a4/alert/text HTTP/1.1
User-Agent: selenium/4.8.1 (java windows)
Cache-Control: no-cache
Content-Type: application/json; charset=utf-8
host: localhost:29208
accept: */*

Response DefaultHttpResponse(decodeResult: success, version: HTTP/1.1)
HTTP/1.1 404 Not Found
Content-Length: 836
Content-Type: application/json; charset=utf-8
cache-control: no-cache

20:19:55.813 [AsyncHttpClient-1-26] DEBUG org.asynchttpclient.netty.channel.ChannelManager - Adding key: http://localhost:29208 for channel [id: 0x016e5604, L:/127.0.0.1:55241 - R:localhost/127.0.0.1:29208]
20:19:55.815 [Forwarding getCurrentUrl on session b54bced3957eca46b18d3f5b9b6be0a4 to remote] DEBUG org.asynchttpclient.netty.request.NettyRequestSender - Using pooled Channel '[id: 0x016e5604, L:/127.0.0.1:55241 - R:localhost/127.0.0.1:29208]' for 'GET' to 'http://localhost:29208/session/b54bced3957eca46b18d3f5b9b6be0a4/url'
20:19:55.815 [Forwarding getCurrentUrl on session b54bced3957eca46b18d3f5b9b6be0a4 to remote] DEBUG org.asynchttpclient.netty.request.NettyRequestSender - Using open Channel [id: 0x016e5604, L:/127.0.0.1:55241 - R:localhost/127.0.0.1:29208] for GET '/session/b54bced3957eca46b18d3f5b9b6be0a4/url'
20:19:55.818 [AsyncHttpClient-1-26] DEBUG org.asynchttpclient.netty.handler.HttpHandler - 

Request DefaultFullHttpRequest(decodeResult: success, version: HTTP/1.1, content: EmptyByteBufBE)
GET /session/b54bced3957eca46b18d3f5b9b6be0a4/url HTTP/1.1
User-Agent: selenium/4.8.1 (java windows)
Cache-Control: no-cache
Content-Type: application/json; charset=utf-8
host: localhost:29208
accept: */*

Response DefaultHttpResponse(decodeResult: success, version: HTTP/1.1)
HTTP/1.1 200 OK
Content-Length: 51
Content-Type: application/json; charset=utf-8
cache-control: no-cache

20:19:55.818 [AsyncHttpClient-1-26] DEBUG org.asynchttpclient.netty.channel.ChannelManager - Adding key: http://localhost:29208 for channel [id: 0x016e5604, L:/127.0.0.1:55241 - R:localhost/127.0.0.1:29208]
20:19:55.819 [Forwarding screenshot on session b54bced3957eca46b18d3f5b9b6be0a4 to remote] DEBUG org.asynchttpclient.netty.request.NettyRequestSender - Using pooled Channel '[id: 0x016e5604, L:/127.0.0.1:55241 - R:localhost/127.0.0.1:29208]' for 'GET' to 'http://localhost:29208/session/b54bced3957eca46b18d3f5b9b6be0a4/screenshot'
20:19:55.819 [Forwarding screenshot on session b54bced3957eca46b18d3f5b9b6be0a4 to remote] DEBUG org.asynchttpclient.netty.request.NettyRequestSender - Using open Channel [id: 0x016e5604, L:/127.0.0.1:55241 - R:localhost/127.0.0.1:29208] for GET '/session/b54bced3957eca46b18d3f5b9b6be0a4/screenshot'
20:19:55.888 [AsyncHttpClient-1-26] DEBUG org.asynchttpclient.netty.handler.HttpHandler - 

Request DefaultFullHttpRequest(decodeResult: success, version: HTTP/1.1, content: EmptyByteBufBE)
GET /session/b54bced3957eca46b18d3f5b9b6be0a4/screenshot HTTP/1.1
User-Agent: selenium/4.8.1 (java windows)
Cache-Control: no-cache
Content-Type: application/json; charset=utf-8
host: localhost:29208
accept: */*

Response DefaultHttpResponse(decodeResult: success, version: HTTP/1.1)
HTTP/1.1 200 OK
Content-Length: 25208
Content-Type: application/json; charset=utf-8
cache-control: no-cache

20:19:55.888 [AsyncHttpClient-1-26] DEBUG org.asynchttpclient.netty.channel.ChannelManager - Adding key: http://localhost:29208 for channel [id: 0x016e5604, L:/127.0.0.1:55241 - R:localhost/127.0.0.1:29208]
20:19:55.889 [main] DEBUG net.serenitybdd.core.photography.Darkroom - Send negative for processing for target\site\serenity\edb14d4aab401efa0e4fb99861e6ffcafebc86a67b69f7828890b9910ed2ddbd.png
20:19:55.889 [main] DEBUG net.thucydides.core.steps.StepInterceptor - STEP DONE: openPage
  &amp#27;[32mGiven &amp#27;[0m&amp#27;[32mI am on the alta-shop login page&amp#27;[0m &amp#27;[90m# starter.stepdefinitions.LoginSteps.onTheLoginPage()&amp#27;[0m
20:19:55.895 [Forwarding getPageSource on session b54bced3957eca46b18d3f5b9b6be0a4 to remote] DEBUG org.asynchttpclient.netty.request.NettyRequestSender - Using pooled Channel '[id: 0x016e5604, L:/127.0.0.1:55241 - R:localhost/127.0.0.1:29208]' for 'POST' to 'http://localhost:29208/session/b54bced3957eca46b18d3f5b9b6be0a4/execute/sync'
20:19:55.895 [Forwarding getPageSource on session b54bced3957eca46b18d3f5b9b6be0a4 to remote] DEBUG org.asynchttpclient.netty.request.NettyRequestSender - Using open Channel [id: 0x016e5604, L:/127.0.0.1:55241 - R:localhost/127.0.0.1:29208] for POST '/session/b54bced3957eca46b18d3f5b9b6be0a4/execute/sync'
20:19:55.899 [AsyncHttpClient-1-26] DEBUG org.asynchttpclient.netty.handler.HttpHandler - 

Request DefaultHttpRequest(decodeResult: success, version: HTTP/1.1)
POST /session/b54bced3957eca46b18d3f5b9b6be0a4/execute/sync HTTP/1.1
User-Agent: selenium/4.8.1 (java windows)
Content-Length: 176
Content-Type: application/json; charset=utf-8
host: localhost:29208
accept: */*

Response DefaultHttpResponse(decodeResult: success, version: HTTP/1.1)
HTTP/1.1 200 OK
Content-Length: 21659
Content-Type: application/json; charset=utf-8
cache-control: no-cache

20:19:55.899 [AsyncHttpClient-1-26] DEBUG org.asynchttpclient.netty.channel.ChannelManager - Adding key: http://localhost:29208 for channel [id: 0x016e5604, L:/127.0.0.1:55241 - R:localhost/127.0.0.1:29208]
20:19:55.901 [Forwarding getCurrentUrl on session b54bced3957eca46b18d3f5b9b6be0a4 to remote] DEBUG org.asynchttpclient.netty.request.NettyRequestSender - Using pooled Channel '[id: 0x016e5604, L:/127.0.0.1:55241 - R:localhost/127.0.0.1:29208]' for 'GET' to 'http://localhost:29208/session/b54bced3957eca46b18d3f5b9b6be0a4/url'
20:19:55.901 [Forwarding getCurrentUrl on session b54bced3957eca46b18d3f5b9b6be0a4 to remote] DEBUG org.asynchttpclient.netty.request.NettyRequestSender - Using open Channel [id: 0x016e5604, L:/127.0.0.1:55241 - R:localhost/127.0.0.1:29208] for GET '/session/b54bced3957eca46b18d3f5b9b6be0a4/url'
20:19:55.903 [AsyncHttpClient-1-26] DEBUG org.asynchttpclient.netty.handler.HttpHandler - 

Request DefaultFullHttpRequest(decodeResult: success, version: HTTP/1.1, content: EmptyByteBufBE)
GET /session/b54bced3957eca46b18d3f5b9b6be0a4/url HTTP/1.1
User-Agent: selenium/4.8.1 (java windows)
Cache-Control: no-cache
Content-Type: application/json; charset=utf-8
host: localhost:29208
accept: */*

Response DefaultHttpResponse(decodeResult: success, version: HTTP/1.1)
HTTP/1.1 200 OK
Content-Length: 51
Content-Type: application/json; charset=utf-8
cache-control: no-cache

20:19:55.903 [AsyncHttpClient-1-26] DEBUG org.asynchttpclient.netty.channel.ChannelManager - Adding key: http://localhost:29208 for channel [id: 0x016e5604, L:/127.0.0.1:55241 - R:localhost/127.0.0.1:29208]
20:19:55.909 [Forwarding getPageSource on session b54bced3957eca46b18d3f5b9b6be0a4 to remote] DEBUG org.asynchttpclient.netty.request.NettyRequestSender - Using pooled Channel '[id: 0x016e5604, L:/127.0.0.1:55241 - R:localhost/127.0.0.1:29208]' for 'POST' to 'http://localhost:29208/session/b54bced3957eca46b18d3f5b9b6be0a4/execute/sync'
20:19:55.909 [Forwarding getPageSource on session b54bced3957eca46b18d3f5b9b6be0a4 to remote] DEBUG org.asynchttpclient.netty.request.NettyRequestSender - Using open Channel [id: 0x016e5604, L:/127.0.0.1:55241 - R:localhost/127.0.0.1:29208] for POST '/session/b54bced3957eca46b18d3f5b9b6be0a4/execute/sync'
20:19:55.913 [AsyncHttpClient-1-26] DEBUG org.asynchttpclient.netty.handler.HttpHandler - 

Request DefaultHttpRequest(decodeResult: success, version: HTTP/1.1)
POST /session/b54bced3957eca46b18d3f5b9b6be0a4/execute/sync HTTP/1.1
User-Agent: selenium/4.8.1 (java windows)
Content-Length: 176
Content-Type: application/json; charset=utf-8
host: localhost:29208
accept: */*

Response DefaultHttpResponse(decodeResult: success, version: HTTP/1.1)
HTTP/1.1 200 OK
Content-Length: 21659
Content-Type: application/json; charset=utf-8
cache-control: no-cache

20:19:55.913 [AsyncHttpClient-1-26] DEBUG org.asynchttpclient.netty.channel.ChannelManager - Adding key: http://localhost:29208 for channel [id: 0x016e5604, L:/127.0.0.1:55241 - R:localhost/127.0.0.1:29208]
20:19:55.914 [Forwarding getCurrentUrl on session b54bced3957eca46b18d3f5b9b6be0a4 to remote] DEBUG org.asynchttpclient.netty.request.NettyRequestSender - Using pooled Channel '[id: 0x016e5604, L:/127.0.0.1:55241 - R:localhost/127.0.0.1:29208]' for 'GET' to 'http://localhost:29208/session/b54bced3957eca46b18d3f5b9b6be0a4/url'
20:19:55.914 [Forwarding getCurrentUrl on session b54bced3957eca46b18d3f5b9b6be0a4 to remote] DEBUG org.asynchttpclient.netty.request.NettyRequestSender - Using open Channel [id: 0x016e5604, L:/127.0.0.1:55241 - R:localhost/127.0.0.1:29208] for GET '/session/b54bced3957eca46b18d3f5b9b6be0a4/url'
20:19:55.916 [AsyncHttpClient-1-26] DEBUG org.asynchttpclient.netty.handler.HttpHandler - 

Request DefaultFullHttpRequest(decodeResult: success, version: HTTP/1.1, content: EmptyByteBufBE)
GET /session/b54bced3957eca46b18d3f5b9b6be0a4/url HTTP/1.1
User-Agent: selenium/4.8.1 (java windows)
Cache-Control: no-cache
Content-Type: application/json; charset=utf-8
host: localhost:29208
accept: */*

Response DefaultHttpResponse(decodeResult: success, version: HTTP/1.1)
HTTP/1.1 200 OK
Content-Length: 51
Content-Type: application/json; charset=utf-8
cache-control: no-cache

20:19:55.916 [AsyncHttpClient-1-26] DEBUG org.asynchttpclient.netty.channel.ChannelManager - Adding key: http://localhost:29208 for channel [id: 0x016e5604, L:/127.0.0.1:55241 - R:localhost/127.0.0.1:29208]
20:19:55.918 [main] DEBUG net.thucydides.core.steps.StepInterceptor - STARTING STEP: LoginSteps.inputIncnvalidEmail - inputEmail
20:19:55.920 [Forwarding findElement on session b54bced3957eca46b18d3f5b9b6be0a4 to remote] DEBUG org.asynchttpclient.netty.request.NettyRequestSender - Using pooled Channel '[id: 0x016e5604, L:/127.0.0.1:55241 - R:localhost/127.0.0.1:29208]' for 'POST' to 'http://localhost:29208/session/b54bced3957eca46b18d3f5b9b6be0a4/element'
20:19:55.920 [Forwarding findElement on session b54bced3957eca46b18d3f5b9b6be0a4 to remote] DEBUG org.asynchttpclient.netty.request.NettyRequestSender - Using open Channel [id: 0x016e5604, L:/127.0.0.1:55241 - R:localhost/127.0.0.1:29208] for POST '/session/b54bced3957eca46b18d3f5b9b6be0a4/element'
20:19:55.928 [AsyncHttpClient-1-26] DEBUG org.asynchttpclient.netty.handler.HttpHandler - 

Request DefaultHttpRequest(decodeResult: success, version: HTTP/1.1)
POST /session/b54bced3957eca46b18d3f5b9b6be0a4/element HTTP/1.1
User-Agent: selenium/4.8.1 (java windows)
Content-Length: 55
Content-Type: application/json; charset=utf-8
host: localhost:29208
accept: */*

Response DefaultHttpResponse(decodeResult: success, version: HTTP/1.1)
HTTP/1.1 200 OK
Content-Length: 88
Content-Type: application/json; charset=utf-8
cache-control: no-cache

20:19:55.928 [AsyncHttpClient-1-26] DEBUG org.asynchttpclient.netty.channel.ChannelManager - Adding key: http://localhost:29208 for channel [id: 0x016e5604, L:/127.0.0.1:55241 - R:localhost/127.0.0.1:29208]
20:19:55.929 [Forwarding clearElement on session b54bced3957eca46b18d3f5b9b6be0a4 to remote] DEBUG org.asynchttpclient.netty.request.NettyRequestSender - Using pooled Channel '[id: 0x016e5604, L:/127.0.0.1:55241 - R:localhost/127.0.0.1:29208]' for 'POST' to 'http://localhost:29208/session/b54bced3957eca46b18d3f5b9b6be0a4/element/8d50b4d0-49b6-4218-9037-bbdf8e1a639b/clear'
20:19:55.929 [Forwarding clearElement on session b54bced3957eca46b18d3f5b9b6be0a4 to remote] DEBUG org.asynchttpclient.netty.request.NettyRequestSender - Using open Channel [id: 0x016e5604, L:/127.0.0.1:55241 - R:localhost/127.0.0.1:29208] for POST '/session/b54bced3957eca46b18d3f5b9b6be0a4/element/8d50b4d0-49b6-4218-9037-bbdf8e1a639b/clear'
20:19:55.950 [AsyncHttpClient-1-26] DEBUG org.asynchttpclient.netty.handler.HttpHandler - 

Request DefaultHttpRequest(decodeResult: success, version: HTTP/1.1)
POST /session/b54bced3957eca46b18d3f5b9b6be0a4/element/8d50b4d0-49b6-4218-9037-bbdf8e1a639b/clear HTTP/1.1
User-Agent: selenium/4.8.1 (java windows)
Content-Length: 50
Content-Type: application/json; charset=utf-8
host: localhost:29208
accept: */*

Response DefaultHttpResponse(decodeResult: success, version: HTTP/1.1)
HTTP/1.1 200 OK
Content-Length: 14
Content-Type: application/json; charset=utf-8
cache-control: no-cache

20:19:55.950 [AsyncHttpClient-1-26] DEBUG org.asynchttpclient.netty.channel.ChannelManager - Adding key: http://localhost:29208 for channel [id: 0x016e5604, L:/127.0.0.1:55241 - R:localhost/127.0.0.1:29208]
20:19:55.951 [Forwarding sendKeysToElement on session b54bced3957eca46b18d3f5b9b6be0a4 to remote] DEBUG org.asynchttpclient.netty.request.NettyRequestSender - Using pooled Channel '[id: 0x016e5604, L:/127.0.0.1:55241 - R:localhost/127.0.0.1:29208]' for 'POST' to 'http://localhost:29208/session/b54bced3957eca46b18d3f5b9b6be0a4/element/8d50b4d0-49b6-4218-9037-bbdf8e1a639b/value'
20:19:55.951 [Forwarding sendKeysToElement on session b54bced3957eca46b18d3f5b9b6be0a4 to remote] DEBUG org.asynchttpclient.netty.request.NettyRequestSender - Using open Channel [id: 0x016e5604, L:/127.0.0.1:55241 - R:localhost/127.0.0.1:29208] for POST '/session/b54bced3957eca46b18d3f5b9b6be0a4/element/8d50b4d0-49b6-4218-9037-bbdf8e1a639b/value'
20:19:55.953 [AsyncHttpClient-1-1] DEBUG org.asynchttpclient.netty.channel.DefaultChannelPool - Entry count for : http://localhost:55243 : 1
20:19:56.019 [AsyncHttpClient-1-26] DEBUG org.asynchttpclient.netty.handler.HttpHandler - 

Request DefaultHttpRequest(decodeResult: success, version: HTTP/1.1)
POST /session/b54bced3957eca46b18d3f5b9b6be0a4/element/8d50b4d0-49b6-4218-9037-bbdf8e1a639b/value HTTP/1.1
User-Agent: selenium/4.8.1 (java windows)
Content-Length: 181
Content-Type: application/json; charset=utf-8
host: localhost:29208
accept: */*

Response DefaultHttpResponse(decodeResult: success, version: HTTP/1.1)
HTTP/1.1 200 OK
Content-Length: 14
Content-Type: application/json; charset=utf-8
cache-control: no-cache

20:19:56.019 [AsyncHttpClient-1-26] DEBUG org.asynchttpclient.netty.channel.ChannelManager - Adding key: http://localhost:29208 for channel [id: 0x016e5604, L:/127.0.0.1:55241 - R:localhost/127.0.0.1:29208]
20:19:56.024 [Forwarding getAlertText on session b54bced3957eca46b18d3f5b9b6be0a4 to remote] DEBUG org.asynchttpclient.netty.request.NettyRequestSender - Using pooled Channel '[id: 0x016e5604, L:/127.0.0.1:55241 - R:localhost/127.0.0.1:29208]' for 'GET' to 'http://localhost:29208/session/b54bced3957eca46b18d3f5b9b6be0a4/alert/text'
20:19:56.024 [Forwarding getAlertText on session b54bced3957eca46b18d3f5b9b6be0a4 to remote] DEBUG org.asynchttpclient.netty.request.NettyRequestSender - Using open Channel [id: 0x016e5604, L:/127.0.0.1:55241 - R:localhost/127.0.0.1:29208] for GET '/session/b54bced3957eca46b18d3f5b9b6be0a4/alert/text'
20:19:56.025 [AsyncHttpClient-1-26] DEBUG org.asynchttpclient.netty.handler.HttpHandler - 

Request DefaultFullHttpRequest(decodeResult: success, version: HTTP/1.1, content: EmptyByteBufBE)
GET /session/b54bced3957eca46b18d3f5b9b6be0a4/alert/text HTTP/1.1
User-Agent: selenium/4.8.1 (java windows)
Cache-Control: no-cache
Content-Type: application/json; charset=utf-8
host: localhost:29208
accept: */*

Response DefaultHttpResponse(decodeResult: success, version: HTTP/1.1)
HTTP/1.1 404 Not Found
Content-Length: 836
Content-Type: application/json; charset=utf-8
cache-control: no-cache

20:19:56.025 [AsyncHttpClient-1-26] DEBUG org.asynchttpclient.netty.channel.ChannelManager - Adding key: http://localhost:29208 for channel [id: 0x016e5604, L:/127.0.0.1:55241 - R:localhost/127.0.0.1:29208]
20:19:56.026 [Forwarding getCurrentUrl on session b54bced3957eca46b18d3f5b9b6be0a4 to remote] DEBUG org.asynchttpclient.netty.request.NettyRequestSender - Using pooled Channel '[id: 0x016e5604, L:/127.0.0.1:55241 - R:localhost/127.0.0.1:29208]' for 'GET' to 'http://localhost:29208/session/b54bced3957eca46b18d3f5b9b6be0a4/url'
20:19:56.026 [Forwarding getCurrentUrl on session b54bced3957eca46b18d3f5b9b6be0a4 to remote] DEBUG org.asynchttpclient.netty.request.NettyRequestSender - Using open Channel [id: 0x016e5604, L:/127.0.0.1:55241 - R:localhost/127.0.0.1:29208] for GET '/session/b54bced3957eca46b18d3f5b9b6be0a4/url'
20:19:56.029 [AsyncHttpClient-1-26] DEBUG org.asynchttpclient.netty.handler.HttpHandler - 

Request DefaultFullHttpRequest(decodeResult: success, version: HTTP/1.1, content: EmptyByteBufBE)
GET /session/b54bced3957eca46b18d3f5b9b6be0a4/url HTTP/1.1
User-Agent: selenium/4.8.1 (java windows)
Cache-Control: no-cache
Content-Type: application/json; charset=utf-8
host: localhost:29208
accept: */*

Response DefaultHttpResponse(decodeResult: success, version: HTTP/1.1)
HTTP/1.1 200 OK
Content-Length: 51
Content-Type: application/json; charset=utf-8
cache-control: no-cache

20:19:56.029 [AsyncHttpClient-1-26] DEBUG org.asynchttpclient.netty.channel.ChannelManager - Adding key: http://localhost:29208 for channel [id: 0x016e5604, L:/127.0.0.1:55241 - R:localhost/127.0.0.1:29208]
20:19:56.029 [Forwarding screenshot on session b54bced3957eca46b18d3f5b9b6be0a4 to remote] DEBUG org.asynchttpclient.netty.request.NettyRequestSender - Using pooled Channel '[id: 0x016e5604, L:/127.0.0.1:55241 - R:localhost/127.0.0.1:29208]' for 'GET' to 'http://localhost:29208/session/b54bced3957eca46b18d3f5b9b6be0a4/screenshot'
20:19:56.029 [Forwarding screenshot on session b54bced3957eca46b18d3f5b9b6be0a4 to remote] DEBUG org.asynchttpclient.netty.request.NettyRequestSender - Using open Channel [id: 0x016e5604, L:/127.0.0.1:55241 - R:localhost/127.0.0.1:29208] for GET '/session/b54bced3957eca46b18d3f5b9b6be0a4/screenshot'
20:19:56.116 [AsyncHttpClient-1-26] DEBUG org.asynchttpclient.netty.handler.HttpHandler - 

Request DefaultFullHttpRequest(decodeResult: success, version: HTTP/1.1, content: EmptyByteBufBE)
GET /session/b54bced3957eca46b18d3f5b9b6be0a4/screenshot HTTP/1.1
User-Agent: selenium/4.8.1 (java windows)
Cache-Control: no-cache
Content-Type: application/json; charset=utf-8
host: localhost:29208
accept: */*

Response DefaultHttpResponse(decodeResult: success, version: HTTP/1.1)
HTTP/1.1 200 OK
Content-Length: 28812
Content-Type: application/json; charset=utf-8
cache-control: no-cache

20:19:56.116 [AsyncHttpClient-1-26] DEBUG org.asynchttpclient.netty.channel.ChannelManager - Adding key: http://localhost:29208 for channel [id: 0x016e5604, L:/127.0.0.1:55241 - R:localhost/127.0.0.1:29208]
20:19:56.117 [main] DEBUG net.serenitybdd.core.photography.Darkroom - Send negative for processing for target\site\serenity\7a32f97d8446b33f381475b7af582a63c683cbd418a531518b7cc73398a12c55.png
20:19:56.117 [main] DEBUG net.thucydides.core.steps.StepInterceptor - STEP DONE: inputEmail
  &amp#27;[32mAnd &amp#27;[0m&amp#27;[32mI enter invalid email&amp#27;[0m              &amp#27;[90m# starter.stepdefinitions.LoginSteps.inputIncnvalidEmail()&amp#27;[0m
20:19:56.118 [Darkroom Processing Line] DEBUG net.serenitybdd.core.photography.DarkroomProcessingLine - Processing screenshot image in /var/screenshots/screenshot-16010559306295370971
20:19:56.118 [Darkroom Processing Line] DEBUG net.serenitybdd.core.photography.DarkroomProcessingLine - Saving screenshot to target\site\serenity\7a32f97d8446b33f381475b7af582a63c683cbd418a531518b7cc73398a12c55.png
20:19:56.130 [Forwarding getPageSource on session b54bced3957eca46b18d3f5b9b6be0a4 to remote] DEBUG org.asynchttpclient.netty.request.NettyRequestSender - Using pooled Channel '[id: 0x016e5604, L:/127.0.0.1:55241 - R:localhost/127.0.0.1:29208]' for 'POST' to 'http://localhost:29208/session/b54bced3957eca46b18d3f5b9b6be0a4/execute/sync'
20:19:56.130 [Forwarding getPageSource on session b54bced3957eca46b18d3f5b9b6be0a4 to remote] DEBUG org.asynchttpclient.netty.request.NettyRequestSender - Using open Channel [id: 0x016e5604, L:/127.0.0.1:55241 - R:localhost/127.0.0.1:29208] for POST '/session/b54bced3957eca46b18d3f5b9b6be0a4/execute/sync'
20:19:56.136 [AsyncHttpClient-1-26] DEBUG org.asynchttpclient.netty.handler.HttpHandler - 

Request DefaultHttpRequest(decodeResult: success, version: HTTP/1.1)
POST /session/b54bced3957eca46b18d3f5b9b6be0a4/execute/sync HTTP/1.1
User-Agent: selenium/4.8.1 (java windows)
Content-Length: 176
Content-Type: application/json; charset=utf-8
host: localhost:29208
accept: */*

Response DefaultHttpResponse(decodeResult: success, version: HTTP/1.1)
HTTP/1.1 200 OK
Content-Length: 21780
Content-Type: application/json; charset=utf-8
cache-control: no-cache

20:19:56.136 [AsyncHttpClient-1-26] DEBUG org.asynchttpclient.netty.channel.ChannelManager - Adding key: http://localhost:29208 for channel [id: 0x016e5604, L:/127.0.0.1:55241 - R:localhost/127.0.0.1:29208]
20:19:56.138 [Forwarding getCurrentUrl on session b54bced3957eca46b18d3f5b9b6be0a4 to remote] DEBUG org.asynchttpclient.netty.request.NettyRequestSender - Using pooled Channel '[id: 0x016e5604, L:/127.0.0.1:55241 - R:localhost/127.0.0.1:29208]' for 'GET' to 'http://localhost:29208/session/b54bced3957eca46b18d3f5b9b6be0a4/url'
20:19:56.138 [Forwarding getCurrentUrl on session b54bced3957eca46b18d3f5b9b6be0a4 to remote] DEBUG org.asynchttpclient.netty.request.NettyRequestSender - Using open Channel [id: 0x016e5604, L:/127.0.0.1:55241 - R:localhost/127.0.0.1:29208] for GET '/session/b54bced3957eca46b18d3f5b9b6be0a4/url'
20:19:56.144 [AsyncHttpClient-1-26] DEBUG org.asynchttpclient.netty.handler.HttpHandler - 

Request DefaultFullHttpRequest(decodeResult: success, version: HTTP/1.1, content: EmptyByteBufBE)
GET /session/b54bced3957eca46b18d3f5b9b6be0a4/url HTTP/1.1
User-Agent: selenium/4.8.1 (java windows)
Cache-Control: no-cache
Content-Type: application/json; charset=utf-8
host: localhost:29208
accept: */*

Response DefaultHttpResponse(decodeResult: success, version: HTTP/1.1)
HTTP/1.1 200 OK
Content-Length: 51
Content-Type: application/json; charset=utf-8
cache-control: no-cache

20:19:56.144 [AsyncHttpClient-1-26] DEBUG org.asynchttpclient.netty.channel.ChannelManager - Adding key: http://localhost:29208 for channel [id: 0x016e5604, L:/127.0.0.1:55241 - R:localhost/127.0.0.1:29208]
20:19:56.154 [Forwarding getPageSource on session b54bced3957eca46b18d3f5b9b6be0a4 to remote] DEBUG org.asynchttpclient.netty.request.NettyRequestSender - Using pooled Channel '[id: 0x016e5604, L:/127.0.0.1:55241 - R:localhost/127.0.0.1:29208]' for 'POST' to 'http://localhost:29208/session/b54bced3957eca46b18d3f5b9b6be0a4/execute/sync'
20:19:56.154 [Forwarding getPageSource on session b54bced3957eca46b18d3f5b9b6be0a4 to remote] DEBUG org.asynchttpclient.netty.request.NettyRequestSender - Using open Channel [id: 0x016e5604, L:/127.0.0.1:55241 - R:localhost/127.0.0.1:29208] for POST '/session/b54bced3957eca46b18d3f5b9b6be0a4/execute/sync'
20:19:56.165 [AsyncHttpClient-1-26] DEBUG org.asynchttpclient.netty.handler.HttpHandler - 

Request DefaultHttpRequest(decodeResult: success, version: HTTP/1.1)
POST /session/b54bced3957eca46b18d3f5b9b6be0a4/execute/sync HTTP/1.1
User-Agent: selenium/4.8.1 (java windows)
Content-Length: 176
Content-Type: application/json; charset=utf-8
host: localhost:29208
accept: */*

Response DefaultHttpResponse(decodeResult: success, version: HTTP/1.1)
HTTP/1.1 200 OK
Content-Length: 21780
Content-Type: application/json; charset=utf-8
cache-control: no-cache

20:19:56.166 [AsyncHttpClient-1-26] DEBUG org.asynchttpclient.netty.channel.ChannelManager - Adding key: http://localhost:29208 for channel [id: 0x016e5604, L:/127.0.0.1:55241 - R:localhost/127.0.0.1:29208]
20:19:56.168 [Forwarding getCurrentUrl on session b54bced3957eca46b18d3f5b9b6be0a4 to remote] DEBUG org.asynchttpclient.netty.request.NettyRequestSender - Using pooled Channel '[id: 0x016e5604, L:/127.0.0.1:55241 - R:localhost/127.0.0.1:29208]' for 'GET' to 'http://localhost:29208/session/b54bced3957eca46b18d3f5b9b6be0a4/url'
20:19:56.168 [Forwarding getCurrentUrl on session b54bced3957eca46b18d3f5b9b6be0a4 to remote] DEBUG org.asynchttpclient.netty.request.NettyRequestSender - Using open Channel [id: 0x016e5604, L:/127.0.0.1:55241 - R:localhost/127.0.0.1:29208] for GET '/session/b54bced3957eca46b18d3f5b9b6be0a4/url'
20:19:56.172 [AsyncHttpClient-1-26] DEBUG org.asynchttpclient.netty.handler.HttpHandler - 

Request DefaultFullHttpRequest(decodeResult: success, version: HTTP/1.1, content: EmptyByteBufBE)
GET /session/b54bced3957eca46b18d3f5b9b6be0a4/url HTTP/1.1
User-Agent: selenium/4.8.1 (java windows)
Cache-Control: no-cache
Content-Type: application/json; charset=utf-8
host: localhost:29208
accept: */*

Response DefaultHttpResponse(decodeResult: success, version: HTTP/1.1)
HTTP/1.1 200 OK
Content-Length: 51
Content-Type: application/json; charset=utf-8
cache-control: no-cache

20:19:56.172 [AsyncHttpClient-1-26] DEBUG org.asynchttpclient.netty.channel.ChannelManager - Adding key: http://localhost:29208 for channel [id: 0x016e5604, L:/127.0.0.1:55241 - R:localhost/127.0.0.1:29208]
20:19:56.173 [main] DEBUG net.thucydides.core.steps.StepInterceptor - STARTING STEP: LoginSteps.inputPassword - inputPassword
20:19:56.176 [Forwarding findElement on session b54bced3957eca46b18d3f5b9b6be0a4 to remote] DEBUG org.asynchttpclient.netty.request.NettyRequestSender - Using pooled Channel '[id: 0x016e5604, L:/127.0.0.1:55241 - R:localhost/127.0.0.1:29208]' for 'POST' to 'http://localhost:29208/session/b54bced3957eca46b18d3f5b9b6be0a4/element'
20:19:56.176 [Forwarding findElement on session b54bced3957eca46b18d3f5b9b6be0a4 to remote] DEBUG org.asynchttpclient.netty.request.NettyRequestSender - Using open Channel [id: 0x016e5604, L:/127.0.0.1:55241 - R:localhost/127.0.0.1:29208] for POST '/session/b54bced3957eca46b18d3f5b9b6be0a4/element'
20:19:56.189 [AsyncHttpClient-1-26] DEBUG org.asynchttpclient.netty.handler.HttpHandler - 

Request DefaultHttpRequest(decodeResult: success, version: HTTP/1.1)
POST /session/b54bced3957eca46b18d3f5b9b6be0a4/element HTTP/1.1
User-Agent: selenium/4.8.1 (java windows)
Content-Length: 55
Content-Type: application/json; charset=utf-8
host: localhost:29208
accept: */*

Response DefaultHttpResponse(decodeResult: success, version: HTTP/1.1)
HTTP/1.1 200 OK
Content-Length: 88
Content-Type: application/json; charset=utf-8
cache-control: no-cache

20:19:56.189 [AsyncHttpClient-1-26] DEBUG org.asynchttpclient.netty.channel.ChannelManager - Adding key: http://localhost:29208 for channel [id: 0x016e5604, L:/127.0.0.1:55241 - R:localhost/127.0.0.1:29208]
20:19:56.191 [Forwarding clearElement on session b54bced3957eca46b18d3f5b9b6be0a4 to remote] DEBUG org.asynchttpclient.netty.request.NettyRequestSender - Using pooled Channel '[id: 0x016e5604, L:/127.0.0.1:55241 - R:localhost/127.0.0.1:29208]' for 'POST' to 'http://localhost:29208/session/b54bced3957eca46b18d3f5b9b6be0a4/element/bd3c542c-a3b8-4437-83a7-55dd2808ad7a/clear'
20:19:56.191 [Forwarding clearElement on session b54bced3957eca46b18d3f5b9b6be0a4 to remote] DEBUG org.asynchttpclient.netty.request.NettyRequestSender - Using open Channel [id: 0x016e5604, L:/127.0.0.1:55241 - R:localhost/127.0.0.1:29208] for POST '/session/b54bced3957eca46b18d3f5b9b6be0a4/element/bd3c542c-a3b8-4437-83a7-55dd2808ad7a/clear'
20:19:56.240 [AsyncHttpClient-1-26] DEBUG org.asynchttpclient.netty.handler.HttpHandler - 

Request DefaultHttpRequest(decodeResult: success, version: HTTP/1.1)
POST /session/b54bced3957eca46b18d3f5b9b6be0a4/element/bd3c542c-a3b8-4437-83a7-55dd2808ad7a/clear HTTP/1.1
User-Agent: selenium/4.8.1 (java windows)
Content-Length: 50
Content-Type: application/json; charset=utf-8
host: localhost:29208
accept: */*

Response DefaultHttpResponse(decodeResult: success, version: HTTP/1.1)
HTTP/1.1 200 OK
Content-Length: 14
Content-Type: application/json; charset=utf-8
cache-control: no-cache

20:19:56.240 [AsyncHttpClient-1-26] DEBUG org.asynchttpclient.netty.channel.ChannelManager - Adding key: http://localhost:29208 for channel [id: 0x016e5604, L:/127.0.0.1:55241 - R:localhost/127.0.0.1:29208]
20:19:56.242 [Forwarding sendKeysToElement on session b54bced3957eca46b18d3f5b9b6be0a4 to remote] DEBUG org.asynchttpclient.netty.request.NettyRequestSender - Using pooled Channel '[id: 0x016e5604, L:/127.0.0.1:55241 - R:localhost/127.0.0.1:29208]' for 'POST' to 'http://localhost:29208/session/b54bced3957eca46b18d3f5b9b6be0a4/element/bd3c542c-a3b8-4437-83a7-55dd2808ad7a/value'
20:19:56.242 [Forwarding sendKeysToElement on session b54bced3957eca46b18d3f5b9b6be0a4 to remote] DEBUG org.asynchttpclient.netty.request.NettyRequestSender - Using open Channel [id: 0x016e5604, L:/127.0.0.1:55241 - R:localhost/127.0.0.1:29208] for POST '/session/b54bced3957eca46b18d3f5b9b6be0a4/element/bd3c542c-a3b8-4437-83a7-55dd2808ad7a/value'
20:19:56.306 [AsyncHttpClient-1-26] DEBUG org.asynchttpclient.netty.handler.HttpHandler - 

Request DefaultHttpRequest(decodeResult: success, version: HTTP/1.1)
POST /session/b54bced3957eca46b18d3f5b9b6be0a4/element/bd3c542c-a3b8-4437-83a7-55dd2808ad7a/value HTTP/1.1
User-Agent: selenium/4.8.1 (java windows)
Content-Length: 141
Content-Type: application/json; charset=utf-8
host: localhost:29208
accept: */*

Response DefaultHttpResponse(decodeResult: success, version: HTTP/1.1)
HTTP/1.1 200 OK
Content-Length: 14
Content-Type: application/json; charset=utf-8
cache-control: no-cache

20:19:56.306 [AsyncHttpClient-1-26] DEBUG org.asynchttpclient.netty.channel.ChannelManager - Adding key: http://localhost:29208 for channel [id: 0x016e5604, L:/127.0.0.1:55241 - R:localhost/127.0.0.1:29208]
20:19:56.310 [Forwarding getAlertText on session b54bced3957eca46b18d3f5b9b6be0a4 to remote] DEBUG org.asynchttpclient.netty.request.NettyRequestSender - Using pooled Channel '[id: 0x016e5604, L:/127.0.0.1:55241 - R:localhost/127.0.0.1:29208]' for 'GET' to 'http://localhost:29208/session/b54bced3957eca46b18d3f5b9b6be0a4/alert/text'
20:19:56.310 [Forwarding getAlertText on session b54bced3957eca46b18d3f5b9b6be0a4 to remote] DEBUG org.asynchttpclient.netty.request.NettyRequestSender - Using open Channel [id: 0x016e5604, L:/127.0.0.1:55241 - R:localhost/127.0.0.1:29208] for GET '/session/b54bced3957eca46b18d3f5b9b6be0a4/alert/text'
20:19:56.311 [AsyncHttpClient-1-26] DEBUG org.asynchttpclient.netty.handler.HttpHandler - 

Request DefaultFullHttpRequest(decodeResult: success, version: HTTP/1.1, content: EmptyByteBufBE)
GET /session/b54bced3957eca46b18d3f5b9b6be0a4/alert/text HTTP/1.1
User-Agent: selenium/4.8.1 (java windows)
Cache-Control: no-cache
Content-Type: application/json; charset=utf-8
host: localhost:29208
accept: */*

Response DefaultHttpResponse(decodeResult: success, version: HTTP/1.1)
HTTP/1.1 404 Not Found
Content-Length: 836
Content-Type: application/json; charset=utf-8
cache-control: no-cache

20:19:56.311 [AsyncHttpClient-1-26] DEBUG org.asynchttpclient.netty.channel.ChannelManager - Adding key: http://localhost:29208 for channel [id: 0x016e5604, L:/127.0.0.1:55241 - R:localhost/127.0.0.1:29208]
20:19:56.312 [Forwarding getCurrentUrl on session b54bced3957eca46b18d3f5b9b6be0a4 to remote] DEBUG org.asynchttpclient.netty.request.NettyRequestSender - Using pooled Channel '[id: 0x016e5604, L:/127.0.0.1:55241 - R:localhost/127.0.0.1:29208]' for 'GET' to 'http://localhost:29208/session/b54bced3957eca46b18d3f5b9b6be0a4/url'
20:19:56.312 [Forwarding getCurrentUrl on session b54bced3957eca46b18d3f5b9b6be0a4 to remote] DEBUG org.asynchttpclient.netty.request.NettyRequestSender - Using open Channel [id: 0x016e5604, L:/127.0.0.1:55241 - R:localhost/127.0.0.1:29208] for GET '/session/b54bced3957eca46b18d3f5b9b6be0a4/url'
20:19:56.314 [AsyncHttpClient-1-26] DEBUG org.asynchttpclient.netty.handler.HttpHandler - 

Request DefaultFullHttpRequest(decodeResult: success, version: HTTP/1.1, content: EmptyByteBufBE)
GET /session/b54bced3957eca46b18d3f5b9b6be0a4/url HTTP/1.1
User-Agent: selenium/4.8.1 (java windows)
Cache-Control: no-cache
Content-Type: application/json; charset=utf-8
host: localhost:29208
accept: */*

Response DefaultHttpResponse(decodeResult: success, version: HTTP/1.1)
HTTP/1.1 200 OK
Content-Length: 51
Content-Type: application/json; charset=utf-8
cache-control: no-cache

20:19:56.314 [AsyncHttpClient-1-26] DEBUG org.asynchttpclient.netty.channel.ChannelManager - Adding key: http://localhost:29208 for channel [id: 0x016e5604, L:/127.0.0.1:55241 - R:localhost/127.0.0.1:29208]
20:19:56.314 [Forwarding screenshot on session b54bced3957eca46b18d3f5b9b6be0a4 to remote] DEBUG org.asynchttpclient.netty.request.NettyRequestSender - Using pooled Channel '[id: 0x016e5604, L:/127.0.0.1:55241 - R:localhost/127.0.0.1:29208]' for 'GET' to 'http://localhost:29208/session/b54bced3957eca46b18d3f5b9b6be0a4/screenshot'
20:19:56.314 [Forwarding screenshot on session b54bced3957eca46b18d3f5b9b6be0a4 to remote] DEBUG org.asynchttpclient.netty.request.NettyRequestSender - Using open Channel [id: 0x016e5604, L:/127.0.0.1:55241 - R:localhost/127.0.0.1:29208] for GET '/session/b54bced3957eca46b18d3f5b9b6be0a4/screenshot'
20:19:56.405 [AsyncHttpClient-1-26] DEBUG org.asynchttpclient.netty.handler.HttpHandler - 

Request DefaultFullHttpRequest(decodeResult: success, version: HTTP/1.1, content: EmptyByteBufBE)
GET /session/b54bced3957eca46b18d3f5b9b6be0a4/screenshot HTTP/1.1
User-Agent: selenium/4.8.1 (java windows)
Cache-Control: no-cache
Content-Type: application/json; charset=utf-8
host: localhost:29208
accept: */*

Response DefaultHttpResponse(decodeResult: success, version: HTTP/1.1)
HTTP/1.1 200 OK
Content-Length: 29816
Content-Type: application/json; charset=utf-8
cache-control: no-cache

20:19:56.406 [AsyncHttpClient-1-26] DEBUG org.asynchttpclient.netty.channel.ChannelManager - Adding key: http://localhost:29208 for channel [id: 0x016e5604, L:/127.0.0.1:55241 - R:localhost/127.0.0.1:29208]
20:19:56.407 [main] DEBUG net.serenitybdd.core.photography.Darkroom - Send negative for processing for target\site\serenity\34e4d4c81fd9fef463af9574e498a179d093141758fed31c3083a1a09f2ae1d0.png
20:19:56.407 [main] DEBUG net.thucydides.core.steps.StepInterceptor - STEP DONE: inputPassword
  &amp#27;[32mAnd &amp#27;[0m&amp#27;[32mI enter correct password&amp#27;[0m           &amp#27;[90m# starter.stepdefinitions.LoginSteps.inputPassword()&amp#27;[0m
20:19:56.407 [Darkroom Processing Line] DEBUG net.serenitybdd.core.photography.DarkroomProcessingLine - Processing screenshot image in /var/screenshots/screenshot-5628954876844360285
20:19:56.407 [Darkroom Processing Line] DEBUG net.serenitybdd.core.photography.DarkroomProcessingLine - Saving screenshot to target\site\serenity\34e4d4c81fd9fef463af9574e498a179d093141758fed31c3083a1a09f2ae1d0.png
20:19:56.416 [Forwarding getPageSource on session b54bced3957eca46b18d3f5b9b6be0a4 to remote] DEBUG org.asynchttpclient.netty.request.NettyRequestSender - Using pooled Channel '[id: 0x016e5604, L:/127.0.0.1:55241 - R:localhost/127.0.0.1:29208]' for 'POST' to 'http://localhost:29208/session/b54bced3957eca46b18d3f5b9b6be0a4/execute/sync'
20:19:56.416 [Forwarding getPageSource on session b54bced3957eca46b18d3f5b9b6be0a4 to remote] DEBUG org.asynchttpclient.netty.request.NettyRequestSender - Using open Channel [id: 0x016e5604, L:/127.0.0.1:55241 - R:localhost/127.0.0.1:29208] for POST '/session/b54bced3957eca46b18d3f5b9b6be0a4/execute/sync'
20:19:56.422 [AsyncHttpClient-1-26] DEBUG org.asynchttpclient.netty.handler.HttpHandler - 

Request DefaultHttpRequest(decodeResult: success, version: HTTP/1.1)
POST /session/b54bced3957eca46b18d3f5b9b6be0a4/execute/sync HTTP/1.1
User-Agent: selenium/4.8.1 (java windows)
Content-Length: 176
Content-Type: application/json; charset=utf-8
host: localhost:29208
accept: */*

Response DefaultHttpResponse(decodeResult: success, version: HTTP/1.1)
HTTP/1.1 200 OK
Content-Length: 21839
Content-Type: application/json; charset=utf-8
cache-control: no-cache

20:19:56.422 [AsyncHttpClient-1-26] DEBUG org.asynchttpclient.netty.channel.ChannelManager - Adding key: http://localhost:29208 for channel [id: 0x016e5604, L:/127.0.0.1:55241 - R:localhost/127.0.0.1:29208]
20:19:56.423 [Forwarding getCurrentUrl on session b54bced3957eca46b18d3f5b9b6be0a4 to remote] DEBUG org.asynchttpclient.netty.request.NettyRequestSender - Using pooled Channel '[id: 0x016e5604, L:/127.0.0.1:55241 - R:localhost/127.0.0.1:29208]' for 'GET' to 'http://localhost:29208/session/b54bced3957eca46b18d3f5b9b6be0a4/url'
20:19:56.423 [Forwarding getCurrentUrl on session b54bced3957eca46b18d3f5b9b6be0a4 to remote] DEBUG org.asynchttpclient.netty.request.NettyRequestSender - Using open Channel [id: 0x016e5604, L:/127.0.0.1:55241 - R:localhost/127.0.0.1:29208] for GET '/session/b54bced3957eca46b18d3f5b9b6be0a4/url'
20:19:56.429 [AsyncHttpClient-1-26] DEBUG org.asynchttpclient.netty.handler.HttpHandler - 

Request DefaultFullHttpRequest(decodeResult: success, version: HTTP/1.1, content: EmptyByteBufBE)
GET /session/b54bced3957eca46b18d3f5b9b6be0a4/url HTTP/1.1
User-Agent: selenium/4.8.1 (java windows)
Cache-Control: no-cache
Content-Type: application/json; charset=utf-8
host: localhost:29208
accept: */*

Response DefaultHttpResponse(decodeResult: success, version: HTTP/1.1)
HTTP/1.1 200 OK
Content-Length: 51
Content-Type: application/json; charset=utf-8
cache-control: no-cache

20:19:56.429 [AsyncHttpClient-1-26] DEBUG org.asynchttpclient.netty.channel.ChannelManager - Adding key: http://localhost:29208 for channel [id: 0x016e5604, L:/127.0.0.1:55241 - R:localhost/127.0.0.1:29208]
20:19:56.437 [Forwarding getPageSource on session b54bced3957eca46b18d3f5b9b6be0a4 to remote] DEBUG org.asynchttpclient.netty.request.NettyRequestSender - Using pooled Channel '[id: 0x016e5604, L:/127.0.0.1:55241 - R:localhost/127.0.0.1:29208]' for 'POST' to 'http://localhost:29208/session/b54bced3957eca46b18d3f5b9b6be0a4/execute/sync'
20:19:56.437 [Forwarding getPageSource on session b54bced3957eca46b18d3f5b9b6be0a4 to remote] DEBUG org.asynchttpclient.netty.request.NettyRequestSender - Using open Channel [id: 0x016e5604, L:/127.0.0.1:55241 - R:localhost/127.0.0.1:29208] for POST '/session/b54bced3957eca46b18d3f5b9b6be0a4/execute/sync'
20:19:56.445 [AsyncHttpClient-1-26] DEBUG org.asynchttpclient.netty.handler.HttpHandler - 

Request DefaultHttpRequest(decodeResult: success, version: HTTP/1.1)
POST /session/b54bced3957eca46b18d3f5b9b6be0a4/execute/sync HTTP/1.1
User-Agent: selenium/4.8.1 (java windows)
Content-Length: 176
Content-Type: application/json; charset=utf-8
host: localhost:29208
accept: */*

Response DefaultHttpResponse(decodeResult: success, version: HTTP/1.1)
HTTP/1.1 200 OK
Content-Length: 21839
Content-Type: application/json; charset=utf-8
cache-control: no-cache

20:19:56.445 [AsyncHttpClient-1-26] DEBUG org.asynchttpclient.netty.channel.ChannelManager - Adding key: http://localhost:29208 for channel [id: 0x016e5604, L:/127.0.0.1:55241 - R:localhost/127.0.0.1:29208]
20:19:56.447 [Forwarding getCurrentUrl on session b54bced3957eca46b18d3f5b9b6be0a4 to remote] DEBUG org.asynchttpclient.netty.request.NettyRequestSender - Using pooled Channel '[id: 0x016e5604, L:/127.0.0.1:55241 - R:localhost/127.0.0.1:29208]' for 'GET' to 'http://localhost:29208/session/b54bced3957eca46b18d3f5b9b6be0a4/url'
20:19:56.447 [Forwarding getCurrentUrl on session b54bced3957eca46b18d3f5b9b6be0a4 to remote] DEBUG org.asynchttpclient.netty.request.NettyRequestSender - Using open Channel [id: 0x016e5604, L:/127.0.0.1:55241 - R:localhost/127.0.0.1:29208] for GET '/session/b54bced3957eca46b18d3f5b9b6be0a4/url'
20:19:56.453 [AsyncHttpClient-1-26] DEBUG org.asynchttpclient.netty.handler.HttpHandler - 

Request DefaultFullHttpRequest(decodeResult: success, version: HTTP/1.1, content: EmptyByteBufBE)
GET /session/b54bced3957eca46b18d3f5b9b6be0a4/url HTTP/1.1
User-Agent: selenium/4.8.1 (java windows)
Cache-Control: no-cache
Content-Type: application/json; charset=utf-8
host: localhost:29208
accept: */*

Response DefaultHttpResponse(decodeResult: success, version: HTTP/1.1)
HTTP/1.1 200 OK
Content-Length: 51
Content-Type: application/json; charset=utf-8
cache-control: no-cache

20:19:56.453 [AsyncHttpClient-1-26] DEBUG org.asynchttpclient.netty.channel.ChannelManager - Adding key: http://localhost:29208 for channel [id: 0x016e5604, L:/127.0.0.1:55241 - R:localhost/127.0.0.1:29208]
20:19:56.455 [main] DEBUG net.thucydides.core.steps.StepInterceptor - STARTING STEP: LoginSteps.clickLoginButton - clickLoginButton
20:19:56.457 [Forwarding findElement on session b54bced3957eca46b18d3f5b9b6be0a4 to remote] DEBUG org.asynchttpclient.netty.request.NettyRequestSender - Using pooled Channel '[id: 0x016e5604, L:/127.0.0.1:55241 - R:localhost/127.0.0.1:29208]' for 'POST' to 'http://localhost:29208/session/b54bced3957eca46b18d3f5b9b6be0a4/element'
20:19:56.457 [Forwarding findElement on session b54bced3957eca46b18d3f5b9b6be0a4 to remote] DEBUG org.asynchttpclient.netty.request.NettyRequestSender - Using open Channel [id: 0x016e5604, L:/127.0.0.1:55241 - R:localhost/127.0.0.1:29208] for POST '/session/b54bced3957eca46b18d3f5b9b6be0a4/element'
20:19:56.464 [AsyncHttpClient-1-26] DEBUG org.asynchttpclient.netty.handler.HttpHandler - 

Request DefaultHttpRequest(decodeResult: success, version: HTTP/1.1)
POST /session/b54bced3957eca46b18d3f5b9b6be0a4/element HTTP/1.1
User-Agent: selenium/4.8.1 (java windows)
Content-Length: 71
Content-Type: application/json; charset=utf-8
host: localhost:29208
accept: */*

Response DefaultHttpResponse(decodeResult: success, version: HTTP/1.1)
HTTP/1.1 200 OK
Content-Length: 88
Content-Type: application/json; charset=utf-8
cache-control: no-cache

20:19:56.464 [AsyncHttpClient-1-26] DEBUG org.asynchttpclient.netty.channel.ChannelManager - Adding key: http://localhost:29208 for channel [id: 0x016e5604, L:/127.0.0.1:55241 - R:localhost/127.0.0.1:29208]
20:19:56.465 [Forwarding getElementTagName on session b54bced3957eca46b18d3f5b9b6be0a4 to remote] DEBUG org.asynchttpclient.netty.request.NettyRequestSender - Using pooled Channel '[id: 0x016e5604, L:/127.0.0.1:55241 - R:localhost/127.0.0.1:29208]' for 'GET' to 'http://localhost:29208/session/b54bced3957eca46b18d3f5b9b6be0a4/element/d67c07de-402e-44c4-aabe-4c36255e6a76/name'
20:19:56.465 [Forwarding getElementTagName on session b54bced3957eca46b18d3f5b9b6be0a4 to remote] DEBUG org.asynchttpclient.netty.request.NettyRequestSender - Using open Channel [id: 0x016e5604, L:/127.0.0.1:55241 - R:localhost/127.0.0.1:29208] for GET '/session/b54bced3957eca46b18d3f5b9b6be0a4/element/d67c07de-402e-44c4-aabe-4c36255e6a76/name'
20:19:56.469 [AsyncHttpClient-1-26] DEBUG org.asynchttpclient.netty.handler.HttpHandler - 

Request DefaultFullHttpRequest(decodeResult: success, version: HTTP/1.1, content: EmptyByteBufBE)
GET /session/b54bced3957eca46b18d3f5b9b6be0a4/element/d67c07de-402e-44c4-aabe-4c36255e6a76/name HTTP/1.1
User-Agent: selenium/4.8.1 (java windows)
Cache-Control: no-cache
Content-Type: application/json; charset=utf-8
host: localhost:29208
accept: */*

Response DefaultHttpResponse(decodeResult: success, version: HTTP/1.1)
HTTP/1.1 200 OK
Content-Length: 18
Content-Type: application/json; charset=utf-8
cache-control: no-cache

20:19:56.469 [AsyncHttpClient-1-26] DEBUG org.asynchttpclient.netty.channel.ChannelManager - Adding key: http://localhost:29208 for channel [id: 0x016e5604, L:/127.0.0.1:55241 - R:localhost/127.0.0.1:29208]
20:19:56.470 [Forwarding getElementTagName on session b54bced3957eca46b18d3f5b9b6be0a4 to remote] DEBUG org.asynchttpclient.netty.request.NettyRequestSender - Using pooled Channel '[id: 0x016e5604, L:/127.0.0.1:55241 - R:localhost/127.0.0.1:29208]' for 'GET' to 'http://localhost:29208/session/b54bced3957eca46b18d3f5b9b6be0a4/element/d67c07de-402e-44c4-aabe-4c36255e6a76/name'
20:19:56.470 [Forwarding getElementTagName on session b54bced3957eca46b18d3f5b9b6be0a4 to remote] DEBUG org.asynchttpclient.netty.request.NettyRequestSender - Using open Channel [id: 0x016e5604, L:/127.0.0.1:55241 - R:localhost/127.0.0.1:29208] for GET '/session/b54bced3957eca46b18d3f5b9b6be0a4/element/d67c07de-402e-44c4-aabe-4c36255e6a76/name'
20:19:56.472 [AsyncHttpClient-1-26] DEBUG org.asynchttpclient.netty.handler.HttpHandler - 

Request DefaultFullHttpRequest(decodeResult: success, version: HTTP/1.1, content: EmptyByteBufBE)
GET /session/b54bced3957eca46b18d3f5b9b6be0a4/element/d67c07de-402e-44c4-aabe-4c36255e6a76/name HTTP/1.1
User-Agent: selenium/4.8.1 (java windows)
Cache-Control: no-cache
Content-Type: application/json; charset=utf-8
host: localhost:29208
accept: */*

Response DefaultHttpResponse(decodeResult: success, version: HTTP/1.1)
HTTP/1.1 200 OK
Content-Length: 18
Content-Type: application/json; charset=utf-8
cache-control: no-cache

20:19:56.472 [AsyncHttpClient-1-26] DEBUG org.asynchttpclient.netty.channel.ChannelManager - Adding key: http://localhost:29208 for channel [id: 0x016e5604, L:/127.0.0.1:55241 - R:localhost/127.0.0.1:29208]
20:19:56.473 [Forwarding isElementEnabled on session b54bced3957eca46b18d3f5b9b6be0a4 to remote] DEBUG org.asynchttpclient.netty.request.NettyRequestSender - Using pooled Channel '[id: 0x016e5604, L:/127.0.0.1:55241 - R:localhost/127.0.0.1:29208]' for 'GET' to 'http://localhost:29208/session/b54bced3957eca46b18d3f5b9b6be0a4/element/d67c07de-402e-44c4-aabe-4c36255e6a76/enabled'
20:19:56.473 [Forwarding isElementEnabled on session b54bced3957eca46b18d3f5b9b6be0a4 to remote] DEBUG org.asynchttpclient.netty.request.NettyRequestSender - Using open Channel [id: 0x016e5604, L:/127.0.0.1:55241 - R:localhost/127.0.0.1:29208] for GET '/session/b54bced3957eca46b18d3f5b9b6be0a4/element/d67c07de-402e-44c4-aabe-4c36255e6a76/enabled'
20:19:56.481 [AsyncHttpClient-1-26] DEBUG org.asynchttpclient.netty.handler.HttpHandler - 

Request DefaultFullHttpRequest(decodeResult: success, version: HTTP/1.1, content: EmptyByteBufBE)
GET /session/b54bced3957eca46b18d3f5b9b6be0a4/element/d67c07de-402e-44c4-aabe-4c36255e6a76/enabled HTTP/1.1
User-Agent: selenium/4.8.1 (java windows)
Cache-Control: no-cache
Content-Type: application/json; charset=utf-8
host: localhost:29208
accept: */*

Response DefaultHttpResponse(decodeResult: success, version: HTTP/1.1)
HTTP/1.1 200 OK
Content-Length: 14
Content-Type: application/json; charset=utf-8
cache-control: no-cache

20:19:56.481 [AsyncHttpClient-1-26] DEBUG org.asynchttpclient.netty.channel.ChannelManager - Adding key: http://localhost:29208 for channel [id: 0x016e5604, L:/127.0.0.1:55241 - R:localhost/127.0.0.1:29208]
20:19:56.482 [Forwarding isElementEnabled on session b54bced3957eca46b18d3f5b9b6be0a4 to remote] DEBUG org.asynchttpclient.netty.request.NettyRequestSender - Using pooled Channel '[id: 0x016e5604, L:/127.0.0.1:55241 - R:localhost/127.0.0.1:29208]' for 'GET' to 'http://localhost:29208/session/b54bced3957eca46b18d3f5b9b6be0a4/element/d67c07de-402e-44c4-aabe-4c36255e6a76/enabled'
20:19:56.482 [Forwarding isElementEnabled on session b54bced3957eca46b18d3f5b9b6be0a4 to remote] DEBUG org.asynchttpclient.netty.request.NettyRequestSender - Using open Channel [id: 0x016e5604, L:/127.0.0.1:55241 - R:localhost/127.0.0.1:29208] for GET '/session/b54bced3957eca46b18d3f5b9b6be0a4/element/d67c07de-402e-44c4-aabe-4c36255e6a76/enabled'
20:19:56.485 [AsyncHttpClient-1-26] DEBUG org.asynchttpclient.netty.handler.HttpHandler - 

Request DefaultFullHttpRequest(decodeResult: success, version: HTTP/1.1, content: EmptyByteBufBE)
GET /session/b54bced3957eca46b18d3f5b9b6be0a4/element/d67c07de-402e-44c4-aabe-4c36255e6a76/enabled HTTP/1.1
User-Agent: selenium/4.8.1 (java windows)
Cache-Control: no-cache
Content-Type: application/json; charset=utf-8
host: localhost:29208
accept: */*

Response DefaultHttpResponse(decodeResult: success, version: HTTP/1.1)
HTTP/1.1 200 OK
Content-Length: 14
Content-Type: application/json; charset=utf-8
cache-control: no-cache

20:19:56.486 [AsyncHttpClient-1-26] DEBUG org.asynchttpclient.netty.channel.ChannelManager - Adding key: http://localhost:29208 for channel [id: 0x016e5604, L:/127.0.0.1:55241 - R:localhost/127.0.0.1:29208]
20:19:56.487 [Forwarding findElement on session b54bced3957eca46b18d3f5b9b6be0a4 to remote] DEBUG org.asynchttpclient.netty.request.NettyRequestSender - Using pooled Channel '[id: 0x016e5604, L:/127.0.0.1:55241 - R:localhost/127.0.0.1:29208]' for 'POST' to 'http://localhost:29208/session/b54bced3957eca46b18d3f5b9b6be0a4/element'
20:19:56.487 [Forwarding findElement on session b54bced3957eca46b18d3f5b9b6be0a4 to remote] DEBUG org.asynchttpclient.netty.request.NettyRequestSender - Using open Channel [id: 0x016e5604, L:/127.0.0.1:55241 - R:localhost/127.0.0.1:29208] for POST '/session/b54bced3957eca46b18d3f5b9b6be0a4/element'
20:19:56.491 [AsyncHttpClient-1-26] DEBUG org.asynchttpclient.netty.handler.HttpHandler - 

Request DefaultHttpRequest(decodeResult: success, version: HTTP/1.1)
POST /session/b54bced3957eca46b18d3f5b9b6be0a4/element HTTP/1.1
User-Agent: selenium/4.8.1 (java windows)
Content-Length: 71
Content-Type: application/json; charset=utf-8
host: localhost:29208
accept: */*

Response DefaultHttpResponse(decodeResult: success, version: HTTP/1.1)
HTTP/1.1 200 OK
Content-Length: 88
Content-Type: application/json; charset=utf-8
cache-control: no-cache

20:19:56.491 [AsyncHttpClient-1-26] DEBUG org.asynchttpclient.netty.channel.ChannelManager - Adding key: http://localhost:29208 for channel [id: 0x016e5604, L:/127.0.0.1:55241 - R:localhost/127.0.0.1:29208]
20:19:56.492 [Forwarding clickElement on session b54bced3957eca46b18d3f5b9b6be0a4 to remote] DEBUG org.asynchttpclient.netty.request.NettyRequestSender - Using pooled Channel '[id: 0x016e5604, L:/127.0.0.1:55241 - R:localhost/127.0.0.1:29208]' for 'POST' to 'http://localhost:29208/session/b54bced3957eca46b18d3f5b9b6be0a4/element/d67c07de-402e-44c4-aabe-4c36255e6a76/click'
20:19:56.492 [Forwarding clickElement on session b54bced3957eca46b18d3f5b9b6be0a4 to remote] DEBUG org.asynchttpclient.netty.request.NettyRequestSender - Using open Channel [id: 0x016e5604, L:/127.0.0.1:55241 - R:localhost/127.0.0.1:29208] for POST '/session/b54bced3957eca46b18d3f5b9b6be0a4/element/d67c07de-402e-44c4-aabe-4c36255e6a76/click'
20:19:56.526 [AsyncHttpClient-1-26] DEBUG org.asynchttpclient.netty.handler.HttpHandler - 

Request DefaultHttpRequest(decodeResult: success, version: HTTP/1.1)
POST /session/b54bced3957eca46b18d3f5b9b6be0a4/element/d67c07de-402e-44c4-aabe-4c36255e6a76/click HTTP/1.1
User-Agent: selenium/4.8.1 (java windows)
Content-Length: 50
Content-Type: application/json; charset=utf-8
host: localhost:29208
accept: */*

Response DefaultHttpResponse(decodeResult: success, version: HTTP/1.1)
HTTP/1.1 200 OK
Content-Length: 14
Content-Type: application/json; charset=utf-8
cache-control: no-cache

20:19:56.526 [AsyncHttpClient-1-26] DEBUG org.asynchttpclient.netty.channel.ChannelManager - Adding key: http://localhost:29208 for channel [id: 0x016e5604, L:/127.0.0.1:55241 - R:localhost/127.0.0.1:29208]
20:19:56.530 [Forwarding getAlertText on session b54bced3957eca46b18d3f5b9b6be0a4 to remote] DEBUG org.asynchttpclient.netty.request.NettyRequestSender - Using pooled Channel '[id: 0x016e5604, L:/127.0.0.1:55241 - R:localhost/127.0.0.1:29208]' for 'GET' to 'http://localhost:29208/session/b54bced3957eca46b18d3f5b9b6be0a4/alert/text'
20:19:56.530 [Forwarding getAlertText on session b54bced3957eca46b18d3f5b9b6be0a4 to remote] DEBUG org.asynchttpclient.netty.request.NettyRequestSender - Using open Channel [id: 0x016e5604, L:/127.0.0.1:55241 - R:localhost/127.0.0.1:29208] for GET '/session/b54bced3957eca46b18d3f5b9b6be0a4/alert/text'
20:19:56.532 [AsyncHttpClient-1-26] DEBUG org.asynchttpclient.netty.handler.HttpHandler - 

Request DefaultFullHttpRequest(decodeResult: success, version: HTTP/1.1, content: EmptyByteBufBE)
GET /session/b54bced3957eca46b18d3f5b9b6be0a4/alert/text HTTP/1.1
User-Agent: selenium/4.8.1 (java windows)
Cache-Control: no-cache
Content-Type: application/json; charset=utf-8
host: localhost:29208
accept: */*

Response DefaultHttpResponse(decodeResult: success, version: HTTP/1.1)
HTTP/1.1 404 Not Found
Content-Length: 836
Content-Type: application/json; charset=utf-8
cache-control: no-cache

20:19:56.532 [AsyncHttpClient-1-26] DEBUG org.asynchttpclient.netty.channel.ChannelManager - Adding key: http://localhost:29208 for channel [id: 0x016e5604, L:/127.0.0.1:55241 - R:localhost/127.0.0.1:29208]
20:19:56.533 [Forwarding getCurrentUrl on session b54bced3957eca46b18d3f5b9b6be0a4 to remote] DEBUG org.asynchttpclient.netty.request.NettyRequestSender - Using pooled Channel '[id: 0x016e5604, L:/127.0.0.1:55241 - R:localhost/127.0.0.1:29208]' for 'GET' to 'http://localhost:29208/session/b54bced3957eca46b18d3f5b9b6be0a4/url'
20:19:56.533 [Forwarding getCurrentUrl on session b54bced3957eca46b18d3f5b9b6be0a4 to remote] DEBUG org.asynchttpclient.netty.request.NettyRequestSender - Using open Channel [id: 0x016e5604, L:/127.0.0.1:55241 - R:localhost/127.0.0.1:29208] for GET '/session/b54bced3957eca46b18d3f5b9b6be0a4/url'
20:19:56.536 [AsyncHttpClient-1-26] DEBUG org.asynchttpclient.netty.handler.HttpHandler - 

Request DefaultFullHttpRequest(decodeResult: success, version: HTTP/1.1, content: EmptyByteBufBE)
GET /session/b54bced3957eca46b18d3f5b9b6be0a4/url HTTP/1.1
User-Agent: selenium/4.8.1 (java windows)
Cache-Control: no-cache
Content-Type: application/json; charset=utf-8
host: localhost:29208
accept: */*

Response DefaultHttpResponse(decodeResult: success, version: HTTP/1.1)
HTTP/1.1 200 OK
Content-Length: 51
Content-Type: application/json; charset=utf-8
cache-control: no-cache

20:19:56.536 [AsyncHttpClient-1-26] DEBUG org.asynchttpclient.netty.channel.ChannelManager - Adding key: http://localhost:29208 for channel [id: 0x016e5604, L:/127.0.0.1:55241 - R:localhost/127.0.0.1:29208]
20:19:56.537 [Forwarding screenshot on session b54bced3957eca46b18d3f5b9b6be0a4 to remote] DEBUG org.asynchttpclient.netty.request.NettyRequestSender - Using pooled Channel '[id: 0x016e5604, L:/127.0.0.1:55241 - R:localhost/127.0.0.1:29208]' for 'GET' to 'http://localhost:29208/session/b54bced3957eca46b18d3f5b9b6be0a4/screenshot'
20:19:56.537 [Forwarding screenshot on session b54bced3957eca46b18d3f5b9b6be0a4 to remote] DEBUG org.asynchttpclient.netty.request.NettyRequestSender - Using open Channel [id: 0x016e5604, L:/127.0.0.1:55241 - R:localhost/127.0.0.1:29208] for GET '/session/b54bced3957eca46b18d3f5b9b6be0a4/screenshot'
20:19:56.628 [AsyncHttpClient-1-26] DEBUG org.asynchttpclient.netty.handler.HttpHandler - 

Request DefaultFullHttpRequest(decodeResult: success, version: HTTP/1.1, content: EmptyByteBufBE)
GET /session/b54bced3957eca46b18d3f5b9b6be0a4/screenshot HTTP/1.1
User-Agent: selenium/4.8.1 (java windows)
Cache-Control: no-cache
Content-Type: application/json; charset=utf-8
host: localhost:29208
accept: */*

Response DefaultHttpResponse(decodeResult: success, version: HTTP/1.1)
HTTP/1.1 200 OK
Content-Length: 29328
Content-Type: application/json; charset=utf-8
cache-control: no-cache

20:19:56.628 [AsyncHttpClient-1-26] DEBUG org.asynchttpclient.netty.channel.ChannelManager - Adding key: http://localhost:29208 for channel [id: 0x016e5604, L:/127.0.0.1:55241 - R:localhost/127.0.0.1:29208]
20:19:56.629 [main] DEBUG net.serenitybdd.core.photography.Darkroom - Send negative for processing for target\site\serenity\19d5e0e35a12adb021cc4552e848f8a7dabae674200f920e291b5856c0f5d733.png
20:19:56.630 [main] DEBUG net.thucydides.core.steps.StepInterceptor - STEP DONE: clickLoginButton
  &amp#27;[32mWhen &amp#27;[0m&amp#27;[32mI click on the login button&amp#27;[0m       &amp#27;[90m# starter.stepdefinitions.LoginSteps.clickLoginButton()&amp#27;[0m
20:19:56.630 [Darkroom Processing Line] DEBUG net.serenitybdd.core.photography.DarkroomProcessingLine - Processing screenshot image in /var/screenshots/screenshot-6666536136551768559
20:19:56.630 [Darkroom Processing Line] DEBUG net.serenitybdd.core.photography.DarkroomProcessingLine - Saving screenshot to target\site\serenity\19d5e0e35a12adb021cc4552e848f8a7dabae674200f920e291b5856c0f5d733.png
20:19:56.636 [Forwarding getPageSource on session b54bced3957eca46b18d3f5b9b6be0a4 to remote] DEBUG org.asynchttpclient.netty.request.NettyRequestSender - Using pooled Channel '[id: 0x016e5604, L:/127.0.0.1:55241 - R:localhost/127.0.0.1:29208]' for 'POST' to 'http://localhost:29208/session/b54bced3957eca46b18d3f5b9b6be0a4/execute/sync'
20:19:56.636 [Forwarding getPageSource on session b54bced3957eca46b18d3f5b9b6be0a4 to remote] DEBUG org.asynchttpclient.netty.request.NettyRequestSender - Using open Channel [id: 0x016e5604, L:/127.0.0.1:55241 - R:localhost/127.0.0.1:29208] for POST '/session/b54bced3957eca46b18d3f5b9b6be0a4/execute/sync'
20:19:56.641 [AsyncHttpClient-1-26] DEBUG org.asynchttpclient.netty.handler.HttpHandler - 

Request DefaultHttpRequest(decodeResult: success, version: HTTP/1.1)
POST /session/b54bced3957eca46b18d3f5b9b6be0a4/execute/sync HTTP/1.1
User-Agent: selenium/4.8.1 (java windows)
Content-Length: 176
Content-Type: application/json; charset=utf-8
host: localhost:29208
accept: */*

Response DefaultHttpResponse(decodeResult: success, version: HTTP/1.1)
HTTP/1.1 200 OK
Content-Length: 22119
Content-Type: application/json; charset=utf-8
cache-control: no-cache

20:19:56.642 [AsyncHttpClient-1-26] DEBUG org.asynchttpclient.netty.channel.ChannelManager - Adding key: http://localhost:29208 for channel [id: 0x016e5604, L:/127.0.0.1:55241 - R:localhost/127.0.0.1:29208]
20:19:56.643 [Forwarding getCurrentUrl on session b54bced3957eca46b18d3f5b9b6be0a4 to remote] DEBUG org.asynchttpclient.netty.request.NettyRequestSender - Using pooled Channel '[id: 0x016e5604, L:/127.0.0.1:55241 - R:localhost/127.0.0.1:29208]' for 'GET' to 'http://localhost:29208/session/b54bced3957eca46b18d3f5b9b6be0a4/url'
20:19:56.643 [Forwarding getCurrentUrl on session b54bced3957eca46b18d3f5b9b6be0a4 to remote] DEBUG org.asynchttpclient.netty.request.NettyRequestSender - Using open Channel [id: 0x016e5604, L:/127.0.0.1:55241 - R:localhost/127.0.0.1:29208] for GET '/session/b54bced3957eca46b18d3f5b9b6be0a4/url'
20:19:56.648 [AsyncHttpClient-1-26] DEBUG org.asynchttpclient.netty.handler.HttpHandler - 

Request DefaultFullHttpRequest(decodeResult: success, version: HTTP/1.1, content: EmptyByteBufBE)
GET /session/b54bced3957eca46b18d3f5b9b6be0a4/url HTTP/1.1
User-Agent: selenium/4.8.1 (java windows)
Cache-Control: no-cache
Content-Type: application/json; charset=utf-8
host: localhost:29208
accept: */*

Response DefaultHttpResponse(decodeResult: success, version: HTTP/1.1)
HTTP/1.1 200 OK
Content-Length: 51
Content-Type: application/json; charset=utf-8
cache-control: no-cache

20:19:56.648 [AsyncHttpClient-1-26] DEBUG org.asynchttpclient.netty.channel.ChannelManager - Adding key: http://localhost:29208 for channel [id: 0x016e5604, L:/127.0.0.1:55241 - R:localhost/127.0.0.1:29208]
20:19:56.654 [Forwarding getPageSource on session b54bced3957eca46b18d3f5b9b6be0a4 to remote] DEBUG org.asynchttpclient.netty.request.NettyRequestSender - Using pooled Channel '[id: 0x016e5604, L:/127.0.0.1:55241 - R:localhost/127.0.0.1:29208]' for 'POST' to 'http://localhost:29208/session/b54bced3957eca46b18d3f5b9b6be0a4/execute/sync'
20:19:56.654 [Forwarding getPageSource on session b54bced3957eca46b18d3f5b9b6be0a4 to remote] DEBUG org.asynchttpclient.netty.request.NettyRequestSender - Using open Channel [id: 0x016e5604, L:/127.0.0.1:55241 - R:localhost/127.0.0.1:29208] for POST '/session/b54bced3957eca46b18d3f5b9b6be0a4/execute/sync'
20:19:56.658 [AsyncHttpClient-1-26] DEBUG org.asynchttpclient.netty.handler.HttpHandler - 

Request DefaultHttpRequest(decodeResult: success, version: HTTP/1.1)
POST /session/b54bced3957eca46b18d3f5b9b6be0a4/execute/sync HTTP/1.1
User-Agent: selenium/4.8.1 (java windows)
Content-Length: 176
Content-Type: application/json; charset=utf-8
host: localhost:29208
accept: */*

Response DefaultHttpResponse(decodeResult: success, version: HTTP/1.1)
HTTP/1.1 200 OK
Content-Length: 22119
Content-Type: application/json; charset=utf-8
cache-control: no-cache

20:19:56.658 [AsyncHttpClient-1-26] DEBUG org.asynchttpclient.netty.channel.ChannelManager - Adding key: http://localhost:29208 for channel [id: 0x016e5604, L:/127.0.0.1:55241 - R:localhost/127.0.0.1:29208]
20:19:56.659 [Forwarding getCurrentUrl on session b54bced3957eca46b18d3f5b9b6be0a4 to remote] DEBUG org.asynchttpclient.netty.request.NettyRequestSender - Using pooled Channel '[id: 0x016e5604, L:/127.0.0.1:55241 - R:localhost/127.0.0.1:29208]' for 'GET' to 'http://localhost:29208/session/b54bced3957eca46b18d3f5b9b6be0a4/url'
20:19:56.659 [Forwarding getCurrentUrl on session b54bced3957eca46b18d3f5b9b6be0a4 to remote] DEBUG org.asynchttpclient.netty.request.NettyRequestSender - Using open Channel [id: 0x016e5604, L:/127.0.0.1:55241 - R:localhost/127.0.0.1:29208] for GET '/session/b54bced3957eca46b18d3f5b9b6be0a4/url'
20:19:56.663 [AsyncHttpClient-1-26] DEBUG org.asynchttpclient.netty.handler.HttpHandler - 

Request DefaultFullHttpRequest(decodeResult: success, version: HTTP/1.1, content: EmptyByteBufBE)
GET /session/b54bced3957eca46b18d3f5b9b6be0a4/url HTTP/1.1
User-Agent: selenium/4.8.1 (java windows)
Cache-Control: no-cache
Content-Type: application/json; charset=utf-8
host: localhost:29208
accept: */*

Response DefaultHttpResponse(decodeResult: success, version: HTTP/1.1)
HTTP/1.1 200 OK
Content-Length: 51
Content-Type: application/json; charset=utf-8
cache-control: no-cache

20:19:56.663 [AsyncHttpClient-1-26] DEBUG org.asynchttpclient.netty.channel.ChannelManager - Adding key: http://localhost:29208 for channel [id: 0x016e5604, L:/127.0.0.1:55241 - R:localhost/127.0.0.1:29208]
20:19:56.665 [main] DEBUG net.thucydides.core.steps.StepInterceptor - STARTING STEP: LoginSteps.alertContent - incorrectAlert
20:19:56.667 [Forwarding findElement on session b54bced3957eca46b18d3f5b9b6be0a4 to remote] DEBUG org.asynchttpclient.netty.request.NettyRequestSender - Using pooled Channel '[id: 0x016e5604, L:/127.0.0.1:55241 - R:localhost/127.0.0.1:29208]' for 'POST' to 'http://localhost:29208/session/b54bced3957eca46b18d3f5b9b6be0a4/element'
20:19:56.667 [Forwarding findElement on session b54bced3957eca46b18d3f5b9b6be0a4 to remote] DEBUG org.asynchttpclient.netty.request.NettyRequestSender - Using open Channel [id: 0x016e5604, L:/127.0.0.1:55241 - R:localhost/127.0.0.1:29208] for POST '/session/b54bced3957eca46b18d3f5b9b6be0a4/element'
20:19:56.746 [AsyncHttpClient-1-26] DEBUG org.asynchttpclient.netty.handler.HttpHandler - 

Request DefaultHttpRequest(decodeResult: success, version: HTTP/1.1)
POST /session/b54bced3957eca46b18d3f5b9b6be0a4/element HTTP/1.1
User-Agent: selenium/4.8.1 (java windows)
Content-Length: 54
Content-Type: application/json; charset=utf-8
host: localhost:29208
accept: */*

Response DefaultHttpResponse(decodeResult: success, version: HTTP/1.1)
HTTP/1.1 200 OK
Content-Length: 88
Content-Type: application/json; charset=utf-8
cache-control: no-cache

20:19:56.746 [AsyncHttpClient-1-26] DEBUG org.asynchttpclient.netty.channel.ChannelManager - Adding key: http://localhost:29208 for channel [id: 0x016e5604, L:/127.0.0.1:55241 - R:localhost/127.0.0.1:29208]
20:19:56.753 [Forwarding isElementDisplayed on session b54bced3957eca46b18d3f5b9b6be0a4 to remote] DEBUG org.asynchttpclient.netty.request.NettyRequestSender - Using pooled Channel '[id: 0x016e5604, L:/127.0.0.1:55241 - R:localhost/127.0.0.1:29208]' for 'POST' to 'http://localhost:29208/session/b54bced3957eca46b18d3f5b9b6be0a4/execute/sync'
20:19:56.753 [Forwarding isElementDisplayed on session b54bced3957eca46b18d3f5b9b6be0a4 to remote] DEBUG org.asynchttpclient.netty.request.NettyRequestSender - Using open Channel [id: 0x016e5604, L:/127.0.0.1:55241 - R:localhost/127.0.0.1:29208] for POST '/session/b54bced3957eca46b18d3f5b9b6be0a4/execute/sync'
20:19:56.777 [AsyncHttpClient-1-26] DEBUG org.asynchttpclient.netty.handler.HttpHandler - 

Request DefaultHttpRequest(decodeResult: success, version: HTTP/1.1)
POST /session/b54bced3957eca46b18d3f5b9b6be0a4/execute/sync HTTP/1.1
User-Agent: selenium/4.8.1 (java windows)
Content-Length: 48807
Content-Type: application/json; charset=utf-8
host: localhost:29208
accept: */*

Response DefaultHttpResponse(decodeResult: success, version: HTTP/1.1)
HTTP/1.1 200 OK
Content-Length: 14
Content-Type: application/json; charset=utf-8
cache-control: no-cache

20:19:56.778 [AsyncHttpClient-1-26] DEBUG org.asynchttpclient.netty.channel.ChannelManager - Adding key: http://localhost:29208 for channel [id: 0x016e5604, L:/127.0.0.1:55241 - R:localhost/127.0.0.1:29208]
20:19:56.789 [Forwarding getAlertText on session b54bced3957eca46b18d3f5b9b6be0a4 to remote] DEBUG org.asynchttpclient.netty.request.NettyRequestSender - Using pooled Channel '[id: 0x016e5604, L:/127.0.0.1:55241 - R:localhost/127.0.0.1:29208]' for 'GET' to 'http://localhost:29208/session/b54bced3957eca46b18d3f5b9b6be0a4/alert/text'
20:19:56.789 [Forwarding getAlertText on session b54bced3957eca46b18d3f5b9b6be0a4 to remote] DEBUG org.asynchttpclient.netty.request.NettyRequestSender - Using open Channel [id: 0x016e5604, L:/127.0.0.1:55241 - R:localhost/127.0.0.1:29208] for GET '/session/b54bced3957eca46b18d3f5b9b6be0a4/alert/text'
20:19:56.791 [AsyncHttpClient-1-26] DEBUG org.asynchttpclient.netty.handler.HttpHandler - 

Request DefaultFullHttpRequest(decodeResult: success, version: HTTP/1.1, content: EmptyByteBufBE)
GET /session/b54bced3957eca46b18d3f5b9b6be0a4/alert/text HTTP/1.1
User-Agent: selenium/4.8.1 (java windows)
Cache-Control: no-cache
Content-Type: application/json; charset=utf-8
host: localhost:29208
accept: */*

Response DefaultHttpResponse(decodeResult: success, version: HTTP/1.1)
HTTP/1.1 404 Not Found
Content-Length: 836
Content-Type: application/json; charset=utf-8
cache-control: no-cache

20:19:56.791 [AsyncHttpClient-1-26] DEBUG org.asynchttpclient.netty.channel.ChannelManager - Adding key: http://localhost:29208 for channel [id: 0x016e5604, L:/127.0.0.1:55241 - R:localhost/127.0.0.1:29208]
20:19:56.792 [Forwarding getCurrentUrl on session b54bced3957eca46b18d3f5b9b6be0a4 to remote] DEBUG org.asynchttpclient.netty.request.NettyRequestSender - Using pooled Channel '[id: 0x016e5604, L:/127.0.0.1:55241 - R:localhost/127.0.0.1:29208]' for 'GET' to 'http://localhost:29208/session/b54bced3957eca46b18d3f5b9b6be0a4/url'
20:19:56.792 [Forwarding getCurrentUrl on session b54bced3957eca46b18d3f5b9b6be0a4 to remote] DEBUG org.asynchttpclient.netty.request.NettyRequestSender - Using open Channel [id: 0x016e5604, L:/127.0.0.1:55241 - R:localhost/127.0.0.1:29208] for GET '/session/b54bced3957eca46b18d3f5b9b6be0a4/url'
20:19:56.797 [AsyncHttpClient-1-26] DEBUG org.asynchttpclient.netty.handler.HttpHandler - 

Request DefaultFullHttpRequest(decodeResult: success, version: HTTP/1.1, content: EmptyByteBufBE)
GET /session/b54bced3957eca46b18d3f5b9b6be0a4/url HTTP/1.1
User-Agent: selenium/4.8.1 (java windows)
Cache-Control: no-cache
Content-Type: application/json; charset=utf-8
host: localhost:29208
accept: */*

Response DefaultHttpResponse(decodeResult: success, version: HTTP/1.1)
HTTP/1.1 200 OK
Content-Length: 51
Content-Type: application/json; charset=utf-8
cache-control: no-cache

20:19:56.797 [AsyncHttpClient-1-26] DEBUG org.asynchttpclient.netty.channel.ChannelManager - Adding key: http://localhost:29208 for channel [id: 0x016e5604, L:/127.0.0.1:55241 - R:localhost/127.0.0.1:29208]
20:19:56.798 [Forwarding screenshot on session b54bced3957eca46b18d3f5b9b6be0a4 to remote] DEBUG org.asynchttpclient.netty.request.NettyRequestSender - Using pooled Channel '[id: 0x016e5604, L:/127.0.0.1:55241 - R:localhost/127.0.0.1:29208]' for 'GET' to 'http://localhost:29208/session/b54bced3957eca46b18d3f5b9b6be0a4/screenshot'
20:19:56.798 [Forwarding screenshot on session b54bced3957eca46b18d3f5b9b6be0a4 to remote] DEBUG org.asynchttpclient.netty.request.NettyRequestSender - Using open Channel [id: 0x016e5604, L:/127.0.0.1:55241 - R:localhost/127.0.0.1:29208] for GET '/session/b54bced3957eca46b18d3f5b9b6be0a4/screenshot'
20:19:56.905 [AsyncHttpClient-1-26] DEBUG org.asynchttpclient.netty.handler.HttpHandler - 

Request DefaultFullHttpRequest(decodeResult: success, version: HTTP/1.1, content: EmptyByteBufBE)
GET /session/b54bced3957eca46b18d3f5b9b6be0a4/screenshot HTTP/1.1
User-Agent: selenium/4.8.1 (java windows)
Cache-Control: no-cache
Content-Type: application/json; charset=utf-8
host: localhost:29208
accept: */*

Response DefaultHttpResponse(decodeResult: success, version: HTTP/1.1)
HTTP/1.1 200 OK
Content-Length: 33004
Content-Type: application/json; charset=utf-8
cache-control: no-cache

20:19:56.905 [AsyncHttpClient-1-26] DEBUG org.asynchttpclient.netty.channel.ChannelManager - Adding key: http://localhost:29208 for channel [id: 0x016e5604, L:/127.0.0.1:55241 - R:localhost/127.0.0.1:29208]
20:19:56.906 [main] DEBUG net.serenitybdd.core.photography.Darkroom - Send negative for processing for target\site\serenity\d23d5f1750c8545cfd371f523d6afe235c20896305948f4cf007f466378479d9.png
20:19:56.906 [main] DEBUG net.thucydides.core.steps.StepInterceptor - STEP DONE: incorrectAlert
  &amp#27;[32mThen &amp#27;[0m&amp#27;[32mI should see the error message&amp#27;[0m    &amp#27;[90m# starter.stepdefinitions.LoginSteps.alertContent()&amp#27;[0m
20:19:56.906 [Darkroom Processing Line] DEBUG net.serenitybdd.core.photography.DarkroomProcessingLine - Processing screenshot image in /var/screenshots/screenshot-2342659294672473479
20:19:56.907 [Darkroom Processing Line] DEBUG net.serenitybdd.core.photography.DarkroomProcessingLine - Saving screenshot to target\site\serenity\d23d5f1750c8545cfd371f523d6afe235c20896305948f4cf007f466378479d9.png
20:19:56.910 [main] INFO  - 
  _____   ___   ___   _____     ___     _     ___   ___   ___   ___  
 |_   _| | __| / __| |_   _|   | _ \   /_\   / __| / __| | __| |   \ 
   | |   | _|  \__ \   | |     |  _/  / _ \  \__ \ \__ \ | _|  | |) |
   |_|   |___| |___/   |_|     |_|   /_/ \_\ |___/ |___/ |___| |___/ 

Login with invalid email
----------------------------------------------------------------------
20:19:56.911 [AsyncHttpClient-1-28] DEBUG org.asynchttpclient.netty.handler.WebSocketHandler - Channel Closed: [id: 0x56c773f0, L:/127.0.0.1:55251 ! R:localhost/127.0.0.1:55243] with attribute NettyResponseFuture{currentRetry=0,
	isDone=1,
	isCancelled=0,
	asyncHandler=org.asynchttpclient.ws.WebSocketUpgradeHandler@4c1aba74,
	nettyRequest=org.asynchttpclient.netty.request.NettyRequest@9183d93,
	future=java.util.concurrent.CompletableFuture@59a2a745[Completed normally],
	uri=ws://localhost:55243/devtools/browser/c40fe1a5-e129-4127-8a4c-91a70afc1a23,
	keepAlive=true,
	redirectCount=0,
	timeoutsHolder=null,
	inAuth=0,
	touch=1683379194966}
20:19:56.911 [AsyncHttpClient-1-28] DEBUG org.asynchttpclient.netty.channel.ChannelManager - Closing Channel [id: 0x56c773f0, L:/127.0.0.1:55251 ! R:localhost/127.0.0.1:55243] 
20:19:56.911 [Driver Command Executor] DEBUG org.asynchttpclient.netty.request.NettyRequestSender - Using pooled Channel '[id: 0x016e5604, L:/127.0.0.1:55241 - R:localhost/127.0.0.1:29208]' for 'DELETE' to 'http://localhost:29208/session/b54bced3957eca46b18d3f5b9b6be0a4'
20:19:56.911 [Driver Command Executor] DEBUG org.asynchttpclient.netty.request.NettyRequestSender - Using open Channel [id: 0x016e5604, L:/127.0.0.1:55241 - R:localhost/127.0.0.1:29208] for DELETE '/session/b54bced3957eca46b18d3f5b9b6be0a4'
20:19:56.930 [AsyncHttpClient-1-27] DEBUG org.asynchttpclient.netty.handler.HttpHandler - Unexpected I/O exception on channel [id: 0x2dbcac06, L:/127.0.0.1:55250 - R:localhost/127.0.0.1:55243]
java.net.SocketException: Connection reset
	at java.base/sun.nio.ch.SocketChannelImpl.throwConnectionReset(SocketChannelImpl.java:367)
	at java.base/sun.nio.ch.SocketChannelImpl.read(SocketChannelImpl.java:398)
	at io.netty.buffer.PooledByteBuf.setBytes(PooledByteBuf.java:259)
	at io.netty.buffer.AbstractByteBuf.writeBytes(AbstractByteBuf.java:1132)
	at io.netty.channel.socket.nio.NioSocketChannel.doReadBytes(NioSocketChannel.java:357)
	at io.netty.channel.nio.AbstractNioByteChannel$NioByteUnsafe.read(AbstractNioByteChannel.java:151)
	at io.netty.channel.nio.NioEventLoop.processSelectedKey(NioEventLoop.java:788)
	at io.netty.channel.nio.NioEventLoop.processSelectedKeysOptimized(NioEventLoop.java:724)
	at io.netty.channel.nio.NioEventLoop.processSelectedKeys(NioEventLoop.java:650)
	at io.netty.channel.nio.NioEventLoop.run(NioEventLoop.java:562)
	at io.netty.util.concurrent.SingleThreadEventExecutor$4.run(SingleThreadEventExecutor.java:997)
	at io.netty.util.internal.ThreadExecutorMap$2.run(ThreadExecutorMap.java:74)
	at io.netty.util.concurrent.FastThreadLocalRunnable.run(FastThreadLocalRunnable.java:30)
	at java.base/java.lang.Thread.run(Thread.java:832)
20:19:56.930 [AsyncHttpClient-1-27] DEBUG org.asynchttpclient.netty.channel.ChannelManager - Closing Channel [id: 0x2dbcac06, L:/127.0.0.1:55250 - R:localhost/127.0.0.1:55243] 
20:19:56.930 [AsyncHttpClient-1-27] DEBUG org.asynchttpclient.netty.handler.HttpHandler - Channel Closed: [id: 0x2dbcac06, L:/127.0.0.1:55250 ! R:localhost/127.0.0.1:55243] with attribute DISCARD
20:19:56.939 [AsyncHttpClient-1-26] DEBUG org.asynchttpclient.netty.handler.HttpHandler - 

Request DefaultFullHttpRequest(decodeResult: success, version: HTTP/1.1, content: EmptyByteBufBE)
DELETE /session/b54bced3957eca46b18d3f5b9b6be0a4 HTTP/1.1
User-Agent: selenium/4.8.1 (java windows)
Content-Type: application/json; charset=utf-8
host: localhost:29208
accept: */*

Response DefaultHttpResponse(decodeResult: success, version: HTTP/1.1)
HTTP/1.1 200 OK
Content-Length: 14
Content-Type: application/json; charset=utf-8
cache-control: no-cache

20:19:56.939 [AsyncHttpClient-1-26] DEBUG org.asynchttpclient.netty.channel.ChannelManager - Adding key: http://localhost:29208 for channel [id: 0x016e5604, L:/127.0.0.1:55241 - R:localhost/127.0.0.1:29208]
20:19:57.023 [AsyncHttpClient-1-26] DEBUG org.asynchttpclient.netty.handler.HttpHandler - Channel Closed: [id: 0x016e5604, L:/127.0.0.1:55241 ! R:localhost/127.0.0.1:29208] with attribute DISCARD
20:19:57.052 [AsyncHttpClient-1-1] DEBUG org.asynchttpclient.netty.channel.DefaultChannelPool - Entry count for : http://localhost:55243 : 1
20:19:57.052 [AsyncHttpClient-1-1] DEBUG org.asynchttpclient.netty.channel.DefaultChannelPool - Entry count for : http://localhost:29208 : 1
20:19:57.052 [AsyncHttpClient-1-1] DEBUG org.asynchttpclient.netty.channel.DefaultChannelPool - Adding Candidate expired Channel [id: 0x2dbcac06, L:/127.0.0.1:55250 ! R:localhost/127.0.0.1:55243] isIdleTimeoutExpired=false isRemotelyClosed=true isTtlExpired=false
20:19:57.052 [AsyncHttpClient-1-1] DEBUG org.asynchttpclient.netty.channel.DefaultChannelPool - Closing Idle Channel [id: 0x2dbcac06, L:/127.0.0.1:55250 ! R:localhost/127.0.0.1:55243]
20:19:57.052 [AsyncHttpClient-1-1] DEBUG org.asynchttpclient.netty.channel.DefaultChannelPool - Adding Candidate expired Channel [id: 0x016e5604, L:/127.0.0.1:55241 ! R:localhost/127.0.0.1:29208] isIdleTimeoutExpired=false isRemotelyClosed=true isTtlExpired=false
20:19:57.052 [AsyncHttpClient-1-1] DEBUG org.asynchttpclient.netty.channel.DefaultChannelPool - Closing Idle Channel [id: 0x016e5604, L:/127.0.0.1:55241 ! R:localhost/127.0.0.1:29208]
20:19:57.052 [AsyncHttpClient-1-1] DEBUG org.asynchttpclient.netty.channel.DefaultChannelPool - Closed 2 connections out of 2 in 0 ms
]]></system-out>
    <system-err><![CDATA[Starting ChromeDriver 111.0.5563.64 (c710e93d5b63b7095afe8c2c17df34408078439d-refs/branch-heads/5563@{#995}) on port 29208
Only local connections are allowed.
Please see https://chromedriver.chromium.org/security-considerations for suggestions on keeping ChromeDriver safe.
ChromeDriver was started successfully.
[1683379194.944][WARNING]: This version of ChromeDriver has not been tested with Chrome version 112.
May 06, 2023 8:19:54 PM org.openqa.selenium.devtools.CdpVersionFinder findNearestMatch
WARNING: Unable to find an exact match for CDP version 112, so returning the closest version found: 110
]]></system-err>
  </testcase>
  <testcase name="Login without input any fields" classname="Login to Alta-shop Account" time="3.316">
    <system-out><![CDATA[
Scenario: Login without input any fields &amp#27;[90m# src/test/resources/features/2. Login.feature:35&amp#27;[0m
20:19:57.553 [main] DEBUG io.cucumber.core.plugin.SerenityReporter - Running feature from file:///C:/Users/WINDOWS%2010/Documents/GitHub/MiniProject_QE/Web/code/minpro/src/test/resources/features/2.%20Login.feature
20:19:57.555 [main] INFO  - 
  _____   ___   ___   _____     ___   _____     _     ___   _____   ___   ___  
 |_   _| | __| / __| |_   _|   / __| |_   _|   /_\   | _ \ |_   _| | __| |   \ 
   | |   | _|  \__ \   | |     \__ \   | |    / _ \  |   /   | |   | _|  | |) |
   |_|   |___| |___/   |_|     |___/   |_|   /_/ \_\ |_|_\   |_|   |___| |___/ 

Login without input any fields(login-to-alta-shop-account;login-without-input-any-fields)
--------------------------------------------------------------------------------
20:19:57.581 [main] DEBUG net.thucydides.core.steps.StepInterceptor - STARTING STEP: LoginSteps.onTheLoginPage - openPage
20:19:57.614 [main] INFO net.serenitybdd.core.webdriver.driverproviders.ChromeDriverProvider - Starting Chrome driver instance with capabilities:
20:19:57.614 [main] INFO net.serenitybdd.core.webdriver.driverproviders.ChromeDriverProvider - Capabilities {acceptInsecureCerts: false, browserName: chrome, goog:chromeOptions: {args: [remote-allow-origins=*], extensions: []}}
20:19:57.679 [AsyncHttpClient-1-29] DEBUG org.asynchttpclient.netty.channel.NettyConnectListener - Using new Channel '[id: 0xf6a68f43, L:/127.0.0.1:55269 - R:localhost/127.0.0.1:18342]' for 'POST' to '/session'
20:19:58.334 [AsyncHttpClient-1-29] DEBUG org.asynchttpclient.netty.handler.HttpHandler - 

Request DefaultHttpRequest(decodeResult: success, version: HTTP/1.1)
POST /session HTTP/1.1
User-Agent: selenium/4.8.1 (java windows)
Content-Length: 507
Content-Type: application/json; charset=utf-8
host: localhost:18342
accept: */*

Response DefaultHttpResponse(decodeResult: success, version: HTTP/1.1)
HTTP/1.1 200 OK
Content-Length: 863
Content-Type: application/json; charset=utf-8
cache-control: no-cache

20:19:58.335 [AsyncHttpClient-1-29] DEBUG org.asynchttpclient.netty.channel.ChannelManager - Adding key: http://localhost:18342 for channel [id: 0xf6a68f43, L:/127.0.0.1:55269 - R:localhost/127.0.0.1:18342]
20:19:58.338 [AsyncHttpClient-1-30] DEBUG org.asynchttpclient.netty.channel.NettyConnectListener - Using new Channel '[id: 0x1a697599, L:/127.0.0.1:55280 - R:localhost/127.0.0.1:55270]' for 'GET' to '/json/version'
20:19:58.339 [AsyncHttpClient-1-30] DEBUG org.asynchttpclient.netty.handler.HttpHandler - 

Request DefaultFullHttpRequest(decodeResult: success, version: HTTP/1.1, content: EmptyByteBufBE)
GET /json/version HTTP/1.1
User-Agent: selenium/4.8.1 (java windows)
host: localhost:55270
accept: */*

Response DefaultHttpResponse(decodeResult: success, version: HTTP/1.1)
HTTP/1.1 200 OK
Content-Security-Policy: frame-ancestors 'none'
Content-Length: 424
Content-Type: application/json; charset=UTF-8

20:19:58.339 [AsyncHttpClient-1-30] DEBUG org.asynchttpclient.netty.channel.ChannelManager - Adding key: http://localhost:55270 for channel [id: 0x1a697599, L:/127.0.0.1:55280 - R:localhost/127.0.0.1:55270]
20:19:58.341 [AsyncHttpClient-1-31] DEBUG org.asynchttpclient.netty.channel.NettyConnectListener - Using new Channel '[id: 0x510c1129, L:/127.0.0.1:55281 - R:localhost/127.0.0.1:55270]' for 'GET' to '/devtools/browser/91aed757-2f47-4266-92c1-cf6d62b9cd30'
20:19:58.343 [AsyncHttpClient-1-31] DEBUG org.asynchttpclient.netty.handler.WebSocketHandler - 

Request DefaultFullHttpRequest(decodeResult: success, version: HTTP/1.1, content: EmptyByteBufBE)
GET /devtools/browser/91aed757-2f47-4266-92c1-cf6d62b9cd30 HTTP/1.1
upgrade: websocket
connection: upgrade
sec-websocket-key: RXIWPNlHNXfvm6LCk+3BIA==
sec-websocket-version: 13
origin: http://localhost:55270
host: localhost:55270
accept: */*
user-agent: AHC/2.1

Response DefaultHttpResponse(decodeResult: success, version: HTTP/1.1)
HTTP/1.1 101 WebSocket Protocol Handshake
Upgrade: WebSocket
Connection: Upgrade
Sec-WebSocket-Accept: 8TuOJA1DF0PFNBndcoDy5DB4Ez0=

20:19:58.346 [Forwarding get on session 788bacb72212ee0021461fbfb751fd6f to remote] DEBUG org.asynchttpclient.netty.request.NettyRequestSender - Using pooled Channel '[id: 0xf6a68f43, L:/127.0.0.1:55269 - R:localhost/127.0.0.1:18342]' for 'POST' to 'http://localhost:18342/session/788bacb72212ee0021461fbfb751fd6f/url'
20:19:58.346 [Forwarding get on session 788bacb72212ee0021461fbfb751fd6f to remote] DEBUG org.asynchttpclient.netty.request.NettyRequestSender - Using open Channel [id: 0xf6a68f43, L:/127.0.0.1:55269 - R:localhost/127.0.0.1:18342] for POST '/session/788bacb72212ee0021461fbfb751fd6f/url'
20:19:59.126 [AsyncHttpClient-1-29] DEBUG org.asynchttpclient.netty.handler.HttpHandler - 

Request DefaultHttpRequest(decodeResult: success, version: HTTP/1.1)
POST /session/788bacb72212ee0021461fbfb751fd6f/url HTTP/1.1
User-Agent: selenium/4.8.1 (java windows)
Content-Length: 74
Content-Type: application/json; charset=utf-8
host: localhost:18342
accept: */*

Response DefaultHttpResponse(decodeResult: success, version: HTTP/1.1)
HTTP/1.1 200 OK
Content-Length: 14
Content-Type: application/json; charset=utf-8
cache-control: no-cache

20:19:59.126 [AsyncHttpClient-1-29] DEBUG org.asynchttpclient.netty.channel.ChannelManager - Adding key: http://localhost:18342 for channel [id: 0xf6a68f43, L:/127.0.0.1:55269 - R:localhost/127.0.0.1:18342]
20:19:59.127 [Forwarding setTimeout on session 788bacb72212ee0021461fbfb751fd6f to remote] DEBUG org.asynchttpclient.netty.request.NettyRequestSender - Using pooled Channel '[id: 0xf6a68f43, L:/127.0.0.1:55269 - R:localhost/127.0.0.1:18342]' for 'POST' to 'http://localhost:18342/session/788bacb72212ee0021461fbfb751fd6f/timeouts'
20:19:59.127 [Forwarding setTimeout on session 788bacb72212ee0021461fbfb751fd6f to remote] DEBUG org.asynchttpclient.netty.request.NettyRequestSender - Using open Channel [id: 0xf6a68f43, L:/127.0.0.1:55269 - R:localhost/127.0.0.1:18342] for POST '/session/788bacb72212ee0021461fbfb751fd6f/timeouts'
20:19:59.128 [AsyncHttpClient-1-29] DEBUG org.asynchttpclient.netty.handler.HttpHandler - 

Request DefaultHttpRequest(decodeResult: success, version: HTTP/1.1)
POST /session/788bacb72212ee0021461fbfb751fd6f/timeouts HTTP/1.1
User-Agent: selenium/4.8.1 (java windows)
Content-Length: 22
Content-Type: application/json; charset=utf-8
host: localhost:18342
accept: */*

Response DefaultHttpResponse(decodeResult: success, version: HTTP/1.1)
HTTP/1.1 200 OK
Content-Length: 14
Content-Type: application/json; charset=utf-8
cache-control: no-cache

20:19:59.128 [AsyncHttpClient-1-29] DEBUG org.asynchttpclient.netty.channel.ChannelManager - Adding key: http://localhost:18342 for channel [id: 0xf6a68f43, L:/127.0.0.1:55269 - R:localhost/127.0.0.1:18342]
20:19:59.132 [Forwarding getAlertText on session 788bacb72212ee0021461fbfb751fd6f to remote] DEBUG org.asynchttpclient.netty.request.NettyRequestSender - Using pooled Channel '[id: 0xf6a68f43, L:/127.0.0.1:55269 - R:localhost/127.0.0.1:18342]' for 'GET' to 'http://localhost:18342/session/788bacb72212ee0021461fbfb751fd6f/alert/text'
20:19:59.132 [Forwarding getAlertText on session 788bacb72212ee0021461fbfb751fd6f to remote] DEBUG org.asynchttpclient.netty.request.NettyRequestSender - Using open Channel [id: 0xf6a68f43, L:/127.0.0.1:55269 - R:localhost/127.0.0.1:18342] for GET '/session/788bacb72212ee0021461fbfb751fd6f/alert/text'
20:19:59.133 [AsyncHttpClient-1-29] DEBUG org.asynchttpclient.netty.handler.HttpHandler - 

Request DefaultFullHttpRequest(decodeResult: success, version: HTTP/1.1, content: EmptyByteBufBE)
GET /session/788bacb72212ee0021461fbfb751fd6f/alert/text HTTP/1.1
User-Agent: selenium/4.8.1 (java windows)
Cache-Control: no-cache
Content-Type: application/json; charset=utf-8
host: localhost:18342
accept: */*

Response DefaultHttpResponse(decodeResult: success, version: HTTP/1.1)
HTTP/1.1 404 Not Found
Content-Length: 836
Content-Type: application/json; charset=utf-8
cache-control: no-cache

20:19:59.133 [AsyncHttpClient-1-29] DEBUG org.asynchttpclient.netty.channel.ChannelManager - Adding key: http://localhost:18342 for channel [id: 0xf6a68f43, L:/127.0.0.1:55269 - R:localhost/127.0.0.1:18342]
20:19:59.134 [Forwarding getCurrentUrl on session 788bacb72212ee0021461fbfb751fd6f to remote] DEBUG org.asynchttpclient.netty.request.NettyRequestSender - Using pooled Channel '[id: 0xf6a68f43, L:/127.0.0.1:55269 - R:localhost/127.0.0.1:18342]' for 'GET' to 'http://localhost:18342/session/788bacb72212ee0021461fbfb751fd6f/url'
20:19:59.134 [Forwarding getCurrentUrl on session 788bacb72212ee0021461fbfb751fd6f to remote] DEBUG org.asynchttpclient.netty.request.NettyRequestSender - Using open Channel [id: 0xf6a68f43, L:/127.0.0.1:55269 - R:localhost/127.0.0.1:18342] for GET '/session/788bacb72212ee0021461fbfb751fd6f/url'
20:19:59.137 [AsyncHttpClient-1-29] DEBUG org.asynchttpclient.netty.handler.HttpHandler - 

Request DefaultFullHttpRequest(decodeResult: success, version: HTTP/1.1, content: EmptyByteBufBE)
GET /session/788bacb72212ee0021461fbfb751fd6f/url HTTP/1.1
User-Agent: selenium/4.8.1 (java windows)
Cache-Control: no-cache
Content-Type: application/json; charset=utf-8
host: localhost:18342
accept: */*

Response DefaultHttpResponse(decodeResult: success, version: HTTP/1.1)
HTTP/1.1 200 OK
Content-Length: 51
Content-Type: application/json; charset=utf-8
cache-control: no-cache

20:19:59.137 [AsyncHttpClient-1-29] DEBUG org.asynchttpclient.netty.channel.ChannelManager - Adding key: http://localhost:18342 for channel [id: 0xf6a68f43, L:/127.0.0.1:55269 - R:localhost/127.0.0.1:18342]
20:19:59.138 [Forwarding screenshot on session 788bacb72212ee0021461fbfb751fd6f to remote] DEBUG org.asynchttpclient.netty.request.NettyRequestSender - Using pooled Channel '[id: 0xf6a68f43, L:/127.0.0.1:55269 - R:localhost/127.0.0.1:18342]' for 'GET' to 'http://localhost:18342/session/788bacb72212ee0021461fbfb751fd6f/screenshot'
20:19:59.138 [Forwarding screenshot on session 788bacb72212ee0021461fbfb751fd6f to remote] DEBUG org.asynchttpclient.netty.request.NettyRequestSender - Using open Channel [id: 0xf6a68f43, L:/127.0.0.1:55269 - R:localhost/127.0.0.1:18342] for GET '/session/788bacb72212ee0021461fbfb751fd6f/screenshot'
20:19:59.244 [AsyncHttpClient-1-29] DEBUG org.asynchttpclient.netty.handler.HttpHandler - 

Request DefaultFullHttpRequest(decodeResult: success, version: HTTP/1.1, content: EmptyByteBufBE)
GET /session/788bacb72212ee0021461fbfb751fd6f/screenshot HTTP/1.1
User-Agent: selenium/4.8.1 (java windows)
Cache-Control: no-cache
Content-Type: application/json; charset=utf-8
host: localhost:18342
accept: */*

Response DefaultHttpResponse(decodeResult: success, version: HTTP/1.1)
HTTP/1.1 200 OK
Content-Length: 25208
Content-Type: application/json; charset=utf-8
cache-control: no-cache

20:19:59.244 [AsyncHttpClient-1-29] DEBUG org.asynchttpclient.netty.channel.ChannelManager - Adding key: http://localhost:18342 for channel [id: 0xf6a68f43, L:/127.0.0.1:55269 - R:localhost/127.0.0.1:18342]
20:19:59.245 [main] DEBUG net.serenitybdd.core.photography.Darkroom - Send negative for processing for target\site\serenity\edb14d4aab401efa0e4fb99861e6ffcafebc86a67b69f7828890b9910ed2ddbd.png
20:19:59.245 [main] DEBUG net.thucydides.core.steps.StepInterceptor - STEP DONE: openPage
  &amp#27;[32mGiven &amp#27;[0m&amp#27;[32mI am on the alta-shop login page&amp#27;[0m &amp#27;[90m# starter.stepdefinitions.LoginSteps.onTheLoginPage()&amp#27;[0m
20:19:59.251 [Forwarding getPageSource on session 788bacb72212ee0021461fbfb751fd6f to remote] DEBUG org.asynchttpclient.netty.request.NettyRequestSender - Using pooled Channel '[id: 0xf6a68f43, L:/127.0.0.1:55269 - R:localhost/127.0.0.1:18342]' for 'POST' to 'http://localhost:18342/session/788bacb72212ee0021461fbfb751fd6f/execute/sync'
20:19:59.251 [Forwarding getPageSource on session 788bacb72212ee0021461fbfb751fd6f to remote] DEBUG org.asynchttpclient.netty.request.NettyRequestSender - Using open Channel [id: 0xf6a68f43, L:/127.0.0.1:55269 - R:localhost/127.0.0.1:18342] for POST '/session/788bacb72212ee0021461fbfb751fd6f/execute/sync'
20:19:59.255 [AsyncHttpClient-1-29] DEBUG org.asynchttpclient.netty.handler.HttpHandler - 

Request DefaultHttpRequest(decodeResult: success, version: HTTP/1.1)
POST /session/788bacb72212ee0021461fbfb751fd6f/execute/sync HTTP/1.1
User-Agent: selenium/4.8.1 (java windows)
Content-Length: 176
Content-Type: application/json; charset=utf-8
host: localhost:18342
accept: */*

Response DefaultHttpResponse(decodeResult: success, version: HTTP/1.1)
HTTP/1.1 200 OK
Content-Length: 21659
Content-Type: application/json; charset=utf-8
cache-control: no-cache

20:19:59.255 [AsyncHttpClient-1-29] DEBUG org.asynchttpclient.netty.channel.ChannelManager - Adding key: http://localhost:18342 for channel [id: 0xf6a68f43, L:/127.0.0.1:55269 - R:localhost/127.0.0.1:18342]
20:19:59.257 [Forwarding getCurrentUrl on session 788bacb72212ee0021461fbfb751fd6f to remote] DEBUG org.asynchttpclient.netty.request.NettyRequestSender - Using pooled Channel '[id: 0xf6a68f43, L:/127.0.0.1:55269 - R:localhost/127.0.0.1:18342]' for 'GET' to 'http://localhost:18342/session/788bacb72212ee0021461fbfb751fd6f/url'
20:19:59.257 [Forwarding getCurrentUrl on session 788bacb72212ee0021461fbfb751fd6f to remote] DEBUG org.asynchttpclient.netty.request.NettyRequestSender - Using open Channel [id: 0xf6a68f43, L:/127.0.0.1:55269 - R:localhost/127.0.0.1:18342] for GET '/session/788bacb72212ee0021461fbfb751fd6f/url'
20:19:59.260 [AsyncHttpClient-1-1] DEBUG org.asynchttpclient.netty.channel.DefaultChannelPool - Entry count for : http://localhost:55270 : 1
20:19:59.260 [AsyncHttpClient-1-29] DEBUG org.asynchttpclient.netty.handler.HttpHandler - 

Request DefaultFullHttpRequest(decodeResult: success, version: HTTP/1.1, content: EmptyByteBufBE)
GET /session/788bacb72212ee0021461fbfb751fd6f/url HTTP/1.1
User-Agent: selenium/4.8.1 (java windows)
Cache-Control: no-cache
Content-Type: application/json; charset=utf-8
host: localhost:18342
accept: */*

Response DefaultHttpResponse(decodeResult: success, version: HTTP/1.1)
HTTP/1.1 200 OK
Content-Length: 51
Content-Type: application/json; charset=utf-8
cache-control: no-cache

20:19:59.260 [AsyncHttpClient-1-29] DEBUG org.asynchttpclient.netty.channel.ChannelManager - Adding key: http://localhost:18342 for channel [id: 0xf6a68f43, L:/127.0.0.1:55269 - R:localhost/127.0.0.1:18342]
20:19:59.265 [Forwarding getPageSource on session 788bacb72212ee0021461fbfb751fd6f to remote] DEBUG org.asynchttpclient.netty.request.NettyRequestSender - Using pooled Channel '[id: 0xf6a68f43, L:/127.0.0.1:55269 - R:localhost/127.0.0.1:18342]' for 'POST' to 'http://localhost:18342/session/788bacb72212ee0021461fbfb751fd6f/execute/sync'
20:19:59.265 [Forwarding getPageSource on session 788bacb72212ee0021461fbfb751fd6f to remote] DEBUG org.asynchttpclient.netty.request.NettyRequestSender - Using open Channel [id: 0xf6a68f43, L:/127.0.0.1:55269 - R:localhost/127.0.0.1:18342] for POST '/session/788bacb72212ee0021461fbfb751fd6f/execute/sync'
20:19:59.268 [AsyncHttpClient-1-29] DEBUG org.asynchttpclient.netty.handler.HttpHandler - 

Request DefaultHttpRequest(decodeResult: success, version: HTTP/1.1)
POST /session/788bacb72212ee0021461fbfb751fd6f/execute/sync HTTP/1.1
User-Agent: selenium/4.8.1 (java windows)
Content-Length: 176
Content-Type: application/json; charset=utf-8
host: localhost:18342
accept: */*

Response DefaultHttpResponse(decodeResult: success, version: HTTP/1.1)
HTTP/1.1 200 OK
Content-Length: 21659
Content-Type: application/json; charset=utf-8
cache-control: no-cache

20:19:59.268 [AsyncHttpClient-1-29] DEBUG org.asynchttpclient.netty.channel.ChannelManager - Adding key: http://localhost:18342 for channel [id: 0xf6a68f43, L:/127.0.0.1:55269 - R:localhost/127.0.0.1:18342]
20:19:59.270 [Forwarding getCurrentUrl on session 788bacb72212ee0021461fbfb751fd6f to remote] DEBUG org.asynchttpclient.netty.request.NettyRequestSender - Using pooled Channel '[id: 0xf6a68f43, L:/127.0.0.1:55269 - R:localhost/127.0.0.1:18342]' for 'GET' to 'http://localhost:18342/session/788bacb72212ee0021461fbfb751fd6f/url'
20:19:59.270 [Forwarding getCurrentUrl on session 788bacb72212ee0021461fbfb751fd6f to remote] DEBUG org.asynchttpclient.netty.request.NettyRequestSender - Using open Channel [id: 0xf6a68f43, L:/127.0.0.1:55269 - R:localhost/127.0.0.1:18342] for GET '/session/788bacb72212ee0021461fbfb751fd6f/url'
20:19:59.273 [AsyncHttpClient-1-29] DEBUG org.asynchttpclient.netty.handler.HttpHandler - 

Request DefaultFullHttpRequest(decodeResult: success, version: HTTP/1.1, content: EmptyByteBufBE)
GET /session/788bacb72212ee0021461fbfb751fd6f/url HTTP/1.1
User-Agent: selenium/4.8.1 (java windows)
Cache-Control: no-cache
Content-Type: application/json; charset=utf-8
host: localhost:18342
accept: */*

Response DefaultHttpResponse(decodeResult: success, version: HTTP/1.1)
HTTP/1.1 200 OK
Content-Length: 51
Content-Type: application/json; charset=utf-8
cache-control: no-cache

20:19:59.273 [AsyncHttpClient-1-29] DEBUG org.asynchttpclient.netty.channel.ChannelManager - Adding key: http://localhost:18342 for channel [id: 0xf6a68f43, L:/127.0.0.1:55269 - R:localhost/127.0.0.1:18342]
20:19:59.275 [main] DEBUG net.thucydides.core.steps.StepInterceptor - STARTING STEP: LoginSteps.inputEmptyEmail - inputEmail
20:19:59.277 [Forwarding findElement on session 788bacb72212ee0021461fbfb751fd6f to remote] DEBUG org.asynchttpclient.netty.request.NettyRequestSender - Using pooled Channel '[id: 0xf6a68f43, L:/127.0.0.1:55269 - R:localhost/127.0.0.1:18342]' for 'POST' to 'http://localhost:18342/session/788bacb72212ee0021461fbfb751fd6f/element'
20:19:59.277 [Forwarding findElement on session 788bacb72212ee0021461fbfb751fd6f to remote] DEBUG org.asynchttpclient.netty.request.NettyRequestSender - Using open Channel [id: 0xf6a68f43, L:/127.0.0.1:55269 - R:localhost/127.0.0.1:18342] for POST '/session/788bacb72212ee0021461fbfb751fd6f/element'
20:19:59.284 [AsyncHttpClient-1-29] DEBUG org.asynchttpclient.netty.handler.HttpHandler - 

Request DefaultHttpRequest(decodeResult: success, version: HTTP/1.1)
POST /session/788bacb72212ee0021461fbfb751fd6f/element HTTP/1.1
User-Agent: selenium/4.8.1 (java windows)
Content-Length: 55
Content-Type: application/json; charset=utf-8
host: localhost:18342
accept: */*

Response DefaultHttpResponse(decodeResult: success, version: HTTP/1.1)
HTTP/1.1 200 OK
Content-Length: 88
Content-Type: application/json; charset=utf-8
cache-control: no-cache

20:19:59.284 [AsyncHttpClient-1-29] DEBUG org.asynchttpclient.netty.channel.ChannelManager - Adding key: http://localhost:18342 for channel [id: 0xf6a68f43, L:/127.0.0.1:55269 - R:localhost/127.0.0.1:18342]
20:19:59.285 [Forwarding clearElement on session 788bacb72212ee0021461fbfb751fd6f to remote] DEBUG org.asynchttpclient.netty.request.NettyRequestSender - Using pooled Channel '[id: 0xf6a68f43, L:/127.0.0.1:55269 - R:localhost/127.0.0.1:18342]' for 'POST' to 'http://localhost:18342/session/788bacb72212ee0021461fbfb751fd6f/element/dff1062e-9dee-46c4-b03d-aaa41b716146/clear'
20:19:59.285 [Forwarding clearElement on session 788bacb72212ee0021461fbfb751fd6f to remote] DEBUG org.asynchttpclient.netty.request.NettyRequestSender - Using open Channel [id: 0xf6a68f43, L:/127.0.0.1:55269 - R:localhost/127.0.0.1:18342] for POST '/session/788bacb72212ee0021461fbfb751fd6f/element/dff1062e-9dee-46c4-b03d-aaa41b716146/clear'
20:19:59.305 [AsyncHttpClient-1-29] DEBUG org.asynchttpclient.netty.handler.HttpHandler - 

Request DefaultHttpRequest(decodeResult: success, version: HTTP/1.1)
POST /session/788bacb72212ee0021461fbfb751fd6f/element/dff1062e-9dee-46c4-b03d-aaa41b716146/clear HTTP/1.1
User-Agent: selenium/4.8.1 (java windows)
Content-Length: 50
Content-Type: application/json; charset=utf-8
host: localhost:18342
accept: */*

Response DefaultHttpResponse(decodeResult: success, version: HTTP/1.1)
HTTP/1.1 200 OK
Content-Length: 14
Content-Type: application/json; charset=utf-8
cache-control: no-cache

20:19:59.305 [AsyncHttpClient-1-29] DEBUG org.asynchttpclient.netty.channel.ChannelManager - Adding key: http://localhost:18342 for channel [id: 0xf6a68f43, L:/127.0.0.1:55269 - R:localhost/127.0.0.1:18342]
20:19:59.306 [Forwarding sendKeysToElement on session 788bacb72212ee0021461fbfb751fd6f to remote] DEBUG org.asynchttpclient.netty.request.NettyRequestSender - Using pooled Channel '[id: 0xf6a68f43, L:/127.0.0.1:55269 - R:localhost/127.0.0.1:18342]' for 'POST' to 'http://localhost:18342/session/788bacb72212ee0021461fbfb751fd6f/element/dff1062e-9dee-46c4-b03d-aaa41b716146/value'
20:19:59.306 [Forwarding sendKeysToElement on session 788bacb72212ee0021461fbfb751fd6f to remote] DEBUG org.asynchttpclient.netty.request.NettyRequestSender - Using open Channel [id: 0xf6a68f43, L:/127.0.0.1:55269 - R:localhost/127.0.0.1:18342] for POST '/session/788bacb72212ee0021461fbfb751fd6f/element/dff1062e-9dee-46c4-b03d-aaa41b716146/value'
20:19:59.333 [AsyncHttpClient-1-29] DEBUG org.asynchttpclient.netty.handler.HttpHandler - 

Request DefaultHttpRequest(decodeResult: success, version: HTTP/1.1)
POST /session/788bacb72212ee0021461fbfb751fd6f/element/dff1062e-9dee-46c4-b03d-aaa41b716146/value HTTP/1.1
User-Agent: selenium/4.8.1 (java windows)
Content-Length: 82
Content-Type: application/json; charset=utf-8
host: localhost:18342
accept: */*

Response DefaultHttpResponse(decodeResult: success, version: HTTP/1.1)
HTTP/1.1 200 OK
Content-Length: 14
Content-Type: application/json; charset=utf-8
cache-control: no-cache

20:19:59.333 [AsyncHttpClient-1-29] DEBUG org.asynchttpclient.netty.channel.ChannelManager - Adding key: http://localhost:18342 for channel [id: 0xf6a68f43, L:/127.0.0.1:55269 - R:localhost/127.0.0.1:18342]
20:19:59.339 [Forwarding getAlertText on session 788bacb72212ee0021461fbfb751fd6f to remote] DEBUG org.asynchttpclient.netty.request.NettyRequestSender - Using pooled Channel '[id: 0xf6a68f43, L:/127.0.0.1:55269 - R:localhost/127.0.0.1:18342]' for 'GET' to 'http://localhost:18342/session/788bacb72212ee0021461fbfb751fd6f/alert/text'
20:19:59.339 [Forwarding getAlertText on session 788bacb72212ee0021461fbfb751fd6f to remote] DEBUG org.asynchttpclient.netty.request.NettyRequestSender - Using open Channel [id: 0xf6a68f43, L:/127.0.0.1:55269 - R:localhost/127.0.0.1:18342] for GET '/session/788bacb72212ee0021461fbfb751fd6f/alert/text'
20:19:59.341 [AsyncHttpClient-1-29] DEBUG org.asynchttpclient.netty.handler.HttpHandler - 

Request DefaultFullHttpRequest(decodeResult: success, version: HTTP/1.1, content: EmptyByteBufBE)
GET /session/788bacb72212ee0021461fbfb751fd6f/alert/text HTTP/1.1
User-Agent: selenium/4.8.1 (java windows)
Cache-Control: no-cache
Content-Type: application/json; charset=utf-8
host: localhost:18342
accept: */*

Response DefaultHttpResponse(decodeResult: success, version: HTTP/1.1)
HTTP/1.1 404 Not Found
Content-Length: 836
Content-Type: application/json; charset=utf-8
cache-control: no-cache

20:19:59.341 [AsyncHttpClient-1-29] DEBUG org.asynchttpclient.netty.channel.ChannelManager - Adding key: http://localhost:18342 for channel [id: 0xf6a68f43, L:/127.0.0.1:55269 - R:localhost/127.0.0.1:18342]
20:19:59.342 [Forwarding getCurrentUrl on session 788bacb72212ee0021461fbfb751fd6f to remote] DEBUG org.asynchttpclient.netty.request.NettyRequestSender - Using pooled Channel '[id: 0xf6a68f43, L:/127.0.0.1:55269 - R:localhost/127.0.0.1:18342]' for 'GET' to 'http://localhost:18342/session/788bacb72212ee0021461fbfb751fd6f/url'
20:19:59.342 [Forwarding getCurrentUrl on session 788bacb72212ee0021461fbfb751fd6f to remote] DEBUG org.asynchttpclient.netty.request.NettyRequestSender - Using open Channel [id: 0xf6a68f43, L:/127.0.0.1:55269 - R:localhost/127.0.0.1:18342] for GET '/session/788bacb72212ee0021461fbfb751fd6f/url'
20:19:59.344 [AsyncHttpClient-1-29] DEBUG org.asynchttpclient.netty.handler.HttpHandler - 

Request DefaultFullHttpRequest(decodeResult: success, version: HTTP/1.1, content: EmptyByteBufBE)
GET /session/788bacb72212ee0021461fbfb751fd6f/url HTTP/1.1
User-Agent: selenium/4.8.1 (java windows)
Cache-Control: no-cache
Content-Type: application/json; charset=utf-8
host: localhost:18342
accept: */*

Response DefaultHttpResponse(decodeResult: success, version: HTTP/1.1)
HTTP/1.1 200 OK
Content-Length: 51
Content-Type: application/json; charset=utf-8
cache-control: no-cache

20:19:59.344 [AsyncHttpClient-1-29] DEBUG org.asynchttpclient.netty.channel.ChannelManager - Adding key: http://localhost:18342 for channel [id: 0xf6a68f43, L:/127.0.0.1:55269 - R:localhost/127.0.0.1:18342]
20:19:59.345 [Forwarding screenshot on session 788bacb72212ee0021461fbfb751fd6f to remote] DEBUG org.asynchttpclient.netty.request.NettyRequestSender - Using pooled Channel '[id: 0xf6a68f43, L:/127.0.0.1:55269 - R:localhost/127.0.0.1:18342]' for 'GET' to 'http://localhost:18342/session/788bacb72212ee0021461fbfb751fd6f/screenshot'
20:19:59.345 [Forwarding screenshot on session 788bacb72212ee0021461fbfb751fd6f to remote] DEBUG org.asynchttpclient.netty.request.NettyRequestSender - Using open Channel [id: 0xf6a68f43, L:/127.0.0.1:55269 - R:localhost/127.0.0.1:18342] for GET '/session/788bacb72212ee0021461fbfb751fd6f/screenshot'
20:19:59.466 [AsyncHttpClient-1-29] DEBUG org.asynchttpclient.netty.handler.HttpHandler - 

Request DefaultFullHttpRequest(decodeResult: success, version: HTTP/1.1, content: EmptyByteBufBE)
GET /session/788bacb72212ee0021461fbfb751fd6f/screenshot HTTP/1.1
User-Agent: selenium/4.8.1 (java windows)
Cache-Control: no-cache
Content-Type: application/json; charset=utf-8
host: localhost:18342
accept: */*

Response DefaultHttpResponse(decodeResult: success, version: HTTP/1.1)
HTTP/1.1 200 OK
Content-Length: 25600
Content-Type: application/json; charset=utf-8
cache-control: no-cache

20:19:59.466 [AsyncHttpClient-1-29] DEBUG org.asynchttpclient.netty.channel.ChannelManager - Adding key: http://localhost:18342 for channel [id: 0xf6a68f43, L:/127.0.0.1:55269 - R:localhost/127.0.0.1:18342]
20:19:59.467 [main] DEBUG net.serenitybdd.core.photography.Darkroom - Send negative for processing for target\site\serenity\592ba63fbe1f637d7d7503465d98f97f85dae2ca5a0f467ce55b125976bdbacc.png
20:19:59.467 [main] DEBUG net.thucydides.core.steps.StepInterceptor - STEP DONE: inputEmail
20:19:59.467 [Darkroom Processing Line] DEBUG net.serenitybdd.core.photography.DarkroomProcessingLine - Processing screenshot image in /var/screenshots/screenshot-3238091687341398146
20:19:59.467 [Darkroom Processing Line] DEBUG net.serenitybdd.core.photography.DarkroomProcessingLine - Saving screenshot to target\site\serenity\592ba63fbe1f637d7d7503465d98f97f85dae2ca5a0f467ce55b125976bdbacc.png
  &amp#27;[32mAnd &amp#27;[0m&amp#27;[32mI enter empty email&amp#27;[0m                &amp#27;[90m# starter.stepdefinitions.LoginSteps.inputEmptyEmail()&amp#27;[0m
20:19:59.475 [Forwarding getPageSource on session 788bacb72212ee0021461fbfb751fd6f to remote] DEBUG org.asynchttpclient.netty.request.NettyRequestSender - Using pooled Channel '[id: 0xf6a68f43, L:/127.0.0.1:55269 - R:localhost/127.0.0.1:18342]' for 'POST' to 'http://localhost:18342/session/788bacb72212ee0021461fbfb751fd6f/execute/sync'
20:19:59.475 [Forwarding getPageSource on session 788bacb72212ee0021461fbfb751fd6f to remote] DEBUG org.asynchttpclient.netty.request.NettyRequestSender - Using open Channel [id: 0xf6a68f43, L:/127.0.0.1:55269 - R:localhost/127.0.0.1:18342] for POST '/session/788bacb72212ee0021461fbfb751fd6f/execute/sync'
20:19:59.482 [AsyncHttpClient-1-29] DEBUG org.asynchttpclient.netty.handler.HttpHandler - 

Request DefaultHttpRequest(decodeResult: success, version: HTTP/1.1)
POST /session/788bacb72212ee0021461fbfb751fd6f/execute/sync HTTP/1.1
User-Agent: selenium/4.8.1 (java windows)
Content-Length: 176
Content-Type: application/json; charset=utf-8
host: localhost:18342
accept: */*

Response DefaultHttpResponse(decodeResult: success, version: HTTP/1.1)
HTTP/1.1 200 OK
Content-Length: 21737
Content-Type: application/json; charset=utf-8
cache-control: no-cache

20:19:59.483 [AsyncHttpClient-1-29] DEBUG org.asynchttpclient.netty.channel.ChannelManager - Adding key: http://localhost:18342 for channel [id: 0xf6a68f43, L:/127.0.0.1:55269 - R:localhost/127.0.0.1:18342]
20:19:59.485 [Forwarding getCurrentUrl on session 788bacb72212ee0021461fbfb751fd6f to remote] DEBUG org.asynchttpclient.netty.request.NettyRequestSender - Using pooled Channel '[id: 0xf6a68f43, L:/127.0.0.1:55269 - R:localhost/127.0.0.1:18342]' for 'GET' to 'http://localhost:18342/session/788bacb72212ee0021461fbfb751fd6f/url'
20:19:59.485 [Forwarding getCurrentUrl on session 788bacb72212ee0021461fbfb751fd6f to remote] DEBUG org.asynchttpclient.netty.request.NettyRequestSender - Using open Channel [id: 0xf6a68f43, L:/127.0.0.1:55269 - R:localhost/127.0.0.1:18342] for GET '/session/788bacb72212ee0021461fbfb751fd6f/url'
20:19:59.487 [AsyncHttpClient-1-29] DEBUG org.asynchttpclient.netty.handler.HttpHandler - 

Request DefaultFullHttpRequest(decodeResult: success, version: HTTP/1.1, content: EmptyByteBufBE)
GET /session/788bacb72212ee0021461fbfb751fd6f/url HTTP/1.1
User-Agent: selenium/4.8.1 (java windows)
Cache-Control: no-cache
Content-Type: application/json; charset=utf-8
host: localhost:18342
accept: */*

Response DefaultHttpResponse(decodeResult: success, version: HTTP/1.1)
HTTP/1.1 200 OK
Content-Length: 51
Content-Type: application/json; charset=utf-8
cache-control: no-cache

20:19:59.488 [AsyncHttpClient-1-29] DEBUG org.asynchttpclient.netty.channel.ChannelManager - Adding key: http://localhost:18342 for channel [id: 0xf6a68f43, L:/127.0.0.1:55269 - R:localhost/127.0.0.1:18342]
20:19:59.497 [Forwarding getPageSource on session 788bacb72212ee0021461fbfb751fd6f to remote] DEBUG org.asynchttpclient.netty.request.NettyRequestSender - Using pooled Channel '[id: 0xf6a68f43, L:/127.0.0.1:55269 - R:localhost/127.0.0.1:18342]' for 'POST' to 'http://localhost:18342/session/788bacb72212ee0021461fbfb751fd6f/execute/sync'
20:19:59.497 [Forwarding getPageSource on session 788bacb72212ee0021461fbfb751fd6f to remote] DEBUG org.asynchttpclient.netty.request.NettyRequestSender - Using open Channel [id: 0xf6a68f43, L:/127.0.0.1:55269 - R:localhost/127.0.0.1:18342] for POST '/session/788bacb72212ee0021461fbfb751fd6f/execute/sync'
20:19:59.504 [AsyncHttpClient-1-29] DEBUG org.asynchttpclient.netty.handler.HttpHandler - 

Request DefaultHttpRequest(decodeResult: success, version: HTTP/1.1)
POST /session/788bacb72212ee0021461fbfb751fd6f/execute/sync HTTP/1.1
User-Agent: selenium/4.8.1 (java windows)
Content-Length: 176
Content-Type: application/json; charset=utf-8
host: localhost:18342
accept: */*

Response DefaultHttpResponse(decodeResult: success, version: HTTP/1.1)
HTTP/1.1 200 OK
Content-Length: 21737
Content-Type: application/json; charset=utf-8
cache-control: no-cache

20:19:59.504 [AsyncHttpClient-1-29] DEBUG org.asynchttpclient.netty.channel.ChannelManager - Adding key: http://localhost:18342 for channel [id: 0xf6a68f43, L:/127.0.0.1:55269 - R:localhost/127.0.0.1:18342]
20:19:59.507 [Forwarding getCurrentUrl on session 788bacb72212ee0021461fbfb751fd6f to remote] DEBUG org.asynchttpclient.netty.request.NettyRequestSender - Using pooled Channel '[id: 0xf6a68f43, L:/127.0.0.1:55269 - R:localhost/127.0.0.1:18342]' for 'GET' to 'http://localhost:18342/session/788bacb72212ee0021461fbfb751fd6f/url'
20:19:59.507 [Forwarding getCurrentUrl on session 788bacb72212ee0021461fbfb751fd6f to remote] DEBUG org.asynchttpclient.netty.request.NettyRequestSender - Using open Channel [id: 0xf6a68f43, L:/127.0.0.1:55269 - R:localhost/127.0.0.1:18342] for GET '/session/788bacb72212ee0021461fbfb751fd6f/url'
20:19:59.510 [AsyncHttpClient-1-29] DEBUG org.asynchttpclient.netty.handler.HttpHandler - 

Request DefaultFullHttpRequest(decodeResult: success, version: HTTP/1.1, content: EmptyByteBufBE)
GET /session/788bacb72212ee0021461fbfb751fd6f/url HTTP/1.1
User-Agent: selenium/4.8.1 (java windows)
Cache-Control: no-cache
Content-Type: application/json; charset=utf-8
host: localhost:18342
accept: */*

Response DefaultHttpResponse(decodeResult: success, version: HTTP/1.1)
HTTP/1.1 200 OK
Content-Length: 51
Content-Type: application/json; charset=utf-8
cache-control: no-cache

20:19:59.510 [AsyncHttpClient-1-29] DEBUG org.asynchttpclient.netty.channel.ChannelManager - Adding key: http://localhost:18342 for channel [id: 0xf6a68f43, L:/127.0.0.1:55269 - R:localhost/127.0.0.1:18342]
20:19:59.514 [main] DEBUG net.thucydides.core.steps.StepInterceptor - STARTING STEP: LoginSteps.inputEmptyPassword - inputPassword
20:19:59.517 [Forwarding findElement on session 788bacb72212ee0021461fbfb751fd6f to remote] DEBUG org.asynchttpclient.netty.request.NettyRequestSender - Using pooled Channel '[id: 0xf6a68f43, L:/127.0.0.1:55269 - R:localhost/127.0.0.1:18342]' for 'POST' to 'http://localhost:18342/session/788bacb72212ee0021461fbfb751fd6f/element'
20:19:59.517 [Forwarding findElement on session 788bacb72212ee0021461fbfb751fd6f to remote] DEBUG org.asynchttpclient.netty.request.NettyRequestSender - Using open Channel [id: 0xf6a68f43, L:/127.0.0.1:55269 - R:localhost/127.0.0.1:18342] for POST '/session/788bacb72212ee0021461fbfb751fd6f/element'
20:19:59.532 [AsyncHttpClient-1-29] DEBUG org.asynchttpclient.netty.handler.HttpHandler - 

Request DefaultHttpRequest(decodeResult: success, version: HTTP/1.1)
POST /session/788bacb72212ee0021461fbfb751fd6f/element HTTP/1.1
User-Agent: selenium/4.8.1 (java windows)
Content-Length: 55
Content-Type: application/json; charset=utf-8
host: localhost:18342
accept: */*

Response DefaultHttpResponse(decodeResult: success, version: HTTP/1.1)
HTTP/1.1 200 OK
Content-Length: 88
Content-Type: application/json; charset=utf-8
cache-control: no-cache

20:19:59.532 [AsyncHttpClient-1-29] DEBUG org.asynchttpclient.netty.channel.ChannelManager - Adding key: http://localhost:18342 for channel [id: 0xf6a68f43, L:/127.0.0.1:55269 - R:localhost/127.0.0.1:18342]
20:19:59.533 [Forwarding clearElement on session 788bacb72212ee0021461fbfb751fd6f to remote] DEBUG org.asynchttpclient.netty.request.NettyRequestSender - Using pooled Channel '[id: 0xf6a68f43, L:/127.0.0.1:55269 - R:localhost/127.0.0.1:18342]' for 'POST' to 'http://localhost:18342/session/788bacb72212ee0021461fbfb751fd6f/element/9db822ff-16cc-4662-b6d4-4895729e06f7/clear'
20:19:59.533 [Forwarding clearElement on session 788bacb72212ee0021461fbfb751fd6f to remote] DEBUG org.asynchttpclient.netty.request.NettyRequestSender - Using open Channel [id: 0xf6a68f43, L:/127.0.0.1:55269 - R:localhost/127.0.0.1:18342] for POST '/session/788bacb72212ee0021461fbfb751fd6f/element/9db822ff-16cc-4662-b6d4-4895729e06f7/clear'
20:19:59.571 [AsyncHttpClient-1-29] DEBUG org.asynchttpclient.netty.handler.HttpHandler - 

Request DefaultHttpRequest(decodeResult: success, version: HTTP/1.1)
POST /session/788bacb72212ee0021461fbfb751fd6f/element/9db822ff-16cc-4662-b6d4-4895729e06f7/clear HTTP/1.1
User-Agent: selenium/4.8.1 (java windows)
Content-Length: 50
Content-Type: application/json; charset=utf-8
host: localhost:18342
accept: */*

Response DefaultHttpResponse(decodeResult: success, version: HTTP/1.1)
HTTP/1.1 200 OK
Content-Length: 14
Content-Type: application/json; charset=utf-8
cache-control: no-cache

20:19:59.571 [AsyncHttpClient-1-29] DEBUG org.asynchttpclient.netty.channel.ChannelManager - Adding key: http://localhost:18342 for channel [id: 0xf6a68f43, L:/127.0.0.1:55269 - R:localhost/127.0.0.1:18342]
20:19:59.572 [Forwarding sendKeysToElement on session 788bacb72212ee0021461fbfb751fd6f to remote] DEBUG org.asynchttpclient.netty.request.NettyRequestSender - Using pooled Channel '[id: 0xf6a68f43, L:/127.0.0.1:55269 - R:localhost/127.0.0.1:18342]' for 'POST' to 'http://localhost:18342/session/788bacb72212ee0021461fbfb751fd6f/element/9db822ff-16cc-4662-b6d4-4895729e06f7/value'
20:19:59.572 [Forwarding sendKeysToElement on session 788bacb72212ee0021461fbfb751fd6f to remote] DEBUG org.asynchttpclient.netty.request.NettyRequestSender - Using open Channel [id: 0xf6a68f43, L:/127.0.0.1:55269 - R:localhost/127.0.0.1:18342] for POST '/session/788bacb72212ee0021461fbfb751fd6f/element/9db822ff-16cc-4662-b6d4-4895729e06f7/value'
20:19:59.609 [AsyncHttpClient-1-29] DEBUG org.asynchttpclient.netty.handler.HttpHandler - 

Request DefaultHttpRequest(decodeResult: success, version: HTTP/1.1)
POST /session/788bacb72212ee0021461fbfb751fd6f/element/9db822ff-16cc-4662-b6d4-4895729e06f7/value HTTP/1.1
User-Agent: selenium/4.8.1 (java windows)
Content-Length: 82
Content-Type: application/json; charset=utf-8
host: localhost:18342
accept: */*

Response DefaultHttpResponse(decodeResult: success, version: HTTP/1.1)
HTTP/1.1 200 OK
Content-Length: 14
Content-Type: application/json; charset=utf-8
cache-control: no-cache

20:19:59.609 [AsyncHttpClient-1-29] DEBUG org.asynchttpclient.netty.channel.ChannelManager - Adding key: http://localhost:18342 for channel [id: 0xf6a68f43, L:/127.0.0.1:55269 - R:localhost/127.0.0.1:18342]
20:19:59.612 [Forwarding getAlertText on session 788bacb72212ee0021461fbfb751fd6f to remote] DEBUG org.asynchttpclient.netty.request.NettyRequestSender - Using pooled Channel '[id: 0xf6a68f43, L:/127.0.0.1:55269 - R:localhost/127.0.0.1:18342]' for 'GET' to 'http://localhost:18342/session/788bacb72212ee0021461fbfb751fd6f/alert/text'
20:19:59.612 [Forwarding getAlertText on session 788bacb72212ee0021461fbfb751fd6f to remote] DEBUG org.asynchttpclient.netty.request.NettyRequestSender - Using open Channel [id: 0xf6a68f43, L:/127.0.0.1:55269 - R:localhost/127.0.0.1:18342] for GET '/session/788bacb72212ee0021461fbfb751fd6f/alert/text'
20:19:59.613 [AsyncHttpClient-1-29] DEBUG org.asynchttpclient.netty.handler.HttpHandler - 

Request DefaultFullHttpRequest(decodeResult: success, version: HTTP/1.1, content: EmptyByteBufBE)
GET /session/788bacb72212ee0021461fbfb751fd6f/alert/text HTTP/1.1
User-Agent: selenium/4.8.1 (java windows)
Cache-Control: no-cache
Content-Type: application/json; charset=utf-8
host: localhost:18342
accept: */*

Response DefaultHttpResponse(decodeResult: success, version: HTTP/1.1)
HTTP/1.1 404 Not Found
Content-Length: 836
Content-Type: application/json; charset=utf-8
cache-control: no-cache

20:19:59.613 [AsyncHttpClient-1-29] DEBUG org.asynchttpclient.netty.channel.ChannelManager - Adding key: http://localhost:18342 for channel [id: 0xf6a68f43, L:/127.0.0.1:55269 - R:localhost/127.0.0.1:18342]
20:19:59.614 [Forwarding getCurrentUrl on session 788bacb72212ee0021461fbfb751fd6f to remote] DEBUG org.asynchttpclient.netty.request.NettyRequestSender - Using pooled Channel '[id: 0xf6a68f43, L:/127.0.0.1:55269 - R:localhost/127.0.0.1:18342]' for 'GET' to 'http://localhost:18342/session/788bacb72212ee0021461fbfb751fd6f/url'
20:19:59.614 [Forwarding getCurrentUrl on session 788bacb72212ee0021461fbfb751fd6f to remote] DEBUG org.asynchttpclient.netty.request.NettyRequestSender - Using open Channel [id: 0xf6a68f43, L:/127.0.0.1:55269 - R:localhost/127.0.0.1:18342] for GET '/session/788bacb72212ee0021461fbfb751fd6f/url'
20:19:59.618 [AsyncHttpClient-1-29] DEBUG org.asynchttpclient.netty.handler.HttpHandler - 

Request DefaultFullHttpRequest(decodeResult: success, version: HTTP/1.1, content: EmptyByteBufBE)
GET /session/788bacb72212ee0021461fbfb751fd6f/url HTTP/1.1
User-Agent: selenium/4.8.1 (java windows)
Cache-Control: no-cache
Content-Type: application/json; charset=utf-8
host: localhost:18342
accept: */*

Response DefaultHttpResponse(decodeResult: success, version: HTTP/1.1)
HTTP/1.1 200 OK
Content-Length: 51
Content-Type: application/json; charset=utf-8
cache-control: no-cache

20:19:59.618 [AsyncHttpClient-1-29] DEBUG org.asynchttpclient.netty.channel.ChannelManager - Adding key: http://localhost:18342 for channel [id: 0xf6a68f43, L:/127.0.0.1:55269 - R:localhost/127.0.0.1:18342]
20:19:59.618 [Forwarding screenshot on session 788bacb72212ee0021461fbfb751fd6f to remote] DEBUG org.asynchttpclient.netty.request.NettyRequestSender - Using pooled Channel '[id: 0xf6a68f43, L:/127.0.0.1:55269 - R:localhost/127.0.0.1:18342]' for 'GET' to 'http://localhost:18342/session/788bacb72212ee0021461fbfb751fd6f/screenshot'
20:19:59.618 [Forwarding screenshot on session 788bacb72212ee0021461fbfb751fd6f to remote] DEBUG org.asynchttpclient.netty.request.NettyRequestSender - Using open Channel [id: 0xf6a68f43, L:/127.0.0.1:55269 - R:localhost/127.0.0.1:18342] for GET '/session/788bacb72212ee0021461fbfb751fd6f/screenshot'
20:19:59.703 [AsyncHttpClient-1-29] DEBUG org.asynchttpclient.netty.handler.HttpHandler - 

Request DefaultFullHttpRequest(decodeResult: success, version: HTTP/1.1, content: EmptyByteBufBE)
GET /session/788bacb72212ee0021461fbfb751fd6f/screenshot HTTP/1.1
User-Agent: selenium/4.8.1 (java windows)
Cache-Control: no-cache
Content-Type: application/json; charset=utf-8
host: localhost:18342
accept: */*

Response DefaultHttpResponse(decodeResult: success, version: HTTP/1.1)
HTTP/1.1 200 OK
Content-Length: 26240
Content-Type: application/json; charset=utf-8
cache-control: no-cache

20:19:59.703 [AsyncHttpClient-1-29] DEBUG org.asynchttpclient.netty.channel.ChannelManager - Adding key: http://localhost:18342 for channel [id: 0xf6a68f43, L:/127.0.0.1:55269 - R:localhost/127.0.0.1:18342]
20:19:59.704 [main] DEBUG net.serenitybdd.core.photography.Darkroom - Send negative for processing for target\site\serenity\10b2ec668a91c2f7b46dff4547c7f3b0cb7088d15a0291b70e648f729a737a1a.png
20:19:59.704 [main] DEBUG net.thucydides.core.steps.StepInterceptor - STEP DONE: inputPassword
  &amp#27;[32mAnd &amp#27;[0m&amp#27;[32mI enter empty password&amp#27;[0m             &amp#27;[90m# starter.stepdefinitions.LoginSteps.inputEmptyPassword()&amp#27;[0m
20:19:59.704 [Darkroom Processing Line] DEBUG net.serenitybdd.core.photography.DarkroomProcessingLine - Processing screenshot image in /var/screenshots/screenshot-1591576556399855141
20:19:59.704 [Darkroom Processing Line] DEBUG net.serenitybdd.core.photography.DarkroomProcessingLine - Saving screenshot to target\site\serenity\10b2ec668a91c2f7b46dff4547c7f3b0cb7088d15a0291b70e648f729a737a1a.png
20:19:59.711 [Forwarding getPageSource on session 788bacb72212ee0021461fbfb751fd6f to remote] DEBUG org.asynchttpclient.netty.request.NettyRequestSender - Using pooled Channel '[id: 0xf6a68f43, L:/127.0.0.1:55269 - R:localhost/127.0.0.1:18342]' for 'POST' to 'http://localhost:18342/session/788bacb72212ee0021461fbfb751fd6f/execute/sync'
20:19:59.711 [Forwarding getPageSource on session 788bacb72212ee0021461fbfb751fd6f to remote] DEBUG org.asynchttpclient.netty.request.NettyRequestSender - Using open Channel [id: 0xf6a68f43, L:/127.0.0.1:55269 - R:localhost/127.0.0.1:18342] for POST '/session/788bacb72212ee0021461fbfb751fd6f/execute/sync'
20:19:59.715 [AsyncHttpClient-1-29] DEBUG org.asynchttpclient.netty.handler.HttpHandler - 

Request DefaultHttpRequest(decodeResult: success, version: HTTP/1.1)
POST /session/788bacb72212ee0021461fbfb751fd6f/execute/sync HTTP/1.1
User-Agent: selenium/4.8.1 (java windows)
Content-Length: 176
Content-Type: application/json; charset=utf-8
host: localhost:18342
accept: */*

Response DefaultHttpResponse(decodeResult: success, version: HTTP/1.1)
HTTP/1.1 200 OK
Content-Length: 21737
Content-Type: application/json; charset=utf-8
cache-control: no-cache

20:19:59.715 [AsyncHttpClient-1-29] DEBUG org.asynchttpclient.netty.channel.ChannelManager - Adding key: http://localhost:18342 for channel [id: 0xf6a68f43, L:/127.0.0.1:55269 - R:localhost/127.0.0.1:18342]
20:19:59.716 [Forwarding getCurrentUrl on session 788bacb72212ee0021461fbfb751fd6f to remote] DEBUG org.asynchttpclient.netty.request.NettyRequestSender - Using pooled Channel '[id: 0xf6a68f43, L:/127.0.0.1:55269 - R:localhost/127.0.0.1:18342]' for 'GET' to 'http://localhost:18342/session/788bacb72212ee0021461fbfb751fd6f/url'
20:19:59.716 [Forwarding getCurrentUrl on session 788bacb72212ee0021461fbfb751fd6f to remote] DEBUG org.asynchttpclient.netty.request.NettyRequestSender - Using open Channel [id: 0xf6a68f43, L:/127.0.0.1:55269 - R:localhost/127.0.0.1:18342] for GET '/session/788bacb72212ee0021461fbfb751fd6f/url'
20:19:59.718 [AsyncHttpClient-1-29] DEBUG org.asynchttpclient.netty.handler.HttpHandler - 

Request DefaultFullHttpRequest(decodeResult: success, version: HTTP/1.1, content: EmptyByteBufBE)
GET /session/788bacb72212ee0021461fbfb751fd6f/url HTTP/1.1
User-Agent: selenium/4.8.1 (java windows)
Cache-Control: no-cache
Content-Type: application/json; charset=utf-8
host: localhost:18342
accept: */*

Response DefaultHttpResponse(decodeResult: success, version: HTTP/1.1)
HTTP/1.1 200 OK
Content-Length: 51
Content-Type: application/json; charset=utf-8
cache-control: no-cache

20:19:59.718 [AsyncHttpClient-1-29] DEBUG org.asynchttpclient.netty.channel.ChannelManager - Adding key: http://localhost:18342 for channel [id: 0xf6a68f43, L:/127.0.0.1:55269 - R:localhost/127.0.0.1:18342]
20:19:59.725 [Forwarding getPageSource on session 788bacb72212ee0021461fbfb751fd6f to remote] DEBUG org.asynchttpclient.netty.request.NettyRequestSender - Using pooled Channel '[id: 0xf6a68f43, L:/127.0.0.1:55269 - R:localhost/127.0.0.1:18342]' for 'POST' to 'http://localhost:18342/session/788bacb72212ee0021461fbfb751fd6f/execute/sync'
20:19:59.725 [Forwarding getPageSource on session 788bacb72212ee0021461fbfb751fd6f to remote] DEBUG org.asynchttpclient.netty.request.NettyRequestSender - Using open Channel [id: 0xf6a68f43, L:/127.0.0.1:55269 - R:localhost/127.0.0.1:18342] for POST '/session/788bacb72212ee0021461fbfb751fd6f/execute/sync'
20:19:59.729 [AsyncHttpClient-1-29] DEBUG org.asynchttpclient.netty.handler.HttpHandler - 

Request DefaultHttpRequest(decodeResult: success, version: HTTP/1.1)
POST /session/788bacb72212ee0021461fbfb751fd6f/execute/sync HTTP/1.1
User-Agent: selenium/4.8.1 (java windows)
Content-Length: 176
Content-Type: application/json; charset=utf-8
host: localhost:18342
accept: */*

Response DefaultHttpResponse(decodeResult: success, version: HTTP/1.1)
HTTP/1.1 200 OK
Content-Length: 21737
Content-Type: application/json; charset=utf-8
cache-control: no-cache

20:19:59.729 [AsyncHttpClient-1-29] DEBUG org.asynchttpclient.netty.channel.ChannelManager - Adding key: http://localhost:18342 for channel [id: 0xf6a68f43, L:/127.0.0.1:55269 - R:localhost/127.0.0.1:18342]
20:19:59.731 [Forwarding getCurrentUrl on session 788bacb72212ee0021461fbfb751fd6f to remote] DEBUG org.asynchttpclient.netty.request.NettyRequestSender - Using pooled Channel '[id: 0xf6a68f43, L:/127.0.0.1:55269 - R:localhost/127.0.0.1:18342]' for 'GET' to 'http://localhost:18342/session/788bacb72212ee0021461fbfb751fd6f/url'
20:19:59.731 [Forwarding getCurrentUrl on session 788bacb72212ee0021461fbfb751fd6f to remote] DEBUG org.asynchttpclient.netty.request.NettyRequestSender - Using open Channel [id: 0xf6a68f43, L:/127.0.0.1:55269 - R:localhost/127.0.0.1:18342] for GET '/session/788bacb72212ee0021461fbfb751fd6f/url'
20:19:59.733 [AsyncHttpClient-1-29] DEBUG org.asynchttpclient.netty.handler.HttpHandler - 

Request DefaultFullHttpRequest(decodeResult: success, version: HTTP/1.1, content: EmptyByteBufBE)
GET /session/788bacb72212ee0021461fbfb751fd6f/url HTTP/1.1
User-Agent: selenium/4.8.1 (java windows)
Cache-Control: no-cache
Content-Type: application/json; charset=utf-8
host: localhost:18342
accept: */*

Response DefaultHttpResponse(decodeResult: success, version: HTTP/1.1)
HTTP/1.1 200 OK
Content-Length: 51
Content-Type: application/json; charset=utf-8
cache-control: no-cache

20:19:59.733 [AsyncHttpClient-1-29] DEBUG org.asynchttpclient.netty.channel.ChannelManager - Adding key: http://localhost:18342 for channel [id: 0xf6a68f43, L:/127.0.0.1:55269 - R:localhost/127.0.0.1:18342]
20:19:59.735 [main] DEBUG net.thucydides.core.steps.StepInterceptor - STARTING STEP: LoginSteps.clickLoginButton - clickLoginButton
20:19:59.737 [Forwarding findElement on session 788bacb72212ee0021461fbfb751fd6f to remote] DEBUG org.asynchttpclient.netty.request.NettyRequestSender - Using pooled Channel '[id: 0xf6a68f43, L:/127.0.0.1:55269 - R:localhost/127.0.0.1:18342]' for 'POST' to 'http://localhost:18342/session/788bacb72212ee0021461fbfb751fd6f/element'
20:19:59.737 [Forwarding findElement on session 788bacb72212ee0021461fbfb751fd6f to remote] DEBUG org.asynchttpclient.netty.request.NettyRequestSender - Using open Channel [id: 0xf6a68f43, L:/127.0.0.1:55269 - R:localhost/127.0.0.1:18342] for POST '/session/788bacb72212ee0021461fbfb751fd6f/element'
20:19:59.746 [AsyncHttpClient-1-29] DEBUG org.asynchttpclient.netty.handler.HttpHandler - 

Request DefaultHttpRequest(decodeResult: success, version: HTTP/1.1)
POST /session/788bacb72212ee0021461fbfb751fd6f/element HTTP/1.1
User-Agent: selenium/4.8.1 (java windows)
Content-Length: 71
Content-Type: application/json; charset=utf-8
host: localhost:18342
accept: */*

Response DefaultHttpResponse(decodeResult: success, version: HTTP/1.1)
HTTP/1.1 200 OK
Content-Length: 88
Content-Type: application/json; charset=utf-8
cache-control: no-cache

20:19:59.746 [AsyncHttpClient-1-29] DEBUG org.asynchttpclient.netty.channel.ChannelManager - Adding key: http://localhost:18342 for channel [id: 0xf6a68f43, L:/127.0.0.1:55269 - R:localhost/127.0.0.1:18342]
20:19:59.747 [Forwarding getElementTagName on session 788bacb72212ee0021461fbfb751fd6f to remote] DEBUG org.asynchttpclient.netty.request.NettyRequestSender - Using pooled Channel '[id: 0xf6a68f43, L:/127.0.0.1:55269 - R:localhost/127.0.0.1:18342]' for 'GET' to 'http://localhost:18342/session/788bacb72212ee0021461fbfb751fd6f/element/7a9947ef-fdc6-4f18-a4b1-c2c71c26b006/name'
20:19:59.747 [Forwarding getElementTagName on session 788bacb72212ee0021461fbfb751fd6f to remote] DEBUG org.asynchttpclient.netty.request.NettyRequestSender - Using open Channel [id: 0xf6a68f43, L:/127.0.0.1:55269 - R:localhost/127.0.0.1:18342] for GET '/session/788bacb72212ee0021461fbfb751fd6f/element/7a9947ef-fdc6-4f18-a4b1-c2c71c26b006/name'
20:19:59.751 [AsyncHttpClient-1-29] DEBUG org.asynchttpclient.netty.handler.HttpHandler - 

Request DefaultFullHttpRequest(decodeResult: success, version: HTTP/1.1, content: EmptyByteBufBE)
GET /session/788bacb72212ee0021461fbfb751fd6f/element/7a9947ef-fdc6-4f18-a4b1-c2c71c26b006/name HTTP/1.1
User-Agent: selenium/4.8.1 (java windows)
Cache-Control: no-cache
Content-Type: application/json; charset=utf-8
host: localhost:18342
accept: */*

Response DefaultHttpResponse(decodeResult: success, version: HTTP/1.1)
HTTP/1.1 200 OK
Content-Length: 18
Content-Type: application/json; charset=utf-8
cache-control: no-cache

20:19:59.751 [AsyncHttpClient-1-29] DEBUG org.asynchttpclient.netty.channel.ChannelManager - Adding key: http://localhost:18342 for channel [id: 0xf6a68f43, L:/127.0.0.1:55269 - R:localhost/127.0.0.1:18342]
20:19:59.751 [Forwarding getElementTagName on session 788bacb72212ee0021461fbfb751fd6f to remote] DEBUG org.asynchttpclient.netty.request.NettyRequestSender - Using pooled Channel '[id: 0xf6a68f43, L:/127.0.0.1:55269 - R:localhost/127.0.0.1:18342]' for 'GET' to 'http://localhost:18342/session/788bacb72212ee0021461fbfb751fd6f/element/7a9947ef-fdc6-4f18-a4b1-c2c71c26b006/name'
20:19:59.751 [Forwarding getElementTagName on session 788bacb72212ee0021461fbfb751fd6f to remote] DEBUG org.asynchttpclient.netty.request.NettyRequestSender - Using open Channel [id: 0xf6a68f43, L:/127.0.0.1:55269 - R:localhost/127.0.0.1:18342] for GET '/session/788bacb72212ee0021461fbfb751fd6f/element/7a9947ef-fdc6-4f18-a4b1-c2c71c26b006/name'
20:19:59.754 [AsyncHttpClient-1-29] DEBUG org.asynchttpclient.netty.handler.HttpHandler - 

Request DefaultFullHttpRequest(decodeResult: success, version: HTTP/1.1, content: EmptyByteBufBE)
GET /session/788bacb72212ee0021461fbfb751fd6f/element/7a9947ef-fdc6-4f18-a4b1-c2c71c26b006/name HTTP/1.1
User-Agent: selenium/4.8.1 (java windows)
Cache-Control: no-cache
Content-Type: application/json; charset=utf-8
host: localhost:18342
accept: */*

Response DefaultHttpResponse(decodeResult: success, version: HTTP/1.1)
HTTP/1.1 200 OK
Content-Length: 18
Content-Type: application/json; charset=utf-8
cache-control: no-cache

20:19:59.754 [AsyncHttpClient-1-29] DEBUG org.asynchttpclient.netty.channel.ChannelManager - Adding key: http://localhost:18342 for channel [id: 0xf6a68f43, L:/127.0.0.1:55269 - R:localhost/127.0.0.1:18342]
20:19:59.756 [Forwarding isElementEnabled on session 788bacb72212ee0021461fbfb751fd6f to remote] DEBUG org.asynchttpclient.netty.request.NettyRequestSender - Using pooled Channel '[id: 0xf6a68f43, L:/127.0.0.1:55269 - R:localhost/127.0.0.1:18342]' for 'GET' to 'http://localhost:18342/session/788bacb72212ee0021461fbfb751fd6f/element/7a9947ef-fdc6-4f18-a4b1-c2c71c26b006/enabled'
20:19:59.756 [Forwarding isElementEnabled on session 788bacb72212ee0021461fbfb751fd6f to remote] DEBUG org.asynchttpclient.netty.request.NettyRequestSender - Using open Channel [id: 0xf6a68f43, L:/127.0.0.1:55269 - R:localhost/127.0.0.1:18342] for GET '/session/788bacb72212ee0021461fbfb751fd6f/element/7a9947ef-fdc6-4f18-a4b1-c2c71c26b006/enabled'
20:19:59.764 [AsyncHttpClient-1-29] DEBUG org.asynchttpclient.netty.handler.HttpHandler - 

Request DefaultFullHttpRequest(decodeResult: success, version: HTTP/1.1, content: EmptyByteBufBE)
GET /session/788bacb72212ee0021461fbfb751fd6f/element/7a9947ef-fdc6-4f18-a4b1-c2c71c26b006/enabled HTTP/1.1
User-Agent: selenium/4.8.1 (java windows)
Cache-Control: no-cache
Content-Type: application/json; charset=utf-8
host: localhost:18342
accept: */*

Response DefaultHttpResponse(decodeResult: success, version: HTTP/1.1)
HTTP/1.1 200 OK
Content-Length: 14
Content-Type: application/json; charset=utf-8
cache-control: no-cache

20:19:59.764 [AsyncHttpClient-1-29] DEBUG org.asynchttpclient.netty.channel.ChannelManager - Adding key: http://localhost:18342 for channel [id: 0xf6a68f43, L:/127.0.0.1:55269 - R:localhost/127.0.0.1:18342]
20:19:59.765 [Forwarding isElementEnabled on session 788bacb72212ee0021461fbfb751fd6f to remote] DEBUG org.asynchttpclient.netty.request.NettyRequestSender - Using pooled Channel '[id: 0xf6a68f43, L:/127.0.0.1:55269 - R:localhost/127.0.0.1:18342]' for 'GET' to 'http://localhost:18342/session/788bacb72212ee0021461fbfb751fd6f/element/7a9947ef-fdc6-4f18-a4b1-c2c71c26b006/enabled'
20:19:59.765 [Forwarding isElementEnabled on session 788bacb72212ee0021461fbfb751fd6f to remote] DEBUG org.asynchttpclient.netty.request.NettyRequestSender - Using open Channel [id: 0xf6a68f43, L:/127.0.0.1:55269 - R:localhost/127.0.0.1:18342] for GET '/session/788bacb72212ee0021461fbfb751fd6f/element/7a9947ef-fdc6-4f18-a4b1-c2c71c26b006/enabled'
20:19:59.771 [AsyncHttpClient-1-29] DEBUG org.asynchttpclient.netty.handler.HttpHandler - 

Request DefaultFullHttpRequest(decodeResult: success, version: HTTP/1.1, content: EmptyByteBufBE)
GET /session/788bacb72212ee0021461fbfb751fd6f/element/7a9947ef-fdc6-4f18-a4b1-c2c71c26b006/enabled HTTP/1.1
User-Agent: selenium/4.8.1 (java windows)
Cache-Control: no-cache
Content-Type: application/json; charset=utf-8
host: localhost:18342
accept: */*

Response DefaultHttpResponse(decodeResult: success, version: HTTP/1.1)
HTTP/1.1 200 OK
Content-Length: 14
Content-Type: application/json; charset=utf-8
cache-control: no-cache

20:19:59.771 [AsyncHttpClient-1-29] DEBUG org.asynchttpclient.netty.channel.ChannelManager - Adding key: http://localhost:18342 for channel [id: 0xf6a68f43, L:/127.0.0.1:55269 - R:localhost/127.0.0.1:18342]
20:19:59.772 [Forwarding findElement on session 788bacb72212ee0021461fbfb751fd6f to remote] DEBUG org.asynchttpclient.netty.request.NettyRequestSender - Using pooled Channel '[id: 0xf6a68f43, L:/127.0.0.1:55269 - R:localhost/127.0.0.1:18342]' for 'POST' to 'http://localhost:18342/session/788bacb72212ee0021461fbfb751fd6f/element'
20:19:59.772 [Forwarding findElement on session 788bacb72212ee0021461fbfb751fd6f to remote] DEBUG org.asynchttpclient.netty.request.NettyRequestSender - Using open Channel [id: 0xf6a68f43, L:/127.0.0.1:55269 - R:localhost/127.0.0.1:18342] for POST '/session/788bacb72212ee0021461fbfb751fd6f/element'
20:19:59.778 [AsyncHttpClient-1-29] DEBUG org.asynchttpclient.netty.handler.HttpHandler - 

Request DefaultHttpRequest(decodeResult: success, version: HTTP/1.1)
POST /session/788bacb72212ee0021461fbfb751fd6f/element HTTP/1.1
User-Agent: selenium/4.8.1 (java windows)
Content-Length: 71
Content-Type: application/json; charset=utf-8
host: localhost:18342
accept: */*

Response DefaultHttpResponse(decodeResult: success, version: HTTP/1.1)
HTTP/1.1 200 OK
Content-Length: 88
Content-Type: application/json; charset=utf-8
cache-control: no-cache

20:19:59.778 [AsyncHttpClient-1-29] DEBUG org.asynchttpclient.netty.channel.ChannelManager - Adding key: http://localhost:18342 for channel [id: 0xf6a68f43, L:/127.0.0.1:55269 - R:localhost/127.0.0.1:18342]
20:19:59.779 [Forwarding clickElement on session 788bacb72212ee0021461fbfb751fd6f to remote] DEBUG org.asynchttpclient.netty.request.NettyRequestSender - Using pooled Channel '[id: 0xf6a68f43, L:/127.0.0.1:55269 - R:localhost/127.0.0.1:18342]' for 'POST' to 'http://localhost:18342/session/788bacb72212ee0021461fbfb751fd6f/element/7a9947ef-fdc6-4f18-a4b1-c2c71c26b006/click'
20:19:59.779 [Forwarding clickElement on session 788bacb72212ee0021461fbfb751fd6f to remote] DEBUG org.asynchttpclient.netty.request.NettyRequestSender - Using open Channel [id: 0xf6a68f43, L:/127.0.0.1:55269 - R:localhost/127.0.0.1:18342] for POST '/session/788bacb72212ee0021461fbfb751fd6f/element/7a9947ef-fdc6-4f18-a4b1-c2c71c26b006/click'
20:19:59.815 [AsyncHttpClient-1-29] DEBUG org.asynchttpclient.netty.handler.HttpHandler - 

Request DefaultHttpRequest(decodeResult: success, version: HTTP/1.1)
POST /session/788bacb72212ee0021461fbfb751fd6f/element/7a9947ef-fdc6-4f18-a4b1-c2c71c26b006/click HTTP/1.1
User-Agent: selenium/4.8.1 (java windows)
Content-Length: 50
Content-Type: application/json; charset=utf-8
host: localhost:18342
accept: */*

Response DefaultHttpResponse(decodeResult: success, version: HTTP/1.1)
HTTP/1.1 200 OK
Content-Length: 14
Content-Type: application/json; charset=utf-8
cache-control: no-cache

20:19:59.815 [AsyncHttpClient-1-29] DEBUG org.asynchttpclient.netty.channel.ChannelManager - Adding key: http://localhost:18342 for channel [id: 0xf6a68f43, L:/127.0.0.1:55269 - R:localhost/127.0.0.1:18342]
20:19:59.820 [Forwarding getAlertText on session 788bacb72212ee0021461fbfb751fd6f to remote] DEBUG org.asynchttpclient.netty.request.NettyRequestSender - Using pooled Channel '[id: 0xf6a68f43, L:/127.0.0.1:55269 - R:localhost/127.0.0.1:18342]' for 'GET' to 'http://localhost:18342/session/788bacb72212ee0021461fbfb751fd6f/alert/text'
20:19:59.820 [Forwarding getAlertText on session 788bacb72212ee0021461fbfb751fd6f to remote] DEBUG org.asynchttpclient.netty.request.NettyRequestSender - Using open Channel [id: 0xf6a68f43, L:/127.0.0.1:55269 - R:localhost/127.0.0.1:18342] for GET '/session/788bacb72212ee0021461fbfb751fd6f/alert/text'
20:19:59.821 [AsyncHttpClient-1-29] DEBUG org.asynchttpclient.netty.handler.HttpHandler - 

Request DefaultFullHttpRequest(decodeResult: success, version: HTTP/1.1, content: EmptyByteBufBE)
GET /session/788bacb72212ee0021461fbfb751fd6f/alert/text HTTP/1.1
User-Agent: selenium/4.8.1 (java windows)
Cache-Control: no-cache
Content-Type: application/json; charset=utf-8
host: localhost:18342
accept: */*

Response DefaultHttpResponse(decodeResult: success, version: HTTP/1.1)
HTTP/1.1 404 Not Found
Content-Length: 836
Content-Type: application/json; charset=utf-8
cache-control: no-cache

20:19:59.821 [AsyncHttpClient-1-29] DEBUG org.asynchttpclient.netty.channel.ChannelManager - Adding key: http://localhost:18342 for channel [id: 0xf6a68f43, L:/127.0.0.1:55269 - R:localhost/127.0.0.1:18342]
20:19:59.821 [Forwarding getCurrentUrl on session 788bacb72212ee0021461fbfb751fd6f to remote] DEBUG org.asynchttpclient.netty.request.NettyRequestSender - Using pooled Channel '[id: 0xf6a68f43, L:/127.0.0.1:55269 - R:localhost/127.0.0.1:18342]' for 'GET' to 'http://localhost:18342/session/788bacb72212ee0021461fbfb751fd6f/url'
20:19:59.821 [Forwarding getCurrentUrl on session 788bacb72212ee0021461fbfb751fd6f to remote] DEBUG org.asynchttpclient.netty.request.NettyRequestSender - Using open Channel [id: 0xf6a68f43, L:/127.0.0.1:55269 - R:localhost/127.0.0.1:18342] for GET '/session/788bacb72212ee0021461fbfb751fd6f/url'
20:19:59.824 [AsyncHttpClient-1-29] DEBUG org.asynchttpclient.netty.handler.HttpHandler - 

Request DefaultFullHttpRequest(decodeResult: success, version: HTTP/1.1, content: EmptyByteBufBE)
GET /session/788bacb72212ee0021461fbfb751fd6f/url HTTP/1.1
User-Agent: selenium/4.8.1 (java windows)
Cache-Control: no-cache
Content-Type: application/json; charset=utf-8
host: localhost:18342
accept: */*

Response DefaultHttpResponse(decodeResult: success, version: HTTP/1.1)
HTTP/1.1 200 OK
Content-Length: 51
Content-Type: application/json; charset=utf-8
cache-control: no-cache

20:19:59.824 [AsyncHttpClient-1-29] DEBUG org.asynchttpclient.netty.channel.ChannelManager - Adding key: http://localhost:18342 for channel [id: 0xf6a68f43, L:/127.0.0.1:55269 - R:localhost/127.0.0.1:18342]
20:19:59.825 [Forwarding screenshot on session 788bacb72212ee0021461fbfb751fd6f to remote] DEBUG org.asynchttpclient.netty.request.NettyRequestSender - Using pooled Channel '[id: 0xf6a68f43, L:/127.0.0.1:55269 - R:localhost/127.0.0.1:18342]' for 'GET' to 'http://localhost:18342/session/788bacb72212ee0021461fbfb751fd6f/screenshot'
20:19:59.825 [Forwarding screenshot on session 788bacb72212ee0021461fbfb751fd6f to remote] DEBUG org.asynchttpclient.netty.request.NettyRequestSender - Using open Channel [id: 0xf6a68f43, L:/127.0.0.1:55269 - R:localhost/127.0.0.1:18342] for GET '/session/788bacb72212ee0021461fbfb751fd6f/screenshot'
20:19:59.917 [AsyncHttpClient-1-29] DEBUG org.asynchttpclient.netty.handler.HttpHandler - 

Request DefaultFullHttpRequest(decodeResult: success, version: HTTP/1.1, content: EmptyByteBufBE)
GET /session/788bacb72212ee0021461fbfb751fd6f/screenshot HTTP/1.1
User-Agent: selenium/4.8.1 (java windows)
Cache-Control: no-cache
Content-Type: application/json; charset=utf-8
host: localhost:18342
accept: */*

Response DefaultHttpResponse(decodeResult: success, version: HTTP/1.1)
HTTP/1.1 200 OK
Content-Length: 26152
Content-Type: application/json; charset=utf-8
cache-control: no-cache

20:19:59.917 [AsyncHttpClient-1-29] DEBUG org.asynchttpclient.netty.channel.ChannelManager - Adding key: http://localhost:18342 for channel [id: 0xf6a68f43, L:/127.0.0.1:55269 - R:localhost/127.0.0.1:18342]
20:19:59.918 [main] DEBUG net.serenitybdd.core.photography.Darkroom - Send negative for processing for target\site\serenity\e30cd8632986eddb6257a5d2a7da6821c5b3ebdd412da2af0625d656caf91834.png
20:19:59.918 [main] DEBUG net.thucydides.core.steps.StepInterceptor - STEP DONE: clickLoginButton
  &amp#27;[32mWhen &amp#27;[0m&amp#27;[32mI click on the login button&amp#27;[0m       &amp#27;[90m# starter.stepdefinitions.LoginSteps.clickLoginButton()&amp#27;[0m
20:19:59.918 [Darkroom Processing Line] DEBUG net.serenitybdd.core.photography.DarkroomProcessingLine - Processing screenshot image in /var/screenshots/screenshot-18406198327391171133
20:19:59.918 [Darkroom Processing Line] DEBUG net.serenitybdd.core.photography.DarkroomProcessingLine - Saving screenshot to target\site\serenity\e30cd8632986eddb6257a5d2a7da6821c5b3ebdd412da2af0625d656caf91834.png
20:19:59.925 [Forwarding getPageSource on session 788bacb72212ee0021461fbfb751fd6f to remote] DEBUG org.asynchttpclient.netty.request.NettyRequestSender - Using pooled Channel '[id: 0xf6a68f43, L:/127.0.0.1:55269 - R:localhost/127.0.0.1:18342]' for 'POST' to 'http://localhost:18342/session/788bacb72212ee0021461fbfb751fd6f/execute/sync'
20:19:59.925 [Forwarding getPageSource on session 788bacb72212ee0021461fbfb751fd6f to remote] DEBUG org.asynchttpclient.netty.request.NettyRequestSender - Using open Channel [id: 0xf6a68f43, L:/127.0.0.1:55269 - R:localhost/127.0.0.1:18342] for POST '/session/788bacb72212ee0021461fbfb751fd6f/execute/sync'
20:19:59.929 [AsyncHttpClient-1-29] DEBUG org.asynchttpclient.netty.handler.HttpHandler - 

Request DefaultHttpRequest(decodeResult: success, version: HTTP/1.1)
POST /session/788bacb72212ee0021461fbfb751fd6f/execute/sync HTTP/1.1
User-Agent: selenium/4.8.1 (java windows)
Content-Length: 176
Content-Type: application/json; charset=utf-8
host: localhost:18342
accept: */*

Response DefaultHttpResponse(decodeResult: success, version: HTTP/1.1)
HTTP/1.1 200 OK
Content-Length: 22001
Content-Type: application/json; charset=utf-8
cache-control: no-cache

20:19:59.929 [AsyncHttpClient-1-29] DEBUG org.asynchttpclient.netty.channel.ChannelManager - Adding key: http://localhost:18342 for channel [id: 0xf6a68f43, L:/127.0.0.1:55269 - R:localhost/127.0.0.1:18342]
20:19:59.931 [Forwarding getCurrentUrl on session 788bacb72212ee0021461fbfb751fd6f to remote] DEBUG org.asynchttpclient.netty.request.NettyRequestSender - Using pooled Channel '[id: 0xf6a68f43, L:/127.0.0.1:55269 - R:localhost/127.0.0.1:18342]' for 'GET' to 'http://localhost:18342/session/788bacb72212ee0021461fbfb751fd6f/url'
20:19:59.931 [Forwarding getCurrentUrl on session 788bacb72212ee0021461fbfb751fd6f to remote] DEBUG org.asynchttpclient.netty.request.NettyRequestSender - Using open Channel [id: 0xf6a68f43, L:/127.0.0.1:55269 - R:localhost/127.0.0.1:18342] for GET '/session/788bacb72212ee0021461fbfb751fd6f/url'
20:19:59.934 [AsyncHttpClient-1-29] DEBUG org.asynchttpclient.netty.handler.HttpHandler - 

Request DefaultFullHttpRequest(decodeResult: success, version: HTTP/1.1, content: EmptyByteBufBE)
GET /session/788bacb72212ee0021461fbfb751fd6f/url HTTP/1.1
User-Agent: selenium/4.8.1 (java windows)
Cache-Control: no-cache
Content-Type: application/json; charset=utf-8
host: localhost:18342
accept: */*

Response DefaultHttpResponse(decodeResult: success, version: HTTP/1.1)
HTTP/1.1 200 OK
Content-Length: 51
Content-Type: application/json; charset=utf-8
cache-control: no-cache

20:19:59.934 [AsyncHttpClient-1-29] DEBUG org.asynchttpclient.netty.channel.ChannelManager - Adding key: http://localhost:18342 for channel [id: 0xf6a68f43, L:/127.0.0.1:55269 - R:localhost/127.0.0.1:18342]
20:19:59.940 [Forwarding getPageSource on session 788bacb72212ee0021461fbfb751fd6f to remote] DEBUG org.asynchttpclient.netty.request.NettyRequestSender - Using pooled Channel '[id: 0xf6a68f43, L:/127.0.0.1:55269 - R:localhost/127.0.0.1:18342]' for 'POST' to 'http://localhost:18342/session/788bacb72212ee0021461fbfb751fd6f/execute/sync'
20:19:59.940 [Forwarding getPageSource on session 788bacb72212ee0021461fbfb751fd6f to remote] DEBUG org.asynchttpclient.netty.request.NettyRequestSender - Using open Channel [id: 0xf6a68f43, L:/127.0.0.1:55269 - R:localhost/127.0.0.1:18342] for POST '/session/788bacb72212ee0021461fbfb751fd6f/execute/sync'
20:19:59.945 [AsyncHttpClient-1-29] DEBUG org.asynchttpclient.netty.handler.HttpHandler - 

Request DefaultHttpRequest(decodeResult: success, version: HTTP/1.1)
POST /session/788bacb72212ee0021461fbfb751fd6f/execute/sync HTTP/1.1
User-Agent: selenium/4.8.1 (java windows)
Content-Length: 176
Content-Type: application/json; charset=utf-8
host: localhost:18342
accept: */*

Response DefaultHttpResponse(decodeResult: success, version: HTTP/1.1)
HTTP/1.1 200 OK
Content-Length: 22001
Content-Type: application/json; charset=utf-8
cache-control: no-cache

20:19:59.945 [AsyncHttpClient-1-29] DEBUG org.asynchttpclient.netty.channel.ChannelManager - Adding key: http://localhost:18342 for channel [id: 0xf6a68f43, L:/127.0.0.1:55269 - R:localhost/127.0.0.1:18342]
20:19:59.946 [Forwarding getCurrentUrl on session 788bacb72212ee0021461fbfb751fd6f to remote] DEBUG org.asynchttpclient.netty.request.NettyRequestSender - Using pooled Channel '[id: 0xf6a68f43, L:/127.0.0.1:55269 - R:localhost/127.0.0.1:18342]' for 'GET' to 'http://localhost:18342/session/788bacb72212ee0021461fbfb751fd6f/url'
20:19:59.946 [Forwarding getCurrentUrl on session 788bacb72212ee0021461fbfb751fd6f to remote] DEBUG org.asynchttpclient.netty.request.NettyRequestSender - Using open Channel [id: 0xf6a68f43, L:/127.0.0.1:55269 - R:localhost/127.0.0.1:18342] for GET '/session/788bacb72212ee0021461fbfb751fd6f/url'
20:19:59.951 [AsyncHttpClient-1-29] DEBUG org.asynchttpclient.netty.handler.HttpHandler - 

Request DefaultFullHttpRequest(decodeResult: success, version: HTTP/1.1, content: EmptyByteBufBE)
GET /session/788bacb72212ee0021461fbfb751fd6f/url HTTP/1.1
User-Agent: selenium/4.8.1 (java windows)
Cache-Control: no-cache
Content-Type: application/json; charset=utf-8
host: localhost:18342
accept: */*

Response DefaultHttpResponse(decodeResult: success, version: HTTP/1.1)
HTTP/1.1 200 OK
Content-Length: 51
Content-Type: application/json; charset=utf-8
cache-control: no-cache

20:19:59.951 [AsyncHttpClient-1-29] DEBUG org.asynchttpclient.netty.channel.ChannelManager - Adding key: http://localhost:18342 for channel [id: 0xf6a68f43, L:/127.0.0.1:55269 - R:localhost/127.0.0.1:18342]
20:19:59.953 [main] DEBUG net.thucydides.core.steps.StepInterceptor - STARTING STEP: LoginSteps.alertContent - incorrectAlert
20:19:59.954 [Forwarding findElement on session 788bacb72212ee0021461fbfb751fd6f to remote] DEBUG org.asynchttpclient.netty.request.NettyRequestSender - Using pooled Channel '[id: 0xf6a68f43, L:/127.0.0.1:55269 - R:localhost/127.0.0.1:18342]' for 'POST' to 'http://localhost:18342/session/788bacb72212ee0021461fbfb751fd6f/element'
20:19:59.954 [Forwarding findElement on session 788bacb72212ee0021461fbfb751fd6f to remote] DEBUG org.asynchttpclient.netty.request.NettyRequestSender - Using open Channel [id: 0xf6a68f43, L:/127.0.0.1:55269 - R:localhost/127.0.0.1:18342] for POST '/session/788bacb72212ee0021461fbfb751fd6f/element'
20:20:00.038 [AsyncHttpClient-1-29] DEBUG org.asynchttpclient.netty.handler.HttpHandler - 

Request DefaultHttpRequest(decodeResult: success, version: HTTP/1.1)
POST /session/788bacb72212ee0021461fbfb751fd6f/element HTTP/1.1
User-Agent: selenium/4.8.1 (java windows)
Content-Length: 54
Content-Type: application/json; charset=utf-8
host: localhost:18342
accept: */*

Response DefaultHttpResponse(decodeResult: success, version: HTTP/1.1)
HTTP/1.1 200 OK
Content-Length: 88
Content-Type: application/json; charset=utf-8
cache-control: no-cache

20:20:00.038 [AsyncHttpClient-1-29] DEBUG org.asynchttpclient.netty.channel.ChannelManager - Adding key: http://localhost:18342 for channel [id: 0xf6a68f43, L:/127.0.0.1:55269 - R:localhost/127.0.0.1:18342]
20:20:00.042 [Forwarding isElementDisplayed on session 788bacb72212ee0021461fbfb751fd6f to remote] DEBUG org.asynchttpclient.netty.request.NettyRequestSender - Using pooled Channel '[id: 0xf6a68f43, L:/127.0.0.1:55269 - R:localhost/127.0.0.1:18342]' for 'POST' to 'http://localhost:18342/session/788bacb72212ee0021461fbfb751fd6f/execute/sync'
20:20:00.042 [Forwarding isElementDisplayed on session 788bacb72212ee0021461fbfb751fd6f to remote] DEBUG org.asynchttpclient.netty.request.NettyRequestSender - Using open Channel [id: 0xf6a68f43, L:/127.0.0.1:55269 - R:localhost/127.0.0.1:18342] for POST '/session/788bacb72212ee0021461fbfb751fd6f/execute/sync'
20:20:00.057 [AsyncHttpClient-1-29] DEBUG org.asynchttpclient.netty.handler.HttpHandler - 

Request DefaultHttpRequest(decodeResult: success, version: HTTP/1.1)
POST /session/788bacb72212ee0021461fbfb751fd6f/execute/sync HTTP/1.1
User-Agent: selenium/4.8.1 (java windows)
Content-Length: 48807
Content-Type: application/json; charset=utf-8
host: localhost:18342
accept: */*

Response DefaultHttpResponse(decodeResult: success, version: HTTP/1.1)
HTTP/1.1 200 OK
Content-Length: 14
Content-Type: application/json; charset=utf-8
cache-control: no-cache

20:20:00.057 [AsyncHttpClient-1-29] DEBUG org.asynchttpclient.netty.channel.ChannelManager - Adding key: http://localhost:18342 for channel [id: 0xf6a68f43, L:/127.0.0.1:55269 - R:localhost/127.0.0.1:18342]
20:20:00.061 [Forwarding getAlertText on session 788bacb72212ee0021461fbfb751fd6f to remote] DEBUG org.asynchttpclient.netty.request.NettyRequestSender - Using pooled Channel '[id: 0xf6a68f43, L:/127.0.0.1:55269 - R:localhost/127.0.0.1:18342]' for 'GET' to 'http://localhost:18342/session/788bacb72212ee0021461fbfb751fd6f/alert/text'
20:20:00.061 [Forwarding getAlertText on session 788bacb72212ee0021461fbfb751fd6f to remote] DEBUG org.asynchttpclient.netty.request.NettyRequestSender - Using open Channel [id: 0xf6a68f43, L:/127.0.0.1:55269 - R:localhost/127.0.0.1:18342] for GET '/session/788bacb72212ee0021461fbfb751fd6f/alert/text'
20:20:00.063 [AsyncHttpClient-1-29] DEBUG org.asynchttpclient.netty.handler.HttpHandler - 

Request DefaultFullHttpRequest(decodeResult: success, version: HTTP/1.1, content: EmptyByteBufBE)
GET /session/788bacb72212ee0021461fbfb751fd6f/alert/text HTTP/1.1
User-Agent: selenium/4.8.1 (java windows)
Cache-Control: no-cache
Content-Type: application/json; charset=utf-8
host: localhost:18342
accept: */*

Response DefaultHttpResponse(decodeResult: success, version: HTTP/1.1)
HTTP/1.1 404 Not Found
Content-Length: 836
Content-Type: application/json; charset=utf-8
cache-control: no-cache

20:20:00.063 [AsyncHttpClient-1-29] DEBUG org.asynchttpclient.netty.channel.ChannelManager - Adding key: http://localhost:18342 for channel [id: 0xf6a68f43, L:/127.0.0.1:55269 - R:localhost/127.0.0.1:18342]
20:20:00.067 [Forwarding getCurrentUrl on session 788bacb72212ee0021461fbfb751fd6f to remote] DEBUG org.asynchttpclient.netty.request.NettyRequestSender - Using pooled Channel '[id: 0xf6a68f43, L:/127.0.0.1:55269 - R:localhost/127.0.0.1:18342]' for 'GET' to 'http://localhost:18342/session/788bacb72212ee0021461fbfb751fd6f/url'
20:20:00.067 [Forwarding getCurrentUrl on session 788bacb72212ee0021461fbfb751fd6f to remote] DEBUG org.asynchttpclient.netty.request.NettyRequestSender - Using open Channel [id: 0xf6a68f43, L:/127.0.0.1:55269 - R:localhost/127.0.0.1:18342] for GET '/session/788bacb72212ee0021461fbfb751fd6f/url'
20:20:00.071 [AsyncHttpClient-1-29] DEBUG org.asynchttpclient.netty.handler.HttpHandler - 

Request DefaultFullHttpRequest(decodeResult: success, version: HTTP/1.1, content: EmptyByteBufBE)
GET /session/788bacb72212ee0021461fbfb751fd6f/url HTTP/1.1
User-Agent: selenium/4.8.1 (java windows)
Cache-Control: no-cache
Content-Type: application/json; charset=utf-8
host: localhost:18342
accept: */*

Response DefaultHttpResponse(decodeResult: success, version: HTTP/1.1)
HTTP/1.1 200 OK
Content-Length: 51
Content-Type: application/json; charset=utf-8
cache-control: no-cache

20:20:00.071 [AsyncHttpClient-1-29] DEBUG org.asynchttpclient.netty.channel.ChannelManager - Adding key: http://localhost:18342 for channel [id: 0xf6a68f43, L:/127.0.0.1:55269 - R:localhost/127.0.0.1:18342]
20:20:00.071 [Forwarding screenshot on session 788bacb72212ee0021461fbfb751fd6f to remote] DEBUG org.asynchttpclient.netty.request.NettyRequestSender - Using pooled Channel '[id: 0xf6a68f43, L:/127.0.0.1:55269 - R:localhost/127.0.0.1:18342]' for 'GET' to 'http://localhost:18342/session/788bacb72212ee0021461fbfb751fd6f/screenshot'
20:20:00.072 [Forwarding screenshot on session 788bacb72212ee0021461fbfb751fd6f to remote] DEBUG org.asynchttpclient.netty.request.NettyRequestSender - Using open Channel [id: 0xf6a68f43, L:/127.0.0.1:55269 - R:localhost/127.0.0.1:18342] for GET '/session/788bacb72212ee0021461fbfb751fd6f/screenshot'
20:20:00.198 [AsyncHttpClient-1-29] DEBUG org.asynchttpclient.netty.handler.HttpHandler - 

Request DefaultFullHttpRequest(decodeResult: success, version: HTTP/1.1, content: EmptyByteBufBE)
GET /session/788bacb72212ee0021461fbfb751fd6f/screenshot HTTP/1.1
User-Agent: selenium/4.8.1 (java windows)
Cache-Control: no-cache
Content-Type: application/json; charset=utf-8
host: localhost:18342
accept: */*

Response DefaultHttpResponse(decodeResult: success, version: HTTP/1.1)
HTTP/1.1 200 OK
Content-Length: 29884
Content-Type: application/json; charset=utf-8
cache-control: no-cache

20:20:00.198 [AsyncHttpClient-1-29] DEBUG org.asynchttpclient.netty.channel.ChannelManager - Adding key: http://localhost:18342 for channel [id: 0xf6a68f43, L:/127.0.0.1:55269 - R:localhost/127.0.0.1:18342]
20:20:00.199 [main] DEBUG net.serenitybdd.core.photography.Darkroom - Send negative for processing for target\site\serenity\1d375d58258ce690293684767f80f6727a30a283f25ed7f8f74ae25a47124291.png
20:20:00.199 [main] DEBUG net.thucydides.core.steps.StepInterceptor - STEP DONE: incorrectAlert
  &amp#27;[32mThen &amp#27;[0m&amp#27;[32mI should see the error message&amp#27;[0m    &amp#27;[90m# starter.stepdefinitions.LoginSteps.alertContent()&amp#27;[0m
20:20:00.200 [Darkroom Processing Line] DEBUG net.serenitybdd.core.photography.DarkroomProcessingLine - Processing screenshot image in /var/screenshots/screenshot-7763444200906069054
20:20:00.200 [Darkroom Processing Line] DEBUG net.serenitybdd.core.photography.DarkroomProcessingLine - Saving screenshot to target\site\serenity\1d375d58258ce690293684767f80f6727a30a283f25ed7f8f74ae25a47124291.png
20:20:00.204 [main] INFO  - 
  _____   ___   ___   _____     ___     _     ___   ___   ___   ___  
 |_   _| | __| / __| |_   _|   | _ \   /_\   / __| / __| | __| |   \ 
   | |   | _|  \__ \   | |     |  _/  / _ \  \__ \ \__ \ | _|  | |) |
   |_|   |___| |___/   |_|     |_|   /_/ \_\ |___/ |___/ |___| |___/ 

Login without input any fields
----------------------------------------------------------------------
20:20:00.205 [AsyncHttpClient-1-31] DEBUG org.asynchttpclient.netty.handler.WebSocketHandler - Channel Closed: [id: 0x510c1129, L:/127.0.0.1:55281 ! R:localhost/127.0.0.1:55270] with attribute NettyResponseFuture{currentRetry=0,
	isDone=1,
	isCancelled=0,
	asyncHandler=org.asynchttpclient.ws.WebSocketUpgradeHandler@292c1332,
	nettyRequest=org.asynchttpclient.netty.request.NettyRequest@6c2e9873,
	future=java.util.concurrent.CompletableFuture@6c38ebdc[Completed normally],
	uri=ws://localhost:55270/devtools/browser/91aed757-2f47-4266-92c1-cf6d62b9cd30,
	keepAlive=true,
	redirectCount=0,
	timeoutsHolder=null,
	inAuth=0,
	touch=1683379198343}
20:20:00.205 [Driver Command Executor] DEBUG org.asynchttpclient.netty.request.NettyRequestSender - Using pooled Channel '[id: 0xf6a68f43, L:/127.0.0.1:55269 - R:localhost/127.0.0.1:18342]' for 'DELETE' to 'http://localhost:18342/session/788bacb72212ee0021461fbfb751fd6f'
20:20:00.205 [Driver Command Executor] DEBUG org.asynchttpclient.netty.request.NettyRequestSender - Using open Channel [id: 0xf6a68f43, L:/127.0.0.1:55269 - R:localhost/127.0.0.1:18342] for DELETE '/session/788bacb72212ee0021461fbfb751fd6f'
20:20:00.205 [AsyncHttpClient-1-31] DEBUG org.asynchttpclient.netty.channel.ChannelManager - Closing Channel [id: 0x510c1129, L:/127.0.0.1:55281 ! R:localhost/127.0.0.1:55270] 
20:20:00.227 [AsyncHttpClient-1-30] DEBUG org.asynchttpclient.netty.handler.HttpHandler - Unexpected I/O exception on channel [id: 0x1a697599, L:/127.0.0.1:55280 - R:localhost/127.0.0.1:55270]
java.net.SocketException: Connection reset
	at java.base/sun.nio.ch.SocketChannelImpl.throwConnectionReset(SocketChannelImpl.java:367)
	at java.base/sun.nio.ch.SocketChannelImpl.read(SocketChannelImpl.java:398)
	at io.netty.buffer.PooledByteBuf.setBytes(PooledByteBuf.java:259)
	at io.netty.buffer.AbstractByteBuf.writeBytes(AbstractByteBuf.java:1132)
	at io.netty.channel.socket.nio.NioSocketChannel.doReadBytes(NioSocketChannel.java:357)
	at io.netty.channel.nio.AbstractNioByteChannel$NioByteUnsafe.read(AbstractNioByteChannel.java:151)
	at io.netty.channel.nio.NioEventLoop.processSelectedKey(NioEventLoop.java:788)
	at io.netty.channel.nio.NioEventLoop.processSelectedKeysOptimized(NioEventLoop.java:724)
	at io.netty.channel.nio.NioEventLoop.processSelectedKeys(NioEventLoop.java:650)
	at io.netty.channel.nio.NioEventLoop.run(NioEventLoop.java:562)
	at io.netty.util.concurrent.SingleThreadEventExecutor$4.run(SingleThreadEventExecutor.java:997)
	at io.netty.util.internal.ThreadExecutorMap$2.run(ThreadExecutorMap.java:74)
	at io.netty.util.concurrent.FastThreadLocalRunnable.run(FastThreadLocalRunnable.java:30)
	at java.base/java.lang.Thread.run(Thread.java:832)
20:20:00.228 [AsyncHttpClient-1-30] DEBUG org.asynchttpclient.netty.channel.ChannelManager - Closing Channel [id: 0x1a697599, L:/127.0.0.1:55280 - R:localhost/127.0.0.1:55270] 
20:20:00.228 [AsyncHttpClient-1-30] DEBUG org.asynchttpclient.netty.handler.HttpHandler - Channel Closed: [id: 0x1a697599, L:/127.0.0.1:55280 ! R:localhost/127.0.0.1:55270] with attribute DISCARD
20:20:00.236 [AsyncHttpClient-1-29] DEBUG org.asynchttpclient.netty.handler.HttpHandler - 

Request DefaultFullHttpRequest(decodeResult: success, version: HTTP/1.1, content: EmptyByteBufBE)
DELETE /session/788bacb72212ee0021461fbfb751fd6f HTTP/1.1
User-Agent: selenium/4.8.1 (java windows)
Content-Type: application/json; charset=utf-8
host: localhost:18342
accept: */*

Response DefaultHttpResponse(decodeResult: success, version: HTTP/1.1)
HTTP/1.1 200 OK
Content-Length: 14
Content-Type: application/json; charset=utf-8
cache-control: no-cache

20:20:00.236 [AsyncHttpClient-1-29] DEBUG org.asynchttpclient.netty.channel.ChannelManager - Adding key: http://localhost:18342 for channel [id: 0xf6a68f43, L:/127.0.0.1:55269 - R:localhost/127.0.0.1:18342]
20:20:00.352 [AsyncHttpClient-1-29] DEBUG org.asynchttpclient.netty.handler.HttpHandler - Channel Closed: [id: 0xf6a68f43, L:/127.0.0.1:55269 ! R:localhost/127.0.0.1:18342] with attribute DISCARD
20:20:00.353 [AsyncHttpClient-1-1] DEBUG org.asynchttpclient.netty.channel.DefaultChannelPool - Entry count for : http://localhost:55270 : 1
20:20:00.353 [AsyncHttpClient-1-1] DEBUG org.asynchttpclient.netty.channel.DefaultChannelPool - Entry count for : http://localhost:18342 : 1
20:20:00.353 [AsyncHttpClient-1-1] DEBUG org.asynchttpclient.netty.channel.DefaultChannelPool - Adding Candidate expired Channel [id: 0x1a697599, L:/127.0.0.1:55280 ! R:localhost/127.0.0.1:55270] isIdleTimeoutExpired=false isRemotelyClosed=true isTtlExpired=false
20:20:00.353 [AsyncHttpClient-1-1] DEBUG org.asynchttpclient.netty.channel.DefaultChannelPool - Closing Idle Channel [id: 0x1a697599, L:/127.0.0.1:55280 ! R:localhost/127.0.0.1:55270]
20:20:00.353 [AsyncHttpClient-1-1] DEBUG org.asynchttpclient.netty.channel.DefaultChannelPool - Adding Candidate expired Channel [id: 0xf6a68f43, L:/127.0.0.1:55269 ! R:localhost/127.0.0.1:18342] isIdleTimeoutExpired=false isRemotelyClosed=true isTtlExpired=false
20:20:00.353 [AsyncHttpClient-1-1] DEBUG org.asynchttpclient.netty.channel.DefaultChannelPool - Closing Idle Channel [id: 0xf6a68f43, L:/127.0.0.1:55269 ! R:localhost/127.0.0.1:18342]
20:20:00.353 [AsyncHttpClient-1-1] DEBUG org.asynchttpclient.netty.channel.DefaultChannelPool - Closed 2 connections out of 2 in 0 ms
]]></system-out>
    <system-err><![CDATA[Starting ChromeDriver 111.0.5563.64 (c710e93d5b63b7095afe8c2c17df34408078439d-refs/branch-heads/5563@{#995}) on port 18342
Only local connections are allowed.
Please see https://chromedriver.chromium.org/security-considerations for suggestions on keeping ChromeDriver safe.
ChromeDriver was started successfully.
[1683379198.325][WARNING]: This version of ChromeDriver has not been tested with Chrome version 112.
May 06, 2023 8:19:58 PM org.openqa.selenium.devtools.CdpVersionFinder findNearestMatch
WARNING: Unable to find an exact match for CDP version 112, so returning the closest version found: 110
]]></system-err>
  </testcase>
  <testcase name="Add to cart by buy a product with login" classname="Product" time="5.134">
    <system-out><![CDATA[20:20:00.865 [main] DEBUG io.cucumber.core.plugin.SerenityReporter - Running feature from file:///C:/Users/WINDOWS%2010/Documents/GitHub/MiniProject_QE/Web/code/minpro/src/test/resources/features/3.%20Product.feature
20:20:00.869 [main] DEBUG net.thucydides.core.steps.StepEventBus - Test suite started for story net.thucydides.core.model.Story@8d346be0
20:20:00.869 [main] INFO  - Test Suite Started: Product

Scenario: Add to cart by buy a product with login         &amp#27;[90m# src/test/resources/features/3. Product.feature:7&amp#27;[0m
20:20:00.876 [main] DEBUG io.cucumber.core.plugin.SerenityReporter - Running feature from file:///C:/Users/WINDOWS%2010/Documents/GitHub/MiniProject_QE/Web/code/minpro/src/test/resources/features/3.%20Product.feature
20:20:00.879 [main] INFO  - 
  _____   ___   ___   _____     ___   _____     _     ___   _____   ___   ___  
 |_   _| | __| / __| |_   _|   / __| |_   _|   /_\   | _ \ |_   _| | __| |   \ 
   | |   | _|  \__ \   | |     \__ \   | |    / _ \  |   /   | |   | _|  | |) |
   |_|   |___| |___/   |_|     |___/   |_|   /_/ \_\ |_|_\   |_|   |___| |___/ 

Add to cart by buy a product with login(product;add-to-cart-by-buy-a-product-with-login)
--------------------------------------------------------------------------------
20:20:01.042 [main] DEBUG net.thucydides.core.steps.StepInterceptor - STARTING STEP: ProductSteps.onTheHomePage - openPage
20:20:01.072 [main] INFO net.serenitybdd.core.webdriver.driverproviders.ChromeDriverProvider - Starting Chrome driver instance with capabilities:
20:20:01.072 [main] INFO net.serenitybdd.core.webdriver.driverproviders.ChromeDriverProvider - Capabilities {acceptInsecureCerts: false, browserName: chrome, goog:chromeOptions: {args: [remote-allow-origins=*], extensions: []}}
20:20:01.147 [AsyncHttpClient-1-32] DEBUG org.asynchttpclient.netty.channel.NettyConnectListener - Using new Channel '[id: 0x9a6c50bb, L:/127.0.0.1:55297 - R:localhost/127.0.0.1:10663]' for 'POST' to '/session'
20:20:01.831 [AsyncHttpClient-1-32] DEBUG org.asynchttpclient.netty.handler.HttpHandler - 

Request DefaultHttpRequest(decodeResult: success, version: HTTP/1.1)
POST /session HTTP/1.1
User-Agent: selenium/4.8.1 (java windows)
Content-Length: 507
Content-Type: application/json; charset=utf-8
host: localhost:10663
accept: */*

Response DefaultHttpResponse(decodeResult: success, version: HTTP/1.1)
HTTP/1.1 200 OK
Content-Length: 863
Content-Type: application/json; charset=utf-8
cache-control: no-cache

20:20:01.831 [AsyncHttpClient-1-32] DEBUG org.asynchttpclient.netty.channel.ChannelManager - Adding key: http://localhost:10663 for channel [id: 0x9a6c50bb, L:/127.0.0.1:55297 - R:localhost/127.0.0.1:10663]
20:20:01.839 [AsyncHttpClient-1-33] DEBUG org.asynchttpclient.netty.channel.NettyConnectListener - Using new Channel '[id: 0xfad7b4cf, L:/127.0.0.1:55304 - R:localhost/127.0.0.1:55298]' for 'GET' to '/json/version'
20:20:01.841 [AsyncHttpClient-1-33] DEBUG org.asynchttpclient.netty.handler.HttpHandler - 

Request DefaultFullHttpRequest(decodeResult: success, version: HTTP/1.1, content: EmptyByteBufBE)
GET /json/version HTTP/1.1
User-Agent: selenium/4.8.1 (java windows)
host: localhost:55298
accept: */*

Response DefaultHttpResponse(decodeResult: success, version: HTTP/1.1)
HTTP/1.1 200 OK
Content-Security-Policy: frame-ancestors 'none'
Content-Length: 424
Content-Type: application/json; charset=UTF-8

20:20:01.841 [AsyncHttpClient-1-33] DEBUG org.asynchttpclient.netty.channel.ChannelManager - Adding key: http://localhost:55298 for channel [id: 0xfad7b4cf, L:/127.0.0.1:55304 - R:localhost/127.0.0.1:55298]
20:20:01.843 [AsyncHttpClient-1-2] DEBUG org.asynchttpclient.netty.channel.NettyConnectListener - Using new Channel '[id: 0x5682f91c, L:/127.0.0.1:55305 - R:localhost/127.0.0.1:55298]' for 'GET' to '/devtools/browser/21d359a0-bed5-44b8-94d1-372a79e1c4c6'
20:20:01.843 [AsyncHttpClient-1-2] DEBUG org.asynchttpclient.netty.handler.WebSocketHandler - 

Request DefaultFullHttpRequest(decodeResult: success, version: HTTP/1.1, content: EmptyByteBufBE)
GET /devtools/browser/21d359a0-bed5-44b8-94d1-372a79e1c4c6 HTTP/1.1
upgrade: websocket
connection: upgrade
sec-websocket-key: v/UGluJVOz608Se7N7/4bA==
sec-websocket-version: 13
origin: http://localhost:55298
host: localhost:55298
accept: */*
user-agent: AHC/2.1

Response DefaultHttpResponse(decodeResult: success, version: HTTP/1.1)
HTTP/1.1 101 WebSocket Protocol Handshake
Upgrade: WebSocket
Connection: Upgrade
Sec-WebSocket-Accept: Wg+BGY9dVJHyimeKDyKS/BQY4W4=

20:20:01.846 [Forwarding get on session 29194f33cb3aec777a93244c4ff51a2f to remote] DEBUG org.asynchttpclient.netty.request.NettyRequestSender - Using pooled Channel '[id: 0x9a6c50bb, L:/127.0.0.1:55297 - R:localhost/127.0.0.1:10663]' for 'POST' to 'http://localhost:10663/session/29194f33cb3aec777a93244c4ff51a2f/url'
20:20:01.847 [Forwarding get on session 29194f33cb3aec777a93244c4ff51a2f to remote] DEBUG org.asynchttpclient.netty.request.NettyRequestSender - Using open Channel [id: 0x9a6c50bb, L:/127.0.0.1:55297 - R:localhost/127.0.0.1:10663] for POST '/session/29194f33cb3aec777a93244c4ff51a2f/url'
20:20:02.561 [AsyncHttpClient-1-1] DEBUG org.asynchttpclient.netty.channel.DefaultChannelPool - Entry count for : http://localhost:55298 : 1
20:20:02.667 [AsyncHttpClient-1-32] DEBUG org.asynchttpclient.netty.handler.HttpHandler - 

Request DefaultHttpRequest(decodeResult: success, version: HTTP/1.1)
POST /session/29194f33cb3aec777a93244c4ff51a2f/url HTTP/1.1
User-Agent: selenium/4.8.1 (java windows)
Content-Length: 74
Content-Type: application/json; charset=utf-8
host: localhost:10663
accept: */*

Response DefaultHttpResponse(decodeResult: success, version: HTTP/1.1)
HTTP/1.1 200 OK
Content-Length: 14
Content-Type: application/json; charset=utf-8
cache-control: no-cache

20:20:02.667 [AsyncHttpClient-1-32] DEBUG org.asynchttpclient.netty.channel.ChannelManager - Adding key: http://localhost:10663 for channel [id: 0x9a6c50bb, L:/127.0.0.1:55297 - R:localhost/127.0.0.1:10663]
20:20:02.668 [Forwarding setTimeout on session 29194f33cb3aec777a93244c4ff51a2f to remote] DEBUG org.asynchttpclient.netty.request.NettyRequestSender - Using pooled Channel '[id: 0x9a6c50bb, L:/127.0.0.1:55297 - R:localhost/127.0.0.1:10663]' for 'POST' to 'http://localhost:10663/session/29194f33cb3aec777a93244c4ff51a2f/timeouts'
20:20:02.668 [Forwarding setTimeout on session 29194f33cb3aec777a93244c4ff51a2f to remote] DEBUG org.asynchttpclient.netty.request.NettyRequestSender - Using open Channel [id: 0x9a6c50bb, L:/127.0.0.1:55297 - R:localhost/127.0.0.1:10663] for POST '/session/29194f33cb3aec777a93244c4ff51a2f/timeouts'
20:20:02.669 [AsyncHttpClient-1-32] DEBUG org.asynchttpclient.netty.handler.HttpHandler - 

Request DefaultHttpRequest(decodeResult: success, version: HTTP/1.1)
POST /session/29194f33cb3aec777a93244c4ff51a2f/timeouts HTTP/1.1
User-Agent: selenium/4.8.1 (java windows)
Content-Length: 22
Content-Type: application/json; charset=utf-8
host: localhost:10663
accept: */*

Response DefaultHttpResponse(decodeResult: success, version: HTTP/1.1)
HTTP/1.1 200 OK
Content-Length: 14
Content-Type: application/json; charset=utf-8
cache-control: no-cache

20:20:02.669 [AsyncHttpClient-1-32] DEBUG org.asynchttpclient.netty.channel.ChannelManager - Adding key: http://localhost:10663 for channel [id: 0x9a6c50bb, L:/127.0.0.1:55297 - R:localhost/127.0.0.1:10663]
20:20:02.673 [main] DEBUG net.serenitybdd.core.photography.Darkroom - Opening darkroom
20:20:02.673 [Darkroom Processing Line] DEBUG net.serenitybdd.core.photography.DarkroomProcessingLine - Darkroom processing line starting up
20:20:02.675 [Forwarding getAlertText on session 29194f33cb3aec777a93244c4ff51a2f to remote] DEBUG org.asynchttpclient.netty.request.NettyRequestSender - Using pooled Channel '[id: 0x9a6c50bb, L:/127.0.0.1:55297 - R:localhost/127.0.0.1:10663]' for 'GET' to 'http://localhost:10663/session/29194f33cb3aec777a93244c4ff51a2f/alert/text'
20:20:02.675 [Forwarding getAlertText on session 29194f33cb3aec777a93244c4ff51a2f to remote] DEBUG org.asynchttpclient.netty.request.NettyRequestSender - Using open Channel [id: 0x9a6c50bb, L:/127.0.0.1:55297 - R:localhost/127.0.0.1:10663] for GET '/session/29194f33cb3aec777a93244c4ff51a2f/alert/text'
20:20:02.676 [AsyncHttpClient-1-32] DEBUG org.asynchttpclient.netty.handler.HttpHandler - 

Request DefaultFullHttpRequest(decodeResult: success, version: HTTP/1.1, content: EmptyByteBufBE)
GET /session/29194f33cb3aec777a93244c4ff51a2f/alert/text HTTP/1.1
User-Agent: selenium/4.8.1 (java windows)
Cache-Control: no-cache
Content-Type: application/json; charset=utf-8
host: localhost:10663
accept: */*

Response DefaultHttpResponse(decodeResult: success, version: HTTP/1.1)
HTTP/1.1 404 Not Found
Content-Length: 836
Content-Type: application/json; charset=utf-8
cache-control: no-cache

20:20:02.677 [AsyncHttpClient-1-32] DEBUG org.asynchttpclient.netty.channel.ChannelManager - Adding key: http://localhost:10663 for channel [id: 0x9a6c50bb, L:/127.0.0.1:55297 - R:localhost/127.0.0.1:10663]
20:20:02.678 [Forwarding getCurrentUrl on session 29194f33cb3aec777a93244c4ff51a2f to remote] DEBUG org.asynchttpclient.netty.request.NettyRequestSender - Using pooled Channel '[id: 0x9a6c50bb, L:/127.0.0.1:55297 - R:localhost/127.0.0.1:10663]' for 'GET' to 'http://localhost:10663/session/29194f33cb3aec777a93244c4ff51a2f/url'
20:20:02.678 [Forwarding getCurrentUrl on session 29194f33cb3aec777a93244c4ff51a2f to remote] DEBUG org.asynchttpclient.netty.request.NettyRequestSender - Using open Channel [id: 0x9a6c50bb, L:/127.0.0.1:55297 - R:localhost/127.0.0.1:10663] for GET '/session/29194f33cb3aec777a93244c4ff51a2f/url'
20:20:02.681 [AsyncHttpClient-1-32] DEBUG org.asynchttpclient.netty.handler.HttpHandler - 

Request DefaultFullHttpRequest(decodeResult: success, version: HTTP/1.1, content: EmptyByteBufBE)
GET /session/29194f33cb3aec777a93244c4ff51a2f/url HTTP/1.1
User-Agent: selenium/4.8.1 (java windows)
Cache-Control: no-cache
Content-Type: application/json; charset=utf-8
host: localhost:10663
accept: */*

Response DefaultHttpResponse(decodeResult: success, version: HTTP/1.1)
HTTP/1.1 200 OK
Content-Length: 51
Content-Type: application/json; charset=utf-8
cache-control: no-cache

20:20:02.681 [AsyncHttpClient-1-32] DEBUG org.asynchttpclient.netty.channel.ChannelManager - Adding key: http://localhost:10663 for channel [id: 0x9a6c50bb, L:/127.0.0.1:55297 - R:localhost/127.0.0.1:10663]
20:20:02.682 [Forwarding screenshot on session 29194f33cb3aec777a93244c4ff51a2f to remote] DEBUG org.asynchttpclient.netty.request.NettyRequestSender - Using pooled Channel '[id: 0x9a6c50bb, L:/127.0.0.1:55297 - R:localhost/127.0.0.1:10663]' for 'GET' to 'http://localhost:10663/session/29194f33cb3aec777a93244c4ff51a2f/screenshot'
20:20:02.682 [Forwarding screenshot on session 29194f33cb3aec777a93244c4ff51a2f to remote] DEBUG org.asynchttpclient.netty.request.NettyRequestSender - Using open Channel [id: 0x9a6c50bb, L:/127.0.0.1:55297 - R:localhost/127.0.0.1:10663] for GET '/session/29194f33cb3aec777a93244c4ff51a2f/screenshot'
20:20:02.765 [AsyncHttpClient-1-32] DEBUG org.asynchttpclient.netty.handler.HttpHandler - 

Request DefaultFullHttpRequest(decodeResult: success, version: HTTP/1.1, content: EmptyByteBufBE)
GET /session/29194f33cb3aec777a93244c4ff51a2f/screenshot HTTP/1.1
User-Agent: selenium/4.8.1 (java windows)
Cache-Control: no-cache
Content-Type: application/json; charset=utf-8
host: localhost:10663
accept: */*

Response DefaultHttpResponse(decodeResult: success, version: HTTP/1.1)
HTTP/1.1 200 OK
Content-Length: 25208
Content-Type: application/json; charset=utf-8
cache-control: no-cache

20:20:02.765 [AsyncHttpClient-1-32] DEBUG org.asynchttpclient.netty.channel.ChannelManager - Adding key: http://localhost:10663 for channel [id: 0x9a6c50bb, L:/127.0.0.1:55297 - R:localhost/127.0.0.1:10663]
20:20:02.766 [main] DEBUG net.serenitybdd.core.photography.Darkroom - Send negative for processing for target\site\serenity\edb14d4aab401efa0e4fb99861e6ffcafebc86a67b69f7828890b9910ed2ddbd.png
20:20:02.766 [main] DEBUG net.thucydides.core.steps.StepInterceptor - STEP DONE: openPage
20:20:02.770 [Forwarding getPageSource on session 29194f33cb3aec777a93244c4ff51a2f to remote] DEBUG org.asynchttpclient.netty.request.NettyRequestSender - Using pooled Channel '[id: 0x9a6c50bb, L:/127.0.0.1:55297 - R:localhost/127.0.0.1:10663]' for 'POST' to 'http://localhost:10663/session/29194f33cb3aec777a93244c4ff51a2f/execute/sync'
20:20:02.770 [Forwarding getPageSource on session 29194f33cb3aec777a93244c4ff51a2f to remote] DEBUG org.asynchttpclient.netty.request.NettyRequestSender - Using open Channel [id: 0x9a6c50bb, L:/127.0.0.1:55297 - R:localhost/127.0.0.1:10663] for POST '/session/29194f33cb3aec777a93244c4ff51a2f/execute/sync'
20:20:02.775 [AsyncHttpClient-1-32] DEBUG org.asynchttpclient.netty.handler.HttpHandler - 

Request DefaultHttpRequest(decodeResult: success, version: HTTP/1.1)
POST /session/29194f33cb3aec777a93244c4ff51a2f/execute/sync HTTP/1.1
User-Agent: selenium/4.8.1 (java windows)
Content-Length: 176
Content-Type: application/json; charset=utf-8
host: localhost:10663
accept: */*

Response DefaultHttpResponse(decodeResult: success, version: HTTP/1.1)
HTTP/1.1 200 OK
Content-Length: 21659
Content-Type: application/json; charset=utf-8
cache-control: no-cache

20:20:02.775 [AsyncHttpClient-1-32] DEBUG org.asynchttpclient.netty.channel.ChannelManager - Adding key: http://localhost:10663 for channel [id: 0x9a6c50bb, L:/127.0.0.1:55297 - R:localhost/127.0.0.1:10663]
20:20:02.777 [Forwarding getCurrentUrl on session 29194f33cb3aec777a93244c4ff51a2f to remote] DEBUG org.asynchttpclient.netty.request.NettyRequestSender - Using pooled Channel '[id: 0x9a6c50bb, L:/127.0.0.1:55297 - R:localhost/127.0.0.1:10663]' for 'GET' to 'http://localhost:10663/session/29194f33cb3aec777a93244c4ff51a2f/url'
20:20:02.777 [Forwarding getCurrentUrl on session 29194f33cb3aec777a93244c4ff51a2f to remote] DEBUG org.asynchttpclient.netty.request.NettyRequestSender - Using open Channel [id: 0x9a6c50bb, L:/127.0.0.1:55297 - R:localhost/127.0.0.1:10663] for GET '/session/29194f33cb3aec777a93244c4ff51a2f/url'
20:20:02.779 [AsyncHttpClient-1-32] DEBUG org.asynchttpclient.netty.handler.HttpHandler - 

Request DefaultFullHttpRequest(decodeResult: success, version: HTTP/1.1, content: EmptyByteBufBE)
GET /session/29194f33cb3aec777a93244c4ff51a2f/url HTTP/1.1
User-Agent: selenium/4.8.1 (java windows)
Cache-Control: no-cache
Content-Type: application/json; charset=utf-8
host: localhost:10663
accept: */*

Response DefaultHttpResponse(decodeResult: success, version: HTTP/1.1)
HTTP/1.1 200 OK
Content-Length: 51
Content-Type: application/json; charset=utf-8
cache-control: no-cache

20:20:02.779 [AsyncHttpClient-1-32] DEBUG org.asynchttpclient.netty.channel.ChannelManager - Adding key: http://localhost:10663 for channel [id: 0x9a6c50bb, L:/127.0.0.1:55297 - R:localhost/127.0.0.1:10663]
20:20:02.780 [main] DEBUG net.thucydides.core.steps.StepInterceptor - STARTING STEP: ProductSteps.onTheHomePage - inputEmail
20:20:02.782 [Forwarding findElement on session 29194f33cb3aec777a93244c4ff51a2f to remote] DEBUG org.asynchttpclient.netty.request.NettyRequestSender - Using pooled Channel '[id: 0x9a6c50bb, L:/127.0.0.1:55297 - R:localhost/127.0.0.1:10663]' for 'POST' to 'http://localhost:10663/session/29194f33cb3aec777a93244c4ff51a2f/element'
20:20:02.782 [Forwarding findElement on session 29194f33cb3aec777a93244c4ff51a2f to remote] DEBUG org.asynchttpclient.netty.request.NettyRequestSender - Using open Channel [id: 0x9a6c50bb, L:/127.0.0.1:55297 - R:localhost/127.0.0.1:10663] for POST '/session/29194f33cb3aec777a93244c4ff51a2f/element'
20:20:02.789 [AsyncHttpClient-1-32] DEBUG org.asynchttpclient.netty.handler.HttpHandler - 

Request DefaultHttpRequest(decodeResult: success, version: HTTP/1.1)
POST /session/29194f33cb3aec777a93244c4ff51a2f/element HTTP/1.1
User-Agent: selenium/4.8.1 (java windows)
Content-Length: 55
Content-Type: application/json; charset=utf-8
host: localhost:10663
accept: */*

Response DefaultHttpResponse(decodeResult: success, version: HTTP/1.1)
HTTP/1.1 200 OK
Content-Length: 88
Content-Type: application/json; charset=utf-8
cache-control: no-cache

20:20:02.789 [AsyncHttpClient-1-32] DEBUG org.asynchttpclient.netty.channel.ChannelManager - Adding key: http://localhost:10663 for channel [id: 0x9a6c50bb, L:/127.0.0.1:55297 - R:localhost/127.0.0.1:10663]
20:20:02.789 [Forwarding clearElement on session 29194f33cb3aec777a93244c4ff51a2f to remote] DEBUG org.asynchttpclient.netty.request.NettyRequestSender - Using pooled Channel '[id: 0x9a6c50bb, L:/127.0.0.1:55297 - R:localhost/127.0.0.1:10663]' for 'POST' to 'http://localhost:10663/session/29194f33cb3aec777a93244c4ff51a2f/element/b44d0e7c-edf3-4607-80bf-b5accf7f763b/clear'
20:20:02.789 [Forwarding clearElement on session 29194f33cb3aec777a93244c4ff51a2f to remote] DEBUG org.asynchttpclient.netty.request.NettyRequestSender - Using open Channel [id: 0x9a6c50bb, L:/127.0.0.1:55297 - R:localhost/127.0.0.1:10663] for POST '/session/29194f33cb3aec777a93244c4ff51a2f/element/b44d0e7c-edf3-4607-80bf-b5accf7f763b/clear'
20:20:02.810 [AsyncHttpClient-1-32] DEBUG org.asynchttpclient.netty.handler.HttpHandler - 

Request DefaultHttpRequest(decodeResult: success, version: HTTP/1.1)
POST /session/29194f33cb3aec777a93244c4ff51a2f/element/b44d0e7c-edf3-4607-80bf-b5accf7f763b/clear HTTP/1.1
User-Agent: selenium/4.8.1 (java windows)
Content-Length: 50
Content-Type: application/json; charset=utf-8
host: localhost:10663
accept: */*

Response DefaultHttpResponse(decodeResult: success, version: HTTP/1.1)
HTTP/1.1 200 OK
Content-Length: 14
Content-Type: application/json; charset=utf-8
cache-control: no-cache

20:20:02.810 [AsyncHttpClient-1-32] DEBUG org.asynchttpclient.netty.channel.ChannelManager - Adding key: http://localhost:10663 for channel [id: 0x9a6c50bb, L:/127.0.0.1:55297 - R:localhost/127.0.0.1:10663]
20:20:02.811 [Forwarding sendKeysToElement on session 29194f33cb3aec777a93244c4ff51a2f to remote] DEBUG org.asynchttpclient.netty.request.NettyRequestSender - Using pooled Channel '[id: 0x9a6c50bb, L:/127.0.0.1:55297 - R:localhost/127.0.0.1:10663]' for 'POST' to 'http://localhost:10663/session/29194f33cb3aec777a93244c4ff51a2f/element/b44d0e7c-edf3-4607-80bf-b5accf7f763b/value'
20:20:02.811 [Forwarding sendKeysToElement on session 29194f33cb3aec777a93244c4ff51a2f to remote] DEBUG org.asynchttpclient.netty.request.NettyRequestSender - Using open Channel [id: 0x9a6c50bb, L:/127.0.0.1:55297 - R:localhost/127.0.0.1:10663] for POST '/session/29194f33cb3aec777a93244c4ff51a2f/element/b44d0e7c-edf3-4607-80bf-b5accf7f763b/value'
20:20:02.904 [AsyncHttpClient-1-32] DEBUG org.asynchttpclient.netty.handler.HttpHandler - 

Request DefaultHttpRequest(decodeResult: success, version: HTTP/1.1)
POST /session/29194f33cb3aec777a93244c4ff51a2f/element/b44d0e7c-edf3-4607-80bf-b5accf7f763b/value HTTP/1.1
User-Agent: selenium/4.8.1 (java windows)
Content-Length: 241
Content-Type: application/json; charset=utf-8
host: localhost:10663
accept: */*

Response DefaultHttpResponse(decodeResult: success, version: HTTP/1.1)
HTTP/1.1 200 OK
Content-Length: 14
Content-Type: application/json; charset=utf-8
cache-control: no-cache

20:20:02.905 [AsyncHttpClient-1-32] DEBUG org.asynchttpclient.netty.channel.ChannelManager - Adding key: http://localhost:10663 for channel [id: 0x9a6c50bb, L:/127.0.0.1:55297 - R:localhost/127.0.0.1:10663]
20:20:02.910 [Forwarding getAlertText on session 29194f33cb3aec777a93244c4ff51a2f to remote] DEBUG org.asynchttpclient.netty.request.NettyRequestSender - Using pooled Channel '[id: 0x9a6c50bb, L:/127.0.0.1:55297 - R:localhost/127.0.0.1:10663]' for 'GET' to 'http://localhost:10663/session/29194f33cb3aec777a93244c4ff51a2f/alert/text'
20:20:02.910 [Forwarding getAlertText on session 29194f33cb3aec777a93244c4ff51a2f to remote] DEBUG org.asynchttpclient.netty.request.NettyRequestSender - Using open Channel [id: 0x9a6c50bb, L:/127.0.0.1:55297 - R:localhost/127.0.0.1:10663] for GET '/session/29194f33cb3aec777a93244c4ff51a2f/alert/text'
20:20:02.913 [AsyncHttpClient-1-32] DEBUG org.asynchttpclient.netty.handler.HttpHandler - 

Request DefaultFullHttpRequest(decodeResult: success, version: HTTP/1.1, content: EmptyByteBufBE)
GET /session/29194f33cb3aec777a93244c4ff51a2f/alert/text HTTP/1.1
User-Agent: selenium/4.8.1 (java windows)
Cache-Control: no-cache
Content-Type: application/json; charset=utf-8
host: localhost:10663
accept: */*

Response DefaultHttpResponse(decodeResult: success, version: HTTP/1.1)
HTTP/1.1 404 Not Found
Content-Length: 836
Content-Type: application/json; charset=utf-8
cache-control: no-cache

20:20:02.914 [AsyncHttpClient-1-32] DEBUG org.asynchttpclient.netty.channel.ChannelManager - Adding key: http://localhost:10663 for channel [id: 0x9a6c50bb, L:/127.0.0.1:55297 - R:localhost/127.0.0.1:10663]
20:20:02.914 [Forwarding getCurrentUrl on session 29194f33cb3aec777a93244c4ff51a2f to remote] DEBUG org.asynchttpclient.netty.request.NettyRequestSender - Using pooled Channel '[id: 0x9a6c50bb, L:/127.0.0.1:55297 - R:localhost/127.0.0.1:10663]' for 'GET' to 'http://localhost:10663/session/29194f33cb3aec777a93244c4ff51a2f/url'
20:20:02.914 [Forwarding getCurrentUrl on session 29194f33cb3aec777a93244c4ff51a2f to remote] DEBUG org.asynchttpclient.netty.request.NettyRequestSender - Using open Channel [id: 0x9a6c50bb, L:/127.0.0.1:55297 - R:localhost/127.0.0.1:10663] for GET '/session/29194f33cb3aec777a93244c4ff51a2f/url'
20:20:02.918 [AsyncHttpClient-1-32] DEBUG org.asynchttpclient.netty.handler.HttpHandler - 

Request DefaultFullHttpRequest(decodeResult: success, version: HTTP/1.1, content: EmptyByteBufBE)
GET /session/29194f33cb3aec777a93244c4ff51a2f/url HTTP/1.1
User-Agent: selenium/4.8.1 (java windows)
Cache-Control: no-cache
Content-Type: application/json; charset=utf-8
host: localhost:10663
accept: */*

Response DefaultHttpResponse(decodeResult: success, version: HTTP/1.1)
HTTP/1.1 200 OK
Content-Length: 51
Content-Type: application/json; charset=utf-8
cache-control: no-cache

20:20:02.918 [AsyncHttpClient-1-32] DEBUG org.asynchttpclient.netty.channel.ChannelManager - Adding key: http://localhost:10663 for channel [id: 0x9a6c50bb, L:/127.0.0.1:55297 - R:localhost/127.0.0.1:10663]
20:20:02.918 [Forwarding screenshot on session 29194f33cb3aec777a93244c4ff51a2f to remote] DEBUG org.asynchttpclient.netty.request.NettyRequestSender - Using pooled Channel '[id: 0x9a6c50bb, L:/127.0.0.1:55297 - R:localhost/127.0.0.1:10663]' for 'GET' to 'http://localhost:10663/session/29194f33cb3aec777a93244c4ff51a2f/screenshot'
20:20:02.918 [Forwarding screenshot on session 29194f33cb3aec777a93244c4ff51a2f to remote] DEBUG org.asynchttpclient.netty.request.NettyRequestSender - Using open Channel [id: 0x9a6c50bb, L:/127.0.0.1:55297 - R:localhost/127.0.0.1:10663] for GET '/session/29194f33cb3aec777a93244c4ff51a2f/screenshot'
20:20:03.016 [AsyncHttpClient-1-32] DEBUG org.asynchttpclient.netty.handler.HttpHandler - 

Request DefaultFullHttpRequest(decodeResult: success, version: HTTP/1.1, content: EmptyByteBufBE)
GET /session/29194f33cb3aec777a93244c4ff51a2f/screenshot HTTP/1.1
User-Agent: selenium/4.8.1 (java windows)
Cache-Control: no-cache
Content-Type: application/json; charset=utf-8
host: localhost:10663
accept: */*

Response DefaultHttpResponse(decodeResult: success, version: HTTP/1.1)
HTTP/1.1 200 OK
Content-Length: 30184
Content-Type: application/json; charset=utf-8
cache-control: no-cache

20:20:03.017 [AsyncHttpClient-1-32] DEBUG org.asynchttpclient.netty.channel.ChannelManager - Adding key: http://localhost:10663 for channel [id: 0x9a6c50bb, L:/127.0.0.1:55297 - R:localhost/127.0.0.1:10663]
20:20:03.018 [main] DEBUG net.serenitybdd.core.photography.Darkroom - Send negative for processing for target\site\serenity\f3a90eae8610bdc6fa05056aa5d4aaba1e165d958219bb3b32ca4399945d10d9.png
20:20:03.018 [main] DEBUG net.thucydides.core.steps.StepInterceptor - STEP DONE: inputEmail
20:20:03.018 [Darkroom Processing Line] DEBUG net.serenitybdd.core.photography.DarkroomProcessingLine - Processing screenshot image in /var/screenshots/screenshot-3482589867569124056
20:20:03.018 [Darkroom Processing Line] DEBUG net.serenitybdd.core.photography.DarkroomProcessingLine - Saving screenshot to target\site\serenity\f3a90eae8610bdc6fa05056aa5d4aaba1e165d958219bb3b32ca4399945d10d9.png
20:20:03.023 [Forwarding getPageSource on session 29194f33cb3aec777a93244c4ff51a2f to remote] DEBUG org.asynchttpclient.netty.request.NettyRequestSender - Using pooled Channel '[id: 0x9a6c50bb, L:/127.0.0.1:55297 - R:localhost/127.0.0.1:10663]' for 'POST' to 'http://localhost:10663/session/29194f33cb3aec777a93244c4ff51a2f/execute/sync'
20:20:03.023 [Forwarding getPageSource on session 29194f33cb3aec777a93244c4ff51a2f to remote] DEBUG org.asynchttpclient.netty.request.NettyRequestSender - Using open Channel [id: 0x9a6c50bb, L:/127.0.0.1:55297 - R:localhost/127.0.0.1:10663] for POST '/session/29194f33cb3aec777a93244c4ff51a2f/execute/sync'
20:20:03.027 [AsyncHttpClient-1-32] DEBUG org.asynchttpclient.netty.handler.HttpHandler - 

Request DefaultHttpRequest(decodeResult: success, version: HTTP/1.1)
POST /session/29194f33cb3aec777a93244c4ff51a2f/execute/sync HTTP/1.1
User-Agent: selenium/4.8.1 (java windows)
Content-Length: 176
Content-Type: application/json; charset=utf-8
host: localhost:10663
accept: */*

Response DefaultHttpResponse(decodeResult: success, version: HTTP/1.1)
HTTP/1.1 200 OK
Content-Length: 21780
Content-Type: application/json; charset=utf-8
cache-control: no-cache

20:20:03.027 [AsyncHttpClient-1-32] DEBUG org.asynchttpclient.netty.channel.ChannelManager - Adding key: http://localhost:10663 for channel [id: 0x9a6c50bb, L:/127.0.0.1:55297 - R:localhost/127.0.0.1:10663]
20:20:03.028 [Forwarding getCurrentUrl on session 29194f33cb3aec777a93244c4ff51a2f to remote] DEBUG org.asynchttpclient.netty.request.NettyRequestSender - Using pooled Channel '[id: 0x9a6c50bb, L:/127.0.0.1:55297 - R:localhost/127.0.0.1:10663]' for 'GET' to 'http://localhost:10663/session/29194f33cb3aec777a93244c4ff51a2f/url'
20:20:03.028 [Forwarding getCurrentUrl on session 29194f33cb3aec777a93244c4ff51a2f to remote] DEBUG org.asynchttpclient.netty.request.NettyRequestSender - Using open Channel [id: 0x9a6c50bb, L:/127.0.0.1:55297 - R:localhost/127.0.0.1:10663] for GET '/session/29194f33cb3aec777a93244c4ff51a2f/url'
20:20:03.031 [AsyncHttpClient-1-32] DEBUG org.asynchttpclient.netty.handler.HttpHandler - 

Request DefaultFullHttpRequest(decodeResult: success, version: HTTP/1.1, content: EmptyByteBufBE)
GET /session/29194f33cb3aec777a93244c4ff51a2f/url HTTP/1.1
User-Agent: selenium/4.8.1 (java windows)
Cache-Control: no-cache
Content-Type: application/json; charset=utf-8
host: localhost:10663
accept: */*

Response DefaultHttpResponse(decodeResult: success, version: HTTP/1.1)
HTTP/1.1 200 OK
Content-Length: 51
Content-Type: application/json; charset=utf-8
cache-control: no-cache

20:20:03.031 [AsyncHttpClient-1-32] DEBUG org.asynchttpclient.netty.channel.ChannelManager - Adding key: http://localhost:10663 for channel [id: 0x9a6c50bb, L:/127.0.0.1:55297 - R:localhost/127.0.0.1:10663]
20:20:03.034 [main] DEBUG net.thucydides.core.steps.StepInterceptor - STARTING STEP: ProductSteps.onTheHomePage - inputPassword
20:20:03.036 [Forwarding findElement on session 29194f33cb3aec777a93244c4ff51a2f to remote] DEBUG org.asynchttpclient.netty.request.NettyRequestSender - Using pooled Channel '[id: 0x9a6c50bb, L:/127.0.0.1:55297 - R:localhost/127.0.0.1:10663]' for 'POST' to 'http://localhost:10663/session/29194f33cb3aec777a93244c4ff51a2f/element'
20:20:03.036 [Forwarding findElement on session 29194f33cb3aec777a93244c4ff51a2f to remote] DEBUG org.asynchttpclient.netty.request.NettyRequestSender - Using open Channel [id: 0x9a6c50bb, L:/127.0.0.1:55297 - R:localhost/127.0.0.1:10663] for POST '/session/29194f33cb3aec777a93244c4ff51a2f/element'
20:20:03.069 [AsyncHttpClient-1-32] DEBUG org.asynchttpclient.netty.handler.HttpHandler - 

Request DefaultHttpRequest(decodeResult: success, version: HTTP/1.1)
POST /session/29194f33cb3aec777a93244c4ff51a2f/element HTTP/1.1
User-Agent: selenium/4.8.1 (java windows)
Content-Length: 55
Content-Type: application/json; charset=utf-8
host: localhost:10663
accept: */*

Response DefaultHttpResponse(decodeResult: success, version: HTTP/1.1)
HTTP/1.1 200 OK
Content-Length: 88
Content-Type: application/json; charset=utf-8
cache-control: no-cache

20:20:03.069 [AsyncHttpClient-1-32] DEBUG org.asynchttpclient.netty.channel.ChannelManager - Adding key: http://localhost:10663 for channel [id: 0x9a6c50bb, L:/127.0.0.1:55297 - R:localhost/127.0.0.1:10663]
20:20:03.071 [Forwarding clearElement on session 29194f33cb3aec777a93244c4ff51a2f to remote] DEBUG org.asynchttpclient.netty.request.NettyRequestSender - Using pooled Channel '[id: 0x9a6c50bb, L:/127.0.0.1:55297 - R:localhost/127.0.0.1:10663]' for 'POST' to 'http://localhost:10663/session/29194f33cb3aec777a93244c4ff51a2f/element/a9987203-8d7e-4594-ae08-13c48dbc3919/clear'
20:20:03.071 [Forwarding clearElement on session 29194f33cb3aec777a93244c4ff51a2f to remote] DEBUG org.asynchttpclient.netty.request.NettyRequestSender - Using open Channel [id: 0x9a6c50bb, L:/127.0.0.1:55297 - R:localhost/127.0.0.1:10663] for POST '/session/29194f33cb3aec777a93244c4ff51a2f/element/a9987203-8d7e-4594-ae08-13c48dbc3919/clear'
20:20:03.106 [AsyncHttpClient-1-32] DEBUG org.asynchttpclient.netty.handler.HttpHandler - 

Request DefaultHttpRequest(decodeResult: success, version: HTTP/1.1)
POST /session/29194f33cb3aec777a93244c4ff51a2f/element/a9987203-8d7e-4594-ae08-13c48dbc3919/clear HTTP/1.1
User-Agent: selenium/4.8.1 (java windows)
Content-Length: 50
Content-Type: application/json; charset=utf-8
host: localhost:10663
accept: */*

Response DefaultHttpResponse(decodeResult: success, version: HTTP/1.1)
HTTP/1.1 200 OK
Content-Length: 14
Content-Type: application/json; charset=utf-8
cache-control: no-cache

20:20:03.107 [AsyncHttpClient-1-32] DEBUG org.asynchttpclient.netty.channel.ChannelManager - Adding key: http://localhost:10663 for channel [id: 0x9a6c50bb, L:/127.0.0.1:55297 - R:localhost/127.0.0.1:10663]
20:20:03.109 [Forwarding sendKeysToElement on session 29194f33cb3aec777a93244c4ff51a2f to remote] DEBUG org.asynchttpclient.netty.request.NettyRequestSender - Using pooled Channel '[id: 0x9a6c50bb, L:/127.0.0.1:55297 - R:localhost/127.0.0.1:10663]' for 'POST' to 'http://localhost:10663/session/29194f33cb3aec777a93244c4ff51a2f/element/a9987203-8d7e-4594-ae08-13c48dbc3919/value'
20:20:03.109 [Forwarding sendKeysToElement on session 29194f33cb3aec777a93244c4ff51a2f to remote] DEBUG org.asynchttpclient.netty.request.NettyRequestSender - Using open Channel [id: 0x9a6c50bb, L:/127.0.0.1:55297 - R:localhost/127.0.0.1:10663] for POST '/session/29194f33cb3aec777a93244c4ff51a2f/element/a9987203-8d7e-4594-ae08-13c48dbc3919/value'
20:20:03.187 [AsyncHttpClient-1-32] DEBUG org.asynchttpclient.netty.handler.HttpHandler - 

Request DefaultHttpRequest(decodeResult: success, version: HTTP/1.1)
POST /session/29194f33cb3aec777a93244c4ff51a2f/element/a9987203-8d7e-4594-ae08-13c48dbc3919/value HTTP/1.1
User-Agent: selenium/4.8.1 (java windows)
Content-Length: 141
Content-Type: application/json; charset=utf-8
host: localhost:10663
accept: */*

Response DefaultHttpResponse(decodeResult: success, version: HTTP/1.1)
HTTP/1.1 200 OK
Content-Length: 14
Content-Type: application/json; charset=utf-8
cache-control: no-cache

20:20:03.187 [AsyncHttpClient-1-32] DEBUG org.asynchttpclient.netty.channel.ChannelManager - Adding key: http://localhost:10663 for channel [id: 0x9a6c50bb, L:/127.0.0.1:55297 - R:localhost/127.0.0.1:10663]
20:20:03.191 [Forwarding getAlertText on session 29194f33cb3aec777a93244c4ff51a2f to remote] DEBUG org.asynchttpclient.netty.request.NettyRequestSender - Using pooled Channel '[id: 0x9a6c50bb, L:/127.0.0.1:55297 - R:localhost/127.0.0.1:10663]' for 'GET' to 'http://localhost:10663/session/29194f33cb3aec777a93244c4ff51a2f/alert/text'
20:20:03.191 [Forwarding getAlertText on session 29194f33cb3aec777a93244c4ff51a2f to remote] DEBUG org.asynchttpclient.netty.request.NettyRequestSender - Using open Channel [id: 0x9a6c50bb, L:/127.0.0.1:55297 - R:localhost/127.0.0.1:10663] for GET '/session/29194f33cb3aec777a93244c4ff51a2f/alert/text'
20:20:03.192 [AsyncHttpClient-1-32] DEBUG org.asynchttpclient.netty.handler.HttpHandler - 

Request DefaultFullHttpRequest(decodeResult: success, version: HTTP/1.1, content: EmptyByteBufBE)
GET /session/29194f33cb3aec777a93244c4ff51a2f/alert/text HTTP/1.1
User-Agent: selenium/4.8.1 (java windows)
Cache-Control: no-cache
Content-Type: application/json; charset=utf-8
host: localhost:10663
accept: */*

Response DefaultHttpResponse(decodeResult: success, version: HTTP/1.1)
HTTP/1.1 404 Not Found
Content-Length: 836
Content-Type: application/json; charset=utf-8
cache-control: no-cache

20:20:03.192 [AsyncHttpClient-1-32] DEBUG org.asynchttpclient.netty.channel.ChannelManager - Adding key: http://localhost:10663 for channel [id: 0x9a6c50bb, L:/127.0.0.1:55297 - R:localhost/127.0.0.1:10663]
20:20:03.193 [Forwarding getCurrentUrl on session 29194f33cb3aec777a93244c4ff51a2f to remote] DEBUG org.asynchttpclient.netty.request.NettyRequestSender - Using pooled Channel '[id: 0x9a6c50bb, L:/127.0.0.1:55297 - R:localhost/127.0.0.1:10663]' for 'GET' to 'http://localhost:10663/session/29194f33cb3aec777a93244c4ff51a2f/url'
20:20:03.193 [Forwarding getCurrentUrl on session 29194f33cb3aec777a93244c4ff51a2f to remote] DEBUG org.asynchttpclient.netty.request.NettyRequestSender - Using open Channel [id: 0x9a6c50bb, L:/127.0.0.1:55297 - R:localhost/127.0.0.1:10663] for GET '/session/29194f33cb3aec777a93244c4ff51a2f/url'
20:20:03.195 [AsyncHttpClient-1-32] DEBUG org.asynchttpclient.netty.handler.HttpHandler - 

Request DefaultFullHttpRequest(decodeResult: success, version: HTTP/1.1, content: EmptyByteBufBE)
GET /session/29194f33cb3aec777a93244c4ff51a2f/url HTTP/1.1
User-Agent: selenium/4.8.1 (java windows)
Cache-Control: no-cache
Content-Type: application/json; charset=utf-8
host: localhost:10663
accept: */*

Response DefaultHttpResponse(decodeResult: success, version: HTTP/1.1)
HTTP/1.1 200 OK
Content-Length: 51
Content-Type: application/json; charset=utf-8
cache-control: no-cache

20:20:03.195 [AsyncHttpClient-1-32] DEBUG org.asynchttpclient.netty.channel.ChannelManager - Adding key: http://localhost:10663 for channel [id: 0x9a6c50bb, L:/127.0.0.1:55297 - R:localhost/127.0.0.1:10663]
20:20:03.196 [Forwarding screenshot on session 29194f33cb3aec777a93244c4ff51a2f to remote] DEBUG org.asynchttpclient.netty.request.NettyRequestSender - Using pooled Channel '[id: 0x9a6c50bb, L:/127.0.0.1:55297 - R:localhost/127.0.0.1:10663]' for 'GET' to 'http://localhost:10663/session/29194f33cb3aec777a93244c4ff51a2f/screenshot'
20:20:03.196 [Forwarding screenshot on session 29194f33cb3aec777a93244c4ff51a2f to remote] DEBUG org.asynchttpclient.netty.request.NettyRequestSender - Using open Channel [id: 0x9a6c50bb, L:/127.0.0.1:55297 - R:localhost/127.0.0.1:10663] for GET '/session/29194f33cb3aec777a93244c4ff51a2f/screenshot'
20:20:03.283 [AsyncHttpClient-1-32] DEBUG org.asynchttpclient.netty.handler.HttpHandler - 

Request DefaultFullHttpRequest(decodeResult: success, version: HTTP/1.1, content: EmptyByteBufBE)
GET /session/29194f33cb3aec777a93244c4ff51a2f/screenshot HTTP/1.1
User-Agent: selenium/4.8.1 (java windows)
Cache-Control: no-cache
Content-Type: application/json; charset=utf-8
host: localhost:10663
accept: */*

Response DefaultHttpResponse(decodeResult: success, version: HTTP/1.1)
HTTP/1.1 200 OK
Content-Length: 30952
Content-Type: application/json; charset=utf-8
cache-control: no-cache

20:20:03.283 [AsyncHttpClient-1-32] DEBUG org.asynchttpclient.netty.channel.ChannelManager - Adding key: http://localhost:10663 for channel [id: 0x9a6c50bb, L:/127.0.0.1:55297 - R:localhost/127.0.0.1:10663]
20:20:03.284 [main] DEBUG net.serenitybdd.core.photography.Darkroom - Send negative for processing for target\site\serenity\821e273d501b289b32d2595acfd76e5abbe6b3555a2170fafd0347ac4af7d211.png
20:20:03.285 [main] DEBUG net.thucydides.core.steps.StepInterceptor - STEP DONE: inputPassword
20:20:03.285 [Darkroom Processing Line] DEBUG net.serenitybdd.core.photography.DarkroomProcessingLine - Processing screenshot image in /var/screenshots/screenshot-3518294147552596513
20:20:03.285 [Darkroom Processing Line] DEBUG net.serenitybdd.core.photography.DarkroomProcessingLine - Saving screenshot to target\site\serenity\821e273d501b289b32d2595acfd76e5abbe6b3555a2170fafd0347ac4af7d211.png
20:20:03.289 [Forwarding getPageSource on session 29194f33cb3aec777a93244c4ff51a2f to remote] DEBUG org.asynchttpclient.netty.request.NettyRequestSender - Using pooled Channel '[id: 0x9a6c50bb, L:/127.0.0.1:55297 - R:localhost/127.0.0.1:10663]' for 'POST' to 'http://localhost:10663/session/29194f33cb3aec777a93244c4ff51a2f/execute/sync'
20:20:03.289 [Forwarding getPageSource on session 29194f33cb3aec777a93244c4ff51a2f to remote] DEBUG org.asynchttpclient.netty.request.NettyRequestSender - Using open Channel [id: 0x9a6c50bb, L:/127.0.0.1:55297 - R:localhost/127.0.0.1:10663] for POST '/session/29194f33cb3aec777a93244c4ff51a2f/execute/sync'
20:20:03.292 [AsyncHttpClient-1-32] DEBUG org.asynchttpclient.netty.handler.HttpHandler - 

Request DefaultHttpRequest(decodeResult: success, version: HTTP/1.1)
POST /session/29194f33cb3aec777a93244c4ff51a2f/execute/sync HTTP/1.1
User-Agent: selenium/4.8.1 (java windows)
Content-Length: 176
Content-Type: application/json; charset=utf-8
host: localhost:10663
accept: */*

Response DefaultHttpResponse(decodeResult: success, version: HTTP/1.1)
HTTP/1.1 200 OK
Content-Length: 21839
Content-Type: application/json; charset=utf-8
cache-control: no-cache

20:20:03.292 [AsyncHttpClient-1-32] DEBUG org.asynchttpclient.netty.channel.ChannelManager - Adding key: http://localhost:10663 for channel [id: 0x9a6c50bb, L:/127.0.0.1:55297 - R:localhost/127.0.0.1:10663]
20:20:03.294 [Forwarding getCurrentUrl on session 29194f33cb3aec777a93244c4ff51a2f to remote] DEBUG org.asynchttpclient.netty.request.NettyRequestSender - Using pooled Channel '[id: 0x9a6c50bb, L:/127.0.0.1:55297 - R:localhost/127.0.0.1:10663]' for 'GET' to 'http://localhost:10663/session/29194f33cb3aec777a93244c4ff51a2f/url'
20:20:03.294 [Forwarding getCurrentUrl on session 29194f33cb3aec777a93244c4ff51a2f to remote] DEBUG org.asynchttpclient.netty.request.NettyRequestSender - Using open Channel [id: 0x9a6c50bb, L:/127.0.0.1:55297 - R:localhost/127.0.0.1:10663] for GET '/session/29194f33cb3aec777a93244c4ff51a2f/url'
20:20:03.296 [AsyncHttpClient-1-32] DEBUG org.asynchttpclient.netty.handler.HttpHandler - 

Request DefaultFullHttpRequest(decodeResult: success, version: HTTP/1.1, content: EmptyByteBufBE)
GET /session/29194f33cb3aec777a93244c4ff51a2f/url HTTP/1.1
User-Agent: selenium/4.8.1 (java windows)
Cache-Control: no-cache
Content-Type: application/json; charset=utf-8
host: localhost:10663
accept: */*

Response DefaultHttpResponse(decodeResult: success, version: HTTP/1.1)
HTTP/1.1 200 OK
Content-Length: 51
Content-Type: application/json; charset=utf-8
cache-control: no-cache

20:20:03.296 [AsyncHttpClient-1-32] DEBUG org.asynchttpclient.netty.channel.ChannelManager - Adding key: http://localhost:10663 for channel [id: 0x9a6c50bb, L:/127.0.0.1:55297 - R:localhost/127.0.0.1:10663]
20:20:03.297 [main] DEBUG net.thucydides.core.steps.StepInterceptor - STARTING STEP: ProductSteps.onTheHomePage - clickLoginButton
20:20:03.299 [Forwarding findElement on session 29194f33cb3aec777a93244c4ff51a2f to remote] DEBUG org.asynchttpclient.netty.request.NettyRequestSender - Using pooled Channel '[id: 0x9a6c50bb, L:/127.0.0.1:55297 - R:localhost/127.0.0.1:10663]' for 'POST' to 'http://localhost:10663/session/29194f33cb3aec777a93244c4ff51a2f/element'
20:20:03.299 [Forwarding findElement on session 29194f33cb3aec777a93244c4ff51a2f to remote] DEBUG org.asynchttpclient.netty.request.NettyRequestSender - Using open Channel [id: 0x9a6c50bb, L:/127.0.0.1:55297 - R:localhost/127.0.0.1:10663] for POST '/session/29194f33cb3aec777a93244c4ff51a2f/element'
20:20:03.306 [AsyncHttpClient-1-32] DEBUG org.asynchttpclient.netty.handler.HttpHandler - 

Request DefaultHttpRequest(decodeResult: success, version: HTTP/1.1)
POST /session/29194f33cb3aec777a93244c4ff51a2f/element HTTP/1.1
User-Agent: selenium/4.8.1 (java windows)
Content-Length: 71
Content-Type: application/json; charset=utf-8
host: localhost:10663
accept: */*

Response DefaultHttpResponse(decodeResult: success, version: HTTP/1.1)
HTTP/1.1 200 OK
Content-Length: 88
Content-Type: application/json; charset=utf-8
cache-control: no-cache

20:20:03.306 [AsyncHttpClient-1-32] DEBUG org.asynchttpclient.netty.channel.ChannelManager - Adding key: http://localhost:10663 for channel [id: 0x9a6c50bb, L:/127.0.0.1:55297 - R:localhost/127.0.0.1:10663]
20:20:03.308 [Forwarding getElementTagName on session 29194f33cb3aec777a93244c4ff51a2f to remote] DEBUG org.asynchttpclient.netty.request.NettyRequestSender - Using pooled Channel '[id: 0x9a6c50bb, L:/127.0.0.1:55297 - R:localhost/127.0.0.1:10663]' for 'GET' to 'http://localhost:10663/session/29194f33cb3aec777a93244c4ff51a2f/element/e62475f4-9cbf-4bc5-81b2-b4d082883fe9/name'
20:20:03.308 [Forwarding getElementTagName on session 29194f33cb3aec777a93244c4ff51a2f to remote] DEBUG org.asynchttpclient.netty.request.NettyRequestSender - Using open Channel [id: 0x9a6c50bb, L:/127.0.0.1:55297 - R:localhost/127.0.0.1:10663] for GET '/session/29194f33cb3aec777a93244c4ff51a2f/element/e62475f4-9cbf-4bc5-81b2-b4d082883fe9/name'
20:20:03.311 [AsyncHttpClient-1-32] DEBUG org.asynchttpclient.netty.handler.HttpHandler - 

Request DefaultFullHttpRequest(decodeResult: success, version: HTTP/1.1, content: EmptyByteBufBE)
GET /session/29194f33cb3aec777a93244c4ff51a2f/element/e62475f4-9cbf-4bc5-81b2-b4d082883fe9/name HTTP/1.1
User-Agent: selenium/4.8.1 (java windows)
Cache-Control: no-cache
Content-Type: application/json; charset=utf-8
host: localhost:10663
accept: */*

Response DefaultHttpResponse(decodeResult: success, version: HTTP/1.1)
HTTP/1.1 200 OK
Content-Length: 18
Content-Type: application/json; charset=utf-8
cache-control: no-cache

20:20:03.311 [AsyncHttpClient-1-32] DEBUG org.asynchttpclient.netty.channel.ChannelManager - Adding key: http://localhost:10663 for channel [id: 0x9a6c50bb, L:/127.0.0.1:55297 - R:localhost/127.0.0.1:10663]
20:20:03.312 [Forwarding getElementTagName on session 29194f33cb3aec777a93244c4ff51a2f to remote] DEBUG org.asynchttpclient.netty.request.NettyRequestSender - Using pooled Channel '[id: 0x9a6c50bb, L:/127.0.0.1:55297 - R:localhost/127.0.0.1:10663]' for 'GET' to 'http://localhost:10663/session/29194f33cb3aec777a93244c4ff51a2f/element/e62475f4-9cbf-4bc5-81b2-b4d082883fe9/name'
20:20:03.312 [Forwarding getElementTagName on session 29194f33cb3aec777a93244c4ff51a2f to remote] DEBUG org.asynchttpclient.netty.request.NettyRequestSender - Using open Channel [id: 0x9a6c50bb, L:/127.0.0.1:55297 - R:localhost/127.0.0.1:10663] for GET '/session/29194f33cb3aec777a93244c4ff51a2f/element/e62475f4-9cbf-4bc5-81b2-b4d082883fe9/name'
20:20:03.315 [AsyncHttpClient-1-32] DEBUG org.asynchttpclient.netty.handler.HttpHandler - 

Request DefaultFullHttpRequest(decodeResult: success, version: HTTP/1.1, content: EmptyByteBufBE)
GET /session/29194f33cb3aec777a93244c4ff51a2f/element/e62475f4-9cbf-4bc5-81b2-b4d082883fe9/name HTTP/1.1
User-Agent: selenium/4.8.1 (java windows)
Cache-Control: no-cache
Content-Type: application/json; charset=utf-8
host: localhost:10663
accept: */*

Response DefaultHttpResponse(decodeResult: success, version: HTTP/1.1)
HTTP/1.1 200 OK
Content-Length: 18
Content-Type: application/json; charset=utf-8
cache-control: no-cache

20:20:03.316 [AsyncHttpClient-1-32] DEBUG org.asynchttpclient.netty.channel.ChannelManager - Adding key: http://localhost:10663 for channel [id: 0x9a6c50bb, L:/127.0.0.1:55297 - R:localhost/127.0.0.1:10663]
20:20:03.317 [Forwarding isElementEnabled on session 29194f33cb3aec777a93244c4ff51a2f to remote] DEBUG org.asynchttpclient.netty.request.NettyRequestSender - Using pooled Channel '[id: 0x9a6c50bb, L:/127.0.0.1:55297 - R:localhost/127.0.0.1:10663]' for 'GET' to 'http://localhost:10663/session/29194f33cb3aec777a93244c4ff51a2f/element/e62475f4-9cbf-4bc5-81b2-b4d082883fe9/enabled'
20:20:03.317 [Forwarding isElementEnabled on session 29194f33cb3aec777a93244c4ff51a2f to remote] DEBUG org.asynchttpclient.netty.request.NettyRequestSender - Using open Channel [id: 0x9a6c50bb, L:/127.0.0.1:55297 - R:localhost/127.0.0.1:10663] for GET '/session/29194f33cb3aec777a93244c4ff51a2f/element/e62475f4-9cbf-4bc5-81b2-b4d082883fe9/enabled'
20:20:03.323 [AsyncHttpClient-1-32] DEBUG org.asynchttpclient.netty.handler.HttpHandler - 

Request DefaultFullHttpRequest(decodeResult: success, version: HTTP/1.1, content: EmptyByteBufBE)
GET /session/29194f33cb3aec777a93244c4ff51a2f/element/e62475f4-9cbf-4bc5-81b2-b4d082883fe9/enabled HTTP/1.1
User-Agent: selenium/4.8.1 (java windows)
Cache-Control: no-cache
Content-Type: application/json; charset=utf-8
host: localhost:10663
accept: */*

Response DefaultHttpResponse(decodeResult: success, version: HTTP/1.1)
HTTP/1.1 200 OK
Content-Length: 14
Content-Type: application/json; charset=utf-8
cache-control: no-cache

20:20:03.323 [AsyncHttpClient-1-32] DEBUG org.asynchttpclient.netty.channel.ChannelManager - Adding key: http://localhost:10663 for channel [id: 0x9a6c50bb, L:/127.0.0.1:55297 - R:localhost/127.0.0.1:10663]
20:20:03.323 [Forwarding isElementEnabled on session 29194f33cb3aec777a93244c4ff51a2f to remote] DEBUG org.asynchttpclient.netty.request.NettyRequestSender - Using pooled Channel '[id: 0x9a6c50bb, L:/127.0.0.1:55297 - R:localhost/127.0.0.1:10663]' for 'GET' to 'http://localhost:10663/session/29194f33cb3aec777a93244c4ff51a2f/element/e62475f4-9cbf-4bc5-81b2-b4d082883fe9/enabled'
20:20:03.323 [Forwarding isElementEnabled on session 29194f33cb3aec777a93244c4ff51a2f to remote] DEBUG org.asynchttpclient.netty.request.NettyRequestSender - Using open Channel [id: 0x9a6c50bb, L:/127.0.0.1:55297 - R:localhost/127.0.0.1:10663] for GET '/session/29194f33cb3aec777a93244c4ff51a2f/element/e62475f4-9cbf-4bc5-81b2-b4d082883fe9/enabled'
20:20:03.327 [AsyncHttpClient-1-32] DEBUG org.asynchttpclient.netty.handler.HttpHandler - 

Request DefaultFullHttpRequest(decodeResult: success, version: HTTP/1.1, content: EmptyByteBufBE)
GET /session/29194f33cb3aec777a93244c4ff51a2f/element/e62475f4-9cbf-4bc5-81b2-b4d082883fe9/enabled HTTP/1.1
User-Agent: selenium/4.8.1 (java windows)
Cache-Control: no-cache
Content-Type: application/json; charset=utf-8
host: localhost:10663
accept: */*

Response DefaultHttpResponse(decodeResult: success, version: HTTP/1.1)
HTTP/1.1 200 OK
Content-Length: 14
Content-Type: application/json; charset=utf-8
cache-control: no-cache

20:20:03.327 [AsyncHttpClient-1-32] DEBUG org.asynchttpclient.netty.channel.ChannelManager - Adding key: http://localhost:10663 for channel [id: 0x9a6c50bb, L:/127.0.0.1:55297 - R:localhost/127.0.0.1:10663]
20:20:03.328 [Forwarding findElement on session 29194f33cb3aec777a93244c4ff51a2f to remote] DEBUG org.asynchttpclient.netty.request.NettyRequestSender - Using pooled Channel '[id: 0x9a6c50bb, L:/127.0.0.1:55297 - R:localhost/127.0.0.1:10663]' for 'POST' to 'http://localhost:10663/session/29194f33cb3aec777a93244c4ff51a2f/element'
20:20:03.328 [Forwarding findElement on session 29194f33cb3aec777a93244c4ff51a2f to remote] DEBUG org.asynchttpclient.netty.request.NettyRequestSender - Using open Channel [id: 0x9a6c50bb, L:/127.0.0.1:55297 - R:localhost/127.0.0.1:10663] for POST '/session/29194f33cb3aec777a93244c4ff51a2f/element'
20:20:03.332 [AsyncHttpClient-1-32] DEBUG org.asynchttpclient.netty.handler.HttpHandler - 

Request DefaultHttpRequest(decodeResult: success, version: HTTP/1.1)
POST /session/29194f33cb3aec777a93244c4ff51a2f/element HTTP/1.1
User-Agent: selenium/4.8.1 (java windows)
Content-Length: 71
Content-Type: application/json; charset=utf-8
host: localhost:10663
accept: */*

Response DefaultHttpResponse(decodeResult: success, version: HTTP/1.1)
HTTP/1.1 200 OK
Content-Length: 88
Content-Type: application/json; charset=utf-8
cache-control: no-cache

20:20:03.332 [AsyncHttpClient-1-32] DEBUG org.asynchttpclient.netty.channel.ChannelManager - Adding key: http://localhost:10663 for channel [id: 0x9a6c50bb, L:/127.0.0.1:55297 - R:localhost/127.0.0.1:10663]
20:20:03.333 [Forwarding clickElement on session 29194f33cb3aec777a93244c4ff51a2f to remote] DEBUG org.asynchttpclient.netty.request.NettyRequestSender - Using pooled Channel '[id: 0x9a6c50bb, L:/127.0.0.1:55297 - R:localhost/127.0.0.1:10663]' for 'POST' to 'http://localhost:10663/session/29194f33cb3aec777a93244c4ff51a2f/element/e62475f4-9cbf-4bc5-81b2-b4d082883fe9/click'
20:20:03.333 [Forwarding clickElement on session 29194f33cb3aec777a93244c4ff51a2f to remote] DEBUG org.asynchttpclient.netty.request.NettyRequestSender - Using open Channel [id: 0x9a6c50bb, L:/127.0.0.1:55297 - R:localhost/127.0.0.1:10663] for POST '/session/29194f33cb3aec777a93244c4ff51a2f/element/e62475f4-9cbf-4bc5-81b2-b4d082883fe9/click'
20:20:03.371 [AsyncHttpClient-1-32] DEBUG org.asynchttpclient.netty.handler.HttpHandler - 

Request DefaultHttpRequest(decodeResult: success, version: HTTP/1.1)
POST /session/29194f33cb3aec777a93244c4ff51a2f/element/e62475f4-9cbf-4bc5-81b2-b4d082883fe9/click HTTP/1.1
User-Agent: selenium/4.8.1 (java windows)
Content-Length: 50
Content-Type: application/json; charset=utf-8
host: localhost:10663
accept: */*

Response DefaultHttpResponse(decodeResult: success, version: HTTP/1.1)
HTTP/1.1 200 OK
Content-Length: 14
Content-Type: application/json; charset=utf-8
cache-control: no-cache

20:20:03.371 [AsyncHttpClient-1-32] DEBUG org.asynchttpclient.netty.channel.ChannelManager - Adding key: http://localhost:10663 for channel [id: 0x9a6c50bb, L:/127.0.0.1:55297 - R:localhost/127.0.0.1:10663]
20:20:03.375 [Forwarding getAlertText on session 29194f33cb3aec777a93244c4ff51a2f to remote] DEBUG org.asynchttpclient.netty.request.NettyRequestSender - Using pooled Channel '[id: 0x9a6c50bb, L:/127.0.0.1:55297 - R:localhost/127.0.0.1:10663]' for 'GET' to 'http://localhost:10663/session/29194f33cb3aec777a93244c4ff51a2f/alert/text'
20:20:03.375 [Forwarding getAlertText on session 29194f33cb3aec777a93244c4ff51a2f to remote] DEBUG org.asynchttpclient.netty.request.NettyRequestSender - Using open Channel [id: 0x9a6c50bb, L:/127.0.0.1:55297 - R:localhost/127.0.0.1:10663] for GET '/session/29194f33cb3aec777a93244c4ff51a2f/alert/text'
20:20:03.378 [AsyncHttpClient-1-32] DEBUG org.asynchttpclient.netty.handler.HttpHandler - 

Request DefaultFullHttpRequest(decodeResult: success, version: HTTP/1.1, content: EmptyByteBufBE)
GET /session/29194f33cb3aec777a93244c4ff51a2f/alert/text HTTP/1.1
User-Agent: selenium/4.8.1 (java windows)
Cache-Control: no-cache
Content-Type: application/json; charset=utf-8
host: localhost:10663
accept: */*

Response DefaultHttpResponse(decodeResult: success, version: HTTP/1.1)
HTTP/1.1 404 Not Found
Content-Length: 836
Content-Type: application/json; charset=utf-8
cache-control: no-cache

20:20:03.378 [AsyncHttpClient-1-32] DEBUG org.asynchttpclient.netty.channel.ChannelManager - Adding key: http://localhost:10663 for channel [id: 0x9a6c50bb, L:/127.0.0.1:55297 - R:localhost/127.0.0.1:10663]
20:20:03.379 [Forwarding getCurrentUrl on session 29194f33cb3aec777a93244c4ff51a2f to remote] DEBUG org.asynchttpclient.netty.request.NettyRequestSender - Using pooled Channel '[id: 0x9a6c50bb, L:/127.0.0.1:55297 - R:localhost/127.0.0.1:10663]' for 'GET' to 'http://localhost:10663/session/29194f33cb3aec777a93244c4ff51a2f/url'
20:20:03.379 [Forwarding getCurrentUrl on session 29194f33cb3aec777a93244c4ff51a2f to remote] DEBUG org.asynchttpclient.netty.request.NettyRequestSender - Using open Channel [id: 0x9a6c50bb, L:/127.0.0.1:55297 - R:localhost/127.0.0.1:10663] for GET '/session/29194f33cb3aec777a93244c4ff51a2f/url'
20:20:03.380 [AsyncHttpClient-1-32] DEBUG org.asynchttpclient.netty.handler.HttpHandler - 

Request DefaultFullHttpRequest(decodeResult: success, version: HTTP/1.1, content: EmptyByteBufBE)
GET /session/29194f33cb3aec777a93244c4ff51a2f/url HTTP/1.1
User-Agent: selenium/4.8.1 (java windows)
Cache-Control: no-cache
Content-Type: application/json; charset=utf-8
host: localhost:10663
accept: */*

Response DefaultHttpResponse(decodeResult: success, version: HTTP/1.1)
HTTP/1.1 200 OK
Content-Length: 51
Content-Type: application/json; charset=utf-8
cache-control: no-cache

20:20:03.380 [AsyncHttpClient-1-32] DEBUG org.asynchttpclient.netty.channel.ChannelManager - Adding key: http://localhost:10663 for channel [id: 0x9a6c50bb, L:/127.0.0.1:55297 - R:localhost/127.0.0.1:10663]
20:20:03.381 [Forwarding screenshot on session 29194f33cb3aec777a93244c4ff51a2f to remote] DEBUG org.asynchttpclient.netty.request.NettyRequestSender - Using pooled Channel '[id: 0x9a6c50bb, L:/127.0.0.1:55297 - R:localhost/127.0.0.1:10663]' for 'GET' to 'http://localhost:10663/session/29194f33cb3aec777a93244c4ff51a2f/screenshot'
20:20:03.381 [Forwarding screenshot on session 29194f33cb3aec777a93244c4ff51a2f to remote] DEBUG org.asynchttpclient.netty.request.NettyRequestSender - Using open Channel [id: 0x9a6c50bb, L:/127.0.0.1:55297 - R:localhost/127.0.0.1:10663] for GET '/session/29194f33cb3aec777a93244c4ff51a2f/screenshot'
20:20:03.470 [AsyncHttpClient-1-32] DEBUG org.asynchttpclient.netty.handler.HttpHandler - 

Request DefaultFullHttpRequest(decodeResult: success, version: HTTP/1.1, content: EmptyByteBufBE)
GET /session/29194f33cb3aec777a93244c4ff51a2f/screenshot HTTP/1.1
User-Agent: selenium/4.8.1 (java windows)
Cache-Control: no-cache
Content-Type: application/json; charset=utf-8
host: localhost:10663
accept: */*

Response DefaultHttpResponse(decodeResult: success, version: HTTP/1.1)
HTTP/1.1 200 OK
Content-Length: 30508
Content-Type: application/json; charset=utf-8
cache-control: no-cache

20:20:03.470 [AsyncHttpClient-1-32] DEBUG org.asynchttpclient.netty.channel.ChannelManager - Adding key: http://localhost:10663 for channel [id: 0x9a6c50bb, L:/127.0.0.1:55297 - R:localhost/127.0.0.1:10663]
20:20:03.471 [main] DEBUG net.serenitybdd.core.photography.Darkroom - Send negative for processing for target\site\serenity\1b2513585a4f4946cdea76f027ed680f8a8f1791806b27c32c7d2bf56fd348d6.png
20:20:03.471 [main] DEBUG net.thucydides.core.steps.StepInterceptor - STEP DONE: clickLoginButton
20:20:03.472 [Darkroom Processing Line] DEBUG net.serenitybdd.core.photography.DarkroomProcessingLine - Processing screenshot image in /var/screenshots/screenshot-2398856029053350721
20:20:03.472 [Darkroom Processing Line] DEBUG net.serenitybdd.core.photography.DarkroomProcessingLine - Saving screenshot to target\site\serenity\1b2513585a4f4946cdea76f027ed680f8a8f1791806b27c32c7d2bf56fd348d6.png
20:20:03.476 [Forwarding getPageSource on session 29194f33cb3aec777a93244c4ff51a2f to remote] DEBUG org.asynchttpclient.netty.request.NettyRequestSender - Using pooled Channel '[id: 0x9a6c50bb, L:/127.0.0.1:55297 - R:localhost/127.0.0.1:10663]' for 'POST' to 'http://localhost:10663/session/29194f33cb3aec777a93244c4ff51a2f/execute/sync'
20:20:03.476 [Forwarding getPageSource on session 29194f33cb3aec777a93244c4ff51a2f to remote] DEBUG org.asynchttpclient.netty.request.NettyRequestSender - Using open Channel [id: 0x9a6c50bb, L:/127.0.0.1:55297 - R:localhost/127.0.0.1:10663] for POST '/session/29194f33cb3aec777a93244c4ff51a2f/execute/sync'
20:20:03.481 [AsyncHttpClient-1-32] DEBUG org.asynchttpclient.netty.handler.HttpHandler - 

Request DefaultHttpRequest(decodeResult: success, version: HTTP/1.1)
POST /session/29194f33cb3aec777a93244c4ff51a2f/execute/sync HTTP/1.1
User-Agent: selenium/4.8.1 (java windows)
Content-Length: 176
Content-Type: application/json; charset=utf-8
host: localhost:10663
accept: */*

Response DefaultHttpResponse(decodeResult: success, version: HTTP/1.1)
HTTP/1.1 200 OK
Content-Length: 22119
Content-Type: application/json; charset=utf-8
cache-control: no-cache

20:20:03.481 [AsyncHttpClient-1-32] DEBUG org.asynchttpclient.netty.channel.ChannelManager - Adding key: http://localhost:10663 for channel [id: 0x9a6c50bb, L:/127.0.0.1:55297 - R:localhost/127.0.0.1:10663]
20:20:03.482 [Forwarding getCurrentUrl on session 29194f33cb3aec777a93244c4ff51a2f to remote] DEBUG org.asynchttpclient.netty.request.NettyRequestSender - Using pooled Channel '[id: 0x9a6c50bb, L:/127.0.0.1:55297 - R:localhost/127.0.0.1:10663]' for 'GET' to 'http://localhost:10663/session/29194f33cb3aec777a93244c4ff51a2f/url'
20:20:03.482 [Forwarding getCurrentUrl on session 29194f33cb3aec777a93244c4ff51a2f to remote] DEBUG org.asynchttpclient.netty.request.NettyRequestSender - Using open Channel [id: 0x9a6c50bb, L:/127.0.0.1:55297 - R:localhost/127.0.0.1:10663] for GET '/session/29194f33cb3aec777a93244c4ff51a2f/url'
20:20:03.484 [AsyncHttpClient-1-32] DEBUG org.asynchttpclient.netty.handler.HttpHandler - 

Request DefaultFullHttpRequest(decodeResult: success, version: HTTP/1.1, content: EmptyByteBufBE)
GET /session/29194f33cb3aec777a93244c4ff51a2f/url HTTP/1.1
User-Agent: selenium/4.8.1 (java windows)
Cache-Control: no-cache
Content-Type: application/json; charset=utf-8
host: localhost:10663
accept: */*

Response DefaultHttpResponse(decodeResult: success, version: HTTP/1.1)
HTTP/1.1 200 OK
Content-Length: 51
Content-Type: application/json; charset=utf-8
cache-control: no-cache

20:20:03.484 [AsyncHttpClient-1-32] DEBUG org.asynchttpclient.netty.channel.ChannelManager - Adding key: http://localhost:10663 for channel [id: 0x9a6c50bb, L:/127.0.0.1:55297 - R:localhost/127.0.0.1:10663]
20:20:03.486 [main] DEBUG net.thucydides.core.steps.StepInterceptor - STARTING STEP: ProductSteps.onTheHomePage - validateOnHomePage
20:20:03.488 [Forwarding findElement on session 29194f33cb3aec777a93244c4ff51a2f to remote] DEBUG org.asynchttpclient.netty.request.NettyRequestSender - Using pooled Channel '[id: 0x9a6c50bb, L:/127.0.0.1:55297 - R:localhost/127.0.0.1:10663]' for 'POST' to 'http://localhost:10663/session/29194f33cb3aec777a93244c4ff51a2f/element'
20:20:03.488 [Forwarding findElement on session 29194f33cb3aec777a93244c4ff51a2f to remote] DEBUG org.asynchttpclient.netty.request.NettyRequestSender - Using open Channel [id: 0x9a6c50bb, L:/127.0.0.1:55297 - R:localhost/127.0.0.1:10663] for POST '/session/29194f33cb3aec777a93244c4ff51a2f/element'
20:20:03.659 [AsyncHttpClient-1-1] DEBUG org.asynchttpclient.netty.channel.DefaultChannelPool - Entry count for : http://localhost:55298 : 1
20:20:03.803 [AsyncHttpClient-1-32] DEBUG org.asynchttpclient.netty.handler.HttpHandler - 

Request DefaultHttpRequest(decodeResult: success, version: HTTP/1.1)
POST /session/29194f33cb3aec777a93244c4ff51a2f/element HTTP/1.1
User-Agent: selenium/4.8.1 (java windows)
Content-Length: 54
Content-Type: application/json; charset=utf-8
host: localhost:10663
accept: */*

Response DefaultHttpResponse(decodeResult: success, version: HTTP/1.1)
HTTP/1.1 200 OK
Content-Length: 88
Content-Type: application/json; charset=utf-8
cache-control: no-cache

20:20:03.803 [AsyncHttpClient-1-32] DEBUG org.asynchttpclient.netty.channel.ChannelManager - Adding key: http://localhost:10663 for channel [id: 0x9a6c50bb, L:/127.0.0.1:55297 - R:localhost/127.0.0.1:10663]
20:20:03.804 [Forwarding isElementDisplayed on session 29194f33cb3aec777a93244c4ff51a2f to remote] DEBUG org.asynchttpclient.netty.request.NettyRequestSender - Using pooled Channel '[id: 0x9a6c50bb, L:/127.0.0.1:55297 - R:localhost/127.0.0.1:10663]' for 'POST' to 'http://localhost:10663/session/29194f33cb3aec777a93244c4ff51a2f/execute/sync'
20:20:03.804 [Forwarding isElementDisplayed on session 29194f33cb3aec777a93244c4ff51a2f to remote] DEBUG org.asynchttpclient.netty.request.NettyRequestSender - Using open Channel [id: 0x9a6c50bb, L:/127.0.0.1:55297 - R:localhost/127.0.0.1:10663] for POST '/session/29194f33cb3aec777a93244c4ff51a2f/execute/sync'
20:20:03.816 [AsyncHttpClient-1-32] DEBUG org.asynchttpclient.netty.handler.HttpHandler - 

Request DefaultHttpRequest(decodeResult: success, version: HTTP/1.1)
POST /session/29194f33cb3aec777a93244c4ff51a2f/execute/sync HTTP/1.1
User-Agent: selenium/4.8.1 (java windows)
Content-Length: 48807
Content-Type: application/json; charset=utf-8
host: localhost:10663
accept: */*

Response DefaultHttpResponse(decodeResult: success, version: HTTP/1.1)
HTTP/1.1 200 OK
Content-Length: 14
Content-Type: application/json; charset=utf-8
cache-control: no-cache

20:20:03.816 [AsyncHttpClient-1-32] DEBUG org.asynchttpclient.netty.channel.ChannelManager - Adding key: http://localhost:10663 for channel [id: 0x9a6c50bb, L:/127.0.0.1:55297 - R:localhost/127.0.0.1:10663]
20:20:03.819 [Forwarding getAlertText on session 29194f33cb3aec777a93244c4ff51a2f to remote] DEBUG org.asynchttpclient.netty.request.NettyRequestSender - Using pooled Channel '[id: 0x9a6c50bb, L:/127.0.0.1:55297 - R:localhost/127.0.0.1:10663]' for 'GET' to 'http://localhost:10663/session/29194f33cb3aec777a93244c4ff51a2f/alert/text'
20:20:03.819 [Forwarding getAlertText on session 29194f33cb3aec777a93244c4ff51a2f to remote] DEBUG org.asynchttpclient.netty.request.NettyRequestSender - Using open Channel [id: 0x9a6c50bb, L:/127.0.0.1:55297 - R:localhost/127.0.0.1:10663] for GET '/session/29194f33cb3aec777a93244c4ff51a2f/alert/text'
20:20:03.821 [AsyncHttpClient-1-32] DEBUG org.asynchttpclient.netty.handler.HttpHandler - 

Request DefaultFullHttpRequest(decodeResult: success, version: HTTP/1.1, content: EmptyByteBufBE)
GET /session/29194f33cb3aec777a93244c4ff51a2f/alert/text HTTP/1.1
User-Agent: selenium/4.8.1 (java windows)
Cache-Control: no-cache
Content-Type: application/json; charset=utf-8
host: localhost:10663
accept: */*

Response DefaultHttpResponse(decodeResult: success, version: HTTP/1.1)
HTTP/1.1 404 Not Found
Content-Length: 836
Content-Type: application/json; charset=utf-8
cache-control: no-cache

20:20:03.821 [AsyncHttpClient-1-32] DEBUG org.asynchttpclient.netty.channel.ChannelManager - Adding key: http://localhost:10663 for channel [id: 0x9a6c50bb, L:/127.0.0.1:55297 - R:localhost/127.0.0.1:10663]
20:20:03.821 [Forwarding getCurrentUrl on session 29194f33cb3aec777a93244c4ff51a2f to remote] DEBUG org.asynchttpclient.netty.request.NettyRequestSender - Using pooled Channel '[id: 0x9a6c50bb, L:/127.0.0.1:55297 - R:localhost/127.0.0.1:10663]' for 'GET' to 'http://localhost:10663/session/29194f33cb3aec777a93244c4ff51a2f/url'
20:20:03.821 [Forwarding getCurrentUrl on session 29194f33cb3aec777a93244c4ff51a2f to remote] DEBUG org.asynchttpclient.netty.request.NettyRequestSender - Using open Channel [id: 0x9a6c50bb, L:/127.0.0.1:55297 - R:localhost/127.0.0.1:10663] for GET '/session/29194f33cb3aec777a93244c4ff51a2f/url'
20:20:03.824 [AsyncHttpClient-1-32] DEBUG org.asynchttpclient.netty.handler.HttpHandler - 

Request DefaultFullHttpRequest(decodeResult: success, version: HTTP/1.1, content: EmptyByteBufBE)
GET /session/29194f33cb3aec777a93244c4ff51a2f/url HTTP/1.1
User-Agent: selenium/4.8.1 (java windows)
Cache-Control: no-cache
Content-Type: application/json; charset=utf-8
host: localhost:10663
accept: */*

Response DefaultHttpResponse(decodeResult: success, version: HTTP/1.1)
HTTP/1.1 200 OK
Content-Length: 41
Content-Type: application/json; charset=utf-8
cache-control: no-cache

20:20:03.824 [AsyncHttpClient-1-32] DEBUG org.asynchttpclient.netty.channel.ChannelManager - Adding key: http://localhost:10663 for channel [id: 0x9a6c50bb, L:/127.0.0.1:55297 - R:localhost/127.0.0.1:10663]
20:20:03.825 [Forwarding screenshot on session 29194f33cb3aec777a93244c4ff51a2f to remote] DEBUG org.asynchttpclient.netty.request.NettyRequestSender - Using pooled Channel '[id: 0x9a6c50bb, L:/127.0.0.1:55297 - R:localhost/127.0.0.1:10663]' for 'GET' to 'http://localhost:10663/session/29194f33cb3aec777a93244c4ff51a2f/screenshot'
20:20:03.825 [Forwarding screenshot on session 29194f33cb3aec777a93244c4ff51a2f to remote] DEBUG org.asynchttpclient.netty.request.NettyRequestSender - Using open Channel [id: 0x9a6c50bb, L:/127.0.0.1:55297 - R:localhost/127.0.0.1:10663] for GET '/session/29194f33cb3aec777a93244c4ff51a2f/screenshot'
20:20:04.331 [AsyncHttpClient-1-32] DEBUG org.asynchttpclient.netty.handler.HttpHandler - 

Request DefaultFullHttpRequest(decodeResult: success, version: HTTP/1.1, content: EmptyByteBufBE)
GET /session/29194f33cb3aec777a93244c4ff51a2f/screenshot HTTP/1.1
User-Agent: selenium/4.8.1 (java windows)
Cache-Control: no-cache
Content-Type: application/json; charset=utf-8
host: localhost:10663
accept: */*

Response DefaultHttpResponse(decodeResult: success, version: HTTP/1.1)
HTTP/1.1 200 OK
Content-Length: 26200
Content-Type: application/json; charset=utf-8
cache-control: no-cache

20:20:04.332 [AsyncHttpClient-1-32] DEBUG org.asynchttpclient.netty.channel.ChannelManager - Adding key: http://localhost:10663 for channel [id: 0x9a6c50bb, L:/127.0.0.1:55297 - R:localhost/127.0.0.1:10663]
20:20:04.333 [main] DEBUG net.serenitybdd.core.photography.Darkroom - Send negative for processing for target\site\serenity\b39396b112485565e18280aaadc2999bd9279eca4b70f0de5aa8d4376f7f3eb3.png
20:20:04.333 [main] DEBUG net.thucydides.core.steps.StepInterceptor - STEP DONE: validateOnHomePage
20:20:04.333 [Darkroom Processing Line] DEBUG net.serenitybdd.core.photography.DarkroomProcessingLine - Processing screenshot image in /var/screenshots/screenshot-10913850345706288681
  &amp#27;[32mGiven &amp#27;[0m&amp#27;[32mI already login and go to the alta-shop home page&amp#27;[0m &amp#27;[90m# starter.stepdefinitions.ProductSteps.onTheHomePage()&amp#27;[0m
20:20:04.333 [Darkroom Processing Line] DEBUG net.serenitybdd.core.photography.DarkroomProcessingLine - Saving screenshot to target\site\serenity\b39396b112485565e18280aaadc2999bd9279eca4b70f0de5aa8d4376f7f3eb3.png
20:20:04.339 [Forwarding getPageSource on session 29194f33cb3aec777a93244c4ff51a2f to remote] DEBUG org.asynchttpclient.netty.request.NettyRequestSender - Using pooled Channel '[id: 0x9a6c50bb, L:/127.0.0.1:55297 - R:localhost/127.0.0.1:10663]' for 'POST' to 'http://localhost:10663/session/29194f33cb3aec777a93244c4ff51a2f/execute/sync'
20:20:04.339 [Forwarding getPageSource on session 29194f33cb3aec777a93244c4ff51a2f to remote] DEBUG org.asynchttpclient.netty.request.NettyRequestSender - Using open Channel [id: 0x9a6c50bb, L:/127.0.0.1:55297 - R:localhost/127.0.0.1:10663] for POST '/session/29194f33cb3aec777a93244c4ff51a2f/execute/sync'
20:20:04.352 [AsyncHttpClient-1-32] DEBUG org.asynchttpclient.netty.handler.HttpHandler - 

Request DefaultHttpRequest(decodeResult: success, version: HTTP/1.1)
POST /session/29194f33cb3aec777a93244c4ff51a2f/execute/sync HTTP/1.1
User-Agent: selenium/4.8.1 (java windows)
Content-Length: 176
Content-Type: application/json; charset=utf-8
host: localhost:10663
accept: */*

Response DefaultHttpResponse(decodeResult: success, version: HTTP/1.1)
HTTP/1.1 200 OK
Content-Length: 218363
Content-Type: application/json; charset=utf-8
cache-control: no-cache

20:20:04.353 [AsyncHttpClient-1-32] DEBUG org.asynchttpclient.netty.channel.ChannelManager - Adding key: http://localhost:10663 for channel [id: 0x9a6c50bb, L:/127.0.0.1:55297 - R:localhost/127.0.0.1:10663]
20:20:04.375 [Forwarding getCurrentUrl on session 29194f33cb3aec777a93244c4ff51a2f to remote] DEBUG org.asynchttpclient.netty.request.NettyRequestSender - Using pooled Channel '[id: 0x9a6c50bb, L:/127.0.0.1:55297 - R:localhost/127.0.0.1:10663]' for 'GET' to 'http://localhost:10663/session/29194f33cb3aec777a93244c4ff51a2f/url'
20:20:04.375 [Forwarding getCurrentUrl on session 29194f33cb3aec777a93244c4ff51a2f to remote] DEBUG org.asynchttpclient.netty.request.NettyRequestSender - Using open Channel [id: 0x9a6c50bb, L:/127.0.0.1:55297 - R:localhost/127.0.0.1:10663] for GET '/session/29194f33cb3aec777a93244c4ff51a2f/url'
20:20:04.378 [AsyncHttpClient-1-32] DEBUG org.asynchttpclient.netty.handler.HttpHandler - 

Request DefaultFullHttpRequest(decodeResult: success, version: HTTP/1.1, content: EmptyByteBufBE)
GET /session/29194f33cb3aec777a93244c4ff51a2f/url HTTP/1.1
User-Agent: selenium/4.8.1 (java windows)
Cache-Control: no-cache
Content-Type: application/json; charset=utf-8
host: localhost:10663
accept: */*

Response DefaultHttpResponse(decodeResult: success, version: HTTP/1.1)
HTTP/1.1 200 OK
Content-Length: 41
Content-Type: application/json; charset=utf-8
cache-control: no-cache

20:20:04.378 [AsyncHttpClient-1-32] DEBUG org.asynchttpclient.netty.channel.ChannelManager - Adding key: http://localhost:10663 for channel [id: 0x9a6c50bb, L:/127.0.0.1:55297 - R:localhost/127.0.0.1:10663]
20:20:04.384 [Forwarding getAlertText on session 29194f33cb3aec777a93244c4ff51a2f to remote] DEBUG org.asynchttpclient.netty.request.NettyRequestSender - Using pooled Channel '[id: 0x9a6c50bb, L:/127.0.0.1:55297 - R:localhost/127.0.0.1:10663]' for 'GET' to 'http://localhost:10663/session/29194f33cb3aec777a93244c4ff51a2f/alert/text'
20:20:04.384 [Forwarding getAlertText on session 29194f33cb3aec777a93244c4ff51a2f to remote] DEBUG org.asynchttpclient.netty.request.NettyRequestSender - Using open Channel [id: 0x9a6c50bb, L:/127.0.0.1:55297 - R:localhost/127.0.0.1:10663] for GET '/session/29194f33cb3aec777a93244c4ff51a2f/alert/text'
20:20:04.385 [AsyncHttpClient-1-32] DEBUG org.asynchttpclient.netty.handler.HttpHandler - 

Request DefaultFullHttpRequest(decodeResult: success, version: HTTP/1.1, content: EmptyByteBufBE)
GET /session/29194f33cb3aec777a93244c4ff51a2f/alert/text HTTP/1.1
User-Agent: selenium/4.8.1 (java windows)
Cache-Control: no-cache
Content-Type: application/json; charset=utf-8
host: localhost:10663
accept: */*

Response DefaultHttpResponse(decodeResult: success, version: HTTP/1.1)
HTTP/1.1 404 Not Found
Content-Length: 836
Content-Type: application/json; charset=utf-8
cache-control: no-cache

20:20:04.385 [AsyncHttpClient-1-32] DEBUG org.asynchttpclient.netty.channel.ChannelManager - Adding key: http://localhost:10663 for channel [id: 0x9a6c50bb, L:/127.0.0.1:55297 - R:localhost/127.0.0.1:10663]
20:20:04.386 [Forwarding getCurrentUrl on session 29194f33cb3aec777a93244c4ff51a2f to remote] DEBUG org.asynchttpclient.netty.request.NettyRequestSender - Using pooled Channel '[id: 0x9a6c50bb, L:/127.0.0.1:55297 - R:localhost/127.0.0.1:10663]' for 'GET' to 'http://localhost:10663/session/29194f33cb3aec777a93244c4ff51a2f/url'
20:20:04.386 [Forwarding getCurrentUrl on session 29194f33cb3aec777a93244c4ff51a2f to remote] DEBUG org.asynchttpclient.netty.request.NettyRequestSender - Using open Channel [id: 0x9a6c50bb, L:/127.0.0.1:55297 - R:localhost/127.0.0.1:10663] for GET '/session/29194f33cb3aec777a93244c4ff51a2f/url'
20:20:04.390 [AsyncHttpClient-1-32] DEBUG org.asynchttpclient.netty.handler.HttpHandler - 

Request DefaultFullHttpRequest(decodeResult: success, version: HTTP/1.1, content: EmptyByteBufBE)
GET /session/29194f33cb3aec777a93244c4ff51a2f/url HTTP/1.1
User-Agent: selenium/4.8.1 (java windows)
Cache-Control: no-cache
Content-Type: application/json; charset=utf-8
host: localhost:10663
accept: */*

Response DefaultHttpResponse(decodeResult: success, version: HTTP/1.1)
HTTP/1.1 200 OK
Content-Length: 41
Content-Type: application/json; charset=utf-8
cache-control: no-cache

20:20:04.391 [AsyncHttpClient-1-32] DEBUG org.asynchttpclient.netty.channel.ChannelManager - Adding key: http://localhost:10663 for channel [id: 0x9a6c50bb, L:/127.0.0.1:55297 - R:localhost/127.0.0.1:10663]
20:20:04.391 [Forwarding screenshot on session 29194f33cb3aec777a93244c4ff51a2f to remote] DEBUG org.asynchttpclient.netty.request.NettyRequestSender - Using pooled Channel '[id: 0x9a6c50bb, L:/127.0.0.1:55297 - R:localhost/127.0.0.1:10663]' for 'GET' to 'http://localhost:10663/session/29194f33cb3aec777a93244c4ff51a2f/screenshot'
20:20:04.391 [Forwarding screenshot on session 29194f33cb3aec777a93244c4ff51a2f to remote] DEBUG org.asynchttpclient.netty.request.NettyRequestSender - Using open Channel [id: 0x9a6c50bb, L:/127.0.0.1:55297 - R:localhost/127.0.0.1:10663] for GET '/session/29194f33cb3aec777a93244c4ff51a2f/screenshot'
20:20:04.487 [AsyncHttpClient-1-32] DEBUG org.asynchttpclient.netty.handler.HttpHandler - 

Request DefaultFullHttpRequest(decodeResult: success, version: HTTP/1.1, content: EmptyByteBufBE)
GET /session/29194f33cb3aec777a93244c4ff51a2f/screenshot HTTP/1.1
User-Agent: selenium/4.8.1 (java windows)
Cache-Control: no-cache
Content-Type: application/json; charset=utf-8
host: localhost:10663
accept: */*

Response DefaultHttpResponse(decodeResult: success, version: HTTP/1.1)
HTTP/1.1 200 OK
Content-Length: 63136
Content-Type: application/json; charset=utf-8
cache-control: no-cache

20:20:04.488 [AsyncHttpClient-1-32] DEBUG org.asynchttpclient.netty.channel.ChannelManager - Adding key: http://localhost:10663 for channel [id: 0x9a6c50bb, L:/127.0.0.1:55297 - R:localhost/127.0.0.1:10663]
20:20:04.489 [main] DEBUG net.serenitybdd.core.photography.Darkroom - Send negative for processing for target\site\serenity\e05f62bcb493408b286d53d6fa40e548cec24a3023180567ac45ab1d78cdb590.png
20:20:04.489 [Darkroom Processing Line] DEBUG net.serenitybdd.core.photography.DarkroomProcessingLine - Processing screenshot image in /var/screenshots/screenshot-2611730371604815120
20:20:04.489 [Darkroom Processing Line] DEBUG net.serenitybdd.core.photography.DarkroomProcessingLine - Saving screenshot to target\site\serenity\e05f62bcb493408b286d53d6fa40e548cec24a3023180567ac45ab1d78cdb590.png
20:20:04.490 [Forwarding getPageSource on session 29194f33cb3aec777a93244c4ff51a2f to remote] DEBUG org.asynchttpclient.netty.request.NettyRequestSender - Using pooled Channel '[id: 0x9a6c50bb, L:/127.0.0.1:55297 - R:localhost/127.0.0.1:10663]' for 'POST' to 'http://localhost:10663/session/29194f33cb3aec777a93244c4ff51a2f/execute/sync'
20:20:04.490 [Forwarding getPageSource on session 29194f33cb3aec777a93244c4ff51a2f to remote] DEBUG org.asynchttpclient.netty.request.NettyRequestSender - Using open Channel [id: 0x9a6c50bb, L:/127.0.0.1:55297 - R:localhost/127.0.0.1:10663] for POST '/session/29194f33cb3aec777a93244c4ff51a2f/execute/sync'
20:20:04.506 [AsyncHttpClient-1-32] DEBUG org.asynchttpclient.netty.handler.HttpHandler - 

Request DefaultHttpRequest(decodeResult: success, version: HTTP/1.1)
POST /session/29194f33cb3aec777a93244c4ff51a2f/execute/sync HTTP/1.1
User-Agent: selenium/4.8.1 (java windows)
Content-Length: 176
Content-Type: application/json; charset=utf-8
host: localhost:10663
accept: */*

Response DefaultHttpResponse(decodeResult: success, version: HTTP/1.1)
HTTP/1.1 200 OK
Content-Length: 218363
Content-Type: application/json; charset=utf-8
cache-control: no-cache

20:20:04.507 [AsyncHttpClient-1-32] DEBUG org.asynchttpclient.netty.channel.ChannelManager - Adding key: http://localhost:10663 for channel [id: 0x9a6c50bb, L:/127.0.0.1:55297 - R:localhost/127.0.0.1:10663]
20:20:04.533 [Forwarding getCurrentUrl on session 29194f33cb3aec777a93244c4ff51a2f to remote] DEBUG org.asynchttpclient.netty.request.NettyRequestSender - Using pooled Channel '[id: 0x9a6c50bb, L:/127.0.0.1:55297 - R:localhost/127.0.0.1:10663]' for 'GET' to 'http://localhost:10663/session/29194f33cb3aec777a93244c4ff51a2f/url'
20:20:04.534 [Forwarding getCurrentUrl on session 29194f33cb3aec777a93244c4ff51a2f to remote] DEBUG org.asynchttpclient.netty.request.NettyRequestSender - Using open Channel [id: 0x9a6c50bb, L:/127.0.0.1:55297 - R:localhost/127.0.0.1:10663] for GET '/session/29194f33cb3aec777a93244c4ff51a2f/url'
20:20:04.537 [AsyncHttpClient-1-32] DEBUG org.asynchttpclient.netty.handler.HttpHandler - 

Request DefaultFullHttpRequest(decodeResult: success, version: HTTP/1.1, content: EmptyByteBufBE)
GET /session/29194f33cb3aec777a93244c4ff51a2f/url HTTP/1.1
User-Agent: selenium/4.8.1 (java windows)
Cache-Control: no-cache
Content-Type: application/json; charset=utf-8
host: localhost:10663
accept: */*

Response DefaultHttpResponse(decodeResult: success, version: HTTP/1.1)
HTTP/1.1 200 OK
Content-Length: 41
Content-Type: application/json; charset=utf-8
cache-control: no-cache

20:20:04.537 [AsyncHttpClient-1-32] DEBUG org.asynchttpclient.netty.channel.ChannelManager - Adding key: http://localhost:10663 for channel [id: 0x9a6c50bb, L:/127.0.0.1:55297 - R:localhost/127.0.0.1:10663]
20:20:04.540 [main] DEBUG net.thucydides.core.steps.StepInterceptor - STARTING STEP: ProductSteps.chooseTheProduct - validateTheProduct
20:20:04.543 [Forwarding findElement on session 29194f33cb3aec777a93244c4ff51a2f to remote] DEBUG org.asynchttpclient.netty.request.NettyRequestSender - Using pooled Channel '[id: 0x9a6c50bb, L:/127.0.0.1:55297 - R:localhost/127.0.0.1:10663]' for 'POST' to 'http://localhost:10663/session/29194f33cb3aec777a93244c4ff51a2f/element'
20:20:04.543 [Forwarding findElement on session 29194f33cb3aec777a93244c4ff51a2f to remote] DEBUG org.asynchttpclient.netty.request.NettyRequestSender - Using open Channel [id: 0x9a6c50bb, L:/127.0.0.1:55297 - R:localhost/127.0.0.1:10663] for POST '/session/29194f33cb3aec777a93244c4ff51a2f/element'
20:20:04.552 [AsyncHttpClient-1-32] DEBUG org.asynchttpclient.netty.handler.HttpHandler - 

Request DefaultHttpRequest(decodeResult: success, version: HTTP/1.1)
POST /session/29194f33cb3aec777a93244c4ff51a2f/element HTTP/1.1
User-Agent: selenium/4.8.1 (java windows)
Content-Length: 54
Content-Type: application/json; charset=utf-8
host: localhost:10663
accept: */*

Response DefaultHttpResponse(decodeResult: success, version: HTTP/1.1)
HTTP/1.1 200 OK
Content-Length: 88
Content-Type: application/json; charset=utf-8
cache-control: no-cache

20:20:04.552 [AsyncHttpClient-1-32] DEBUG org.asynchttpclient.netty.channel.ChannelManager - Adding key: http://localhost:10663 for channel [id: 0x9a6c50bb, L:/127.0.0.1:55297 - R:localhost/127.0.0.1:10663]
20:20:04.554 [Forwarding isElementDisplayed on session 29194f33cb3aec777a93244c4ff51a2f to remote] DEBUG org.asynchttpclient.netty.request.NettyRequestSender - Using pooled Channel '[id: 0x9a6c50bb, L:/127.0.0.1:55297 - R:localhost/127.0.0.1:10663]' for 'POST' to 'http://localhost:10663/session/29194f33cb3aec777a93244c4ff51a2f/execute/sync'
20:20:04.554 [Forwarding isElementDisplayed on session 29194f33cb3aec777a93244c4ff51a2f to remote] DEBUG org.asynchttpclient.netty.request.NettyRequestSender - Using open Channel [id: 0x9a6c50bb, L:/127.0.0.1:55297 - R:localhost/127.0.0.1:10663] for POST '/session/29194f33cb3aec777a93244c4ff51a2f/execute/sync'
20:20:04.562 [AsyncHttpClient-1-32] DEBUG org.asynchttpclient.netty.handler.HttpHandler - 

Request DefaultHttpRequest(decodeResult: success, version: HTTP/1.1)
POST /session/29194f33cb3aec777a93244c4ff51a2f/execute/sync HTTP/1.1
User-Agent: selenium/4.8.1 (java windows)
Content-Length: 48807
Content-Type: application/json; charset=utf-8
host: localhost:10663
accept: */*

Response DefaultHttpResponse(decodeResult: success, version: HTTP/1.1)
HTTP/1.1 200 OK
Content-Length: 14
Content-Type: application/json; charset=utf-8
cache-control: no-cache

20:20:04.562 [AsyncHttpClient-1-32] DEBUG org.asynchttpclient.netty.channel.ChannelManager - Adding key: http://localhost:10663 for channel [id: 0x9a6c50bb, L:/127.0.0.1:55297 - R:localhost/127.0.0.1:10663]
20:20:04.565 [Forwarding getAlertText on session 29194f33cb3aec777a93244c4ff51a2f to remote] DEBUG org.asynchttpclient.netty.request.NettyRequestSender - Using pooled Channel '[id: 0x9a6c50bb, L:/127.0.0.1:55297 - R:localhost/127.0.0.1:10663]' for 'GET' to 'http://localhost:10663/session/29194f33cb3aec777a93244c4ff51a2f/alert/text'
20:20:04.565 [Forwarding getAlertText on session 29194f33cb3aec777a93244c4ff51a2f to remote] DEBUG org.asynchttpclient.netty.request.NettyRequestSender - Using open Channel [id: 0x9a6c50bb, L:/127.0.0.1:55297 - R:localhost/127.0.0.1:10663] for GET '/session/29194f33cb3aec777a93244c4ff51a2f/alert/text'
20:20:04.566 [AsyncHttpClient-1-32] DEBUG org.asynchttpclient.netty.handler.HttpHandler - 

Request DefaultFullHttpRequest(decodeResult: success, version: HTTP/1.1, content: EmptyByteBufBE)
GET /session/29194f33cb3aec777a93244c4ff51a2f/alert/text HTTP/1.1
User-Agent: selenium/4.8.1 (java windows)
Cache-Control: no-cache
Content-Type: application/json; charset=utf-8
host: localhost:10663
accept: */*

Response DefaultHttpResponse(decodeResult: success, version: HTTP/1.1)
HTTP/1.1 404 Not Found
Content-Length: 836
Content-Type: application/json; charset=utf-8
cache-control: no-cache

20:20:04.566 [AsyncHttpClient-1-32] DEBUG org.asynchttpclient.netty.channel.ChannelManager - Adding key: http://localhost:10663 for channel [id: 0x9a6c50bb, L:/127.0.0.1:55297 - R:localhost/127.0.0.1:10663]
20:20:04.567 [Forwarding getCurrentUrl on session 29194f33cb3aec777a93244c4ff51a2f to remote] DEBUG org.asynchttpclient.netty.request.NettyRequestSender - Using pooled Channel '[id: 0x9a6c50bb, L:/127.0.0.1:55297 - R:localhost/127.0.0.1:10663]' for 'GET' to 'http://localhost:10663/session/29194f33cb3aec777a93244c4ff51a2f/url'
20:20:04.567 [Forwarding getCurrentUrl on session 29194f33cb3aec777a93244c4ff51a2f to remote] DEBUG org.asynchttpclient.netty.request.NettyRequestSender - Using open Channel [id: 0x9a6c50bb, L:/127.0.0.1:55297 - R:localhost/127.0.0.1:10663] for GET '/session/29194f33cb3aec777a93244c4ff51a2f/url'
20:20:04.569 [AsyncHttpClient-1-32] DEBUG org.asynchttpclient.netty.handler.HttpHandler - 

Request DefaultFullHttpRequest(decodeResult: success, version: HTTP/1.1, content: EmptyByteBufBE)
GET /session/29194f33cb3aec777a93244c4ff51a2f/url HTTP/1.1
User-Agent: selenium/4.8.1 (java windows)
Cache-Control: no-cache
Content-Type: application/json; charset=utf-8
host: localhost:10663
accept: */*

Response DefaultHttpResponse(decodeResult: success, version: HTTP/1.1)
HTTP/1.1 200 OK
Content-Length: 41
Content-Type: application/json; charset=utf-8
cache-control: no-cache

20:20:04.569 [AsyncHttpClient-1-32] DEBUG org.asynchttpclient.netty.channel.ChannelManager - Adding key: http://localhost:10663 for channel [id: 0x9a6c50bb, L:/127.0.0.1:55297 - R:localhost/127.0.0.1:10663]
20:20:04.570 [Forwarding screenshot on session 29194f33cb3aec777a93244c4ff51a2f to remote] DEBUG org.asynchttpclient.netty.request.NettyRequestSender - Using pooled Channel '[id: 0x9a6c50bb, L:/127.0.0.1:55297 - R:localhost/127.0.0.1:10663]' for 'GET' to 'http://localhost:10663/session/29194f33cb3aec777a93244c4ff51a2f/screenshot'
20:20:04.570 [Forwarding screenshot on session 29194f33cb3aec777a93244c4ff51a2f to remote] DEBUG org.asynchttpclient.netty.request.NettyRequestSender - Using open Channel [id: 0x9a6c50bb, L:/127.0.0.1:55297 - R:localhost/127.0.0.1:10663] for GET '/session/29194f33cb3aec777a93244c4ff51a2f/screenshot'
20:20:04.627 [AsyncHttpClient-1-32] DEBUG org.asynchttpclient.netty.handler.HttpHandler - 

Request DefaultFullHttpRequest(decodeResult: success, version: HTTP/1.1, content: EmptyByteBufBE)
GET /session/29194f33cb3aec777a93244c4ff51a2f/screenshot HTTP/1.1
User-Agent: selenium/4.8.1 (java windows)
Cache-Control: no-cache
Content-Type: application/json; charset=utf-8
host: localhost:10663
accept: */*

Response DefaultHttpResponse(decodeResult: success, version: HTTP/1.1)
HTTP/1.1 200 OK
Content-Length: 63136
Content-Type: application/json; charset=utf-8
cache-control: no-cache

20:20:04.628 [AsyncHttpClient-1-32] DEBUG org.asynchttpclient.netty.channel.ChannelManager - Adding key: http://localhost:10663 for channel [id: 0x9a6c50bb, L:/127.0.0.1:55297 - R:localhost/127.0.0.1:10663]
20:20:04.629 [main] DEBUG net.serenitybdd.core.photography.Darkroom - Send negative for processing for target\site\serenity\e05f62bcb493408b286d53d6fa40e548cec24a3023180567ac45ab1d78cdb590.png
20:20:04.629 [main] DEBUG net.thucydides.core.steps.StepInterceptor - STEP DONE: validateTheProduct
  &amp#27;[32mAnd &amp#27;[0m&amp#27;[32mI choose the product&amp#27;[0m                                &amp#27;[90m# starter.stepdefinitions.ProductSteps.chooseTheProduct()&amp#27;[0m
20:20:04.634 [Forwarding getPageSource on session 29194f33cb3aec777a93244c4ff51a2f to remote] DEBUG org.asynchttpclient.netty.request.NettyRequestSender - Using pooled Channel '[id: 0x9a6c50bb, L:/127.0.0.1:55297 - R:localhost/127.0.0.1:10663]' for 'POST' to 'http://localhost:10663/session/29194f33cb3aec777a93244c4ff51a2f/execute/sync'
20:20:04.635 [Forwarding getPageSource on session 29194f33cb3aec777a93244c4ff51a2f to remote] DEBUG org.asynchttpclient.netty.request.NettyRequestSender - Using open Channel [id: 0x9a6c50bb, L:/127.0.0.1:55297 - R:localhost/127.0.0.1:10663] for POST '/session/29194f33cb3aec777a93244c4ff51a2f/execute/sync'
20:20:04.645 [AsyncHttpClient-1-32] DEBUG org.asynchttpclient.netty.handler.HttpHandler - 

Request DefaultHttpRequest(decodeResult: success, version: HTTP/1.1)
POST /session/29194f33cb3aec777a93244c4ff51a2f/execute/sync HTTP/1.1
User-Agent: selenium/4.8.1 (java windows)
Content-Length: 176
Content-Type: application/json; charset=utf-8
host: localhost:10663
accept: */*

Response DefaultHttpResponse(decodeResult: success, version: HTTP/1.1)
HTTP/1.1 200 OK
Content-Length: 218363
Content-Type: application/json; charset=utf-8
cache-control: no-cache

20:20:04.646 [AsyncHttpClient-1-32] DEBUG org.asynchttpclient.netty.channel.ChannelManager - Adding key: http://localhost:10663 for channel [id: 0x9a6c50bb, L:/127.0.0.1:55297 - R:localhost/127.0.0.1:10663]
20:20:04.659 [Forwarding getCurrentUrl on session 29194f33cb3aec777a93244c4ff51a2f to remote] DEBUG org.asynchttpclient.netty.request.NettyRequestSender - Using pooled Channel '[id: 0x9a6c50bb, L:/127.0.0.1:55297 - R:localhost/127.0.0.1:10663]' for 'GET' to 'http://localhost:10663/session/29194f33cb3aec777a93244c4ff51a2f/url'
20:20:04.659 [Forwarding getCurrentUrl on session 29194f33cb3aec777a93244c4ff51a2f to remote] DEBUG org.asynchttpclient.netty.request.NettyRequestSender - Using open Channel [id: 0x9a6c50bb, L:/127.0.0.1:55297 - R:localhost/127.0.0.1:10663] for GET '/session/29194f33cb3aec777a93244c4ff51a2f/url'
20:20:04.662 [AsyncHttpClient-1-32] DEBUG org.asynchttpclient.netty.handler.HttpHandler - 

Request DefaultFullHttpRequest(decodeResult: success, version: HTTP/1.1, content: EmptyByteBufBE)
GET /session/29194f33cb3aec777a93244c4ff51a2f/url HTTP/1.1
User-Agent: selenium/4.8.1 (java windows)
Cache-Control: no-cache
Content-Type: application/json; charset=utf-8
host: localhost:10663
accept: */*

Response DefaultHttpResponse(decodeResult: success, version: HTTP/1.1)
HTTP/1.1 200 OK
Content-Length: 41
Content-Type: application/json; charset=utf-8
cache-control: no-cache

20:20:04.663 [AsyncHttpClient-1-32] DEBUG org.asynchttpclient.netty.channel.ChannelManager - Adding key: http://localhost:10663 for channel [id: 0x9a6c50bb, L:/127.0.0.1:55297 - R:localhost/127.0.0.1:10663]
20:20:04.671 [Forwarding getPageSource on session 29194f33cb3aec777a93244c4ff51a2f to remote] DEBUG org.asynchttpclient.netty.request.NettyRequestSender - Using pooled Channel '[id: 0x9a6c50bb, L:/127.0.0.1:55297 - R:localhost/127.0.0.1:10663]' for 'POST' to 'http://localhost:10663/session/29194f33cb3aec777a93244c4ff51a2f/execute/sync'
20:20:04.671 [Forwarding getPageSource on session 29194f33cb3aec777a93244c4ff51a2f to remote] DEBUG org.asynchttpclient.netty.request.NettyRequestSender - Using open Channel [id: 0x9a6c50bb, L:/127.0.0.1:55297 - R:localhost/127.0.0.1:10663] for POST '/session/29194f33cb3aec777a93244c4ff51a2f/execute/sync'
20:20:04.685 [AsyncHttpClient-1-32] DEBUG org.asynchttpclient.netty.handler.HttpHandler - 

Request DefaultHttpRequest(decodeResult: success, version: HTTP/1.1)
POST /session/29194f33cb3aec777a93244c4ff51a2f/execute/sync HTTP/1.1
User-Agent: selenium/4.8.1 (java windows)
Content-Length: 176
Content-Type: application/json; charset=utf-8
host: localhost:10663
accept: */*

Response DefaultHttpResponse(decodeResult: success, version: HTTP/1.1)
HTTP/1.1 200 OK
Content-Length: 218363
Content-Type: application/json; charset=utf-8
cache-control: no-cache

20:20:04.685 [AsyncHttpClient-1-32] DEBUG org.asynchttpclient.netty.channel.ChannelManager - Adding key: http://localhost:10663 for channel [id: 0x9a6c50bb, L:/127.0.0.1:55297 - R:localhost/127.0.0.1:10663]
20:20:04.699 [Forwarding getCurrentUrl on session 29194f33cb3aec777a93244c4ff51a2f to remote] DEBUG org.asynchttpclient.netty.request.NettyRequestSender - Using pooled Channel '[id: 0x9a6c50bb, L:/127.0.0.1:55297 - R:localhost/127.0.0.1:10663]' for 'GET' to 'http://localhost:10663/session/29194f33cb3aec777a93244c4ff51a2f/url'
20:20:04.699 [Forwarding getCurrentUrl on session 29194f33cb3aec777a93244c4ff51a2f to remote] DEBUG org.asynchttpclient.netty.request.NettyRequestSender - Using open Channel [id: 0x9a6c50bb, L:/127.0.0.1:55297 - R:localhost/127.0.0.1:10663] for GET '/session/29194f33cb3aec777a93244c4ff51a2f/url'
20:20:04.703 [AsyncHttpClient-1-32] DEBUG org.asynchttpclient.netty.handler.HttpHandler - 

Request DefaultFullHttpRequest(decodeResult: success, version: HTTP/1.1, content: EmptyByteBufBE)
GET /session/29194f33cb3aec777a93244c4ff51a2f/url HTTP/1.1
User-Agent: selenium/4.8.1 (java windows)
Cache-Control: no-cache
Content-Type: application/json; charset=utf-8
host: localhost:10663
accept: */*

Response DefaultHttpResponse(decodeResult: success, version: HTTP/1.1)
HTTP/1.1 200 OK
Content-Length: 41
Content-Type: application/json; charset=utf-8
cache-control: no-cache

20:20:04.703 [AsyncHttpClient-1-32] DEBUG org.asynchttpclient.netty.channel.ChannelManager - Adding key: http://localhost:10663 for channel [id: 0x9a6c50bb, L:/127.0.0.1:55297 - R:localhost/127.0.0.1:10663]
20:20:04.705 [main] DEBUG net.thucydides.core.steps.StepInterceptor - STARTING STEP: ProductSteps.clickBeliButton - clickBeliButton
20:20:04.708 [Forwarding findElement on session 29194f33cb3aec777a93244c4ff51a2f to remote] DEBUG org.asynchttpclient.netty.request.NettyRequestSender - Using pooled Channel '[id: 0x9a6c50bb, L:/127.0.0.1:55297 - R:localhost/127.0.0.1:10663]' for 'POST' to 'http://localhost:10663/session/29194f33cb3aec777a93244c4ff51a2f/element'
20:20:04.708 [Forwarding findElement on session 29194f33cb3aec777a93244c4ff51a2f to remote] DEBUG org.asynchttpclient.netty.request.NettyRequestSender - Using open Channel [id: 0x9a6c50bb, L:/127.0.0.1:55297 - R:localhost/127.0.0.1:10663] for POST '/session/29194f33cb3aec777a93244c4ff51a2f/element'
20:20:04.721 [AsyncHttpClient-1-32] DEBUG org.asynchttpclient.netty.handler.HttpHandler - 

Request DefaultHttpRequest(decodeResult: success, version: HTTP/1.1)
POST /session/29194f33cb3aec777a93244c4ff51a2f/element HTTP/1.1
User-Agent: selenium/4.8.1 (java windows)
Content-Length: 173
Content-Type: application/json; charset=utf-8
host: localhost:10663
accept: */*

Response DefaultHttpResponse(decodeResult: success, version: HTTP/1.1)
HTTP/1.1 200 OK
Content-Length: 88
Content-Type: application/json; charset=utf-8
cache-control: no-cache

20:20:04.721 [AsyncHttpClient-1-32] DEBUG org.asynchttpclient.netty.channel.ChannelManager - Adding key: http://localhost:10663 for channel [id: 0x9a6c50bb, L:/127.0.0.1:55297 - R:localhost/127.0.0.1:10663]
20:20:04.722 [Forwarding getElementTagName on session 29194f33cb3aec777a93244c4ff51a2f to remote] DEBUG org.asynchttpclient.netty.request.NettyRequestSender - Using pooled Channel '[id: 0x9a6c50bb, L:/127.0.0.1:55297 - R:localhost/127.0.0.1:10663]' for 'GET' to 'http://localhost:10663/session/29194f33cb3aec777a93244c4ff51a2f/element/f9dbc841-57df-4458-812b-0e93a9b8e38b/name'
20:20:04.722 [Forwarding getElementTagName on session 29194f33cb3aec777a93244c4ff51a2f to remote] DEBUG org.asynchttpclient.netty.request.NettyRequestSender - Using open Channel [id: 0x9a6c50bb, L:/127.0.0.1:55297 - R:localhost/127.0.0.1:10663] for GET '/session/29194f33cb3aec777a93244c4ff51a2f/element/f9dbc841-57df-4458-812b-0e93a9b8e38b/name'
20:20:04.726 [AsyncHttpClient-1-32] DEBUG org.asynchttpclient.netty.handler.HttpHandler - 

Request DefaultFullHttpRequest(decodeResult: success, version: HTTP/1.1, content: EmptyByteBufBE)
GET /session/29194f33cb3aec777a93244c4ff51a2f/element/f9dbc841-57df-4458-812b-0e93a9b8e38b/name HTTP/1.1
User-Agent: selenium/4.8.1 (java windows)
Cache-Control: no-cache
Content-Type: application/json; charset=utf-8
host: localhost:10663
accept: */*

Response DefaultHttpResponse(decodeResult: success, version: HTTP/1.1)
HTTP/1.1 200 OK
Content-Length: 18
Content-Type: application/json; charset=utf-8
cache-control: no-cache

20:20:04.726 [AsyncHttpClient-1-32] DEBUG org.asynchttpclient.netty.channel.ChannelManager - Adding key: http://localhost:10663 for channel [id: 0x9a6c50bb, L:/127.0.0.1:55297 - R:localhost/127.0.0.1:10663]
20:20:04.727 [Forwarding getElementTagName on session 29194f33cb3aec777a93244c4ff51a2f to remote] DEBUG org.asynchttpclient.netty.request.NettyRequestSender - Using pooled Channel '[id: 0x9a6c50bb, L:/127.0.0.1:55297 - R:localhost/127.0.0.1:10663]' for 'GET' to 'http://localhost:10663/session/29194f33cb3aec777a93244c4ff51a2f/element/f9dbc841-57df-4458-812b-0e93a9b8e38b/name'
20:20:04.727 [Forwarding getElementTagName on session 29194f33cb3aec777a93244c4ff51a2f to remote] DEBUG org.asynchttpclient.netty.request.NettyRequestSender - Using open Channel [id: 0x9a6c50bb, L:/127.0.0.1:55297 - R:localhost/127.0.0.1:10663] for GET '/session/29194f33cb3aec777a93244c4ff51a2f/element/f9dbc841-57df-4458-812b-0e93a9b8e38b/name'
20:20:04.729 [AsyncHttpClient-1-32] DEBUG org.asynchttpclient.netty.handler.HttpHandler - 

Request DefaultFullHttpRequest(decodeResult: success, version: HTTP/1.1, content: EmptyByteBufBE)
GET /session/29194f33cb3aec777a93244c4ff51a2f/element/f9dbc841-57df-4458-812b-0e93a9b8e38b/name HTTP/1.1
User-Agent: selenium/4.8.1 (java windows)
Cache-Control: no-cache
Content-Type: application/json; charset=utf-8
host: localhost:10663
accept: */*

Response DefaultHttpResponse(decodeResult: success, version: HTTP/1.1)
HTTP/1.1 200 OK
Content-Length: 18
Content-Type: application/json; charset=utf-8
cache-control: no-cache

20:20:04.729 [AsyncHttpClient-1-32] DEBUG org.asynchttpclient.netty.channel.ChannelManager - Adding key: http://localhost:10663 for channel [id: 0x9a6c50bb, L:/127.0.0.1:55297 - R:localhost/127.0.0.1:10663]
20:20:04.731 [Forwarding isElementEnabled on session 29194f33cb3aec777a93244c4ff51a2f to remote] DEBUG org.asynchttpclient.netty.request.NettyRequestSender - Using pooled Channel '[id: 0x9a6c50bb, L:/127.0.0.1:55297 - R:localhost/127.0.0.1:10663]' for 'GET' to 'http://localhost:10663/session/29194f33cb3aec777a93244c4ff51a2f/element/f9dbc841-57df-4458-812b-0e93a9b8e38b/enabled'
20:20:04.731 [Forwarding isElementEnabled on session 29194f33cb3aec777a93244c4ff51a2f to remote] DEBUG org.asynchttpclient.netty.request.NettyRequestSender - Using open Channel [id: 0x9a6c50bb, L:/127.0.0.1:55297 - R:localhost/127.0.0.1:10663] for GET '/session/29194f33cb3aec777a93244c4ff51a2f/element/f9dbc841-57df-4458-812b-0e93a9b8e38b/enabled'
20:20:04.736 [AsyncHttpClient-1-32] DEBUG org.asynchttpclient.netty.handler.HttpHandler - 

Request DefaultFullHttpRequest(decodeResult: success, version: HTTP/1.1, content: EmptyByteBufBE)
GET /session/29194f33cb3aec777a93244c4ff51a2f/element/f9dbc841-57df-4458-812b-0e93a9b8e38b/enabled HTTP/1.1
User-Agent: selenium/4.8.1 (java windows)
Cache-Control: no-cache
Content-Type: application/json; charset=utf-8
host: localhost:10663
accept: */*

Response DefaultHttpResponse(decodeResult: success, version: HTTP/1.1)
HTTP/1.1 200 OK
Content-Length: 14
Content-Type: application/json; charset=utf-8
cache-control: no-cache

20:20:04.736 [AsyncHttpClient-1-32] DEBUG org.asynchttpclient.netty.channel.ChannelManager - Adding key: http://localhost:10663 for channel [id: 0x9a6c50bb, L:/127.0.0.1:55297 - R:localhost/127.0.0.1:10663]
20:20:04.737 [Forwarding isElementEnabled on session 29194f33cb3aec777a93244c4ff51a2f to remote] DEBUG org.asynchttpclient.netty.request.NettyRequestSender - Using pooled Channel '[id: 0x9a6c50bb, L:/127.0.0.1:55297 - R:localhost/127.0.0.1:10663]' for 'GET' to 'http://localhost:10663/session/29194f33cb3aec777a93244c4ff51a2f/element/f9dbc841-57df-4458-812b-0e93a9b8e38b/enabled'
20:20:04.737 [Forwarding isElementEnabled on session 29194f33cb3aec777a93244c4ff51a2f to remote] DEBUG org.asynchttpclient.netty.request.NettyRequestSender - Using open Channel [id: 0x9a6c50bb, L:/127.0.0.1:55297 - R:localhost/127.0.0.1:10663] for GET '/session/29194f33cb3aec777a93244c4ff51a2f/element/f9dbc841-57df-4458-812b-0e93a9b8e38b/enabled'
20:20:04.741 [AsyncHttpClient-1-32] DEBUG org.asynchttpclient.netty.handler.HttpHandler - 

Request DefaultFullHttpRequest(decodeResult: success, version: HTTP/1.1, content: EmptyByteBufBE)
GET /session/29194f33cb3aec777a93244c4ff51a2f/element/f9dbc841-57df-4458-812b-0e93a9b8e38b/enabled HTTP/1.1
User-Agent: selenium/4.8.1 (java windows)
Cache-Control: no-cache
Content-Type: application/json; charset=utf-8
host: localhost:10663
accept: */*

Response DefaultHttpResponse(decodeResult: success, version: HTTP/1.1)
HTTP/1.1 200 OK
Content-Length: 14
Content-Type: application/json; charset=utf-8
cache-control: no-cache

20:20:04.741 [AsyncHttpClient-1-32] DEBUG org.asynchttpclient.netty.channel.ChannelManager - Adding key: http://localhost:10663 for channel [id: 0x9a6c50bb, L:/127.0.0.1:55297 - R:localhost/127.0.0.1:10663]
20:20:04.743 [Forwarding findElement on session 29194f33cb3aec777a93244c4ff51a2f to remote] DEBUG org.asynchttpclient.netty.request.NettyRequestSender - Using pooled Channel '[id: 0x9a6c50bb, L:/127.0.0.1:55297 - R:localhost/127.0.0.1:10663]' for 'POST' to 'http://localhost:10663/session/29194f33cb3aec777a93244c4ff51a2f/element'
20:20:04.743 [Forwarding findElement on session 29194f33cb3aec777a93244c4ff51a2f to remote] DEBUG org.asynchttpclient.netty.request.NettyRequestSender - Using open Channel [id: 0x9a6c50bb, L:/127.0.0.1:55297 - R:localhost/127.0.0.1:10663] for POST '/session/29194f33cb3aec777a93244c4ff51a2f/element'
20:20:04.749 [AsyncHttpClient-1-32] DEBUG org.asynchttpclient.netty.handler.HttpHandler - 

Request DefaultHttpRequest(decodeResult: success, version: HTTP/1.1)
POST /session/29194f33cb3aec777a93244c4ff51a2f/element HTTP/1.1
User-Agent: selenium/4.8.1 (java windows)
Content-Length: 173
Content-Type: application/json; charset=utf-8
host: localhost:10663
accept: */*

Response DefaultHttpResponse(decodeResult: success, version: HTTP/1.1)
HTTP/1.1 200 OK
Content-Length: 88
Content-Type: application/json; charset=utf-8
cache-control: no-cache

20:20:04.749 [AsyncHttpClient-1-32] DEBUG org.asynchttpclient.netty.channel.ChannelManager - Adding key: http://localhost:10663 for channel [id: 0x9a6c50bb, L:/127.0.0.1:55297 - R:localhost/127.0.0.1:10663]
20:20:04.750 [Forwarding clickElement on session 29194f33cb3aec777a93244c4ff51a2f to remote] DEBUG org.asynchttpclient.netty.request.NettyRequestSender - Using pooled Channel '[id: 0x9a6c50bb, L:/127.0.0.1:55297 - R:localhost/127.0.0.1:10663]' for 'POST' to 'http://localhost:10663/session/29194f33cb3aec777a93244c4ff51a2f/element/f9dbc841-57df-4458-812b-0e93a9b8e38b/click'
20:20:04.750 [Forwarding clickElement on session 29194f33cb3aec777a93244c4ff51a2f to remote] DEBUG org.asynchttpclient.netty.request.NettyRequestSender - Using open Channel [id: 0x9a6c50bb, L:/127.0.0.1:55297 - R:localhost/127.0.0.1:10663] for POST '/session/29194f33cb3aec777a93244c4ff51a2f/element/f9dbc841-57df-4458-812b-0e93a9b8e38b/click'
20:20:04.754 [AsyncHttpClient-1-1] DEBUG org.asynchttpclient.netty.channel.DefaultChannelPool - Entry count for : http://localhost:55298 : 1
20:20:04.788 [AsyncHttpClient-1-32] DEBUG org.asynchttpclient.netty.handler.HttpHandler - 

Request DefaultHttpRequest(decodeResult: success, version: HTTP/1.1)
POST /session/29194f33cb3aec777a93244c4ff51a2f/element/f9dbc841-57df-4458-812b-0e93a9b8e38b/click HTTP/1.1
User-Agent: selenium/4.8.1 (java windows)
Content-Length: 50
Content-Type: application/json; charset=utf-8
host: localhost:10663
accept: */*

Response DefaultHttpResponse(decodeResult: success, version: HTTP/1.1)
HTTP/1.1 200 OK
Content-Length: 14
Content-Type: application/json; charset=utf-8
cache-control: no-cache

20:20:04.788 [AsyncHttpClient-1-32] DEBUG org.asynchttpclient.netty.channel.ChannelManager - Adding key: http://localhost:10663 for channel [id: 0x9a6c50bb, L:/127.0.0.1:55297 - R:localhost/127.0.0.1:10663]
20:20:04.793 [Forwarding getAlertText on session 29194f33cb3aec777a93244c4ff51a2f to remote] DEBUG org.asynchttpclient.netty.request.NettyRequestSender - Using pooled Channel '[id: 0x9a6c50bb, L:/127.0.0.1:55297 - R:localhost/127.0.0.1:10663]' for 'GET' to 'http://localhost:10663/session/29194f33cb3aec777a93244c4ff51a2f/alert/text'
20:20:04.793 [Forwarding getAlertText on session 29194f33cb3aec777a93244c4ff51a2f to remote] DEBUG org.asynchttpclient.netty.request.NettyRequestSender - Using open Channel [id: 0x9a6c50bb, L:/127.0.0.1:55297 - R:localhost/127.0.0.1:10663] for GET '/session/29194f33cb3aec777a93244c4ff51a2f/alert/text'
20:20:04.796 [AsyncHttpClient-1-32] DEBUG org.asynchttpclient.netty.handler.HttpHandler - 

Request DefaultFullHttpRequest(decodeResult: success, version: HTTP/1.1, content: EmptyByteBufBE)
GET /session/29194f33cb3aec777a93244c4ff51a2f/alert/text HTTP/1.1
User-Agent: selenium/4.8.1 (java windows)
Cache-Control: no-cache
Content-Type: application/json; charset=utf-8
host: localhost:10663
accept: */*

Response DefaultHttpResponse(decodeResult: success, version: HTTP/1.1)
HTTP/1.1 404 Not Found
Content-Length: 836
Content-Type: application/json; charset=utf-8
cache-control: no-cache

20:20:04.796 [AsyncHttpClient-1-32] DEBUG org.asynchttpclient.netty.channel.ChannelManager - Adding key: http://localhost:10663 for channel [id: 0x9a6c50bb, L:/127.0.0.1:55297 - R:localhost/127.0.0.1:10663]
20:20:04.796 [Forwarding getCurrentUrl on session 29194f33cb3aec777a93244c4ff51a2f to remote] DEBUG org.asynchttpclient.netty.request.NettyRequestSender - Using pooled Channel '[id: 0x9a6c50bb, L:/127.0.0.1:55297 - R:localhost/127.0.0.1:10663]' for 'GET' to 'http://localhost:10663/session/29194f33cb3aec777a93244c4ff51a2f/url'
20:20:04.796 [Forwarding getCurrentUrl on session 29194f33cb3aec777a93244c4ff51a2f to remote] DEBUG org.asynchttpclient.netty.request.NettyRequestSender - Using open Channel [id: 0x9a6c50bb, L:/127.0.0.1:55297 - R:localhost/127.0.0.1:10663] for GET '/session/29194f33cb3aec777a93244c4ff51a2f/url'
20:20:04.799 [AsyncHttpClient-1-32] DEBUG org.asynchttpclient.netty.handler.HttpHandler - 

Request DefaultFullHttpRequest(decodeResult: success, version: HTTP/1.1, content: EmptyByteBufBE)
GET /session/29194f33cb3aec777a93244c4ff51a2f/url HTTP/1.1
User-Agent: selenium/4.8.1 (java windows)
Cache-Control: no-cache
Content-Type: application/json; charset=utf-8
host: localhost:10663
accept: */*

Response DefaultHttpResponse(decodeResult: success, version: HTTP/1.1)
HTTP/1.1 200 OK
Content-Length: 41
Content-Type: application/json; charset=utf-8
cache-control: no-cache

20:20:04.799 [AsyncHttpClient-1-32] DEBUG org.asynchttpclient.netty.channel.ChannelManager - Adding key: http://localhost:10663 for channel [id: 0x9a6c50bb, L:/127.0.0.1:55297 - R:localhost/127.0.0.1:10663]
20:20:04.800 [Forwarding screenshot on session 29194f33cb3aec777a93244c4ff51a2f to remote] DEBUG org.asynchttpclient.netty.request.NettyRequestSender - Using pooled Channel '[id: 0x9a6c50bb, L:/127.0.0.1:55297 - R:localhost/127.0.0.1:10663]' for 'GET' to 'http://localhost:10663/session/29194f33cb3aec777a93244c4ff51a2f/screenshot'
20:20:04.800 [Forwarding screenshot on session 29194f33cb3aec777a93244c4ff51a2f to remote] DEBUG org.asynchttpclient.netty.request.NettyRequestSender - Using open Channel [id: 0x9a6c50bb, L:/127.0.0.1:55297 - R:localhost/127.0.0.1:10663] for GET '/session/29194f33cb3aec777a93244c4ff51a2f/screenshot'
20:20:04.885 [AsyncHttpClient-1-32] DEBUG org.asynchttpclient.netty.handler.HttpHandler - 

Request DefaultFullHttpRequest(decodeResult: success, version: HTTP/1.1, content: EmptyByteBufBE)
GET /session/29194f33cb3aec777a93244c4ff51a2f/screenshot HTTP/1.1
User-Agent: selenium/4.8.1 (java windows)
Cache-Control: no-cache
Content-Type: application/json; charset=utf-8
host: localhost:10663
accept: */*

Response DefaultHttpResponse(decodeResult: success, version: HTTP/1.1)
HTTP/1.1 200 OK
Content-Length: 64612
Content-Type: application/json; charset=utf-8
cache-control: no-cache

20:20:04.885 [AsyncHttpClient-1-32] DEBUG org.asynchttpclient.netty.channel.ChannelManager - Adding key: http://localhost:10663 for channel [id: 0x9a6c50bb, L:/127.0.0.1:55297 - R:localhost/127.0.0.1:10663]
20:20:04.886 [main] DEBUG net.serenitybdd.core.photography.Darkroom - Send negative for processing for target\site\serenity\5135a452313b07a586c91495cc923e83bae3b83dc7b2ee782afb48f8507b4eda.png
20:20:04.887 [main] DEBUG net.thucydides.core.steps.StepInterceptor - STEP DONE: clickBeliButton
  &amp#27;[32mWhen &amp#27;[0m&amp#27;[32mI click BELI button from the product&amp#27;[0m               &amp#27;[90m# starter.stepdefinitions.ProductSteps.clickBeliButton()&amp#27;[0m
20:20:04.887 [Darkroom Processing Line] DEBUG net.serenitybdd.core.photography.DarkroomProcessingLine - Processing screenshot image in /var/screenshots/screenshot-7231960447615671459
20:20:04.887 [Darkroom Processing Line] DEBUG net.serenitybdd.core.photography.DarkroomProcessingLine - Saving screenshot to target\site\serenity\5135a452313b07a586c91495cc923e83bae3b83dc7b2ee782afb48f8507b4eda.png
20:20:04.894 [Forwarding getPageSource on session 29194f33cb3aec777a93244c4ff51a2f to remote] DEBUG org.asynchttpclient.netty.request.NettyRequestSender - Using pooled Channel '[id: 0x9a6c50bb, L:/127.0.0.1:55297 - R:localhost/127.0.0.1:10663]' for 'POST' to 'http://localhost:10663/session/29194f33cb3aec777a93244c4ff51a2f/execute/sync'
20:20:04.894 [Forwarding getPageSource on session 29194f33cb3aec777a93244c4ff51a2f to remote] DEBUG org.asynchttpclient.netty.request.NettyRequestSender - Using open Channel [id: 0x9a6c50bb, L:/127.0.0.1:55297 - R:localhost/127.0.0.1:10663] for POST '/session/29194f33cb3aec777a93244c4ff51a2f/execute/sync'
20:20:04.907 [AsyncHttpClient-1-32] DEBUG org.asynchttpclient.netty.handler.HttpHandler - 

Request DefaultHttpRequest(decodeResult: success, version: HTTP/1.1)
POST /session/29194f33cb3aec777a93244c4ff51a2f/execute/sync HTTP/1.1
User-Agent: selenium/4.8.1 (java windows)
Content-Length: 176
Content-Type: application/json; charset=utf-8
host: localhost:10663
accept: */*

Response DefaultHttpResponse(decodeResult: success, version: HTTP/1.1)
HTTP/1.1 200 OK
Content-Length: 218748
Content-Type: application/json; charset=utf-8
cache-control: no-cache

20:20:04.908 [AsyncHttpClient-1-32] DEBUG org.asynchttpclient.netty.channel.ChannelManager - Adding key: http://localhost:10663 for channel [id: 0x9a6c50bb, L:/127.0.0.1:55297 - R:localhost/127.0.0.1:10663]
20:20:04.920 [Forwarding getCurrentUrl on session 29194f33cb3aec777a93244c4ff51a2f to remote] DEBUG org.asynchttpclient.netty.request.NettyRequestSender - Using pooled Channel '[id: 0x9a6c50bb, L:/127.0.0.1:55297 - R:localhost/127.0.0.1:10663]' for 'GET' to 'http://localhost:10663/session/29194f33cb3aec777a93244c4ff51a2f/url'
20:20:04.921 [Forwarding getCurrentUrl on session 29194f33cb3aec777a93244c4ff51a2f to remote] DEBUG org.asynchttpclient.netty.request.NettyRequestSender - Using open Channel [id: 0x9a6c50bb, L:/127.0.0.1:55297 - R:localhost/127.0.0.1:10663] for GET '/session/29194f33cb3aec777a93244c4ff51a2f/url'
20:20:04.924 [AsyncHttpClient-1-32] DEBUG org.asynchttpclient.netty.handler.HttpHandler - 

Request DefaultFullHttpRequest(decodeResult: success, version: HTTP/1.1, content: EmptyByteBufBE)
GET /session/29194f33cb3aec777a93244c4ff51a2f/url HTTP/1.1
User-Agent: selenium/4.8.1 (java windows)
Cache-Control: no-cache
Content-Type: application/json; charset=utf-8
host: localhost:10663
accept: */*

Response DefaultHttpResponse(decodeResult: success, version: HTTP/1.1)
HTTP/1.1 200 OK
Content-Length: 41
Content-Type: application/json; charset=utf-8
cache-control: no-cache

20:20:04.924 [AsyncHttpClient-1-32] DEBUG org.asynchttpclient.netty.channel.ChannelManager - Adding key: http://localhost:10663 for channel [id: 0x9a6c50bb, L:/127.0.0.1:55297 - R:localhost/127.0.0.1:10663]
20:20:04.931 [Forwarding getPageSource on session 29194f33cb3aec777a93244c4ff51a2f to remote] DEBUG org.asynchttpclient.netty.request.NettyRequestSender - Using pooled Channel '[id: 0x9a6c50bb, L:/127.0.0.1:55297 - R:localhost/127.0.0.1:10663]' for 'POST' to 'http://localhost:10663/session/29194f33cb3aec777a93244c4ff51a2f/execute/sync'
20:20:04.931 [Forwarding getPageSource on session 29194f33cb3aec777a93244c4ff51a2f to remote] DEBUG org.asynchttpclient.netty.request.NettyRequestSender - Using open Channel [id: 0x9a6c50bb, L:/127.0.0.1:55297 - R:localhost/127.0.0.1:10663] for POST '/session/29194f33cb3aec777a93244c4ff51a2f/execute/sync'
20:20:04.943 [AsyncHttpClient-1-32] DEBUG org.asynchttpclient.netty.handler.HttpHandler - 

Request DefaultHttpRequest(decodeResult: success, version: HTTP/1.1)
POST /session/29194f33cb3aec777a93244c4ff51a2f/execute/sync HTTP/1.1
User-Agent: selenium/4.8.1 (java windows)
Content-Length: 176
Content-Type: application/json; charset=utf-8
host: localhost:10663
accept: */*

Response DefaultHttpResponse(decodeResult: success, version: HTTP/1.1)
HTTP/1.1 200 OK
Content-Length: 218748
Content-Type: application/json; charset=utf-8
cache-control: no-cache

20:20:04.943 [AsyncHttpClient-1-32] DEBUG org.asynchttpclient.netty.channel.ChannelManager - Adding key: http://localhost:10663 for channel [id: 0x9a6c50bb, L:/127.0.0.1:55297 - R:localhost/127.0.0.1:10663]
20:20:04.956 [Forwarding getCurrentUrl on session 29194f33cb3aec777a93244c4ff51a2f to remote] DEBUG org.asynchttpclient.netty.request.NettyRequestSender - Using pooled Channel '[id: 0x9a6c50bb, L:/127.0.0.1:55297 - R:localhost/127.0.0.1:10663]' for 'GET' to 'http://localhost:10663/session/29194f33cb3aec777a93244c4ff51a2f/url'
20:20:04.956 [Forwarding getCurrentUrl on session 29194f33cb3aec777a93244c4ff51a2f to remote] DEBUG org.asynchttpclient.netty.request.NettyRequestSender - Using open Channel [id: 0x9a6c50bb, L:/127.0.0.1:55297 - R:localhost/127.0.0.1:10663] for GET '/session/29194f33cb3aec777a93244c4ff51a2f/url'
20:20:04.960 [AsyncHttpClient-1-32] DEBUG org.asynchttpclient.netty.handler.HttpHandler - 

Request DefaultFullHttpRequest(decodeResult: success, version: HTTP/1.1, content: EmptyByteBufBE)
GET /session/29194f33cb3aec777a93244c4ff51a2f/url HTTP/1.1
User-Agent: selenium/4.8.1 (java windows)
Cache-Control: no-cache
Content-Type: application/json; charset=utf-8
host: localhost:10663
accept: */*

Response DefaultHttpResponse(decodeResult: success, version: HTTP/1.1)
HTTP/1.1 200 OK
Content-Length: 41
Content-Type: application/json; charset=utf-8
cache-control: no-cache

20:20:04.960 [AsyncHttpClient-1-32] DEBUG org.asynchttpclient.netty.channel.ChannelManager - Adding key: http://localhost:10663 for channel [id: 0x9a6c50bb, L:/127.0.0.1:55297 - R:localhost/127.0.0.1:10663]
20:20:04.962 [main] DEBUG net.thucydides.core.steps.StepInterceptor - STARTING STEP: ProductSteps.validateProductHasAdded - clickCartIcon
20:20:04.964 [Forwarding findElement on session 29194f33cb3aec777a93244c4ff51a2f to remote] DEBUG org.asynchttpclient.netty.request.NettyRequestSender - Using pooled Channel '[id: 0x9a6c50bb, L:/127.0.0.1:55297 - R:localhost/127.0.0.1:10663]' for 'POST' to 'http://localhost:10663/session/29194f33cb3aec777a93244c4ff51a2f/element'
20:20:04.964 [Forwarding findElement on session 29194f33cb3aec777a93244c4ff51a2f to remote] DEBUG org.asynchttpclient.netty.request.NettyRequestSender - Using open Channel [id: 0x9a6c50bb, L:/127.0.0.1:55297 - R:localhost/127.0.0.1:10663] for POST '/session/29194f33cb3aec777a93244c4ff51a2f/element'
20:20:04.974 [AsyncHttpClient-1-32] DEBUG org.asynchttpclient.netty.handler.HttpHandler - 

Request DefaultHttpRequest(decodeResult: success, version: HTTP/1.1)
POST /session/29194f33cb3aec777a93244c4ff51a2f/element HTTP/1.1
User-Agent: selenium/4.8.1 (java windows)
Content-Length: 65
Content-Type: application/json; charset=utf-8
host: localhost:10663
accept: */*

Response DefaultHttpResponse(decodeResult: success, version: HTTP/1.1)
HTTP/1.1 200 OK
Content-Length: 88
Content-Type: application/json; charset=utf-8
cache-control: no-cache

20:20:04.974 [AsyncHttpClient-1-32] DEBUG org.asynchttpclient.netty.channel.ChannelManager - Adding key: http://localhost:10663 for channel [id: 0x9a6c50bb, L:/127.0.0.1:55297 - R:localhost/127.0.0.1:10663]
20:20:04.976 [Forwarding getElementTagName on session 29194f33cb3aec777a93244c4ff51a2f to remote] DEBUG org.asynchttpclient.netty.request.NettyRequestSender - Using pooled Channel '[id: 0x9a6c50bb, L:/127.0.0.1:55297 - R:localhost/127.0.0.1:10663]' for 'GET' to 'http://localhost:10663/session/29194f33cb3aec777a93244c4ff51a2f/element/ce6410ce-5fd4-4c29-ac3e-97d120cdd7b2/name'
20:20:04.976 [Forwarding getElementTagName on session 29194f33cb3aec777a93244c4ff51a2f to remote] DEBUG org.asynchttpclient.netty.request.NettyRequestSender - Using open Channel [id: 0x9a6c50bb, L:/127.0.0.1:55297 - R:localhost/127.0.0.1:10663] for GET '/session/29194f33cb3aec777a93244c4ff51a2f/element/ce6410ce-5fd4-4c29-ac3e-97d120cdd7b2/name'
20:20:04.984 [AsyncHttpClient-1-32] DEBUG org.asynchttpclient.netty.handler.HttpHandler - 

Request DefaultFullHttpRequest(decodeResult: success, version: HTTP/1.1, content: EmptyByteBufBE)
GET /session/29194f33cb3aec777a93244c4ff51a2f/element/ce6410ce-5fd4-4c29-ac3e-97d120cdd7b2/name HTTP/1.1
User-Agent: selenium/4.8.1 (java windows)
Cache-Control: no-cache
Content-Type: application/json; charset=utf-8
host: localhost:10663
accept: */*

Response DefaultHttpResponse(decodeResult: success, version: HTTP/1.1)
HTTP/1.1 200 OK
Content-Length: 13
Content-Type: application/json; charset=utf-8
cache-control: no-cache

20:20:04.984 [AsyncHttpClient-1-32] DEBUG org.asynchttpclient.netty.channel.ChannelManager - Adding key: http://localhost:10663 for channel [id: 0x9a6c50bb, L:/127.0.0.1:55297 - R:localhost/127.0.0.1:10663]
20:20:04.986 [Forwarding getElementTagName on session 29194f33cb3aec777a93244c4ff51a2f to remote] DEBUG org.asynchttpclient.netty.request.NettyRequestSender - Using pooled Channel '[id: 0x9a6c50bb, L:/127.0.0.1:55297 - R:localhost/127.0.0.1:10663]' for 'GET' to 'http://localhost:10663/session/29194f33cb3aec777a93244c4ff51a2f/element/ce6410ce-5fd4-4c29-ac3e-97d120cdd7b2/name'
20:20:04.986 [Forwarding getElementTagName on session 29194f33cb3aec777a93244c4ff51a2f to remote] DEBUG org.asynchttpclient.netty.request.NettyRequestSender - Using open Channel [id: 0x9a6c50bb, L:/127.0.0.1:55297 - R:localhost/127.0.0.1:10663] for GET '/session/29194f33cb3aec777a93244c4ff51a2f/element/ce6410ce-5fd4-4c29-ac3e-97d120cdd7b2/name'
20:20:04.991 [AsyncHttpClient-1-32] DEBUG org.asynchttpclient.netty.handler.HttpHandler - 

Request DefaultFullHttpRequest(decodeResult: success, version: HTTP/1.1, content: EmptyByteBufBE)
GET /session/29194f33cb3aec777a93244c4ff51a2f/element/ce6410ce-5fd4-4c29-ac3e-97d120cdd7b2/name HTTP/1.1
User-Agent: selenium/4.8.1 (java windows)
Cache-Control: no-cache
Content-Type: application/json; charset=utf-8
host: localhost:10663
accept: */*

Response DefaultHttpResponse(decodeResult: success, version: HTTP/1.1)
HTTP/1.1 200 OK
Content-Length: 13
Content-Type: application/json; charset=utf-8
cache-control: no-cache

20:20:04.991 [AsyncHttpClient-1-32] DEBUG org.asynchttpclient.netty.channel.ChannelManager - Adding key: http://localhost:10663 for channel [id: 0x9a6c50bb, L:/127.0.0.1:55297 - R:localhost/127.0.0.1:10663]
20:20:04.993 [Forwarding findElement on session 29194f33cb3aec777a93244c4ff51a2f to remote] DEBUG org.asynchttpclient.netty.request.NettyRequestSender - Using pooled Channel '[id: 0x9a6c50bb, L:/127.0.0.1:55297 - R:localhost/127.0.0.1:10663]' for 'POST' to 'http://localhost:10663/session/29194f33cb3aec777a93244c4ff51a2f/element'
20:20:04.993 [Forwarding findElement on session 29194f33cb3aec777a93244c4ff51a2f to remote] DEBUG org.asynchttpclient.netty.request.NettyRequestSender - Using open Channel [id: 0x9a6c50bb, L:/127.0.0.1:55297 - R:localhost/127.0.0.1:10663] for POST '/session/29194f33cb3aec777a93244c4ff51a2f/element'
20:20:05.004 [AsyncHttpClient-1-32] DEBUG org.asynchttpclient.netty.handler.HttpHandler - 

Request DefaultHttpRequest(decodeResult: success, version: HTTP/1.1)
POST /session/29194f33cb3aec777a93244c4ff51a2f/element HTTP/1.1
User-Agent: selenium/4.8.1 (java windows)
Content-Length: 65
Content-Type: application/json; charset=utf-8
host: localhost:10663
accept: */*

Response DefaultHttpResponse(decodeResult: success, version: HTTP/1.1)
HTTP/1.1 200 OK
Content-Length: 88
Content-Type: application/json; charset=utf-8
cache-control: no-cache

20:20:05.005 [AsyncHttpClient-1-32] DEBUG org.asynchttpclient.netty.channel.ChannelManager - Adding key: http://localhost:10663 for channel [id: 0x9a6c50bb, L:/127.0.0.1:55297 - R:localhost/127.0.0.1:10663]
20:20:05.006 [Forwarding clickElement on session 29194f33cb3aec777a93244c4ff51a2f to remote] DEBUG org.asynchttpclient.netty.request.NettyRequestSender - Using pooled Channel '[id: 0x9a6c50bb, L:/127.0.0.1:55297 - R:localhost/127.0.0.1:10663]' for 'POST' to 'http://localhost:10663/session/29194f33cb3aec777a93244c4ff51a2f/element/ce6410ce-5fd4-4c29-ac3e-97d120cdd7b2/click'
20:20:05.006 [Forwarding clickElement on session 29194f33cb3aec777a93244c4ff51a2f to remote] DEBUG org.asynchttpclient.netty.request.NettyRequestSender - Using open Channel [id: 0x9a6c50bb, L:/127.0.0.1:55297 - R:localhost/127.0.0.1:10663] for POST '/session/29194f33cb3aec777a93244c4ff51a2f/element/ce6410ce-5fd4-4c29-ac3e-97d120cdd7b2/click'
20:20:05.059 [AsyncHttpClient-1-32] DEBUG org.asynchttpclient.netty.handler.HttpHandler - 

Request DefaultHttpRequest(decodeResult: success, version: HTTP/1.1)
POST /session/29194f33cb3aec777a93244c4ff51a2f/element/ce6410ce-5fd4-4c29-ac3e-97d120cdd7b2/click HTTP/1.1
User-Agent: selenium/4.8.1 (java windows)
Content-Length: 50
Content-Type: application/json; charset=utf-8
host: localhost:10663
accept: */*

Response DefaultHttpResponse(decodeResult: success, version: HTTP/1.1)
HTTP/1.1 200 OK
Content-Length: 14
Content-Type: application/json; charset=utf-8
cache-control: no-cache

20:20:05.059 [AsyncHttpClient-1-32] DEBUG org.asynchttpclient.netty.channel.ChannelManager - Adding key: http://localhost:10663 for channel [id: 0x9a6c50bb, L:/127.0.0.1:55297 - R:localhost/127.0.0.1:10663]
20:20:05.067 [Forwarding getAlertText on session 29194f33cb3aec777a93244c4ff51a2f to remote] DEBUG org.asynchttpclient.netty.request.NettyRequestSender - Using pooled Channel '[id: 0x9a6c50bb, L:/127.0.0.1:55297 - R:localhost/127.0.0.1:10663]' for 'GET' to 'http://localhost:10663/session/29194f33cb3aec777a93244c4ff51a2f/alert/text'
20:20:05.067 [Forwarding getAlertText on session 29194f33cb3aec777a93244c4ff51a2f to remote] DEBUG org.asynchttpclient.netty.request.NettyRequestSender - Using open Channel [id: 0x9a6c50bb, L:/127.0.0.1:55297 - R:localhost/127.0.0.1:10663] for GET '/session/29194f33cb3aec777a93244c4ff51a2f/alert/text'
20:20:05.129 [AsyncHttpClient-1-32] DEBUG org.asynchttpclient.netty.handler.HttpHandler - 

Request DefaultFullHttpRequest(decodeResult: success, version: HTTP/1.1, content: EmptyByteBufBE)
GET /session/29194f33cb3aec777a93244c4ff51a2f/alert/text HTTP/1.1
User-Agent: selenium/4.8.1 (java windows)
Cache-Control: no-cache
Content-Type: application/json; charset=utf-8
host: localhost:10663
accept: */*

Response DefaultHttpResponse(decodeResult: success, version: HTTP/1.1)
HTTP/1.1 404 Not Found
Content-Length: 836
Content-Type: application/json; charset=utf-8
cache-control: no-cache

20:20:05.129 [AsyncHttpClient-1-32] DEBUG org.asynchttpclient.netty.channel.ChannelManager - Adding key: http://localhost:10663 for channel [id: 0x9a6c50bb, L:/127.0.0.1:55297 - R:localhost/127.0.0.1:10663]
20:20:05.130 [Forwarding getCurrentUrl on session 29194f33cb3aec777a93244c4ff51a2f to remote] DEBUG org.asynchttpclient.netty.request.NettyRequestSender - Using pooled Channel '[id: 0x9a6c50bb, L:/127.0.0.1:55297 - R:localhost/127.0.0.1:10663]' for 'GET' to 'http://localhost:10663/session/29194f33cb3aec777a93244c4ff51a2f/url'
20:20:05.130 [Forwarding getCurrentUrl on session 29194f33cb3aec777a93244c4ff51a2f to remote] DEBUG org.asynchttpclient.netty.request.NettyRequestSender - Using open Channel [id: 0x9a6c50bb, L:/127.0.0.1:55297 - R:localhost/127.0.0.1:10663] for GET '/session/29194f33cb3aec777a93244c4ff51a2f/url'
20:20:05.132 [AsyncHttpClient-1-32] DEBUG org.asynchttpclient.netty.handler.HttpHandler - 

Request DefaultFullHttpRequest(decodeResult: success, version: HTTP/1.1, content: EmptyByteBufBE)
GET /session/29194f33cb3aec777a93244c4ff51a2f/url HTTP/1.1
User-Agent: selenium/4.8.1 (java windows)
Cache-Control: no-cache
Content-Type: application/json; charset=utf-8
host: localhost:10663
accept: */*

Response DefaultHttpResponse(decodeResult: success, version: HTTP/1.1)
HTTP/1.1 200 OK
Content-Length: 46
Content-Type: application/json; charset=utf-8
cache-control: no-cache

20:20:05.132 [AsyncHttpClient-1-32] DEBUG org.asynchttpclient.netty.channel.ChannelManager - Adding key: http://localhost:10663 for channel [id: 0x9a6c50bb, L:/127.0.0.1:55297 - R:localhost/127.0.0.1:10663]
20:20:05.133 [Forwarding screenshot on session 29194f33cb3aec777a93244c4ff51a2f to remote] DEBUG org.asynchttpclient.netty.request.NettyRequestSender - Using pooled Channel '[id: 0x9a6c50bb, L:/127.0.0.1:55297 - R:localhost/127.0.0.1:10663]' for 'GET' to 'http://localhost:10663/session/29194f33cb3aec777a93244c4ff51a2f/screenshot'
20:20:05.133 [Forwarding screenshot on session 29194f33cb3aec777a93244c4ff51a2f to remote] DEBUG org.asynchttpclient.netty.request.NettyRequestSender - Using open Channel [id: 0x9a6c50bb, L:/127.0.0.1:55297 - R:localhost/127.0.0.1:10663] for GET '/session/29194f33cb3aec777a93244c4ff51a2f/screenshot'
20:20:05.254 [AsyncHttpClient-1-32] DEBUG org.asynchttpclient.netty.handler.HttpHandler - 

Request DefaultFullHttpRequest(decodeResult: success, version: HTTP/1.1, content: EmptyByteBufBE)
GET /session/29194f33cb3aec777a93244c4ff51a2f/screenshot HTTP/1.1
User-Agent: selenium/4.8.1 (java windows)
Cache-Control: no-cache
Content-Type: application/json; charset=utf-8
host: localhost:10663
accept: */*

Response DefaultHttpResponse(decodeResult: success, version: HTTP/1.1)
HTTP/1.1 200 OK
Content-Length: 30188
Content-Type: application/json; charset=utf-8
cache-control: no-cache

20:20:05.255 [AsyncHttpClient-1-32] DEBUG org.asynchttpclient.netty.channel.ChannelManager - Adding key: http://localhost:10663 for channel [id: 0x9a6c50bb, L:/127.0.0.1:55297 - R:localhost/127.0.0.1:10663]
20:20:05.256 [main] DEBUG net.serenitybdd.core.photography.Darkroom - Send negative for processing for target\site\serenity\7cc7cfe49916122153b21271c70469bd0e712dadf49c95b12f10e255d9daa7a6.png
20:20:05.256 [main] DEBUG net.thucydides.core.steps.StepInterceptor - STEP DONE: clickCartIcon
20:20:05.256 [Darkroom Processing Line] DEBUG net.serenitybdd.core.photography.DarkroomProcessingLine - Processing screenshot image in /var/screenshots/screenshot-6918123988276303709
20:20:05.256 [Darkroom Processing Line] DEBUG net.serenitybdd.core.photography.DarkroomProcessingLine - Saving screenshot to target\site\serenity\7cc7cfe49916122153b21271c70469bd0e712dadf49c95b12f10e255d9daa7a6.png
20:20:05.261 [Forwarding getPageSource on session 29194f33cb3aec777a93244c4ff51a2f to remote] DEBUG org.asynchttpclient.netty.request.NettyRequestSender - Using pooled Channel '[id: 0x9a6c50bb, L:/127.0.0.1:55297 - R:localhost/127.0.0.1:10663]' for 'POST' to 'http://localhost:10663/session/29194f33cb3aec777a93244c4ff51a2f/execute/sync'
20:20:05.261 [Forwarding getPageSource on session 29194f33cb3aec777a93244c4ff51a2f to remote] DEBUG org.asynchttpclient.netty.request.NettyRequestSender - Using open Channel [id: 0x9a6c50bb, L:/127.0.0.1:55297 - R:localhost/127.0.0.1:10663] for POST '/session/29194f33cb3aec777a93244c4ff51a2f/execute/sync'
20:20:05.266 [AsyncHttpClient-1-32] DEBUG org.asynchttpclient.netty.handler.HttpHandler - 

Request DefaultHttpRequest(decodeResult: success, version: HTTP/1.1)
POST /session/29194f33cb3aec777a93244c4ff51a2f/execute/sync HTTP/1.1
User-Agent: selenium/4.8.1 (java windows)
Content-Length: 176
Content-Type: application/json; charset=utf-8
host: localhost:10663
accept: */*

Response DefaultHttpResponse(decodeResult: success, version: HTTP/1.1)
HTTP/1.1 200 OK
Content-Length: 22268
Content-Type: application/json; charset=utf-8
cache-control: no-cache

20:20:05.266 [AsyncHttpClient-1-32] DEBUG org.asynchttpclient.netty.channel.ChannelManager - Adding key: http://localhost:10663 for channel [id: 0x9a6c50bb, L:/127.0.0.1:55297 - R:localhost/127.0.0.1:10663]
20:20:05.267 [Forwarding getCurrentUrl on session 29194f33cb3aec777a93244c4ff51a2f to remote] DEBUG org.asynchttpclient.netty.request.NettyRequestSender - Using pooled Channel '[id: 0x9a6c50bb, L:/127.0.0.1:55297 - R:localhost/127.0.0.1:10663]' for 'GET' to 'http://localhost:10663/session/29194f33cb3aec777a93244c4ff51a2f/url'
20:20:05.267 [Forwarding getCurrentUrl on session 29194f33cb3aec777a93244c4ff51a2f to remote] DEBUG org.asynchttpclient.netty.request.NettyRequestSender - Using open Channel [id: 0x9a6c50bb, L:/127.0.0.1:55297 - R:localhost/127.0.0.1:10663] for GET '/session/29194f33cb3aec777a93244c4ff51a2f/url'
20:20:05.269 [AsyncHttpClient-1-32] DEBUG org.asynchttpclient.netty.handler.HttpHandler - 

Request DefaultFullHttpRequest(decodeResult: success, version: HTTP/1.1, content: EmptyByteBufBE)
GET /session/29194f33cb3aec777a93244c4ff51a2f/url HTTP/1.1
User-Agent: selenium/4.8.1 (java windows)
Cache-Control: no-cache
Content-Type: application/json; charset=utf-8
host: localhost:10663
accept: */*

Response DefaultHttpResponse(decodeResult: success, version: HTTP/1.1)
HTTP/1.1 200 OK
Content-Length: 46
Content-Type: application/json; charset=utf-8
cache-control: no-cache

20:20:05.269 [AsyncHttpClient-1-32] DEBUG org.asynchttpclient.netty.channel.ChannelManager - Adding key: http://localhost:10663 for channel [id: 0x9a6c50bb, L:/127.0.0.1:55297 - R:localhost/127.0.0.1:10663]
20:20:05.271 [main] DEBUG net.thucydides.core.steps.StepInterceptor - STARTING STEP: ProductSteps.validateProductHasAdded - validateProductHasAdded
20:20:05.272 [Forwarding findElement on session 29194f33cb3aec777a93244c4ff51a2f to remote] DEBUG org.asynchttpclient.netty.request.NettyRequestSender - Using pooled Channel '[id: 0x9a6c50bb, L:/127.0.0.1:55297 - R:localhost/127.0.0.1:10663]' for 'POST' to 'http://localhost:10663/session/29194f33cb3aec777a93244c4ff51a2f/element'
20:20:05.272 [Forwarding findElement on session 29194f33cb3aec777a93244c4ff51a2f to remote] DEBUG org.asynchttpclient.netty.request.NettyRequestSender - Using open Channel [id: 0x9a6c50bb, L:/127.0.0.1:55297 - R:localhost/127.0.0.1:10663] for POST '/session/29194f33cb3aec777a93244c4ff51a2f/element'
20:20:05.280 [AsyncHttpClient-1-32] DEBUG org.asynchttpclient.netty.handler.HttpHandler - 

Request DefaultHttpRequest(decodeResult: success, version: HTTP/1.1)
POST /session/29194f33cb3aec777a93244c4ff51a2f/element HTTP/1.1
User-Agent: selenium/4.8.1 (java windows)
Content-Length: 58
Content-Type: application/json; charset=utf-8
host: localhost:10663
accept: */*

Response DefaultHttpResponse(decodeResult: success, version: HTTP/1.1)
HTTP/1.1 200 OK
Content-Length: 88
Content-Type: application/json; charset=utf-8
cache-control: no-cache

20:20:05.280 [AsyncHttpClient-1-32] DEBUG org.asynchttpclient.netty.channel.ChannelManager - Adding key: http://localhost:10663 for channel [id: 0x9a6c50bb, L:/127.0.0.1:55297 - R:localhost/127.0.0.1:10663]
20:20:05.282 [Forwarding isElementDisplayed on session 29194f33cb3aec777a93244c4ff51a2f to remote] DEBUG org.asynchttpclient.netty.request.NettyRequestSender - Using pooled Channel '[id: 0x9a6c50bb, L:/127.0.0.1:55297 - R:localhost/127.0.0.1:10663]' for 'POST' to 'http://localhost:10663/session/29194f33cb3aec777a93244c4ff51a2f/execute/sync'
20:20:05.282 [Forwarding isElementDisplayed on session 29194f33cb3aec777a93244c4ff51a2f to remote] DEBUG org.asynchttpclient.netty.request.NettyRequestSender - Using open Channel [id: 0x9a6c50bb, L:/127.0.0.1:55297 - R:localhost/127.0.0.1:10663] for POST '/session/29194f33cb3aec777a93244c4ff51a2f/execute/sync'
20:20:05.288 [AsyncHttpClient-1-32] DEBUG org.asynchttpclient.netty.handler.HttpHandler - 

Request DefaultHttpRequest(decodeResult: success, version: HTTP/1.1)
POST /session/29194f33cb3aec777a93244c4ff51a2f/execute/sync HTTP/1.1
User-Agent: selenium/4.8.1 (java windows)
Content-Length: 48807
Content-Type: application/json; charset=utf-8
host: localhost:10663
accept: */*

Response DefaultHttpResponse(decodeResult: success, version: HTTP/1.1)
HTTP/1.1 200 OK
Content-Length: 14
Content-Type: application/json; charset=utf-8
cache-control: no-cache

20:20:05.288 [AsyncHttpClient-1-32] DEBUG org.asynchttpclient.netty.channel.ChannelManager - Adding key: http://localhost:10663 for channel [id: 0x9a6c50bb, L:/127.0.0.1:55297 - R:localhost/127.0.0.1:10663]
20:20:05.291 [main] DEBUG net.thucydides.core.steps.StepInterceptor - STEP DONE: validateProductHasAdded
  &amp#27;[32mThen &amp#27;[0m&amp#27;[32mI should see the product in cart&amp#27;[0m                   &amp#27;[90m# starter.stepdefinitions.ProductSteps.validateProductHasAdded()&amp#27;[0m
20:20:05.297 [main] INFO  - 
  _____   ___   ___   _____     ___     _     ___   ___   ___   ___  
 |_   _| | __| / __| |_   _|   | _ \   /_\   / __| / __| | __| |   \ 
   | |   | _|  \__ \   | |     |  _/  / _ \  \__ \ \__ \ | _|  | |) |
   |_|   |___| |___/   |_|     |_|   /_/ \_\ |___/ |___/ |___| |___/ 

Add to cart by buy a product with login
----------------------------------------------------------------------
20:20:05.298 [AsyncHttpClient-1-2] DEBUG org.asynchttpclient.netty.handler.WebSocketHandler - Channel Closed: [id: 0x5682f91c, L:/127.0.0.1:55305 ! R:localhost/127.0.0.1:55298] with attribute NettyResponseFuture{currentRetry=0,
	isDone=1,
	isCancelled=0,
	asyncHandler=org.asynchttpclient.ws.WebSocketUpgradeHandler@58d4b3ee,
	nettyRequest=org.asynchttpclient.netty.request.NettyRequest@496e2641,
	future=java.util.concurrent.CompletableFuture@fd36f6b[Completed normally],
	uri=ws://localhost:55298/devtools/browser/21d359a0-bed5-44b8-94d1-372a79e1c4c6,
	keepAlive=true,
	redirectCount=0,
	timeoutsHolder=null,
	inAuth=0,
	touch=1683379201844}
20:20:05.298 [Driver Command Executor] DEBUG org.asynchttpclient.netty.request.NettyRequestSender - Using pooled Channel '[id: 0x9a6c50bb, L:/127.0.0.1:55297 - R:localhost/127.0.0.1:10663]' for 'DELETE' to 'http://localhost:10663/session/29194f33cb3aec777a93244c4ff51a2f'
20:20:05.298 [Driver Command Executor] DEBUG org.asynchttpclient.netty.request.NettyRequestSender - Using open Channel [id: 0x9a6c50bb, L:/127.0.0.1:55297 - R:localhost/127.0.0.1:10663] for DELETE '/session/29194f33cb3aec777a93244c4ff51a2f'
20:20:05.298 [AsyncHttpClient-1-2] DEBUG org.asynchttpclient.netty.channel.ChannelManager - Closing Channel [id: 0x5682f91c, L:/127.0.0.1:55305 ! R:localhost/127.0.0.1:55298] 
20:20:05.320 [AsyncHttpClient-1-33] DEBUG org.asynchttpclient.netty.handler.HttpHandler - Unexpected I/O exception on channel [id: 0xfad7b4cf, L:/127.0.0.1:55304 - R:localhost/127.0.0.1:55298]
java.net.SocketException: Connection reset
	at java.base/sun.nio.ch.SocketChannelImpl.throwConnectionReset(SocketChannelImpl.java:367)
	at java.base/sun.nio.ch.SocketChannelImpl.read(SocketChannelImpl.java:398)
	at io.netty.buffer.PooledByteBuf.setBytes(PooledByteBuf.java:259)
	at io.netty.buffer.AbstractByteBuf.writeBytes(AbstractByteBuf.java:1132)
	at io.netty.channel.socket.nio.NioSocketChannel.doReadBytes(NioSocketChannel.java:357)
	at io.netty.channel.nio.AbstractNioByteChannel$NioByteUnsafe.read(AbstractNioByteChannel.java:151)
	at io.netty.channel.nio.NioEventLoop.processSelectedKey(NioEventLoop.java:788)
	at io.netty.channel.nio.NioEventLoop.processSelectedKeysOptimized(NioEventLoop.java:724)
	at io.netty.channel.nio.NioEventLoop.processSelectedKeys(NioEventLoop.java:650)
	at io.netty.channel.nio.NioEventLoop.run(NioEventLoop.java:562)
	at io.netty.util.concurrent.SingleThreadEventExecutor$4.run(SingleThreadEventExecutor.java:997)
	at io.netty.util.internal.ThreadExecutorMap$2.run(ThreadExecutorMap.java:74)
	at io.netty.util.concurrent.FastThreadLocalRunnable.run(FastThreadLocalRunnable.java:30)
	at java.base/java.lang.Thread.run(Thread.java:832)
20:20:05.320 [AsyncHttpClient-1-33] DEBUG org.asynchttpclient.netty.channel.ChannelManager - Closing Channel [id: 0xfad7b4cf, L:/127.0.0.1:55304 - R:localhost/127.0.0.1:55298] 
20:20:05.320 [AsyncHttpClient-1-33] DEBUG org.asynchttpclient.netty.handler.HttpHandler - Channel Closed: [id: 0xfad7b4cf, L:/127.0.0.1:55304 ! R:localhost/127.0.0.1:55298] with attribute DISCARD
20:20:05.330 [AsyncHttpClient-1-32] DEBUG org.asynchttpclient.netty.handler.HttpHandler - 

Request DefaultFullHttpRequest(decodeResult: success, version: HTTP/1.1, content: EmptyByteBufBE)
DELETE /session/29194f33cb3aec777a93244c4ff51a2f HTTP/1.1
User-Agent: selenium/4.8.1 (java windows)
Content-Type: application/json; charset=utf-8
host: localhost:10663
accept: */*

Response DefaultHttpResponse(decodeResult: success, version: HTTP/1.1)
HTTP/1.1 200 OK
Content-Length: 14
Content-Type: application/json; charset=utf-8
cache-control: no-cache

20:20:05.330 [AsyncHttpClient-1-32] DEBUG org.asynchttpclient.netty.channel.ChannelManager - Adding key: http://localhost:10663 for channel [id: 0x9a6c50bb, L:/127.0.0.1:55297 - R:localhost/127.0.0.1:10663]
20:20:05.478 [AsyncHttpClient-1-32] DEBUG org.asynchttpclient.netty.handler.HttpHandler - Channel Closed: [id: 0x9a6c50bb, L:/127.0.0.1:55297 ! R:localhost/127.0.0.1:10663] with attribute DISCARD
20:20:05.853 [AsyncHttpClient-1-1] DEBUG org.asynchttpclient.netty.channel.DefaultChannelPool - Entry count for : http://localhost:55298 : 1
20:20:05.853 [AsyncHttpClient-1-1] DEBUG org.asynchttpclient.netty.channel.DefaultChannelPool - Entry count for : http://localhost:10663 : 1
20:20:05.853 [AsyncHttpClient-1-1] DEBUG org.asynchttpclient.netty.channel.DefaultChannelPool - Adding Candidate expired Channel [id: 0xfad7b4cf, L:/127.0.0.1:55304 ! R:localhost/127.0.0.1:55298] isIdleTimeoutExpired=false isRemotelyClosed=true isTtlExpired=false
20:20:05.853 [AsyncHttpClient-1-1] DEBUG org.asynchttpclient.netty.channel.DefaultChannelPool - Closing Idle Channel [id: 0xfad7b4cf, L:/127.0.0.1:55304 ! R:localhost/127.0.0.1:55298]
20:20:05.853 [AsyncHttpClient-1-1] DEBUG org.asynchttpclient.netty.channel.DefaultChannelPool - Adding Candidate expired Channel [id: 0x9a6c50bb, L:/127.0.0.1:55297 ! R:localhost/127.0.0.1:10663] isIdleTimeoutExpired=false isRemotelyClosed=true isTtlExpired=false
20:20:05.853 [AsyncHttpClient-1-1] DEBUG org.asynchttpclient.netty.channel.DefaultChannelPool - Closing Idle Channel [id: 0x9a6c50bb, L:/127.0.0.1:55297 ! R:localhost/127.0.0.1:10663]
20:20:05.853 [AsyncHttpClient-1-1] DEBUG org.asynchttpclient.netty.channel.DefaultChannelPool - Closed 2 connections out of 2 in 0 ms
]]></system-out>
    <system-err><![CDATA[Starting ChromeDriver 111.0.5563.64 (c710e93d5b63b7095afe8c2c17df34408078439d-refs/branch-heads/5563@{#995}) on port 10663
Only local connections are allowed.
Please see https://chromedriver.chromium.org/security-considerations for suggestions on keeping ChromeDriver safe.
ChromeDriver was started successfully.
[1683379201.820][WARNING]: This version of ChromeDriver has not been tested with Chrome version 112.
May 06, 2023 8:20:01 PM org.openqa.selenium.devtools.CdpVersionFinder findNearestMatch
WARNING: Unable to find an exact match for CDP version 112, so returning the closest version found: 110
]]></system-err>
  </testcase>
  <testcase name="Add to cart by buy a product without login" classname="Product" time="0.134">
    <system-out><![CDATA[
Scenario: Add to cart by buy a product without login &amp#27;[90m# src/test/resources/features/3. Product.feature:13&amp#27;[0m
20:20:06.009 [main] DEBUG io.cucumber.core.plugin.SerenityReporter - Running feature from file:///C:/Users/WINDOWS%2010/Documents/GitHub/MiniProject_QE/Web/code/minpro/src/test/resources/features/3.%20Product.feature
20:20:06.013 [main] INFO  - 
  _____   ___   ___   _____     ___   _____     _     ___   _____   ___   ___  
 |_   _| | __| / __| |_   _|   / __| |_   _|   /_\   | _ \ |_   _| | __| |   \ 
   | |   | _|  \__ \   | |     \__ \   | |    / _ \  |   /   | |   | _|  | |) |
   |_|   |___| |___/   |_|     |___/   |_|   /_/ \_\ |_|_\   |_|   |___| |___/ 

Add to cart by buy a product without login(product;add-to-cart-by-buy-a-product-without-login)
--------------------------------------------------------------------------------
20:20:06.094 [main] DEBUG net.thucydides.core.steps.StepInterceptor - STARTING STEP: ProductSteps.goToHomePage - clickToolbarTitle
20:20:06.100 [main] DEBUG net.thucydides.core.steps.StepInterceptor - STEP DONE: clickToolbarTitle
  &amp#27;[32mGiven &amp#27;[0m&amp#27;[32mI go to the alta-shop home page&amp#27;[0m              &amp#27;[90m# starter.stepdefinitions.ProductSteps.goToHomePage()&amp#27;[0m
20:20:06.106 [main] DEBUG net.thucydides.core.steps.StepInterceptor - STARTING STEP: ProductSteps.chooseTheProduct - validateTheProduct
20:20:06.108 [main] DEBUG net.thucydides.core.steps.StepInterceptor - STEP DONE: validateTheProduct
  &amp#27;[32mAnd &amp#27;[0m&amp#27;[32mI choose the product&amp#27;[0m                           &amp#27;[90m# starter.stepdefinitions.ProductSteps.chooseTheProduct()&amp#27;[0m
20:20:06.114 [main] DEBUG net.thucydides.core.steps.StepInterceptor - STARTING STEP: ProductSteps.clickBeliButton - clickBeliButton
20:20:06.118 [main] DEBUG net.thucydides.core.steps.StepInterceptor - STEP DONE: clickBeliButton
  &amp#27;[32mWhen &amp#27;[0m&amp#27;[32mI click BELI button from the product&amp#27;[0m          &amp#27;[90m# starter.stepdefinitions.ProductSteps.clickBeliButton()&amp#27;[0m
20:20:06.123 [main] DEBUG net.thucydides.core.steps.StepInterceptor - STARTING STEP: ProductSteps.validateOrderEmpty - clickCartIcon
20:20:06.129 [main] DEBUG net.thucydides.core.steps.StepInterceptor - STEP DONE: clickCartIcon
20:20:06.131 [main] DEBUG net.thucydides.core.steps.StepInterceptor - STARTING STEP: ProductSteps.validateOrderEmpty - validateOrderEmpty
20:20:06.133 [main] DEBUG net.thucydides.core.steps.StepInterceptor - STEP DONE: validateOrderEmpty
  &amp#27;[32mThen &amp#27;[0m&amp#27;[32mI shouldn't see the product in cart&amp#27;[0m           &amp#27;[90m# starter.stepdefinitions.ProductSteps.validateOrderEmpty()&amp#27;[0m
20:20:06.138 [main] INFO  - 
  _____   ___   ___   _____     ___     _     ___   ___   ___   ___  
 |_   _| | __| / __| |_   _|   | _ \   /_\   / __| / __| | __| |   \ 
   | |   | _|  \__ \   | |     |  _/  / _ \  \__ \ \__ \ | _|  | |) |
   |_|   |___| |___/   |_|     |_|   /_/ \_\ |___/ |___/ |___| |___/ 

Add to cart by buy a product without login
----------------------------------------------------------------------
]]></system-out>
  </testcase>
  <testcase name="Adding product from cart page" classname="Product" time="0.075">
    <system-out><![CDATA[
Scenario: Adding product from cart page            &amp#27;[90m# src/test/resources/features/3. Product.feature:19&amp#27;[0m
20:20:06.144 [main] DEBUG io.cucumber.core.plugin.SerenityReporter - Running feature from file:///C:/Users/WINDOWS%2010/Documents/GitHub/MiniProject_QE/Web/code/minpro/src/test/resources/features/3.%20Product.feature
20:20:06.148 [main] INFO  - 
  _____   ___   ___   _____     ___   _____     _     ___   _____   ___   ___  
 |_   _| | __| / __| |_   _|   / __| |_   _|   /_\   | _ \ |_   _| | __| |   \ 
   | |   | _|  \__ \   | |     \__ \   | |    / _ \  |   /   | |   | _|  | |) |
   |_|   |___| |___/   |_|     |___/   |_|   /_/ \_\ |_|_\   |_|   |___| |___/ 

Adding product from cart page(product;adding-product-from-cart-page)
--------------------------------------------------------------------------------
20:20:06.189 [main] DEBUG net.thucydides.core.steps.StepInterceptor - STARTING STEP: ProductSteps.goToHomePage - clickToolbarTitle
20:20:06.191 [main] DEBUG net.thucydides.core.steps.StepInterceptor - STEP DONE: clickToolbarTitle
  &amp#27;[32mGiven &amp#27;[0m&amp#27;[32mI go to the alta-shop home page&amp#27;[0m            &amp#27;[90m# starter.stepdefinitions.ProductSteps.goToHomePage()&amp#27;[0m
20:20:06.196 [main] DEBUG net.thucydides.core.steps.StepInterceptor - STARTING STEP: ProductSteps.chooseTheProduct - validateTheProduct
20:20:06.197 [main] DEBUG net.thucydides.core.steps.StepInterceptor - STEP DONE: validateTheProduct
  &amp#27;[32mAnd &amp#27;[0m&amp#27;[32mI choose the product&amp#27;[0m                         &amp#27;[90m# starter.stepdefinitions.ProductSteps.chooseTheProduct()&amp#27;[0m
20:20:06.202 [main] DEBUG net.thucydides.core.steps.StepInterceptor - STARTING STEP: ProductSteps.clickBeliButton - clickBeliButton
20:20:06.203 [main] DEBUG net.thucydides.core.steps.StepInterceptor - STEP DONE: clickBeliButton
  &amp#27;[32mWhen &amp#27;[0m&amp#27;[32mI click BELI button from the product&amp#27;[0m        &amp#27;[90m# starter.stepdefinitions.ProductSteps.clickBeliButton()&amp#27;[0m
20:20:06.206 [main] DEBUG net.thucydides.core.steps.StepInterceptor - STARTING STEP: ProductSteps.clickIncreaseProduct - clickIncreaseProduct
20:20:06.209 [main] DEBUG net.thucydides.core.steps.StepInterceptor - STEP DONE: clickIncreaseProduct
  &amp#27;[32mAnd &amp#27;[0m&amp#27;[32mI am adding 1 product in order page&amp#27;[0m          &amp#27;[90m# starter.stepdefinitions.ProductSteps.clickIncreaseProduct()&amp#27;[0m
20:20:06.211 [main] DEBUG net.thucydides.core.steps.StepInterceptor - STARTING STEP: ProductSteps.validateQuantityIncreased - validateQuantityIncreased
20:20:06.211 [main] DEBUG net.thucydides.core.steps.StepInterceptor - STEP DONE: validateQuantityIncreased
  &amp#27;[32mThen &amp#27;[0m&amp#27;[32mI should see that the product has increased&amp#27;[0m &amp#27;[90m# starter.stepdefinitions.ProductSteps.validateQuantityIncreased()&amp#27;[0m
20:20:06.214 [main] INFO  - 
  _____   ___   ___   _____     ___     _     ___   ___   ___   ___  
 |_   _| | __| / __| |_   _|   | _ \   /_\   / __| / __| | __| |   \ 
   | |   | _|  \__ \   | |     |  _/  / _ \  \__ \ \__ \ | _|  | |) |
   |_|   |___| |___/   |_|     |_|   /_/ \_\ |___/ |___/ |___| |___/ 

Adding product from cart page
----------------------------------------------------------------------
]]></system-out>
  </testcase>
  <testcase name="Reducing product from cart page" classname="Product" time="0.046">
    <system-out><![CDATA[
Scenario: Reducing product from cart page        &amp#27;[90m# src/test/resources/features/3. Product.feature:26&amp#27;[0m
20:20:06.218 [main] DEBUG io.cucumber.core.plugin.SerenityReporter - Running feature from file:///C:/Users/WINDOWS%2010/Documents/GitHub/MiniProject_QE/Web/code/minpro/src/test/resources/features/3.%20Product.feature
20:20:06.221 [main] INFO  - 
  _____   ___   ___   _____     ___   _____     _     ___   _____   ___   ___  
 |_   _| | __| / __| |_   _|   / __| |_   _|   /_\   | _ \ |_   _| | __| |   \ 
   | |   | _|  \__ \   | |     \__ \   | |    / _ \  |   /   | |   | _|  | |) |
   |_|   |___| |___/   |_|     |___/   |_|   /_/ \_\ |_|_\   |_|   |___| |___/ 

Reducing product from cart page(product;reducing-product-from-cart-page)
--------------------------------------------------------------------------------
20:20:06.241 [main] DEBUG net.thucydides.core.steps.StepInterceptor - STARTING STEP: ProductSteps.goToHomePage - clickToolbarTitle
20:20:06.243 [main] DEBUG net.thucydides.core.steps.StepInterceptor - STEP DONE: clickToolbarTitle
  &amp#27;[32mGiven &amp#27;[0m&amp#27;[32mI go to the alta-shop home page&amp#27;[0m          &amp#27;[90m# starter.stepdefinitions.ProductSteps.goToHomePage()&amp#27;[0m
20:20:06.246 [main] DEBUG net.thucydides.core.steps.StepInterceptor - STARTING STEP: ProductSteps.chooseTheProduct - validateTheProduct
20:20:06.247 [main] DEBUG net.thucydides.core.steps.StepInterceptor - STEP DONE: validateTheProduct
  &amp#27;[32mAnd &amp#27;[0m&amp#27;[32mI choose the product&amp#27;[0m                       &amp#27;[90m# starter.stepdefinitions.ProductSteps.chooseTheProduct()&amp#27;[0m
20:20:06.251 [main] DEBUG net.thucydides.core.steps.StepInterceptor - STARTING STEP: ProductSteps.clickBeliButton - clickBeliButton
20:20:06.252 [main] DEBUG net.thucydides.core.steps.StepInterceptor - STEP DONE: clickBeliButton
  &amp#27;[32mWhen &amp#27;[0m&amp#27;[32mI click BELI button from the product&amp#27;[0m      &amp#27;[90m# starter.stepdefinitions.ProductSteps.clickBeliButton()&amp#27;[0m
20:20:06.254 [main] DEBUG net.thucydides.core.steps.StepInterceptor - STARTING STEP: ProductSteps.clickReducedProduct - clickReduceProduct
20:20:06.256 [main] DEBUG net.thucydides.core.steps.StepInterceptor - STEP DONE: clickReduceProduct
  &amp#27;[32mAnd &amp#27;[0m&amp#27;[32mI am reducing 1 product in order page&amp#27;[0m      &amp#27;[90m# starter.stepdefinitions.ProductSteps.clickReducedProduct()&amp#27;[0m
20:20:06.259 [main] DEBUG net.thucydides.core.steps.StepInterceptor - STARTING STEP: ProductSteps.validateQuantityReduced - validateQuantityReduced
20:20:06.259 [main] DEBUG net.thucydides.core.steps.StepInterceptor - STEP DONE: validateQuantityReduced
  &amp#27;[32mThen &amp#27;[0m&amp#27;[32mI should see that the product has reduced&amp#27;[0m &amp#27;[90m# starter.stepdefinitions.ProductSteps.validateQuantityReduced()&amp#27;[0m
20:20:06.260 [main] INFO  - 
  _____   ___   ___   _____     ___     _     ___   ___   ___   ___  
 |_   _| | __| / __| |_   _|   | _ \   /_\   / __| / __| | __| |   \ 
   | |   | _|  \__ \   | |     |  _/  / _ \  \__ \ \__ \ | _|  | |) |
   |_|   |___| |___/   |_|     |_|   /_/ \_\ |___/ |___/ |___| |___/ 

Reducing product from cart page
----------------------------------------------------------------------
]]></system-out>
  </testcase>
  <testcase name="View product detail" classname="Product" time="0.052">
    <system-out><![CDATA[
Scenario: View product detail                 &amp#27;[90m# src/test/resources/features/3. Product.feature:33&amp#27;[0m
20:20:06.264 [main] DEBUG io.cucumber.core.plugin.SerenityReporter - Running feature from file:///C:/Users/WINDOWS%2010/Documents/GitHub/MiniProject_QE/Web/code/minpro/src/test/resources/features/3.%20Product.feature
20:20:06.267 [main] INFO  - 
  _____   ___   ___   _____     ___   _____     _     ___   _____   ___   ___  
 |_   _| | __| / __| |_   _|   / __| |_   _|   /_\   | _ \ |_   _| | __| |   \ 
   | |   | _|  \__ \   | |     \__ \   | |    / _ \  |   /   | |   | _|  | |) |
   |_|   |___| |___/   |_|     |___/   |_|   /_/ \_\ |_|_\   |_|   |___| |___/ 

View product detail(product;view-product-detail)
--------------------------------------------------------------------------------
20:20:06.291 [main] DEBUG net.thucydides.core.steps.StepInterceptor - STARTING STEP: ProductSteps.goToHomePage - clickToolbarTitle
20:20:06.293 [main] DEBUG net.thucydides.core.steps.StepInterceptor - STEP DONE: clickToolbarTitle
  &amp#27;[32mGiven &amp#27;[0m&amp#27;[32mI go to the alta-shop home page&amp#27;[0m       &amp#27;[90m# starter.stepdefinitions.ProductSteps.goToHomePage()&amp#27;[0m
20:20:06.300 [main] DEBUG net.thucydides.core.steps.StepInterceptor - STARTING STEP: ProductSteps.chooseTheProduct - validateTheProduct
20:20:06.301 [main] DEBUG net.thucydides.core.steps.StepInterceptor - STEP DONE: validateTheProduct
  &amp#27;[32mAnd &amp#27;[0m&amp#27;[32mI choose the product&amp#27;[0m                    &amp#27;[90m# starter.stepdefinitions.ProductSteps.chooseTheProduct()&amp#27;[0m
20:20:06.304 [main] DEBUG net.thucydides.core.steps.StepInterceptor - STARTING STEP: ProductSteps.clickDetailButton - clickDetailButton
20:20:06.306 [main] DEBUG net.thucydides.core.steps.StepInterceptor - STEP DONE: clickDetailButton
  &amp#27;[32mWhen &amp#27;[0m&amp#27;[32mI click DETAIL button from the product&amp#27;[0m &amp#27;[90m# starter.stepdefinitions.ProductSteps.clickDetailButton()&amp#27;[0m
20:20:06.310 [main] DEBUG net.thucydides.core.steps.StepInterceptor - STARTING STEP: ProductSteps.validateOnDetailProductPage - validateOnDetailProductPage
20:20:06.311 [main] DEBUG net.thucydides.core.steps.StepInterceptor - STEP DONE: validateOnDetailProductPage
  &amp#27;[32mThen &amp#27;[0m&amp#27;[32mI should see detail of the product&amp#27;[0m     &amp#27;[90m# starter.stepdefinitions.ProductSteps.validateOnDetailProductPage()&amp#27;[0m
20:20:06.312 [main] INFO  - 
  _____   ___   ___   _____     ___     _     ___   ___   ___   ___  
 |_   _| | __| / __| |_   _|   | _ \   /_\   / __| / __| | __| |   \ 
   | |   | _|  \__ \   | |     |  _/  / _ \  \__ \ \__ \ | _|  | |) |
   |_|   |___| |___/   |_|     |_|   /_/ \_\ |___/ |___/ |___| |___/ 

View product detail
----------------------------------------------------------------------
]]></system-out>
  </testcase>
  <testcase name="Select category" classname="Category" time="3.944">
    <system-out><![CDATA[20:20:06.313 [main] DEBUG io.cucumber.core.plugin.SerenityReporter - Running feature from file:///C:/Users/WINDOWS%2010/Documents/GitHub/MiniProject_QE/Web/code/minpro/src/test/resources/features/4.%20Category.feature
20:20:06.316 [main] DEBUG net.thucydides.core.steps.StepEventBus - Test suite started for story net.thucydides.core.model.Story@45bcdf51
20:20:06.316 [main] INFO  - Test Suite Started: Category

Scenario: Select category                                &amp#27;[90m# src/test/resources/features/4. Category.feature:7&amp#27;[0m
20:20:06.320 [main] DEBUG io.cucumber.core.plugin.SerenityReporter - Running feature from file:///C:/Users/WINDOWS%2010/Documents/GitHub/MiniProject_QE/Web/code/minpro/src/test/resources/features/4.%20Category.feature
20:20:06.321 [main] INFO  - 
  _____   ___   ___   _____     ___   _____     _     ___   _____   ___   ___  
 |_   _| | __| / __| |_   _|   / __| |_   _|   /_\   | _ \ |_   _| | __| |   \ 
   | |   | _|  \__ \   | |     \__ \   | |    / _ \  |   /   | |   | _|  | |) |
   |_|   |___| |___/   |_|     |___/   |_|   /_/ \_\ |_|_\   |_|   |___| |___/ 

Select category(category;select-category)
--------------------------------------------------------------------------------
20:20:06.335 [main] DEBUG net.thucydides.core.steps.StepInterceptor - STARTING STEP: CategorySteps.goToHomePage - openPage
20:20:06.364 [main] INFO net.serenitybdd.core.webdriver.driverproviders.ChromeDriverProvider - Starting Chrome driver instance with capabilities:
20:20:06.365 [main] INFO net.serenitybdd.core.webdriver.driverproviders.ChromeDriverProvider - Capabilities {acceptInsecureCerts: false, browserName: chrome, goog:chromeOptions: {args: [remote-allow-origins=*], extensions: []}}
20:20:06.438 [AsyncHttpClient-1-3] DEBUG org.asynchttpclient.netty.channel.NettyConnectListener - Using new Channel '[id: 0xc281c0b0, L:/127.0.0.1:55325 - R:localhost/127.0.0.1:15377]' for 'POST' to '/session'
20:20:07.141 [AsyncHttpClient-1-3] DEBUG org.asynchttpclient.netty.handler.HttpHandler - 

Request DefaultHttpRequest(decodeResult: success, version: HTTP/1.1)
POST /session HTTP/1.1
User-Agent: selenium/4.8.1 (java windows)
Content-Length: 507
Content-Type: application/json; charset=utf-8
host: localhost:15377
accept: */*

Response DefaultHttpResponse(decodeResult: success, version: HTTP/1.1)
HTTP/1.1 200 OK
Content-Length: 863
Content-Type: application/json; charset=utf-8
cache-control: no-cache

20:20:07.141 [AsyncHttpClient-1-3] DEBUG org.asynchttpclient.netty.channel.ChannelManager - Adding key: http://localhost:15377 for channel [id: 0xc281c0b0, L:/127.0.0.1:55325 - R:localhost/127.0.0.1:15377]
20:20:07.146 [AsyncHttpClient-1-4] DEBUG org.asynchttpclient.netty.channel.NettyConnectListener - Using new Channel '[id: 0x93171aec, L:/127.0.0.1:55333 - R:localhost/127.0.0.1:55326]' for 'GET' to '/json/version'
20:20:07.147 [AsyncHttpClient-1-4] DEBUG org.asynchttpclient.netty.handler.HttpHandler - 

Request DefaultFullHttpRequest(decodeResult: success, version: HTTP/1.1, content: EmptyByteBufBE)
GET /json/version HTTP/1.1
User-Agent: selenium/4.8.1 (java windows)
host: localhost:55326
accept: */*

Response DefaultHttpResponse(decodeResult: success, version: HTTP/1.1)
HTTP/1.1 200 OK
Content-Security-Policy: frame-ancestors 'none'
Content-Length: 424
Content-Type: application/json; charset=UTF-8

20:20:07.147 [AsyncHttpClient-1-4] DEBUG org.asynchttpclient.netty.channel.ChannelManager - Adding key: http://localhost:55326 for channel [id: 0x93171aec, L:/127.0.0.1:55333 - R:localhost/127.0.0.1:55326]
20:20:07.148 [AsyncHttpClient-1-5] DEBUG org.asynchttpclient.netty.channel.NettyConnectListener - Using new Channel '[id: 0x5ff9f902, L:/127.0.0.1:55334 - R:localhost/127.0.0.1:55326]' for 'GET' to '/devtools/browser/74acb3f8-ffb6-4f55-9376-26e39fe8046e'
20:20:07.148 [AsyncHttpClient-1-5] DEBUG org.asynchttpclient.netty.handler.WebSocketHandler - 

Request DefaultFullHttpRequest(decodeResult: success, version: HTTP/1.1, content: EmptyByteBufBE)
GET /devtools/browser/74acb3f8-ffb6-4f55-9376-26e39fe8046e HTTP/1.1
upgrade: websocket
connection: upgrade
sec-websocket-key: 0LOmtFXfmhRpStVjUzU53g==
sec-websocket-version: 13
origin: http://localhost:55326
host: localhost:55326
accept: */*
user-agent: AHC/2.1

Response DefaultHttpResponse(decodeResult: success, version: HTTP/1.1)
HTTP/1.1 101 WebSocket Protocol Handshake
Upgrade: WebSocket
Connection: Upgrade
Sec-WebSocket-Accept: r9BwLbIVgUvn9tFaEI/wnq7H0u0=

20:20:07.152 [Forwarding get on session 6ab24aed95e118a430234de4ad787023 to remote] DEBUG org.asynchttpclient.netty.request.NettyRequestSender - Using pooled Channel '[id: 0xc281c0b0, L:/127.0.0.1:55325 - R:localhost/127.0.0.1:15377]' for 'POST' to 'http://localhost:15377/session/6ab24aed95e118a430234de4ad787023/url'
20:20:07.152 [Forwarding get on session 6ab24aed95e118a430234de4ad787023 to remote] DEBUG org.asynchttpclient.netty.request.NettyRequestSender - Using open Channel [id: 0xc281c0b0, L:/127.0.0.1:55325 - R:localhost/127.0.0.1:15377] for POST '/session/6ab24aed95e118a430234de4ad787023/url'
20:20:07.939 [AsyncHttpClient-1-3] DEBUG org.asynchttpclient.netty.handler.HttpHandler - 

Request DefaultHttpRequest(decodeResult: success, version: HTTP/1.1)
POST /session/6ab24aed95e118a430234de4ad787023/url HTTP/1.1
User-Agent: selenium/4.8.1 (java windows)
Content-Length: 74
Content-Type: application/json; charset=utf-8
host: localhost:15377
accept: */*

Response DefaultHttpResponse(decodeResult: success, version: HTTP/1.1)
HTTP/1.1 200 OK
Content-Length: 14
Content-Type: application/json; charset=utf-8
cache-control: no-cache

20:20:07.939 [AsyncHttpClient-1-3] DEBUG org.asynchttpclient.netty.channel.ChannelManager - Adding key: http://localhost:15377 for channel [id: 0xc281c0b0, L:/127.0.0.1:55325 - R:localhost/127.0.0.1:15377]
20:20:07.941 [Forwarding setTimeout on session 6ab24aed95e118a430234de4ad787023 to remote] DEBUG org.asynchttpclient.netty.request.NettyRequestSender - Using pooled Channel '[id: 0xc281c0b0, L:/127.0.0.1:55325 - R:localhost/127.0.0.1:15377]' for 'POST' to 'http://localhost:15377/session/6ab24aed95e118a430234de4ad787023/timeouts'
20:20:07.941 [Forwarding setTimeout on session 6ab24aed95e118a430234de4ad787023 to remote] DEBUG org.asynchttpclient.netty.request.NettyRequestSender - Using open Channel [id: 0xc281c0b0, L:/127.0.0.1:55325 - R:localhost/127.0.0.1:15377] for POST '/session/6ab24aed95e118a430234de4ad787023/timeouts'
20:20:07.941 [AsyncHttpClient-1-3] DEBUG org.asynchttpclient.netty.handler.HttpHandler - 

Request DefaultHttpRequest(decodeResult: success, version: HTTP/1.1)
POST /session/6ab24aed95e118a430234de4ad787023/timeouts HTTP/1.1
User-Agent: selenium/4.8.1 (java windows)
Content-Length: 22
Content-Type: application/json; charset=utf-8
host: localhost:15377
accept: */*

Response DefaultHttpResponse(decodeResult: success, version: HTTP/1.1)
HTTP/1.1 200 OK
Content-Length: 14
Content-Type: application/json; charset=utf-8
cache-control: no-cache

20:20:07.942 [AsyncHttpClient-1-3] DEBUG org.asynchttpclient.netty.channel.ChannelManager - Adding key: http://localhost:15377 for channel [id: 0xc281c0b0, L:/127.0.0.1:55325 - R:localhost/127.0.0.1:15377]
20:20:07.945 [main] DEBUG net.serenitybdd.core.photography.Darkroom - Opening darkroom
20:20:07.946 [Darkroom Processing Line] DEBUG net.serenitybdd.core.photography.DarkroomProcessingLine - Darkroom processing line starting up
20:20:07.947 [Forwarding getAlertText on session 6ab24aed95e118a430234de4ad787023 to remote] DEBUG org.asynchttpclient.netty.request.NettyRequestSender - Using pooled Channel '[id: 0xc281c0b0, L:/127.0.0.1:55325 - R:localhost/127.0.0.1:15377]' for 'GET' to 'http://localhost:15377/session/6ab24aed95e118a430234de4ad787023/alert/text'
20:20:07.947 [Forwarding getAlertText on session 6ab24aed95e118a430234de4ad787023 to remote] DEBUG org.asynchttpclient.netty.request.NettyRequestSender - Using open Channel [id: 0xc281c0b0, L:/127.0.0.1:55325 - R:localhost/127.0.0.1:15377] for GET '/session/6ab24aed95e118a430234de4ad787023/alert/text'
20:20:07.949 [AsyncHttpClient-1-3] DEBUG org.asynchttpclient.netty.handler.HttpHandler - 

Request DefaultFullHttpRequest(decodeResult: success, version: HTTP/1.1, content: EmptyByteBufBE)
GET /session/6ab24aed95e118a430234de4ad787023/alert/text HTTP/1.1
User-Agent: selenium/4.8.1 (java windows)
Cache-Control: no-cache
Content-Type: application/json; charset=utf-8
host: localhost:15377
accept: */*

Response DefaultHttpResponse(decodeResult: success, version: HTTP/1.1)
HTTP/1.1 404 Not Found
Content-Length: 836
Content-Type: application/json; charset=utf-8
cache-control: no-cache

20:20:07.949 [AsyncHttpClient-1-3] DEBUG org.asynchttpclient.netty.channel.ChannelManager - Adding key: http://localhost:15377 for channel [id: 0xc281c0b0, L:/127.0.0.1:55325 - R:localhost/127.0.0.1:15377]
20:20:07.950 [Forwarding getCurrentUrl on session 6ab24aed95e118a430234de4ad787023 to remote] DEBUG org.asynchttpclient.netty.request.NettyRequestSender - Using pooled Channel '[id: 0xc281c0b0, L:/127.0.0.1:55325 - R:localhost/127.0.0.1:15377]' for 'GET' to 'http://localhost:15377/session/6ab24aed95e118a430234de4ad787023/url'
20:20:07.950 [Forwarding getCurrentUrl on session 6ab24aed95e118a430234de4ad787023 to remote] DEBUG org.asynchttpclient.netty.request.NettyRequestSender - Using open Channel [id: 0xc281c0b0, L:/127.0.0.1:55325 - R:localhost/127.0.0.1:15377] for GET '/session/6ab24aed95e118a430234de4ad787023/url'
20:20:07.954 [AsyncHttpClient-1-3] DEBUG org.asynchttpclient.netty.handler.HttpHandler - 

Request DefaultFullHttpRequest(decodeResult: success, version: HTTP/1.1, content: EmptyByteBufBE)
GET /session/6ab24aed95e118a430234de4ad787023/url HTTP/1.1
User-Agent: selenium/4.8.1 (java windows)
Cache-Control: no-cache
Content-Type: application/json; charset=utf-8
host: localhost:15377
accept: */*

Response DefaultHttpResponse(decodeResult: success, version: HTTP/1.1)
HTTP/1.1 200 OK
Content-Length: 51
Content-Type: application/json; charset=utf-8
cache-control: no-cache

20:20:07.954 [AsyncHttpClient-1-3] DEBUG org.asynchttpclient.netty.channel.ChannelManager - Adding key: http://localhost:15377 for channel [id: 0xc281c0b0, L:/127.0.0.1:55325 - R:localhost/127.0.0.1:15377]
20:20:07.954 [Forwarding screenshot on session 6ab24aed95e118a430234de4ad787023 to remote] DEBUG org.asynchttpclient.netty.request.NettyRequestSender - Using pooled Channel '[id: 0xc281c0b0, L:/127.0.0.1:55325 - R:localhost/127.0.0.1:15377]' for 'GET' to 'http://localhost:15377/session/6ab24aed95e118a430234de4ad787023/screenshot'
20:20:07.955 [Forwarding screenshot on session 6ab24aed95e118a430234de4ad787023 to remote] DEBUG org.asynchttpclient.netty.request.NettyRequestSender - Using open Channel [id: 0xc281c0b0, L:/127.0.0.1:55325 - R:localhost/127.0.0.1:15377] for GET '/session/6ab24aed95e118a430234de4ad787023/screenshot'
20:20:08.056 [AsyncHttpClient-1-1] DEBUG org.asynchttpclient.netty.channel.DefaultChannelPool - Entry count for : http://localhost:55326 : 1
20:20:08.062 [AsyncHttpClient-1-3] DEBUG org.asynchttpclient.netty.handler.HttpHandler - 

Request DefaultFullHttpRequest(decodeResult: success, version: HTTP/1.1, content: EmptyByteBufBE)
GET /session/6ab24aed95e118a430234de4ad787023/screenshot HTTP/1.1
User-Agent: selenium/4.8.1 (java windows)
Cache-Control: no-cache
Content-Type: application/json; charset=utf-8
host: localhost:15377
accept: */*

Response DefaultHttpResponse(decodeResult: success, version: HTTP/1.1)
HTTP/1.1 200 OK
Content-Length: 25208
Content-Type: application/json; charset=utf-8
cache-control: no-cache

20:20:08.062 [AsyncHttpClient-1-3] DEBUG org.asynchttpclient.netty.channel.ChannelManager - Adding key: http://localhost:15377 for channel [id: 0xc281c0b0, L:/127.0.0.1:55325 - R:localhost/127.0.0.1:15377]
20:20:08.063 [main] DEBUG net.serenitybdd.core.photography.Darkroom - Send negative for processing for target\site\serenity\edb14d4aab401efa0e4fb99861e6ffcafebc86a67b69f7828890b9910ed2ddbd.png
20:20:08.063 [main] DEBUG net.thucydides.core.steps.StepInterceptor - STEP DONE: openPage
20:20:08.067 [Forwarding getPageSource on session 6ab24aed95e118a430234de4ad787023 to remote] DEBUG org.asynchttpclient.netty.request.NettyRequestSender - Using pooled Channel '[id: 0xc281c0b0, L:/127.0.0.1:55325 - R:localhost/127.0.0.1:15377]' for 'POST' to 'http://localhost:15377/session/6ab24aed95e118a430234de4ad787023/execute/sync'
20:20:08.067 [Forwarding getPageSource on session 6ab24aed95e118a430234de4ad787023 to remote] DEBUG org.asynchttpclient.netty.request.NettyRequestSender - Using open Channel [id: 0xc281c0b0, L:/127.0.0.1:55325 - R:localhost/127.0.0.1:15377] for POST '/session/6ab24aed95e118a430234de4ad787023/execute/sync'
20:20:08.073 [AsyncHttpClient-1-3] DEBUG org.asynchttpclient.netty.handler.HttpHandler - 

Request DefaultHttpRequest(decodeResult: success, version: HTTP/1.1)
POST /session/6ab24aed95e118a430234de4ad787023/execute/sync HTTP/1.1
User-Agent: selenium/4.8.1 (java windows)
Content-Length: 176
Content-Type: application/json; charset=utf-8
host: localhost:15377
accept: */*

Response DefaultHttpResponse(decodeResult: success, version: HTTP/1.1)
HTTP/1.1 200 OK
Content-Length: 21659
Content-Type: application/json; charset=utf-8
cache-control: no-cache

20:20:08.073 [AsyncHttpClient-1-3] DEBUG org.asynchttpclient.netty.channel.ChannelManager - Adding key: http://localhost:15377 for channel [id: 0xc281c0b0, L:/127.0.0.1:55325 - R:localhost/127.0.0.1:15377]
20:20:08.075 [Forwarding getCurrentUrl on session 6ab24aed95e118a430234de4ad787023 to remote] DEBUG org.asynchttpclient.netty.request.NettyRequestSender - Using pooled Channel '[id: 0xc281c0b0, L:/127.0.0.1:55325 - R:localhost/127.0.0.1:15377]' for 'GET' to 'http://localhost:15377/session/6ab24aed95e118a430234de4ad787023/url'
20:20:08.075 [Forwarding getCurrentUrl on session 6ab24aed95e118a430234de4ad787023 to remote] DEBUG org.asynchttpclient.netty.request.NettyRequestSender - Using open Channel [id: 0xc281c0b0, L:/127.0.0.1:55325 - R:localhost/127.0.0.1:15377] for GET '/session/6ab24aed95e118a430234de4ad787023/url'
20:20:08.077 [AsyncHttpClient-1-3] DEBUG org.asynchttpclient.netty.handler.HttpHandler - 

Request DefaultFullHttpRequest(decodeResult: success, version: HTTP/1.1, content: EmptyByteBufBE)
GET /session/6ab24aed95e118a430234de4ad787023/url HTTP/1.1
User-Agent: selenium/4.8.1 (java windows)
Cache-Control: no-cache
Content-Type: application/json; charset=utf-8
host: localhost:15377
accept: */*

Response DefaultHttpResponse(decodeResult: success, version: HTTP/1.1)
HTTP/1.1 200 OK
Content-Length: 51
Content-Type: application/json; charset=utf-8
cache-control: no-cache

20:20:08.077 [AsyncHttpClient-1-3] DEBUG org.asynchttpclient.netty.channel.ChannelManager - Adding key: http://localhost:15377 for channel [id: 0xc281c0b0, L:/127.0.0.1:55325 - R:localhost/127.0.0.1:15377]
20:20:08.079 [main] DEBUG net.thucydides.core.steps.StepInterceptor - STARTING STEP: CategorySteps.goToHomePage - clickToolbarTitle
20:20:08.081 [Forwarding findElement on session 6ab24aed95e118a430234de4ad787023 to remote] DEBUG org.asynchttpclient.netty.request.NettyRequestSender - Using pooled Channel '[id: 0xc281c0b0, L:/127.0.0.1:55325 - R:localhost/127.0.0.1:15377]' for 'POST' to 'http://localhost:15377/session/6ab24aed95e118a430234de4ad787023/element'
20:20:08.081 [Forwarding findElement on session 6ab24aed95e118a430234de4ad787023 to remote] DEBUG org.asynchttpclient.netty.request.NettyRequestSender - Using open Channel [id: 0xc281c0b0, L:/127.0.0.1:55325 - R:localhost/127.0.0.1:15377] for POST '/session/6ab24aed95e118a430234de4ad787023/element'
20:20:08.090 [AsyncHttpClient-1-3] DEBUG org.asynchttpclient.netty.handler.HttpHandler - 

Request DefaultHttpRequest(decodeResult: success, version: HTTP/1.1)
POST /session/6ab24aed95e118a430234de4ad787023/element HTTP/1.1
User-Agent: selenium/4.8.1 (java windows)
Content-Length: 63
Content-Type: application/json; charset=utf-8
host: localhost:15377
accept: */*

Response DefaultHttpResponse(decodeResult: success, version: HTTP/1.1)
HTTP/1.1 200 OK
Content-Length: 88
Content-Type: application/json; charset=utf-8
cache-control: no-cache

20:20:08.090 [AsyncHttpClient-1-3] DEBUG org.asynchttpclient.netty.channel.ChannelManager - Adding key: http://localhost:15377 for channel [id: 0xc281c0b0, L:/127.0.0.1:55325 - R:localhost/127.0.0.1:15377]
20:20:08.091 [Forwarding getElementTagName on session 6ab24aed95e118a430234de4ad787023 to remote] DEBUG org.asynchttpclient.netty.request.NettyRequestSender - Using pooled Channel '[id: 0xc281c0b0, L:/127.0.0.1:55325 - R:localhost/127.0.0.1:15377]' for 'GET' to 'http://localhost:15377/session/6ab24aed95e118a430234de4ad787023/element/23363e41-e429-47e3-8c1f-e351d39430e8/name'
20:20:08.091 [Forwarding getElementTagName on session 6ab24aed95e118a430234de4ad787023 to remote] DEBUG org.asynchttpclient.netty.request.NettyRequestSender - Using open Channel [id: 0xc281c0b0, L:/127.0.0.1:55325 - R:localhost/127.0.0.1:15377] for GET '/session/6ab24aed95e118a430234de4ad787023/element/23363e41-e429-47e3-8c1f-e351d39430e8/name'
20:20:08.094 [AsyncHttpClient-1-3] DEBUG org.asynchttpclient.netty.handler.HttpHandler - 

Request DefaultFullHttpRequest(decodeResult: success, version: HTTP/1.1, content: EmptyByteBufBE)
GET /session/6ab24aed95e118a430234de4ad787023/element/23363e41-e429-47e3-8c1f-e351d39430e8/name HTTP/1.1
User-Agent: selenium/4.8.1 (java windows)
Cache-Control: no-cache
Content-Type: application/json; charset=utf-8
host: localhost:15377
accept: */*

Response DefaultHttpResponse(decodeResult: success, version: HTTP/1.1)
HTTP/1.1 200 OK
Content-Length: 15
Content-Type: application/json; charset=utf-8
cache-control: no-cache

20:20:08.094 [AsyncHttpClient-1-3] DEBUG org.asynchttpclient.netty.channel.ChannelManager - Adding key: http://localhost:15377 for channel [id: 0xc281c0b0, L:/127.0.0.1:55325 - R:localhost/127.0.0.1:15377]
20:20:08.095 [Forwarding getElementTagName on session 6ab24aed95e118a430234de4ad787023 to remote] DEBUG org.asynchttpclient.netty.request.NettyRequestSender - Using pooled Channel '[id: 0xc281c0b0, L:/127.0.0.1:55325 - R:localhost/127.0.0.1:15377]' for 'GET' to 'http://localhost:15377/session/6ab24aed95e118a430234de4ad787023/element/23363e41-e429-47e3-8c1f-e351d39430e8/name'
20:20:08.095 [Forwarding getElementTagName on session 6ab24aed95e118a430234de4ad787023 to remote] DEBUG org.asynchttpclient.netty.request.NettyRequestSender - Using open Channel [id: 0xc281c0b0, L:/127.0.0.1:55325 - R:localhost/127.0.0.1:15377] for GET '/session/6ab24aed95e118a430234de4ad787023/element/23363e41-e429-47e3-8c1f-e351d39430e8/name'
20:20:08.097 [AsyncHttpClient-1-3] DEBUG org.asynchttpclient.netty.handler.HttpHandler - 

Request DefaultFullHttpRequest(decodeResult: success, version: HTTP/1.1, content: EmptyByteBufBE)
GET /session/6ab24aed95e118a430234de4ad787023/element/23363e41-e429-47e3-8c1f-e351d39430e8/name HTTP/1.1
User-Agent: selenium/4.8.1 (java windows)
Cache-Control: no-cache
Content-Type: application/json; charset=utf-8
host: localhost:15377
accept: */*

Response DefaultHttpResponse(decodeResult: success, version: HTTP/1.1)
HTTP/1.1 200 OK
Content-Length: 15
Content-Type: application/json; charset=utf-8
cache-control: no-cache

20:20:08.097 [AsyncHttpClient-1-3] DEBUG org.asynchttpclient.netty.channel.ChannelManager - Adding key: http://localhost:15377 for channel [id: 0xc281c0b0, L:/127.0.0.1:55325 - R:localhost/127.0.0.1:15377]
20:20:08.098 [Forwarding findElement on session 6ab24aed95e118a430234de4ad787023 to remote] DEBUG org.asynchttpclient.netty.request.NettyRequestSender - Using pooled Channel '[id: 0xc281c0b0, L:/127.0.0.1:55325 - R:localhost/127.0.0.1:15377]' for 'POST' to 'http://localhost:15377/session/6ab24aed95e118a430234de4ad787023/element'
20:20:08.098 [Forwarding findElement on session 6ab24aed95e118a430234de4ad787023 to remote] DEBUG org.asynchttpclient.netty.request.NettyRequestSender - Using open Channel [id: 0xc281c0b0, L:/127.0.0.1:55325 - R:localhost/127.0.0.1:15377] for POST '/session/6ab24aed95e118a430234de4ad787023/element'
20:20:08.103 [AsyncHttpClient-1-3] DEBUG org.asynchttpclient.netty.handler.HttpHandler - 

Request DefaultHttpRequest(decodeResult: success, version: HTTP/1.1)
POST /session/6ab24aed95e118a430234de4ad787023/element HTTP/1.1
User-Agent: selenium/4.8.1 (java windows)
Content-Length: 63
Content-Type: application/json; charset=utf-8
host: localhost:15377
accept: */*

Response DefaultHttpResponse(decodeResult: success, version: HTTP/1.1)
HTTP/1.1 200 OK
Content-Length: 88
Content-Type: application/json; charset=utf-8
cache-control: no-cache

20:20:08.103 [AsyncHttpClient-1-3] DEBUG org.asynchttpclient.netty.channel.ChannelManager - Adding key: http://localhost:15377 for channel [id: 0xc281c0b0, L:/127.0.0.1:55325 - R:localhost/127.0.0.1:15377]
20:20:08.104 [Forwarding clickElement on session 6ab24aed95e118a430234de4ad787023 to remote] DEBUG org.asynchttpclient.netty.request.NettyRequestSender - Using pooled Channel '[id: 0xc281c0b0, L:/127.0.0.1:55325 - R:localhost/127.0.0.1:15377]' for 'POST' to 'http://localhost:15377/session/6ab24aed95e118a430234de4ad787023/element/23363e41-e429-47e3-8c1f-e351d39430e8/click'
20:20:08.104 [Forwarding clickElement on session 6ab24aed95e118a430234de4ad787023 to remote] DEBUG org.asynchttpclient.netty.request.NettyRequestSender - Using open Channel [id: 0xc281c0b0, L:/127.0.0.1:55325 - R:localhost/127.0.0.1:15377] for POST '/session/6ab24aed95e118a430234de4ad787023/element/23363e41-e429-47e3-8c1f-e351d39430e8/click'
20:20:08.163 [AsyncHttpClient-1-3] DEBUG org.asynchttpclient.netty.handler.HttpHandler - 

Request DefaultHttpRequest(decodeResult: success, version: HTTP/1.1)
POST /session/6ab24aed95e118a430234de4ad787023/element/23363e41-e429-47e3-8c1f-e351d39430e8/click HTTP/1.1
User-Agent: selenium/4.8.1 (java windows)
Content-Length: 50
Content-Type: application/json; charset=utf-8
host: localhost:15377
accept: */*

Response DefaultHttpResponse(decodeResult: success, version: HTTP/1.1)
HTTP/1.1 200 OK
Content-Length: 14
Content-Type: application/json; charset=utf-8
cache-control: no-cache

20:20:08.164 [AsyncHttpClient-1-3] DEBUG org.asynchttpclient.netty.channel.ChannelManager - Adding key: http://localhost:15377 for channel [id: 0xc281c0b0, L:/127.0.0.1:55325 - R:localhost/127.0.0.1:15377]
20:20:08.169 [Forwarding getAlertText on session 6ab24aed95e118a430234de4ad787023 to remote] DEBUG org.asynchttpclient.netty.request.NettyRequestSender - Using pooled Channel '[id: 0xc281c0b0, L:/127.0.0.1:55325 - R:localhost/127.0.0.1:15377]' for 'GET' to 'http://localhost:15377/session/6ab24aed95e118a430234de4ad787023/alert/text'
20:20:08.169 [Forwarding getAlertText on session 6ab24aed95e118a430234de4ad787023 to remote] DEBUG org.asynchttpclient.netty.request.NettyRequestSender - Using open Channel [id: 0xc281c0b0, L:/127.0.0.1:55325 - R:localhost/127.0.0.1:15377] for GET '/session/6ab24aed95e118a430234de4ad787023/alert/text'
20:20:08.171 [AsyncHttpClient-1-3] DEBUG org.asynchttpclient.netty.handler.HttpHandler - 

Request DefaultFullHttpRequest(decodeResult: success, version: HTTP/1.1, content: EmptyByteBufBE)
GET /session/6ab24aed95e118a430234de4ad787023/alert/text HTTP/1.1
User-Agent: selenium/4.8.1 (java windows)
Cache-Control: no-cache
Content-Type: application/json; charset=utf-8
host: localhost:15377
accept: */*

Response DefaultHttpResponse(decodeResult: success, version: HTTP/1.1)
HTTP/1.1 404 Not Found
Content-Length: 836
Content-Type: application/json; charset=utf-8
cache-control: no-cache

20:20:08.171 [AsyncHttpClient-1-3] DEBUG org.asynchttpclient.netty.channel.ChannelManager - Adding key: http://localhost:15377 for channel [id: 0xc281c0b0, L:/127.0.0.1:55325 - R:localhost/127.0.0.1:15377]
20:20:08.172 [Forwarding getCurrentUrl on session 6ab24aed95e118a430234de4ad787023 to remote] DEBUG org.asynchttpclient.netty.request.NettyRequestSender - Using pooled Channel '[id: 0xc281c0b0, L:/127.0.0.1:55325 - R:localhost/127.0.0.1:15377]' for 'GET' to 'http://localhost:15377/session/6ab24aed95e118a430234de4ad787023/url'
20:20:08.172 [Forwarding getCurrentUrl on session 6ab24aed95e118a430234de4ad787023 to remote] DEBUG org.asynchttpclient.netty.request.NettyRequestSender - Using open Channel [id: 0xc281c0b0, L:/127.0.0.1:55325 - R:localhost/127.0.0.1:15377] for GET '/session/6ab24aed95e118a430234de4ad787023/url'
20:20:08.175 [AsyncHttpClient-1-3] DEBUG org.asynchttpclient.netty.handler.HttpHandler - 

Request DefaultFullHttpRequest(decodeResult: success, version: HTTP/1.1, content: EmptyByteBufBE)
GET /session/6ab24aed95e118a430234de4ad787023/url HTTP/1.1
User-Agent: selenium/4.8.1 (java windows)
Cache-Control: no-cache
Content-Type: application/json; charset=utf-8
host: localhost:15377
accept: */*

Response DefaultHttpResponse(decodeResult: success, version: HTTP/1.1)
HTTP/1.1 200 OK
Content-Length: 41
Content-Type: application/json; charset=utf-8
cache-control: no-cache

20:20:08.175 [AsyncHttpClient-1-3] DEBUG org.asynchttpclient.netty.channel.ChannelManager - Adding key: http://localhost:15377 for channel [id: 0xc281c0b0, L:/127.0.0.1:55325 - R:localhost/127.0.0.1:15377]
20:20:08.176 [Forwarding screenshot on session 6ab24aed95e118a430234de4ad787023 to remote] DEBUG org.asynchttpclient.netty.request.NettyRequestSender - Using pooled Channel '[id: 0xc281c0b0, L:/127.0.0.1:55325 - R:localhost/127.0.0.1:15377]' for 'GET' to 'http://localhost:15377/session/6ab24aed95e118a430234de4ad787023/screenshot'
20:20:08.176 [Forwarding screenshot on session 6ab24aed95e118a430234de4ad787023 to remote] DEBUG org.asynchttpclient.netty.request.NettyRequestSender - Using open Channel [id: 0xc281c0b0, L:/127.0.0.1:55325 - R:localhost/127.0.0.1:15377] for GET '/session/6ab24aed95e118a430234de4ad787023/screenshot'
20:20:08.332 [AsyncHttpClient-1-3] DEBUG org.asynchttpclient.netty.handler.HttpHandler - 

Request DefaultFullHttpRequest(decodeResult: success, version: HTTP/1.1, content: EmptyByteBufBE)
GET /session/6ab24aed95e118a430234de4ad787023/screenshot HTTP/1.1
User-Agent: selenium/4.8.1 (java windows)
Cache-Control: no-cache
Content-Type: application/json; charset=utf-8
host: localhost:15377
accept: */*

Response DefaultHttpResponse(decodeResult: success, version: HTTP/1.1)
HTTP/1.1 200 OK
Content-Length: 26272
Content-Type: application/json; charset=utf-8
cache-control: no-cache

20:20:08.332 [AsyncHttpClient-1-3] DEBUG org.asynchttpclient.netty.channel.ChannelManager - Adding key: http://localhost:15377 for channel [id: 0xc281c0b0, L:/127.0.0.1:55325 - R:localhost/127.0.0.1:15377]
20:20:08.333 [main] DEBUG net.serenitybdd.core.photography.Darkroom - Send negative for processing for target\site\serenity\236f656c94a74566260864788696c701ce79a9a1bce403661b9c0ac0d133e9f7.png
20:20:08.333 [main] DEBUG net.thucydides.core.steps.StepInterceptor - STEP DONE: clickToolbarTitle
  &amp#27;[32mGiven &amp#27;[0m&amp#27;[32mI go to the alta shop home page&amp#27;[0m                  &amp#27;[90m# starter.stepdefinitions.CategorySteps.goToHomePage()&amp#27;[0m
20:20:08.333 [Darkroom Processing Line] DEBUG net.serenitybdd.core.photography.DarkroomProcessingLine - Processing screenshot image in /var/screenshots/screenshot-4834143378062161572
20:20:08.333 [Darkroom Processing Line] DEBUG net.serenitybdd.core.photography.DarkroomProcessingLine - Saving screenshot to target\site\serenity\236f656c94a74566260864788696c701ce79a9a1bce403661b9c0ac0d133e9f7.png
20:20:08.343 [Forwarding getPageSource on session 6ab24aed95e118a430234de4ad787023 to remote] DEBUG org.asynchttpclient.netty.request.NettyRequestSender - Using pooled Channel '[id: 0xc281c0b0, L:/127.0.0.1:55325 - R:localhost/127.0.0.1:15377]' for 'POST' to 'http://localhost:15377/session/6ab24aed95e118a430234de4ad787023/execute/sync'
20:20:08.343 [Forwarding getPageSource on session 6ab24aed95e118a430234de4ad787023 to remote] DEBUG org.asynchttpclient.netty.request.NettyRequestSender - Using open Channel [id: 0xc281c0b0, L:/127.0.0.1:55325 - R:localhost/127.0.0.1:15377] for POST '/session/6ab24aed95e118a430234de4ad787023/execute/sync'
20:20:08.348 [AsyncHttpClient-1-3] DEBUG org.asynchttpclient.netty.handler.HttpHandler - 

Request DefaultHttpRequest(decodeResult: success, version: HTTP/1.1)
POST /session/6ab24aed95e118a430234de4ad787023/execute/sync HTTP/1.1
User-Agent: selenium/4.8.1 (java windows)
Content-Length: 176
Content-Type: application/json; charset=utf-8
host: localhost:15377
accept: */*

Response DefaultHttpResponse(decodeResult: success, version: HTTP/1.1)
HTTP/1.1 200 OK
Content-Length: 28688
Content-Type: application/json; charset=utf-8
cache-control: no-cache

20:20:08.348 [AsyncHttpClient-1-3] DEBUG org.asynchttpclient.netty.channel.ChannelManager - Adding key: http://localhost:15377 for channel [id: 0xc281c0b0, L:/127.0.0.1:55325 - R:localhost/127.0.0.1:15377]
20:20:08.350 [Forwarding getCurrentUrl on session 6ab24aed95e118a430234de4ad787023 to remote] DEBUG org.asynchttpclient.netty.request.NettyRequestSender - Using pooled Channel '[id: 0xc281c0b0, L:/127.0.0.1:55325 - R:localhost/127.0.0.1:15377]' for 'GET' to 'http://localhost:15377/session/6ab24aed95e118a430234de4ad787023/url'
20:20:08.350 [Forwarding getCurrentUrl on session 6ab24aed95e118a430234de4ad787023 to remote] DEBUG org.asynchttpclient.netty.request.NettyRequestSender - Using open Channel [id: 0xc281c0b0, L:/127.0.0.1:55325 - R:localhost/127.0.0.1:15377] for GET '/session/6ab24aed95e118a430234de4ad787023/url'
20:20:08.354 [AsyncHttpClient-1-3] DEBUG org.asynchttpclient.netty.handler.HttpHandler - 

Request DefaultFullHttpRequest(decodeResult: success, version: HTTP/1.1, content: EmptyByteBufBE)
GET /session/6ab24aed95e118a430234de4ad787023/url HTTP/1.1
User-Agent: selenium/4.8.1 (java windows)
Cache-Control: no-cache
Content-Type: application/json; charset=utf-8
host: localhost:15377
accept: */*

Response DefaultHttpResponse(decodeResult: success, version: HTTP/1.1)
HTTP/1.1 200 OK
Content-Length: 41
Content-Type: application/json; charset=utf-8
cache-control: no-cache

20:20:08.354 [AsyncHttpClient-1-3] DEBUG org.asynchttpclient.netty.channel.ChannelManager - Adding key: http://localhost:15377 for channel [id: 0xc281c0b0, L:/127.0.0.1:55325 - R:localhost/127.0.0.1:15377]
20:20:08.364 [Forwarding getPageSource on session 6ab24aed95e118a430234de4ad787023 to remote] DEBUG org.asynchttpclient.netty.request.NettyRequestSender - Using pooled Channel '[id: 0xc281c0b0, L:/127.0.0.1:55325 - R:localhost/127.0.0.1:15377]' for 'POST' to 'http://localhost:15377/session/6ab24aed95e118a430234de4ad787023/execute/sync'
20:20:08.364 [Forwarding getPageSource on session 6ab24aed95e118a430234de4ad787023 to remote] DEBUG org.asynchttpclient.netty.request.NettyRequestSender - Using open Channel [id: 0xc281c0b0, L:/127.0.0.1:55325 - R:localhost/127.0.0.1:15377] for POST '/session/6ab24aed95e118a430234de4ad787023/execute/sync'
20:20:08.819 [AsyncHttpClient-1-3] DEBUG org.asynchttpclient.netty.handler.HttpHandler - 

Request DefaultHttpRequest(decodeResult: success, version: HTTP/1.1)
POST /session/6ab24aed95e118a430234de4ad787023/execute/sync HTTP/1.1
User-Agent: selenium/4.8.1 (java windows)
Content-Length: 176
Content-Type: application/json; charset=utf-8
host: localhost:15377
accept: */*

Response DefaultHttpResponse(decodeResult: success, version: HTTP/1.1)
HTTP/1.1 200 OK
Content-Length: 218253
Content-Type: application/json; charset=utf-8
cache-control: no-cache

20:20:08.819 [AsyncHttpClient-1-3] DEBUG org.asynchttpclient.netty.channel.ChannelManager - Adding key: http://localhost:15377 for channel [id: 0xc281c0b0, L:/127.0.0.1:55325 - R:localhost/127.0.0.1:15377]
20:20:08.830 [Forwarding getCurrentUrl on session 6ab24aed95e118a430234de4ad787023 to remote] DEBUG org.asynchttpclient.netty.request.NettyRequestSender - Using pooled Channel '[id: 0xc281c0b0, L:/127.0.0.1:55325 - R:localhost/127.0.0.1:15377]' for 'GET' to 'http://localhost:15377/session/6ab24aed95e118a430234de4ad787023/url'
20:20:08.830 [Forwarding getCurrentUrl on session 6ab24aed95e118a430234de4ad787023 to remote] DEBUG org.asynchttpclient.netty.request.NettyRequestSender - Using open Channel [id: 0xc281c0b0, L:/127.0.0.1:55325 - R:localhost/127.0.0.1:15377] for GET '/session/6ab24aed95e118a430234de4ad787023/url'
20:20:08.833 [AsyncHttpClient-1-3] DEBUG org.asynchttpclient.netty.handler.HttpHandler - 

Request DefaultFullHttpRequest(decodeResult: success, version: HTTP/1.1, content: EmptyByteBufBE)
GET /session/6ab24aed95e118a430234de4ad787023/url HTTP/1.1
User-Agent: selenium/4.8.1 (java windows)
Cache-Control: no-cache
Content-Type: application/json; charset=utf-8
host: localhost:15377
accept: */*

Response DefaultHttpResponse(decodeResult: success, version: HTTP/1.1)
HTTP/1.1 200 OK
Content-Length: 41
Content-Type: application/json; charset=utf-8
cache-control: no-cache

20:20:08.833 [AsyncHttpClient-1-3] DEBUG org.asynchttpclient.netty.channel.ChannelManager - Adding key: http://localhost:15377 for channel [id: 0xc281c0b0, L:/127.0.0.1:55325 - R:localhost/127.0.0.1:15377]
20:20:08.836 [main] DEBUG net.thucydides.core.steps.StepInterceptor - STARTING STEP: CategorySteps.clickSelectCategory - clickSelectCategory
20:20:08.837 [Forwarding findElement on session 6ab24aed95e118a430234de4ad787023 to remote] DEBUG org.asynchttpclient.netty.request.NettyRequestSender - Using pooled Channel '[id: 0xc281c0b0, L:/127.0.0.1:55325 - R:localhost/127.0.0.1:15377]' for 'POST' to 'http://localhost:15377/session/6ab24aed95e118a430234de4ad787023/element'
20:20:08.837 [Forwarding findElement on session 6ab24aed95e118a430234de4ad787023 to remote] DEBUG org.asynchttpclient.netty.request.NettyRequestSender - Using open Channel [id: 0xc281c0b0, L:/127.0.0.1:55325 - R:localhost/127.0.0.1:15377] for POST '/session/6ab24aed95e118a430234de4ad787023/element'
20:20:08.848 [AsyncHttpClient-1-3] DEBUG org.asynchttpclient.netty.handler.HttpHandler - 

Request DefaultHttpRequest(decodeResult: success, version: HTTP/1.1)
POST /session/6ab24aed95e118a430234de4ad787023/element HTTP/1.1
User-Agent: selenium/4.8.1 (java windows)
Content-Length: 118
Content-Type: application/json; charset=utf-8
host: localhost:15377
accept: */*

Response DefaultHttpResponse(decodeResult: success, version: HTTP/1.1)
HTTP/1.1 200 OK
Content-Length: 88
Content-Type: application/json; charset=utf-8
cache-control: no-cache

20:20:08.848 [AsyncHttpClient-1-3] DEBUG org.asynchttpclient.netty.channel.ChannelManager - Adding key: http://localhost:15377 for channel [id: 0xc281c0b0, L:/127.0.0.1:55325 - R:localhost/127.0.0.1:15377]
20:20:08.848 [Forwarding getElementTagName on session 6ab24aed95e118a430234de4ad787023 to remote] DEBUG org.asynchttpclient.netty.request.NettyRequestSender - Using pooled Channel '[id: 0xc281c0b0, L:/127.0.0.1:55325 - R:localhost/127.0.0.1:15377]' for 'GET' to 'http://localhost:15377/session/6ab24aed95e118a430234de4ad787023/element/f6cba291-ecf4-46c2-8388-adc44b5ce83e/name'
20:20:08.849 [Forwarding getElementTagName on session 6ab24aed95e118a430234de4ad787023 to remote] DEBUG org.asynchttpclient.netty.request.NettyRequestSender - Using open Channel [id: 0xc281c0b0, L:/127.0.0.1:55325 - R:localhost/127.0.0.1:15377] for GET '/session/6ab24aed95e118a430234de4ad787023/element/f6cba291-ecf4-46c2-8388-adc44b5ce83e/name'
20:20:08.851 [AsyncHttpClient-1-3] DEBUG org.asynchttpclient.netty.handler.HttpHandler - 

Request DefaultFullHttpRequest(decodeResult: success, version: HTTP/1.1, content: EmptyByteBufBE)
GET /session/6ab24aed95e118a430234de4ad787023/element/f6cba291-ecf4-46c2-8388-adc44b5ce83e/name HTTP/1.1
User-Agent: selenium/4.8.1 (java windows)
Cache-Control: no-cache
Content-Type: application/json; charset=utf-8
host: localhost:15377
accept: */*

Response DefaultHttpResponse(decodeResult: success, version: HTTP/1.1)
HTTP/1.1 200 OK
Content-Length: 15
Content-Type: application/json; charset=utf-8
cache-control: no-cache

20:20:08.851 [AsyncHttpClient-1-3] DEBUG org.asynchttpclient.netty.channel.ChannelManager - Adding key: http://localhost:15377 for channel [id: 0xc281c0b0, L:/127.0.0.1:55325 - R:localhost/127.0.0.1:15377]
20:20:08.852 [Forwarding getElementTagName on session 6ab24aed95e118a430234de4ad787023 to remote] DEBUG org.asynchttpclient.netty.request.NettyRequestSender - Using pooled Channel '[id: 0xc281c0b0, L:/127.0.0.1:55325 - R:localhost/127.0.0.1:15377]' for 'GET' to 'http://localhost:15377/session/6ab24aed95e118a430234de4ad787023/element/f6cba291-ecf4-46c2-8388-adc44b5ce83e/name'
20:20:08.852 [Forwarding getElementTagName on session 6ab24aed95e118a430234de4ad787023 to remote] DEBUG org.asynchttpclient.netty.request.NettyRequestSender - Using open Channel [id: 0xc281c0b0, L:/127.0.0.1:55325 - R:localhost/127.0.0.1:15377] for GET '/session/6ab24aed95e118a430234de4ad787023/element/f6cba291-ecf4-46c2-8388-adc44b5ce83e/name'
20:20:08.855 [AsyncHttpClient-1-3] DEBUG org.asynchttpclient.netty.handler.HttpHandler - 

Request DefaultFullHttpRequest(decodeResult: success, version: HTTP/1.1, content: EmptyByteBufBE)
GET /session/6ab24aed95e118a430234de4ad787023/element/f6cba291-ecf4-46c2-8388-adc44b5ce83e/name HTTP/1.1
User-Agent: selenium/4.8.1 (java windows)
Cache-Control: no-cache
Content-Type: application/json; charset=utf-8
host: localhost:15377
accept: */*

Response DefaultHttpResponse(decodeResult: success, version: HTTP/1.1)
HTTP/1.1 200 OK
Content-Length: 15
Content-Type: application/json; charset=utf-8
cache-control: no-cache

20:20:08.855 [AsyncHttpClient-1-3] DEBUG org.asynchttpclient.netty.channel.ChannelManager - Adding key: http://localhost:15377 for channel [id: 0xc281c0b0, L:/127.0.0.1:55325 - R:localhost/127.0.0.1:15377]
20:20:08.855 [Forwarding findElement on session 6ab24aed95e118a430234de4ad787023 to remote] DEBUG org.asynchttpclient.netty.request.NettyRequestSender - Using pooled Channel '[id: 0xc281c0b0, L:/127.0.0.1:55325 - R:localhost/127.0.0.1:15377]' for 'POST' to 'http://localhost:15377/session/6ab24aed95e118a430234de4ad787023/element'
20:20:08.855 [Forwarding findElement on session 6ab24aed95e118a430234de4ad787023 to remote] DEBUG org.asynchttpclient.netty.request.NettyRequestSender - Using open Channel [id: 0xc281c0b0, L:/127.0.0.1:55325 - R:localhost/127.0.0.1:15377] for POST '/session/6ab24aed95e118a430234de4ad787023/element'
20:20:08.861 [AsyncHttpClient-1-3] DEBUG org.asynchttpclient.netty.handler.HttpHandler - 

Request DefaultHttpRequest(decodeResult: success, version: HTTP/1.1)
POST /session/6ab24aed95e118a430234de4ad787023/element HTTP/1.1
User-Agent: selenium/4.8.1 (java windows)
Content-Length: 118
Content-Type: application/json; charset=utf-8
host: localhost:15377
accept: */*

Response DefaultHttpResponse(decodeResult: success, version: HTTP/1.1)
HTTP/1.1 200 OK
Content-Length: 88
Content-Type: application/json; charset=utf-8
cache-control: no-cache

20:20:08.861 [AsyncHttpClient-1-3] DEBUG org.asynchttpclient.netty.channel.ChannelManager - Adding key: http://localhost:15377 for channel [id: 0xc281c0b0, L:/127.0.0.1:55325 - R:localhost/127.0.0.1:15377]
20:20:08.862 [Forwarding clickElement on session 6ab24aed95e118a430234de4ad787023 to remote] DEBUG org.asynchttpclient.netty.request.NettyRequestSender - Using pooled Channel '[id: 0xc281c0b0, L:/127.0.0.1:55325 - R:localhost/127.0.0.1:15377]' for 'POST' to 'http://localhost:15377/session/6ab24aed95e118a430234de4ad787023/element/f6cba291-ecf4-46c2-8388-adc44b5ce83e/click'
20:20:08.862 [Forwarding clickElement on session 6ab24aed95e118a430234de4ad787023 to remote] DEBUG org.asynchttpclient.netty.request.NettyRequestSender - Using open Channel [id: 0xc281c0b0, L:/127.0.0.1:55325 - R:localhost/127.0.0.1:15377] for POST '/session/6ab24aed95e118a430234de4ad787023/element/f6cba291-ecf4-46c2-8388-adc44b5ce83e/click'
20:20:08.918 [AsyncHttpClient-1-3] DEBUG org.asynchttpclient.netty.handler.HttpHandler - 

Request DefaultHttpRequest(decodeResult: success, version: HTTP/1.1)
POST /session/6ab24aed95e118a430234de4ad787023/element/f6cba291-ecf4-46c2-8388-adc44b5ce83e/click HTTP/1.1
User-Agent: selenium/4.8.1 (java windows)
Content-Length: 50
Content-Type: application/json; charset=utf-8
host: localhost:15377
accept: */*

Response DefaultHttpResponse(decodeResult: success, version: HTTP/1.1)
HTTP/1.1 200 OK
Content-Length: 14
Content-Type: application/json; charset=utf-8
cache-control: no-cache

20:20:08.919 [AsyncHttpClient-1-3] DEBUG org.asynchttpclient.netty.channel.ChannelManager - Adding key: http://localhost:15377 for channel [id: 0xc281c0b0, L:/127.0.0.1:55325 - R:localhost/127.0.0.1:15377]
20:20:08.922 [Forwarding getAlertText on session 6ab24aed95e118a430234de4ad787023 to remote] DEBUG org.asynchttpclient.netty.request.NettyRequestSender - Using pooled Channel '[id: 0xc281c0b0, L:/127.0.0.1:55325 - R:localhost/127.0.0.1:15377]' for 'GET' to 'http://localhost:15377/session/6ab24aed95e118a430234de4ad787023/alert/text'
20:20:08.922 [Forwarding getAlertText on session 6ab24aed95e118a430234de4ad787023 to remote] DEBUG org.asynchttpclient.netty.request.NettyRequestSender - Using open Channel [id: 0xc281c0b0, L:/127.0.0.1:55325 - R:localhost/127.0.0.1:15377] for GET '/session/6ab24aed95e118a430234de4ad787023/alert/text'
20:20:08.923 [AsyncHttpClient-1-3] DEBUG org.asynchttpclient.netty.handler.HttpHandler - 

Request DefaultFullHttpRequest(decodeResult: success, version: HTTP/1.1, content: EmptyByteBufBE)
GET /session/6ab24aed95e118a430234de4ad787023/alert/text HTTP/1.1
User-Agent: selenium/4.8.1 (java windows)
Cache-Control: no-cache
Content-Type: application/json; charset=utf-8
host: localhost:15377
accept: */*

Response DefaultHttpResponse(decodeResult: success, version: HTTP/1.1)
HTTP/1.1 404 Not Found
Content-Length: 836
Content-Type: application/json; charset=utf-8
cache-control: no-cache

20:20:08.923 [AsyncHttpClient-1-3] DEBUG org.asynchttpclient.netty.channel.ChannelManager - Adding key: http://localhost:15377 for channel [id: 0xc281c0b0, L:/127.0.0.1:55325 - R:localhost/127.0.0.1:15377]
20:20:08.923 [Forwarding getCurrentUrl on session 6ab24aed95e118a430234de4ad787023 to remote] DEBUG org.asynchttpclient.netty.request.NettyRequestSender - Using pooled Channel '[id: 0xc281c0b0, L:/127.0.0.1:55325 - R:localhost/127.0.0.1:15377]' for 'GET' to 'http://localhost:15377/session/6ab24aed95e118a430234de4ad787023/url'
20:20:08.923 [Forwarding getCurrentUrl on session 6ab24aed95e118a430234de4ad787023 to remote] DEBUG org.asynchttpclient.netty.request.NettyRequestSender - Using open Channel [id: 0xc281c0b0, L:/127.0.0.1:55325 - R:localhost/127.0.0.1:15377] for GET '/session/6ab24aed95e118a430234de4ad787023/url'
20:20:08.931 [AsyncHttpClient-1-3] DEBUG org.asynchttpclient.netty.handler.HttpHandler - 

Request DefaultFullHttpRequest(decodeResult: success, version: HTTP/1.1, content: EmptyByteBufBE)
GET /session/6ab24aed95e118a430234de4ad787023/url HTTP/1.1
User-Agent: selenium/4.8.1 (java windows)
Cache-Control: no-cache
Content-Type: application/json; charset=utf-8
host: localhost:15377
accept: */*

Response DefaultHttpResponse(decodeResult: success, version: HTTP/1.1)
HTTP/1.1 200 OK
Content-Length: 41
Content-Type: application/json; charset=utf-8
cache-control: no-cache

20:20:08.931 [AsyncHttpClient-1-3] DEBUG org.asynchttpclient.netty.channel.ChannelManager - Adding key: http://localhost:15377 for channel [id: 0xc281c0b0, L:/127.0.0.1:55325 - R:localhost/127.0.0.1:15377]
20:20:08.932 [Forwarding screenshot on session 6ab24aed95e118a430234de4ad787023 to remote] DEBUG org.asynchttpclient.netty.request.NettyRequestSender - Using pooled Channel '[id: 0xc281c0b0, L:/127.0.0.1:55325 - R:localhost/127.0.0.1:15377]' for 'GET' to 'http://localhost:15377/session/6ab24aed95e118a430234de4ad787023/screenshot'
20:20:08.932 [Forwarding screenshot on session 6ab24aed95e118a430234de4ad787023 to remote] DEBUG org.asynchttpclient.netty.request.NettyRequestSender - Using open Channel [id: 0xc281c0b0, L:/127.0.0.1:55325 - R:localhost/127.0.0.1:15377] for GET '/session/6ab24aed95e118a430234de4ad787023/screenshot'
20:20:09.106 [AsyncHttpClient-1-3] DEBUG org.asynchttpclient.netty.handler.HttpHandler - 

Request DefaultFullHttpRequest(decodeResult: success, version: HTTP/1.1, content: EmptyByteBufBE)
GET /session/6ab24aed95e118a430234de4ad787023/screenshot HTTP/1.1
User-Agent: selenium/4.8.1 (java windows)
Cache-Control: no-cache
Content-Type: application/json; charset=utf-8
host: localhost:15377
accept: */*

Response DefaultHttpResponse(decodeResult: success, version: HTTP/1.1)
HTTP/1.1 200 OK
Content-Length: 69764
Content-Type: application/json; charset=utf-8
cache-control: no-cache

20:20:09.106 [AsyncHttpClient-1-3] DEBUG org.asynchttpclient.netty.channel.ChannelManager - Adding key: http://localhost:15377 for channel [id: 0xc281c0b0, L:/127.0.0.1:55325 - R:localhost/127.0.0.1:15377]
20:20:09.108 [main] DEBUG net.serenitybdd.core.photography.Darkroom - Send negative for processing for target\site\serenity\618fff7b55fa27c285ef94db47a01b2b9bab42bdd73839c7624e9ba6e11fab37.png
20:20:09.108 [main] DEBUG net.thucydides.core.steps.StepInterceptor - STEP DONE: clickSelectCategory
  &amp#27;[32mAnd &amp#27;[0m&amp#27;[32mI click select category dropdown&amp#27;[0m                   &amp#27;[90m# starter.stepdefinitions.CategorySteps.clickSelectCategory()&amp#27;[0m
20:20:09.108 [Darkroom Processing Line] DEBUG net.serenitybdd.core.photography.DarkroomProcessingLine - Processing screenshot image in /var/screenshots/screenshot-9382807892940584946
20:20:09.108 [Darkroom Processing Line] DEBUG net.serenitybdd.core.photography.DarkroomProcessingLine - Saving screenshot to target\site\serenity\618fff7b55fa27c285ef94db47a01b2b9bab42bdd73839c7624e9ba6e11fab37.png
20:20:09.114 [Forwarding getPageSource on session 6ab24aed95e118a430234de4ad787023 to remote] DEBUG org.asynchttpclient.netty.request.NettyRequestSender - Using pooled Channel '[id: 0xc281c0b0, L:/127.0.0.1:55325 - R:localhost/127.0.0.1:15377]' for 'POST' to 'http://localhost:15377/session/6ab24aed95e118a430234de4ad787023/execute/sync'
20:20:09.114 [Forwarding getPageSource on session 6ab24aed95e118a430234de4ad787023 to remote] DEBUG org.asynchttpclient.netty.request.NettyRequestSender - Using open Channel [id: 0xc281c0b0, L:/127.0.0.1:55325 - R:localhost/127.0.0.1:15377] for POST '/session/6ab24aed95e118a430234de4ad787023/execute/sync'
20:20:09.128 [AsyncHttpClient-1-3] DEBUG org.asynchttpclient.netty.handler.HttpHandler - 

Request DefaultHttpRequest(decodeResult: success, version: HTTP/1.1)
POST /session/6ab24aed95e118a430234de4ad787023/execute/sync HTTP/1.1
User-Agent: selenium/4.8.1 (java windows)
Content-Length: 176
Content-Type: application/json; charset=utf-8
host: localhost:15377
accept: */*

Response DefaultHttpResponse(decodeResult: success, version: HTTP/1.1)
HTTP/1.1 200 OK
Content-Length: 223851
Content-Type: application/json; charset=utf-8
cache-control: no-cache

20:20:09.128 [AsyncHttpClient-1-3] DEBUG org.asynchttpclient.netty.channel.ChannelManager - Adding key: http://localhost:15377 for channel [id: 0xc281c0b0, L:/127.0.0.1:55325 - R:localhost/127.0.0.1:15377]
20:20:09.142 [Forwarding getCurrentUrl on session 6ab24aed95e118a430234de4ad787023 to remote] DEBUG org.asynchttpclient.netty.request.NettyRequestSender - Using pooled Channel '[id: 0xc281c0b0, L:/127.0.0.1:55325 - R:localhost/127.0.0.1:15377]' for 'GET' to 'http://localhost:15377/session/6ab24aed95e118a430234de4ad787023/url'
20:20:09.142 [Forwarding getCurrentUrl on session 6ab24aed95e118a430234de4ad787023 to remote] DEBUG org.asynchttpclient.netty.request.NettyRequestSender - Using open Channel [id: 0xc281c0b0, L:/127.0.0.1:55325 - R:localhost/127.0.0.1:15377] for GET '/session/6ab24aed95e118a430234de4ad787023/url'
20:20:09.147 [AsyncHttpClient-1-3] DEBUG org.asynchttpclient.netty.handler.HttpHandler - 

Request DefaultFullHttpRequest(decodeResult: success, version: HTTP/1.1, content: EmptyByteBufBE)
GET /session/6ab24aed95e118a430234de4ad787023/url HTTP/1.1
User-Agent: selenium/4.8.1 (java windows)
Cache-Control: no-cache
Content-Type: application/json; charset=utf-8
host: localhost:15377
accept: */*

Response DefaultHttpResponse(decodeResult: success, version: HTTP/1.1)
HTTP/1.1 200 OK
Content-Length: 41
Content-Type: application/json; charset=utf-8
cache-control: no-cache

20:20:09.148 [AsyncHttpClient-1-3] DEBUG org.asynchttpclient.netty.channel.ChannelManager - Adding key: http://localhost:15377 for channel [id: 0xc281c0b0, L:/127.0.0.1:55325 - R:localhost/127.0.0.1:15377]
20:20:09.156 [Forwarding getPageSource on session 6ab24aed95e118a430234de4ad787023 to remote] DEBUG org.asynchttpclient.netty.request.NettyRequestSender - Using pooled Channel '[id: 0xc281c0b0, L:/127.0.0.1:55325 - R:localhost/127.0.0.1:15377]' for 'POST' to 'http://localhost:15377/session/6ab24aed95e118a430234de4ad787023/execute/sync'
20:20:09.156 [Forwarding getPageSource on session 6ab24aed95e118a430234de4ad787023 to remote] DEBUG org.asynchttpclient.netty.request.NettyRequestSender - Using open Channel [id: 0xc281c0b0, L:/127.0.0.1:55325 - R:localhost/127.0.0.1:15377] for POST '/session/6ab24aed95e118a430234de4ad787023/execute/sync'
20:20:09.158 [AsyncHttpClient-1-1] DEBUG org.asynchttpclient.netty.channel.DefaultChannelPool - Entry count for : http://localhost:55326 : 1
20:20:09.170 [AsyncHttpClient-1-3] DEBUG org.asynchttpclient.netty.handler.HttpHandler - 

Request DefaultHttpRequest(decodeResult: success, version: HTTP/1.1)
POST /session/6ab24aed95e118a430234de4ad787023/execute/sync HTTP/1.1
User-Agent: selenium/4.8.1 (java windows)
Content-Length: 176
Content-Type: application/json; charset=utf-8
host: localhost:15377
accept: */*

Response DefaultHttpResponse(decodeResult: success, version: HTTP/1.1)
HTTP/1.1 200 OK
Content-Length: 223851
Content-Type: application/json; charset=utf-8
cache-control: no-cache

20:20:09.170 [AsyncHttpClient-1-3] DEBUG org.asynchttpclient.netty.channel.ChannelManager - Adding key: http://localhost:15377 for channel [id: 0xc281c0b0, L:/127.0.0.1:55325 - R:localhost/127.0.0.1:15377]
20:20:09.181 [Forwarding getCurrentUrl on session 6ab24aed95e118a430234de4ad787023 to remote] DEBUG org.asynchttpclient.netty.request.NettyRequestSender - Using pooled Channel '[id: 0xc281c0b0, L:/127.0.0.1:55325 - R:localhost/127.0.0.1:15377]' for 'GET' to 'http://localhost:15377/session/6ab24aed95e118a430234de4ad787023/url'
20:20:09.181 [Forwarding getCurrentUrl on session 6ab24aed95e118a430234de4ad787023 to remote] DEBUG org.asynchttpclient.netty.request.NettyRequestSender - Using open Channel [id: 0xc281c0b0, L:/127.0.0.1:55325 - R:localhost/127.0.0.1:15377] for GET '/session/6ab24aed95e118a430234de4ad787023/url'
20:20:09.187 [AsyncHttpClient-1-3] DEBUG org.asynchttpclient.netty.handler.HttpHandler - 

Request DefaultFullHttpRequest(decodeResult: success, version: HTTP/1.1, content: EmptyByteBufBE)
GET /session/6ab24aed95e118a430234de4ad787023/url HTTP/1.1
User-Agent: selenium/4.8.1 (java windows)
Cache-Control: no-cache
Content-Type: application/json; charset=utf-8
host: localhost:15377
accept: */*

Response DefaultHttpResponse(decodeResult: success, version: HTTP/1.1)
HTTP/1.1 200 OK
Content-Length: 41
Content-Type: application/json; charset=utf-8
cache-control: no-cache

20:20:09.187 [AsyncHttpClient-1-3] DEBUG org.asynchttpclient.netty.channel.ChannelManager - Adding key: http://localhost:15377 for channel [id: 0xc281c0b0, L:/127.0.0.1:55325 - R:localhost/127.0.0.1:15377]
20:20:09.189 [main] DEBUG net.thucydides.core.steps.StepInterceptor - STARTING STEP: CategorySteps.clickGamingCategory - clickGamingCategory
20:20:09.192 [Forwarding findElement on session 6ab24aed95e118a430234de4ad787023 to remote] DEBUG org.asynchttpclient.netty.request.NettyRequestSender - Using pooled Channel '[id: 0xc281c0b0, L:/127.0.0.1:55325 - R:localhost/127.0.0.1:15377]' for 'POST' to 'http://localhost:15377/session/6ab24aed95e118a430234de4ad787023/element'
20:20:09.192 [Forwarding findElement on session 6ab24aed95e118a430234de4ad787023 to remote] DEBUG org.asynchttpclient.netty.request.NettyRequestSender - Using open Channel [id: 0xc281c0b0, L:/127.0.0.1:55325 - R:localhost/127.0.0.1:15377] for POST '/session/6ab24aed95e118a430234de4ad787023/element'
20:20:09.204 [AsyncHttpClient-1-3] DEBUG org.asynchttpclient.netty.handler.HttpHandler - 

Request DefaultHttpRequest(decodeResult: success, version: HTTP/1.1)
POST /session/6ab24aed95e118a430234de4ad787023/element HTTP/1.1
User-Agent: selenium/4.8.1 (java windows)
Content-Length: 71
Content-Type: application/json; charset=utf-8
host: localhost:15377
accept: */*

Response DefaultHttpResponse(decodeResult: success, version: HTTP/1.1)
HTTP/1.1 200 OK
Content-Length: 88
Content-Type: application/json; charset=utf-8
cache-control: no-cache

20:20:09.204 [AsyncHttpClient-1-3] DEBUG org.asynchttpclient.netty.channel.ChannelManager - Adding key: http://localhost:15377 for channel [id: 0xc281c0b0, L:/127.0.0.1:55325 - R:localhost/127.0.0.1:15377]
20:20:09.205 [Forwarding getElementTagName on session 6ab24aed95e118a430234de4ad787023 to remote] DEBUG org.asynchttpclient.netty.request.NettyRequestSender - Using pooled Channel '[id: 0xc281c0b0, L:/127.0.0.1:55325 - R:localhost/127.0.0.1:15377]' for 'GET' to 'http://localhost:15377/session/6ab24aed95e118a430234de4ad787023/element/92a0408d-75a7-40af-b66b-5d8cbdc86f2b/name'
20:20:09.206 [Forwarding getElementTagName on session 6ab24aed95e118a430234de4ad787023 to remote] DEBUG org.asynchttpclient.netty.request.NettyRequestSender - Using open Channel [id: 0xc281c0b0, L:/127.0.0.1:55325 - R:localhost/127.0.0.1:15377] for GET '/session/6ab24aed95e118a430234de4ad787023/element/92a0408d-75a7-40af-b66b-5d8cbdc86f2b/name'
20:20:09.210 [AsyncHttpClient-1-3] DEBUG org.asynchttpclient.netty.handler.HttpHandler - 

Request DefaultFullHttpRequest(decodeResult: success, version: HTTP/1.1, content: EmptyByteBufBE)
GET /session/6ab24aed95e118a430234de4ad787023/element/92a0408d-75a7-40af-b66b-5d8cbdc86f2b/name HTTP/1.1
User-Agent: selenium/4.8.1 (java windows)
Cache-Control: no-cache
Content-Type: application/json; charset=utf-8
host: localhost:15377
accept: */*

Response DefaultHttpResponse(decodeResult: success, version: HTTP/1.1)
HTTP/1.1 200 OK
Content-Length: 15
Content-Type: application/json; charset=utf-8
cache-control: no-cache

20:20:09.210 [AsyncHttpClient-1-3] DEBUG org.asynchttpclient.netty.channel.ChannelManager - Adding key: http://localhost:15377 for channel [id: 0xc281c0b0, L:/127.0.0.1:55325 - R:localhost/127.0.0.1:15377]
20:20:09.211 [Forwarding getElementTagName on session 6ab24aed95e118a430234de4ad787023 to remote] DEBUG org.asynchttpclient.netty.request.NettyRequestSender - Using pooled Channel '[id: 0xc281c0b0, L:/127.0.0.1:55325 - R:localhost/127.0.0.1:15377]' for 'GET' to 'http://localhost:15377/session/6ab24aed95e118a430234de4ad787023/element/92a0408d-75a7-40af-b66b-5d8cbdc86f2b/name'
20:20:09.211 [Forwarding getElementTagName on session 6ab24aed95e118a430234de4ad787023 to remote] DEBUG org.asynchttpclient.netty.request.NettyRequestSender - Using open Channel [id: 0xc281c0b0, L:/127.0.0.1:55325 - R:localhost/127.0.0.1:15377] for GET '/session/6ab24aed95e118a430234de4ad787023/element/92a0408d-75a7-40af-b66b-5d8cbdc86f2b/name'
20:20:09.215 [AsyncHttpClient-1-3] DEBUG org.asynchttpclient.netty.handler.HttpHandler - 

Request DefaultFullHttpRequest(decodeResult: success, version: HTTP/1.1, content: EmptyByteBufBE)
GET /session/6ab24aed95e118a430234de4ad787023/element/92a0408d-75a7-40af-b66b-5d8cbdc86f2b/name HTTP/1.1
User-Agent: selenium/4.8.1 (java windows)
Cache-Control: no-cache
Content-Type: application/json; charset=utf-8
host: localhost:15377
accept: */*

Response DefaultHttpResponse(decodeResult: success, version: HTTP/1.1)
HTTP/1.1 200 OK
Content-Length: 15
Content-Type: application/json; charset=utf-8
cache-control: no-cache

20:20:09.215 [AsyncHttpClient-1-3] DEBUG org.asynchttpclient.netty.channel.ChannelManager - Adding key: http://localhost:15377 for channel [id: 0xc281c0b0, L:/127.0.0.1:55325 - R:localhost/127.0.0.1:15377]
20:20:09.216 [Forwarding findElement on session 6ab24aed95e118a430234de4ad787023 to remote] DEBUG org.asynchttpclient.netty.request.NettyRequestSender - Using pooled Channel '[id: 0xc281c0b0, L:/127.0.0.1:55325 - R:localhost/127.0.0.1:15377]' for 'POST' to 'http://localhost:15377/session/6ab24aed95e118a430234de4ad787023/element'
20:20:09.216 [Forwarding findElement on session 6ab24aed95e118a430234de4ad787023 to remote] DEBUG org.asynchttpclient.netty.request.NettyRequestSender - Using open Channel [id: 0xc281c0b0, L:/127.0.0.1:55325 - R:localhost/127.0.0.1:15377] for POST '/session/6ab24aed95e118a430234de4ad787023/element'
20:20:09.222 [AsyncHttpClient-1-3] DEBUG org.asynchttpclient.netty.handler.HttpHandler - 

Request DefaultHttpRequest(decodeResult: success, version: HTTP/1.1)
POST /session/6ab24aed95e118a430234de4ad787023/element HTTP/1.1
User-Agent: selenium/4.8.1 (java windows)
Content-Length: 71
Content-Type: application/json; charset=utf-8
host: localhost:15377
accept: */*

Response DefaultHttpResponse(decodeResult: success, version: HTTP/1.1)
HTTP/1.1 200 OK
Content-Length: 88
Content-Type: application/json; charset=utf-8
cache-control: no-cache

20:20:09.222 [AsyncHttpClient-1-3] DEBUG org.asynchttpclient.netty.channel.ChannelManager - Adding key: http://localhost:15377 for channel [id: 0xc281c0b0, L:/127.0.0.1:55325 - R:localhost/127.0.0.1:15377]
20:20:09.223 [Forwarding clickElement on session 6ab24aed95e118a430234de4ad787023 to remote] DEBUG org.asynchttpclient.netty.request.NettyRequestSender - Using pooled Channel '[id: 0xc281c0b0, L:/127.0.0.1:55325 - R:localhost/127.0.0.1:15377]' for 'POST' to 'http://localhost:15377/session/6ab24aed95e118a430234de4ad787023/element/92a0408d-75a7-40af-b66b-5d8cbdc86f2b/click'
20:20:09.223 [Forwarding clickElement on session 6ab24aed95e118a430234de4ad787023 to remote] DEBUG org.asynchttpclient.netty.request.NettyRequestSender - Using open Channel [id: 0xc281c0b0, L:/127.0.0.1:55325 - R:localhost/127.0.0.1:15377] for POST '/session/6ab24aed95e118a430234de4ad787023/element/92a0408d-75a7-40af-b66b-5d8cbdc86f2b/click'
20:20:09.298 [AsyncHttpClient-1-3] DEBUG org.asynchttpclient.netty.handler.HttpHandler - 

Request DefaultHttpRequest(decodeResult: success, version: HTTP/1.1)
POST /session/6ab24aed95e118a430234de4ad787023/element/92a0408d-75a7-40af-b66b-5d8cbdc86f2b/click HTTP/1.1
User-Agent: selenium/4.8.1 (java windows)
Content-Length: 50
Content-Type: application/json; charset=utf-8
host: localhost:15377
accept: */*

Response DefaultHttpResponse(decodeResult: success, version: HTTP/1.1)
HTTP/1.1 200 OK
Content-Length: 14
Content-Type: application/json; charset=utf-8
cache-control: no-cache

20:20:09.298 [AsyncHttpClient-1-3] DEBUG org.asynchttpclient.netty.channel.ChannelManager - Adding key: http://localhost:15377 for channel [id: 0xc281c0b0, L:/127.0.0.1:55325 - R:localhost/127.0.0.1:15377]
20:20:09.301 [Forwarding getAlertText on session 6ab24aed95e118a430234de4ad787023 to remote] DEBUG org.asynchttpclient.netty.request.NettyRequestSender - Using pooled Channel '[id: 0xc281c0b0, L:/127.0.0.1:55325 - R:localhost/127.0.0.1:15377]' for 'GET' to 'http://localhost:15377/session/6ab24aed95e118a430234de4ad787023/alert/text'
20:20:09.301 [Forwarding getAlertText on session 6ab24aed95e118a430234de4ad787023 to remote] DEBUG org.asynchttpclient.netty.request.NettyRequestSender - Using open Channel [id: 0xc281c0b0, L:/127.0.0.1:55325 - R:localhost/127.0.0.1:15377] for GET '/session/6ab24aed95e118a430234de4ad787023/alert/text'
20:20:09.303 [AsyncHttpClient-1-3] DEBUG org.asynchttpclient.netty.handler.HttpHandler - 

Request DefaultFullHttpRequest(decodeResult: success, version: HTTP/1.1, content: EmptyByteBufBE)
GET /session/6ab24aed95e118a430234de4ad787023/alert/text HTTP/1.1
User-Agent: selenium/4.8.1 (java windows)
Cache-Control: no-cache
Content-Type: application/json; charset=utf-8
host: localhost:15377
accept: */*

Response DefaultHttpResponse(decodeResult: success, version: HTTP/1.1)
HTTP/1.1 404 Not Found
Content-Length: 836
Content-Type: application/json; charset=utf-8
cache-control: no-cache

20:20:09.303 [AsyncHttpClient-1-3] DEBUG org.asynchttpclient.netty.channel.ChannelManager - Adding key: http://localhost:15377 for channel [id: 0xc281c0b0, L:/127.0.0.1:55325 - R:localhost/127.0.0.1:15377]
20:20:09.303 [Forwarding getCurrentUrl on session 6ab24aed95e118a430234de4ad787023 to remote] DEBUG org.asynchttpclient.netty.request.NettyRequestSender - Using pooled Channel '[id: 0xc281c0b0, L:/127.0.0.1:55325 - R:localhost/127.0.0.1:15377]' for 'GET' to 'http://localhost:15377/session/6ab24aed95e118a430234de4ad787023/url'
20:20:09.303 [Forwarding getCurrentUrl on session 6ab24aed95e118a430234de4ad787023 to remote] DEBUG org.asynchttpclient.netty.request.NettyRequestSender - Using open Channel [id: 0xc281c0b0, L:/127.0.0.1:55325 - R:localhost/127.0.0.1:15377] for GET '/session/6ab24aed95e118a430234de4ad787023/url'
20:20:09.306 [AsyncHttpClient-1-3] DEBUG org.asynchttpclient.netty.handler.HttpHandler - 

Request DefaultFullHttpRequest(decodeResult: success, version: HTTP/1.1, content: EmptyByteBufBE)
GET /session/6ab24aed95e118a430234de4ad787023/url HTTP/1.1
User-Agent: selenium/4.8.1 (java windows)
Cache-Control: no-cache
Content-Type: application/json; charset=utf-8
host: localhost:15377
accept: */*

Response DefaultHttpResponse(decodeResult: success, version: HTTP/1.1)
HTTP/1.1 200 OK
Content-Length: 41
Content-Type: application/json; charset=utf-8
cache-control: no-cache

20:20:09.306 [AsyncHttpClient-1-3] DEBUG org.asynchttpclient.netty.channel.ChannelManager - Adding key: http://localhost:15377 for channel [id: 0xc281c0b0, L:/127.0.0.1:55325 - R:localhost/127.0.0.1:15377]
20:20:09.306 [Forwarding screenshot on session 6ab24aed95e118a430234de4ad787023 to remote] DEBUG org.asynchttpclient.netty.request.NettyRequestSender - Using pooled Channel '[id: 0xc281c0b0, L:/127.0.0.1:55325 - R:localhost/127.0.0.1:15377]' for 'GET' to 'http://localhost:15377/session/6ab24aed95e118a430234de4ad787023/screenshot'
20:20:09.306 [Forwarding screenshot on session 6ab24aed95e118a430234de4ad787023 to remote] DEBUG org.asynchttpclient.netty.request.NettyRequestSender - Using open Channel [id: 0xc281c0b0, L:/127.0.0.1:55325 - R:localhost/127.0.0.1:15377] for GET '/session/6ab24aed95e118a430234de4ad787023/screenshot'
20:20:09.393 [AsyncHttpClient-1-3] DEBUG org.asynchttpclient.netty.handler.HttpHandler - 

Request DefaultFullHttpRequest(decodeResult: success, version: HTTP/1.1, content: EmptyByteBufBE)
GET /session/6ab24aed95e118a430234de4ad787023/screenshot HTTP/1.1
User-Agent: selenium/4.8.1 (java windows)
Cache-Control: no-cache
Content-Type: application/json; charset=utf-8
host: localhost:15377
accept: */*

Response DefaultHttpResponse(decodeResult: success, version: HTTP/1.1)
HTTP/1.1 200 OK
Content-Length: 34264
Content-Type: application/json; charset=utf-8
cache-control: no-cache

20:20:09.393 [AsyncHttpClient-1-3] DEBUG org.asynchttpclient.netty.channel.ChannelManager - Adding key: http://localhost:15377 for channel [id: 0xc281c0b0, L:/127.0.0.1:55325 - R:localhost/127.0.0.1:15377]
20:20:09.394 [main] DEBUG net.serenitybdd.core.photography.Darkroom - Send negative for processing for target\site\serenity\09b58feca45102aa7bedf59ce45f1415115792f482eafd43836897a8a5a3b78d.png
20:20:09.394 [main] DEBUG net.thucydides.core.steps.StepInterceptor - STEP DONE: clickGamingCategory
  &amp#27;[32mWhen &amp#27;[0m&amp#27;[32mI click gaming category&amp#27;[0m                           &amp#27;[90m# starter.stepdefinitions.CategorySteps.clickGamingCategory()&amp#27;[0m
20:20:09.394 [Darkroom Processing Line] DEBUG net.serenitybdd.core.photography.DarkroomProcessingLine - Processing screenshot image in /var/screenshots/screenshot-16811765236838766205
20:20:09.394 [Darkroom Processing Line] DEBUG net.serenitybdd.core.photography.DarkroomProcessingLine - Saving screenshot to target\site\serenity\09b58feca45102aa7bedf59ce45f1415115792f482eafd43836897a8a5a3b78d.png
20:20:09.400 [Forwarding getPageSource on session 6ab24aed95e118a430234de4ad787023 to remote] DEBUG org.asynchttpclient.netty.request.NettyRequestSender - Using pooled Channel '[id: 0xc281c0b0, L:/127.0.0.1:55325 - R:localhost/127.0.0.1:15377]' for 'POST' to 'http://localhost:15377/session/6ab24aed95e118a430234de4ad787023/execute/sync'
20:20:09.400 [Forwarding getPageSource on session 6ab24aed95e118a430234de4ad787023 to remote] DEBUG org.asynchttpclient.netty.request.NettyRequestSender - Using open Channel [id: 0xc281c0b0, L:/127.0.0.1:55325 - R:localhost/127.0.0.1:15377] for POST '/session/6ab24aed95e118a430234de4ad787023/execute/sync'
20:20:09.404 [AsyncHttpClient-1-3] DEBUG org.asynchttpclient.netty.handler.HttpHandler - 

Request DefaultHttpRequest(decodeResult: success, version: HTTP/1.1)
POST /session/6ab24aed95e118a430234de4ad787023/execute/sync HTTP/1.1
User-Agent: selenium/4.8.1 (java windows)
Content-Length: 176
Content-Type: application/json; charset=utf-8
host: localhost:15377
accept: */*

Response DefaultHttpResponse(decodeResult: success, version: HTTP/1.1)
HTTP/1.1 200 OK
Content-Length: 27995
Content-Type: application/json; charset=utf-8
cache-control: no-cache

20:20:09.404 [AsyncHttpClient-1-3] DEBUG org.asynchttpclient.netty.channel.ChannelManager - Adding key: http://localhost:15377 for channel [id: 0xc281c0b0, L:/127.0.0.1:55325 - R:localhost/127.0.0.1:15377]
20:20:09.406 [Forwarding getCurrentUrl on session 6ab24aed95e118a430234de4ad787023 to remote] DEBUG org.asynchttpclient.netty.request.NettyRequestSender - Using pooled Channel '[id: 0xc281c0b0, L:/127.0.0.1:55325 - R:localhost/127.0.0.1:15377]' for 'GET' to 'http://localhost:15377/session/6ab24aed95e118a430234de4ad787023/url'
20:20:09.406 [Forwarding getCurrentUrl on session 6ab24aed95e118a430234de4ad787023 to remote] DEBUG org.asynchttpclient.netty.request.NettyRequestSender - Using open Channel [id: 0xc281c0b0, L:/127.0.0.1:55325 - R:localhost/127.0.0.1:15377] for GET '/session/6ab24aed95e118a430234de4ad787023/url'
20:20:09.408 [AsyncHttpClient-1-3] DEBUG org.asynchttpclient.netty.handler.HttpHandler - 

Request DefaultFullHttpRequest(decodeResult: success, version: HTTP/1.1, content: EmptyByteBufBE)
GET /session/6ab24aed95e118a430234de4ad787023/url HTTP/1.1
User-Agent: selenium/4.8.1 (java windows)
Cache-Control: no-cache
Content-Type: application/json; charset=utf-8
host: localhost:15377
accept: */*

Response DefaultHttpResponse(decodeResult: success, version: HTTP/1.1)
HTTP/1.1 200 OK
Content-Length: 41
Content-Type: application/json; charset=utf-8
cache-control: no-cache

20:20:09.409 [AsyncHttpClient-1-3] DEBUG org.asynchttpclient.netty.channel.ChannelManager - Adding key: http://localhost:15377 for channel [id: 0xc281c0b0, L:/127.0.0.1:55325 - R:localhost/127.0.0.1:15377]
20:20:09.416 [Forwarding getPageSource on session 6ab24aed95e118a430234de4ad787023 to remote] DEBUG org.asynchttpclient.netty.request.NettyRequestSender - Using pooled Channel '[id: 0xc281c0b0, L:/127.0.0.1:55325 - R:localhost/127.0.0.1:15377]' for 'POST' to 'http://localhost:15377/session/6ab24aed95e118a430234de4ad787023/execute/sync'
20:20:09.416 [Forwarding getPageSource on session 6ab24aed95e118a430234de4ad787023 to remote] DEBUG org.asynchttpclient.netty.request.NettyRequestSender - Using open Channel [id: 0xc281c0b0, L:/127.0.0.1:55325 - R:localhost/127.0.0.1:15377] for POST '/session/6ab24aed95e118a430234de4ad787023/execute/sync'
20:20:09.422 [AsyncHttpClient-1-3] DEBUG org.asynchttpclient.netty.handler.HttpHandler - 

Request DefaultHttpRequest(decodeResult: success, version: HTTP/1.1)
POST /session/6ab24aed95e118a430234de4ad787023/execute/sync HTTP/1.1
User-Agent: selenium/4.8.1 (java windows)
Content-Length: 176
Content-Type: application/json; charset=utf-8
host: localhost:15377
accept: */*

Response DefaultHttpResponse(decodeResult: success, version: HTTP/1.1)
HTTP/1.1 200 OK
Content-Length: 27995
Content-Type: application/json; charset=utf-8
cache-control: no-cache

20:20:09.422 [AsyncHttpClient-1-3] DEBUG org.asynchttpclient.netty.channel.ChannelManager - Adding key: http://localhost:15377 for channel [id: 0xc281c0b0, L:/127.0.0.1:55325 - R:localhost/127.0.0.1:15377]
20:20:09.424 [Forwarding getCurrentUrl on session 6ab24aed95e118a430234de4ad787023 to remote] DEBUG org.asynchttpclient.netty.request.NettyRequestSender - Using pooled Channel '[id: 0xc281c0b0, L:/127.0.0.1:55325 - R:localhost/127.0.0.1:15377]' for 'GET' to 'http://localhost:15377/session/6ab24aed95e118a430234de4ad787023/url'
20:20:09.424 [Forwarding getCurrentUrl on session 6ab24aed95e118a430234de4ad787023 to remote] DEBUG org.asynchttpclient.netty.request.NettyRequestSender - Using open Channel [id: 0xc281c0b0, L:/127.0.0.1:55325 - R:localhost/127.0.0.1:15377] for GET '/session/6ab24aed95e118a430234de4ad787023/url'
20:20:09.428 [AsyncHttpClient-1-3] DEBUG org.asynchttpclient.netty.handler.HttpHandler - 

Request DefaultFullHttpRequest(decodeResult: success, version: HTTP/1.1, content: EmptyByteBufBE)
GET /session/6ab24aed95e118a430234de4ad787023/url HTTP/1.1
User-Agent: selenium/4.8.1 (java windows)
Cache-Control: no-cache
Content-Type: application/json; charset=utf-8
host: localhost:15377
accept: */*

Response DefaultHttpResponse(decodeResult: success, version: HTTP/1.1)
HTTP/1.1 200 OK
Content-Length: 41
Content-Type: application/json; charset=utf-8
cache-control: no-cache

20:20:09.428 [AsyncHttpClient-1-3] DEBUG org.asynchttpclient.netty.channel.ChannelManager - Adding key: http://localhost:15377 for channel [id: 0xc281c0b0, L:/127.0.0.1:55325 - R:localhost/127.0.0.1:15377]
20:20:09.430 [main] DEBUG net.thucydides.core.steps.StepInterceptor - STARTING STEP: CategorySteps.validateOnGamingCategoryProduct - validateGamingCategoryAlert
20:20:09.432 [Forwarding findElement on session 6ab24aed95e118a430234de4ad787023 to remote] DEBUG org.asynchttpclient.netty.request.NettyRequestSender - Using pooled Channel '[id: 0xc281c0b0, L:/127.0.0.1:55325 - R:localhost/127.0.0.1:15377]' for 'POST' to 'http://localhost:15377/session/6ab24aed95e118a430234de4ad787023/element'
20:20:09.432 [Forwarding findElement on session 6ab24aed95e118a430234de4ad787023 to remote] DEBUG org.asynchttpclient.netty.request.NettyRequestSender - Using open Channel [id: 0xc281c0b0, L:/127.0.0.1:55325 - R:localhost/127.0.0.1:15377] for POST '/session/6ab24aed95e118a430234de4ad787023/element'
20:20:09.448 [AsyncHttpClient-1-3] DEBUG org.asynchttpclient.netty.handler.HttpHandler - 

Request DefaultHttpRequest(decodeResult: success, version: HTTP/1.1)
POST /session/6ab24aed95e118a430234de4ad787023/element HTTP/1.1
User-Agent: selenium/4.8.1 (java windows)
Content-Length: 137
Content-Type: application/json; charset=utf-8
host: localhost:15377
accept: */*

Response DefaultHttpResponse(decodeResult: success, version: HTTP/1.1)
HTTP/1.1 200 OK
Content-Length: 88
Content-Type: application/json; charset=utf-8
cache-control: no-cache

20:20:09.448 [AsyncHttpClient-1-3] DEBUG org.asynchttpclient.netty.channel.ChannelManager - Adding key: http://localhost:15377 for channel [id: 0xc281c0b0, L:/127.0.0.1:55325 - R:localhost/127.0.0.1:15377]
20:20:09.450 [Forwarding isElementDisplayed on session 6ab24aed95e118a430234de4ad787023 to remote] DEBUG org.asynchttpclient.netty.request.NettyRequestSender - Using pooled Channel '[id: 0xc281c0b0, L:/127.0.0.1:55325 - R:localhost/127.0.0.1:15377]' for 'POST' to 'http://localhost:15377/session/6ab24aed95e118a430234de4ad787023/execute/sync'
20:20:09.450 [Forwarding isElementDisplayed on session 6ab24aed95e118a430234de4ad787023 to remote] DEBUG org.asynchttpclient.netty.request.NettyRequestSender - Using open Channel [id: 0xc281c0b0, L:/127.0.0.1:55325 - R:localhost/127.0.0.1:15377] for POST '/session/6ab24aed95e118a430234de4ad787023/execute/sync'
20:20:09.464 [AsyncHttpClient-1-3] DEBUG org.asynchttpclient.netty.handler.HttpHandler - 

Request DefaultHttpRequest(decodeResult: success, version: HTTP/1.1)
POST /session/6ab24aed95e118a430234de4ad787023/execute/sync HTTP/1.1
User-Agent: selenium/4.8.1 (java windows)
Content-Length: 48807
Content-Type: application/json; charset=utf-8
host: localhost:15377
accept: */*

Response DefaultHttpResponse(decodeResult: success, version: HTTP/1.1)
HTTP/1.1 200 OK
Content-Length: 14
Content-Type: application/json; charset=utf-8
cache-control: no-cache

20:20:09.464 [AsyncHttpClient-1-3] DEBUG org.asynchttpclient.netty.channel.ChannelManager - Adding key: http://localhost:15377 for channel [id: 0xc281c0b0, L:/127.0.0.1:55325 - R:localhost/127.0.0.1:15377]
20:20:09.470 [Forwarding getAlertText on session 6ab24aed95e118a430234de4ad787023 to remote] DEBUG org.asynchttpclient.netty.request.NettyRequestSender - Using pooled Channel '[id: 0xc281c0b0, L:/127.0.0.1:55325 - R:localhost/127.0.0.1:15377]' for 'GET' to 'http://localhost:15377/session/6ab24aed95e118a430234de4ad787023/alert/text'
20:20:09.470 [Forwarding getAlertText on session 6ab24aed95e118a430234de4ad787023 to remote] DEBUG org.asynchttpclient.netty.request.NettyRequestSender - Using open Channel [id: 0xc281c0b0, L:/127.0.0.1:55325 - R:localhost/127.0.0.1:15377] for GET '/session/6ab24aed95e118a430234de4ad787023/alert/text'
20:20:09.472 [AsyncHttpClient-1-3] DEBUG org.asynchttpclient.netty.handler.HttpHandler - 

Request DefaultFullHttpRequest(decodeResult: success, version: HTTP/1.1, content: EmptyByteBufBE)
GET /session/6ab24aed95e118a430234de4ad787023/alert/text HTTP/1.1
User-Agent: selenium/4.8.1 (java windows)
Cache-Control: no-cache
Content-Type: application/json; charset=utf-8
host: localhost:15377
accept: */*

Response DefaultHttpResponse(decodeResult: success, version: HTTP/1.1)
HTTP/1.1 404 Not Found
Content-Length: 836
Content-Type: application/json; charset=utf-8
cache-control: no-cache

20:20:09.472 [AsyncHttpClient-1-3] DEBUG org.asynchttpclient.netty.channel.ChannelManager - Adding key: http://localhost:15377 for channel [id: 0xc281c0b0, L:/127.0.0.1:55325 - R:localhost/127.0.0.1:15377]
20:20:09.473 [Forwarding getCurrentUrl on session 6ab24aed95e118a430234de4ad787023 to remote] DEBUG org.asynchttpclient.netty.request.NettyRequestSender - Using pooled Channel '[id: 0xc281c0b0, L:/127.0.0.1:55325 - R:localhost/127.0.0.1:15377]' for 'GET' to 'http://localhost:15377/session/6ab24aed95e118a430234de4ad787023/url'
20:20:09.473 [Forwarding getCurrentUrl on session 6ab24aed95e118a430234de4ad787023 to remote] DEBUG org.asynchttpclient.netty.request.NettyRequestSender - Using open Channel [id: 0xc281c0b0, L:/127.0.0.1:55325 - R:localhost/127.0.0.1:15377] for GET '/session/6ab24aed95e118a430234de4ad787023/url'
20:20:09.478 [AsyncHttpClient-1-3] DEBUG org.asynchttpclient.netty.handler.HttpHandler - 

Request DefaultFullHttpRequest(decodeResult: success, version: HTTP/1.1, content: EmptyByteBufBE)
GET /session/6ab24aed95e118a430234de4ad787023/url HTTP/1.1
User-Agent: selenium/4.8.1 (java windows)
Cache-Control: no-cache
Content-Type: application/json; charset=utf-8
host: localhost:15377
accept: */*

Response DefaultHttpResponse(decodeResult: success, version: HTTP/1.1)
HTTP/1.1 200 OK
Content-Length: 41
Content-Type: application/json; charset=utf-8
cache-control: no-cache

20:20:09.478 [AsyncHttpClient-1-3] DEBUG org.asynchttpclient.netty.channel.ChannelManager - Adding key: http://localhost:15377 for channel [id: 0xc281c0b0, L:/127.0.0.1:55325 - R:localhost/127.0.0.1:15377]
20:20:09.479 [Forwarding screenshot on session 6ab24aed95e118a430234de4ad787023 to remote] DEBUG org.asynchttpclient.netty.request.NettyRequestSender - Using pooled Channel '[id: 0xc281c0b0, L:/127.0.0.1:55325 - R:localhost/127.0.0.1:15377]' for 'GET' to 'http://localhost:15377/session/6ab24aed95e118a430234de4ad787023/screenshot'
20:20:09.479 [Forwarding screenshot on session 6ab24aed95e118a430234de4ad787023 to remote] DEBUG org.asynchttpclient.netty.request.NettyRequestSender - Using open Channel [id: 0xc281c0b0, L:/127.0.0.1:55325 - R:localhost/127.0.0.1:15377] for GET '/session/6ab24aed95e118a430234de4ad787023/screenshot'
20:20:09.603 [AsyncHttpClient-1-3] DEBUG org.asynchttpclient.netty.handler.HttpHandler - 

Request DefaultFullHttpRequest(decodeResult: success, version: HTTP/1.1, content: EmptyByteBufBE)
GET /session/6ab24aed95e118a430234de4ad787023/screenshot HTTP/1.1
User-Agent: selenium/4.8.1 (java windows)
Cache-Control: no-cache
Content-Type: application/json; charset=utf-8
host: localhost:15377
accept: */*

Response DefaultHttpResponse(decodeResult: success, version: HTTP/1.1)
HTTP/1.1 200 OK
Content-Length: 25220
Content-Type: application/json; charset=utf-8
cache-control: no-cache

20:20:09.603 [AsyncHttpClient-1-3] DEBUG org.asynchttpclient.netty.channel.ChannelManager - Adding key: http://localhost:15377 for channel [id: 0xc281c0b0, L:/127.0.0.1:55325 - R:localhost/127.0.0.1:15377]
20:20:09.603 [main] DEBUG net.serenitybdd.core.photography.Darkroom - Send negative for processing for target\site\serenity\810ac31e02346117b754c02f364b6300cbe5f2a84e2537d2db39fea47a6d12b5.png
20:20:09.604 [main] DEBUG net.thucydides.core.steps.StepInterceptor - STEP DONE: validateGamingCategoryAlert
  &amp#27;[32mThen &amp#27;[0m&amp#27;[32mI should be redirected to gaming category product&amp#27;[0m &amp#27;[90m# starter.stepdefinitions.CategorySteps.validateOnGamingCategoryProduct()&amp#27;[0m
20:20:09.604 [Darkroom Processing Line] DEBUG net.serenitybdd.core.photography.DarkroomProcessingLine - Processing screenshot image in /var/screenshots/screenshot-7148527617567650478
20:20:09.604 [Darkroom Processing Line] DEBUG net.serenitybdd.core.photography.DarkroomProcessingLine - Saving screenshot to target\site\serenity\810ac31e02346117b754c02f364b6300cbe5f2a84e2537d2db39fea47a6d12b5.png
20:20:09.609 [main] INFO  - 
  _____   ___   ___   _____     ___     _     ___   ___   ___   ___  
 |_   _| | __| / __| |_   _|   | _ \   /_\   / __| / __| | __| |   \ 
   | |   | _|  \__ \   | |     |  _/  / _ \  \__ \ \__ \ | _|  | |) |
   |_|   |___| |___/   |_|     |_|   /_/ \_\ |___/ |___/ |___| |___/ 

Select category
----------------------------------------------------------------------
20:20:09.609 [AsyncHttpClient-1-5] DEBUG org.asynchttpclient.netty.handler.WebSocketHandler - Channel Closed: [id: 0x5ff9f902, L:/127.0.0.1:55334 ! R:localhost/127.0.0.1:55326] with attribute NettyResponseFuture{currentRetry=0,
	isDone=1,
	isCancelled=0,
	asyncHandler=org.asynchttpclient.ws.WebSocketUpgradeHandler@242c0e36,
	nettyRequest=org.asynchttpclient.netty.request.NettyRequest@502371d3,
	future=java.util.concurrent.CompletableFuture@413d1af8[Completed normally],
	uri=ws://localhost:55326/devtools/browser/74acb3f8-ffb6-4f55-9376-26e39fe8046e,
	keepAlive=true,
	redirectCount=0,
	timeoutsHolder=null,
	inAuth=0,
	touch=1683379207149}
20:20:09.609 [AsyncHttpClient-1-5] DEBUG org.asynchttpclient.netty.channel.ChannelManager - Closing Channel [id: 0x5ff9f902, L:/127.0.0.1:55334 ! R:localhost/127.0.0.1:55326] 
20:20:09.609 [Driver Command Executor] DEBUG org.asynchttpclient.netty.request.NettyRequestSender - Using pooled Channel '[id: 0xc281c0b0, L:/127.0.0.1:55325 - R:localhost/127.0.0.1:15377]' for 'DELETE' to 'http://localhost:15377/session/6ab24aed95e118a430234de4ad787023'
20:20:09.609 [Driver Command Executor] DEBUG org.asynchttpclient.netty.request.NettyRequestSender - Using open Channel [id: 0xc281c0b0, L:/127.0.0.1:55325 - R:localhost/127.0.0.1:15377] for DELETE '/session/6ab24aed95e118a430234de4ad787023'
20:20:09.628 [AsyncHttpClient-1-4] DEBUG org.asynchttpclient.netty.handler.HttpHandler - Unexpected I/O exception on channel [id: 0x93171aec, L:/127.0.0.1:55333 - R:localhost/127.0.0.1:55326]
java.net.SocketException: Connection reset
	at java.base/sun.nio.ch.SocketChannelImpl.throwConnectionReset(SocketChannelImpl.java:367)
	at java.base/sun.nio.ch.SocketChannelImpl.read(SocketChannelImpl.java:398)
	at io.netty.buffer.PooledByteBuf.setBytes(PooledByteBuf.java:259)
	at io.netty.buffer.AbstractByteBuf.writeBytes(AbstractByteBuf.java:1132)
	at io.netty.channel.socket.nio.NioSocketChannel.doReadBytes(NioSocketChannel.java:357)
	at io.netty.channel.nio.AbstractNioByteChannel$NioByteUnsafe.read(AbstractNioByteChannel.java:151)
	at io.netty.channel.nio.NioEventLoop.processSelectedKey(NioEventLoop.java:788)
	at io.netty.channel.nio.NioEventLoop.processSelectedKeysOptimized(NioEventLoop.java:724)
	at io.netty.channel.nio.NioEventLoop.processSelectedKeys(NioEventLoop.java:650)
	at io.netty.channel.nio.NioEventLoop.run(NioEventLoop.java:562)
	at io.netty.util.concurrent.SingleThreadEventExecutor$4.run(SingleThreadEventExecutor.java:997)
	at io.netty.util.internal.ThreadExecutorMap$2.run(ThreadExecutorMap.java:74)
	at io.netty.util.concurrent.FastThreadLocalRunnable.run(FastThreadLocalRunnable.java:30)
	at java.base/java.lang.Thread.run(Thread.java:832)
20:20:09.628 [AsyncHttpClient-1-4] DEBUG org.asynchttpclient.netty.channel.ChannelManager - Closing Channel [id: 0x93171aec, L:/127.0.0.1:55333 - R:localhost/127.0.0.1:55326] 
20:20:09.628 [AsyncHttpClient-1-4] DEBUG org.asynchttpclient.netty.handler.HttpHandler - Channel Closed: [id: 0x93171aec, L:/127.0.0.1:55333 ! R:localhost/127.0.0.1:55326] with attribute DISCARD
20:20:09.637 [AsyncHttpClient-1-3] DEBUG org.asynchttpclient.netty.handler.HttpHandler - 

Request DefaultFullHttpRequest(decodeResult: success, version: HTTP/1.1, content: EmptyByteBufBE)
DELETE /session/6ab24aed95e118a430234de4ad787023 HTTP/1.1
User-Agent: selenium/4.8.1 (java windows)
Content-Type: application/json; charset=utf-8
host: localhost:15377
accept: */*

Response DefaultHttpResponse(decodeResult: success, version: HTTP/1.1)
HTTP/1.1 200 OK
Content-Length: 14
Content-Type: application/json; charset=utf-8
cache-control: no-cache

20:20:09.637 [AsyncHttpClient-1-3] DEBUG org.asynchttpclient.netty.channel.ChannelManager - Adding key: http://localhost:15377 for channel [id: 0xc281c0b0, L:/127.0.0.1:55325 - R:localhost/127.0.0.1:15377]
20:20:09.748 [AsyncHttpClient-1-3] DEBUG org.asynchttpclient.netty.handler.HttpHandler - Channel Closed: [id: 0xc281c0b0, L:/127.0.0.1:55325 ! R:localhost/127.0.0.1:15377] with attribute DISCARD
20:20:10.253 [AsyncHttpClient-1-1] DEBUG org.asynchttpclient.netty.channel.DefaultChannelPool - Entry count for : http://localhost:15377 : 1
20:20:10.253 [AsyncHttpClient-1-1] DEBUG org.asynchttpclient.netty.channel.DefaultChannelPool - Entry count for : http://localhost:55326 : 1
20:20:10.253 [AsyncHttpClient-1-1] DEBUG org.asynchttpclient.netty.channel.DefaultChannelPool - Adding Candidate expired Channel [id: 0xc281c0b0, L:/127.0.0.1:55325 ! R:localhost/127.0.0.1:15377] isIdleTimeoutExpired=false isRemotelyClosed=true isTtlExpired=false
20:20:10.253 [AsyncHttpClient-1-1] DEBUG org.asynchttpclient.netty.channel.DefaultChannelPool - Closing Idle Channel [id: 0xc281c0b0, L:/127.0.0.1:55325 ! R:localhost/127.0.0.1:15377]
20:20:10.253 [AsyncHttpClient-1-1] DEBUG org.asynchttpclient.netty.channel.DefaultChannelPool - Adding Candidate expired Channel [id: 0x93171aec, L:/127.0.0.1:55333 ! R:localhost/127.0.0.1:55326] isIdleTimeoutExpired=false isRemotelyClosed=true isTtlExpired=false
20:20:10.253 [AsyncHttpClient-1-1] DEBUG org.asynchttpclient.netty.channel.DefaultChannelPool - Closing Idle Channel [id: 0x93171aec, L:/127.0.0.1:55333 ! R:localhost/127.0.0.1:55326]
20:20:10.253 [AsyncHttpClient-1-1] DEBUG org.asynchttpclient.netty.channel.DefaultChannelPool - Closed 2 connections out of 2 in 0 ms
]]></system-out>
    <system-err><![CDATA[Starting ChromeDriver 111.0.5563.64 (c710e93d5b63b7095afe8c2c17df34408078439d-refs/branch-heads/5563@{#995}) on port 15377
Only local connections are allowed.
Please see https://chromedriver.chromium.org/security-considerations for suggestions on keeping ChromeDriver safe.
ChromeDriver was started successfully.
[1683379207.131][WARNING]: This version of ChromeDriver has not been tested with Chrome version 112.
May 06, 2023 8:20:07 PM org.openqa.selenium.devtools.CdpVersionFinder findNearestMatch
WARNING: Unable to find an exact match for CDP version 112, so returning the closest version found: 110
]]></system-err>
  </testcase>
  <testcase name="Clear category" classname="Category" time="5.108">
    <system-out><![CDATA[
Scenario: Clear category                                     &amp#27;[90m# src/test/resources/features/4. Category.feature:13&amp#27;[0m
20:20:10.265 [main] DEBUG io.cucumber.core.plugin.SerenityReporter - Running feature from file:///C:/Users/WINDOWS%2010/Documents/GitHub/MiniProject_QE/Web/code/minpro/src/test/resources/features/4.%20Category.feature
20:20:10.269 [main] INFO  - 
  _____   ___   ___   _____     ___   _____     _     ___   _____   ___   ___  
 |_   _| | __| / __| |_   _|   / __| |_   _|   /_\   | _ \ |_   _| | __| |   \ 
   | |   | _|  \__ \   | |     \__ \   | |    / _ \  |   /   | |   | _|  | |) |
   |_|   |___| |___/   |_|     |___/   |_|   /_/ \_\ |_|_\   |_|   |___| |___/ 

Clear category(category;clear-category)
--------------------------------------------------------------------------------
20:20:10.310 [main] DEBUG net.thucydides.core.steps.StepInterceptor - STARTING STEP: CategorySteps.goToHomePage - openPage
20:20:10.367 [main] INFO net.serenitybdd.core.webdriver.driverproviders.ChromeDriverProvider - Starting Chrome driver instance with capabilities:
20:20:10.368 [main] INFO net.serenitybdd.core.webdriver.driverproviders.ChromeDriverProvider - Capabilities {acceptInsecureCerts: false, browserName: chrome, goog:chromeOptions: {args: [remote-allow-origins=*], extensions: []}}
20:20:10.961 [AsyncHttpClient-1-6] DEBUG org.asynchttpclient.netty.channel.NettyConnectListener - Using new Channel '[id: 0xe643dc5d, L:/127.0.0.1:55362 - R:localhost/127.0.0.1:26782]' for 'POST' to '/session'
20:20:11.620 [AsyncHttpClient-1-6] DEBUG org.asynchttpclient.netty.handler.HttpHandler - 

Request DefaultHttpRequest(decodeResult: success, version: HTTP/1.1)
POST /session HTTP/1.1
User-Agent: selenium/4.8.1 (java windows)
Content-Length: 507
Content-Type: application/json; charset=utf-8
host: localhost:26782
accept: */*

Response DefaultHttpResponse(decodeResult: success, version: HTTP/1.1)
HTTP/1.1 200 OK
Content-Length: 863
Content-Type: application/json; charset=utf-8
cache-control: no-cache

20:20:11.620 [AsyncHttpClient-1-6] DEBUG org.asynchttpclient.netty.channel.ChannelManager - Adding key: http://localhost:26782 for channel [id: 0xe643dc5d, L:/127.0.0.1:55362 - R:localhost/127.0.0.1:26782]
20:20:11.625 [AsyncHttpClient-1-7] DEBUG org.asynchttpclient.netty.channel.NettyConnectListener - Using new Channel '[id: 0x52e16550, L:/127.0.0.1:55369 - R:localhost/127.0.0.1:55363]' for 'GET' to '/json/version'
20:20:11.625 [AsyncHttpClient-1-7] DEBUG org.asynchttpclient.netty.handler.HttpHandler - 

Request DefaultFullHttpRequest(decodeResult: success, version: HTTP/1.1, content: EmptyByteBufBE)
GET /json/version HTTP/1.1
User-Agent: selenium/4.8.1 (java windows)
host: localhost:55363
accept: */*

Response DefaultHttpResponse(decodeResult: success, version: HTTP/1.1)
HTTP/1.1 200 OK
Content-Security-Policy: frame-ancestors 'none'
Content-Length: 424
Content-Type: application/json; charset=UTF-8

20:20:11.625 [AsyncHttpClient-1-7] DEBUG org.asynchttpclient.netty.channel.ChannelManager - Adding key: http://localhost:55363 for channel [id: 0x52e16550, L:/127.0.0.1:55369 - R:localhost/127.0.0.1:55363]
20:20:11.627 [AsyncHttpClient-1-8] DEBUG org.asynchttpclient.netty.channel.NettyConnectListener - Using new Channel '[id: 0xb750d3e0, L:/127.0.0.1:55370 - R:localhost/127.0.0.1:55363]' for 'GET' to '/devtools/browser/4a6bc518-94af-4beb-835d-aeb0b6e507dc'
20:20:11.628 [AsyncHttpClient-1-8] DEBUG org.asynchttpclient.netty.handler.WebSocketHandler - 

Request DefaultFullHttpRequest(decodeResult: success, version: HTTP/1.1, content: EmptyByteBufBE)
GET /devtools/browser/4a6bc518-94af-4beb-835d-aeb0b6e507dc HTTP/1.1
upgrade: websocket
connection: upgrade
sec-websocket-key: THSw+ZfM7QvqYeiNEKY1/g==
sec-websocket-version: 13
origin: http://localhost:55363
host: localhost:55363
accept: */*
user-agent: AHC/2.1

Response DefaultHttpResponse(decodeResult: success, version: HTTP/1.1)
HTTP/1.1 101 WebSocket Protocol Handshake
Upgrade: WebSocket
Connection: Upgrade
Sec-WebSocket-Accept: /RZ0bKGWR4VEGRB0PPuIixuN+J8=

20:20:11.631 [Forwarding get on session a40144a8ccbc887ede7c633b27274608 to remote] DEBUG org.asynchttpclient.netty.request.NettyRequestSender - Using pooled Channel '[id: 0xe643dc5d, L:/127.0.0.1:55362 - R:localhost/127.0.0.1:26782]' for 'POST' to 'http://localhost:26782/session/a40144a8ccbc887ede7c633b27274608/url'
20:20:11.631 [Forwarding get on session a40144a8ccbc887ede7c633b27274608 to remote] DEBUG org.asynchttpclient.netty.request.NettyRequestSender - Using open Channel [id: 0xe643dc5d, L:/127.0.0.1:55362 - R:localhost/127.0.0.1:26782] for POST '/session/a40144a8ccbc887ede7c633b27274608/url'
20:20:12.440 [AsyncHttpClient-1-6] DEBUG org.asynchttpclient.netty.handler.HttpHandler - 

Request DefaultHttpRequest(decodeResult: success, version: HTTP/1.1)
POST /session/a40144a8ccbc887ede7c633b27274608/url HTTP/1.1
User-Agent: selenium/4.8.1 (java windows)
Content-Length: 74
Content-Type: application/json; charset=utf-8
host: localhost:26782
accept: */*

Response DefaultHttpResponse(decodeResult: success, version: HTTP/1.1)
HTTP/1.1 200 OK
Content-Length: 14
Content-Type: application/json; charset=utf-8
cache-control: no-cache

20:20:12.440 [AsyncHttpClient-1-6] DEBUG org.asynchttpclient.netty.channel.ChannelManager - Adding key: http://localhost:26782 for channel [id: 0xe643dc5d, L:/127.0.0.1:55362 - R:localhost/127.0.0.1:26782]
20:20:12.441 [Forwarding setTimeout on session a40144a8ccbc887ede7c633b27274608 to remote] DEBUG org.asynchttpclient.netty.request.NettyRequestSender - Using pooled Channel '[id: 0xe643dc5d, L:/127.0.0.1:55362 - R:localhost/127.0.0.1:26782]' for 'POST' to 'http://localhost:26782/session/a40144a8ccbc887ede7c633b27274608/timeouts'
20:20:12.441 [Forwarding setTimeout on session a40144a8ccbc887ede7c633b27274608 to remote] DEBUG org.asynchttpclient.netty.request.NettyRequestSender - Using open Channel [id: 0xe643dc5d, L:/127.0.0.1:55362 - R:localhost/127.0.0.1:26782] for POST '/session/a40144a8ccbc887ede7c633b27274608/timeouts'
20:20:12.442 [AsyncHttpClient-1-6] DEBUG org.asynchttpclient.netty.handler.HttpHandler - 

Request DefaultHttpRequest(decodeResult: success, version: HTTP/1.1)
POST /session/a40144a8ccbc887ede7c633b27274608/timeouts HTTP/1.1
User-Agent: selenium/4.8.1 (java windows)
Content-Length: 22
Content-Type: application/json; charset=utf-8
host: localhost:26782
accept: */*

Response DefaultHttpResponse(decodeResult: success, version: HTTP/1.1)
HTTP/1.1 200 OK
Content-Length: 14
Content-Type: application/json; charset=utf-8
cache-control: no-cache

20:20:12.442 [AsyncHttpClient-1-6] DEBUG org.asynchttpclient.netty.channel.ChannelManager - Adding key: http://localhost:26782 for channel [id: 0xe643dc5d, L:/127.0.0.1:55362 - R:localhost/127.0.0.1:26782]
20:20:12.446 [Forwarding getAlertText on session a40144a8ccbc887ede7c633b27274608 to remote] DEBUG org.asynchttpclient.netty.request.NettyRequestSender - Using pooled Channel '[id: 0xe643dc5d, L:/127.0.0.1:55362 - R:localhost/127.0.0.1:26782]' for 'GET' to 'http://localhost:26782/session/a40144a8ccbc887ede7c633b27274608/alert/text'
20:20:12.446 [Forwarding getAlertText on session a40144a8ccbc887ede7c633b27274608 to remote] DEBUG org.asynchttpclient.netty.request.NettyRequestSender - Using open Channel [id: 0xe643dc5d, L:/127.0.0.1:55362 - R:localhost/127.0.0.1:26782] for GET '/session/a40144a8ccbc887ede7c633b27274608/alert/text'
20:20:12.447 [AsyncHttpClient-1-6] DEBUG org.asynchttpclient.netty.handler.HttpHandler - 

Request DefaultFullHttpRequest(decodeResult: success, version: HTTP/1.1, content: EmptyByteBufBE)
GET /session/a40144a8ccbc887ede7c633b27274608/alert/text HTTP/1.1
User-Agent: selenium/4.8.1 (java windows)
Cache-Control: no-cache
Content-Type: application/json; charset=utf-8
host: localhost:26782
accept: */*

Response DefaultHttpResponse(decodeResult: success, version: HTTP/1.1)
HTTP/1.1 404 Not Found
Content-Length: 836
Content-Type: application/json; charset=utf-8
cache-control: no-cache

20:20:12.447 [AsyncHttpClient-1-6] DEBUG org.asynchttpclient.netty.channel.ChannelManager - Adding key: http://localhost:26782 for channel [id: 0xe643dc5d, L:/127.0.0.1:55362 - R:localhost/127.0.0.1:26782]
20:20:12.448 [Forwarding getCurrentUrl on session a40144a8ccbc887ede7c633b27274608 to remote] DEBUG org.asynchttpclient.netty.request.NettyRequestSender - Using pooled Channel '[id: 0xe643dc5d, L:/127.0.0.1:55362 - R:localhost/127.0.0.1:26782]' for 'GET' to 'http://localhost:26782/session/a40144a8ccbc887ede7c633b27274608/url'
20:20:12.448 [Forwarding getCurrentUrl on session a40144a8ccbc887ede7c633b27274608 to remote] DEBUG org.asynchttpclient.netty.request.NettyRequestSender - Using open Channel [id: 0xe643dc5d, L:/127.0.0.1:55362 - R:localhost/127.0.0.1:26782] for GET '/session/a40144a8ccbc887ede7c633b27274608/url'
20:20:12.452 [AsyncHttpClient-1-6] DEBUG org.asynchttpclient.netty.handler.HttpHandler - 

Request DefaultFullHttpRequest(decodeResult: success, version: HTTP/1.1, content: EmptyByteBufBE)
GET /session/a40144a8ccbc887ede7c633b27274608/url HTTP/1.1
User-Agent: selenium/4.8.1 (java windows)
Cache-Control: no-cache
Content-Type: application/json; charset=utf-8
host: localhost:26782
accept: */*

Response DefaultHttpResponse(decodeResult: success, version: HTTP/1.1)
HTTP/1.1 200 OK
Content-Length: 51
Content-Type: application/json; charset=utf-8
cache-control: no-cache

20:20:12.452 [AsyncHttpClient-1-6] DEBUG org.asynchttpclient.netty.channel.ChannelManager - Adding key: http://localhost:26782 for channel [id: 0xe643dc5d, L:/127.0.0.1:55362 - R:localhost/127.0.0.1:26782]
20:20:12.452 [Forwarding screenshot on session a40144a8ccbc887ede7c633b27274608 to remote] DEBUG org.asynchttpclient.netty.request.NettyRequestSender - Using pooled Channel '[id: 0xe643dc5d, L:/127.0.0.1:55362 - R:localhost/127.0.0.1:26782]' for 'GET' to 'http://localhost:26782/session/a40144a8ccbc887ede7c633b27274608/screenshot'
20:20:12.452 [Forwarding screenshot on session a40144a8ccbc887ede7c633b27274608 to remote] DEBUG org.asynchttpclient.netty.request.NettyRequestSender - Using open Channel [id: 0xe643dc5d, L:/127.0.0.1:55362 - R:localhost/127.0.0.1:26782] for GET '/session/a40144a8ccbc887ede7c633b27274608/screenshot'
20:20:12.454 [AsyncHttpClient-1-1] DEBUG org.asynchttpclient.netty.channel.DefaultChannelPool - Entry count for : http://localhost:55363 : 1
20:20:12.576 [AsyncHttpClient-1-6] DEBUG org.asynchttpclient.netty.handler.HttpHandler - 

Request DefaultFullHttpRequest(decodeResult: success, version: HTTP/1.1, content: EmptyByteBufBE)
GET /session/a40144a8ccbc887ede7c633b27274608/screenshot HTTP/1.1
User-Agent: selenium/4.8.1 (java windows)
Cache-Control: no-cache
Content-Type: application/json; charset=utf-8
host: localhost:26782
accept: */*

Response DefaultHttpResponse(decodeResult: success, version: HTTP/1.1)
HTTP/1.1 200 OK
Content-Length: 25208
Content-Type: application/json; charset=utf-8
cache-control: no-cache

20:20:12.576 [AsyncHttpClient-1-6] DEBUG org.asynchttpclient.netty.channel.ChannelManager - Adding key: http://localhost:26782 for channel [id: 0xe643dc5d, L:/127.0.0.1:55362 - R:localhost/127.0.0.1:26782]
20:20:12.577 [main] DEBUG net.serenitybdd.core.photography.Darkroom - Send negative for processing for target\site\serenity\edb14d4aab401efa0e4fb99861e6ffcafebc86a67b69f7828890b9910ed2ddbd.png
20:20:12.577 [main] DEBUG net.thucydides.core.steps.StepInterceptor - STEP DONE: openPage
20:20:12.581 [Forwarding getPageSource on session a40144a8ccbc887ede7c633b27274608 to remote] DEBUG org.asynchttpclient.netty.request.NettyRequestSender - Using pooled Channel '[id: 0xe643dc5d, L:/127.0.0.1:55362 - R:localhost/127.0.0.1:26782]' for 'POST' to 'http://localhost:26782/session/a40144a8ccbc887ede7c633b27274608/execute/sync'
20:20:12.582 [Forwarding getPageSource on session a40144a8ccbc887ede7c633b27274608 to remote] DEBUG org.asynchttpclient.netty.request.NettyRequestSender - Using open Channel [id: 0xe643dc5d, L:/127.0.0.1:55362 - R:localhost/127.0.0.1:26782] for POST '/session/a40144a8ccbc887ede7c633b27274608/execute/sync'
20:20:12.586 [AsyncHttpClient-1-6] DEBUG org.asynchttpclient.netty.handler.HttpHandler - 

Request DefaultHttpRequest(decodeResult: success, version: HTTP/1.1)
POST /session/a40144a8ccbc887ede7c633b27274608/execute/sync HTTP/1.1
User-Agent: selenium/4.8.1 (java windows)
Content-Length: 176
Content-Type: application/json; charset=utf-8
host: localhost:26782
accept: */*

Response DefaultHttpResponse(decodeResult: success, version: HTTP/1.1)
HTTP/1.1 200 OK
Content-Length: 21659
Content-Type: application/json; charset=utf-8
cache-control: no-cache

20:20:12.586 [AsyncHttpClient-1-6] DEBUG org.asynchttpclient.netty.channel.ChannelManager - Adding key: http://localhost:26782 for channel [id: 0xe643dc5d, L:/127.0.0.1:55362 - R:localhost/127.0.0.1:26782]
20:20:12.587 [Forwarding getCurrentUrl on session a40144a8ccbc887ede7c633b27274608 to remote] DEBUG org.asynchttpclient.netty.request.NettyRequestSender - Using pooled Channel '[id: 0xe643dc5d, L:/127.0.0.1:55362 - R:localhost/127.0.0.1:26782]' for 'GET' to 'http://localhost:26782/session/a40144a8ccbc887ede7c633b27274608/url'
20:20:12.587 [Forwarding getCurrentUrl on session a40144a8ccbc887ede7c633b27274608 to remote] DEBUG org.asynchttpclient.netty.request.NettyRequestSender - Using open Channel [id: 0xe643dc5d, L:/127.0.0.1:55362 - R:localhost/127.0.0.1:26782] for GET '/session/a40144a8ccbc887ede7c633b27274608/url'
20:20:12.589 [AsyncHttpClient-1-6] DEBUG org.asynchttpclient.netty.handler.HttpHandler - 

Request DefaultFullHttpRequest(decodeResult: success, version: HTTP/1.1, content: EmptyByteBufBE)
GET /session/a40144a8ccbc887ede7c633b27274608/url HTTP/1.1
User-Agent: selenium/4.8.1 (java windows)
Cache-Control: no-cache
Content-Type: application/json; charset=utf-8
host: localhost:26782
accept: */*

Response DefaultHttpResponse(decodeResult: success, version: HTTP/1.1)
HTTP/1.1 200 OK
Content-Length: 51
Content-Type: application/json; charset=utf-8
cache-control: no-cache

20:20:12.589 [AsyncHttpClient-1-6] DEBUG org.asynchttpclient.netty.channel.ChannelManager - Adding key: http://localhost:26782 for channel [id: 0xe643dc5d, L:/127.0.0.1:55362 - R:localhost/127.0.0.1:26782]
20:20:12.591 [main] DEBUG net.thucydides.core.steps.StepInterceptor - STARTING STEP: CategorySteps.goToHomePage - clickToolbarTitle
20:20:12.593 [Forwarding findElement on session a40144a8ccbc887ede7c633b27274608 to remote] DEBUG org.asynchttpclient.netty.request.NettyRequestSender - Using pooled Channel '[id: 0xe643dc5d, L:/127.0.0.1:55362 - R:localhost/127.0.0.1:26782]' for 'POST' to 'http://localhost:26782/session/a40144a8ccbc887ede7c633b27274608/element'
20:20:12.593 [Forwarding findElement on session a40144a8ccbc887ede7c633b27274608 to remote] DEBUG org.asynchttpclient.netty.request.NettyRequestSender - Using open Channel [id: 0xe643dc5d, L:/127.0.0.1:55362 - R:localhost/127.0.0.1:26782] for POST '/session/a40144a8ccbc887ede7c633b27274608/element'
20:20:12.600 [AsyncHttpClient-1-6] DEBUG org.asynchttpclient.netty.handler.HttpHandler - 

Request DefaultHttpRequest(decodeResult: success, version: HTTP/1.1)
POST /session/a40144a8ccbc887ede7c633b27274608/element HTTP/1.1
User-Agent: selenium/4.8.1 (java windows)
Content-Length: 63
Content-Type: application/json; charset=utf-8
host: localhost:26782
accept: */*

Response DefaultHttpResponse(decodeResult: success, version: HTTP/1.1)
HTTP/1.1 200 OK
Content-Length: 88
Content-Type: application/json; charset=utf-8
cache-control: no-cache

20:20:12.600 [AsyncHttpClient-1-6] DEBUG org.asynchttpclient.netty.channel.ChannelManager - Adding key: http://localhost:26782 for channel [id: 0xe643dc5d, L:/127.0.0.1:55362 - R:localhost/127.0.0.1:26782]
20:20:12.601 [Forwarding getElementTagName on session a40144a8ccbc887ede7c633b27274608 to remote] DEBUG org.asynchttpclient.netty.request.NettyRequestSender - Using pooled Channel '[id: 0xe643dc5d, L:/127.0.0.1:55362 - R:localhost/127.0.0.1:26782]' for 'GET' to 'http://localhost:26782/session/a40144a8ccbc887ede7c633b27274608/element/7ac6eef8-6625-4e95-84a2-a52306ecaab6/name'
20:20:12.601 [Forwarding getElementTagName on session a40144a8ccbc887ede7c633b27274608 to remote] DEBUG org.asynchttpclient.netty.request.NettyRequestSender - Using open Channel [id: 0xe643dc5d, L:/127.0.0.1:55362 - R:localhost/127.0.0.1:26782] for GET '/session/a40144a8ccbc887ede7c633b27274608/element/7ac6eef8-6625-4e95-84a2-a52306ecaab6/name'
20:20:12.604 [AsyncHttpClient-1-6] DEBUG org.asynchttpclient.netty.handler.HttpHandler - 

Request DefaultFullHttpRequest(decodeResult: success, version: HTTP/1.1, content: EmptyByteBufBE)
GET /session/a40144a8ccbc887ede7c633b27274608/element/7ac6eef8-6625-4e95-84a2-a52306ecaab6/name HTTP/1.1
User-Agent: selenium/4.8.1 (java windows)
Cache-Control: no-cache
Content-Type: application/json; charset=utf-8
host: localhost:26782
accept: */*

Response DefaultHttpResponse(decodeResult: success, version: HTTP/1.1)
HTTP/1.1 200 OK
Content-Length: 15
Content-Type: application/json; charset=utf-8
cache-control: no-cache

20:20:12.604 [AsyncHttpClient-1-6] DEBUG org.asynchttpclient.netty.channel.ChannelManager - Adding key: http://localhost:26782 for channel [id: 0xe643dc5d, L:/127.0.0.1:55362 - R:localhost/127.0.0.1:26782]
20:20:12.604 [Forwarding getElementTagName on session a40144a8ccbc887ede7c633b27274608 to remote] DEBUG org.asynchttpclient.netty.request.NettyRequestSender - Using pooled Channel '[id: 0xe643dc5d, L:/127.0.0.1:55362 - R:localhost/127.0.0.1:26782]' for 'GET' to 'http://localhost:26782/session/a40144a8ccbc887ede7c633b27274608/element/7ac6eef8-6625-4e95-84a2-a52306ecaab6/name'
20:20:12.604 [Forwarding getElementTagName on session a40144a8ccbc887ede7c633b27274608 to remote] DEBUG org.asynchttpclient.netty.request.NettyRequestSender - Using open Channel [id: 0xe643dc5d, L:/127.0.0.1:55362 - R:localhost/127.0.0.1:26782] for GET '/session/a40144a8ccbc887ede7c633b27274608/element/7ac6eef8-6625-4e95-84a2-a52306ecaab6/name'
20:20:12.607 [AsyncHttpClient-1-6] DEBUG org.asynchttpclient.netty.handler.HttpHandler - 

Request DefaultFullHttpRequest(decodeResult: success, version: HTTP/1.1, content: EmptyByteBufBE)
GET /session/a40144a8ccbc887ede7c633b27274608/element/7ac6eef8-6625-4e95-84a2-a52306ecaab6/name HTTP/1.1
User-Agent: selenium/4.8.1 (java windows)
Cache-Control: no-cache
Content-Type: application/json; charset=utf-8
host: localhost:26782
accept: */*

Response DefaultHttpResponse(decodeResult: success, version: HTTP/1.1)
HTTP/1.1 200 OK
Content-Length: 15
Content-Type: application/json; charset=utf-8
cache-control: no-cache

20:20:12.607 [AsyncHttpClient-1-6] DEBUG org.asynchttpclient.netty.channel.ChannelManager - Adding key: http://localhost:26782 for channel [id: 0xe643dc5d, L:/127.0.0.1:55362 - R:localhost/127.0.0.1:26782]
20:20:12.608 [Forwarding findElement on session a40144a8ccbc887ede7c633b27274608 to remote] DEBUG org.asynchttpclient.netty.request.NettyRequestSender - Using pooled Channel '[id: 0xe643dc5d, L:/127.0.0.1:55362 - R:localhost/127.0.0.1:26782]' for 'POST' to 'http://localhost:26782/session/a40144a8ccbc887ede7c633b27274608/element'
20:20:12.608 [Forwarding findElement on session a40144a8ccbc887ede7c633b27274608 to remote] DEBUG org.asynchttpclient.netty.request.NettyRequestSender - Using open Channel [id: 0xe643dc5d, L:/127.0.0.1:55362 - R:localhost/127.0.0.1:26782] for POST '/session/a40144a8ccbc887ede7c633b27274608/element'
20:20:12.612 [AsyncHttpClient-1-6] DEBUG org.asynchttpclient.netty.handler.HttpHandler - 

Request DefaultHttpRequest(decodeResult: success, version: HTTP/1.1)
POST /session/a40144a8ccbc887ede7c633b27274608/element HTTP/1.1
User-Agent: selenium/4.8.1 (java windows)
Content-Length: 63
Content-Type: application/json; charset=utf-8
host: localhost:26782
accept: */*

Response DefaultHttpResponse(decodeResult: success, version: HTTP/1.1)
HTTP/1.1 200 OK
Content-Length: 88
Content-Type: application/json; charset=utf-8
cache-control: no-cache

20:20:12.612 [AsyncHttpClient-1-6] DEBUG org.asynchttpclient.netty.channel.ChannelManager - Adding key: http://localhost:26782 for channel [id: 0xe643dc5d, L:/127.0.0.1:55362 - R:localhost/127.0.0.1:26782]
20:20:12.613 [Forwarding clickElement on session a40144a8ccbc887ede7c633b27274608 to remote] DEBUG org.asynchttpclient.netty.request.NettyRequestSender - Using pooled Channel '[id: 0xe643dc5d, L:/127.0.0.1:55362 - R:localhost/127.0.0.1:26782]' for 'POST' to 'http://localhost:26782/session/a40144a8ccbc887ede7c633b27274608/element/7ac6eef8-6625-4e95-84a2-a52306ecaab6/click'
20:20:12.613 [Forwarding clickElement on session a40144a8ccbc887ede7c633b27274608 to remote] DEBUG org.asynchttpclient.netty.request.NettyRequestSender - Using open Channel [id: 0xe643dc5d, L:/127.0.0.1:55362 - R:localhost/127.0.0.1:26782] for POST '/session/a40144a8ccbc887ede7c633b27274608/element/7ac6eef8-6625-4e95-84a2-a52306ecaab6/click'
20:20:12.663 [AsyncHttpClient-1-6] DEBUG org.asynchttpclient.netty.handler.HttpHandler - 

Request DefaultHttpRequest(decodeResult: success, version: HTTP/1.1)
POST /session/a40144a8ccbc887ede7c633b27274608/element/7ac6eef8-6625-4e95-84a2-a52306ecaab6/click HTTP/1.1
User-Agent: selenium/4.8.1 (java windows)
Content-Length: 50
Content-Type: application/json; charset=utf-8
host: localhost:26782
accept: */*

Response DefaultHttpResponse(decodeResult: success, version: HTTP/1.1)
HTTP/1.1 200 OK
Content-Length: 14
Content-Type: application/json; charset=utf-8
cache-control: no-cache

20:20:12.663 [AsyncHttpClient-1-6] DEBUG org.asynchttpclient.netty.channel.ChannelManager - Adding key: http://localhost:26782 for channel [id: 0xe643dc5d, L:/127.0.0.1:55362 - R:localhost/127.0.0.1:26782]
20:20:12.668 [Forwarding getAlertText on session a40144a8ccbc887ede7c633b27274608 to remote] DEBUG org.asynchttpclient.netty.request.NettyRequestSender - Using pooled Channel '[id: 0xe643dc5d, L:/127.0.0.1:55362 - R:localhost/127.0.0.1:26782]' for 'GET' to 'http://localhost:26782/session/a40144a8ccbc887ede7c633b27274608/alert/text'
20:20:12.668 [Forwarding getAlertText on session a40144a8ccbc887ede7c633b27274608 to remote] DEBUG org.asynchttpclient.netty.request.NettyRequestSender - Using open Channel [id: 0xe643dc5d, L:/127.0.0.1:55362 - R:localhost/127.0.0.1:26782] for GET '/session/a40144a8ccbc887ede7c633b27274608/alert/text'
20:20:12.669 [AsyncHttpClient-1-6] DEBUG org.asynchttpclient.netty.handler.HttpHandler - 

Request DefaultFullHttpRequest(decodeResult: success, version: HTTP/1.1, content: EmptyByteBufBE)
GET /session/a40144a8ccbc887ede7c633b27274608/alert/text HTTP/1.1
User-Agent: selenium/4.8.1 (java windows)
Cache-Control: no-cache
Content-Type: application/json; charset=utf-8
host: localhost:26782
accept: */*

Response DefaultHttpResponse(decodeResult: success, version: HTTP/1.1)
HTTP/1.1 404 Not Found
Content-Length: 836
Content-Type: application/json; charset=utf-8
cache-control: no-cache

20:20:12.669 [AsyncHttpClient-1-6] DEBUG org.asynchttpclient.netty.channel.ChannelManager - Adding key: http://localhost:26782 for channel [id: 0xe643dc5d, L:/127.0.0.1:55362 - R:localhost/127.0.0.1:26782]
20:20:12.670 [Forwarding getCurrentUrl on session a40144a8ccbc887ede7c633b27274608 to remote] DEBUG org.asynchttpclient.netty.request.NettyRequestSender - Using pooled Channel '[id: 0xe643dc5d, L:/127.0.0.1:55362 - R:localhost/127.0.0.1:26782]' for 'GET' to 'http://localhost:26782/session/a40144a8ccbc887ede7c633b27274608/url'
20:20:12.670 [Forwarding getCurrentUrl on session a40144a8ccbc887ede7c633b27274608 to remote] DEBUG org.asynchttpclient.netty.request.NettyRequestSender - Using open Channel [id: 0xe643dc5d, L:/127.0.0.1:55362 - R:localhost/127.0.0.1:26782] for GET '/session/a40144a8ccbc887ede7c633b27274608/url'
20:20:12.677 [AsyncHttpClient-1-6] DEBUG org.asynchttpclient.netty.handler.HttpHandler - 

Request DefaultFullHttpRequest(decodeResult: success, version: HTTP/1.1, content: EmptyByteBufBE)
GET /session/a40144a8ccbc887ede7c633b27274608/url HTTP/1.1
User-Agent: selenium/4.8.1 (java windows)
Cache-Control: no-cache
Content-Type: application/json; charset=utf-8
host: localhost:26782
accept: */*

Response DefaultHttpResponse(decodeResult: success, version: HTTP/1.1)
HTTP/1.1 200 OK
Content-Length: 41
Content-Type: application/json; charset=utf-8
cache-control: no-cache

20:20:12.677 [AsyncHttpClient-1-6] DEBUG org.asynchttpclient.netty.channel.ChannelManager - Adding key: http://localhost:26782 for channel [id: 0xe643dc5d, L:/127.0.0.1:55362 - R:localhost/127.0.0.1:26782]
20:20:12.678 [Forwarding screenshot on session a40144a8ccbc887ede7c633b27274608 to remote] DEBUG org.asynchttpclient.netty.request.NettyRequestSender - Using pooled Channel '[id: 0xe643dc5d, L:/127.0.0.1:55362 - R:localhost/127.0.0.1:26782]' for 'GET' to 'http://localhost:26782/session/a40144a8ccbc887ede7c633b27274608/screenshot'
20:20:12.678 [Forwarding screenshot on session a40144a8ccbc887ede7c633b27274608 to remote] DEBUG org.asynchttpclient.netty.request.NettyRequestSender - Using open Channel [id: 0xe643dc5d, L:/127.0.0.1:55362 - R:localhost/127.0.0.1:26782] for GET '/session/a40144a8ccbc887ede7c633b27274608/screenshot'
20:20:12.823 [AsyncHttpClient-1-6] DEBUG org.asynchttpclient.netty.handler.HttpHandler - 

Request DefaultFullHttpRequest(decodeResult: success, version: HTTP/1.1, content: EmptyByteBufBE)
GET /session/a40144a8ccbc887ede7c633b27274608/screenshot HTTP/1.1
User-Agent: selenium/4.8.1 (java windows)
Cache-Control: no-cache
Content-Type: application/json; charset=utf-8
host: localhost:26782
accept: */*

Response DefaultHttpResponse(decodeResult: success, version: HTTP/1.1)
HTTP/1.1 200 OK
Content-Length: 26272
Content-Type: application/json; charset=utf-8
cache-control: no-cache

20:20:12.824 [AsyncHttpClient-1-6] DEBUG org.asynchttpclient.netty.channel.ChannelManager - Adding key: http://localhost:26782 for channel [id: 0xe643dc5d, L:/127.0.0.1:55362 - R:localhost/127.0.0.1:26782]
20:20:12.825 [main] DEBUG net.serenitybdd.core.photography.Darkroom - Send negative for processing for target\site\serenity\236f656c94a74566260864788696c701ce79a9a1bce403661b9c0ac0d133e9f7.png
20:20:12.825 [main] DEBUG net.thucydides.core.steps.StepInterceptor - STEP DONE: clickToolbarTitle
  &amp#27;[32mGiven &amp#27;[0m&amp#27;[32mI go to the alta shop home page&amp#27;[0m                      &amp#27;[90m# starter.stepdefinitions.CategorySteps.goToHomePage()&amp#27;[0m
20:20:12.834 [Forwarding getPageSource on session a40144a8ccbc887ede7c633b27274608 to remote] DEBUG org.asynchttpclient.netty.request.NettyRequestSender - Using pooled Channel '[id: 0xe643dc5d, L:/127.0.0.1:55362 - R:localhost/127.0.0.1:26782]' for 'POST' to 'http://localhost:26782/session/a40144a8ccbc887ede7c633b27274608/execute/sync'
20:20:12.834 [Forwarding getPageSource on session a40144a8ccbc887ede7c633b27274608 to remote] DEBUG org.asynchttpclient.netty.request.NettyRequestSender - Using open Channel [id: 0xe643dc5d, L:/127.0.0.1:55362 - R:localhost/127.0.0.1:26782] for POST '/session/a40144a8ccbc887ede7c633b27274608/execute/sync'
20:20:12.848 [AsyncHttpClient-1-6] DEBUG org.asynchttpclient.netty.handler.HttpHandler - 

Request DefaultHttpRequest(decodeResult: success, version: HTTP/1.1)
POST /session/a40144a8ccbc887ede7c633b27274608/execute/sync HTTP/1.1
User-Agent: selenium/4.8.1 (java windows)
Content-Length: 176
Content-Type: application/json; charset=utf-8
host: localhost:26782
accept: */*

Response DefaultHttpResponse(decodeResult: success, version: HTTP/1.1)
HTTP/1.1 200 OK
Content-Length: 28688
Content-Type: application/json; charset=utf-8
cache-control: no-cache

20:20:12.848 [AsyncHttpClient-1-6] DEBUG org.asynchttpclient.netty.channel.ChannelManager - Adding key: http://localhost:26782 for channel [id: 0xe643dc5d, L:/127.0.0.1:55362 - R:localhost/127.0.0.1:26782]
20:20:12.850 [Forwarding getCurrentUrl on session a40144a8ccbc887ede7c633b27274608 to remote] DEBUG org.asynchttpclient.netty.request.NettyRequestSender - Using pooled Channel '[id: 0xe643dc5d, L:/127.0.0.1:55362 - R:localhost/127.0.0.1:26782]' for 'GET' to 'http://localhost:26782/session/a40144a8ccbc887ede7c633b27274608/url'
20:20:12.850 [Forwarding getCurrentUrl on session a40144a8ccbc887ede7c633b27274608 to remote] DEBUG org.asynchttpclient.netty.request.NettyRequestSender - Using open Channel [id: 0xe643dc5d, L:/127.0.0.1:55362 - R:localhost/127.0.0.1:26782] for GET '/session/a40144a8ccbc887ede7c633b27274608/url'
20:20:12.853 [AsyncHttpClient-1-6] DEBUG org.asynchttpclient.netty.handler.HttpHandler - 

Request DefaultFullHttpRequest(decodeResult: success, version: HTTP/1.1, content: EmptyByteBufBE)
GET /session/a40144a8ccbc887ede7c633b27274608/url HTTP/1.1
User-Agent: selenium/4.8.1 (java windows)
Cache-Control: no-cache
Content-Type: application/json; charset=utf-8
host: localhost:26782
accept: */*

Response DefaultHttpResponse(decodeResult: success, version: HTTP/1.1)
HTTP/1.1 200 OK
Content-Length: 41
Content-Type: application/json; charset=utf-8
cache-control: no-cache

20:20:12.854 [AsyncHttpClient-1-6] DEBUG org.asynchttpclient.netty.channel.ChannelManager - Adding key: http://localhost:26782 for channel [id: 0xe643dc5d, L:/127.0.0.1:55362 - R:localhost/127.0.0.1:26782]
20:20:12.864 [Forwarding getPageSource on session a40144a8ccbc887ede7c633b27274608 to remote] DEBUG org.asynchttpclient.netty.request.NettyRequestSender - Using pooled Channel '[id: 0xe643dc5d, L:/127.0.0.1:55362 - R:localhost/127.0.0.1:26782]' for 'POST' to 'http://localhost:26782/session/a40144a8ccbc887ede7c633b27274608/execute/sync'
20:20:12.864 [Forwarding getPageSource on session a40144a8ccbc887ede7c633b27274608 to remote] DEBUG org.asynchttpclient.netty.request.NettyRequestSender - Using open Channel [id: 0xe643dc5d, L:/127.0.0.1:55362 - R:localhost/127.0.0.1:26782] for POST '/session/a40144a8ccbc887ede7c633b27274608/execute/sync'
20:20:12.870 [AsyncHttpClient-1-6] DEBUG org.asynchttpclient.netty.handler.HttpHandler - 

Request DefaultHttpRequest(decodeResult: success, version: HTTP/1.1)
POST /session/a40144a8ccbc887ede7c633b27274608/execute/sync HTTP/1.1
User-Agent: selenium/4.8.1 (java windows)
Content-Length: 176
Content-Type: application/json; charset=utf-8
host: localhost:26782
accept: */*

Response DefaultHttpResponse(decodeResult: success, version: HTTP/1.1)
HTTP/1.1 200 OK
Content-Length: 28688
Content-Type: application/json; charset=utf-8
cache-control: no-cache

20:20:12.870 [AsyncHttpClient-1-6] DEBUG org.asynchttpclient.netty.channel.ChannelManager - Adding key: http://localhost:26782 for channel [id: 0xe643dc5d, L:/127.0.0.1:55362 - R:localhost/127.0.0.1:26782]
20:20:12.872 [Forwarding getCurrentUrl on session a40144a8ccbc887ede7c633b27274608 to remote] DEBUG org.asynchttpclient.netty.request.NettyRequestSender - Using pooled Channel '[id: 0xe643dc5d, L:/127.0.0.1:55362 - R:localhost/127.0.0.1:26782]' for 'GET' to 'http://localhost:26782/session/a40144a8ccbc887ede7c633b27274608/url'
20:20:12.872 [Forwarding getCurrentUrl on session a40144a8ccbc887ede7c633b27274608 to remote] DEBUG org.asynchttpclient.netty.request.NettyRequestSender - Using open Channel [id: 0xe643dc5d, L:/127.0.0.1:55362 - R:localhost/127.0.0.1:26782] for GET '/session/a40144a8ccbc887ede7c633b27274608/url'
20:20:12.877 [AsyncHttpClient-1-6] DEBUG org.asynchttpclient.netty.handler.HttpHandler - 

Request DefaultFullHttpRequest(decodeResult: success, version: HTTP/1.1, content: EmptyByteBufBE)
GET /session/a40144a8ccbc887ede7c633b27274608/url HTTP/1.1
User-Agent: selenium/4.8.1 (java windows)
Cache-Control: no-cache
Content-Type: application/json; charset=utf-8
host: localhost:26782
accept: */*

Response DefaultHttpResponse(decodeResult: success, version: HTTP/1.1)
HTTP/1.1 200 OK
Content-Length: 41
Content-Type: application/json; charset=utf-8
cache-control: no-cache

20:20:12.877 [AsyncHttpClient-1-6] DEBUG org.asynchttpclient.netty.channel.ChannelManager - Adding key: http://localhost:26782 for channel [id: 0xe643dc5d, L:/127.0.0.1:55362 - R:localhost/127.0.0.1:26782]
20:20:12.879 [main] DEBUG net.thucydides.core.steps.StepInterceptor - STARTING STEP: CategorySteps.clickSelectCategory - clickSelectCategory
20:20:12.882 [Forwarding findElement on session a40144a8ccbc887ede7c633b27274608 to remote] DEBUG org.asynchttpclient.netty.request.NettyRequestSender - Using pooled Channel '[id: 0xe643dc5d, L:/127.0.0.1:55362 - R:localhost/127.0.0.1:26782]' for 'POST' to 'http://localhost:26782/session/a40144a8ccbc887ede7c633b27274608/element'
20:20:12.882 [Forwarding findElement on session a40144a8ccbc887ede7c633b27274608 to remote] DEBUG org.asynchttpclient.netty.request.NettyRequestSender - Using open Channel [id: 0xe643dc5d, L:/127.0.0.1:55362 - R:localhost/127.0.0.1:26782] for POST '/session/a40144a8ccbc887ede7c633b27274608/element'
20:20:12.896 [AsyncHttpClient-1-6] DEBUG org.asynchttpclient.netty.handler.HttpHandler - 

Request DefaultHttpRequest(decodeResult: success, version: HTTP/1.1)
POST /session/a40144a8ccbc887ede7c633b27274608/element HTTP/1.1
User-Agent: selenium/4.8.1 (java windows)
Content-Length: 118
Content-Type: application/json; charset=utf-8
host: localhost:26782
accept: */*

Response DefaultHttpResponse(decodeResult: success, version: HTTP/1.1)
HTTP/1.1 200 OK
Content-Length: 88
Content-Type: application/json; charset=utf-8
cache-control: no-cache

20:20:12.896 [AsyncHttpClient-1-6] DEBUG org.asynchttpclient.netty.channel.ChannelManager - Adding key: http://localhost:26782 for channel [id: 0xe643dc5d, L:/127.0.0.1:55362 - R:localhost/127.0.0.1:26782]
20:20:12.898 [Forwarding getElementTagName on session a40144a8ccbc887ede7c633b27274608 to remote] DEBUG org.asynchttpclient.netty.request.NettyRequestSender - Using pooled Channel '[id: 0xe643dc5d, L:/127.0.0.1:55362 - R:localhost/127.0.0.1:26782]' for 'GET' to 'http://localhost:26782/session/a40144a8ccbc887ede7c633b27274608/element/fdf97e04-c580-4801-85ef-b30914eadc40/name'
20:20:12.898 [Forwarding getElementTagName on session a40144a8ccbc887ede7c633b27274608 to remote] DEBUG org.asynchttpclient.netty.request.NettyRequestSender - Using open Channel [id: 0xe643dc5d, L:/127.0.0.1:55362 - R:localhost/127.0.0.1:26782] for GET '/session/a40144a8ccbc887ede7c633b27274608/element/fdf97e04-c580-4801-85ef-b30914eadc40/name'
20:20:12.908 [AsyncHttpClient-1-6] DEBUG org.asynchttpclient.netty.handler.HttpHandler - 

Request DefaultFullHttpRequest(decodeResult: success, version: HTTP/1.1, content: EmptyByteBufBE)
GET /session/a40144a8ccbc887ede7c633b27274608/element/fdf97e04-c580-4801-85ef-b30914eadc40/name HTTP/1.1
User-Agent: selenium/4.8.1 (java windows)
Cache-Control: no-cache
Content-Type: application/json; charset=utf-8
host: localhost:26782
accept: */*

Response DefaultHttpResponse(decodeResult: success, version: HTTP/1.1)
HTTP/1.1 200 OK
Content-Length: 15
Content-Type: application/json; charset=utf-8
cache-control: no-cache

20:20:12.908 [AsyncHttpClient-1-6] DEBUG org.asynchttpclient.netty.channel.ChannelManager - Adding key: http://localhost:26782 for channel [id: 0xe643dc5d, L:/127.0.0.1:55362 - R:localhost/127.0.0.1:26782]
20:20:12.910 [Forwarding getElementTagName on session a40144a8ccbc887ede7c633b27274608 to remote] DEBUG org.asynchttpclient.netty.request.NettyRequestSender - Using pooled Channel '[id: 0xe643dc5d, L:/127.0.0.1:55362 - R:localhost/127.0.0.1:26782]' for 'GET' to 'http://localhost:26782/session/a40144a8ccbc887ede7c633b27274608/element/fdf97e04-c580-4801-85ef-b30914eadc40/name'
20:20:12.910 [Forwarding getElementTagName on session a40144a8ccbc887ede7c633b27274608 to remote] DEBUG org.asynchttpclient.netty.request.NettyRequestSender - Using open Channel [id: 0xe643dc5d, L:/127.0.0.1:55362 - R:localhost/127.0.0.1:26782] for GET '/session/a40144a8ccbc887ede7c633b27274608/element/fdf97e04-c580-4801-85ef-b30914eadc40/name'
20:20:13.283 [AsyncHttpClient-1-6] DEBUG org.asynchttpclient.netty.handler.HttpHandler - 

Request DefaultFullHttpRequest(decodeResult: success, version: HTTP/1.1, content: EmptyByteBufBE)
GET /session/a40144a8ccbc887ede7c633b27274608/element/fdf97e04-c580-4801-85ef-b30914eadc40/name HTTP/1.1
User-Agent: selenium/4.8.1 (java windows)
Cache-Control: no-cache
Content-Type: application/json; charset=utf-8
host: localhost:26782
accept: */*

Response DefaultHttpResponse(decodeResult: success, version: HTTP/1.1)
HTTP/1.1 200 OK
Content-Length: 15
Content-Type: application/json; charset=utf-8
cache-control: no-cache

20:20:13.283 [AsyncHttpClient-1-6] DEBUG org.asynchttpclient.netty.channel.ChannelManager - Adding key: http://localhost:26782 for channel [id: 0xe643dc5d, L:/127.0.0.1:55362 - R:localhost/127.0.0.1:26782]
20:20:13.284 [Forwarding findElement on session a40144a8ccbc887ede7c633b27274608 to remote] DEBUG org.asynchttpclient.netty.request.NettyRequestSender - Using pooled Channel '[id: 0xe643dc5d, L:/127.0.0.1:55362 - R:localhost/127.0.0.1:26782]' for 'POST' to 'http://localhost:26782/session/a40144a8ccbc887ede7c633b27274608/element'
20:20:13.284 [Forwarding findElement on session a40144a8ccbc887ede7c633b27274608 to remote] DEBUG org.asynchttpclient.netty.request.NettyRequestSender - Using open Channel [id: 0xe643dc5d, L:/127.0.0.1:55362 - R:localhost/127.0.0.1:26782] for POST '/session/a40144a8ccbc887ede7c633b27274608/element'
20:20:13.293 [AsyncHttpClient-1-6] DEBUG org.asynchttpclient.netty.handler.HttpHandler - 

Request DefaultHttpRequest(decodeResult: success, version: HTTP/1.1)
POST /session/a40144a8ccbc887ede7c633b27274608/element HTTP/1.1
User-Agent: selenium/4.8.1 (java windows)
Content-Length: 118
Content-Type: application/json; charset=utf-8
host: localhost:26782
accept: */*

Response DefaultHttpResponse(decodeResult: success, version: HTTP/1.1)
HTTP/1.1 200 OK
Content-Length: 88
Content-Type: application/json; charset=utf-8
cache-control: no-cache

20:20:13.293 [AsyncHttpClient-1-6] DEBUG org.asynchttpclient.netty.channel.ChannelManager - Adding key: http://localhost:26782 for channel [id: 0xe643dc5d, L:/127.0.0.1:55362 - R:localhost/127.0.0.1:26782]
20:20:13.293 [Forwarding clickElement on session a40144a8ccbc887ede7c633b27274608 to remote] DEBUG org.asynchttpclient.netty.request.NettyRequestSender - Using pooled Channel '[id: 0xe643dc5d, L:/127.0.0.1:55362 - R:localhost/127.0.0.1:26782]' for 'POST' to 'http://localhost:26782/session/a40144a8ccbc887ede7c633b27274608/element/fdf97e04-c580-4801-85ef-b30914eadc40/click'
20:20:13.293 [Forwarding clickElement on session a40144a8ccbc887ede7c633b27274608 to remote] DEBUG org.asynchttpclient.netty.request.NettyRequestSender - Using open Channel [id: 0xe643dc5d, L:/127.0.0.1:55362 - R:localhost/127.0.0.1:26782] for POST '/session/a40144a8ccbc887ede7c633b27274608/element/fdf97e04-c580-4801-85ef-b30914eadc40/click'
20:20:13.369 [AsyncHttpClient-1-6] DEBUG org.asynchttpclient.netty.handler.HttpHandler - 

Request DefaultHttpRequest(decodeResult: success, version: HTTP/1.1)
POST /session/a40144a8ccbc887ede7c633b27274608/element/fdf97e04-c580-4801-85ef-b30914eadc40/click HTTP/1.1
User-Agent: selenium/4.8.1 (java windows)
Content-Length: 50
Content-Type: application/json; charset=utf-8
host: localhost:26782
accept: */*

Response DefaultHttpResponse(decodeResult: success, version: HTTP/1.1)
HTTP/1.1 200 OK
Content-Length: 14
Content-Type: application/json; charset=utf-8
cache-control: no-cache

20:20:13.369 [AsyncHttpClient-1-6] DEBUG org.asynchttpclient.netty.channel.ChannelManager - Adding key: http://localhost:26782 for channel [id: 0xe643dc5d, L:/127.0.0.1:55362 - R:localhost/127.0.0.1:26782]
20:20:13.374 [Forwarding getAlertText on session a40144a8ccbc887ede7c633b27274608 to remote] DEBUG org.asynchttpclient.netty.request.NettyRequestSender - Using pooled Channel '[id: 0xe643dc5d, L:/127.0.0.1:55362 - R:localhost/127.0.0.1:26782]' for 'GET' to 'http://localhost:26782/session/a40144a8ccbc887ede7c633b27274608/alert/text'
20:20:13.374 [Forwarding getAlertText on session a40144a8ccbc887ede7c633b27274608 to remote] DEBUG org.asynchttpclient.netty.request.NettyRequestSender - Using open Channel [id: 0xe643dc5d, L:/127.0.0.1:55362 - R:localhost/127.0.0.1:26782] for GET '/session/a40144a8ccbc887ede7c633b27274608/alert/text'
20:20:13.376 [AsyncHttpClient-1-6] DEBUG org.asynchttpclient.netty.handler.HttpHandler - 

Request DefaultFullHttpRequest(decodeResult: success, version: HTTP/1.1, content: EmptyByteBufBE)
GET /session/a40144a8ccbc887ede7c633b27274608/alert/text HTTP/1.1
User-Agent: selenium/4.8.1 (java windows)
Cache-Control: no-cache
Content-Type: application/json; charset=utf-8
host: localhost:26782
accept: */*

Response DefaultHttpResponse(decodeResult: success, version: HTTP/1.1)
HTTP/1.1 404 Not Found
Content-Length: 836
Content-Type: application/json; charset=utf-8
cache-control: no-cache

20:20:13.376 [AsyncHttpClient-1-6] DEBUG org.asynchttpclient.netty.channel.ChannelManager - Adding key: http://localhost:26782 for channel [id: 0xe643dc5d, L:/127.0.0.1:55362 - R:localhost/127.0.0.1:26782]
20:20:13.377 [Forwarding getCurrentUrl on session a40144a8ccbc887ede7c633b27274608 to remote] DEBUG org.asynchttpclient.netty.request.NettyRequestSender - Using pooled Channel '[id: 0xe643dc5d, L:/127.0.0.1:55362 - R:localhost/127.0.0.1:26782]' for 'GET' to 'http://localhost:26782/session/a40144a8ccbc887ede7c633b27274608/url'
20:20:13.377 [Forwarding getCurrentUrl on session a40144a8ccbc887ede7c633b27274608 to remote] DEBUG org.asynchttpclient.netty.request.NettyRequestSender - Using open Channel [id: 0xe643dc5d, L:/127.0.0.1:55362 - R:localhost/127.0.0.1:26782] for GET '/session/a40144a8ccbc887ede7c633b27274608/url'
20:20:13.380 [AsyncHttpClient-1-6] DEBUG org.asynchttpclient.netty.handler.HttpHandler - 

Request DefaultFullHttpRequest(decodeResult: success, version: HTTP/1.1, content: EmptyByteBufBE)
GET /session/a40144a8ccbc887ede7c633b27274608/url HTTP/1.1
User-Agent: selenium/4.8.1 (java windows)
Cache-Control: no-cache
Content-Type: application/json; charset=utf-8
host: localhost:26782
accept: */*

Response DefaultHttpResponse(decodeResult: success, version: HTTP/1.1)
HTTP/1.1 200 OK
Content-Length: 41
Content-Type: application/json; charset=utf-8
cache-control: no-cache

20:20:13.380 [AsyncHttpClient-1-6] DEBUG org.asynchttpclient.netty.channel.ChannelManager - Adding key: http://localhost:26782 for channel [id: 0xe643dc5d, L:/127.0.0.1:55362 - R:localhost/127.0.0.1:26782]
20:20:13.380 [Forwarding screenshot on session a40144a8ccbc887ede7c633b27274608 to remote] DEBUG org.asynchttpclient.netty.request.NettyRequestSender - Using pooled Channel '[id: 0xe643dc5d, L:/127.0.0.1:55362 - R:localhost/127.0.0.1:26782]' for 'GET' to 'http://localhost:26782/session/a40144a8ccbc887ede7c633b27274608/screenshot'
20:20:13.380 [Forwarding screenshot on session a40144a8ccbc887ede7c633b27274608 to remote] DEBUG org.asynchttpclient.netty.request.NettyRequestSender - Using open Channel [id: 0xe643dc5d, L:/127.0.0.1:55362 - R:localhost/127.0.0.1:26782] for GET '/session/a40144a8ccbc887ede7c633b27274608/screenshot'
20:20:13.543 [AsyncHttpClient-1-6] DEBUG org.asynchttpclient.netty.handler.HttpHandler - 

Request DefaultFullHttpRequest(decodeResult: success, version: HTTP/1.1, content: EmptyByteBufBE)
GET /session/a40144a8ccbc887ede7c633b27274608/screenshot HTTP/1.1
User-Agent: selenium/4.8.1 (java windows)
Cache-Control: no-cache
Content-Type: application/json; charset=utf-8
host: localhost:26782
accept: */*

Response DefaultHttpResponse(decodeResult: success, version: HTTP/1.1)
HTTP/1.1 200 OK
Content-Length: 69048
Content-Type: application/json; charset=utf-8
cache-control: no-cache

20:20:13.544 [AsyncHttpClient-1-6] DEBUG org.asynchttpclient.netty.channel.ChannelManager - Adding key: http://localhost:26782 for channel [id: 0xe643dc5d, L:/127.0.0.1:55362 - R:localhost/127.0.0.1:26782]
20:20:13.545 [main] DEBUG net.serenitybdd.core.photography.Darkroom - Send negative for processing for target\site\serenity\03b86e2bf223e33788c6d9149ce9338339cd4158b4e54c35b537423efb8e7b11.png
20:20:13.545 [main] DEBUG net.thucydides.core.steps.StepInterceptor - STEP DONE: clickSelectCategory
  &amp#27;[32mAnd &amp#27;[0m&amp#27;[32mI click select category dropdown&amp#27;[0m                       &amp#27;[90m# starter.stepdefinitions.CategorySteps.clickSelectCategory()&amp#27;[0m
20:20:13.545 [Darkroom Processing Line] DEBUG net.serenitybdd.core.photography.DarkroomProcessingLine - Processing screenshot image in /var/screenshots/screenshot-2507154060102314036
20:20:13.545 [Darkroom Processing Line] DEBUG net.serenitybdd.core.photography.DarkroomProcessingLine - Saving screenshot to target\site\serenity\03b86e2bf223e33788c6d9149ce9338339cd4158b4e54c35b537423efb8e7b11.png
20:20:13.551 [Forwarding getPageSource on session a40144a8ccbc887ede7c633b27274608 to remote] DEBUG org.asynchttpclient.netty.request.NettyRequestSender - Using pooled Channel '[id: 0xe643dc5d, L:/127.0.0.1:55362 - R:localhost/127.0.0.1:26782]' for 'POST' to 'http://localhost:26782/session/a40144a8ccbc887ede7c633b27274608/execute/sync'
20:20:13.551 [Forwarding getPageSource on session a40144a8ccbc887ede7c633b27274608 to remote] DEBUG org.asynchttpclient.netty.request.NettyRequestSender - Using open Channel [id: 0xe643dc5d, L:/127.0.0.1:55362 - R:localhost/127.0.0.1:26782] for POST '/session/a40144a8ccbc887ede7c633b27274608/execute/sync'
20:20:13.554 [AsyncHttpClient-1-1] DEBUG org.asynchttpclient.netty.channel.DefaultChannelPool - Entry count for : http://localhost:55363 : 1
20:20:13.568 [AsyncHttpClient-1-6] DEBUG org.asynchttpclient.netty.handler.HttpHandler - 

Request DefaultHttpRequest(decodeResult: success, version: HTTP/1.1)
POST /session/a40144a8ccbc887ede7c633b27274608/execute/sync HTTP/1.1
User-Agent: selenium/4.8.1 (java windows)
Content-Length: 176
Content-Type: application/json; charset=utf-8
host: localhost:26782
accept: */*

Response DefaultHttpResponse(decodeResult: success, version: HTTP/1.1)
HTTP/1.1 200 OK
Content-Length: 223851
Content-Type: application/json; charset=utf-8
cache-control: no-cache

20:20:13.568 [AsyncHttpClient-1-6] DEBUG org.asynchttpclient.netty.channel.ChannelManager - Adding key: http://localhost:26782 for channel [id: 0xe643dc5d, L:/127.0.0.1:55362 - R:localhost/127.0.0.1:26782]
20:20:13.578 [Forwarding getCurrentUrl on session a40144a8ccbc887ede7c633b27274608 to remote] DEBUG org.asynchttpclient.netty.request.NettyRequestSender - Using pooled Channel '[id: 0xe643dc5d, L:/127.0.0.1:55362 - R:localhost/127.0.0.1:26782]' for 'GET' to 'http://localhost:26782/session/a40144a8ccbc887ede7c633b27274608/url'
20:20:13.578 [Forwarding getCurrentUrl on session a40144a8ccbc887ede7c633b27274608 to remote] DEBUG org.asynchttpclient.netty.request.NettyRequestSender - Using open Channel [id: 0xe643dc5d, L:/127.0.0.1:55362 - R:localhost/127.0.0.1:26782] for GET '/session/a40144a8ccbc887ede7c633b27274608/url'
20:20:13.580 [AsyncHttpClient-1-6] DEBUG org.asynchttpclient.netty.handler.HttpHandler - 

Request DefaultFullHttpRequest(decodeResult: success, version: HTTP/1.1, content: EmptyByteBufBE)
GET /session/a40144a8ccbc887ede7c633b27274608/url HTTP/1.1
User-Agent: selenium/4.8.1 (java windows)
Cache-Control: no-cache
Content-Type: application/json; charset=utf-8
host: localhost:26782
accept: */*

Response DefaultHttpResponse(decodeResult: success, version: HTTP/1.1)
HTTP/1.1 200 OK
Content-Length: 41
Content-Type: application/json; charset=utf-8
cache-control: no-cache

20:20:13.580 [AsyncHttpClient-1-6] DEBUG org.asynchttpclient.netty.channel.ChannelManager - Adding key: http://localhost:26782 for channel [id: 0xe643dc5d, L:/127.0.0.1:55362 - R:localhost/127.0.0.1:26782]
20:20:13.587 [Forwarding getPageSource on session a40144a8ccbc887ede7c633b27274608 to remote] DEBUG org.asynchttpclient.netty.request.NettyRequestSender - Using pooled Channel '[id: 0xe643dc5d, L:/127.0.0.1:55362 - R:localhost/127.0.0.1:26782]' for 'POST' to 'http://localhost:26782/session/a40144a8ccbc887ede7c633b27274608/execute/sync'
20:20:13.587 [Forwarding getPageSource on session a40144a8ccbc887ede7c633b27274608 to remote] DEBUG org.asynchttpclient.netty.request.NettyRequestSender - Using open Channel [id: 0xe643dc5d, L:/127.0.0.1:55362 - R:localhost/127.0.0.1:26782] for POST '/session/a40144a8ccbc887ede7c633b27274608/execute/sync'
20:20:13.600 [AsyncHttpClient-1-6] DEBUG org.asynchttpclient.netty.handler.HttpHandler - 

Request DefaultHttpRequest(decodeResult: success, version: HTTP/1.1)
POST /session/a40144a8ccbc887ede7c633b27274608/execute/sync HTTP/1.1
User-Agent: selenium/4.8.1 (java windows)
Content-Length: 176
Content-Type: application/json; charset=utf-8
host: localhost:26782
accept: */*

Response DefaultHttpResponse(decodeResult: success, version: HTTP/1.1)
HTTP/1.1 200 OK
Content-Length: 223851
Content-Type: application/json; charset=utf-8
cache-control: no-cache

20:20:13.601 [AsyncHttpClient-1-6] DEBUG org.asynchttpclient.netty.channel.ChannelManager - Adding key: http://localhost:26782 for channel [id: 0xe643dc5d, L:/127.0.0.1:55362 - R:localhost/127.0.0.1:26782]
20:20:13.610 [Forwarding getCurrentUrl on session a40144a8ccbc887ede7c633b27274608 to remote] DEBUG org.asynchttpclient.netty.request.NettyRequestSender - Using pooled Channel '[id: 0xe643dc5d, L:/127.0.0.1:55362 - R:localhost/127.0.0.1:26782]' for 'GET' to 'http://localhost:26782/session/a40144a8ccbc887ede7c633b27274608/url'
20:20:13.610 [Forwarding getCurrentUrl on session a40144a8ccbc887ede7c633b27274608 to remote] DEBUG org.asynchttpclient.netty.request.NettyRequestSender - Using open Channel [id: 0xe643dc5d, L:/127.0.0.1:55362 - R:localhost/127.0.0.1:26782] for GET '/session/a40144a8ccbc887ede7c633b27274608/url'
20:20:13.613 [AsyncHttpClient-1-6] DEBUG org.asynchttpclient.netty.handler.HttpHandler - 

Request DefaultFullHttpRequest(decodeResult: success, version: HTTP/1.1, content: EmptyByteBufBE)
GET /session/a40144a8ccbc887ede7c633b27274608/url HTTP/1.1
User-Agent: selenium/4.8.1 (java windows)
Cache-Control: no-cache
Content-Type: application/json; charset=utf-8
host: localhost:26782
accept: */*

Response DefaultHttpResponse(decodeResult: success, version: HTTP/1.1)
HTTP/1.1 200 OK
Content-Length: 41
Content-Type: application/json; charset=utf-8
cache-control: no-cache

20:20:13.613 [AsyncHttpClient-1-6] DEBUG org.asynchttpclient.netty.channel.ChannelManager - Adding key: http://localhost:26782 for channel [id: 0xe643dc5d, L:/127.0.0.1:55362 - R:localhost/127.0.0.1:26782]
20:20:13.615 [main] DEBUG net.thucydides.core.steps.StepInterceptor - STARTING STEP: CategorySteps.clickGamingCategory - clickGamingCategory
20:20:13.617 [Forwarding findElement on session a40144a8ccbc887ede7c633b27274608 to remote] DEBUG org.asynchttpclient.netty.request.NettyRequestSender - Using pooled Channel '[id: 0xe643dc5d, L:/127.0.0.1:55362 - R:localhost/127.0.0.1:26782]' for 'POST' to 'http://localhost:26782/session/a40144a8ccbc887ede7c633b27274608/element'
20:20:13.617 [Forwarding findElement on session a40144a8ccbc887ede7c633b27274608 to remote] DEBUG org.asynchttpclient.netty.request.NettyRequestSender - Using open Channel [id: 0xe643dc5d, L:/127.0.0.1:55362 - R:localhost/127.0.0.1:26782] for POST '/session/a40144a8ccbc887ede7c633b27274608/element'
20:20:13.629 [AsyncHttpClient-1-6] DEBUG org.asynchttpclient.netty.handler.HttpHandler - 

Request DefaultHttpRequest(decodeResult: success, version: HTTP/1.1)
POST /session/a40144a8ccbc887ede7c633b27274608/element HTTP/1.1
User-Agent: selenium/4.8.1 (java windows)
Content-Length: 71
Content-Type: application/json; charset=utf-8
host: localhost:26782
accept: */*

Response DefaultHttpResponse(decodeResult: success, version: HTTP/1.1)
HTTP/1.1 200 OK
Content-Length: 88
Content-Type: application/json; charset=utf-8
cache-control: no-cache

20:20:13.629 [AsyncHttpClient-1-6] DEBUG org.asynchttpclient.netty.channel.ChannelManager - Adding key: http://localhost:26782 for channel [id: 0xe643dc5d, L:/127.0.0.1:55362 - R:localhost/127.0.0.1:26782]
20:20:13.630 [Forwarding getElementTagName on session a40144a8ccbc887ede7c633b27274608 to remote] DEBUG org.asynchttpclient.netty.request.NettyRequestSender - Using pooled Channel '[id: 0xe643dc5d, L:/127.0.0.1:55362 - R:localhost/127.0.0.1:26782]' for 'GET' to 'http://localhost:26782/session/a40144a8ccbc887ede7c633b27274608/element/c302607c-abfd-4f2d-85d1-de4f5eee3a73/name'
20:20:13.630 [Forwarding getElementTagName on session a40144a8ccbc887ede7c633b27274608 to remote] DEBUG org.asynchttpclient.netty.request.NettyRequestSender - Using open Channel [id: 0xe643dc5d, L:/127.0.0.1:55362 - R:localhost/127.0.0.1:26782] for GET '/session/a40144a8ccbc887ede7c633b27274608/element/c302607c-abfd-4f2d-85d1-de4f5eee3a73/name'
20:20:13.635 [AsyncHttpClient-1-6] DEBUG org.asynchttpclient.netty.handler.HttpHandler - 

Request DefaultFullHttpRequest(decodeResult: success, version: HTTP/1.1, content: EmptyByteBufBE)
GET /session/a40144a8ccbc887ede7c633b27274608/element/c302607c-abfd-4f2d-85d1-de4f5eee3a73/name HTTP/1.1
User-Agent: selenium/4.8.1 (java windows)
Cache-Control: no-cache
Content-Type: application/json; charset=utf-8
host: localhost:26782
accept: */*

Response DefaultHttpResponse(decodeResult: success, version: HTTP/1.1)
HTTP/1.1 200 OK
Content-Length: 15
Content-Type: application/json; charset=utf-8
cache-control: no-cache

20:20:13.635 [AsyncHttpClient-1-6] DEBUG org.asynchttpclient.netty.channel.ChannelManager - Adding key: http://localhost:26782 for channel [id: 0xe643dc5d, L:/127.0.0.1:55362 - R:localhost/127.0.0.1:26782]
20:20:13.635 [Forwarding getElementTagName on session a40144a8ccbc887ede7c633b27274608 to remote] DEBUG org.asynchttpclient.netty.request.NettyRequestSender - Using pooled Channel '[id: 0xe643dc5d, L:/127.0.0.1:55362 - R:localhost/127.0.0.1:26782]' for 'GET' to 'http://localhost:26782/session/a40144a8ccbc887ede7c633b27274608/element/c302607c-abfd-4f2d-85d1-de4f5eee3a73/name'
20:20:13.635 [Forwarding getElementTagName on session a40144a8ccbc887ede7c633b27274608 to remote] DEBUG org.asynchttpclient.netty.request.NettyRequestSender - Using open Channel [id: 0xe643dc5d, L:/127.0.0.1:55362 - R:localhost/127.0.0.1:26782] for GET '/session/a40144a8ccbc887ede7c633b27274608/element/c302607c-abfd-4f2d-85d1-de4f5eee3a73/name'
20:20:13.639 [AsyncHttpClient-1-6] DEBUG org.asynchttpclient.netty.handler.HttpHandler - 

Request DefaultFullHttpRequest(decodeResult: success, version: HTTP/1.1, content: EmptyByteBufBE)
GET /session/a40144a8ccbc887ede7c633b27274608/element/c302607c-abfd-4f2d-85d1-de4f5eee3a73/name HTTP/1.1
User-Agent: selenium/4.8.1 (java windows)
Cache-Control: no-cache
Content-Type: application/json; charset=utf-8
host: localhost:26782
accept: */*

Response DefaultHttpResponse(decodeResult: success, version: HTTP/1.1)
HTTP/1.1 200 OK
Content-Length: 15
Content-Type: application/json; charset=utf-8
cache-control: no-cache

20:20:13.640 [AsyncHttpClient-1-6] DEBUG org.asynchttpclient.netty.channel.ChannelManager - Adding key: http://localhost:26782 for channel [id: 0xe643dc5d, L:/127.0.0.1:55362 - R:localhost/127.0.0.1:26782]
20:20:13.640 [Forwarding findElement on session a40144a8ccbc887ede7c633b27274608 to remote] DEBUG org.asynchttpclient.netty.request.NettyRequestSender - Using pooled Channel '[id: 0xe643dc5d, L:/127.0.0.1:55362 - R:localhost/127.0.0.1:26782]' for 'POST' to 'http://localhost:26782/session/a40144a8ccbc887ede7c633b27274608/element'
20:20:13.640 [Forwarding findElement on session a40144a8ccbc887ede7c633b27274608 to remote] DEBUG org.asynchttpclient.netty.request.NettyRequestSender - Using open Channel [id: 0xe643dc5d, L:/127.0.0.1:55362 - R:localhost/127.0.0.1:26782] for POST '/session/a40144a8ccbc887ede7c633b27274608/element'
20:20:13.648 [AsyncHttpClient-1-6] DEBUG org.asynchttpclient.netty.handler.HttpHandler - 

Request DefaultHttpRequest(decodeResult: success, version: HTTP/1.1)
POST /session/a40144a8ccbc887ede7c633b27274608/element HTTP/1.1
User-Agent: selenium/4.8.1 (java windows)
Content-Length: 71
Content-Type: application/json; charset=utf-8
host: localhost:26782
accept: */*

Response DefaultHttpResponse(decodeResult: success, version: HTTP/1.1)
HTTP/1.1 200 OK
Content-Length: 88
Content-Type: application/json; charset=utf-8
cache-control: no-cache

20:20:13.648 [AsyncHttpClient-1-6] DEBUG org.asynchttpclient.netty.channel.ChannelManager - Adding key: http://localhost:26782 for channel [id: 0xe643dc5d, L:/127.0.0.1:55362 - R:localhost/127.0.0.1:26782]
20:20:13.649 [Forwarding clickElement on session a40144a8ccbc887ede7c633b27274608 to remote] DEBUG org.asynchttpclient.netty.request.NettyRequestSender - Using pooled Channel '[id: 0xe643dc5d, L:/127.0.0.1:55362 - R:localhost/127.0.0.1:26782]' for 'POST' to 'http://localhost:26782/session/a40144a8ccbc887ede7c633b27274608/element/c302607c-abfd-4f2d-85d1-de4f5eee3a73/click'
20:20:13.649 [Forwarding clickElement on session a40144a8ccbc887ede7c633b27274608 to remote] DEBUG org.asynchttpclient.netty.request.NettyRequestSender - Using open Channel [id: 0xe643dc5d, L:/127.0.0.1:55362 - R:localhost/127.0.0.1:26782] for POST '/session/a40144a8ccbc887ede7c633b27274608/element/c302607c-abfd-4f2d-85d1-de4f5eee3a73/click'
20:20:13.731 [AsyncHttpClient-1-6] DEBUG org.asynchttpclient.netty.handler.HttpHandler - 

Request DefaultHttpRequest(decodeResult: success, version: HTTP/1.1)
POST /session/a40144a8ccbc887ede7c633b27274608/element/c302607c-abfd-4f2d-85d1-de4f5eee3a73/click HTTP/1.1
User-Agent: selenium/4.8.1 (java windows)
Content-Length: 50
Content-Type: application/json; charset=utf-8
host: localhost:26782
accept: */*

Response DefaultHttpResponse(decodeResult: success, version: HTTP/1.1)
HTTP/1.1 200 OK
Content-Length: 14
Content-Type: application/json; charset=utf-8
cache-control: no-cache

20:20:13.731 [AsyncHttpClient-1-6] DEBUG org.asynchttpclient.netty.channel.ChannelManager - Adding key: http://localhost:26782 for channel [id: 0xe643dc5d, L:/127.0.0.1:55362 - R:localhost/127.0.0.1:26782]
20:20:13.735 [Forwarding getAlertText on session a40144a8ccbc887ede7c633b27274608 to remote] DEBUG org.asynchttpclient.netty.request.NettyRequestSender - Using pooled Channel '[id: 0xe643dc5d, L:/127.0.0.1:55362 - R:localhost/127.0.0.1:26782]' for 'GET' to 'http://localhost:26782/session/a40144a8ccbc887ede7c633b27274608/alert/text'
20:20:13.735 [Forwarding getAlertText on session a40144a8ccbc887ede7c633b27274608 to remote] DEBUG org.asynchttpclient.netty.request.NettyRequestSender - Using open Channel [id: 0xe643dc5d, L:/127.0.0.1:55362 - R:localhost/127.0.0.1:26782] for GET '/session/a40144a8ccbc887ede7c633b27274608/alert/text'
20:20:13.736 [AsyncHttpClient-1-6] DEBUG org.asynchttpclient.netty.handler.HttpHandler - 

Request DefaultFullHttpRequest(decodeResult: success, version: HTTP/1.1, content: EmptyByteBufBE)
GET /session/a40144a8ccbc887ede7c633b27274608/alert/text HTTP/1.1
User-Agent: selenium/4.8.1 (java windows)
Cache-Control: no-cache
Content-Type: application/json; charset=utf-8
host: localhost:26782
accept: */*

Response DefaultHttpResponse(decodeResult: success, version: HTTP/1.1)
HTTP/1.1 404 Not Found
Content-Length: 836
Content-Type: application/json; charset=utf-8
cache-control: no-cache

20:20:13.736 [AsyncHttpClient-1-6] DEBUG org.asynchttpclient.netty.channel.ChannelManager - Adding key: http://localhost:26782 for channel [id: 0xe643dc5d, L:/127.0.0.1:55362 - R:localhost/127.0.0.1:26782]
20:20:13.736 [Forwarding getCurrentUrl on session a40144a8ccbc887ede7c633b27274608 to remote] DEBUG org.asynchttpclient.netty.request.NettyRequestSender - Using pooled Channel '[id: 0xe643dc5d, L:/127.0.0.1:55362 - R:localhost/127.0.0.1:26782]' for 'GET' to 'http://localhost:26782/session/a40144a8ccbc887ede7c633b27274608/url'
20:20:13.736 [Forwarding getCurrentUrl on session a40144a8ccbc887ede7c633b27274608 to remote] DEBUG org.asynchttpclient.netty.request.NettyRequestSender - Using open Channel [id: 0xe643dc5d, L:/127.0.0.1:55362 - R:localhost/127.0.0.1:26782] for GET '/session/a40144a8ccbc887ede7c633b27274608/url'
20:20:13.739 [AsyncHttpClient-1-6] DEBUG org.asynchttpclient.netty.handler.HttpHandler - 

Request DefaultFullHttpRequest(decodeResult: success, version: HTTP/1.1, content: EmptyByteBufBE)
GET /session/a40144a8ccbc887ede7c633b27274608/url HTTP/1.1
User-Agent: selenium/4.8.1 (java windows)
Cache-Control: no-cache
Content-Type: application/json; charset=utf-8
host: localhost:26782
accept: */*

Response DefaultHttpResponse(decodeResult: success, version: HTTP/1.1)
HTTP/1.1 200 OK
Content-Length: 41
Content-Type: application/json; charset=utf-8
cache-control: no-cache

20:20:13.739 [AsyncHttpClient-1-6] DEBUG org.asynchttpclient.netty.channel.ChannelManager - Adding key: http://localhost:26782 for channel [id: 0xe643dc5d, L:/127.0.0.1:55362 - R:localhost/127.0.0.1:26782]
20:20:13.739 [Forwarding screenshot on session a40144a8ccbc887ede7c633b27274608 to remote] DEBUG org.asynchttpclient.netty.request.NettyRequestSender - Using pooled Channel '[id: 0xe643dc5d, L:/127.0.0.1:55362 - R:localhost/127.0.0.1:26782]' for 'GET' to 'http://localhost:26782/session/a40144a8ccbc887ede7c633b27274608/screenshot'
20:20:13.739 [Forwarding screenshot on session a40144a8ccbc887ede7c633b27274608 to remote] DEBUG org.asynchttpclient.netty.request.NettyRequestSender - Using open Channel [id: 0xe643dc5d, L:/127.0.0.1:55362 - R:localhost/127.0.0.1:26782] for GET '/session/a40144a8ccbc887ede7c633b27274608/screenshot'
20:20:13.843 [AsyncHttpClient-1-6] DEBUG org.asynchttpclient.netty.handler.HttpHandler - 

Request DefaultFullHttpRequest(decodeResult: success, version: HTTP/1.1, content: EmptyByteBufBE)
GET /session/a40144a8ccbc887ede7c633b27274608/screenshot HTTP/1.1
User-Agent: selenium/4.8.1 (java windows)
Cache-Control: no-cache
Content-Type: application/json; charset=utf-8
host: localhost:26782
accept: */*

Response DefaultHttpResponse(decodeResult: success, version: HTTP/1.1)
HTTP/1.1 200 OK
Content-Length: 34464
Content-Type: application/json; charset=utf-8
cache-control: no-cache

20:20:13.843 [AsyncHttpClient-1-6] DEBUG org.asynchttpclient.netty.channel.ChannelManager - Adding key: http://localhost:26782 for channel [id: 0xe643dc5d, L:/127.0.0.1:55362 - R:localhost/127.0.0.1:26782]
20:20:13.846 [main] DEBUG net.serenitybdd.core.photography.Darkroom - Send negative for processing for target\site\serenity\8439da56a94e5d5b7abbe2430be1b511243bd78c91c20452030823112f1674b2.png
20:20:13.846 [main] DEBUG net.thucydides.core.steps.StepInterceptor - STEP DONE: clickGamingCategory
  &amp#27;[32mWhen &amp#27;[0m&amp#27;[32mI click gaming category&amp#27;[0m                               &amp#27;[90m# starter.stepdefinitions.CategorySteps.clickGamingCategory()&amp#27;[0m
20:20:13.847 [Darkroom Processing Line] DEBUG net.serenitybdd.core.photography.DarkroomProcessingLine - Processing screenshot image in /var/screenshots/screenshot-13530627688652361638
20:20:13.847 [Darkroom Processing Line] DEBUG net.serenitybdd.core.photography.DarkroomProcessingLine - Saving screenshot to target\site\serenity\8439da56a94e5d5b7abbe2430be1b511243bd78c91c20452030823112f1674b2.png
20:20:13.853 [Forwarding getPageSource on session a40144a8ccbc887ede7c633b27274608 to remote] DEBUG org.asynchttpclient.netty.request.NettyRequestSender - Using pooled Channel '[id: 0xe643dc5d, L:/127.0.0.1:55362 - R:localhost/127.0.0.1:26782]' for 'POST' to 'http://localhost:26782/session/a40144a8ccbc887ede7c633b27274608/execute/sync'
20:20:13.853 [Forwarding getPageSource on session a40144a8ccbc887ede7c633b27274608 to remote] DEBUG org.asynchttpclient.netty.request.NettyRequestSender - Using open Channel [id: 0xe643dc5d, L:/127.0.0.1:55362 - R:localhost/127.0.0.1:26782] for POST '/session/a40144a8ccbc887ede7c633b27274608/execute/sync'
20:20:13.857 [AsyncHttpClient-1-6] DEBUG org.asynchttpclient.netty.handler.HttpHandler - 

Request DefaultHttpRequest(decodeResult: success, version: HTTP/1.1)
POST /session/a40144a8ccbc887ede7c633b27274608/execute/sync HTTP/1.1
User-Agent: selenium/4.8.1 (java windows)
Content-Length: 176
Content-Type: application/json; charset=utf-8
host: localhost:26782
accept: */*

Response DefaultHttpResponse(decodeResult: success, version: HTTP/1.1)
HTTP/1.1 200 OK
Content-Length: 27982
Content-Type: application/json; charset=utf-8
cache-control: no-cache

20:20:13.857 [AsyncHttpClient-1-6] DEBUG org.asynchttpclient.netty.channel.ChannelManager - Adding key: http://localhost:26782 for channel [id: 0xe643dc5d, L:/127.0.0.1:55362 - R:localhost/127.0.0.1:26782]
20:20:13.859 [Forwarding getCurrentUrl on session a40144a8ccbc887ede7c633b27274608 to remote] DEBUG org.asynchttpclient.netty.request.NettyRequestSender - Using pooled Channel '[id: 0xe643dc5d, L:/127.0.0.1:55362 - R:localhost/127.0.0.1:26782]' for 'GET' to 'http://localhost:26782/session/a40144a8ccbc887ede7c633b27274608/url'
20:20:13.859 [Forwarding getCurrentUrl on session a40144a8ccbc887ede7c633b27274608 to remote] DEBUG org.asynchttpclient.netty.request.NettyRequestSender - Using open Channel [id: 0xe643dc5d, L:/127.0.0.1:55362 - R:localhost/127.0.0.1:26782] for GET '/session/a40144a8ccbc887ede7c633b27274608/url'
20:20:13.862 [AsyncHttpClient-1-6] DEBUG org.asynchttpclient.netty.handler.HttpHandler - 

Request DefaultFullHttpRequest(decodeResult: success, version: HTTP/1.1, content: EmptyByteBufBE)
GET /session/a40144a8ccbc887ede7c633b27274608/url HTTP/1.1
User-Agent: selenium/4.8.1 (java windows)
Cache-Control: no-cache
Content-Type: application/json; charset=utf-8
host: localhost:26782
accept: */*

Response DefaultHttpResponse(decodeResult: success, version: HTTP/1.1)
HTTP/1.1 200 OK
Content-Length: 41
Content-Type: application/json; charset=utf-8
cache-control: no-cache

20:20:13.862 [AsyncHttpClient-1-6] DEBUG org.asynchttpclient.netty.channel.ChannelManager - Adding key: http://localhost:26782 for channel [id: 0xe643dc5d, L:/127.0.0.1:55362 - R:localhost/127.0.0.1:26782]
20:20:13.869 [Forwarding getPageSource on session a40144a8ccbc887ede7c633b27274608 to remote] DEBUG org.asynchttpclient.netty.request.NettyRequestSender - Using pooled Channel '[id: 0xe643dc5d, L:/127.0.0.1:55362 - R:localhost/127.0.0.1:26782]' for 'POST' to 'http://localhost:26782/session/a40144a8ccbc887ede7c633b27274608/execute/sync'
20:20:13.869 [Forwarding getPageSource on session a40144a8ccbc887ede7c633b27274608 to remote] DEBUG org.asynchttpclient.netty.request.NettyRequestSender - Using open Channel [id: 0xe643dc5d, L:/127.0.0.1:55362 - R:localhost/127.0.0.1:26782] for POST '/session/a40144a8ccbc887ede7c633b27274608/execute/sync'
20:20:13.873 [AsyncHttpClient-1-6] DEBUG org.asynchttpclient.netty.handler.HttpHandler - 

Request DefaultHttpRequest(decodeResult: success, version: HTTP/1.1)
POST /session/a40144a8ccbc887ede7c633b27274608/execute/sync HTTP/1.1
User-Agent: selenium/4.8.1 (java windows)
Content-Length: 176
Content-Type: application/json; charset=utf-8
host: localhost:26782
accept: */*

Response DefaultHttpResponse(decodeResult: success, version: HTTP/1.1)
HTTP/1.1 200 OK
Content-Length: 27982
Content-Type: application/json; charset=utf-8
cache-control: no-cache

20:20:13.873 [AsyncHttpClient-1-6] DEBUG org.asynchttpclient.netty.channel.ChannelManager - Adding key: http://localhost:26782 for channel [id: 0xe643dc5d, L:/127.0.0.1:55362 - R:localhost/127.0.0.1:26782]
20:20:13.875 [Forwarding getCurrentUrl on session a40144a8ccbc887ede7c633b27274608 to remote] DEBUG org.asynchttpclient.netty.request.NettyRequestSender - Using pooled Channel '[id: 0xe643dc5d, L:/127.0.0.1:55362 - R:localhost/127.0.0.1:26782]' for 'GET' to 'http://localhost:26782/session/a40144a8ccbc887ede7c633b27274608/url'
20:20:13.875 [Forwarding getCurrentUrl on session a40144a8ccbc887ede7c633b27274608 to remote] DEBUG org.asynchttpclient.netty.request.NettyRequestSender - Using open Channel [id: 0xe643dc5d, L:/127.0.0.1:55362 - R:localhost/127.0.0.1:26782] for GET '/session/a40144a8ccbc887ede7c633b27274608/url'
20:20:13.877 [AsyncHttpClient-1-6] DEBUG org.asynchttpclient.netty.handler.HttpHandler - 

Request DefaultFullHttpRequest(decodeResult: success, version: HTTP/1.1, content: EmptyByteBufBE)
GET /session/a40144a8ccbc887ede7c633b27274608/url HTTP/1.1
User-Agent: selenium/4.8.1 (java windows)
Cache-Control: no-cache
Content-Type: application/json; charset=utf-8
host: localhost:26782
accept: */*

Response DefaultHttpResponse(decodeResult: success, version: HTTP/1.1)
HTTP/1.1 200 OK
Content-Length: 41
Content-Type: application/json; charset=utf-8
cache-control: no-cache

20:20:13.877 [AsyncHttpClient-1-6] DEBUG org.asynchttpclient.netty.channel.ChannelManager - Adding key: http://localhost:26782 for channel [id: 0xe643dc5d, L:/127.0.0.1:55362 - R:localhost/127.0.0.1:26782]
20:20:13.878 [main] DEBUG net.thucydides.core.steps.StepInterceptor - STARTING STEP: CategorySteps.clickClearCategory - clickClearCategory
20:20:13.881 [Forwarding findElement on session a40144a8ccbc887ede7c633b27274608 to remote] DEBUG org.asynchttpclient.netty.request.NettyRequestSender - Using pooled Channel '[id: 0xe643dc5d, L:/127.0.0.1:55362 - R:localhost/127.0.0.1:26782]' for 'POST' to 'http://localhost:26782/session/a40144a8ccbc887ede7c633b27274608/element'
20:20:13.881 [Forwarding findElement on session a40144a8ccbc887ede7c633b27274608 to remote] DEBUG org.asynchttpclient.netty.request.NettyRequestSender - Using open Channel [id: 0xe643dc5d, L:/127.0.0.1:55362 - R:localhost/127.0.0.1:26782] for POST '/session/a40144a8ccbc887ede7c633b27274608/element'
20:20:13.890 [AsyncHttpClient-1-6] DEBUG org.asynchttpclient.netty.handler.HttpHandler - 

Request DefaultHttpRequest(decodeResult: success, version: HTTP/1.1)
POST /session/a40144a8ccbc887ede7c633b27274608/element HTTP/1.1
User-Agent: selenium/4.8.1 (java windows)
Content-Length: 63
Content-Type: application/json; charset=utf-8
host: localhost:26782
accept: */*

Response DefaultHttpResponse(decodeResult: success, version: HTTP/1.1)
HTTP/1.1 200 OK
Content-Length: 88
Content-Type: application/json; charset=utf-8
cache-control: no-cache

20:20:13.890 [AsyncHttpClient-1-6] DEBUG org.asynchttpclient.netty.channel.ChannelManager - Adding key: http://localhost:26782 for channel [id: 0xe643dc5d, L:/127.0.0.1:55362 - R:localhost/127.0.0.1:26782]
20:20:13.891 [Forwarding getElementTagName on session a40144a8ccbc887ede7c633b27274608 to remote] DEBUG org.asynchttpclient.netty.request.NettyRequestSender - Using pooled Channel '[id: 0xe643dc5d, L:/127.0.0.1:55362 - R:localhost/127.0.0.1:26782]' for 'GET' to 'http://localhost:26782/session/a40144a8ccbc887ede7c633b27274608/element/f15e7f03-d815-46b0-a60c-c804e6de1564/name'
20:20:13.891 [Forwarding getElementTagName on session a40144a8ccbc887ede7c633b27274608 to remote] DEBUG org.asynchttpclient.netty.request.NettyRequestSender - Using open Channel [id: 0xe643dc5d, L:/127.0.0.1:55362 - R:localhost/127.0.0.1:26782] for GET '/session/a40144a8ccbc887ede7c633b27274608/element/f15e7f03-d815-46b0-a60c-c804e6de1564/name'
20:20:13.904 [AsyncHttpClient-1-6] DEBUG org.asynchttpclient.netty.handler.HttpHandler - 

Request DefaultFullHttpRequest(decodeResult: success, version: HTTP/1.1, content: EmptyByteBufBE)
GET /session/a40144a8ccbc887ede7c633b27274608/element/f15e7f03-d815-46b0-a60c-c804e6de1564/name HTTP/1.1
User-Agent: selenium/4.8.1 (java windows)
Cache-Control: no-cache
Content-Type: application/json; charset=utf-8
host: localhost:26782
accept: */*

Response DefaultHttpResponse(decodeResult: success, version: HTTP/1.1)
HTTP/1.1 200 OK
Content-Length: 18
Content-Type: application/json; charset=utf-8
cache-control: no-cache

20:20:13.904 [AsyncHttpClient-1-6] DEBUG org.asynchttpclient.netty.channel.ChannelManager - Adding key: http://localhost:26782 for channel [id: 0xe643dc5d, L:/127.0.0.1:55362 - R:localhost/127.0.0.1:26782]
20:20:13.905 [Forwarding getElementTagName on session a40144a8ccbc887ede7c633b27274608 to remote] DEBUG org.asynchttpclient.netty.request.NettyRequestSender - Using pooled Channel '[id: 0xe643dc5d, L:/127.0.0.1:55362 - R:localhost/127.0.0.1:26782]' for 'GET' to 'http://localhost:26782/session/a40144a8ccbc887ede7c633b27274608/element/f15e7f03-d815-46b0-a60c-c804e6de1564/name'
20:20:13.905 [Forwarding getElementTagName on session a40144a8ccbc887ede7c633b27274608 to remote] DEBUG org.asynchttpclient.netty.request.NettyRequestSender - Using open Channel [id: 0xe643dc5d, L:/127.0.0.1:55362 - R:localhost/127.0.0.1:26782] for GET '/session/a40144a8ccbc887ede7c633b27274608/element/f15e7f03-d815-46b0-a60c-c804e6de1564/name'
20:20:13.915 [AsyncHttpClient-1-6] DEBUG org.asynchttpclient.netty.handler.HttpHandler - 

Request DefaultFullHttpRequest(decodeResult: success, version: HTTP/1.1, content: EmptyByteBufBE)
GET /session/a40144a8ccbc887ede7c633b27274608/element/f15e7f03-d815-46b0-a60c-c804e6de1564/name HTTP/1.1
User-Agent: selenium/4.8.1 (java windows)
Cache-Control: no-cache
Content-Type: application/json; charset=utf-8
host: localhost:26782
accept: */*

Response DefaultHttpResponse(decodeResult: success, version: HTTP/1.1)
HTTP/1.1 200 OK
Content-Length: 18
Content-Type: application/json; charset=utf-8
cache-control: no-cache

20:20:13.915 [AsyncHttpClient-1-6] DEBUG org.asynchttpclient.netty.channel.ChannelManager - Adding key: http://localhost:26782 for channel [id: 0xe643dc5d, L:/127.0.0.1:55362 - R:localhost/127.0.0.1:26782]
20:20:13.919 [Forwarding isElementEnabled on session a40144a8ccbc887ede7c633b27274608 to remote] DEBUG org.asynchttpclient.netty.request.NettyRequestSender - Using pooled Channel '[id: 0xe643dc5d, L:/127.0.0.1:55362 - R:localhost/127.0.0.1:26782]' for 'GET' to 'http://localhost:26782/session/a40144a8ccbc887ede7c633b27274608/element/f15e7f03-d815-46b0-a60c-c804e6de1564/enabled'
20:20:13.919 [Forwarding isElementEnabled on session a40144a8ccbc887ede7c633b27274608 to remote] DEBUG org.asynchttpclient.netty.request.NettyRequestSender - Using open Channel [id: 0xe643dc5d, L:/127.0.0.1:55362 - R:localhost/127.0.0.1:26782] for GET '/session/a40144a8ccbc887ede7c633b27274608/element/f15e7f03-d815-46b0-a60c-c804e6de1564/enabled'
20:20:13.933 [AsyncHttpClient-1-6] DEBUG org.asynchttpclient.netty.handler.HttpHandler - 

Request DefaultFullHttpRequest(decodeResult: success, version: HTTP/1.1, content: EmptyByteBufBE)
GET /session/a40144a8ccbc887ede7c633b27274608/element/f15e7f03-d815-46b0-a60c-c804e6de1564/enabled HTTP/1.1
User-Agent: selenium/4.8.1 (java windows)
Cache-Control: no-cache
Content-Type: application/json; charset=utf-8
host: localhost:26782
accept: */*

Response DefaultHttpResponse(decodeResult: success, version: HTTP/1.1)
HTTP/1.1 200 OK
Content-Length: 14
Content-Type: application/json; charset=utf-8
cache-control: no-cache

20:20:13.933 [AsyncHttpClient-1-6] DEBUG org.asynchttpclient.netty.channel.ChannelManager - Adding key: http://localhost:26782 for channel [id: 0xe643dc5d, L:/127.0.0.1:55362 - R:localhost/127.0.0.1:26782]
20:20:13.934 [Forwarding isElementEnabled on session a40144a8ccbc887ede7c633b27274608 to remote] DEBUG org.asynchttpclient.netty.request.NettyRequestSender - Using pooled Channel '[id: 0xe643dc5d, L:/127.0.0.1:55362 - R:localhost/127.0.0.1:26782]' for 'GET' to 'http://localhost:26782/session/a40144a8ccbc887ede7c633b27274608/element/f15e7f03-d815-46b0-a60c-c804e6de1564/enabled'
20:20:13.934 [Forwarding isElementEnabled on session a40144a8ccbc887ede7c633b27274608 to remote] DEBUG org.asynchttpclient.netty.request.NettyRequestSender - Using open Channel [id: 0xe643dc5d, L:/127.0.0.1:55362 - R:localhost/127.0.0.1:26782] for GET '/session/a40144a8ccbc887ede7c633b27274608/element/f15e7f03-d815-46b0-a60c-c804e6de1564/enabled'
20:20:13.945 [AsyncHttpClient-1-6] DEBUG org.asynchttpclient.netty.handler.HttpHandler - 

Request DefaultFullHttpRequest(decodeResult: success, version: HTTP/1.1, content: EmptyByteBufBE)
GET /session/a40144a8ccbc887ede7c633b27274608/element/f15e7f03-d815-46b0-a60c-c804e6de1564/enabled HTTP/1.1
User-Agent: selenium/4.8.1 (java windows)
Cache-Control: no-cache
Content-Type: application/json; charset=utf-8
host: localhost:26782
accept: */*

Response DefaultHttpResponse(decodeResult: success, version: HTTP/1.1)
HTTP/1.1 200 OK
Content-Length: 14
Content-Type: application/json; charset=utf-8
cache-control: no-cache

20:20:13.945 [AsyncHttpClient-1-6] DEBUG org.asynchttpclient.netty.channel.ChannelManager - Adding key: http://localhost:26782 for channel [id: 0xe643dc5d, L:/127.0.0.1:55362 - R:localhost/127.0.0.1:26782]
20:20:13.947 [Forwarding findElement on session a40144a8ccbc887ede7c633b27274608 to remote] DEBUG org.asynchttpclient.netty.request.NettyRequestSender - Using pooled Channel '[id: 0xe643dc5d, L:/127.0.0.1:55362 - R:localhost/127.0.0.1:26782]' for 'POST' to 'http://localhost:26782/session/a40144a8ccbc887ede7c633b27274608/element'
20:20:13.947 [Forwarding findElement on session a40144a8ccbc887ede7c633b27274608 to remote] DEBUG org.asynchttpclient.netty.request.NettyRequestSender - Using open Channel [id: 0xe643dc5d, L:/127.0.0.1:55362 - R:localhost/127.0.0.1:26782] for POST '/session/a40144a8ccbc887ede7c633b27274608/element'
20:20:13.961 [AsyncHttpClient-1-6] DEBUG org.asynchttpclient.netty.handler.HttpHandler - 

Request DefaultHttpRequest(decodeResult: success, version: HTTP/1.1)
POST /session/a40144a8ccbc887ede7c633b27274608/element HTTP/1.1
User-Agent: selenium/4.8.1 (java windows)
Content-Length: 63
Content-Type: application/json; charset=utf-8
host: localhost:26782
accept: */*

Response DefaultHttpResponse(decodeResult: success, version: HTTP/1.1)
HTTP/1.1 200 OK
Content-Length: 88
Content-Type: application/json; charset=utf-8
cache-control: no-cache

20:20:13.961 [AsyncHttpClient-1-6] DEBUG org.asynchttpclient.netty.channel.ChannelManager - Adding key: http://localhost:26782 for channel [id: 0xe643dc5d, L:/127.0.0.1:55362 - R:localhost/127.0.0.1:26782]
20:20:13.962 [Forwarding clickElement on session a40144a8ccbc887ede7c633b27274608 to remote] DEBUG org.asynchttpclient.netty.request.NettyRequestSender - Using pooled Channel '[id: 0xe643dc5d, L:/127.0.0.1:55362 - R:localhost/127.0.0.1:26782]' for 'POST' to 'http://localhost:26782/session/a40144a8ccbc887ede7c633b27274608/element/f15e7f03-d815-46b0-a60c-c804e6de1564/click'
20:20:13.962 [Forwarding clickElement on session a40144a8ccbc887ede7c633b27274608 to remote] DEBUG org.asynchttpclient.netty.request.NettyRequestSender - Using open Channel [id: 0xe643dc5d, L:/127.0.0.1:55362 - R:localhost/127.0.0.1:26782] for POST '/session/a40144a8ccbc887ede7c633b27274608/element/f15e7f03-d815-46b0-a60c-c804e6de1564/click'
20:20:14.050 [AsyncHttpClient-1-6] DEBUG org.asynchttpclient.netty.handler.HttpHandler - 

Request DefaultHttpRequest(decodeResult: success, version: HTTP/1.1)
POST /session/a40144a8ccbc887ede7c633b27274608/element/f15e7f03-d815-46b0-a60c-c804e6de1564/click HTTP/1.1
User-Agent: selenium/4.8.1 (java windows)
Content-Length: 50
Content-Type: application/json; charset=utf-8
host: localhost:26782
accept: */*

Response DefaultHttpResponse(decodeResult: success, version: HTTP/1.1)
HTTP/1.1 200 OK
Content-Length: 14
Content-Type: application/json; charset=utf-8
cache-control: no-cache

20:20:14.050 [AsyncHttpClient-1-6] DEBUG org.asynchttpclient.netty.channel.ChannelManager - Adding key: http://localhost:26782 for channel [id: 0xe643dc5d, L:/127.0.0.1:55362 - R:localhost/127.0.0.1:26782]
20:20:14.057 [Forwarding getAlertText on session a40144a8ccbc887ede7c633b27274608 to remote] DEBUG org.asynchttpclient.netty.request.NettyRequestSender - Using pooled Channel '[id: 0xe643dc5d, L:/127.0.0.1:55362 - R:localhost/127.0.0.1:26782]' for 'GET' to 'http://localhost:26782/session/a40144a8ccbc887ede7c633b27274608/alert/text'
20:20:14.057 [Forwarding getAlertText on session a40144a8ccbc887ede7c633b27274608 to remote] DEBUG org.asynchttpclient.netty.request.NettyRequestSender - Using open Channel [id: 0xe643dc5d, L:/127.0.0.1:55362 - R:localhost/127.0.0.1:26782] for GET '/session/a40144a8ccbc887ede7c633b27274608/alert/text'
20:20:14.059 [AsyncHttpClient-1-6] DEBUG org.asynchttpclient.netty.handler.HttpHandler - 

Request DefaultFullHttpRequest(decodeResult: success, version: HTTP/1.1, content: EmptyByteBufBE)
GET /session/a40144a8ccbc887ede7c633b27274608/alert/text HTTP/1.1
User-Agent: selenium/4.8.1 (java windows)
Cache-Control: no-cache
Content-Type: application/json; charset=utf-8
host: localhost:26782
accept: */*

Response DefaultHttpResponse(decodeResult: success, version: HTTP/1.1)
HTTP/1.1 404 Not Found
Content-Length: 836
Content-Type: application/json; charset=utf-8
cache-control: no-cache

20:20:14.059 [AsyncHttpClient-1-6] DEBUG org.asynchttpclient.netty.channel.ChannelManager - Adding key: http://localhost:26782 for channel [id: 0xe643dc5d, L:/127.0.0.1:55362 - R:localhost/127.0.0.1:26782]
20:20:14.060 [Forwarding getCurrentUrl on session a40144a8ccbc887ede7c633b27274608 to remote] DEBUG org.asynchttpclient.netty.request.NettyRequestSender - Using pooled Channel '[id: 0xe643dc5d, L:/127.0.0.1:55362 - R:localhost/127.0.0.1:26782]' for 'GET' to 'http://localhost:26782/session/a40144a8ccbc887ede7c633b27274608/url'
20:20:14.060 [Forwarding getCurrentUrl on session a40144a8ccbc887ede7c633b27274608 to remote] DEBUG org.asynchttpclient.netty.request.NettyRequestSender - Using open Channel [id: 0xe643dc5d, L:/127.0.0.1:55362 - R:localhost/127.0.0.1:26782] for GET '/session/a40144a8ccbc887ede7c633b27274608/url'
20:20:14.068 [AsyncHttpClient-1-6] DEBUG org.asynchttpclient.netty.handler.HttpHandler - 

Request DefaultFullHttpRequest(decodeResult: success, version: HTTP/1.1, content: EmptyByteBufBE)
GET /session/a40144a8ccbc887ede7c633b27274608/url HTTP/1.1
User-Agent: selenium/4.8.1 (java windows)
Cache-Control: no-cache
Content-Type: application/json; charset=utf-8
host: localhost:26782
accept: */*

Response DefaultHttpResponse(decodeResult: success, version: HTTP/1.1)
HTTP/1.1 200 OK
Content-Length: 41
Content-Type: application/json; charset=utf-8
cache-control: no-cache

20:20:14.068 [AsyncHttpClient-1-6] DEBUG org.asynchttpclient.netty.channel.ChannelManager - Adding key: http://localhost:26782 for channel [id: 0xe643dc5d, L:/127.0.0.1:55362 - R:localhost/127.0.0.1:26782]
20:20:14.069 [Forwarding screenshot on session a40144a8ccbc887ede7c633b27274608 to remote] DEBUG org.asynchttpclient.netty.request.NettyRequestSender - Using pooled Channel '[id: 0xe643dc5d, L:/127.0.0.1:55362 - R:localhost/127.0.0.1:26782]' for 'GET' to 'http://localhost:26782/session/a40144a8ccbc887ede7c633b27274608/screenshot'
20:20:14.069 [Forwarding screenshot on session a40144a8ccbc887ede7c633b27274608 to remote] DEBUG org.asynchttpclient.netty.request.NettyRequestSender - Using open Channel [id: 0xe643dc5d, L:/127.0.0.1:55362 - R:localhost/127.0.0.1:26782] for GET '/session/a40144a8ccbc887ede7c633b27274608/screenshot'
20:20:14.445 [AsyncHttpClient-1-6] DEBUG org.asynchttpclient.netty.handler.HttpHandler - 

Request DefaultFullHttpRequest(decodeResult: success, version: HTTP/1.1, content: EmptyByteBufBE)
GET /session/a40144a8ccbc887ede7c633b27274608/screenshot HTTP/1.1
User-Agent: selenium/4.8.1 (java windows)
Cache-Control: no-cache
Content-Type: application/json; charset=utf-8
host: localhost:26782
accept: */*

Response DefaultHttpResponse(decodeResult: success, version: HTTP/1.1)
HTTP/1.1 200 OK
Content-Length: 24308
Content-Type: application/json; charset=utf-8
cache-control: no-cache

20:20:14.445 [AsyncHttpClient-1-6] DEBUG org.asynchttpclient.netty.channel.ChannelManager - Adding key: http://localhost:26782 for channel [id: 0xe643dc5d, L:/127.0.0.1:55362 - R:localhost/127.0.0.1:26782]
20:20:14.446 [main] DEBUG net.serenitybdd.core.photography.Darkroom - Send negative for processing for target\site\serenity\51df3ddd1abbcd30f5649e5f57484292401d01eb39bb86360665d23db01d2de5.png
20:20:14.446 [main] DEBUG net.thucydides.core.steps.StepInterceptor - STEP DONE: clickClearCategory
  &amp#27;[32mAnd &amp#27;[0m&amp#27;[32mI click clear category&amp#27;[0m                                 &amp#27;[90m# starter.stepdefinitions.CategorySteps.clickClearCategory()&amp#27;[0m
20:20:14.446 [Darkroom Processing Line] DEBUG net.serenitybdd.core.photography.DarkroomProcessingLine - Processing screenshot image in /var/screenshots/screenshot-199132947743656792
20:20:14.446 [Darkroom Processing Line] DEBUG net.serenitybdd.core.photography.DarkroomProcessingLine - Saving screenshot to target\site\serenity\51df3ddd1abbcd30f5649e5f57484292401d01eb39bb86360665d23db01d2de5.png
20:20:14.454 [Forwarding getPageSource on session a40144a8ccbc887ede7c633b27274608 to remote] DEBUG org.asynchttpclient.netty.request.NettyRequestSender - Using pooled Channel '[id: 0xe643dc5d, L:/127.0.0.1:55362 - R:localhost/127.0.0.1:26782]' for 'POST' to 'http://localhost:26782/session/a40144a8ccbc887ede7c633b27274608/execute/sync'
20:20:14.454 [Forwarding getPageSource on session a40144a8ccbc887ede7c633b27274608 to remote] DEBUG org.asynchttpclient.netty.request.NettyRequestSender - Using open Channel [id: 0xe643dc5d, L:/127.0.0.1:55362 - R:localhost/127.0.0.1:26782] for POST '/session/a40144a8ccbc887ede7c633b27274608/execute/sync'
20:20:14.472 [AsyncHttpClient-1-6] DEBUG org.asynchttpclient.netty.handler.HttpHandler - 

Request DefaultHttpRequest(decodeResult: success, version: HTTP/1.1)
POST /session/a40144a8ccbc887ede7c633b27274608/execute/sync HTTP/1.1
User-Agent: selenium/4.8.1 (java windows)
Content-Length: 176
Content-Type: application/json; charset=utf-8
host: localhost:26782
accept: */*

Response DefaultHttpResponse(decodeResult: success, version: HTTP/1.1)
HTTP/1.1 200 OK
Content-Length: 223792
Content-Type: application/json; charset=utf-8
cache-control: no-cache

20:20:14.473 [AsyncHttpClient-1-6] DEBUG org.asynchttpclient.netty.channel.ChannelManager - Adding key: http://localhost:26782 for channel [id: 0xe643dc5d, L:/127.0.0.1:55362 - R:localhost/127.0.0.1:26782]
20:20:14.482 [Forwarding getCurrentUrl on session a40144a8ccbc887ede7c633b27274608 to remote] DEBUG org.asynchttpclient.netty.request.NettyRequestSender - Using pooled Channel '[id: 0xe643dc5d, L:/127.0.0.1:55362 - R:localhost/127.0.0.1:26782]' for 'GET' to 'http://localhost:26782/session/a40144a8ccbc887ede7c633b27274608/url'
20:20:14.482 [Forwarding getCurrentUrl on session a40144a8ccbc887ede7c633b27274608 to remote] DEBUG org.asynchttpclient.netty.request.NettyRequestSender - Using open Channel [id: 0xe643dc5d, L:/127.0.0.1:55362 - R:localhost/127.0.0.1:26782] for GET '/session/a40144a8ccbc887ede7c633b27274608/url'
20:20:14.485 [AsyncHttpClient-1-6] DEBUG org.asynchttpclient.netty.handler.HttpHandler - 

Request DefaultFullHttpRequest(decodeResult: success, version: HTTP/1.1, content: EmptyByteBufBE)
GET /session/a40144a8ccbc887ede7c633b27274608/url HTTP/1.1
User-Agent: selenium/4.8.1 (java windows)
Cache-Control: no-cache
Content-Type: application/json; charset=utf-8
host: localhost:26782
accept: */*

Response DefaultHttpResponse(decodeResult: success, version: HTTP/1.1)
HTTP/1.1 200 OK
Content-Length: 41
Content-Type: application/json; charset=utf-8
cache-control: no-cache

20:20:14.485 [AsyncHttpClient-1-6] DEBUG org.asynchttpclient.netty.channel.ChannelManager - Adding key: http://localhost:26782 for channel [id: 0xe643dc5d, L:/127.0.0.1:55362 - R:localhost/127.0.0.1:26782]
20:20:14.496 [Forwarding getAlertText on session a40144a8ccbc887ede7c633b27274608 to remote] DEBUG org.asynchttpclient.netty.request.NettyRequestSender - Using pooled Channel '[id: 0xe643dc5d, L:/127.0.0.1:55362 - R:localhost/127.0.0.1:26782]' for 'GET' to 'http://localhost:26782/session/a40144a8ccbc887ede7c633b27274608/alert/text'
20:20:14.496 [Forwarding getAlertText on session a40144a8ccbc887ede7c633b27274608 to remote] DEBUG org.asynchttpclient.netty.request.NettyRequestSender - Using open Channel [id: 0xe643dc5d, L:/127.0.0.1:55362 - R:localhost/127.0.0.1:26782] for GET '/session/a40144a8ccbc887ede7c633b27274608/alert/text'
20:20:14.497 [AsyncHttpClient-1-6] DEBUG org.asynchttpclient.netty.handler.HttpHandler - 

Request DefaultFullHttpRequest(decodeResult: success, version: HTTP/1.1, content: EmptyByteBufBE)
GET /session/a40144a8ccbc887ede7c633b27274608/alert/text HTTP/1.1
User-Agent: selenium/4.8.1 (java windows)
Cache-Control: no-cache
Content-Type: application/json; charset=utf-8
host: localhost:26782
accept: */*

Response DefaultHttpResponse(decodeResult: success, version: HTTP/1.1)
HTTP/1.1 404 Not Found
Content-Length: 836
Content-Type: application/json; charset=utf-8
cache-control: no-cache

20:20:14.497 [AsyncHttpClient-1-6] DEBUG org.asynchttpclient.netty.channel.ChannelManager - Adding key: http://localhost:26782 for channel [id: 0xe643dc5d, L:/127.0.0.1:55362 - R:localhost/127.0.0.1:26782]
20:20:14.498 [Forwarding getCurrentUrl on session a40144a8ccbc887ede7c633b27274608 to remote] DEBUG org.asynchttpclient.netty.request.NettyRequestSender - Using pooled Channel '[id: 0xe643dc5d, L:/127.0.0.1:55362 - R:localhost/127.0.0.1:26782]' for 'GET' to 'http://localhost:26782/session/a40144a8ccbc887ede7c633b27274608/url'
20:20:14.498 [Forwarding getCurrentUrl on session a40144a8ccbc887ede7c633b27274608 to remote] DEBUG org.asynchttpclient.netty.request.NettyRequestSender - Using open Channel [id: 0xe643dc5d, L:/127.0.0.1:55362 - R:localhost/127.0.0.1:26782] for GET '/session/a40144a8ccbc887ede7c633b27274608/url'
20:20:14.499 [AsyncHttpClient-1-6] DEBUG org.asynchttpclient.netty.handler.HttpHandler - 

Request DefaultFullHttpRequest(decodeResult: success, version: HTTP/1.1, content: EmptyByteBufBE)
GET /session/a40144a8ccbc887ede7c633b27274608/url HTTP/1.1
User-Agent: selenium/4.8.1 (java windows)
Cache-Control: no-cache
Content-Type: application/json; charset=utf-8
host: localhost:26782
accept: */*

Response DefaultHttpResponse(decodeResult: success, version: HTTP/1.1)
HTTP/1.1 200 OK
Content-Length: 41
Content-Type: application/json; charset=utf-8
cache-control: no-cache

20:20:14.499 [AsyncHttpClient-1-6] DEBUG org.asynchttpclient.netty.channel.ChannelManager - Adding key: http://localhost:26782 for channel [id: 0xe643dc5d, L:/127.0.0.1:55362 - R:localhost/127.0.0.1:26782]
20:20:14.500 [Forwarding screenshot on session a40144a8ccbc887ede7c633b27274608 to remote] DEBUG org.asynchttpclient.netty.request.NettyRequestSender - Using pooled Channel '[id: 0xe643dc5d, L:/127.0.0.1:55362 - R:localhost/127.0.0.1:26782]' for 'GET' to 'http://localhost:26782/session/a40144a8ccbc887ede7c633b27274608/screenshot'
20:20:14.500 [Forwarding screenshot on session a40144a8ccbc887ede7c633b27274608 to remote] DEBUG org.asynchttpclient.netty.request.NettyRequestSender - Using open Channel [id: 0xe643dc5d, L:/127.0.0.1:55362 - R:localhost/127.0.0.1:26782] for GET '/session/a40144a8ccbc887ede7c633b27274608/screenshot'
20:20:14.565 [AsyncHttpClient-1-6] DEBUG org.asynchttpclient.netty.handler.HttpHandler - 

Request DefaultFullHttpRequest(decodeResult: success, version: HTTP/1.1, content: EmptyByteBufBE)
GET /session/a40144a8ccbc887ede7c633b27274608/screenshot HTTP/1.1
User-Agent: selenium/4.8.1 (java windows)
Cache-Control: no-cache
Content-Type: application/json; charset=utf-8
host: localhost:26782
accept: */*

Response DefaultHttpResponse(decodeResult: success, version: HTTP/1.1)
HTTP/1.1 200 OK
Content-Length: 69928
Content-Type: application/json; charset=utf-8
cache-control: no-cache

20:20:14.565 [AsyncHttpClient-1-6] DEBUG org.asynchttpclient.netty.channel.ChannelManager - Adding key: http://localhost:26782 for channel [id: 0xe643dc5d, L:/127.0.0.1:55362 - R:localhost/127.0.0.1:26782]
20:20:14.566 [main] DEBUG net.serenitybdd.core.photography.Darkroom - Send negative for processing for target\site\serenity\f3fa771b70c3ab246ce0542254fa6d7f95d2a5b2ee3334a42e8f93e53b22d91a.png
20:20:14.567 [Darkroom Processing Line] DEBUG net.serenitybdd.core.photography.DarkroomProcessingLine - Processing screenshot image in /var/screenshots/screenshot-14489456950519710773
20:20:14.567 [Darkroom Processing Line] DEBUG net.serenitybdd.core.photography.DarkroomProcessingLine - Saving screenshot to target\site\serenity\f3fa771b70c3ab246ce0542254fa6d7f95d2a5b2ee3334a42e8f93e53b22d91a.png
20:20:14.567 [Forwarding getPageSource on session a40144a8ccbc887ede7c633b27274608 to remote] DEBUG org.asynchttpclient.netty.request.NettyRequestSender - Using pooled Channel '[id: 0xe643dc5d, L:/127.0.0.1:55362 - R:localhost/127.0.0.1:26782]' for 'POST' to 'http://localhost:26782/session/a40144a8ccbc887ede7c633b27274608/execute/sync'
20:20:14.567 [Forwarding getPageSource on session a40144a8ccbc887ede7c633b27274608 to remote] DEBUG org.asynchttpclient.netty.request.NettyRequestSender - Using open Channel [id: 0xe643dc5d, L:/127.0.0.1:55362 - R:localhost/127.0.0.1:26782] for POST '/session/a40144a8ccbc887ede7c633b27274608/execute/sync'
20:20:14.579 [AsyncHttpClient-1-6] DEBUG org.asynchttpclient.netty.handler.HttpHandler - 

Request DefaultHttpRequest(decodeResult: success, version: HTTP/1.1)
POST /session/a40144a8ccbc887ede7c633b27274608/execute/sync HTTP/1.1
User-Agent: selenium/4.8.1 (java windows)
Content-Length: 176
Content-Type: application/json; charset=utf-8
host: localhost:26782
accept: */*

Response DefaultHttpResponse(decodeResult: success, version: HTTP/1.1)
HTTP/1.1 200 OK
Content-Length: 223792
Content-Type: application/json; charset=utf-8
cache-control: no-cache

20:20:14.580 [AsyncHttpClient-1-6] DEBUG org.asynchttpclient.netty.channel.ChannelManager - Adding key: http://localhost:26782 for channel [id: 0xe643dc5d, L:/127.0.0.1:55362 - R:localhost/127.0.0.1:26782]
20:20:14.592 [Forwarding getCurrentUrl on session a40144a8ccbc887ede7c633b27274608 to remote] DEBUG org.asynchttpclient.netty.request.NettyRequestSender - Using pooled Channel '[id: 0xe643dc5d, L:/127.0.0.1:55362 - R:localhost/127.0.0.1:26782]' for 'GET' to 'http://localhost:26782/session/a40144a8ccbc887ede7c633b27274608/url'
20:20:14.592 [Forwarding getCurrentUrl on session a40144a8ccbc887ede7c633b27274608 to remote] DEBUG org.asynchttpclient.netty.request.NettyRequestSender - Using open Channel [id: 0xe643dc5d, L:/127.0.0.1:55362 - R:localhost/127.0.0.1:26782] for GET '/session/a40144a8ccbc887ede7c633b27274608/url'
20:20:14.595 [AsyncHttpClient-1-6] DEBUG org.asynchttpclient.netty.handler.HttpHandler - 

Request DefaultFullHttpRequest(decodeResult: success, version: HTTP/1.1, content: EmptyByteBufBE)
GET /session/a40144a8ccbc887ede7c633b27274608/url HTTP/1.1
User-Agent: selenium/4.8.1 (java windows)
Cache-Control: no-cache
Content-Type: application/json; charset=utf-8
host: localhost:26782
accept: */*

Response DefaultHttpResponse(decodeResult: success, version: HTTP/1.1)
HTTP/1.1 200 OK
Content-Length: 41
Content-Type: application/json; charset=utf-8
cache-control: no-cache

20:20:14.595 [AsyncHttpClient-1-6] DEBUG org.asynchttpclient.netty.channel.ChannelManager - Adding key: http://localhost:26782 for channel [id: 0xe643dc5d, L:/127.0.0.1:55362 - R:localhost/127.0.0.1:26782]
20:20:14.597 [main] DEBUG net.thucydides.core.steps.StepInterceptor - STARTING STEP: LogoutSteps.validateAlreadyLogout - validateAlreadyLogout
20:20:14.598 [Forwarding findElement on session a40144a8ccbc887ede7c633b27274608 to remote] DEBUG org.asynchttpclient.netty.request.NettyRequestSender - Using pooled Channel '[id: 0xe643dc5d, L:/127.0.0.1:55362 - R:localhost/127.0.0.1:26782]' for 'POST' to 'http://localhost:26782/session/a40144a8ccbc887ede7c633b27274608/element'
20:20:14.598 [Forwarding findElement on session a40144a8ccbc887ede7c633b27274608 to remote] DEBUG org.asynchttpclient.netty.request.NettyRequestSender - Using open Channel [id: 0xe643dc5d, L:/127.0.0.1:55362 - R:localhost/127.0.0.1:26782] for POST '/session/a40144a8ccbc887ede7c633b27274608/element'
20:20:14.606 [AsyncHttpClient-1-6] DEBUG org.asynchttpclient.netty.handler.HttpHandler - 

Request DefaultHttpRequest(decodeResult: success, version: HTTP/1.1)
POST /session/a40144a8ccbc887ede7c633b27274608/element HTTP/1.1
User-Agent: selenium/4.8.1 (java windows)
Content-Length: 59
Content-Type: application/json; charset=utf-8
host: localhost:26782
accept: */*

Response DefaultHttpResponse(decodeResult: success, version: HTTP/1.1)
HTTP/1.1 200 OK
Content-Length: 88
Content-Type: application/json; charset=utf-8
cache-control: no-cache

20:20:14.606 [AsyncHttpClient-1-6] DEBUG org.asynchttpclient.netty.channel.ChannelManager - Adding key: http://localhost:26782 for channel [id: 0xe643dc5d, L:/127.0.0.1:55362 - R:localhost/127.0.0.1:26782]
20:20:14.608 [Forwarding isElementDisplayed on session a40144a8ccbc887ede7c633b27274608 to remote] DEBUG org.asynchttpclient.netty.request.NettyRequestSender - Using pooled Channel '[id: 0xe643dc5d, L:/127.0.0.1:55362 - R:localhost/127.0.0.1:26782]' for 'POST' to 'http://localhost:26782/session/a40144a8ccbc887ede7c633b27274608/execute/sync'
20:20:14.609 [Forwarding isElementDisplayed on session a40144a8ccbc887ede7c633b27274608 to remote] DEBUG org.asynchttpclient.netty.request.NettyRequestSender - Using open Channel [id: 0xe643dc5d, L:/127.0.0.1:55362 - R:localhost/127.0.0.1:26782] for POST '/session/a40144a8ccbc887ede7c633b27274608/execute/sync'
20:20:14.618 [AsyncHttpClient-1-6] DEBUG org.asynchttpclient.netty.handler.HttpHandler - 

Request DefaultHttpRequest(decodeResult: success, version: HTTP/1.1)
POST /session/a40144a8ccbc887ede7c633b27274608/execute/sync HTTP/1.1
User-Agent: selenium/4.8.1 (java windows)
Content-Length: 48807
Content-Type: application/json; charset=utf-8
host: localhost:26782
accept: */*

Response DefaultHttpResponse(decodeResult: success, version: HTTP/1.1)
HTTP/1.1 200 OK
Content-Length: 14
Content-Type: application/json; charset=utf-8
cache-control: no-cache

20:20:14.618 [AsyncHttpClient-1-6] DEBUG org.asynchttpclient.netty.channel.ChannelManager - Adding key: http://localhost:26782 for channel [id: 0xe643dc5d, L:/127.0.0.1:55362 - R:localhost/127.0.0.1:26782]
20:20:14.622 [Forwarding getAlertText on session a40144a8ccbc887ede7c633b27274608 to remote] DEBUG org.asynchttpclient.netty.request.NettyRequestSender - Using pooled Channel '[id: 0xe643dc5d, L:/127.0.0.1:55362 - R:localhost/127.0.0.1:26782]' for 'GET' to 'http://localhost:26782/session/a40144a8ccbc887ede7c633b27274608/alert/text'
20:20:14.622 [Forwarding getAlertText on session a40144a8ccbc887ede7c633b27274608 to remote] DEBUG org.asynchttpclient.netty.request.NettyRequestSender - Using open Channel [id: 0xe643dc5d, L:/127.0.0.1:55362 - R:localhost/127.0.0.1:26782] for GET '/session/a40144a8ccbc887ede7c633b27274608/alert/text'
20:20:14.623 [AsyncHttpClient-1-6] DEBUG org.asynchttpclient.netty.handler.HttpHandler - 

Request DefaultFullHttpRequest(decodeResult: success, version: HTTP/1.1, content: EmptyByteBufBE)
GET /session/a40144a8ccbc887ede7c633b27274608/alert/text HTTP/1.1
User-Agent: selenium/4.8.1 (java windows)
Cache-Control: no-cache
Content-Type: application/json; charset=utf-8
host: localhost:26782
accept: */*

Response DefaultHttpResponse(decodeResult: success, version: HTTP/1.1)
HTTP/1.1 404 Not Found
Content-Length: 836
Content-Type: application/json; charset=utf-8
cache-control: no-cache

20:20:14.623 [AsyncHttpClient-1-6] DEBUG org.asynchttpclient.netty.channel.ChannelManager - Adding key: http://localhost:26782 for channel [id: 0xe643dc5d, L:/127.0.0.1:55362 - R:localhost/127.0.0.1:26782]
20:20:14.624 [Forwarding getCurrentUrl on session a40144a8ccbc887ede7c633b27274608 to remote] DEBUG org.asynchttpclient.netty.request.NettyRequestSender - Using pooled Channel '[id: 0xe643dc5d, L:/127.0.0.1:55362 - R:localhost/127.0.0.1:26782]' for 'GET' to 'http://localhost:26782/session/a40144a8ccbc887ede7c633b27274608/url'
20:20:14.624 [Forwarding getCurrentUrl on session a40144a8ccbc887ede7c633b27274608 to remote] DEBUG org.asynchttpclient.netty.request.NettyRequestSender - Using open Channel [id: 0xe643dc5d, L:/127.0.0.1:55362 - R:localhost/127.0.0.1:26782] for GET '/session/a40144a8ccbc887ede7c633b27274608/url'
20:20:14.628 [AsyncHttpClient-1-6] DEBUG org.asynchttpclient.netty.handler.HttpHandler - 

Request DefaultFullHttpRequest(decodeResult: success, version: HTTP/1.1, content: EmptyByteBufBE)
GET /session/a40144a8ccbc887ede7c633b27274608/url HTTP/1.1
User-Agent: selenium/4.8.1 (java windows)
Cache-Control: no-cache
Content-Type: application/json; charset=utf-8
host: localhost:26782
accept: */*

Response DefaultHttpResponse(decodeResult: success, version: HTTP/1.1)
HTTP/1.1 200 OK
Content-Length: 41
Content-Type: application/json; charset=utf-8
cache-control: no-cache

20:20:14.628 [AsyncHttpClient-1-6] DEBUG org.asynchttpclient.netty.channel.ChannelManager - Adding key: http://localhost:26782 for channel [id: 0xe643dc5d, L:/127.0.0.1:55362 - R:localhost/127.0.0.1:26782]
20:20:14.628 [Forwarding screenshot on session a40144a8ccbc887ede7c633b27274608 to remote] DEBUG org.asynchttpclient.netty.request.NettyRequestSender - Using pooled Channel '[id: 0xe643dc5d, L:/127.0.0.1:55362 - R:localhost/127.0.0.1:26782]' for 'GET' to 'http://localhost:26782/session/a40144a8ccbc887ede7c633b27274608/screenshot'
20:20:14.628 [Forwarding screenshot on session a40144a8ccbc887ede7c633b27274608 to remote] DEBUG org.asynchttpclient.netty.request.NettyRequestSender - Using open Channel [id: 0xe643dc5d, L:/127.0.0.1:55362 - R:localhost/127.0.0.1:26782] for GET '/session/a40144a8ccbc887ede7c633b27274608/screenshot'
20:20:14.654 [AsyncHttpClient-1-1] DEBUG org.asynchttpclient.netty.channel.DefaultChannelPool - Entry count for : http://localhost:55363 : 1
20:20:14.690 [AsyncHttpClient-1-6] DEBUG org.asynchttpclient.netty.handler.HttpHandler - 

Request DefaultFullHttpRequest(decodeResult: success, version: HTTP/1.1, content: EmptyByteBufBE)
GET /session/a40144a8ccbc887ede7c633b27274608/screenshot HTTP/1.1
User-Agent: selenium/4.8.1 (java windows)
Cache-Control: no-cache
Content-Type: application/json; charset=utf-8
host: localhost:26782
accept: */*

Response DefaultHttpResponse(decodeResult: success, version: HTTP/1.1)
HTTP/1.1 200 OK
Content-Length: 69928
Content-Type: application/json; charset=utf-8
cache-control: no-cache

20:20:14.690 [AsyncHttpClient-1-6] DEBUG org.asynchttpclient.netty.channel.ChannelManager - Adding key: http://localhost:26782 for channel [id: 0xe643dc5d, L:/127.0.0.1:55362 - R:localhost/127.0.0.1:26782]
20:20:14.692 [main] DEBUG net.serenitybdd.core.photography.Darkroom - Send negative for processing for target\site\serenity\f3fa771b70c3ab246ce0542254fa6d7f95d2a5b2ee3334a42e8f93e53b22d91a.png
20:20:14.692 [main] DEBUG net.thucydides.core.steps.StepInterceptor - STEP DONE: validateAlreadyLogout
  &amp#27;[32mThen &amp#27;[0m&amp#27;[32mI should be redirected back to my alta-shop home page&amp#27;[0m &amp#27;[90m# starter.stepdefinitions.LogoutSteps.validateAlreadyLogout()&amp#27;[0m
20:20:14.695 [main] INFO  - 
  _____   ___   ___   _____     ___     _     ___   ___   ___   ___  
 |_   _| | __| / __| |_   _|   | _ \   /_\   / __| / __| | __| |   \ 
   | |   | _|  \__ \   | |     |  _/  / _ \  \__ \ \__ \ | _|  | |) |
   |_|   |___| |___/   |_|     |_|   /_/ \_\ |___/ |___/ |___| |___/ 

Clear category
----------------------------------------------------------------------
20:20:14.696 [AsyncHttpClient-1-8] DEBUG org.asynchttpclient.netty.handler.WebSocketHandler - Channel Closed: [id: 0xb750d3e0, L:/127.0.0.1:55370 ! R:localhost/127.0.0.1:55363] with attribute NettyResponseFuture{currentRetry=0,
	isDone=1,
	isCancelled=0,
	asyncHandler=org.asynchttpclient.ws.WebSocketUpgradeHandler@37b19255,
	nettyRequest=org.asynchttpclient.netty.request.NettyRequest@5dde2752,
	future=java.util.concurrent.CompletableFuture@d5c6fb0[Completed normally],
	uri=ws://localhost:55363/devtools/browser/4a6bc518-94af-4beb-835d-aeb0b6e507dc,
	keepAlive=true,
	redirectCount=0,
	timeoutsHolder=null,
	inAuth=0,
	touch=1683379211629}
20:20:14.696 [AsyncHttpClient-1-8] DEBUG org.asynchttpclient.netty.channel.ChannelManager - Closing Channel [id: 0xb750d3e0, L:/127.0.0.1:55370 ! R:localhost/127.0.0.1:55363] 
20:20:14.696 [Driver Command Executor] DEBUG org.asynchttpclient.netty.request.NettyRequestSender - Using pooled Channel '[id: 0xe643dc5d, L:/127.0.0.1:55362 - R:localhost/127.0.0.1:26782]' for 'DELETE' to 'http://localhost:26782/session/a40144a8ccbc887ede7c633b27274608'
20:20:14.696 [Driver Command Executor] DEBUG org.asynchttpclient.netty.request.NettyRequestSender - Using open Channel [id: 0xe643dc5d, L:/127.0.0.1:55362 - R:localhost/127.0.0.1:26782] for DELETE '/session/a40144a8ccbc887ede7c633b27274608'
20:20:14.717 [AsyncHttpClient-1-7] DEBUG org.asynchttpclient.netty.handler.HttpHandler - Unexpected I/O exception on channel [id: 0x52e16550, L:/127.0.0.1:55369 - R:localhost/127.0.0.1:55363]
java.net.SocketException: Connection reset
	at java.base/sun.nio.ch.SocketChannelImpl.throwConnectionReset(SocketChannelImpl.java:367)
	at java.base/sun.nio.ch.SocketChannelImpl.read(SocketChannelImpl.java:398)
	at io.netty.buffer.PooledByteBuf.setBytes(PooledByteBuf.java:259)
	at io.netty.buffer.AbstractByteBuf.writeBytes(AbstractByteBuf.java:1132)
	at io.netty.channel.socket.nio.NioSocketChannel.doReadBytes(NioSocketChannel.java:357)
	at io.netty.channel.nio.AbstractNioByteChannel$NioByteUnsafe.read(AbstractNioByteChannel.java:151)
	at io.netty.channel.nio.NioEventLoop.processSelectedKey(NioEventLoop.java:788)
	at io.netty.channel.nio.NioEventLoop.processSelectedKeysOptimized(NioEventLoop.java:724)
	at io.netty.channel.nio.NioEventLoop.processSelectedKeys(NioEventLoop.java:650)
	at io.netty.channel.nio.NioEventLoop.run(NioEventLoop.java:562)
	at io.netty.util.concurrent.SingleThreadEventExecutor$4.run(SingleThreadEventExecutor.java:997)
	at io.netty.util.internal.ThreadExecutorMap$2.run(ThreadExecutorMap.java:74)
	at io.netty.util.concurrent.FastThreadLocalRunnable.run(FastThreadLocalRunnable.java:30)
	at java.base/java.lang.Thread.run(Thread.java:832)
20:20:14.717 [AsyncHttpClient-1-7] DEBUG org.asynchttpclient.netty.channel.ChannelManager - Closing Channel [id: 0x52e16550, L:/127.0.0.1:55369 - R:localhost/127.0.0.1:55363] 
20:20:14.718 [AsyncHttpClient-1-7] DEBUG org.asynchttpclient.netty.handler.HttpHandler - Channel Closed: [id: 0x52e16550, L:/127.0.0.1:55369 ! R:localhost/127.0.0.1:55363] with attribute DISCARD
20:20:14.727 [AsyncHttpClient-1-6] DEBUG org.asynchttpclient.netty.handler.HttpHandler - 

Request DefaultFullHttpRequest(decodeResult: success, version: HTTP/1.1, content: EmptyByteBufBE)
DELETE /session/a40144a8ccbc887ede7c633b27274608 HTTP/1.1
User-Agent: selenium/4.8.1 (java windows)
Content-Type: application/json; charset=utf-8
host: localhost:26782
accept: */*

Response DefaultHttpResponse(decodeResult: success, version: HTTP/1.1)
HTTP/1.1 200 OK
Content-Length: 14
Content-Type: application/json; charset=utf-8
cache-control: no-cache

20:20:14.728 [AsyncHttpClient-1-6] DEBUG org.asynchttpclient.netty.channel.ChannelManager - Adding key: http://localhost:26782 for channel [id: 0xe643dc5d, L:/127.0.0.1:55362 - R:localhost/127.0.0.1:26782]
20:20:14.837 [AsyncHttpClient-1-6] DEBUG org.asynchttpclient.netty.handler.HttpHandler - Channel Closed: [id: 0xe643dc5d, L:/127.0.0.1:55362 ! R:localhost/127.0.0.1:26782] with attribute DISCARD
]]></system-out>
    <system-err><![CDATA[Starting ChromeDriver 111.0.5563.64 (c710e93d5b63b7095afe8c2c17df34408078439d-refs/branch-heads/5563@{#995}) on port 26782
Only local connections are allowed.
Please see https://chromedriver.chromium.org/security-considerations for suggestions on keeping ChromeDriver safe.
ChromeDriver was started successfully.
[1683379211.609][WARNING]: This version of ChromeDriver has not been tested with Chrome version 112.
May 06, 2023 8:20:11 PM org.openqa.selenium.devtools.CdpVersionFinder findNearestMatch
WARNING: Unable to find an exact match for CDP version 112, so returning the closest version found: 110
]]></system-err>
  </testcase>
  <testcase name="View Transaction" classname="Transaction" time="5.537">
    <system-out><![CDATA[20:20:15.369 [main] DEBUG io.cucumber.core.plugin.SerenityReporter - Running feature from file:///C:/Users/WINDOWS%2010/Documents/GitHub/MiniProject_QE/Web/code/minpro/src/test/resources/features/5.%20Transaction.feature
20:20:15.372 [main] DEBUG net.thucydides.core.steps.StepEventBus - Test suite started for story net.thucydides.core.model.Story@9c152c7e
20:20:15.373 [main] INFO  - Test Suite Started: Transaction

Scenario: View Transaction                                &amp#27;[90m# src/test/resources/features/5. Transaction.feature:7&amp#27;[0m
20:20:15.377 [main] DEBUG io.cucumber.core.plugin.SerenityReporter - Running feature from file:///C:/Users/WINDOWS%2010/Documents/GitHub/MiniProject_QE/Web/code/minpro/src/test/resources/features/5.%20Transaction.feature
20:20:15.380 [main] INFO  - 
  _____   ___   ___   _____     ___   _____     _     ___   _____   ___   ___  
 |_   _| | __| / __| |_   _|   / __| |_   _|   /_\   | _ \ |_   _| | __| |   \ 
   | |   | _|  \__ \   | |     \__ \   | |    / _ \  |   /   | |   | _|  | |) |
   |_|   |___| |___/   |_|     |___/   |_|   /_/ \_\ |_|_\   |_|   |___| |___/ 

View Transaction(transaction;view-transaction)
--------------------------------------------------------------------------------
20:20:15.429 [main] DEBUG net.thucydides.core.steps.StepInterceptor - STARTING STEP: ProductSteps.onTheHomePage - openPage
20:20:15.487 [main] INFO net.serenitybdd.core.webdriver.driverproviders.ChromeDriverProvider - Starting Chrome driver instance with capabilities:
20:20:15.487 [main] INFO net.serenitybdd.core.webdriver.driverproviders.ChromeDriverProvider - Capabilities {acceptInsecureCerts: false, browserName: chrome, goog:chromeOptions: {args: [remote-allow-origins=*], extensions: []}}
20:20:15.754 [AsyncHttpClient-1-1] DEBUG org.asynchttpclient.netty.channel.DefaultChannelPool - Entry count for : http://localhost:55363 : 1
20:20:15.754 [AsyncHttpClient-1-1] DEBUG org.asynchttpclient.netty.channel.DefaultChannelPool - Entry count for : http://localhost:26782 : 1
20:20:15.754 [AsyncHttpClient-1-1] DEBUG org.asynchttpclient.netty.channel.DefaultChannelPool - Adding Candidate expired Channel [id: 0x52e16550, L:/127.0.0.1:55369 ! R:localhost/127.0.0.1:55363] isIdleTimeoutExpired=false isRemotelyClosed=true isTtlExpired=false
20:20:15.754 [AsyncHttpClient-1-1] DEBUG org.asynchttpclient.netty.channel.DefaultChannelPool - Closing Idle Channel [id: 0x52e16550, L:/127.0.0.1:55369 ! R:localhost/127.0.0.1:55363]
20:20:15.754 [AsyncHttpClient-1-1] DEBUG org.asynchttpclient.netty.channel.DefaultChannelPool - Adding Candidate expired Channel [id: 0xe643dc5d, L:/127.0.0.1:55362 ! R:localhost/127.0.0.1:26782] isIdleTimeoutExpired=false isRemotelyClosed=true isTtlExpired=false
20:20:15.754 [AsyncHttpClient-1-1] DEBUG org.asynchttpclient.netty.channel.DefaultChannelPool - Closing Idle Channel [id: 0xe643dc5d, L:/127.0.0.1:55362 ! R:localhost/127.0.0.1:26782]
20:20:15.754 [AsyncHttpClient-1-1] DEBUG org.asynchttpclient.netty.channel.DefaultChannelPool - Closed 2 connections out of 2 in 0 ms
20:20:16.101 [AsyncHttpClient-1-9] DEBUG org.asynchttpclient.netty.channel.NettyConnectListener - Using new Channel '[id: 0x04290d6d, L:/127.0.0.1:55395 - R:localhost/127.0.0.1:25913]' for 'POST' to '/session'
20:20:16.762 [AsyncHttpClient-1-9] DEBUG org.asynchttpclient.netty.handler.HttpHandler - 

Request DefaultHttpRequest(decodeResult: success, version: HTTP/1.1)
POST /session HTTP/1.1
User-Agent: selenium/4.8.1 (java windows)
Content-Length: 507
Content-Type: application/json; charset=utf-8
host: localhost:25913
accept: */*

Response DefaultHttpResponse(decodeResult: success, version: HTTP/1.1)
HTTP/1.1 200 OK
Content-Length: 863
Content-Type: application/json; charset=utf-8
cache-control: no-cache

20:20:16.762 [AsyncHttpClient-1-9] DEBUG org.asynchttpclient.netty.channel.ChannelManager - Adding key: http://localhost:25913 for channel [id: 0x04290d6d, L:/127.0.0.1:55395 - R:localhost/127.0.0.1:25913]
20:20:16.766 [AsyncHttpClient-1-10] DEBUG org.asynchttpclient.netty.channel.NettyConnectListener - Using new Channel '[id: 0x660b0247, L:/127.0.0.1:55404 - R:localhost/127.0.0.1:55397]' for 'GET' to '/json/version'
20:20:16.767 [AsyncHttpClient-1-10] DEBUG org.asynchttpclient.netty.handler.HttpHandler - 

Request DefaultFullHttpRequest(decodeResult: success, version: HTTP/1.1, content: EmptyByteBufBE)
GET /json/version HTTP/1.1
User-Agent: selenium/4.8.1 (java windows)
host: localhost:55397
accept: */*

Response DefaultHttpResponse(decodeResult: success, version: HTTP/1.1)
HTTP/1.1 200 OK
Content-Security-Policy: frame-ancestors 'none'
Content-Length: 424
Content-Type: application/json; charset=UTF-8

20:20:16.767 [AsyncHttpClient-1-10] DEBUG org.asynchttpclient.netty.channel.ChannelManager - Adding key: http://localhost:55397 for channel [id: 0x660b0247, L:/127.0.0.1:55404 - R:localhost/127.0.0.1:55397]
20:20:16.768 [AsyncHttpClient-1-11] DEBUG org.asynchttpclient.netty.channel.NettyConnectListener - Using new Channel '[id: 0x96b454aa, L:/127.0.0.1:55405 - R:localhost/127.0.0.1:55397]' for 'GET' to '/devtools/browser/cdd395a9-e1a7-40cb-83c4-b85afc79f0d6'
20:20:16.769 [AsyncHttpClient-1-11] DEBUG org.asynchttpclient.netty.handler.WebSocketHandler - 

Request DefaultFullHttpRequest(decodeResult: success, version: HTTP/1.1, content: EmptyByteBufBE)
GET /devtools/browser/cdd395a9-e1a7-40cb-83c4-b85afc79f0d6 HTTP/1.1
upgrade: websocket
connection: upgrade
sec-websocket-key: wq507rTrYkUYEJDxqdHW6g==
sec-websocket-version: 13
origin: http://localhost:55397
host: localhost:55397
accept: */*
user-agent: AHC/2.1

Response DefaultHttpResponse(decodeResult: success, version: HTTP/1.1)
HTTP/1.1 101 WebSocket Protocol Handshake
Upgrade: WebSocket
Connection: Upgrade
Sec-WebSocket-Accept: bR2ND8z7ktFMoWzJ/YNwi72Gopk=

20:20:16.771 [Forwarding get on session 5bf8fdb758c0978b5646d533ad921f47 to remote] DEBUG org.asynchttpclient.netty.request.NettyRequestSender - Using pooled Channel '[id: 0x04290d6d, L:/127.0.0.1:55395 - R:localhost/127.0.0.1:25913]' for 'POST' to 'http://localhost:25913/session/5bf8fdb758c0978b5646d533ad921f47/url'
20:20:16.771 [Forwarding get on session 5bf8fdb758c0978b5646d533ad921f47 to remote] DEBUG org.asynchttpclient.netty.request.NettyRequestSender - Using open Channel [id: 0x04290d6d, L:/127.0.0.1:55395 - R:localhost/127.0.0.1:25913] for POST '/session/5bf8fdb758c0978b5646d533ad921f47/url'
20:20:16.853 [AsyncHttpClient-1-1] DEBUG org.asynchttpclient.netty.channel.DefaultChannelPool - Entry count for : http://localhost:55397 : 1
20:20:17.526 [AsyncHttpClient-1-9] DEBUG org.asynchttpclient.netty.handler.HttpHandler - 

Request DefaultHttpRequest(decodeResult: success, version: HTTP/1.1)
POST /session/5bf8fdb758c0978b5646d533ad921f47/url HTTP/1.1
User-Agent: selenium/4.8.1 (java windows)
Content-Length: 74
Content-Type: application/json; charset=utf-8
host: localhost:25913
accept: */*

Response DefaultHttpResponse(decodeResult: success, version: HTTP/1.1)
HTTP/1.1 200 OK
Content-Length: 14
Content-Type: application/json; charset=utf-8
cache-control: no-cache

20:20:17.526 [AsyncHttpClient-1-9] DEBUG org.asynchttpclient.netty.channel.ChannelManager - Adding key: http://localhost:25913 for channel [id: 0x04290d6d, L:/127.0.0.1:55395 - R:localhost/127.0.0.1:25913]
20:20:17.527 [Forwarding setTimeout on session 5bf8fdb758c0978b5646d533ad921f47 to remote] DEBUG org.asynchttpclient.netty.request.NettyRequestSender - Using pooled Channel '[id: 0x04290d6d, L:/127.0.0.1:55395 - R:localhost/127.0.0.1:25913]' for 'POST' to 'http://localhost:25913/session/5bf8fdb758c0978b5646d533ad921f47/timeouts'
20:20:17.527 [Forwarding setTimeout on session 5bf8fdb758c0978b5646d533ad921f47 to remote] DEBUG org.asynchttpclient.netty.request.NettyRequestSender - Using open Channel [id: 0x04290d6d, L:/127.0.0.1:55395 - R:localhost/127.0.0.1:25913] for POST '/session/5bf8fdb758c0978b5646d533ad921f47/timeouts'
20:20:17.527 [AsyncHttpClient-1-9] DEBUG org.asynchttpclient.netty.handler.HttpHandler - 

Request DefaultHttpRequest(decodeResult: success, version: HTTP/1.1)
POST /session/5bf8fdb758c0978b5646d533ad921f47/timeouts HTTP/1.1
User-Agent: selenium/4.8.1 (java windows)
Content-Length: 22
Content-Type: application/json; charset=utf-8
host: localhost:25913
accept: */*

Response DefaultHttpResponse(decodeResult: success, version: HTTP/1.1)
HTTP/1.1 200 OK
Content-Length: 14
Content-Type: application/json; charset=utf-8
cache-control: no-cache

20:20:17.527 [AsyncHttpClient-1-9] DEBUG org.asynchttpclient.netty.channel.ChannelManager - Adding key: http://localhost:25913 for channel [id: 0x04290d6d, L:/127.0.0.1:55395 - R:localhost/127.0.0.1:25913]
20:20:17.531 [main] DEBUG net.serenitybdd.core.photography.Darkroom - Opening darkroom
20:20:17.531 [Darkroom Processing Line] DEBUG net.serenitybdd.core.photography.DarkroomProcessingLine - Darkroom processing line starting up
20:20:17.532 [Forwarding getAlertText on session 5bf8fdb758c0978b5646d533ad921f47 to remote] DEBUG org.asynchttpclient.netty.request.NettyRequestSender - Using pooled Channel '[id: 0x04290d6d, L:/127.0.0.1:55395 - R:localhost/127.0.0.1:25913]' for 'GET' to 'http://localhost:25913/session/5bf8fdb758c0978b5646d533ad921f47/alert/text'
20:20:17.532 [Forwarding getAlertText on session 5bf8fdb758c0978b5646d533ad921f47 to remote] DEBUG org.asynchttpclient.netty.request.NettyRequestSender - Using open Channel [id: 0x04290d6d, L:/127.0.0.1:55395 - R:localhost/127.0.0.1:25913] for GET '/session/5bf8fdb758c0978b5646d533ad921f47/alert/text'
20:20:17.533 [AsyncHttpClient-1-9] DEBUG org.asynchttpclient.netty.handler.HttpHandler - 

Request DefaultFullHttpRequest(decodeResult: success, version: HTTP/1.1, content: EmptyByteBufBE)
GET /session/5bf8fdb758c0978b5646d533ad921f47/alert/text HTTP/1.1
User-Agent: selenium/4.8.1 (java windows)
Cache-Control: no-cache
Content-Type: application/json; charset=utf-8
host: localhost:25913
accept: */*

Response DefaultHttpResponse(decodeResult: success, version: HTTP/1.1)
HTTP/1.1 404 Not Found
Content-Length: 836
Content-Type: application/json; charset=utf-8
cache-control: no-cache

20:20:17.534 [AsyncHttpClient-1-9] DEBUG org.asynchttpclient.netty.channel.ChannelManager - Adding key: http://localhost:25913 for channel [id: 0x04290d6d, L:/127.0.0.1:55395 - R:localhost/127.0.0.1:25913]
20:20:17.534 [Forwarding getCurrentUrl on session 5bf8fdb758c0978b5646d533ad921f47 to remote] DEBUG org.asynchttpclient.netty.request.NettyRequestSender - Using pooled Channel '[id: 0x04290d6d, L:/127.0.0.1:55395 - R:localhost/127.0.0.1:25913]' for 'GET' to 'http://localhost:25913/session/5bf8fdb758c0978b5646d533ad921f47/url'
20:20:17.534 [Forwarding getCurrentUrl on session 5bf8fdb758c0978b5646d533ad921f47 to remote] DEBUG org.asynchttpclient.netty.request.NettyRequestSender - Using open Channel [id: 0x04290d6d, L:/127.0.0.1:55395 - R:localhost/127.0.0.1:25913] for GET '/session/5bf8fdb758c0978b5646d533ad921f47/url'
20:20:17.538 [AsyncHttpClient-1-9] DEBUG org.asynchttpclient.netty.handler.HttpHandler - 

Request DefaultFullHttpRequest(decodeResult: success, version: HTTP/1.1, content: EmptyByteBufBE)
GET /session/5bf8fdb758c0978b5646d533ad921f47/url HTTP/1.1
User-Agent: selenium/4.8.1 (java windows)
Cache-Control: no-cache
Content-Type: application/json; charset=utf-8
host: localhost:25913
accept: */*

Response DefaultHttpResponse(decodeResult: success, version: HTTP/1.1)
HTTP/1.1 200 OK
Content-Length: 51
Content-Type: application/json; charset=utf-8
cache-control: no-cache

20:20:17.538 [AsyncHttpClient-1-9] DEBUG org.asynchttpclient.netty.channel.ChannelManager - Adding key: http://localhost:25913 for channel [id: 0x04290d6d, L:/127.0.0.1:55395 - R:localhost/127.0.0.1:25913]
20:20:17.539 [Forwarding screenshot on session 5bf8fdb758c0978b5646d533ad921f47 to remote] DEBUG org.asynchttpclient.netty.request.NettyRequestSender - Using pooled Channel '[id: 0x04290d6d, L:/127.0.0.1:55395 - R:localhost/127.0.0.1:25913]' for 'GET' to 'http://localhost:25913/session/5bf8fdb758c0978b5646d533ad921f47/screenshot'
20:20:17.539 [Forwarding screenshot on session 5bf8fdb758c0978b5646d533ad921f47 to remote] DEBUG org.asynchttpclient.netty.request.NettyRequestSender - Using open Channel [id: 0x04290d6d, L:/127.0.0.1:55395 - R:localhost/127.0.0.1:25913] for GET '/session/5bf8fdb758c0978b5646d533ad921f47/screenshot'
20:20:17.629 [AsyncHttpClient-1-9] DEBUG org.asynchttpclient.netty.handler.HttpHandler - 

Request DefaultFullHttpRequest(decodeResult: success, version: HTTP/1.1, content: EmptyByteBufBE)
GET /session/5bf8fdb758c0978b5646d533ad921f47/screenshot HTTP/1.1
User-Agent: selenium/4.8.1 (java windows)
Cache-Control: no-cache
Content-Type: application/json; charset=utf-8
host: localhost:25913
accept: */*

Response DefaultHttpResponse(decodeResult: success, version: HTTP/1.1)
HTTP/1.1 200 OK
Content-Length: 25208
Content-Type: application/json; charset=utf-8
cache-control: no-cache

20:20:17.629 [AsyncHttpClient-1-9] DEBUG org.asynchttpclient.netty.channel.ChannelManager - Adding key: http://localhost:25913 for channel [id: 0x04290d6d, L:/127.0.0.1:55395 - R:localhost/127.0.0.1:25913]
20:20:17.630 [main] DEBUG net.serenitybdd.core.photography.Darkroom - Send negative for processing for target\site\serenity\edb14d4aab401efa0e4fb99861e6ffcafebc86a67b69f7828890b9910ed2ddbd.png
20:20:17.630 [main] DEBUG net.thucydides.core.steps.StepInterceptor - STEP DONE: openPage
20:20:17.635 [Forwarding getPageSource on session 5bf8fdb758c0978b5646d533ad921f47 to remote] DEBUG org.asynchttpclient.netty.request.NettyRequestSender - Using pooled Channel '[id: 0x04290d6d, L:/127.0.0.1:55395 - R:localhost/127.0.0.1:25913]' for 'POST' to 'http://localhost:25913/session/5bf8fdb758c0978b5646d533ad921f47/execute/sync'
20:20:17.635 [Forwarding getPageSource on session 5bf8fdb758c0978b5646d533ad921f47 to remote] DEBUG org.asynchttpclient.netty.request.NettyRequestSender - Using open Channel [id: 0x04290d6d, L:/127.0.0.1:55395 - R:localhost/127.0.0.1:25913] for POST '/session/5bf8fdb758c0978b5646d533ad921f47/execute/sync'
20:20:17.639 [AsyncHttpClient-1-9] DEBUG org.asynchttpclient.netty.handler.HttpHandler - 

Request DefaultHttpRequest(decodeResult: success, version: HTTP/1.1)
POST /session/5bf8fdb758c0978b5646d533ad921f47/execute/sync HTTP/1.1
User-Agent: selenium/4.8.1 (java windows)
Content-Length: 176
Content-Type: application/json; charset=utf-8
host: localhost:25913
accept: */*

Response DefaultHttpResponse(decodeResult: success, version: HTTP/1.1)
HTTP/1.1 200 OK
Content-Length: 21659
Content-Type: application/json; charset=utf-8
cache-control: no-cache

20:20:17.639 [AsyncHttpClient-1-9] DEBUG org.asynchttpclient.netty.channel.ChannelManager - Adding key: http://localhost:25913 for channel [id: 0x04290d6d, L:/127.0.0.1:55395 - R:localhost/127.0.0.1:25913]
20:20:17.641 [Forwarding getCurrentUrl on session 5bf8fdb758c0978b5646d533ad921f47 to remote] DEBUG org.asynchttpclient.netty.request.NettyRequestSender - Using pooled Channel '[id: 0x04290d6d, L:/127.0.0.1:55395 - R:localhost/127.0.0.1:25913]' for 'GET' to 'http://localhost:25913/session/5bf8fdb758c0978b5646d533ad921f47/url'
20:20:17.641 [Forwarding getCurrentUrl on session 5bf8fdb758c0978b5646d533ad921f47 to remote] DEBUG org.asynchttpclient.netty.request.NettyRequestSender - Using open Channel [id: 0x04290d6d, L:/127.0.0.1:55395 - R:localhost/127.0.0.1:25913] for GET '/session/5bf8fdb758c0978b5646d533ad921f47/url'
20:20:17.643 [AsyncHttpClient-1-9] DEBUG org.asynchttpclient.netty.handler.HttpHandler - 

Request DefaultFullHttpRequest(decodeResult: success, version: HTTP/1.1, content: EmptyByteBufBE)
GET /session/5bf8fdb758c0978b5646d533ad921f47/url HTTP/1.1
User-Agent: selenium/4.8.1 (java windows)
Cache-Control: no-cache
Content-Type: application/json; charset=utf-8
host: localhost:25913
accept: */*

Response DefaultHttpResponse(decodeResult: success, version: HTTP/1.1)
HTTP/1.1 200 OK
Content-Length: 51
Content-Type: application/json; charset=utf-8
cache-control: no-cache

20:20:17.643 [AsyncHttpClient-1-9] DEBUG org.asynchttpclient.netty.channel.ChannelManager - Adding key: http://localhost:25913 for channel [id: 0x04290d6d, L:/127.0.0.1:55395 - R:localhost/127.0.0.1:25913]
20:20:17.645 [main] DEBUG net.thucydides.core.steps.StepInterceptor - STARTING STEP: ProductSteps.onTheHomePage - inputEmail
20:20:17.647 [Forwarding findElement on session 5bf8fdb758c0978b5646d533ad921f47 to remote] DEBUG org.asynchttpclient.netty.request.NettyRequestSender - Using pooled Channel '[id: 0x04290d6d, L:/127.0.0.1:55395 - R:localhost/127.0.0.1:25913]' for 'POST' to 'http://localhost:25913/session/5bf8fdb758c0978b5646d533ad921f47/element'
20:20:17.647 [Forwarding findElement on session 5bf8fdb758c0978b5646d533ad921f47 to remote] DEBUG org.asynchttpclient.netty.request.NettyRequestSender - Using open Channel [id: 0x04290d6d, L:/127.0.0.1:55395 - R:localhost/127.0.0.1:25913] for POST '/session/5bf8fdb758c0978b5646d533ad921f47/element'
20:20:17.653 [AsyncHttpClient-1-9] DEBUG org.asynchttpclient.netty.handler.HttpHandler - 

Request DefaultHttpRequest(decodeResult: success, version: HTTP/1.1)
POST /session/5bf8fdb758c0978b5646d533ad921f47/element HTTP/1.1
User-Agent: selenium/4.8.1 (java windows)
Content-Length: 55
Content-Type: application/json; charset=utf-8
host: localhost:25913
accept: */*

Response DefaultHttpResponse(decodeResult: success, version: HTTP/1.1)
HTTP/1.1 200 OK
Content-Length: 88
Content-Type: application/json; charset=utf-8
cache-control: no-cache

20:20:17.653 [AsyncHttpClient-1-9] DEBUG org.asynchttpclient.netty.channel.ChannelManager - Adding key: http://localhost:25913 for channel [id: 0x04290d6d, L:/127.0.0.1:55395 - R:localhost/127.0.0.1:25913]
20:20:17.654 [Forwarding clearElement on session 5bf8fdb758c0978b5646d533ad921f47 to remote] DEBUG org.asynchttpclient.netty.request.NettyRequestSender - Using pooled Channel '[id: 0x04290d6d, L:/127.0.0.1:55395 - R:localhost/127.0.0.1:25913]' for 'POST' to 'http://localhost:25913/session/5bf8fdb758c0978b5646d533ad921f47/element/9a88f8b7-336a-4c97-ac27-de8903c4dda1/clear'
20:20:17.654 [Forwarding clearElement on session 5bf8fdb758c0978b5646d533ad921f47 to remote] DEBUG org.asynchttpclient.netty.request.NettyRequestSender - Using open Channel [id: 0x04290d6d, L:/127.0.0.1:55395 - R:localhost/127.0.0.1:25913] for POST '/session/5bf8fdb758c0978b5646d533ad921f47/element/9a88f8b7-336a-4c97-ac27-de8903c4dda1/clear'
20:20:17.677 [AsyncHttpClient-1-9] DEBUG org.asynchttpclient.netty.handler.HttpHandler - 

Request DefaultHttpRequest(decodeResult: success, version: HTTP/1.1)
POST /session/5bf8fdb758c0978b5646d533ad921f47/element/9a88f8b7-336a-4c97-ac27-de8903c4dda1/clear HTTP/1.1
User-Agent: selenium/4.8.1 (java windows)
Content-Length: 50
Content-Type: application/json; charset=utf-8
host: localhost:25913
accept: */*

Response DefaultHttpResponse(decodeResult: success, version: HTTP/1.1)
HTTP/1.1 200 OK
Content-Length: 14
Content-Type: application/json; charset=utf-8
cache-control: no-cache

20:20:17.677 [AsyncHttpClient-1-9] DEBUG org.asynchttpclient.netty.channel.ChannelManager - Adding key: http://localhost:25913 for channel [id: 0x04290d6d, L:/127.0.0.1:55395 - R:localhost/127.0.0.1:25913]
20:20:17.678 [Forwarding sendKeysToElement on session 5bf8fdb758c0978b5646d533ad921f47 to remote] DEBUG org.asynchttpclient.netty.request.NettyRequestSender - Using pooled Channel '[id: 0x04290d6d, L:/127.0.0.1:55395 - R:localhost/127.0.0.1:25913]' for 'POST' to 'http://localhost:25913/session/5bf8fdb758c0978b5646d533ad921f47/element/9a88f8b7-336a-4c97-ac27-de8903c4dda1/value'
20:20:17.678 [Forwarding sendKeysToElement on session 5bf8fdb758c0978b5646d533ad921f47 to remote] DEBUG org.asynchttpclient.netty.request.NettyRequestSender - Using open Channel [id: 0x04290d6d, L:/127.0.0.1:55395 - R:localhost/127.0.0.1:25913] for POST '/session/5bf8fdb758c0978b5646d533ad921f47/element/9a88f8b7-336a-4c97-ac27-de8903c4dda1/value'
20:20:17.769 [AsyncHttpClient-1-9] DEBUG org.asynchttpclient.netty.handler.HttpHandler - 

Request DefaultHttpRequest(decodeResult: success, version: HTTP/1.1)
POST /session/5bf8fdb758c0978b5646d533ad921f47/element/9a88f8b7-336a-4c97-ac27-de8903c4dda1/value HTTP/1.1
User-Agent: selenium/4.8.1 (java windows)
Content-Length: 241
Content-Type: application/json; charset=utf-8
host: localhost:25913
accept: */*

Response DefaultHttpResponse(decodeResult: success, version: HTTP/1.1)
HTTP/1.1 200 OK
Content-Length: 14
Content-Type: application/json; charset=utf-8
cache-control: no-cache

20:20:17.769 [AsyncHttpClient-1-9] DEBUG org.asynchttpclient.netty.channel.ChannelManager - Adding key: http://localhost:25913 for channel [id: 0x04290d6d, L:/127.0.0.1:55395 - R:localhost/127.0.0.1:25913]
20:20:17.774 [Forwarding getAlertText on session 5bf8fdb758c0978b5646d533ad921f47 to remote] DEBUG org.asynchttpclient.netty.request.NettyRequestSender - Using pooled Channel '[id: 0x04290d6d, L:/127.0.0.1:55395 - R:localhost/127.0.0.1:25913]' for 'GET' to 'http://localhost:25913/session/5bf8fdb758c0978b5646d533ad921f47/alert/text'
20:20:17.774 [Forwarding getAlertText on session 5bf8fdb758c0978b5646d533ad921f47 to remote] DEBUG org.asynchttpclient.netty.request.NettyRequestSender - Using open Channel [id: 0x04290d6d, L:/127.0.0.1:55395 - R:localhost/127.0.0.1:25913] for GET '/session/5bf8fdb758c0978b5646d533ad921f47/alert/text'
20:20:17.775 [AsyncHttpClient-1-9] DEBUG org.asynchttpclient.netty.handler.HttpHandler - 

Request DefaultFullHttpRequest(decodeResult: success, version: HTTP/1.1, content: EmptyByteBufBE)
GET /session/5bf8fdb758c0978b5646d533ad921f47/alert/text HTTP/1.1
User-Agent: selenium/4.8.1 (java windows)
Cache-Control: no-cache
Content-Type: application/json; charset=utf-8
host: localhost:25913
accept: */*

Response DefaultHttpResponse(decodeResult: success, version: HTTP/1.1)
HTTP/1.1 404 Not Found
Content-Length: 836
Content-Type: application/json; charset=utf-8
cache-control: no-cache

20:20:17.775 [AsyncHttpClient-1-9] DEBUG org.asynchttpclient.netty.channel.ChannelManager - Adding key: http://localhost:25913 for channel [id: 0x04290d6d, L:/127.0.0.1:55395 - R:localhost/127.0.0.1:25913]
20:20:17.776 [Forwarding getCurrentUrl on session 5bf8fdb758c0978b5646d533ad921f47 to remote] DEBUG org.asynchttpclient.netty.request.NettyRequestSender - Using pooled Channel '[id: 0x04290d6d, L:/127.0.0.1:55395 - R:localhost/127.0.0.1:25913]' for 'GET' to 'http://localhost:25913/session/5bf8fdb758c0978b5646d533ad921f47/url'
20:20:17.776 [Forwarding getCurrentUrl on session 5bf8fdb758c0978b5646d533ad921f47 to remote] DEBUG org.asynchttpclient.netty.request.NettyRequestSender - Using open Channel [id: 0x04290d6d, L:/127.0.0.1:55395 - R:localhost/127.0.0.1:25913] for GET '/session/5bf8fdb758c0978b5646d533ad921f47/url'
20:20:17.780 [AsyncHttpClient-1-9] DEBUG org.asynchttpclient.netty.handler.HttpHandler - 

Request DefaultFullHttpRequest(decodeResult: success, version: HTTP/1.1, content: EmptyByteBufBE)
GET /session/5bf8fdb758c0978b5646d533ad921f47/url HTTP/1.1
User-Agent: selenium/4.8.1 (java windows)
Cache-Control: no-cache
Content-Type: application/json; charset=utf-8
host: localhost:25913
accept: */*

Response DefaultHttpResponse(decodeResult: success, version: HTTP/1.1)
HTTP/1.1 200 OK
Content-Length: 51
Content-Type: application/json; charset=utf-8
cache-control: no-cache

20:20:17.780 [AsyncHttpClient-1-9] DEBUG org.asynchttpclient.netty.channel.ChannelManager - Adding key: http://localhost:25913 for channel [id: 0x04290d6d, L:/127.0.0.1:55395 - R:localhost/127.0.0.1:25913]
20:20:17.780 [Forwarding screenshot on session 5bf8fdb758c0978b5646d533ad921f47 to remote] DEBUG org.asynchttpclient.netty.request.NettyRequestSender - Using pooled Channel '[id: 0x04290d6d, L:/127.0.0.1:55395 - R:localhost/127.0.0.1:25913]' for 'GET' to 'http://localhost:25913/session/5bf8fdb758c0978b5646d533ad921f47/screenshot'
20:20:17.780 [Forwarding screenshot on session 5bf8fdb758c0978b5646d533ad921f47 to remote] DEBUG org.asynchttpclient.netty.request.NettyRequestSender - Using open Channel [id: 0x04290d6d, L:/127.0.0.1:55395 - R:localhost/127.0.0.1:25913] for GET '/session/5bf8fdb758c0978b5646d533ad921f47/screenshot'
20:20:17.870 [AsyncHttpClient-1-9] DEBUG org.asynchttpclient.netty.handler.HttpHandler - 

Request DefaultFullHttpRequest(decodeResult: success, version: HTTP/1.1, content: EmptyByteBufBE)
GET /session/5bf8fdb758c0978b5646d533ad921f47/screenshot HTTP/1.1
User-Agent: selenium/4.8.1 (java windows)
Cache-Control: no-cache
Content-Type: application/json; charset=utf-8
host: localhost:25913
accept: */*

Response DefaultHttpResponse(decodeResult: success, version: HTTP/1.1)
HTTP/1.1 200 OK
Content-Length: 30120
Content-Type: application/json; charset=utf-8
cache-control: no-cache

20:20:17.870 [AsyncHttpClient-1-9] DEBUG org.asynchttpclient.netty.channel.ChannelManager - Adding key: http://localhost:25913 for channel [id: 0x04290d6d, L:/127.0.0.1:55395 - R:localhost/127.0.0.1:25913]
20:20:17.871 [main] DEBUG net.serenitybdd.core.photography.Darkroom - Send negative for processing for target\site\serenity\75f30cca49b8c056d7b6806cccec8619a784b5d48a048ada75411d1ea263b635.png
20:20:17.872 [main] DEBUG net.thucydides.core.steps.StepInterceptor - STEP DONE: inputEmail
20:20:17.872 [Darkroom Processing Line] DEBUG net.serenitybdd.core.photography.DarkroomProcessingLine - Processing screenshot image in /var/screenshots/screenshot-16404515590212483214
20:20:17.872 [Darkroom Processing Line] DEBUG net.serenitybdd.core.photography.DarkroomProcessingLine - Saving screenshot to target\site\serenity\75f30cca49b8c056d7b6806cccec8619a784b5d48a048ada75411d1ea263b635.png
20:20:17.877 [Forwarding getPageSource on session 5bf8fdb758c0978b5646d533ad921f47 to remote] DEBUG org.asynchttpclient.netty.request.NettyRequestSender - Using pooled Channel '[id: 0x04290d6d, L:/127.0.0.1:55395 - R:localhost/127.0.0.1:25913]' for 'POST' to 'http://localhost:25913/session/5bf8fdb758c0978b5646d533ad921f47/execute/sync'
20:20:17.877 [Forwarding getPageSource on session 5bf8fdb758c0978b5646d533ad921f47 to remote] DEBUG org.asynchttpclient.netty.request.NettyRequestSender - Using open Channel [id: 0x04290d6d, L:/127.0.0.1:55395 - R:localhost/127.0.0.1:25913] for POST '/session/5bf8fdb758c0978b5646d533ad921f47/execute/sync'
20:20:17.881 [AsyncHttpClient-1-9] DEBUG org.asynchttpclient.netty.handler.HttpHandler - 

Request DefaultHttpRequest(decodeResult: success, version: HTTP/1.1)
POST /session/5bf8fdb758c0978b5646d533ad921f47/execute/sync HTTP/1.1
User-Agent: selenium/4.8.1 (java windows)
Content-Length: 176
Content-Type: application/json; charset=utf-8
host: localhost:25913
accept: */*

Response DefaultHttpResponse(decodeResult: success, version: HTTP/1.1)
HTTP/1.1 200 OK
Content-Length: 21780
Content-Type: application/json; charset=utf-8
cache-control: no-cache

20:20:17.881 [AsyncHttpClient-1-9] DEBUG org.asynchttpclient.netty.channel.ChannelManager - Adding key: http://localhost:25913 for channel [id: 0x04290d6d, L:/127.0.0.1:55395 - R:localhost/127.0.0.1:25913]
20:20:17.883 [Forwarding getCurrentUrl on session 5bf8fdb758c0978b5646d533ad921f47 to remote] DEBUG org.asynchttpclient.netty.request.NettyRequestSender - Using pooled Channel '[id: 0x04290d6d, L:/127.0.0.1:55395 - R:localhost/127.0.0.1:25913]' for 'GET' to 'http://localhost:25913/session/5bf8fdb758c0978b5646d533ad921f47/url'
20:20:17.883 [Forwarding getCurrentUrl on session 5bf8fdb758c0978b5646d533ad921f47 to remote] DEBUG org.asynchttpclient.netty.request.NettyRequestSender - Using open Channel [id: 0x04290d6d, L:/127.0.0.1:55395 - R:localhost/127.0.0.1:25913] for GET '/session/5bf8fdb758c0978b5646d533ad921f47/url'
20:20:17.887 [AsyncHttpClient-1-9] DEBUG org.asynchttpclient.netty.handler.HttpHandler - 

Request DefaultFullHttpRequest(decodeResult: success, version: HTTP/1.1, content: EmptyByteBufBE)
GET /session/5bf8fdb758c0978b5646d533ad921f47/url HTTP/1.1
User-Agent: selenium/4.8.1 (java windows)
Cache-Control: no-cache
Content-Type: application/json; charset=utf-8
host: localhost:25913
accept: */*

Response DefaultHttpResponse(decodeResult: success, version: HTTP/1.1)
HTTP/1.1 200 OK
Content-Length: 51
Content-Type: application/json; charset=utf-8
cache-control: no-cache

20:20:17.887 [AsyncHttpClient-1-9] DEBUG org.asynchttpclient.netty.channel.ChannelManager - Adding key: http://localhost:25913 for channel [id: 0x04290d6d, L:/127.0.0.1:55395 - R:localhost/127.0.0.1:25913]
20:20:17.890 [main] DEBUG net.thucydides.core.steps.StepInterceptor - STARTING STEP: ProductSteps.onTheHomePage - inputPassword
20:20:17.892 [Forwarding findElement on session 5bf8fdb758c0978b5646d533ad921f47 to remote] DEBUG org.asynchttpclient.netty.request.NettyRequestSender - Using pooled Channel '[id: 0x04290d6d, L:/127.0.0.1:55395 - R:localhost/127.0.0.1:25913]' for 'POST' to 'http://localhost:25913/session/5bf8fdb758c0978b5646d533ad921f47/element'
20:20:17.892 [Forwarding findElement on session 5bf8fdb758c0978b5646d533ad921f47 to remote] DEBUG org.asynchttpclient.netty.request.NettyRequestSender - Using open Channel [id: 0x04290d6d, L:/127.0.0.1:55395 - R:localhost/127.0.0.1:25913] for POST '/session/5bf8fdb758c0978b5646d533ad921f47/element'
20:20:17.905 [AsyncHttpClient-1-9] DEBUG org.asynchttpclient.netty.handler.HttpHandler - 

Request DefaultHttpRequest(decodeResult: success, version: HTTP/1.1)
POST /session/5bf8fdb758c0978b5646d533ad921f47/element HTTP/1.1
User-Agent: selenium/4.8.1 (java windows)
Content-Length: 55
Content-Type: application/json; charset=utf-8
host: localhost:25913
accept: */*

Response DefaultHttpResponse(decodeResult: success, version: HTTP/1.1)
HTTP/1.1 200 OK
Content-Length: 88
Content-Type: application/json; charset=utf-8
cache-control: no-cache

20:20:17.905 [AsyncHttpClient-1-9] DEBUG org.asynchttpclient.netty.channel.ChannelManager - Adding key: http://localhost:25913 for channel [id: 0x04290d6d, L:/127.0.0.1:55395 - R:localhost/127.0.0.1:25913]
20:20:17.905 [Forwarding clearElement on session 5bf8fdb758c0978b5646d533ad921f47 to remote] DEBUG org.asynchttpclient.netty.request.NettyRequestSender - Using pooled Channel '[id: 0x04290d6d, L:/127.0.0.1:55395 - R:localhost/127.0.0.1:25913]' for 'POST' to 'http://localhost:25913/session/5bf8fdb758c0978b5646d533ad921f47/element/82e36766-5a8a-469a-a1b2-d0fd46a7c282/clear'
20:20:17.905 [Forwarding clearElement on session 5bf8fdb758c0978b5646d533ad921f47 to remote] DEBUG org.asynchttpclient.netty.request.NettyRequestSender - Using open Channel [id: 0x04290d6d, L:/127.0.0.1:55395 - R:localhost/127.0.0.1:25913] for POST '/session/5bf8fdb758c0978b5646d533ad921f47/element/82e36766-5a8a-469a-a1b2-d0fd46a7c282/clear'
20:20:17.945 [AsyncHttpClient-1-9] DEBUG org.asynchttpclient.netty.handler.HttpHandler - 

Request DefaultHttpRequest(decodeResult: success, version: HTTP/1.1)
POST /session/5bf8fdb758c0978b5646d533ad921f47/element/82e36766-5a8a-469a-a1b2-d0fd46a7c282/clear HTTP/1.1
User-Agent: selenium/4.8.1 (java windows)
Content-Length: 50
Content-Type: application/json; charset=utf-8
host: localhost:25913
accept: */*

Response DefaultHttpResponse(decodeResult: success, version: HTTP/1.1)
HTTP/1.1 200 OK
Content-Length: 14
Content-Type: application/json; charset=utf-8
cache-control: no-cache

20:20:17.945 [AsyncHttpClient-1-9] DEBUG org.asynchttpclient.netty.channel.ChannelManager - Adding key: http://localhost:25913 for channel [id: 0x04290d6d, L:/127.0.0.1:55395 - R:localhost/127.0.0.1:25913]
20:20:17.948 [Forwarding sendKeysToElement on session 5bf8fdb758c0978b5646d533ad921f47 to remote] DEBUG org.asynchttpclient.netty.request.NettyRequestSender - Using pooled Channel '[id: 0x04290d6d, L:/127.0.0.1:55395 - R:localhost/127.0.0.1:25913]' for 'POST' to 'http://localhost:25913/session/5bf8fdb758c0978b5646d533ad921f47/element/82e36766-5a8a-469a-a1b2-d0fd46a7c282/value'
20:20:17.948 [Forwarding sendKeysToElement on session 5bf8fdb758c0978b5646d533ad921f47 to remote] DEBUG org.asynchttpclient.netty.request.NettyRequestSender - Using open Channel [id: 0x04290d6d, L:/127.0.0.1:55395 - R:localhost/127.0.0.1:25913] for POST '/session/5bf8fdb758c0978b5646d533ad921f47/element/82e36766-5a8a-469a-a1b2-d0fd46a7c282/value'
20:20:17.955 [AsyncHttpClient-1-1] DEBUG org.asynchttpclient.netty.channel.DefaultChannelPool - Entry count for : http://localhost:55397 : 1
20:20:18.005 [AsyncHttpClient-1-9] DEBUG org.asynchttpclient.netty.handler.HttpHandler - 

Request DefaultHttpRequest(decodeResult: success, version: HTTP/1.1)
POST /session/5bf8fdb758c0978b5646d533ad921f47/element/82e36766-5a8a-469a-a1b2-d0fd46a7c282/value HTTP/1.1
User-Agent: selenium/4.8.1 (java windows)
Content-Length: 141
Content-Type: application/json; charset=utf-8
host: localhost:25913
accept: */*

Response DefaultHttpResponse(decodeResult: success, version: HTTP/1.1)
HTTP/1.1 200 OK
Content-Length: 14
Content-Type: application/json; charset=utf-8
cache-control: no-cache

20:20:18.005 [AsyncHttpClient-1-9] DEBUG org.asynchttpclient.netty.channel.ChannelManager - Adding key: http://localhost:25913 for channel [id: 0x04290d6d, L:/127.0.0.1:55395 - R:localhost/127.0.0.1:25913]
20:20:18.011 [Forwarding getAlertText on session 5bf8fdb758c0978b5646d533ad921f47 to remote] DEBUG org.asynchttpclient.netty.request.NettyRequestSender - Using pooled Channel '[id: 0x04290d6d, L:/127.0.0.1:55395 - R:localhost/127.0.0.1:25913]' for 'GET' to 'http://localhost:25913/session/5bf8fdb758c0978b5646d533ad921f47/alert/text'
20:20:18.011 [Forwarding getAlertText on session 5bf8fdb758c0978b5646d533ad921f47 to remote] DEBUG org.asynchttpclient.netty.request.NettyRequestSender - Using open Channel [id: 0x04290d6d, L:/127.0.0.1:55395 - R:localhost/127.0.0.1:25913] for GET '/session/5bf8fdb758c0978b5646d533ad921f47/alert/text'
20:20:18.013 [AsyncHttpClient-1-9] DEBUG org.asynchttpclient.netty.handler.HttpHandler - 

Request DefaultFullHttpRequest(decodeResult: success, version: HTTP/1.1, content: EmptyByteBufBE)
GET /session/5bf8fdb758c0978b5646d533ad921f47/alert/text HTTP/1.1
User-Agent: selenium/4.8.1 (java windows)
Cache-Control: no-cache
Content-Type: application/json; charset=utf-8
host: localhost:25913
accept: */*

Response DefaultHttpResponse(decodeResult: success, version: HTTP/1.1)
HTTP/1.1 404 Not Found
Content-Length: 836
Content-Type: application/json; charset=utf-8
cache-control: no-cache

20:20:18.013 [AsyncHttpClient-1-9] DEBUG org.asynchttpclient.netty.channel.ChannelManager - Adding key: http://localhost:25913 for channel [id: 0x04290d6d, L:/127.0.0.1:55395 - R:localhost/127.0.0.1:25913]
20:20:18.014 [Forwarding getCurrentUrl on session 5bf8fdb758c0978b5646d533ad921f47 to remote] DEBUG org.asynchttpclient.netty.request.NettyRequestSender - Using pooled Channel '[id: 0x04290d6d, L:/127.0.0.1:55395 - R:localhost/127.0.0.1:25913]' for 'GET' to 'http://localhost:25913/session/5bf8fdb758c0978b5646d533ad921f47/url'
20:20:18.014 [Forwarding getCurrentUrl on session 5bf8fdb758c0978b5646d533ad921f47 to remote] DEBUG org.asynchttpclient.netty.request.NettyRequestSender - Using open Channel [id: 0x04290d6d, L:/127.0.0.1:55395 - R:localhost/127.0.0.1:25913] for GET '/session/5bf8fdb758c0978b5646d533ad921f47/url'
20:20:18.018 [AsyncHttpClient-1-9] DEBUG org.asynchttpclient.netty.handler.HttpHandler - 

Request DefaultFullHttpRequest(decodeResult: success, version: HTTP/1.1, content: EmptyByteBufBE)
GET /session/5bf8fdb758c0978b5646d533ad921f47/url HTTP/1.1
User-Agent: selenium/4.8.1 (java windows)
Cache-Control: no-cache
Content-Type: application/json; charset=utf-8
host: localhost:25913
accept: */*

Response DefaultHttpResponse(decodeResult: success, version: HTTP/1.1)
HTTP/1.1 200 OK
Content-Length: 51
Content-Type: application/json; charset=utf-8
cache-control: no-cache

20:20:18.018 [AsyncHttpClient-1-9] DEBUG org.asynchttpclient.netty.channel.ChannelManager - Adding key: http://localhost:25913 for channel [id: 0x04290d6d, L:/127.0.0.1:55395 - R:localhost/127.0.0.1:25913]
20:20:18.019 [Forwarding screenshot on session 5bf8fdb758c0978b5646d533ad921f47 to remote] DEBUG org.asynchttpclient.netty.request.NettyRequestSender - Using pooled Channel '[id: 0x04290d6d, L:/127.0.0.1:55395 - R:localhost/127.0.0.1:25913]' for 'GET' to 'http://localhost:25913/session/5bf8fdb758c0978b5646d533ad921f47/screenshot'
20:20:18.019 [Forwarding screenshot on session 5bf8fdb758c0978b5646d533ad921f47 to remote] DEBUG org.asynchttpclient.netty.request.NettyRequestSender - Using open Channel [id: 0x04290d6d, L:/127.0.0.1:55395 - R:localhost/127.0.0.1:25913] for GET '/session/5bf8fdb758c0978b5646d533ad921f47/screenshot'
20:20:18.110 [AsyncHttpClient-1-9] DEBUG org.asynchttpclient.netty.handler.HttpHandler - 

Request DefaultFullHttpRequest(decodeResult: success, version: HTTP/1.1, content: EmptyByteBufBE)
GET /session/5bf8fdb758c0978b5646d533ad921f47/screenshot HTTP/1.1
User-Agent: selenium/4.8.1 (java windows)
Cache-Control: no-cache
Content-Type: application/json; charset=utf-8
host: localhost:25913
accept: */*

Response DefaultHttpResponse(decodeResult: success, version: HTTP/1.1)
HTTP/1.1 200 OK
Content-Length: 30956
Content-Type: application/json; charset=utf-8
cache-control: no-cache

20:20:18.110 [AsyncHttpClient-1-9] DEBUG org.asynchttpclient.netty.channel.ChannelManager - Adding key: http://localhost:25913 for channel [id: 0x04290d6d, L:/127.0.0.1:55395 - R:localhost/127.0.0.1:25913]
20:20:18.112 [main] DEBUG net.serenitybdd.core.photography.Darkroom - Send negative for processing for target\site\serenity\f4fcf8a2909b11e135ed7671116b67a7c026c6c4429cce65a29f79801b8cfeba.png
20:20:18.112 [main] DEBUG net.thucydides.core.steps.StepInterceptor - STEP DONE: inputPassword
20:20:18.112 [Darkroom Processing Line] DEBUG net.serenitybdd.core.photography.DarkroomProcessingLine - Processing screenshot image in /var/screenshots/screenshot-2588665076687755008
20:20:18.112 [Darkroom Processing Line] DEBUG net.serenitybdd.core.photography.DarkroomProcessingLine - Saving screenshot to target\site\serenity\f4fcf8a2909b11e135ed7671116b67a7c026c6c4429cce65a29f79801b8cfeba.png
20:20:18.116 [Forwarding getPageSource on session 5bf8fdb758c0978b5646d533ad921f47 to remote] DEBUG org.asynchttpclient.netty.request.NettyRequestSender - Using pooled Channel '[id: 0x04290d6d, L:/127.0.0.1:55395 - R:localhost/127.0.0.1:25913]' for 'POST' to 'http://localhost:25913/session/5bf8fdb758c0978b5646d533ad921f47/execute/sync'
20:20:18.116 [Forwarding getPageSource on session 5bf8fdb758c0978b5646d533ad921f47 to remote] DEBUG org.asynchttpclient.netty.request.NettyRequestSender - Using open Channel [id: 0x04290d6d, L:/127.0.0.1:55395 - R:localhost/127.0.0.1:25913] for POST '/session/5bf8fdb758c0978b5646d533ad921f47/execute/sync'
20:20:18.122 [AsyncHttpClient-1-9] DEBUG org.asynchttpclient.netty.handler.HttpHandler - 

Request DefaultHttpRequest(decodeResult: success, version: HTTP/1.1)
POST /session/5bf8fdb758c0978b5646d533ad921f47/execute/sync HTTP/1.1
User-Agent: selenium/4.8.1 (java windows)
Content-Length: 176
Content-Type: application/json; charset=utf-8
host: localhost:25913
accept: */*

Response DefaultHttpResponse(decodeResult: success, version: HTTP/1.1)
HTTP/1.1 200 OK
Content-Length: 21839
Content-Type: application/json; charset=utf-8
cache-control: no-cache

20:20:18.122 [AsyncHttpClient-1-9] DEBUG org.asynchttpclient.netty.channel.ChannelManager - Adding key: http://localhost:25913 for channel [id: 0x04290d6d, L:/127.0.0.1:55395 - R:localhost/127.0.0.1:25913]
20:20:18.124 [Forwarding getCurrentUrl on session 5bf8fdb758c0978b5646d533ad921f47 to remote] DEBUG org.asynchttpclient.netty.request.NettyRequestSender - Using pooled Channel '[id: 0x04290d6d, L:/127.0.0.1:55395 - R:localhost/127.0.0.1:25913]' for 'GET' to 'http://localhost:25913/session/5bf8fdb758c0978b5646d533ad921f47/url'
20:20:18.124 [Forwarding getCurrentUrl on session 5bf8fdb758c0978b5646d533ad921f47 to remote] DEBUG org.asynchttpclient.netty.request.NettyRequestSender - Using open Channel [id: 0x04290d6d, L:/127.0.0.1:55395 - R:localhost/127.0.0.1:25913] for GET '/session/5bf8fdb758c0978b5646d533ad921f47/url'
20:20:18.128 [AsyncHttpClient-1-9] DEBUG org.asynchttpclient.netty.handler.HttpHandler - 

Request DefaultFullHttpRequest(decodeResult: success, version: HTTP/1.1, content: EmptyByteBufBE)
GET /session/5bf8fdb758c0978b5646d533ad921f47/url HTTP/1.1
User-Agent: selenium/4.8.1 (java windows)
Cache-Control: no-cache
Content-Type: application/json; charset=utf-8
host: localhost:25913
accept: */*

Response DefaultHttpResponse(decodeResult: success, version: HTTP/1.1)
HTTP/1.1 200 OK
Content-Length: 51
Content-Type: application/json; charset=utf-8
cache-control: no-cache

20:20:18.128 [AsyncHttpClient-1-9] DEBUG org.asynchttpclient.netty.channel.ChannelManager - Adding key: http://localhost:25913 for channel [id: 0x04290d6d, L:/127.0.0.1:55395 - R:localhost/127.0.0.1:25913]
20:20:18.130 [main] DEBUG net.thucydides.core.steps.StepInterceptor - STARTING STEP: ProductSteps.onTheHomePage - clickLoginButton
20:20:18.132 [Forwarding findElement on session 5bf8fdb758c0978b5646d533ad921f47 to remote] DEBUG org.asynchttpclient.netty.request.NettyRequestSender - Using pooled Channel '[id: 0x04290d6d, L:/127.0.0.1:55395 - R:localhost/127.0.0.1:25913]' for 'POST' to 'http://localhost:25913/session/5bf8fdb758c0978b5646d533ad921f47/element'
20:20:18.132 [Forwarding findElement on session 5bf8fdb758c0978b5646d533ad921f47 to remote] DEBUG org.asynchttpclient.netty.request.NettyRequestSender - Using open Channel [id: 0x04290d6d, L:/127.0.0.1:55395 - R:localhost/127.0.0.1:25913] for POST '/session/5bf8fdb758c0978b5646d533ad921f47/element'
20:20:18.142 [AsyncHttpClient-1-9] DEBUG org.asynchttpclient.netty.handler.HttpHandler - 

Request DefaultHttpRequest(decodeResult: success, version: HTTP/1.1)
POST /session/5bf8fdb758c0978b5646d533ad921f47/element HTTP/1.1
User-Agent: selenium/4.8.1 (java windows)
Content-Length: 71
Content-Type: application/json; charset=utf-8
host: localhost:25913
accept: */*

Response DefaultHttpResponse(decodeResult: success, version: HTTP/1.1)
HTTP/1.1 200 OK
Content-Length: 88
Content-Type: application/json; charset=utf-8
cache-control: no-cache

20:20:18.142 [AsyncHttpClient-1-9] DEBUG org.asynchttpclient.netty.channel.ChannelManager - Adding key: http://localhost:25913 for channel [id: 0x04290d6d, L:/127.0.0.1:55395 - R:localhost/127.0.0.1:25913]
20:20:18.143 [Forwarding getElementTagName on session 5bf8fdb758c0978b5646d533ad921f47 to remote] DEBUG org.asynchttpclient.netty.request.NettyRequestSender - Using pooled Channel '[id: 0x04290d6d, L:/127.0.0.1:55395 - R:localhost/127.0.0.1:25913]' for 'GET' to 'http://localhost:25913/session/5bf8fdb758c0978b5646d533ad921f47/element/3bb1cca0-45e3-48ab-b9ad-3241df54169e/name'
20:20:18.143 [Forwarding getElementTagName on session 5bf8fdb758c0978b5646d533ad921f47 to remote] DEBUG org.asynchttpclient.netty.request.NettyRequestSender - Using open Channel [id: 0x04290d6d, L:/127.0.0.1:55395 - R:localhost/127.0.0.1:25913] for GET '/session/5bf8fdb758c0978b5646d533ad921f47/element/3bb1cca0-45e3-48ab-b9ad-3241df54169e/name'
20:20:18.145 [AsyncHttpClient-1-9] DEBUG org.asynchttpclient.netty.handler.HttpHandler - 

Request DefaultFullHttpRequest(decodeResult: success, version: HTTP/1.1, content: EmptyByteBufBE)
GET /session/5bf8fdb758c0978b5646d533ad921f47/element/3bb1cca0-45e3-48ab-b9ad-3241df54169e/name HTTP/1.1
User-Agent: selenium/4.8.1 (java windows)
Cache-Control: no-cache
Content-Type: application/json; charset=utf-8
host: localhost:25913
accept: */*

Response DefaultHttpResponse(decodeResult: success, version: HTTP/1.1)
HTTP/1.1 200 OK
Content-Length: 18
Content-Type: application/json; charset=utf-8
cache-control: no-cache

20:20:18.146 [AsyncHttpClient-1-9] DEBUG org.asynchttpclient.netty.channel.ChannelManager - Adding key: http://localhost:25913 for channel [id: 0x04290d6d, L:/127.0.0.1:55395 - R:localhost/127.0.0.1:25913]
20:20:18.147 [Forwarding getElementTagName on session 5bf8fdb758c0978b5646d533ad921f47 to remote] DEBUG org.asynchttpclient.netty.request.NettyRequestSender - Using pooled Channel '[id: 0x04290d6d, L:/127.0.0.1:55395 - R:localhost/127.0.0.1:25913]' for 'GET' to 'http://localhost:25913/session/5bf8fdb758c0978b5646d533ad921f47/element/3bb1cca0-45e3-48ab-b9ad-3241df54169e/name'
20:20:18.147 [Forwarding getElementTagName on session 5bf8fdb758c0978b5646d533ad921f47 to remote] DEBUG org.asynchttpclient.netty.request.NettyRequestSender - Using open Channel [id: 0x04290d6d, L:/127.0.0.1:55395 - R:localhost/127.0.0.1:25913] for GET '/session/5bf8fdb758c0978b5646d533ad921f47/element/3bb1cca0-45e3-48ab-b9ad-3241df54169e/name'
20:20:18.149 [AsyncHttpClient-1-9] DEBUG org.asynchttpclient.netty.handler.HttpHandler - 

Request DefaultFullHttpRequest(decodeResult: success, version: HTTP/1.1, content: EmptyByteBufBE)
GET /session/5bf8fdb758c0978b5646d533ad921f47/element/3bb1cca0-45e3-48ab-b9ad-3241df54169e/name HTTP/1.1
User-Agent: selenium/4.8.1 (java windows)
Cache-Control: no-cache
Content-Type: application/json; charset=utf-8
host: localhost:25913
accept: */*

Response DefaultHttpResponse(decodeResult: success, version: HTTP/1.1)
HTTP/1.1 200 OK
Content-Length: 18
Content-Type: application/json; charset=utf-8
cache-control: no-cache

20:20:18.149 [AsyncHttpClient-1-9] DEBUG org.asynchttpclient.netty.channel.ChannelManager - Adding key: http://localhost:25913 for channel [id: 0x04290d6d, L:/127.0.0.1:55395 - R:localhost/127.0.0.1:25913]
20:20:18.150 [Forwarding isElementEnabled on session 5bf8fdb758c0978b5646d533ad921f47 to remote] DEBUG org.asynchttpclient.netty.request.NettyRequestSender - Using pooled Channel '[id: 0x04290d6d, L:/127.0.0.1:55395 - R:localhost/127.0.0.1:25913]' for 'GET' to 'http://localhost:25913/session/5bf8fdb758c0978b5646d533ad921f47/element/3bb1cca0-45e3-48ab-b9ad-3241df54169e/enabled'
20:20:18.150 [Forwarding isElementEnabled on session 5bf8fdb758c0978b5646d533ad921f47 to remote] DEBUG org.asynchttpclient.netty.request.NettyRequestSender - Using open Channel [id: 0x04290d6d, L:/127.0.0.1:55395 - R:localhost/127.0.0.1:25913] for GET '/session/5bf8fdb758c0978b5646d533ad921f47/element/3bb1cca0-45e3-48ab-b9ad-3241df54169e/enabled'
20:20:18.156 [AsyncHttpClient-1-9] DEBUG org.asynchttpclient.netty.handler.HttpHandler - 

Request DefaultFullHttpRequest(decodeResult: success, version: HTTP/1.1, content: EmptyByteBufBE)
GET /session/5bf8fdb758c0978b5646d533ad921f47/element/3bb1cca0-45e3-48ab-b9ad-3241df54169e/enabled HTTP/1.1
User-Agent: selenium/4.8.1 (java windows)
Cache-Control: no-cache
Content-Type: application/json; charset=utf-8
host: localhost:25913
accept: */*

Response DefaultHttpResponse(decodeResult: success, version: HTTP/1.1)
HTTP/1.1 200 OK
Content-Length: 14
Content-Type: application/json; charset=utf-8
cache-control: no-cache

20:20:18.156 [AsyncHttpClient-1-9] DEBUG org.asynchttpclient.netty.channel.ChannelManager - Adding key: http://localhost:25913 for channel [id: 0x04290d6d, L:/127.0.0.1:55395 - R:localhost/127.0.0.1:25913]
20:20:18.157 [Forwarding isElementEnabled on session 5bf8fdb758c0978b5646d533ad921f47 to remote] DEBUG org.asynchttpclient.netty.request.NettyRequestSender - Using pooled Channel '[id: 0x04290d6d, L:/127.0.0.1:55395 - R:localhost/127.0.0.1:25913]' for 'GET' to 'http://localhost:25913/session/5bf8fdb758c0978b5646d533ad921f47/element/3bb1cca0-45e3-48ab-b9ad-3241df54169e/enabled'
20:20:18.157 [Forwarding isElementEnabled on session 5bf8fdb758c0978b5646d533ad921f47 to remote] DEBUG org.asynchttpclient.netty.request.NettyRequestSender - Using open Channel [id: 0x04290d6d, L:/127.0.0.1:55395 - R:localhost/127.0.0.1:25913] for GET '/session/5bf8fdb758c0978b5646d533ad921f47/element/3bb1cca0-45e3-48ab-b9ad-3241df54169e/enabled'
20:20:18.162 [AsyncHttpClient-1-9] DEBUG org.asynchttpclient.netty.handler.HttpHandler - 

Request DefaultFullHttpRequest(decodeResult: success, version: HTTP/1.1, content: EmptyByteBufBE)
GET /session/5bf8fdb758c0978b5646d533ad921f47/element/3bb1cca0-45e3-48ab-b9ad-3241df54169e/enabled HTTP/1.1
User-Agent: selenium/4.8.1 (java windows)
Cache-Control: no-cache
Content-Type: application/json; charset=utf-8
host: localhost:25913
accept: */*

Response DefaultHttpResponse(decodeResult: success, version: HTTP/1.1)
HTTP/1.1 200 OK
Content-Length: 14
Content-Type: application/json; charset=utf-8
cache-control: no-cache

20:20:18.162 [AsyncHttpClient-1-9] DEBUG org.asynchttpclient.netty.channel.ChannelManager - Adding key: http://localhost:25913 for channel [id: 0x04290d6d, L:/127.0.0.1:55395 - R:localhost/127.0.0.1:25913]
20:20:18.163 [Forwarding findElement on session 5bf8fdb758c0978b5646d533ad921f47 to remote] DEBUG org.asynchttpclient.netty.request.NettyRequestSender - Using pooled Channel '[id: 0x04290d6d, L:/127.0.0.1:55395 - R:localhost/127.0.0.1:25913]' for 'POST' to 'http://localhost:25913/session/5bf8fdb758c0978b5646d533ad921f47/element'
20:20:18.163 [Forwarding findElement on session 5bf8fdb758c0978b5646d533ad921f47 to remote] DEBUG org.asynchttpclient.netty.request.NettyRequestSender - Using open Channel [id: 0x04290d6d, L:/127.0.0.1:55395 - R:localhost/127.0.0.1:25913] for POST '/session/5bf8fdb758c0978b5646d533ad921f47/element'
20:20:18.169 [AsyncHttpClient-1-9] DEBUG org.asynchttpclient.netty.handler.HttpHandler - 

Request DefaultHttpRequest(decodeResult: success, version: HTTP/1.1)
POST /session/5bf8fdb758c0978b5646d533ad921f47/element HTTP/1.1
User-Agent: selenium/4.8.1 (java windows)
Content-Length: 71
Content-Type: application/json; charset=utf-8
host: localhost:25913
accept: */*

Response DefaultHttpResponse(decodeResult: success, version: HTTP/1.1)
HTTP/1.1 200 OK
Content-Length: 88
Content-Type: application/json; charset=utf-8
cache-control: no-cache

20:20:18.169 [AsyncHttpClient-1-9] DEBUG org.asynchttpclient.netty.channel.ChannelManager - Adding key: http://localhost:25913 for channel [id: 0x04290d6d, L:/127.0.0.1:55395 - R:localhost/127.0.0.1:25913]
20:20:18.169 [Forwarding clickElement on session 5bf8fdb758c0978b5646d533ad921f47 to remote] DEBUG org.asynchttpclient.netty.request.NettyRequestSender - Using pooled Channel '[id: 0x04290d6d, L:/127.0.0.1:55395 - R:localhost/127.0.0.1:25913]' for 'POST' to 'http://localhost:25913/session/5bf8fdb758c0978b5646d533ad921f47/element/3bb1cca0-45e3-48ab-b9ad-3241df54169e/click'
20:20:18.169 [Forwarding clickElement on session 5bf8fdb758c0978b5646d533ad921f47 to remote] DEBUG org.asynchttpclient.netty.request.NettyRequestSender - Using open Channel [id: 0x04290d6d, L:/127.0.0.1:55395 - R:localhost/127.0.0.1:25913] for POST '/session/5bf8fdb758c0978b5646d533ad921f47/element/3bb1cca0-45e3-48ab-b9ad-3241df54169e/click'
20:20:18.201 [AsyncHttpClient-1-9] DEBUG org.asynchttpclient.netty.handler.HttpHandler - 

Request DefaultHttpRequest(decodeResult: success, version: HTTP/1.1)
POST /session/5bf8fdb758c0978b5646d533ad921f47/element/3bb1cca0-45e3-48ab-b9ad-3241df54169e/click HTTP/1.1
User-Agent: selenium/4.8.1 (java windows)
Content-Length: 50
Content-Type: application/json; charset=utf-8
host: localhost:25913
accept: */*

Response DefaultHttpResponse(decodeResult: success, version: HTTP/1.1)
HTTP/1.1 200 OK
Content-Length: 14
Content-Type: application/json; charset=utf-8
cache-control: no-cache

20:20:18.201 [AsyncHttpClient-1-9] DEBUG org.asynchttpclient.netty.channel.ChannelManager - Adding key: http://localhost:25913 for channel [id: 0x04290d6d, L:/127.0.0.1:55395 - R:localhost/127.0.0.1:25913]
20:20:18.206 [Forwarding getAlertText on session 5bf8fdb758c0978b5646d533ad921f47 to remote] DEBUG org.asynchttpclient.netty.request.NettyRequestSender - Using pooled Channel '[id: 0x04290d6d, L:/127.0.0.1:55395 - R:localhost/127.0.0.1:25913]' for 'GET' to 'http://localhost:25913/session/5bf8fdb758c0978b5646d533ad921f47/alert/text'
20:20:18.206 [Forwarding getAlertText on session 5bf8fdb758c0978b5646d533ad921f47 to remote] DEBUG org.asynchttpclient.netty.request.NettyRequestSender - Using open Channel [id: 0x04290d6d, L:/127.0.0.1:55395 - R:localhost/127.0.0.1:25913] for GET '/session/5bf8fdb758c0978b5646d533ad921f47/alert/text'
20:20:18.206 [AsyncHttpClient-1-9] DEBUG org.asynchttpclient.netty.handler.HttpHandler - 

Request DefaultFullHttpRequest(decodeResult: success, version: HTTP/1.1, content: EmptyByteBufBE)
GET /session/5bf8fdb758c0978b5646d533ad921f47/alert/text HTTP/1.1
User-Agent: selenium/4.8.1 (java windows)
Cache-Control: no-cache
Content-Type: application/json; charset=utf-8
host: localhost:25913
accept: */*

Response DefaultHttpResponse(decodeResult: success, version: HTTP/1.1)
HTTP/1.1 404 Not Found
Content-Length: 836
Content-Type: application/json; charset=utf-8
cache-control: no-cache

20:20:18.207 [AsyncHttpClient-1-9] DEBUG org.asynchttpclient.netty.channel.ChannelManager - Adding key: http://localhost:25913 for channel [id: 0x04290d6d, L:/127.0.0.1:55395 - R:localhost/127.0.0.1:25913]
20:20:18.208 [Forwarding getCurrentUrl on session 5bf8fdb758c0978b5646d533ad921f47 to remote] DEBUG org.asynchttpclient.netty.request.NettyRequestSender - Using pooled Channel '[id: 0x04290d6d, L:/127.0.0.1:55395 - R:localhost/127.0.0.1:25913]' for 'GET' to 'http://localhost:25913/session/5bf8fdb758c0978b5646d533ad921f47/url'
20:20:18.208 [Forwarding getCurrentUrl on session 5bf8fdb758c0978b5646d533ad921f47 to remote] DEBUG org.asynchttpclient.netty.request.NettyRequestSender - Using open Channel [id: 0x04290d6d, L:/127.0.0.1:55395 - R:localhost/127.0.0.1:25913] for GET '/session/5bf8fdb758c0978b5646d533ad921f47/url'
20:20:18.211 [AsyncHttpClient-1-9] DEBUG org.asynchttpclient.netty.handler.HttpHandler - 

Request DefaultFullHttpRequest(decodeResult: success, version: HTTP/1.1, content: EmptyByteBufBE)
GET /session/5bf8fdb758c0978b5646d533ad921f47/url HTTP/1.1
User-Agent: selenium/4.8.1 (java windows)
Cache-Control: no-cache
Content-Type: application/json; charset=utf-8
host: localhost:25913
accept: */*

Response DefaultHttpResponse(decodeResult: success, version: HTTP/1.1)
HTTP/1.1 200 OK
Content-Length: 51
Content-Type: application/json; charset=utf-8
cache-control: no-cache

20:20:18.212 [AsyncHttpClient-1-9] DEBUG org.asynchttpclient.netty.channel.ChannelManager - Adding key: http://localhost:25913 for channel [id: 0x04290d6d, L:/127.0.0.1:55395 - R:localhost/127.0.0.1:25913]
20:20:18.212 [Forwarding screenshot on session 5bf8fdb758c0978b5646d533ad921f47 to remote] DEBUG org.asynchttpclient.netty.request.NettyRequestSender - Using pooled Channel '[id: 0x04290d6d, L:/127.0.0.1:55395 - R:localhost/127.0.0.1:25913]' for 'GET' to 'http://localhost:25913/session/5bf8fdb758c0978b5646d533ad921f47/screenshot'
20:20:18.212 [Forwarding screenshot on session 5bf8fdb758c0978b5646d533ad921f47 to remote] DEBUG org.asynchttpclient.netty.request.NettyRequestSender - Using open Channel [id: 0x04290d6d, L:/127.0.0.1:55395 - R:localhost/127.0.0.1:25913] for GET '/session/5bf8fdb758c0978b5646d533ad921f47/screenshot'
20:20:18.303 [AsyncHttpClient-1-9] DEBUG org.asynchttpclient.netty.handler.HttpHandler - 

Request DefaultFullHttpRequest(decodeResult: success, version: HTTP/1.1, content: EmptyByteBufBE)
GET /session/5bf8fdb758c0978b5646d533ad921f47/screenshot HTTP/1.1
User-Agent: selenium/4.8.1 (java windows)
Cache-Control: no-cache
Content-Type: application/json; charset=utf-8
host: localhost:25913
accept: */*

Response DefaultHttpResponse(decodeResult: success, version: HTTP/1.1)
HTTP/1.1 200 OK
Content-Length: 30620
Content-Type: application/json; charset=utf-8
cache-control: no-cache

20:20:18.304 [AsyncHttpClient-1-9] DEBUG org.asynchttpclient.netty.channel.ChannelManager - Adding key: http://localhost:25913 for channel [id: 0x04290d6d, L:/127.0.0.1:55395 - R:localhost/127.0.0.1:25913]
20:20:18.305 [main] DEBUG net.serenitybdd.core.photography.Darkroom - Send negative for processing for target\site\serenity\ce18f38de6d641989217b46c3def10ff3206f7d98075465ca507dcf786516834.png
20:20:18.305 [main] DEBUG net.thucydides.core.steps.StepInterceptor - STEP DONE: clickLoginButton
20:20:18.305 [Darkroom Processing Line] DEBUG net.serenitybdd.core.photography.DarkroomProcessingLine - Processing screenshot image in /var/screenshots/screenshot-4176267832958414826
20:20:18.305 [Darkroom Processing Line] DEBUG net.serenitybdd.core.photography.DarkroomProcessingLine - Saving screenshot to target\site\serenity\ce18f38de6d641989217b46c3def10ff3206f7d98075465ca507dcf786516834.png
20:20:18.310 [Forwarding getPageSource on session 5bf8fdb758c0978b5646d533ad921f47 to remote] DEBUG org.asynchttpclient.netty.request.NettyRequestSender - Using pooled Channel '[id: 0x04290d6d, L:/127.0.0.1:55395 - R:localhost/127.0.0.1:25913]' for 'POST' to 'http://localhost:25913/session/5bf8fdb758c0978b5646d533ad921f47/execute/sync'
20:20:18.310 [Forwarding getPageSource on session 5bf8fdb758c0978b5646d533ad921f47 to remote] DEBUG org.asynchttpclient.netty.request.NettyRequestSender - Using open Channel [id: 0x04290d6d, L:/127.0.0.1:55395 - R:localhost/127.0.0.1:25913] for POST '/session/5bf8fdb758c0978b5646d533ad921f47/execute/sync'
20:20:18.315 [AsyncHttpClient-1-9] DEBUG org.asynchttpclient.netty.handler.HttpHandler - 

Request DefaultHttpRequest(decodeResult: success, version: HTTP/1.1)
POST /session/5bf8fdb758c0978b5646d533ad921f47/execute/sync HTTP/1.1
User-Agent: selenium/4.8.1 (java windows)
Content-Length: 176
Content-Type: application/json; charset=utf-8
host: localhost:25913
accept: */*

Response DefaultHttpResponse(decodeResult: success, version: HTTP/1.1)
HTTP/1.1 200 OK
Content-Length: 22119
Content-Type: application/json; charset=utf-8
cache-control: no-cache

20:20:18.315 [AsyncHttpClient-1-9] DEBUG org.asynchttpclient.netty.channel.ChannelManager - Adding key: http://localhost:25913 for channel [id: 0x04290d6d, L:/127.0.0.1:55395 - R:localhost/127.0.0.1:25913]
20:20:18.316 [Forwarding getCurrentUrl on session 5bf8fdb758c0978b5646d533ad921f47 to remote] DEBUG org.asynchttpclient.netty.request.NettyRequestSender - Using pooled Channel '[id: 0x04290d6d, L:/127.0.0.1:55395 - R:localhost/127.0.0.1:25913]' for 'GET' to 'http://localhost:25913/session/5bf8fdb758c0978b5646d533ad921f47/url'
20:20:18.316 [Forwarding getCurrentUrl on session 5bf8fdb758c0978b5646d533ad921f47 to remote] DEBUG org.asynchttpclient.netty.request.NettyRequestSender - Using open Channel [id: 0x04290d6d, L:/127.0.0.1:55395 - R:localhost/127.0.0.1:25913] for GET '/session/5bf8fdb758c0978b5646d533ad921f47/url'
20:20:18.320 [AsyncHttpClient-1-9] DEBUG org.asynchttpclient.netty.handler.HttpHandler - 

Request DefaultFullHttpRequest(decodeResult: success, version: HTTP/1.1, content: EmptyByteBufBE)
GET /session/5bf8fdb758c0978b5646d533ad921f47/url HTTP/1.1
User-Agent: selenium/4.8.1 (java windows)
Cache-Control: no-cache
Content-Type: application/json; charset=utf-8
host: localhost:25913
accept: */*

Response DefaultHttpResponse(decodeResult: success, version: HTTP/1.1)
HTTP/1.1 200 OK
Content-Length: 51
Content-Type: application/json; charset=utf-8
cache-control: no-cache

20:20:18.320 [AsyncHttpClient-1-9] DEBUG org.asynchttpclient.netty.channel.ChannelManager - Adding key: http://localhost:25913 for channel [id: 0x04290d6d, L:/127.0.0.1:55395 - R:localhost/127.0.0.1:25913]
20:20:18.323 [main] DEBUG net.thucydides.core.steps.StepInterceptor - STARTING STEP: ProductSteps.onTheHomePage - validateOnHomePage
20:20:18.325 [Forwarding findElement on session 5bf8fdb758c0978b5646d533ad921f47 to remote] DEBUG org.asynchttpclient.netty.request.NettyRequestSender - Using pooled Channel '[id: 0x04290d6d, L:/127.0.0.1:55395 - R:localhost/127.0.0.1:25913]' for 'POST' to 'http://localhost:25913/session/5bf8fdb758c0978b5646d533ad921f47/element'
20:20:18.325 [Forwarding findElement on session 5bf8fdb758c0978b5646d533ad921f47 to remote] DEBUG org.asynchttpclient.netty.request.NettyRequestSender - Using open Channel [id: 0x04290d6d, L:/127.0.0.1:55395 - R:localhost/127.0.0.1:25913] for POST '/session/5bf8fdb758c0978b5646d533ad921f47/element'
20:20:18.591 [AsyncHttpClient-1-9] DEBUG org.asynchttpclient.netty.handler.HttpHandler - 

Request DefaultHttpRequest(decodeResult: success, version: HTTP/1.1)
POST /session/5bf8fdb758c0978b5646d533ad921f47/element HTTP/1.1
User-Agent: selenium/4.8.1 (java windows)
Content-Length: 54
Content-Type: application/json; charset=utf-8
host: localhost:25913
accept: */*

Response DefaultHttpResponse(decodeResult: success, version: HTTP/1.1)
HTTP/1.1 200 OK
Content-Length: 88
Content-Type: application/json; charset=utf-8
cache-control: no-cache

20:20:18.591 [AsyncHttpClient-1-9] DEBUG org.asynchttpclient.netty.channel.ChannelManager - Adding key: http://localhost:25913 for channel [id: 0x04290d6d, L:/127.0.0.1:55395 - R:localhost/127.0.0.1:25913]
20:20:18.592 [Forwarding isElementDisplayed on session 5bf8fdb758c0978b5646d533ad921f47 to remote] DEBUG org.asynchttpclient.netty.request.NettyRequestSender - Using pooled Channel '[id: 0x04290d6d, L:/127.0.0.1:55395 - R:localhost/127.0.0.1:25913]' for 'POST' to 'http://localhost:25913/session/5bf8fdb758c0978b5646d533ad921f47/execute/sync'
20:20:18.592 [Forwarding isElementDisplayed on session 5bf8fdb758c0978b5646d533ad921f47 to remote] DEBUG org.asynchttpclient.netty.request.NettyRequestSender - Using open Channel [id: 0x04290d6d, L:/127.0.0.1:55395 - R:localhost/127.0.0.1:25913] for POST '/session/5bf8fdb758c0978b5646d533ad921f47/execute/sync'
20:20:18.603 [AsyncHttpClient-1-9] DEBUG org.asynchttpclient.netty.handler.HttpHandler - 

Request DefaultHttpRequest(decodeResult: success, version: HTTP/1.1)
POST /session/5bf8fdb758c0978b5646d533ad921f47/execute/sync HTTP/1.1
User-Agent: selenium/4.8.1 (java windows)
Content-Length: 48807
Content-Type: application/json; charset=utf-8
host: localhost:25913
accept: */*

Response DefaultHttpResponse(decodeResult: success, version: HTTP/1.1)
HTTP/1.1 200 OK
Content-Length: 14
Content-Type: application/json; charset=utf-8
cache-control: no-cache

20:20:18.604 [AsyncHttpClient-1-9] DEBUG org.asynchttpclient.netty.channel.ChannelManager - Adding key: http://localhost:25913 for channel [id: 0x04290d6d, L:/127.0.0.1:55395 - R:localhost/127.0.0.1:25913]
20:20:18.607 [Forwarding getAlertText on session 5bf8fdb758c0978b5646d533ad921f47 to remote] DEBUG org.asynchttpclient.netty.request.NettyRequestSender - Using pooled Channel '[id: 0x04290d6d, L:/127.0.0.1:55395 - R:localhost/127.0.0.1:25913]' for 'GET' to 'http://localhost:25913/session/5bf8fdb758c0978b5646d533ad921f47/alert/text'
20:20:18.607 [Forwarding getAlertText on session 5bf8fdb758c0978b5646d533ad921f47 to remote] DEBUG org.asynchttpclient.netty.request.NettyRequestSender - Using open Channel [id: 0x04290d6d, L:/127.0.0.1:55395 - R:localhost/127.0.0.1:25913] for GET '/session/5bf8fdb758c0978b5646d533ad921f47/alert/text'
20:20:18.609 [AsyncHttpClient-1-9] DEBUG org.asynchttpclient.netty.handler.HttpHandler - 

Request DefaultFullHttpRequest(decodeResult: success, version: HTTP/1.1, content: EmptyByteBufBE)
GET /session/5bf8fdb758c0978b5646d533ad921f47/alert/text HTTP/1.1
User-Agent: selenium/4.8.1 (java windows)
Cache-Control: no-cache
Content-Type: application/json; charset=utf-8
host: localhost:25913
accept: */*

Response DefaultHttpResponse(decodeResult: success, version: HTTP/1.1)
HTTP/1.1 404 Not Found
Content-Length: 836
Content-Type: application/json; charset=utf-8
cache-control: no-cache

20:20:18.609 [AsyncHttpClient-1-9] DEBUG org.asynchttpclient.netty.channel.ChannelManager - Adding key: http://localhost:25913 for channel [id: 0x04290d6d, L:/127.0.0.1:55395 - R:localhost/127.0.0.1:25913]
20:20:18.609 [Forwarding getCurrentUrl on session 5bf8fdb758c0978b5646d533ad921f47 to remote] DEBUG org.asynchttpclient.netty.request.NettyRequestSender - Using pooled Channel '[id: 0x04290d6d, L:/127.0.0.1:55395 - R:localhost/127.0.0.1:25913]' for 'GET' to 'http://localhost:25913/session/5bf8fdb758c0978b5646d533ad921f47/url'
20:20:18.609 [Forwarding getCurrentUrl on session 5bf8fdb758c0978b5646d533ad921f47 to remote] DEBUG org.asynchttpclient.netty.request.NettyRequestSender - Using open Channel [id: 0x04290d6d, L:/127.0.0.1:55395 - R:localhost/127.0.0.1:25913] for GET '/session/5bf8fdb758c0978b5646d533ad921f47/url'
20:20:18.611 [AsyncHttpClient-1-9] DEBUG org.asynchttpclient.netty.handler.HttpHandler - 

Request DefaultFullHttpRequest(decodeResult: success, version: HTTP/1.1, content: EmptyByteBufBE)
GET /session/5bf8fdb758c0978b5646d533ad921f47/url HTTP/1.1
User-Agent: selenium/4.8.1 (java windows)
Cache-Control: no-cache
Content-Type: application/json; charset=utf-8
host: localhost:25913
accept: */*

Response DefaultHttpResponse(decodeResult: success, version: HTTP/1.1)
HTTP/1.1 200 OK
Content-Length: 41
Content-Type: application/json; charset=utf-8
cache-control: no-cache

20:20:18.611 [AsyncHttpClient-1-9] DEBUG org.asynchttpclient.netty.channel.ChannelManager - Adding key: http://localhost:25913 for channel [id: 0x04290d6d, L:/127.0.0.1:55395 - R:localhost/127.0.0.1:25913]
20:20:18.612 [Forwarding screenshot on session 5bf8fdb758c0978b5646d533ad921f47 to remote] DEBUG org.asynchttpclient.netty.request.NettyRequestSender - Using pooled Channel '[id: 0x04290d6d, L:/127.0.0.1:55395 - R:localhost/127.0.0.1:25913]' for 'GET' to 'http://localhost:25913/session/5bf8fdb758c0978b5646d533ad921f47/screenshot'
20:20:18.612 [Forwarding screenshot on session 5bf8fdb758c0978b5646d533ad921f47 to remote] DEBUG org.asynchttpclient.netty.request.NettyRequestSender - Using open Channel [id: 0x04290d6d, L:/127.0.0.1:55395 - R:localhost/127.0.0.1:25913] for GET '/session/5bf8fdb758c0978b5646d533ad921f47/screenshot'
20:20:18.738 [AsyncHttpClient-1-9] DEBUG org.asynchttpclient.netty.handler.HttpHandler - 

Request DefaultFullHttpRequest(decodeResult: success, version: HTTP/1.1, content: EmptyByteBufBE)
GET /session/5bf8fdb758c0978b5646d533ad921f47/screenshot HTTP/1.1
User-Agent: selenium/4.8.1 (java windows)
Cache-Control: no-cache
Content-Type: application/json; charset=utf-8
host: localhost:25913
accept: */*

Response DefaultHttpResponse(decodeResult: success, version: HTTP/1.1)
HTTP/1.1 200 OK
Content-Length: 26036
Content-Type: application/json; charset=utf-8
cache-control: no-cache

20:20:18.738 [AsyncHttpClient-1-9] DEBUG org.asynchttpclient.netty.channel.ChannelManager - Adding key: http://localhost:25913 for channel [id: 0x04290d6d, L:/127.0.0.1:55395 - R:localhost/127.0.0.1:25913]
20:20:18.739 [main] DEBUG net.serenitybdd.core.photography.Darkroom - Send negative for processing for target\site\serenity\cdfa6e9bd85a9f650731771a71daa8667dd70c08b84241ef59dadcf019326ffe.png
20:20:18.739 [main] DEBUG net.thucydides.core.steps.StepInterceptor - STEP DONE: validateOnHomePage
  &amp#27;[32mGiven &amp#27;[0m&amp#27;[32mI already login and go to the alta-shop home page&amp#27;[0m &amp#27;[90m# starter.stepdefinitions.ProductSteps.onTheHomePage()&amp#27;[0m
20:20:18.739 [Darkroom Processing Line] DEBUG net.serenitybdd.core.photography.DarkroomProcessingLine - Processing screenshot image in /var/screenshots/screenshot-2765473689649627817
20:20:18.739 [Darkroom Processing Line] DEBUG net.serenitybdd.core.photography.DarkroomProcessingLine - Saving screenshot to target\site\serenity\cdfa6e9bd85a9f650731771a71daa8667dd70c08b84241ef59dadcf019326ffe.png
20:20:18.745 [Forwarding getPageSource on session 5bf8fdb758c0978b5646d533ad921f47 to remote] DEBUG org.asynchttpclient.netty.request.NettyRequestSender - Using pooled Channel '[id: 0x04290d6d, L:/127.0.0.1:55395 - R:localhost/127.0.0.1:25913]' for 'POST' to 'http://localhost:25913/session/5bf8fdb758c0978b5646d533ad921f47/execute/sync'
20:20:18.746 [Forwarding getPageSource on session 5bf8fdb758c0978b5646d533ad921f47 to remote] DEBUG org.asynchttpclient.netty.request.NettyRequestSender - Using open Channel [id: 0x04290d6d, L:/127.0.0.1:55395 - R:localhost/127.0.0.1:25913] for POST '/session/5bf8fdb758c0978b5646d533ad921f47/execute/sync'
20:20:18.751 [AsyncHttpClient-1-9] DEBUG org.asynchttpclient.netty.handler.HttpHandler - 

Request DefaultHttpRequest(decodeResult: success, version: HTTP/1.1)
POST /session/5bf8fdb758c0978b5646d533ad921f47/execute/sync HTTP/1.1
User-Agent: selenium/4.8.1 (java windows)
Content-Length: 176
Content-Type: application/json; charset=utf-8
host: localhost:25913
accept: */*

Response DefaultHttpResponse(decodeResult: success, version: HTTP/1.1)
HTTP/1.1 200 OK
Content-Length: 28798
Content-Type: application/json; charset=utf-8
cache-control: no-cache

20:20:18.751 [AsyncHttpClient-1-9] DEBUG org.asynchttpclient.netty.channel.ChannelManager - Adding key: http://localhost:25913 for channel [id: 0x04290d6d, L:/127.0.0.1:55395 - R:localhost/127.0.0.1:25913]
20:20:18.752 [Forwarding getCurrentUrl on session 5bf8fdb758c0978b5646d533ad921f47 to remote] DEBUG org.asynchttpclient.netty.request.NettyRequestSender - Using pooled Channel '[id: 0x04290d6d, L:/127.0.0.1:55395 - R:localhost/127.0.0.1:25913]' for 'GET' to 'http://localhost:25913/session/5bf8fdb758c0978b5646d533ad921f47/url'
20:20:18.752 [Forwarding getCurrentUrl on session 5bf8fdb758c0978b5646d533ad921f47 to remote] DEBUG org.asynchttpclient.netty.request.NettyRequestSender - Using open Channel [id: 0x04290d6d, L:/127.0.0.1:55395 - R:localhost/127.0.0.1:25913] for GET '/session/5bf8fdb758c0978b5646d533ad921f47/url'
20:20:19.054 [AsyncHttpClient-1-1] DEBUG org.asynchttpclient.netty.channel.DefaultChannelPool - Entry count for : http://localhost:55397 : 1
20:20:19.191 [AsyncHttpClient-1-9] DEBUG org.asynchttpclient.netty.handler.HttpHandler - 

Request DefaultFullHttpRequest(decodeResult: success, version: HTTP/1.1, content: EmptyByteBufBE)
GET /session/5bf8fdb758c0978b5646d533ad921f47/url HTTP/1.1
User-Agent: selenium/4.8.1 (java windows)
Cache-Control: no-cache
Content-Type: application/json; charset=utf-8
host: localhost:25913
accept: */*

Response DefaultHttpResponse(decodeResult: success, version: HTTP/1.1)
HTTP/1.1 200 OK
Content-Length: 41
Content-Type: application/json; charset=utf-8
cache-control: no-cache

20:20:19.191 [AsyncHttpClient-1-9] DEBUG org.asynchttpclient.netty.channel.ChannelManager - Adding key: http://localhost:25913 for channel [id: 0x04290d6d, L:/127.0.0.1:55395 - R:localhost/127.0.0.1:25913]
20:20:19.217 [Forwarding getAlertText on session 5bf8fdb758c0978b5646d533ad921f47 to remote] DEBUG org.asynchttpclient.netty.request.NettyRequestSender - Using pooled Channel '[id: 0x04290d6d, L:/127.0.0.1:55395 - R:localhost/127.0.0.1:25913]' for 'GET' to 'http://localhost:25913/session/5bf8fdb758c0978b5646d533ad921f47/alert/text'
20:20:19.217 [Forwarding getAlertText on session 5bf8fdb758c0978b5646d533ad921f47 to remote] DEBUG org.asynchttpclient.netty.request.NettyRequestSender - Using open Channel [id: 0x04290d6d, L:/127.0.0.1:55395 - R:localhost/127.0.0.1:25913] for GET '/session/5bf8fdb758c0978b5646d533ad921f47/alert/text'
20:20:19.219 [AsyncHttpClient-1-9] DEBUG org.asynchttpclient.netty.handler.HttpHandler - 

Request DefaultFullHttpRequest(decodeResult: success, version: HTTP/1.1, content: EmptyByteBufBE)
GET /session/5bf8fdb758c0978b5646d533ad921f47/alert/text HTTP/1.1
User-Agent: selenium/4.8.1 (java windows)
Cache-Control: no-cache
Content-Type: application/json; charset=utf-8
host: localhost:25913
accept: */*

Response DefaultHttpResponse(decodeResult: success, version: HTTP/1.1)
HTTP/1.1 404 Not Found
Content-Length: 836
Content-Type: application/json; charset=utf-8
cache-control: no-cache

20:20:19.219 [AsyncHttpClient-1-9] DEBUG org.asynchttpclient.netty.channel.ChannelManager - Adding key: http://localhost:25913 for channel [id: 0x04290d6d, L:/127.0.0.1:55395 - R:localhost/127.0.0.1:25913]
20:20:19.220 [Forwarding getCurrentUrl on session 5bf8fdb758c0978b5646d533ad921f47 to remote] DEBUG org.asynchttpclient.netty.request.NettyRequestSender - Using pooled Channel '[id: 0x04290d6d, L:/127.0.0.1:55395 - R:localhost/127.0.0.1:25913]' for 'GET' to 'http://localhost:25913/session/5bf8fdb758c0978b5646d533ad921f47/url'
20:20:19.220 [Forwarding getCurrentUrl on session 5bf8fdb758c0978b5646d533ad921f47 to remote] DEBUG org.asynchttpclient.netty.request.NettyRequestSender - Using open Channel [id: 0x04290d6d, L:/127.0.0.1:55395 - R:localhost/127.0.0.1:25913] for GET '/session/5bf8fdb758c0978b5646d533ad921f47/url'
20:20:19.224 [AsyncHttpClient-1-9] DEBUG org.asynchttpclient.netty.handler.HttpHandler - 

Request DefaultFullHttpRequest(decodeResult: success, version: HTTP/1.1, content: EmptyByteBufBE)
GET /session/5bf8fdb758c0978b5646d533ad921f47/url HTTP/1.1
User-Agent: selenium/4.8.1 (java windows)
Cache-Control: no-cache
Content-Type: application/json; charset=utf-8
host: localhost:25913
accept: */*

Response DefaultHttpResponse(decodeResult: success, version: HTTP/1.1)
HTTP/1.1 200 OK
Content-Length: 41
Content-Type: application/json; charset=utf-8
cache-control: no-cache

20:20:19.224 [AsyncHttpClient-1-9] DEBUG org.asynchttpclient.netty.channel.ChannelManager - Adding key: http://localhost:25913 for channel [id: 0x04290d6d, L:/127.0.0.1:55395 - R:localhost/127.0.0.1:25913]
20:20:19.224 [Forwarding screenshot on session 5bf8fdb758c0978b5646d533ad921f47 to remote] DEBUG org.asynchttpclient.netty.request.NettyRequestSender - Using pooled Channel '[id: 0x04290d6d, L:/127.0.0.1:55395 - R:localhost/127.0.0.1:25913]' for 'GET' to 'http://localhost:25913/session/5bf8fdb758c0978b5646d533ad921f47/screenshot'
20:20:19.225 [Forwarding screenshot on session 5bf8fdb758c0978b5646d533ad921f47 to remote] DEBUG org.asynchttpclient.netty.request.NettyRequestSender - Using open Channel [id: 0x04290d6d, L:/127.0.0.1:55395 - R:localhost/127.0.0.1:25913] for GET '/session/5bf8fdb758c0978b5646d533ad921f47/screenshot'
20:20:19.329 [AsyncHttpClient-1-9] DEBUG org.asynchttpclient.netty.handler.HttpHandler - 

Request DefaultFullHttpRequest(decodeResult: success, version: HTTP/1.1, content: EmptyByteBufBE)
GET /session/5bf8fdb758c0978b5646d533ad921f47/screenshot HTTP/1.1
User-Agent: selenium/4.8.1 (java windows)
Cache-Control: no-cache
Content-Type: application/json; charset=utf-8
host: localhost:25913
accept: */*

Response DefaultHttpResponse(decodeResult: success, version: HTTP/1.1)
HTTP/1.1 200 OK
Content-Length: 63136
Content-Type: application/json; charset=utf-8
cache-control: no-cache

20:20:19.329 [AsyncHttpClient-1-9] DEBUG org.asynchttpclient.netty.channel.ChannelManager - Adding key: http://localhost:25913 for channel [id: 0x04290d6d, L:/127.0.0.1:55395 - R:localhost/127.0.0.1:25913]
20:20:19.330 [main] DEBUG net.serenitybdd.core.photography.Darkroom - Send negative for processing for target\site\serenity\e05f62bcb493408b286d53d6fa40e548cec24a3023180567ac45ab1d78cdb590.png
20:20:19.331 [Forwarding getPageSource on session 5bf8fdb758c0978b5646d533ad921f47 to remote] DEBUG org.asynchttpclient.netty.request.NettyRequestSender - Using pooled Channel '[id: 0x04290d6d, L:/127.0.0.1:55395 - R:localhost/127.0.0.1:25913]' for 'POST' to 'http://localhost:25913/session/5bf8fdb758c0978b5646d533ad921f47/execute/sync'
20:20:19.331 [Forwarding getPageSource on session 5bf8fdb758c0978b5646d533ad921f47 to remote] DEBUG org.asynchttpclient.netty.request.NettyRequestSender - Using open Channel [id: 0x04290d6d, L:/127.0.0.1:55395 - R:localhost/127.0.0.1:25913] for POST '/session/5bf8fdb758c0978b5646d533ad921f47/execute/sync'
20:20:19.343 [AsyncHttpClient-1-9] DEBUG org.asynchttpclient.netty.handler.HttpHandler - 

Request DefaultHttpRequest(decodeResult: success, version: HTTP/1.1)
POST /session/5bf8fdb758c0978b5646d533ad921f47/execute/sync HTTP/1.1
User-Agent: selenium/4.8.1 (java windows)
Content-Length: 176
Content-Type: application/json; charset=utf-8
host: localhost:25913
accept: */*

Response DefaultHttpResponse(decodeResult: success, version: HTTP/1.1)
HTTP/1.1 200 OK
Content-Length: 218363
Content-Type: application/json; charset=utf-8
cache-control: no-cache

20:20:19.343 [AsyncHttpClient-1-9] DEBUG org.asynchttpclient.netty.channel.ChannelManager - Adding key: http://localhost:25913 for channel [id: 0x04290d6d, L:/127.0.0.1:55395 - R:localhost/127.0.0.1:25913]
20:20:19.353 [Forwarding getCurrentUrl on session 5bf8fdb758c0978b5646d533ad921f47 to remote] DEBUG org.asynchttpclient.netty.request.NettyRequestSender - Using pooled Channel '[id: 0x04290d6d, L:/127.0.0.1:55395 - R:localhost/127.0.0.1:25913]' for 'GET' to 'http://localhost:25913/session/5bf8fdb758c0978b5646d533ad921f47/url'
20:20:19.353 [Forwarding getCurrentUrl on session 5bf8fdb758c0978b5646d533ad921f47 to remote] DEBUG org.asynchttpclient.netty.request.NettyRequestSender - Using open Channel [id: 0x04290d6d, L:/127.0.0.1:55395 - R:localhost/127.0.0.1:25913] for GET '/session/5bf8fdb758c0978b5646d533ad921f47/url'
20:20:19.355 [AsyncHttpClient-1-9] DEBUG org.asynchttpclient.netty.handler.HttpHandler - 

Request DefaultFullHttpRequest(decodeResult: success, version: HTTP/1.1, content: EmptyByteBufBE)
GET /session/5bf8fdb758c0978b5646d533ad921f47/url HTTP/1.1
User-Agent: selenium/4.8.1 (java windows)
Cache-Control: no-cache
Content-Type: application/json; charset=utf-8
host: localhost:25913
accept: */*

Response DefaultHttpResponse(decodeResult: success, version: HTTP/1.1)
HTTP/1.1 200 OK
Content-Length: 41
Content-Type: application/json; charset=utf-8
cache-control: no-cache

20:20:19.355 [AsyncHttpClient-1-9] DEBUG org.asynchttpclient.netty.channel.ChannelManager - Adding key: http://localhost:25913 for channel [id: 0x04290d6d, L:/127.0.0.1:55395 - R:localhost/127.0.0.1:25913]
20:20:19.357 [main] DEBUG net.thucydides.core.steps.StepInterceptor - STARTING STEP: LogoutSteps.clickUserIcon - clickUserIcon
20:20:19.358 [Forwarding findElement on session 5bf8fdb758c0978b5646d533ad921f47 to remote] DEBUG org.asynchttpclient.netty.request.NettyRequestSender - Using pooled Channel '[id: 0x04290d6d, L:/127.0.0.1:55395 - R:localhost/127.0.0.1:25913]' for 'POST' to 'http://localhost:25913/session/5bf8fdb758c0978b5646d533ad921f47/element'
20:20:19.358 [Forwarding findElement on session 5bf8fdb758c0978b5646d533ad921f47 to remote] DEBUG org.asynchttpclient.netty.request.NettyRequestSender - Using open Channel [id: 0x04290d6d, L:/127.0.0.1:55395 - R:localhost/127.0.0.1:25913] for POST '/session/5bf8fdb758c0978b5646d533ad921f47/element'
20:20:19.363 [AsyncHttpClient-1-9] DEBUG org.asynchttpclient.netty.handler.HttpHandler - 

Request DefaultHttpRequest(decodeResult: success, version: HTTP/1.1)
POST /session/5bf8fdb758c0978b5646d533ad921f47/element HTTP/1.1
User-Agent: selenium/4.8.1 (java windows)
Content-Length: 54
Content-Type: application/json; charset=utf-8
host: localhost:25913
accept: */*

Response DefaultHttpResponse(decodeResult: success, version: HTTP/1.1)
HTTP/1.1 200 OK
Content-Length: 88
Content-Type: application/json; charset=utf-8
cache-control: no-cache

20:20:19.363 [AsyncHttpClient-1-9] DEBUG org.asynchttpclient.netty.channel.ChannelManager - Adding key: http://localhost:25913 for channel [id: 0x04290d6d, L:/127.0.0.1:55395 - R:localhost/127.0.0.1:25913]
20:20:19.363 [Forwarding getElementTagName on session 5bf8fdb758c0978b5646d533ad921f47 to remote] DEBUG org.asynchttpclient.netty.request.NettyRequestSender - Using pooled Channel '[id: 0x04290d6d, L:/127.0.0.1:55395 - R:localhost/127.0.0.1:25913]' for 'GET' to 'http://localhost:25913/session/5bf8fdb758c0978b5646d533ad921f47/element/7256d7e6-4a2e-4dae-a263-822c16d7598e/name'
20:20:19.363 [Forwarding getElementTagName on session 5bf8fdb758c0978b5646d533ad921f47 to remote] DEBUG org.asynchttpclient.netty.request.NettyRequestSender - Using open Channel [id: 0x04290d6d, L:/127.0.0.1:55395 - R:localhost/127.0.0.1:25913] for GET '/session/5bf8fdb758c0978b5646d533ad921f47/element/7256d7e6-4a2e-4dae-a263-822c16d7598e/name'
20:20:19.367 [AsyncHttpClient-1-9] DEBUG org.asynchttpclient.netty.handler.HttpHandler - 

Request DefaultFullHttpRequest(decodeResult: success, version: HTTP/1.1, content: EmptyByteBufBE)
GET /session/5bf8fdb758c0978b5646d533ad921f47/element/7256d7e6-4a2e-4dae-a263-822c16d7598e/name HTTP/1.1
User-Agent: selenium/4.8.1 (java windows)
Cache-Control: no-cache
Content-Type: application/json; charset=utf-8
host: localhost:25913
accept: */*

Response DefaultHttpResponse(decodeResult: success, version: HTTP/1.1)
HTTP/1.1 200 OK
Content-Length: 13
Content-Type: application/json; charset=utf-8
cache-control: no-cache

20:20:19.367 [AsyncHttpClient-1-9] DEBUG org.asynchttpclient.netty.channel.ChannelManager - Adding key: http://localhost:25913 for channel [id: 0x04290d6d, L:/127.0.0.1:55395 - R:localhost/127.0.0.1:25913]
20:20:19.367 [Forwarding getElementTagName on session 5bf8fdb758c0978b5646d533ad921f47 to remote] DEBUG org.asynchttpclient.netty.request.NettyRequestSender - Using pooled Channel '[id: 0x04290d6d, L:/127.0.0.1:55395 - R:localhost/127.0.0.1:25913]' for 'GET' to 'http://localhost:25913/session/5bf8fdb758c0978b5646d533ad921f47/element/7256d7e6-4a2e-4dae-a263-822c16d7598e/name'
20:20:19.367 [Forwarding getElementTagName on session 5bf8fdb758c0978b5646d533ad921f47 to remote] DEBUG org.asynchttpclient.netty.request.NettyRequestSender - Using open Channel [id: 0x04290d6d, L:/127.0.0.1:55395 - R:localhost/127.0.0.1:25913] for GET '/session/5bf8fdb758c0978b5646d533ad921f47/element/7256d7e6-4a2e-4dae-a263-822c16d7598e/name'
20:20:19.370 [AsyncHttpClient-1-9] DEBUG org.asynchttpclient.netty.handler.HttpHandler - 

Request DefaultFullHttpRequest(decodeResult: success, version: HTTP/1.1, content: EmptyByteBufBE)
GET /session/5bf8fdb758c0978b5646d533ad921f47/element/7256d7e6-4a2e-4dae-a263-822c16d7598e/name HTTP/1.1
User-Agent: selenium/4.8.1 (java windows)
Cache-Control: no-cache
Content-Type: application/json; charset=utf-8
host: localhost:25913
accept: */*

Response DefaultHttpResponse(decodeResult: success, version: HTTP/1.1)
HTTP/1.1 200 OK
Content-Length: 13
Content-Type: application/json; charset=utf-8
cache-control: no-cache

20:20:19.370 [AsyncHttpClient-1-9] DEBUG org.asynchttpclient.netty.channel.ChannelManager - Adding key: http://localhost:25913 for channel [id: 0x04290d6d, L:/127.0.0.1:55395 - R:localhost/127.0.0.1:25913]
20:20:19.370 [Forwarding findElement on session 5bf8fdb758c0978b5646d533ad921f47 to remote] DEBUG org.asynchttpclient.netty.request.NettyRequestSender - Using pooled Channel '[id: 0x04290d6d, L:/127.0.0.1:55395 - R:localhost/127.0.0.1:25913]' for 'POST' to 'http://localhost:25913/session/5bf8fdb758c0978b5646d533ad921f47/element'
20:20:19.370 [Forwarding findElement on session 5bf8fdb758c0978b5646d533ad921f47 to remote] DEBUG org.asynchttpclient.netty.request.NettyRequestSender - Using open Channel [id: 0x04290d6d, L:/127.0.0.1:55395 - R:localhost/127.0.0.1:25913] for POST '/session/5bf8fdb758c0978b5646d533ad921f47/element'
20:20:19.375 [AsyncHttpClient-1-9] DEBUG org.asynchttpclient.netty.handler.HttpHandler - 

Request DefaultHttpRequest(decodeResult: success, version: HTTP/1.1)
POST /session/5bf8fdb758c0978b5646d533ad921f47/element HTTP/1.1
User-Agent: selenium/4.8.1 (java windows)
Content-Length: 54
Content-Type: application/json; charset=utf-8
host: localhost:25913
accept: */*

Response DefaultHttpResponse(decodeResult: success, version: HTTP/1.1)
HTTP/1.1 200 OK
Content-Length: 88
Content-Type: application/json; charset=utf-8
cache-control: no-cache

20:20:19.375 [AsyncHttpClient-1-9] DEBUG org.asynchttpclient.netty.channel.ChannelManager - Adding key: http://localhost:25913 for channel [id: 0x04290d6d, L:/127.0.0.1:55395 - R:localhost/127.0.0.1:25913]
20:20:19.375 [Forwarding clickElement on session 5bf8fdb758c0978b5646d533ad921f47 to remote] DEBUG org.asynchttpclient.netty.request.NettyRequestSender - Using pooled Channel '[id: 0x04290d6d, L:/127.0.0.1:55395 - R:localhost/127.0.0.1:25913]' for 'POST' to 'http://localhost:25913/session/5bf8fdb758c0978b5646d533ad921f47/element/7256d7e6-4a2e-4dae-a263-822c16d7598e/click'
20:20:19.375 [Forwarding clickElement on session 5bf8fdb758c0978b5646d533ad921f47 to remote] DEBUG org.asynchttpclient.netty.request.NettyRequestSender - Using open Channel [id: 0x04290d6d, L:/127.0.0.1:55395 - R:localhost/127.0.0.1:25913] for POST '/session/5bf8fdb758c0978b5646d533ad921f47/element/7256d7e6-4a2e-4dae-a263-822c16d7598e/click'
20:20:19.414 [AsyncHttpClient-1-9] DEBUG org.asynchttpclient.netty.handler.HttpHandler - 

Request DefaultHttpRequest(decodeResult: success, version: HTTP/1.1)
POST /session/5bf8fdb758c0978b5646d533ad921f47/element/7256d7e6-4a2e-4dae-a263-822c16d7598e/click HTTP/1.1
User-Agent: selenium/4.8.1 (java windows)
Content-Length: 50
Content-Type: application/json; charset=utf-8
host: localhost:25913
accept: */*

Response DefaultHttpResponse(decodeResult: success, version: HTTP/1.1)
HTTP/1.1 200 OK
Content-Length: 14
Content-Type: application/json; charset=utf-8
cache-control: no-cache

20:20:19.414 [AsyncHttpClient-1-9] DEBUG org.asynchttpclient.netty.channel.ChannelManager - Adding key: http://localhost:25913 for channel [id: 0x04290d6d, L:/127.0.0.1:55395 - R:localhost/127.0.0.1:25913]
20:20:19.421 [Forwarding getAlertText on session 5bf8fdb758c0978b5646d533ad921f47 to remote] DEBUG org.asynchttpclient.netty.request.NettyRequestSender - Using pooled Channel '[id: 0x04290d6d, L:/127.0.0.1:55395 - R:localhost/127.0.0.1:25913]' for 'GET' to 'http://localhost:25913/session/5bf8fdb758c0978b5646d533ad921f47/alert/text'
20:20:19.421 [Forwarding getAlertText on session 5bf8fdb758c0978b5646d533ad921f47 to remote] DEBUG org.asynchttpclient.netty.request.NettyRequestSender - Using open Channel [id: 0x04290d6d, L:/127.0.0.1:55395 - R:localhost/127.0.0.1:25913] for GET '/session/5bf8fdb758c0978b5646d533ad921f47/alert/text'
20:20:19.422 [AsyncHttpClient-1-9] DEBUG org.asynchttpclient.netty.handler.HttpHandler - 

Request DefaultFullHttpRequest(decodeResult: success, version: HTTP/1.1, content: EmptyByteBufBE)
GET /session/5bf8fdb758c0978b5646d533ad921f47/alert/text HTTP/1.1
User-Agent: selenium/4.8.1 (java windows)
Cache-Control: no-cache
Content-Type: application/json; charset=utf-8
host: localhost:25913
accept: */*

Response DefaultHttpResponse(decodeResult: success, version: HTTP/1.1)
HTTP/1.1 404 Not Found
Content-Length: 836
Content-Type: application/json; charset=utf-8
cache-control: no-cache

20:20:19.423 [AsyncHttpClient-1-9] DEBUG org.asynchttpclient.netty.channel.ChannelManager - Adding key: http://localhost:25913 for channel [id: 0x04290d6d, L:/127.0.0.1:55395 - R:localhost/127.0.0.1:25913]
20:20:19.424 [Forwarding getCurrentUrl on session 5bf8fdb758c0978b5646d533ad921f47 to remote] DEBUG org.asynchttpclient.netty.request.NettyRequestSender - Using pooled Channel '[id: 0x04290d6d, L:/127.0.0.1:55395 - R:localhost/127.0.0.1:25913]' for 'GET' to 'http://localhost:25913/session/5bf8fdb758c0978b5646d533ad921f47/url'
20:20:19.424 [Forwarding getCurrentUrl on session 5bf8fdb758c0978b5646d533ad921f47 to remote] DEBUG org.asynchttpclient.netty.request.NettyRequestSender - Using open Channel [id: 0x04290d6d, L:/127.0.0.1:55395 - R:localhost/127.0.0.1:25913] for GET '/session/5bf8fdb758c0978b5646d533ad921f47/url'
20:20:19.434 [AsyncHttpClient-1-9] DEBUG org.asynchttpclient.netty.handler.HttpHandler - 

Request DefaultFullHttpRequest(decodeResult: success, version: HTTP/1.1, content: EmptyByteBufBE)
GET /session/5bf8fdb758c0978b5646d533ad921f47/url HTTP/1.1
User-Agent: selenium/4.8.1 (java windows)
Cache-Control: no-cache
Content-Type: application/json; charset=utf-8
host: localhost:25913
accept: */*

Response DefaultHttpResponse(decodeResult: success, version: HTTP/1.1)
HTTP/1.1 200 OK
Content-Length: 41
Content-Type: application/json; charset=utf-8
cache-control: no-cache

20:20:19.435 [AsyncHttpClient-1-9] DEBUG org.asynchttpclient.netty.channel.ChannelManager - Adding key: http://localhost:25913 for channel [id: 0x04290d6d, L:/127.0.0.1:55395 - R:localhost/127.0.0.1:25913]
20:20:19.435 [Forwarding screenshot on session 5bf8fdb758c0978b5646d533ad921f47 to remote] DEBUG org.asynchttpclient.netty.request.NettyRequestSender - Using pooled Channel '[id: 0x04290d6d, L:/127.0.0.1:55395 - R:localhost/127.0.0.1:25913]' for 'GET' to 'http://localhost:25913/session/5bf8fdb758c0978b5646d533ad921f47/screenshot'
20:20:19.436 [Forwarding screenshot on session 5bf8fdb758c0978b5646d533ad921f47 to remote] DEBUG org.asynchttpclient.netty.request.NettyRequestSender - Using open Channel [id: 0x04290d6d, L:/127.0.0.1:55395 - R:localhost/127.0.0.1:25913] for GET '/session/5bf8fdb758c0978b5646d533ad921f47/screenshot'
20:20:19.567 [AsyncHttpClient-1-9] DEBUG org.asynchttpclient.netty.handler.HttpHandler - 

Request DefaultFullHttpRequest(decodeResult: success, version: HTTP/1.1, content: EmptyByteBufBE)
GET /session/5bf8fdb758c0978b5646d533ad921f47/screenshot HTTP/1.1
User-Agent: selenium/4.8.1 (java windows)
Cache-Control: no-cache
Content-Type: application/json; charset=utf-8
host: localhost:25913
accept: */*

Response DefaultHttpResponse(decodeResult: success, version: HTTP/1.1)
HTTP/1.1 200 OK
Content-Length: 71788
Content-Type: application/json; charset=utf-8
cache-control: no-cache

20:20:19.567 [AsyncHttpClient-1-9] DEBUG org.asynchttpclient.netty.channel.ChannelManager - Adding key: http://localhost:25913 for channel [id: 0x04290d6d, L:/127.0.0.1:55395 - R:localhost/127.0.0.1:25913]
20:20:19.569 [main] DEBUG net.serenitybdd.core.photography.Darkroom - Send negative for processing for target\site\serenity\6f8dea020f32c03a9d71cb39ac8098b863013feffd6c6a9fb406a1325f93484e.png
20:20:19.569 [main] DEBUG net.thucydides.core.steps.StepInterceptor - STEP DONE: clickUserIcon
  &amp#27;[32mWhen &amp#27;[0m&amp#27;[32mI click user icon&amp#27;[0m                                  &amp#27;[90m# starter.stepdefinitions.LogoutSteps.clickUserIcon()&amp#27;[0m
20:20:19.569 [Darkroom Processing Line] DEBUG net.serenitybdd.core.photography.DarkroomProcessingLine - Processing screenshot image in /var/screenshots/screenshot-17133021775362610059
20:20:19.569 [Darkroom Processing Line] DEBUG net.serenitybdd.core.photography.DarkroomProcessingLine - Saving screenshot to target\site\serenity\6f8dea020f32c03a9d71cb39ac8098b863013feffd6c6a9fb406a1325f93484e.png
20:20:19.577 [Forwarding getPageSource on session 5bf8fdb758c0978b5646d533ad921f47 to remote] DEBUG org.asynchttpclient.netty.request.NettyRequestSender - Using pooled Channel '[id: 0x04290d6d, L:/127.0.0.1:55395 - R:localhost/127.0.0.1:25913]' for 'POST' to 'http://localhost:25913/session/5bf8fdb758c0978b5646d533ad921f47/execute/sync'
20:20:19.577 [Forwarding getPageSource on session 5bf8fdb758c0978b5646d533ad921f47 to remote] DEBUG org.asynchttpclient.netty.request.NettyRequestSender - Using open Channel [id: 0x04290d6d, L:/127.0.0.1:55395 - R:localhost/127.0.0.1:25913] for POST '/session/5bf8fdb758c0978b5646d533ad921f47/execute/sync'
20:20:19.588 [AsyncHttpClient-1-9] DEBUG org.asynchttpclient.netty.handler.HttpHandler - 

Request DefaultHttpRequest(decodeResult: success, version: HTTP/1.1)
POST /session/5bf8fdb758c0978b5646d533ad921f47/execute/sync HTTP/1.1
User-Agent: selenium/4.8.1 (java windows)
Content-Length: 176
Content-Type: application/json; charset=utf-8
host: localhost:25913
accept: */*

Response DefaultHttpResponse(decodeResult: success, version: HTTP/1.1)
HTTP/1.1 200 OK
Content-Length: 219651
Content-Type: application/json; charset=utf-8
cache-control: no-cache

20:20:19.588 [AsyncHttpClient-1-9] DEBUG org.asynchttpclient.netty.channel.ChannelManager - Adding key: http://localhost:25913 for channel [id: 0x04290d6d, L:/127.0.0.1:55395 - R:localhost/127.0.0.1:25913]
20:20:19.598 [Forwarding getCurrentUrl on session 5bf8fdb758c0978b5646d533ad921f47 to remote] DEBUG org.asynchttpclient.netty.request.NettyRequestSender - Using pooled Channel '[id: 0x04290d6d, L:/127.0.0.1:55395 - R:localhost/127.0.0.1:25913]' for 'GET' to 'http://localhost:25913/session/5bf8fdb758c0978b5646d533ad921f47/url'
20:20:19.598 [Forwarding getCurrentUrl on session 5bf8fdb758c0978b5646d533ad921f47 to remote] DEBUG org.asynchttpclient.netty.request.NettyRequestSender - Using open Channel [id: 0x04290d6d, L:/127.0.0.1:55395 - R:localhost/127.0.0.1:25913] for GET '/session/5bf8fdb758c0978b5646d533ad921f47/url'
20:20:19.600 [AsyncHttpClient-1-9] DEBUG org.asynchttpclient.netty.handler.HttpHandler - 

Request DefaultFullHttpRequest(decodeResult: success, version: HTTP/1.1, content: EmptyByteBufBE)
GET /session/5bf8fdb758c0978b5646d533ad921f47/url HTTP/1.1
User-Agent: selenium/4.8.1 (java windows)
Cache-Control: no-cache
Content-Type: application/json; charset=utf-8
host: localhost:25913
accept: */*

Response DefaultHttpResponse(decodeResult: success, version: HTTP/1.1)
HTTP/1.1 200 OK
Content-Length: 41
Content-Type: application/json; charset=utf-8
cache-control: no-cache

20:20:19.601 [AsyncHttpClient-1-9] DEBUG org.asynchttpclient.netty.channel.ChannelManager - Adding key: http://localhost:25913 for channel [id: 0x04290d6d, L:/127.0.0.1:55395 - R:localhost/127.0.0.1:25913]
20:20:19.655 [Forwarding getAlertText on session 5bf8fdb758c0978b5646d533ad921f47 to remote] DEBUG org.asynchttpclient.netty.request.NettyRequestSender - Using pooled Channel '[id: 0x04290d6d, L:/127.0.0.1:55395 - R:localhost/127.0.0.1:25913]' for 'GET' to 'http://localhost:25913/session/5bf8fdb758c0978b5646d533ad921f47/alert/text'
20:20:19.655 [Forwarding getAlertText on session 5bf8fdb758c0978b5646d533ad921f47 to remote] DEBUG org.asynchttpclient.netty.request.NettyRequestSender - Using open Channel [id: 0x04290d6d, L:/127.0.0.1:55395 - R:localhost/127.0.0.1:25913] for GET '/session/5bf8fdb758c0978b5646d533ad921f47/alert/text'
20:20:19.656 [AsyncHttpClient-1-9] DEBUG org.asynchttpclient.netty.handler.HttpHandler - 

Request DefaultFullHttpRequest(decodeResult: success, version: HTTP/1.1, content: EmptyByteBufBE)
GET /session/5bf8fdb758c0978b5646d533ad921f47/alert/text HTTP/1.1
User-Agent: selenium/4.8.1 (java windows)
Cache-Control: no-cache
Content-Type: application/json; charset=utf-8
host: localhost:25913
accept: */*

Response DefaultHttpResponse(decodeResult: success, version: HTTP/1.1)
HTTP/1.1 404 Not Found
Content-Length: 836
Content-Type: application/json; charset=utf-8
cache-control: no-cache

20:20:19.656 [AsyncHttpClient-1-9] DEBUG org.asynchttpclient.netty.channel.ChannelManager - Adding key: http://localhost:25913 for channel [id: 0x04290d6d, L:/127.0.0.1:55395 - R:localhost/127.0.0.1:25913]
20:20:19.657 [Forwarding getCurrentUrl on session 5bf8fdb758c0978b5646d533ad921f47 to remote] DEBUG org.asynchttpclient.netty.request.NettyRequestSender - Using pooled Channel '[id: 0x04290d6d, L:/127.0.0.1:55395 - R:localhost/127.0.0.1:25913]' for 'GET' to 'http://localhost:25913/session/5bf8fdb758c0978b5646d533ad921f47/url'
20:20:19.657 [Forwarding getCurrentUrl on session 5bf8fdb758c0978b5646d533ad921f47 to remote] DEBUG org.asynchttpclient.netty.request.NettyRequestSender - Using open Channel [id: 0x04290d6d, L:/127.0.0.1:55395 - R:localhost/127.0.0.1:25913] for GET '/session/5bf8fdb758c0978b5646d533ad921f47/url'
20:20:19.661 [AsyncHttpClient-1-9] DEBUG org.asynchttpclient.netty.handler.HttpHandler - 

Request DefaultFullHttpRequest(decodeResult: success, version: HTTP/1.1, content: EmptyByteBufBE)
GET /session/5bf8fdb758c0978b5646d533ad921f47/url HTTP/1.1
User-Agent: selenium/4.8.1 (java windows)
Cache-Control: no-cache
Content-Type: application/json; charset=utf-8
host: localhost:25913
accept: */*

Response DefaultHttpResponse(decodeResult: success, version: HTTP/1.1)
HTTP/1.1 200 OK
Content-Length: 41
Content-Type: application/json; charset=utf-8
cache-control: no-cache

20:20:19.661 [AsyncHttpClient-1-9] DEBUG org.asynchttpclient.netty.channel.ChannelManager - Adding key: http://localhost:25913 for channel [id: 0x04290d6d, L:/127.0.0.1:55395 - R:localhost/127.0.0.1:25913]
20:20:19.661 [Forwarding screenshot on session 5bf8fdb758c0978b5646d533ad921f47 to remote] DEBUG org.asynchttpclient.netty.request.NettyRequestSender - Using pooled Channel '[id: 0x04290d6d, L:/127.0.0.1:55395 - R:localhost/127.0.0.1:25913]' for 'GET' to 'http://localhost:25913/session/5bf8fdb758c0978b5646d533ad921f47/screenshot'
20:20:19.661 [Forwarding screenshot on session 5bf8fdb758c0978b5646d533ad921f47 to remote] DEBUG org.asynchttpclient.netty.request.NettyRequestSender - Using open Channel [id: 0x04290d6d, L:/127.0.0.1:55395 - R:localhost/127.0.0.1:25913] for GET '/session/5bf8fdb758c0978b5646d533ad921f47/screenshot'
20:20:19.747 [AsyncHttpClient-1-9] DEBUG org.asynchttpclient.netty.handler.HttpHandler - 

Request DefaultFullHttpRequest(decodeResult: success, version: HTTP/1.1, content: EmptyByteBufBE)
GET /session/5bf8fdb758c0978b5646d533ad921f47/screenshot HTTP/1.1
User-Agent: selenium/4.8.1 (java windows)
Cache-Control: no-cache
Content-Type: application/json; charset=utf-8
host: localhost:25913
accept: */*

Response DefaultHttpResponse(decodeResult: success, version: HTTP/1.1)
HTTP/1.1 200 OK
Content-Length: 71020
Content-Type: application/json; charset=utf-8
cache-control: no-cache

20:20:19.747 [AsyncHttpClient-1-9] DEBUG org.asynchttpclient.netty.channel.ChannelManager - Adding key: http://localhost:25913 for channel [id: 0x04290d6d, L:/127.0.0.1:55395 - R:localhost/127.0.0.1:25913]
20:20:19.749 [main] DEBUG net.serenitybdd.core.photography.Darkroom - Send negative for processing for target\site\serenity\ec6ee52f6c0cfae9727055e6f43a225ce00dadc10a33b254e61353e7c4cff0ca.png
20:20:19.749 [Darkroom Processing Line] DEBUG net.serenitybdd.core.photography.DarkroomProcessingLine - Processing screenshot image in /var/screenshots/screenshot-18215352557540353308
20:20:19.749 [Darkroom Processing Line] DEBUG net.serenitybdd.core.photography.DarkroomProcessingLine - Saving screenshot to target\site\serenity\ec6ee52f6c0cfae9727055e6f43a225ce00dadc10a33b254e61353e7c4cff0ca.png
20:20:19.749 [Forwarding getPageSource on session 5bf8fdb758c0978b5646d533ad921f47 to remote] DEBUG org.asynchttpclient.netty.request.NettyRequestSender - Using pooled Channel '[id: 0x04290d6d, L:/127.0.0.1:55395 - R:localhost/127.0.0.1:25913]' for 'POST' to 'http://localhost:25913/session/5bf8fdb758c0978b5646d533ad921f47/execute/sync'
20:20:19.749 [Forwarding getPageSource on session 5bf8fdb758c0978b5646d533ad921f47 to remote] DEBUG org.asynchttpclient.netty.request.NettyRequestSender - Using open Channel [id: 0x04290d6d, L:/127.0.0.1:55395 - R:localhost/127.0.0.1:25913] for POST '/session/5bf8fdb758c0978b5646d533ad921f47/execute/sync'
20:20:19.760 [AsyncHttpClient-1-9] DEBUG org.asynchttpclient.netty.handler.HttpHandler - 

Request DefaultHttpRequest(decodeResult: success, version: HTTP/1.1)
POST /session/5bf8fdb758c0978b5646d533ad921f47/execute/sync HTTP/1.1
User-Agent: selenium/4.8.1 (java windows)
Content-Length: 176
Content-Type: application/json; charset=utf-8
host: localhost:25913
accept: */*

Response DefaultHttpResponse(decodeResult: success, version: HTTP/1.1)
HTTP/1.1 200 OK
Content-Length: 219594
Content-Type: application/json; charset=utf-8
cache-control: no-cache

20:20:19.760 [AsyncHttpClient-1-9] DEBUG org.asynchttpclient.netty.channel.ChannelManager - Adding key: http://localhost:25913 for channel [id: 0x04290d6d, L:/127.0.0.1:55395 - R:localhost/127.0.0.1:25913]
20:20:19.773 [Forwarding getCurrentUrl on session 5bf8fdb758c0978b5646d533ad921f47 to remote] DEBUG org.asynchttpclient.netty.request.NettyRequestSender - Using pooled Channel '[id: 0x04290d6d, L:/127.0.0.1:55395 - R:localhost/127.0.0.1:25913]' for 'GET' to 'http://localhost:25913/session/5bf8fdb758c0978b5646d533ad921f47/url'
20:20:19.773 [Forwarding getCurrentUrl on session 5bf8fdb758c0978b5646d533ad921f47 to remote] DEBUG org.asynchttpclient.netty.request.NettyRequestSender - Using open Channel [id: 0x04290d6d, L:/127.0.0.1:55395 - R:localhost/127.0.0.1:25913] for GET '/session/5bf8fdb758c0978b5646d533ad921f47/url'
20:20:19.776 [AsyncHttpClient-1-9] DEBUG org.asynchttpclient.netty.handler.HttpHandler - 

Request DefaultFullHttpRequest(decodeResult: success, version: HTTP/1.1, content: EmptyByteBufBE)
GET /session/5bf8fdb758c0978b5646d533ad921f47/url HTTP/1.1
User-Agent: selenium/4.8.1 (java windows)
Cache-Control: no-cache
Content-Type: application/json; charset=utf-8
host: localhost:25913
accept: */*

Response DefaultHttpResponse(decodeResult: success, version: HTTP/1.1)
HTTP/1.1 200 OK
Content-Length: 41
Content-Type: application/json; charset=utf-8
cache-control: no-cache

20:20:19.776 [AsyncHttpClient-1-9] DEBUG org.asynchttpclient.netty.channel.ChannelManager - Adding key: http://localhost:25913 for channel [id: 0x04290d6d, L:/127.0.0.1:55395 - R:localhost/127.0.0.1:25913]
20:20:19.778 [main] DEBUG net.thucydides.core.steps.StepInterceptor - STARTING STEP: TransactionSteps.clickTransactionOption - clickTransactionOption
20:20:19.780 [Forwarding findElement on session 5bf8fdb758c0978b5646d533ad921f47 to remote] DEBUG org.asynchttpclient.netty.request.NettyRequestSender - Using pooled Channel '[id: 0x04290d6d, L:/127.0.0.1:55395 - R:localhost/127.0.0.1:25913]' for 'POST' to 'http://localhost:25913/session/5bf8fdb758c0978b5646d533ad921f47/element'
20:20:19.780 [Forwarding findElement on session 5bf8fdb758c0978b5646d533ad921f47 to remote] DEBUG org.asynchttpclient.netty.request.NettyRequestSender - Using open Channel [id: 0x04290d6d, L:/127.0.0.1:55395 - R:localhost/127.0.0.1:25913] for POST '/session/5bf8fdb758c0978b5646d533ad921f47/element'
20:20:19.790 [AsyncHttpClient-1-9] DEBUG org.asynchttpclient.netty.handler.HttpHandler - 

Request DefaultHttpRequest(decodeResult: success, version: HTTP/1.1)
POST /session/5bf8fdb758c0978b5646d533ad921f47/element HTTP/1.1
User-Agent: selenium/4.8.1 (java windows)
Content-Length: 132
Content-Type: application/json; charset=utf-8
host: localhost:25913
accept: */*

Response DefaultHttpResponse(decodeResult: success, version: HTTP/1.1)
HTTP/1.1 200 OK
Content-Length: 88
Content-Type: application/json; charset=utf-8
cache-control: no-cache

20:20:19.791 [AsyncHttpClient-1-9] DEBUG org.asynchttpclient.netty.channel.ChannelManager - Adding key: http://localhost:25913 for channel [id: 0x04290d6d, L:/127.0.0.1:55395 - R:localhost/127.0.0.1:25913]
20:20:19.791 [Forwarding getElementTagName on session 5bf8fdb758c0978b5646d533ad921f47 to remote] DEBUG org.asynchttpclient.netty.request.NettyRequestSender - Using pooled Channel '[id: 0x04290d6d, L:/127.0.0.1:55395 - R:localhost/127.0.0.1:25913]' for 'GET' to 'http://localhost:25913/session/5bf8fdb758c0978b5646d533ad921f47/element/797b6ace-0553-4dd7-b05b-88bd96f8328f/name'
20:20:19.791 [Forwarding getElementTagName on session 5bf8fdb758c0978b5646d533ad921f47 to remote] DEBUG org.asynchttpclient.netty.request.NettyRequestSender - Using open Channel [id: 0x04290d6d, L:/127.0.0.1:55395 - R:localhost/127.0.0.1:25913] for GET '/session/5bf8fdb758c0978b5646d533ad921f47/element/797b6ace-0553-4dd7-b05b-88bd96f8328f/name'
20:20:19.794 [AsyncHttpClient-1-9] DEBUG org.asynchttpclient.netty.handler.HttpHandler - 

Request DefaultFullHttpRequest(decodeResult: success, version: HTTP/1.1, content: EmptyByteBufBE)
GET /session/5bf8fdb758c0978b5646d533ad921f47/element/797b6ace-0553-4dd7-b05b-88bd96f8328f/name HTTP/1.1
User-Agent: selenium/4.8.1 (java windows)
Cache-Control: no-cache
Content-Type: application/json; charset=utf-8
host: localhost:25913
accept: */*

Response DefaultHttpResponse(decodeResult: success, version: HTTP/1.1)
HTTP/1.1 200 OK
Content-Length: 15
Content-Type: application/json; charset=utf-8
cache-control: no-cache

20:20:19.794 [AsyncHttpClient-1-9] DEBUG org.asynchttpclient.netty.channel.ChannelManager - Adding key: http://localhost:25913 for channel [id: 0x04290d6d, L:/127.0.0.1:55395 - R:localhost/127.0.0.1:25913]
20:20:19.795 [Forwarding getElementTagName on session 5bf8fdb758c0978b5646d533ad921f47 to remote] DEBUG org.asynchttpclient.netty.request.NettyRequestSender - Using pooled Channel '[id: 0x04290d6d, L:/127.0.0.1:55395 - R:localhost/127.0.0.1:25913]' for 'GET' to 'http://localhost:25913/session/5bf8fdb758c0978b5646d533ad921f47/element/797b6ace-0553-4dd7-b05b-88bd96f8328f/name'
20:20:19.795 [Forwarding getElementTagName on session 5bf8fdb758c0978b5646d533ad921f47 to remote] DEBUG org.asynchttpclient.netty.request.NettyRequestSender - Using open Channel [id: 0x04290d6d, L:/127.0.0.1:55395 - R:localhost/127.0.0.1:25913] for GET '/session/5bf8fdb758c0978b5646d533ad921f47/element/797b6ace-0553-4dd7-b05b-88bd96f8328f/name'
20:20:19.798 [AsyncHttpClient-1-9] DEBUG org.asynchttpclient.netty.handler.HttpHandler - 

Request DefaultFullHttpRequest(decodeResult: success, version: HTTP/1.1, content: EmptyByteBufBE)
GET /session/5bf8fdb758c0978b5646d533ad921f47/element/797b6ace-0553-4dd7-b05b-88bd96f8328f/name HTTP/1.1
User-Agent: selenium/4.8.1 (java windows)
Cache-Control: no-cache
Content-Type: application/json; charset=utf-8
host: localhost:25913
accept: */*

Response DefaultHttpResponse(decodeResult: success, version: HTTP/1.1)
HTTP/1.1 200 OK
Content-Length: 15
Content-Type: application/json; charset=utf-8
cache-control: no-cache

20:20:19.798 [AsyncHttpClient-1-9] DEBUG org.asynchttpclient.netty.channel.ChannelManager - Adding key: http://localhost:25913 for channel [id: 0x04290d6d, L:/127.0.0.1:55395 - R:localhost/127.0.0.1:25913]
20:20:19.798 [Forwarding findElement on session 5bf8fdb758c0978b5646d533ad921f47 to remote] DEBUG org.asynchttpclient.netty.request.NettyRequestSender - Using pooled Channel '[id: 0x04290d6d, L:/127.0.0.1:55395 - R:localhost/127.0.0.1:25913]' for 'POST' to 'http://localhost:25913/session/5bf8fdb758c0978b5646d533ad921f47/element'
20:20:19.799 [Forwarding findElement on session 5bf8fdb758c0978b5646d533ad921f47 to remote] DEBUG org.asynchttpclient.netty.request.NettyRequestSender - Using open Channel [id: 0x04290d6d, L:/127.0.0.1:55395 - R:localhost/127.0.0.1:25913] for POST '/session/5bf8fdb758c0978b5646d533ad921f47/element'
20:20:19.805 [AsyncHttpClient-1-9] DEBUG org.asynchttpclient.netty.handler.HttpHandler - 

Request DefaultHttpRequest(decodeResult: success, version: HTTP/1.1)
POST /session/5bf8fdb758c0978b5646d533ad921f47/element HTTP/1.1
User-Agent: selenium/4.8.1 (java windows)
Content-Length: 132
Content-Type: application/json; charset=utf-8
host: localhost:25913
accept: */*

Response DefaultHttpResponse(decodeResult: success, version: HTTP/1.1)
HTTP/1.1 200 OK
Content-Length: 88
Content-Type: application/json; charset=utf-8
cache-control: no-cache

20:20:19.805 [AsyncHttpClient-1-9] DEBUG org.asynchttpclient.netty.channel.ChannelManager - Adding key: http://localhost:25913 for channel [id: 0x04290d6d, L:/127.0.0.1:55395 - R:localhost/127.0.0.1:25913]
20:20:19.805 [Forwarding clickElement on session 5bf8fdb758c0978b5646d533ad921f47 to remote] DEBUG org.asynchttpclient.netty.request.NettyRequestSender - Using pooled Channel '[id: 0x04290d6d, L:/127.0.0.1:55395 - R:localhost/127.0.0.1:25913]' for 'POST' to 'http://localhost:25913/session/5bf8fdb758c0978b5646d533ad921f47/element/797b6ace-0553-4dd7-b05b-88bd96f8328f/click'
20:20:19.805 [Forwarding clickElement on session 5bf8fdb758c0978b5646d533ad921f47 to remote] DEBUG org.asynchttpclient.netty.request.NettyRequestSender - Using open Channel [id: 0x04290d6d, L:/127.0.0.1:55395 - R:localhost/127.0.0.1:25913] for POST '/session/5bf8fdb758c0978b5646d533ad921f47/element/797b6ace-0553-4dd7-b05b-88bd96f8328f/click'
20:20:19.850 [AsyncHttpClient-1-9] DEBUG org.asynchttpclient.netty.handler.HttpHandler - 

Request DefaultHttpRequest(decodeResult: success, version: HTTP/1.1)
POST /session/5bf8fdb758c0978b5646d533ad921f47/element/797b6ace-0553-4dd7-b05b-88bd96f8328f/click HTTP/1.1
User-Agent: selenium/4.8.1 (java windows)
Content-Length: 50
Content-Type: application/json; charset=utf-8
host: localhost:25913
accept: */*

Response DefaultHttpResponse(decodeResult: success, version: HTTP/1.1)
HTTP/1.1 200 OK
Content-Length: 14
Content-Type: application/json; charset=utf-8
cache-control: no-cache

20:20:19.851 [AsyncHttpClient-1-9] DEBUG org.asynchttpclient.netty.channel.ChannelManager - Adding key: http://localhost:25913 for channel [id: 0x04290d6d, L:/127.0.0.1:55395 - R:localhost/127.0.0.1:25913]
20:20:19.856 [Forwarding getAlertText on session 5bf8fdb758c0978b5646d533ad921f47 to remote] DEBUG org.asynchttpclient.netty.request.NettyRequestSender - Using pooled Channel '[id: 0x04290d6d, L:/127.0.0.1:55395 - R:localhost/127.0.0.1:25913]' for 'GET' to 'http://localhost:25913/session/5bf8fdb758c0978b5646d533ad921f47/alert/text'
20:20:19.856 [Forwarding getAlertText on session 5bf8fdb758c0978b5646d533ad921f47 to remote] DEBUG org.asynchttpclient.netty.request.NettyRequestSender - Using open Channel [id: 0x04290d6d, L:/127.0.0.1:55395 - R:localhost/127.0.0.1:25913] for GET '/session/5bf8fdb758c0978b5646d533ad921f47/alert/text'
20:20:19.905 [AsyncHttpClient-1-9] DEBUG org.asynchttpclient.netty.handler.HttpHandler - 

Request DefaultFullHttpRequest(decodeResult: success, version: HTTP/1.1, content: EmptyByteBufBE)
GET /session/5bf8fdb758c0978b5646d533ad921f47/alert/text HTTP/1.1
User-Agent: selenium/4.8.1 (java windows)
Cache-Control: no-cache
Content-Type: application/json; charset=utf-8
host: localhost:25913
accept: */*

Response DefaultHttpResponse(decodeResult: success, version: HTTP/1.1)
HTTP/1.1 404 Not Found
Content-Length: 836
Content-Type: application/json; charset=utf-8
cache-control: no-cache

20:20:19.906 [AsyncHttpClient-1-9] DEBUG org.asynchttpclient.netty.channel.ChannelManager - Adding key: http://localhost:25913 for channel [id: 0x04290d6d, L:/127.0.0.1:55395 - R:localhost/127.0.0.1:25913]
20:20:19.907 [Forwarding getCurrentUrl on session 5bf8fdb758c0978b5646d533ad921f47 to remote] DEBUG org.asynchttpclient.netty.request.NettyRequestSender - Using pooled Channel '[id: 0x04290d6d, L:/127.0.0.1:55395 - R:localhost/127.0.0.1:25913]' for 'GET' to 'http://localhost:25913/session/5bf8fdb758c0978b5646d533ad921f47/url'
20:20:19.907 [Forwarding getCurrentUrl on session 5bf8fdb758c0978b5646d533ad921f47 to remote] DEBUG org.asynchttpclient.netty.request.NettyRequestSender - Using open Channel [id: 0x04290d6d, L:/127.0.0.1:55395 - R:localhost/127.0.0.1:25913] for GET '/session/5bf8fdb758c0978b5646d533ad921f47/url'
20:20:19.910 [AsyncHttpClient-1-9] DEBUG org.asynchttpclient.netty.handler.HttpHandler - 

Request DefaultFullHttpRequest(decodeResult: success, version: HTTP/1.1, content: EmptyByteBufBE)
GET /session/5bf8fdb758c0978b5646d533ad921f47/url HTTP/1.1
User-Agent: selenium/4.8.1 (java windows)
Cache-Control: no-cache
Content-Type: application/json; charset=utf-8
host: localhost:25913
accept: */*

Response DefaultHttpResponse(decodeResult: success, version: HTTP/1.1)
HTTP/1.1 200 OK
Content-Length: 52
Content-Type: application/json; charset=utf-8
cache-control: no-cache

20:20:19.910 [AsyncHttpClient-1-9] DEBUG org.asynchttpclient.netty.channel.ChannelManager - Adding key: http://localhost:25913 for channel [id: 0x04290d6d, L:/127.0.0.1:55395 - R:localhost/127.0.0.1:25913]
20:20:19.911 [Forwarding screenshot on session 5bf8fdb758c0978b5646d533ad921f47 to remote] DEBUG org.asynchttpclient.netty.request.NettyRequestSender - Using pooled Channel '[id: 0x04290d6d, L:/127.0.0.1:55395 - R:localhost/127.0.0.1:25913]' for 'GET' to 'http://localhost:25913/session/5bf8fdb758c0978b5646d533ad921f47/screenshot'
20:20:19.911 [Forwarding screenshot on session 5bf8fdb758c0978b5646d533ad921f47 to remote] DEBUG org.asynchttpclient.netty.request.NettyRequestSender - Using open Channel [id: 0x04290d6d, L:/127.0.0.1:55395 - R:localhost/127.0.0.1:25913] for GET '/session/5bf8fdb758c0978b5646d533ad921f47/screenshot'
20:20:20.004 [AsyncHttpClient-1-9] DEBUG org.asynchttpclient.netty.handler.HttpHandler - 

Request DefaultFullHttpRequest(decodeResult: success, version: HTTP/1.1, content: EmptyByteBufBE)
GET /session/5bf8fdb758c0978b5646d533ad921f47/screenshot HTTP/1.1
User-Agent: selenium/4.8.1 (java windows)
Cache-Control: no-cache
Content-Type: application/json; charset=utf-8
host: localhost:25913
accept: */*

Response DefaultHttpResponse(decodeResult: success, version: HTTP/1.1)
HTTP/1.1 200 OK
Content-Length: 40304
Content-Type: application/json; charset=utf-8
cache-control: no-cache

20:20:20.004 [AsyncHttpClient-1-9] DEBUG org.asynchttpclient.netty.channel.ChannelManager - Adding key: http://localhost:25913 for channel [id: 0x04290d6d, L:/127.0.0.1:55395 - R:localhost/127.0.0.1:25913]
20:20:20.006 [main] DEBUG net.serenitybdd.core.photography.Darkroom - Send negative for processing for target\site\serenity\ada3498fac068135c670a29794294a900920a981b2a16c4dc04ae1502dbe021c.png
20:20:20.006 [main] DEBUG net.thucydides.core.steps.StepInterceptor - STEP DONE: clickTransactionOption
  &amp#27;[32mAnd &amp#27;[0m&amp#27;[32mI click transaction option&amp#27;[0m                          &amp#27;[90m# starter.stepdefinitions.TransactionSteps.clickTransactionOption()&amp#27;[0m
20:20:20.006 [Darkroom Processing Line] DEBUG net.serenitybdd.core.photography.DarkroomProcessingLine - Processing screenshot image in /var/screenshots/screenshot-3795862762291333697
20:20:20.006 [Darkroom Processing Line] DEBUG net.serenitybdd.core.photography.DarkroomProcessingLine - Saving screenshot to target\site\serenity\ada3498fac068135c670a29794294a900920a981b2a16c4dc04ae1502dbe021c.png
20:20:20.015 [Forwarding getPageSource on session 5bf8fdb758c0978b5646d533ad921f47 to remote] DEBUG org.asynchttpclient.netty.request.NettyRequestSender - Using pooled Channel '[id: 0x04290d6d, L:/127.0.0.1:55395 - R:localhost/127.0.0.1:25913]' for 'POST' to 'http://localhost:25913/session/5bf8fdb758c0978b5646d533ad921f47/execute/sync'
20:20:20.015 [Forwarding getPageSource on session 5bf8fdb758c0978b5646d533ad921f47 to remote] DEBUG org.asynchttpclient.netty.request.NettyRequestSender - Using open Channel [id: 0x04290d6d, L:/127.0.0.1:55395 - R:localhost/127.0.0.1:25913] for POST '/session/5bf8fdb758c0978b5646d533ad921f47/execute/sync'
20:20:20.023 [AsyncHttpClient-1-9] DEBUG org.asynchttpclient.netty.handler.HttpHandler - 

Request DefaultHttpRequest(decodeResult: success, version: HTTP/1.1)
POST /session/5bf8fdb758c0978b5646d533ad921f47/execute/sync HTTP/1.1
User-Agent: selenium/4.8.1 (java windows)
Content-Length: 176
Content-Type: application/json; charset=utf-8
host: localhost:25913
accept: */*

Response DefaultHttpResponse(decodeResult: success, version: HTTP/1.1)
HTTP/1.1 200 OK
Content-Length: 25386
Content-Type: application/json; charset=utf-8
cache-control: no-cache

20:20:20.023 [AsyncHttpClient-1-9] DEBUG org.asynchttpclient.netty.channel.ChannelManager - Adding key: http://localhost:25913 for channel [id: 0x04290d6d, L:/127.0.0.1:55395 - R:localhost/127.0.0.1:25913]
20:20:20.049 [Forwarding getCurrentUrl on session 5bf8fdb758c0978b5646d533ad921f47 to remote] DEBUG org.asynchttpclient.netty.request.NettyRequestSender - Using pooled Channel '[id: 0x04290d6d, L:/127.0.0.1:55395 - R:localhost/127.0.0.1:25913]' for 'GET' to 'http://localhost:25913/session/5bf8fdb758c0978b5646d533ad921f47/url'
20:20:20.049 [Forwarding getCurrentUrl on session 5bf8fdb758c0978b5646d533ad921f47 to remote] DEBUG org.asynchttpclient.netty.request.NettyRequestSender - Using open Channel [id: 0x04290d6d, L:/127.0.0.1:55395 - R:localhost/127.0.0.1:25913] for GET '/session/5bf8fdb758c0978b5646d533ad921f47/url'
20:20:20.057 [AsyncHttpClient-1-9] DEBUG org.asynchttpclient.netty.handler.HttpHandler - 

Request DefaultFullHttpRequest(decodeResult: success, version: HTTP/1.1, content: EmptyByteBufBE)
GET /session/5bf8fdb758c0978b5646d533ad921f47/url HTTP/1.1
User-Agent: selenium/4.8.1 (java windows)
Cache-Control: no-cache
Content-Type: application/json; charset=utf-8
host: localhost:25913
accept: */*

Response DefaultHttpResponse(decodeResult: success, version: HTTP/1.1)
HTTP/1.1 200 OK
Content-Length: 52
Content-Type: application/json; charset=utf-8
cache-control: no-cache

20:20:20.058 [AsyncHttpClient-1-9] DEBUG org.asynchttpclient.netty.channel.ChannelManager - Adding key: http://localhost:25913 for channel [id: 0x04290d6d, L:/127.0.0.1:55395 - R:localhost/127.0.0.1:25913]
20:20:20.069 [Forwarding getAlertText on session 5bf8fdb758c0978b5646d533ad921f47 to remote] DEBUG org.asynchttpclient.netty.request.NettyRequestSender - Using pooled Channel '[id: 0x04290d6d, L:/127.0.0.1:55395 - R:localhost/127.0.0.1:25913]' for 'GET' to 'http://localhost:25913/session/5bf8fdb758c0978b5646d533ad921f47/alert/text'
20:20:20.069 [Forwarding getAlertText on session 5bf8fdb758c0978b5646d533ad921f47 to remote] DEBUG org.asynchttpclient.netty.request.NettyRequestSender - Using open Channel [id: 0x04290d6d, L:/127.0.0.1:55395 - R:localhost/127.0.0.1:25913] for GET '/session/5bf8fdb758c0978b5646d533ad921f47/alert/text'
20:20:20.071 [AsyncHttpClient-1-9] DEBUG org.asynchttpclient.netty.handler.HttpHandler - 

Request DefaultFullHttpRequest(decodeResult: success, version: HTTP/1.1, content: EmptyByteBufBE)
GET /session/5bf8fdb758c0978b5646d533ad921f47/alert/text HTTP/1.1
User-Agent: selenium/4.8.1 (java windows)
Cache-Control: no-cache
Content-Type: application/json; charset=utf-8
host: localhost:25913
accept: */*

Response DefaultHttpResponse(decodeResult: success, version: HTTP/1.1)
HTTP/1.1 404 Not Found
Content-Length: 836
Content-Type: application/json; charset=utf-8
cache-control: no-cache

20:20:20.071 [AsyncHttpClient-1-9] DEBUG org.asynchttpclient.netty.channel.ChannelManager - Adding key: http://localhost:25913 for channel [id: 0x04290d6d, L:/127.0.0.1:55395 - R:localhost/127.0.0.1:25913]
20:20:20.072 [Forwarding getCurrentUrl on session 5bf8fdb758c0978b5646d533ad921f47 to remote] DEBUG org.asynchttpclient.netty.request.NettyRequestSender - Using pooled Channel '[id: 0x04290d6d, L:/127.0.0.1:55395 - R:localhost/127.0.0.1:25913]' for 'GET' to 'http://localhost:25913/session/5bf8fdb758c0978b5646d533ad921f47/url'
20:20:20.072 [Forwarding getCurrentUrl on session 5bf8fdb758c0978b5646d533ad921f47 to remote] DEBUG org.asynchttpclient.netty.request.NettyRequestSender - Using open Channel [id: 0x04290d6d, L:/127.0.0.1:55395 - R:localhost/127.0.0.1:25913] for GET '/session/5bf8fdb758c0978b5646d533ad921f47/url'
20:20:20.077 [AsyncHttpClient-1-9] DEBUG org.asynchttpclient.netty.handler.HttpHandler - 

Request DefaultFullHttpRequest(decodeResult: success, version: HTTP/1.1, content: EmptyByteBufBE)
GET /session/5bf8fdb758c0978b5646d533ad921f47/url HTTP/1.1
User-Agent: selenium/4.8.1 (java windows)
Cache-Control: no-cache
Content-Type: application/json; charset=utf-8
host: localhost:25913
accept: */*

Response DefaultHttpResponse(decodeResult: success, version: HTTP/1.1)
HTTP/1.1 200 OK
Content-Length: 52
Content-Type: application/json; charset=utf-8
cache-control: no-cache

20:20:20.077 [AsyncHttpClient-1-9] DEBUG org.asynchttpclient.netty.channel.ChannelManager - Adding key: http://localhost:25913 for channel [id: 0x04290d6d, L:/127.0.0.1:55395 - R:localhost/127.0.0.1:25913]
20:20:20.078 [Forwarding screenshot on session 5bf8fdb758c0978b5646d533ad921f47 to remote] DEBUG org.asynchttpclient.netty.request.NettyRequestSender - Using pooled Channel '[id: 0x04290d6d, L:/127.0.0.1:55395 - R:localhost/127.0.0.1:25913]' for 'GET' to 'http://localhost:25913/session/5bf8fdb758c0978b5646d533ad921f47/screenshot'
20:20:20.078 [Forwarding screenshot on session 5bf8fdb758c0978b5646d533ad921f47 to remote] DEBUG org.asynchttpclient.netty.request.NettyRequestSender - Using open Channel [id: 0x04290d6d, L:/127.0.0.1:55395 - R:localhost/127.0.0.1:25913] for GET '/session/5bf8fdb758c0978b5646d533ad921f47/screenshot'
20:20:20.153 [AsyncHttpClient-1-1] DEBUG org.asynchttpclient.netty.channel.DefaultChannelPool - Entry count for : http://localhost:55397 : 1
20:20:20.189 [AsyncHttpClient-1-9] DEBUG org.asynchttpclient.netty.handler.HttpHandler - 

Request DefaultFullHttpRequest(decodeResult: success, version: HTTP/1.1, content: EmptyByteBufBE)
GET /session/5bf8fdb758c0978b5646d533ad921f47/screenshot HTTP/1.1
User-Agent: selenium/4.8.1 (java windows)
Cache-Control: no-cache
Content-Type: application/json; charset=utf-8
host: localhost:25913
accept: */*

Response DefaultHttpResponse(decodeResult: success, version: HTTP/1.1)
HTTP/1.1 200 OK
Content-Length: 33596
Content-Type: application/json; charset=utf-8
cache-control: no-cache

20:20:20.189 [AsyncHttpClient-1-9] DEBUG org.asynchttpclient.netty.channel.ChannelManager - Adding key: http://localhost:25913 for channel [id: 0x04290d6d, L:/127.0.0.1:55395 - R:localhost/127.0.0.1:25913]
20:20:20.191 [main] DEBUG net.serenitybdd.core.photography.Darkroom - Send negative for processing for target\site\serenity\91e12cd5f10596973b85bb8201cd4334e6a54d9f2c6cc1fe5a536220ca9492c4.png
20:20:20.191 [Darkroom Processing Line] DEBUG net.serenitybdd.core.photography.DarkroomProcessingLine - Processing screenshot image in /var/screenshots/screenshot-3794561767918898462
20:20:20.191 [Darkroom Processing Line] DEBUG net.serenitybdd.core.photography.DarkroomProcessingLine - Saving screenshot to target\site\serenity\91e12cd5f10596973b85bb8201cd4334e6a54d9f2c6cc1fe5a536220ca9492c4.png
20:20:20.192 [Forwarding getPageSource on session 5bf8fdb758c0978b5646d533ad921f47 to remote] DEBUG org.asynchttpclient.netty.request.NettyRequestSender - Using pooled Channel '[id: 0x04290d6d, L:/127.0.0.1:55395 - R:localhost/127.0.0.1:25913]' for 'POST' to 'http://localhost:25913/session/5bf8fdb758c0978b5646d533ad921f47/execute/sync'
20:20:20.192 [Forwarding getPageSource on session 5bf8fdb758c0978b5646d533ad921f47 to remote] DEBUG org.asynchttpclient.netty.request.NettyRequestSender - Using open Channel [id: 0x04290d6d, L:/127.0.0.1:55395 - R:localhost/127.0.0.1:25913] for POST '/session/5bf8fdb758c0978b5646d533ad921f47/execute/sync'
20:20:20.196 [AsyncHttpClient-1-9] DEBUG org.asynchttpclient.netty.handler.HttpHandler - 

Request DefaultHttpRequest(decodeResult: success, version: HTTP/1.1)
POST /session/5bf8fdb758c0978b5646d533ad921f47/execute/sync HTTP/1.1
User-Agent: selenium/4.8.1 (java windows)
Content-Length: 176
Content-Type: application/json; charset=utf-8
host: localhost:25913
accept: */*

Response DefaultHttpResponse(decodeResult: success, version: HTTP/1.1)
HTTP/1.1 200 OK
Content-Length: 25387
Content-Type: application/json; charset=utf-8
cache-control: no-cache

20:20:20.197 [AsyncHttpClient-1-9] DEBUG org.asynchttpclient.netty.channel.ChannelManager - Adding key: http://localhost:25913 for channel [id: 0x04290d6d, L:/127.0.0.1:55395 - R:localhost/127.0.0.1:25913]
20:20:20.207 [Forwarding getCurrentUrl on session 5bf8fdb758c0978b5646d533ad921f47 to remote] DEBUG org.asynchttpclient.netty.request.NettyRequestSender - Using pooled Channel '[id: 0x04290d6d, L:/127.0.0.1:55395 - R:localhost/127.0.0.1:25913]' for 'GET' to 'http://localhost:25913/session/5bf8fdb758c0978b5646d533ad921f47/url'
20:20:20.207 [Forwarding getCurrentUrl on session 5bf8fdb758c0978b5646d533ad921f47 to remote] DEBUG org.asynchttpclient.netty.request.NettyRequestSender - Using open Channel [id: 0x04290d6d, L:/127.0.0.1:55395 - R:localhost/127.0.0.1:25913] for GET '/session/5bf8fdb758c0978b5646d533ad921f47/url'
20:20:20.210 [AsyncHttpClient-1-9] DEBUG org.asynchttpclient.netty.handler.HttpHandler - 

Request DefaultFullHttpRequest(decodeResult: success, version: HTTP/1.1, content: EmptyByteBufBE)
GET /session/5bf8fdb758c0978b5646d533ad921f47/url HTTP/1.1
User-Agent: selenium/4.8.1 (java windows)
Cache-Control: no-cache
Content-Type: application/json; charset=utf-8
host: localhost:25913
accept: */*

Response DefaultHttpResponse(decodeResult: success, version: HTTP/1.1)
HTTP/1.1 200 OK
Content-Length: 52
Content-Type: application/json; charset=utf-8
cache-control: no-cache

20:20:20.210 [AsyncHttpClient-1-9] DEBUG org.asynchttpclient.netty.channel.ChannelManager - Adding key: http://localhost:25913 for channel [id: 0x04290d6d, L:/127.0.0.1:55395 - R:localhost/127.0.0.1:25913]
20:20:20.212 [main] DEBUG net.thucydides.core.steps.StepInterceptor - STARTING STEP: TransactionSteps.validateOnTransactionPage - validateOnTransactionPage
20:20:20.214 [Forwarding findElement on session 5bf8fdb758c0978b5646d533ad921f47 to remote] DEBUG org.asynchttpclient.netty.request.NettyRequestSender - Using pooled Channel '[id: 0x04290d6d, L:/127.0.0.1:55395 - R:localhost/127.0.0.1:25913]' for 'POST' to 'http://localhost:25913/session/5bf8fdb758c0978b5646d533ad921f47/element'
20:20:20.214 [Forwarding findElement on session 5bf8fdb758c0978b5646d533ad921f47 to remote] DEBUG org.asynchttpclient.netty.request.NettyRequestSender - Using open Channel [id: 0x04290d6d, L:/127.0.0.1:55395 - R:localhost/127.0.0.1:25913] for POST '/session/5bf8fdb758c0978b5646d533ad921f47/element'
20:20:20.223 [AsyncHttpClient-1-9] DEBUG org.asynchttpclient.netty.handler.HttpHandler - 

Request DefaultHttpRequest(decodeResult: success, version: HTTP/1.1)
POST /session/5bf8fdb758c0978b5646d533ad921f47/element HTTP/1.1
User-Agent: selenium/4.8.1 (java windows)
Content-Length: 85
Content-Type: application/json; charset=utf-8
host: localhost:25913
accept: */*

Response DefaultHttpResponse(decodeResult: success, version: HTTP/1.1)
HTTP/1.1 200 OK
Content-Length: 88
Content-Type: application/json; charset=utf-8
cache-control: no-cache

20:20:20.223 [AsyncHttpClient-1-9] DEBUG org.asynchttpclient.netty.channel.ChannelManager - Adding key: http://localhost:25913 for channel [id: 0x04290d6d, L:/127.0.0.1:55395 - R:localhost/127.0.0.1:25913]
20:20:20.225 [Forwarding isElementDisplayed on session 5bf8fdb758c0978b5646d533ad921f47 to remote] DEBUG org.asynchttpclient.netty.request.NettyRequestSender - Using pooled Channel '[id: 0x04290d6d, L:/127.0.0.1:55395 - R:localhost/127.0.0.1:25913]' for 'POST' to 'http://localhost:25913/session/5bf8fdb758c0978b5646d533ad921f47/execute/sync'
20:20:20.225 [Forwarding isElementDisplayed on session 5bf8fdb758c0978b5646d533ad921f47 to remote] DEBUG org.asynchttpclient.netty.request.NettyRequestSender - Using open Channel [id: 0x04290d6d, L:/127.0.0.1:55395 - R:localhost/127.0.0.1:25913] for POST '/session/5bf8fdb758c0978b5646d533ad921f47/execute/sync'
20:20:20.234 [AsyncHttpClient-1-9] DEBUG org.asynchttpclient.netty.handler.HttpHandler - 

Request DefaultHttpRequest(decodeResult: success, version: HTTP/1.1)
POST /session/5bf8fdb758c0978b5646d533ad921f47/execute/sync HTTP/1.1
User-Agent: selenium/4.8.1 (java windows)
Content-Length: 48807
Content-Type: application/json; charset=utf-8
host: localhost:25913
accept: */*

Response DefaultHttpResponse(decodeResult: success, version: HTTP/1.1)
HTTP/1.1 200 OK
Content-Length: 14
Content-Type: application/json; charset=utf-8
cache-control: no-cache

20:20:20.234 [AsyncHttpClient-1-9] DEBUG org.asynchttpclient.netty.channel.ChannelManager - Adding key: http://localhost:25913 for channel [id: 0x04290d6d, L:/127.0.0.1:55395 - R:localhost/127.0.0.1:25913]
20:20:20.237 [main] DEBUG net.thucydides.core.steps.StepInterceptor - STEP DONE: validateOnTransactionPage
  &amp#27;[32mThen &amp#27;[0m&amp#27;[32mI am on the transaction page&amp#27;[0m                       &amp#27;[90m# starter.stepdefinitions.TransactionSteps.validateOnTransactionPage()&amp#27;[0m
20:20:20.240 [main] INFO  - 
  _____   ___   ___   _____     ___     _     ___   ___   ___   ___  
 |_   _| | __| / __| |_   _|   | _ \   /_\   / __| / __| | __| |   \ 
   | |   | _|  \__ \   | |     |  _/  / _ \  \__ \ \__ \ | _|  | |) |
   |_|   |___| |___/   |_|     |_|   /_/ \_\ |___/ |___/ |___| |___/ 

View Transaction
----------------------------------------------------------------------
20:20:20.241 [AsyncHttpClient-1-11] DEBUG org.asynchttpclient.netty.handler.WebSocketHandler - Channel Closed: [id: 0x96b454aa, L:/127.0.0.1:55405 ! R:localhost/127.0.0.1:55397] with attribute NettyResponseFuture{currentRetry=0,
	isDone=1,
	isCancelled=0,
	asyncHandler=org.asynchttpclient.ws.WebSocketUpgradeHandler@2f735a9,
	nettyRequest=org.asynchttpclient.netty.request.NettyRequest@4938e8b7,
	future=java.util.concurrent.CompletableFuture@38cddccc[Completed normally],
	uri=ws://localhost:55397/devtools/browser/cdd395a9-e1a7-40cb-83c4-b85afc79f0d6,
	keepAlive=true,
	redirectCount=0,
	timeoutsHolder=null,
	inAuth=0,
	touch=1683379216769}
20:20:20.241 [AsyncHttpClient-1-11] DEBUG org.asynchttpclient.netty.channel.ChannelManager - Closing Channel [id: 0x96b454aa, L:/127.0.0.1:55405 ! R:localhost/127.0.0.1:55397] 
20:20:20.242 [Driver Command Executor] DEBUG org.asynchttpclient.netty.request.NettyRequestSender - Using pooled Channel '[id: 0x04290d6d, L:/127.0.0.1:55395 - R:localhost/127.0.0.1:25913]' for 'DELETE' to 'http://localhost:25913/session/5bf8fdb758c0978b5646d533ad921f47'
20:20:20.242 [Driver Command Executor] DEBUG org.asynchttpclient.netty.request.NettyRequestSender - Using open Channel [id: 0x04290d6d, L:/127.0.0.1:55395 - R:localhost/127.0.0.1:25913] for DELETE '/session/5bf8fdb758c0978b5646d533ad921f47'
20:20:20.263 [AsyncHttpClient-1-10] DEBUG org.asynchttpclient.netty.handler.HttpHandler - Unexpected I/O exception on channel [id: 0x660b0247, L:/127.0.0.1:55404 - R:localhost/127.0.0.1:55397]
java.net.SocketException: Connection reset
	at java.base/sun.nio.ch.SocketChannelImpl.throwConnectionReset(SocketChannelImpl.java:367)
	at java.base/sun.nio.ch.SocketChannelImpl.read(SocketChannelImpl.java:398)
	at io.netty.buffer.PooledByteBuf.setBytes(PooledByteBuf.java:259)
	at io.netty.buffer.AbstractByteBuf.writeBytes(AbstractByteBuf.java:1132)
	at io.netty.channel.socket.nio.NioSocketChannel.doReadBytes(NioSocketChannel.java:357)
	at io.netty.channel.nio.AbstractNioByteChannel$NioByteUnsafe.read(AbstractNioByteChannel.java:151)
	at io.netty.channel.nio.NioEventLoop.processSelectedKey(NioEventLoop.java:788)
	at io.netty.channel.nio.NioEventLoop.processSelectedKeysOptimized(NioEventLoop.java:724)
	at io.netty.channel.nio.NioEventLoop.processSelectedKeys(NioEventLoop.java:650)
	at io.netty.channel.nio.NioEventLoop.run(NioEventLoop.java:562)
	at io.netty.util.concurrent.SingleThreadEventExecutor$4.run(SingleThreadEventExecutor.java:997)
	at io.netty.util.internal.ThreadExecutorMap$2.run(ThreadExecutorMap.java:74)
	at io.netty.util.concurrent.FastThreadLocalRunnable.run(FastThreadLocalRunnable.java:30)
	at java.base/java.lang.Thread.run(Thread.java:832)
20:20:20.263 [AsyncHttpClient-1-10] DEBUG org.asynchttpclient.netty.channel.ChannelManager - Closing Channel [id: 0x660b0247, L:/127.0.0.1:55404 - R:localhost/127.0.0.1:55397] 
20:20:20.263 [AsyncHttpClient-1-10] DEBUG org.asynchttpclient.netty.handler.HttpHandler - Channel Closed: [id: 0x660b0247, L:/127.0.0.1:55404 ! R:localhost/127.0.0.1:55397] with attribute DISCARD
20:20:20.271 [AsyncHttpClient-1-9] DEBUG org.asynchttpclient.netty.handler.HttpHandler - 

Request DefaultFullHttpRequest(decodeResult: success, version: HTTP/1.1, content: EmptyByteBufBE)
DELETE /session/5bf8fdb758c0978b5646d533ad921f47 HTTP/1.1
User-Agent: selenium/4.8.1 (java windows)
Content-Type: application/json; charset=utf-8
host: localhost:25913
accept: */*

Response DefaultHttpResponse(decodeResult: success, version: HTTP/1.1)
HTTP/1.1 200 OK
Content-Length: 14
Content-Type: application/json; charset=utf-8
cache-control: no-cache

20:20:20.271 [AsyncHttpClient-1-9] DEBUG org.asynchttpclient.netty.channel.ChannelManager - Adding key: http://localhost:25913 for channel [id: 0x04290d6d, L:/127.0.0.1:55395 - R:localhost/127.0.0.1:25913]
20:20:20.382 [AsyncHttpClient-1-9] DEBUG org.asynchttpclient.netty.handler.HttpHandler - Channel Closed: [id: 0x04290d6d, L:/127.0.0.1:55395 ! R:localhost/127.0.0.1:25913] with attribute DISCARD
]]></system-out>
    <system-err><![CDATA[Starting ChromeDriver 111.0.5563.64 (c710e93d5b63b7095afe8c2c17df34408078439d-refs/branch-heads/5563@{#995}) on port 25913
Only local connections are allowed.
Please see https://chromedriver.chromium.org/security-considerations for suggestions on keeping ChromeDriver safe.
ChromeDriver was started successfully.
[1683379216.747][WARNING]: This version of ChromeDriver has not been tested with Chrome version 112.
May 06, 2023 8:20:16 PM org.openqa.selenium.devtools.CdpVersionFinder findNearestMatch
WARNING: Unable to find an exact match for CDP version 112, so returning the closest version found: 110
]]></system-err>
  </testcase>
  <testcase name="View transaction without login" classname="Transaction" time="3.972">
    <system-out><![CDATA[
Scenario: View transaction without login &amp#27;[90m# src/test/resources/features/5. Transaction.feature:13&amp#27;[0m
20:20:20.914 [main] DEBUG io.cucumber.core.plugin.SerenityReporter - Running feature from file:///C:/Users/WINDOWS%2010/Documents/GitHub/MiniProject_QE/Web/code/minpro/src/test/resources/features/5.%20Transaction.feature
20:20:20.917 [main] INFO  - 
  _____   ___   ___   _____     ___   _____     _     ___   _____   ___   ___  
 |_   _| | __| / __| |_   _|   / __| |_   _|   /_\   | _ \ |_   _| | __| |   \ 
   | |   | _|  \__ \   | |     \__ \   | |    / _ \  |   /   | |   | _|  | |) |
   |_|   |___| |___/   |_|     |___/   |_|   /_/ \_\ |_|_\   |_|   |___| |___/ 

View transaction without login(transaction;view-transaction-without-login)
--------------------------------------------------------------------------------
20:20:20.962 [main] DEBUG net.thucydides.core.steps.StepInterceptor - STARTING STEP: CategorySteps.goToHomePage - openPage
20:20:21.013 [main] INFO net.serenitybdd.core.webdriver.driverproviders.ChromeDriverProvider - Starting Chrome driver instance with capabilities:
20:20:21.014 [main] INFO net.serenitybdd.core.webdriver.driverproviders.ChromeDriverProvider - Capabilities {acceptInsecureCerts: false, browserName: chrome, goog:chromeOptions: {args: [remote-allow-origins=*], extensions: []}}
20:20:21.086 [AsyncHttpClient-1-12] DEBUG org.asynchttpclient.netty.channel.NettyConnectListener - Using new Channel '[id: 0xa7f6516c, L:/127.0.0.1:55424 - R:localhost/127.0.0.1:12843]' for 'POST' to '/session'
20:20:21.253 [AsyncHttpClient-1-1] DEBUG org.asynchttpclient.netty.channel.DefaultChannelPool - Entry count for : http://localhost:55397 : 1
20:20:21.253 [AsyncHttpClient-1-1] DEBUG org.asynchttpclient.netty.channel.DefaultChannelPool - Entry count for : http://localhost:25913 : 1
20:20:21.253 [AsyncHttpClient-1-1] DEBUG org.asynchttpclient.netty.channel.DefaultChannelPool - Adding Candidate expired Channel [id: 0x660b0247, L:/127.0.0.1:55404 ! R:localhost/127.0.0.1:55397] isIdleTimeoutExpired=false isRemotelyClosed=true isTtlExpired=false
20:20:21.253 [AsyncHttpClient-1-1] DEBUG org.asynchttpclient.netty.channel.DefaultChannelPool - Closing Idle Channel [id: 0x660b0247, L:/127.0.0.1:55404 ! R:localhost/127.0.0.1:55397]
20:20:21.253 [AsyncHttpClient-1-1] DEBUG org.asynchttpclient.netty.channel.DefaultChannelPool - Adding Candidate expired Channel [id: 0x04290d6d, L:/127.0.0.1:55395 ! R:localhost/127.0.0.1:25913] isIdleTimeoutExpired=false isRemotelyClosed=true isTtlExpired=false
20:20:21.253 [AsyncHttpClient-1-1] DEBUG org.asynchttpclient.netty.channel.DefaultChannelPool - Closing Idle Channel [id: 0x04290d6d, L:/127.0.0.1:55395 ! R:localhost/127.0.0.1:25913]
20:20:21.253 [AsyncHttpClient-1-1] DEBUG org.asynchttpclient.netty.channel.DefaultChannelPool - Closed 2 connections out of 2 in 0 ms
20:20:21.701 [AsyncHttpClient-1-12] DEBUG org.asynchttpclient.netty.handler.HttpHandler - 

Request DefaultHttpRequest(decodeResult: success, version: HTTP/1.1)
POST /session HTTP/1.1
User-Agent: selenium/4.8.1 (java windows)
Content-Length: 507
Content-Type: application/json; charset=utf-8
host: localhost:12843
accept: */*

Response DefaultHttpResponse(decodeResult: success, version: HTTP/1.1)
HTTP/1.1 200 OK
Content-Length: 863
Content-Type: application/json; charset=utf-8
cache-control: no-cache

20:20:21.701 [AsyncHttpClient-1-12] DEBUG org.asynchttpclient.netty.channel.ChannelManager - Adding key: http://localhost:12843 for channel [id: 0xa7f6516c, L:/127.0.0.1:55424 - R:localhost/127.0.0.1:12843]
20:20:21.704 [AsyncHttpClient-1-13] DEBUG org.asynchttpclient.netty.channel.NettyConnectListener - Using new Channel '[id: 0x2088809e, L:/127.0.0.1:55432 - R:localhost/127.0.0.1:55425]' for 'GET' to '/json/version'
20:20:21.705 [AsyncHttpClient-1-13] DEBUG org.asynchttpclient.netty.handler.HttpHandler - 

Request DefaultFullHttpRequest(decodeResult: success, version: HTTP/1.1, content: EmptyByteBufBE)
GET /json/version HTTP/1.1
User-Agent: selenium/4.8.1 (java windows)
host: localhost:55425
accept: */*

Response DefaultHttpResponse(decodeResult: success, version: HTTP/1.1)
HTTP/1.1 200 OK
Content-Security-Policy: frame-ancestors 'none'
Content-Length: 424
Content-Type: application/json; charset=UTF-8

20:20:21.705 [AsyncHttpClient-1-13] DEBUG org.asynchttpclient.netty.channel.ChannelManager - Adding key: http://localhost:55425 for channel [id: 0x2088809e, L:/127.0.0.1:55432 - R:localhost/127.0.0.1:55425]
20:20:21.706 [AsyncHttpClient-1-14] DEBUG org.asynchttpclient.netty.channel.NettyConnectListener - Using new Channel '[id: 0x28af70fb, L:/127.0.0.1:55433 - R:localhost/127.0.0.1:55425]' for 'GET' to '/devtools/browser/2a1b2275-97e0-428f-b59f-fe342ccb00c5'
20:20:21.707 [AsyncHttpClient-1-14] DEBUG org.asynchttpclient.netty.handler.WebSocketHandler - 

Request DefaultFullHttpRequest(decodeResult: success, version: HTTP/1.1, content: EmptyByteBufBE)
GET /devtools/browser/2a1b2275-97e0-428f-b59f-fe342ccb00c5 HTTP/1.1
upgrade: websocket
connection: upgrade
sec-websocket-key: 9NgPoUbfUSN7eevWcOaLQw==
sec-websocket-version: 13
origin: http://localhost:55425
host: localhost:55425
accept: */*
user-agent: AHC/2.1

Response DefaultHttpResponse(decodeResult: success, version: HTTP/1.1)
HTTP/1.1 101 WebSocket Protocol Handshake
Upgrade: WebSocket
Connection: Upgrade
Sec-WebSocket-Accept: ecJaZldWQlHolm7rShE0WJQDjs4=

20:20:21.709 [Forwarding get on session fc57ed6f00fa8bbfcbb81cf754a55600 to remote] DEBUG org.asynchttpclient.netty.request.NettyRequestSender - Using pooled Channel '[id: 0xa7f6516c, L:/127.0.0.1:55424 - R:localhost/127.0.0.1:12843]' for 'POST' to 'http://localhost:12843/session/fc57ed6f00fa8bbfcbb81cf754a55600/url'
20:20:21.709 [Forwarding get on session fc57ed6f00fa8bbfcbb81cf754a55600 to remote] DEBUG org.asynchttpclient.netty.request.NettyRequestSender - Using open Channel [id: 0xa7f6516c, L:/127.0.0.1:55424 - R:localhost/127.0.0.1:12843] for POST '/session/fc57ed6f00fa8bbfcbb81cf754a55600/url'
20:20:22.353 [AsyncHttpClient-1-1] DEBUG org.asynchttpclient.netty.channel.DefaultChannelPool - Entry count for : http://localhost:55425 : 1
20:20:23.338 [AsyncHttpClient-1-12] DEBUG org.asynchttpclient.netty.handler.HttpHandler - 

Request DefaultHttpRequest(decodeResult: success, version: HTTP/1.1)
POST /session/fc57ed6f00fa8bbfcbb81cf754a55600/url HTTP/1.1
User-Agent: selenium/4.8.1 (java windows)
Content-Length: 74
Content-Type: application/json; charset=utf-8
host: localhost:12843
accept: */*

Response DefaultHttpResponse(decodeResult: success, version: HTTP/1.1)
HTTP/1.1 200 OK
Content-Length: 14
Content-Type: application/json; charset=utf-8
cache-control: no-cache

20:20:23.339 [AsyncHttpClient-1-12] DEBUG org.asynchttpclient.netty.channel.ChannelManager - Adding key: http://localhost:12843 for channel [id: 0xa7f6516c, L:/127.0.0.1:55424 - R:localhost/127.0.0.1:12843]
20:20:23.339 [Forwarding setTimeout on session fc57ed6f00fa8bbfcbb81cf754a55600 to remote] DEBUG org.asynchttpclient.netty.request.NettyRequestSender - Using pooled Channel '[id: 0xa7f6516c, L:/127.0.0.1:55424 - R:localhost/127.0.0.1:12843]' for 'POST' to 'http://localhost:12843/session/fc57ed6f00fa8bbfcbb81cf754a55600/timeouts'
20:20:23.339 [Forwarding setTimeout on session fc57ed6f00fa8bbfcbb81cf754a55600 to remote] DEBUG org.asynchttpclient.netty.request.NettyRequestSender - Using open Channel [id: 0xa7f6516c, L:/127.0.0.1:55424 - R:localhost/127.0.0.1:12843] for POST '/session/fc57ed6f00fa8bbfcbb81cf754a55600/timeouts'
20:20:23.340 [AsyncHttpClient-1-12] DEBUG org.asynchttpclient.netty.handler.HttpHandler - 

Request DefaultHttpRequest(decodeResult: success, version: HTTP/1.1)
POST /session/fc57ed6f00fa8bbfcbb81cf754a55600/timeouts HTTP/1.1
User-Agent: selenium/4.8.1 (java windows)
Content-Length: 22
Content-Type: application/json; charset=utf-8
host: localhost:12843
accept: */*

Response DefaultHttpResponse(decodeResult: success, version: HTTP/1.1)
HTTP/1.1 200 OK
Content-Length: 14
Content-Type: application/json; charset=utf-8
cache-control: no-cache

20:20:23.340 [AsyncHttpClient-1-12] DEBUG org.asynchttpclient.netty.channel.ChannelManager - Adding key: http://localhost:12843 for channel [id: 0xa7f6516c, L:/127.0.0.1:55424 - R:localhost/127.0.0.1:12843]
20:20:23.344 [Forwarding getAlertText on session fc57ed6f00fa8bbfcbb81cf754a55600 to remote] DEBUG org.asynchttpclient.netty.request.NettyRequestSender - Using pooled Channel '[id: 0xa7f6516c, L:/127.0.0.1:55424 - R:localhost/127.0.0.1:12843]' for 'GET' to 'http://localhost:12843/session/fc57ed6f00fa8bbfcbb81cf754a55600/alert/text'
20:20:23.344 [Forwarding getAlertText on session fc57ed6f00fa8bbfcbb81cf754a55600 to remote] DEBUG org.asynchttpclient.netty.request.NettyRequestSender - Using open Channel [id: 0xa7f6516c, L:/127.0.0.1:55424 - R:localhost/127.0.0.1:12843] for GET '/session/fc57ed6f00fa8bbfcbb81cf754a55600/alert/text'
20:20:23.345 [AsyncHttpClient-1-12] DEBUG org.asynchttpclient.netty.handler.HttpHandler - 

Request DefaultFullHttpRequest(decodeResult: success, version: HTTP/1.1, content: EmptyByteBufBE)
GET /session/fc57ed6f00fa8bbfcbb81cf754a55600/alert/text HTTP/1.1
User-Agent: selenium/4.8.1 (java windows)
Cache-Control: no-cache
Content-Type: application/json; charset=utf-8
host: localhost:12843
accept: */*

Response DefaultHttpResponse(decodeResult: success, version: HTTP/1.1)
HTTP/1.1 404 Not Found
Content-Length: 836
Content-Type: application/json; charset=utf-8
cache-control: no-cache

20:20:23.345 [AsyncHttpClient-1-12] DEBUG org.asynchttpclient.netty.channel.ChannelManager - Adding key: http://localhost:12843 for channel [id: 0xa7f6516c, L:/127.0.0.1:55424 - R:localhost/127.0.0.1:12843]
20:20:23.346 [Forwarding getCurrentUrl on session fc57ed6f00fa8bbfcbb81cf754a55600 to remote] DEBUG org.asynchttpclient.netty.request.NettyRequestSender - Using pooled Channel '[id: 0xa7f6516c, L:/127.0.0.1:55424 - R:localhost/127.0.0.1:12843]' for 'GET' to 'http://localhost:12843/session/fc57ed6f00fa8bbfcbb81cf754a55600/url'
20:20:23.346 [Forwarding getCurrentUrl on session fc57ed6f00fa8bbfcbb81cf754a55600 to remote] DEBUG org.asynchttpclient.netty.request.NettyRequestSender - Using open Channel [id: 0xa7f6516c, L:/127.0.0.1:55424 - R:localhost/127.0.0.1:12843] for GET '/session/fc57ed6f00fa8bbfcbb81cf754a55600/url'
20:20:23.349 [AsyncHttpClient-1-12] DEBUG org.asynchttpclient.netty.handler.HttpHandler - 

Request DefaultFullHttpRequest(decodeResult: success, version: HTTP/1.1, content: EmptyByteBufBE)
GET /session/fc57ed6f00fa8bbfcbb81cf754a55600/url HTTP/1.1
User-Agent: selenium/4.8.1 (java windows)
Cache-Control: no-cache
Content-Type: application/json; charset=utf-8
host: localhost:12843
accept: */*

Response DefaultHttpResponse(decodeResult: success, version: HTTP/1.1)
HTTP/1.1 200 OK
Content-Length: 51
Content-Type: application/json; charset=utf-8
cache-control: no-cache

20:20:23.350 [AsyncHttpClient-1-12] DEBUG org.asynchttpclient.netty.channel.ChannelManager - Adding key: http://localhost:12843 for channel [id: 0xa7f6516c, L:/127.0.0.1:55424 - R:localhost/127.0.0.1:12843]
20:20:23.350 [Forwarding screenshot on session fc57ed6f00fa8bbfcbb81cf754a55600 to remote] DEBUG org.asynchttpclient.netty.request.NettyRequestSender - Using pooled Channel '[id: 0xa7f6516c, L:/127.0.0.1:55424 - R:localhost/127.0.0.1:12843]' for 'GET' to 'http://localhost:12843/session/fc57ed6f00fa8bbfcbb81cf754a55600/screenshot'
20:20:23.350 [Forwarding screenshot on session fc57ed6f00fa8bbfcbb81cf754a55600 to remote] DEBUG org.asynchttpclient.netty.request.NettyRequestSender - Using open Channel [id: 0xa7f6516c, L:/127.0.0.1:55424 - R:localhost/127.0.0.1:12843] for GET '/session/fc57ed6f00fa8bbfcbb81cf754a55600/screenshot'
20:20:23.434 [AsyncHttpClient-1-12] DEBUG org.asynchttpclient.netty.handler.HttpHandler - 

Request DefaultFullHttpRequest(decodeResult: success, version: HTTP/1.1, content: EmptyByteBufBE)
GET /session/fc57ed6f00fa8bbfcbb81cf754a55600/screenshot HTTP/1.1
User-Agent: selenium/4.8.1 (java windows)
Cache-Control: no-cache
Content-Type: application/json; charset=utf-8
host: localhost:12843
accept: */*

Response DefaultHttpResponse(decodeResult: success, version: HTTP/1.1)
HTTP/1.1 200 OK
Content-Length: 25208
Content-Type: application/json; charset=utf-8
cache-control: no-cache

20:20:23.434 [AsyncHttpClient-1-12] DEBUG org.asynchttpclient.netty.channel.ChannelManager - Adding key: http://localhost:12843 for channel [id: 0xa7f6516c, L:/127.0.0.1:55424 - R:localhost/127.0.0.1:12843]
20:20:23.436 [main] DEBUG net.serenitybdd.core.photography.Darkroom - Send negative for processing for target\site\serenity\edb14d4aab401efa0e4fb99861e6ffcafebc86a67b69f7828890b9910ed2ddbd.png
20:20:23.436 [main] DEBUG net.thucydides.core.steps.StepInterceptor - STEP DONE: openPage
20:20:23.444 [Forwarding getPageSource on session fc57ed6f00fa8bbfcbb81cf754a55600 to remote] DEBUG org.asynchttpclient.netty.request.NettyRequestSender - Using pooled Channel '[id: 0xa7f6516c, L:/127.0.0.1:55424 - R:localhost/127.0.0.1:12843]' for 'POST' to 'http://localhost:12843/session/fc57ed6f00fa8bbfcbb81cf754a55600/execute/sync'
20:20:23.444 [Forwarding getPageSource on session fc57ed6f00fa8bbfcbb81cf754a55600 to remote] DEBUG org.asynchttpclient.netty.request.NettyRequestSender - Using open Channel [id: 0xa7f6516c, L:/127.0.0.1:55424 - R:localhost/127.0.0.1:12843] for POST '/session/fc57ed6f00fa8bbfcbb81cf754a55600/execute/sync'
20:20:23.449 [AsyncHttpClient-1-12] DEBUG org.asynchttpclient.netty.handler.HttpHandler - 

Request DefaultHttpRequest(decodeResult: success, version: HTTP/1.1)
POST /session/fc57ed6f00fa8bbfcbb81cf754a55600/execute/sync HTTP/1.1
User-Agent: selenium/4.8.1 (java windows)
Content-Length: 176
Content-Type: application/json; charset=utf-8
host: localhost:12843
accept: */*

Response DefaultHttpResponse(decodeResult: success, version: HTTP/1.1)
HTTP/1.1 200 OK
Content-Length: 21659
Content-Type: application/json; charset=utf-8
cache-control: no-cache

20:20:23.449 [AsyncHttpClient-1-12] DEBUG org.asynchttpclient.netty.channel.ChannelManager - Adding key: http://localhost:12843 for channel [id: 0xa7f6516c, L:/127.0.0.1:55424 - R:localhost/127.0.0.1:12843]
20:20:23.452 [Forwarding getCurrentUrl on session fc57ed6f00fa8bbfcbb81cf754a55600 to remote] DEBUG org.asynchttpclient.netty.request.NettyRequestSender - Using pooled Channel '[id: 0xa7f6516c, L:/127.0.0.1:55424 - R:localhost/127.0.0.1:12843]' for 'GET' to 'http://localhost:12843/session/fc57ed6f00fa8bbfcbb81cf754a55600/url'
20:20:23.452 [Forwarding getCurrentUrl on session fc57ed6f00fa8bbfcbb81cf754a55600 to remote] DEBUG org.asynchttpclient.netty.request.NettyRequestSender - Using open Channel [id: 0xa7f6516c, L:/127.0.0.1:55424 - R:localhost/127.0.0.1:12843] for GET '/session/fc57ed6f00fa8bbfcbb81cf754a55600/url'
20:20:23.455 [AsyncHttpClient-1-1] DEBUG org.asynchttpclient.netty.channel.DefaultChannelPool - Entry count for : http://localhost:55425 : 1
20:20:23.455 [AsyncHttpClient-1-12] DEBUG org.asynchttpclient.netty.handler.HttpHandler - 

Request DefaultFullHttpRequest(decodeResult: success, version: HTTP/1.1, content: EmptyByteBufBE)
GET /session/fc57ed6f00fa8bbfcbb81cf754a55600/url HTTP/1.1
User-Agent: selenium/4.8.1 (java windows)
Cache-Control: no-cache
Content-Type: application/json; charset=utf-8
host: localhost:12843
accept: */*

Response DefaultHttpResponse(decodeResult: success, version: HTTP/1.1)
HTTP/1.1 200 OK
Content-Length: 51
Content-Type: application/json; charset=utf-8
cache-control: no-cache

20:20:23.455 [AsyncHttpClient-1-12] DEBUG org.asynchttpclient.netty.channel.ChannelManager - Adding key: http://localhost:12843 for channel [id: 0xa7f6516c, L:/127.0.0.1:55424 - R:localhost/127.0.0.1:12843]
20:20:23.458 [main] DEBUG net.thucydides.core.steps.StepInterceptor - STARTING STEP: CategorySteps.goToHomePage - clickToolbarTitle
20:20:23.461 [Forwarding findElement on session fc57ed6f00fa8bbfcbb81cf754a55600 to remote] DEBUG org.asynchttpclient.netty.request.NettyRequestSender - Using pooled Channel '[id: 0xa7f6516c, L:/127.0.0.1:55424 - R:localhost/127.0.0.1:12843]' for 'POST' to 'http://localhost:12843/session/fc57ed6f00fa8bbfcbb81cf754a55600/element'
20:20:23.461 [Forwarding findElement on session fc57ed6f00fa8bbfcbb81cf754a55600 to remote] DEBUG org.asynchttpclient.netty.request.NettyRequestSender - Using open Channel [id: 0xa7f6516c, L:/127.0.0.1:55424 - R:localhost/127.0.0.1:12843] for POST '/session/fc57ed6f00fa8bbfcbb81cf754a55600/element'
20:20:23.471 [AsyncHttpClient-1-12] DEBUG org.asynchttpclient.netty.handler.HttpHandler - 

Request DefaultHttpRequest(decodeResult: success, version: HTTP/1.1)
POST /session/fc57ed6f00fa8bbfcbb81cf754a55600/element HTTP/1.1
User-Agent: selenium/4.8.1 (java windows)
Content-Length: 63
Content-Type: application/json; charset=utf-8
host: localhost:12843
accept: */*

Response DefaultHttpResponse(decodeResult: success, version: HTTP/1.1)
HTTP/1.1 200 OK
Content-Length: 88
Content-Type: application/json; charset=utf-8
cache-control: no-cache

20:20:23.471 [AsyncHttpClient-1-12] DEBUG org.asynchttpclient.netty.channel.ChannelManager - Adding key: http://localhost:12843 for channel [id: 0xa7f6516c, L:/127.0.0.1:55424 - R:localhost/127.0.0.1:12843]
20:20:23.472 [Forwarding getElementTagName on session fc57ed6f00fa8bbfcbb81cf754a55600 to remote] DEBUG org.asynchttpclient.netty.request.NettyRequestSender - Using pooled Channel '[id: 0xa7f6516c, L:/127.0.0.1:55424 - R:localhost/127.0.0.1:12843]' for 'GET' to 'http://localhost:12843/session/fc57ed6f00fa8bbfcbb81cf754a55600/element/1c8f428a-4710-49b3-90be-d2d80db24ee1/name'
20:20:23.472 [Forwarding getElementTagName on session fc57ed6f00fa8bbfcbb81cf754a55600 to remote] DEBUG org.asynchttpclient.netty.request.NettyRequestSender - Using open Channel [id: 0xa7f6516c, L:/127.0.0.1:55424 - R:localhost/127.0.0.1:12843] for GET '/session/fc57ed6f00fa8bbfcbb81cf754a55600/element/1c8f428a-4710-49b3-90be-d2d80db24ee1/name'
20:20:23.476 [AsyncHttpClient-1-12] DEBUG org.asynchttpclient.netty.handler.HttpHandler - 

Request DefaultFullHttpRequest(decodeResult: success, version: HTTP/1.1, content: EmptyByteBufBE)
GET /session/fc57ed6f00fa8bbfcbb81cf754a55600/element/1c8f428a-4710-49b3-90be-d2d80db24ee1/name HTTP/1.1
User-Agent: selenium/4.8.1 (java windows)
Cache-Control: no-cache
Content-Type: application/json; charset=utf-8
host: localhost:12843
accept: */*

Response DefaultHttpResponse(decodeResult: success, version: HTTP/1.1)
HTTP/1.1 200 OK
Content-Length: 15
Content-Type: application/json; charset=utf-8
cache-control: no-cache

20:20:23.476 [AsyncHttpClient-1-12] DEBUG org.asynchttpclient.netty.channel.ChannelManager - Adding key: http://localhost:12843 for channel [id: 0xa7f6516c, L:/127.0.0.1:55424 - R:localhost/127.0.0.1:12843]
20:20:23.477 [Forwarding getElementTagName on session fc57ed6f00fa8bbfcbb81cf754a55600 to remote] DEBUG org.asynchttpclient.netty.request.NettyRequestSender - Using pooled Channel '[id: 0xa7f6516c, L:/127.0.0.1:55424 - R:localhost/127.0.0.1:12843]' for 'GET' to 'http://localhost:12843/session/fc57ed6f00fa8bbfcbb81cf754a55600/element/1c8f428a-4710-49b3-90be-d2d80db24ee1/name'
20:20:23.477 [Forwarding getElementTagName on session fc57ed6f00fa8bbfcbb81cf754a55600 to remote] DEBUG org.asynchttpclient.netty.request.NettyRequestSender - Using open Channel [id: 0xa7f6516c, L:/127.0.0.1:55424 - R:localhost/127.0.0.1:12843] for GET '/session/fc57ed6f00fa8bbfcbb81cf754a55600/element/1c8f428a-4710-49b3-90be-d2d80db24ee1/name'
20:20:23.480 [AsyncHttpClient-1-12] DEBUG org.asynchttpclient.netty.handler.HttpHandler - 

Request DefaultFullHttpRequest(decodeResult: success, version: HTTP/1.1, content: EmptyByteBufBE)
GET /session/fc57ed6f00fa8bbfcbb81cf754a55600/element/1c8f428a-4710-49b3-90be-d2d80db24ee1/name HTTP/1.1
User-Agent: selenium/4.8.1 (java windows)
Cache-Control: no-cache
Content-Type: application/json; charset=utf-8
host: localhost:12843
accept: */*

Response DefaultHttpResponse(decodeResult: success, version: HTTP/1.1)
HTTP/1.1 200 OK
Content-Length: 15
Content-Type: application/json; charset=utf-8
cache-control: no-cache

20:20:23.481 [AsyncHttpClient-1-12] DEBUG org.asynchttpclient.netty.channel.ChannelManager - Adding key: http://localhost:12843 for channel [id: 0xa7f6516c, L:/127.0.0.1:55424 - R:localhost/127.0.0.1:12843]
20:20:23.482 [Forwarding findElement on session fc57ed6f00fa8bbfcbb81cf754a55600 to remote] DEBUG org.asynchttpclient.netty.request.NettyRequestSender - Using pooled Channel '[id: 0xa7f6516c, L:/127.0.0.1:55424 - R:localhost/127.0.0.1:12843]' for 'POST' to 'http://localhost:12843/session/fc57ed6f00fa8bbfcbb81cf754a55600/element'
20:20:23.482 [Forwarding findElement on session fc57ed6f00fa8bbfcbb81cf754a55600 to remote] DEBUG org.asynchttpclient.netty.request.NettyRequestSender - Using open Channel [id: 0xa7f6516c, L:/127.0.0.1:55424 - R:localhost/127.0.0.1:12843] for POST '/session/fc57ed6f00fa8bbfcbb81cf754a55600/element'
20:20:23.488 [AsyncHttpClient-1-12] DEBUG org.asynchttpclient.netty.handler.HttpHandler - 

Request DefaultHttpRequest(decodeResult: success, version: HTTP/1.1)
POST /session/fc57ed6f00fa8bbfcbb81cf754a55600/element HTTP/1.1
User-Agent: selenium/4.8.1 (java windows)
Content-Length: 63
Content-Type: application/json; charset=utf-8
host: localhost:12843
accept: */*

Response DefaultHttpResponse(decodeResult: success, version: HTTP/1.1)
HTTP/1.1 200 OK
Content-Length: 88
Content-Type: application/json; charset=utf-8
cache-control: no-cache

20:20:23.488 [AsyncHttpClient-1-12] DEBUG org.asynchttpclient.netty.channel.ChannelManager - Adding key: http://localhost:12843 for channel [id: 0xa7f6516c, L:/127.0.0.1:55424 - R:localhost/127.0.0.1:12843]
20:20:23.489 [Forwarding clickElement on session fc57ed6f00fa8bbfcbb81cf754a55600 to remote] DEBUG org.asynchttpclient.netty.request.NettyRequestSender - Using pooled Channel '[id: 0xa7f6516c, L:/127.0.0.1:55424 - R:localhost/127.0.0.1:12843]' for 'POST' to 'http://localhost:12843/session/fc57ed6f00fa8bbfcbb81cf754a55600/element/1c8f428a-4710-49b3-90be-d2d80db24ee1/click'
20:20:23.489 [Forwarding clickElement on session fc57ed6f00fa8bbfcbb81cf754a55600 to remote] DEBUG org.asynchttpclient.netty.request.NettyRequestSender - Using open Channel [id: 0xa7f6516c, L:/127.0.0.1:55424 - R:localhost/127.0.0.1:12843] for POST '/session/fc57ed6f00fa8bbfcbb81cf754a55600/element/1c8f428a-4710-49b3-90be-d2d80db24ee1/click'
20:20:23.550 [AsyncHttpClient-1-12] DEBUG org.asynchttpclient.netty.handler.HttpHandler - 

Request DefaultHttpRequest(decodeResult: success, version: HTTP/1.1)
POST /session/fc57ed6f00fa8bbfcbb81cf754a55600/element/1c8f428a-4710-49b3-90be-d2d80db24ee1/click HTTP/1.1
User-Agent: selenium/4.8.1 (java windows)
Content-Length: 50
Content-Type: application/json; charset=utf-8
host: localhost:12843
accept: */*

Response DefaultHttpResponse(decodeResult: success, version: HTTP/1.1)
HTTP/1.1 200 OK
Content-Length: 14
Content-Type: application/json; charset=utf-8
cache-control: no-cache

20:20:23.550 [AsyncHttpClient-1-12] DEBUG org.asynchttpclient.netty.channel.ChannelManager - Adding key: http://localhost:12843 for channel [id: 0xa7f6516c, L:/127.0.0.1:55424 - R:localhost/127.0.0.1:12843]
20:20:23.557 [Forwarding getAlertText on session fc57ed6f00fa8bbfcbb81cf754a55600 to remote] DEBUG org.asynchttpclient.netty.request.NettyRequestSender - Using pooled Channel '[id: 0xa7f6516c, L:/127.0.0.1:55424 - R:localhost/127.0.0.1:12843]' for 'GET' to 'http://localhost:12843/session/fc57ed6f00fa8bbfcbb81cf754a55600/alert/text'
20:20:23.557 [Forwarding getAlertText on session fc57ed6f00fa8bbfcbb81cf754a55600 to remote] DEBUG org.asynchttpclient.netty.request.NettyRequestSender - Using open Channel [id: 0xa7f6516c, L:/127.0.0.1:55424 - R:localhost/127.0.0.1:12843] for GET '/session/fc57ed6f00fa8bbfcbb81cf754a55600/alert/text'
20:20:23.558 [AsyncHttpClient-1-12] DEBUG org.asynchttpclient.netty.handler.HttpHandler - 

Request DefaultFullHttpRequest(decodeResult: success, version: HTTP/1.1, content: EmptyByteBufBE)
GET /session/fc57ed6f00fa8bbfcbb81cf754a55600/alert/text HTTP/1.1
User-Agent: selenium/4.8.1 (java windows)
Cache-Control: no-cache
Content-Type: application/json; charset=utf-8
host: localhost:12843
accept: */*

Response DefaultHttpResponse(decodeResult: success, version: HTTP/1.1)
HTTP/1.1 404 Not Found
Content-Length: 836
Content-Type: application/json; charset=utf-8
cache-control: no-cache

20:20:23.558 [AsyncHttpClient-1-12] DEBUG org.asynchttpclient.netty.channel.ChannelManager - Adding key: http://localhost:12843 for channel [id: 0xa7f6516c, L:/127.0.0.1:55424 - R:localhost/127.0.0.1:12843]
20:20:23.559 [Forwarding getCurrentUrl on session fc57ed6f00fa8bbfcbb81cf754a55600 to remote] DEBUG org.asynchttpclient.netty.request.NettyRequestSender - Using pooled Channel '[id: 0xa7f6516c, L:/127.0.0.1:55424 - R:localhost/127.0.0.1:12843]' for 'GET' to 'http://localhost:12843/session/fc57ed6f00fa8bbfcbb81cf754a55600/url'
20:20:23.559 [Forwarding getCurrentUrl on session fc57ed6f00fa8bbfcbb81cf754a55600 to remote] DEBUG org.asynchttpclient.netty.request.NettyRequestSender - Using open Channel [id: 0xa7f6516c, L:/127.0.0.1:55424 - R:localhost/127.0.0.1:12843] for GET '/session/fc57ed6f00fa8bbfcbb81cf754a55600/url'
20:20:23.563 [AsyncHttpClient-1-12] DEBUG org.asynchttpclient.netty.handler.HttpHandler - 

Request DefaultFullHttpRequest(decodeResult: success, version: HTTP/1.1, content: EmptyByteBufBE)
GET /session/fc57ed6f00fa8bbfcbb81cf754a55600/url HTTP/1.1
User-Agent: selenium/4.8.1 (java windows)
Cache-Control: no-cache
Content-Type: application/json; charset=utf-8
host: localhost:12843
accept: */*

Response DefaultHttpResponse(decodeResult: success, version: HTTP/1.1)
HTTP/1.1 200 OK
Content-Length: 41
Content-Type: application/json; charset=utf-8
cache-control: no-cache

20:20:23.563 [AsyncHttpClient-1-12] DEBUG org.asynchttpclient.netty.channel.ChannelManager - Adding key: http://localhost:12843 for channel [id: 0xa7f6516c, L:/127.0.0.1:55424 - R:localhost/127.0.0.1:12843]
20:20:23.564 [Forwarding screenshot on session fc57ed6f00fa8bbfcbb81cf754a55600 to remote] DEBUG org.asynchttpclient.netty.request.NettyRequestSender - Using pooled Channel '[id: 0xa7f6516c, L:/127.0.0.1:55424 - R:localhost/127.0.0.1:12843]' for 'GET' to 'http://localhost:12843/session/fc57ed6f00fa8bbfcbb81cf754a55600/screenshot'
20:20:23.564 [Forwarding screenshot on session fc57ed6f00fa8bbfcbb81cf754a55600 to remote] DEBUG org.asynchttpclient.netty.request.NettyRequestSender - Using open Channel [id: 0xa7f6516c, L:/127.0.0.1:55424 - R:localhost/127.0.0.1:12843] for GET '/session/fc57ed6f00fa8bbfcbb81cf754a55600/screenshot'
20:20:23.821 [AsyncHttpClient-1-12] DEBUG org.asynchttpclient.netty.handler.HttpHandler - 

Request DefaultFullHttpRequest(decodeResult: success, version: HTTP/1.1, content: EmptyByteBufBE)
GET /session/fc57ed6f00fa8bbfcbb81cf754a55600/screenshot HTTP/1.1
User-Agent: selenium/4.8.1 (java windows)
Cache-Control: no-cache
Content-Type: application/json; charset=utf-8
host: localhost:12843
accept: */*

Response DefaultHttpResponse(decodeResult: success, version: HTTP/1.1)
HTTP/1.1 200 OK
Content-Length: 29508
Content-Type: application/json; charset=utf-8
cache-control: no-cache

20:20:23.821 [AsyncHttpClient-1-12] DEBUG org.asynchttpclient.netty.channel.ChannelManager - Adding key: http://localhost:12843 for channel [id: 0xa7f6516c, L:/127.0.0.1:55424 - R:localhost/127.0.0.1:12843]
20:20:23.822 [main] DEBUG net.serenitybdd.core.photography.Darkroom - Send negative for processing for target\site\serenity\d4bf60bef09185fbc3223ac6c85b7862db053454334c5b54bd9fa80a49090f4c.png
20:20:23.822 [main] DEBUG net.thucydides.core.steps.StepInterceptor - STEP DONE: clickToolbarTitle
  &amp#27;[32mGiven &amp#27;[0m&amp#27;[32mI go to the alta shop home page&amp#27;[0m  &amp#27;[90m# starter.stepdefinitions.CategorySteps.goToHomePage()&amp#27;[0m
20:20:23.823 [Darkroom Processing Line] DEBUG net.serenitybdd.core.photography.DarkroomProcessingLine - Processing screenshot image in /var/screenshots/screenshot-2376553547825442390
20:20:23.823 [Darkroom Processing Line] DEBUG net.serenitybdd.core.photography.DarkroomProcessingLine - Saving screenshot to target\site\serenity\d4bf60bef09185fbc3223ac6c85b7862db053454334c5b54bd9fa80a49090f4c.png
20:20:23.830 [Forwarding getPageSource on session fc57ed6f00fa8bbfcbb81cf754a55600 to remote] DEBUG org.asynchttpclient.netty.request.NettyRequestSender - Using pooled Channel '[id: 0xa7f6516c, L:/127.0.0.1:55424 - R:localhost/127.0.0.1:12843]' for 'POST' to 'http://localhost:12843/session/fc57ed6f00fa8bbfcbb81cf754a55600/execute/sync'
20:20:23.830 [Forwarding getPageSource on session fc57ed6f00fa8bbfcbb81cf754a55600 to remote] DEBUG org.asynchttpclient.netty.request.NettyRequestSender - Using open Channel [id: 0xa7f6516c, L:/127.0.0.1:55424 - R:localhost/127.0.0.1:12843] for POST '/session/fc57ed6f00fa8bbfcbb81cf754a55600/execute/sync'
20:20:23.835 [AsyncHttpClient-1-12] DEBUG org.asynchttpclient.netty.handler.HttpHandler - 

Request DefaultHttpRequest(decodeResult: success, version: HTTP/1.1)
POST /session/fc57ed6f00fa8bbfcbb81cf754a55600/execute/sync HTTP/1.1
User-Agent: selenium/4.8.1 (java windows)
Content-Length: 176
Content-Type: application/json; charset=utf-8
host: localhost:12843
accept: */*

Response DefaultHttpResponse(decodeResult: success, version: HTTP/1.1)
HTTP/1.1 200 OK
Content-Length: 28688
Content-Type: application/json; charset=utf-8
cache-control: no-cache

20:20:23.835 [AsyncHttpClient-1-12] DEBUG org.asynchttpclient.netty.channel.ChannelManager - Adding key: http://localhost:12843 for channel [id: 0xa7f6516c, L:/127.0.0.1:55424 - R:localhost/127.0.0.1:12843]
20:20:23.837 [Forwarding getCurrentUrl on session fc57ed6f00fa8bbfcbb81cf754a55600 to remote] DEBUG org.asynchttpclient.netty.request.NettyRequestSender - Using pooled Channel '[id: 0xa7f6516c, L:/127.0.0.1:55424 - R:localhost/127.0.0.1:12843]' for 'GET' to 'http://localhost:12843/session/fc57ed6f00fa8bbfcbb81cf754a55600/url'
20:20:23.837 [Forwarding getCurrentUrl on session fc57ed6f00fa8bbfcbb81cf754a55600 to remote] DEBUG org.asynchttpclient.netty.request.NettyRequestSender - Using open Channel [id: 0xa7f6516c, L:/127.0.0.1:55424 - R:localhost/127.0.0.1:12843] for GET '/session/fc57ed6f00fa8bbfcbb81cf754a55600/url'
20:20:23.839 [AsyncHttpClient-1-12] DEBUG org.asynchttpclient.netty.handler.HttpHandler - 

Request DefaultFullHttpRequest(decodeResult: success, version: HTTP/1.1, content: EmptyByteBufBE)
GET /session/fc57ed6f00fa8bbfcbb81cf754a55600/url HTTP/1.1
User-Agent: selenium/4.8.1 (java windows)
Cache-Control: no-cache
Content-Type: application/json; charset=utf-8
host: localhost:12843
accept: */*

Response DefaultHttpResponse(decodeResult: success, version: HTTP/1.1)
HTTP/1.1 200 OK
Content-Length: 41
Content-Type: application/json; charset=utf-8
cache-control: no-cache

20:20:23.839 [AsyncHttpClient-1-12] DEBUG org.asynchttpclient.netty.channel.ChannelManager - Adding key: http://localhost:12843 for channel [id: 0xa7f6516c, L:/127.0.0.1:55424 - R:localhost/127.0.0.1:12843]
20:20:23.863 [Forwarding getPageSource on session fc57ed6f00fa8bbfcbb81cf754a55600 to remote] DEBUG org.asynchttpclient.netty.request.NettyRequestSender - Using pooled Channel '[id: 0xa7f6516c, L:/127.0.0.1:55424 - R:localhost/127.0.0.1:12843]' for 'POST' to 'http://localhost:12843/session/fc57ed6f00fa8bbfcbb81cf754a55600/execute/sync'
20:20:23.863 [Forwarding getPageSource on session fc57ed6f00fa8bbfcbb81cf754a55600 to remote] DEBUG org.asynchttpclient.netty.request.NettyRequestSender - Using open Channel [id: 0xa7f6516c, L:/127.0.0.1:55424 - R:localhost/127.0.0.1:12843] for POST '/session/fc57ed6f00fa8bbfcbb81cf754a55600/execute/sync'
20:20:23.867 [AsyncHttpClient-1-12] DEBUG org.asynchttpclient.netty.handler.HttpHandler - 

Request DefaultHttpRequest(decodeResult: success, version: HTTP/1.1)
POST /session/fc57ed6f00fa8bbfcbb81cf754a55600/execute/sync HTTP/1.1
User-Agent: selenium/4.8.1 (java windows)
Content-Length: 176
Content-Type: application/json; charset=utf-8
host: localhost:12843
accept: */*

Response DefaultHttpResponse(decodeResult: success, version: HTTP/1.1)
HTTP/1.1 200 OK
Content-Length: 28688
Content-Type: application/json; charset=utf-8
cache-control: no-cache

20:20:23.867 [AsyncHttpClient-1-12] DEBUG org.asynchttpclient.netty.channel.ChannelManager - Adding key: http://localhost:12843 for channel [id: 0xa7f6516c, L:/127.0.0.1:55424 - R:localhost/127.0.0.1:12843]
20:20:23.869 [Forwarding getCurrentUrl on session fc57ed6f00fa8bbfcbb81cf754a55600 to remote] DEBUG org.asynchttpclient.netty.request.NettyRequestSender - Using pooled Channel '[id: 0xa7f6516c, L:/127.0.0.1:55424 - R:localhost/127.0.0.1:12843]' for 'GET' to 'http://localhost:12843/session/fc57ed6f00fa8bbfcbb81cf754a55600/url'
20:20:23.869 [Forwarding getCurrentUrl on session fc57ed6f00fa8bbfcbb81cf754a55600 to remote] DEBUG org.asynchttpclient.netty.request.NettyRequestSender - Using open Channel [id: 0xa7f6516c, L:/127.0.0.1:55424 - R:localhost/127.0.0.1:12843] for GET '/session/fc57ed6f00fa8bbfcbb81cf754a55600/url'
20:20:23.872 [AsyncHttpClient-1-12] DEBUG org.asynchttpclient.netty.handler.HttpHandler - 

Request DefaultFullHttpRequest(decodeResult: success, version: HTTP/1.1, content: EmptyByteBufBE)
GET /session/fc57ed6f00fa8bbfcbb81cf754a55600/url HTTP/1.1
User-Agent: selenium/4.8.1 (java windows)
Cache-Control: no-cache
Content-Type: application/json; charset=utf-8
host: localhost:12843
accept: */*

Response DefaultHttpResponse(decodeResult: success, version: HTTP/1.1)
HTTP/1.1 200 OK
Content-Length: 41
Content-Type: application/json; charset=utf-8
cache-control: no-cache

20:20:23.872 [AsyncHttpClient-1-12] DEBUG org.asynchttpclient.netty.channel.ChannelManager - Adding key: http://localhost:12843 for channel [id: 0xa7f6516c, L:/127.0.0.1:55424 - R:localhost/127.0.0.1:12843]
20:20:23.874 [main] DEBUG net.thucydides.core.steps.StepInterceptor - STARTING STEP: TransactionSteps.clickLoginIcon - clickLoginIcon
20:20:23.875 [Forwarding findElement on session fc57ed6f00fa8bbfcbb81cf754a55600 to remote] DEBUG org.asynchttpclient.netty.request.NettyRequestSender - Using pooled Channel '[id: 0xa7f6516c, L:/127.0.0.1:55424 - R:localhost/127.0.0.1:12843]' for 'POST' to 'http://localhost:12843/session/fc57ed6f00fa8bbfcbb81cf754a55600/element'
20:20:23.875 [Forwarding findElement on session fc57ed6f00fa8bbfcbb81cf754a55600 to remote] DEBUG org.asynchttpclient.netty.request.NettyRequestSender - Using open Channel [id: 0xa7f6516c, L:/127.0.0.1:55424 - R:localhost/127.0.0.1:12843] for POST '/session/fc57ed6f00fa8bbfcbb81cf754a55600/element'
20:20:23.884 [AsyncHttpClient-1-12] DEBUG org.asynchttpclient.netty.handler.HttpHandler - 

Request DefaultHttpRequest(decodeResult: success, version: HTTP/1.1)
POST /session/fc57ed6f00fa8bbfcbb81cf754a55600/element HTTP/1.1
User-Agent: selenium/4.8.1 (java windows)
Content-Length: 59
Content-Type: application/json; charset=utf-8
host: localhost:12843
accept: */*

Response DefaultHttpResponse(decodeResult: success, version: HTTP/1.1)
HTTP/1.1 200 OK
Content-Length: 88
Content-Type: application/json; charset=utf-8
cache-control: no-cache

20:20:23.884 [AsyncHttpClient-1-12] DEBUG org.asynchttpclient.netty.channel.ChannelManager - Adding key: http://localhost:12843 for channel [id: 0xa7f6516c, L:/127.0.0.1:55424 - R:localhost/127.0.0.1:12843]
20:20:23.885 [Forwarding getElementTagName on session fc57ed6f00fa8bbfcbb81cf754a55600 to remote] DEBUG org.asynchttpclient.netty.request.NettyRequestSender - Using pooled Channel '[id: 0xa7f6516c, L:/127.0.0.1:55424 - R:localhost/127.0.0.1:12843]' for 'GET' to 'http://localhost:12843/session/fc57ed6f00fa8bbfcbb81cf754a55600/element/7de4a46c-69f0-4173-9528-75a6f1d34a0c/name'
20:20:23.885 [Forwarding getElementTagName on session fc57ed6f00fa8bbfcbb81cf754a55600 to remote] DEBUG org.asynchttpclient.netty.request.NettyRequestSender - Using open Channel [id: 0xa7f6516c, L:/127.0.0.1:55424 - R:localhost/127.0.0.1:12843] for GET '/session/fc57ed6f00fa8bbfcbb81cf754a55600/element/7de4a46c-69f0-4173-9528-75a6f1d34a0c/name'
20:20:23.888 [AsyncHttpClient-1-12] DEBUG org.asynchttpclient.netty.handler.HttpHandler - 

Request DefaultFullHttpRequest(decodeResult: success, version: HTTP/1.1, content: EmptyByteBufBE)
GET /session/fc57ed6f00fa8bbfcbb81cf754a55600/element/7de4a46c-69f0-4173-9528-75a6f1d34a0c/name HTTP/1.1
User-Agent: selenium/4.8.1 (java windows)
Cache-Control: no-cache
Content-Type: application/json; charset=utf-8
host: localhost:12843
accept: */*

Response DefaultHttpResponse(decodeResult: success, version: HTTP/1.1)
HTTP/1.1 200 OK
Content-Length: 13
Content-Type: application/json; charset=utf-8
cache-control: no-cache

20:20:23.888 [AsyncHttpClient-1-12] DEBUG org.asynchttpclient.netty.channel.ChannelManager - Adding key: http://localhost:12843 for channel [id: 0xa7f6516c, L:/127.0.0.1:55424 - R:localhost/127.0.0.1:12843]
20:20:23.888 [Forwarding getElementTagName on session fc57ed6f00fa8bbfcbb81cf754a55600 to remote] DEBUG org.asynchttpclient.netty.request.NettyRequestSender - Using pooled Channel '[id: 0xa7f6516c, L:/127.0.0.1:55424 - R:localhost/127.0.0.1:12843]' for 'GET' to 'http://localhost:12843/session/fc57ed6f00fa8bbfcbb81cf754a55600/element/7de4a46c-69f0-4173-9528-75a6f1d34a0c/name'
20:20:23.888 [Forwarding getElementTagName on session fc57ed6f00fa8bbfcbb81cf754a55600 to remote] DEBUG org.asynchttpclient.netty.request.NettyRequestSender - Using open Channel [id: 0xa7f6516c, L:/127.0.0.1:55424 - R:localhost/127.0.0.1:12843] for GET '/session/fc57ed6f00fa8bbfcbb81cf754a55600/element/7de4a46c-69f0-4173-9528-75a6f1d34a0c/name'
20:20:23.891 [AsyncHttpClient-1-12] DEBUG org.asynchttpclient.netty.handler.HttpHandler - 

Request DefaultFullHttpRequest(decodeResult: success, version: HTTP/1.1, content: EmptyByteBufBE)
GET /session/fc57ed6f00fa8bbfcbb81cf754a55600/element/7de4a46c-69f0-4173-9528-75a6f1d34a0c/name HTTP/1.1
User-Agent: selenium/4.8.1 (java windows)
Cache-Control: no-cache
Content-Type: application/json; charset=utf-8
host: localhost:12843
accept: */*

Response DefaultHttpResponse(decodeResult: success, version: HTTP/1.1)
HTTP/1.1 200 OK
Content-Length: 13
Content-Type: application/json; charset=utf-8
cache-control: no-cache

20:20:23.891 [AsyncHttpClient-1-12] DEBUG org.asynchttpclient.netty.channel.ChannelManager - Adding key: http://localhost:12843 for channel [id: 0xa7f6516c, L:/127.0.0.1:55424 - R:localhost/127.0.0.1:12843]
20:20:23.892 [Forwarding findElement on session fc57ed6f00fa8bbfcbb81cf754a55600 to remote] DEBUG org.asynchttpclient.netty.request.NettyRequestSender - Using pooled Channel '[id: 0xa7f6516c, L:/127.0.0.1:55424 - R:localhost/127.0.0.1:12843]' for 'POST' to 'http://localhost:12843/session/fc57ed6f00fa8bbfcbb81cf754a55600/element'
20:20:23.892 [Forwarding findElement on session fc57ed6f00fa8bbfcbb81cf754a55600 to remote] DEBUG org.asynchttpclient.netty.request.NettyRequestSender - Using open Channel [id: 0xa7f6516c, L:/127.0.0.1:55424 - R:localhost/127.0.0.1:12843] for POST '/session/fc57ed6f00fa8bbfcbb81cf754a55600/element'
20:20:23.897 [AsyncHttpClient-1-12] DEBUG org.asynchttpclient.netty.handler.HttpHandler - 

Request DefaultHttpRequest(decodeResult: success, version: HTTP/1.1)
POST /session/fc57ed6f00fa8bbfcbb81cf754a55600/element HTTP/1.1
User-Agent: selenium/4.8.1 (java windows)
Content-Length: 59
Content-Type: application/json; charset=utf-8
host: localhost:12843
accept: */*

Response DefaultHttpResponse(decodeResult: success, version: HTTP/1.1)
HTTP/1.1 200 OK
Content-Length: 88
Content-Type: application/json; charset=utf-8
cache-control: no-cache

20:20:23.897 [AsyncHttpClient-1-12] DEBUG org.asynchttpclient.netty.channel.ChannelManager - Adding key: http://localhost:12843 for channel [id: 0xa7f6516c, L:/127.0.0.1:55424 - R:localhost/127.0.0.1:12843]
20:20:23.898 [Forwarding clickElement on session fc57ed6f00fa8bbfcbb81cf754a55600 to remote] DEBUG org.asynchttpclient.netty.request.NettyRequestSender - Using pooled Channel '[id: 0xa7f6516c, L:/127.0.0.1:55424 - R:localhost/127.0.0.1:12843]' for 'POST' to 'http://localhost:12843/session/fc57ed6f00fa8bbfcbb81cf754a55600/element/7de4a46c-69f0-4173-9528-75a6f1d34a0c/click'
20:20:23.898 [Forwarding clickElement on session fc57ed6f00fa8bbfcbb81cf754a55600 to remote] DEBUG org.asynchttpclient.netty.request.NettyRequestSender - Using open Channel [id: 0xa7f6516c, L:/127.0.0.1:55424 - R:localhost/127.0.0.1:12843] for POST '/session/fc57ed6f00fa8bbfcbb81cf754a55600/element/7de4a46c-69f0-4173-9528-75a6f1d34a0c/click'
20:20:23.959 [AsyncHttpClient-1-12] DEBUG org.asynchttpclient.netty.handler.HttpHandler - 

Request DefaultHttpRequest(decodeResult: success, version: HTTP/1.1)
POST /session/fc57ed6f00fa8bbfcbb81cf754a55600/element/7de4a46c-69f0-4173-9528-75a6f1d34a0c/click HTTP/1.1
User-Agent: selenium/4.8.1 (java windows)
Content-Length: 50
Content-Type: application/json; charset=utf-8
host: localhost:12843
accept: */*

Response DefaultHttpResponse(decodeResult: success, version: HTTP/1.1)
HTTP/1.1 200 OK
Content-Length: 14
Content-Type: application/json; charset=utf-8
cache-control: no-cache

20:20:23.959 [AsyncHttpClient-1-12] DEBUG org.asynchttpclient.netty.channel.ChannelManager - Adding key: http://localhost:12843 for channel [id: 0xa7f6516c, L:/127.0.0.1:55424 - R:localhost/127.0.0.1:12843]
20:20:23.963 [Forwarding getAlertText on session fc57ed6f00fa8bbfcbb81cf754a55600 to remote] DEBUG org.asynchttpclient.netty.request.NettyRequestSender - Using pooled Channel '[id: 0xa7f6516c, L:/127.0.0.1:55424 - R:localhost/127.0.0.1:12843]' for 'GET' to 'http://localhost:12843/session/fc57ed6f00fa8bbfcbb81cf754a55600/alert/text'
20:20:23.963 [Forwarding getAlertText on session fc57ed6f00fa8bbfcbb81cf754a55600 to remote] DEBUG org.asynchttpclient.netty.request.NettyRequestSender - Using open Channel [id: 0xa7f6516c, L:/127.0.0.1:55424 - R:localhost/127.0.0.1:12843] for GET '/session/fc57ed6f00fa8bbfcbb81cf754a55600/alert/text'
20:20:23.965 [AsyncHttpClient-1-12] DEBUG org.asynchttpclient.netty.handler.HttpHandler - 

Request DefaultFullHttpRequest(decodeResult: success, version: HTTP/1.1, content: EmptyByteBufBE)
GET /session/fc57ed6f00fa8bbfcbb81cf754a55600/alert/text HTTP/1.1
User-Agent: selenium/4.8.1 (java windows)
Cache-Control: no-cache
Content-Type: application/json; charset=utf-8
host: localhost:12843
accept: */*

Response DefaultHttpResponse(decodeResult: success, version: HTTP/1.1)
HTTP/1.1 404 Not Found
Content-Length: 836
Content-Type: application/json; charset=utf-8
cache-control: no-cache

20:20:23.965 [AsyncHttpClient-1-12] DEBUG org.asynchttpclient.netty.channel.ChannelManager - Adding key: http://localhost:12843 for channel [id: 0xa7f6516c, L:/127.0.0.1:55424 - R:localhost/127.0.0.1:12843]
20:20:23.966 [Forwarding getCurrentUrl on session fc57ed6f00fa8bbfcbb81cf754a55600 to remote] DEBUG org.asynchttpclient.netty.request.NettyRequestSender - Using pooled Channel '[id: 0xa7f6516c, L:/127.0.0.1:55424 - R:localhost/127.0.0.1:12843]' for 'GET' to 'http://localhost:12843/session/fc57ed6f00fa8bbfcbb81cf754a55600/url'
20:20:23.966 [Forwarding getCurrentUrl on session fc57ed6f00fa8bbfcbb81cf754a55600 to remote] DEBUG org.asynchttpclient.netty.request.NettyRequestSender - Using open Channel [id: 0xa7f6516c, L:/127.0.0.1:55424 - R:localhost/127.0.0.1:12843] for GET '/session/fc57ed6f00fa8bbfcbb81cf754a55600/url'
20:20:23.969 [AsyncHttpClient-1-12] DEBUG org.asynchttpclient.netty.handler.HttpHandler - 

Request DefaultFullHttpRequest(decodeResult: success, version: HTTP/1.1, content: EmptyByteBufBE)
GET /session/fc57ed6f00fa8bbfcbb81cf754a55600/url HTTP/1.1
User-Agent: selenium/4.8.1 (java windows)
Cache-Control: no-cache
Content-Type: application/json; charset=utf-8
host: localhost:12843
accept: */*

Response DefaultHttpResponse(decodeResult: success, version: HTTP/1.1)
HTTP/1.1 200 OK
Content-Length: 51
Content-Type: application/json; charset=utf-8
cache-control: no-cache

20:20:23.969 [AsyncHttpClient-1-12] DEBUG org.asynchttpclient.netty.channel.ChannelManager - Adding key: http://localhost:12843 for channel [id: 0xa7f6516c, L:/127.0.0.1:55424 - R:localhost/127.0.0.1:12843]
20:20:23.969 [Forwarding screenshot on session fc57ed6f00fa8bbfcbb81cf754a55600 to remote] DEBUG org.asynchttpclient.netty.request.NettyRequestSender - Using pooled Channel '[id: 0xa7f6516c, L:/127.0.0.1:55424 - R:localhost/127.0.0.1:12843]' for 'GET' to 'http://localhost:12843/session/fc57ed6f00fa8bbfcbb81cf754a55600/screenshot'
20:20:23.969 [Forwarding screenshot on session fc57ed6f00fa8bbfcbb81cf754a55600 to remote] DEBUG org.asynchttpclient.netty.request.NettyRequestSender - Using open Channel [id: 0xa7f6516c, L:/127.0.0.1:55424 - R:localhost/127.0.0.1:12843] for GET '/session/fc57ed6f00fa8bbfcbb81cf754a55600/screenshot'
20:20:24.071 [AsyncHttpClient-1-12] DEBUG org.asynchttpclient.netty.handler.HttpHandler - 

Request DefaultFullHttpRequest(decodeResult: success, version: HTTP/1.1, content: EmptyByteBufBE)
GET /session/fc57ed6f00fa8bbfcbb81cf754a55600/screenshot HTTP/1.1
User-Agent: selenium/4.8.1 (java windows)
Cache-Control: no-cache
Content-Type: application/json; charset=utf-8
host: localhost:12843
accept: */*

Response DefaultHttpResponse(decodeResult: success, version: HTTP/1.1)
HTTP/1.1 200 OK
Content-Length: 26020
Content-Type: application/json; charset=utf-8
cache-control: no-cache

20:20:24.071 [AsyncHttpClient-1-12] DEBUG org.asynchttpclient.netty.channel.ChannelManager - Adding key: http://localhost:12843 for channel [id: 0xa7f6516c, L:/127.0.0.1:55424 - R:localhost/127.0.0.1:12843]
20:20:24.073 [main] DEBUG net.serenitybdd.core.photography.Darkroom - Send negative for processing for target\site\serenity\e0c098d63555c20a053702f8c7b54a3cc7371b56775c4c5afa03c0fd1adea873.png
20:20:24.073 [main] DEBUG net.thucydides.core.steps.StepInterceptor - STEP DONE: clickLoginIcon
  &amp#27;[32mWhen &amp#27;[0m&amp#27;[32mI click on the login icon&amp#27;[0m         &amp#27;[90m# starter.stepdefinitions.TransactionSteps.clickLoginIcon()&amp#27;[0m
20:20:24.073 [Darkroom Processing Line] DEBUG net.serenitybdd.core.photography.DarkroomProcessingLine - Processing screenshot image in /var/screenshots/screenshot-4950049656087283760
20:20:24.073 [Darkroom Processing Line] DEBUG net.serenitybdd.core.photography.DarkroomProcessingLine - Saving screenshot to target\site\serenity\e0c098d63555c20a053702f8c7b54a3cc7371b56775c4c5afa03c0fd1adea873.png
20:20:24.081 [Forwarding getPageSource on session fc57ed6f00fa8bbfcbb81cf754a55600 to remote] DEBUG org.asynchttpclient.netty.request.NettyRequestSender - Using pooled Channel '[id: 0xa7f6516c, L:/127.0.0.1:55424 - R:localhost/127.0.0.1:12843]' for 'POST' to 'http://localhost:12843/session/fc57ed6f00fa8bbfcbb81cf754a55600/execute/sync'
20:20:24.081 [Forwarding getPageSource on session fc57ed6f00fa8bbfcbb81cf754a55600 to remote] DEBUG org.asynchttpclient.netty.request.NettyRequestSender - Using open Channel [id: 0xa7f6516c, L:/127.0.0.1:55424 - R:localhost/127.0.0.1:12843] for POST '/session/fc57ed6f00fa8bbfcbb81cf754a55600/execute/sync'
20:20:24.084 [AsyncHttpClient-1-12] DEBUG org.asynchttpclient.netty.handler.HttpHandler - 

Request DefaultHttpRequest(decodeResult: success, version: HTTP/1.1)
POST /session/fc57ed6f00fa8bbfcbb81cf754a55600/execute/sync HTTP/1.1
User-Agent: selenium/4.8.1 (java windows)
Content-Length: 176
Content-Type: application/json; charset=utf-8
host: localhost:12843
accept: */*

Response DefaultHttpResponse(decodeResult: success, version: HTTP/1.1)
HTTP/1.1 200 OK
Content-Length: 21952
Content-Type: application/json; charset=utf-8
cache-control: no-cache

20:20:24.084 [AsyncHttpClient-1-12] DEBUG org.asynchttpclient.netty.channel.ChannelManager - Adding key: http://localhost:12843 for channel [id: 0xa7f6516c, L:/127.0.0.1:55424 - R:localhost/127.0.0.1:12843]
20:20:24.086 [Forwarding getCurrentUrl on session fc57ed6f00fa8bbfcbb81cf754a55600 to remote] DEBUG org.asynchttpclient.netty.request.NettyRequestSender - Using pooled Channel '[id: 0xa7f6516c, L:/127.0.0.1:55424 - R:localhost/127.0.0.1:12843]' for 'GET' to 'http://localhost:12843/session/fc57ed6f00fa8bbfcbb81cf754a55600/url'
20:20:24.086 [Forwarding getCurrentUrl on session fc57ed6f00fa8bbfcbb81cf754a55600 to remote] DEBUG org.asynchttpclient.netty.request.NettyRequestSender - Using open Channel [id: 0xa7f6516c, L:/127.0.0.1:55424 - R:localhost/127.0.0.1:12843] for GET '/session/fc57ed6f00fa8bbfcbb81cf754a55600/url'
20:20:24.090 [AsyncHttpClient-1-12] DEBUG org.asynchttpclient.netty.handler.HttpHandler - 

Request DefaultFullHttpRequest(decodeResult: success, version: HTTP/1.1, content: EmptyByteBufBE)
GET /session/fc57ed6f00fa8bbfcbb81cf754a55600/url HTTP/1.1
User-Agent: selenium/4.8.1 (java windows)
Cache-Control: no-cache
Content-Type: application/json; charset=utf-8
host: localhost:12843
accept: */*

Response DefaultHttpResponse(decodeResult: success, version: HTTP/1.1)
HTTP/1.1 200 OK
Content-Length: 51
Content-Type: application/json; charset=utf-8
cache-control: no-cache

20:20:24.090 [AsyncHttpClient-1-12] DEBUG org.asynchttpclient.netty.channel.ChannelManager - Adding key: http://localhost:12843 for channel [id: 0xa7f6516c, L:/127.0.0.1:55424 - R:localhost/127.0.0.1:12843]
20:20:24.098 [Forwarding getPageSource on session fc57ed6f00fa8bbfcbb81cf754a55600 to remote] DEBUG org.asynchttpclient.netty.request.NettyRequestSender - Using pooled Channel '[id: 0xa7f6516c, L:/127.0.0.1:55424 - R:localhost/127.0.0.1:12843]' for 'POST' to 'http://localhost:12843/session/fc57ed6f00fa8bbfcbb81cf754a55600/execute/sync'
20:20:24.098 [Forwarding getPageSource on session fc57ed6f00fa8bbfcbb81cf754a55600 to remote] DEBUG org.asynchttpclient.netty.request.NettyRequestSender - Using open Channel [id: 0xa7f6516c, L:/127.0.0.1:55424 - R:localhost/127.0.0.1:12843] for POST '/session/fc57ed6f00fa8bbfcbb81cf754a55600/execute/sync'
20:20:24.103 [AsyncHttpClient-1-12] DEBUG org.asynchttpclient.netty.handler.HttpHandler - 

Request DefaultHttpRequest(decodeResult: success, version: HTTP/1.1)
POST /session/fc57ed6f00fa8bbfcbb81cf754a55600/execute/sync HTTP/1.1
User-Agent: selenium/4.8.1 (java windows)
Content-Length: 176
Content-Type: application/json; charset=utf-8
host: localhost:12843
accept: */*

Response DefaultHttpResponse(decodeResult: success, version: HTTP/1.1)
HTTP/1.1 200 OK
Content-Length: 21952
Content-Type: application/json; charset=utf-8
cache-control: no-cache

20:20:24.103 [AsyncHttpClient-1-12] DEBUG org.asynchttpclient.netty.channel.ChannelManager - Adding key: http://localhost:12843 for channel [id: 0xa7f6516c, L:/127.0.0.1:55424 - R:localhost/127.0.0.1:12843]
20:20:24.104 [Forwarding getCurrentUrl on session fc57ed6f00fa8bbfcbb81cf754a55600 to remote] DEBUG org.asynchttpclient.netty.request.NettyRequestSender - Using pooled Channel '[id: 0xa7f6516c, L:/127.0.0.1:55424 - R:localhost/127.0.0.1:12843]' for 'GET' to 'http://localhost:12843/session/fc57ed6f00fa8bbfcbb81cf754a55600/url'
20:20:24.104 [Forwarding getCurrentUrl on session fc57ed6f00fa8bbfcbb81cf754a55600 to remote] DEBUG org.asynchttpclient.netty.request.NettyRequestSender - Using open Channel [id: 0xa7f6516c, L:/127.0.0.1:55424 - R:localhost/127.0.0.1:12843] for GET '/session/fc57ed6f00fa8bbfcbb81cf754a55600/url'
20:20:24.108 [AsyncHttpClient-1-12] DEBUG org.asynchttpclient.netty.handler.HttpHandler - 

Request DefaultFullHttpRequest(decodeResult: success, version: HTTP/1.1, content: EmptyByteBufBE)
GET /session/fc57ed6f00fa8bbfcbb81cf754a55600/url HTTP/1.1
User-Agent: selenium/4.8.1 (java windows)
Cache-Control: no-cache
Content-Type: application/json; charset=utf-8
host: localhost:12843
accept: */*

Response DefaultHttpResponse(decodeResult: success, version: HTTP/1.1)
HTTP/1.1 200 OK
Content-Length: 51
Content-Type: application/json; charset=utf-8
cache-control: no-cache

20:20:24.108 [AsyncHttpClient-1-12] DEBUG org.asynchttpclient.netty.channel.ChannelManager - Adding key: http://localhost:12843 for channel [id: 0xa7f6516c, L:/127.0.0.1:55424 - R:localhost/127.0.0.1:12843]
20:20:24.110 [main] DEBUG net.thucydides.core.steps.StepInterceptor - STARTING STEP: TransactionSteps.validateOnLoginPage - validateOnLoginPage
20:20:24.111 [Forwarding findElement on session fc57ed6f00fa8bbfcbb81cf754a55600 to remote] DEBUG org.asynchttpclient.netty.request.NettyRequestSender - Using pooled Channel '[id: 0xa7f6516c, L:/127.0.0.1:55424 - R:localhost/127.0.0.1:12843]' for 'POST' to 'http://localhost:12843/session/fc57ed6f00fa8bbfcbb81cf754a55600/element'
20:20:24.111 [Forwarding findElement on session fc57ed6f00fa8bbfcbb81cf754a55600 to remote] DEBUG org.asynchttpclient.netty.request.NettyRequestSender - Using open Channel [id: 0xa7f6516c, L:/127.0.0.1:55424 - R:localhost/127.0.0.1:12843] for POST '/session/fc57ed6f00fa8bbfcbb81cf754a55600/element'
20:20:24.119 [AsyncHttpClient-1-12] DEBUG org.asynchttpclient.netty.handler.HttpHandler - 

Request DefaultHttpRequest(decodeResult: success, version: HTTP/1.1)
POST /session/fc57ed6f00fa8bbfcbb81cf754a55600/element HTTP/1.1
User-Agent: selenium/4.8.1 (java windows)
Content-Length: 71
Content-Type: application/json; charset=utf-8
host: localhost:12843
accept: */*

Response DefaultHttpResponse(decodeResult: success, version: HTTP/1.1)
HTTP/1.1 200 OK
Content-Length: 88
Content-Type: application/json; charset=utf-8
cache-control: no-cache

20:20:24.119 [AsyncHttpClient-1-12] DEBUG org.asynchttpclient.netty.channel.ChannelManager - Adding key: http://localhost:12843 for channel [id: 0xa7f6516c, L:/127.0.0.1:55424 - R:localhost/127.0.0.1:12843]
20:20:24.122 [Forwarding isElementDisplayed on session fc57ed6f00fa8bbfcbb81cf754a55600 to remote] DEBUG org.asynchttpclient.netty.request.NettyRequestSender - Using pooled Channel '[id: 0xa7f6516c, L:/127.0.0.1:55424 - R:localhost/127.0.0.1:12843]' for 'POST' to 'http://localhost:12843/session/fc57ed6f00fa8bbfcbb81cf754a55600/execute/sync'
20:20:24.122 [Forwarding isElementDisplayed on session fc57ed6f00fa8bbfcbb81cf754a55600 to remote] DEBUG org.asynchttpclient.netty.request.NettyRequestSender - Using open Channel [id: 0xa7f6516c, L:/127.0.0.1:55424 - R:localhost/127.0.0.1:12843] for POST '/session/fc57ed6f00fa8bbfcbb81cf754a55600/execute/sync'
20:20:24.131 [AsyncHttpClient-1-12] DEBUG org.asynchttpclient.netty.handler.HttpHandler - 

Request DefaultHttpRequest(decodeResult: success, version: HTTP/1.1)
POST /session/fc57ed6f00fa8bbfcbb81cf754a55600/execute/sync HTTP/1.1
User-Agent: selenium/4.8.1 (java windows)
Content-Length: 48807
Content-Type: application/json; charset=utf-8
host: localhost:12843
accept: */*

Response DefaultHttpResponse(decodeResult: success, version: HTTP/1.1)
HTTP/1.1 200 OK
Content-Length: 14
Content-Type: application/json; charset=utf-8
cache-control: no-cache

20:20:24.131 [AsyncHttpClient-1-12] DEBUG org.asynchttpclient.netty.channel.ChannelManager - Adding key: http://localhost:12843 for channel [id: 0xa7f6516c, L:/127.0.0.1:55424 - R:localhost/127.0.0.1:12843]
20:20:24.136 [Forwarding getAlertText on session fc57ed6f00fa8bbfcbb81cf754a55600 to remote] DEBUG org.asynchttpclient.netty.request.NettyRequestSender - Using pooled Channel '[id: 0xa7f6516c, L:/127.0.0.1:55424 - R:localhost/127.0.0.1:12843]' for 'GET' to 'http://localhost:12843/session/fc57ed6f00fa8bbfcbb81cf754a55600/alert/text'
20:20:24.136 [Forwarding getAlertText on session fc57ed6f00fa8bbfcbb81cf754a55600 to remote] DEBUG org.asynchttpclient.netty.request.NettyRequestSender - Using open Channel [id: 0xa7f6516c, L:/127.0.0.1:55424 - R:localhost/127.0.0.1:12843] for GET '/session/fc57ed6f00fa8bbfcbb81cf754a55600/alert/text'
20:20:24.138 [AsyncHttpClient-1-12] DEBUG org.asynchttpclient.netty.handler.HttpHandler - 

Request DefaultFullHttpRequest(decodeResult: success, version: HTTP/1.1, content: EmptyByteBufBE)
GET /session/fc57ed6f00fa8bbfcbb81cf754a55600/alert/text HTTP/1.1
User-Agent: selenium/4.8.1 (java windows)
Cache-Control: no-cache
Content-Type: application/json; charset=utf-8
host: localhost:12843
accept: */*

Response DefaultHttpResponse(decodeResult: success, version: HTTP/1.1)
HTTP/1.1 404 Not Found
Content-Length: 836
Content-Type: application/json; charset=utf-8
cache-control: no-cache

20:20:24.138 [AsyncHttpClient-1-12] DEBUG org.asynchttpclient.netty.channel.ChannelManager - Adding key: http://localhost:12843 for channel [id: 0xa7f6516c, L:/127.0.0.1:55424 - R:localhost/127.0.0.1:12843]
20:20:24.138 [Forwarding getCurrentUrl on session fc57ed6f00fa8bbfcbb81cf754a55600 to remote] DEBUG org.asynchttpclient.netty.request.NettyRequestSender - Using pooled Channel '[id: 0xa7f6516c, L:/127.0.0.1:55424 - R:localhost/127.0.0.1:12843]' for 'GET' to 'http://localhost:12843/session/fc57ed6f00fa8bbfcbb81cf754a55600/url'
20:20:24.138 [Forwarding getCurrentUrl on session fc57ed6f00fa8bbfcbb81cf754a55600 to remote] DEBUG org.asynchttpclient.netty.request.NettyRequestSender - Using open Channel [id: 0xa7f6516c, L:/127.0.0.1:55424 - R:localhost/127.0.0.1:12843] for GET '/session/fc57ed6f00fa8bbfcbb81cf754a55600/url'
20:20:24.142 [AsyncHttpClient-1-12] DEBUG org.asynchttpclient.netty.handler.HttpHandler - 

Request DefaultFullHttpRequest(decodeResult: success, version: HTTP/1.1, content: EmptyByteBufBE)
GET /session/fc57ed6f00fa8bbfcbb81cf754a55600/url HTTP/1.1
User-Agent: selenium/4.8.1 (java windows)
Cache-Control: no-cache
Content-Type: application/json; charset=utf-8
host: localhost:12843
accept: */*

Response DefaultHttpResponse(decodeResult: success, version: HTTP/1.1)
HTTP/1.1 200 OK
Content-Length: 51
Content-Type: application/json; charset=utf-8
cache-control: no-cache

20:20:24.142 [AsyncHttpClient-1-12] DEBUG org.asynchttpclient.netty.channel.ChannelManager - Adding key: http://localhost:12843 for channel [id: 0xa7f6516c, L:/127.0.0.1:55424 - R:localhost/127.0.0.1:12843]
20:20:24.142 [Forwarding screenshot on session fc57ed6f00fa8bbfcbb81cf754a55600 to remote] DEBUG org.asynchttpclient.netty.request.NettyRequestSender - Using pooled Channel '[id: 0xa7f6516c, L:/127.0.0.1:55424 - R:localhost/127.0.0.1:12843]' for 'GET' to 'http://localhost:12843/session/fc57ed6f00fa8bbfcbb81cf754a55600/screenshot'
20:20:24.142 [Forwarding screenshot on session fc57ed6f00fa8bbfcbb81cf754a55600 to remote] DEBUG org.asynchttpclient.netty.request.NettyRequestSender - Using open Channel [id: 0xa7f6516c, L:/127.0.0.1:55424 - R:localhost/127.0.0.1:12843] for GET '/session/fc57ed6f00fa8bbfcbb81cf754a55600/screenshot'
20:20:24.223 [AsyncHttpClient-1-12] DEBUG org.asynchttpclient.netty.handler.HttpHandler - 

Request DefaultFullHttpRequest(decodeResult: success, version: HTTP/1.1, content: EmptyByteBufBE)
GET /session/fc57ed6f00fa8bbfcbb81cf754a55600/screenshot HTTP/1.1
User-Agent: selenium/4.8.1 (java windows)
Cache-Control: no-cache
Content-Type: application/json; charset=utf-8
host: localhost:12843
accept: */*

Response DefaultHttpResponse(decodeResult: success, version: HTTP/1.1)
HTTP/1.1 200 OK
Content-Length: 27096
Content-Type: application/json; charset=utf-8
cache-control: no-cache

20:20:24.223 [AsyncHttpClient-1-12] DEBUG org.asynchttpclient.netty.channel.ChannelManager - Adding key: http://localhost:12843 for channel [id: 0xa7f6516c, L:/127.0.0.1:55424 - R:localhost/127.0.0.1:12843]
20:20:24.224 [main] DEBUG net.serenitybdd.core.photography.Darkroom - Send negative for processing for target\site\serenity\9e05b964505f74604816b917010e702146aae393e5db18c78b525bf4ca0b5712.png
20:20:24.224 [main] DEBUG net.thucydides.core.steps.StepInterceptor - STEP DONE: validateOnLoginPage
  &amp#27;[32mThen &amp#27;[0m&amp#27;[32mI redirected to login page&amp#27;[0m        &amp#27;[90m# starter.stepdefinitions.TransactionSteps.validateOnLoginPage()&amp#27;[0m
20:20:24.224 [Darkroom Processing Line] DEBUG net.serenitybdd.core.photography.DarkroomProcessingLine - Processing screenshot image in /var/screenshots/screenshot-16748269862260863309
20:20:24.224 [Darkroom Processing Line] DEBUG net.serenitybdd.core.photography.DarkroomProcessingLine - Saving screenshot to target\site\serenity\9e05b964505f74604816b917010e702146aae393e5db18c78b525bf4ca0b5712.png
20:20:24.228 [main] INFO  - 
  _____   ___   ___   _____     ___     _     ___   ___   ___   ___  
 |_   _| | __| / __| |_   _|   | _ \   /_\   / __| / __| | __| |   \ 
   | |   | _|  \__ \   | |     |  _/  / _ \  \__ \ \__ \ | _|  | |) |
   |_|   |___| |___/   |_|     |_|   /_/ \_\ |___/ |___/ |___| |___/ 

View transaction without login
----------------------------------------------------------------------
20:20:24.228 [AsyncHttpClient-1-14] DEBUG org.asynchttpclient.netty.handler.WebSocketHandler - Channel Closed: [id: 0x28af70fb, L:/127.0.0.1:55433 ! R:localhost/127.0.0.1:55425] with attribute NettyResponseFuture{currentRetry=0,
	isDone=1,
	isCancelled=0,
	asyncHandler=org.asynchttpclient.ws.WebSocketUpgradeHandler@7297f0b6,
	nettyRequest=org.asynchttpclient.netty.request.NettyRequest@51ddbc32,
	future=java.util.concurrent.CompletableFuture@6bb44f97[Completed normally],
	uri=ws://localhost:55425/devtools/browser/2a1b2275-97e0-428f-b59f-fe342ccb00c5,
	keepAlive=true,
	redirectCount=0,
	timeoutsHolder=null,
	inAuth=0,
	touch=1683379221707}
20:20:24.228 [AsyncHttpClient-1-14] DEBUG org.asynchttpclient.netty.channel.ChannelManager - Closing Channel [id: 0x28af70fb, L:/127.0.0.1:55433 ! R:localhost/127.0.0.1:55425] 
20:20:24.228 [Driver Command Executor] DEBUG org.asynchttpclient.netty.request.NettyRequestSender - Using pooled Channel '[id: 0xa7f6516c, L:/127.0.0.1:55424 - R:localhost/127.0.0.1:12843]' for 'DELETE' to 'http://localhost:12843/session/fc57ed6f00fa8bbfcbb81cf754a55600'
20:20:24.228 [Driver Command Executor] DEBUG org.asynchttpclient.netty.request.NettyRequestSender - Using open Channel [id: 0xa7f6516c, L:/127.0.0.1:55424 - R:localhost/127.0.0.1:12843] for DELETE '/session/fc57ed6f00fa8bbfcbb81cf754a55600'
20:20:24.249 [AsyncHttpClient-1-13] DEBUG org.asynchttpclient.netty.handler.HttpHandler - Unexpected I/O exception on channel [id: 0x2088809e, L:/127.0.0.1:55432 - R:localhost/127.0.0.1:55425]
java.net.SocketException: Connection reset
	at java.base/sun.nio.ch.SocketChannelImpl.throwConnectionReset(SocketChannelImpl.java:367)
	at java.base/sun.nio.ch.SocketChannelImpl.read(SocketChannelImpl.java:398)
	at io.netty.buffer.PooledByteBuf.setBytes(PooledByteBuf.java:259)
	at io.netty.buffer.AbstractByteBuf.writeBytes(AbstractByteBuf.java:1132)
	at io.netty.buffer.WrappedByteBuf.writeBytes(WrappedByteBuf.java:821)
	at io.netty.channel.socket.nio.NioSocketChannel.doReadBytes(NioSocketChannel.java:357)
	at io.netty.channel.nio.AbstractNioByteChannel$NioByteUnsafe.read(AbstractNioByteChannel.java:151)
	at io.netty.channel.nio.NioEventLoop.processSelectedKey(NioEventLoop.java:788)
	at io.netty.channel.nio.NioEventLoop.processSelectedKeysOptimized(NioEventLoop.java:724)
	at io.netty.channel.nio.NioEventLoop.processSelectedKeys(NioEventLoop.java:650)
	at io.netty.channel.nio.NioEventLoop.run(NioEventLoop.java:562)
	at io.netty.util.concurrent.SingleThreadEventExecutor$4.run(SingleThreadEventExecutor.java:997)
	at io.netty.util.internal.ThreadExecutorMap$2.run(ThreadExecutorMap.java:74)
	at io.netty.util.concurrent.FastThreadLocalRunnable.run(FastThreadLocalRunnable.java:30)
	at java.base/java.lang.Thread.run(Thread.java:832)
20:20:24.250 [AsyncHttpClient-1-13] DEBUG org.asynchttpclient.netty.channel.ChannelManager - Closing Channel [id: 0x2088809e, L:/127.0.0.1:55432 - R:localhost/127.0.0.1:55425] 
20:20:24.250 [AsyncHttpClient-1-13] DEBUG org.asynchttpclient.netty.handler.HttpHandler - Channel Closed: [id: 0x2088809e, L:/127.0.0.1:55432 ! R:localhost/127.0.0.1:55425] with attribute DISCARD
20:20:24.259 [AsyncHttpClient-1-12] DEBUG org.asynchttpclient.netty.handler.HttpHandler - 

Request DefaultFullHttpRequest(decodeResult: success, version: HTTP/1.1, content: EmptyByteBufBE)
DELETE /session/fc57ed6f00fa8bbfcbb81cf754a55600 HTTP/1.1
User-Agent: selenium/4.8.1 (java windows)
Content-Type: application/json; charset=utf-8
host: localhost:12843
accept: */*

Response DefaultHttpResponse(decodeResult: success, version: HTTP/1.1)
HTTP/1.1 200 OK
Content-Length: 14
Content-Type: application/json; charset=utf-8
cache-control: no-cache

20:20:24.259 [AsyncHttpClient-1-12] DEBUG org.asynchttpclient.netty.channel.ChannelManager - Adding key: http://localhost:12843 for channel [id: 0xa7f6516c, L:/127.0.0.1:55424 - R:localhost/127.0.0.1:12843]
20:20:24.357 [AsyncHttpClient-1-12] DEBUG org.asynchttpclient.netty.handler.HttpHandler - Channel Closed: [id: 0xa7f6516c, L:/127.0.0.1:55424 ! R:localhost/127.0.0.1:12843] with attribute DISCARD
20:20:24.557 [AsyncHttpClient-1-1] DEBUG org.asynchttpclient.netty.channel.DefaultChannelPool - Entry count for : http://localhost:12843 : 1
20:20:24.557 [AsyncHttpClient-1-1] DEBUG org.asynchttpclient.netty.channel.DefaultChannelPool - Entry count for : http://localhost:55425 : 1
20:20:24.557 [AsyncHttpClient-1-1] DEBUG org.asynchttpclient.netty.channel.DefaultChannelPool - Adding Candidate expired Channel [id: 0xa7f6516c, L:/127.0.0.1:55424 ! R:localhost/127.0.0.1:12843] isIdleTimeoutExpired=false isRemotelyClosed=true isTtlExpired=false
20:20:24.557 [AsyncHttpClient-1-1] DEBUG org.asynchttpclient.netty.channel.DefaultChannelPool - Closing Idle Channel [id: 0xa7f6516c, L:/127.0.0.1:55424 ! R:localhost/127.0.0.1:12843]
20:20:24.557 [AsyncHttpClient-1-1] DEBUG org.asynchttpclient.netty.channel.DefaultChannelPool - Adding Candidate expired Channel [id: 0x2088809e, L:/127.0.0.1:55432 ! R:localhost/127.0.0.1:55425] isIdleTimeoutExpired=false isRemotelyClosed=true isTtlExpired=false
20:20:24.557 [AsyncHttpClient-1-1] DEBUG org.asynchttpclient.netty.channel.DefaultChannelPool - Closing Idle Channel [id: 0x2088809e, L:/127.0.0.1:55432 ! R:localhost/127.0.0.1:55425]
20:20:24.557 [AsyncHttpClient-1-1] DEBUG org.asynchttpclient.netty.channel.DefaultChannelPool - Closed 2 connections out of 2 in 0 ms
]]></system-out>
    <system-err><![CDATA[Starting ChromeDriver 111.0.5563.64 (c710e93d5b63b7095afe8c2c17df34408078439d-refs/branch-heads/5563@{#995}) on port 12843
Only local connections are allowed.
Please see https://chromedriver.chromium.org/security-considerations for suggestions on keeping ChromeDriver safe.
ChromeDriver was started successfully.
[1683379221.691][WARNING]: This version of ChromeDriver has not been tested with Chrome version 112.
May 06, 2023 8:20:21 PM org.openqa.selenium.devtools.CdpVersionFinder findNearestMatch
WARNING: Unable to find an exact match for CDP version 112, so returning the closest version found: 110
]]></system-err>
  </testcase>
  <testcase name="Pay the product we&apos;ve added to cart" classname="Transaction" time="12.815">
    <system-out><![CDATA[
Scenario: Pay the product we've added to cart             &amp#27;[90m# src/test/resources/features/5. Transaction.feature:18&amp#27;[0m
20:20:24.885 [main] DEBUG io.cucumber.core.plugin.SerenityReporter - Running feature from file:///C:/Users/WINDOWS%2010/Documents/GitHub/MiniProject_QE/Web/code/minpro/src/test/resources/features/5.%20Transaction.feature
20:20:24.888 [main] INFO  - 
  _____   ___   ___   _____     ___   _____     _     ___   _____   ___   ___  
 |_   _| | __| / __| |_   _|   / __| |_   _|   /_\   | _ \ |_   _| | __| |   \ 
   | |   | _|  \__ \   | |     \__ \   | |    / _ \  |   /   | |   | _|  | |) |
   |_|   |___| |___/   |_|     |___/   |_|   /_/ \_\ |_|_\   |_|   |___| |___/ 

Pay the product we've added to cart(transaction;pay-the-product-we-ve-added-to-cart)
--------------------------------------------------------------------------------
20:20:24.922 [main] DEBUG net.thucydides.core.steps.StepInterceptor - STARTING STEP: ProductSteps.onTheHomePage - openPage
20:20:24.969 [main] INFO net.serenitybdd.core.webdriver.driverproviders.ChromeDriverProvider - Starting Chrome driver instance with capabilities:
20:20:24.970 [main] INFO net.serenitybdd.core.webdriver.driverproviders.ChromeDriverProvider - Capabilities {acceptInsecureCerts: false, browserName: chrome, goog:chromeOptions: {args: [remote-allow-origins=*], extensions: []}}
20:20:25.566 [AsyncHttpClient-1-15] DEBUG org.asynchttpclient.netty.channel.NettyConnectListener - Using new Channel '[id: 0x20bf7517, L:/127.0.0.1:55458 - R:localhost/127.0.0.1:18414]' for 'POST' to '/session'
20:20:26.248 [AsyncHttpClient-1-15] DEBUG org.asynchttpclient.netty.handler.HttpHandler - 

Request DefaultHttpRequest(decodeResult: success, version: HTTP/1.1)
POST /session HTTP/1.1
User-Agent: selenium/4.8.1 (java windows)
Content-Length: 507
Content-Type: application/json; charset=utf-8
host: localhost:18414
accept: */*

Response DefaultHttpResponse(decodeResult: success, version: HTTP/1.1)
HTTP/1.1 200 OK
Content-Length: 863
Content-Type: application/json; charset=utf-8
cache-control: no-cache

20:20:26.248 [AsyncHttpClient-1-15] DEBUG org.asynchttpclient.netty.channel.ChannelManager - Adding key: http://localhost:18414 for channel [id: 0x20bf7517, L:/127.0.0.1:55458 - R:localhost/127.0.0.1:18414]
20:20:26.255 [AsyncHttpClient-1-16] DEBUG org.asynchttpclient.netty.channel.NettyConnectListener - Using new Channel '[id: 0xa540f4c9, L:/127.0.0.1:55466 - R:localhost/127.0.0.1:55460]' for 'GET' to '/json/version'
20:20:26.255 [AsyncHttpClient-1-16] DEBUG org.asynchttpclient.netty.handler.HttpHandler - 

Request DefaultFullHttpRequest(decodeResult: success, version: HTTP/1.1, content: EmptyByteBufBE)
GET /json/version HTTP/1.1
User-Agent: selenium/4.8.1 (java windows)
host: localhost:55460
accept: */*

Response DefaultHttpResponse(decodeResult: success, version: HTTP/1.1)
HTTP/1.1 200 OK
Content-Security-Policy: frame-ancestors 'none'
Content-Length: 424
Content-Type: application/json; charset=UTF-8

20:20:26.255 [AsyncHttpClient-1-16] DEBUG org.asynchttpclient.netty.channel.ChannelManager - Adding key: http://localhost:55460 for channel [id: 0xa540f4c9, L:/127.0.0.1:55466 - R:localhost/127.0.0.1:55460]
20:20:26.256 [AsyncHttpClient-1-17] DEBUG org.asynchttpclient.netty.channel.NettyConnectListener - Using new Channel '[id: 0xaa38bc8b, L:/127.0.0.1:55467 - R:localhost/127.0.0.1:55460]' for 'GET' to '/devtools/browser/0c7375e4-2a10-4474-b1e0-50390674adcc'
20:20:26.257 [AsyncHttpClient-1-17] DEBUG org.asynchttpclient.netty.handler.WebSocketHandler - 

Request DefaultFullHttpRequest(decodeResult: success, version: HTTP/1.1, content: EmptyByteBufBE)
GET /devtools/browser/0c7375e4-2a10-4474-b1e0-50390674adcc HTTP/1.1
upgrade: websocket
connection: upgrade
sec-websocket-key: k6d9IN5teoDiq4BNDukxJw==
sec-websocket-version: 13
origin: http://localhost:55460
host: localhost:55460
accept: */*
user-agent: AHC/2.1

Response DefaultHttpResponse(decodeResult: success, version: HTTP/1.1)
HTTP/1.1 101 WebSocket Protocol Handshake
Upgrade: WebSocket
Connection: Upgrade
Sec-WebSocket-Accept: CozGEVw+75xsTXsSvLMLGZkCSrs=

20:20:26.259 [Forwarding get on session ded6d8dd6fa4ba53501c140fd5f6fad9 to remote] DEBUG org.asynchttpclient.netty.request.NettyRequestSender - Using pooled Channel '[id: 0x20bf7517, L:/127.0.0.1:55458 - R:localhost/127.0.0.1:18414]' for 'POST' to 'http://localhost:18414/session/ded6d8dd6fa4ba53501c140fd5f6fad9/url'
20:20:26.259 [Forwarding get on session ded6d8dd6fa4ba53501c140fd5f6fad9 to remote] DEBUG org.asynchttpclient.netty.request.NettyRequestSender - Using open Channel [id: 0x20bf7517, L:/127.0.0.1:55458 - R:localhost/127.0.0.1:18414] for POST '/session/ded6d8dd6fa4ba53501c140fd5f6fad9/url'
20:20:26.763 [AsyncHttpClient-1-1] DEBUG org.asynchttpclient.netty.channel.DefaultChannelPool - Entry count for : http://localhost:55460 : 1
20:20:27.856 [AsyncHttpClient-1-1] DEBUG org.asynchttpclient.netty.channel.DefaultChannelPool - Entry count for : http://localhost:55460 : 1
20:20:28.957 [AsyncHttpClient-1-1] DEBUG org.asynchttpclient.netty.channel.DefaultChannelPool - Entry count for : http://localhost:55460 : 1
20:20:30.055 [AsyncHttpClient-1-1] DEBUG org.asynchttpclient.netty.channel.DefaultChannelPool - Entry count for : http://localhost:55460 : 1
20:20:31.153 [AsyncHttpClient-1-1] DEBUG org.asynchttpclient.netty.channel.DefaultChannelPool - Entry count for : http://localhost:55460 : 1
20:20:32.253 [AsyncHttpClient-1-1] DEBUG org.asynchttpclient.netty.channel.DefaultChannelPool - Entry count for : http://localhost:55460 : 1
20:20:33.356 [AsyncHttpClient-1-1] DEBUG org.asynchttpclient.netty.channel.DefaultChannelPool - Entry count for : http://localhost:55460 : 1
20:20:34.007 [AsyncHttpClient-1-15] DEBUG org.asynchttpclient.netty.handler.HttpHandler - 

Request DefaultHttpRequest(decodeResult: success, version: HTTP/1.1)
POST /session/ded6d8dd6fa4ba53501c140fd5f6fad9/url HTTP/1.1
User-Agent: selenium/4.8.1 (java windows)
Content-Length: 74
Content-Type: application/json; charset=utf-8
host: localhost:18414
accept: */*

Response DefaultHttpResponse(decodeResult: success, version: HTTP/1.1)
HTTP/1.1 200 OK
Content-Length: 14
Content-Type: application/json; charset=utf-8
cache-control: no-cache

20:20:34.007 [AsyncHttpClient-1-15] DEBUG org.asynchttpclient.netty.channel.ChannelManager - Adding key: http://localhost:18414 for channel [id: 0x20bf7517, L:/127.0.0.1:55458 - R:localhost/127.0.0.1:18414]
20:20:34.008 [Forwarding setTimeout on session ded6d8dd6fa4ba53501c140fd5f6fad9 to remote] DEBUG org.asynchttpclient.netty.request.NettyRequestSender - Using pooled Channel '[id: 0x20bf7517, L:/127.0.0.1:55458 - R:localhost/127.0.0.1:18414]' for 'POST' to 'http://localhost:18414/session/ded6d8dd6fa4ba53501c140fd5f6fad9/timeouts'
20:20:34.008 [Forwarding setTimeout on session ded6d8dd6fa4ba53501c140fd5f6fad9 to remote] DEBUG org.asynchttpclient.netty.request.NettyRequestSender - Using open Channel [id: 0x20bf7517, L:/127.0.0.1:55458 - R:localhost/127.0.0.1:18414] for POST '/session/ded6d8dd6fa4ba53501c140fd5f6fad9/timeouts'
20:20:34.009 [AsyncHttpClient-1-15] DEBUG org.asynchttpclient.netty.handler.HttpHandler - 

Request DefaultHttpRequest(decodeResult: success, version: HTTP/1.1)
POST /session/ded6d8dd6fa4ba53501c140fd5f6fad9/timeouts HTTP/1.1
User-Agent: selenium/4.8.1 (java windows)
Content-Length: 22
Content-Type: application/json; charset=utf-8
host: localhost:18414
accept: */*

Response DefaultHttpResponse(decodeResult: success, version: HTTP/1.1)
HTTP/1.1 200 OK
Content-Length: 14
Content-Type: application/json; charset=utf-8
cache-control: no-cache

20:20:34.009 [AsyncHttpClient-1-15] DEBUG org.asynchttpclient.netty.channel.ChannelManager - Adding key: http://localhost:18414 for channel [id: 0x20bf7517, L:/127.0.0.1:55458 - R:localhost/127.0.0.1:18414]
20:20:34.016 [Forwarding getAlertText on session ded6d8dd6fa4ba53501c140fd5f6fad9 to remote] DEBUG org.asynchttpclient.netty.request.NettyRequestSender - Using pooled Channel '[id: 0x20bf7517, L:/127.0.0.1:55458 - R:localhost/127.0.0.1:18414]' for 'GET' to 'http://localhost:18414/session/ded6d8dd6fa4ba53501c140fd5f6fad9/alert/text'
20:20:34.016 [Forwarding getAlertText on session ded6d8dd6fa4ba53501c140fd5f6fad9 to remote] DEBUG org.asynchttpclient.netty.request.NettyRequestSender - Using open Channel [id: 0x20bf7517, L:/127.0.0.1:55458 - R:localhost/127.0.0.1:18414] for GET '/session/ded6d8dd6fa4ba53501c140fd5f6fad9/alert/text'
20:20:34.018 [AsyncHttpClient-1-15] DEBUG org.asynchttpclient.netty.handler.HttpHandler - 

Request DefaultFullHttpRequest(decodeResult: success, version: HTTP/1.1, content: EmptyByteBufBE)
GET /session/ded6d8dd6fa4ba53501c140fd5f6fad9/alert/text HTTP/1.1
User-Agent: selenium/4.8.1 (java windows)
Cache-Control: no-cache
Content-Type: application/json; charset=utf-8
host: localhost:18414
accept: */*

Response DefaultHttpResponse(decodeResult: success, version: HTTP/1.1)
HTTP/1.1 404 Not Found
Content-Length: 836
Content-Type: application/json; charset=utf-8
cache-control: no-cache

20:20:34.019 [AsyncHttpClient-1-15] DEBUG org.asynchttpclient.netty.channel.ChannelManager - Adding key: http://localhost:18414 for channel [id: 0x20bf7517, L:/127.0.0.1:55458 - R:localhost/127.0.0.1:18414]
20:20:34.019 [Forwarding getCurrentUrl on session ded6d8dd6fa4ba53501c140fd5f6fad9 to remote] DEBUG org.asynchttpclient.netty.request.NettyRequestSender - Using pooled Channel '[id: 0x20bf7517, L:/127.0.0.1:55458 - R:localhost/127.0.0.1:18414]' for 'GET' to 'http://localhost:18414/session/ded6d8dd6fa4ba53501c140fd5f6fad9/url'
20:20:34.019 [Forwarding getCurrentUrl on session ded6d8dd6fa4ba53501c140fd5f6fad9 to remote] DEBUG org.asynchttpclient.netty.request.NettyRequestSender - Using open Channel [id: 0x20bf7517, L:/127.0.0.1:55458 - R:localhost/127.0.0.1:18414] for GET '/session/ded6d8dd6fa4ba53501c140fd5f6fad9/url'
20:20:34.024 [AsyncHttpClient-1-15] DEBUG org.asynchttpclient.netty.handler.HttpHandler - 

Request DefaultFullHttpRequest(decodeResult: success, version: HTTP/1.1, content: EmptyByteBufBE)
GET /session/ded6d8dd6fa4ba53501c140fd5f6fad9/url HTTP/1.1
User-Agent: selenium/4.8.1 (java windows)
Cache-Control: no-cache
Content-Type: application/json; charset=utf-8
host: localhost:18414
accept: */*

Response DefaultHttpResponse(decodeResult: success, version: HTTP/1.1)
HTTP/1.1 200 OK
Content-Length: 51
Content-Type: application/json; charset=utf-8
cache-control: no-cache

20:20:34.024 [AsyncHttpClient-1-15] DEBUG org.asynchttpclient.netty.channel.ChannelManager - Adding key: http://localhost:18414 for channel [id: 0x20bf7517, L:/127.0.0.1:55458 - R:localhost/127.0.0.1:18414]
20:20:34.024 [Forwarding screenshot on session ded6d8dd6fa4ba53501c140fd5f6fad9 to remote] DEBUG org.asynchttpclient.netty.request.NettyRequestSender - Using pooled Channel '[id: 0x20bf7517, L:/127.0.0.1:55458 - R:localhost/127.0.0.1:18414]' for 'GET' to 'http://localhost:18414/session/ded6d8dd6fa4ba53501c140fd5f6fad9/screenshot'
20:20:34.024 [Forwarding screenshot on session ded6d8dd6fa4ba53501c140fd5f6fad9 to remote] DEBUG org.asynchttpclient.netty.request.NettyRequestSender - Using open Channel [id: 0x20bf7517, L:/127.0.0.1:55458 - R:localhost/127.0.0.1:18414] for GET '/session/ded6d8dd6fa4ba53501c140fd5f6fad9/screenshot'
20:20:34.154 [AsyncHttpClient-1-15] DEBUG org.asynchttpclient.netty.handler.HttpHandler - 

Request DefaultFullHttpRequest(decodeResult: success, version: HTTP/1.1, content: EmptyByteBufBE)
GET /session/ded6d8dd6fa4ba53501c140fd5f6fad9/screenshot HTTP/1.1
User-Agent: selenium/4.8.1 (java windows)
Cache-Control: no-cache
Content-Type: application/json; charset=utf-8
host: localhost:18414
accept: */*

Response DefaultHttpResponse(decodeResult: success, version: HTTP/1.1)
HTTP/1.1 200 OK
Content-Length: 25208
Content-Type: application/json; charset=utf-8
cache-control: no-cache

20:20:34.154 [AsyncHttpClient-1-15] DEBUG org.asynchttpclient.netty.channel.ChannelManager - Adding key: http://localhost:18414 for channel [id: 0x20bf7517, L:/127.0.0.1:55458 - R:localhost/127.0.0.1:18414]
20:20:34.155 [main] DEBUG net.serenitybdd.core.photography.Darkroom - Send negative for processing for target\site\serenity\edb14d4aab401efa0e4fb99861e6ffcafebc86a67b69f7828890b9910ed2ddbd.png
20:20:34.155 [main] DEBUG net.thucydides.core.steps.StepInterceptor - STEP DONE: openPage
20:20:34.159 [Forwarding getPageSource on session ded6d8dd6fa4ba53501c140fd5f6fad9 to remote] DEBUG org.asynchttpclient.netty.request.NettyRequestSender - Using pooled Channel '[id: 0x20bf7517, L:/127.0.0.1:55458 - R:localhost/127.0.0.1:18414]' for 'POST' to 'http://localhost:18414/session/ded6d8dd6fa4ba53501c140fd5f6fad9/execute/sync'
20:20:34.159 [Forwarding getPageSource on session ded6d8dd6fa4ba53501c140fd5f6fad9 to remote] DEBUG org.asynchttpclient.netty.request.NettyRequestSender - Using open Channel [id: 0x20bf7517, L:/127.0.0.1:55458 - R:localhost/127.0.0.1:18414] for POST '/session/ded6d8dd6fa4ba53501c140fd5f6fad9/execute/sync'
20:20:34.163 [AsyncHttpClient-1-15] DEBUG org.asynchttpclient.netty.handler.HttpHandler - 

Request DefaultHttpRequest(decodeResult: success, version: HTTP/1.1)
POST /session/ded6d8dd6fa4ba53501c140fd5f6fad9/execute/sync HTTP/1.1
User-Agent: selenium/4.8.1 (java windows)
Content-Length: 176
Content-Type: application/json; charset=utf-8
host: localhost:18414
accept: */*

Response DefaultHttpResponse(decodeResult: success, version: HTTP/1.1)
HTTP/1.1 200 OK
Content-Length: 21659
Content-Type: application/json; charset=utf-8
cache-control: no-cache

20:20:34.163 [AsyncHttpClient-1-15] DEBUG org.asynchttpclient.netty.channel.ChannelManager - Adding key: http://localhost:18414 for channel [id: 0x20bf7517, L:/127.0.0.1:55458 - R:localhost/127.0.0.1:18414]
20:20:34.165 [Forwarding getCurrentUrl on session ded6d8dd6fa4ba53501c140fd5f6fad9 to remote] DEBUG org.asynchttpclient.netty.request.NettyRequestSender - Using pooled Channel '[id: 0x20bf7517, L:/127.0.0.1:55458 - R:localhost/127.0.0.1:18414]' for 'GET' to 'http://localhost:18414/session/ded6d8dd6fa4ba53501c140fd5f6fad9/url'
20:20:34.165 [Forwarding getCurrentUrl on session ded6d8dd6fa4ba53501c140fd5f6fad9 to remote] DEBUG org.asynchttpclient.netty.request.NettyRequestSender - Using open Channel [id: 0x20bf7517, L:/127.0.0.1:55458 - R:localhost/127.0.0.1:18414] for GET '/session/ded6d8dd6fa4ba53501c140fd5f6fad9/url'
20:20:34.167 [AsyncHttpClient-1-15] DEBUG org.asynchttpclient.netty.handler.HttpHandler - 

Request DefaultFullHttpRequest(decodeResult: success, version: HTTP/1.1, content: EmptyByteBufBE)
GET /session/ded6d8dd6fa4ba53501c140fd5f6fad9/url HTTP/1.1
User-Agent: selenium/4.8.1 (java windows)
Cache-Control: no-cache
Content-Type: application/json; charset=utf-8
host: localhost:18414
accept: */*

Response DefaultHttpResponse(decodeResult: success, version: HTTP/1.1)
HTTP/1.1 200 OK
Content-Length: 51
Content-Type: application/json; charset=utf-8
cache-control: no-cache

20:20:34.167 [AsyncHttpClient-1-15] DEBUG org.asynchttpclient.netty.channel.ChannelManager - Adding key: http://localhost:18414 for channel [id: 0x20bf7517, L:/127.0.0.1:55458 - R:localhost/127.0.0.1:18414]
20:20:34.169 [main] DEBUG net.thucydides.core.steps.StepInterceptor - STARTING STEP: ProductSteps.onTheHomePage - inputEmail
20:20:34.171 [Forwarding findElement on session ded6d8dd6fa4ba53501c140fd5f6fad9 to remote] DEBUG org.asynchttpclient.netty.request.NettyRequestSender - Using pooled Channel '[id: 0x20bf7517, L:/127.0.0.1:55458 - R:localhost/127.0.0.1:18414]' for 'POST' to 'http://localhost:18414/session/ded6d8dd6fa4ba53501c140fd5f6fad9/element'
20:20:34.171 [Forwarding findElement on session ded6d8dd6fa4ba53501c140fd5f6fad9 to remote] DEBUG org.asynchttpclient.netty.request.NettyRequestSender - Using open Channel [id: 0x20bf7517, L:/127.0.0.1:55458 - R:localhost/127.0.0.1:18414] for POST '/session/ded6d8dd6fa4ba53501c140fd5f6fad9/element'
20:20:34.179 [AsyncHttpClient-1-15] DEBUG org.asynchttpclient.netty.handler.HttpHandler - 

Request DefaultHttpRequest(decodeResult: success, version: HTTP/1.1)
POST /session/ded6d8dd6fa4ba53501c140fd5f6fad9/element HTTP/1.1
User-Agent: selenium/4.8.1 (java windows)
Content-Length: 55
Content-Type: application/json; charset=utf-8
host: localhost:18414
accept: */*

Response DefaultHttpResponse(decodeResult: success, version: HTTP/1.1)
HTTP/1.1 200 OK
Content-Length: 88
Content-Type: application/json; charset=utf-8
cache-control: no-cache

20:20:34.179 [AsyncHttpClient-1-15] DEBUG org.asynchttpclient.netty.channel.ChannelManager - Adding key: http://localhost:18414 for channel [id: 0x20bf7517, L:/127.0.0.1:55458 - R:localhost/127.0.0.1:18414]
20:20:34.179 [Forwarding clearElement on session ded6d8dd6fa4ba53501c140fd5f6fad9 to remote] DEBUG org.asynchttpclient.netty.request.NettyRequestSender - Using pooled Channel '[id: 0x20bf7517, L:/127.0.0.1:55458 - R:localhost/127.0.0.1:18414]' for 'POST' to 'http://localhost:18414/session/ded6d8dd6fa4ba53501c140fd5f6fad9/element/a578bfc7-31bf-4d6c-82e7-173fd17046f2/clear'
20:20:34.179 [Forwarding clearElement on session ded6d8dd6fa4ba53501c140fd5f6fad9 to remote] DEBUG org.asynchttpclient.netty.request.NettyRequestSender - Using open Channel [id: 0x20bf7517, L:/127.0.0.1:55458 - R:localhost/127.0.0.1:18414] for POST '/session/ded6d8dd6fa4ba53501c140fd5f6fad9/element/a578bfc7-31bf-4d6c-82e7-173fd17046f2/clear'
20:20:34.199 [AsyncHttpClient-1-15] DEBUG org.asynchttpclient.netty.handler.HttpHandler - 

Request DefaultHttpRequest(decodeResult: success, version: HTTP/1.1)
POST /session/ded6d8dd6fa4ba53501c140fd5f6fad9/element/a578bfc7-31bf-4d6c-82e7-173fd17046f2/clear HTTP/1.1
User-Agent: selenium/4.8.1 (java windows)
Content-Length: 50
Content-Type: application/json; charset=utf-8
host: localhost:18414
accept: */*

Response DefaultHttpResponse(decodeResult: success, version: HTTP/1.1)
HTTP/1.1 200 OK
Content-Length: 14
Content-Type: application/json; charset=utf-8
cache-control: no-cache

20:20:34.199 [AsyncHttpClient-1-15] DEBUG org.asynchttpclient.netty.channel.ChannelManager - Adding key: http://localhost:18414 for channel [id: 0x20bf7517, L:/127.0.0.1:55458 - R:localhost/127.0.0.1:18414]
20:20:34.200 [Forwarding sendKeysToElement on session ded6d8dd6fa4ba53501c140fd5f6fad9 to remote] DEBUG org.asynchttpclient.netty.request.NettyRequestSender - Using pooled Channel '[id: 0x20bf7517, L:/127.0.0.1:55458 - R:localhost/127.0.0.1:18414]' for 'POST' to 'http://localhost:18414/session/ded6d8dd6fa4ba53501c140fd5f6fad9/element/a578bfc7-31bf-4d6c-82e7-173fd17046f2/value'
20:20:34.200 [Forwarding sendKeysToElement on session ded6d8dd6fa4ba53501c140fd5f6fad9 to remote] DEBUG org.asynchttpclient.netty.request.NettyRequestSender - Using open Channel [id: 0x20bf7517, L:/127.0.0.1:55458 - R:localhost/127.0.0.1:18414] for POST '/session/ded6d8dd6fa4ba53501c140fd5f6fad9/element/a578bfc7-31bf-4d6c-82e7-173fd17046f2/value'
20:20:34.286 [AsyncHttpClient-1-15] DEBUG org.asynchttpclient.netty.handler.HttpHandler - 

Request DefaultHttpRequest(decodeResult: success, version: HTTP/1.1)
POST /session/ded6d8dd6fa4ba53501c140fd5f6fad9/element/a578bfc7-31bf-4d6c-82e7-173fd17046f2/value HTTP/1.1
User-Agent: selenium/4.8.1 (java windows)
Content-Length: 241
Content-Type: application/json; charset=utf-8
host: localhost:18414
accept: */*

Response DefaultHttpResponse(decodeResult: success, version: HTTP/1.1)
HTTP/1.1 200 OK
Content-Length: 14
Content-Type: application/json; charset=utf-8
cache-control: no-cache

20:20:34.286 [AsyncHttpClient-1-15] DEBUG org.asynchttpclient.netty.channel.ChannelManager - Adding key: http://localhost:18414 for channel [id: 0x20bf7517, L:/127.0.0.1:55458 - R:localhost/127.0.0.1:18414]
20:20:34.290 [Forwarding getAlertText on session ded6d8dd6fa4ba53501c140fd5f6fad9 to remote] DEBUG org.asynchttpclient.netty.request.NettyRequestSender - Using pooled Channel '[id: 0x20bf7517, L:/127.0.0.1:55458 - R:localhost/127.0.0.1:18414]' for 'GET' to 'http://localhost:18414/session/ded6d8dd6fa4ba53501c140fd5f6fad9/alert/text'
20:20:34.290 [Forwarding getAlertText on session ded6d8dd6fa4ba53501c140fd5f6fad9 to remote] DEBUG org.asynchttpclient.netty.request.NettyRequestSender - Using open Channel [id: 0x20bf7517, L:/127.0.0.1:55458 - R:localhost/127.0.0.1:18414] for GET '/session/ded6d8dd6fa4ba53501c140fd5f6fad9/alert/text'
20:20:34.291 [AsyncHttpClient-1-15] DEBUG org.asynchttpclient.netty.handler.HttpHandler - 

Request DefaultFullHttpRequest(decodeResult: success, version: HTTP/1.1, content: EmptyByteBufBE)
GET /session/ded6d8dd6fa4ba53501c140fd5f6fad9/alert/text HTTP/1.1
User-Agent: selenium/4.8.1 (java windows)
Cache-Control: no-cache
Content-Type: application/json; charset=utf-8
host: localhost:18414
accept: */*

Response DefaultHttpResponse(decodeResult: success, version: HTTP/1.1)
HTTP/1.1 404 Not Found
Content-Length: 836
Content-Type: application/json; charset=utf-8
cache-control: no-cache

20:20:34.291 [AsyncHttpClient-1-15] DEBUG org.asynchttpclient.netty.channel.ChannelManager - Adding key: http://localhost:18414 for channel [id: 0x20bf7517, L:/127.0.0.1:55458 - R:localhost/127.0.0.1:18414]
20:20:34.292 [Forwarding getCurrentUrl on session ded6d8dd6fa4ba53501c140fd5f6fad9 to remote] DEBUG org.asynchttpclient.netty.request.NettyRequestSender - Using pooled Channel '[id: 0x20bf7517, L:/127.0.0.1:55458 - R:localhost/127.0.0.1:18414]' for 'GET' to 'http://localhost:18414/session/ded6d8dd6fa4ba53501c140fd5f6fad9/url'
20:20:34.292 [Forwarding getCurrentUrl on session ded6d8dd6fa4ba53501c140fd5f6fad9 to remote] DEBUG org.asynchttpclient.netty.request.NettyRequestSender - Using open Channel [id: 0x20bf7517, L:/127.0.0.1:55458 - R:localhost/127.0.0.1:18414] for GET '/session/ded6d8dd6fa4ba53501c140fd5f6fad9/url'
20:20:34.295 [AsyncHttpClient-1-15] DEBUG org.asynchttpclient.netty.handler.HttpHandler - 

Request DefaultFullHttpRequest(decodeResult: success, version: HTTP/1.1, content: EmptyByteBufBE)
GET /session/ded6d8dd6fa4ba53501c140fd5f6fad9/url HTTP/1.1
User-Agent: selenium/4.8.1 (java windows)
Cache-Control: no-cache
Content-Type: application/json; charset=utf-8
host: localhost:18414
accept: */*

Response DefaultHttpResponse(decodeResult: success, version: HTTP/1.1)
HTTP/1.1 200 OK
Content-Length: 51
Content-Type: application/json; charset=utf-8
cache-control: no-cache

20:20:34.295 [AsyncHttpClient-1-15] DEBUG org.asynchttpclient.netty.channel.ChannelManager - Adding key: http://localhost:18414 for channel [id: 0x20bf7517, L:/127.0.0.1:55458 - R:localhost/127.0.0.1:18414]
20:20:34.295 [Forwarding screenshot on session ded6d8dd6fa4ba53501c140fd5f6fad9 to remote] DEBUG org.asynchttpclient.netty.request.NettyRequestSender - Using pooled Channel '[id: 0x20bf7517, L:/127.0.0.1:55458 - R:localhost/127.0.0.1:18414]' for 'GET' to 'http://localhost:18414/session/ded6d8dd6fa4ba53501c140fd5f6fad9/screenshot'
20:20:34.295 [Forwarding screenshot on session ded6d8dd6fa4ba53501c140fd5f6fad9 to remote] DEBUG org.asynchttpclient.netty.request.NettyRequestSender - Using open Channel [id: 0x20bf7517, L:/127.0.0.1:55458 - R:localhost/127.0.0.1:18414] for GET '/session/ded6d8dd6fa4ba53501c140fd5f6fad9/screenshot'
20:20:34.406 [AsyncHttpClient-1-15] DEBUG org.asynchttpclient.netty.handler.HttpHandler - 

Request DefaultFullHttpRequest(decodeResult: success, version: HTTP/1.1, content: EmptyByteBufBE)
GET /session/ded6d8dd6fa4ba53501c140fd5f6fad9/screenshot HTTP/1.1
User-Agent: selenium/4.8.1 (java windows)
Cache-Control: no-cache
Content-Type: application/json; charset=utf-8
host: localhost:18414
accept: */*

Response DefaultHttpResponse(decodeResult: success, version: HTTP/1.1)
HTTP/1.1 200 OK
Content-Length: 30092
Content-Type: application/json; charset=utf-8
cache-control: no-cache

20:20:34.406 [AsyncHttpClient-1-15] DEBUG org.asynchttpclient.netty.channel.ChannelManager - Adding key: http://localhost:18414 for channel [id: 0x20bf7517, L:/127.0.0.1:55458 - R:localhost/127.0.0.1:18414]
20:20:34.407 [main] DEBUG net.serenitybdd.core.photography.Darkroom - Send negative for processing for target\site\serenity\ce066349e0d53dd88ad2ca80514d68f5c2670a482274b163f60b14a1afe02b5a.png
20:20:34.408 [main] DEBUG net.thucydides.core.steps.StepInterceptor - STEP DONE: inputEmail
20:20:34.408 [Darkroom Processing Line] DEBUG net.serenitybdd.core.photography.DarkroomProcessingLine - Processing screenshot image in /var/screenshots/screenshot-9098836626774569164
20:20:34.408 [Darkroom Processing Line] DEBUG net.serenitybdd.core.photography.DarkroomProcessingLine - Saving screenshot to target\site\serenity\ce066349e0d53dd88ad2ca80514d68f5c2670a482274b163f60b14a1afe02b5a.png
20:20:34.413 [Forwarding getPageSource on session ded6d8dd6fa4ba53501c140fd5f6fad9 to remote] DEBUG org.asynchttpclient.netty.request.NettyRequestSender - Using pooled Channel '[id: 0x20bf7517, L:/127.0.0.1:55458 - R:localhost/127.0.0.1:18414]' for 'POST' to 'http://localhost:18414/session/ded6d8dd6fa4ba53501c140fd5f6fad9/execute/sync'
20:20:34.413 [Forwarding getPageSource on session ded6d8dd6fa4ba53501c140fd5f6fad9 to remote] DEBUG org.asynchttpclient.netty.request.NettyRequestSender - Using open Channel [id: 0x20bf7517, L:/127.0.0.1:55458 - R:localhost/127.0.0.1:18414] for POST '/session/ded6d8dd6fa4ba53501c140fd5f6fad9/execute/sync'
20:20:34.419 [AsyncHttpClient-1-15] DEBUG org.asynchttpclient.netty.handler.HttpHandler - 

Request DefaultHttpRequest(decodeResult: success, version: HTTP/1.1)
POST /session/ded6d8dd6fa4ba53501c140fd5f6fad9/execute/sync HTTP/1.1
User-Agent: selenium/4.8.1 (java windows)
Content-Length: 176
Content-Type: application/json; charset=utf-8
host: localhost:18414
accept: */*

Response DefaultHttpResponse(decodeResult: success, version: HTTP/1.1)
HTTP/1.1 200 OK
Content-Length: 21780
Content-Type: application/json; charset=utf-8
cache-control: no-cache

20:20:34.419 [AsyncHttpClient-1-15] DEBUG org.asynchttpclient.netty.channel.ChannelManager - Adding key: http://localhost:18414 for channel [id: 0x20bf7517, L:/127.0.0.1:55458 - R:localhost/127.0.0.1:18414]
20:20:34.421 [Forwarding getCurrentUrl on session ded6d8dd6fa4ba53501c140fd5f6fad9 to remote] DEBUG org.asynchttpclient.netty.request.NettyRequestSender - Using pooled Channel '[id: 0x20bf7517, L:/127.0.0.1:55458 - R:localhost/127.0.0.1:18414]' for 'GET' to 'http://localhost:18414/session/ded6d8dd6fa4ba53501c140fd5f6fad9/url'
20:20:34.421 [Forwarding getCurrentUrl on session ded6d8dd6fa4ba53501c140fd5f6fad9 to remote] DEBUG org.asynchttpclient.netty.request.NettyRequestSender - Using open Channel [id: 0x20bf7517, L:/127.0.0.1:55458 - R:localhost/127.0.0.1:18414] for GET '/session/ded6d8dd6fa4ba53501c140fd5f6fad9/url'
20:20:34.428 [AsyncHttpClient-1-15] DEBUG org.asynchttpclient.netty.handler.HttpHandler - 

Request DefaultFullHttpRequest(decodeResult: success, version: HTTP/1.1, content: EmptyByteBufBE)
GET /session/ded6d8dd6fa4ba53501c140fd5f6fad9/url HTTP/1.1
User-Agent: selenium/4.8.1 (java windows)
Cache-Control: no-cache
Content-Type: application/json; charset=utf-8
host: localhost:18414
accept: */*

Response DefaultHttpResponse(decodeResult: success, version: HTTP/1.1)
HTTP/1.1 200 OK
Content-Length: 51
Content-Type: application/json; charset=utf-8
cache-control: no-cache

20:20:34.428 [AsyncHttpClient-1-15] DEBUG org.asynchttpclient.netty.channel.ChannelManager - Adding key: http://localhost:18414 for channel [id: 0x20bf7517, L:/127.0.0.1:55458 - R:localhost/127.0.0.1:18414]
20:20:34.431 [main] DEBUG net.thucydides.core.steps.StepInterceptor - STARTING STEP: ProductSteps.onTheHomePage - inputPassword
20:20:34.434 [Forwarding findElement on session ded6d8dd6fa4ba53501c140fd5f6fad9 to remote] DEBUG org.asynchttpclient.netty.request.NettyRequestSender - Using pooled Channel '[id: 0x20bf7517, L:/127.0.0.1:55458 - R:localhost/127.0.0.1:18414]' for 'POST' to 'http://localhost:18414/session/ded6d8dd6fa4ba53501c140fd5f6fad9/element'
20:20:34.434 [Forwarding findElement on session ded6d8dd6fa4ba53501c140fd5f6fad9 to remote] DEBUG org.asynchttpclient.netty.request.NettyRequestSender - Using open Channel [id: 0x20bf7517, L:/127.0.0.1:55458 - R:localhost/127.0.0.1:18414] for POST '/session/ded6d8dd6fa4ba53501c140fd5f6fad9/element'
20:20:34.451 [AsyncHttpClient-1-15] DEBUG org.asynchttpclient.netty.handler.HttpHandler - 

Request DefaultHttpRequest(decodeResult: success, version: HTTP/1.1)
POST /session/ded6d8dd6fa4ba53501c140fd5f6fad9/element HTTP/1.1
User-Agent: selenium/4.8.1 (java windows)
Content-Length: 55
Content-Type: application/json; charset=utf-8
host: localhost:18414
accept: */*

Response DefaultHttpResponse(decodeResult: success, version: HTTP/1.1)
HTTP/1.1 200 OK
Content-Length: 88
Content-Type: application/json; charset=utf-8
cache-control: no-cache

20:20:34.451 [AsyncHttpClient-1-15] DEBUG org.asynchttpclient.netty.channel.ChannelManager - Adding key: http://localhost:18414 for channel [id: 0x20bf7517, L:/127.0.0.1:55458 - R:localhost/127.0.0.1:18414]
20:20:34.452 [AsyncHttpClient-1-1] DEBUG org.asynchttpclient.netty.channel.DefaultChannelPool - Entry count for : http://localhost:55460 : 1
20:20:34.452 [AsyncHttpClient-1-1] DEBUG org.asynchttpclient.netty.channel.DefaultChannelPool - Entry count for : http://localhost:18414 : 1
20:20:34.453 [Forwarding clearElement on session ded6d8dd6fa4ba53501c140fd5f6fad9 to remote] DEBUG org.asynchttpclient.netty.request.NettyRequestSender - Using pooled Channel '[id: 0x20bf7517, L:/127.0.0.1:55458 - R:localhost/127.0.0.1:18414]' for 'POST' to 'http://localhost:18414/session/ded6d8dd6fa4ba53501c140fd5f6fad9/element/bad3cdf8-1cd4-4f4b-a6d4-fa67f0ace4e6/clear'
20:20:34.453 [Forwarding clearElement on session ded6d8dd6fa4ba53501c140fd5f6fad9 to remote] DEBUG org.asynchttpclient.netty.request.NettyRequestSender - Using open Channel [id: 0x20bf7517, L:/127.0.0.1:55458 - R:localhost/127.0.0.1:18414] for POST '/session/ded6d8dd6fa4ba53501c140fd5f6fad9/element/bad3cdf8-1cd4-4f4b-a6d4-fa67f0ace4e6/clear'
20:20:34.500 [AsyncHttpClient-1-15] DEBUG org.asynchttpclient.netty.handler.HttpHandler - 

Request DefaultHttpRequest(decodeResult: success, version: HTTP/1.1)
POST /session/ded6d8dd6fa4ba53501c140fd5f6fad9/element/bad3cdf8-1cd4-4f4b-a6d4-fa67f0ace4e6/clear HTTP/1.1
User-Agent: selenium/4.8.1 (java windows)
Content-Length: 50
Content-Type: application/json; charset=utf-8
host: localhost:18414
accept: */*

Response DefaultHttpResponse(decodeResult: success, version: HTTP/1.1)
HTTP/1.1 200 OK
Content-Length: 14
Content-Type: application/json; charset=utf-8
cache-control: no-cache

20:20:34.500 [AsyncHttpClient-1-15] DEBUG org.asynchttpclient.netty.channel.ChannelManager - Adding key: http://localhost:18414 for channel [id: 0x20bf7517, L:/127.0.0.1:55458 - R:localhost/127.0.0.1:18414]
20:20:34.502 [Forwarding sendKeysToElement on session ded6d8dd6fa4ba53501c140fd5f6fad9 to remote] DEBUG org.asynchttpclient.netty.request.NettyRequestSender - Using pooled Channel '[id: 0x20bf7517, L:/127.0.0.1:55458 - R:localhost/127.0.0.1:18414]' for 'POST' to 'http://localhost:18414/session/ded6d8dd6fa4ba53501c140fd5f6fad9/element/bad3cdf8-1cd4-4f4b-a6d4-fa67f0ace4e6/value'
20:20:34.502 [Forwarding sendKeysToElement on session ded6d8dd6fa4ba53501c140fd5f6fad9 to remote] DEBUG org.asynchttpclient.netty.request.NettyRequestSender - Using open Channel [id: 0x20bf7517, L:/127.0.0.1:55458 - R:localhost/127.0.0.1:18414] for POST '/session/ded6d8dd6fa4ba53501c140fd5f6fad9/element/bad3cdf8-1cd4-4f4b-a6d4-fa67f0ace4e6/value'
20:20:34.556 [AsyncHttpClient-1-15] DEBUG org.asynchttpclient.netty.handler.HttpHandler - 

Request DefaultHttpRequest(decodeResult: success, version: HTTP/1.1)
POST /session/ded6d8dd6fa4ba53501c140fd5f6fad9/element/bad3cdf8-1cd4-4f4b-a6d4-fa67f0ace4e6/value HTTP/1.1
User-Agent: selenium/4.8.1 (java windows)
Content-Length: 141
Content-Type: application/json; charset=utf-8
host: localhost:18414
accept: */*

Response DefaultHttpResponse(decodeResult: success, version: HTTP/1.1)
HTTP/1.1 200 OK
Content-Length: 14
Content-Type: application/json; charset=utf-8
cache-control: no-cache

20:20:34.557 [AsyncHttpClient-1-15] DEBUG org.asynchttpclient.netty.channel.ChannelManager - Adding key: http://localhost:18414 for channel [id: 0x20bf7517, L:/127.0.0.1:55458 - R:localhost/127.0.0.1:18414]
20:20:34.562 [Forwarding getAlertText on session ded6d8dd6fa4ba53501c140fd5f6fad9 to remote] DEBUG org.asynchttpclient.netty.request.NettyRequestSender - Using pooled Channel '[id: 0x20bf7517, L:/127.0.0.1:55458 - R:localhost/127.0.0.1:18414]' for 'GET' to 'http://localhost:18414/session/ded6d8dd6fa4ba53501c140fd5f6fad9/alert/text'
20:20:34.562 [Forwarding getAlertText on session ded6d8dd6fa4ba53501c140fd5f6fad9 to remote] DEBUG org.asynchttpclient.netty.request.NettyRequestSender - Using open Channel [id: 0x20bf7517, L:/127.0.0.1:55458 - R:localhost/127.0.0.1:18414] for GET '/session/ded6d8dd6fa4ba53501c140fd5f6fad9/alert/text'
20:20:34.563 [AsyncHttpClient-1-15] DEBUG org.asynchttpclient.netty.handler.HttpHandler - 

Request DefaultFullHttpRequest(decodeResult: success, version: HTTP/1.1, content: EmptyByteBufBE)
GET /session/ded6d8dd6fa4ba53501c140fd5f6fad9/alert/text HTTP/1.1
User-Agent: selenium/4.8.1 (java windows)
Cache-Control: no-cache
Content-Type: application/json; charset=utf-8
host: localhost:18414
accept: */*

Response DefaultHttpResponse(decodeResult: success, version: HTTP/1.1)
HTTP/1.1 404 Not Found
Content-Length: 836
Content-Type: application/json; charset=utf-8
cache-control: no-cache

20:20:34.563 [AsyncHttpClient-1-15] DEBUG org.asynchttpclient.netty.channel.ChannelManager - Adding key: http://localhost:18414 for channel [id: 0x20bf7517, L:/127.0.0.1:55458 - R:localhost/127.0.0.1:18414]
20:20:34.564 [Forwarding getCurrentUrl on session ded6d8dd6fa4ba53501c140fd5f6fad9 to remote] DEBUG org.asynchttpclient.netty.request.NettyRequestSender - Using pooled Channel '[id: 0x20bf7517, L:/127.0.0.1:55458 - R:localhost/127.0.0.1:18414]' for 'GET' to 'http://localhost:18414/session/ded6d8dd6fa4ba53501c140fd5f6fad9/url'
20:20:34.564 [Forwarding getCurrentUrl on session ded6d8dd6fa4ba53501c140fd5f6fad9 to remote] DEBUG org.asynchttpclient.netty.request.NettyRequestSender - Using open Channel [id: 0x20bf7517, L:/127.0.0.1:55458 - R:localhost/127.0.0.1:18414] for GET '/session/ded6d8dd6fa4ba53501c140fd5f6fad9/url'
20:20:34.566 [AsyncHttpClient-1-15] DEBUG org.asynchttpclient.netty.handler.HttpHandler - 

Request DefaultFullHttpRequest(decodeResult: success, version: HTTP/1.1, content: EmptyByteBufBE)
GET /session/ded6d8dd6fa4ba53501c140fd5f6fad9/url HTTP/1.1
User-Agent: selenium/4.8.1 (java windows)
Cache-Control: no-cache
Content-Type: application/json; charset=utf-8
host: localhost:18414
accept: */*

Response DefaultHttpResponse(decodeResult: success, version: HTTP/1.1)
HTTP/1.1 200 OK
Content-Length: 51
Content-Type: application/json; charset=utf-8
cache-control: no-cache

20:20:34.566 [AsyncHttpClient-1-15] DEBUG org.asynchttpclient.netty.channel.ChannelManager - Adding key: http://localhost:18414 for channel [id: 0x20bf7517, L:/127.0.0.1:55458 - R:localhost/127.0.0.1:18414]
20:20:34.567 [Forwarding screenshot on session ded6d8dd6fa4ba53501c140fd5f6fad9 to remote] DEBUG org.asynchttpclient.netty.request.NettyRequestSender - Using pooled Channel '[id: 0x20bf7517, L:/127.0.0.1:55458 - R:localhost/127.0.0.1:18414]' for 'GET' to 'http://localhost:18414/session/ded6d8dd6fa4ba53501c140fd5f6fad9/screenshot'
20:20:34.567 [Forwarding screenshot on session ded6d8dd6fa4ba53501c140fd5f6fad9 to remote] DEBUG org.asynchttpclient.netty.request.NettyRequestSender - Using open Channel [id: 0x20bf7517, L:/127.0.0.1:55458 - R:localhost/127.0.0.1:18414] for GET '/session/ded6d8dd6fa4ba53501c140fd5f6fad9/screenshot'
20:20:34.667 [AsyncHttpClient-1-15] DEBUG org.asynchttpclient.netty.handler.HttpHandler - 

Request DefaultFullHttpRequest(decodeResult: success, version: HTTP/1.1, content: EmptyByteBufBE)
GET /session/ded6d8dd6fa4ba53501c140fd5f6fad9/screenshot HTTP/1.1
User-Agent: selenium/4.8.1 (java windows)
Cache-Control: no-cache
Content-Type: application/json; charset=utf-8
host: localhost:18414
accept: */*

Response DefaultHttpResponse(decodeResult: success, version: HTTP/1.1)
HTTP/1.1 200 OK
Content-Length: 30868
Content-Type: application/json; charset=utf-8
cache-control: no-cache

20:20:34.667 [AsyncHttpClient-1-15] DEBUG org.asynchttpclient.netty.channel.ChannelManager - Adding key: http://localhost:18414 for channel [id: 0x20bf7517, L:/127.0.0.1:55458 - R:localhost/127.0.0.1:18414]
20:20:34.668 [main] DEBUG net.serenitybdd.core.photography.Darkroom - Send negative for processing for target\site\serenity\d2a28b3fc415e324961eaa13082047c05603188316241c0abb71963ce0645a09.png
20:20:34.668 [main] DEBUG net.thucydides.core.steps.StepInterceptor - STEP DONE: inputPassword
20:20:34.668 [Darkroom Processing Line] DEBUG net.serenitybdd.core.photography.DarkroomProcessingLine - Processing screenshot image in /var/screenshots/screenshot-7610561280285721003
20:20:34.668 [Darkroom Processing Line] DEBUG net.serenitybdd.core.photography.DarkroomProcessingLine - Saving screenshot to target\site\serenity\d2a28b3fc415e324961eaa13082047c05603188316241c0abb71963ce0645a09.png
20:20:34.672 [Forwarding getPageSource on session ded6d8dd6fa4ba53501c140fd5f6fad9 to remote] DEBUG org.asynchttpclient.netty.request.NettyRequestSender - Using pooled Channel '[id: 0x20bf7517, L:/127.0.0.1:55458 - R:localhost/127.0.0.1:18414]' for 'POST' to 'http://localhost:18414/session/ded6d8dd6fa4ba53501c140fd5f6fad9/execute/sync'
20:20:34.672 [Forwarding getPageSource on session ded6d8dd6fa4ba53501c140fd5f6fad9 to remote] DEBUG org.asynchttpclient.netty.request.NettyRequestSender - Using open Channel [id: 0x20bf7517, L:/127.0.0.1:55458 - R:localhost/127.0.0.1:18414] for POST '/session/ded6d8dd6fa4ba53501c140fd5f6fad9/execute/sync'
20:20:34.676 [AsyncHttpClient-1-15] DEBUG org.asynchttpclient.netty.handler.HttpHandler - 

Request DefaultHttpRequest(decodeResult: success, version: HTTP/1.1)
POST /session/ded6d8dd6fa4ba53501c140fd5f6fad9/execute/sync HTTP/1.1
User-Agent: selenium/4.8.1 (java windows)
Content-Length: 176
Content-Type: application/json; charset=utf-8
host: localhost:18414
accept: */*

Response DefaultHttpResponse(decodeResult: success, version: HTTP/1.1)
HTTP/1.1 200 OK
Content-Length: 21839
Content-Type: application/json; charset=utf-8
cache-control: no-cache

20:20:34.676 [AsyncHttpClient-1-15] DEBUG org.asynchttpclient.netty.channel.ChannelManager - Adding key: http://localhost:18414 for channel [id: 0x20bf7517, L:/127.0.0.1:55458 - R:localhost/127.0.0.1:18414]
20:20:34.678 [Forwarding getCurrentUrl on session ded6d8dd6fa4ba53501c140fd5f6fad9 to remote] DEBUG org.asynchttpclient.netty.request.NettyRequestSender - Using pooled Channel '[id: 0x20bf7517, L:/127.0.0.1:55458 - R:localhost/127.0.0.1:18414]' for 'GET' to 'http://localhost:18414/session/ded6d8dd6fa4ba53501c140fd5f6fad9/url'
20:20:34.678 [Forwarding getCurrentUrl on session ded6d8dd6fa4ba53501c140fd5f6fad9 to remote] DEBUG org.asynchttpclient.netty.request.NettyRequestSender - Using open Channel [id: 0x20bf7517, L:/127.0.0.1:55458 - R:localhost/127.0.0.1:18414] for GET '/session/ded6d8dd6fa4ba53501c140fd5f6fad9/url'
20:20:34.681 [AsyncHttpClient-1-15] DEBUG org.asynchttpclient.netty.handler.HttpHandler - 

Request DefaultFullHttpRequest(decodeResult: success, version: HTTP/1.1, content: EmptyByteBufBE)
GET /session/ded6d8dd6fa4ba53501c140fd5f6fad9/url HTTP/1.1
User-Agent: selenium/4.8.1 (java windows)
Cache-Control: no-cache
Content-Type: application/json; charset=utf-8
host: localhost:18414
accept: */*

Response DefaultHttpResponse(decodeResult: success, version: HTTP/1.1)
HTTP/1.1 200 OK
Content-Length: 51
Content-Type: application/json; charset=utf-8
cache-control: no-cache

20:20:34.681 [AsyncHttpClient-1-15] DEBUG org.asynchttpclient.netty.channel.ChannelManager - Adding key: http://localhost:18414 for channel [id: 0x20bf7517, L:/127.0.0.1:55458 - R:localhost/127.0.0.1:18414]
20:20:34.682 [main] DEBUG net.thucydides.core.steps.StepInterceptor - STARTING STEP: ProductSteps.onTheHomePage - clickLoginButton
20:20:34.684 [Forwarding findElement on session ded6d8dd6fa4ba53501c140fd5f6fad9 to remote] DEBUG org.asynchttpclient.netty.request.NettyRequestSender - Using pooled Channel '[id: 0x20bf7517, L:/127.0.0.1:55458 - R:localhost/127.0.0.1:18414]' for 'POST' to 'http://localhost:18414/session/ded6d8dd6fa4ba53501c140fd5f6fad9/element'
20:20:34.684 [Forwarding findElement on session ded6d8dd6fa4ba53501c140fd5f6fad9 to remote] DEBUG org.asynchttpclient.netty.request.NettyRequestSender - Using open Channel [id: 0x20bf7517, L:/127.0.0.1:55458 - R:localhost/127.0.0.1:18414] for POST '/session/ded6d8dd6fa4ba53501c140fd5f6fad9/element'
20:20:34.694 [AsyncHttpClient-1-15] DEBUG org.asynchttpclient.netty.handler.HttpHandler - 

Request DefaultHttpRequest(decodeResult: success, version: HTTP/1.1)
POST /session/ded6d8dd6fa4ba53501c140fd5f6fad9/element HTTP/1.1
User-Agent: selenium/4.8.1 (java windows)
Content-Length: 71
Content-Type: application/json; charset=utf-8
host: localhost:18414
accept: */*

Response DefaultHttpResponse(decodeResult: success, version: HTTP/1.1)
HTTP/1.1 200 OK
Content-Length: 88
Content-Type: application/json; charset=utf-8
cache-control: no-cache

20:20:34.694 [AsyncHttpClient-1-15] DEBUG org.asynchttpclient.netty.channel.ChannelManager - Adding key: http://localhost:18414 for channel [id: 0x20bf7517, L:/127.0.0.1:55458 - R:localhost/127.0.0.1:18414]
20:20:34.694 [Forwarding getElementTagName on session ded6d8dd6fa4ba53501c140fd5f6fad9 to remote] DEBUG org.asynchttpclient.netty.request.NettyRequestSender - Using pooled Channel '[id: 0x20bf7517, L:/127.0.0.1:55458 - R:localhost/127.0.0.1:18414]' for 'GET' to 'http://localhost:18414/session/ded6d8dd6fa4ba53501c140fd5f6fad9/element/2653bdb9-804c-4b5b-a213-d3d797f1c26d/name'
20:20:34.694 [Forwarding getElementTagName on session ded6d8dd6fa4ba53501c140fd5f6fad9 to remote] DEBUG org.asynchttpclient.netty.request.NettyRequestSender - Using open Channel [id: 0x20bf7517, L:/127.0.0.1:55458 - R:localhost/127.0.0.1:18414] for GET '/session/ded6d8dd6fa4ba53501c140fd5f6fad9/element/2653bdb9-804c-4b5b-a213-d3d797f1c26d/name'
20:20:34.697 [AsyncHttpClient-1-15] DEBUG org.asynchttpclient.netty.handler.HttpHandler - 

Request DefaultFullHttpRequest(decodeResult: success, version: HTTP/1.1, content: EmptyByteBufBE)
GET /session/ded6d8dd6fa4ba53501c140fd5f6fad9/element/2653bdb9-804c-4b5b-a213-d3d797f1c26d/name HTTP/1.1
User-Agent: selenium/4.8.1 (java windows)
Cache-Control: no-cache
Content-Type: application/json; charset=utf-8
host: localhost:18414
accept: */*

Response DefaultHttpResponse(decodeResult: success, version: HTTP/1.1)
HTTP/1.1 200 OK
Content-Length: 18
Content-Type: application/json; charset=utf-8
cache-control: no-cache

20:20:34.698 [AsyncHttpClient-1-15] DEBUG org.asynchttpclient.netty.channel.ChannelManager - Adding key: http://localhost:18414 for channel [id: 0x20bf7517, L:/127.0.0.1:55458 - R:localhost/127.0.0.1:18414]
20:20:34.698 [Forwarding getElementTagName on session ded6d8dd6fa4ba53501c140fd5f6fad9 to remote] DEBUG org.asynchttpclient.netty.request.NettyRequestSender - Using pooled Channel '[id: 0x20bf7517, L:/127.0.0.1:55458 - R:localhost/127.0.0.1:18414]' for 'GET' to 'http://localhost:18414/session/ded6d8dd6fa4ba53501c140fd5f6fad9/element/2653bdb9-804c-4b5b-a213-d3d797f1c26d/name'
20:20:34.698 [Forwarding getElementTagName on session ded6d8dd6fa4ba53501c140fd5f6fad9 to remote] DEBUG org.asynchttpclient.netty.request.NettyRequestSender - Using open Channel [id: 0x20bf7517, L:/127.0.0.1:55458 - R:localhost/127.0.0.1:18414] for GET '/session/ded6d8dd6fa4ba53501c140fd5f6fad9/element/2653bdb9-804c-4b5b-a213-d3d797f1c26d/name'
20:20:34.701 [AsyncHttpClient-1-15] DEBUG org.asynchttpclient.netty.handler.HttpHandler - 

Request DefaultFullHttpRequest(decodeResult: success, version: HTTP/1.1, content: EmptyByteBufBE)
GET /session/ded6d8dd6fa4ba53501c140fd5f6fad9/element/2653bdb9-804c-4b5b-a213-d3d797f1c26d/name HTTP/1.1
User-Agent: selenium/4.8.1 (java windows)
Cache-Control: no-cache
Content-Type: application/json; charset=utf-8
host: localhost:18414
accept: */*

Response DefaultHttpResponse(decodeResult: success, version: HTTP/1.1)
HTTP/1.1 200 OK
Content-Length: 18
Content-Type: application/json; charset=utf-8
cache-control: no-cache

20:20:34.701 [AsyncHttpClient-1-15] DEBUG org.asynchttpclient.netty.channel.ChannelManager - Adding key: http://localhost:18414 for channel [id: 0x20bf7517, L:/127.0.0.1:55458 - R:localhost/127.0.0.1:18414]
20:20:34.702 [Forwarding isElementEnabled on session ded6d8dd6fa4ba53501c140fd5f6fad9 to remote] DEBUG org.asynchttpclient.netty.request.NettyRequestSender - Using pooled Channel '[id: 0x20bf7517, L:/127.0.0.1:55458 - R:localhost/127.0.0.1:18414]' for 'GET' to 'http://localhost:18414/session/ded6d8dd6fa4ba53501c140fd5f6fad9/element/2653bdb9-804c-4b5b-a213-d3d797f1c26d/enabled'
20:20:34.702 [Forwarding isElementEnabled on session ded6d8dd6fa4ba53501c140fd5f6fad9 to remote] DEBUG org.asynchttpclient.netty.request.NettyRequestSender - Using open Channel [id: 0x20bf7517, L:/127.0.0.1:55458 - R:localhost/127.0.0.1:18414] for GET '/session/ded6d8dd6fa4ba53501c140fd5f6fad9/element/2653bdb9-804c-4b5b-a213-d3d797f1c26d/enabled'
20:20:34.708 [AsyncHttpClient-1-15] DEBUG org.asynchttpclient.netty.handler.HttpHandler - 

Request DefaultFullHttpRequest(decodeResult: success, version: HTTP/1.1, content: EmptyByteBufBE)
GET /session/ded6d8dd6fa4ba53501c140fd5f6fad9/element/2653bdb9-804c-4b5b-a213-d3d797f1c26d/enabled HTTP/1.1
User-Agent: selenium/4.8.1 (java windows)
Cache-Control: no-cache
Content-Type: application/json; charset=utf-8
host: localhost:18414
accept: */*

Response DefaultHttpResponse(decodeResult: success, version: HTTP/1.1)
HTTP/1.1 200 OK
Content-Length: 14
Content-Type: application/json; charset=utf-8
cache-control: no-cache

20:20:34.709 [AsyncHttpClient-1-15] DEBUG org.asynchttpclient.netty.channel.ChannelManager - Adding key: http://localhost:18414 for channel [id: 0x20bf7517, L:/127.0.0.1:55458 - R:localhost/127.0.0.1:18414]
20:20:34.709 [Forwarding isElementEnabled on session ded6d8dd6fa4ba53501c140fd5f6fad9 to remote] DEBUG org.asynchttpclient.netty.request.NettyRequestSender - Using pooled Channel '[id: 0x20bf7517, L:/127.0.0.1:55458 - R:localhost/127.0.0.1:18414]' for 'GET' to 'http://localhost:18414/session/ded6d8dd6fa4ba53501c140fd5f6fad9/element/2653bdb9-804c-4b5b-a213-d3d797f1c26d/enabled'
20:20:34.709 [Forwarding isElementEnabled on session ded6d8dd6fa4ba53501c140fd5f6fad9 to remote] DEBUG org.asynchttpclient.netty.request.NettyRequestSender - Using open Channel [id: 0x20bf7517, L:/127.0.0.1:55458 - R:localhost/127.0.0.1:18414] for GET '/session/ded6d8dd6fa4ba53501c140fd5f6fad9/element/2653bdb9-804c-4b5b-a213-d3d797f1c26d/enabled'
20:20:34.714 [AsyncHttpClient-1-15] DEBUG org.asynchttpclient.netty.handler.HttpHandler - 

Request DefaultFullHttpRequest(decodeResult: success, version: HTTP/1.1, content: EmptyByteBufBE)
GET /session/ded6d8dd6fa4ba53501c140fd5f6fad9/element/2653bdb9-804c-4b5b-a213-d3d797f1c26d/enabled HTTP/1.1
User-Agent: selenium/4.8.1 (java windows)
Cache-Control: no-cache
Content-Type: application/json; charset=utf-8
host: localhost:18414
accept: */*

Response DefaultHttpResponse(decodeResult: success, version: HTTP/1.1)
HTTP/1.1 200 OK
Content-Length: 14
Content-Type: application/json; charset=utf-8
cache-control: no-cache

20:20:34.714 [AsyncHttpClient-1-15] DEBUG org.asynchttpclient.netty.channel.ChannelManager - Adding key: http://localhost:18414 for channel [id: 0x20bf7517, L:/127.0.0.1:55458 - R:localhost/127.0.0.1:18414]
20:20:34.715 [Forwarding findElement on session ded6d8dd6fa4ba53501c140fd5f6fad9 to remote] DEBUG org.asynchttpclient.netty.request.NettyRequestSender - Using pooled Channel '[id: 0x20bf7517, L:/127.0.0.1:55458 - R:localhost/127.0.0.1:18414]' for 'POST' to 'http://localhost:18414/session/ded6d8dd6fa4ba53501c140fd5f6fad9/element'
20:20:34.715 [Forwarding findElement on session ded6d8dd6fa4ba53501c140fd5f6fad9 to remote] DEBUG org.asynchttpclient.netty.request.NettyRequestSender - Using open Channel [id: 0x20bf7517, L:/127.0.0.1:55458 - R:localhost/127.0.0.1:18414] for POST '/session/ded6d8dd6fa4ba53501c140fd5f6fad9/element'
20:20:34.721 [AsyncHttpClient-1-15] DEBUG org.asynchttpclient.netty.handler.HttpHandler - 

Request DefaultHttpRequest(decodeResult: success, version: HTTP/1.1)
POST /session/ded6d8dd6fa4ba53501c140fd5f6fad9/element HTTP/1.1
User-Agent: selenium/4.8.1 (java windows)
Content-Length: 71
Content-Type: application/json; charset=utf-8
host: localhost:18414
accept: */*

Response DefaultHttpResponse(decodeResult: success, version: HTTP/1.1)
HTTP/1.1 200 OK
Content-Length: 88
Content-Type: application/json; charset=utf-8
cache-control: no-cache

20:20:34.721 [AsyncHttpClient-1-15] DEBUG org.asynchttpclient.netty.channel.ChannelManager - Adding key: http://localhost:18414 for channel [id: 0x20bf7517, L:/127.0.0.1:55458 - R:localhost/127.0.0.1:18414]
20:20:34.722 [Forwarding clickElement on session ded6d8dd6fa4ba53501c140fd5f6fad9 to remote] DEBUG org.asynchttpclient.netty.request.NettyRequestSender - Using pooled Channel '[id: 0x20bf7517, L:/127.0.0.1:55458 - R:localhost/127.0.0.1:18414]' for 'POST' to 'http://localhost:18414/session/ded6d8dd6fa4ba53501c140fd5f6fad9/element/2653bdb9-804c-4b5b-a213-d3d797f1c26d/click'
20:20:34.722 [Forwarding clickElement on session ded6d8dd6fa4ba53501c140fd5f6fad9 to remote] DEBUG org.asynchttpclient.netty.request.NettyRequestSender - Using open Channel [id: 0x20bf7517, L:/127.0.0.1:55458 - R:localhost/127.0.0.1:18414] for POST '/session/ded6d8dd6fa4ba53501c140fd5f6fad9/element/2653bdb9-804c-4b5b-a213-d3d797f1c26d/click'
20:20:34.760 [AsyncHttpClient-1-15] DEBUG org.asynchttpclient.netty.handler.HttpHandler - 

Request DefaultHttpRequest(decodeResult: success, version: HTTP/1.1)
POST /session/ded6d8dd6fa4ba53501c140fd5f6fad9/element/2653bdb9-804c-4b5b-a213-d3d797f1c26d/click HTTP/1.1
User-Agent: selenium/4.8.1 (java windows)
Content-Length: 50
Content-Type: application/json; charset=utf-8
host: localhost:18414
accept: */*

Response DefaultHttpResponse(decodeResult: success, version: HTTP/1.1)
HTTP/1.1 200 OK
Content-Length: 14
Content-Type: application/json; charset=utf-8
cache-control: no-cache

20:20:34.760 [AsyncHttpClient-1-15] DEBUG org.asynchttpclient.netty.channel.ChannelManager - Adding key: http://localhost:18414 for channel [id: 0x20bf7517, L:/127.0.0.1:55458 - R:localhost/127.0.0.1:18414]
20:20:34.764 [Forwarding getAlertText on session ded6d8dd6fa4ba53501c140fd5f6fad9 to remote] DEBUG org.asynchttpclient.netty.request.NettyRequestSender - Using pooled Channel '[id: 0x20bf7517, L:/127.0.0.1:55458 - R:localhost/127.0.0.1:18414]' for 'GET' to 'http://localhost:18414/session/ded6d8dd6fa4ba53501c140fd5f6fad9/alert/text'
20:20:34.764 [Forwarding getAlertText on session ded6d8dd6fa4ba53501c140fd5f6fad9 to remote] DEBUG org.asynchttpclient.netty.request.NettyRequestSender - Using open Channel [id: 0x20bf7517, L:/127.0.0.1:55458 - R:localhost/127.0.0.1:18414] for GET '/session/ded6d8dd6fa4ba53501c140fd5f6fad9/alert/text'
20:20:34.765 [AsyncHttpClient-1-15] DEBUG org.asynchttpclient.netty.handler.HttpHandler - 

Request DefaultFullHttpRequest(decodeResult: success, version: HTTP/1.1, content: EmptyByteBufBE)
GET /session/ded6d8dd6fa4ba53501c140fd5f6fad9/alert/text HTTP/1.1
User-Agent: selenium/4.8.1 (java windows)
Cache-Control: no-cache
Content-Type: application/json; charset=utf-8
host: localhost:18414
accept: */*

Response DefaultHttpResponse(decodeResult: success, version: HTTP/1.1)
HTTP/1.1 404 Not Found
Content-Length: 836
Content-Type: application/json; charset=utf-8
cache-control: no-cache

20:20:34.765 [AsyncHttpClient-1-15] DEBUG org.asynchttpclient.netty.channel.ChannelManager - Adding key: http://localhost:18414 for channel [id: 0x20bf7517, L:/127.0.0.1:55458 - R:localhost/127.0.0.1:18414]
20:20:34.766 [Forwarding getCurrentUrl on session ded6d8dd6fa4ba53501c140fd5f6fad9 to remote] DEBUG org.asynchttpclient.netty.request.NettyRequestSender - Using pooled Channel '[id: 0x20bf7517, L:/127.0.0.1:55458 - R:localhost/127.0.0.1:18414]' for 'GET' to 'http://localhost:18414/session/ded6d8dd6fa4ba53501c140fd5f6fad9/url'
20:20:34.766 [Forwarding getCurrentUrl on session ded6d8dd6fa4ba53501c140fd5f6fad9 to remote] DEBUG org.asynchttpclient.netty.request.NettyRequestSender - Using open Channel [id: 0x20bf7517, L:/127.0.0.1:55458 - R:localhost/127.0.0.1:18414] for GET '/session/ded6d8dd6fa4ba53501c140fd5f6fad9/url'
20:20:34.769 [AsyncHttpClient-1-15] DEBUG org.asynchttpclient.netty.handler.HttpHandler - 

Request DefaultFullHttpRequest(decodeResult: success, version: HTTP/1.1, content: EmptyByteBufBE)
GET /session/ded6d8dd6fa4ba53501c140fd5f6fad9/url HTTP/1.1
User-Agent: selenium/4.8.1 (java windows)
Cache-Control: no-cache
Content-Type: application/json; charset=utf-8
host: localhost:18414
accept: */*

Response DefaultHttpResponse(decodeResult: success, version: HTTP/1.1)
HTTP/1.1 200 OK
Content-Length: 51
Content-Type: application/json; charset=utf-8
cache-control: no-cache

20:20:34.769 [AsyncHttpClient-1-15] DEBUG org.asynchttpclient.netty.channel.ChannelManager - Adding key: http://localhost:18414 for channel [id: 0x20bf7517, L:/127.0.0.1:55458 - R:localhost/127.0.0.1:18414]
20:20:34.770 [Forwarding screenshot on session ded6d8dd6fa4ba53501c140fd5f6fad9 to remote] DEBUG org.asynchttpclient.netty.request.NettyRequestSender - Using pooled Channel '[id: 0x20bf7517, L:/127.0.0.1:55458 - R:localhost/127.0.0.1:18414]' for 'GET' to 'http://localhost:18414/session/ded6d8dd6fa4ba53501c140fd5f6fad9/screenshot'
20:20:34.770 [Forwarding screenshot on session ded6d8dd6fa4ba53501c140fd5f6fad9 to remote] DEBUG org.asynchttpclient.netty.request.NettyRequestSender - Using open Channel [id: 0x20bf7517, L:/127.0.0.1:55458 - R:localhost/127.0.0.1:18414] for GET '/session/ded6d8dd6fa4ba53501c140fd5f6fad9/screenshot'
20:20:34.870 [AsyncHttpClient-1-15] DEBUG org.asynchttpclient.netty.handler.HttpHandler - 

Request DefaultFullHttpRequest(decodeResult: success, version: HTTP/1.1, content: EmptyByteBufBE)
GET /session/ded6d8dd6fa4ba53501c140fd5f6fad9/screenshot HTTP/1.1
User-Agent: selenium/4.8.1 (java windows)
Cache-Control: no-cache
Content-Type: application/json; charset=utf-8
host: localhost:18414
accept: */*

Response DefaultHttpResponse(decodeResult: success, version: HTTP/1.1)
HTTP/1.1 200 OK
Content-Length: 30596
Content-Type: application/json; charset=utf-8
cache-control: no-cache

20:20:34.871 [AsyncHttpClient-1-15] DEBUG org.asynchttpclient.netty.channel.ChannelManager - Adding key: http://localhost:18414 for channel [id: 0x20bf7517, L:/127.0.0.1:55458 - R:localhost/127.0.0.1:18414]
20:20:34.871 [main] DEBUG net.serenitybdd.core.photography.Darkroom - Send negative for processing for target\site\serenity\eea5cb144a256b04e3b6394eb700ba43c2d3939ea18a27cfa03c99623878f201.png
20:20:34.872 [main] DEBUG net.thucydides.core.steps.StepInterceptor - STEP DONE: clickLoginButton
20:20:34.872 [Darkroom Processing Line] DEBUG net.serenitybdd.core.photography.DarkroomProcessingLine - Processing screenshot image in /var/screenshots/screenshot-4629554422471180887
20:20:34.872 [Darkroom Processing Line] DEBUG net.serenitybdd.core.photography.DarkroomProcessingLine - Saving screenshot to target\site\serenity\eea5cb144a256b04e3b6394eb700ba43c2d3939ea18a27cfa03c99623878f201.png
20:20:34.876 [Forwarding getPageSource on session ded6d8dd6fa4ba53501c140fd5f6fad9 to remote] DEBUG org.asynchttpclient.netty.request.NettyRequestSender - Using pooled Channel '[id: 0x20bf7517, L:/127.0.0.1:55458 - R:localhost/127.0.0.1:18414]' for 'POST' to 'http://localhost:18414/session/ded6d8dd6fa4ba53501c140fd5f6fad9/execute/sync'
20:20:34.876 [Forwarding getPageSource on session ded6d8dd6fa4ba53501c140fd5f6fad9 to remote] DEBUG org.asynchttpclient.netty.request.NettyRequestSender - Using open Channel [id: 0x20bf7517, L:/127.0.0.1:55458 - R:localhost/127.0.0.1:18414] for POST '/session/ded6d8dd6fa4ba53501c140fd5f6fad9/execute/sync'
20:20:34.880 [AsyncHttpClient-1-15] DEBUG org.asynchttpclient.netty.handler.HttpHandler - 

Request DefaultHttpRequest(decodeResult: success, version: HTTP/1.1)
POST /session/ded6d8dd6fa4ba53501c140fd5f6fad9/execute/sync HTTP/1.1
User-Agent: selenium/4.8.1 (java windows)
Content-Length: 176
Content-Type: application/json; charset=utf-8
host: localhost:18414
accept: */*

Response DefaultHttpResponse(decodeResult: success, version: HTTP/1.1)
HTTP/1.1 200 OK
Content-Length: 22118
Content-Type: application/json; charset=utf-8
cache-control: no-cache

20:20:34.880 [AsyncHttpClient-1-15] DEBUG org.asynchttpclient.netty.channel.ChannelManager - Adding key: http://localhost:18414 for channel [id: 0x20bf7517, L:/127.0.0.1:55458 - R:localhost/127.0.0.1:18414]
20:20:34.882 [Forwarding getCurrentUrl on session ded6d8dd6fa4ba53501c140fd5f6fad9 to remote] DEBUG org.asynchttpclient.netty.request.NettyRequestSender - Using pooled Channel '[id: 0x20bf7517, L:/127.0.0.1:55458 - R:localhost/127.0.0.1:18414]' for 'GET' to 'http://localhost:18414/session/ded6d8dd6fa4ba53501c140fd5f6fad9/url'
20:20:34.882 [Forwarding getCurrentUrl on session ded6d8dd6fa4ba53501c140fd5f6fad9 to remote] DEBUG org.asynchttpclient.netty.request.NettyRequestSender - Using open Channel [id: 0x20bf7517, L:/127.0.0.1:55458 - R:localhost/127.0.0.1:18414] for GET '/session/ded6d8dd6fa4ba53501c140fd5f6fad9/url'
20:20:34.884 [AsyncHttpClient-1-15] DEBUG org.asynchttpclient.netty.handler.HttpHandler - 

Request DefaultFullHttpRequest(decodeResult: success, version: HTTP/1.1, content: EmptyByteBufBE)
GET /session/ded6d8dd6fa4ba53501c140fd5f6fad9/url HTTP/1.1
User-Agent: selenium/4.8.1 (java windows)
Cache-Control: no-cache
Content-Type: application/json; charset=utf-8
host: localhost:18414
accept: */*

Response DefaultHttpResponse(decodeResult: success, version: HTTP/1.1)
HTTP/1.1 200 OK
Content-Length: 51
Content-Type: application/json; charset=utf-8
cache-control: no-cache

20:20:34.884 [AsyncHttpClient-1-15] DEBUG org.asynchttpclient.netty.channel.ChannelManager - Adding key: http://localhost:18414 for channel [id: 0x20bf7517, L:/127.0.0.1:55458 - R:localhost/127.0.0.1:18414]
20:20:34.885 [main] DEBUG net.thucydides.core.steps.StepInterceptor - STARTING STEP: ProductSteps.onTheHomePage - validateOnHomePage
20:20:34.887 [Forwarding findElement on session ded6d8dd6fa4ba53501c140fd5f6fad9 to remote] DEBUG org.asynchttpclient.netty.request.NettyRequestSender - Using pooled Channel '[id: 0x20bf7517, L:/127.0.0.1:55458 - R:localhost/127.0.0.1:18414]' for 'POST' to 'http://localhost:18414/session/ded6d8dd6fa4ba53501c140fd5f6fad9/element'
20:20:34.887 [Forwarding findElement on session ded6d8dd6fa4ba53501c140fd5f6fad9 to remote] DEBUG org.asynchttpclient.netty.request.NettyRequestSender - Using open Channel [id: 0x20bf7517, L:/127.0.0.1:55458 - R:localhost/127.0.0.1:18414] for POST '/session/ded6d8dd6fa4ba53501c140fd5f6fad9/element'
20:20:35.165 [AsyncHttpClient-1-15] DEBUG org.asynchttpclient.netty.handler.HttpHandler - 

Request DefaultHttpRequest(decodeResult: success, version: HTTP/1.1)
POST /session/ded6d8dd6fa4ba53501c140fd5f6fad9/element HTTP/1.1
User-Agent: selenium/4.8.1 (java windows)
Content-Length: 54
Content-Type: application/json; charset=utf-8
host: localhost:18414
accept: */*

Response DefaultHttpResponse(decodeResult: success, version: HTTP/1.1)
HTTP/1.1 200 OK
Content-Length: 88
Content-Type: application/json; charset=utf-8
cache-control: no-cache

20:20:35.165 [AsyncHttpClient-1-15] DEBUG org.asynchttpclient.netty.channel.ChannelManager - Adding key: http://localhost:18414 for channel [id: 0x20bf7517, L:/127.0.0.1:55458 - R:localhost/127.0.0.1:18414]
20:20:35.166 [Forwarding isElementDisplayed on session ded6d8dd6fa4ba53501c140fd5f6fad9 to remote] DEBUG org.asynchttpclient.netty.request.NettyRequestSender - Using pooled Channel '[id: 0x20bf7517, L:/127.0.0.1:55458 - R:localhost/127.0.0.1:18414]' for 'POST' to 'http://localhost:18414/session/ded6d8dd6fa4ba53501c140fd5f6fad9/execute/sync'
20:20:35.166 [Forwarding isElementDisplayed on session ded6d8dd6fa4ba53501c140fd5f6fad9 to remote] DEBUG org.asynchttpclient.netty.request.NettyRequestSender - Using open Channel [id: 0x20bf7517, L:/127.0.0.1:55458 - R:localhost/127.0.0.1:18414] for POST '/session/ded6d8dd6fa4ba53501c140fd5f6fad9/execute/sync'
20:20:35.176 [AsyncHttpClient-1-15] DEBUG org.asynchttpclient.netty.handler.HttpHandler - 

Request DefaultHttpRequest(decodeResult: success, version: HTTP/1.1)
POST /session/ded6d8dd6fa4ba53501c140fd5f6fad9/execute/sync HTTP/1.1
User-Agent: selenium/4.8.1 (java windows)
Content-Length: 48807
Content-Type: application/json; charset=utf-8
host: localhost:18414
accept: */*

Response DefaultHttpResponse(decodeResult: success, version: HTTP/1.1)
HTTP/1.1 200 OK
Content-Length: 14
Content-Type: application/json; charset=utf-8
cache-control: no-cache

20:20:35.177 [AsyncHttpClient-1-15] DEBUG org.asynchttpclient.netty.channel.ChannelManager - Adding key: http://localhost:18414 for channel [id: 0x20bf7517, L:/127.0.0.1:55458 - R:localhost/127.0.0.1:18414]
20:20:35.180 [Forwarding getAlertText on session ded6d8dd6fa4ba53501c140fd5f6fad9 to remote] DEBUG org.asynchttpclient.netty.request.NettyRequestSender - Using pooled Channel '[id: 0x20bf7517, L:/127.0.0.1:55458 - R:localhost/127.0.0.1:18414]' for 'GET' to 'http://localhost:18414/session/ded6d8dd6fa4ba53501c140fd5f6fad9/alert/text'
20:20:35.180 [Forwarding getAlertText on session ded6d8dd6fa4ba53501c140fd5f6fad9 to remote] DEBUG org.asynchttpclient.netty.request.NettyRequestSender - Using open Channel [id: 0x20bf7517, L:/127.0.0.1:55458 - R:localhost/127.0.0.1:18414] for GET '/session/ded6d8dd6fa4ba53501c140fd5f6fad9/alert/text'
20:20:35.181 [AsyncHttpClient-1-15] DEBUG org.asynchttpclient.netty.handler.HttpHandler - 

Request DefaultFullHttpRequest(decodeResult: success, version: HTTP/1.1, content: EmptyByteBufBE)
GET /session/ded6d8dd6fa4ba53501c140fd5f6fad9/alert/text HTTP/1.1
User-Agent: selenium/4.8.1 (java windows)
Cache-Control: no-cache
Content-Type: application/json; charset=utf-8
host: localhost:18414
accept: */*

Response DefaultHttpResponse(decodeResult: success, version: HTTP/1.1)
HTTP/1.1 404 Not Found
Content-Length: 836
Content-Type: application/json; charset=utf-8
cache-control: no-cache

20:20:35.181 [AsyncHttpClient-1-15] DEBUG org.asynchttpclient.netty.channel.ChannelManager - Adding key: http://localhost:18414 for channel [id: 0x20bf7517, L:/127.0.0.1:55458 - R:localhost/127.0.0.1:18414]
20:20:35.182 [Forwarding getCurrentUrl on session ded6d8dd6fa4ba53501c140fd5f6fad9 to remote] DEBUG org.asynchttpclient.netty.request.NettyRequestSender - Using pooled Channel '[id: 0x20bf7517, L:/127.0.0.1:55458 - R:localhost/127.0.0.1:18414]' for 'GET' to 'http://localhost:18414/session/ded6d8dd6fa4ba53501c140fd5f6fad9/url'
20:20:35.182 [Forwarding getCurrentUrl on session ded6d8dd6fa4ba53501c140fd5f6fad9 to remote] DEBUG org.asynchttpclient.netty.request.NettyRequestSender - Using open Channel [id: 0x20bf7517, L:/127.0.0.1:55458 - R:localhost/127.0.0.1:18414] for GET '/session/ded6d8dd6fa4ba53501c140fd5f6fad9/url'
20:20:35.184 [AsyncHttpClient-1-15] DEBUG org.asynchttpclient.netty.handler.HttpHandler - 

Request DefaultFullHttpRequest(decodeResult: success, version: HTTP/1.1, content: EmptyByteBufBE)
GET /session/ded6d8dd6fa4ba53501c140fd5f6fad9/url HTTP/1.1
User-Agent: selenium/4.8.1 (java windows)
Cache-Control: no-cache
Content-Type: application/json; charset=utf-8
host: localhost:18414
accept: */*

Response DefaultHttpResponse(decodeResult: success, version: HTTP/1.1)
HTTP/1.1 200 OK
Content-Length: 41
Content-Type: application/json; charset=utf-8
cache-control: no-cache

20:20:35.185 [AsyncHttpClient-1-15] DEBUG org.asynchttpclient.netty.channel.ChannelManager - Adding key: http://localhost:18414 for channel [id: 0x20bf7517, L:/127.0.0.1:55458 - R:localhost/127.0.0.1:18414]
20:20:35.185 [Forwarding screenshot on session ded6d8dd6fa4ba53501c140fd5f6fad9 to remote] DEBUG org.asynchttpclient.netty.request.NettyRequestSender - Using pooled Channel '[id: 0x20bf7517, L:/127.0.0.1:55458 - R:localhost/127.0.0.1:18414]' for 'GET' to 'http://localhost:18414/session/ded6d8dd6fa4ba53501c140fd5f6fad9/screenshot'
20:20:35.185 [Forwarding screenshot on session ded6d8dd6fa4ba53501c140fd5f6fad9 to remote] DEBUG org.asynchttpclient.netty.request.NettyRequestSender - Using open Channel [id: 0x20bf7517, L:/127.0.0.1:55458 - R:localhost/127.0.0.1:18414] for GET '/session/ded6d8dd6fa4ba53501c140fd5f6fad9/screenshot'
20:20:35.560 [AsyncHttpClient-1-1] DEBUG org.asynchttpclient.netty.channel.DefaultChannelPool - Entry count for : http://localhost:55460 : 1
20:20:35.738 [AsyncHttpClient-1-15] DEBUG org.asynchttpclient.netty.handler.HttpHandler - 

Request DefaultFullHttpRequest(decodeResult: success, version: HTTP/1.1, content: EmptyByteBufBE)
GET /session/ded6d8dd6fa4ba53501c140fd5f6fad9/screenshot HTTP/1.1
User-Agent: selenium/4.8.1 (java windows)
Cache-Control: no-cache
Content-Type: application/json; charset=utf-8
host: localhost:18414
accept: */*

Response DefaultHttpResponse(decodeResult: success, version: HTTP/1.1)
HTTP/1.1 200 OK
Content-Length: 26484
Content-Type: application/json; charset=utf-8
cache-control: no-cache

20:20:35.738 [AsyncHttpClient-1-15] DEBUG org.asynchttpclient.netty.channel.ChannelManager - Adding key: http://localhost:18414 for channel [id: 0x20bf7517, L:/127.0.0.1:55458 - R:localhost/127.0.0.1:18414]
20:20:35.739 [main] DEBUG net.serenitybdd.core.photography.Darkroom - Send negative for processing for target\site\serenity\fb992b9efd37235fc7796ad4d4efcd28b166da624c50e71540dc72c2ccb3cb72.png
20:20:35.739 [main] DEBUG net.thucydides.core.steps.StepInterceptor - STEP DONE: validateOnHomePage
  &amp#27;[32mGiven &amp#27;[0m&amp#27;[32mI already login and go to the alta-shop home page&amp#27;[0m &amp#27;[90m# starter.stepdefinitions.ProductSteps.onTheHomePage()&amp#27;[0m
20:20:35.739 [Darkroom Processing Line] DEBUG net.serenitybdd.core.photography.DarkroomProcessingLine - Processing screenshot image in /var/screenshots/screenshot-8031320170857344275
20:20:35.739 [Darkroom Processing Line] DEBUG net.serenitybdd.core.photography.DarkroomProcessingLine - Saving screenshot to target\site\serenity\fb992b9efd37235fc7796ad4d4efcd28b166da624c50e71540dc72c2ccb3cb72.png
20:20:35.745 [Forwarding getPageSource on session ded6d8dd6fa4ba53501c140fd5f6fad9 to remote] DEBUG org.asynchttpclient.netty.request.NettyRequestSender - Using pooled Channel '[id: 0x20bf7517, L:/127.0.0.1:55458 - R:localhost/127.0.0.1:18414]' for 'POST' to 'http://localhost:18414/session/ded6d8dd6fa4ba53501c140fd5f6fad9/execute/sync'
20:20:35.745 [Forwarding getPageSource on session ded6d8dd6fa4ba53501c140fd5f6fad9 to remote] DEBUG org.asynchttpclient.netty.request.NettyRequestSender - Using open Channel [id: 0x20bf7517, L:/127.0.0.1:55458 - R:localhost/127.0.0.1:18414] for POST '/session/ded6d8dd6fa4ba53501c140fd5f6fad9/execute/sync'
20:20:35.756 [AsyncHttpClient-1-15] DEBUG org.asynchttpclient.netty.handler.HttpHandler - 

Request DefaultHttpRequest(decodeResult: success, version: HTTP/1.1)
POST /session/ded6d8dd6fa4ba53501c140fd5f6fad9/execute/sync HTTP/1.1
User-Agent: selenium/4.8.1 (java windows)
Content-Length: 176
Content-Type: application/json; charset=utf-8
host: localhost:18414
accept: */*

Response DefaultHttpResponse(decodeResult: success, version: HTTP/1.1)
HTTP/1.1 200 OK
Content-Length: 218363
Content-Type: application/json; charset=utf-8
cache-control: no-cache

20:20:35.757 [AsyncHttpClient-1-15] DEBUG org.asynchttpclient.netty.channel.ChannelManager - Adding key: http://localhost:18414 for channel [id: 0x20bf7517, L:/127.0.0.1:55458 - R:localhost/127.0.0.1:18414]
20:20:35.768 [Forwarding getCurrentUrl on session ded6d8dd6fa4ba53501c140fd5f6fad9 to remote] DEBUG org.asynchttpclient.netty.request.NettyRequestSender - Using pooled Channel '[id: 0x20bf7517, L:/127.0.0.1:55458 - R:localhost/127.0.0.1:18414]' for 'GET' to 'http://localhost:18414/session/ded6d8dd6fa4ba53501c140fd5f6fad9/url'
20:20:35.768 [Forwarding getCurrentUrl on session ded6d8dd6fa4ba53501c140fd5f6fad9 to remote] DEBUG org.asynchttpclient.netty.request.NettyRequestSender - Using open Channel [id: 0x20bf7517, L:/127.0.0.1:55458 - R:localhost/127.0.0.1:18414] for GET '/session/ded6d8dd6fa4ba53501c140fd5f6fad9/url'
20:20:35.770 [AsyncHttpClient-1-15] DEBUG org.asynchttpclient.netty.handler.HttpHandler - 

Request DefaultFullHttpRequest(decodeResult: success, version: HTTP/1.1, content: EmptyByteBufBE)
GET /session/ded6d8dd6fa4ba53501c140fd5f6fad9/url HTTP/1.1
User-Agent: selenium/4.8.1 (java windows)
Cache-Control: no-cache
Content-Type: application/json; charset=utf-8
host: localhost:18414
accept: */*

Response DefaultHttpResponse(decodeResult: success, version: HTTP/1.1)
HTTP/1.1 200 OK
Content-Length: 41
Content-Type: application/json; charset=utf-8
cache-control: no-cache

20:20:35.770 [AsyncHttpClient-1-15] DEBUG org.asynchttpclient.netty.channel.ChannelManager - Adding key: http://localhost:18414 for channel [id: 0x20bf7517, L:/127.0.0.1:55458 - R:localhost/127.0.0.1:18414]
20:20:35.779 [Forwarding getPageSource on session ded6d8dd6fa4ba53501c140fd5f6fad9 to remote] DEBUG org.asynchttpclient.netty.request.NettyRequestSender - Using pooled Channel '[id: 0x20bf7517, L:/127.0.0.1:55458 - R:localhost/127.0.0.1:18414]' for 'POST' to 'http://localhost:18414/session/ded6d8dd6fa4ba53501c140fd5f6fad9/execute/sync'
20:20:35.779 [Forwarding getPageSource on session ded6d8dd6fa4ba53501c140fd5f6fad9 to remote] DEBUG org.asynchttpclient.netty.request.NettyRequestSender - Using open Channel [id: 0x20bf7517, L:/127.0.0.1:55458 - R:localhost/127.0.0.1:18414] for POST '/session/ded6d8dd6fa4ba53501c140fd5f6fad9/execute/sync'
20:20:35.796 [AsyncHttpClient-1-15] DEBUG org.asynchttpclient.netty.handler.HttpHandler - 

Request DefaultHttpRequest(decodeResult: success, version: HTTP/1.1)
POST /session/ded6d8dd6fa4ba53501c140fd5f6fad9/execute/sync HTTP/1.1
User-Agent: selenium/4.8.1 (java windows)
Content-Length: 176
Content-Type: application/json; charset=utf-8
host: localhost:18414
accept: */*

Response DefaultHttpResponse(decodeResult: success, version: HTTP/1.1)
HTTP/1.1 200 OK
Content-Length: 218363
Content-Type: application/json; charset=utf-8
cache-control: no-cache

20:20:35.796 [AsyncHttpClient-1-15] DEBUG org.asynchttpclient.netty.channel.ChannelManager - Adding key: http://localhost:18414 for channel [id: 0x20bf7517, L:/127.0.0.1:55458 - R:localhost/127.0.0.1:18414]
20:20:35.815 [Forwarding getCurrentUrl on session ded6d8dd6fa4ba53501c140fd5f6fad9 to remote] DEBUG org.asynchttpclient.netty.request.NettyRequestSender - Using pooled Channel '[id: 0x20bf7517, L:/127.0.0.1:55458 - R:localhost/127.0.0.1:18414]' for 'GET' to 'http://localhost:18414/session/ded6d8dd6fa4ba53501c140fd5f6fad9/url'
20:20:35.815 [Forwarding getCurrentUrl on session ded6d8dd6fa4ba53501c140fd5f6fad9 to remote] DEBUG org.asynchttpclient.netty.request.NettyRequestSender - Using open Channel [id: 0x20bf7517, L:/127.0.0.1:55458 - R:localhost/127.0.0.1:18414] for GET '/session/ded6d8dd6fa4ba53501c140fd5f6fad9/url'
20:20:35.863 [AsyncHttpClient-1-15] DEBUG org.asynchttpclient.netty.handler.HttpHandler - 

Request DefaultFullHttpRequest(decodeResult: success, version: HTTP/1.1, content: EmptyByteBufBE)
GET /session/ded6d8dd6fa4ba53501c140fd5f6fad9/url HTTP/1.1
User-Agent: selenium/4.8.1 (java windows)
Cache-Control: no-cache
Content-Type: application/json; charset=utf-8
host: localhost:18414
accept: */*

Response DefaultHttpResponse(decodeResult: success, version: HTTP/1.1)
HTTP/1.1 200 OK
Content-Length: 41
Content-Type: application/json; charset=utf-8
cache-control: no-cache

20:20:35.863 [AsyncHttpClient-1-15] DEBUG org.asynchttpclient.netty.channel.ChannelManager - Adding key: http://localhost:18414 for channel [id: 0x20bf7517, L:/127.0.0.1:55458 - R:localhost/127.0.0.1:18414]
20:20:35.867 [main] DEBUG net.thucydides.core.steps.StepInterceptor - STARTING STEP: ProductSteps.clickBeliButton - clickBeliButton
20:20:35.870 [Forwarding findElement on session ded6d8dd6fa4ba53501c140fd5f6fad9 to remote] DEBUG org.asynchttpclient.netty.request.NettyRequestSender - Using pooled Channel '[id: 0x20bf7517, L:/127.0.0.1:55458 - R:localhost/127.0.0.1:18414]' for 'POST' to 'http://localhost:18414/session/ded6d8dd6fa4ba53501c140fd5f6fad9/element'
20:20:35.870 [Forwarding findElement on session ded6d8dd6fa4ba53501c140fd5f6fad9 to remote] DEBUG org.asynchttpclient.netty.request.NettyRequestSender - Using open Channel [id: 0x20bf7517, L:/127.0.0.1:55458 - R:localhost/127.0.0.1:18414] for POST '/session/ded6d8dd6fa4ba53501c140fd5f6fad9/element'
20:20:35.888 [AsyncHttpClient-1-15] DEBUG org.asynchttpclient.netty.handler.HttpHandler - 

Request DefaultHttpRequest(decodeResult: success, version: HTTP/1.1)
POST /session/ded6d8dd6fa4ba53501c140fd5f6fad9/element HTTP/1.1
User-Agent: selenium/4.8.1 (java windows)
Content-Length: 173
Content-Type: application/json; charset=utf-8
host: localhost:18414
accept: */*

Response DefaultHttpResponse(decodeResult: success, version: HTTP/1.1)
HTTP/1.1 200 OK
Content-Length: 88
Content-Type: application/json; charset=utf-8
cache-control: no-cache

20:20:35.888 [AsyncHttpClient-1-15] DEBUG org.asynchttpclient.netty.channel.ChannelManager - Adding key: http://localhost:18414 for channel [id: 0x20bf7517, L:/127.0.0.1:55458 - R:localhost/127.0.0.1:18414]
20:20:35.889 [Forwarding getElementTagName on session ded6d8dd6fa4ba53501c140fd5f6fad9 to remote] DEBUG org.asynchttpclient.netty.request.NettyRequestSender - Using pooled Channel '[id: 0x20bf7517, L:/127.0.0.1:55458 - R:localhost/127.0.0.1:18414]' for 'GET' to 'http://localhost:18414/session/ded6d8dd6fa4ba53501c140fd5f6fad9/element/01985d97-f54f-49f4-b9bb-294e57c9a5f5/name'
20:20:35.889 [Forwarding getElementTagName on session ded6d8dd6fa4ba53501c140fd5f6fad9 to remote] DEBUG org.asynchttpclient.netty.request.NettyRequestSender - Using open Channel [id: 0x20bf7517, L:/127.0.0.1:55458 - R:localhost/127.0.0.1:18414] for GET '/session/ded6d8dd6fa4ba53501c140fd5f6fad9/element/01985d97-f54f-49f4-b9bb-294e57c9a5f5/name'
20:20:35.893 [AsyncHttpClient-1-15] DEBUG org.asynchttpclient.netty.handler.HttpHandler - 

Request DefaultFullHttpRequest(decodeResult: success, version: HTTP/1.1, content: EmptyByteBufBE)
GET /session/ded6d8dd6fa4ba53501c140fd5f6fad9/element/01985d97-f54f-49f4-b9bb-294e57c9a5f5/name HTTP/1.1
User-Agent: selenium/4.8.1 (java windows)
Cache-Control: no-cache
Content-Type: application/json; charset=utf-8
host: localhost:18414
accept: */*

Response DefaultHttpResponse(decodeResult: success, version: HTTP/1.1)
HTTP/1.1 200 OK
Content-Length: 18
Content-Type: application/json; charset=utf-8
cache-control: no-cache

20:20:35.893 [AsyncHttpClient-1-15] DEBUG org.asynchttpclient.netty.channel.ChannelManager - Adding key: http://localhost:18414 for channel [id: 0x20bf7517, L:/127.0.0.1:55458 - R:localhost/127.0.0.1:18414]
20:20:35.894 [Forwarding getElementTagName on session ded6d8dd6fa4ba53501c140fd5f6fad9 to remote] DEBUG org.asynchttpclient.netty.request.NettyRequestSender - Using pooled Channel '[id: 0x20bf7517, L:/127.0.0.1:55458 - R:localhost/127.0.0.1:18414]' for 'GET' to 'http://localhost:18414/session/ded6d8dd6fa4ba53501c140fd5f6fad9/element/01985d97-f54f-49f4-b9bb-294e57c9a5f5/name'
20:20:35.894 [Forwarding getElementTagName on session ded6d8dd6fa4ba53501c140fd5f6fad9 to remote] DEBUG org.asynchttpclient.netty.request.NettyRequestSender - Using open Channel [id: 0x20bf7517, L:/127.0.0.1:55458 - R:localhost/127.0.0.1:18414] for GET '/session/ded6d8dd6fa4ba53501c140fd5f6fad9/element/01985d97-f54f-49f4-b9bb-294e57c9a5f5/name'
20:20:35.897 [AsyncHttpClient-1-15] DEBUG org.asynchttpclient.netty.handler.HttpHandler - 

Request DefaultFullHttpRequest(decodeResult: success, version: HTTP/1.1, content: EmptyByteBufBE)
GET /session/ded6d8dd6fa4ba53501c140fd5f6fad9/element/01985d97-f54f-49f4-b9bb-294e57c9a5f5/name HTTP/1.1
User-Agent: selenium/4.8.1 (java windows)
Cache-Control: no-cache
Content-Type: application/json; charset=utf-8
host: localhost:18414
accept: */*

Response DefaultHttpResponse(decodeResult: success, version: HTTP/1.1)
HTTP/1.1 200 OK
Content-Length: 18
Content-Type: application/json; charset=utf-8
cache-control: no-cache

20:20:35.897 [AsyncHttpClient-1-15] DEBUG org.asynchttpclient.netty.channel.ChannelManager - Adding key: http://localhost:18414 for channel [id: 0x20bf7517, L:/127.0.0.1:55458 - R:localhost/127.0.0.1:18414]
20:20:35.898 [Forwarding isElementEnabled on session ded6d8dd6fa4ba53501c140fd5f6fad9 to remote] DEBUG org.asynchttpclient.netty.request.NettyRequestSender - Using pooled Channel '[id: 0x20bf7517, L:/127.0.0.1:55458 - R:localhost/127.0.0.1:18414]' for 'GET' to 'http://localhost:18414/session/ded6d8dd6fa4ba53501c140fd5f6fad9/element/01985d97-f54f-49f4-b9bb-294e57c9a5f5/enabled'
20:20:35.898 [Forwarding isElementEnabled on session ded6d8dd6fa4ba53501c140fd5f6fad9 to remote] DEBUG org.asynchttpclient.netty.request.NettyRequestSender - Using open Channel [id: 0x20bf7517, L:/127.0.0.1:55458 - R:localhost/127.0.0.1:18414] for GET '/session/ded6d8dd6fa4ba53501c140fd5f6fad9/element/01985d97-f54f-49f4-b9bb-294e57c9a5f5/enabled'
20:20:35.904 [AsyncHttpClient-1-15] DEBUG org.asynchttpclient.netty.handler.HttpHandler - 

Request DefaultFullHttpRequest(decodeResult: success, version: HTTP/1.1, content: EmptyByteBufBE)
GET /session/ded6d8dd6fa4ba53501c140fd5f6fad9/element/01985d97-f54f-49f4-b9bb-294e57c9a5f5/enabled HTTP/1.1
User-Agent: selenium/4.8.1 (java windows)
Cache-Control: no-cache
Content-Type: application/json; charset=utf-8
host: localhost:18414
accept: */*

Response DefaultHttpResponse(decodeResult: success, version: HTTP/1.1)
HTTP/1.1 200 OK
Content-Length: 14
Content-Type: application/json; charset=utf-8
cache-control: no-cache

20:20:35.904 [AsyncHttpClient-1-15] DEBUG org.asynchttpclient.netty.channel.ChannelManager - Adding key: http://localhost:18414 for channel [id: 0x20bf7517, L:/127.0.0.1:55458 - R:localhost/127.0.0.1:18414]
20:20:35.905 [Forwarding isElementEnabled on session ded6d8dd6fa4ba53501c140fd5f6fad9 to remote] DEBUG org.asynchttpclient.netty.request.NettyRequestSender - Using pooled Channel '[id: 0x20bf7517, L:/127.0.0.1:55458 - R:localhost/127.0.0.1:18414]' for 'GET' to 'http://localhost:18414/session/ded6d8dd6fa4ba53501c140fd5f6fad9/element/01985d97-f54f-49f4-b9bb-294e57c9a5f5/enabled'
20:20:35.905 [Forwarding isElementEnabled on session ded6d8dd6fa4ba53501c140fd5f6fad9 to remote] DEBUG org.asynchttpclient.netty.request.NettyRequestSender - Using open Channel [id: 0x20bf7517, L:/127.0.0.1:55458 - R:localhost/127.0.0.1:18414] for GET '/session/ded6d8dd6fa4ba53501c140fd5f6fad9/element/01985d97-f54f-49f4-b9bb-294e57c9a5f5/enabled'
20:20:35.909 [AsyncHttpClient-1-15] DEBUG org.asynchttpclient.netty.handler.HttpHandler - 

Request DefaultFullHttpRequest(decodeResult: success, version: HTTP/1.1, content: EmptyByteBufBE)
GET /session/ded6d8dd6fa4ba53501c140fd5f6fad9/element/01985d97-f54f-49f4-b9bb-294e57c9a5f5/enabled HTTP/1.1
User-Agent: selenium/4.8.1 (java windows)
Cache-Control: no-cache
Content-Type: application/json; charset=utf-8
host: localhost:18414
accept: */*

Response DefaultHttpResponse(decodeResult: success, version: HTTP/1.1)
HTTP/1.1 200 OK
Content-Length: 14
Content-Type: application/json; charset=utf-8
cache-control: no-cache

20:20:35.909 [AsyncHttpClient-1-15] DEBUG org.asynchttpclient.netty.channel.ChannelManager - Adding key: http://localhost:18414 for channel [id: 0x20bf7517, L:/127.0.0.1:55458 - R:localhost/127.0.0.1:18414]
20:20:35.910 [Forwarding findElement on session ded6d8dd6fa4ba53501c140fd5f6fad9 to remote] DEBUG org.asynchttpclient.netty.request.NettyRequestSender - Using pooled Channel '[id: 0x20bf7517, L:/127.0.0.1:55458 - R:localhost/127.0.0.1:18414]' for 'POST' to 'http://localhost:18414/session/ded6d8dd6fa4ba53501c140fd5f6fad9/element'
20:20:35.910 [Forwarding findElement on session ded6d8dd6fa4ba53501c140fd5f6fad9 to remote] DEBUG org.asynchttpclient.netty.request.NettyRequestSender - Using open Channel [id: 0x20bf7517, L:/127.0.0.1:55458 - R:localhost/127.0.0.1:18414] for POST '/session/ded6d8dd6fa4ba53501c140fd5f6fad9/element'
20:20:35.916 [AsyncHttpClient-1-15] DEBUG org.asynchttpclient.netty.handler.HttpHandler - 

Request DefaultHttpRequest(decodeResult: success, version: HTTP/1.1)
POST /session/ded6d8dd6fa4ba53501c140fd5f6fad9/element HTTP/1.1
User-Agent: selenium/4.8.1 (java windows)
Content-Length: 173
Content-Type: application/json; charset=utf-8
host: localhost:18414
accept: */*

Response DefaultHttpResponse(decodeResult: success, version: HTTP/1.1)
HTTP/1.1 200 OK
Content-Length: 88
Content-Type: application/json; charset=utf-8
cache-control: no-cache

20:20:35.916 [AsyncHttpClient-1-15] DEBUG org.asynchttpclient.netty.channel.ChannelManager - Adding key: http://localhost:18414 for channel [id: 0x20bf7517, L:/127.0.0.1:55458 - R:localhost/127.0.0.1:18414]
20:20:35.917 [Forwarding clickElement on session ded6d8dd6fa4ba53501c140fd5f6fad9 to remote] DEBUG org.asynchttpclient.netty.request.NettyRequestSender - Using pooled Channel '[id: 0x20bf7517, L:/127.0.0.1:55458 - R:localhost/127.0.0.1:18414]' for 'POST' to 'http://localhost:18414/session/ded6d8dd6fa4ba53501c140fd5f6fad9/element/01985d97-f54f-49f4-b9bb-294e57c9a5f5/click'
20:20:35.917 [Forwarding clickElement on session ded6d8dd6fa4ba53501c140fd5f6fad9 to remote] DEBUG org.asynchttpclient.netty.request.NettyRequestSender - Using open Channel [id: 0x20bf7517, L:/127.0.0.1:55458 - R:localhost/127.0.0.1:18414] for POST '/session/ded6d8dd6fa4ba53501c140fd5f6fad9/element/01985d97-f54f-49f4-b9bb-294e57c9a5f5/click'
20:20:35.959 [AsyncHttpClient-1-15] DEBUG org.asynchttpclient.netty.handler.HttpHandler - 

Request DefaultHttpRequest(decodeResult: success, version: HTTP/1.1)
POST /session/ded6d8dd6fa4ba53501c140fd5f6fad9/element/01985d97-f54f-49f4-b9bb-294e57c9a5f5/click HTTP/1.1
User-Agent: selenium/4.8.1 (java windows)
Content-Length: 50
Content-Type: application/json; charset=utf-8
host: localhost:18414
accept: */*

Response DefaultHttpResponse(decodeResult: success, version: HTTP/1.1)
HTTP/1.1 200 OK
Content-Length: 14
Content-Type: application/json; charset=utf-8
cache-control: no-cache

20:20:35.959 [AsyncHttpClient-1-15] DEBUG org.asynchttpclient.netty.channel.ChannelManager - Adding key: http://localhost:18414 for channel [id: 0x20bf7517, L:/127.0.0.1:55458 - R:localhost/127.0.0.1:18414]
20:20:35.963 [Forwarding getAlertText on session ded6d8dd6fa4ba53501c140fd5f6fad9 to remote] DEBUG org.asynchttpclient.netty.request.NettyRequestSender - Using pooled Channel '[id: 0x20bf7517, L:/127.0.0.1:55458 - R:localhost/127.0.0.1:18414]' for 'GET' to 'http://localhost:18414/session/ded6d8dd6fa4ba53501c140fd5f6fad9/alert/text'
20:20:35.964 [Forwarding getAlertText on session ded6d8dd6fa4ba53501c140fd5f6fad9 to remote] DEBUG org.asynchttpclient.netty.request.NettyRequestSender - Using open Channel [id: 0x20bf7517, L:/127.0.0.1:55458 - R:localhost/127.0.0.1:18414] for GET '/session/ded6d8dd6fa4ba53501c140fd5f6fad9/alert/text'
20:20:35.965 [AsyncHttpClient-1-15] DEBUG org.asynchttpclient.netty.handler.HttpHandler - 

Request DefaultFullHttpRequest(decodeResult: success, version: HTTP/1.1, content: EmptyByteBufBE)
GET /session/ded6d8dd6fa4ba53501c140fd5f6fad9/alert/text HTTP/1.1
User-Agent: selenium/4.8.1 (java windows)
Cache-Control: no-cache
Content-Type: application/json; charset=utf-8
host: localhost:18414
accept: */*

Response DefaultHttpResponse(decodeResult: success, version: HTTP/1.1)
HTTP/1.1 404 Not Found
Content-Length: 836
Content-Type: application/json; charset=utf-8
cache-control: no-cache

20:20:35.965 [AsyncHttpClient-1-15] DEBUG org.asynchttpclient.netty.channel.ChannelManager - Adding key: http://localhost:18414 for channel [id: 0x20bf7517, L:/127.0.0.1:55458 - R:localhost/127.0.0.1:18414]
20:20:35.966 [Forwarding getCurrentUrl on session ded6d8dd6fa4ba53501c140fd5f6fad9 to remote] DEBUG org.asynchttpclient.netty.request.NettyRequestSender - Using pooled Channel '[id: 0x20bf7517, L:/127.0.0.1:55458 - R:localhost/127.0.0.1:18414]' for 'GET' to 'http://localhost:18414/session/ded6d8dd6fa4ba53501c140fd5f6fad9/url'
20:20:35.966 [Forwarding getCurrentUrl on session ded6d8dd6fa4ba53501c140fd5f6fad9 to remote] DEBUG org.asynchttpclient.netty.request.NettyRequestSender - Using open Channel [id: 0x20bf7517, L:/127.0.0.1:55458 - R:localhost/127.0.0.1:18414] for GET '/session/ded6d8dd6fa4ba53501c140fd5f6fad9/url'
20:20:35.968 [AsyncHttpClient-1-15] DEBUG org.asynchttpclient.netty.handler.HttpHandler - 

Request DefaultFullHttpRequest(decodeResult: success, version: HTTP/1.1, content: EmptyByteBufBE)
GET /session/ded6d8dd6fa4ba53501c140fd5f6fad9/url HTTP/1.1
User-Agent: selenium/4.8.1 (java windows)
Cache-Control: no-cache
Content-Type: application/json; charset=utf-8
host: localhost:18414
accept: */*

Response DefaultHttpResponse(decodeResult: success, version: HTTP/1.1)
HTTP/1.1 200 OK
Content-Length: 41
Content-Type: application/json; charset=utf-8
cache-control: no-cache

20:20:35.968 [AsyncHttpClient-1-15] DEBUG org.asynchttpclient.netty.channel.ChannelManager - Adding key: http://localhost:18414 for channel [id: 0x20bf7517, L:/127.0.0.1:55458 - R:localhost/127.0.0.1:18414]
20:20:35.969 [Forwarding screenshot on session ded6d8dd6fa4ba53501c140fd5f6fad9 to remote] DEBUG org.asynchttpclient.netty.request.NettyRequestSender - Using pooled Channel '[id: 0x20bf7517, L:/127.0.0.1:55458 - R:localhost/127.0.0.1:18414]' for 'GET' to 'http://localhost:18414/session/ded6d8dd6fa4ba53501c140fd5f6fad9/screenshot'
20:20:35.969 [Forwarding screenshot on session ded6d8dd6fa4ba53501c140fd5f6fad9 to remote] DEBUG org.asynchttpclient.netty.request.NettyRequestSender - Using open Channel [id: 0x20bf7517, L:/127.0.0.1:55458 - R:localhost/127.0.0.1:18414] for GET '/session/ded6d8dd6fa4ba53501c140fd5f6fad9/screenshot'
20:20:36.062 [AsyncHttpClient-1-15] DEBUG org.asynchttpclient.netty.handler.HttpHandler - 

Request DefaultFullHttpRequest(decodeResult: success, version: HTTP/1.1, content: EmptyByteBufBE)
GET /session/ded6d8dd6fa4ba53501c140fd5f6fad9/screenshot HTTP/1.1
User-Agent: selenium/4.8.1 (java windows)
Cache-Control: no-cache
Content-Type: application/json; charset=utf-8
host: localhost:18414
accept: */*

Response DefaultHttpResponse(decodeResult: success, version: HTTP/1.1)
HTTP/1.1 200 OK
Content-Length: 64524
Content-Type: application/json; charset=utf-8
cache-control: no-cache

20:20:36.062 [AsyncHttpClient-1-15] DEBUG org.asynchttpclient.netty.channel.ChannelManager - Adding key: http://localhost:18414 for channel [id: 0x20bf7517, L:/127.0.0.1:55458 - R:localhost/127.0.0.1:18414]
20:20:36.064 [main] DEBUG net.serenitybdd.core.photography.Darkroom - Send negative for processing for target\site\serenity\cec6d59ca12c0f06e8bc0413096fedd72da9df71ff2aba14e1931fa23a7ba53a.png
20:20:36.064 [main] DEBUG net.thucydides.core.steps.StepInterceptor - STEP DONE: clickBeliButton
  &amp#27;[32mWhen &amp#27;[0m&amp#27;[32mI click BELI button from the product&amp#27;[0m               &amp#27;[90m# starter.stepdefinitions.ProductSteps.clickBeliButton()&amp#27;[0m
20:20:36.064 [Darkroom Processing Line] DEBUG net.serenitybdd.core.photography.DarkroomProcessingLine - Processing screenshot image in /var/screenshots/screenshot-9601819516111267964
20:20:36.064 [Darkroom Processing Line] DEBUG net.serenitybdd.core.photography.DarkroomProcessingLine - Saving screenshot to target\site\serenity\cec6d59ca12c0f06e8bc0413096fedd72da9df71ff2aba14e1931fa23a7ba53a.png
20:20:36.071 [Forwarding getPageSource on session ded6d8dd6fa4ba53501c140fd5f6fad9 to remote] DEBUG org.asynchttpclient.netty.request.NettyRequestSender - Using pooled Channel '[id: 0x20bf7517, L:/127.0.0.1:55458 - R:localhost/127.0.0.1:18414]' for 'POST' to 'http://localhost:18414/session/ded6d8dd6fa4ba53501c140fd5f6fad9/execute/sync'
20:20:36.071 [Forwarding getPageSource on session ded6d8dd6fa4ba53501c140fd5f6fad9 to remote] DEBUG org.asynchttpclient.netty.request.NettyRequestSender - Using open Channel [id: 0x20bf7517, L:/127.0.0.1:55458 - R:localhost/127.0.0.1:18414] for POST '/session/ded6d8dd6fa4ba53501c140fd5f6fad9/execute/sync'
20:20:36.083 [AsyncHttpClient-1-15] DEBUG org.asynchttpclient.netty.handler.HttpHandler - 

Request DefaultHttpRequest(decodeResult: success, version: HTTP/1.1)
POST /session/ded6d8dd6fa4ba53501c140fd5f6fad9/execute/sync HTTP/1.1
User-Agent: selenium/4.8.1 (java windows)
Content-Length: 176
Content-Type: application/json; charset=utf-8
host: localhost:18414
accept: */*

Response DefaultHttpResponse(decodeResult: success, version: HTTP/1.1)
HTTP/1.1 200 OK
Content-Length: 218748
Content-Type: application/json; charset=utf-8
cache-control: no-cache

20:20:36.083 [AsyncHttpClient-1-15] DEBUG org.asynchttpclient.netty.channel.ChannelManager - Adding key: http://localhost:18414 for channel [id: 0x20bf7517, L:/127.0.0.1:55458 - R:localhost/127.0.0.1:18414]
20:20:36.094 [Forwarding getCurrentUrl on session ded6d8dd6fa4ba53501c140fd5f6fad9 to remote] DEBUG org.asynchttpclient.netty.request.NettyRequestSender - Using pooled Channel '[id: 0x20bf7517, L:/127.0.0.1:55458 - R:localhost/127.0.0.1:18414]' for 'GET' to 'http://localhost:18414/session/ded6d8dd6fa4ba53501c140fd5f6fad9/url'
20:20:36.094 [Forwarding getCurrentUrl on session ded6d8dd6fa4ba53501c140fd5f6fad9 to remote] DEBUG org.asynchttpclient.netty.request.NettyRequestSender - Using open Channel [id: 0x20bf7517, L:/127.0.0.1:55458 - R:localhost/127.0.0.1:18414] for GET '/session/ded6d8dd6fa4ba53501c140fd5f6fad9/url'
20:20:36.097 [AsyncHttpClient-1-15] DEBUG org.asynchttpclient.netty.handler.HttpHandler - 

Request DefaultFullHttpRequest(decodeResult: success, version: HTTP/1.1, content: EmptyByteBufBE)
GET /session/ded6d8dd6fa4ba53501c140fd5f6fad9/url HTTP/1.1
User-Agent: selenium/4.8.1 (java windows)
Cache-Control: no-cache
Content-Type: application/json; charset=utf-8
host: localhost:18414
accept: */*

Response DefaultHttpResponse(decodeResult: success, version: HTTP/1.1)
HTTP/1.1 200 OK
Content-Length: 41
Content-Type: application/json; charset=utf-8
cache-control: no-cache

20:20:36.097 [AsyncHttpClient-1-15] DEBUG org.asynchttpclient.netty.channel.ChannelManager - Adding key: http://localhost:18414 for channel [id: 0x20bf7517, L:/127.0.0.1:55458 - R:localhost/127.0.0.1:18414]
20:20:36.119 [Forwarding getAlertText on session ded6d8dd6fa4ba53501c140fd5f6fad9 to remote] DEBUG org.asynchttpclient.netty.request.NettyRequestSender - Using pooled Channel '[id: 0x20bf7517, L:/127.0.0.1:55458 - R:localhost/127.0.0.1:18414]' for 'GET' to 'http://localhost:18414/session/ded6d8dd6fa4ba53501c140fd5f6fad9/alert/text'
20:20:36.119 [Forwarding getAlertText on session ded6d8dd6fa4ba53501c140fd5f6fad9 to remote] DEBUG org.asynchttpclient.netty.request.NettyRequestSender - Using open Channel [id: 0x20bf7517, L:/127.0.0.1:55458 - R:localhost/127.0.0.1:18414] for GET '/session/ded6d8dd6fa4ba53501c140fd5f6fad9/alert/text'
20:20:36.121 [AsyncHttpClient-1-15] DEBUG org.asynchttpclient.netty.handler.HttpHandler - 

Request DefaultFullHttpRequest(decodeResult: success, version: HTTP/1.1, content: EmptyByteBufBE)
GET /session/ded6d8dd6fa4ba53501c140fd5f6fad9/alert/text HTTP/1.1
User-Agent: selenium/4.8.1 (java windows)
Cache-Control: no-cache
Content-Type: application/json; charset=utf-8
host: localhost:18414
accept: */*

Response DefaultHttpResponse(decodeResult: success, version: HTTP/1.1)
HTTP/1.1 404 Not Found
Content-Length: 836
Content-Type: application/json; charset=utf-8
cache-control: no-cache

20:20:36.121 [AsyncHttpClient-1-15] DEBUG org.asynchttpclient.netty.channel.ChannelManager - Adding key: http://localhost:18414 for channel [id: 0x20bf7517, L:/127.0.0.1:55458 - R:localhost/127.0.0.1:18414]
20:20:36.122 [Forwarding getCurrentUrl on session ded6d8dd6fa4ba53501c140fd5f6fad9 to remote] DEBUG org.asynchttpclient.netty.request.NettyRequestSender - Using pooled Channel '[id: 0x20bf7517, L:/127.0.0.1:55458 - R:localhost/127.0.0.1:18414]' for 'GET' to 'http://localhost:18414/session/ded6d8dd6fa4ba53501c140fd5f6fad9/url'
20:20:36.122 [Forwarding getCurrentUrl on session ded6d8dd6fa4ba53501c140fd5f6fad9 to remote] DEBUG org.asynchttpclient.netty.request.NettyRequestSender - Using open Channel [id: 0x20bf7517, L:/127.0.0.1:55458 - R:localhost/127.0.0.1:18414] for GET '/session/ded6d8dd6fa4ba53501c140fd5f6fad9/url'
20:20:36.125 [AsyncHttpClient-1-15] DEBUG org.asynchttpclient.netty.handler.HttpHandler - 

Request DefaultFullHttpRequest(decodeResult: success, version: HTTP/1.1, content: EmptyByteBufBE)
GET /session/ded6d8dd6fa4ba53501c140fd5f6fad9/url HTTP/1.1
User-Agent: selenium/4.8.1 (java windows)
Cache-Control: no-cache
Content-Type: application/json; charset=utf-8
host: localhost:18414
accept: */*

Response DefaultHttpResponse(decodeResult: success, version: HTTP/1.1)
HTTP/1.1 200 OK
Content-Length: 41
Content-Type: application/json; charset=utf-8
cache-control: no-cache

20:20:36.125 [AsyncHttpClient-1-15] DEBUG org.asynchttpclient.netty.channel.ChannelManager - Adding key: http://localhost:18414 for channel [id: 0x20bf7517, L:/127.0.0.1:55458 - R:localhost/127.0.0.1:18414]
20:20:36.125 [Forwarding screenshot on session ded6d8dd6fa4ba53501c140fd5f6fad9 to remote] DEBUG org.asynchttpclient.netty.request.NettyRequestSender - Using pooled Channel '[id: 0x20bf7517, L:/127.0.0.1:55458 - R:localhost/127.0.0.1:18414]' for 'GET' to 'http://localhost:18414/session/ded6d8dd6fa4ba53501c140fd5f6fad9/screenshot'
20:20:36.125 [Forwarding screenshot on session ded6d8dd6fa4ba53501c140fd5f6fad9 to remote] DEBUG org.asynchttpclient.netty.request.NettyRequestSender - Using open Channel [id: 0x20bf7517, L:/127.0.0.1:55458 - R:localhost/127.0.0.1:18414] for GET '/session/ded6d8dd6fa4ba53501c140fd5f6fad9/screenshot'
20:20:36.211 [AsyncHttpClient-1-15] DEBUG org.asynchttpclient.netty.handler.HttpHandler - 

Request DefaultFullHttpRequest(decodeResult: success, version: HTTP/1.1, content: EmptyByteBufBE)
GET /session/ded6d8dd6fa4ba53501c140fd5f6fad9/screenshot HTTP/1.1
User-Agent: selenium/4.8.1 (java windows)
Cache-Control: no-cache
Content-Type: application/json; charset=utf-8
host: localhost:18414
accept: */*

Response DefaultHttpResponse(decodeResult: success, version: HTTP/1.1)
HTTP/1.1 200 OK
Content-Length: 65004
Content-Type: application/json; charset=utf-8
cache-control: no-cache

20:20:36.211 [AsyncHttpClient-1-15] DEBUG org.asynchttpclient.netty.channel.ChannelManager - Adding key: http://localhost:18414 for channel [id: 0x20bf7517, L:/127.0.0.1:55458 - R:localhost/127.0.0.1:18414]
20:20:36.212 [main] DEBUG net.serenitybdd.core.photography.Darkroom - Send negative for processing for target\site\serenity\eda6c4038b9e82ccdfb355a50b26fa386c1a8b56414a18936afb34f3a6dfd009.png
20:20:36.213 [Darkroom Processing Line] DEBUG net.serenitybdd.core.photography.DarkroomProcessingLine - Processing screenshot image in /var/screenshots/screenshot-13086139252860856860
20:20:36.213 [Darkroom Processing Line] DEBUG net.serenitybdd.core.photography.DarkroomProcessingLine - Saving screenshot to target\site\serenity\eda6c4038b9e82ccdfb355a50b26fa386c1a8b56414a18936afb34f3a6dfd009.png
20:20:36.213 [Forwarding getPageSource on session ded6d8dd6fa4ba53501c140fd5f6fad9 to remote] DEBUG org.asynchttpclient.netty.request.NettyRequestSender - Using pooled Channel '[id: 0x20bf7517, L:/127.0.0.1:55458 - R:localhost/127.0.0.1:18414]' for 'POST' to 'http://localhost:18414/session/ded6d8dd6fa4ba53501c140fd5f6fad9/execute/sync'
20:20:36.213 [Forwarding getPageSource on session ded6d8dd6fa4ba53501c140fd5f6fad9 to remote] DEBUG org.asynchttpclient.netty.request.NettyRequestSender - Using open Channel [id: 0x20bf7517, L:/127.0.0.1:55458 - R:localhost/127.0.0.1:18414] for POST '/session/ded6d8dd6fa4ba53501c140fd5f6fad9/execute/sync'
20:20:36.225 [AsyncHttpClient-1-15] DEBUG org.asynchttpclient.netty.handler.HttpHandler - 

Request DefaultHttpRequest(decodeResult: success, version: HTTP/1.1)
POST /session/ded6d8dd6fa4ba53501c140fd5f6fad9/execute/sync HTTP/1.1
User-Agent: selenium/4.8.1 (java windows)
Content-Length: 176
Content-Type: application/json; charset=utf-8
host: localhost:18414
accept: */*

Response DefaultHttpResponse(decodeResult: success, version: HTTP/1.1)
HTTP/1.1 200 OK
Content-Length: 218749
Content-Type: application/json; charset=utf-8
cache-control: no-cache

20:20:36.225 [AsyncHttpClient-1-15] DEBUG org.asynchttpclient.netty.channel.ChannelManager - Adding key: http://localhost:18414 for channel [id: 0x20bf7517, L:/127.0.0.1:55458 - R:localhost/127.0.0.1:18414]
20:20:36.236 [Forwarding getCurrentUrl on session ded6d8dd6fa4ba53501c140fd5f6fad9 to remote] DEBUG org.asynchttpclient.netty.request.NettyRequestSender - Using pooled Channel '[id: 0x20bf7517, L:/127.0.0.1:55458 - R:localhost/127.0.0.1:18414]' for 'GET' to 'http://localhost:18414/session/ded6d8dd6fa4ba53501c140fd5f6fad9/url'
20:20:36.236 [Forwarding getCurrentUrl on session ded6d8dd6fa4ba53501c140fd5f6fad9 to remote] DEBUG org.asynchttpclient.netty.request.NettyRequestSender - Using open Channel [id: 0x20bf7517, L:/127.0.0.1:55458 - R:localhost/127.0.0.1:18414] for GET '/session/ded6d8dd6fa4ba53501c140fd5f6fad9/url'
20:20:36.239 [AsyncHttpClient-1-15] DEBUG org.asynchttpclient.netty.handler.HttpHandler - 

Request DefaultFullHttpRequest(decodeResult: success, version: HTTP/1.1, content: EmptyByteBufBE)
GET /session/ded6d8dd6fa4ba53501c140fd5f6fad9/url HTTP/1.1
User-Agent: selenium/4.8.1 (java windows)
Cache-Control: no-cache
Content-Type: application/json; charset=utf-8
host: localhost:18414
accept: */*

Response DefaultHttpResponse(decodeResult: success, version: HTTP/1.1)
HTTP/1.1 200 OK
Content-Length: 41
Content-Type: application/json; charset=utf-8
cache-control: no-cache

20:20:36.239 [AsyncHttpClient-1-15] DEBUG org.asynchttpclient.netty.channel.ChannelManager - Adding key: http://localhost:18414 for channel [id: 0x20bf7517, L:/127.0.0.1:55458 - R:localhost/127.0.0.1:18414]
20:20:36.241 [main] DEBUG net.thucydides.core.steps.StepInterceptor - STARTING STEP: TransactionSteps.clickCartIcon - clickCartIcon
20:20:36.242 [Forwarding findElement on session ded6d8dd6fa4ba53501c140fd5f6fad9 to remote] DEBUG org.asynchttpclient.netty.request.NettyRequestSender - Using pooled Channel '[id: 0x20bf7517, L:/127.0.0.1:55458 - R:localhost/127.0.0.1:18414]' for 'POST' to 'http://localhost:18414/session/ded6d8dd6fa4ba53501c140fd5f6fad9/element'
20:20:36.242 [Forwarding findElement on session ded6d8dd6fa4ba53501c140fd5f6fad9 to remote] DEBUG org.asynchttpclient.netty.request.NettyRequestSender - Using open Channel [id: 0x20bf7517, L:/127.0.0.1:55458 - R:localhost/127.0.0.1:18414] for POST '/session/ded6d8dd6fa4ba53501c140fd5f6fad9/element'
20:20:36.250 [AsyncHttpClient-1-15] DEBUG org.asynchttpclient.netty.handler.HttpHandler - 

Request DefaultHttpRequest(decodeResult: success, version: HTTP/1.1)
POST /session/ded6d8dd6fa4ba53501c140fd5f6fad9/element HTTP/1.1
User-Agent: selenium/4.8.1 (java windows)
Content-Length: 65
Content-Type: application/json; charset=utf-8
host: localhost:18414
accept: */*

Response DefaultHttpResponse(decodeResult: success, version: HTTP/1.1)
HTTP/1.1 200 OK
Content-Length: 88
Content-Type: application/json; charset=utf-8
cache-control: no-cache

20:20:36.250 [AsyncHttpClient-1-15] DEBUG org.asynchttpclient.netty.channel.ChannelManager - Adding key: http://localhost:18414 for channel [id: 0x20bf7517, L:/127.0.0.1:55458 - R:localhost/127.0.0.1:18414]
20:20:36.251 [Forwarding getElementTagName on session ded6d8dd6fa4ba53501c140fd5f6fad9 to remote] DEBUG org.asynchttpclient.netty.request.NettyRequestSender - Using pooled Channel '[id: 0x20bf7517, L:/127.0.0.1:55458 - R:localhost/127.0.0.1:18414]' for 'GET' to 'http://localhost:18414/session/ded6d8dd6fa4ba53501c140fd5f6fad9/element/8110d56e-722d-4bc4-ba06-60cbc62e042f/name'
20:20:36.251 [Forwarding getElementTagName on session ded6d8dd6fa4ba53501c140fd5f6fad9 to remote] DEBUG org.asynchttpclient.netty.request.NettyRequestSender - Using open Channel [id: 0x20bf7517, L:/127.0.0.1:55458 - R:localhost/127.0.0.1:18414] for GET '/session/ded6d8dd6fa4ba53501c140fd5f6fad9/element/8110d56e-722d-4bc4-ba06-60cbc62e042f/name'
20:20:36.254 [AsyncHttpClient-1-15] DEBUG org.asynchttpclient.netty.handler.HttpHandler - 

Request DefaultFullHttpRequest(decodeResult: success, version: HTTP/1.1, content: EmptyByteBufBE)
GET /session/ded6d8dd6fa4ba53501c140fd5f6fad9/element/8110d56e-722d-4bc4-ba06-60cbc62e042f/name HTTP/1.1
User-Agent: selenium/4.8.1 (java windows)
Cache-Control: no-cache
Content-Type: application/json; charset=utf-8
host: localhost:18414
accept: */*

Response DefaultHttpResponse(decodeResult: success, version: HTTP/1.1)
HTTP/1.1 200 OK
Content-Length: 13
Content-Type: application/json; charset=utf-8
cache-control: no-cache

20:20:36.255 [AsyncHttpClient-1-15] DEBUG org.asynchttpclient.netty.channel.ChannelManager - Adding key: http://localhost:18414 for channel [id: 0x20bf7517, L:/127.0.0.1:55458 - R:localhost/127.0.0.1:18414]
20:20:36.255 [Forwarding getElementTagName on session ded6d8dd6fa4ba53501c140fd5f6fad9 to remote] DEBUG org.asynchttpclient.netty.request.NettyRequestSender - Using pooled Channel '[id: 0x20bf7517, L:/127.0.0.1:55458 - R:localhost/127.0.0.1:18414]' for 'GET' to 'http://localhost:18414/session/ded6d8dd6fa4ba53501c140fd5f6fad9/element/8110d56e-722d-4bc4-ba06-60cbc62e042f/name'
20:20:36.255 [Forwarding getElementTagName on session ded6d8dd6fa4ba53501c140fd5f6fad9 to remote] DEBUG org.asynchttpclient.netty.request.NettyRequestSender - Using open Channel [id: 0x20bf7517, L:/127.0.0.1:55458 - R:localhost/127.0.0.1:18414] for GET '/session/ded6d8dd6fa4ba53501c140fd5f6fad9/element/8110d56e-722d-4bc4-ba06-60cbc62e042f/name'
20:20:36.257 [AsyncHttpClient-1-15] DEBUG org.asynchttpclient.netty.handler.HttpHandler - 

Request DefaultFullHttpRequest(decodeResult: success, version: HTTP/1.1, content: EmptyByteBufBE)
GET /session/ded6d8dd6fa4ba53501c140fd5f6fad9/element/8110d56e-722d-4bc4-ba06-60cbc62e042f/name HTTP/1.1
User-Agent: selenium/4.8.1 (java windows)
Cache-Control: no-cache
Content-Type: application/json; charset=utf-8
host: localhost:18414
accept: */*

Response DefaultHttpResponse(decodeResult: success, version: HTTP/1.1)
HTTP/1.1 200 OK
Content-Length: 13
Content-Type: application/json; charset=utf-8
cache-control: no-cache

20:20:36.257 [AsyncHttpClient-1-15] DEBUG org.asynchttpclient.netty.channel.ChannelManager - Adding key: http://localhost:18414 for channel [id: 0x20bf7517, L:/127.0.0.1:55458 - R:localhost/127.0.0.1:18414]
20:20:36.259 [Forwarding findElement on session ded6d8dd6fa4ba53501c140fd5f6fad9 to remote] DEBUG org.asynchttpclient.netty.request.NettyRequestSender - Using pooled Channel '[id: 0x20bf7517, L:/127.0.0.1:55458 - R:localhost/127.0.0.1:18414]' for 'POST' to 'http://localhost:18414/session/ded6d8dd6fa4ba53501c140fd5f6fad9/element'
20:20:36.259 [Forwarding findElement on session ded6d8dd6fa4ba53501c140fd5f6fad9 to remote] DEBUG org.asynchttpclient.netty.request.NettyRequestSender - Using open Channel [id: 0x20bf7517, L:/127.0.0.1:55458 - R:localhost/127.0.0.1:18414] for POST '/session/ded6d8dd6fa4ba53501c140fd5f6fad9/element'
20:20:36.264 [AsyncHttpClient-1-15] DEBUG org.asynchttpclient.netty.handler.HttpHandler - 

Request DefaultHttpRequest(decodeResult: success, version: HTTP/1.1)
POST /session/ded6d8dd6fa4ba53501c140fd5f6fad9/element HTTP/1.1
User-Agent: selenium/4.8.1 (java windows)
Content-Length: 65
Content-Type: application/json; charset=utf-8
host: localhost:18414
accept: */*

Response DefaultHttpResponse(decodeResult: success, version: HTTP/1.1)
HTTP/1.1 200 OK
Content-Length: 88
Content-Type: application/json; charset=utf-8
cache-control: no-cache

20:20:36.264 [AsyncHttpClient-1-15] DEBUG org.asynchttpclient.netty.channel.ChannelManager - Adding key: http://localhost:18414 for channel [id: 0x20bf7517, L:/127.0.0.1:55458 - R:localhost/127.0.0.1:18414]
20:20:36.264 [Forwarding clickElement on session ded6d8dd6fa4ba53501c140fd5f6fad9 to remote] DEBUG org.asynchttpclient.netty.request.NettyRequestSender - Using pooled Channel '[id: 0x20bf7517, L:/127.0.0.1:55458 - R:localhost/127.0.0.1:18414]' for 'POST' to 'http://localhost:18414/session/ded6d8dd6fa4ba53501c140fd5f6fad9/element/8110d56e-722d-4bc4-ba06-60cbc62e042f/click'
20:20:36.264 [Forwarding clickElement on session ded6d8dd6fa4ba53501c140fd5f6fad9 to remote] DEBUG org.asynchttpclient.netty.request.NettyRequestSender - Using open Channel [id: 0x20bf7517, L:/127.0.0.1:55458 - R:localhost/127.0.0.1:18414] for POST '/session/ded6d8dd6fa4ba53501c140fd5f6fad9/element/8110d56e-722d-4bc4-ba06-60cbc62e042f/click'
20:20:36.297 [AsyncHttpClient-1-15] DEBUG org.asynchttpclient.netty.handler.HttpHandler - 

Request DefaultHttpRequest(decodeResult: success, version: HTTP/1.1)
POST /session/ded6d8dd6fa4ba53501c140fd5f6fad9/element/8110d56e-722d-4bc4-ba06-60cbc62e042f/click HTTP/1.1
User-Agent: selenium/4.8.1 (java windows)
Content-Length: 50
Content-Type: application/json; charset=utf-8
host: localhost:18414
accept: */*

Response DefaultHttpResponse(decodeResult: success, version: HTTP/1.1)
HTTP/1.1 200 OK
Content-Length: 14
Content-Type: application/json; charset=utf-8
cache-control: no-cache

20:20:36.297 [AsyncHttpClient-1-15] DEBUG org.asynchttpclient.netty.channel.ChannelManager - Adding key: http://localhost:18414 for channel [id: 0x20bf7517, L:/127.0.0.1:55458 - R:localhost/127.0.0.1:18414]
20:20:36.302 [Forwarding getAlertText on session ded6d8dd6fa4ba53501c140fd5f6fad9 to remote] DEBUG org.asynchttpclient.netty.request.NettyRequestSender - Using pooled Channel '[id: 0x20bf7517, L:/127.0.0.1:55458 - R:localhost/127.0.0.1:18414]' for 'GET' to 'http://localhost:18414/session/ded6d8dd6fa4ba53501c140fd5f6fad9/alert/text'
20:20:36.302 [Forwarding getAlertText on session ded6d8dd6fa4ba53501c140fd5f6fad9 to remote] DEBUG org.asynchttpclient.netty.request.NettyRequestSender - Using open Channel [id: 0x20bf7517, L:/127.0.0.1:55458 - R:localhost/127.0.0.1:18414] for GET '/session/ded6d8dd6fa4ba53501c140fd5f6fad9/alert/text'
20:20:36.334 [AsyncHttpClient-1-15] DEBUG org.asynchttpclient.netty.handler.HttpHandler - 

Request DefaultFullHttpRequest(decodeResult: success, version: HTTP/1.1, content: EmptyByteBufBE)
GET /session/ded6d8dd6fa4ba53501c140fd5f6fad9/alert/text HTTP/1.1
User-Agent: selenium/4.8.1 (java windows)
Cache-Control: no-cache
Content-Type: application/json; charset=utf-8
host: localhost:18414
accept: */*

Response DefaultHttpResponse(decodeResult: success, version: HTTP/1.1)
HTTP/1.1 404 Not Found
Content-Length: 836
Content-Type: application/json; charset=utf-8
cache-control: no-cache

20:20:36.334 [AsyncHttpClient-1-15] DEBUG org.asynchttpclient.netty.channel.ChannelManager - Adding key: http://localhost:18414 for channel [id: 0x20bf7517, L:/127.0.0.1:55458 - R:localhost/127.0.0.1:18414]
20:20:36.335 [Forwarding getCurrentUrl on session ded6d8dd6fa4ba53501c140fd5f6fad9 to remote] DEBUG org.asynchttpclient.netty.request.NettyRequestSender - Using pooled Channel '[id: 0x20bf7517, L:/127.0.0.1:55458 - R:localhost/127.0.0.1:18414]' for 'GET' to 'http://localhost:18414/session/ded6d8dd6fa4ba53501c140fd5f6fad9/url'
20:20:36.335 [Forwarding getCurrentUrl on session ded6d8dd6fa4ba53501c140fd5f6fad9 to remote] DEBUG org.asynchttpclient.netty.request.NettyRequestSender - Using open Channel [id: 0x20bf7517, L:/127.0.0.1:55458 - R:localhost/127.0.0.1:18414] for GET '/session/ded6d8dd6fa4ba53501c140fd5f6fad9/url'
20:20:36.338 [AsyncHttpClient-1-15] DEBUG org.asynchttpclient.netty.handler.HttpHandler - 

Request DefaultFullHttpRequest(decodeResult: success, version: HTTP/1.1, content: EmptyByteBufBE)
GET /session/ded6d8dd6fa4ba53501c140fd5f6fad9/url HTTP/1.1
User-Agent: selenium/4.8.1 (java windows)
Cache-Control: no-cache
Content-Type: application/json; charset=utf-8
host: localhost:18414
accept: */*

Response DefaultHttpResponse(decodeResult: success, version: HTTP/1.1)
HTTP/1.1 200 OK
Content-Length: 46
Content-Type: application/json; charset=utf-8
cache-control: no-cache

20:20:36.338 [AsyncHttpClient-1-15] DEBUG org.asynchttpclient.netty.channel.ChannelManager - Adding key: http://localhost:18414 for channel [id: 0x20bf7517, L:/127.0.0.1:55458 - R:localhost/127.0.0.1:18414]
20:20:36.339 [Forwarding screenshot on session ded6d8dd6fa4ba53501c140fd5f6fad9 to remote] DEBUG org.asynchttpclient.netty.request.NettyRequestSender - Using pooled Channel '[id: 0x20bf7517, L:/127.0.0.1:55458 - R:localhost/127.0.0.1:18414]' for 'GET' to 'http://localhost:18414/session/ded6d8dd6fa4ba53501c140fd5f6fad9/screenshot'
20:20:36.339 [Forwarding screenshot on session ded6d8dd6fa4ba53501c140fd5f6fad9 to remote] DEBUG org.asynchttpclient.netty.request.NettyRequestSender - Using open Channel [id: 0x20bf7517, L:/127.0.0.1:55458 - R:localhost/127.0.0.1:18414] for GET '/session/ded6d8dd6fa4ba53501c140fd5f6fad9/screenshot'
20:20:36.424 [AsyncHttpClient-1-15] DEBUG org.asynchttpclient.netty.handler.HttpHandler - 

Request DefaultFullHttpRequest(decodeResult: success, version: HTTP/1.1, content: EmptyByteBufBE)
GET /session/ded6d8dd6fa4ba53501c140fd5f6fad9/screenshot HTTP/1.1
User-Agent: selenium/4.8.1 (java windows)
Cache-Control: no-cache
Content-Type: application/json; charset=utf-8
host: localhost:18414
accept: */*

Response DefaultHttpResponse(decodeResult: success, version: HTTP/1.1)
HTTP/1.1 200 OK
Content-Length: 29592
Content-Type: application/json; charset=utf-8
cache-control: no-cache

20:20:36.425 [AsyncHttpClient-1-15] DEBUG org.asynchttpclient.netty.channel.ChannelManager - Adding key: http://localhost:18414 for channel [id: 0x20bf7517, L:/127.0.0.1:55458 - R:localhost/127.0.0.1:18414]
20:20:36.426 [main] DEBUG net.serenitybdd.core.photography.Darkroom - Send negative for processing for target\site\serenity\8ebe8a2c142e6291ce75c7b1aacf27a2dde9dd7e76536db5bb5c074c18c1d29d.png
20:20:36.426 [main] DEBUG net.thucydides.core.steps.StepInterceptor - STEP DONE: clickCartIcon
  &amp#27;[32mAnd &amp#27;[0m&amp#27;[32mI click cart icon&amp#27;[0m                                   &amp#27;[90m# starter.stepdefinitions.TransactionSteps.clickCartIcon()&amp#27;[0m
20:20:36.427 [Darkroom Processing Line] DEBUG net.serenitybdd.core.photography.DarkroomProcessingLine - Processing screenshot image in /var/screenshots/screenshot-1312685295563747315
20:20:36.427 [Darkroom Processing Line] DEBUG net.serenitybdd.core.photography.DarkroomProcessingLine - Saving screenshot to target\site\serenity\8ebe8a2c142e6291ce75c7b1aacf27a2dde9dd7e76536db5bb5c074c18c1d29d.png
20:20:36.434 [Forwarding getPageSource on session ded6d8dd6fa4ba53501c140fd5f6fad9 to remote] DEBUG org.asynchttpclient.netty.request.NettyRequestSender - Using pooled Channel '[id: 0x20bf7517, L:/127.0.0.1:55458 - R:localhost/127.0.0.1:18414]' for 'POST' to 'http://localhost:18414/session/ded6d8dd6fa4ba53501c140fd5f6fad9/execute/sync'
20:20:36.434 [Forwarding getPageSource on session ded6d8dd6fa4ba53501c140fd5f6fad9 to remote] DEBUG org.asynchttpclient.netty.request.NettyRequestSender - Using open Channel [id: 0x20bf7517, L:/127.0.0.1:55458 - R:localhost/127.0.0.1:18414] for POST '/session/ded6d8dd6fa4ba53501c140fd5f6fad9/execute/sync'
20:20:36.438 [AsyncHttpClient-1-15] DEBUG org.asynchttpclient.netty.handler.HttpHandler - 

Request DefaultHttpRequest(decodeResult: success, version: HTTP/1.1)
POST /session/ded6d8dd6fa4ba53501c140fd5f6fad9/execute/sync HTTP/1.1
User-Agent: selenium/4.8.1 (java windows)
Content-Length: 176
Content-Type: application/json; charset=utf-8
host: localhost:18414
accept: */*

Response DefaultHttpResponse(decodeResult: success, version: HTTP/1.1)
HTTP/1.1 200 OK
Content-Length: 22268
Content-Type: application/json; charset=utf-8
cache-control: no-cache

20:20:36.438 [AsyncHttpClient-1-15] DEBUG org.asynchttpclient.netty.channel.ChannelManager - Adding key: http://localhost:18414 for channel [id: 0x20bf7517, L:/127.0.0.1:55458 - R:localhost/127.0.0.1:18414]
20:20:36.440 [Forwarding getCurrentUrl on session ded6d8dd6fa4ba53501c140fd5f6fad9 to remote] DEBUG org.asynchttpclient.netty.request.NettyRequestSender - Using pooled Channel '[id: 0x20bf7517, L:/127.0.0.1:55458 - R:localhost/127.0.0.1:18414]' for 'GET' to 'http://localhost:18414/session/ded6d8dd6fa4ba53501c140fd5f6fad9/url'
20:20:36.440 [Forwarding getCurrentUrl on session ded6d8dd6fa4ba53501c140fd5f6fad9 to remote] DEBUG org.asynchttpclient.netty.request.NettyRequestSender - Using open Channel [id: 0x20bf7517, L:/127.0.0.1:55458 - R:localhost/127.0.0.1:18414] for GET '/session/ded6d8dd6fa4ba53501c140fd5f6fad9/url'
20:20:36.445 [AsyncHttpClient-1-15] DEBUG org.asynchttpclient.netty.handler.HttpHandler - 

Request DefaultFullHttpRequest(decodeResult: success, version: HTTP/1.1, content: EmptyByteBufBE)
GET /session/ded6d8dd6fa4ba53501c140fd5f6fad9/url HTTP/1.1
User-Agent: selenium/4.8.1 (java windows)
Cache-Control: no-cache
Content-Type: application/json; charset=utf-8
host: localhost:18414
accept: */*

Response DefaultHttpResponse(decodeResult: success, version: HTTP/1.1)
HTTP/1.1 200 OK
Content-Length: 46
Content-Type: application/json; charset=utf-8
cache-control: no-cache

20:20:36.445 [AsyncHttpClient-1-15] DEBUG org.asynchttpclient.netty.channel.ChannelManager - Adding key: http://localhost:18414 for channel [id: 0x20bf7517, L:/127.0.0.1:55458 - R:localhost/127.0.0.1:18414]
20:20:36.455 [Forwarding getPageSource on session ded6d8dd6fa4ba53501c140fd5f6fad9 to remote] DEBUG org.asynchttpclient.netty.request.NettyRequestSender - Using pooled Channel '[id: 0x20bf7517, L:/127.0.0.1:55458 - R:localhost/127.0.0.1:18414]' for 'POST' to 'http://localhost:18414/session/ded6d8dd6fa4ba53501c140fd5f6fad9/execute/sync'
20:20:36.455 [Forwarding getPageSource on session ded6d8dd6fa4ba53501c140fd5f6fad9 to remote] DEBUG org.asynchttpclient.netty.request.NettyRequestSender - Using open Channel [id: 0x20bf7517, L:/127.0.0.1:55458 - R:localhost/127.0.0.1:18414] for POST '/session/ded6d8dd6fa4ba53501c140fd5f6fad9/execute/sync'
20:20:36.460 [AsyncHttpClient-1-15] DEBUG org.asynchttpclient.netty.handler.HttpHandler - 

Request DefaultHttpRequest(decodeResult: success, version: HTTP/1.1)
POST /session/ded6d8dd6fa4ba53501c140fd5f6fad9/execute/sync HTTP/1.1
User-Agent: selenium/4.8.1 (java windows)
Content-Length: 176
Content-Type: application/json; charset=utf-8
host: localhost:18414
accept: */*

Response DefaultHttpResponse(decodeResult: success, version: HTTP/1.1)
HTTP/1.1 200 OK
Content-Length: 22268
Content-Type: application/json; charset=utf-8
cache-control: no-cache

20:20:36.461 [AsyncHttpClient-1-15] DEBUG org.asynchttpclient.netty.channel.ChannelManager - Adding key: http://localhost:18414 for channel [id: 0x20bf7517, L:/127.0.0.1:55458 - R:localhost/127.0.0.1:18414]
20:20:36.462 [Forwarding getCurrentUrl on session ded6d8dd6fa4ba53501c140fd5f6fad9 to remote] DEBUG org.asynchttpclient.netty.request.NettyRequestSender - Using pooled Channel '[id: 0x20bf7517, L:/127.0.0.1:55458 - R:localhost/127.0.0.1:18414]' for 'GET' to 'http://localhost:18414/session/ded6d8dd6fa4ba53501c140fd5f6fad9/url'
20:20:36.462 [Forwarding getCurrentUrl on session ded6d8dd6fa4ba53501c140fd5f6fad9 to remote] DEBUG org.asynchttpclient.netty.request.NettyRequestSender - Using open Channel [id: 0x20bf7517, L:/127.0.0.1:55458 - R:localhost/127.0.0.1:18414] for GET '/session/ded6d8dd6fa4ba53501c140fd5f6fad9/url'
20:20:36.465 [AsyncHttpClient-1-15] DEBUG org.asynchttpclient.netty.handler.HttpHandler - 

Request DefaultFullHttpRequest(decodeResult: success, version: HTTP/1.1, content: EmptyByteBufBE)
GET /session/ded6d8dd6fa4ba53501c140fd5f6fad9/url HTTP/1.1
User-Agent: selenium/4.8.1 (java windows)
Cache-Control: no-cache
Content-Type: application/json; charset=utf-8
host: localhost:18414
accept: */*

Response DefaultHttpResponse(decodeResult: success, version: HTTP/1.1)
HTTP/1.1 200 OK
Content-Length: 46
Content-Type: application/json; charset=utf-8
cache-control: no-cache

20:20:36.465 [AsyncHttpClient-1-15] DEBUG org.asynchttpclient.netty.channel.ChannelManager - Adding key: http://localhost:18414 for channel [id: 0x20bf7517, L:/127.0.0.1:55458 - R:localhost/127.0.0.1:18414]
20:20:36.468 [main] DEBUG net.thucydides.core.steps.StepInterceptor - STARTING STEP: TransactionSteps.clickBayarButton - clickBayarButton
20:20:36.471 [Forwarding findElement on session ded6d8dd6fa4ba53501c140fd5f6fad9 to remote] DEBUG org.asynchttpclient.netty.request.NettyRequestSender - Using pooled Channel '[id: 0x20bf7517, L:/127.0.0.1:55458 - R:localhost/127.0.0.1:18414]' for 'POST' to 'http://localhost:18414/session/ded6d8dd6fa4ba53501c140fd5f6fad9/element'
20:20:36.471 [Forwarding findElement on session ded6d8dd6fa4ba53501c140fd5f6fad9 to remote] DEBUG org.asynchttpclient.netty.request.NettyRequestSender - Using open Channel [id: 0x20bf7517, L:/127.0.0.1:55458 - R:localhost/127.0.0.1:18414] for POST '/session/ded6d8dd6fa4ba53501c140fd5f6fad9/element'
20:20:36.483 [AsyncHttpClient-1-15] DEBUG org.asynchttpclient.netty.handler.HttpHandler - 

Request DefaultHttpRequest(decodeResult: success, version: HTTP/1.1)
POST /session/ded6d8dd6fa4ba53501c140fd5f6fad9/element HTTP/1.1
User-Agent: selenium/4.8.1 (java windows)
Content-Length: 59
Content-Type: application/json; charset=utf-8
host: localhost:18414
accept: */*

Response DefaultHttpResponse(decodeResult: success, version: HTTP/1.1)
HTTP/1.1 200 OK
Content-Length: 88
Content-Type: application/json; charset=utf-8
cache-control: no-cache

20:20:36.483 [AsyncHttpClient-1-15] DEBUG org.asynchttpclient.netty.channel.ChannelManager - Adding key: http://localhost:18414 for channel [id: 0x20bf7517, L:/127.0.0.1:55458 - R:localhost/127.0.0.1:18414]
20:20:36.484 [Forwarding getElementTagName on session ded6d8dd6fa4ba53501c140fd5f6fad9 to remote] DEBUG org.asynchttpclient.netty.request.NettyRequestSender - Using pooled Channel '[id: 0x20bf7517, L:/127.0.0.1:55458 - R:localhost/127.0.0.1:18414]' for 'GET' to 'http://localhost:18414/session/ded6d8dd6fa4ba53501c140fd5f6fad9/element/d34735af-1952-47e4-a0d2-fb115bae58af/name'
20:20:36.484 [Forwarding getElementTagName on session ded6d8dd6fa4ba53501c140fd5f6fad9 to remote] DEBUG org.asynchttpclient.netty.request.NettyRequestSender - Using open Channel [id: 0x20bf7517, L:/127.0.0.1:55458 - R:localhost/127.0.0.1:18414] for GET '/session/ded6d8dd6fa4ba53501c140fd5f6fad9/element/d34735af-1952-47e4-a0d2-fb115bae58af/name'
20:20:36.490 [AsyncHttpClient-1-15] DEBUG org.asynchttpclient.netty.handler.HttpHandler - 

Request DefaultFullHttpRequest(decodeResult: success, version: HTTP/1.1, content: EmptyByteBufBE)
GET /session/ded6d8dd6fa4ba53501c140fd5f6fad9/element/d34735af-1952-47e4-a0d2-fb115bae58af/name HTTP/1.1
User-Agent: selenium/4.8.1 (java windows)
Cache-Control: no-cache
Content-Type: application/json; charset=utf-8
host: localhost:18414
accept: */*

Response DefaultHttpResponse(decodeResult: success, version: HTTP/1.1)
HTTP/1.1 200 OK
Content-Length: 18
Content-Type: application/json; charset=utf-8
cache-control: no-cache

20:20:36.490 [AsyncHttpClient-1-15] DEBUG org.asynchttpclient.netty.channel.ChannelManager - Adding key: http://localhost:18414 for channel [id: 0x20bf7517, L:/127.0.0.1:55458 - R:localhost/127.0.0.1:18414]
20:20:36.491 [Forwarding getElementTagName on session ded6d8dd6fa4ba53501c140fd5f6fad9 to remote] DEBUG org.asynchttpclient.netty.request.NettyRequestSender - Using pooled Channel '[id: 0x20bf7517, L:/127.0.0.1:55458 - R:localhost/127.0.0.1:18414]' for 'GET' to 'http://localhost:18414/session/ded6d8dd6fa4ba53501c140fd5f6fad9/element/d34735af-1952-47e4-a0d2-fb115bae58af/name'
20:20:36.491 [Forwarding getElementTagName on session ded6d8dd6fa4ba53501c140fd5f6fad9 to remote] DEBUG org.asynchttpclient.netty.request.NettyRequestSender - Using open Channel [id: 0x20bf7517, L:/127.0.0.1:55458 - R:localhost/127.0.0.1:18414] for GET '/session/ded6d8dd6fa4ba53501c140fd5f6fad9/element/d34735af-1952-47e4-a0d2-fb115bae58af/name'
20:20:36.495 [AsyncHttpClient-1-15] DEBUG org.asynchttpclient.netty.handler.HttpHandler - 

Request DefaultFullHttpRequest(decodeResult: success, version: HTTP/1.1, content: EmptyByteBufBE)
GET /session/ded6d8dd6fa4ba53501c140fd5f6fad9/element/d34735af-1952-47e4-a0d2-fb115bae58af/name HTTP/1.1
User-Agent: selenium/4.8.1 (java windows)
Cache-Control: no-cache
Content-Type: application/json; charset=utf-8
host: localhost:18414
accept: */*

Response DefaultHttpResponse(decodeResult: success, version: HTTP/1.1)
HTTP/1.1 200 OK
Content-Length: 18
Content-Type: application/json; charset=utf-8
cache-control: no-cache

20:20:36.495 [AsyncHttpClient-1-15] DEBUG org.asynchttpclient.netty.channel.ChannelManager - Adding key: http://localhost:18414 for channel [id: 0x20bf7517, L:/127.0.0.1:55458 - R:localhost/127.0.0.1:18414]
20:20:36.497 [Forwarding isElementEnabled on session ded6d8dd6fa4ba53501c140fd5f6fad9 to remote] DEBUG org.asynchttpclient.netty.request.NettyRequestSender - Using pooled Channel '[id: 0x20bf7517, L:/127.0.0.1:55458 - R:localhost/127.0.0.1:18414]' for 'GET' to 'http://localhost:18414/session/ded6d8dd6fa4ba53501c140fd5f6fad9/element/d34735af-1952-47e4-a0d2-fb115bae58af/enabled'
20:20:36.497 [Forwarding isElementEnabled on session ded6d8dd6fa4ba53501c140fd5f6fad9 to remote] DEBUG org.asynchttpclient.netty.request.NettyRequestSender - Using open Channel [id: 0x20bf7517, L:/127.0.0.1:55458 - R:localhost/127.0.0.1:18414] for GET '/session/ded6d8dd6fa4ba53501c140fd5f6fad9/element/d34735af-1952-47e4-a0d2-fb115bae58af/enabled'
20:20:36.506 [AsyncHttpClient-1-15] DEBUG org.asynchttpclient.netty.handler.HttpHandler - 

Request DefaultFullHttpRequest(decodeResult: success, version: HTTP/1.1, content: EmptyByteBufBE)
GET /session/ded6d8dd6fa4ba53501c140fd5f6fad9/element/d34735af-1952-47e4-a0d2-fb115bae58af/enabled HTTP/1.1
User-Agent: selenium/4.8.1 (java windows)
Cache-Control: no-cache
Content-Type: application/json; charset=utf-8
host: localhost:18414
accept: */*

Response DefaultHttpResponse(decodeResult: success, version: HTTP/1.1)
HTTP/1.1 200 OK
Content-Length: 14
Content-Type: application/json; charset=utf-8
cache-control: no-cache

20:20:36.506 [AsyncHttpClient-1-15] DEBUG org.asynchttpclient.netty.channel.ChannelManager - Adding key: http://localhost:18414 for channel [id: 0x20bf7517, L:/127.0.0.1:55458 - R:localhost/127.0.0.1:18414]
20:20:36.507 [Forwarding isElementEnabled on session ded6d8dd6fa4ba53501c140fd5f6fad9 to remote] DEBUG org.asynchttpclient.netty.request.NettyRequestSender - Using pooled Channel '[id: 0x20bf7517, L:/127.0.0.1:55458 - R:localhost/127.0.0.1:18414]' for 'GET' to 'http://localhost:18414/session/ded6d8dd6fa4ba53501c140fd5f6fad9/element/d34735af-1952-47e4-a0d2-fb115bae58af/enabled'
20:20:36.507 [Forwarding isElementEnabled on session ded6d8dd6fa4ba53501c140fd5f6fad9 to remote] DEBUG org.asynchttpclient.netty.request.NettyRequestSender - Using open Channel [id: 0x20bf7517, L:/127.0.0.1:55458 - R:localhost/127.0.0.1:18414] for GET '/session/ded6d8dd6fa4ba53501c140fd5f6fad9/element/d34735af-1952-47e4-a0d2-fb115bae58af/enabled'
20:20:36.513 [AsyncHttpClient-1-15] DEBUG org.asynchttpclient.netty.handler.HttpHandler - 

Request DefaultFullHttpRequest(decodeResult: success, version: HTTP/1.1, content: EmptyByteBufBE)
GET /session/ded6d8dd6fa4ba53501c140fd5f6fad9/element/d34735af-1952-47e4-a0d2-fb115bae58af/enabled HTTP/1.1
User-Agent: selenium/4.8.1 (java windows)
Cache-Control: no-cache
Content-Type: application/json; charset=utf-8
host: localhost:18414
accept: */*

Response DefaultHttpResponse(decodeResult: success, version: HTTP/1.1)
HTTP/1.1 200 OK
Content-Length: 14
Content-Type: application/json; charset=utf-8
cache-control: no-cache

20:20:36.513 [AsyncHttpClient-1-15] DEBUG org.asynchttpclient.netty.channel.ChannelManager - Adding key: http://localhost:18414 for channel [id: 0x20bf7517, L:/127.0.0.1:55458 - R:localhost/127.0.0.1:18414]
20:20:36.515 [Forwarding findElement on session ded6d8dd6fa4ba53501c140fd5f6fad9 to remote] DEBUG org.asynchttpclient.netty.request.NettyRequestSender - Using pooled Channel '[id: 0x20bf7517, L:/127.0.0.1:55458 - R:localhost/127.0.0.1:18414]' for 'POST' to 'http://localhost:18414/session/ded6d8dd6fa4ba53501c140fd5f6fad9/element'
20:20:36.515 [Forwarding findElement on session ded6d8dd6fa4ba53501c140fd5f6fad9 to remote] DEBUG org.asynchttpclient.netty.request.NettyRequestSender - Using open Channel [id: 0x20bf7517, L:/127.0.0.1:55458 - R:localhost/127.0.0.1:18414] for POST '/session/ded6d8dd6fa4ba53501c140fd5f6fad9/element'
20:20:36.522 [AsyncHttpClient-1-15] DEBUG org.asynchttpclient.netty.handler.HttpHandler - 

Request DefaultHttpRequest(decodeResult: success, version: HTTP/1.1)
POST /session/ded6d8dd6fa4ba53501c140fd5f6fad9/element HTTP/1.1
User-Agent: selenium/4.8.1 (java windows)
Content-Length: 59
Content-Type: application/json; charset=utf-8
host: localhost:18414
accept: */*

Response DefaultHttpResponse(decodeResult: success, version: HTTP/1.1)
HTTP/1.1 200 OK
Content-Length: 88
Content-Type: application/json; charset=utf-8
cache-control: no-cache

20:20:36.522 [AsyncHttpClient-1-15] DEBUG org.asynchttpclient.netty.channel.ChannelManager - Adding key: http://localhost:18414 for channel [id: 0x20bf7517, L:/127.0.0.1:55458 - R:localhost/127.0.0.1:18414]
20:20:36.523 [Forwarding clickElement on session ded6d8dd6fa4ba53501c140fd5f6fad9 to remote] DEBUG org.asynchttpclient.netty.request.NettyRequestSender - Using pooled Channel '[id: 0x20bf7517, L:/127.0.0.1:55458 - R:localhost/127.0.0.1:18414]' for 'POST' to 'http://localhost:18414/session/ded6d8dd6fa4ba53501c140fd5f6fad9/element/d34735af-1952-47e4-a0d2-fb115bae58af/click'
20:20:36.523 [Forwarding clickElement on session ded6d8dd6fa4ba53501c140fd5f6fad9 to remote] DEBUG org.asynchttpclient.netty.request.NettyRequestSender - Using open Channel [id: 0x20bf7517, L:/127.0.0.1:55458 - R:localhost/127.0.0.1:18414] for POST '/session/ded6d8dd6fa4ba53501c140fd5f6fad9/element/d34735af-1952-47e4-a0d2-fb115bae58af/click'
20:20:36.563 [AsyncHttpClient-1-15] DEBUG org.asynchttpclient.netty.handler.HttpHandler - 

Request DefaultHttpRequest(decodeResult: success, version: HTTP/1.1)
POST /session/ded6d8dd6fa4ba53501c140fd5f6fad9/element/d34735af-1952-47e4-a0d2-fb115bae58af/click HTTP/1.1
User-Agent: selenium/4.8.1 (java windows)
Content-Length: 50
Content-Type: application/json; charset=utf-8
host: localhost:18414
accept: */*

Response DefaultHttpResponse(decodeResult: success, version: HTTP/1.1)
HTTP/1.1 200 OK
Content-Length: 14
Content-Type: application/json; charset=utf-8
cache-control: no-cache

20:20:36.563 [AsyncHttpClient-1-15] DEBUG org.asynchttpclient.netty.channel.ChannelManager - Adding key: http://localhost:18414 for channel [id: 0x20bf7517, L:/127.0.0.1:55458 - R:localhost/127.0.0.1:18414]
20:20:36.570 [Forwarding getAlertText on session ded6d8dd6fa4ba53501c140fd5f6fad9 to remote] DEBUG org.asynchttpclient.netty.request.NettyRequestSender - Using pooled Channel '[id: 0x20bf7517, L:/127.0.0.1:55458 - R:localhost/127.0.0.1:18414]' for 'GET' to 'http://localhost:18414/session/ded6d8dd6fa4ba53501c140fd5f6fad9/alert/text'
20:20:36.570 [Forwarding getAlertText on session ded6d8dd6fa4ba53501c140fd5f6fad9 to remote] DEBUG org.asynchttpclient.netty.request.NettyRequestSender - Using open Channel [id: 0x20bf7517, L:/127.0.0.1:55458 - R:localhost/127.0.0.1:18414] for GET '/session/ded6d8dd6fa4ba53501c140fd5f6fad9/alert/text'
20:20:36.592 [AsyncHttpClient-1-15] DEBUG org.asynchttpclient.netty.handler.HttpHandler - 

Request DefaultFullHttpRequest(decodeResult: success, version: HTTP/1.1, content: EmptyByteBufBE)
GET /session/ded6d8dd6fa4ba53501c140fd5f6fad9/alert/text HTTP/1.1
User-Agent: selenium/4.8.1 (java windows)
Cache-Control: no-cache
Content-Type: application/json; charset=utf-8
host: localhost:18414
accept: */*

Response DefaultHttpResponse(decodeResult: success, version: HTTP/1.1)
HTTP/1.1 404 Not Found
Content-Length: 836
Content-Type: application/json; charset=utf-8
cache-control: no-cache

20:20:36.592 [AsyncHttpClient-1-15] DEBUG org.asynchttpclient.netty.channel.ChannelManager - Adding key: http://localhost:18414 for channel [id: 0x20bf7517, L:/127.0.0.1:55458 - R:localhost/127.0.0.1:18414]
20:20:36.592 [Forwarding getCurrentUrl on session ded6d8dd6fa4ba53501c140fd5f6fad9 to remote] DEBUG org.asynchttpclient.netty.request.NettyRequestSender - Using pooled Channel '[id: 0x20bf7517, L:/127.0.0.1:55458 - R:localhost/127.0.0.1:18414]' for 'GET' to 'http://localhost:18414/session/ded6d8dd6fa4ba53501c140fd5f6fad9/url'
20:20:36.592 [Forwarding getCurrentUrl on session ded6d8dd6fa4ba53501c140fd5f6fad9 to remote] DEBUG org.asynchttpclient.netty.request.NettyRequestSender - Using open Channel [id: 0x20bf7517, L:/127.0.0.1:55458 - R:localhost/127.0.0.1:18414] for GET '/session/ded6d8dd6fa4ba53501c140fd5f6fad9/url'
20:20:36.595 [AsyncHttpClient-1-15] DEBUG org.asynchttpclient.netty.handler.HttpHandler - 

Request DefaultFullHttpRequest(decodeResult: success, version: HTTP/1.1, content: EmptyByteBufBE)
GET /session/ded6d8dd6fa4ba53501c140fd5f6fad9/url HTTP/1.1
User-Agent: selenium/4.8.1 (java windows)
Cache-Control: no-cache
Content-Type: application/json; charset=utf-8
host: localhost:18414
accept: */*

Response DefaultHttpResponse(decodeResult: success, version: HTTP/1.1)
HTTP/1.1 200 OK
Content-Length: 113
Content-Type: application/json; charset=utf-8
cache-control: no-cache

20:20:36.595 [AsyncHttpClient-1-15] DEBUG org.asynchttpclient.netty.channel.ChannelManager - Adding key: http://localhost:18414 for channel [id: 0x20bf7517, L:/127.0.0.1:55458 - R:localhost/127.0.0.1:18414]
20:20:36.595 [Forwarding screenshot on session ded6d8dd6fa4ba53501c140fd5f6fad9 to remote] DEBUG org.asynchttpclient.netty.request.NettyRequestSender - Using pooled Channel '[id: 0x20bf7517, L:/127.0.0.1:55458 - R:localhost/127.0.0.1:18414]' for 'GET' to 'http://localhost:18414/session/ded6d8dd6fa4ba53501c140fd5f6fad9/screenshot'
20:20:36.595 [Forwarding screenshot on session ded6d8dd6fa4ba53501c140fd5f6fad9 to remote] DEBUG org.asynchttpclient.netty.request.NettyRequestSender - Using open Channel [id: 0x20bf7517, L:/127.0.0.1:55458 - R:localhost/127.0.0.1:18414] for GET '/session/ded6d8dd6fa4ba53501c140fd5f6fad9/screenshot'
20:20:36.658 [AsyncHttpClient-1-1] DEBUG org.asynchttpclient.netty.channel.DefaultChannelPool - Entry count for : http://localhost:55460 : 1
20:20:36.890 [AsyncHttpClient-1-15] DEBUG org.asynchttpclient.netty.handler.HttpHandler - 

Request DefaultFullHttpRequest(decodeResult: success, version: HTTP/1.1, content: EmptyByteBufBE)
GET /session/ded6d8dd6fa4ba53501c140fd5f6fad9/screenshot HTTP/1.1
User-Agent: selenium/4.8.1 (java windows)
Cache-Control: no-cache
Content-Type: application/json; charset=utf-8
host: localhost:18414
accept: */*

Response DefaultHttpResponse(decodeResult: success, version: HTTP/1.1)
HTTP/1.1 200 OK
Content-Length: 31748
Content-Type: application/json; charset=utf-8
cache-control: no-cache

20:20:36.890 [AsyncHttpClient-1-15] DEBUG org.asynchttpclient.netty.channel.ChannelManager - Adding key: http://localhost:18414 for channel [id: 0x20bf7517, L:/127.0.0.1:55458 - R:localhost/127.0.0.1:18414]
20:20:36.891 [main] DEBUG net.serenitybdd.core.photography.Darkroom - Send negative for processing for target\site\serenity\c87108cda9d6b9a460fc87be8819f68cee94abdf21f2b42cd852b38f45411e4b.png
20:20:36.891 [main] DEBUG net.thucydides.core.steps.StepInterceptor - STEP DONE: clickBayarButton
  &amp#27;[32mWhen &amp#27;[0m&amp#27;[32mI click BAYAR button&amp#27;[0m                               &amp#27;[90m# starter.stepdefinitions.TransactionSteps.clickBayarButton()&amp#27;[0m
20:20:36.891 [Darkroom Processing Line] DEBUG net.serenitybdd.core.photography.DarkroomProcessingLine - Processing screenshot image in /var/screenshots/screenshot-3729938656441982012
20:20:36.892 [Darkroom Processing Line] DEBUG net.serenitybdd.core.photography.DarkroomProcessingLine - Saving screenshot to target\site\serenity\c87108cda9d6b9a460fc87be8819f68cee94abdf21f2b42cd852b38f45411e4b.png
20:20:36.898 [Forwarding getPageSource on session ded6d8dd6fa4ba53501c140fd5f6fad9 to remote] DEBUG org.asynchttpclient.netty.request.NettyRequestSender - Using pooled Channel '[id: 0x20bf7517, L:/127.0.0.1:55458 - R:localhost/127.0.0.1:18414]' for 'POST' to 'http://localhost:18414/session/ded6d8dd6fa4ba53501c140fd5f6fad9/execute/sync'
20:20:36.898 [Forwarding getPageSource on session ded6d8dd6fa4ba53501c140fd5f6fad9 to remote] DEBUG org.asynchttpclient.netty.request.NettyRequestSender - Using open Channel [id: 0x20bf7517, L:/127.0.0.1:55458 - R:localhost/127.0.0.1:18414] for POST '/session/ded6d8dd6fa4ba53501c140fd5f6fad9/execute/sync'
20:20:36.901 [AsyncHttpClient-1-15] DEBUG org.asynchttpclient.netty.handler.HttpHandler - 

Request DefaultHttpRequest(decodeResult: success, version: HTTP/1.1)
POST /session/ded6d8dd6fa4ba53501c140fd5f6fad9/execute/sync HTTP/1.1
User-Agent: selenium/4.8.1 (java windows)
Content-Length: 176
Content-Type: application/json; charset=utf-8
host: localhost:18414
accept: */*

Response DefaultHttpResponse(decodeResult: success, version: HTTP/1.1)
HTTP/1.1 200 OK
Content-Length: 23957
Content-Type: application/json; charset=utf-8
cache-control: no-cache

20:20:36.901 [AsyncHttpClient-1-15] DEBUG org.asynchttpclient.netty.channel.ChannelManager - Adding key: http://localhost:18414 for channel [id: 0x20bf7517, L:/127.0.0.1:55458 - R:localhost/127.0.0.1:18414]
20:20:36.905 [Forwarding getCurrentUrl on session ded6d8dd6fa4ba53501c140fd5f6fad9 to remote] DEBUG org.asynchttpclient.netty.request.NettyRequestSender - Using pooled Channel '[id: 0x20bf7517, L:/127.0.0.1:55458 - R:localhost/127.0.0.1:18414]' for 'GET' to 'http://localhost:18414/session/ded6d8dd6fa4ba53501c140fd5f6fad9/url'
20:20:36.905 [Forwarding getCurrentUrl on session ded6d8dd6fa4ba53501c140fd5f6fad9 to remote] DEBUG org.asynchttpclient.netty.request.NettyRequestSender - Using open Channel [id: 0x20bf7517, L:/127.0.0.1:55458 - R:localhost/127.0.0.1:18414] for GET '/session/ded6d8dd6fa4ba53501c140fd5f6fad9/url'
20:20:36.907 [AsyncHttpClient-1-15] DEBUG org.asynchttpclient.netty.handler.HttpHandler - 

Request DefaultFullHttpRequest(decodeResult: success, version: HTTP/1.1, content: EmptyByteBufBE)
GET /session/ded6d8dd6fa4ba53501c140fd5f6fad9/url HTTP/1.1
User-Agent: selenium/4.8.1 (java windows)
Cache-Control: no-cache
Content-Type: application/json; charset=utf-8
host: localhost:18414
accept: */*

Response DefaultHttpResponse(decodeResult: success, version: HTTP/1.1)
HTTP/1.1 200 OK
Content-Length: 52
Content-Type: application/json; charset=utf-8
cache-control: no-cache

20:20:36.907 [AsyncHttpClient-1-15] DEBUG org.asynchttpclient.netty.channel.ChannelManager - Adding key: http://localhost:18414 for channel [id: 0x20bf7517, L:/127.0.0.1:55458 - R:localhost/127.0.0.1:18414]
20:20:36.913 [Forwarding getPageSource on session ded6d8dd6fa4ba53501c140fd5f6fad9 to remote] DEBUG org.asynchttpclient.netty.request.NettyRequestSender - Using pooled Channel '[id: 0x20bf7517, L:/127.0.0.1:55458 - R:localhost/127.0.0.1:18414]' for 'POST' to 'http://localhost:18414/session/ded6d8dd6fa4ba53501c140fd5f6fad9/execute/sync'
20:20:36.913 [Forwarding getPageSource on session ded6d8dd6fa4ba53501c140fd5f6fad9 to remote] DEBUG org.asynchttpclient.netty.request.NettyRequestSender - Using open Channel [id: 0x20bf7517, L:/127.0.0.1:55458 - R:localhost/127.0.0.1:18414] for POST '/session/ded6d8dd6fa4ba53501c140fd5f6fad9/execute/sync'
20:20:36.917 [AsyncHttpClient-1-15] DEBUG org.asynchttpclient.netty.handler.HttpHandler - 

Request DefaultHttpRequest(decodeResult: success, version: HTTP/1.1)
POST /session/ded6d8dd6fa4ba53501c140fd5f6fad9/execute/sync HTTP/1.1
User-Agent: selenium/4.8.1 (java windows)
Content-Length: 176
Content-Type: application/json; charset=utf-8
host: localhost:18414
accept: */*

Response DefaultHttpResponse(decodeResult: success, version: HTTP/1.1)
HTTP/1.1 200 OK
Content-Length: 23957
Content-Type: application/json; charset=utf-8
cache-control: no-cache

20:20:36.917 [AsyncHttpClient-1-15] DEBUG org.asynchttpclient.netty.channel.ChannelManager - Adding key: http://localhost:18414 for channel [id: 0x20bf7517, L:/127.0.0.1:55458 - R:localhost/127.0.0.1:18414]
20:20:36.919 [Forwarding getCurrentUrl on session ded6d8dd6fa4ba53501c140fd5f6fad9 to remote] DEBUG org.asynchttpclient.netty.request.NettyRequestSender - Using pooled Channel '[id: 0x20bf7517, L:/127.0.0.1:55458 - R:localhost/127.0.0.1:18414]' for 'GET' to 'http://localhost:18414/session/ded6d8dd6fa4ba53501c140fd5f6fad9/url'
20:20:36.919 [Forwarding getCurrentUrl on session ded6d8dd6fa4ba53501c140fd5f6fad9 to remote] DEBUG org.asynchttpclient.netty.request.NettyRequestSender - Using open Channel [id: 0x20bf7517, L:/127.0.0.1:55458 - R:localhost/127.0.0.1:18414] for GET '/session/ded6d8dd6fa4ba53501c140fd5f6fad9/url'
20:20:36.923 [AsyncHttpClient-1-15] DEBUG org.asynchttpclient.netty.handler.HttpHandler - 

Request DefaultFullHttpRequest(decodeResult: success, version: HTTP/1.1, content: EmptyByteBufBE)
GET /session/ded6d8dd6fa4ba53501c140fd5f6fad9/url HTTP/1.1
User-Agent: selenium/4.8.1 (java windows)
Cache-Control: no-cache
Content-Type: application/json; charset=utf-8
host: localhost:18414
accept: */*

Response DefaultHttpResponse(decodeResult: success, version: HTTP/1.1)
HTTP/1.1 200 OK
Content-Length: 52
Content-Type: application/json; charset=utf-8
cache-control: no-cache

20:20:36.923 [AsyncHttpClient-1-15] DEBUG org.asynchttpclient.netty.channel.ChannelManager - Adding key: http://localhost:18414 for channel [id: 0x20bf7517, L:/127.0.0.1:55458 - R:localhost/127.0.0.1:18414]
20:20:36.924 [main] DEBUG net.thucydides.core.steps.StepInterceptor - STARTING STEP: TransactionSteps.validateProductTransaction - validateProductTransaction
20:20:36.926 [Forwarding findElement on session ded6d8dd6fa4ba53501c140fd5f6fad9 to remote] DEBUG org.asynchttpclient.netty.request.NettyRequestSender - Using pooled Channel '[id: 0x20bf7517, L:/127.0.0.1:55458 - R:localhost/127.0.0.1:18414]' for 'POST' to 'http://localhost:18414/session/ded6d8dd6fa4ba53501c140fd5f6fad9/element'
20:20:36.926 [Forwarding findElement on session ded6d8dd6fa4ba53501c140fd5f6fad9 to remote] DEBUG org.asynchttpclient.netty.request.NettyRequestSender - Using open Channel [id: 0x20bf7517, L:/127.0.0.1:55458 - R:localhost/127.0.0.1:18414] for POST '/session/ded6d8dd6fa4ba53501c140fd5f6fad9/element'
20:20:36.933 [AsyncHttpClient-1-15] DEBUG org.asynchttpclient.netty.handler.HttpHandler - 

Request DefaultHttpRequest(decodeResult: success, version: HTTP/1.1)
POST /session/ded6d8dd6fa4ba53501c140fd5f6fad9/element HTTP/1.1
User-Agent: selenium/4.8.1 (java windows)
Content-Length: 70
Content-Type: application/json; charset=utf-8
host: localhost:18414
accept: */*

Response DefaultHttpResponse(decodeResult: success, version: HTTP/1.1)
HTTP/1.1 200 OK
Content-Length: 88
Content-Type: application/json; charset=utf-8
cache-control: no-cache

20:20:36.933 [AsyncHttpClient-1-15] DEBUG org.asynchttpclient.netty.channel.ChannelManager - Adding key: http://localhost:18414 for channel [id: 0x20bf7517, L:/127.0.0.1:55458 - R:localhost/127.0.0.1:18414]
20:20:36.935 [Forwarding isElementDisplayed on session ded6d8dd6fa4ba53501c140fd5f6fad9 to remote] DEBUG org.asynchttpclient.netty.request.NettyRequestSender - Using pooled Channel '[id: 0x20bf7517, L:/127.0.0.1:55458 - R:localhost/127.0.0.1:18414]' for 'POST' to 'http://localhost:18414/session/ded6d8dd6fa4ba53501c140fd5f6fad9/execute/sync'
20:20:36.935 [Forwarding isElementDisplayed on session ded6d8dd6fa4ba53501c140fd5f6fad9 to remote] DEBUG org.asynchttpclient.netty.request.NettyRequestSender - Using open Channel [id: 0x20bf7517, L:/127.0.0.1:55458 - R:localhost/127.0.0.1:18414] for POST '/session/ded6d8dd6fa4ba53501c140fd5f6fad9/execute/sync'
20:20:36.945 [AsyncHttpClient-1-15] DEBUG org.asynchttpclient.netty.handler.HttpHandler - 

Request DefaultHttpRequest(decodeResult: success, version: HTTP/1.1)
POST /session/ded6d8dd6fa4ba53501c140fd5f6fad9/execute/sync HTTP/1.1
User-Agent: selenium/4.8.1 (java windows)
Content-Length: 48807
Content-Type: application/json; charset=utf-8
host: localhost:18414
accept: */*

Response DefaultHttpResponse(decodeResult: success, version: HTTP/1.1)
HTTP/1.1 200 OK
Content-Length: 14
Content-Type: application/json; charset=utf-8
cache-control: no-cache

20:20:36.945 [AsyncHttpClient-1-15] DEBUG org.asynchttpclient.netty.channel.ChannelManager - Adding key: http://localhost:18414 for channel [id: 0x20bf7517, L:/127.0.0.1:55458 - R:localhost/127.0.0.1:18414]
20:20:36.948 [Forwarding getAlertText on session ded6d8dd6fa4ba53501c140fd5f6fad9 to remote] DEBUG org.asynchttpclient.netty.request.NettyRequestSender - Using pooled Channel '[id: 0x20bf7517, L:/127.0.0.1:55458 - R:localhost/127.0.0.1:18414]' for 'GET' to 'http://localhost:18414/session/ded6d8dd6fa4ba53501c140fd5f6fad9/alert/text'
20:20:36.948 [Forwarding getAlertText on session ded6d8dd6fa4ba53501c140fd5f6fad9 to remote] DEBUG org.asynchttpclient.netty.request.NettyRequestSender - Using open Channel [id: 0x20bf7517, L:/127.0.0.1:55458 - R:localhost/127.0.0.1:18414] for GET '/session/ded6d8dd6fa4ba53501c140fd5f6fad9/alert/text'
20:20:36.949 [AsyncHttpClient-1-15] DEBUG org.asynchttpclient.netty.handler.HttpHandler - 

Request DefaultFullHttpRequest(decodeResult: success, version: HTTP/1.1, content: EmptyByteBufBE)
GET /session/ded6d8dd6fa4ba53501c140fd5f6fad9/alert/text HTTP/1.1
User-Agent: selenium/4.8.1 (java windows)
Cache-Control: no-cache
Content-Type: application/json; charset=utf-8
host: localhost:18414
accept: */*

Response DefaultHttpResponse(decodeResult: success, version: HTTP/1.1)
HTTP/1.1 404 Not Found
Content-Length: 836
Content-Type: application/json; charset=utf-8
cache-control: no-cache

20:20:36.949 [AsyncHttpClient-1-15] DEBUG org.asynchttpclient.netty.channel.ChannelManager - Adding key: http://localhost:18414 for channel [id: 0x20bf7517, L:/127.0.0.1:55458 - R:localhost/127.0.0.1:18414]
20:20:36.951 [Forwarding getCurrentUrl on session ded6d8dd6fa4ba53501c140fd5f6fad9 to remote] DEBUG org.asynchttpclient.netty.request.NettyRequestSender - Using pooled Channel '[id: 0x20bf7517, L:/127.0.0.1:55458 - R:localhost/127.0.0.1:18414]' for 'GET' to 'http://localhost:18414/session/ded6d8dd6fa4ba53501c140fd5f6fad9/url'
20:20:36.951 [Forwarding getCurrentUrl on session ded6d8dd6fa4ba53501c140fd5f6fad9 to remote] DEBUG org.asynchttpclient.netty.request.NettyRequestSender - Using open Channel [id: 0x20bf7517, L:/127.0.0.1:55458 - R:localhost/127.0.0.1:18414] for GET '/session/ded6d8dd6fa4ba53501c140fd5f6fad9/url'
20:20:36.954 [AsyncHttpClient-1-15] DEBUG org.asynchttpclient.netty.handler.HttpHandler - 

Request DefaultFullHttpRequest(decodeResult: success, version: HTTP/1.1, content: EmptyByteBufBE)
GET /session/ded6d8dd6fa4ba53501c140fd5f6fad9/url HTTP/1.1
User-Agent: selenium/4.8.1 (java windows)
Cache-Control: no-cache
Content-Type: application/json; charset=utf-8
host: localhost:18414
accept: */*

Response DefaultHttpResponse(decodeResult: success, version: HTTP/1.1)
HTTP/1.1 200 OK
Content-Length: 52
Content-Type: application/json; charset=utf-8
cache-control: no-cache

20:20:36.954 [AsyncHttpClient-1-15] DEBUG org.asynchttpclient.netty.channel.ChannelManager - Adding key: http://localhost:18414 for channel [id: 0x20bf7517, L:/127.0.0.1:55458 - R:localhost/127.0.0.1:18414]
20:20:36.954 [Forwarding screenshot on session ded6d8dd6fa4ba53501c140fd5f6fad9 to remote] DEBUG org.asynchttpclient.netty.request.NettyRequestSender - Using pooled Channel '[id: 0x20bf7517, L:/127.0.0.1:55458 - R:localhost/127.0.0.1:18414]' for 'GET' to 'http://localhost:18414/session/ded6d8dd6fa4ba53501c140fd5f6fad9/screenshot'
20:20:36.954 [Forwarding screenshot on session ded6d8dd6fa4ba53501c140fd5f6fad9 to remote] DEBUG org.asynchttpclient.netty.request.NettyRequestSender - Using open Channel [id: 0x20bf7517, L:/127.0.0.1:55458 - R:localhost/127.0.0.1:18414] for GET '/session/ded6d8dd6fa4ba53501c140fd5f6fad9/screenshot'
20:20:37.019 [AsyncHttpClient-1-15] DEBUG org.asynchttpclient.netty.handler.HttpHandler - 

Request DefaultFullHttpRequest(decodeResult: success, version: HTTP/1.1, content: EmptyByteBufBE)
GET /session/ded6d8dd6fa4ba53501c140fd5f6fad9/screenshot HTTP/1.1
User-Agent: selenium/4.8.1 (java windows)
Cache-Control: no-cache
Content-Type: application/json; charset=utf-8
host: localhost:18414
accept: */*

Response DefaultHttpResponse(decodeResult: success, version: HTTP/1.1)
HTTP/1.1 200 OK
Content-Length: 30312
Content-Type: application/json; charset=utf-8
cache-control: no-cache

20:20:37.019 [AsyncHttpClient-1-15] DEBUG org.asynchttpclient.netty.channel.ChannelManager - Adding key: http://localhost:18414 for channel [id: 0x20bf7517, L:/127.0.0.1:55458 - R:localhost/127.0.0.1:18414]
20:20:37.019 [main] DEBUG net.serenitybdd.core.photography.Darkroom - Send negative for processing for target\site\serenity\0810ee9430cadc8b732131b78c17891f710a8fcc923d6639691f841ee3db2d92.png
20:20:37.020 [main] DEBUG net.thucydides.core.steps.StepInterceptor - STEP DONE: validateProductTransaction
  &amp#27;[32mThen &amp#27;[0m&amp#27;[32mI can see the transaction&amp#27;[0m                          &amp#27;[90m# starter.stepdefinitions.TransactionSteps.validateProductTransaction()&amp#27;[0m
20:20:37.020 [Darkroom Processing Line] DEBUG net.serenitybdd.core.photography.DarkroomProcessingLine - Processing screenshot image in /var/screenshots/screenshot-17414132396682001248
20:20:37.020 [Darkroom Processing Line] DEBUG net.serenitybdd.core.photography.DarkroomProcessingLine - Saving screenshot to target\site\serenity\0810ee9430cadc8b732131b78c17891f710a8fcc923d6639691f841ee3db2d92.png
20:20:37.023 [main] INFO  - 
  _____   ___   ___   _____     ___     _     ___   ___   ___   ___  
 |_   _| | __| / __| |_   _|   | _ \   /_\   / __| / __| | __| |   \ 
   | |   | _|  \__ \   | |     |  _/  / _ \  \__ \ \__ \ | _|  | |) |
   |_|   |___| |___/   |_|     |_|   /_/ \_\ |___/ |___/ |___| |___/ 

Pay the product we've added to cart
----------------------------------------------------------------------
20:20:37.024 [AsyncHttpClient-1-17] DEBUG org.asynchttpclient.netty.handler.WebSocketHandler - Channel Closed: [id: 0xaa38bc8b, L:/127.0.0.1:55467 ! R:localhost/127.0.0.1:55460] with attribute NettyResponseFuture{currentRetry=0,
	isDone=1,
	isCancelled=0,
	asyncHandler=org.asynchttpclient.ws.WebSocketUpgradeHandler@5406c60a,
	nettyRequest=org.asynchttpclient.netty.request.NettyRequest@103972e6,
	future=java.util.concurrent.CompletableFuture@c3af64a[Completed normally],
	uri=ws://localhost:55460/devtools/browser/0c7375e4-2a10-4474-b1e0-50390674adcc,
	keepAlive=true,
	redirectCount=0,
	timeoutsHolder=null,
	inAuth=0,
	touch=1683379226257}
20:20:37.024 [Driver Command Executor] DEBUG org.asynchttpclient.netty.request.NettyRequestSender - Using pooled Channel '[id: 0x20bf7517, L:/127.0.0.1:55458 - R:localhost/127.0.0.1:18414]' for 'DELETE' to 'http://localhost:18414/session/ded6d8dd6fa4ba53501c140fd5f6fad9'
20:20:37.024 [Driver Command Executor] DEBUG org.asynchttpclient.netty.request.NettyRequestSender - Using open Channel [id: 0x20bf7517, L:/127.0.0.1:55458 - R:localhost/127.0.0.1:18414] for DELETE '/session/ded6d8dd6fa4ba53501c140fd5f6fad9'
20:20:37.024 [AsyncHttpClient-1-17] DEBUG org.asynchttpclient.netty.channel.ChannelManager - Closing Channel [id: 0xaa38bc8b, L:/127.0.0.1:55467 ! R:localhost/127.0.0.1:55460] 
20:20:37.046 [AsyncHttpClient-1-16] DEBUG org.asynchttpclient.netty.handler.HttpHandler - Unexpected I/O exception on channel [id: 0xa540f4c9, L:/127.0.0.1:55466 - R:localhost/127.0.0.1:55460]
java.net.SocketException: Connection reset
	at java.base/sun.nio.ch.SocketChannelImpl.throwConnectionReset(SocketChannelImpl.java:367)
	at java.base/sun.nio.ch.SocketChannelImpl.read(SocketChannelImpl.java:398)
	at io.netty.buffer.PooledByteBuf.setBytes(PooledByteBuf.java:259)
	at io.netty.buffer.AbstractByteBuf.writeBytes(AbstractByteBuf.java:1132)
	at io.netty.channel.socket.nio.NioSocketChannel.doReadBytes(NioSocketChannel.java:357)
	at io.netty.channel.nio.AbstractNioByteChannel$NioByteUnsafe.read(AbstractNioByteChannel.java:151)
	at io.netty.channel.nio.NioEventLoop.processSelectedKey(NioEventLoop.java:788)
	at io.netty.channel.nio.NioEventLoop.processSelectedKeysOptimized(NioEventLoop.java:724)
	at io.netty.channel.nio.NioEventLoop.processSelectedKeys(NioEventLoop.java:650)
	at io.netty.channel.nio.NioEventLoop.run(NioEventLoop.java:562)
	at io.netty.util.concurrent.SingleThreadEventExecutor$4.run(SingleThreadEventExecutor.java:997)
	at io.netty.util.internal.ThreadExecutorMap$2.run(ThreadExecutorMap.java:74)
	at io.netty.util.concurrent.FastThreadLocalRunnable.run(FastThreadLocalRunnable.java:30)
	at java.base/java.lang.Thread.run(Thread.java:832)
20:20:37.046 [AsyncHttpClient-1-16] DEBUG org.asynchttpclient.netty.channel.ChannelManager - Closing Channel [id: 0xa540f4c9, L:/127.0.0.1:55466 - R:localhost/127.0.0.1:55460] 
20:20:37.047 [AsyncHttpClient-1-16] DEBUG org.asynchttpclient.netty.handler.HttpHandler - Channel Closed: [id: 0xa540f4c9, L:/127.0.0.1:55466 ! R:localhost/127.0.0.1:55460] with attribute DISCARD
20:20:37.059 [AsyncHttpClient-1-15] DEBUG org.asynchttpclient.netty.handler.HttpHandler - 

Request DefaultFullHttpRequest(decodeResult: success, version: HTTP/1.1, content: EmptyByteBufBE)
DELETE /session/ded6d8dd6fa4ba53501c140fd5f6fad9 HTTP/1.1
User-Agent: selenium/4.8.1 (java windows)
Content-Type: application/json; charset=utf-8
host: localhost:18414
accept: */*

Response DefaultHttpResponse(decodeResult: success, version: HTTP/1.1)
HTTP/1.1 200 OK
Content-Length: 14
Content-Type: application/json; charset=utf-8
cache-control: no-cache

20:20:37.059 [AsyncHttpClient-1-15] DEBUG org.asynchttpclient.netty.channel.ChannelManager - Adding key: http://localhost:18414 for channel [id: 0x20bf7517, L:/127.0.0.1:55458 - R:localhost/127.0.0.1:18414]
20:20:37.171 [AsyncHttpClient-1-15] DEBUG org.asynchttpclient.netty.handler.HttpHandler - Channel Closed: [id: 0x20bf7517, L:/127.0.0.1:55458 ! R:localhost/127.0.0.1:18414] with attribute DISCARD
]]></system-out>
    <system-err><![CDATA[Starting ChromeDriver 111.0.5563.64 (c710e93d5b63b7095afe8c2c17df34408078439d-refs/branch-heads/5563@{#995}) on port 18414
Only local connections are allowed.
Please see https://chromedriver.chromium.org/security-considerations for suggestions on keeping ChromeDriver safe.
ChromeDriver was started successfully.
[1683379226.236][WARNING]: This version of ChromeDriver has not been tested with Chrome version 112.
May 06, 2023 8:20:26 PM org.openqa.selenium.devtools.CdpVersionFinder findNearestMatch
WARNING: Unable to find an exact match for CDP version 112, so returning the closest version found: 110
]]></system-err>
  </testcase>
  <testcase name="Failed to pay when user hasn&apos;t login yet" classname="Transaction" time="4.999">
    <system-out><![CDATA[
Scenario: Failed to pay when user hasn't login yet &amp#27;[90m# src/test/resources/features/5. Transaction.feature:25&amp#27;[0m
20:20:37.700 [main] DEBUG io.cucumber.core.plugin.SerenityReporter - Running feature from file:///C:/Users/WINDOWS%2010/Documents/GitHub/MiniProject_QE/Web/code/minpro/src/test/resources/features/5.%20Transaction.feature
20:20:37.703 [main] INFO  - 
  _____   ___   ___   _____     ___   _____     _     ___   _____   ___   ___  
 |_   _| | __| / __| |_   _|   / __| |_   _|   /_\   | _ \ |_   _| | __| |   \ 
   | |   | _|  \__ \   | |     \__ \   | |    / _ \  |   /   | |   | _|  | |) |
   |_|   |___| |___/   |_|     |___/   |_|   /_/ \_\ |_|_\   |_|   |___| |___/ 

Failed to pay when user hasn't login yet(transaction;failed-to-pay-when-user-hasn-t-login-yet)
--------------------------------------------------------------------------------
20:20:37.738 [main] DEBUG net.thucydides.core.steps.StepInterceptor - STARTING STEP: CategorySteps.goToHomePage - openPage
20:20:37.773 [AsyncHttpClient-1-1] DEBUG org.asynchttpclient.netty.channel.DefaultChannelPool - Entry count for : http://localhost:55460 : 1
20:20:37.773 [AsyncHttpClient-1-1] DEBUG org.asynchttpclient.netty.channel.DefaultChannelPool - Entry count for : http://localhost:18414 : 1
20:20:37.773 [AsyncHttpClient-1-1] DEBUG org.asynchttpclient.netty.channel.DefaultChannelPool - Adding Candidate expired Channel [id: 0xa540f4c9, L:/127.0.0.1:55466 ! R:localhost/127.0.0.1:55460] isIdleTimeoutExpired=false isRemotelyClosed=true isTtlExpired=false
20:20:37.773 [AsyncHttpClient-1-1] DEBUG org.asynchttpclient.netty.channel.DefaultChannelPool - Closing Idle Channel [id: 0xa540f4c9, L:/127.0.0.1:55466 ! R:localhost/127.0.0.1:55460]
20:20:37.773 [AsyncHttpClient-1-1] DEBUG org.asynchttpclient.netty.channel.DefaultChannelPool - Adding Candidate expired Channel [id: 0x20bf7517, L:/127.0.0.1:55458 ! R:localhost/127.0.0.1:18414] isIdleTimeoutExpired=false isRemotelyClosed=true isTtlExpired=false
20:20:37.773 [AsyncHttpClient-1-1] DEBUG org.asynchttpclient.netty.channel.DefaultChannelPool - Closing Idle Channel [id: 0x20bf7517, L:/127.0.0.1:55458 ! R:localhost/127.0.0.1:18414]
20:20:37.773 [AsyncHttpClient-1-1] DEBUG org.asynchttpclient.netty.channel.DefaultChannelPool - Closed 2 connections out of 2 in 0 ms
20:20:37.801 [main] INFO net.serenitybdd.core.webdriver.driverproviders.ChromeDriverProvider - Starting Chrome driver instance with capabilities:
20:20:37.801 [main] INFO net.serenitybdd.core.webdriver.driverproviders.ChromeDriverProvider - Capabilities {acceptInsecureCerts: false, browserName: chrome, goog:chromeOptions: {args: [remote-allow-origins=*], extensions: []}}
20:20:38.371 [AsyncHttpClient-1-18] DEBUG org.asynchttpclient.netty.channel.NettyConnectListener - Using new Channel '[id: 0x2987edcd, L:/127.0.0.1:55495 - R:localhost/127.0.0.1:44888]' for 'POST' to '/session'
20:20:39.031 [AsyncHttpClient-1-18] DEBUG org.asynchttpclient.netty.handler.HttpHandler - 

Request DefaultHttpRequest(decodeResult: success, version: HTTP/1.1)
POST /session HTTP/1.1
User-Agent: selenium/4.8.1 (java windows)
Content-Length: 507
Content-Type: application/json; charset=utf-8
host: localhost:44888
accept: */*

Response DefaultHttpResponse(decodeResult: success, version: HTTP/1.1)
HTTP/1.1 200 OK
Content-Length: 861
Content-Type: application/json; charset=utf-8
cache-control: no-cache

20:20:39.031 [AsyncHttpClient-1-18] DEBUG org.asynchttpclient.netty.channel.ChannelManager - Adding key: http://localhost:44888 for channel [id: 0x2987edcd, L:/127.0.0.1:55495 - R:localhost/127.0.0.1:44888]
20:20:39.035 [AsyncHttpClient-1-19] DEBUG org.asynchttpclient.netty.channel.NettyConnectListener - Using new Channel '[id: 0x49705257, L:/127.0.0.1:55505 - R:localhost/127.0.0.1:55498]' for 'GET' to '/json/version'
20:20:39.035 [AsyncHttpClient-1-19] DEBUG org.asynchttpclient.netty.handler.HttpHandler - 

Request DefaultFullHttpRequest(decodeResult: success, version: HTTP/1.1, content: EmptyByteBufBE)
GET /json/version HTTP/1.1
User-Agent: selenium/4.8.1 (java windows)
host: localhost:55498
accept: */*

Response DefaultHttpResponse(decodeResult: success, version: HTTP/1.1)
HTTP/1.1 200 OK
Content-Security-Policy: frame-ancestors 'none'
Content-Length: 424
Content-Type: application/json; charset=UTF-8

20:20:39.035 [AsyncHttpClient-1-19] DEBUG org.asynchttpclient.netty.channel.ChannelManager - Adding key: http://localhost:55498 for channel [id: 0x49705257, L:/127.0.0.1:55505 - R:localhost/127.0.0.1:55498]
20:20:39.037 [AsyncHttpClient-1-20] DEBUG org.asynchttpclient.netty.channel.NettyConnectListener - Using new Channel '[id: 0x42eefef3, L:/127.0.0.1:55506 - R:localhost/127.0.0.1:55498]' for 'GET' to '/devtools/browser/db7c3922-46cd-4812-9032-511607bd0ced'
20:20:39.037 [AsyncHttpClient-1-20] DEBUG org.asynchttpclient.netty.handler.WebSocketHandler - 

Request DefaultFullHttpRequest(decodeResult: success, version: HTTP/1.1, content: EmptyByteBufBE)
GET /devtools/browser/db7c3922-46cd-4812-9032-511607bd0ced HTTP/1.1
upgrade: websocket
connection: upgrade
sec-websocket-key: S5LcweFe3dwgvbZBHjuo5Q==
sec-websocket-version: 13
origin: http://localhost:55498
host: localhost:55498
accept: */*
user-agent: AHC/2.1

Response DefaultHttpResponse(decodeResult: success, version: HTTP/1.1)
HTTP/1.1 101 WebSocket Protocol Handshake
Upgrade: WebSocket
Connection: Upgrade
Sec-WebSocket-Accept: gKoG2soVkMJKG21X9iqJ7uYTuTE=

20:20:39.039 [Forwarding get on session 4568f85bcaf0643f323e90cc81050b82 to remote] DEBUG org.asynchttpclient.netty.request.NettyRequestSender - Using pooled Channel '[id: 0x2987edcd, L:/127.0.0.1:55495 - R:localhost/127.0.0.1:44888]' for 'POST' to 'http://localhost:44888/session/4568f85bcaf0643f323e90cc81050b82/url'
20:20:39.039 [Forwarding get on session 4568f85bcaf0643f323e90cc81050b82 to remote] DEBUG org.asynchttpclient.netty.request.NettyRequestSender - Using open Channel [id: 0x2987edcd, L:/127.0.0.1:55495 - R:localhost/127.0.0.1:44888] for POST '/session/4568f85bcaf0643f323e90cc81050b82/url'
20:20:39.955 [AsyncHttpClient-1-1] DEBUG org.asynchttpclient.netty.channel.DefaultChannelPool - Entry count for : http://localhost:55498 : 1
20:20:40.124 [AsyncHttpClient-1-18] DEBUG org.asynchttpclient.netty.handler.HttpHandler - 

Request DefaultHttpRequest(decodeResult: success, version: HTTP/1.1)
POST /session/4568f85bcaf0643f323e90cc81050b82/url HTTP/1.1
User-Agent: selenium/4.8.1 (java windows)
Content-Length: 74
Content-Type: application/json; charset=utf-8
host: localhost:44888
accept: */*

Response DefaultHttpResponse(decodeResult: success, version: HTTP/1.1)
HTTP/1.1 200 OK
Content-Length: 14
Content-Type: application/json; charset=utf-8
cache-control: no-cache

20:20:40.124 [AsyncHttpClient-1-18] DEBUG org.asynchttpclient.netty.channel.ChannelManager - Adding key: http://localhost:44888 for channel [id: 0x2987edcd, L:/127.0.0.1:55495 - R:localhost/127.0.0.1:44888]
20:20:40.125 [Forwarding setTimeout on session 4568f85bcaf0643f323e90cc81050b82 to remote] DEBUG org.asynchttpclient.netty.request.NettyRequestSender - Using pooled Channel '[id: 0x2987edcd, L:/127.0.0.1:55495 - R:localhost/127.0.0.1:44888]' for 'POST' to 'http://localhost:44888/session/4568f85bcaf0643f323e90cc81050b82/timeouts'
20:20:40.125 [Forwarding setTimeout on session 4568f85bcaf0643f323e90cc81050b82 to remote] DEBUG org.asynchttpclient.netty.request.NettyRequestSender - Using open Channel [id: 0x2987edcd, L:/127.0.0.1:55495 - R:localhost/127.0.0.1:44888] for POST '/session/4568f85bcaf0643f323e90cc81050b82/timeouts'
20:20:40.126 [AsyncHttpClient-1-18] DEBUG org.asynchttpclient.netty.handler.HttpHandler - 

Request DefaultHttpRequest(decodeResult: success, version: HTTP/1.1)
POST /session/4568f85bcaf0643f323e90cc81050b82/timeouts HTTP/1.1
User-Agent: selenium/4.8.1 (java windows)
Content-Length: 22
Content-Type: application/json; charset=utf-8
host: localhost:44888
accept: */*

Response DefaultHttpResponse(decodeResult: success, version: HTTP/1.1)
HTTP/1.1 200 OK
Content-Length: 14
Content-Type: application/json; charset=utf-8
cache-control: no-cache

20:20:40.126 [AsyncHttpClient-1-18] DEBUG org.asynchttpclient.netty.channel.ChannelManager - Adding key: http://localhost:44888 for channel [id: 0x2987edcd, L:/127.0.0.1:55495 - R:localhost/127.0.0.1:44888]
20:20:40.130 [Forwarding getAlertText on session 4568f85bcaf0643f323e90cc81050b82 to remote] DEBUG org.asynchttpclient.netty.request.NettyRequestSender - Using pooled Channel '[id: 0x2987edcd, L:/127.0.0.1:55495 - R:localhost/127.0.0.1:44888]' for 'GET' to 'http://localhost:44888/session/4568f85bcaf0643f323e90cc81050b82/alert/text'
20:20:40.130 [Forwarding getAlertText on session 4568f85bcaf0643f323e90cc81050b82 to remote] DEBUG org.asynchttpclient.netty.request.NettyRequestSender - Using open Channel [id: 0x2987edcd, L:/127.0.0.1:55495 - R:localhost/127.0.0.1:44888] for GET '/session/4568f85bcaf0643f323e90cc81050b82/alert/text'
20:20:40.131 [AsyncHttpClient-1-18] DEBUG org.asynchttpclient.netty.handler.HttpHandler - 

Request DefaultFullHttpRequest(decodeResult: success, version: HTTP/1.1, content: EmptyByteBufBE)
GET /session/4568f85bcaf0643f323e90cc81050b82/alert/text HTTP/1.1
User-Agent: selenium/4.8.1 (java windows)
Cache-Control: no-cache
Content-Type: application/json; charset=utf-8
host: localhost:44888
accept: */*

Response DefaultHttpResponse(decodeResult: success, version: HTTP/1.1)
HTTP/1.1 404 Not Found
Content-Length: 836
Content-Type: application/json; charset=utf-8
cache-control: no-cache

20:20:40.131 [AsyncHttpClient-1-18] DEBUG org.asynchttpclient.netty.channel.ChannelManager - Adding key: http://localhost:44888 for channel [id: 0x2987edcd, L:/127.0.0.1:55495 - R:localhost/127.0.0.1:44888]
20:20:40.132 [Forwarding getCurrentUrl on session 4568f85bcaf0643f323e90cc81050b82 to remote] DEBUG org.asynchttpclient.netty.request.NettyRequestSender - Using pooled Channel '[id: 0x2987edcd, L:/127.0.0.1:55495 - R:localhost/127.0.0.1:44888]' for 'GET' to 'http://localhost:44888/session/4568f85bcaf0643f323e90cc81050b82/url'
20:20:40.132 [Forwarding getCurrentUrl on session 4568f85bcaf0643f323e90cc81050b82 to remote] DEBUG org.asynchttpclient.netty.request.NettyRequestSender - Using open Channel [id: 0x2987edcd, L:/127.0.0.1:55495 - R:localhost/127.0.0.1:44888] for GET '/session/4568f85bcaf0643f323e90cc81050b82/url'
20:20:40.135 [AsyncHttpClient-1-18] DEBUG org.asynchttpclient.netty.handler.HttpHandler - 

Request DefaultFullHttpRequest(decodeResult: success, version: HTTP/1.1, content: EmptyByteBufBE)
GET /session/4568f85bcaf0643f323e90cc81050b82/url HTTP/1.1
User-Agent: selenium/4.8.1 (java windows)
Cache-Control: no-cache
Content-Type: application/json; charset=utf-8
host: localhost:44888
accept: */*

Response DefaultHttpResponse(decodeResult: success, version: HTTP/1.1)
HTTP/1.1 200 OK
Content-Length: 51
Content-Type: application/json; charset=utf-8
cache-control: no-cache

20:20:40.135 [AsyncHttpClient-1-18] DEBUG org.asynchttpclient.netty.channel.ChannelManager - Adding key: http://localhost:44888 for channel [id: 0x2987edcd, L:/127.0.0.1:55495 - R:localhost/127.0.0.1:44888]
20:20:40.135 [Forwarding screenshot on session 4568f85bcaf0643f323e90cc81050b82 to remote] DEBUG org.asynchttpclient.netty.request.NettyRequestSender - Using pooled Channel '[id: 0x2987edcd, L:/127.0.0.1:55495 - R:localhost/127.0.0.1:44888]' for 'GET' to 'http://localhost:44888/session/4568f85bcaf0643f323e90cc81050b82/screenshot'
20:20:40.135 [Forwarding screenshot on session 4568f85bcaf0643f323e90cc81050b82 to remote] DEBUG org.asynchttpclient.netty.request.NettyRequestSender - Using open Channel [id: 0x2987edcd, L:/127.0.0.1:55495 - R:localhost/127.0.0.1:44888] for GET '/session/4568f85bcaf0643f323e90cc81050b82/screenshot'
20:20:40.210 [AsyncHttpClient-1-18] DEBUG org.asynchttpclient.netty.handler.HttpHandler - 

Request DefaultFullHttpRequest(decodeResult: success, version: HTTP/1.1, content: EmptyByteBufBE)
GET /session/4568f85bcaf0643f323e90cc81050b82/screenshot HTTP/1.1
User-Agent: selenium/4.8.1 (java windows)
Cache-Control: no-cache
Content-Type: application/json; charset=utf-8
host: localhost:44888
accept: */*

Response DefaultHttpResponse(decodeResult: success, version: HTTP/1.1)
HTTP/1.1 200 OK
Content-Length: 25208
Content-Type: application/json; charset=utf-8
cache-control: no-cache

20:20:40.210 [AsyncHttpClient-1-18] DEBUG org.asynchttpclient.netty.channel.ChannelManager - Adding key: http://localhost:44888 for channel [id: 0x2987edcd, L:/127.0.0.1:55495 - R:localhost/127.0.0.1:44888]
20:20:40.211 [main] DEBUG net.serenitybdd.core.photography.Darkroom - Send negative for processing for target\site\serenity\edb14d4aab401efa0e4fb99861e6ffcafebc86a67b69f7828890b9910ed2ddbd.png
20:20:40.211 [main] DEBUG net.thucydides.core.steps.StepInterceptor - STEP DONE: openPage
20:20:40.215 [Forwarding getPageSource on session 4568f85bcaf0643f323e90cc81050b82 to remote] DEBUG org.asynchttpclient.netty.request.NettyRequestSender - Using pooled Channel '[id: 0x2987edcd, L:/127.0.0.1:55495 - R:localhost/127.0.0.1:44888]' for 'POST' to 'http://localhost:44888/session/4568f85bcaf0643f323e90cc81050b82/execute/sync'
20:20:40.215 [Forwarding getPageSource on session 4568f85bcaf0643f323e90cc81050b82 to remote] DEBUG org.asynchttpclient.netty.request.NettyRequestSender - Using open Channel [id: 0x2987edcd, L:/127.0.0.1:55495 - R:localhost/127.0.0.1:44888] for POST '/session/4568f85bcaf0643f323e90cc81050b82/execute/sync'
20:20:40.219 [AsyncHttpClient-1-18] DEBUG org.asynchttpclient.netty.handler.HttpHandler - 

Request DefaultHttpRequest(decodeResult: success, version: HTTP/1.1)
POST /session/4568f85bcaf0643f323e90cc81050b82/execute/sync HTTP/1.1
User-Agent: selenium/4.8.1 (java windows)
Content-Length: 176
Content-Type: application/json; charset=utf-8
host: localhost:44888
accept: */*

Response DefaultHttpResponse(decodeResult: success, version: HTTP/1.1)
HTTP/1.1 200 OK
Content-Length: 21659
Content-Type: application/json; charset=utf-8
cache-control: no-cache

20:20:40.219 [AsyncHttpClient-1-18] DEBUG org.asynchttpclient.netty.channel.ChannelManager - Adding key: http://localhost:44888 for channel [id: 0x2987edcd, L:/127.0.0.1:55495 - R:localhost/127.0.0.1:44888]
20:20:40.221 [Forwarding getCurrentUrl on session 4568f85bcaf0643f323e90cc81050b82 to remote] DEBUG org.asynchttpclient.netty.request.NettyRequestSender - Using pooled Channel '[id: 0x2987edcd, L:/127.0.0.1:55495 - R:localhost/127.0.0.1:44888]' for 'GET' to 'http://localhost:44888/session/4568f85bcaf0643f323e90cc81050b82/url'
20:20:40.221 [Forwarding getCurrentUrl on session 4568f85bcaf0643f323e90cc81050b82 to remote] DEBUG org.asynchttpclient.netty.request.NettyRequestSender - Using open Channel [id: 0x2987edcd, L:/127.0.0.1:55495 - R:localhost/127.0.0.1:44888] for GET '/session/4568f85bcaf0643f323e90cc81050b82/url'
20:20:40.223 [AsyncHttpClient-1-18] DEBUG org.asynchttpclient.netty.handler.HttpHandler - 

Request DefaultFullHttpRequest(decodeResult: success, version: HTTP/1.1, content: EmptyByteBufBE)
GET /session/4568f85bcaf0643f323e90cc81050b82/url HTTP/1.1
User-Agent: selenium/4.8.1 (java windows)
Cache-Control: no-cache
Content-Type: application/json; charset=utf-8
host: localhost:44888
accept: */*

Response DefaultHttpResponse(decodeResult: success, version: HTTP/1.1)
HTTP/1.1 200 OK
Content-Length: 51
Content-Type: application/json; charset=utf-8
cache-control: no-cache

20:20:40.223 [AsyncHttpClient-1-18] DEBUG org.asynchttpclient.netty.channel.ChannelManager - Adding key: http://localhost:44888 for channel [id: 0x2987edcd, L:/127.0.0.1:55495 - R:localhost/127.0.0.1:44888]
20:20:40.224 [main] DEBUG net.thucydides.core.steps.StepInterceptor - STARTING STEP: CategorySteps.goToHomePage - clickToolbarTitle
20:20:40.226 [Forwarding findElement on session 4568f85bcaf0643f323e90cc81050b82 to remote] DEBUG org.asynchttpclient.netty.request.NettyRequestSender - Using pooled Channel '[id: 0x2987edcd, L:/127.0.0.1:55495 - R:localhost/127.0.0.1:44888]' for 'POST' to 'http://localhost:44888/session/4568f85bcaf0643f323e90cc81050b82/element'
20:20:40.226 [Forwarding findElement on session 4568f85bcaf0643f323e90cc81050b82 to remote] DEBUG org.asynchttpclient.netty.request.NettyRequestSender - Using open Channel [id: 0x2987edcd, L:/127.0.0.1:55495 - R:localhost/127.0.0.1:44888] for POST '/session/4568f85bcaf0643f323e90cc81050b82/element'
20:20:40.233 [AsyncHttpClient-1-18] DEBUG org.asynchttpclient.netty.handler.HttpHandler - 

Request DefaultHttpRequest(decodeResult: success, version: HTTP/1.1)
POST /session/4568f85bcaf0643f323e90cc81050b82/element HTTP/1.1
User-Agent: selenium/4.8.1 (java windows)
Content-Length: 63
Content-Type: application/json; charset=utf-8
host: localhost:44888
accept: */*

Response DefaultHttpResponse(decodeResult: success, version: HTTP/1.1)
HTTP/1.1 200 OK
Content-Length: 88
Content-Type: application/json; charset=utf-8
cache-control: no-cache

20:20:40.233 [AsyncHttpClient-1-18] DEBUG org.asynchttpclient.netty.channel.ChannelManager - Adding key: http://localhost:44888 for channel [id: 0x2987edcd, L:/127.0.0.1:55495 - R:localhost/127.0.0.1:44888]
20:20:40.234 [Forwarding getElementTagName on session 4568f85bcaf0643f323e90cc81050b82 to remote] DEBUG org.asynchttpclient.netty.request.NettyRequestSender - Using pooled Channel '[id: 0x2987edcd, L:/127.0.0.1:55495 - R:localhost/127.0.0.1:44888]' for 'GET' to 'http://localhost:44888/session/4568f85bcaf0643f323e90cc81050b82/element/5ebdf11c-31e3-4e34-bfdd-1ca9d32a723e/name'
20:20:40.234 [Forwarding getElementTagName on session 4568f85bcaf0643f323e90cc81050b82 to remote] DEBUG org.asynchttpclient.netty.request.NettyRequestSender - Using open Channel [id: 0x2987edcd, L:/127.0.0.1:55495 - R:localhost/127.0.0.1:44888] for GET '/session/4568f85bcaf0643f323e90cc81050b82/element/5ebdf11c-31e3-4e34-bfdd-1ca9d32a723e/name'
20:20:40.237 [AsyncHttpClient-1-18] DEBUG org.asynchttpclient.netty.handler.HttpHandler - 

Request DefaultFullHttpRequest(decodeResult: success, version: HTTP/1.1, content: EmptyByteBufBE)
GET /session/4568f85bcaf0643f323e90cc81050b82/element/5ebdf11c-31e3-4e34-bfdd-1ca9d32a723e/name HTTP/1.1
User-Agent: selenium/4.8.1 (java windows)
Cache-Control: no-cache
Content-Type: application/json; charset=utf-8
host: localhost:44888
accept: */*

Response DefaultHttpResponse(decodeResult: success, version: HTTP/1.1)
HTTP/1.1 200 OK
Content-Length: 15
Content-Type: application/json; charset=utf-8
cache-control: no-cache

20:20:40.237 [AsyncHttpClient-1-18] DEBUG org.asynchttpclient.netty.channel.ChannelManager - Adding key: http://localhost:44888 for channel [id: 0x2987edcd, L:/127.0.0.1:55495 - R:localhost/127.0.0.1:44888]
20:20:40.238 [Forwarding getElementTagName on session 4568f85bcaf0643f323e90cc81050b82 to remote] DEBUG org.asynchttpclient.netty.request.NettyRequestSender - Using pooled Channel '[id: 0x2987edcd, L:/127.0.0.1:55495 - R:localhost/127.0.0.1:44888]' for 'GET' to 'http://localhost:44888/session/4568f85bcaf0643f323e90cc81050b82/element/5ebdf11c-31e3-4e34-bfdd-1ca9d32a723e/name'
20:20:40.238 [Forwarding getElementTagName on session 4568f85bcaf0643f323e90cc81050b82 to remote] DEBUG org.asynchttpclient.netty.request.NettyRequestSender - Using open Channel [id: 0x2987edcd, L:/127.0.0.1:55495 - R:localhost/127.0.0.1:44888] for GET '/session/4568f85bcaf0643f323e90cc81050b82/element/5ebdf11c-31e3-4e34-bfdd-1ca9d32a723e/name'
20:20:40.240 [AsyncHttpClient-1-18] DEBUG org.asynchttpclient.netty.handler.HttpHandler - 

Request DefaultFullHttpRequest(decodeResult: success, version: HTTP/1.1, content: EmptyByteBufBE)
GET /session/4568f85bcaf0643f323e90cc81050b82/element/5ebdf11c-31e3-4e34-bfdd-1ca9d32a723e/name HTTP/1.1
User-Agent: selenium/4.8.1 (java windows)
Cache-Control: no-cache
Content-Type: application/json; charset=utf-8
host: localhost:44888
accept: */*

Response DefaultHttpResponse(decodeResult: success, version: HTTP/1.1)
HTTP/1.1 200 OK
Content-Length: 15
Content-Type: application/json; charset=utf-8
cache-control: no-cache

20:20:40.240 [AsyncHttpClient-1-18] DEBUG org.asynchttpclient.netty.channel.ChannelManager - Adding key: http://localhost:44888 for channel [id: 0x2987edcd, L:/127.0.0.1:55495 - R:localhost/127.0.0.1:44888]
20:20:40.241 [Forwarding findElement on session 4568f85bcaf0643f323e90cc81050b82 to remote] DEBUG org.asynchttpclient.netty.request.NettyRequestSender - Using pooled Channel '[id: 0x2987edcd, L:/127.0.0.1:55495 - R:localhost/127.0.0.1:44888]' for 'POST' to 'http://localhost:44888/session/4568f85bcaf0643f323e90cc81050b82/element'
20:20:40.241 [Forwarding findElement on session 4568f85bcaf0643f323e90cc81050b82 to remote] DEBUG org.asynchttpclient.netty.request.NettyRequestSender - Using open Channel [id: 0x2987edcd, L:/127.0.0.1:55495 - R:localhost/127.0.0.1:44888] for POST '/session/4568f85bcaf0643f323e90cc81050b82/element'
20:20:40.246 [AsyncHttpClient-1-18] DEBUG org.asynchttpclient.netty.handler.HttpHandler - 

Request DefaultHttpRequest(decodeResult: success, version: HTTP/1.1)
POST /session/4568f85bcaf0643f323e90cc81050b82/element HTTP/1.1
User-Agent: selenium/4.8.1 (java windows)
Content-Length: 63
Content-Type: application/json; charset=utf-8
host: localhost:44888
accept: */*

Response DefaultHttpResponse(decodeResult: success, version: HTTP/1.1)
HTTP/1.1 200 OK
Content-Length: 88
Content-Type: application/json; charset=utf-8
cache-control: no-cache

20:20:40.246 [AsyncHttpClient-1-18] DEBUG org.asynchttpclient.netty.channel.ChannelManager - Adding key: http://localhost:44888 for channel [id: 0x2987edcd, L:/127.0.0.1:55495 - R:localhost/127.0.0.1:44888]
20:20:40.247 [Forwarding clickElement on session 4568f85bcaf0643f323e90cc81050b82 to remote] DEBUG org.asynchttpclient.netty.request.NettyRequestSender - Using pooled Channel '[id: 0x2987edcd, L:/127.0.0.1:55495 - R:localhost/127.0.0.1:44888]' for 'POST' to 'http://localhost:44888/session/4568f85bcaf0643f323e90cc81050b82/element/5ebdf11c-31e3-4e34-bfdd-1ca9d32a723e/click'
20:20:40.247 [Forwarding clickElement on session 4568f85bcaf0643f323e90cc81050b82 to remote] DEBUG org.asynchttpclient.netty.request.NettyRequestSender - Using open Channel [id: 0x2987edcd, L:/127.0.0.1:55495 - R:localhost/127.0.0.1:44888] for POST '/session/4568f85bcaf0643f323e90cc81050b82/element/5ebdf11c-31e3-4e34-bfdd-1ca9d32a723e/click'
20:20:40.308 [AsyncHttpClient-1-18] DEBUG org.asynchttpclient.netty.handler.HttpHandler - 

Request DefaultHttpRequest(decodeResult: success, version: HTTP/1.1)
POST /session/4568f85bcaf0643f323e90cc81050b82/element/5ebdf11c-31e3-4e34-bfdd-1ca9d32a723e/click HTTP/1.1
User-Agent: selenium/4.8.1 (java windows)
Content-Length: 50
Content-Type: application/json; charset=utf-8
host: localhost:44888
accept: */*

Response DefaultHttpResponse(decodeResult: success, version: HTTP/1.1)
HTTP/1.1 200 OK
Content-Length: 14
Content-Type: application/json; charset=utf-8
cache-control: no-cache

20:20:40.308 [AsyncHttpClient-1-18] DEBUG org.asynchttpclient.netty.channel.ChannelManager - Adding key: http://localhost:44888 for channel [id: 0x2987edcd, L:/127.0.0.1:55495 - R:localhost/127.0.0.1:44888]
20:20:40.313 [Forwarding getAlertText on session 4568f85bcaf0643f323e90cc81050b82 to remote] DEBUG org.asynchttpclient.netty.request.NettyRequestSender - Using pooled Channel '[id: 0x2987edcd, L:/127.0.0.1:55495 - R:localhost/127.0.0.1:44888]' for 'GET' to 'http://localhost:44888/session/4568f85bcaf0643f323e90cc81050b82/alert/text'
20:20:40.313 [Forwarding getAlertText on session 4568f85bcaf0643f323e90cc81050b82 to remote] DEBUG org.asynchttpclient.netty.request.NettyRequestSender - Using open Channel [id: 0x2987edcd, L:/127.0.0.1:55495 - R:localhost/127.0.0.1:44888] for GET '/session/4568f85bcaf0643f323e90cc81050b82/alert/text'
20:20:40.315 [AsyncHttpClient-1-18] DEBUG org.asynchttpclient.netty.handler.HttpHandler - 

Request DefaultFullHttpRequest(decodeResult: success, version: HTTP/1.1, content: EmptyByteBufBE)
GET /session/4568f85bcaf0643f323e90cc81050b82/alert/text HTTP/1.1
User-Agent: selenium/4.8.1 (java windows)
Cache-Control: no-cache
Content-Type: application/json; charset=utf-8
host: localhost:44888
accept: */*

Response DefaultHttpResponse(decodeResult: success, version: HTTP/1.1)
HTTP/1.1 404 Not Found
Content-Length: 836
Content-Type: application/json; charset=utf-8
cache-control: no-cache

20:20:40.315 [AsyncHttpClient-1-18] DEBUG org.asynchttpclient.netty.channel.ChannelManager - Adding key: http://localhost:44888 for channel [id: 0x2987edcd, L:/127.0.0.1:55495 - R:localhost/127.0.0.1:44888]
20:20:40.315 [Forwarding getCurrentUrl on session 4568f85bcaf0643f323e90cc81050b82 to remote] DEBUG org.asynchttpclient.netty.request.NettyRequestSender - Using pooled Channel '[id: 0x2987edcd, L:/127.0.0.1:55495 - R:localhost/127.0.0.1:44888]' for 'GET' to 'http://localhost:44888/session/4568f85bcaf0643f323e90cc81050b82/url'
20:20:40.315 [Forwarding getCurrentUrl on session 4568f85bcaf0643f323e90cc81050b82 to remote] DEBUG org.asynchttpclient.netty.request.NettyRequestSender - Using open Channel [id: 0x2987edcd, L:/127.0.0.1:55495 - R:localhost/127.0.0.1:44888] for GET '/session/4568f85bcaf0643f323e90cc81050b82/url'
20:20:40.320 [AsyncHttpClient-1-18] DEBUG org.asynchttpclient.netty.handler.HttpHandler - 

Request DefaultFullHttpRequest(decodeResult: success, version: HTTP/1.1, content: EmptyByteBufBE)
GET /session/4568f85bcaf0643f323e90cc81050b82/url HTTP/1.1
User-Agent: selenium/4.8.1 (java windows)
Cache-Control: no-cache
Content-Type: application/json; charset=utf-8
host: localhost:44888
accept: */*

Response DefaultHttpResponse(decodeResult: success, version: HTTP/1.1)
HTTP/1.1 200 OK
Content-Length: 41
Content-Type: application/json; charset=utf-8
cache-control: no-cache

20:20:40.320 [AsyncHttpClient-1-18] DEBUG org.asynchttpclient.netty.channel.ChannelManager - Adding key: http://localhost:44888 for channel [id: 0x2987edcd, L:/127.0.0.1:55495 - R:localhost/127.0.0.1:44888]
20:20:40.320 [Forwarding screenshot on session 4568f85bcaf0643f323e90cc81050b82 to remote] DEBUG org.asynchttpclient.netty.request.NettyRequestSender - Using pooled Channel '[id: 0x2987edcd, L:/127.0.0.1:55495 - R:localhost/127.0.0.1:44888]' for 'GET' to 'http://localhost:44888/session/4568f85bcaf0643f323e90cc81050b82/screenshot'
20:20:40.320 [Forwarding screenshot on session 4568f85bcaf0643f323e90cc81050b82 to remote] DEBUG org.asynchttpclient.netty.request.NettyRequestSender - Using open Channel [id: 0x2987edcd, L:/127.0.0.1:55495 - R:localhost/127.0.0.1:44888] for GET '/session/4568f85bcaf0643f323e90cc81050b82/screenshot'
20:20:40.597 [AsyncHttpClient-1-18] DEBUG org.asynchttpclient.netty.handler.HttpHandler - 

Request DefaultFullHttpRequest(decodeResult: success, version: HTTP/1.1, content: EmptyByteBufBE)
GET /session/4568f85bcaf0643f323e90cc81050b82/screenshot HTTP/1.1
User-Agent: selenium/4.8.1 (java windows)
Cache-Control: no-cache
Content-Type: application/json; charset=utf-8
host: localhost:44888
accept: */*

Response DefaultHttpResponse(decodeResult: success, version: HTTP/1.1)
HTTP/1.1 200 OK
Content-Length: 31036
Content-Type: application/json; charset=utf-8
cache-control: no-cache

20:20:40.598 [AsyncHttpClient-1-18] DEBUG org.asynchttpclient.netty.channel.ChannelManager - Adding key: http://localhost:44888 for channel [id: 0x2987edcd, L:/127.0.0.1:55495 - R:localhost/127.0.0.1:44888]
20:20:40.599 [main] DEBUG net.serenitybdd.core.photography.Darkroom - Send negative for processing for target\site\serenity\ccb5f61c6c07263472bd90bb1a6ed5fc462cef24b67a50fbee2f1ecf4e0b7006.png
20:20:40.599 [main] DEBUG net.thucydides.core.steps.StepInterceptor - STEP DONE: clickToolbarTitle
  &amp#27;[32mGiven &amp#27;[0m&amp#27;[32mI go to the alta shop home page&amp#27;[0m            &amp#27;[90m# starter.stepdefinitions.CategorySteps.goToHomePage()&amp#27;[0m
20:20:40.599 [Darkroom Processing Line] DEBUG net.serenitybdd.core.photography.DarkroomProcessingLine - Processing screenshot image in /var/screenshots/screenshot-4888425238761522103
20:20:40.599 [Darkroom Processing Line] DEBUG net.serenitybdd.core.photography.DarkroomProcessingLine - Saving screenshot to target\site\serenity\ccb5f61c6c07263472bd90bb1a6ed5fc462cef24b67a50fbee2f1ecf4e0b7006.png
20:20:40.605 [Forwarding getPageSource on session 4568f85bcaf0643f323e90cc81050b82 to remote] DEBUG org.asynchttpclient.netty.request.NettyRequestSender - Using pooled Channel '[id: 0x2987edcd, L:/127.0.0.1:55495 - R:localhost/127.0.0.1:44888]' for 'POST' to 'http://localhost:44888/session/4568f85bcaf0643f323e90cc81050b82/execute/sync'
20:20:40.606 [Forwarding getPageSource on session 4568f85bcaf0643f323e90cc81050b82 to remote] DEBUG org.asynchttpclient.netty.request.NettyRequestSender - Using open Channel [id: 0x2987edcd, L:/127.0.0.1:55495 - R:localhost/127.0.0.1:44888] for POST '/session/4568f85bcaf0643f323e90cc81050b82/execute/sync'
20:20:40.610 [AsyncHttpClient-1-18] DEBUG org.asynchttpclient.netty.handler.HttpHandler - 

Request DefaultHttpRequest(decodeResult: success, version: HTTP/1.1)
POST /session/4568f85bcaf0643f323e90cc81050b82/execute/sync HTTP/1.1
User-Agent: selenium/4.8.1 (java windows)
Content-Length: 176
Content-Type: application/json; charset=utf-8
host: localhost:44888
accept: */*

Response DefaultHttpResponse(decodeResult: success, version: HTTP/1.1)
HTTP/1.1 200 OK
Content-Length: 28688
Content-Type: application/json; charset=utf-8
cache-control: no-cache

20:20:40.610 [AsyncHttpClient-1-18] DEBUG org.asynchttpclient.netty.channel.ChannelManager - Adding key: http://localhost:44888 for channel [id: 0x2987edcd, L:/127.0.0.1:55495 - R:localhost/127.0.0.1:44888]
20:20:40.612 [Forwarding getCurrentUrl on session 4568f85bcaf0643f323e90cc81050b82 to remote] DEBUG org.asynchttpclient.netty.request.NettyRequestSender - Using pooled Channel '[id: 0x2987edcd, L:/127.0.0.1:55495 - R:localhost/127.0.0.1:44888]' for 'GET' to 'http://localhost:44888/session/4568f85bcaf0643f323e90cc81050b82/url'
20:20:40.612 [Forwarding getCurrentUrl on session 4568f85bcaf0643f323e90cc81050b82 to remote] DEBUG org.asynchttpclient.netty.request.NettyRequestSender - Using open Channel [id: 0x2987edcd, L:/127.0.0.1:55495 - R:localhost/127.0.0.1:44888] for GET '/session/4568f85bcaf0643f323e90cc81050b82/url'
20:20:40.614 [AsyncHttpClient-1-18] DEBUG org.asynchttpclient.netty.handler.HttpHandler - 

Request DefaultFullHttpRequest(decodeResult: success, version: HTTP/1.1, content: EmptyByteBufBE)
GET /session/4568f85bcaf0643f323e90cc81050b82/url HTTP/1.1
User-Agent: selenium/4.8.1 (java windows)
Cache-Control: no-cache
Content-Type: application/json; charset=utf-8
host: localhost:44888
accept: */*

Response DefaultHttpResponse(decodeResult: success, version: HTTP/1.1)
HTTP/1.1 200 OK
Content-Length: 41
Content-Type: application/json; charset=utf-8
cache-control: no-cache

20:20:40.614 [AsyncHttpClient-1-18] DEBUG org.asynchttpclient.netty.channel.ChannelManager - Adding key: http://localhost:44888 for channel [id: 0x2987edcd, L:/127.0.0.1:55495 - R:localhost/127.0.0.1:44888]
20:20:40.643 [Forwarding getPageSource on session 4568f85bcaf0643f323e90cc81050b82 to remote] DEBUG org.asynchttpclient.netty.request.NettyRequestSender - Using pooled Channel '[id: 0x2987edcd, L:/127.0.0.1:55495 - R:localhost/127.0.0.1:44888]' for 'POST' to 'http://localhost:44888/session/4568f85bcaf0643f323e90cc81050b82/execute/sync'
20:20:40.643 [Forwarding getPageSource on session 4568f85bcaf0643f323e90cc81050b82 to remote] DEBUG org.asynchttpclient.netty.request.NettyRequestSender - Using open Channel [id: 0x2987edcd, L:/127.0.0.1:55495 - R:localhost/127.0.0.1:44888] for POST '/session/4568f85bcaf0643f323e90cc81050b82/execute/sync'
20:20:40.648 [AsyncHttpClient-1-18] DEBUG org.asynchttpclient.netty.handler.HttpHandler - 

Request DefaultHttpRequest(decodeResult: success, version: HTTP/1.1)
POST /session/4568f85bcaf0643f323e90cc81050b82/execute/sync HTTP/1.1
User-Agent: selenium/4.8.1 (java windows)
Content-Length: 176
Content-Type: application/json; charset=utf-8
host: localhost:44888
accept: */*

Response DefaultHttpResponse(decodeResult: success, version: HTTP/1.1)
HTTP/1.1 200 OK
Content-Length: 28688
Content-Type: application/json; charset=utf-8
cache-control: no-cache

20:20:40.648 [AsyncHttpClient-1-18] DEBUG org.asynchttpclient.netty.channel.ChannelManager - Adding key: http://localhost:44888 for channel [id: 0x2987edcd, L:/127.0.0.1:55495 - R:localhost/127.0.0.1:44888]
20:20:40.650 [Forwarding getCurrentUrl on session 4568f85bcaf0643f323e90cc81050b82 to remote] DEBUG org.asynchttpclient.netty.request.NettyRequestSender - Using pooled Channel '[id: 0x2987edcd, L:/127.0.0.1:55495 - R:localhost/127.0.0.1:44888]' for 'GET' to 'http://localhost:44888/session/4568f85bcaf0643f323e90cc81050b82/url'
20:20:40.650 [Forwarding getCurrentUrl on session 4568f85bcaf0643f323e90cc81050b82 to remote] DEBUG org.asynchttpclient.netty.request.NettyRequestSender - Using open Channel [id: 0x2987edcd, L:/127.0.0.1:55495 - R:localhost/127.0.0.1:44888] for GET '/session/4568f85bcaf0643f323e90cc81050b82/url'
20:20:40.653 [AsyncHttpClient-1-18] DEBUG org.asynchttpclient.netty.handler.HttpHandler - 

Request DefaultFullHttpRequest(decodeResult: success, version: HTTP/1.1, content: EmptyByteBufBE)
GET /session/4568f85bcaf0643f323e90cc81050b82/url HTTP/1.1
User-Agent: selenium/4.8.1 (java windows)
Cache-Control: no-cache
Content-Type: application/json; charset=utf-8
host: localhost:44888
accept: */*

Response DefaultHttpResponse(decodeResult: success, version: HTTP/1.1)
HTTP/1.1 200 OK
Content-Length: 41
Content-Type: application/json; charset=utf-8
cache-control: no-cache

20:20:40.653 [AsyncHttpClient-1-18] DEBUG org.asynchttpclient.netty.channel.ChannelManager - Adding key: http://localhost:44888 for channel [id: 0x2987edcd, L:/127.0.0.1:55495 - R:localhost/127.0.0.1:44888]
20:20:40.655 [main] DEBUG net.thucydides.core.steps.StepInterceptor - STARTING STEP: ProductSteps.clickBeliButton - clickBeliButton
20:20:40.656 [Forwarding findElement on session 4568f85bcaf0643f323e90cc81050b82 to remote] DEBUG org.asynchttpclient.netty.request.NettyRequestSender - Using pooled Channel '[id: 0x2987edcd, L:/127.0.0.1:55495 - R:localhost/127.0.0.1:44888]' for 'POST' to 'http://localhost:44888/session/4568f85bcaf0643f323e90cc81050b82/element'
20:20:40.656 [Forwarding findElement on session 4568f85bcaf0643f323e90cc81050b82 to remote] DEBUG org.asynchttpclient.netty.request.NettyRequestSender - Using open Channel [id: 0x2987edcd, L:/127.0.0.1:55495 - R:localhost/127.0.0.1:44888] for POST '/session/4568f85bcaf0643f323e90cc81050b82/element'
20:20:41.057 [AsyncHttpClient-1-1] DEBUG org.asynchttpclient.netty.channel.DefaultChannelPool - Entry count for : http://localhost:55498 : 1
20:20:41.081 [AsyncHttpClient-1-18] DEBUG org.asynchttpclient.netty.handler.HttpHandler - 

Request DefaultHttpRequest(decodeResult: success, version: HTTP/1.1)
POST /session/4568f85bcaf0643f323e90cc81050b82/element HTTP/1.1
User-Agent: selenium/4.8.1 (java windows)
Content-Length: 173
Content-Type: application/json; charset=utf-8
host: localhost:44888
accept: */*

Response DefaultHttpResponse(decodeResult: success, version: HTTP/1.1)
HTTP/1.1 200 OK
Content-Length: 88
Content-Type: application/json; charset=utf-8
cache-control: no-cache

20:20:41.081 [AsyncHttpClient-1-18] DEBUG org.asynchttpclient.netty.channel.ChannelManager - Adding key: http://localhost:44888 for channel [id: 0x2987edcd, L:/127.0.0.1:55495 - R:localhost/127.0.0.1:44888]
20:20:41.082 [Forwarding getElementTagName on session 4568f85bcaf0643f323e90cc81050b82 to remote] DEBUG org.asynchttpclient.netty.request.NettyRequestSender - Using pooled Channel '[id: 0x2987edcd, L:/127.0.0.1:55495 - R:localhost/127.0.0.1:44888]' for 'GET' to 'http://localhost:44888/session/4568f85bcaf0643f323e90cc81050b82/element/8b06c19f-7a10-4bc6-a6dd-a5ab7ea21038/name'
20:20:41.082 [Forwarding getElementTagName on session 4568f85bcaf0643f323e90cc81050b82 to remote] DEBUG org.asynchttpclient.netty.request.NettyRequestSender - Using open Channel [id: 0x2987edcd, L:/127.0.0.1:55495 - R:localhost/127.0.0.1:44888] for GET '/session/4568f85bcaf0643f323e90cc81050b82/element/8b06c19f-7a10-4bc6-a6dd-a5ab7ea21038/name'
20:20:41.085 [AsyncHttpClient-1-18] DEBUG org.asynchttpclient.netty.handler.HttpHandler - 

Request DefaultFullHttpRequest(decodeResult: success, version: HTTP/1.1, content: EmptyByteBufBE)
GET /session/4568f85bcaf0643f323e90cc81050b82/element/8b06c19f-7a10-4bc6-a6dd-a5ab7ea21038/name HTTP/1.1
User-Agent: selenium/4.8.1 (java windows)
Cache-Control: no-cache
Content-Type: application/json; charset=utf-8
host: localhost:44888
accept: */*

Response DefaultHttpResponse(decodeResult: success, version: HTTP/1.1)
HTTP/1.1 200 OK
Content-Length: 18
Content-Type: application/json; charset=utf-8
cache-control: no-cache

20:20:41.085 [AsyncHttpClient-1-18] DEBUG org.asynchttpclient.netty.channel.ChannelManager - Adding key: http://localhost:44888 for channel [id: 0x2987edcd, L:/127.0.0.1:55495 - R:localhost/127.0.0.1:44888]
20:20:41.086 [Forwarding getElementTagName on session 4568f85bcaf0643f323e90cc81050b82 to remote] DEBUG org.asynchttpclient.netty.request.NettyRequestSender - Using pooled Channel '[id: 0x2987edcd, L:/127.0.0.1:55495 - R:localhost/127.0.0.1:44888]' for 'GET' to 'http://localhost:44888/session/4568f85bcaf0643f323e90cc81050b82/element/8b06c19f-7a10-4bc6-a6dd-a5ab7ea21038/name'
20:20:41.086 [Forwarding getElementTagName on session 4568f85bcaf0643f323e90cc81050b82 to remote] DEBUG org.asynchttpclient.netty.request.NettyRequestSender - Using open Channel [id: 0x2987edcd, L:/127.0.0.1:55495 - R:localhost/127.0.0.1:44888] for GET '/session/4568f85bcaf0643f323e90cc81050b82/element/8b06c19f-7a10-4bc6-a6dd-a5ab7ea21038/name'
20:20:41.089 [AsyncHttpClient-1-18] DEBUG org.asynchttpclient.netty.handler.HttpHandler - 

Request DefaultFullHttpRequest(decodeResult: success, version: HTTP/1.1, content: EmptyByteBufBE)
GET /session/4568f85bcaf0643f323e90cc81050b82/element/8b06c19f-7a10-4bc6-a6dd-a5ab7ea21038/name HTTP/1.1
User-Agent: selenium/4.8.1 (java windows)
Cache-Control: no-cache
Content-Type: application/json; charset=utf-8
host: localhost:44888
accept: */*

Response DefaultHttpResponse(decodeResult: success, version: HTTP/1.1)
HTTP/1.1 200 OK
Content-Length: 18
Content-Type: application/json; charset=utf-8
cache-control: no-cache

20:20:41.089 [AsyncHttpClient-1-18] DEBUG org.asynchttpclient.netty.channel.ChannelManager - Adding key: http://localhost:44888 for channel [id: 0x2987edcd, L:/127.0.0.1:55495 - R:localhost/127.0.0.1:44888]
20:20:41.090 [Forwarding isElementEnabled on session 4568f85bcaf0643f323e90cc81050b82 to remote] DEBUG org.asynchttpclient.netty.request.NettyRequestSender - Using pooled Channel '[id: 0x2987edcd, L:/127.0.0.1:55495 - R:localhost/127.0.0.1:44888]' for 'GET' to 'http://localhost:44888/session/4568f85bcaf0643f323e90cc81050b82/element/8b06c19f-7a10-4bc6-a6dd-a5ab7ea21038/enabled'
20:20:41.090 [Forwarding isElementEnabled on session 4568f85bcaf0643f323e90cc81050b82 to remote] DEBUG org.asynchttpclient.netty.request.NettyRequestSender - Using open Channel [id: 0x2987edcd, L:/127.0.0.1:55495 - R:localhost/127.0.0.1:44888] for GET '/session/4568f85bcaf0643f323e90cc81050b82/element/8b06c19f-7a10-4bc6-a6dd-a5ab7ea21038/enabled'
20:20:41.095 [AsyncHttpClient-1-18] DEBUG org.asynchttpclient.netty.handler.HttpHandler - 

Request DefaultFullHttpRequest(decodeResult: success, version: HTTP/1.1, content: EmptyByteBufBE)
GET /session/4568f85bcaf0643f323e90cc81050b82/element/8b06c19f-7a10-4bc6-a6dd-a5ab7ea21038/enabled HTTP/1.1
User-Agent: selenium/4.8.1 (java windows)
Cache-Control: no-cache
Content-Type: application/json; charset=utf-8
host: localhost:44888
accept: */*

Response DefaultHttpResponse(decodeResult: success, version: HTTP/1.1)
HTTP/1.1 200 OK
Content-Length: 14
Content-Type: application/json; charset=utf-8
cache-control: no-cache

20:20:41.096 [AsyncHttpClient-1-18] DEBUG org.asynchttpclient.netty.channel.ChannelManager - Adding key: http://localhost:44888 for channel [id: 0x2987edcd, L:/127.0.0.1:55495 - R:localhost/127.0.0.1:44888]
20:20:41.096 [Forwarding isElementEnabled on session 4568f85bcaf0643f323e90cc81050b82 to remote] DEBUG org.asynchttpclient.netty.request.NettyRequestSender - Using pooled Channel '[id: 0x2987edcd, L:/127.0.0.1:55495 - R:localhost/127.0.0.1:44888]' for 'GET' to 'http://localhost:44888/session/4568f85bcaf0643f323e90cc81050b82/element/8b06c19f-7a10-4bc6-a6dd-a5ab7ea21038/enabled'
20:20:41.096 [Forwarding isElementEnabled on session 4568f85bcaf0643f323e90cc81050b82 to remote] DEBUG org.asynchttpclient.netty.request.NettyRequestSender - Using open Channel [id: 0x2987edcd, L:/127.0.0.1:55495 - R:localhost/127.0.0.1:44888] for GET '/session/4568f85bcaf0643f323e90cc81050b82/element/8b06c19f-7a10-4bc6-a6dd-a5ab7ea21038/enabled'
20:20:41.100 [AsyncHttpClient-1-18] DEBUG org.asynchttpclient.netty.handler.HttpHandler - 

Request DefaultFullHttpRequest(decodeResult: success, version: HTTP/1.1, content: EmptyByteBufBE)
GET /session/4568f85bcaf0643f323e90cc81050b82/element/8b06c19f-7a10-4bc6-a6dd-a5ab7ea21038/enabled HTTP/1.1
User-Agent: selenium/4.8.1 (java windows)
Cache-Control: no-cache
Content-Type: application/json; charset=utf-8
host: localhost:44888
accept: */*

Response DefaultHttpResponse(decodeResult: success, version: HTTP/1.1)
HTTP/1.1 200 OK
Content-Length: 14
Content-Type: application/json; charset=utf-8
cache-control: no-cache

20:20:41.100 [AsyncHttpClient-1-18] DEBUG org.asynchttpclient.netty.channel.ChannelManager - Adding key: http://localhost:44888 for channel [id: 0x2987edcd, L:/127.0.0.1:55495 - R:localhost/127.0.0.1:44888]
20:20:41.101 [Forwarding findElement on session 4568f85bcaf0643f323e90cc81050b82 to remote] DEBUG org.asynchttpclient.netty.request.NettyRequestSender - Using pooled Channel '[id: 0x2987edcd, L:/127.0.0.1:55495 - R:localhost/127.0.0.1:44888]' for 'POST' to 'http://localhost:44888/session/4568f85bcaf0643f323e90cc81050b82/element'
20:20:41.101 [Forwarding findElement on session 4568f85bcaf0643f323e90cc81050b82 to remote] DEBUG org.asynchttpclient.netty.request.NettyRequestSender - Using open Channel [id: 0x2987edcd, L:/127.0.0.1:55495 - R:localhost/127.0.0.1:44888] for POST '/session/4568f85bcaf0643f323e90cc81050b82/element'
20:20:41.106 [AsyncHttpClient-1-18] DEBUG org.asynchttpclient.netty.handler.HttpHandler - 

Request DefaultHttpRequest(decodeResult: success, version: HTTP/1.1)
POST /session/4568f85bcaf0643f323e90cc81050b82/element HTTP/1.1
User-Agent: selenium/4.8.1 (java windows)
Content-Length: 173
Content-Type: application/json; charset=utf-8
host: localhost:44888
accept: */*

Response DefaultHttpResponse(decodeResult: success, version: HTTP/1.1)
HTTP/1.1 200 OK
Content-Length: 88
Content-Type: application/json; charset=utf-8
cache-control: no-cache

20:20:41.106 [AsyncHttpClient-1-18] DEBUG org.asynchttpclient.netty.channel.ChannelManager - Adding key: http://localhost:44888 for channel [id: 0x2987edcd, L:/127.0.0.1:55495 - R:localhost/127.0.0.1:44888]
20:20:41.107 [Forwarding clickElement on session 4568f85bcaf0643f323e90cc81050b82 to remote] DEBUG org.asynchttpclient.netty.request.NettyRequestSender - Using pooled Channel '[id: 0x2987edcd, L:/127.0.0.1:55495 - R:localhost/127.0.0.1:44888]' for 'POST' to 'http://localhost:44888/session/4568f85bcaf0643f323e90cc81050b82/element/8b06c19f-7a10-4bc6-a6dd-a5ab7ea21038/click'
20:20:41.107 [Forwarding clickElement on session 4568f85bcaf0643f323e90cc81050b82 to remote] DEBUG org.asynchttpclient.netty.request.NettyRequestSender - Using open Channel [id: 0x2987edcd, L:/127.0.0.1:55495 - R:localhost/127.0.0.1:44888] for POST '/session/4568f85bcaf0643f323e90cc81050b82/element/8b06c19f-7a10-4bc6-a6dd-a5ab7ea21038/click'
20:20:41.155 [AsyncHttpClient-1-18] DEBUG org.asynchttpclient.netty.handler.HttpHandler - 

Request DefaultHttpRequest(decodeResult: success, version: HTTP/1.1)
POST /session/4568f85bcaf0643f323e90cc81050b82/element/8b06c19f-7a10-4bc6-a6dd-a5ab7ea21038/click HTTP/1.1
User-Agent: selenium/4.8.1 (java windows)
Content-Length: 50
Content-Type: application/json; charset=utf-8
host: localhost:44888
accept: */*

Response DefaultHttpResponse(decodeResult: success, version: HTTP/1.1)
HTTP/1.1 200 OK
Content-Length: 14
Content-Type: application/json; charset=utf-8
cache-control: no-cache

20:20:41.155 [AsyncHttpClient-1-18] DEBUG org.asynchttpclient.netty.channel.ChannelManager - Adding key: http://localhost:44888 for channel [id: 0x2987edcd, L:/127.0.0.1:55495 - R:localhost/127.0.0.1:44888]
20:20:41.159 [Forwarding getAlertText on session 4568f85bcaf0643f323e90cc81050b82 to remote] DEBUG org.asynchttpclient.netty.request.NettyRequestSender - Using pooled Channel '[id: 0x2987edcd, L:/127.0.0.1:55495 - R:localhost/127.0.0.1:44888]' for 'GET' to 'http://localhost:44888/session/4568f85bcaf0643f323e90cc81050b82/alert/text'
20:20:41.159 [Forwarding getAlertText on session 4568f85bcaf0643f323e90cc81050b82 to remote] DEBUG org.asynchttpclient.netty.request.NettyRequestSender - Using open Channel [id: 0x2987edcd, L:/127.0.0.1:55495 - R:localhost/127.0.0.1:44888] for GET '/session/4568f85bcaf0643f323e90cc81050b82/alert/text'
20:20:41.160 [AsyncHttpClient-1-18] DEBUG org.asynchttpclient.netty.handler.HttpHandler - 

Request DefaultFullHttpRequest(decodeResult: success, version: HTTP/1.1, content: EmptyByteBufBE)
GET /session/4568f85bcaf0643f323e90cc81050b82/alert/text HTTP/1.1
User-Agent: selenium/4.8.1 (java windows)
Cache-Control: no-cache
Content-Type: application/json; charset=utf-8
host: localhost:44888
accept: */*

Response DefaultHttpResponse(decodeResult: success, version: HTTP/1.1)
HTTP/1.1 404 Not Found
Content-Length: 836
Content-Type: application/json; charset=utf-8
cache-control: no-cache

20:20:41.160 [AsyncHttpClient-1-18] DEBUG org.asynchttpclient.netty.channel.ChannelManager - Adding key: http://localhost:44888 for channel [id: 0x2987edcd, L:/127.0.0.1:55495 - R:localhost/127.0.0.1:44888]
20:20:41.161 [Forwarding getCurrentUrl on session 4568f85bcaf0643f323e90cc81050b82 to remote] DEBUG org.asynchttpclient.netty.request.NettyRequestSender - Using pooled Channel '[id: 0x2987edcd, L:/127.0.0.1:55495 - R:localhost/127.0.0.1:44888]' for 'GET' to 'http://localhost:44888/session/4568f85bcaf0643f323e90cc81050b82/url'
20:20:41.161 [Forwarding getCurrentUrl on session 4568f85bcaf0643f323e90cc81050b82 to remote] DEBUG org.asynchttpclient.netty.request.NettyRequestSender - Using open Channel [id: 0x2987edcd, L:/127.0.0.1:55495 - R:localhost/127.0.0.1:44888] for GET '/session/4568f85bcaf0643f323e90cc81050b82/url'
20:20:41.165 [AsyncHttpClient-1-18] DEBUG org.asynchttpclient.netty.handler.HttpHandler - 

Request DefaultFullHttpRequest(decodeResult: success, version: HTTP/1.1, content: EmptyByteBufBE)
GET /session/4568f85bcaf0643f323e90cc81050b82/url HTTP/1.1
User-Agent: selenium/4.8.1 (java windows)
Cache-Control: no-cache
Content-Type: application/json; charset=utf-8
host: localhost:44888
accept: */*

Response DefaultHttpResponse(decodeResult: success, version: HTTP/1.1)
HTTP/1.1 200 OK
Content-Length: 41
Content-Type: application/json; charset=utf-8
cache-control: no-cache

20:20:41.165 [AsyncHttpClient-1-18] DEBUG org.asynchttpclient.netty.channel.ChannelManager - Adding key: http://localhost:44888 for channel [id: 0x2987edcd, L:/127.0.0.1:55495 - R:localhost/127.0.0.1:44888]
20:20:41.165 [Forwarding screenshot on session 4568f85bcaf0643f323e90cc81050b82 to remote] DEBUG org.asynchttpclient.netty.request.NettyRequestSender - Using pooled Channel '[id: 0x2987edcd, L:/127.0.0.1:55495 - R:localhost/127.0.0.1:44888]' for 'GET' to 'http://localhost:44888/session/4568f85bcaf0643f323e90cc81050b82/screenshot'
20:20:41.165 [Forwarding screenshot on session 4568f85bcaf0643f323e90cc81050b82 to remote] DEBUG org.asynchttpclient.netty.request.NettyRequestSender - Using open Channel [id: 0x2987edcd, L:/127.0.0.1:55495 - R:localhost/127.0.0.1:44888] for GET '/session/4568f85bcaf0643f323e90cc81050b82/screenshot'
20:20:41.255 [AsyncHttpClient-1-18] DEBUG org.asynchttpclient.netty.handler.HttpHandler - 

Request DefaultFullHttpRequest(decodeResult: success, version: HTTP/1.1, content: EmptyByteBufBE)
GET /session/4568f85bcaf0643f323e90cc81050b82/screenshot HTTP/1.1
User-Agent: selenium/4.8.1 (java windows)
Cache-Control: no-cache
Content-Type: application/json; charset=utf-8
host: localhost:44888
accept: */*

Response DefaultHttpResponse(decodeResult: success, version: HTTP/1.1)
HTTP/1.1 200 OK
Content-Length: 64752
Content-Type: application/json; charset=utf-8
cache-control: no-cache

20:20:41.256 [AsyncHttpClient-1-18] DEBUG org.asynchttpclient.netty.channel.ChannelManager - Adding key: http://localhost:44888 for channel [id: 0x2987edcd, L:/127.0.0.1:55495 - R:localhost/127.0.0.1:44888]
20:20:41.257 [main] DEBUG net.serenitybdd.core.photography.Darkroom - Send negative for processing for target\site\serenity\e634d2042c63fed586ffd2eab1179f9b2bb3b270f1cd66b6dd41ff1f9c597245.png
20:20:41.257 [main] DEBUG net.thucydides.core.steps.StepInterceptor - STEP DONE: clickBeliButton
  &amp#27;[32mWhen &amp#27;[0m&amp#27;[32mI click BELI button from the product&amp#27;[0m        &amp#27;[90m# starter.stepdefinitions.ProductSteps.clickBeliButton()&amp#27;[0m
20:20:41.257 [Darkroom Processing Line] DEBUG net.serenitybdd.core.photography.DarkroomProcessingLine - Processing screenshot image in /var/screenshots/screenshot-7169239469681285788
20:20:41.257 [Darkroom Processing Line] DEBUG net.serenitybdd.core.photography.DarkroomProcessingLine - Saving screenshot to target\site\serenity\e634d2042c63fed586ffd2eab1179f9b2bb3b270f1cd66b6dd41ff1f9c597245.png
20:20:41.263 [Forwarding getPageSource on session 4568f85bcaf0643f323e90cc81050b82 to remote] DEBUG org.asynchttpclient.netty.request.NettyRequestSender - Using pooled Channel '[id: 0x2987edcd, L:/127.0.0.1:55495 - R:localhost/127.0.0.1:44888]' for 'POST' to 'http://localhost:44888/session/4568f85bcaf0643f323e90cc81050b82/execute/sync'
20:20:41.263 [Forwarding getPageSource on session 4568f85bcaf0643f323e90cc81050b82 to remote] DEBUG org.asynchttpclient.netty.request.NettyRequestSender - Using open Channel [id: 0x2987edcd, L:/127.0.0.1:55495 - R:localhost/127.0.0.1:44888] for POST '/session/4568f85bcaf0643f323e90cc81050b82/execute/sync'
20:20:41.274 [AsyncHttpClient-1-18] DEBUG org.asynchttpclient.netty.handler.HttpHandler - 

Request DefaultHttpRequest(decodeResult: success, version: HTTP/1.1)
POST /session/4568f85bcaf0643f323e90cc81050b82/execute/sync HTTP/1.1
User-Agent: selenium/4.8.1 (java windows)
Content-Length: 176
Content-Type: application/json; charset=utf-8
host: localhost:44888
accept: */*

Response DefaultHttpResponse(decodeResult: success, version: HTTP/1.1)
HTTP/1.1 200 OK
Content-Length: 218639
Content-Type: application/json; charset=utf-8
cache-control: no-cache

20:20:41.275 [AsyncHttpClient-1-18] DEBUG org.asynchttpclient.netty.channel.ChannelManager - Adding key: http://localhost:44888 for channel [id: 0x2987edcd, L:/127.0.0.1:55495 - R:localhost/127.0.0.1:44888]
20:20:41.288 [Forwarding getCurrentUrl on session 4568f85bcaf0643f323e90cc81050b82 to remote] DEBUG org.asynchttpclient.netty.request.NettyRequestSender - Using pooled Channel '[id: 0x2987edcd, L:/127.0.0.1:55495 - R:localhost/127.0.0.1:44888]' for 'GET' to 'http://localhost:44888/session/4568f85bcaf0643f323e90cc81050b82/url'
20:20:41.288 [Forwarding getCurrentUrl on session 4568f85bcaf0643f323e90cc81050b82 to remote] DEBUG org.asynchttpclient.netty.request.NettyRequestSender - Using open Channel [id: 0x2987edcd, L:/127.0.0.1:55495 - R:localhost/127.0.0.1:44888] for GET '/session/4568f85bcaf0643f323e90cc81050b82/url'
20:20:41.291 [AsyncHttpClient-1-18] DEBUG org.asynchttpclient.netty.handler.HttpHandler - 

Request DefaultFullHttpRequest(decodeResult: success, version: HTTP/1.1, content: EmptyByteBufBE)
GET /session/4568f85bcaf0643f323e90cc81050b82/url HTTP/1.1
User-Agent: selenium/4.8.1 (java windows)
Cache-Control: no-cache
Content-Type: application/json; charset=utf-8
host: localhost:44888
accept: */*

Response DefaultHttpResponse(decodeResult: success, version: HTTP/1.1)
HTTP/1.1 200 OK
Content-Length: 41
Content-Type: application/json; charset=utf-8
cache-control: no-cache

20:20:41.291 [AsyncHttpClient-1-18] DEBUG org.asynchttpclient.netty.channel.ChannelManager - Adding key: http://localhost:44888 for channel [id: 0x2987edcd, L:/127.0.0.1:55495 - R:localhost/127.0.0.1:44888]
20:20:41.315 [Forwarding getAlertText on session 4568f85bcaf0643f323e90cc81050b82 to remote] DEBUG org.asynchttpclient.netty.request.NettyRequestSender - Using pooled Channel '[id: 0x2987edcd, L:/127.0.0.1:55495 - R:localhost/127.0.0.1:44888]' for 'GET' to 'http://localhost:44888/session/4568f85bcaf0643f323e90cc81050b82/alert/text'
20:20:41.315 [Forwarding getAlertText on session 4568f85bcaf0643f323e90cc81050b82 to remote] DEBUG org.asynchttpclient.netty.request.NettyRequestSender - Using open Channel [id: 0x2987edcd, L:/127.0.0.1:55495 - R:localhost/127.0.0.1:44888] for GET '/session/4568f85bcaf0643f323e90cc81050b82/alert/text'
20:20:41.317 [AsyncHttpClient-1-18] DEBUG org.asynchttpclient.netty.handler.HttpHandler - 

Request DefaultFullHttpRequest(decodeResult: success, version: HTTP/1.1, content: EmptyByteBufBE)
GET /session/4568f85bcaf0643f323e90cc81050b82/alert/text HTTP/1.1
User-Agent: selenium/4.8.1 (java windows)
Cache-Control: no-cache
Content-Type: application/json; charset=utf-8
host: localhost:44888
accept: */*

Response DefaultHttpResponse(decodeResult: success, version: HTTP/1.1)
HTTP/1.1 404 Not Found
Content-Length: 836
Content-Type: application/json; charset=utf-8
cache-control: no-cache

20:20:41.317 [AsyncHttpClient-1-18] DEBUG org.asynchttpclient.netty.channel.ChannelManager - Adding key: http://localhost:44888 for channel [id: 0x2987edcd, L:/127.0.0.1:55495 - R:localhost/127.0.0.1:44888]
20:20:41.317 [Forwarding getCurrentUrl on session 4568f85bcaf0643f323e90cc81050b82 to remote] DEBUG org.asynchttpclient.netty.request.NettyRequestSender - Using pooled Channel '[id: 0x2987edcd, L:/127.0.0.1:55495 - R:localhost/127.0.0.1:44888]' for 'GET' to 'http://localhost:44888/session/4568f85bcaf0643f323e90cc81050b82/url'
20:20:41.317 [Forwarding getCurrentUrl on session 4568f85bcaf0643f323e90cc81050b82 to remote] DEBUG org.asynchttpclient.netty.request.NettyRequestSender - Using open Channel [id: 0x2987edcd, L:/127.0.0.1:55495 - R:localhost/127.0.0.1:44888] for GET '/session/4568f85bcaf0643f323e90cc81050b82/url'
20:20:41.320 [AsyncHttpClient-1-18] DEBUG org.asynchttpclient.netty.handler.HttpHandler - 

Request DefaultFullHttpRequest(decodeResult: success, version: HTTP/1.1, content: EmptyByteBufBE)
GET /session/4568f85bcaf0643f323e90cc81050b82/url HTTP/1.1
User-Agent: selenium/4.8.1 (java windows)
Cache-Control: no-cache
Content-Type: application/json; charset=utf-8
host: localhost:44888
accept: */*

Response DefaultHttpResponse(decodeResult: success, version: HTTP/1.1)
HTTP/1.1 200 OK
Content-Length: 41
Content-Type: application/json; charset=utf-8
cache-control: no-cache

20:20:41.320 [AsyncHttpClient-1-18] DEBUG org.asynchttpclient.netty.channel.ChannelManager - Adding key: http://localhost:44888 for channel [id: 0x2987edcd, L:/127.0.0.1:55495 - R:localhost/127.0.0.1:44888]
20:20:41.320 [Forwarding screenshot on session 4568f85bcaf0643f323e90cc81050b82 to remote] DEBUG org.asynchttpclient.netty.request.NettyRequestSender - Using pooled Channel '[id: 0x2987edcd, L:/127.0.0.1:55495 - R:localhost/127.0.0.1:44888]' for 'GET' to 'http://localhost:44888/session/4568f85bcaf0643f323e90cc81050b82/screenshot'
20:20:41.320 [Forwarding screenshot on session 4568f85bcaf0643f323e90cc81050b82 to remote] DEBUG org.asynchttpclient.netty.request.NettyRequestSender - Using open Channel [id: 0x2987edcd, L:/127.0.0.1:55495 - R:localhost/127.0.0.1:44888] for GET '/session/4568f85bcaf0643f323e90cc81050b82/screenshot'
20:20:41.406 [AsyncHttpClient-1-18] DEBUG org.asynchttpclient.netty.handler.HttpHandler - 

Request DefaultFullHttpRequest(decodeResult: success, version: HTTP/1.1, content: EmptyByteBufBE)
GET /session/4568f85bcaf0643f323e90cc81050b82/screenshot HTTP/1.1
User-Agent: selenium/4.8.1 (java windows)
Cache-Control: no-cache
Content-Type: application/json; charset=utf-8
host: localhost:44888
accept: */*

Response DefaultHttpResponse(decodeResult: success, version: HTTP/1.1)
HTTP/1.1 200 OK
Content-Length: 64664
Content-Type: application/json; charset=utf-8
cache-control: no-cache

20:20:41.406 [AsyncHttpClient-1-18] DEBUG org.asynchttpclient.netty.channel.ChannelManager - Adding key: http://localhost:44888 for channel [id: 0x2987edcd, L:/127.0.0.1:55495 - R:localhost/127.0.0.1:44888]
20:20:41.408 [main] DEBUG net.serenitybdd.core.photography.Darkroom - Send negative for processing for target\site\serenity\206a0901bc3cf96b6e6ade1b314379c10d8b2817e00c6e1e40a954301e61f657.png
20:20:41.408 [Darkroom Processing Line] DEBUG net.serenitybdd.core.photography.DarkroomProcessingLine - Processing screenshot image in /var/screenshots/screenshot-9636809654389499144
20:20:41.408 [Darkroom Processing Line] DEBUG net.serenitybdd.core.photography.DarkroomProcessingLine - Saving screenshot to target\site\serenity\206a0901bc3cf96b6e6ade1b314379c10d8b2817e00c6e1e40a954301e61f657.png
20:20:41.408 [Forwarding getPageSource on session 4568f85bcaf0643f323e90cc81050b82 to remote] DEBUG org.asynchttpclient.netty.request.NettyRequestSender - Using pooled Channel '[id: 0x2987edcd, L:/127.0.0.1:55495 - R:localhost/127.0.0.1:44888]' for 'POST' to 'http://localhost:44888/session/4568f85bcaf0643f323e90cc81050b82/execute/sync'
20:20:41.408 [Forwarding getPageSource on session 4568f85bcaf0643f323e90cc81050b82 to remote] DEBUG org.asynchttpclient.netty.request.NettyRequestSender - Using open Channel [id: 0x2987edcd, L:/127.0.0.1:55495 - R:localhost/127.0.0.1:44888] for POST '/session/4568f85bcaf0643f323e90cc81050b82/execute/sync'
20:20:41.421 [AsyncHttpClient-1-18] DEBUG org.asynchttpclient.netty.handler.HttpHandler - 

Request DefaultHttpRequest(decodeResult: success, version: HTTP/1.1)
POST /session/4568f85bcaf0643f323e90cc81050b82/execute/sync HTTP/1.1
User-Agent: selenium/4.8.1 (java windows)
Content-Length: 176
Content-Type: application/json; charset=utf-8
host: localhost:44888
accept: */*

Response DefaultHttpResponse(decodeResult: success, version: HTTP/1.1)
HTTP/1.1 200 OK
Content-Length: 218640
Content-Type: application/json; charset=utf-8
cache-control: no-cache

20:20:41.421 [AsyncHttpClient-1-18] DEBUG org.asynchttpclient.netty.channel.ChannelManager - Adding key: http://localhost:44888 for channel [id: 0x2987edcd, L:/127.0.0.1:55495 - R:localhost/127.0.0.1:44888]
20:20:41.432 [Forwarding getCurrentUrl on session 4568f85bcaf0643f323e90cc81050b82 to remote] DEBUG org.asynchttpclient.netty.request.NettyRequestSender - Using pooled Channel '[id: 0x2987edcd, L:/127.0.0.1:55495 - R:localhost/127.0.0.1:44888]' for 'GET' to 'http://localhost:44888/session/4568f85bcaf0643f323e90cc81050b82/url'
20:20:41.432 [Forwarding getCurrentUrl on session 4568f85bcaf0643f323e90cc81050b82 to remote] DEBUG org.asynchttpclient.netty.request.NettyRequestSender - Using open Channel [id: 0x2987edcd, L:/127.0.0.1:55495 - R:localhost/127.0.0.1:44888] for GET '/session/4568f85bcaf0643f323e90cc81050b82/url'
20:20:41.436 [AsyncHttpClient-1-18] DEBUG org.asynchttpclient.netty.handler.HttpHandler - 

Request DefaultFullHttpRequest(decodeResult: success, version: HTTP/1.1, content: EmptyByteBufBE)
GET /session/4568f85bcaf0643f323e90cc81050b82/url HTTP/1.1
User-Agent: selenium/4.8.1 (java windows)
Cache-Control: no-cache
Content-Type: application/json; charset=utf-8
host: localhost:44888
accept: */*

Response DefaultHttpResponse(decodeResult: success, version: HTTP/1.1)
HTTP/1.1 200 OK
Content-Length: 41
Content-Type: application/json; charset=utf-8
cache-control: no-cache

20:20:41.436 [AsyncHttpClient-1-18] DEBUG org.asynchttpclient.netty.channel.ChannelManager - Adding key: http://localhost:44888 for channel [id: 0x2987edcd, L:/127.0.0.1:55495 - R:localhost/127.0.0.1:44888]
20:20:41.438 [main] DEBUG net.thucydides.core.steps.StepInterceptor - STARTING STEP: TransactionSteps.clickCartIcon - clickCartIcon
20:20:41.439 [Forwarding findElement on session 4568f85bcaf0643f323e90cc81050b82 to remote] DEBUG org.asynchttpclient.netty.request.NettyRequestSender - Using pooled Channel '[id: 0x2987edcd, L:/127.0.0.1:55495 - R:localhost/127.0.0.1:44888]' for 'POST' to 'http://localhost:44888/session/4568f85bcaf0643f323e90cc81050b82/element'
20:20:41.439 [Forwarding findElement on session 4568f85bcaf0643f323e90cc81050b82 to remote] DEBUG org.asynchttpclient.netty.request.NettyRequestSender - Using open Channel [id: 0x2987edcd, L:/127.0.0.1:55495 - R:localhost/127.0.0.1:44888] for POST '/session/4568f85bcaf0643f323e90cc81050b82/element'
20:20:41.448 [AsyncHttpClient-1-18] DEBUG org.asynchttpclient.netty.handler.HttpHandler - 

Request DefaultHttpRequest(decodeResult: success, version: HTTP/1.1)
POST /session/4568f85bcaf0643f323e90cc81050b82/element HTTP/1.1
User-Agent: selenium/4.8.1 (java windows)
Content-Length: 65
Content-Type: application/json; charset=utf-8
host: localhost:44888
accept: */*

Response DefaultHttpResponse(decodeResult: success, version: HTTP/1.1)
HTTP/1.1 200 OK
Content-Length: 88
Content-Type: application/json; charset=utf-8
cache-control: no-cache

20:20:41.448 [AsyncHttpClient-1-18] DEBUG org.asynchttpclient.netty.channel.ChannelManager - Adding key: http://localhost:44888 for channel [id: 0x2987edcd, L:/127.0.0.1:55495 - R:localhost/127.0.0.1:44888]
20:20:41.449 [Forwarding getElementTagName on session 4568f85bcaf0643f323e90cc81050b82 to remote] DEBUG org.asynchttpclient.netty.request.NettyRequestSender - Using pooled Channel '[id: 0x2987edcd, L:/127.0.0.1:55495 - R:localhost/127.0.0.1:44888]' for 'GET' to 'http://localhost:44888/session/4568f85bcaf0643f323e90cc81050b82/element/8a28e02c-cb97-4054-9284-c38e0b1190a8/name'
20:20:41.449 [Forwarding getElementTagName on session 4568f85bcaf0643f323e90cc81050b82 to remote] DEBUG org.asynchttpclient.netty.request.NettyRequestSender - Using open Channel [id: 0x2987edcd, L:/127.0.0.1:55495 - R:localhost/127.0.0.1:44888] for GET '/session/4568f85bcaf0643f323e90cc81050b82/element/8a28e02c-cb97-4054-9284-c38e0b1190a8/name'
20:20:41.452 [AsyncHttpClient-1-18] DEBUG org.asynchttpclient.netty.handler.HttpHandler - 

Request DefaultFullHttpRequest(decodeResult: success, version: HTTP/1.1, content: EmptyByteBufBE)
GET /session/4568f85bcaf0643f323e90cc81050b82/element/8a28e02c-cb97-4054-9284-c38e0b1190a8/name HTTP/1.1
User-Agent: selenium/4.8.1 (java windows)
Cache-Control: no-cache
Content-Type: application/json; charset=utf-8
host: localhost:44888
accept: */*

Response DefaultHttpResponse(decodeResult: success, version: HTTP/1.1)
HTTP/1.1 200 OK
Content-Length: 13
Content-Type: application/json; charset=utf-8
cache-control: no-cache

20:20:41.452 [AsyncHttpClient-1-18] DEBUG org.asynchttpclient.netty.channel.ChannelManager - Adding key: http://localhost:44888 for channel [id: 0x2987edcd, L:/127.0.0.1:55495 - R:localhost/127.0.0.1:44888]
20:20:41.453 [Forwarding getElementTagName on session 4568f85bcaf0643f323e90cc81050b82 to remote] DEBUG org.asynchttpclient.netty.request.NettyRequestSender - Using pooled Channel '[id: 0x2987edcd, L:/127.0.0.1:55495 - R:localhost/127.0.0.1:44888]' for 'GET' to 'http://localhost:44888/session/4568f85bcaf0643f323e90cc81050b82/element/8a28e02c-cb97-4054-9284-c38e0b1190a8/name'
20:20:41.453 [Forwarding getElementTagName on session 4568f85bcaf0643f323e90cc81050b82 to remote] DEBUG org.asynchttpclient.netty.request.NettyRequestSender - Using open Channel [id: 0x2987edcd, L:/127.0.0.1:55495 - R:localhost/127.0.0.1:44888] for GET '/session/4568f85bcaf0643f323e90cc81050b82/element/8a28e02c-cb97-4054-9284-c38e0b1190a8/name'
20:20:41.456 [AsyncHttpClient-1-18] DEBUG org.asynchttpclient.netty.handler.HttpHandler - 

Request DefaultFullHttpRequest(decodeResult: success, version: HTTP/1.1, content: EmptyByteBufBE)
GET /session/4568f85bcaf0643f323e90cc81050b82/element/8a28e02c-cb97-4054-9284-c38e0b1190a8/name HTTP/1.1
User-Agent: selenium/4.8.1 (java windows)
Cache-Control: no-cache
Content-Type: application/json; charset=utf-8
host: localhost:44888
accept: */*

Response DefaultHttpResponse(decodeResult: success, version: HTTP/1.1)
HTTP/1.1 200 OK
Content-Length: 13
Content-Type: application/json; charset=utf-8
cache-control: no-cache

20:20:41.456 [AsyncHttpClient-1-18] DEBUG org.asynchttpclient.netty.channel.ChannelManager - Adding key: http://localhost:44888 for channel [id: 0x2987edcd, L:/127.0.0.1:55495 - R:localhost/127.0.0.1:44888]
20:20:41.457 [Forwarding findElement on session 4568f85bcaf0643f323e90cc81050b82 to remote] DEBUG org.asynchttpclient.netty.request.NettyRequestSender - Using pooled Channel '[id: 0x2987edcd, L:/127.0.0.1:55495 - R:localhost/127.0.0.1:44888]' for 'POST' to 'http://localhost:44888/session/4568f85bcaf0643f323e90cc81050b82/element'
20:20:41.457 [Forwarding findElement on session 4568f85bcaf0643f323e90cc81050b82 to remote] DEBUG org.asynchttpclient.netty.request.NettyRequestSender - Using open Channel [id: 0x2987edcd, L:/127.0.0.1:55495 - R:localhost/127.0.0.1:44888] for POST '/session/4568f85bcaf0643f323e90cc81050b82/element'
20:20:41.460 [AsyncHttpClient-1-18] DEBUG org.asynchttpclient.netty.handler.HttpHandler - 

Request DefaultHttpRequest(decodeResult: success, version: HTTP/1.1)
POST /session/4568f85bcaf0643f323e90cc81050b82/element HTTP/1.1
User-Agent: selenium/4.8.1 (java windows)
Content-Length: 65
Content-Type: application/json; charset=utf-8
host: localhost:44888
accept: */*

Response DefaultHttpResponse(decodeResult: success, version: HTTP/1.1)
HTTP/1.1 200 OK
Content-Length: 88
Content-Type: application/json; charset=utf-8
cache-control: no-cache

20:20:41.460 [AsyncHttpClient-1-18] DEBUG org.asynchttpclient.netty.channel.ChannelManager - Adding key: http://localhost:44888 for channel [id: 0x2987edcd, L:/127.0.0.1:55495 - R:localhost/127.0.0.1:44888]
20:20:41.461 [Forwarding clickElement on session 4568f85bcaf0643f323e90cc81050b82 to remote] DEBUG org.asynchttpclient.netty.request.NettyRequestSender - Using pooled Channel '[id: 0x2987edcd, L:/127.0.0.1:55495 - R:localhost/127.0.0.1:44888]' for 'POST' to 'http://localhost:44888/session/4568f85bcaf0643f323e90cc81050b82/element/8a28e02c-cb97-4054-9284-c38e0b1190a8/click'
20:20:41.461 [Forwarding clickElement on session 4568f85bcaf0643f323e90cc81050b82 to remote] DEBUG org.asynchttpclient.netty.request.NettyRequestSender - Using open Channel [id: 0x2987edcd, L:/127.0.0.1:55495 - R:localhost/127.0.0.1:44888] for POST '/session/4568f85bcaf0643f323e90cc81050b82/element/8a28e02c-cb97-4054-9284-c38e0b1190a8/click'
20:20:41.493 [AsyncHttpClient-1-18] DEBUG org.asynchttpclient.netty.handler.HttpHandler - 

Request DefaultHttpRequest(decodeResult: success, version: HTTP/1.1)
POST /session/4568f85bcaf0643f323e90cc81050b82/element/8a28e02c-cb97-4054-9284-c38e0b1190a8/click HTTP/1.1
User-Agent: selenium/4.8.1 (java windows)
Content-Length: 50
Content-Type: application/json; charset=utf-8
host: localhost:44888
accept: */*

Response DefaultHttpResponse(decodeResult: success, version: HTTP/1.1)
HTTP/1.1 200 OK
Content-Length: 14
Content-Type: application/json; charset=utf-8
cache-control: no-cache

20:20:41.493 [AsyncHttpClient-1-18] DEBUG org.asynchttpclient.netty.channel.ChannelManager - Adding key: http://localhost:44888 for channel [id: 0x2987edcd, L:/127.0.0.1:55495 - R:localhost/127.0.0.1:44888]
20:20:41.498 [Forwarding getAlertText on session 4568f85bcaf0643f323e90cc81050b82 to remote] DEBUG org.asynchttpclient.netty.request.NettyRequestSender - Using pooled Channel '[id: 0x2987edcd, L:/127.0.0.1:55495 - R:localhost/127.0.0.1:44888]' for 'GET' to 'http://localhost:44888/session/4568f85bcaf0643f323e90cc81050b82/alert/text'
20:20:41.498 [Forwarding getAlertText on session 4568f85bcaf0643f323e90cc81050b82 to remote] DEBUG org.asynchttpclient.netty.request.NettyRequestSender - Using open Channel [id: 0x2987edcd, L:/127.0.0.1:55495 - R:localhost/127.0.0.1:44888] for GET '/session/4568f85bcaf0643f323e90cc81050b82/alert/text'
20:20:41.531 [AsyncHttpClient-1-18] DEBUG org.asynchttpclient.netty.handler.HttpHandler - 

Request DefaultFullHttpRequest(decodeResult: success, version: HTTP/1.1, content: EmptyByteBufBE)
GET /session/4568f85bcaf0643f323e90cc81050b82/alert/text HTTP/1.1
User-Agent: selenium/4.8.1 (java windows)
Cache-Control: no-cache
Content-Type: application/json; charset=utf-8
host: localhost:44888
accept: */*

Response DefaultHttpResponse(decodeResult: success, version: HTTP/1.1)
HTTP/1.1 404 Not Found
Content-Length: 836
Content-Type: application/json; charset=utf-8
cache-control: no-cache

20:20:41.531 [AsyncHttpClient-1-18] DEBUG org.asynchttpclient.netty.channel.ChannelManager - Adding key: http://localhost:44888 for channel [id: 0x2987edcd, L:/127.0.0.1:55495 - R:localhost/127.0.0.1:44888]
20:20:41.532 [Forwarding getCurrentUrl on session 4568f85bcaf0643f323e90cc81050b82 to remote] DEBUG org.asynchttpclient.netty.request.NettyRequestSender - Using pooled Channel '[id: 0x2987edcd, L:/127.0.0.1:55495 - R:localhost/127.0.0.1:44888]' for 'GET' to 'http://localhost:44888/session/4568f85bcaf0643f323e90cc81050b82/url'
20:20:41.532 [Forwarding getCurrentUrl on session 4568f85bcaf0643f323e90cc81050b82 to remote] DEBUG org.asynchttpclient.netty.request.NettyRequestSender - Using open Channel [id: 0x2987edcd, L:/127.0.0.1:55495 - R:localhost/127.0.0.1:44888] for GET '/session/4568f85bcaf0643f323e90cc81050b82/url'
20:20:41.535 [AsyncHttpClient-1-18] DEBUG org.asynchttpclient.netty.handler.HttpHandler - 

Request DefaultFullHttpRequest(decodeResult: success, version: HTTP/1.1, content: EmptyByteBufBE)
GET /session/4568f85bcaf0643f323e90cc81050b82/url HTTP/1.1
User-Agent: selenium/4.8.1 (java windows)
Cache-Control: no-cache
Content-Type: application/json; charset=utf-8
host: localhost:44888
accept: */*

Response DefaultHttpResponse(decodeResult: success, version: HTTP/1.1)
HTTP/1.1 200 OK
Content-Length: 46
Content-Type: application/json; charset=utf-8
cache-control: no-cache

20:20:41.536 [AsyncHttpClient-1-18] DEBUG org.asynchttpclient.netty.channel.ChannelManager - Adding key: http://localhost:44888 for channel [id: 0x2987edcd, L:/127.0.0.1:55495 - R:localhost/127.0.0.1:44888]
20:20:41.536 [Forwarding screenshot on session 4568f85bcaf0643f323e90cc81050b82 to remote] DEBUG org.asynchttpclient.netty.request.NettyRequestSender - Using pooled Channel '[id: 0x2987edcd, L:/127.0.0.1:55495 - R:localhost/127.0.0.1:44888]' for 'GET' to 'http://localhost:44888/session/4568f85bcaf0643f323e90cc81050b82/screenshot'
20:20:41.536 [Forwarding screenshot on session 4568f85bcaf0643f323e90cc81050b82 to remote] DEBUG org.asynchttpclient.netty.request.NettyRequestSender - Using open Channel [id: 0x2987edcd, L:/127.0.0.1:55495 - R:localhost/127.0.0.1:44888] for GET '/session/4568f85bcaf0643f323e90cc81050b82/screenshot'
20:20:41.679 [AsyncHttpClient-1-18] DEBUG org.asynchttpclient.netty.handler.HttpHandler - 

Request DefaultFullHttpRequest(decodeResult: success, version: HTTP/1.1, content: EmptyByteBufBE)
GET /session/4568f85bcaf0643f323e90cc81050b82/screenshot HTTP/1.1
User-Agent: selenium/4.8.1 (java windows)
Cache-Control: no-cache
Content-Type: application/json; charset=utf-8
host: localhost:44888
accept: */*

Response DefaultHttpResponse(decodeResult: success, version: HTTP/1.1)
HTTP/1.1 200 OK
Content-Length: 30128
Content-Type: application/json; charset=utf-8
cache-control: no-cache

20:20:41.680 [AsyncHttpClient-1-18] DEBUG org.asynchttpclient.netty.channel.ChannelManager - Adding key: http://localhost:44888 for channel [id: 0x2987edcd, L:/127.0.0.1:55495 - R:localhost/127.0.0.1:44888]
20:20:41.681 [main] DEBUG net.serenitybdd.core.photography.Darkroom - Send negative for processing for target\site\serenity\b194d0b1e61d9a3315aa8930b6806d90e16b59ae27f8bab44fef533fbc3dec8b.png
20:20:41.681 [main] DEBUG net.thucydides.core.steps.StepInterceptor - STEP DONE: clickCartIcon
  &amp#27;[32mAnd &amp#27;[0m&amp#27;[32mI click cart icon&amp#27;[0m                            &amp#27;[90m# starter.stepdefinitions.TransactionSteps.clickCartIcon()&amp#27;[0m
20:20:41.682 [Darkroom Processing Line] DEBUG net.serenitybdd.core.photography.DarkroomProcessingLine - Processing screenshot image in /var/screenshots/screenshot-15716725310367852801
20:20:41.682 [Darkroom Processing Line] DEBUG net.serenitybdd.core.photography.DarkroomProcessingLine - Saving screenshot to target\site\serenity\b194d0b1e61d9a3315aa8930b6806d90e16b59ae27f8bab44fef533fbc3dec8b.png
20:20:41.691 [Forwarding getPageSource on session 4568f85bcaf0643f323e90cc81050b82 to remote] DEBUG org.asynchttpclient.netty.request.NettyRequestSender - Using pooled Channel '[id: 0x2987edcd, L:/127.0.0.1:55495 - R:localhost/127.0.0.1:44888]' for 'POST' to 'http://localhost:44888/session/4568f85bcaf0643f323e90cc81050b82/execute/sync'
20:20:41.691 [Forwarding getPageSource on session 4568f85bcaf0643f323e90cc81050b82 to remote] DEBUG org.asynchttpclient.netty.request.NettyRequestSender - Using open Channel [id: 0x2987edcd, L:/127.0.0.1:55495 - R:localhost/127.0.0.1:44888] for POST '/session/4568f85bcaf0643f323e90cc81050b82/execute/sync'
20:20:41.695 [AsyncHttpClient-1-18] DEBUG org.asynchttpclient.netty.handler.HttpHandler - 

Request DefaultHttpRequest(decodeResult: success, version: HTTP/1.1)
POST /session/4568f85bcaf0643f323e90cc81050b82/execute/sync HTTP/1.1
User-Agent: selenium/4.8.1 (java windows)
Content-Length: 176
Content-Type: application/json; charset=utf-8
host: localhost:44888
accept: */*

Response DefaultHttpResponse(decodeResult: success, version: HTTP/1.1)
HTTP/1.1 200 OK
Content-Length: 22157
Content-Type: application/json; charset=utf-8
cache-control: no-cache

20:20:41.697 [AsyncHttpClient-1-18] DEBUG org.asynchttpclient.netty.channel.ChannelManager - Adding key: http://localhost:44888 for channel [id: 0x2987edcd, L:/127.0.0.1:55495 - R:localhost/127.0.0.1:44888]
20:20:41.698 [Forwarding getCurrentUrl on session 4568f85bcaf0643f323e90cc81050b82 to remote] DEBUG org.asynchttpclient.netty.request.NettyRequestSender - Using pooled Channel '[id: 0x2987edcd, L:/127.0.0.1:55495 - R:localhost/127.0.0.1:44888]' for 'GET' to 'http://localhost:44888/session/4568f85bcaf0643f323e90cc81050b82/url'
20:20:41.698 [Forwarding getCurrentUrl on session 4568f85bcaf0643f323e90cc81050b82 to remote] DEBUG org.asynchttpclient.netty.request.NettyRequestSender - Using open Channel [id: 0x2987edcd, L:/127.0.0.1:55495 - R:localhost/127.0.0.1:44888] for GET '/session/4568f85bcaf0643f323e90cc81050b82/url'
20:20:41.701 [AsyncHttpClient-1-18] DEBUG org.asynchttpclient.netty.handler.HttpHandler - 

Request DefaultFullHttpRequest(decodeResult: success, version: HTTP/1.1, content: EmptyByteBufBE)
GET /session/4568f85bcaf0643f323e90cc81050b82/url HTTP/1.1
User-Agent: selenium/4.8.1 (java windows)
Cache-Control: no-cache
Content-Type: application/json; charset=utf-8
host: localhost:44888
accept: */*

Response DefaultHttpResponse(decodeResult: success, version: HTTP/1.1)
HTTP/1.1 200 OK
Content-Length: 46
Content-Type: application/json; charset=utf-8
cache-control: no-cache

20:20:41.701 [AsyncHttpClient-1-18] DEBUG org.asynchttpclient.netty.channel.ChannelManager - Adding key: http://localhost:44888 for channel [id: 0x2987edcd, L:/127.0.0.1:55495 - R:localhost/127.0.0.1:44888]
20:20:41.709 [Forwarding getPageSource on session 4568f85bcaf0643f323e90cc81050b82 to remote] DEBUG org.asynchttpclient.netty.request.NettyRequestSender - Using pooled Channel '[id: 0x2987edcd, L:/127.0.0.1:55495 - R:localhost/127.0.0.1:44888]' for 'POST' to 'http://localhost:44888/session/4568f85bcaf0643f323e90cc81050b82/execute/sync'
20:20:41.709 [Forwarding getPageSource on session 4568f85bcaf0643f323e90cc81050b82 to remote] DEBUG org.asynchttpclient.netty.request.NettyRequestSender - Using open Channel [id: 0x2987edcd, L:/127.0.0.1:55495 - R:localhost/127.0.0.1:44888] for POST '/session/4568f85bcaf0643f323e90cc81050b82/execute/sync'
20:20:41.714 [AsyncHttpClient-1-18] DEBUG org.asynchttpclient.netty.handler.HttpHandler - 

Request DefaultHttpRequest(decodeResult: success, version: HTTP/1.1)
POST /session/4568f85bcaf0643f323e90cc81050b82/execute/sync HTTP/1.1
User-Agent: selenium/4.8.1 (java windows)
Content-Length: 176
Content-Type: application/json; charset=utf-8
host: localhost:44888
accept: */*

Response DefaultHttpResponse(decodeResult: success, version: HTTP/1.1)
HTTP/1.1 200 OK
Content-Length: 22157
Content-Type: application/json; charset=utf-8
cache-control: no-cache

20:20:41.714 [AsyncHttpClient-1-18] DEBUG org.asynchttpclient.netty.channel.ChannelManager - Adding key: http://localhost:44888 for channel [id: 0x2987edcd, L:/127.0.0.1:55495 - R:localhost/127.0.0.1:44888]
20:20:41.715 [Forwarding getCurrentUrl on session 4568f85bcaf0643f323e90cc81050b82 to remote] DEBUG org.asynchttpclient.netty.request.NettyRequestSender - Using pooled Channel '[id: 0x2987edcd, L:/127.0.0.1:55495 - R:localhost/127.0.0.1:44888]' for 'GET' to 'http://localhost:44888/session/4568f85bcaf0643f323e90cc81050b82/url'
20:20:41.715 [Forwarding getCurrentUrl on session 4568f85bcaf0643f323e90cc81050b82 to remote] DEBUG org.asynchttpclient.netty.request.NettyRequestSender - Using open Channel [id: 0x2987edcd, L:/127.0.0.1:55495 - R:localhost/127.0.0.1:44888] for GET '/session/4568f85bcaf0643f323e90cc81050b82/url'
20:20:41.718 [AsyncHttpClient-1-18] DEBUG org.asynchttpclient.netty.handler.HttpHandler - 

Request DefaultFullHttpRequest(decodeResult: success, version: HTTP/1.1, content: EmptyByteBufBE)
GET /session/4568f85bcaf0643f323e90cc81050b82/url HTTP/1.1
User-Agent: selenium/4.8.1 (java windows)
Cache-Control: no-cache
Content-Type: application/json; charset=utf-8
host: localhost:44888
accept: */*

Response DefaultHttpResponse(decodeResult: success, version: HTTP/1.1)
HTTP/1.1 200 OK
Content-Length: 46
Content-Type: application/json; charset=utf-8
cache-control: no-cache

20:20:41.718 [AsyncHttpClient-1-18] DEBUG org.asynchttpclient.netty.channel.ChannelManager - Adding key: http://localhost:44888 for channel [id: 0x2987edcd, L:/127.0.0.1:55495 - R:localhost/127.0.0.1:44888]
20:20:41.719 [main] DEBUG net.thucydides.core.steps.StepInterceptor - STARTING STEP: TransactionSteps.clickBayarButton - clickBayarButton
20:20:41.721 [Forwarding findElement on session 4568f85bcaf0643f323e90cc81050b82 to remote] DEBUG org.asynchttpclient.netty.request.NettyRequestSender - Using pooled Channel '[id: 0x2987edcd, L:/127.0.0.1:55495 - R:localhost/127.0.0.1:44888]' for 'POST' to 'http://localhost:44888/session/4568f85bcaf0643f323e90cc81050b82/element'
20:20:41.721 [Forwarding findElement on session 4568f85bcaf0643f323e90cc81050b82 to remote] DEBUG org.asynchttpclient.netty.request.NettyRequestSender - Using open Channel [id: 0x2987edcd, L:/127.0.0.1:55495 - R:localhost/127.0.0.1:44888] for POST '/session/4568f85bcaf0643f323e90cc81050b82/element'
20:20:41.730 [AsyncHttpClient-1-18] DEBUG org.asynchttpclient.netty.handler.HttpHandler - 

Request DefaultHttpRequest(decodeResult: success, version: HTTP/1.1)
POST /session/4568f85bcaf0643f323e90cc81050b82/element HTTP/1.1
User-Agent: selenium/4.8.1 (java windows)
Content-Length: 59
Content-Type: application/json; charset=utf-8
host: localhost:44888
accept: */*

Response DefaultHttpResponse(decodeResult: success, version: HTTP/1.1)
HTTP/1.1 200 OK
Content-Length: 88
Content-Type: application/json; charset=utf-8
cache-control: no-cache

20:20:41.730 [AsyncHttpClient-1-18] DEBUG org.asynchttpclient.netty.channel.ChannelManager - Adding key: http://localhost:44888 for channel [id: 0x2987edcd, L:/127.0.0.1:55495 - R:localhost/127.0.0.1:44888]
20:20:41.730 [Forwarding getElementTagName on session 4568f85bcaf0643f323e90cc81050b82 to remote] DEBUG org.asynchttpclient.netty.request.NettyRequestSender - Using pooled Channel '[id: 0x2987edcd, L:/127.0.0.1:55495 - R:localhost/127.0.0.1:44888]' for 'GET' to 'http://localhost:44888/session/4568f85bcaf0643f323e90cc81050b82/element/a72d34e4-e507-4f55-8a14-bde3e6f5ee10/name'
20:20:41.730 [Forwarding getElementTagName on session 4568f85bcaf0643f323e90cc81050b82 to remote] DEBUG org.asynchttpclient.netty.request.NettyRequestSender - Using open Channel [id: 0x2987edcd, L:/127.0.0.1:55495 - R:localhost/127.0.0.1:44888] for GET '/session/4568f85bcaf0643f323e90cc81050b82/element/a72d34e4-e507-4f55-8a14-bde3e6f5ee10/name'
20:20:41.734 [AsyncHttpClient-1-18] DEBUG org.asynchttpclient.netty.handler.HttpHandler - 

Request DefaultFullHttpRequest(decodeResult: success, version: HTTP/1.1, content: EmptyByteBufBE)
GET /session/4568f85bcaf0643f323e90cc81050b82/element/a72d34e4-e507-4f55-8a14-bde3e6f5ee10/name HTTP/1.1
User-Agent: selenium/4.8.1 (java windows)
Cache-Control: no-cache
Content-Type: application/json; charset=utf-8
host: localhost:44888
accept: */*

Response DefaultHttpResponse(decodeResult: success, version: HTTP/1.1)
HTTP/1.1 200 OK
Content-Length: 18
Content-Type: application/json; charset=utf-8
cache-control: no-cache

20:20:41.734 [AsyncHttpClient-1-18] DEBUG org.asynchttpclient.netty.channel.ChannelManager - Adding key: http://localhost:44888 for channel [id: 0x2987edcd, L:/127.0.0.1:55495 - R:localhost/127.0.0.1:44888]
20:20:41.735 [Forwarding getElementTagName on session 4568f85bcaf0643f323e90cc81050b82 to remote] DEBUG org.asynchttpclient.netty.request.NettyRequestSender - Using pooled Channel '[id: 0x2987edcd, L:/127.0.0.1:55495 - R:localhost/127.0.0.1:44888]' for 'GET' to 'http://localhost:44888/session/4568f85bcaf0643f323e90cc81050b82/element/a72d34e4-e507-4f55-8a14-bde3e6f5ee10/name'
20:20:41.735 [Forwarding getElementTagName on session 4568f85bcaf0643f323e90cc81050b82 to remote] DEBUG org.asynchttpclient.netty.request.NettyRequestSender - Using open Channel [id: 0x2987edcd, L:/127.0.0.1:55495 - R:localhost/127.0.0.1:44888] for GET '/session/4568f85bcaf0643f323e90cc81050b82/element/a72d34e4-e507-4f55-8a14-bde3e6f5ee10/name'
20:20:41.737 [AsyncHttpClient-1-18] DEBUG org.asynchttpclient.netty.handler.HttpHandler - 

Request DefaultFullHttpRequest(decodeResult: success, version: HTTP/1.1, content: EmptyByteBufBE)
GET /session/4568f85bcaf0643f323e90cc81050b82/element/a72d34e4-e507-4f55-8a14-bde3e6f5ee10/name HTTP/1.1
User-Agent: selenium/4.8.1 (java windows)
Cache-Control: no-cache
Content-Type: application/json; charset=utf-8
host: localhost:44888
accept: */*

Response DefaultHttpResponse(decodeResult: success, version: HTTP/1.1)
HTTP/1.1 200 OK
Content-Length: 18
Content-Type: application/json; charset=utf-8
cache-control: no-cache

20:20:41.737 [AsyncHttpClient-1-18] DEBUG org.asynchttpclient.netty.channel.ChannelManager - Adding key: http://localhost:44888 for channel [id: 0x2987edcd, L:/127.0.0.1:55495 - R:localhost/127.0.0.1:44888]
20:20:41.738 [Forwarding isElementEnabled on session 4568f85bcaf0643f323e90cc81050b82 to remote] DEBUG org.asynchttpclient.netty.request.NettyRequestSender - Using pooled Channel '[id: 0x2987edcd, L:/127.0.0.1:55495 - R:localhost/127.0.0.1:44888]' for 'GET' to 'http://localhost:44888/session/4568f85bcaf0643f323e90cc81050b82/element/a72d34e4-e507-4f55-8a14-bde3e6f5ee10/enabled'
20:20:41.738 [Forwarding isElementEnabled on session 4568f85bcaf0643f323e90cc81050b82 to remote] DEBUG org.asynchttpclient.netty.request.NettyRequestSender - Using open Channel [id: 0x2987edcd, L:/127.0.0.1:55495 - R:localhost/127.0.0.1:44888] for GET '/session/4568f85bcaf0643f323e90cc81050b82/element/a72d34e4-e507-4f55-8a14-bde3e6f5ee10/enabled'
20:20:41.744 [AsyncHttpClient-1-18] DEBUG org.asynchttpclient.netty.handler.HttpHandler - 

Request DefaultFullHttpRequest(decodeResult: success, version: HTTP/1.1, content: EmptyByteBufBE)
GET /session/4568f85bcaf0643f323e90cc81050b82/element/a72d34e4-e507-4f55-8a14-bde3e6f5ee10/enabled HTTP/1.1
User-Agent: selenium/4.8.1 (java windows)
Cache-Control: no-cache
Content-Type: application/json; charset=utf-8
host: localhost:44888
accept: */*

Response DefaultHttpResponse(decodeResult: success, version: HTTP/1.1)
HTTP/1.1 200 OK
Content-Length: 14
Content-Type: application/json; charset=utf-8
cache-control: no-cache

20:20:41.744 [AsyncHttpClient-1-18] DEBUG org.asynchttpclient.netty.channel.ChannelManager - Adding key: http://localhost:44888 for channel [id: 0x2987edcd, L:/127.0.0.1:55495 - R:localhost/127.0.0.1:44888]
20:20:41.745 [Forwarding isElementEnabled on session 4568f85bcaf0643f323e90cc81050b82 to remote] DEBUG org.asynchttpclient.netty.request.NettyRequestSender - Using pooled Channel '[id: 0x2987edcd, L:/127.0.0.1:55495 - R:localhost/127.0.0.1:44888]' for 'GET' to 'http://localhost:44888/session/4568f85bcaf0643f323e90cc81050b82/element/a72d34e4-e507-4f55-8a14-bde3e6f5ee10/enabled'
20:20:41.745 [Forwarding isElementEnabled on session 4568f85bcaf0643f323e90cc81050b82 to remote] DEBUG org.asynchttpclient.netty.request.NettyRequestSender - Using open Channel [id: 0x2987edcd, L:/127.0.0.1:55495 - R:localhost/127.0.0.1:44888] for GET '/session/4568f85bcaf0643f323e90cc81050b82/element/a72d34e4-e507-4f55-8a14-bde3e6f5ee10/enabled'
20:20:41.750 [AsyncHttpClient-1-18] DEBUG org.asynchttpclient.netty.handler.HttpHandler - 

Request DefaultFullHttpRequest(decodeResult: success, version: HTTP/1.1, content: EmptyByteBufBE)
GET /session/4568f85bcaf0643f323e90cc81050b82/element/a72d34e4-e507-4f55-8a14-bde3e6f5ee10/enabled HTTP/1.1
User-Agent: selenium/4.8.1 (java windows)
Cache-Control: no-cache
Content-Type: application/json; charset=utf-8
host: localhost:44888
accept: */*

Response DefaultHttpResponse(decodeResult: success, version: HTTP/1.1)
HTTP/1.1 200 OK
Content-Length: 14
Content-Type: application/json; charset=utf-8
cache-control: no-cache

20:20:41.750 [AsyncHttpClient-1-18] DEBUG org.asynchttpclient.netty.channel.ChannelManager - Adding key: http://localhost:44888 for channel [id: 0x2987edcd, L:/127.0.0.1:55495 - R:localhost/127.0.0.1:44888]
20:20:41.751 [Forwarding findElement on session 4568f85bcaf0643f323e90cc81050b82 to remote] DEBUG org.asynchttpclient.netty.request.NettyRequestSender - Using pooled Channel '[id: 0x2987edcd, L:/127.0.0.1:55495 - R:localhost/127.0.0.1:44888]' for 'POST' to 'http://localhost:44888/session/4568f85bcaf0643f323e90cc81050b82/element'
20:20:41.751 [Forwarding findElement on session 4568f85bcaf0643f323e90cc81050b82 to remote] DEBUG org.asynchttpclient.netty.request.NettyRequestSender - Using open Channel [id: 0x2987edcd, L:/127.0.0.1:55495 - R:localhost/127.0.0.1:44888] for POST '/session/4568f85bcaf0643f323e90cc81050b82/element'
20:20:41.759 [AsyncHttpClient-1-18] DEBUG org.asynchttpclient.netty.handler.HttpHandler - 

Request DefaultHttpRequest(decodeResult: success, version: HTTP/1.1)
POST /session/4568f85bcaf0643f323e90cc81050b82/element HTTP/1.1
User-Agent: selenium/4.8.1 (java windows)
Content-Length: 59
Content-Type: application/json; charset=utf-8
host: localhost:44888
accept: */*

Response DefaultHttpResponse(decodeResult: success, version: HTTP/1.1)
HTTP/1.1 200 OK
Content-Length: 88
Content-Type: application/json; charset=utf-8
cache-control: no-cache

20:20:41.759 [AsyncHttpClient-1-18] DEBUG org.asynchttpclient.netty.channel.ChannelManager - Adding key: http://localhost:44888 for channel [id: 0x2987edcd, L:/127.0.0.1:55495 - R:localhost/127.0.0.1:44888]
20:20:41.759 [Forwarding clickElement on session 4568f85bcaf0643f323e90cc81050b82 to remote] DEBUG org.asynchttpclient.netty.request.NettyRequestSender - Using pooled Channel '[id: 0x2987edcd, L:/127.0.0.1:55495 - R:localhost/127.0.0.1:44888]' for 'POST' to 'http://localhost:44888/session/4568f85bcaf0643f323e90cc81050b82/element/a72d34e4-e507-4f55-8a14-bde3e6f5ee10/click'
20:20:41.759 [Forwarding clickElement on session 4568f85bcaf0643f323e90cc81050b82 to remote] DEBUG org.asynchttpclient.netty.request.NettyRequestSender - Using open Channel [id: 0x2987edcd, L:/127.0.0.1:55495 - R:localhost/127.0.0.1:44888] for POST '/session/4568f85bcaf0643f323e90cc81050b82/element/a72d34e4-e507-4f55-8a14-bde3e6f5ee10/click'
20:20:41.800 [AsyncHttpClient-1-18] DEBUG org.asynchttpclient.netty.handler.HttpHandler - 

Request DefaultHttpRequest(decodeResult: success, version: HTTP/1.1)
POST /session/4568f85bcaf0643f323e90cc81050b82/element/a72d34e4-e507-4f55-8a14-bde3e6f5ee10/click HTTP/1.1
User-Agent: selenium/4.8.1 (java windows)
Content-Length: 50
Content-Type: application/json; charset=utf-8
host: localhost:44888
accept: */*

Response DefaultHttpResponse(decodeResult: success, version: HTTP/1.1)
HTTP/1.1 200 OK
Content-Length: 14
Content-Type: application/json; charset=utf-8
cache-control: no-cache

20:20:41.800 [AsyncHttpClient-1-18] DEBUG org.asynchttpclient.netty.channel.ChannelManager - Adding key: http://localhost:44888 for channel [id: 0x2987edcd, L:/127.0.0.1:55495 - R:localhost/127.0.0.1:44888]
20:20:41.804 [Forwarding getAlertText on session 4568f85bcaf0643f323e90cc81050b82 to remote] DEBUG org.asynchttpclient.netty.request.NettyRequestSender - Using pooled Channel '[id: 0x2987edcd, L:/127.0.0.1:55495 - R:localhost/127.0.0.1:44888]' for 'GET' to 'http://localhost:44888/session/4568f85bcaf0643f323e90cc81050b82/alert/text'
20:20:41.805 [Forwarding getAlertText on session 4568f85bcaf0643f323e90cc81050b82 to remote] DEBUG org.asynchttpclient.netty.request.NettyRequestSender - Using open Channel [id: 0x2987edcd, L:/127.0.0.1:55495 - R:localhost/127.0.0.1:44888] for GET '/session/4568f85bcaf0643f323e90cc81050b82/alert/text'
20:20:41.806 [AsyncHttpClient-1-18] DEBUG org.asynchttpclient.netty.handler.HttpHandler - 

Request DefaultFullHttpRequest(decodeResult: success, version: HTTP/1.1, content: EmptyByteBufBE)
GET /session/4568f85bcaf0643f323e90cc81050b82/alert/text HTTP/1.1
User-Agent: selenium/4.8.1 (java windows)
Cache-Control: no-cache
Content-Type: application/json; charset=utf-8
host: localhost:44888
accept: */*

Response DefaultHttpResponse(decodeResult: success, version: HTTP/1.1)
HTTP/1.1 404 Not Found
Content-Length: 836
Content-Type: application/json; charset=utf-8
cache-control: no-cache

20:20:41.806 [AsyncHttpClient-1-18] DEBUG org.asynchttpclient.netty.channel.ChannelManager - Adding key: http://localhost:44888 for channel [id: 0x2987edcd, L:/127.0.0.1:55495 - R:localhost/127.0.0.1:44888]
20:20:41.807 [Forwarding getCurrentUrl on session 4568f85bcaf0643f323e90cc81050b82 to remote] DEBUG org.asynchttpclient.netty.request.NettyRequestSender - Using pooled Channel '[id: 0x2987edcd, L:/127.0.0.1:55495 - R:localhost/127.0.0.1:44888]' for 'GET' to 'http://localhost:44888/session/4568f85bcaf0643f323e90cc81050b82/url'
20:20:41.807 [Forwarding getCurrentUrl on session 4568f85bcaf0643f323e90cc81050b82 to remote] DEBUG org.asynchttpclient.netty.request.NettyRequestSender - Using open Channel [id: 0x2987edcd, L:/127.0.0.1:55495 - R:localhost/127.0.0.1:44888] for GET '/session/4568f85bcaf0643f323e90cc81050b82/url'
20:20:41.810 [AsyncHttpClient-1-18] DEBUG org.asynchttpclient.netty.handler.HttpHandler - 

Request DefaultFullHttpRequest(decodeResult: success, version: HTTP/1.1, content: EmptyByteBufBE)
GET /session/4568f85bcaf0643f323e90cc81050b82/url HTTP/1.1
User-Agent: selenium/4.8.1 (java windows)
Cache-Control: no-cache
Content-Type: application/json; charset=utf-8
host: localhost:44888
accept: */*

Response DefaultHttpResponse(decodeResult: success, version: HTTP/1.1)
HTTP/1.1 200 OK
Content-Length: 129
Content-Type: application/json; charset=utf-8
cache-control: no-cache

20:20:41.810 [AsyncHttpClient-1-18] DEBUG org.asynchttpclient.netty.channel.ChannelManager - Adding key: http://localhost:44888 for channel [id: 0x2987edcd, L:/127.0.0.1:55495 - R:localhost/127.0.0.1:44888]
20:20:41.811 [Forwarding screenshot on session 4568f85bcaf0643f323e90cc81050b82 to remote] DEBUG org.asynchttpclient.netty.request.NettyRequestSender - Using pooled Channel '[id: 0x2987edcd, L:/127.0.0.1:55495 - R:localhost/127.0.0.1:44888]' for 'GET' to 'http://localhost:44888/session/4568f85bcaf0643f323e90cc81050b82/screenshot'
20:20:41.811 [Forwarding screenshot on session 4568f85bcaf0643f323e90cc81050b82 to remote] DEBUG org.asynchttpclient.netty.request.NettyRequestSender - Using open Channel [id: 0x2987edcd, L:/127.0.0.1:55495 - R:localhost/127.0.0.1:44888] for GET '/session/4568f85bcaf0643f323e90cc81050b82/screenshot'
20:20:41.896 [AsyncHttpClient-1-18] DEBUG org.asynchttpclient.netty.handler.HttpHandler - 

Request DefaultFullHttpRequest(decodeResult: success, version: HTTP/1.1, content: EmptyByteBufBE)
GET /session/4568f85bcaf0643f323e90cc81050b82/screenshot HTTP/1.1
User-Agent: selenium/4.8.1 (java windows)
Cache-Control: no-cache
Content-Type: application/json; charset=utf-8
host: localhost:44888
accept: */*

Response DefaultHttpResponse(decodeResult: success, version: HTTP/1.1)
HTTP/1.1 200 OK
Content-Length: 26772
Content-Type: application/json; charset=utf-8
cache-control: no-cache

20:20:41.896 [AsyncHttpClient-1-18] DEBUG org.asynchttpclient.netty.channel.ChannelManager - Adding key: http://localhost:44888 for channel [id: 0x2987edcd, L:/127.0.0.1:55495 - R:localhost/127.0.0.1:44888]
20:20:41.897 [main] DEBUG net.serenitybdd.core.photography.Darkroom - Send negative for processing for target\site\serenity\66e6d4337cd228b204aa21250c222a63fbaf8ec6ac9847d1697cb4123955e0cb.png
20:20:41.897 [main] DEBUG net.thucydides.core.steps.StepInterceptor - STEP DONE: clickBayarButton
  &amp#27;[32mWhen &amp#27;[0m&amp#27;[32mI click BAYAR button&amp#27;[0m                        &amp#27;[90m# starter.stepdefinitions.TransactionSteps.clickBayarButton()&amp#27;[0m
20:20:41.897 [Darkroom Processing Line] DEBUG net.serenitybdd.core.photography.DarkroomProcessingLine - Processing screenshot image in /var/screenshots/screenshot-10755931616230621318
20:20:41.897 [Darkroom Processing Line] DEBUG net.serenitybdd.core.photography.DarkroomProcessingLine - Saving screenshot to target\site\serenity\66e6d4337cd228b204aa21250c222a63fbaf8ec6ac9847d1697cb4123955e0cb.png
20:20:41.902 [Forwarding getPageSource on session 4568f85bcaf0643f323e90cc81050b82 to remote] DEBUG org.asynchttpclient.netty.request.NettyRequestSender - Using pooled Channel '[id: 0x2987edcd, L:/127.0.0.1:55495 - R:localhost/127.0.0.1:44888]' for 'POST' to 'http://localhost:44888/session/4568f85bcaf0643f323e90cc81050b82/execute/sync'
20:20:41.902 [Forwarding getPageSource on session 4568f85bcaf0643f323e90cc81050b82 to remote] DEBUG org.asynchttpclient.netty.request.NettyRequestSender - Using open Channel [id: 0x2987edcd, L:/127.0.0.1:55495 - R:localhost/127.0.0.1:44888] for POST '/session/4568f85bcaf0643f323e90cc81050b82/execute/sync'
20:20:41.906 [AsyncHttpClient-1-18] DEBUG org.asynchttpclient.netty.handler.HttpHandler - 

Request DefaultHttpRequest(decodeResult: success, version: HTTP/1.1)
POST /session/4568f85bcaf0643f323e90cc81050b82/execute/sync HTTP/1.1
User-Agent: selenium/4.8.1 (java windows)
Content-Length: 176
Content-Type: application/json; charset=utf-8
host: localhost:44888
accept: */*

Response DefaultHttpResponse(decodeResult: success, version: HTTP/1.1)
HTTP/1.1 200 OK
Content-Length: 22030
Content-Type: application/json; charset=utf-8
cache-control: no-cache

20:20:41.906 [AsyncHttpClient-1-18] DEBUG org.asynchttpclient.netty.channel.ChannelManager - Adding key: http://localhost:44888 for channel [id: 0x2987edcd, L:/127.0.0.1:55495 - R:localhost/127.0.0.1:44888]
20:20:41.908 [Forwarding getCurrentUrl on session 4568f85bcaf0643f323e90cc81050b82 to remote] DEBUG org.asynchttpclient.netty.request.NettyRequestSender - Using pooled Channel '[id: 0x2987edcd, L:/127.0.0.1:55495 - R:localhost/127.0.0.1:44888]' for 'GET' to 'http://localhost:44888/session/4568f85bcaf0643f323e90cc81050b82/url'
20:20:41.908 [Forwarding getCurrentUrl on session 4568f85bcaf0643f323e90cc81050b82 to remote] DEBUG org.asynchttpclient.netty.request.NettyRequestSender - Using open Channel [id: 0x2987edcd, L:/127.0.0.1:55495 - R:localhost/127.0.0.1:44888] for GET '/session/4568f85bcaf0643f323e90cc81050b82/url'
20:20:41.909 [AsyncHttpClient-1-18] DEBUG org.asynchttpclient.netty.handler.HttpHandler - 

Request DefaultFullHttpRequest(decodeResult: success, version: HTTP/1.1, content: EmptyByteBufBE)
GET /session/4568f85bcaf0643f323e90cc81050b82/url HTTP/1.1
User-Agent: selenium/4.8.1 (java windows)
Cache-Control: no-cache
Content-Type: application/json; charset=utf-8
host: localhost:44888
accept: */*

Response DefaultHttpResponse(decodeResult: success, version: HTTP/1.1)
HTTP/1.1 200 OK
Content-Length: 129
Content-Type: application/json; charset=utf-8
cache-control: no-cache

20:20:41.910 [AsyncHttpClient-1-18] DEBUG org.asynchttpclient.netty.channel.ChannelManager - Adding key: http://localhost:44888 for channel [id: 0x2987edcd, L:/127.0.0.1:55495 - R:localhost/127.0.0.1:44888]
20:20:41.915 [Forwarding getPageSource on session 4568f85bcaf0643f323e90cc81050b82 to remote] DEBUG org.asynchttpclient.netty.request.NettyRequestSender - Using pooled Channel '[id: 0x2987edcd, L:/127.0.0.1:55495 - R:localhost/127.0.0.1:44888]' for 'POST' to 'http://localhost:44888/session/4568f85bcaf0643f323e90cc81050b82/execute/sync'
20:20:41.915 [Forwarding getPageSource on session 4568f85bcaf0643f323e90cc81050b82 to remote] DEBUG org.asynchttpclient.netty.request.NettyRequestSender - Using open Channel [id: 0x2987edcd, L:/127.0.0.1:55495 - R:localhost/127.0.0.1:44888] for POST '/session/4568f85bcaf0643f323e90cc81050b82/execute/sync'
20:20:41.919 [AsyncHttpClient-1-18] DEBUG org.asynchttpclient.netty.handler.HttpHandler - 

Request DefaultHttpRequest(decodeResult: success, version: HTTP/1.1)
POST /session/4568f85bcaf0643f323e90cc81050b82/execute/sync HTTP/1.1
User-Agent: selenium/4.8.1 (java windows)
Content-Length: 176
Content-Type: application/json; charset=utf-8
host: localhost:44888
accept: */*

Response DefaultHttpResponse(decodeResult: success, version: HTTP/1.1)
HTTP/1.1 200 OK
Content-Length: 22030
Content-Type: application/json; charset=utf-8
cache-control: no-cache

20:20:41.919 [AsyncHttpClient-1-18] DEBUG org.asynchttpclient.netty.channel.ChannelManager - Adding key: http://localhost:44888 for channel [id: 0x2987edcd, L:/127.0.0.1:55495 - R:localhost/127.0.0.1:44888]
20:20:41.920 [Forwarding getCurrentUrl on session 4568f85bcaf0643f323e90cc81050b82 to remote] DEBUG org.asynchttpclient.netty.request.NettyRequestSender - Using pooled Channel '[id: 0x2987edcd, L:/127.0.0.1:55495 - R:localhost/127.0.0.1:44888]' for 'GET' to 'http://localhost:44888/session/4568f85bcaf0643f323e90cc81050b82/url'
20:20:41.920 [Forwarding getCurrentUrl on session 4568f85bcaf0643f323e90cc81050b82 to remote] DEBUG org.asynchttpclient.netty.request.NettyRequestSender - Using open Channel [id: 0x2987edcd, L:/127.0.0.1:55495 - R:localhost/127.0.0.1:44888] for GET '/session/4568f85bcaf0643f323e90cc81050b82/url'
20:20:41.923 [AsyncHttpClient-1-18] DEBUG org.asynchttpclient.netty.handler.HttpHandler - 

Request DefaultFullHttpRequest(decodeResult: success, version: HTTP/1.1, content: EmptyByteBufBE)
GET /session/4568f85bcaf0643f323e90cc81050b82/url HTTP/1.1
User-Agent: selenium/4.8.1 (java windows)
Cache-Control: no-cache
Content-Type: application/json; charset=utf-8
host: localhost:44888
accept: */*

Response DefaultHttpResponse(decodeResult: success, version: HTTP/1.1)
HTTP/1.1 200 OK
Content-Length: 129
Content-Type: application/json; charset=utf-8
cache-control: no-cache

20:20:41.923 [AsyncHttpClient-1-18] DEBUG org.asynchttpclient.netty.channel.ChannelManager - Adding key: http://localhost:44888 for channel [id: 0x2987edcd, L:/127.0.0.1:55495 - R:localhost/127.0.0.1:44888]
20:20:41.924 [main] DEBUG net.thucydides.core.steps.StepInterceptor - STARTING STEP: TransactionSteps.validateOnLoginPage - validateOnLoginPage
20:20:41.926 [Forwarding findElement on session 4568f85bcaf0643f323e90cc81050b82 to remote] DEBUG org.asynchttpclient.netty.request.NettyRequestSender - Using pooled Channel '[id: 0x2987edcd, L:/127.0.0.1:55495 - R:localhost/127.0.0.1:44888]' for 'POST' to 'http://localhost:44888/session/4568f85bcaf0643f323e90cc81050b82/element'
20:20:41.926 [Forwarding findElement on session 4568f85bcaf0643f323e90cc81050b82 to remote] DEBUG org.asynchttpclient.netty.request.NettyRequestSender - Using open Channel [id: 0x2987edcd, L:/127.0.0.1:55495 - R:localhost/127.0.0.1:44888] for POST '/session/4568f85bcaf0643f323e90cc81050b82/element'
20:20:41.934 [AsyncHttpClient-1-18] DEBUG org.asynchttpclient.netty.handler.HttpHandler - 

Request DefaultHttpRequest(decodeResult: success, version: HTTP/1.1)
POST /session/4568f85bcaf0643f323e90cc81050b82/element HTTP/1.1
User-Agent: selenium/4.8.1 (java windows)
Content-Length: 71
Content-Type: application/json; charset=utf-8
host: localhost:44888
accept: */*

Response DefaultHttpResponse(decodeResult: success, version: HTTP/1.1)
HTTP/1.1 200 OK
Content-Length: 88
Content-Type: application/json; charset=utf-8
cache-control: no-cache

20:20:41.934 [AsyncHttpClient-1-18] DEBUG org.asynchttpclient.netty.channel.ChannelManager - Adding key: http://localhost:44888 for channel [id: 0x2987edcd, L:/127.0.0.1:55495 - R:localhost/127.0.0.1:44888]
20:20:41.936 [Forwarding isElementDisplayed on session 4568f85bcaf0643f323e90cc81050b82 to remote] DEBUG org.asynchttpclient.netty.request.NettyRequestSender - Using pooled Channel '[id: 0x2987edcd, L:/127.0.0.1:55495 - R:localhost/127.0.0.1:44888]' for 'POST' to 'http://localhost:44888/session/4568f85bcaf0643f323e90cc81050b82/execute/sync'
20:20:41.936 [Forwarding isElementDisplayed on session 4568f85bcaf0643f323e90cc81050b82 to remote] DEBUG org.asynchttpclient.netty.request.NettyRequestSender - Using open Channel [id: 0x2987edcd, L:/127.0.0.1:55495 - R:localhost/127.0.0.1:44888] for POST '/session/4568f85bcaf0643f323e90cc81050b82/execute/sync'
20:20:41.948 [AsyncHttpClient-1-18] DEBUG org.asynchttpclient.netty.handler.HttpHandler - 

Request DefaultHttpRequest(decodeResult: success, version: HTTP/1.1)
POST /session/4568f85bcaf0643f323e90cc81050b82/execute/sync HTTP/1.1
User-Agent: selenium/4.8.1 (java windows)
Content-Length: 48807
Content-Type: application/json; charset=utf-8
host: localhost:44888
accept: */*

Response DefaultHttpResponse(decodeResult: success, version: HTTP/1.1)
HTTP/1.1 200 OK
Content-Length: 14
Content-Type: application/json; charset=utf-8
cache-control: no-cache

20:20:41.948 [AsyncHttpClient-1-18] DEBUG org.asynchttpclient.netty.channel.ChannelManager - Adding key: http://localhost:44888 for channel [id: 0x2987edcd, L:/127.0.0.1:55495 - R:localhost/127.0.0.1:44888]
20:20:41.950 [Forwarding getAlertText on session 4568f85bcaf0643f323e90cc81050b82 to remote] DEBUG org.asynchttpclient.netty.request.NettyRequestSender - Using pooled Channel '[id: 0x2987edcd, L:/127.0.0.1:55495 - R:localhost/127.0.0.1:44888]' for 'GET' to 'http://localhost:44888/session/4568f85bcaf0643f323e90cc81050b82/alert/text'
20:20:41.950 [Forwarding getAlertText on session 4568f85bcaf0643f323e90cc81050b82 to remote] DEBUG org.asynchttpclient.netty.request.NettyRequestSender - Using open Channel [id: 0x2987edcd, L:/127.0.0.1:55495 - R:localhost/127.0.0.1:44888] for GET '/session/4568f85bcaf0643f323e90cc81050b82/alert/text'
20:20:41.951 [AsyncHttpClient-1-18] DEBUG org.asynchttpclient.netty.handler.HttpHandler - 

Request DefaultFullHttpRequest(decodeResult: success, version: HTTP/1.1, content: EmptyByteBufBE)
GET /session/4568f85bcaf0643f323e90cc81050b82/alert/text HTTP/1.1
User-Agent: selenium/4.8.1 (java windows)
Cache-Control: no-cache
Content-Type: application/json; charset=utf-8
host: localhost:44888
accept: */*

Response DefaultHttpResponse(decodeResult: success, version: HTTP/1.1)
HTTP/1.1 404 Not Found
Content-Length: 836
Content-Type: application/json; charset=utf-8
cache-control: no-cache

20:20:41.951 [AsyncHttpClient-1-18] DEBUG org.asynchttpclient.netty.channel.ChannelManager - Adding key: http://localhost:44888 for channel [id: 0x2987edcd, L:/127.0.0.1:55495 - R:localhost/127.0.0.1:44888]
20:20:41.952 [Forwarding getCurrentUrl on session 4568f85bcaf0643f323e90cc81050b82 to remote] DEBUG org.asynchttpclient.netty.request.NettyRequestSender - Using pooled Channel '[id: 0x2987edcd, L:/127.0.0.1:55495 - R:localhost/127.0.0.1:44888]' for 'GET' to 'http://localhost:44888/session/4568f85bcaf0643f323e90cc81050b82/url'
20:20:41.952 [Forwarding getCurrentUrl on session 4568f85bcaf0643f323e90cc81050b82 to remote] DEBUG org.asynchttpclient.netty.request.NettyRequestSender - Using open Channel [id: 0x2987edcd, L:/127.0.0.1:55495 - R:localhost/127.0.0.1:44888] for GET '/session/4568f85bcaf0643f323e90cc81050b82/url'
20:20:41.955 [AsyncHttpClient-1-18] DEBUG org.asynchttpclient.netty.handler.HttpHandler - 

Request DefaultFullHttpRequest(decodeResult: success, version: HTTP/1.1, content: EmptyByteBufBE)
GET /session/4568f85bcaf0643f323e90cc81050b82/url HTTP/1.1
User-Agent: selenium/4.8.1 (java windows)
Cache-Control: no-cache
Content-Type: application/json; charset=utf-8
host: localhost:44888
accept: */*

Response DefaultHttpResponse(decodeResult: success, version: HTTP/1.1)
HTTP/1.1 200 OK
Content-Length: 129
Content-Type: application/json; charset=utf-8
cache-control: no-cache

20:20:41.955 [AsyncHttpClient-1-18] DEBUG org.asynchttpclient.netty.channel.ChannelManager - Adding key: http://localhost:44888 for channel [id: 0x2987edcd, L:/127.0.0.1:55495 - R:localhost/127.0.0.1:44888]
20:20:41.955 [Forwarding screenshot on session 4568f85bcaf0643f323e90cc81050b82 to remote] DEBUG org.asynchttpclient.netty.request.NettyRequestSender - Using pooled Channel '[id: 0x2987edcd, L:/127.0.0.1:55495 - R:localhost/127.0.0.1:44888]' for 'GET' to 'http://localhost:44888/session/4568f85bcaf0643f323e90cc81050b82/screenshot'
20:20:41.955 [Forwarding screenshot on session 4568f85bcaf0643f323e90cc81050b82 to remote] DEBUG org.asynchttpclient.netty.request.NettyRequestSender - Using open Channel [id: 0x2987edcd, L:/127.0.0.1:55495 - R:localhost/127.0.0.1:44888] for GET '/session/4568f85bcaf0643f323e90cc81050b82/screenshot'
20:20:42.039 [AsyncHttpClient-1-18] DEBUG org.asynchttpclient.netty.handler.HttpHandler - 

Request DefaultFullHttpRequest(decodeResult: success, version: HTTP/1.1, content: EmptyByteBufBE)
GET /session/4568f85bcaf0643f323e90cc81050b82/screenshot HTTP/1.1
User-Agent: selenium/4.8.1 (java windows)
Cache-Control: no-cache
Content-Type: application/json; charset=utf-8
host: localhost:44888
accept: */*

Response DefaultHttpResponse(decodeResult: success, version: HTTP/1.1)
HTTP/1.1 200 OK
Content-Length: 26020
Content-Type: application/json; charset=utf-8
cache-control: no-cache

20:20:42.039 [AsyncHttpClient-1-18] DEBUG org.asynchttpclient.netty.channel.ChannelManager - Adding key: http://localhost:44888 for channel [id: 0x2987edcd, L:/127.0.0.1:55495 - R:localhost/127.0.0.1:44888]
20:20:42.040 [main] DEBUG net.serenitybdd.core.photography.Darkroom - Send negative for processing for target\site\serenity\8b2d86d78ba5e7b4787d3f67467d1c6e96da520001c279d5a82069b2f25b652c.png
20:20:42.041 [main] DEBUG net.thucydides.core.steps.StepInterceptor - STEP DONE: validateOnLoginPage
  &amp#27;[32mThen &amp#27;[0m&amp#27;[32mI redirected to login page&amp#27;[0m                  &amp#27;[90m# starter.stepdefinitions.TransactionSteps.validateOnLoginPage()&amp#27;[0m
20:20:42.041 [Darkroom Processing Line] DEBUG net.serenitybdd.core.photography.DarkroomProcessingLine - Processing screenshot image in /var/screenshots/screenshot-8565947935750897245
20:20:42.041 [Darkroom Processing Line] DEBUG net.serenitybdd.core.photography.DarkroomProcessingLine - Saving screenshot to target\site\serenity\8b2d86d78ba5e7b4787d3f67467d1c6e96da520001c279d5a82069b2f25b652c.png
20:20:42.046 [main] INFO  - 
  _____   ___   ___   _____     ___     _     ___   ___   ___   ___  
 |_   _| | __| / __| |_   _|   | _ \   /_\   / __| / __| | __| |   \ 
   | |   | _|  \__ \   | |     |  _/  / _ \  \__ \ \__ \ | _|  | |) |
   |_|   |___| |___/   |_|     |_|   /_/ \_\ |___/ |___/ |___| |___/ 

Failed to pay when user hasn't login yet
----------------------------------------------------------------------
20:20:42.047 [AsyncHttpClient-1-20] DEBUG org.asynchttpclient.netty.handler.WebSocketHandler - Channel Closed: [id: 0x42eefef3, L:/127.0.0.1:55506 ! R:localhost/127.0.0.1:55498] with attribute NettyResponseFuture{currentRetry=0,
	isDone=1,
	isCancelled=0,
	asyncHandler=org.asynchttpclient.ws.WebSocketUpgradeHandler@fb48d84,
	nettyRequest=org.asynchttpclient.netty.request.NettyRequest@7a620297,
	future=java.util.concurrent.CompletableFuture@7a30dcc7[Completed normally],
	uri=ws://localhost:55498/devtools/browser/db7c3922-46cd-4812-9032-511607bd0ced,
	keepAlive=true,
	redirectCount=0,
	timeoutsHolder=null,
	inAuth=0,
	touch=1683379239037}
20:20:42.047 [AsyncHttpClient-1-20] DEBUG org.asynchttpclient.netty.channel.ChannelManager - Closing Channel [id: 0x42eefef3, L:/127.0.0.1:55506 ! R:localhost/127.0.0.1:55498] 
20:20:42.047 [Driver Command Executor] DEBUG org.asynchttpclient.netty.request.NettyRequestSender - Using pooled Channel '[id: 0x2987edcd, L:/127.0.0.1:55495 - R:localhost/127.0.0.1:44888]' for 'DELETE' to 'http://localhost:44888/session/4568f85bcaf0643f323e90cc81050b82'
20:20:42.047 [Driver Command Executor] DEBUG org.asynchttpclient.netty.request.NettyRequestSender - Using open Channel [id: 0x2987edcd, L:/127.0.0.1:55495 - R:localhost/127.0.0.1:44888] for DELETE '/session/4568f85bcaf0643f323e90cc81050b82'
20:20:42.068 [AsyncHttpClient-1-19] DEBUG org.asynchttpclient.netty.handler.HttpHandler - Unexpected I/O exception on channel [id: 0x49705257, L:/127.0.0.1:55505 - R:localhost/127.0.0.1:55498]
java.net.SocketException: Connection reset
	at java.base/sun.nio.ch.SocketChannelImpl.throwConnectionReset(SocketChannelImpl.java:367)
	at java.base/sun.nio.ch.SocketChannelImpl.read(SocketChannelImpl.java:398)
	at io.netty.buffer.PooledByteBuf.setBytes(PooledByteBuf.java:259)
	at io.netty.buffer.AbstractByteBuf.writeBytes(AbstractByteBuf.java:1132)
	at io.netty.channel.socket.nio.NioSocketChannel.doReadBytes(NioSocketChannel.java:357)
	at io.netty.channel.nio.AbstractNioByteChannel$NioByteUnsafe.read(AbstractNioByteChannel.java:151)
	at io.netty.channel.nio.NioEventLoop.processSelectedKey(NioEventLoop.java:788)
	at io.netty.channel.nio.NioEventLoop.processSelectedKeysOptimized(NioEventLoop.java:724)
	at io.netty.channel.nio.NioEventLoop.processSelectedKeys(NioEventLoop.java:650)
	at io.netty.channel.nio.NioEventLoop.run(NioEventLoop.java:562)
	at io.netty.util.concurrent.SingleThreadEventExecutor$4.run(SingleThreadEventExecutor.java:997)
	at io.netty.util.internal.ThreadExecutorMap$2.run(ThreadExecutorMap.java:74)
	at io.netty.util.concurrent.FastThreadLocalRunnable.run(FastThreadLocalRunnable.java:30)
	at java.base/java.lang.Thread.run(Thread.java:832)
20:20:42.069 [AsyncHttpClient-1-19] DEBUG org.asynchttpclient.netty.channel.ChannelManager - Closing Channel [id: 0x49705257, L:/127.0.0.1:55505 - R:localhost/127.0.0.1:55498] 
20:20:42.069 [AsyncHttpClient-1-19] DEBUG org.asynchttpclient.netty.handler.HttpHandler - Channel Closed: [id: 0x49705257, L:/127.0.0.1:55505 ! R:localhost/127.0.0.1:55498] with attribute DISCARD
20:20:42.079 [AsyncHttpClient-1-18] DEBUG org.asynchttpclient.netty.handler.HttpHandler - 

Request DefaultFullHttpRequest(decodeResult: success, version: HTTP/1.1, content: EmptyByteBufBE)
DELETE /session/4568f85bcaf0643f323e90cc81050b82 HTTP/1.1
User-Agent: selenium/4.8.1 (java windows)
Content-Type: application/json; charset=utf-8
host: localhost:44888
accept: */*

Response DefaultHttpResponse(decodeResult: success, version: HTTP/1.1)
HTTP/1.1 200 OK
Content-Length: 14
Content-Type: application/json; charset=utf-8
cache-control: no-cache

20:20:42.079 [AsyncHttpClient-1-18] DEBUG org.asynchttpclient.netty.channel.ChannelManager - Adding key: http://localhost:44888 for channel [id: 0x2987edcd, L:/127.0.0.1:55495 - R:localhost/127.0.0.1:44888]
20:20:42.159 [AsyncHttpClient-1-1] DEBUG org.asynchttpclient.netty.channel.DefaultChannelPool - Entry count for : http://localhost:55498 : 1
20:20:42.159 [AsyncHttpClient-1-1] DEBUG org.asynchttpclient.netty.channel.DefaultChannelPool - Entry count for : http://localhost:44888 : 1
20:20:42.159 [AsyncHttpClient-1-1] DEBUG org.asynchttpclient.netty.channel.DefaultChannelPool - Adding Candidate expired Channel [id: 0x49705257, L:/127.0.0.1:55505 ! R:localhost/127.0.0.1:55498] isIdleTimeoutExpired=false isRemotelyClosed=true isTtlExpired=false
20:20:42.159 [AsyncHttpClient-1-1] DEBUG org.asynchttpclient.netty.channel.DefaultChannelPool - Closing Idle Channel [id: 0x49705257, L:/127.0.0.1:55505 ! R:localhost/127.0.0.1:55498]
20:20:42.159 [AsyncHttpClient-1-1] DEBUG org.asynchttpclient.netty.channel.DefaultChannelPool - Closed 1 connections out of 2 in 0 ms
20:20:42.177 [AsyncHttpClient-1-18] DEBUG org.asynchttpclient.netty.handler.HttpHandler - Channel Closed: [id: 0x2987edcd, L:/127.0.0.1:55495 ! R:localhost/127.0.0.1:44888] with attribute DISCARD
]]></system-out>
    <system-err><![CDATA[Starting ChromeDriver 111.0.5563.64 (c710e93d5b63b7095afe8c2c17df34408078439d-refs/branch-heads/5563@{#995}) on port 44888
Only local connections are allowed.
Please see https://chromedriver.chromium.org/security-considerations for suggestions on keeping ChromeDriver safe.
ChromeDriver was started successfully.
[1683379239.021][WARNING]: This version of ChromeDriver has not been tested with Chrome version 112.
May 06, 2023 8:20:39 PM org.openqa.selenium.devtools.CdpVersionFinder findNearestMatch
WARNING: Unable to find an exact match for CDP version 112, so returning the closest version found: 110
]]></system-err>
  </testcase>
  <testcase name="Logout from account" classname="Logout from Alta-shop Account" time="4.594">
    <system-out><![CDATA[20:20:42.697 [main] DEBUG io.cucumber.core.plugin.SerenityReporter - Running feature from file:///C:/Users/WINDOWS%2010/Documents/GitHub/MiniProject_QE/Web/code/minpro/src/test/resources/features/6.%20Logout.feature
20:20:42.699 [main] DEBUG net.thucydides.core.steps.StepEventBus - Test suite started for story net.thucydides.core.model.Story@17228dd2
20:20:42.700 [main] INFO  - Test Suite Started: Logout from Alta-shop Account

Scenario: Logout from account                                &amp#27;[90m# src/test/resources/features/6. Logout.feature:7&amp#27;[0m
20:20:42.703 [main] DEBUG io.cucumber.core.plugin.SerenityReporter - Running feature from file:///C:/Users/WINDOWS%2010/Documents/GitHub/MiniProject_QE/Web/code/minpro/src/test/resources/features/6.%20Logout.feature
20:20:42.705 [main] INFO  - 
  _____   ___   ___   _____     ___   _____     _     ___   _____   ___   ___  
 |_   _| | __| / __| |_   _|   / __| |_   _|   /_\   | _ \ |_   _| | __| |   \ 
   | |   | _|  \__ \   | |     \__ \   | |    / _ \  |   /   | |   | _|  | |) |
   |_|   |___| |___/   |_|     |___/   |_|   /_/ \_\ |_|_\   |_|   |___| |___/ 

Logout from account(logout-from-alta-shop-account;logout-from-account)
--------------------------------------------------------------------------------
20:20:42.721 [main] DEBUG net.thucydides.core.steps.StepInterceptor - STARTING STEP: LogoutSteps.onTheHomePage - openPage
20:20:42.751 [main] INFO net.serenitybdd.core.webdriver.driverproviders.ChromeDriverProvider - Starting Chrome driver instance with capabilities:
20:20:42.751 [main] INFO net.serenitybdd.core.webdriver.driverproviders.ChromeDriverProvider - Capabilities {acceptInsecureCerts: false, browserName: chrome, goog:chromeOptions: {args: [remote-allow-origins=*], extensions: []}}
20:20:42.821 [AsyncHttpClient-1-21] DEBUG org.asynchttpclient.netty.channel.NettyConnectListener - Using new Channel '[id: 0xd2d11674, L:/127.0.0.1:55530 - R:localhost/127.0.0.1:39956]' for 'POST' to '/session'
20:20:43.254 [AsyncHttpClient-1-1] DEBUG org.asynchttpclient.netty.channel.DefaultChannelPool - Entry count for : http://localhost:44888 : 1
20:20:43.256 [AsyncHttpClient-1-1] DEBUG org.asynchttpclient.netty.channel.DefaultChannelPool - Adding Candidate expired Channel [id: 0x2987edcd, L:/127.0.0.1:55495 ! R:localhost/127.0.0.1:44888] isIdleTimeoutExpired=false isRemotelyClosed=true isTtlExpired=false
20:20:43.256 [AsyncHttpClient-1-1] DEBUG org.asynchttpclient.netty.channel.DefaultChannelPool - Closing Idle Channel [id: 0x2987edcd, L:/127.0.0.1:55495 ! R:localhost/127.0.0.1:44888]
20:20:43.256 [AsyncHttpClient-1-1] DEBUG org.asynchttpclient.netty.channel.DefaultChannelPool - Closed 1 connections out of 1 in 0 ms
20:20:43.499 [AsyncHttpClient-1-21] DEBUG org.asynchttpclient.netty.handler.HttpHandler - 

Request DefaultHttpRequest(decodeResult: success, version: HTTP/1.1)
POST /session HTTP/1.1
User-Agent: selenium/4.8.1 (java windows)
Content-Length: 507
Content-Type: application/json; charset=utf-8
host: localhost:39956
accept: */*

Response DefaultHttpResponse(decodeResult: success, version: HTTP/1.1)
HTTP/1.1 200 OK
Content-Length: 862
Content-Type: application/json; charset=utf-8
cache-control: no-cache

20:20:43.499 [AsyncHttpClient-1-21] DEBUG org.asynchttpclient.netty.channel.ChannelManager - Adding key: http://localhost:39956 for channel [id: 0xd2d11674, L:/127.0.0.1:55530 - R:localhost/127.0.0.1:39956]
20:20:43.502 [AsyncHttpClient-1-22] DEBUG org.asynchttpclient.netty.channel.NettyConnectListener - Using new Channel '[id: 0x3c97eb38, L:/127.0.0.1:55538 - R:localhost/127.0.0.1:55532]' for 'GET' to '/json/version'
20:20:43.503 [AsyncHttpClient-1-22] DEBUG org.asynchttpclient.netty.handler.HttpHandler - 

Request DefaultFullHttpRequest(decodeResult: success, version: HTTP/1.1, content: EmptyByteBufBE)
GET /json/version HTTP/1.1
User-Agent: selenium/4.8.1 (java windows)
host: localhost:55532
accept: */*

Response DefaultHttpResponse(decodeResult: success, version: HTTP/1.1)
HTTP/1.1 200 OK
Content-Security-Policy: frame-ancestors 'none'
Content-Length: 424
Content-Type: application/json; charset=UTF-8

20:20:43.503 [AsyncHttpClient-1-22] DEBUG org.asynchttpclient.netty.channel.ChannelManager - Adding key: http://localhost:55532 for channel [id: 0x3c97eb38, L:/127.0.0.1:55538 - R:localhost/127.0.0.1:55532]
20:20:43.505 [AsyncHttpClient-1-23] DEBUG org.asynchttpclient.netty.channel.NettyConnectListener - Using new Channel '[id: 0x95330273, L:/127.0.0.1:55539 - R:localhost/127.0.0.1:55532]' for 'GET' to '/devtools/browser/31dfde6c-927d-45b4-83d7-6320a75da784'
20:20:43.505 [AsyncHttpClient-1-23] DEBUG org.asynchttpclient.netty.handler.WebSocketHandler - 

Request DefaultFullHttpRequest(decodeResult: success, version: HTTP/1.1, content: EmptyByteBufBE)
GET /devtools/browser/31dfde6c-927d-45b4-83d7-6320a75da784 HTTP/1.1
upgrade: websocket
connection: upgrade
sec-websocket-key: VVaIL0iGXs5WrBkIrXpxUQ==
sec-websocket-version: 13
origin: http://localhost:55532
host: localhost:55532
accept: */*
user-agent: AHC/2.1

Response DefaultHttpResponse(decodeResult: success, version: HTTP/1.1)
HTTP/1.1 101 WebSocket Protocol Handshake
Upgrade: WebSocket
Connection: Upgrade
Sec-WebSocket-Accept: Oz5icu9o+BwF+YRH0ZXPuR5F+qk=

20:20:43.507 [Forwarding get on session 442d227f837f69f00d6aca8af2dc9f82 to remote] DEBUG org.asynchttpclient.netty.request.NettyRequestSender - Using pooled Channel '[id: 0xd2d11674, L:/127.0.0.1:55530 - R:localhost/127.0.0.1:39956]' for 'POST' to 'http://localhost:39956/session/442d227f837f69f00d6aca8af2dc9f82/url'
20:20:43.507 [Forwarding get on session 442d227f837f69f00d6aca8af2dc9f82 to remote] DEBUG org.asynchttpclient.netty.request.NettyRequestSender - Using open Channel [id: 0xd2d11674, L:/127.0.0.1:55530 - R:localhost/127.0.0.1:39956] for POST '/session/442d227f837f69f00d6aca8af2dc9f82/url'
20:20:44.276 [AsyncHttpClient-1-21] DEBUG org.asynchttpclient.netty.handler.HttpHandler - 

Request DefaultHttpRequest(decodeResult: success, version: HTTP/1.1)
POST /session/442d227f837f69f00d6aca8af2dc9f82/url HTTP/1.1
User-Agent: selenium/4.8.1 (java windows)
Content-Length: 74
Content-Type: application/json; charset=utf-8
host: localhost:39956
accept: */*

Response DefaultHttpResponse(decodeResult: success, version: HTTP/1.1)
HTTP/1.1 200 OK
Content-Length: 14
Content-Type: application/json; charset=utf-8
cache-control: no-cache

20:20:44.276 [AsyncHttpClient-1-21] DEBUG org.asynchttpclient.netty.channel.ChannelManager - Adding key: http://localhost:39956 for channel [id: 0xd2d11674, L:/127.0.0.1:55530 - R:localhost/127.0.0.1:39956]
20:20:44.277 [Forwarding setTimeout on session 442d227f837f69f00d6aca8af2dc9f82 to remote] DEBUG org.asynchttpclient.netty.request.NettyRequestSender - Using pooled Channel '[id: 0xd2d11674, L:/127.0.0.1:55530 - R:localhost/127.0.0.1:39956]' for 'POST' to 'http://localhost:39956/session/442d227f837f69f00d6aca8af2dc9f82/timeouts'
20:20:44.277 [Forwarding setTimeout on session 442d227f837f69f00d6aca8af2dc9f82 to remote] DEBUG org.asynchttpclient.netty.request.NettyRequestSender - Using open Channel [id: 0xd2d11674, L:/127.0.0.1:55530 - R:localhost/127.0.0.1:39956] for POST '/session/442d227f837f69f00d6aca8af2dc9f82/timeouts'
20:20:44.277 [AsyncHttpClient-1-21] DEBUG org.asynchttpclient.netty.handler.HttpHandler - 

Request DefaultHttpRequest(decodeResult: success, version: HTTP/1.1)
POST /session/442d227f837f69f00d6aca8af2dc9f82/timeouts HTTP/1.1
User-Agent: selenium/4.8.1 (java windows)
Content-Length: 22
Content-Type: application/json; charset=utf-8
host: localhost:39956
accept: */*

Response DefaultHttpResponse(decodeResult: success, version: HTTP/1.1)
HTTP/1.1 200 OK
Content-Length: 14
Content-Type: application/json; charset=utf-8
cache-control: no-cache

20:20:44.277 [AsyncHttpClient-1-21] DEBUG org.asynchttpclient.netty.channel.ChannelManager - Adding key: http://localhost:39956 for channel [id: 0xd2d11674, L:/127.0.0.1:55530 - R:localhost/127.0.0.1:39956]
20:20:44.280 [main] DEBUG net.serenitybdd.core.photography.Darkroom - Opening darkroom
20:20:44.281 [Darkroom Processing Line] DEBUG net.serenitybdd.core.photography.DarkroomProcessingLine - Darkroom processing line starting up
20:20:44.281 [Forwarding getAlertText on session 442d227f837f69f00d6aca8af2dc9f82 to remote] DEBUG org.asynchttpclient.netty.request.NettyRequestSender - Using pooled Channel '[id: 0xd2d11674, L:/127.0.0.1:55530 - R:localhost/127.0.0.1:39956]' for 'GET' to 'http://localhost:39956/session/442d227f837f69f00d6aca8af2dc9f82/alert/text'
20:20:44.281 [Forwarding getAlertText on session 442d227f837f69f00d6aca8af2dc9f82 to remote] DEBUG org.asynchttpclient.netty.request.NettyRequestSender - Using open Channel [id: 0xd2d11674, L:/127.0.0.1:55530 - R:localhost/127.0.0.1:39956] for GET '/session/442d227f837f69f00d6aca8af2dc9f82/alert/text'
20:20:44.282 [AsyncHttpClient-1-21] DEBUG org.asynchttpclient.netty.handler.HttpHandler - 

Request DefaultFullHttpRequest(decodeResult: success, version: HTTP/1.1, content: EmptyByteBufBE)
GET /session/442d227f837f69f00d6aca8af2dc9f82/alert/text HTTP/1.1
User-Agent: selenium/4.8.1 (java windows)
Cache-Control: no-cache
Content-Type: application/json; charset=utf-8
host: localhost:39956
accept: */*

Response DefaultHttpResponse(decodeResult: success, version: HTTP/1.1)
HTTP/1.1 404 Not Found
Content-Length: 836
Content-Type: application/json; charset=utf-8
cache-control: no-cache

20:20:44.282 [AsyncHttpClient-1-21] DEBUG org.asynchttpclient.netty.channel.ChannelManager - Adding key: http://localhost:39956 for channel [id: 0xd2d11674, L:/127.0.0.1:55530 - R:localhost/127.0.0.1:39956]
20:20:44.283 [Forwarding getCurrentUrl on session 442d227f837f69f00d6aca8af2dc9f82 to remote] DEBUG org.asynchttpclient.netty.request.NettyRequestSender - Using pooled Channel '[id: 0xd2d11674, L:/127.0.0.1:55530 - R:localhost/127.0.0.1:39956]' for 'GET' to 'http://localhost:39956/session/442d227f837f69f00d6aca8af2dc9f82/url'
20:20:44.283 [Forwarding getCurrentUrl on session 442d227f837f69f00d6aca8af2dc9f82 to remote] DEBUG org.asynchttpclient.netty.request.NettyRequestSender - Using open Channel [id: 0xd2d11674, L:/127.0.0.1:55530 - R:localhost/127.0.0.1:39956] for GET '/session/442d227f837f69f00d6aca8af2dc9f82/url'
20:20:44.286 [AsyncHttpClient-1-21] DEBUG org.asynchttpclient.netty.handler.HttpHandler - 

Request DefaultFullHttpRequest(decodeResult: success, version: HTTP/1.1, content: EmptyByteBufBE)
GET /session/442d227f837f69f00d6aca8af2dc9f82/url HTTP/1.1
User-Agent: selenium/4.8.1 (java windows)
Cache-Control: no-cache
Content-Type: application/json; charset=utf-8
host: localhost:39956
accept: */*

Response DefaultHttpResponse(decodeResult: success, version: HTTP/1.1)
HTTP/1.1 200 OK
Content-Length: 51
Content-Type: application/json; charset=utf-8
cache-control: no-cache

20:20:44.286 [AsyncHttpClient-1-21] DEBUG org.asynchttpclient.netty.channel.ChannelManager - Adding key: http://localhost:39956 for channel [id: 0xd2d11674, L:/127.0.0.1:55530 - R:localhost/127.0.0.1:39956]
20:20:44.287 [Forwarding screenshot on session 442d227f837f69f00d6aca8af2dc9f82 to remote] DEBUG org.asynchttpclient.netty.request.NettyRequestSender - Using pooled Channel '[id: 0xd2d11674, L:/127.0.0.1:55530 - R:localhost/127.0.0.1:39956]' for 'GET' to 'http://localhost:39956/session/442d227f837f69f00d6aca8af2dc9f82/screenshot'
20:20:44.287 [Forwarding screenshot on session 442d227f837f69f00d6aca8af2dc9f82 to remote] DEBUG org.asynchttpclient.netty.request.NettyRequestSender - Using open Channel [id: 0xd2d11674, L:/127.0.0.1:55530 - R:localhost/127.0.0.1:39956] for GET '/session/442d227f837f69f00d6aca8af2dc9f82/screenshot'
20:20:44.358 [AsyncHttpClient-1-1] DEBUG org.asynchttpclient.netty.channel.DefaultChannelPool - Entry count for : http://localhost:55532 : 1
20:20:44.394 [AsyncHttpClient-1-21] DEBUG org.asynchttpclient.netty.handler.HttpHandler - 

Request DefaultFullHttpRequest(decodeResult: success, version: HTTP/1.1, content: EmptyByteBufBE)
GET /session/442d227f837f69f00d6aca8af2dc9f82/screenshot HTTP/1.1
User-Agent: selenium/4.8.1 (java windows)
Cache-Control: no-cache
Content-Type: application/json; charset=utf-8
host: localhost:39956
accept: */*

Response DefaultHttpResponse(decodeResult: success, version: HTTP/1.1)
HTTP/1.1 200 OK
Content-Length: 25208
Content-Type: application/json; charset=utf-8
cache-control: no-cache

20:20:44.395 [AsyncHttpClient-1-21] DEBUG org.asynchttpclient.netty.channel.ChannelManager - Adding key: http://localhost:39956 for channel [id: 0xd2d11674, L:/127.0.0.1:55530 - R:localhost/127.0.0.1:39956]
20:20:44.396 [main] DEBUG net.serenitybdd.core.photography.Darkroom - Send negative for processing for target\site\serenity\edb14d4aab401efa0e4fb99861e6ffcafebc86a67b69f7828890b9910ed2ddbd.png
20:20:44.396 [main] DEBUG net.thucydides.core.steps.StepInterceptor - STEP DONE: openPage
20:20:44.400 [Forwarding getPageSource on session 442d227f837f69f00d6aca8af2dc9f82 to remote] DEBUG org.asynchttpclient.netty.request.NettyRequestSender - Using pooled Channel '[id: 0xd2d11674, L:/127.0.0.1:55530 - R:localhost/127.0.0.1:39956]' for 'POST' to 'http://localhost:39956/session/442d227f837f69f00d6aca8af2dc9f82/execute/sync'
20:20:44.400 [Forwarding getPageSource on session 442d227f837f69f00d6aca8af2dc9f82 to remote] DEBUG org.asynchttpclient.netty.request.NettyRequestSender - Using open Channel [id: 0xd2d11674, L:/127.0.0.1:55530 - R:localhost/127.0.0.1:39956] for POST '/session/442d227f837f69f00d6aca8af2dc9f82/execute/sync'
20:20:44.404 [AsyncHttpClient-1-21] DEBUG org.asynchttpclient.netty.handler.HttpHandler - 

Request DefaultHttpRequest(decodeResult: success, version: HTTP/1.1)
POST /session/442d227f837f69f00d6aca8af2dc9f82/execute/sync HTTP/1.1
User-Agent: selenium/4.8.1 (java windows)
Content-Length: 176
Content-Type: application/json; charset=utf-8
host: localhost:39956
accept: */*

Response DefaultHttpResponse(decodeResult: success, version: HTTP/1.1)
HTTP/1.1 200 OK
Content-Length: 21659
Content-Type: application/json; charset=utf-8
cache-control: no-cache

20:20:44.404 [AsyncHttpClient-1-21] DEBUG org.asynchttpclient.netty.channel.ChannelManager - Adding key: http://localhost:39956 for channel [id: 0xd2d11674, L:/127.0.0.1:55530 - R:localhost/127.0.0.1:39956]
20:20:44.405 [Forwarding getCurrentUrl on session 442d227f837f69f00d6aca8af2dc9f82 to remote] DEBUG org.asynchttpclient.netty.request.NettyRequestSender - Using pooled Channel '[id: 0xd2d11674, L:/127.0.0.1:55530 - R:localhost/127.0.0.1:39956]' for 'GET' to 'http://localhost:39956/session/442d227f837f69f00d6aca8af2dc9f82/url'
20:20:44.405 [Forwarding getCurrentUrl on session 442d227f837f69f00d6aca8af2dc9f82 to remote] DEBUG org.asynchttpclient.netty.request.NettyRequestSender - Using open Channel [id: 0xd2d11674, L:/127.0.0.1:55530 - R:localhost/127.0.0.1:39956] for GET '/session/442d227f837f69f00d6aca8af2dc9f82/url'
20:20:44.408 [AsyncHttpClient-1-21] DEBUG org.asynchttpclient.netty.handler.HttpHandler - 

Request DefaultFullHttpRequest(decodeResult: success, version: HTTP/1.1, content: EmptyByteBufBE)
GET /session/442d227f837f69f00d6aca8af2dc9f82/url HTTP/1.1
User-Agent: selenium/4.8.1 (java windows)
Cache-Control: no-cache
Content-Type: application/json; charset=utf-8
host: localhost:39956
accept: */*

Response DefaultHttpResponse(decodeResult: success, version: HTTP/1.1)
HTTP/1.1 200 OK
Content-Length: 51
Content-Type: application/json; charset=utf-8
cache-control: no-cache

20:20:44.408 [AsyncHttpClient-1-21] DEBUG org.asynchttpclient.netty.channel.ChannelManager - Adding key: http://localhost:39956 for channel [id: 0xd2d11674, L:/127.0.0.1:55530 - R:localhost/127.0.0.1:39956]
20:20:44.410 [main] DEBUG net.thucydides.core.steps.StepInterceptor - STARTING STEP: LogoutSteps.onTheHomePage - inputEmail
20:20:44.412 [Forwarding findElement on session 442d227f837f69f00d6aca8af2dc9f82 to remote] DEBUG org.asynchttpclient.netty.request.NettyRequestSender - Using pooled Channel '[id: 0xd2d11674, L:/127.0.0.1:55530 - R:localhost/127.0.0.1:39956]' for 'POST' to 'http://localhost:39956/session/442d227f837f69f00d6aca8af2dc9f82/element'
20:20:44.412 [Forwarding findElement on session 442d227f837f69f00d6aca8af2dc9f82 to remote] DEBUG org.asynchttpclient.netty.request.NettyRequestSender - Using open Channel [id: 0xd2d11674, L:/127.0.0.1:55530 - R:localhost/127.0.0.1:39956] for POST '/session/442d227f837f69f00d6aca8af2dc9f82/element'
20:20:44.423 [AsyncHttpClient-1-21] DEBUG org.asynchttpclient.netty.handler.HttpHandler - 

Request DefaultHttpRequest(decodeResult: success, version: HTTP/1.1)
POST /session/442d227f837f69f00d6aca8af2dc9f82/element HTTP/1.1
User-Agent: selenium/4.8.1 (java windows)
Content-Length: 55
Content-Type: application/json; charset=utf-8
host: localhost:39956
accept: */*

Response DefaultHttpResponse(decodeResult: success, version: HTTP/1.1)
HTTP/1.1 200 OK
Content-Length: 88
Content-Type: application/json; charset=utf-8
cache-control: no-cache

20:20:44.423 [AsyncHttpClient-1-21] DEBUG org.asynchttpclient.netty.channel.ChannelManager - Adding key: http://localhost:39956 for channel [id: 0xd2d11674, L:/127.0.0.1:55530 - R:localhost/127.0.0.1:39956]
20:20:44.424 [Forwarding clearElement on session 442d227f837f69f00d6aca8af2dc9f82 to remote] DEBUG org.asynchttpclient.netty.request.NettyRequestSender - Using pooled Channel '[id: 0xd2d11674, L:/127.0.0.1:55530 - R:localhost/127.0.0.1:39956]' for 'POST' to 'http://localhost:39956/session/442d227f837f69f00d6aca8af2dc9f82/element/215af199-ebcc-4993-b6eb-1c0e531831e3/clear'
20:20:44.425 [Forwarding clearElement on session 442d227f837f69f00d6aca8af2dc9f82 to remote] DEBUG org.asynchttpclient.netty.request.NettyRequestSender - Using open Channel [id: 0xd2d11674, L:/127.0.0.1:55530 - R:localhost/127.0.0.1:39956] for POST '/session/442d227f837f69f00d6aca8af2dc9f82/element/215af199-ebcc-4993-b6eb-1c0e531831e3/clear'
20:20:44.447 [AsyncHttpClient-1-21] DEBUG org.asynchttpclient.netty.handler.HttpHandler - 

Request DefaultHttpRequest(decodeResult: success, version: HTTP/1.1)
POST /session/442d227f837f69f00d6aca8af2dc9f82/element/215af199-ebcc-4993-b6eb-1c0e531831e3/clear HTTP/1.1
User-Agent: selenium/4.8.1 (java windows)
Content-Length: 50
Content-Type: application/json; charset=utf-8
host: localhost:39956
accept: */*

Response DefaultHttpResponse(decodeResult: success, version: HTTP/1.1)
HTTP/1.1 200 OK
Content-Length: 14
Content-Type: application/json; charset=utf-8
cache-control: no-cache

20:20:44.447 [AsyncHttpClient-1-21] DEBUG org.asynchttpclient.netty.channel.ChannelManager - Adding key: http://localhost:39956 for channel [id: 0xd2d11674, L:/127.0.0.1:55530 - R:localhost/127.0.0.1:39956]
20:20:44.448 [Forwarding sendKeysToElement on session 442d227f837f69f00d6aca8af2dc9f82 to remote] DEBUG org.asynchttpclient.netty.request.NettyRequestSender - Using pooled Channel '[id: 0xd2d11674, L:/127.0.0.1:55530 - R:localhost/127.0.0.1:39956]' for 'POST' to 'http://localhost:39956/session/442d227f837f69f00d6aca8af2dc9f82/element/215af199-ebcc-4993-b6eb-1c0e531831e3/value'
20:20:44.448 [Forwarding sendKeysToElement on session 442d227f837f69f00d6aca8af2dc9f82 to remote] DEBUG org.asynchttpclient.netty.request.NettyRequestSender - Using open Channel [id: 0xd2d11674, L:/127.0.0.1:55530 - R:localhost/127.0.0.1:39956] for POST '/session/442d227f837f69f00d6aca8af2dc9f82/element/215af199-ebcc-4993-b6eb-1c0e531831e3/value'
20:20:44.524 [AsyncHttpClient-1-21] DEBUG org.asynchttpclient.netty.handler.HttpHandler - 

Request DefaultHttpRequest(decodeResult: success, version: HTTP/1.1)
POST /session/442d227f837f69f00d6aca8af2dc9f82/element/215af199-ebcc-4993-b6eb-1c0e531831e3/value HTTP/1.1
User-Agent: selenium/4.8.1 (java windows)
Content-Length: 241
Content-Type: application/json; charset=utf-8
host: localhost:39956
accept: */*

Response DefaultHttpResponse(decodeResult: success, version: HTTP/1.1)
HTTP/1.1 200 OK
Content-Length: 14
Content-Type: application/json; charset=utf-8
cache-control: no-cache

20:20:44.524 [AsyncHttpClient-1-21] DEBUG org.asynchttpclient.netty.channel.ChannelManager - Adding key: http://localhost:39956 for channel [id: 0xd2d11674, L:/127.0.0.1:55530 - R:localhost/127.0.0.1:39956]
20:20:44.529 [Forwarding getAlertText on session 442d227f837f69f00d6aca8af2dc9f82 to remote] DEBUG org.asynchttpclient.netty.request.NettyRequestSender - Using pooled Channel '[id: 0xd2d11674, L:/127.0.0.1:55530 - R:localhost/127.0.0.1:39956]' for 'GET' to 'http://localhost:39956/session/442d227f837f69f00d6aca8af2dc9f82/alert/text'
20:20:44.529 [Forwarding getAlertText on session 442d227f837f69f00d6aca8af2dc9f82 to remote] DEBUG org.asynchttpclient.netty.request.NettyRequestSender - Using open Channel [id: 0xd2d11674, L:/127.0.0.1:55530 - R:localhost/127.0.0.1:39956] for GET '/session/442d227f837f69f00d6aca8af2dc9f82/alert/text'
20:20:44.530 [AsyncHttpClient-1-21] DEBUG org.asynchttpclient.netty.handler.HttpHandler - 

Request DefaultFullHttpRequest(decodeResult: success, version: HTTP/1.1, content: EmptyByteBufBE)
GET /session/442d227f837f69f00d6aca8af2dc9f82/alert/text HTTP/1.1
User-Agent: selenium/4.8.1 (java windows)
Cache-Control: no-cache
Content-Type: application/json; charset=utf-8
host: localhost:39956
accept: */*

Response DefaultHttpResponse(decodeResult: success, version: HTTP/1.1)
HTTP/1.1 404 Not Found
Content-Length: 836
Content-Type: application/json; charset=utf-8
cache-control: no-cache

20:20:44.530 [AsyncHttpClient-1-21] DEBUG org.asynchttpclient.netty.channel.ChannelManager - Adding key: http://localhost:39956 for channel [id: 0xd2d11674, L:/127.0.0.1:55530 - R:localhost/127.0.0.1:39956]
20:20:44.530 [Forwarding getCurrentUrl on session 442d227f837f69f00d6aca8af2dc9f82 to remote] DEBUG org.asynchttpclient.netty.request.NettyRequestSender - Using pooled Channel '[id: 0xd2d11674, L:/127.0.0.1:55530 - R:localhost/127.0.0.1:39956]' for 'GET' to 'http://localhost:39956/session/442d227f837f69f00d6aca8af2dc9f82/url'
20:20:44.530 [Forwarding getCurrentUrl on session 442d227f837f69f00d6aca8af2dc9f82 to remote] DEBUG org.asynchttpclient.netty.request.NettyRequestSender - Using open Channel [id: 0xd2d11674, L:/127.0.0.1:55530 - R:localhost/127.0.0.1:39956] for GET '/session/442d227f837f69f00d6aca8af2dc9f82/url'
20:20:44.532 [AsyncHttpClient-1-21] DEBUG org.asynchttpclient.netty.handler.HttpHandler - 

Request DefaultFullHttpRequest(decodeResult: success, version: HTTP/1.1, content: EmptyByteBufBE)
GET /session/442d227f837f69f00d6aca8af2dc9f82/url HTTP/1.1
User-Agent: selenium/4.8.1 (java windows)
Cache-Control: no-cache
Content-Type: application/json; charset=utf-8
host: localhost:39956
accept: */*

Response DefaultHttpResponse(decodeResult: success, version: HTTP/1.1)
HTTP/1.1 200 OK
Content-Length: 51
Content-Type: application/json; charset=utf-8
cache-control: no-cache

20:20:44.532 [AsyncHttpClient-1-21] DEBUG org.asynchttpclient.netty.channel.ChannelManager - Adding key: http://localhost:39956 for channel [id: 0xd2d11674, L:/127.0.0.1:55530 - R:localhost/127.0.0.1:39956]
20:20:44.533 [Forwarding screenshot on session 442d227f837f69f00d6aca8af2dc9f82 to remote] DEBUG org.asynchttpclient.netty.request.NettyRequestSender - Using pooled Channel '[id: 0xd2d11674, L:/127.0.0.1:55530 - R:localhost/127.0.0.1:39956]' for 'GET' to 'http://localhost:39956/session/442d227f837f69f00d6aca8af2dc9f82/screenshot'
20:20:44.533 [Forwarding screenshot on session 442d227f837f69f00d6aca8af2dc9f82 to remote] DEBUG org.asynchttpclient.netty.request.NettyRequestSender - Using open Channel [id: 0xd2d11674, L:/127.0.0.1:55530 - R:localhost/127.0.0.1:39956] for GET '/session/442d227f837f69f00d6aca8af2dc9f82/screenshot'
20:20:44.621 [AsyncHttpClient-1-21] DEBUG org.asynchttpclient.netty.handler.HttpHandler - 

Request DefaultFullHttpRequest(decodeResult: success, version: HTTP/1.1, content: EmptyByteBufBE)
GET /session/442d227f837f69f00d6aca8af2dc9f82/screenshot HTTP/1.1
User-Agent: selenium/4.8.1 (java windows)
Cache-Control: no-cache
Content-Type: application/json; charset=utf-8
host: localhost:39956
accept: */*

Response DefaultHttpResponse(decodeResult: success, version: HTTP/1.1)
HTTP/1.1 200 OK
Content-Length: 30216
Content-Type: application/json; charset=utf-8
cache-control: no-cache

20:20:44.621 [AsyncHttpClient-1-21] DEBUG org.asynchttpclient.netty.channel.ChannelManager - Adding key: http://localhost:39956 for channel [id: 0xd2d11674, L:/127.0.0.1:55530 - R:localhost/127.0.0.1:39956]
20:20:44.622 [main] DEBUG net.serenitybdd.core.photography.Darkroom - Send negative for processing for target\site\serenity\a48a283a73172d73fa488c2285e9f309695b3927e3983b46a0c32c11ed3a0db0.png
20:20:44.623 [main] DEBUG net.thucydides.core.steps.StepInterceptor - STEP DONE: inputEmail
20:20:44.623 [Darkroom Processing Line] DEBUG net.serenitybdd.core.photography.DarkroomProcessingLine - Processing screenshot image in /var/screenshots/screenshot-16449340579361728819
20:20:44.623 [Darkroom Processing Line] DEBUG net.serenitybdd.core.photography.DarkroomProcessingLine - Saving screenshot to target\site\serenity\a48a283a73172d73fa488c2285e9f309695b3927e3983b46a0c32c11ed3a0db0.png
20:20:44.628 [Forwarding getPageSource on session 442d227f837f69f00d6aca8af2dc9f82 to remote] DEBUG org.asynchttpclient.netty.request.NettyRequestSender - Using pooled Channel '[id: 0xd2d11674, L:/127.0.0.1:55530 - R:localhost/127.0.0.1:39956]' for 'POST' to 'http://localhost:39956/session/442d227f837f69f00d6aca8af2dc9f82/execute/sync'
20:20:44.628 [Forwarding getPageSource on session 442d227f837f69f00d6aca8af2dc9f82 to remote] DEBUG org.asynchttpclient.netty.request.NettyRequestSender - Using open Channel [id: 0xd2d11674, L:/127.0.0.1:55530 - R:localhost/127.0.0.1:39956] for POST '/session/442d227f837f69f00d6aca8af2dc9f82/execute/sync'
20:20:44.633 [AsyncHttpClient-1-21] DEBUG org.asynchttpclient.netty.handler.HttpHandler - 

Request DefaultHttpRequest(decodeResult: success, version: HTTP/1.1)
POST /session/442d227f837f69f00d6aca8af2dc9f82/execute/sync HTTP/1.1
User-Agent: selenium/4.8.1 (java windows)
Content-Length: 176
Content-Type: application/json; charset=utf-8
host: localhost:39956
accept: */*

Response DefaultHttpResponse(decodeResult: success, version: HTTP/1.1)
HTTP/1.1 200 OK
Content-Length: 21780
Content-Type: application/json; charset=utf-8
cache-control: no-cache

20:20:44.633 [AsyncHttpClient-1-21] DEBUG org.asynchttpclient.netty.channel.ChannelManager - Adding key: http://localhost:39956 for channel [id: 0xd2d11674, L:/127.0.0.1:55530 - R:localhost/127.0.0.1:39956]
20:20:44.634 [Forwarding getCurrentUrl on session 442d227f837f69f00d6aca8af2dc9f82 to remote] DEBUG org.asynchttpclient.netty.request.NettyRequestSender - Using pooled Channel '[id: 0xd2d11674, L:/127.0.0.1:55530 - R:localhost/127.0.0.1:39956]' for 'GET' to 'http://localhost:39956/session/442d227f837f69f00d6aca8af2dc9f82/url'
20:20:44.634 [Forwarding getCurrentUrl on session 442d227f837f69f00d6aca8af2dc9f82 to remote] DEBUG org.asynchttpclient.netty.request.NettyRequestSender - Using open Channel [id: 0xd2d11674, L:/127.0.0.1:55530 - R:localhost/127.0.0.1:39956] for GET '/session/442d227f837f69f00d6aca8af2dc9f82/url'
20:20:44.640 [AsyncHttpClient-1-21] DEBUG org.asynchttpclient.netty.handler.HttpHandler - 

Request DefaultFullHttpRequest(decodeResult: success, version: HTTP/1.1, content: EmptyByteBufBE)
GET /session/442d227f837f69f00d6aca8af2dc9f82/url HTTP/1.1
User-Agent: selenium/4.8.1 (java windows)
Cache-Control: no-cache
Content-Type: application/json; charset=utf-8
host: localhost:39956
accept: */*

Response DefaultHttpResponse(decodeResult: success, version: HTTP/1.1)
HTTP/1.1 200 OK
Content-Length: 51
Content-Type: application/json; charset=utf-8
cache-control: no-cache

20:20:44.640 [AsyncHttpClient-1-21] DEBUG org.asynchttpclient.netty.channel.ChannelManager - Adding key: http://localhost:39956 for channel [id: 0xd2d11674, L:/127.0.0.1:55530 - R:localhost/127.0.0.1:39956]
20:20:44.642 [main] DEBUG net.thucydides.core.steps.StepInterceptor - STARTING STEP: LogoutSteps.onTheHomePage - inputPassword
20:20:44.644 [Forwarding findElement on session 442d227f837f69f00d6aca8af2dc9f82 to remote] DEBUG org.asynchttpclient.netty.request.NettyRequestSender - Using pooled Channel '[id: 0xd2d11674, L:/127.0.0.1:55530 - R:localhost/127.0.0.1:39956]' for 'POST' to 'http://localhost:39956/session/442d227f837f69f00d6aca8af2dc9f82/element'
20:20:44.644 [Forwarding findElement on session 442d227f837f69f00d6aca8af2dc9f82 to remote] DEBUG org.asynchttpclient.netty.request.NettyRequestSender - Using open Channel [id: 0xd2d11674, L:/127.0.0.1:55530 - R:localhost/127.0.0.1:39956] for POST '/session/442d227f837f69f00d6aca8af2dc9f82/element'
20:20:44.657 [AsyncHttpClient-1-21] DEBUG org.asynchttpclient.netty.handler.HttpHandler - 

Request DefaultHttpRequest(decodeResult: success, version: HTTP/1.1)
POST /session/442d227f837f69f00d6aca8af2dc9f82/element HTTP/1.1
User-Agent: selenium/4.8.1 (java windows)
Content-Length: 55
Content-Type: application/json; charset=utf-8
host: localhost:39956
accept: */*

Response DefaultHttpResponse(decodeResult: success, version: HTTP/1.1)
HTTP/1.1 200 OK
Content-Length: 88
Content-Type: application/json; charset=utf-8
cache-control: no-cache

20:20:44.658 [AsyncHttpClient-1-21] DEBUG org.asynchttpclient.netty.channel.ChannelManager - Adding key: http://localhost:39956 for channel [id: 0xd2d11674, L:/127.0.0.1:55530 - R:localhost/127.0.0.1:39956]
20:20:44.659 [Forwarding clearElement on session 442d227f837f69f00d6aca8af2dc9f82 to remote] DEBUG org.asynchttpclient.netty.request.NettyRequestSender - Using pooled Channel '[id: 0xd2d11674, L:/127.0.0.1:55530 - R:localhost/127.0.0.1:39956]' for 'POST' to 'http://localhost:39956/session/442d227f837f69f00d6aca8af2dc9f82/element/2177ee71-f063-41e0-9afa-b37318c91635/clear'
20:20:44.659 [Forwarding clearElement on session 442d227f837f69f00d6aca8af2dc9f82 to remote] DEBUG org.asynchttpclient.netty.request.NettyRequestSender - Using open Channel [id: 0xd2d11674, L:/127.0.0.1:55530 - R:localhost/127.0.0.1:39956] for POST '/session/442d227f837f69f00d6aca8af2dc9f82/element/2177ee71-f063-41e0-9afa-b37318c91635/clear'
20:20:44.708 [AsyncHttpClient-1-21] DEBUG org.asynchttpclient.netty.handler.HttpHandler - 

Request DefaultHttpRequest(decodeResult: success, version: HTTP/1.1)
POST /session/442d227f837f69f00d6aca8af2dc9f82/element/2177ee71-f063-41e0-9afa-b37318c91635/clear HTTP/1.1
User-Agent: selenium/4.8.1 (java windows)
Content-Length: 50
Content-Type: application/json; charset=utf-8
host: localhost:39956
accept: */*

Response DefaultHttpResponse(decodeResult: success, version: HTTP/1.1)
HTTP/1.1 200 OK
Content-Length: 14
Content-Type: application/json; charset=utf-8
cache-control: no-cache

20:20:44.708 [AsyncHttpClient-1-21] DEBUG org.asynchttpclient.netty.channel.ChannelManager - Adding key: http://localhost:39956 for channel [id: 0xd2d11674, L:/127.0.0.1:55530 - R:localhost/127.0.0.1:39956]
20:20:44.709 [Forwarding sendKeysToElement on session 442d227f837f69f00d6aca8af2dc9f82 to remote] DEBUG org.asynchttpclient.netty.request.NettyRequestSender - Using pooled Channel '[id: 0xd2d11674, L:/127.0.0.1:55530 - R:localhost/127.0.0.1:39956]' for 'POST' to 'http://localhost:39956/session/442d227f837f69f00d6aca8af2dc9f82/element/2177ee71-f063-41e0-9afa-b37318c91635/value'
20:20:44.709 [Forwarding sendKeysToElement on session 442d227f837f69f00d6aca8af2dc9f82 to remote] DEBUG org.asynchttpclient.netty.request.NettyRequestSender - Using open Channel [id: 0xd2d11674, L:/127.0.0.1:55530 - R:localhost/127.0.0.1:39956] for POST '/session/442d227f837f69f00d6aca8af2dc9f82/element/2177ee71-f063-41e0-9afa-b37318c91635/value'
20:20:44.773 [AsyncHttpClient-1-21] DEBUG org.asynchttpclient.netty.handler.HttpHandler - 

Request DefaultHttpRequest(decodeResult: success, version: HTTP/1.1)
POST /session/442d227f837f69f00d6aca8af2dc9f82/element/2177ee71-f063-41e0-9afa-b37318c91635/value HTTP/1.1
User-Agent: selenium/4.8.1 (java windows)
Content-Length: 141
Content-Type: application/json; charset=utf-8
host: localhost:39956
accept: */*

Response DefaultHttpResponse(decodeResult: success, version: HTTP/1.1)
HTTP/1.1 200 OK
Content-Length: 14
Content-Type: application/json; charset=utf-8
cache-control: no-cache

20:20:44.773 [AsyncHttpClient-1-21] DEBUG org.asynchttpclient.netty.channel.ChannelManager - Adding key: http://localhost:39956 for channel [id: 0xd2d11674, L:/127.0.0.1:55530 - R:localhost/127.0.0.1:39956]
20:20:44.778 [Forwarding getAlertText on session 442d227f837f69f00d6aca8af2dc9f82 to remote] DEBUG org.asynchttpclient.netty.request.NettyRequestSender - Using pooled Channel '[id: 0xd2d11674, L:/127.0.0.1:55530 - R:localhost/127.0.0.1:39956]' for 'GET' to 'http://localhost:39956/session/442d227f837f69f00d6aca8af2dc9f82/alert/text'
20:20:44.778 [Forwarding getAlertText on session 442d227f837f69f00d6aca8af2dc9f82 to remote] DEBUG org.asynchttpclient.netty.request.NettyRequestSender - Using open Channel [id: 0xd2d11674, L:/127.0.0.1:55530 - R:localhost/127.0.0.1:39956] for GET '/session/442d227f837f69f00d6aca8af2dc9f82/alert/text'
20:20:44.781 [AsyncHttpClient-1-21] DEBUG org.asynchttpclient.netty.handler.HttpHandler - 

Request DefaultFullHttpRequest(decodeResult: success, version: HTTP/1.1, content: EmptyByteBufBE)
GET /session/442d227f837f69f00d6aca8af2dc9f82/alert/text HTTP/1.1
User-Agent: selenium/4.8.1 (java windows)
Cache-Control: no-cache
Content-Type: application/json; charset=utf-8
host: localhost:39956
accept: */*

Response DefaultHttpResponse(decodeResult: success, version: HTTP/1.1)
HTTP/1.1 404 Not Found
Content-Length: 836
Content-Type: application/json; charset=utf-8
cache-control: no-cache

20:20:44.781 [AsyncHttpClient-1-21] DEBUG org.asynchttpclient.netty.channel.ChannelManager - Adding key: http://localhost:39956 for channel [id: 0xd2d11674, L:/127.0.0.1:55530 - R:localhost/127.0.0.1:39956]
20:20:44.781 [Forwarding getCurrentUrl on session 442d227f837f69f00d6aca8af2dc9f82 to remote] DEBUG org.asynchttpclient.netty.request.NettyRequestSender - Using pooled Channel '[id: 0xd2d11674, L:/127.0.0.1:55530 - R:localhost/127.0.0.1:39956]' for 'GET' to 'http://localhost:39956/session/442d227f837f69f00d6aca8af2dc9f82/url'
20:20:44.781 [Forwarding getCurrentUrl on session 442d227f837f69f00d6aca8af2dc9f82 to remote] DEBUG org.asynchttpclient.netty.request.NettyRequestSender - Using open Channel [id: 0xd2d11674, L:/127.0.0.1:55530 - R:localhost/127.0.0.1:39956] for GET '/session/442d227f837f69f00d6aca8af2dc9f82/url'
20:20:44.783 [AsyncHttpClient-1-21] DEBUG org.asynchttpclient.netty.handler.HttpHandler - 

Request DefaultFullHttpRequest(decodeResult: success, version: HTTP/1.1, content: EmptyByteBufBE)
GET /session/442d227f837f69f00d6aca8af2dc9f82/url HTTP/1.1
User-Agent: selenium/4.8.1 (java windows)
Cache-Control: no-cache
Content-Type: application/json; charset=utf-8
host: localhost:39956
accept: */*

Response DefaultHttpResponse(decodeResult: success, version: HTTP/1.1)
HTTP/1.1 200 OK
Content-Length: 51
Content-Type: application/json; charset=utf-8
cache-control: no-cache

20:20:44.783 [AsyncHttpClient-1-21] DEBUG org.asynchttpclient.netty.channel.ChannelManager - Adding key: http://localhost:39956 for channel [id: 0xd2d11674, L:/127.0.0.1:55530 - R:localhost/127.0.0.1:39956]
20:20:44.784 [Forwarding screenshot on session 442d227f837f69f00d6aca8af2dc9f82 to remote] DEBUG org.asynchttpclient.netty.request.NettyRequestSender - Using pooled Channel '[id: 0xd2d11674, L:/127.0.0.1:55530 - R:localhost/127.0.0.1:39956]' for 'GET' to 'http://localhost:39956/session/442d227f837f69f00d6aca8af2dc9f82/screenshot'
20:20:44.784 [Forwarding screenshot on session 442d227f837f69f00d6aca8af2dc9f82 to remote] DEBUG org.asynchttpclient.netty.request.NettyRequestSender - Using open Channel [id: 0xd2d11674, L:/127.0.0.1:55530 - R:localhost/127.0.0.1:39956] for GET '/session/442d227f837f69f00d6aca8af2dc9f82/screenshot'
20:20:44.867 [AsyncHttpClient-1-21] DEBUG org.asynchttpclient.netty.handler.HttpHandler - 

Request DefaultFullHttpRequest(decodeResult: success, version: HTTP/1.1, content: EmptyByteBufBE)
GET /session/442d227f837f69f00d6aca8af2dc9f82/screenshot HTTP/1.1
User-Agent: selenium/4.8.1 (java windows)
Cache-Control: no-cache
Content-Type: application/json; charset=utf-8
host: localhost:39956
accept: */*

Response DefaultHttpResponse(decodeResult: success, version: HTTP/1.1)
HTTP/1.1 200 OK
Content-Length: 30844
Content-Type: application/json; charset=utf-8
cache-control: no-cache

20:20:44.867 [AsyncHttpClient-1-21] DEBUG org.asynchttpclient.netty.channel.ChannelManager - Adding key: http://localhost:39956 for channel [id: 0xd2d11674, L:/127.0.0.1:55530 - R:localhost/127.0.0.1:39956]
20:20:44.868 [main] DEBUG net.serenitybdd.core.photography.Darkroom - Send negative for processing for target\site\serenity\90758cad793c073e4eb850ee488b36c9151af76528081a1799d331c76c74237a.png
20:20:44.868 [main] DEBUG net.thucydides.core.steps.StepInterceptor - STEP DONE: inputPassword
20:20:44.869 [Darkroom Processing Line] DEBUG net.serenitybdd.core.photography.DarkroomProcessingLine - Processing screenshot image in /var/screenshots/screenshot-13916597498222089824
20:20:44.869 [Darkroom Processing Line] DEBUG net.serenitybdd.core.photography.DarkroomProcessingLine - Saving screenshot to target\site\serenity\90758cad793c073e4eb850ee488b36c9151af76528081a1799d331c76c74237a.png
20:20:44.872 [Forwarding getPageSource on session 442d227f837f69f00d6aca8af2dc9f82 to remote] DEBUG org.asynchttpclient.netty.request.NettyRequestSender - Using pooled Channel '[id: 0xd2d11674, L:/127.0.0.1:55530 - R:localhost/127.0.0.1:39956]' for 'POST' to 'http://localhost:39956/session/442d227f837f69f00d6aca8af2dc9f82/execute/sync'
20:20:44.872 [Forwarding getPageSource on session 442d227f837f69f00d6aca8af2dc9f82 to remote] DEBUG org.asynchttpclient.netty.request.NettyRequestSender - Using open Channel [id: 0xd2d11674, L:/127.0.0.1:55530 - R:localhost/127.0.0.1:39956] for POST '/session/442d227f837f69f00d6aca8af2dc9f82/execute/sync'
20:20:44.876 [AsyncHttpClient-1-21] DEBUG org.asynchttpclient.netty.handler.HttpHandler - 

Request DefaultHttpRequest(decodeResult: success, version: HTTP/1.1)
POST /session/442d227f837f69f00d6aca8af2dc9f82/execute/sync HTTP/1.1
User-Agent: selenium/4.8.1 (java windows)
Content-Length: 176
Content-Type: application/json; charset=utf-8
host: localhost:39956
accept: */*

Response DefaultHttpResponse(decodeResult: success, version: HTTP/1.1)
HTTP/1.1 200 OK
Content-Length: 21839
Content-Type: application/json; charset=utf-8
cache-control: no-cache

20:20:44.876 [AsyncHttpClient-1-21] DEBUG org.asynchttpclient.netty.channel.ChannelManager - Adding key: http://localhost:39956 for channel [id: 0xd2d11674, L:/127.0.0.1:55530 - R:localhost/127.0.0.1:39956]
20:20:44.878 [Forwarding getCurrentUrl on session 442d227f837f69f00d6aca8af2dc9f82 to remote] DEBUG org.asynchttpclient.netty.request.NettyRequestSender - Using pooled Channel '[id: 0xd2d11674, L:/127.0.0.1:55530 - R:localhost/127.0.0.1:39956]' for 'GET' to 'http://localhost:39956/session/442d227f837f69f00d6aca8af2dc9f82/url'
20:20:44.878 [Forwarding getCurrentUrl on session 442d227f837f69f00d6aca8af2dc9f82 to remote] DEBUG org.asynchttpclient.netty.request.NettyRequestSender - Using open Channel [id: 0xd2d11674, L:/127.0.0.1:55530 - R:localhost/127.0.0.1:39956] for GET '/session/442d227f837f69f00d6aca8af2dc9f82/url'
20:20:44.880 [AsyncHttpClient-1-21] DEBUG org.asynchttpclient.netty.handler.HttpHandler - 

Request DefaultFullHttpRequest(decodeResult: success, version: HTTP/1.1, content: EmptyByteBufBE)
GET /session/442d227f837f69f00d6aca8af2dc9f82/url HTTP/1.1
User-Agent: selenium/4.8.1 (java windows)
Cache-Control: no-cache
Content-Type: application/json; charset=utf-8
host: localhost:39956
accept: */*

Response DefaultHttpResponse(decodeResult: success, version: HTTP/1.1)
HTTP/1.1 200 OK
Content-Length: 51
Content-Type: application/json; charset=utf-8
cache-control: no-cache

20:20:44.880 [AsyncHttpClient-1-21] DEBUG org.asynchttpclient.netty.channel.ChannelManager - Adding key: http://localhost:39956 for channel [id: 0xd2d11674, L:/127.0.0.1:55530 - R:localhost/127.0.0.1:39956]
20:20:44.881 [main] DEBUG net.thucydides.core.steps.StepInterceptor - STARTING STEP: LogoutSteps.onTheHomePage - clickLoginButton
20:20:44.883 [Forwarding findElement on session 442d227f837f69f00d6aca8af2dc9f82 to remote] DEBUG org.asynchttpclient.netty.request.NettyRequestSender - Using pooled Channel '[id: 0xd2d11674, L:/127.0.0.1:55530 - R:localhost/127.0.0.1:39956]' for 'POST' to 'http://localhost:39956/session/442d227f837f69f00d6aca8af2dc9f82/element'
20:20:44.883 [Forwarding findElement on session 442d227f837f69f00d6aca8af2dc9f82 to remote] DEBUG org.asynchttpclient.netty.request.NettyRequestSender - Using open Channel [id: 0xd2d11674, L:/127.0.0.1:55530 - R:localhost/127.0.0.1:39956] for POST '/session/442d227f837f69f00d6aca8af2dc9f82/element'
20:20:44.891 [AsyncHttpClient-1-21] DEBUG org.asynchttpclient.netty.handler.HttpHandler - 

Request DefaultHttpRequest(decodeResult: success, version: HTTP/1.1)
POST /session/442d227f837f69f00d6aca8af2dc9f82/element HTTP/1.1
User-Agent: selenium/4.8.1 (java windows)
Content-Length: 71
Content-Type: application/json; charset=utf-8
host: localhost:39956
accept: */*

Response DefaultHttpResponse(decodeResult: success, version: HTTP/1.1)
HTTP/1.1 200 OK
Content-Length: 88
Content-Type: application/json; charset=utf-8
cache-control: no-cache

20:20:44.891 [AsyncHttpClient-1-21] DEBUG org.asynchttpclient.netty.channel.ChannelManager - Adding key: http://localhost:39956 for channel [id: 0xd2d11674, L:/127.0.0.1:55530 - R:localhost/127.0.0.1:39956]
20:20:44.892 [Forwarding getElementTagName on session 442d227f837f69f00d6aca8af2dc9f82 to remote] DEBUG org.asynchttpclient.netty.request.NettyRequestSender - Using pooled Channel '[id: 0xd2d11674, L:/127.0.0.1:55530 - R:localhost/127.0.0.1:39956]' for 'GET' to 'http://localhost:39956/session/442d227f837f69f00d6aca8af2dc9f82/element/b2aca711-e04f-4fa8-aee3-fe7abe518c40/name'
20:20:44.892 [Forwarding getElementTagName on session 442d227f837f69f00d6aca8af2dc9f82 to remote] DEBUG org.asynchttpclient.netty.request.NettyRequestSender - Using open Channel [id: 0xd2d11674, L:/127.0.0.1:55530 - R:localhost/127.0.0.1:39956] for GET '/session/442d227f837f69f00d6aca8af2dc9f82/element/b2aca711-e04f-4fa8-aee3-fe7abe518c40/name'
20:20:44.894 [AsyncHttpClient-1-21] DEBUG org.asynchttpclient.netty.handler.HttpHandler - 

Request DefaultFullHttpRequest(decodeResult: success, version: HTTP/1.1, content: EmptyByteBufBE)
GET /session/442d227f837f69f00d6aca8af2dc9f82/element/b2aca711-e04f-4fa8-aee3-fe7abe518c40/name HTTP/1.1
User-Agent: selenium/4.8.1 (java windows)
Cache-Control: no-cache
Content-Type: application/json; charset=utf-8
host: localhost:39956
accept: */*

Response DefaultHttpResponse(decodeResult: success, version: HTTP/1.1)
HTTP/1.1 200 OK
Content-Length: 18
Content-Type: application/json; charset=utf-8
cache-control: no-cache

20:20:44.894 [AsyncHttpClient-1-21] DEBUG org.asynchttpclient.netty.channel.ChannelManager - Adding key: http://localhost:39956 for channel [id: 0xd2d11674, L:/127.0.0.1:55530 - R:localhost/127.0.0.1:39956]
20:20:44.895 [Forwarding getElementTagName on session 442d227f837f69f00d6aca8af2dc9f82 to remote] DEBUG org.asynchttpclient.netty.request.NettyRequestSender - Using pooled Channel '[id: 0xd2d11674, L:/127.0.0.1:55530 - R:localhost/127.0.0.1:39956]' for 'GET' to 'http://localhost:39956/session/442d227f837f69f00d6aca8af2dc9f82/element/b2aca711-e04f-4fa8-aee3-fe7abe518c40/name'
20:20:44.895 [Forwarding getElementTagName on session 442d227f837f69f00d6aca8af2dc9f82 to remote] DEBUG org.asynchttpclient.netty.request.NettyRequestSender - Using open Channel [id: 0xd2d11674, L:/127.0.0.1:55530 - R:localhost/127.0.0.1:39956] for GET '/session/442d227f837f69f00d6aca8af2dc9f82/element/b2aca711-e04f-4fa8-aee3-fe7abe518c40/name'
20:20:44.898 [AsyncHttpClient-1-21] DEBUG org.asynchttpclient.netty.handler.HttpHandler - 

Request DefaultFullHttpRequest(decodeResult: success, version: HTTP/1.1, content: EmptyByteBufBE)
GET /session/442d227f837f69f00d6aca8af2dc9f82/element/b2aca711-e04f-4fa8-aee3-fe7abe518c40/name HTTP/1.1
User-Agent: selenium/4.8.1 (java windows)
Cache-Control: no-cache
Content-Type: application/json; charset=utf-8
host: localhost:39956
accept: */*

Response DefaultHttpResponse(decodeResult: success, version: HTTP/1.1)
HTTP/1.1 200 OK
Content-Length: 18
Content-Type: application/json; charset=utf-8
cache-control: no-cache

20:20:44.899 [AsyncHttpClient-1-21] DEBUG org.asynchttpclient.netty.channel.ChannelManager - Adding key: http://localhost:39956 for channel [id: 0xd2d11674, L:/127.0.0.1:55530 - R:localhost/127.0.0.1:39956]
20:20:44.899 [Forwarding isElementEnabled on session 442d227f837f69f00d6aca8af2dc9f82 to remote] DEBUG org.asynchttpclient.netty.request.NettyRequestSender - Using pooled Channel '[id: 0xd2d11674, L:/127.0.0.1:55530 - R:localhost/127.0.0.1:39956]' for 'GET' to 'http://localhost:39956/session/442d227f837f69f00d6aca8af2dc9f82/element/b2aca711-e04f-4fa8-aee3-fe7abe518c40/enabled'
20:20:44.899 [Forwarding isElementEnabled on session 442d227f837f69f00d6aca8af2dc9f82 to remote] DEBUG org.asynchttpclient.netty.request.NettyRequestSender - Using open Channel [id: 0xd2d11674, L:/127.0.0.1:55530 - R:localhost/127.0.0.1:39956] for GET '/session/442d227f837f69f00d6aca8af2dc9f82/element/b2aca711-e04f-4fa8-aee3-fe7abe518c40/enabled'
20:20:44.905 [AsyncHttpClient-1-21] DEBUG org.asynchttpclient.netty.handler.HttpHandler - 

Request DefaultFullHttpRequest(decodeResult: success, version: HTTP/1.1, content: EmptyByteBufBE)
GET /session/442d227f837f69f00d6aca8af2dc9f82/element/b2aca711-e04f-4fa8-aee3-fe7abe518c40/enabled HTTP/1.1
User-Agent: selenium/4.8.1 (java windows)
Cache-Control: no-cache
Content-Type: application/json; charset=utf-8
host: localhost:39956
accept: */*

Response DefaultHttpResponse(decodeResult: success, version: HTTP/1.1)
HTTP/1.1 200 OK
Content-Length: 14
Content-Type: application/json; charset=utf-8
cache-control: no-cache

20:20:44.905 [AsyncHttpClient-1-21] DEBUG org.asynchttpclient.netty.channel.ChannelManager - Adding key: http://localhost:39956 for channel [id: 0xd2d11674, L:/127.0.0.1:55530 - R:localhost/127.0.0.1:39956]
20:20:44.906 [Forwarding isElementEnabled on session 442d227f837f69f00d6aca8af2dc9f82 to remote] DEBUG org.asynchttpclient.netty.request.NettyRequestSender - Using pooled Channel '[id: 0xd2d11674, L:/127.0.0.1:55530 - R:localhost/127.0.0.1:39956]' for 'GET' to 'http://localhost:39956/session/442d227f837f69f00d6aca8af2dc9f82/element/b2aca711-e04f-4fa8-aee3-fe7abe518c40/enabled'
20:20:44.906 [Forwarding isElementEnabled on session 442d227f837f69f00d6aca8af2dc9f82 to remote] DEBUG org.asynchttpclient.netty.request.NettyRequestSender - Using open Channel [id: 0xd2d11674, L:/127.0.0.1:55530 - R:localhost/127.0.0.1:39956] for GET '/session/442d227f837f69f00d6aca8af2dc9f82/element/b2aca711-e04f-4fa8-aee3-fe7abe518c40/enabled'
20:20:44.910 [AsyncHttpClient-1-21] DEBUG org.asynchttpclient.netty.handler.HttpHandler - 

Request DefaultFullHttpRequest(decodeResult: success, version: HTTP/1.1, content: EmptyByteBufBE)
GET /session/442d227f837f69f00d6aca8af2dc9f82/element/b2aca711-e04f-4fa8-aee3-fe7abe518c40/enabled HTTP/1.1
User-Agent: selenium/4.8.1 (java windows)
Cache-Control: no-cache
Content-Type: application/json; charset=utf-8
host: localhost:39956
accept: */*

Response DefaultHttpResponse(decodeResult: success, version: HTTP/1.1)
HTTP/1.1 200 OK
Content-Length: 14
Content-Type: application/json; charset=utf-8
cache-control: no-cache

20:20:44.910 [AsyncHttpClient-1-21] DEBUG org.asynchttpclient.netty.channel.ChannelManager - Adding key: http://localhost:39956 for channel [id: 0xd2d11674, L:/127.0.0.1:55530 - R:localhost/127.0.0.1:39956]
20:20:44.911 [Forwarding findElement on session 442d227f837f69f00d6aca8af2dc9f82 to remote] DEBUG org.asynchttpclient.netty.request.NettyRequestSender - Using pooled Channel '[id: 0xd2d11674, L:/127.0.0.1:55530 - R:localhost/127.0.0.1:39956]' for 'POST' to 'http://localhost:39956/session/442d227f837f69f00d6aca8af2dc9f82/element'
20:20:44.911 [Forwarding findElement on session 442d227f837f69f00d6aca8af2dc9f82 to remote] DEBUG org.asynchttpclient.netty.request.NettyRequestSender - Using open Channel [id: 0xd2d11674, L:/127.0.0.1:55530 - R:localhost/127.0.0.1:39956] for POST '/session/442d227f837f69f00d6aca8af2dc9f82/element'
20:20:44.915 [AsyncHttpClient-1-21] DEBUG org.asynchttpclient.netty.handler.HttpHandler - 

Request DefaultHttpRequest(decodeResult: success, version: HTTP/1.1)
POST /session/442d227f837f69f00d6aca8af2dc9f82/element HTTP/1.1
User-Agent: selenium/4.8.1 (java windows)
Content-Length: 71
Content-Type: application/json; charset=utf-8
host: localhost:39956
accept: */*

Response DefaultHttpResponse(decodeResult: success, version: HTTP/1.1)
HTTP/1.1 200 OK
Content-Length: 88
Content-Type: application/json; charset=utf-8
cache-control: no-cache

20:20:44.915 [AsyncHttpClient-1-21] DEBUG org.asynchttpclient.netty.channel.ChannelManager - Adding key: http://localhost:39956 for channel [id: 0xd2d11674, L:/127.0.0.1:55530 - R:localhost/127.0.0.1:39956]
20:20:44.916 [Forwarding clickElement on session 442d227f837f69f00d6aca8af2dc9f82 to remote] DEBUG org.asynchttpclient.netty.request.NettyRequestSender - Using pooled Channel '[id: 0xd2d11674, L:/127.0.0.1:55530 - R:localhost/127.0.0.1:39956]' for 'POST' to 'http://localhost:39956/session/442d227f837f69f00d6aca8af2dc9f82/element/b2aca711-e04f-4fa8-aee3-fe7abe518c40/click'
20:20:44.916 [Forwarding clickElement on session 442d227f837f69f00d6aca8af2dc9f82 to remote] DEBUG org.asynchttpclient.netty.request.NettyRequestSender - Using open Channel [id: 0xd2d11674, L:/127.0.0.1:55530 - R:localhost/127.0.0.1:39956] for POST '/session/442d227f837f69f00d6aca8af2dc9f82/element/b2aca711-e04f-4fa8-aee3-fe7abe518c40/click'
20:20:44.952 [AsyncHttpClient-1-21] DEBUG org.asynchttpclient.netty.handler.HttpHandler - 

Request DefaultHttpRequest(decodeResult: success, version: HTTP/1.1)
POST /session/442d227f837f69f00d6aca8af2dc9f82/element/b2aca711-e04f-4fa8-aee3-fe7abe518c40/click HTTP/1.1
User-Agent: selenium/4.8.1 (java windows)
Content-Length: 50
Content-Type: application/json; charset=utf-8
host: localhost:39956
accept: */*

Response DefaultHttpResponse(decodeResult: success, version: HTTP/1.1)
HTTP/1.1 200 OK
Content-Length: 14
Content-Type: application/json; charset=utf-8
cache-control: no-cache

20:20:44.952 [AsyncHttpClient-1-21] DEBUG org.asynchttpclient.netty.channel.ChannelManager - Adding key: http://localhost:39956 for channel [id: 0xd2d11674, L:/127.0.0.1:55530 - R:localhost/127.0.0.1:39956]
20:20:44.956 [Forwarding getAlertText on session 442d227f837f69f00d6aca8af2dc9f82 to remote] DEBUG org.asynchttpclient.netty.request.NettyRequestSender - Using pooled Channel '[id: 0xd2d11674, L:/127.0.0.1:55530 - R:localhost/127.0.0.1:39956]' for 'GET' to 'http://localhost:39956/session/442d227f837f69f00d6aca8af2dc9f82/alert/text'
20:20:44.956 [Forwarding getAlertText on session 442d227f837f69f00d6aca8af2dc9f82 to remote] DEBUG org.asynchttpclient.netty.request.NettyRequestSender - Using open Channel [id: 0xd2d11674, L:/127.0.0.1:55530 - R:localhost/127.0.0.1:39956] for GET '/session/442d227f837f69f00d6aca8af2dc9f82/alert/text'
20:20:44.958 [AsyncHttpClient-1-21] DEBUG org.asynchttpclient.netty.handler.HttpHandler - 

Request DefaultFullHttpRequest(decodeResult: success, version: HTTP/1.1, content: EmptyByteBufBE)
GET /session/442d227f837f69f00d6aca8af2dc9f82/alert/text HTTP/1.1
User-Agent: selenium/4.8.1 (java windows)
Cache-Control: no-cache
Content-Type: application/json; charset=utf-8
host: localhost:39956
accept: */*

Response DefaultHttpResponse(decodeResult: success, version: HTTP/1.1)
HTTP/1.1 404 Not Found
Content-Length: 836
Content-Type: application/json; charset=utf-8
cache-control: no-cache

20:20:44.958 [AsyncHttpClient-1-21] DEBUG org.asynchttpclient.netty.channel.ChannelManager - Adding key: http://localhost:39956 for channel [id: 0xd2d11674, L:/127.0.0.1:55530 - R:localhost/127.0.0.1:39956]
20:20:44.959 [Forwarding getCurrentUrl on session 442d227f837f69f00d6aca8af2dc9f82 to remote] DEBUG org.asynchttpclient.netty.request.NettyRequestSender - Using pooled Channel '[id: 0xd2d11674, L:/127.0.0.1:55530 - R:localhost/127.0.0.1:39956]' for 'GET' to 'http://localhost:39956/session/442d227f837f69f00d6aca8af2dc9f82/url'
20:20:44.959 [Forwarding getCurrentUrl on session 442d227f837f69f00d6aca8af2dc9f82 to remote] DEBUG org.asynchttpclient.netty.request.NettyRequestSender - Using open Channel [id: 0xd2d11674, L:/127.0.0.1:55530 - R:localhost/127.0.0.1:39956] for GET '/session/442d227f837f69f00d6aca8af2dc9f82/url'
20:20:44.962 [AsyncHttpClient-1-21] DEBUG org.asynchttpclient.netty.handler.HttpHandler - 

Request DefaultFullHttpRequest(decodeResult: success, version: HTTP/1.1, content: EmptyByteBufBE)
GET /session/442d227f837f69f00d6aca8af2dc9f82/url HTTP/1.1
User-Agent: selenium/4.8.1 (java windows)
Cache-Control: no-cache
Content-Type: application/json; charset=utf-8
host: localhost:39956
accept: */*

Response DefaultHttpResponse(decodeResult: success, version: HTTP/1.1)
HTTP/1.1 200 OK
Content-Length: 51
Content-Type: application/json; charset=utf-8
cache-control: no-cache

20:20:44.962 [AsyncHttpClient-1-21] DEBUG org.asynchttpclient.netty.channel.ChannelManager - Adding key: http://localhost:39956 for channel [id: 0xd2d11674, L:/127.0.0.1:55530 - R:localhost/127.0.0.1:39956]
20:20:44.962 [Forwarding screenshot on session 442d227f837f69f00d6aca8af2dc9f82 to remote] DEBUG org.asynchttpclient.netty.request.NettyRequestSender - Using pooled Channel '[id: 0xd2d11674, L:/127.0.0.1:55530 - R:localhost/127.0.0.1:39956]' for 'GET' to 'http://localhost:39956/session/442d227f837f69f00d6aca8af2dc9f82/screenshot'
20:20:44.962 [Forwarding screenshot on session 442d227f837f69f00d6aca8af2dc9f82 to remote] DEBUG org.asynchttpclient.netty.request.NettyRequestSender - Using open Channel [id: 0xd2d11674, L:/127.0.0.1:55530 - R:localhost/127.0.0.1:39956] for GET '/session/442d227f837f69f00d6aca8af2dc9f82/screenshot'
20:20:45.058 [AsyncHttpClient-1-21] DEBUG org.asynchttpclient.netty.handler.HttpHandler - 

Request DefaultFullHttpRequest(decodeResult: success, version: HTTP/1.1, content: EmptyByteBufBE)
GET /session/442d227f837f69f00d6aca8af2dc9f82/screenshot HTTP/1.1
User-Agent: selenium/4.8.1 (java windows)
Cache-Control: no-cache
Content-Type: application/json; charset=utf-8
host: localhost:39956
accept: */*

Response DefaultHttpResponse(decodeResult: success, version: HTTP/1.1)
HTTP/1.1 200 OK
Content-Length: 30552
Content-Type: application/json; charset=utf-8
cache-control: no-cache

20:20:45.058 [AsyncHttpClient-1-21] DEBUG org.asynchttpclient.netty.channel.ChannelManager - Adding key: http://localhost:39956 for channel [id: 0xd2d11674, L:/127.0.0.1:55530 - R:localhost/127.0.0.1:39956]
20:20:45.059 [main] DEBUG net.serenitybdd.core.photography.Darkroom - Send negative for processing for target\site\serenity\dca55d6d3233eddbd5c2f0f9a159871fe42a000ec015681511f05173f5dbe1ba.png
20:20:45.059 [main] DEBUG net.thucydides.core.steps.StepInterceptor - STEP DONE: clickLoginButton
20:20:45.059 [Darkroom Processing Line] DEBUG net.serenitybdd.core.photography.DarkroomProcessingLine - Processing screenshot image in /var/screenshots/screenshot-18412543742093831231
20:20:45.059 [Darkroom Processing Line] DEBUG net.serenitybdd.core.photography.DarkroomProcessingLine - Saving screenshot to target\site\serenity\dca55d6d3233eddbd5c2f0f9a159871fe42a000ec015681511f05173f5dbe1ba.png
20:20:45.063 [Forwarding getPageSource on session 442d227f837f69f00d6aca8af2dc9f82 to remote] DEBUG org.asynchttpclient.netty.request.NettyRequestSender - Using pooled Channel '[id: 0xd2d11674, L:/127.0.0.1:55530 - R:localhost/127.0.0.1:39956]' for 'POST' to 'http://localhost:39956/session/442d227f837f69f00d6aca8af2dc9f82/execute/sync'
20:20:45.063 [Forwarding getPageSource on session 442d227f837f69f00d6aca8af2dc9f82 to remote] DEBUG org.asynchttpclient.netty.request.NettyRequestSender - Using open Channel [id: 0xd2d11674, L:/127.0.0.1:55530 - R:localhost/127.0.0.1:39956] for POST '/session/442d227f837f69f00d6aca8af2dc9f82/execute/sync'
20:20:45.067 [AsyncHttpClient-1-21] DEBUG org.asynchttpclient.netty.handler.HttpHandler - 

Request DefaultHttpRequest(decodeResult: success, version: HTTP/1.1)
POST /session/442d227f837f69f00d6aca8af2dc9f82/execute/sync HTTP/1.1
User-Agent: selenium/4.8.1 (java windows)
Content-Length: 176
Content-Type: application/json; charset=utf-8
host: localhost:39956
accept: */*

Response DefaultHttpResponse(decodeResult: success, version: HTTP/1.1)
HTTP/1.1 200 OK
Content-Length: 22119
Content-Type: application/json; charset=utf-8
cache-control: no-cache

20:20:45.067 [AsyncHttpClient-1-21] DEBUG org.asynchttpclient.netty.channel.ChannelManager - Adding key: http://localhost:39956 for channel [id: 0xd2d11674, L:/127.0.0.1:55530 - R:localhost/127.0.0.1:39956]
20:20:45.068 [Forwarding getCurrentUrl on session 442d227f837f69f00d6aca8af2dc9f82 to remote] DEBUG org.asynchttpclient.netty.request.NettyRequestSender - Using pooled Channel '[id: 0xd2d11674, L:/127.0.0.1:55530 - R:localhost/127.0.0.1:39956]' for 'GET' to 'http://localhost:39956/session/442d227f837f69f00d6aca8af2dc9f82/url'
20:20:45.068 [Forwarding getCurrentUrl on session 442d227f837f69f00d6aca8af2dc9f82 to remote] DEBUG org.asynchttpclient.netty.request.NettyRequestSender - Using open Channel [id: 0xd2d11674, L:/127.0.0.1:55530 - R:localhost/127.0.0.1:39956] for GET '/session/442d227f837f69f00d6aca8af2dc9f82/url'
20:20:45.072 [AsyncHttpClient-1-21] DEBUG org.asynchttpclient.netty.handler.HttpHandler - 

Request DefaultFullHttpRequest(decodeResult: success, version: HTTP/1.1, content: EmptyByteBufBE)
GET /session/442d227f837f69f00d6aca8af2dc9f82/url HTTP/1.1
User-Agent: selenium/4.8.1 (java windows)
Cache-Control: no-cache
Content-Type: application/json; charset=utf-8
host: localhost:39956
accept: */*

Response DefaultHttpResponse(decodeResult: success, version: HTTP/1.1)
HTTP/1.1 200 OK
Content-Length: 51
Content-Type: application/json; charset=utf-8
cache-control: no-cache

20:20:45.072 [AsyncHttpClient-1-21] DEBUG org.asynchttpclient.netty.channel.ChannelManager - Adding key: http://localhost:39956 for channel [id: 0xd2d11674, L:/127.0.0.1:55530 - R:localhost/127.0.0.1:39956]
20:20:45.074 [main] DEBUG net.thucydides.core.steps.StepInterceptor - STARTING STEP: LogoutSteps.onTheHomePage - validateOnHomePage
20:20:45.075 [Forwarding findElement on session 442d227f837f69f00d6aca8af2dc9f82 to remote] DEBUG org.asynchttpclient.netty.request.NettyRequestSender - Using pooled Channel '[id: 0xd2d11674, L:/127.0.0.1:55530 - R:localhost/127.0.0.1:39956]' for 'POST' to 'http://localhost:39956/session/442d227f837f69f00d6aca8af2dc9f82/element'
20:20:45.075 [Forwarding findElement on session 442d227f837f69f00d6aca8af2dc9f82 to remote] DEBUG org.asynchttpclient.netty.request.NettyRequestSender - Using open Channel [id: 0xd2d11674, L:/127.0.0.1:55530 - R:localhost/127.0.0.1:39956] for POST '/session/442d227f837f69f00d6aca8af2dc9f82/element'
20:20:45.346 [AsyncHttpClient-1-21] DEBUG org.asynchttpclient.netty.handler.HttpHandler - 

Request DefaultHttpRequest(decodeResult: success, version: HTTP/1.1)
POST /session/442d227f837f69f00d6aca8af2dc9f82/element HTTP/1.1
User-Agent: selenium/4.8.1 (java windows)
Content-Length: 54
Content-Type: application/json; charset=utf-8
host: localhost:39956
accept: */*

Response DefaultHttpResponse(decodeResult: success, version: HTTP/1.1)
HTTP/1.1 200 OK
Content-Length: 88
Content-Type: application/json; charset=utf-8
cache-control: no-cache

20:20:45.346 [AsyncHttpClient-1-21] DEBUG org.asynchttpclient.netty.channel.ChannelManager - Adding key: http://localhost:39956 for channel [id: 0xd2d11674, L:/127.0.0.1:55530 - R:localhost/127.0.0.1:39956]
20:20:45.348 [Forwarding isElementDisplayed on session 442d227f837f69f00d6aca8af2dc9f82 to remote] DEBUG org.asynchttpclient.netty.request.NettyRequestSender - Using pooled Channel '[id: 0xd2d11674, L:/127.0.0.1:55530 - R:localhost/127.0.0.1:39956]' for 'POST' to 'http://localhost:39956/session/442d227f837f69f00d6aca8af2dc9f82/execute/sync'
20:20:45.348 [Forwarding isElementDisplayed on session 442d227f837f69f00d6aca8af2dc9f82 to remote] DEBUG org.asynchttpclient.netty.request.NettyRequestSender - Using open Channel [id: 0xd2d11674, L:/127.0.0.1:55530 - R:localhost/127.0.0.1:39956] for POST '/session/442d227f837f69f00d6aca8af2dc9f82/execute/sync'
20:20:45.358 [AsyncHttpClient-1-21] DEBUG org.asynchttpclient.netty.handler.HttpHandler - 

Request DefaultHttpRequest(decodeResult: success, version: HTTP/1.1)
POST /session/442d227f837f69f00d6aca8af2dc9f82/execute/sync HTTP/1.1
User-Agent: selenium/4.8.1 (java windows)
Content-Length: 48807
Content-Type: application/json; charset=utf-8
host: localhost:39956
accept: */*

Response DefaultHttpResponse(decodeResult: success, version: HTTP/1.1)
HTTP/1.1 200 OK
Content-Length: 14
Content-Type: application/json; charset=utf-8
cache-control: no-cache

20:20:45.359 [AsyncHttpClient-1-21] DEBUG org.asynchttpclient.netty.channel.ChannelManager - Adding key: http://localhost:39956 for channel [id: 0xd2d11674, L:/127.0.0.1:55530 - R:localhost/127.0.0.1:39956]
20:20:45.362 [Forwarding getAlertText on session 442d227f837f69f00d6aca8af2dc9f82 to remote] DEBUG org.asynchttpclient.netty.request.NettyRequestSender - Using pooled Channel '[id: 0xd2d11674, L:/127.0.0.1:55530 - R:localhost/127.0.0.1:39956]' for 'GET' to 'http://localhost:39956/session/442d227f837f69f00d6aca8af2dc9f82/alert/text'
20:20:45.362 [Forwarding getAlertText on session 442d227f837f69f00d6aca8af2dc9f82 to remote] DEBUG org.asynchttpclient.netty.request.NettyRequestSender - Using open Channel [id: 0xd2d11674, L:/127.0.0.1:55530 - R:localhost/127.0.0.1:39956] for GET '/session/442d227f837f69f00d6aca8af2dc9f82/alert/text'
20:20:45.364 [AsyncHttpClient-1-21] DEBUG org.asynchttpclient.netty.handler.HttpHandler - 

Request DefaultFullHttpRequest(decodeResult: success, version: HTTP/1.1, content: EmptyByteBufBE)
GET /session/442d227f837f69f00d6aca8af2dc9f82/alert/text HTTP/1.1
User-Agent: selenium/4.8.1 (java windows)
Cache-Control: no-cache
Content-Type: application/json; charset=utf-8
host: localhost:39956
accept: */*

Response DefaultHttpResponse(decodeResult: success, version: HTTP/1.1)
HTTP/1.1 404 Not Found
Content-Length: 836
Content-Type: application/json; charset=utf-8
cache-control: no-cache

20:20:45.364 [AsyncHttpClient-1-21] DEBUG org.asynchttpclient.netty.channel.ChannelManager - Adding key: http://localhost:39956 for channel [id: 0xd2d11674, L:/127.0.0.1:55530 - R:localhost/127.0.0.1:39956]
20:20:45.364 [Forwarding getCurrentUrl on session 442d227f837f69f00d6aca8af2dc9f82 to remote] DEBUG org.asynchttpclient.netty.request.NettyRequestSender - Using pooled Channel '[id: 0xd2d11674, L:/127.0.0.1:55530 - R:localhost/127.0.0.1:39956]' for 'GET' to 'http://localhost:39956/session/442d227f837f69f00d6aca8af2dc9f82/url'
20:20:45.364 [Forwarding getCurrentUrl on session 442d227f837f69f00d6aca8af2dc9f82 to remote] DEBUG org.asynchttpclient.netty.request.NettyRequestSender - Using open Channel [id: 0xd2d11674, L:/127.0.0.1:55530 - R:localhost/127.0.0.1:39956] for GET '/session/442d227f837f69f00d6aca8af2dc9f82/url'
20:20:45.370 [AsyncHttpClient-1-21] DEBUG org.asynchttpclient.netty.handler.HttpHandler - 

Request DefaultFullHttpRequest(decodeResult: success, version: HTTP/1.1, content: EmptyByteBufBE)
GET /session/442d227f837f69f00d6aca8af2dc9f82/url HTTP/1.1
User-Agent: selenium/4.8.1 (java windows)
Cache-Control: no-cache
Content-Type: application/json; charset=utf-8
host: localhost:39956
accept: */*

Response DefaultHttpResponse(decodeResult: success, version: HTTP/1.1)
HTTP/1.1 200 OK
Content-Length: 41
Content-Type: application/json; charset=utf-8
cache-control: no-cache

20:20:45.370 [AsyncHttpClient-1-21] DEBUG org.asynchttpclient.netty.channel.ChannelManager - Adding key: http://localhost:39956 for channel [id: 0xd2d11674, L:/127.0.0.1:55530 - R:localhost/127.0.0.1:39956]
20:20:45.370 [Forwarding screenshot on session 442d227f837f69f00d6aca8af2dc9f82 to remote] DEBUG org.asynchttpclient.netty.request.NettyRequestSender - Using pooled Channel '[id: 0xd2d11674, L:/127.0.0.1:55530 - R:localhost/127.0.0.1:39956]' for 'GET' to 'http://localhost:39956/session/442d227f837f69f00d6aca8af2dc9f82/screenshot'
20:20:45.370 [Forwarding screenshot on session 442d227f837f69f00d6aca8af2dc9f82 to remote] DEBUG org.asynchttpclient.netty.request.NettyRequestSender - Using open Channel [id: 0xd2d11674, L:/127.0.0.1:55530 - R:localhost/127.0.0.1:39956] for GET '/session/442d227f837f69f00d6aca8af2dc9f82/screenshot'
20:20:45.462 [AsyncHttpClient-1-1] DEBUG org.asynchttpclient.netty.channel.DefaultChannelPool - Entry count for : http://localhost:55532 : 1
20:20:45.897 [AsyncHttpClient-1-21] DEBUG org.asynchttpclient.netty.handler.HttpHandler - 

Request DefaultFullHttpRequest(decodeResult: success, version: HTTP/1.1, content: EmptyByteBufBE)
GET /session/442d227f837f69f00d6aca8af2dc9f82/screenshot HTTP/1.1
User-Agent: selenium/4.8.1 (java windows)
Cache-Control: no-cache
Content-Type: application/json; charset=utf-8
host: localhost:39956
accept: */*

Response DefaultHttpResponse(decodeResult: success, version: HTTP/1.1)
HTTP/1.1 200 OK
Content-Length: 26940
Content-Type: application/json; charset=utf-8
cache-control: no-cache

20:20:45.897 [AsyncHttpClient-1-21] DEBUG org.asynchttpclient.netty.channel.ChannelManager - Adding key: http://localhost:39956 for channel [id: 0xd2d11674, L:/127.0.0.1:55530 - R:localhost/127.0.0.1:39956]
20:20:45.899 [main] DEBUG net.serenitybdd.core.photography.Darkroom - Send negative for processing for target\site\serenity\8d492af4f5417eb1aa32b19b9b7f8842907943a70ad7313c569417ca11930bae.png
20:20:45.899 [main] DEBUG net.thucydides.core.steps.StepInterceptor - STEP DONE: validateOnHomePage
  &amp#27;[32mGiven &amp#27;[0m&amp#27;[32mI am on the alta-shop home page&amp#27;[0m                      &amp#27;[90m# starter.stepdefinitions.LogoutSteps.onTheHomePage()&amp#27;[0m
20:20:45.899 [Darkroom Processing Line] DEBUG net.serenitybdd.core.photography.DarkroomProcessingLine - Processing screenshot image in /var/screenshots/screenshot-4324357308913000638
20:20:45.899 [Darkroom Processing Line] DEBUG net.serenitybdd.core.photography.DarkroomProcessingLine - Saving screenshot to target\site\serenity\8d492af4f5417eb1aa32b19b9b7f8842907943a70ad7313c569417ca11930bae.png
20:20:45.904 [Forwarding getPageSource on session 442d227f837f69f00d6aca8af2dc9f82 to remote] DEBUG org.asynchttpclient.netty.request.NettyRequestSender - Using pooled Channel '[id: 0xd2d11674, L:/127.0.0.1:55530 - R:localhost/127.0.0.1:39956]' for 'POST' to 'http://localhost:39956/session/442d227f837f69f00d6aca8af2dc9f82/execute/sync'
20:20:45.904 [Forwarding getPageSource on session 442d227f837f69f00d6aca8af2dc9f82 to remote] DEBUG org.asynchttpclient.netty.request.NettyRequestSender - Using open Channel [id: 0xd2d11674, L:/127.0.0.1:55530 - R:localhost/127.0.0.1:39956] for POST '/session/442d227f837f69f00d6aca8af2dc9f82/execute/sync'
20:20:45.916 [AsyncHttpClient-1-21] DEBUG org.asynchttpclient.netty.handler.HttpHandler - 

Request DefaultHttpRequest(decodeResult: success, version: HTTP/1.1)
POST /session/442d227f837f69f00d6aca8af2dc9f82/execute/sync HTTP/1.1
User-Agent: selenium/4.8.1 (java windows)
Content-Length: 176
Content-Type: application/json; charset=utf-8
host: localhost:39956
accept: */*

Response DefaultHttpResponse(decodeResult: success, version: HTTP/1.1)
HTTP/1.1 200 OK
Content-Length: 218363
Content-Type: application/json; charset=utf-8
cache-control: no-cache

20:20:45.917 [AsyncHttpClient-1-21] DEBUG org.asynchttpclient.netty.channel.ChannelManager - Adding key: http://localhost:39956 for channel [id: 0xd2d11674, L:/127.0.0.1:55530 - R:localhost/127.0.0.1:39956]
20:20:45.928 [Forwarding getCurrentUrl on session 442d227f837f69f00d6aca8af2dc9f82 to remote] DEBUG org.asynchttpclient.netty.request.NettyRequestSender - Using pooled Channel '[id: 0xd2d11674, L:/127.0.0.1:55530 - R:localhost/127.0.0.1:39956]' for 'GET' to 'http://localhost:39956/session/442d227f837f69f00d6aca8af2dc9f82/url'
20:20:45.928 [Forwarding getCurrentUrl on session 442d227f837f69f00d6aca8af2dc9f82 to remote] DEBUG org.asynchttpclient.netty.request.NettyRequestSender - Using open Channel [id: 0xd2d11674, L:/127.0.0.1:55530 - R:localhost/127.0.0.1:39956] for GET '/session/442d227f837f69f00d6aca8af2dc9f82/url'
20:20:45.930 [AsyncHttpClient-1-21] DEBUG org.asynchttpclient.netty.handler.HttpHandler - 

Request DefaultFullHttpRequest(decodeResult: success, version: HTTP/1.1, content: EmptyByteBufBE)
GET /session/442d227f837f69f00d6aca8af2dc9f82/url HTTP/1.1
User-Agent: selenium/4.8.1 (java windows)
Cache-Control: no-cache
Content-Type: application/json; charset=utf-8
host: localhost:39956
accept: */*

Response DefaultHttpResponse(decodeResult: success, version: HTTP/1.1)
HTTP/1.1 200 OK
Content-Length: 41
Content-Type: application/json; charset=utf-8
cache-control: no-cache

20:20:45.931 [AsyncHttpClient-1-21] DEBUG org.asynchttpclient.netty.channel.ChannelManager - Adding key: http://localhost:39956 for channel [id: 0xd2d11674, L:/127.0.0.1:55530 - R:localhost/127.0.0.1:39956]
20:20:45.936 [Forwarding getPageSource on session 442d227f837f69f00d6aca8af2dc9f82 to remote] DEBUG org.asynchttpclient.netty.request.NettyRequestSender - Using pooled Channel '[id: 0xd2d11674, L:/127.0.0.1:55530 - R:localhost/127.0.0.1:39956]' for 'POST' to 'http://localhost:39956/session/442d227f837f69f00d6aca8af2dc9f82/execute/sync'
20:20:45.936 [Forwarding getPageSource on session 442d227f837f69f00d6aca8af2dc9f82 to remote] DEBUG org.asynchttpclient.netty.request.NettyRequestSender - Using open Channel [id: 0xd2d11674, L:/127.0.0.1:55530 - R:localhost/127.0.0.1:39956] for POST '/session/442d227f837f69f00d6aca8af2dc9f82/execute/sync'
20:20:45.951 [AsyncHttpClient-1-21] DEBUG org.asynchttpclient.netty.handler.HttpHandler - 

Request DefaultHttpRequest(decodeResult: success, version: HTTP/1.1)
POST /session/442d227f837f69f00d6aca8af2dc9f82/execute/sync HTTP/1.1
User-Agent: selenium/4.8.1 (java windows)
Content-Length: 176
Content-Type: application/json; charset=utf-8
host: localhost:39956
accept: */*

Response DefaultHttpResponse(decodeResult: success, version: HTTP/1.1)
HTTP/1.1 200 OK
Content-Length: 218363
Content-Type: application/json; charset=utf-8
cache-control: no-cache

20:20:45.952 [AsyncHttpClient-1-21] DEBUG org.asynchttpclient.netty.channel.ChannelManager - Adding key: http://localhost:39956 for channel [id: 0xd2d11674, L:/127.0.0.1:55530 - R:localhost/127.0.0.1:39956]
20:20:45.969 [Forwarding getCurrentUrl on session 442d227f837f69f00d6aca8af2dc9f82 to remote] DEBUG org.asynchttpclient.netty.request.NettyRequestSender - Using pooled Channel '[id: 0xd2d11674, L:/127.0.0.1:55530 - R:localhost/127.0.0.1:39956]' for 'GET' to 'http://localhost:39956/session/442d227f837f69f00d6aca8af2dc9f82/url'
20:20:45.969 [Forwarding getCurrentUrl on session 442d227f837f69f00d6aca8af2dc9f82 to remote] DEBUG org.asynchttpclient.netty.request.NettyRequestSender - Using open Channel [id: 0xd2d11674, L:/127.0.0.1:55530 - R:localhost/127.0.0.1:39956] for GET '/session/442d227f837f69f00d6aca8af2dc9f82/url'
20:20:45.973 [AsyncHttpClient-1-21] DEBUG org.asynchttpclient.netty.handler.HttpHandler - 

Request DefaultFullHttpRequest(decodeResult: success, version: HTTP/1.1, content: EmptyByteBufBE)
GET /session/442d227f837f69f00d6aca8af2dc9f82/url HTTP/1.1
User-Agent: selenium/4.8.1 (java windows)
Cache-Control: no-cache
Content-Type: application/json; charset=utf-8
host: localhost:39956
accept: */*

Response DefaultHttpResponse(decodeResult: success, version: HTTP/1.1)
HTTP/1.1 200 OK
Content-Length: 41
Content-Type: application/json; charset=utf-8
cache-control: no-cache

20:20:45.973 [AsyncHttpClient-1-21] DEBUG org.asynchttpclient.netty.channel.ChannelManager - Adding key: http://localhost:39956 for channel [id: 0xd2d11674, L:/127.0.0.1:55530 - R:localhost/127.0.0.1:39956]
20:20:45.979 [main] DEBUG net.thucydides.core.steps.StepInterceptor - STARTING STEP: LogoutSteps.clickUserIcon - clickUserIcon
20:20:45.982 [Forwarding findElement on session 442d227f837f69f00d6aca8af2dc9f82 to remote] DEBUG org.asynchttpclient.netty.request.NettyRequestSender - Using pooled Channel '[id: 0xd2d11674, L:/127.0.0.1:55530 - R:localhost/127.0.0.1:39956]' for 'POST' to 'http://localhost:39956/session/442d227f837f69f00d6aca8af2dc9f82/element'
20:20:45.982 [Forwarding findElement on session 442d227f837f69f00d6aca8af2dc9f82 to remote] DEBUG org.asynchttpclient.netty.request.NettyRequestSender - Using open Channel [id: 0xd2d11674, L:/127.0.0.1:55530 - R:localhost/127.0.0.1:39956] for POST '/session/442d227f837f69f00d6aca8af2dc9f82/element'
20:20:46.029 [AsyncHttpClient-1-21] DEBUG org.asynchttpclient.netty.handler.HttpHandler - 

Request DefaultHttpRequest(decodeResult: success, version: HTTP/1.1)
POST /session/442d227f837f69f00d6aca8af2dc9f82/element HTTP/1.1
User-Agent: selenium/4.8.1 (java windows)
Content-Length: 54
Content-Type: application/json; charset=utf-8
host: localhost:39956
accept: */*

Response DefaultHttpResponse(decodeResult: success, version: HTTP/1.1)
HTTP/1.1 200 OK
Content-Length: 88
Content-Type: application/json; charset=utf-8
cache-control: no-cache

20:20:46.029 [AsyncHttpClient-1-21] DEBUG org.asynchttpclient.netty.channel.ChannelManager - Adding key: http://localhost:39956 for channel [id: 0xd2d11674, L:/127.0.0.1:55530 - R:localhost/127.0.0.1:39956]
20:20:46.030 [Forwarding getElementTagName on session 442d227f837f69f00d6aca8af2dc9f82 to remote] DEBUG org.asynchttpclient.netty.request.NettyRequestSender - Using pooled Channel '[id: 0xd2d11674, L:/127.0.0.1:55530 - R:localhost/127.0.0.1:39956]' for 'GET' to 'http://localhost:39956/session/442d227f837f69f00d6aca8af2dc9f82/element/b4952c47-3e16-4073-b770-e7eb87daef2d/name'
20:20:46.030 [Forwarding getElementTagName on session 442d227f837f69f00d6aca8af2dc9f82 to remote] DEBUG org.asynchttpclient.netty.request.NettyRequestSender - Using open Channel [id: 0xd2d11674, L:/127.0.0.1:55530 - R:localhost/127.0.0.1:39956] for GET '/session/442d227f837f69f00d6aca8af2dc9f82/element/b4952c47-3e16-4073-b770-e7eb87daef2d/name'
20:20:46.035 [AsyncHttpClient-1-21] DEBUG org.asynchttpclient.netty.handler.HttpHandler - 

Request DefaultFullHttpRequest(decodeResult: success, version: HTTP/1.1, content: EmptyByteBufBE)
GET /session/442d227f837f69f00d6aca8af2dc9f82/element/b4952c47-3e16-4073-b770-e7eb87daef2d/name HTTP/1.1
User-Agent: selenium/4.8.1 (java windows)
Cache-Control: no-cache
Content-Type: application/json; charset=utf-8
host: localhost:39956
accept: */*

Response DefaultHttpResponse(decodeResult: success, version: HTTP/1.1)
HTTP/1.1 200 OK
Content-Length: 13
Content-Type: application/json; charset=utf-8
cache-control: no-cache

20:20:46.035 [AsyncHttpClient-1-21] DEBUG org.asynchttpclient.netty.channel.ChannelManager - Adding key: http://localhost:39956 for channel [id: 0xd2d11674, L:/127.0.0.1:55530 - R:localhost/127.0.0.1:39956]
20:20:46.036 [Forwarding getElementTagName on session 442d227f837f69f00d6aca8af2dc9f82 to remote] DEBUG org.asynchttpclient.netty.request.NettyRequestSender - Using pooled Channel '[id: 0xd2d11674, L:/127.0.0.1:55530 - R:localhost/127.0.0.1:39956]' for 'GET' to 'http://localhost:39956/session/442d227f837f69f00d6aca8af2dc9f82/element/b4952c47-3e16-4073-b770-e7eb87daef2d/name'
20:20:46.036 [Forwarding getElementTagName on session 442d227f837f69f00d6aca8af2dc9f82 to remote] DEBUG org.asynchttpclient.netty.request.NettyRequestSender - Using open Channel [id: 0xd2d11674, L:/127.0.0.1:55530 - R:localhost/127.0.0.1:39956] for GET '/session/442d227f837f69f00d6aca8af2dc9f82/element/b4952c47-3e16-4073-b770-e7eb87daef2d/name'
20:20:46.040 [AsyncHttpClient-1-21] DEBUG org.asynchttpclient.netty.handler.HttpHandler - 

Request DefaultFullHttpRequest(decodeResult: success, version: HTTP/1.1, content: EmptyByteBufBE)
GET /session/442d227f837f69f00d6aca8af2dc9f82/element/b4952c47-3e16-4073-b770-e7eb87daef2d/name HTTP/1.1
User-Agent: selenium/4.8.1 (java windows)
Cache-Control: no-cache
Content-Type: application/json; charset=utf-8
host: localhost:39956
accept: */*

Response DefaultHttpResponse(decodeResult: success, version: HTTP/1.1)
HTTP/1.1 200 OK
Content-Length: 13
Content-Type: application/json; charset=utf-8
cache-control: no-cache

20:20:46.040 [AsyncHttpClient-1-21] DEBUG org.asynchttpclient.netty.channel.ChannelManager - Adding key: http://localhost:39956 for channel [id: 0xd2d11674, L:/127.0.0.1:55530 - R:localhost/127.0.0.1:39956]
20:20:46.042 [Forwarding findElement on session 442d227f837f69f00d6aca8af2dc9f82 to remote] DEBUG org.asynchttpclient.netty.request.NettyRequestSender - Using pooled Channel '[id: 0xd2d11674, L:/127.0.0.1:55530 - R:localhost/127.0.0.1:39956]' for 'POST' to 'http://localhost:39956/session/442d227f837f69f00d6aca8af2dc9f82/element'
20:20:46.043 [Forwarding findElement on session 442d227f837f69f00d6aca8af2dc9f82 to remote] DEBUG org.asynchttpclient.netty.request.NettyRequestSender - Using open Channel [id: 0xd2d11674, L:/127.0.0.1:55530 - R:localhost/127.0.0.1:39956] for POST '/session/442d227f837f69f00d6aca8af2dc9f82/element'
20:20:46.052 [AsyncHttpClient-1-21] DEBUG org.asynchttpclient.netty.handler.HttpHandler - 

Request DefaultHttpRequest(decodeResult: success, version: HTTP/1.1)
POST /session/442d227f837f69f00d6aca8af2dc9f82/element HTTP/1.1
User-Agent: selenium/4.8.1 (java windows)
Content-Length: 54
Content-Type: application/json; charset=utf-8
host: localhost:39956
accept: */*

Response DefaultHttpResponse(decodeResult: success, version: HTTP/1.1)
HTTP/1.1 200 OK
Content-Length: 88
Content-Type: application/json; charset=utf-8
cache-control: no-cache

20:20:46.053 [AsyncHttpClient-1-21] DEBUG org.asynchttpclient.netty.channel.ChannelManager - Adding key: http://localhost:39956 for channel [id: 0xd2d11674, L:/127.0.0.1:55530 - R:localhost/127.0.0.1:39956]
20:20:46.054 [Forwarding clickElement on session 442d227f837f69f00d6aca8af2dc9f82 to remote] DEBUG org.asynchttpclient.netty.request.NettyRequestSender - Using pooled Channel '[id: 0xd2d11674, L:/127.0.0.1:55530 - R:localhost/127.0.0.1:39956]' for 'POST' to 'http://localhost:39956/session/442d227f837f69f00d6aca8af2dc9f82/element/b4952c47-3e16-4073-b770-e7eb87daef2d/click'
20:20:46.054 [Forwarding clickElement on session 442d227f837f69f00d6aca8af2dc9f82 to remote] DEBUG org.asynchttpclient.netty.request.NettyRequestSender - Using open Channel [id: 0xd2d11674, L:/127.0.0.1:55530 - R:localhost/127.0.0.1:39956] for POST '/session/442d227f837f69f00d6aca8af2dc9f82/element/b4952c47-3e16-4073-b770-e7eb87daef2d/click'
20:20:46.101 [AsyncHttpClient-1-21] DEBUG org.asynchttpclient.netty.handler.HttpHandler - 

Request DefaultHttpRequest(decodeResult: success, version: HTTP/1.1)
POST /session/442d227f837f69f00d6aca8af2dc9f82/element/b4952c47-3e16-4073-b770-e7eb87daef2d/click HTTP/1.1
User-Agent: selenium/4.8.1 (java windows)
Content-Length: 50
Content-Type: application/json; charset=utf-8
host: localhost:39956
accept: */*

Response DefaultHttpResponse(decodeResult: success, version: HTTP/1.1)
HTTP/1.1 200 OK
Content-Length: 14
Content-Type: application/json; charset=utf-8
cache-control: no-cache

20:20:46.101 [AsyncHttpClient-1-21] DEBUG org.asynchttpclient.netty.channel.ChannelManager - Adding key: http://localhost:39956 for channel [id: 0xd2d11674, L:/127.0.0.1:55530 - R:localhost/127.0.0.1:39956]
20:20:46.105 [Forwarding getAlertText on session 442d227f837f69f00d6aca8af2dc9f82 to remote] DEBUG org.asynchttpclient.netty.request.NettyRequestSender - Using pooled Channel '[id: 0xd2d11674, L:/127.0.0.1:55530 - R:localhost/127.0.0.1:39956]' for 'GET' to 'http://localhost:39956/session/442d227f837f69f00d6aca8af2dc9f82/alert/text'
20:20:46.105 [Forwarding getAlertText on session 442d227f837f69f00d6aca8af2dc9f82 to remote] DEBUG org.asynchttpclient.netty.request.NettyRequestSender - Using open Channel [id: 0xd2d11674, L:/127.0.0.1:55530 - R:localhost/127.0.0.1:39956] for GET '/session/442d227f837f69f00d6aca8af2dc9f82/alert/text'
20:20:46.108 [AsyncHttpClient-1-21] DEBUG org.asynchttpclient.netty.handler.HttpHandler - 

Request DefaultFullHttpRequest(decodeResult: success, version: HTTP/1.1, content: EmptyByteBufBE)
GET /session/442d227f837f69f00d6aca8af2dc9f82/alert/text HTTP/1.1
User-Agent: selenium/4.8.1 (java windows)
Cache-Control: no-cache
Content-Type: application/json; charset=utf-8
host: localhost:39956
accept: */*

Response DefaultHttpResponse(decodeResult: success, version: HTTP/1.1)
HTTP/1.1 404 Not Found
Content-Length: 836
Content-Type: application/json; charset=utf-8
cache-control: no-cache

20:20:46.108 [AsyncHttpClient-1-21] DEBUG org.asynchttpclient.netty.channel.ChannelManager - Adding key: http://localhost:39956 for channel [id: 0xd2d11674, L:/127.0.0.1:55530 - R:localhost/127.0.0.1:39956]
20:20:46.109 [Forwarding getCurrentUrl on session 442d227f837f69f00d6aca8af2dc9f82 to remote] DEBUG org.asynchttpclient.netty.request.NettyRequestSender - Using pooled Channel '[id: 0xd2d11674, L:/127.0.0.1:55530 - R:localhost/127.0.0.1:39956]' for 'GET' to 'http://localhost:39956/session/442d227f837f69f00d6aca8af2dc9f82/url'
20:20:46.109 [Forwarding getCurrentUrl on session 442d227f837f69f00d6aca8af2dc9f82 to remote] DEBUG org.asynchttpclient.netty.request.NettyRequestSender - Using open Channel [id: 0xd2d11674, L:/127.0.0.1:55530 - R:localhost/127.0.0.1:39956] for GET '/session/442d227f837f69f00d6aca8af2dc9f82/url'
20:20:46.115 [AsyncHttpClient-1-21] DEBUG org.asynchttpclient.netty.handler.HttpHandler - 

Request DefaultFullHttpRequest(decodeResult: success, version: HTTP/1.1, content: EmptyByteBufBE)
GET /session/442d227f837f69f00d6aca8af2dc9f82/url HTTP/1.1
User-Agent: selenium/4.8.1 (java windows)
Cache-Control: no-cache
Content-Type: application/json; charset=utf-8
host: localhost:39956
accept: */*

Response DefaultHttpResponse(decodeResult: success, version: HTTP/1.1)
HTTP/1.1 200 OK
Content-Length: 41
Content-Type: application/json; charset=utf-8
cache-control: no-cache

20:20:46.115 [AsyncHttpClient-1-21] DEBUG org.asynchttpclient.netty.channel.ChannelManager - Adding key: http://localhost:39956 for channel [id: 0xd2d11674, L:/127.0.0.1:55530 - R:localhost/127.0.0.1:39956]
20:20:46.116 [Forwarding screenshot on session 442d227f837f69f00d6aca8af2dc9f82 to remote] DEBUG org.asynchttpclient.netty.request.NettyRequestSender - Using pooled Channel '[id: 0xd2d11674, L:/127.0.0.1:55530 - R:localhost/127.0.0.1:39956]' for 'GET' to 'http://localhost:39956/session/442d227f837f69f00d6aca8af2dc9f82/screenshot'
20:20:46.116 [Forwarding screenshot on session 442d227f837f69f00d6aca8af2dc9f82 to remote] DEBUG org.asynchttpclient.netty.request.NettyRequestSender - Using open Channel [id: 0xd2d11674, L:/127.0.0.1:55530 - R:localhost/127.0.0.1:39956] for GET '/session/442d227f837f69f00d6aca8af2dc9f82/screenshot'
20:20:46.251 [AsyncHttpClient-1-21] DEBUG org.asynchttpclient.netty.handler.HttpHandler - 

Request DefaultFullHttpRequest(decodeResult: success, version: HTTP/1.1, content: EmptyByteBufBE)
GET /session/442d227f837f69f00d6aca8af2dc9f82/screenshot HTTP/1.1
User-Agent: selenium/4.8.1 (java windows)
Cache-Control: no-cache
Content-Type: application/json; charset=utf-8
host: localhost:39956
accept: */*

Response DefaultHttpResponse(decodeResult: success, version: HTTP/1.1)
HTTP/1.1 200 OK
Content-Length: 72068
Content-Type: application/json; charset=utf-8
cache-control: no-cache

20:20:46.251 [AsyncHttpClient-1-21] DEBUG org.asynchttpclient.netty.channel.ChannelManager - Adding key: http://localhost:39956 for channel [id: 0xd2d11674, L:/127.0.0.1:55530 - R:localhost/127.0.0.1:39956]
20:20:46.252 [main] DEBUG net.serenitybdd.core.photography.Darkroom - Send negative for processing for target\site\serenity\5c2948ab5e0535641cfc73b88a0f177bd133ce0622d57b31674f6e0845aebbca.png
20:20:46.252 [main] DEBUG net.thucydides.core.steps.StepInterceptor - STEP DONE: clickUserIcon
  &amp#27;[32mAnd &amp#27;[0m&amp#27;[32mI click user icon&amp#27;[0m                                      &amp#27;[90m# starter.stepdefinitions.LogoutSteps.clickUserIcon()&amp#27;[0m
20:20:46.252 [Darkroom Processing Line] DEBUG net.serenitybdd.core.photography.DarkroomProcessingLine - Processing screenshot image in /var/screenshots/screenshot-5509190466656980168
20:20:46.252 [Darkroom Processing Line] DEBUG net.serenitybdd.core.photography.DarkroomProcessingLine - Saving screenshot to target\site\serenity\5c2948ab5e0535641cfc73b88a0f177bd133ce0622d57b31674f6e0845aebbca.png
20:20:46.260 [Forwarding getPageSource on session 442d227f837f69f00d6aca8af2dc9f82 to remote] DEBUG org.asynchttpclient.netty.request.NettyRequestSender - Using pooled Channel '[id: 0xd2d11674, L:/127.0.0.1:55530 - R:localhost/127.0.0.1:39956]' for 'POST' to 'http://localhost:39956/session/442d227f837f69f00d6aca8af2dc9f82/execute/sync'
20:20:46.260 [Forwarding getPageSource on session 442d227f837f69f00d6aca8af2dc9f82 to remote] DEBUG org.asynchttpclient.netty.request.NettyRequestSender - Using open Channel [id: 0xd2d11674, L:/127.0.0.1:55530 - R:localhost/127.0.0.1:39956] for POST '/session/442d227f837f69f00d6aca8af2dc9f82/execute/sync'
20:20:46.270 [AsyncHttpClient-1-21] DEBUG org.asynchttpclient.netty.handler.HttpHandler - 

Request DefaultHttpRequest(decodeResult: success, version: HTTP/1.1)
POST /session/442d227f837f69f00d6aca8af2dc9f82/execute/sync HTTP/1.1
User-Agent: selenium/4.8.1 (java windows)
Content-Length: 176
Content-Type: application/json; charset=utf-8
host: localhost:39956
accept: */*

Response DefaultHttpResponse(decodeResult: success, version: HTTP/1.1)
HTTP/1.1 200 OK
Content-Length: 219651
Content-Type: application/json; charset=utf-8
cache-control: no-cache

20:20:46.271 [AsyncHttpClient-1-21] DEBUG org.asynchttpclient.netty.channel.ChannelManager - Adding key: http://localhost:39956 for channel [id: 0xd2d11674, L:/127.0.0.1:55530 - R:localhost/127.0.0.1:39956]
20:20:46.284 [Forwarding getCurrentUrl on session 442d227f837f69f00d6aca8af2dc9f82 to remote] DEBUG org.asynchttpclient.netty.request.NettyRequestSender - Using pooled Channel '[id: 0xd2d11674, L:/127.0.0.1:55530 - R:localhost/127.0.0.1:39956]' for 'GET' to 'http://localhost:39956/session/442d227f837f69f00d6aca8af2dc9f82/url'
20:20:46.284 [Forwarding getCurrentUrl on session 442d227f837f69f00d6aca8af2dc9f82 to remote] DEBUG org.asynchttpclient.netty.request.NettyRequestSender - Using open Channel [id: 0xd2d11674, L:/127.0.0.1:55530 - R:localhost/127.0.0.1:39956] for GET '/session/442d227f837f69f00d6aca8af2dc9f82/url'
20:20:46.287 [AsyncHttpClient-1-21] DEBUG org.asynchttpclient.netty.handler.HttpHandler - 

Request DefaultFullHttpRequest(decodeResult: success, version: HTTP/1.1, content: EmptyByteBufBE)
GET /session/442d227f837f69f00d6aca8af2dc9f82/url HTTP/1.1
User-Agent: selenium/4.8.1 (java windows)
Cache-Control: no-cache
Content-Type: application/json; charset=utf-8
host: localhost:39956
accept: */*

Response DefaultHttpResponse(decodeResult: success, version: HTTP/1.1)
HTTP/1.1 200 OK
Content-Length: 41
Content-Type: application/json; charset=utf-8
cache-control: no-cache

20:20:46.287 [AsyncHttpClient-1-21] DEBUG org.asynchttpclient.netty.channel.ChannelManager - Adding key: http://localhost:39956 for channel [id: 0xd2d11674, L:/127.0.0.1:55530 - R:localhost/127.0.0.1:39956]
20:20:46.294 [Forwarding getPageSource on session 442d227f837f69f00d6aca8af2dc9f82 to remote] DEBUG org.asynchttpclient.netty.request.NettyRequestSender - Using pooled Channel '[id: 0xd2d11674, L:/127.0.0.1:55530 - R:localhost/127.0.0.1:39956]' for 'POST' to 'http://localhost:39956/session/442d227f837f69f00d6aca8af2dc9f82/execute/sync'
20:20:46.295 [Forwarding getPageSource on session 442d227f837f69f00d6aca8af2dc9f82 to remote] DEBUG org.asynchttpclient.netty.request.NettyRequestSender - Using open Channel [id: 0xd2d11674, L:/127.0.0.1:55530 - R:localhost/127.0.0.1:39956] for POST '/session/442d227f837f69f00d6aca8af2dc9f82/execute/sync'
20:20:46.306 [AsyncHttpClient-1-21] DEBUG org.asynchttpclient.netty.handler.HttpHandler - 

Request DefaultHttpRequest(decodeResult: success, version: HTTP/1.1)
POST /session/442d227f837f69f00d6aca8af2dc9f82/execute/sync HTTP/1.1
User-Agent: selenium/4.8.1 (java windows)
Content-Length: 176
Content-Type: application/json; charset=utf-8
host: localhost:39956
accept: */*

Response DefaultHttpResponse(decodeResult: success, version: HTTP/1.1)
HTTP/1.1 200 OK
Content-Length: 219651
Content-Type: application/json; charset=utf-8
cache-control: no-cache

20:20:46.307 [AsyncHttpClient-1-21] DEBUG org.asynchttpclient.netty.channel.ChannelManager - Adding key: http://localhost:39956 for channel [id: 0xd2d11674, L:/127.0.0.1:55530 - R:localhost/127.0.0.1:39956]
20:20:46.319 [Forwarding getCurrentUrl on session 442d227f837f69f00d6aca8af2dc9f82 to remote] DEBUG org.asynchttpclient.netty.request.NettyRequestSender - Using pooled Channel '[id: 0xd2d11674, L:/127.0.0.1:55530 - R:localhost/127.0.0.1:39956]' for 'GET' to 'http://localhost:39956/session/442d227f837f69f00d6aca8af2dc9f82/url'
20:20:46.319 [Forwarding getCurrentUrl on session 442d227f837f69f00d6aca8af2dc9f82 to remote] DEBUG org.asynchttpclient.netty.request.NettyRequestSender - Using open Channel [id: 0xd2d11674, L:/127.0.0.1:55530 - R:localhost/127.0.0.1:39956] for GET '/session/442d227f837f69f00d6aca8af2dc9f82/url'
20:20:46.321 [AsyncHttpClient-1-21] DEBUG org.asynchttpclient.netty.handler.HttpHandler - 

Request DefaultFullHttpRequest(decodeResult: success, version: HTTP/1.1, content: EmptyByteBufBE)
GET /session/442d227f837f69f00d6aca8af2dc9f82/url HTTP/1.1
User-Agent: selenium/4.8.1 (java windows)
Cache-Control: no-cache
Content-Type: application/json; charset=utf-8
host: localhost:39956
accept: */*

Response DefaultHttpResponse(decodeResult: success, version: HTTP/1.1)
HTTP/1.1 200 OK
Content-Length: 41
Content-Type: application/json; charset=utf-8
cache-control: no-cache

20:20:46.321 [AsyncHttpClient-1-21] DEBUG org.asynchttpclient.netty.channel.ChannelManager - Adding key: http://localhost:39956 for channel [id: 0xd2d11674, L:/127.0.0.1:55530 - R:localhost/127.0.0.1:39956]
20:20:46.323 [main] DEBUG net.thucydides.core.steps.StepInterceptor - STARTING STEP: LogoutSteps.clickLogoutOption - clickLogoutOption
20:20:46.326 [Forwarding findElement on session 442d227f837f69f00d6aca8af2dc9f82 to remote] DEBUG org.asynchttpclient.netty.request.NettyRequestSender - Using pooled Channel '[id: 0xd2d11674, L:/127.0.0.1:55530 - R:localhost/127.0.0.1:39956]' for 'POST' to 'http://localhost:39956/session/442d227f837f69f00d6aca8af2dc9f82/element'
20:20:46.326 [Forwarding findElement on session 442d227f837f69f00d6aca8af2dc9f82 to remote] DEBUG org.asynchttpclient.netty.request.NettyRequestSender - Using open Channel [id: 0xd2d11674, L:/127.0.0.1:55530 - R:localhost/127.0.0.1:39956] for POST '/session/442d227f837f69f00d6aca8af2dc9f82/element'
20:20:46.334 [AsyncHttpClient-1-21] DEBUG org.asynchttpclient.netty.handler.HttpHandler - 

Request DefaultHttpRequest(decodeResult: success, version: HTTP/1.1)
POST /session/442d227f837f69f00d6aca8af2dc9f82/element HTTP/1.1
User-Agent: selenium/4.8.1 (java windows)
Content-Length: 59
Content-Type: application/json; charset=utf-8
host: localhost:39956
accept: */*

Response DefaultHttpResponse(decodeResult: success, version: HTTP/1.1)
HTTP/1.1 200 OK
Content-Length: 88
Content-Type: application/json; charset=utf-8
cache-control: no-cache

20:20:46.334 [AsyncHttpClient-1-21] DEBUG org.asynchttpclient.netty.channel.ChannelManager - Adding key: http://localhost:39956 for channel [id: 0xd2d11674, L:/127.0.0.1:55530 - R:localhost/127.0.0.1:39956]
20:20:46.335 [Forwarding getElementTagName on session 442d227f837f69f00d6aca8af2dc9f82 to remote] DEBUG org.asynchttpclient.netty.request.NettyRequestSender - Using pooled Channel '[id: 0xd2d11674, L:/127.0.0.1:55530 - R:localhost/127.0.0.1:39956]' for 'GET' to 'http://localhost:39956/session/442d227f837f69f00d6aca8af2dc9f82/element/c12f275d-f2ce-4156-9983-6b550b5f65f3/name'
20:20:46.335 [Forwarding getElementTagName on session 442d227f837f69f00d6aca8af2dc9f82 to remote] DEBUG org.asynchttpclient.netty.request.NettyRequestSender - Using open Channel [id: 0xd2d11674, L:/127.0.0.1:55530 - R:localhost/127.0.0.1:39956] for GET '/session/442d227f837f69f00d6aca8af2dc9f82/element/c12f275d-f2ce-4156-9983-6b550b5f65f3/name'
20:20:46.339 [AsyncHttpClient-1-21] DEBUG org.asynchttpclient.netty.handler.HttpHandler - 

Request DefaultFullHttpRequest(decodeResult: success, version: HTTP/1.1, content: EmptyByteBufBE)
GET /session/442d227f837f69f00d6aca8af2dc9f82/element/c12f275d-f2ce-4156-9983-6b550b5f65f3/name HTTP/1.1
User-Agent: selenium/4.8.1 (java windows)
Cache-Control: no-cache
Content-Type: application/json; charset=utf-8
host: localhost:39956
accept: */*

Response DefaultHttpResponse(decodeResult: success, version: HTTP/1.1)
HTTP/1.1 200 OK
Content-Length: 13
Content-Type: application/json; charset=utf-8
cache-control: no-cache

20:20:46.339 [AsyncHttpClient-1-21] DEBUG org.asynchttpclient.netty.channel.ChannelManager - Adding key: http://localhost:39956 for channel [id: 0xd2d11674, L:/127.0.0.1:55530 - R:localhost/127.0.0.1:39956]
20:20:46.339 [Forwarding getElementTagName on session 442d227f837f69f00d6aca8af2dc9f82 to remote] DEBUG org.asynchttpclient.netty.request.NettyRequestSender - Using pooled Channel '[id: 0xd2d11674, L:/127.0.0.1:55530 - R:localhost/127.0.0.1:39956]' for 'GET' to 'http://localhost:39956/session/442d227f837f69f00d6aca8af2dc9f82/element/c12f275d-f2ce-4156-9983-6b550b5f65f3/name'
20:20:46.339 [Forwarding getElementTagName on session 442d227f837f69f00d6aca8af2dc9f82 to remote] DEBUG org.asynchttpclient.netty.request.NettyRequestSender - Using open Channel [id: 0xd2d11674, L:/127.0.0.1:55530 - R:localhost/127.0.0.1:39956] for GET '/session/442d227f837f69f00d6aca8af2dc9f82/element/c12f275d-f2ce-4156-9983-6b550b5f65f3/name'
20:20:46.342 [AsyncHttpClient-1-21] DEBUG org.asynchttpclient.netty.handler.HttpHandler - 

Request DefaultFullHttpRequest(decodeResult: success, version: HTTP/1.1, content: EmptyByteBufBE)
GET /session/442d227f837f69f00d6aca8af2dc9f82/element/c12f275d-f2ce-4156-9983-6b550b5f65f3/name HTTP/1.1
User-Agent: selenium/4.8.1 (java windows)
Cache-Control: no-cache
Content-Type: application/json; charset=utf-8
host: localhost:39956
accept: */*

Response DefaultHttpResponse(decodeResult: success, version: HTTP/1.1)
HTTP/1.1 200 OK
Content-Length: 13
Content-Type: application/json; charset=utf-8
cache-control: no-cache

20:20:46.342 [AsyncHttpClient-1-21] DEBUG org.asynchttpclient.netty.channel.ChannelManager - Adding key: http://localhost:39956 for channel [id: 0xd2d11674, L:/127.0.0.1:55530 - R:localhost/127.0.0.1:39956]
20:20:46.343 [Forwarding findElement on session 442d227f837f69f00d6aca8af2dc9f82 to remote] DEBUG org.asynchttpclient.netty.request.NettyRequestSender - Using pooled Channel '[id: 0xd2d11674, L:/127.0.0.1:55530 - R:localhost/127.0.0.1:39956]' for 'POST' to 'http://localhost:39956/session/442d227f837f69f00d6aca8af2dc9f82/element'
20:20:46.343 [Forwarding findElement on session 442d227f837f69f00d6aca8af2dc9f82 to remote] DEBUG org.asynchttpclient.netty.request.NettyRequestSender - Using open Channel [id: 0xd2d11674, L:/127.0.0.1:55530 - R:localhost/127.0.0.1:39956] for POST '/session/442d227f837f69f00d6aca8af2dc9f82/element'
20:20:46.348 [AsyncHttpClient-1-21] DEBUG org.asynchttpclient.netty.handler.HttpHandler - 

Request DefaultHttpRequest(decodeResult: success, version: HTTP/1.1)
POST /session/442d227f837f69f00d6aca8af2dc9f82/element HTTP/1.1
User-Agent: selenium/4.8.1 (java windows)
Content-Length: 59
Content-Type: application/json; charset=utf-8
host: localhost:39956
accept: */*

Response DefaultHttpResponse(decodeResult: success, version: HTTP/1.1)
HTTP/1.1 200 OK
Content-Length: 88
Content-Type: application/json; charset=utf-8
cache-control: no-cache

20:20:46.348 [AsyncHttpClient-1-21] DEBUG org.asynchttpclient.netty.channel.ChannelManager - Adding key: http://localhost:39956 for channel [id: 0xd2d11674, L:/127.0.0.1:55530 - R:localhost/127.0.0.1:39956]
20:20:46.348 [Forwarding clickElement on session 442d227f837f69f00d6aca8af2dc9f82 to remote] DEBUG org.asynchttpclient.netty.request.NettyRequestSender - Using pooled Channel '[id: 0xd2d11674, L:/127.0.0.1:55530 - R:localhost/127.0.0.1:39956]' for 'POST' to 'http://localhost:39956/session/442d227f837f69f00d6aca8af2dc9f82/element/c12f275d-f2ce-4156-9983-6b550b5f65f3/click'
20:20:46.348 [Forwarding clickElement on session 442d227f837f69f00d6aca8af2dc9f82 to remote] DEBUG org.asynchttpclient.netty.request.NettyRequestSender - Using open Channel [id: 0xd2d11674, L:/127.0.0.1:55530 - R:localhost/127.0.0.1:39956] for POST '/session/442d227f837f69f00d6aca8af2dc9f82/element/c12f275d-f2ce-4156-9983-6b550b5f65f3/click'
20:20:46.421 [AsyncHttpClient-1-21] DEBUG org.asynchttpclient.netty.handler.HttpHandler - 

Request DefaultHttpRequest(decodeResult: success, version: HTTP/1.1)
POST /session/442d227f837f69f00d6aca8af2dc9f82/element/c12f275d-f2ce-4156-9983-6b550b5f65f3/click HTTP/1.1
User-Agent: selenium/4.8.1 (java windows)
Content-Length: 50
Content-Type: application/json; charset=utf-8
host: localhost:39956
accept: */*

Response DefaultHttpResponse(decodeResult: success, version: HTTP/1.1)
HTTP/1.1 200 OK
Content-Length: 14
Content-Type: application/json; charset=utf-8
cache-control: no-cache

20:20:46.422 [AsyncHttpClient-1-21] DEBUG org.asynchttpclient.netty.channel.ChannelManager - Adding key: http://localhost:39956 for channel [id: 0xd2d11674, L:/127.0.0.1:55530 - R:localhost/127.0.0.1:39956]
20:20:46.426 [Forwarding getAlertText on session 442d227f837f69f00d6aca8af2dc9f82 to remote] DEBUG org.asynchttpclient.netty.request.NettyRequestSender - Using pooled Channel '[id: 0xd2d11674, L:/127.0.0.1:55530 - R:localhost/127.0.0.1:39956]' for 'GET' to 'http://localhost:39956/session/442d227f837f69f00d6aca8af2dc9f82/alert/text'
20:20:46.426 [Forwarding getAlertText on session 442d227f837f69f00d6aca8af2dc9f82 to remote] DEBUG org.asynchttpclient.netty.request.NettyRequestSender - Using open Channel [id: 0xd2d11674, L:/127.0.0.1:55530 - R:localhost/127.0.0.1:39956] for GET '/session/442d227f837f69f00d6aca8af2dc9f82/alert/text'
20:20:46.428 [AsyncHttpClient-1-21] DEBUG org.asynchttpclient.netty.handler.HttpHandler - 

Request DefaultFullHttpRequest(decodeResult: success, version: HTTP/1.1, content: EmptyByteBufBE)
GET /session/442d227f837f69f00d6aca8af2dc9f82/alert/text HTTP/1.1
User-Agent: selenium/4.8.1 (java windows)
Cache-Control: no-cache
Content-Type: application/json; charset=utf-8
host: localhost:39956
accept: */*

Response DefaultHttpResponse(decodeResult: success, version: HTTP/1.1)
HTTP/1.1 404 Not Found
Content-Length: 836
Content-Type: application/json; charset=utf-8
cache-control: no-cache

20:20:46.428 [AsyncHttpClient-1-21] DEBUG org.asynchttpclient.netty.channel.ChannelManager - Adding key: http://localhost:39956 for channel [id: 0xd2d11674, L:/127.0.0.1:55530 - R:localhost/127.0.0.1:39956]
20:20:46.429 [Forwarding getCurrentUrl on session 442d227f837f69f00d6aca8af2dc9f82 to remote] DEBUG org.asynchttpclient.netty.request.NettyRequestSender - Using pooled Channel '[id: 0xd2d11674, L:/127.0.0.1:55530 - R:localhost/127.0.0.1:39956]' for 'GET' to 'http://localhost:39956/session/442d227f837f69f00d6aca8af2dc9f82/url'
20:20:46.429 [Forwarding getCurrentUrl on session 442d227f837f69f00d6aca8af2dc9f82 to remote] DEBUG org.asynchttpclient.netty.request.NettyRequestSender - Using open Channel [id: 0xd2d11674, L:/127.0.0.1:55530 - R:localhost/127.0.0.1:39956] for GET '/session/442d227f837f69f00d6aca8af2dc9f82/url'
20:20:46.432 [AsyncHttpClient-1-21] DEBUG org.asynchttpclient.netty.handler.HttpHandler - 

Request DefaultFullHttpRequest(decodeResult: success, version: HTTP/1.1, content: EmptyByteBufBE)
GET /session/442d227f837f69f00d6aca8af2dc9f82/url HTTP/1.1
User-Agent: selenium/4.8.1 (java windows)
Cache-Control: no-cache
Content-Type: application/json; charset=utf-8
host: localhost:39956
accept: */*

Response DefaultHttpResponse(decodeResult: success, version: HTTP/1.1)
HTTP/1.1 200 OK
Content-Length: 51
Content-Type: application/json; charset=utf-8
cache-control: no-cache

20:20:46.432 [AsyncHttpClient-1-21] DEBUG org.asynchttpclient.netty.channel.ChannelManager - Adding key: http://localhost:39956 for channel [id: 0xd2d11674, L:/127.0.0.1:55530 - R:localhost/127.0.0.1:39956]
20:20:46.432 [Forwarding screenshot on session 442d227f837f69f00d6aca8af2dc9f82 to remote] DEBUG org.asynchttpclient.netty.request.NettyRequestSender - Using pooled Channel '[id: 0xd2d11674, L:/127.0.0.1:55530 - R:localhost/127.0.0.1:39956]' for 'GET' to 'http://localhost:39956/session/442d227f837f69f00d6aca8af2dc9f82/screenshot'
20:20:46.432 [Forwarding screenshot on session 442d227f837f69f00d6aca8af2dc9f82 to remote] DEBUG org.asynchttpclient.netty.request.NettyRequestSender - Using open Channel [id: 0xd2d11674, L:/127.0.0.1:55530 - R:localhost/127.0.0.1:39956] for GET '/session/442d227f837f69f00d6aca8af2dc9f82/screenshot'
20:20:46.506 [AsyncHttpClient-1-21] DEBUG org.asynchttpclient.netty.handler.HttpHandler - 

Request DefaultFullHttpRequest(decodeResult: success, version: HTTP/1.1, content: EmptyByteBufBE)
GET /session/442d227f837f69f00d6aca8af2dc9f82/screenshot HTTP/1.1
User-Agent: selenium/4.8.1 (java windows)
Cache-Control: no-cache
Content-Type: application/json; charset=utf-8
host: localhost:39956
accept: */*

Response DefaultHttpResponse(decodeResult: success, version: HTTP/1.1)
HTTP/1.1 200 OK
Content-Length: 25208
Content-Type: application/json; charset=utf-8
cache-control: no-cache

20:20:46.506 [AsyncHttpClient-1-21] DEBUG org.asynchttpclient.netty.channel.ChannelManager - Adding key: http://localhost:39956 for channel [id: 0xd2d11674, L:/127.0.0.1:55530 - R:localhost/127.0.0.1:39956]
20:20:46.507 [main] DEBUG net.serenitybdd.core.photography.Darkroom - Send negative for processing for target\site\serenity\edb14d4aab401efa0e4fb99861e6ffcafebc86a67b69f7828890b9910ed2ddbd.png
20:20:46.507 [main] DEBUG net.thucydides.core.steps.StepInterceptor - STEP DONE: clickLogoutOption
  &amp#27;[32mWhen &amp#27;[0m&amp#27;[32mI click logout option&amp#27;[0m                                 &amp#27;[90m# starter.stepdefinitions.LogoutSteps.clickLogoutOption()&amp#27;[0m
20:20:46.512 [Forwarding getPageSource on session 442d227f837f69f00d6aca8af2dc9f82 to remote] DEBUG org.asynchttpclient.netty.request.NettyRequestSender - Using pooled Channel '[id: 0xd2d11674, L:/127.0.0.1:55530 - R:localhost/127.0.0.1:39956]' for 'POST' to 'http://localhost:39956/session/442d227f837f69f00d6aca8af2dc9f82/execute/sync'
20:20:46.512 [Forwarding getPageSource on session 442d227f837f69f00d6aca8af2dc9f82 to remote] DEBUG org.asynchttpclient.netty.request.NettyRequestSender - Using open Channel [id: 0xd2d11674, L:/127.0.0.1:55530 - R:localhost/127.0.0.1:39956] for POST '/session/442d227f837f69f00d6aca8af2dc9f82/execute/sync'
20:20:46.517 [AsyncHttpClient-1-21] DEBUG org.asynchttpclient.netty.handler.HttpHandler - 

Request DefaultHttpRequest(decodeResult: success, version: HTTP/1.1)
POST /session/442d227f837f69f00d6aca8af2dc9f82/execute/sync HTTP/1.1
User-Agent: selenium/4.8.1 (java windows)
Content-Length: 176
Content-Type: application/json; charset=utf-8
host: localhost:39956
accept: */*

Response DefaultHttpResponse(decodeResult: success, version: HTTP/1.1)
HTTP/1.1 200 OK
Content-Length: 21663
Content-Type: application/json; charset=utf-8
cache-control: no-cache

20:20:46.517 [AsyncHttpClient-1-21] DEBUG org.asynchttpclient.netty.channel.ChannelManager - Adding key: http://localhost:39956 for channel [id: 0xd2d11674, L:/127.0.0.1:55530 - R:localhost/127.0.0.1:39956]
20:20:46.518 [Forwarding getCurrentUrl on session 442d227f837f69f00d6aca8af2dc9f82 to remote] DEBUG org.asynchttpclient.netty.request.NettyRequestSender - Using pooled Channel '[id: 0xd2d11674, L:/127.0.0.1:55530 - R:localhost/127.0.0.1:39956]' for 'GET' to 'http://localhost:39956/session/442d227f837f69f00d6aca8af2dc9f82/url'
20:20:46.518 [Forwarding getCurrentUrl on session 442d227f837f69f00d6aca8af2dc9f82 to remote] DEBUG org.asynchttpclient.netty.request.NettyRequestSender - Using open Channel [id: 0xd2d11674, L:/127.0.0.1:55530 - R:localhost/127.0.0.1:39956] for GET '/session/442d227f837f69f00d6aca8af2dc9f82/url'
20:20:46.521 [AsyncHttpClient-1-21] DEBUG org.asynchttpclient.netty.handler.HttpHandler - 

Request DefaultFullHttpRequest(decodeResult: success, version: HTTP/1.1, content: EmptyByteBufBE)
GET /session/442d227f837f69f00d6aca8af2dc9f82/url HTTP/1.1
User-Agent: selenium/4.8.1 (java windows)
Cache-Control: no-cache
Content-Type: application/json; charset=utf-8
host: localhost:39956
accept: */*

Response DefaultHttpResponse(decodeResult: success, version: HTTP/1.1)
HTTP/1.1 200 OK
Content-Length: 51
Content-Type: application/json; charset=utf-8
cache-control: no-cache

20:20:46.521 [AsyncHttpClient-1-21] DEBUG org.asynchttpclient.netty.channel.ChannelManager - Adding key: http://localhost:39956 for channel [id: 0xd2d11674, L:/127.0.0.1:55530 - R:localhost/127.0.0.1:39956]
20:20:46.525 [Forwarding getPageSource on session 442d227f837f69f00d6aca8af2dc9f82 to remote] DEBUG org.asynchttpclient.netty.request.NettyRequestSender - Using pooled Channel '[id: 0xd2d11674, L:/127.0.0.1:55530 - R:localhost/127.0.0.1:39956]' for 'POST' to 'http://localhost:39956/session/442d227f837f69f00d6aca8af2dc9f82/execute/sync'
20:20:46.525 [Forwarding getPageSource on session 442d227f837f69f00d6aca8af2dc9f82 to remote] DEBUG org.asynchttpclient.netty.request.NettyRequestSender - Using open Channel [id: 0xd2d11674, L:/127.0.0.1:55530 - R:localhost/127.0.0.1:39956] for POST '/session/442d227f837f69f00d6aca8af2dc9f82/execute/sync'
20:20:46.528 [AsyncHttpClient-1-21] DEBUG org.asynchttpclient.netty.handler.HttpHandler - 

Request DefaultHttpRequest(decodeResult: success, version: HTTP/1.1)
POST /session/442d227f837f69f00d6aca8af2dc9f82/execute/sync HTTP/1.1
User-Agent: selenium/4.8.1 (java windows)
Content-Length: 176
Content-Type: application/json; charset=utf-8
host: localhost:39956
accept: */*

Response DefaultHttpResponse(decodeResult: success, version: HTTP/1.1)
HTTP/1.1 200 OK
Content-Length: 21663
Content-Type: application/json; charset=utf-8
cache-control: no-cache

20:20:46.528 [AsyncHttpClient-1-21] DEBUG org.asynchttpclient.netty.channel.ChannelManager - Adding key: http://localhost:39956 for channel [id: 0xd2d11674, L:/127.0.0.1:55530 - R:localhost/127.0.0.1:39956]
20:20:46.529 [Forwarding getCurrentUrl on session 442d227f837f69f00d6aca8af2dc9f82 to remote] DEBUG org.asynchttpclient.netty.request.NettyRequestSender - Using pooled Channel '[id: 0xd2d11674, L:/127.0.0.1:55530 - R:localhost/127.0.0.1:39956]' for 'GET' to 'http://localhost:39956/session/442d227f837f69f00d6aca8af2dc9f82/url'
20:20:46.529 [Forwarding getCurrentUrl on session 442d227f837f69f00d6aca8af2dc9f82 to remote] DEBUG org.asynchttpclient.netty.request.NettyRequestSender - Using open Channel [id: 0xd2d11674, L:/127.0.0.1:55530 - R:localhost/127.0.0.1:39956] for GET '/session/442d227f837f69f00d6aca8af2dc9f82/url'
20:20:46.532 [AsyncHttpClient-1-21] DEBUG org.asynchttpclient.netty.handler.HttpHandler - 

Request DefaultFullHttpRequest(decodeResult: success, version: HTTP/1.1, content: EmptyByteBufBE)
GET /session/442d227f837f69f00d6aca8af2dc9f82/url HTTP/1.1
User-Agent: selenium/4.8.1 (java windows)
Cache-Control: no-cache
Content-Type: application/json; charset=utf-8
host: localhost:39956
accept: */*

Response DefaultHttpResponse(decodeResult: success, version: HTTP/1.1)
HTTP/1.1 200 OK
Content-Length: 51
Content-Type: application/json; charset=utf-8
cache-control: no-cache

20:20:46.532 [AsyncHttpClient-1-21] DEBUG org.asynchttpclient.netty.channel.ChannelManager - Adding key: http://localhost:39956 for channel [id: 0xd2d11674, L:/127.0.0.1:55530 - R:localhost/127.0.0.1:39956]
20:20:46.533 [main] DEBUG net.thucydides.core.steps.StepInterceptor - STARTING STEP: LogoutSteps.validateAlreadyLogout - validateAlreadyLogout
20:20:46.534 [Forwarding findElement on session 442d227f837f69f00d6aca8af2dc9f82 to remote] DEBUG org.asynchttpclient.netty.request.NettyRequestSender - Using pooled Channel '[id: 0xd2d11674, L:/127.0.0.1:55530 - R:localhost/127.0.0.1:39956]' for 'POST' to 'http://localhost:39956/session/442d227f837f69f00d6aca8af2dc9f82/element'
20:20:46.534 [Forwarding findElement on session 442d227f837f69f00d6aca8af2dc9f82 to remote] DEBUG org.asynchttpclient.netty.request.NettyRequestSender - Using open Channel [id: 0xd2d11674, L:/127.0.0.1:55530 - R:localhost/127.0.0.1:39956] for POST '/session/442d227f837f69f00d6aca8af2dc9f82/element'
20:20:46.538 [AsyncHttpClient-1-21] DEBUG org.asynchttpclient.netty.handler.HttpHandler - 

Request DefaultHttpRequest(decodeResult: success, version: HTTP/1.1)
POST /session/442d227f837f69f00d6aca8af2dc9f82/element HTTP/1.1
User-Agent: selenium/4.8.1 (java windows)
Content-Length: 59
Content-Type: application/json; charset=utf-8
host: localhost:39956
accept: */*

Response DefaultHttpResponse(decodeResult: success, version: HTTP/1.1)
HTTP/1.1 200 OK
Content-Length: 88
Content-Type: application/json; charset=utf-8
cache-control: no-cache

20:20:46.539 [AsyncHttpClient-1-21] DEBUG org.asynchttpclient.netty.channel.ChannelManager - Adding key: http://localhost:39956 for channel [id: 0xd2d11674, L:/127.0.0.1:55530 - R:localhost/127.0.0.1:39956]
20:20:46.540 [Forwarding isElementDisplayed on session 442d227f837f69f00d6aca8af2dc9f82 to remote] DEBUG org.asynchttpclient.netty.request.NettyRequestSender - Using pooled Channel '[id: 0xd2d11674, L:/127.0.0.1:55530 - R:localhost/127.0.0.1:39956]' for 'POST' to 'http://localhost:39956/session/442d227f837f69f00d6aca8af2dc9f82/execute/sync'
20:20:46.540 [Forwarding isElementDisplayed on session 442d227f837f69f00d6aca8af2dc9f82 to remote] DEBUG org.asynchttpclient.netty.request.NettyRequestSender - Using open Channel [id: 0xd2d11674, L:/127.0.0.1:55530 - R:localhost/127.0.0.1:39956] for POST '/session/442d227f837f69f00d6aca8af2dc9f82/execute/sync'
20:20:46.548 [AsyncHttpClient-1-21] DEBUG org.asynchttpclient.netty.handler.HttpHandler - 

Request DefaultHttpRequest(decodeResult: success, version: HTTP/1.1)
POST /session/442d227f837f69f00d6aca8af2dc9f82/execute/sync HTTP/1.1
User-Agent: selenium/4.8.1 (java windows)
Content-Length: 48807
Content-Type: application/json; charset=utf-8
host: localhost:39956
accept: */*

Response DefaultHttpResponse(decodeResult: success, version: HTTP/1.1)
HTTP/1.1 200 OK
Content-Length: 14
Content-Type: application/json; charset=utf-8
cache-control: no-cache

20:20:46.548 [AsyncHttpClient-1-21] DEBUG org.asynchttpclient.netty.channel.ChannelManager - Adding key: http://localhost:39956 for channel [id: 0xd2d11674, L:/127.0.0.1:55530 - R:localhost/127.0.0.1:39956]
20:20:46.551 [main] DEBUG net.thucydides.core.steps.StepInterceptor - STEP DONE: validateAlreadyLogout
  &amp#27;[32mThen &amp#27;[0m&amp#27;[32mI should be redirected back to my alta-shop home page&amp#27;[0m &amp#27;[90m# starter.stepdefinitions.LogoutSteps.validateAlreadyLogout()&amp#27;[0m
20:20:46.553 [main] INFO  - 
  _____   ___   ___   _____     ___     _     ___   ___   ___   ___  
 |_   _| | __| / __| |_   _|   | _ \   /_\   / __| / __| | __| |   \ 
   | |   | _|  \__ \   | |     |  _/  / _ \  \__ \ \__ \ | _|  | |) |
   |_|   |___| |___/   |_|     |_|   /_/ \_\ |___/ |___/ |___| |___/ 

Logout from account
----------------------------------------------------------------------
20:20:46.554 [AsyncHttpClient-1-1] DEBUG org.asynchttpclient.netty.channel.DefaultChannelPool - Entry count for : http://localhost:55532 : 1
20:20:46.554 [AsyncHttpClient-1-1] DEBUG org.asynchttpclient.netty.channel.DefaultChannelPool - Entry count for : http://localhost:39956 : 1
20:20:46.554 [Driver Command Executor] DEBUG org.asynchttpclient.netty.request.NettyRequestSender - Using pooled Channel '[id: 0xd2d11674, L:/127.0.0.1:55530 - R:localhost/127.0.0.1:39956]' for 'DELETE' to 'http://localhost:39956/session/442d227f837f69f00d6aca8af2dc9f82'
20:20:46.554 [Driver Command Executor] DEBUG org.asynchttpclient.netty.request.NettyRequestSender - Using open Channel [id: 0xd2d11674, L:/127.0.0.1:55530 - R:localhost/127.0.0.1:39956] for DELETE '/session/442d227f837f69f00d6aca8af2dc9f82'
20:20:46.554 [AsyncHttpClient-1-23] DEBUG org.asynchttpclient.netty.handler.WebSocketHandler - Channel Closed: [id: 0x95330273, L:/127.0.0.1:55539 ! R:localhost/127.0.0.1:55532] with attribute NettyResponseFuture{currentRetry=0,
	isDone=1,
	isCancelled=0,
	asyncHandler=org.asynchttpclient.ws.WebSocketUpgradeHandler@f294b76,
	nettyRequest=org.asynchttpclient.netty.request.NettyRequest@29120b4a,
	future=java.util.concurrent.CompletableFuture@5ed590c2[Completed normally],
	uri=ws://localhost:55532/devtools/browser/31dfde6c-927d-45b4-83d7-6320a75da784,
	keepAlive=true,
	redirectCount=0,
	timeoutsHolder=null,
	inAuth=0,
	touch=1683379243505}
20:20:46.554 [AsyncHttpClient-1-23] DEBUG org.asynchttpclient.netty.channel.ChannelManager - Closing Channel [id: 0x95330273, L:/127.0.0.1:55539 ! R:localhost/127.0.0.1:55532] 
20:20:46.614 [AsyncHttpClient-1-22] DEBUG org.asynchttpclient.netty.handler.HttpHandler - Unexpected I/O exception on channel [id: 0x3c97eb38, L:/127.0.0.1:55538 - R:localhost/127.0.0.1:55532]
java.net.SocketException: Connection reset
	at java.base/sun.nio.ch.SocketChannelImpl.throwConnectionReset(SocketChannelImpl.java:367)
	at java.base/sun.nio.ch.SocketChannelImpl.read(SocketChannelImpl.java:398)
	at io.netty.buffer.PooledByteBuf.setBytes(PooledByteBuf.java:259)
	at io.netty.buffer.AbstractByteBuf.writeBytes(AbstractByteBuf.java:1132)
	at io.netty.channel.socket.nio.NioSocketChannel.doReadBytes(NioSocketChannel.java:357)
	at io.netty.channel.nio.AbstractNioByteChannel$NioByteUnsafe.read(AbstractNioByteChannel.java:151)
	at io.netty.channel.nio.NioEventLoop.processSelectedKey(NioEventLoop.java:788)
	at io.netty.channel.nio.NioEventLoop.processSelectedKeysOptimized(NioEventLoop.java:724)
	at io.netty.channel.nio.NioEventLoop.processSelectedKeys(NioEventLoop.java:650)
	at io.netty.channel.nio.NioEventLoop.run(NioEventLoop.java:562)
	at io.netty.util.concurrent.SingleThreadEventExecutor$4.run(SingleThreadEventExecutor.java:997)
	at io.netty.util.internal.ThreadExecutorMap$2.run(ThreadExecutorMap.java:74)
	at io.netty.util.concurrent.FastThreadLocalRunnable.run(FastThreadLocalRunnable.java:30)
	at java.base/java.lang.Thread.run(Thread.java:832)
20:20:46.614 [AsyncHttpClient-1-22] DEBUG org.asynchttpclient.netty.channel.ChannelManager - Closing Channel [id: 0x3c97eb38, L:/127.0.0.1:55538 - R:localhost/127.0.0.1:55532] 
20:20:46.614 [AsyncHttpClient-1-22] DEBUG org.asynchttpclient.netty.handler.HttpHandler - Channel Closed: [id: 0x3c97eb38, L:/127.0.0.1:55538 ! R:localhost/127.0.0.1:55532] with attribute DISCARD
20:20:46.633 [AsyncHttpClient-1-21] DEBUG org.asynchttpclient.netty.handler.HttpHandler - 

Request DefaultFullHttpRequest(decodeResult: success, version: HTTP/1.1, content: EmptyByteBufBE)
DELETE /session/442d227f837f69f00d6aca8af2dc9f82 HTTP/1.1
User-Agent: selenium/4.8.1 (java windows)
Content-Type: application/json; charset=utf-8
host: localhost:39956
accept: */*

Response DefaultHttpResponse(decodeResult: success, version: HTTP/1.1)
HTTP/1.1 200 OK
Content-Length: 14
Content-Type: application/json; charset=utf-8
cache-control: no-cache

20:20:46.633 [AsyncHttpClient-1-21] DEBUG org.asynchttpclient.netty.channel.ChannelManager - Adding key: http://localhost:39956 for channel [id: 0xd2d11674, L:/127.0.0.1:55530 - R:localhost/127.0.0.1:39956]
20:20:46.779 [AsyncHttpClient-1-21] DEBUG org.asynchttpclient.netty.handler.HttpHandler - Channel Closed: [id: 0xd2d11674, L:/127.0.0.1:55530 ! R:localhost/127.0.0.1:39956] with attribute DISCARD
]]></system-out>
    <system-err><![CDATA[Starting ChromeDriver 111.0.5563.64 (c710e93d5b63b7095afe8c2c17df34408078439d-refs/branch-heads/5563@{#995}) on port 39956
Only local connections are allowed.
Please see https://chromedriver.chromium.org/security-considerations for suggestions on keeping ChromeDriver safe.
ChromeDriver was started successfully.
[1683379243.487][WARNING]: This version of ChromeDriver has not been tested with Chrome version 112.
May 06, 2023 8:20:43 PM org.openqa.selenium.devtools.CdpVersionFinder findNearestMatch
WARNING: Unable to find an exact match for CDP version 112, so returning the closest version found: 110
]]></system-err>
  </testcase>
</testsuite>