<?xml version="1.0" encoding="UTF-8"?>
<testsuite xmlns:xsi="http://www.w3.org/2001/XMLSchema-instance" xsi:noNamespaceSchemaLocation="https://maven.apache.org/surefire/maven-failsafe-plugin/xsd/failsafe-test-report-3.0.xsd" version="3.0" name="starter.CucumberTestSuite" time="104.069" tests="5" errors="0" skipped="0" failures="0">
  <properties>
    <property name="java.specification.version" value="15"/>
    <property name="webdriver.chrome.driver" value="src/test/resources/webdriver/chromedriver.exe"/>
    <property name="sun.cpu.isalist" value="amd64"/>
    <property name="sun.jnu.encoding" value="Cp1252"/>
    <property name="java.class.path" value="C:\Users\WINDOWS 10\Documents\GitHub\MiniProject_QE\Web\code\minpro\target\test-classes;C:\Users\WINDOWS 10\.m2\repository\net\serenity-bdd\serenity-rest-assured\3.6.22\serenity-rest-assured-3.6.22.jar;C:\Users\WINDOWS 10\.m2\repository\org\apache\httpcomponents\httpclient\4.5.13\httpclient-4.5.13.jar;C:\Users\WINDOWS 10\.m2\repository\org\apache\httpcomponents\httpcore\4.4.13\httpcore-4.4.13.jar;C:\Users\WINDOWS 10\.m2\repository\commons-logging\commons-logging\1.2\commons-logging-1.2.jar;C:\Users\WINDOWS 10\.m2\repository\io\rest-assured\rest-assured\5.3.0\rest-assured-5.3.0.jar;C:\Users\WINDOWS 10\.m2\repository\org\apache\httpcomponents\httpmime\4.5.13\httpmime-4.5.13.jar;C:\Users\WINDOWS 10\.m2\repository\org\ccil\cowan\tagsoup\tagsoup\1.2.1\tagsoup-1.2.1.jar;C:\Users\WINDOWS 10\.m2\repository\io\rest-assured\json-path\5.3.0\json-path-5.3.0.jar;C:\Users\WINDOWS 10\.m2\repository\io\rest-assured\rest-assured-common\5.3.0\rest-assured-common-5.3.0.jar;C:\Users\WINDOWS 10\.m2\repository\io\rest-assured\xml-path\5.3.0\xml-path-5.3.0.jar;C:\Users\WINDOWS 10\.m2\repository\org\apache\groovy\groovy-json\4.0.10\groovy-json-4.0.10.jar;C:\Users\WINDOWS 10\.m2\repository\org\apache\groovy\groovy-xml\4.0.10\groovy-xml-4.0.10.jar;C:\Users\WINDOWS 10\.m2\repository\org\apache\groovy\groovy\4.0.10\groovy-4.0.10.jar;C:\Users\WINDOWS 10\.m2\repository\org\opentest4j\opentest4j\1.2.0\opentest4j-1.2.0.jar;C:\Users\WINDOWS 10\.m2\repository\net\serenity-bdd\serenity-core\3.6.21\serenity-core-3.6.21.jar;C:\Users\WINDOWS 10\.m2\repository\net\serenity-bdd\serenity-model\3.6.21\serenity-model-3.6.21.jar;C:\Users\WINDOWS 10\.m2\repository\org\apache\commons\commons-text\1.10.0\commons-text-1.10.0.jar;C:\Users\WINDOWS 10\.m2\repository\commons-net\commons-net\3.9.0\commons-net-3.9.0.jar;C:\Users\WINDOWS 10\.m2\repository\com\google\guava\guava\31.1-jre\guava-31.1-jre.jar;C:\Users\WINDOWS 10\.m2\repository\com\google\guava\failureaccess\1.0.1\failureaccess-1.0.1.jar;C:\Users\WINDOWS 10\.m2\repository\com\google\guava\listenablefuture\9999.0-empty-to-avoid-conflict-with-guava\listenablefuture-9999.0-empty-to-avoid-conflict-with-guava.jar;C:\Users\WINDOWS 10\.m2\repository\com\google\code\findbugs\jsr305\3.0.2\jsr305-3.0.2.jar;C:\Users\WINDOWS 10\.m2\repository\org\checkerframework\checker-qual\3.12.0\checker-qual-3.12.0.jar;C:\Users\WINDOWS 10\.m2\repository\com\google\errorprone\error_prone_annotations\2.11.0\error_prone_annotations-2.11.0.jar;C:\Users\WINDOWS 10\.m2\repository\com\google\j2objc\j2objc-annotations\1.3\j2objc-annotations-1.3.jar;C:\Users\WINDOWS 10\.m2\repository\com\google\inject\guice\5.1.0\guice-5.1.0.jar;C:\Users\WINDOWS 10\.m2\repository\javax\inject\javax.inject\1\javax.inject-1.jar;C:\Users\WINDOWS 10\.m2\repository\aopalliance\aopalliance\1.0\aopalliance-1.0.jar;C:\Users\WINDOWS 10\.m2\repository\org\jsoup\jsoup\1.14.3\jsoup-1.14.3.jar;C:\Users\WINDOWS 10\.m2\repository\com\thoughtworks\xstream\xstream\1.4.20\xstream-1.4.20.jar;C:\Users\WINDOWS 10\.m2\repository\io\github\x-stream\mxparser\1.2.2\mxparser-1.2.2.jar;C:\Users\WINDOWS 10\.m2\repository\xmlpull\xmlpull\1.1.3.1\xmlpull-1.1.3.1.jar;C:\Users\WINDOWS 10\.m2\repository\com\typesafe\config\1.4.2\config-1.4.2.jar;C:\Users\WINDOWS 10\.m2\repository\org\imgscalr\imgscalr-lib\4.2\imgscalr-lib-4.2.jar;C:\Users\WINDOWS 10\.m2\repository\org\awaitility\awaitility\4.2.0\awaitility-4.2.0.jar;C:\Users\WINDOWS 10\.m2\repository\org\freemarker\freemarker\2.3.31\freemarker-2.3.31.jar;C:\Users\WINDOWS 10\.m2\repository\io\github\classgraph\classgraph\4.8.138\classgraph-4.8.138.jar;C:\Users\WINDOWS 10\.m2\repository\net\sourceforge\jexcelapi\jxl\2.6.12\jxl-2.6.12.jar;C:\Users\WINDOWS 10\.m2\repository\net\bytebuddy\byte-buddy-agent\1.14.2\byte-buddy-agent-1.14.2.jar;C:\Users\WINDOWS 10\.m2\repository\org\objenesis\objenesis\3.3\objenesis-3.3.jar;C:\Users\WINDOWS 10\.m2\repository\net\serenity-bdd\serenity-reports\3.6.21\serenity-reports-3.6.21.jar;C:\Users\WINDOWS 10\.m2\repository\net\serenity-bdd\serenity-stats\3.6.21\serenity-stats-3.6.21.jar;C:\Users\WINDOWS 10\.m2\repository\net\serenity-bdd\serenity-reports-configuration\3.6.21\serenity-reports-configuration-3.6.21.jar;C:\Users\WINDOWS 10\.m2\repository\com\vladsch\flexmark\flexmark-all\0.62.2\flexmark-all-0.62.2.jar;C:\Users\WINDOWS 10\.m2\repository\com\vladsch\flexmark\flexmark\0.62.2\flexmark-0.62.2.jar;C:\Users\WINDOWS 10\.m2\repository\com\vladsch\flexmark\flexmark-ext-abbreviation\0.62.2\flexmark-ext-abbreviation-0.62.2.jar;C:\Users\WINDOWS 10\.m2\repository\com\vladsch\flexmark\flexmark-util\0.62.2\flexmark-util-0.62.2.jar;C:\Users\WINDOWS 10\.m2\repository\com\vladsch\flexmark\flexmark-ext-admonition\0.62.2\flexmark-ext-admonition-0.62.2.jar;C:\Users\WINDOWS 10\.m2\repository\com\vladsch\flexmark\flexmark-ext-anchorlink\0.62.2\flexmark-ext-anchorlink-0.62.2.jar;C:\Users\WINDOWS 10\.m2\repository\com\vladsch\flexmark\flexmark-ext-aside\0.62.2\flexmark-ext-aside-0.62.2.jar;C:\Users\WINDOWS 10\.m2\repository\com\vladsch\flexmark\flexmark-ext-attributes\0.62.2\flexmark-ext-attributes-0.62.2.jar;C:\Users\WINDOWS 10\.m2\repository\com\vladsch\flexmark\flexmark-ext-autolink\0.62.2\flexmark-ext-autolink-0.62.2.jar;C:\Users\WINDOWS 10\.m2\repository\org\nibor\autolink\autolink\0.6.0\autolink-0.6.0.jar;C:\Users\WINDOWS 10\.m2\repository\com\vladsch\flexmark\flexmark-ext-definition\0.62.2\flexmark-ext-definition-0.62.2.jar;C:\Users\WINDOWS 10\.m2\repository\com\vladsch\flexmark\flexmark-ext-emoji\0.62.2\flexmark-ext-emoji-0.62.2.jar;C:\Users\WINDOWS 10\.m2\repository\com\vladsch\flexmark\flexmark-ext-enumerated-reference\0.62.2\flexmark-ext-enumerated-reference-0.62.2.jar;C:\Users\WINDOWS 10\.m2\repository\com\vladsch\flexmark\flexmark-ext-escaped-character\0.62.2\flexmark-ext-escaped-character-0.62.2.jar;C:\Users\WINDOWS 10\.m2\repository\com\vladsch\flexmark\flexmark-ext-footnotes\0.62.2\flexmark-ext-footnotes-0.62.2.jar;C:\Users\WINDOWS 10\.m2\repository\com\vladsch\flexmark\flexmark-ext-gfm-issues\0.62.2\flexmark-ext-gfm-issues-0.62.2.jar;C:\Users\WINDOWS 10\.m2\repository\com\vladsch\flexmark\flexmark-ext-gfm-strikethrough\0.62.2\flexmark-ext-gfm-strikethrough-0.62.2.jar;C:\Users\WINDOWS 10\.m2\repository\com\vladsch\flexmark\flexmark-ext-gfm-tasklist\0.62.2\flexmark-ext-gfm-tasklist-0.62.2.jar;C:\Users\WINDOWS 10\.m2\repository\com\vladsch\flexmark\flexmark-ext-gfm-users\0.62.2\flexmark-ext-gfm-users-0.62.2.jar;C:\Users\WINDOWS 10\.m2\repository\com\vladsch\flexmark\flexmark-ext-gitlab\0.62.2\flexmark-ext-gitlab-0.62.2.jar;C:\Users\WINDOWS 10\.m2\repository\com\vladsch\flexmark\flexmark-ext-jekyll-front-matter\0.62.2\flexmark-ext-jekyll-front-matter-0.62.2.jar;C:\Users\WINDOWS 10\.m2\repository\com\vladsch\flexmark\flexmark-ext-jekyll-tag\0.62.2\flexmark-ext-jekyll-tag-0.62.2.jar;C:\Users\WINDOWS 10\.m2\repository\com\vladsch\flexmark\flexmark-ext-media-tags\0.62.2\flexmark-ext-media-tags-0.62.2.jar;C:\Users\WINDOWS 10\.m2\repository\com\vladsch\flexmark\flexmark-ext-macros\0.62.2\flexmark-ext-macros-0.62.2.jar;C:\Users\WINDOWS 10\.m2\repository\com\vladsch\flexmark\flexmark-ext-ins\0.62.2\flexmark-ext-ins-0.62.2.jar;C:\Users\WINDOWS 10\.m2\repository\com\vladsch\flexmark\flexmark-ext-xwiki-macros\0.62.2\flexmark-ext-xwiki-macros-0.62.2.jar;C:\Users\WINDOWS 10\.m2\repository\com\vladsch\flexmark\flexmark-ext-superscript\0.62.2\flexmark-ext-superscript-0.62.2.jar;C:\Users\WINDOWS 10\.m2\repository\com\vladsch\flexmark\flexmark-ext-tables\0.62.2\flexmark-ext-tables-0.62.2.jar;C:\Users\WINDOWS 10\.m2\repository\com\vladsch\flexmark\flexmark-ext-toc\0.62.2\flexmark-ext-toc-0.62.2.jar;C:\Users\WINDOWS 10\.m2\repository\com\vladsch\flexmark\flexmark-ext-typographic\0.62.2\flexmark-ext-typographic-0.62.2.jar;C:\Users\WINDOWS 10\.m2\repository\com\vladsch\flexmark\flexmark-ext-wikilink\0.62.2\flexmark-ext-wikilink-0.62.2.jar;C:\Users\WINDOWS 10\.m2\repository\com\vladsch\flexmark\flexmark-ext-yaml-front-matter\0.62.2\flexmark-ext-yaml-front-matter-0.62.2.jar;C:\Users\WINDOWS 10\.m2\repository\com\vladsch\flexmark\flexmark-ext-youtube-embedded\0.62.2\flexmark-ext-youtube-embedded-0.62.2.jar;C:\Users\WINDOWS 10\.m2\repository\com\vladsch\flexmark\flexmark-html2md-converter\0.62.2\flexmark-html2md-converter-0.62.2.jar;C:\Users\WINDOWS 10\.m2\repository\com\vladsch\flexmark\flexmark-jira-converter\0.62.2\flexmark-jira-converter-0.62.2.jar;C:\Users\WINDOWS 10\.m2\repository\com\vladsch\flexmark\flexmark-pdf-converter\0.62.2\flexmark-pdf-converter-0.62.2.jar;C:\Users\WINDOWS 10\.m2\repository\com\openhtmltopdf\openhtmltopdf-core\1.0.0\openhtmltopdf-core-1.0.0.jar;C:\Users\WINDOWS 10\.m2\repository\com\openhtmltopdf\openhtmltopdf-pdfbox\1.0.0\openhtmltopdf-pdfbox-1.0.0.jar;C:\Users\WINDOWS 10\.m2\repository\org\apache\pdfbox\pdfbox\2.0.16\pdfbox-2.0.16.jar;C:\Users\WINDOWS 10\.m2\repository\org\apache\pdfbox\fontbox\2.0.16\fontbox-2.0.16.jar;C:\Users\WINDOWS 10\.m2\repository\org\apache\pdfbox\xmpbox\2.0.16\xmpbox-2.0.16.jar;C:\Users\WINDOWS 10\.m2\repository\de\rototor\pdfbox\graphics2d\0.24\graphics2d-0.24.jar;C:\Users\WINDOWS 10\.m2\repository\com\openhtmltopdf\openhtmltopdf-rtl-support\1.0.0\openhtmltopdf-rtl-support-1.0.0.jar;C:\Users\WINDOWS 10\.m2\repository\com\openhtmltopdf\openhtmltopdf-jsoup-dom-converter\1.0.0\openhtmltopdf-jsoup-dom-converter-1.0.0.jar;C:\Users\WINDOWS 10\.m2\repository\com\vladsch\flexmark\flexmark-profile-pegdown\0.62.2\flexmark-profile-pegdown-0.62.2.jar;C:\Users\WINDOWS 10\.m2\repository\com\vladsch\flexmark\flexmark-util-ast\0.62.2\flexmark-util-ast-0.62.2.jar;C:\Users\WINDOWS 10\.m2\repository\com\vladsch\flexmark\flexmark-util-builder\0.62.2\flexmark-util-builder-0.62.2.jar;C:\Users\WINDOWS 10\.m2\repository\com\vladsch\flexmark\flexmark-util-collection\0.62.2\flexmark-util-collection-0.62.2.jar;C:\Users\WINDOWS 10\.m2\repository\com\vladsch\flexmark\flexmark-util-data\0.62.2\flexmark-util-data-0.62.2.jar;C:\Users\WINDOWS 10\.m2\repository\com\vladsch\flexmark\flexmark-util-dependency\0.62.2\flexmark-util-dependency-0.62.2.jar;C:\Users\WINDOWS 10\.m2\repository\com\vladsch\flexmark\flexmark-util-format\0.62.2\flexmark-util-format-0.62.2.jar;C:\Users\WINDOWS 10\.m2\repository\com\vladsch\flexmark\flexmark-util-html\0.62.2\flexmark-util-html-0.62.2.jar;C:\Users\WINDOWS 10\.m2\repository\com\vladsch\flexmark\flexmark-util-misc\0.62.2\flexmark-util-misc-0.62.2.jar;C:\Users\WINDOWS 10\.m2\repository\com\vladsch\flexmark\flexmark-util-options\0.62.2\flexmark-util-options-0.62.2.jar;C:\Users\WINDOWS 10\.m2\repository\com\vladsch\flexmark\flexmark-util-sequence\0.62.2\flexmark-util-sequence-0.62.2.jar;C:\Users\WINDOWS 10\.m2\repository\com\vladsch\flexmark\flexmark-util-visitor\0.62.2\flexmark-util-visitor-0.62.2.jar;C:\Users\WINDOWS 10\.m2\repository\com\vladsch\flexmark\flexmark-youtrack-converter\0.62.2\flexmark-youtrack-converter-0.62.2.jar;C:\Users\WINDOWS 10\.m2\repository\com\ibm\icu\icu4j\72.1\icu4j-72.1.jar;C:\Users\WINDOWS 10\.m2\repository\es\nitaur\markdown\txtmark\0.16\txtmark-0.16.jar;C:\Users\WINDOWS 10\.m2\repository\net\serenity-bdd\serenity-report-resources\3.6.21\serenity-report-resources-3.6.21.jar;C:\Users\WINDOWS 10\.m2\repository\com\google\code\gson\gson\2.10.1\gson-2.10.1.jar;C:\Users\WINDOWS 10\.m2\repository\com\fasterxml\jackson\core\jackson-core\2.15.0-rc1\jackson-core-2.15.0-rc1.jar;C:\Users\WINDOWS 10\.m2\repository\com\fasterxml\jackson\core\jackson-databind\2.15.0-rc1\jackson-databind-2.15.0-rc1.jar;C:\Users\WINDOWS 10\.m2\repository\com\fasterxml\jackson\core\jackson-annotations\2.15.0-rc1\jackson-annotations-2.15.0-rc1.jar;C:\Users\WINDOWS 10\.m2\repository\commons-codec\commons-codec\1.15\commons-codec-1.15.jar;C:\Users\WINDOWS 10\.m2\repository\commons-io\commons-io\2.11.0\commons-io-2.11.0.jar;C:\Users\WINDOWS 10\.m2\repository\org\seleniumhq\selenium\selenium-java\4.8.1\selenium-java-4.8.1.jar;C:\Users\WINDOWS 10\.m2\repository\org\seleniumhq\selenium\selenium-devtools-v108\4.8.1\selenium-devtools-v108-4.8.1.jar;C:\Users\WINDOWS 10\.m2\repository\org\seleniumhq\selenium\selenium-devtools-v109\4.8.1\selenium-devtools-v109-4.8.1.jar;C:\Users\WINDOWS 10\.m2\repository\org\seleniumhq\selenium\selenium-devtools-v110\4.8.1\selenium-devtools-v110-4.8.1.jar;C:\Users\WINDOWS 10\.m2\repository\org\seleniumhq\selenium\selenium-devtools-v85\4.8.1\selenium-devtools-v85-4.8.1.jar;C:\Users\WINDOWS 10\.m2\repository\org\seleniumhq\selenium\selenium-remote-driver\4.8.1\selenium-remote-driver-4.8.1.jar;C:\Users\WINDOWS 10\.m2\repository\com\beust\jcommander\1.82\jcommander-1.82.jar;C:\Users\WINDOWS 10\.m2\repository\io\netty\netty-buffer\4.1.87.Final\netty-buffer-4.1.87.Final.jar;C:\Users\WINDOWS 10\.m2\repository\io\netty\netty-codec-http\4.1.87.Final\netty-codec-http-4.1.87.Final.jar;C:\Users\WINDOWS 10\.m2\repository\io\netty\netty-codec\4.1.87.Final\netty-codec-4.1.87.Final.jar;C:\Users\WINDOWS 10\.m2\repository\io\netty\netty-handler\4.1.87.Final\netty-handler-4.1.87.Final.jar;C:\Users\WINDOWS 10\.m2\repository\io\netty\netty-common\4.1.87.Final\netty-common-4.1.87.Final.jar;C:\Users\WINDOWS 10\.m2\repository\io\netty\netty-transport-classes-epoll\4.1.87.Final\netty-transport-classes-epoll-4.1.87.Final.jar;C:\Users\WINDOWS 10\.m2\repository\io\netty\netty-transport-classes-kqueue\4.1.87.Final\netty-transport-classes-kqueue-4.1.87.Final.jar;C:\Users\WINDOWS 10\.m2\repository\io\netty\netty-transport-native-epoll\4.1.87.Final\netty-transport-native-epoll-4.1.87.Final.jar;C:\Users\WINDOWS 10\.m2\repository\io\netty\netty-transport-native-kqueue\4.1.87.Final\netty-transport-native-kqueue-4.1.87.Final.jar;C:\Users\WINDOWS 10\.m2\repository\io\netty\netty-transport-native-unix-common\4.1.87.Final\netty-transport-native-unix-common-4.1.87.Final.jar;C:\Users\WINDOWS 10\.m2\repository\io\netty\netty-transport\4.1.87.Final\netty-transport-4.1.87.Final.jar;C:\Users\WINDOWS 10\.m2\repository\io\netty\netty-resolver\4.1.87.Final\netty-resolver-4.1.87.Final.jar;C:\Users\WINDOWS 10\.m2\repository\io\opentelemetry\opentelemetry-api\1.22.0\opentelemetry-api-1.22.0.jar;C:\Users\WINDOWS 10\.m2\repository\io\opentelemetry\opentelemetry-context\1.22.0\opentelemetry-context-1.22.0.jar;C:\Users\WINDOWS 10\.m2\repository\io\opentelemetry\opentelemetry-exporter-logging\1.22.0\opentelemetry-exporter-logging-1.22.0.jar;C:\Users\WINDOWS 10\.m2\repository\io\opentelemetry\opentelemetry-sdk-metrics\1.22.0\opentelemetry-sdk-metrics-1.22.0.jar;C:\Users\WINDOWS 10\.m2\repository\io\opentelemetry\opentelemetry-sdk-logs\1.22.0-alpha\opentelemetry-sdk-logs-1.22.0-alpha.jar;C:\Users\WINDOWS 10\.m2\repository\io\opentelemetry\opentelemetry-api-logs\1.22.0-alpha\opentelemetry-api-logs-1.22.0-alpha.jar;C:\Users\WINDOWS 10\.m2\repository\io\opentelemetry\opentelemetry-sdk-common\1.22.0\opentelemetry-sdk-common-1.22.0.jar;C:\Users\WINDOWS 10\.m2\repository\io\opentelemetry\opentelemetry-sdk-extension-autoconfigure-spi\1.22.0\opentelemetry-sdk-extension-autoconfigure-spi-1.22.0.jar;C:\Users\WINDOWS 10\.m2\repository\io\opentelemetry\opentelemetry-sdk-extension-autoconfigure\1.22.0-alpha\opentelemetry-sdk-extension-autoconfigure-1.22.0-alpha.jar;C:\Users\WINDOWS 10\.m2\repository\io\opentelemetry\opentelemetry-sdk-trace\1.22.0\opentelemetry-sdk-trace-1.22.0.jar;C:\Users\WINDOWS 10\.m2\repository\io\opentelemetry\opentelemetry-sdk\1.22.0\opentelemetry-sdk-1.22.0.jar;C:\Users\WINDOWS 10\.m2\repository\io\opentelemetry\opentelemetry-semconv\1.22.0-alpha\opentelemetry-semconv-1.22.0-alpha.jar;C:\Users\WINDOWS 10\.m2\repository\io\ous\jtoml\2.0.0\jtoml-2.0.0.jar;C:\Users\WINDOWS 10\.m2\repository\org\apache\commons\commons-exec\1.3\commons-exec-1.3.jar;C:\Users\WINDOWS 10\.m2\repository\org\asynchttpclient\async-http-client\2.12.3\async-http-client-2.12.3.jar;C:\Users\WINDOWS 10\.m2\repository\org\asynchttpclient\async-http-client-netty-utils\2.12.3\async-http-client-netty-utils-2.12.3.jar;C:\Users\WINDOWS 10\.m2\repository\io\netty\netty-codec-socks\4.1.60.Final\netty-codec-socks-4.1.60.Final.jar;C:\Users\WINDOWS 10\.m2\repository\io\netty\netty-handler-proxy\4.1.60.Final\netty-handler-proxy-4.1.60.Final.jar;C:\Users\WINDOWS 10\.m2\repository\io\netty\netty-transport-native-epoll\4.1.60.Final\netty-transport-native-epoll-4.1.60.Final-linux-x86_64.jar;C:\Users\WINDOWS 10\.m2\repository\io\netty\netty-transport-native-kqueue\4.1.60.Final\netty-transport-native-kqueue-4.1.60.Final-osx-x86_64.jar;C:\Users\WINDOWS 10\.m2\repository\org\reactivestreams\reactive-streams\1.0.3\reactive-streams-1.0.3.jar;C:\Users\WINDOWS 10\.m2\repository\com\typesafe\netty\netty-reactive-streams\2.0.4\netty-reactive-streams-2.0.4.jar;C:\Users\WINDOWS 10\.m2\repository\org\seleniumhq\selenium\selenium-manager\4.8.1\selenium-manager-4.8.1.jar;C:\Users\WINDOWS 10\.m2\repository\org\seleniumhq\selenium\selenium-safari-driver\4.8.1\selenium-safari-driver-4.8.1.jar;C:\Users\WINDOWS 10\.m2\repository\org\seleniumhq\selenium\selenium-api\4.8.1\selenium-api-4.8.1.jar;C:\Users\WINDOWS 10\.m2\repository\org\seleniumhq\selenium\selenium-support\4.8.1\selenium-support-4.8.1.jar;C:\Users\WINDOWS 10\.m2\repository\com\google\auto\service\auto-service-annotations\1.0.1\auto-service-annotations-1.0.1.jar;C:\Users\WINDOWS 10\.m2\repository\com\google\auto\service\auto-service\1.0.1\auto-service-1.0.1.jar;C:\Users\WINDOWS 10\.m2\repository\com\google\auto\auto-common\1.2\auto-common-1.2.jar;C:\Users\WINDOWS 10\.m2\repository\org\seleniumhq\selenium\selenium-json\4.8.1\selenium-json-4.8.1.jar;C:\Users\WINDOWS 10\.m2\repository\org\seleniumhq\selenium\selenium-chrome-driver\4.8.1\selenium-chrome-driver-4.8.1.jar;C:\Users\WINDOWS 10\.m2\repository\org\seleniumhq\selenium\selenium-chromium-driver\4.8.1\selenium-chromium-driver-4.8.1.jar;C:\Users\WINDOWS 10\.m2\repository\org\seleniumhq\selenium\selenium-firefox-driver\4.8.1\selenium-firefox-driver-4.8.1.jar;C:\Users\WINDOWS 10\.m2\repository\org\seleniumhq\selenium\selenium-http\4.8.1\selenium-http-4.8.1.jar;C:\Users\WINDOWS 10\.m2\repository\dev\failsafe\failsafe\3.3.0\failsafe-3.3.0.jar;C:\Users\WINDOWS 10\.m2\repository\org\seleniumhq\selenium\selenium-edge-driver\4.8.1\selenium-edge-driver-4.8.1.jar;C:\Users\WINDOWS 10\.m2\repository\org\seleniumhq\selenium\selenium-ie-driver\4.8.1\selenium-ie-driver-4.8.1.jar;C:\Users\WINDOWS 10\.m2\repository\org\projectlombok\lombok\1.18.20\lombok-1.18.20.jar;C:\Users\WINDOWS 10\.m2\repository\io\appium\java-client\8.3.0\java-client-8.3.0.jar;C:\Users\WINDOWS 10\.m2\repository\commons-validator\commons-validator\1.7\commons-validator-1.7.jar;C:\Users\WINDOWS 10\.m2\repository\commons-digester\commons-digester\2.1\commons-digester-2.1.jar;C:\Users\WINDOWS 10\.m2\repository\net\sf\opencsv\opencsv\2.0\opencsv-2.0.jar;C:\Users\WINDOWS 10\.m2\repository\commons-beanutils\commons-beanutils\1.9.4\commons-beanutils-1.9.4.jar;C:\Users\WINDOWS 10\.m2\repository\org\apache\commons\commons-lang3\3.12.0\commons-lang3-3.12.0.jar;C:\Users\WINDOWS 10\.m2\repository\commons-collections\commons-collections\3.2.2\commons-collections-3.2.2.jar;C:\Users\WINDOWS 10\.m2\repository\org\fluentlenium\fluentlenium-core\0.10.2\fluentlenium-core-0.10.2.jar;C:\Users\WINDOWS 10\.m2\repository\io\github\bonigarcia\webdrivermanager\5.3.0\webdrivermanager-5.3.0.jar;C:\Users\WINDOWS 10\.m2\repository\com\github\docker-java\docker-java\3.2.13\docker-java-3.2.13.jar;C:\Users\WINDOWS 10\.m2\repository\com\github\docker-java\docker-java-core\3.2.13\docker-java-core-3.2.13.jar;C:\Users\WINDOWS 10\.m2\repository\com\github\docker-java\docker-java-api\3.2.13\docker-java-api-3.2.13.jar;C:\Users\WINDOWS 10\.m2\repository\org\apache\commons\commons-compress\1.21\commons-compress-1.21.jar;C:\Users\WINDOWS 10\.m2\repository\org\bouncycastle\bcpkix-jdk15on\1.64\bcpkix-jdk15on-1.64.jar;C:\Users\WINDOWS 10\.m2\repository\org\bouncycastle\bcprov-jdk15on\1.64\bcprov-jdk15on-1.64.jar;C:\Users\WINDOWS 10\.m2\repository\org\slf4j\jcl-over-slf4j\1.7.30\jcl-over-slf4j-1.7.30.jar;C:\Users\WINDOWS 10\.m2\repository\com\github\docker-java\docker-java-transport-httpclient5\3.2.13\docker-java-transport-httpclient5-3.2.13.jar;C:\Users\WINDOWS 10\.m2\repository\com\github\docker-java\docker-java-transport\3.2.13\docker-java-transport-3.2.13.jar;C:\Users\WINDOWS 10\.m2\repository\net\java\dev\jna\jna\5.8.0\jna-5.8.0.jar;C:\Users\WINDOWS 10\.m2\repository\org\brotli\dec\0.1.2\dec-0.1.2.jar;C:\Users\WINDOWS 10\.m2\repository\org\apache\httpcomponents\client5\httpclient5\5.1.3\httpclient5-5.1.3.jar;C:\Users\WINDOWS 10\.m2\repository\org\apache\httpcomponents\core5\httpcore5\5.1.3\httpcore5-5.1.3.jar;C:\Users\WINDOWS 10\.m2\repository\org\apache\httpcomponents\core5\httpcore5-h2\5.1.3\httpcore5-h2-5.1.3.jar;C:\Users\WINDOWS 10\.m2\repository\com\jhlabs\filters\2.0.235\filters-2.0.235.jar;C:\Users\WINDOWS 10\.m2\repository\com\paulhammant\ngwebdriver\1.1.6\ngwebdriver-1.1.6.jar;C:\Users\WINDOWS 10\.m2\repository\joda-time\joda-time\2.12.2\joda-time-2.12.2.jar;C:\Users\WINDOWS 10\.m2\repository\org\hamcrest\hamcrest\2.2\hamcrest-2.2.jar;C:\Users\WINDOWS 10\.m2\repository\com\google\jimfs\jimfs\1.2\jimfs-1.2.jar;C:\Users\WINDOWS 10\.m2\repository\org\mockito\mockito-core\3.3.3\mockito-core-3.3.3.jar;C:\Users\WINDOWS 10\.m2\repository\javax\xml\bind\jaxb-api\2.3.1\jaxb-api-2.3.1.jar;C:\Users\WINDOWS 10\.m2\repository\javax\activation\javax.activation-api\1.2.0\javax.activation-api-1.2.0.jar;C:\Users\WINDOWS 10\.m2\repository\com\sun\xml\bind\jaxb-core\2.3.0.1\jaxb-core-2.3.0.1.jar;C:\Users\WINDOWS 10\.m2\repository\com\sun\xml\bind\jaxb-impl\2.3.3\jaxb-impl-2.3.3.jar;C:\Users\WINDOWS 10\.m2\repository\jakarta\xml\bind\jakarta.xml.bind-api\2.3.3\jakarta.xml.bind-api-2.3.3.jar;C:\Users\WINDOWS 10\.m2\repository\com\sun\activation\jakarta.activation\1.2.2\jakarta.activation-1.2.2.jar;C:\Users\WINDOWS 10\.m2\repository\javax\activation\activation\1.1.1\activation-1.1.1.jar;C:\Users\WINDOWS 10\.m2\repository\net\serenity-bdd\serenity-cucumber\3.6.21\serenity-cucumber-3.6.21.jar;C:\Users\WINDOWS 10\.m2\repository\io\cucumber\cucumber-core\7.11.0\cucumber-core-7.11.0.jar;C:\Users\WINDOWS 10\.m2\repository\io\cucumber\cucumber-gherkin\7.11.0\cucumber-gherkin-7.11.0.jar;C:\Users\WINDOWS 10\.m2\repository\io\cucumber\cucumber-gherkin-messages\7.11.0\cucumber-gherkin-messages-7.11.0.jar;C:\Users\WINDOWS 10\.m2\repository\io\cucumber\gherkin\26.0.3\gherkin-26.0.3.jar;C:\Users\WINDOWS 10\.m2\repository\io\cucumber\messages\21.0.1\messages-21.0.1.jar;C:\Users\WINDOWS 10\.m2\repository\io\cucumber\tag-expressions\5.0.1\tag-expressions-5.0.1.jar;C:\Users\WINDOWS 10\.m2\repository\io\cucumber\cucumber-expressions\16.1.1\cucumber-expressions-16.1.1.jar;C:\Users\WINDOWS 10\.m2\repository\io\cucumber\datatable\7.11.0\datatable-7.11.0.jar;C:\Users\WINDOWS 10\.m2\repository\io\cucumber\cucumber-plugin\7.11.0\cucumber-plugin-7.11.0.jar;C:\Users\WINDOWS 10\.m2\repository\io\cucumber\docstring\7.11.0\docstring-7.11.0.jar;C:\Users\WINDOWS 10\.m2\repository\io\cucumber\html-formatter\20.2.1\html-formatter-20.2.1.jar;C:\Users\WINDOWS 10\.m2\repository\io\cucumber\junit-xml-formatter\0.1.0\junit-xml-formatter-0.1.0.jar;C:\Users\WINDOWS 10\.m2\repository\io\cucumber\ci-environment\9.1.0\ci-environment-9.1.0.jar;C:\Users\WINDOWS 10\.m2\repository\io\cucumber\cucumber-java\7.11.0\cucumber-java-7.11.0.jar;C:\Users\WINDOWS 10\.m2\repository\io\cucumber\cucumber-junit\7.11.0\cucumber-junit-7.11.0.jar;C:\Users\WINDOWS 10\.m2\repository\org\apache\commons\commons-csv\1.5\commons-csv-1.5.jar;C:\Users\WINDOWS 10\.m2\repository\net\serenity-bdd\serenity-screenplay\3.6.21\serenity-screenplay-3.6.21.jar;C:\Users\WINDOWS 10\.m2\repository\net\serenity-bdd\serenity-screenplay-webdriver\3.6.21\serenity-screenplay-webdriver-3.6.21.jar;C:\Users\WINDOWS 10\.m2\repository\net\serenity-bdd\serenity-ensure\3.6.21\serenity-ensure-3.6.21.jar;C:\Users\WINDOWS 10\.m2\repository\net\serenity-bdd\serenity-junit\3.6.21\serenity-junit-3.6.21.jar;C:\Users\WINDOWS 10\.m2\repository\org\jetbrains\kotlin\kotlin-stdlib\1.8.10\kotlin-stdlib-1.8.10.jar;C:\Users\WINDOWS 10\.m2\repository\org\jetbrains\kotlin\kotlin-stdlib-common\1.8.10\kotlin-stdlib-common-1.8.10.jar;C:\Users\WINDOWS 10\.m2\repository\org\jetbrains\annotations\13.0\annotations-13.0.jar;C:\Users\WINDOWS 10\.m2\repository\org\junit\platform\junit-platform-launcher\1.8.2\junit-platform-launcher-1.8.2.jar;C:\Users\WINDOWS 10\.m2\repository\org\junit\platform\junit-platform-engine\1.8.2\junit-platform-engine-1.8.2.jar;C:\Users\WINDOWS 10\.m2\repository\org\junit\platform\junit-platform-commons\1.8.2\junit-platform-commons-1.8.2.jar;C:\Users\WINDOWS 10\.m2\repository\org\apiguardian\apiguardian-api\1.1.2\apiguardian-api-1.1.2.jar;C:\Users\WINDOWS 10\.m2\repository\org\junit\jupiter\junit-jupiter-engine\5.8.2\junit-jupiter-engine-5.8.2.jar;C:\Users\WINDOWS 10\.m2\repository\org\junit\jupiter\junit-jupiter-api\5.8.2\junit-jupiter-api-5.8.2.jar;C:\Users\WINDOWS 10\.m2\repository\org\junit\vintage\junit-vintage-engine\5.8.2\junit-vintage-engine-5.8.2.jar;C:\Users\WINDOWS 10\.m2\repository\junit\junit\4.13.2\junit-4.13.2.jar;C:\Users\WINDOWS 10\.m2\repository\org\hamcrest\hamcrest-core\1.3\hamcrest-core-1.3.jar;C:\Users\WINDOWS 10\.m2\repository\ch\qos\logback\logback-classic\1.2.10\logback-classic-1.2.10.jar;C:\Users\WINDOWS 10\.m2\repository\ch\qos\logback\logback-core\1.2.10\logback-core-1.2.10.jar;C:\Users\WINDOWS 10\.m2\repository\org\slf4j\slf4j-api\1.7.32\slf4j-api-1.7.32.jar;C:\Users\WINDOWS 10\.m2\repository\org\assertj\assertj-core\3.23.1\assertj-core-3.23.1.jar;C:\Users\WINDOWS 10\.m2\repository\net\bytebuddy\byte-buddy\1.12.10\byte-buddy-1.12.10.jar;C:\Users\WINDOWS 10\.m2\repository\com\googlecode\json-simple\json-simple\1.1.1\json-simple-1.1.1.jar;"/>
    <property name="java.vm.vendor" value="Oracle Corporation"/>
    <property name="sun.arch.data.model" value="64"/>
    <property name="user.variant" value=""/>
    <property name="java.vendor.url" value="https://java.oracle.com/"/>
    <property name="user.timezone" value="Asia/Bangkok"/>
    <property name="os.name" value="Windows 10"/>
    <property name="java.vm.specification.version" value="15"/>
    <property name="sun.java.launcher" value="SUN_STANDARD"/>
    <property name="user.country" value="US"/>
    <property name="sun.boot.library.path" value="C:\Program Files\Java\jdk-15\bin"/>
    <property name="sun.java.command" value="org.apache.maven.surefire.booter.ForkedBooter C:\Users\WINDOWS 10\AppData\Local\Temp\surefire7008587666187955550 2023-05-08T19-03-55_906-jvmRun1 surefire15137231321922436813tmp surefire_09859937552440528889tmp"/>
    <property name="jdk.debug" value="release"/>
    <property name="surefire.test.class.path" value="C:\Users\WINDOWS 10\Documents\GitHub\MiniProject_QE\Web\code\minpro\target\test-classes;C:\Users\WINDOWS 10\.m2\repository\net\serenity-bdd\serenity-rest-assured\3.6.22\serenity-rest-assured-3.6.22.jar;C:\Users\WINDOWS 10\.m2\repository\org\apache\httpcomponents\httpclient\4.5.13\httpclient-4.5.13.jar;C:\Users\WINDOWS 10\.m2\repository\org\apache\httpcomponents\httpcore\4.4.13\httpcore-4.4.13.jar;C:\Users\WINDOWS 10\.m2\repository\commons-logging\commons-logging\1.2\commons-logging-1.2.jar;C:\Users\WINDOWS 10\.m2\repository\io\rest-assured\rest-assured\5.3.0\rest-assured-5.3.0.jar;C:\Users\WINDOWS 10\.m2\repository\org\apache\httpcomponents\httpmime\4.5.13\httpmime-4.5.13.jar;C:\Users\WINDOWS 10\.m2\repository\org\ccil\cowan\tagsoup\tagsoup\1.2.1\tagsoup-1.2.1.jar;C:\Users\WINDOWS 10\.m2\repository\io\rest-assured\json-path\5.3.0\json-path-5.3.0.jar;C:\Users\WINDOWS 10\.m2\repository\io\rest-assured\rest-assured-common\5.3.0\rest-assured-common-5.3.0.jar;C:\Users\WINDOWS 10\.m2\repository\io\rest-assured\xml-path\5.3.0\xml-path-5.3.0.jar;C:\Users\WINDOWS 10\.m2\repository\org\apache\groovy\groovy-json\4.0.10\groovy-json-4.0.10.jar;C:\Users\WINDOWS 10\.m2\repository\org\apache\groovy\groovy-xml\4.0.10\groovy-xml-4.0.10.jar;C:\Users\WINDOWS 10\.m2\repository\org\apache\groovy\groovy\4.0.10\groovy-4.0.10.jar;C:\Users\WINDOWS 10\.m2\repository\org\opentest4j\opentest4j\1.2.0\opentest4j-1.2.0.jar;C:\Users\WINDOWS 10\.m2\repository\net\serenity-bdd\serenity-core\3.6.21\serenity-core-3.6.21.jar;C:\Users\WINDOWS 10\.m2\repository\net\serenity-bdd\serenity-model\3.6.21\serenity-model-3.6.21.jar;C:\Users\WINDOWS 10\.m2\repository\org\apache\commons\commons-text\1.10.0\commons-text-1.10.0.jar;C:\Users\WINDOWS 10\.m2\repository\commons-net\commons-net\3.9.0\commons-net-3.9.0.jar;C:\Users\WINDOWS 10\.m2\repository\com\google\guava\guava\31.1-jre\guava-31.1-jre.jar;C:\Users\WINDOWS 10\.m2\repository\com\google\guava\failureaccess\1.0.1\failureaccess-1.0.1.jar;C:\Users\WINDOWS 10\.m2\repository\com\google\guava\listenablefuture\9999.0-empty-to-avoid-conflict-with-guava\listenablefuture-9999.0-empty-to-avoid-conflict-with-guava.jar;C:\Users\WINDOWS 10\.m2\repository\com\google\code\findbugs\jsr305\3.0.2\jsr305-3.0.2.jar;C:\Users\WINDOWS 10\.m2\repository\org\checkerframework\checker-qual\3.12.0\checker-qual-3.12.0.jar;C:\Users\WINDOWS 10\.m2\repository\com\google\errorprone\error_prone_annotations\2.11.0\error_prone_annotations-2.11.0.jar;C:\Users\WINDOWS 10\.m2\repository\com\google\j2objc\j2objc-annotations\1.3\j2objc-annotations-1.3.jar;C:\Users\WINDOWS 10\.m2\repository\com\google\inject\guice\5.1.0\guice-5.1.0.jar;C:\Users\WINDOWS 10\.m2\repository\javax\inject\javax.inject\1\javax.inject-1.jar;C:\Users\WINDOWS 10\.m2\repository\aopalliance\aopalliance\1.0\aopalliance-1.0.jar;C:\Users\WINDOWS 10\.m2\repository\org\jsoup\jsoup\1.14.3\jsoup-1.14.3.jar;C:\Users\WINDOWS 10\.m2\repository\com\thoughtworks\xstream\xstream\1.4.20\xstream-1.4.20.jar;C:\Users\WINDOWS 10\.m2\repository\io\github\x-stream\mxparser\1.2.2\mxparser-1.2.2.jar;C:\Users\WINDOWS 10\.m2\repository\xmlpull\xmlpull\1.1.3.1\xmlpull-1.1.3.1.jar;C:\Users\WINDOWS 10\.m2\repository\com\typesafe\config\1.4.2\config-1.4.2.jar;C:\Users\WINDOWS 10\.m2\repository\org\imgscalr\imgscalr-lib\4.2\imgscalr-lib-4.2.jar;C:\Users\WINDOWS 10\.m2\repository\org\awaitility\awaitility\4.2.0\awaitility-4.2.0.jar;C:\Users\WINDOWS 10\.m2\repository\org\freemarker\freemarker\2.3.31\freemarker-2.3.31.jar;C:\Users\WINDOWS 10\.m2\repository\io\github\classgraph\classgraph\4.8.138\classgraph-4.8.138.jar;C:\Users\WINDOWS 10\.m2\repository\net\sourceforge\jexcelapi\jxl\2.6.12\jxl-2.6.12.jar;C:\Users\WINDOWS 10\.m2\repository\net\bytebuddy\byte-buddy-agent\1.14.2\byte-buddy-agent-1.14.2.jar;C:\Users\WINDOWS 10\.m2\repository\org\objenesis\objenesis\3.3\objenesis-3.3.jar;C:\Users\WINDOWS 10\.m2\repository\net\serenity-bdd\serenity-reports\3.6.21\serenity-reports-3.6.21.jar;C:\Users\WINDOWS 10\.m2\repository\net\serenity-bdd\serenity-stats\3.6.21\serenity-stats-3.6.21.jar;C:\Users\WINDOWS 10\.m2\repository\net\serenity-bdd\serenity-reports-configuration\3.6.21\serenity-reports-configuration-3.6.21.jar;C:\Users\WINDOWS 10\.m2\repository\com\vladsch\flexmark\flexmark-all\0.62.2\flexmark-all-0.62.2.jar;C:\Users\WINDOWS 10\.m2\repository\com\vladsch\flexmark\flexmark\0.62.2\flexmark-0.62.2.jar;C:\Users\WINDOWS 10\.m2\repository\com\vladsch\flexmark\flexmark-ext-abbreviation\0.62.2\flexmark-ext-abbreviation-0.62.2.jar;C:\Users\WINDOWS 10\.m2\repository\com\vladsch\flexmark\flexmark-util\0.62.2\flexmark-util-0.62.2.jar;C:\Users\WINDOWS 10\.m2\repository\com\vladsch\flexmark\flexmark-ext-admonition\0.62.2\flexmark-ext-admonition-0.62.2.jar;C:\Users\WINDOWS 10\.m2\repository\com\vladsch\flexmark\flexmark-ext-anchorlink\0.62.2\flexmark-ext-anchorlink-0.62.2.jar;C:\Users\WINDOWS 10\.m2\repository\com\vladsch\flexmark\flexmark-ext-aside\0.62.2\flexmark-ext-aside-0.62.2.jar;C:\Users\WINDOWS 10\.m2\repository\com\vladsch\flexmark\flexmark-ext-attributes\0.62.2\flexmark-ext-attributes-0.62.2.jar;C:\Users\WINDOWS 10\.m2\repository\com\vladsch\flexmark\flexmark-ext-autolink\0.62.2\flexmark-ext-autolink-0.62.2.jar;C:\Users\WINDOWS 10\.m2\repository\org\nibor\autolink\autolink\0.6.0\autolink-0.6.0.jar;C:\Users\WINDOWS 10\.m2\repository\com\vladsch\flexmark\flexmark-ext-definition\0.62.2\flexmark-ext-definition-0.62.2.jar;C:\Users\WINDOWS 10\.m2\repository\com\vladsch\flexmark\flexmark-ext-emoji\0.62.2\flexmark-ext-emoji-0.62.2.jar;C:\Users\WINDOWS 10\.m2\repository\com\vladsch\flexmark\flexmark-ext-enumerated-reference\0.62.2\flexmark-ext-enumerated-reference-0.62.2.jar;C:\Users\WINDOWS 10\.m2\repository\com\vladsch\flexmark\flexmark-ext-escaped-character\0.62.2\flexmark-ext-escaped-character-0.62.2.jar;C:\Users\WINDOWS 10\.m2\repository\com\vladsch\flexmark\flexmark-ext-footnotes\0.62.2\flexmark-ext-footnotes-0.62.2.jar;C:\Users\WINDOWS 10\.m2\repository\com\vladsch\flexmark\flexmark-ext-gfm-issues\0.62.2\flexmark-ext-gfm-issues-0.62.2.jar;C:\Users\WINDOWS 10\.m2\repository\com\vladsch\flexmark\flexmark-ext-gfm-strikethrough\0.62.2\flexmark-ext-gfm-strikethrough-0.62.2.jar;C:\Users\WINDOWS 10\.m2\repository\com\vladsch\flexmark\flexmark-ext-gfm-tasklist\0.62.2\flexmark-ext-gfm-tasklist-0.62.2.jar;C:\Users\WINDOWS 10\.m2\repository\com\vladsch\flexmark\flexmark-ext-gfm-users\0.62.2\flexmark-ext-gfm-users-0.62.2.jar;C:\Users\WINDOWS 10\.m2\repository\com\vladsch\flexmark\flexmark-ext-gitlab\0.62.2\flexmark-ext-gitlab-0.62.2.jar;C:\Users\WINDOWS 10\.m2\repository\com\vladsch\flexmark\flexmark-ext-jekyll-front-matter\0.62.2\flexmark-ext-jekyll-front-matter-0.62.2.jar;C:\Users\WINDOWS 10\.m2\repository\com\vladsch\flexmark\flexmark-ext-jekyll-tag\0.62.2\flexmark-ext-jekyll-tag-0.62.2.jar;C:\Users\WINDOWS 10\.m2\repository\com\vladsch\flexmark\flexmark-ext-media-tags\0.62.2\flexmark-ext-media-tags-0.62.2.jar;C:\Users\WINDOWS 10\.m2\repository\com\vladsch\flexmark\flexmark-ext-macros\0.62.2\flexmark-ext-macros-0.62.2.jar;C:\Users\WINDOWS 10\.m2\repository\com\vladsch\flexmark\flexmark-ext-ins\0.62.2\flexmark-ext-ins-0.62.2.jar;C:\Users\WINDOWS 10\.m2\repository\com\vladsch\flexmark\flexmark-ext-xwiki-macros\0.62.2\flexmark-ext-xwiki-macros-0.62.2.jar;C:\Users\WINDOWS 10\.m2\repository\com\vladsch\flexmark\flexmark-ext-superscript\0.62.2\flexmark-ext-superscript-0.62.2.jar;C:\Users\WINDOWS 10\.m2\repository\com\vladsch\flexmark\flexmark-ext-tables\0.62.2\flexmark-ext-tables-0.62.2.jar;C:\Users\WINDOWS 10\.m2\repository\com\vladsch\flexmark\flexmark-ext-toc\0.62.2\flexmark-ext-toc-0.62.2.jar;C:\Users\WINDOWS 10\.m2\repository\com\vladsch\flexmark\flexmark-ext-typographic\0.62.2\flexmark-ext-typographic-0.62.2.jar;C:\Users\WINDOWS 10\.m2\repository\com\vladsch\flexmark\flexmark-ext-wikilink\0.62.2\flexmark-ext-wikilink-0.62.2.jar;C:\Users\WINDOWS 10\.m2\repository\com\vladsch\flexmark\flexmark-ext-yaml-front-matter\0.62.2\flexmark-ext-yaml-front-matter-0.62.2.jar;C:\Users\WINDOWS 10\.m2\repository\com\vladsch\flexmark\flexmark-ext-youtube-embedded\0.62.2\flexmark-ext-youtube-embedded-0.62.2.jar;C:\Users\WINDOWS 10\.m2\repository\com\vladsch\flexmark\flexmark-html2md-converter\0.62.2\flexmark-html2md-converter-0.62.2.jar;C:\Users\WINDOWS 10\.m2\repository\com\vladsch\flexmark\flexmark-jira-converter\0.62.2\flexmark-jira-converter-0.62.2.jar;C:\Users\WINDOWS 10\.m2\repository\com\vladsch\flexmark\flexmark-pdf-converter\0.62.2\flexmark-pdf-converter-0.62.2.jar;C:\Users\WINDOWS 10\.m2\repository\com\openhtmltopdf\openhtmltopdf-core\1.0.0\openhtmltopdf-core-1.0.0.jar;C:\Users\WINDOWS 10\.m2\repository\com\openhtmltopdf\openhtmltopdf-pdfbox\1.0.0\openhtmltopdf-pdfbox-1.0.0.jar;C:\Users\WINDOWS 10\.m2\repository\org\apache\pdfbox\pdfbox\2.0.16\pdfbox-2.0.16.jar;C:\Users\WINDOWS 10\.m2\repository\org\apache\pdfbox\fontbox\2.0.16\fontbox-2.0.16.jar;C:\Users\WINDOWS 10\.m2\repository\org\apache\pdfbox\xmpbox\2.0.16\xmpbox-2.0.16.jar;C:\Users\WINDOWS 10\.m2\repository\de\rototor\pdfbox\graphics2d\0.24\graphics2d-0.24.jar;C:\Users\WINDOWS 10\.m2\repository\com\openhtmltopdf\openhtmltopdf-rtl-support\1.0.0\openhtmltopdf-rtl-support-1.0.0.jar;C:\Users\WINDOWS 10\.m2\repository\com\openhtmltopdf\openhtmltopdf-jsoup-dom-converter\1.0.0\openhtmltopdf-jsoup-dom-converter-1.0.0.jar;C:\Users\WINDOWS 10\.m2\repository\com\vladsch\flexmark\flexmark-profile-pegdown\0.62.2\flexmark-profile-pegdown-0.62.2.jar;C:\Users\WINDOWS 10\.m2\repository\com\vladsch\flexmark\flexmark-util-ast\0.62.2\flexmark-util-ast-0.62.2.jar;C:\Users\WINDOWS 10\.m2\repository\com\vladsch\flexmark\flexmark-util-builder\0.62.2\flexmark-util-builder-0.62.2.jar;C:\Users\WINDOWS 10\.m2\repository\com\vladsch\flexmark\flexmark-util-collection\0.62.2\flexmark-util-collection-0.62.2.jar;C:\Users\WINDOWS 10\.m2\repository\com\vladsch\flexmark\flexmark-util-data\0.62.2\flexmark-util-data-0.62.2.jar;C:\Users\WINDOWS 10\.m2\repository\com\vladsch\flexmark\flexmark-util-dependency\0.62.2\flexmark-util-dependency-0.62.2.jar;C:\Users\WINDOWS 10\.m2\repository\com\vladsch\flexmark\flexmark-util-format\0.62.2\flexmark-util-format-0.62.2.jar;C:\Users\WINDOWS 10\.m2\repository\com\vladsch\flexmark\flexmark-util-html\0.62.2\flexmark-util-html-0.62.2.jar;C:\Users\WINDOWS 10\.m2\repository\com\vladsch\flexmark\flexmark-util-misc\0.62.2\flexmark-util-misc-0.62.2.jar;C:\Users\WINDOWS 10\.m2\repository\com\vladsch\flexmark\flexmark-util-options\0.62.2\flexmark-util-options-0.62.2.jar;C:\Users\WINDOWS 10\.m2\repository\com\vladsch\flexmark\flexmark-util-sequence\0.62.2\flexmark-util-sequence-0.62.2.jar;C:\Users\WINDOWS 10\.m2\repository\com\vladsch\flexmark\flexmark-util-visitor\0.62.2\flexmark-util-visitor-0.62.2.jar;C:\Users\WINDOWS 10\.m2\repository\com\vladsch\flexmark\flexmark-youtrack-converter\0.62.2\flexmark-youtrack-converter-0.62.2.jar;C:\Users\WINDOWS 10\.m2\repository\com\ibm\icu\icu4j\72.1\icu4j-72.1.jar;C:\Users\WINDOWS 10\.m2\repository\es\nitaur\markdown\txtmark\0.16\txtmark-0.16.jar;C:\Users\WINDOWS 10\.m2\repository\net\serenity-bdd\serenity-report-resources\3.6.21\serenity-report-resources-3.6.21.jar;C:\Users\WINDOWS 10\.m2\repository\com\google\code\gson\gson\2.10.1\gson-2.10.1.jar;C:\Users\WINDOWS 10\.m2\repository\com\fasterxml\jackson\core\jackson-core\2.15.0-rc1\jackson-core-2.15.0-rc1.jar;C:\Users\WINDOWS 10\.m2\repository\com\fasterxml\jackson\core\jackson-databind\2.15.0-rc1\jackson-databind-2.15.0-rc1.jar;C:\Users\WINDOWS 10\.m2\repository\com\fasterxml\jackson\core\jackson-annotations\2.15.0-rc1\jackson-annotations-2.15.0-rc1.jar;C:\Users\WINDOWS 10\.m2\repository\commons-codec\commons-codec\1.15\commons-codec-1.15.jar;C:\Users\WINDOWS 10\.m2\repository\commons-io\commons-io\2.11.0\commons-io-2.11.0.jar;C:\Users\WINDOWS 10\.m2\repository\org\seleniumhq\selenium\selenium-java\4.8.1\selenium-java-4.8.1.jar;C:\Users\WINDOWS 10\.m2\repository\org\seleniumhq\selenium\selenium-devtools-v108\4.8.1\selenium-devtools-v108-4.8.1.jar;C:\Users\WINDOWS 10\.m2\repository\org\seleniumhq\selenium\selenium-devtools-v109\4.8.1\selenium-devtools-v109-4.8.1.jar;C:\Users\WINDOWS 10\.m2\repository\org\seleniumhq\selenium\selenium-devtools-v110\4.8.1\selenium-devtools-v110-4.8.1.jar;C:\Users\WINDOWS 10\.m2\repository\org\seleniumhq\selenium\selenium-devtools-v85\4.8.1\selenium-devtools-v85-4.8.1.jar;C:\Users\WINDOWS 10\.m2\repository\org\seleniumhq\selenium\selenium-remote-driver\4.8.1\selenium-remote-driver-4.8.1.jar;C:\Users\WINDOWS 10\.m2\repository\com\beust\jcommander\1.82\jcommander-1.82.jar;C:\Users\WINDOWS 10\.m2\repository\io\netty\netty-buffer\4.1.87.Final\netty-buffer-4.1.87.Final.jar;C:\Users\WINDOWS 10\.m2\repository\io\netty\netty-codec-http\4.1.87.Final\netty-codec-http-4.1.87.Final.jar;C:\Users\WINDOWS 10\.m2\repository\io\netty\netty-codec\4.1.87.Final\netty-codec-4.1.87.Final.jar;C:\Users\WINDOWS 10\.m2\repository\io\netty\netty-handler\4.1.87.Final\netty-handler-4.1.87.Final.jar;C:\Users\WINDOWS 10\.m2\repository\io\netty\netty-common\4.1.87.Final\netty-common-4.1.87.Final.jar;C:\Users\WINDOWS 10\.m2\repository\io\netty\netty-transport-classes-epoll\4.1.87.Final\netty-transport-classes-epoll-4.1.87.Final.jar;C:\Users\WINDOWS 10\.m2\repository\io\netty\netty-transport-classes-kqueue\4.1.87.Final\netty-transport-classes-kqueue-4.1.87.Final.jar;C:\Users\WINDOWS 10\.m2\repository\io\netty\netty-transport-native-epoll\4.1.87.Final\netty-transport-native-epoll-4.1.87.Final.jar;C:\Users\WINDOWS 10\.m2\repository\io\netty\netty-transport-native-kqueue\4.1.87.Final\netty-transport-native-kqueue-4.1.87.Final.jar;C:\Users\WINDOWS 10\.m2\repository\io\netty\netty-transport-native-unix-common\4.1.87.Final\netty-transport-native-unix-common-4.1.87.Final.jar;C:\Users\WINDOWS 10\.m2\repository\io\netty\netty-transport\4.1.87.Final\netty-transport-4.1.87.Final.jar;C:\Users\WINDOWS 10\.m2\repository\io\netty\netty-resolver\4.1.87.Final\netty-resolver-4.1.87.Final.jar;C:\Users\WINDOWS 10\.m2\repository\io\opentelemetry\opentelemetry-api\1.22.0\opentelemetry-api-1.22.0.jar;C:\Users\WINDOWS 10\.m2\repository\io\opentelemetry\opentelemetry-context\1.22.0\opentelemetry-context-1.22.0.jar;C:\Users\WINDOWS 10\.m2\repository\io\opentelemetry\opentelemetry-exporter-logging\1.22.0\opentelemetry-exporter-logging-1.22.0.jar;C:\Users\WINDOWS 10\.m2\repository\io\opentelemetry\opentelemetry-sdk-metrics\1.22.0\opentelemetry-sdk-metrics-1.22.0.jar;C:\Users\WINDOWS 10\.m2\repository\io\opentelemetry\opentelemetry-sdk-logs\1.22.0-alpha\opentelemetry-sdk-logs-1.22.0-alpha.jar;C:\Users\WINDOWS 10\.m2\repository\io\opentelemetry\opentelemetry-api-logs\1.22.0-alpha\opentelemetry-api-logs-1.22.0-alpha.jar;C:\Users\WINDOWS 10\.m2\repository\io\opentelemetry\opentelemetry-sdk-common\1.22.0\opentelemetry-sdk-common-1.22.0.jar;C:\Users\WINDOWS 10\.m2\repository\io\opentelemetry\opentelemetry-sdk-extension-autoconfigure-spi\1.22.0\opentelemetry-sdk-extension-autoconfigure-spi-1.22.0.jar;C:\Users\WINDOWS 10\.m2\repository\io\opentelemetry\opentelemetry-sdk-extension-autoconfigure\1.22.0-alpha\opentelemetry-sdk-extension-autoconfigure-1.22.0-alpha.jar;C:\Users\WINDOWS 10\.m2\repository\io\opentelemetry\opentelemetry-sdk-trace\1.22.0\opentelemetry-sdk-trace-1.22.0.jar;C:\Users\WINDOWS 10\.m2\repository\io\opentelemetry\opentelemetry-sdk\1.22.0\opentelemetry-sdk-1.22.0.jar;C:\Users\WINDOWS 10\.m2\repository\io\opentelemetry\opentelemetry-semconv\1.22.0-alpha\opentelemetry-semconv-1.22.0-alpha.jar;C:\Users\WINDOWS 10\.m2\repository\io\ous\jtoml\2.0.0\jtoml-2.0.0.jar;C:\Users\WINDOWS 10\.m2\repository\org\apache\commons\commons-exec\1.3\commons-exec-1.3.jar;C:\Users\WINDOWS 10\.m2\repository\org\asynchttpclient\async-http-client\2.12.3\async-http-client-2.12.3.jar;C:\Users\WINDOWS 10\.m2\repository\org\asynchttpclient\async-http-client-netty-utils\2.12.3\async-http-client-netty-utils-2.12.3.jar;C:\Users\WINDOWS 10\.m2\repository\io\netty\netty-codec-socks\4.1.60.Final\netty-codec-socks-4.1.60.Final.jar;C:\Users\WINDOWS 10\.m2\repository\io\netty\netty-handler-proxy\4.1.60.Final\netty-handler-proxy-4.1.60.Final.jar;C:\Users\WINDOWS 10\.m2\repository\io\netty\netty-transport-native-epoll\4.1.60.Final\netty-transport-native-epoll-4.1.60.Final-linux-x86_64.jar;C:\Users\WINDOWS 10\.m2\repository\io\netty\netty-transport-native-kqueue\4.1.60.Final\netty-transport-native-kqueue-4.1.60.Final-osx-x86_64.jar;C:\Users\WINDOWS 10\.m2\repository\org\reactivestreams\reactive-streams\1.0.3\reactive-streams-1.0.3.jar;C:\Users\WINDOWS 10\.m2\repository\com\typesafe\netty\netty-reactive-streams\2.0.4\netty-reactive-streams-2.0.4.jar;C:\Users\WINDOWS 10\.m2\repository\org\seleniumhq\selenium\selenium-manager\4.8.1\selenium-manager-4.8.1.jar;C:\Users\WINDOWS 10\.m2\repository\org\seleniumhq\selenium\selenium-safari-driver\4.8.1\selenium-safari-driver-4.8.1.jar;C:\Users\WINDOWS 10\.m2\repository\org\seleniumhq\selenium\selenium-api\4.8.1\selenium-api-4.8.1.jar;C:\Users\WINDOWS 10\.m2\repository\org\seleniumhq\selenium\selenium-support\4.8.1\selenium-support-4.8.1.jar;C:\Users\WINDOWS 10\.m2\repository\com\google\auto\service\auto-service-annotations\1.0.1\auto-service-annotations-1.0.1.jar;C:\Users\WINDOWS 10\.m2\repository\com\google\auto\service\auto-service\1.0.1\auto-service-1.0.1.jar;C:\Users\WINDOWS 10\.m2\repository\com\google\auto\auto-common\1.2\auto-common-1.2.jar;C:\Users\WINDOWS 10\.m2\repository\org\seleniumhq\selenium\selenium-json\4.8.1\selenium-json-4.8.1.jar;C:\Users\WINDOWS 10\.m2\repository\org\seleniumhq\selenium\selenium-chrome-driver\4.8.1\selenium-chrome-driver-4.8.1.jar;C:\Users\WINDOWS 10\.m2\repository\org\seleniumhq\selenium\selenium-chromium-driver\4.8.1\selenium-chromium-driver-4.8.1.jar;C:\Users\WINDOWS 10\.m2\repository\org\seleniumhq\selenium\selenium-firefox-driver\4.8.1\selenium-firefox-driver-4.8.1.jar;C:\Users\WINDOWS 10\.m2\repository\org\seleniumhq\selenium\selenium-http\4.8.1\selenium-http-4.8.1.jar;C:\Users\WINDOWS 10\.m2\repository\dev\failsafe\failsafe\3.3.0\failsafe-3.3.0.jar;C:\Users\WINDOWS 10\.m2\repository\org\seleniumhq\selenium\selenium-edge-driver\4.8.1\selenium-edge-driver-4.8.1.jar;C:\Users\WINDOWS 10\.m2\repository\org\seleniumhq\selenium\selenium-ie-driver\4.8.1\selenium-ie-driver-4.8.1.jar;C:\Users\WINDOWS 10\.m2\repository\org\projectlombok\lombok\1.18.20\lombok-1.18.20.jar;C:\Users\WINDOWS 10\.m2\repository\io\appium\java-client\8.3.0\java-client-8.3.0.jar;C:\Users\WINDOWS 10\.m2\repository\commons-validator\commons-validator\1.7\commons-validator-1.7.jar;C:\Users\WINDOWS 10\.m2\repository\commons-digester\commons-digester\2.1\commons-digester-2.1.jar;C:\Users\WINDOWS 10\.m2\repository\net\sf\opencsv\opencsv\2.0\opencsv-2.0.jar;C:\Users\WINDOWS 10\.m2\repository\commons-beanutils\commons-beanutils\1.9.4\commons-beanutils-1.9.4.jar;C:\Users\WINDOWS 10\.m2\repository\org\apache\commons\commons-lang3\3.12.0\commons-lang3-3.12.0.jar;C:\Users\WINDOWS 10\.m2\repository\commons-collections\commons-collections\3.2.2\commons-collections-3.2.2.jar;C:\Users\WINDOWS 10\.m2\repository\org\fluentlenium\fluentlenium-core\0.10.2\fluentlenium-core-0.10.2.jar;C:\Users\WINDOWS 10\.m2\repository\io\github\bonigarcia\webdrivermanager\5.3.0\webdrivermanager-5.3.0.jar;C:\Users\WINDOWS 10\.m2\repository\com\github\docker-java\docker-java\3.2.13\docker-java-3.2.13.jar;C:\Users\WINDOWS 10\.m2\repository\com\github\docker-java\docker-java-core\3.2.13\docker-java-core-3.2.13.jar;C:\Users\WINDOWS 10\.m2\repository\com\github\docker-java\docker-java-api\3.2.13\docker-java-api-3.2.13.jar;C:\Users\WINDOWS 10\.m2\repository\org\apache\commons\commons-compress\1.21\commons-compress-1.21.jar;C:\Users\WINDOWS 10\.m2\repository\org\bouncycastle\bcpkix-jdk15on\1.64\bcpkix-jdk15on-1.64.jar;C:\Users\WINDOWS 10\.m2\repository\org\bouncycastle\bcprov-jdk15on\1.64\bcprov-jdk15on-1.64.jar;C:\Users\WINDOWS 10\.m2\repository\org\slf4j\jcl-over-slf4j\1.7.30\jcl-over-slf4j-1.7.30.jar;C:\Users\WINDOWS 10\.m2\repository\com\github\docker-java\docker-java-transport-httpclient5\3.2.13\docker-java-transport-httpclient5-3.2.13.jar;C:\Users\WINDOWS 10\.m2\repository\com\github\docker-java\docker-java-transport\3.2.13\docker-java-transport-3.2.13.jar;C:\Users\WINDOWS 10\.m2\repository\net\java\dev\jna\jna\5.8.0\jna-5.8.0.jar;C:\Users\WINDOWS 10\.m2\repository\org\brotli\dec\0.1.2\dec-0.1.2.jar;C:\Users\WINDOWS 10\.m2\repository\org\apache\httpcomponents\client5\httpclient5\5.1.3\httpclient5-5.1.3.jar;C:\Users\WINDOWS 10\.m2\repository\org\apache\httpcomponents\core5\httpcore5\5.1.3\httpcore5-5.1.3.jar;C:\Users\WINDOWS 10\.m2\repository\org\apache\httpcomponents\core5\httpcore5-h2\5.1.3\httpcore5-h2-5.1.3.jar;C:\Users\WINDOWS 10\.m2\repository\com\jhlabs\filters\2.0.235\filters-2.0.235.jar;C:\Users\WINDOWS 10\.m2\repository\com\paulhammant\ngwebdriver\1.1.6\ngwebdriver-1.1.6.jar;C:\Users\WINDOWS 10\.m2\repository\joda-time\joda-time\2.12.2\joda-time-2.12.2.jar;C:\Users\WINDOWS 10\.m2\repository\org\hamcrest\hamcrest\2.2\hamcrest-2.2.jar;C:\Users\WINDOWS 10\.m2\repository\com\google\jimfs\jimfs\1.2\jimfs-1.2.jar;C:\Users\WINDOWS 10\.m2\repository\org\mockito\mockito-core\3.3.3\mockito-core-3.3.3.jar;C:\Users\WINDOWS 10\.m2\repository\javax\xml\bind\jaxb-api\2.3.1\jaxb-api-2.3.1.jar;C:\Users\WINDOWS 10\.m2\repository\javax\activation\javax.activation-api\1.2.0\javax.activation-api-1.2.0.jar;C:\Users\WINDOWS 10\.m2\repository\com\sun\xml\bind\jaxb-core\2.3.0.1\jaxb-core-2.3.0.1.jar;C:\Users\WINDOWS 10\.m2\repository\com\sun\xml\bind\jaxb-impl\2.3.3\jaxb-impl-2.3.3.jar;C:\Users\WINDOWS 10\.m2\repository\jakarta\xml\bind\jakarta.xml.bind-api\2.3.3\jakarta.xml.bind-api-2.3.3.jar;C:\Users\WINDOWS 10\.m2\repository\com\sun\activation\jakarta.activation\1.2.2\jakarta.activation-1.2.2.jar;C:\Users\WINDOWS 10\.m2\repository\javax\activation\activation\1.1.1\activation-1.1.1.jar;C:\Users\WINDOWS 10\.m2\repository\net\serenity-bdd\serenity-cucumber\3.6.21\serenity-cucumber-3.6.21.jar;C:\Users\WINDOWS 10\.m2\repository\io\cucumber\cucumber-core\7.11.0\cucumber-core-7.11.0.jar;C:\Users\WINDOWS 10\.m2\repository\io\cucumber\cucumber-gherkin\7.11.0\cucumber-gherkin-7.11.0.jar;C:\Users\WINDOWS 10\.m2\repository\io\cucumber\cucumber-gherkin-messages\7.11.0\cucumber-gherkin-messages-7.11.0.jar;C:\Users\WINDOWS 10\.m2\repository\io\cucumber\gherkin\26.0.3\gherkin-26.0.3.jar;C:\Users\WINDOWS 10\.m2\repository\io\cucumber\messages\21.0.1\messages-21.0.1.jar;C:\Users\WINDOWS 10\.m2\repository\io\cucumber\tag-expressions\5.0.1\tag-expressions-5.0.1.jar;C:\Users\WINDOWS 10\.m2\repository\io\cucumber\cucumber-expressions\16.1.1\cucumber-expressions-16.1.1.jar;C:\Users\WINDOWS 10\.m2\repository\io\cucumber\datatable\7.11.0\datatable-7.11.0.jar;C:\Users\WINDOWS 10\.m2\repository\io\cucumber\cucumber-plugin\7.11.0\cucumber-plugin-7.11.0.jar;C:\Users\WINDOWS 10\.m2\repository\io\cucumber\docstring\7.11.0\docstring-7.11.0.jar;C:\Users\WINDOWS 10\.m2\repository\io\cucumber\html-formatter\20.2.1\html-formatter-20.2.1.jar;C:\Users\WINDOWS 10\.m2\repository\io\cucumber\junit-xml-formatter\0.1.0\junit-xml-formatter-0.1.0.jar;C:\Users\WINDOWS 10\.m2\repository\io\cucumber\ci-environment\9.1.0\ci-environment-9.1.0.jar;C:\Users\WINDOWS 10\.m2\repository\io\cucumber\cucumber-java\7.11.0\cucumber-java-7.11.0.jar;C:\Users\WINDOWS 10\.m2\repository\io\cucumber\cucumber-junit\7.11.0\cucumber-junit-7.11.0.jar;C:\Users\WINDOWS 10\.m2\repository\org\apache\commons\commons-csv\1.5\commons-csv-1.5.jar;C:\Users\WINDOWS 10\.m2\repository\net\serenity-bdd\serenity-screenplay\3.6.21\serenity-screenplay-3.6.21.jar;C:\Users\WINDOWS 10\.m2\repository\net\serenity-bdd\serenity-screenplay-webdriver\3.6.21\serenity-screenplay-webdriver-3.6.21.jar;C:\Users\WINDOWS 10\.m2\repository\net\serenity-bdd\serenity-ensure\3.6.21\serenity-ensure-3.6.21.jar;C:\Users\WINDOWS 10\.m2\repository\net\serenity-bdd\serenity-junit\3.6.21\serenity-junit-3.6.21.jar;C:\Users\WINDOWS 10\.m2\repository\org\jetbrains\kotlin\kotlin-stdlib\1.8.10\kotlin-stdlib-1.8.10.jar;C:\Users\WINDOWS 10\.m2\repository\org\jetbrains\kotlin\kotlin-stdlib-common\1.8.10\kotlin-stdlib-common-1.8.10.jar;C:\Users\WINDOWS 10\.m2\repository\org\jetbrains\annotations\13.0\annotations-13.0.jar;C:\Users\WINDOWS 10\.m2\repository\org\junit\platform\junit-platform-launcher\1.8.2\junit-platform-launcher-1.8.2.jar;C:\Users\WINDOWS 10\.m2\repository\org\junit\platform\junit-platform-engine\1.8.2\junit-platform-engine-1.8.2.jar;C:\Users\WINDOWS 10\.m2\repository\org\junit\platform\junit-platform-commons\1.8.2\junit-platform-commons-1.8.2.jar;C:\Users\WINDOWS 10\.m2\repository\org\apiguardian\apiguardian-api\1.1.2\apiguardian-api-1.1.2.jar;C:\Users\WINDOWS 10\.m2\repository\org\junit\jupiter\junit-jupiter-engine\5.8.2\junit-jupiter-engine-5.8.2.jar;C:\Users\WINDOWS 10\.m2\repository\org\junit\jupiter\junit-jupiter-api\5.8.2\junit-jupiter-api-5.8.2.jar;C:\Users\WINDOWS 10\.m2\repository\org\junit\vintage\junit-vintage-engine\5.8.2\junit-vintage-engine-5.8.2.jar;C:\Users\WINDOWS 10\.m2\repository\junit\junit\4.13.2\junit-4.13.2.jar;C:\Users\WINDOWS 10\.m2\repository\org\hamcrest\hamcrest-core\1.3\hamcrest-core-1.3.jar;C:\Users\WINDOWS 10\.m2\repository\ch\qos\logback\logback-classic\1.2.10\logback-classic-1.2.10.jar;C:\Users\WINDOWS 10\.m2\repository\ch\qos\logback\logback-core\1.2.10\logback-core-1.2.10.jar;C:\Users\WINDOWS 10\.m2\repository\org\slf4j\slf4j-api\1.7.32\slf4j-api-1.7.32.jar;C:\Users\WINDOWS 10\.m2\repository\org\assertj\assertj-core\3.23.1\assertj-core-3.23.1.jar;C:\Users\WINDOWS 10\.m2\repository\net\bytebuddy\byte-buddy\1.12.10\byte-buddy-1.12.10.jar;C:\Users\WINDOWS 10\.m2\repository\com\googlecode\json-simple\json-simple\1.1.1\json-simple-1.1.1.jar;"/>
    <property name="sun.cpu.endian" value="little"/>
    <property name="user.home" value="C:\Users\WINDOWS 10"/>
    <property name="user.language" value="en"/>
    <property name="java.specification.vendor" value="Oracle Corporation"/>
    <property name="jdk.module.path" value="C:\Users\WINDOWS 10\Documents\GitHub\MiniProject_QE\Web\code\minpro\target\alta-1.0-SNAPSHOT.jar"/>
    <property name="java.version.date" value="2020-09-15"/>
    <property name="java.home" value="C:\Program Files\Java\jdk-15"/>
    <property name="file.separator" value="\"/>
    <property name="basedir" value="C:\Users\WINDOWS 10\Documents\GitHub\MiniProject_QE\Web\code\minpro"/>
    <property name="java.vm.compressedOopsMode" value="Zero based"/>
    <property name="line.separator" value="&#10;"/>
    <property name="java.vm.specification.vendor" value="Oracle Corporation"/>
    <property name="java.specification.name" value="Java Platform API Specification"/>
    <property name="surefire.real.class.path" value="C:\Users\WINDOWS 10\.m2\repository\org\apache\maven\surefire\surefire-booter\3.0.0-M5\surefire-booter-3.0.0-M5.jar;C:\Users\WINDOWS 10\.m2\repository\org\apache\maven\surefire\surefire-api\3.0.0-M5\surefire-api-3.0.0-M5.jar;C:\Users\WINDOWS 10\.m2\repository\org\apache\maven\surefire\surefire-logger-api\3.0.0-M5\surefire-logger-api-3.0.0-M5.jar;C:\Users\WINDOWS 10\.m2\repository\org\apache\maven\surefire\surefire-shared-utils\3.0.0-M4\surefire-shared-utils-3.0.0-M4.jar;C:\Users\WINDOWS 10\.m2\repository\org\apache\maven\surefire\surefire-extensions-spi\3.0.0-M5\surefire-extensions-spi-3.0.0-M5.jar;C:\Users\WINDOWS 10\Documents\GitHub\MiniProject_QE\Web\code\minpro\target\test-classes;C:\Users\WINDOWS 10\.m2\repository\net\serenity-bdd\serenity-rest-assured\3.6.22\serenity-rest-assured-3.6.22.jar;C:\Users\WINDOWS 10\.m2\repository\org\apache\httpcomponents\httpclient\4.5.13\httpclient-4.5.13.jar;C:\Users\WINDOWS 10\.m2\repository\org\apache\httpcomponents\httpcore\4.4.13\httpcore-4.4.13.jar;C:\Users\WINDOWS 10\.m2\repository\commons-logging\commons-logging\1.2\commons-logging-1.2.jar;C:\Users\WINDOWS 10\.m2\repository\io\rest-assured\rest-assured\5.3.0\rest-assured-5.3.0.jar;C:\Users\WINDOWS 10\.m2\repository\org\apache\httpcomponents\httpmime\4.5.13\httpmime-4.5.13.jar;C:\Users\WINDOWS 10\.m2\repository\org\ccil\cowan\tagsoup\tagsoup\1.2.1\tagsoup-1.2.1.jar;C:\Users\WINDOWS 10\.m2\repository\io\rest-assured\json-path\5.3.0\json-path-5.3.0.jar;C:\Users\WINDOWS 10\.m2\repository\io\rest-assured\rest-assured-common\5.3.0\rest-assured-common-5.3.0.jar;C:\Users\WINDOWS 10\.m2\repository\io\rest-assured\xml-path\5.3.0\xml-path-5.3.0.jar;C:\Users\WINDOWS 10\.m2\repository\org\apache\groovy\groovy-json\4.0.10\groovy-json-4.0.10.jar;C:\Users\WINDOWS 10\.m2\repository\org\apache\groovy\groovy-xml\4.0.10\groovy-xml-4.0.10.jar;C:\Users\WINDOWS 10\.m2\repository\org\apache\groovy\groovy\4.0.10\groovy-4.0.10.jar;C:\Users\WINDOWS 10\.m2\repository\org\opentest4j\opentest4j\1.2.0\opentest4j-1.2.0.jar;C:\Users\WINDOWS 10\.m2\repository\net\serenity-bdd\serenity-core\3.6.21\serenity-core-3.6.21.jar;C:\Users\WINDOWS 10\.m2\repository\net\serenity-bdd\serenity-model\3.6.21\serenity-model-3.6.21.jar;C:\Users\WINDOWS 10\.m2\repository\org\apache\commons\commons-text\1.10.0\commons-text-1.10.0.jar;C:\Users\WINDOWS 10\.m2\repository\commons-net\commons-net\3.9.0\commons-net-3.9.0.jar;C:\Users\WINDOWS 10\.m2\repository\com\google\guava\guava\31.1-jre\guava-31.1-jre.jar;C:\Users\WINDOWS 10\.m2\repository\com\google\guava\failureaccess\1.0.1\failureaccess-1.0.1.jar;C:\Users\WINDOWS 10\.m2\repository\com\google\guava\listenablefuture\9999.0-empty-to-avoid-conflict-with-guava\listenablefuture-9999.0-empty-to-avoid-conflict-with-guava.jar;C:\Users\WINDOWS 10\.m2\repository\com\google\code\findbugs\jsr305\3.0.2\jsr305-3.0.2.jar;C:\Users\WINDOWS 10\.m2\repository\org\checkerframework\checker-qual\3.12.0\checker-qual-3.12.0.jar;C:\Users\WINDOWS 10\.m2\repository\com\google\errorprone\error_prone_annotations\2.11.0\error_prone_annotations-2.11.0.jar;C:\Users\WINDOWS 10\.m2\repository\com\google\j2objc\j2objc-annotations\1.3\j2objc-annotations-1.3.jar;C:\Users\WINDOWS 10\.m2\repository\com\google\inject\guice\5.1.0\guice-5.1.0.jar;C:\Users\WINDOWS 10\.m2\repository\javax\inject\javax.inject\1\javax.inject-1.jar;C:\Users\WINDOWS 10\.m2\repository\aopalliance\aopalliance\1.0\aopalliance-1.0.jar;C:\Users\WINDOWS 10\.m2\repository\org\jsoup\jsoup\1.14.3\jsoup-1.14.3.jar;C:\Users\WINDOWS 10\.m2\repository\com\thoughtworks\xstream\xstream\1.4.20\xstream-1.4.20.jar;C:\Users\WINDOWS 10\.m2\repository\io\github\x-stream\mxparser\1.2.2\mxparser-1.2.2.jar;C:\Users\WINDOWS 10\.m2\repository\xmlpull\xmlpull\1.1.3.1\xmlpull-1.1.3.1.jar;C:\Users\WINDOWS 10\.m2\repository\com\typesafe\config\1.4.2\config-1.4.2.jar;C:\Users\WINDOWS 10\.m2\repository\org\imgscalr\imgscalr-lib\4.2\imgscalr-lib-4.2.jar;C:\Users\WINDOWS 10\.m2\repository\org\awaitility\awaitility\4.2.0\awaitility-4.2.0.jar;C:\Users\WINDOWS 10\.m2\repository\org\freemarker\freemarker\2.3.31\freemarker-2.3.31.jar;C:\Users\WINDOWS 10\.m2\repository\io\github\classgraph\classgraph\4.8.138\classgraph-4.8.138.jar;C:\Users\WINDOWS 10\.m2\repository\net\sourceforge\jexcelapi\jxl\2.6.12\jxl-2.6.12.jar;C:\Users\WINDOWS 10\.m2\repository\net\bytebuddy\byte-buddy-agent\1.14.2\byte-buddy-agent-1.14.2.jar;C:\Users\WINDOWS 10\.m2\repository\org\objenesis\objenesis\3.3\objenesis-3.3.jar;C:\Users\WINDOWS 10\.m2\repository\net\serenity-bdd\serenity-reports\3.6.21\serenity-reports-3.6.21.jar;C:\Users\WINDOWS 10\.m2\repository\net\serenity-bdd\serenity-stats\3.6.21\serenity-stats-3.6.21.jar;C:\Users\WINDOWS 10\.m2\repository\net\serenity-bdd\serenity-reports-configuration\3.6.21\serenity-reports-configuration-3.6.21.jar;C:\Users\WINDOWS 10\.m2\repository\com\vladsch\flexmark\flexmark-all\0.62.2\flexmark-all-0.62.2.jar;C:\Users\WINDOWS 10\.m2\repository\com\vladsch\flexmark\flexmark\0.62.2\flexmark-0.62.2.jar;C:\Users\WINDOWS 10\.m2\repository\com\vladsch\flexmark\flexmark-ext-abbreviation\0.62.2\flexmark-ext-abbreviation-0.62.2.jar;C:\Users\WINDOWS 10\.m2\repository\com\vladsch\flexmark\flexmark-util\0.62.2\flexmark-util-0.62.2.jar;C:\Users\WINDOWS 10\.m2\repository\com\vladsch\flexmark\flexmark-ext-admonition\0.62.2\flexmark-ext-admonition-0.62.2.jar;C:\Users\WINDOWS 10\.m2\repository\com\vladsch\flexmark\flexmark-ext-anchorlink\0.62.2\flexmark-ext-anchorlink-0.62.2.jar;C:\Users\WINDOWS 10\.m2\repository\com\vladsch\flexmark\flexmark-ext-aside\0.62.2\flexmark-ext-aside-0.62.2.jar;C:\Users\WINDOWS 10\.m2\repository\com\vladsch\flexmark\flexmark-ext-attributes\0.62.2\flexmark-ext-attributes-0.62.2.jar;C:\Users\WINDOWS 10\.m2\repository\com\vladsch\flexmark\flexmark-ext-autolink\0.62.2\flexmark-ext-autolink-0.62.2.jar;C:\Users\WINDOWS 10\.m2\repository\org\nibor\autolink\autolink\0.6.0\autolink-0.6.0.jar;C:\Users\WINDOWS 10\.m2\repository\com\vladsch\flexmark\flexmark-ext-definition\0.62.2\flexmark-ext-definition-0.62.2.jar;C:\Users\WINDOWS 10\.m2\repository\com\vladsch\flexmark\flexmark-ext-emoji\0.62.2\flexmark-ext-emoji-0.62.2.jar;C:\Users\WINDOWS 10\.m2\repository\com\vladsch\flexmark\flexmark-ext-enumerated-reference\0.62.2\flexmark-ext-enumerated-reference-0.62.2.jar;C:\Users\WINDOWS 10\.m2\repository\com\vladsch\flexmark\flexmark-ext-escaped-character\0.62.2\flexmark-ext-escaped-character-0.62.2.jar;C:\Users\WINDOWS 10\.m2\repository\com\vladsch\flexmark\flexmark-ext-footnotes\0.62.2\flexmark-ext-footnotes-0.62.2.jar;C:\Users\WINDOWS 10\.m2\repository\com\vladsch\flexmark\flexmark-ext-gfm-issues\0.62.2\flexmark-ext-gfm-issues-0.62.2.jar;C:\Users\WINDOWS 10\.m2\repository\com\vladsch\flexmark\flexmark-ext-gfm-strikethrough\0.62.2\flexmark-ext-gfm-strikethrough-0.62.2.jar;C:\Users\WINDOWS 10\.m2\repository\com\vladsch\flexmark\flexmark-ext-gfm-tasklist\0.62.2\flexmark-ext-gfm-tasklist-0.62.2.jar;C:\Users\WINDOWS 10\.m2\repository\com\vladsch\flexmark\flexmark-ext-gfm-users\0.62.2\flexmark-ext-gfm-users-0.62.2.jar;C:\Users\WINDOWS 10\.m2\repository\com\vladsch\flexmark\flexmark-ext-gitlab\0.62.2\flexmark-ext-gitlab-0.62.2.jar;C:\Users\WINDOWS 10\.m2\repository\com\vladsch\flexmark\flexmark-ext-jekyll-front-matter\0.62.2\flexmark-ext-jekyll-front-matter-0.62.2.jar;C:\Users\WINDOWS 10\.m2\repository\com\vladsch\flexmark\flexmark-ext-jekyll-tag\0.62.2\flexmark-ext-jekyll-tag-0.62.2.jar;C:\Users\WINDOWS 10\.m2\repository\com\vladsch\flexmark\flexmark-ext-media-tags\0.62.2\flexmark-ext-media-tags-0.62.2.jar;C:\Users\WINDOWS 10\.m2\repository\com\vladsch\flexmark\flexmark-ext-macros\0.62.2\flexmark-ext-macros-0.62.2.jar;C:\Users\WINDOWS 10\.m2\repository\com\vladsch\flexmark\flexmark-ext-ins\0.62.2\flexmark-ext-ins-0.62.2.jar;C:\Users\WINDOWS 10\.m2\repository\com\vladsch\flexmark\flexmark-ext-xwiki-macros\0.62.2\flexmark-ext-xwiki-macros-0.62.2.jar;C:\Users\WINDOWS 10\.m2\repository\com\vladsch\flexmark\flexmark-ext-superscript\0.62.2\flexmark-ext-superscript-0.62.2.jar;C:\Users\WINDOWS 10\.m2\repository\com\vladsch\flexmark\flexmark-ext-tables\0.62.2\flexmark-ext-tables-0.62.2.jar;C:\Users\WINDOWS 10\.m2\repository\com\vladsch\flexmark\flexmark-ext-toc\0.62.2\flexmark-ext-toc-0.62.2.jar;C:\Users\WINDOWS 10\.m2\repository\com\vladsch\flexmark\flexmark-ext-typographic\0.62.2\flexmark-ext-typographic-0.62.2.jar;C:\Users\WINDOWS 10\.m2\repository\com\vladsch\flexmark\flexmark-ext-wikilink\0.62.2\flexmark-ext-wikilink-0.62.2.jar;C:\Users\WINDOWS 10\.m2\repository\com\vladsch\flexmark\flexmark-ext-yaml-front-matter\0.62.2\flexmark-ext-yaml-front-matter-0.62.2.jar;C:\Users\WINDOWS 10\.m2\repository\com\vladsch\flexmark\flexmark-ext-youtube-embedded\0.62.2\flexmark-ext-youtube-embedded-0.62.2.jar;C:\Users\WINDOWS 10\.m2\repository\com\vladsch\flexmark\flexmark-html2md-converter\0.62.2\flexmark-html2md-converter-0.62.2.jar;C:\Users\WINDOWS 10\.m2\repository\com\vladsch\flexmark\flexmark-jira-converter\0.62.2\flexmark-jira-converter-0.62.2.jar;C:\Users\WINDOWS 10\.m2\repository\com\vladsch\flexmark\flexmark-pdf-converter\0.62.2\flexmark-pdf-converter-0.62.2.jar;C:\Users\WINDOWS 10\.m2\repository\com\openhtmltopdf\openhtmltopdf-core\1.0.0\openhtmltopdf-core-1.0.0.jar;C:\Users\WINDOWS 10\.m2\repository\com\openhtmltopdf\openhtmltopdf-pdfbox\1.0.0\openhtmltopdf-pdfbox-1.0.0.jar;C:\Users\WINDOWS 10\.m2\repository\org\apache\pdfbox\pdfbox\2.0.16\pdfbox-2.0.16.jar;C:\Users\WINDOWS 10\.m2\repository\org\apache\pdfbox\fontbox\2.0.16\fontbox-2.0.16.jar;C:\Users\WINDOWS 10\.m2\repository\org\apache\pdfbox\xmpbox\2.0.16\xmpbox-2.0.16.jar;C:\Users\WINDOWS 10\.m2\repository\de\rototor\pdfbox\graphics2d\0.24\graphics2d-0.24.jar;C:\Users\WINDOWS 10\.m2\repository\com\openhtmltopdf\openhtmltopdf-rtl-support\1.0.0\openhtmltopdf-rtl-support-1.0.0.jar;C:\Users\WINDOWS 10\.m2\repository\com\openhtmltopdf\openhtmltopdf-jsoup-dom-converter\1.0.0\openhtmltopdf-jsoup-dom-converter-1.0.0.jar;C:\Users\WINDOWS 10\.m2\repository\com\vladsch\flexmark\flexmark-profile-pegdown\0.62.2\flexmark-profile-pegdown-0.62.2.jar;C:\Users\WINDOWS 10\.m2\repository\com\vladsch\flexmark\flexmark-util-ast\0.62.2\flexmark-util-ast-0.62.2.jar;C:\Users\WINDOWS 10\.m2\repository\com\vladsch\flexmark\flexmark-util-builder\0.62.2\flexmark-util-builder-0.62.2.jar;C:\Users\WINDOWS 10\.m2\repository\com\vladsch\flexmark\flexmark-util-collection\0.62.2\flexmark-util-collection-0.62.2.jar;C:\Users\WINDOWS 10\.m2\repository\com\vladsch\flexmark\flexmark-util-data\0.62.2\flexmark-util-data-0.62.2.jar;C:\Users\WINDOWS 10\.m2\repository\com\vladsch\flexmark\flexmark-util-dependency\0.62.2\flexmark-util-dependency-0.62.2.jar;C:\Users\WINDOWS 10\.m2\repository\com\vladsch\flexmark\flexmark-util-format\0.62.2\flexmark-util-format-0.62.2.jar;C:\Users\WINDOWS 10\.m2\repository\com\vladsch\flexmark\flexmark-util-html\0.62.2\flexmark-util-html-0.62.2.jar;C:\Users\WINDOWS 10\.m2\repository\com\vladsch\flexmark\flexmark-util-misc\0.62.2\flexmark-util-misc-0.62.2.jar;C:\Users\WINDOWS 10\.m2\repository\com\vladsch\flexmark\flexmark-util-options\0.62.2\flexmark-util-options-0.62.2.jar;C:\Users\WINDOWS 10\.m2\repository\com\vladsch\flexmark\flexmark-util-sequence\0.62.2\flexmark-util-sequence-0.62.2.jar;C:\Users\WINDOWS 10\.m2\repository\com\vladsch\flexmark\flexmark-util-visitor\0.62.2\flexmark-util-visitor-0.62.2.jar;C:\Users\WINDOWS 10\.m2\repository\com\vladsch\flexmark\flexmark-youtrack-converter\0.62.2\flexmark-youtrack-converter-0.62.2.jar;C:\Users\WINDOWS 10\.m2\repository\com\ibm\icu\icu4j\72.1\icu4j-72.1.jar;C:\Users\WINDOWS 10\.m2\repository\es\nitaur\markdown\txtmark\0.16\txtmark-0.16.jar;C:\Users\WINDOWS 10\.m2\repository\net\serenity-bdd\serenity-report-resources\3.6.21\serenity-report-resources-3.6.21.jar;C:\Users\WINDOWS 10\.m2\repository\com\google\code\gson\gson\2.10.1\gson-2.10.1.jar;C:\Users\WINDOWS 10\.m2\repository\com\fasterxml\jackson\core\jackson-core\2.15.0-rc1\jackson-core-2.15.0-rc1.jar;C:\Users\WINDOWS 10\.m2\repository\com\fasterxml\jackson\core\jackson-databind\2.15.0-rc1\jackson-databind-2.15.0-rc1.jar;C:\Users\WINDOWS 10\.m2\repository\com\fasterxml\jackson\core\jackson-annotations\2.15.0-rc1\jackson-annotations-2.15.0-rc1.jar;C:\Users\WINDOWS 10\.m2\repository\commons-codec\commons-codec\1.15\commons-codec-1.15.jar;C:\Users\WINDOWS 10\.m2\repository\commons-io\commons-io\2.11.0\commons-io-2.11.0.jar;C:\Users\WINDOWS 10\.m2\repository\org\seleniumhq\selenium\selenium-java\4.8.1\selenium-java-4.8.1.jar;C:\Users\WINDOWS 10\.m2\repository\org\seleniumhq\selenium\selenium-devtools-v108\4.8.1\selenium-devtools-v108-4.8.1.jar;C:\Users\WINDOWS 10\.m2\repository\org\seleniumhq\selenium\selenium-devtools-v109\4.8.1\selenium-devtools-v109-4.8.1.jar;C:\Users\WINDOWS 10\.m2\repository\org\seleniumhq\selenium\selenium-devtools-v110\4.8.1\selenium-devtools-v110-4.8.1.jar;C:\Users\WINDOWS 10\.m2\repository\org\seleniumhq\selenium\selenium-devtools-v85\4.8.1\selenium-devtools-v85-4.8.1.jar;C:\Users\WINDOWS 10\.m2\repository\org\seleniumhq\selenium\selenium-remote-driver\4.8.1\selenium-remote-driver-4.8.1.jar;C:\Users\WINDOWS 10\.m2\repository\com\beust\jcommander\1.82\jcommander-1.82.jar;C:\Users\WINDOWS 10\.m2\repository\io\netty\netty-buffer\4.1.87.Final\netty-buffer-4.1.87.Final.jar;C:\Users\WINDOWS 10\.m2\repository\io\netty\netty-codec-http\4.1.87.Final\netty-codec-http-4.1.87.Final.jar;C:\Users\WINDOWS 10\.m2\repository\io\netty\netty-codec\4.1.87.Final\netty-codec-4.1.87.Final.jar;C:\Users\WINDOWS 10\.m2\repository\io\netty\netty-handler\4.1.87.Final\netty-handler-4.1.87.Final.jar;C:\Users\WINDOWS 10\.m2\repository\io\netty\netty-common\4.1.87.Final\netty-common-4.1.87.Final.jar;C:\Users\WINDOWS 10\.m2\repository\io\netty\netty-transport-classes-epoll\4.1.87.Final\netty-transport-classes-epoll-4.1.87.Final.jar;C:\Users\WINDOWS 10\.m2\repository\io\netty\netty-transport-classes-kqueue\4.1.87.Final\netty-transport-classes-kqueue-4.1.87.Final.jar;C:\Users\WINDOWS 10\.m2\repository\io\netty\netty-transport-native-epoll\4.1.87.Final\netty-transport-native-epoll-4.1.87.Final.jar;C:\Users\WINDOWS 10\.m2\repository\io\netty\netty-transport-native-kqueue\4.1.87.Final\netty-transport-native-kqueue-4.1.87.Final.jar;C:\Users\WINDOWS 10\.m2\repository\io\netty\netty-transport-native-unix-common\4.1.87.Final\netty-transport-native-unix-common-4.1.87.Final.jar;C:\Users\WINDOWS 10\.m2\repository\io\netty\netty-transport\4.1.87.Final\netty-transport-4.1.87.Final.jar;C:\Users\WINDOWS 10\.m2\repository\io\netty\netty-resolver\4.1.87.Final\netty-resolver-4.1.87.Final.jar;C:\Users\WINDOWS 10\.m2\repository\io\opentelemetry\opentelemetry-api\1.22.0\opentelemetry-api-1.22.0.jar;C:\Users\WINDOWS 10\.m2\repository\io\opentelemetry\opentelemetry-context\1.22.0\opentelemetry-context-1.22.0.jar;C:\Users\WINDOWS 10\.m2\repository\io\opentelemetry\opentelemetry-exporter-logging\1.22.0\opentelemetry-exporter-logging-1.22.0.jar;C:\Users\WINDOWS 10\.m2\repository\io\opentelemetry\opentelemetry-sdk-metrics\1.22.0\opentelemetry-sdk-metrics-1.22.0.jar;C:\Users\WINDOWS 10\.m2\repository\io\opentelemetry\opentelemetry-sdk-logs\1.22.0-alpha\opentelemetry-sdk-logs-1.22.0-alpha.jar;C:\Users\WINDOWS 10\.m2\repository\io\opentelemetry\opentelemetry-api-logs\1.22.0-alpha\opentelemetry-api-logs-1.22.0-alpha.jar;C:\Users\WINDOWS 10\.m2\repository\io\opentelemetry\opentelemetry-sdk-common\1.22.0\opentelemetry-sdk-common-1.22.0.jar;C:\Users\WINDOWS 10\.m2\repository\io\opentelemetry\opentelemetry-sdk-extension-autoconfigure-spi\1.22.0\opentelemetry-sdk-extension-autoconfigure-spi-1.22.0.jar;C:\Users\WINDOWS 10\.m2\repository\io\opentelemetry\opentelemetry-sdk-extension-autoconfigure\1.22.0-alpha\opentelemetry-sdk-extension-autoconfigure-1.22.0-alpha.jar;C:\Users\WINDOWS 10\.m2\repository\io\opentelemetry\opentelemetry-sdk-trace\1.22.0\opentelemetry-sdk-trace-1.22.0.jar;C:\Users\WINDOWS 10\.m2\repository\io\opentelemetry\opentelemetry-sdk\1.22.0\opentelemetry-sdk-1.22.0.jar;C:\Users\WINDOWS 10\.m2\repository\io\opentelemetry\opentelemetry-semconv\1.22.0-alpha\opentelemetry-semconv-1.22.0-alpha.jar;C:\Users\WINDOWS 10\.m2\repository\io\ous\jtoml\2.0.0\jtoml-2.0.0.jar;C:\Users\WINDOWS 10\.m2\repository\org\apache\commons\commons-exec\1.3\commons-exec-1.3.jar;C:\Users\WINDOWS 10\.m2\repository\org\asynchttpclient\async-http-client\2.12.3\async-http-client-2.12.3.jar;C:\Users\WINDOWS 10\.m2\repository\org\asynchttpclient\async-http-client-netty-utils\2.12.3\async-http-client-netty-utils-2.12.3.jar;C:\Users\WINDOWS 10\.m2\repository\io\netty\netty-codec-socks\4.1.60.Final\netty-codec-socks-4.1.60.Final.jar;C:\Users\WINDOWS 10\.m2\repository\io\netty\netty-handler-proxy\4.1.60.Final\netty-handler-proxy-4.1.60.Final.jar;C:\Users\WINDOWS 10\.m2\repository\io\netty\netty-transport-native-epoll\4.1.60.Final\netty-transport-native-epoll-4.1.60.Final-linux-x86_64.jar;C:\Users\WINDOWS 10\.m2\repository\io\netty\netty-transport-native-kqueue\4.1.60.Final\netty-transport-native-kqueue-4.1.60.Final-osx-x86_64.jar;C:\Users\WINDOWS 10\.m2\repository\org\reactivestreams\reactive-streams\1.0.3\reactive-streams-1.0.3.jar;C:\Users\WINDOWS 10\.m2\repository\com\typesafe\netty\netty-reactive-streams\2.0.4\netty-reactive-streams-2.0.4.jar;C:\Users\WINDOWS 10\.m2\repository\org\seleniumhq\selenium\selenium-manager\4.8.1\selenium-manager-4.8.1.jar;C:\Users\WINDOWS 10\.m2\repository\org\seleniumhq\selenium\selenium-safari-driver\4.8.1\selenium-safari-driver-4.8.1.jar;C:\Users\WINDOWS 10\.m2\repository\org\seleniumhq\selenium\selenium-api\4.8.1\selenium-api-4.8.1.jar;C:\Users\WINDOWS 10\.m2\repository\org\seleniumhq\selenium\selenium-support\4.8.1\selenium-support-4.8.1.jar;C:\Users\WINDOWS 10\.m2\repository\com\google\auto\service\auto-service-annotations\1.0.1\auto-service-annotations-1.0.1.jar;C:\Users\WINDOWS 10\.m2\repository\com\google\auto\service\auto-service\1.0.1\auto-service-1.0.1.jar;C:\Users\WINDOWS 10\.m2\repository\com\google\auto\auto-common\1.2\auto-common-1.2.jar;C:\Users\WINDOWS 10\.m2\repository\org\seleniumhq\selenium\selenium-json\4.8.1\selenium-json-4.8.1.jar;C:\Users\WINDOWS 10\.m2\repository\org\seleniumhq\selenium\selenium-chrome-driver\4.8.1\selenium-chrome-driver-4.8.1.jar;C:\Users\WINDOWS 10\.m2\repository\org\seleniumhq\selenium\selenium-chromium-driver\4.8.1\selenium-chromium-driver-4.8.1.jar;C:\Users\WINDOWS 10\.m2\repository\org\seleniumhq\selenium\selenium-firefox-driver\4.8.1\selenium-firefox-driver-4.8.1.jar;C:\Users\WINDOWS 10\.m2\repository\org\seleniumhq\selenium\selenium-http\4.8.1\selenium-http-4.8.1.jar;C:\Users\WINDOWS 10\.m2\repository\dev\failsafe\failsafe\3.3.0\failsafe-3.3.0.jar;C:\Users\WINDOWS 10\.m2\repository\org\seleniumhq\selenium\selenium-edge-driver\4.8.1\selenium-edge-driver-4.8.1.jar;C:\Users\WINDOWS 10\.m2\repository\org\seleniumhq\selenium\selenium-ie-driver\4.8.1\selenium-ie-driver-4.8.1.jar;C:\Users\WINDOWS 10\.m2\repository\org\projectlombok\lombok\1.18.20\lombok-1.18.20.jar;C:\Users\WINDOWS 10\.m2\repository\io\appium\java-client\8.3.0\java-client-8.3.0.jar;C:\Users\WINDOWS 10\.m2\repository\commons-validator\commons-validator\1.7\commons-validator-1.7.jar;C:\Users\WINDOWS 10\.m2\repository\commons-digester\commons-digester\2.1\commons-digester-2.1.jar;C:\Users\WINDOWS 10\.m2\repository\net\sf\opencsv\opencsv\2.0\opencsv-2.0.jar;C:\Users\WINDOWS 10\.m2\repository\commons-beanutils\commons-beanutils\1.9.4\commons-beanutils-1.9.4.jar;C:\Users\WINDOWS 10\.m2\repository\org\apache\commons\commons-lang3\3.12.0\commons-lang3-3.12.0.jar;C:\Users\WINDOWS 10\.m2\repository\commons-collections\commons-collections\3.2.2\commons-collections-3.2.2.jar;C:\Users\WINDOWS 10\.m2\repository\org\fluentlenium\fluentlenium-core\0.10.2\fluentlenium-core-0.10.2.jar;C:\Users\WINDOWS 10\.m2\repository\io\github\bonigarcia\webdrivermanager\5.3.0\webdrivermanager-5.3.0.jar;C:\Users\WINDOWS 10\.m2\repository\com\github\docker-java\docker-java\3.2.13\docker-java-3.2.13.jar;C:\Users\WINDOWS 10\.m2\repository\com\github\docker-java\docker-java-core\3.2.13\docker-java-core-3.2.13.jar;C:\Users\WINDOWS 10\.m2\repository\com\github\docker-java\docker-java-api\3.2.13\docker-java-api-3.2.13.jar;C:\Users\WINDOWS 10\.m2\repository\org\apache\commons\commons-compress\1.21\commons-compress-1.21.jar;C:\Users\WINDOWS 10\.m2\repository\org\bouncycastle\bcpkix-jdk15on\1.64\bcpkix-jdk15on-1.64.jar;C:\Users\WINDOWS 10\.m2\repository\org\bouncycastle\bcprov-jdk15on\1.64\bcprov-jdk15on-1.64.jar;C:\Users\WINDOWS 10\.m2\repository\org\slf4j\jcl-over-slf4j\1.7.30\jcl-over-slf4j-1.7.30.jar;C:\Users\WINDOWS 10\.m2\repository\com\github\docker-java\docker-java-transport-httpclient5\3.2.13\docker-java-transport-httpclient5-3.2.13.jar;C:\Users\WINDOWS 10\.m2\repository\com\github\docker-java\docker-java-transport\3.2.13\docker-java-transport-3.2.13.jar;C:\Users\WINDOWS 10\.m2\repository\net\java\dev\jna\jna\5.8.0\jna-5.8.0.jar;C:\Users\WINDOWS 10\.m2\repository\org\brotli\dec\0.1.2\dec-0.1.2.jar;C:\Users\WINDOWS 10\.m2\repository\org\apache\httpcomponents\client5\httpclient5\5.1.3\httpclient5-5.1.3.jar;C:\Users\WINDOWS 10\.m2\repository\org\apache\httpcomponents\core5\httpcore5\5.1.3\httpcore5-5.1.3.jar;C:\Users\WINDOWS 10\.m2\repository\org\apache\httpcomponents\core5\httpcore5-h2\5.1.3\httpcore5-h2-5.1.3.jar;C:\Users\WINDOWS 10\.m2\repository\com\jhlabs\filters\2.0.235\filters-2.0.235.jar;C:\Users\WINDOWS 10\.m2\repository\com\paulhammant\ngwebdriver\1.1.6\ngwebdriver-1.1.6.jar;C:\Users\WINDOWS 10\.m2\repository\joda-time\joda-time\2.12.2\joda-time-2.12.2.jar;C:\Users\WINDOWS 10\.m2\repository\org\hamcrest\hamcrest\2.2\hamcrest-2.2.jar;C:\Users\WINDOWS 10\.m2\repository\com\google\jimfs\jimfs\1.2\jimfs-1.2.jar;C:\Users\WINDOWS 10\.m2\repository\org\mockito\mockito-core\3.3.3\mockito-core-3.3.3.jar;C:\Users\WINDOWS 10\.m2\repository\javax\xml\bind\jaxb-api\2.3.1\jaxb-api-2.3.1.jar;C:\Users\WINDOWS 10\.m2\repository\javax\activation\javax.activation-api\1.2.0\javax.activation-api-1.2.0.jar;C:\Users\WINDOWS 10\.m2\repository\com\sun\xml\bind\jaxb-core\2.3.0.1\jaxb-core-2.3.0.1.jar;C:\Users\WINDOWS 10\.m2\repository\com\sun\xml\bind\jaxb-impl\2.3.3\jaxb-impl-2.3.3.jar;C:\Users\WINDOWS 10\.m2\repository\jakarta\xml\bind\jakarta.xml.bind-api\2.3.3\jakarta.xml.bind-api-2.3.3.jar;C:\Users\WINDOWS 10\.m2\repository\com\sun\activation\jakarta.activation\1.2.2\jakarta.activation-1.2.2.jar;C:\Users\WINDOWS 10\.m2\repository\javax\activation\activation\1.1.1\activation-1.1.1.jar;C:\Users\WINDOWS 10\.m2\repository\net\serenity-bdd\serenity-cucumber\3.6.21\serenity-cucumber-3.6.21.jar;C:\Users\WINDOWS 10\.m2\repository\io\cucumber\cucumber-core\7.11.0\cucumber-core-7.11.0.jar;C:\Users\WINDOWS 10\.m2\repository\io\cucumber\cucumber-gherkin\7.11.0\cucumber-gherkin-7.11.0.jar;C:\Users\WINDOWS 10\.m2\repository\io\cucumber\cucumber-gherkin-messages\7.11.0\cucumber-gherkin-messages-7.11.0.jar;C:\Users\WINDOWS 10\.m2\repository\io\cucumber\gherkin\26.0.3\gherkin-26.0.3.jar;C:\Users\WINDOWS 10\.m2\repository\io\cucumber\messages\21.0.1\messages-21.0.1.jar;C:\Users\WINDOWS 10\.m2\repository\io\cucumber\tag-expressions\5.0.1\tag-expressions-5.0.1.jar;C:\Users\WINDOWS 10\.m2\repository\io\cucumber\cucumber-expressions\16.1.1\cucumber-expressions-16.1.1.jar;C:\Users\WINDOWS 10\.m2\repository\io\cucumber\datatable\7.11.0\datatable-7.11.0.jar;C:\Users\WINDOWS 10\.m2\repository\io\cucumber\cucumber-plugin\7.11.0\cucumber-plugin-7.11.0.jar;C:\Users\WINDOWS 10\.m2\repository\io\cucumber\docstring\7.11.0\docstring-7.11.0.jar;C:\Users\WINDOWS 10\.m2\repository\io\cucumber\html-formatter\20.2.1\html-formatter-20.2.1.jar;C:\Users\WINDOWS 10\.m2\repository\io\cucumber\junit-xml-formatter\0.1.0\junit-xml-formatter-0.1.0.jar;C:\Users\WINDOWS 10\.m2\repository\io\cucumber\ci-environment\9.1.0\ci-environment-9.1.0.jar;C:\Users\WINDOWS 10\.m2\repository\io\cucumber\cucumber-java\7.11.0\cucumber-java-7.11.0.jar;C:\Users\WINDOWS 10\.m2\repository\io\cucumber\cucumber-junit\7.11.0\cucumber-junit-7.11.0.jar;C:\Users\WINDOWS 10\.m2\repository\org\apache\commons\commons-csv\1.5\commons-csv-1.5.jar;C:\Users\WINDOWS 10\.m2\repository\net\serenity-bdd\serenity-screenplay\3.6.21\serenity-screenplay-3.6.21.jar;C:\Users\WINDOWS 10\.m2\repository\net\serenity-bdd\serenity-screenplay-webdriver\3.6.21\serenity-screenplay-webdriver-3.6.21.jar;C:\Users\WINDOWS 10\.m2\repository\net\serenity-bdd\serenity-ensure\3.6.21\serenity-ensure-3.6.21.jar;C:\Users\WINDOWS 10\.m2\repository\net\serenity-bdd\serenity-junit\3.6.21\serenity-junit-3.6.21.jar;C:\Users\WINDOWS 10\.m2\repository\org\jetbrains\kotlin\kotlin-stdlib\1.8.10\kotlin-stdlib-1.8.10.jar;C:\Users\WINDOWS 10\.m2\repository\org\jetbrains\kotlin\kotlin-stdlib-common\1.8.10\kotlin-stdlib-common-1.8.10.jar;C:\Users\WINDOWS 10\.m2\repository\org\jetbrains\annotations\13.0\annotations-13.0.jar;C:\Users\WINDOWS 10\.m2\repository\org\junit\platform\junit-platform-launcher\1.8.2\junit-platform-launcher-1.8.2.jar;C:\Users\WINDOWS 10\.m2\repository\org\junit\platform\junit-platform-engine\1.8.2\junit-platform-engine-1.8.2.jar;C:\Users\WINDOWS 10\.m2\repository\org\junit\platform\junit-platform-commons\1.8.2\junit-platform-commons-1.8.2.jar;C:\Users\WINDOWS 10\.m2\repository\org\apiguardian\apiguardian-api\1.1.2\apiguardian-api-1.1.2.jar;C:\Users\WINDOWS 10\.m2\repository\org\junit\jupiter\junit-jupiter-engine\5.8.2\junit-jupiter-engine-5.8.2.jar;C:\Users\WINDOWS 10\.m2\repository\org\junit\jupiter\junit-jupiter-api\5.8.2\junit-jupiter-api-5.8.2.jar;C:\Users\WINDOWS 10\.m2\repository\org\junit\vintage\junit-vintage-engine\5.8.2\junit-vintage-engine-5.8.2.jar;C:\Users\WINDOWS 10\.m2\repository\junit\junit\4.13.2\junit-4.13.2.jar;C:\Users\WINDOWS 10\.m2\repository\org\hamcrest\hamcrest-core\1.3\hamcrest-core-1.3.jar;C:\Users\WINDOWS 10\.m2\repository\ch\qos\logback\logback-classic\1.2.10\logback-classic-1.2.10.jar;C:\Users\WINDOWS 10\.m2\repository\ch\qos\logback\logback-core\1.2.10\logback-core-1.2.10.jar;C:\Users\WINDOWS 10\.m2\repository\org\slf4j\slf4j-api\1.7.32\slf4j-api-1.7.32.jar;C:\Users\WINDOWS 10\.m2\repository\org\assertj\assertj-core\3.23.1\assertj-core-3.23.1.jar;C:\Users\WINDOWS 10\.m2\repository\net\bytebuddy\byte-buddy\1.12.10\byte-buddy-1.12.10.jar;C:\Users\WINDOWS 10\.m2\repository\com\googlecode\json-simple\json-simple\1.1.1\json-simple-1.1.1.jar;C:\Users\WINDOWS 10\.m2\repository\org\apache\maven\surefire\surefire-junit-platform\3.0.0-M5\surefire-junit-platform-3.0.0-M5.jar;C:\Users\WINDOWS 10\.m2\repository\org\apache\maven\surefire\common-java5\3.0.0-M5\common-java5-3.0.0-M5.jar"/>
    <property name="user.script" value=""/>
    <property name="java.protocol.handler.pkgs" value="com.google.common"/>
    <property name="sun.management.compiler" value="HotSpot 64-Bit Tiered Compilers"/>
    <property name="java.runtime.version" value="15+36-1562"/>
    <property name="user.name" value="WINDOWS 10"/>
    <property name="path.separator" value=";"/>
    <property name="os.version" value="10.0"/>
    <property name="java.runtime.name" value="Java(TM) SE Runtime Environment"/>
    <property name="file.encoding" value="Cp1252"/>
    <property name="webdriver.base.url" value=""/>
    <property name="java.vm.name" value="Java HotSpot(TM) 64-Bit Server VM"/>
    <property name="localRepository" value="C:\Users\WINDOWS 10\.m2\repository"/>
    <property name="java.vendor.url.bug" value="https://bugreport.java.com/bugreport/"/>
    <property name="java.io.tmpdir" value="C:\Users\WINDOW~1\AppData\Local\Temp\"/>
    <property name="java.version" value="15"/>
    <property name="user.dir" value="C:\Users\WINDOWS 10\Documents\GitHub\MiniProject_QE\Web\code\minpro"/>
    <property name="os.arch" value="amd64"/>
    <property name="java.vm.specification.name" value="Java Virtual Machine Specification"/>
    <property name="sun.os.patch.level" value=""/>
    <property name="java.library.path" value="C:\Program Files\Java\jdk-15\bin;C:\WINDOWS\Sun\Java\bin;C:\WINDOWS\system32;C:\WINDOWS;C:\Program Files\Common Files\Oracle\Java\javapath;C:\Program Files (x86)\Common Files\Oracle\Java\javapath;C:\WINDOWS\system32;C:\WINDOWS;C:\WINDOWS\System32\Wbem;C:\WINDOWS\System32\WindowsPowerShell\v1.0\;C:\WINDOWS\System32\OpenSSH\;F:\PerCoolyeahan\Instalasi\XAMPP\php;C:\Program Files\Git\cmd;C:\ProgramData\ComposerSetup\bin;C:\Program Files\nodejs\;C:\PROGRA~1\IBM\SQLLIB~1\BIN;C:\PROGRA~1\IBM\SQLLIB~1\FUNCTION;C:\PROGRA~1\IBM\SQLLIB~1\SAMPLES\REPL;C:\Program Files\Cloudflare\Cloudflare WARP\;C:\Program Files\apache-maven-3.9.1\bin;C:\Users\WINDOWS 10\AppData\Local\Android\Sdk\tools;C:\Users\WINDOWS 10\AppData\Local\Android\Sdk\tools\bin;C:\Users\WINDOWS 10\AppData\Local\Android\Sdk\platform\tools;C:\Program Files\Gradle\gradle-8.1\bin;C:\Program Files\MySQL\MySQL Shell 8.0\bin\;C:\Users\WINDOWS 10\AppData\Local\Microsoft\WindowsApps;C:\Users\WINDOWS 10\AppData\Local\Programs\Microsoft VS Code\bin;C:\Users\WINDOWS 10\AppData\Roaming\Composer\vendor\bin;C:\Users\WINDOWS 10\AppData\Roaming\npm;C:\Users\WINDOWS 10\AppData\Local\GitHubDesktop\bin;C:\Users\WINDOWS 10\AppData\Local\spicetify;C:\Users\WINDOWS 10\AppData\Local\Android\Sdk\tools;C:\Users\WINDOWS 10\AppData\Local\Android\Sdk\tools\bin;C:\Users\WINDOWS 10\AppData\Local\Android\Sdk\platform-tools;C:\Program Files\Gradle\gradle-8.1\bin;;."/>
    <property name="java.vm.info" value="mixed mode"/>
    <property name="java.vendor" value="Oracle Corporation"/>
    <property name="java.vm.version" value="15+36-1562"/>
    <property name="sun.io.unicode.encoding" value="UnicodeLittle"/>
    <property name="java.class.version" value="59.0"/>
  </properties>
  <testcase name="Register with valid data" classname="Register to Alta-shop Account" time="32.561">
    <system-out><![CDATA[19:03:58.920 [main] DEBUG net.thucydides.core.guice.Injectors - Created injector for module net.thucydides.core.guice.ThucydidesModule
19:03:59.199 [main] DEBUG io.cucumber.core.plugin.SerenityReporter - Running feature from file:///C:/Users/WINDOWS%2010/Documents/GitHub/MiniProject_QE/Web/code/minpro/src/test/resources/features/1.%20Register.feature
19:03:59.348 [main] DEBUG net.thucydides.core.guice.Injectors - Created injector for module net.thucydides.core.guice.webdriver.WebDriverModule
19:03:59.362 [main] INFO  - 

-------------------------------------------------------------------------------------
     _______. _______ .______       _______ .__   __.  __  .___________.____    ____ 
    /       ||   ____||   _  \     |   ____||  \ |  | |  | |           |\   \  /   / 
   |   (----`|  |__   |  |_)  |    |  |__   |   \|  | |  | `---|  |----` \   \/   /  
    \   \    |   __|  |      /     |   __|  |  . `  | |  |     |  |       \_    _/   
.----)   |   |  |____ |  |\  \----.|  |____ |  |\   | |  |     |  |         |  |     
|_______/    |_______|| _| `._____||_______||__| \__| |__|     |__|         |__|    
                                                                                     
 News and tutorials at http://www.serenity-bdd.info                                  
 Documentation at https://wakaleo.gitbooks.io/the-serenity-book/content/             
 Join the Serenity Community on Gitter: https://gitter.im/serenity-bdd/serenity-core 
 Serenity BDD Support and Training at http://serenity-bdd.info/#/trainingandsupport  
-------------------------------------------------------------------------------------

19:03:59.366 [main] DEBUG net.thucydides.core.steps.StepEventBus - Test suite started for story net.thucydides.core.model.Story@529b74ce
19:03:59.368 [main] INFO  - Test Suite Started: Register to Alta-shop Account
19:03:59.383 [main] DEBUG io.cucumber.core.plugin.SerenityReporter - Running feature from file:///C:/Users/WINDOWS%2010/Documents/GitHub/MiniProject_QE/Web/code/minpro/src/test/resources/features/1.%20Register.feature
19:03:59.387 [main] DEBUG net.thucydides.core.steps.StepEventBus - Test suite started for story net.thucydides.core.model.Story@529b74ce
19:03:59.388 [main] INFO  - Test Suite Started: Register to Alta-shop Account

Scenario: Register with valid data          &amp#27;[90m# src/test/resources/features/1. Register.feature:7&amp#27;[0m
19:03:59.484 [main] DEBUG io.cucumber.core.plugin.SerenityReporter - Running feature from file:///C:/Users/WINDOWS%2010/Documents/GitHub/MiniProject_QE/Web/code/minpro/src/test/resources/features/1.%20Register.feature
19:03:59.649 [main] INFO  - 
  _____   ___   ___   _____     ___   _____     _     ___   _____   ___   ___  
 |_   _| | __| / __| |_   _|   / __| |_   _|   /_\   | _ \ |_   _| | __| |   \ 
   | |   | _|  \__ \   | |     \__ \   | |    / _ \  |   /   | |   | _|  | |) |
   |_|   |___| |___/   |_|     |___/   |_|   /_/ \_\ |_|_\   |_|   |___| |___/ 

Register with valid data(register-to-alta-shop-account;register-with-valid-data)
--------------------------------------------------------------------------------
19:03:59.714 [main] DEBUG net.thucydides.core.requirements.model.cucumber.CucumberParser - Loading feature C:\Users\WINDOWS 10\Documents\GitHub\MiniProject_QE\Web\code\minpro\src\test\resources\features\1. Register.feature
19:03:59.735 [main] DEBUG net.thucydides.core.requirements.model.cucumber.CucumberParser - Loading feature C:\Users\WINDOWS 10\Documents\GitHub\MiniProject_QE\Web\code\minpro\src\test\resources\features\2. Login.feature
19:03:59.741 [main] DEBUG net.thucydides.core.requirements.model.cucumber.CucumberParser - Loading feature C:\Users\WINDOWS 10\Documents\GitHub\MiniProject_QE\Web\code\minpro\src\test\resources\features\3. Product.feature
19:03:59.746 [main] DEBUG net.thucydides.core.requirements.model.cucumber.CucumberParser - Loading feature C:\Users\WINDOWS 10\Documents\GitHub\MiniProject_QE\Web\code\minpro\src\test\resources\features\4. Category.feature
19:03:59.750 [main] DEBUG net.thucydides.core.requirements.model.cucumber.CucumberParser - Loading feature C:\Users\WINDOWS 10\Documents\GitHub\MiniProject_QE\Web\code\minpro\src\test\resources\features\5. Transaction.feature
19:03:59.754 [main] DEBUG net.thucydides.core.requirements.model.cucumber.CucumberParser - Loading feature C:\Users\WINDOWS 10\Documents\GitHub\MiniProject_QE\Web\code\minpro\src\test\resources\features\6. Logout.feature
19:04:00.497 [main] DEBUG net.thucydides.core.steps.StepInterceptor - STARTING STEP: LoginSteps.onTheLoginPage - openPage
19:04:00.594 [main] INFO net.serenitybdd.core.webdriver.driverproviders.ChromeDriverProvider - Starting Chrome driver instance with capabilities:
19:04:00.596 [main] INFO net.serenitybdd.core.webdriver.driverproviders.ChromeDriverProvider - Capabilities {acceptInsecureCerts: false, browserName: chrome, goog:chromeOptions: {args: [remote-allow-origins=*], extensions: []}}
19:04:00.675 [main] DEBUG io.netty.util.internal.logging.InternalLoggerFactory - Using SLF4J as the default logging framework
19:04:00.677 [main] DEBUG io.netty.util.ResourceLeakDetector - -Dio.netty.leakDetection.level: simple
19:04:00.677 [main] DEBUG io.netty.util.ResourceLeakDetector - -Dio.netty.leakDetection.targetRecords: 4
19:04:00.681 [main] DEBUG io.netty.util.ResourceLeakDetectorFactory - Loaded default ResourceLeakDetector: io.netty.util.ResourceLeakDetector@1373e3ee
19:04:00.695 [main] DEBUG io.netty.util.internal.PlatformDependent0 - -Dio.netty.noUnsafe: false
19:04:00.695 [main] DEBUG io.netty.util.internal.PlatformDependent0 - Java version: 15
19:04:00.696 [main] DEBUG io.netty.util.internal.PlatformDependent0 - sun.misc.Unsafe.theUnsafe: available
19:04:00.697 [main] DEBUG io.netty.util.internal.PlatformDependent0 - sun.misc.Unsafe.copyMemory: available
19:04:00.697 [main] DEBUG io.netty.util.internal.PlatformDependent0 - sun.misc.Unsafe.storeFence: available
19:04:00.698 [main] DEBUG io.netty.util.internal.PlatformDependent0 - java.nio.Buffer.address: available
19:04:00.699 [main] DEBUG io.netty.util.internal.PlatformDependent0 - direct buffer constructor: unavailable: Reflective setAccessible(true) disabled
19:04:00.700 [main] DEBUG io.netty.util.internal.PlatformDependent0 - java.nio.Bits.unaligned: available, true
19:04:00.700 [main] DEBUG io.netty.util.internal.PlatformDependent0 - jdk.internal.misc.Unsafe.allocateUninitializedArray(int): unavailable: class io.netty.util.internal.PlatformDependent0$7 cannot access class jdk.internal.misc.Unsafe (in module java.base) because module java.base does not export jdk.internal.misc to unnamed module @36ac8a63
19:04:00.703 [main] DEBUG io.netty.util.internal.PlatformDependent0 - java.nio.DirectByteBuffer.<init>(long, int): unavailable
19:04:00.703 [main] DEBUG io.netty.util.internal.PlatformDependent - sun.misc.Unsafe: available
19:04:00.704 [main] DEBUG io.netty.util.internal.PlatformDependent - maxDirectMemory: 4133486592 bytes (maybe)
19:04:00.704 [main] DEBUG io.netty.util.internal.PlatformDependent - -Dio.netty.tmpdir: C:\Users\WINDOW~1\AppData\Local\Temp (java.io.tmpdir)
19:04:00.704 [main] DEBUG io.netty.util.internal.PlatformDependent - -Dio.netty.bitMode: 64 (sun.arch.data.model)
19:04:00.704 [main] DEBUG io.netty.util.internal.PlatformDependent - Platform: Windows
19:04:00.705 [main] DEBUG io.netty.util.internal.PlatformDependent - -Dio.netty.maxDirectMemory: -1 bytes
19:04:00.705 [main] DEBUG io.netty.util.internal.PlatformDependent - -Dio.netty.uninitializedArrayAllocationThreshold: -1
19:04:00.706 [main] DEBUG io.netty.util.internal.CleanerJava9 - java.nio.ByteBuffer.cleaner(): available
19:04:00.706 [main] DEBUG io.netty.util.internal.PlatformDependent - -Dio.netty.noPreferDirect: false
19:04:00.717 [main] DEBUG io.netty.util.internal.PlatformDependent - org.jctools-core.MpscChunkedArrayQueue: available
19:04:00.741 [main] DEBUG io.netty.util.internal.InternalThreadLocalMap - -Dio.netty.threadLocalMap.stringBuilder.initialSize: 1024
19:04:00.741 [main] DEBUG io.netty.util.internal.InternalThreadLocalMap - -Dio.netty.threadLocalMap.stringBuilder.maxSize: 4096
19:04:00.936 [main] DEBUG io.netty.handler.ssl.JdkSslContext - Default protocols (JDK): [TLSv1.3, TLSv1.2, TLSv1.1, TLSv1] 
19:04:00.937 [main] DEBUG io.netty.handler.ssl.JdkSslContext - Default cipher suites (JDK): [TLS_ECDHE_ECDSA_WITH_AES_256_GCM_SHA384, TLS_ECDHE_ECDSA_WITH_AES_128_GCM_SHA256, TLS_ECDHE_RSA_WITH_AES_128_GCM_SHA256, TLS_ECDHE_RSA_WITH_AES_256_GCM_SHA384, TLS_ECDHE_RSA_WITH_AES_128_CBC_SHA, TLS_ECDHE_RSA_WITH_AES_256_CBC_SHA, TLS_RSA_WITH_AES_128_GCM_SHA256, TLS_RSA_WITH_AES_128_CBC_SHA, TLS_RSA_WITH_AES_256_CBC_SHA, TLS_AES_128_GCM_SHA256, TLS_AES_256_GCM_SHA384]
19:04:00.958 [main] DEBUG io.netty.channel.MultithreadEventLoopGroup - -Dio.netty.eventLoopThreads: 32
19:04:00.966 [main] DEBUG io.netty.channel.nio.NioEventLoop - -Dio.netty.noKeySetOptimization: false
19:04:00.966 [main] DEBUG io.netty.channel.nio.NioEventLoop - -Dio.netty.selectorAutoRebuildThreshold: 512
19:04:01.026 [main] DEBUG io.netty.buffer.PooledByteBufAllocator - -Dio.netty.allocator.numHeapArenas: 32
19:04:01.027 [main] DEBUG io.netty.buffer.PooledByteBufAllocator - -Dio.netty.allocator.numDirectArenas: 32
19:04:01.027 [main] DEBUG io.netty.buffer.PooledByteBufAllocator - -Dio.netty.allocator.pageSize: 8192
19:04:01.027 [main] DEBUG io.netty.buffer.PooledByteBufAllocator - -Dio.netty.allocator.maxOrder: 9
19:04:01.027 [main] DEBUG io.netty.buffer.PooledByteBufAllocator - -Dio.netty.allocator.chunkSize: 4194304
19:04:01.027 [main] DEBUG io.netty.buffer.PooledByteBufAllocator - -Dio.netty.allocator.smallCacheSize: 256
19:04:01.027 [main] DEBUG io.netty.buffer.PooledByteBufAllocator - -Dio.netty.allocator.normalCacheSize: 64
19:04:01.027 [main] DEBUG io.netty.buffer.PooledByteBufAllocator - -Dio.netty.allocator.maxCachedBufferCapacity: 32768
19:04:01.027 [main] DEBUG io.netty.buffer.PooledByteBufAllocator - -Dio.netty.allocator.cacheTrimInterval: 8192
19:04:01.027 [main] DEBUG io.netty.buffer.PooledByteBufAllocator - -Dio.netty.allocator.cacheTrimIntervalMillis: 0
19:04:01.027 [main] DEBUG io.netty.buffer.PooledByteBufAllocator - -Dio.netty.allocator.useCacheForAllThreads: false
19:04:01.027 [main] DEBUG io.netty.buffer.PooledByteBufAllocator - -Dio.netty.allocator.maxCachedByteBuffersPerChunk: 1023
19:04:01.037 [main] DEBUG io.netty.buffer.ByteBufUtil - -Dio.netty.allocator.type: pooled
19:04:01.038 [main] DEBUG io.netty.buffer.ByteBufUtil - -Dio.netty.threadLocalDirectBufferSize: 0
19:04:01.038 [main] DEBUG io.netty.buffer.ByteBufUtil - -Dio.netty.maxThreadLocalCharBufferSize: 16384
19:04:01.265 [Forwarding newSession on session null to remote] DEBUG io.netty.channel.DefaultChannelId - -Dio.netty.processId: 18176 (auto-detected)
19:04:01.267 [Forwarding newSession on session null to remote] DEBUG io.netty.util.NetUtil - -Djava.net.preferIPv4Stack: false
19:04:01.267 [Forwarding newSession on session null to remote] DEBUG io.netty.util.NetUtil - -Djava.net.preferIPv6Addresses: false
19:04:01.288 [Forwarding newSession on session null to remote] DEBUG io.netty.util.NetUtilInitializations - Loopback interface: lo (Software Loopback Interface 1, 127.0.0.1)
19:04:01.289 [Forwarding newSession on session null to remote] DEBUG io.netty.util.NetUtil - Failed to get SOMAXCONN from sysctl and file \proc\sys\net\core\somaxconn. Default: 200
19:04:01.340 [Forwarding newSession on session null to remote] DEBUG io.netty.channel.DefaultChannelId - -Dio.netty.machineId: 34:cf:f6:ff:fe:2b:0c:19 (auto-detected)
19:04:01.378 [AsyncHttpClient-1-2] DEBUG io.netty.buffer.AbstractByteBuf - -Dio.netty.buffer.checkAccessible: true
19:04:01.378 [AsyncHttpClient-1-2] DEBUG io.netty.buffer.AbstractByteBuf - -Dio.netty.buffer.checkBounds: true
19:04:01.378 [AsyncHttpClient-1-2] DEBUG io.netty.util.ResourceLeakDetectorFactory - Loaded default ResourceLeakDetector: io.netty.util.ResourceLeakDetector@693f7549
19:04:01.388 [AsyncHttpClient-1-2] DEBUG org.asynchttpclient.netty.channel.NettyConnectListener - Using new Channel '[id: 0x5bb68fbe, L:/127.0.0.1:61445 - R:localhost/127.0.0.1:7996]' for 'POST' to '/session'
19:04:01.401 [AsyncHttpClient-1-2] DEBUG io.netty.util.Recycler - -Dio.netty.recycler.maxCapacityPerThread: 4096
19:04:01.401 [AsyncHttpClient-1-2] DEBUG io.netty.util.Recycler - -Dio.netty.recycler.ratio: 8
19:04:01.401 [AsyncHttpClient-1-2] DEBUG io.netty.util.Recycler - -Dio.netty.recycler.chunkSize: 32
19:04:01.401 [AsyncHttpClient-1-2] DEBUG io.netty.util.Recycler - -Dio.netty.recycler.blocking: false
19:04:02.078 [AsyncHttpClient-1-2] DEBUG io.netty.handler.codec.compression.Brotli - brotli4j not in the classpath; Brotli support will be unavailable.
19:04:02.078 [AsyncHttpClient-1-2] DEBUG org.asynchttpclient.netty.handler.HttpHandler - 

Request DefaultHttpRequest(decodeResult: success, version: HTTP/1.1)
POST /session HTTP/1.1
User-Agent: selenium/4.8.1 (java windows)
Content-Length: 507
Content-Type: application/json; charset=utf-8
host: localhost:7996
accept: */*

Response DefaultHttpResponse(decodeResult: success, version: HTTP/1.1)
HTTP/1.1 200 OK
Content-Length: 863
Content-Type: application/json; charset=utf-8
cache-control: no-cache

19:04:02.085 [AsyncHttpClient-1-2] DEBUG org.asynchttpclient.netty.channel.ChannelManager - Adding key: http://localhost:7996 for channel [id: 0x5bb68fbe, L:/127.0.0.1:61445 - R:localhost/127.0.0.1:7996]
19:04:02.147 [AsyncHttpClient-1-3] DEBUG org.asynchttpclient.netty.channel.NettyConnectListener - Using new Channel '[id: 0xeba73963, L:/127.0.0.1:61453 - R:localhost/127.0.0.1:61447]' for 'GET' to '/json/version'
19:04:02.150 [AsyncHttpClient-1-3] DEBUG org.asynchttpclient.netty.handler.HttpHandler - 

Request DefaultFullHttpRequest(decodeResult: success, version: HTTP/1.1, content: EmptyByteBufBE)
GET /json/version HTTP/1.1
User-Agent: selenium/4.8.1 (java windows)
host: localhost:61447
accept: */*

Response DefaultHttpResponse(decodeResult: success, version: HTTP/1.1)
HTTP/1.1 200 OK
Content-Security-Policy: frame-ancestors 'none'
Content-Length: 424
Content-Type: application/json; charset=UTF-8

19:04:02.151 [AsyncHttpClient-1-3] DEBUG org.asynchttpclient.netty.channel.ChannelManager - Adding key: http://localhost:61447 for channel [id: 0xeba73963, L:/127.0.0.1:61453 - R:localhost/127.0.0.1:61447]
19:04:02.157 [main] DEBUG io.netty.util.internal.ThreadLocalRandom - -Dio.netty.initialSeedUniquifier: 0x77eb211fcfcf3da2
19:04:02.160 [AsyncHttpClient-1-4] DEBUG org.asynchttpclient.netty.channel.NettyConnectListener - Using new Channel '[id: 0x0f0a0526, L:/127.0.0.1:61454 - R:localhost/127.0.0.1:61447]' for 'GET' to '/devtools/browser/9a08c10e-ebe9-4c2e-bb44-081d317af911'
19:04:02.162 [AsyncHttpClient-1-4] DEBUG org.asynchttpclient.netty.handler.WebSocketHandler - 

Request DefaultFullHttpRequest(decodeResult: success, version: HTTP/1.1, content: EmptyByteBufBE)
GET /devtools/browser/9a08c10e-ebe9-4c2e-bb44-081d317af911 HTTP/1.1
upgrade: websocket
connection: upgrade
sec-websocket-key: IN0ACtZ/gvc5m1zdka/OPA==
sec-websocket-version: 13
origin: http://localhost:61447
host: localhost:61447
accept: */*
user-agent: AHC/2.1

Response DefaultHttpResponse(decodeResult: success, version: HTTP/1.1)
HTTP/1.1 101 WebSocket Protocol Handshake
Upgrade: WebSocket
Connection: Upgrade
Sec-WebSocket-Accept: Xj/UdLP9ZZRpvEgYSM7A3s/9/x4=

19:04:02.243 [Forwarding get on session b87234453080d97d371b7a992190bcfb to remote] DEBUG org.asynchttpclient.netty.request.NettyRequestSender - Using pooled Channel '[id: 0x5bb68fbe, L:/127.0.0.1:61445 - R:localhost/127.0.0.1:7996]' for 'POST' to 'http://localhost:7996/session/b87234453080d97d371b7a992190bcfb/url'
19:04:02.244 [Forwarding get on session b87234453080d97d371b7a992190bcfb to remote] DEBUG org.asynchttpclient.netty.request.NettyRequestSender - Using open Channel [id: 0x5bb68fbe, L:/127.0.0.1:61445 - R:localhost/127.0.0.1:7996] for POST '/session/b87234453080d97d371b7a992190bcfb/url'
19:04:03.130 [AsyncHttpClient-1-1] DEBUG org.asynchttpclient.netty.channel.DefaultChannelPool - Entry count for : http://localhost:61447 : 1
19:04:04.229 [AsyncHttpClient-1-1] DEBUG org.asynchttpclient.netty.channel.DefaultChannelPool - Entry count for : http://localhost:61447 : 1
19:04:05.329 [AsyncHttpClient-1-1] DEBUG org.asynchttpclient.netty.channel.DefaultChannelPool - Entry count for : http://localhost:61447 : 1
19:04:06.436 [AsyncHttpClient-1-1] DEBUG org.asynchttpclient.netty.channel.DefaultChannelPool - Entry count for : http://localhost:61447 : 1
19:04:07.531 [AsyncHttpClient-1-1] DEBUG org.asynchttpclient.netty.channel.DefaultChannelPool - Entry count for : http://localhost:61447 : 1
19:04:08.632 [AsyncHttpClient-1-1] DEBUG org.asynchttpclient.netty.channel.DefaultChannelPool - Entry count for : http://localhost:61447 : 1
19:04:09.729 [AsyncHttpClient-1-1] DEBUG org.asynchttpclient.netty.channel.DefaultChannelPool - Entry count for : http://localhost:61447 : 1
19:04:10.832 [AsyncHttpClient-1-1] DEBUG org.asynchttpclient.netty.channel.DefaultChannelPool - Entry count for : http://localhost:61447 : 1
19:04:11.928 [AsyncHttpClient-1-1] DEBUG org.asynchttpclient.netty.channel.DefaultChannelPool - Entry count for : http://localhost:61447 : 1
19:04:13.030 [AsyncHttpClient-1-1] DEBUG org.asynchttpclient.netty.channel.DefaultChannelPool - Entry count for : http://localhost:61447 : 1
19:04:14.131 [AsyncHttpClient-1-1] DEBUG org.asynchttpclient.netty.channel.DefaultChannelPool - Entry count for : http://localhost:61447 : 1
19:04:15.228 [AsyncHttpClient-1-1] DEBUG org.asynchttpclient.netty.channel.DefaultChannelPool - Entry count for : http://localhost:61447 : 1
19:04:16.329 [AsyncHttpClient-1-1] DEBUG org.asynchttpclient.netty.channel.DefaultChannelPool - Entry count for : http://localhost:61447 : 1
19:04:17.431 [AsyncHttpClient-1-1] DEBUG org.asynchttpclient.netty.channel.DefaultChannelPool - Entry count for : http://localhost:61447 : 1
19:04:18.534 [AsyncHttpClient-1-1] DEBUG org.asynchttpclient.netty.channel.DefaultChannelPool - Entry count for : http://localhost:61447 : 1
19:04:19.632 [AsyncHttpClient-1-1] DEBUG org.asynchttpclient.netty.channel.DefaultChannelPool - Entry count for : http://localhost:61447 : 1
19:04:20.729 [AsyncHttpClient-1-1] DEBUG org.asynchttpclient.netty.channel.DefaultChannelPool - Entry count for : http://localhost:61447 : 1
19:04:21.834 [AsyncHttpClient-1-1] DEBUG org.asynchttpclient.netty.channel.DefaultChannelPool - Entry count for : http://localhost:61447 : 1
19:04:22.929 [AsyncHttpClient-1-1] DEBUG org.asynchttpclient.netty.channel.DefaultChannelPool - Entry count for : http://localhost:61447 : 1
19:04:24.032 [AsyncHttpClient-1-1] DEBUG org.asynchttpclient.netty.channel.DefaultChannelPool - Entry count for : http://localhost:61447 : 1
19:04:25.134 [AsyncHttpClient-1-1] DEBUG org.asynchttpclient.netty.channel.DefaultChannelPool - Entry count for : http://localhost:61447 : 1
19:04:26.229 [AsyncHttpClient-1-1] DEBUG org.asynchttpclient.netty.channel.DefaultChannelPool - Entry count for : http://localhost:61447 : 1
19:04:27.331 [AsyncHttpClient-1-1] DEBUG org.asynchttpclient.netty.channel.DefaultChannelPool - Entry count for : http://localhost:61447 : 1
19:04:27.773 [AsyncHttpClient-1-2] DEBUG org.asynchttpclient.netty.handler.HttpHandler - 

Request DefaultHttpRequest(decodeResult: success, version: HTTP/1.1)
POST /session/b87234453080d97d371b7a992190bcfb/url HTTP/1.1
User-Agent: selenium/4.8.1 (java windows)
Content-Length: 74
Content-Type: application/json; charset=utf-8
host: localhost:7996
accept: */*

Response DefaultHttpResponse(decodeResult: success, version: HTTP/1.1)
HTTP/1.1 200 OK
Content-Length: 14
Content-Type: application/json; charset=utf-8
cache-control: no-cache

19:04:27.774 [AsyncHttpClient-1-2] DEBUG org.asynchttpclient.netty.channel.ChannelManager - Adding key: http://localhost:7996 for channel [id: 0x5bb68fbe, L:/127.0.0.1:61445 - R:localhost/127.0.0.1:7996]
19:04:27.778 [Forwarding setTimeout on session b87234453080d97d371b7a992190bcfb to remote] DEBUG org.asynchttpclient.netty.request.NettyRequestSender - Using pooled Channel '[id: 0x5bb68fbe, L:/127.0.0.1:61445 - R:localhost/127.0.0.1:7996]' for 'POST' to 'http://localhost:7996/session/b87234453080d97d371b7a992190bcfb/timeouts'
19:04:27.778 [Forwarding setTimeout on session b87234453080d97d371b7a992190bcfb to remote] DEBUG org.asynchttpclient.netty.request.NettyRequestSender - Using open Channel [id: 0x5bb68fbe, L:/127.0.0.1:61445 - R:localhost/127.0.0.1:7996] for POST '/session/b87234453080d97d371b7a992190bcfb/timeouts'
19:04:27.779 [AsyncHttpClient-1-2] DEBUG org.asynchttpclient.netty.handler.HttpHandler - 

Request DefaultHttpRequest(decodeResult: success, version: HTTP/1.1)
POST /session/b87234453080d97d371b7a992190bcfb/timeouts HTTP/1.1
User-Agent: selenium/4.8.1 (java windows)
Content-Length: 22
Content-Type: application/json; charset=utf-8
host: localhost:7996
accept: */*

Response DefaultHttpResponse(decodeResult: success, version: HTTP/1.1)
HTTP/1.1 200 OK
Content-Length: 14
Content-Type: application/json; charset=utf-8
cache-control: no-cache

19:04:27.780 [AsyncHttpClient-1-2] DEBUG org.asynchttpclient.netty.channel.ChannelManager - Adding key: http://localhost:7996 for channel [id: 0x5bb68fbe, L:/127.0.0.1:61445 - R:localhost/127.0.0.1:7996]
19:04:27.805 [main] DEBUG net.serenitybdd.core.photography.Darkroom - Opening darkroom
19:04:27.806 [Darkroom Processing Line] DEBUG net.serenitybdd.core.photography.DarkroomProcessingLine - Darkroom processing line starting up
19:04:27.823 [Forwarding getAlertText on session b87234453080d97d371b7a992190bcfb to remote] DEBUG org.asynchttpclient.netty.request.NettyRequestSender - Using pooled Channel '[id: 0x5bb68fbe, L:/127.0.0.1:61445 - R:localhost/127.0.0.1:7996]' for 'GET' to 'http://localhost:7996/session/b87234453080d97d371b7a992190bcfb/alert/text'
19:04:27.823 [Forwarding getAlertText on session b87234453080d97d371b7a992190bcfb to remote] DEBUG org.asynchttpclient.netty.request.NettyRequestSender - Using open Channel [id: 0x5bb68fbe, L:/127.0.0.1:61445 - R:localhost/127.0.0.1:7996] for GET '/session/b87234453080d97d371b7a992190bcfb/alert/text'
19:04:27.824 [AsyncHttpClient-1-2] DEBUG org.asynchttpclient.netty.handler.HttpHandler - 

Request DefaultFullHttpRequest(decodeResult: success, version: HTTP/1.1, content: EmptyByteBufBE)
GET /session/b87234453080d97d371b7a992190bcfb/alert/text HTTP/1.1
User-Agent: selenium/4.8.1 (java windows)
Cache-Control: no-cache
Content-Type: application/json; charset=utf-8
host: localhost:7996
accept: */*

Response DefaultHttpResponse(decodeResult: success, version: HTTP/1.1)
HTTP/1.1 404 Not Found
Content-Length: 836
Content-Type: application/json; charset=utf-8
cache-control: no-cache

19:04:27.825 [AsyncHttpClient-1-2] DEBUG org.asynchttpclient.netty.channel.ChannelManager - Adding key: http://localhost:7996 for channel [id: 0x5bb68fbe, L:/127.0.0.1:61445 - R:localhost/127.0.0.1:7996]
19:04:27.831 [Forwarding getCurrentUrl on session b87234453080d97d371b7a992190bcfb to remote] DEBUG org.asynchttpclient.netty.request.NettyRequestSender - Using pooled Channel '[id: 0x5bb68fbe, L:/127.0.0.1:61445 - R:localhost/127.0.0.1:7996]' for 'GET' to 'http://localhost:7996/session/b87234453080d97d371b7a992190bcfb/url'
19:04:27.831 [Forwarding getCurrentUrl on session b87234453080d97d371b7a992190bcfb to remote] DEBUG org.asynchttpclient.netty.request.NettyRequestSender - Using open Channel [id: 0x5bb68fbe, L:/127.0.0.1:61445 - R:localhost/127.0.0.1:7996] for GET '/session/b87234453080d97d371b7a992190bcfb/url'
19:04:27.834 [AsyncHttpClient-1-2] DEBUG org.asynchttpclient.netty.handler.HttpHandler - 

Request DefaultFullHttpRequest(decodeResult: success, version: HTTP/1.1, content: EmptyByteBufBE)
GET /session/b87234453080d97d371b7a992190bcfb/url HTTP/1.1
User-Agent: selenium/4.8.1 (java windows)
Cache-Control: no-cache
Content-Type: application/json; charset=utf-8
host: localhost:7996
accept: */*

Response DefaultHttpResponse(decodeResult: success, version: HTTP/1.1)
HTTP/1.1 200 OK
Content-Length: 51
Content-Type: application/json; charset=utf-8
cache-control: no-cache

19:04:27.834 [AsyncHttpClient-1-2] DEBUG org.asynchttpclient.netty.channel.ChannelManager - Adding key: http://localhost:7996 for channel [id: 0x5bb68fbe, L:/127.0.0.1:61445 - R:localhost/127.0.0.1:7996]
19:04:27.836 [Forwarding screenshot on session b87234453080d97d371b7a992190bcfb to remote] DEBUG org.asynchttpclient.netty.request.NettyRequestSender - Using pooled Channel '[id: 0x5bb68fbe, L:/127.0.0.1:61445 - R:localhost/127.0.0.1:7996]' for 'GET' to 'http://localhost:7996/session/b87234453080d97d371b7a992190bcfb/screenshot'
19:04:27.837 [Forwarding screenshot on session b87234453080d97d371b7a992190bcfb to remote] DEBUG org.asynchttpclient.netty.request.NettyRequestSender - Using open Channel [id: 0x5bb68fbe, L:/127.0.0.1:61445 - R:localhost/127.0.0.1:7996] for GET '/session/b87234453080d97d371b7a992190bcfb/screenshot'
19:04:27.906 [AsyncHttpClient-1-2] DEBUG org.asynchttpclient.netty.handler.HttpHandler - 

Request DefaultFullHttpRequest(decodeResult: success, version: HTTP/1.1, content: EmptyByteBufBE)
GET /session/b87234453080d97d371b7a992190bcfb/screenshot HTTP/1.1
User-Agent: selenium/4.8.1 (java windows)
Cache-Control: no-cache
Content-Type: application/json; charset=utf-8
host: localhost:7996
accept: */*

Response DefaultHttpResponse(decodeResult: success, version: HTTP/1.1)
HTTP/1.1 200 OK
Content-Length: 25208
Content-Type: application/json; charset=utf-8
cache-control: no-cache

19:04:27.907 [AsyncHttpClient-1-2] DEBUG org.asynchttpclient.netty.channel.ChannelManager - Adding key: http://localhost:7996 for channel [id: 0x5bb68fbe, L:/127.0.0.1:61445 - R:localhost/127.0.0.1:7996]
19:04:27.957 [main] DEBUG net.serenitybdd.core.photography.Darkroom - Send negative for processing for target\site\serenity\edb14d4aab401efa0e4fb99861e6ffcafebc86a67b69f7828890b9910ed2ddbd.png
19:04:27.957 [Darkroom Processing Line] DEBUG net.serenitybdd.core.photography.DarkroomProcessingLine - Processing screenshot image in /var/screenshots/screenshot-8056329948400483509
19:04:27.958 [Darkroom Processing Line] DEBUG net.serenitybdd.core.photography.DarkroomProcessingLine - Saving screenshot to target\site\serenity\edb14d4aab401efa0e4fb99861e6ffcafebc86a67b69f7828890b9910ed2ddbd.png
19:04:27.961 [main] DEBUG net.thucydides.core.steps.StepInterceptor - STEP DONE: openPage
  &amp#27;[32mGiven &amp#27;[0m&amp#27;[32mI am on the alta-shop login page&amp#27;[0m    &amp#27;[90m# starter.stepdefinitions.LoginSteps.onTheLoginPage()&amp#27;[0m
19:04:27.992 [Forwarding getPageSource on session b87234453080d97d371b7a992190bcfb to remote] DEBUG org.asynchttpclient.netty.request.NettyRequestSender - Using pooled Channel '[id: 0x5bb68fbe, L:/127.0.0.1:61445 - R:localhost/127.0.0.1:7996]' for 'POST' to 'http://localhost:7996/session/b87234453080d97d371b7a992190bcfb/execute/sync'
19:04:27.993 [Forwarding getPageSource on session b87234453080d97d371b7a992190bcfb to remote] DEBUG org.asynchttpclient.netty.request.NettyRequestSender - Using open Channel [id: 0x5bb68fbe, L:/127.0.0.1:61445 - R:localhost/127.0.0.1:7996] for POST '/session/b87234453080d97d371b7a992190bcfb/execute/sync'
19:04:27.999 [AsyncHttpClient-1-2] DEBUG org.asynchttpclient.netty.handler.HttpHandler - 

Request DefaultHttpRequest(decodeResult: success, version: HTTP/1.1)
POST /session/b87234453080d97d371b7a992190bcfb/execute/sync HTTP/1.1
User-Agent: selenium/4.8.1 (java windows)
Content-Length: 176
Content-Type: application/json; charset=utf-8
host: localhost:7996
accept: */*

Response DefaultHttpResponse(decodeResult: success, version: HTTP/1.1)
HTTP/1.1 200 OK
Content-Length: 21659
Content-Type: application/json; charset=utf-8
cache-control: no-cache

19:04:28.000 [AsyncHttpClient-1-2] DEBUG org.asynchttpclient.netty.channel.ChannelManager - Adding key: http://localhost:7996 for channel [id: 0x5bb68fbe, L:/127.0.0.1:61445 - R:localhost/127.0.0.1:7996]
19:04:28.111 [Forwarding getCurrentUrl on session b87234453080d97d371b7a992190bcfb to remote] DEBUG org.asynchttpclient.netty.request.NettyRequestSender - Using pooled Channel '[id: 0x5bb68fbe, L:/127.0.0.1:61445 - R:localhost/127.0.0.1:7996]' for 'GET' to 'http://localhost:7996/session/b87234453080d97d371b7a992190bcfb/url'
19:04:28.111 [Forwarding getCurrentUrl on session b87234453080d97d371b7a992190bcfb to remote] DEBUG org.asynchttpclient.netty.request.NettyRequestSender - Using open Channel [id: 0x5bb68fbe, L:/127.0.0.1:61445 - R:localhost/127.0.0.1:7996] for GET '/session/b87234453080d97d371b7a992190bcfb/url'
19:04:28.114 [AsyncHttpClient-1-2] DEBUG org.asynchttpclient.netty.handler.HttpHandler - 

Request DefaultFullHttpRequest(decodeResult: success, version: HTTP/1.1, content: EmptyByteBufBE)
GET /session/b87234453080d97d371b7a992190bcfb/url HTTP/1.1
User-Agent: selenium/4.8.1 (java windows)
Cache-Control: no-cache
Content-Type: application/json; charset=utf-8
host: localhost:7996
accept: */*

Response DefaultHttpResponse(decodeResult: success, version: HTTP/1.1)
HTTP/1.1 200 OK
Content-Length: 51
Content-Type: application/json; charset=utf-8
cache-control: no-cache

19:04:28.114 [AsyncHttpClient-1-2] DEBUG org.asynchttpclient.netty.channel.ChannelManager - Adding key: http://localhost:7996 for channel [id: 0x5bb68fbe, L:/127.0.0.1:61445 - R:localhost/127.0.0.1:7996]
19:04:28.194 [Forwarding getAlertText on session b87234453080d97d371b7a992190bcfb to remote] DEBUG org.asynchttpclient.netty.request.NettyRequestSender - Using pooled Channel '[id: 0x5bb68fbe, L:/127.0.0.1:61445 - R:localhost/127.0.0.1:7996]' for 'GET' to 'http://localhost:7996/session/b87234453080d97d371b7a992190bcfb/alert/text'
19:04:28.194 [Forwarding getAlertText on session b87234453080d97d371b7a992190bcfb to remote] DEBUG org.asynchttpclient.netty.request.NettyRequestSender - Using open Channel [id: 0x5bb68fbe, L:/127.0.0.1:61445 - R:localhost/127.0.0.1:7996] for GET '/session/b87234453080d97d371b7a992190bcfb/alert/text'
19:04:28.195 [AsyncHttpClient-1-2] DEBUG org.asynchttpclient.netty.handler.HttpHandler - 

Request DefaultFullHttpRequest(decodeResult: success, version: HTTP/1.1, content: EmptyByteBufBE)
GET /session/b87234453080d97d371b7a992190bcfb/alert/text HTTP/1.1
User-Agent: selenium/4.8.1 (java windows)
Cache-Control: no-cache
Content-Type: application/json; charset=utf-8
host: localhost:7996
accept: */*

Response DefaultHttpResponse(decodeResult: success, version: HTTP/1.1)
HTTP/1.1 404 Not Found
Content-Length: 836
Content-Type: application/json; charset=utf-8
cache-control: no-cache

19:04:28.195 [AsyncHttpClient-1-2] DEBUG org.asynchttpclient.netty.channel.ChannelManager - Adding key: http://localhost:7996 for channel [id: 0x5bb68fbe, L:/127.0.0.1:61445 - R:localhost/127.0.0.1:7996]
19:04:28.199 [Forwarding getCurrentUrl on session b87234453080d97d371b7a992190bcfb to remote] DEBUG org.asynchttpclient.netty.request.NettyRequestSender - Using pooled Channel '[id: 0x5bb68fbe, L:/127.0.0.1:61445 - R:localhost/127.0.0.1:7996]' for 'GET' to 'http://localhost:7996/session/b87234453080d97d371b7a992190bcfb/url'
19:04:28.200 [Forwarding getCurrentUrl on session b87234453080d97d371b7a992190bcfb to remote] DEBUG org.asynchttpclient.netty.request.NettyRequestSender - Using open Channel [id: 0x5bb68fbe, L:/127.0.0.1:61445 - R:localhost/127.0.0.1:7996] for GET '/session/b87234453080d97d371b7a992190bcfb/url'
19:04:28.202 [AsyncHttpClient-1-2] DEBUG org.asynchttpclient.netty.handler.HttpHandler - 

Request DefaultFullHttpRequest(decodeResult: success, version: HTTP/1.1, content: EmptyByteBufBE)
GET /session/b87234453080d97d371b7a992190bcfb/url HTTP/1.1
User-Agent: selenium/4.8.1 (java windows)
Cache-Control: no-cache
Content-Type: application/json; charset=utf-8
host: localhost:7996
accept: */*

Response DefaultHttpResponse(decodeResult: success, version: HTTP/1.1)
HTTP/1.1 200 OK
Content-Length: 51
Content-Type: application/json; charset=utf-8
cache-control: no-cache

19:04:28.203 [AsyncHttpClient-1-2] DEBUG org.asynchttpclient.netty.channel.ChannelManager - Adding key: http://localhost:7996 for channel [id: 0x5bb68fbe, L:/127.0.0.1:61445 - R:localhost/127.0.0.1:7996]
19:04:28.204 [Forwarding screenshot on session b87234453080d97d371b7a992190bcfb to remote] DEBUG org.asynchttpclient.netty.request.NettyRequestSender - Using pooled Channel '[id: 0x5bb68fbe, L:/127.0.0.1:61445 - R:localhost/127.0.0.1:7996]' for 'GET' to 'http://localhost:7996/session/b87234453080d97d371b7a992190bcfb/screenshot'
19:04:28.204 [Forwarding screenshot on session b87234453080d97d371b7a992190bcfb to remote] DEBUG org.asynchttpclient.netty.request.NettyRequestSender - Using open Channel [id: 0x5bb68fbe, L:/127.0.0.1:61445 - R:localhost/127.0.0.1:7996] for GET '/session/b87234453080d97d371b7a992190bcfb/screenshot'
19:04:28.274 [AsyncHttpClient-1-2] DEBUG org.asynchttpclient.netty.handler.HttpHandler - 

Request DefaultFullHttpRequest(decodeResult: success, version: HTTP/1.1, content: EmptyByteBufBE)
GET /session/b87234453080d97d371b7a992190bcfb/screenshot HTTP/1.1
User-Agent: selenium/4.8.1 (java windows)
Cache-Control: no-cache
Content-Type: application/json; charset=utf-8
host: localhost:7996
accept: */*

Response DefaultHttpResponse(decodeResult: success, version: HTTP/1.1)
HTTP/1.1 200 OK
Content-Length: 25208
Content-Type: application/json; charset=utf-8
cache-control: no-cache

19:04:28.275 [AsyncHttpClient-1-2] DEBUG org.asynchttpclient.netty.channel.ChannelManager - Adding key: http://localhost:7996 for channel [id: 0x5bb68fbe, L:/127.0.0.1:61445 - R:localhost/127.0.0.1:7996]
19:04:28.277 [main] DEBUG net.serenitybdd.core.photography.Darkroom - Send negative for processing for target\site\serenity\edb14d4aab401efa0e4fb99861e6ffcafebc86a67b69f7828890b9910ed2ddbd.png
19:04:28.279 [Forwarding getPageSource on session b87234453080d97d371b7a992190bcfb to remote] DEBUG org.asynchttpclient.netty.request.NettyRequestSender - Using pooled Channel '[id: 0x5bb68fbe, L:/127.0.0.1:61445 - R:localhost/127.0.0.1:7996]' for 'POST' to 'http://localhost:7996/session/b87234453080d97d371b7a992190bcfb/execute/sync'
19:04:28.279 [Forwarding getPageSource on session b87234453080d97d371b7a992190bcfb to remote] DEBUG org.asynchttpclient.netty.request.NettyRequestSender - Using open Channel [id: 0x5bb68fbe, L:/127.0.0.1:61445 - R:localhost/127.0.0.1:7996] for POST '/session/b87234453080d97d371b7a992190bcfb/execute/sync'
19:04:28.284 [AsyncHttpClient-1-2] DEBUG org.asynchttpclient.netty.handler.HttpHandler - 

Request DefaultHttpRequest(decodeResult: success, version: HTTP/1.1)
POST /session/b87234453080d97d371b7a992190bcfb/execute/sync HTTP/1.1
User-Agent: selenium/4.8.1 (java windows)
Content-Length: 176
Content-Type: application/json; charset=utf-8
host: localhost:7996
accept: */*

Response DefaultHttpResponse(decodeResult: success, version: HTTP/1.1)
HTTP/1.1 200 OK
Content-Length: 21659
Content-Type: application/json; charset=utf-8
cache-control: no-cache

19:04:28.284 [AsyncHttpClient-1-2] DEBUG org.asynchttpclient.netty.channel.ChannelManager - Adding key: http://localhost:7996 for channel [id: 0x5bb68fbe, L:/127.0.0.1:61445 - R:localhost/127.0.0.1:7996]
19:04:28.293 [Forwarding getCurrentUrl on session b87234453080d97d371b7a992190bcfb to remote] DEBUG org.asynchttpclient.netty.request.NettyRequestSender - Using pooled Channel '[id: 0x5bb68fbe, L:/127.0.0.1:61445 - R:localhost/127.0.0.1:7996]' for 'GET' to 'http://localhost:7996/session/b87234453080d97d371b7a992190bcfb/url'
19:04:28.293 [Forwarding getCurrentUrl on session b87234453080d97d371b7a992190bcfb to remote] DEBUG org.asynchttpclient.netty.request.NettyRequestSender - Using open Channel [id: 0x5bb68fbe, L:/127.0.0.1:61445 - R:localhost/127.0.0.1:7996] for GET '/session/b87234453080d97d371b7a992190bcfb/url'
19:04:28.297 [AsyncHttpClient-1-2] DEBUG org.asynchttpclient.netty.handler.HttpHandler - 

Request DefaultFullHttpRequest(decodeResult: success, version: HTTP/1.1, content: EmptyByteBufBE)
GET /session/b87234453080d97d371b7a992190bcfb/url HTTP/1.1
User-Agent: selenium/4.8.1 (java windows)
Cache-Control: no-cache
Content-Type: application/json; charset=utf-8
host: localhost:7996
accept: */*

Response DefaultHttpResponse(decodeResult: success, version: HTTP/1.1)
HTTP/1.1 200 OK
Content-Length: 51
Content-Type: application/json; charset=utf-8
cache-control: no-cache

19:04:28.297 [AsyncHttpClient-1-2] DEBUG org.asynchttpclient.netty.channel.ChannelManager - Adding key: http://localhost:7996 for channel [id: 0x5bb68fbe, L:/127.0.0.1:61445 - R:localhost/127.0.0.1:7996]
19:04:28.301 [main] DEBUG net.thucydides.core.steps.StepInterceptor - STARTING STEP: RegisterSteps.clickLoginButton - clickRegisterLink
19:04:28.314 [Forwarding findElement on session b87234453080d97d371b7a992190bcfb to remote] DEBUG org.asynchttpclient.netty.request.NettyRequestSender - Using pooled Channel '[id: 0x5bb68fbe, L:/127.0.0.1:61445 - R:localhost/127.0.0.1:7996]' for 'POST' to 'http://localhost:7996/session/b87234453080d97d371b7a992190bcfb/element'
19:04:28.314 [Forwarding findElement on session b87234453080d97d371b7a992190bcfb to remote] DEBUG org.asynchttpclient.netty.request.NettyRequestSender - Using open Channel [id: 0x5bb68fbe, L:/127.0.0.1:61445 - R:localhost/127.0.0.1:7996] for POST '/session/b87234453080d97d371b7a992190bcfb/element'
19:04:28.323 [AsyncHttpClient-1-2] DEBUG org.asynchttpclient.netty.handler.HttpHandler - 

Request DefaultHttpRequest(decodeResult: success, version: HTTP/1.1)
POST /session/b87234453080d97d371b7a992190bcfb/element HTTP/1.1
User-Agent: selenium/4.8.1 (java windows)
Content-Length: 84
Content-Type: application/json; charset=utf-8
host: localhost:7996
accept: */*

Response DefaultHttpResponse(decodeResult: success, version: HTTP/1.1)
HTTP/1.1 200 OK
Content-Length: 88
Content-Type: application/json; charset=utf-8
cache-control: no-cache

19:04:28.323 [AsyncHttpClient-1-2] DEBUG org.asynchttpclient.netty.channel.ChannelManager - Adding key: http://localhost:7996 for channel [id: 0x5bb68fbe, L:/127.0.0.1:61445 - R:localhost/127.0.0.1:7996]
19:04:28.326 [Forwarding getElementTagName on session b87234453080d97d371b7a992190bcfb to remote] DEBUG org.asynchttpclient.netty.request.NettyRequestSender - Using pooled Channel '[id: 0x5bb68fbe, L:/127.0.0.1:61445 - R:localhost/127.0.0.1:7996]' for 'GET' to 'http://localhost:7996/session/b87234453080d97d371b7a992190bcfb/element/b55b237a-e542-4378-b99e-41cf24fa780e/name'
19:04:28.326 [Forwarding getElementTagName on session b87234453080d97d371b7a992190bcfb to remote] DEBUG org.asynchttpclient.netty.request.NettyRequestSender - Using open Channel [id: 0x5bb68fbe, L:/127.0.0.1:61445 - R:localhost/127.0.0.1:7996] for GET '/session/b87234453080d97d371b7a992190bcfb/element/b55b237a-e542-4378-b99e-41cf24fa780e/name'
19:04:28.331 [AsyncHttpClient-1-2] DEBUG org.asynchttpclient.netty.handler.HttpHandler - 

Request DefaultFullHttpRequest(decodeResult: success, version: HTTP/1.1, content: EmptyByteBufBE)
GET /session/b87234453080d97d371b7a992190bcfb/element/b55b237a-e542-4378-b99e-41cf24fa780e/name HTTP/1.1
User-Agent: selenium/4.8.1 (java windows)
Cache-Control: no-cache
Content-Type: application/json; charset=utf-8
host: localhost:7996
accept: */*

Response DefaultHttpResponse(decodeResult: success, version: HTTP/1.1)
HTTP/1.1 200 OK
Content-Length: 13
Content-Type: application/json; charset=utf-8
cache-control: no-cache

19:04:28.331 [AsyncHttpClient-1-2] DEBUG org.asynchttpclient.netty.channel.ChannelManager - Adding key: http://localhost:7996 for channel [id: 0x5bb68fbe, L:/127.0.0.1:61445 - R:localhost/127.0.0.1:7996]
19:04:28.332 [Forwarding getElementTagName on session b87234453080d97d371b7a992190bcfb to remote] DEBUG org.asynchttpclient.netty.request.NettyRequestSender - Using pooled Channel '[id: 0x5bb68fbe, L:/127.0.0.1:61445 - R:localhost/127.0.0.1:7996]' for 'GET' to 'http://localhost:7996/session/b87234453080d97d371b7a992190bcfb/element/b55b237a-e542-4378-b99e-41cf24fa780e/name'
19:04:28.332 [Forwarding getElementTagName on session b87234453080d97d371b7a992190bcfb to remote] DEBUG org.asynchttpclient.netty.request.NettyRequestSender - Using open Channel [id: 0x5bb68fbe, L:/127.0.0.1:61445 - R:localhost/127.0.0.1:7996] for GET '/session/b87234453080d97d371b7a992190bcfb/element/b55b237a-e542-4378-b99e-41cf24fa780e/name'
19:04:28.335 [AsyncHttpClient-1-2] DEBUG org.asynchttpclient.netty.handler.HttpHandler - 

Request DefaultFullHttpRequest(decodeResult: success, version: HTTP/1.1, content: EmptyByteBufBE)
GET /session/b87234453080d97d371b7a992190bcfb/element/b55b237a-e542-4378-b99e-41cf24fa780e/name HTTP/1.1
User-Agent: selenium/4.8.1 (java windows)
Cache-Control: no-cache
Content-Type: application/json; charset=utf-8
host: localhost:7996
accept: */*

Response DefaultHttpResponse(decodeResult: success, version: HTTP/1.1)
HTTP/1.1 200 OK
Content-Length: 13
Content-Type: application/json; charset=utf-8
cache-control: no-cache

19:04:28.336 [AsyncHttpClient-1-2] DEBUG org.asynchttpclient.netty.channel.ChannelManager - Adding key: http://localhost:7996 for channel [id: 0x5bb68fbe, L:/127.0.0.1:61445 - R:localhost/127.0.0.1:7996]
19:04:28.338 [Forwarding findElement on session b87234453080d97d371b7a992190bcfb to remote] DEBUG org.asynchttpclient.netty.request.NettyRequestSender - Using pooled Channel '[id: 0x5bb68fbe, L:/127.0.0.1:61445 - R:localhost/127.0.0.1:7996]' for 'POST' to 'http://localhost:7996/session/b87234453080d97d371b7a992190bcfb/element'
19:04:28.338 [Forwarding findElement on session b87234453080d97d371b7a992190bcfb to remote] DEBUG org.asynchttpclient.netty.request.NettyRequestSender - Using open Channel [id: 0x5bb68fbe, L:/127.0.0.1:61445 - R:localhost/127.0.0.1:7996] for POST '/session/b87234453080d97d371b7a992190bcfb/element'
19:04:28.344 [AsyncHttpClient-1-2] DEBUG org.asynchttpclient.netty.handler.HttpHandler - 

Request DefaultHttpRequest(decodeResult: success, version: HTTP/1.1)
POST /session/b87234453080d97d371b7a992190bcfb/element HTTP/1.1
User-Agent: selenium/4.8.1 (java windows)
Content-Length: 84
Content-Type: application/json; charset=utf-8
host: localhost:7996
accept: */*

Response DefaultHttpResponse(decodeResult: success, version: HTTP/1.1)
HTTP/1.1 200 OK
Content-Length: 88
Content-Type: application/json; charset=utf-8
cache-control: no-cache

19:04:28.344 [AsyncHttpClient-1-2] DEBUG org.asynchttpclient.netty.channel.ChannelManager - Adding key: http://localhost:7996 for channel [id: 0x5bb68fbe, L:/127.0.0.1:61445 - R:localhost/127.0.0.1:7996]
19:04:28.345 [Forwarding clickElement on session b87234453080d97d371b7a992190bcfb to remote] DEBUG org.asynchttpclient.netty.request.NettyRequestSender - Using pooled Channel '[id: 0x5bb68fbe, L:/127.0.0.1:61445 - R:localhost/127.0.0.1:7996]' for 'POST' to 'http://localhost:7996/session/b87234453080d97d371b7a992190bcfb/element/b55b237a-e542-4378-b99e-41cf24fa780e/click'
19:04:28.345 [Forwarding clickElement on session b87234453080d97d371b7a992190bcfb to remote] DEBUG org.asynchttpclient.netty.request.NettyRequestSender - Using open Channel [id: 0x5bb68fbe, L:/127.0.0.1:61445 - R:localhost/127.0.0.1:7996] for POST '/session/b87234453080d97d371b7a992190bcfb/element/b55b237a-e542-4378-b99e-41cf24fa780e/click'
19:04:28.386 [AsyncHttpClient-1-2] DEBUG org.asynchttpclient.netty.handler.HttpHandler - 

Request DefaultHttpRequest(decodeResult: success, version: HTTP/1.1)
POST /session/b87234453080d97d371b7a992190bcfb/element/b55b237a-e542-4378-b99e-41cf24fa780e/click HTTP/1.1
User-Agent: selenium/4.8.1 (java windows)
Content-Length: 50
Content-Type: application/json; charset=utf-8
host: localhost:7996
accept: */*

Response DefaultHttpResponse(decodeResult: success, version: HTTP/1.1)
HTTP/1.1 200 OK
Content-Length: 14
Content-Type: application/json; charset=utf-8
cache-control: no-cache

19:04:28.386 [AsyncHttpClient-1-2] DEBUG org.asynchttpclient.netty.channel.ChannelManager - Adding key: http://localhost:7996 for channel [id: 0x5bb68fbe, L:/127.0.0.1:61445 - R:localhost/127.0.0.1:7996]
19:04:28.399 [Forwarding getAlertText on session b87234453080d97d371b7a992190bcfb to remote] DEBUG org.asynchttpclient.netty.request.NettyRequestSender - Using pooled Channel '[id: 0x5bb68fbe, L:/127.0.0.1:61445 - R:localhost/127.0.0.1:7996]' for 'GET' to 'http://localhost:7996/session/b87234453080d97d371b7a992190bcfb/alert/text'
19:04:28.399 [Forwarding getAlertText on session b87234453080d97d371b7a992190bcfb to remote] DEBUG org.asynchttpclient.netty.request.NettyRequestSender - Using open Channel [id: 0x5bb68fbe, L:/127.0.0.1:61445 - R:localhost/127.0.0.1:7996] for GET '/session/b87234453080d97d371b7a992190bcfb/alert/text'
19:04:28.401 [AsyncHttpClient-1-2] DEBUG org.asynchttpclient.netty.handler.HttpHandler - 

Request DefaultFullHttpRequest(decodeResult: success, version: HTTP/1.1, content: EmptyByteBufBE)
GET /session/b87234453080d97d371b7a992190bcfb/alert/text HTTP/1.1
User-Agent: selenium/4.8.1 (java windows)
Cache-Control: no-cache
Content-Type: application/json; charset=utf-8
host: localhost:7996
accept: */*

Response DefaultHttpResponse(decodeResult: success, version: HTTP/1.1)
HTTP/1.1 404 Not Found
Content-Length: 836
Content-Type: application/json; charset=utf-8
cache-control: no-cache

19:04:28.401 [AsyncHttpClient-1-2] DEBUG org.asynchttpclient.netty.channel.ChannelManager - Adding key: http://localhost:7996 for channel [id: 0x5bb68fbe, L:/127.0.0.1:61445 - R:localhost/127.0.0.1:7996]
19:04:28.403 [Forwarding getCurrentUrl on session b87234453080d97d371b7a992190bcfb to remote] DEBUG org.asynchttpclient.netty.request.NettyRequestSender - Using pooled Channel '[id: 0x5bb68fbe, L:/127.0.0.1:61445 - R:localhost/127.0.0.1:7996]' for 'GET' to 'http://localhost:7996/session/b87234453080d97d371b7a992190bcfb/url'
19:04:28.403 [Forwarding getCurrentUrl on session b87234453080d97d371b7a992190bcfb to remote] DEBUG org.asynchttpclient.netty.request.NettyRequestSender - Using open Channel [id: 0x5bb68fbe, L:/127.0.0.1:61445 - R:localhost/127.0.0.1:7996] for GET '/session/b87234453080d97d371b7a992190bcfb/url'
19:04:28.408 [AsyncHttpClient-1-2] DEBUG org.asynchttpclient.netty.handler.HttpHandler - 

Request DefaultFullHttpRequest(decodeResult: success, version: HTTP/1.1, content: EmptyByteBufBE)
GET /session/b87234453080d97d371b7a992190bcfb/url HTTP/1.1
User-Agent: selenium/4.8.1 (java windows)
Cache-Control: no-cache
Content-Type: application/json; charset=utf-8
host: localhost:7996
accept: */*

Response DefaultHttpResponse(decodeResult: success, version: HTTP/1.1)
HTTP/1.1 200 OK
Content-Length: 54
Content-Type: application/json; charset=utf-8
cache-control: no-cache

19:04:28.408 [AsyncHttpClient-1-2] DEBUG org.asynchttpclient.netty.channel.ChannelManager - Adding key: http://localhost:7996 for channel [id: 0x5bb68fbe, L:/127.0.0.1:61445 - R:localhost/127.0.0.1:7996]
19:04:28.409 [Forwarding screenshot on session b87234453080d97d371b7a992190bcfb to remote] DEBUG org.asynchttpclient.netty.request.NettyRequestSender - Using pooled Channel '[id: 0x5bb68fbe, L:/127.0.0.1:61445 - R:localhost/127.0.0.1:7996]' for 'GET' to 'http://localhost:7996/session/b87234453080d97d371b7a992190bcfb/screenshot'
19:04:28.409 [Forwarding screenshot on session b87234453080d97d371b7a992190bcfb to remote] DEBUG org.asynchttpclient.netty.request.NettyRequestSender - Using open Channel [id: 0x5bb68fbe, L:/127.0.0.1:61445 - R:localhost/127.0.0.1:7996] for GET '/session/b87234453080d97d371b7a992190bcfb/screenshot'
19:04:28.428 [AsyncHttpClient-1-1] DEBUG org.asynchttpclient.netty.channel.DefaultChannelPool - Entry count for : http://localhost:61447 : 1
19:04:28.523 [AsyncHttpClient-1-2] DEBUG org.asynchttpclient.netty.handler.HttpHandler - 

Request DefaultFullHttpRequest(decodeResult: success, version: HTTP/1.1, content: EmptyByteBufBE)
GET /session/b87234453080d97d371b7a992190bcfb/screenshot HTTP/1.1
User-Agent: selenium/4.8.1 (java windows)
Cache-Control: no-cache
Content-Type: application/json; charset=utf-8
host: localhost:7996
accept: */*

Response DefaultHttpResponse(decodeResult: success, version: HTTP/1.1)
HTTP/1.1 200 OK
Content-Length: 30264
Content-Type: application/json; charset=utf-8
cache-control: no-cache

19:04:28.524 [AsyncHttpClient-1-2] DEBUG org.asynchttpclient.netty.channel.ChannelManager - Adding key: http://localhost:7996 for channel [id: 0x5bb68fbe, L:/127.0.0.1:61445 - R:localhost/127.0.0.1:7996]
19:04:28.527 [main] DEBUG net.serenitybdd.core.photography.Darkroom - Send negative for processing for target\site\serenity\68663cdfdfe8d213c3ea0bfde49806113bf16d19445f8adf4d3949104da1f7be.png
19:04:28.527 [Darkroom Processing Line] DEBUG net.serenitybdd.core.photography.DarkroomProcessingLine - Processing screenshot image in /var/screenshots/screenshot-1272400938437324088
19:04:28.527 [main] DEBUG net.thucydides.core.steps.StepInterceptor - STEP DONE: clickRegisterLink
19:04:28.527 [Darkroom Processing Line] DEBUG net.serenitybdd.core.photography.DarkroomProcessingLine - Saving screenshot to target\site\serenity\68663cdfdfe8d213c3ea0bfde49806113bf16d19445f8adf4d3949104da1f7be.png
  &amp#27;[32mWhen &amp#27;[0m&amp#27;[32mI go to the alta-shop register page&amp#27;[0m  &amp#27;[90m# starter.stepdefinitions.RegisterSteps.clickLoginButton()&amp#27;[0m
19:04:28.536 [Forwarding getPageSource on session b87234453080d97d371b7a992190bcfb to remote] DEBUG org.asynchttpclient.netty.request.NettyRequestSender - Using pooled Channel '[id: 0x5bb68fbe, L:/127.0.0.1:61445 - R:localhost/127.0.0.1:7996]' for 'POST' to 'http://localhost:7996/session/b87234453080d97d371b7a992190bcfb/execute/sync'
19:04:28.536 [Forwarding getPageSource on session b87234453080d97d371b7a992190bcfb to remote] DEBUG org.asynchttpclient.netty.request.NettyRequestSender - Using open Channel [id: 0x5bb68fbe, L:/127.0.0.1:61445 - R:localhost/127.0.0.1:7996] for POST '/session/b87234453080d97d371b7a992190bcfb/execute/sync'
19:04:28.541 [AsyncHttpClient-1-2] DEBUG org.asynchttpclient.netty.handler.HttpHandler - 

Request DefaultHttpRequest(decodeResult: success, version: HTTP/1.1)
POST /session/b87234453080d97d371b7a992190bcfb/execute/sync HTTP/1.1
User-Agent: selenium/4.8.1 (java windows)
Content-Length: 176
Content-Type: application/json; charset=utf-8
host: localhost:7996
accept: */*

Response DefaultHttpResponse(decodeResult: success, version: HTTP/1.1)
HTTP/1.1 200 OK
Content-Length: 22314
Content-Type: application/json; charset=utf-8
cache-control: no-cache

19:04:28.542 [AsyncHttpClient-1-2] DEBUG org.asynchttpclient.netty.channel.ChannelManager - Adding key: http://localhost:7996 for channel [id: 0x5bb68fbe, L:/127.0.0.1:61445 - R:localhost/127.0.0.1:7996]
19:04:28.553 [Forwarding getCurrentUrl on session b87234453080d97d371b7a992190bcfb to remote] DEBUG org.asynchttpclient.netty.request.NettyRequestSender - Using pooled Channel '[id: 0x5bb68fbe, L:/127.0.0.1:61445 - R:localhost/127.0.0.1:7996]' for 'GET' to 'http://localhost:7996/session/b87234453080d97d371b7a992190bcfb/url'
19:04:28.553 [Forwarding getCurrentUrl on session b87234453080d97d371b7a992190bcfb to remote] DEBUG org.asynchttpclient.netty.request.NettyRequestSender - Using open Channel [id: 0x5bb68fbe, L:/127.0.0.1:61445 - R:localhost/127.0.0.1:7996] for GET '/session/b87234453080d97d371b7a992190bcfb/url'
19:04:28.555 [AsyncHttpClient-1-2] DEBUG org.asynchttpclient.netty.handler.HttpHandler - 

Request DefaultFullHttpRequest(decodeResult: success, version: HTTP/1.1, content: EmptyByteBufBE)
GET /session/b87234453080d97d371b7a992190bcfb/url HTTP/1.1
User-Agent: selenium/4.8.1 (java windows)
Cache-Control: no-cache
Content-Type: application/json; charset=utf-8
host: localhost:7996
accept: */*

Response DefaultHttpResponse(decodeResult: success, version: HTTP/1.1)
HTTP/1.1 200 OK
Content-Length: 54
Content-Type: application/json; charset=utf-8
cache-control: no-cache

19:04:28.556 [AsyncHttpClient-1-2] DEBUG org.asynchttpclient.netty.channel.ChannelManager - Adding key: http://localhost:7996 for channel [id: 0x5bb68fbe, L:/127.0.0.1:61445 - R:localhost/127.0.0.1:7996]
19:04:28.567 [Forwarding getPageSource on session b87234453080d97d371b7a992190bcfb to remote] DEBUG org.asynchttpclient.netty.request.NettyRequestSender - Using pooled Channel '[id: 0x5bb68fbe, L:/127.0.0.1:61445 - R:localhost/127.0.0.1:7996]' for 'POST' to 'http://localhost:7996/session/b87234453080d97d371b7a992190bcfb/execute/sync'
19:04:28.567 [Forwarding getPageSource on session b87234453080d97d371b7a992190bcfb to remote] DEBUG org.asynchttpclient.netty.request.NettyRequestSender - Using open Channel [id: 0x5bb68fbe, L:/127.0.0.1:61445 - R:localhost/127.0.0.1:7996] for POST '/session/b87234453080d97d371b7a992190bcfb/execute/sync'
19:04:28.572 [AsyncHttpClient-1-2] DEBUG org.asynchttpclient.netty.handler.HttpHandler - 

Request DefaultHttpRequest(decodeResult: success, version: HTTP/1.1)
POST /session/b87234453080d97d371b7a992190bcfb/execute/sync HTTP/1.1
User-Agent: selenium/4.8.1 (java windows)
Content-Length: 176
Content-Type: application/json; charset=utf-8
host: localhost:7996
accept: */*

Response DefaultHttpResponse(decodeResult: success, version: HTTP/1.1)
HTTP/1.1 200 OK
Content-Length: 22314
Content-Type: application/json; charset=utf-8
cache-control: no-cache

19:04:28.572 [AsyncHttpClient-1-2] DEBUG org.asynchttpclient.netty.channel.ChannelManager - Adding key: http://localhost:7996 for channel [id: 0x5bb68fbe, L:/127.0.0.1:61445 - R:localhost/127.0.0.1:7996]
19:04:28.577 [Forwarding getCurrentUrl on session b87234453080d97d371b7a992190bcfb to remote] DEBUG org.asynchttpclient.netty.request.NettyRequestSender - Using pooled Channel '[id: 0x5bb68fbe, L:/127.0.0.1:61445 - R:localhost/127.0.0.1:7996]' for 'GET' to 'http://localhost:7996/session/b87234453080d97d371b7a992190bcfb/url'
19:04:28.577 [Forwarding getCurrentUrl on session b87234453080d97d371b7a992190bcfb to remote] DEBUG org.asynchttpclient.netty.request.NettyRequestSender - Using open Channel [id: 0x5bb68fbe, L:/127.0.0.1:61445 - R:localhost/127.0.0.1:7996] for GET '/session/b87234453080d97d371b7a992190bcfb/url'
19:04:28.581 [AsyncHttpClient-1-2] DEBUG org.asynchttpclient.netty.handler.HttpHandler - 

Request DefaultFullHttpRequest(decodeResult: success, version: HTTP/1.1, content: EmptyByteBufBE)
GET /session/b87234453080d97d371b7a992190bcfb/url HTTP/1.1
User-Agent: selenium/4.8.1 (java windows)
Cache-Control: no-cache
Content-Type: application/json; charset=utf-8
host: localhost:7996
accept: */*

Response DefaultHttpResponse(decodeResult: success, version: HTTP/1.1)
HTTP/1.1 200 OK
Content-Length: 54
Content-Type: application/json; charset=utf-8
cache-control: no-cache

19:04:28.581 [AsyncHttpClient-1-2] DEBUG org.asynchttpclient.netty.channel.ChannelManager - Adding key: http://localhost:7996 for channel [id: 0x5bb68fbe, L:/127.0.0.1:61445 - R:localhost/127.0.0.1:7996]
19:04:28.585 [main] DEBUG net.thucydides.core.steps.StepInterceptor - STARTING STEP: RegisterSteps.inputFullnameReg - inputFullnameReg
19:04:28.588 [Forwarding findElement on session b87234453080d97d371b7a992190bcfb to remote] DEBUG org.asynchttpclient.netty.request.NettyRequestSender - Using pooled Channel '[id: 0x5bb68fbe, L:/127.0.0.1:61445 - R:localhost/127.0.0.1:7996]' for 'POST' to 'http://localhost:7996/session/b87234453080d97d371b7a992190bcfb/element'
19:04:28.588 [Forwarding findElement on session b87234453080d97d371b7a992190bcfb to remote] DEBUG org.asynchttpclient.netty.request.NettyRequestSender - Using open Channel [id: 0x5bb68fbe, L:/127.0.0.1:61445 - R:localhost/127.0.0.1:7996] for POST '/session/b87234453080d97d371b7a992190bcfb/element'
19:04:28.596 [AsyncHttpClient-1-2] DEBUG org.asynchttpclient.netty.handler.HttpHandler - 

Request DefaultHttpRequest(decodeResult: success, version: HTTP/1.1)
POST /session/b87234453080d97d371b7a992190bcfb/element HTTP/1.1
User-Agent: selenium/4.8.1 (java windows)
Content-Length: 55
Content-Type: application/json; charset=utf-8
host: localhost:7996
accept: */*

Response DefaultHttpResponse(decodeResult: success, version: HTTP/1.1)
HTTP/1.1 200 OK
Content-Length: 88
Content-Type: application/json; charset=utf-8
cache-control: no-cache

19:04:28.597 [AsyncHttpClient-1-2] DEBUG org.asynchttpclient.netty.channel.ChannelManager - Adding key: http://localhost:7996 for channel [id: 0x5bb68fbe, L:/127.0.0.1:61445 - R:localhost/127.0.0.1:7996]
19:04:28.598 [Forwarding clearElement on session b87234453080d97d371b7a992190bcfb to remote] DEBUG org.asynchttpclient.netty.request.NettyRequestSender - Using pooled Channel '[id: 0x5bb68fbe, L:/127.0.0.1:61445 - R:localhost/127.0.0.1:7996]' for 'POST' to 'http://localhost:7996/session/b87234453080d97d371b7a992190bcfb/element/b977e38b-946f-4029-b2c9-7535e7cb11b6/clear'
19:04:28.599 [Forwarding clearElement on session b87234453080d97d371b7a992190bcfb to remote] DEBUG org.asynchttpclient.netty.request.NettyRequestSender - Using open Channel [id: 0x5bb68fbe, L:/127.0.0.1:61445 - R:localhost/127.0.0.1:7996] for POST '/session/b87234453080d97d371b7a992190bcfb/element/b977e38b-946f-4029-b2c9-7535e7cb11b6/clear'
19:04:28.622 [AsyncHttpClient-1-2] DEBUG org.asynchttpclient.netty.handler.HttpHandler - 

Request DefaultHttpRequest(decodeResult: success, version: HTTP/1.1)
POST /session/b87234453080d97d371b7a992190bcfb/element/b977e38b-946f-4029-b2c9-7535e7cb11b6/clear HTTP/1.1
User-Agent: selenium/4.8.1 (java windows)
Content-Length: 50
Content-Type: application/json; charset=utf-8
host: localhost:7996
accept: */*

Response DefaultHttpResponse(decodeResult: success, version: HTTP/1.1)
HTTP/1.1 200 OK
Content-Length: 14
Content-Type: application/json; charset=utf-8
cache-control: no-cache

19:04:28.623 [AsyncHttpClient-1-2] DEBUG org.asynchttpclient.netty.channel.ChannelManager - Adding key: http://localhost:7996 for channel [id: 0x5bb68fbe, L:/127.0.0.1:61445 - R:localhost/127.0.0.1:7996]
19:04:28.631 [Forwarding sendKeysToElement on session b87234453080d97d371b7a992190bcfb to remote] DEBUG org.asynchttpclient.netty.request.NettyRequestSender - Using pooled Channel '[id: 0x5bb68fbe, L:/127.0.0.1:61445 - R:localhost/127.0.0.1:7996]' for 'POST' to 'http://localhost:7996/session/b87234453080d97d371b7a992190bcfb/element/b977e38b-946f-4029-b2c9-7535e7cb11b6/value'
19:04:28.631 [Forwarding sendKeysToElement on session b87234453080d97d371b7a992190bcfb to remote] DEBUG org.asynchttpclient.netty.request.NettyRequestSender - Using open Channel [id: 0x5bb68fbe, L:/127.0.0.1:61445 - R:localhost/127.0.0.1:7996] for POST '/session/b87234453080d97d371b7a992190bcfb/element/b977e38b-946f-4029-b2c9-7535e7cb11b6/value'
19:04:28.742 [AsyncHttpClient-1-2] DEBUG org.asynchttpclient.netty.handler.HttpHandler - 

Request DefaultHttpRequest(decodeResult: success, version: HTTP/1.1)
POST /session/b87234453080d97d371b7a992190bcfb/element/b977e38b-946f-4029-b2c9-7535e7cb11b6/value HTTP/1.1
User-Agent: selenium/4.8.1 (java windows)
Content-Length: 281
Content-Type: application/json; charset=utf-8
host: localhost:7996
accept: */*

Response DefaultHttpResponse(decodeResult: success, version: HTTP/1.1)
HTTP/1.1 200 OK
Content-Length: 14
Content-Type: application/json; charset=utf-8
cache-control: no-cache

19:04:28.742 [AsyncHttpClient-1-2] DEBUG org.asynchttpclient.netty.channel.ChannelManager - Adding key: http://localhost:7996 for channel [id: 0x5bb68fbe, L:/127.0.0.1:61445 - R:localhost/127.0.0.1:7996]
19:04:28.749 [Forwarding getAlertText on session b87234453080d97d371b7a992190bcfb to remote] DEBUG org.asynchttpclient.netty.request.NettyRequestSender - Using pooled Channel '[id: 0x5bb68fbe, L:/127.0.0.1:61445 - R:localhost/127.0.0.1:7996]' for 'GET' to 'http://localhost:7996/session/b87234453080d97d371b7a992190bcfb/alert/text'
19:04:28.749 [Forwarding getAlertText on session b87234453080d97d371b7a992190bcfb to remote] DEBUG org.asynchttpclient.netty.request.NettyRequestSender - Using open Channel [id: 0x5bb68fbe, L:/127.0.0.1:61445 - R:localhost/127.0.0.1:7996] for GET '/session/b87234453080d97d371b7a992190bcfb/alert/text'
19:04:28.751 [AsyncHttpClient-1-2] DEBUG org.asynchttpclient.netty.handler.HttpHandler - 

Request DefaultFullHttpRequest(decodeResult: success, version: HTTP/1.1, content: EmptyByteBufBE)
GET /session/b87234453080d97d371b7a992190bcfb/alert/text HTTP/1.1
User-Agent: selenium/4.8.1 (java windows)
Cache-Control: no-cache
Content-Type: application/json; charset=utf-8
host: localhost:7996
accept: */*

Response DefaultHttpResponse(decodeResult: success, version: HTTP/1.1)
HTTP/1.1 404 Not Found
Content-Length: 836
Content-Type: application/json; charset=utf-8
cache-control: no-cache

19:04:28.751 [AsyncHttpClient-1-2] DEBUG org.asynchttpclient.netty.channel.ChannelManager - Adding key: http://localhost:7996 for channel [id: 0x5bb68fbe, L:/127.0.0.1:61445 - R:localhost/127.0.0.1:7996]
19:04:28.753 [Forwarding getCurrentUrl on session b87234453080d97d371b7a992190bcfb to remote] DEBUG org.asynchttpclient.netty.request.NettyRequestSender - Using pooled Channel '[id: 0x5bb68fbe, L:/127.0.0.1:61445 - R:localhost/127.0.0.1:7996]' for 'GET' to 'http://localhost:7996/session/b87234453080d97d371b7a992190bcfb/url'
19:04:28.753 [Forwarding getCurrentUrl on session b87234453080d97d371b7a992190bcfb to remote] DEBUG org.asynchttpclient.netty.request.NettyRequestSender - Using open Channel [id: 0x5bb68fbe, L:/127.0.0.1:61445 - R:localhost/127.0.0.1:7996] for GET '/session/b87234453080d97d371b7a992190bcfb/url'
19:04:28.755 [AsyncHttpClient-1-2] DEBUG org.asynchttpclient.netty.handler.HttpHandler - 

Request DefaultFullHttpRequest(decodeResult: success, version: HTTP/1.1, content: EmptyByteBufBE)
GET /session/b87234453080d97d371b7a992190bcfb/url HTTP/1.1
User-Agent: selenium/4.8.1 (java windows)
Cache-Control: no-cache
Content-Type: application/json; charset=utf-8
host: localhost:7996
accept: */*

Response DefaultHttpResponse(decodeResult: success, version: HTTP/1.1)
HTTP/1.1 200 OK
Content-Length: 54
Content-Type: application/json; charset=utf-8
cache-control: no-cache

19:04:28.756 [AsyncHttpClient-1-2] DEBUG org.asynchttpclient.netty.channel.ChannelManager - Adding key: http://localhost:7996 for channel [id: 0x5bb68fbe, L:/127.0.0.1:61445 - R:localhost/127.0.0.1:7996]
19:04:28.757 [Forwarding screenshot on session b87234453080d97d371b7a992190bcfb to remote] DEBUG org.asynchttpclient.netty.request.NettyRequestSender - Using pooled Channel '[id: 0x5bb68fbe, L:/127.0.0.1:61445 - R:localhost/127.0.0.1:7996]' for 'GET' to 'http://localhost:7996/session/b87234453080d97d371b7a992190bcfb/screenshot'
19:04:28.758 [Forwarding screenshot on session b87234453080d97d371b7a992190bcfb to remote] DEBUG org.asynchttpclient.netty.request.NettyRequestSender - Using open Channel [id: 0x5bb68fbe, L:/127.0.0.1:61445 - R:localhost/127.0.0.1:7996] for GET '/session/b87234453080d97d371b7a992190bcfb/screenshot'
19:04:28.884 [AsyncHttpClient-1-2] DEBUG org.asynchttpclient.netty.handler.HttpHandler - 

Request DefaultFullHttpRequest(decodeResult: success, version: HTTP/1.1, content: EmptyByteBufBE)
GET /session/b87234453080d97d371b7a992190bcfb/screenshot HTTP/1.1
User-Agent: selenium/4.8.1 (java windows)
Cache-Control: no-cache
Content-Type: application/json; charset=utf-8
host: localhost:7996
accept: */*

Response DefaultHttpResponse(decodeResult: success, version: HTTP/1.1)
HTTP/1.1 200 OK
Content-Length: 34144
Content-Type: application/json; charset=utf-8
cache-control: no-cache

19:04:28.885 [AsyncHttpClient-1-2] DEBUG org.asynchttpclient.netty.channel.ChannelManager - Adding key: http://localhost:7996 for channel [id: 0x5bb68fbe, L:/127.0.0.1:61445 - R:localhost/127.0.0.1:7996]
19:04:28.888 [main] DEBUG net.serenitybdd.core.photography.Darkroom - Send negative for processing for target\site\serenity\d2cf1599b7f3d446d25cf170d0925a4631a504649304eec51a4f88ed888e369f.png
19:04:28.888 [main] DEBUG net.thucydides.core.steps.StepInterceptor - STEP DONE: inputFullnameReg
19:04:28.888 [Darkroom Processing Line] DEBUG net.serenitybdd.core.photography.DarkroomProcessingLine - Processing screenshot image in /var/screenshots/screenshot-6761287562302116208
19:04:28.888 [Darkroom Processing Line] DEBUG net.serenitybdd.core.photography.DarkroomProcessingLine - Saving screenshot to target\site\serenity\d2cf1599b7f3d446d25cf170d0925a4631a504649304eec51a4f88ed888e369f.png
  &amp#27;[32mAnd &amp#27;[0m&amp#27;[32mI input correct fullname for register&amp#27;[0m &amp#27;[90m# starter.stepdefinitions.RegisterSteps.inputFullnameReg()&amp#27;[0m
19:04:28.898 [Forwarding getPageSource on session b87234453080d97d371b7a992190bcfb to remote] DEBUG org.asynchttpclient.netty.request.NettyRequestSender - Using pooled Channel '[id: 0x5bb68fbe, L:/127.0.0.1:61445 - R:localhost/127.0.0.1:7996]' for 'POST' to 'http://localhost:7996/session/b87234453080d97d371b7a992190bcfb/execute/sync'
19:04:28.898 [Forwarding getPageSource on session b87234453080d97d371b7a992190bcfb to remote] DEBUG org.asynchttpclient.netty.request.NettyRequestSender - Using open Channel [id: 0x5bb68fbe, L:/127.0.0.1:61445 - R:localhost/127.0.0.1:7996] for POST '/session/b87234453080d97d371b7a992190bcfb/execute/sync'
19:04:28.903 [AsyncHttpClient-1-2] DEBUG org.asynchttpclient.netty.handler.HttpHandler - 

Request DefaultHttpRequest(decodeResult: success, version: HTTP/1.1)
POST /session/b87234453080d97d371b7a992190bcfb/execute/sync HTTP/1.1
User-Agent: selenium/4.8.1 (java windows)
Content-Length: 176
Content-Type: application/json; charset=utf-8
host: localhost:7996
accept: */*

Response DefaultHttpResponse(decodeResult: success, version: HTTP/1.1)
HTTP/1.1 200 OK
Content-Length: 22435
Content-Type: application/json; charset=utf-8
cache-control: no-cache

19:04:28.903 [AsyncHttpClient-1-2] DEBUG org.asynchttpclient.netty.channel.ChannelManager - Adding key: http://localhost:7996 for channel [id: 0x5bb68fbe, L:/127.0.0.1:61445 - R:localhost/127.0.0.1:7996]
19:04:28.907 [Forwarding getCurrentUrl on session b87234453080d97d371b7a992190bcfb to remote] DEBUG org.asynchttpclient.netty.request.NettyRequestSender - Using pooled Channel '[id: 0x5bb68fbe, L:/127.0.0.1:61445 - R:localhost/127.0.0.1:7996]' for 'GET' to 'http://localhost:7996/session/b87234453080d97d371b7a992190bcfb/url'
19:04:28.907 [Forwarding getCurrentUrl on session b87234453080d97d371b7a992190bcfb to remote] DEBUG org.asynchttpclient.netty.request.NettyRequestSender - Using open Channel [id: 0x5bb68fbe, L:/127.0.0.1:61445 - R:localhost/127.0.0.1:7996] for GET '/session/b87234453080d97d371b7a992190bcfb/url'
19:04:28.910 [AsyncHttpClient-1-2] DEBUG org.asynchttpclient.netty.handler.HttpHandler - 

Request DefaultFullHttpRequest(decodeResult: success, version: HTTP/1.1, content: EmptyByteBufBE)
GET /session/b87234453080d97d371b7a992190bcfb/url HTTP/1.1
User-Agent: selenium/4.8.1 (java windows)
Cache-Control: no-cache
Content-Type: application/json; charset=utf-8
host: localhost:7996
accept: */*

Response DefaultHttpResponse(decodeResult: success, version: HTTP/1.1)
HTTP/1.1 200 OK
Content-Length: 54
Content-Type: application/json; charset=utf-8
cache-control: no-cache

19:04:28.911 [AsyncHttpClient-1-2] DEBUG org.asynchttpclient.netty.channel.ChannelManager - Adding key: http://localhost:7996 for channel [id: 0x5bb68fbe, L:/127.0.0.1:61445 - R:localhost/127.0.0.1:7996]
19:04:28.922 [Forwarding getPageSource on session b87234453080d97d371b7a992190bcfb to remote] DEBUG org.asynchttpclient.netty.request.NettyRequestSender - Using pooled Channel '[id: 0x5bb68fbe, L:/127.0.0.1:61445 - R:localhost/127.0.0.1:7996]' for 'POST' to 'http://localhost:7996/session/b87234453080d97d371b7a992190bcfb/execute/sync'
19:04:28.922 [Forwarding getPageSource on session b87234453080d97d371b7a992190bcfb to remote] DEBUG org.asynchttpclient.netty.request.NettyRequestSender - Using open Channel [id: 0x5bb68fbe, L:/127.0.0.1:61445 - R:localhost/127.0.0.1:7996] for POST '/session/b87234453080d97d371b7a992190bcfb/execute/sync'
19:04:28.927 [AsyncHttpClient-1-2] DEBUG org.asynchttpclient.netty.handler.HttpHandler - 

Request DefaultHttpRequest(decodeResult: success, version: HTTP/1.1)
POST /session/b87234453080d97d371b7a992190bcfb/execute/sync HTTP/1.1
User-Agent: selenium/4.8.1 (java windows)
Content-Length: 176
Content-Type: application/json; charset=utf-8
host: localhost:7996
accept: */*

Response DefaultHttpResponse(decodeResult: success, version: HTTP/1.1)
HTTP/1.1 200 OK
Content-Length: 22435
Content-Type: application/json; charset=utf-8
cache-control: no-cache

19:04:28.927 [AsyncHttpClient-1-2] DEBUG org.asynchttpclient.netty.channel.ChannelManager - Adding key: http://localhost:7996 for channel [id: 0x5bb68fbe, L:/127.0.0.1:61445 - R:localhost/127.0.0.1:7996]
19:04:28.930 [Forwarding getCurrentUrl on session b87234453080d97d371b7a992190bcfb to remote] DEBUG org.asynchttpclient.netty.request.NettyRequestSender - Using pooled Channel '[id: 0x5bb68fbe, L:/127.0.0.1:61445 - R:localhost/127.0.0.1:7996]' for 'GET' to 'http://localhost:7996/session/b87234453080d97d371b7a992190bcfb/url'
19:04:28.930 [Forwarding getCurrentUrl on session b87234453080d97d371b7a992190bcfb to remote] DEBUG org.asynchttpclient.netty.request.NettyRequestSender - Using open Channel [id: 0x5bb68fbe, L:/127.0.0.1:61445 - R:localhost/127.0.0.1:7996] for GET '/session/b87234453080d97d371b7a992190bcfb/url'
19:04:28.935 [AsyncHttpClient-1-2] DEBUG org.asynchttpclient.netty.handler.HttpHandler - 

Request DefaultFullHttpRequest(decodeResult: success, version: HTTP/1.1, content: EmptyByteBufBE)
GET /session/b87234453080d97d371b7a992190bcfb/url HTTP/1.1
User-Agent: selenium/4.8.1 (java windows)
Cache-Control: no-cache
Content-Type: application/json; charset=utf-8
host: localhost:7996
accept: */*

Response DefaultHttpResponse(decodeResult: success, version: HTTP/1.1)
HTTP/1.1 200 OK
Content-Length: 54
Content-Type: application/json; charset=utf-8
cache-control: no-cache

19:04:28.935 [AsyncHttpClient-1-2] DEBUG org.asynchttpclient.netty.channel.ChannelManager - Adding key: http://localhost:7996 for channel [id: 0x5bb68fbe, L:/127.0.0.1:61445 - R:localhost/127.0.0.1:7996]
19:04:28.942 [main] DEBUG net.thucydides.core.steps.StepInterceptor - STARTING STEP: RegisterSteps.inputEmailReg - inputEmailReg
19:04:28.953 [Forwarding findElement on session b87234453080d97d371b7a992190bcfb to remote] DEBUG org.asynchttpclient.netty.request.NettyRequestSender - Using pooled Channel '[id: 0x5bb68fbe, L:/127.0.0.1:61445 - R:localhost/127.0.0.1:7996]' for 'POST' to 'http://localhost:7996/session/b87234453080d97d371b7a992190bcfb/element'
19:04:28.953 [Forwarding findElement on session b87234453080d97d371b7a992190bcfb to remote] DEBUG org.asynchttpclient.netty.request.NettyRequestSender - Using open Channel [id: 0x5bb68fbe, L:/127.0.0.1:61445 - R:localhost/127.0.0.1:7996] for POST '/session/b87234453080d97d371b7a992190bcfb/element'
19:04:28.969 [AsyncHttpClient-1-2] DEBUG org.asynchttpclient.netty.handler.HttpHandler - 

Request DefaultHttpRequest(decodeResult: success, version: HTTP/1.1)
POST /session/b87234453080d97d371b7a992190bcfb/element HTTP/1.1
User-Agent: selenium/4.8.1 (java windows)
Content-Length: 55
Content-Type: application/json; charset=utf-8
host: localhost:7996
accept: */*

Response DefaultHttpResponse(decodeResult: success, version: HTTP/1.1)
HTTP/1.1 200 OK
Content-Length: 88
Content-Type: application/json; charset=utf-8
cache-control: no-cache

19:04:28.970 [AsyncHttpClient-1-2] DEBUG org.asynchttpclient.netty.channel.ChannelManager - Adding key: http://localhost:7996 for channel [id: 0x5bb68fbe, L:/127.0.0.1:61445 - R:localhost/127.0.0.1:7996]
19:04:28.973 [Forwarding clearElement on session b87234453080d97d371b7a992190bcfb to remote] DEBUG org.asynchttpclient.netty.request.NettyRequestSender - Using pooled Channel '[id: 0x5bb68fbe, L:/127.0.0.1:61445 - R:localhost/127.0.0.1:7996]' for 'POST' to 'http://localhost:7996/session/b87234453080d97d371b7a992190bcfb/element/47d4e57c-8b2f-4dda-a746-8422d011eb5d/clear'
19:04:28.974 [Forwarding clearElement on session b87234453080d97d371b7a992190bcfb to remote] DEBUG org.asynchttpclient.netty.request.NettyRequestSender - Using open Channel [id: 0x5bb68fbe, L:/127.0.0.1:61445 - R:localhost/127.0.0.1:7996] for POST '/session/b87234453080d97d371b7a992190bcfb/element/47d4e57c-8b2f-4dda-a746-8422d011eb5d/clear'
19:04:29.117 [AsyncHttpClient-1-2] DEBUG org.asynchttpclient.netty.handler.HttpHandler - 

Request DefaultHttpRequest(decodeResult: success, version: HTTP/1.1)
POST /session/b87234453080d97d371b7a992190bcfb/element/47d4e57c-8b2f-4dda-a746-8422d011eb5d/clear HTTP/1.1
User-Agent: selenium/4.8.1 (java windows)
Content-Length: 50
Content-Type: application/json; charset=utf-8
host: localhost:7996
accept: */*

Response DefaultHttpResponse(decodeResult: success, version: HTTP/1.1)
HTTP/1.1 200 OK
Content-Length: 14
Content-Type: application/json; charset=utf-8
cache-control: no-cache

19:04:29.117 [AsyncHttpClient-1-2] DEBUG org.asynchttpclient.netty.channel.ChannelManager - Adding key: http://localhost:7996 for channel [id: 0x5bb68fbe, L:/127.0.0.1:61445 - R:localhost/127.0.0.1:7996]
19:04:29.123 [Forwarding sendKeysToElement on session b87234453080d97d371b7a992190bcfb to remote] DEBUG org.asynchttpclient.netty.request.NettyRequestSender - Using pooled Channel '[id: 0x5bb68fbe, L:/127.0.0.1:61445 - R:localhost/127.0.0.1:7996]' for 'POST' to 'http://localhost:7996/session/b87234453080d97d371b7a992190bcfb/element/47d4e57c-8b2f-4dda-a746-8422d011eb5d/value'
19:04:29.123 [Forwarding sendKeysToElement on session b87234453080d97d371b7a992190bcfb to remote] DEBUG org.asynchttpclient.netty.request.NettyRequestSender - Using open Channel [id: 0x5bb68fbe, L:/127.0.0.1:61445 - R:localhost/127.0.0.1:7996] for POST '/session/b87234453080d97d371b7a992190bcfb/element/47d4e57c-8b2f-4dda-a746-8422d011eb5d/value'
19:04:29.210 [AsyncHttpClient-1-2] DEBUG org.asynchttpclient.netty.handler.HttpHandler - 

Request DefaultHttpRequest(decodeResult: success, version: HTTP/1.1)
POST /session/b87234453080d97d371b7a992190bcfb/element/47d4e57c-8b2f-4dda-a746-8422d011eb5d/value HTTP/1.1
User-Agent: selenium/4.8.1 (java windows)
Content-Length: 181
Content-Type: application/json; charset=utf-8
host: localhost:7996
accept: */*

Response DefaultHttpResponse(decodeResult: success, version: HTTP/1.1)
HTTP/1.1 200 OK
Content-Length: 14
Content-Type: application/json; charset=utf-8
cache-control: no-cache

19:04:29.210 [AsyncHttpClient-1-2] DEBUG org.asynchttpclient.netty.channel.ChannelManager - Adding key: http://localhost:7996 for channel [id: 0x5bb68fbe, L:/127.0.0.1:61445 - R:localhost/127.0.0.1:7996]
19:04:29.218 [Forwarding getAlertText on session b87234453080d97d371b7a992190bcfb to remote] DEBUG org.asynchttpclient.netty.request.NettyRequestSender - Using pooled Channel '[id: 0x5bb68fbe, L:/127.0.0.1:61445 - R:localhost/127.0.0.1:7996]' for 'GET' to 'http://localhost:7996/session/b87234453080d97d371b7a992190bcfb/alert/text'
19:04:29.218 [Forwarding getAlertText on session b87234453080d97d371b7a992190bcfb to remote] DEBUG org.asynchttpclient.netty.request.NettyRequestSender - Using open Channel [id: 0x5bb68fbe, L:/127.0.0.1:61445 - R:localhost/127.0.0.1:7996] for GET '/session/b87234453080d97d371b7a992190bcfb/alert/text'
19:04:29.220 [AsyncHttpClient-1-2] DEBUG org.asynchttpclient.netty.handler.HttpHandler - 

Request DefaultFullHttpRequest(decodeResult: success, version: HTTP/1.1, content: EmptyByteBufBE)
GET /session/b87234453080d97d371b7a992190bcfb/alert/text HTTP/1.1
User-Agent: selenium/4.8.1 (java windows)
Cache-Control: no-cache
Content-Type: application/json; charset=utf-8
host: localhost:7996
accept: */*

Response DefaultHttpResponse(decodeResult: success, version: HTTP/1.1)
HTTP/1.1 404 Not Found
Content-Length: 836
Content-Type: application/json; charset=utf-8
cache-control: no-cache

19:04:29.221 [AsyncHttpClient-1-2] DEBUG org.asynchttpclient.netty.channel.ChannelManager - Adding key: http://localhost:7996 for channel [id: 0x5bb68fbe, L:/127.0.0.1:61445 - R:localhost/127.0.0.1:7996]
19:04:29.222 [Forwarding getCurrentUrl on session b87234453080d97d371b7a992190bcfb to remote] DEBUG org.asynchttpclient.netty.request.NettyRequestSender - Using pooled Channel '[id: 0x5bb68fbe, L:/127.0.0.1:61445 - R:localhost/127.0.0.1:7996]' for 'GET' to 'http://localhost:7996/session/b87234453080d97d371b7a992190bcfb/url'
19:04:29.222 [Forwarding getCurrentUrl on session b87234453080d97d371b7a992190bcfb to remote] DEBUG org.asynchttpclient.netty.request.NettyRequestSender - Using open Channel [id: 0x5bb68fbe, L:/127.0.0.1:61445 - R:localhost/127.0.0.1:7996] for GET '/session/b87234453080d97d371b7a992190bcfb/url'
19:04:29.227 [AsyncHttpClient-1-2] DEBUG org.asynchttpclient.netty.handler.HttpHandler - 

Request DefaultFullHttpRequest(decodeResult: success, version: HTTP/1.1, content: EmptyByteBufBE)
GET /session/b87234453080d97d371b7a992190bcfb/url HTTP/1.1
User-Agent: selenium/4.8.1 (java windows)
Cache-Control: no-cache
Content-Type: application/json; charset=utf-8
host: localhost:7996
accept: */*

Response DefaultHttpResponse(decodeResult: success, version: HTTP/1.1)
HTTP/1.1 200 OK
Content-Length: 54
Content-Type: application/json; charset=utf-8
cache-control: no-cache

19:04:29.227 [AsyncHttpClient-1-2] DEBUG org.asynchttpclient.netty.channel.ChannelManager - Adding key: http://localhost:7996 for channel [id: 0x5bb68fbe, L:/127.0.0.1:61445 - R:localhost/127.0.0.1:7996]
19:04:29.228 [Forwarding screenshot on session b87234453080d97d371b7a992190bcfb to remote] DEBUG org.asynchttpclient.netty.request.NettyRequestSender - Using pooled Channel '[id: 0x5bb68fbe, L:/127.0.0.1:61445 - R:localhost/127.0.0.1:7996]' for 'GET' to 'http://localhost:7996/session/b87234453080d97d371b7a992190bcfb/screenshot'
19:04:29.228 [Forwarding screenshot on session b87234453080d97d371b7a992190bcfb to remote] DEBUG org.asynchttpclient.netty.request.NettyRequestSender - Using open Channel [id: 0x5bb68fbe, L:/127.0.0.1:61445 - R:localhost/127.0.0.1:7996] for GET '/session/b87234453080d97d371b7a992190bcfb/screenshot'
19:04:29.352 [AsyncHttpClient-1-2] DEBUG org.asynchttpclient.netty.handler.HttpHandler - 

Request DefaultFullHttpRequest(decodeResult: success, version: HTTP/1.1, content: EmptyByteBufBE)
GET /session/b87234453080d97d371b7a992190bcfb/screenshot HTTP/1.1
User-Agent: selenium/4.8.1 (java windows)
Cache-Control: no-cache
Content-Type: application/json; charset=utf-8
host: localhost:7996
accept: */*

Response DefaultHttpResponse(decodeResult: success, version: HTTP/1.1)
HTTP/1.1 200 OK
Content-Length: 35824
Content-Type: application/json; charset=utf-8
cache-control: no-cache

19:04:29.352 [AsyncHttpClient-1-2] DEBUG org.asynchttpclient.netty.channel.ChannelManager - Adding key: http://localhost:7996 for channel [id: 0x5bb68fbe, L:/127.0.0.1:61445 - R:localhost/127.0.0.1:7996]
19:04:29.355 [main] DEBUG net.serenitybdd.core.photography.Darkroom - Send negative for processing for target\site\serenity\84be135da78ffdd168c0b91c6de717b77f409cbb3329f3485b1c23c462b737b9.png
19:04:29.355 [main] DEBUG net.thucydides.core.steps.StepInterceptor - STEP DONE: inputEmailReg
19:04:29.355 [Darkroom Processing Line] DEBUG net.serenitybdd.core.photography.DarkroomProcessingLine - Processing screenshot image in /var/screenshots/screenshot-1650295614296047217
  &amp#27;[32mAnd &amp#27;[0m&amp#27;[32mI input correct email for register&amp#27;[0m    &amp#27;[90m# starter.stepdefinitions.RegisterSteps.inputEmailReg()&amp#27;[0m
19:04:29.356 [Darkroom Processing Line] DEBUG net.serenitybdd.core.photography.DarkroomProcessingLine - Saving screenshot to target\site\serenity\84be135da78ffdd168c0b91c6de717b77f409cbb3329f3485b1c23c462b737b9.png
19:04:29.366 [Forwarding getPageSource on session b87234453080d97d371b7a992190bcfb to remote] DEBUG org.asynchttpclient.netty.request.NettyRequestSender - Using pooled Channel '[id: 0x5bb68fbe, L:/127.0.0.1:61445 - R:localhost/127.0.0.1:7996]' for 'POST' to 'http://localhost:7996/session/b87234453080d97d371b7a992190bcfb/execute/sync'
19:04:29.366 [Forwarding getPageSource on session b87234453080d97d371b7a992190bcfb to remote] DEBUG org.asynchttpclient.netty.request.NettyRequestSender - Using open Channel [id: 0x5bb68fbe, L:/127.0.0.1:61445 - R:localhost/127.0.0.1:7996] for POST '/session/b87234453080d97d371b7a992190bcfb/execute/sync'
19:04:29.371 [AsyncHttpClient-1-2] DEBUG org.asynchttpclient.netty.handler.HttpHandler - 

Request DefaultHttpRequest(decodeResult: success, version: HTTP/1.1)
POST /session/b87234453080d97d371b7a992190bcfb/execute/sync HTTP/1.1
User-Agent: selenium/4.8.1 (java windows)
Content-Length: 176
Content-Type: application/json; charset=utf-8
host: localhost:7996
accept: */*

Response DefaultHttpResponse(decodeResult: success, version: HTTP/1.1)
HTTP/1.1 200 OK
Content-Length: 22494
Content-Type: application/json; charset=utf-8
cache-control: no-cache

19:04:29.371 [AsyncHttpClient-1-2] DEBUG org.asynchttpclient.netty.channel.ChannelManager - Adding key: http://localhost:7996 for channel [id: 0x5bb68fbe, L:/127.0.0.1:61445 - R:localhost/127.0.0.1:7996]
19:04:29.374 [Forwarding getCurrentUrl on session b87234453080d97d371b7a992190bcfb to remote] DEBUG org.asynchttpclient.netty.request.NettyRequestSender - Using pooled Channel '[id: 0x5bb68fbe, L:/127.0.0.1:61445 - R:localhost/127.0.0.1:7996]' for 'GET' to 'http://localhost:7996/session/b87234453080d97d371b7a992190bcfb/url'
19:04:29.374 [Forwarding getCurrentUrl on session b87234453080d97d371b7a992190bcfb to remote] DEBUG org.asynchttpclient.netty.request.NettyRequestSender - Using open Channel [id: 0x5bb68fbe, L:/127.0.0.1:61445 - R:localhost/127.0.0.1:7996] for GET '/session/b87234453080d97d371b7a992190bcfb/url'
19:04:29.381 [AsyncHttpClient-1-2] DEBUG org.asynchttpclient.netty.handler.HttpHandler - 

Request DefaultFullHttpRequest(decodeResult: success, version: HTTP/1.1, content: EmptyByteBufBE)
GET /session/b87234453080d97d371b7a992190bcfb/url HTTP/1.1
User-Agent: selenium/4.8.1 (java windows)
Cache-Control: no-cache
Content-Type: application/json; charset=utf-8
host: localhost:7996
accept: */*

Response DefaultHttpResponse(decodeResult: success, version: HTTP/1.1)
HTTP/1.1 200 OK
Content-Length: 54
Content-Type: application/json; charset=utf-8
cache-control: no-cache

19:04:29.381 [AsyncHttpClient-1-2] DEBUG org.asynchttpclient.netty.channel.ChannelManager - Adding key: http://localhost:7996 for channel [id: 0x5bb68fbe, L:/127.0.0.1:61445 - R:localhost/127.0.0.1:7996]
19:04:29.390 [Forwarding getPageSource on session b87234453080d97d371b7a992190bcfb to remote] DEBUG org.asynchttpclient.netty.request.NettyRequestSender - Using pooled Channel '[id: 0x5bb68fbe, L:/127.0.0.1:61445 - R:localhost/127.0.0.1:7996]' for 'POST' to 'http://localhost:7996/session/b87234453080d97d371b7a992190bcfb/execute/sync'
19:04:29.390 [Forwarding getPageSource on session b87234453080d97d371b7a992190bcfb to remote] DEBUG org.asynchttpclient.netty.request.NettyRequestSender - Using open Channel [id: 0x5bb68fbe, L:/127.0.0.1:61445 - R:localhost/127.0.0.1:7996] for POST '/session/b87234453080d97d371b7a992190bcfb/execute/sync'
19:04:29.396 [AsyncHttpClient-1-2] DEBUG org.asynchttpclient.netty.handler.HttpHandler - 

Request DefaultHttpRequest(decodeResult: success, version: HTTP/1.1)
POST /session/b87234453080d97d371b7a992190bcfb/execute/sync HTTP/1.1
User-Agent: selenium/4.8.1 (java windows)
Content-Length: 176
Content-Type: application/json; charset=utf-8
host: localhost:7996
accept: */*

Response DefaultHttpResponse(decodeResult: success, version: HTTP/1.1)
HTTP/1.1 200 OK
Content-Length: 22494
Content-Type: application/json; charset=utf-8
cache-control: no-cache

19:04:29.396 [AsyncHttpClient-1-2] DEBUG org.asynchttpclient.netty.channel.ChannelManager - Adding key: http://localhost:7996 for channel [id: 0x5bb68fbe, L:/127.0.0.1:61445 - R:localhost/127.0.0.1:7996]
19:04:29.399 [Forwarding getCurrentUrl on session b87234453080d97d371b7a992190bcfb to remote] DEBUG org.asynchttpclient.netty.request.NettyRequestSender - Using pooled Channel '[id: 0x5bb68fbe, L:/127.0.0.1:61445 - R:localhost/127.0.0.1:7996]' for 'GET' to 'http://localhost:7996/session/b87234453080d97d371b7a992190bcfb/url'
19:04:29.399 [Forwarding getCurrentUrl on session b87234453080d97d371b7a992190bcfb to remote] DEBUG org.asynchttpclient.netty.request.NettyRequestSender - Using open Channel [id: 0x5bb68fbe, L:/127.0.0.1:61445 - R:localhost/127.0.0.1:7996] for GET '/session/b87234453080d97d371b7a992190bcfb/url'
19:04:29.405 [AsyncHttpClient-1-2] DEBUG org.asynchttpclient.netty.handler.HttpHandler - 

Request DefaultFullHttpRequest(decodeResult: success, version: HTTP/1.1, content: EmptyByteBufBE)
GET /session/b87234453080d97d371b7a992190bcfb/url HTTP/1.1
User-Agent: selenium/4.8.1 (java windows)
Cache-Control: no-cache
Content-Type: application/json; charset=utf-8
host: localhost:7996
accept: */*

Response DefaultHttpResponse(decodeResult: success, version: HTTP/1.1)
HTTP/1.1 200 OK
Content-Length: 54
Content-Type: application/json; charset=utf-8
cache-control: no-cache

19:04:29.406 [AsyncHttpClient-1-2] DEBUG org.asynchttpclient.netty.channel.ChannelManager - Adding key: http://localhost:7996 for channel [id: 0x5bb68fbe, L:/127.0.0.1:61445 - R:localhost/127.0.0.1:7996]
19:04:29.409 [main] DEBUG net.thucydides.core.steps.StepInterceptor - STARTING STEP: RegisterSteps.inputPasswordReg - inputPasswordReg
19:04:29.412 [Forwarding findElement on session b87234453080d97d371b7a992190bcfb to remote] DEBUG org.asynchttpclient.netty.request.NettyRequestSender - Using pooled Channel '[id: 0x5bb68fbe, L:/127.0.0.1:61445 - R:localhost/127.0.0.1:7996]' for 'POST' to 'http://localhost:7996/session/b87234453080d97d371b7a992190bcfb/element'
19:04:29.412 [Forwarding findElement on session b87234453080d97d371b7a992190bcfb to remote] DEBUG org.asynchttpclient.netty.request.NettyRequestSender - Using open Channel [id: 0x5bb68fbe, L:/127.0.0.1:61445 - R:localhost/127.0.0.1:7996] for POST '/session/b87234453080d97d371b7a992190bcfb/element'
19:04:29.422 [AsyncHttpClient-1-2] DEBUG org.asynchttpclient.netty.handler.HttpHandler - 

Request DefaultHttpRequest(decodeResult: success, version: HTTP/1.1)
POST /session/b87234453080d97d371b7a992190bcfb/element HTTP/1.1
User-Agent: selenium/4.8.1 (java windows)
Content-Length: 55
Content-Type: application/json; charset=utf-8
host: localhost:7996
accept: */*

Response DefaultHttpResponse(decodeResult: success, version: HTTP/1.1)
HTTP/1.1 200 OK
Content-Length: 88
Content-Type: application/json; charset=utf-8
cache-control: no-cache

19:04:29.423 [AsyncHttpClient-1-2] DEBUG org.asynchttpclient.netty.channel.ChannelManager - Adding key: http://localhost:7996 for channel [id: 0x5bb68fbe, L:/127.0.0.1:61445 - R:localhost/127.0.0.1:7996]
19:04:29.424 [Forwarding clearElement on session b87234453080d97d371b7a992190bcfb to remote] DEBUG org.asynchttpclient.netty.request.NettyRequestSender - Using pooled Channel '[id: 0x5bb68fbe, L:/127.0.0.1:61445 - R:localhost/127.0.0.1:7996]' for 'POST' to 'http://localhost:7996/session/b87234453080d97d371b7a992190bcfb/element/29e23a68-4f8e-4bbc-b7a3-cbe8fb2a569b/clear'
19:04:29.425 [Forwarding clearElement on session b87234453080d97d371b7a992190bcfb to remote] DEBUG org.asynchttpclient.netty.request.NettyRequestSender - Using open Channel [id: 0x5bb68fbe, L:/127.0.0.1:61445 - R:localhost/127.0.0.1:7996] for POST '/session/b87234453080d97d371b7a992190bcfb/element/29e23a68-4f8e-4bbc-b7a3-cbe8fb2a569b/clear'
19:04:29.454 [AsyncHttpClient-1-2] DEBUG org.asynchttpclient.netty.handler.HttpHandler - 

Request DefaultHttpRequest(decodeResult: success, version: HTTP/1.1)
POST /session/b87234453080d97d371b7a992190bcfb/element/29e23a68-4f8e-4bbc-b7a3-cbe8fb2a569b/clear HTTP/1.1
User-Agent: selenium/4.8.1 (java windows)
Content-Length: 50
Content-Type: application/json; charset=utf-8
host: localhost:7996
accept: */*

Response DefaultHttpResponse(decodeResult: success, version: HTTP/1.1)
HTTP/1.1 200 OK
Content-Length: 14
Content-Type: application/json; charset=utf-8
cache-control: no-cache

19:04:29.455 [AsyncHttpClient-1-2] DEBUG org.asynchttpclient.netty.channel.ChannelManager - Adding key: http://localhost:7996 for channel [id: 0x5bb68fbe, L:/127.0.0.1:61445 - R:localhost/127.0.0.1:7996]
19:04:29.457 [Forwarding sendKeysToElement on session b87234453080d97d371b7a992190bcfb to remote] DEBUG org.asynchttpclient.netty.request.NettyRequestSender - Using pooled Channel '[id: 0x5bb68fbe, L:/127.0.0.1:61445 - R:localhost/127.0.0.1:7996]' for 'POST' to 'http://localhost:7996/session/b87234453080d97d371b7a992190bcfb/element/29e23a68-4f8e-4bbc-b7a3-cbe8fb2a569b/value'
19:04:29.457 [Forwarding sendKeysToElement on session b87234453080d97d371b7a992190bcfb to remote] DEBUG org.asynchttpclient.netty.request.NettyRequestSender - Using open Channel [id: 0x5bb68fbe, L:/127.0.0.1:61445 - R:localhost/127.0.0.1:7996] for POST '/session/b87234453080d97d371b7a992190bcfb/element/29e23a68-4f8e-4bbc-b7a3-cbe8fb2a569b/value'
19:04:29.522 [AsyncHttpClient-1-2] DEBUG org.asynchttpclient.netty.handler.HttpHandler - 

Request DefaultHttpRequest(decodeResult: success, version: HTTP/1.1)
POST /session/b87234453080d97d371b7a992190bcfb/element/29e23a68-4f8e-4bbc-b7a3-cbe8fb2a569b/value HTTP/1.1
User-Agent: selenium/4.8.1 (java windows)
Content-Length: 181
Content-Type: application/json; charset=utf-8
host: localhost:7996
accept: */*

Response DefaultHttpResponse(decodeResult: success, version: HTTP/1.1)
HTTP/1.1 200 OK
Content-Length: 14
Content-Type: application/json; charset=utf-8
cache-control: no-cache

19:04:29.523 [AsyncHttpClient-1-2] DEBUG org.asynchttpclient.netty.channel.ChannelManager - Adding key: http://localhost:7996 for channel [id: 0x5bb68fbe, L:/127.0.0.1:61445 - R:localhost/127.0.0.1:7996]
19:04:29.527 [Forwarding getAlertText on session b87234453080d97d371b7a992190bcfb to remote] DEBUG org.asynchttpclient.netty.request.NettyRequestSender - Using pooled Channel '[id: 0x5bb68fbe, L:/127.0.0.1:61445 - R:localhost/127.0.0.1:7996]' for 'GET' to 'http://localhost:7996/session/b87234453080d97d371b7a992190bcfb/alert/text'
19:04:29.527 [Forwarding getAlertText on session b87234453080d97d371b7a992190bcfb to remote] DEBUG org.asynchttpclient.netty.request.NettyRequestSender - Using open Channel [id: 0x5bb68fbe, L:/127.0.0.1:61445 - R:localhost/127.0.0.1:7996] for GET '/session/b87234453080d97d371b7a992190bcfb/alert/text'
19:04:29.531 [AsyncHttpClient-1-2] DEBUG org.asynchttpclient.netty.handler.HttpHandler - 

Request DefaultFullHttpRequest(decodeResult: success, version: HTTP/1.1, content: EmptyByteBufBE)
GET /session/b87234453080d97d371b7a992190bcfb/alert/text HTTP/1.1
User-Agent: selenium/4.8.1 (java windows)
Cache-Control: no-cache
Content-Type: application/json; charset=utf-8
host: localhost:7996
accept: */*

Response DefaultHttpResponse(decodeResult: success, version: HTTP/1.1)
HTTP/1.1 404 Not Found
Content-Length: 836
Content-Type: application/json; charset=utf-8
cache-control: no-cache

19:04:29.531 [AsyncHttpClient-1-2] DEBUG org.asynchttpclient.netty.channel.ChannelManager - Adding key: http://localhost:7996 for channel [id: 0x5bb68fbe, L:/127.0.0.1:61445 - R:localhost/127.0.0.1:7996]
19:04:29.532 [AsyncHttpClient-1-1] DEBUG org.asynchttpclient.netty.channel.DefaultChannelPool - Entry count for : http://localhost:7996 : 1
19:04:29.532 [AsyncHttpClient-1-1] DEBUG org.asynchttpclient.netty.channel.DefaultChannelPool - Entry count for : http://localhost:61447 : 1
19:04:29.532 [Forwarding getCurrentUrl on session b87234453080d97d371b7a992190bcfb to remote] DEBUG org.asynchttpclient.netty.request.NettyRequestSender - Using pooled Channel '[id: 0x5bb68fbe, L:/127.0.0.1:61445 - R:localhost/127.0.0.1:7996]' for 'GET' to 'http://localhost:7996/session/b87234453080d97d371b7a992190bcfb/url'
19:04:29.532 [Forwarding getCurrentUrl on session b87234453080d97d371b7a992190bcfb to remote] DEBUG org.asynchttpclient.netty.request.NettyRequestSender - Using open Channel [id: 0x5bb68fbe, L:/127.0.0.1:61445 - R:localhost/127.0.0.1:7996] for GET '/session/b87234453080d97d371b7a992190bcfb/url'
19:04:29.535 [AsyncHttpClient-1-2] DEBUG org.asynchttpclient.netty.handler.HttpHandler - 

Request DefaultFullHttpRequest(decodeResult: success, version: HTTP/1.1, content: EmptyByteBufBE)
GET /session/b87234453080d97d371b7a992190bcfb/url HTTP/1.1
User-Agent: selenium/4.8.1 (java windows)
Cache-Control: no-cache
Content-Type: application/json; charset=utf-8
host: localhost:7996
accept: */*

Response DefaultHttpResponse(decodeResult: success, version: HTTP/1.1)
HTTP/1.1 200 OK
Content-Length: 54
Content-Type: application/json; charset=utf-8
cache-control: no-cache

19:04:29.535 [AsyncHttpClient-1-2] DEBUG org.asynchttpclient.netty.channel.ChannelManager - Adding key: http://localhost:7996 for channel [id: 0x5bb68fbe, L:/127.0.0.1:61445 - R:localhost/127.0.0.1:7996]
19:04:29.536 [Forwarding screenshot on session b87234453080d97d371b7a992190bcfb to remote] DEBUG org.asynchttpclient.netty.request.NettyRequestSender - Using pooled Channel '[id: 0x5bb68fbe, L:/127.0.0.1:61445 - R:localhost/127.0.0.1:7996]' for 'GET' to 'http://localhost:7996/session/b87234453080d97d371b7a992190bcfb/screenshot'
19:04:29.536 [Forwarding screenshot on session b87234453080d97d371b7a992190bcfb to remote] DEBUG org.asynchttpclient.netty.request.NettyRequestSender - Using open Channel [id: 0x5bb68fbe, L:/127.0.0.1:61445 - R:localhost/127.0.0.1:7996] for GET '/session/b87234453080d97d371b7a992190bcfb/screenshot'
19:04:29.622 [AsyncHttpClient-1-2] DEBUG org.asynchttpclient.netty.handler.HttpHandler - 

Request DefaultFullHttpRequest(decodeResult: success, version: HTTP/1.1, content: EmptyByteBufBE)
GET /session/b87234453080d97d371b7a992190bcfb/screenshot HTTP/1.1
User-Agent: selenium/4.8.1 (java windows)
Cache-Control: no-cache
Content-Type: application/json; charset=utf-8
host: localhost:7996
accept: */*

Response DefaultHttpResponse(decodeResult: success, version: HTTP/1.1)
HTTP/1.1 200 OK
Content-Length: 38272
Content-Type: application/json; charset=utf-8
cache-control: no-cache

19:04:29.622 [AsyncHttpClient-1-2] DEBUG org.asynchttpclient.netty.channel.ChannelManager - Adding key: http://localhost:7996 for channel [id: 0x5bb68fbe, L:/127.0.0.1:61445 - R:localhost/127.0.0.1:7996]
19:04:29.626 [main] DEBUG net.serenitybdd.core.photography.Darkroom - Send negative for processing for target\site\serenity\0ceaf8ade51c2bd41f269370e3311e4246d71238ac27ddffe89aad28bfb622f8.png
19:04:29.626 [main] DEBUG net.thucydides.core.steps.StepInterceptor - STEP DONE: inputPasswordReg
19:04:29.626 [Darkroom Processing Line] DEBUG net.serenitybdd.core.photography.DarkroomProcessingLine - Processing screenshot image in /var/screenshots/screenshot-8096452925712606795
19:04:29.626 [Darkroom Processing Line] DEBUG net.serenitybdd.core.photography.DarkroomProcessingLine - Saving screenshot to target\site\serenity\0ceaf8ade51c2bd41f269370e3311e4246d71238ac27ddffe89aad28bfb622f8.png
  &amp#27;[32mAnd &amp#27;[0m&amp#27;[32mI input correct password for register&amp#27;[0m &amp#27;[90m# starter.stepdefinitions.RegisterSteps.inputPasswordReg()&amp#27;[0m
19:04:29.634 [Forwarding getPageSource on session b87234453080d97d371b7a992190bcfb to remote] DEBUG org.asynchttpclient.netty.request.NettyRequestSender - Using pooled Channel '[id: 0x5bb68fbe, L:/127.0.0.1:61445 - R:localhost/127.0.0.1:7996]' for 'POST' to 'http://localhost:7996/session/b87234453080d97d371b7a992190bcfb/execute/sync'
19:04:29.634 [Forwarding getPageSource on session b87234453080d97d371b7a992190bcfb to remote] DEBUG org.asynchttpclient.netty.request.NettyRequestSender - Using open Channel [id: 0x5bb68fbe, L:/127.0.0.1:61445 - R:localhost/127.0.0.1:7996] for POST '/session/b87234453080d97d371b7a992190bcfb/execute/sync'
19:04:29.638 [AsyncHttpClient-1-2] DEBUG org.asynchttpclient.netty.handler.HttpHandler - 

Request DefaultHttpRequest(decodeResult: success, version: HTTP/1.1)
POST /session/b87234453080d97d371b7a992190bcfb/execute/sync HTTP/1.1
User-Agent: selenium/4.8.1 (java windows)
Content-Length: 176
Content-Type: application/json; charset=utf-8
host: localhost:7996
accept: */*

Response DefaultHttpResponse(decodeResult: success, version: HTTP/1.1)
HTTP/1.1 200 OK
Content-Length: 22553
Content-Type: application/json; charset=utf-8
cache-control: no-cache

19:04:29.638 [AsyncHttpClient-1-2] DEBUG org.asynchttpclient.netty.channel.ChannelManager - Adding key: http://localhost:7996 for channel [id: 0x5bb68fbe, L:/127.0.0.1:61445 - R:localhost/127.0.0.1:7996]
19:04:29.641 [Forwarding getCurrentUrl on session b87234453080d97d371b7a992190bcfb to remote] DEBUG org.asynchttpclient.netty.request.NettyRequestSender - Using pooled Channel '[id: 0x5bb68fbe, L:/127.0.0.1:61445 - R:localhost/127.0.0.1:7996]' for 'GET' to 'http://localhost:7996/session/b87234453080d97d371b7a992190bcfb/url'
19:04:29.641 [Forwarding getCurrentUrl on session b87234453080d97d371b7a992190bcfb to remote] DEBUG org.asynchttpclient.netty.request.NettyRequestSender - Using open Channel [id: 0x5bb68fbe, L:/127.0.0.1:61445 - R:localhost/127.0.0.1:7996] for GET '/session/b87234453080d97d371b7a992190bcfb/url'
19:04:29.644 [AsyncHttpClient-1-2] DEBUG org.asynchttpclient.netty.handler.HttpHandler - 

Request DefaultFullHttpRequest(decodeResult: success, version: HTTP/1.1, content: EmptyByteBufBE)
GET /session/b87234453080d97d371b7a992190bcfb/url HTTP/1.1
User-Agent: selenium/4.8.1 (java windows)
Cache-Control: no-cache
Content-Type: application/json; charset=utf-8
host: localhost:7996
accept: */*

Response DefaultHttpResponse(decodeResult: success, version: HTTP/1.1)
HTTP/1.1 200 OK
Content-Length: 54
Content-Type: application/json; charset=utf-8
cache-control: no-cache

19:04:29.644 [AsyncHttpClient-1-2] DEBUG org.asynchttpclient.netty.channel.ChannelManager - Adding key: http://localhost:7996 for channel [id: 0x5bb68fbe, L:/127.0.0.1:61445 - R:localhost/127.0.0.1:7996]
19:04:29.651 [Forwarding getPageSource on session b87234453080d97d371b7a992190bcfb to remote] DEBUG org.asynchttpclient.netty.request.NettyRequestSender - Using pooled Channel '[id: 0x5bb68fbe, L:/127.0.0.1:61445 - R:localhost/127.0.0.1:7996]' for 'POST' to 'http://localhost:7996/session/b87234453080d97d371b7a992190bcfb/execute/sync'
19:04:29.652 [Forwarding getPageSource on session b87234453080d97d371b7a992190bcfb to remote] DEBUG org.asynchttpclient.netty.request.NettyRequestSender - Using open Channel [id: 0x5bb68fbe, L:/127.0.0.1:61445 - R:localhost/127.0.0.1:7996] for POST '/session/b87234453080d97d371b7a992190bcfb/execute/sync'
19:04:29.656 [AsyncHttpClient-1-2] DEBUG org.asynchttpclient.netty.handler.HttpHandler - 

Request DefaultHttpRequest(decodeResult: success, version: HTTP/1.1)
POST /session/b87234453080d97d371b7a992190bcfb/execute/sync HTTP/1.1
User-Agent: selenium/4.8.1 (java windows)
Content-Length: 176
Content-Type: application/json; charset=utf-8
host: localhost:7996
accept: */*

Response DefaultHttpResponse(decodeResult: success, version: HTTP/1.1)
HTTP/1.1 200 OK
Content-Length: 22553
Content-Type: application/json; charset=utf-8
cache-control: no-cache

19:04:29.656 [AsyncHttpClient-1-2] DEBUG org.asynchttpclient.netty.channel.ChannelManager - Adding key: http://localhost:7996 for channel [id: 0x5bb68fbe, L:/127.0.0.1:61445 - R:localhost/127.0.0.1:7996]
19:04:29.659 [Forwarding getCurrentUrl on session b87234453080d97d371b7a992190bcfb to remote] DEBUG org.asynchttpclient.netty.request.NettyRequestSender - Using pooled Channel '[id: 0x5bb68fbe, L:/127.0.0.1:61445 - R:localhost/127.0.0.1:7996]' for 'GET' to 'http://localhost:7996/session/b87234453080d97d371b7a992190bcfb/url'
19:04:29.659 [Forwarding getCurrentUrl on session b87234453080d97d371b7a992190bcfb to remote] DEBUG org.asynchttpclient.netty.request.NettyRequestSender - Using open Channel [id: 0x5bb68fbe, L:/127.0.0.1:61445 - R:localhost/127.0.0.1:7996] for GET '/session/b87234453080d97d371b7a992190bcfb/url'
19:04:29.664 [AsyncHttpClient-1-2] DEBUG org.asynchttpclient.netty.handler.HttpHandler - 

Request DefaultFullHttpRequest(decodeResult: success, version: HTTP/1.1, content: EmptyByteBufBE)
GET /session/b87234453080d97d371b7a992190bcfb/url HTTP/1.1
User-Agent: selenium/4.8.1 (java windows)
Cache-Control: no-cache
Content-Type: application/json; charset=utf-8
host: localhost:7996
accept: */*

Response DefaultHttpResponse(decodeResult: success, version: HTTP/1.1)
HTTP/1.1 200 OK
Content-Length: 54
Content-Type: application/json; charset=utf-8
cache-control: no-cache

19:04:29.664 [AsyncHttpClient-1-2] DEBUG org.asynchttpclient.netty.channel.ChannelManager - Adding key: http://localhost:7996 for channel [id: 0x5bb68fbe, L:/127.0.0.1:61445 - R:localhost/127.0.0.1:7996]
19:04:29.666 [main] DEBUG net.thucydides.core.steps.StepInterceptor - STARTING STEP: RegisterSteps.ClickRegisterButton - ClickRegisterButton
19:04:29.671 [Forwarding findElement on session b87234453080d97d371b7a992190bcfb to remote] DEBUG org.asynchttpclient.netty.request.NettyRequestSender - Using pooled Channel '[id: 0x5bb68fbe, L:/127.0.0.1:61445 - R:localhost/127.0.0.1:7996]' for 'POST' to 'http://localhost:7996/session/b87234453080d97d371b7a992190bcfb/element'
19:04:29.671 [Forwarding findElement on session b87234453080d97d371b7a992190bcfb to remote] DEBUG org.asynchttpclient.netty.request.NettyRequestSender - Using open Channel [id: 0x5bb68fbe, L:/127.0.0.1:61445 - R:localhost/127.0.0.1:7996] for POST '/session/b87234453080d97d371b7a992190bcfb/element'
19:04:29.681 [AsyncHttpClient-1-2] DEBUG org.asynchttpclient.netty.handler.HttpHandler - 

Request DefaultHttpRequest(decodeResult: success, version: HTTP/1.1)
POST /session/b87234453080d97d371b7a992190bcfb/element HTTP/1.1
User-Agent: selenium/4.8.1 (java windows)
Content-Length: 71
Content-Type: application/json; charset=utf-8
host: localhost:7996
accept: */*

Response DefaultHttpResponse(decodeResult: success, version: HTTP/1.1)
HTTP/1.1 200 OK
Content-Length: 88
Content-Type: application/json; charset=utf-8
cache-control: no-cache

19:04:29.681 [AsyncHttpClient-1-2] DEBUG org.asynchttpclient.netty.channel.ChannelManager - Adding key: http://localhost:7996 for channel [id: 0x5bb68fbe, L:/127.0.0.1:61445 - R:localhost/127.0.0.1:7996]
19:04:29.683 [Forwarding getElementTagName on session b87234453080d97d371b7a992190bcfb to remote] DEBUG org.asynchttpclient.netty.request.NettyRequestSender - Using pooled Channel '[id: 0x5bb68fbe, L:/127.0.0.1:61445 - R:localhost/127.0.0.1:7996]' for 'GET' to 'http://localhost:7996/session/b87234453080d97d371b7a992190bcfb/element/ef6ab981-d2b2-4d06-8645-f90025e02ffe/name'
19:04:29.683 [Forwarding getElementTagName on session b87234453080d97d371b7a992190bcfb to remote] DEBUG org.asynchttpclient.netty.request.NettyRequestSender - Using open Channel [id: 0x5bb68fbe, L:/127.0.0.1:61445 - R:localhost/127.0.0.1:7996] for GET '/session/b87234453080d97d371b7a992190bcfb/element/ef6ab981-d2b2-4d06-8645-f90025e02ffe/name'
19:04:29.686 [AsyncHttpClient-1-2] DEBUG org.asynchttpclient.netty.handler.HttpHandler - 

Request DefaultFullHttpRequest(decodeResult: success, version: HTTP/1.1, content: EmptyByteBufBE)
GET /session/b87234453080d97d371b7a992190bcfb/element/ef6ab981-d2b2-4d06-8645-f90025e02ffe/name HTTP/1.1
User-Agent: selenium/4.8.1 (java windows)
Cache-Control: no-cache
Content-Type: application/json; charset=utf-8
host: localhost:7996
accept: */*

Response DefaultHttpResponse(decodeResult: success, version: HTTP/1.1)
HTTP/1.1 200 OK
Content-Length: 18
Content-Type: application/json; charset=utf-8
cache-control: no-cache

19:04:29.686 [AsyncHttpClient-1-2] DEBUG org.asynchttpclient.netty.channel.ChannelManager - Adding key: http://localhost:7996 for channel [id: 0x5bb68fbe, L:/127.0.0.1:61445 - R:localhost/127.0.0.1:7996]
19:04:29.687 [Forwarding getElementTagName on session b87234453080d97d371b7a992190bcfb to remote] DEBUG org.asynchttpclient.netty.request.NettyRequestSender - Using pooled Channel '[id: 0x5bb68fbe, L:/127.0.0.1:61445 - R:localhost/127.0.0.1:7996]' for 'GET' to 'http://localhost:7996/session/b87234453080d97d371b7a992190bcfb/element/ef6ab981-d2b2-4d06-8645-f90025e02ffe/name'
19:04:29.687 [Forwarding getElementTagName on session b87234453080d97d371b7a992190bcfb to remote] DEBUG org.asynchttpclient.netty.request.NettyRequestSender - Using open Channel [id: 0x5bb68fbe, L:/127.0.0.1:61445 - R:localhost/127.0.0.1:7996] for GET '/session/b87234453080d97d371b7a992190bcfb/element/ef6ab981-d2b2-4d06-8645-f90025e02ffe/name'
19:04:29.691 [AsyncHttpClient-1-2] DEBUG org.asynchttpclient.netty.handler.HttpHandler - 

Request DefaultFullHttpRequest(decodeResult: success, version: HTTP/1.1, content: EmptyByteBufBE)
GET /session/b87234453080d97d371b7a992190bcfb/element/ef6ab981-d2b2-4d06-8645-f90025e02ffe/name HTTP/1.1
User-Agent: selenium/4.8.1 (java windows)
Cache-Control: no-cache
Content-Type: application/json; charset=utf-8
host: localhost:7996
accept: */*

Response DefaultHttpResponse(decodeResult: success, version: HTTP/1.1)
HTTP/1.1 200 OK
Content-Length: 18
Content-Type: application/json; charset=utf-8
cache-control: no-cache

19:04:29.691 [AsyncHttpClient-1-2] DEBUG org.asynchttpclient.netty.channel.ChannelManager - Adding key: http://localhost:7996 for channel [id: 0x5bb68fbe, L:/127.0.0.1:61445 - R:localhost/127.0.0.1:7996]
19:04:29.695 [Forwarding isElementEnabled on session b87234453080d97d371b7a992190bcfb to remote] DEBUG org.asynchttpclient.netty.request.NettyRequestSender - Using pooled Channel '[id: 0x5bb68fbe, L:/127.0.0.1:61445 - R:localhost/127.0.0.1:7996]' for 'GET' to 'http://localhost:7996/session/b87234453080d97d371b7a992190bcfb/element/ef6ab981-d2b2-4d06-8645-f90025e02ffe/enabled'
19:04:29.695 [Forwarding isElementEnabled on session b87234453080d97d371b7a992190bcfb to remote] DEBUG org.asynchttpclient.netty.request.NettyRequestSender - Using open Channel [id: 0x5bb68fbe, L:/127.0.0.1:61445 - R:localhost/127.0.0.1:7996] for GET '/session/b87234453080d97d371b7a992190bcfb/element/ef6ab981-d2b2-4d06-8645-f90025e02ffe/enabled'
19:04:29.704 [AsyncHttpClient-1-2] DEBUG org.asynchttpclient.netty.handler.HttpHandler - 

Request DefaultFullHttpRequest(decodeResult: success, version: HTTP/1.1, content: EmptyByteBufBE)
GET /session/b87234453080d97d371b7a992190bcfb/element/ef6ab981-d2b2-4d06-8645-f90025e02ffe/enabled HTTP/1.1
User-Agent: selenium/4.8.1 (java windows)
Cache-Control: no-cache
Content-Type: application/json; charset=utf-8
host: localhost:7996
accept: */*

Response DefaultHttpResponse(decodeResult: success, version: HTTP/1.1)
HTTP/1.1 200 OK
Content-Length: 14
Content-Type: application/json; charset=utf-8
cache-control: no-cache

19:04:29.704 [AsyncHttpClient-1-2] DEBUG org.asynchttpclient.netty.channel.ChannelManager - Adding key: http://localhost:7996 for channel [id: 0x5bb68fbe, L:/127.0.0.1:61445 - R:localhost/127.0.0.1:7996]
19:04:29.705 [Forwarding isElementEnabled on session b87234453080d97d371b7a992190bcfb to remote] DEBUG org.asynchttpclient.netty.request.NettyRequestSender - Using pooled Channel '[id: 0x5bb68fbe, L:/127.0.0.1:61445 - R:localhost/127.0.0.1:7996]' for 'GET' to 'http://localhost:7996/session/b87234453080d97d371b7a992190bcfb/element/ef6ab981-d2b2-4d06-8645-f90025e02ffe/enabled'
19:04:29.706 [Forwarding isElementEnabled on session b87234453080d97d371b7a992190bcfb to remote] DEBUG org.asynchttpclient.netty.request.NettyRequestSender - Using open Channel [id: 0x5bb68fbe, L:/127.0.0.1:61445 - R:localhost/127.0.0.1:7996] for GET '/session/b87234453080d97d371b7a992190bcfb/element/ef6ab981-d2b2-4d06-8645-f90025e02ffe/enabled'
19:04:29.711 [AsyncHttpClient-1-2] DEBUG org.asynchttpclient.netty.handler.HttpHandler - 

Request DefaultFullHttpRequest(decodeResult: success, version: HTTP/1.1, content: EmptyByteBufBE)
GET /session/b87234453080d97d371b7a992190bcfb/element/ef6ab981-d2b2-4d06-8645-f90025e02ffe/enabled HTTP/1.1
User-Agent: selenium/4.8.1 (java windows)
Cache-Control: no-cache
Content-Type: application/json; charset=utf-8
host: localhost:7996
accept: */*

Response DefaultHttpResponse(decodeResult: success, version: HTTP/1.1)
HTTP/1.1 200 OK
Content-Length: 14
Content-Type: application/json; charset=utf-8
cache-control: no-cache

19:04:29.712 [AsyncHttpClient-1-2] DEBUG org.asynchttpclient.netty.channel.ChannelManager - Adding key: http://localhost:7996 for channel [id: 0x5bb68fbe, L:/127.0.0.1:61445 - R:localhost/127.0.0.1:7996]
19:04:29.713 [Forwarding findElement on session b87234453080d97d371b7a992190bcfb to remote] DEBUG org.asynchttpclient.netty.request.NettyRequestSender - Using pooled Channel '[id: 0x5bb68fbe, L:/127.0.0.1:61445 - R:localhost/127.0.0.1:7996]' for 'POST' to 'http://localhost:7996/session/b87234453080d97d371b7a992190bcfb/element'
19:04:29.713 [Forwarding findElement on session b87234453080d97d371b7a992190bcfb to remote] DEBUG org.asynchttpclient.netty.request.NettyRequestSender - Using open Channel [id: 0x5bb68fbe, L:/127.0.0.1:61445 - R:localhost/127.0.0.1:7996] for POST '/session/b87234453080d97d371b7a992190bcfb/element'
19:04:29.720 [AsyncHttpClient-1-2] DEBUG org.asynchttpclient.netty.handler.HttpHandler - 

Request DefaultHttpRequest(decodeResult: success, version: HTTP/1.1)
POST /session/b87234453080d97d371b7a992190bcfb/element HTTP/1.1
User-Agent: selenium/4.8.1 (java windows)
Content-Length: 71
Content-Type: application/json; charset=utf-8
host: localhost:7996
accept: */*

Response DefaultHttpResponse(decodeResult: success, version: HTTP/1.1)
HTTP/1.1 200 OK
Content-Length: 88
Content-Type: application/json; charset=utf-8
cache-control: no-cache

19:04:29.720 [AsyncHttpClient-1-2] DEBUG org.asynchttpclient.netty.channel.ChannelManager - Adding key: http://localhost:7996 for channel [id: 0x5bb68fbe, L:/127.0.0.1:61445 - R:localhost/127.0.0.1:7996]
19:04:29.721 [Forwarding clickElement on session b87234453080d97d371b7a992190bcfb to remote] DEBUG org.asynchttpclient.netty.request.NettyRequestSender - Using pooled Channel '[id: 0x5bb68fbe, L:/127.0.0.1:61445 - R:localhost/127.0.0.1:7996]' for 'POST' to 'http://localhost:7996/session/b87234453080d97d371b7a992190bcfb/element/ef6ab981-d2b2-4d06-8645-f90025e02ffe/click'
19:04:29.721 [Forwarding clickElement on session b87234453080d97d371b7a992190bcfb to remote] DEBUG org.asynchttpclient.netty.request.NettyRequestSender - Using open Channel [id: 0x5bb68fbe, L:/127.0.0.1:61445 - R:localhost/127.0.0.1:7996] for POST '/session/b87234453080d97d371b7a992190bcfb/element/ef6ab981-d2b2-4d06-8645-f90025e02ffe/click'
19:04:29.759 [AsyncHttpClient-1-2] DEBUG org.asynchttpclient.netty.handler.HttpHandler - 

Request DefaultHttpRequest(decodeResult: success, version: HTTP/1.1)
POST /session/b87234453080d97d371b7a992190bcfb/element/ef6ab981-d2b2-4d06-8645-f90025e02ffe/click HTTP/1.1
User-Agent: selenium/4.8.1 (java windows)
Content-Length: 50
Content-Type: application/json; charset=utf-8
host: localhost:7996
accept: */*

Response DefaultHttpResponse(decodeResult: success, version: HTTP/1.1)
HTTP/1.1 200 OK
Content-Length: 14
Content-Type: application/json; charset=utf-8
cache-control: no-cache

19:04:29.760 [AsyncHttpClient-1-2] DEBUG org.asynchttpclient.netty.channel.ChannelManager - Adding key: http://localhost:7996 for channel [id: 0x5bb68fbe, L:/127.0.0.1:61445 - R:localhost/127.0.0.1:7996]
19:04:29.767 [Forwarding getAlertText on session b87234453080d97d371b7a992190bcfb to remote] DEBUG org.asynchttpclient.netty.request.NettyRequestSender - Using pooled Channel '[id: 0x5bb68fbe, L:/127.0.0.1:61445 - R:localhost/127.0.0.1:7996]' for 'GET' to 'http://localhost:7996/session/b87234453080d97d371b7a992190bcfb/alert/text'
19:04:29.767 [Forwarding getAlertText on session b87234453080d97d371b7a992190bcfb to remote] DEBUG org.asynchttpclient.netty.request.NettyRequestSender - Using open Channel [id: 0x5bb68fbe, L:/127.0.0.1:61445 - R:localhost/127.0.0.1:7996] for GET '/session/b87234453080d97d371b7a992190bcfb/alert/text'
19:04:29.769 [AsyncHttpClient-1-2] DEBUG org.asynchttpclient.netty.handler.HttpHandler - 

Request DefaultFullHttpRequest(decodeResult: success, version: HTTP/1.1, content: EmptyByteBufBE)
GET /session/b87234453080d97d371b7a992190bcfb/alert/text HTTP/1.1
User-Agent: selenium/4.8.1 (java windows)
Cache-Control: no-cache
Content-Type: application/json; charset=utf-8
host: localhost:7996
accept: */*

Response DefaultHttpResponse(decodeResult: success, version: HTTP/1.1)
HTTP/1.1 404 Not Found
Content-Length: 836
Content-Type: application/json; charset=utf-8
cache-control: no-cache

19:04:29.770 [AsyncHttpClient-1-2] DEBUG org.asynchttpclient.netty.channel.ChannelManager - Adding key: http://localhost:7996 for channel [id: 0x5bb68fbe, L:/127.0.0.1:61445 - R:localhost/127.0.0.1:7996]
19:04:29.772 [Forwarding getCurrentUrl on session b87234453080d97d371b7a992190bcfb to remote] DEBUG org.asynchttpclient.netty.request.NettyRequestSender - Using pooled Channel '[id: 0x5bb68fbe, L:/127.0.0.1:61445 - R:localhost/127.0.0.1:7996]' for 'GET' to 'http://localhost:7996/session/b87234453080d97d371b7a992190bcfb/url'
19:04:29.772 [Forwarding getCurrentUrl on session b87234453080d97d371b7a992190bcfb to remote] DEBUG org.asynchttpclient.netty.request.NettyRequestSender - Using open Channel [id: 0x5bb68fbe, L:/127.0.0.1:61445 - R:localhost/127.0.0.1:7996] for GET '/session/b87234453080d97d371b7a992190bcfb/url'
19:04:29.785 [AsyncHttpClient-1-2] DEBUG org.asynchttpclient.netty.handler.HttpHandler - 

Request DefaultFullHttpRequest(decodeResult: success, version: HTTP/1.1, content: EmptyByteBufBE)
GET /session/b87234453080d97d371b7a992190bcfb/url HTTP/1.1
User-Agent: selenium/4.8.1 (java windows)
Cache-Control: no-cache
Content-Type: application/json; charset=utf-8
host: localhost:7996
accept: */*

Response DefaultHttpResponse(decodeResult: success, version: HTTP/1.1)
HTTP/1.1 200 OK
Content-Length: 54
Content-Type: application/json; charset=utf-8
cache-control: no-cache

19:04:29.785 [AsyncHttpClient-1-2] DEBUG org.asynchttpclient.netty.channel.ChannelManager - Adding key: http://localhost:7996 for channel [id: 0x5bb68fbe, L:/127.0.0.1:61445 - R:localhost/127.0.0.1:7996]
19:04:29.787 [Forwarding screenshot on session b87234453080d97d371b7a992190bcfb to remote] DEBUG org.asynchttpclient.netty.request.NettyRequestSender - Using pooled Channel '[id: 0x5bb68fbe, L:/127.0.0.1:61445 - R:localhost/127.0.0.1:7996]' for 'GET' to 'http://localhost:7996/session/b87234453080d97d371b7a992190bcfb/screenshot'
19:04:29.787 [Forwarding screenshot on session b87234453080d97d371b7a992190bcfb to remote] DEBUG org.asynchttpclient.netty.request.NettyRequestSender - Using open Channel [id: 0x5bb68fbe, L:/127.0.0.1:61445 - R:localhost/127.0.0.1:7996] for GET '/session/b87234453080d97d371b7a992190bcfb/screenshot'
19:04:29.999 [AsyncHttpClient-1-2] DEBUG org.asynchttpclient.netty.handler.HttpHandler - 

Request DefaultFullHttpRequest(decodeResult: success, version: HTTP/1.1, content: EmptyByteBufBE)
GET /session/b87234453080d97d371b7a992190bcfb/screenshot HTTP/1.1
User-Agent: selenium/4.8.1 (java windows)
Cache-Control: no-cache
Content-Type: application/json; charset=utf-8
host: localhost:7996
accept: */*

Response DefaultHttpResponse(decodeResult: success, version: HTTP/1.1)
HTTP/1.1 200 OK
Content-Length: 37356
Content-Type: application/json; charset=utf-8
cache-control: no-cache

19:04:30.001 [AsyncHttpClient-1-2] DEBUG org.asynchttpclient.netty.channel.ChannelManager - Adding key: http://localhost:7996 for channel [id: 0x5bb68fbe, L:/127.0.0.1:61445 - R:localhost/127.0.0.1:7996]
19:04:30.006 [main] DEBUG net.serenitybdd.core.photography.Darkroom - Send negative for processing for target\site\serenity\25993a0ebd9765eb58731e03ad962e7118164b71b8f18e4973197c3b31d48ad3.png
19:04:30.006 [main] DEBUG net.thucydides.core.steps.StepInterceptor - STEP DONE: ClickRegisterButton
  &amp#27;[32mAnd &amp#27;[0m&amp#27;[32mI click on the register button&amp#27;[0m        &amp#27;[90m# starter.stepdefinitions.RegisterSteps.ClickRegisterButton()&amp#27;[0m
19:04:30.008 [Darkroom Processing Line] DEBUG net.serenitybdd.core.photography.DarkroomProcessingLine - Processing screenshot image in /var/screenshots/screenshot-7391326040448752885
19:04:30.008 [Darkroom Processing Line] DEBUG net.serenitybdd.core.photography.DarkroomProcessingLine - Saving screenshot to target\site\serenity\25993a0ebd9765eb58731e03ad962e7118164b71b8f18e4973197c3b31d48ad3.png
19:04:30.025 [Forwarding getPageSource on session b87234453080d97d371b7a992190bcfb to remote] DEBUG org.asynchttpclient.netty.request.NettyRequestSender - Using pooled Channel '[id: 0x5bb68fbe, L:/127.0.0.1:61445 - R:localhost/127.0.0.1:7996]' for 'POST' to 'http://localhost:7996/session/b87234453080d97d371b7a992190bcfb/execute/sync'
19:04:30.025 [Forwarding getPageSource on session b87234453080d97d371b7a992190bcfb to remote] DEBUG org.asynchttpclient.netty.request.NettyRequestSender - Using open Channel [id: 0x5bb68fbe, L:/127.0.0.1:61445 - R:localhost/127.0.0.1:7996] for POST '/session/b87234453080d97d371b7a992190bcfb/execute/sync'
19:04:30.042 [AsyncHttpClient-1-2] DEBUG org.asynchttpclient.netty.handler.HttpHandler - 

Request DefaultHttpRequest(decodeResult: success, version: HTTP/1.1)
POST /session/b87234453080d97d371b7a992190bcfb/execute/sync HTTP/1.1
User-Agent: selenium/4.8.1 (java windows)
Content-Length: 176
Content-Type: application/json; charset=utf-8
host: localhost:7996
accept: */*

Response DefaultHttpResponse(decodeResult: success, version: HTTP/1.1)
HTTP/1.1 200 OK
Content-Length: 22834
Content-Type: application/json; charset=utf-8
cache-control: no-cache

19:04:30.043 [AsyncHttpClient-1-2] DEBUG org.asynchttpclient.netty.channel.ChannelManager - Adding key: http://localhost:7996 for channel [id: 0x5bb68fbe, L:/127.0.0.1:61445 - R:localhost/127.0.0.1:7996]
19:04:30.047 [Forwarding getCurrentUrl on session b87234453080d97d371b7a992190bcfb to remote] DEBUG org.asynchttpclient.netty.request.NettyRequestSender - Using pooled Channel '[id: 0x5bb68fbe, L:/127.0.0.1:61445 - R:localhost/127.0.0.1:7996]' for 'GET' to 'http://localhost:7996/session/b87234453080d97d371b7a992190bcfb/url'
19:04:30.047 [Forwarding getCurrentUrl on session b87234453080d97d371b7a992190bcfb to remote] DEBUG org.asynchttpclient.netty.request.NettyRequestSender - Using open Channel [id: 0x5bb68fbe, L:/127.0.0.1:61445 - R:localhost/127.0.0.1:7996] for GET '/session/b87234453080d97d371b7a992190bcfb/url'
19:04:30.051 [AsyncHttpClient-1-2] DEBUG org.asynchttpclient.netty.handler.HttpHandler - 

Request DefaultFullHttpRequest(decodeResult: success, version: HTTP/1.1, content: EmptyByteBufBE)
GET /session/b87234453080d97d371b7a992190bcfb/url HTTP/1.1
User-Agent: selenium/4.8.1 (java windows)
Cache-Control: no-cache
Content-Type: application/json; charset=utf-8
host: localhost:7996
accept: */*

Response DefaultHttpResponse(decodeResult: success, version: HTTP/1.1)
HTTP/1.1 200 OK
Content-Length: 54
Content-Type: application/json; charset=utf-8
cache-control: no-cache

19:04:30.052 [AsyncHttpClient-1-2] DEBUG org.asynchttpclient.netty.channel.ChannelManager - Adding key: http://localhost:7996 for channel [id: 0x5bb68fbe, L:/127.0.0.1:61445 - R:localhost/127.0.0.1:7996]
19:04:30.064 [Forwarding getAlertText on session b87234453080d97d371b7a992190bcfb to remote] DEBUG org.asynchttpclient.netty.request.NettyRequestSender - Using pooled Channel '[id: 0x5bb68fbe, L:/127.0.0.1:61445 - R:localhost/127.0.0.1:7996]' for 'GET' to 'http://localhost:7996/session/b87234453080d97d371b7a992190bcfb/alert/text'
19:04:30.064 [Forwarding getAlertText on session b87234453080d97d371b7a992190bcfb to remote] DEBUG org.asynchttpclient.netty.request.NettyRequestSender - Using open Channel [id: 0x5bb68fbe, L:/127.0.0.1:61445 - R:localhost/127.0.0.1:7996] for GET '/session/b87234453080d97d371b7a992190bcfb/alert/text'
19:04:30.065 [AsyncHttpClient-1-2] DEBUG org.asynchttpclient.netty.handler.HttpHandler - 

Request DefaultFullHttpRequest(decodeResult: success, version: HTTP/1.1, content: EmptyByteBufBE)
GET /session/b87234453080d97d371b7a992190bcfb/alert/text HTTP/1.1
User-Agent: selenium/4.8.1 (java windows)
Cache-Control: no-cache
Content-Type: application/json; charset=utf-8
host: localhost:7996
accept: */*

Response DefaultHttpResponse(decodeResult: success, version: HTTP/1.1)
HTTP/1.1 404 Not Found
Content-Length: 836
Content-Type: application/json; charset=utf-8
cache-control: no-cache

19:04:30.065 [AsyncHttpClient-1-2] DEBUG org.asynchttpclient.netty.channel.ChannelManager - Adding key: http://localhost:7996 for channel [id: 0x5bb68fbe, L:/127.0.0.1:61445 - R:localhost/127.0.0.1:7996]
19:04:30.068 [Forwarding getCurrentUrl on session b87234453080d97d371b7a992190bcfb to remote] DEBUG org.asynchttpclient.netty.request.NettyRequestSender - Using pooled Channel '[id: 0x5bb68fbe, L:/127.0.0.1:61445 - R:localhost/127.0.0.1:7996]' for 'GET' to 'http://localhost:7996/session/b87234453080d97d371b7a992190bcfb/url'
19:04:30.068 [Forwarding getCurrentUrl on session b87234453080d97d371b7a992190bcfb to remote] DEBUG org.asynchttpclient.netty.request.NettyRequestSender - Using open Channel [id: 0x5bb68fbe, L:/127.0.0.1:61445 - R:localhost/127.0.0.1:7996] for GET '/session/b87234453080d97d371b7a992190bcfb/url'
19:04:30.072 [AsyncHttpClient-1-2] DEBUG org.asynchttpclient.netty.handler.HttpHandler - 

Request DefaultFullHttpRequest(decodeResult: success, version: HTTP/1.1, content: EmptyByteBufBE)
GET /session/b87234453080d97d371b7a992190bcfb/url HTTP/1.1
User-Agent: selenium/4.8.1 (java windows)
Cache-Control: no-cache
Content-Type: application/json; charset=utf-8
host: localhost:7996
accept: */*

Response DefaultHttpResponse(decodeResult: success, version: HTTP/1.1)
HTTP/1.1 200 OK
Content-Length: 54
Content-Type: application/json; charset=utf-8
cache-control: no-cache

19:04:30.072 [AsyncHttpClient-1-2] DEBUG org.asynchttpclient.netty.channel.ChannelManager - Adding key: http://localhost:7996 for channel [id: 0x5bb68fbe, L:/127.0.0.1:61445 - R:localhost/127.0.0.1:7996]
19:04:30.073 [Forwarding screenshot on session b87234453080d97d371b7a992190bcfb to remote] DEBUG org.asynchttpclient.netty.request.NettyRequestSender - Using pooled Channel '[id: 0x5bb68fbe, L:/127.0.0.1:61445 - R:localhost/127.0.0.1:7996]' for 'GET' to 'http://localhost:7996/session/b87234453080d97d371b7a992190bcfb/screenshot'
19:04:30.073 [Forwarding screenshot on session b87234453080d97d371b7a992190bcfb to remote] DEBUG org.asynchttpclient.netty.request.NettyRequestSender - Using open Channel [id: 0x5bb68fbe, L:/127.0.0.1:61445 - R:localhost/127.0.0.1:7996] for GET '/session/b87234453080d97d371b7a992190bcfb/screenshot'
19:04:30.175 [AsyncHttpClient-1-2] DEBUG org.asynchttpclient.netty.handler.HttpHandler - 

Request DefaultFullHttpRequest(decodeResult: success, version: HTTP/1.1, content: EmptyByteBufBE)
GET /session/b87234453080d97d371b7a992190bcfb/screenshot HTTP/1.1
User-Agent: selenium/4.8.1 (java windows)
Cache-Control: no-cache
Content-Type: application/json; charset=utf-8
host: localhost:7996
accept: */*

Response DefaultHttpResponse(decodeResult: success, version: HTTP/1.1)
HTTP/1.1 200 OK
Content-Length: 36520
Content-Type: application/json; charset=utf-8
cache-control: no-cache

19:04:30.175 [AsyncHttpClient-1-2] DEBUG org.asynchttpclient.netty.channel.ChannelManager - Adding key: http://localhost:7996 for channel [id: 0x5bb68fbe, L:/127.0.0.1:61445 - R:localhost/127.0.0.1:7996]
19:04:30.178 [main] DEBUG net.serenitybdd.core.photography.Darkroom - Send negative for processing for target\site\serenity\d7ef6933f38e6e16be1e8ae23f5762caca4060ead5dc5b36519a1c68a37d9c55.png
19:04:30.179 [Darkroom Processing Line] DEBUG net.serenitybdd.core.photography.DarkroomProcessingLine - Processing screenshot image in /var/screenshots/screenshot-3173768214189390652
19:04:30.179 [Darkroom Processing Line] DEBUG net.serenitybdd.core.photography.DarkroomProcessingLine - Saving screenshot to target\site\serenity\d7ef6933f38e6e16be1e8ae23f5762caca4060ead5dc5b36519a1c68a37d9c55.png
19:04:30.180 [Forwarding getPageSource on session b87234453080d97d371b7a992190bcfb to remote] DEBUG org.asynchttpclient.netty.request.NettyRequestSender - Using pooled Channel '[id: 0x5bb68fbe, L:/127.0.0.1:61445 - R:localhost/127.0.0.1:7996]' for 'POST' to 'http://localhost:7996/session/b87234453080d97d371b7a992190bcfb/execute/sync'
19:04:30.180 [Forwarding getPageSource on session b87234453080d97d371b7a992190bcfb to remote] DEBUG org.asynchttpclient.netty.request.NettyRequestSender - Using open Channel [id: 0x5bb68fbe, L:/127.0.0.1:61445 - R:localhost/127.0.0.1:7996] for POST '/session/b87234453080d97d371b7a992190bcfb/execute/sync'
19:04:30.185 [AsyncHttpClient-1-2] DEBUG org.asynchttpclient.netty.handler.HttpHandler - 

Request DefaultHttpRequest(decodeResult: success, version: HTTP/1.1)
POST /session/b87234453080d97d371b7a992190bcfb/execute/sync HTTP/1.1
User-Agent: selenium/4.8.1 (java windows)
Content-Length: 176
Content-Type: application/json; charset=utf-8
host: localhost:7996
accept: */*

Response DefaultHttpResponse(decodeResult: success, version: HTTP/1.1)
HTTP/1.1 200 OK
Content-Length: 22834
Content-Type: application/json; charset=utf-8
cache-control: no-cache

19:04:30.185 [AsyncHttpClient-1-2] DEBUG org.asynchttpclient.netty.channel.ChannelManager - Adding key: http://localhost:7996 for channel [id: 0x5bb68fbe, L:/127.0.0.1:61445 - R:localhost/127.0.0.1:7996]
19:04:30.187 [Forwarding getCurrentUrl on session b87234453080d97d371b7a992190bcfb to remote] DEBUG org.asynchttpclient.netty.request.NettyRequestSender - Using pooled Channel '[id: 0x5bb68fbe, L:/127.0.0.1:61445 - R:localhost/127.0.0.1:7996]' for 'GET' to 'http://localhost:7996/session/b87234453080d97d371b7a992190bcfb/url'
19:04:30.187 [Forwarding getCurrentUrl on session b87234453080d97d371b7a992190bcfb to remote] DEBUG org.asynchttpclient.netty.request.NettyRequestSender - Using open Channel [id: 0x5bb68fbe, L:/127.0.0.1:61445 - R:localhost/127.0.0.1:7996] for GET '/session/b87234453080d97d371b7a992190bcfb/url'
19:04:30.190 [AsyncHttpClient-1-2] DEBUG org.asynchttpclient.netty.handler.HttpHandler - 

Request DefaultFullHttpRequest(decodeResult: success, version: HTTP/1.1, content: EmptyByteBufBE)
GET /session/b87234453080d97d371b7a992190bcfb/url HTTP/1.1
User-Agent: selenium/4.8.1 (java windows)
Cache-Control: no-cache
Content-Type: application/json; charset=utf-8
host: localhost:7996
accept: */*

Response DefaultHttpResponse(decodeResult: success, version: HTTP/1.1)
HTTP/1.1 200 OK
Content-Length: 54
Content-Type: application/json; charset=utf-8
cache-control: no-cache

19:04:30.190 [AsyncHttpClient-1-2] DEBUG org.asynchttpclient.netty.channel.ChannelManager - Adding key: http://localhost:7996 for channel [id: 0x5bb68fbe, L:/127.0.0.1:61445 - R:localhost/127.0.0.1:7996]
19:04:30.193 [main] DEBUG net.thucydides.core.steps.StepInterceptor - STARTING STEP: RegisterSteps.validateOnLoginPage - validateOnLoginPage
19:04:30.194 [Forwarding findElement on session b87234453080d97d371b7a992190bcfb to remote] DEBUG org.asynchttpclient.netty.request.NettyRequestSender - Using pooled Channel '[id: 0x5bb68fbe, L:/127.0.0.1:61445 - R:localhost/127.0.0.1:7996]' for 'POST' to 'http://localhost:7996/session/b87234453080d97d371b7a992190bcfb/element'
19:04:30.194 [Forwarding findElement on session b87234453080d97d371b7a992190bcfb to remote] DEBUG org.asynchttpclient.netty.request.NettyRequestSender - Using open Channel [id: 0x5bb68fbe, L:/127.0.0.1:61445 - R:localhost/127.0.0.1:7996] for POST '/session/b87234453080d97d371b7a992190bcfb/element'
19:04:30.628 [AsyncHttpClient-1-1] DEBUG org.asynchttpclient.netty.channel.DefaultChannelPool - Entry count for : http://localhost:61447 : 1
19:04:31.134 [AsyncHttpClient-1-2] DEBUG org.asynchttpclient.netty.handler.HttpHandler - 

Request DefaultHttpRequest(decodeResult: success, version: HTTP/1.1)
POST /session/b87234453080d97d371b7a992190bcfb/element HTTP/1.1
User-Agent: selenium/4.8.1 (java windows)
Content-Length: 71
Content-Type: application/json; charset=utf-8
host: localhost:7996
accept: */*

Response DefaultHttpResponse(decodeResult: success, version: HTTP/1.1)
HTTP/1.1 200 OK
Content-Length: 88
Content-Type: application/json; charset=utf-8
cache-control: no-cache

19:04:31.134 [AsyncHttpClient-1-2] DEBUG org.asynchttpclient.netty.channel.ChannelManager - Adding key: http://localhost:7996 for channel [id: 0x5bb68fbe, L:/127.0.0.1:61445 - R:localhost/127.0.0.1:7996]
19:04:31.140 [Forwarding isElementDisplayed on session b87234453080d97d371b7a992190bcfb to remote] DEBUG org.asynchttpclient.netty.request.NettyRequestSender - Using pooled Channel '[id: 0x5bb68fbe, L:/127.0.0.1:61445 - R:localhost/127.0.0.1:7996]' for 'POST' to 'http://localhost:7996/session/b87234453080d97d371b7a992190bcfb/execute/sync'
19:04:31.140 [Forwarding isElementDisplayed on session b87234453080d97d371b7a992190bcfb to remote] DEBUG org.asynchttpclient.netty.request.NettyRequestSender - Using open Channel [id: 0x5bb68fbe, L:/127.0.0.1:61445 - R:localhost/127.0.0.1:7996] for POST '/session/b87234453080d97d371b7a992190bcfb/execute/sync'
19:04:31.150 [AsyncHttpClient-1-2] DEBUG org.asynchttpclient.netty.handler.HttpHandler - 

Request DefaultHttpRequest(decodeResult: success, version: HTTP/1.1)
POST /session/b87234453080d97d371b7a992190bcfb/execute/sync HTTP/1.1
User-Agent: selenium/4.8.1 (java windows)
Content-Length: 48807
Content-Type: application/json; charset=utf-8
host: localhost:7996
accept: */*

Response DefaultHttpResponse(decodeResult: success, version: HTTP/1.1)
HTTP/1.1 200 OK
Content-Length: 14
Content-Type: application/json; charset=utf-8
cache-control: no-cache

19:04:31.150 [AsyncHttpClient-1-2] DEBUG org.asynchttpclient.netty.channel.ChannelManager - Adding key: http://localhost:7996 for channel [id: 0x5bb68fbe, L:/127.0.0.1:61445 - R:localhost/127.0.0.1:7996]
19:04:31.153 [Forwarding getAlertText on session b87234453080d97d371b7a992190bcfb to remote] DEBUG org.asynchttpclient.netty.request.NettyRequestSender - Using pooled Channel '[id: 0x5bb68fbe, L:/127.0.0.1:61445 - R:localhost/127.0.0.1:7996]' for 'GET' to 'http://localhost:7996/session/b87234453080d97d371b7a992190bcfb/alert/text'
19:04:31.153 [Forwarding getAlertText on session b87234453080d97d371b7a992190bcfb to remote] DEBUG org.asynchttpclient.netty.request.NettyRequestSender - Using open Channel [id: 0x5bb68fbe, L:/127.0.0.1:61445 - R:localhost/127.0.0.1:7996] for GET '/session/b87234453080d97d371b7a992190bcfb/alert/text'
19:04:31.155 [AsyncHttpClient-1-2] DEBUG org.asynchttpclient.netty.handler.HttpHandler - 

Request DefaultFullHttpRequest(decodeResult: success, version: HTTP/1.1, content: EmptyByteBufBE)
GET /session/b87234453080d97d371b7a992190bcfb/alert/text HTTP/1.1
User-Agent: selenium/4.8.1 (java windows)
Cache-Control: no-cache
Content-Type: application/json; charset=utf-8
host: localhost:7996
accept: */*

Response DefaultHttpResponse(decodeResult: success, version: HTTP/1.1)
HTTP/1.1 404 Not Found
Content-Length: 836
Content-Type: application/json; charset=utf-8
cache-control: no-cache

19:04:31.155 [AsyncHttpClient-1-2] DEBUG org.asynchttpclient.netty.channel.ChannelManager - Adding key: http://localhost:7996 for channel [id: 0x5bb68fbe, L:/127.0.0.1:61445 - R:localhost/127.0.0.1:7996]
19:04:31.156 [Forwarding getCurrentUrl on session b87234453080d97d371b7a992190bcfb to remote] DEBUG org.asynchttpclient.netty.request.NettyRequestSender - Using pooled Channel '[id: 0x5bb68fbe, L:/127.0.0.1:61445 - R:localhost/127.0.0.1:7996]' for 'GET' to 'http://localhost:7996/session/b87234453080d97d371b7a992190bcfb/url'
19:04:31.156 [Forwarding getCurrentUrl on session b87234453080d97d371b7a992190bcfb to remote] DEBUG org.asynchttpclient.netty.request.NettyRequestSender - Using open Channel [id: 0x5bb68fbe, L:/127.0.0.1:61445 - R:localhost/127.0.0.1:7996] for GET '/session/b87234453080d97d371b7a992190bcfb/url'
19:04:31.159 [AsyncHttpClient-1-2] DEBUG org.asynchttpclient.netty.handler.HttpHandler - 

Request DefaultFullHttpRequest(decodeResult: success, version: HTTP/1.1, content: EmptyByteBufBE)
GET /session/b87234453080d97d371b7a992190bcfb/url HTTP/1.1
User-Agent: selenium/4.8.1 (java windows)
Cache-Control: no-cache
Content-Type: application/json; charset=utf-8
host: localhost:7996
accept: */*

Response DefaultHttpResponse(decodeResult: success, version: HTTP/1.1)
HTTP/1.1 200 OK
Content-Length: 51
Content-Type: application/json; charset=utf-8
cache-control: no-cache

19:04:31.160 [AsyncHttpClient-1-2] DEBUG org.asynchttpclient.netty.channel.ChannelManager - Adding key: http://localhost:7996 for channel [id: 0x5bb68fbe, L:/127.0.0.1:61445 - R:localhost/127.0.0.1:7996]
19:04:31.161 [Forwarding screenshot on session b87234453080d97d371b7a992190bcfb to remote] DEBUG org.asynchttpclient.netty.request.NettyRequestSender - Using pooled Channel '[id: 0x5bb68fbe, L:/127.0.0.1:61445 - R:localhost/127.0.0.1:7996]' for 'GET' to 'http://localhost:7996/session/b87234453080d97d371b7a992190bcfb/screenshot'
19:04:31.161 [Forwarding screenshot on session b87234453080d97d371b7a992190bcfb to remote] DEBUG org.asynchttpclient.netty.request.NettyRequestSender - Using open Channel [id: 0x5bb68fbe, L:/127.0.0.1:61445 - R:localhost/127.0.0.1:7996] for GET '/session/b87234453080d97d371b7a992190bcfb/screenshot'
19:04:31.223 [AsyncHttpClient-1-2] DEBUG org.asynchttpclient.netty.handler.HttpHandler - 

Request DefaultFullHttpRequest(decodeResult: success, version: HTTP/1.1, content: EmptyByteBufBE)
GET /session/b87234453080d97d371b7a992190bcfb/screenshot HTTP/1.1
User-Agent: selenium/4.8.1 (java windows)
Cache-Control: no-cache
Content-Type: application/json; charset=utf-8
host: localhost:7996
accept: */*

Response DefaultHttpResponse(decodeResult: success, version: HTTP/1.1)
HTTP/1.1 200 OK
Content-Length: 25208
Content-Type: application/json; charset=utf-8
cache-control: no-cache

19:04:31.224 [AsyncHttpClient-1-2] DEBUG org.asynchttpclient.netty.channel.ChannelManager - Adding key: http://localhost:7996 for channel [id: 0x5bb68fbe, L:/127.0.0.1:61445 - R:localhost/127.0.0.1:7996]
19:04:31.226 [main] DEBUG net.serenitybdd.core.photography.Darkroom - Send negative for processing for target\site\serenity\edb14d4aab401efa0e4fb99861e6ffcafebc86a67b69f7828890b9910ed2ddbd.png
19:04:31.226 [main] DEBUG net.thucydides.core.steps.StepInterceptor - STEP DONE: validateOnLoginPage
  &amp#27;[32mThen &amp#27;[0m&amp#27;[32mI should be redirected to login page&amp#27;[0m &amp#27;[90m# starter.stepdefinitions.RegisterSteps.validateOnLoginPage()&amp#27;[0m
19:04:31.232 [main] INFO  - 
  _____   ___   ___   _____     ___     _     ___   ___   ___   ___  
 |_   _| | __| / __| |_   _|   | _ \   /_\   / __| / __| | __| |   \ 
   | |   | _|  \__ \   | |     |  _/  / _ \  \__ \ \__ \ | _|  | |) |
   |_|   |___| |___/   |_|     |_|   /_/ \_\ |___/ |___/ |___| |___/ 

Register with valid data
----------------------------------------------------------------------
19:04:31.265 [Driver Command Executor] DEBUG org.asynchttpclient.netty.request.NettyRequestSender - Using pooled Channel '[id: 0x5bb68fbe, L:/127.0.0.1:61445 - R:localhost/127.0.0.1:7996]' for 'DELETE' to 'http://localhost:7996/session/b87234453080d97d371b7a992190bcfb'
19:04:31.266 [Driver Command Executor] DEBUG org.asynchttpclient.netty.request.NettyRequestSender - Using open Channel [id: 0x5bb68fbe, L:/127.0.0.1:61445 - R:localhost/127.0.0.1:7996] for DELETE '/session/b87234453080d97d371b7a992190bcfb'
19:04:31.269 [AsyncHttpClient-1-4] DEBUG org.asynchttpclient.netty.handler.WebSocketHandler - Channel Closed: [id: 0x0f0a0526, L:/127.0.0.1:61454 ! R:localhost/127.0.0.1:61447] with attribute NettyResponseFuture{currentRetry=0,
	isDone=1,
	isCancelled=0,
	asyncHandler=org.asynchttpclient.ws.WebSocketUpgradeHandler@42617985,
	nettyRequest=org.asynchttpclient.netty.request.NettyRequest@575b8160,
	future=java.util.concurrent.CompletableFuture@70672ef9[Completed normally],
	uri=ws://localhost:61447/devtools/browser/9a08c10e-ebe9-4c2e-bb44-081d317af911,
	keepAlive=true,
	redirectCount=0,
	timeoutsHolder=null,
	inAuth=0,
	touch=1683547442171}
19:04:31.269 [AsyncHttpClient-1-4] DEBUG org.asynchttpclient.netty.channel.ChannelManager - Closing Channel [id: 0x0f0a0526, L:/127.0.0.1:61454 ! R:localhost/127.0.0.1:61447] 
19:04:31.299 [AsyncHttpClient-1-3] DEBUG org.asynchttpclient.netty.handler.HttpHandler - Unexpected I/O exception on channel [id: 0xeba73963, L:/127.0.0.1:61453 - R:localhost/127.0.0.1:61447]
java.net.SocketException: Connection reset
	at java.base/sun.nio.ch.SocketChannelImpl.throwConnectionReset(SocketChannelImpl.java:367)
	at java.base/sun.nio.ch.SocketChannelImpl.read(SocketChannelImpl.java:398)
	at io.netty.buffer.PooledByteBuf.setBytes(PooledByteBuf.java:259)
	at io.netty.buffer.AbstractByteBuf.writeBytes(AbstractByteBuf.java:1132)
	at io.netty.channel.socket.nio.NioSocketChannel.doReadBytes(NioSocketChannel.java:357)
	at io.netty.channel.nio.AbstractNioByteChannel$NioByteUnsafe.read(AbstractNioByteChannel.java:151)
	at io.netty.channel.nio.NioEventLoop.processSelectedKey(NioEventLoop.java:788)
	at io.netty.channel.nio.NioEventLoop.processSelectedKeysOptimized(NioEventLoop.java:724)
	at io.netty.channel.nio.NioEventLoop.processSelectedKeys(NioEventLoop.java:650)
	at io.netty.channel.nio.NioEventLoop.run(NioEventLoop.java:562)
	at io.netty.util.concurrent.SingleThreadEventExecutor$4.run(SingleThreadEventExecutor.java:997)
	at io.netty.util.internal.ThreadExecutorMap$2.run(ThreadExecutorMap.java:74)
	at io.netty.util.concurrent.FastThreadLocalRunnable.run(FastThreadLocalRunnable.java:30)
	at java.base/java.lang.Thread.run(Thread.java:832)
19:04:31.300 [AsyncHttpClient-1-3] DEBUG org.asynchttpclient.netty.channel.ChannelManager - Closing Channel [id: 0xeba73963, L:/127.0.0.1:61453 - R:localhost/127.0.0.1:61447] 
19:04:31.302 [AsyncHttpClient-1-3] DEBUG org.asynchttpclient.netty.handler.HttpHandler - Channel Closed: [id: 0xeba73963, L:/127.0.0.1:61453 ! R:localhost/127.0.0.1:61447] with attribute DISCARD
19:04:31.312 [AsyncHttpClient-1-2] DEBUG org.asynchttpclient.netty.handler.HttpHandler - 

Request DefaultFullHttpRequest(decodeResult: success, version: HTTP/1.1, content: EmptyByteBufBE)
DELETE /session/b87234453080d97d371b7a992190bcfb HTTP/1.1
User-Agent: selenium/4.8.1 (java windows)
Content-Type: application/json; charset=utf-8
host: localhost:7996
accept: */*

Response DefaultHttpResponse(decodeResult: success, version: HTTP/1.1)
HTTP/1.1 200 OK
Content-Length: 14
Content-Type: application/json; charset=utf-8
cache-control: no-cache

19:04:31.312 [AsyncHttpClient-1-2] DEBUG org.asynchttpclient.netty.channel.ChannelManager - Adding key: http://localhost:7996 for channel [id: 0x5bb68fbe, L:/127.0.0.1:61445 - R:localhost/127.0.0.1:7996]
19:04:31.418 [AsyncHttpClient-1-2] DEBUG org.asynchttpclient.netty.handler.HttpHandler - Channel Closed: [id: 0x5bb68fbe, L:/127.0.0.1:61445 ! R:localhost/127.0.0.1:7996] with attribute DISCARD
19:04:31.728 [AsyncHttpClient-1-1] DEBUG org.asynchttpclient.netty.channel.DefaultChannelPool - Entry count for : http://localhost:7996 : 1
19:04:31.728 [AsyncHttpClient-1-1] DEBUG org.asynchttpclient.netty.channel.DefaultChannelPool - Entry count for : http://localhost:61447 : 1
19:04:31.728 [AsyncHttpClient-1-1] DEBUG org.asynchttpclient.netty.channel.DefaultChannelPool - Adding Candidate expired Channel [id: 0x5bb68fbe, L:/127.0.0.1:61445 ! R:localhost/127.0.0.1:7996] isIdleTimeoutExpired=false isRemotelyClosed=true isTtlExpired=false
19:04:31.728 [AsyncHttpClient-1-1] DEBUG org.asynchttpclient.netty.channel.DefaultChannelPool - Closing Idle Channel [id: 0x5bb68fbe, L:/127.0.0.1:61445 ! R:localhost/127.0.0.1:7996]
19:04:31.728 [AsyncHttpClient-1-1] DEBUG org.asynchttpclient.netty.channel.DefaultChannelPool - Adding Candidate expired Channel [id: 0xeba73963, L:/127.0.0.1:61453 ! R:localhost/127.0.0.1:61447] isIdleTimeoutExpired=false isRemotelyClosed=true isTtlExpired=false
19:04:31.728 [AsyncHttpClient-1-1] DEBUG org.asynchttpclient.netty.channel.DefaultChannelPool - Closing Idle Channel [id: 0xeba73963, L:/127.0.0.1:61453 ! R:localhost/127.0.0.1:61447]
19:04:31.728 [AsyncHttpClient-1-1] DEBUG org.asynchttpclient.netty.channel.DefaultChannelPool - Closed 2 connections out of 2 in 0 ms
]]></system-out>
    <system-err><![CDATA[Starting ChromeDriver 111.0.5563.64 (c710e93d5b63b7095afe8c2c17df34408078439d-refs/branch-heads/5563@{#995}) on port 7996
Only local connections are allowed.
Please see https://chromedriver.chromium.org/security-considerations for suggestions on keeping ChromeDriver safe.
ChromeDriver was started successfully.
[1683547442.057][WARNING]: This version of ChromeDriver has not been tested with Chrome version 112.
May 08, 2023 7:04:02 PM org.openqa.selenium.devtools.CdpVersionFinder findNearestMatch
WARNING: Unable to find an exact match for CDP version 112, so returning the closest version found: 110
]]></system-err>
  </testcase>
  <testcase name="Register without fill the fullname" classname="Register to Alta-shop Account" time="8.771">
    <system-out><![CDATA[
Scenario: Register without fill the fullname   &amp#27;[90m# src/test/resources/features/1. Register.feature:16&amp#27;[0m
19:04:31.963 [main] DEBUG io.cucumber.core.plugin.SerenityReporter - Running feature from file:///C:/Users/WINDOWS%2010/Documents/GitHub/MiniProject_QE/Web/code/minpro/src/test/resources/features/1.%20Register.feature
19:04:31.968 [main] INFO  - 
  _____   ___   ___   _____     ___   _____     _     ___   _____   ___   ___  
 |_   _| | __| / __| |_   _|   / __| |_   _|   /_\   | _ \ |_   _| | __| |   \ 
   | |   | _|  \__ \   | |     \__ \   | |    / _ \  |   /   | |   | _|  | |) |
   |_|   |___| |___/   |_|     |___/   |_|   /_/ \_\ |_|_\   |_|   |___| |___/ 

Register without fill the fullname(register-to-alta-shop-account;register-without-fill-the-fullname)
--------------------------------------------------------------------------------
19:04:32.011 [main] DEBUG net.thucydides.core.steps.StepInterceptor - STARTING STEP: LoginSteps.onTheLoginPage - openPage
19:04:32.071 [main] INFO net.serenitybdd.core.webdriver.driverproviders.ChromeDriverProvider - Starting Chrome driver instance with capabilities:
19:04:32.071 [main] INFO net.serenitybdd.core.webdriver.driverproviders.ChromeDriverProvider - Capabilities {acceptInsecureCerts: false, browserName: chrome, goog:chromeOptions: {args: [remote-allow-origins=*], extensions: []}}
19:04:32.665 [AsyncHttpClient-1-5] DEBUG org.asynchttpclient.netty.channel.NettyConnectListener - Using new Channel '[id: 0x14a54eed, L:/127.0.0.1:61535 - R:localhost/127.0.0.1:43439]' for 'POST' to '/session'
19:04:33.327 [AsyncHttpClient-1-5] DEBUG org.asynchttpclient.netty.handler.HttpHandler - 

Request DefaultHttpRequest(decodeResult: success, version: HTTP/1.1)
POST /session HTTP/1.1
User-Agent: selenium/4.8.1 (java windows)
Content-Length: 507
Content-Type: application/json; charset=utf-8
host: localhost:43439
accept: */*

Response DefaultHttpResponse(decodeResult: success, version: HTTP/1.1)
HTTP/1.1 200 OK
Content-Length: 861
Content-Type: application/json; charset=utf-8
cache-control: no-cache

19:04:33.327 [AsyncHttpClient-1-5] DEBUG org.asynchttpclient.netty.channel.ChannelManager - Adding key: http://localhost:43439 for channel [id: 0x14a54eed, L:/127.0.0.1:61535 - R:localhost/127.0.0.1:43439]
19:04:33.335 [AsyncHttpClient-1-6] DEBUG org.asynchttpclient.netty.channel.NettyConnectListener - Using new Channel '[id: 0xafc4e2c4, L:/127.0.0.1:61544 - R:localhost/127.0.0.1:61537]' for 'GET' to '/json/version'
19:04:33.336 [AsyncHttpClient-1-6] DEBUG org.asynchttpclient.netty.handler.HttpHandler - 

Request DefaultFullHttpRequest(decodeResult: success, version: HTTP/1.1, content: EmptyByteBufBE)
GET /json/version HTTP/1.1
User-Agent: selenium/4.8.1 (java windows)
host: localhost:61537
accept: */*

Response DefaultHttpResponse(decodeResult: success, version: HTTP/1.1)
HTTP/1.1 200 OK
Content-Security-Policy: frame-ancestors 'none'
Content-Length: 424
Content-Type: application/json; charset=UTF-8

19:04:33.336 [AsyncHttpClient-1-6] DEBUG org.asynchttpclient.netty.channel.ChannelManager - Adding key: http://localhost:61537 for channel [id: 0xafc4e2c4, L:/127.0.0.1:61544 - R:localhost/127.0.0.1:61537]
19:04:33.339 [AsyncHttpClient-1-7] DEBUG org.asynchttpclient.netty.channel.NettyConnectListener - Using new Channel '[id: 0x3f196875, L:/127.0.0.1:61545 - R:localhost/127.0.0.1:61537]' for 'GET' to '/devtools/browser/846b4f89-03a5-4b0b-9cf2-b4fe8bdc1535'
19:04:33.341 [AsyncHttpClient-1-7] DEBUG org.asynchttpclient.netty.handler.WebSocketHandler - 

Request DefaultFullHttpRequest(decodeResult: success, version: HTTP/1.1, content: EmptyByteBufBE)
GET /devtools/browser/846b4f89-03a5-4b0b-9cf2-b4fe8bdc1535 HTTP/1.1
upgrade: websocket
connection: upgrade
sec-websocket-key: 1pwhiG/HitNUzGKJ9JCOmQ==
sec-websocket-version: 13
origin: http://localhost:61537
host: localhost:61537
accept: */*
user-agent: AHC/2.1

Response DefaultHttpResponse(decodeResult: success, version: HTTP/1.1)
HTTP/1.1 101 WebSocket Protocol Handshake
Upgrade: WebSocket
Connection: Upgrade
Sec-WebSocket-Accept: gPp5ZniJwxlNn5QHxmKWbwAYLZg=

19:04:33.344 [Forwarding get on session b28b8d813f63f300acef29c63d1a0b0a to remote] DEBUG org.asynchttpclient.netty.request.NettyRequestSender - Using pooled Channel '[id: 0x14a54eed, L:/127.0.0.1:61535 - R:localhost/127.0.0.1:43439]' for 'POST' to 'http://localhost:43439/session/b28b8d813f63f300acef29c63d1a0b0a/url'
19:04:33.344 [Forwarding get on session b28b8d813f63f300acef29c63d1a0b0a to remote] DEBUG org.asynchttpclient.netty.request.NettyRequestSender - Using open Channel [id: 0x14a54eed, L:/127.0.0.1:61535 - R:localhost/127.0.0.1:43439] for POST '/session/b28b8d813f63f300acef29c63d1a0b0a/url'
19:04:33.929 [AsyncHttpClient-1-1] DEBUG org.asynchttpclient.netty.channel.DefaultChannelPool - Entry count for : http://localhost:61537 : 1
19:04:35.030 [AsyncHttpClient-1-1] DEBUG org.asynchttpclient.netty.channel.DefaultChannelPool - Entry count for : http://localhost:61537 : 1
19:04:36.134 [AsyncHttpClient-1-1] DEBUG org.asynchttpclient.netty.channel.DefaultChannelPool - Entry count for : http://localhost:61537 : 1
19:04:37.231 [AsyncHttpClient-1-1] DEBUG org.asynchttpclient.netty.channel.DefaultChannelPool - Entry count for : http://localhost:61537 : 1
19:04:37.425 [AsyncHttpClient-1-5] DEBUG org.asynchttpclient.netty.handler.HttpHandler - 

Request DefaultHttpRequest(decodeResult: success, version: HTTP/1.1)
POST /session/b28b8d813f63f300acef29c63d1a0b0a/url HTTP/1.1
User-Agent: selenium/4.8.1 (java windows)
Content-Length: 74
Content-Type: application/json; charset=utf-8
host: localhost:43439
accept: */*

Response DefaultHttpResponse(decodeResult: success, version: HTTP/1.1)
HTTP/1.1 200 OK
Content-Length: 14
Content-Type: application/json; charset=utf-8
cache-control: no-cache

19:04:37.425 [AsyncHttpClient-1-5] DEBUG org.asynchttpclient.netty.channel.ChannelManager - Adding key: http://localhost:43439 for channel [id: 0x14a54eed, L:/127.0.0.1:61535 - R:localhost/127.0.0.1:43439]
19:04:37.426 [Forwarding setTimeout on session b28b8d813f63f300acef29c63d1a0b0a to remote] DEBUG org.asynchttpclient.netty.request.NettyRequestSender - Using pooled Channel '[id: 0x14a54eed, L:/127.0.0.1:61535 - R:localhost/127.0.0.1:43439]' for 'POST' to 'http://localhost:43439/session/b28b8d813f63f300acef29c63d1a0b0a/timeouts'
19:04:37.426 [Forwarding setTimeout on session b28b8d813f63f300acef29c63d1a0b0a to remote] DEBUG org.asynchttpclient.netty.request.NettyRequestSender - Using open Channel [id: 0x14a54eed, L:/127.0.0.1:61535 - R:localhost/127.0.0.1:43439] for POST '/session/b28b8d813f63f300acef29c63d1a0b0a/timeouts'
19:04:37.427 [AsyncHttpClient-1-5] DEBUG org.asynchttpclient.netty.handler.HttpHandler - 

Request DefaultHttpRequest(decodeResult: success, version: HTTP/1.1)
POST /session/b28b8d813f63f300acef29c63d1a0b0a/timeouts HTTP/1.1
User-Agent: selenium/4.8.1 (java windows)
Content-Length: 22
Content-Type: application/json; charset=utf-8
host: localhost:43439
accept: */*

Response DefaultHttpResponse(decodeResult: success, version: HTTP/1.1)
HTTP/1.1 200 OK
Content-Length: 14
Content-Type: application/json; charset=utf-8
cache-control: no-cache

19:04:37.427 [AsyncHttpClient-1-5] DEBUG org.asynchttpclient.netty.channel.ChannelManager - Adding key: http://localhost:43439 for channel [id: 0x14a54eed, L:/127.0.0.1:61535 - R:localhost/127.0.0.1:43439]
19:04:37.432 [Forwarding getAlertText on session b28b8d813f63f300acef29c63d1a0b0a to remote] DEBUG org.asynchttpclient.netty.request.NettyRequestSender - Using pooled Channel '[id: 0x14a54eed, L:/127.0.0.1:61535 - R:localhost/127.0.0.1:43439]' for 'GET' to 'http://localhost:43439/session/b28b8d813f63f300acef29c63d1a0b0a/alert/text'
19:04:37.432 [Forwarding getAlertText on session b28b8d813f63f300acef29c63d1a0b0a to remote] DEBUG org.asynchttpclient.netty.request.NettyRequestSender - Using open Channel [id: 0x14a54eed, L:/127.0.0.1:61535 - R:localhost/127.0.0.1:43439] for GET '/session/b28b8d813f63f300acef29c63d1a0b0a/alert/text'
19:04:37.434 [AsyncHttpClient-1-5] DEBUG org.asynchttpclient.netty.handler.HttpHandler - 

Request DefaultFullHttpRequest(decodeResult: success, version: HTTP/1.1, content: EmptyByteBufBE)
GET /session/b28b8d813f63f300acef29c63d1a0b0a/alert/text HTTP/1.1
User-Agent: selenium/4.8.1 (java windows)
Cache-Control: no-cache
Content-Type: application/json; charset=utf-8
host: localhost:43439
accept: */*

Response DefaultHttpResponse(decodeResult: success, version: HTTP/1.1)
HTTP/1.1 404 Not Found
Content-Length: 836
Content-Type: application/json; charset=utf-8
cache-control: no-cache

19:04:37.434 [AsyncHttpClient-1-5] DEBUG org.asynchttpclient.netty.channel.ChannelManager - Adding key: http://localhost:43439 for channel [id: 0x14a54eed, L:/127.0.0.1:61535 - R:localhost/127.0.0.1:43439]
19:04:37.435 [Forwarding getCurrentUrl on session b28b8d813f63f300acef29c63d1a0b0a to remote] DEBUG org.asynchttpclient.netty.request.NettyRequestSender - Using pooled Channel '[id: 0x14a54eed, L:/127.0.0.1:61535 - R:localhost/127.0.0.1:43439]' for 'GET' to 'http://localhost:43439/session/b28b8d813f63f300acef29c63d1a0b0a/url'
19:04:37.435 [Forwarding getCurrentUrl on session b28b8d813f63f300acef29c63d1a0b0a to remote] DEBUG org.asynchttpclient.netty.request.NettyRequestSender - Using open Channel [id: 0x14a54eed, L:/127.0.0.1:61535 - R:localhost/127.0.0.1:43439] for GET '/session/b28b8d813f63f300acef29c63d1a0b0a/url'
19:04:37.439 [AsyncHttpClient-1-5] DEBUG org.asynchttpclient.netty.handler.HttpHandler - 

Request DefaultFullHttpRequest(decodeResult: success, version: HTTP/1.1, content: EmptyByteBufBE)
GET /session/b28b8d813f63f300acef29c63d1a0b0a/url HTTP/1.1
User-Agent: selenium/4.8.1 (java windows)
Cache-Control: no-cache
Content-Type: application/json; charset=utf-8
host: localhost:43439
accept: */*

Response DefaultHttpResponse(decodeResult: success, version: HTTP/1.1)
HTTP/1.1 200 OK
Content-Length: 51
Content-Type: application/json; charset=utf-8
cache-control: no-cache

19:04:37.439 [AsyncHttpClient-1-5] DEBUG org.asynchttpclient.netty.channel.ChannelManager - Adding key: http://localhost:43439 for channel [id: 0x14a54eed, L:/127.0.0.1:61535 - R:localhost/127.0.0.1:43439]
19:04:37.440 [Forwarding screenshot on session b28b8d813f63f300acef29c63d1a0b0a to remote] DEBUG org.asynchttpclient.netty.request.NettyRequestSender - Using pooled Channel '[id: 0x14a54eed, L:/127.0.0.1:61535 - R:localhost/127.0.0.1:43439]' for 'GET' to 'http://localhost:43439/session/b28b8d813f63f300acef29c63d1a0b0a/screenshot'
19:04:37.440 [Forwarding screenshot on session b28b8d813f63f300acef29c63d1a0b0a to remote] DEBUG org.asynchttpclient.netty.request.NettyRequestSender - Using open Channel [id: 0x14a54eed, L:/127.0.0.1:61535 - R:localhost/127.0.0.1:43439] for GET '/session/b28b8d813f63f300acef29c63d1a0b0a/screenshot'
19:04:37.516 [AsyncHttpClient-1-5] DEBUG org.asynchttpclient.netty.handler.HttpHandler - 

Request DefaultFullHttpRequest(decodeResult: success, version: HTTP/1.1, content: EmptyByteBufBE)
GET /session/b28b8d813f63f300acef29c63d1a0b0a/screenshot HTTP/1.1
User-Agent: selenium/4.8.1 (java windows)
Cache-Control: no-cache
Content-Type: application/json; charset=utf-8
host: localhost:43439
accept: */*

Response DefaultHttpResponse(decodeResult: success, version: HTTP/1.1)
HTTP/1.1 200 OK
Content-Length: 25208
Content-Type: application/json; charset=utf-8
cache-control: no-cache

19:04:37.517 [AsyncHttpClient-1-5] DEBUG org.asynchttpclient.netty.channel.ChannelManager - Adding key: http://localhost:43439 for channel [id: 0x14a54eed, L:/127.0.0.1:61535 - R:localhost/127.0.0.1:43439]
19:04:37.518 [main] DEBUG net.serenitybdd.core.photography.Darkroom - Send negative for processing for target\site\serenity\edb14d4aab401efa0e4fb99861e6ffcafebc86a67b69f7828890b9910ed2ddbd.png
19:04:37.519 [main] DEBUG net.thucydides.core.steps.StepInterceptor - STEP DONE: openPage
  &amp#27;[32mGiven &amp#27;[0m&amp#27;[32mI am on the alta-shop login page&amp#27;[0m       &amp#27;[90m# starter.stepdefinitions.LoginSteps.onTheLoginPage()&amp#27;[0m
19:04:37.525 [Forwarding getPageSource on session b28b8d813f63f300acef29c63d1a0b0a to remote] DEBUG org.asynchttpclient.netty.request.NettyRequestSender - Using pooled Channel '[id: 0x14a54eed, L:/127.0.0.1:61535 - R:localhost/127.0.0.1:43439]' for 'POST' to 'http://localhost:43439/session/b28b8d813f63f300acef29c63d1a0b0a/execute/sync'
19:04:37.525 [Forwarding getPageSource on session b28b8d813f63f300acef29c63d1a0b0a to remote] DEBUG org.asynchttpclient.netty.request.NettyRequestSender - Using open Channel [id: 0x14a54eed, L:/127.0.0.1:61535 - R:localhost/127.0.0.1:43439] for POST '/session/b28b8d813f63f300acef29c63d1a0b0a/execute/sync'
19:04:37.531 [AsyncHttpClient-1-5] DEBUG org.asynchttpclient.netty.handler.HttpHandler - 

Request DefaultHttpRequest(decodeResult: success, version: HTTP/1.1)
POST /session/b28b8d813f63f300acef29c63d1a0b0a/execute/sync HTTP/1.1
User-Agent: selenium/4.8.1 (java windows)
Content-Length: 176
Content-Type: application/json; charset=utf-8
host: localhost:43439
accept: */*

Response DefaultHttpResponse(decodeResult: success, version: HTTP/1.1)
HTTP/1.1 200 OK
Content-Length: 21659
Content-Type: application/json; charset=utf-8
cache-control: no-cache

19:04:37.531 [AsyncHttpClient-1-5] DEBUG org.asynchttpclient.netty.channel.ChannelManager - Adding key: http://localhost:43439 for channel [id: 0x14a54eed, L:/127.0.0.1:61535 - R:localhost/127.0.0.1:43439]
19:04:37.533 [Forwarding getCurrentUrl on session b28b8d813f63f300acef29c63d1a0b0a to remote] DEBUG org.asynchttpclient.netty.request.NettyRequestSender - Using pooled Channel '[id: 0x14a54eed, L:/127.0.0.1:61535 - R:localhost/127.0.0.1:43439]' for 'GET' to 'http://localhost:43439/session/b28b8d813f63f300acef29c63d1a0b0a/url'
19:04:37.534 [Forwarding getCurrentUrl on session b28b8d813f63f300acef29c63d1a0b0a to remote] DEBUG org.asynchttpclient.netty.request.NettyRequestSender - Using open Channel [id: 0x14a54eed, L:/127.0.0.1:61535 - R:localhost/127.0.0.1:43439] for GET '/session/b28b8d813f63f300acef29c63d1a0b0a/url'
19:04:37.536 [AsyncHttpClient-1-5] DEBUG org.asynchttpclient.netty.handler.HttpHandler - 

Request DefaultFullHttpRequest(decodeResult: success, version: HTTP/1.1, content: EmptyByteBufBE)
GET /session/b28b8d813f63f300acef29c63d1a0b0a/url HTTP/1.1
User-Agent: selenium/4.8.1 (java windows)
Cache-Control: no-cache
Content-Type: application/json; charset=utf-8
host: localhost:43439
accept: */*

Response DefaultHttpResponse(decodeResult: success, version: HTTP/1.1)
HTTP/1.1 200 OK
Content-Length: 51
Content-Type: application/json; charset=utf-8
cache-control: no-cache

19:04:37.537 [AsyncHttpClient-1-5] DEBUG org.asynchttpclient.netty.channel.ChannelManager - Adding key: http://localhost:43439 for channel [id: 0x14a54eed, L:/127.0.0.1:61535 - R:localhost/127.0.0.1:43439]
19:04:37.555 [Forwarding getPageSource on session b28b8d813f63f300acef29c63d1a0b0a to remote] DEBUG org.asynchttpclient.netty.request.NettyRequestSender - Using pooled Channel '[id: 0x14a54eed, L:/127.0.0.1:61535 - R:localhost/127.0.0.1:43439]' for 'POST' to 'http://localhost:43439/session/b28b8d813f63f300acef29c63d1a0b0a/execute/sync'
19:04:37.555 [Forwarding getPageSource on session b28b8d813f63f300acef29c63d1a0b0a to remote] DEBUG org.asynchttpclient.netty.request.NettyRequestSender - Using open Channel [id: 0x14a54eed, L:/127.0.0.1:61535 - R:localhost/127.0.0.1:43439] for POST '/session/b28b8d813f63f300acef29c63d1a0b0a/execute/sync'
19:04:37.560 [AsyncHttpClient-1-5] DEBUG org.asynchttpclient.netty.handler.HttpHandler - 

Request DefaultHttpRequest(decodeResult: success, version: HTTP/1.1)
POST /session/b28b8d813f63f300acef29c63d1a0b0a/execute/sync HTTP/1.1
User-Agent: selenium/4.8.1 (java windows)
Content-Length: 176
Content-Type: application/json; charset=utf-8
host: localhost:43439
accept: */*

Response DefaultHttpResponse(decodeResult: success, version: HTTP/1.1)
HTTP/1.1 200 OK
Content-Length: 21659
Content-Type: application/json; charset=utf-8
cache-control: no-cache

19:04:37.560 [AsyncHttpClient-1-5] DEBUG org.asynchttpclient.netty.channel.ChannelManager - Adding key: http://localhost:43439 for channel [id: 0x14a54eed, L:/127.0.0.1:61535 - R:localhost/127.0.0.1:43439]
19:04:37.562 [Forwarding getCurrentUrl on session b28b8d813f63f300acef29c63d1a0b0a to remote] DEBUG org.asynchttpclient.netty.request.NettyRequestSender - Using pooled Channel '[id: 0x14a54eed, L:/127.0.0.1:61535 - R:localhost/127.0.0.1:43439]' for 'GET' to 'http://localhost:43439/session/b28b8d813f63f300acef29c63d1a0b0a/url'
19:04:37.562 [Forwarding getCurrentUrl on session b28b8d813f63f300acef29c63d1a0b0a to remote] DEBUG org.asynchttpclient.netty.request.NettyRequestSender - Using open Channel [id: 0x14a54eed, L:/127.0.0.1:61535 - R:localhost/127.0.0.1:43439] for GET '/session/b28b8d813f63f300acef29c63d1a0b0a/url'
19:04:37.565 [AsyncHttpClient-1-5] DEBUG org.asynchttpclient.netty.handler.HttpHandler - 

Request DefaultFullHttpRequest(decodeResult: success, version: HTTP/1.1, content: EmptyByteBufBE)
GET /session/b28b8d813f63f300acef29c63d1a0b0a/url HTTP/1.1
User-Agent: selenium/4.8.1 (java windows)
Cache-Control: no-cache
Content-Type: application/json; charset=utf-8
host: localhost:43439
accept: */*

Response DefaultHttpResponse(decodeResult: success, version: HTTP/1.1)
HTTP/1.1 200 OK
Content-Length: 51
Content-Type: application/json; charset=utf-8
cache-control: no-cache

19:04:37.565 [AsyncHttpClient-1-5] DEBUG org.asynchttpclient.netty.channel.ChannelManager - Adding key: http://localhost:43439 for channel [id: 0x14a54eed, L:/127.0.0.1:61535 - R:localhost/127.0.0.1:43439]
19:04:37.567 [main] DEBUG net.thucydides.core.steps.StepInterceptor - STARTING STEP: RegisterSteps.clickLoginButton - clickRegisterLink
19:04:37.569 [Forwarding findElement on session b28b8d813f63f300acef29c63d1a0b0a to remote] DEBUG org.asynchttpclient.netty.request.NettyRequestSender - Using pooled Channel '[id: 0x14a54eed, L:/127.0.0.1:61535 - R:localhost/127.0.0.1:43439]' for 'POST' to 'http://localhost:43439/session/b28b8d813f63f300acef29c63d1a0b0a/element'
19:04:37.569 [Forwarding findElement on session b28b8d813f63f300acef29c63d1a0b0a to remote] DEBUG org.asynchttpclient.netty.request.NettyRequestSender - Using open Channel [id: 0x14a54eed, L:/127.0.0.1:61535 - R:localhost/127.0.0.1:43439] for POST '/session/b28b8d813f63f300acef29c63d1a0b0a/element'
19:04:37.576 [AsyncHttpClient-1-5] DEBUG org.asynchttpclient.netty.handler.HttpHandler - 

Request DefaultHttpRequest(decodeResult: success, version: HTTP/1.1)
POST /session/b28b8d813f63f300acef29c63d1a0b0a/element HTTP/1.1
User-Agent: selenium/4.8.1 (java windows)
Content-Length: 84
Content-Type: application/json; charset=utf-8
host: localhost:43439
accept: */*

Response DefaultHttpResponse(decodeResult: success, version: HTTP/1.1)
HTTP/1.1 200 OK
Content-Length: 88
Content-Type: application/json; charset=utf-8
cache-control: no-cache

19:04:37.577 [AsyncHttpClient-1-5] DEBUG org.asynchttpclient.netty.channel.ChannelManager - Adding key: http://localhost:43439 for channel [id: 0x14a54eed, L:/127.0.0.1:61535 - R:localhost/127.0.0.1:43439]
19:04:37.578 [Forwarding getElementTagName on session b28b8d813f63f300acef29c63d1a0b0a to remote] DEBUG org.asynchttpclient.netty.request.NettyRequestSender - Using pooled Channel '[id: 0x14a54eed, L:/127.0.0.1:61535 - R:localhost/127.0.0.1:43439]' for 'GET' to 'http://localhost:43439/session/b28b8d813f63f300acef29c63d1a0b0a/element/d3f7d1e3-1e4d-4088-a6a4-3b73131507ca/name'
19:04:37.578 [Forwarding getElementTagName on session b28b8d813f63f300acef29c63d1a0b0a to remote] DEBUG org.asynchttpclient.netty.request.NettyRequestSender - Using open Channel [id: 0x14a54eed, L:/127.0.0.1:61535 - R:localhost/127.0.0.1:43439] for GET '/session/b28b8d813f63f300acef29c63d1a0b0a/element/d3f7d1e3-1e4d-4088-a6a4-3b73131507ca/name'
19:04:37.581 [AsyncHttpClient-1-5] DEBUG org.asynchttpclient.netty.handler.HttpHandler - 

Request DefaultFullHttpRequest(decodeResult: success, version: HTTP/1.1, content: EmptyByteBufBE)
GET /session/b28b8d813f63f300acef29c63d1a0b0a/element/d3f7d1e3-1e4d-4088-a6a4-3b73131507ca/name HTTP/1.1
User-Agent: selenium/4.8.1 (java windows)
Cache-Control: no-cache
Content-Type: application/json; charset=utf-8
host: localhost:43439
accept: */*

Response DefaultHttpResponse(decodeResult: success, version: HTTP/1.1)
HTTP/1.1 200 OK
Content-Length: 13
Content-Type: application/json; charset=utf-8
cache-control: no-cache

19:04:37.581 [AsyncHttpClient-1-5] DEBUG org.asynchttpclient.netty.channel.ChannelManager - Adding key: http://localhost:43439 for channel [id: 0x14a54eed, L:/127.0.0.1:61535 - R:localhost/127.0.0.1:43439]
19:04:37.583 [Forwarding getElementTagName on session b28b8d813f63f300acef29c63d1a0b0a to remote] DEBUG org.asynchttpclient.netty.request.NettyRequestSender - Using pooled Channel '[id: 0x14a54eed, L:/127.0.0.1:61535 - R:localhost/127.0.0.1:43439]' for 'GET' to 'http://localhost:43439/session/b28b8d813f63f300acef29c63d1a0b0a/element/d3f7d1e3-1e4d-4088-a6a4-3b73131507ca/name'
19:04:37.583 [Forwarding getElementTagName on session b28b8d813f63f300acef29c63d1a0b0a to remote] DEBUG org.asynchttpclient.netty.request.NettyRequestSender - Using open Channel [id: 0x14a54eed, L:/127.0.0.1:61535 - R:localhost/127.0.0.1:43439] for GET '/session/b28b8d813f63f300acef29c63d1a0b0a/element/d3f7d1e3-1e4d-4088-a6a4-3b73131507ca/name'
19:04:37.585 [AsyncHttpClient-1-5] DEBUG org.asynchttpclient.netty.handler.HttpHandler - 

Request DefaultFullHttpRequest(decodeResult: success, version: HTTP/1.1, content: EmptyByteBufBE)
GET /session/b28b8d813f63f300acef29c63d1a0b0a/element/d3f7d1e3-1e4d-4088-a6a4-3b73131507ca/name HTTP/1.1
User-Agent: selenium/4.8.1 (java windows)
Cache-Control: no-cache
Content-Type: application/json; charset=utf-8
host: localhost:43439
accept: */*

Response DefaultHttpResponse(decodeResult: success, version: HTTP/1.1)
HTTP/1.1 200 OK
Content-Length: 13
Content-Type: application/json; charset=utf-8
cache-control: no-cache

19:04:37.585 [AsyncHttpClient-1-5] DEBUG org.asynchttpclient.netty.channel.ChannelManager - Adding key: http://localhost:43439 for channel [id: 0x14a54eed, L:/127.0.0.1:61535 - R:localhost/127.0.0.1:43439]
19:04:37.587 [Forwarding findElement on session b28b8d813f63f300acef29c63d1a0b0a to remote] DEBUG org.asynchttpclient.netty.request.NettyRequestSender - Using pooled Channel '[id: 0x14a54eed, L:/127.0.0.1:61535 - R:localhost/127.0.0.1:43439]' for 'POST' to 'http://localhost:43439/session/b28b8d813f63f300acef29c63d1a0b0a/element'
19:04:37.587 [Forwarding findElement on session b28b8d813f63f300acef29c63d1a0b0a to remote] DEBUG org.asynchttpclient.netty.request.NettyRequestSender - Using open Channel [id: 0x14a54eed, L:/127.0.0.1:61535 - R:localhost/127.0.0.1:43439] for POST '/session/b28b8d813f63f300acef29c63d1a0b0a/element'
19:04:37.592 [AsyncHttpClient-1-5] DEBUG org.asynchttpclient.netty.handler.HttpHandler - 

Request DefaultHttpRequest(decodeResult: success, version: HTTP/1.1)
POST /session/b28b8d813f63f300acef29c63d1a0b0a/element HTTP/1.1
User-Agent: selenium/4.8.1 (java windows)
Content-Length: 84
Content-Type: application/json; charset=utf-8
host: localhost:43439
accept: */*

Response DefaultHttpResponse(decodeResult: success, version: HTTP/1.1)
HTTP/1.1 200 OK
Content-Length: 88
Content-Type: application/json; charset=utf-8
cache-control: no-cache

19:04:37.592 [AsyncHttpClient-1-5] DEBUG org.asynchttpclient.netty.channel.ChannelManager - Adding key: http://localhost:43439 for channel [id: 0x14a54eed, L:/127.0.0.1:61535 - R:localhost/127.0.0.1:43439]
19:04:37.593 [Forwarding clickElement on session b28b8d813f63f300acef29c63d1a0b0a to remote] DEBUG org.asynchttpclient.netty.request.NettyRequestSender - Using pooled Channel '[id: 0x14a54eed, L:/127.0.0.1:61535 - R:localhost/127.0.0.1:43439]' for 'POST' to 'http://localhost:43439/session/b28b8d813f63f300acef29c63d1a0b0a/element/d3f7d1e3-1e4d-4088-a6a4-3b73131507ca/click'
19:04:37.593 [Forwarding clickElement on session b28b8d813f63f300acef29c63d1a0b0a to remote] DEBUG org.asynchttpclient.netty.request.NettyRequestSender - Using open Channel [id: 0x14a54eed, L:/127.0.0.1:61535 - R:localhost/127.0.0.1:43439] for POST '/session/b28b8d813f63f300acef29c63d1a0b0a/element/d3f7d1e3-1e4d-4088-a6a4-3b73131507ca/click'
19:04:37.641 [AsyncHttpClient-1-5] DEBUG org.asynchttpclient.netty.handler.HttpHandler - 

Request DefaultHttpRequest(decodeResult: success, version: HTTP/1.1)
POST /session/b28b8d813f63f300acef29c63d1a0b0a/element/d3f7d1e3-1e4d-4088-a6a4-3b73131507ca/click HTTP/1.1
User-Agent: selenium/4.8.1 (java windows)
Content-Length: 50
Content-Type: application/json; charset=utf-8
host: localhost:43439
accept: */*

Response DefaultHttpResponse(decodeResult: success, version: HTTP/1.1)
HTTP/1.1 200 OK
Content-Length: 14
Content-Type: application/json; charset=utf-8
cache-control: no-cache

19:04:37.642 [AsyncHttpClient-1-5] DEBUG org.asynchttpclient.netty.channel.ChannelManager - Adding key: http://localhost:43439 for channel [id: 0x14a54eed, L:/127.0.0.1:61535 - R:localhost/127.0.0.1:43439]
19:04:37.646 [Forwarding getAlertText on session b28b8d813f63f300acef29c63d1a0b0a to remote] DEBUG org.asynchttpclient.netty.request.NettyRequestSender - Using pooled Channel '[id: 0x14a54eed, L:/127.0.0.1:61535 - R:localhost/127.0.0.1:43439]' for 'GET' to 'http://localhost:43439/session/b28b8d813f63f300acef29c63d1a0b0a/alert/text'
19:04:37.646 [Forwarding getAlertText on session b28b8d813f63f300acef29c63d1a0b0a to remote] DEBUG org.asynchttpclient.netty.request.NettyRequestSender - Using open Channel [id: 0x14a54eed, L:/127.0.0.1:61535 - R:localhost/127.0.0.1:43439] for GET '/session/b28b8d813f63f300acef29c63d1a0b0a/alert/text'
19:04:37.648 [AsyncHttpClient-1-5] DEBUG org.asynchttpclient.netty.handler.HttpHandler - 

Request DefaultFullHttpRequest(decodeResult: success, version: HTTP/1.1, content: EmptyByteBufBE)
GET /session/b28b8d813f63f300acef29c63d1a0b0a/alert/text HTTP/1.1
User-Agent: selenium/4.8.1 (java windows)
Cache-Control: no-cache
Content-Type: application/json; charset=utf-8
host: localhost:43439
accept: */*

Response DefaultHttpResponse(decodeResult: success, version: HTTP/1.1)
HTTP/1.1 404 Not Found
Content-Length: 836
Content-Type: application/json; charset=utf-8
cache-control: no-cache

19:04:37.648 [AsyncHttpClient-1-5] DEBUG org.asynchttpclient.netty.channel.ChannelManager - Adding key: http://localhost:43439 for channel [id: 0x14a54eed, L:/127.0.0.1:61535 - R:localhost/127.0.0.1:43439]
19:04:37.650 [Forwarding getCurrentUrl on session b28b8d813f63f300acef29c63d1a0b0a to remote] DEBUG org.asynchttpclient.netty.request.NettyRequestSender - Using pooled Channel '[id: 0x14a54eed, L:/127.0.0.1:61535 - R:localhost/127.0.0.1:43439]' for 'GET' to 'http://localhost:43439/session/b28b8d813f63f300acef29c63d1a0b0a/url'
19:04:37.650 [Forwarding getCurrentUrl on session b28b8d813f63f300acef29c63d1a0b0a to remote] DEBUG org.asynchttpclient.netty.request.NettyRequestSender - Using open Channel [id: 0x14a54eed, L:/127.0.0.1:61535 - R:localhost/127.0.0.1:43439] for GET '/session/b28b8d813f63f300acef29c63d1a0b0a/url'
19:04:37.656 [AsyncHttpClient-1-5] DEBUG org.asynchttpclient.netty.handler.HttpHandler - 

Request DefaultFullHttpRequest(decodeResult: success, version: HTTP/1.1, content: EmptyByteBufBE)
GET /session/b28b8d813f63f300acef29c63d1a0b0a/url HTTP/1.1
User-Agent: selenium/4.8.1 (java windows)
Cache-Control: no-cache
Content-Type: application/json; charset=utf-8
host: localhost:43439
accept: */*

Response DefaultHttpResponse(decodeResult: success, version: HTTP/1.1)
HTTP/1.1 200 OK
Content-Length: 54
Content-Type: application/json; charset=utf-8
cache-control: no-cache

19:04:37.656 [AsyncHttpClient-1-5] DEBUG org.asynchttpclient.netty.channel.ChannelManager - Adding key: http://localhost:43439 for channel [id: 0x14a54eed, L:/127.0.0.1:61535 - R:localhost/127.0.0.1:43439]
19:04:37.658 [Forwarding screenshot on session b28b8d813f63f300acef29c63d1a0b0a to remote] DEBUG org.asynchttpclient.netty.request.NettyRequestSender - Using pooled Channel '[id: 0x14a54eed, L:/127.0.0.1:61535 - R:localhost/127.0.0.1:43439]' for 'GET' to 'http://localhost:43439/session/b28b8d813f63f300acef29c63d1a0b0a/screenshot'
19:04:37.658 [Forwarding screenshot on session b28b8d813f63f300acef29c63d1a0b0a to remote] DEBUG org.asynchttpclient.netty.request.NettyRequestSender - Using open Channel [id: 0x14a54eed, L:/127.0.0.1:61535 - R:localhost/127.0.0.1:43439] for GET '/session/b28b8d813f63f300acef29c63d1a0b0a/screenshot'
19:04:37.864 [AsyncHttpClient-1-5] DEBUG org.asynchttpclient.netty.handler.HttpHandler - 

Request DefaultFullHttpRequest(decodeResult: success, version: HTTP/1.1, content: EmptyByteBufBE)
GET /session/b28b8d813f63f300acef29c63d1a0b0a/screenshot HTTP/1.1
User-Agent: selenium/4.8.1 (java windows)
Cache-Control: no-cache
Content-Type: application/json; charset=utf-8
host: localhost:43439
accept: */*

Response DefaultHttpResponse(decodeResult: success, version: HTTP/1.1)
HTTP/1.1 200 OK
Content-Length: 30264
Content-Type: application/json; charset=utf-8
cache-control: no-cache

19:04:37.865 [AsyncHttpClient-1-5] DEBUG org.asynchttpclient.netty.channel.ChannelManager - Adding key: http://localhost:43439 for channel [id: 0x14a54eed, L:/127.0.0.1:61535 - R:localhost/127.0.0.1:43439]
19:04:37.867 [main] DEBUG net.serenitybdd.core.photography.Darkroom - Send negative for processing for target\site\serenity\5b34f83448179450cca3658a6eb1cd10f978480c6a8a6de39426da5a32533e30.png
19:04:37.868 [main] DEBUG net.thucydides.core.steps.StepInterceptor - STEP DONE: clickRegisterLink
  &amp#27;[32mWhen &amp#27;[0m&amp#27;[32mI go to the alta-shop register page&amp#27;[0m     &amp#27;[90m# starter.stepdefinitions.RegisterSteps.clickLoginButton()&amp#27;[0m
19:04:37.868 [Darkroom Processing Line] DEBUG net.serenitybdd.core.photography.DarkroomProcessingLine - Processing screenshot image in /var/screenshots/screenshot-14426066941162192650
19:04:37.868 [Darkroom Processing Line] DEBUG net.serenitybdd.core.photography.DarkroomProcessingLine - Saving screenshot to target\site\serenity\5b34f83448179450cca3658a6eb1cd10f978480c6a8a6de39426da5a32533e30.png
19:04:37.878 [Forwarding getPageSource on session b28b8d813f63f300acef29c63d1a0b0a to remote] DEBUG org.asynchttpclient.netty.request.NettyRequestSender - Using pooled Channel '[id: 0x14a54eed, L:/127.0.0.1:61535 - R:localhost/127.0.0.1:43439]' for 'POST' to 'http://localhost:43439/session/b28b8d813f63f300acef29c63d1a0b0a/execute/sync'
19:04:37.878 [Forwarding getPageSource on session b28b8d813f63f300acef29c63d1a0b0a to remote] DEBUG org.asynchttpclient.netty.request.NettyRequestSender - Using open Channel [id: 0x14a54eed, L:/127.0.0.1:61535 - R:localhost/127.0.0.1:43439] for POST '/session/b28b8d813f63f300acef29c63d1a0b0a/execute/sync'
19:04:37.884 [AsyncHttpClient-1-5] DEBUG org.asynchttpclient.netty.handler.HttpHandler - 

Request DefaultHttpRequest(decodeResult: success, version: HTTP/1.1)
POST /session/b28b8d813f63f300acef29c63d1a0b0a/execute/sync HTTP/1.1
User-Agent: selenium/4.8.1 (java windows)
Content-Length: 176
Content-Type: application/json; charset=utf-8
host: localhost:43439
accept: */*

Response DefaultHttpResponse(decodeResult: success, version: HTTP/1.1)
HTTP/1.1 200 OK
Content-Length: 22314
Content-Type: application/json; charset=utf-8
cache-control: no-cache

19:04:37.884 [AsyncHttpClient-1-5] DEBUG org.asynchttpclient.netty.channel.ChannelManager - Adding key: http://localhost:43439 for channel [id: 0x14a54eed, L:/127.0.0.1:61535 - R:localhost/127.0.0.1:43439]
19:04:37.886 [Forwarding getCurrentUrl on session b28b8d813f63f300acef29c63d1a0b0a to remote] DEBUG org.asynchttpclient.netty.request.NettyRequestSender - Using pooled Channel '[id: 0x14a54eed, L:/127.0.0.1:61535 - R:localhost/127.0.0.1:43439]' for 'GET' to 'http://localhost:43439/session/b28b8d813f63f300acef29c63d1a0b0a/url'
19:04:37.887 [Forwarding getCurrentUrl on session b28b8d813f63f300acef29c63d1a0b0a to remote] DEBUG org.asynchttpclient.netty.request.NettyRequestSender - Using open Channel [id: 0x14a54eed, L:/127.0.0.1:61535 - R:localhost/127.0.0.1:43439] for GET '/session/b28b8d813f63f300acef29c63d1a0b0a/url'
19:04:37.892 [AsyncHttpClient-1-5] DEBUG org.asynchttpclient.netty.handler.HttpHandler - 

Request DefaultFullHttpRequest(decodeResult: success, version: HTTP/1.1, content: EmptyByteBufBE)
GET /session/b28b8d813f63f300acef29c63d1a0b0a/url HTTP/1.1
User-Agent: selenium/4.8.1 (java windows)
Cache-Control: no-cache
Content-Type: application/json; charset=utf-8
host: localhost:43439
accept: */*

Response DefaultHttpResponse(decodeResult: success, version: HTTP/1.1)
HTTP/1.1 200 OK
Content-Length: 54
Content-Type: application/json; charset=utf-8
cache-control: no-cache

19:04:37.892 [AsyncHttpClient-1-5] DEBUG org.asynchttpclient.netty.channel.ChannelManager - Adding key: http://localhost:43439 for channel [id: 0x14a54eed, L:/127.0.0.1:61535 - R:localhost/127.0.0.1:43439]
19:04:37.901 [Forwarding getPageSource on session b28b8d813f63f300acef29c63d1a0b0a to remote] DEBUG org.asynchttpclient.netty.request.NettyRequestSender - Using pooled Channel '[id: 0x14a54eed, L:/127.0.0.1:61535 - R:localhost/127.0.0.1:43439]' for 'POST' to 'http://localhost:43439/session/b28b8d813f63f300acef29c63d1a0b0a/execute/sync'
19:04:37.901 [Forwarding getPageSource on session b28b8d813f63f300acef29c63d1a0b0a to remote] DEBUG org.asynchttpclient.netty.request.NettyRequestSender - Using open Channel [id: 0x14a54eed, L:/127.0.0.1:61535 - R:localhost/127.0.0.1:43439] for POST '/session/b28b8d813f63f300acef29c63d1a0b0a/execute/sync'
19:04:37.906 [AsyncHttpClient-1-5] DEBUG org.asynchttpclient.netty.handler.HttpHandler - 

Request DefaultHttpRequest(decodeResult: success, version: HTTP/1.1)
POST /session/b28b8d813f63f300acef29c63d1a0b0a/execute/sync HTTP/1.1
User-Agent: selenium/4.8.1 (java windows)
Content-Length: 176
Content-Type: application/json; charset=utf-8
host: localhost:43439
accept: */*

Response DefaultHttpResponse(decodeResult: success, version: HTTP/1.1)
HTTP/1.1 200 OK
Content-Length: 22314
Content-Type: application/json; charset=utf-8
cache-control: no-cache

19:04:37.907 [AsyncHttpClient-1-5] DEBUG org.asynchttpclient.netty.channel.ChannelManager - Adding key: http://localhost:43439 for channel [id: 0x14a54eed, L:/127.0.0.1:61535 - R:localhost/127.0.0.1:43439]
19:04:37.909 [Forwarding getCurrentUrl on session b28b8d813f63f300acef29c63d1a0b0a to remote] DEBUG org.asynchttpclient.netty.request.NettyRequestSender - Using pooled Channel '[id: 0x14a54eed, L:/127.0.0.1:61535 - R:localhost/127.0.0.1:43439]' for 'GET' to 'http://localhost:43439/session/b28b8d813f63f300acef29c63d1a0b0a/url'
19:04:37.909 [Forwarding getCurrentUrl on session b28b8d813f63f300acef29c63d1a0b0a to remote] DEBUG org.asynchttpclient.netty.request.NettyRequestSender - Using open Channel [id: 0x14a54eed, L:/127.0.0.1:61535 - R:localhost/127.0.0.1:43439] for GET '/session/b28b8d813f63f300acef29c63d1a0b0a/url'
19:04:37.913 [AsyncHttpClient-1-5] DEBUG org.asynchttpclient.netty.handler.HttpHandler - 

Request DefaultFullHttpRequest(decodeResult: success, version: HTTP/1.1, content: EmptyByteBufBE)
GET /session/b28b8d813f63f300acef29c63d1a0b0a/url HTTP/1.1
User-Agent: selenium/4.8.1 (java windows)
Cache-Control: no-cache
Content-Type: application/json; charset=utf-8
host: localhost:43439
accept: */*

Response DefaultHttpResponse(decodeResult: success, version: HTTP/1.1)
HTTP/1.1 200 OK
Content-Length: 54
Content-Type: application/json; charset=utf-8
cache-control: no-cache

19:04:37.913 [AsyncHttpClient-1-5] DEBUG org.asynchttpclient.netty.channel.ChannelManager - Adding key: http://localhost:43439 for channel [id: 0x14a54eed, L:/127.0.0.1:61535 - R:localhost/127.0.0.1:43439]
19:04:37.915 [main] DEBUG net.thucydides.core.steps.StepInterceptor - STARTING STEP: RegisterSteps.inputInvalidFullnameReg - inputFullnameReg
19:04:37.918 [Forwarding findElement on session b28b8d813f63f300acef29c63d1a0b0a to remote] DEBUG org.asynchttpclient.netty.request.NettyRequestSender - Using pooled Channel '[id: 0x14a54eed, L:/127.0.0.1:61535 - R:localhost/127.0.0.1:43439]' for 'POST' to 'http://localhost:43439/session/b28b8d813f63f300acef29c63d1a0b0a/element'
19:04:37.918 [Forwarding findElement on session b28b8d813f63f300acef29c63d1a0b0a to remote] DEBUG org.asynchttpclient.netty.request.NettyRequestSender - Using open Channel [id: 0x14a54eed, L:/127.0.0.1:61535 - R:localhost/127.0.0.1:43439] for POST '/session/b28b8d813f63f300acef29c63d1a0b0a/element'
19:04:37.930 [AsyncHttpClient-1-5] DEBUG org.asynchttpclient.netty.handler.HttpHandler - 

Request DefaultHttpRequest(decodeResult: success, version: HTTP/1.1)
POST /session/b28b8d813f63f300acef29c63d1a0b0a/element HTTP/1.1
User-Agent: selenium/4.8.1 (java windows)
Content-Length: 55
Content-Type: application/json; charset=utf-8
host: localhost:43439
accept: */*

Response DefaultHttpResponse(decodeResult: success, version: HTTP/1.1)
HTTP/1.1 200 OK
Content-Length: 88
Content-Type: application/json; charset=utf-8
cache-control: no-cache

19:04:37.930 [AsyncHttpClient-1-5] DEBUG org.asynchttpclient.netty.channel.ChannelManager - Adding key: http://localhost:43439 for channel [id: 0x14a54eed, L:/127.0.0.1:61535 - R:localhost/127.0.0.1:43439]
19:04:37.931 [Forwarding clearElement on session b28b8d813f63f300acef29c63d1a0b0a to remote] DEBUG org.asynchttpclient.netty.request.NettyRequestSender - Using pooled Channel '[id: 0x14a54eed, L:/127.0.0.1:61535 - R:localhost/127.0.0.1:43439]' for 'POST' to 'http://localhost:43439/session/b28b8d813f63f300acef29c63d1a0b0a/element/e49e1322-7509-440d-9024-77a1f8fe5b78/clear'
19:04:37.931 [Forwarding clearElement on session b28b8d813f63f300acef29c63d1a0b0a to remote] DEBUG org.asynchttpclient.netty.request.NettyRequestSender - Using open Channel [id: 0x14a54eed, L:/127.0.0.1:61535 - R:localhost/127.0.0.1:43439] for POST '/session/b28b8d813f63f300acef29c63d1a0b0a/element/e49e1322-7509-440d-9024-77a1f8fe5b78/clear'
19:04:37.957 [AsyncHttpClient-1-5] DEBUG org.asynchttpclient.netty.handler.HttpHandler - 

Request DefaultHttpRequest(decodeResult: success, version: HTTP/1.1)
POST /session/b28b8d813f63f300acef29c63d1a0b0a/element/e49e1322-7509-440d-9024-77a1f8fe5b78/clear HTTP/1.1
User-Agent: selenium/4.8.1 (java windows)
Content-Length: 50
Content-Type: application/json; charset=utf-8
host: localhost:43439
accept: */*

Response DefaultHttpResponse(decodeResult: success, version: HTTP/1.1)
HTTP/1.1 200 OK
Content-Length: 14
Content-Type: application/json; charset=utf-8
cache-control: no-cache

19:04:37.957 [AsyncHttpClient-1-5] DEBUG org.asynchttpclient.netty.channel.ChannelManager - Adding key: http://localhost:43439 for channel [id: 0x14a54eed, L:/127.0.0.1:61535 - R:localhost/127.0.0.1:43439]
19:04:37.960 [Forwarding sendKeysToElement on session b28b8d813f63f300acef29c63d1a0b0a to remote] DEBUG org.asynchttpclient.netty.request.NettyRequestSender - Using pooled Channel '[id: 0x14a54eed, L:/127.0.0.1:61535 - R:localhost/127.0.0.1:43439]' for 'POST' to 'http://localhost:43439/session/b28b8d813f63f300acef29c63d1a0b0a/element/e49e1322-7509-440d-9024-77a1f8fe5b78/value'
19:04:37.960 [Forwarding sendKeysToElement on session b28b8d813f63f300acef29c63d1a0b0a to remote] DEBUG org.asynchttpclient.netty.request.NettyRequestSender - Using open Channel [id: 0x14a54eed, L:/127.0.0.1:61535 - R:localhost/127.0.0.1:43439] for POST '/session/b28b8d813f63f300acef29c63d1a0b0a/element/e49e1322-7509-440d-9024-77a1f8fe5b78/value'
19:04:37.991 [AsyncHttpClient-1-5] DEBUG org.asynchttpclient.netty.handler.HttpHandler - 

Request DefaultHttpRequest(decodeResult: success, version: HTTP/1.1)
POST /session/b28b8d813f63f300acef29c63d1a0b0a/element/e49e1322-7509-440d-9024-77a1f8fe5b78/value HTTP/1.1
User-Agent: selenium/4.8.1 (java windows)
Content-Length: 82
Content-Type: application/json; charset=utf-8
host: localhost:43439
accept: */*

Response DefaultHttpResponse(decodeResult: success, version: HTTP/1.1)
HTTP/1.1 200 OK
Content-Length: 14
Content-Type: application/json; charset=utf-8
cache-control: no-cache

19:04:37.991 [AsyncHttpClient-1-5] DEBUG org.asynchttpclient.netty.channel.ChannelManager - Adding key: http://localhost:43439 for channel [id: 0x14a54eed, L:/127.0.0.1:61535 - R:localhost/127.0.0.1:43439]
19:04:37.996 [Forwarding getAlertText on session b28b8d813f63f300acef29c63d1a0b0a to remote] DEBUG org.asynchttpclient.netty.request.NettyRequestSender - Using pooled Channel '[id: 0x14a54eed, L:/127.0.0.1:61535 - R:localhost/127.0.0.1:43439]' for 'GET' to 'http://localhost:43439/session/b28b8d813f63f300acef29c63d1a0b0a/alert/text'
19:04:37.996 [Forwarding getAlertText on session b28b8d813f63f300acef29c63d1a0b0a to remote] DEBUG org.asynchttpclient.netty.request.NettyRequestSender - Using open Channel [id: 0x14a54eed, L:/127.0.0.1:61535 - R:localhost/127.0.0.1:43439] for GET '/session/b28b8d813f63f300acef29c63d1a0b0a/alert/text'
19:04:37.998 [AsyncHttpClient-1-5] DEBUG org.asynchttpclient.netty.handler.HttpHandler - 

Request DefaultFullHttpRequest(decodeResult: success, version: HTTP/1.1, content: EmptyByteBufBE)
GET /session/b28b8d813f63f300acef29c63d1a0b0a/alert/text HTTP/1.1
User-Agent: selenium/4.8.1 (java windows)
Cache-Control: no-cache
Content-Type: application/json; charset=utf-8
host: localhost:43439
accept: */*

Response DefaultHttpResponse(decodeResult: success, version: HTTP/1.1)
HTTP/1.1 404 Not Found
Content-Length: 836
Content-Type: application/json; charset=utf-8
cache-control: no-cache

19:04:37.998 [AsyncHttpClient-1-5] DEBUG org.asynchttpclient.netty.channel.ChannelManager - Adding key: http://localhost:43439 for channel [id: 0x14a54eed, L:/127.0.0.1:61535 - R:localhost/127.0.0.1:43439]
19:04:38.001 [Forwarding getCurrentUrl on session b28b8d813f63f300acef29c63d1a0b0a to remote] DEBUG org.asynchttpclient.netty.request.NettyRequestSender - Using pooled Channel '[id: 0x14a54eed, L:/127.0.0.1:61535 - R:localhost/127.0.0.1:43439]' for 'GET' to 'http://localhost:43439/session/b28b8d813f63f300acef29c63d1a0b0a/url'
19:04:38.001 [Forwarding getCurrentUrl on session b28b8d813f63f300acef29c63d1a0b0a to remote] DEBUG org.asynchttpclient.netty.request.NettyRequestSender - Using open Channel [id: 0x14a54eed, L:/127.0.0.1:61535 - R:localhost/127.0.0.1:43439] for GET '/session/b28b8d813f63f300acef29c63d1a0b0a/url'
19:04:38.006 [AsyncHttpClient-1-5] DEBUG org.asynchttpclient.netty.handler.HttpHandler - 

Request DefaultFullHttpRequest(decodeResult: success, version: HTTP/1.1, content: EmptyByteBufBE)
GET /session/b28b8d813f63f300acef29c63d1a0b0a/url HTTP/1.1
User-Agent: selenium/4.8.1 (java windows)
Cache-Control: no-cache
Content-Type: application/json; charset=utf-8
host: localhost:43439
accept: */*

Response DefaultHttpResponse(decodeResult: success, version: HTTP/1.1)
HTTP/1.1 200 OK
Content-Length: 54
Content-Type: application/json; charset=utf-8
cache-control: no-cache

19:04:38.007 [AsyncHttpClient-1-5] DEBUG org.asynchttpclient.netty.channel.ChannelManager - Adding key: http://localhost:43439 for channel [id: 0x14a54eed, L:/127.0.0.1:61535 - R:localhost/127.0.0.1:43439]
19:04:38.008 [Forwarding screenshot on session b28b8d813f63f300acef29c63d1a0b0a to remote] DEBUG org.asynchttpclient.netty.request.NettyRequestSender - Using pooled Channel '[id: 0x14a54eed, L:/127.0.0.1:61535 - R:localhost/127.0.0.1:43439]' for 'GET' to 'http://localhost:43439/session/b28b8d813f63f300acef29c63d1a0b0a/screenshot'
19:04:38.008 [Forwarding screenshot on session b28b8d813f63f300acef29c63d1a0b0a to remote] DEBUG org.asynchttpclient.netty.request.NettyRequestSender - Using open Channel [id: 0x14a54eed, L:/127.0.0.1:61535 - R:localhost/127.0.0.1:43439] for GET '/session/b28b8d813f63f300acef29c63d1a0b0a/screenshot'
19:04:38.142 [AsyncHttpClient-1-5] DEBUG org.asynchttpclient.netty.handler.HttpHandler - 

Request DefaultFullHttpRequest(decodeResult: success, version: HTTP/1.1, content: EmptyByteBufBE)
GET /session/b28b8d813f63f300acef29c63d1a0b0a/screenshot HTTP/1.1
User-Agent: selenium/4.8.1 (java windows)
Cache-Control: no-cache
Content-Type: application/json; charset=utf-8
host: localhost:43439
accept: */*

Response DefaultHttpResponse(decodeResult: success, version: HTTP/1.1)
HTTP/1.1 200 OK
Content-Length: 30644
Content-Type: application/json; charset=utf-8
cache-control: no-cache

19:04:38.142 [AsyncHttpClient-1-5] DEBUG org.asynchttpclient.netty.channel.ChannelManager - Adding key: http://localhost:43439 for channel [id: 0x14a54eed, L:/127.0.0.1:61535 - R:localhost/127.0.0.1:43439]
19:04:38.143 [main] DEBUG net.serenitybdd.core.photography.Darkroom - Send negative for processing for target\site\serenity\b09369506f53fe937c46a3ff6c5c88b99e1eea4ba46ff94ef4dd9c32a477e47a.png
19:04:38.143 [main] DEBUG net.thucydides.core.steps.StepInterceptor - STEP DONE: inputFullnameReg
  &amp#27;[32mAnd &amp#27;[0m&amp#27;[32mI input nothing in fullname for register&amp#27;[0m &amp#27;[90m# starter.stepdefinitions.RegisterSteps.inputInvalidFullnameReg()&amp#27;[0m
19:04:38.144 [Darkroom Processing Line] DEBUG net.serenitybdd.core.photography.DarkroomProcessingLine - Processing screenshot image in /var/screenshots/screenshot-2433276011431154804
19:04:38.144 [Darkroom Processing Line] DEBUG net.serenitybdd.core.photography.DarkroomProcessingLine - Saving screenshot to target\site\serenity\b09369506f53fe937c46a3ff6c5c88b99e1eea4ba46ff94ef4dd9c32a477e47a.png
19:04:38.151 [Forwarding getPageSource on session b28b8d813f63f300acef29c63d1a0b0a to remote] DEBUG org.asynchttpclient.netty.request.NettyRequestSender - Using pooled Channel '[id: 0x14a54eed, L:/127.0.0.1:61535 - R:localhost/127.0.0.1:43439]' for 'POST' to 'http://localhost:43439/session/b28b8d813f63f300acef29c63d1a0b0a/execute/sync'
19:04:38.151 [Forwarding getPageSource on session b28b8d813f63f300acef29c63d1a0b0a to remote] DEBUG org.asynchttpclient.netty.request.NettyRequestSender - Using open Channel [id: 0x14a54eed, L:/127.0.0.1:61535 - R:localhost/127.0.0.1:43439] for POST '/session/b28b8d813f63f300acef29c63d1a0b0a/execute/sync'
19:04:38.156 [AsyncHttpClient-1-5] DEBUG org.asynchttpclient.netty.handler.HttpHandler - 

Request DefaultHttpRequest(decodeResult: success, version: HTTP/1.1)
POST /session/b28b8d813f63f300acef29c63d1a0b0a/execute/sync HTTP/1.1
User-Agent: selenium/4.8.1 (java windows)
Content-Length: 176
Content-Type: application/json; charset=utf-8
host: localhost:43439
accept: */*

Response DefaultHttpResponse(decodeResult: success, version: HTTP/1.1)
HTTP/1.1 200 OK
Content-Length: 22392
Content-Type: application/json; charset=utf-8
cache-control: no-cache

19:04:38.157 [AsyncHttpClient-1-5] DEBUG org.asynchttpclient.netty.channel.ChannelManager - Adding key: http://localhost:43439 for channel [id: 0x14a54eed, L:/127.0.0.1:61535 - R:localhost/127.0.0.1:43439]
19:04:38.159 [Forwarding getCurrentUrl on session b28b8d813f63f300acef29c63d1a0b0a to remote] DEBUG org.asynchttpclient.netty.request.NettyRequestSender - Using pooled Channel '[id: 0x14a54eed, L:/127.0.0.1:61535 - R:localhost/127.0.0.1:43439]' for 'GET' to 'http://localhost:43439/session/b28b8d813f63f300acef29c63d1a0b0a/url'
19:04:38.159 [Forwarding getCurrentUrl on session b28b8d813f63f300acef29c63d1a0b0a to remote] DEBUG org.asynchttpclient.netty.request.NettyRequestSender - Using open Channel [id: 0x14a54eed, L:/127.0.0.1:61535 - R:localhost/127.0.0.1:43439] for GET '/session/b28b8d813f63f300acef29c63d1a0b0a/url'
19:04:38.162 [AsyncHttpClient-1-5] DEBUG org.asynchttpclient.netty.handler.HttpHandler - 

Request DefaultFullHttpRequest(decodeResult: success, version: HTTP/1.1, content: EmptyByteBufBE)
GET /session/b28b8d813f63f300acef29c63d1a0b0a/url HTTP/1.1
User-Agent: selenium/4.8.1 (java windows)
Cache-Control: no-cache
Content-Type: application/json; charset=utf-8
host: localhost:43439
accept: */*

Response DefaultHttpResponse(decodeResult: success, version: HTTP/1.1)
HTTP/1.1 200 OK
Content-Length: 54
Content-Type: application/json; charset=utf-8
cache-control: no-cache

19:04:38.162 [AsyncHttpClient-1-5] DEBUG org.asynchttpclient.netty.channel.ChannelManager - Adding key: http://localhost:43439 for channel [id: 0x14a54eed, L:/127.0.0.1:61535 - R:localhost/127.0.0.1:43439]
19:04:38.169 [Forwarding getPageSource on session b28b8d813f63f300acef29c63d1a0b0a to remote] DEBUG org.asynchttpclient.netty.request.NettyRequestSender - Using pooled Channel '[id: 0x14a54eed, L:/127.0.0.1:61535 - R:localhost/127.0.0.1:43439]' for 'POST' to 'http://localhost:43439/session/b28b8d813f63f300acef29c63d1a0b0a/execute/sync'
19:04:38.169 [Forwarding getPageSource on session b28b8d813f63f300acef29c63d1a0b0a to remote] DEBUG org.asynchttpclient.netty.request.NettyRequestSender - Using open Channel [id: 0x14a54eed, L:/127.0.0.1:61535 - R:localhost/127.0.0.1:43439] for POST '/session/b28b8d813f63f300acef29c63d1a0b0a/execute/sync'
19:04:38.173 [AsyncHttpClient-1-5] DEBUG org.asynchttpclient.netty.handler.HttpHandler - 

Request DefaultHttpRequest(decodeResult: success, version: HTTP/1.1)
POST /session/b28b8d813f63f300acef29c63d1a0b0a/execute/sync HTTP/1.1
User-Agent: selenium/4.8.1 (java windows)
Content-Length: 176
Content-Type: application/json; charset=utf-8
host: localhost:43439
accept: */*

Response DefaultHttpResponse(decodeResult: success, version: HTTP/1.1)
HTTP/1.1 200 OK
Content-Length: 22392
Content-Type: application/json; charset=utf-8
cache-control: no-cache

19:04:38.173 [AsyncHttpClient-1-5] DEBUG org.asynchttpclient.netty.channel.ChannelManager - Adding key: http://localhost:43439 for channel [id: 0x14a54eed, L:/127.0.0.1:61535 - R:localhost/127.0.0.1:43439]
19:04:38.175 [Forwarding getCurrentUrl on session b28b8d813f63f300acef29c63d1a0b0a to remote] DEBUG org.asynchttpclient.netty.request.NettyRequestSender - Using pooled Channel '[id: 0x14a54eed, L:/127.0.0.1:61535 - R:localhost/127.0.0.1:43439]' for 'GET' to 'http://localhost:43439/session/b28b8d813f63f300acef29c63d1a0b0a/url'
19:04:38.175 [Forwarding getCurrentUrl on session b28b8d813f63f300acef29c63d1a0b0a to remote] DEBUG org.asynchttpclient.netty.request.NettyRequestSender - Using open Channel [id: 0x14a54eed, L:/127.0.0.1:61535 - R:localhost/127.0.0.1:43439] for GET '/session/b28b8d813f63f300acef29c63d1a0b0a/url'
19:04:38.179 [AsyncHttpClient-1-5] DEBUG org.asynchttpclient.netty.handler.HttpHandler - 

Request DefaultFullHttpRequest(decodeResult: success, version: HTTP/1.1, content: EmptyByteBufBE)
GET /session/b28b8d813f63f300acef29c63d1a0b0a/url HTTP/1.1
User-Agent: selenium/4.8.1 (java windows)
Cache-Control: no-cache
Content-Type: application/json; charset=utf-8
host: localhost:43439
accept: */*

Response DefaultHttpResponse(decodeResult: success, version: HTTP/1.1)
HTTP/1.1 200 OK
Content-Length: 54
Content-Type: application/json; charset=utf-8
cache-control: no-cache

19:04:38.179 [AsyncHttpClient-1-5] DEBUG org.asynchttpclient.netty.channel.ChannelManager - Adding key: http://localhost:43439 for channel [id: 0x14a54eed, L:/127.0.0.1:61535 - R:localhost/127.0.0.1:43439]
19:04:38.185 [main] DEBUG net.thucydides.core.steps.StepInterceptor - STARTING STEP: RegisterSteps.inputEmailReg - inputEmailReg
19:04:38.186 [Forwarding findElement on session b28b8d813f63f300acef29c63d1a0b0a to remote] DEBUG org.asynchttpclient.netty.request.NettyRequestSender - Using pooled Channel '[id: 0x14a54eed, L:/127.0.0.1:61535 - R:localhost/127.0.0.1:43439]' for 'POST' to 'http://localhost:43439/session/b28b8d813f63f300acef29c63d1a0b0a/element'
19:04:38.187 [Forwarding findElement on session b28b8d813f63f300acef29c63d1a0b0a to remote] DEBUG org.asynchttpclient.netty.request.NettyRequestSender - Using open Channel [id: 0x14a54eed, L:/127.0.0.1:61535 - R:localhost/127.0.0.1:43439] for POST '/session/b28b8d813f63f300acef29c63d1a0b0a/element'
19:04:38.197 [AsyncHttpClient-1-5] DEBUG org.asynchttpclient.netty.handler.HttpHandler - 

Request DefaultHttpRequest(decodeResult: success, version: HTTP/1.1)
POST /session/b28b8d813f63f300acef29c63d1a0b0a/element HTTP/1.1
User-Agent: selenium/4.8.1 (java windows)
Content-Length: 55
Content-Type: application/json; charset=utf-8
host: localhost:43439
accept: */*

Response DefaultHttpResponse(decodeResult: success, version: HTTP/1.1)
HTTP/1.1 200 OK
Content-Length: 88
Content-Type: application/json; charset=utf-8
cache-control: no-cache

19:04:38.197 [AsyncHttpClient-1-5] DEBUG org.asynchttpclient.netty.channel.ChannelManager - Adding key: http://localhost:43439 for channel [id: 0x14a54eed, L:/127.0.0.1:61535 - R:localhost/127.0.0.1:43439]
19:04:38.199 [Forwarding clearElement on session b28b8d813f63f300acef29c63d1a0b0a to remote] DEBUG org.asynchttpclient.netty.request.NettyRequestSender - Using pooled Channel '[id: 0x14a54eed, L:/127.0.0.1:61535 - R:localhost/127.0.0.1:43439]' for 'POST' to 'http://localhost:43439/session/b28b8d813f63f300acef29c63d1a0b0a/element/0db43cc4-fca1-420c-a33a-00a6366b256e/clear'
19:04:38.199 [Forwarding clearElement on session b28b8d813f63f300acef29c63d1a0b0a to remote] DEBUG org.asynchttpclient.netty.request.NettyRequestSender - Using open Channel [id: 0x14a54eed, L:/127.0.0.1:61535 - R:localhost/127.0.0.1:43439] for POST '/session/b28b8d813f63f300acef29c63d1a0b0a/element/0db43cc4-fca1-420c-a33a-00a6366b256e/clear'
19:04:38.225 [AsyncHttpClient-1-5] DEBUG org.asynchttpclient.netty.handler.HttpHandler - 

Request DefaultHttpRequest(decodeResult: success, version: HTTP/1.1)
POST /session/b28b8d813f63f300acef29c63d1a0b0a/element/0db43cc4-fca1-420c-a33a-00a6366b256e/clear HTTP/1.1
User-Agent: selenium/4.8.1 (java windows)
Content-Length: 50
Content-Type: application/json; charset=utf-8
host: localhost:43439
accept: */*

Response DefaultHttpResponse(decodeResult: success, version: HTTP/1.1)
HTTP/1.1 200 OK
Content-Length: 14
Content-Type: application/json; charset=utf-8
cache-control: no-cache

19:04:38.225 [AsyncHttpClient-1-5] DEBUG org.asynchttpclient.netty.channel.ChannelManager - Adding key: http://localhost:43439 for channel [id: 0x14a54eed, L:/127.0.0.1:61535 - R:localhost/127.0.0.1:43439]
19:04:38.226 [Forwarding sendKeysToElement on session b28b8d813f63f300acef29c63d1a0b0a to remote] DEBUG org.asynchttpclient.netty.request.NettyRequestSender - Using pooled Channel '[id: 0x14a54eed, L:/127.0.0.1:61535 - R:localhost/127.0.0.1:43439]' for 'POST' to 'http://localhost:43439/session/b28b8d813f63f300acef29c63d1a0b0a/element/0db43cc4-fca1-420c-a33a-00a6366b256e/value'
19:04:38.226 [Forwarding sendKeysToElement on session b28b8d813f63f300acef29c63d1a0b0a to remote] DEBUG org.asynchttpclient.netty.request.NettyRequestSender - Using open Channel [id: 0x14a54eed, L:/127.0.0.1:61535 - R:localhost/127.0.0.1:43439] for POST '/session/b28b8d813f63f300acef29c63d1a0b0a/element/0db43cc4-fca1-420c-a33a-00a6366b256e/value'
19:04:38.295 [AsyncHttpClient-1-5] DEBUG org.asynchttpclient.netty.handler.HttpHandler - 

Request DefaultHttpRequest(decodeResult: success, version: HTTP/1.1)
POST /session/b28b8d813f63f300acef29c63d1a0b0a/element/0db43cc4-fca1-420c-a33a-00a6366b256e/value HTTP/1.1
User-Agent: selenium/4.8.1 (java windows)
Content-Length: 181
Content-Type: application/json; charset=utf-8
host: localhost:43439
accept: */*

Response DefaultHttpResponse(decodeResult: success, version: HTTP/1.1)
HTTP/1.1 200 OK
Content-Length: 14
Content-Type: application/json; charset=utf-8
cache-control: no-cache

19:04:38.295 [AsyncHttpClient-1-5] DEBUG org.asynchttpclient.netty.channel.ChannelManager - Adding key: http://localhost:43439 for channel [id: 0x14a54eed, L:/127.0.0.1:61535 - R:localhost/127.0.0.1:43439]
19:04:38.300 [Forwarding getAlertText on session b28b8d813f63f300acef29c63d1a0b0a to remote] DEBUG org.asynchttpclient.netty.request.NettyRequestSender - Using pooled Channel '[id: 0x14a54eed, L:/127.0.0.1:61535 - R:localhost/127.0.0.1:43439]' for 'GET' to 'http://localhost:43439/session/b28b8d813f63f300acef29c63d1a0b0a/alert/text'
19:04:38.300 [Forwarding getAlertText on session b28b8d813f63f300acef29c63d1a0b0a to remote] DEBUG org.asynchttpclient.netty.request.NettyRequestSender - Using open Channel [id: 0x14a54eed, L:/127.0.0.1:61535 - R:localhost/127.0.0.1:43439] for GET '/session/b28b8d813f63f300acef29c63d1a0b0a/alert/text'
19:04:38.301 [AsyncHttpClient-1-5] DEBUG org.asynchttpclient.netty.handler.HttpHandler - 

Request DefaultFullHttpRequest(decodeResult: success, version: HTTP/1.1, content: EmptyByteBufBE)
GET /session/b28b8d813f63f300acef29c63d1a0b0a/alert/text HTTP/1.1
User-Agent: selenium/4.8.1 (java windows)
Cache-Control: no-cache
Content-Type: application/json; charset=utf-8
host: localhost:43439
accept: */*

Response DefaultHttpResponse(decodeResult: success, version: HTTP/1.1)
HTTP/1.1 404 Not Found
Content-Length: 836
Content-Type: application/json; charset=utf-8
cache-control: no-cache

19:04:38.302 [AsyncHttpClient-1-5] DEBUG org.asynchttpclient.netty.channel.ChannelManager - Adding key: http://localhost:43439 for channel [id: 0x14a54eed, L:/127.0.0.1:61535 - R:localhost/127.0.0.1:43439]
19:04:38.303 [Forwarding getCurrentUrl on session b28b8d813f63f300acef29c63d1a0b0a to remote] DEBUG org.asynchttpclient.netty.request.NettyRequestSender - Using pooled Channel '[id: 0x14a54eed, L:/127.0.0.1:61535 - R:localhost/127.0.0.1:43439]' for 'GET' to 'http://localhost:43439/session/b28b8d813f63f300acef29c63d1a0b0a/url'
19:04:38.303 [Forwarding getCurrentUrl on session b28b8d813f63f300acef29c63d1a0b0a to remote] DEBUG org.asynchttpclient.netty.request.NettyRequestSender - Using open Channel [id: 0x14a54eed, L:/127.0.0.1:61535 - R:localhost/127.0.0.1:43439] for GET '/session/b28b8d813f63f300acef29c63d1a0b0a/url'
19:04:38.308 [AsyncHttpClient-1-5] DEBUG org.asynchttpclient.netty.handler.HttpHandler - 

Request DefaultFullHttpRequest(decodeResult: success, version: HTTP/1.1, content: EmptyByteBufBE)
GET /session/b28b8d813f63f300acef29c63d1a0b0a/url HTTP/1.1
User-Agent: selenium/4.8.1 (java windows)
Cache-Control: no-cache
Content-Type: application/json; charset=utf-8
host: localhost:43439
accept: */*

Response DefaultHttpResponse(decodeResult: success, version: HTTP/1.1)
HTTP/1.1 200 OK
Content-Length: 54
Content-Type: application/json; charset=utf-8
cache-control: no-cache

19:04:38.308 [AsyncHttpClient-1-5] DEBUG org.asynchttpclient.netty.channel.ChannelManager - Adding key: http://localhost:43439 for channel [id: 0x14a54eed, L:/127.0.0.1:61535 - R:localhost/127.0.0.1:43439]
19:04:38.309 [Forwarding screenshot on session b28b8d813f63f300acef29c63d1a0b0a to remote] DEBUG org.asynchttpclient.netty.request.NettyRequestSender - Using pooled Channel '[id: 0x14a54eed, L:/127.0.0.1:61535 - R:localhost/127.0.0.1:43439]' for 'GET' to 'http://localhost:43439/session/b28b8d813f63f300acef29c63d1a0b0a/screenshot'
19:04:38.309 [Forwarding screenshot on session b28b8d813f63f300acef29c63d1a0b0a to remote] DEBUG org.asynchttpclient.netty.request.NettyRequestSender - Using open Channel [id: 0x14a54eed, L:/127.0.0.1:61535 - R:localhost/127.0.0.1:43439] for GET '/session/b28b8d813f63f300acef29c63d1a0b0a/screenshot'
19:04:38.335 [AsyncHttpClient-1-1] DEBUG org.asynchttpclient.netty.channel.DefaultChannelPool - Entry count for : http://localhost:61537 : 1
19:04:38.398 [AsyncHttpClient-1-5] DEBUG org.asynchttpclient.netty.handler.HttpHandler - 

Request DefaultFullHttpRequest(decodeResult: success, version: HTTP/1.1, content: EmptyByteBufBE)
GET /session/b28b8d813f63f300acef29c63d1a0b0a/screenshot HTTP/1.1
User-Agent: selenium/4.8.1 (java windows)
Cache-Control: no-cache
Content-Type: application/json; charset=utf-8
host: localhost:43439
accept: */*

Response DefaultHttpResponse(decodeResult: success, version: HTTP/1.1)
HTTP/1.1 200 OK
Content-Length: 33828
Content-Type: application/json; charset=utf-8
cache-control: no-cache

19:04:38.398 [AsyncHttpClient-1-5] DEBUG org.asynchttpclient.netty.channel.ChannelManager - Adding key: http://localhost:43439 for channel [id: 0x14a54eed, L:/127.0.0.1:61535 - R:localhost/127.0.0.1:43439]
19:04:38.399 [main] DEBUG net.serenitybdd.core.photography.Darkroom - Send negative for processing for target\site\serenity\5b28f54c8ac2b80e58c78226e5315cce905584563247f2ca6928ffeb59123136.png
19:04:38.400 [main] DEBUG net.thucydides.core.steps.StepInterceptor - STEP DONE: inputEmailReg
19:04:38.400 [Darkroom Processing Line] DEBUG net.serenitybdd.core.photography.DarkroomProcessingLine - Processing screenshot image in /var/screenshots/screenshot-178824706209811801
19:04:38.400 [Darkroom Processing Line] DEBUG net.serenitybdd.core.photography.DarkroomProcessingLine - Saving screenshot to target\site\serenity\5b28f54c8ac2b80e58c78226e5315cce905584563247f2ca6928ffeb59123136.png
  &amp#27;[32mAnd &amp#27;[0m&amp#27;[32mI input correct email for register&amp#27;[0m       &amp#27;[90m# starter.stepdefinitions.RegisterSteps.inputEmailReg()&amp#27;[0m
19:04:38.407 [Forwarding getPageSource on session b28b8d813f63f300acef29c63d1a0b0a to remote] DEBUG org.asynchttpclient.netty.request.NettyRequestSender - Using pooled Channel '[id: 0x14a54eed, L:/127.0.0.1:61535 - R:localhost/127.0.0.1:43439]' for 'POST' to 'http://localhost:43439/session/b28b8d813f63f300acef29c63d1a0b0a/execute/sync'
19:04:38.408 [Forwarding getPageSource on session b28b8d813f63f300acef29c63d1a0b0a to remote] DEBUG org.asynchttpclient.netty.request.NettyRequestSender - Using open Channel [id: 0x14a54eed, L:/127.0.0.1:61535 - R:localhost/127.0.0.1:43439] for POST '/session/b28b8d813f63f300acef29c63d1a0b0a/execute/sync'
19:04:38.414 [AsyncHttpClient-1-5] DEBUG org.asynchttpclient.netty.handler.HttpHandler - 

Request DefaultHttpRequest(decodeResult: success, version: HTTP/1.1)
POST /session/b28b8d813f63f300acef29c63d1a0b0a/execute/sync HTTP/1.1
User-Agent: selenium/4.8.1 (java windows)
Content-Length: 176
Content-Type: application/json; charset=utf-8
host: localhost:43439
accept: */*

Response DefaultHttpResponse(decodeResult: success, version: HTTP/1.1)
HTTP/1.1 200 OK
Content-Length: 22435
Content-Type: application/json; charset=utf-8
cache-control: no-cache

19:04:38.414 [AsyncHttpClient-1-5] DEBUG org.asynchttpclient.netty.channel.ChannelManager - Adding key: http://localhost:43439 for channel [id: 0x14a54eed, L:/127.0.0.1:61535 - R:localhost/127.0.0.1:43439]
19:04:38.417 [Forwarding getCurrentUrl on session b28b8d813f63f300acef29c63d1a0b0a to remote] DEBUG org.asynchttpclient.netty.request.NettyRequestSender - Using pooled Channel '[id: 0x14a54eed, L:/127.0.0.1:61535 - R:localhost/127.0.0.1:43439]' for 'GET' to 'http://localhost:43439/session/b28b8d813f63f300acef29c63d1a0b0a/url'
19:04:38.417 [Forwarding getCurrentUrl on session b28b8d813f63f300acef29c63d1a0b0a to remote] DEBUG org.asynchttpclient.netty.request.NettyRequestSender - Using open Channel [id: 0x14a54eed, L:/127.0.0.1:61535 - R:localhost/127.0.0.1:43439] for GET '/session/b28b8d813f63f300acef29c63d1a0b0a/url'
19:04:38.422 [AsyncHttpClient-1-5] DEBUG org.asynchttpclient.netty.handler.HttpHandler - 

Request DefaultFullHttpRequest(decodeResult: success, version: HTTP/1.1, content: EmptyByteBufBE)
GET /session/b28b8d813f63f300acef29c63d1a0b0a/url HTTP/1.1
User-Agent: selenium/4.8.1 (java windows)
Cache-Control: no-cache
Content-Type: application/json; charset=utf-8
host: localhost:43439
accept: */*

Response DefaultHttpResponse(decodeResult: success, version: HTTP/1.1)
HTTP/1.1 200 OK
Content-Length: 54
Content-Type: application/json; charset=utf-8
cache-control: no-cache

19:04:38.422 [AsyncHttpClient-1-5] DEBUG org.asynchttpclient.netty.channel.ChannelManager - Adding key: http://localhost:43439 for channel [id: 0x14a54eed, L:/127.0.0.1:61535 - R:localhost/127.0.0.1:43439]
19:04:38.431 [Forwarding getPageSource on session b28b8d813f63f300acef29c63d1a0b0a to remote] DEBUG org.asynchttpclient.netty.request.NettyRequestSender - Using pooled Channel '[id: 0x14a54eed, L:/127.0.0.1:61535 - R:localhost/127.0.0.1:43439]' for 'POST' to 'http://localhost:43439/session/b28b8d813f63f300acef29c63d1a0b0a/execute/sync'
19:04:38.431 [Forwarding getPageSource on session b28b8d813f63f300acef29c63d1a0b0a to remote] DEBUG org.asynchttpclient.netty.request.NettyRequestSender - Using open Channel [id: 0x14a54eed, L:/127.0.0.1:61535 - R:localhost/127.0.0.1:43439] for POST '/session/b28b8d813f63f300acef29c63d1a0b0a/execute/sync'
19:04:38.438 [AsyncHttpClient-1-5] DEBUG org.asynchttpclient.netty.handler.HttpHandler - 

Request DefaultHttpRequest(decodeResult: success, version: HTTP/1.1)
POST /session/b28b8d813f63f300acef29c63d1a0b0a/execute/sync HTTP/1.1
User-Agent: selenium/4.8.1 (java windows)
Content-Length: 176
Content-Type: application/json; charset=utf-8
host: localhost:43439
accept: */*

Response DefaultHttpResponse(decodeResult: success, version: HTTP/1.1)
HTTP/1.1 200 OK
Content-Length: 22435
Content-Type: application/json; charset=utf-8
cache-control: no-cache

19:04:38.438 [AsyncHttpClient-1-5] DEBUG org.asynchttpclient.netty.channel.ChannelManager - Adding key: http://localhost:43439 for channel [id: 0x14a54eed, L:/127.0.0.1:61535 - R:localhost/127.0.0.1:43439]
19:04:38.441 [Forwarding getCurrentUrl on session b28b8d813f63f300acef29c63d1a0b0a to remote] DEBUG org.asynchttpclient.netty.request.NettyRequestSender - Using pooled Channel '[id: 0x14a54eed, L:/127.0.0.1:61535 - R:localhost/127.0.0.1:43439]' for 'GET' to 'http://localhost:43439/session/b28b8d813f63f300acef29c63d1a0b0a/url'
19:04:38.441 [Forwarding getCurrentUrl on session b28b8d813f63f300acef29c63d1a0b0a to remote] DEBUG org.asynchttpclient.netty.request.NettyRequestSender - Using open Channel [id: 0x14a54eed, L:/127.0.0.1:61535 - R:localhost/127.0.0.1:43439] for GET '/session/b28b8d813f63f300acef29c63d1a0b0a/url'
19:04:38.447 [AsyncHttpClient-1-5] DEBUG org.asynchttpclient.netty.handler.HttpHandler - 

Request DefaultFullHttpRequest(decodeResult: success, version: HTTP/1.1, content: EmptyByteBufBE)
GET /session/b28b8d813f63f300acef29c63d1a0b0a/url HTTP/1.1
User-Agent: selenium/4.8.1 (java windows)
Cache-Control: no-cache
Content-Type: application/json; charset=utf-8
host: localhost:43439
accept: */*

Response DefaultHttpResponse(decodeResult: success, version: HTTP/1.1)
HTTP/1.1 200 OK
Content-Length: 54
Content-Type: application/json; charset=utf-8
cache-control: no-cache

19:04:38.447 [AsyncHttpClient-1-5] DEBUG org.asynchttpclient.netty.channel.ChannelManager - Adding key: http://localhost:43439 for channel [id: 0x14a54eed, L:/127.0.0.1:61535 - R:localhost/127.0.0.1:43439]
19:04:38.451 [main] DEBUG net.thucydides.core.steps.StepInterceptor - STARTING STEP: RegisterSteps.inputPasswordReg - inputPasswordReg
19:04:38.453 [Forwarding findElement on session b28b8d813f63f300acef29c63d1a0b0a to remote] DEBUG org.asynchttpclient.netty.request.NettyRequestSender - Using pooled Channel '[id: 0x14a54eed, L:/127.0.0.1:61535 - R:localhost/127.0.0.1:43439]' for 'POST' to 'http://localhost:43439/session/b28b8d813f63f300acef29c63d1a0b0a/element'
19:04:38.453 [Forwarding findElement on session b28b8d813f63f300acef29c63d1a0b0a to remote] DEBUG org.asynchttpclient.netty.request.NettyRequestSender - Using open Channel [id: 0x14a54eed, L:/127.0.0.1:61535 - R:localhost/127.0.0.1:43439] for POST '/session/b28b8d813f63f300acef29c63d1a0b0a/element'
19:04:38.462 [AsyncHttpClient-1-5] DEBUG org.asynchttpclient.netty.handler.HttpHandler - 

Request DefaultHttpRequest(decodeResult: success, version: HTTP/1.1)
POST /session/b28b8d813f63f300acef29c63d1a0b0a/element HTTP/1.1
User-Agent: selenium/4.8.1 (java windows)
Content-Length: 55
Content-Type: application/json; charset=utf-8
host: localhost:43439
accept: */*

Response DefaultHttpResponse(decodeResult: success, version: HTTP/1.1)
HTTP/1.1 200 OK
Content-Length: 88
Content-Type: application/json; charset=utf-8
cache-control: no-cache

19:04:38.462 [AsyncHttpClient-1-5] DEBUG org.asynchttpclient.netty.channel.ChannelManager - Adding key: http://localhost:43439 for channel [id: 0x14a54eed, L:/127.0.0.1:61535 - R:localhost/127.0.0.1:43439]
19:04:38.463 [Forwarding clearElement on session b28b8d813f63f300acef29c63d1a0b0a to remote] DEBUG org.asynchttpclient.netty.request.NettyRequestSender - Using pooled Channel '[id: 0x14a54eed, L:/127.0.0.1:61535 - R:localhost/127.0.0.1:43439]' for 'POST' to 'http://localhost:43439/session/b28b8d813f63f300acef29c63d1a0b0a/element/96c55b3e-725d-4f50-97fc-dca3bbc0015d/clear'
19:04:38.463 [Forwarding clearElement on session b28b8d813f63f300acef29c63d1a0b0a to remote] DEBUG org.asynchttpclient.netty.request.NettyRequestSender - Using open Channel [id: 0x14a54eed, L:/127.0.0.1:61535 - R:localhost/127.0.0.1:43439] for POST '/session/b28b8d813f63f300acef29c63d1a0b0a/element/96c55b3e-725d-4f50-97fc-dca3bbc0015d/clear'
19:04:38.506 [AsyncHttpClient-1-5] DEBUG org.asynchttpclient.netty.handler.HttpHandler - 

Request DefaultHttpRequest(decodeResult: success, version: HTTP/1.1)
POST /session/b28b8d813f63f300acef29c63d1a0b0a/element/96c55b3e-725d-4f50-97fc-dca3bbc0015d/clear HTTP/1.1
User-Agent: selenium/4.8.1 (java windows)
Content-Length: 50
Content-Type: application/json; charset=utf-8
host: localhost:43439
accept: */*

Response DefaultHttpResponse(decodeResult: success, version: HTTP/1.1)
HTTP/1.1 200 OK
Content-Length: 14
Content-Type: application/json; charset=utf-8
cache-control: no-cache

19:04:38.506 [AsyncHttpClient-1-5] DEBUG org.asynchttpclient.netty.channel.ChannelManager - Adding key: http://localhost:43439 for channel [id: 0x14a54eed, L:/127.0.0.1:61535 - R:localhost/127.0.0.1:43439]
19:04:38.510 [Forwarding sendKeysToElement on session b28b8d813f63f300acef29c63d1a0b0a to remote] DEBUG org.asynchttpclient.netty.request.NettyRequestSender - Using pooled Channel '[id: 0x14a54eed, L:/127.0.0.1:61535 - R:localhost/127.0.0.1:43439]' for 'POST' to 'http://localhost:43439/session/b28b8d813f63f300acef29c63d1a0b0a/element/96c55b3e-725d-4f50-97fc-dca3bbc0015d/value'
19:04:38.510 [Forwarding sendKeysToElement on session b28b8d813f63f300acef29c63d1a0b0a to remote] DEBUG org.asynchttpclient.netty.request.NettyRequestSender - Using open Channel [id: 0x14a54eed, L:/127.0.0.1:61535 - R:localhost/127.0.0.1:43439] for POST '/session/b28b8d813f63f300acef29c63d1a0b0a/element/96c55b3e-725d-4f50-97fc-dca3bbc0015d/value'
19:04:38.725 [AsyncHttpClient-1-5] DEBUG org.asynchttpclient.netty.handler.HttpHandler - 

Request DefaultHttpRequest(decodeResult: success, version: HTTP/1.1)
POST /session/b28b8d813f63f300acef29c63d1a0b0a/element/96c55b3e-725d-4f50-97fc-dca3bbc0015d/value HTTP/1.1
User-Agent: selenium/4.8.1 (java windows)
Content-Length: 181
Content-Type: application/json; charset=utf-8
host: localhost:43439
accept: */*

Response DefaultHttpResponse(decodeResult: success, version: HTTP/1.1)
HTTP/1.1 200 OK
Content-Length: 14
Content-Type: application/json; charset=utf-8
cache-control: no-cache

19:04:38.725 [AsyncHttpClient-1-5] DEBUG org.asynchttpclient.netty.channel.ChannelManager - Adding key: http://localhost:43439 for channel [id: 0x14a54eed, L:/127.0.0.1:61535 - R:localhost/127.0.0.1:43439]
19:04:38.737 [Forwarding getAlertText on session b28b8d813f63f300acef29c63d1a0b0a to remote] DEBUG org.asynchttpclient.netty.request.NettyRequestSender - Using pooled Channel '[id: 0x14a54eed, L:/127.0.0.1:61535 - R:localhost/127.0.0.1:43439]' for 'GET' to 'http://localhost:43439/session/b28b8d813f63f300acef29c63d1a0b0a/alert/text'
19:04:38.737 [Forwarding getAlertText on session b28b8d813f63f300acef29c63d1a0b0a to remote] DEBUG org.asynchttpclient.netty.request.NettyRequestSender - Using open Channel [id: 0x14a54eed, L:/127.0.0.1:61535 - R:localhost/127.0.0.1:43439] for GET '/session/b28b8d813f63f300acef29c63d1a0b0a/alert/text'
19:04:38.745 [AsyncHttpClient-1-5] DEBUG org.asynchttpclient.netty.handler.HttpHandler - 

Request DefaultFullHttpRequest(decodeResult: success, version: HTTP/1.1, content: EmptyByteBufBE)
GET /session/b28b8d813f63f300acef29c63d1a0b0a/alert/text HTTP/1.1
User-Agent: selenium/4.8.1 (java windows)
Cache-Control: no-cache
Content-Type: application/json; charset=utf-8
host: localhost:43439
accept: */*

Response DefaultHttpResponse(decodeResult: success, version: HTTP/1.1)
HTTP/1.1 404 Not Found
Content-Length: 836
Content-Type: application/json; charset=utf-8
cache-control: no-cache

19:04:38.745 [AsyncHttpClient-1-5] DEBUG org.asynchttpclient.netty.channel.ChannelManager - Adding key: http://localhost:43439 for channel [id: 0x14a54eed, L:/127.0.0.1:61535 - R:localhost/127.0.0.1:43439]
19:04:38.749 [Forwarding getCurrentUrl on session b28b8d813f63f300acef29c63d1a0b0a to remote] DEBUG org.asynchttpclient.netty.request.NettyRequestSender - Using pooled Channel '[id: 0x14a54eed, L:/127.0.0.1:61535 - R:localhost/127.0.0.1:43439]' for 'GET' to 'http://localhost:43439/session/b28b8d813f63f300acef29c63d1a0b0a/url'
19:04:38.749 [Forwarding getCurrentUrl on session b28b8d813f63f300acef29c63d1a0b0a to remote] DEBUG org.asynchttpclient.netty.request.NettyRequestSender - Using open Channel [id: 0x14a54eed, L:/127.0.0.1:61535 - R:localhost/127.0.0.1:43439] for GET '/session/b28b8d813f63f300acef29c63d1a0b0a/url'
19:04:38.759 [AsyncHttpClient-1-5] DEBUG org.asynchttpclient.netty.handler.HttpHandler - 

Request DefaultFullHttpRequest(decodeResult: success, version: HTTP/1.1, content: EmptyByteBufBE)
GET /session/b28b8d813f63f300acef29c63d1a0b0a/url HTTP/1.1
User-Agent: selenium/4.8.1 (java windows)
Cache-Control: no-cache
Content-Type: application/json; charset=utf-8
host: localhost:43439
accept: */*

Response DefaultHttpResponse(decodeResult: success, version: HTTP/1.1)
HTTP/1.1 200 OK
Content-Length: 54
Content-Type: application/json; charset=utf-8
cache-control: no-cache

19:04:38.760 [AsyncHttpClient-1-5] DEBUG org.asynchttpclient.netty.channel.ChannelManager - Adding key: http://localhost:43439 for channel [id: 0x14a54eed, L:/127.0.0.1:61535 - R:localhost/127.0.0.1:43439]
19:04:38.763 [Forwarding screenshot on session b28b8d813f63f300acef29c63d1a0b0a to remote] DEBUG org.asynchttpclient.netty.request.NettyRequestSender - Using pooled Channel '[id: 0x14a54eed, L:/127.0.0.1:61535 - R:localhost/127.0.0.1:43439]' for 'GET' to 'http://localhost:43439/session/b28b8d813f63f300acef29c63d1a0b0a/screenshot'
19:04:38.763 [Forwarding screenshot on session b28b8d813f63f300acef29c63d1a0b0a to remote] DEBUG org.asynchttpclient.netty.request.NettyRequestSender - Using open Channel [id: 0x14a54eed, L:/127.0.0.1:61535 - R:localhost/127.0.0.1:43439] for GET '/session/b28b8d813f63f300acef29c63d1a0b0a/screenshot'
19:04:38.869 [AsyncHttpClient-1-5] DEBUG org.asynchttpclient.netty.handler.HttpHandler - 

Request DefaultFullHttpRequest(decodeResult: success, version: HTTP/1.1, content: EmptyByteBufBE)
GET /session/b28b8d813f63f300acef29c63d1a0b0a/screenshot HTTP/1.1
User-Agent: selenium/4.8.1 (java windows)
Cache-Control: no-cache
Content-Type: application/json; charset=utf-8
host: localhost:43439
accept: */*

Response DefaultHttpResponse(decodeResult: success, version: HTTP/1.1)
HTTP/1.1 200 OK
Content-Length: 35636
Content-Type: application/json; charset=utf-8
cache-control: no-cache

19:04:38.870 [AsyncHttpClient-1-5] DEBUG org.asynchttpclient.netty.channel.ChannelManager - Adding key: http://localhost:43439 for channel [id: 0x14a54eed, L:/127.0.0.1:61535 - R:localhost/127.0.0.1:43439]
19:04:38.871 [main] DEBUG net.serenitybdd.core.photography.Darkroom - Send negative for processing for target\site\serenity\aca3d6e0102f0d88cd3a923de64663ddd2736f37bbc592d3f714031edb71e412.png
19:04:38.871 [main] DEBUG net.thucydides.core.steps.StepInterceptor - STEP DONE: inputPasswordReg
19:04:38.871 [Darkroom Processing Line] DEBUG net.serenitybdd.core.photography.DarkroomProcessingLine - Processing screenshot image in /var/screenshots/screenshot-6281845626337208175
19:04:38.871 [Darkroom Processing Line] DEBUG net.serenitybdd.core.photography.DarkroomProcessingLine - Saving screenshot to target\site\serenity\aca3d6e0102f0d88cd3a923de64663ddd2736f37bbc592d3f714031edb71e412.png
  &amp#27;[32mAnd &amp#27;[0m&amp#27;[32mI input correct password for register&amp#27;[0m    &amp#27;[90m# starter.stepdefinitions.RegisterSteps.inputPasswordReg()&amp#27;[0m
19:04:38.878 [Forwarding getPageSource on session b28b8d813f63f300acef29c63d1a0b0a to remote] DEBUG org.asynchttpclient.netty.request.NettyRequestSender - Using pooled Channel '[id: 0x14a54eed, L:/127.0.0.1:61535 - R:localhost/127.0.0.1:43439]' for 'POST' to 'http://localhost:43439/session/b28b8d813f63f300acef29c63d1a0b0a/execute/sync'
19:04:38.879 [Forwarding getPageSource on session b28b8d813f63f300acef29c63d1a0b0a to remote] DEBUG org.asynchttpclient.netty.request.NettyRequestSender - Using open Channel [id: 0x14a54eed, L:/127.0.0.1:61535 - R:localhost/127.0.0.1:43439] for POST '/session/b28b8d813f63f300acef29c63d1a0b0a/execute/sync'
19:04:38.884 [AsyncHttpClient-1-5] DEBUG org.asynchttpclient.netty.handler.HttpHandler - 

Request DefaultHttpRequest(decodeResult: success, version: HTTP/1.1)
POST /session/b28b8d813f63f300acef29c63d1a0b0a/execute/sync HTTP/1.1
User-Agent: selenium/4.8.1 (java windows)
Content-Length: 176
Content-Type: application/json; charset=utf-8
host: localhost:43439
accept: */*

Response DefaultHttpResponse(decodeResult: success, version: HTTP/1.1)
HTTP/1.1 200 OK
Content-Length: 22494
Content-Type: application/json; charset=utf-8
cache-control: no-cache

19:04:38.884 [AsyncHttpClient-1-5] DEBUG org.asynchttpclient.netty.channel.ChannelManager - Adding key: http://localhost:43439 for channel [id: 0x14a54eed, L:/127.0.0.1:61535 - R:localhost/127.0.0.1:43439]
19:04:38.886 [Forwarding getCurrentUrl on session b28b8d813f63f300acef29c63d1a0b0a to remote] DEBUG org.asynchttpclient.netty.request.NettyRequestSender - Using pooled Channel '[id: 0x14a54eed, L:/127.0.0.1:61535 - R:localhost/127.0.0.1:43439]' for 'GET' to 'http://localhost:43439/session/b28b8d813f63f300acef29c63d1a0b0a/url'
19:04:38.887 [Forwarding getCurrentUrl on session b28b8d813f63f300acef29c63d1a0b0a to remote] DEBUG org.asynchttpclient.netty.request.NettyRequestSender - Using open Channel [id: 0x14a54eed, L:/127.0.0.1:61535 - R:localhost/127.0.0.1:43439] for GET '/session/b28b8d813f63f300acef29c63d1a0b0a/url'
19:04:38.892 [AsyncHttpClient-1-5] DEBUG org.asynchttpclient.netty.handler.HttpHandler - 

Request DefaultFullHttpRequest(decodeResult: success, version: HTTP/1.1, content: EmptyByteBufBE)
GET /session/b28b8d813f63f300acef29c63d1a0b0a/url HTTP/1.1
User-Agent: selenium/4.8.1 (java windows)
Cache-Control: no-cache
Content-Type: application/json; charset=utf-8
host: localhost:43439
accept: */*

Response DefaultHttpResponse(decodeResult: success, version: HTTP/1.1)
HTTP/1.1 200 OK
Content-Length: 54
Content-Type: application/json; charset=utf-8
cache-control: no-cache

19:04:38.892 [AsyncHttpClient-1-5] DEBUG org.asynchttpclient.netty.channel.ChannelManager - Adding key: http://localhost:43439 for channel [id: 0x14a54eed, L:/127.0.0.1:61535 - R:localhost/127.0.0.1:43439]
19:04:38.901 [Forwarding getPageSource on session b28b8d813f63f300acef29c63d1a0b0a to remote] DEBUG org.asynchttpclient.netty.request.NettyRequestSender - Using pooled Channel '[id: 0x14a54eed, L:/127.0.0.1:61535 - R:localhost/127.0.0.1:43439]' for 'POST' to 'http://localhost:43439/session/b28b8d813f63f300acef29c63d1a0b0a/execute/sync'
19:04:38.901 [Forwarding getPageSource on session b28b8d813f63f300acef29c63d1a0b0a to remote] DEBUG org.asynchttpclient.netty.request.NettyRequestSender - Using open Channel [id: 0x14a54eed, L:/127.0.0.1:61535 - R:localhost/127.0.0.1:43439] for POST '/session/b28b8d813f63f300acef29c63d1a0b0a/execute/sync'
19:04:38.905 [AsyncHttpClient-1-5] DEBUG org.asynchttpclient.netty.handler.HttpHandler - 

Request DefaultHttpRequest(decodeResult: success, version: HTTP/1.1)
POST /session/b28b8d813f63f300acef29c63d1a0b0a/execute/sync HTTP/1.1
User-Agent: selenium/4.8.1 (java windows)
Content-Length: 176
Content-Type: application/json; charset=utf-8
host: localhost:43439
accept: */*

Response DefaultHttpResponse(decodeResult: success, version: HTTP/1.1)
HTTP/1.1 200 OK
Content-Length: 22494
Content-Type: application/json; charset=utf-8
cache-control: no-cache

19:04:38.905 [AsyncHttpClient-1-5] DEBUG org.asynchttpclient.netty.channel.ChannelManager - Adding key: http://localhost:43439 for channel [id: 0x14a54eed, L:/127.0.0.1:61535 - R:localhost/127.0.0.1:43439]
19:04:38.908 [Forwarding getCurrentUrl on session b28b8d813f63f300acef29c63d1a0b0a to remote] DEBUG org.asynchttpclient.netty.request.NettyRequestSender - Using pooled Channel '[id: 0x14a54eed, L:/127.0.0.1:61535 - R:localhost/127.0.0.1:43439]' for 'GET' to 'http://localhost:43439/session/b28b8d813f63f300acef29c63d1a0b0a/url'
19:04:38.908 [Forwarding getCurrentUrl on session b28b8d813f63f300acef29c63d1a0b0a to remote] DEBUG org.asynchttpclient.netty.request.NettyRequestSender - Using open Channel [id: 0x14a54eed, L:/127.0.0.1:61535 - R:localhost/127.0.0.1:43439] for GET '/session/b28b8d813f63f300acef29c63d1a0b0a/url'
19:04:38.911 [AsyncHttpClient-1-5] DEBUG org.asynchttpclient.netty.handler.HttpHandler - 

Request DefaultFullHttpRequest(decodeResult: success, version: HTTP/1.1, content: EmptyByteBufBE)
GET /session/b28b8d813f63f300acef29c63d1a0b0a/url HTTP/1.1
User-Agent: selenium/4.8.1 (java windows)
Cache-Control: no-cache
Content-Type: application/json; charset=utf-8
host: localhost:43439
accept: */*

Response DefaultHttpResponse(decodeResult: success, version: HTTP/1.1)
HTTP/1.1 200 OK
Content-Length: 54
Content-Type: application/json; charset=utf-8
cache-control: no-cache

19:04:38.911 [AsyncHttpClient-1-5] DEBUG org.asynchttpclient.netty.channel.ChannelManager - Adding key: http://localhost:43439 for channel [id: 0x14a54eed, L:/127.0.0.1:61535 - R:localhost/127.0.0.1:43439]
19:04:38.912 [main] DEBUG net.thucydides.core.steps.StepInterceptor - STARTING STEP: RegisterSteps.ClickRegisterButton - ClickRegisterButton
19:04:38.914 [Forwarding findElement on session b28b8d813f63f300acef29c63d1a0b0a to remote] DEBUG org.asynchttpclient.netty.request.NettyRequestSender - Using pooled Channel '[id: 0x14a54eed, L:/127.0.0.1:61535 - R:localhost/127.0.0.1:43439]' for 'POST' to 'http://localhost:43439/session/b28b8d813f63f300acef29c63d1a0b0a/element'
19:04:38.914 [Forwarding findElement on session b28b8d813f63f300acef29c63d1a0b0a to remote] DEBUG org.asynchttpclient.netty.request.NettyRequestSender - Using open Channel [id: 0x14a54eed, L:/127.0.0.1:61535 - R:localhost/127.0.0.1:43439] for POST '/session/b28b8d813f63f300acef29c63d1a0b0a/element'
19:04:38.926 [AsyncHttpClient-1-5] DEBUG org.asynchttpclient.netty.handler.HttpHandler - 

Request DefaultHttpRequest(decodeResult: success, version: HTTP/1.1)
POST /session/b28b8d813f63f300acef29c63d1a0b0a/element HTTP/1.1
User-Agent: selenium/4.8.1 (java windows)
Content-Length: 71
Content-Type: application/json; charset=utf-8
host: localhost:43439
accept: */*

Response DefaultHttpResponse(decodeResult: success, version: HTTP/1.1)
HTTP/1.1 200 OK
Content-Length: 88
Content-Type: application/json; charset=utf-8
cache-control: no-cache

19:04:38.926 [AsyncHttpClient-1-5] DEBUG org.asynchttpclient.netty.channel.ChannelManager - Adding key: http://localhost:43439 for channel [id: 0x14a54eed, L:/127.0.0.1:61535 - R:localhost/127.0.0.1:43439]
19:04:38.927 [Forwarding getElementTagName on session b28b8d813f63f300acef29c63d1a0b0a to remote] DEBUG org.asynchttpclient.netty.request.NettyRequestSender - Using pooled Channel '[id: 0x14a54eed, L:/127.0.0.1:61535 - R:localhost/127.0.0.1:43439]' for 'GET' to 'http://localhost:43439/session/b28b8d813f63f300acef29c63d1a0b0a/element/13d59608-a150-46b6-92e5-58e524e04f48/name'
19:04:38.927 [Forwarding getElementTagName on session b28b8d813f63f300acef29c63d1a0b0a to remote] DEBUG org.asynchttpclient.netty.request.NettyRequestSender - Using open Channel [id: 0x14a54eed, L:/127.0.0.1:61535 - R:localhost/127.0.0.1:43439] for GET '/session/b28b8d813f63f300acef29c63d1a0b0a/element/13d59608-a150-46b6-92e5-58e524e04f48/name'
19:04:38.932 [AsyncHttpClient-1-5] DEBUG org.asynchttpclient.netty.handler.HttpHandler - 

Request DefaultFullHttpRequest(decodeResult: success, version: HTTP/1.1, content: EmptyByteBufBE)
GET /session/b28b8d813f63f300acef29c63d1a0b0a/element/13d59608-a150-46b6-92e5-58e524e04f48/name HTTP/1.1
User-Agent: selenium/4.8.1 (java windows)
Cache-Control: no-cache
Content-Type: application/json; charset=utf-8
host: localhost:43439
accept: */*

Response DefaultHttpResponse(decodeResult: success, version: HTTP/1.1)
HTTP/1.1 200 OK
Content-Length: 18
Content-Type: application/json; charset=utf-8
cache-control: no-cache

19:04:38.932 [AsyncHttpClient-1-5] DEBUG org.asynchttpclient.netty.channel.ChannelManager - Adding key: http://localhost:43439 for channel [id: 0x14a54eed, L:/127.0.0.1:61535 - R:localhost/127.0.0.1:43439]
19:04:38.933 [Forwarding getElementTagName on session b28b8d813f63f300acef29c63d1a0b0a to remote] DEBUG org.asynchttpclient.netty.request.NettyRequestSender - Using pooled Channel '[id: 0x14a54eed, L:/127.0.0.1:61535 - R:localhost/127.0.0.1:43439]' for 'GET' to 'http://localhost:43439/session/b28b8d813f63f300acef29c63d1a0b0a/element/13d59608-a150-46b6-92e5-58e524e04f48/name'
19:04:38.933 [Forwarding getElementTagName on session b28b8d813f63f300acef29c63d1a0b0a to remote] DEBUG org.asynchttpclient.netty.request.NettyRequestSender - Using open Channel [id: 0x14a54eed, L:/127.0.0.1:61535 - R:localhost/127.0.0.1:43439] for GET '/session/b28b8d813f63f300acef29c63d1a0b0a/element/13d59608-a150-46b6-92e5-58e524e04f48/name'
19:04:38.937 [AsyncHttpClient-1-5] DEBUG org.asynchttpclient.netty.handler.HttpHandler - 

Request DefaultFullHttpRequest(decodeResult: success, version: HTTP/1.1, content: EmptyByteBufBE)
GET /session/b28b8d813f63f300acef29c63d1a0b0a/element/13d59608-a150-46b6-92e5-58e524e04f48/name HTTP/1.1
User-Agent: selenium/4.8.1 (java windows)
Cache-Control: no-cache
Content-Type: application/json; charset=utf-8
host: localhost:43439
accept: */*

Response DefaultHttpResponse(decodeResult: success, version: HTTP/1.1)
HTTP/1.1 200 OK
Content-Length: 18
Content-Type: application/json; charset=utf-8
cache-control: no-cache

19:04:38.937 [AsyncHttpClient-1-5] DEBUG org.asynchttpclient.netty.channel.ChannelManager - Adding key: http://localhost:43439 for channel [id: 0x14a54eed, L:/127.0.0.1:61535 - R:localhost/127.0.0.1:43439]
19:04:38.939 [Forwarding isElementEnabled on session b28b8d813f63f300acef29c63d1a0b0a to remote] DEBUG org.asynchttpclient.netty.request.NettyRequestSender - Using pooled Channel '[id: 0x14a54eed, L:/127.0.0.1:61535 - R:localhost/127.0.0.1:43439]' for 'GET' to 'http://localhost:43439/session/b28b8d813f63f300acef29c63d1a0b0a/element/13d59608-a150-46b6-92e5-58e524e04f48/enabled'
19:04:38.939 [Forwarding isElementEnabled on session b28b8d813f63f300acef29c63d1a0b0a to remote] DEBUG org.asynchttpclient.netty.request.NettyRequestSender - Using open Channel [id: 0x14a54eed, L:/127.0.0.1:61535 - R:localhost/127.0.0.1:43439] for GET '/session/b28b8d813f63f300acef29c63d1a0b0a/element/13d59608-a150-46b6-92e5-58e524e04f48/enabled'
19:04:38.945 [AsyncHttpClient-1-5] DEBUG org.asynchttpclient.netty.handler.HttpHandler - 

Request DefaultFullHttpRequest(decodeResult: success, version: HTTP/1.1, content: EmptyByteBufBE)
GET /session/b28b8d813f63f300acef29c63d1a0b0a/element/13d59608-a150-46b6-92e5-58e524e04f48/enabled HTTP/1.1
User-Agent: selenium/4.8.1 (java windows)
Cache-Control: no-cache
Content-Type: application/json; charset=utf-8
host: localhost:43439
accept: */*

Response DefaultHttpResponse(decodeResult: success, version: HTTP/1.1)
HTTP/1.1 200 OK
Content-Length: 14
Content-Type: application/json; charset=utf-8
cache-control: no-cache

19:04:38.945 [AsyncHttpClient-1-5] DEBUG org.asynchttpclient.netty.channel.ChannelManager - Adding key: http://localhost:43439 for channel [id: 0x14a54eed, L:/127.0.0.1:61535 - R:localhost/127.0.0.1:43439]
19:04:38.946 [Forwarding isElementEnabled on session b28b8d813f63f300acef29c63d1a0b0a to remote] DEBUG org.asynchttpclient.netty.request.NettyRequestSender - Using pooled Channel '[id: 0x14a54eed, L:/127.0.0.1:61535 - R:localhost/127.0.0.1:43439]' for 'GET' to 'http://localhost:43439/session/b28b8d813f63f300acef29c63d1a0b0a/element/13d59608-a150-46b6-92e5-58e524e04f48/enabled'
19:04:38.946 [Forwarding isElementEnabled on session b28b8d813f63f300acef29c63d1a0b0a to remote] DEBUG org.asynchttpclient.netty.request.NettyRequestSender - Using open Channel [id: 0x14a54eed, L:/127.0.0.1:61535 - R:localhost/127.0.0.1:43439] for GET '/session/b28b8d813f63f300acef29c63d1a0b0a/element/13d59608-a150-46b6-92e5-58e524e04f48/enabled'
19:04:38.950 [AsyncHttpClient-1-5] DEBUG org.asynchttpclient.netty.handler.HttpHandler - 

Request DefaultFullHttpRequest(decodeResult: success, version: HTTP/1.1, content: EmptyByteBufBE)
GET /session/b28b8d813f63f300acef29c63d1a0b0a/element/13d59608-a150-46b6-92e5-58e524e04f48/enabled HTTP/1.1
User-Agent: selenium/4.8.1 (java windows)
Cache-Control: no-cache
Content-Type: application/json; charset=utf-8
host: localhost:43439
accept: */*

Response DefaultHttpResponse(decodeResult: success, version: HTTP/1.1)
HTTP/1.1 200 OK
Content-Length: 14
Content-Type: application/json; charset=utf-8
cache-control: no-cache

19:04:38.950 [AsyncHttpClient-1-5] DEBUG org.asynchttpclient.netty.channel.ChannelManager - Adding key: http://localhost:43439 for channel [id: 0x14a54eed, L:/127.0.0.1:61535 - R:localhost/127.0.0.1:43439]
19:04:38.951 [Forwarding findElement on session b28b8d813f63f300acef29c63d1a0b0a to remote] DEBUG org.asynchttpclient.netty.request.NettyRequestSender - Using pooled Channel '[id: 0x14a54eed, L:/127.0.0.1:61535 - R:localhost/127.0.0.1:43439]' for 'POST' to 'http://localhost:43439/session/b28b8d813f63f300acef29c63d1a0b0a/element'
19:04:38.951 [Forwarding findElement on session b28b8d813f63f300acef29c63d1a0b0a to remote] DEBUG org.asynchttpclient.netty.request.NettyRequestSender - Using open Channel [id: 0x14a54eed, L:/127.0.0.1:61535 - R:localhost/127.0.0.1:43439] for POST '/session/b28b8d813f63f300acef29c63d1a0b0a/element'
19:04:38.957 [AsyncHttpClient-1-5] DEBUG org.asynchttpclient.netty.handler.HttpHandler - 

Request DefaultHttpRequest(decodeResult: success, version: HTTP/1.1)
POST /session/b28b8d813f63f300acef29c63d1a0b0a/element HTTP/1.1
User-Agent: selenium/4.8.1 (java windows)
Content-Length: 71
Content-Type: application/json; charset=utf-8
host: localhost:43439
accept: */*

Response DefaultHttpResponse(decodeResult: success, version: HTTP/1.1)
HTTP/1.1 200 OK
Content-Length: 88
Content-Type: application/json; charset=utf-8
cache-control: no-cache

19:04:38.957 [AsyncHttpClient-1-5] DEBUG org.asynchttpclient.netty.channel.ChannelManager - Adding key: http://localhost:43439 for channel [id: 0x14a54eed, L:/127.0.0.1:61535 - R:localhost/127.0.0.1:43439]
19:04:38.958 [Forwarding clickElement on session b28b8d813f63f300acef29c63d1a0b0a to remote] DEBUG org.asynchttpclient.netty.request.NettyRequestSender - Using pooled Channel '[id: 0x14a54eed, L:/127.0.0.1:61535 - R:localhost/127.0.0.1:43439]' for 'POST' to 'http://localhost:43439/session/b28b8d813f63f300acef29c63d1a0b0a/element/13d59608-a150-46b6-92e5-58e524e04f48/click'
19:04:38.958 [Forwarding clickElement on session b28b8d813f63f300acef29c63d1a0b0a to remote] DEBUG org.asynchttpclient.netty.request.NettyRequestSender - Using open Channel [id: 0x14a54eed, L:/127.0.0.1:61535 - R:localhost/127.0.0.1:43439] for POST '/session/b28b8d813f63f300acef29c63d1a0b0a/element/13d59608-a150-46b6-92e5-58e524e04f48/click'
19:04:39.010 [AsyncHttpClient-1-5] DEBUG org.asynchttpclient.netty.handler.HttpHandler - 

Request DefaultHttpRequest(decodeResult: success, version: HTTP/1.1)
POST /session/b28b8d813f63f300acef29c63d1a0b0a/element/13d59608-a150-46b6-92e5-58e524e04f48/click HTTP/1.1
User-Agent: selenium/4.8.1 (java windows)
Content-Length: 50
Content-Type: application/json; charset=utf-8
host: localhost:43439
accept: */*

Response DefaultHttpResponse(decodeResult: success, version: HTTP/1.1)
HTTP/1.1 200 OK
Content-Length: 14
Content-Type: application/json; charset=utf-8
cache-control: no-cache

19:04:39.010 [AsyncHttpClient-1-5] DEBUG org.asynchttpclient.netty.channel.ChannelManager - Adding key: http://localhost:43439 for channel [id: 0x14a54eed, L:/127.0.0.1:61535 - R:localhost/127.0.0.1:43439]
19:04:39.017 [Forwarding getAlertText on session b28b8d813f63f300acef29c63d1a0b0a to remote] DEBUG org.asynchttpclient.netty.request.NettyRequestSender - Using pooled Channel '[id: 0x14a54eed, L:/127.0.0.1:61535 - R:localhost/127.0.0.1:43439]' for 'GET' to 'http://localhost:43439/session/b28b8d813f63f300acef29c63d1a0b0a/alert/text'
19:04:39.017 [Forwarding getAlertText on session b28b8d813f63f300acef29c63d1a0b0a to remote] DEBUG org.asynchttpclient.netty.request.NettyRequestSender - Using open Channel [id: 0x14a54eed, L:/127.0.0.1:61535 - R:localhost/127.0.0.1:43439] for GET '/session/b28b8d813f63f300acef29c63d1a0b0a/alert/text'
19:04:39.019 [AsyncHttpClient-1-5] DEBUG org.asynchttpclient.netty.handler.HttpHandler - 

Request DefaultFullHttpRequest(decodeResult: success, version: HTTP/1.1, content: EmptyByteBufBE)
GET /session/b28b8d813f63f300acef29c63d1a0b0a/alert/text HTTP/1.1
User-Agent: selenium/4.8.1 (java windows)
Cache-Control: no-cache
Content-Type: application/json; charset=utf-8
host: localhost:43439
accept: */*

Response DefaultHttpResponse(decodeResult: success, version: HTTP/1.1)
HTTP/1.1 404 Not Found
Content-Length: 836
Content-Type: application/json; charset=utf-8
cache-control: no-cache

19:04:39.019 [AsyncHttpClient-1-5] DEBUG org.asynchttpclient.netty.channel.ChannelManager - Adding key: http://localhost:43439 for channel [id: 0x14a54eed, L:/127.0.0.1:61535 - R:localhost/127.0.0.1:43439]
19:04:39.020 [Forwarding getCurrentUrl on session b28b8d813f63f300acef29c63d1a0b0a to remote] DEBUG org.asynchttpclient.netty.request.NettyRequestSender - Using pooled Channel '[id: 0x14a54eed, L:/127.0.0.1:61535 - R:localhost/127.0.0.1:43439]' for 'GET' to 'http://localhost:43439/session/b28b8d813f63f300acef29c63d1a0b0a/url'
19:04:39.020 [Forwarding getCurrentUrl on session b28b8d813f63f300acef29c63d1a0b0a to remote] DEBUG org.asynchttpclient.netty.request.NettyRequestSender - Using open Channel [id: 0x14a54eed, L:/127.0.0.1:61535 - R:localhost/127.0.0.1:43439] for GET '/session/b28b8d813f63f300acef29c63d1a0b0a/url'
19:04:39.024 [AsyncHttpClient-1-5] DEBUG org.asynchttpclient.netty.handler.HttpHandler - 

Request DefaultFullHttpRequest(decodeResult: success, version: HTTP/1.1, content: EmptyByteBufBE)
GET /session/b28b8d813f63f300acef29c63d1a0b0a/url HTTP/1.1
User-Agent: selenium/4.8.1 (java windows)
Cache-Control: no-cache
Content-Type: application/json; charset=utf-8
host: localhost:43439
accept: */*

Response DefaultHttpResponse(decodeResult: success, version: HTTP/1.1)
HTTP/1.1 200 OK
Content-Length: 54
Content-Type: application/json; charset=utf-8
cache-control: no-cache

19:04:39.024 [AsyncHttpClient-1-5] DEBUG org.asynchttpclient.netty.channel.ChannelManager - Adding key: http://localhost:43439 for channel [id: 0x14a54eed, L:/127.0.0.1:61535 - R:localhost/127.0.0.1:43439]
19:04:39.025 [Forwarding screenshot on session b28b8d813f63f300acef29c63d1a0b0a to remote] DEBUG org.asynchttpclient.netty.request.NettyRequestSender - Using pooled Channel '[id: 0x14a54eed, L:/127.0.0.1:61535 - R:localhost/127.0.0.1:43439]' for 'GET' to 'http://localhost:43439/session/b28b8d813f63f300acef29c63d1a0b0a/screenshot'
19:04:39.025 [Forwarding screenshot on session b28b8d813f63f300acef29c63d1a0b0a to remote] DEBUG org.asynchttpclient.netty.request.NettyRequestSender - Using open Channel [id: 0x14a54eed, L:/127.0.0.1:61535 - R:localhost/127.0.0.1:43439] for GET '/session/b28b8d813f63f300acef29c63d1a0b0a/screenshot'
19:04:39.138 [AsyncHttpClient-1-5] DEBUG org.asynchttpclient.netty.handler.HttpHandler - 

Request DefaultFullHttpRequest(decodeResult: success, version: HTTP/1.1, content: EmptyByteBufBE)
GET /session/b28b8d813f63f300acef29c63d1a0b0a/screenshot HTTP/1.1
User-Agent: selenium/4.8.1 (java windows)
Cache-Control: no-cache
Content-Type: application/json; charset=utf-8
host: localhost:43439
accept: */*

Response DefaultHttpResponse(decodeResult: success, version: HTTP/1.1)
HTTP/1.1 200 OK
Content-Length: 35048
Content-Type: application/json; charset=utf-8
cache-control: no-cache

19:04:39.139 [AsyncHttpClient-1-5] DEBUG org.asynchttpclient.netty.channel.ChannelManager - Adding key: http://localhost:43439 for channel [id: 0x14a54eed, L:/127.0.0.1:61535 - R:localhost/127.0.0.1:43439]
19:04:39.140 [main] DEBUG net.serenitybdd.core.photography.Darkroom - Send negative for processing for target\site\serenity\f8a5284cd4de07d4d7d6103f0b725d7554fe7318adf3bddcc4a56d644b1b1a51.png
19:04:39.141 [main] DEBUG net.thucydides.core.steps.StepInterceptor - STEP DONE: ClickRegisterButton
19:04:39.141 [Darkroom Processing Line] DEBUG net.serenitybdd.core.photography.DarkroomProcessingLine - Processing screenshot image in /var/screenshots/screenshot-16937294186054039178
19:04:39.141 [Darkroom Processing Line] DEBUG net.serenitybdd.core.photography.DarkroomProcessingLine - Saving screenshot to target\site\serenity\f8a5284cd4de07d4d7d6103f0b725d7554fe7318adf3bddcc4a56d644b1b1a51.png
  &amp#27;[32mWhen &amp#27;[0m&amp#27;[32mI click on the register button&amp#27;[0m          &amp#27;[90m# starter.stepdefinitions.RegisterSteps.ClickRegisterButton()&amp#27;[0m
19:04:39.153 [Forwarding getPageSource on session b28b8d813f63f300acef29c63d1a0b0a to remote] DEBUG org.asynchttpclient.netty.request.NettyRequestSender - Using pooled Channel '[id: 0x14a54eed, L:/127.0.0.1:61535 - R:localhost/127.0.0.1:43439]' for 'POST' to 'http://localhost:43439/session/b28b8d813f63f300acef29c63d1a0b0a/execute/sync'
19:04:39.153 [Forwarding getPageSource on session b28b8d813f63f300acef29c63d1a0b0a to remote] DEBUG org.asynchttpclient.netty.request.NettyRequestSender - Using open Channel [id: 0x14a54eed, L:/127.0.0.1:61535 - R:localhost/127.0.0.1:43439] for POST '/session/b28b8d813f63f300acef29c63d1a0b0a/execute/sync'
19:04:39.159 [AsyncHttpClient-1-5] DEBUG org.asynchttpclient.netty.handler.HttpHandler - 

Request DefaultHttpRequest(decodeResult: success, version: HTTP/1.1)
POST /session/b28b8d813f63f300acef29c63d1a0b0a/execute/sync HTTP/1.1
User-Agent: selenium/4.8.1 (java windows)
Content-Length: 176
Content-Type: application/json; charset=utf-8
host: localhost:43439
accept: */*

Response DefaultHttpResponse(decodeResult: success, version: HTTP/1.1)
HTTP/1.1 200 OK
Content-Length: 22773
Content-Type: application/json; charset=utf-8
cache-control: no-cache

19:04:39.160 [AsyncHttpClient-1-5] DEBUG org.asynchttpclient.netty.channel.ChannelManager - Adding key: http://localhost:43439 for channel [id: 0x14a54eed, L:/127.0.0.1:61535 - R:localhost/127.0.0.1:43439]
19:04:39.169 [Forwarding getCurrentUrl on session b28b8d813f63f300acef29c63d1a0b0a to remote] DEBUG org.asynchttpclient.netty.request.NettyRequestSender - Using pooled Channel '[id: 0x14a54eed, L:/127.0.0.1:61535 - R:localhost/127.0.0.1:43439]' for 'GET' to 'http://localhost:43439/session/b28b8d813f63f300acef29c63d1a0b0a/url'
19:04:39.169 [Forwarding getCurrentUrl on session b28b8d813f63f300acef29c63d1a0b0a to remote] DEBUG org.asynchttpclient.netty.request.NettyRequestSender - Using open Channel [id: 0x14a54eed, L:/127.0.0.1:61535 - R:localhost/127.0.0.1:43439] for GET '/session/b28b8d813f63f300acef29c63d1a0b0a/url'
19:04:39.174 [AsyncHttpClient-1-5] DEBUG org.asynchttpclient.netty.handler.HttpHandler - 

Request DefaultFullHttpRequest(decodeResult: success, version: HTTP/1.1, content: EmptyByteBufBE)
GET /session/b28b8d813f63f300acef29c63d1a0b0a/url HTTP/1.1
User-Agent: selenium/4.8.1 (java windows)
Cache-Control: no-cache
Content-Type: application/json; charset=utf-8
host: localhost:43439
accept: */*

Response DefaultHttpResponse(decodeResult: success, version: HTTP/1.1)
HTTP/1.1 200 OK
Content-Length: 54
Content-Type: application/json; charset=utf-8
cache-control: no-cache

19:04:39.174 [AsyncHttpClient-1-5] DEBUG org.asynchttpclient.netty.channel.ChannelManager - Adding key: http://localhost:43439 for channel [id: 0x14a54eed, L:/127.0.0.1:61535 - R:localhost/127.0.0.1:43439]
19:04:39.184 [Forwarding getPageSource on session b28b8d813f63f300acef29c63d1a0b0a to remote] DEBUG org.asynchttpclient.netty.request.NettyRequestSender - Using pooled Channel '[id: 0x14a54eed, L:/127.0.0.1:61535 - R:localhost/127.0.0.1:43439]' for 'POST' to 'http://localhost:43439/session/b28b8d813f63f300acef29c63d1a0b0a/execute/sync'
19:04:39.184 [Forwarding getPageSource on session b28b8d813f63f300acef29c63d1a0b0a to remote] DEBUG org.asynchttpclient.netty.request.NettyRequestSender - Using open Channel [id: 0x14a54eed, L:/127.0.0.1:61535 - R:localhost/127.0.0.1:43439] for POST '/session/b28b8d813f63f300acef29c63d1a0b0a/execute/sync'
19:04:39.190 [AsyncHttpClient-1-5] DEBUG org.asynchttpclient.netty.handler.HttpHandler - 

Request DefaultHttpRequest(decodeResult: success, version: HTTP/1.1)
POST /session/b28b8d813f63f300acef29c63d1a0b0a/execute/sync HTTP/1.1
User-Agent: selenium/4.8.1 (java windows)
Content-Length: 176
Content-Type: application/json; charset=utf-8
host: localhost:43439
accept: */*

Response DefaultHttpResponse(decodeResult: success, version: HTTP/1.1)
HTTP/1.1 200 OK
Content-Length: 22773
Content-Type: application/json; charset=utf-8
cache-control: no-cache

19:04:39.190 [AsyncHttpClient-1-5] DEBUG org.asynchttpclient.netty.channel.ChannelManager - Adding key: http://localhost:43439 for channel [id: 0x14a54eed, L:/127.0.0.1:61535 - R:localhost/127.0.0.1:43439]
19:04:39.192 [Forwarding getCurrentUrl on session b28b8d813f63f300acef29c63d1a0b0a to remote] DEBUG org.asynchttpclient.netty.request.NettyRequestSender - Using pooled Channel '[id: 0x14a54eed, L:/127.0.0.1:61535 - R:localhost/127.0.0.1:43439]' for 'GET' to 'http://localhost:43439/session/b28b8d813f63f300acef29c63d1a0b0a/url'
19:04:39.192 [Forwarding getCurrentUrl on session b28b8d813f63f300acef29c63d1a0b0a to remote] DEBUG org.asynchttpclient.netty.request.NettyRequestSender - Using open Channel [id: 0x14a54eed, L:/127.0.0.1:61535 - R:localhost/127.0.0.1:43439] for GET '/session/b28b8d813f63f300acef29c63d1a0b0a/url'
19:04:39.196 [AsyncHttpClient-1-5] DEBUG org.asynchttpclient.netty.handler.HttpHandler - 

Request DefaultFullHttpRequest(decodeResult: success, version: HTTP/1.1, content: EmptyByteBufBE)
GET /session/b28b8d813f63f300acef29c63d1a0b0a/url HTTP/1.1
User-Agent: selenium/4.8.1 (java windows)
Cache-Control: no-cache
Content-Type: application/json; charset=utf-8
host: localhost:43439
accept: */*

Response DefaultHttpResponse(decodeResult: success, version: HTTP/1.1)
HTTP/1.1 200 OK
Content-Length: 54
Content-Type: application/json; charset=utf-8
cache-control: no-cache

19:04:39.196 [AsyncHttpClient-1-5] DEBUG org.asynchttpclient.netty.channel.ChannelManager - Adding key: http://localhost:43439 for channel [id: 0x14a54eed, L:/127.0.0.1:61535 - R:localhost/127.0.0.1:43439]
19:04:39.200 [main] DEBUG net.thucydides.core.steps.StepInterceptor - STARTING STEP: LoginSteps.alertContent - incorrectAlert
19:04:39.203 [Forwarding findElement on session b28b8d813f63f300acef29c63d1a0b0a to remote] DEBUG org.asynchttpclient.netty.request.NettyRequestSender - Using pooled Channel '[id: 0x14a54eed, L:/127.0.0.1:61535 - R:localhost/127.0.0.1:43439]' for 'POST' to 'http://localhost:43439/session/b28b8d813f63f300acef29c63d1a0b0a/element'
19:04:39.203 [Forwarding findElement on session b28b8d813f63f300acef29c63d1a0b0a to remote] DEBUG org.asynchttpclient.netty.request.NettyRequestSender - Using open Channel [id: 0x14a54eed, L:/127.0.0.1:61535 - R:localhost/127.0.0.1:43439] for POST '/session/b28b8d813f63f300acef29c63d1a0b0a/element'
19:04:39.428 [AsyncHttpClient-1-1] DEBUG org.asynchttpclient.netty.channel.DefaultChannelPool - Entry count for : http://localhost:61537 : 1
19:04:39.522 [AsyncHttpClient-1-5] DEBUG org.asynchttpclient.netty.handler.HttpHandler - 

Request DefaultHttpRequest(decodeResult: success, version: HTTP/1.1)
POST /session/b28b8d813f63f300acef29c63d1a0b0a/element HTTP/1.1
User-Agent: selenium/4.8.1 (java windows)
Content-Length: 54
Content-Type: application/json; charset=utf-8
host: localhost:43439
accept: */*

Response DefaultHttpResponse(decodeResult: success, version: HTTP/1.1)
HTTP/1.1 200 OK
Content-Length: 88
Content-Type: application/json; charset=utf-8
cache-control: no-cache

19:04:39.523 [AsyncHttpClient-1-5] DEBUG org.asynchttpclient.netty.channel.ChannelManager - Adding key: http://localhost:43439 for channel [id: 0x14a54eed, L:/127.0.0.1:61535 - R:localhost/127.0.0.1:43439]
19:04:39.525 [Forwarding isElementDisplayed on session b28b8d813f63f300acef29c63d1a0b0a to remote] DEBUG org.asynchttpclient.netty.request.NettyRequestSender - Using pooled Channel '[id: 0x14a54eed, L:/127.0.0.1:61535 - R:localhost/127.0.0.1:43439]' for 'POST' to 'http://localhost:43439/session/b28b8d813f63f300acef29c63d1a0b0a/execute/sync'
19:04:39.526 [Forwarding isElementDisplayed on session b28b8d813f63f300acef29c63d1a0b0a to remote] DEBUG org.asynchttpclient.netty.request.NettyRequestSender - Using open Channel [id: 0x14a54eed, L:/127.0.0.1:61535 - R:localhost/127.0.0.1:43439] for POST '/session/b28b8d813f63f300acef29c63d1a0b0a/execute/sync'
19:04:39.536 [AsyncHttpClient-1-5] DEBUG org.asynchttpclient.netty.handler.HttpHandler - 

Request DefaultHttpRequest(decodeResult: success, version: HTTP/1.1)
POST /session/b28b8d813f63f300acef29c63d1a0b0a/execute/sync HTTP/1.1
User-Agent: selenium/4.8.1 (java windows)
Content-Length: 48807
Content-Type: application/json; charset=utf-8
host: localhost:43439
accept: */*

Response DefaultHttpResponse(decodeResult: success, version: HTTP/1.1)
HTTP/1.1 200 OK
Content-Length: 14
Content-Type: application/json; charset=utf-8
cache-control: no-cache

19:04:39.536 [AsyncHttpClient-1-5] DEBUG org.asynchttpclient.netty.channel.ChannelManager - Adding key: http://localhost:43439 for channel [id: 0x14a54eed, L:/127.0.0.1:61535 - R:localhost/127.0.0.1:43439]
19:04:39.541 [Forwarding getAlertText on session b28b8d813f63f300acef29c63d1a0b0a to remote] DEBUG org.asynchttpclient.netty.request.NettyRequestSender - Using pooled Channel '[id: 0x14a54eed, L:/127.0.0.1:61535 - R:localhost/127.0.0.1:43439]' for 'GET' to 'http://localhost:43439/session/b28b8d813f63f300acef29c63d1a0b0a/alert/text'
19:04:39.541 [Forwarding getAlertText on session b28b8d813f63f300acef29c63d1a0b0a to remote] DEBUG org.asynchttpclient.netty.request.NettyRequestSender - Using open Channel [id: 0x14a54eed, L:/127.0.0.1:61535 - R:localhost/127.0.0.1:43439] for GET '/session/b28b8d813f63f300acef29c63d1a0b0a/alert/text'
19:04:39.542 [AsyncHttpClient-1-5] DEBUG org.asynchttpclient.netty.handler.HttpHandler - 

Request DefaultFullHttpRequest(decodeResult: success, version: HTTP/1.1, content: EmptyByteBufBE)
GET /session/b28b8d813f63f300acef29c63d1a0b0a/alert/text HTTP/1.1
User-Agent: selenium/4.8.1 (java windows)
Cache-Control: no-cache
Content-Type: application/json; charset=utf-8
host: localhost:43439
accept: */*

Response DefaultHttpResponse(decodeResult: success, version: HTTP/1.1)
HTTP/1.1 404 Not Found
Content-Length: 836
Content-Type: application/json; charset=utf-8
cache-control: no-cache

19:04:39.542 [AsyncHttpClient-1-5] DEBUG org.asynchttpclient.netty.channel.ChannelManager - Adding key: http://localhost:43439 for channel [id: 0x14a54eed, L:/127.0.0.1:61535 - R:localhost/127.0.0.1:43439]
19:04:39.544 [Forwarding getCurrentUrl on session b28b8d813f63f300acef29c63d1a0b0a to remote] DEBUG org.asynchttpclient.netty.request.NettyRequestSender - Using pooled Channel '[id: 0x14a54eed, L:/127.0.0.1:61535 - R:localhost/127.0.0.1:43439]' for 'GET' to 'http://localhost:43439/session/b28b8d813f63f300acef29c63d1a0b0a/url'
19:04:39.544 [Forwarding getCurrentUrl on session b28b8d813f63f300acef29c63d1a0b0a to remote] DEBUG org.asynchttpclient.netty.request.NettyRequestSender - Using open Channel [id: 0x14a54eed, L:/127.0.0.1:61535 - R:localhost/127.0.0.1:43439] for GET '/session/b28b8d813f63f300acef29c63d1a0b0a/url'
19:04:39.548 [AsyncHttpClient-1-5] DEBUG org.asynchttpclient.netty.handler.HttpHandler - 

Request DefaultFullHttpRequest(decodeResult: success, version: HTTP/1.1, content: EmptyByteBufBE)
GET /session/b28b8d813f63f300acef29c63d1a0b0a/url HTTP/1.1
User-Agent: selenium/4.8.1 (java windows)
Cache-Control: no-cache
Content-Type: application/json; charset=utf-8
host: localhost:43439
accept: */*

Response DefaultHttpResponse(decodeResult: success, version: HTTP/1.1)
HTTP/1.1 200 OK
Content-Length: 54
Content-Type: application/json; charset=utf-8
cache-control: no-cache

19:04:39.548 [AsyncHttpClient-1-5] DEBUG org.asynchttpclient.netty.channel.ChannelManager - Adding key: http://localhost:43439 for channel [id: 0x14a54eed, L:/127.0.0.1:61535 - R:localhost/127.0.0.1:43439]
19:04:39.549 [Forwarding screenshot on session b28b8d813f63f300acef29c63d1a0b0a to remote] DEBUG org.asynchttpclient.netty.request.NettyRequestSender - Using pooled Channel '[id: 0x14a54eed, L:/127.0.0.1:61535 - R:localhost/127.0.0.1:43439]' for 'GET' to 'http://localhost:43439/session/b28b8d813f63f300acef29c63d1a0b0a/screenshot'
19:04:39.549 [Forwarding screenshot on session b28b8d813f63f300acef29c63d1a0b0a to remote] DEBUG org.asynchttpclient.netty.request.NettyRequestSender - Using open Channel [id: 0x14a54eed, L:/127.0.0.1:61535 - R:localhost/127.0.0.1:43439] for GET '/session/b28b8d813f63f300acef29c63d1a0b0a/screenshot'
19:04:39.639 [AsyncHttpClient-1-5] DEBUG org.asynchttpclient.netty.handler.HttpHandler - 

Request DefaultFullHttpRequest(decodeResult: success, version: HTTP/1.1, content: EmptyByteBufBE)
GET /session/b28b8d813f63f300acef29c63d1a0b0a/screenshot HTTP/1.1
User-Agent: selenium/4.8.1 (java windows)
Cache-Control: no-cache
Content-Type: application/json; charset=utf-8
host: localhost:43439
accept: */*

Response DefaultHttpResponse(decodeResult: success, version: HTTP/1.1)
HTTP/1.1 200 OK
Content-Length: 36156
Content-Type: application/json; charset=utf-8
cache-control: no-cache

19:04:39.639 [AsyncHttpClient-1-5] DEBUG org.asynchttpclient.netty.channel.ChannelManager - Adding key: http://localhost:43439 for channel [id: 0x14a54eed, L:/127.0.0.1:61535 - R:localhost/127.0.0.1:43439]
19:04:39.641 [main] DEBUG net.serenitybdd.core.photography.Darkroom - Send negative for processing for target\site\serenity\bc93cbf5dd885236a6a8a50b1f06f32b72454903233da23f6eb8943914372822.png
19:04:39.641 [main] DEBUG net.thucydides.core.steps.StepInterceptor - STEP DONE: incorrectAlert
  &amp#27;[32mThen &amp#27;[0m&amp#27;[32mI should see the error message&amp#27;[0m          &amp#27;[90m# starter.stepdefinitions.LoginSteps.alertContent()&amp#27;[0m
19:04:39.641 [Darkroom Processing Line] DEBUG net.serenitybdd.core.photography.DarkroomProcessingLine - Processing screenshot image in /var/screenshots/screenshot-1341394367837188104
19:04:39.641 [Darkroom Processing Line] DEBUG net.serenitybdd.core.photography.DarkroomProcessingLine - Saving screenshot to target\site\serenity\bc93cbf5dd885236a6a8a50b1f06f32b72454903233da23f6eb8943914372822.png
19:04:39.645 [main] INFO  - 
  _____   ___   ___   _____     ___     _     ___   ___   ___   ___  
 |_   _| | __| / __| |_   _|   | _ \   /_\   / __| / __| | __| |   \ 
   | |   | _|  \__ \   | |     |  _/  / _ \  \__ \ \__ \ | _|  | |) |
   |_|   |___| |___/   |_|     |_|   /_/ \_\ |___/ |___/ |___| |___/ 

Register without fill the fullname
----------------------------------------------------------------------
19:04:39.647 [Driver Command Executor] DEBUG org.asynchttpclient.netty.request.NettyRequestSender - Using pooled Channel '[id: 0x14a54eed, L:/127.0.0.1:61535 - R:localhost/127.0.0.1:43439]' for 'DELETE' to 'http://localhost:43439/session/b28b8d813f63f300acef29c63d1a0b0a'
19:04:39.647 [Driver Command Executor] DEBUG org.asynchttpclient.netty.request.NettyRequestSender - Using open Channel [id: 0x14a54eed, L:/127.0.0.1:61535 - R:localhost/127.0.0.1:43439] for DELETE '/session/b28b8d813f63f300acef29c63d1a0b0a'
19:04:39.647 [AsyncHttpClient-1-7] DEBUG org.asynchttpclient.netty.handler.WebSocketHandler - Channel Closed: [id: 0x3f196875, L:/127.0.0.1:61545 ! R:localhost/127.0.0.1:61537] with attribute NettyResponseFuture{currentRetry=0,
	isDone=1,
	isCancelled=0,
	asyncHandler=org.asynchttpclient.ws.WebSocketUpgradeHandler@1d13330a,
	nettyRequest=org.asynchttpclient.netty.request.NettyRequest@5811aecc,
	future=java.util.concurrent.CompletableFuture@1574153c[Completed normally],
	uri=ws://localhost:61537/devtools/browser/846b4f89-03a5-4b0b-9cf2-b4fe8bdc1535,
	keepAlive=true,
	redirectCount=0,
	timeoutsHolder=null,
	inAuth=0,
	touch=1683547473341}
19:04:39.647 [AsyncHttpClient-1-7] DEBUG org.asynchttpclient.netty.channel.ChannelManager - Closing Channel [id: 0x3f196875, L:/127.0.0.1:61545 ! R:localhost/127.0.0.1:61537] 
19:04:39.764 [AsyncHttpClient-1-6] DEBUG org.asynchttpclient.netty.handler.HttpHandler - Unexpected I/O exception on channel [id: 0xafc4e2c4, L:/127.0.0.1:61544 - R:localhost/127.0.0.1:61537]
java.net.SocketException: Connection reset
	at java.base/sun.nio.ch.SocketChannelImpl.throwConnectionReset(SocketChannelImpl.java:367)
	at java.base/sun.nio.ch.SocketChannelImpl.read(SocketChannelImpl.java:398)
	at io.netty.buffer.PooledByteBuf.setBytes(PooledByteBuf.java:259)
	at io.netty.buffer.AbstractByteBuf.writeBytes(AbstractByteBuf.java:1132)
	at io.netty.channel.socket.nio.NioSocketChannel.doReadBytes(NioSocketChannel.java:357)
	at io.netty.channel.nio.AbstractNioByteChannel$NioByteUnsafe.read(AbstractNioByteChannel.java:151)
	at io.netty.channel.nio.NioEventLoop.processSelectedKey(NioEventLoop.java:788)
	at io.netty.channel.nio.NioEventLoop.processSelectedKeysOptimized(NioEventLoop.java:724)
	at io.netty.channel.nio.NioEventLoop.processSelectedKeys(NioEventLoop.java:650)
	at io.netty.channel.nio.NioEventLoop.run(NioEventLoop.java:562)
	at io.netty.util.concurrent.SingleThreadEventExecutor$4.run(SingleThreadEventExecutor.java:997)
	at io.netty.util.internal.ThreadExecutorMap$2.run(ThreadExecutorMap.java:74)
	at io.netty.util.concurrent.FastThreadLocalRunnable.run(FastThreadLocalRunnable.java:30)
	at java.base/java.lang.Thread.run(Thread.java:832)
19:04:39.764 [AsyncHttpClient-1-6] DEBUG org.asynchttpclient.netty.channel.ChannelManager - Closing Channel [id: 0xafc4e2c4, L:/127.0.0.1:61544 - R:localhost/127.0.0.1:61537] 
19:04:39.765 [AsyncHttpClient-1-6] DEBUG org.asynchttpclient.netty.handler.HttpHandler - Channel Closed: [id: 0xafc4e2c4, L:/127.0.0.1:61544 ! R:localhost/127.0.0.1:61537] with attribute DISCARD
19:04:39.789 [AsyncHttpClient-1-5] DEBUG org.asynchttpclient.netty.handler.HttpHandler - 

Request DefaultFullHttpRequest(decodeResult: success, version: HTTP/1.1, content: EmptyByteBufBE)
DELETE /session/b28b8d813f63f300acef29c63d1a0b0a HTTP/1.1
User-Agent: selenium/4.8.1 (java windows)
Content-Type: application/json; charset=utf-8
host: localhost:43439
accept: */*

Response DefaultHttpResponse(decodeResult: success, version: HTTP/1.1)
HTTP/1.1 200 OK
Content-Length: 14
Content-Type: application/json; charset=utf-8
cache-control: no-cache

19:04:39.789 [AsyncHttpClient-1-5] DEBUG org.asynchttpclient.netty.channel.ChannelManager - Adding key: http://localhost:43439 for channel [id: 0x14a54eed, L:/127.0.0.1:61535 - R:localhost/127.0.0.1:43439]
19:04:40.207 [AsyncHttpClient-1-5] DEBUG org.asynchttpclient.netty.handler.HttpHandler - Channel Closed: [id: 0x14a54eed, L:/127.0.0.1:61535 ! R:localhost/127.0.0.1:43439] with attribute DISCARD
19:04:40.528 [AsyncHttpClient-1-1] DEBUG org.asynchttpclient.netty.channel.DefaultChannelPool - Entry count for : http://localhost:43439 : 1
19:04:40.528 [AsyncHttpClient-1-1] DEBUG org.asynchttpclient.netty.channel.DefaultChannelPool - Entry count for : http://localhost:61537 : 1
19:04:40.528 [AsyncHttpClient-1-1] DEBUG org.asynchttpclient.netty.channel.DefaultChannelPool - Adding Candidate expired Channel [id: 0x14a54eed, L:/127.0.0.1:61535 ! R:localhost/127.0.0.1:43439] isIdleTimeoutExpired=false isRemotelyClosed=true isTtlExpired=false
19:04:40.528 [AsyncHttpClient-1-1] DEBUG org.asynchttpclient.netty.channel.DefaultChannelPool - Closing Idle Channel [id: 0x14a54eed, L:/127.0.0.1:61535 ! R:localhost/127.0.0.1:43439]
19:04:40.528 [AsyncHttpClient-1-1] DEBUG org.asynchttpclient.netty.channel.DefaultChannelPool - Adding Candidate expired Channel [id: 0xafc4e2c4, L:/127.0.0.1:61544 ! R:localhost/127.0.0.1:61537] isIdleTimeoutExpired=false isRemotelyClosed=true isTtlExpired=false
19:04:40.528 [AsyncHttpClient-1-1] DEBUG org.asynchttpclient.netty.channel.DefaultChannelPool - Closing Idle Channel [id: 0xafc4e2c4, L:/127.0.0.1:61544 ! R:localhost/127.0.0.1:61537]
19:04:40.528 [AsyncHttpClient-1-1] DEBUG org.asynchttpclient.netty.channel.DefaultChannelPool - Closed 2 connections out of 2 in 0 ms
]]></system-out>
    <system-err><![CDATA[Starting ChromeDriver 111.0.5563.64 (c710e93d5b63b7095afe8c2c17df34408078439d-refs/branch-heads/5563@{#995}) on port 43439
Only local connections are allowed.
Please see https://chromedriver.chromium.org/security-considerations for suggestions on keeping ChromeDriver safe.
ChromeDriver was started successfully.
[1683547473.316][WARNING]: This version of ChromeDriver has not been tested with Chrome version 112.
May 08, 2023 7:04:33 PM org.openqa.selenium.devtools.CdpVersionFinder findNearestMatch
WARNING: Unable to find an exact match for CDP version 112, so returning the closest version found: 110
]]></system-err>
  </testcase>
  <testcase name="Register without fill the email" classname="Register to Alta-shop Account" time="10.673">
    <system-out><![CDATA[
Scenario: Register without fill the email   &amp#27;[90m# src/test/resources/features/1. Register.feature:25&amp#27;[0m
19:04:40.733 [main] DEBUG io.cucumber.core.plugin.SerenityReporter - Running feature from file:///C:/Users/WINDOWS%2010/Documents/GitHub/MiniProject_QE/Web/code/minpro/src/test/resources/features/1.%20Register.feature
19:04:40.737 [main] INFO  - 
  _____   ___   ___   _____     ___   _____     _     ___   _____   ___   ___  
 |_   _| | __| / __| |_   _|   / __| |_   _|   /_\   | _ \ |_   _| | __| |   \ 
   | |   | _|  \__ \   | |     \__ \   | |    / _ \  |   /   | |   | _|  | |) |
   |_|   |___| |___/   |_|     |___/   |_|   /_/ \_\ |_|_\   |_|   |___| |___/ 

Register without fill the email(register-to-alta-shop-account;register-without-fill-the-email)
--------------------------------------------------------------------------------
19:04:40.753 [main] DEBUG net.thucydides.core.steps.StepInterceptor - STARTING STEP: LoginSteps.onTheLoginPage - openPage
19:04:40.784 [main] INFO net.serenitybdd.core.webdriver.driverproviders.ChromeDriverProvider - Starting Chrome driver instance with capabilities:
19:04:40.785 [main] INFO net.serenitybdd.core.webdriver.driverproviders.ChromeDriverProvider - Capabilities {acceptInsecureCerts: false, browserName: chrome, goog:chromeOptions: {args: [remote-allow-origins=*], extensions: []}}
19:04:40.852 [AsyncHttpClient-1-8] DEBUG org.asynchttpclient.netty.channel.NettyConnectListener - Using new Channel '[id: 0x8f3df881, L:/127.0.0.1:61576 - R:localhost/127.0.0.1:25997]' for 'POST' to '/session'
19:04:41.522 [AsyncHttpClient-1-8] DEBUG org.asynchttpclient.netty.handler.HttpHandler - 

Request DefaultHttpRequest(decodeResult: success, version: HTTP/1.1)
POST /session HTTP/1.1
User-Agent: selenium/4.8.1 (java windows)
Content-Length: 507
Content-Type: application/json; charset=utf-8
host: localhost:25997
accept: */*

Response DefaultHttpResponse(decodeResult: success, version: HTTP/1.1)
HTTP/1.1 200 OK
Content-Length: 861
Content-Type: application/json; charset=utf-8
cache-control: no-cache

19:04:41.522 [AsyncHttpClient-1-8] DEBUG org.asynchttpclient.netty.channel.ChannelManager - Adding key: http://localhost:25997 for channel [id: 0x8f3df881, L:/127.0.0.1:61576 - R:localhost/127.0.0.1:25997]
19:04:41.528 [AsyncHttpClient-1-9] DEBUG org.asynchttpclient.netty.channel.NettyConnectListener - Using new Channel '[id: 0xab7db805, L:/127.0.0.1:61584 - R:localhost/127.0.0.1:61578]' for 'GET' to '/json/version'
19:04:41.530 [AsyncHttpClient-1-9] DEBUG org.asynchttpclient.netty.handler.HttpHandler - 

Request DefaultFullHttpRequest(decodeResult: success, version: HTTP/1.1, content: EmptyByteBufBE)
GET /json/version HTTP/1.1
User-Agent: selenium/4.8.1 (java windows)
host: localhost:61578
accept: */*

Response DefaultHttpResponse(decodeResult: success, version: HTTP/1.1)
HTTP/1.1 200 OK
Content-Security-Policy: frame-ancestors 'none'
Content-Length: 424
Content-Type: application/json; charset=UTF-8

19:04:41.531 [AsyncHttpClient-1-9] DEBUG org.asynchttpclient.netty.channel.ChannelManager - Adding key: http://localhost:61578 for channel [id: 0xab7db805, L:/127.0.0.1:61584 - R:localhost/127.0.0.1:61578]
19:04:41.533 [AsyncHttpClient-1-10] DEBUG org.asynchttpclient.netty.channel.NettyConnectListener - Using new Channel '[id: 0x359eb0a1, L:/127.0.0.1:61585 - R:localhost/127.0.0.1:61578]' for 'GET' to '/devtools/browser/e199a55f-944b-4958-aff9-2ba5a1f8898b'
19:04:41.535 [AsyncHttpClient-1-10] DEBUG org.asynchttpclient.netty.handler.WebSocketHandler - 

Request DefaultFullHttpRequest(decodeResult: success, version: HTTP/1.1, content: EmptyByteBufBE)
GET /devtools/browser/e199a55f-944b-4958-aff9-2ba5a1f8898b HTTP/1.1
upgrade: websocket
connection: upgrade
sec-websocket-key: W5DlgfKoA5rsxQhVgRPiKw==
sec-websocket-version: 13
origin: http://localhost:61578
host: localhost:61578
accept: */*
user-agent: AHC/2.1

Response DefaultHttpResponse(decodeResult: success, version: HTTP/1.1)
HTTP/1.1 101 WebSocket Protocol Handshake
Upgrade: WebSocket
Connection: Upgrade
Sec-WebSocket-Accept: c4zblA6B/VaEXw/HOwr+L8L8gwY=

19:04:41.539 [Forwarding get on session ec76718b7b0fd1a098696db1cb11c782 to remote] DEBUG org.asynchttpclient.netty.request.NettyRequestSender - Using pooled Channel '[id: 0x8f3df881, L:/127.0.0.1:61576 - R:localhost/127.0.0.1:25997]' for 'POST' to 'http://localhost:25997/session/ec76718b7b0fd1a098696db1cb11c782/url'
19:04:41.539 [Forwarding get on session ec76718b7b0fd1a098696db1cb11c782 to remote] DEBUG org.asynchttpclient.netty.request.NettyRequestSender - Using open Channel [id: 0x8f3df881, L:/127.0.0.1:61576 - R:localhost/127.0.0.1:25997] for POST '/session/ec76718b7b0fd1a098696db1cb11c782/url'
19:04:41.629 [AsyncHttpClient-1-1] DEBUG org.asynchttpclient.netty.channel.DefaultChannelPool - Entry count for : http://localhost:61578 : 1
19:04:42.734 [AsyncHttpClient-1-1] DEBUG org.asynchttpclient.netty.channel.DefaultChannelPool - Entry count for : http://localhost:61578 : 1
19:04:43.834 [AsyncHttpClient-1-1] DEBUG org.asynchttpclient.netty.channel.DefaultChannelPool - Entry count for : http://localhost:61578 : 1
19:04:44.929 [AsyncHttpClient-1-1] DEBUG org.asynchttpclient.netty.channel.DefaultChannelPool - Entry count for : http://localhost:61578 : 1
19:04:46.033 [AsyncHttpClient-1-1] DEBUG org.asynchttpclient.netty.channel.DefaultChannelPool - Entry count for : http://localhost:61578 : 1
19:04:47.133 [AsyncHttpClient-1-1] DEBUG org.asynchttpclient.netty.channel.DefaultChannelPool - Entry count for : http://localhost:61578 : 1
19:04:48.218 [AsyncHttpClient-1-8] DEBUG org.asynchttpclient.netty.handler.HttpHandler - 

Request DefaultHttpRequest(decodeResult: success, version: HTTP/1.1)
POST /session/ec76718b7b0fd1a098696db1cb11c782/url HTTP/1.1
User-Agent: selenium/4.8.1 (java windows)
Content-Length: 74
Content-Type: application/json; charset=utf-8
host: localhost:25997
accept: */*

Response DefaultHttpResponse(decodeResult: success, version: HTTP/1.1)
HTTP/1.1 200 OK
Content-Length: 14
Content-Type: application/json; charset=utf-8
cache-control: no-cache

19:04:48.218 [AsyncHttpClient-1-8] DEBUG org.asynchttpclient.netty.channel.ChannelManager - Adding key: http://localhost:25997 for channel [id: 0x8f3df881, L:/127.0.0.1:61576 - R:localhost/127.0.0.1:25997]
19:04:48.219 [Forwarding setTimeout on session ec76718b7b0fd1a098696db1cb11c782 to remote] DEBUG org.asynchttpclient.netty.request.NettyRequestSender - Using pooled Channel '[id: 0x8f3df881, L:/127.0.0.1:61576 - R:localhost/127.0.0.1:25997]' for 'POST' to 'http://localhost:25997/session/ec76718b7b0fd1a098696db1cb11c782/timeouts'
19:04:48.219 [Forwarding setTimeout on session ec76718b7b0fd1a098696db1cb11c782 to remote] DEBUG org.asynchttpclient.netty.request.NettyRequestSender - Using open Channel [id: 0x8f3df881, L:/127.0.0.1:61576 - R:localhost/127.0.0.1:25997] for POST '/session/ec76718b7b0fd1a098696db1cb11c782/timeouts'
19:04:48.220 [AsyncHttpClient-1-8] DEBUG org.asynchttpclient.netty.handler.HttpHandler - 

Request DefaultHttpRequest(decodeResult: success, version: HTTP/1.1)
POST /session/ec76718b7b0fd1a098696db1cb11c782/timeouts HTTP/1.1
User-Agent: selenium/4.8.1 (java windows)
Content-Length: 22
Content-Type: application/json; charset=utf-8
host: localhost:25997
accept: */*

Response DefaultHttpResponse(decodeResult: success, version: HTTP/1.1)
HTTP/1.1 200 OK
Content-Length: 14
Content-Type: application/json; charset=utf-8
cache-control: no-cache

19:04:48.220 [AsyncHttpClient-1-8] DEBUG org.asynchttpclient.netty.channel.ChannelManager - Adding key: http://localhost:25997 for channel [id: 0x8f3df881, L:/127.0.0.1:61576 - R:localhost/127.0.0.1:25997]
19:04:48.224 [Forwarding getAlertText on session ec76718b7b0fd1a098696db1cb11c782 to remote] DEBUG org.asynchttpclient.netty.request.NettyRequestSender - Using pooled Channel '[id: 0x8f3df881, L:/127.0.0.1:61576 - R:localhost/127.0.0.1:25997]' for 'GET' to 'http://localhost:25997/session/ec76718b7b0fd1a098696db1cb11c782/alert/text'
19:04:48.224 [Forwarding getAlertText on session ec76718b7b0fd1a098696db1cb11c782 to remote] DEBUG org.asynchttpclient.netty.request.NettyRequestSender - Using open Channel [id: 0x8f3df881, L:/127.0.0.1:61576 - R:localhost/127.0.0.1:25997] for GET '/session/ec76718b7b0fd1a098696db1cb11c782/alert/text'
19:04:48.225 [AsyncHttpClient-1-8] DEBUG org.asynchttpclient.netty.handler.HttpHandler - 

Request DefaultFullHttpRequest(decodeResult: success, version: HTTP/1.1, content: EmptyByteBufBE)
GET /session/ec76718b7b0fd1a098696db1cb11c782/alert/text HTTP/1.1
User-Agent: selenium/4.8.1 (java windows)
Cache-Control: no-cache
Content-Type: application/json; charset=utf-8
host: localhost:25997
accept: */*

Response DefaultHttpResponse(decodeResult: success, version: HTTP/1.1)
HTTP/1.1 404 Not Found
Content-Length: 836
Content-Type: application/json; charset=utf-8
cache-control: no-cache

19:04:48.225 [AsyncHttpClient-1-8] DEBUG org.asynchttpclient.netty.channel.ChannelManager - Adding key: http://localhost:25997 for channel [id: 0x8f3df881, L:/127.0.0.1:61576 - R:localhost/127.0.0.1:25997]
19:04:48.226 [Forwarding getCurrentUrl on session ec76718b7b0fd1a098696db1cb11c782 to remote] DEBUG org.asynchttpclient.netty.request.NettyRequestSender - Using pooled Channel '[id: 0x8f3df881, L:/127.0.0.1:61576 - R:localhost/127.0.0.1:25997]' for 'GET' to 'http://localhost:25997/session/ec76718b7b0fd1a098696db1cb11c782/url'
19:04:48.226 [Forwarding getCurrentUrl on session ec76718b7b0fd1a098696db1cb11c782 to remote] DEBUG org.asynchttpclient.netty.request.NettyRequestSender - Using open Channel [id: 0x8f3df881, L:/127.0.0.1:61576 - R:localhost/127.0.0.1:25997] for GET '/session/ec76718b7b0fd1a098696db1cb11c782/url'
19:04:48.230 [AsyncHttpClient-1-8] DEBUG org.asynchttpclient.netty.handler.HttpHandler - 

Request DefaultFullHttpRequest(decodeResult: success, version: HTTP/1.1, content: EmptyByteBufBE)
GET /session/ec76718b7b0fd1a098696db1cb11c782/url HTTP/1.1
User-Agent: selenium/4.8.1 (java windows)
Cache-Control: no-cache
Content-Type: application/json; charset=utf-8
host: localhost:25997
accept: */*

Response DefaultHttpResponse(decodeResult: success, version: HTTP/1.1)
HTTP/1.1 200 OK
Content-Length: 51
Content-Type: application/json; charset=utf-8
cache-control: no-cache

19:04:48.230 [AsyncHttpClient-1-8] DEBUG org.asynchttpclient.netty.channel.ChannelManager - Adding key: http://localhost:25997 for channel [id: 0x8f3df881, L:/127.0.0.1:61576 - R:localhost/127.0.0.1:25997]
19:04:48.231 [Forwarding screenshot on session ec76718b7b0fd1a098696db1cb11c782 to remote] DEBUG org.asynchttpclient.netty.request.NettyRequestSender - Using pooled Channel '[id: 0x8f3df881, L:/127.0.0.1:61576 - R:localhost/127.0.0.1:25997]' for 'GET' to 'http://localhost:25997/session/ec76718b7b0fd1a098696db1cb11c782/screenshot'
19:04:48.231 [Forwarding screenshot on session ec76718b7b0fd1a098696db1cb11c782 to remote] DEBUG org.asynchttpclient.netty.request.NettyRequestSender - Using open Channel [id: 0x8f3df881, L:/127.0.0.1:61576 - R:localhost/127.0.0.1:25997] for GET '/session/ec76718b7b0fd1a098696db1cb11c782/screenshot'
19:04:48.233 [AsyncHttpClient-1-1] DEBUG org.asynchttpclient.netty.channel.DefaultChannelPool - Entry count for : http://localhost:61578 : 1
19:04:48.303 [AsyncHttpClient-1-8] DEBUG org.asynchttpclient.netty.handler.HttpHandler - 

Request DefaultFullHttpRequest(decodeResult: success, version: HTTP/1.1, content: EmptyByteBufBE)
GET /session/ec76718b7b0fd1a098696db1cb11c782/screenshot HTTP/1.1
User-Agent: selenium/4.8.1 (java windows)
Cache-Control: no-cache
Content-Type: application/json; charset=utf-8
host: localhost:25997
accept: */*

Response DefaultHttpResponse(decodeResult: success, version: HTTP/1.1)
HTTP/1.1 200 OK
Content-Length: 25208
Content-Type: application/json; charset=utf-8
cache-control: no-cache

19:04:48.303 [AsyncHttpClient-1-8] DEBUG org.asynchttpclient.netty.channel.ChannelManager - Adding key: http://localhost:25997 for channel [id: 0x8f3df881, L:/127.0.0.1:61576 - R:localhost/127.0.0.1:25997]
19:04:48.305 [main] DEBUG net.serenitybdd.core.photography.Darkroom - Send negative for processing for target\site\serenity\edb14d4aab401efa0e4fb99861e6ffcafebc86a67b69f7828890b9910ed2ddbd.png
19:04:48.305 [main] DEBUG net.thucydides.core.steps.StepInterceptor - STEP DONE: openPage
  &amp#27;[32mGiven &amp#27;[0m&amp#27;[32mI am on the alta-shop login page&amp#27;[0m    &amp#27;[90m# starter.stepdefinitions.LoginSteps.onTheLoginPage()&amp#27;[0m
19:04:48.310 [Forwarding getPageSource on session ec76718b7b0fd1a098696db1cb11c782 to remote] DEBUG org.asynchttpclient.netty.request.NettyRequestSender - Using pooled Channel '[id: 0x8f3df881, L:/127.0.0.1:61576 - R:localhost/127.0.0.1:25997]' for 'POST' to 'http://localhost:25997/session/ec76718b7b0fd1a098696db1cb11c782/execute/sync'
19:04:48.311 [Forwarding getPageSource on session ec76718b7b0fd1a098696db1cb11c782 to remote] DEBUG org.asynchttpclient.netty.request.NettyRequestSender - Using open Channel [id: 0x8f3df881, L:/127.0.0.1:61576 - R:localhost/127.0.0.1:25997] for POST '/session/ec76718b7b0fd1a098696db1cb11c782/execute/sync'
19:04:48.316 [AsyncHttpClient-1-8] DEBUG org.asynchttpclient.netty.handler.HttpHandler - 

Request DefaultHttpRequest(decodeResult: success, version: HTTP/1.1)
POST /session/ec76718b7b0fd1a098696db1cb11c782/execute/sync HTTP/1.1
User-Agent: selenium/4.8.1 (java windows)
Content-Length: 176
Content-Type: application/json; charset=utf-8
host: localhost:25997
accept: */*

Response DefaultHttpResponse(decodeResult: success, version: HTTP/1.1)
HTTP/1.1 200 OK
Content-Length: 21659
Content-Type: application/json; charset=utf-8
cache-control: no-cache

19:04:48.316 [AsyncHttpClient-1-8] DEBUG org.asynchttpclient.netty.channel.ChannelManager - Adding key: http://localhost:25997 for channel [id: 0x8f3df881, L:/127.0.0.1:61576 - R:localhost/127.0.0.1:25997]
19:04:48.317 [Forwarding getCurrentUrl on session ec76718b7b0fd1a098696db1cb11c782 to remote] DEBUG org.asynchttpclient.netty.request.NettyRequestSender - Using pooled Channel '[id: 0x8f3df881, L:/127.0.0.1:61576 - R:localhost/127.0.0.1:25997]' for 'GET' to 'http://localhost:25997/session/ec76718b7b0fd1a098696db1cb11c782/url'
19:04:48.318 [Forwarding getCurrentUrl on session ec76718b7b0fd1a098696db1cb11c782 to remote] DEBUG org.asynchttpclient.netty.request.NettyRequestSender - Using open Channel [id: 0x8f3df881, L:/127.0.0.1:61576 - R:localhost/127.0.0.1:25997] for GET '/session/ec76718b7b0fd1a098696db1cb11c782/url'
19:04:48.321 [AsyncHttpClient-1-8] DEBUG org.asynchttpclient.netty.handler.HttpHandler - 

Request DefaultFullHttpRequest(decodeResult: success, version: HTTP/1.1, content: EmptyByteBufBE)
GET /session/ec76718b7b0fd1a098696db1cb11c782/url HTTP/1.1
User-Agent: selenium/4.8.1 (java windows)
Cache-Control: no-cache
Content-Type: application/json; charset=utf-8
host: localhost:25997
accept: */*

Response DefaultHttpResponse(decodeResult: success, version: HTTP/1.1)
HTTP/1.1 200 OK
Content-Length: 51
Content-Type: application/json; charset=utf-8
cache-control: no-cache

19:04:48.321 [AsyncHttpClient-1-8] DEBUG org.asynchttpclient.netty.channel.ChannelManager - Adding key: http://localhost:25997 for channel [id: 0x8f3df881, L:/127.0.0.1:61576 - R:localhost/127.0.0.1:25997]
19:04:48.335 [Forwarding getPageSource on session ec76718b7b0fd1a098696db1cb11c782 to remote] DEBUG org.asynchttpclient.netty.request.NettyRequestSender - Using pooled Channel '[id: 0x8f3df881, L:/127.0.0.1:61576 - R:localhost/127.0.0.1:25997]' for 'POST' to 'http://localhost:25997/session/ec76718b7b0fd1a098696db1cb11c782/execute/sync'
19:04:48.335 [Forwarding getPageSource on session ec76718b7b0fd1a098696db1cb11c782 to remote] DEBUG org.asynchttpclient.netty.request.NettyRequestSender - Using open Channel [id: 0x8f3df881, L:/127.0.0.1:61576 - R:localhost/127.0.0.1:25997] for POST '/session/ec76718b7b0fd1a098696db1cb11c782/execute/sync'
19:04:48.339 [AsyncHttpClient-1-8] DEBUG org.asynchttpclient.netty.handler.HttpHandler - 

Request DefaultHttpRequest(decodeResult: success, version: HTTP/1.1)
POST /session/ec76718b7b0fd1a098696db1cb11c782/execute/sync HTTP/1.1
User-Agent: selenium/4.8.1 (java windows)
Content-Length: 176
Content-Type: application/json; charset=utf-8
host: localhost:25997
accept: */*

Response DefaultHttpResponse(decodeResult: success, version: HTTP/1.1)
HTTP/1.1 200 OK
Content-Length: 21659
Content-Type: application/json; charset=utf-8
cache-control: no-cache

19:04:48.340 [AsyncHttpClient-1-8] DEBUG org.asynchttpclient.netty.channel.ChannelManager - Adding key: http://localhost:25997 for channel [id: 0x8f3df881, L:/127.0.0.1:61576 - R:localhost/127.0.0.1:25997]
19:04:48.341 [Forwarding getCurrentUrl on session ec76718b7b0fd1a098696db1cb11c782 to remote] DEBUG org.asynchttpclient.netty.request.NettyRequestSender - Using pooled Channel '[id: 0x8f3df881, L:/127.0.0.1:61576 - R:localhost/127.0.0.1:25997]' for 'GET' to 'http://localhost:25997/session/ec76718b7b0fd1a098696db1cb11c782/url'
19:04:48.342 [Forwarding getCurrentUrl on session ec76718b7b0fd1a098696db1cb11c782 to remote] DEBUG org.asynchttpclient.netty.request.NettyRequestSender - Using open Channel [id: 0x8f3df881, L:/127.0.0.1:61576 - R:localhost/127.0.0.1:25997] for GET '/session/ec76718b7b0fd1a098696db1cb11c782/url'
19:04:48.344 [AsyncHttpClient-1-8] DEBUG org.asynchttpclient.netty.handler.HttpHandler - 

Request DefaultFullHttpRequest(decodeResult: success, version: HTTP/1.1, content: EmptyByteBufBE)
GET /session/ec76718b7b0fd1a098696db1cb11c782/url HTTP/1.1
User-Agent: selenium/4.8.1 (java windows)
Cache-Control: no-cache
Content-Type: application/json; charset=utf-8
host: localhost:25997
accept: */*

Response DefaultHttpResponse(decodeResult: success, version: HTTP/1.1)
HTTP/1.1 200 OK
Content-Length: 51
Content-Type: application/json; charset=utf-8
cache-control: no-cache

19:04:48.344 [AsyncHttpClient-1-8] DEBUG org.asynchttpclient.netty.channel.ChannelManager - Adding key: http://localhost:25997 for channel [id: 0x8f3df881, L:/127.0.0.1:61576 - R:localhost/127.0.0.1:25997]
19:04:48.346 [main] DEBUG net.thucydides.core.steps.StepInterceptor - STARTING STEP: RegisterSteps.clickLoginButton - clickRegisterLink
19:04:48.348 [Forwarding findElement on session ec76718b7b0fd1a098696db1cb11c782 to remote] DEBUG org.asynchttpclient.netty.request.NettyRequestSender - Using pooled Channel '[id: 0x8f3df881, L:/127.0.0.1:61576 - R:localhost/127.0.0.1:25997]' for 'POST' to 'http://localhost:25997/session/ec76718b7b0fd1a098696db1cb11c782/element'
19:04:48.348 [Forwarding findElement on session ec76718b7b0fd1a098696db1cb11c782 to remote] DEBUG org.asynchttpclient.netty.request.NettyRequestSender - Using open Channel [id: 0x8f3df881, L:/127.0.0.1:61576 - R:localhost/127.0.0.1:25997] for POST '/session/ec76718b7b0fd1a098696db1cb11c782/element'
19:04:48.357 [AsyncHttpClient-1-8] DEBUG org.asynchttpclient.netty.handler.HttpHandler - 

Request DefaultHttpRequest(decodeResult: success, version: HTTP/1.1)
POST /session/ec76718b7b0fd1a098696db1cb11c782/element HTTP/1.1
User-Agent: selenium/4.8.1 (java windows)
Content-Length: 84
Content-Type: application/json; charset=utf-8
host: localhost:25997
accept: */*

Response DefaultHttpResponse(decodeResult: success, version: HTTP/1.1)
HTTP/1.1 200 OK
Content-Length: 88
Content-Type: application/json; charset=utf-8
cache-control: no-cache

19:04:48.357 [AsyncHttpClient-1-8] DEBUG org.asynchttpclient.netty.channel.ChannelManager - Adding key: http://localhost:25997 for channel [id: 0x8f3df881, L:/127.0.0.1:61576 - R:localhost/127.0.0.1:25997]
19:04:48.358 [Forwarding getElementTagName on session ec76718b7b0fd1a098696db1cb11c782 to remote] DEBUG org.asynchttpclient.netty.request.NettyRequestSender - Using pooled Channel '[id: 0x8f3df881, L:/127.0.0.1:61576 - R:localhost/127.0.0.1:25997]' for 'GET' to 'http://localhost:25997/session/ec76718b7b0fd1a098696db1cb11c782/element/09d1420c-7c52-441d-a9a5-dc6a9e02929c/name'
19:04:48.358 [Forwarding getElementTagName on session ec76718b7b0fd1a098696db1cb11c782 to remote] DEBUG org.asynchttpclient.netty.request.NettyRequestSender - Using open Channel [id: 0x8f3df881, L:/127.0.0.1:61576 - R:localhost/127.0.0.1:25997] for GET '/session/ec76718b7b0fd1a098696db1cb11c782/element/09d1420c-7c52-441d-a9a5-dc6a9e02929c/name'
19:04:48.362 [AsyncHttpClient-1-8] DEBUG org.asynchttpclient.netty.handler.HttpHandler - 

Request DefaultFullHttpRequest(decodeResult: success, version: HTTP/1.1, content: EmptyByteBufBE)
GET /session/ec76718b7b0fd1a098696db1cb11c782/element/09d1420c-7c52-441d-a9a5-dc6a9e02929c/name HTTP/1.1
User-Agent: selenium/4.8.1 (java windows)
Cache-Control: no-cache
Content-Type: application/json; charset=utf-8
host: localhost:25997
accept: */*

Response DefaultHttpResponse(decodeResult: success, version: HTTP/1.1)
HTTP/1.1 200 OK
Content-Length: 13
Content-Type: application/json; charset=utf-8
cache-control: no-cache

19:04:48.362 [AsyncHttpClient-1-8] DEBUG org.asynchttpclient.netty.channel.ChannelManager - Adding key: http://localhost:25997 for channel [id: 0x8f3df881, L:/127.0.0.1:61576 - R:localhost/127.0.0.1:25997]
19:04:48.363 [Forwarding getElementTagName on session ec76718b7b0fd1a098696db1cb11c782 to remote] DEBUG org.asynchttpclient.netty.request.NettyRequestSender - Using pooled Channel '[id: 0x8f3df881, L:/127.0.0.1:61576 - R:localhost/127.0.0.1:25997]' for 'GET' to 'http://localhost:25997/session/ec76718b7b0fd1a098696db1cb11c782/element/09d1420c-7c52-441d-a9a5-dc6a9e02929c/name'
19:04:48.363 [Forwarding getElementTagName on session ec76718b7b0fd1a098696db1cb11c782 to remote] DEBUG org.asynchttpclient.netty.request.NettyRequestSender - Using open Channel [id: 0x8f3df881, L:/127.0.0.1:61576 - R:localhost/127.0.0.1:25997] for GET '/session/ec76718b7b0fd1a098696db1cb11c782/element/09d1420c-7c52-441d-a9a5-dc6a9e02929c/name'
19:04:48.366 [AsyncHttpClient-1-8] DEBUG org.asynchttpclient.netty.handler.HttpHandler - 

Request DefaultFullHttpRequest(decodeResult: success, version: HTTP/1.1, content: EmptyByteBufBE)
GET /session/ec76718b7b0fd1a098696db1cb11c782/element/09d1420c-7c52-441d-a9a5-dc6a9e02929c/name HTTP/1.1
User-Agent: selenium/4.8.1 (java windows)
Cache-Control: no-cache
Content-Type: application/json; charset=utf-8
host: localhost:25997
accept: */*

Response DefaultHttpResponse(decodeResult: success, version: HTTP/1.1)
HTTP/1.1 200 OK
Content-Length: 13
Content-Type: application/json; charset=utf-8
cache-control: no-cache

19:04:48.366 [AsyncHttpClient-1-8] DEBUG org.asynchttpclient.netty.channel.ChannelManager - Adding key: http://localhost:25997 for channel [id: 0x8f3df881, L:/127.0.0.1:61576 - R:localhost/127.0.0.1:25997]
19:04:48.367 [Forwarding findElement on session ec76718b7b0fd1a098696db1cb11c782 to remote] DEBUG org.asynchttpclient.netty.request.NettyRequestSender - Using pooled Channel '[id: 0x8f3df881, L:/127.0.0.1:61576 - R:localhost/127.0.0.1:25997]' for 'POST' to 'http://localhost:25997/session/ec76718b7b0fd1a098696db1cb11c782/element'
19:04:48.367 [Forwarding findElement on session ec76718b7b0fd1a098696db1cb11c782 to remote] DEBUG org.asynchttpclient.netty.request.NettyRequestSender - Using open Channel [id: 0x8f3df881, L:/127.0.0.1:61576 - R:localhost/127.0.0.1:25997] for POST '/session/ec76718b7b0fd1a098696db1cb11c782/element'
19:04:48.371 [AsyncHttpClient-1-8] DEBUG org.asynchttpclient.netty.handler.HttpHandler - 

Request DefaultHttpRequest(decodeResult: success, version: HTTP/1.1)
POST /session/ec76718b7b0fd1a098696db1cb11c782/element HTTP/1.1
User-Agent: selenium/4.8.1 (java windows)
Content-Length: 84
Content-Type: application/json; charset=utf-8
host: localhost:25997
accept: */*

Response DefaultHttpResponse(decodeResult: success, version: HTTP/1.1)
HTTP/1.1 200 OK
Content-Length: 88
Content-Type: application/json; charset=utf-8
cache-control: no-cache

19:04:48.372 [AsyncHttpClient-1-8] DEBUG org.asynchttpclient.netty.channel.ChannelManager - Adding key: http://localhost:25997 for channel [id: 0x8f3df881, L:/127.0.0.1:61576 - R:localhost/127.0.0.1:25997]
19:04:48.372 [Forwarding clickElement on session ec76718b7b0fd1a098696db1cb11c782 to remote] DEBUG org.asynchttpclient.netty.request.NettyRequestSender - Using pooled Channel '[id: 0x8f3df881, L:/127.0.0.1:61576 - R:localhost/127.0.0.1:25997]' for 'POST' to 'http://localhost:25997/session/ec76718b7b0fd1a098696db1cb11c782/element/09d1420c-7c52-441d-a9a5-dc6a9e02929c/click'
19:04:48.372 [Forwarding clickElement on session ec76718b7b0fd1a098696db1cb11c782 to remote] DEBUG org.asynchttpclient.netty.request.NettyRequestSender - Using open Channel [id: 0x8f3df881, L:/127.0.0.1:61576 - R:localhost/127.0.0.1:25997] for POST '/session/ec76718b7b0fd1a098696db1cb11c782/element/09d1420c-7c52-441d-a9a5-dc6a9e02929c/click'
19:04:48.412 [AsyncHttpClient-1-8] DEBUG org.asynchttpclient.netty.handler.HttpHandler - 

Request DefaultHttpRequest(decodeResult: success, version: HTTP/1.1)
POST /session/ec76718b7b0fd1a098696db1cb11c782/element/09d1420c-7c52-441d-a9a5-dc6a9e02929c/click HTTP/1.1
User-Agent: selenium/4.8.1 (java windows)
Content-Length: 50
Content-Type: application/json; charset=utf-8
host: localhost:25997
accept: */*

Response DefaultHttpResponse(decodeResult: success, version: HTTP/1.1)
HTTP/1.1 200 OK
Content-Length: 14
Content-Type: application/json; charset=utf-8
cache-control: no-cache

19:04:48.412 [AsyncHttpClient-1-8] DEBUG org.asynchttpclient.netty.channel.ChannelManager - Adding key: http://localhost:25997 for channel [id: 0x8f3df881, L:/127.0.0.1:61576 - R:localhost/127.0.0.1:25997]
19:04:48.415 [Forwarding getAlertText on session ec76718b7b0fd1a098696db1cb11c782 to remote] DEBUG org.asynchttpclient.netty.request.NettyRequestSender - Using pooled Channel '[id: 0x8f3df881, L:/127.0.0.1:61576 - R:localhost/127.0.0.1:25997]' for 'GET' to 'http://localhost:25997/session/ec76718b7b0fd1a098696db1cb11c782/alert/text'
19:04:48.415 [Forwarding getAlertText on session ec76718b7b0fd1a098696db1cb11c782 to remote] DEBUG org.asynchttpclient.netty.request.NettyRequestSender - Using open Channel [id: 0x8f3df881, L:/127.0.0.1:61576 - R:localhost/127.0.0.1:25997] for GET '/session/ec76718b7b0fd1a098696db1cb11c782/alert/text'
19:04:48.417 [AsyncHttpClient-1-8] DEBUG org.asynchttpclient.netty.handler.HttpHandler - 

Request DefaultFullHttpRequest(decodeResult: success, version: HTTP/1.1, content: EmptyByteBufBE)
GET /session/ec76718b7b0fd1a098696db1cb11c782/alert/text HTTP/1.1
User-Agent: selenium/4.8.1 (java windows)
Cache-Control: no-cache
Content-Type: application/json; charset=utf-8
host: localhost:25997
accept: */*

Response DefaultHttpResponse(decodeResult: success, version: HTTP/1.1)
HTTP/1.1 404 Not Found
Content-Length: 836
Content-Type: application/json; charset=utf-8
cache-control: no-cache

19:04:48.418 [AsyncHttpClient-1-8] DEBUG org.asynchttpclient.netty.channel.ChannelManager - Adding key: http://localhost:25997 for channel [id: 0x8f3df881, L:/127.0.0.1:61576 - R:localhost/127.0.0.1:25997]
19:04:48.420 [Forwarding getCurrentUrl on session ec76718b7b0fd1a098696db1cb11c782 to remote] DEBUG org.asynchttpclient.netty.request.NettyRequestSender - Using pooled Channel '[id: 0x8f3df881, L:/127.0.0.1:61576 - R:localhost/127.0.0.1:25997]' for 'GET' to 'http://localhost:25997/session/ec76718b7b0fd1a098696db1cb11c782/url'
19:04:48.420 [Forwarding getCurrentUrl on session ec76718b7b0fd1a098696db1cb11c782 to remote] DEBUG org.asynchttpclient.netty.request.NettyRequestSender - Using open Channel [id: 0x8f3df881, L:/127.0.0.1:61576 - R:localhost/127.0.0.1:25997] for GET '/session/ec76718b7b0fd1a098696db1cb11c782/url'
19:04:48.425 [AsyncHttpClient-1-8] DEBUG org.asynchttpclient.netty.handler.HttpHandler - 

Request DefaultFullHttpRequest(decodeResult: success, version: HTTP/1.1, content: EmptyByteBufBE)
GET /session/ec76718b7b0fd1a098696db1cb11c782/url HTTP/1.1
User-Agent: selenium/4.8.1 (java windows)
Cache-Control: no-cache
Content-Type: application/json; charset=utf-8
host: localhost:25997
accept: */*

Response DefaultHttpResponse(decodeResult: success, version: HTTP/1.1)
HTTP/1.1 200 OK
Content-Length: 54
Content-Type: application/json; charset=utf-8
cache-control: no-cache

19:04:48.426 [AsyncHttpClient-1-8] DEBUG org.asynchttpclient.netty.channel.ChannelManager - Adding key: http://localhost:25997 for channel [id: 0x8f3df881, L:/127.0.0.1:61576 - R:localhost/127.0.0.1:25997]
19:04:48.427 [Forwarding screenshot on session ec76718b7b0fd1a098696db1cb11c782 to remote] DEBUG org.asynchttpclient.netty.request.NettyRequestSender - Using pooled Channel '[id: 0x8f3df881, L:/127.0.0.1:61576 - R:localhost/127.0.0.1:25997]' for 'GET' to 'http://localhost:25997/session/ec76718b7b0fd1a098696db1cb11c782/screenshot'
19:04:48.427 [Forwarding screenshot on session ec76718b7b0fd1a098696db1cb11c782 to remote] DEBUG org.asynchttpclient.netty.request.NettyRequestSender - Using open Channel [id: 0x8f3df881, L:/127.0.0.1:61576 - R:localhost/127.0.0.1:25997] for GET '/session/ec76718b7b0fd1a098696db1cb11c782/screenshot'
19:04:48.545 [AsyncHttpClient-1-8] DEBUG org.asynchttpclient.netty.handler.HttpHandler - 

Request DefaultFullHttpRequest(decodeResult: success, version: HTTP/1.1, content: EmptyByteBufBE)
GET /session/ec76718b7b0fd1a098696db1cb11c782/screenshot HTTP/1.1
User-Agent: selenium/4.8.1 (java windows)
Cache-Control: no-cache
Content-Type: application/json; charset=utf-8
host: localhost:25997
accept: */*

Response DefaultHttpResponse(decodeResult: success, version: HTTP/1.1)
HTTP/1.1 200 OK
Content-Length: 30264
Content-Type: application/json; charset=utf-8
cache-control: no-cache

19:04:48.545 [AsyncHttpClient-1-8] DEBUG org.asynchttpclient.netty.channel.ChannelManager - Adding key: http://localhost:25997 for channel [id: 0x8f3df881, L:/127.0.0.1:61576 - R:localhost/127.0.0.1:25997]
19:04:48.546 [main] DEBUG net.serenitybdd.core.photography.Darkroom - Send negative for processing for target\site\serenity\f524aaac7c9c2a6b32579b2c2c72bb947c2a51b717f81d1daae0af58a77b0f6b.png
19:04:48.546 [main] DEBUG net.thucydides.core.steps.StepInterceptor - STEP DONE: clickRegisterLink
  &amp#27;[32mWhen &amp#27;[0m&amp#27;[32mI go to the alta-shop register page&amp#27;[0m  &amp#27;[90m# starter.stepdefinitions.RegisterSteps.clickLoginButton()&amp#27;[0m
19:04:48.546 [Darkroom Processing Line] DEBUG net.serenitybdd.core.photography.DarkroomProcessingLine - Processing screenshot image in /var/screenshots/screenshot-13333763870895182147
19:04:48.546 [Darkroom Processing Line] DEBUG net.serenitybdd.core.photography.DarkroomProcessingLine - Saving screenshot to target\site\serenity\f524aaac7c9c2a6b32579b2c2c72bb947c2a51b717f81d1daae0af58a77b0f6b.png
19:04:48.553 [Forwarding getPageSource on session ec76718b7b0fd1a098696db1cb11c782 to remote] DEBUG org.asynchttpclient.netty.request.NettyRequestSender - Using pooled Channel '[id: 0x8f3df881, L:/127.0.0.1:61576 - R:localhost/127.0.0.1:25997]' for 'POST' to 'http://localhost:25997/session/ec76718b7b0fd1a098696db1cb11c782/execute/sync'
19:04:48.553 [Forwarding getPageSource on session ec76718b7b0fd1a098696db1cb11c782 to remote] DEBUG org.asynchttpclient.netty.request.NettyRequestSender - Using open Channel [id: 0x8f3df881, L:/127.0.0.1:61576 - R:localhost/127.0.0.1:25997] for POST '/session/ec76718b7b0fd1a098696db1cb11c782/execute/sync'
19:04:48.556 [AsyncHttpClient-1-8] DEBUG org.asynchttpclient.netty.handler.HttpHandler - 

Request DefaultHttpRequest(decodeResult: success, version: HTTP/1.1)
POST /session/ec76718b7b0fd1a098696db1cb11c782/execute/sync HTTP/1.1
User-Agent: selenium/4.8.1 (java windows)
Content-Length: 176
Content-Type: application/json; charset=utf-8
host: localhost:25997
accept: */*

Response DefaultHttpResponse(decodeResult: success, version: HTTP/1.1)
HTTP/1.1 200 OK
Content-Length: 22314
Content-Type: application/json; charset=utf-8
cache-control: no-cache

19:04:48.556 [AsyncHttpClient-1-8] DEBUG org.asynchttpclient.netty.channel.ChannelManager - Adding key: http://localhost:25997 for channel [id: 0x8f3df881, L:/127.0.0.1:61576 - R:localhost/127.0.0.1:25997]
19:04:48.559 [Forwarding getCurrentUrl on session ec76718b7b0fd1a098696db1cb11c782 to remote] DEBUG org.asynchttpclient.netty.request.NettyRequestSender - Using pooled Channel '[id: 0x8f3df881, L:/127.0.0.1:61576 - R:localhost/127.0.0.1:25997]' for 'GET' to 'http://localhost:25997/session/ec76718b7b0fd1a098696db1cb11c782/url'
19:04:48.559 [Forwarding getCurrentUrl on session ec76718b7b0fd1a098696db1cb11c782 to remote] DEBUG org.asynchttpclient.netty.request.NettyRequestSender - Using open Channel [id: 0x8f3df881, L:/127.0.0.1:61576 - R:localhost/127.0.0.1:25997] for GET '/session/ec76718b7b0fd1a098696db1cb11c782/url'
19:04:48.561 [AsyncHttpClient-1-8] DEBUG org.asynchttpclient.netty.handler.HttpHandler - 

Request DefaultFullHttpRequest(decodeResult: success, version: HTTP/1.1, content: EmptyByteBufBE)
GET /session/ec76718b7b0fd1a098696db1cb11c782/url HTTP/1.1
User-Agent: selenium/4.8.1 (java windows)
Cache-Control: no-cache
Content-Type: application/json; charset=utf-8
host: localhost:25997
accept: */*

Response DefaultHttpResponse(decodeResult: success, version: HTTP/1.1)
HTTP/1.1 200 OK
Content-Length: 54
Content-Type: application/json; charset=utf-8
cache-control: no-cache

19:04:48.561 [AsyncHttpClient-1-8] DEBUG org.asynchttpclient.netty.channel.ChannelManager - Adding key: http://localhost:25997 for channel [id: 0x8f3df881, L:/127.0.0.1:61576 - R:localhost/127.0.0.1:25997]
19:04:48.567 [Forwarding getPageSource on session ec76718b7b0fd1a098696db1cb11c782 to remote] DEBUG org.asynchttpclient.netty.request.NettyRequestSender - Using pooled Channel '[id: 0x8f3df881, L:/127.0.0.1:61576 - R:localhost/127.0.0.1:25997]' for 'POST' to 'http://localhost:25997/session/ec76718b7b0fd1a098696db1cb11c782/execute/sync'
19:04:48.567 [Forwarding getPageSource on session ec76718b7b0fd1a098696db1cb11c782 to remote] DEBUG org.asynchttpclient.netty.request.NettyRequestSender - Using open Channel [id: 0x8f3df881, L:/127.0.0.1:61576 - R:localhost/127.0.0.1:25997] for POST '/session/ec76718b7b0fd1a098696db1cb11c782/execute/sync'
19:04:48.570 [AsyncHttpClient-1-8] DEBUG org.asynchttpclient.netty.handler.HttpHandler - 

Request DefaultHttpRequest(decodeResult: success, version: HTTP/1.1)
POST /session/ec76718b7b0fd1a098696db1cb11c782/execute/sync HTTP/1.1
User-Agent: selenium/4.8.1 (java windows)
Content-Length: 176
Content-Type: application/json; charset=utf-8
host: localhost:25997
accept: */*

Response DefaultHttpResponse(decodeResult: success, version: HTTP/1.1)
HTTP/1.1 200 OK
Content-Length: 22314
Content-Type: application/json; charset=utf-8
cache-control: no-cache

19:04:48.570 [AsyncHttpClient-1-8] DEBUG org.asynchttpclient.netty.channel.ChannelManager - Adding key: http://localhost:25997 for channel [id: 0x8f3df881, L:/127.0.0.1:61576 - R:localhost/127.0.0.1:25997]
19:04:48.572 [Forwarding getCurrentUrl on session ec76718b7b0fd1a098696db1cb11c782 to remote] DEBUG org.asynchttpclient.netty.request.NettyRequestSender - Using pooled Channel '[id: 0x8f3df881, L:/127.0.0.1:61576 - R:localhost/127.0.0.1:25997]' for 'GET' to 'http://localhost:25997/session/ec76718b7b0fd1a098696db1cb11c782/url'
19:04:48.572 [Forwarding getCurrentUrl on session ec76718b7b0fd1a098696db1cb11c782 to remote] DEBUG org.asynchttpclient.netty.request.NettyRequestSender - Using open Channel [id: 0x8f3df881, L:/127.0.0.1:61576 - R:localhost/127.0.0.1:25997] for GET '/session/ec76718b7b0fd1a098696db1cb11c782/url'
19:04:48.574 [AsyncHttpClient-1-8] DEBUG org.asynchttpclient.netty.handler.HttpHandler - 

Request DefaultFullHttpRequest(decodeResult: success, version: HTTP/1.1, content: EmptyByteBufBE)
GET /session/ec76718b7b0fd1a098696db1cb11c782/url HTTP/1.1
User-Agent: selenium/4.8.1 (java windows)
Cache-Control: no-cache
Content-Type: application/json; charset=utf-8
host: localhost:25997
accept: */*

Response DefaultHttpResponse(decodeResult: success, version: HTTP/1.1)
HTTP/1.1 200 OK
Content-Length: 54
Content-Type: application/json; charset=utf-8
cache-control: no-cache

19:04:48.574 [AsyncHttpClient-1-8] DEBUG org.asynchttpclient.netty.channel.ChannelManager - Adding key: http://localhost:25997 for channel [id: 0x8f3df881, L:/127.0.0.1:61576 - R:localhost/127.0.0.1:25997]
19:04:48.576 [main] DEBUG net.thucydides.core.steps.StepInterceptor - STARTING STEP: RegisterSteps.inputFullnameReg - inputFullnameReg
19:04:48.577 [Forwarding findElement on session ec76718b7b0fd1a098696db1cb11c782 to remote] DEBUG org.asynchttpclient.netty.request.NettyRequestSender - Using pooled Channel '[id: 0x8f3df881, L:/127.0.0.1:61576 - R:localhost/127.0.0.1:25997]' for 'POST' to 'http://localhost:25997/session/ec76718b7b0fd1a098696db1cb11c782/element'
19:04:48.577 [Forwarding findElement on session ec76718b7b0fd1a098696db1cb11c782 to remote] DEBUG org.asynchttpclient.netty.request.NettyRequestSender - Using open Channel [id: 0x8f3df881, L:/127.0.0.1:61576 - R:localhost/127.0.0.1:25997] for POST '/session/ec76718b7b0fd1a098696db1cb11c782/element'
19:04:48.584 [AsyncHttpClient-1-8] DEBUG org.asynchttpclient.netty.handler.HttpHandler - 

Request DefaultHttpRequest(decodeResult: success, version: HTTP/1.1)
POST /session/ec76718b7b0fd1a098696db1cb11c782/element HTTP/1.1
User-Agent: selenium/4.8.1 (java windows)
Content-Length: 55
Content-Type: application/json; charset=utf-8
host: localhost:25997
accept: */*

Response DefaultHttpResponse(decodeResult: success, version: HTTP/1.1)
HTTP/1.1 200 OK
Content-Length: 88
Content-Type: application/json; charset=utf-8
cache-control: no-cache

19:04:48.585 [AsyncHttpClient-1-8] DEBUG org.asynchttpclient.netty.channel.ChannelManager - Adding key: http://localhost:25997 for channel [id: 0x8f3df881, L:/127.0.0.1:61576 - R:localhost/127.0.0.1:25997]
19:04:48.586 [Forwarding clearElement on session ec76718b7b0fd1a098696db1cb11c782 to remote] DEBUG org.asynchttpclient.netty.request.NettyRequestSender - Using pooled Channel '[id: 0x8f3df881, L:/127.0.0.1:61576 - R:localhost/127.0.0.1:25997]' for 'POST' to 'http://localhost:25997/session/ec76718b7b0fd1a098696db1cb11c782/element/586d00a4-5b27-448f-9c5d-693237ef2975/clear'
19:04:48.586 [Forwarding clearElement on session ec76718b7b0fd1a098696db1cb11c782 to remote] DEBUG org.asynchttpclient.netty.request.NettyRequestSender - Using open Channel [id: 0x8f3df881, L:/127.0.0.1:61576 - R:localhost/127.0.0.1:25997] for POST '/session/ec76718b7b0fd1a098696db1cb11c782/element/586d00a4-5b27-448f-9c5d-693237ef2975/clear'
19:04:48.608 [AsyncHttpClient-1-8] DEBUG org.asynchttpclient.netty.handler.HttpHandler - 

Request DefaultHttpRequest(decodeResult: success, version: HTTP/1.1)
POST /session/ec76718b7b0fd1a098696db1cb11c782/element/586d00a4-5b27-448f-9c5d-693237ef2975/clear HTTP/1.1
User-Agent: selenium/4.8.1 (java windows)
Content-Length: 50
Content-Type: application/json; charset=utf-8
host: localhost:25997
accept: */*

Response DefaultHttpResponse(decodeResult: success, version: HTTP/1.1)
HTTP/1.1 200 OK
Content-Length: 14
Content-Type: application/json; charset=utf-8
cache-control: no-cache

19:04:48.608 [AsyncHttpClient-1-8] DEBUG org.asynchttpclient.netty.channel.ChannelManager - Adding key: http://localhost:25997 for channel [id: 0x8f3df881, L:/127.0.0.1:61576 - R:localhost/127.0.0.1:25997]
19:04:48.609 [Forwarding sendKeysToElement on session ec76718b7b0fd1a098696db1cb11c782 to remote] DEBUG org.asynchttpclient.netty.request.NettyRequestSender - Using pooled Channel '[id: 0x8f3df881, L:/127.0.0.1:61576 - R:localhost/127.0.0.1:25997]' for 'POST' to 'http://localhost:25997/session/ec76718b7b0fd1a098696db1cb11c782/element/586d00a4-5b27-448f-9c5d-693237ef2975/value'
19:04:48.609 [Forwarding sendKeysToElement on session ec76718b7b0fd1a098696db1cb11c782 to remote] DEBUG org.asynchttpclient.netty.request.NettyRequestSender - Using open Channel [id: 0x8f3df881, L:/127.0.0.1:61576 - R:localhost/127.0.0.1:25997] for POST '/session/ec76718b7b0fd1a098696db1cb11c782/element/586d00a4-5b27-448f-9c5d-693237ef2975/value'
19:04:48.696 [AsyncHttpClient-1-8] DEBUG org.asynchttpclient.netty.handler.HttpHandler - 

Request DefaultHttpRequest(decodeResult: success, version: HTTP/1.1)
POST /session/ec76718b7b0fd1a098696db1cb11c782/element/586d00a4-5b27-448f-9c5d-693237ef2975/value HTTP/1.1
User-Agent: selenium/4.8.1 (java windows)
Content-Length: 281
Content-Type: application/json; charset=utf-8
host: localhost:25997
accept: */*

Response DefaultHttpResponse(decodeResult: success, version: HTTP/1.1)
HTTP/1.1 200 OK
Content-Length: 14
Content-Type: application/json; charset=utf-8
cache-control: no-cache

19:04:48.696 [AsyncHttpClient-1-8] DEBUG org.asynchttpclient.netty.channel.ChannelManager - Adding key: http://localhost:25997 for channel [id: 0x8f3df881, L:/127.0.0.1:61576 - R:localhost/127.0.0.1:25997]
19:04:48.700 [Forwarding getAlertText on session ec76718b7b0fd1a098696db1cb11c782 to remote] DEBUG org.asynchttpclient.netty.request.NettyRequestSender - Using pooled Channel '[id: 0x8f3df881, L:/127.0.0.1:61576 - R:localhost/127.0.0.1:25997]' for 'GET' to 'http://localhost:25997/session/ec76718b7b0fd1a098696db1cb11c782/alert/text'
19:04:48.700 [Forwarding getAlertText on session ec76718b7b0fd1a098696db1cb11c782 to remote] DEBUG org.asynchttpclient.netty.request.NettyRequestSender - Using open Channel [id: 0x8f3df881, L:/127.0.0.1:61576 - R:localhost/127.0.0.1:25997] for GET '/session/ec76718b7b0fd1a098696db1cb11c782/alert/text'
19:04:48.703 [AsyncHttpClient-1-8] DEBUG org.asynchttpclient.netty.handler.HttpHandler - 

Request DefaultFullHttpRequest(decodeResult: success, version: HTTP/1.1, content: EmptyByteBufBE)
GET /session/ec76718b7b0fd1a098696db1cb11c782/alert/text HTTP/1.1
User-Agent: selenium/4.8.1 (java windows)
Cache-Control: no-cache
Content-Type: application/json; charset=utf-8
host: localhost:25997
accept: */*

Response DefaultHttpResponse(decodeResult: success, version: HTTP/1.1)
HTTP/1.1 404 Not Found
Content-Length: 836
Content-Type: application/json; charset=utf-8
cache-control: no-cache

19:04:48.705 [AsyncHttpClient-1-8] DEBUG org.asynchttpclient.netty.channel.ChannelManager - Adding key: http://localhost:25997 for channel [id: 0x8f3df881, L:/127.0.0.1:61576 - R:localhost/127.0.0.1:25997]
19:04:48.706 [Forwarding getCurrentUrl on session ec76718b7b0fd1a098696db1cb11c782 to remote] DEBUG org.asynchttpclient.netty.request.NettyRequestSender - Using pooled Channel '[id: 0x8f3df881, L:/127.0.0.1:61576 - R:localhost/127.0.0.1:25997]' for 'GET' to 'http://localhost:25997/session/ec76718b7b0fd1a098696db1cb11c782/url'
19:04:48.706 [Forwarding getCurrentUrl on session ec76718b7b0fd1a098696db1cb11c782 to remote] DEBUG org.asynchttpclient.netty.request.NettyRequestSender - Using open Channel [id: 0x8f3df881, L:/127.0.0.1:61576 - R:localhost/127.0.0.1:25997] for GET '/session/ec76718b7b0fd1a098696db1cb11c782/url'
19:04:48.710 [AsyncHttpClient-1-8] DEBUG org.asynchttpclient.netty.handler.HttpHandler - 

Request DefaultFullHttpRequest(decodeResult: success, version: HTTP/1.1, content: EmptyByteBufBE)
GET /session/ec76718b7b0fd1a098696db1cb11c782/url HTTP/1.1
User-Agent: selenium/4.8.1 (java windows)
Cache-Control: no-cache
Content-Type: application/json; charset=utf-8
host: localhost:25997
accept: */*

Response DefaultHttpResponse(decodeResult: success, version: HTTP/1.1)
HTTP/1.1 200 OK
Content-Length: 54
Content-Type: application/json; charset=utf-8
cache-control: no-cache

19:04:48.710 [AsyncHttpClient-1-8] DEBUG org.asynchttpclient.netty.channel.ChannelManager - Adding key: http://localhost:25997 for channel [id: 0x8f3df881, L:/127.0.0.1:61576 - R:localhost/127.0.0.1:25997]
19:04:48.711 [Forwarding screenshot on session ec76718b7b0fd1a098696db1cb11c782 to remote] DEBUG org.asynchttpclient.netty.request.NettyRequestSender - Using pooled Channel '[id: 0x8f3df881, L:/127.0.0.1:61576 - R:localhost/127.0.0.1:25997]' for 'GET' to 'http://localhost:25997/session/ec76718b7b0fd1a098696db1cb11c782/screenshot'
19:04:48.711 [Forwarding screenshot on session ec76718b7b0fd1a098696db1cb11c782 to remote] DEBUG org.asynchttpclient.netty.request.NettyRequestSender - Using open Channel [id: 0x8f3df881, L:/127.0.0.1:61576 - R:localhost/127.0.0.1:25997] for GET '/session/ec76718b7b0fd1a098696db1cb11c782/screenshot'
19:04:48.806 [AsyncHttpClient-1-8] DEBUG org.asynchttpclient.netty.handler.HttpHandler - 

Request DefaultFullHttpRequest(decodeResult: success, version: HTTP/1.1, content: EmptyByteBufBE)
GET /session/ec76718b7b0fd1a098696db1cb11c782/screenshot HTTP/1.1
User-Agent: selenium/4.8.1 (java windows)
Cache-Control: no-cache
Content-Type: application/json; charset=utf-8
host: localhost:25997
accept: */*

Response DefaultHttpResponse(decodeResult: success, version: HTTP/1.1)
HTTP/1.1 200 OK
Content-Length: 33944
Content-Type: application/json; charset=utf-8
cache-control: no-cache

19:04:48.806 [AsyncHttpClient-1-8] DEBUG org.asynchttpclient.netty.channel.ChannelManager - Adding key: http://localhost:25997 for channel [id: 0x8f3df881, L:/127.0.0.1:61576 - R:localhost/127.0.0.1:25997]
19:04:48.808 [main] DEBUG net.serenitybdd.core.photography.Darkroom - Send negative for processing for target\site\serenity\a28673e51aebbdad56f7913cd7cb3081aa3d491cd6d5a97727f226cf525ae079.png
19:04:48.808 [main] DEBUG net.thucydides.core.steps.StepInterceptor - STEP DONE: inputFullnameReg
  &amp#27;[32mAnd &amp#27;[0m&amp#27;[32mI input correct fullname for register&amp#27;[0m &amp#27;[90m# starter.stepdefinitions.RegisterSteps.inputFullnameReg()&amp#27;[0m
19:04:48.808 [Darkroom Processing Line] DEBUG net.serenitybdd.core.photography.DarkroomProcessingLine - Processing screenshot image in /var/screenshots/screenshot-6337545791590778846
19:04:48.808 [Darkroom Processing Line] DEBUG net.serenitybdd.core.photography.DarkroomProcessingLine - Saving screenshot to target\site\serenity\a28673e51aebbdad56f7913cd7cb3081aa3d491cd6d5a97727f226cf525ae079.png
19:04:48.815 [Forwarding getPageSource on session ec76718b7b0fd1a098696db1cb11c782 to remote] DEBUG org.asynchttpclient.netty.request.NettyRequestSender - Using pooled Channel '[id: 0x8f3df881, L:/127.0.0.1:61576 - R:localhost/127.0.0.1:25997]' for 'POST' to 'http://localhost:25997/session/ec76718b7b0fd1a098696db1cb11c782/execute/sync'
19:04:48.815 [Forwarding getPageSource on session ec76718b7b0fd1a098696db1cb11c782 to remote] DEBUG org.asynchttpclient.netty.request.NettyRequestSender - Using open Channel [id: 0x8f3df881, L:/127.0.0.1:61576 - R:localhost/127.0.0.1:25997] for POST '/session/ec76718b7b0fd1a098696db1cb11c782/execute/sync'
19:04:48.821 [AsyncHttpClient-1-8] DEBUG org.asynchttpclient.netty.handler.HttpHandler - 

Request DefaultHttpRequest(decodeResult: success, version: HTTP/1.1)
POST /session/ec76718b7b0fd1a098696db1cb11c782/execute/sync HTTP/1.1
User-Agent: selenium/4.8.1 (java windows)
Content-Length: 176
Content-Type: application/json; charset=utf-8
host: localhost:25997
accept: */*

Response DefaultHttpResponse(decodeResult: success, version: HTTP/1.1)
HTTP/1.1 200 OK
Content-Length: 22435
Content-Type: application/json; charset=utf-8
cache-control: no-cache

19:04:48.821 [AsyncHttpClient-1-8] DEBUG org.asynchttpclient.netty.channel.ChannelManager - Adding key: http://localhost:25997 for channel [id: 0x8f3df881, L:/127.0.0.1:61576 - R:localhost/127.0.0.1:25997]
19:04:48.823 [Forwarding getCurrentUrl on session ec76718b7b0fd1a098696db1cb11c782 to remote] DEBUG org.asynchttpclient.netty.request.NettyRequestSender - Using pooled Channel '[id: 0x8f3df881, L:/127.0.0.1:61576 - R:localhost/127.0.0.1:25997]' for 'GET' to 'http://localhost:25997/session/ec76718b7b0fd1a098696db1cb11c782/url'
19:04:48.823 [Forwarding getCurrentUrl on session ec76718b7b0fd1a098696db1cb11c782 to remote] DEBUG org.asynchttpclient.netty.request.NettyRequestSender - Using open Channel [id: 0x8f3df881, L:/127.0.0.1:61576 - R:localhost/127.0.0.1:25997] for GET '/session/ec76718b7b0fd1a098696db1cb11c782/url'
19:04:48.825 [AsyncHttpClient-1-8] DEBUG org.asynchttpclient.netty.handler.HttpHandler - 

Request DefaultFullHttpRequest(decodeResult: success, version: HTTP/1.1, content: EmptyByteBufBE)
GET /session/ec76718b7b0fd1a098696db1cb11c782/url HTTP/1.1
User-Agent: selenium/4.8.1 (java windows)
Cache-Control: no-cache
Content-Type: application/json; charset=utf-8
host: localhost:25997
accept: */*

Response DefaultHttpResponse(decodeResult: success, version: HTTP/1.1)
HTTP/1.1 200 OK
Content-Length: 54
Content-Type: application/json; charset=utf-8
cache-control: no-cache

19:04:48.826 [AsyncHttpClient-1-8] DEBUG org.asynchttpclient.netty.channel.ChannelManager - Adding key: http://localhost:25997 for channel [id: 0x8f3df881, L:/127.0.0.1:61576 - R:localhost/127.0.0.1:25997]
19:04:48.832 [Forwarding getPageSource on session ec76718b7b0fd1a098696db1cb11c782 to remote] DEBUG org.asynchttpclient.netty.request.NettyRequestSender - Using pooled Channel '[id: 0x8f3df881, L:/127.0.0.1:61576 - R:localhost/127.0.0.1:25997]' for 'POST' to 'http://localhost:25997/session/ec76718b7b0fd1a098696db1cb11c782/execute/sync'
19:04:48.832 [Forwarding getPageSource on session ec76718b7b0fd1a098696db1cb11c782 to remote] DEBUG org.asynchttpclient.netty.request.NettyRequestSender - Using open Channel [id: 0x8f3df881, L:/127.0.0.1:61576 - R:localhost/127.0.0.1:25997] for POST '/session/ec76718b7b0fd1a098696db1cb11c782/execute/sync'
19:04:48.836 [AsyncHttpClient-1-8] DEBUG org.asynchttpclient.netty.handler.HttpHandler - 

Request DefaultHttpRequest(decodeResult: success, version: HTTP/1.1)
POST /session/ec76718b7b0fd1a098696db1cb11c782/execute/sync HTTP/1.1
User-Agent: selenium/4.8.1 (java windows)
Content-Length: 176
Content-Type: application/json; charset=utf-8
host: localhost:25997
accept: */*

Response DefaultHttpResponse(decodeResult: success, version: HTTP/1.1)
HTTP/1.1 200 OK
Content-Length: 22435
Content-Type: application/json; charset=utf-8
cache-control: no-cache

19:04:48.836 [AsyncHttpClient-1-8] DEBUG org.asynchttpclient.netty.channel.ChannelManager - Adding key: http://localhost:25997 for channel [id: 0x8f3df881, L:/127.0.0.1:61576 - R:localhost/127.0.0.1:25997]
19:04:48.838 [Forwarding getCurrentUrl on session ec76718b7b0fd1a098696db1cb11c782 to remote] DEBUG org.asynchttpclient.netty.request.NettyRequestSender - Using pooled Channel '[id: 0x8f3df881, L:/127.0.0.1:61576 - R:localhost/127.0.0.1:25997]' for 'GET' to 'http://localhost:25997/session/ec76718b7b0fd1a098696db1cb11c782/url'
19:04:48.838 [Forwarding getCurrentUrl on session ec76718b7b0fd1a098696db1cb11c782 to remote] DEBUG org.asynchttpclient.netty.request.NettyRequestSender - Using open Channel [id: 0x8f3df881, L:/127.0.0.1:61576 - R:localhost/127.0.0.1:25997] for GET '/session/ec76718b7b0fd1a098696db1cb11c782/url'
19:04:48.841 [AsyncHttpClient-1-8] DEBUG org.asynchttpclient.netty.handler.HttpHandler - 

Request DefaultFullHttpRequest(decodeResult: success, version: HTTP/1.1, content: EmptyByteBufBE)
GET /session/ec76718b7b0fd1a098696db1cb11c782/url HTTP/1.1
User-Agent: selenium/4.8.1 (java windows)
Cache-Control: no-cache
Content-Type: application/json; charset=utf-8
host: localhost:25997
accept: */*

Response DefaultHttpResponse(decodeResult: success, version: HTTP/1.1)
HTTP/1.1 200 OK
Content-Length: 54
Content-Type: application/json; charset=utf-8
cache-control: no-cache

19:04:48.841 [AsyncHttpClient-1-8] DEBUG org.asynchttpclient.netty.channel.ChannelManager - Adding key: http://localhost:25997 for channel [id: 0x8f3df881, L:/127.0.0.1:61576 - R:localhost/127.0.0.1:25997]
19:04:48.843 [main] DEBUG net.thucydides.core.steps.StepInterceptor - STARTING STEP: RegisterSteps.inputInvalidEmailReg - inputEmailReg
19:04:48.845 [Forwarding findElement on session ec76718b7b0fd1a098696db1cb11c782 to remote] DEBUG org.asynchttpclient.netty.request.NettyRequestSender - Using pooled Channel '[id: 0x8f3df881, L:/127.0.0.1:61576 - R:localhost/127.0.0.1:25997]' for 'POST' to 'http://localhost:25997/session/ec76718b7b0fd1a098696db1cb11c782/element'
19:04:48.845 [Forwarding findElement on session ec76718b7b0fd1a098696db1cb11c782 to remote] DEBUG org.asynchttpclient.netty.request.NettyRequestSender - Using open Channel [id: 0x8f3df881, L:/127.0.0.1:61576 - R:localhost/127.0.0.1:25997] for POST '/session/ec76718b7b0fd1a098696db1cb11c782/element'
19:04:48.853 [AsyncHttpClient-1-8] DEBUG org.asynchttpclient.netty.handler.HttpHandler - 

Request DefaultHttpRequest(decodeResult: success, version: HTTP/1.1)
POST /session/ec76718b7b0fd1a098696db1cb11c782/element HTTP/1.1
User-Agent: selenium/4.8.1 (java windows)
Content-Length: 55
Content-Type: application/json; charset=utf-8
host: localhost:25997
accept: */*

Response DefaultHttpResponse(decodeResult: success, version: HTTP/1.1)
HTTP/1.1 200 OK
Content-Length: 88
Content-Type: application/json; charset=utf-8
cache-control: no-cache

19:04:48.853 [AsyncHttpClient-1-8] DEBUG org.asynchttpclient.netty.channel.ChannelManager - Adding key: http://localhost:25997 for channel [id: 0x8f3df881, L:/127.0.0.1:61576 - R:localhost/127.0.0.1:25997]
19:04:48.854 [Forwarding clearElement on session ec76718b7b0fd1a098696db1cb11c782 to remote] DEBUG org.asynchttpclient.netty.request.NettyRequestSender - Using pooled Channel '[id: 0x8f3df881, L:/127.0.0.1:61576 - R:localhost/127.0.0.1:25997]' for 'POST' to 'http://localhost:25997/session/ec76718b7b0fd1a098696db1cb11c782/element/fd8342ea-e1ad-4686-ad64-26a97e74c751/clear'
19:04:48.854 [Forwarding clearElement on session ec76718b7b0fd1a098696db1cb11c782 to remote] DEBUG org.asynchttpclient.netty.request.NettyRequestSender - Using open Channel [id: 0x8f3df881, L:/127.0.0.1:61576 - R:localhost/127.0.0.1:25997] for POST '/session/ec76718b7b0fd1a098696db1cb11c782/element/fd8342ea-e1ad-4686-ad64-26a97e74c751/clear'
19:04:48.878 [AsyncHttpClient-1-8] DEBUG org.asynchttpclient.netty.handler.HttpHandler - 

Request DefaultHttpRequest(decodeResult: success, version: HTTP/1.1)
POST /session/ec76718b7b0fd1a098696db1cb11c782/element/fd8342ea-e1ad-4686-ad64-26a97e74c751/clear HTTP/1.1
User-Agent: selenium/4.8.1 (java windows)
Content-Length: 50
Content-Type: application/json; charset=utf-8
host: localhost:25997
accept: */*

Response DefaultHttpResponse(decodeResult: success, version: HTTP/1.1)
HTTP/1.1 200 OK
Content-Length: 14
Content-Type: application/json; charset=utf-8
cache-control: no-cache

19:04:48.878 [AsyncHttpClient-1-8] DEBUG org.asynchttpclient.netty.channel.ChannelManager - Adding key: http://localhost:25997 for channel [id: 0x8f3df881, L:/127.0.0.1:61576 - R:localhost/127.0.0.1:25997]
19:04:48.879 [Forwarding sendKeysToElement on session ec76718b7b0fd1a098696db1cb11c782 to remote] DEBUG org.asynchttpclient.netty.request.NettyRequestSender - Using pooled Channel '[id: 0x8f3df881, L:/127.0.0.1:61576 - R:localhost/127.0.0.1:25997]' for 'POST' to 'http://localhost:25997/session/ec76718b7b0fd1a098696db1cb11c782/element/fd8342ea-e1ad-4686-ad64-26a97e74c751/value'
19:04:48.879 [Forwarding sendKeysToElement on session ec76718b7b0fd1a098696db1cb11c782 to remote] DEBUG org.asynchttpclient.netty.request.NettyRequestSender - Using open Channel [id: 0x8f3df881, L:/127.0.0.1:61576 - R:localhost/127.0.0.1:25997] for POST '/session/ec76718b7b0fd1a098696db1cb11c782/element/fd8342ea-e1ad-4686-ad64-26a97e74c751/value'
19:04:48.913 [AsyncHttpClient-1-8] DEBUG org.asynchttpclient.netty.handler.HttpHandler - 

Request DefaultHttpRequest(decodeResult: success, version: HTTP/1.1)
POST /session/ec76718b7b0fd1a098696db1cb11c782/element/fd8342ea-e1ad-4686-ad64-26a97e74c751/value HTTP/1.1
User-Agent: selenium/4.8.1 (java windows)
Content-Length: 82
Content-Type: application/json; charset=utf-8
host: localhost:25997
accept: */*

Response DefaultHttpResponse(decodeResult: success, version: HTTP/1.1)
HTTP/1.1 200 OK
Content-Length: 14
Content-Type: application/json; charset=utf-8
cache-control: no-cache

19:04:48.914 [AsyncHttpClient-1-8] DEBUG org.asynchttpclient.netty.channel.ChannelManager - Adding key: http://localhost:25997 for channel [id: 0x8f3df881, L:/127.0.0.1:61576 - R:localhost/127.0.0.1:25997]
19:04:48.917 [Forwarding getAlertText on session ec76718b7b0fd1a098696db1cb11c782 to remote] DEBUG org.asynchttpclient.netty.request.NettyRequestSender - Using pooled Channel '[id: 0x8f3df881, L:/127.0.0.1:61576 - R:localhost/127.0.0.1:25997]' for 'GET' to 'http://localhost:25997/session/ec76718b7b0fd1a098696db1cb11c782/alert/text'
19:04:48.917 [Forwarding getAlertText on session ec76718b7b0fd1a098696db1cb11c782 to remote] DEBUG org.asynchttpclient.netty.request.NettyRequestSender - Using open Channel [id: 0x8f3df881, L:/127.0.0.1:61576 - R:localhost/127.0.0.1:25997] for GET '/session/ec76718b7b0fd1a098696db1cb11c782/alert/text'
19:04:48.918 [AsyncHttpClient-1-8] DEBUG org.asynchttpclient.netty.handler.HttpHandler - 

Request DefaultFullHttpRequest(decodeResult: success, version: HTTP/1.1, content: EmptyByteBufBE)
GET /session/ec76718b7b0fd1a098696db1cb11c782/alert/text HTTP/1.1
User-Agent: selenium/4.8.1 (java windows)
Cache-Control: no-cache
Content-Type: application/json; charset=utf-8
host: localhost:25997
accept: */*

Response DefaultHttpResponse(decodeResult: success, version: HTTP/1.1)
HTTP/1.1 404 Not Found
Content-Length: 836
Content-Type: application/json; charset=utf-8
cache-control: no-cache

19:04:48.918 [AsyncHttpClient-1-8] DEBUG org.asynchttpclient.netty.channel.ChannelManager - Adding key: http://localhost:25997 for channel [id: 0x8f3df881, L:/127.0.0.1:61576 - R:localhost/127.0.0.1:25997]
19:04:48.920 [Forwarding getCurrentUrl on session ec76718b7b0fd1a098696db1cb11c782 to remote] DEBUG org.asynchttpclient.netty.request.NettyRequestSender - Using pooled Channel '[id: 0x8f3df881, L:/127.0.0.1:61576 - R:localhost/127.0.0.1:25997]' for 'GET' to 'http://localhost:25997/session/ec76718b7b0fd1a098696db1cb11c782/url'
19:04:48.920 [Forwarding getCurrentUrl on session ec76718b7b0fd1a098696db1cb11c782 to remote] DEBUG org.asynchttpclient.netty.request.NettyRequestSender - Using open Channel [id: 0x8f3df881, L:/127.0.0.1:61576 - R:localhost/127.0.0.1:25997] for GET '/session/ec76718b7b0fd1a098696db1cb11c782/url'
19:04:48.923 [AsyncHttpClient-1-8] DEBUG org.asynchttpclient.netty.handler.HttpHandler - 

Request DefaultFullHttpRequest(decodeResult: success, version: HTTP/1.1, content: EmptyByteBufBE)
GET /session/ec76718b7b0fd1a098696db1cb11c782/url HTTP/1.1
User-Agent: selenium/4.8.1 (java windows)
Cache-Control: no-cache
Content-Type: application/json; charset=utf-8
host: localhost:25997
accept: */*

Response DefaultHttpResponse(decodeResult: success, version: HTTP/1.1)
HTTP/1.1 200 OK
Content-Length: 54
Content-Type: application/json; charset=utf-8
cache-control: no-cache

19:04:48.923 [AsyncHttpClient-1-8] DEBUG org.asynchttpclient.netty.channel.ChannelManager - Adding key: http://localhost:25997 for channel [id: 0x8f3df881, L:/127.0.0.1:61576 - R:localhost/127.0.0.1:25997]
19:04:48.924 [Forwarding screenshot on session ec76718b7b0fd1a098696db1cb11c782 to remote] DEBUG org.asynchttpclient.netty.request.NettyRequestSender - Using pooled Channel '[id: 0x8f3df881, L:/127.0.0.1:61576 - R:localhost/127.0.0.1:25997]' for 'GET' to 'http://localhost:25997/session/ec76718b7b0fd1a098696db1cb11c782/screenshot'
19:04:48.924 [Forwarding screenshot on session ec76718b7b0fd1a098696db1cb11c782 to remote] DEBUG org.asynchttpclient.netty.request.NettyRequestSender - Using open Channel [id: 0x8f3df881, L:/127.0.0.1:61576 - R:localhost/127.0.0.1:25997] for GET '/session/ec76718b7b0fd1a098696db1cb11c782/screenshot'
19:04:49.020 [AsyncHttpClient-1-8] DEBUG org.asynchttpclient.netty.handler.HttpHandler - 

Request DefaultFullHttpRequest(decodeResult: success, version: HTTP/1.1, content: EmptyByteBufBE)
GET /session/ec76718b7b0fd1a098696db1cb11c782/screenshot HTTP/1.1
User-Agent: selenium/4.8.1 (java windows)
Cache-Control: no-cache
Content-Type: application/json; charset=utf-8
host: localhost:25997
accept: */*

Response DefaultHttpResponse(decodeResult: success, version: HTTP/1.1)
HTTP/1.1 200 OK
Content-Length: 33496
Content-Type: application/json; charset=utf-8
cache-control: no-cache

19:04:49.020 [AsyncHttpClient-1-8] DEBUG org.asynchttpclient.netty.channel.ChannelManager - Adding key: http://localhost:25997 for channel [id: 0x8f3df881, L:/127.0.0.1:61576 - R:localhost/127.0.0.1:25997]
19:04:49.021 [main] DEBUG net.serenitybdd.core.photography.Darkroom - Send negative for processing for target\site\serenity\bc8a2b8df1bb27fbfbdf0318498ba8200b937abb966c79e69fc4a2f0c7d4be83.png
19:04:49.022 [main] DEBUG net.thucydides.core.steps.StepInterceptor - STEP DONE: inputEmailReg
19:04:49.022 [Darkroom Processing Line] DEBUG net.serenitybdd.core.photography.DarkroomProcessingLine - Processing screenshot image in /var/screenshots/screenshot-7566532437789287663
  &amp#27;[32mAnd &amp#27;[0m&amp#27;[32mI input nothing in email for register&amp#27;[0m &amp#27;[90m# starter.stepdefinitions.RegisterSteps.inputInvalidEmailReg()&amp#27;[0m
19:04:49.022 [Darkroom Processing Line] DEBUG net.serenitybdd.core.photography.DarkroomProcessingLine - Saving screenshot to target\site\serenity\bc8a2b8df1bb27fbfbdf0318498ba8200b937abb966c79e69fc4a2f0c7d4be83.png
19:04:49.027 [Forwarding getPageSource on session ec76718b7b0fd1a098696db1cb11c782 to remote] DEBUG org.asynchttpclient.netty.request.NettyRequestSender - Using pooled Channel '[id: 0x8f3df881, L:/127.0.0.1:61576 - R:localhost/127.0.0.1:25997]' for 'POST' to 'http://localhost:25997/session/ec76718b7b0fd1a098696db1cb11c782/execute/sync'
19:04:49.027 [Forwarding getPageSource on session ec76718b7b0fd1a098696db1cb11c782 to remote] DEBUG org.asynchttpclient.netty.request.NettyRequestSender - Using open Channel [id: 0x8f3df881, L:/127.0.0.1:61576 - R:localhost/127.0.0.1:25997] for POST '/session/ec76718b7b0fd1a098696db1cb11c782/execute/sync'
19:04:49.034 [AsyncHttpClient-1-8] DEBUG org.asynchttpclient.netty.handler.HttpHandler - 

Request DefaultHttpRequest(decodeResult: success, version: HTTP/1.1)
POST /session/ec76718b7b0fd1a098696db1cb11c782/execute/sync HTTP/1.1
User-Agent: selenium/4.8.1 (java windows)
Content-Length: 176
Content-Type: application/json; charset=utf-8
host: localhost:25997
accept: */*

Response DefaultHttpResponse(decodeResult: success, version: HTTP/1.1)
HTTP/1.1 200 OK
Content-Length: 22451
Content-Type: application/json; charset=utf-8
cache-control: no-cache

19:04:49.034 [AsyncHttpClient-1-8] DEBUG org.asynchttpclient.netty.channel.ChannelManager - Adding key: http://localhost:25997 for channel [id: 0x8f3df881, L:/127.0.0.1:61576 - R:localhost/127.0.0.1:25997]
19:04:49.036 [Forwarding getCurrentUrl on session ec76718b7b0fd1a098696db1cb11c782 to remote] DEBUG org.asynchttpclient.netty.request.NettyRequestSender - Using pooled Channel '[id: 0x8f3df881, L:/127.0.0.1:61576 - R:localhost/127.0.0.1:25997]' for 'GET' to 'http://localhost:25997/session/ec76718b7b0fd1a098696db1cb11c782/url'
19:04:49.036 [Forwarding getCurrentUrl on session ec76718b7b0fd1a098696db1cb11c782 to remote] DEBUG org.asynchttpclient.netty.request.NettyRequestSender - Using open Channel [id: 0x8f3df881, L:/127.0.0.1:61576 - R:localhost/127.0.0.1:25997] for GET '/session/ec76718b7b0fd1a098696db1cb11c782/url'
19:04:49.039 [AsyncHttpClient-1-8] DEBUG org.asynchttpclient.netty.handler.HttpHandler - 

Request DefaultFullHttpRequest(decodeResult: success, version: HTTP/1.1, content: EmptyByteBufBE)
GET /session/ec76718b7b0fd1a098696db1cb11c782/url HTTP/1.1
User-Agent: selenium/4.8.1 (java windows)
Cache-Control: no-cache
Content-Type: application/json; charset=utf-8
host: localhost:25997
accept: */*

Response DefaultHttpResponse(decodeResult: success, version: HTTP/1.1)
HTTP/1.1 200 OK
Content-Length: 54
Content-Type: application/json; charset=utf-8
cache-control: no-cache

19:04:49.040 [AsyncHttpClient-1-8] DEBUG org.asynchttpclient.netty.channel.ChannelManager - Adding key: http://localhost:25997 for channel [id: 0x8f3df881, L:/127.0.0.1:61576 - R:localhost/127.0.0.1:25997]
19:04:49.046 [Forwarding getPageSource on session ec76718b7b0fd1a098696db1cb11c782 to remote] DEBUG org.asynchttpclient.netty.request.NettyRequestSender - Using pooled Channel '[id: 0x8f3df881, L:/127.0.0.1:61576 - R:localhost/127.0.0.1:25997]' for 'POST' to 'http://localhost:25997/session/ec76718b7b0fd1a098696db1cb11c782/execute/sync'
19:04:49.047 [Forwarding getPageSource on session ec76718b7b0fd1a098696db1cb11c782 to remote] DEBUG org.asynchttpclient.netty.request.NettyRequestSender - Using open Channel [id: 0x8f3df881, L:/127.0.0.1:61576 - R:localhost/127.0.0.1:25997] for POST '/session/ec76718b7b0fd1a098696db1cb11c782/execute/sync'
19:04:49.051 [AsyncHttpClient-1-8] DEBUG org.asynchttpclient.netty.handler.HttpHandler - 

Request DefaultHttpRequest(decodeResult: success, version: HTTP/1.1)
POST /session/ec76718b7b0fd1a098696db1cb11c782/execute/sync HTTP/1.1
User-Agent: selenium/4.8.1 (java windows)
Content-Length: 176
Content-Type: application/json; charset=utf-8
host: localhost:25997
accept: */*

Response DefaultHttpResponse(decodeResult: success, version: HTTP/1.1)
HTTP/1.1 200 OK
Content-Length: 22451
Content-Type: application/json; charset=utf-8
cache-control: no-cache

19:04:49.051 [AsyncHttpClient-1-8] DEBUG org.asynchttpclient.netty.channel.ChannelManager - Adding key: http://localhost:25997 for channel [id: 0x8f3df881, L:/127.0.0.1:61576 - R:localhost/127.0.0.1:25997]
19:04:49.053 [Forwarding getCurrentUrl on session ec76718b7b0fd1a098696db1cb11c782 to remote] DEBUG org.asynchttpclient.netty.request.NettyRequestSender - Using pooled Channel '[id: 0x8f3df881, L:/127.0.0.1:61576 - R:localhost/127.0.0.1:25997]' for 'GET' to 'http://localhost:25997/session/ec76718b7b0fd1a098696db1cb11c782/url'
19:04:49.053 [Forwarding getCurrentUrl on session ec76718b7b0fd1a098696db1cb11c782 to remote] DEBUG org.asynchttpclient.netty.request.NettyRequestSender - Using open Channel [id: 0x8f3df881, L:/127.0.0.1:61576 - R:localhost/127.0.0.1:25997] for GET '/session/ec76718b7b0fd1a098696db1cb11c782/url'
19:04:49.055 [AsyncHttpClient-1-8] DEBUG org.asynchttpclient.netty.handler.HttpHandler - 

Request DefaultFullHttpRequest(decodeResult: success, version: HTTP/1.1, content: EmptyByteBufBE)
GET /session/ec76718b7b0fd1a098696db1cb11c782/url HTTP/1.1
User-Agent: selenium/4.8.1 (java windows)
Cache-Control: no-cache
Content-Type: application/json; charset=utf-8
host: localhost:25997
accept: */*

Response DefaultHttpResponse(decodeResult: success, version: HTTP/1.1)
HTTP/1.1 200 OK
Content-Length: 54
Content-Type: application/json; charset=utf-8
cache-control: no-cache

19:04:49.055 [AsyncHttpClient-1-8] DEBUG org.asynchttpclient.netty.channel.ChannelManager - Adding key: http://localhost:25997 for channel [id: 0x8f3df881, L:/127.0.0.1:61576 - R:localhost/127.0.0.1:25997]
19:04:49.057 [main] DEBUG net.thucydides.core.steps.StepInterceptor - STARTING STEP: RegisterSteps.inputPasswordReg - inputPasswordReg
19:04:49.059 [Forwarding findElement on session ec76718b7b0fd1a098696db1cb11c782 to remote] DEBUG org.asynchttpclient.netty.request.NettyRequestSender - Using pooled Channel '[id: 0x8f3df881, L:/127.0.0.1:61576 - R:localhost/127.0.0.1:25997]' for 'POST' to 'http://localhost:25997/session/ec76718b7b0fd1a098696db1cb11c782/element'
19:04:49.059 [Forwarding findElement on session ec76718b7b0fd1a098696db1cb11c782 to remote] DEBUG org.asynchttpclient.netty.request.NettyRequestSender - Using open Channel [id: 0x8f3df881, L:/127.0.0.1:61576 - R:localhost/127.0.0.1:25997] for POST '/session/ec76718b7b0fd1a098696db1cb11c782/element'
19:04:49.067 [AsyncHttpClient-1-8] DEBUG org.asynchttpclient.netty.handler.HttpHandler - 

Request DefaultHttpRequest(decodeResult: success, version: HTTP/1.1)
POST /session/ec76718b7b0fd1a098696db1cb11c782/element HTTP/1.1
User-Agent: selenium/4.8.1 (java windows)
Content-Length: 55
Content-Type: application/json; charset=utf-8
host: localhost:25997
accept: */*

Response DefaultHttpResponse(decodeResult: success, version: HTTP/1.1)
HTTP/1.1 200 OK
Content-Length: 88
Content-Type: application/json; charset=utf-8
cache-control: no-cache

19:04:49.068 [AsyncHttpClient-1-8] DEBUG org.asynchttpclient.netty.channel.ChannelManager - Adding key: http://localhost:25997 for channel [id: 0x8f3df881, L:/127.0.0.1:61576 - R:localhost/127.0.0.1:25997]
19:04:49.068 [Forwarding clearElement on session ec76718b7b0fd1a098696db1cb11c782 to remote] DEBUG org.asynchttpclient.netty.request.NettyRequestSender - Using pooled Channel '[id: 0x8f3df881, L:/127.0.0.1:61576 - R:localhost/127.0.0.1:25997]' for 'POST' to 'http://localhost:25997/session/ec76718b7b0fd1a098696db1cb11c782/element/1cf4c9a6-43db-40ed-a55a-e19ca4e96899/clear'
19:04:49.068 [Forwarding clearElement on session ec76718b7b0fd1a098696db1cb11c782 to remote] DEBUG org.asynchttpclient.netty.request.NettyRequestSender - Using open Channel [id: 0x8f3df881, L:/127.0.0.1:61576 - R:localhost/127.0.0.1:25997] for POST '/session/ec76718b7b0fd1a098696db1cb11c782/element/1cf4c9a6-43db-40ed-a55a-e19ca4e96899/clear'
19:04:49.094 [AsyncHttpClient-1-8] DEBUG org.asynchttpclient.netty.handler.HttpHandler - 

Request DefaultHttpRequest(decodeResult: success, version: HTTP/1.1)
POST /session/ec76718b7b0fd1a098696db1cb11c782/element/1cf4c9a6-43db-40ed-a55a-e19ca4e96899/clear HTTP/1.1
User-Agent: selenium/4.8.1 (java windows)
Content-Length: 50
Content-Type: application/json; charset=utf-8
host: localhost:25997
accept: */*

Response DefaultHttpResponse(decodeResult: success, version: HTTP/1.1)
HTTP/1.1 200 OK
Content-Length: 14
Content-Type: application/json; charset=utf-8
cache-control: no-cache

19:04:49.094 [AsyncHttpClient-1-8] DEBUG org.asynchttpclient.netty.channel.ChannelManager - Adding key: http://localhost:25997 for channel [id: 0x8f3df881, L:/127.0.0.1:61576 - R:localhost/127.0.0.1:25997]
19:04:49.096 [Forwarding sendKeysToElement on session ec76718b7b0fd1a098696db1cb11c782 to remote] DEBUG org.asynchttpclient.netty.request.NettyRequestSender - Using pooled Channel '[id: 0x8f3df881, L:/127.0.0.1:61576 - R:localhost/127.0.0.1:25997]' for 'POST' to 'http://localhost:25997/session/ec76718b7b0fd1a098696db1cb11c782/element/1cf4c9a6-43db-40ed-a55a-e19ca4e96899/value'
19:04:49.096 [Forwarding sendKeysToElement on session ec76718b7b0fd1a098696db1cb11c782 to remote] DEBUG org.asynchttpclient.netty.request.NettyRequestSender - Using open Channel [id: 0x8f3df881, L:/127.0.0.1:61576 - R:localhost/127.0.0.1:25997] for POST '/session/ec76718b7b0fd1a098696db1cb11c782/element/1cf4c9a6-43db-40ed-a55a-e19ca4e96899/value'
19:04:49.235 [AsyncHttpClient-1-8] DEBUG org.asynchttpclient.netty.handler.HttpHandler - 

Request DefaultHttpRequest(decodeResult: success, version: HTTP/1.1)
POST /session/ec76718b7b0fd1a098696db1cb11c782/element/1cf4c9a6-43db-40ed-a55a-e19ca4e96899/value HTTP/1.1
User-Agent: selenium/4.8.1 (java windows)
Content-Length: 181
Content-Type: application/json; charset=utf-8
host: localhost:25997
accept: */*

Response DefaultHttpResponse(decodeResult: success, version: HTTP/1.1)
HTTP/1.1 200 OK
Content-Length: 14
Content-Type: application/json; charset=utf-8
cache-control: no-cache

19:04:49.236 [AsyncHttpClient-1-8] DEBUG org.asynchttpclient.netty.channel.ChannelManager - Adding key: http://localhost:25997 for channel [id: 0x8f3df881, L:/127.0.0.1:61576 - R:localhost/127.0.0.1:25997]
19:04:49.244 [Forwarding getAlertText on session ec76718b7b0fd1a098696db1cb11c782 to remote] DEBUG org.asynchttpclient.netty.request.NettyRequestSender - Using pooled Channel '[id: 0x8f3df881, L:/127.0.0.1:61576 - R:localhost/127.0.0.1:25997]' for 'GET' to 'http://localhost:25997/session/ec76718b7b0fd1a098696db1cb11c782/alert/text'
19:04:49.244 [Forwarding getAlertText on session ec76718b7b0fd1a098696db1cb11c782 to remote] DEBUG org.asynchttpclient.netty.request.NettyRequestSender - Using open Channel [id: 0x8f3df881, L:/127.0.0.1:61576 - R:localhost/127.0.0.1:25997] for GET '/session/ec76718b7b0fd1a098696db1cb11c782/alert/text'
19:04:49.245 [AsyncHttpClient-1-8] DEBUG org.asynchttpclient.netty.handler.HttpHandler - 

Request DefaultFullHttpRequest(decodeResult: success, version: HTTP/1.1, content: EmptyByteBufBE)
GET /session/ec76718b7b0fd1a098696db1cb11c782/alert/text HTTP/1.1
User-Agent: selenium/4.8.1 (java windows)
Cache-Control: no-cache
Content-Type: application/json; charset=utf-8
host: localhost:25997
accept: */*

Response DefaultHttpResponse(decodeResult: success, version: HTTP/1.1)
HTTP/1.1 404 Not Found
Content-Length: 836
Content-Type: application/json; charset=utf-8
cache-control: no-cache

19:04:49.246 [AsyncHttpClient-1-8] DEBUG org.asynchttpclient.netty.channel.ChannelManager - Adding key: http://localhost:25997 for channel [id: 0x8f3df881, L:/127.0.0.1:61576 - R:localhost/127.0.0.1:25997]
19:04:49.248 [Forwarding getCurrentUrl on session ec76718b7b0fd1a098696db1cb11c782 to remote] DEBUG org.asynchttpclient.netty.request.NettyRequestSender - Using pooled Channel '[id: 0x8f3df881, L:/127.0.0.1:61576 - R:localhost/127.0.0.1:25997]' for 'GET' to 'http://localhost:25997/session/ec76718b7b0fd1a098696db1cb11c782/url'
19:04:49.248 [Forwarding getCurrentUrl on session ec76718b7b0fd1a098696db1cb11c782 to remote] DEBUG org.asynchttpclient.netty.request.NettyRequestSender - Using open Channel [id: 0x8f3df881, L:/127.0.0.1:61576 - R:localhost/127.0.0.1:25997] for GET '/session/ec76718b7b0fd1a098696db1cb11c782/url'
19:04:49.262 [AsyncHttpClient-1-8] DEBUG org.asynchttpclient.netty.handler.HttpHandler - 

Request DefaultFullHttpRequest(decodeResult: success, version: HTTP/1.1, content: EmptyByteBufBE)
GET /session/ec76718b7b0fd1a098696db1cb11c782/url HTTP/1.1
User-Agent: selenium/4.8.1 (java windows)
Cache-Control: no-cache
Content-Type: application/json; charset=utf-8
host: localhost:25997
accept: */*

Response DefaultHttpResponse(decodeResult: success, version: HTTP/1.1)
HTTP/1.1 200 OK
Content-Length: 54
Content-Type: application/json; charset=utf-8
cache-control: no-cache

19:04:49.262 [AsyncHttpClient-1-8] DEBUG org.asynchttpclient.netty.channel.ChannelManager - Adding key: http://localhost:25997 for channel [id: 0x8f3df881, L:/127.0.0.1:61576 - R:localhost/127.0.0.1:25997]
19:04:49.263 [Forwarding screenshot on session ec76718b7b0fd1a098696db1cb11c782 to remote] DEBUG org.asynchttpclient.netty.request.NettyRequestSender - Using pooled Channel '[id: 0x8f3df881, L:/127.0.0.1:61576 - R:localhost/127.0.0.1:25997]' for 'GET' to 'http://localhost:25997/session/ec76718b7b0fd1a098696db1cb11c782/screenshot'
19:04:49.263 [Forwarding screenshot on session ec76718b7b0fd1a098696db1cb11c782 to remote] DEBUG org.asynchttpclient.netty.request.NettyRequestSender - Using open Channel [id: 0x8f3df881, L:/127.0.0.1:61576 - R:localhost/127.0.0.1:25997] for GET '/session/ec76718b7b0fd1a098696db1cb11c782/screenshot'
19:04:49.335 [AsyncHttpClient-1-1] DEBUG org.asynchttpclient.netty.channel.DefaultChannelPool - Entry count for : http://localhost:61578 : 1
19:04:49.382 [AsyncHttpClient-1-8] DEBUG org.asynchttpclient.netty.handler.HttpHandler - 

Request DefaultFullHttpRequest(decodeResult: success, version: HTTP/1.1, content: EmptyByteBufBE)
GET /session/ec76718b7b0fd1a098696db1cb11c782/screenshot HTTP/1.1
User-Agent: selenium/4.8.1 (java windows)
Cache-Control: no-cache
Content-Type: application/json; charset=utf-8
host: localhost:25997
accept: */*

Response DefaultHttpResponse(decodeResult: success, version: HTTP/1.1)
HTTP/1.1 200 OK
Content-Length: 36064
Content-Type: application/json; charset=utf-8
cache-control: no-cache

19:04:49.382 [AsyncHttpClient-1-8] DEBUG org.asynchttpclient.netty.channel.ChannelManager - Adding key: http://localhost:25997 for channel [id: 0x8f3df881, L:/127.0.0.1:61576 - R:localhost/127.0.0.1:25997]
19:04:49.383 [main] DEBUG net.serenitybdd.core.photography.Darkroom - Send negative for processing for target\site\serenity\c8a947707a75bcc9aefc57ebb2a9ed451c788fac2d35588421b54e23e39407b8.png
19:04:49.384 [main] DEBUG net.thucydides.core.steps.StepInterceptor - STEP DONE: inputPasswordReg
19:04:49.384 [Darkroom Processing Line] DEBUG net.serenitybdd.core.photography.DarkroomProcessingLine - Processing screenshot image in /var/screenshots/screenshot-3256156282319249411
19:04:49.384 [Darkroom Processing Line] DEBUG net.serenitybdd.core.photography.DarkroomProcessingLine - Saving screenshot to target\site\serenity\c8a947707a75bcc9aefc57ebb2a9ed451c788fac2d35588421b54e23e39407b8.png
  &amp#27;[32mAnd &amp#27;[0m&amp#27;[32mI input correct password for register&amp#27;[0m &amp#27;[90m# starter.stepdefinitions.RegisterSteps.inputPasswordReg()&amp#27;[0m
19:04:49.391 [Forwarding getPageSource on session ec76718b7b0fd1a098696db1cb11c782 to remote] DEBUG org.asynchttpclient.netty.request.NettyRequestSender - Using pooled Channel '[id: 0x8f3df881, L:/127.0.0.1:61576 - R:localhost/127.0.0.1:25997]' for 'POST' to 'http://localhost:25997/session/ec76718b7b0fd1a098696db1cb11c782/execute/sync'
19:04:49.391 [Forwarding getPageSource on session ec76718b7b0fd1a098696db1cb11c782 to remote] DEBUG org.asynchttpclient.netty.request.NettyRequestSender - Using open Channel [id: 0x8f3df881, L:/127.0.0.1:61576 - R:localhost/127.0.0.1:25997] for POST '/session/ec76718b7b0fd1a098696db1cb11c782/execute/sync'
19:04:49.397 [AsyncHttpClient-1-8] DEBUG org.asynchttpclient.netty.handler.HttpHandler - 

Request DefaultHttpRequest(decodeResult: success, version: HTTP/1.1)
POST /session/ec76718b7b0fd1a098696db1cb11c782/execute/sync HTTP/1.1
User-Agent: selenium/4.8.1 (java windows)
Content-Length: 176
Content-Type: application/json; charset=utf-8
host: localhost:25997
accept: */*

Response DefaultHttpResponse(decodeResult: success, version: HTTP/1.1)
HTTP/1.1 200 OK
Content-Length: 22494
Content-Type: application/json; charset=utf-8
cache-control: no-cache

19:04:49.397 [AsyncHttpClient-1-8] DEBUG org.asynchttpclient.netty.channel.ChannelManager - Adding key: http://localhost:25997 for channel [id: 0x8f3df881, L:/127.0.0.1:61576 - R:localhost/127.0.0.1:25997]
19:04:49.399 [Forwarding getCurrentUrl on session ec76718b7b0fd1a098696db1cb11c782 to remote] DEBUG org.asynchttpclient.netty.request.NettyRequestSender - Using pooled Channel '[id: 0x8f3df881, L:/127.0.0.1:61576 - R:localhost/127.0.0.1:25997]' for 'GET' to 'http://localhost:25997/session/ec76718b7b0fd1a098696db1cb11c782/url'
19:04:49.399 [Forwarding getCurrentUrl on session ec76718b7b0fd1a098696db1cb11c782 to remote] DEBUG org.asynchttpclient.netty.request.NettyRequestSender - Using open Channel [id: 0x8f3df881, L:/127.0.0.1:61576 - R:localhost/127.0.0.1:25997] for GET '/session/ec76718b7b0fd1a098696db1cb11c782/url'
19:04:49.403 [AsyncHttpClient-1-8] DEBUG org.asynchttpclient.netty.handler.HttpHandler - 

Request DefaultFullHttpRequest(decodeResult: success, version: HTTP/1.1, content: EmptyByteBufBE)
GET /session/ec76718b7b0fd1a098696db1cb11c782/url HTTP/1.1
User-Agent: selenium/4.8.1 (java windows)
Cache-Control: no-cache
Content-Type: application/json; charset=utf-8
host: localhost:25997
accept: */*

Response DefaultHttpResponse(decodeResult: success, version: HTTP/1.1)
HTTP/1.1 200 OK
Content-Length: 54
Content-Type: application/json; charset=utf-8
cache-control: no-cache

19:04:49.403 [AsyncHttpClient-1-8] DEBUG org.asynchttpclient.netty.channel.ChannelManager - Adding key: http://localhost:25997 for channel [id: 0x8f3df881, L:/127.0.0.1:61576 - R:localhost/127.0.0.1:25997]
19:04:49.413 [Forwarding getPageSource on session ec76718b7b0fd1a098696db1cb11c782 to remote] DEBUG org.asynchttpclient.netty.request.NettyRequestSender - Using pooled Channel '[id: 0x8f3df881, L:/127.0.0.1:61576 - R:localhost/127.0.0.1:25997]' for 'POST' to 'http://localhost:25997/session/ec76718b7b0fd1a098696db1cb11c782/execute/sync'
19:04:49.413 [Forwarding getPageSource on session ec76718b7b0fd1a098696db1cb11c782 to remote] DEBUG org.asynchttpclient.netty.request.NettyRequestSender - Using open Channel [id: 0x8f3df881, L:/127.0.0.1:61576 - R:localhost/127.0.0.1:25997] for POST '/session/ec76718b7b0fd1a098696db1cb11c782/execute/sync'
19:04:49.419 [AsyncHttpClient-1-8] DEBUG org.asynchttpclient.netty.handler.HttpHandler - 

Request DefaultHttpRequest(decodeResult: success, version: HTTP/1.1)
POST /session/ec76718b7b0fd1a098696db1cb11c782/execute/sync HTTP/1.1
User-Agent: selenium/4.8.1 (java windows)
Content-Length: 176
Content-Type: application/json; charset=utf-8
host: localhost:25997
accept: */*

Response DefaultHttpResponse(decodeResult: success, version: HTTP/1.1)
HTTP/1.1 200 OK
Content-Length: 22494
Content-Type: application/json; charset=utf-8
cache-control: no-cache

19:04:49.419 [AsyncHttpClient-1-8] DEBUG org.asynchttpclient.netty.channel.ChannelManager - Adding key: http://localhost:25997 for channel [id: 0x8f3df881, L:/127.0.0.1:61576 - R:localhost/127.0.0.1:25997]
19:04:49.421 [Forwarding getCurrentUrl on session ec76718b7b0fd1a098696db1cb11c782 to remote] DEBUG org.asynchttpclient.netty.request.NettyRequestSender - Using pooled Channel '[id: 0x8f3df881, L:/127.0.0.1:61576 - R:localhost/127.0.0.1:25997]' for 'GET' to 'http://localhost:25997/session/ec76718b7b0fd1a098696db1cb11c782/url'
19:04:49.421 [Forwarding getCurrentUrl on session ec76718b7b0fd1a098696db1cb11c782 to remote] DEBUG org.asynchttpclient.netty.request.NettyRequestSender - Using open Channel [id: 0x8f3df881, L:/127.0.0.1:61576 - R:localhost/127.0.0.1:25997] for GET '/session/ec76718b7b0fd1a098696db1cb11c782/url'
19:04:49.426 [AsyncHttpClient-1-8] DEBUG org.asynchttpclient.netty.handler.HttpHandler - 

Request DefaultFullHttpRequest(decodeResult: success, version: HTTP/1.1, content: EmptyByteBufBE)
GET /session/ec76718b7b0fd1a098696db1cb11c782/url HTTP/1.1
User-Agent: selenium/4.8.1 (java windows)
Cache-Control: no-cache
Content-Type: application/json; charset=utf-8
host: localhost:25997
accept: */*

Response DefaultHttpResponse(decodeResult: success, version: HTTP/1.1)
HTTP/1.1 200 OK
Content-Length: 54
Content-Type: application/json; charset=utf-8
cache-control: no-cache

19:04:49.427 [AsyncHttpClient-1-8] DEBUG org.asynchttpclient.netty.channel.ChannelManager - Adding key: http://localhost:25997 for channel [id: 0x8f3df881, L:/127.0.0.1:61576 - R:localhost/127.0.0.1:25997]
19:04:49.430 [main] DEBUG net.thucydides.core.steps.StepInterceptor - STARTING STEP: RegisterSteps.ClickRegisterButton - ClickRegisterButton
19:04:49.433 [Forwarding findElement on session ec76718b7b0fd1a098696db1cb11c782 to remote] DEBUG org.asynchttpclient.netty.request.NettyRequestSender - Using pooled Channel '[id: 0x8f3df881, L:/127.0.0.1:61576 - R:localhost/127.0.0.1:25997]' for 'POST' to 'http://localhost:25997/session/ec76718b7b0fd1a098696db1cb11c782/element'
19:04:49.433 [Forwarding findElement on session ec76718b7b0fd1a098696db1cb11c782 to remote] DEBUG org.asynchttpclient.netty.request.NettyRequestSender - Using open Channel [id: 0x8f3df881, L:/127.0.0.1:61576 - R:localhost/127.0.0.1:25997] for POST '/session/ec76718b7b0fd1a098696db1cb11c782/element'
19:04:49.448 [AsyncHttpClient-1-8] DEBUG org.asynchttpclient.netty.handler.HttpHandler - 

Request DefaultHttpRequest(decodeResult: success, version: HTTP/1.1)
POST /session/ec76718b7b0fd1a098696db1cb11c782/element HTTP/1.1
User-Agent: selenium/4.8.1 (java windows)
Content-Length: 71
Content-Type: application/json; charset=utf-8
host: localhost:25997
accept: */*

Response DefaultHttpResponse(decodeResult: success, version: HTTP/1.1)
HTTP/1.1 200 OK
Content-Length: 88
Content-Type: application/json; charset=utf-8
cache-control: no-cache

19:04:49.448 [AsyncHttpClient-1-8] DEBUG org.asynchttpclient.netty.channel.ChannelManager - Adding key: http://localhost:25997 for channel [id: 0x8f3df881, L:/127.0.0.1:61576 - R:localhost/127.0.0.1:25997]
19:04:49.449 [Forwarding getElementTagName on session ec76718b7b0fd1a098696db1cb11c782 to remote] DEBUG org.asynchttpclient.netty.request.NettyRequestSender - Using pooled Channel '[id: 0x8f3df881, L:/127.0.0.1:61576 - R:localhost/127.0.0.1:25997]' for 'GET' to 'http://localhost:25997/session/ec76718b7b0fd1a098696db1cb11c782/element/ed49dfb0-d06c-4f15-bc55-617ed48135d3/name'
19:04:49.449 [Forwarding getElementTagName on session ec76718b7b0fd1a098696db1cb11c782 to remote] DEBUG org.asynchttpclient.netty.request.NettyRequestSender - Using open Channel [id: 0x8f3df881, L:/127.0.0.1:61576 - R:localhost/127.0.0.1:25997] for GET '/session/ec76718b7b0fd1a098696db1cb11c782/element/ed49dfb0-d06c-4f15-bc55-617ed48135d3/name'
19:04:49.452 [AsyncHttpClient-1-8] DEBUG org.asynchttpclient.netty.handler.HttpHandler - 

Request DefaultFullHttpRequest(decodeResult: success, version: HTTP/1.1, content: EmptyByteBufBE)
GET /session/ec76718b7b0fd1a098696db1cb11c782/element/ed49dfb0-d06c-4f15-bc55-617ed48135d3/name HTTP/1.1
User-Agent: selenium/4.8.1 (java windows)
Cache-Control: no-cache
Content-Type: application/json; charset=utf-8
host: localhost:25997
accept: */*

Response DefaultHttpResponse(decodeResult: success, version: HTTP/1.1)
HTTP/1.1 200 OK
Content-Length: 18
Content-Type: application/json; charset=utf-8
cache-control: no-cache

19:04:49.452 [AsyncHttpClient-1-8] DEBUG org.asynchttpclient.netty.channel.ChannelManager - Adding key: http://localhost:25997 for channel [id: 0x8f3df881, L:/127.0.0.1:61576 - R:localhost/127.0.0.1:25997]
19:04:49.453 [Forwarding getElementTagName on session ec76718b7b0fd1a098696db1cb11c782 to remote] DEBUG org.asynchttpclient.netty.request.NettyRequestSender - Using pooled Channel '[id: 0x8f3df881, L:/127.0.0.1:61576 - R:localhost/127.0.0.1:25997]' for 'GET' to 'http://localhost:25997/session/ec76718b7b0fd1a098696db1cb11c782/element/ed49dfb0-d06c-4f15-bc55-617ed48135d3/name'
19:04:49.453 [Forwarding getElementTagName on session ec76718b7b0fd1a098696db1cb11c782 to remote] DEBUG org.asynchttpclient.netty.request.NettyRequestSender - Using open Channel [id: 0x8f3df881, L:/127.0.0.1:61576 - R:localhost/127.0.0.1:25997] for GET '/session/ec76718b7b0fd1a098696db1cb11c782/element/ed49dfb0-d06c-4f15-bc55-617ed48135d3/name'
19:04:49.456 [AsyncHttpClient-1-8] DEBUG org.asynchttpclient.netty.handler.HttpHandler - 

Request DefaultFullHttpRequest(decodeResult: success, version: HTTP/1.1, content: EmptyByteBufBE)
GET /session/ec76718b7b0fd1a098696db1cb11c782/element/ed49dfb0-d06c-4f15-bc55-617ed48135d3/name HTTP/1.1
User-Agent: selenium/4.8.1 (java windows)
Cache-Control: no-cache
Content-Type: application/json; charset=utf-8
host: localhost:25997
accept: */*

Response DefaultHttpResponse(decodeResult: success, version: HTTP/1.1)
HTTP/1.1 200 OK
Content-Length: 18
Content-Type: application/json; charset=utf-8
cache-control: no-cache

19:04:49.456 [AsyncHttpClient-1-8] DEBUG org.asynchttpclient.netty.channel.ChannelManager - Adding key: http://localhost:25997 for channel [id: 0x8f3df881, L:/127.0.0.1:61576 - R:localhost/127.0.0.1:25997]
19:04:49.457 [Forwarding isElementEnabled on session ec76718b7b0fd1a098696db1cb11c782 to remote] DEBUG org.asynchttpclient.netty.request.NettyRequestSender - Using pooled Channel '[id: 0x8f3df881, L:/127.0.0.1:61576 - R:localhost/127.0.0.1:25997]' for 'GET' to 'http://localhost:25997/session/ec76718b7b0fd1a098696db1cb11c782/element/ed49dfb0-d06c-4f15-bc55-617ed48135d3/enabled'
19:04:49.457 [Forwarding isElementEnabled on session ec76718b7b0fd1a098696db1cb11c782 to remote] DEBUG org.asynchttpclient.netty.request.NettyRequestSender - Using open Channel [id: 0x8f3df881, L:/127.0.0.1:61576 - R:localhost/127.0.0.1:25997] for GET '/session/ec76718b7b0fd1a098696db1cb11c782/element/ed49dfb0-d06c-4f15-bc55-617ed48135d3/enabled'
19:04:49.465 [AsyncHttpClient-1-8] DEBUG org.asynchttpclient.netty.handler.HttpHandler - 

Request DefaultFullHttpRequest(decodeResult: success, version: HTTP/1.1, content: EmptyByteBufBE)
GET /session/ec76718b7b0fd1a098696db1cb11c782/element/ed49dfb0-d06c-4f15-bc55-617ed48135d3/enabled HTTP/1.1
User-Agent: selenium/4.8.1 (java windows)
Cache-Control: no-cache
Content-Type: application/json; charset=utf-8
host: localhost:25997
accept: */*

Response DefaultHttpResponse(decodeResult: success, version: HTTP/1.1)
HTTP/1.1 200 OK
Content-Length: 14
Content-Type: application/json; charset=utf-8
cache-control: no-cache

19:04:49.465 [AsyncHttpClient-1-8] DEBUG org.asynchttpclient.netty.channel.ChannelManager - Adding key: http://localhost:25997 for channel [id: 0x8f3df881, L:/127.0.0.1:61576 - R:localhost/127.0.0.1:25997]
19:04:49.467 [Forwarding isElementEnabled on session ec76718b7b0fd1a098696db1cb11c782 to remote] DEBUG org.asynchttpclient.netty.request.NettyRequestSender - Using pooled Channel '[id: 0x8f3df881, L:/127.0.0.1:61576 - R:localhost/127.0.0.1:25997]' for 'GET' to 'http://localhost:25997/session/ec76718b7b0fd1a098696db1cb11c782/element/ed49dfb0-d06c-4f15-bc55-617ed48135d3/enabled'
19:04:49.467 [Forwarding isElementEnabled on session ec76718b7b0fd1a098696db1cb11c782 to remote] DEBUG org.asynchttpclient.netty.request.NettyRequestSender - Using open Channel [id: 0x8f3df881, L:/127.0.0.1:61576 - R:localhost/127.0.0.1:25997] for GET '/session/ec76718b7b0fd1a098696db1cb11c782/element/ed49dfb0-d06c-4f15-bc55-617ed48135d3/enabled'
19:04:49.471 [AsyncHttpClient-1-8] DEBUG org.asynchttpclient.netty.handler.HttpHandler - 

Request DefaultFullHttpRequest(decodeResult: success, version: HTTP/1.1, content: EmptyByteBufBE)
GET /session/ec76718b7b0fd1a098696db1cb11c782/element/ed49dfb0-d06c-4f15-bc55-617ed48135d3/enabled HTTP/1.1
User-Agent: selenium/4.8.1 (java windows)
Cache-Control: no-cache
Content-Type: application/json; charset=utf-8
host: localhost:25997
accept: */*

Response DefaultHttpResponse(decodeResult: success, version: HTTP/1.1)
HTTP/1.1 200 OK
Content-Length: 14
Content-Type: application/json; charset=utf-8
cache-control: no-cache

19:04:49.471 [AsyncHttpClient-1-8] DEBUG org.asynchttpclient.netty.channel.ChannelManager - Adding key: http://localhost:25997 for channel [id: 0x8f3df881, L:/127.0.0.1:61576 - R:localhost/127.0.0.1:25997]
19:04:49.472 [Forwarding findElement on session ec76718b7b0fd1a098696db1cb11c782 to remote] DEBUG org.asynchttpclient.netty.request.NettyRequestSender - Using pooled Channel '[id: 0x8f3df881, L:/127.0.0.1:61576 - R:localhost/127.0.0.1:25997]' for 'POST' to 'http://localhost:25997/session/ec76718b7b0fd1a098696db1cb11c782/element'
19:04:49.472 [Forwarding findElement on session ec76718b7b0fd1a098696db1cb11c782 to remote] DEBUG org.asynchttpclient.netty.request.NettyRequestSender - Using open Channel [id: 0x8f3df881, L:/127.0.0.1:61576 - R:localhost/127.0.0.1:25997] for POST '/session/ec76718b7b0fd1a098696db1cb11c782/element'
19:04:49.479 [AsyncHttpClient-1-8] DEBUG org.asynchttpclient.netty.handler.HttpHandler - 

Request DefaultHttpRequest(decodeResult: success, version: HTTP/1.1)
POST /session/ec76718b7b0fd1a098696db1cb11c782/element HTTP/1.1
User-Agent: selenium/4.8.1 (java windows)
Content-Length: 71
Content-Type: application/json; charset=utf-8
host: localhost:25997
accept: */*

Response DefaultHttpResponse(decodeResult: success, version: HTTP/1.1)
HTTP/1.1 200 OK
Content-Length: 88
Content-Type: application/json; charset=utf-8
cache-control: no-cache

19:04:49.479 [AsyncHttpClient-1-8] DEBUG org.asynchttpclient.netty.channel.ChannelManager - Adding key: http://localhost:25997 for channel [id: 0x8f3df881, L:/127.0.0.1:61576 - R:localhost/127.0.0.1:25997]
19:04:49.480 [Forwarding clickElement on session ec76718b7b0fd1a098696db1cb11c782 to remote] DEBUG org.asynchttpclient.netty.request.NettyRequestSender - Using pooled Channel '[id: 0x8f3df881, L:/127.0.0.1:61576 - R:localhost/127.0.0.1:25997]' for 'POST' to 'http://localhost:25997/session/ec76718b7b0fd1a098696db1cb11c782/element/ed49dfb0-d06c-4f15-bc55-617ed48135d3/click'
19:04:49.480 [Forwarding clickElement on session ec76718b7b0fd1a098696db1cb11c782 to remote] DEBUG org.asynchttpclient.netty.request.NettyRequestSender - Using open Channel [id: 0x8f3df881, L:/127.0.0.1:61576 - R:localhost/127.0.0.1:25997] for POST '/session/ec76718b7b0fd1a098696db1cb11c782/element/ed49dfb0-d06c-4f15-bc55-617ed48135d3/click'
19:04:49.513 [AsyncHttpClient-1-8] DEBUG org.asynchttpclient.netty.handler.HttpHandler - 

Request DefaultHttpRequest(decodeResult: success, version: HTTP/1.1)
POST /session/ec76718b7b0fd1a098696db1cb11c782/element/ed49dfb0-d06c-4f15-bc55-617ed48135d3/click HTTP/1.1
User-Agent: selenium/4.8.1 (java windows)
Content-Length: 50
Content-Type: application/json; charset=utf-8
host: localhost:25997
accept: */*

Response DefaultHttpResponse(decodeResult: success, version: HTTP/1.1)
HTTP/1.1 200 OK
Content-Length: 14
Content-Type: application/json; charset=utf-8
cache-control: no-cache

19:04:49.513 [AsyncHttpClient-1-8] DEBUG org.asynchttpclient.netty.channel.ChannelManager - Adding key: http://localhost:25997 for channel [id: 0x8f3df881, L:/127.0.0.1:61576 - R:localhost/127.0.0.1:25997]
19:04:49.518 [Forwarding getAlertText on session ec76718b7b0fd1a098696db1cb11c782 to remote] DEBUG org.asynchttpclient.netty.request.NettyRequestSender - Using pooled Channel '[id: 0x8f3df881, L:/127.0.0.1:61576 - R:localhost/127.0.0.1:25997]' for 'GET' to 'http://localhost:25997/session/ec76718b7b0fd1a098696db1cb11c782/alert/text'
19:04:49.518 [Forwarding getAlertText on session ec76718b7b0fd1a098696db1cb11c782 to remote] DEBUG org.asynchttpclient.netty.request.NettyRequestSender - Using open Channel [id: 0x8f3df881, L:/127.0.0.1:61576 - R:localhost/127.0.0.1:25997] for GET '/session/ec76718b7b0fd1a098696db1cb11c782/alert/text'
19:04:49.519 [AsyncHttpClient-1-8] DEBUG org.asynchttpclient.netty.handler.HttpHandler - 

Request DefaultFullHttpRequest(decodeResult: success, version: HTTP/1.1, content: EmptyByteBufBE)
GET /session/ec76718b7b0fd1a098696db1cb11c782/alert/text HTTP/1.1
User-Agent: selenium/4.8.1 (java windows)
Cache-Control: no-cache
Content-Type: application/json; charset=utf-8
host: localhost:25997
accept: */*

Response DefaultHttpResponse(decodeResult: success, version: HTTP/1.1)
HTTP/1.1 404 Not Found
Content-Length: 836
Content-Type: application/json; charset=utf-8
cache-control: no-cache

19:04:49.520 [AsyncHttpClient-1-8] DEBUG org.asynchttpclient.netty.channel.ChannelManager - Adding key: http://localhost:25997 for channel [id: 0x8f3df881, L:/127.0.0.1:61576 - R:localhost/127.0.0.1:25997]
19:04:49.520 [Forwarding getCurrentUrl on session ec76718b7b0fd1a098696db1cb11c782 to remote] DEBUG org.asynchttpclient.netty.request.NettyRequestSender - Using pooled Channel '[id: 0x8f3df881, L:/127.0.0.1:61576 - R:localhost/127.0.0.1:25997]' for 'GET' to 'http://localhost:25997/session/ec76718b7b0fd1a098696db1cb11c782/url'
19:04:49.520 [Forwarding getCurrentUrl on session ec76718b7b0fd1a098696db1cb11c782 to remote] DEBUG org.asynchttpclient.netty.request.NettyRequestSender - Using open Channel [id: 0x8f3df881, L:/127.0.0.1:61576 - R:localhost/127.0.0.1:25997] for GET '/session/ec76718b7b0fd1a098696db1cb11c782/url'
19:04:49.525 [AsyncHttpClient-1-8] DEBUG org.asynchttpclient.netty.handler.HttpHandler - 

Request DefaultFullHttpRequest(decodeResult: success, version: HTTP/1.1, content: EmptyByteBufBE)
GET /session/ec76718b7b0fd1a098696db1cb11c782/url HTTP/1.1
User-Agent: selenium/4.8.1 (java windows)
Cache-Control: no-cache
Content-Type: application/json; charset=utf-8
host: localhost:25997
accept: */*

Response DefaultHttpResponse(decodeResult: success, version: HTTP/1.1)
HTTP/1.1 200 OK
Content-Length: 54
Content-Type: application/json; charset=utf-8
cache-control: no-cache

19:04:49.525 [AsyncHttpClient-1-8] DEBUG org.asynchttpclient.netty.channel.ChannelManager - Adding key: http://localhost:25997 for channel [id: 0x8f3df881, L:/127.0.0.1:61576 - R:localhost/127.0.0.1:25997]
19:04:49.527 [Forwarding screenshot on session ec76718b7b0fd1a098696db1cb11c782 to remote] DEBUG org.asynchttpclient.netty.request.NettyRequestSender - Using pooled Channel '[id: 0x8f3df881, L:/127.0.0.1:61576 - R:localhost/127.0.0.1:25997]' for 'GET' to 'http://localhost:25997/session/ec76718b7b0fd1a098696db1cb11c782/screenshot'
19:04:49.527 [Forwarding screenshot on session ec76718b7b0fd1a098696db1cb11c782 to remote] DEBUG org.asynchttpclient.netty.request.NettyRequestSender - Using open Channel [id: 0x8f3df881, L:/127.0.0.1:61576 - R:localhost/127.0.0.1:25997] for GET '/session/ec76718b7b0fd1a098696db1cb11c782/screenshot'
19:04:49.652 [AsyncHttpClient-1-8] DEBUG org.asynchttpclient.netty.handler.HttpHandler - 

Request DefaultFullHttpRequest(decodeResult: success, version: HTTP/1.1, content: EmptyByteBufBE)
GET /session/ec76718b7b0fd1a098696db1cb11c782/screenshot HTTP/1.1
User-Agent: selenium/4.8.1 (java windows)
Cache-Control: no-cache
Content-Type: application/json; charset=utf-8
host: localhost:25997
accept: */*

Response DefaultHttpResponse(decodeResult: success, version: HTTP/1.1)
HTTP/1.1 200 OK
Content-Length: 35412
Content-Type: application/json; charset=utf-8
cache-control: no-cache

19:04:49.652 [AsyncHttpClient-1-8] DEBUG org.asynchttpclient.netty.channel.ChannelManager - Adding key: http://localhost:25997 for channel [id: 0x8f3df881, L:/127.0.0.1:61576 - R:localhost/127.0.0.1:25997]
19:04:49.653 [main] DEBUG net.serenitybdd.core.photography.Darkroom - Send negative for processing for target\site\serenity\c98aee6058ecc9165d22e1e8102d3d22c7976612c8d3d92d9287e3279df50dd7.png
19:04:49.654 [main] DEBUG net.thucydides.core.steps.StepInterceptor - STEP DONE: ClickRegisterButton
  &amp#27;[32mWhen &amp#27;[0m&amp#27;[32mI click on the register button&amp#27;[0m       &amp#27;[90m# starter.stepdefinitions.RegisterSteps.ClickRegisterButton()&amp#27;[0m
19:04:49.654 [Darkroom Processing Line] DEBUG net.serenitybdd.core.photography.DarkroomProcessingLine - Processing screenshot image in /var/screenshots/screenshot-4021314918195060460
19:04:49.654 [Darkroom Processing Line] DEBUG net.serenitybdd.core.photography.DarkroomProcessingLine - Saving screenshot to target\site\serenity\c98aee6058ecc9165d22e1e8102d3d22c7976612c8d3d92d9287e3279df50dd7.png
19:04:49.662 [Forwarding getPageSource on session ec76718b7b0fd1a098696db1cb11c782 to remote] DEBUG org.asynchttpclient.netty.request.NettyRequestSender - Using pooled Channel '[id: 0x8f3df881, L:/127.0.0.1:61576 - R:localhost/127.0.0.1:25997]' for 'POST' to 'http://localhost:25997/session/ec76718b7b0fd1a098696db1cb11c782/execute/sync'
19:04:49.662 [Forwarding getPageSource on session ec76718b7b0fd1a098696db1cb11c782 to remote] DEBUG org.asynchttpclient.netty.request.NettyRequestSender - Using open Channel [id: 0x8f3df881, L:/127.0.0.1:61576 - R:localhost/127.0.0.1:25997] for POST '/session/ec76718b7b0fd1a098696db1cb11c782/execute/sync'
19:04:49.666 [AsyncHttpClient-1-8] DEBUG org.asynchttpclient.netty.handler.HttpHandler - 

Request DefaultHttpRequest(decodeResult: success, version: HTTP/1.1)
POST /session/ec76718b7b0fd1a098696db1cb11c782/execute/sync HTTP/1.1
User-Agent: selenium/4.8.1 (java windows)
Content-Length: 176
Content-Type: application/json; charset=utf-8
host: localhost:25997
accept: */*

Response DefaultHttpResponse(decodeResult: success, version: HTTP/1.1)
HTTP/1.1 200 OK
Content-Length: 22773
Content-Type: application/json; charset=utf-8
cache-control: no-cache

19:04:49.667 [AsyncHttpClient-1-8] DEBUG org.asynchttpclient.netty.channel.ChannelManager - Adding key: http://localhost:25997 for channel [id: 0x8f3df881, L:/127.0.0.1:61576 - R:localhost/127.0.0.1:25997]
19:04:49.670 [Forwarding getCurrentUrl on session ec76718b7b0fd1a098696db1cb11c782 to remote] DEBUG org.asynchttpclient.netty.request.NettyRequestSender - Using pooled Channel '[id: 0x8f3df881, L:/127.0.0.1:61576 - R:localhost/127.0.0.1:25997]' for 'GET' to 'http://localhost:25997/session/ec76718b7b0fd1a098696db1cb11c782/url'
19:04:49.670 [Forwarding getCurrentUrl on session ec76718b7b0fd1a098696db1cb11c782 to remote] DEBUG org.asynchttpclient.netty.request.NettyRequestSender - Using open Channel [id: 0x8f3df881, L:/127.0.0.1:61576 - R:localhost/127.0.0.1:25997] for GET '/session/ec76718b7b0fd1a098696db1cb11c782/url'
19:04:49.673 [AsyncHttpClient-1-8] DEBUG org.asynchttpclient.netty.handler.HttpHandler - 

Request DefaultFullHttpRequest(decodeResult: success, version: HTTP/1.1, content: EmptyByteBufBE)
GET /session/ec76718b7b0fd1a098696db1cb11c782/url HTTP/1.1
User-Agent: selenium/4.8.1 (java windows)
Cache-Control: no-cache
Content-Type: application/json; charset=utf-8
host: localhost:25997
accept: */*

Response DefaultHttpResponse(decodeResult: success, version: HTTP/1.1)
HTTP/1.1 200 OK
Content-Length: 54
Content-Type: application/json; charset=utf-8
cache-control: no-cache

19:04:49.673 [AsyncHttpClient-1-8] DEBUG org.asynchttpclient.netty.channel.ChannelManager - Adding key: http://localhost:25997 for channel [id: 0x8f3df881, L:/127.0.0.1:61576 - R:localhost/127.0.0.1:25997]
19:04:49.680 [Forwarding getPageSource on session ec76718b7b0fd1a098696db1cb11c782 to remote] DEBUG org.asynchttpclient.netty.request.NettyRequestSender - Using pooled Channel '[id: 0x8f3df881, L:/127.0.0.1:61576 - R:localhost/127.0.0.1:25997]' for 'POST' to 'http://localhost:25997/session/ec76718b7b0fd1a098696db1cb11c782/execute/sync'
19:04:49.680 [Forwarding getPageSource on session ec76718b7b0fd1a098696db1cb11c782 to remote] DEBUG org.asynchttpclient.netty.request.NettyRequestSender - Using open Channel [id: 0x8f3df881, L:/127.0.0.1:61576 - R:localhost/127.0.0.1:25997] for POST '/session/ec76718b7b0fd1a098696db1cb11c782/execute/sync'
19:04:49.685 [AsyncHttpClient-1-8] DEBUG org.asynchttpclient.netty.handler.HttpHandler - 

Request DefaultHttpRequest(decodeResult: success, version: HTTP/1.1)
POST /session/ec76718b7b0fd1a098696db1cb11c782/execute/sync HTTP/1.1
User-Agent: selenium/4.8.1 (java windows)
Content-Length: 176
Content-Type: application/json; charset=utf-8
host: localhost:25997
accept: */*

Response DefaultHttpResponse(decodeResult: success, version: HTTP/1.1)
HTTP/1.1 200 OK
Content-Length: 22773
Content-Type: application/json; charset=utf-8
cache-control: no-cache

19:04:49.686 [AsyncHttpClient-1-8] DEBUG org.asynchttpclient.netty.channel.ChannelManager - Adding key: http://localhost:25997 for channel [id: 0x8f3df881, L:/127.0.0.1:61576 - R:localhost/127.0.0.1:25997]
19:04:49.688 [Forwarding getCurrentUrl on session ec76718b7b0fd1a098696db1cb11c782 to remote] DEBUG org.asynchttpclient.netty.request.NettyRequestSender - Using pooled Channel '[id: 0x8f3df881, L:/127.0.0.1:61576 - R:localhost/127.0.0.1:25997]' for 'GET' to 'http://localhost:25997/session/ec76718b7b0fd1a098696db1cb11c782/url'
19:04:49.688 [Forwarding getCurrentUrl on session ec76718b7b0fd1a098696db1cb11c782 to remote] DEBUG org.asynchttpclient.netty.request.NettyRequestSender - Using open Channel [id: 0x8f3df881, L:/127.0.0.1:61576 - R:localhost/127.0.0.1:25997] for GET '/session/ec76718b7b0fd1a098696db1cb11c782/url'
19:04:49.691 [AsyncHttpClient-1-8] DEBUG org.asynchttpclient.netty.handler.HttpHandler - 

Request DefaultFullHttpRequest(decodeResult: success, version: HTTP/1.1, content: EmptyByteBufBE)
GET /session/ec76718b7b0fd1a098696db1cb11c782/url HTTP/1.1
User-Agent: selenium/4.8.1 (java windows)
Cache-Control: no-cache
Content-Type: application/json; charset=utf-8
host: localhost:25997
accept: */*

Response DefaultHttpResponse(decodeResult: success, version: HTTP/1.1)
HTTP/1.1 200 OK
Content-Length: 54
Content-Type: application/json; charset=utf-8
cache-control: no-cache

19:04:49.692 [AsyncHttpClient-1-8] DEBUG org.asynchttpclient.netty.channel.ChannelManager - Adding key: http://localhost:25997 for channel [id: 0x8f3df881, L:/127.0.0.1:61576 - R:localhost/127.0.0.1:25997]
19:04:49.694 [main] DEBUG net.thucydides.core.steps.StepInterceptor - STARTING STEP: LoginSteps.alertContent - incorrectAlert
19:04:49.695 [Forwarding findElement on session ec76718b7b0fd1a098696db1cb11c782 to remote] DEBUG org.asynchttpclient.netty.request.NettyRequestSender - Using pooled Channel '[id: 0x8f3df881, L:/127.0.0.1:61576 - R:localhost/127.0.0.1:25997]' for 'POST' to 'http://localhost:25997/session/ec76718b7b0fd1a098696db1cb11c782/element'
19:04:49.695 [Forwarding findElement on session ec76718b7b0fd1a098696db1cb11c782 to remote] DEBUG org.asynchttpclient.netty.request.NettyRequestSender - Using open Channel [id: 0x8f3df881, L:/127.0.0.1:61576 - R:localhost/127.0.0.1:25997] for POST '/session/ec76718b7b0fd1a098696db1cb11c782/element'
19:04:50.428 [AsyncHttpClient-1-1] DEBUG org.asynchttpclient.netty.channel.DefaultChannelPool - Entry count for : http://localhost:61578 : 1
19:04:50.448 [AsyncHttpClient-1-8] DEBUG org.asynchttpclient.netty.handler.HttpHandler - 

Request DefaultHttpRequest(decodeResult: success, version: HTTP/1.1)
POST /session/ec76718b7b0fd1a098696db1cb11c782/element HTTP/1.1
User-Agent: selenium/4.8.1 (java windows)
Content-Length: 54
Content-Type: application/json; charset=utf-8
host: localhost:25997
accept: */*

Response DefaultHttpResponse(decodeResult: success, version: HTTP/1.1)
HTTP/1.1 200 OK
Content-Length: 88
Content-Type: application/json; charset=utf-8
cache-control: no-cache

19:04:50.448 [AsyncHttpClient-1-8] DEBUG org.asynchttpclient.netty.channel.ChannelManager - Adding key: http://localhost:25997 for channel [id: 0x8f3df881, L:/127.0.0.1:61576 - R:localhost/127.0.0.1:25997]
19:04:50.450 [Forwarding isElementDisplayed on session ec76718b7b0fd1a098696db1cb11c782 to remote] DEBUG org.asynchttpclient.netty.request.NettyRequestSender - Using pooled Channel '[id: 0x8f3df881, L:/127.0.0.1:61576 - R:localhost/127.0.0.1:25997]' for 'POST' to 'http://localhost:25997/session/ec76718b7b0fd1a098696db1cb11c782/execute/sync'
19:04:50.451 [Forwarding isElementDisplayed on session ec76718b7b0fd1a098696db1cb11c782 to remote] DEBUG org.asynchttpclient.netty.request.NettyRequestSender - Using open Channel [id: 0x8f3df881, L:/127.0.0.1:61576 - R:localhost/127.0.0.1:25997] for POST '/session/ec76718b7b0fd1a098696db1cb11c782/execute/sync'
19:04:50.460 [AsyncHttpClient-1-8] DEBUG org.asynchttpclient.netty.handler.HttpHandler - 

Request DefaultHttpRequest(decodeResult: success, version: HTTP/1.1)
POST /session/ec76718b7b0fd1a098696db1cb11c782/execute/sync HTTP/1.1
User-Agent: selenium/4.8.1 (java windows)
Content-Length: 48807
Content-Type: application/json; charset=utf-8
host: localhost:25997
accept: */*

Response DefaultHttpResponse(decodeResult: success, version: HTTP/1.1)
HTTP/1.1 200 OK
Content-Length: 14
Content-Type: application/json; charset=utf-8
cache-control: no-cache

19:04:50.460 [AsyncHttpClient-1-8] DEBUG org.asynchttpclient.netty.channel.ChannelManager - Adding key: http://localhost:25997 for channel [id: 0x8f3df881, L:/127.0.0.1:61576 - R:localhost/127.0.0.1:25997]
19:04:50.463 [Forwarding getAlertText on session ec76718b7b0fd1a098696db1cb11c782 to remote] DEBUG org.asynchttpclient.netty.request.NettyRequestSender - Using pooled Channel '[id: 0x8f3df881, L:/127.0.0.1:61576 - R:localhost/127.0.0.1:25997]' for 'GET' to 'http://localhost:25997/session/ec76718b7b0fd1a098696db1cb11c782/alert/text'
19:04:50.463 [Forwarding getAlertText on session ec76718b7b0fd1a098696db1cb11c782 to remote] DEBUG org.asynchttpclient.netty.request.NettyRequestSender - Using open Channel [id: 0x8f3df881, L:/127.0.0.1:61576 - R:localhost/127.0.0.1:25997] for GET '/session/ec76718b7b0fd1a098696db1cb11c782/alert/text'
19:04:50.465 [AsyncHttpClient-1-8] DEBUG org.asynchttpclient.netty.handler.HttpHandler - 

Request DefaultFullHttpRequest(decodeResult: success, version: HTTP/1.1, content: EmptyByteBufBE)
GET /session/ec76718b7b0fd1a098696db1cb11c782/alert/text HTTP/1.1
User-Agent: selenium/4.8.1 (java windows)
Cache-Control: no-cache
Content-Type: application/json; charset=utf-8
host: localhost:25997
accept: */*

Response DefaultHttpResponse(decodeResult: success, version: HTTP/1.1)
HTTP/1.1 404 Not Found
Content-Length: 836
Content-Type: application/json; charset=utf-8
cache-control: no-cache

19:04:50.465 [AsyncHttpClient-1-8] DEBUG org.asynchttpclient.netty.channel.ChannelManager - Adding key: http://localhost:25997 for channel [id: 0x8f3df881, L:/127.0.0.1:61576 - R:localhost/127.0.0.1:25997]
19:04:50.466 [Forwarding getCurrentUrl on session ec76718b7b0fd1a098696db1cb11c782 to remote] DEBUG org.asynchttpclient.netty.request.NettyRequestSender - Using pooled Channel '[id: 0x8f3df881, L:/127.0.0.1:61576 - R:localhost/127.0.0.1:25997]' for 'GET' to 'http://localhost:25997/session/ec76718b7b0fd1a098696db1cb11c782/url'
19:04:50.466 [Forwarding getCurrentUrl on session ec76718b7b0fd1a098696db1cb11c782 to remote] DEBUG org.asynchttpclient.netty.request.NettyRequestSender - Using open Channel [id: 0x8f3df881, L:/127.0.0.1:61576 - R:localhost/127.0.0.1:25997] for GET '/session/ec76718b7b0fd1a098696db1cb11c782/url'
19:04:50.469 [AsyncHttpClient-1-8] DEBUG org.asynchttpclient.netty.handler.HttpHandler - 

Request DefaultFullHttpRequest(decodeResult: success, version: HTTP/1.1, content: EmptyByteBufBE)
GET /session/ec76718b7b0fd1a098696db1cb11c782/url HTTP/1.1
User-Agent: selenium/4.8.1 (java windows)
Cache-Control: no-cache
Content-Type: application/json; charset=utf-8
host: localhost:25997
accept: */*

Response DefaultHttpResponse(decodeResult: success, version: HTTP/1.1)
HTTP/1.1 200 OK
Content-Length: 54
Content-Type: application/json; charset=utf-8
cache-control: no-cache

19:04:50.469 [AsyncHttpClient-1-8] DEBUG org.asynchttpclient.netty.channel.ChannelManager - Adding key: http://localhost:25997 for channel [id: 0x8f3df881, L:/127.0.0.1:61576 - R:localhost/127.0.0.1:25997]
19:04:50.470 [Forwarding screenshot on session ec76718b7b0fd1a098696db1cb11c782 to remote] DEBUG org.asynchttpclient.netty.request.NettyRequestSender - Using pooled Channel '[id: 0x8f3df881, L:/127.0.0.1:61576 - R:localhost/127.0.0.1:25997]' for 'GET' to 'http://localhost:25997/session/ec76718b7b0fd1a098696db1cb11c782/screenshot'
19:04:50.470 [Forwarding screenshot on session ec76718b7b0fd1a098696db1cb11c782 to remote] DEBUG org.asynchttpclient.netty.request.NettyRequestSender - Using open Channel [id: 0x8f3df881, L:/127.0.0.1:61576 - R:localhost/127.0.0.1:25997] for GET '/session/ec76718b7b0fd1a098696db1cb11c782/screenshot'
19:04:50.560 [AsyncHttpClient-1-8] DEBUG org.asynchttpclient.netty.handler.HttpHandler - 

Request DefaultFullHttpRequest(decodeResult: success, version: HTTP/1.1, content: EmptyByteBufBE)
GET /session/ec76718b7b0fd1a098696db1cb11c782/screenshot HTTP/1.1
User-Agent: selenium/4.8.1 (java windows)
Cache-Control: no-cache
Content-Type: application/json; charset=utf-8
host: localhost:25997
accept: */*

Response DefaultHttpResponse(decodeResult: success, version: HTTP/1.1)
HTTP/1.1 200 OK
Content-Length: 36340
Content-Type: application/json; charset=utf-8
cache-control: no-cache

19:04:50.560 [AsyncHttpClient-1-8] DEBUG org.asynchttpclient.netty.channel.ChannelManager - Adding key: http://localhost:25997 for channel [id: 0x8f3df881, L:/127.0.0.1:61576 - R:localhost/127.0.0.1:25997]
19:04:50.561 [main] DEBUG net.serenitybdd.core.photography.Darkroom - Send negative for processing for target\site\serenity\4d5ba5412db325433b7b9639d0d6ff08fde834e7ff7e932d061f7b02bcc8d5f7.png
19:04:50.562 [main] DEBUG net.thucydides.core.steps.StepInterceptor - STEP DONE: incorrectAlert
  &amp#27;[32mThen &amp#27;[0m&amp#27;[32mI should see the error message&amp#27;[0m       &amp#27;[90m# starter.stepdefinitions.LoginSteps.alertContent()&amp#27;[0m
19:04:50.562 [Darkroom Processing Line] DEBUG net.serenitybdd.core.photography.DarkroomProcessingLine - Processing screenshot image in /var/screenshots/screenshot-9559781751544730697
19:04:50.562 [Darkroom Processing Line] DEBUG net.serenitybdd.core.photography.DarkroomProcessingLine - Saving screenshot to target\site\serenity\4d5ba5412db325433b7b9639d0d6ff08fde834e7ff7e932d061f7b02bcc8d5f7.png
19:04:50.568 [main] INFO  - 
  _____   ___   ___   _____     ___     _     ___   ___   ___   ___  
 |_   _| | __| / __| |_   _|   | _ \   /_\   / __| / __| | __| |   \ 
   | |   | _|  \__ \   | |     |  _/  / _ \  \__ \ \__ \ | _|  | |) |
   |_|   |___| |___/   |_|     |_|   /_/ \_\ |___/ |___/ |___| |___/ 

Register without fill the email
----------------------------------------------------------------------
19:04:50.569 [AsyncHttpClient-1-10] DEBUG org.asynchttpclient.netty.handler.WebSocketHandler - Channel Closed: [id: 0x359eb0a1, L:/127.0.0.1:61585 ! R:localhost/127.0.0.1:61578] with attribute NettyResponseFuture{currentRetry=0,
	isDone=1,
	isCancelled=0,
	asyncHandler=org.asynchttpclient.ws.WebSocketUpgradeHandler@79aff612,
	nettyRequest=org.asynchttpclient.netty.request.NettyRequest@3cad7743,
	future=java.util.concurrent.CompletableFuture@735e4139[Completed normally],
	uri=ws://localhost:61578/devtools/browser/e199a55f-944b-4958-aff9-2ba5a1f8898b,
	keepAlive=true,
	redirectCount=0,
	timeoutsHolder=null,
	inAuth=0,
	touch=1683547481535}
19:04:50.569 [AsyncHttpClient-1-10] DEBUG org.asynchttpclient.netty.channel.ChannelManager - Closing Channel [id: 0x359eb0a1, L:/127.0.0.1:61585 ! R:localhost/127.0.0.1:61578] 
19:04:50.569 [Driver Command Executor] DEBUG org.asynchttpclient.netty.request.NettyRequestSender - Using pooled Channel '[id: 0x8f3df881, L:/127.0.0.1:61576 - R:localhost/127.0.0.1:25997]' for 'DELETE' to 'http://localhost:25997/session/ec76718b7b0fd1a098696db1cb11c782'
19:04:50.569 [Driver Command Executor] DEBUG org.asynchttpclient.netty.request.NettyRequestSender - Using open Channel [id: 0x8f3df881, L:/127.0.0.1:61576 - R:localhost/127.0.0.1:25997] for DELETE '/session/ec76718b7b0fd1a098696db1cb11c782'
19:04:50.651 [AsyncHttpClient-1-9] DEBUG org.asynchttpclient.netty.handler.HttpHandler - Unexpected I/O exception on channel [id: 0xab7db805, L:/127.0.0.1:61584 - R:localhost/127.0.0.1:61578]
java.net.SocketException: Connection reset
	at java.base/sun.nio.ch.SocketChannelImpl.throwConnectionReset(SocketChannelImpl.java:367)
	at java.base/sun.nio.ch.SocketChannelImpl.read(SocketChannelImpl.java:398)
	at io.netty.buffer.PooledByteBuf.setBytes(PooledByteBuf.java:259)
	at io.netty.buffer.AbstractByteBuf.writeBytes(AbstractByteBuf.java:1132)
	at io.netty.channel.socket.nio.NioSocketChannel.doReadBytes(NioSocketChannel.java:357)
	at io.netty.channel.nio.AbstractNioByteChannel$NioByteUnsafe.read(AbstractNioByteChannel.java:151)
	at io.netty.channel.nio.NioEventLoop.processSelectedKey(NioEventLoop.java:788)
	at io.netty.channel.nio.NioEventLoop.processSelectedKeysOptimized(NioEventLoop.java:724)
	at io.netty.channel.nio.NioEventLoop.processSelectedKeys(NioEventLoop.java:650)
	at io.netty.channel.nio.NioEventLoop.run(NioEventLoop.java:562)
	at io.netty.util.concurrent.SingleThreadEventExecutor$4.run(SingleThreadEventExecutor.java:997)
	at io.netty.util.internal.ThreadExecutorMap$2.run(ThreadExecutorMap.java:74)
	at io.netty.util.concurrent.FastThreadLocalRunnable.run(FastThreadLocalRunnable.java:30)
	at java.base/java.lang.Thread.run(Thread.java:832)
19:04:50.651 [AsyncHttpClient-1-9] DEBUG org.asynchttpclient.netty.channel.ChannelManager - Closing Channel [id: 0xab7db805, L:/127.0.0.1:61584 - R:localhost/127.0.0.1:61578] 
19:04:50.652 [AsyncHttpClient-1-9] DEBUG org.asynchttpclient.netty.handler.HttpHandler - Channel Closed: [id: 0xab7db805, L:/127.0.0.1:61584 ! R:localhost/127.0.0.1:61578] with attribute DISCARD
19:04:50.692 [AsyncHttpClient-1-8] DEBUG org.asynchttpclient.netty.handler.HttpHandler - 

Request DefaultFullHttpRequest(decodeResult: success, version: HTTP/1.1, content: EmptyByteBufBE)
DELETE /session/ec76718b7b0fd1a098696db1cb11c782 HTTP/1.1
User-Agent: selenium/4.8.1 (java windows)
Content-Type: application/json; charset=utf-8
host: localhost:25997
accept: */*

Response DefaultHttpResponse(decodeResult: success, version: HTTP/1.1)
HTTP/1.1 200 OK
Content-Length: 14
Content-Type: application/json; charset=utf-8
cache-control: no-cache

19:04:50.692 [AsyncHttpClient-1-8] DEBUG org.asynchttpclient.netty.channel.ChannelManager - Adding key: http://localhost:25997 for channel [id: 0x8f3df881, L:/127.0.0.1:61576 - R:localhost/127.0.0.1:25997]
19:04:50.874 [AsyncHttpClient-1-8] DEBUG org.asynchttpclient.netty.handler.HttpHandler - Channel Closed: [id: 0x8f3df881, L:/127.0.0.1:61576 ! R:localhost/127.0.0.1:25997] with attribute DISCARD
]]></system-out>
    <system-err><![CDATA[Starting ChromeDriver 111.0.5563.64 (c710e93d5b63b7095afe8c2c17df34408078439d-refs/branch-heads/5563@{#995}) on port 25997
Only local connections are allowed.
Please see https://chromedriver.chromium.org/security-considerations for suggestions on keeping ChromeDriver safe.
ChromeDriver was started successfully.
[1683547481.510][WARNING]: This version of ChromeDriver has not been tested with Chrome version 112.
May 08, 2023 7:04:41 PM org.openqa.selenium.devtools.CdpVersionFinder findNearestMatch
WARNING: Unable to find an exact match for CDP version 112, so returning the closest version found: 110
]]></system-err>
  </testcase>
  <testcase name="Register without fill the password" classname="Register to Alta-shop Account" time="21.749">
    <system-out><![CDATA[
Scenario: Register without fill the password   &amp#27;[90m# src/test/resources/features/1. Register.feature:34&amp#27;[0m
19:04:51.407 [main] DEBUG io.cucumber.core.plugin.SerenityReporter - Running feature from file:///C:/Users/WINDOWS%2010/Documents/GitHub/MiniProject_QE/Web/code/minpro/src/test/resources/features/1.%20Register.feature
19:04:51.409 [main] INFO  - 
  _____   ___   ___   _____     ___   _____     _     ___   _____   ___   ___  
 |_   _| | __| / __| |_   _|   / __| |_   _|   /_\   | _ \ |_   _| | __| |   \ 
   | |   | _|  \__ \   | |     \__ \   | |    / _ \  |   /   | |   | _|  | |) |
   |_|   |___| |___/   |_|     |___/   |_|   /_/ \_\ |_|_\   |_|   |___| |___/ 

Register without fill the password(register-to-alta-shop-account;register-without-fill-the-password)
--------------------------------------------------------------------------------
19:04:51.431 [main] DEBUG net.thucydides.core.steps.StepInterceptor - STARTING STEP: LoginSteps.onTheLoginPage - openPage
19:04:51.462 [main] INFO net.serenitybdd.core.webdriver.driverproviders.ChromeDriverProvider - Starting Chrome driver instance with capabilities:
19:04:51.463 [main] INFO net.serenitybdd.core.webdriver.driverproviders.ChromeDriverProvider - Capabilities {acceptInsecureCerts: false, browserName: chrome, goog:chromeOptions: {args: [remote-allow-origins=*], extensions: []}}
19:04:51.526 [AsyncHttpClient-1-11] DEBUG org.asynchttpclient.netty.channel.NettyConnectListener - Using new Channel '[id: 0x0e5f66ff, L:/127.0.0.1:61618 - R:localhost/127.0.0.1:8886]' for 'POST' to '/session'
19:04:51.534 [AsyncHttpClient-1-1] DEBUG org.asynchttpclient.netty.channel.DefaultChannelPool - Entry count for : http://localhost:25997 : 1
19:04:51.534 [AsyncHttpClient-1-1] DEBUG org.asynchttpclient.netty.channel.DefaultChannelPool - Entry count for : http://localhost:61578 : 1
19:04:51.534 [AsyncHttpClient-1-1] DEBUG org.asynchttpclient.netty.channel.DefaultChannelPool - Adding Candidate expired Channel [id: 0x8f3df881, L:/127.0.0.1:61576 ! R:localhost/127.0.0.1:25997] isIdleTimeoutExpired=false isRemotelyClosed=true isTtlExpired=false
19:04:51.534 [AsyncHttpClient-1-1] DEBUG org.asynchttpclient.netty.channel.DefaultChannelPool - Closing Idle Channel [id: 0x8f3df881, L:/127.0.0.1:61576 ! R:localhost/127.0.0.1:25997]
19:04:51.534 [AsyncHttpClient-1-1] DEBUG org.asynchttpclient.netty.channel.DefaultChannelPool - Adding Candidate expired Channel [id: 0xab7db805, L:/127.0.0.1:61584 ! R:localhost/127.0.0.1:61578] isIdleTimeoutExpired=false isRemotelyClosed=true isTtlExpired=false
19:04:51.534 [AsyncHttpClient-1-1] DEBUG org.asynchttpclient.netty.channel.DefaultChannelPool - Closing Idle Channel [id: 0xab7db805, L:/127.0.0.1:61584 ! R:localhost/127.0.0.1:61578]
19:04:51.535 [AsyncHttpClient-1-1] DEBUG org.asynchttpclient.netty.channel.DefaultChannelPool - Closed 2 connections out of 2 in 1 ms
19:04:52.208 [AsyncHttpClient-1-11] DEBUG org.asynchttpclient.netty.handler.HttpHandler - 

Request DefaultHttpRequest(decodeResult: success, version: HTTP/1.1)
POST /session HTTP/1.1
User-Agent: selenium/4.8.1 (java windows)
Content-Length: 507
Content-Type: application/json; charset=utf-8
host: localhost:8886
accept: */*

Response DefaultHttpResponse(decodeResult: success, version: HTTP/1.1)
HTTP/1.1 200 OK
Content-Length: 862
Content-Type: application/json; charset=utf-8
cache-control: no-cache

19:04:52.209 [AsyncHttpClient-1-11] DEBUG org.asynchttpclient.netty.channel.ChannelManager - Adding key: http://localhost:8886 for channel [id: 0x0e5f66ff, L:/127.0.0.1:61618 - R:localhost/127.0.0.1:8886]
19:04:52.214 [AsyncHttpClient-1-12] DEBUG org.asynchttpclient.netty.channel.NettyConnectListener - Using new Channel '[id: 0x0d263dc0, L:/127.0.0.1:61626 - R:localhost/127.0.0.1:61619]' for 'GET' to '/json/version'
19:04:52.216 [AsyncHttpClient-1-12] DEBUG org.asynchttpclient.netty.handler.HttpHandler - 

Request DefaultFullHttpRequest(decodeResult: success, version: HTTP/1.1, content: EmptyByteBufBE)
GET /json/version HTTP/1.1
User-Agent: selenium/4.8.1 (java windows)
host: localhost:61619
accept: */*

Response DefaultHttpResponse(decodeResult: success, version: HTTP/1.1)
HTTP/1.1 200 OK
Content-Security-Policy: frame-ancestors 'none'
Content-Length: 424
Content-Type: application/json; charset=UTF-8

19:04:52.216 [AsyncHttpClient-1-12] DEBUG org.asynchttpclient.netty.channel.ChannelManager - Adding key: http://localhost:61619 for channel [id: 0x0d263dc0, L:/127.0.0.1:61626 - R:localhost/127.0.0.1:61619]
19:04:52.218 [AsyncHttpClient-1-13] DEBUG org.asynchttpclient.netty.channel.NettyConnectListener - Using new Channel '[id: 0x96ac3ebd, L:/127.0.0.1:61627 - R:localhost/127.0.0.1:61619]' for 'GET' to '/devtools/browser/b6839d5c-6c50-4eab-a93b-481b0039e5ab'
19:04:52.220 [AsyncHttpClient-1-13] DEBUG org.asynchttpclient.netty.handler.WebSocketHandler - 

Request DefaultFullHttpRequest(decodeResult: success, version: HTTP/1.1, content: EmptyByteBufBE)
GET /devtools/browser/b6839d5c-6c50-4eab-a93b-481b0039e5ab HTTP/1.1
upgrade: websocket
connection: upgrade
sec-websocket-key: W+SFF8nxvcU3CtRXCuA5HQ==
sec-websocket-version: 13
origin: http://localhost:61619
host: localhost:61619
accept: */*
user-agent: AHC/2.1

Response DefaultHttpResponse(decodeResult: success, version: HTTP/1.1)
HTTP/1.1 101 WebSocket Protocol Handshake
Upgrade: WebSocket
Connection: Upgrade
Sec-WebSocket-Accept: 0RYCjeKJoGy2owRPHv07Pg7UlMs=

19:04:52.226 [Forwarding get on session 2da1dc332b610c8490221d42b091e279 to remote] DEBUG org.asynchttpclient.netty.request.NettyRequestSender - Using pooled Channel '[id: 0x0e5f66ff, L:/127.0.0.1:61618 - R:localhost/127.0.0.1:8886]' for 'POST' to 'http://localhost:8886/session/2da1dc332b610c8490221d42b091e279/url'
19:04:52.226 [Forwarding get on session 2da1dc332b610c8490221d42b091e279 to remote] DEBUG org.asynchttpclient.netty.request.NettyRequestSender - Using open Channel [id: 0x0e5f66ff, L:/127.0.0.1:61618 - R:localhost/127.0.0.1:8886] for POST '/session/2da1dc332b610c8490221d42b091e279/url'
19:04:52.634 [AsyncHttpClient-1-1] DEBUG org.asynchttpclient.netty.channel.DefaultChannelPool - Entry count for : http://localhost:61619 : 1
19:04:53.728 [AsyncHttpClient-1-1] DEBUG org.asynchttpclient.netty.channel.DefaultChannelPool - Entry count for : http://localhost:61619 : 1
19:04:54.831 [AsyncHttpClient-1-1] DEBUG org.asynchttpclient.netty.channel.DefaultChannelPool - Entry count for : http://localhost:61619 : 1
19:04:55.933 [AsyncHttpClient-1-1] DEBUG org.asynchttpclient.netty.channel.DefaultChannelPool - Entry count for : http://localhost:61619 : 1
19:04:57.042 [AsyncHttpClient-1-1] DEBUG org.asynchttpclient.netty.channel.DefaultChannelPool - Entry count for : http://localhost:61619 : 1
19:04:58.134 [AsyncHttpClient-1-1] DEBUG org.asynchttpclient.netty.channel.DefaultChannelPool - Entry count for : http://localhost:61619 : 1
19:04:59.228 [AsyncHttpClient-1-1] DEBUG org.asynchttpclient.netty.channel.DefaultChannelPool - Entry count for : http://localhost:61619 : 1
19:05:00.328 [AsyncHttpClient-1-1] DEBUG org.asynchttpclient.netty.channel.DefaultChannelPool - Entry count for : http://localhost:61619 : 1
19:05:01.431 [AsyncHttpClient-1-1] DEBUG org.asynchttpclient.netty.channel.DefaultChannelPool - Entry count for : http://localhost:61619 : 1
19:05:02.529 [AsyncHttpClient-1-1] DEBUG org.asynchttpclient.netty.channel.DefaultChannelPool - Entry count for : http://localhost:61619 : 1
19:05:03.634 [AsyncHttpClient-1-1] DEBUG org.asynchttpclient.netty.channel.DefaultChannelPool - Entry count for : http://localhost:61619 : 1
19:05:04.738 [AsyncHttpClient-1-1] DEBUG org.asynchttpclient.netty.channel.DefaultChannelPool - Entry count for : http://localhost:61619 : 1
19:05:05.835 [AsyncHttpClient-1-1] DEBUG org.asynchttpclient.netty.channel.DefaultChannelPool - Entry count for : http://localhost:61619 : 1
19:05:06.929 [AsyncHttpClient-1-1] DEBUG org.asynchttpclient.netty.channel.DefaultChannelPool - Entry count for : http://localhost:61619 : 1
19:05:08.034 [AsyncHttpClient-1-1] DEBUG org.asynchttpclient.netty.channel.DefaultChannelPool - Entry count for : http://localhost:61619 : 1
19:05:09.134 [AsyncHttpClient-1-1] DEBUG org.asynchttpclient.netty.channel.DefaultChannelPool - Entry count for : http://localhost:61619 : 1
19:05:09.341 [AsyncHttpClient-1-11] DEBUG org.asynchttpclient.netty.handler.HttpHandler - 

Request DefaultHttpRequest(decodeResult: success, version: HTTP/1.1)
POST /session/2da1dc332b610c8490221d42b091e279/url HTTP/1.1
User-Agent: selenium/4.8.1 (java windows)
Content-Length: 74
Content-Type: application/json; charset=utf-8
host: localhost:8886
accept: */*

Response DefaultHttpResponse(decodeResult: success, version: HTTP/1.1)
HTTP/1.1 200 OK
Content-Length: 14
Content-Type: application/json; charset=utf-8
cache-control: no-cache

19:05:09.341 [AsyncHttpClient-1-11] DEBUG org.asynchttpclient.netty.channel.ChannelManager - Adding key: http://localhost:8886 for channel [id: 0x0e5f66ff, L:/127.0.0.1:61618 - R:localhost/127.0.0.1:8886]
19:05:09.342 [Forwarding setTimeout on session 2da1dc332b610c8490221d42b091e279 to remote] DEBUG org.asynchttpclient.netty.request.NettyRequestSender - Using pooled Channel '[id: 0x0e5f66ff, L:/127.0.0.1:61618 - R:localhost/127.0.0.1:8886]' for 'POST' to 'http://localhost:8886/session/2da1dc332b610c8490221d42b091e279/timeouts'
19:05:09.342 [Forwarding setTimeout on session 2da1dc332b610c8490221d42b091e279 to remote] DEBUG org.asynchttpclient.netty.request.NettyRequestSender - Using open Channel [id: 0x0e5f66ff, L:/127.0.0.1:61618 - R:localhost/127.0.0.1:8886] for POST '/session/2da1dc332b610c8490221d42b091e279/timeouts'
19:05:09.344 [AsyncHttpClient-1-11] DEBUG org.asynchttpclient.netty.handler.HttpHandler - 

Request DefaultHttpRequest(decodeResult: success, version: HTTP/1.1)
POST /session/2da1dc332b610c8490221d42b091e279/timeouts HTTP/1.1
User-Agent: selenium/4.8.1 (java windows)
Content-Length: 22
Content-Type: application/json; charset=utf-8
host: localhost:8886
accept: */*

Response DefaultHttpResponse(decodeResult: success, version: HTTP/1.1)
HTTP/1.1 200 OK
Content-Length: 14
Content-Type: application/json; charset=utf-8
cache-control: no-cache

19:05:09.344 [AsyncHttpClient-1-11] DEBUG org.asynchttpclient.netty.channel.ChannelManager - Adding key: http://localhost:8886 for channel [id: 0x0e5f66ff, L:/127.0.0.1:61618 - R:localhost/127.0.0.1:8886]
19:05:09.349 [Forwarding getAlertText on session 2da1dc332b610c8490221d42b091e279 to remote] DEBUG org.asynchttpclient.netty.request.NettyRequestSender - Using pooled Channel '[id: 0x0e5f66ff, L:/127.0.0.1:61618 - R:localhost/127.0.0.1:8886]' for 'GET' to 'http://localhost:8886/session/2da1dc332b610c8490221d42b091e279/alert/text'
19:05:09.349 [Forwarding getAlertText on session 2da1dc332b610c8490221d42b091e279 to remote] DEBUG org.asynchttpclient.netty.request.NettyRequestSender - Using open Channel [id: 0x0e5f66ff, L:/127.0.0.1:61618 - R:localhost/127.0.0.1:8886] for GET '/session/2da1dc332b610c8490221d42b091e279/alert/text'
19:05:09.350 [AsyncHttpClient-1-11] DEBUG org.asynchttpclient.netty.handler.HttpHandler - 

Request DefaultFullHttpRequest(decodeResult: success, version: HTTP/1.1, content: EmptyByteBufBE)
GET /session/2da1dc332b610c8490221d42b091e279/alert/text HTTP/1.1
User-Agent: selenium/4.8.1 (java windows)
Cache-Control: no-cache
Content-Type: application/json; charset=utf-8
host: localhost:8886
accept: */*

Response DefaultHttpResponse(decodeResult: success, version: HTTP/1.1)
HTTP/1.1 404 Not Found
Content-Length: 836
Content-Type: application/json; charset=utf-8
cache-control: no-cache

19:05:09.350 [AsyncHttpClient-1-11] DEBUG org.asynchttpclient.netty.channel.ChannelManager - Adding key: http://localhost:8886 for channel [id: 0x0e5f66ff, L:/127.0.0.1:61618 - R:localhost/127.0.0.1:8886]
19:05:09.352 [Forwarding getCurrentUrl on session 2da1dc332b610c8490221d42b091e279 to remote] DEBUG org.asynchttpclient.netty.request.NettyRequestSender - Using pooled Channel '[id: 0x0e5f66ff, L:/127.0.0.1:61618 - R:localhost/127.0.0.1:8886]' for 'GET' to 'http://localhost:8886/session/2da1dc332b610c8490221d42b091e279/url'
19:05:09.352 [Forwarding getCurrentUrl on session 2da1dc332b610c8490221d42b091e279 to remote] DEBUG org.asynchttpclient.netty.request.NettyRequestSender - Using open Channel [id: 0x0e5f66ff, L:/127.0.0.1:61618 - R:localhost/127.0.0.1:8886] for GET '/session/2da1dc332b610c8490221d42b091e279/url'
19:05:09.355 [AsyncHttpClient-1-11] DEBUG org.asynchttpclient.netty.handler.HttpHandler - 

Request DefaultFullHttpRequest(decodeResult: success, version: HTTP/1.1, content: EmptyByteBufBE)
GET /session/2da1dc332b610c8490221d42b091e279/url HTTP/1.1
User-Agent: selenium/4.8.1 (java windows)
Cache-Control: no-cache
Content-Type: application/json; charset=utf-8
host: localhost:8886
accept: */*

Response DefaultHttpResponse(decodeResult: success, version: HTTP/1.1)
HTTP/1.1 200 OK
Content-Length: 51
Content-Type: application/json; charset=utf-8
cache-control: no-cache

19:05:09.355 [AsyncHttpClient-1-11] DEBUG org.asynchttpclient.netty.channel.ChannelManager - Adding key: http://localhost:8886 for channel [id: 0x0e5f66ff, L:/127.0.0.1:61618 - R:localhost/127.0.0.1:8886]
19:05:09.356 [Forwarding screenshot on session 2da1dc332b610c8490221d42b091e279 to remote] DEBUG org.asynchttpclient.netty.request.NettyRequestSender - Using pooled Channel '[id: 0x0e5f66ff, L:/127.0.0.1:61618 - R:localhost/127.0.0.1:8886]' for 'GET' to 'http://localhost:8886/session/2da1dc332b610c8490221d42b091e279/screenshot'
19:05:09.356 [Forwarding screenshot on session 2da1dc332b610c8490221d42b091e279 to remote] DEBUG org.asynchttpclient.netty.request.NettyRequestSender - Using open Channel [id: 0x0e5f66ff, L:/127.0.0.1:61618 - R:localhost/127.0.0.1:8886] for GET '/session/2da1dc332b610c8490221d42b091e279/screenshot'
19:05:09.447 [AsyncHttpClient-1-11] DEBUG org.asynchttpclient.netty.handler.HttpHandler - 

Request DefaultFullHttpRequest(decodeResult: success, version: HTTP/1.1, content: EmptyByteBufBE)
GET /session/2da1dc332b610c8490221d42b091e279/screenshot HTTP/1.1
User-Agent: selenium/4.8.1 (java windows)
Cache-Control: no-cache
Content-Type: application/json; charset=utf-8
host: localhost:8886
accept: */*

Response DefaultHttpResponse(decodeResult: success, version: HTTP/1.1)
HTTP/1.1 200 OK
Content-Length: 25208
Content-Type: application/json; charset=utf-8
cache-control: no-cache

19:05:09.447 [AsyncHttpClient-1-11] DEBUG org.asynchttpclient.netty.channel.ChannelManager - Adding key: http://localhost:8886 for channel [id: 0x0e5f66ff, L:/127.0.0.1:61618 - R:localhost/127.0.0.1:8886]
19:05:09.449 [main] DEBUG net.serenitybdd.core.photography.Darkroom - Send negative for processing for target\site\serenity\edb14d4aab401efa0e4fb99861e6ffcafebc86a67b69f7828890b9910ed2ddbd.png
19:05:09.449 [main] DEBUG net.thucydides.core.steps.StepInterceptor - STEP DONE: openPage
  &amp#27;[32mGiven &amp#27;[0m&amp#27;[32mI am on the alta-shop login page&amp#27;[0m       &amp#27;[90m# starter.stepdefinitions.LoginSteps.onTheLoginPage()&amp#27;[0m
19:05:09.456 [Forwarding getPageSource on session 2da1dc332b610c8490221d42b091e279 to remote] DEBUG org.asynchttpclient.netty.request.NettyRequestSender - Using pooled Channel '[id: 0x0e5f66ff, L:/127.0.0.1:61618 - R:localhost/127.0.0.1:8886]' for 'POST' to 'http://localhost:8886/session/2da1dc332b610c8490221d42b091e279/execute/sync'
19:05:09.456 [Forwarding getPageSource on session 2da1dc332b610c8490221d42b091e279 to remote] DEBUG org.asynchttpclient.netty.request.NettyRequestSender - Using open Channel [id: 0x0e5f66ff, L:/127.0.0.1:61618 - R:localhost/127.0.0.1:8886] for POST '/session/2da1dc332b610c8490221d42b091e279/execute/sync'
19:05:09.461 [AsyncHttpClient-1-11] DEBUG org.asynchttpclient.netty.handler.HttpHandler - 

Request DefaultHttpRequest(decodeResult: success, version: HTTP/1.1)
POST /session/2da1dc332b610c8490221d42b091e279/execute/sync HTTP/1.1
User-Agent: selenium/4.8.1 (java windows)
Content-Length: 176
Content-Type: application/json; charset=utf-8
host: localhost:8886
accept: */*

Response DefaultHttpResponse(decodeResult: success, version: HTTP/1.1)
HTTP/1.1 200 OK
Content-Length: 21659
Content-Type: application/json; charset=utf-8
cache-control: no-cache

19:05:09.462 [AsyncHttpClient-1-11] DEBUG org.asynchttpclient.netty.channel.ChannelManager - Adding key: http://localhost:8886 for channel [id: 0x0e5f66ff, L:/127.0.0.1:61618 - R:localhost/127.0.0.1:8886]
19:05:09.463 [Forwarding getCurrentUrl on session 2da1dc332b610c8490221d42b091e279 to remote] DEBUG org.asynchttpclient.netty.request.NettyRequestSender - Using pooled Channel '[id: 0x0e5f66ff, L:/127.0.0.1:61618 - R:localhost/127.0.0.1:8886]' for 'GET' to 'http://localhost:8886/session/2da1dc332b610c8490221d42b091e279/url'
19:05:09.464 [Forwarding getCurrentUrl on session 2da1dc332b610c8490221d42b091e279 to remote] DEBUG org.asynchttpclient.netty.request.NettyRequestSender - Using open Channel [id: 0x0e5f66ff, L:/127.0.0.1:61618 - R:localhost/127.0.0.1:8886] for GET '/session/2da1dc332b610c8490221d42b091e279/url'
19:05:09.468 [AsyncHttpClient-1-11] DEBUG org.asynchttpclient.netty.handler.HttpHandler - 

Request DefaultFullHttpRequest(decodeResult: success, version: HTTP/1.1, content: EmptyByteBufBE)
GET /session/2da1dc332b610c8490221d42b091e279/url HTTP/1.1
User-Agent: selenium/4.8.1 (java windows)
Cache-Control: no-cache
Content-Type: application/json; charset=utf-8
host: localhost:8886
accept: */*

Response DefaultHttpResponse(decodeResult: success, version: HTTP/1.1)
HTTP/1.1 200 OK
Content-Length: 51
Content-Type: application/json; charset=utf-8
cache-control: no-cache

19:05:09.468 [AsyncHttpClient-1-11] DEBUG org.asynchttpclient.netty.channel.ChannelManager - Adding key: http://localhost:8886 for channel [id: 0x0e5f66ff, L:/127.0.0.1:61618 - R:localhost/127.0.0.1:8886]
19:05:09.491 [Forwarding getPageSource on session 2da1dc332b610c8490221d42b091e279 to remote] DEBUG org.asynchttpclient.netty.request.NettyRequestSender - Using pooled Channel '[id: 0x0e5f66ff, L:/127.0.0.1:61618 - R:localhost/127.0.0.1:8886]' for 'POST' to 'http://localhost:8886/session/2da1dc332b610c8490221d42b091e279/execute/sync'
19:05:09.492 [Forwarding getPageSource on session 2da1dc332b610c8490221d42b091e279 to remote] DEBUG org.asynchttpclient.netty.request.NettyRequestSender - Using open Channel [id: 0x0e5f66ff, L:/127.0.0.1:61618 - R:localhost/127.0.0.1:8886] for POST '/session/2da1dc332b610c8490221d42b091e279/execute/sync'
19:05:09.501 [AsyncHttpClient-1-11] DEBUG org.asynchttpclient.netty.handler.HttpHandler - 

Request DefaultHttpRequest(decodeResult: success, version: HTTP/1.1)
POST /session/2da1dc332b610c8490221d42b091e279/execute/sync HTTP/1.1
User-Agent: selenium/4.8.1 (java windows)
Content-Length: 176
Content-Type: application/json; charset=utf-8
host: localhost:8886
accept: */*

Response DefaultHttpResponse(decodeResult: success, version: HTTP/1.1)
HTTP/1.1 200 OK
Content-Length: 21659
Content-Type: application/json; charset=utf-8
cache-control: no-cache

19:05:09.501 [AsyncHttpClient-1-11] DEBUG org.asynchttpclient.netty.channel.ChannelManager - Adding key: http://localhost:8886 for channel [id: 0x0e5f66ff, L:/127.0.0.1:61618 - R:localhost/127.0.0.1:8886]
19:05:09.505 [Forwarding getCurrentUrl on session 2da1dc332b610c8490221d42b091e279 to remote] DEBUG org.asynchttpclient.netty.request.NettyRequestSender - Using pooled Channel '[id: 0x0e5f66ff, L:/127.0.0.1:61618 - R:localhost/127.0.0.1:8886]' for 'GET' to 'http://localhost:8886/session/2da1dc332b610c8490221d42b091e279/url'
19:05:09.505 [Forwarding getCurrentUrl on session 2da1dc332b610c8490221d42b091e279 to remote] DEBUG org.asynchttpclient.netty.request.NettyRequestSender - Using open Channel [id: 0x0e5f66ff, L:/127.0.0.1:61618 - R:localhost/127.0.0.1:8886] for GET '/session/2da1dc332b610c8490221d42b091e279/url'
19:05:09.511 [AsyncHttpClient-1-11] DEBUG org.asynchttpclient.netty.handler.HttpHandler - 

Request DefaultFullHttpRequest(decodeResult: success, version: HTTP/1.1, content: EmptyByteBufBE)
GET /session/2da1dc332b610c8490221d42b091e279/url HTTP/1.1
User-Agent: selenium/4.8.1 (java windows)
Cache-Control: no-cache
Content-Type: application/json; charset=utf-8
host: localhost:8886
accept: */*

Response DefaultHttpResponse(decodeResult: success, version: HTTP/1.1)
HTTP/1.1 200 OK
Content-Length: 51
Content-Type: application/json; charset=utf-8
cache-control: no-cache

19:05:09.511 [AsyncHttpClient-1-11] DEBUG org.asynchttpclient.netty.channel.ChannelManager - Adding key: http://localhost:8886 for channel [id: 0x0e5f66ff, L:/127.0.0.1:61618 - R:localhost/127.0.0.1:8886]
19:05:09.513 [main] DEBUG net.thucydides.core.steps.StepInterceptor - STARTING STEP: RegisterSteps.clickLoginButton - clickRegisterLink
19:05:09.516 [Forwarding findElement on session 2da1dc332b610c8490221d42b091e279 to remote] DEBUG org.asynchttpclient.netty.request.NettyRequestSender - Using pooled Channel '[id: 0x0e5f66ff, L:/127.0.0.1:61618 - R:localhost/127.0.0.1:8886]' for 'POST' to 'http://localhost:8886/session/2da1dc332b610c8490221d42b091e279/element'
19:05:09.516 [Forwarding findElement on session 2da1dc332b610c8490221d42b091e279 to remote] DEBUG org.asynchttpclient.netty.request.NettyRequestSender - Using open Channel [id: 0x0e5f66ff, L:/127.0.0.1:61618 - R:localhost/127.0.0.1:8886] for POST '/session/2da1dc332b610c8490221d42b091e279/element'
19:05:09.533 [AsyncHttpClient-1-11] DEBUG org.asynchttpclient.netty.handler.HttpHandler - 

Request DefaultHttpRequest(decodeResult: success, version: HTTP/1.1)
POST /session/2da1dc332b610c8490221d42b091e279/element HTTP/1.1
User-Agent: selenium/4.8.1 (java windows)
Content-Length: 84
Content-Type: application/json; charset=utf-8
host: localhost:8886
accept: */*

Response DefaultHttpResponse(decodeResult: success, version: HTTP/1.1)
HTTP/1.1 200 OK
Content-Length: 88
Content-Type: application/json; charset=utf-8
cache-control: no-cache

19:05:09.533 [AsyncHttpClient-1-11] DEBUG org.asynchttpclient.netty.channel.ChannelManager - Adding key: http://localhost:8886 for channel [id: 0x0e5f66ff, L:/127.0.0.1:61618 - R:localhost/127.0.0.1:8886]
19:05:09.535 [Forwarding getElementTagName on session 2da1dc332b610c8490221d42b091e279 to remote] DEBUG org.asynchttpclient.netty.request.NettyRequestSender - Using pooled Channel '[id: 0x0e5f66ff, L:/127.0.0.1:61618 - R:localhost/127.0.0.1:8886]' for 'GET' to 'http://localhost:8886/session/2da1dc332b610c8490221d42b091e279/element/652bd46f-2244-43d4-9154-4413c417b6dc/name'
19:05:09.535 [Forwarding getElementTagName on session 2da1dc332b610c8490221d42b091e279 to remote] DEBUG org.asynchttpclient.netty.request.NettyRequestSender - Using open Channel [id: 0x0e5f66ff, L:/127.0.0.1:61618 - R:localhost/127.0.0.1:8886] for GET '/session/2da1dc332b610c8490221d42b091e279/element/652bd46f-2244-43d4-9154-4413c417b6dc/name'
19:05:09.541 [AsyncHttpClient-1-11] DEBUG org.asynchttpclient.netty.handler.HttpHandler - 

Request DefaultFullHttpRequest(decodeResult: success, version: HTTP/1.1, content: EmptyByteBufBE)
GET /session/2da1dc332b610c8490221d42b091e279/element/652bd46f-2244-43d4-9154-4413c417b6dc/name HTTP/1.1
User-Agent: selenium/4.8.1 (java windows)
Cache-Control: no-cache
Content-Type: application/json; charset=utf-8
host: localhost:8886
accept: */*

Response DefaultHttpResponse(decodeResult: success, version: HTTP/1.1)
HTTP/1.1 200 OK
Content-Length: 13
Content-Type: application/json; charset=utf-8
cache-control: no-cache

19:05:09.541 [AsyncHttpClient-1-11] DEBUG org.asynchttpclient.netty.channel.ChannelManager - Adding key: http://localhost:8886 for channel [id: 0x0e5f66ff, L:/127.0.0.1:61618 - R:localhost/127.0.0.1:8886]
19:05:09.542 [Forwarding getElementTagName on session 2da1dc332b610c8490221d42b091e279 to remote] DEBUG org.asynchttpclient.netty.request.NettyRequestSender - Using pooled Channel '[id: 0x0e5f66ff, L:/127.0.0.1:61618 - R:localhost/127.0.0.1:8886]' for 'GET' to 'http://localhost:8886/session/2da1dc332b610c8490221d42b091e279/element/652bd46f-2244-43d4-9154-4413c417b6dc/name'
19:05:09.542 [Forwarding getElementTagName on session 2da1dc332b610c8490221d42b091e279 to remote] DEBUG org.asynchttpclient.netty.request.NettyRequestSender - Using open Channel [id: 0x0e5f66ff, L:/127.0.0.1:61618 - R:localhost/127.0.0.1:8886] for GET '/session/2da1dc332b610c8490221d42b091e279/element/652bd46f-2244-43d4-9154-4413c417b6dc/name'
19:05:09.546 [AsyncHttpClient-1-11] DEBUG org.asynchttpclient.netty.handler.HttpHandler - 

Request DefaultFullHttpRequest(decodeResult: success, version: HTTP/1.1, content: EmptyByteBufBE)
GET /session/2da1dc332b610c8490221d42b091e279/element/652bd46f-2244-43d4-9154-4413c417b6dc/name HTTP/1.1
User-Agent: selenium/4.8.1 (java windows)
Cache-Control: no-cache
Content-Type: application/json; charset=utf-8
host: localhost:8886
accept: */*

Response DefaultHttpResponse(decodeResult: success, version: HTTP/1.1)
HTTP/1.1 200 OK
Content-Length: 13
Content-Type: application/json; charset=utf-8
cache-control: no-cache

19:05:09.546 [AsyncHttpClient-1-11] DEBUG org.asynchttpclient.netty.channel.ChannelManager - Adding key: http://localhost:8886 for channel [id: 0x0e5f66ff, L:/127.0.0.1:61618 - R:localhost/127.0.0.1:8886]
19:05:09.549 [Forwarding findElement on session 2da1dc332b610c8490221d42b091e279 to remote] DEBUG org.asynchttpclient.netty.request.NettyRequestSender - Using pooled Channel '[id: 0x0e5f66ff, L:/127.0.0.1:61618 - R:localhost/127.0.0.1:8886]' for 'POST' to 'http://localhost:8886/session/2da1dc332b610c8490221d42b091e279/element'
19:05:09.549 [Forwarding findElement on session 2da1dc332b610c8490221d42b091e279 to remote] DEBUG org.asynchttpclient.netty.request.NettyRequestSender - Using open Channel [id: 0x0e5f66ff, L:/127.0.0.1:61618 - R:localhost/127.0.0.1:8886] for POST '/session/2da1dc332b610c8490221d42b091e279/element'
19:05:09.557 [AsyncHttpClient-1-11] DEBUG org.asynchttpclient.netty.handler.HttpHandler - 

Request DefaultHttpRequest(decodeResult: success, version: HTTP/1.1)
POST /session/2da1dc332b610c8490221d42b091e279/element HTTP/1.1
User-Agent: selenium/4.8.1 (java windows)
Content-Length: 84
Content-Type: application/json; charset=utf-8
host: localhost:8886
accept: */*

Response DefaultHttpResponse(decodeResult: success, version: HTTP/1.1)
HTTP/1.1 200 OK
Content-Length: 88
Content-Type: application/json; charset=utf-8
cache-control: no-cache

19:05:09.558 [AsyncHttpClient-1-11] DEBUG org.asynchttpclient.netty.channel.ChannelManager - Adding key: http://localhost:8886 for channel [id: 0x0e5f66ff, L:/127.0.0.1:61618 - R:localhost/127.0.0.1:8886]
19:05:09.559 [Forwarding clickElement on session 2da1dc332b610c8490221d42b091e279 to remote] DEBUG org.asynchttpclient.netty.request.NettyRequestSender - Using pooled Channel '[id: 0x0e5f66ff, L:/127.0.0.1:61618 - R:localhost/127.0.0.1:8886]' for 'POST' to 'http://localhost:8886/session/2da1dc332b610c8490221d42b091e279/element/652bd46f-2244-43d4-9154-4413c417b6dc/click'
19:05:09.560 [Forwarding clickElement on session 2da1dc332b610c8490221d42b091e279 to remote] DEBUG org.asynchttpclient.netty.request.NettyRequestSender - Using open Channel [id: 0x0e5f66ff, L:/127.0.0.1:61618 - R:localhost/127.0.0.1:8886] for POST '/session/2da1dc332b610c8490221d42b091e279/element/652bd46f-2244-43d4-9154-4413c417b6dc/click'
19:05:09.678 [AsyncHttpClient-1-11] DEBUG org.asynchttpclient.netty.handler.HttpHandler - 

Request DefaultHttpRequest(decodeResult: success, version: HTTP/1.1)
POST /session/2da1dc332b610c8490221d42b091e279/element/652bd46f-2244-43d4-9154-4413c417b6dc/click HTTP/1.1
User-Agent: selenium/4.8.1 (java windows)
Content-Length: 50
Content-Type: application/json; charset=utf-8
host: localhost:8886
accept: */*

Response DefaultHttpResponse(decodeResult: success, version: HTTP/1.1)
HTTP/1.1 200 OK
Content-Length: 14
Content-Type: application/json; charset=utf-8
cache-control: no-cache

19:05:09.679 [AsyncHttpClient-1-11] DEBUG org.asynchttpclient.netty.channel.ChannelManager - Adding key: http://localhost:8886 for channel [id: 0x0e5f66ff, L:/127.0.0.1:61618 - R:localhost/127.0.0.1:8886]
19:05:09.690 [Forwarding getAlertText on session 2da1dc332b610c8490221d42b091e279 to remote] DEBUG org.asynchttpclient.netty.request.NettyRequestSender - Using pooled Channel '[id: 0x0e5f66ff, L:/127.0.0.1:61618 - R:localhost/127.0.0.1:8886]' for 'GET' to 'http://localhost:8886/session/2da1dc332b610c8490221d42b091e279/alert/text'
19:05:09.690 [Forwarding getAlertText on session 2da1dc332b610c8490221d42b091e279 to remote] DEBUG org.asynchttpclient.netty.request.NettyRequestSender - Using open Channel [id: 0x0e5f66ff, L:/127.0.0.1:61618 - R:localhost/127.0.0.1:8886] for GET '/session/2da1dc332b610c8490221d42b091e279/alert/text'
19:05:09.694 [AsyncHttpClient-1-11] DEBUG org.asynchttpclient.netty.handler.HttpHandler - 

Request DefaultFullHttpRequest(decodeResult: success, version: HTTP/1.1, content: EmptyByteBufBE)
GET /session/2da1dc332b610c8490221d42b091e279/alert/text HTTP/1.1
User-Agent: selenium/4.8.1 (java windows)
Cache-Control: no-cache
Content-Type: application/json; charset=utf-8
host: localhost:8886
accept: */*

Response DefaultHttpResponse(decodeResult: success, version: HTTP/1.1)
HTTP/1.1 404 Not Found
Content-Length: 836
Content-Type: application/json; charset=utf-8
cache-control: no-cache

19:05:09.695 [AsyncHttpClient-1-11] DEBUG org.asynchttpclient.netty.channel.ChannelManager - Adding key: http://localhost:8886 for channel [id: 0x0e5f66ff, L:/127.0.0.1:61618 - R:localhost/127.0.0.1:8886]
19:05:09.697 [Forwarding getCurrentUrl on session 2da1dc332b610c8490221d42b091e279 to remote] DEBUG org.asynchttpclient.netty.request.NettyRequestSender - Using pooled Channel '[id: 0x0e5f66ff, L:/127.0.0.1:61618 - R:localhost/127.0.0.1:8886]' for 'GET' to 'http://localhost:8886/session/2da1dc332b610c8490221d42b091e279/url'
19:05:09.698 [Forwarding getCurrentUrl on session 2da1dc332b610c8490221d42b091e279 to remote] DEBUG org.asynchttpclient.netty.request.NettyRequestSender - Using open Channel [id: 0x0e5f66ff, L:/127.0.0.1:61618 - R:localhost/127.0.0.1:8886] for GET '/session/2da1dc332b610c8490221d42b091e279/url'
19:05:09.710 [AsyncHttpClient-1-11] DEBUG org.asynchttpclient.netty.handler.HttpHandler - 

Request DefaultFullHttpRequest(decodeResult: success, version: HTTP/1.1, content: EmptyByteBufBE)
GET /session/2da1dc332b610c8490221d42b091e279/url HTTP/1.1
User-Agent: selenium/4.8.1 (java windows)
Cache-Control: no-cache
Content-Type: application/json; charset=utf-8
host: localhost:8886
accept: */*

Response DefaultHttpResponse(decodeResult: success, version: HTTP/1.1)
HTTP/1.1 200 OK
Content-Length: 54
Content-Type: application/json; charset=utf-8
cache-control: no-cache

19:05:09.710 [AsyncHttpClient-1-11] DEBUG org.asynchttpclient.netty.channel.ChannelManager - Adding key: http://localhost:8886 for channel [id: 0x0e5f66ff, L:/127.0.0.1:61618 - R:localhost/127.0.0.1:8886]
19:05:09.712 [Forwarding screenshot on session 2da1dc332b610c8490221d42b091e279 to remote] DEBUG org.asynchttpclient.netty.request.NettyRequestSender - Using pooled Channel '[id: 0x0e5f66ff, L:/127.0.0.1:61618 - R:localhost/127.0.0.1:8886]' for 'GET' to 'http://localhost:8886/session/2da1dc332b610c8490221d42b091e279/screenshot'
19:05:09.713 [Forwarding screenshot on session 2da1dc332b610c8490221d42b091e279 to remote] DEBUG org.asynchttpclient.netty.request.NettyRequestSender - Using open Channel [id: 0x0e5f66ff, L:/127.0.0.1:61618 - R:localhost/127.0.0.1:8886] for GET '/session/2da1dc332b610c8490221d42b091e279/screenshot'
19:05:09.833 [AsyncHttpClient-1-11] DEBUG org.asynchttpclient.netty.handler.HttpHandler - 

Request DefaultFullHttpRequest(decodeResult: success, version: HTTP/1.1, content: EmptyByteBufBE)
GET /session/2da1dc332b610c8490221d42b091e279/screenshot HTTP/1.1
User-Agent: selenium/4.8.1 (java windows)
Cache-Control: no-cache
Content-Type: application/json; charset=utf-8
host: localhost:8886
accept: */*

Response DefaultHttpResponse(decodeResult: success, version: HTTP/1.1)
HTTP/1.1 200 OK
Content-Length: 30264
Content-Type: application/json; charset=utf-8
cache-control: no-cache

19:05:09.833 [AsyncHttpClient-1-11] DEBUG org.asynchttpclient.netty.channel.ChannelManager - Adding key: http://localhost:8886 for channel [id: 0x0e5f66ff, L:/127.0.0.1:61618 - R:localhost/127.0.0.1:8886]
19:05:09.835 [main] DEBUG net.serenitybdd.core.photography.Darkroom - Send negative for processing for target\site\serenity\4a43493a0464f31afa1455d8c129b731943f15d01cbcf07cdddc7b120cf03d05.png
19:05:09.835 [main] DEBUG net.thucydides.core.steps.StepInterceptor - STEP DONE: clickRegisterLink
  &amp#27;[32mWhen &amp#27;[0m&amp#27;[32mI go to the alta-shop register page&amp#27;[0m     &amp#27;[90m# starter.stepdefinitions.RegisterSteps.clickLoginButton()&amp#27;[0m
19:05:09.835 [Darkroom Processing Line] DEBUG net.serenitybdd.core.photography.DarkroomProcessingLine - Processing screenshot image in /var/screenshots/screenshot-6293372985598466299
19:05:09.835 [Darkroom Processing Line] DEBUG net.serenitybdd.core.photography.DarkroomProcessingLine - Saving screenshot to target\site\serenity\4a43493a0464f31afa1455d8c129b731943f15d01cbcf07cdddc7b120cf03d05.png
19:05:09.847 [Forwarding getPageSource on session 2da1dc332b610c8490221d42b091e279 to remote] DEBUG org.asynchttpclient.netty.request.NettyRequestSender - Using pooled Channel '[id: 0x0e5f66ff, L:/127.0.0.1:61618 - R:localhost/127.0.0.1:8886]' for 'POST' to 'http://localhost:8886/session/2da1dc332b610c8490221d42b091e279/execute/sync'
19:05:09.847 [Forwarding getPageSource on session 2da1dc332b610c8490221d42b091e279 to remote] DEBUG org.asynchttpclient.netty.request.NettyRequestSender - Using open Channel [id: 0x0e5f66ff, L:/127.0.0.1:61618 - R:localhost/127.0.0.1:8886] for POST '/session/2da1dc332b610c8490221d42b091e279/execute/sync'
19:05:09.852 [AsyncHttpClient-1-11] DEBUG org.asynchttpclient.netty.handler.HttpHandler - 

Request DefaultHttpRequest(decodeResult: success, version: HTTP/1.1)
POST /session/2da1dc332b610c8490221d42b091e279/execute/sync HTTP/1.1
User-Agent: selenium/4.8.1 (java windows)
Content-Length: 176
Content-Type: application/json; charset=utf-8
host: localhost:8886
accept: */*

Response DefaultHttpResponse(decodeResult: success, version: HTTP/1.1)
HTTP/1.1 200 OK
Content-Length: 22314
Content-Type: application/json; charset=utf-8
cache-control: no-cache

19:05:09.852 [AsyncHttpClient-1-11] DEBUG org.asynchttpclient.netty.channel.ChannelManager - Adding key: http://localhost:8886 for channel [id: 0x0e5f66ff, L:/127.0.0.1:61618 - R:localhost/127.0.0.1:8886]
19:05:09.856 [Forwarding getCurrentUrl on session 2da1dc332b610c8490221d42b091e279 to remote] DEBUG org.asynchttpclient.netty.request.NettyRequestSender - Using pooled Channel '[id: 0x0e5f66ff, L:/127.0.0.1:61618 - R:localhost/127.0.0.1:8886]' for 'GET' to 'http://localhost:8886/session/2da1dc332b610c8490221d42b091e279/url'
19:05:09.856 [Forwarding getCurrentUrl on session 2da1dc332b610c8490221d42b091e279 to remote] DEBUG org.asynchttpclient.netty.request.NettyRequestSender - Using open Channel [id: 0x0e5f66ff, L:/127.0.0.1:61618 - R:localhost/127.0.0.1:8886] for GET '/session/2da1dc332b610c8490221d42b091e279/url'
19:05:09.860 [AsyncHttpClient-1-11] DEBUG org.asynchttpclient.netty.handler.HttpHandler - 

Request DefaultFullHttpRequest(decodeResult: success, version: HTTP/1.1, content: EmptyByteBufBE)
GET /session/2da1dc332b610c8490221d42b091e279/url HTTP/1.1
User-Agent: selenium/4.8.1 (java windows)
Cache-Control: no-cache
Content-Type: application/json; charset=utf-8
host: localhost:8886
accept: */*

Response DefaultHttpResponse(decodeResult: success, version: HTTP/1.1)
HTTP/1.1 200 OK
Content-Length: 54
Content-Type: application/json; charset=utf-8
cache-control: no-cache

19:05:09.860 [AsyncHttpClient-1-11] DEBUG org.asynchttpclient.netty.channel.ChannelManager - Adding key: http://localhost:8886 for channel [id: 0x0e5f66ff, L:/127.0.0.1:61618 - R:localhost/127.0.0.1:8886]
19:05:09.870 [Forwarding getPageSource on session 2da1dc332b610c8490221d42b091e279 to remote] DEBUG org.asynchttpclient.netty.request.NettyRequestSender - Using pooled Channel '[id: 0x0e5f66ff, L:/127.0.0.1:61618 - R:localhost/127.0.0.1:8886]' for 'POST' to 'http://localhost:8886/session/2da1dc332b610c8490221d42b091e279/execute/sync'
19:05:09.870 [Forwarding getPageSource on session 2da1dc332b610c8490221d42b091e279 to remote] DEBUG org.asynchttpclient.netty.request.NettyRequestSender - Using open Channel [id: 0x0e5f66ff, L:/127.0.0.1:61618 - R:localhost/127.0.0.1:8886] for POST '/session/2da1dc332b610c8490221d42b091e279/execute/sync'
19:05:09.876 [AsyncHttpClient-1-11] DEBUG org.asynchttpclient.netty.handler.HttpHandler - 

Request DefaultHttpRequest(decodeResult: success, version: HTTP/1.1)
POST /session/2da1dc332b610c8490221d42b091e279/execute/sync HTTP/1.1
User-Agent: selenium/4.8.1 (java windows)
Content-Length: 176
Content-Type: application/json; charset=utf-8
host: localhost:8886
accept: */*

Response DefaultHttpResponse(decodeResult: success, version: HTTP/1.1)
HTTP/1.1 200 OK
Content-Length: 22314
Content-Type: application/json; charset=utf-8
cache-control: no-cache

19:05:09.876 [AsyncHttpClient-1-11] DEBUG org.asynchttpclient.netty.channel.ChannelManager - Adding key: http://localhost:8886 for channel [id: 0x0e5f66ff, L:/127.0.0.1:61618 - R:localhost/127.0.0.1:8886]
19:05:09.878 [Forwarding getCurrentUrl on session 2da1dc332b610c8490221d42b091e279 to remote] DEBUG org.asynchttpclient.netty.request.NettyRequestSender - Using pooled Channel '[id: 0x0e5f66ff, L:/127.0.0.1:61618 - R:localhost/127.0.0.1:8886]' for 'GET' to 'http://localhost:8886/session/2da1dc332b610c8490221d42b091e279/url'
19:05:09.878 [Forwarding getCurrentUrl on session 2da1dc332b610c8490221d42b091e279 to remote] DEBUG org.asynchttpclient.netty.request.NettyRequestSender - Using open Channel [id: 0x0e5f66ff, L:/127.0.0.1:61618 - R:localhost/127.0.0.1:8886] for GET '/session/2da1dc332b610c8490221d42b091e279/url'
19:05:09.883 [AsyncHttpClient-1-11] DEBUG org.asynchttpclient.netty.handler.HttpHandler - 

Request DefaultFullHttpRequest(decodeResult: success, version: HTTP/1.1, content: EmptyByteBufBE)
GET /session/2da1dc332b610c8490221d42b091e279/url HTTP/1.1
User-Agent: selenium/4.8.1 (java windows)
Cache-Control: no-cache
Content-Type: application/json; charset=utf-8
host: localhost:8886
accept: */*

Response DefaultHttpResponse(decodeResult: success, version: HTTP/1.1)
HTTP/1.1 200 OK
Content-Length: 54
Content-Type: application/json; charset=utf-8
cache-control: no-cache

19:05:09.884 [AsyncHttpClient-1-11] DEBUG org.asynchttpclient.netty.channel.ChannelManager - Adding key: http://localhost:8886 for channel [id: 0x0e5f66ff, L:/127.0.0.1:61618 - R:localhost/127.0.0.1:8886]
19:05:09.887 [main] DEBUG net.thucydides.core.steps.StepInterceptor - STARTING STEP: RegisterSteps.inputFullnameReg - inputFullnameReg
19:05:09.893 [Forwarding findElement on session 2da1dc332b610c8490221d42b091e279 to remote] DEBUG org.asynchttpclient.netty.request.NettyRequestSender - Using pooled Channel '[id: 0x0e5f66ff, L:/127.0.0.1:61618 - R:localhost/127.0.0.1:8886]' for 'POST' to 'http://localhost:8886/session/2da1dc332b610c8490221d42b091e279/element'
19:05:09.893 [Forwarding findElement on session 2da1dc332b610c8490221d42b091e279 to remote] DEBUG org.asynchttpclient.netty.request.NettyRequestSender - Using open Channel [id: 0x0e5f66ff, L:/127.0.0.1:61618 - R:localhost/127.0.0.1:8886] for POST '/session/2da1dc332b610c8490221d42b091e279/element'
19:05:09.904 [AsyncHttpClient-1-11] DEBUG org.asynchttpclient.netty.handler.HttpHandler - 

Request DefaultHttpRequest(decodeResult: success, version: HTTP/1.1)
POST /session/2da1dc332b610c8490221d42b091e279/element HTTP/1.1
User-Agent: selenium/4.8.1 (java windows)
Content-Length: 55
Content-Type: application/json; charset=utf-8
host: localhost:8886
accept: */*

Response DefaultHttpResponse(decodeResult: success, version: HTTP/1.1)
HTTP/1.1 200 OK
Content-Length: 88
Content-Type: application/json; charset=utf-8
cache-control: no-cache

19:05:09.904 [AsyncHttpClient-1-11] DEBUG org.asynchttpclient.netty.channel.ChannelManager - Adding key: http://localhost:8886 for channel [id: 0x0e5f66ff, L:/127.0.0.1:61618 - R:localhost/127.0.0.1:8886]
19:05:09.906 [Forwarding clearElement on session 2da1dc332b610c8490221d42b091e279 to remote] DEBUG org.asynchttpclient.netty.request.NettyRequestSender - Using pooled Channel '[id: 0x0e5f66ff, L:/127.0.0.1:61618 - R:localhost/127.0.0.1:8886]' for 'POST' to 'http://localhost:8886/session/2da1dc332b610c8490221d42b091e279/element/2bf3d33e-64a3-4148-93ad-5cf4b2d43430/clear'
19:05:09.906 [Forwarding clearElement on session 2da1dc332b610c8490221d42b091e279 to remote] DEBUG org.asynchttpclient.netty.request.NettyRequestSender - Using open Channel [id: 0x0e5f66ff, L:/127.0.0.1:61618 - R:localhost/127.0.0.1:8886] for POST '/session/2da1dc332b610c8490221d42b091e279/element/2bf3d33e-64a3-4148-93ad-5cf4b2d43430/clear'
19:05:09.941 [AsyncHttpClient-1-11] DEBUG org.asynchttpclient.netty.handler.HttpHandler - 

Request DefaultHttpRequest(decodeResult: success, version: HTTP/1.1)
POST /session/2da1dc332b610c8490221d42b091e279/element/2bf3d33e-64a3-4148-93ad-5cf4b2d43430/clear HTTP/1.1
User-Agent: selenium/4.8.1 (java windows)
Content-Length: 50
Content-Type: application/json; charset=utf-8
host: localhost:8886
accept: */*

Response DefaultHttpResponse(decodeResult: success, version: HTTP/1.1)
HTTP/1.1 200 OK
Content-Length: 14
Content-Type: application/json; charset=utf-8
cache-control: no-cache

19:05:09.941 [AsyncHttpClient-1-11] DEBUG org.asynchttpclient.netty.channel.ChannelManager - Adding key: http://localhost:8886 for channel [id: 0x0e5f66ff, L:/127.0.0.1:61618 - R:localhost/127.0.0.1:8886]
19:05:09.943 [Forwarding sendKeysToElement on session 2da1dc332b610c8490221d42b091e279 to remote] DEBUG org.asynchttpclient.netty.request.NettyRequestSender - Using pooled Channel '[id: 0x0e5f66ff, L:/127.0.0.1:61618 - R:localhost/127.0.0.1:8886]' for 'POST' to 'http://localhost:8886/session/2da1dc332b610c8490221d42b091e279/element/2bf3d33e-64a3-4148-93ad-5cf4b2d43430/value'
19:05:09.943 [Forwarding sendKeysToElement on session 2da1dc332b610c8490221d42b091e279 to remote] DEBUG org.asynchttpclient.netty.request.NettyRequestSender - Using open Channel [id: 0x0e5f66ff, L:/127.0.0.1:61618 - R:localhost/127.0.0.1:8886] for POST '/session/2da1dc332b610c8490221d42b091e279/element/2bf3d33e-64a3-4148-93ad-5cf4b2d43430/value'
19:05:10.047 [AsyncHttpClient-1-11] DEBUG org.asynchttpclient.netty.handler.HttpHandler - 

Request DefaultHttpRequest(decodeResult: success, version: HTTP/1.1)
POST /session/2da1dc332b610c8490221d42b091e279/element/2bf3d33e-64a3-4148-93ad-5cf4b2d43430/value HTTP/1.1
User-Agent: selenium/4.8.1 (java windows)
Content-Length: 281
Content-Type: application/json; charset=utf-8
host: localhost:8886
accept: */*

Response DefaultHttpResponse(decodeResult: success, version: HTTP/1.1)
HTTP/1.1 200 OK
Content-Length: 14
Content-Type: application/json; charset=utf-8
cache-control: no-cache

19:05:10.047 [AsyncHttpClient-1-11] DEBUG org.asynchttpclient.netty.channel.ChannelManager - Adding key: http://localhost:8886 for channel [id: 0x0e5f66ff, L:/127.0.0.1:61618 - R:localhost/127.0.0.1:8886]
19:05:10.052 [Forwarding getAlertText on session 2da1dc332b610c8490221d42b091e279 to remote] DEBUG org.asynchttpclient.netty.request.NettyRequestSender - Using pooled Channel '[id: 0x0e5f66ff, L:/127.0.0.1:61618 - R:localhost/127.0.0.1:8886]' for 'GET' to 'http://localhost:8886/session/2da1dc332b610c8490221d42b091e279/alert/text'
19:05:10.052 [Forwarding getAlertText on session 2da1dc332b610c8490221d42b091e279 to remote] DEBUG org.asynchttpclient.netty.request.NettyRequestSender - Using open Channel [id: 0x0e5f66ff, L:/127.0.0.1:61618 - R:localhost/127.0.0.1:8886] for GET '/session/2da1dc332b610c8490221d42b091e279/alert/text'
19:05:10.053 [AsyncHttpClient-1-11] DEBUG org.asynchttpclient.netty.handler.HttpHandler - 

Request DefaultFullHttpRequest(decodeResult: success, version: HTTP/1.1, content: EmptyByteBufBE)
GET /session/2da1dc332b610c8490221d42b091e279/alert/text HTTP/1.1
User-Agent: selenium/4.8.1 (java windows)
Cache-Control: no-cache
Content-Type: application/json; charset=utf-8
host: localhost:8886
accept: */*

Response DefaultHttpResponse(decodeResult: success, version: HTTP/1.1)
HTTP/1.1 404 Not Found
Content-Length: 836
Content-Type: application/json; charset=utf-8
cache-control: no-cache

19:05:10.054 [AsyncHttpClient-1-11] DEBUG org.asynchttpclient.netty.channel.ChannelManager - Adding key: http://localhost:8886 for channel [id: 0x0e5f66ff, L:/127.0.0.1:61618 - R:localhost/127.0.0.1:8886]
19:05:10.055 [Forwarding getCurrentUrl on session 2da1dc332b610c8490221d42b091e279 to remote] DEBUG org.asynchttpclient.netty.request.NettyRequestSender - Using pooled Channel '[id: 0x0e5f66ff, L:/127.0.0.1:61618 - R:localhost/127.0.0.1:8886]' for 'GET' to 'http://localhost:8886/session/2da1dc332b610c8490221d42b091e279/url'
19:05:10.055 [Forwarding getCurrentUrl on session 2da1dc332b610c8490221d42b091e279 to remote] DEBUG org.asynchttpclient.netty.request.NettyRequestSender - Using open Channel [id: 0x0e5f66ff, L:/127.0.0.1:61618 - R:localhost/127.0.0.1:8886] for GET '/session/2da1dc332b610c8490221d42b091e279/url'
19:05:10.057 [AsyncHttpClient-1-11] DEBUG org.asynchttpclient.netty.handler.HttpHandler - 

Request DefaultFullHttpRequest(decodeResult: success, version: HTTP/1.1, content: EmptyByteBufBE)
GET /session/2da1dc332b610c8490221d42b091e279/url HTTP/1.1
User-Agent: selenium/4.8.1 (java windows)
Cache-Control: no-cache
Content-Type: application/json; charset=utf-8
host: localhost:8886
accept: */*

Response DefaultHttpResponse(decodeResult: success, version: HTTP/1.1)
HTTP/1.1 200 OK
Content-Length: 54
Content-Type: application/json; charset=utf-8
cache-control: no-cache

19:05:10.058 [AsyncHttpClient-1-11] DEBUG org.asynchttpclient.netty.channel.ChannelManager - Adding key: http://localhost:8886 for channel [id: 0x0e5f66ff, L:/127.0.0.1:61618 - R:localhost/127.0.0.1:8886]
19:05:10.059 [Forwarding screenshot on session 2da1dc332b610c8490221d42b091e279 to remote] DEBUG org.asynchttpclient.netty.request.NettyRequestSender - Using pooled Channel '[id: 0x0e5f66ff, L:/127.0.0.1:61618 - R:localhost/127.0.0.1:8886]' for 'GET' to 'http://localhost:8886/session/2da1dc332b610c8490221d42b091e279/screenshot'
19:05:10.059 [Forwarding screenshot on session 2da1dc332b610c8490221d42b091e279 to remote] DEBUG org.asynchttpclient.netty.request.NettyRequestSender - Using open Channel [id: 0x0e5f66ff, L:/127.0.0.1:61618 - R:localhost/127.0.0.1:8886] for GET '/session/2da1dc332b610c8490221d42b091e279/screenshot'
19:05:10.155 [AsyncHttpClient-1-11] DEBUG org.asynchttpclient.netty.handler.HttpHandler - 

Request DefaultFullHttpRequest(decodeResult: success, version: HTTP/1.1, content: EmptyByteBufBE)
GET /session/2da1dc332b610c8490221d42b091e279/screenshot HTTP/1.1
User-Agent: selenium/4.8.1 (java windows)
Cache-Control: no-cache
Content-Type: application/json; charset=utf-8
host: localhost:8886
accept: */*

Response DefaultHttpResponse(decodeResult: success, version: HTTP/1.1)
HTTP/1.1 200 OK
Content-Length: 33984
Content-Type: application/json; charset=utf-8
cache-control: no-cache

19:05:10.156 [AsyncHttpClient-1-11] DEBUG org.asynchttpclient.netty.channel.ChannelManager - Adding key: http://localhost:8886 for channel [id: 0x0e5f66ff, L:/127.0.0.1:61618 - R:localhost/127.0.0.1:8886]
19:05:10.157 [main] DEBUG net.serenitybdd.core.photography.Darkroom - Send negative for processing for target\site\serenity\fa3a44b9a9bf6083f7c36947cdc4c344e9e60e48319491bdfb7f06c592dfa5e4.png
19:05:10.157 [main] DEBUG net.thucydides.core.steps.StepInterceptor - STEP DONE: inputFullnameReg
  &amp#27;[32mAnd &amp#27;[0m&amp#27;[32mI input correct fullname for register&amp#27;[0m    &amp#27;[90m# starter.stepdefinitions.RegisterSteps.inputFullnameReg()&amp#27;[0m
19:05:10.157 [Darkroom Processing Line] DEBUG net.serenitybdd.core.photography.DarkroomProcessingLine - Processing screenshot image in /var/screenshots/screenshot-17826138153579367086
19:05:10.157 [Darkroom Processing Line] DEBUG net.serenitybdd.core.photography.DarkroomProcessingLine - Saving screenshot to target\site\serenity\fa3a44b9a9bf6083f7c36947cdc4c344e9e60e48319491bdfb7f06c592dfa5e4.png
19:05:10.164 [Forwarding getPageSource on session 2da1dc332b610c8490221d42b091e279 to remote] DEBUG org.asynchttpclient.netty.request.NettyRequestSender - Using pooled Channel '[id: 0x0e5f66ff, L:/127.0.0.1:61618 - R:localhost/127.0.0.1:8886]' for 'POST' to 'http://localhost:8886/session/2da1dc332b610c8490221d42b091e279/execute/sync'
19:05:10.165 [Forwarding getPageSource on session 2da1dc332b610c8490221d42b091e279 to remote] DEBUG org.asynchttpclient.netty.request.NettyRequestSender - Using open Channel [id: 0x0e5f66ff, L:/127.0.0.1:61618 - R:localhost/127.0.0.1:8886] for POST '/session/2da1dc332b610c8490221d42b091e279/execute/sync'
19:05:10.171 [AsyncHttpClient-1-11] DEBUG org.asynchttpclient.netty.handler.HttpHandler - 

Request DefaultHttpRequest(decodeResult: success, version: HTTP/1.1)
POST /session/2da1dc332b610c8490221d42b091e279/execute/sync HTTP/1.1
User-Agent: selenium/4.8.1 (java windows)
Content-Length: 176
Content-Type: application/json; charset=utf-8
host: localhost:8886
accept: */*

Response DefaultHttpResponse(decodeResult: success, version: HTTP/1.1)
HTTP/1.1 200 OK
Content-Length: 22435
Content-Type: application/json; charset=utf-8
cache-control: no-cache

19:05:10.171 [AsyncHttpClient-1-11] DEBUG org.asynchttpclient.netty.channel.ChannelManager - Adding key: http://localhost:8886 for channel [id: 0x0e5f66ff, L:/127.0.0.1:61618 - R:localhost/127.0.0.1:8886]
19:05:10.172 [Forwarding getCurrentUrl on session 2da1dc332b610c8490221d42b091e279 to remote] DEBUG org.asynchttpclient.netty.request.NettyRequestSender - Using pooled Channel '[id: 0x0e5f66ff, L:/127.0.0.1:61618 - R:localhost/127.0.0.1:8886]' for 'GET' to 'http://localhost:8886/session/2da1dc332b610c8490221d42b091e279/url'
19:05:10.172 [Forwarding getCurrentUrl on session 2da1dc332b610c8490221d42b091e279 to remote] DEBUG org.asynchttpclient.netty.request.NettyRequestSender - Using open Channel [id: 0x0e5f66ff, L:/127.0.0.1:61618 - R:localhost/127.0.0.1:8886] for GET '/session/2da1dc332b610c8490221d42b091e279/url'
19:05:10.177 [AsyncHttpClient-1-11] DEBUG org.asynchttpclient.netty.handler.HttpHandler - 

Request DefaultFullHttpRequest(decodeResult: success, version: HTTP/1.1, content: EmptyByteBufBE)
GET /session/2da1dc332b610c8490221d42b091e279/url HTTP/1.1
User-Agent: selenium/4.8.1 (java windows)
Cache-Control: no-cache
Content-Type: application/json; charset=utf-8
host: localhost:8886
accept: */*

Response DefaultHttpResponse(decodeResult: success, version: HTTP/1.1)
HTTP/1.1 200 OK
Content-Length: 54
Content-Type: application/json; charset=utf-8
cache-control: no-cache

19:05:10.177 [AsyncHttpClient-1-11] DEBUG org.asynchttpclient.netty.channel.ChannelManager - Adding key: http://localhost:8886 for channel [id: 0x0e5f66ff, L:/127.0.0.1:61618 - R:localhost/127.0.0.1:8886]
19:05:10.185 [Forwarding getPageSource on session 2da1dc332b610c8490221d42b091e279 to remote] DEBUG org.asynchttpclient.netty.request.NettyRequestSender - Using pooled Channel '[id: 0x0e5f66ff, L:/127.0.0.1:61618 - R:localhost/127.0.0.1:8886]' for 'POST' to 'http://localhost:8886/session/2da1dc332b610c8490221d42b091e279/execute/sync'
19:05:10.185 [Forwarding getPageSource on session 2da1dc332b610c8490221d42b091e279 to remote] DEBUG org.asynchttpclient.netty.request.NettyRequestSender - Using open Channel [id: 0x0e5f66ff, L:/127.0.0.1:61618 - R:localhost/127.0.0.1:8886] for POST '/session/2da1dc332b610c8490221d42b091e279/execute/sync'
19:05:10.191 [AsyncHttpClient-1-11] DEBUG org.asynchttpclient.netty.handler.HttpHandler - 

Request DefaultHttpRequest(decodeResult: success, version: HTTP/1.1)
POST /session/2da1dc332b610c8490221d42b091e279/execute/sync HTTP/1.1
User-Agent: selenium/4.8.1 (java windows)
Content-Length: 176
Content-Type: application/json; charset=utf-8
host: localhost:8886
accept: */*

Response DefaultHttpResponse(decodeResult: success, version: HTTP/1.1)
HTTP/1.1 200 OK
Content-Length: 22435
Content-Type: application/json; charset=utf-8
cache-control: no-cache

19:05:10.191 [AsyncHttpClient-1-11] DEBUG org.asynchttpclient.netty.channel.ChannelManager - Adding key: http://localhost:8886 for channel [id: 0x0e5f66ff, L:/127.0.0.1:61618 - R:localhost/127.0.0.1:8886]
19:05:10.193 [Forwarding getCurrentUrl on session 2da1dc332b610c8490221d42b091e279 to remote] DEBUG org.asynchttpclient.netty.request.NettyRequestSender - Using pooled Channel '[id: 0x0e5f66ff, L:/127.0.0.1:61618 - R:localhost/127.0.0.1:8886]' for 'GET' to 'http://localhost:8886/session/2da1dc332b610c8490221d42b091e279/url'
19:05:10.193 [Forwarding getCurrentUrl on session 2da1dc332b610c8490221d42b091e279 to remote] DEBUG org.asynchttpclient.netty.request.NettyRequestSender - Using open Channel [id: 0x0e5f66ff, L:/127.0.0.1:61618 - R:localhost/127.0.0.1:8886] for GET '/session/2da1dc332b610c8490221d42b091e279/url'
19:05:10.197 [AsyncHttpClient-1-11] DEBUG org.asynchttpclient.netty.handler.HttpHandler - 

Request DefaultFullHttpRequest(decodeResult: success, version: HTTP/1.1, content: EmptyByteBufBE)
GET /session/2da1dc332b610c8490221d42b091e279/url HTTP/1.1
User-Agent: selenium/4.8.1 (java windows)
Cache-Control: no-cache
Content-Type: application/json; charset=utf-8
host: localhost:8886
accept: */*

Response DefaultHttpResponse(decodeResult: success, version: HTTP/1.1)
HTTP/1.1 200 OK
Content-Length: 54
Content-Type: application/json; charset=utf-8
cache-control: no-cache

19:05:10.197 [AsyncHttpClient-1-11] DEBUG org.asynchttpclient.netty.channel.ChannelManager - Adding key: http://localhost:8886 for channel [id: 0x0e5f66ff, L:/127.0.0.1:61618 - R:localhost/127.0.0.1:8886]
19:05:10.199 [main] DEBUG net.thucydides.core.steps.StepInterceptor - STARTING STEP: RegisterSteps.inputEmailReg - inputEmailReg
19:05:10.201 [Forwarding findElement on session 2da1dc332b610c8490221d42b091e279 to remote] DEBUG org.asynchttpclient.netty.request.NettyRequestSender - Using pooled Channel '[id: 0x0e5f66ff, L:/127.0.0.1:61618 - R:localhost/127.0.0.1:8886]' for 'POST' to 'http://localhost:8886/session/2da1dc332b610c8490221d42b091e279/element'
19:05:10.201 [Forwarding findElement on session 2da1dc332b610c8490221d42b091e279 to remote] DEBUG org.asynchttpclient.netty.request.NettyRequestSender - Using open Channel [id: 0x0e5f66ff, L:/127.0.0.1:61618 - R:localhost/127.0.0.1:8886] for POST '/session/2da1dc332b610c8490221d42b091e279/element'
19:05:10.212 [AsyncHttpClient-1-11] DEBUG org.asynchttpclient.netty.handler.HttpHandler - 

Request DefaultHttpRequest(decodeResult: success, version: HTTP/1.1)
POST /session/2da1dc332b610c8490221d42b091e279/element HTTP/1.1
User-Agent: selenium/4.8.1 (java windows)
Content-Length: 55
Content-Type: application/json; charset=utf-8
host: localhost:8886
accept: */*

Response DefaultHttpResponse(decodeResult: success, version: HTTP/1.1)
HTTP/1.1 200 OK
Content-Length: 88
Content-Type: application/json; charset=utf-8
cache-control: no-cache

19:05:10.212 [AsyncHttpClient-1-11] DEBUG org.asynchttpclient.netty.channel.ChannelManager - Adding key: http://localhost:8886 for channel [id: 0x0e5f66ff, L:/127.0.0.1:61618 - R:localhost/127.0.0.1:8886]
19:05:10.213 [Forwarding clearElement on session 2da1dc332b610c8490221d42b091e279 to remote] DEBUG org.asynchttpclient.netty.request.NettyRequestSender - Using pooled Channel '[id: 0x0e5f66ff, L:/127.0.0.1:61618 - R:localhost/127.0.0.1:8886]' for 'POST' to 'http://localhost:8886/session/2da1dc332b610c8490221d42b091e279/element/728d1410-3551-4714-90aa-a72d1d317e23/clear'
19:05:10.213 [Forwarding clearElement on session 2da1dc332b610c8490221d42b091e279 to remote] DEBUG org.asynchttpclient.netty.request.NettyRequestSender - Using open Channel [id: 0x0e5f66ff, L:/127.0.0.1:61618 - R:localhost/127.0.0.1:8886] for POST '/session/2da1dc332b610c8490221d42b091e279/element/728d1410-3551-4714-90aa-a72d1d317e23/clear'
19:05:10.237 [AsyncHttpClient-1-1] DEBUG org.asynchttpclient.netty.channel.DefaultChannelPool - Entry count for : http://localhost:61619 : 1
19:05:10.240 [AsyncHttpClient-1-11] DEBUG org.asynchttpclient.netty.handler.HttpHandler - 

Request DefaultHttpRequest(decodeResult: success, version: HTTP/1.1)
POST /session/2da1dc332b610c8490221d42b091e279/element/728d1410-3551-4714-90aa-a72d1d317e23/clear HTTP/1.1
User-Agent: selenium/4.8.1 (java windows)
Content-Length: 50
Content-Type: application/json; charset=utf-8
host: localhost:8886
accept: */*

Response DefaultHttpResponse(decodeResult: success, version: HTTP/1.1)
HTTP/1.1 200 OK
Content-Length: 14
Content-Type: application/json; charset=utf-8
cache-control: no-cache

19:05:10.240 [AsyncHttpClient-1-11] DEBUG org.asynchttpclient.netty.channel.ChannelManager - Adding key: http://localhost:8886 for channel [id: 0x0e5f66ff, L:/127.0.0.1:61618 - R:localhost/127.0.0.1:8886]
19:05:10.241 [Forwarding sendKeysToElement on session 2da1dc332b610c8490221d42b091e279 to remote] DEBUG org.asynchttpclient.netty.request.NettyRequestSender - Using pooled Channel '[id: 0x0e5f66ff, L:/127.0.0.1:61618 - R:localhost/127.0.0.1:8886]' for 'POST' to 'http://localhost:8886/session/2da1dc332b610c8490221d42b091e279/element/728d1410-3551-4714-90aa-a72d1d317e23/value'
19:05:10.241 [Forwarding sendKeysToElement on session 2da1dc332b610c8490221d42b091e279 to remote] DEBUG org.asynchttpclient.netty.request.NettyRequestSender - Using open Channel [id: 0x0e5f66ff, L:/127.0.0.1:61618 - R:localhost/127.0.0.1:8886] for POST '/session/2da1dc332b610c8490221d42b091e279/element/728d1410-3551-4714-90aa-a72d1d317e23/value'
19:05:10.321 [AsyncHttpClient-1-11] DEBUG org.asynchttpclient.netty.handler.HttpHandler - 

Request DefaultHttpRequest(decodeResult: success, version: HTTP/1.1)
POST /session/2da1dc332b610c8490221d42b091e279/element/728d1410-3551-4714-90aa-a72d1d317e23/value HTTP/1.1
User-Agent: selenium/4.8.1 (java windows)
Content-Length: 181
Content-Type: application/json; charset=utf-8
host: localhost:8886
accept: */*

Response DefaultHttpResponse(decodeResult: success, version: HTTP/1.1)
HTTP/1.1 200 OK
Content-Length: 14
Content-Type: application/json; charset=utf-8
cache-control: no-cache

19:05:10.321 [AsyncHttpClient-1-11] DEBUG org.asynchttpclient.netty.channel.ChannelManager - Adding key: http://localhost:8886 for channel [id: 0x0e5f66ff, L:/127.0.0.1:61618 - R:localhost/127.0.0.1:8886]
19:05:10.327 [Forwarding getAlertText on session 2da1dc332b610c8490221d42b091e279 to remote] DEBUG org.asynchttpclient.netty.request.NettyRequestSender - Using pooled Channel '[id: 0x0e5f66ff, L:/127.0.0.1:61618 - R:localhost/127.0.0.1:8886]' for 'GET' to 'http://localhost:8886/session/2da1dc332b610c8490221d42b091e279/alert/text'
19:05:10.327 [Forwarding getAlertText on session 2da1dc332b610c8490221d42b091e279 to remote] DEBUG org.asynchttpclient.netty.request.NettyRequestSender - Using open Channel [id: 0x0e5f66ff, L:/127.0.0.1:61618 - R:localhost/127.0.0.1:8886] for GET '/session/2da1dc332b610c8490221d42b091e279/alert/text'
19:05:10.330 [AsyncHttpClient-1-11] DEBUG org.asynchttpclient.netty.handler.HttpHandler - 

Request DefaultFullHttpRequest(decodeResult: success, version: HTTP/1.1, content: EmptyByteBufBE)
GET /session/2da1dc332b610c8490221d42b091e279/alert/text HTTP/1.1
User-Agent: selenium/4.8.1 (java windows)
Cache-Control: no-cache
Content-Type: application/json; charset=utf-8
host: localhost:8886
accept: */*

Response DefaultHttpResponse(decodeResult: success, version: HTTP/1.1)
HTTP/1.1 404 Not Found
Content-Length: 836
Content-Type: application/json; charset=utf-8
cache-control: no-cache

19:05:10.330 [AsyncHttpClient-1-11] DEBUG org.asynchttpclient.netty.channel.ChannelManager - Adding key: http://localhost:8886 for channel [id: 0x0e5f66ff, L:/127.0.0.1:61618 - R:localhost/127.0.0.1:8886]
19:05:10.332 [Forwarding getCurrentUrl on session 2da1dc332b610c8490221d42b091e279 to remote] DEBUG org.asynchttpclient.netty.request.NettyRequestSender - Using pooled Channel '[id: 0x0e5f66ff, L:/127.0.0.1:61618 - R:localhost/127.0.0.1:8886]' for 'GET' to 'http://localhost:8886/session/2da1dc332b610c8490221d42b091e279/url'
19:05:10.333 [Forwarding getCurrentUrl on session 2da1dc332b610c8490221d42b091e279 to remote] DEBUG org.asynchttpclient.netty.request.NettyRequestSender - Using open Channel [id: 0x0e5f66ff, L:/127.0.0.1:61618 - R:localhost/127.0.0.1:8886] for GET '/session/2da1dc332b610c8490221d42b091e279/url'
19:05:10.339 [AsyncHttpClient-1-11] DEBUG org.asynchttpclient.netty.handler.HttpHandler - 

Request DefaultFullHttpRequest(decodeResult: success, version: HTTP/1.1, content: EmptyByteBufBE)
GET /session/2da1dc332b610c8490221d42b091e279/url HTTP/1.1
User-Agent: selenium/4.8.1 (java windows)
Cache-Control: no-cache
Content-Type: application/json; charset=utf-8
host: localhost:8886
accept: */*

Response DefaultHttpResponse(decodeResult: success, version: HTTP/1.1)
HTTP/1.1 200 OK
Content-Length: 54
Content-Type: application/json; charset=utf-8
cache-control: no-cache

19:05:10.339 [AsyncHttpClient-1-11] DEBUG org.asynchttpclient.netty.channel.ChannelManager - Adding key: http://localhost:8886 for channel [id: 0x0e5f66ff, L:/127.0.0.1:61618 - R:localhost/127.0.0.1:8886]
19:05:10.340 [Forwarding screenshot on session 2da1dc332b610c8490221d42b091e279 to remote] DEBUG org.asynchttpclient.netty.request.NettyRequestSender - Using pooled Channel '[id: 0x0e5f66ff, L:/127.0.0.1:61618 - R:localhost/127.0.0.1:8886]' for 'GET' to 'http://localhost:8886/session/2da1dc332b610c8490221d42b091e279/screenshot'
19:05:10.340 [Forwarding screenshot on session 2da1dc332b610c8490221d42b091e279 to remote] DEBUG org.asynchttpclient.netty.request.NettyRequestSender - Using open Channel [id: 0x0e5f66ff, L:/127.0.0.1:61618 - R:localhost/127.0.0.1:8886] for GET '/session/2da1dc332b610c8490221d42b091e279/screenshot'
19:05:10.440 [AsyncHttpClient-1-11] DEBUG org.asynchttpclient.netty.handler.HttpHandler - 

Request DefaultFullHttpRequest(decodeResult: success, version: HTTP/1.1, content: EmptyByteBufBE)
GET /session/2da1dc332b610c8490221d42b091e279/screenshot HTTP/1.1
User-Agent: selenium/4.8.1 (java windows)
Cache-Control: no-cache
Content-Type: application/json; charset=utf-8
host: localhost:8886
accept: */*

Response DefaultHttpResponse(decodeResult: success, version: HTTP/1.1)
HTTP/1.1 200 OK
Content-Length: 35840
Content-Type: application/json; charset=utf-8
cache-control: no-cache

19:05:10.440 [AsyncHttpClient-1-11] DEBUG org.asynchttpclient.netty.channel.ChannelManager - Adding key: http://localhost:8886 for channel [id: 0x0e5f66ff, L:/127.0.0.1:61618 - R:localhost/127.0.0.1:8886]
19:05:10.441 [main] DEBUG net.serenitybdd.core.photography.Darkroom - Send negative for processing for target\site\serenity\08c4c82f8f3b4049bb92df7246858fe10dd2cbee2f4a8e6ab1f5e7aff83127b3.png
19:05:10.442 [main] DEBUG net.thucydides.core.steps.StepInterceptor - STEP DONE: inputEmailReg
  &amp#27;[32mAnd &amp#27;[0m&amp#27;[32mI input correct email for register&amp#27;[0m       &amp#27;[90m# starter.stepdefinitions.RegisterSteps.inputEmailReg()&amp#27;[0m
19:05:10.442 [Darkroom Processing Line] DEBUG net.serenitybdd.core.photography.DarkroomProcessingLine - Processing screenshot image in /var/screenshots/screenshot-11979767285945557569
19:05:10.442 [Darkroom Processing Line] DEBUG net.serenitybdd.core.photography.DarkroomProcessingLine - Saving screenshot to target\site\serenity\08c4c82f8f3b4049bb92df7246858fe10dd2cbee2f4a8e6ab1f5e7aff83127b3.png
19:05:10.449 [Forwarding getPageSource on session 2da1dc332b610c8490221d42b091e279 to remote] DEBUG org.asynchttpclient.netty.request.NettyRequestSender - Using pooled Channel '[id: 0x0e5f66ff, L:/127.0.0.1:61618 - R:localhost/127.0.0.1:8886]' for 'POST' to 'http://localhost:8886/session/2da1dc332b610c8490221d42b091e279/execute/sync'
19:05:10.449 [Forwarding getPageSource on session 2da1dc332b610c8490221d42b091e279 to remote] DEBUG org.asynchttpclient.netty.request.NettyRequestSender - Using open Channel [id: 0x0e5f66ff, L:/127.0.0.1:61618 - R:localhost/127.0.0.1:8886] for POST '/session/2da1dc332b610c8490221d42b091e279/execute/sync'
19:05:10.454 [AsyncHttpClient-1-11] DEBUG org.asynchttpclient.netty.handler.HttpHandler - 

Request DefaultHttpRequest(decodeResult: success, version: HTTP/1.1)
POST /session/2da1dc332b610c8490221d42b091e279/execute/sync HTTP/1.1
User-Agent: selenium/4.8.1 (java windows)
Content-Length: 176
Content-Type: application/json; charset=utf-8
host: localhost:8886
accept: */*

Response DefaultHttpResponse(decodeResult: success, version: HTTP/1.1)
HTTP/1.1 200 OK
Content-Length: 22494
Content-Type: application/json; charset=utf-8
cache-control: no-cache

19:05:10.455 [AsyncHttpClient-1-11] DEBUG org.asynchttpclient.netty.channel.ChannelManager - Adding key: http://localhost:8886 for channel [id: 0x0e5f66ff, L:/127.0.0.1:61618 - R:localhost/127.0.0.1:8886]
19:05:10.457 [Forwarding getCurrentUrl on session 2da1dc332b610c8490221d42b091e279 to remote] DEBUG org.asynchttpclient.netty.request.NettyRequestSender - Using pooled Channel '[id: 0x0e5f66ff, L:/127.0.0.1:61618 - R:localhost/127.0.0.1:8886]' for 'GET' to 'http://localhost:8886/session/2da1dc332b610c8490221d42b091e279/url'
19:05:10.457 [Forwarding getCurrentUrl on session 2da1dc332b610c8490221d42b091e279 to remote] DEBUG org.asynchttpclient.netty.request.NettyRequestSender - Using open Channel [id: 0x0e5f66ff, L:/127.0.0.1:61618 - R:localhost/127.0.0.1:8886] for GET '/session/2da1dc332b610c8490221d42b091e279/url'
19:05:10.460 [AsyncHttpClient-1-11] DEBUG org.asynchttpclient.netty.handler.HttpHandler - 

Request DefaultFullHttpRequest(decodeResult: success, version: HTTP/1.1, content: EmptyByteBufBE)
GET /session/2da1dc332b610c8490221d42b091e279/url HTTP/1.1
User-Agent: selenium/4.8.1 (java windows)
Cache-Control: no-cache
Content-Type: application/json; charset=utf-8
host: localhost:8886
accept: */*

Response DefaultHttpResponse(decodeResult: success, version: HTTP/1.1)
HTTP/1.1 200 OK
Content-Length: 54
Content-Type: application/json; charset=utf-8
cache-control: no-cache

19:05:10.460 [AsyncHttpClient-1-11] DEBUG org.asynchttpclient.netty.channel.ChannelManager - Adding key: http://localhost:8886 for channel [id: 0x0e5f66ff, L:/127.0.0.1:61618 - R:localhost/127.0.0.1:8886]
19:05:10.467 [Forwarding getPageSource on session 2da1dc332b610c8490221d42b091e279 to remote] DEBUG org.asynchttpclient.netty.request.NettyRequestSender - Using pooled Channel '[id: 0x0e5f66ff, L:/127.0.0.1:61618 - R:localhost/127.0.0.1:8886]' for 'POST' to 'http://localhost:8886/session/2da1dc332b610c8490221d42b091e279/execute/sync'
19:05:10.467 [Forwarding getPageSource on session 2da1dc332b610c8490221d42b091e279 to remote] DEBUG org.asynchttpclient.netty.request.NettyRequestSender - Using open Channel [id: 0x0e5f66ff, L:/127.0.0.1:61618 - R:localhost/127.0.0.1:8886] for POST '/session/2da1dc332b610c8490221d42b091e279/execute/sync'
19:05:10.472 [AsyncHttpClient-1-11] DEBUG org.asynchttpclient.netty.handler.HttpHandler - 

Request DefaultHttpRequest(decodeResult: success, version: HTTP/1.1)
POST /session/2da1dc332b610c8490221d42b091e279/execute/sync HTTP/1.1
User-Agent: selenium/4.8.1 (java windows)
Content-Length: 176
Content-Type: application/json; charset=utf-8
host: localhost:8886
accept: */*

Response DefaultHttpResponse(decodeResult: success, version: HTTP/1.1)
HTTP/1.1 200 OK
Content-Length: 22494
Content-Type: application/json; charset=utf-8
cache-control: no-cache

19:05:10.472 [AsyncHttpClient-1-11] DEBUG org.asynchttpclient.netty.channel.ChannelManager - Adding key: http://localhost:8886 for channel [id: 0x0e5f66ff, L:/127.0.0.1:61618 - R:localhost/127.0.0.1:8886]
19:05:10.474 [Forwarding getCurrentUrl on session 2da1dc332b610c8490221d42b091e279 to remote] DEBUG org.asynchttpclient.netty.request.NettyRequestSender - Using pooled Channel '[id: 0x0e5f66ff, L:/127.0.0.1:61618 - R:localhost/127.0.0.1:8886]' for 'GET' to 'http://localhost:8886/session/2da1dc332b610c8490221d42b091e279/url'
19:05:10.474 [Forwarding getCurrentUrl on session 2da1dc332b610c8490221d42b091e279 to remote] DEBUG org.asynchttpclient.netty.request.NettyRequestSender - Using open Channel [id: 0x0e5f66ff, L:/127.0.0.1:61618 - R:localhost/127.0.0.1:8886] for GET '/session/2da1dc332b610c8490221d42b091e279/url'
19:05:10.477 [AsyncHttpClient-1-11] DEBUG org.asynchttpclient.netty.handler.HttpHandler - 

Request DefaultFullHttpRequest(decodeResult: success, version: HTTP/1.1, content: EmptyByteBufBE)
GET /session/2da1dc332b610c8490221d42b091e279/url HTTP/1.1
User-Agent: selenium/4.8.1 (java windows)
Cache-Control: no-cache
Content-Type: application/json; charset=utf-8
host: localhost:8886
accept: */*

Response DefaultHttpResponse(decodeResult: success, version: HTTP/1.1)
HTTP/1.1 200 OK
Content-Length: 54
Content-Type: application/json; charset=utf-8
cache-control: no-cache

19:05:10.477 [AsyncHttpClient-1-11] DEBUG org.asynchttpclient.netty.channel.ChannelManager - Adding key: http://localhost:8886 for channel [id: 0x0e5f66ff, L:/127.0.0.1:61618 - R:localhost/127.0.0.1:8886]
19:05:10.481 [main] DEBUG net.thucydides.core.steps.StepInterceptor - STARTING STEP: RegisterSteps.inputInvalidPasswordReg - inputPasswordReg
19:05:10.487 [Forwarding findElement on session 2da1dc332b610c8490221d42b091e279 to remote] DEBUG org.asynchttpclient.netty.request.NettyRequestSender - Using pooled Channel '[id: 0x0e5f66ff, L:/127.0.0.1:61618 - R:localhost/127.0.0.1:8886]' for 'POST' to 'http://localhost:8886/session/2da1dc332b610c8490221d42b091e279/element'
19:05:10.487 [Forwarding findElement on session 2da1dc332b610c8490221d42b091e279 to remote] DEBUG org.asynchttpclient.netty.request.NettyRequestSender - Using open Channel [id: 0x0e5f66ff, L:/127.0.0.1:61618 - R:localhost/127.0.0.1:8886] for POST '/session/2da1dc332b610c8490221d42b091e279/element'
19:05:10.507 [AsyncHttpClient-1-11] DEBUG org.asynchttpclient.netty.handler.HttpHandler - 

Request DefaultHttpRequest(decodeResult: success, version: HTTP/1.1)
POST /session/2da1dc332b610c8490221d42b091e279/element HTTP/1.1
User-Agent: selenium/4.8.1 (java windows)
Content-Length: 55
Content-Type: application/json; charset=utf-8
host: localhost:8886
accept: */*

Response DefaultHttpResponse(decodeResult: success, version: HTTP/1.1)
HTTP/1.1 200 OK
Content-Length: 88
Content-Type: application/json; charset=utf-8
cache-control: no-cache

19:05:10.507 [AsyncHttpClient-1-11] DEBUG org.asynchttpclient.netty.channel.ChannelManager - Adding key: http://localhost:8886 for channel [id: 0x0e5f66ff, L:/127.0.0.1:61618 - R:localhost/127.0.0.1:8886]
19:05:10.509 [Forwarding clearElement on session 2da1dc332b610c8490221d42b091e279 to remote] DEBUG org.asynchttpclient.netty.request.NettyRequestSender - Using pooled Channel '[id: 0x0e5f66ff, L:/127.0.0.1:61618 - R:localhost/127.0.0.1:8886]' for 'POST' to 'http://localhost:8886/session/2da1dc332b610c8490221d42b091e279/element/31041eb8-0155-47c1-8068-08146767c387/clear'
19:05:10.509 [Forwarding clearElement on session 2da1dc332b610c8490221d42b091e279 to remote] DEBUG org.asynchttpclient.netty.request.NettyRequestSender - Using open Channel [id: 0x0e5f66ff, L:/127.0.0.1:61618 - R:localhost/127.0.0.1:8886] for POST '/session/2da1dc332b610c8490221d42b091e279/element/31041eb8-0155-47c1-8068-08146767c387/clear'
19:05:10.642 [AsyncHttpClient-1-11] DEBUG org.asynchttpclient.netty.handler.HttpHandler - 

Request DefaultHttpRequest(decodeResult: success, version: HTTP/1.1)
POST /session/2da1dc332b610c8490221d42b091e279/element/31041eb8-0155-47c1-8068-08146767c387/clear HTTP/1.1
User-Agent: selenium/4.8.1 (java windows)
Content-Length: 50
Content-Type: application/json; charset=utf-8
host: localhost:8886
accept: */*

Response DefaultHttpResponse(decodeResult: success, version: HTTP/1.1)
HTTP/1.1 200 OK
Content-Length: 14
Content-Type: application/json; charset=utf-8
cache-control: no-cache

19:05:10.642 [AsyncHttpClient-1-11] DEBUG org.asynchttpclient.netty.channel.ChannelManager - Adding key: http://localhost:8886 for channel [id: 0x0e5f66ff, L:/127.0.0.1:61618 - R:localhost/127.0.0.1:8886]
19:05:10.649 [Forwarding sendKeysToElement on session 2da1dc332b610c8490221d42b091e279 to remote] DEBUG org.asynchttpclient.netty.request.NettyRequestSender - Using pooled Channel '[id: 0x0e5f66ff, L:/127.0.0.1:61618 - R:localhost/127.0.0.1:8886]' for 'POST' to 'http://localhost:8886/session/2da1dc332b610c8490221d42b091e279/element/31041eb8-0155-47c1-8068-08146767c387/value'
19:05:10.649 [Forwarding sendKeysToElement on session 2da1dc332b610c8490221d42b091e279 to remote] DEBUG org.asynchttpclient.netty.request.NettyRequestSender - Using open Channel [id: 0x0e5f66ff, L:/127.0.0.1:61618 - R:localhost/127.0.0.1:8886] for POST '/session/2da1dc332b610c8490221d42b091e279/element/31041eb8-0155-47c1-8068-08146767c387/value'
19:05:10.717 [AsyncHttpClient-1-11] DEBUG org.asynchttpclient.netty.handler.HttpHandler - 

Request DefaultHttpRequest(decodeResult: success, version: HTTP/1.1)
POST /session/2da1dc332b610c8490221d42b091e279/element/31041eb8-0155-47c1-8068-08146767c387/value HTTP/1.1
User-Agent: selenium/4.8.1 (java windows)
Content-Length: 82
Content-Type: application/json; charset=utf-8
host: localhost:8886
accept: */*

Response DefaultHttpResponse(decodeResult: success, version: HTTP/1.1)
HTTP/1.1 200 OK
Content-Length: 14
Content-Type: application/json; charset=utf-8
cache-control: no-cache

19:05:10.717 [AsyncHttpClient-1-11] DEBUG org.asynchttpclient.netty.channel.ChannelManager - Adding key: http://localhost:8886 for channel [id: 0x0e5f66ff, L:/127.0.0.1:61618 - R:localhost/127.0.0.1:8886]
19:05:10.722 [Forwarding getAlertText on session 2da1dc332b610c8490221d42b091e279 to remote] DEBUG org.asynchttpclient.netty.request.NettyRequestSender - Using pooled Channel '[id: 0x0e5f66ff, L:/127.0.0.1:61618 - R:localhost/127.0.0.1:8886]' for 'GET' to 'http://localhost:8886/session/2da1dc332b610c8490221d42b091e279/alert/text'
19:05:10.723 [Forwarding getAlertText on session 2da1dc332b610c8490221d42b091e279 to remote] DEBUG org.asynchttpclient.netty.request.NettyRequestSender - Using open Channel [id: 0x0e5f66ff, L:/127.0.0.1:61618 - R:localhost/127.0.0.1:8886] for GET '/session/2da1dc332b610c8490221d42b091e279/alert/text'
19:05:10.724 [AsyncHttpClient-1-11] DEBUG org.asynchttpclient.netty.handler.HttpHandler - 

Request DefaultFullHttpRequest(decodeResult: success, version: HTTP/1.1, content: EmptyByteBufBE)
GET /session/2da1dc332b610c8490221d42b091e279/alert/text HTTP/1.1
User-Agent: selenium/4.8.1 (java windows)
Cache-Control: no-cache
Content-Type: application/json; charset=utf-8
host: localhost:8886
accept: */*

Response DefaultHttpResponse(decodeResult: success, version: HTTP/1.1)
HTTP/1.1 404 Not Found
Content-Length: 836
Content-Type: application/json; charset=utf-8
cache-control: no-cache

19:05:10.724 [AsyncHttpClient-1-11] DEBUG org.asynchttpclient.netty.channel.ChannelManager - Adding key: http://localhost:8886 for channel [id: 0x0e5f66ff, L:/127.0.0.1:61618 - R:localhost/127.0.0.1:8886]
19:05:10.725 [Forwarding getCurrentUrl on session 2da1dc332b610c8490221d42b091e279 to remote] DEBUG org.asynchttpclient.netty.request.NettyRequestSender - Using pooled Channel '[id: 0x0e5f66ff, L:/127.0.0.1:61618 - R:localhost/127.0.0.1:8886]' for 'GET' to 'http://localhost:8886/session/2da1dc332b610c8490221d42b091e279/url'
19:05:10.725 [Forwarding getCurrentUrl on session 2da1dc332b610c8490221d42b091e279 to remote] DEBUG org.asynchttpclient.netty.request.NettyRequestSender - Using open Channel [id: 0x0e5f66ff, L:/127.0.0.1:61618 - R:localhost/127.0.0.1:8886] for GET '/session/2da1dc332b610c8490221d42b091e279/url'
19:05:10.729 [AsyncHttpClient-1-11] DEBUG org.asynchttpclient.netty.handler.HttpHandler - 

Request DefaultFullHttpRequest(decodeResult: success, version: HTTP/1.1, content: EmptyByteBufBE)
GET /session/2da1dc332b610c8490221d42b091e279/url HTTP/1.1
User-Agent: selenium/4.8.1 (java windows)
Cache-Control: no-cache
Content-Type: application/json; charset=utf-8
host: localhost:8886
accept: */*

Response DefaultHttpResponse(decodeResult: success, version: HTTP/1.1)
HTTP/1.1 200 OK
Content-Length: 54
Content-Type: application/json; charset=utf-8
cache-control: no-cache

19:05:10.729 [AsyncHttpClient-1-11] DEBUG org.asynchttpclient.netty.channel.ChannelManager - Adding key: http://localhost:8886 for channel [id: 0x0e5f66ff, L:/127.0.0.1:61618 - R:localhost/127.0.0.1:8886]
19:05:10.730 [Forwarding screenshot on session 2da1dc332b610c8490221d42b091e279 to remote] DEBUG org.asynchttpclient.netty.request.NettyRequestSender - Using pooled Channel '[id: 0x0e5f66ff, L:/127.0.0.1:61618 - R:localhost/127.0.0.1:8886]' for 'GET' to 'http://localhost:8886/session/2da1dc332b610c8490221d42b091e279/screenshot'
19:05:10.730 [Forwarding screenshot on session 2da1dc332b610c8490221d42b091e279 to remote] DEBUG org.asynchttpclient.netty.request.NettyRequestSender - Using open Channel [id: 0x0e5f66ff, L:/127.0.0.1:61618 - R:localhost/127.0.0.1:8886] for GET '/session/2da1dc332b610c8490221d42b091e279/screenshot'
19:05:10.836 [AsyncHttpClient-1-11] DEBUG org.asynchttpclient.netty.handler.HttpHandler - 

Request DefaultFullHttpRequest(decodeResult: success, version: HTTP/1.1, content: EmptyByteBufBE)
GET /session/2da1dc332b610c8490221d42b091e279/screenshot HTTP/1.1
User-Agent: selenium/4.8.1 (java windows)
Cache-Control: no-cache
Content-Type: application/json; charset=utf-8
host: localhost:8886
accept: */*

Response DefaultHttpResponse(decodeResult: success, version: HTTP/1.1)
HTTP/1.1 200 OK
Content-Length: 35568
Content-Type: application/json; charset=utf-8
cache-control: no-cache

19:05:10.836 [AsyncHttpClient-1-11] DEBUG org.asynchttpclient.netty.channel.ChannelManager - Adding key: http://localhost:8886 for channel [id: 0x0e5f66ff, L:/127.0.0.1:61618 - R:localhost/127.0.0.1:8886]
19:05:10.838 [main] DEBUG net.serenitybdd.core.photography.Darkroom - Send negative for processing for target\site\serenity\d6f5d31df50e3fb3d8e5b3aecc2f3874afa0cd0d93ce0c58b86f509d794e7c5c.png
19:05:10.838 [main] DEBUG net.thucydides.core.steps.StepInterceptor - STEP DONE: inputPasswordReg
19:05:10.838 [Darkroom Processing Line] DEBUG net.serenitybdd.core.photography.DarkroomProcessingLine - Processing screenshot image in /var/screenshots/screenshot-9755018941230044112
  &amp#27;[32mAnd &amp#27;[0m&amp#27;[32mI input nothing in password for register&amp#27;[0m &amp#27;[90m# starter.stepdefinitions.RegisterSteps.inputInvalidPasswordReg()&amp#27;[0m
19:05:10.838 [Darkroom Processing Line] DEBUG net.serenitybdd.core.photography.DarkroomProcessingLine - Saving screenshot to target\site\serenity\d6f5d31df50e3fb3d8e5b3aecc2f3874afa0cd0d93ce0c58b86f509d794e7c5c.png
19:05:10.845 [Forwarding getPageSource on session 2da1dc332b610c8490221d42b091e279 to remote] DEBUG org.asynchttpclient.netty.request.NettyRequestSender - Using pooled Channel '[id: 0x0e5f66ff, L:/127.0.0.1:61618 - R:localhost/127.0.0.1:8886]' for 'POST' to 'http://localhost:8886/session/2da1dc332b610c8490221d42b091e279/execute/sync'
19:05:10.845 [Forwarding getPageSource on session 2da1dc332b610c8490221d42b091e279 to remote] DEBUG org.asynchttpclient.netty.request.NettyRequestSender - Using open Channel [id: 0x0e5f66ff, L:/127.0.0.1:61618 - R:localhost/127.0.0.1:8886] for POST '/session/2da1dc332b610c8490221d42b091e279/execute/sync'
19:05:10.851 [AsyncHttpClient-1-11] DEBUG org.asynchttpclient.netty.handler.HttpHandler - 

Request DefaultHttpRequest(decodeResult: success, version: HTTP/1.1)
POST /session/2da1dc332b610c8490221d42b091e279/execute/sync HTTP/1.1
User-Agent: selenium/4.8.1 (java windows)
Content-Length: 176
Content-Type: application/json; charset=utf-8
host: localhost:8886
accept: */*

Response DefaultHttpResponse(decodeResult: success, version: HTTP/1.1)
HTTP/1.1 200 OK
Content-Length: 22510
Content-Type: application/json; charset=utf-8
cache-control: no-cache

19:05:10.854 [AsyncHttpClient-1-11] DEBUG org.asynchttpclient.netty.channel.ChannelManager - Adding key: http://localhost:8886 for channel [id: 0x0e5f66ff, L:/127.0.0.1:61618 - R:localhost/127.0.0.1:8886]
19:05:10.856 [Forwarding getCurrentUrl on session 2da1dc332b610c8490221d42b091e279 to remote] DEBUG org.asynchttpclient.netty.request.NettyRequestSender - Using pooled Channel '[id: 0x0e5f66ff, L:/127.0.0.1:61618 - R:localhost/127.0.0.1:8886]' for 'GET' to 'http://localhost:8886/session/2da1dc332b610c8490221d42b091e279/url'
19:05:10.856 [Forwarding getCurrentUrl on session 2da1dc332b610c8490221d42b091e279 to remote] DEBUG org.asynchttpclient.netty.request.NettyRequestSender - Using open Channel [id: 0x0e5f66ff, L:/127.0.0.1:61618 - R:localhost/127.0.0.1:8886] for GET '/session/2da1dc332b610c8490221d42b091e279/url'
19:05:10.861 [AsyncHttpClient-1-11] DEBUG org.asynchttpclient.netty.handler.HttpHandler - 

Request DefaultFullHttpRequest(decodeResult: success, version: HTTP/1.1, content: EmptyByteBufBE)
GET /session/2da1dc332b610c8490221d42b091e279/url HTTP/1.1
User-Agent: selenium/4.8.1 (java windows)
Cache-Control: no-cache
Content-Type: application/json; charset=utf-8
host: localhost:8886
accept: */*

Response DefaultHttpResponse(decodeResult: success, version: HTTP/1.1)
HTTP/1.1 200 OK
Content-Length: 54
Content-Type: application/json; charset=utf-8
cache-control: no-cache

19:05:10.862 [AsyncHttpClient-1-11] DEBUG org.asynchttpclient.netty.channel.ChannelManager - Adding key: http://localhost:8886 for channel [id: 0x0e5f66ff, L:/127.0.0.1:61618 - R:localhost/127.0.0.1:8886]
19:05:10.876 [Forwarding getPageSource on session 2da1dc332b610c8490221d42b091e279 to remote] DEBUG org.asynchttpclient.netty.request.NettyRequestSender - Using pooled Channel '[id: 0x0e5f66ff, L:/127.0.0.1:61618 - R:localhost/127.0.0.1:8886]' for 'POST' to 'http://localhost:8886/session/2da1dc332b610c8490221d42b091e279/execute/sync'
19:05:10.876 [Forwarding getPageSource on session 2da1dc332b610c8490221d42b091e279 to remote] DEBUG org.asynchttpclient.netty.request.NettyRequestSender - Using open Channel [id: 0x0e5f66ff, L:/127.0.0.1:61618 - R:localhost/127.0.0.1:8886] for POST '/session/2da1dc332b610c8490221d42b091e279/execute/sync'
19:05:10.881 [AsyncHttpClient-1-11] DEBUG org.asynchttpclient.netty.handler.HttpHandler - 

Request DefaultHttpRequest(decodeResult: success, version: HTTP/1.1)
POST /session/2da1dc332b610c8490221d42b091e279/execute/sync HTTP/1.1
User-Agent: selenium/4.8.1 (java windows)
Content-Length: 176
Content-Type: application/json; charset=utf-8
host: localhost:8886
accept: */*

Response DefaultHttpResponse(decodeResult: success, version: HTTP/1.1)
HTTP/1.1 200 OK
Content-Length: 22510
Content-Type: application/json; charset=utf-8
cache-control: no-cache

19:05:10.881 [AsyncHttpClient-1-11] DEBUG org.asynchttpclient.netty.channel.ChannelManager - Adding key: http://localhost:8886 for channel [id: 0x0e5f66ff, L:/127.0.0.1:61618 - R:localhost/127.0.0.1:8886]
19:05:10.883 [Forwarding getCurrentUrl on session 2da1dc332b610c8490221d42b091e279 to remote] DEBUG org.asynchttpclient.netty.request.NettyRequestSender - Using pooled Channel '[id: 0x0e5f66ff, L:/127.0.0.1:61618 - R:localhost/127.0.0.1:8886]' for 'GET' to 'http://localhost:8886/session/2da1dc332b610c8490221d42b091e279/url'
19:05:10.883 [Forwarding getCurrentUrl on session 2da1dc332b610c8490221d42b091e279 to remote] DEBUG org.asynchttpclient.netty.request.NettyRequestSender - Using open Channel [id: 0x0e5f66ff, L:/127.0.0.1:61618 - R:localhost/127.0.0.1:8886] for GET '/session/2da1dc332b610c8490221d42b091e279/url'
19:05:10.886 [AsyncHttpClient-1-11] DEBUG org.asynchttpclient.netty.handler.HttpHandler - 

Request DefaultFullHttpRequest(decodeResult: success, version: HTTP/1.1, content: EmptyByteBufBE)
GET /session/2da1dc332b610c8490221d42b091e279/url HTTP/1.1
User-Agent: selenium/4.8.1 (java windows)
Cache-Control: no-cache
Content-Type: application/json; charset=utf-8
host: localhost:8886
accept: */*

Response DefaultHttpResponse(decodeResult: success, version: HTTP/1.1)
HTTP/1.1 200 OK
Content-Length: 54
Content-Type: application/json; charset=utf-8
cache-control: no-cache

19:05:10.886 [AsyncHttpClient-1-11] DEBUG org.asynchttpclient.netty.channel.ChannelManager - Adding key: http://localhost:8886 for channel [id: 0x0e5f66ff, L:/127.0.0.1:61618 - R:localhost/127.0.0.1:8886]
19:05:10.888 [main] DEBUG net.thucydides.core.steps.StepInterceptor - STARTING STEP: RegisterSteps.ClickRegisterButton - ClickRegisterButton
19:05:10.891 [Forwarding findElement on session 2da1dc332b610c8490221d42b091e279 to remote] DEBUG org.asynchttpclient.netty.request.NettyRequestSender - Using pooled Channel '[id: 0x0e5f66ff, L:/127.0.0.1:61618 - R:localhost/127.0.0.1:8886]' for 'POST' to 'http://localhost:8886/session/2da1dc332b610c8490221d42b091e279/element'
19:05:10.891 [Forwarding findElement on session 2da1dc332b610c8490221d42b091e279 to remote] DEBUG org.asynchttpclient.netty.request.NettyRequestSender - Using open Channel [id: 0x0e5f66ff, L:/127.0.0.1:61618 - R:localhost/127.0.0.1:8886] for POST '/session/2da1dc332b610c8490221d42b091e279/element'
19:05:10.901 [AsyncHttpClient-1-11] DEBUG org.asynchttpclient.netty.handler.HttpHandler - 

Request DefaultHttpRequest(decodeResult: success, version: HTTP/1.1)
POST /session/2da1dc332b610c8490221d42b091e279/element HTTP/1.1
User-Agent: selenium/4.8.1 (java windows)
Content-Length: 71
Content-Type: application/json; charset=utf-8
host: localhost:8886
accept: */*

Response DefaultHttpResponse(decodeResult: success, version: HTTP/1.1)
HTTP/1.1 200 OK
Content-Length: 88
Content-Type: application/json; charset=utf-8
cache-control: no-cache

19:05:10.902 [AsyncHttpClient-1-11] DEBUG org.asynchttpclient.netty.channel.ChannelManager - Adding key: http://localhost:8886 for channel [id: 0x0e5f66ff, L:/127.0.0.1:61618 - R:localhost/127.0.0.1:8886]
19:05:10.903 [Forwarding getElementTagName on session 2da1dc332b610c8490221d42b091e279 to remote] DEBUG org.asynchttpclient.netty.request.NettyRequestSender - Using pooled Channel '[id: 0x0e5f66ff, L:/127.0.0.1:61618 - R:localhost/127.0.0.1:8886]' for 'GET' to 'http://localhost:8886/session/2da1dc332b610c8490221d42b091e279/element/30f1d6b1-623f-41ae-a9eb-0c878a9e7250/name'
19:05:10.903 [Forwarding getElementTagName on session 2da1dc332b610c8490221d42b091e279 to remote] DEBUG org.asynchttpclient.netty.request.NettyRequestSender - Using open Channel [id: 0x0e5f66ff, L:/127.0.0.1:61618 - R:localhost/127.0.0.1:8886] for GET '/session/2da1dc332b610c8490221d42b091e279/element/30f1d6b1-623f-41ae-a9eb-0c878a9e7250/name'
19:05:10.907 [AsyncHttpClient-1-11] DEBUG org.asynchttpclient.netty.handler.HttpHandler - 

Request DefaultFullHttpRequest(decodeResult: success, version: HTTP/1.1, content: EmptyByteBufBE)
GET /session/2da1dc332b610c8490221d42b091e279/element/30f1d6b1-623f-41ae-a9eb-0c878a9e7250/name HTTP/1.1
User-Agent: selenium/4.8.1 (java windows)
Cache-Control: no-cache
Content-Type: application/json; charset=utf-8
host: localhost:8886
accept: */*

Response DefaultHttpResponse(decodeResult: success, version: HTTP/1.1)
HTTP/1.1 200 OK
Content-Length: 18
Content-Type: application/json; charset=utf-8
cache-control: no-cache

19:05:10.907 [AsyncHttpClient-1-11] DEBUG org.asynchttpclient.netty.channel.ChannelManager - Adding key: http://localhost:8886 for channel [id: 0x0e5f66ff, L:/127.0.0.1:61618 - R:localhost/127.0.0.1:8886]
19:05:10.908 [Forwarding getElementTagName on session 2da1dc332b610c8490221d42b091e279 to remote] DEBUG org.asynchttpclient.netty.request.NettyRequestSender - Using pooled Channel '[id: 0x0e5f66ff, L:/127.0.0.1:61618 - R:localhost/127.0.0.1:8886]' for 'GET' to 'http://localhost:8886/session/2da1dc332b610c8490221d42b091e279/element/30f1d6b1-623f-41ae-a9eb-0c878a9e7250/name'
19:05:10.908 [Forwarding getElementTagName on session 2da1dc332b610c8490221d42b091e279 to remote] DEBUG org.asynchttpclient.netty.request.NettyRequestSender - Using open Channel [id: 0x0e5f66ff, L:/127.0.0.1:61618 - R:localhost/127.0.0.1:8886] for GET '/session/2da1dc332b610c8490221d42b091e279/element/30f1d6b1-623f-41ae-a9eb-0c878a9e7250/name'
19:05:10.912 [AsyncHttpClient-1-11] DEBUG org.asynchttpclient.netty.handler.HttpHandler - 

Request DefaultFullHttpRequest(decodeResult: success, version: HTTP/1.1, content: EmptyByteBufBE)
GET /session/2da1dc332b610c8490221d42b091e279/element/30f1d6b1-623f-41ae-a9eb-0c878a9e7250/name HTTP/1.1
User-Agent: selenium/4.8.1 (java windows)
Cache-Control: no-cache
Content-Type: application/json; charset=utf-8
host: localhost:8886
accept: */*

Response DefaultHttpResponse(decodeResult: success, version: HTTP/1.1)
HTTP/1.1 200 OK
Content-Length: 18
Content-Type: application/json; charset=utf-8
cache-control: no-cache

19:05:10.912 [AsyncHttpClient-1-11] DEBUG org.asynchttpclient.netty.channel.ChannelManager - Adding key: http://localhost:8886 for channel [id: 0x0e5f66ff, L:/127.0.0.1:61618 - R:localhost/127.0.0.1:8886]
19:05:10.914 [Forwarding isElementEnabled on session 2da1dc332b610c8490221d42b091e279 to remote] DEBUG org.asynchttpclient.netty.request.NettyRequestSender - Using pooled Channel '[id: 0x0e5f66ff, L:/127.0.0.1:61618 - R:localhost/127.0.0.1:8886]' for 'GET' to 'http://localhost:8886/session/2da1dc332b610c8490221d42b091e279/element/30f1d6b1-623f-41ae-a9eb-0c878a9e7250/enabled'
19:05:10.914 [Forwarding isElementEnabled on session 2da1dc332b610c8490221d42b091e279 to remote] DEBUG org.asynchttpclient.netty.request.NettyRequestSender - Using open Channel [id: 0x0e5f66ff, L:/127.0.0.1:61618 - R:localhost/127.0.0.1:8886] for GET '/session/2da1dc332b610c8490221d42b091e279/element/30f1d6b1-623f-41ae-a9eb-0c878a9e7250/enabled'
19:05:10.921 [AsyncHttpClient-1-11] DEBUG org.asynchttpclient.netty.handler.HttpHandler - 

Request DefaultFullHttpRequest(decodeResult: success, version: HTTP/1.1, content: EmptyByteBufBE)
GET /session/2da1dc332b610c8490221d42b091e279/element/30f1d6b1-623f-41ae-a9eb-0c878a9e7250/enabled HTTP/1.1
User-Agent: selenium/4.8.1 (java windows)
Cache-Control: no-cache
Content-Type: application/json; charset=utf-8
host: localhost:8886
accept: */*

Response DefaultHttpResponse(decodeResult: success, version: HTTP/1.1)
HTTP/1.1 200 OK
Content-Length: 14
Content-Type: application/json; charset=utf-8
cache-control: no-cache

19:05:10.922 [AsyncHttpClient-1-11] DEBUG org.asynchttpclient.netty.channel.ChannelManager - Adding key: http://localhost:8886 for channel [id: 0x0e5f66ff, L:/127.0.0.1:61618 - R:localhost/127.0.0.1:8886]
19:05:10.922 [Forwarding isElementEnabled on session 2da1dc332b610c8490221d42b091e279 to remote] DEBUG org.asynchttpclient.netty.request.NettyRequestSender - Using pooled Channel '[id: 0x0e5f66ff, L:/127.0.0.1:61618 - R:localhost/127.0.0.1:8886]' for 'GET' to 'http://localhost:8886/session/2da1dc332b610c8490221d42b091e279/element/30f1d6b1-623f-41ae-a9eb-0c878a9e7250/enabled'
19:05:10.922 [Forwarding isElementEnabled on session 2da1dc332b610c8490221d42b091e279 to remote] DEBUG org.asynchttpclient.netty.request.NettyRequestSender - Using open Channel [id: 0x0e5f66ff, L:/127.0.0.1:61618 - R:localhost/127.0.0.1:8886] for GET '/session/2da1dc332b610c8490221d42b091e279/element/30f1d6b1-623f-41ae-a9eb-0c878a9e7250/enabled'
19:05:10.927 [AsyncHttpClient-1-11] DEBUG org.asynchttpclient.netty.handler.HttpHandler - 

Request DefaultFullHttpRequest(decodeResult: success, version: HTTP/1.1, content: EmptyByteBufBE)
GET /session/2da1dc332b610c8490221d42b091e279/element/30f1d6b1-623f-41ae-a9eb-0c878a9e7250/enabled HTTP/1.1
User-Agent: selenium/4.8.1 (java windows)
Cache-Control: no-cache
Content-Type: application/json; charset=utf-8
host: localhost:8886
accept: */*

Response DefaultHttpResponse(decodeResult: success, version: HTTP/1.1)
HTTP/1.1 200 OK
Content-Length: 14
Content-Type: application/json; charset=utf-8
cache-control: no-cache

19:05:10.927 [AsyncHttpClient-1-11] DEBUG org.asynchttpclient.netty.channel.ChannelManager - Adding key: http://localhost:8886 for channel [id: 0x0e5f66ff, L:/127.0.0.1:61618 - R:localhost/127.0.0.1:8886]
19:05:10.928 [Forwarding findElement on session 2da1dc332b610c8490221d42b091e279 to remote] DEBUG org.asynchttpclient.netty.request.NettyRequestSender - Using pooled Channel '[id: 0x0e5f66ff, L:/127.0.0.1:61618 - R:localhost/127.0.0.1:8886]' for 'POST' to 'http://localhost:8886/session/2da1dc332b610c8490221d42b091e279/element'
19:05:10.928 [Forwarding findElement on session 2da1dc332b610c8490221d42b091e279 to remote] DEBUG org.asynchttpclient.netty.request.NettyRequestSender - Using open Channel [id: 0x0e5f66ff, L:/127.0.0.1:61618 - R:localhost/127.0.0.1:8886] for POST '/session/2da1dc332b610c8490221d42b091e279/element'
19:05:10.934 [AsyncHttpClient-1-11] DEBUG org.asynchttpclient.netty.handler.HttpHandler - 

Request DefaultHttpRequest(decodeResult: success, version: HTTP/1.1)
POST /session/2da1dc332b610c8490221d42b091e279/element HTTP/1.1
User-Agent: selenium/4.8.1 (java windows)
Content-Length: 71
Content-Type: application/json; charset=utf-8
host: localhost:8886
accept: */*

Response DefaultHttpResponse(decodeResult: success, version: HTTP/1.1)
HTTP/1.1 200 OK
Content-Length: 88
Content-Type: application/json; charset=utf-8
cache-control: no-cache

19:05:10.934 [AsyncHttpClient-1-11] DEBUG org.asynchttpclient.netty.channel.ChannelManager - Adding key: http://localhost:8886 for channel [id: 0x0e5f66ff, L:/127.0.0.1:61618 - R:localhost/127.0.0.1:8886]
19:05:10.935 [Forwarding clickElement on session 2da1dc332b610c8490221d42b091e279 to remote] DEBUG org.asynchttpclient.netty.request.NettyRequestSender - Using pooled Channel '[id: 0x0e5f66ff, L:/127.0.0.1:61618 - R:localhost/127.0.0.1:8886]' for 'POST' to 'http://localhost:8886/session/2da1dc332b610c8490221d42b091e279/element/30f1d6b1-623f-41ae-a9eb-0c878a9e7250/click'
19:05:10.935 [Forwarding clickElement on session 2da1dc332b610c8490221d42b091e279 to remote] DEBUG org.asynchttpclient.netty.request.NettyRequestSender - Using open Channel [id: 0x0e5f66ff, L:/127.0.0.1:61618 - R:localhost/127.0.0.1:8886] for POST '/session/2da1dc332b610c8490221d42b091e279/element/30f1d6b1-623f-41ae-a9eb-0c878a9e7250/click'
19:05:10.970 [AsyncHttpClient-1-11] DEBUG org.asynchttpclient.netty.handler.HttpHandler - 

Request DefaultHttpRequest(decodeResult: success, version: HTTP/1.1)
POST /session/2da1dc332b610c8490221d42b091e279/element/30f1d6b1-623f-41ae-a9eb-0c878a9e7250/click HTTP/1.1
User-Agent: selenium/4.8.1 (java windows)
Content-Length: 50
Content-Type: application/json; charset=utf-8
host: localhost:8886
accept: */*

Response DefaultHttpResponse(decodeResult: success, version: HTTP/1.1)
HTTP/1.1 200 OK
Content-Length: 14
Content-Type: application/json; charset=utf-8
cache-control: no-cache

19:05:10.970 [AsyncHttpClient-1-11] DEBUG org.asynchttpclient.netty.channel.ChannelManager - Adding key: http://localhost:8886 for channel [id: 0x0e5f66ff, L:/127.0.0.1:61618 - R:localhost/127.0.0.1:8886]
19:05:10.975 [Forwarding getAlertText on session 2da1dc332b610c8490221d42b091e279 to remote] DEBUG org.asynchttpclient.netty.request.NettyRequestSender - Using pooled Channel '[id: 0x0e5f66ff, L:/127.0.0.1:61618 - R:localhost/127.0.0.1:8886]' for 'GET' to 'http://localhost:8886/session/2da1dc332b610c8490221d42b091e279/alert/text'
19:05:10.976 [Forwarding getAlertText on session 2da1dc332b610c8490221d42b091e279 to remote] DEBUG org.asynchttpclient.netty.request.NettyRequestSender - Using open Channel [id: 0x0e5f66ff, L:/127.0.0.1:61618 - R:localhost/127.0.0.1:8886] for GET '/session/2da1dc332b610c8490221d42b091e279/alert/text'
19:05:10.977 [AsyncHttpClient-1-11] DEBUG org.asynchttpclient.netty.handler.HttpHandler - 

Request DefaultFullHttpRequest(decodeResult: success, version: HTTP/1.1, content: EmptyByteBufBE)
GET /session/2da1dc332b610c8490221d42b091e279/alert/text HTTP/1.1
User-Agent: selenium/4.8.1 (java windows)
Cache-Control: no-cache
Content-Type: application/json; charset=utf-8
host: localhost:8886
accept: */*

Response DefaultHttpResponse(decodeResult: success, version: HTTP/1.1)
HTTP/1.1 404 Not Found
Content-Length: 836
Content-Type: application/json; charset=utf-8
cache-control: no-cache

19:05:10.977 [AsyncHttpClient-1-11] DEBUG org.asynchttpclient.netty.channel.ChannelManager - Adding key: http://localhost:8886 for channel [id: 0x0e5f66ff, L:/127.0.0.1:61618 - R:localhost/127.0.0.1:8886]
19:05:10.978 [Forwarding getCurrentUrl on session 2da1dc332b610c8490221d42b091e279 to remote] DEBUG org.asynchttpclient.netty.request.NettyRequestSender - Using pooled Channel '[id: 0x0e5f66ff, L:/127.0.0.1:61618 - R:localhost/127.0.0.1:8886]' for 'GET' to 'http://localhost:8886/session/2da1dc332b610c8490221d42b091e279/url'
19:05:10.978 [Forwarding getCurrentUrl on session 2da1dc332b610c8490221d42b091e279 to remote] DEBUG org.asynchttpclient.netty.request.NettyRequestSender - Using open Channel [id: 0x0e5f66ff, L:/127.0.0.1:61618 - R:localhost/127.0.0.1:8886] for GET '/session/2da1dc332b610c8490221d42b091e279/url'
19:05:10.983 [AsyncHttpClient-1-11] DEBUG org.asynchttpclient.netty.handler.HttpHandler - 

Request DefaultFullHttpRequest(decodeResult: success, version: HTTP/1.1, content: EmptyByteBufBE)
GET /session/2da1dc332b610c8490221d42b091e279/url HTTP/1.1
User-Agent: selenium/4.8.1 (java windows)
Cache-Control: no-cache
Content-Type: application/json; charset=utf-8
host: localhost:8886
accept: */*

Response DefaultHttpResponse(decodeResult: success, version: HTTP/1.1)
HTTP/1.1 200 OK
Content-Length: 54
Content-Type: application/json; charset=utf-8
cache-control: no-cache

19:05:10.983 [AsyncHttpClient-1-11] DEBUG org.asynchttpclient.netty.channel.ChannelManager - Adding key: http://localhost:8886 for channel [id: 0x0e5f66ff, L:/127.0.0.1:61618 - R:localhost/127.0.0.1:8886]
19:05:10.984 [Forwarding screenshot on session 2da1dc332b610c8490221d42b091e279 to remote] DEBUG org.asynchttpclient.netty.request.NettyRequestSender - Using pooled Channel '[id: 0x0e5f66ff, L:/127.0.0.1:61618 - R:localhost/127.0.0.1:8886]' for 'GET' to 'http://localhost:8886/session/2da1dc332b610c8490221d42b091e279/screenshot'
19:05:10.984 [Forwarding screenshot on session 2da1dc332b610c8490221d42b091e279 to remote] DEBUG org.asynchttpclient.netty.request.NettyRequestSender - Using open Channel [id: 0x0e5f66ff, L:/127.0.0.1:61618 - R:localhost/127.0.0.1:8886] for GET '/session/2da1dc332b610c8490221d42b091e279/screenshot'
19:05:11.092 [AsyncHttpClient-1-11] DEBUG org.asynchttpclient.netty.handler.HttpHandler - 

Request DefaultFullHttpRequest(decodeResult: success, version: HTTP/1.1, content: EmptyByteBufBE)
GET /session/2da1dc332b610c8490221d42b091e279/screenshot HTTP/1.1
User-Agent: selenium/4.8.1 (java windows)
Cache-Control: no-cache
Content-Type: application/json; charset=utf-8
host: localhost:8886
accept: */*

Response DefaultHttpResponse(decodeResult: success, version: HTTP/1.1)
HTTP/1.1 200 OK
Content-Length: 35608
Content-Type: application/json; charset=utf-8
cache-control: no-cache

19:05:11.093 [AsyncHttpClient-1-11] DEBUG org.asynchttpclient.netty.channel.ChannelManager - Adding key: http://localhost:8886 for channel [id: 0x0e5f66ff, L:/127.0.0.1:61618 - R:localhost/127.0.0.1:8886]
19:05:11.095 [main] DEBUG net.serenitybdd.core.photography.Darkroom - Send negative for processing for target\site\serenity\c0cd9dd827286e026746d492a6a1093b4df43ea4408169c3dd713c82c9e8d321.png
19:05:11.095 [main] DEBUG net.thucydides.core.steps.StepInterceptor - STEP DONE: ClickRegisterButton
19:05:11.095 [Darkroom Processing Line] DEBUG net.serenitybdd.core.photography.DarkroomProcessingLine - Processing screenshot image in /var/screenshots/screenshot-11632953448281498311
19:05:11.096 [Darkroom Processing Line] DEBUG net.serenitybdd.core.photography.DarkroomProcessingLine - Saving screenshot to target\site\serenity\c0cd9dd827286e026746d492a6a1093b4df43ea4408169c3dd713c82c9e8d321.png
  &amp#27;[32mWhen &amp#27;[0m&amp#27;[32mI click on the register button&amp#27;[0m          &amp#27;[90m# starter.stepdefinitions.RegisterSteps.ClickRegisterButton()&amp#27;[0m
19:05:11.103 [Forwarding getPageSource on session 2da1dc332b610c8490221d42b091e279 to remote] DEBUG org.asynchttpclient.netty.request.NettyRequestSender - Using pooled Channel '[id: 0x0e5f66ff, L:/127.0.0.1:61618 - R:localhost/127.0.0.1:8886]' for 'POST' to 'http://localhost:8886/session/2da1dc332b610c8490221d42b091e279/execute/sync'
19:05:11.103 [Forwarding getPageSource on session 2da1dc332b610c8490221d42b091e279 to remote] DEBUG org.asynchttpclient.netty.request.NettyRequestSender - Using open Channel [id: 0x0e5f66ff, L:/127.0.0.1:61618 - R:localhost/127.0.0.1:8886] for POST '/session/2da1dc332b610c8490221d42b091e279/execute/sync'
19:05:11.110 [AsyncHttpClient-1-11] DEBUG org.asynchttpclient.netty.handler.HttpHandler - 

Request DefaultHttpRequest(decodeResult: success, version: HTTP/1.1)
POST /session/2da1dc332b610c8490221d42b091e279/execute/sync HTTP/1.1
User-Agent: selenium/4.8.1 (java windows)
Content-Length: 176
Content-Type: application/json; charset=utf-8
host: localhost:8886
accept: */*

Response DefaultHttpResponse(decodeResult: success, version: HTTP/1.1)
HTTP/1.1 200 OK
Content-Length: 22774
Content-Type: application/json; charset=utf-8
cache-control: no-cache

19:05:11.110 [AsyncHttpClient-1-11] DEBUG org.asynchttpclient.netty.channel.ChannelManager - Adding key: http://localhost:8886 for channel [id: 0x0e5f66ff, L:/127.0.0.1:61618 - R:localhost/127.0.0.1:8886]
19:05:11.112 [Forwarding getCurrentUrl on session 2da1dc332b610c8490221d42b091e279 to remote] DEBUG org.asynchttpclient.netty.request.NettyRequestSender - Using pooled Channel '[id: 0x0e5f66ff, L:/127.0.0.1:61618 - R:localhost/127.0.0.1:8886]' for 'GET' to 'http://localhost:8886/session/2da1dc332b610c8490221d42b091e279/url'
19:05:11.112 [Forwarding getCurrentUrl on session 2da1dc332b610c8490221d42b091e279 to remote] DEBUG org.asynchttpclient.netty.request.NettyRequestSender - Using open Channel [id: 0x0e5f66ff, L:/127.0.0.1:61618 - R:localhost/127.0.0.1:8886] for GET '/session/2da1dc332b610c8490221d42b091e279/url'
19:05:11.115 [AsyncHttpClient-1-11] DEBUG org.asynchttpclient.netty.handler.HttpHandler - 

Request DefaultFullHttpRequest(decodeResult: success, version: HTTP/1.1, content: EmptyByteBufBE)
GET /session/2da1dc332b610c8490221d42b091e279/url HTTP/1.1
User-Agent: selenium/4.8.1 (java windows)
Cache-Control: no-cache
Content-Type: application/json; charset=utf-8
host: localhost:8886
accept: */*

Response DefaultHttpResponse(decodeResult: success, version: HTTP/1.1)
HTTP/1.1 200 OK
Content-Length: 54
Content-Type: application/json; charset=utf-8
cache-control: no-cache

19:05:11.115 [AsyncHttpClient-1-11] DEBUG org.asynchttpclient.netty.channel.ChannelManager - Adding key: http://localhost:8886 for channel [id: 0x0e5f66ff, L:/127.0.0.1:61618 - R:localhost/127.0.0.1:8886]
19:05:11.122 [Forwarding getPageSource on session 2da1dc332b610c8490221d42b091e279 to remote] DEBUG org.asynchttpclient.netty.request.NettyRequestSender - Using pooled Channel '[id: 0x0e5f66ff, L:/127.0.0.1:61618 - R:localhost/127.0.0.1:8886]' for 'POST' to 'http://localhost:8886/session/2da1dc332b610c8490221d42b091e279/execute/sync'
19:05:11.122 [Forwarding getPageSource on session 2da1dc332b610c8490221d42b091e279 to remote] DEBUG org.asynchttpclient.netty.request.NettyRequestSender - Using open Channel [id: 0x0e5f66ff, L:/127.0.0.1:61618 - R:localhost/127.0.0.1:8886] for POST '/session/2da1dc332b610c8490221d42b091e279/execute/sync'
19:05:11.131 [AsyncHttpClient-1-11] DEBUG org.asynchttpclient.netty.handler.HttpHandler - 

Request DefaultHttpRequest(decodeResult: success, version: HTTP/1.1)
POST /session/2da1dc332b610c8490221d42b091e279/execute/sync HTTP/1.1
User-Agent: selenium/4.8.1 (java windows)
Content-Length: 176
Content-Type: application/json; charset=utf-8
host: localhost:8886
accept: */*

Response DefaultHttpResponse(decodeResult: success, version: HTTP/1.1)
HTTP/1.1 200 OK
Content-Length: 22774
Content-Type: application/json; charset=utf-8
cache-control: no-cache

19:05:11.131 [AsyncHttpClient-1-11] DEBUG org.asynchttpclient.netty.channel.ChannelManager - Adding key: http://localhost:8886 for channel [id: 0x0e5f66ff, L:/127.0.0.1:61618 - R:localhost/127.0.0.1:8886]
19:05:11.133 [Forwarding getCurrentUrl on session 2da1dc332b610c8490221d42b091e279 to remote] DEBUG org.asynchttpclient.netty.request.NettyRequestSender - Using pooled Channel '[id: 0x0e5f66ff, L:/127.0.0.1:61618 - R:localhost/127.0.0.1:8886]' for 'GET' to 'http://localhost:8886/session/2da1dc332b610c8490221d42b091e279/url'
19:05:11.133 [Forwarding getCurrentUrl on session 2da1dc332b610c8490221d42b091e279 to remote] DEBUG org.asynchttpclient.netty.request.NettyRequestSender - Using open Channel [id: 0x0e5f66ff, L:/127.0.0.1:61618 - R:localhost/127.0.0.1:8886] for GET '/session/2da1dc332b610c8490221d42b091e279/url'
19:05:11.136 [AsyncHttpClient-1-11] DEBUG org.asynchttpclient.netty.handler.HttpHandler - 

Request DefaultFullHttpRequest(decodeResult: success, version: HTTP/1.1, content: EmptyByteBufBE)
GET /session/2da1dc332b610c8490221d42b091e279/url HTTP/1.1
User-Agent: selenium/4.8.1 (java windows)
Cache-Control: no-cache
Content-Type: application/json; charset=utf-8
host: localhost:8886
accept: */*

Response DefaultHttpResponse(decodeResult: success, version: HTTP/1.1)
HTTP/1.1 200 OK
Content-Length: 54
Content-Type: application/json; charset=utf-8
cache-control: no-cache

19:05:11.136 [AsyncHttpClient-1-11] DEBUG org.asynchttpclient.netty.channel.ChannelManager - Adding key: http://localhost:8886 for channel [id: 0x0e5f66ff, L:/127.0.0.1:61618 - R:localhost/127.0.0.1:8886]
19:05:11.139 [main] DEBUG net.thucydides.core.steps.StepInterceptor - STARTING STEP: LoginSteps.alertContent - incorrectAlert
19:05:11.141 [Forwarding findElement on session 2da1dc332b610c8490221d42b091e279 to remote] DEBUG org.asynchttpclient.netty.request.NettyRequestSender - Using pooled Channel '[id: 0x0e5f66ff, L:/127.0.0.1:61618 - R:localhost/127.0.0.1:8886]' for 'POST' to 'http://localhost:8886/session/2da1dc332b610c8490221d42b091e279/element'
19:05:11.141 [Forwarding findElement on session 2da1dc332b610c8490221d42b091e279 to remote] DEBUG org.asynchttpclient.netty.request.NettyRequestSender - Using open Channel [id: 0x0e5f66ff, L:/127.0.0.1:61618 - R:localhost/127.0.0.1:8886] for POST '/session/2da1dc332b610c8490221d42b091e279/element'
19:05:11.329 [AsyncHttpClient-1-1] DEBUG org.asynchttpclient.netty.channel.DefaultChannelPool - Entry count for : http://localhost:61619 : 1
19:05:12.193 [AsyncHttpClient-1-11] DEBUG org.asynchttpclient.netty.handler.HttpHandler - 

Request DefaultHttpRequest(decodeResult: success, version: HTTP/1.1)
POST /session/2da1dc332b610c8490221d42b091e279/element HTTP/1.1
User-Agent: selenium/4.8.1 (java windows)
Content-Length: 54
Content-Type: application/json; charset=utf-8
host: localhost:8886
accept: */*

Response DefaultHttpResponse(decodeResult: success, version: HTTP/1.1)
HTTP/1.1 200 OK
Content-Length: 88
Content-Type: application/json; charset=utf-8
cache-control: no-cache

19:05:12.193 [AsyncHttpClient-1-11] DEBUG org.asynchttpclient.netty.channel.ChannelManager - Adding key: http://localhost:8886 for channel [id: 0x0e5f66ff, L:/127.0.0.1:61618 - R:localhost/127.0.0.1:8886]
19:05:12.196 [Forwarding isElementDisplayed on session 2da1dc332b610c8490221d42b091e279 to remote] DEBUG org.asynchttpclient.netty.request.NettyRequestSender - Using pooled Channel '[id: 0x0e5f66ff, L:/127.0.0.1:61618 - R:localhost/127.0.0.1:8886]' for 'POST' to 'http://localhost:8886/session/2da1dc332b610c8490221d42b091e279/execute/sync'
19:05:12.196 [Forwarding isElementDisplayed on session 2da1dc332b610c8490221d42b091e279 to remote] DEBUG org.asynchttpclient.netty.request.NettyRequestSender - Using open Channel [id: 0x0e5f66ff, L:/127.0.0.1:61618 - R:localhost/127.0.0.1:8886] for POST '/session/2da1dc332b610c8490221d42b091e279/execute/sync'
19:05:12.207 [AsyncHttpClient-1-11] DEBUG org.asynchttpclient.netty.handler.HttpHandler - 

Request DefaultHttpRequest(decodeResult: success, version: HTTP/1.1)
POST /session/2da1dc332b610c8490221d42b091e279/execute/sync HTTP/1.1
User-Agent: selenium/4.8.1 (java windows)
Content-Length: 48807
Content-Type: application/json; charset=utf-8
host: localhost:8886
accept: */*

Response DefaultHttpResponse(decodeResult: success, version: HTTP/1.1)
HTTP/1.1 200 OK
Content-Length: 14
Content-Type: application/json; charset=utf-8
cache-control: no-cache

19:05:12.207 [AsyncHttpClient-1-11] DEBUG org.asynchttpclient.netty.channel.ChannelManager - Adding key: http://localhost:8886 for channel [id: 0x0e5f66ff, L:/127.0.0.1:61618 - R:localhost/127.0.0.1:8886]
19:05:12.210 [Forwarding getAlertText on session 2da1dc332b610c8490221d42b091e279 to remote] DEBUG org.asynchttpclient.netty.request.NettyRequestSender - Using pooled Channel '[id: 0x0e5f66ff, L:/127.0.0.1:61618 - R:localhost/127.0.0.1:8886]' for 'GET' to 'http://localhost:8886/session/2da1dc332b610c8490221d42b091e279/alert/text'
19:05:12.210 [Forwarding getAlertText on session 2da1dc332b610c8490221d42b091e279 to remote] DEBUG org.asynchttpclient.netty.request.NettyRequestSender - Using open Channel [id: 0x0e5f66ff, L:/127.0.0.1:61618 - R:localhost/127.0.0.1:8886] for GET '/session/2da1dc332b610c8490221d42b091e279/alert/text'
19:05:12.211 [AsyncHttpClient-1-11] DEBUG org.asynchttpclient.netty.handler.HttpHandler - 

Request DefaultFullHttpRequest(decodeResult: success, version: HTTP/1.1, content: EmptyByteBufBE)
GET /session/2da1dc332b610c8490221d42b091e279/alert/text HTTP/1.1
User-Agent: selenium/4.8.1 (java windows)
Cache-Control: no-cache
Content-Type: application/json; charset=utf-8
host: localhost:8886
accept: */*

Response DefaultHttpResponse(decodeResult: success, version: HTTP/1.1)
HTTP/1.1 404 Not Found
Content-Length: 836
Content-Type: application/json; charset=utf-8
cache-control: no-cache

19:05:12.211 [AsyncHttpClient-1-11] DEBUG org.asynchttpclient.netty.channel.ChannelManager - Adding key: http://localhost:8886 for channel [id: 0x0e5f66ff, L:/127.0.0.1:61618 - R:localhost/127.0.0.1:8886]
19:05:12.212 [Forwarding getCurrentUrl on session 2da1dc332b610c8490221d42b091e279 to remote] DEBUG org.asynchttpclient.netty.request.NettyRequestSender - Using pooled Channel '[id: 0x0e5f66ff, L:/127.0.0.1:61618 - R:localhost/127.0.0.1:8886]' for 'GET' to 'http://localhost:8886/session/2da1dc332b610c8490221d42b091e279/url'
19:05:12.212 [Forwarding getCurrentUrl on session 2da1dc332b610c8490221d42b091e279 to remote] DEBUG org.asynchttpclient.netty.request.NettyRequestSender - Using open Channel [id: 0x0e5f66ff, L:/127.0.0.1:61618 - R:localhost/127.0.0.1:8886] for GET '/session/2da1dc332b610c8490221d42b091e279/url'
19:05:12.214 [AsyncHttpClient-1-11] DEBUG org.asynchttpclient.netty.handler.HttpHandler - 

Request DefaultFullHttpRequest(decodeResult: success, version: HTTP/1.1, content: EmptyByteBufBE)
GET /session/2da1dc332b610c8490221d42b091e279/url HTTP/1.1
User-Agent: selenium/4.8.1 (java windows)
Cache-Control: no-cache
Content-Type: application/json; charset=utf-8
host: localhost:8886
accept: */*

Response DefaultHttpResponse(decodeResult: success, version: HTTP/1.1)
HTTP/1.1 200 OK
Content-Length: 54
Content-Type: application/json; charset=utf-8
cache-control: no-cache

19:05:12.214 [AsyncHttpClient-1-11] DEBUG org.asynchttpclient.netty.channel.ChannelManager - Adding key: http://localhost:8886 for channel [id: 0x0e5f66ff, L:/127.0.0.1:61618 - R:localhost/127.0.0.1:8886]
19:05:12.215 [Forwarding screenshot on session 2da1dc332b610c8490221d42b091e279 to remote] DEBUG org.asynchttpclient.netty.request.NettyRequestSender - Using pooled Channel '[id: 0x0e5f66ff, L:/127.0.0.1:61618 - R:localhost/127.0.0.1:8886]' for 'GET' to 'http://localhost:8886/session/2da1dc332b610c8490221d42b091e279/screenshot'
19:05:12.215 [Forwarding screenshot on session 2da1dc332b610c8490221d42b091e279 to remote] DEBUG org.asynchttpclient.netty.request.NettyRequestSender - Using open Channel [id: 0x0e5f66ff, L:/127.0.0.1:61618 - R:localhost/127.0.0.1:8886] for GET '/session/2da1dc332b610c8490221d42b091e279/screenshot'
19:05:12.425 [AsyncHttpClient-1-11] DEBUG org.asynchttpclient.netty.handler.HttpHandler - 

Request DefaultFullHttpRequest(decodeResult: success, version: HTTP/1.1, content: EmptyByteBufBE)
GET /session/2da1dc332b610c8490221d42b091e279/screenshot HTTP/1.1
User-Agent: selenium/4.8.1 (java windows)
Cache-Control: no-cache
Content-Type: application/json; charset=utf-8
host: localhost:8886
accept: */*

Response DefaultHttpResponse(decodeResult: success, version: HTTP/1.1)
HTTP/1.1 200 OK
Content-Length: 36720
Content-Type: application/json; charset=utf-8
cache-control: no-cache

19:05:12.425 [AsyncHttpClient-1-11] DEBUG org.asynchttpclient.netty.channel.ChannelManager - Adding key: http://localhost:8886 for channel [id: 0x0e5f66ff, L:/127.0.0.1:61618 - R:localhost/127.0.0.1:8886]
19:05:12.428 [main] DEBUG net.serenitybdd.core.photography.Darkroom - Send negative for processing for target\site\serenity\5a5db4771a87fa30e29b763a8b99083f58673b09b95bbe74be20ce4a1b62a7d6.png
19:05:12.428 [main] DEBUG net.thucydides.core.steps.StepInterceptor - STEP DONE: incorrectAlert
  &amp#27;[32mThen &amp#27;[0m&amp#27;[32mI should see the error message&amp#27;[0m          &amp#27;[90m# starter.stepdefinitions.LoginSteps.alertContent()&amp#27;[0m
19:05:12.429 [AsyncHttpClient-1-1] DEBUG org.asynchttpclient.netty.channel.DefaultChannelPool - Entry count for : http://localhost:61619 : 1
19:05:12.429 [AsyncHttpClient-1-1] DEBUG org.asynchttpclient.netty.channel.DefaultChannelPool - Entry count for : http://localhost:8886 : 1
19:05:12.429 [Darkroom Processing Line] DEBUG net.serenitybdd.core.photography.DarkroomProcessingLine - Processing screenshot image in /var/screenshots/screenshot-3083013680471998054
19:05:12.430 [Darkroom Processing Line] DEBUG net.serenitybdd.core.photography.DarkroomProcessingLine - Saving screenshot to target\site\serenity\5a5db4771a87fa30e29b763a8b99083f58673b09b95bbe74be20ce4a1b62a7d6.png
19:05:12.440 [main] INFO  - 
  _____   ___   ___   _____     ___     _     ___   ___   ___   ___  
 |_   _| | __| / __| |_   _|   | _ \   /_\   / __| / __| | __| |   \ 
   | |   | _|  \__ \   | |     |  _/  / _ \  \__ \ \__ \ | _|  | |) |
   |_|   |___| |___/   |_|     |_|   /_/ \_\ |___/ |___/ |___| |___/ 

Register without fill the password
----------------------------------------------------------------------
19:05:12.443 [AsyncHttpClient-1-13] DEBUG org.asynchttpclient.netty.handler.WebSocketHandler - Channel Closed: [id: 0x96ac3ebd, L:/127.0.0.1:61627 ! R:localhost/127.0.0.1:61619] with attribute NettyResponseFuture{currentRetry=0,
	isDone=1,
	isCancelled=0,
	asyncHandler=org.asynchttpclient.ws.WebSocketUpgradeHandler@31c1033,
	nettyRequest=org.asynchttpclient.netty.request.NettyRequest@461e8e34,
	future=java.util.concurrent.CompletableFuture@6c0acbd7[Completed normally],
	uri=ws://localhost:61619/devtools/browser/b6839d5c-6c50-4eab-a93b-481b0039e5ab,
	keepAlive=true,
	redirectCount=0,
	timeoutsHolder=null,
	inAuth=0,
	touch=1683547492221}
19:05:12.443 [AsyncHttpClient-1-13] DEBUG org.asynchttpclient.netty.channel.ChannelManager - Closing Channel [id: 0x96ac3ebd, L:/127.0.0.1:61627 ! R:localhost/127.0.0.1:61619] 
19:05:12.448 [Driver Command Executor] DEBUG org.asynchttpclient.netty.request.NettyRequestSender - Using pooled Channel '[id: 0x0e5f66ff, L:/127.0.0.1:61618 - R:localhost/127.0.0.1:8886]' for 'DELETE' to 'http://localhost:8886/session/2da1dc332b610c8490221d42b091e279'
19:05:12.449 [Driver Command Executor] DEBUG org.asynchttpclient.netty.request.NettyRequestSender - Using open Channel [id: 0x0e5f66ff, L:/127.0.0.1:61618 - R:localhost/127.0.0.1:8886] for DELETE '/session/2da1dc332b610c8490221d42b091e279'
19:05:12.490 [AsyncHttpClient-1-12] DEBUG org.asynchttpclient.netty.handler.HttpHandler - Unexpected I/O exception on channel [id: 0x0d263dc0, L:/127.0.0.1:61626 - R:localhost/127.0.0.1:61619]
java.net.SocketException: Connection reset
	at java.base/sun.nio.ch.SocketChannelImpl.throwConnectionReset(SocketChannelImpl.java:367)
	at java.base/sun.nio.ch.SocketChannelImpl.read(SocketChannelImpl.java:398)
	at io.netty.buffer.PooledByteBuf.setBytes(PooledByteBuf.java:259)
	at io.netty.buffer.AbstractByteBuf.writeBytes(AbstractByteBuf.java:1132)
	at io.netty.channel.socket.nio.NioSocketChannel.doReadBytes(NioSocketChannel.java:357)
	at io.netty.channel.nio.AbstractNioByteChannel$NioByteUnsafe.read(AbstractNioByteChannel.java:151)
	at io.netty.channel.nio.NioEventLoop.processSelectedKey(NioEventLoop.java:788)
	at io.netty.channel.nio.NioEventLoop.processSelectedKeysOptimized(NioEventLoop.java:724)
	at io.netty.channel.nio.NioEventLoop.processSelectedKeys(NioEventLoop.java:650)
	at io.netty.channel.nio.NioEventLoop.run(NioEventLoop.java:562)
	at io.netty.util.concurrent.SingleThreadEventExecutor$4.run(SingleThreadEventExecutor.java:997)
	at io.netty.util.internal.ThreadExecutorMap$2.run(ThreadExecutorMap.java:74)
	at io.netty.util.concurrent.FastThreadLocalRunnable.run(FastThreadLocalRunnable.java:30)
	at java.base/java.lang.Thread.run(Thread.java:832)
19:05:12.490 [AsyncHttpClient-1-12] DEBUG org.asynchttpclient.netty.channel.ChannelManager - Closing Channel [id: 0x0d263dc0, L:/127.0.0.1:61626 - R:localhost/127.0.0.1:61619] 
19:05:12.490 [AsyncHttpClient-1-12] DEBUG org.asynchttpclient.netty.handler.HttpHandler - Channel Closed: [id: 0x0d263dc0, L:/127.0.0.1:61626 ! R:localhost/127.0.0.1:61619] with attribute DISCARD
19:05:12.507 [AsyncHttpClient-1-11] DEBUG org.asynchttpclient.netty.handler.HttpHandler - 

Request DefaultFullHttpRequest(decodeResult: success, version: HTTP/1.1, content: EmptyByteBufBE)
DELETE /session/2da1dc332b610c8490221d42b091e279 HTTP/1.1
User-Agent: selenium/4.8.1 (java windows)
Content-Type: application/json; charset=utf-8
host: localhost:8886
accept: */*

Response DefaultHttpResponse(decodeResult: success, version: HTTP/1.1)
HTTP/1.1 200 OK
Content-Length: 14
Content-Type: application/json; charset=utf-8
cache-control: no-cache

19:05:12.507 [AsyncHttpClient-1-11] DEBUG org.asynchttpclient.netty.channel.ChannelManager - Adding key: http://localhost:8886 for channel [id: 0x0e5f66ff, L:/127.0.0.1:61618 - R:localhost/127.0.0.1:8886]
19:05:12.632 [AsyncHttpClient-1-11] DEBUG org.asynchttpclient.netty.handler.HttpHandler - Channel Closed: [id: 0x0e5f66ff, L:/127.0.0.1:61618 ! R:localhost/127.0.0.1:8886] with attribute DISCARD
]]></system-out>
    <system-err><![CDATA[Starting ChromeDriver 111.0.5563.64 (c710e93d5b63b7095afe8c2c17df34408078439d-refs/branch-heads/5563@{#995}) on port 8886
Only local connections are allowed.
Please see https://chromedriver.chromium.org/security-considerations for suggestions on keeping ChromeDriver safe.
ChromeDriver was started successfully.
[1683547492.194][WARNING]: This version of ChromeDriver has not been tested with Chrome version 112.
May 08, 2023 7:04:52 PM org.openqa.selenium.devtools.CdpVersionFinder findNearestMatch
WARNING: Unable to find an exact match for CDP version 112, so returning the closest version found: 110
]]></system-err>
  </testcase>
  <testcase name="Register with existed email" classname="Register to Alta-shop Account" time="20.477">
    <system-out><![CDATA[
Scenario: Register with existed email       &amp#27;[90m# src/test/resources/features/1. Register.feature:43&amp#27;[0m
19:05:13.154 [main] DEBUG io.cucumber.core.plugin.SerenityReporter - Running feature from file:///C:/Users/WINDOWS%2010/Documents/GitHub/MiniProject_QE/Web/code/minpro/src/test/resources/features/1.%20Register.feature
19:05:13.158 [main] INFO  - 
  _____   ___   ___   _____     ___   _____     _     ___   _____   ___   ___  
 |_   _| | __| / __| |_   _|   / __| |_   _|   /_\   | _ \ |_   _| | __| |   \ 
   | |   | _|  \__ \   | |     \__ \   | |    / _ \  |   /   | |   | _|  | |) |
   |_|   |___| |___/   |_|     |___/   |_|   /_/ \_\ |_|_\   |_|   |___| |___/ 

Register with existed email(register-to-alta-shop-account;register-with-existed-email)
--------------------------------------------------------------------------------
19:05:13.176 [main] DEBUG net.thucydides.core.steps.StepInterceptor - STARTING STEP: LoginSteps.onTheLoginPage - openPage
19:05:13.210 [main] INFO net.serenitybdd.core.webdriver.driverproviders.ChromeDriverProvider - Starting Chrome driver instance with capabilities:
19:05:13.210 [main] INFO net.serenitybdd.core.webdriver.driverproviders.ChromeDriverProvider - Capabilities {acceptInsecureCerts: false, browserName: chrome, goog:chromeOptions: {args: [remote-allow-origins=*], extensions: []}}
19:05:13.277 [AsyncHttpClient-1-14] DEBUG org.asynchttpclient.netty.channel.NettyConnectListener - Using new Channel '[id: 0xb9de85bf, L:/127.0.0.1:61684 - R:localhost/127.0.0.1:5912]' for 'POST' to '/session'
19:05:13.529 [AsyncHttpClient-1-1] DEBUG org.asynchttpclient.netty.channel.DefaultChannelPool - Entry count for : http://localhost:61619 : 1
19:05:13.529 [AsyncHttpClient-1-1] DEBUG org.asynchttpclient.netty.channel.DefaultChannelPool - Entry count for : http://localhost:8886 : 1
19:05:13.529 [AsyncHttpClient-1-1] DEBUG org.asynchttpclient.netty.channel.DefaultChannelPool - Adding Candidate expired Channel [id: 0x0d263dc0, L:/127.0.0.1:61626 ! R:localhost/127.0.0.1:61619] isIdleTimeoutExpired=false isRemotelyClosed=true isTtlExpired=false
19:05:13.529 [AsyncHttpClient-1-1] DEBUG org.asynchttpclient.netty.channel.DefaultChannelPool - Closing Idle Channel [id: 0x0d263dc0, L:/127.0.0.1:61626 ! R:localhost/127.0.0.1:61619]
19:05:13.529 [AsyncHttpClient-1-1] DEBUG org.asynchttpclient.netty.channel.DefaultChannelPool - Adding Candidate expired Channel [id: 0x0e5f66ff, L:/127.0.0.1:61618 ! R:localhost/127.0.0.1:8886] isIdleTimeoutExpired=false isRemotelyClosed=true isTtlExpired=false
19:05:13.529 [AsyncHttpClient-1-1] DEBUG org.asynchttpclient.netty.channel.DefaultChannelPool - Closing Idle Channel [id: 0x0e5f66ff, L:/127.0.0.1:61618 ! R:localhost/127.0.0.1:8886]
19:05:13.529 [AsyncHttpClient-1-1] DEBUG org.asynchttpclient.netty.channel.DefaultChannelPool - Closed 2 connections out of 2 in 0 ms
19:05:13.996 [AsyncHttpClient-1-14] DEBUG org.asynchttpclient.netty.handler.HttpHandler - 

Request DefaultHttpRequest(decodeResult: success, version: HTTP/1.1)
POST /session HTTP/1.1
User-Agent: selenium/4.8.1 (java windows)
Content-Length: 507
Content-Type: application/json; charset=utf-8
host: localhost:5912
accept: */*

Response DefaultHttpResponse(decodeResult: success, version: HTTP/1.1)
HTTP/1.1 200 OK
Content-Length: 863
Content-Type: application/json; charset=utf-8
cache-control: no-cache

19:05:13.996 [AsyncHttpClient-1-14] DEBUG org.asynchttpclient.netty.channel.ChannelManager - Adding key: http://localhost:5912 for channel [id: 0xb9de85bf, L:/127.0.0.1:61684 - R:localhost/127.0.0.1:5912]
19:05:14.002 [AsyncHttpClient-1-15] DEBUG org.asynchttpclient.netty.channel.NettyConnectListener - Using new Channel '[id: 0xd33943fb, L:/127.0.0.1:61694 - R:localhost/127.0.0.1:61687]' for 'GET' to '/json/version'
19:05:14.003 [AsyncHttpClient-1-15] DEBUG org.asynchttpclient.netty.handler.HttpHandler - 

Request DefaultFullHttpRequest(decodeResult: success, version: HTTP/1.1, content: EmptyByteBufBE)
GET /json/version HTTP/1.1
User-Agent: selenium/4.8.1 (java windows)
host: localhost:61687
accept: */*

Response DefaultHttpResponse(decodeResult: success, version: HTTP/1.1)
HTTP/1.1 200 OK
Content-Security-Policy: frame-ancestors 'none'
Content-Length: 424
Content-Type: application/json; charset=UTF-8

19:05:14.003 [AsyncHttpClient-1-15] DEBUG org.asynchttpclient.netty.channel.ChannelManager - Adding key: http://localhost:61687 for channel [id: 0xd33943fb, L:/127.0.0.1:61694 - R:localhost/127.0.0.1:61687]
19:05:14.005 [AsyncHttpClient-1-16] DEBUG org.asynchttpclient.netty.channel.NettyConnectListener - Using new Channel '[id: 0x1373f6bd, L:/127.0.0.1:61695 - R:localhost/127.0.0.1:61687]' for 'GET' to '/devtools/browser/a7b154a7-027f-4ff7-8503-e5038e3d6c89'
19:05:14.008 [AsyncHttpClient-1-16] DEBUG org.asynchttpclient.netty.handler.WebSocketHandler - 

Request DefaultFullHttpRequest(decodeResult: success, version: HTTP/1.1, content: EmptyByteBufBE)
GET /devtools/browser/a7b154a7-027f-4ff7-8503-e5038e3d6c89 HTTP/1.1
upgrade: websocket
connection: upgrade
sec-websocket-key: GzdCQl52z/GT+kRpyG86Ow==
sec-websocket-version: 13
origin: http://localhost:61687
host: localhost:61687
accept: */*
user-agent: AHC/2.1

Response DefaultHttpResponse(decodeResult: success, version: HTTP/1.1)
HTTP/1.1 101 WebSocket Protocol Handshake
Upgrade: WebSocket
Connection: Upgrade
Sec-WebSocket-Accept: Nn5chBCUTJE99EP+cj+SIqDNNVw=

19:05:14.011 [Forwarding get on session 3b2033e118c7440c5db37eb4459a6fad to remote] DEBUG org.asynchttpclient.netty.request.NettyRequestSender - Using pooled Channel '[id: 0xb9de85bf, L:/127.0.0.1:61684 - R:localhost/127.0.0.1:5912]' for 'POST' to 'http://localhost:5912/session/3b2033e118c7440c5db37eb4459a6fad/url'
19:05:14.011 [Forwarding get on session 3b2033e118c7440c5db37eb4459a6fad to remote] DEBUG org.asynchttpclient.netty.request.NettyRequestSender - Using open Channel [id: 0xb9de85bf, L:/127.0.0.1:61684 - R:localhost/127.0.0.1:5912] for POST '/session/3b2033e118c7440c5db37eb4459a6fad/url'
19:05:14.634 [AsyncHttpClient-1-1] DEBUG org.asynchttpclient.netty.channel.DefaultChannelPool - Entry count for : http://localhost:61687 : 1
19:05:15.728 [AsyncHttpClient-1-1] DEBUG org.asynchttpclient.netty.channel.DefaultChannelPool - Entry count for : http://localhost:61687 : 1
19:05:16.832 [AsyncHttpClient-1-1] DEBUG org.asynchttpclient.netty.channel.DefaultChannelPool - Entry count for : http://localhost:61687 : 1
19:05:17.929 [AsyncHttpClient-1-1] DEBUG org.asynchttpclient.netty.channel.DefaultChannelPool - Entry count for : http://localhost:61687 : 1
19:05:19.042 [AsyncHttpClient-1-1] DEBUG org.asynchttpclient.netty.channel.DefaultChannelPool - Entry count for : http://localhost:61687 : 1
19:05:20.128 [AsyncHttpClient-1-1] DEBUG org.asynchttpclient.netty.channel.DefaultChannelPool - Entry count for : http://localhost:61687 : 1
19:05:21.230 [AsyncHttpClient-1-1] DEBUG org.asynchttpclient.netty.channel.DefaultChannelPool - Entry count for : http://localhost:61687 : 1
19:05:22.328 [AsyncHttpClient-1-1] DEBUG org.asynchttpclient.netty.channel.DefaultChannelPool - Entry count for : http://localhost:61687 : 1
19:05:23.433 [AsyncHttpClient-1-1] DEBUG org.asynchttpclient.netty.channel.DefaultChannelPool - Entry count for : http://localhost:61687 : 1
19:05:24.529 [AsyncHttpClient-1-1] DEBUG org.asynchttpclient.netty.channel.DefaultChannelPool - Entry count for : http://localhost:61687 : 1
19:05:25.628 [AsyncHttpClient-1-1] DEBUG org.asynchttpclient.netty.channel.DefaultChannelPool - Entry count for : http://localhost:61687 : 1
19:05:26.728 [AsyncHttpClient-1-1] DEBUG org.asynchttpclient.netty.channel.DefaultChannelPool - Entry count for : http://localhost:61687 : 1
19:05:27.830 [AsyncHttpClient-1-1] DEBUG org.asynchttpclient.netty.channel.DefaultChannelPool - Entry count for : http://localhost:61687 : 1
19:05:28.931 [AsyncHttpClient-1-1] DEBUG org.asynchttpclient.netty.channel.DefaultChannelPool - Entry count for : http://localhost:61687 : 1
19:05:29.350 [AsyncHttpClient-1-14] DEBUG org.asynchttpclient.netty.handler.HttpHandler - 

Request DefaultHttpRequest(decodeResult: success, version: HTTP/1.1)
POST /session/3b2033e118c7440c5db37eb4459a6fad/url HTTP/1.1
User-Agent: selenium/4.8.1 (java windows)
Content-Length: 74
Content-Type: application/json; charset=utf-8
host: localhost:5912
accept: */*

Response DefaultHttpResponse(decodeResult: success, version: HTTP/1.1)
HTTP/1.1 200 OK
Content-Length: 14
Content-Type: application/json; charset=utf-8
cache-control: no-cache

19:05:29.350 [AsyncHttpClient-1-14] DEBUG org.asynchttpclient.netty.channel.ChannelManager - Adding key: http://localhost:5912 for channel [id: 0xb9de85bf, L:/127.0.0.1:61684 - R:localhost/127.0.0.1:5912]
19:05:29.351 [Forwarding setTimeout on session 3b2033e118c7440c5db37eb4459a6fad to remote] DEBUG org.asynchttpclient.netty.request.NettyRequestSender - Using pooled Channel '[id: 0xb9de85bf, L:/127.0.0.1:61684 - R:localhost/127.0.0.1:5912]' for 'POST' to 'http://localhost:5912/session/3b2033e118c7440c5db37eb4459a6fad/timeouts'
19:05:29.351 [Forwarding setTimeout on session 3b2033e118c7440c5db37eb4459a6fad to remote] DEBUG org.asynchttpclient.netty.request.NettyRequestSender - Using open Channel [id: 0xb9de85bf, L:/127.0.0.1:61684 - R:localhost/127.0.0.1:5912] for POST '/session/3b2033e118c7440c5db37eb4459a6fad/timeouts'
19:05:29.352 [AsyncHttpClient-1-14] DEBUG org.asynchttpclient.netty.handler.HttpHandler - 

Request DefaultHttpRequest(decodeResult: success, version: HTTP/1.1)
POST /session/3b2033e118c7440c5db37eb4459a6fad/timeouts HTTP/1.1
User-Agent: selenium/4.8.1 (java windows)
Content-Length: 22
Content-Type: application/json; charset=utf-8
host: localhost:5912
accept: */*

Response DefaultHttpResponse(decodeResult: success, version: HTTP/1.1)
HTTP/1.1 200 OK
Content-Length: 14
Content-Type: application/json; charset=utf-8
cache-control: no-cache

19:05:29.352 [AsyncHttpClient-1-14] DEBUG org.asynchttpclient.netty.channel.ChannelManager - Adding key: http://localhost:5912 for channel [id: 0xb9de85bf, L:/127.0.0.1:61684 - R:localhost/127.0.0.1:5912]
19:05:29.356 [Forwarding getAlertText on session 3b2033e118c7440c5db37eb4459a6fad to remote] DEBUG org.asynchttpclient.netty.request.NettyRequestSender - Using pooled Channel '[id: 0xb9de85bf, L:/127.0.0.1:61684 - R:localhost/127.0.0.1:5912]' for 'GET' to 'http://localhost:5912/session/3b2033e118c7440c5db37eb4459a6fad/alert/text'
19:05:29.356 [Forwarding getAlertText on session 3b2033e118c7440c5db37eb4459a6fad to remote] DEBUG org.asynchttpclient.netty.request.NettyRequestSender - Using open Channel [id: 0xb9de85bf, L:/127.0.0.1:61684 - R:localhost/127.0.0.1:5912] for GET '/session/3b2033e118c7440c5db37eb4459a6fad/alert/text'
19:05:29.357 [AsyncHttpClient-1-14] DEBUG org.asynchttpclient.netty.handler.HttpHandler - 

Request DefaultFullHttpRequest(decodeResult: success, version: HTTP/1.1, content: EmptyByteBufBE)
GET /session/3b2033e118c7440c5db37eb4459a6fad/alert/text HTTP/1.1
User-Agent: selenium/4.8.1 (java windows)
Cache-Control: no-cache
Content-Type: application/json; charset=utf-8
host: localhost:5912
accept: */*

Response DefaultHttpResponse(decodeResult: success, version: HTTP/1.1)
HTTP/1.1 404 Not Found
Content-Length: 836
Content-Type: application/json; charset=utf-8
cache-control: no-cache

19:05:29.357 [AsyncHttpClient-1-14] DEBUG org.asynchttpclient.netty.channel.ChannelManager - Adding key: http://localhost:5912 for channel [id: 0xb9de85bf, L:/127.0.0.1:61684 - R:localhost/127.0.0.1:5912]
19:05:29.358 [Forwarding getCurrentUrl on session 3b2033e118c7440c5db37eb4459a6fad to remote] DEBUG org.asynchttpclient.netty.request.NettyRequestSender - Using pooled Channel '[id: 0xb9de85bf, L:/127.0.0.1:61684 - R:localhost/127.0.0.1:5912]' for 'GET' to 'http://localhost:5912/session/3b2033e118c7440c5db37eb4459a6fad/url'
19:05:29.358 [Forwarding getCurrentUrl on session 3b2033e118c7440c5db37eb4459a6fad to remote] DEBUG org.asynchttpclient.netty.request.NettyRequestSender - Using open Channel [id: 0xb9de85bf, L:/127.0.0.1:61684 - R:localhost/127.0.0.1:5912] for GET '/session/3b2033e118c7440c5db37eb4459a6fad/url'
19:05:29.362 [AsyncHttpClient-1-14] DEBUG org.asynchttpclient.netty.handler.HttpHandler - 

Request DefaultFullHttpRequest(decodeResult: success, version: HTTP/1.1, content: EmptyByteBufBE)
GET /session/3b2033e118c7440c5db37eb4459a6fad/url HTTP/1.1
User-Agent: selenium/4.8.1 (java windows)
Cache-Control: no-cache
Content-Type: application/json; charset=utf-8
host: localhost:5912
accept: */*

Response DefaultHttpResponse(decodeResult: success, version: HTTP/1.1)
HTTP/1.1 200 OK
Content-Length: 51
Content-Type: application/json; charset=utf-8
cache-control: no-cache

19:05:29.362 [AsyncHttpClient-1-14] DEBUG org.asynchttpclient.netty.channel.ChannelManager - Adding key: http://localhost:5912 for channel [id: 0xb9de85bf, L:/127.0.0.1:61684 - R:localhost/127.0.0.1:5912]
19:05:29.362 [Forwarding screenshot on session 3b2033e118c7440c5db37eb4459a6fad to remote] DEBUG org.asynchttpclient.netty.request.NettyRequestSender - Using pooled Channel '[id: 0xb9de85bf, L:/127.0.0.1:61684 - R:localhost/127.0.0.1:5912]' for 'GET' to 'http://localhost:5912/session/3b2033e118c7440c5db37eb4459a6fad/screenshot'
19:05:29.362 [Forwarding screenshot on session 3b2033e118c7440c5db37eb4459a6fad to remote] DEBUG org.asynchttpclient.netty.request.NettyRequestSender - Using open Channel [id: 0xb9de85bf, L:/127.0.0.1:61684 - R:localhost/127.0.0.1:5912] for GET '/session/3b2033e118c7440c5db37eb4459a6fad/screenshot'
19:05:29.469 [AsyncHttpClient-1-14] DEBUG org.asynchttpclient.netty.handler.HttpHandler - 

Request DefaultFullHttpRequest(decodeResult: success, version: HTTP/1.1, content: EmptyByteBufBE)
GET /session/3b2033e118c7440c5db37eb4459a6fad/screenshot HTTP/1.1
User-Agent: selenium/4.8.1 (java windows)
Cache-Control: no-cache
Content-Type: application/json; charset=utf-8
host: localhost:5912
accept: */*

Response DefaultHttpResponse(decodeResult: success, version: HTTP/1.1)
HTTP/1.1 200 OK
Content-Length: 25208
Content-Type: application/json; charset=utf-8
cache-control: no-cache

19:05:29.469 [AsyncHttpClient-1-14] DEBUG org.asynchttpclient.netty.channel.ChannelManager - Adding key: http://localhost:5912 for channel [id: 0xb9de85bf, L:/127.0.0.1:61684 - R:localhost/127.0.0.1:5912]
19:05:29.470 [main] DEBUG net.serenitybdd.core.photography.Darkroom - Send negative for processing for target\site\serenity\edb14d4aab401efa0e4fb99861e6ffcafebc86a67b69f7828890b9910ed2ddbd.png
19:05:29.471 [main] DEBUG net.thucydides.core.steps.StepInterceptor - STEP DONE: openPage
  &amp#27;[32mGiven &amp#27;[0m&amp#27;[32mI am on the alta-shop login page&amp#27;[0m    &amp#27;[90m# starter.stepdefinitions.LoginSteps.onTheLoginPage()&amp#27;[0m
19:05:29.479 [Forwarding getPageSource on session 3b2033e118c7440c5db37eb4459a6fad to remote] DEBUG org.asynchttpclient.netty.request.NettyRequestSender - Using pooled Channel '[id: 0xb9de85bf, L:/127.0.0.1:61684 - R:localhost/127.0.0.1:5912]' for 'POST' to 'http://localhost:5912/session/3b2033e118c7440c5db37eb4459a6fad/execute/sync'
19:05:29.479 [Forwarding getPageSource on session 3b2033e118c7440c5db37eb4459a6fad to remote] DEBUG org.asynchttpclient.netty.request.NettyRequestSender - Using open Channel [id: 0xb9de85bf, L:/127.0.0.1:61684 - R:localhost/127.0.0.1:5912] for POST '/session/3b2033e118c7440c5db37eb4459a6fad/execute/sync'
19:05:29.485 [AsyncHttpClient-1-14] DEBUG org.asynchttpclient.netty.handler.HttpHandler - 

Request DefaultHttpRequest(decodeResult: success, version: HTTP/1.1)
POST /session/3b2033e118c7440c5db37eb4459a6fad/execute/sync HTTP/1.1
User-Agent: selenium/4.8.1 (java windows)
Content-Length: 176
Content-Type: application/json; charset=utf-8
host: localhost:5912
accept: */*

Response DefaultHttpResponse(decodeResult: success, version: HTTP/1.1)
HTTP/1.1 200 OK
Content-Length: 21659
Content-Type: application/json; charset=utf-8
cache-control: no-cache

19:05:29.485 [AsyncHttpClient-1-14] DEBUG org.asynchttpclient.netty.channel.ChannelManager - Adding key: http://localhost:5912 for channel [id: 0xb9de85bf, L:/127.0.0.1:61684 - R:localhost/127.0.0.1:5912]
19:05:29.487 [Forwarding getCurrentUrl on session 3b2033e118c7440c5db37eb4459a6fad to remote] DEBUG org.asynchttpclient.netty.request.NettyRequestSender - Using pooled Channel '[id: 0xb9de85bf, L:/127.0.0.1:61684 - R:localhost/127.0.0.1:5912]' for 'GET' to 'http://localhost:5912/session/3b2033e118c7440c5db37eb4459a6fad/url'
19:05:29.487 [Forwarding getCurrentUrl on session 3b2033e118c7440c5db37eb4459a6fad to remote] DEBUG org.asynchttpclient.netty.request.NettyRequestSender - Using open Channel [id: 0xb9de85bf, L:/127.0.0.1:61684 - R:localhost/127.0.0.1:5912] for GET '/session/3b2033e118c7440c5db37eb4459a6fad/url'
19:05:29.491 [AsyncHttpClient-1-14] DEBUG org.asynchttpclient.netty.handler.HttpHandler - 

Request DefaultFullHttpRequest(decodeResult: success, version: HTTP/1.1, content: EmptyByteBufBE)
GET /session/3b2033e118c7440c5db37eb4459a6fad/url HTTP/1.1
User-Agent: selenium/4.8.1 (java windows)
Cache-Control: no-cache
Content-Type: application/json; charset=utf-8
host: localhost:5912
accept: */*

Response DefaultHttpResponse(decodeResult: success, version: HTTP/1.1)
HTTP/1.1 200 OK
Content-Length: 51
Content-Type: application/json; charset=utf-8
cache-control: no-cache

19:05:29.491 [AsyncHttpClient-1-14] DEBUG org.asynchttpclient.netty.channel.ChannelManager - Adding key: http://localhost:5912 for channel [id: 0xb9de85bf, L:/127.0.0.1:61684 - R:localhost/127.0.0.1:5912]
19:05:29.523 [Forwarding getAlertText on session 3b2033e118c7440c5db37eb4459a6fad to remote] DEBUG org.asynchttpclient.netty.request.NettyRequestSender - Using pooled Channel '[id: 0xb9de85bf, L:/127.0.0.1:61684 - R:localhost/127.0.0.1:5912]' for 'GET' to 'http://localhost:5912/session/3b2033e118c7440c5db37eb4459a6fad/alert/text'
19:05:29.523 [Forwarding getAlertText on session 3b2033e118c7440c5db37eb4459a6fad to remote] DEBUG org.asynchttpclient.netty.request.NettyRequestSender - Using open Channel [id: 0xb9de85bf, L:/127.0.0.1:61684 - R:localhost/127.0.0.1:5912] for GET '/session/3b2033e118c7440c5db37eb4459a6fad/alert/text'
19:05:29.525 [AsyncHttpClient-1-14] DEBUG org.asynchttpclient.netty.handler.HttpHandler - 

Request DefaultFullHttpRequest(decodeResult: success, version: HTTP/1.1, content: EmptyByteBufBE)
GET /session/3b2033e118c7440c5db37eb4459a6fad/alert/text HTTP/1.1
User-Agent: selenium/4.8.1 (java windows)
Cache-Control: no-cache
Content-Type: application/json; charset=utf-8
host: localhost:5912
accept: */*

Response DefaultHttpResponse(decodeResult: success, version: HTTP/1.1)
HTTP/1.1 404 Not Found
Content-Length: 836
Content-Type: application/json; charset=utf-8
cache-control: no-cache

19:05:29.525 [AsyncHttpClient-1-14] DEBUG org.asynchttpclient.netty.channel.ChannelManager - Adding key: http://localhost:5912 for channel [id: 0xb9de85bf, L:/127.0.0.1:61684 - R:localhost/127.0.0.1:5912]
19:05:29.528 [Forwarding getCurrentUrl on session 3b2033e118c7440c5db37eb4459a6fad to remote] DEBUG org.asynchttpclient.netty.request.NettyRequestSender - Using pooled Channel '[id: 0xb9de85bf, L:/127.0.0.1:61684 - R:localhost/127.0.0.1:5912]' for 'GET' to 'http://localhost:5912/session/3b2033e118c7440c5db37eb4459a6fad/url'
19:05:29.529 [Forwarding getCurrentUrl on session 3b2033e118c7440c5db37eb4459a6fad to remote] DEBUG org.asynchttpclient.netty.request.NettyRequestSender - Using open Channel [id: 0xb9de85bf, L:/127.0.0.1:61684 - R:localhost/127.0.0.1:5912] for GET '/session/3b2033e118c7440c5db37eb4459a6fad/url'
19:05:29.535 [AsyncHttpClient-1-14] DEBUG org.asynchttpclient.netty.handler.HttpHandler - 

Request DefaultFullHttpRequest(decodeResult: success, version: HTTP/1.1, content: EmptyByteBufBE)
GET /session/3b2033e118c7440c5db37eb4459a6fad/url HTTP/1.1
User-Agent: selenium/4.8.1 (java windows)
Cache-Control: no-cache
Content-Type: application/json; charset=utf-8
host: localhost:5912
accept: */*

Response DefaultHttpResponse(decodeResult: success, version: HTTP/1.1)
HTTP/1.1 200 OK
Content-Length: 51
Content-Type: application/json; charset=utf-8
cache-control: no-cache

19:05:29.535 [AsyncHttpClient-1-14] DEBUG org.asynchttpclient.netty.channel.ChannelManager - Adding key: http://localhost:5912 for channel [id: 0xb9de85bf, L:/127.0.0.1:61684 - R:localhost/127.0.0.1:5912]
19:05:29.536 [Forwarding screenshot on session 3b2033e118c7440c5db37eb4459a6fad to remote] DEBUG org.asynchttpclient.netty.request.NettyRequestSender - Using pooled Channel '[id: 0xb9de85bf, L:/127.0.0.1:61684 - R:localhost/127.0.0.1:5912]' for 'GET' to 'http://localhost:5912/session/3b2033e118c7440c5db37eb4459a6fad/screenshot'
19:05:29.536 [Forwarding screenshot on session 3b2033e118c7440c5db37eb4459a6fad to remote] DEBUG org.asynchttpclient.netty.request.NettyRequestSender - Using open Channel [id: 0xb9de85bf, L:/127.0.0.1:61684 - R:localhost/127.0.0.1:5912] for GET '/session/3b2033e118c7440c5db37eb4459a6fad/screenshot'
19:05:29.648 [AsyncHttpClient-1-14] DEBUG org.asynchttpclient.netty.handler.HttpHandler - 

Request DefaultFullHttpRequest(decodeResult: success, version: HTTP/1.1, content: EmptyByteBufBE)
GET /session/3b2033e118c7440c5db37eb4459a6fad/screenshot HTTP/1.1
User-Agent: selenium/4.8.1 (java windows)
Cache-Control: no-cache
Content-Type: application/json; charset=utf-8
host: localhost:5912
accept: */*

Response DefaultHttpResponse(decodeResult: success, version: HTTP/1.1)
HTTP/1.1 200 OK
Content-Length: 25208
Content-Type: application/json; charset=utf-8
cache-control: no-cache

19:05:29.648 [AsyncHttpClient-1-14] DEBUG org.asynchttpclient.netty.channel.ChannelManager - Adding key: http://localhost:5912 for channel [id: 0xb9de85bf, L:/127.0.0.1:61684 - R:localhost/127.0.0.1:5912]
19:05:29.650 [main] DEBUG net.serenitybdd.core.photography.Darkroom - Send negative for processing for target\site\serenity\edb14d4aab401efa0e4fb99861e6ffcafebc86a67b69f7828890b9910ed2ddbd.png
19:05:29.651 [Forwarding getPageSource on session 3b2033e118c7440c5db37eb4459a6fad to remote] DEBUG org.asynchttpclient.netty.request.NettyRequestSender - Using pooled Channel '[id: 0xb9de85bf, L:/127.0.0.1:61684 - R:localhost/127.0.0.1:5912]' for 'POST' to 'http://localhost:5912/session/3b2033e118c7440c5db37eb4459a6fad/execute/sync'
19:05:29.651 [Forwarding getPageSource on session 3b2033e118c7440c5db37eb4459a6fad to remote] DEBUG org.asynchttpclient.netty.request.NettyRequestSender - Using open Channel [id: 0xb9de85bf, L:/127.0.0.1:61684 - R:localhost/127.0.0.1:5912] for POST '/session/3b2033e118c7440c5db37eb4459a6fad/execute/sync'
19:05:29.655 [AsyncHttpClient-1-14] DEBUG org.asynchttpclient.netty.handler.HttpHandler - 

Request DefaultHttpRequest(decodeResult: success, version: HTTP/1.1)
POST /session/3b2033e118c7440c5db37eb4459a6fad/execute/sync HTTP/1.1
User-Agent: selenium/4.8.1 (java windows)
Content-Length: 176
Content-Type: application/json; charset=utf-8
host: localhost:5912
accept: */*

Response DefaultHttpResponse(decodeResult: success, version: HTTP/1.1)
HTTP/1.1 200 OK
Content-Length: 21659
Content-Type: application/json; charset=utf-8
cache-control: no-cache

19:05:29.655 [AsyncHttpClient-1-14] DEBUG org.asynchttpclient.netty.channel.ChannelManager - Adding key: http://localhost:5912 for channel [id: 0xb9de85bf, L:/127.0.0.1:61684 - R:localhost/127.0.0.1:5912]
19:05:29.657 [Forwarding getCurrentUrl on session 3b2033e118c7440c5db37eb4459a6fad to remote] DEBUG org.asynchttpclient.netty.request.NettyRequestSender - Using pooled Channel '[id: 0xb9de85bf, L:/127.0.0.1:61684 - R:localhost/127.0.0.1:5912]' for 'GET' to 'http://localhost:5912/session/3b2033e118c7440c5db37eb4459a6fad/url'
19:05:29.657 [Forwarding getCurrentUrl on session 3b2033e118c7440c5db37eb4459a6fad to remote] DEBUG org.asynchttpclient.netty.request.NettyRequestSender - Using open Channel [id: 0xb9de85bf, L:/127.0.0.1:61684 - R:localhost/127.0.0.1:5912] for GET '/session/3b2033e118c7440c5db37eb4459a6fad/url'
19:05:29.660 [AsyncHttpClient-1-14] DEBUG org.asynchttpclient.netty.handler.HttpHandler - 

Request DefaultFullHttpRequest(decodeResult: success, version: HTTP/1.1, content: EmptyByteBufBE)
GET /session/3b2033e118c7440c5db37eb4459a6fad/url HTTP/1.1
User-Agent: selenium/4.8.1 (java windows)
Cache-Control: no-cache
Content-Type: application/json; charset=utf-8
host: localhost:5912
accept: */*

Response DefaultHttpResponse(decodeResult: success, version: HTTP/1.1)
HTTP/1.1 200 OK
Content-Length: 51
Content-Type: application/json; charset=utf-8
cache-control: no-cache

19:05:29.660 [AsyncHttpClient-1-14] DEBUG org.asynchttpclient.netty.channel.ChannelManager - Adding key: http://localhost:5912 for channel [id: 0xb9de85bf, L:/127.0.0.1:61684 - R:localhost/127.0.0.1:5912]
19:05:29.662 [main] DEBUG net.thucydides.core.steps.StepInterceptor - STARTING STEP: RegisterSteps.clickLoginButton - clickRegisterLink
19:05:29.665 [Forwarding findElement on session 3b2033e118c7440c5db37eb4459a6fad to remote] DEBUG org.asynchttpclient.netty.request.NettyRequestSender - Using pooled Channel '[id: 0xb9de85bf, L:/127.0.0.1:61684 - R:localhost/127.0.0.1:5912]' for 'POST' to 'http://localhost:5912/session/3b2033e118c7440c5db37eb4459a6fad/element'
19:05:29.665 [Forwarding findElement on session 3b2033e118c7440c5db37eb4459a6fad to remote] DEBUG org.asynchttpclient.netty.request.NettyRequestSender - Using open Channel [id: 0xb9de85bf, L:/127.0.0.1:61684 - R:localhost/127.0.0.1:5912] for POST '/session/3b2033e118c7440c5db37eb4459a6fad/element'
19:05:29.676 [AsyncHttpClient-1-14] DEBUG org.asynchttpclient.netty.handler.HttpHandler - 

Request DefaultHttpRequest(decodeResult: success, version: HTTP/1.1)
POST /session/3b2033e118c7440c5db37eb4459a6fad/element HTTP/1.1
User-Agent: selenium/4.8.1 (java windows)
Content-Length: 84
Content-Type: application/json; charset=utf-8
host: localhost:5912
accept: */*

Response DefaultHttpResponse(decodeResult: success, version: HTTP/1.1)
HTTP/1.1 200 OK
Content-Length: 88
Content-Type: application/json; charset=utf-8
cache-control: no-cache

19:05:29.676 [AsyncHttpClient-1-14] DEBUG org.asynchttpclient.netty.channel.ChannelManager - Adding key: http://localhost:5912 for channel [id: 0xb9de85bf, L:/127.0.0.1:61684 - R:localhost/127.0.0.1:5912]
19:05:29.680 [Forwarding getElementTagName on session 3b2033e118c7440c5db37eb4459a6fad to remote] DEBUG org.asynchttpclient.netty.request.NettyRequestSender - Using pooled Channel '[id: 0xb9de85bf, L:/127.0.0.1:61684 - R:localhost/127.0.0.1:5912]' for 'GET' to 'http://localhost:5912/session/3b2033e118c7440c5db37eb4459a6fad/element/054882e7-e230-41d3-a77b-d82e150ccff4/name'
19:05:29.680 [Forwarding getElementTagName on session 3b2033e118c7440c5db37eb4459a6fad to remote] DEBUG org.asynchttpclient.netty.request.NettyRequestSender - Using open Channel [id: 0xb9de85bf, L:/127.0.0.1:61684 - R:localhost/127.0.0.1:5912] for GET '/session/3b2033e118c7440c5db37eb4459a6fad/element/054882e7-e230-41d3-a77b-d82e150ccff4/name'
19:05:29.691 [AsyncHttpClient-1-14] DEBUG org.asynchttpclient.netty.handler.HttpHandler - 

Request DefaultFullHttpRequest(decodeResult: success, version: HTTP/1.1, content: EmptyByteBufBE)
GET /session/3b2033e118c7440c5db37eb4459a6fad/element/054882e7-e230-41d3-a77b-d82e150ccff4/name HTTP/1.1
User-Agent: selenium/4.8.1 (java windows)
Cache-Control: no-cache
Content-Type: application/json; charset=utf-8
host: localhost:5912
accept: */*

Response DefaultHttpResponse(decodeResult: success, version: HTTP/1.1)
HTTP/1.1 200 OK
Content-Length: 13
Content-Type: application/json; charset=utf-8
cache-control: no-cache

19:05:29.691 [AsyncHttpClient-1-14] DEBUG org.asynchttpclient.netty.channel.ChannelManager - Adding key: http://localhost:5912 for channel [id: 0xb9de85bf, L:/127.0.0.1:61684 - R:localhost/127.0.0.1:5912]
19:05:29.693 [Forwarding getElementTagName on session 3b2033e118c7440c5db37eb4459a6fad to remote] DEBUG org.asynchttpclient.netty.request.NettyRequestSender - Using pooled Channel '[id: 0xb9de85bf, L:/127.0.0.1:61684 - R:localhost/127.0.0.1:5912]' for 'GET' to 'http://localhost:5912/session/3b2033e118c7440c5db37eb4459a6fad/element/054882e7-e230-41d3-a77b-d82e150ccff4/name'
19:05:29.693 [Forwarding getElementTagName on session 3b2033e118c7440c5db37eb4459a6fad to remote] DEBUG org.asynchttpclient.netty.request.NettyRequestSender - Using open Channel [id: 0xb9de85bf, L:/127.0.0.1:61684 - R:localhost/127.0.0.1:5912] for GET '/session/3b2033e118c7440c5db37eb4459a6fad/element/054882e7-e230-41d3-a77b-d82e150ccff4/name'
19:05:29.697 [AsyncHttpClient-1-14] DEBUG org.asynchttpclient.netty.handler.HttpHandler - 

Request DefaultFullHttpRequest(decodeResult: success, version: HTTP/1.1, content: EmptyByteBufBE)
GET /session/3b2033e118c7440c5db37eb4459a6fad/element/054882e7-e230-41d3-a77b-d82e150ccff4/name HTTP/1.1
User-Agent: selenium/4.8.1 (java windows)
Cache-Control: no-cache
Content-Type: application/json; charset=utf-8
host: localhost:5912
accept: */*

Response DefaultHttpResponse(decodeResult: success, version: HTTP/1.1)
HTTP/1.1 200 OK
Content-Length: 13
Content-Type: application/json; charset=utf-8
cache-control: no-cache

19:05:29.698 [AsyncHttpClient-1-14] DEBUG org.asynchttpclient.netty.channel.ChannelManager - Adding key: http://localhost:5912 for channel [id: 0xb9de85bf, L:/127.0.0.1:61684 - R:localhost/127.0.0.1:5912]
19:05:29.701 [Forwarding findElement on session 3b2033e118c7440c5db37eb4459a6fad to remote] DEBUG org.asynchttpclient.netty.request.NettyRequestSender - Using pooled Channel '[id: 0xb9de85bf, L:/127.0.0.1:61684 - R:localhost/127.0.0.1:5912]' for 'POST' to 'http://localhost:5912/session/3b2033e118c7440c5db37eb4459a6fad/element'
19:05:29.701 [Forwarding findElement on session 3b2033e118c7440c5db37eb4459a6fad to remote] DEBUG org.asynchttpclient.netty.request.NettyRequestSender - Using open Channel [id: 0xb9de85bf, L:/127.0.0.1:61684 - R:localhost/127.0.0.1:5912] for POST '/session/3b2033e118c7440c5db37eb4459a6fad/element'
19:05:29.711 [AsyncHttpClient-1-14] DEBUG org.asynchttpclient.netty.handler.HttpHandler - 

Request DefaultHttpRequest(decodeResult: success, version: HTTP/1.1)
POST /session/3b2033e118c7440c5db37eb4459a6fad/element HTTP/1.1
User-Agent: selenium/4.8.1 (java windows)
Content-Length: 84
Content-Type: application/json; charset=utf-8
host: localhost:5912
accept: */*

Response DefaultHttpResponse(decodeResult: success, version: HTTP/1.1)
HTTP/1.1 200 OK
Content-Length: 88
Content-Type: application/json; charset=utf-8
cache-control: no-cache

19:05:29.711 [AsyncHttpClient-1-14] DEBUG org.asynchttpclient.netty.channel.ChannelManager - Adding key: http://localhost:5912 for channel [id: 0xb9de85bf, L:/127.0.0.1:61684 - R:localhost/127.0.0.1:5912]
19:05:29.713 [Forwarding clickElement on session 3b2033e118c7440c5db37eb4459a6fad to remote] DEBUG org.asynchttpclient.netty.request.NettyRequestSender - Using pooled Channel '[id: 0xb9de85bf, L:/127.0.0.1:61684 - R:localhost/127.0.0.1:5912]' for 'POST' to 'http://localhost:5912/session/3b2033e118c7440c5db37eb4459a6fad/element/054882e7-e230-41d3-a77b-d82e150ccff4/click'
19:05:29.713 [Forwarding clickElement on session 3b2033e118c7440c5db37eb4459a6fad to remote] DEBUG org.asynchttpclient.netty.request.NettyRequestSender - Using open Channel [id: 0xb9de85bf, L:/127.0.0.1:61684 - R:localhost/127.0.0.1:5912] for POST '/session/3b2033e118c7440c5db37eb4459a6fad/element/054882e7-e230-41d3-a77b-d82e150ccff4/click'
19:05:29.848 [AsyncHttpClient-1-14] DEBUG org.asynchttpclient.netty.handler.HttpHandler - 

Request DefaultHttpRequest(decodeResult: success, version: HTTP/1.1)
POST /session/3b2033e118c7440c5db37eb4459a6fad/element/054882e7-e230-41d3-a77b-d82e150ccff4/click HTTP/1.1
User-Agent: selenium/4.8.1 (java windows)
Content-Length: 50
Content-Type: application/json; charset=utf-8
host: localhost:5912
accept: */*

Response DefaultHttpResponse(decodeResult: success, version: HTTP/1.1)
HTTP/1.1 200 OK
Content-Length: 14
Content-Type: application/json; charset=utf-8
cache-control: no-cache

19:05:29.848 [AsyncHttpClient-1-14] DEBUG org.asynchttpclient.netty.channel.ChannelManager - Adding key: http://localhost:5912 for channel [id: 0xb9de85bf, L:/127.0.0.1:61684 - R:localhost/127.0.0.1:5912]
19:05:29.861 [Forwarding getAlertText on session 3b2033e118c7440c5db37eb4459a6fad to remote] DEBUG org.asynchttpclient.netty.request.NettyRequestSender - Using pooled Channel '[id: 0xb9de85bf, L:/127.0.0.1:61684 - R:localhost/127.0.0.1:5912]' for 'GET' to 'http://localhost:5912/session/3b2033e118c7440c5db37eb4459a6fad/alert/text'
19:05:29.861 [Forwarding getAlertText on session 3b2033e118c7440c5db37eb4459a6fad to remote] DEBUG org.asynchttpclient.netty.request.NettyRequestSender - Using open Channel [id: 0xb9de85bf, L:/127.0.0.1:61684 - R:localhost/127.0.0.1:5912] for GET '/session/3b2033e118c7440c5db37eb4459a6fad/alert/text'
19:05:29.876 [AsyncHttpClient-1-14] DEBUG org.asynchttpclient.netty.handler.HttpHandler - 

Request DefaultFullHttpRequest(decodeResult: success, version: HTTP/1.1, content: EmptyByteBufBE)
GET /session/3b2033e118c7440c5db37eb4459a6fad/alert/text HTTP/1.1
User-Agent: selenium/4.8.1 (java windows)
Cache-Control: no-cache
Content-Type: application/json; charset=utf-8
host: localhost:5912
accept: */*

Response DefaultHttpResponse(decodeResult: success, version: HTTP/1.1)
HTTP/1.1 404 Not Found
Content-Length: 836
Content-Type: application/json; charset=utf-8
cache-control: no-cache

19:05:29.876 [AsyncHttpClient-1-14] DEBUG org.asynchttpclient.netty.channel.ChannelManager - Adding key: http://localhost:5912 for channel [id: 0xb9de85bf, L:/127.0.0.1:61684 - R:localhost/127.0.0.1:5912]
19:05:29.879 [Forwarding getCurrentUrl on session 3b2033e118c7440c5db37eb4459a6fad to remote] DEBUG org.asynchttpclient.netty.request.NettyRequestSender - Using pooled Channel '[id: 0xb9de85bf, L:/127.0.0.1:61684 - R:localhost/127.0.0.1:5912]' for 'GET' to 'http://localhost:5912/session/3b2033e118c7440c5db37eb4459a6fad/url'
19:05:29.879 [Forwarding getCurrentUrl on session 3b2033e118c7440c5db37eb4459a6fad to remote] DEBUG org.asynchttpclient.netty.request.NettyRequestSender - Using open Channel [id: 0xb9de85bf, L:/127.0.0.1:61684 - R:localhost/127.0.0.1:5912] for GET '/session/3b2033e118c7440c5db37eb4459a6fad/url'
19:05:29.888 [AsyncHttpClient-1-14] DEBUG org.asynchttpclient.netty.handler.HttpHandler - 

Request DefaultFullHttpRequest(decodeResult: success, version: HTTP/1.1, content: EmptyByteBufBE)
GET /session/3b2033e118c7440c5db37eb4459a6fad/url HTTP/1.1
User-Agent: selenium/4.8.1 (java windows)
Cache-Control: no-cache
Content-Type: application/json; charset=utf-8
host: localhost:5912
accept: */*

Response DefaultHttpResponse(decodeResult: success, version: HTTP/1.1)
HTTP/1.1 200 OK
Content-Length: 54
Content-Type: application/json; charset=utf-8
cache-control: no-cache

19:05:29.888 [AsyncHttpClient-1-14] DEBUG org.asynchttpclient.netty.channel.ChannelManager - Adding key: http://localhost:5912 for channel [id: 0xb9de85bf, L:/127.0.0.1:61684 - R:localhost/127.0.0.1:5912]
19:05:29.890 [Forwarding screenshot on session 3b2033e118c7440c5db37eb4459a6fad to remote] DEBUG org.asynchttpclient.netty.request.NettyRequestSender - Using pooled Channel '[id: 0xb9de85bf, L:/127.0.0.1:61684 - R:localhost/127.0.0.1:5912]' for 'GET' to 'http://localhost:5912/session/3b2033e118c7440c5db37eb4459a6fad/screenshot'
19:05:29.890 [Forwarding screenshot on session 3b2033e118c7440c5db37eb4459a6fad to remote] DEBUG org.asynchttpclient.netty.request.NettyRequestSender - Using open Channel [id: 0xb9de85bf, L:/127.0.0.1:61684 - R:localhost/127.0.0.1:5912] for GET '/session/3b2033e118c7440c5db37eb4459a6fad/screenshot'
19:05:30.029 [AsyncHttpClient-1-1] DEBUG org.asynchttpclient.netty.channel.DefaultChannelPool - Entry count for : http://localhost:61687 : 1
19:05:30.088 [AsyncHttpClient-1-14] DEBUG org.asynchttpclient.netty.handler.HttpHandler - 

Request DefaultFullHttpRequest(decodeResult: success, version: HTTP/1.1, content: EmptyByteBufBE)
GET /session/3b2033e118c7440c5db37eb4459a6fad/screenshot HTTP/1.1
User-Agent: selenium/4.8.1 (java windows)
Cache-Control: no-cache
Content-Type: application/json; charset=utf-8
host: localhost:5912
accept: */*

Response DefaultHttpResponse(decodeResult: success, version: HTTP/1.1)
HTTP/1.1 200 OK
Content-Length: 30264
Content-Type: application/json; charset=utf-8
cache-control: no-cache

19:05:30.089 [AsyncHttpClient-1-14] DEBUG org.asynchttpclient.netty.channel.ChannelManager - Adding key: http://localhost:5912 for channel [id: 0xb9de85bf, L:/127.0.0.1:61684 - R:localhost/127.0.0.1:5912]
19:05:30.091 [main] DEBUG net.serenitybdd.core.photography.Darkroom - Send negative for processing for target\site\serenity\5b34f83448179450cca3658a6eb1cd10f978480c6a8a6de39426da5a32533e30.png
19:05:30.092 [main] DEBUG net.thucydides.core.steps.StepInterceptor - STEP DONE: clickRegisterLink
  &amp#27;[32mWhen &amp#27;[0m&amp#27;[32mI go to the alta-shop register page&amp#27;[0m  &amp#27;[90m# starter.stepdefinitions.RegisterSteps.clickLoginButton()&amp#27;[0m
19:05:30.105 [Forwarding getPageSource on session 3b2033e118c7440c5db37eb4459a6fad to remote] DEBUG org.asynchttpclient.netty.request.NettyRequestSender - Using pooled Channel '[id: 0xb9de85bf, L:/127.0.0.1:61684 - R:localhost/127.0.0.1:5912]' for 'POST' to 'http://localhost:5912/session/3b2033e118c7440c5db37eb4459a6fad/execute/sync'
19:05:30.105 [Forwarding getPageSource on session 3b2033e118c7440c5db37eb4459a6fad to remote] DEBUG org.asynchttpclient.netty.request.NettyRequestSender - Using open Channel [id: 0xb9de85bf, L:/127.0.0.1:61684 - R:localhost/127.0.0.1:5912] for POST '/session/3b2033e118c7440c5db37eb4459a6fad/execute/sync'
19:05:30.113 [AsyncHttpClient-1-14] DEBUG org.asynchttpclient.netty.handler.HttpHandler - 

Request DefaultHttpRequest(decodeResult: success, version: HTTP/1.1)
POST /session/3b2033e118c7440c5db37eb4459a6fad/execute/sync HTTP/1.1
User-Agent: selenium/4.8.1 (java windows)
Content-Length: 176
Content-Type: application/json; charset=utf-8
host: localhost:5912
accept: */*

Response DefaultHttpResponse(decodeResult: success, version: HTTP/1.1)
HTTP/1.1 200 OK
Content-Length: 22314
Content-Type: application/json; charset=utf-8
cache-control: no-cache

19:05:30.114 [AsyncHttpClient-1-14] DEBUG org.asynchttpclient.netty.channel.ChannelManager - Adding key: http://localhost:5912 for channel [id: 0xb9de85bf, L:/127.0.0.1:61684 - R:localhost/127.0.0.1:5912]
19:05:30.116 [Forwarding getCurrentUrl on session 3b2033e118c7440c5db37eb4459a6fad to remote] DEBUG org.asynchttpclient.netty.request.NettyRequestSender - Using pooled Channel '[id: 0xb9de85bf, L:/127.0.0.1:61684 - R:localhost/127.0.0.1:5912]' for 'GET' to 'http://localhost:5912/session/3b2033e118c7440c5db37eb4459a6fad/url'
19:05:30.116 [Forwarding getCurrentUrl on session 3b2033e118c7440c5db37eb4459a6fad to remote] DEBUG org.asynchttpclient.netty.request.NettyRequestSender - Using open Channel [id: 0xb9de85bf, L:/127.0.0.1:61684 - R:localhost/127.0.0.1:5912] for GET '/session/3b2033e118c7440c5db37eb4459a6fad/url'
19:05:30.125 [AsyncHttpClient-1-14] DEBUG org.asynchttpclient.netty.handler.HttpHandler - 

Request DefaultFullHttpRequest(decodeResult: success, version: HTTP/1.1, content: EmptyByteBufBE)
GET /session/3b2033e118c7440c5db37eb4459a6fad/url HTTP/1.1
User-Agent: selenium/4.8.1 (java windows)
Cache-Control: no-cache
Content-Type: application/json; charset=utf-8
host: localhost:5912
accept: */*

Response DefaultHttpResponse(decodeResult: success, version: HTTP/1.1)
HTTP/1.1 200 OK
Content-Length: 54
Content-Type: application/json; charset=utf-8
cache-control: no-cache

19:05:30.125 [AsyncHttpClient-1-14] DEBUG org.asynchttpclient.netty.channel.ChannelManager - Adding key: http://localhost:5912 for channel [id: 0xb9de85bf, L:/127.0.0.1:61684 - R:localhost/127.0.0.1:5912]
19:05:30.137 [Forwarding getPageSource on session 3b2033e118c7440c5db37eb4459a6fad to remote] DEBUG org.asynchttpclient.netty.request.NettyRequestSender - Using pooled Channel '[id: 0xb9de85bf, L:/127.0.0.1:61684 - R:localhost/127.0.0.1:5912]' for 'POST' to 'http://localhost:5912/session/3b2033e118c7440c5db37eb4459a6fad/execute/sync'
19:05:30.137 [Forwarding getPageSource on session 3b2033e118c7440c5db37eb4459a6fad to remote] DEBUG org.asynchttpclient.netty.request.NettyRequestSender - Using open Channel [id: 0xb9de85bf, L:/127.0.0.1:61684 - R:localhost/127.0.0.1:5912] for POST '/session/3b2033e118c7440c5db37eb4459a6fad/execute/sync'
19:05:30.143 [AsyncHttpClient-1-14] DEBUG org.asynchttpclient.netty.handler.HttpHandler - 

Request DefaultHttpRequest(decodeResult: success, version: HTTP/1.1)
POST /session/3b2033e118c7440c5db37eb4459a6fad/execute/sync HTTP/1.1
User-Agent: selenium/4.8.1 (java windows)
Content-Length: 176
Content-Type: application/json; charset=utf-8
host: localhost:5912
accept: */*

Response DefaultHttpResponse(decodeResult: success, version: HTTP/1.1)
HTTP/1.1 200 OK
Content-Length: 22314
Content-Type: application/json; charset=utf-8
cache-control: no-cache

19:05:30.143 [AsyncHttpClient-1-14] DEBUG org.asynchttpclient.netty.channel.ChannelManager - Adding key: http://localhost:5912 for channel [id: 0xb9de85bf, L:/127.0.0.1:61684 - R:localhost/127.0.0.1:5912]
19:05:30.145 [Forwarding getCurrentUrl on session 3b2033e118c7440c5db37eb4459a6fad to remote] DEBUG org.asynchttpclient.netty.request.NettyRequestSender - Using pooled Channel '[id: 0xb9de85bf, L:/127.0.0.1:61684 - R:localhost/127.0.0.1:5912]' for 'GET' to 'http://localhost:5912/session/3b2033e118c7440c5db37eb4459a6fad/url'
19:05:30.145 [Forwarding getCurrentUrl on session 3b2033e118c7440c5db37eb4459a6fad to remote] DEBUG org.asynchttpclient.netty.request.NettyRequestSender - Using open Channel [id: 0xb9de85bf, L:/127.0.0.1:61684 - R:localhost/127.0.0.1:5912] for GET '/session/3b2033e118c7440c5db37eb4459a6fad/url'
19:05:30.150 [AsyncHttpClient-1-14] DEBUG org.asynchttpclient.netty.handler.HttpHandler - 

Request DefaultFullHttpRequest(decodeResult: success, version: HTTP/1.1, content: EmptyByteBufBE)
GET /session/3b2033e118c7440c5db37eb4459a6fad/url HTTP/1.1
User-Agent: selenium/4.8.1 (java windows)
Cache-Control: no-cache
Content-Type: application/json; charset=utf-8
host: localhost:5912
accept: */*

Response DefaultHttpResponse(decodeResult: success, version: HTTP/1.1)
HTTP/1.1 200 OK
Content-Length: 54
Content-Type: application/json; charset=utf-8
cache-control: no-cache

19:05:30.150 [AsyncHttpClient-1-14] DEBUG org.asynchttpclient.netty.channel.ChannelManager - Adding key: http://localhost:5912 for channel [id: 0xb9de85bf, L:/127.0.0.1:61684 - R:localhost/127.0.0.1:5912]
19:05:30.153 [main] DEBUG net.thucydides.core.steps.StepInterceptor - STARTING STEP: RegisterSteps.inputFullnameReg - inputFullnameReg
19:05:30.156 [Forwarding findElement on session 3b2033e118c7440c5db37eb4459a6fad to remote] DEBUG org.asynchttpclient.netty.request.NettyRequestSender - Using pooled Channel '[id: 0xb9de85bf, L:/127.0.0.1:61684 - R:localhost/127.0.0.1:5912]' for 'POST' to 'http://localhost:5912/session/3b2033e118c7440c5db37eb4459a6fad/element'
19:05:30.156 [Forwarding findElement on session 3b2033e118c7440c5db37eb4459a6fad to remote] DEBUG org.asynchttpclient.netty.request.NettyRequestSender - Using open Channel [id: 0xb9de85bf, L:/127.0.0.1:61684 - R:localhost/127.0.0.1:5912] for POST '/session/3b2033e118c7440c5db37eb4459a6fad/element'
19:05:30.168 [AsyncHttpClient-1-14] DEBUG org.asynchttpclient.netty.handler.HttpHandler - 

Request DefaultHttpRequest(decodeResult: success, version: HTTP/1.1)
POST /session/3b2033e118c7440c5db37eb4459a6fad/element HTTP/1.1
User-Agent: selenium/4.8.1 (java windows)
Content-Length: 55
Content-Type: application/json; charset=utf-8
host: localhost:5912
accept: */*

Response DefaultHttpResponse(decodeResult: success, version: HTTP/1.1)
HTTP/1.1 200 OK
Content-Length: 88
Content-Type: application/json; charset=utf-8
cache-control: no-cache

19:05:30.168 [AsyncHttpClient-1-14] DEBUG org.asynchttpclient.netty.channel.ChannelManager - Adding key: http://localhost:5912 for channel [id: 0xb9de85bf, L:/127.0.0.1:61684 - R:localhost/127.0.0.1:5912]
19:05:30.170 [Forwarding clearElement on session 3b2033e118c7440c5db37eb4459a6fad to remote] DEBUG org.asynchttpclient.netty.request.NettyRequestSender - Using pooled Channel '[id: 0xb9de85bf, L:/127.0.0.1:61684 - R:localhost/127.0.0.1:5912]' for 'POST' to 'http://localhost:5912/session/3b2033e118c7440c5db37eb4459a6fad/element/6586ef95-dec8-4df9-81dd-6a2fd9648192/clear'
19:05:30.170 [Forwarding clearElement on session 3b2033e118c7440c5db37eb4459a6fad to remote] DEBUG org.asynchttpclient.netty.request.NettyRequestSender - Using open Channel [id: 0xb9de85bf, L:/127.0.0.1:61684 - R:localhost/127.0.0.1:5912] for POST '/session/3b2033e118c7440c5db37eb4459a6fad/element/6586ef95-dec8-4df9-81dd-6a2fd9648192/clear'
19:05:30.204 [AsyncHttpClient-1-14] DEBUG org.asynchttpclient.netty.handler.HttpHandler - 

Request DefaultHttpRequest(decodeResult: success, version: HTTP/1.1)
POST /session/3b2033e118c7440c5db37eb4459a6fad/element/6586ef95-dec8-4df9-81dd-6a2fd9648192/clear HTTP/1.1
User-Agent: selenium/4.8.1 (java windows)
Content-Length: 50
Content-Type: application/json; charset=utf-8
host: localhost:5912
accept: */*

Response DefaultHttpResponse(decodeResult: success, version: HTTP/1.1)
HTTP/1.1 200 OK
Content-Length: 14
Content-Type: application/json; charset=utf-8
cache-control: no-cache

19:05:30.204 [AsyncHttpClient-1-14] DEBUG org.asynchttpclient.netty.channel.ChannelManager - Adding key: http://localhost:5912 for channel [id: 0xb9de85bf, L:/127.0.0.1:61684 - R:localhost/127.0.0.1:5912]
19:05:30.205 [Forwarding sendKeysToElement on session 3b2033e118c7440c5db37eb4459a6fad to remote] DEBUG org.asynchttpclient.netty.request.NettyRequestSender - Using pooled Channel '[id: 0xb9de85bf, L:/127.0.0.1:61684 - R:localhost/127.0.0.1:5912]' for 'POST' to 'http://localhost:5912/session/3b2033e118c7440c5db37eb4459a6fad/element/6586ef95-dec8-4df9-81dd-6a2fd9648192/value'
19:05:30.205 [Forwarding sendKeysToElement on session 3b2033e118c7440c5db37eb4459a6fad to remote] DEBUG org.asynchttpclient.netty.request.NettyRequestSender - Using open Channel [id: 0xb9de85bf, L:/127.0.0.1:61684 - R:localhost/127.0.0.1:5912] for POST '/session/3b2033e118c7440c5db37eb4459a6fad/element/6586ef95-dec8-4df9-81dd-6a2fd9648192/value'
19:05:30.445 [AsyncHttpClient-1-14] DEBUG org.asynchttpclient.netty.handler.HttpHandler - 

Request DefaultHttpRequest(decodeResult: success, version: HTTP/1.1)
POST /session/3b2033e118c7440c5db37eb4459a6fad/element/6586ef95-dec8-4df9-81dd-6a2fd9648192/value HTTP/1.1
User-Agent: selenium/4.8.1 (java windows)
Content-Length: 281
Content-Type: application/json; charset=utf-8
host: localhost:5912
accept: */*

Response DefaultHttpResponse(decodeResult: success, version: HTTP/1.1)
HTTP/1.1 200 OK
Content-Length: 14
Content-Type: application/json; charset=utf-8
cache-control: no-cache

19:05:30.446 [AsyncHttpClient-1-14] DEBUG org.asynchttpclient.netty.channel.ChannelManager - Adding key: http://localhost:5912 for channel [id: 0xb9de85bf, L:/127.0.0.1:61684 - R:localhost/127.0.0.1:5912]
19:05:30.454 [Forwarding getAlertText on session 3b2033e118c7440c5db37eb4459a6fad to remote] DEBUG org.asynchttpclient.netty.request.NettyRequestSender - Using pooled Channel '[id: 0xb9de85bf, L:/127.0.0.1:61684 - R:localhost/127.0.0.1:5912]' for 'GET' to 'http://localhost:5912/session/3b2033e118c7440c5db37eb4459a6fad/alert/text'
19:05:30.454 [Forwarding getAlertText on session 3b2033e118c7440c5db37eb4459a6fad to remote] DEBUG org.asynchttpclient.netty.request.NettyRequestSender - Using open Channel [id: 0xb9de85bf, L:/127.0.0.1:61684 - R:localhost/127.0.0.1:5912] for GET '/session/3b2033e118c7440c5db37eb4459a6fad/alert/text'
19:05:30.458 [AsyncHttpClient-1-14] DEBUG org.asynchttpclient.netty.handler.HttpHandler - 

Request DefaultFullHttpRequest(decodeResult: success, version: HTTP/1.1, content: EmptyByteBufBE)
GET /session/3b2033e118c7440c5db37eb4459a6fad/alert/text HTTP/1.1
User-Agent: selenium/4.8.1 (java windows)
Cache-Control: no-cache
Content-Type: application/json; charset=utf-8
host: localhost:5912
accept: */*

Response DefaultHttpResponse(decodeResult: success, version: HTTP/1.1)
HTTP/1.1 404 Not Found
Content-Length: 836
Content-Type: application/json; charset=utf-8
cache-control: no-cache

19:05:30.458 [AsyncHttpClient-1-14] DEBUG org.asynchttpclient.netty.channel.ChannelManager - Adding key: http://localhost:5912 for channel [id: 0xb9de85bf, L:/127.0.0.1:61684 - R:localhost/127.0.0.1:5912]
19:05:30.460 [Forwarding getCurrentUrl on session 3b2033e118c7440c5db37eb4459a6fad to remote] DEBUG org.asynchttpclient.netty.request.NettyRequestSender - Using pooled Channel '[id: 0xb9de85bf, L:/127.0.0.1:61684 - R:localhost/127.0.0.1:5912]' for 'GET' to 'http://localhost:5912/session/3b2033e118c7440c5db37eb4459a6fad/url'
19:05:30.460 [Forwarding getCurrentUrl on session 3b2033e118c7440c5db37eb4459a6fad to remote] DEBUG org.asynchttpclient.netty.request.NettyRequestSender - Using open Channel [id: 0xb9de85bf, L:/127.0.0.1:61684 - R:localhost/127.0.0.1:5912] for GET '/session/3b2033e118c7440c5db37eb4459a6fad/url'
19:05:30.467 [AsyncHttpClient-1-14] DEBUG org.asynchttpclient.netty.handler.HttpHandler - 

Request DefaultFullHttpRequest(decodeResult: success, version: HTTP/1.1, content: EmptyByteBufBE)
GET /session/3b2033e118c7440c5db37eb4459a6fad/url HTTP/1.1
User-Agent: selenium/4.8.1 (java windows)
Cache-Control: no-cache
Content-Type: application/json; charset=utf-8
host: localhost:5912
accept: */*

Response DefaultHttpResponse(decodeResult: success, version: HTTP/1.1)
HTTP/1.1 200 OK
Content-Length: 54
Content-Type: application/json; charset=utf-8
cache-control: no-cache

19:05:30.467 [AsyncHttpClient-1-14] DEBUG org.asynchttpclient.netty.channel.ChannelManager - Adding key: http://localhost:5912 for channel [id: 0xb9de85bf, L:/127.0.0.1:61684 - R:localhost/127.0.0.1:5912]
19:05:30.468 [Forwarding screenshot on session 3b2033e118c7440c5db37eb4459a6fad to remote] DEBUG org.asynchttpclient.netty.request.NettyRequestSender - Using pooled Channel '[id: 0xb9de85bf, L:/127.0.0.1:61684 - R:localhost/127.0.0.1:5912]' for 'GET' to 'http://localhost:5912/session/3b2033e118c7440c5db37eb4459a6fad/screenshot'
19:05:30.468 [Forwarding screenshot on session 3b2033e118c7440c5db37eb4459a6fad to remote] DEBUG org.asynchttpclient.netty.request.NettyRequestSender - Using open Channel [id: 0xb9de85bf, L:/127.0.0.1:61684 - R:localhost/127.0.0.1:5912] for GET '/session/3b2033e118c7440c5db37eb4459a6fad/screenshot'
19:05:30.589 [AsyncHttpClient-1-14] DEBUG org.asynchttpclient.netty.handler.HttpHandler - 

Request DefaultFullHttpRequest(decodeResult: success, version: HTTP/1.1, content: EmptyByteBufBE)
GET /session/3b2033e118c7440c5db37eb4459a6fad/screenshot HTTP/1.1
User-Agent: selenium/4.8.1 (java windows)
Cache-Control: no-cache
Content-Type: application/json; charset=utf-8
host: localhost:5912
accept: */*

Response DefaultHttpResponse(decodeResult: success, version: HTTP/1.1)
HTTP/1.1 200 OK
Content-Length: 33804
Content-Type: application/json; charset=utf-8
cache-control: no-cache

19:05:30.590 [AsyncHttpClient-1-14] DEBUG org.asynchttpclient.netty.channel.ChannelManager - Adding key: http://localhost:5912 for channel [id: 0xb9de85bf, L:/127.0.0.1:61684 - R:localhost/127.0.0.1:5912]
19:05:30.594 [main] DEBUG net.serenitybdd.core.photography.Darkroom - Send negative for processing for target\site\serenity\7fab4f102b694bde97f294d3c78d186e05df232979458c82e9332e91ad0e0cc1.png
19:05:30.594 [main] DEBUG net.thucydides.core.steps.StepInterceptor - STEP DONE: inputFullnameReg
  &amp#27;[32mAnd &amp#27;[0m&amp#27;[32mI input correct fullname for register&amp#27;[0m &amp#27;[90m# starter.stepdefinitions.RegisterSteps.inputFullnameReg()&amp#27;[0m
19:05:30.594 [Darkroom Processing Line] DEBUG net.serenitybdd.core.photography.DarkroomProcessingLine - Processing screenshot image in /var/screenshots/screenshot-16737027189575111211
19:05:30.594 [Darkroom Processing Line] DEBUG net.serenitybdd.core.photography.DarkroomProcessingLine - Saving screenshot to target\site\serenity\7fab4f102b694bde97f294d3c78d186e05df232979458c82e9332e91ad0e0cc1.png
19:05:30.603 [Forwarding getPageSource on session 3b2033e118c7440c5db37eb4459a6fad to remote] DEBUG org.asynchttpclient.netty.request.NettyRequestSender - Using pooled Channel '[id: 0xb9de85bf, L:/127.0.0.1:61684 - R:localhost/127.0.0.1:5912]' for 'POST' to 'http://localhost:5912/session/3b2033e118c7440c5db37eb4459a6fad/execute/sync'
19:05:30.603 [Forwarding getPageSource on session 3b2033e118c7440c5db37eb4459a6fad to remote] DEBUG org.asynchttpclient.netty.request.NettyRequestSender - Using open Channel [id: 0xb9de85bf, L:/127.0.0.1:61684 - R:localhost/127.0.0.1:5912] for POST '/session/3b2033e118c7440c5db37eb4459a6fad/execute/sync'
19:05:30.608 [AsyncHttpClient-1-14] DEBUG org.asynchttpclient.netty.handler.HttpHandler - 

Request DefaultHttpRequest(decodeResult: success, version: HTTP/1.1)
POST /session/3b2033e118c7440c5db37eb4459a6fad/execute/sync HTTP/1.1
User-Agent: selenium/4.8.1 (java windows)
Content-Length: 176
Content-Type: application/json; charset=utf-8
host: localhost:5912
accept: */*

Response DefaultHttpResponse(decodeResult: success, version: HTTP/1.1)
HTTP/1.1 200 OK
Content-Length: 22435
Content-Type: application/json; charset=utf-8
cache-control: no-cache

19:05:30.608 [AsyncHttpClient-1-14] DEBUG org.asynchttpclient.netty.channel.ChannelManager - Adding key: http://localhost:5912 for channel [id: 0xb9de85bf, L:/127.0.0.1:61684 - R:localhost/127.0.0.1:5912]
19:05:30.610 [Forwarding getCurrentUrl on session 3b2033e118c7440c5db37eb4459a6fad to remote] DEBUG org.asynchttpclient.netty.request.NettyRequestSender - Using pooled Channel '[id: 0xb9de85bf, L:/127.0.0.1:61684 - R:localhost/127.0.0.1:5912]' for 'GET' to 'http://localhost:5912/session/3b2033e118c7440c5db37eb4459a6fad/url'
19:05:30.610 [Forwarding getCurrentUrl on session 3b2033e118c7440c5db37eb4459a6fad to remote] DEBUG org.asynchttpclient.netty.request.NettyRequestSender - Using open Channel [id: 0xb9de85bf, L:/127.0.0.1:61684 - R:localhost/127.0.0.1:5912] for GET '/session/3b2033e118c7440c5db37eb4459a6fad/url'
19:05:30.613 [AsyncHttpClient-1-14] DEBUG org.asynchttpclient.netty.handler.HttpHandler - 

Request DefaultFullHttpRequest(decodeResult: success, version: HTTP/1.1, content: EmptyByteBufBE)
GET /session/3b2033e118c7440c5db37eb4459a6fad/url HTTP/1.1
User-Agent: selenium/4.8.1 (java windows)
Cache-Control: no-cache
Content-Type: application/json; charset=utf-8
host: localhost:5912
accept: */*

Response DefaultHttpResponse(decodeResult: success, version: HTTP/1.1)
HTTP/1.1 200 OK
Content-Length: 54
Content-Type: application/json; charset=utf-8
cache-control: no-cache

19:05:30.613 [AsyncHttpClient-1-14] DEBUG org.asynchttpclient.netty.channel.ChannelManager - Adding key: http://localhost:5912 for channel [id: 0xb9de85bf, L:/127.0.0.1:61684 - R:localhost/127.0.0.1:5912]
19:05:30.622 [Forwarding getPageSource on session 3b2033e118c7440c5db37eb4459a6fad to remote] DEBUG org.asynchttpclient.netty.request.NettyRequestSender - Using pooled Channel '[id: 0xb9de85bf, L:/127.0.0.1:61684 - R:localhost/127.0.0.1:5912]' for 'POST' to 'http://localhost:5912/session/3b2033e118c7440c5db37eb4459a6fad/execute/sync'
19:05:30.622 [Forwarding getPageSource on session 3b2033e118c7440c5db37eb4459a6fad to remote] DEBUG org.asynchttpclient.netty.request.NettyRequestSender - Using open Channel [id: 0xb9de85bf, L:/127.0.0.1:61684 - R:localhost/127.0.0.1:5912] for POST '/session/3b2033e118c7440c5db37eb4459a6fad/execute/sync'
19:05:30.627 [AsyncHttpClient-1-14] DEBUG org.asynchttpclient.netty.handler.HttpHandler - 

Request DefaultHttpRequest(decodeResult: success, version: HTTP/1.1)
POST /session/3b2033e118c7440c5db37eb4459a6fad/execute/sync HTTP/1.1
User-Agent: selenium/4.8.1 (java windows)
Content-Length: 176
Content-Type: application/json; charset=utf-8
host: localhost:5912
accept: */*

Response DefaultHttpResponse(decodeResult: success, version: HTTP/1.1)
HTTP/1.1 200 OK
Content-Length: 22435
Content-Type: application/json; charset=utf-8
cache-control: no-cache

19:05:30.628 [AsyncHttpClient-1-14] DEBUG org.asynchttpclient.netty.channel.ChannelManager - Adding key: http://localhost:5912 for channel [id: 0xb9de85bf, L:/127.0.0.1:61684 - R:localhost/127.0.0.1:5912]
19:05:30.629 [Forwarding getCurrentUrl on session 3b2033e118c7440c5db37eb4459a6fad to remote] DEBUG org.asynchttpclient.netty.request.NettyRequestSender - Using pooled Channel '[id: 0xb9de85bf, L:/127.0.0.1:61684 - R:localhost/127.0.0.1:5912]' for 'GET' to 'http://localhost:5912/session/3b2033e118c7440c5db37eb4459a6fad/url'
19:05:30.629 [Forwarding getCurrentUrl on session 3b2033e118c7440c5db37eb4459a6fad to remote] DEBUG org.asynchttpclient.netty.request.NettyRequestSender - Using open Channel [id: 0xb9de85bf, L:/127.0.0.1:61684 - R:localhost/127.0.0.1:5912] for GET '/session/3b2033e118c7440c5db37eb4459a6fad/url'
19:05:30.632 [AsyncHttpClient-1-14] DEBUG org.asynchttpclient.netty.handler.HttpHandler - 

Request DefaultFullHttpRequest(decodeResult: success, version: HTTP/1.1, content: EmptyByteBufBE)
GET /session/3b2033e118c7440c5db37eb4459a6fad/url HTTP/1.1
User-Agent: selenium/4.8.1 (java windows)
Cache-Control: no-cache
Content-Type: application/json; charset=utf-8
host: localhost:5912
accept: */*

Response DefaultHttpResponse(decodeResult: success, version: HTTP/1.1)
HTTP/1.1 200 OK
Content-Length: 54
Content-Type: application/json; charset=utf-8
cache-control: no-cache

19:05:30.633 [AsyncHttpClient-1-14] DEBUG org.asynchttpclient.netty.channel.ChannelManager - Adding key: http://localhost:5912 for channel [id: 0xb9de85bf, L:/127.0.0.1:61684 - R:localhost/127.0.0.1:5912]
19:05:30.635 [main] DEBUG net.thucydides.core.steps.StepInterceptor - STARTING STEP: RegisterSteps.inputExistedEmailReg - inputEmailReg
19:05:30.636 [Forwarding findElement on session 3b2033e118c7440c5db37eb4459a6fad to remote] DEBUG org.asynchttpclient.netty.request.NettyRequestSender - Using pooled Channel '[id: 0xb9de85bf, L:/127.0.0.1:61684 - R:localhost/127.0.0.1:5912]' for 'POST' to 'http://localhost:5912/session/3b2033e118c7440c5db37eb4459a6fad/element'
19:05:30.636 [Forwarding findElement on session 3b2033e118c7440c5db37eb4459a6fad to remote] DEBUG org.asynchttpclient.netty.request.NettyRequestSender - Using open Channel [id: 0xb9de85bf, L:/127.0.0.1:61684 - R:localhost/127.0.0.1:5912] for POST '/session/3b2033e118c7440c5db37eb4459a6fad/element'
19:05:30.647 [AsyncHttpClient-1-14] DEBUG org.asynchttpclient.netty.handler.HttpHandler - 

Request DefaultHttpRequest(decodeResult: success, version: HTTP/1.1)
POST /session/3b2033e118c7440c5db37eb4459a6fad/element HTTP/1.1
User-Agent: selenium/4.8.1 (java windows)
Content-Length: 55
Content-Type: application/json; charset=utf-8
host: localhost:5912
accept: */*

Response DefaultHttpResponse(decodeResult: success, version: HTTP/1.1)
HTTP/1.1 200 OK
Content-Length: 88
Content-Type: application/json; charset=utf-8
cache-control: no-cache

19:05:30.647 [AsyncHttpClient-1-14] DEBUG org.asynchttpclient.netty.channel.ChannelManager - Adding key: http://localhost:5912 for channel [id: 0xb9de85bf, L:/127.0.0.1:61684 - R:localhost/127.0.0.1:5912]
19:05:30.649 [Forwarding clearElement on session 3b2033e118c7440c5db37eb4459a6fad to remote] DEBUG org.asynchttpclient.netty.request.NettyRequestSender - Using pooled Channel '[id: 0xb9de85bf, L:/127.0.0.1:61684 - R:localhost/127.0.0.1:5912]' for 'POST' to 'http://localhost:5912/session/3b2033e118c7440c5db37eb4459a6fad/element/456325db-a77e-4598-92e6-0622e81724cc/clear'
19:05:30.649 [Forwarding clearElement on session 3b2033e118c7440c5db37eb4459a6fad to remote] DEBUG org.asynchttpclient.netty.request.NettyRequestSender - Using open Channel [id: 0xb9de85bf, L:/127.0.0.1:61684 - R:localhost/127.0.0.1:5912] for POST '/session/3b2033e118c7440c5db37eb4459a6fad/element/456325db-a77e-4598-92e6-0622e81724cc/clear'
19:05:30.701 [AsyncHttpClient-1-14] DEBUG org.asynchttpclient.netty.handler.HttpHandler - 

Request DefaultHttpRequest(decodeResult: success, version: HTTP/1.1)
POST /session/3b2033e118c7440c5db37eb4459a6fad/element/456325db-a77e-4598-92e6-0622e81724cc/clear HTTP/1.1
User-Agent: selenium/4.8.1 (java windows)
Content-Length: 50
Content-Type: application/json; charset=utf-8
host: localhost:5912
accept: */*

Response DefaultHttpResponse(decodeResult: success, version: HTTP/1.1)
HTTP/1.1 200 OK
Content-Length: 14
Content-Type: application/json; charset=utf-8
cache-control: no-cache

19:05:30.702 [AsyncHttpClient-1-14] DEBUG org.asynchttpclient.netty.channel.ChannelManager - Adding key: http://localhost:5912 for channel [id: 0xb9de85bf, L:/127.0.0.1:61684 - R:localhost/127.0.0.1:5912]
19:05:30.704 [Forwarding sendKeysToElement on session 3b2033e118c7440c5db37eb4459a6fad to remote] DEBUG org.asynchttpclient.netty.request.NettyRequestSender - Using pooled Channel '[id: 0xb9de85bf, L:/127.0.0.1:61684 - R:localhost/127.0.0.1:5912]' for 'POST' to 'http://localhost:5912/session/3b2033e118c7440c5db37eb4459a6fad/element/456325db-a77e-4598-92e6-0622e81724cc/value'
19:05:30.704 [Forwarding sendKeysToElement on session 3b2033e118c7440c5db37eb4459a6fad to remote] DEBUG org.asynchttpclient.netty.request.NettyRequestSender - Using open Channel [id: 0xb9de85bf, L:/127.0.0.1:61684 - R:localhost/127.0.0.1:5912] for POST '/session/3b2033e118c7440c5db37eb4459a6fad/element/456325db-a77e-4598-92e6-0622e81724cc/value'
19:05:30.835 [AsyncHttpClient-1-14] DEBUG org.asynchttpclient.netty.handler.HttpHandler - 

Request DefaultHttpRequest(decodeResult: success, version: HTTP/1.1)
POST /session/3b2033e118c7440c5db37eb4459a6fad/element/456325db-a77e-4598-92e6-0622e81724cc/value HTTP/1.1
User-Agent: selenium/4.8.1 (java windows)
Content-Length: 241
Content-Type: application/json; charset=utf-8
host: localhost:5912
accept: */*

Response DefaultHttpResponse(decodeResult: success, version: HTTP/1.1)
HTTP/1.1 200 OK
Content-Length: 14
Content-Type: application/json; charset=utf-8
cache-control: no-cache

19:05:30.835 [AsyncHttpClient-1-14] DEBUG org.asynchttpclient.netty.channel.ChannelManager - Adding key: http://localhost:5912 for channel [id: 0xb9de85bf, L:/127.0.0.1:61684 - R:localhost/127.0.0.1:5912]
19:05:30.844 [Forwarding getAlertText on session 3b2033e118c7440c5db37eb4459a6fad to remote] DEBUG org.asynchttpclient.netty.request.NettyRequestSender - Using pooled Channel '[id: 0xb9de85bf, L:/127.0.0.1:61684 - R:localhost/127.0.0.1:5912]' for 'GET' to 'http://localhost:5912/session/3b2033e118c7440c5db37eb4459a6fad/alert/text'
19:05:30.844 [Forwarding getAlertText on session 3b2033e118c7440c5db37eb4459a6fad to remote] DEBUG org.asynchttpclient.netty.request.NettyRequestSender - Using open Channel [id: 0xb9de85bf, L:/127.0.0.1:61684 - R:localhost/127.0.0.1:5912] for GET '/session/3b2033e118c7440c5db37eb4459a6fad/alert/text'
19:05:30.847 [AsyncHttpClient-1-14] DEBUG org.asynchttpclient.netty.handler.HttpHandler - 

Request DefaultFullHttpRequest(decodeResult: success, version: HTTP/1.1, content: EmptyByteBufBE)
GET /session/3b2033e118c7440c5db37eb4459a6fad/alert/text HTTP/1.1
User-Agent: selenium/4.8.1 (java windows)
Cache-Control: no-cache
Content-Type: application/json; charset=utf-8
host: localhost:5912
accept: */*

Response DefaultHttpResponse(decodeResult: success, version: HTTP/1.1)
HTTP/1.1 404 Not Found
Content-Length: 836
Content-Type: application/json; charset=utf-8
cache-control: no-cache

19:05:30.847 [AsyncHttpClient-1-14] DEBUG org.asynchttpclient.netty.channel.ChannelManager - Adding key: http://localhost:5912 for channel [id: 0xb9de85bf, L:/127.0.0.1:61684 - R:localhost/127.0.0.1:5912]
19:05:30.849 [Forwarding getCurrentUrl on session 3b2033e118c7440c5db37eb4459a6fad to remote] DEBUG org.asynchttpclient.netty.request.NettyRequestSender - Using pooled Channel '[id: 0xb9de85bf, L:/127.0.0.1:61684 - R:localhost/127.0.0.1:5912]' for 'GET' to 'http://localhost:5912/session/3b2033e118c7440c5db37eb4459a6fad/url'
19:05:30.849 [Forwarding getCurrentUrl on session 3b2033e118c7440c5db37eb4459a6fad to remote] DEBUG org.asynchttpclient.netty.request.NettyRequestSender - Using open Channel [id: 0xb9de85bf, L:/127.0.0.1:61684 - R:localhost/127.0.0.1:5912] for GET '/session/3b2033e118c7440c5db37eb4459a6fad/url'
19:05:30.852 [AsyncHttpClient-1-14] DEBUG org.asynchttpclient.netty.handler.HttpHandler - 

Request DefaultFullHttpRequest(decodeResult: success, version: HTTP/1.1, content: EmptyByteBufBE)
GET /session/3b2033e118c7440c5db37eb4459a6fad/url HTTP/1.1
User-Agent: selenium/4.8.1 (java windows)
Cache-Control: no-cache
Content-Type: application/json; charset=utf-8
host: localhost:5912
accept: */*

Response DefaultHttpResponse(decodeResult: success, version: HTTP/1.1)
HTTP/1.1 200 OK
Content-Length: 54
Content-Type: application/json; charset=utf-8
cache-control: no-cache

19:05:30.853 [AsyncHttpClient-1-14] DEBUG org.asynchttpclient.netty.channel.ChannelManager - Adding key: http://localhost:5912 for channel [id: 0xb9de85bf, L:/127.0.0.1:61684 - R:localhost/127.0.0.1:5912]
19:05:30.854 [Forwarding screenshot on session 3b2033e118c7440c5db37eb4459a6fad to remote] DEBUG org.asynchttpclient.netty.request.NettyRequestSender - Using pooled Channel '[id: 0xb9de85bf, L:/127.0.0.1:61684 - R:localhost/127.0.0.1:5912]' for 'GET' to 'http://localhost:5912/session/3b2033e118c7440c5db37eb4459a6fad/screenshot'
19:05:30.854 [Forwarding screenshot on session 3b2033e118c7440c5db37eb4459a6fad to remote] DEBUG org.asynchttpclient.netty.request.NettyRequestSender - Using open Channel [id: 0xb9de85bf, L:/127.0.0.1:61684 - R:localhost/127.0.0.1:5912] for GET '/session/3b2033e118c7440c5db37eb4459a6fad/screenshot'
19:05:30.954 [AsyncHttpClient-1-14] DEBUG org.asynchttpclient.netty.handler.HttpHandler - 

Request DefaultFullHttpRequest(decodeResult: success, version: HTTP/1.1, content: EmptyByteBufBE)
GET /session/3b2033e118c7440c5db37eb4459a6fad/screenshot HTTP/1.1
User-Agent: selenium/4.8.1 (java windows)
Cache-Control: no-cache
Content-Type: application/json; charset=utf-8
host: localhost:5912
accept: */*

Response DefaultHttpResponse(decodeResult: success, version: HTTP/1.1)
HTTP/1.1 200 OK
Content-Length: 36732
Content-Type: application/json; charset=utf-8
cache-control: no-cache

19:05:30.954 [AsyncHttpClient-1-14] DEBUG org.asynchttpclient.netty.channel.ChannelManager - Adding key: http://localhost:5912 for channel [id: 0xb9de85bf, L:/127.0.0.1:61684 - R:localhost/127.0.0.1:5912]
19:05:30.955 [main] DEBUG net.serenitybdd.core.photography.Darkroom - Send negative for processing for target\site\serenity\17b5c49838efa37f4db498751c57ea3ef204b80745bcae9eb4b6ecd0a92867c0.png
19:05:30.956 [main] DEBUG net.thucydides.core.steps.StepInterceptor - STEP DONE: inputEmailReg
19:05:30.956 [Darkroom Processing Line] DEBUG net.serenitybdd.core.photography.DarkroomProcessingLine - Processing screenshot image in /var/screenshots/screenshot-1440076322925770196
19:05:30.956 [Darkroom Processing Line] DEBUG net.serenitybdd.core.photography.DarkroomProcessingLine - Saving screenshot to target\site\serenity\17b5c49838efa37f4db498751c57ea3ef204b80745bcae9eb4b6ecd0a92867c0.png
  &amp#27;[32mAnd &amp#27;[0m&amp#27;[32mI input existed email for register&amp#27;[0m    &amp#27;[90m# starter.stepdefinitions.RegisterSteps.inputExistedEmailReg()&amp#27;[0m
19:05:30.967 [Forwarding getPageSource on session 3b2033e118c7440c5db37eb4459a6fad to remote] DEBUG org.asynchttpclient.netty.request.NettyRequestSender - Using pooled Channel '[id: 0xb9de85bf, L:/127.0.0.1:61684 - R:localhost/127.0.0.1:5912]' for 'POST' to 'http://localhost:5912/session/3b2033e118c7440c5db37eb4459a6fad/execute/sync'
19:05:30.967 [Forwarding getPageSource on session 3b2033e118c7440c5db37eb4459a6fad to remote] DEBUG org.asynchttpclient.netty.request.NettyRequestSender - Using open Channel [id: 0xb9de85bf, L:/127.0.0.1:61684 - R:localhost/127.0.0.1:5912] for POST '/session/3b2033e118c7440c5db37eb4459a6fad/execute/sync'
19:05:30.973 [AsyncHttpClient-1-14] DEBUG org.asynchttpclient.netty.handler.HttpHandler - 

Request DefaultHttpRequest(decodeResult: success, version: HTTP/1.1)
POST /session/3b2033e118c7440c5db37eb4459a6fad/execute/sync HTTP/1.1
User-Agent: selenium/4.8.1 (java windows)
Content-Length: 176
Content-Type: application/json; charset=utf-8
host: localhost:5912
accept: */*

Response DefaultHttpResponse(decodeResult: success, version: HTTP/1.1)
HTTP/1.1 200 OK
Content-Length: 22494
Content-Type: application/json; charset=utf-8
cache-control: no-cache

19:05:30.973 [AsyncHttpClient-1-14] DEBUG org.asynchttpclient.netty.channel.ChannelManager - Adding key: http://localhost:5912 for channel [id: 0xb9de85bf, L:/127.0.0.1:61684 - R:localhost/127.0.0.1:5912]
19:05:30.977 [Forwarding getCurrentUrl on session 3b2033e118c7440c5db37eb4459a6fad to remote] DEBUG org.asynchttpclient.netty.request.NettyRequestSender - Using pooled Channel '[id: 0xb9de85bf, L:/127.0.0.1:61684 - R:localhost/127.0.0.1:5912]' for 'GET' to 'http://localhost:5912/session/3b2033e118c7440c5db37eb4459a6fad/url'
19:05:30.977 [Forwarding getCurrentUrl on session 3b2033e118c7440c5db37eb4459a6fad to remote] DEBUG org.asynchttpclient.netty.request.NettyRequestSender - Using open Channel [id: 0xb9de85bf, L:/127.0.0.1:61684 - R:localhost/127.0.0.1:5912] for GET '/session/3b2033e118c7440c5db37eb4459a6fad/url'
19:05:30.992 [AsyncHttpClient-1-14] DEBUG org.asynchttpclient.netty.handler.HttpHandler - 

Request DefaultFullHttpRequest(decodeResult: success, version: HTTP/1.1, content: EmptyByteBufBE)
GET /session/3b2033e118c7440c5db37eb4459a6fad/url HTTP/1.1
User-Agent: selenium/4.8.1 (java windows)
Cache-Control: no-cache
Content-Type: application/json; charset=utf-8
host: localhost:5912
accept: */*

Response DefaultHttpResponse(decodeResult: success, version: HTTP/1.1)
HTTP/1.1 200 OK
Content-Length: 54
Content-Type: application/json; charset=utf-8
cache-control: no-cache

19:05:30.992 [AsyncHttpClient-1-14] DEBUG org.asynchttpclient.netty.channel.ChannelManager - Adding key: http://localhost:5912 for channel [id: 0xb9de85bf, L:/127.0.0.1:61684 - R:localhost/127.0.0.1:5912]
19:05:31.011 [Forwarding getAlertText on session 3b2033e118c7440c5db37eb4459a6fad to remote] DEBUG org.asynchttpclient.netty.request.NettyRequestSender - Using pooled Channel '[id: 0xb9de85bf, L:/127.0.0.1:61684 - R:localhost/127.0.0.1:5912]' for 'GET' to 'http://localhost:5912/session/3b2033e118c7440c5db37eb4459a6fad/alert/text'
19:05:31.011 [Forwarding getAlertText on session 3b2033e118c7440c5db37eb4459a6fad to remote] DEBUG org.asynchttpclient.netty.request.NettyRequestSender - Using open Channel [id: 0xb9de85bf, L:/127.0.0.1:61684 - R:localhost/127.0.0.1:5912] for GET '/session/3b2033e118c7440c5db37eb4459a6fad/alert/text'
19:05:31.026 [AsyncHttpClient-1-14] DEBUG org.asynchttpclient.netty.handler.HttpHandler - 

Request DefaultFullHttpRequest(decodeResult: success, version: HTTP/1.1, content: EmptyByteBufBE)
GET /session/3b2033e118c7440c5db37eb4459a6fad/alert/text HTTP/1.1
User-Agent: selenium/4.8.1 (java windows)
Cache-Control: no-cache
Content-Type: application/json; charset=utf-8
host: localhost:5912
accept: */*

Response DefaultHttpResponse(decodeResult: success, version: HTTP/1.1)
HTTP/1.1 404 Not Found
Content-Length: 836
Content-Type: application/json; charset=utf-8
cache-control: no-cache

19:05:31.027 [AsyncHttpClient-1-14] DEBUG org.asynchttpclient.netty.channel.ChannelManager - Adding key: http://localhost:5912 for channel [id: 0xb9de85bf, L:/127.0.0.1:61684 - R:localhost/127.0.0.1:5912]
19:05:31.029 [Forwarding getCurrentUrl on session 3b2033e118c7440c5db37eb4459a6fad to remote] DEBUG org.asynchttpclient.netty.request.NettyRequestSender - Using pooled Channel '[id: 0xb9de85bf, L:/127.0.0.1:61684 - R:localhost/127.0.0.1:5912]' for 'GET' to 'http://localhost:5912/session/3b2033e118c7440c5db37eb4459a6fad/url'
19:05:31.029 [Forwarding getCurrentUrl on session 3b2033e118c7440c5db37eb4459a6fad to remote] DEBUG org.asynchttpclient.netty.request.NettyRequestSender - Using open Channel [id: 0xb9de85bf, L:/127.0.0.1:61684 - R:localhost/127.0.0.1:5912] for GET '/session/3b2033e118c7440c5db37eb4459a6fad/url'
19:05:31.043 [AsyncHttpClient-1-14] DEBUG org.asynchttpclient.netty.handler.HttpHandler - 

Request DefaultFullHttpRequest(decodeResult: success, version: HTTP/1.1, content: EmptyByteBufBE)
GET /session/3b2033e118c7440c5db37eb4459a6fad/url HTTP/1.1
User-Agent: selenium/4.8.1 (java windows)
Cache-Control: no-cache
Content-Type: application/json; charset=utf-8
host: localhost:5912
accept: */*

Response DefaultHttpResponse(decodeResult: success, version: HTTP/1.1)
HTTP/1.1 200 OK
Content-Length: 54
Content-Type: application/json; charset=utf-8
cache-control: no-cache

19:05:31.043 [AsyncHttpClient-1-14] DEBUG org.asynchttpclient.netty.channel.ChannelManager - Adding key: http://localhost:5912 for channel [id: 0xb9de85bf, L:/127.0.0.1:61684 - R:localhost/127.0.0.1:5912]
19:05:31.045 [Forwarding screenshot on session 3b2033e118c7440c5db37eb4459a6fad to remote] DEBUG org.asynchttpclient.netty.request.NettyRequestSender - Using pooled Channel '[id: 0xb9de85bf, L:/127.0.0.1:61684 - R:localhost/127.0.0.1:5912]' for 'GET' to 'http://localhost:5912/session/3b2033e118c7440c5db37eb4459a6fad/screenshot'
19:05:31.045 [Forwarding screenshot on session 3b2033e118c7440c5db37eb4459a6fad to remote] DEBUG org.asynchttpclient.netty.request.NettyRequestSender - Using open Channel [id: 0xb9de85bf, L:/127.0.0.1:61684 - R:localhost/127.0.0.1:5912] for GET '/session/3b2033e118c7440c5db37eb4459a6fad/screenshot'
19:05:31.128 [AsyncHttpClient-1-1] DEBUG org.asynchttpclient.netty.channel.DefaultChannelPool - Entry count for : http://localhost:61687 : 1
19:05:31.234 [AsyncHttpClient-1-14] DEBUG org.asynchttpclient.netty.handler.HttpHandler - 

Request DefaultFullHttpRequest(decodeResult: success, version: HTTP/1.1, content: EmptyByteBufBE)
GET /session/3b2033e118c7440c5db37eb4459a6fad/screenshot HTTP/1.1
User-Agent: selenium/4.8.1 (java windows)
Cache-Control: no-cache
Content-Type: application/json; charset=utf-8
host: localhost:5912
accept: */*

Response DefaultHttpResponse(decodeResult: success, version: HTTP/1.1)
HTTP/1.1 200 OK
Content-Length: 36324
Content-Type: application/json; charset=utf-8
cache-control: no-cache

19:05:31.234 [AsyncHttpClient-1-14] DEBUG org.asynchttpclient.netty.channel.ChannelManager - Adding key: http://localhost:5912 for channel [id: 0xb9de85bf, L:/127.0.0.1:61684 - R:localhost/127.0.0.1:5912]
19:05:31.236 [main] DEBUG net.serenitybdd.core.photography.Darkroom - Send negative for processing for target\site\serenity\faf27c4ec54e8552c6e6c047f64fd799bd6663d19544ffb7d7434e4c85e0adcc.png
19:05:31.236 [Darkroom Processing Line] DEBUG net.serenitybdd.core.photography.DarkroomProcessingLine - Processing screenshot image in /var/screenshots/screenshot-8700732825652570142
19:05:31.236 [Darkroom Processing Line] DEBUG net.serenitybdd.core.photography.DarkroomProcessingLine - Saving screenshot to target\site\serenity\faf27c4ec54e8552c6e6c047f64fd799bd6663d19544ffb7d7434e4c85e0adcc.png
19:05:31.237 [Forwarding getPageSource on session 3b2033e118c7440c5db37eb4459a6fad to remote] DEBUG org.asynchttpclient.netty.request.NettyRequestSender - Using pooled Channel '[id: 0xb9de85bf, L:/127.0.0.1:61684 - R:localhost/127.0.0.1:5912]' for 'POST' to 'http://localhost:5912/session/3b2033e118c7440c5db37eb4459a6fad/execute/sync'
19:05:31.237 [Forwarding getPageSource on session 3b2033e118c7440c5db37eb4459a6fad to remote] DEBUG org.asynchttpclient.netty.request.NettyRequestSender - Using open Channel [id: 0xb9de85bf, L:/127.0.0.1:61684 - R:localhost/127.0.0.1:5912] for POST '/session/3b2033e118c7440c5db37eb4459a6fad/execute/sync'
19:05:31.244 [AsyncHttpClient-1-14] DEBUG org.asynchttpclient.netty.handler.HttpHandler - 

Request DefaultHttpRequest(decodeResult: success, version: HTTP/1.1)
POST /session/3b2033e118c7440c5db37eb4459a6fad/execute/sync HTTP/1.1
User-Agent: selenium/4.8.1 (java windows)
Content-Length: 176
Content-Type: application/json; charset=utf-8
host: localhost:5912
accept: */*

Response DefaultHttpResponse(decodeResult: success, version: HTTP/1.1)
HTTP/1.1 200 OK
Content-Length: 22494
Content-Type: application/json; charset=utf-8
cache-control: no-cache

19:05:31.245 [AsyncHttpClient-1-14] DEBUG org.asynchttpclient.netty.channel.ChannelManager - Adding key: http://localhost:5912 for channel [id: 0xb9de85bf, L:/127.0.0.1:61684 - R:localhost/127.0.0.1:5912]
19:05:31.248 [Forwarding getCurrentUrl on session 3b2033e118c7440c5db37eb4459a6fad to remote] DEBUG org.asynchttpclient.netty.request.NettyRequestSender - Using pooled Channel '[id: 0xb9de85bf, L:/127.0.0.1:61684 - R:localhost/127.0.0.1:5912]' for 'GET' to 'http://localhost:5912/session/3b2033e118c7440c5db37eb4459a6fad/url'
19:05:31.248 [Forwarding getCurrentUrl on session 3b2033e118c7440c5db37eb4459a6fad to remote] DEBUG org.asynchttpclient.netty.request.NettyRequestSender - Using open Channel [id: 0xb9de85bf, L:/127.0.0.1:61684 - R:localhost/127.0.0.1:5912] for GET '/session/3b2033e118c7440c5db37eb4459a6fad/url'
19:05:31.254 [AsyncHttpClient-1-14] DEBUG org.asynchttpclient.netty.handler.HttpHandler - 

Request DefaultFullHttpRequest(decodeResult: success, version: HTTP/1.1, content: EmptyByteBufBE)
GET /session/3b2033e118c7440c5db37eb4459a6fad/url HTTP/1.1
User-Agent: selenium/4.8.1 (java windows)
Cache-Control: no-cache
Content-Type: application/json; charset=utf-8
host: localhost:5912
accept: */*

Response DefaultHttpResponse(decodeResult: success, version: HTTP/1.1)
HTTP/1.1 200 OK
Content-Length: 54
Content-Type: application/json; charset=utf-8
cache-control: no-cache

19:05:31.255 [AsyncHttpClient-1-14] DEBUG org.asynchttpclient.netty.channel.ChannelManager - Adding key: http://localhost:5912 for channel [id: 0xb9de85bf, L:/127.0.0.1:61684 - R:localhost/127.0.0.1:5912]
19:05:31.259 [main] DEBUG net.thucydides.core.steps.StepInterceptor - STARTING STEP: RegisterSteps.inputPasswordReg - inputPasswordReg
19:05:31.262 [Forwarding findElement on session 3b2033e118c7440c5db37eb4459a6fad to remote] DEBUG org.asynchttpclient.netty.request.NettyRequestSender - Using pooled Channel '[id: 0xb9de85bf, L:/127.0.0.1:61684 - R:localhost/127.0.0.1:5912]' for 'POST' to 'http://localhost:5912/session/3b2033e118c7440c5db37eb4459a6fad/element'
19:05:31.262 [Forwarding findElement on session 3b2033e118c7440c5db37eb4459a6fad to remote] DEBUG org.asynchttpclient.netty.request.NettyRequestSender - Using open Channel [id: 0xb9de85bf, L:/127.0.0.1:61684 - R:localhost/127.0.0.1:5912] for POST '/session/3b2033e118c7440c5db37eb4459a6fad/element'
19:05:31.275 [AsyncHttpClient-1-14] DEBUG org.asynchttpclient.netty.handler.HttpHandler - 

Request DefaultHttpRequest(decodeResult: success, version: HTTP/1.1)
POST /session/3b2033e118c7440c5db37eb4459a6fad/element HTTP/1.1
User-Agent: selenium/4.8.1 (java windows)
Content-Length: 55
Content-Type: application/json; charset=utf-8
host: localhost:5912
accept: */*

Response DefaultHttpResponse(decodeResult: success, version: HTTP/1.1)
HTTP/1.1 200 OK
Content-Length: 88
Content-Type: application/json; charset=utf-8
cache-control: no-cache

19:05:31.275 [AsyncHttpClient-1-14] DEBUG org.asynchttpclient.netty.channel.ChannelManager - Adding key: http://localhost:5912 for channel [id: 0xb9de85bf, L:/127.0.0.1:61684 - R:localhost/127.0.0.1:5912]
19:05:31.276 [Forwarding clearElement on session 3b2033e118c7440c5db37eb4459a6fad to remote] DEBUG org.asynchttpclient.netty.request.NettyRequestSender - Using pooled Channel '[id: 0xb9de85bf, L:/127.0.0.1:61684 - R:localhost/127.0.0.1:5912]' for 'POST' to 'http://localhost:5912/session/3b2033e118c7440c5db37eb4459a6fad/element/5043fe63-226b-47ed-932d-279e101e7526/clear'
19:05:31.277 [Forwarding clearElement on session 3b2033e118c7440c5db37eb4459a6fad to remote] DEBUG org.asynchttpclient.netty.request.NettyRequestSender - Using open Channel [id: 0xb9de85bf, L:/127.0.0.1:61684 - R:localhost/127.0.0.1:5912] for POST '/session/3b2033e118c7440c5db37eb4459a6fad/element/5043fe63-226b-47ed-932d-279e101e7526/clear'
19:05:31.305 [AsyncHttpClient-1-14] DEBUG org.asynchttpclient.netty.handler.HttpHandler - 

Request DefaultHttpRequest(decodeResult: success, version: HTTP/1.1)
POST /session/3b2033e118c7440c5db37eb4459a6fad/element/5043fe63-226b-47ed-932d-279e101e7526/clear HTTP/1.1
User-Agent: selenium/4.8.1 (java windows)
Content-Length: 50
Content-Type: application/json; charset=utf-8
host: localhost:5912
accept: */*

Response DefaultHttpResponse(decodeResult: success, version: HTTP/1.1)
HTTP/1.1 200 OK
Content-Length: 14
Content-Type: application/json; charset=utf-8
cache-control: no-cache

19:05:31.305 [AsyncHttpClient-1-14] DEBUG org.asynchttpclient.netty.channel.ChannelManager - Adding key: http://localhost:5912 for channel [id: 0xb9de85bf, L:/127.0.0.1:61684 - R:localhost/127.0.0.1:5912]
19:05:31.307 [Forwarding sendKeysToElement on session 3b2033e118c7440c5db37eb4459a6fad to remote] DEBUG org.asynchttpclient.netty.request.NettyRequestSender - Using pooled Channel '[id: 0xb9de85bf, L:/127.0.0.1:61684 - R:localhost/127.0.0.1:5912]' for 'POST' to 'http://localhost:5912/session/3b2033e118c7440c5db37eb4459a6fad/element/5043fe63-226b-47ed-932d-279e101e7526/value'
19:05:31.307 [Forwarding sendKeysToElement on session 3b2033e118c7440c5db37eb4459a6fad to remote] DEBUG org.asynchttpclient.netty.request.NettyRequestSender - Using open Channel [id: 0xb9de85bf, L:/127.0.0.1:61684 - R:localhost/127.0.0.1:5912] for POST '/session/3b2033e118c7440c5db37eb4459a6fad/element/5043fe63-226b-47ed-932d-279e101e7526/value'
19:05:31.368 [AsyncHttpClient-1-14] DEBUG org.asynchttpclient.netty.handler.HttpHandler - 

Request DefaultHttpRequest(decodeResult: success, version: HTTP/1.1)
POST /session/3b2033e118c7440c5db37eb4459a6fad/element/5043fe63-226b-47ed-932d-279e101e7526/value HTTP/1.1
User-Agent: selenium/4.8.1 (java windows)
Content-Length: 181
Content-Type: application/json; charset=utf-8
host: localhost:5912
accept: */*

Response DefaultHttpResponse(decodeResult: success, version: HTTP/1.1)
HTTP/1.1 200 OK
Content-Length: 14
Content-Type: application/json; charset=utf-8
cache-control: no-cache

19:05:31.368 [AsyncHttpClient-1-14] DEBUG org.asynchttpclient.netty.channel.ChannelManager - Adding key: http://localhost:5912 for channel [id: 0xb9de85bf, L:/127.0.0.1:61684 - R:localhost/127.0.0.1:5912]
19:05:31.375 [Forwarding getAlertText on session 3b2033e118c7440c5db37eb4459a6fad to remote] DEBUG org.asynchttpclient.netty.request.NettyRequestSender - Using pooled Channel '[id: 0xb9de85bf, L:/127.0.0.1:61684 - R:localhost/127.0.0.1:5912]' for 'GET' to 'http://localhost:5912/session/3b2033e118c7440c5db37eb4459a6fad/alert/text'
19:05:31.375 [Forwarding getAlertText on session 3b2033e118c7440c5db37eb4459a6fad to remote] DEBUG org.asynchttpclient.netty.request.NettyRequestSender - Using open Channel [id: 0xb9de85bf, L:/127.0.0.1:61684 - R:localhost/127.0.0.1:5912] for GET '/session/3b2033e118c7440c5db37eb4459a6fad/alert/text'
19:05:31.376 [AsyncHttpClient-1-14] DEBUG org.asynchttpclient.netty.handler.HttpHandler - 

Request DefaultFullHttpRequest(decodeResult: success, version: HTTP/1.1, content: EmptyByteBufBE)
GET /session/3b2033e118c7440c5db37eb4459a6fad/alert/text HTTP/1.1
User-Agent: selenium/4.8.1 (java windows)
Cache-Control: no-cache
Content-Type: application/json; charset=utf-8
host: localhost:5912
accept: */*

Response DefaultHttpResponse(decodeResult: success, version: HTTP/1.1)
HTTP/1.1 404 Not Found
Content-Length: 836
Content-Type: application/json; charset=utf-8
cache-control: no-cache

19:05:31.377 [AsyncHttpClient-1-14] DEBUG org.asynchttpclient.netty.channel.ChannelManager - Adding key: http://localhost:5912 for channel [id: 0xb9de85bf, L:/127.0.0.1:61684 - R:localhost/127.0.0.1:5912]
19:05:31.378 [Forwarding getCurrentUrl on session 3b2033e118c7440c5db37eb4459a6fad to remote] DEBUG org.asynchttpclient.netty.request.NettyRequestSender - Using pooled Channel '[id: 0xb9de85bf, L:/127.0.0.1:61684 - R:localhost/127.0.0.1:5912]' for 'GET' to 'http://localhost:5912/session/3b2033e118c7440c5db37eb4459a6fad/url'
19:05:31.378 [Forwarding getCurrentUrl on session 3b2033e118c7440c5db37eb4459a6fad to remote] DEBUG org.asynchttpclient.netty.request.NettyRequestSender - Using open Channel [id: 0xb9de85bf, L:/127.0.0.1:61684 - R:localhost/127.0.0.1:5912] for GET '/session/3b2033e118c7440c5db37eb4459a6fad/url'
19:05:31.385 [AsyncHttpClient-1-14] DEBUG org.asynchttpclient.netty.handler.HttpHandler - 

Request DefaultFullHttpRequest(decodeResult: success, version: HTTP/1.1, content: EmptyByteBufBE)
GET /session/3b2033e118c7440c5db37eb4459a6fad/url HTTP/1.1
User-Agent: selenium/4.8.1 (java windows)
Cache-Control: no-cache
Content-Type: application/json; charset=utf-8
host: localhost:5912
accept: */*

Response DefaultHttpResponse(decodeResult: success, version: HTTP/1.1)
HTTP/1.1 200 OK
Content-Length: 54
Content-Type: application/json; charset=utf-8
cache-control: no-cache

19:05:31.385 [AsyncHttpClient-1-14] DEBUG org.asynchttpclient.netty.channel.ChannelManager - Adding key: http://localhost:5912 for channel [id: 0xb9de85bf, L:/127.0.0.1:61684 - R:localhost/127.0.0.1:5912]
19:05:31.385 [Forwarding screenshot on session 3b2033e118c7440c5db37eb4459a6fad to remote] DEBUG org.asynchttpclient.netty.request.NettyRequestSender - Using pooled Channel '[id: 0xb9de85bf, L:/127.0.0.1:61684 - R:localhost/127.0.0.1:5912]' for 'GET' to 'http://localhost:5912/session/3b2033e118c7440c5db37eb4459a6fad/screenshot'
19:05:31.385 [Forwarding screenshot on session 3b2033e118c7440c5db37eb4459a6fad to remote] DEBUG org.asynchttpclient.netty.request.NettyRequestSender - Using open Channel [id: 0xb9de85bf, L:/127.0.0.1:61684 - R:localhost/127.0.0.1:5912] for GET '/session/3b2033e118c7440c5db37eb4459a6fad/screenshot'
19:05:31.490 [AsyncHttpClient-1-14] DEBUG org.asynchttpclient.netty.handler.HttpHandler - 

Request DefaultFullHttpRequest(decodeResult: success, version: HTTP/1.1, content: EmptyByteBufBE)
GET /session/3b2033e118c7440c5db37eb4459a6fad/screenshot HTTP/1.1
User-Agent: selenium/4.8.1 (java windows)
Cache-Control: no-cache
Content-Type: application/json; charset=utf-8
host: localhost:5912
accept: */*

Response DefaultHttpResponse(decodeResult: success, version: HTTP/1.1)
HTTP/1.1 200 OK
Content-Length: 38952
Content-Type: application/json; charset=utf-8
cache-control: no-cache

19:05:31.490 [AsyncHttpClient-1-14] DEBUG org.asynchttpclient.netty.channel.ChannelManager - Adding key: http://localhost:5912 for channel [id: 0xb9de85bf, L:/127.0.0.1:61684 - R:localhost/127.0.0.1:5912]
19:05:31.491 [main] DEBUG net.serenitybdd.core.photography.Darkroom - Send negative for processing for target\site\serenity\d65b4f50d7e68a827ae132288cacad044ad3316bb730565e5ab8580f32a9c99c.png
19:05:31.492 [main] DEBUG net.thucydides.core.steps.StepInterceptor - STEP DONE: inputPasswordReg
  &amp#27;[32mAnd &amp#27;[0m&amp#27;[32mI input correct password for register&amp#27;[0m &amp#27;[90m# starter.stepdefinitions.RegisterSteps.inputPasswordReg()&amp#27;[0m
19:05:31.492 [Darkroom Processing Line] DEBUG net.serenitybdd.core.photography.DarkroomProcessingLine - Processing screenshot image in /var/screenshots/screenshot-13856831301265080123
19:05:31.492 [Darkroom Processing Line] DEBUG net.serenitybdd.core.photography.DarkroomProcessingLine - Saving screenshot to target\site\serenity\d65b4f50d7e68a827ae132288cacad044ad3316bb730565e5ab8580f32a9c99c.png
19:05:31.498 [Forwarding getPageSource on session 3b2033e118c7440c5db37eb4459a6fad to remote] DEBUG org.asynchttpclient.netty.request.NettyRequestSender - Using pooled Channel '[id: 0xb9de85bf, L:/127.0.0.1:61684 - R:localhost/127.0.0.1:5912]' for 'POST' to 'http://localhost:5912/session/3b2033e118c7440c5db37eb4459a6fad/execute/sync'
19:05:31.498 [Forwarding getPageSource on session 3b2033e118c7440c5db37eb4459a6fad to remote] DEBUG org.asynchttpclient.netty.request.NettyRequestSender - Using open Channel [id: 0xb9de85bf, L:/127.0.0.1:61684 - R:localhost/127.0.0.1:5912] for POST '/session/3b2033e118c7440c5db37eb4459a6fad/execute/sync'
19:05:31.504 [AsyncHttpClient-1-14] DEBUG org.asynchttpclient.netty.handler.HttpHandler - 

Request DefaultHttpRequest(decodeResult: success, version: HTTP/1.1)
POST /session/3b2033e118c7440c5db37eb4459a6fad/execute/sync HTTP/1.1
User-Agent: selenium/4.8.1 (java windows)
Content-Length: 176
Content-Type: application/json; charset=utf-8
host: localhost:5912
accept: */*

Response DefaultHttpResponse(decodeResult: success, version: HTTP/1.1)
HTTP/1.1 200 OK
Content-Length: 22553
Content-Type: application/json; charset=utf-8
cache-control: no-cache

19:05:31.504 [AsyncHttpClient-1-14] DEBUG org.asynchttpclient.netty.channel.ChannelManager - Adding key: http://localhost:5912 for channel [id: 0xb9de85bf, L:/127.0.0.1:61684 - R:localhost/127.0.0.1:5912]
19:05:31.505 [Forwarding getCurrentUrl on session 3b2033e118c7440c5db37eb4459a6fad to remote] DEBUG org.asynchttpclient.netty.request.NettyRequestSender - Using pooled Channel '[id: 0xb9de85bf, L:/127.0.0.1:61684 - R:localhost/127.0.0.1:5912]' for 'GET' to 'http://localhost:5912/session/3b2033e118c7440c5db37eb4459a6fad/url'
19:05:31.506 [Forwarding getCurrentUrl on session 3b2033e118c7440c5db37eb4459a6fad to remote] DEBUG org.asynchttpclient.netty.request.NettyRequestSender - Using open Channel [id: 0xb9de85bf, L:/127.0.0.1:61684 - R:localhost/127.0.0.1:5912] for GET '/session/3b2033e118c7440c5db37eb4459a6fad/url'
19:05:31.508 [AsyncHttpClient-1-14] DEBUG org.asynchttpclient.netty.handler.HttpHandler - 

Request DefaultFullHttpRequest(decodeResult: success, version: HTTP/1.1, content: EmptyByteBufBE)
GET /session/3b2033e118c7440c5db37eb4459a6fad/url HTTP/1.1
User-Agent: selenium/4.8.1 (java windows)
Cache-Control: no-cache
Content-Type: application/json; charset=utf-8
host: localhost:5912
accept: */*

Response DefaultHttpResponse(decodeResult: success, version: HTTP/1.1)
HTTP/1.1 200 OK
Content-Length: 54
Content-Type: application/json; charset=utf-8
cache-control: no-cache

19:05:31.508 [AsyncHttpClient-1-14] DEBUG org.asynchttpclient.netty.channel.ChannelManager - Adding key: http://localhost:5912 for channel [id: 0xb9de85bf, L:/127.0.0.1:61684 - R:localhost/127.0.0.1:5912]
19:05:31.516 [Forwarding getPageSource on session 3b2033e118c7440c5db37eb4459a6fad to remote] DEBUG org.asynchttpclient.netty.request.NettyRequestSender - Using pooled Channel '[id: 0xb9de85bf, L:/127.0.0.1:61684 - R:localhost/127.0.0.1:5912]' for 'POST' to 'http://localhost:5912/session/3b2033e118c7440c5db37eb4459a6fad/execute/sync'
19:05:31.516 [Forwarding getPageSource on session 3b2033e118c7440c5db37eb4459a6fad to remote] DEBUG org.asynchttpclient.netty.request.NettyRequestSender - Using open Channel [id: 0xb9de85bf, L:/127.0.0.1:61684 - R:localhost/127.0.0.1:5912] for POST '/session/3b2033e118c7440c5db37eb4459a6fad/execute/sync'
19:05:31.520 [AsyncHttpClient-1-14] DEBUG org.asynchttpclient.netty.handler.HttpHandler - 

Request DefaultHttpRequest(decodeResult: success, version: HTTP/1.1)
POST /session/3b2033e118c7440c5db37eb4459a6fad/execute/sync HTTP/1.1
User-Agent: selenium/4.8.1 (java windows)
Content-Length: 176
Content-Type: application/json; charset=utf-8
host: localhost:5912
accept: */*

Response DefaultHttpResponse(decodeResult: success, version: HTTP/1.1)
HTTP/1.1 200 OK
Content-Length: 22553
Content-Type: application/json; charset=utf-8
cache-control: no-cache

19:05:31.520 [AsyncHttpClient-1-14] DEBUG org.asynchttpclient.netty.channel.ChannelManager - Adding key: http://localhost:5912 for channel [id: 0xb9de85bf, L:/127.0.0.1:61684 - R:localhost/127.0.0.1:5912]
19:05:31.522 [Forwarding getCurrentUrl on session 3b2033e118c7440c5db37eb4459a6fad to remote] DEBUG org.asynchttpclient.netty.request.NettyRequestSender - Using pooled Channel '[id: 0xb9de85bf, L:/127.0.0.1:61684 - R:localhost/127.0.0.1:5912]' for 'GET' to 'http://localhost:5912/session/3b2033e118c7440c5db37eb4459a6fad/url'
19:05:31.522 [Forwarding getCurrentUrl on session 3b2033e118c7440c5db37eb4459a6fad to remote] DEBUG org.asynchttpclient.netty.request.NettyRequestSender - Using open Channel [id: 0xb9de85bf, L:/127.0.0.1:61684 - R:localhost/127.0.0.1:5912] for GET '/session/3b2033e118c7440c5db37eb4459a6fad/url'
19:05:31.524 [AsyncHttpClient-1-14] DEBUG org.asynchttpclient.netty.handler.HttpHandler - 

Request DefaultFullHttpRequest(decodeResult: success, version: HTTP/1.1, content: EmptyByteBufBE)
GET /session/3b2033e118c7440c5db37eb4459a6fad/url HTTP/1.1
User-Agent: selenium/4.8.1 (java windows)
Cache-Control: no-cache
Content-Type: application/json; charset=utf-8
host: localhost:5912
accept: */*

Response DefaultHttpResponse(decodeResult: success, version: HTTP/1.1)
HTTP/1.1 200 OK
Content-Length: 54
Content-Type: application/json; charset=utf-8
cache-control: no-cache

19:05:31.524 [AsyncHttpClient-1-14] DEBUG org.asynchttpclient.netty.channel.ChannelManager - Adding key: http://localhost:5912 for channel [id: 0xb9de85bf, L:/127.0.0.1:61684 - R:localhost/127.0.0.1:5912]
19:05:31.527 [main] DEBUG net.thucydides.core.steps.StepInterceptor - STARTING STEP: RegisterSteps.ClickRegisterButton - ClickRegisterButton
19:05:31.530 [Forwarding findElement on session 3b2033e118c7440c5db37eb4459a6fad to remote] DEBUG org.asynchttpclient.netty.request.NettyRequestSender - Using pooled Channel '[id: 0xb9de85bf, L:/127.0.0.1:61684 - R:localhost/127.0.0.1:5912]' for 'POST' to 'http://localhost:5912/session/3b2033e118c7440c5db37eb4459a6fad/element'
19:05:31.530 [Forwarding findElement on session 3b2033e118c7440c5db37eb4459a6fad to remote] DEBUG org.asynchttpclient.netty.request.NettyRequestSender - Using open Channel [id: 0xb9de85bf, L:/127.0.0.1:61684 - R:localhost/127.0.0.1:5912] for POST '/session/3b2033e118c7440c5db37eb4459a6fad/element'
19:05:31.539 [AsyncHttpClient-1-14] DEBUG org.asynchttpclient.netty.handler.HttpHandler - 

Request DefaultHttpRequest(decodeResult: success, version: HTTP/1.1)
POST /session/3b2033e118c7440c5db37eb4459a6fad/element HTTP/1.1
User-Agent: selenium/4.8.1 (java windows)
Content-Length: 71
Content-Type: application/json; charset=utf-8
host: localhost:5912
accept: */*

Response DefaultHttpResponse(decodeResult: success, version: HTTP/1.1)
HTTP/1.1 200 OK
Content-Length: 88
Content-Type: application/json; charset=utf-8
cache-control: no-cache

19:05:31.539 [AsyncHttpClient-1-14] DEBUG org.asynchttpclient.netty.channel.ChannelManager - Adding key: http://localhost:5912 for channel [id: 0xb9de85bf, L:/127.0.0.1:61684 - R:localhost/127.0.0.1:5912]
19:05:31.540 [Forwarding getElementTagName on session 3b2033e118c7440c5db37eb4459a6fad to remote] DEBUG org.asynchttpclient.netty.request.NettyRequestSender - Using pooled Channel '[id: 0xb9de85bf, L:/127.0.0.1:61684 - R:localhost/127.0.0.1:5912]' for 'GET' to 'http://localhost:5912/session/3b2033e118c7440c5db37eb4459a6fad/element/75bdc749-3a37-43e6-adaf-e6edb3f48742/name'
19:05:31.540 [Forwarding getElementTagName on session 3b2033e118c7440c5db37eb4459a6fad to remote] DEBUG org.asynchttpclient.netty.request.NettyRequestSender - Using open Channel [id: 0xb9de85bf, L:/127.0.0.1:61684 - R:localhost/127.0.0.1:5912] for GET '/session/3b2033e118c7440c5db37eb4459a6fad/element/75bdc749-3a37-43e6-adaf-e6edb3f48742/name'
19:05:31.545 [AsyncHttpClient-1-14] DEBUG org.asynchttpclient.netty.handler.HttpHandler - 

Request DefaultFullHttpRequest(decodeResult: success, version: HTTP/1.1, content: EmptyByteBufBE)
GET /session/3b2033e118c7440c5db37eb4459a6fad/element/75bdc749-3a37-43e6-adaf-e6edb3f48742/name HTTP/1.1
User-Agent: selenium/4.8.1 (java windows)
Cache-Control: no-cache
Content-Type: application/json; charset=utf-8
host: localhost:5912
accept: */*

Response DefaultHttpResponse(decodeResult: success, version: HTTP/1.1)
HTTP/1.1 200 OK
Content-Length: 18
Content-Type: application/json; charset=utf-8
cache-control: no-cache

19:05:31.545 [AsyncHttpClient-1-14] DEBUG org.asynchttpclient.netty.channel.ChannelManager - Adding key: http://localhost:5912 for channel [id: 0xb9de85bf, L:/127.0.0.1:61684 - R:localhost/127.0.0.1:5912]
19:05:31.546 [Forwarding getElementTagName on session 3b2033e118c7440c5db37eb4459a6fad to remote] DEBUG org.asynchttpclient.netty.request.NettyRequestSender - Using pooled Channel '[id: 0xb9de85bf, L:/127.0.0.1:61684 - R:localhost/127.0.0.1:5912]' for 'GET' to 'http://localhost:5912/session/3b2033e118c7440c5db37eb4459a6fad/element/75bdc749-3a37-43e6-adaf-e6edb3f48742/name'
19:05:31.546 [Forwarding getElementTagName on session 3b2033e118c7440c5db37eb4459a6fad to remote] DEBUG org.asynchttpclient.netty.request.NettyRequestSender - Using open Channel [id: 0xb9de85bf, L:/127.0.0.1:61684 - R:localhost/127.0.0.1:5912] for GET '/session/3b2033e118c7440c5db37eb4459a6fad/element/75bdc749-3a37-43e6-adaf-e6edb3f48742/name'
19:05:31.550 [AsyncHttpClient-1-14] DEBUG org.asynchttpclient.netty.handler.HttpHandler - 

Request DefaultFullHttpRequest(decodeResult: success, version: HTTP/1.1, content: EmptyByteBufBE)
GET /session/3b2033e118c7440c5db37eb4459a6fad/element/75bdc749-3a37-43e6-adaf-e6edb3f48742/name HTTP/1.1
User-Agent: selenium/4.8.1 (java windows)
Cache-Control: no-cache
Content-Type: application/json; charset=utf-8
host: localhost:5912
accept: */*

Response DefaultHttpResponse(decodeResult: success, version: HTTP/1.1)
HTTP/1.1 200 OK
Content-Length: 18
Content-Type: application/json; charset=utf-8
cache-control: no-cache

19:05:31.550 [AsyncHttpClient-1-14] DEBUG org.asynchttpclient.netty.channel.ChannelManager - Adding key: http://localhost:5912 for channel [id: 0xb9de85bf, L:/127.0.0.1:61684 - R:localhost/127.0.0.1:5912]
19:05:31.556 [Forwarding isElementEnabled on session 3b2033e118c7440c5db37eb4459a6fad to remote] DEBUG org.asynchttpclient.netty.request.NettyRequestSender - Using pooled Channel '[id: 0xb9de85bf, L:/127.0.0.1:61684 - R:localhost/127.0.0.1:5912]' for 'GET' to 'http://localhost:5912/session/3b2033e118c7440c5db37eb4459a6fad/element/75bdc749-3a37-43e6-adaf-e6edb3f48742/enabled'
19:05:31.556 [Forwarding isElementEnabled on session 3b2033e118c7440c5db37eb4459a6fad to remote] DEBUG org.asynchttpclient.netty.request.NettyRequestSender - Using open Channel [id: 0xb9de85bf, L:/127.0.0.1:61684 - R:localhost/127.0.0.1:5912] for GET '/session/3b2033e118c7440c5db37eb4459a6fad/element/75bdc749-3a37-43e6-adaf-e6edb3f48742/enabled'
19:05:31.565 [AsyncHttpClient-1-14] DEBUG org.asynchttpclient.netty.handler.HttpHandler - 

Request DefaultFullHttpRequest(decodeResult: success, version: HTTP/1.1, content: EmptyByteBufBE)
GET /session/3b2033e118c7440c5db37eb4459a6fad/element/75bdc749-3a37-43e6-adaf-e6edb3f48742/enabled HTTP/1.1
User-Agent: selenium/4.8.1 (java windows)
Cache-Control: no-cache
Content-Type: application/json; charset=utf-8
host: localhost:5912
accept: */*

Response DefaultHttpResponse(decodeResult: success, version: HTTP/1.1)
HTTP/1.1 200 OK
Content-Length: 14
Content-Type: application/json; charset=utf-8
cache-control: no-cache

19:05:31.565 [AsyncHttpClient-1-14] DEBUG org.asynchttpclient.netty.channel.ChannelManager - Adding key: http://localhost:5912 for channel [id: 0xb9de85bf, L:/127.0.0.1:61684 - R:localhost/127.0.0.1:5912]
19:05:31.566 [Forwarding isElementEnabled on session 3b2033e118c7440c5db37eb4459a6fad to remote] DEBUG org.asynchttpclient.netty.request.NettyRequestSender - Using pooled Channel '[id: 0xb9de85bf, L:/127.0.0.1:61684 - R:localhost/127.0.0.1:5912]' for 'GET' to 'http://localhost:5912/session/3b2033e118c7440c5db37eb4459a6fad/element/75bdc749-3a37-43e6-adaf-e6edb3f48742/enabled'
19:05:31.566 [Forwarding isElementEnabled on session 3b2033e118c7440c5db37eb4459a6fad to remote] DEBUG org.asynchttpclient.netty.request.NettyRequestSender - Using open Channel [id: 0xb9de85bf, L:/127.0.0.1:61684 - R:localhost/127.0.0.1:5912] for GET '/session/3b2033e118c7440c5db37eb4459a6fad/element/75bdc749-3a37-43e6-adaf-e6edb3f48742/enabled'
19:05:31.574 [AsyncHttpClient-1-14] DEBUG org.asynchttpclient.netty.handler.HttpHandler - 

Request DefaultFullHttpRequest(decodeResult: success, version: HTTP/1.1, content: EmptyByteBufBE)
GET /session/3b2033e118c7440c5db37eb4459a6fad/element/75bdc749-3a37-43e6-adaf-e6edb3f48742/enabled HTTP/1.1
User-Agent: selenium/4.8.1 (java windows)
Cache-Control: no-cache
Content-Type: application/json; charset=utf-8
host: localhost:5912
accept: */*

Response DefaultHttpResponse(decodeResult: success, version: HTTP/1.1)
HTTP/1.1 200 OK
Content-Length: 14
Content-Type: application/json; charset=utf-8
cache-control: no-cache

19:05:31.575 [AsyncHttpClient-1-14] DEBUG org.asynchttpclient.netty.channel.ChannelManager - Adding key: http://localhost:5912 for channel [id: 0xb9de85bf, L:/127.0.0.1:61684 - R:localhost/127.0.0.1:5912]
19:05:31.576 [Forwarding findElement on session 3b2033e118c7440c5db37eb4459a6fad to remote] DEBUG org.asynchttpclient.netty.request.NettyRequestSender - Using pooled Channel '[id: 0xb9de85bf, L:/127.0.0.1:61684 - R:localhost/127.0.0.1:5912]' for 'POST' to 'http://localhost:5912/session/3b2033e118c7440c5db37eb4459a6fad/element'
19:05:31.576 [Forwarding findElement on session 3b2033e118c7440c5db37eb4459a6fad to remote] DEBUG org.asynchttpclient.netty.request.NettyRequestSender - Using open Channel [id: 0xb9de85bf, L:/127.0.0.1:61684 - R:localhost/127.0.0.1:5912] for POST '/session/3b2033e118c7440c5db37eb4459a6fad/element'
19:05:31.584 [AsyncHttpClient-1-14] DEBUG org.asynchttpclient.netty.handler.HttpHandler - 

Request DefaultHttpRequest(decodeResult: success, version: HTTP/1.1)
POST /session/3b2033e118c7440c5db37eb4459a6fad/element HTTP/1.1
User-Agent: selenium/4.8.1 (java windows)
Content-Length: 71
Content-Type: application/json; charset=utf-8
host: localhost:5912
accept: */*

Response DefaultHttpResponse(decodeResult: success, version: HTTP/1.1)
HTTP/1.1 200 OK
Content-Length: 88
Content-Type: application/json; charset=utf-8
cache-control: no-cache

19:05:31.584 [AsyncHttpClient-1-14] DEBUG org.asynchttpclient.netty.channel.ChannelManager - Adding key: http://localhost:5912 for channel [id: 0xb9de85bf, L:/127.0.0.1:61684 - R:localhost/127.0.0.1:5912]
19:05:31.585 [Forwarding clickElement on session 3b2033e118c7440c5db37eb4459a6fad to remote] DEBUG org.asynchttpclient.netty.request.NettyRequestSender - Using pooled Channel '[id: 0xb9de85bf, L:/127.0.0.1:61684 - R:localhost/127.0.0.1:5912]' for 'POST' to 'http://localhost:5912/session/3b2033e118c7440c5db37eb4459a6fad/element/75bdc749-3a37-43e6-adaf-e6edb3f48742/click'
19:05:31.585 [Forwarding clickElement on session 3b2033e118c7440c5db37eb4459a6fad to remote] DEBUG org.asynchttpclient.netty.request.NettyRequestSender - Using open Channel [id: 0xb9de85bf, L:/127.0.0.1:61684 - R:localhost/127.0.0.1:5912] for POST '/session/3b2033e118c7440c5db37eb4459a6fad/element/75bdc749-3a37-43e6-adaf-e6edb3f48742/click'
19:05:31.634 [AsyncHttpClient-1-14] DEBUG org.asynchttpclient.netty.handler.HttpHandler - 

Request DefaultHttpRequest(decodeResult: success, version: HTTP/1.1)
POST /session/3b2033e118c7440c5db37eb4459a6fad/element/75bdc749-3a37-43e6-adaf-e6edb3f48742/click HTTP/1.1
User-Agent: selenium/4.8.1 (java windows)
Content-Length: 50
Content-Type: application/json; charset=utf-8
host: localhost:5912
accept: */*

Response DefaultHttpResponse(decodeResult: success, version: HTTP/1.1)
HTTP/1.1 200 OK
Content-Length: 14
Content-Type: application/json; charset=utf-8
cache-control: no-cache

19:05:31.634 [AsyncHttpClient-1-14] DEBUG org.asynchttpclient.netty.channel.ChannelManager - Adding key: http://localhost:5912 for channel [id: 0xb9de85bf, L:/127.0.0.1:61684 - R:localhost/127.0.0.1:5912]
19:05:31.641 [Forwarding getAlertText on session 3b2033e118c7440c5db37eb4459a6fad to remote] DEBUG org.asynchttpclient.netty.request.NettyRequestSender - Using pooled Channel '[id: 0xb9de85bf, L:/127.0.0.1:61684 - R:localhost/127.0.0.1:5912]' for 'GET' to 'http://localhost:5912/session/3b2033e118c7440c5db37eb4459a6fad/alert/text'
19:05:31.641 [Forwarding getAlertText on session 3b2033e118c7440c5db37eb4459a6fad to remote] DEBUG org.asynchttpclient.netty.request.NettyRequestSender - Using open Channel [id: 0xb9de85bf, L:/127.0.0.1:61684 - R:localhost/127.0.0.1:5912] for GET '/session/3b2033e118c7440c5db37eb4459a6fad/alert/text'
19:05:31.643 [AsyncHttpClient-1-14] DEBUG org.asynchttpclient.netty.handler.HttpHandler - 

Request DefaultFullHttpRequest(decodeResult: success, version: HTTP/1.1, content: EmptyByteBufBE)
GET /session/3b2033e118c7440c5db37eb4459a6fad/alert/text HTTP/1.1
User-Agent: selenium/4.8.1 (java windows)
Cache-Control: no-cache
Content-Type: application/json; charset=utf-8
host: localhost:5912
accept: */*

Response DefaultHttpResponse(decodeResult: success, version: HTTP/1.1)
HTTP/1.1 404 Not Found
Content-Length: 836
Content-Type: application/json; charset=utf-8
cache-control: no-cache

19:05:31.643 [AsyncHttpClient-1-14] DEBUG org.asynchttpclient.netty.channel.ChannelManager - Adding key: http://localhost:5912 for channel [id: 0xb9de85bf, L:/127.0.0.1:61684 - R:localhost/127.0.0.1:5912]
19:05:31.644 [Forwarding getCurrentUrl on session 3b2033e118c7440c5db37eb4459a6fad to remote] DEBUG org.asynchttpclient.netty.request.NettyRequestSender - Using pooled Channel '[id: 0xb9de85bf, L:/127.0.0.1:61684 - R:localhost/127.0.0.1:5912]' for 'GET' to 'http://localhost:5912/session/3b2033e118c7440c5db37eb4459a6fad/url'
19:05:31.644 [Forwarding getCurrentUrl on session 3b2033e118c7440c5db37eb4459a6fad to remote] DEBUG org.asynchttpclient.netty.request.NettyRequestSender - Using open Channel [id: 0xb9de85bf, L:/127.0.0.1:61684 - R:localhost/127.0.0.1:5912] for GET '/session/3b2033e118c7440c5db37eb4459a6fad/url'
19:05:31.649 [AsyncHttpClient-1-14] DEBUG org.asynchttpclient.netty.handler.HttpHandler - 

Request DefaultFullHttpRequest(decodeResult: success, version: HTTP/1.1, content: EmptyByteBufBE)
GET /session/3b2033e118c7440c5db37eb4459a6fad/url HTTP/1.1
User-Agent: selenium/4.8.1 (java windows)
Cache-Control: no-cache
Content-Type: application/json; charset=utf-8
host: localhost:5912
accept: */*

Response DefaultHttpResponse(decodeResult: success, version: HTTP/1.1)
HTTP/1.1 200 OK
Content-Length: 54
Content-Type: application/json; charset=utf-8
cache-control: no-cache

19:05:31.649 [AsyncHttpClient-1-14] DEBUG org.asynchttpclient.netty.channel.ChannelManager - Adding key: http://localhost:5912 for channel [id: 0xb9de85bf, L:/127.0.0.1:61684 - R:localhost/127.0.0.1:5912]
19:05:31.650 [Forwarding screenshot on session 3b2033e118c7440c5db37eb4459a6fad to remote] DEBUG org.asynchttpclient.netty.request.NettyRequestSender - Using pooled Channel '[id: 0xb9de85bf, L:/127.0.0.1:61684 - R:localhost/127.0.0.1:5912]' for 'GET' to 'http://localhost:5912/session/3b2033e118c7440c5db37eb4459a6fad/screenshot'
19:05:31.650 [Forwarding screenshot on session 3b2033e118c7440c5db37eb4459a6fad to remote] DEBUG org.asynchttpclient.netty.request.NettyRequestSender - Using open Channel [id: 0xb9de85bf, L:/127.0.0.1:61684 - R:localhost/127.0.0.1:5912] for GET '/session/3b2033e118c7440c5db37eb4459a6fad/screenshot'
19:05:31.813 [AsyncHttpClient-1-14] DEBUG org.asynchttpclient.netty.handler.HttpHandler - 

Request DefaultFullHttpRequest(decodeResult: success, version: HTTP/1.1, content: EmptyByteBufBE)
GET /session/3b2033e118c7440c5db37eb4459a6fad/screenshot HTTP/1.1
User-Agent: selenium/4.8.1 (java windows)
Cache-Control: no-cache
Content-Type: application/json; charset=utf-8
host: localhost:5912
accept: */*

Response DefaultHttpResponse(decodeResult: success, version: HTTP/1.1)
HTTP/1.1 200 OK
Content-Length: 38544
Content-Type: application/json; charset=utf-8
cache-control: no-cache

19:05:31.813 [AsyncHttpClient-1-14] DEBUG org.asynchttpclient.netty.channel.ChannelManager - Adding key: http://localhost:5912 for channel [id: 0xb9de85bf, L:/127.0.0.1:61684 - R:localhost/127.0.0.1:5912]
19:05:31.816 [main] DEBUG net.serenitybdd.core.photography.Darkroom - Send negative for processing for target\site\serenity\9de19dde5d1c51813d708df459a350e3ab4fa60c6487a4ee6a3dfe7b4f8fb3f0.png
19:05:31.817 [Darkroom Processing Line] DEBUG net.serenitybdd.core.photography.DarkroomProcessingLine - Processing screenshot image in /var/screenshots/screenshot-4645385376811537564
19:05:31.817 [main] DEBUG net.thucydides.core.steps.StepInterceptor - STEP DONE: ClickRegisterButton
19:05:31.817 [Darkroom Processing Line] DEBUG net.serenitybdd.core.photography.DarkroomProcessingLine - Saving screenshot to target\site\serenity\9de19dde5d1c51813d708df459a350e3ab4fa60c6487a4ee6a3dfe7b4f8fb3f0.png
  &amp#27;[32mWhen &amp#27;[0m&amp#27;[32mI click on the register button&amp#27;[0m       &amp#27;[90m# starter.stepdefinitions.RegisterSteps.ClickRegisterButton()&amp#27;[0m
19:05:31.830 [Forwarding getPageSource on session 3b2033e118c7440c5db37eb4459a6fad to remote] DEBUG org.asynchttpclient.netty.request.NettyRequestSender - Using pooled Channel '[id: 0xb9de85bf, L:/127.0.0.1:61684 - R:localhost/127.0.0.1:5912]' for 'POST' to 'http://localhost:5912/session/3b2033e118c7440c5db37eb4459a6fad/execute/sync'
19:05:31.830 [Forwarding getPageSource on session 3b2033e118c7440c5db37eb4459a6fad to remote] DEBUG org.asynchttpclient.netty.request.NettyRequestSender - Using open Channel [id: 0xb9de85bf, L:/127.0.0.1:61684 - R:localhost/127.0.0.1:5912] for POST '/session/3b2033e118c7440c5db37eb4459a6fad/execute/sync'
19:05:31.836 [AsyncHttpClient-1-14] DEBUG org.asynchttpclient.netty.handler.HttpHandler - 

Request DefaultHttpRequest(decodeResult: success, version: HTTP/1.1)
POST /session/3b2033e118c7440c5db37eb4459a6fad/execute/sync HTTP/1.1
User-Agent: selenium/4.8.1 (java windows)
Content-Length: 176
Content-Type: application/json; charset=utf-8
host: localhost:5912
accept: */*

Response DefaultHttpResponse(decodeResult: success, version: HTTP/1.1)
HTTP/1.1 200 OK
Content-Length: 22822
Content-Type: application/json; charset=utf-8
cache-control: no-cache

19:05:31.836 [AsyncHttpClient-1-14] DEBUG org.asynchttpclient.netty.channel.ChannelManager - Adding key: http://localhost:5912 for channel [id: 0xb9de85bf, L:/127.0.0.1:61684 - R:localhost/127.0.0.1:5912]
19:05:31.839 [Forwarding getCurrentUrl on session 3b2033e118c7440c5db37eb4459a6fad to remote] DEBUG org.asynchttpclient.netty.request.NettyRequestSender - Using pooled Channel '[id: 0xb9de85bf, L:/127.0.0.1:61684 - R:localhost/127.0.0.1:5912]' for 'GET' to 'http://localhost:5912/session/3b2033e118c7440c5db37eb4459a6fad/url'
19:05:31.839 [Forwarding getCurrentUrl on session 3b2033e118c7440c5db37eb4459a6fad to remote] DEBUG org.asynchttpclient.netty.request.NettyRequestSender - Using open Channel [id: 0xb9de85bf, L:/127.0.0.1:61684 - R:localhost/127.0.0.1:5912] for GET '/session/3b2033e118c7440c5db37eb4459a6fad/url'
19:05:31.845 [AsyncHttpClient-1-14] DEBUG org.asynchttpclient.netty.handler.HttpHandler - 

Request DefaultFullHttpRequest(decodeResult: success, version: HTTP/1.1, content: EmptyByteBufBE)
GET /session/3b2033e118c7440c5db37eb4459a6fad/url HTTP/1.1
User-Agent: selenium/4.8.1 (java windows)
Cache-Control: no-cache
Content-Type: application/json; charset=utf-8
host: localhost:5912
accept: */*

Response DefaultHttpResponse(decodeResult: success, version: HTTP/1.1)
HTTP/1.1 200 OK
Content-Length: 54
Content-Type: application/json; charset=utf-8
cache-control: no-cache

19:05:31.846 [AsyncHttpClient-1-14] DEBUG org.asynchttpclient.netty.channel.ChannelManager - Adding key: http://localhost:5912 for channel [id: 0xb9de85bf, L:/127.0.0.1:61684 - R:localhost/127.0.0.1:5912]
19:05:31.858 [Forwarding getPageSource on session 3b2033e118c7440c5db37eb4459a6fad to remote] DEBUG org.asynchttpclient.netty.request.NettyRequestSender - Using pooled Channel '[id: 0xb9de85bf, L:/127.0.0.1:61684 - R:localhost/127.0.0.1:5912]' for 'POST' to 'http://localhost:5912/session/3b2033e118c7440c5db37eb4459a6fad/execute/sync'
19:05:31.858 [Forwarding getPageSource on session 3b2033e118c7440c5db37eb4459a6fad to remote] DEBUG org.asynchttpclient.netty.request.NettyRequestSender - Using open Channel [id: 0xb9de85bf, L:/127.0.0.1:61684 - R:localhost/127.0.0.1:5912] for POST '/session/3b2033e118c7440c5db37eb4459a6fad/execute/sync'
19:05:31.879 [AsyncHttpClient-1-14] DEBUG org.asynchttpclient.netty.handler.HttpHandler - 

Request DefaultHttpRequest(decodeResult: success, version: HTTP/1.1)
POST /session/3b2033e118c7440c5db37eb4459a6fad/execute/sync HTTP/1.1
User-Agent: selenium/4.8.1 (java windows)
Content-Length: 176
Content-Type: application/json; charset=utf-8
host: localhost:5912
accept: */*

Response DefaultHttpResponse(decodeResult: success, version: HTTP/1.1)
HTTP/1.1 200 OK
Content-Length: 22822
Content-Type: application/json; charset=utf-8
cache-control: no-cache

19:05:31.879 [AsyncHttpClient-1-14] DEBUG org.asynchttpclient.netty.channel.ChannelManager - Adding key: http://localhost:5912 for channel [id: 0xb9de85bf, L:/127.0.0.1:61684 - R:localhost/127.0.0.1:5912]
19:05:31.884 [Forwarding getCurrentUrl on session 3b2033e118c7440c5db37eb4459a6fad to remote] DEBUG org.asynchttpclient.netty.request.NettyRequestSender - Using pooled Channel '[id: 0xb9de85bf, L:/127.0.0.1:61684 - R:localhost/127.0.0.1:5912]' for 'GET' to 'http://localhost:5912/session/3b2033e118c7440c5db37eb4459a6fad/url'
19:05:31.884 [Forwarding getCurrentUrl on session 3b2033e118c7440c5db37eb4459a6fad to remote] DEBUG org.asynchttpclient.netty.request.NettyRequestSender - Using open Channel [id: 0xb9de85bf, L:/127.0.0.1:61684 - R:localhost/127.0.0.1:5912] for GET '/session/3b2033e118c7440c5db37eb4459a6fad/url'
19:05:31.899 [AsyncHttpClient-1-14] DEBUG org.asynchttpclient.netty.handler.HttpHandler - 

Request DefaultFullHttpRequest(decodeResult: success, version: HTTP/1.1, content: EmptyByteBufBE)
GET /session/3b2033e118c7440c5db37eb4459a6fad/url HTTP/1.1
User-Agent: selenium/4.8.1 (java windows)
Cache-Control: no-cache
Content-Type: application/json; charset=utf-8
host: localhost:5912
accept: */*

Response DefaultHttpResponse(decodeResult: success, version: HTTP/1.1)
HTTP/1.1 200 OK
Content-Length: 54
Content-Type: application/json; charset=utf-8
cache-control: no-cache

19:05:31.899 [AsyncHttpClient-1-14] DEBUG org.asynchttpclient.netty.channel.ChannelManager - Adding key: http://localhost:5912 for channel [id: 0xb9de85bf, L:/127.0.0.1:61684 - R:localhost/127.0.0.1:5912]
19:05:31.905 [main] DEBUG net.thucydides.core.steps.StepInterceptor - STARTING STEP: LoginSteps.alertContent - incorrectAlert
19:05:31.911 [Forwarding findElement on session 3b2033e118c7440c5db37eb4459a6fad to remote] DEBUG org.asynchttpclient.netty.request.NettyRequestSender - Using pooled Channel '[id: 0xb9de85bf, L:/127.0.0.1:61684 - R:localhost/127.0.0.1:5912]' for 'POST' to 'http://localhost:5912/session/3b2033e118c7440c5db37eb4459a6fad/element'
19:05:31.911 [Forwarding findElement on session 3b2033e118c7440c5db37eb4459a6fad to remote] DEBUG org.asynchttpclient.netty.request.NettyRequestSender - Using open Channel [id: 0xb9de85bf, L:/127.0.0.1:61684 - R:localhost/127.0.0.1:5912] for POST '/session/3b2033e118c7440c5db37eb4459a6fad/element'
19:05:32.198 [AsyncHttpClient-1-14] DEBUG org.asynchttpclient.netty.handler.HttpHandler - 

Request DefaultHttpRequest(decodeResult: success, version: HTTP/1.1)
POST /session/3b2033e118c7440c5db37eb4459a6fad/element HTTP/1.1
User-Agent: selenium/4.8.1 (java windows)
Content-Length: 54
Content-Type: application/json; charset=utf-8
host: localhost:5912
accept: */*

Response DefaultHttpResponse(decodeResult: success, version: HTTP/1.1)
HTTP/1.1 200 OK
Content-Length: 88
Content-Type: application/json; charset=utf-8
cache-control: no-cache

19:05:32.198 [AsyncHttpClient-1-14] DEBUG org.asynchttpclient.netty.channel.ChannelManager - Adding key: http://localhost:5912 for channel [id: 0xb9de85bf, L:/127.0.0.1:61684 - R:localhost/127.0.0.1:5912]
19:05:32.203 [Forwarding isElementDisplayed on session 3b2033e118c7440c5db37eb4459a6fad to remote] DEBUG org.asynchttpclient.netty.request.NettyRequestSender - Using pooled Channel '[id: 0xb9de85bf, L:/127.0.0.1:61684 - R:localhost/127.0.0.1:5912]' for 'POST' to 'http://localhost:5912/session/3b2033e118c7440c5db37eb4459a6fad/execute/sync'
19:05:32.203 [Forwarding isElementDisplayed on session 3b2033e118c7440c5db37eb4459a6fad to remote] DEBUG org.asynchttpclient.netty.request.NettyRequestSender - Using open Channel [id: 0xb9de85bf, L:/127.0.0.1:61684 - R:localhost/127.0.0.1:5912] for POST '/session/3b2033e118c7440c5db37eb4459a6fad/execute/sync'
19:05:32.220 [AsyncHttpClient-1-14] DEBUG org.asynchttpclient.netty.handler.HttpHandler - 

Request DefaultHttpRequest(decodeResult: success, version: HTTP/1.1)
POST /session/3b2033e118c7440c5db37eb4459a6fad/execute/sync HTTP/1.1
User-Agent: selenium/4.8.1 (java windows)
Content-Length: 48807
Content-Type: application/json; charset=utf-8
host: localhost:5912
accept: */*

Response DefaultHttpResponse(decodeResult: success, version: HTTP/1.1)
HTTP/1.1 200 OK
Content-Length: 14
Content-Type: application/json; charset=utf-8
cache-control: no-cache

19:05:32.220 [AsyncHttpClient-1-14] DEBUG org.asynchttpclient.netty.channel.ChannelManager - Adding key: http://localhost:5912 for channel [id: 0xb9de85bf, L:/127.0.0.1:61684 - R:localhost/127.0.0.1:5912]
19:05:32.225 [Forwarding getAlertText on session 3b2033e118c7440c5db37eb4459a6fad to remote] DEBUG org.asynchttpclient.netty.request.NettyRequestSender - Using pooled Channel '[id: 0xb9de85bf, L:/127.0.0.1:61684 - R:localhost/127.0.0.1:5912]' for 'GET' to 'http://localhost:5912/session/3b2033e118c7440c5db37eb4459a6fad/alert/text'
19:05:32.225 [Forwarding getAlertText on session 3b2033e118c7440c5db37eb4459a6fad to remote] DEBUG org.asynchttpclient.netty.request.NettyRequestSender - Using open Channel [id: 0xb9de85bf, L:/127.0.0.1:61684 - R:localhost/127.0.0.1:5912] for GET '/session/3b2033e118c7440c5db37eb4459a6fad/alert/text'
19:05:32.227 [AsyncHttpClient-1-14] DEBUG org.asynchttpclient.netty.handler.HttpHandler - 

Request DefaultFullHttpRequest(decodeResult: success, version: HTTP/1.1, content: EmptyByteBufBE)
GET /session/3b2033e118c7440c5db37eb4459a6fad/alert/text HTTP/1.1
User-Agent: selenium/4.8.1 (java windows)
Cache-Control: no-cache
Content-Type: application/json; charset=utf-8
host: localhost:5912
accept: */*

Response DefaultHttpResponse(decodeResult: success, version: HTTP/1.1)
HTTP/1.1 404 Not Found
Content-Length: 836
Content-Type: application/json; charset=utf-8
cache-control: no-cache

19:05:32.227 [AsyncHttpClient-1-14] DEBUG org.asynchttpclient.netty.channel.ChannelManager - Adding key: http://localhost:5912 for channel [id: 0xb9de85bf, L:/127.0.0.1:61684 - R:localhost/127.0.0.1:5912]
19:05:32.229 [Forwarding getCurrentUrl on session 3b2033e118c7440c5db37eb4459a6fad to remote] DEBUG org.asynchttpclient.netty.request.NettyRequestSender - Using pooled Channel '[id: 0xb9de85bf, L:/127.0.0.1:61684 - R:localhost/127.0.0.1:5912]' for 'GET' to 'http://localhost:5912/session/3b2033e118c7440c5db37eb4459a6fad/url'
19:05:32.229 [Forwarding getCurrentUrl on session 3b2033e118c7440c5db37eb4459a6fad to remote] DEBUG org.asynchttpclient.netty.request.NettyRequestSender - Using open Channel [id: 0xb9de85bf, L:/127.0.0.1:61684 - R:localhost/127.0.0.1:5912] for GET '/session/3b2033e118c7440c5db37eb4459a6fad/url'
19:05:32.230 [AsyncHttpClient-1-1] DEBUG org.asynchttpclient.netty.channel.DefaultChannelPool - Entry count for : http://localhost:61687 : 1
19:05:32.233 [AsyncHttpClient-1-14] DEBUG org.asynchttpclient.netty.handler.HttpHandler - 

Request DefaultFullHttpRequest(decodeResult: success, version: HTTP/1.1, content: EmptyByteBufBE)
GET /session/3b2033e118c7440c5db37eb4459a6fad/url HTTP/1.1
User-Agent: selenium/4.8.1 (java windows)
Cache-Control: no-cache
Content-Type: application/json; charset=utf-8
host: localhost:5912
accept: */*

Response DefaultHttpResponse(decodeResult: success, version: HTTP/1.1)
HTTP/1.1 200 OK
Content-Length: 54
Content-Type: application/json; charset=utf-8
cache-control: no-cache

19:05:32.233 [AsyncHttpClient-1-14] DEBUG org.asynchttpclient.netty.channel.ChannelManager - Adding key: http://localhost:5912 for channel [id: 0xb9de85bf, L:/127.0.0.1:61684 - R:localhost/127.0.0.1:5912]
19:05:32.234 [Forwarding screenshot on session 3b2033e118c7440c5db37eb4459a6fad to remote] DEBUG org.asynchttpclient.netty.request.NettyRequestSender - Using pooled Channel '[id: 0xb9de85bf, L:/127.0.0.1:61684 - R:localhost/127.0.0.1:5912]' for 'GET' to 'http://localhost:5912/session/3b2033e118c7440c5db37eb4459a6fad/screenshot'
19:05:32.234 [Forwarding screenshot on session 3b2033e118c7440c5db37eb4459a6fad to remote] DEBUG org.asynchttpclient.netty.request.NettyRequestSender - Using open Channel [id: 0xb9de85bf, L:/127.0.0.1:61684 - R:localhost/127.0.0.1:5912] for GET '/session/3b2033e118c7440c5db37eb4459a6fad/screenshot'
19:05:32.341 [AsyncHttpClient-1-14] DEBUG org.asynchttpclient.netty.handler.HttpHandler - 

Request DefaultFullHttpRequest(decodeResult: success, version: HTTP/1.1, content: EmptyByteBufBE)
GET /session/3b2033e118c7440c5db37eb4459a6fad/screenshot HTTP/1.1
User-Agent: selenium/4.8.1 (java windows)
Cache-Control: no-cache
Content-Type: application/json; charset=utf-8
host: localhost:5912
accept: */*

Response DefaultHttpResponse(decodeResult: success, version: HTTP/1.1)
HTTP/1.1 200 OK
Content-Length: 39732
Content-Type: application/json; charset=utf-8
cache-control: no-cache

19:05:32.342 [AsyncHttpClient-1-14] DEBUG org.asynchttpclient.netty.channel.ChannelManager - Adding key: http://localhost:5912 for channel [id: 0xb9de85bf, L:/127.0.0.1:61684 - R:localhost/127.0.0.1:5912]
19:05:32.344 [main] DEBUG net.serenitybdd.core.photography.Darkroom - Send negative for processing for target\site\serenity\7a8e85cb5f4c4ab92ffe192090c2f0c54e5768a66d3b60a904f58d55a1de7bd5.png
19:05:32.345 [main] DEBUG net.thucydides.core.steps.StepInterceptor - STEP DONE: incorrectAlert
  &amp#27;[32mThen &amp#27;[0m&amp#27;[32mI should see the error message&amp#27;[0m       &amp#27;[90m# starter.stepdefinitions.LoginSteps.alertContent()&amp#27;[0m
19:05:32.345 [Darkroom Processing Line] DEBUG net.serenitybdd.core.photography.DarkroomProcessingLine - Processing screenshot image in /var/screenshots/screenshot-10154330226132717889
19:05:32.345 [Darkroom Processing Line] DEBUG net.serenitybdd.core.photography.DarkroomProcessingLine - Saving screenshot to target\site\serenity\7a8e85cb5f4c4ab92ffe192090c2f0c54e5768a66d3b60a904f58d55a1de7bd5.png
19:05:32.352 [main] INFO  - 
  _____   ___   ___   _____     ___     _     ___   ___   ___   ___  
 |_   _| | __| / __| |_   _|   | _ \   /_\   / __| / __| | __| |   \ 
   | |   | _|  \__ \   | |     |  _/  / _ \  \__ \ \__ \ | _|  | |) |
   |_|   |___| |___/   |_|     |_|   /_/ \_\ |___/ |___/ |___| |___/ 

Register with existed email
----------------------------------------------------------------------
19:05:32.355 [AsyncHttpClient-1-16] DEBUG org.asynchttpclient.netty.handler.WebSocketHandler - Channel Closed: [id: 0x1373f6bd, L:/127.0.0.1:61695 ! R:localhost/127.0.0.1:61687] with attribute NettyResponseFuture{currentRetry=0,
	isDone=1,
	isCancelled=0,
	asyncHandler=org.asynchttpclient.ws.WebSocketUpgradeHandler@63ed5c97,
	nettyRequest=org.asynchttpclient.netty.request.NettyRequest@26efde8e,
	future=java.util.concurrent.CompletableFuture@66057fbb[Completed normally],
	uri=ws://localhost:61687/devtools/browser/a7b154a7-027f-4ff7-8503-e5038e3d6c89,
	keepAlive=true,
	redirectCount=0,
	timeoutsHolder=null,
	inAuth=0,
	touch=1683547514008}
19:05:32.355 [Driver Command Executor] DEBUG org.asynchttpclient.netty.request.NettyRequestSender - Using pooled Channel '[id: 0xb9de85bf, L:/127.0.0.1:61684 - R:localhost/127.0.0.1:5912]' for 'DELETE' to 'http://localhost:5912/session/3b2033e118c7440c5db37eb4459a6fad'
19:05:32.355 [AsyncHttpClient-1-16] DEBUG org.asynchttpclient.netty.channel.ChannelManager - Closing Channel [id: 0x1373f6bd, L:/127.0.0.1:61695 ! R:localhost/127.0.0.1:61687] 
19:05:32.355 [Driver Command Executor] DEBUG org.asynchttpclient.netty.request.NettyRequestSender - Using open Channel [id: 0xb9de85bf, L:/127.0.0.1:61684 - R:localhost/127.0.0.1:5912] for DELETE '/session/3b2033e118c7440c5db37eb4459a6fad'
19:05:32.388 [AsyncHttpClient-1-15] DEBUG org.asynchttpclient.netty.handler.HttpHandler - Unexpected I/O exception on channel [id: 0xd33943fb, L:/127.0.0.1:61694 - R:localhost/127.0.0.1:61687]
java.net.SocketException: Connection reset
	at java.base/sun.nio.ch.SocketChannelImpl.throwConnectionReset(SocketChannelImpl.java:367)
	at java.base/sun.nio.ch.SocketChannelImpl.read(SocketChannelImpl.java:398)
	at io.netty.buffer.PooledByteBuf.setBytes(PooledByteBuf.java:259)
	at io.netty.buffer.AbstractByteBuf.writeBytes(AbstractByteBuf.java:1132)
	at io.netty.channel.socket.nio.NioSocketChannel.doReadBytes(NioSocketChannel.java:357)
	at io.netty.channel.nio.AbstractNioByteChannel$NioByteUnsafe.read(AbstractNioByteChannel.java:151)
	at io.netty.channel.nio.NioEventLoop.processSelectedKey(NioEventLoop.java:788)
	at io.netty.channel.nio.NioEventLoop.processSelectedKeysOptimized(NioEventLoop.java:724)
	at io.netty.channel.nio.NioEventLoop.processSelectedKeys(NioEventLoop.java:650)
	at io.netty.channel.nio.NioEventLoop.run(NioEventLoop.java:562)
	at io.netty.util.concurrent.SingleThreadEventExecutor$4.run(SingleThreadEventExecutor.java:997)
	at io.netty.util.internal.ThreadExecutorMap$2.run(ThreadExecutorMap.java:74)
	at io.netty.util.concurrent.FastThreadLocalRunnable.run(FastThreadLocalRunnable.java:30)
	at java.base/java.lang.Thread.run(Thread.java:832)
19:05:32.388 [AsyncHttpClient-1-15] DEBUG org.asynchttpclient.netty.channel.ChannelManager - Closing Channel [id: 0xd33943fb, L:/127.0.0.1:61694 - R:localhost/127.0.0.1:61687] 
19:05:32.388 [AsyncHttpClient-1-15] DEBUG org.asynchttpclient.netty.handler.HttpHandler - Channel Closed: [id: 0xd33943fb, L:/127.0.0.1:61694 ! R:localhost/127.0.0.1:61687] with attribute DISCARD
19:05:32.402 [AsyncHttpClient-1-14] DEBUG org.asynchttpclient.netty.handler.HttpHandler - 

Request DefaultFullHttpRequest(decodeResult: success, version: HTTP/1.1, content: EmptyByteBufBE)
DELETE /session/3b2033e118c7440c5db37eb4459a6fad HTTP/1.1
User-Agent: selenium/4.8.1 (java windows)
Content-Type: application/json; charset=utf-8
host: localhost:5912
accept: */*

Response DefaultHttpResponse(decodeResult: success, version: HTTP/1.1)
HTTP/1.1 200 OK
Content-Length: 14
Content-Type: application/json; charset=utf-8
cache-control: no-cache

19:05:32.402 [AsyncHttpClient-1-14] DEBUG org.asynchttpclient.netty.channel.ChannelManager - Adding key: http://localhost:5912 for channel [id: 0xb9de85bf, L:/127.0.0.1:61684 - R:localhost/127.0.0.1:5912]
19:05:33.112 [AsyncHttpClient-1-14] DEBUG org.asynchttpclient.netty.handler.HttpHandler - Channel Closed: [id: 0xb9de85bf, L:/127.0.0.1:61684 ! R:localhost/127.0.0.1:5912] with attribute DISCARD
19:05:33.328 [AsyncHttpClient-1-1] DEBUG org.asynchttpclient.netty.channel.DefaultChannelPool - Entry count for : http://localhost:5912 : 1
19:05:33.328 [AsyncHttpClient-1-1] DEBUG org.asynchttpclient.netty.channel.DefaultChannelPool - Entry count for : http://localhost:61687 : 1
19:05:33.328 [AsyncHttpClient-1-1] DEBUG org.asynchttpclient.netty.channel.DefaultChannelPool - Adding Candidate expired Channel [id: 0xb9de85bf, L:/127.0.0.1:61684 ! R:localhost/127.0.0.1:5912] isIdleTimeoutExpired=false isRemotelyClosed=true isTtlExpired=false
19:05:33.328 [AsyncHttpClient-1-1] DEBUG org.asynchttpclient.netty.channel.DefaultChannelPool - Closing Idle Channel [id: 0xb9de85bf, L:/127.0.0.1:61684 ! R:localhost/127.0.0.1:5912]
19:05:33.328 [AsyncHttpClient-1-1] DEBUG org.asynchttpclient.netty.channel.DefaultChannelPool - Adding Candidate expired Channel [id: 0xd33943fb, L:/127.0.0.1:61694 ! R:localhost/127.0.0.1:61687] isIdleTimeoutExpired=false isRemotelyClosed=true isTtlExpired=false
19:05:33.328 [AsyncHttpClient-1-1] DEBUG org.asynchttpclient.netty.channel.DefaultChannelPool - Closing Idle Channel [id: 0xd33943fb, L:/127.0.0.1:61694 ! R:localhost/127.0.0.1:61687]
19:05:33.328 [AsyncHttpClient-1-1] DEBUG org.asynchttpclient.netty.channel.DefaultChannelPool - Closed 2 connections out of 2 in 0 ms
]]></system-out>
    <system-err><![CDATA[Starting ChromeDriver 111.0.5563.64 (c710e93d5b63b7095afe8c2c17df34408078439d-refs/branch-heads/5563@{#995}) on port 5912
Only local connections are allowed.
Please see https://chromedriver.chromium.org/security-considerations for suggestions on keeping ChromeDriver safe.
ChromeDriver was started successfully.
[1683547513.983][WARNING]: This version of ChromeDriver has not been tested with Chrome version 112.
May 08, 2023 7:05:14 PM org.openqa.selenium.devtools.CdpVersionFinder findNearestMatch
WARNING: Unable to find an exact match for CDP version 112, so returning the closest version found: 110
]]></system-err>
  </testcase>
</testsuite>