<?xml version="1.0" encoding="UTF-8"?>
<testsuite xmlns:xsi="http://www.w3.org/2001/XMLSchema-instance" xsi:noNamespaceSchemaLocation="https://maven.apache.org/surefire/maven-failsafe-plugin/xsd/failsafe-test-report-3.0.xsd" version="3.0" name="starter.CucumberTestSuite" time="200.769" tests="22" errors="0" skipped="0" failures="0">
  <properties>
    <property name="java.specification.version" value="15"/>
    <property name="webdriver.chrome.driver" value="src/test/resources/webdriver/chromedriver.exe"/>
    <property name="sun.cpu.isalist" value="amd64"/>
    <property name="sun.jnu.encoding" value="Cp1252"/>
    <property name="java.class.path" value="C:\Users\WINDOWS 10\Documents\GitHub\MiniProject_QE\Web\code\minpro\target\test-classes;C:\Users\WINDOWS 10\.m2\repository\net\serenity-bdd\serenity-rest-assured\3.6.22\serenity-rest-assured-3.6.22.jar;C:\Users\WINDOWS 10\.m2\repository\org\apache\httpcomponents\httpclient\4.5.13\httpclient-4.5.13.jar;C:\Users\WINDOWS 10\.m2\repository\org\apache\httpcomponents\httpcore\4.4.13\httpcore-4.4.13.jar;C:\Users\WINDOWS 10\.m2\repository\commons-logging\commons-logging\1.2\commons-logging-1.2.jar;C:\Users\WINDOWS 10\.m2\repository\io\rest-assured\rest-assured\5.3.0\rest-assured-5.3.0.jar;C:\Users\WINDOWS 10\.m2\repository\org\apache\httpcomponents\httpmime\4.5.13\httpmime-4.5.13.jar;C:\Users\WINDOWS 10\.m2\repository\org\ccil\cowan\tagsoup\tagsoup\1.2.1\tagsoup-1.2.1.jar;C:\Users\WINDOWS 10\.m2\repository\io\rest-assured\json-path\5.3.0\json-path-5.3.0.jar;C:\Users\WINDOWS 10\.m2\repository\io\rest-assured\rest-assured-common\5.3.0\rest-assured-common-5.3.0.jar;C:\Users\WINDOWS 10\.m2\repository\io\rest-assured\xml-path\5.3.0\xml-path-5.3.0.jar;C:\Users\WINDOWS 10\.m2\repository\org\apache\groovy\groovy-json\4.0.10\groovy-json-4.0.10.jar;C:\Users\WINDOWS 10\.m2\repository\org\apache\groovy\groovy-xml\4.0.10\groovy-xml-4.0.10.jar;C:\Users\WINDOWS 10\.m2\repository\org\apache\groovy\groovy\4.0.10\groovy-4.0.10.jar;C:\Users\WINDOWS 10\.m2\repository\org\opentest4j\opentest4j\1.2.0\opentest4j-1.2.0.jar;C:\Users\WINDOWS 10\.m2\repository\net\serenity-bdd\serenity-core\3.6.21\serenity-core-3.6.21.jar;C:\Users\WINDOWS 10\.m2\repository\net\serenity-bdd\serenity-model\3.6.21\serenity-model-3.6.21.jar;C:\Users\WINDOWS 10\.m2\repository\org\apache\commons\commons-text\1.10.0\commons-text-1.10.0.jar;C:\Users\WINDOWS 10\.m2\repository\commons-net\commons-net\3.9.0\commons-net-3.9.0.jar;C:\Users\WINDOWS 10\.m2\repository\com\google\guava\guava\31.1-jre\guava-31.1-jre.jar;C:\Users\WINDOWS 10\.m2\repository\com\google\guava\failureaccess\1.0.1\failureaccess-1.0.1.jar;C:\Users\WINDOWS 10\.m2\repository\com\google\guava\listenablefuture\9999.0-empty-to-avoid-conflict-with-guava\listenablefuture-9999.0-empty-to-avoid-conflict-with-guava.jar;C:\Users\WINDOWS 10\.m2\repository\com\google\code\findbugs\jsr305\3.0.2\jsr305-3.0.2.jar;C:\Users\WINDOWS 10\.m2\repository\org\checkerframework\checker-qual\3.12.0\checker-qual-3.12.0.jar;C:\Users\WINDOWS 10\.m2\repository\com\google\errorprone\error_prone_annotations\2.11.0\error_prone_annotations-2.11.0.jar;C:\Users\WINDOWS 10\.m2\repository\com\google\j2objc\j2objc-annotations\1.3\j2objc-annotations-1.3.jar;C:\Users\WINDOWS 10\.m2\repository\com\google\inject\guice\5.1.0\guice-5.1.0.jar;C:\Users\WINDOWS 10\.m2\repository\javax\inject\javax.inject\1\javax.inject-1.jar;C:\Users\WINDOWS 10\.m2\repository\aopalliance\aopalliance\1.0\aopalliance-1.0.jar;C:\Users\WINDOWS 10\.m2\repository\org\jsoup\jsoup\1.14.3\jsoup-1.14.3.jar;C:\Users\WINDOWS 10\.m2\repository\com\thoughtworks\xstream\xstream\1.4.20\xstream-1.4.20.jar;C:\Users\WINDOWS 10\.m2\repository\io\github\x-stream\mxparser\1.2.2\mxparser-1.2.2.jar;C:\Users\WINDOWS 10\.m2\repository\xmlpull\xmlpull\1.1.3.1\xmlpull-1.1.3.1.jar;C:\Users\WINDOWS 10\.m2\repository\com\typesafe\config\1.4.2\config-1.4.2.jar;C:\Users\WINDOWS 10\.m2\repository\org\imgscalr\imgscalr-lib\4.2\imgscalr-lib-4.2.jar;C:\Users\WINDOWS 10\.m2\repository\org\awaitility\awaitility\4.2.0\awaitility-4.2.0.jar;C:\Users\WINDOWS 10\.m2\repository\org\freemarker\freemarker\2.3.31\freemarker-2.3.31.jar;C:\Users\WINDOWS 10\.m2\repository\io\github\classgraph\classgraph\4.8.138\classgraph-4.8.138.jar;C:\Users\WINDOWS 10\.m2\repository\net\sourceforge\jexcelapi\jxl\2.6.12\jxl-2.6.12.jar;C:\Users\WINDOWS 10\.m2\repository\net\bytebuddy\byte-buddy-agent\1.14.2\byte-buddy-agent-1.14.2.jar;C:\Users\WINDOWS 10\.m2\repository\org\objenesis\objenesis\3.3\objenesis-3.3.jar;C:\Users\WINDOWS 10\.m2\repository\net\serenity-bdd\serenity-reports\3.6.21\serenity-reports-3.6.21.jar;C:\Users\WINDOWS 10\.m2\repository\net\serenity-bdd\serenity-stats\3.6.21\serenity-stats-3.6.21.jar;C:\Users\WINDOWS 10\.m2\repository\net\serenity-bdd\serenity-reports-configuration\3.6.21\serenity-reports-configuration-3.6.21.jar;C:\Users\WINDOWS 10\.m2\repository\com\vladsch\flexmark\flexmark-all\0.62.2\flexmark-all-0.62.2.jar;C:\Users\WINDOWS 10\.m2\repository\com\vladsch\flexmark\flexmark\0.62.2\flexmark-0.62.2.jar;C:\Users\WINDOWS 10\.m2\repository\com\vladsch\flexmark\flexmark-ext-abbreviation\0.62.2\flexmark-ext-abbreviation-0.62.2.jar;C:\Users\WINDOWS 10\.m2\repository\com\vladsch\flexmark\flexmark-util\0.62.2\flexmark-util-0.62.2.jar;C:\Users\WINDOWS 10\.m2\repository\com\vladsch\flexmark\flexmark-ext-admonition\0.62.2\flexmark-ext-admonition-0.62.2.jar;C:\Users\WINDOWS 10\.m2\repository\com\vladsch\flexmark\flexmark-ext-anchorlink\0.62.2\flexmark-ext-anchorlink-0.62.2.jar;C:\Users\WINDOWS 10\.m2\repository\com\vladsch\flexmark\flexmark-ext-aside\0.62.2\flexmark-ext-aside-0.62.2.jar;C:\Users\WINDOWS 10\.m2\repository\com\vladsch\flexmark\flexmark-ext-attributes\0.62.2\flexmark-ext-attributes-0.62.2.jar;C:\Users\WINDOWS 10\.m2\repository\com\vladsch\flexmark\flexmark-ext-autolink\0.62.2\flexmark-ext-autolink-0.62.2.jar;C:\Users\WINDOWS 10\.m2\repository\org\nibor\autolink\autolink\0.6.0\autolink-0.6.0.jar;C:\Users\WINDOWS 10\.m2\repository\com\vladsch\flexmark\flexmark-ext-definition\0.62.2\flexmark-ext-definition-0.62.2.jar;C:\Users\WINDOWS 10\.m2\repository\com\vladsch\flexmark\flexmark-ext-emoji\0.62.2\flexmark-ext-emoji-0.62.2.jar;C:\Users\WINDOWS 10\.m2\repository\com\vladsch\flexmark\flexmark-ext-enumerated-reference\0.62.2\flexmark-ext-enumerated-reference-0.62.2.jar;C:\Users\WINDOWS 10\.m2\repository\com\vladsch\flexmark\flexmark-ext-escaped-character\0.62.2\flexmark-ext-escaped-character-0.62.2.jar;C:\Users\WINDOWS 10\.m2\repository\com\vladsch\flexmark\flexmark-ext-footnotes\0.62.2\flexmark-ext-footnotes-0.62.2.jar;C:\Users\WINDOWS 10\.m2\repository\com\vladsch\flexmark\flexmark-ext-gfm-issues\0.62.2\flexmark-ext-gfm-issues-0.62.2.jar;C:\Users\WINDOWS 10\.m2\repository\com\vladsch\flexmark\flexmark-ext-gfm-strikethrough\0.62.2\flexmark-ext-gfm-strikethrough-0.62.2.jar;C:\Users\WINDOWS 10\.m2\repository\com\vladsch\flexmark\flexmark-ext-gfm-tasklist\0.62.2\flexmark-ext-gfm-tasklist-0.62.2.jar;C:\Users\WINDOWS 10\.m2\repository\com\vladsch\flexmark\flexmark-ext-gfm-users\0.62.2\flexmark-ext-gfm-users-0.62.2.jar;C:\Users\WINDOWS 10\.m2\repository\com\vladsch\flexmark\flexmark-ext-gitlab\0.62.2\flexmark-ext-gitlab-0.62.2.jar;C:\Users\WINDOWS 10\.m2\repository\com\vladsch\flexmark\flexmark-ext-jekyll-front-matter\0.62.2\flexmark-ext-jekyll-front-matter-0.62.2.jar;C:\Users\WINDOWS 10\.m2\repository\com\vladsch\flexmark\flexmark-ext-jekyll-tag\0.62.2\flexmark-ext-jekyll-tag-0.62.2.jar;C:\Users\WINDOWS 10\.m2\repository\com\vladsch\flexmark\flexmark-ext-media-tags\0.62.2\flexmark-ext-media-tags-0.62.2.jar;C:\Users\WINDOWS 10\.m2\repository\com\vladsch\flexmark\flexmark-ext-macros\0.62.2\flexmark-ext-macros-0.62.2.jar;C:\Users\WINDOWS 10\.m2\repository\com\vladsch\flexmark\flexmark-ext-ins\0.62.2\flexmark-ext-ins-0.62.2.jar;C:\Users\WINDOWS 10\.m2\repository\com\vladsch\flexmark\flexmark-ext-xwiki-macros\0.62.2\flexmark-ext-xwiki-macros-0.62.2.jar;C:\Users\WINDOWS 10\.m2\repository\com\vladsch\flexmark\flexmark-ext-superscript\0.62.2\flexmark-ext-superscript-0.62.2.jar;C:\Users\WINDOWS 10\.m2\repository\com\vladsch\flexmark\flexmark-ext-tables\0.62.2\flexmark-ext-tables-0.62.2.jar;C:\Users\WINDOWS 10\.m2\repository\com\vladsch\flexmark\flexmark-ext-toc\0.62.2\flexmark-ext-toc-0.62.2.jar;C:\Users\WINDOWS 10\.m2\repository\com\vladsch\flexmark\flexmark-ext-typographic\0.62.2\flexmark-ext-typographic-0.62.2.jar;C:\Users\WINDOWS 10\.m2\repository\com\vladsch\flexmark\flexmark-ext-wikilink\0.62.2\flexmark-ext-wikilink-0.62.2.jar;C:\Users\WINDOWS 10\.m2\repository\com\vladsch\flexmark\flexmark-ext-yaml-front-matter\0.62.2\flexmark-ext-yaml-front-matter-0.62.2.jar;C:\Users\WINDOWS 10\.m2\repository\com\vladsch\flexmark\flexmark-ext-youtube-embedded\0.62.2\flexmark-ext-youtube-embedded-0.62.2.jar;C:\Users\WINDOWS 10\.m2\repository\com\vladsch\flexmark\flexmark-html2md-converter\0.62.2\flexmark-html2md-converter-0.62.2.jar;C:\Users\WINDOWS 10\.m2\repository\com\vladsch\flexmark\flexmark-jira-converter\0.62.2\flexmark-jira-converter-0.62.2.jar;C:\Users\WINDOWS 10\.m2\repository\com\vladsch\flexmark\flexmark-pdf-converter\0.62.2\flexmark-pdf-converter-0.62.2.jar;C:\Users\WINDOWS 10\.m2\repository\com\openhtmltopdf\openhtmltopdf-core\1.0.0\openhtmltopdf-core-1.0.0.jar;C:\Users\WINDOWS 10\.m2\repository\com\openhtmltopdf\openhtmltopdf-pdfbox\1.0.0\openhtmltopdf-pdfbox-1.0.0.jar;C:\Users\WINDOWS 10\.m2\repository\org\apache\pdfbox\pdfbox\2.0.16\pdfbox-2.0.16.jar;C:\Users\WINDOWS 10\.m2\repository\org\apache\pdfbox\fontbox\2.0.16\fontbox-2.0.16.jar;C:\Users\WINDOWS 10\.m2\repository\org\apache\pdfbox\xmpbox\2.0.16\xmpbox-2.0.16.jar;C:\Users\WINDOWS 10\.m2\repository\de\rototor\pdfbox\graphics2d\0.24\graphics2d-0.24.jar;C:\Users\WINDOWS 10\.m2\repository\com\openhtmltopdf\openhtmltopdf-rtl-support\1.0.0\openhtmltopdf-rtl-support-1.0.0.jar;C:\Users\WINDOWS 10\.m2\repository\com\openhtmltopdf\openhtmltopdf-jsoup-dom-converter\1.0.0\openhtmltopdf-jsoup-dom-converter-1.0.0.jar;C:\Users\WINDOWS 10\.m2\repository\com\vladsch\flexmark\flexmark-profile-pegdown\0.62.2\flexmark-profile-pegdown-0.62.2.jar;C:\Users\WINDOWS 10\.m2\repository\com\vladsch\flexmark\flexmark-util-ast\0.62.2\flexmark-util-ast-0.62.2.jar;C:\Users\WINDOWS 10\.m2\repository\com\vladsch\flexmark\flexmark-util-builder\0.62.2\flexmark-util-builder-0.62.2.jar;C:\Users\WINDOWS 10\.m2\repository\com\vladsch\flexmark\flexmark-util-collection\0.62.2\flexmark-util-collection-0.62.2.jar;C:\Users\WINDOWS 10\.m2\repository\com\vladsch\flexmark\flexmark-util-data\0.62.2\flexmark-util-data-0.62.2.jar;C:\Users\WINDOWS 10\.m2\repository\com\vladsch\flexmark\flexmark-util-dependency\0.62.2\flexmark-util-dependency-0.62.2.jar;C:\Users\WINDOWS 10\.m2\repository\com\vladsch\flexmark\flexmark-util-format\0.62.2\flexmark-util-format-0.62.2.jar;C:\Users\WINDOWS 10\.m2\repository\com\vladsch\flexmark\flexmark-util-html\0.62.2\flexmark-util-html-0.62.2.jar;C:\Users\WINDOWS 10\.m2\repository\com\vladsch\flexmark\flexmark-util-misc\0.62.2\flexmark-util-misc-0.62.2.jar;C:\Users\WINDOWS 10\.m2\repository\com\vladsch\flexmark\flexmark-util-options\0.62.2\flexmark-util-options-0.62.2.jar;C:\Users\WINDOWS 10\.m2\repository\com\vladsch\flexmark\flexmark-util-sequence\0.62.2\flexmark-util-sequence-0.62.2.jar;C:\Users\WINDOWS 10\.m2\repository\com\vladsch\flexmark\flexmark-util-visitor\0.62.2\flexmark-util-visitor-0.62.2.jar;C:\Users\WINDOWS 10\.m2\repository\com\vladsch\flexmark\flexmark-youtrack-converter\0.62.2\flexmark-youtrack-converter-0.62.2.jar;C:\Users\WINDOWS 10\.m2\repository\com\ibm\icu\icu4j\72.1\icu4j-72.1.jar;C:\Users\WINDOWS 10\.m2\repository\es\nitaur\markdown\txtmark\0.16\txtmark-0.16.jar;C:\Users\WINDOWS 10\.m2\repository\net\serenity-bdd\serenity-report-resources\3.6.21\serenity-report-resources-3.6.21.jar;C:\Users\WINDOWS 10\.m2\repository\com\google\code\gson\gson\2.10.1\gson-2.10.1.jar;C:\Users\WINDOWS 10\.m2\repository\com\fasterxml\jackson\core\jackson-core\2.15.0-rc1\jackson-core-2.15.0-rc1.jar;C:\Users\WINDOWS 10\.m2\repository\com\fasterxml\jackson\core\jackson-databind\2.15.0-rc1\jackson-databind-2.15.0-rc1.jar;C:\Users\WINDOWS 10\.m2\repository\com\fasterxml\jackson\core\jackson-annotations\2.15.0-rc1\jackson-annotations-2.15.0-rc1.jar;C:\Users\WINDOWS 10\.m2\repository\commons-codec\commons-codec\1.15\commons-codec-1.15.jar;C:\Users\WINDOWS 10\.m2\repository\commons-io\commons-io\2.11.0\commons-io-2.11.0.jar;C:\Users\WINDOWS 10\.m2\repository\org\seleniumhq\selenium\selenium-java\4.8.1\selenium-java-4.8.1.jar;C:\Users\WINDOWS 10\.m2\repository\org\seleniumhq\selenium\selenium-devtools-v108\4.8.1\selenium-devtools-v108-4.8.1.jar;C:\Users\WINDOWS 10\.m2\repository\org\seleniumhq\selenium\selenium-devtools-v109\4.8.1\selenium-devtools-v109-4.8.1.jar;C:\Users\WINDOWS 10\.m2\repository\org\seleniumhq\selenium\selenium-devtools-v110\4.8.1\selenium-devtools-v110-4.8.1.jar;C:\Users\WINDOWS 10\.m2\repository\org\seleniumhq\selenium\selenium-devtools-v85\4.8.1\selenium-devtools-v85-4.8.1.jar;C:\Users\WINDOWS 10\.m2\repository\org\seleniumhq\selenium\selenium-remote-driver\4.8.1\selenium-remote-driver-4.8.1.jar;C:\Users\WINDOWS 10\.m2\repository\com\beust\jcommander\1.82\jcommander-1.82.jar;C:\Users\WINDOWS 10\.m2\repository\io\netty\netty-buffer\4.1.87.Final\netty-buffer-4.1.87.Final.jar;C:\Users\WINDOWS 10\.m2\repository\io\netty\netty-codec-http\4.1.87.Final\netty-codec-http-4.1.87.Final.jar;C:\Users\WINDOWS 10\.m2\repository\io\netty\netty-codec\4.1.87.Final\netty-codec-4.1.87.Final.jar;C:\Users\WINDOWS 10\.m2\repository\io\netty\netty-handler\4.1.87.Final\netty-handler-4.1.87.Final.jar;C:\Users\WINDOWS 10\.m2\repository\io\netty\netty-common\4.1.87.Final\netty-common-4.1.87.Final.jar;C:\Users\WINDOWS 10\.m2\repository\io\netty\netty-transport-classes-epoll\4.1.87.Final\netty-transport-classes-epoll-4.1.87.Final.jar;C:\Users\WINDOWS 10\.m2\repository\io\netty\netty-transport-classes-kqueue\4.1.87.Final\netty-transport-classes-kqueue-4.1.87.Final.jar;C:\Users\WINDOWS 10\.m2\repository\io\netty\netty-transport-native-epoll\4.1.87.Final\netty-transport-native-epoll-4.1.87.Final.jar;C:\Users\WINDOWS 10\.m2\repository\io\netty\netty-transport-native-kqueue\4.1.87.Final\netty-transport-native-kqueue-4.1.87.Final.jar;C:\Users\WINDOWS 10\.m2\repository\io\netty\netty-transport-native-unix-common\4.1.87.Final\netty-transport-native-unix-common-4.1.87.Final.jar;C:\Users\WINDOWS 10\.m2\repository\io\netty\netty-transport\4.1.87.Final\netty-transport-4.1.87.Final.jar;C:\Users\WINDOWS 10\.m2\repository\io\netty\netty-resolver\4.1.87.Final\netty-resolver-4.1.87.Final.jar;C:\Users\WINDOWS 10\.m2\repository\io\opentelemetry\opentelemetry-api\1.22.0\opentelemetry-api-1.22.0.jar;C:\Users\WINDOWS 10\.m2\repository\io\opentelemetry\opentelemetry-context\1.22.0\opentelemetry-context-1.22.0.jar;C:\Users\WINDOWS 10\.m2\repository\io\opentelemetry\opentelemetry-exporter-logging\1.22.0\opentelemetry-exporter-logging-1.22.0.jar;C:\Users\WINDOWS 10\.m2\repository\io\opentelemetry\opentelemetry-sdk-metrics\1.22.0\opentelemetry-sdk-metrics-1.22.0.jar;C:\Users\WINDOWS 10\.m2\repository\io\opentelemetry\opentelemetry-sdk-logs\1.22.0-alpha\opentelemetry-sdk-logs-1.22.0-alpha.jar;C:\Users\WINDOWS 10\.m2\repository\io\opentelemetry\opentelemetry-api-logs\1.22.0-alpha\opentelemetry-api-logs-1.22.0-alpha.jar;C:\Users\WINDOWS 10\.m2\repository\io\opentelemetry\opentelemetry-sdk-common\1.22.0\opentelemetry-sdk-common-1.22.0.jar;C:\Users\WINDOWS 10\.m2\repository\io\opentelemetry\opentelemetry-sdk-extension-autoconfigure-spi\1.22.0\opentelemetry-sdk-extension-autoconfigure-spi-1.22.0.jar;C:\Users\WINDOWS 10\.m2\repository\io\opentelemetry\opentelemetry-sdk-extension-autoconfigure\1.22.0-alpha\opentelemetry-sdk-extension-autoconfigure-1.22.0-alpha.jar;C:\Users\WINDOWS 10\.m2\repository\io\opentelemetry\opentelemetry-sdk-trace\1.22.0\opentelemetry-sdk-trace-1.22.0.jar;C:\Users\WINDOWS 10\.m2\repository\io\opentelemetry\opentelemetry-sdk\1.22.0\opentelemetry-sdk-1.22.0.jar;C:\Users\WINDOWS 10\.m2\repository\io\opentelemetry\opentelemetry-semconv\1.22.0-alpha\opentelemetry-semconv-1.22.0-alpha.jar;C:\Users\WINDOWS 10\.m2\repository\io\ous\jtoml\2.0.0\jtoml-2.0.0.jar;C:\Users\WINDOWS 10\.m2\repository\org\apache\commons\commons-exec\1.3\commons-exec-1.3.jar;C:\Users\WINDOWS 10\.m2\repository\org\asynchttpclient\async-http-client\2.12.3\async-http-client-2.12.3.jar;C:\Users\WINDOWS 10\.m2\repository\org\asynchttpclient\async-http-client-netty-utils\2.12.3\async-http-client-netty-utils-2.12.3.jar;C:\Users\WINDOWS 10\.m2\repository\io\netty\netty-codec-socks\4.1.60.Final\netty-codec-socks-4.1.60.Final.jar;C:\Users\WINDOWS 10\.m2\repository\io\netty\netty-handler-proxy\4.1.60.Final\netty-handler-proxy-4.1.60.Final.jar;C:\Users\WINDOWS 10\.m2\repository\io\netty\netty-transport-native-epoll\4.1.60.Final\netty-transport-native-epoll-4.1.60.Final-linux-x86_64.jar;C:\Users\WINDOWS 10\.m2\repository\io\netty\netty-transport-native-kqueue\4.1.60.Final\netty-transport-native-kqueue-4.1.60.Final-osx-x86_64.jar;C:\Users\WINDOWS 10\.m2\repository\org\reactivestreams\reactive-streams\1.0.3\reactive-streams-1.0.3.jar;C:\Users\WINDOWS 10\.m2\repository\com\typesafe\netty\netty-reactive-streams\2.0.4\netty-reactive-streams-2.0.4.jar;C:\Users\WINDOWS 10\.m2\repository\org\seleniumhq\selenium\selenium-manager\4.8.1\selenium-manager-4.8.1.jar;C:\Users\WINDOWS 10\.m2\repository\org\seleniumhq\selenium\selenium-safari-driver\4.8.1\selenium-safari-driver-4.8.1.jar;C:\Users\WINDOWS 10\.m2\repository\org\seleniumhq\selenium\selenium-api\4.8.1\selenium-api-4.8.1.jar;C:\Users\WINDOWS 10\.m2\repository\org\seleniumhq\selenium\selenium-support\4.8.1\selenium-support-4.8.1.jar;C:\Users\WINDOWS 10\.m2\repository\com\google\auto\service\auto-service-annotations\1.0.1\auto-service-annotations-1.0.1.jar;C:\Users\WINDOWS 10\.m2\repository\com\google\auto\service\auto-service\1.0.1\auto-service-1.0.1.jar;C:\Users\WINDOWS 10\.m2\repository\com\google\auto\auto-common\1.2\auto-common-1.2.jar;C:\Users\WINDOWS 10\.m2\repository\org\seleniumhq\selenium\selenium-json\4.8.1\selenium-json-4.8.1.jar;C:\Users\WINDOWS 10\.m2\repository\org\seleniumhq\selenium\selenium-chrome-driver\4.8.1\selenium-chrome-driver-4.8.1.jar;C:\Users\WINDOWS 10\.m2\repository\org\seleniumhq\selenium\selenium-chromium-driver\4.8.1\selenium-chromium-driver-4.8.1.jar;C:\Users\WINDOWS 10\.m2\repository\org\seleniumhq\selenium\selenium-firefox-driver\4.8.1\selenium-firefox-driver-4.8.1.jar;C:\Users\WINDOWS 10\.m2\repository\org\seleniumhq\selenium\selenium-http\4.8.1\selenium-http-4.8.1.jar;C:\Users\WINDOWS 10\.m2\repository\dev\failsafe\failsafe\3.3.0\failsafe-3.3.0.jar;C:\Users\WINDOWS 10\.m2\repository\org\seleniumhq\selenium\selenium-edge-driver\4.8.1\selenium-edge-driver-4.8.1.jar;C:\Users\WINDOWS 10\.m2\repository\org\seleniumhq\selenium\selenium-ie-driver\4.8.1\selenium-ie-driver-4.8.1.jar;C:\Users\WINDOWS 10\.m2\repository\org\projectlombok\lombok\1.18.20\lombok-1.18.20.jar;C:\Users\WINDOWS 10\.m2\repository\io\appium\java-client\8.3.0\java-client-8.3.0.jar;C:\Users\WINDOWS 10\.m2\repository\commons-validator\commons-validator\1.7\commons-validator-1.7.jar;C:\Users\WINDOWS 10\.m2\repository\commons-digester\commons-digester\2.1\commons-digester-2.1.jar;C:\Users\WINDOWS 10\.m2\repository\net\sf\opencsv\opencsv\2.0\opencsv-2.0.jar;C:\Users\WINDOWS 10\.m2\repository\commons-beanutils\commons-beanutils\1.9.4\commons-beanutils-1.9.4.jar;C:\Users\WINDOWS 10\.m2\repository\org\apache\commons\commons-lang3\3.12.0\commons-lang3-3.12.0.jar;C:\Users\WINDOWS 10\.m2\repository\commons-collections\commons-collections\3.2.2\commons-collections-3.2.2.jar;C:\Users\WINDOWS 10\.m2\repository\org\fluentlenium\fluentlenium-core\0.10.2\fluentlenium-core-0.10.2.jar;C:\Users\WINDOWS 10\.m2\repository\io\github\bonigarcia\webdrivermanager\5.3.0\webdrivermanager-5.3.0.jar;C:\Users\WINDOWS 10\.m2\repository\com\github\docker-java\docker-java\3.2.13\docker-java-3.2.13.jar;C:\Users\WINDOWS 10\.m2\repository\com\github\docker-java\docker-java-core\3.2.13\docker-java-core-3.2.13.jar;C:\Users\WINDOWS 10\.m2\repository\com\github\docker-java\docker-java-api\3.2.13\docker-java-api-3.2.13.jar;C:\Users\WINDOWS 10\.m2\repository\org\apache\commons\commons-compress\1.21\commons-compress-1.21.jar;C:\Users\WINDOWS 10\.m2\repository\org\bouncycastle\bcpkix-jdk15on\1.64\bcpkix-jdk15on-1.64.jar;C:\Users\WINDOWS 10\.m2\repository\org\bouncycastle\bcprov-jdk15on\1.64\bcprov-jdk15on-1.64.jar;C:\Users\WINDOWS 10\.m2\repository\org\slf4j\jcl-over-slf4j\1.7.30\jcl-over-slf4j-1.7.30.jar;C:\Users\WINDOWS 10\.m2\repository\com\github\docker-java\docker-java-transport-httpclient5\3.2.13\docker-java-transport-httpclient5-3.2.13.jar;C:\Users\WINDOWS 10\.m2\repository\com\github\docker-java\docker-java-transport\3.2.13\docker-java-transport-3.2.13.jar;C:\Users\WINDOWS 10\.m2\repository\net\java\dev\jna\jna\5.8.0\jna-5.8.0.jar;C:\Users\WINDOWS 10\.m2\repository\org\brotli\dec\0.1.2\dec-0.1.2.jar;C:\Users\WINDOWS 10\.m2\repository\org\apache\httpcomponents\client5\httpclient5\5.1.3\httpclient5-5.1.3.jar;C:\Users\WINDOWS 10\.m2\repository\org\apache\httpcomponents\core5\httpcore5\5.1.3\httpcore5-5.1.3.jar;C:\Users\WINDOWS 10\.m2\repository\org\apache\httpcomponents\core5\httpcore5-h2\5.1.3\httpcore5-h2-5.1.3.jar;C:\Users\WINDOWS 10\.m2\repository\com\jhlabs\filters\2.0.235\filters-2.0.235.jar;C:\Users\WINDOWS 10\.m2\repository\com\paulhammant\ngwebdriver\1.1.6\ngwebdriver-1.1.6.jar;C:\Users\WINDOWS 10\.m2\repository\joda-time\joda-time\2.12.2\joda-time-2.12.2.jar;C:\Users\WINDOWS 10\.m2\repository\org\hamcrest\hamcrest\2.2\hamcrest-2.2.jar;C:\Users\WINDOWS 10\.m2\repository\com\google\jimfs\jimfs\1.2\jimfs-1.2.jar;C:\Users\WINDOWS 10\.m2\repository\org\mockito\mockito-core\3.3.3\mockito-core-3.3.3.jar;C:\Users\WINDOWS 10\.m2\repository\javax\xml\bind\jaxb-api\2.3.1\jaxb-api-2.3.1.jar;C:\Users\WINDOWS 10\.m2\repository\javax\activation\javax.activation-api\1.2.0\javax.activation-api-1.2.0.jar;C:\Users\WINDOWS 10\.m2\repository\com\sun\xml\bind\jaxb-core\2.3.0.1\jaxb-core-2.3.0.1.jar;C:\Users\WINDOWS 10\.m2\repository\com\sun\xml\bind\jaxb-impl\2.3.3\jaxb-impl-2.3.3.jar;C:\Users\WINDOWS 10\.m2\repository\jakarta\xml\bind\jakarta.xml.bind-api\2.3.3\jakarta.xml.bind-api-2.3.3.jar;C:\Users\WINDOWS 10\.m2\repository\com\sun\activation\jakarta.activation\1.2.2\jakarta.activation-1.2.2.jar;C:\Users\WINDOWS 10\.m2\repository\javax\activation\activation\1.1.1\activation-1.1.1.jar;C:\Users\WINDOWS 10\.m2\repository\net\serenity-bdd\serenity-cucumber\3.6.21\serenity-cucumber-3.6.21.jar;C:\Users\WINDOWS 10\.m2\repository\io\cucumber\cucumber-core\7.11.0\cucumber-core-7.11.0.jar;C:\Users\WINDOWS 10\.m2\repository\io\cucumber\cucumber-gherkin\7.11.0\cucumber-gherkin-7.11.0.jar;C:\Users\WINDOWS 10\.m2\repository\io\cucumber\cucumber-gherkin-messages\7.11.0\cucumber-gherkin-messages-7.11.0.jar;C:\Users\WINDOWS 10\.m2\repository\io\cucumber\gherkin\26.0.3\gherkin-26.0.3.jar;C:\Users\WINDOWS 10\.m2\repository\io\cucumber\messages\21.0.1\messages-21.0.1.jar;C:\Users\WINDOWS 10\.m2\repository\io\cucumber\tag-expressions\5.0.1\tag-expressions-5.0.1.jar;C:\Users\WINDOWS 10\.m2\repository\io\cucumber\cucumber-expressions\16.1.1\cucumber-expressions-16.1.1.jar;C:\Users\WINDOWS 10\.m2\repository\io\cucumber\datatable\7.11.0\datatable-7.11.0.jar;C:\Users\WINDOWS 10\.m2\repository\io\cucumber\cucumber-plugin\7.11.0\cucumber-plugin-7.11.0.jar;C:\Users\WINDOWS 10\.m2\repository\io\cucumber\docstring\7.11.0\docstring-7.11.0.jar;C:\Users\WINDOWS 10\.m2\repository\io\cucumber\html-formatter\20.2.1\html-formatter-20.2.1.jar;C:\Users\WINDOWS 10\.m2\repository\io\cucumber\junit-xml-formatter\0.1.0\junit-xml-formatter-0.1.0.jar;C:\Users\WINDOWS 10\.m2\repository\io\cucumber\ci-environment\9.1.0\ci-environment-9.1.0.jar;C:\Users\WINDOWS 10\.m2\repository\io\cucumber\cucumber-java\7.11.0\cucumber-java-7.11.0.jar;C:\Users\WINDOWS 10\.m2\repository\io\cucumber\cucumber-junit\7.11.0\cucumber-junit-7.11.0.jar;C:\Users\WINDOWS 10\.m2\repository\org\apache\commons\commons-csv\1.5\commons-csv-1.5.jar;C:\Users\WINDOWS 10\.m2\repository\net\serenity-bdd\serenity-screenplay\3.6.21\serenity-screenplay-3.6.21.jar;C:\Users\WINDOWS 10\.m2\repository\net\serenity-bdd\serenity-screenplay-webdriver\3.6.21\serenity-screenplay-webdriver-3.6.21.jar;C:\Users\WINDOWS 10\.m2\repository\net\serenity-bdd\serenity-ensure\3.6.21\serenity-ensure-3.6.21.jar;C:\Users\WINDOWS 10\.m2\repository\net\serenity-bdd\serenity-junit\3.6.21\serenity-junit-3.6.21.jar;C:\Users\WINDOWS 10\.m2\repository\org\jetbrains\kotlin\kotlin-stdlib\1.8.10\kotlin-stdlib-1.8.10.jar;C:\Users\WINDOWS 10\.m2\repository\org\jetbrains\kotlin\kotlin-stdlib-common\1.8.10\kotlin-stdlib-common-1.8.10.jar;C:\Users\WINDOWS 10\.m2\repository\org\jetbrains\annotations\13.0\annotations-13.0.jar;C:\Users\WINDOWS 10\.m2\repository\org\junit\platform\junit-platform-launcher\1.8.2\junit-platform-launcher-1.8.2.jar;C:\Users\WINDOWS 10\.m2\repository\org\junit\platform\junit-platform-engine\1.8.2\junit-platform-engine-1.8.2.jar;C:\Users\WINDOWS 10\.m2\repository\org\junit\platform\junit-platform-commons\1.8.2\junit-platform-commons-1.8.2.jar;C:\Users\WINDOWS 10\.m2\repository\org\apiguardian\apiguardian-api\1.1.2\apiguardian-api-1.1.2.jar;C:\Users\WINDOWS 10\.m2\repository\org\junit\jupiter\junit-jupiter-engine\5.8.2\junit-jupiter-engine-5.8.2.jar;C:\Users\WINDOWS 10\.m2\repository\org\junit\jupiter\junit-jupiter-api\5.8.2\junit-jupiter-api-5.8.2.jar;C:\Users\WINDOWS 10\.m2\repository\org\junit\vintage\junit-vintage-engine\5.8.2\junit-vintage-engine-5.8.2.jar;C:\Users\WINDOWS 10\.m2\repository\junit\junit\4.13.2\junit-4.13.2.jar;C:\Users\WINDOWS 10\.m2\repository\org\hamcrest\hamcrest-core\1.3\hamcrest-core-1.3.jar;C:\Users\WINDOWS 10\.m2\repository\ch\qos\logback\logback-classic\1.2.10\logback-classic-1.2.10.jar;C:\Users\WINDOWS 10\.m2\repository\ch\qos\logback\logback-core\1.2.10\logback-core-1.2.10.jar;C:\Users\WINDOWS 10\.m2\repository\org\slf4j\slf4j-api\1.7.32\slf4j-api-1.7.32.jar;C:\Users\WINDOWS 10\.m2\repository\org\assertj\assertj-core\3.23.1\assertj-core-3.23.1.jar;C:\Users\WINDOWS 10\.m2\repository\net\bytebuddy\byte-buddy\1.12.10\byte-buddy-1.12.10.jar;C:\Users\WINDOWS 10\.m2\repository\com\googlecode\json-simple\json-simple\1.1.1\json-simple-1.1.1.jar;"/>
    <property name="java.vm.vendor" value="Oracle Corporation"/>
    <property name="sun.arch.data.model" value="64"/>
    <property name="user.variant" value=""/>
    <property name="java.vendor.url" value="https://java.oracle.com/"/>
    <property name="user.timezone" value="Asia/Bangkok"/>
    <property name="os.name" value="Windows 10"/>
    <property name="java.vm.specification.version" value="15"/>
    <property name="sun.java.launcher" value="SUN_STANDARD"/>
    <property name="user.country" value="US"/>
    <property name="sun.boot.library.path" value="C:\Program Files\Java\jdk-15\bin"/>
    <property name="sun.java.command" value="org.apache.maven.surefire.booter.ForkedBooter C:\Users\WINDOWS 10\AppData\Local\Temp\surefire1763877594764484859 2023-05-08T16-10-19_311-jvmRun1 surefire4106725753156022675tmp surefire_09880103594746110755tmp"/>
    <property name="jdk.debug" value="release"/>
    <property name="surefire.test.class.path" value="C:\Users\WINDOWS 10\Documents\GitHub\MiniProject_QE\Web\code\minpro\target\test-classes;C:\Users\WINDOWS 10\.m2\repository\net\serenity-bdd\serenity-rest-assured\3.6.22\serenity-rest-assured-3.6.22.jar;C:\Users\WINDOWS 10\.m2\repository\org\apache\httpcomponents\httpclient\4.5.13\httpclient-4.5.13.jar;C:\Users\WINDOWS 10\.m2\repository\org\apache\httpcomponents\httpcore\4.4.13\httpcore-4.4.13.jar;C:\Users\WINDOWS 10\.m2\repository\commons-logging\commons-logging\1.2\commons-logging-1.2.jar;C:\Users\WINDOWS 10\.m2\repository\io\rest-assured\rest-assured\5.3.0\rest-assured-5.3.0.jar;C:\Users\WINDOWS 10\.m2\repository\org\apache\httpcomponents\httpmime\4.5.13\httpmime-4.5.13.jar;C:\Users\WINDOWS 10\.m2\repository\org\ccil\cowan\tagsoup\tagsoup\1.2.1\tagsoup-1.2.1.jar;C:\Users\WINDOWS 10\.m2\repository\io\rest-assured\json-path\5.3.0\json-path-5.3.0.jar;C:\Users\WINDOWS 10\.m2\repository\io\rest-assured\rest-assured-common\5.3.0\rest-assured-common-5.3.0.jar;C:\Users\WINDOWS 10\.m2\repository\io\rest-assured\xml-path\5.3.0\xml-path-5.3.0.jar;C:\Users\WINDOWS 10\.m2\repository\org\apache\groovy\groovy-json\4.0.10\groovy-json-4.0.10.jar;C:\Users\WINDOWS 10\.m2\repository\org\apache\groovy\groovy-xml\4.0.10\groovy-xml-4.0.10.jar;C:\Users\WINDOWS 10\.m2\repository\org\apache\groovy\groovy\4.0.10\groovy-4.0.10.jar;C:\Users\WINDOWS 10\.m2\repository\org\opentest4j\opentest4j\1.2.0\opentest4j-1.2.0.jar;C:\Users\WINDOWS 10\.m2\repository\net\serenity-bdd\serenity-core\3.6.21\serenity-core-3.6.21.jar;C:\Users\WINDOWS 10\.m2\repository\net\serenity-bdd\serenity-model\3.6.21\serenity-model-3.6.21.jar;C:\Users\WINDOWS 10\.m2\repository\org\apache\commons\commons-text\1.10.0\commons-text-1.10.0.jar;C:\Users\WINDOWS 10\.m2\repository\commons-net\commons-net\3.9.0\commons-net-3.9.0.jar;C:\Users\WINDOWS 10\.m2\repository\com\google\guava\guava\31.1-jre\guava-31.1-jre.jar;C:\Users\WINDOWS 10\.m2\repository\com\google\guava\failureaccess\1.0.1\failureaccess-1.0.1.jar;C:\Users\WINDOWS 10\.m2\repository\com\google\guava\listenablefuture\9999.0-empty-to-avoid-conflict-with-guava\listenablefuture-9999.0-empty-to-avoid-conflict-with-guava.jar;C:\Users\WINDOWS 10\.m2\repository\com\google\code\findbugs\jsr305\3.0.2\jsr305-3.0.2.jar;C:\Users\WINDOWS 10\.m2\repository\org\checkerframework\checker-qual\3.12.0\checker-qual-3.12.0.jar;C:\Users\WINDOWS 10\.m2\repository\com\google\errorprone\error_prone_annotations\2.11.0\error_prone_annotations-2.11.0.jar;C:\Users\WINDOWS 10\.m2\repository\com\google\j2objc\j2objc-annotations\1.3\j2objc-annotations-1.3.jar;C:\Users\WINDOWS 10\.m2\repository\com\google\inject\guice\5.1.0\guice-5.1.0.jar;C:\Users\WINDOWS 10\.m2\repository\javax\inject\javax.inject\1\javax.inject-1.jar;C:\Users\WINDOWS 10\.m2\repository\aopalliance\aopalliance\1.0\aopalliance-1.0.jar;C:\Users\WINDOWS 10\.m2\repository\org\jsoup\jsoup\1.14.3\jsoup-1.14.3.jar;C:\Users\WINDOWS 10\.m2\repository\com\thoughtworks\xstream\xstream\1.4.20\xstream-1.4.20.jar;C:\Users\WINDOWS 10\.m2\repository\io\github\x-stream\mxparser\1.2.2\mxparser-1.2.2.jar;C:\Users\WINDOWS 10\.m2\repository\xmlpull\xmlpull\1.1.3.1\xmlpull-1.1.3.1.jar;C:\Users\WINDOWS 10\.m2\repository\com\typesafe\config\1.4.2\config-1.4.2.jar;C:\Users\WINDOWS 10\.m2\repository\org\imgscalr\imgscalr-lib\4.2\imgscalr-lib-4.2.jar;C:\Users\WINDOWS 10\.m2\repository\org\awaitility\awaitility\4.2.0\awaitility-4.2.0.jar;C:\Users\WINDOWS 10\.m2\repository\org\freemarker\freemarker\2.3.31\freemarker-2.3.31.jar;C:\Users\WINDOWS 10\.m2\repository\io\github\classgraph\classgraph\4.8.138\classgraph-4.8.138.jar;C:\Users\WINDOWS 10\.m2\repository\net\sourceforge\jexcelapi\jxl\2.6.12\jxl-2.6.12.jar;C:\Users\WINDOWS 10\.m2\repository\net\bytebuddy\byte-buddy-agent\1.14.2\byte-buddy-agent-1.14.2.jar;C:\Users\WINDOWS 10\.m2\repository\org\objenesis\objenesis\3.3\objenesis-3.3.jar;C:\Users\WINDOWS 10\.m2\repository\net\serenity-bdd\serenity-reports\3.6.21\serenity-reports-3.6.21.jar;C:\Users\WINDOWS 10\.m2\repository\net\serenity-bdd\serenity-stats\3.6.21\serenity-stats-3.6.21.jar;C:\Users\WINDOWS 10\.m2\repository\net\serenity-bdd\serenity-reports-configuration\3.6.21\serenity-reports-configuration-3.6.21.jar;C:\Users\WINDOWS 10\.m2\repository\com\vladsch\flexmark\flexmark-all\0.62.2\flexmark-all-0.62.2.jar;C:\Users\WINDOWS 10\.m2\repository\com\vladsch\flexmark\flexmark\0.62.2\flexmark-0.62.2.jar;C:\Users\WINDOWS 10\.m2\repository\com\vladsch\flexmark\flexmark-ext-abbreviation\0.62.2\flexmark-ext-abbreviation-0.62.2.jar;C:\Users\WINDOWS 10\.m2\repository\com\vladsch\flexmark\flexmark-util\0.62.2\flexmark-util-0.62.2.jar;C:\Users\WINDOWS 10\.m2\repository\com\vladsch\flexmark\flexmark-ext-admonition\0.62.2\flexmark-ext-admonition-0.62.2.jar;C:\Users\WINDOWS 10\.m2\repository\com\vladsch\flexmark\flexmark-ext-anchorlink\0.62.2\flexmark-ext-anchorlink-0.62.2.jar;C:\Users\WINDOWS 10\.m2\repository\com\vladsch\flexmark\flexmark-ext-aside\0.62.2\flexmark-ext-aside-0.62.2.jar;C:\Users\WINDOWS 10\.m2\repository\com\vladsch\flexmark\flexmark-ext-attributes\0.62.2\flexmark-ext-attributes-0.62.2.jar;C:\Users\WINDOWS 10\.m2\repository\com\vladsch\flexmark\flexmark-ext-autolink\0.62.2\flexmark-ext-autolink-0.62.2.jar;C:\Users\WINDOWS 10\.m2\repository\org\nibor\autolink\autolink\0.6.0\autolink-0.6.0.jar;C:\Users\WINDOWS 10\.m2\repository\com\vladsch\flexmark\flexmark-ext-definition\0.62.2\flexmark-ext-definition-0.62.2.jar;C:\Users\WINDOWS 10\.m2\repository\com\vladsch\flexmark\flexmark-ext-emoji\0.62.2\flexmark-ext-emoji-0.62.2.jar;C:\Users\WINDOWS 10\.m2\repository\com\vladsch\flexmark\flexmark-ext-enumerated-reference\0.62.2\flexmark-ext-enumerated-reference-0.62.2.jar;C:\Users\WINDOWS 10\.m2\repository\com\vladsch\flexmark\flexmark-ext-escaped-character\0.62.2\flexmark-ext-escaped-character-0.62.2.jar;C:\Users\WINDOWS 10\.m2\repository\com\vladsch\flexmark\flexmark-ext-footnotes\0.62.2\flexmark-ext-footnotes-0.62.2.jar;C:\Users\WINDOWS 10\.m2\repository\com\vladsch\flexmark\flexmark-ext-gfm-issues\0.62.2\flexmark-ext-gfm-issues-0.62.2.jar;C:\Users\WINDOWS 10\.m2\repository\com\vladsch\flexmark\flexmark-ext-gfm-strikethrough\0.62.2\flexmark-ext-gfm-strikethrough-0.62.2.jar;C:\Users\WINDOWS 10\.m2\repository\com\vladsch\flexmark\flexmark-ext-gfm-tasklist\0.62.2\flexmark-ext-gfm-tasklist-0.62.2.jar;C:\Users\WINDOWS 10\.m2\repository\com\vladsch\flexmark\flexmark-ext-gfm-users\0.62.2\flexmark-ext-gfm-users-0.62.2.jar;C:\Users\WINDOWS 10\.m2\repository\com\vladsch\flexmark\flexmark-ext-gitlab\0.62.2\flexmark-ext-gitlab-0.62.2.jar;C:\Users\WINDOWS 10\.m2\repository\com\vladsch\flexmark\flexmark-ext-jekyll-front-matter\0.62.2\flexmark-ext-jekyll-front-matter-0.62.2.jar;C:\Users\WINDOWS 10\.m2\repository\com\vladsch\flexmark\flexmark-ext-jekyll-tag\0.62.2\flexmark-ext-jekyll-tag-0.62.2.jar;C:\Users\WINDOWS 10\.m2\repository\com\vladsch\flexmark\flexmark-ext-media-tags\0.62.2\flexmark-ext-media-tags-0.62.2.jar;C:\Users\WINDOWS 10\.m2\repository\com\vladsch\flexmark\flexmark-ext-macros\0.62.2\flexmark-ext-macros-0.62.2.jar;C:\Users\WINDOWS 10\.m2\repository\com\vladsch\flexmark\flexmark-ext-ins\0.62.2\flexmark-ext-ins-0.62.2.jar;C:\Users\WINDOWS 10\.m2\repository\com\vladsch\flexmark\flexmark-ext-xwiki-macros\0.62.2\flexmark-ext-xwiki-macros-0.62.2.jar;C:\Users\WINDOWS 10\.m2\repository\com\vladsch\flexmark\flexmark-ext-superscript\0.62.2\flexmark-ext-superscript-0.62.2.jar;C:\Users\WINDOWS 10\.m2\repository\com\vladsch\flexmark\flexmark-ext-tables\0.62.2\flexmark-ext-tables-0.62.2.jar;C:\Users\WINDOWS 10\.m2\repository\com\vladsch\flexmark\flexmark-ext-toc\0.62.2\flexmark-ext-toc-0.62.2.jar;C:\Users\WINDOWS 10\.m2\repository\com\vladsch\flexmark\flexmark-ext-typographic\0.62.2\flexmark-ext-typographic-0.62.2.jar;C:\Users\WINDOWS 10\.m2\repository\com\vladsch\flexmark\flexmark-ext-wikilink\0.62.2\flexmark-ext-wikilink-0.62.2.jar;C:\Users\WINDOWS 10\.m2\repository\com\vladsch\flexmark\flexmark-ext-yaml-front-matter\0.62.2\flexmark-ext-yaml-front-matter-0.62.2.jar;C:\Users\WINDOWS 10\.m2\repository\com\vladsch\flexmark\flexmark-ext-youtube-embedded\0.62.2\flexmark-ext-youtube-embedded-0.62.2.jar;C:\Users\WINDOWS 10\.m2\repository\com\vladsch\flexmark\flexmark-html2md-converter\0.62.2\flexmark-html2md-converter-0.62.2.jar;C:\Users\WINDOWS 10\.m2\repository\com\vladsch\flexmark\flexmark-jira-converter\0.62.2\flexmark-jira-converter-0.62.2.jar;C:\Users\WINDOWS 10\.m2\repository\com\vladsch\flexmark\flexmark-pdf-converter\0.62.2\flexmark-pdf-converter-0.62.2.jar;C:\Users\WINDOWS 10\.m2\repository\com\openhtmltopdf\openhtmltopdf-core\1.0.0\openhtmltopdf-core-1.0.0.jar;C:\Users\WINDOWS 10\.m2\repository\com\openhtmltopdf\openhtmltopdf-pdfbox\1.0.0\openhtmltopdf-pdfbox-1.0.0.jar;C:\Users\WINDOWS 10\.m2\repository\org\apache\pdfbox\pdfbox\2.0.16\pdfbox-2.0.16.jar;C:\Users\WINDOWS 10\.m2\repository\org\apache\pdfbox\fontbox\2.0.16\fontbox-2.0.16.jar;C:\Users\WINDOWS 10\.m2\repository\org\apache\pdfbox\xmpbox\2.0.16\xmpbox-2.0.16.jar;C:\Users\WINDOWS 10\.m2\repository\de\rototor\pdfbox\graphics2d\0.24\graphics2d-0.24.jar;C:\Users\WINDOWS 10\.m2\repository\com\openhtmltopdf\openhtmltopdf-rtl-support\1.0.0\openhtmltopdf-rtl-support-1.0.0.jar;C:\Users\WINDOWS 10\.m2\repository\com\openhtmltopdf\openhtmltopdf-jsoup-dom-converter\1.0.0\openhtmltopdf-jsoup-dom-converter-1.0.0.jar;C:\Users\WINDOWS 10\.m2\repository\com\vladsch\flexmark\flexmark-profile-pegdown\0.62.2\flexmark-profile-pegdown-0.62.2.jar;C:\Users\WINDOWS 10\.m2\repository\com\vladsch\flexmark\flexmark-util-ast\0.62.2\flexmark-util-ast-0.62.2.jar;C:\Users\WINDOWS 10\.m2\repository\com\vladsch\flexmark\flexmark-util-builder\0.62.2\flexmark-util-builder-0.62.2.jar;C:\Users\WINDOWS 10\.m2\repository\com\vladsch\flexmark\flexmark-util-collection\0.62.2\flexmark-util-collection-0.62.2.jar;C:\Users\WINDOWS 10\.m2\repository\com\vladsch\flexmark\flexmark-util-data\0.62.2\flexmark-util-data-0.62.2.jar;C:\Users\WINDOWS 10\.m2\repository\com\vladsch\flexmark\flexmark-util-dependency\0.62.2\flexmark-util-dependency-0.62.2.jar;C:\Users\WINDOWS 10\.m2\repository\com\vladsch\flexmark\flexmark-util-format\0.62.2\flexmark-util-format-0.62.2.jar;C:\Users\WINDOWS 10\.m2\repository\com\vladsch\flexmark\flexmark-util-html\0.62.2\flexmark-util-html-0.62.2.jar;C:\Users\WINDOWS 10\.m2\repository\com\vladsch\flexmark\flexmark-util-misc\0.62.2\flexmark-util-misc-0.62.2.jar;C:\Users\WINDOWS 10\.m2\repository\com\vladsch\flexmark\flexmark-util-options\0.62.2\flexmark-util-options-0.62.2.jar;C:\Users\WINDOWS 10\.m2\repository\com\vladsch\flexmark\flexmark-util-sequence\0.62.2\flexmark-util-sequence-0.62.2.jar;C:\Users\WINDOWS 10\.m2\repository\com\vladsch\flexmark\flexmark-util-visitor\0.62.2\flexmark-util-visitor-0.62.2.jar;C:\Users\WINDOWS 10\.m2\repository\com\vladsch\flexmark\flexmark-youtrack-converter\0.62.2\flexmark-youtrack-converter-0.62.2.jar;C:\Users\WINDOWS 10\.m2\repository\com\ibm\icu\icu4j\72.1\icu4j-72.1.jar;C:\Users\WINDOWS 10\.m2\repository\es\nitaur\markdown\txtmark\0.16\txtmark-0.16.jar;C:\Users\WINDOWS 10\.m2\repository\net\serenity-bdd\serenity-report-resources\3.6.21\serenity-report-resources-3.6.21.jar;C:\Users\WINDOWS 10\.m2\repository\com\google\code\gson\gson\2.10.1\gson-2.10.1.jar;C:\Users\WINDOWS 10\.m2\repository\com\fasterxml\jackson\core\jackson-core\2.15.0-rc1\jackson-core-2.15.0-rc1.jar;C:\Users\WINDOWS 10\.m2\repository\com\fasterxml\jackson\core\jackson-databind\2.15.0-rc1\jackson-databind-2.15.0-rc1.jar;C:\Users\WINDOWS 10\.m2\repository\com\fasterxml\jackson\core\jackson-annotations\2.15.0-rc1\jackson-annotations-2.15.0-rc1.jar;C:\Users\WINDOWS 10\.m2\repository\commons-codec\commons-codec\1.15\commons-codec-1.15.jar;C:\Users\WINDOWS 10\.m2\repository\commons-io\commons-io\2.11.0\commons-io-2.11.0.jar;C:\Users\WINDOWS 10\.m2\repository\org\seleniumhq\selenium\selenium-java\4.8.1\selenium-java-4.8.1.jar;C:\Users\WINDOWS 10\.m2\repository\org\seleniumhq\selenium\selenium-devtools-v108\4.8.1\selenium-devtools-v108-4.8.1.jar;C:\Users\WINDOWS 10\.m2\repository\org\seleniumhq\selenium\selenium-devtools-v109\4.8.1\selenium-devtools-v109-4.8.1.jar;C:\Users\WINDOWS 10\.m2\repository\org\seleniumhq\selenium\selenium-devtools-v110\4.8.1\selenium-devtools-v110-4.8.1.jar;C:\Users\WINDOWS 10\.m2\repository\org\seleniumhq\selenium\selenium-devtools-v85\4.8.1\selenium-devtools-v85-4.8.1.jar;C:\Users\WINDOWS 10\.m2\repository\org\seleniumhq\selenium\selenium-remote-driver\4.8.1\selenium-remote-driver-4.8.1.jar;C:\Users\WINDOWS 10\.m2\repository\com\beust\jcommander\1.82\jcommander-1.82.jar;C:\Users\WINDOWS 10\.m2\repository\io\netty\netty-buffer\4.1.87.Final\netty-buffer-4.1.87.Final.jar;C:\Users\WINDOWS 10\.m2\repository\io\netty\netty-codec-http\4.1.87.Final\netty-codec-http-4.1.87.Final.jar;C:\Users\WINDOWS 10\.m2\repository\io\netty\netty-codec\4.1.87.Final\netty-codec-4.1.87.Final.jar;C:\Users\WINDOWS 10\.m2\repository\io\netty\netty-handler\4.1.87.Final\netty-handler-4.1.87.Final.jar;C:\Users\WINDOWS 10\.m2\repository\io\netty\netty-common\4.1.87.Final\netty-common-4.1.87.Final.jar;C:\Users\WINDOWS 10\.m2\repository\io\netty\netty-transport-classes-epoll\4.1.87.Final\netty-transport-classes-epoll-4.1.87.Final.jar;C:\Users\WINDOWS 10\.m2\repository\io\netty\netty-transport-classes-kqueue\4.1.87.Final\netty-transport-classes-kqueue-4.1.87.Final.jar;C:\Users\WINDOWS 10\.m2\repository\io\netty\netty-transport-native-epoll\4.1.87.Final\netty-transport-native-epoll-4.1.87.Final.jar;C:\Users\WINDOWS 10\.m2\repository\io\netty\netty-transport-native-kqueue\4.1.87.Final\netty-transport-native-kqueue-4.1.87.Final.jar;C:\Users\WINDOWS 10\.m2\repository\io\netty\netty-transport-native-unix-common\4.1.87.Final\netty-transport-native-unix-common-4.1.87.Final.jar;C:\Users\WINDOWS 10\.m2\repository\io\netty\netty-transport\4.1.87.Final\netty-transport-4.1.87.Final.jar;C:\Users\WINDOWS 10\.m2\repository\io\netty\netty-resolver\4.1.87.Final\netty-resolver-4.1.87.Final.jar;C:\Users\WINDOWS 10\.m2\repository\io\opentelemetry\opentelemetry-api\1.22.0\opentelemetry-api-1.22.0.jar;C:\Users\WINDOWS 10\.m2\repository\io\opentelemetry\opentelemetry-context\1.22.0\opentelemetry-context-1.22.0.jar;C:\Users\WINDOWS 10\.m2\repository\io\opentelemetry\opentelemetry-exporter-logging\1.22.0\opentelemetry-exporter-logging-1.22.0.jar;C:\Users\WINDOWS 10\.m2\repository\io\opentelemetry\opentelemetry-sdk-metrics\1.22.0\opentelemetry-sdk-metrics-1.22.0.jar;C:\Users\WINDOWS 10\.m2\repository\io\opentelemetry\opentelemetry-sdk-logs\1.22.0-alpha\opentelemetry-sdk-logs-1.22.0-alpha.jar;C:\Users\WINDOWS 10\.m2\repository\io\opentelemetry\opentelemetry-api-logs\1.22.0-alpha\opentelemetry-api-logs-1.22.0-alpha.jar;C:\Users\WINDOWS 10\.m2\repository\io\opentelemetry\opentelemetry-sdk-common\1.22.0\opentelemetry-sdk-common-1.22.0.jar;C:\Users\WINDOWS 10\.m2\repository\io\opentelemetry\opentelemetry-sdk-extension-autoconfigure-spi\1.22.0\opentelemetry-sdk-extension-autoconfigure-spi-1.22.0.jar;C:\Users\WINDOWS 10\.m2\repository\io\opentelemetry\opentelemetry-sdk-extension-autoconfigure\1.22.0-alpha\opentelemetry-sdk-extension-autoconfigure-1.22.0-alpha.jar;C:\Users\WINDOWS 10\.m2\repository\io\opentelemetry\opentelemetry-sdk-trace\1.22.0\opentelemetry-sdk-trace-1.22.0.jar;C:\Users\WINDOWS 10\.m2\repository\io\opentelemetry\opentelemetry-sdk\1.22.0\opentelemetry-sdk-1.22.0.jar;C:\Users\WINDOWS 10\.m2\repository\io\opentelemetry\opentelemetry-semconv\1.22.0-alpha\opentelemetry-semconv-1.22.0-alpha.jar;C:\Users\WINDOWS 10\.m2\repository\io\ous\jtoml\2.0.0\jtoml-2.0.0.jar;C:\Users\WINDOWS 10\.m2\repository\org\apache\commons\commons-exec\1.3\commons-exec-1.3.jar;C:\Users\WINDOWS 10\.m2\repository\org\asynchttpclient\async-http-client\2.12.3\async-http-client-2.12.3.jar;C:\Users\WINDOWS 10\.m2\repository\org\asynchttpclient\async-http-client-netty-utils\2.12.3\async-http-client-netty-utils-2.12.3.jar;C:\Users\WINDOWS 10\.m2\repository\io\netty\netty-codec-socks\4.1.60.Final\netty-codec-socks-4.1.60.Final.jar;C:\Users\WINDOWS 10\.m2\repository\io\netty\netty-handler-proxy\4.1.60.Final\netty-handler-proxy-4.1.60.Final.jar;C:\Users\WINDOWS 10\.m2\repository\io\netty\netty-transport-native-epoll\4.1.60.Final\netty-transport-native-epoll-4.1.60.Final-linux-x86_64.jar;C:\Users\WINDOWS 10\.m2\repository\io\netty\netty-transport-native-kqueue\4.1.60.Final\netty-transport-native-kqueue-4.1.60.Final-osx-x86_64.jar;C:\Users\WINDOWS 10\.m2\repository\org\reactivestreams\reactive-streams\1.0.3\reactive-streams-1.0.3.jar;C:\Users\WINDOWS 10\.m2\repository\com\typesafe\netty\netty-reactive-streams\2.0.4\netty-reactive-streams-2.0.4.jar;C:\Users\WINDOWS 10\.m2\repository\org\seleniumhq\selenium\selenium-manager\4.8.1\selenium-manager-4.8.1.jar;C:\Users\WINDOWS 10\.m2\repository\org\seleniumhq\selenium\selenium-safari-driver\4.8.1\selenium-safari-driver-4.8.1.jar;C:\Users\WINDOWS 10\.m2\repository\org\seleniumhq\selenium\selenium-api\4.8.1\selenium-api-4.8.1.jar;C:\Users\WINDOWS 10\.m2\repository\org\seleniumhq\selenium\selenium-support\4.8.1\selenium-support-4.8.1.jar;C:\Users\WINDOWS 10\.m2\repository\com\google\auto\service\auto-service-annotations\1.0.1\auto-service-annotations-1.0.1.jar;C:\Users\WINDOWS 10\.m2\repository\com\google\auto\service\auto-service\1.0.1\auto-service-1.0.1.jar;C:\Users\WINDOWS 10\.m2\repository\com\google\auto\auto-common\1.2\auto-common-1.2.jar;C:\Users\WINDOWS 10\.m2\repository\org\seleniumhq\selenium\selenium-json\4.8.1\selenium-json-4.8.1.jar;C:\Users\WINDOWS 10\.m2\repository\org\seleniumhq\selenium\selenium-chrome-driver\4.8.1\selenium-chrome-driver-4.8.1.jar;C:\Users\WINDOWS 10\.m2\repository\org\seleniumhq\selenium\selenium-chromium-driver\4.8.1\selenium-chromium-driver-4.8.1.jar;C:\Users\WINDOWS 10\.m2\repository\org\seleniumhq\selenium\selenium-firefox-driver\4.8.1\selenium-firefox-driver-4.8.1.jar;C:\Users\WINDOWS 10\.m2\repository\org\seleniumhq\selenium\selenium-http\4.8.1\selenium-http-4.8.1.jar;C:\Users\WINDOWS 10\.m2\repository\dev\failsafe\failsafe\3.3.0\failsafe-3.3.0.jar;C:\Users\WINDOWS 10\.m2\repository\org\seleniumhq\selenium\selenium-edge-driver\4.8.1\selenium-edge-driver-4.8.1.jar;C:\Users\WINDOWS 10\.m2\repository\org\seleniumhq\selenium\selenium-ie-driver\4.8.1\selenium-ie-driver-4.8.1.jar;C:\Users\WINDOWS 10\.m2\repository\org\projectlombok\lombok\1.18.20\lombok-1.18.20.jar;C:\Users\WINDOWS 10\.m2\repository\io\appium\java-client\8.3.0\java-client-8.3.0.jar;C:\Users\WINDOWS 10\.m2\repository\commons-validator\commons-validator\1.7\commons-validator-1.7.jar;C:\Users\WINDOWS 10\.m2\repository\commons-digester\commons-digester\2.1\commons-digester-2.1.jar;C:\Users\WINDOWS 10\.m2\repository\net\sf\opencsv\opencsv\2.0\opencsv-2.0.jar;C:\Users\WINDOWS 10\.m2\repository\commons-beanutils\commons-beanutils\1.9.4\commons-beanutils-1.9.4.jar;C:\Users\WINDOWS 10\.m2\repository\org\apache\commons\commons-lang3\3.12.0\commons-lang3-3.12.0.jar;C:\Users\WINDOWS 10\.m2\repository\commons-collections\commons-collections\3.2.2\commons-collections-3.2.2.jar;C:\Users\WINDOWS 10\.m2\repository\org\fluentlenium\fluentlenium-core\0.10.2\fluentlenium-core-0.10.2.jar;C:\Users\WINDOWS 10\.m2\repository\io\github\bonigarcia\webdrivermanager\5.3.0\webdrivermanager-5.3.0.jar;C:\Users\WINDOWS 10\.m2\repository\com\github\docker-java\docker-java\3.2.13\docker-java-3.2.13.jar;C:\Users\WINDOWS 10\.m2\repository\com\github\docker-java\docker-java-core\3.2.13\docker-java-core-3.2.13.jar;C:\Users\WINDOWS 10\.m2\repository\com\github\docker-java\docker-java-api\3.2.13\docker-java-api-3.2.13.jar;C:\Users\WINDOWS 10\.m2\repository\org\apache\commons\commons-compress\1.21\commons-compress-1.21.jar;C:\Users\WINDOWS 10\.m2\repository\org\bouncycastle\bcpkix-jdk15on\1.64\bcpkix-jdk15on-1.64.jar;C:\Users\WINDOWS 10\.m2\repository\org\bouncycastle\bcprov-jdk15on\1.64\bcprov-jdk15on-1.64.jar;C:\Users\WINDOWS 10\.m2\repository\org\slf4j\jcl-over-slf4j\1.7.30\jcl-over-slf4j-1.7.30.jar;C:\Users\WINDOWS 10\.m2\repository\com\github\docker-java\docker-java-transport-httpclient5\3.2.13\docker-java-transport-httpclient5-3.2.13.jar;C:\Users\WINDOWS 10\.m2\repository\com\github\docker-java\docker-java-transport\3.2.13\docker-java-transport-3.2.13.jar;C:\Users\WINDOWS 10\.m2\repository\net\java\dev\jna\jna\5.8.0\jna-5.8.0.jar;C:\Users\WINDOWS 10\.m2\repository\org\brotli\dec\0.1.2\dec-0.1.2.jar;C:\Users\WINDOWS 10\.m2\repository\org\apache\httpcomponents\client5\httpclient5\5.1.3\httpclient5-5.1.3.jar;C:\Users\WINDOWS 10\.m2\repository\org\apache\httpcomponents\core5\httpcore5\5.1.3\httpcore5-5.1.3.jar;C:\Users\WINDOWS 10\.m2\repository\org\apache\httpcomponents\core5\httpcore5-h2\5.1.3\httpcore5-h2-5.1.3.jar;C:\Users\WINDOWS 10\.m2\repository\com\jhlabs\filters\2.0.235\filters-2.0.235.jar;C:\Users\WINDOWS 10\.m2\repository\com\paulhammant\ngwebdriver\1.1.6\ngwebdriver-1.1.6.jar;C:\Users\WINDOWS 10\.m2\repository\joda-time\joda-time\2.12.2\joda-time-2.12.2.jar;C:\Users\WINDOWS 10\.m2\repository\org\hamcrest\hamcrest\2.2\hamcrest-2.2.jar;C:\Users\WINDOWS 10\.m2\repository\com\google\jimfs\jimfs\1.2\jimfs-1.2.jar;C:\Users\WINDOWS 10\.m2\repository\org\mockito\mockito-core\3.3.3\mockito-core-3.3.3.jar;C:\Users\WINDOWS 10\.m2\repository\javax\xml\bind\jaxb-api\2.3.1\jaxb-api-2.3.1.jar;C:\Users\WINDOWS 10\.m2\repository\javax\activation\javax.activation-api\1.2.0\javax.activation-api-1.2.0.jar;C:\Users\WINDOWS 10\.m2\repository\com\sun\xml\bind\jaxb-core\2.3.0.1\jaxb-core-2.3.0.1.jar;C:\Users\WINDOWS 10\.m2\repository\com\sun\xml\bind\jaxb-impl\2.3.3\jaxb-impl-2.3.3.jar;C:\Users\WINDOWS 10\.m2\repository\jakarta\xml\bind\jakarta.xml.bind-api\2.3.3\jakarta.xml.bind-api-2.3.3.jar;C:\Users\WINDOWS 10\.m2\repository\com\sun\activation\jakarta.activation\1.2.2\jakarta.activation-1.2.2.jar;C:\Users\WINDOWS 10\.m2\repository\javax\activation\activation\1.1.1\activation-1.1.1.jar;C:\Users\WINDOWS 10\.m2\repository\net\serenity-bdd\serenity-cucumber\3.6.21\serenity-cucumber-3.6.21.jar;C:\Users\WINDOWS 10\.m2\repository\io\cucumber\cucumber-core\7.11.0\cucumber-core-7.11.0.jar;C:\Users\WINDOWS 10\.m2\repository\io\cucumber\cucumber-gherkin\7.11.0\cucumber-gherkin-7.11.0.jar;C:\Users\WINDOWS 10\.m2\repository\io\cucumber\cucumber-gherkin-messages\7.11.0\cucumber-gherkin-messages-7.11.0.jar;C:\Users\WINDOWS 10\.m2\repository\io\cucumber\gherkin\26.0.3\gherkin-26.0.3.jar;C:\Users\WINDOWS 10\.m2\repository\io\cucumber\messages\21.0.1\messages-21.0.1.jar;C:\Users\WINDOWS 10\.m2\repository\io\cucumber\tag-expressions\5.0.1\tag-expressions-5.0.1.jar;C:\Users\WINDOWS 10\.m2\repository\io\cucumber\cucumber-expressions\16.1.1\cucumber-expressions-16.1.1.jar;C:\Users\WINDOWS 10\.m2\repository\io\cucumber\datatable\7.11.0\datatable-7.11.0.jar;C:\Users\WINDOWS 10\.m2\repository\io\cucumber\cucumber-plugin\7.11.0\cucumber-plugin-7.11.0.jar;C:\Users\WINDOWS 10\.m2\repository\io\cucumber\docstring\7.11.0\docstring-7.11.0.jar;C:\Users\WINDOWS 10\.m2\repository\io\cucumber\html-formatter\20.2.1\html-formatter-20.2.1.jar;C:\Users\WINDOWS 10\.m2\repository\io\cucumber\junit-xml-formatter\0.1.0\junit-xml-formatter-0.1.0.jar;C:\Users\WINDOWS 10\.m2\repository\io\cucumber\ci-environment\9.1.0\ci-environment-9.1.0.jar;C:\Users\WINDOWS 10\.m2\repository\io\cucumber\cucumber-java\7.11.0\cucumber-java-7.11.0.jar;C:\Users\WINDOWS 10\.m2\repository\io\cucumber\cucumber-junit\7.11.0\cucumber-junit-7.11.0.jar;C:\Users\WINDOWS 10\.m2\repository\org\apache\commons\commons-csv\1.5\commons-csv-1.5.jar;C:\Users\WINDOWS 10\.m2\repository\net\serenity-bdd\serenity-screenplay\3.6.21\serenity-screenplay-3.6.21.jar;C:\Users\WINDOWS 10\.m2\repository\net\serenity-bdd\serenity-screenplay-webdriver\3.6.21\serenity-screenplay-webdriver-3.6.21.jar;C:\Users\WINDOWS 10\.m2\repository\net\serenity-bdd\serenity-ensure\3.6.21\serenity-ensure-3.6.21.jar;C:\Users\WINDOWS 10\.m2\repository\net\serenity-bdd\serenity-junit\3.6.21\serenity-junit-3.6.21.jar;C:\Users\WINDOWS 10\.m2\repository\org\jetbrains\kotlin\kotlin-stdlib\1.8.10\kotlin-stdlib-1.8.10.jar;C:\Users\WINDOWS 10\.m2\repository\org\jetbrains\kotlin\kotlin-stdlib-common\1.8.10\kotlin-stdlib-common-1.8.10.jar;C:\Users\WINDOWS 10\.m2\repository\org\jetbrains\annotations\13.0\annotations-13.0.jar;C:\Users\WINDOWS 10\.m2\repository\org\junit\platform\junit-platform-launcher\1.8.2\junit-platform-launcher-1.8.2.jar;C:\Users\WINDOWS 10\.m2\repository\org\junit\platform\junit-platform-engine\1.8.2\junit-platform-engine-1.8.2.jar;C:\Users\WINDOWS 10\.m2\repository\org\junit\platform\junit-platform-commons\1.8.2\junit-platform-commons-1.8.2.jar;C:\Users\WINDOWS 10\.m2\repository\org\apiguardian\apiguardian-api\1.1.2\apiguardian-api-1.1.2.jar;C:\Users\WINDOWS 10\.m2\repository\org\junit\jupiter\junit-jupiter-engine\5.8.2\junit-jupiter-engine-5.8.2.jar;C:\Users\WINDOWS 10\.m2\repository\org\junit\jupiter\junit-jupiter-api\5.8.2\junit-jupiter-api-5.8.2.jar;C:\Users\WINDOWS 10\.m2\repository\org\junit\vintage\junit-vintage-engine\5.8.2\junit-vintage-engine-5.8.2.jar;C:\Users\WINDOWS 10\.m2\repository\junit\junit\4.13.2\junit-4.13.2.jar;C:\Users\WINDOWS 10\.m2\repository\org\hamcrest\hamcrest-core\1.3\hamcrest-core-1.3.jar;C:\Users\WINDOWS 10\.m2\repository\ch\qos\logback\logback-classic\1.2.10\logback-classic-1.2.10.jar;C:\Users\WINDOWS 10\.m2\repository\ch\qos\logback\logback-core\1.2.10\logback-core-1.2.10.jar;C:\Users\WINDOWS 10\.m2\repository\org\slf4j\slf4j-api\1.7.32\slf4j-api-1.7.32.jar;C:\Users\WINDOWS 10\.m2\repository\org\assertj\assertj-core\3.23.1\assertj-core-3.23.1.jar;C:\Users\WINDOWS 10\.m2\repository\net\bytebuddy\byte-buddy\1.12.10\byte-buddy-1.12.10.jar;C:\Users\WINDOWS 10\.m2\repository\com\googlecode\json-simple\json-simple\1.1.1\json-simple-1.1.1.jar;"/>
    <property name="sun.cpu.endian" value="little"/>
    <property name="user.home" value="C:\Users\WINDOWS 10"/>
    <property name="user.language" value="en"/>
    <property name="java.specification.vendor" value="Oracle Corporation"/>
    <property name="jdk.module.path" value="C:\Users\WINDOWS 10\Documents\GitHub\MiniProject_QE\Web\code\minpro\target\alta-1.0-SNAPSHOT.jar"/>
    <property name="java.version.date" value="2020-09-15"/>
    <property name="java.home" value="C:\Program Files\Java\jdk-15"/>
    <property name="file.separator" value="\"/>
    <property name="basedir" value="C:\Users\WINDOWS 10\Documents\GitHub\MiniProject_QE\Web\code\minpro"/>
    <property name="java.vm.compressedOopsMode" value="Zero based"/>
    <property name="line.separator" value="&#10;"/>
    <property name="java.vm.specification.vendor" value="Oracle Corporation"/>
    <property name="java.specification.name" value="Java Platform API Specification"/>
    <property name="surefire.real.class.path" value="C:\Users\WINDOWS 10\.m2\repository\org\apache\maven\surefire\surefire-booter\3.0.0-M5\surefire-booter-3.0.0-M5.jar;C:\Users\WINDOWS 10\.m2\repository\org\apache\maven\surefire\surefire-api\3.0.0-M5\surefire-api-3.0.0-M5.jar;C:\Users\WINDOWS 10\.m2\repository\org\apache\maven\surefire\surefire-logger-api\3.0.0-M5\surefire-logger-api-3.0.0-M5.jar;C:\Users\WINDOWS 10\.m2\repository\org\apache\maven\surefire\surefire-shared-utils\3.0.0-M4\surefire-shared-utils-3.0.0-M4.jar;C:\Users\WINDOWS 10\.m2\repository\org\apache\maven\surefire\surefire-extensions-spi\3.0.0-M5\surefire-extensions-spi-3.0.0-M5.jar;C:\Users\WINDOWS 10\Documents\GitHub\MiniProject_QE\Web\code\minpro\target\test-classes;C:\Users\WINDOWS 10\.m2\repository\net\serenity-bdd\serenity-rest-assured\3.6.22\serenity-rest-assured-3.6.22.jar;C:\Users\WINDOWS 10\.m2\repository\org\apache\httpcomponents\httpclient\4.5.13\httpclient-4.5.13.jar;C:\Users\WINDOWS 10\.m2\repository\org\apache\httpcomponents\httpcore\4.4.13\httpcore-4.4.13.jar;C:\Users\WINDOWS 10\.m2\repository\commons-logging\commons-logging\1.2\commons-logging-1.2.jar;C:\Users\WINDOWS 10\.m2\repository\io\rest-assured\rest-assured\5.3.0\rest-assured-5.3.0.jar;C:\Users\WINDOWS 10\.m2\repository\org\apache\httpcomponents\httpmime\4.5.13\httpmime-4.5.13.jar;C:\Users\WINDOWS 10\.m2\repository\org\ccil\cowan\tagsoup\tagsoup\1.2.1\tagsoup-1.2.1.jar;C:\Users\WINDOWS 10\.m2\repository\io\rest-assured\json-path\5.3.0\json-path-5.3.0.jar;C:\Users\WINDOWS 10\.m2\repository\io\rest-assured\rest-assured-common\5.3.0\rest-assured-common-5.3.0.jar;C:\Users\WINDOWS 10\.m2\repository\io\rest-assured\xml-path\5.3.0\xml-path-5.3.0.jar;C:\Users\WINDOWS 10\.m2\repository\org\apache\groovy\groovy-json\4.0.10\groovy-json-4.0.10.jar;C:\Users\WINDOWS 10\.m2\repository\org\apache\groovy\groovy-xml\4.0.10\groovy-xml-4.0.10.jar;C:\Users\WINDOWS 10\.m2\repository\org\apache\groovy\groovy\4.0.10\groovy-4.0.10.jar;C:\Users\WINDOWS 10\.m2\repository\org\opentest4j\opentest4j\1.2.0\opentest4j-1.2.0.jar;C:\Users\WINDOWS 10\.m2\repository\net\serenity-bdd\serenity-core\3.6.21\serenity-core-3.6.21.jar;C:\Users\WINDOWS 10\.m2\repository\net\serenity-bdd\serenity-model\3.6.21\serenity-model-3.6.21.jar;C:\Users\WINDOWS 10\.m2\repository\org\apache\commons\commons-text\1.10.0\commons-text-1.10.0.jar;C:\Users\WINDOWS 10\.m2\repository\commons-net\commons-net\3.9.0\commons-net-3.9.0.jar;C:\Users\WINDOWS 10\.m2\repository\com\google\guava\guava\31.1-jre\guava-31.1-jre.jar;C:\Users\WINDOWS 10\.m2\repository\com\google\guava\failureaccess\1.0.1\failureaccess-1.0.1.jar;C:\Users\WINDOWS 10\.m2\repository\com\google\guava\listenablefuture\9999.0-empty-to-avoid-conflict-with-guava\listenablefuture-9999.0-empty-to-avoid-conflict-with-guava.jar;C:\Users\WINDOWS 10\.m2\repository\com\google\code\findbugs\jsr305\3.0.2\jsr305-3.0.2.jar;C:\Users\WINDOWS 10\.m2\repository\org\checkerframework\checker-qual\3.12.0\checker-qual-3.12.0.jar;C:\Users\WINDOWS 10\.m2\repository\com\google\errorprone\error_prone_annotations\2.11.0\error_prone_annotations-2.11.0.jar;C:\Users\WINDOWS 10\.m2\repository\com\google\j2objc\j2objc-annotations\1.3\j2objc-annotations-1.3.jar;C:\Users\WINDOWS 10\.m2\repository\com\google\inject\guice\5.1.0\guice-5.1.0.jar;C:\Users\WINDOWS 10\.m2\repository\javax\inject\javax.inject\1\javax.inject-1.jar;C:\Users\WINDOWS 10\.m2\repository\aopalliance\aopalliance\1.0\aopalliance-1.0.jar;C:\Users\WINDOWS 10\.m2\repository\org\jsoup\jsoup\1.14.3\jsoup-1.14.3.jar;C:\Users\WINDOWS 10\.m2\repository\com\thoughtworks\xstream\xstream\1.4.20\xstream-1.4.20.jar;C:\Users\WINDOWS 10\.m2\repository\io\github\x-stream\mxparser\1.2.2\mxparser-1.2.2.jar;C:\Users\WINDOWS 10\.m2\repository\xmlpull\xmlpull\1.1.3.1\xmlpull-1.1.3.1.jar;C:\Users\WINDOWS 10\.m2\repository\com\typesafe\config\1.4.2\config-1.4.2.jar;C:\Users\WINDOWS 10\.m2\repository\org\imgscalr\imgscalr-lib\4.2\imgscalr-lib-4.2.jar;C:\Users\WINDOWS 10\.m2\repository\org\awaitility\awaitility\4.2.0\awaitility-4.2.0.jar;C:\Users\WINDOWS 10\.m2\repository\org\freemarker\freemarker\2.3.31\freemarker-2.3.31.jar;C:\Users\WINDOWS 10\.m2\repository\io\github\classgraph\classgraph\4.8.138\classgraph-4.8.138.jar;C:\Users\WINDOWS 10\.m2\repository\net\sourceforge\jexcelapi\jxl\2.6.12\jxl-2.6.12.jar;C:\Users\WINDOWS 10\.m2\repository\net\bytebuddy\byte-buddy-agent\1.14.2\byte-buddy-agent-1.14.2.jar;C:\Users\WINDOWS 10\.m2\repository\org\objenesis\objenesis\3.3\objenesis-3.3.jar;C:\Users\WINDOWS 10\.m2\repository\net\serenity-bdd\serenity-reports\3.6.21\serenity-reports-3.6.21.jar;C:\Users\WINDOWS 10\.m2\repository\net\serenity-bdd\serenity-stats\3.6.21\serenity-stats-3.6.21.jar;C:\Users\WINDOWS 10\.m2\repository\net\serenity-bdd\serenity-reports-configuration\3.6.21\serenity-reports-configuration-3.6.21.jar;C:\Users\WINDOWS 10\.m2\repository\com\vladsch\flexmark\flexmark-all\0.62.2\flexmark-all-0.62.2.jar;C:\Users\WINDOWS 10\.m2\repository\com\vladsch\flexmark\flexmark\0.62.2\flexmark-0.62.2.jar;C:\Users\WINDOWS 10\.m2\repository\com\vladsch\flexmark\flexmark-ext-abbreviation\0.62.2\flexmark-ext-abbreviation-0.62.2.jar;C:\Users\WINDOWS 10\.m2\repository\com\vladsch\flexmark\flexmark-util\0.62.2\flexmark-util-0.62.2.jar;C:\Users\WINDOWS 10\.m2\repository\com\vladsch\flexmark\flexmark-ext-admonition\0.62.2\flexmark-ext-admonition-0.62.2.jar;C:\Users\WINDOWS 10\.m2\repository\com\vladsch\flexmark\flexmark-ext-anchorlink\0.62.2\flexmark-ext-anchorlink-0.62.2.jar;C:\Users\WINDOWS 10\.m2\repository\com\vladsch\flexmark\flexmark-ext-aside\0.62.2\flexmark-ext-aside-0.62.2.jar;C:\Users\WINDOWS 10\.m2\repository\com\vladsch\flexmark\flexmark-ext-attributes\0.62.2\flexmark-ext-attributes-0.62.2.jar;C:\Users\WINDOWS 10\.m2\repository\com\vladsch\flexmark\flexmark-ext-autolink\0.62.2\flexmark-ext-autolink-0.62.2.jar;C:\Users\WINDOWS 10\.m2\repository\org\nibor\autolink\autolink\0.6.0\autolink-0.6.0.jar;C:\Users\WINDOWS 10\.m2\repository\com\vladsch\flexmark\flexmark-ext-definition\0.62.2\flexmark-ext-definition-0.62.2.jar;C:\Users\WINDOWS 10\.m2\repository\com\vladsch\flexmark\flexmark-ext-emoji\0.62.2\flexmark-ext-emoji-0.62.2.jar;C:\Users\WINDOWS 10\.m2\repository\com\vladsch\flexmark\flexmark-ext-enumerated-reference\0.62.2\flexmark-ext-enumerated-reference-0.62.2.jar;C:\Users\WINDOWS 10\.m2\repository\com\vladsch\flexmark\flexmark-ext-escaped-character\0.62.2\flexmark-ext-escaped-character-0.62.2.jar;C:\Users\WINDOWS 10\.m2\repository\com\vladsch\flexmark\flexmark-ext-footnotes\0.62.2\flexmark-ext-footnotes-0.62.2.jar;C:\Users\WINDOWS 10\.m2\repository\com\vladsch\flexmark\flexmark-ext-gfm-issues\0.62.2\flexmark-ext-gfm-issues-0.62.2.jar;C:\Users\WINDOWS 10\.m2\repository\com\vladsch\flexmark\flexmark-ext-gfm-strikethrough\0.62.2\flexmark-ext-gfm-strikethrough-0.62.2.jar;C:\Users\WINDOWS 10\.m2\repository\com\vladsch\flexmark\flexmark-ext-gfm-tasklist\0.62.2\flexmark-ext-gfm-tasklist-0.62.2.jar;C:\Users\WINDOWS 10\.m2\repository\com\vladsch\flexmark\flexmark-ext-gfm-users\0.62.2\flexmark-ext-gfm-users-0.62.2.jar;C:\Users\WINDOWS 10\.m2\repository\com\vladsch\flexmark\flexmark-ext-gitlab\0.62.2\flexmark-ext-gitlab-0.62.2.jar;C:\Users\WINDOWS 10\.m2\repository\com\vladsch\flexmark\flexmark-ext-jekyll-front-matter\0.62.2\flexmark-ext-jekyll-front-matter-0.62.2.jar;C:\Users\WINDOWS 10\.m2\repository\com\vladsch\flexmark\flexmark-ext-jekyll-tag\0.62.2\flexmark-ext-jekyll-tag-0.62.2.jar;C:\Users\WINDOWS 10\.m2\repository\com\vladsch\flexmark\flexmark-ext-media-tags\0.62.2\flexmark-ext-media-tags-0.62.2.jar;C:\Users\WINDOWS 10\.m2\repository\com\vladsch\flexmark\flexmark-ext-macros\0.62.2\flexmark-ext-macros-0.62.2.jar;C:\Users\WINDOWS 10\.m2\repository\com\vladsch\flexmark\flexmark-ext-ins\0.62.2\flexmark-ext-ins-0.62.2.jar;C:\Users\WINDOWS 10\.m2\repository\com\vladsch\flexmark\flexmark-ext-xwiki-macros\0.62.2\flexmark-ext-xwiki-macros-0.62.2.jar;C:\Users\WINDOWS 10\.m2\repository\com\vladsch\flexmark\flexmark-ext-superscript\0.62.2\flexmark-ext-superscript-0.62.2.jar;C:\Users\WINDOWS 10\.m2\repository\com\vladsch\flexmark\flexmark-ext-tables\0.62.2\flexmark-ext-tables-0.62.2.jar;C:\Users\WINDOWS 10\.m2\repository\com\vladsch\flexmark\flexmark-ext-toc\0.62.2\flexmark-ext-toc-0.62.2.jar;C:\Users\WINDOWS 10\.m2\repository\com\vladsch\flexmark\flexmark-ext-typographic\0.62.2\flexmark-ext-typographic-0.62.2.jar;C:\Users\WINDOWS 10\.m2\repository\com\vladsch\flexmark\flexmark-ext-wikilink\0.62.2\flexmark-ext-wikilink-0.62.2.jar;C:\Users\WINDOWS 10\.m2\repository\com\vladsch\flexmark\flexmark-ext-yaml-front-matter\0.62.2\flexmark-ext-yaml-front-matter-0.62.2.jar;C:\Users\WINDOWS 10\.m2\repository\com\vladsch\flexmark\flexmark-ext-youtube-embedded\0.62.2\flexmark-ext-youtube-embedded-0.62.2.jar;C:\Users\WINDOWS 10\.m2\repository\com\vladsch\flexmark\flexmark-html2md-converter\0.62.2\flexmark-html2md-converter-0.62.2.jar;C:\Users\WINDOWS 10\.m2\repository\com\vladsch\flexmark\flexmark-jira-converter\0.62.2\flexmark-jira-converter-0.62.2.jar;C:\Users\WINDOWS 10\.m2\repository\com\vladsch\flexmark\flexmark-pdf-converter\0.62.2\flexmark-pdf-converter-0.62.2.jar;C:\Users\WINDOWS 10\.m2\repository\com\openhtmltopdf\openhtmltopdf-core\1.0.0\openhtmltopdf-core-1.0.0.jar;C:\Users\WINDOWS 10\.m2\repository\com\openhtmltopdf\openhtmltopdf-pdfbox\1.0.0\openhtmltopdf-pdfbox-1.0.0.jar;C:\Users\WINDOWS 10\.m2\repository\org\apache\pdfbox\pdfbox\2.0.16\pdfbox-2.0.16.jar;C:\Users\WINDOWS 10\.m2\repository\org\apache\pdfbox\fontbox\2.0.16\fontbox-2.0.16.jar;C:\Users\WINDOWS 10\.m2\repository\org\apache\pdfbox\xmpbox\2.0.16\xmpbox-2.0.16.jar;C:\Users\WINDOWS 10\.m2\repository\de\rototor\pdfbox\graphics2d\0.24\graphics2d-0.24.jar;C:\Users\WINDOWS 10\.m2\repository\com\openhtmltopdf\openhtmltopdf-rtl-support\1.0.0\openhtmltopdf-rtl-support-1.0.0.jar;C:\Users\WINDOWS 10\.m2\repository\com\openhtmltopdf\openhtmltopdf-jsoup-dom-converter\1.0.0\openhtmltopdf-jsoup-dom-converter-1.0.0.jar;C:\Users\WINDOWS 10\.m2\repository\com\vladsch\flexmark\flexmark-profile-pegdown\0.62.2\flexmark-profile-pegdown-0.62.2.jar;C:\Users\WINDOWS 10\.m2\repository\com\vladsch\flexmark\flexmark-util-ast\0.62.2\flexmark-util-ast-0.62.2.jar;C:\Users\WINDOWS 10\.m2\repository\com\vladsch\flexmark\flexmark-util-builder\0.62.2\flexmark-util-builder-0.62.2.jar;C:\Users\WINDOWS 10\.m2\repository\com\vladsch\flexmark\flexmark-util-collection\0.62.2\flexmark-util-collection-0.62.2.jar;C:\Users\WINDOWS 10\.m2\repository\com\vladsch\flexmark\flexmark-util-data\0.62.2\flexmark-util-data-0.62.2.jar;C:\Users\WINDOWS 10\.m2\repository\com\vladsch\flexmark\flexmark-util-dependency\0.62.2\flexmark-util-dependency-0.62.2.jar;C:\Users\WINDOWS 10\.m2\repository\com\vladsch\flexmark\flexmark-util-format\0.62.2\flexmark-util-format-0.62.2.jar;C:\Users\WINDOWS 10\.m2\repository\com\vladsch\flexmark\flexmark-util-html\0.62.2\flexmark-util-html-0.62.2.jar;C:\Users\WINDOWS 10\.m2\repository\com\vladsch\flexmark\flexmark-util-misc\0.62.2\flexmark-util-misc-0.62.2.jar;C:\Users\WINDOWS 10\.m2\repository\com\vladsch\flexmark\flexmark-util-options\0.62.2\flexmark-util-options-0.62.2.jar;C:\Users\WINDOWS 10\.m2\repository\com\vladsch\flexmark\flexmark-util-sequence\0.62.2\flexmark-util-sequence-0.62.2.jar;C:\Users\WINDOWS 10\.m2\repository\com\vladsch\flexmark\flexmark-util-visitor\0.62.2\flexmark-util-visitor-0.62.2.jar;C:\Users\WINDOWS 10\.m2\repository\com\vladsch\flexmark\flexmark-youtrack-converter\0.62.2\flexmark-youtrack-converter-0.62.2.jar;C:\Users\WINDOWS 10\.m2\repository\com\ibm\icu\icu4j\72.1\icu4j-72.1.jar;C:\Users\WINDOWS 10\.m2\repository\es\nitaur\markdown\txtmark\0.16\txtmark-0.16.jar;C:\Users\WINDOWS 10\.m2\repository\net\serenity-bdd\serenity-report-resources\3.6.21\serenity-report-resources-3.6.21.jar;C:\Users\WINDOWS 10\.m2\repository\com\google\code\gson\gson\2.10.1\gson-2.10.1.jar;C:\Users\WINDOWS 10\.m2\repository\com\fasterxml\jackson\core\jackson-core\2.15.0-rc1\jackson-core-2.15.0-rc1.jar;C:\Users\WINDOWS 10\.m2\repository\com\fasterxml\jackson\core\jackson-databind\2.15.0-rc1\jackson-databind-2.15.0-rc1.jar;C:\Users\WINDOWS 10\.m2\repository\com\fasterxml\jackson\core\jackson-annotations\2.15.0-rc1\jackson-annotations-2.15.0-rc1.jar;C:\Users\WINDOWS 10\.m2\repository\commons-codec\commons-codec\1.15\commons-codec-1.15.jar;C:\Users\WINDOWS 10\.m2\repository\commons-io\commons-io\2.11.0\commons-io-2.11.0.jar;C:\Users\WINDOWS 10\.m2\repository\org\seleniumhq\selenium\selenium-java\4.8.1\selenium-java-4.8.1.jar;C:\Users\WINDOWS 10\.m2\repository\org\seleniumhq\selenium\selenium-devtools-v108\4.8.1\selenium-devtools-v108-4.8.1.jar;C:\Users\WINDOWS 10\.m2\repository\org\seleniumhq\selenium\selenium-devtools-v109\4.8.1\selenium-devtools-v109-4.8.1.jar;C:\Users\WINDOWS 10\.m2\repository\org\seleniumhq\selenium\selenium-devtools-v110\4.8.1\selenium-devtools-v110-4.8.1.jar;C:\Users\WINDOWS 10\.m2\repository\org\seleniumhq\selenium\selenium-devtools-v85\4.8.1\selenium-devtools-v85-4.8.1.jar;C:\Users\WINDOWS 10\.m2\repository\org\seleniumhq\selenium\selenium-remote-driver\4.8.1\selenium-remote-driver-4.8.1.jar;C:\Users\WINDOWS 10\.m2\repository\com\beust\jcommander\1.82\jcommander-1.82.jar;C:\Users\WINDOWS 10\.m2\repository\io\netty\netty-buffer\4.1.87.Final\netty-buffer-4.1.87.Final.jar;C:\Users\WINDOWS 10\.m2\repository\io\netty\netty-codec-http\4.1.87.Final\netty-codec-http-4.1.87.Final.jar;C:\Users\WINDOWS 10\.m2\repository\io\netty\netty-codec\4.1.87.Final\netty-codec-4.1.87.Final.jar;C:\Users\WINDOWS 10\.m2\repository\io\netty\netty-handler\4.1.87.Final\netty-handler-4.1.87.Final.jar;C:\Users\WINDOWS 10\.m2\repository\io\netty\netty-common\4.1.87.Final\netty-common-4.1.87.Final.jar;C:\Users\WINDOWS 10\.m2\repository\io\netty\netty-transport-classes-epoll\4.1.87.Final\netty-transport-classes-epoll-4.1.87.Final.jar;C:\Users\WINDOWS 10\.m2\repository\io\netty\netty-transport-classes-kqueue\4.1.87.Final\netty-transport-classes-kqueue-4.1.87.Final.jar;C:\Users\WINDOWS 10\.m2\repository\io\netty\netty-transport-native-epoll\4.1.87.Final\netty-transport-native-epoll-4.1.87.Final.jar;C:\Users\WINDOWS 10\.m2\repository\io\netty\netty-transport-native-kqueue\4.1.87.Final\netty-transport-native-kqueue-4.1.87.Final.jar;C:\Users\WINDOWS 10\.m2\repository\io\netty\netty-transport-native-unix-common\4.1.87.Final\netty-transport-native-unix-common-4.1.87.Final.jar;C:\Users\WINDOWS 10\.m2\repository\io\netty\netty-transport\4.1.87.Final\netty-transport-4.1.87.Final.jar;C:\Users\WINDOWS 10\.m2\repository\io\netty\netty-resolver\4.1.87.Final\netty-resolver-4.1.87.Final.jar;C:\Users\WINDOWS 10\.m2\repository\io\opentelemetry\opentelemetry-api\1.22.0\opentelemetry-api-1.22.0.jar;C:\Users\WINDOWS 10\.m2\repository\io\opentelemetry\opentelemetry-context\1.22.0\opentelemetry-context-1.22.0.jar;C:\Users\WINDOWS 10\.m2\repository\io\opentelemetry\opentelemetry-exporter-logging\1.22.0\opentelemetry-exporter-logging-1.22.0.jar;C:\Users\WINDOWS 10\.m2\repository\io\opentelemetry\opentelemetry-sdk-metrics\1.22.0\opentelemetry-sdk-metrics-1.22.0.jar;C:\Users\WINDOWS 10\.m2\repository\io\opentelemetry\opentelemetry-sdk-logs\1.22.0-alpha\opentelemetry-sdk-logs-1.22.0-alpha.jar;C:\Users\WINDOWS 10\.m2\repository\io\opentelemetry\opentelemetry-api-logs\1.22.0-alpha\opentelemetry-api-logs-1.22.0-alpha.jar;C:\Users\WINDOWS 10\.m2\repository\io\opentelemetry\opentelemetry-sdk-common\1.22.0\opentelemetry-sdk-common-1.22.0.jar;C:\Users\WINDOWS 10\.m2\repository\io\opentelemetry\opentelemetry-sdk-extension-autoconfigure-spi\1.22.0\opentelemetry-sdk-extension-autoconfigure-spi-1.22.0.jar;C:\Users\WINDOWS 10\.m2\repository\io\opentelemetry\opentelemetry-sdk-extension-autoconfigure\1.22.0-alpha\opentelemetry-sdk-extension-autoconfigure-1.22.0-alpha.jar;C:\Users\WINDOWS 10\.m2\repository\io\opentelemetry\opentelemetry-sdk-trace\1.22.0\opentelemetry-sdk-trace-1.22.0.jar;C:\Users\WINDOWS 10\.m2\repository\io\opentelemetry\opentelemetry-sdk\1.22.0\opentelemetry-sdk-1.22.0.jar;C:\Users\WINDOWS 10\.m2\repository\io\opentelemetry\opentelemetry-semconv\1.22.0-alpha\opentelemetry-semconv-1.22.0-alpha.jar;C:\Users\WINDOWS 10\.m2\repository\io\ous\jtoml\2.0.0\jtoml-2.0.0.jar;C:\Users\WINDOWS 10\.m2\repository\org\apache\commons\commons-exec\1.3\commons-exec-1.3.jar;C:\Users\WINDOWS 10\.m2\repository\org\asynchttpclient\async-http-client\2.12.3\async-http-client-2.12.3.jar;C:\Users\WINDOWS 10\.m2\repository\org\asynchttpclient\async-http-client-netty-utils\2.12.3\async-http-client-netty-utils-2.12.3.jar;C:\Users\WINDOWS 10\.m2\repository\io\netty\netty-codec-socks\4.1.60.Final\netty-codec-socks-4.1.60.Final.jar;C:\Users\WINDOWS 10\.m2\repository\io\netty\netty-handler-proxy\4.1.60.Final\netty-handler-proxy-4.1.60.Final.jar;C:\Users\WINDOWS 10\.m2\repository\io\netty\netty-transport-native-epoll\4.1.60.Final\netty-transport-native-epoll-4.1.60.Final-linux-x86_64.jar;C:\Users\WINDOWS 10\.m2\repository\io\netty\netty-transport-native-kqueue\4.1.60.Final\netty-transport-native-kqueue-4.1.60.Final-osx-x86_64.jar;C:\Users\WINDOWS 10\.m2\repository\org\reactivestreams\reactive-streams\1.0.3\reactive-streams-1.0.3.jar;C:\Users\WINDOWS 10\.m2\repository\com\typesafe\netty\netty-reactive-streams\2.0.4\netty-reactive-streams-2.0.4.jar;C:\Users\WINDOWS 10\.m2\repository\org\seleniumhq\selenium\selenium-manager\4.8.1\selenium-manager-4.8.1.jar;C:\Users\WINDOWS 10\.m2\repository\org\seleniumhq\selenium\selenium-safari-driver\4.8.1\selenium-safari-driver-4.8.1.jar;C:\Users\WINDOWS 10\.m2\repository\org\seleniumhq\selenium\selenium-api\4.8.1\selenium-api-4.8.1.jar;C:\Users\WINDOWS 10\.m2\repository\org\seleniumhq\selenium\selenium-support\4.8.1\selenium-support-4.8.1.jar;C:\Users\WINDOWS 10\.m2\repository\com\google\auto\service\auto-service-annotations\1.0.1\auto-service-annotations-1.0.1.jar;C:\Users\WINDOWS 10\.m2\repository\com\google\auto\service\auto-service\1.0.1\auto-service-1.0.1.jar;C:\Users\WINDOWS 10\.m2\repository\com\google\auto\auto-common\1.2\auto-common-1.2.jar;C:\Users\WINDOWS 10\.m2\repository\org\seleniumhq\selenium\selenium-json\4.8.1\selenium-json-4.8.1.jar;C:\Users\WINDOWS 10\.m2\repository\org\seleniumhq\selenium\selenium-chrome-driver\4.8.1\selenium-chrome-driver-4.8.1.jar;C:\Users\WINDOWS 10\.m2\repository\org\seleniumhq\selenium\selenium-chromium-driver\4.8.1\selenium-chromium-driver-4.8.1.jar;C:\Users\WINDOWS 10\.m2\repository\org\seleniumhq\selenium\selenium-firefox-driver\4.8.1\selenium-firefox-driver-4.8.1.jar;C:\Users\WINDOWS 10\.m2\repository\org\seleniumhq\selenium\selenium-http\4.8.1\selenium-http-4.8.1.jar;C:\Users\WINDOWS 10\.m2\repository\dev\failsafe\failsafe\3.3.0\failsafe-3.3.0.jar;C:\Users\WINDOWS 10\.m2\repository\org\seleniumhq\selenium\selenium-edge-driver\4.8.1\selenium-edge-driver-4.8.1.jar;C:\Users\WINDOWS 10\.m2\repository\org\seleniumhq\selenium\selenium-ie-driver\4.8.1\selenium-ie-driver-4.8.1.jar;C:\Users\WINDOWS 10\.m2\repository\org\projectlombok\lombok\1.18.20\lombok-1.18.20.jar;C:\Users\WINDOWS 10\.m2\repository\io\appium\java-client\8.3.0\java-client-8.3.0.jar;C:\Users\WINDOWS 10\.m2\repository\commons-validator\commons-validator\1.7\commons-validator-1.7.jar;C:\Users\WINDOWS 10\.m2\repository\commons-digester\commons-digester\2.1\commons-digester-2.1.jar;C:\Users\WINDOWS 10\.m2\repository\net\sf\opencsv\opencsv\2.0\opencsv-2.0.jar;C:\Users\WINDOWS 10\.m2\repository\commons-beanutils\commons-beanutils\1.9.4\commons-beanutils-1.9.4.jar;C:\Users\WINDOWS 10\.m2\repository\org\apache\commons\commons-lang3\3.12.0\commons-lang3-3.12.0.jar;C:\Users\WINDOWS 10\.m2\repository\commons-collections\commons-collections\3.2.2\commons-collections-3.2.2.jar;C:\Users\WINDOWS 10\.m2\repository\org\fluentlenium\fluentlenium-core\0.10.2\fluentlenium-core-0.10.2.jar;C:\Users\WINDOWS 10\.m2\repository\io\github\bonigarcia\webdrivermanager\5.3.0\webdrivermanager-5.3.0.jar;C:\Users\WINDOWS 10\.m2\repository\com\github\docker-java\docker-java\3.2.13\docker-java-3.2.13.jar;C:\Users\WINDOWS 10\.m2\repository\com\github\docker-java\docker-java-core\3.2.13\docker-java-core-3.2.13.jar;C:\Users\WINDOWS 10\.m2\repository\com\github\docker-java\docker-java-api\3.2.13\docker-java-api-3.2.13.jar;C:\Users\WINDOWS 10\.m2\repository\org\apache\commons\commons-compress\1.21\commons-compress-1.21.jar;C:\Users\WINDOWS 10\.m2\repository\org\bouncycastle\bcpkix-jdk15on\1.64\bcpkix-jdk15on-1.64.jar;C:\Users\WINDOWS 10\.m2\repository\org\bouncycastle\bcprov-jdk15on\1.64\bcprov-jdk15on-1.64.jar;C:\Users\WINDOWS 10\.m2\repository\org\slf4j\jcl-over-slf4j\1.7.30\jcl-over-slf4j-1.7.30.jar;C:\Users\WINDOWS 10\.m2\repository\com\github\docker-java\docker-java-transport-httpclient5\3.2.13\docker-java-transport-httpclient5-3.2.13.jar;C:\Users\WINDOWS 10\.m2\repository\com\github\docker-java\docker-java-transport\3.2.13\docker-java-transport-3.2.13.jar;C:\Users\WINDOWS 10\.m2\repository\net\java\dev\jna\jna\5.8.0\jna-5.8.0.jar;C:\Users\WINDOWS 10\.m2\repository\org\brotli\dec\0.1.2\dec-0.1.2.jar;C:\Users\WINDOWS 10\.m2\repository\org\apache\httpcomponents\client5\httpclient5\5.1.3\httpclient5-5.1.3.jar;C:\Users\WINDOWS 10\.m2\repository\org\apache\httpcomponents\core5\httpcore5\5.1.3\httpcore5-5.1.3.jar;C:\Users\WINDOWS 10\.m2\repository\org\apache\httpcomponents\core5\httpcore5-h2\5.1.3\httpcore5-h2-5.1.3.jar;C:\Users\WINDOWS 10\.m2\repository\com\jhlabs\filters\2.0.235\filters-2.0.235.jar;C:\Users\WINDOWS 10\.m2\repository\com\paulhammant\ngwebdriver\1.1.6\ngwebdriver-1.1.6.jar;C:\Users\WINDOWS 10\.m2\repository\joda-time\joda-time\2.12.2\joda-time-2.12.2.jar;C:\Users\WINDOWS 10\.m2\repository\org\hamcrest\hamcrest\2.2\hamcrest-2.2.jar;C:\Users\WINDOWS 10\.m2\repository\com\google\jimfs\jimfs\1.2\jimfs-1.2.jar;C:\Users\WINDOWS 10\.m2\repository\org\mockito\mockito-core\3.3.3\mockito-core-3.3.3.jar;C:\Users\WINDOWS 10\.m2\repository\javax\xml\bind\jaxb-api\2.3.1\jaxb-api-2.3.1.jar;C:\Users\WINDOWS 10\.m2\repository\javax\activation\javax.activation-api\1.2.0\javax.activation-api-1.2.0.jar;C:\Users\WINDOWS 10\.m2\repository\com\sun\xml\bind\jaxb-core\2.3.0.1\jaxb-core-2.3.0.1.jar;C:\Users\WINDOWS 10\.m2\repository\com\sun\xml\bind\jaxb-impl\2.3.3\jaxb-impl-2.3.3.jar;C:\Users\WINDOWS 10\.m2\repository\jakarta\xml\bind\jakarta.xml.bind-api\2.3.3\jakarta.xml.bind-api-2.3.3.jar;C:\Users\WINDOWS 10\.m2\repository\com\sun\activation\jakarta.activation\1.2.2\jakarta.activation-1.2.2.jar;C:\Users\WINDOWS 10\.m2\repository\javax\activation\activation\1.1.1\activation-1.1.1.jar;C:\Users\WINDOWS 10\.m2\repository\net\serenity-bdd\serenity-cucumber\3.6.21\serenity-cucumber-3.6.21.jar;C:\Users\WINDOWS 10\.m2\repository\io\cucumber\cucumber-core\7.11.0\cucumber-core-7.11.0.jar;C:\Users\WINDOWS 10\.m2\repository\io\cucumber\cucumber-gherkin\7.11.0\cucumber-gherkin-7.11.0.jar;C:\Users\WINDOWS 10\.m2\repository\io\cucumber\cucumber-gherkin-messages\7.11.0\cucumber-gherkin-messages-7.11.0.jar;C:\Users\WINDOWS 10\.m2\repository\io\cucumber\gherkin\26.0.3\gherkin-26.0.3.jar;C:\Users\WINDOWS 10\.m2\repository\io\cucumber\messages\21.0.1\messages-21.0.1.jar;C:\Users\WINDOWS 10\.m2\repository\io\cucumber\tag-expressions\5.0.1\tag-expressions-5.0.1.jar;C:\Users\WINDOWS 10\.m2\repository\io\cucumber\cucumber-expressions\16.1.1\cucumber-expressions-16.1.1.jar;C:\Users\WINDOWS 10\.m2\repository\io\cucumber\datatable\7.11.0\datatable-7.11.0.jar;C:\Users\WINDOWS 10\.m2\repository\io\cucumber\cucumber-plugin\7.11.0\cucumber-plugin-7.11.0.jar;C:\Users\WINDOWS 10\.m2\repository\io\cucumber\docstring\7.11.0\docstring-7.11.0.jar;C:\Users\WINDOWS 10\.m2\repository\io\cucumber\html-formatter\20.2.1\html-formatter-20.2.1.jar;C:\Users\WINDOWS 10\.m2\repository\io\cucumber\junit-xml-formatter\0.1.0\junit-xml-formatter-0.1.0.jar;C:\Users\WINDOWS 10\.m2\repository\io\cucumber\ci-environment\9.1.0\ci-environment-9.1.0.jar;C:\Users\WINDOWS 10\.m2\repository\io\cucumber\cucumber-java\7.11.0\cucumber-java-7.11.0.jar;C:\Users\WINDOWS 10\.m2\repository\io\cucumber\cucumber-junit\7.11.0\cucumber-junit-7.11.0.jar;C:\Users\WINDOWS 10\.m2\repository\org\apache\commons\commons-csv\1.5\commons-csv-1.5.jar;C:\Users\WINDOWS 10\.m2\repository\net\serenity-bdd\serenity-screenplay\3.6.21\serenity-screenplay-3.6.21.jar;C:\Users\WINDOWS 10\.m2\repository\net\serenity-bdd\serenity-screenplay-webdriver\3.6.21\serenity-screenplay-webdriver-3.6.21.jar;C:\Users\WINDOWS 10\.m2\repository\net\serenity-bdd\serenity-ensure\3.6.21\serenity-ensure-3.6.21.jar;C:\Users\WINDOWS 10\.m2\repository\net\serenity-bdd\serenity-junit\3.6.21\serenity-junit-3.6.21.jar;C:\Users\WINDOWS 10\.m2\repository\org\jetbrains\kotlin\kotlin-stdlib\1.8.10\kotlin-stdlib-1.8.10.jar;C:\Users\WINDOWS 10\.m2\repository\org\jetbrains\kotlin\kotlin-stdlib-common\1.8.10\kotlin-stdlib-common-1.8.10.jar;C:\Users\WINDOWS 10\.m2\repository\org\jetbrains\annotations\13.0\annotations-13.0.jar;C:\Users\WINDOWS 10\.m2\repository\org\junit\platform\junit-platform-launcher\1.8.2\junit-platform-launcher-1.8.2.jar;C:\Users\WINDOWS 10\.m2\repository\org\junit\platform\junit-platform-engine\1.8.2\junit-platform-engine-1.8.2.jar;C:\Users\WINDOWS 10\.m2\repository\org\junit\platform\junit-platform-commons\1.8.2\junit-platform-commons-1.8.2.jar;C:\Users\WINDOWS 10\.m2\repository\org\apiguardian\apiguardian-api\1.1.2\apiguardian-api-1.1.2.jar;C:\Users\WINDOWS 10\.m2\repository\org\junit\jupiter\junit-jupiter-engine\5.8.2\junit-jupiter-engine-5.8.2.jar;C:\Users\WINDOWS 10\.m2\repository\org\junit\jupiter\junit-jupiter-api\5.8.2\junit-jupiter-api-5.8.2.jar;C:\Users\WINDOWS 10\.m2\repository\org\junit\vintage\junit-vintage-engine\5.8.2\junit-vintage-engine-5.8.2.jar;C:\Users\WINDOWS 10\.m2\repository\junit\junit\4.13.2\junit-4.13.2.jar;C:\Users\WINDOWS 10\.m2\repository\org\hamcrest\hamcrest-core\1.3\hamcrest-core-1.3.jar;C:\Users\WINDOWS 10\.m2\repository\ch\qos\logback\logback-classic\1.2.10\logback-classic-1.2.10.jar;C:\Users\WINDOWS 10\.m2\repository\ch\qos\logback\logback-core\1.2.10\logback-core-1.2.10.jar;C:\Users\WINDOWS 10\.m2\repository\org\slf4j\slf4j-api\1.7.32\slf4j-api-1.7.32.jar;C:\Users\WINDOWS 10\.m2\repository\org\assertj\assertj-core\3.23.1\assertj-core-3.23.1.jar;C:\Users\WINDOWS 10\.m2\repository\net\bytebuddy\byte-buddy\1.12.10\byte-buddy-1.12.10.jar;C:\Users\WINDOWS 10\.m2\repository\com\googlecode\json-simple\json-simple\1.1.1\json-simple-1.1.1.jar;C:\Users\WINDOWS 10\.m2\repository\org\apache\maven\surefire\surefire-junit-platform\3.0.0-M5\surefire-junit-platform-3.0.0-M5.jar;C:\Users\WINDOWS 10\.m2\repository\org\apache\maven\surefire\common-java5\3.0.0-M5\common-java5-3.0.0-M5.jar"/>
    <property name="user.script" value=""/>
    <property name="java.protocol.handler.pkgs" value="com.google.common"/>
    <property name="sun.management.compiler" value="HotSpot 64-Bit Tiered Compilers"/>
    <property name="java.runtime.version" value="15+36-1562"/>
    <property name="user.name" value="WINDOWS 10"/>
    <property name="path.separator" value=";"/>
    <property name="os.version" value="10.0"/>
    <property name="java.runtime.name" value="Java(TM) SE Runtime Environment"/>
    <property name="file.encoding" value="Cp1252"/>
    <property name="webdriver.base.url" value=""/>
    <property name="java.vm.name" value="Java HotSpot(TM) 64-Bit Server VM"/>
    <property name="localRepository" value="C:\Users\WINDOWS 10\.m2\repository"/>
    <property name="java.vendor.url.bug" value="https://bugreport.java.com/bugreport/"/>
    <property name="java.io.tmpdir" value="C:\Users\WINDOW~1\AppData\Local\Temp\"/>
    <property name="java.version" value="15"/>
    <property name="user.dir" value="C:\Users\WINDOWS 10\Documents\GitHub\MiniProject_QE\Web\code\minpro"/>
    <property name="os.arch" value="amd64"/>
    <property name="java.vm.specification.name" value="Java Virtual Machine Specification"/>
    <property name="sun.os.patch.level" value=""/>
    <property name="java.library.path" value="C:\Program Files\Java\jdk-15\bin;C:\WINDOWS\Sun\Java\bin;C:\WINDOWS\system32;C:\WINDOWS;C:\Program Files\Common Files\Oracle\Java\javapath;C:\Program Files (x86)\Common Files\Oracle\Java\javapath;C:\WINDOWS\system32;C:\WINDOWS;C:\WINDOWS\System32\Wbem;C:\WINDOWS\System32\WindowsPowerShell\v1.0\;C:\WINDOWS\System32\OpenSSH\;F:\PerCoolyeahan\Instalasi\XAMPP\php;C:\Program Files\Git\cmd;C:\ProgramData\ComposerSetup\bin;C:\Program Files\nodejs\;C:\PROGRA~1\IBM\SQLLIB~1\BIN;C:\PROGRA~1\IBM\SQLLIB~1\FUNCTION;C:\PROGRA~1\IBM\SQLLIB~1\SAMPLES\REPL;C:\Program Files\Cloudflare\Cloudflare WARP\;C:\Program Files\apache-maven-3.9.1\bin;C:\Users\WINDOWS 10\AppData\Local\Android\Sdk\tools;C:\Users\WINDOWS 10\AppData\Local\Android\Sdk\tools\bin;C:\Users\WINDOWS 10\AppData\Local\Android\Sdk\platform\tools;C:\Program Files\Gradle\gradle-8.1\bin;C:\Program Files\MySQL\MySQL Shell 8.0\bin\;C:\Users\WINDOWS 10\AppData\Local\Microsoft\WindowsApps;C:\Users\WINDOWS 10\AppData\Local\Programs\Microsoft VS Code\bin;C:\Users\WINDOWS 10\AppData\Roaming\Composer\vendor\bin;C:\Users\WINDOWS 10\AppData\Roaming\npm;C:\Users\WINDOWS 10\AppData\Local\GitHubDesktop\bin;C:\Users\WINDOWS 10\AppData\Local\spicetify;C:\Users\WINDOWS 10\AppData\Local\Android\Sdk\tools;C:\Users\WINDOWS 10\AppData\Local\Android\Sdk\tools\bin;C:\Users\WINDOWS 10\AppData\Local\Android\Sdk\platform-tools;C:\Program Files\Gradle\gradle-8.1\bin;;."/>
    <property name="java.vm.info" value="mixed mode"/>
    <property name="java.vendor" value="Oracle Corporation"/>
    <property name="java.vm.version" value="15+36-1562"/>
    <property name="sun.io.unicode.encoding" value="UnicodeLittle"/>
    <property name="java.class.version" value="59.0"/>
  </properties>
  <testcase name="Register with valid data" classname="Register to Alta-shop Account" time="10.762">
    <system-out><![CDATA[16:10:22.645 [main] DEBUG net.thucydides.core.guice.Injectors - Created injector for module net.thucydides.core.guice.ThucydidesModule
16:10:22.963 [main] DEBUG io.cucumber.core.plugin.SerenityReporter - Running feature from file:///C:/Users/WINDOWS%2010/Documents/GitHub/MiniProject_QE/Web/code/minpro/src/test/resources/features/1.%20Register.feature
16:10:23.146 [main] DEBUG net.thucydides.core.guice.Injectors - Created injector for module net.thucydides.core.guice.webdriver.WebDriverModule
16:10:23.160 [main] INFO  - 

-------------------------------------------------------------------------------------
     _______. _______ .______       _______ .__   __.  __  .___________.____    ____ 
    /       ||   ____||   _  \     |   ____||  \ |  | |  | |           |\   \  /   / 
   |   (----`|  |__   |  |_)  |    |  |__   |   \|  | |  | `---|  |----` \   \/   /  
    \   \    |   __|  |      /     |   __|  |  . `  | |  |     |  |       \_    _/   
.----)   |   |  |____ |  |\  \----.|  |____ |  |\   | |  |     |  |         |  |     
|_______/    |_______|| _| `._____||_______||__| \__| |__|     |__|         |__|    
                                                                                     
 News and tutorials at http://www.serenity-bdd.info                                  
 Documentation at https://wakaleo.gitbooks.io/the-serenity-book/content/             
 Join the Serenity Community on Gitter: https://gitter.im/serenity-bdd/serenity-core 
 Serenity BDD Support and Training at http://serenity-bdd.info/#/trainingandsupport  
-------------------------------------------------------------------------------------

16:10:23.163 [main] DEBUG net.thucydides.core.steps.StepEventBus - Test suite started for story net.thucydides.core.model.Story@529b74ce
16:10:23.165 [main] INFO  - Test Suite Started: Register to Alta-shop Account
16:10:23.188 [main] DEBUG io.cucumber.core.plugin.SerenityReporter - Running feature from file:///C:/Users/WINDOWS%2010/Documents/GitHub/MiniProject_QE/Web/code/minpro/src/test/resources/features/2.%20Login.feature
16:10:23.192 [main] DEBUG net.thucydides.core.steps.StepEventBus - Test suite started for story net.thucydides.core.model.Story@dffa83ad
16:10:23.193 [main] INFO  - Test Suite Started: Login to Alta-shop Account
16:10:23.193 [main] DEBUG io.cucumber.core.plugin.SerenityReporter - Running feature from file:///C:/Users/WINDOWS%2010/Documents/GitHub/MiniProject_QE/Web/code/minpro/src/test/resources/features/3.%20Product.feature
16:10:23.198 [main] DEBUG net.thucydides.core.steps.StepEventBus - Test suite started for story net.thucydides.core.model.Story@8d346be0
16:10:23.201 [main] INFO  - Test Suite Started: Product
16:10:23.201 [main] DEBUG io.cucumber.core.plugin.SerenityReporter - Running feature from file:///C:/Users/WINDOWS%2010/Documents/GitHub/MiniProject_QE/Web/code/minpro/src/test/resources/features/4.%20Category.feature
16:10:23.205 [main] DEBUG net.thucydides.core.steps.StepEventBus - Test suite started for story net.thucydides.core.model.Story@45bcdf51
16:10:23.206 [main] INFO  - Test Suite Started: Category
16:10:23.206 [main] DEBUG io.cucumber.core.plugin.SerenityReporter - Running feature from file:///C:/Users/WINDOWS%2010/Documents/GitHub/MiniProject_QE/Web/code/minpro/src/test/resources/features/5.%20Transaction.feature
16:10:23.209 [main] DEBUG net.thucydides.core.steps.StepEventBus - Test suite started for story net.thucydides.core.model.Story@9c152c7e
16:10:23.210 [main] INFO  - Test Suite Started: Transaction
16:10:23.210 [main] DEBUG io.cucumber.core.plugin.SerenityReporter - Running feature from file:///C:/Users/WINDOWS%2010/Documents/GitHub/MiniProject_QE/Web/code/minpro/src/test/resources/features/6.%20Logout.feature
16:10:23.213 [main] DEBUG net.thucydides.core.steps.StepEventBus - Test suite started for story net.thucydides.core.model.Story@17228dd2
16:10:23.214 [main] INFO  - Test Suite Started: Logout from Alta-shop Account
16:10:23.214 [main] DEBUG io.cucumber.core.plugin.SerenityReporter - Running feature from file:///C:/Users/WINDOWS%2010/Documents/GitHub/MiniProject_QE/Web/code/minpro/src/test/resources/features/1.%20Register.feature
16:10:23.217 [main] DEBUG net.thucydides.core.steps.StepEventBus - Test suite started for story net.thucydides.core.model.Story@529b74ce
16:10:23.218 [main] INFO  - Test Suite Started: Register to Alta-shop Account

Scenario: Register with valid data          &amp#27;[90m# src/test/resources/features/1. Register.feature:7&amp#27;[0m
16:10:23.314 [main] DEBUG io.cucumber.core.plugin.SerenityReporter - Running feature from file:///C:/Users/WINDOWS%2010/Documents/GitHub/MiniProject_QE/Web/code/minpro/src/test/resources/features/1.%20Register.feature
16:10:23.487 [main] INFO  - 
  _____   ___   ___   _____     ___   _____     _     ___   _____   ___   ___  
 |_   _| | __| / __| |_   _|   / __| |_   _|   /_\   | _ \ |_   _| | __| |   \ 
   | |   | _|  \__ \   | |     \__ \   | |    / _ \  |   /   | |   | _|  | |) |
   |_|   |___| |___/   |_|     |___/   |_|   /_/ \_\ |_|_\   |_|   |___| |___/ 

Register with valid data(register-to-alta-shop-account;register-with-valid-data)
--------------------------------------------------------------------------------
16:10:23.542 [main] DEBUG net.thucydides.core.requirements.model.cucumber.CucumberParser - Loading feature C:\Users\WINDOWS 10\Documents\GitHub\MiniProject_QE\Web\code\minpro\src\test\resources\features\1. Register.feature
16:10:23.556 [main] DEBUG net.thucydides.core.requirements.model.cucumber.CucumberParser - Loading feature C:\Users\WINDOWS 10\Documents\GitHub\MiniProject_QE\Web\code\minpro\src\test\resources\features\2. Login.feature
16:10:23.560 [main] DEBUG net.thucydides.core.requirements.model.cucumber.CucumberParser - Loading feature C:\Users\WINDOWS 10\Documents\GitHub\MiniProject_QE\Web\code\minpro\src\test\resources\features\3. Product.feature
16:10:23.564 [main] DEBUG net.thucydides.core.requirements.model.cucumber.CucumberParser - Loading feature C:\Users\WINDOWS 10\Documents\GitHub\MiniProject_QE\Web\code\minpro\src\test\resources\features\4. Category.feature
16:10:23.568 [main] DEBUG net.thucydides.core.requirements.model.cucumber.CucumberParser - Loading feature C:\Users\WINDOWS 10\Documents\GitHub\MiniProject_QE\Web\code\minpro\src\test\resources\features\5. Transaction.feature
16:10:23.572 [main] DEBUG net.thucydides.core.requirements.model.cucumber.CucumberParser - Loading feature C:\Users\WINDOWS 10\Documents\GitHub\MiniProject_QE\Web\code\minpro\src\test\resources\features\6. Logout.feature
16:10:24.288 [main] DEBUG net.thucydides.core.steps.StepInterceptor - STARTING STEP: LoginSteps.onTheLoginPage - openPage
16:10:24.381 [main] INFO net.serenitybdd.core.webdriver.driverproviders.ChromeDriverProvider - Starting Chrome driver instance with capabilities:
16:10:24.384 [main] INFO net.serenitybdd.core.webdriver.driverproviders.ChromeDriverProvider - Capabilities {acceptInsecureCerts: false, browserName: chrome, goog:chromeOptions: {args: [remote-allow-origins=*], extensions: []}}
16:10:24.498 [main] DEBUG io.netty.util.internal.logging.InternalLoggerFactory - Using SLF4J as the default logging framework
16:10:24.502 [main] DEBUG io.netty.util.ResourceLeakDetector - -Dio.netty.leakDetection.level: simple
16:10:24.502 [main] DEBUG io.netty.util.ResourceLeakDetector - -Dio.netty.leakDetection.targetRecords: 4
16:10:24.507 [main] DEBUG io.netty.util.ResourceLeakDetectorFactory - Loaded default ResourceLeakDetector: io.netty.util.ResourceLeakDetector@27f71195
16:10:24.525 [main] DEBUG io.netty.util.internal.PlatformDependent0 - -Dio.netty.noUnsafe: false
16:10:24.525 [main] DEBUG io.netty.util.internal.PlatformDependent0 - Java version: 15
16:10:24.526 [main] DEBUG io.netty.util.internal.PlatformDependent0 - sun.misc.Unsafe.theUnsafe: available
16:10:24.527 [main] DEBUG io.netty.util.internal.PlatformDependent0 - sun.misc.Unsafe.copyMemory: available
16:10:24.527 [main] DEBUG io.netty.util.internal.PlatformDependent0 - sun.misc.Unsafe.storeFence: available
16:10:24.528 [main] DEBUG io.netty.util.internal.PlatformDependent0 - java.nio.Buffer.address: available
16:10:24.529 [main] DEBUG io.netty.util.internal.PlatformDependent0 - direct buffer constructor: unavailable: Reflective setAccessible(true) disabled
16:10:24.529 [main] DEBUG io.netty.util.internal.PlatformDependent0 - java.nio.Bits.unaligned: available, true
16:10:24.530 [main] DEBUG io.netty.util.internal.PlatformDependent0 - jdk.internal.misc.Unsafe.allocateUninitializedArray(int): unavailable: class io.netty.util.internal.PlatformDependent0$7 cannot access class jdk.internal.misc.Unsafe (in module java.base) because module java.base does not export jdk.internal.misc to unnamed module @49a64d82
16:10:24.533 [main] DEBUG io.netty.util.internal.PlatformDependent0 - java.nio.DirectByteBuffer.<init>(long, int): unavailable
16:10:24.533 [main] DEBUG io.netty.util.internal.PlatformDependent - sun.misc.Unsafe: available
16:10:24.535 [main] DEBUG io.netty.util.internal.PlatformDependent - maxDirectMemory: 4133486592 bytes (maybe)
16:10:24.535 [main] DEBUG io.netty.util.internal.PlatformDependent - -Dio.netty.tmpdir: C:\Users\WINDOW~1\AppData\Local\Temp (java.io.tmpdir)
16:10:24.535 [main] DEBUG io.netty.util.internal.PlatformDependent - -Dio.netty.bitMode: 64 (sun.arch.data.model)
16:10:24.535 [main] DEBUG io.netty.util.internal.PlatformDependent - Platform: Windows
16:10:24.536 [main] DEBUG io.netty.util.internal.PlatformDependent - -Dio.netty.maxDirectMemory: -1 bytes
16:10:24.536 [main] DEBUG io.netty.util.internal.PlatformDependent - -Dio.netty.uninitializedArrayAllocationThreshold: -1
16:10:24.537 [main] DEBUG io.netty.util.internal.CleanerJava9 - java.nio.ByteBuffer.cleaner(): available
16:10:24.537 [main] DEBUG io.netty.util.internal.PlatformDependent - -Dio.netty.noPreferDirect: false
16:10:24.548 [main] DEBUG io.netty.util.internal.PlatformDependent - org.jctools-core.MpscChunkedArrayQueue: available
16:10:24.577 [main] DEBUG io.netty.util.internal.InternalThreadLocalMap - -Dio.netty.threadLocalMap.stringBuilder.initialSize: 1024
16:10:24.577 [main] DEBUG io.netty.util.internal.InternalThreadLocalMap - -Dio.netty.threadLocalMap.stringBuilder.maxSize: 4096
16:10:24.770 [main] DEBUG io.netty.handler.ssl.JdkSslContext - Default protocols (JDK): [TLSv1.3, TLSv1.2, TLSv1.1, TLSv1] 
16:10:24.770 [main] DEBUG io.netty.handler.ssl.JdkSslContext - Default cipher suites (JDK): [TLS_ECDHE_ECDSA_WITH_AES_256_GCM_SHA384, TLS_ECDHE_ECDSA_WITH_AES_128_GCM_SHA256, TLS_ECDHE_RSA_WITH_AES_128_GCM_SHA256, TLS_ECDHE_RSA_WITH_AES_256_GCM_SHA384, TLS_ECDHE_RSA_WITH_AES_128_CBC_SHA, TLS_ECDHE_RSA_WITH_AES_256_CBC_SHA, TLS_RSA_WITH_AES_128_GCM_SHA256, TLS_RSA_WITH_AES_128_CBC_SHA, TLS_RSA_WITH_AES_256_CBC_SHA, TLS_AES_128_GCM_SHA256, TLS_AES_256_GCM_SHA384]
16:10:24.801 [main] DEBUG io.netty.channel.MultithreadEventLoopGroup - -Dio.netty.eventLoopThreads: 32
16:10:24.814 [main] DEBUG io.netty.channel.nio.NioEventLoop - -Dio.netty.noKeySetOptimization: false
16:10:24.814 [main] DEBUG io.netty.channel.nio.NioEventLoop - -Dio.netty.selectorAutoRebuildThreshold: 512
16:10:24.884 [main] DEBUG io.netty.buffer.PooledByteBufAllocator - -Dio.netty.allocator.numHeapArenas: 32
16:10:24.884 [main] DEBUG io.netty.buffer.PooledByteBufAllocator - -Dio.netty.allocator.numDirectArenas: 32
16:10:24.884 [main] DEBUG io.netty.buffer.PooledByteBufAllocator - -Dio.netty.allocator.pageSize: 8192
16:10:24.884 [main] DEBUG io.netty.buffer.PooledByteBufAllocator - -Dio.netty.allocator.maxOrder: 9
16:10:24.884 [main] DEBUG io.netty.buffer.PooledByteBufAllocator - -Dio.netty.allocator.chunkSize: 4194304
16:10:24.884 [main] DEBUG io.netty.buffer.PooledByteBufAllocator - -Dio.netty.allocator.smallCacheSize: 256
16:10:24.884 [main] DEBUG io.netty.buffer.PooledByteBufAllocator - -Dio.netty.allocator.normalCacheSize: 64
16:10:24.884 [main] DEBUG io.netty.buffer.PooledByteBufAllocator - -Dio.netty.allocator.maxCachedBufferCapacity: 32768
16:10:24.884 [main] DEBUG io.netty.buffer.PooledByteBufAllocator - -Dio.netty.allocator.cacheTrimInterval: 8192
16:10:24.884 [main] DEBUG io.netty.buffer.PooledByteBufAllocator - -Dio.netty.allocator.cacheTrimIntervalMillis: 0
16:10:24.884 [main] DEBUG io.netty.buffer.PooledByteBufAllocator - -Dio.netty.allocator.useCacheForAllThreads: false
16:10:24.884 [main] DEBUG io.netty.buffer.PooledByteBufAllocator - -Dio.netty.allocator.maxCachedByteBuffersPerChunk: 1023
16:10:24.896 [main] DEBUG io.netty.buffer.ByteBufUtil - -Dio.netty.allocator.type: pooled
16:10:24.896 [main] DEBUG io.netty.buffer.ByteBufUtil - -Dio.netty.threadLocalDirectBufferSize: 0
16:10:24.896 [main] DEBUG io.netty.buffer.ByteBufUtil - -Dio.netty.maxThreadLocalCharBufferSize: 16384
16:10:25.690 [Forwarding newSession on session null to remote] DEBUG io.netty.channel.DefaultChannelId - -Dio.netty.processId: 23140 (auto-detected)
16:10:25.693 [Forwarding newSession on session null to remote] DEBUG io.netty.util.NetUtil - -Djava.net.preferIPv4Stack: false
16:10:25.693 [Forwarding newSession on session null to remote] DEBUG io.netty.util.NetUtil - -Djava.net.preferIPv6Addresses: false
16:10:25.716 [Forwarding newSession on session null to remote] DEBUG io.netty.util.NetUtilInitializations - Loopback interface: lo (Software Loopback Interface 1, 127.0.0.1)
16:10:25.717 [Forwarding newSession on session null to remote] DEBUG io.netty.util.NetUtil - Failed to get SOMAXCONN from sysctl and file \proc\sys\net\core\somaxconn. Default: 200
16:10:25.767 [Forwarding newSession on session null to remote] DEBUG io.netty.channel.DefaultChannelId - -Dio.netty.machineId: 34:cf:f6:ff:fe:2b:0c:19 (auto-detected)
16:10:25.825 [AsyncHttpClient-1-2] DEBUG io.netty.buffer.AbstractByteBuf - -Dio.netty.buffer.checkAccessible: true
16:10:25.825 [AsyncHttpClient-1-2] DEBUG io.netty.buffer.AbstractByteBuf - -Dio.netty.buffer.checkBounds: true
16:10:25.825 [AsyncHttpClient-1-2] DEBUG io.netty.util.ResourceLeakDetectorFactory - Loaded default ResourceLeakDetector: io.netty.util.ResourceLeakDetector@9d0c46
16:10:25.838 [AsyncHttpClient-1-2] DEBUG org.asynchttpclient.netty.channel.NettyConnectListener - Using new Channel '[id: 0x57148b9f, L:/127.0.0.1:50856 - R:localhost/127.0.0.1:40019]' for 'POST' to '/session'
16:10:25.851 [AsyncHttpClient-1-2] DEBUG io.netty.util.Recycler - -Dio.netty.recycler.maxCapacityPerThread: 4096
16:10:25.851 [AsyncHttpClient-1-2] DEBUG io.netty.util.Recycler - -Dio.netty.recycler.ratio: 8
16:10:25.851 [AsyncHttpClient-1-2] DEBUG io.netty.util.Recycler - -Dio.netty.recycler.chunkSize: 32
16:10:25.851 [AsyncHttpClient-1-2] DEBUG io.netty.util.Recycler - -Dio.netty.recycler.blocking: false
16:10:26.615 [AsyncHttpClient-1-2] DEBUG io.netty.handler.codec.compression.Brotli - brotli4j not in the classpath; Brotli support will be unavailable.
16:10:26.615 [AsyncHttpClient-1-2] DEBUG org.asynchttpclient.netty.handler.HttpHandler - 

Request DefaultHttpRequest(decodeResult: success, version: HTTP/1.1)
POST /session HTTP/1.1
User-Agent: selenium/4.8.1 (java windows)
Content-Length: 507
Content-Type: application/json; charset=utf-8
host: localhost:40019
accept: */*

Response DefaultHttpResponse(decodeResult: success, version: HTTP/1.1)
HTTP/1.1 200 OK
Content-Length: 863
Content-Type: application/json; charset=utf-8
cache-control: no-cache

16:10:26.621 [AsyncHttpClient-1-2] DEBUG org.asynchttpclient.netty.channel.ChannelManager - Adding key: http://localhost:40019 for channel [id: 0x57148b9f, L:/127.0.0.1:50856 - R:localhost/127.0.0.1:40019]
16:10:26.674 [AsyncHttpClient-1-3] DEBUG org.asynchttpclient.netty.channel.NettyConnectListener - Using new Channel '[id: 0xed06a9b4, L:/127.0.0.1:50867 - R:localhost/127.0.0.1:50860]' for 'GET' to '/json/version'
16:10:26.676 [AsyncHttpClient-1-3] DEBUG org.asynchttpclient.netty.handler.HttpHandler - 

Request DefaultFullHttpRequest(decodeResult: success, version: HTTP/1.1, content: EmptyByteBufBE)
GET /json/version HTTP/1.1
User-Agent: selenium/4.8.1 (java windows)
host: localhost:50860
accept: */*

Response DefaultHttpResponse(decodeResult: success, version: HTTP/1.1)
HTTP/1.1 200 OK
Content-Security-Policy: frame-ancestors 'none'
Content-Length: 424
Content-Type: application/json; charset=UTF-8

16:10:26.677 [AsyncHttpClient-1-3] DEBUG org.asynchttpclient.netty.channel.ChannelManager - Adding key: http://localhost:50860 for channel [id: 0xed06a9b4, L:/127.0.0.1:50867 - R:localhost/127.0.0.1:50860]
16:10:26.682 [main] DEBUG io.netty.util.internal.ThreadLocalRandom - -Dio.netty.initialSeedUniquifier: 0x4766a471c8173383
16:10:26.685 [AsyncHttpClient-1-4] DEBUG org.asynchttpclient.netty.channel.NettyConnectListener - Using new Channel '[id: 0x0f939d1a, L:/127.0.0.1:50868 - R:localhost/127.0.0.1:50860]' for 'GET' to '/devtools/browser/4ffef7ba-5fd2-431d-8a92-2ac8f0927f66'
16:10:26.687 [AsyncHttpClient-1-4] DEBUG org.asynchttpclient.netty.handler.WebSocketHandler - 

Request DefaultFullHttpRequest(decodeResult: success, version: HTTP/1.1, content: EmptyByteBufBE)
GET /devtools/browser/4ffef7ba-5fd2-431d-8a92-2ac8f0927f66 HTTP/1.1
upgrade: websocket
connection: upgrade
sec-websocket-key: xxds8Kx3FDbYGd5lDxC4ww==
sec-websocket-version: 13
origin: http://localhost:50860
host: localhost:50860
accept: */*
user-agent: AHC/2.1

Response DefaultHttpResponse(decodeResult: success, version: HTTP/1.1)
HTTP/1.1 101 WebSocket Protocol Handshake
Upgrade: WebSocket
Connection: Upgrade
Sec-WebSocket-Accept: Lfb24d4wd9ePzONFizPatQnI968=

16:10:26.770 [Forwarding get on session 7e3c83dc98735e5d62c4fa74f052f481 to remote] DEBUG org.asynchttpclient.netty.request.NettyRequestSender - Using pooled Channel '[id: 0x57148b9f, L:/127.0.0.1:50856 - R:localhost/127.0.0.1:40019]' for 'POST' to 'http://localhost:40019/session/7e3c83dc98735e5d62c4fa74f052f481/url'
16:10:26.771 [Forwarding get on session 7e3c83dc98735e5d62c4fa74f052f481 to remote] DEBUG org.asynchttpclient.netty.request.NettyRequestSender - Using open Channel [id: 0x57148b9f, L:/127.0.0.1:50856 - R:localhost/127.0.0.1:40019] for POST '/session/7e3c83dc98735e5d62c4fa74f052f481/url'
16:10:26.957 [AsyncHttpClient-1-1] DEBUG org.asynchttpclient.netty.channel.DefaultChannelPool - Entry count for : http://localhost:50860 : 1
16:10:28.058 [AsyncHttpClient-1-1] DEBUG org.asynchttpclient.netty.channel.DefaultChannelPool - Entry count for : http://localhost:50860 : 1
16:10:29.163 [AsyncHttpClient-1-1] DEBUG org.asynchttpclient.netty.channel.DefaultChannelPool - Entry count for : http://localhost:50860 : 1
16:10:30.256 [AsyncHttpClient-1-1] DEBUG org.asynchttpclient.netty.channel.DefaultChannelPool - Entry count for : http://localhost:50860 : 1
16:10:30.839 [AsyncHttpClient-1-2] DEBUG org.asynchttpclient.netty.handler.HttpHandler - 

Request DefaultHttpRequest(decodeResult: success, version: HTTP/1.1)
POST /session/7e3c83dc98735e5d62c4fa74f052f481/url HTTP/1.1
User-Agent: selenium/4.8.1 (java windows)
Content-Length: 74
Content-Type: application/json; charset=utf-8
host: localhost:40019
accept: */*

Response DefaultHttpResponse(decodeResult: success, version: HTTP/1.1)
HTTP/1.1 200 OK
Content-Length: 14
Content-Type: application/json; charset=utf-8
cache-control: no-cache

16:10:30.839 [AsyncHttpClient-1-2] DEBUG org.asynchttpclient.netty.channel.ChannelManager - Adding key: http://localhost:40019 for channel [id: 0x57148b9f, L:/127.0.0.1:50856 - R:localhost/127.0.0.1:40019]
16:10:30.845 [Forwarding setTimeout on session 7e3c83dc98735e5d62c4fa74f052f481 to remote] DEBUG org.asynchttpclient.netty.request.NettyRequestSender - Using pooled Channel '[id: 0x57148b9f, L:/127.0.0.1:50856 - R:localhost/127.0.0.1:40019]' for 'POST' to 'http://localhost:40019/session/7e3c83dc98735e5d62c4fa74f052f481/timeouts'
16:10:30.845 [Forwarding setTimeout on session 7e3c83dc98735e5d62c4fa74f052f481 to remote] DEBUG org.asynchttpclient.netty.request.NettyRequestSender - Using open Channel [id: 0x57148b9f, L:/127.0.0.1:50856 - R:localhost/127.0.0.1:40019] for POST '/session/7e3c83dc98735e5d62c4fa74f052f481/timeouts'
16:10:30.847 [AsyncHttpClient-1-2] DEBUG org.asynchttpclient.netty.handler.HttpHandler - 

Request DefaultHttpRequest(decodeResult: success, version: HTTP/1.1)
POST /session/7e3c83dc98735e5d62c4fa74f052f481/timeouts HTTP/1.1
User-Agent: selenium/4.8.1 (java windows)
Content-Length: 22
Content-Type: application/json; charset=utf-8
host: localhost:40019
accept: */*

Response DefaultHttpResponse(decodeResult: success, version: HTTP/1.1)
HTTP/1.1 200 OK
Content-Length: 14
Content-Type: application/json; charset=utf-8
cache-control: no-cache

16:10:30.848 [AsyncHttpClient-1-2] DEBUG org.asynchttpclient.netty.channel.ChannelManager - Adding key: http://localhost:40019 for channel [id: 0x57148b9f, L:/127.0.0.1:50856 - R:localhost/127.0.0.1:40019]
16:10:30.879 [main] DEBUG net.serenitybdd.core.photography.Darkroom - Opening darkroom
16:10:30.881 [Darkroom Processing Line] DEBUG net.serenitybdd.core.photography.DarkroomProcessingLine - Darkroom processing line starting up
16:10:30.900 [Forwarding getAlertText on session 7e3c83dc98735e5d62c4fa74f052f481 to remote] DEBUG org.asynchttpclient.netty.request.NettyRequestSender - Using pooled Channel '[id: 0x57148b9f, L:/127.0.0.1:50856 - R:localhost/127.0.0.1:40019]' for 'GET' to 'http://localhost:40019/session/7e3c83dc98735e5d62c4fa74f052f481/alert/text'
16:10:30.900 [Forwarding getAlertText on session 7e3c83dc98735e5d62c4fa74f052f481 to remote] DEBUG org.asynchttpclient.netty.request.NettyRequestSender - Using open Channel [id: 0x57148b9f, L:/127.0.0.1:50856 - R:localhost/127.0.0.1:40019] for GET '/session/7e3c83dc98735e5d62c4fa74f052f481/alert/text'
16:10:30.902 [AsyncHttpClient-1-2] DEBUG org.asynchttpclient.netty.handler.HttpHandler - 

Request DefaultFullHttpRequest(decodeResult: success, version: HTTP/1.1, content: EmptyByteBufBE)
GET /session/7e3c83dc98735e5d62c4fa74f052f481/alert/text HTTP/1.1
User-Agent: selenium/4.8.1 (java windows)
Cache-Control: no-cache
Content-Type: application/json; charset=utf-8
host: localhost:40019
accept: */*

Response DefaultHttpResponse(decodeResult: success, version: HTTP/1.1)
HTTP/1.1 404 Not Found
Content-Length: 836
Content-Type: application/json; charset=utf-8
cache-control: no-cache

16:10:30.902 [AsyncHttpClient-1-2] DEBUG org.asynchttpclient.netty.channel.ChannelManager - Adding key: http://localhost:40019 for channel [id: 0x57148b9f, L:/127.0.0.1:50856 - R:localhost/127.0.0.1:40019]
16:10:30.909 [Forwarding getCurrentUrl on session 7e3c83dc98735e5d62c4fa74f052f481 to remote] DEBUG org.asynchttpclient.netty.request.NettyRequestSender - Using pooled Channel '[id: 0x57148b9f, L:/127.0.0.1:50856 - R:localhost/127.0.0.1:40019]' for 'GET' to 'http://localhost:40019/session/7e3c83dc98735e5d62c4fa74f052f481/url'
16:10:30.909 [Forwarding getCurrentUrl on session 7e3c83dc98735e5d62c4fa74f052f481 to remote] DEBUG org.asynchttpclient.netty.request.NettyRequestSender - Using open Channel [id: 0x57148b9f, L:/127.0.0.1:50856 - R:localhost/127.0.0.1:40019] for GET '/session/7e3c83dc98735e5d62c4fa74f052f481/url'
16:10:30.914 [AsyncHttpClient-1-2] DEBUG org.asynchttpclient.netty.handler.HttpHandler - 

Request DefaultFullHttpRequest(decodeResult: success, version: HTTP/1.1, content: EmptyByteBufBE)
GET /session/7e3c83dc98735e5d62c4fa74f052f481/url HTTP/1.1
User-Agent: selenium/4.8.1 (java windows)
Cache-Control: no-cache
Content-Type: application/json; charset=utf-8
host: localhost:40019
accept: */*

Response DefaultHttpResponse(decodeResult: success, version: HTTP/1.1)
HTTP/1.1 200 OK
Content-Length: 51
Content-Type: application/json; charset=utf-8
cache-control: no-cache

16:10:30.914 [AsyncHttpClient-1-2] DEBUG org.asynchttpclient.netty.channel.ChannelManager - Adding key: http://localhost:40019 for channel [id: 0x57148b9f, L:/127.0.0.1:50856 - R:localhost/127.0.0.1:40019]
16:10:30.917 [Forwarding screenshot on session 7e3c83dc98735e5d62c4fa74f052f481 to remote] DEBUG org.asynchttpclient.netty.request.NettyRequestSender - Using pooled Channel '[id: 0x57148b9f, L:/127.0.0.1:50856 - R:localhost/127.0.0.1:40019]' for 'GET' to 'http://localhost:40019/session/7e3c83dc98735e5d62c4fa74f052f481/screenshot'
16:10:30.917 [Forwarding screenshot on session 7e3c83dc98735e5d62c4fa74f052f481 to remote] DEBUG org.asynchttpclient.netty.request.NettyRequestSender - Using open Channel [id: 0x57148b9f, L:/127.0.0.1:50856 - R:localhost/127.0.0.1:40019] for GET '/session/7e3c83dc98735e5d62c4fa74f052f481/screenshot'
16:10:30.982 [AsyncHttpClient-1-2] DEBUG org.asynchttpclient.netty.handler.HttpHandler - 

Request DefaultFullHttpRequest(decodeResult: success, version: HTTP/1.1, content: EmptyByteBufBE)
GET /session/7e3c83dc98735e5d62c4fa74f052f481/screenshot HTTP/1.1
User-Agent: selenium/4.8.1 (java windows)
Cache-Control: no-cache
Content-Type: application/json; charset=utf-8
host: localhost:40019
accept: */*

Response DefaultHttpResponse(decodeResult: success, version: HTTP/1.1)
HTTP/1.1 200 OK
Content-Length: 25208
Content-Type: application/json; charset=utf-8
cache-control: no-cache

16:10:30.982 [AsyncHttpClient-1-2] DEBUG org.asynchttpclient.netty.channel.ChannelManager - Adding key: http://localhost:40019 for channel [id: 0x57148b9f, L:/127.0.0.1:50856 - R:localhost/127.0.0.1:40019]
16:10:31.063 [main] DEBUG net.serenitybdd.core.photography.Darkroom - Send negative for processing for target\site\serenity\edb14d4aab401efa0e4fb99861e6ffcafebc86a67b69f7828890b9910ed2ddbd.png
16:10:31.064 [Darkroom Processing Line] DEBUG net.serenitybdd.core.photography.DarkroomProcessingLine - Processing screenshot image in /var/screenshots/screenshot-765224178902771803
16:10:31.064 [Darkroom Processing Line] DEBUG net.serenitybdd.core.photography.DarkroomProcessingLine - Saving screenshot to target\site\serenity\edb14d4aab401efa0e4fb99861e6ffcafebc86a67b69f7828890b9910ed2ddbd.png
16:10:31.071 [main] DEBUG net.thucydides.core.steps.StepInterceptor - STEP DONE: openPage
  &amp#27;[32mGiven &amp#27;[0m&amp#27;[32mI am on the alta-shop login page&amp#27;[0m    &amp#27;[90m# starter.stepdefinitions.LoginSteps.onTheLoginPage()&amp#27;[0m
16:10:31.090 [Forwarding getPageSource on session 7e3c83dc98735e5d62c4fa74f052f481 to remote] DEBUG org.asynchttpclient.netty.request.NettyRequestSender - Using pooled Channel '[id: 0x57148b9f, L:/127.0.0.1:50856 - R:localhost/127.0.0.1:40019]' for 'POST' to 'http://localhost:40019/session/7e3c83dc98735e5d62c4fa74f052f481/execute/sync'
16:10:31.090 [Forwarding getPageSource on session 7e3c83dc98735e5d62c4fa74f052f481 to remote] DEBUG org.asynchttpclient.netty.request.NettyRequestSender - Using open Channel [id: 0x57148b9f, L:/127.0.0.1:50856 - R:localhost/127.0.0.1:40019] for POST '/session/7e3c83dc98735e5d62c4fa74f052f481/execute/sync'
16:10:31.095 [AsyncHttpClient-1-2] DEBUG org.asynchttpclient.netty.handler.HttpHandler - 

Request DefaultHttpRequest(decodeResult: success, version: HTTP/1.1)
POST /session/7e3c83dc98735e5d62c4fa74f052f481/execute/sync HTTP/1.1
User-Agent: selenium/4.8.1 (java windows)
Content-Length: 176
Content-Type: application/json; charset=utf-8
host: localhost:40019
accept: */*

Response DefaultHttpResponse(decodeResult: success, version: HTTP/1.1)
HTTP/1.1 200 OK
Content-Length: 21659
Content-Type: application/json; charset=utf-8
cache-control: no-cache

16:10:31.095 [AsyncHttpClient-1-2] DEBUG org.asynchttpclient.netty.channel.ChannelManager - Adding key: http://localhost:40019 for channel [id: 0x57148b9f, L:/127.0.0.1:50856 - R:localhost/127.0.0.1:40019]
16:10:31.171 [Forwarding getCurrentUrl on session 7e3c83dc98735e5d62c4fa74f052f481 to remote] DEBUG org.asynchttpclient.netty.request.NettyRequestSender - Using pooled Channel '[id: 0x57148b9f, L:/127.0.0.1:50856 - R:localhost/127.0.0.1:40019]' for 'GET' to 'http://localhost:40019/session/7e3c83dc98735e5d62c4fa74f052f481/url'
16:10:31.172 [Forwarding getCurrentUrl on session 7e3c83dc98735e5d62c4fa74f052f481 to remote] DEBUG org.asynchttpclient.netty.request.NettyRequestSender - Using open Channel [id: 0x57148b9f, L:/127.0.0.1:50856 - R:localhost/127.0.0.1:40019] for GET '/session/7e3c83dc98735e5d62c4fa74f052f481/url'
16:10:31.175 [AsyncHttpClient-1-2] DEBUG org.asynchttpclient.netty.handler.HttpHandler - 

Request DefaultFullHttpRequest(decodeResult: success, version: HTTP/1.1, content: EmptyByteBufBE)
GET /session/7e3c83dc98735e5d62c4fa74f052f481/url HTTP/1.1
User-Agent: selenium/4.8.1 (java windows)
Cache-Control: no-cache
Content-Type: application/json; charset=utf-8
host: localhost:40019
accept: */*

Response DefaultHttpResponse(decodeResult: success, version: HTTP/1.1)
HTTP/1.1 200 OK
Content-Length: 51
Content-Type: application/json; charset=utf-8
cache-control: no-cache

16:10:31.175 [AsyncHttpClient-1-2] DEBUG org.asynchttpclient.netty.channel.ChannelManager - Adding key: http://localhost:40019 for channel [id: 0x57148b9f, L:/127.0.0.1:50856 - R:localhost/127.0.0.1:40019]
16:10:31.260 [Forwarding getAlertText on session 7e3c83dc98735e5d62c4fa74f052f481 to remote] DEBUG org.asynchttpclient.netty.request.NettyRequestSender - Using pooled Channel '[id: 0x57148b9f, L:/127.0.0.1:50856 - R:localhost/127.0.0.1:40019]' for 'GET' to 'http://localhost:40019/session/7e3c83dc98735e5d62c4fa74f052f481/alert/text'
16:10:31.260 [Forwarding getAlertText on session 7e3c83dc98735e5d62c4fa74f052f481 to remote] DEBUG org.asynchttpclient.netty.request.NettyRequestSender - Using open Channel [id: 0x57148b9f, L:/127.0.0.1:50856 - R:localhost/127.0.0.1:40019] for GET '/session/7e3c83dc98735e5d62c4fa74f052f481/alert/text'
16:10:31.262 [AsyncHttpClient-1-2] DEBUG org.asynchttpclient.netty.handler.HttpHandler - 

Request DefaultFullHttpRequest(decodeResult: success, version: HTTP/1.1, content: EmptyByteBufBE)
GET /session/7e3c83dc98735e5d62c4fa74f052f481/alert/text HTTP/1.1
User-Agent: selenium/4.8.1 (java windows)
Cache-Control: no-cache
Content-Type: application/json; charset=utf-8
host: localhost:40019
accept: */*

Response DefaultHttpResponse(decodeResult: success, version: HTTP/1.1)
HTTP/1.1 404 Not Found
Content-Length: 836
Content-Type: application/json; charset=utf-8
cache-control: no-cache

16:10:31.263 [AsyncHttpClient-1-2] DEBUG org.asynchttpclient.netty.channel.ChannelManager - Adding key: http://localhost:40019 for channel [id: 0x57148b9f, L:/127.0.0.1:50856 - R:localhost/127.0.0.1:40019]
16:10:31.268 [Forwarding getCurrentUrl on session 7e3c83dc98735e5d62c4fa74f052f481 to remote] DEBUG org.asynchttpclient.netty.request.NettyRequestSender - Using pooled Channel '[id: 0x57148b9f, L:/127.0.0.1:50856 - R:localhost/127.0.0.1:40019]' for 'GET' to 'http://localhost:40019/session/7e3c83dc98735e5d62c4fa74f052f481/url'
16:10:31.268 [Forwarding getCurrentUrl on session 7e3c83dc98735e5d62c4fa74f052f481 to remote] DEBUG org.asynchttpclient.netty.request.NettyRequestSender - Using open Channel [id: 0x57148b9f, L:/127.0.0.1:50856 - R:localhost/127.0.0.1:40019] for GET '/session/7e3c83dc98735e5d62c4fa74f052f481/url'
16:10:31.274 [AsyncHttpClient-1-2] DEBUG org.asynchttpclient.netty.handler.HttpHandler - 

Request DefaultFullHttpRequest(decodeResult: success, version: HTTP/1.1, content: EmptyByteBufBE)
GET /session/7e3c83dc98735e5d62c4fa74f052f481/url HTTP/1.1
User-Agent: selenium/4.8.1 (java windows)
Cache-Control: no-cache
Content-Type: application/json; charset=utf-8
host: localhost:40019
accept: */*

Response DefaultHttpResponse(decodeResult: success, version: HTTP/1.1)
HTTP/1.1 200 OK
Content-Length: 51
Content-Type: application/json; charset=utf-8
cache-control: no-cache

16:10:31.275 [AsyncHttpClient-1-2] DEBUG org.asynchttpclient.netty.channel.ChannelManager - Adding key: http://localhost:40019 for channel [id: 0x57148b9f, L:/127.0.0.1:50856 - R:localhost/127.0.0.1:40019]
16:10:31.282 [Forwarding screenshot on session 7e3c83dc98735e5d62c4fa74f052f481 to remote] DEBUG org.asynchttpclient.netty.request.NettyRequestSender - Using pooled Channel '[id: 0x57148b9f, L:/127.0.0.1:50856 - R:localhost/127.0.0.1:40019]' for 'GET' to 'http://localhost:40019/session/7e3c83dc98735e5d62c4fa74f052f481/screenshot'
16:10:31.283 [Forwarding screenshot on session 7e3c83dc98735e5d62c4fa74f052f481 to remote] DEBUG org.asynchttpclient.netty.request.NettyRequestSender - Using open Channel [id: 0x57148b9f, L:/127.0.0.1:50856 - R:localhost/127.0.0.1:40019] for GET '/session/7e3c83dc98735e5d62c4fa74f052f481/screenshot'
16:10:31.354 [AsyncHttpClient-1-2] DEBUG org.asynchttpclient.netty.handler.HttpHandler - 

Request DefaultFullHttpRequest(decodeResult: success, version: HTTP/1.1, content: EmptyByteBufBE)
GET /session/7e3c83dc98735e5d62c4fa74f052f481/screenshot HTTP/1.1
User-Agent: selenium/4.8.1 (java windows)
Cache-Control: no-cache
Content-Type: application/json; charset=utf-8
host: localhost:40019
accept: */*

Response DefaultHttpResponse(decodeResult: success, version: HTTP/1.1)
HTTP/1.1 200 OK
Content-Length: 25208
Content-Type: application/json; charset=utf-8
cache-control: no-cache

16:10:31.355 [AsyncHttpClient-1-2] DEBUG org.asynchttpclient.netty.channel.ChannelManager - Adding key: http://localhost:40019 for channel [id: 0x57148b9f, L:/127.0.0.1:50856 - R:localhost/127.0.0.1:40019]
16:10:31.360 [AsyncHttpClient-1-1] DEBUG org.asynchttpclient.netty.channel.DefaultChannelPool - Entry count for : http://localhost:40019 : 1
16:10:31.360 [main] DEBUG net.serenitybdd.core.photography.Darkroom - Send negative for processing for target\site\serenity\edb14d4aab401efa0e4fb99861e6ffcafebc86a67b69f7828890b9910ed2ddbd.png
16:10:31.362 [AsyncHttpClient-1-1] DEBUG org.asynchttpclient.netty.channel.DefaultChannelPool - Entry count for : http://localhost:50860 : 1
16:10:31.364 [Forwarding getPageSource on session 7e3c83dc98735e5d62c4fa74f052f481 to remote] DEBUG org.asynchttpclient.netty.request.NettyRequestSender - Using pooled Channel '[id: 0x57148b9f, L:/127.0.0.1:50856 - R:localhost/127.0.0.1:40019]' for 'POST' to 'http://localhost:40019/session/7e3c83dc98735e5d62c4fa74f052f481/execute/sync'
16:10:31.364 [Forwarding getPageSource on session 7e3c83dc98735e5d62c4fa74f052f481 to remote] DEBUG org.asynchttpclient.netty.request.NettyRequestSender - Using open Channel [id: 0x57148b9f, L:/127.0.0.1:50856 - R:localhost/127.0.0.1:40019] for POST '/session/7e3c83dc98735e5d62c4fa74f052f481/execute/sync'
16:10:31.371 [AsyncHttpClient-1-2] DEBUG org.asynchttpclient.netty.handler.HttpHandler - 

Request DefaultHttpRequest(decodeResult: success, version: HTTP/1.1)
POST /session/7e3c83dc98735e5d62c4fa74f052f481/execute/sync HTTP/1.1
User-Agent: selenium/4.8.1 (java windows)
Content-Length: 176
Content-Type: application/json; charset=utf-8
host: localhost:40019
accept: */*

Response DefaultHttpResponse(decodeResult: success, version: HTTP/1.1)
HTTP/1.1 200 OK
Content-Length: 21659
Content-Type: application/json; charset=utf-8
cache-control: no-cache

16:10:31.372 [AsyncHttpClient-1-2] DEBUG org.asynchttpclient.netty.channel.ChannelManager - Adding key: http://localhost:40019 for channel [id: 0x57148b9f, L:/127.0.0.1:50856 - R:localhost/127.0.0.1:40019]
16:10:31.387 [Forwarding getCurrentUrl on session 7e3c83dc98735e5d62c4fa74f052f481 to remote] DEBUG org.asynchttpclient.netty.request.NettyRequestSender - Using pooled Channel '[id: 0x57148b9f, L:/127.0.0.1:50856 - R:localhost/127.0.0.1:40019]' for 'GET' to 'http://localhost:40019/session/7e3c83dc98735e5d62c4fa74f052f481/url'
16:10:31.388 [Forwarding getCurrentUrl on session 7e3c83dc98735e5d62c4fa74f052f481 to remote] DEBUG org.asynchttpclient.netty.request.NettyRequestSender - Using open Channel [id: 0x57148b9f, L:/127.0.0.1:50856 - R:localhost/127.0.0.1:40019] for GET '/session/7e3c83dc98735e5d62c4fa74f052f481/url'
16:10:31.393 [AsyncHttpClient-1-2] DEBUG org.asynchttpclient.netty.handler.HttpHandler - 

Request DefaultFullHttpRequest(decodeResult: success, version: HTTP/1.1, content: EmptyByteBufBE)
GET /session/7e3c83dc98735e5d62c4fa74f052f481/url HTTP/1.1
User-Agent: selenium/4.8.1 (java windows)
Cache-Control: no-cache
Content-Type: application/json; charset=utf-8
host: localhost:40019
accept: */*

Response DefaultHttpResponse(decodeResult: success, version: HTTP/1.1)
HTTP/1.1 200 OK
Content-Length: 51
Content-Type: application/json; charset=utf-8
cache-control: no-cache

16:10:31.394 [AsyncHttpClient-1-2] DEBUG org.asynchttpclient.netty.channel.ChannelManager - Adding key: http://localhost:40019 for channel [id: 0x57148b9f, L:/127.0.0.1:50856 - R:localhost/127.0.0.1:40019]
16:10:31.398 [main] DEBUG net.thucydides.core.steps.StepInterceptor - STARTING STEP: RegisterSteps.clickLoginButton - clickRegisterLink
16:10:31.415 [Forwarding findElement on session 7e3c83dc98735e5d62c4fa74f052f481 to remote] DEBUG org.asynchttpclient.netty.request.NettyRequestSender - Using pooled Channel '[id: 0x57148b9f, L:/127.0.0.1:50856 - R:localhost/127.0.0.1:40019]' for 'POST' to 'http://localhost:40019/session/7e3c83dc98735e5d62c4fa74f052f481/element'
16:10:31.415 [Forwarding findElement on session 7e3c83dc98735e5d62c4fa74f052f481 to remote] DEBUG org.asynchttpclient.netty.request.NettyRequestSender - Using open Channel [id: 0x57148b9f, L:/127.0.0.1:50856 - R:localhost/127.0.0.1:40019] for POST '/session/7e3c83dc98735e5d62c4fa74f052f481/element'
16:10:31.427 [AsyncHttpClient-1-2] DEBUG org.asynchttpclient.netty.handler.HttpHandler - 

Request DefaultHttpRequest(decodeResult: success, version: HTTP/1.1)
POST /session/7e3c83dc98735e5d62c4fa74f052f481/element HTTP/1.1
User-Agent: selenium/4.8.1 (java windows)
Content-Length: 84
Content-Type: application/json; charset=utf-8
host: localhost:40019
accept: */*

Response DefaultHttpResponse(decodeResult: success, version: HTTP/1.1)
HTTP/1.1 200 OK
Content-Length: 88
Content-Type: application/json; charset=utf-8
cache-control: no-cache

16:10:31.427 [AsyncHttpClient-1-2] DEBUG org.asynchttpclient.netty.channel.ChannelManager - Adding key: http://localhost:40019 for channel [id: 0x57148b9f, L:/127.0.0.1:50856 - R:localhost/127.0.0.1:40019]
16:10:31.431 [Forwarding getElementTagName on session 7e3c83dc98735e5d62c4fa74f052f481 to remote] DEBUG org.asynchttpclient.netty.request.NettyRequestSender - Using pooled Channel '[id: 0x57148b9f, L:/127.0.0.1:50856 - R:localhost/127.0.0.1:40019]' for 'GET' to 'http://localhost:40019/session/7e3c83dc98735e5d62c4fa74f052f481/element/fec43300-68df-4c0c-9cfc-5bdcc3a7b875/name'
16:10:31.431 [Forwarding getElementTagName on session 7e3c83dc98735e5d62c4fa74f052f481 to remote] DEBUG org.asynchttpclient.netty.request.NettyRequestSender - Using open Channel [id: 0x57148b9f, L:/127.0.0.1:50856 - R:localhost/127.0.0.1:40019] for GET '/session/7e3c83dc98735e5d62c4fa74f052f481/element/fec43300-68df-4c0c-9cfc-5bdcc3a7b875/name'
16:10:31.435 [AsyncHttpClient-1-2] DEBUG org.asynchttpclient.netty.handler.HttpHandler - 

Request DefaultFullHttpRequest(decodeResult: success, version: HTTP/1.1, content: EmptyByteBufBE)
GET /session/7e3c83dc98735e5d62c4fa74f052f481/element/fec43300-68df-4c0c-9cfc-5bdcc3a7b875/name HTTP/1.1
User-Agent: selenium/4.8.1 (java windows)
Cache-Control: no-cache
Content-Type: application/json; charset=utf-8
host: localhost:40019
accept: */*

Response DefaultHttpResponse(decodeResult: success, version: HTTP/1.1)
HTTP/1.1 200 OK
Content-Length: 13
Content-Type: application/json; charset=utf-8
cache-control: no-cache

16:10:31.435 [AsyncHttpClient-1-2] DEBUG org.asynchttpclient.netty.channel.ChannelManager - Adding key: http://localhost:40019 for channel [id: 0x57148b9f, L:/127.0.0.1:50856 - R:localhost/127.0.0.1:40019]
16:10:31.437 [Forwarding getElementTagName on session 7e3c83dc98735e5d62c4fa74f052f481 to remote] DEBUG org.asynchttpclient.netty.request.NettyRequestSender - Using pooled Channel '[id: 0x57148b9f, L:/127.0.0.1:50856 - R:localhost/127.0.0.1:40019]' for 'GET' to 'http://localhost:40019/session/7e3c83dc98735e5d62c4fa74f052f481/element/fec43300-68df-4c0c-9cfc-5bdcc3a7b875/name'
16:10:31.437 [Forwarding getElementTagName on session 7e3c83dc98735e5d62c4fa74f052f481 to remote] DEBUG org.asynchttpclient.netty.request.NettyRequestSender - Using open Channel [id: 0x57148b9f, L:/127.0.0.1:50856 - R:localhost/127.0.0.1:40019] for GET '/session/7e3c83dc98735e5d62c4fa74f052f481/element/fec43300-68df-4c0c-9cfc-5bdcc3a7b875/name'
16:10:31.441 [AsyncHttpClient-1-2] DEBUG org.asynchttpclient.netty.handler.HttpHandler - 

Request DefaultFullHttpRequest(decodeResult: success, version: HTTP/1.1, content: EmptyByteBufBE)
GET /session/7e3c83dc98735e5d62c4fa74f052f481/element/fec43300-68df-4c0c-9cfc-5bdcc3a7b875/name HTTP/1.1
User-Agent: selenium/4.8.1 (java windows)
Cache-Control: no-cache
Content-Type: application/json; charset=utf-8
host: localhost:40019
accept: */*

Response DefaultHttpResponse(decodeResult: success, version: HTTP/1.1)
HTTP/1.1 200 OK
Content-Length: 13
Content-Type: application/json; charset=utf-8
cache-control: no-cache

16:10:31.441 [AsyncHttpClient-1-2] DEBUG org.asynchttpclient.netty.channel.ChannelManager - Adding key: http://localhost:40019 for channel [id: 0x57148b9f, L:/127.0.0.1:50856 - R:localhost/127.0.0.1:40019]
16:10:31.444 [Forwarding findElement on session 7e3c83dc98735e5d62c4fa74f052f481 to remote] DEBUG org.asynchttpclient.netty.request.NettyRequestSender - Using pooled Channel '[id: 0x57148b9f, L:/127.0.0.1:50856 - R:localhost/127.0.0.1:40019]' for 'POST' to 'http://localhost:40019/session/7e3c83dc98735e5d62c4fa74f052f481/element'
16:10:31.444 [Forwarding findElement on session 7e3c83dc98735e5d62c4fa74f052f481 to remote] DEBUG org.asynchttpclient.netty.request.NettyRequestSender - Using open Channel [id: 0x57148b9f, L:/127.0.0.1:50856 - R:localhost/127.0.0.1:40019] for POST '/session/7e3c83dc98735e5d62c4fa74f052f481/element'
16:10:31.449 [AsyncHttpClient-1-2] DEBUG org.asynchttpclient.netty.handler.HttpHandler - 

Request DefaultHttpRequest(decodeResult: success, version: HTTP/1.1)
POST /session/7e3c83dc98735e5d62c4fa74f052f481/element HTTP/1.1
User-Agent: selenium/4.8.1 (java windows)
Content-Length: 84
Content-Type: application/json; charset=utf-8
host: localhost:40019
accept: */*

Response DefaultHttpResponse(decodeResult: success, version: HTTP/1.1)
HTTP/1.1 200 OK
Content-Length: 88
Content-Type: application/json; charset=utf-8
cache-control: no-cache

16:10:31.449 [AsyncHttpClient-1-2] DEBUG org.asynchttpclient.netty.channel.ChannelManager - Adding key: http://localhost:40019 for channel [id: 0x57148b9f, L:/127.0.0.1:50856 - R:localhost/127.0.0.1:40019]
16:10:31.451 [Forwarding clickElement on session 7e3c83dc98735e5d62c4fa74f052f481 to remote] DEBUG org.asynchttpclient.netty.request.NettyRequestSender - Using pooled Channel '[id: 0x57148b9f, L:/127.0.0.1:50856 - R:localhost/127.0.0.1:40019]' for 'POST' to 'http://localhost:40019/session/7e3c83dc98735e5d62c4fa74f052f481/element/fec43300-68df-4c0c-9cfc-5bdcc3a7b875/click'
16:10:31.451 [Forwarding clickElement on session 7e3c83dc98735e5d62c4fa74f052f481 to remote] DEBUG org.asynchttpclient.netty.request.NettyRequestSender - Using open Channel [id: 0x57148b9f, L:/127.0.0.1:50856 - R:localhost/127.0.0.1:40019] for POST '/session/7e3c83dc98735e5d62c4fa74f052f481/element/fec43300-68df-4c0c-9cfc-5bdcc3a7b875/click'
16:10:31.490 [AsyncHttpClient-1-2] DEBUG org.asynchttpclient.netty.handler.HttpHandler - 

Request DefaultHttpRequest(decodeResult: success, version: HTTP/1.1)
POST /session/7e3c83dc98735e5d62c4fa74f052f481/element/fec43300-68df-4c0c-9cfc-5bdcc3a7b875/click HTTP/1.1
User-Agent: selenium/4.8.1 (java windows)
Content-Length: 50
Content-Type: application/json; charset=utf-8
host: localhost:40019
accept: */*

Response DefaultHttpResponse(decodeResult: success, version: HTTP/1.1)
HTTP/1.1 200 OK
Content-Length: 14
Content-Type: application/json; charset=utf-8
cache-control: no-cache

16:10:31.490 [AsyncHttpClient-1-2] DEBUG org.asynchttpclient.netty.channel.ChannelManager - Adding key: http://localhost:40019 for channel [id: 0x57148b9f, L:/127.0.0.1:50856 - R:localhost/127.0.0.1:40019]
16:10:31.504 [Forwarding getAlertText on session 7e3c83dc98735e5d62c4fa74f052f481 to remote] DEBUG org.asynchttpclient.netty.request.NettyRequestSender - Using pooled Channel '[id: 0x57148b9f, L:/127.0.0.1:50856 - R:localhost/127.0.0.1:40019]' for 'GET' to 'http://localhost:40019/session/7e3c83dc98735e5d62c4fa74f052f481/alert/text'
16:10:31.504 [Forwarding getAlertText on session 7e3c83dc98735e5d62c4fa74f052f481 to remote] DEBUG org.asynchttpclient.netty.request.NettyRequestSender - Using open Channel [id: 0x57148b9f, L:/127.0.0.1:50856 - R:localhost/127.0.0.1:40019] for GET '/session/7e3c83dc98735e5d62c4fa74f052f481/alert/text'
16:10:31.505 [AsyncHttpClient-1-2] DEBUG org.asynchttpclient.netty.handler.HttpHandler - 

Request DefaultFullHttpRequest(decodeResult: success, version: HTTP/1.1, content: EmptyByteBufBE)
GET /session/7e3c83dc98735e5d62c4fa74f052f481/alert/text HTTP/1.1
User-Agent: selenium/4.8.1 (java windows)
Cache-Control: no-cache
Content-Type: application/json; charset=utf-8
host: localhost:40019
accept: */*

Response DefaultHttpResponse(decodeResult: success, version: HTTP/1.1)
HTTP/1.1 404 Not Found
Content-Length: 836
Content-Type: application/json; charset=utf-8
cache-control: no-cache

16:10:31.506 [AsyncHttpClient-1-2] DEBUG org.asynchttpclient.netty.channel.ChannelManager - Adding key: http://localhost:40019 for channel [id: 0x57148b9f, L:/127.0.0.1:50856 - R:localhost/127.0.0.1:40019]
16:10:31.509 [Forwarding getCurrentUrl on session 7e3c83dc98735e5d62c4fa74f052f481 to remote] DEBUG org.asynchttpclient.netty.request.NettyRequestSender - Using pooled Channel '[id: 0x57148b9f, L:/127.0.0.1:50856 - R:localhost/127.0.0.1:40019]' for 'GET' to 'http://localhost:40019/session/7e3c83dc98735e5d62c4fa74f052f481/url'
16:10:31.509 [Forwarding getCurrentUrl on session 7e3c83dc98735e5d62c4fa74f052f481 to remote] DEBUG org.asynchttpclient.netty.request.NettyRequestSender - Using open Channel [id: 0x57148b9f, L:/127.0.0.1:50856 - R:localhost/127.0.0.1:40019] for GET '/session/7e3c83dc98735e5d62c4fa74f052f481/url'
16:10:31.512 [AsyncHttpClient-1-2] DEBUG org.asynchttpclient.netty.handler.HttpHandler - 

Request DefaultFullHttpRequest(decodeResult: success, version: HTTP/1.1, content: EmptyByteBufBE)
GET /session/7e3c83dc98735e5d62c4fa74f052f481/url HTTP/1.1
User-Agent: selenium/4.8.1 (java windows)
Cache-Control: no-cache
Content-Type: application/json; charset=utf-8
host: localhost:40019
accept: */*

Response DefaultHttpResponse(decodeResult: success, version: HTTP/1.1)
HTTP/1.1 200 OK
Content-Length: 54
Content-Type: application/json; charset=utf-8
cache-control: no-cache

16:10:31.512 [AsyncHttpClient-1-2] DEBUG org.asynchttpclient.netty.channel.ChannelManager - Adding key: http://localhost:40019 for channel [id: 0x57148b9f, L:/127.0.0.1:50856 - R:localhost/127.0.0.1:40019]
16:10:31.515 [Forwarding screenshot on session 7e3c83dc98735e5d62c4fa74f052f481 to remote] DEBUG org.asynchttpclient.netty.request.NettyRequestSender - Using pooled Channel '[id: 0x57148b9f, L:/127.0.0.1:50856 - R:localhost/127.0.0.1:40019]' for 'GET' to 'http://localhost:40019/session/7e3c83dc98735e5d62c4fa74f052f481/screenshot'
16:10:31.515 [Forwarding screenshot on session 7e3c83dc98735e5d62c4fa74f052f481 to remote] DEBUG org.asynchttpclient.netty.request.NettyRequestSender - Using open Channel [id: 0x57148b9f, L:/127.0.0.1:50856 - R:localhost/127.0.0.1:40019] for GET '/session/7e3c83dc98735e5d62c4fa74f052f481/screenshot'
16:10:31.579 [AsyncHttpClient-1-2] DEBUG org.asynchttpclient.netty.handler.HttpHandler - 

Request DefaultFullHttpRequest(decodeResult: success, version: HTTP/1.1, content: EmptyByteBufBE)
GET /session/7e3c83dc98735e5d62c4fa74f052f481/screenshot HTTP/1.1
User-Agent: selenium/4.8.1 (java windows)
Cache-Control: no-cache
Content-Type: application/json; charset=utf-8
host: localhost:40019
accept: */*

Response DefaultHttpResponse(decodeResult: success, version: HTTP/1.1)
HTTP/1.1 200 OK
Content-Length: 30264
Content-Type: application/json; charset=utf-8
cache-control: no-cache

16:10:31.579 [AsyncHttpClient-1-2] DEBUG org.asynchttpclient.netty.channel.ChannelManager - Adding key: http://localhost:40019 for channel [id: 0x57148b9f, L:/127.0.0.1:50856 - R:localhost/127.0.0.1:40019]
16:10:31.582 [main] DEBUG net.serenitybdd.core.photography.Darkroom - Send negative for processing for target\site\serenity\1c8b997591b99fdc785d9ec6140bb0837e68f1e43009b62e44e6a795bc8005e3.png
16:10:31.583 [main] DEBUG net.thucydides.core.steps.StepInterceptor - STEP DONE: clickRegisterLink
16:10:31.583 [Darkroom Processing Line] DEBUG net.serenitybdd.core.photography.DarkroomProcessingLine - Processing screenshot image in /var/screenshots/screenshot-17649823103207799857
16:10:31.583 [Darkroom Processing Line] DEBUG net.serenitybdd.core.photography.DarkroomProcessingLine - Saving screenshot to target\site\serenity\1c8b997591b99fdc785d9ec6140bb0837e68f1e43009b62e44e6a795bc8005e3.png
  &amp#27;[32mWhen &amp#27;[0m&amp#27;[32mI go to the alta-shop register page&amp#27;[0m  &amp#27;[90m# starter.stepdefinitions.RegisterSteps.clickLoginButton()&amp#27;[0m
16:10:31.592 [Forwarding getPageSource on session 7e3c83dc98735e5d62c4fa74f052f481 to remote] DEBUG org.asynchttpclient.netty.request.NettyRequestSender - Using pooled Channel '[id: 0x57148b9f, L:/127.0.0.1:50856 - R:localhost/127.0.0.1:40019]' for 'POST' to 'http://localhost:40019/session/7e3c83dc98735e5d62c4fa74f052f481/execute/sync'
16:10:31.592 [Forwarding getPageSource on session 7e3c83dc98735e5d62c4fa74f052f481 to remote] DEBUG org.asynchttpclient.netty.request.NettyRequestSender - Using open Channel [id: 0x57148b9f, L:/127.0.0.1:50856 - R:localhost/127.0.0.1:40019] for POST '/session/7e3c83dc98735e5d62c4fa74f052f481/execute/sync'
16:10:31.596 [AsyncHttpClient-1-2] DEBUG org.asynchttpclient.netty.handler.HttpHandler - 

Request DefaultHttpRequest(decodeResult: success, version: HTTP/1.1)
POST /session/7e3c83dc98735e5d62c4fa74f052f481/execute/sync HTTP/1.1
User-Agent: selenium/4.8.1 (java windows)
Content-Length: 176
Content-Type: application/json; charset=utf-8
host: localhost:40019
accept: */*

Response DefaultHttpResponse(decodeResult: success, version: HTTP/1.1)
HTTP/1.1 200 OK
Content-Length: 22314
Content-Type: application/json; charset=utf-8
cache-control: no-cache

16:10:31.596 [AsyncHttpClient-1-2] DEBUG org.asynchttpclient.netty.channel.ChannelManager - Adding key: http://localhost:40019 for channel [id: 0x57148b9f, L:/127.0.0.1:50856 - R:localhost/127.0.0.1:40019]
16:10:31.606 [Forwarding getCurrentUrl on session 7e3c83dc98735e5d62c4fa74f052f481 to remote] DEBUG org.asynchttpclient.netty.request.NettyRequestSender - Using pooled Channel '[id: 0x57148b9f, L:/127.0.0.1:50856 - R:localhost/127.0.0.1:40019]' for 'GET' to 'http://localhost:40019/session/7e3c83dc98735e5d62c4fa74f052f481/url'
16:10:31.606 [Forwarding getCurrentUrl on session 7e3c83dc98735e5d62c4fa74f052f481 to remote] DEBUG org.asynchttpclient.netty.request.NettyRequestSender - Using open Channel [id: 0x57148b9f, L:/127.0.0.1:50856 - R:localhost/127.0.0.1:40019] for GET '/session/7e3c83dc98735e5d62c4fa74f052f481/url'
16:10:31.610 [AsyncHttpClient-1-2] DEBUG org.asynchttpclient.netty.handler.HttpHandler - 

Request DefaultFullHttpRequest(decodeResult: success, version: HTTP/1.1, content: EmptyByteBufBE)
GET /session/7e3c83dc98735e5d62c4fa74f052f481/url HTTP/1.1
User-Agent: selenium/4.8.1 (java windows)
Cache-Control: no-cache
Content-Type: application/json; charset=utf-8
host: localhost:40019
accept: */*

Response DefaultHttpResponse(decodeResult: success, version: HTTP/1.1)
HTTP/1.1 200 OK
Content-Length: 54
Content-Type: application/json; charset=utf-8
cache-control: no-cache

16:10:31.611 [AsyncHttpClient-1-2] DEBUG org.asynchttpclient.netty.channel.ChannelManager - Adding key: http://localhost:40019 for channel [id: 0x57148b9f, L:/127.0.0.1:50856 - R:localhost/127.0.0.1:40019]
16:10:31.621 [Forwarding getPageSource on session 7e3c83dc98735e5d62c4fa74f052f481 to remote] DEBUG org.asynchttpclient.netty.request.NettyRequestSender - Using pooled Channel '[id: 0x57148b9f, L:/127.0.0.1:50856 - R:localhost/127.0.0.1:40019]' for 'POST' to 'http://localhost:40019/session/7e3c83dc98735e5d62c4fa74f052f481/execute/sync'
16:10:31.621 [Forwarding getPageSource on session 7e3c83dc98735e5d62c4fa74f052f481 to remote] DEBUG org.asynchttpclient.netty.request.NettyRequestSender - Using open Channel [id: 0x57148b9f, L:/127.0.0.1:50856 - R:localhost/127.0.0.1:40019] for POST '/session/7e3c83dc98735e5d62c4fa74f052f481/execute/sync'
16:10:31.626 [AsyncHttpClient-1-2] DEBUG org.asynchttpclient.netty.handler.HttpHandler - 

Request DefaultHttpRequest(decodeResult: success, version: HTTP/1.1)
POST /session/7e3c83dc98735e5d62c4fa74f052f481/execute/sync HTTP/1.1
User-Agent: selenium/4.8.1 (java windows)
Content-Length: 176
Content-Type: application/json; charset=utf-8
host: localhost:40019
accept: */*

Response DefaultHttpResponse(decodeResult: success, version: HTTP/1.1)
HTTP/1.1 200 OK
Content-Length: 22314
Content-Type: application/json; charset=utf-8
cache-control: no-cache

16:10:31.627 [AsyncHttpClient-1-2] DEBUG org.asynchttpclient.netty.channel.ChannelManager - Adding key: http://localhost:40019 for channel [id: 0x57148b9f, L:/127.0.0.1:50856 - R:localhost/127.0.0.1:40019]
16:10:31.631 [Forwarding getCurrentUrl on session 7e3c83dc98735e5d62c4fa74f052f481 to remote] DEBUG org.asynchttpclient.netty.request.NettyRequestSender - Using pooled Channel '[id: 0x57148b9f, L:/127.0.0.1:50856 - R:localhost/127.0.0.1:40019]' for 'GET' to 'http://localhost:40019/session/7e3c83dc98735e5d62c4fa74f052f481/url'
16:10:31.632 [Forwarding getCurrentUrl on session 7e3c83dc98735e5d62c4fa74f052f481 to remote] DEBUG org.asynchttpclient.netty.request.NettyRequestSender - Using open Channel [id: 0x57148b9f, L:/127.0.0.1:50856 - R:localhost/127.0.0.1:40019] for GET '/session/7e3c83dc98735e5d62c4fa74f052f481/url'
16:10:31.636 [AsyncHttpClient-1-2] DEBUG org.asynchttpclient.netty.handler.HttpHandler - 

Request DefaultFullHttpRequest(decodeResult: success, version: HTTP/1.1, content: EmptyByteBufBE)
GET /session/7e3c83dc98735e5d62c4fa74f052f481/url HTTP/1.1
User-Agent: selenium/4.8.1 (java windows)
Cache-Control: no-cache
Content-Type: application/json; charset=utf-8
host: localhost:40019
accept: */*

Response DefaultHttpResponse(decodeResult: success, version: HTTP/1.1)
HTTP/1.1 200 OK
Content-Length: 54
Content-Type: application/json; charset=utf-8
cache-control: no-cache

16:10:31.636 [AsyncHttpClient-1-2] DEBUG org.asynchttpclient.netty.channel.ChannelManager - Adding key: http://localhost:40019 for channel [id: 0x57148b9f, L:/127.0.0.1:50856 - R:localhost/127.0.0.1:40019]
16:10:31.639 [main] DEBUG net.thucydides.core.steps.StepInterceptor - STARTING STEP: RegisterSteps.inputFullnameReg - inputFullnameReg
16:10:31.643 [Forwarding findElement on session 7e3c83dc98735e5d62c4fa74f052f481 to remote] DEBUG org.asynchttpclient.netty.request.NettyRequestSender - Using pooled Channel '[id: 0x57148b9f, L:/127.0.0.1:50856 - R:localhost/127.0.0.1:40019]' for 'POST' to 'http://localhost:40019/session/7e3c83dc98735e5d62c4fa74f052f481/element'
16:10:31.643 [Forwarding findElement on session 7e3c83dc98735e5d62c4fa74f052f481 to remote] DEBUG org.asynchttpclient.netty.request.NettyRequestSender - Using open Channel [id: 0x57148b9f, L:/127.0.0.1:50856 - R:localhost/127.0.0.1:40019] for POST '/session/7e3c83dc98735e5d62c4fa74f052f481/element'
16:10:31.651 [AsyncHttpClient-1-2] DEBUG org.asynchttpclient.netty.handler.HttpHandler - 

Request DefaultHttpRequest(decodeResult: success, version: HTTP/1.1)
POST /session/7e3c83dc98735e5d62c4fa74f052f481/element HTTP/1.1
User-Agent: selenium/4.8.1 (java windows)
Content-Length: 55
Content-Type: application/json; charset=utf-8
host: localhost:40019
accept: */*

Response DefaultHttpResponse(decodeResult: success, version: HTTP/1.1)
HTTP/1.1 200 OK
Content-Length: 88
Content-Type: application/json; charset=utf-8
cache-control: no-cache

16:10:31.651 [AsyncHttpClient-1-2] DEBUG org.asynchttpclient.netty.channel.ChannelManager - Adding key: http://localhost:40019 for channel [id: 0x57148b9f, L:/127.0.0.1:50856 - R:localhost/127.0.0.1:40019]
16:10:31.653 [Forwarding clearElement on session 7e3c83dc98735e5d62c4fa74f052f481 to remote] DEBUG org.asynchttpclient.netty.request.NettyRequestSender - Using pooled Channel '[id: 0x57148b9f, L:/127.0.0.1:50856 - R:localhost/127.0.0.1:40019]' for 'POST' to 'http://localhost:40019/session/7e3c83dc98735e5d62c4fa74f052f481/element/918dc1fe-041d-407d-b8ac-6ec0dc12ab36/clear'
16:10:31.653 [Forwarding clearElement on session 7e3c83dc98735e5d62c4fa74f052f481 to remote] DEBUG org.asynchttpclient.netty.request.NettyRequestSender - Using open Channel [id: 0x57148b9f, L:/127.0.0.1:50856 - R:localhost/127.0.0.1:40019] for POST '/session/7e3c83dc98735e5d62c4fa74f052f481/element/918dc1fe-041d-407d-b8ac-6ec0dc12ab36/clear'
16:10:31.678 [AsyncHttpClient-1-2] DEBUG org.asynchttpclient.netty.handler.HttpHandler - 

Request DefaultHttpRequest(decodeResult: success, version: HTTP/1.1)
POST /session/7e3c83dc98735e5d62c4fa74f052f481/element/918dc1fe-041d-407d-b8ac-6ec0dc12ab36/clear HTTP/1.1
User-Agent: selenium/4.8.1 (java windows)
Content-Length: 50
Content-Type: application/json; charset=utf-8
host: localhost:40019
accept: */*

Response DefaultHttpResponse(decodeResult: success, version: HTTP/1.1)
HTTP/1.1 200 OK
Content-Length: 14
Content-Type: application/json; charset=utf-8
cache-control: no-cache

16:10:31.678 [AsyncHttpClient-1-2] DEBUG org.asynchttpclient.netty.channel.ChannelManager - Adding key: http://localhost:40019 for channel [id: 0x57148b9f, L:/127.0.0.1:50856 - R:localhost/127.0.0.1:40019]
16:10:31.684 [Forwarding sendKeysToElement on session 7e3c83dc98735e5d62c4fa74f052f481 to remote] DEBUG org.asynchttpclient.netty.request.NettyRequestSender - Using pooled Channel '[id: 0x57148b9f, L:/127.0.0.1:50856 - R:localhost/127.0.0.1:40019]' for 'POST' to 'http://localhost:40019/session/7e3c83dc98735e5d62c4fa74f052f481/element/918dc1fe-041d-407d-b8ac-6ec0dc12ab36/value'
16:10:31.684 [Forwarding sendKeysToElement on session 7e3c83dc98735e5d62c4fa74f052f481 to remote] DEBUG org.asynchttpclient.netty.request.NettyRequestSender - Using open Channel [id: 0x57148b9f, L:/127.0.0.1:50856 - R:localhost/127.0.0.1:40019] for POST '/session/7e3c83dc98735e5d62c4fa74f052f481/element/918dc1fe-041d-407d-b8ac-6ec0dc12ab36/value'
16:10:31.726 [AsyncHttpClient-1-2] DEBUG org.asynchttpclient.netty.handler.HttpHandler - 

Request DefaultHttpRequest(decodeResult: success, version: HTTP/1.1)
POST /session/7e3c83dc98735e5d62c4fa74f052f481/element/918dc1fe-041d-407d-b8ac-6ec0dc12ab36/value HTTP/1.1
User-Agent: selenium/4.8.1 (java windows)
Content-Length: 101
Content-Type: application/json; charset=utf-8
host: localhost:40019
accept: */*

Response DefaultHttpResponse(decodeResult: success, version: HTTP/1.1)
HTTP/1.1 200 OK
Content-Length: 14
Content-Type: application/json; charset=utf-8
cache-control: no-cache

16:10:31.726 [AsyncHttpClient-1-2] DEBUG org.asynchttpclient.netty.channel.ChannelManager - Adding key: http://localhost:40019 for channel [id: 0x57148b9f, L:/127.0.0.1:50856 - R:localhost/127.0.0.1:40019]
16:10:31.733 [Forwarding getAlertText on session 7e3c83dc98735e5d62c4fa74f052f481 to remote] DEBUG org.asynchttpclient.netty.request.NettyRequestSender - Using pooled Channel '[id: 0x57148b9f, L:/127.0.0.1:50856 - R:localhost/127.0.0.1:40019]' for 'GET' to 'http://localhost:40019/session/7e3c83dc98735e5d62c4fa74f052f481/alert/text'
16:10:31.733 [Forwarding getAlertText on session 7e3c83dc98735e5d62c4fa74f052f481 to remote] DEBUG org.asynchttpclient.netty.request.NettyRequestSender - Using open Channel [id: 0x57148b9f, L:/127.0.0.1:50856 - R:localhost/127.0.0.1:40019] for GET '/session/7e3c83dc98735e5d62c4fa74f052f481/alert/text'
16:10:31.734 [AsyncHttpClient-1-2] DEBUG org.asynchttpclient.netty.handler.HttpHandler - 

Request DefaultFullHttpRequest(decodeResult: success, version: HTTP/1.1, content: EmptyByteBufBE)
GET /session/7e3c83dc98735e5d62c4fa74f052f481/alert/text HTTP/1.1
User-Agent: selenium/4.8.1 (java windows)
Cache-Control: no-cache
Content-Type: application/json; charset=utf-8
host: localhost:40019
accept: */*

Response DefaultHttpResponse(decodeResult: success, version: HTTP/1.1)
HTTP/1.1 404 Not Found
Content-Length: 836
Content-Type: application/json; charset=utf-8
cache-control: no-cache

16:10:31.735 [AsyncHttpClient-1-2] DEBUG org.asynchttpclient.netty.channel.ChannelManager - Adding key: http://localhost:40019 for channel [id: 0x57148b9f, L:/127.0.0.1:50856 - R:localhost/127.0.0.1:40019]
16:10:31.736 [Forwarding getCurrentUrl on session 7e3c83dc98735e5d62c4fa74f052f481 to remote] DEBUG org.asynchttpclient.netty.request.NettyRequestSender - Using pooled Channel '[id: 0x57148b9f, L:/127.0.0.1:50856 - R:localhost/127.0.0.1:40019]' for 'GET' to 'http://localhost:40019/session/7e3c83dc98735e5d62c4fa74f052f481/url'
16:10:31.737 [Forwarding getCurrentUrl on session 7e3c83dc98735e5d62c4fa74f052f481 to remote] DEBUG org.asynchttpclient.netty.request.NettyRequestSender - Using open Channel [id: 0x57148b9f, L:/127.0.0.1:50856 - R:localhost/127.0.0.1:40019] for GET '/session/7e3c83dc98735e5d62c4fa74f052f481/url'
16:10:31.739 [AsyncHttpClient-1-2] DEBUG org.asynchttpclient.netty.handler.HttpHandler - 

Request DefaultFullHttpRequest(decodeResult: success, version: HTTP/1.1, content: EmptyByteBufBE)
GET /session/7e3c83dc98735e5d62c4fa74f052f481/url HTTP/1.1
User-Agent: selenium/4.8.1 (java windows)
Cache-Control: no-cache
Content-Type: application/json; charset=utf-8
host: localhost:40019
accept: */*

Response DefaultHttpResponse(decodeResult: success, version: HTTP/1.1)
HTTP/1.1 200 OK
Content-Length: 54
Content-Type: application/json; charset=utf-8
cache-control: no-cache

16:10:31.739 [AsyncHttpClient-1-2] DEBUG org.asynchttpclient.netty.channel.ChannelManager - Adding key: http://localhost:40019 for channel [id: 0x57148b9f, L:/127.0.0.1:50856 - R:localhost/127.0.0.1:40019]
16:10:31.740 [Forwarding screenshot on session 7e3c83dc98735e5d62c4fa74f052f481 to remote] DEBUG org.asynchttpclient.netty.request.NettyRequestSender - Using pooled Channel '[id: 0x57148b9f, L:/127.0.0.1:50856 - R:localhost/127.0.0.1:40019]' for 'GET' to 'http://localhost:40019/session/7e3c83dc98735e5d62c4fa74f052f481/screenshot'
16:10:31.740 [Forwarding screenshot on session 7e3c83dc98735e5d62c4fa74f052f481 to remote] DEBUG org.asynchttpclient.netty.request.NettyRequestSender - Using open Channel [id: 0x57148b9f, L:/127.0.0.1:50856 - R:localhost/127.0.0.1:40019] for GET '/session/7e3c83dc98735e5d62c4fa74f052f481/screenshot'
16:10:31.864 [AsyncHttpClient-1-2] DEBUG org.asynchttpclient.netty.handler.HttpHandler - 

Request DefaultFullHttpRequest(decodeResult: success, version: HTTP/1.1, content: EmptyByteBufBE)
GET /session/7e3c83dc98735e5d62c4fa74f052f481/screenshot HTTP/1.1
User-Agent: selenium/4.8.1 (java windows)
Cache-Control: no-cache
Content-Type: application/json; charset=utf-8
host: localhost:40019
accept: */*

Response DefaultHttpResponse(decodeResult: success, version: HTTP/1.1)
HTTP/1.1 200 OK
Content-Length: 30256
Content-Type: application/json; charset=utf-8
cache-control: no-cache

16:10:31.865 [AsyncHttpClient-1-2] DEBUG org.asynchttpclient.netty.channel.ChannelManager - Adding key: http://localhost:40019 for channel [id: 0x57148b9f, L:/127.0.0.1:50856 - R:localhost/127.0.0.1:40019]
16:10:31.868 [main] DEBUG net.serenitybdd.core.photography.Darkroom - Send negative for processing for target\site\serenity\749d6d74c91eea15f84b7c46550adf628c196021b323933d23b6bd1ee31c8710.png
16:10:31.868 [main] DEBUG net.thucydides.core.steps.StepInterceptor - STEP DONE: inputFullnameReg
16:10:31.868 [Darkroom Processing Line] DEBUG net.serenitybdd.core.photography.DarkroomProcessingLine - Processing screenshot image in /var/screenshots/screenshot-16252322294154335248
16:10:31.868 [Darkroom Processing Line] DEBUG net.serenitybdd.core.photography.DarkroomProcessingLine - Saving screenshot to target\site\serenity\749d6d74c91eea15f84b7c46550adf628c196021b323933d23b6bd1ee31c8710.png
  &amp#27;[32mAnd &amp#27;[0m&amp#27;[32mI input correct fullname for register&amp#27;[0m &amp#27;[90m# starter.stepdefinitions.RegisterSteps.inputFullnameReg()&amp#27;[0m
16:10:31.876 [Forwarding getPageSource on session 7e3c83dc98735e5d62c4fa74f052f481 to remote] DEBUG org.asynchttpclient.netty.request.NettyRequestSender - Using pooled Channel '[id: 0x57148b9f, L:/127.0.0.1:50856 - R:localhost/127.0.0.1:40019]' for 'POST' to 'http://localhost:40019/session/7e3c83dc98735e5d62c4fa74f052f481/execute/sync'
16:10:31.876 [Forwarding getPageSource on session 7e3c83dc98735e5d62c4fa74f052f481 to remote] DEBUG org.asynchttpclient.netty.request.NettyRequestSender - Using open Channel [id: 0x57148b9f, L:/127.0.0.1:50856 - R:localhost/127.0.0.1:40019] for POST '/session/7e3c83dc98735e5d62c4fa74f052f481/execute/sync'
16:10:31.879 [AsyncHttpClient-1-2] DEBUG org.asynchttpclient.netty.handler.HttpHandler - 

Request DefaultHttpRequest(decodeResult: success, version: HTTP/1.1)
POST /session/7e3c83dc98735e5d62c4fa74f052f481/execute/sync HTTP/1.1
User-Agent: selenium/4.8.1 (java windows)
Content-Length: 176
Content-Type: application/json; charset=utf-8
host: localhost:40019
accept: */*

Response DefaultHttpResponse(decodeResult: success, version: HTTP/1.1)
HTTP/1.1 200 OK
Content-Length: 22435
Content-Type: application/json; charset=utf-8
cache-control: no-cache

16:10:31.880 [AsyncHttpClient-1-2] DEBUG org.asynchttpclient.netty.channel.ChannelManager - Adding key: http://localhost:40019 for channel [id: 0x57148b9f, L:/127.0.0.1:50856 - R:localhost/127.0.0.1:40019]
16:10:31.883 [Forwarding getCurrentUrl on session 7e3c83dc98735e5d62c4fa74f052f481 to remote] DEBUG org.asynchttpclient.netty.request.NettyRequestSender - Using pooled Channel '[id: 0x57148b9f, L:/127.0.0.1:50856 - R:localhost/127.0.0.1:40019]' for 'GET' to 'http://localhost:40019/session/7e3c83dc98735e5d62c4fa74f052f481/url'
16:10:31.883 [Forwarding getCurrentUrl on session 7e3c83dc98735e5d62c4fa74f052f481 to remote] DEBUG org.asynchttpclient.netty.request.NettyRequestSender - Using open Channel [id: 0x57148b9f, L:/127.0.0.1:50856 - R:localhost/127.0.0.1:40019] for GET '/session/7e3c83dc98735e5d62c4fa74f052f481/url'
16:10:31.885 [AsyncHttpClient-1-2] DEBUG org.asynchttpclient.netty.handler.HttpHandler - 

Request DefaultFullHttpRequest(decodeResult: success, version: HTTP/1.1, content: EmptyByteBufBE)
GET /session/7e3c83dc98735e5d62c4fa74f052f481/url HTTP/1.1
User-Agent: selenium/4.8.1 (java windows)
Cache-Control: no-cache
Content-Type: application/json; charset=utf-8
host: localhost:40019
accept: */*

Response DefaultHttpResponse(decodeResult: success, version: HTTP/1.1)
HTTP/1.1 200 OK
Content-Length: 54
Content-Type: application/json; charset=utf-8
cache-control: no-cache

16:10:31.886 [AsyncHttpClient-1-2] DEBUG org.asynchttpclient.netty.channel.ChannelManager - Adding key: http://localhost:40019 for channel [id: 0x57148b9f, L:/127.0.0.1:50856 - R:localhost/127.0.0.1:40019]
16:10:31.898 [Forwarding getPageSource on session 7e3c83dc98735e5d62c4fa74f052f481 to remote] DEBUG org.asynchttpclient.netty.request.NettyRequestSender - Using pooled Channel '[id: 0x57148b9f, L:/127.0.0.1:50856 - R:localhost/127.0.0.1:40019]' for 'POST' to 'http://localhost:40019/session/7e3c83dc98735e5d62c4fa74f052f481/execute/sync'
16:10:31.898 [Forwarding getPageSource on session 7e3c83dc98735e5d62c4fa74f052f481 to remote] DEBUG org.asynchttpclient.netty.request.NettyRequestSender - Using open Channel [id: 0x57148b9f, L:/127.0.0.1:50856 - R:localhost/127.0.0.1:40019] for POST '/session/7e3c83dc98735e5d62c4fa74f052f481/execute/sync'
16:10:31.901 [AsyncHttpClient-1-2] DEBUG org.asynchttpclient.netty.handler.HttpHandler - 

Request DefaultHttpRequest(decodeResult: success, version: HTTP/1.1)
POST /session/7e3c83dc98735e5d62c4fa74f052f481/execute/sync HTTP/1.1
User-Agent: selenium/4.8.1 (java windows)
Content-Length: 176
Content-Type: application/json; charset=utf-8
host: localhost:40019
accept: */*

Response DefaultHttpResponse(decodeResult: success, version: HTTP/1.1)
HTTP/1.1 200 OK
Content-Length: 22435
Content-Type: application/json; charset=utf-8
cache-control: no-cache

16:10:31.902 [AsyncHttpClient-1-2] DEBUG org.asynchttpclient.netty.channel.ChannelManager - Adding key: http://localhost:40019 for channel [id: 0x57148b9f, L:/127.0.0.1:50856 - R:localhost/127.0.0.1:40019]
16:10:31.905 [Forwarding getCurrentUrl on session 7e3c83dc98735e5d62c4fa74f052f481 to remote] DEBUG org.asynchttpclient.netty.request.NettyRequestSender - Using pooled Channel '[id: 0x57148b9f, L:/127.0.0.1:50856 - R:localhost/127.0.0.1:40019]' for 'GET' to 'http://localhost:40019/session/7e3c83dc98735e5d62c4fa74f052f481/url'
16:10:31.905 [Forwarding getCurrentUrl on session 7e3c83dc98735e5d62c4fa74f052f481 to remote] DEBUG org.asynchttpclient.netty.request.NettyRequestSender - Using open Channel [id: 0x57148b9f, L:/127.0.0.1:50856 - R:localhost/127.0.0.1:40019] for GET '/session/7e3c83dc98735e5d62c4fa74f052f481/url'
16:10:31.908 [AsyncHttpClient-1-2] DEBUG org.asynchttpclient.netty.handler.HttpHandler - 

Request DefaultFullHttpRequest(decodeResult: success, version: HTTP/1.1, content: EmptyByteBufBE)
GET /session/7e3c83dc98735e5d62c4fa74f052f481/url HTTP/1.1
User-Agent: selenium/4.8.1 (java windows)
Cache-Control: no-cache
Content-Type: application/json; charset=utf-8
host: localhost:40019
accept: */*

Response DefaultHttpResponse(decodeResult: success, version: HTTP/1.1)
HTTP/1.1 200 OK
Content-Length: 54
Content-Type: application/json; charset=utf-8
cache-control: no-cache

16:10:31.909 [AsyncHttpClient-1-2] DEBUG org.asynchttpclient.netty.channel.ChannelManager - Adding key: http://localhost:40019 for channel [id: 0x57148b9f, L:/127.0.0.1:50856 - R:localhost/127.0.0.1:40019]
16:10:31.911 [main] DEBUG net.thucydides.core.steps.StepInterceptor - STARTING STEP: RegisterSteps.inputEmailReg - inputEmailReg
16:10:31.914 [Forwarding findElement on session 7e3c83dc98735e5d62c4fa74f052f481 to remote] DEBUG org.asynchttpclient.netty.request.NettyRequestSender - Using pooled Channel '[id: 0x57148b9f, L:/127.0.0.1:50856 - R:localhost/127.0.0.1:40019]' for 'POST' to 'http://localhost:40019/session/7e3c83dc98735e5d62c4fa74f052f481/element'
16:10:31.914 [Forwarding findElement on session 7e3c83dc98735e5d62c4fa74f052f481 to remote] DEBUG org.asynchttpclient.netty.request.NettyRequestSender - Using open Channel [id: 0x57148b9f, L:/127.0.0.1:50856 - R:localhost/127.0.0.1:40019] for POST '/session/7e3c83dc98735e5d62c4fa74f052f481/element'
16:10:31.922 [AsyncHttpClient-1-2] DEBUG org.asynchttpclient.netty.handler.HttpHandler - 

Request DefaultHttpRequest(decodeResult: success, version: HTTP/1.1)
POST /session/7e3c83dc98735e5d62c4fa74f052f481/element HTTP/1.1
User-Agent: selenium/4.8.1 (java windows)
Content-Length: 55
Content-Type: application/json; charset=utf-8
host: localhost:40019
accept: */*

Response DefaultHttpResponse(decodeResult: success, version: HTTP/1.1)
HTTP/1.1 200 OK
Content-Length: 88
Content-Type: application/json; charset=utf-8
cache-control: no-cache

16:10:31.922 [AsyncHttpClient-1-2] DEBUG org.asynchttpclient.netty.channel.ChannelManager - Adding key: http://localhost:40019 for channel [id: 0x57148b9f, L:/127.0.0.1:50856 - R:localhost/127.0.0.1:40019]
16:10:31.924 [Forwarding clearElement on session 7e3c83dc98735e5d62c4fa74f052f481 to remote] DEBUG org.asynchttpclient.netty.request.NettyRequestSender - Using pooled Channel '[id: 0x57148b9f, L:/127.0.0.1:50856 - R:localhost/127.0.0.1:40019]' for 'POST' to 'http://localhost:40019/session/7e3c83dc98735e5d62c4fa74f052f481/element/9965a914-87c8-4d5b-b923-65906f89e8e3/clear'
16:10:31.924 [Forwarding clearElement on session 7e3c83dc98735e5d62c4fa74f052f481 to remote] DEBUG org.asynchttpclient.netty.request.NettyRequestSender - Using open Channel [id: 0x57148b9f, L:/127.0.0.1:50856 - R:localhost/127.0.0.1:40019] for POST '/session/7e3c83dc98735e5d62c4fa74f052f481/element/9965a914-87c8-4d5b-b923-65906f89e8e3/clear'
16:10:32.010 [AsyncHttpClient-1-2] DEBUG org.asynchttpclient.netty.handler.HttpHandler - 

Request DefaultHttpRequest(decodeResult: success, version: HTTP/1.1)
POST /session/7e3c83dc98735e5d62c4fa74f052f481/element/9965a914-87c8-4d5b-b923-65906f89e8e3/clear HTTP/1.1
User-Agent: selenium/4.8.1 (java windows)
Content-Length: 50
Content-Type: application/json; charset=utf-8
host: localhost:40019
accept: */*

Response DefaultHttpResponse(decodeResult: success, version: HTTP/1.1)
HTTP/1.1 200 OK
Content-Length: 14
Content-Type: application/json; charset=utf-8
cache-control: no-cache

16:10:32.011 [AsyncHttpClient-1-2] DEBUG org.asynchttpclient.netty.channel.ChannelManager - Adding key: http://localhost:40019 for channel [id: 0x57148b9f, L:/127.0.0.1:50856 - R:localhost/127.0.0.1:40019]
16:10:32.017 [Forwarding sendKeysToElement on session 7e3c83dc98735e5d62c4fa74f052f481 to remote] DEBUG org.asynchttpclient.netty.request.NettyRequestSender - Using pooled Channel '[id: 0x57148b9f, L:/127.0.0.1:50856 - R:localhost/127.0.0.1:40019]' for 'POST' to 'http://localhost:40019/session/7e3c83dc98735e5d62c4fa74f052f481/element/9965a914-87c8-4d5b-b923-65906f89e8e3/value'
16:10:32.017 [Forwarding sendKeysToElement on session 7e3c83dc98735e5d62c4fa74f052f481 to remote] DEBUG org.asynchttpclient.netty.request.NettyRequestSender - Using open Channel [id: 0x57148b9f, L:/127.0.0.1:50856 - R:localhost/127.0.0.1:40019] for POST '/session/7e3c83dc98735e5d62c4fa74f052f481/element/9965a914-87c8-4d5b-b923-65906f89e8e3/value'
16:10:32.215 [AsyncHttpClient-1-2] DEBUG org.asynchttpclient.netty.handler.HttpHandler - 

Request DefaultHttpRequest(decodeResult: success, version: HTTP/1.1)
POST /session/7e3c83dc98735e5d62c4fa74f052f481/element/9965a914-87c8-4d5b-b923-65906f89e8e3/value HTTP/1.1
User-Agent: selenium/4.8.1 (java windows)
Content-Length: 331
Content-Type: application/json; charset=utf-8
host: localhost:40019
accept: */*

Response DefaultHttpResponse(decodeResult: success, version: HTTP/1.1)
HTTP/1.1 200 OK
Content-Length: 14
Content-Type: application/json; charset=utf-8
cache-control: no-cache

16:10:32.215 [AsyncHttpClient-1-2] DEBUG org.asynchttpclient.netty.channel.ChannelManager - Adding key: http://localhost:40019 for channel [id: 0x57148b9f, L:/127.0.0.1:50856 - R:localhost/127.0.0.1:40019]
16:10:32.223 [Forwarding getAlertText on session 7e3c83dc98735e5d62c4fa74f052f481 to remote] DEBUG org.asynchttpclient.netty.request.NettyRequestSender - Using pooled Channel '[id: 0x57148b9f, L:/127.0.0.1:50856 - R:localhost/127.0.0.1:40019]' for 'GET' to 'http://localhost:40019/session/7e3c83dc98735e5d62c4fa74f052f481/alert/text'
16:10:32.223 [Forwarding getAlertText on session 7e3c83dc98735e5d62c4fa74f052f481 to remote] DEBUG org.asynchttpclient.netty.request.NettyRequestSender - Using open Channel [id: 0x57148b9f, L:/127.0.0.1:50856 - R:localhost/127.0.0.1:40019] for GET '/session/7e3c83dc98735e5d62c4fa74f052f481/alert/text'
16:10:32.224 [AsyncHttpClient-1-2] DEBUG org.asynchttpclient.netty.handler.HttpHandler - 

Request DefaultFullHttpRequest(decodeResult: success, version: HTTP/1.1, content: EmptyByteBufBE)
GET /session/7e3c83dc98735e5d62c4fa74f052f481/alert/text HTTP/1.1
User-Agent: selenium/4.8.1 (java windows)
Cache-Control: no-cache
Content-Type: application/json; charset=utf-8
host: localhost:40019
accept: */*

Response DefaultHttpResponse(decodeResult: success, version: HTTP/1.1)
HTTP/1.1 404 Not Found
Content-Length: 836
Content-Type: application/json; charset=utf-8
cache-control: no-cache

16:10:32.225 [AsyncHttpClient-1-2] DEBUG org.asynchttpclient.netty.channel.ChannelManager - Adding key: http://localhost:40019 for channel [id: 0x57148b9f, L:/127.0.0.1:50856 - R:localhost/127.0.0.1:40019]
16:10:32.226 [Forwarding getCurrentUrl on session 7e3c83dc98735e5d62c4fa74f052f481 to remote] DEBUG org.asynchttpclient.netty.request.NettyRequestSender - Using pooled Channel '[id: 0x57148b9f, L:/127.0.0.1:50856 - R:localhost/127.0.0.1:40019]' for 'GET' to 'http://localhost:40019/session/7e3c83dc98735e5d62c4fa74f052f481/url'
16:10:32.226 [Forwarding getCurrentUrl on session 7e3c83dc98735e5d62c4fa74f052f481 to remote] DEBUG org.asynchttpclient.netty.request.NettyRequestSender - Using open Channel [id: 0x57148b9f, L:/127.0.0.1:50856 - R:localhost/127.0.0.1:40019] for GET '/session/7e3c83dc98735e5d62c4fa74f052f481/url'
16:10:32.231 [AsyncHttpClient-1-2] DEBUG org.asynchttpclient.netty.handler.HttpHandler - 

Request DefaultFullHttpRequest(decodeResult: success, version: HTTP/1.1, content: EmptyByteBufBE)
GET /session/7e3c83dc98735e5d62c4fa74f052f481/url HTTP/1.1
User-Agent: selenium/4.8.1 (java windows)
Cache-Control: no-cache
Content-Type: application/json; charset=utf-8
host: localhost:40019
accept: */*

Response DefaultHttpResponse(decodeResult: success, version: HTTP/1.1)
HTTP/1.1 200 OK
Content-Length: 54
Content-Type: application/json; charset=utf-8
cache-control: no-cache

16:10:32.232 [AsyncHttpClient-1-2] DEBUG org.asynchttpclient.netty.channel.ChannelManager - Adding key: http://localhost:40019 for channel [id: 0x57148b9f, L:/127.0.0.1:50856 - R:localhost/127.0.0.1:40019]
16:10:32.233 [Forwarding screenshot on session 7e3c83dc98735e5d62c4fa74f052f481 to remote] DEBUG org.asynchttpclient.netty.request.NettyRequestSender - Using pooled Channel '[id: 0x57148b9f, L:/127.0.0.1:50856 - R:localhost/127.0.0.1:40019]' for 'GET' to 'http://localhost:40019/session/7e3c83dc98735e5d62c4fa74f052f481/screenshot'
16:10:32.233 [Forwarding screenshot on session 7e3c83dc98735e5d62c4fa74f052f481 to remote] DEBUG org.asynchttpclient.netty.request.NettyRequestSender - Using open Channel [id: 0x57148b9f, L:/127.0.0.1:50856 - R:localhost/127.0.0.1:40019] for GET '/session/7e3c83dc98735e5d62c4fa74f052f481/screenshot'
16:10:32.321 [AsyncHttpClient-1-2] DEBUG org.asynchttpclient.netty.handler.HttpHandler - 

Request DefaultFullHttpRequest(decodeResult: success, version: HTTP/1.1, content: EmptyByteBufBE)
GET /session/7e3c83dc98735e5d62c4fa74f052f481/screenshot HTTP/1.1
User-Agent: selenium/4.8.1 (java windows)
Cache-Control: no-cache
Content-Type: application/json; charset=utf-8
host: localhost:40019
accept: */*

Response DefaultHttpResponse(decodeResult: success, version: HTTP/1.1)
HTTP/1.1 200 OK
Content-Length: 36192
Content-Type: application/json; charset=utf-8
cache-control: no-cache

16:10:32.321 [AsyncHttpClient-1-2] DEBUG org.asynchttpclient.netty.channel.ChannelManager - Adding key: http://localhost:40019 for channel [id: 0x57148b9f, L:/127.0.0.1:50856 - R:localhost/127.0.0.1:40019]
16:10:32.324 [main] DEBUG net.serenitybdd.core.photography.Darkroom - Send negative for processing for target\site\serenity\212f03034bcec60c98e8561f387976bfda5465595f3144ff5b6845f6dc367f46.png
16:10:32.325 [main] DEBUG net.thucydides.core.steps.StepInterceptor - STEP DONE: inputEmailReg
16:10:32.325 [Darkroom Processing Line] DEBUG net.serenitybdd.core.photography.DarkroomProcessingLine - Processing screenshot image in /var/screenshots/screenshot-7072361664049301060
16:10:32.325 [Darkroom Processing Line] DEBUG net.serenitybdd.core.photography.DarkroomProcessingLine - Saving screenshot to target\site\serenity\212f03034bcec60c98e8561f387976bfda5465595f3144ff5b6845f6dc367f46.png
  &amp#27;[32mAnd &amp#27;[0m&amp#27;[32mI input correct email for register&amp#27;[0m    &amp#27;[90m# starter.stepdefinitions.RegisterSteps.inputEmailReg()&amp#27;[0m
16:10:32.336 [Forwarding getPageSource on session 7e3c83dc98735e5d62c4fa74f052f481 to remote] DEBUG org.asynchttpclient.netty.request.NettyRequestSender - Using pooled Channel '[id: 0x57148b9f, L:/127.0.0.1:50856 - R:localhost/127.0.0.1:40019]' for 'POST' to 'http://localhost:40019/session/7e3c83dc98735e5d62c4fa74f052f481/execute/sync'
16:10:32.336 [Forwarding getPageSource on session 7e3c83dc98735e5d62c4fa74f052f481 to remote] DEBUG org.asynchttpclient.netty.request.NettyRequestSender - Using open Channel [id: 0x57148b9f, L:/127.0.0.1:50856 - R:localhost/127.0.0.1:40019] for POST '/session/7e3c83dc98735e5d62c4fa74f052f481/execute/sync'
16:10:32.341 [AsyncHttpClient-1-2] DEBUG org.asynchttpclient.netty.handler.HttpHandler - 

Request DefaultHttpRequest(decodeResult: success, version: HTTP/1.1)
POST /session/7e3c83dc98735e5d62c4fa74f052f481/execute/sync HTTP/1.1
User-Agent: selenium/4.8.1 (java windows)
Content-Length: 176
Content-Type: application/json; charset=utf-8
host: localhost:40019
accept: */*

Response DefaultHttpResponse(decodeResult: success, version: HTTP/1.1)
HTTP/1.1 200 OK
Content-Length: 22494
Content-Type: application/json; charset=utf-8
cache-control: no-cache

16:10:32.342 [AsyncHttpClient-1-2] DEBUG org.asynchttpclient.netty.channel.ChannelManager - Adding key: http://localhost:40019 for channel [id: 0x57148b9f, L:/127.0.0.1:50856 - R:localhost/127.0.0.1:40019]
16:10:32.345 [Forwarding getCurrentUrl on session 7e3c83dc98735e5d62c4fa74f052f481 to remote] DEBUG org.asynchttpclient.netty.request.NettyRequestSender - Using pooled Channel '[id: 0x57148b9f, L:/127.0.0.1:50856 - R:localhost/127.0.0.1:40019]' for 'GET' to 'http://localhost:40019/session/7e3c83dc98735e5d62c4fa74f052f481/url'
16:10:32.345 [Forwarding getCurrentUrl on session 7e3c83dc98735e5d62c4fa74f052f481 to remote] DEBUG org.asynchttpclient.netty.request.NettyRequestSender - Using open Channel [id: 0x57148b9f, L:/127.0.0.1:50856 - R:localhost/127.0.0.1:40019] for GET '/session/7e3c83dc98735e5d62c4fa74f052f481/url'
16:10:32.349 [AsyncHttpClient-1-2] DEBUG org.asynchttpclient.netty.handler.HttpHandler - 

Request DefaultFullHttpRequest(decodeResult: success, version: HTTP/1.1, content: EmptyByteBufBE)
GET /session/7e3c83dc98735e5d62c4fa74f052f481/url HTTP/1.1
User-Agent: selenium/4.8.1 (java windows)
Cache-Control: no-cache
Content-Type: application/json; charset=utf-8
host: localhost:40019
accept: */*

Response DefaultHttpResponse(decodeResult: success, version: HTTP/1.1)
HTTP/1.1 200 OK
Content-Length: 54
Content-Type: application/json; charset=utf-8
cache-control: no-cache

16:10:32.349 [AsyncHttpClient-1-2] DEBUG org.asynchttpclient.netty.channel.ChannelManager - Adding key: http://localhost:40019 for channel [id: 0x57148b9f, L:/127.0.0.1:50856 - R:localhost/127.0.0.1:40019]
16:10:32.361 [Forwarding getPageSource on session 7e3c83dc98735e5d62c4fa74f052f481 to remote] DEBUG org.asynchttpclient.netty.request.NettyRequestSender - Using pooled Channel '[id: 0x57148b9f, L:/127.0.0.1:50856 - R:localhost/127.0.0.1:40019]' for 'POST' to 'http://localhost:40019/session/7e3c83dc98735e5d62c4fa74f052f481/execute/sync'
16:10:32.361 [Forwarding getPageSource on session 7e3c83dc98735e5d62c4fa74f052f481 to remote] DEBUG org.asynchttpclient.netty.request.NettyRequestSender - Using open Channel [id: 0x57148b9f, L:/127.0.0.1:50856 - R:localhost/127.0.0.1:40019] for POST '/session/7e3c83dc98735e5d62c4fa74f052f481/execute/sync'
16:10:32.369 [AsyncHttpClient-1-2] DEBUG org.asynchttpclient.netty.handler.HttpHandler - 

Request DefaultHttpRequest(decodeResult: success, version: HTTP/1.1)
POST /session/7e3c83dc98735e5d62c4fa74f052f481/execute/sync HTTP/1.1
User-Agent: selenium/4.8.1 (java windows)
Content-Length: 176
Content-Type: application/json; charset=utf-8
host: localhost:40019
accept: */*

Response DefaultHttpResponse(decodeResult: success, version: HTTP/1.1)
HTTP/1.1 200 OK
Content-Length: 22494
Content-Type: application/json; charset=utf-8
cache-control: no-cache

16:10:32.369 [AsyncHttpClient-1-2] DEBUG org.asynchttpclient.netty.channel.ChannelManager - Adding key: http://localhost:40019 for channel [id: 0x57148b9f, L:/127.0.0.1:50856 - R:localhost/127.0.0.1:40019]
16:10:32.372 [Forwarding getCurrentUrl on session 7e3c83dc98735e5d62c4fa74f052f481 to remote] DEBUG org.asynchttpclient.netty.request.NettyRequestSender - Using pooled Channel '[id: 0x57148b9f, L:/127.0.0.1:50856 - R:localhost/127.0.0.1:40019]' for 'GET' to 'http://localhost:40019/session/7e3c83dc98735e5d62c4fa74f052f481/url'
16:10:32.372 [Forwarding getCurrentUrl on session 7e3c83dc98735e5d62c4fa74f052f481 to remote] DEBUG org.asynchttpclient.netty.request.NettyRequestSender - Using open Channel [id: 0x57148b9f, L:/127.0.0.1:50856 - R:localhost/127.0.0.1:40019] for GET '/session/7e3c83dc98735e5d62c4fa74f052f481/url'
16:10:32.377 [AsyncHttpClient-1-2] DEBUG org.asynchttpclient.netty.handler.HttpHandler - 

Request DefaultFullHttpRequest(decodeResult: success, version: HTTP/1.1, content: EmptyByteBufBE)
GET /session/7e3c83dc98735e5d62c4fa74f052f481/url HTTP/1.1
User-Agent: selenium/4.8.1 (java windows)
Cache-Control: no-cache
Content-Type: application/json; charset=utf-8
host: localhost:40019
accept: */*

Response DefaultHttpResponse(decodeResult: success, version: HTTP/1.1)
HTTP/1.1 200 OK
Content-Length: 54
Content-Type: application/json; charset=utf-8
cache-control: no-cache

16:10:32.377 [AsyncHttpClient-1-2] DEBUG org.asynchttpclient.netty.channel.ChannelManager - Adding key: http://localhost:40019 for channel [id: 0x57148b9f, L:/127.0.0.1:50856 - R:localhost/127.0.0.1:40019]
16:10:32.379 [main] DEBUG net.thucydides.core.steps.StepInterceptor - STARTING STEP: RegisterSteps.inputPasswordReg - inputPasswordReg
16:10:32.383 [Forwarding findElement on session 7e3c83dc98735e5d62c4fa74f052f481 to remote] DEBUG org.asynchttpclient.netty.request.NettyRequestSender - Using pooled Channel '[id: 0x57148b9f, L:/127.0.0.1:50856 - R:localhost/127.0.0.1:40019]' for 'POST' to 'http://localhost:40019/session/7e3c83dc98735e5d62c4fa74f052f481/element'
16:10:32.384 [Forwarding findElement on session 7e3c83dc98735e5d62c4fa74f052f481 to remote] DEBUG org.asynchttpclient.netty.request.NettyRequestSender - Using open Channel [id: 0x57148b9f, L:/127.0.0.1:50856 - R:localhost/127.0.0.1:40019] for POST '/session/7e3c83dc98735e5d62c4fa74f052f481/element'
16:10:32.392 [AsyncHttpClient-1-2] DEBUG org.asynchttpclient.netty.handler.HttpHandler - 

Request DefaultHttpRequest(decodeResult: success, version: HTTP/1.1)
POST /session/7e3c83dc98735e5d62c4fa74f052f481/element HTTP/1.1
User-Agent: selenium/4.8.1 (java windows)
Content-Length: 55
Content-Type: application/json; charset=utf-8
host: localhost:40019
accept: */*

Response DefaultHttpResponse(decodeResult: success, version: HTTP/1.1)
HTTP/1.1 200 OK
Content-Length: 88
Content-Type: application/json; charset=utf-8
cache-control: no-cache

16:10:32.392 [AsyncHttpClient-1-2] DEBUG org.asynchttpclient.netty.channel.ChannelManager - Adding key: http://localhost:40019 for channel [id: 0x57148b9f, L:/127.0.0.1:50856 - R:localhost/127.0.0.1:40019]
16:10:32.393 [Forwarding clearElement on session 7e3c83dc98735e5d62c4fa74f052f481 to remote] DEBUG org.asynchttpclient.netty.request.NettyRequestSender - Using pooled Channel '[id: 0x57148b9f, L:/127.0.0.1:50856 - R:localhost/127.0.0.1:40019]' for 'POST' to 'http://localhost:40019/session/7e3c83dc98735e5d62c4fa74f052f481/element/564925e3-f8e9-4489-848e-945f4e11d936/clear'
16:10:32.393 [Forwarding clearElement on session 7e3c83dc98735e5d62c4fa74f052f481 to remote] DEBUG org.asynchttpclient.netty.request.NettyRequestSender - Using open Channel [id: 0x57148b9f, L:/127.0.0.1:50856 - R:localhost/127.0.0.1:40019] for POST '/session/7e3c83dc98735e5d62c4fa74f052f481/element/564925e3-f8e9-4489-848e-945f4e11d936/clear'
16:10:32.417 [AsyncHttpClient-1-2] DEBUG org.asynchttpclient.netty.handler.HttpHandler - 

Request DefaultHttpRequest(decodeResult: success, version: HTTP/1.1)
POST /session/7e3c83dc98735e5d62c4fa74f052f481/element/564925e3-f8e9-4489-848e-945f4e11d936/clear HTTP/1.1
User-Agent: selenium/4.8.1 (java windows)
Content-Length: 50
Content-Type: application/json; charset=utf-8
host: localhost:40019
accept: */*

Response DefaultHttpResponse(decodeResult: success, version: HTTP/1.1)
HTTP/1.1 200 OK
Content-Length: 14
Content-Type: application/json; charset=utf-8
cache-control: no-cache

16:10:32.417 [AsyncHttpClient-1-2] DEBUG org.asynchttpclient.netty.channel.ChannelManager - Adding key: http://localhost:40019 for channel [id: 0x57148b9f, L:/127.0.0.1:50856 - R:localhost/127.0.0.1:40019]
16:10:32.419 [Forwarding sendKeysToElement on session 7e3c83dc98735e5d62c4fa74f052f481 to remote] DEBUG org.asynchttpclient.netty.request.NettyRequestSender - Using pooled Channel '[id: 0x57148b9f, L:/127.0.0.1:50856 - R:localhost/127.0.0.1:40019]' for 'POST' to 'http://localhost:40019/session/7e3c83dc98735e5d62c4fa74f052f481/element/564925e3-f8e9-4489-848e-945f4e11d936/value'
16:10:32.419 [Forwarding sendKeysToElement on session 7e3c83dc98735e5d62c4fa74f052f481 to remote] DEBUG org.asynchttpclient.netty.request.NettyRequestSender - Using open Channel [id: 0x57148b9f, L:/127.0.0.1:50856 - R:localhost/127.0.0.1:40019] for POST '/session/7e3c83dc98735e5d62c4fa74f052f481/element/564925e3-f8e9-4489-848e-945f4e11d936/value'
16:10:32.454 [AsyncHttpClient-1-2] DEBUG org.asynchttpclient.netty.handler.HttpHandler - 

Request DefaultHttpRequest(decodeResult: success, version: HTTP/1.1)
POST /session/7e3c83dc98735e5d62c4fa74f052f481/element/564925e3-f8e9-4489-848e-945f4e11d936/value HTTP/1.1
User-Agent: selenium/4.8.1 (java windows)
Content-Length: 101
Content-Type: application/json; charset=utf-8
host: localhost:40019
accept: */*

Response DefaultHttpResponse(decodeResult: success, version: HTTP/1.1)
HTTP/1.1 200 OK
Content-Length: 14
Content-Type: application/json; charset=utf-8
cache-control: no-cache

16:10:32.454 [AsyncHttpClient-1-2] DEBUG org.asynchttpclient.netty.channel.ChannelManager - Adding key: http://localhost:40019 for channel [id: 0x57148b9f, L:/127.0.0.1:50856 - R:localhost/127.0.0.1:40019]
16:10:32.459 [AsyncHttpClient-1-1] DEBUG org.asynchttpclient.netty.channel.DefaultChannelPool - Entry count for : http://localhost:40019 : 1
16:10:32.459 [AsyncHttpClient-1-1] DEBUG org.asynchttpclient.netty.channel.DefaultChannelPool - Entry count for : http://localhost:50860 : 1
16:10:32.461 [Forwarding getAlertText on session 7e3c83dc98735e5d62c4fa74f052f481 to remote] DEBUG org.asynchttpclient.netty.request.NettyRequestSender - Using pooled Channel '[id: 0x57148b9f, L:/127.0.0.1:50856 - R:localhost/127.0.0.1:40019]' for 'GET' to 'http://localhost:40019/session/7e3c83dc98735e5d62c4fa74f052f481/alert/text'
16:10:32.461 [Forwarding getAlertText on session 7e3c83dc98735e5d62c4fa74f052f481 to remote] DEBUG org.asynchttpclient.netty.request.NettyRequestSender - Using open Channel [id: 0x57148b9f, L:/127.0.0.1:50856 - R:localhost/127.0.0.1:40019] for GET '/session/7e3c83dc98735e5d62c4fa74f052f481/alert/text'
16:10:32.463 [AsyncHttpClient-1-2] DEBUG org.asynchttpclient.netty.handler.HttpHandler - 

Request DefaultFullHttpRequest(decodeResult: success, version: HTTP/1.1, content: EmptyByteBufBE)
GET /session/7e3c83dc98735e5d62c4fa74f052f481/alert/text HTTP/1.1
User-Agent: selenium/4.8.1 (java windows)
Cache-Control: no-cache
Content-Type: application/json; charset=utf-8
host: localhost:40019
accept: */*

Response DefaultHttpResponse(decodeResult: success, version: HTTP/1.1)
HTTP/1.1 404 Not Found
Content-Length: 836
Content-Type: application/json; charset=utf-8
cache-control: no-cache

16:10:32.463 [AsyncHttpClient-1-2] DEBUG org.asynchttpclient.netty.channel.ChannelManager - Adding key: http://localhost:40019 for channel [id: 0x57148b9f, L:/127.0.0.1:50856 - R:localhost/127.0.0.1:40019]
16:10:32.472 [Forwarding getCurrentUrl on session 7e3c83dc98735e5d62c4fa74f052f481 to remote] DEBUG org.asynchttpclient.netty.request.NettyRequestSender - Using pooled Channel '[id: 0x57148b9f, L:/127.0.0.1:50856 - R:localhost/127.0.0.1:40019]' for 'GET' to 'http://localhost:40019/session/7e3c83dc98735e5d62c4fa74f052f481/url'
16:10:32.472 [Forwarding getCurrentUrl on session 7e3c83dc98735e5d62c4fa74f052f481 to remote] DEBUG org.asynchttpclient.netty.request.NettyRequestSender - Using open Channel [id: 0x57148b9f, L:/127.0.0.1:50856 - R:localhost/127.0.0.1:40019] for GET '/session/7e3c83dc98735e5d62c4fa74f052f481/url'
16:10:32.475 [AsyncHttpClient-1-2] DEBUG org.asynchttpclient.netty.handler.HttpHandler - 

Request DefaultFullHttpRequest(decodeResult: success, version: HTTP/1.1, content: EmptyByteBufBE)
GET /session/7e3c83dc98735e5d62c4fa74f052f481/url HTTP/1.1
User-Agent: selenium/4.8.1 (java windows)
Cache-Control: no-cache
Content-Type: application/json; charset=utf-8
host: localhost:40019
accept: */*

Response DefaultHttpResponse(decodeResult: success, version: HTTP/1.1)
HTTP/1.1 200 OK
Content-Length: 54
Content-Type: application/json; charset=utf-8
cache-control: no-cache

16:10:32.475 [AsyncHttpClient-1-2] DEBUG org.asynchttpclient.netty.channel.ChannelManager - Adding key: http://localhost:40019 for channel [id: 0x57148b9f, L:/127.0.0.1:50856 - R:localhost/127.0.0.1:40019]
16:10:32.476 [Forwarding screenshot on session 7e3c83dc98735e5d62c4fa74f052f481 to remote] DEBUG org.asynchttpclient.netty.request.NettyRequestSender - Using pooled Channel '[id: 0x57148b9f, L:/127.0.0.1:50856 - R:localhost/127.0.0.1:40019]' for 'GET' to 'http://localhost:40019/session/7e3c83dc98735e5d62c4fa74f052f481/screenshot'
16:10:32.476 [Forwarding screenshot on session 7e3c83dc98735e5d62c4fa74f052f481 to remote] DEBUG org.asynchttpclient.netty.request.NettyRequestSender - Using open Channel [id: 0x57148b9f, L:/127.0.0.1:50856 - R:localhost/127.0.0.1:40019] for GET '/session/7e3c83dc98735e5d62c4fa74f052f481/screenshot'
16:10:32.564 [AsyncHttpClient-1-2] DEBUG org.asynchttpclient.netty.handler.HttpHandler - 

Request DefaultFullHttpRequest(decodeResult: success, version: HTTP/1.1, content: EmptyByteBufBE)
GET /session/7e3c83dc98735e5d62c4fa74f052f481/screenshot HTTP/1.1
User-Agent: selenium/4.8.1 (java windows)
Cache-Control: no-cache
Content-Type: application/json; charset=utf-8
host: localhost:40019
accept: */*

Response DefaultHttpResponse(decodeResult: success, version: HTTP/1.1)
HTTP/1.1 200 OK
Content-Length: 35836
Content-Type: application/json; charset=utf-8
cache-control: no-cache

16:10:32.564 [AsyncHttpClient-1-2] DEBUG org.asynchttpclient.netty.channel.ChannelManager - Adding key: http://localhost:40019 for channel [id: 0x57148b9f, L:/127.0.0.1:50856 - R:localhost/127.0.0.1:40019]
16:10:32.567 [main] DEBUG net.serenitybdd.core.photography.Darkroom - Send negative for processing for target\site\serenity\953716822e7ebd463ed4d0c98c89b847116983ec35450d22f40ad4506e99b5c7.png
16:10:32.567 [main] DEBUG net.thucydides.core.steps.StepInterceptor - STEP DONE: inputPasswordReg
16:10:32.567 [Darkroom Processing Line] DEBUG net.serenitybdd.core.photography.DarkroomProcessingLine - Processing screenshot image in /var/screenshots/screenshot-3970497040422191807
16:10:32.567 [Darkroom Processing Line] DEBUG net.serenitybdd.core.photography.DarkroomProcessingLine - Saving screenshot to target\site\serenity\953716822e7ebd463ed4d0c98c89b847116983ec35450d22f40ad4506e99b5c7.png
  &amp#27;[32mAnd &amp#27;[0m&amp#27;[32mI input correct password for register&amp#27;[0m &amp#27;[90m# starter.stepdefinitions.RegisterSteps.inputPasswordReg()&amp#27;[0m
16:10:32.576 [Forwarding getPageSource on session 7e3c83dc98735e5d62c4fa74f052f481 to remote] DEBUG org.asynchttpclient.netty.request.NettyRequestSender - Using pooled Channel '[id: 0x57148b9f, L:/127.0.0.1:50856 - R:localhost/127.0.0.1:40019]' for 'POST' to 'http://localhost:40019/session/7e3c83dc98735e5d62c4fa74f052f481/execute/sync'
16:10:32.576 [Forwarding getPageSource on session 7e3c83dc98735e5d62c4fa74f052f481 to remote] DEBUG org.asynchttpclient.netty.request.NettyRequestSender - Using open Channel [id: 0x57148b9f, L:/127.0.0.1:50856 - R:localhost/127.0.0.1:40019] for POST '/session/7e3c83dc98735e5d62c4fa74f052f481/execute/sync'
16:10:32.580 [AsyncHttpClient-1-2] DEBUG org.asynchttpclient.netty.handler.HttpHandler - 

Request DefaultHttpRequest(decodeResult: success, version: HTTP/1.1)
POST /session/7e3c83dc98735e5d62c4fa74f052f481/execute/sync HTTP/1.1
User-Agent: selenium/4.8.1 (java windows)
Content-Length: 176
Content-Type: application/json; charset=utf-8
host: localhost:40019
accept: */*

Response DefaultHttpResponse(decodeResult: success, version: HTTP/1.1)
HTTP/1.1 200 OK
Content-Length: 22553
Content-Type: application/json; charset=utf-8
cache-control: no-cache

16:10:32.581 [AsyncHttpClient-1-2] DEBUG org.asynchttpclient.netty.channel.ChannelManager - Adding key: http://localhost:40019 for channel [id: 0x57148b9f, L:/127.0.0.1:50856 - R:localhost/127.0.0.1:40019]
16:10:32.583 [Forwarding getCurrentUrl on session 7e3c83dc98735e5d62c4fa74f052f481 to remote] DEBUG org.asynchttpclient.netty.request.NettyRequestSender - Using pooled Channel '[id: 0x57148b9f, L:/127.0.0.1:50856 - R:localhost/127.0.0.1:40019]' for 'GET' to 'http://localhost:40019/session/7e3c83dc98735e5d62c4fa74f052f481/url'
16:10:32.584 [Forwarding getCurrentUrl on session 7e3c83dc98735e5d62c4fa74f052f481 to remote] DEBUG org.asynchttpclient.netty.request.NettyRequestSender - Using open Channel [id: 0x57148b9f, L:/127.0.0.1:50856 - R:localhost/127.0.0.1:40019] for GET '/session/7e3c83dc98735e5d62c4fa74f052f481/url'
16:10:32.586 [AsyncHttpClient-1-2] DEBUG org.asynchttpclient.netty.handler.HttpHandler - 

Request DefaultFullHttpRequest(decodeResult: success, version: HTTP/1.1, content: EmptyByteBufBE)
GET /session/7e3c83dc98735e5d62c4fa74f052f481/url HTTP/1.1
User-Agent: selenium/4.8.1 (java windows)
Cache-Control: no-cache
Content-Type: application/json; charset=utf-8
host: localhost:40019
accept: */*

Response DefaultHttpResponse(decodeResult: success, version: HTTP/1.1)
HTTP/1.1 200 OK
Content-Length: 54
Content-Type: application/json; charset=utf-8
cache-control: no-cache

16:10:32.586 [AsyncHttpClient-1-2] DEBUG org.asynchttpclient.netty.channel.ChannelManager - Adding key: http://localhost:40019 for channel [id: 0x57148b9f, L:/127.0.0.1:50856 - R:localhost/127.0.0.1:40019]
16:10:32.594 [Forwarding getPageSource on session 7e3c83dc98735e5d62c4fa74f052f481 to remote] DEBUG org.asynchttpclient.netty.request.NettyRequestSender - Using pooled Channel '[id: 0x57148b9f, L:/127.0.0.1:50856 - R:localhost/127.0.0.1:40019]' for 'POST' to 'http://localhost:40019/session/7e3c83dc98735e5d62c4fa74f052f481/execute/sync'
16:10:32.594 [Forwarding getPageSource on session 7e3c83dc98735e5d62c4fa74f052f481 to remote] DEBUG org.asynchttpclient.netty.request.NettyRequestSender - Using open Channel [id: 0x57148b9f, L:/127.0.0.1:50856 - R:localhost/127.0.0.1:40019] for POST '/session/7e3c83dc98735e5d62c4fa74f052f481/execute/sync'
16:10:32.599 [AsyncHttpClient-1-2] DEBUG org.asynchttpclient.netty.handler.HttpHandler - 

Request DefaultHttpRequest(decodeResult: success, version: HTTP/1.1)
POST /session/7e3c83dc98735e5d62c4fa74f052f481/execute/sync HTTP/1.1
User-Agent: selenium/4.8.1 (java windows)
Content-Length: 176
Content-Type: application/json; charset=utf-8
host: localhost:40019
accept: */*

Response DefaultHttpResponse(decodeResult: success, version: HTTP/1.1)
HTTP/1.1 200 OK
Content-Length: 22553
Content-Type: application/json; charset=utf-8
cache-control: no-cache

16:10:32.599 [AsyncHttpClient-1-2] DEBUG org.asynchttpclient.netty.channel.ChannelManager - Adding key: http://localhost:40019 for channel [id: 0x57148b9f, L:/127.0.0.1:50856 - R:localhost/127.0.0.1:40019]
16:10:32.602 [Forwarding getCurrentUrl on session 7e3c83dc98735e5d62c4fa74f052f481 to remote] DEBUG org.asynchttpclient.netty.request.NettyRequestSender - Using pooled Channel '[id: 0x57148b9f, L:/127.0.0.1:50856 - R:localhost/127.0.0.1:40019]' for 'GET' to 'http://localhost:40019/session/7e3c83dc98735e5d62c4fa74f052f481/url'
16:10:32.602 [Forwarding getCurrentUrl on session 7e3c83dc98735e5d62c4fa74f052f481 to remote] DEBUG org.asynchttpclient.netty.request.NettyRequestSender - Using open Channel [id: 0x57148b9f, L:/127.0.0.1:50856 - R:localhost/127.0.0.1:40019] for GET '/session/7e3c83dc98735e5d62c4fa74f052f481/url'
16:10:32.605 [AsyncHttpClient-1-2] DEBUG org.asynchttpclient.netty.handler.HttpHandler - 

Request DefaultFullHttpRequest(decodeResult: success, version: HTTP/1.1, content: EmptyByteBufBE)
GET /session/7e3c83dc98735e5d62c4fa74f052f481/url HTTP/1.1
User-Agent: selenium/4.8.1 (java windows)
Cache-Control: no-cache
Content-Type: application/json; charset=utf-8
host: localhost:40019
accept: */*

Response DefaultHttpResponse(decodeResult: success, version: HTTP/1.1)
HTTP/1.1 200 OK
Content-Length: 54
Content-Type: application/json; charset=utf-8
cache-control: no-cache

16:10:32.605 [AsyncHttpClient-1-2] DEBUG org.asynchttpclient.netty.channel.ChannelManager - Adding key: http://localhost:40019 for channel [id: 0x57148b9f, L:/127.0.0.1:50856 - R:localhost/127.0.0.1:40019]
16:10:32.607 [main] DEBUG net.thucydides.core.steps.StepInterceptor - STARTING STEP: RegisterSteps.ClickRegisterButton - ClickRegisterButton
16:10:32.611 [Forwarding findElement on session 7e3c83dc98735e5d62c4fa74f052f481 to remote] DEBUG org.asynchttpclient.netty.request.NettyRequestSender - Using pooled Channel '[id: 0x57148b9f, L:/127.0.0.1:50856 - R:localhost/127.0.0.1:40019]' for 'POST' to 'http://localhost:40019/session/7e3c83dc98735e5d62c4fa74f052f481/element'
16:10:32.611 [Forwarding findElement on session 7e3c83dc98735e5d62c4fa74f052f481 to remote] DEBUG org.asynchttpclient.netty.request.NettyRequestSender - Using open Channel [id: 0x57148b9f, L:/127.0.0.1:50856 - R:localhost/127.0.0.1:40019] for POST '/session/7e3c83dc98735e5d62c4fa74f052f481/element'
16:10:32.620 [AsyncHttpClient-1-2] DEBUG org.asynchttpclient.netty.handler.HttpHandler - 

Request DefaultHttpRequest(decodeResult: success, version: HTTP/1.1)
POST /session/7e3c83dc98735e5d62c4fa74f052f481/element HTTP/1.1
User-Agent: selenium/4.8.1 (java windows)
Content-Length: 71
Content-Type: application/json; charset=utf-8
host: localhost:40019
accept: */*

Response DefaultHttpResponse(decodeResult: success, version: HTTP/1.1)
HTTP/1.1 200 OK
Content-Length: 88
Content-Type: application/json; charset=utf-8
cache-control: no-cache

16:10:32.621 [AsyncHttpClient-1-2] DEBUG org.asynchttpclient.netty.channel.ChannelManager - Adding key: http://localhost:40019 for channel [id: 0x57148b9f, L:/127.0.0.1:50856 - R:localhost/127.0.0.1:40019]
16:10:32.622 [Forwarding getElementTagName on session 7e3c83dc98735e5d62c4fa74f052f481 to remote] DEBUG org.asynchttpclient.netty.request.NettyRequestSender - Using pooled Channel '[id: 0x57148b9f, L:/127.0.0.1:50856 - R:localhost/127.0.0.1:40019]' for 'GET' to 'http://localhost:40019/session/7e3c83dc98735e5d62c4fa74f052f481/element/71f9d1ea-1965-4b1e-8520-a24c4a0ae3ed/name'
16:10:32.622 [Forwarding getElementTagName on session 7e3c83dc98735e5d62c4fa74f052f481 to remote] DEBUG org.asynchttpclient.netty.request.NettyRequestSender - Using open Channel [id: 0x57148b9f, L:/127.0.0.1:50856 - R:localhost/127.0.0.1:40019] for GET '/session/7e3c83dc98735e5d62c4fa74f052f481/element/71f9d1ea-1965-4b1e-8520-a24c4a0ae3ed/name'
16:10:32.626 [AsyncHttpClient-1-2] DEBUG org.asynchttpclient.netty.handler.HttpHandler - 

Request DefaultFullHttpRequest(decodeResult: success, version: HTTP/1.1, content: EmptyByteBufBE)
GET /session/7e3c83dc98735e5d62c4fa74f052f481/element/71f9d1ea-1965-4b1e-8520-a24c4a0ae3ed/name HTTP/1.1
User-Agent: selenium/4.8.1 (java windows)
Cache-Control: no-cache
Content-Type: application/json; charset=utf-8
host: localhost:40019
accept: */*

Response DefaultHttpResponse(decodeResult: success, version: HTTP/1.1)
HTTP/1.1 200 OK
Content-Length: 18
Content-Type: application/json; charset=utf-8
cache-control: no-cache

16:10:32.626 [AsyncHttpClient-1-2] DEBUG org.asynchttpclient.netty.channel.ChannelManager - Adding key: http://localhost:40019 for channel [id: 0x57148b9f, L:/127.0.0.1:50856 - R:localhost/127.0.0.1:40019]
16:10:32.627 [Forwarding getElementTagName on session 7e3c83dc98735e5d62c4fa74f052f481 to remote] DEBUG org.asynchttpclient.netty.request.NettyRequestSender - Using pooled Channel '[id: 0x57148b9f, L:/127.0.0.1:50856 - R:localhost/127.0.0.1:40019]' for 'GET' to 'http://localhost:40019/session/7e3c83dc98735e5d62c4fa74f052f481/element/71f9d1ea-1965-4b1e-8520-a24c4a0ae3ed/name'
16:10:32.627 [Forwarding getElementTagName on session 7e3c83dc98735e5d62c4fa74f052f481 to remote] DEBUG org.asynchttpclient.netty.request.NettyRequestSender - Using open Channel [id: 0x57148b9f, L:/127.0.0.1:50856 - R:localhost/127.0.0.1:40019] for GET '/session/7e3c83dc98735e5d62c4fa74f052f481/element/71f9d1ea-1965-4b1e-8520-a24c4a0ae3ed/name'
16:10:32.631 [AsyncHttpClient-1-2] DEBUG org.asynchttpclient.netty.handler.HttpHandler - 

Request DefaultFullHttpRequest(decodeResult: success, version: HTTP/1.1, content: EmptyByteBufBE)
GET /session/7e3c83dc98735e5d62c4fa74f052f481/element/71f9d1ea-1965-4b1e-8520-a24c4a0ae3ed/name HTTP/1.1
User-Agent: selenium/4.8.1 (java windows)
Cache-Control: no-cache
Content-Type: application/json; charset=utf-8
host: localhost:40019
accept: */*

Response DefaultHttpResponse(decodeResult: success, version: HTTP/1.1)
HTTP/1.1 200 OK
Content-Length: 18
Content-Type: application/json; charset=utf-8
cache-control: no-cache

16:10:32.632 [AsyncHttpClient-1-2] DEBUG org.asynchttpclient.netty.channel.ChannelManager - Adding key: http://localhost:40019 for channel [id: 0x57148b9f, L:/127.0.0.1:50856 - R:localhost/127.0.0.1:40019]
16:10:32.635 [Forwarding isElementEnabled on session 7e3c83dc98735e5d62c4fa74f052f481 to remote] DEBUG org.asynchttpclient.netty.request.NettyRequestSender - Using pooled Channel '[id: 0x57148b9f, L:/127.0.0.1:50856 - R:localhost/127.0.0.1:40019]' for 'GET' to 'http://localhost:40019/session/7e3c83dc98735e5d62c4fa74f052f481/element/71f9d1ea-1965-4b1e-8520-a24c4a0ae3ed/enabled'
16:10:32.635 [Forwarding isElementEnabled on session 7e3c83dc98735e5d62c4fa74f052f481 to remote] DEBUG org.asynchttpclient.netty.request.NettyRequestSender - Using open Channel [id: 0x57148b9f, L:/127.0.0.1:50856 - R:localhost/127.0.0.1:40019] for GET '/session/7e3c83dc98735e5d62c4fa74f052f481/element/71f9d1ea-1965-4b1e-8520-a24c4a0ae3ed/enabled'
16:10:32.641 [AsyncHttpClient-1-2] DEBUG org.asynchttpclient.netty.handler.HttpHandler - 

Request DefaultFullHttpRequest(decodeResult: success, version: HTTP/1.1, content: EmptyByteBufBE)
GET /session/7e3c83dc98735e5d62c4fa74f052f481/element/71f9d1ea-1965-4b1e-8520-a24c4a0ae3ed/enabled HTTP/1.1
User-Agent: selenium/4.8.1 (java windows)
Cache-Control: no-cache
Content-Type: application/json; charset=utf-8
host: localhost:40019
accept: */*

Response DefaultHttpResponse(decodeResult: success, version: HTTP/1.1)
HTTP/1.1 200 OK
Content-Length: 14
Content-Type: application/json; charset=utf-8
cache-control: no-cache

16:10:32.642 [AsyncHttpClient-1-2] DEBUG org.asynchttpclient.netty.channel.ChannelManager - Adding key: http://localhost:40019 for channel [id: 0x57148b9f, L:/127.0.0.1:50856 - R:localhost/127.0.0.1:40019]
16:10:32.643 [Forwarding isElementEnabled on session 7e3c83dc98735e5d62c4fa74f052f481 to remote] DEBUG org.asynchttpclient.netty.request.NettyRequestSender - Using pooled Channel '[id: 0x57148b9f, L:/127.0.0.1:50856 - R:localhost/127.0.0.1:40019]' for 'GET' to 'http://localhost:40019/session/7e3c83dc98735e5d62c4fa74f052f481/element/71f9d1ea-1965-4b1e-8520-a24c4a0ae3ed/enabled'
16:10:32.643 [Forwarding isElementEnabled on session 7e3c83dc98735e5d62c4fa74f052f481 to remote] DEBUG org.asynchttpclient.netty.request.NettyRequestSender - Using open Channel [id: 0x57148b9f, L:/127.0.0.1:50856 - R:localhost/127.0.0.1:40019] for GET '/session/7e3c83dc98735e5d62c4fa74f052f481/element/71f9d1ea-1965-4b1e-8520-a24c4a0ae3ed/enabled'
16:10:32.649 [AsyncHttpClient-1-2] DEBUG org.asynchttpclient.netty.handler.HttpHandler - 

Request DefaultFullHttpRequest(decodeResult: success, version: HTTP/1.1, content: EmptyByteBufBE)
GET /session/7e3c83dc98735e5d62c4fa74f052f481/element/71f9d1ea-1965-4b1e-8520-a24c4a0ae3ed/enabled HTTP/1.1
User-Agent: selenium/4.8.1 (java windows)
Cache-Control: no-cache
Content-Type: application/json; charset=utf-8
host: localhost:40019
accept: */*

Response DefaultHttpResponse(decodeResult: success, version: HTTP/1.1)
HTTP/1.1 200 OK
Content-Length: 14
Content-Type: application/json; charset=utf-8
cache-control: no-cache

16:10:32.649 [AsyncHttpClient-1-2] DEBUG org.asynchttpclient.netty.channel.ChannelManager - Adding key: http://localhost:40019 for channel [id: 0x57148b9f, L:/127.0.0.1:50856 - R:localhost/127.0.0.1:40019]
16:10:32.653 [Forwarding findElement on session 7e3c83dc98735e5d62c4fa74f052f481 to remote] DEBUG org.asynchttpclient.netty.request.NettyRequestSender - Using pooled Channel '[id: 0x57148b9f, L:/127.0.0.1:50856 - R:localhost/127.0.0.1:40019]' for 'POST' to 'http://localhost:40019/session/7e3c83dc98735e5d62c4fa74f052f481/element'
16:10:32.653 [Forwarding findElement on session 7e3c83dc98735e5d62c4fa74f052f481 to remote] DEBUG org.asynchttpclient.netty.request.NettyRequestSender - Using open Channel [id: 0x57148b9f, L:/127.0.0.1:50856 - R:localhost/127.0.0.1:40019] for POST '/session/7e3c83dc98735e5d62c4fa74f052f481/element'
16:10:32.660 [AsyncHttpClient-1-2] DEBUG org.asynchttpclient.netty.handler.HttpHandler - 

Request DefaultHttpRequest(decodeResult: success, version: HTTP/1.1)
POST /session/7e3c83dc98735e5d62c4fa74f052f481/element HTTP/1.1
User-Agent: selenium/4.8.1 (java windows)
Content-Length: 71
Content-Type: application/json; charset=utf-8
host: localhost:40019
accept: */*

Response DefaultHttpResponse(decodeResult: success, version: HTTP/1.1)
HTTP/1.1 200 OK
Content-Length: 88
Content-Type: application/json; charset=utf-8
cache-control: no-cache

16:10:32.660 [AsyncHttpClient-1-2] DEBUG org.asynchttpclient.netty.channel.ChannelManager - Adding key: http://localhost:40019 for channel [id: 0x57148b9f, L:/127.0.0.1:50856 - R:localhost/127.0.0.1:40019]
16:10:32.662 [Forwarding clickElement on session 7e3c83dc98735e5d62c4fa74f052f481 to remote] DEBUG org.asynchttpclient.netty.request.NettyRequestSender - Using pooled Channel '[id: 0x57148b9f, L:/127.0.0.1:50856 - R:localhost/127.0.0.1:40019]' for 'POST' to 'http://localhost:40019/session/7e3c83dc98735e5d62c4fa74f052f481/element/71f9d1ea-1965-4b1e-8520-a24c4a0ae3ed/click'
16:10:32.662 [Forwarding clickElement on session 7e3c83dc98735e5d62c4fa74f052f481 to remote] DEBUG org.asynchttpclient.netty.request.NettyRequestSender - Using open Channel [id: 0x57148b9f, L:/127.0.0.1:50856 - R:localhost/127.0.0.1:40019] for POST '/session/7e3c83dc98735e5d62c4fa74f052f481/element/71f9d1ea-1965-4b1e-8520-a24c4a0ae3ed/click'
16:10:32.705 [AsyncHttpClient-1-2] DEBUG org.asynchttpclient.netty.handler.HttpHandler - 

Request DefaultHttpRequest(decodeResult: success, version: HTTP/1.1)
POST /session/7e3c83dc98735e5d62c4fa74f052f481/element/71f9d1ea-1965-4b1e-8520-a24c4a0ae3ed/click HTTP/1.1
User-Agent: selenium/4.8.1 (java windows)
Content-Length: 50
Content-Type: application/json; charset=utf-8
host: localhost:40019
accept: */*

Response DefaultHttpResponse(decodeResult: success, version: HTTP/1.1)
HTTP/1.1 200 OK
Content-Length: 14
Content-Type: application/json; charset=utf-8
cache-control: no-cache

16:10:32.705 [AsyncHttpClient-1-2] DEBUG org.asynchttpclient.netty.channel.ChannelManager - Adding key: http://localhost:40019 for channel [id: 0x57148b9f, L:/127.0.0.1:50856 - R:localhost/127.0.0.1:40019]
16:10:32.712 [Forwarding getAlertText on session 7e3c83dc98735e5d62c4fa74f052f481 to remote] DEBUG org.asynchttpclient.netty.request.NettyRequestSender - Using pooled Channel '[id: 0x57148b9f, L:/127.0.0.1:50856 - R:localhost/127.0.0.1:40019]' for 'GET' to 'http://localhost:40019/session/7e3c83dc98735e5d62c4fa74f052f481/alert/text'
16:10:32.713 [Forwarding getAlertText on session 7e3c83dc98735e5d62c4fa74f052f481 to remote] DEBUG org.asynchttpclient.netty.request.NettyRequestSender - Using open Channel [id: 0x57148b9f, L:/127.0.0.1:50856 - R:localhost/127.0.0.1:40019] for GET '/session/7e3c83dc98735e5d62c4fa74f052f481/alert/text'
16:10:32.716 [AsyncHttpClient-1-2] DEBUG org.asynchttpclient.netty.handler.HttpHandler - 

Request DefaultFullHttpRequest(decodeResult: success, version: HTTP/1.1, content: EmptyByteBufBE)
GET /session/7e3c83dc98735e5d62c4fa74f052f481/alert/text HTTP/1.1
User-Agent: selenium/4.8.1 (java windows)
Cache-Control: no-cache
Content-Type: application/json; charset=utf-8
host: localhost:40019
accept: */*

Response DefaultHttpResponse(decodeResult: success, version: HTTP/1.1)
HTTP/1.1 404 Not Found
Content-Length: 836
Content-Type: application/json; charset=utf-8
cache-control: no-cache

16:10:32.716 [AsyncHttpClient-1-2] DEBUG org.asynchttpclient.netty.channel.ChannelManager - Adding key: http://localhost:40019 for channel [id: 0x57148b9f, L:/127.0.0.1:50856 - R:localhost/127.0.0.1:40019]
16:10:32.718 [Forwarding getCurrentUrl on session 7e3c83dc98735e5d62c4fa74f052f481 to remote] DEBUG org.asynchttpclient.netty.request.NettyRequestSender - Using pooled Channel '[id: 0x57148b9f, L:/127.0.0.1:50856 - R:localhost/127.0.0.1:40019]' for 'GET' to 'http://localhost:40019/session/7e3c83dc98735e5d62c4fa74f052f481/url'
16:10:32.718 [Forwarding getCurrentUrl on session 7e3c83dc98735e5d62c4fa74f052f481 to remote] DEBUG org.asynchttpclient.netty.request.NettyRequestSender - Using open Channel [id: 0x57148b9f, L:/127.0.0.1:50856 - R:localhost/127.0.0.1:40019] for GET '/session/7e3c83dc98735e5d62c4fa74f052f481/url'
16:10:32.724 [AsyncHttpClient-1-2] DEBUG org.asynchttpclient.netty.handler.HttpHandler - 

Request DefaultFullHttpRequest(decodeResult: success, version: HTTP/1.1, content: EmptyByteBufBE)
GET /session/7e3c83dc98735e5d62c4fa74f052f481/url HTTP/1.1
User-Agent: selenium/4.8.1 (java windows)
Cache-Control: no-cache
Content-Type: application/json; charset=utf-8
host: localhost:40019
accept: */*

Response DefaultHttpResponse(decodeResult: success, version: HTTP/1.1)
HTTP/1.1 200 OK
Content-Length: 54
Content-Type: application/json; charset=utf-8
cache-control: no-cache

16:10:32.724 [AsyncHttpClient-1-2] DEBUG org.asynchttpclient.netty.channel.ChannelManager - Adding key: http://localhost:40019 for channel [id: 0x57148b9f, L:/127.0.0.1:50856 - R:localhost/127.0.0.1:40019]
16:10:32.725 [Forwarding screenshot on session 7e3c83dc98735e5d62c4fa74f052f481 to remote] DEBUG org.asynchttpclient.netty.request.NettyRequestSender - Using pooled Channel '[id: 0x57148b9f, L:/127.0.0.1:50856 - R:localhost/127.0.0.1:40019]' for 'GET' to 'http://localhost:40019/session/7e3c83dc98735e5d62c4fa74f052f481/screenshot'
16:10:32.725 [Forwarding screenshot on session 7e3c83dc98735e5d62c4fa74f052f481 to remote] DEBUG org.asynchttpclient.netty.request.NettyRequestSender - Using open Channel [id: 0x57148b9f, L:/127.0.0.1:50856 - R:localhost/127.0.0.1:40019] for GET '/session/7e3c83dc98735e5d62c4fa74f052f481/screenshot'
16:10:32.845 [AsyncHttpClient-1-2] DEBUG org.asynchttpclient.netty.handler.HttpHandler - 

Request DefaultFullHttpRequest(decodeResult: success, version: HTTP/1.1, content: EmptyByteBufBE)
GET /session/7e3c83dc98735e5d62c4fa74f052f481/screenshot HTTP/1.1
User-Agent: selenium/4.8.1 (java windows)
Cache-Control: no-cache
Content-Type: application/json; charset=utf-8
host: localhost:40019
accept: */*

Response DefaultHttpResponse(decodeResult: success, version: HTTP/1.1)
HTTP/1.1 200 OK
Content-Length: 34824
Content-Type: application/json; charset=utf-8
cache-control: no-cache

16:10:32.846 [AsyncHttpClient-1-2] DEBUG org.asynchttpclient.netty.channel.ChannelManager - Adding key: http://localhost:40019 for channel [id: 0x57148b9f, L:/127.0.0.1:50856 - R:localhost/127.0.0.1:40019]
16:10:32.851 [main] DEBUG net.serenitybdd.core.photography.Darkroom - Send negative for processing for target\site\serenity\a0177a02be1d00782f28112ad06bd3e6c854c06388f6a2cefb40c6c8c9816dc3.png
16:10:32.852 [main] DEBUG net.thucydides.core.steps.StepInterceptor - STEP DONE: ClickRegisterButton
  &amp#27;[32mAnd &amp#27;[0m&amp#27;[32mI click on the register button&amp#27;[0m        &amp#27;[90m# starter.stepdefinitions.RegisterSteps.ClickRegisterButton()&amp#27;[0m
16:10:32.852 [Darkroom Processing Line] DEBUG net.serenitybdd.core.photography.DarkroomProcessingLine - Processing screenshot image in /var/screenshots/screenshot-16223194180664185755
16:10:32.853 [Darkroom Processing Line] DEBUG net.serenitybdd.core.photography.DarkroomProcessingLine - Saving screenshot to target\site\serenity\a0177a02be1d00782f28112ad06bd3e6c854c06388f6a2cefb40c6c8c9816dc3.png
16:10:32.871 [Forwarding getPageSource on session 7e3c83dc98735e5d62c4fa74f052f481 to remote] DEBUG org.asynchttpclient.netty.request.NettyRequestSender - Using pooled Channel '[id: 0x57148b9f, L:/127.0.0.1:50856 - R:localhost/127.0.0.1:40019]' for 'POST' to 'http://localhost:40019/session/7e3c83dc98735e5d62c4fa74f052f481/execute/sync'
16:10:32.871 [Forwarding getPageSource on session 7e3c83dc98735e5d62c4fa74f052f481 to remote] DEBUG org.asynchttpclient.netty.request.NettyRequestSender - Using open Channel [id: 0x57148b9f, L:/127.0.0.1:50856 - R:localhost/127.0.0.1:40019] for POST '/session/7e3c83dc98735e5d62c4fa74f052f481/execute/sync'
16:10:32.884 [AsyncHttpClient-1-2] DEBUG org.asynchttpclient.netty.handler.HttpHandler - 

Request DefaultHttpRequest(decodeResult: success, version: HTTP/1.1)
POST /session/7e3c83dc98735e5d62c4fa74f052f481/execute/sync HTTP/1.1
User-Agent: selenium/4.8.1 (java windows)
Content-Length: 176
Content-Type: application/json; charset=utf-8
host: localhost:40019
accept: */*

Response DefaultHttpResponse(decodeResult: success, version: HTTP/1.1)
HTTP/1.1 200 OK
Content-Length: 22832
Content-Type: application/json; charset=utf-8
cache-control: no-cache

16:10:32.885 [AsyncHttpClient-1-2] DEBUG org.asynchttpclient.netty.channel.ChannelManager - Adding key: http://localhost:40019 for channel [id: 0x57148b9f, L:/127.0.0.1:50856 - R:localhost/127.0.0.1:40019]
16:10:32.891 [Forwarding getCurrentUrl on session 7e3c83dc98735e5d62c4fa74f052f481 to remote] DEBUG org.asynchttpclient.netty.request.NettyRequestSender - Using pooled Channel '[id: 0x57148b9f, L:/127.0.0.1:50856 - R:localhost/127.0.0.1:40019]' for 'GET' to 'http://localhost:40019/session/7e3c83dc98735e5d62c4fa74f052f481/url'
16:10:32.891 [Forwarding getCurrentUrl on session 7e3c83dc98735e5d62c4fa74f052f481 to remote] DEBUG org.asynchttpclient.netty.request.NettyRequestSender - Using open Channel [id: 0x57148b9f, L:/127.0.0.1:50856 - R:localhost/127.0.0.1:40019] for GET '/session/7e3c83dc98735e5d62c4fa74f052f481/url'
16:10:32.901 [AsyncHttpClient-1-2] DEBUG org.asynchttpclient.netty.handler.HttpHandler - 

Request DefaultFullHttpRequest(decodeResult: success, version: HTTP/1.1, content: EmptyByteBufBE)
GET /session/7e3c83dc98735e5d62c4fa74f052f481/url HTTP/1.1
User-Agent: selenium/4.8.1 (java windows)
Cache-Control: no-cache
Content-Type: application/json; charset=utf-8
host: localhost:40019
accept: */*

Response DefaultHttpResponse(decodeResult: success, version: HTTP/1.1)
HTTP/1.1 200 OK
Content-Length: 54
Content-Type: application/json; charset=utf-8
cache-control: no-cache

16:10:32.902 [AsyncHttpClient-1-2] DEBUG org.asynchttpclient.netty.channel.ChannelManager - Adding key: http://localhost:40019 for channel [id: 0x57148b9f, L:/127.0.0.1:50856 - R:localhost/127.0.0.1:40019]
16:10:32.930 [Forwarding getAlertText on session 7e3c83dc98735e5d62c4fa74f052f481 to remote] DEBUG org.asynchttpclient.netty.request.NettyRequestSender - Using pooled Channel '[id: 0x57148b9f, L:/127.0.0.1:50856 - R:localhost/127.0.0.1:40019]' for 'GET' to 'http://localhost:40019/session/7e3c83dc98735e5d62c4fa74f052f481/alert/text'
16:10:32.930 [Forwarding getAlertText on session 7e3c83dc98735e5d62c4fa74f052f481 to remote] DEBUG org.asynchttpclient.netty.request.NettyRequestSender - Using open Channel [id: 0x57148b9f, L:/127.0.0.1:50856 - R:localhost/127.0.0.1:40019] for GET '/session/7e3c83dc98735e5d62c4fa74f052f481/alert/text'
16:10:32.933 [AsyncHttpClient-1-2] DEBUG org.asynchttpclient.netty.handler.HttpHandler - 

Request DefaultFullHttpRequest(decodeResult: success, version: HTTP/1.1, content: EmptyByteBufBE)
GET /session/7e3c83dc98735e5d62c4fa74f052f481/alert/text HTTP/1.1
User-Agent: selenium/4.8.1 (java windows)
Cache-Control: no-cache
Content-Type: application/json; charset=utf-8
host: localhost:40019
accept: */*

Response DefaultHttpResponse(decodeResult: success, version: HTTP/1.1)
HTTP/1.1 404 Not Found
Content-Length: 836
Content-Type: application/json; charset=utf-8
cache-control: no-cache

16:10:32.934 [AsyncHttpClient-1-2] DEBUG org.asynchttpclient.netty.channel.ChannelManager - Adding key: http://localhost:40019 for channel [id: 0x57148b9f, L:/127.0.0.1:50856 - R:localhost/127.0.0.1:40019]
16:10:32.937 [Forwarding getCurrentUrl on session 7e3c83dc98735e5d62c4fa74f052f481 to remote] DEBUG org.asynchttpclient.netty.request.NettyRequestSender - Using pooled Channel '[id: 0x57148b9f, L:/127.0.0.1:50856 - R:localhost/127.0.0.1:40019]' for 'GET' to 'http://localhost:40019/session/7e3c83dc98735e5d62c4fa74f052f481/url'
16:10:32.938 [Forwarding getCurrentUrl on session 7e3c83dc98735e5d62c4fa74f052f481 to remote] DEBUG org.asynchttpclient.netty.request.NettyRequestSender - Using open Channel [id: 0x57148b9f, L:/127.0.0.1:50856 - R:localhost/127.0.0.1:40019] for GET '/session/7e3c83dc98735e5d62c4fa74f052f481/url'
16:10:32.983 [AsyncHttpClient-1-2] DEBUG org.asynchttpclient.netty.handler.HttpHandler - 

Request DefaultFullHttpRequest(decodeResult: success, version: HTTP/1.1, content: EmptyByteBufBE)
GET /session/7e3c83dc98735e5d62c4fa74f052f481/url HTTP/1.1
User-Agent: selenium/4.8.1 (java windows)
Cache-Control: no-cache
Content-Type: application/json; charset=utf-8
host: localhost:40019
accept: */*

Response DefaultHttpResponse(decodeResult: success, version: HTTP/1.1)
HTTP/1.1 200 OK
Content-Length: 54
Content-Type: application/json; charset=utf-8
cache-control: no-cache

16:10:32.984 [AsyncHttpClient-1-2] DEBUG org.asynchttpclient.netty.channel.ChannelManager - Adding key: http://localhost:40019 for channel [id: 0x57148b9f, L:/127.0.0.1:50856 - R:localhost/127.0.0.1:40019]
16:10:32.987 [Forwarding screenshot on session 7e3c83dc98735e5d62c4fa74f052f481 to remote] DEBUG org.asynchttpclient.netty.request.NettyRequestSender - Using pooled Channel '[id: 0x57148b9f, L:/127.0.0.1:50856 - R:localhost/127.0.0.1:40019]' for 'GET' to 'http://localhost:40019/session/7e3c83dc98735e5d62c4fa74f052f481/screenshot'
16:10:32.987 [Forwarding screenshot on session 7e3c83dc98735e5d62c4fa74f052f481 to remote] DEBUG org.asynchttpclient.netty.request.NettyRequestSender - Using open Channel [id: 0x57148b9f, L:/127.0.0.1:50856 - R:localhost/127.0.0.1:40019] for GET '/session/7e3c83dc98735e5d62c4fa74f052f481/screenshot'
16:10:33.104 [AsyncHttpClient-1-2] DEBUG org.asynchttpclient.netty.handler.HttpHandler - 

Request DefaultFullHttpRequest(decodeResult: success, version: HTTP/1.1, content: EmptyByteBufBE)
GET /session/7e3c83dc98735e5d62c4fa74f052f481/screenshot HTTP/1.1
User-Agent: selenium/4.8.1 (java windows)
Cache-Control: no-cache
Content-Type: application/json; charset=utf-8
host: localhost:40019
accept: */*

Response DefaultHttpResponse(decodeResult: success, version: HTTP/1.1)
HTTP/1.1 200 OK
Content-Length: 33864
Content-Type: application/json; charset=utf-8
cache-control: no-cache

16:10:33.105 [AsyncHttpClient-1-2] DEBUG org.asynchttpclient.netty.channel.ChannelManager - Adding key: http://localhost:40019 for channel [id: 0x57148b9f, L:/127.0.0.1:50856 - R:localhost/127.0.0.1:40019]
16:10:33.108 [main] DEBUG net.serenitybdd.core.photography.Darkroom - Send negative for processing for target\site\serenity\ee26ff67a70ddb004b426a9161fe7502714e4536df00ccd20cc0719256a7fc71.png
16:10:33.109 [Darkroom Processing Line] DEBUG net.serenitybdd.core.photography.DarkroomProcessingLine - Processing screenshot image in /var/screenshots/screenshot-18025258341645901753
16:10:33.109 [Darkroom Processing Line] DEBUG net.serenitybdd.core.photography.DarkroomProcessingLine - Saving screenshot to target\site\serenity\ee26ff67a70ddb004b426a9161fe7502714e4536df00ccd20cc0719256a7fc71.png
16:10:33.111 [Forwarding getPageSource on session 7e3c83dc98735e5d62c4fa74f052f481 to remote] DEBUG org.asynchttpclient.netty.request.NettyRequestSender - Using pooled Channel '[id: 0x57148b9f, L:/127.0.0.1:50856 - R:localhost/127.0.0.1:40019]' for 'POST' to 'http://localhost:40019/session/7e3c83dc98735e5d62c4fa74f052f481/execute/sync'
16:10:33.111 [Forwarding getPageSource on session 7e3c83dc98735e5d62c4fa74f052f481 to remote] DEBUG org.asynchttpclient.netty.request.NettyRequestSender - Using open Channel [id: 0x57148b9f, L:/127.0.0.1:50856 - R:localhost/127.0.0.1:40019] for POST '/session/7e3c83dc98735e5d62c4fa74f052f481/execute/sync'
16:10:33.117 [AsyncHttpClient-1-2] DEBUG org.asynchttpclient.netty.handler.HttpHandler - 

Request DefaultHttpRequest(decodeResult: success, version: HTTP/1.1)
POST /session/7e3c83dc98735e5d62c4fa74f052f481/execute/sync HTTP/1.1
User-Agent: selenium/4.8.1 (java windows)
Content-Length: 176
Content-Type: application/json; charset=utf-8
host: localhost:40019
accept: */*

Response DefaultHttpResponse(decodeResult: success, version: HTTP/1.1)
HTTP/1.1 200 OK
Content-Length: 22833
Content-Type: application/json; charset=utf-8
cache-control: no-cache

16:10:33.117 [AsyncHttpClient-1-2] DEBUG org.asynchttpclient.netty.channel.ChannelManager - Adding key: http://localhost:40019 for channel [id: 0x57148b9f, L:/127.0.0.1:50856 - R:localhost/127.0.0.1:40019]
16:10:33.121 [Forwarding getCurrentUrl on session 7e3c83dc98735e5d62c4fa74f052f481 to remote] DEBUG org.asynchttpclient.netty.request.NettyRequestSender - Using pooled Channel '[id: 0x57148b9f, L:/127.0.0.1:50856 - R:localhost/127.0.0.1:40019]' for 'GET' to 'http://localhost:40019/session/7e3c83dc98735e5d62c4fa74f052f481/url'
16:10:33.121 [Forwarding getCurrentUrl on session 7e3c83dc98735e5d62c4fa74f052f481 to remote] DEBUG org.asynchttpclient.netty.request.NettyRequestSender - Using open Channel [id: 0x57148b9f, L:/127.0.0.1:50856 - R:localhost/127.0.0.1:40019] for GET '/session/7e3c83dc98735e5d62c4fa74f052f481/url'
16:10:33.126 [AsyncHttpClient-1-2] DEBUG org.asynchttpclient.netty.handler.HttpHandler - 

Request DefaultFullHttpRequest(decodeResult: success, version: HTTP/1.1, content: EmptyByteBufBE)
GET /session/7e3c83dc98735e5d62c4fa74f052f481/url HTTP/1.1
User-Agent: selenium/4.8.1 (java windows)
Cache-Control: no-cache
Content-Type: application/json; charset=utf-8
host: localhost:40019
accept: */*

Response DefaultHttpResponse(decodeResult: success, version: HTTP/1.1)
HTTP/1.1 200 OK
Content-Length: 54
Content-Type: application/json; charset=utf-8
cache-control: no-cache

16:10:33.126 [AsyncHttpClient-1-2] DEBUG org.asynchttpclient.netty.channel.ChannelManager - Adding key: http://localhost:40019 for channel [id: 0x57148b9f, L:/127.0.0.1:50856 - R:localhost/127.0.0.1:40019]
16:10:33.128 [main] DEBUG net.thucydides.core.steps.StepInterceptor - STARTING STEP: RegisterSteps.validateOnLoginPage - validateOnLoginPage
16:10:33.131 [Forwarding findElement on session 7e3c83dc98735e5d62c4fa74f052f481 to remote] DEBUG org.asynchttpclient.netty.request.NettyRequestSender - Using pooled Channel '[id: 0x57148b9f, L:/127.0.0.1:50856 - R:localhost/127.0.0.1:40019]' for 'POST' to 'http://localhost:40019/session/7e3c83dc98735e5d62c4fa74f052f481/element'
16:10:33.131 [Forwarding findElement on session 7e3c83dc98735e5d62c4fa74f052f481 to remote] DEBUG org.asynchttpclient.netty.request.NettyRequestSender - Using open Channel [id: 0x57148b9f, L:/127.0.0.1:50856 - R:localhost/127.0.0.1:40019] for POST '/session/7e3c83dc98735e5d62c4fa74f052f481/element'
16:10:33.205 [AsyncHttpClient-1-2] DEBUG org.asynchttpclient.netty.handler.HttpHandler - 

Request DefaultHttpRequest(decodeResult: success, version: HTTP/1.1)
POST /session/7e3c83dc98735e5d62c4fa74f052f481/element HTTP/1.1
User-Agent: selenium/4.8.1 (java windows)
Content-Length: 71
Content-Type: application/json; charset=utf-8
host: localhost:40019
accept: */*

Response DefaultHttpResponse(decodeResult: success, version: HTTP/1.1)
HTTP/1.1 200 OK
Content-Length: 88
Content-Type: application/json; charset=utf-8
cache-control: no-cache

16:10:33.206 [AsyncHttpClient-1-2] DEBUG org.asynchttpclient.netty.channel.ChannelManager - Adding key: http://localhost:40019 for channel [id: 0x57148b9f, L:/127.0.0.1:50856 - R:localhost/127.0.0.1:40019]
16:10:33.212 [Forwarding isElementDisplayed on session 7e3c83dc98735e5d62c4fa74f052f481 to remote] DEBUG org.asynchttpclient.netty.request.NettyRequestSender - Using pooled Channel '[id: 0x57148b9f, L:/127.0.0.1:50856 - R:localhost/127.0.0.1:40019]' for 'POST' to 'http://localhost:40019/session/7e3c83dc98735e5d62c4fa74f052f481/execute/sync'
16:10:33.212 [Forwarding isElementDisplayed on session 7e3c83dc98735e5d62c4fa74f052f481 to remote] DEBUG org.asynchttpclient.netty.request.NettyRequestSender - Using open Channel [id: 0x57148b9f, L:/127.0.0.1:50856 - R:localhost/127.0.0.1:40019] for POST '/session/7e3c83dc98735e5d62c4fa74f052f481/execute/sync'
16:10:33.222 [AsyncHttpClient-1-2] DEBUG org.asynchttpclient.netty.handler.HttpHandler - 

Request DefaultHttpRequest(decodeResult: success, version: HTTP/1.1)
POST /session/7e3c83dc98735e5d62c4fa74f052f481/execute/sync HTTP/1.1
User-Agent: selenium/4.8.1 (java windows)
Content-Length: 48807
Content-Type: application/json; charset=utf-8
host: localhost:40019
accept: */*

Response DefaultHttpResponse(decodeResult: success, version: HTTP/1.1)
HTTP/1.1 200 OK
Content-Length: 14
Content-Type: application/json; charset=utf-8
cache-control: no-cache

16:10:33.222 [AsyncHttpClient-1-2] DEBUG org.asynchttpclient.netty.channel.ChannelManager - Adding key: http://localhost:40019 for channel [id: 0x57148b9f, L:/127.0.0.1:50856 - R:localhost/127.0.0.1:40019]
16:10:33.225 [Forwarding getAlertText on session 7e3c83dc98735e5d62c4fa74f052f481 to remote] DEBUG org.asynchttpclient.netty.request.NettyRequestSender - Using pooled Channel '[id: 0x57148b9f, L:/127.0.0.1:50856 - R:localhost/127.0.0.1:40019]' for 'GET' to 'http://localhost:40019/session/7e3c83dc98735e5d62c4fa74f052f481/alert/text'
16:10:33.226 [Forwarding getAlertText on session 7e3c83dc98735e5d62c4fa74f052f481 to remote] DEBUG org.asynchttpclient.netty.request.NettyRequestSender - Using open Channel [id: 0x57148b9f, L:/127.0.0.1:50856 - R:localhost/127.0.0.1:40019] for GET '/session/7e3c83dc98735e5d62c4fa74f052f481/alert/text'
16:10:33.227 [AsyncHttpClient-1-2] DEBUG org.asynchttpclient.netty.handler.HttpHandler - 

Request DefaultFullHttpRequest(decodeResult: success, version: HTTP/1.1, content: EmptyByteBufBE)
GET /session/7e3c83dc98735e5d62c4fa74f052f481/alert/text HTTP/1.1
User-Agent: selenium/4.8.1 (java windows)
Cache-Control: no-cache
Content-Type: application/json; charset=utf-8
host: localhost:40019
accept: */*

Response DefaultHttpResponse(decodeResult: success, version: HTTP/1.1)
HTTP/1.1 404 Not Found
Content-Length: 836
Content-Type: application/json; charset=utf-8
cache-control: no-cache

16:10:33.227 [AsyncHttpClient-1-2] DEBUG org.asynchttpclient.netty.channel.ChannelManager - Adding key: http://localhost:40019 for channel [id: 0x57148b9f, L:/127.0.0.1:50856 - R:localhost/127.0.0.1:40019]
16:10:33.228 [Forwarding getCurrentUrl on session 7e3c83dc98735e5d62c4fa74f052f481 to remote] DEBUG org.asynchttpclient.netty.request.NettyRequestSender - Using pooled Channel '[id: 0x57148b9f, L:/127.0.0.1:50856 - R:localhost/127.0.0.1:40019]' for 'GET' to 'http://localhost:40019/session/7e3c83dc98735e5d62c4fa74f052f481/url'
16:10:33.228 [Forwarding getCurrentUrl on session 7e3c83dc98735e5d62c4fa74f052f481 to remote] DEBUG org.asynchttpclient.netty.request.NettyRequestSender - Using open Channel [id: 0x57148b9f, L:/127.0.0.1:50856 - R:localhost/127.0.0.1:40019] for GET '/session/7e3c83dc98735e5d62c4fa74f052f481/url'
16:10:33.231 [AsyncHttpClient-1-2] DEBUG org.asynchttpclient.netty.handler.HttpHandler - 

Request DefaultFullHttpRequest(decodeResult: success, version: HTTP/1.1, content: EmptyByteBufBE)
GET /session/7e3c83dc98735e5d62c4fa74f052f481/url HTTP/1.1
User-Agent: selenium/4.8.1 (java windows)
Cache-Control: no-cache
Content-Type: application/json; charset=utf-8
host: localhost:40019
accept: */*

Response DefaultHttpResponse(decodeResult: success, version: HTTP/1.1)
HTTP/1.1 200 OK
Content-Length: 51
Content-Type: application/json; charset=utf-8
cache-control: no-cache

16:10:33.231 [AsyncHttpClient-1-2] DEBUG org.asynchttpclient.netty.channel.ChannelManager - Adding key: http://localhost:40019 for channel [id: 0x57148b9f, L:/127.0.0.1:50856 - R:localhost/127.0.0.1:40019]
16:10:33.233 [Forwarding screenshot on session 7e3c83dc98735e5d62c4fa74f052f481 to remote] DEBUG org.asynchttpclient.netty.request.NettyRequestSender - Using pooled Channel '[id: 0x57148b9f, L:/127.0.0.1:50856 - R:localhost/127.0.0.1:40019]' for 'GET' to 'http://localhost:40019/session/7e3c83dc98735e5d62c4fa74f052f481/screenshot'
16:10:33.233 [Forwarding screenshot on session 7e3c83dc98735e5d62c4fa74f052f481 to remote] DEBUG org.asynchttpclient.netty.request.NettyRequestSender - Using open Channel [id: 0x57148b9f, L:/127.0.0.1:50856 - R:localhost/127.0.0.1:40019] for GET '/session/7e3c83dc98735e5d62c4fa74f052f481/screenshot'
16:10:33.296 [AsyncHttpClient-1-2] DEBUG org.asynchttpclient.netty.handler.HttpHandler - 

Request DefaultFullHttpRequest(decodeResult: success, version: HTTP/1.1, content: EmptyByteBufBE)
GET /session/7e3c83dc98735e5d62c4fa74f052f481/screenshot HTTP/1.1
User-Agent: selenium/4.8.1 (java windows)
Cache-Control: no-cache
Content-Type: application/json; charset=utf-8
host: localhost:40019
accept: */*

Response DefaultHttpResponse(decodeResult: success, version: HTTP/1.1)
HTTP/1.1 200 OK
Content-Length: 25208
Content-Type: application/json; charset=utf-8
cache-control: no-cache

16:10:33.296 [AsyncHttpClient-1-2] DEBUG org.asynchttpclient.netty.channel.ChannelManager - Adding key: http://localhost:40019 for channel [id: 0x57148b9f, L:/127.0.0.1:50856 - R:localhost/127.0.0.1:40019]
16:10:33.297 [main] DEBUG net.serenitybdd.core.photography.Darkroom - Send negative for processing for target\site\serenity\edb14d4aab401efa0e4fb99861e6ffcafebc86a67b69f7828890b9910ed2ddbd.png
16:10:33.297 [main] DEBUG net.thucydides.core.steps.StepInterceptor - STEP DONE: validateOnLoginPage
  &amp#27;[32mThen &amp#27;[0m&amp#27;[32mI should be redirected to login page&amp#27;[0m &amp#27;[90m# starter.stepdefinitions.RegisterSteps.validateOnLoginPage()&amp#27;[0m
16:10:33.304 [main] INFO  - 
  _____   ___   ___   _____     ___     _     ___   ___   ___   ___  
 |_   _| | __| / __| |_   _|   | _ \   /_\   / __| / __| | __| |   \ 
   | |   | _|  \__ \   | |     |  _/  / _ \  \__ \ \__ \ | _|  | |) |
   |_|   |___| |___/   |_|     |_|   /_/ \_\ |___/ |___/ |___| |___/ 

Register with valid data
----------------------------------------------------------------------
16:10:33.339 [Driver Command Executor] DEBUG org.asynchttpclient.netty.request.NettyRequestSender - Using pooled Channel '[id: 0x57148b9f, L:/127.0.0.1:50856 - R:localhost/127.0.0.1:40019]' for 'DELETE' to 'http://localhost:40019/session/7e3c83dc98735e5d62c4fa74f052f481'
16:10:33.339 [Driver Command Executor] DEBUG org.asynchttpclient.netty.request.NettyRequestSender - Using open Channel [id: 0x57148b9f, L:/127.0.0.1:50856 - R:localhost/127.0.0.1:40019] for DELETE '/session/7e3c83dc98735e5d62c4fa74f052f481'
16:10:33.378 [AsyncHttpClient-1-3] DEBUG org.asynchttpclient.netty.handler.HttpHandler - Unexpected I/O exception on channel [id: 0xed06a9b4, L:/127.0.0.1:50867 - R:localhost/127.0.0.1:50860]
java.net.SocketException: Connection reset
	at java.base/sun.nio.ch.SocketChannelImpl.throwConnectionReset(SocketChannelImpl.java:367)
	at java.base/sun.nio.ch.SocketChannelImpl.read(SocketChannelImpl.java:398)
	at io.netty.buffer.PooledByteBuf.setBytes(PooledByteBuf.java:259)
	at io.netty.buffer.AbstractByteBuf.writeBytes(AbstractByteBuf.java:1132)
	at io.netty.channel.socket.nio.NioSocketChannel.doReadBytes(NioSocketChannel.java:357)
	at io.netty.channel.nio.AbstractNioByteChannel$NioByteUnsafe.read(AbstractNioByteChannel.java:151)
	at io.netty.channel.nio.NioEventLoop.processSelectedKey(NioEventLoop.java:788)
	at io.netty.channel.nio.NioEventLoop.processSelectedKeysOptimized(NioEventLoop.java:724)
	at io.netty.channel.nio.NioEventLoop.processSelectedKeys(NioEventLoop.java:650)
	at io.netty.channel.nio.NioEventLoop.run(NioEventLoop.java:562)
	at io.netty.util.concurrent.SingleThreadEventExecutor$4.run(SingleThreadEventExecutor.java:997)
	at io.netty.util.internal.ThreadExecutorMap$2.run(ThreadExecutorMap.java:74)
	at io.netty.util.concurrent.FastThreadLocalRunnable.run(FastThreadLocalRunnable.java:30)
	at java.base/java.lang.Thread.run(Thread.java:832)
16:10:33.378 [AsyncHttpClient-1-4] DEBUG org.asynchttpclient.netty.handler.WebSocketHandler - Unexpected I/O exception on channel [id: 0x0f939d1a, L:/127.0.0.1:50868 - R:localhost/127.0.0.1:50860]
java.net.SocketException: Connection reset
	at java.base/sun.nio.ch.SocketChannelImpl.throwConnectionReset(SocketChannelImpl.java:367)
	at java.base/sun.nio.ch.SocketChannelImpl.read(SocketChannelImpl.java:398)
	at io.netty.buffer.PooledByteBuf.setBytes(PooledByteBuf.java:259)
	at io.netty.buffer.AbstractByteBuf.writeBytes(AbstractByteBuf.java:1132)
	at io.netty.channel.socket.nio.NioSocketChannel.doReadBytes(NioSocketChannel.java:357)
	at io.netty.channel.nio.AbstractNioByteChannel$NioByteUnsafe.read(AbstractNioByteChannel.java:151)
	at io.netty.channel.nio.NioEventLoop.processSelectedKey(NioEventLoop.java:788)
	at io.netty.channel.nio.NioEventLoop.processSelectedKeysOptimized(NioEventLoop.java:724)
	at io.netty.channel.nio.NioEventLoop.processSelectedKeys(NioEventLoop.java:650)
	at io.netty.channel.nio.NioEventLoop.run(NioEventLoop.java:562)
	at io.netty.util.concurrent.SingleThreadEventExecutor$4.run(SingleThreadEventExecutor.java:997)
	at io.netty.util.internal.ThreadExecutorMap$2.run(ThreadExecutorMap.java:74)
	at io.netty.util.concurrent.FastThreadLocalRunnable.run(FastThreadLocalRunnable.java:30)
	at java.base/java.lang.Thread.run(Thread.java:832)
16:10:33.379 [AsyncHttpClient-1-3] DEBUG org.asynchttpclient.netty.channel.ChannelManager - Closing Channel [id: 0xed06a9b4, L:/127.0.0.1:50867 - R:localhost/127.0.0.1:50860] 
16:10:33.379 [AsyncHttpClient-1-4] DEBUG org.asynchttpclient.netty.handler.WebSocketHandler - Was unable to recover Future: NettyResponseFuture{currentRetry=0,
	isDone=1,
	isCancelled=0,
	asyncHandler=org.asynchttpclient.ws.WebSocketUpgradeHandler@1177f5d8,
	nettyRequest=org.asynchttpclient.netty.request.NettyRequest@6ab4b0fa,
	future=java.util.concurrent.CompletableFuture@74acaa00[Completed normally],
	uri=ws://localhost:50860/devtools/browser/4ffef7ba-5fd2-431d-8a92-2ac8f0927f66,
	keepAlive=true,
	redirectCount=0,
	timeoutsHolder=null,
	inAuth=0,
	touch=1683537033379}
16:10:33.379 [AsyncHttpClient-1-4] DEBUG org.asynchttpclient.netty.channel.ChannelManager - Closing Channel [id: 0x0f939d1a, L:/127.0.0.1:50868 - R:localhost/127.0.0.1:50860] 
16:10:33.379 [AsyncHttpClient-1-4] WARN org.asynchttpclient.netty.handler.WebSocketHandler - onError
java.net.SocketException: Connection reset
	at java.base/sun.nio.ch.SocketChannelImpl.throwConnectionReset(SocketChannelImpl.java:367)
	at java.base/sun.nio.ch.SocketChannelImpl.read(SocketChannelImpl.java:398)
	at io.netty.buffer.PooledByteBuf.setBytes(PooledByteBuf.java:259)
	at io.netty.buffer.AbstractByteBuf.writeBytes(AbstractByteBuf.java:1132)
	at io.netty.channel.socket.nio.NioSocketChannel.doReadBytes(NioSocketChannel.java:357)
	at io.netty.channel.nio.AbstractNioByteChannel$NioByteUnsafe.read(AbstractNioByteChannel.java:151)
	at io.netty.channel.nio.NioEventLoop.processSelectedKey(NioEventLoop.java:788)
	at io.netty.channel.nio.NioEventLoop.processSelectedKeysOptimized(NioEventLoop.java:724)
	at io.netty.channel.nio.NioEventLoop.processSelectedKeys(NioEventLoop.java:650)
	at io.netty.channel.nio.NioEventLoop.run(NioEventLoop.java:562)
	at io.netty.util.concurrent.SingleThreadEventExecutor$4.run(SingleThreadEventExecutor.java:997)
	at io.netty.util.internal.ThreadExecutorMap$2.run(ThreadExecutorMap.java:74)
	at io.netty.util.concurrent.FastThreadLocalRunnable.run(FastThreadLocalRunnable.java:30)
	at java.base/java.lang.Thread.run(Thread.java:832)
16:10:33.382 [AsyncHttpClient-1-3] DEBUG org.asynchttpclient.netty.handler.HttpHandler - Channel Closed: [id: 0xed06a9b4, L:/127.0.0.1:50867 ! R:localhost/127.0.0.1:50860] with attribute DISCARD
16:10:33.382 [AsyncHttpClient-1-4] DEBUG org.asynchttpclient.netty.channel.ChannelManager - Closing Channel [id: 0x0f939d1a, L:/127.0.0.1:50868 ! R:localhost/127.0.0.1:50860] 
16:10:33.382 [AsyncHttpClient-1-4] DEBUG org.asynchttpclient.netty.handler.WebSocketHandler - Channel Closed: [id: 0x0f939d1a, L:/127.0.0.1:50868 ! R:localhost/127.0.0.1:50860] with attribute DISCARD
16:10:33.386 [AsyncHttpClient-1-2] DEBUG org.asynchttpclient.netty.handler.HttpHandler - 

Request DefaultFullHttpRequest(decodeResult: success, version: HTTP/1.1, content: EmptyByteBufBE)
DELETE /session/7e3c83dc98735e5d62c4fa74f052f481 HTTP/1.1
User-Agent: selenium/4.8.1 (java windows)
Content-Type: application/json; charset=utf-8
host: localhost:40019
accept: */*

Response DefaultHttpResponse(decodeResult: success, version: HTTP/1.1)
HTTP/1.1 200 OK
Content-Length: 14
Content-Type: application/json; charset=utf-8
cache-control: no-cache

16:10:33.386 [AsyncHttpClient-1-2] DEBUG org.asynchttpclient.netty.channel.ChannelManager - Adding key: http://localhost:40019 for channel [id: 0x57148b9f, L:/127.0.0.1:50856 - R:localhost/127.0.0.1:40019]
16:10:33.453 [AsyncHttpClient-1-2] DEBUG org.asynchttpclient.netty.handler.HttpHandler - Channel Closed: [id: 0x57148b9f, L:/127.0.0.1:50856 ! R:localhost/127.0.0.1:40019] with attribute DISCARD
16:10:33.559 [AsyncHttpClient-1-1] DEBUG org.asynchttpclient.netty.channel.DefaultChannelPool - Entry count for : http://localhost:40019 : 1
16:10:33.559 [AsyncHttpClient-1-1] DEBUG org.asynchttpclient.netty.channel.DefaultChannelPool - Entry count for : http://localhost:50860 : 1
16:10:33.559 [AsyncHttpClient-1-1] DEBUG org.asynchttpclient.netty.channel.DefaultChannelPool - Adding Candidate expired Channel [id: 0x57148b9f, L:/127.0.0.1:50856 ! R:localhost/127.0.0.1:40019] isIdleTimeoutExpired=false isRemotelyClosed=true isTtlExpired=false
16:10:33.559 [AsyncHttpClient-1-1] DEBUG org.asynchttpclient.netty.channel.DefaultChannelPool - Closing Idle Channel [id: 0x57148b9f, L:/127.0.0.1:50856 ! R:localhost/127.0.0.1:40019]
16:10:33.559 [AsyncHttpClient-1-1] DEBUG org.asynchttpclient.netty.channel.DefaultChannelPool - Adding Candidate expired Channel [id: 0xed06a9b4, L:/127.0.0.1:50867 ! R:localhost/127.0.0.1:50860] isIdleTimeoutExpired=false isRemotelyClosed=true isTtlExpired=false
16:10:33.559 [AsyncHttpClient-1-1] DEBUG org.asynchttpclient.netty.channel.DefaultChannelPool - Closing Idle Channel [id: 0xed06a9b4, L:/127.0.0.1:50867 ! R:localhost/127.0.0.1:50860]
16:10:33.559 [AsyncHttpClient-1-1] DEBUG org.asynchttpclient.netty.channel.DefaultChannelPool - Closed 2 connections out of 2 in 0 ms
]]></system-out>
    <system-err><![CDATA[Starting ChromeDriver 111.0.5563.64 (c710e93d5b63b7095afe8c2c17df34408078439d-refs/branch-heads/5563@{#995}) on port 40019
Only local connections are allowed.
Please see https://chromedriver.chromium.org/security-considerations for suggestions on keeping ChromeDriver safe.
ChromeDriver was started successfully.
[1683537026.594][WARNING]: This version of ChromeDriver has not been tested with Chrome version 112.
May 08, 2023 4:10:26 PM org.openqa.selenium.devtools.CdpVersionFinder findNearestMatch
WARNING: Unable to find an exact match for CDP version 112, so returning the closest version found: 110
May 08, 2023 4:10:33 PM org.openqa.selenium.remote.http.WebSocket$Listener onError
WARNING: Connection reset
java.net.SocketException: Connection reset
	at java.base/sun.nio.ch.SocketChannelImpl.throwConnectionReset(SocketChannelImpl.java:367)
	at java.base/sun.nio.ch.SocketChannelImpl.read(SocketChannelImpl.java:398)
	at io.netty.buffer.PooledByteBuf.setBytes(PooledByteBuf.java:259)
	at io.netty.buffer.AbstractByteBuf.writeBytes(AbstractByteBuf.java:1132)
	at io.netty.channel.socket.nio.NioSocketChannel.doReadBytes(NioSocketChannel.java:357)
	at io.netty.channel.nio.AbstractNioByteChannel$NioByteUnsafe.read(AbstractNioByteChannel.java:151)
	at io.netty.channel.nio.NioEventLoop.processSelectedKey(NioEventLoop.java:788)
	at io.netty.channel.nio.NioEventLoop.processSelectedKeysOptimized(NioEventLoop.java:724)
	at io.netty.channel.nio.NioEventLoop.processSelectedKeys(NioEventLoop.java:650)
	at io.netty.channel.nio.NioEventLoop.run(NioEventLoop.java:562)
	at io.netty.util.concurrent.SingleThreadEventExecutor$4.run(SingleThreadEventExecutor.java:997)
	at io.netty.util.internal.ThreadExecutorMap$2.run(ThreadExecutorMap.java:74)
	at io.netty.util.concurrent.FastThreadLocalRunnable.run(FastThreadLocalRunnable.java:30)
	at java.base/java.lang.Thread.run(Thread.java:832)

]]></system-err>
  </testcase>
  <testcase name="Register without fill the fullname" classname="Register to Alta-shop Account" time="13.82">
    <system-out><![CDATA[
Scenario: Register without fill the fullname   &amp#27;[90m# src/test/resources/features/1. Register.feature:16&amp#27;[0m
16:10:33.990 [main] DEBUG io.cucumber.core.plugin.SerenityReporter - Running feature from file:///C:/Users/WINDOWS%2010/Documents/GitHub/MiniProject_QE/Web/code/minpro/src/test/resources/features/1.%20Register.feature
16:10:33.994 [main] INFO  - 
  _____   ___   ___   _____     ___   _____     _     ___   _____   ___   ___  
 |_   _| | __| / __| |_   _|   / __| |_   _|   /_\   | _ \ |_   _| | __| |   \ 
   | |   | _|  \__ \   | |     \__ \   | |    / _ \  |   /   | |   | _|  | |) |
   |_|   |___| |___/   |_|     |___/   |_|   /_/ \_\ |_|_\   |_|   |___| |___/ 

Register without fill the fullname(register-to-alta-shop-account;register-without-fill-the-fullname)
--------------------------------------------------------------------------------
16:10:34.031 [main] DEBUG net.thucydides.core.steps.StepInterceptor - STARTING STEP: LoginSteps.onTheLoginPage - openPage
16:10:34.069 [main] INFO net.serenitybdd.core.webdriver.driverproviders.ChromeDriverProvider - Starting Chrome driver instance with capabilities:
16:10:34.070 [main] INFO net.serenitybdd.core.webdriver.driverproviders.ChromeDriverProvider - Capabilities {acceptInsecureCerts: false, browserName: chrome, goog:chromeOptions: {args: [remote-allow-origins=*], extensions: []}}
16:10:34.142 [AsyncHttpClient-1-5] DEBUG org.asynchttpclient.netty.channel.NettyConnectListener - Using new Channel '[id: 0xa869ec15, L:/127.0.0.1:50899 - R:localhost/127.0.0.1:18587]' for 'POST' to '/session'
16:10:34.806 [AsyncHttpClient-1-5] DEBUG org.asynchttpclient.netty.handler.HttpHandler - 

Request DefaultHttpRequest(decodeResult: success, version: HTTP/1.1)
POST /session HTTP/1.1
User-Agent: selenium/4.8.1 (java windows)
Content-Length: 507
Content-Type: application/json; charset=utf-8
host: localhost:18587
accept: */*

Response DefaultHttpResponse(decodeResult: success, version: HTTP/1.1)
HTTP/1.1 200 OK
Content-Length: 863
Content-Type: application/json; charset=utf-8
cache-control: no-cache

16:10:34.806 [AsyncHttpClient-1-5] DEBUG org.asynchttpclient.netty.channel.ChannelManager - Adding key: http://localhost:18587 for channel [id: 0xa869ec15, L:/127.0.0.1:50899 - R:localhost/127.0.0.1:18587]
16:10:34.811 [AsyncHttpClient-1-6] DEBUG org.asynchttpclient.netty.channel.NettyConnectListener - Using new Channel '[id: 0xacd1e1ee, L:/127.0.0.1:50908 - R:localhost/127.0.0.1:50902]' for 'GET' to '/json/version'
16:10:34.813 [AsyncHttpClient-1-6] DEBUG org.asynchttpclient.netty.handler.HttpHandler - 

Request DefaultFullHttpRequest(decodeResult: success, version: HTTP/1.1, content: EmptyByteBufBE)
GET /json/version HTTP/1.1
User-Agent: selenium/4.8.1 (java windows)
host: localhost:50902
accept: */*

Response DefaultHttpResponse(decodeResult: success, version: HTTP/1.1)
HTTP/1.1 200 OK
Content-Security-Policy: frame-ancestors 'none'
Content-Length: 424
Content-Type: application/json; charset=UTF-8

16:10:34.813 [AsyncHttpClient-1-6] DEBUG org.asynchttpclient.netty.channel.ChannelManager - Adding key: http://localhost:50902 for channel [id: 0xacd1e1ee, L:/127.0.0.1:50908 - R:localhost/127.0.0.1:50902]
16:10:34.815 [AsyncHttpClient-1-7] DEBUG org.asynchttpclient.netty.channel.NettyConnectListener - Using new Channel '[id: 0xebae1f52, L:/127.0.0.1:50909 - R:localhost/127.0.0.1:50902]' for 'GET' to '/devtools/browser/c1b94369-a2ec-4976-983e-3b2cad798bec'
16:10:34.817 [AsyncHttpClient-1-7] DEBUG org.asynchttpclient.netty.handler.WebSocketHandler - 

Request DefaultFullHttpRequest(decodeResult: success, version: HTTP/1.1, content: EmptyByteBufBE)
GET /devtools/browser/c1b94369-a2ec-4976-983e-3b2cad798bec HTTP/1.1
upgrade: websocket
connection: upgrade
sec-websocket-key: Ezwv+VClDDB6aY6L10/T/Q==
sec-websocket-version: 13
origin: http://localhost:50902
host: localhost:50902
accept: */*
user-agent: AHC/2.1

Response DefaultHttpResponse(decodeResult: success, version: HTTP/1.1)
HTTP/1.1 101 WebSocket Protocol Handshake
Upgrade: WebSocket
Connection: Upgrade
Sec-WebSocket-Accept: +1ZdBKj4XLWEM7VcQhIh7BzPDco=

16:10:34.820 [Forwarding get on session 921d74cf4bf0426f43003831a1c09942 to remote] DEBUG org.asynchttpclient.netty.request.NettyRequestSender - Using pooled Channel '[id: 0xa869ec15, L:/127.0.0.1:50899 - R:localhost/127.0.0.1:18587]' for 'POST' to 'http://localhost:18587/session/921d74cf4bf0426f43003831a1c09942/url'
16:10:34.820 [Forwarding get on session 921d74cf4bf0426f43003831a1c09942 to remote] DEBUG org.asynchttpclient.netty.request.NettyRequestSender - Using open Channel [id: 0xa869ec15, L:/127.0.0.1:50899 - R:localhost/127.0.0.1:18587] for POST '/session/921d74cf4bf0426f43003831a1c09942/url'
16:10:35.766 [AsyncHttpClient-1-1] DEBUG org.asynchttpclient.netty.channel.DefaultChannelPool - Entry count for : http://localhost:50902 : 1
16:10:36.856 [AsyncHttpClient-1-1] DEBUG org.asynchttpclient.netty.channel.DefaultChannelPool - Entry count for : http://localhost:50902 : 1
16:10:37.957 [AsyncHttpClient-1-1] DEBUG org.asynchttpclient.netty.channel.DefaultChannelPool - Entry count for : http://localhost:50902 : 1
16:10:39.061 [AsyncHttpClient-1-1] DEBUG org.asynchttpclient.netty.channel.DefaultChannelPool - Entry count for : http://localhost:50902 : 1
16:10:40.158 [AsyncHttpClient-1-1] DEBUG org.asynchttpclient.netty.channel.DefaultChannelPool - Entry count for : http://localhost:50902 : 1
16:10:41.260 [AsyncHttpClient-1-1] DEBUG org.asynchttpclient.netty.channel.DefaultChannelPool - Entry count for : http://localhost:50902 : 1
16:10:42.356 [AsyncHttpClient-1-1] DEBUG org.asynchttpclient.netty.channel.DefaultChannelPool - Entry count for : http://localhost:50902 : 1
16:10:43.460 [AsyncHttpClient-1-1] DEBUG org.asynchttpclient.netty.channel.DefaultChannelPool - Entry count for : http://localhost:50902 : 1
16:10:44.557 [AsyncHttpClient-1-1] DEBUG org.asynchttpclient.netty.channel.DefaultChannelPool - Entry count for : http://localhost:50902 : 1
16:10:45.171 [AsyncHttpClient-1-5] DEBUG org.asynchttpclient.netty.handler.HttpHandler - 

Request DefaultHttpRequest(decodeResult: success, version: HTTP/1.1)
POST /session/921d74cf4bf0426f43003831a1c09942/url HTTP/1.1
User-Agent: selenium/4.8.1 (java windows)
Content-Length: 74
Content-Type: application/json; charset=utf-8
host: localhost:18587
accept: */*

Response DefaultHttpResponse(decodeResult: success, version: HTTP/1.1)
HTTP/1.1 200 OK
Content-Length: 14
Content-Type: application/json; charset=utf-8
cache-control: no-cache

16:10:45.171 [AsyncHttpClient-1-5] DEBUG org.asynchttpclient.netty.channel.ChannelManager - Adding key: http://localhost:18587 for channel [id: 0xa869ec15, L:/127.0.0.1:50899 - R:localhost/127.0.0.1:18587]
16:10:45.172 [Forwarding setTimeout on session 921d74cf4bf0426f43003831a1c09942 to remote] DEBUG org.asynchttpclient.netty.request.NettyRequestSender - Using pooled Channel '[id: 0xa869ec15, L:/127.0.0.1:50899 - R:localhost/127.0.0.1:18587]' for 'POST' to 'http://localhost:18587/session/921d74cf4bf0426f43003831a1c09942/timeouts'
16:10:45.173 [Forwarding setTimeout on session 921d74cf4bf0426f43003831a1c09942 to remote] DEBUG org.asynchttpclient.netty.request.NettyRequestSender - Using open Channel [id: 0xa869ec15, L:/127.0.0.1:50899 - R:localhost/127.0.0.1:18587] for POST '/session/921d74cf4bf0426f43003831a1c09942/timeouts'
16:10:45.174 [AsyncHttpClient-1-5] DEBUG org.asynchttpclient.netty.handler.HttpHandler - 

Request DefaultHttpRequest(decodeResult: success, version: HTTP/1.1)
POST /session/921d74cf4bf0426f43003831a1c09942/timeouts HTTP/1.1
User-Agent: selenium/4.8.1 (java windows)
Content-Length: 22
Content-Type: application/json; charset=utf-8
host: localhost:18587
accept: */*

Response DefaultHttpResponse(decodeResult: success, version: HTTP/1.1)
HTTP/1.1 200 OK
Content-Length: 14
Content-Type: application/json; charset=utf-8
cache-control: no-cache

16:10:45.174 [AsyncHttpClient-1-5] DEBUG org.asynchttpclient.netty.channel.ChannelManager - Adding key: http://localhost:18587 for channel [id: 0xa869ec15, L:/127.0.0.1:50899 - R:localhost/127.0.0.1:18587]
16:10:45.178 [Forwarding getAlertText on session 921d74cf4bf0426f43003831a1c09942 to remote] DEBUG org.asynchttpclient.netty.request.NettyRequestSender - Using pooled Channel '[id: 0xa869ec15, L:/127.0.0.1:50899 - R:localhost/127.0.0.1:18587]' for 'GET' to 'http://localhost:18587/session/921d74cf4bf0426f43003831a1c09942/alert/text'
16:10:45.178 [Forwarding getAlertText on session 921d74cf4bf0426f43003831a1c09942 to remote] DEBUG org.asynchttpclient.netty.request.NettyRequestSender - Using open Channel [id: 0xa869ec15, L:/127.0.0.1:50899 - R:localhost/127.0.0.1:18587] for GET '/session/921d74cf4bf0426f43003831a1c09942/alert/text'
16:10:45.180 [AsyncHttpClient-1-5] DEBUG org.asynchttpclient.netty.handler.HttpHandler - 

Request DefaultFullHttpRequest(decodeResult: success, version: HTTP/1.1, content: EmptyByteBufBE)
GET /session/921d74cf4bf0426f43003831a1c09942/alert/text HTTP/1.1
User-Agent: selenium/4.8.1 (java windows)
Cache-Control: no-cache
Content-Type: application/json; charset=utf-8
host: localhost:18587
accept: */*

Response DefaultHttpResponse(decodeResult: success, version: HTTP/1.1)
HTTP/1.1 404 Not Found
Content-Length: 836
Content-Type: application/json; charset=utf-8
cache-control: no-cache

16:10:45.180 [AsyncHttpClient-1-5] DEBUG org.asynchttpclient.netty.channel.ChannelManager - Adding key: http://localhost:18587 for channel [id: 0xa869ec15, L:/127.0.0.1:50899 - R:localhost/127.0.0.1:18587]
16:10:45.182 [Forwarding getCurrentUrl on session 921d74cf4bf0426f43003831a1c09942 to remote] DEBUG org.asynchttpclient.netty.request.NettyRequestSender - Using pooled Channel '[id: 0xa869ec15, L:/127.0.0.1:50899 - R:localhost/127.0.0.1:18587]' for 'GET' to 'http://localhost:18587/session/921d74cf4bf0426f43003831a1c09942/url'
16:10:45.182 [Forwarding getCurrentUrl on session 921d74cf4bf0426f43003831a1c09942 to remote] DEBUG org.asynchttpclient.netty.request.NettyRequestSender - Using open Channel [id: 0xa869ec15, L:/127.0.0.1:50899 - R:localhost/127.0.0.1:18587] for GET '/session/921d74cf4bf0426f43003831a1c09942/url'
16:10:45.185 [AsyncHttpClient-1-5] DEBUG org.asynchttpclient.netty.handler.HttpHandler - 

Request DefaultFullHttpRequest(decodeResult: success, version: HTTP/1.1, content: EmptyByteBufBE)
GET /session/921d74cf4bf0426f43003831a1c09942/url HTTP/1.1
User-Agent: selenium/4.8.1 (java windows)
Cache-Control: no-cache
Content-Type: application/json; charset=utf-8
host: localhost:18587
accept: */*

Response DefaultHttpResponse(decodeResult: success, version: HTTP/1.1)
HTTP/1.1 200 OK
Content-Length: 51
Content-Type: application/json; charset=utf-8
cache-control: no-cache

16:10:45.186 [AsyncHttpClient-1-5] DEBUG org.asynchttpclient.netty.channel.ChannelManager - Adding key: http://localhost:18587 for channel [id: 0xa869ec15, L:/127.0.0.1:50899 - R:localhost/127.0.0.1:18587]
16:10:45.187 [Forwarding screenshot on session 921d74cf4bf0426f43003831a1c09942 to remote] DEBUG org.asynchttpclient.netty.request.NettyRequestSender - Using pooled Channel '[id: 0xa869ec15, L:/127.0.0.1:50899 - R:localhost/127.0.0.1:18587]' for 'GET' to 'http://localhost:18587/session/921d74cf4bf0426f43003831a1c09942/screenshot'
16:10:45.187 [Forwarding screenshot on session 921d74cf4bf0426f43003831a1c09942 to remote] DEBUG org.asynchttpclient.netty.request.NettyRequestSender - Using open Channel [id: 0xa869ec15, L:/127.0.0.1:50899 - R:localhost/127.0.0.1:18587] for GET '/session/921d74cf4bf0426f43003831a1c09942/screenshot'
16:10:45.254 [AsyncHttpClient-1-5] DEBUG org.asynchttpclient.netty.handler.HttpHandler - 

Request DefaultFullHttpRequest(decodeResult: success, version: HTTP/1.1, content: EmptyByteBufBE)
GET /session/921d74cf4bf0426f43003831a1c09942/screenshot HTTP/1.1
User-Agent: selenium/4.8.1 (java windows)
Cache-Control: no-cache
Content-Type: application/json; charset=utf-8
host: localhost:18587
accept: */*

Response DefaultHttpResponse(decodeResult: success, version: HTTP/1.1)
HTTP/1.1 200 OK
Content-Length: 25208
Content-Type: application/json; charset=utf-8
cache-control: no-cache

16:10:45.254 [AsyncHttpClient-1-5] DEBUG org.asynchttpclient.netty.channel.ChannelManager - Adding key: http://localhost:18587 for channel [id: 0xa869ec15, L:/127.0.0.1:50899 - R:localhost/127.0.0.1:18587]
16:10:45.256 [main] DEBUG net.serenitybdd.core.photography.Darkroom - Send negative for processing for target\site\serenity\edb14d4aab401efa0e4fb99861e6ffcafebc86a67b69f7828890b9910ed2ddbd.png
16:10:45.256 [main] DEBUG net.thucydides.core.steps.StepInterceptor - STEP DONE: openPage
  &amp#27;[32mGiven &amp#27;[0m&amp#27;[32mI am on the alta-shop login page&amp#27;[0m       &amp#27;[90m# starter.stepdefinitions.LoginSteps.onTheLoginPage()&amp#27;[0m
16:10:45.265 [Forwarding getPageSource on session 921d74cf4bf0426f43003831a1c09942 to remote] DEBUG org.asynchttpclient.netty.request.NettyRequestSender - Using pooled Channel '[id: 0xa869ec15, L:/127.0.0.1:50899 - R:localhost/127.0.0.1:18587]' for 'POST' to 'http://localhost:18587/session/921d74cf4bf0426f43003831a1c09942/execute/sync'
16:10:45.265 [Forwarding getPageSource on session 921d74cf4bf0426f43003831a1c09942 to remote] DEBUG org.asynchttpclient.netty.request.NettyRequestSender - Using open Channel [id: 0xa869ec15, L:/127.0.0.1:50899 - R:localhost/127.0.0.1:18587] for POST '/session/921d74cf4bf0426f43003831a1c09942/execute/sync'
16:10:45.270 [AsyncHttpClient-1-5] DEBUG org.asynchttpclient.netty.handler.HttpHandler - 

Request DefaultHttpRequest(decodeResult: success, version: HTTP/1.1)
POST /session/921d74cf4bf0426f43003831a1c09942/execute/sync HTTP/1.1
User-Agent: selenium/4.8.1 (java windows)
Content-Length: 176
Content-Type: application/json; charset=utf-8
host: localhost:18587
accept: */*

Response DefaultHttpResponse(decodeResult: success, version: HTTP/1.1)
HTTP/1.1 200 OK
Content-Length: 21659
Content-Type: application/json; charset=utf-8
cache-control: no-cache

16:10:45.270 [AsyncHttpClient-1-5] DEBUG org.asynchttpclient.netty.channel.ChannelManager - Adding key: http://localhost:18587 for channel [id: 0xa869ec15, L:/127.0.0.1:50899 - R:localhost/127.0.0.1:18587]
16:10:45.273 [Forwarding getCurrentUrl on session 921d74cf4bf0426f43003831a1c09942 to remote] DEBUG org.asynchttpclient.netty.request.NettyRequestSender - Using pooled Channel '[id: 0xa869ec15, L:/127.0.0.1:50899 - R:localhost/127.0.0.1:18587]' for 'GET' to 'http://localhost:18587/session/921d74cf4bf0426f43003831a1c09942/url'
16:10:45.274 [Forwarding getCurrentUrl on session 921d74cf4bf0426f43003831a1c09942 to remote] DEBUG org.asynchttpclient.netty.request.NettyRequestSender - Using open Channel [id: 0xa869ec15, L:/127.0.0.1:50899 - R:localhost/127.0.0.1:18587] for GET '/session/921d74cf4bf0426f43003831a1c09942/url'
16:10:45.277 [AsyncHttpClient-1-5] DEBUG org.asynchttpclient.netty.handler.HttpHandler - 

Request DefaultFullHttpRequest(decodeResult: success, version: HTTP/1.1, content: EmptyByteBufBE)
GET /session/921d74cf4bf0426f43003831a1c09942/url HTTP/1.1
User-Agent: selenium/4.8.1 (java windows)
Cache-Control: no-cache
Content-Type: application/json; charset=utf-8
host: localhost:18587
accept: */*

Response DefaultHttpResponse(decodeResult: success, version: HTTP/1.1)
HTTP/1.1 200 OK
Content-Length: 51
Content-Type: application/json; charset=utf-8
cache-control: no-cache

16:10:45.277 [AsyncHttpClient-1-5] DEBUG org.asynchttpclient.netty.channel.ChannelManager - Adding key: http://localhost:18587 for channel [id: 0xa869ec15, L:/127.0.0.1:50899 - R:localhost/127.0.0.1:18587]
16:10:45.300 [Forwarding getPageSource on session 921d74cf4bf0426f43003831a1c09942 to remote] DEBUG org.asynchttpclient.netty.request.NettyRequestSender - Using pooled Channel '[id: 0xa869ec15, L:/127.0.0.1:50899 - R:localhost/127.0.0.1:18587]' for 'POST' to 'http://localhost:18587/session/921d74cf4bf0426f43003831a1c09942/execute/sync'
16:10:45.300 [Forwarding getPageSource on session 921d74cf4bf0426f43003831a1c09942 to remote] DEBUG org.asynchttpclient.netty.request.NettyRequestSender - Using open Channel [id: 0xa869ec15, L:/127.0.0.1:50899 - R:localhost/127.0.0.1:18587] for POST '/session/921d74cf4bf0426f43003831a1c09942/execute/sync'
16:10:45.307 [AsyncHttpClient-1-5] DEBUG org.asynchttpclient.netty.handler.HttpHandler - 

Request DefaultHttpRequest(decodeResult: success, version: HTTP/1.1)
POST /session/921d74cf4bf0426f43003831a1c09942/execute/sync HTTP/1.1
User-Agent: selenium/4.8.1 (java windows)
Content-Length: 176
Content-Type: application/json; charset=utf-8
host: localhost:18587
accept: */*

Response DefaultHttpResponse(decodeResult: success, version: HTTP/1.1)
HTTP/1.1 200 OK
Content-Length: 21659
Content-Type: application/json; charset=utf-8
cache-control: no-cache

16:10:45.307 [AsyncHttpClient-1-5] DEBUG org.asynchttpclient.netty.channel.ChannelManager - Adding key: http://localhost:18587 for channel [id: 0xa869ec15, L:/127.0.0.1:50899 - R:localhost/127.0.0.1:18587]
16:10:45.310 [Forwarding getCurrentUrl on session 921d74cf4bf0426f43003831a1c09942 to remote] DEBUG org.asynchttpclient.netty.request.NettyRequestSender - Using pooled Channel '[id: 0xa869ec15, L:/127.0.0.1:50899 - R:localhost/127.0.0.1:18587]' for 'GET' to 'http://localhost:18587/session/921d74cf4bf0426f43003831a1c09942/url'
16:10:45.310 [Forwarding getCurrentUrl on session 921d74cf4bf0426f43003831a1c09942 to remote] DEBUG org.asynchttpclient.netty.request.NettyRequestSender - Using open Channel [id: 0xa869ec15, L:/127.0.0.1:50899 - R:localhost/127.0.0.1:18587] for GET '/session/921d74cf4bf0426f43003831a1c09942/url'
16:10:45.314 [AsyncHttpClient-1-5] DEBUG org.asynchttpclient.netty.handler.HttpHandler - 

Request DefaultFullHttpRequest(decodeResult: success, version: HTTP/1.1, content: EmptyByteBufBE)
GET /session/921d74cf4bf0426f43003831a1c09942/url HTTP/1.1
User-Agent: selenium/4.8.1 (java windows)
Cache-Control: no-cache
Content-Type: application/json; charset=utf-8
host: localhost:18587
accept: */*

Response DefaultHttpResponse(decodeResult: success, version: HTTP/1.1)
HTTP/1.1 200 OK
Content-Length: 51
Content-Type: application/json; charset=utf-8
cache-control: no-cache

16:10:45.314 [AsyncHttpClient-1-5] DEBUG org.asynchttpclient.netty.channel.ChannelManager - Adding key: http://localhost:18587 for channel [id: 0xa869ec15, L:/127.0.0.1:50899 - R:localhost/127.0.0.1:18587]
16:10:45.316 [main] DEBUG net.thucydides.core.steps.StepInterceptor - STARTING STEP: RegisterSteps.clickLoginButton - clickRegisterLink
16:10:45.319 [Forwarding findElement on session 921d74cf4bf0426f43003831a1c09942 to remote] DEBUG org.asynchttpclient.netty.request.NettyRequestSender - Using pooled Channel '[id: 0xa869ec15, L:/127.0.0.1:50899 - R:localhost/127.0.0.1:18587]' for 'POST' to 'http://localhost:18587/session/921d74cf4bf0426f43003831a1c09942/element'
16:10:45.319 [Forwarding findElement on session 921d74cf4bf0426f43003831a1c09942 to remote] DEBUG org.asynchttpclient.netty.request.NettyRequestSender - Using open Channel [id: 0xa869ec15, L:/127.0.0.1:50899 - R:localhost/127.0.0.1:18587] for POST '/session/921d74cf4bf0426f43003831a1c09942/element'
16:10:45.328 [AsyncHttpClient-1-5] DEBUG org.asynchttpclient.netty.handler.HttpHandler - 

Request DefaultHttpRequest(decodeResult: success, version: HTTP/1.1)
POST /session/921d74cf4bf0426f43003831a1c09942/element HTTP/1.1
User-Agent: selenium/4.8.1 (java windows)
Content-Length: 84
Content-Type: application/json; charset=utf-8
host: localhost:18587
accept: */*

Response DefaultHttpResponse(decodeResult: success, version: HTTP/1.1)
HTTP/1.1 200 OK
Content-Length: 88
Content-Type: application/json; charset=utf-8
cache-control: no-cache

16:10:45.328 [AsyncHttpClient-1-5] DEBUG org.asynchttpclient.netty.channel.ChannelManager - Adding key: http://localhost:18587 for channel [id: 0xa869ec15, L:/127.0.0.1:50899 - R:localhost/127.0.0.1:18587]
16:10:45.329 [Forwarding getElementTagName on session 921d74cf4bf0426f43003831a1c09942 to remote] DEBUG org.asynchttpclient.netty.request.NettyRequestSender - Using pooled Channel '[id: 0xa869ec15, L:/127.0.0.1:50899 - R:localhost/127.0.0.1:18587]' for 'GET' to 'http://localhost:18587/session/921d74cf4bf0426f43003831a1c09942/element/cea7eec3-adb9-4f35-be80-e6aa6150366b/name'
16:10:45.330 [Forwarding getElementTagName on session 921d74cf4bf0426f43003831a1c09942 to remote] DEBUG org.asynchttpclient.netty.request.NettyRequestSender - Using open Channel [id: 0xa869ec15, L:/127.0.0.1:50899 - R:localhost/127.0.0.1:18587] for GET '/session/921d74cf4bf0426f43003831a1c09942/element/cea7eec3-adb9-4f35-be80-e6aa6150366b/name'
16:10:45.334 [AsyncHttpClient-1-5] DEBUG org.asynchttpclient.netty.handler.HttpHandler - 

Request DefaultFullHttpRequest(decodeResult: success, version: HTTP/1.1, content: EmptyByteBufBE)
GET /session/921d74cf4bf0426f43003831a1c09942/element/cea7eec3-adb9-4f35-be80-e6aa6150366b/name HTTP/1.1
User-Agent: selenium/4.8.1 (java windows)
Cache-Control: no-cache
Content-Type: application/json; charset=utf-8
host: localhost:18587
accept: */*

Response DefaultHttpResponse(decodeResult: success, version: HTTP/1.1)
HTTP/1.1 200 OK
Content-Length: 13
Content-Type: application/json; charset=utf-8
cache-control: no-cache

16:10:45.334 [AsyncHttpClient-1-5] DEBUG org.asynchttpclient.netty.channel.ChannelManager - Adding key: http://localhost:18587 for channel [id: 0xa869ec15, L:/127.0.0.1:50899 - R:localhost/127.0.0.1:18587]
16:10:45.335 [Forwarding getElementTagName on session 921d74cf4bf0426f43003831a1c09942 to remote] DEBUG org.asynchttpclient.netty.request.NettyRequestSender - Using pooled Channel '[id: 0xa869ec15, L:/127.0.0.1:50899 - R:localhost/127.0.0.1:18587]' for 'GET' to 'http://localhost:18587/session/921d74cf4bf0426f43003831a1c09942/element/cea7eec3-adb9-4f35-be80-e6aa6150366b/name'
16:10:45.335 [Forwarding getElementTagName on session 921d74cf4bf0426f43003831a1c09942 to remote] DEBUG org.asynchttpclient.netty.request.NettyRequestSender - Using open Channel [id: 0xa869ec15, L:/127.0.0.1:50899 - R:localhost/127.0.0.1:18587] for GET '/session/921d74cf4bf0426f43003831a1c09942/element/cea7eec3-adb9-4f35-be80-e6aa6150366b/name'
16:10:45.338 [AsyncHttpClient-1-5] DEBUG org.asynchttpclient.netty.handler.HttpHandler - 

Request DefaultFullHttpRequest(decodeResult: success, version: HTTP/1.1, content: EmptyByteBufBE)
GET /session/921d74cf4bf0426f43003831a1c09942/element/cea7eec3-adb9-4f35-be80-e6aa6150366b/name HTTP/1.1
User-Agent: selenium/4.8.1 (java windows)
Cache-Control: no-cache
Content-Type: application/json; charset=utf-8
host: localhost:18587
accept: */*

Response DefaultHttpResponse(decodeResult: success, version: HTTP/1.1)
HTTP/1.1 200 OK
Content-Length: 13
Content-Type: application/json; charset=utf-8
cache-control: no-cache

16:10:45.338 [AsyncHttpClient-1-5] DEBUG org.asynchttpclient.netty.channel.ChannelManager - Adding key: http://localhost:18587 for channel [id: 0xa869ec15, L:/127.0.0.1:50899 - R:localhost/127.0.0.1:18587]
16:10:45.341 [Forwarding findElement on session 921d74cf4bf0426f43003831a1c09942 to remote] DEBUG org.asynchttpclient.netty.request.NettyRequestSender - Using pooled Channel '[id: 0xa869ec15, L:/127.0.0.1:50899 - R:localhost/127.0.0.1:18587]' for 'POST' to 'http://localhost:18587/session/921d74cf4bf0426f43003831a1c09942/element'
16:10:45.341 [Forwarding findElement on session 921d74cf4bf0426f43003831a1c09942 to remote] DEBUG org.asynchttpclient.netty.request.NettyRequestSender - Using open Channel [id: 0xa869ec15, L:/127.0.0.1:50899 - R:localhost/127.0.0.1:18587] for POST '/session/921d74cf4bf0426f43003831a1c09942/element'
16:10:45.345 [AsyncHttpClient-1-5] DEBUG org.asynchttpclient.netty.handler.HttpHandler - 

Request DefaultHttpRequest(decodeResult: success, version: HTTP/1.1)
POST /session/921d74cf4bf0426f43003831a1c09942/element HTTP/1.1
User-Agent: selenium/4.8.1 (java windows)
Content-Length: 84
Content-Type: application/json; charset=utf-8
host: localhost:18587
accept: */*

Response DefaultHttpResponse(decodeResult: success, version: HTTP/1.1)
HTTP/1.1 200 OK
Content-Length: 88
Content-Type: application/json; charset=utf-8
cache-control: no-cache

16:10:45.346 [AsyncHttpClient-1-5] DEBUG org.asynchttpclient.netty.channel.ChannelManager - Adding key: http://localhost:18587 for channel [id: 0xa869ec15, L:/127.0.0.1:50899 - R:localhost/127.0.0.1:18587]
16:10:45.347 [Forwarding clickElement on session 921d74cf4bf0426f43003831a1c09942 to remote] DEBUG org.asynchttpclient.netty.request.NettyRequestSender - Using pooled Channel '[id: 0xa869ec15, L:/127.0.0.1:50899 - R:localhost/127.0.0.1:18587]' for 'POST' to 'http://localhost:18587/session/921d74cf4bf0426f43003831a1c09942/element/cea7eec3-adb9-4f35-be80-e6aa6150366b/click'
16:10:45.347 [Forwarding clickElement on session 921d74cf4bf0426f43003831a1c09942 to remote] DEBUG org.asynchttpclient.netty.request.NettyRequestSender - Using open Channel [id: 0xa869ec15, L:/127.0.0.1:50899 - R:localhost/127.0.0.1:18587] for POST '/session/921d74cf4bf0426f43003831a1c09942/element/cea7eec3-adb9-4f35-be80-e6aa6150366b/click'
16:10:45.387 [AsyncHttpClient-1-5] DEBUG org.asynchttpclient.netty.handler.HttpHandler - 

Request DefaultHttpRequest(decodeResult: success, version: HTTP/1.1)
POST /session/921d74cf4bf0426f43003831a1c09942/element/cea7eec3-adb9-4f35-be80-e6aa6150366b/click HTTP/1.1
User-Agent: selenium/4.8.1 (java windows)
Content-Length: 50
Content-Type: application/json; charset=utf-8
host: localhost:18587
accept: */*

Response DefaultHttpResponse(decodeResult: success, version: HTTP/1.1)
HTTP/1.1 200 OK
Content-Length: 14
Content-Type: application/json; charset=utf-8
cache-control: no-cache

16:10:45.388 [AsyncHttpClient-1-5] DEBUG org.asynchttpclient.netty.channel.ChannelManager - Adding key: http://localhost:18587 for channel [id: 0xa869ec15, L:/127.0.0.1:50899 - R:localhost/127.0.0.1:18587]
16:10:45.393 [Forwarding getAlertText on session 921d74cf4bf0426f43003831a1c09942 to remote] DEBUG org.asynchttpclient.netty.request.NettyRequestSender - Using pooled Channel '[id: 0xa869ec15, L:/127.0.0.1:50899 - R:localhost/127.0.0.1:18587]' for 'GET' to 'http://localhost:18587/session/921d74cf4bf0426f43003831a1c09942/alert/text'
16:10:45.393 [Forwarding getAlertText on session 921d74cf4bf0426f43003831a1c09942 to remote] DEBUG org.asynchttpclient.netty.request.NettyRequestSender - Using open Channel [id: 0xa869ec15, L:/127.0.0.1:50899 - R:localhost/127.0.0.1:18587] for GET '/session/921d74cf4bf0426f43003831a1c09942/alert/text'
16:10:45.396 [AsyncHttpClient-1-5] DEBUG org.asynchttpclient.netty.handler.HttpHandler - 

Request DefaultFullHttpRequest(decodeResult: success, version: HTTP/1.1, content: EmptyByteBufBE)
GET /session/921d74cf4bf0426f43003831a1c09942/alert/text HTTP/1.1
User-Agent: selenium/4.8.1 (java windows)
Cache-Control: no-cache
Content-Type: application/json; charset=utf-8
host: localhost:18587
accept: */*

Response DefaultHttpResponse(decodeResult: success, version: HTTP/1.1)
HTTP/1.1 404 Not Found
Content-Length: 836
Content-Type: application/json; charset=utf-8
cache-control: no-cache

16:10:45.397 [AsyncHttpClient-1-5] DEBUG org.asynchttpclient.netty.channel.ChannelManager - Adding key: http://localhost:18587 for channel [id: 0xa869ec15, L:/127.0.0.1:50899 - R:localhost/127.0.0.1:18587]
16:10:45.398 [Forwarding getCurrentUrl on session 921d74cf4bf0426f43003831a1c09942 to remote] DEBUG org.asynchttpclient.netty.request.NettyRequestSender - Using pooled Channel '[id: 0xa869ec15, L:/127.0.0.1:50899 - R:localhost/127.0.0.1:18587]' for 'GET' to 'http://localhost:18587/session/921d74cf4bf0426f43003831a1c09942/url'
16:10:45.398 [Forwarding getCurrentUrl on session 921d74cf4bf0426f43003831a1c09942 to remote] DEBUG org.asynchttpclient.netty.request.NettyRequestSender - Using open Channel [id: 0xa869ec15, L:/127.0.0.1:50899 - R:localhost/127.0.0.1:18587] for GET '/session/921d74cf4bf0426f43003831a1c09942/url'
16:10:45.402 [AsyncHttpClient-1-5] DEBUG org.asynchttpclient.netty.handler.HttpHandler - 

Request DefaultFullHttpRequest(decodeResult: success, version: HTTP/1.1, content: EmptyByteBufBE)
GET /session/921d74cf4bf0426f43003831a1c09942/url HTTP/1.1
User-Agent: selenium/4.8.1 (java windows)
Cache-Control: no-cache
Content-Type: application/json; charset=utf-8
host: localhost:18587
accept: */*

Response DefaultHttpResponse(decodeResult: success, version: HTTP/1.1)
HTTP/1.1 200 OK
Content-Length: 54
Content-Type: application/json; charset=utf-8
cache-control: no-cache

16:10:45.402 [AsyncHttpClient-1-5] DEBUG org.asynchttpclient.netty.channel.ChannelManager - Adding key: http://localhost:18587 for channel [id: 0xa869ec15, L:/127.0.0.1:50899 - R:localhost/127.0.0.1:18587]
16:10:45.404 [Forwarding screenshot on session 921d74cf4bf0426f43003831a1c09942 to remote] DEBUG org.asynchttpclient.netty.request.NettyRequestSender - Using pooled Channel '[id: 0xa869ec15, L:/127.0.0.1:50899 - R:localhost/127.0.0.1:18587]' for 'GET' to 'http://localhost:18587/session/921d74cf4bf0426f43003831a1c09942/screenshot'
16:10:45.404 [Forwarding screenshot on session 921d74cf4bf0426f43003831a1c09942 to remote] DEBUG org.asynchttpclient.netty.request.NettyRequestSender - Using open Channel [id: 0xa869ec15, L:/127.0.0.1:50899 - R:localhost/127.0.0.1:18587] for GET '/session/921d74cf4bf0426f43003831a1c09942/screenshot'
16:10:45.552 [AsyncHttpClient-1-5] DEBUG org.asynchttpclient.netty.handler.HttpHandler - 

Request DefaultFullHttpRequest(decodeResult: success, version: HTTP/1.1, content: EmptyByteBufBE)
GET /session/921d74cf4bf0426f43003831a1c09942/screenshot HTTP/1.1
User-Agent: selenium/4.8.1 (java windows)
Cache-Control: no-cache
Content-Type: application/json; charset=utf-8
host: localhost:18587
accept: */*

Response DefaultHttpResponse(decodeResult: success, version: HTTP/1.1)
HTTP/1.1 200 OK
Content-Length: 30264
Content-Type: application/json; charset=utf-8
cache-control: no-cache

16:10:45.552 [AsyncHttpClient-1-5] DEBUG org.asynchttpclient.netty.channel.ChannelManager - Adding key: http://localhost:18587 for channel [id: 0xa869ec15, L:/127.0.0.1:50899 - R:localhost/127.0.0.1:18587]
16:10:45.555 [main] DEBUG net.serenitybdd.core.photography.Darkroom - Send negative for processing for target\site\serenity\505ed446d87f15c601566b3d5e217aae23a38785f02d7a378a73cf886890132d.png
16:10:45.555 [main] DEBUG net.thucydides.core.steps.StepInterceptor - STEP DONE: clickRegisterLink
  &amp#27;[32mWhen &amp#27;[0m&amp#27;[32mI go to the alta-shop register page&amp#27;[0m     &amp#27;[90m# starter.stepdefinitions.RegisterSteps.clickLoginButton()&amp#27;[0m
16:10:45.555 [Darkroom Processing Line] DEBUG net.serenitybdd.core.photography.DarkroomProcessingLine - Processing screenshot image in /var/screenshots/screenshot-4612331135265883899
16:10:45.555 [Darkroom Processing Line] DEBUG net.serenitybdd.core.photography.DarkroomProcessingLine - Saving screenshot to target\site\serenity\505ed446d87f15c601566b3d5e217aae23a38785f02d7a378a73cf886890132d.png
16:10:45.564 [Forwarding getPageSource on session 921d74cf4bf0426f43003831a1c09942 to remote] DEBUG org.asynchttpclient.netty.request.NettyRequestSender - Using pooled Channel '[id: 0xa869ec15, L:/127.0.0.1:50899 - R:localhost/127.0.0.1:18587]' for 'POST' to 'http://localhost:18587/session/921d74cf4bf0426f43003831a1c09942/execute/sync'
16:10:45.565 [Forwarding getPageSource on session 921d74cf4bf0426f43003831a1c09942 to remote] DEBUG org.asynchttpclient.netty.request.NettyRequestSender - Using open Channel [id: 0xa869ec15, L:/127.0.0.1:50899 - R:localhost/127.0.0.1:18587] for POST '/session/921d74cf4bf0426f43003831a1c09942/execute/sync'
16:10:45.572 [AsyncHttpClient-1-5] DEBUG org.asynchttpclient.netty.handler.HttpHandler - 

Request DefaultHttpRequest(decodeResult: success, version: HTTP/1.1)
POST /session/921d74cf4bf0426f43003831a1c09942/execute/sync HTTP/1.1
User-Agent: selenium/4.8.1 (java windows)
Content-Length: 176
Content-Type: application/json; charset=utf-8
host: localhost:18587
accept: */*

Response DefaultHttpResponse(decodeResult: success, version: HTTP/1.1)
HTTP/1.1 200 OK
Content-Length: 22314
Content-Type: application/json; charset=utf-8
cache-control: no-cache

16:10:45.572 [AsyncHttpClient-1-5] DEBUG org.asynchttpclient.netty.channel.ChannelManager - Adding key: http://localhost:18587 for channel [id: 0xa869ec15, L:/127.0.0.1:50899 - R:localhost/127.0.0.1:18587]
16:10:45.577 [Forwarding getCurrentUrl on session 921d74cf4bf0426f43003831a1c09942 to remote] DEBUG org.asynchttpclient.netty.request.NettyRequestSender - Using pooled Channel '[id: 0xa869ec15, L:/127.0.0.1:50899 - R:localhost/127.0.0.1:18587]' for 'GET' to 'http://localhost:18587/session/921d74cf4bf0426f43003831a1c09942/url'
16:10:45.577 [Forwarding getCurrentUrl on session 921d74cf4bf0426f43003831a1c09942 to remote] DEBUG org.asynchttpclient.netty.request.NettyRequestSender - Using open Channel [id: 0xa869ec15, L:/127.0.0.1:50899 - R:localhost/127.0.0.1:18587] for GET '/session/921d74cf4bf0426f43003831a1c09942/url'
16:10:45.586 [AsyncHttpClient-1-5] DEBUG org.asynchttpclient.netty.handler.HttpHandler - 

Request DefaultFullHttpRequest(decodeResult: success, version: HTTP/1.1, content: EmptyByteBufBE)
GET /session/921d74cf4bf0426f43003831a1c09942/url HTTP/1.1
User-Agent: selenium/4.8.1 (java windows)
Cache-Control: no-cache
Content-Type: application/json; charset=utf-8
host: localhost:18587
accept: */*

Response DefaultHttpResponse(decodeResult: success, version: HTTP/1.1)
HTTP/1.1 200 OK
Content-Length: 54
Content-Type: application/json; charset=utf-8
cache-control: no-cache

16:10:45.586 [AsyncHttpClient-1-5] DEBUG org.asynchttpclient.netty.channel.ChannelManager - Adding key: http://localhost:18587 for channel [id: 0xa869ec15, L:/127.0.0.1:50899 - R:localhost/127.0.0.1:18587]
16:10:45.599 [Forwarding getPageSource on session 921d74cf4bf0426f43003831a1c09942 to remote] DEBUG org.asynchttpclient.netty.request.NettyRequestSender - Using pooled Channel '[id: 0xa869ec15, L:/127.0.0.1:50899 - R:localhost/127.0.0.1:18587]' for 'POST' to 'http://localhost:18587/session/921d74cf4bf0426f43003831a1c09942/execute/sync'
16:10:45.599 [Forwarding getPageSource on session 921d74cf4bf0426f43003831a1c09942 to remote] DEBUG org.asynchttpclient.netty.request.NettyRequestSender - Using open Channel [id: 0xa869ec15, L:/127.0.0.1:50899 - R:localhost/127.0.0.1:18587] for POST '/session/921d74cf4bf0426f43003831a1c09942/execute/sync'
16:10:45.605 [AsyncHttpClient-1-5] DEBUG org.asynchttpclient.netty.handler.HttpHandler - 

Request DefaultHttpRequest(decodeResult: success, version: HTTP/1.1)
POST /session/921d74cf4bf0426f43003831a1c09942/execute/sync HTTP/1.1
User-Agent: selenium/4.8.1 (java windows)
Content-Length: 176
Content-Type: application/json; charset=utf-8
host: localhost:18587
accept: */*

Response DefaultHttpResponse(decodeResult: success, version: HTTP/1.1)
HTTP/1.1 200 OK
Content-Length: 22314
Content-Type: application/json; charset=utf-8
cache-control: no-cache

16:10:45.605 [AsyncHttpClient-1-5] DEBUG org.asynchttpclient.netty.channel.ChannelManager - Adding key: http://localhost:18587 for channel [id: 0xa869ec15, L:/127.0.0.1:50899 - R:localhost/127.0.0.1:18587]
16:10:45.608 [Forwarding getCurrentUrl on session 921d74cf4bf0426f43003831a1c09942 to remote] DEBUG org.asynchttpclient.netty.request.NettyRequestSender - Using pooled Channel '[id: 0xa869ec15, L:/127.0.0.1:50899 - R:localhost/127.0.0.1:18587]' for 'GET' to 'http://localhost:18587/session/921d74cf4bf0426f43003831a1c09942/url'
16:10:45.608 [Forwarding getCurrentUrl on session 921d74cf4bf0426f43003831a1c09942 to remote] DEBUG org.asynchttpclient.netty.request.NettyRequestSender - Using open Channel [id: 0xa869ec15, L:/127.0.0.1:50899 - R:localhost/127.0.0.1:18587] for GET '/session/921d74cf4bf0426f43003831a1c09942/url'
16:10:45.612 [AsyncHttpClient-1-5] DEBUG org.asynchttpclient.netty.handler.HttpHandler - 

Request DefaultFullHttpRequest(decodeResult: success, version: HTTP/1.1, content: EmptyByteBufBE)
GET /session/921d74cf4bf0426f43003831a1c09942/url HTTP/1.1
User-Agent: selenium/4.8.1 (java windows)
Cache-Control: no-cache
Content-Type: application/json; charset=utf-8
host: localhost:18587
accept: */*

Response DefaultHttpResponse(decodeResult: success, version: HTTP/1.1)
HTTP/1.1 200 OK
Content-Length: 54
Content-Type: application/json; charset=utf-8
cache-control: no-cache

16:10:45.612 [AsyncHttpClient-1-5] DEBUG org.asynchttpclient.netty.channel.ChannelManager - Adding key: http://localhost:18587 for channel [id: 0xa869ec15, L:/127.0.0.1:50899 - R:localhost/127.0.0.1:18587]
16:10:45.614 [main] DEBUG net.thucydides.core.steps.StepInterceptor - STARTING STEP: RegisterSteps.inputInvalidFullnameReg - inputFullnameReg
16:10:45.616 [Forwarding findElement on session 921d74cf4bf0426f43003831a1c09942 to remote] DEBUG org.asynchttpclient.netty.request.NettyRequestSender - Using pooled Channel '[id: 0xa869ec15, L:/127.0.0.1:50899 - R:localhost/127.0.0.1:18587]' for 'POST' to 'http://localhost:18587/session/921d74cf4bf0426f43003831a1c09942/element'
16:10:45.616 [Forwarding findElement on session 921d74cf4bf0426f43003831a1c09942 to remote] DEBUG org.asynchttpclient.netty.request.NettyRequestSender - Using open Channel [id: 0xa869ec15, L:/127.0.0.1:50899 - R:localhost/127.0.0.1:18587] for POST '/session/921d74cf4bf0426f43003831a1c09942/element'
16:10:45.626 [AsyncHttpClient-1-5] DEBUG org.asynchttpclient.netty.handler.HttpHandler - 

Request DefaultHttpRequest(decodeResult: success, version: HTTP/1.1)
POST /session/921d74cf4bf0426f43003831a1c09942/element HTTP/1.1
User-Agent: selenium/4.8.1 (java windows)
Content-Length: 55
Content-Type: application/json; charset=utf-8
host: localhost:18587
accept: */*

Response DefaultHttpResponse(decodeResult: success, version: HTTP/1.1)
HTTP/1.1 200 OK
Content-Length: 88
Content-Type: application/json; charset=utf-8
cache-control: no-cache

16:10:45.626 [AsyncHttpClient-1-5] DEBUG org.asynchttpclient.netty.channel.ChannelManager - Adding key: http://localhost:18587 for channel [id: 0xa869ec15, L:/127.0.0.1:50899 - R:localhost/127.0.0.1:18587]
16:10:45.627 [Forwarding clearElement on session 921d74cf4bf0426f43003831a1c09942 to remote] DEBUG org.asynchttpclient.netty.request.NettyRequestSender - Using pooled Channel '[id: 0xa869ec15, L:/127.0.0.1:50899 - R:localhost/127.0.0.1:18587]' for 'POST' to 'http://localhost:18587/session/921d74cf4bf0426f43003831a1c09942/element/328db38f-a169-4957-a56d-65d33e035b26/clear'
16:10:45.627 [Forwarding clearElement on session 921d74cf4bf0426f43003831a1c09942 to remote] DEBUG org.asynchttpclient.netty.request.NettyRequestSender - Using open Channel [id: 0xa869ec15, L:/127.0.0.1:50899 - R:localhost/127.0.0.1:18587] for POST '/session/921d74cf4bf0426f43003831a1c09942/element/328db38f-a169-4957-a56d-65d33e035b26/clear'
16:10:45.653 [AsyncHttpClient-1-5] DEBUG org.asynchttpclient.netty.handler.HttpHandler - 

Request DefaultHttpRequest(decodeResult: success, version: HTTP/1.1)
POST /session/921d74cf4bf0426f43003831a1c09942/element/328db38f-a169-4957-a56d-65d33e035b26/clear HTTP/1.1
User-Agent: selenium/4.8.1 (java windows)
Content-Length: 50
Content-Type: application/json; charset=utf-8
host: localhost:18587
accept: */*

Response DefaultHttpResponse(decodeResult: success, version: HTTP/1.1)
HTTP/1.1 200 OK
Content-Length: 14
Content-Type: application/json; charset=utf-8
cache-control: no-cache

16:10:45.653 [AsyncHttpClient-1-5] DEBUG org.asynchttpclient.netty.channel.ChannelManager - Adding key: http://localhost:18587 for channel [id: 0xa869ec15, L:/127.0.0.1:50899 - R:localhost/127.0.0.1:18587]
16:10:45.655 [Forwarding sendKeysToElement on session 921d74cf4bf0426f43003831a1c09942 to remote] DEBUG org.asynchttpclient.netty.request.NettyRequestSender - Using pooled Channel '[id: 0xa869ec15, L:/127.0.0.1:50899 - R:localhost/127.0.0.1:18587]' for 'POST' to 'http://localhost:18587/session/921d74cf4bf0426f43003831a1c09942/element/328db38f-a169-4957-a56d-65d33e035b26/value'
16:10:45.655 [Forwarding sendKeysToElement on session 921d74cf4bf0426f43003831a1c09942 to remote] DEBUG org.asynchttpclient.netty.request.NettyRequestSender - Using open Channel [id: 0xa869ec15, L:/127.0.0.1:50899 - R:localhost/127.0.0.1:18587] for POST '/session/921d74cf4bf0426f43003831a1c09942/element/328db38f-a169-4957-a56d-65d33e035b26/value'
16:10:45.660 [AsyncHttpClient-1-1] DEBUG org.asynchttpclient.netty.channel.DefaultChannelPool - Entry count for : http://localhost:50902 : 1
16:10:45.690 [AsyncHttpClient-1-5] DEBUG org.asynchttpclient.netty.handler.HttpHandler - 

Request DefaultHttpRequest(decodeResult: success, version: HTTP/1.1)
POST /session/921d74cf4bf0426f43003831a1c09942/element/328db38f-a169-4957-a56d-65d33e035b26/value HTTP/1.1
User-Agent: selenium/4.8.1 (java windows)
Content-Length: 82
Content-Type: application/json; charset=utf-8
host: localhost:18587
accept: */*

Response DefaultHttpResponse(decodeResult: success, version: HTTP/1.1)
HTTP/1.1 200 OK
Content-Length: 14
Content-Type: application/json; charset=utf-8
cache-control: no-cache

16:10:45.690 [AsyncHttpClient-1-5] DEBUG org.asynchttpclient.netty.channel.ChannelManager - Adding key: http://localhost:18587 for channel [id: 0xa869ec15, L:/127.0.0.1:50899 - R:localhost/127.0.0.1:18587]
16:10:45.697 [Forwarding getAlertText on session 921d74cf4bf0426f43003831a1c09942 to remote] DEBUG org.asynchttpclient.netty.request.NettyRequestSender - Using pooled Channel '[id: 0xa869ec15, L:/127.0.0.1:50899 - R:localhost/127.0.0.1:18587]' for 'GET' to 'http://localhost:18587/session/921d74cf4bf0426f43003831a1c09942/alert/text'
16:10:45.697 [Forwarding getAlertText on session 921d74cf4bf0426f43003831a1c09942 to remote] DEBUG org.asynchttpclient.netty.request.NettyRequestSender - Using open Channel [id: 0xa869ec15, L:/127.0.0.1:50899 - R:localhost/127.0.0.1:18587] for GET '/session/921d74cf4bf0426f43003831a1c09942/alert/text'
16:10:45.698 [AsyncHttpClient-1-5] DEBUG org.asynchttpclient.netty.handler.HttpHandler - 

Request DefaultFullHttpRequest(decodeResult: success, version: HTTP/1.1, content: EmptyByteBufBE)
GET /session/921d74cf4bf0426f43003831a1c09942/alert/text HTTP/1.1
User-Agent: selenium/4.8.1 (java windows)
Cache-Control: no-cache
Content-Type: application/json; charset=utf-8
host: localhost:18587
accept: */*

Response DefaultHttpResponse(decodeResult: success, version: HTTP/1.1)
HTTP/1.1 404 Not Found
Content-Length: 836
Content-Type: application/json; charset=utf-8
cache-control: no-cache

16:10:45.698 [AsyncHttpClient-1-5] DEBUG org.asynchttpclient.netty.channel.ChannelManager - Adding key: http://localhost:18587 for channel [id: 0xa869ec15, L:/127.0.0.1:50899 - R:localhost/127.0.0.1:18587]
16:10:45.700 [Forwarding getCurrentUrl on session 921d74cf4bf0426f43003831a1c09942 to remote] DEBUG org.asynchttpclient.netty.request.NettyRequestSender - Using pooled Channel '[id: 0xa869ec15, L:/127.0.0.1:50899 - R:localhost/127.0.0.1:18587]' for 'GET' to 'http://localhost:18587/session/921d74cf4bf0426f43003831a1c09942/url'
16:10:45.700 [Forwarding getCurrentUrl on session 921d74cf4bf0426f43003831a1c09942 to remote] DEBUG org.asynchttpclient.netty.request.NettyRequestSender - Using open Channel [id: 0xa869ec15, L:/127.0.0.1:50899 - R:localhost/127.0.0.1:18587] for GET '/session/921d74cf4bf0426f43003831a1c09942/url'
16:10:45.703 [AsyncHttpClient-1-5] DEBUG org.asynchttpclient.netty.handler.HttpHandler - 

Request DefaultFullHttpRequest(decodeResult: success, version: HTTP/1.1, content: EmptyByteBufBE)
GET /session/921d74cf4bf0426f43003831a1c09942/url HTTP/1.1
User-Agent: selenium/4.8.1 (java windows)
Cache-Control: no-cache
Content-Type: application/json; charset=utf-8
host: localhost:18587
accept: */*

Response DefaultHttpResponse(decodeResult: success, version: HTTP/1.1)
HTTP/1.1 200 OK
Content-Length: 54
Content-Type: application/json; charset=utf-8
cache-control: no-cache

16:10:45.703 [AsyncHttpClient-1-5] DEBUG org.asynchttpclient.netty.channel.ChannelManager - Adding key: http://localhost:18587 for channel [id: 0xa869ec15, L:/127.0.0.1:50899 - R:localhost/127.0.0.1:18587]
16:10:45.703 [Forwarding screenshot on session 921d74cf4bf0426f43003831a1c09942 to remote] DEBUG org.asynchttpclient.netty.request.NettyRequestSender - Using pooled Channel '[id: 0xa869ec15, L:/127.0.0.1:50899 - R:localhost/127.0.0.1:18587]' for 'GET' to 'http://localhost:18587/session/921d74cf4bf0426f43003831a1c09942/screenshot'
16:10:45.703 [Forwarding screenshot on session 921d74cf4bf0426f43003831a1c09942 to remote] DEBUG org.asynchttpclient.netty.request.NettyRequestSender - Using open Channel [id: 0xa869ec15, L:/127.0.0.1:50899 - R:localhost/127.0.0.1:18587] for GET '/session/921d74cf4bf0426f43003831a1c09942/screenshot'
16:10:45.827 [AsyncHttpClient-1-5] DEBUG org.asynchttpclient.netty.handler.HttpHandler - 

Request DefaultFullHttpRequest(decodeResult: success, version: HTTP/1.1, content: EmptyByteBufBE)
GET /session/921d74cf4bf0426f43003831a1c09942/screenshot HTTP/1.1
User-Agent: selenium/4.8.1 (java windows)
Cache-Control: no-cache
Content-Type: application/json; charset=utf-8
host: localhost:18587
accept: */*

Response DefaultHttpResponse(decodeResult: success, version: HTTP/1.1)
HTTP/1.1 200 OK
Content-Length: 30432
Content-Type: application/json; charset=utf-8
cache-control: no-cache

16:10:45.828 [AsyncHttpClient-1-5] DEBUG org.asynchttpclient.netty.channel.ChannelManager - Adding key: http://localhost:18587 for channel [id: 0xa869ec15, L:/127.0.0.1:50899 - R:localhost/127.0.0.1:18587]
16:10:45.828 [main] DEBUG net.serenitybdd.core.photography.Darkroom - Send negative for processing for target\site\serenity\ffc20fe551e0da0ac45418fec1f15b3a03b8ea4ce62503cf917956c220319b7a.png
16:10:45.828 [main] DEBUG net.thucydides.core.steps.StepInterceptor - STEP DONE: inputFullnameReg
  &amp#27;[32mAnd &amp#27;[0m&amp#27;[32mI input nothing in fullname for register&amp#27;[0m &amp#27;[90m# starter.stepdefinitions.RegisterSteps.inputInvalidFullnameReg()&amp#27;[0m
16:10:45.828 [Darkroom Processing Line] DEBUG net.serenitybdd.core.photography.DarkroomProcessingLine - Processing screenshot image in /var/screenshots/screenshot-6149443571390089012
16:10:45.828 [Darkroom Processing Line] DEBUG net.serenitybdd.core.photography.DarkroomProcessingLine - Saving screenshot to target\site\serenity\ffc20fe551e0da0ac45418fec1f15b3a03b8ea4ce62503cf917956c220319b7a.png
16:10:45.835 [Forwarding getPageSource on session 921d74cf4bf0426f43003831a1c09942 to remote] DEBUG org.asynchttpclient.netty.request.NettyRequestSender - Using pooled Channel '[id: 0xa869ec15, L:/127.0.0.1:50899 - R:localhost/127.0.0.1:18587]' for 'POST' to 'http://localhost:18587/session/921d74cf4bf0426f43003831a1c09942/execute/sync'
16:10:45.835 [Forwarding getPageSource on session 921d74cf4bf0426f43003831a1c09942 to remote] DEBUG org.asynchttpclient.netty.request.NettyRequestSender - Using open Channel [id: 0xa869ec15, L:/127.0.0.1:50899 - R:localhost/127.0.0.1:18587] for POST '/session/921d74cf4bf0426f43003831a1c09942/execute/sync'
16:10:45.840 [AsyncHttpClient-1-5] DEBUG org.asynchttpclient.netty.handler.HttpHandler - 

Request DefaultHttpRequest(decodeResult: success, version: HTTP/1.1)
POST /session/921d74cf4bf0426f43003831a1c09942/execute/sync HTTP/1.1
User-Agent: selenium/4.8.1 (java windows)
Content-Length: 176
Content-Type: application/json; charset=utf-8
host: localhost:18587
accept: */*

Response DefaultHttpResponse(decodeResult: success, version: HTTP/1.1)
HTTP/1.1 200 OK
Content-Length: 22392
Content-Type: application/json; charset=utf-8
cache-control: no-cache

16:10:45.840 [AsyncHttpClient-1-5] DEBUG org.asynchttpclient.netty.channel.ChannelManager - Adding key: http://localhost:18587 for channel [id: 0xa869ec15, L:/127.0.0.1:50899 - R:localhost/127.0.0.1:18587]
16:10:45.842 [Forwarding getCurrentUrl on session 921d74cf4bf0426f43003831a1c09942 to remote] DEBUG org.asynchttpclient.netty.request.NettyRequestSender - Using pooled Channel '[id: 0xa869ec15, L:/127.0.0.1:50899 - R:localhost/127.0.0.1:18587]' for 'GET' to 'http://localhost:18587/session/921d74cf4bf0426f43003831a1c09942/url'
16:10:45.842 [Forwarding getCurrentUrl on session 921d74cf4bf0426f43003831a1c09942 to remote] DEBUG org.asynchttpclient.netty.request.NettyRequestSender - Using open Channel [id: 0xa869ec15, L:/127.0.0.1:50899 - R:localhost/127.0.0.1:18587] for GET '/session/921d74cf4bf0426f43003831a1c09942/url'
16:10:45.844 [AsyncHttpClient-1-5] DEBUG org.asynchttpclient.netty.handler.HttpHandler - 

Request DefaultFullHttpRequest(decodeResult: success, version: HTTP/1.1, content: EmptyByteBufBE)
GET /session/921d74cf4bf0426f43003831a1c09942/url HTTP/1.1
User-Agent: selenium/4.8.1 (java windows)
Cache-Control: no-cache
Content-Type: application/json; charset=utf-8
host: localhost:18587
accept: */*

Response DefaultHttpResponse(decodeResult: success, version: HTTP/1.1)
HTTP/1.1 200 OK
Content-Length: 54
Content-Type: application/json; charset=utf-8
cache-control: no-cache

16:10:45.845 [AsyncHttpClient-1-5] DEBUG org.asynchttpclient.netty.channel.ChannelManager - Adding key: http://localhost:18587 for channel [id: 0xa869ec15, L:/127.0.0.1:50899 - R:localhost/127.0.0.1:18587]
16:10:45.853 [Forwarding getPageSource on session 921d74cf4bf0426f43003831a1c09942 to remote] DEBUG org.asynchttpclient.netty.request.NettyRequestSender - Using pooled Channel '[id: 0xa869ec15, L:/127.0.0.1:50899 - R:localhost/127.0.0.1:18587]' for 'POST' to 'http://localhost:18587/session/921d74cf4bf0426f43003831a1c09942/execute/sync'
16:10:45.853 [Forwarding getPageSource on session 921d74cf4bf0426f43003831a1c09942 to remote] DEBUG org.asynchttpclient.netty.request.NettyRequestSender - Using open Channel [id: 0xa869ec15, L:/127.0.0.1:50899 - R:localhost/127.0.0.1:18587] for POST '/session/921d74cf4bf0426f43003831a1c09942/execute/sync'
16:10:45.857 [AsyncHttpClient-1-5] DEBUG org.asynchttpclient.netty.handler.HttpHandler - 

Request DefaultHttpRequest(decodeResult: success, version: HTTP/1.1)
POST /session/921d74cf4bf0426f43003831a1c09942/execute/sync HTTP/1.1
User-Agent: selenium/4.8.1 (java windows)
Content-Length: 176
Content-Type: application/json; charset=utf-8
host: localhost:18587
accept: */*

Response DefaultHttpResponse(decodeResult: success, version: HTTP/1.1)
HTTP/1.1 200 OK
Content-Length: 22392
Content-Type: application/json; charset=utf-8
cache-control: no-cache

16:10:45.857 [AsyncHttpClient-1-5] DEBUG org.asynchttpclient.netty.channel.ChannelManager - Adding key: http://localhost:18587 for channel [id: 0xa869ec15, L:/127.0.0.1:50899 - R:localhost/127.0.0.1:18587]
16:10:45.859 [Forwarding getCurrentUrl on session 921d74cf4bf0426f43003831a1c09942 to remote] DEBUG org.asynchttpclient.netty.request.NettyRequestSender - Using pooled Channel '[id: 0xa869ec15, L:/127.0.0.1:50899 - R:localhost/127.0.0.1:18587]' for 'GET' to 'http://localhost:18587/session/921d74cf4bf0426f43003831a1c09942/url'
16:10:45.859 [Forwarding getCurrentUrl on session 921d74cf4bf0426f43003831a1c09942 to remote] DEBUG org.asynchttpclient.netty.request.NettyRequestSender - Using open Channel [id: 0xa869ec15, L:/127.0.0.1:50899 - R:localhost/127.0.0.1:18587] for GET '/session/921d74cf4bf0426f43003831a1c09942/url'
16:10:45.863 [AsyncHttpClient-1-5] DEBUG org.asynchttpclient.netty.handler.HttpHandler - 

Request DefaultFullHttpRequest(decodeResult: success, version: HTTP/1.1, content: EmptyByteBufBE)
GET /session/921d74cf4bf0426f43003831a1c09942/url HTTP/1.1
User-Agent: selenium/4.8.1 (java windows)
Cache-Control: no-cache
Content-Type: application/json; charset=utf-8
host: localhost:18587
accept: */*

Response DefaultHttpResponse(decodeResult: success, version: HTTP/1.1)
HTTP/1.1 200 OK
Content-Length: 54
Content-Type: application/json; charset=utf-8
cache-control: no-cache

16:10:45.863 [AsyncHttpClient-1-5] DEBUG org.asynchttpclient.netty.channel.ChannelManager - Adding key: http://localhost:18587 for channel [id: 0xa869ec15, L:/127.0.0.1:50899 - R:localhost/127.0.0.1:18587]
16:10:45.865 [main] DEBUG net.thucydides.core.steps.StepInterceptor - STARTING STEP: RegisterSteps.inputEmailReg - inputEmailReg
16:10:45.867 [Forwarding findElement on session 921d74cf4bf0426f43003831a1c09942 to remote] DEBUG org.asynchttpclient.netty.request.NettyRequestSender - Using pooled Channel '[id: 0xa869ec15, L:/127.0.0.1:50899 - R:localhost/127.0.0.1:18587]' for 'POST' to 'http://localhost:18587/session/921d74cf4bf0426f43003831a1c09942/element'
16:10:45.867 [Forwarding findElement on session 921d74cf4bf0426f43003831a1c09942 to remote] DEBUG org.asynchttpclient.netty.request.NettyRequestSender - Using open Channel [id: 0xa869ec15, L:/127.0.0.1:50899 - R:localhost/127.0.0.1:18587] for POST '/session/921d74cf4bf0426f43003831a1c09942/element'
16:10:45.875 [AsyncHttpClient-1-5] DEBUG org.asynchttpclient.netty.handler.HttpHandler - 

Request DefaultHttpRequest(decodeResult: success, version: HTTP/1.1)
POST /session/921d74cf4bf0426f43003831a1c09942/element HTTP/1.1
User-Agent: selenium/4.8.1 (java windows)
Content-Length: 55
Content-Type: application/json; charset=utf-8
host: localhost:18587
accept: */*

Response DefaultHttpResponse(decodeResult: success, version: HTTP/1.1)
HTTP/1.1 200 OK
Content-Length: 88
Content-Type: application/json; charset=utf-8
cache-control: no-cache

16:10:45.875 [AsyncHttpClient-1-5] DEBUG org.asynchttpclient.netty.channel.ChannelManager - Adding key: http://localhost:18587 for channel [id: 0xa869ec15, L:/127.0.0.1:50899 - R:localhost/127.0.0.1:18587]
16:10:45.876 [Forwarding clearElement on session 921d74cf4bf0426f43003831a1c09942 to remote] DEBUG org.asynchttpclient.netty.request.NettyRequestSender - Using pooled Channel '[id: 0xa869ec15, L:/127.0.0.1:50899 - R:localhost/127.0.0.1:18587]' for 'POST' to 'http://localhost:18587/session/921d74cf4bf0426f43003831a1c09942/element/6de5af20-1493-414c-ab45-32963996454f/clear'
16:10:45.876 [Forwarding clearElement on session 921d74cf4bf0426f43003831a1c09942 to remote] DEBUG org.asynchttpclient.netty.request.NettyRequestSender - Using open Channel [id: 0xa869ec15, L:/127.0.0.1:50899 - R:localhost/127.0.0.1:18587] for POST '/session/921d74cf4bf0426f43003831a1c09942/element/6de5af20-1493-414c-ab45-32963996454f/clear'
16:10:45.902 [AsyncHttpClient-1-5] DEBUG org.asynchttpclient.netty.handler.HttpHandler - 

Request DefaultHttpRequest(decodeResult: success, version: HTTP/1.1)
POST /session/921d74cf4bf0426f43003831a1c09942/element/6de5af20-1493-414c-ab45-32963996454f/clear HTTP/1.1
User-Agent: selenium/4.8.1 (java windows)
Content-Length: 50
Content-Type: application/json; charset=utf-8
host: localhost:18587
accept: */*

Response DefaultHttpResponse(decodeResult: success, version: HTTP/1.1)
HTTP/1.1 200 OK
Content-Length: 14
Content-Type: application/json; charset=utf-8
cache-control: no-cache

16:10:45.902 [AsyncHttpClient-1-5] DEBUG org.asynchttpclient.netty.channel.ChannelManager - Adding key: http://localhost:18587 for channel [id: 0xa869ec15, L:/127.0.0.1:50899 - R:localhost/127.0.0.1:18587]
16:10:45.904 [Forwarding sendKeysToElement on session 921d74cf4bf0426f43003831a1c09942 to remote] DEBUG org.asynchttpclient.netty.request.NettyRequestSender - Using pooled Channel '[id: 0xa869ec15, L:/127.0.0.1:50899 - R:localhost/127.0.0.1:18587]' for 'POST' to 'http://localhost:18587/session/921d74cf4bf0426f43003831a1c09942/element/6de5af20-1493-414c-ab45-32963996454f/value'
16:10:45.904 [Forwarding sendKeysToElement on session 921d74cf4bf0426f43003831a1c09942 to remote] DEBUG org.asynchttpclient.netty.request.NettyRequestSender - Using open Channel [id: 0xa869ec15, L:/127.0.0.1:50899 - R:localhost/127.0.0.1:18587] for POST '/session/921d74cf4bf0426f43003831a1c09942/element/6de5af20-1493-414c-ab45-32963996454f/value'
16:10:46.006 [AsyncHttpClient-1-5] DEBUG org.asynchttpclient.netty.handler.HttpHandler - 

Request DefaultHttpRequest(decodeResult: success, version: HTTP/1.1)
POST /session/921d74cf4bf0426f43003831a1c09942/element/6de5af20-1493-414c-ab45-32963996454f/value HTTP/1.1
User-Agent: selenium/4.8.1 (java windows)
Content-Length: 331
Content-Type: application/json; charset=utf-8
host: localhost:18587
accept: */*

Response DefaultHttpResponse(decodeResult: success, version: HTTP/1.1)
HTTP/1.1 200 OK
Content-Length: 14
Content-Type: application/json; charset=utf-8
cache-control: no-cache

16:10:46.007 [AsyncHttpClient-1-5] DEBUG org.asynchttpclient.netty.channel.ChannelManager - Adding key: http://localhost:18587 for channel [id: 0xa869ec15, L:/127.0.0.1:50899 - R:localhost/127.0.0.1:18587]
16:10:46.011 [Forwarding getAlertText on session 921d74cf4bf0426f43003831a1c09942 to remote] DEBUG org.asynchttpclient.netty.request.NettyRequestSender - Using pooled Channel '[id: 0xa869ec15, L:/127.0.0.1:50899 - R:localhost/127.0.0.1:18587]' for 'GET' to 'http://localhost:18587/session/921d74cf4bf0426f43003831a1c09942/alert/text'
16:10:46.011 [Forwarding getAlertText on session 921d74cf4bf0426f43003831a1c09942 to remote] DEBUG org.asynchttpclient.netty.request.NettyRequestSender - Using open Channel [id: 0xa869ec15, L:/127.0.0.1:50899 - R:localhost/127.0.0.1:18587] for GET '/session/921d74cf4bf0426f43003831a1c09942/alert/text'
16:10:46.014 [AsyncHttpClient-1-5] DEBUG org.asynchttpclient.netty.handler.HttpHandler - 

Request DefaultFullHttpRequest(decodeResult: success, version: HTTP/1.1, content: EmptyByteBufBE)
GET /session/921d74cf4bf0426f43003831a1c09942/alert/text HTTP/1.1
User-Agent: selenium/4.8.1 (java windows)
Cache-Control: no-cache
Content-Type: application/json; charset=utf-8
host: localhost:18587
accept: */*

Response DefaultHttpResponse(decodeResult: success, version: HTTP/1.1)
HTTP/1.1 404 Not Found
Content-Length: 836
Content-Type: application/json; charset=utf-8
cache-control: no-cache

16:10:46.014 [AsyncHttpClient-1-5] DEBUG org.asynchttpclient.netty.channel.ChannelManager - Adding key: http://localhost:18587 for channel [id: 0xa869ec15, L:/127.0.0.1:50899 - R:localhost/127.0.0.1:18587]
16:10:46.015 [Forwarding getCurrentUrl on session 921d74cf4bf0426f43003831a1c09942 to remote] DEBUG org.asynchttpclient.netty.request.NettyRequestSender - Using pooled Channel '[id: 0xa869ec15, L:/127.0.0.1:50899 - R:localhost/127.0.0.1:18587]' for 'GET' to 'http://localhost:18587/session/921d74cf4bf0426f43003831a1c09942/url'
16:10:46.015 [Forwarding getCurrentUrl on session 921d74cf4bf0426f43003831a1c09942 to remote] DEBUG org.asynchttpclient.netty.request.NettyRequestSender - Using open Channel [id: 0xa869ec15, L:/127.0.0.1:50899 - R:localhost/127.0.0.1:18587] for GET '/session/921d74cf4bf0426f43003831a1c09942/url'
16:10:46.017 [AsyncHttpClient-1-5] DEBUG org.asynchttpclient.netty.handler.HttpHandler - 

Request DefaultFullHttpRequest(decodeResult: success, version: HTTP/1.1, content: EmptyByteBufBE)
GET /session/921d74cf4bf0426f43003831a1c09942/url HTTP/1.1
User-Agent: selenium/4.8.1 (java windows)
Cache-Control: no-cache
Content-Type: application/json; charset=utf-8
host: localhost:18587
accept: */*

Response DefaultHttpResponse(decodeResult: success, version: HTTP/1.1)
HTTP/1.1 200 OK
Content-Length: 54
Content-Type: application/json; charset=utf-8
cache-control: no-cache

16:10:46.017 [AsyncHttpClient-1-5] DEBUG org.asynchttpclient.netty.channel.ChannelManager - Adding key: http://localhost:18587 for channel [id: 0xa869ec15, L:/127.0.0.1:50899 - R:localhost/127.0.0.1:18587]
16:10:46.018 [Forwarding screenshot on session 921d74cf4bf0426f43003831a1c09942 to remote] DEBUG org.asynchttpclient.netty.request.NettyRequestSender - Using pooled Channel '[id: 0xa869ec15, L:/127.0.0.1:50899 - R:localhost/127.0.0.1:18587]' for 'GET' to 'http://localhost:18587/session/921d74cf4bf0426f43003831a1c09942/screenshot'
16:10:46.018 [Forwarding screenshot on session 921d74cf4bf0426f43003831a1c09942 to remote] DEBUG org.asynchttpclient.netty.request.NettyRequestSender - Using open Channel [id: 0xa869ec15, L:/127.0.0.1:50899 - R:localhost/127.0.0.1:18587] for GET '/session/921d74cf4bf0426f43003831a1c09942/screenshot'
16:10:46.111 [AsyncHttpClient-1-5] DEBUG org.asynchttpclient.netty.handler.HttpHandler - 

Request DefaultFullHttpRequest(decodeResult: success, version: HTTP/1.1, content: EmptyByteBufBE)
GET /session/921d74cf4bf0426f43003831a1c09942/screenshot HTTP/1.1
User-Agent: selenium/4.8.1 (java windows)
Cache-Control: no-cache
Content-Type: application/json; charset=utf-8
host: localhost:18587
accept: */*

Response DefaultHttpResponse(decodeResult: success, version: HTTP/1.1)
HTTP/1.1 200 OK
Content-Length: 38208
Content-Type: application/json; charset=utf-8
cache-control: no-cache

16:10:46.111 [AsyncHttpClient-1-5] DEBUG org.asynchttpclient.netty.channel.ChannelManager - Adding key: http://localhost:18587 for channel [id: 0xa869ec15, L:/127.0.0.1:50899 - R:localhost/127.0.0.1:18587]
16:10:46.113 [main] DEBUG net.serenitybdd.core.photography.Darkroom - Send negative for processing for target\site\serenity\fd8405de57480f1417f7afc724cbad1b08af2280da9cb6e60e5320257f64600a.png
16:10:46.113 [main] DEBUG net.thucydides.core.steps.StepInterceptor - STEP DONE: inputEmailReg
  &amp#27;[32mAnd &amp#27;[0m&amp#27;[32mI input correct email for register&amp#27;[0m       &amp#27;[90m# starter.stepdefinitions.RegisterSteps.inputEmailReg()&amp#27;[0m
16:10:46.113 [Darkroom Processing Line] DEBUG net.serenitybdd.core.photography.DarkroomProcessingLine - Processing screenshot image in /var/screenshots/screenshot-3291096962531388887
16:10:46.113 [Darkroom Processing Line] DEBUG net.serenitybdd.core.photography.DarkroomProcessingLine - Saving screenshot to target\site\serenity\fd8405de57480f1417f7afc724cbad1b08af2280da9cb6e60e5320257f64600a.png
16:10:46.119 [Forwarding getPageSource on session 921d74cf4bf0426f43003831a1c09942 to remote] DEBUG org.asynchttpclient.netty.request.NettyRequestSender - Using pooled Channel '[id: 0xa869ec15, L:/127.0.0.1:50899 - R:localhost/127.0.0.1:18587]' for 'POST' to 'http://localhost:18587/session/921d74cf4bf0426f43003831a1c09942/execute/sync'
16:10:46.119 [Forwarding getPageSource on session 921d74cf4bf0426f43003831a1c09942 to remote] DEBUG org.asynchttpclient.netty.request.NettyRequestSender - Using open Channel [id: 0xa869ec15, L:/127.0.0.1:50899 - R:localhost/127.0.0.1:18587] for POST '/session/921d74cf4bf0426f43003831a1c09942/execute/sync'
16:10:46.126 [AsyncHttpClient-1-5] DEBUG org.asynchttpclient.netty.handler.HttpHandler - 

Request DefaultHttpRequest(decodeResult: success, version: HTTP/1.1)
POST /session/921d74cf4bf0426f43003831a1c09942/execute/sync HTTP/1.1
User-Agent: selenium/4.8.1 (java windows)
Content-Length: 176
Content-Type: application/json; charset=utf-8
host: localhost:18587
accept: */*

Response DefaultHttpResponse(decodeResult: success, version: HTTP/1.1)
HTTP/1.1 200 OK
Content-Length: 22435
Content-Type: application/json; charset=utf-8
cache-control: no-cache

16:10:46.126 [AsyncHttpClient-1-5] DEBUG org.asynchttpclient.netty.channel.ChannelManager - Adding key: http://localhost:18587 for channel [id: 0xa869ec15, L:/127.0.0.1:50899 - R:localhost/127.0.0.1:18587]
16:10:46.128 [Forwarding getCurrentUrl on session 921d74cf4bf0426f43003831a1c09942 to remote] DEBUG org.asynchttpclient.netty.request.NettyRequestSender - Using pooled Channel '[id: 0xa869ec15, L:/127.0.0.1:50899 - R:localhost/127.0.0.1:18587]' for 'GET' to 'http://localhost:18587/session/921d74cf4bf0426f43003831a1c09942/url'
16:10:46.128 [Forwarding getCurrentUrl on session 921d74cf4bf0426f43003831a1c09942 to remote] DEBUG org.asynchttpclient.netty.request.NettyRequestSender - Using open Channel [id: 0xa869ec15, L:/127.0.0.1:50899 - R:localhost/127.0.0.1:18587] for GET '/session/921d74cf4bf0426f43003831a1c09942/url'
16:10:46.132 [AsyncHttpClient-1-5] DEBUG org.asynchttpclient.netty.handler.HttpHandler - 

Request DefaultFullHttpRequest(decodeResult: success, version: HTTP/1.1, content: EmptyByteBufBE)
GET /session/921d74cf4bf0426f43003831a1c09942/url HTTP/1.1
User-Agent: selenium/4.8.1 (java windows)
Cache-Control: no-cache
Content-Type: application/json; charset=utf-8
host: localhost:18587
accept: */*

Response DefaultHttpResponse(decodeResult: success, version: HTTP/1.1)
HTTP/1.1 200 OK
Content-Length: 54
Content-Type: application/json; charset=utf-8
cache-control: no-cache

16:10:46.132 [AsyncHttpClient-1-5] DEBUG org.asynchttpclient.netty.channel.ChannelManager - Adding key: http://localhost:18587 for channel [id: 0xa869ec15, L:/127.0.0.1:50899 - R:localhost/127.0.0.1:18587]
16:10:46.139 [Forwarding getPageSource on session 921d74cf4bf0426f43003831a1c09942 to remote] DEBUG org.asynchttpclient.netty.request.NettyRequestSender - Using pooled Channel '[id: 0xa869ec15, L:/127.0.0.1:50899 - R:localhost/127.0.0.1:18587]' for 'POST' to 'http://localhost:18587/session/921d74cf4bf0426f43003831a1c09942/execute/sync'
16:10:46.139 [Forwarding getPageSource on session 921d74cf4bf0426f43003831a1c09942 to remote] DEBUG org.asynchttpclient.netty.request.NettyRequestSender - Using open Channel [id: 0xa869ec15, L:/127.0.0.1:50899 - R:localhost/127.0.0.1:18587] for POST '/session/921d74cf4bf0426f43003831a1c09942/execute/sync'
16:10:46.142 [AsyncHttpClient-1-5] DEBUG org.asynchttpclient.netty.handler.HttpHandler - 

Request DefaultHttpRequest(decodeResult: success, version: HTTP/1.1)
POST /session/921d74cf4bf0426f43003831a1c09942/execute/sync HTTP/1.1
User-Agent: selenium/4.8.1 (java windows)
Content-Length: 176
Content-Type: application/json; charset=utf-8
host: localhost:18587
accept: */*

Response DefaultHttpResponse(decodeResult: success, version: HTTP/1.1)
HTTP/1.1 200 OK
Content-Length: 22435
Content-Type: application/json; charset=utf-8
cache-control: no-cache

16:10:46.143 [AsyncHttpClient-1-5] DEBUG org.asynchttpclient.netty.channel.ChannelManager - Adding key: http://localhost:18587 for channel [id: 0xa869ec15, L:/127.0.0.1:50899 - R:localhost/127.0.0.1:18587]
16:10:46.145 [Forwarding getCurrentUrl on session 921d74cf4bf0426f43003831a1c09942 to remote] DEBUG org.asynchttpclient.netty.request.NettyRequestSender - Using pooled Channel '[id: 0xa869ec15, L:/127.0.0.1:50899 - R:localhost/127.0.0.1:18587]' for 'GET' to 'http://localhost:18587/session/921d74cf4bf0426f43003831a1c09942/url'
16:10:46.145 [Forwarding getCurrentUrl on session 921d74cf4bf0426f43003831a1c09942 to remote] DEBUG org.asynchttpclient.netty.request.NettyRequestSender - Using open Channel [id: 0xa869ec15, L:/127.0.0.1:50899 - R:localhost/127.0.0.1:18587] for GET '/session/921d74cf4bf0426f43003831a1c09942/url'
16:10:46.148 [AsyncHttpClient-1-5] DEBUG org.asynchttpclient.netty.handler.HttpHandler - 

Request DefaultFullHttpRequest(decodeResult: success, version: HTTP/1.1, content: EmptyByteBufBE)
GET /session/921d74cf4bf0426f43003831a1c09942/url HTTP/1.1
User-Agent: selenium/4.8.1 (java windows)
Cache-Control: no-cache
Content-Type: application/json; charset=utf-8
host: localhost:18587
accept: */*

Response DefaultHttpResponse(decodeResult: success, version: HTTP/1.1)
HTTP/1.1 200 OK
Content-Length: 54
Content-Type: application/json; charset=utf-8
cache-control: no-cache

16:10:46.148 [AsyncHttpClient-1-5] DEBUG org.asynchttpclient.netty.channel.ChannelManager - Adding key: http://localhost:18587 for channel [id: 0xa869ec15, L:/127.0.0.1:50899 - R:localhost/127.0.0.1:18587]
16:10:46.149 [main] DEBUG net.thucydides.core.steps.StepInterceptor - STARTING STEP: RegisterSteps.inputPasswordReg - inputPasswordReg
16:10:46.151 [Forwarding findElement on session 921d74cf4bf0426f43003831a1c09942 to remote] DEBUG org.asynchttpclient.netty.request.NettyRequestSender - Using pooled Channel '[id: 0xa869ec15, L:/127.0.0.1:50899 - R:localhost/127.0.0.1:18587]' for 'POST' to 'http://localhost:18587/session/921d74cf4bf0426f43003831a1c09942/element'
16:10:46.151 [Forwarding findElement on session 921d74cf4bf0426f43003831a1c09942 to remote] DEBUG org.asynchttpclient.netty.request.NettyRequestSender - Using open Channel [id: 0xa869ec15, L:/127.0.0.1:50899 - R:localhost/127.0.0.1:18587] for POST '/session/921d74cf4bf0426f43003831a1c09942/element'
16:10:46.160 [AsyncHttpClient-1-5] DEBUG org.asynchttpclient.netty.handler.HttpHandler - 

Request DefaultHttpRequest(decodeResult: success, version: HTTP/1.1)
POST /session/921d74cf4bf0426f43003831a1c09942/element HTTP/1.1
User-Agent: selenium/4.8.1 (java windows)
Content-Length: 55
Content-Type: application/json; charset=utf-8
host: localhost:18587
accept: */*

Response DefaultHttpResponse(decodeResult: success, version: HTTP/1.1)
HTTP/1.1 200 OK
Content-Length: 88
Content-Type: application/json; charset=utf-8
cache-control: no-cache

16:10:46.161 [AsyncHttpClient-1-5] DEBUG org.asynchttpclient.netty.channel.ChannelManager - Adding key: http://localhost:18587 for channel [id: 0xa869ec15, L:/127.0.0.1:50899 - R:localhost/127.0.0.1:18587]
16:10:46.161 [Forwarding clearElement on session 921d74cf4bf0426f43003831a1c09942 to remote] DEBUG org.asynchttpclient.netty.request.NettyRequestSender - Using pooled Channel '[id: 0xa869ec15, L:/127.0.0.1:50899 - R:localhost/127.0.0.1:18587]' for 'POST' to 'http://localhost:18587/session/921d74cf4bf0426f43003831a1c09942/element/a4cd412b-e28b-453e-849c-589cff8a3ac0/clear'
16:10:46.162 [Forwarding clearElement on session 921d74cf4bf0426f43003831a1c09942 to remote] DEBUG org.asynchttpclient.netty.request.NettyRequestSender - Using open Channel [id: 0xa869ec15, L:/127.0.0.1:50899 - R:localhost/127.0.0.1:18587] for POST '/session/921d74cf4bf0426f43003831a1c09942/element/a4cd412b-e28b-453e-849c-589cff8a3ac0/clear'
16:10:46.198 [AsyncHttpClient-1-5] DEBUG org.asynchttpclient.netty.handler.HttpHandler - 

Request DefaultHttpRequest(decodeResult: success, version: HTTP/1.1)
POST /session/921d74cf4bf0426f43003831a1c09942/element/a4cd412b-e28b-453e-849c-589cff8a3ac0/clear HTTP/1.1
User-Agent: selenium/4.8.1 (java windows)
Content-Length: 50
Content-Type: application/json; charset=utf-8
host: localhost:18587
accept: */*

Response DefaultHttpResponse(decodeResult: success, version: HTTP/1.1)
HTTP/1.1 200 OK
Content-Length: 14
Content-Type: application/json; charset=utf-8
cache-control: no-cache

16:10:46.199 [AsyncHttpClient-1-5] DEBUG org.asynchttpclient.netty.channel.ChannelManager - Adding key: http://localhost:18587 for channel [id: 0xa869ec15, L:/127.0.0.1:50899 - R:localhost/127.0.0.1:18587]
16:10:46.204 [Forwarding sendKeysToElement on session 921d74cf4bf0426f43003831a1c09942 to remote] DEBUG org.asynchttpclient.netty.request.NettyRequestSender - Using pooled Channel '[id: 0xa869ec15, L:/127.0.0.1:50899 - R:localhost/127.0.0.1:18587]' for 'POST' to 'http://localhost:18587/session/921d74cf4bf0426f43003831a1c09942/element/a4cd412b-e28b-453e-849c-589cff8a3ac0/value'
16:10:46.204 [Forwarding sendKeysToElement on session 921d74cf4bf0426f43003831a1c09942 to remote] DEBUG org.asynchttpclient.netty.request.NettyRequestSender - Using open Channel [id: 0xa869ec15, L:/127.0.0.1:50899 - R:localhost/127.0.0.1:18587] for POST '/session/921d74cf4bf0426f43003831a1c09942/element/a4cd412b-e28b-453e-849c-589cff8a3ac0/value'
16:10:46.293 [AsyncHttpClient-1-5] DEBUG org.asynchttpclient.netty.handler.HttpHandler - 

Request DefaultHttpRequest(decodeResult: success, version: HTTP/1.1)
POST /session/921d74cf4bf0426f43003831a1c09942/element/a4cd412b-e28b-453e-849c-589cff8a3ac0/value HTTP/1.1
User-Agent: selenium/4.8.1 (java windows)
Content-Length: 101
Content-Type: application/json; charset=utf-8
host: localhost:18587
accept: */*

Response DefaultHttpResponse(decodeResult: success, version: HTTP/1.1)
HTTP/1.1 200 OK
Content-Length: 14
Content-Type: application/json; charset=utf-8
cache-control: no-cache

16:10:46.293 [AsyncHttpClient-1-5] DEBUG org.asynchttpclient.netty.channel.ChannelManager - Adding key: http://localhost:18587 for channel [id: 0xa869ec15, L:/127.0.0.1:50899 - R:localhost/127.0.0.1:18587]
16:10:46.313 [Forwarding getAlertText on session 921d74cf4bf0426f43003831a1c09942 to remote] DEBUG org.asynchttpclient.netty.request.NettyRequestSender - Using pooled Channel '[id: 0xa869ec15, L:/127.0.0.1:50899 - R:localhost/127.0.0.1:18587]' for 'GET' to 'http://localhost:18587/session/921d74cf4bf0426f43003831a1c09942/alert/text'
16:10:46.314 [Forwarding getAlertText on session 921d74cf4bf0426f43003831a1c09942 to remote] DEBUG org.asynchttpclient.netty.request.NettyRequestSender - Using open Channel [id: 0xa869ec15, L:/127.0.0.1:50899 - R:localhost/127.0.0.1:18587] for GET '/session/921d74cf4bf0426f43003831a1c09942/alert/text'
16:10:46.319 [AsyncHttpClient-1-5] DEBUG org.asynchttpclient.netty.handler.HttpHandler - 

Request DefaultFullHttpRequest(decodeResult: success, version: HTTP/1.1, content: EmptyByteBufBE)
GET /session/921d74cf4bf0426f43003831a1c09942/alert/text HTTP/1.1
User-Agent: selenium/4.8.1 (java windows)
Cache-Control: no-cache
Content-Type: application/json; charset=utf-8
host: localhost:18587
accept: */*

Response DefaultHttpResponse(decodeResult: success, version: HTTP/1.1)
HTTP/1.1 404 Not Found
Content-Length: 836
Content-Type: application/json; charset=utf-8
cache-control: no-cache

16:10:46.321 [AsyncHttpClient-1-5] DEBUG org.asynchttpclient.netty.channel.ChannelManager - Adding key: http://localhost:18587 for channel [id: 0xa869ec15, L:/127.0.0.1:50899 - R:localhost/127.0.0.1:18587]
16:10:46.324 [Forwarding getCurrentUrl on session 921d74cf4bf0426f43003831a1c09942 to remote] DEBUG org.asynchttpclient.netty.request.NettyRequestSender - Using pooled Channel '[id: 0xa869ec15, L:/127.0.0.1:50899 - R:localhost/127.0.0.1:18587]' for 'GET' to 'http://localhost:18587/session/921d74cf4bf0426f43003831a1c09942/url'
16:10:46.324 [Forwarding getCurrentUrl on session 921d74cf4bf0426f43003831a1c09942 to remote] DEBUG org.asynchttpclient.netty.request.NettyRequestSender - Using open Channel [id: 0xa869ec15, L:/127.0.0.1:50899 - R:localhost/127.0.0.1:18587] for GET '/session/921d74cf4bf0426f43003831a1c09942/url'
16:10:46.336 [AsyncHttpClient-1-5] DEBUG org.asynchttpclient.netty.handler.HttpHandler - 

Request DefaultFullHttpRequest(decodeResult: success, version: HTTP/1.1, content: EmptyByteBufBE)
GET /session/921d74cf4bf0426f43003831a1c09942/url HTTP/1.1
User-Agent: selenium/4.8.1 (java windows)
Cache-Control: no-cache
Content-Type: application/json; charset=utf-8
host: localhost:18587
accept: */*

Response DefaultHttpResponse(decodeResult: success, version: HTTP/1.1)
HTTP/1.1 200 OK
Content-Length: 54
Content-Type: application/json; charset=utf-8
cache-control: no-cache

16:10:46.337 [AsyncHttpClient-1-5] DEBUG org.asynchttpclient.netty.channel.ChannelManager - Adding key: http://localhost:18587 for channel [id: 0xa869ec15, L:/127.0.0.1:50899 - R:localhost/127.0.0.1:18587]
16:10:46.339 [Forwarding screenshot on session 921d74cf4bf0426f43003831a1c09942 to remote] DEBUG org.asynchttpclient.netty.request.NettyRequestSender - Using pooled Channel '[id: 0xa869ec15, L:/127.0.0.1:50899 - R:localhost/127.0.0.1:18587]' for 'GET' to 'http://localhost:18587/session/921d74cf4bf0426f43003831a1c09942/screenshot'
16:10:46.339 [Forwarding screenshot on session 921d74cf4bf0426f43003831a1c09942 to remote] DEBUG org.asynchttpclient.netty.request.NettyRequestSender - Using open Channel [id: 0xa869ec15, L:/127.0.0.1:50899 - R:localhost/127.0.0.1:18587] for GET '/session/921d74cf4bf0426f43003831a1c09942/screenshot'
16:10:46.421 [AsyncHttpClient-1-5] DEBUG org.asynchttpclient.netty.handler.HttpHandler - 

Request DefaultFullHttpRequest(decodeResult: success, version: HTTP/1.1, content: EmptyByteBufBE)
GET /session/921d74cf4bf0426f43003831a1c09942/screenshot HTTP/1.1
User-Agent: selenium/4.8.1 (java windows)
Cache-Control: no-cache
Content-Type: application/json; charset=utf-8
host: localhost:18587
accept: */*

Response DefaultHttpResponse(decodeResult: success, version: HTTP/1.1)
HTTP/1.1 200 OK
Content-Length: 36428
Content-Type: application/json; charset=utf-8
cache-control: no-cache

16:10:46.423 [AsyncHttpClient-1-5] DEBUG org.asynchttpclient.netty.channel.ChannelManager - Adding key: http://localhost:18587 for channel [id: 0xa869ec15, L:/127.0.0.1:50899 - R:localhost/127.0.0.1:18587]
16:10:46.425 [main] DEBUG net.serenitybdd.core.photography.Darkroom - Send negative for processing for target\site\serenity\e6ec918d11fe49224e51324f0d216f40bdebfec845382de3a3a920f1a80b68f7.png
16:10:46.425 [main] DEBUG net.thucydides.core.steps.StepInterceptor - STEP DONE: inputPasswordReg
  &amp#27;[32mAnd &amp#27;[0m&amp#27;[32mI input correct password for register&amp#27;[0m    &amp#27;[90m# starter.stepdefinitions.RegisterSteps.inputPasswordReg()&amp#27;[0m
16:10:46.425 [Darkroom Processing Line] DEBUG net.serenitybdd.core.photography.DarkroomProcessingLine - Processing screenshot image in /var/screenshots/screenshot-17244623744211328238
16:10:46.425 [Darkroom Processing Line] DEBUG net.serenitybdd.core.photography.DarkroomProcessingLine - Saving screenshot to target\site\serenity\e6ec918d11fe49224e51324f0d216f40bdebfec845382de3a3a920f1a80b68f7.png
16:10:46.441 [Forwarding getPageSource on session 921d74cf4bf0426f43003831a1c09942 to remote] DEBUG org.asynchttpclient.netty.request.NettyRequestSender - Using pooled Channel '[id: 0xa869ec15, L:/127.0.0.1:50899 - R:localhost/127.0.0.1:18587]' for 'POST' to 'http://localhost:18587/session/921d74cf4bf0426f43003831a1c09942/execute/sync'
16:10:46.441 [Forwarding getPageSource on session 921d74cf4bf0426f43003831a1c09942 to remote] DEBUG org.asynchttpclient.netty.request.NettyRequestSender - Using open Channel [id: 0xa869ec15, L:/127.0.0.1:50899 - R:localhost/127.0.0.1:18587] for POST '/session/921d74cf4bf0426f43003831a1c09942/execute/sync'
16:10:46.447 [AsyncHttpClient-1-5] DEBUG org.asynchttpclient.netty.handler.HttpHandler - 

Request DefaultHttpRequest(decodeResult: success, version: HTTP/1.1)
POST /session/921d74cf4bf0426f43003831a1c09942/execute/sync HTTP/1.1
User-Agent: selenium/4.8.1 (java windows)
Content-Length: 176
Content-Type: application/json; charset=utf-8
host: localhost:18587
accept: */*

Response DefaultHttpResponse(decodeResult: success, version: HTTP/1.1)
HTTP/1.1 200 OK
Content-Length: 22494
Content-Type: application/json; charset=utf-8
cache-control: no-cache

16:10:46.448 [AsyncHttpClient-1-5] DEBUG org.asynchttpclient.netty.channel.ChannelManager - Adding key: http://localhost:18587 for channel [id: 0xa869ec15, L:/127.0.0.1:50899 - R:localhost/127.0.0.1:18587]
16:10:46.451 [Forwarding getCurrentUrl on session 921d74cf4bf0426f43003831a1c09942 to remote] DEBUG org.asynchttpclient.netty.request.NettyRequestSender - Using pooled Channel '[id: 0xa869ec15, L:/127.0.0.1:50899 - R:localhost/127.0.0.1:18587]' for 'GET' to 'http://localhost:18587/session/921d74cf4bf0426f43003831a1c09942/url'
16:10:46.451 [Forwarding getCurrentUrl on session 921d74cf4bf0426f43003831a1c09942 to remote] DEBUG org.asynchttpclient.netty.request.NettyRequestSender - Using open Channel [id: 0xa869ec15, L:/127.0.0.1:50899 - R:localhost/127.0.0.1:18587] for GET '/session/921d74cf4bf0426f43003831a1c09942/url'
16:10:46.454 [AsyncHttpClient-1-5] DEBUG org.asynchttpclient.netty.handler.HttpHandler - 

Request DefaultFullHttpRequest(decodeResult: success, version: HTTP/1.1, content: EmptyByteBufBE)
GET /session/921d74cf4bf0426f43003831a1c09942/url HTTP/1.1
User-Agent: selenium/4.8.1 (java windows)
Cache-Control: no-cache
Content-Type: application/json; charset=utf-8
host: localhost:18587
accept: */*

Response DefaultHttpResponse(decodeResult: success, version: HTTP/1.1)
HTTP/1.1 200 OK
Content-Length: 54
Content-Type: application/json; charset=utf-8
cache-control: no-cache

16:10:46.454 [AsyncHttpClient-1-5] DEBUG org.asynchttpclient.netty.channel.ChannelManager - Adding key: http://localhost:18587 for channel [id: 0xa869ec15, L:/127.0.0.1:50899 - R:localhost/127.0.0.1:18587]
16:10:46.463 [Forwarding getPageSource on session 921d74cf4bf0426f43003831a1c09942 to remote] DEBUG org.asynchttpclient.netty.request.NettyRequestSender - Using pooled Channel '[id: 0xa869ec15, L:/127.0.0.1:50899 - R:localhost/127.0.0.1:18587]' for 'POST' to 'http://localhost:18587/session/921d74cf4bf0426f43003831a1c09942/execute/sync'
16:10:46.463 [Forwarding getPageSource on session 921d74cf4bf0426f43003831a1c09942 to remote] DEBUG org.asynchttpclient.netty.request.NettyRequestSender - Using open Channel [id: 0xa869ec15, L:/127.0.0.1:50899 - R:localhost/127.0.0.1:18587] for POST '/session/921d74cf4bf0426f43003831a1c09942/execute/sync'
16:10:46.467 [AsyncHttpClient-1-5] DEBUG org.asynchttpclient.netty.handler.HttpHandler - 

Request DefaultHttpRequest(decodeResult: success, version: HTTP/1.1)
POST /session/921d74cf4bf0426f43003831a1c09942/execute/sync HTTP/1.1
User-Agent: selenium/4.8.1 (java windows)
Content-Length: 176
Content-Type: application/json; charset=utf-8
host: localhost:18587
accept: */*

Response DefaultHttpResponse(decodeResult: success, version: HTTP/1.1)
HTTP/1.1 200 OK
Content-Length: 22494
Content-Type: application/json; charset=utf-8
cache-control: no-cache

16:10:46.468 [AsyncHttpClient-1-5] DEBUG org.asynchttpclient.netty.channel.ChannelManager - Adding key: http://localhost:18587 for channel [id: 0xa869ec15, L:/127.0.0.1:50899 - R:localhost/127.0.0.1:18587]
16:10:46.471 [Forwarding getCurrentUrl on session 921d74cf4bf0426f43003831a1c09942 to remote] DEBUG org.asynchttpclient.netty.request.NettyRequestSender - Using pooled Channel '[id: 0xa869ec15, L:/127.0.0.1:50899 - R:localhost/127.0.0.1:18587]' for 'GET' to 'http://localhost:18587/session/921d74cf4bf0426f43003831a1c09942/url'
16:10:46.471 [Forwarding getCurrentUrl on session 921d74cf4bf0426f43003831a1c09942 to remote] DEBUG org.asynchttpclient.netty.request.NettyRequestSender - Using open Channel [id: 0xa869ec15, L:/127.0.0.1:50899 - R:localhost/127.0.0.1:18587] for GET '/session/921d74cf4bf0426f43003831a1c09942/url'
16:10:46.474 [AsyncHttpClient-1-5] DEBUG org.asynchttpclient.netty.handler.HttpHandler - 

Request DefaultFullHttpRequest(decodeResult: success, version: HTTP/1.1, content: EmptyByteBufBE)
GET /session/921d74cf4bf0426f43003831a1c09942/url HTTP/1.1
User-Agent: selenium/4.8.1 (java windows)
Cache-Control: no-cache
Content-Type: application/json; charset=utf-8
host: localhost:18587
accept: */*

Response DefaultHttpResponse(decodeResult: success, version: HTTP/1.1)
HTTP/1.1 200 OK
Content-Length: 54
Content-Type: application/json; charset=utf-8
cache-control: no-cache

16:10:46.474 [AsyncHttpClient-1-5] DEBUG org.asynchttpclient.netty.channel.ChannelManager - Adding key: http://localhost:18587 for channel [id: 0xa869ec15, L:/127.0.0.1:50899 - R:localhost/127.0.0.1:18587]
16:10:46.476 [main] DEBUG net.thucydides.core.steps.StepInterceptor - STARTING STEP: RegisterSteps.ClickRegisterButton - ClickRegisterButton
16:10:46.478 [Forwarding findElement on session 921d74cf4bf0426f43003831a1c09942 to remote] DEBUG org.asynchttpclient.netty.request.NettyRequestSender - Using pooled Channel '[id: 0xa869ec15, L:/127.0.0.1:50899 - R:localhost/127.0.0.1:18587]' for 'POST' to 'http://localhost:18587/session/921d74cf4bf0426f43003831a1c09942/element'
16:10:46.478 [Forwarding findElement on session 921d74cf4bf0426f43003831a1c09942 to remote] DEBUG org.asynchttpclient.netty.request.NettyRequestSender - Using open Channel [id: 0xa869ec15, L:/127.0.0.1:50899 - R:localhost/127.0.0.1:18587] for POST '/session/921d74cf4bf0426f43003831a1c09942/element'
16:10:46.487 [AsyncHttpClient-1-5] DEBUG org.asynchttpclient.netty.handler.HttpHandler - 

Request DefaultHttpRequest(decodeResult: success, version: HTTP/1.1)
POST /session/921d74cf4bf0426f43003831a1c09942/element HTTP/1.1
User-Agent: selenium/4.8.1 (java windows)
Content-Length: 71
Content-Type: application/json; charset=utf-8
host: localhost:18587
accept: */*

Response DefaultHttpResponse(decodeResult: success, version: HTTP/1.1)
HTTP/1.1 200 OK
Content-Length: 88
Content-Type: application/json; charset=utf-8
cache-control: no-cache

16:10:46.487 [AsyncHttpClient-1-5] DEBUG org.asynchttpclient.netty.channel.ChannelManager - Adding key: http://localhost:18587 for channel [id: 0xa869ec15, L:/127.0.0.1:50899 - R:localhost/127.0.0.1:18587]
16:10:46.488 [Forwarding getElementTagName on session 921d74cf4bf0426f43003831a1c09942 to remote] DEBUG org.asynchttpclient.netty.request.NettyRequestSender - Using pooled Channel '[id: 0xa869ec15, L:/127.0.0.1:50899 - R:localhost/127.0.0.1:18587]' for 'GET' to 'http://localhost:18587/session/921d74cf4bf0426f43003831a1c09942/element/a78a61b9-ef86-4bd9-9269-0a40f974d73d/name'
16:10:46.489 [Forwarding getElementTagName on session 921d74cf4bf0426f43003831a1c09942 to remote] DEBUG org.asynchttpclient.netty.request.NettyRequestSender - Using open Channel [id: 0xa869ec15, L:/127.0.0.1:50899 - R:localhost/127.0.0.1:18587] for GET '/session/921d74cf4bf0426f43003831a1c09942/element/a78a61b9-ef86-4bd9-9269-0a40f974d73d/name'
16:10:46.493 [AsyncHttpClient-1-5] DEBUG org.asynchttpclient.netty.handler.HttpHandler - 

Request DefaultFullHttpRequest(decodeResult: success, version: HTTP/1.1, content: EmptyByteBufBE)
GET /session/921d74cf4bf0426f43003831a1c09942/element/a78a61b9-ef86-4bd9-9269-0a40f974d73d/name HTTP/1.1
User-Agent: selenium/4.8.1 (java windows)
Cache-Control: no-cache
Content-Type: application/json; charset=utf-8
host: localhost:18587
accept: */*

Response DefaultHttpResponse(decodeResult: success, version: HTTP/1.1)
HTTP/1.1 200 OK
Content-Length: 18
Content-Type: application/json; charset=utf-8
cache-control: no-cache

16:10:46.493 [AsyncHttpClient-1-5] DEBUG org.asynchttpclient.netty.channel.ChannelManager - Adding key: http://localhost:18587 for channel [id: 0xa869ec15, L:/127.0.0.1:50899 - R:localhost/127.0.0.1:18587]
16:10:46.494 [Forwarding getElementTagName on session 921d74cf4bf0426f43003831a1c09942 to remote] DEBUG org.asynchttpclient.netty.request.NettyRequestSender - Using pooled Channel '[id: 0xa869ec15, L:/127.0.0.1:50899 - R:localhost/127.0.0.1:18587]' for 'GET' to 'http://localhost:18587/session/921d74cf4bf0426f43003831a1c09942/element/a78a61b9-ef86-4bd9-9269-0a40f974d73d/name'
16:10:46.494 [Forwarding getElementTagName on session 921d74cf4bf0426f43003831a1c09942 to remote] DEBUG org.asynchttpclient.netty.request.NettyRequestSender - Using open Channel [id: 0xa869ec15, L:/127.0.0.1:50899 - R:localhost/127.0.0.1:18587] for GET '/session/921d74cf4bf0426f43003831a1c09942/element/a78a61b9-ef86-4bd9-9269-0a40f974d73d/name'
16:10:46.497 [AsyncHttpClient-1-5] DEBUG org.asynchttpclient.netty.handler.HttpHandler - 

Request DefaultFullHttpRequest(decodeResult: success, version: HTTP/1.1, content: EmptyByteBufBE)
GET /session/921d74cf4bf0426f43003831a1c09942/element/a78a61b9-ef86-4bd9-9269-0a40f974d73d/name HTTP/1.1
User-Agent: selenium/4.8.1 (java windows)
Cache-Control: no-cache
Content-Type: application/json; charset=utf-8
host: localhost:18587
accept: */*

Response DefaultHttpResponse(decodeResult: success, version: HTTP/1.1)
HTTP/1.1 200 OK
Content-Length: 18
Content-Type: application/json; charset=utf-8
cache-control: no-cache

16:10:46.497 [AsyncHttpClient-1-5] DEBUG org.asynchttpclient.netty.channel.ChannelManager - Adding key: http://localhost:18587 for channel [id: 0xa869ec15, L:/127.0.0.1:50899 - R:localhost/127.0.0.1:18587]
16:10:46.499 [Forwarding isElementEnabled on session 921d74cf4bf0426f43003831a1c09942 to remote] DEBUG org.asynchttpclient.netty.request.NettyRequestSender - Using pooled Channel '[id: 0xa869ec15, L:/127.0.0.1:50899 - R:localhost/127.0.0.1:18587]' for 'GET' to 'http://localhost:18587/session/921d74cf4bf0426f43003831a1c09942/element/a78a61b9-ef86-4bd9-9269-0a40f974d73d/enabled'
16:10:46.500 [Forwarding isElementEnabled on session 921d74cf4bf0426f43003831a1c09942 to remote] DEBUG org.asynchttpclient.netty.request.NettyRequestSender - Using open Channel [id: 0xa869ec15, L:/127.0.0.1:50899 - R:localhost/127.0.0.1:18587] for GET '/session/921d74cf4bf0426f43003831a1c09942/element/a78a61b9-ef86-4bd9-9269-0a40f974d73d/enabled'
16:10:46.507 [AsyncHttpClient-1-5] DEBUG org.asynchttpclient.netty.handler.HttpHandler - 

Request DefaultFullHttpRequest(decodeResult: success, version: HTTP/1.1, content: EmptyByteBufBE)
GET /session/921d74cf4bf0426f43003831a1c09942/element/a78a61b9-ef86-4bd9-9269-0a40f974d73d/enabled HTTP/1.1
User-Agent: selenium/4.8.1 (java windows)
Cache-Control: no-cache
Content-Type: application/json; charset=utf-8
host: localhost:18587
accept: */*

Response DefaultHttpResponse(decodeResult: success, version: HTTP/1.1)
HTTP/1.1 200 OK
Content-Length: 14
Content-Type: application/json; charset=utf-8
cache-control: no-cache

16:10:46.507 [AsyncHttpClient-1-5] DEBUG org.asynchttpclient.netty.channel.ChannelManager - Adding key: http://localhost:18587 for channel [id: 0xa869ec15, L:/127.0.0.1:50899 - R:localhost/127.0.0.1:18587]
16:10:46.508 [Forwarding isElementEnabled on session 921d74cf4bf0426f43003831a1c09942 to remote] DEBUG org.asynchttpclient.netty.request.NettyRequestSender - Using pooled Channel '[id: 0xa869ec15, L:/127.0.0.1:50899 - R:localhost/127.0.0.1:18587]' for 'GET' to 'http://localhost:18587/session/921d74cf4bf0426f43003831a1c09942/element/a78a61b9-ef86-4bd9-9269-0a40f974d73d/enabled'
16:10:46.508 [Forwarding isElementEnabled on session 921d74cf4bf0426f43003831a1c09942 to remote] DEBUG org.asynchttpclient.netty.request.NettyRequestSender - Using open Channel [id: 0xa869ec15, L:/127.0.0.1:50899 - R:localhost/127.0.0.1:18587] for GET '/session/921d74cf4bf0426f43003831a1c09942/element/a78a61b9-ef86-4bd9-9269-0a40f974d73d/enabled'
16:10:46.514 [AsyncHttpClient-1-5] DEBUG org.asynchttpclient.netty.handler.HttpHandler - 

Request DefaultFullHttpRequest(decodeResult: success, version: HTTP/1.1, content: EmptyByteBufBE)
GET /session/921d74cf4bf0426f43003831a1c09942/element/a78a61b9-ef86-4bd9-9269-0a40f974d73d/enabled HTTP/1.1
User-Agent: selenium/4.8.1 (java windows)
Cache-Control: no-cache
Content-Type: application/json; charset=utf-8
host: localhost:18587
accept: */*

Response DefaultHttpResponse(decodeResult: success, version: HTTP/1.1)
HTTP/1.1 200 OK
Content-Length: 14
Content-Type: application/json; charset=utf-8
cache-control: no-cache

16:10:46.515 [AsyncHttpClient-1-5] DEBUG org.asynchttpclient.netty.channel.ChannelManager - Adding key: http://localhost:18587 for channel [id: 0xa869ec15, L:/127.0.0.1:50899 - R:localhost/127.0.0.1:18587]
16:10:46.516 [Forwarding findElement on session 921d74cf4bf0426f43003831a1c09942 to remote] DEBUG org.asynchttpclient.netty.request.NettyRequestSender - Using pooled Channel '[id: 0xa869ec15, L:/127.0.0.1:50899 - R:localhost/127.0.0.1:18587]' for 'POST' to 'http://localhost:18587/session/921d74cf4bf0426f43003831a1c09942/element'
16:10:46.516 [Forwarding findElement on session 921d74cf4bf0426f43003831a1c09942 to remote] DEBUG org.asynchttpclient.netty.request.NettyRequestSender - Using open Channel [id: 0xa869ec15, L:/127.0.0.1:50899 - R:localhost/127.0.0.1:18587] for POST '/session/921d74cf4bf0426f43003831a1c09942/element'
16:10:46.521 [AsyncHttpClient-1-5] DEBUG org.asynchttpclient.netty.handler.HttpHandler - 

Request DefaultHttpRequest(decodeResult: success, version: HTTP/1.1)
POST /session/921d74cf4bf0426f43003831a1c09942/element HTTP/1.1
User-Agent: selenium/4.8.1 (java windows)
Content-Length: 71
Content-Type: application/json; charset=utf-8
host: localhost:18587
accept: */*

Response DefaultHttpResponse(decodeResult: success, version: HTTP/1.1)
HTTP/1.1 200 OK
Content-Length: 88
Content-Type: application/json; charset=utf-8
cache-control: no-cache

16:10:46.521 [AsyncHttpClient-1-5] DEBUG org.asynchttpclient.netty.channel.ChannelManager - Adding key: http://localhost:18587 for channel [id: 0xa869ec15, L:/127.0.0.1:50899 - R:localhost/127.0.0.1:18587]
16:10:46.522 [Forwarding clickElement on session 921d74cf4bf0426f43003831a1c09942 to remote] DEBUG org.asynchttpclient.netty.request.NettyRequestSender - Using pooled Channel '[id: 0xa869ec15, L:/127.0.0.1:50899 - R:localhost/127.0.0.1:18587]' for 'POST' to 'http://localhost:18587/session/921d74cf4bf0426f43003831a1c09942/element/a78a61b9-ef86-4bd9-9269-0a40f974d73d/click'
16:10:46.522 [Forwarding clickElement on session 921d74cf4bf0426f43003831a1c09942 to remote] DEBUG org.asynchttpclient.netty.request.NettyRequestSender - Using open Channel [id: 0xa869ec15, L:/127.0.0.1:50899 - R:localhost/127.0.0.1:18587] for POST '/session/921d74cf4bf0426f43003831a1c09942/element/a78a61b9-ef86-4bd9-9269-0a40f974d73d/click'
16:10:46.560 [AsyncHttpClient-1-5] DEBUG org.asynchttpclient.netty.handler.HttpHandler - 

Request DefaultHttpRequest(decodeResult: success, version: HTTP/1.1)
POST /session/921d74cf4bf0426f43003831a1c09942/element/a78a61b9-ef86-4bd9-9269-0a40f974d73d/click HTTP/1.1
User-Agent: selenium/4.8.1 (java windows)
Content-Length: 50
Content-Type: application/json; charset=utf-8
host: localhost:18587
accept: */*

Response DefaultHttpResponse(decodeResult: success, version: HTTP/1.1)
HTTP/1.1 200 OK
Content-Length: 14
Content-Type: application/json; charset=utf-8
cache-control: no-cache

16:10:46.560 [AsyncHttpClient-1-5] DEBUG org.asynchttpclient.netty.channel.ChannelManager - Adding key: http://localhost:18587 for channel [id: 0xa869ec15, L:/127.0.0.1:50899 - R:localhost/127.0.0.1:18587]
16:10:46.566 [Forwarding getAlertText on session 921d74cf4bf0426f43003831a1c09942 to remote] DEBUG org.asynchttpclient.netty.request.NettyRequestSender - Using pooled Channel '[id: 0xa869ec15, L:/127.0.0.1:50899 - R:localhost/127.0.0.1:18587]' for 'GET' to 'http://localhost:18587/session/921d74cf4bf0426f43003831a1c09942/alert/text'
16:10:46.566 [Forwarding getAlertText on session 921d74cf4bf0426f43003831a1c09942 to remote] DEBUG org.asynchttpclient.netty.request.NettyRequestSender - Using open Channel [id: 0xa869ec15, L:/127.0.0.1:50899 - R:localhost/127.0.0.1:18587] for GET '/session/921d74cf4bf0426f43003831a1c09942/alert/text'
16:10:46.569 [AsyncHttpClient-1-5] DEBUG org.asynchttpclient.netty.handler.HttpHandler - 

Request DefaultFullHttpRequest(decodeResult: success, version: HTTP/1.1, content: EmptyByteBufBE)
GET /session/921d74cf4bf0426f43003831a1c09942/alert/text HTTP/1.1
User-Agent: selenium/4.8.1 (java windows)
Cache-Control: no-cache
Content-Type: application/json; charset=utf-8
host: localhost:18587
accept: */*

Response DefaultHttpResponse(decodeResult: success, version: HTTP/1.1)
HTTP/1.1 404 Not Found
Content-Length: 836
Content-Type: application/json; charset=utf-8
cache-control: no-cache

16:10:46.569 [AsyncHttpClient-1-5] DEBUG org.asynchttpclient.netty.channel.ChannelManager - Adding key: http://localhost:18587 for channel [id: 0xa869ec15, L:/127.0.0.1:50899 - R:localhost/127.0.0.1:18587]
16:10:46.570 [Forwarding getCurrentUrl on session 921d74cf4bf0426f43003831a1c09942 to remote] DEBUG org.asynchttpclient.netty.request.NettyRequestSender - Using pooled Channel '[id: 0xa869ec15, L:/127.0.0.1:50899 - R:localhost/127.0.0.1:18587]' for 'GET' to 'http://localhost:18587/session/921d74cf4bf0426f43003831a1c09942/url'
16:10:46.570 [Forwarding getCurrentUrl on session 921d74cf4bf0426f43003831a1c09942 to remote] DEBUG org.asynchttpclient.netty.request.NettyRequestSender - Using open Channel [id: 0xa869ec15, L:/127.0.0.1:50899 - R:localhost/127.0.0.1:18587] for GET '/session/921d74cf4bf0426f43003831a1c09942/url'
16:10:46.573 [AsyncHttpClient-1-5] DEBUG org.asynchttpclient.netty.handler.HttpHandler - 

Request DefaultFullHttpRequest(decodeResult: success, version: HTTP/1.1, content: EmptyByteBufBE)
GET /session/921d74cf4bf0426f43003831a1c09942/url HTTP/1.1
User-Agent: selenium/4.8.1 (java windows)
Cache-Control: no-cache
Content-Type: application/json; charset=utf-8
host: localhost:18587
accept: */*

Response DefaultHttpResponse(decodeResult: success, version: HTTP/1.1)
HTTP/1.1 200 OK
Content-Length: 54
Content-Type: application/json; charset=utf-8
cache-control: no-cache

16:10:46.573 [AsyncHttpClient-1-5] DEBUG org.asynchttpclient.netty.channel.ChannelManager - Adding key: http://localhost:18587 for channel [id: 0xa869ec15, L:/127.0.0.1:50899 - R:localhost/127.0.0.1:18587]
16:10:46.574 [Forwarding screenshot on session 921d74cf4bf0426f43003831a1c09942 to remote] DEBUG org.asynchttpclient.netty.request.NettyRequestSender - Using pooled Channel '[id: 0xa869ec15, L:/127.0.0.1:50899 - R:localhost/127.0.0.1:18587]' for 'GET' to 'http://localhost:18587/session/921d74cf4bf0426f43003831a1c09942/screenshot'
16:10:46.574 [Forwarding screenshot on session 921d74cf4bf0426f43003831a1c09942 to remote] DEBUG org.asynchttpclient.netty.request.NettyRequestSender - Using open Channel [id: 0xa869ec15, L:/127.0.0.1:50899 - R:localhost/127.0.0.1:18587] for GET '/session/921d74cf4bf0426f43003831a1c09942/screenshot'
16:10:46.654 [AsyncHttpClient-1-5] DEBUG org.asynchttpclient.netty.handler.HttpHandler - 

Request DefaultFullHttpRequest(decodeResult: success, version: HTTP/1.1, content: EmptyByteBufBE)
GET /session/921d74cf4bf0426f43003831a1c09942/screenshot HTTP/1.1
User-Agent: selenium/4.8.1 (java windows)
Cache-Control: no-cache
Content-Type: application/json; charset=utf-8
host: localhost:18587
accept: */*

Response DefaultHttpResponse(decodeResult: success, version: HTTP/1.1)
HTTP/1.1 200 OK
Content-Length: 36024
Content-Type: application/json; charset=utf-8
cache-control: no-cache

16:10:46.655 [AsyncHttpClient-1-5] DEBUG org.asynchttpclient.netty.channel.ChannelManager - Adding key: http://localhost:18587 for channel [id: 0xa869ec15, L:/127.0.0.1:50899 - R:localhost/127.0.0.1:18587]
16:10:46.657 [main] DEBUG net.serenitybdd.core.photography.Darkroom - Send negative for processing for target\site\serenity\de53a0017686076967c5ae4f6fa316ec5bb67063f61fb60742350dcde51c7b3e.png
16:10:46.658 [main] DEBUG net.thucydides.core.steps.StepInterceptor - STEP DONE: ClickRegisterButton
16:10:46.658 [Darkroom Processing Line] DEBUG net.serenitybdd.core.photography.DarkroomProcessingLine - Processing screenshot image in /var/screenshots/screenshot-6543862297023442759
16:10:46.658 [Darkroom Processing Line] DEBUG net.serenitybdd.core.photography.DarkroomProcessingLine - Saving screenshot to target\site\serenity\de53a0017686076967c5ae4f6fa316ec5bb67063f61fb60742350dcde51c7b3e.png
  &amp#27;[32mWhen &amp#27;[0m&amp#27;[32mI click on the register button&amp#27;[0m          &amp#27;[90m# starter.stepdefinitions.RegisterSteps.ClickRegisterButton()&amp#27;[0m
16:10:46.666 [Forwarding getPageSource on session 921d74cf4bf0426f43003831a1c09942 to remote] DEBUG org.asynchttpclient.netty.request.NettyRequestSender - Using pooled Channel '[id: 0xa869ec15, L:/127.0.0.1:50899 - R:localhost/127.0.0.1:18587]' for 'POST' to 'http://localhost:18587/session/921d74cf4bf0426f43003831a1c09942/execute/sync'
16:10:46.666 [Forwarding getPageSource on session 921d74cf4bf0426f43003831a1c09942 to remote] DEBUG org.asynchttpclient.netty.request.NettyRequestSender - Using open Channel [id: 0xa869ec15, L:/127.0.0.1:50899 - R:localhost/127.0.0.1:18587] for POST '/session/921d74cf4bf0426f43003831a1c09942/execute/sync'
16:10:46.671 [AsyncHttpClient-1-5] DEBUG org.asynchttpclient.netty.handler.HttpHandler - 

Request DefaultHttpRequest(decodeResult: success, version: HTTP/1.1)
POST /session/921d74cf4bf0426f43003831a1c09942/execute/sync HTTP/1.1
User-Agent: selenium/4.8.1 (java windows)
Content-Length: 176
Content-Type: application/json; charset=utf-8
host: localhost:18587
accept: */*

Response DefaultHttpResponse(decodeResult: success, version: HTTP/1.1)
HTTP/1.1 200 OK
Content-Length: 22774
Content-Type: application/json; charset=utf-8
cache-control: no-cache

16:10:46.671 [AsyncHttpClient-1-5] DEBUG org.asynchttpclient.netty.channel.ChannelManager - Adding key: http://localhost:18587 for channel [id: 0xa869ec15, L:/127.0.0.1:50899 - R:localhost/127.0.0.1:18587]
16:10:46.673 [Forwarding getCurrentUrl on session 921d74cf4bf0426f43003831a1c09942 to remote] DEBUG org.asynchttpclient.netty.request.NettyRequestSender - Using pooled Channel '[id: 0xa869ec15, L:/127.0.0.1:50899 - R:localhost/127.0.0.1:18587]' for 'GET' to 'http://localhost:18587/session/921d74cf4bf0426f43003831a1c09942/url'
16:10:46.673 [Forwarding getCurrentUrl on session 921d74cf4bf0426f43003831a1c09942 to remote] DEBUG org.asynchttpclient.netty.request.NettyRequestSender - Using open Channel [id: 0xa869ec15, L:/127.0.0.1:50899 - R:localhost/127.0.0.1:18587] for GET '/session/921d74cf4bf0426f43003831a1c09942/url'
16:10:46.675 [AsyncHttpClient-1-5] DEBUG org.asynchttpclient.netty.handler.HttpHandler - 

Request DefaultFullHttpRequest(decodeResult: success, version: HTTP/1.1, content: EmptyByteBufBE)
GET /session/921d74cf4bf0426f43003831a1c09942/url HTTP/1.1
User-Agent: selenium/4.8.1 (java windows)
Cache-Control: no-cache
Content-Type: application/json; charset=utf-8
host: localhost:18587
accept: */*

Response DefaultHttpResponse(decodeResult: success, version: HTTP/1.1)
HTTP/1.1 200 OK
Content-Length: 54
Content-Type: application/json; charset=utf-8
cache-control: no-cache

16:10:46.676 [AsyncHttpClient-1-5] DEBUG org.asynchttpclient.netty.channel.ChannelManager - Adding key: http://localhost:18587 for channel [id: 0xa869ec15, L:/127.0.0.1:50899 - R:localhost/127.0.0.1:18587]
16:10:46.684 [Forwarding getPageSource on session 921d74cf4bf0426f43003831a1c09942 to remote] DEBUG org.asynchttpclient.netty.request.NettyRequestSender - Using pooled Channel '[id: 0xa869ec15, L:/127.0.0.1:50899 - R:localhost/127.0.0.1:18587]' for 'POST' to 'http://localhost:18587/session/921d74cf4bf0426f43003831a1c09942/execute/sync'
16:10:46.684 [Forwarding getPageSource on session 921d74cf4bf0426f43003831a1c09942 to remote] DEBUG org.asynchttpclient.netty.request.NettyRequestSender - Using open Channel [id: 0xa869ec15, L:/127.0.0.1:50899 - R:localhost/127.0.0.1:18587] for POST '/session/921d74cf4bf0426f43003831a1c09942/execute/sync'
16:10:46.689 [AsyncHttpClient-1-5] DEBUG org.asynchttpclient.netty.handler.HttpHandler - 

Request DefaultHttpRequest(decodeResult: success, version: HTTP/1.1)
POST /session/921d74cf4bf0426f43003831a1c09942/execute/sync HTTP/1.1
User-Agent: selenium/4.8.1 (java windows)
Content-Length: 176
Content-Type: application/json; charset=utf-8
host: localhost:18587
accept: */*

Response DefaultHttpResponse(decodeResult: success, version: HTTP/1.1)
HTTP/1.1 200 OK
Content-Length: 22774
Content-Type: application/json; charset=utf-8
cache-control: no-cache

16:10:46.689 [AsyncHttpClient-1-5] DEBUG org.asynchttpclient.netty.channel.ChannelManager - Adding key: http://localhost:18587 for channel [id: 0xa869ec15, L:/127.0.0.1:50899 - R:localhost/127.0.0.1:18587]
16:10:46.691 [Forwarding getCurrentUrl on session 921d74cf4bf0426f43003831a1c09942 to remote] DEBUG org.asynchttpclient.netty.request.NettyRequestSender - Using pooled Channel '[id: 0xa869ec15, L:/127.0.0.1:50899 - R:localhost/127.0.0.1:18587]' for 'GET' to 'http://localhost:18587/session/921d74cf4bf0426f43003831a1c09942/url'
16:10:46.691 [Forwarding getCurrentUrl on session 921d74cf4bf0426f43003831a1c09942 to remote] DEBUG org.asynchttpclient.netty.request.NettyRequestSender - Using open Channel [id: 0xa869ec15, L:/127.0.0.1:50899 - R:localhost/127.0.0.1:18587] for GET '/session/921d74cf4bf0426f43003831a1c09942/url'
16:10:46.695 [AsyncHttpClient-1-5] DEBUG org.asynchttpclient.netty.handler.HttpHandler - 

Request DefaultFullHttpRequest(decodeResult: success, version: HTTP/1.1, content: EmptyByteBufBE)
GET /session/921d74cf4bf0426f43003831a1c09942/url HTTP/1.1
User-Agent: selenium/4.8.1 (java windows)
Cache-Control: no-cache
Content-Type: application/json; charset=utf-8
host: localhost:18587
accept: */*

Response DefaultHttpResponse(decodeResult: success, version: HTTP/1.1)
HTTP/1.1 200 OK
Content-Length: 54
Content-Type: application/json; charset=utf-8
cache-control: no-cache

16:10:46.695 [AsyncHttpClient-1-5] DEBUG org.asynchttpclient.netty.channel.ChannelManager - Adding key: http://localhost:18587 for channel [id: 0xa869ec15, L:/127.0.0.1:50899 - R:localhost/127.0.0.1:18587]
16:10:46.697 [main] DEBUG net.thucydides.core.steps.StepInterceptor - STARTING STEP: LoginSteps.alertContent - incorrectAlert
16:10:46.698 [Forwarding findElement on session 921d74cf4bf0426f43003831a1c09942 to remote] DEBUG org.asynchttpclient.netty.request.NettyRequestSender - Using pooled Channel '[id: 0xa869ec15, L:/127.0.0.1:50899 - R:localhost/127.0.0.1:18587]' for 'POST' to 'http://localhost:18587/session/921d74cf4bf0426f43003831a1c09942/element'
16:10:46.698 [Forwarding findElement on session 921d74cf4bf0426f43003831a1c09942 to remote] DEBUG org.asynchttpclient.netty.request.NettyRequestSender - Using open Channel [id: 0xa869ec15, L:/127.0.0.1:50899 - R:localhost/127.0.0.1:18587] for POST '/session/921d74cf4bf0426f43003831a1c09942/element'
16:10:46.758 [AsyncHttpClient-1-1] DEBUG org.asynchttpclient.netty.channel.DefaultChannelPool - Entry count for : http://localhost:50902 : 1
16:10:46.959 [AsyncHttpClient-1-5] DEBUG org.asynchttpclient.netty.handler.HttpHandler - 

Request DefaultHttpRequest(decodeResult: success, version: HTTP/1.1)
POST /session/921d74cf4bf0426f43003831a1c09942/element HTTP/1.1
User-Agent: selenium/4.8.1 (java windows)
Content-Length: 54
Content-Type: application/json; charset=utf-8
host: localhost:18587
accept: */*

Response DefaultHttpResponse(decodeResult: success, version: HTTP/1.1)
HTTP/1.1 200 OK
Content-Length: 88
Content-Type: application/json; charset=utf-8
cache-control: no-cache

16:10:46.959 [AsyncHttpClient-1-5] DEBUG org.asynchttpclient.netty.channel.ChannelManager - Adding key: http://localhost:18587 for channel [id: 0xa869ec15, L:/127.0.0.1:50899 - R:localhost/127.0.0.1:18587]
16:10:46.962 [Forwarding isElementDisplayed on session 921d74cf4bf0426f43003831a1c09942 to remote] DEBUG org.asynchttpclient.netty.request.NettyRequestSender - Using pooled Channel '[id: 0xa869ec15, L:/127.0.0.1:50899 - R:localhost/127.0.0.1:18587]' for 'POST' to 'http://localhost:18587/session/921d74cf4bf0426f43003831a1c09942/execute/sync'
16:10:46.962 [Forwarding isElementDisplayed on session 921d74cf4bf0426f43003831a1c09942 to remote] DEBUG org.asynchttpclient.netty.request.NettyRequestSender - Using open Channel [id: 0xa869ec15, L:/127.0.0.1:50899 - R:localhost/127.0.0.1:18587] for POST '/session/921d74cf4bf0426f43003831a1c09942/execute/sync'
16:10:46.971 [AsyncHttpClient-1-5] DEBUG org.asynchttpclient.netty.handler.HttpHandler - 

Request DefaultHttpRequest(decodeResult: success, version: HTTP/1.1)
POST /session/921d74cf4bf0426f43003831a1c09942/execute/sync HTTP/1.1
User-Agent: selenium/4.8.1 (java windows)
Content-Length: 48807
Content-Type: application/json; charset=utf-8
host: localhost:18587
accept: */*

Response DefaultHttpResponse(decodeResult: success, version: HTTP/1.1)
HTTP/1.1 200 OK
Content-Length: 14
Content-Type: application/json; charset=utf-8
cache-control: no-cache

16:10:46.971 [AsyncHttpClient-1-5] DEBUG org.asynchttpclient.netty.channel.ChannelManager - Adding key: http://localhost:18587 for channel [id: 0xa869ec15, L:/127.0.0.1:50899 - R:localhost/127.0.0.1:18587]
16:10:46.974 [Forwarding getAlertText on session 921d74cf4bf0426f43003831a1c09942 to remote] DEBUG org.asynchttpclient.netty.request.NettyRequestSender - Using pooled Channel '[id: 0xa869ec15, L:/127.0.0.1:50899 - R:localhost/127.0.0.1:18587]' for 'GET' to 'http://localhost:18587/session/921d74cf4bf0426f43003831a1c09942/alert/text'
16:10:46.974 [Forwarding getAlertText on session 921d74cf4bf0426f43003831a1c09942 to remote] DEBUG org.asynchttpclient.netty.request.NettyRequestSender - Using open Channel [id: 0xa869ec15, L:/127.0.0.1:50899 - R:localhost/127.0.0.1:18587] for GET '/session/921d74cf4bf0426f43003831a1c09942/alert/text'
16:10:46.975 [AsyncHttpClient-1-5] DEBUG org.asynchttpclient.netty.handler.HttpHandler - 

Request DefaultFullHttpRequest(decodeResult: success, version: HTTP/1.1, content: EmptyByteBufBE)
GET /session/921d74cf4bf0426f43003831a1c09942/alert/text HTTP/1.1
User-Agent: selenium/4.8.1 (java windows)
Cache-Control: no-cache
Content-Type: application/json; charset=utf-8
host: localhost:18587
accept: */*

Response DefaultHttpResponse(decodeResult: success, version: HTTP/1.1)
HTTP/1.1 404 Not Found
Content-Length: 836
Content-Type: application/json; charset=utf-8
cache-control: no-cache

16:10:46.975 [AsyncHttpClient-1-5] DEBUG org.asynchttpclient.netty.channel.ChannelManager - Adding key: http://localhost:18587 for channel [id: 0xa869ec15, L:/127.0.0.1:50899 - R:localhost/127.0.0.1:18587]
16:10:46.977 [Forwarding getCurrentUrl on session 921d74cf4bf0426f43003831a1c09942 to remote] DEBUG org.asynchttpclient.netty.request.NettyRequestSender - Using pooled Channel '[id: 0xa869ec15, L:/127.0.0.1:50899 - R:localhost/127.0.0.1:18587]' for 'GET' to 'http://localhost:18587/session/921d74cf4bf0426f43003831a1c09942/url'
16:10:46.977 [Forwarding getCurrentUrl on session 921d74cf4bf0426f43003831a1c09942 to remote] DEBUG org.asynchttpclient.netty.request.NettyRequestSender - Using open Channel [id: 0xa869ec15, L:/127.0.0.1:50899 - R:localhost/127.0.0.1:18587] for GET '/session/921d74cf4bf0426f43003831a1c09942/url'
16:10:46.980 [AsyncHttpClient-1-5] DEBUG org.asynchttpclient.netty.handler.HttpHandler - 

Request DefaultFullHttpRequest(decodeResult: success, version: HTTP/1.1, content: EmptyByteBufBE)
GET /session/921d74cf4bf0426f43003831a1c09942/url HTTP/1.1
User-Agent: selenium/4.8.1 (java windows)
Cache-Control: no-cache
Content-Type: application/json; charset=utf-8
host: localhost:18587
accept: */*

Response DefaultHttpResponse(decodeResult: success, version: HTTP/1.1)
HTTP/1.1 200 OK
Content-Length: 54
Content-Type: application/json; charset=utf-8
cache-control: no-cache

16:10:46.980 [AsyncHttpClient-1-5] DEBUG org.asynchttpclient.netty.channel.ChannelManager - Adding key: http://localhost:18587 for channel [id: 0xa869ec15, L:/127.0.0.1:50899 - R:localhost/127.0.0.1:18587]
16:10:46.981 [Forwarding screenshot on session 921d74cf4bf0426f43003831a1c09942 to remote] DEBUG org.asynchttpclient.netty.request.NettyRequestSender - Using pooled Channel '[id: 0xa869ec15, L:/127.0.0.1:50899 - R:localhost/127.0.0.1:18587]' for 'GET' to 'http://localhost:18587/session/921d74cf4bf0426f43003831a1c09942/screenshot'
16:10:46.982 [Forwarding screenshot on session 921d74cf4bf0426f43003831a1c09942 to remote] DEBUG org.asynchttpclient.netty.request.NettyRequestSender - Using open Channel [id: 0xa869ec15, L:/127.0.0.1:50899 - R:localhost/127.0.0.1:18587] for GET '/session/921d74cf4bf0426f43003831a1c09942/screenshot'
16:10:47.068 [AsyncHttpClient-1-5] DEBUG org.asynchttpclient.netty.handler.HttpHandler - 

Request DefaultFullHttpRequest(decodeResult: success, version: HTTP/1.1, content: EmptyByteBufBE)
GET /session/921d74cf4bf0426f43003831a1c09942/screenshot HTTP/1.1
User-Agent: selenium/4.8.1 (java windows)
Cache-Control: no-cache
Content-Type: application/json; charset=utf-8
host: localhost:18587
accept: */*

Response DefaultHttpResponse(decodeResult: success, version: HTTP/1.1)
HTTP/1.1 200 OK
Content-Length: 37088
Content-Type: application/json; charset=utf-8
cache-control: no-cache

16:10:47.068 [AsyncHttpClient-1-5] DEBUG org.asynchttpclient.netty.channel.ChannelManager - Adding key: http://localhost:18587 for channel [id: 0xa869ec15, L:/127.0.0.1:50899 - R:localhost/127.0.0.1:18587]
16:10:47.069 [main] DEBUG net.serenitybdd.core.photography.Darkroom - Send negative for processing for target\site\serenity\d90119c5e01a4db60292828fc103c4fa16fd08d544ee3562c6670b11c0f5cf0f.png
16:10:47.069 [main] DEBUG net.thucydides.core.steps.StepInterceptor - STEP DONE: incorrectAlert
  &amp#27;[32mThen &amp#27;[0m&amp#27;[32mI should see the error message&amp#27;[0m          &amp#27;[90m# starter.stepdefinitions.LoginSteps.alertContent()&amp#27;[0m
16:10:47.069 [Darkroom Processing Line] DEBUG net.serenitybdd.core.photography.DarkroomProcessingLine - Processing screenshot image in /var/screenshots/screenshot-17342102935988581009
16:10:47.069 [Darkroom Processing Line] DEBUG net.serenitybdd.core.photography.DarkroomProcessingLine - Saving screenshot to target\site\serenity\d90119c5e01a4db60292828fc103c4fa16fd08d544ee3562c6670b11c0f5cf0f.png
16:10:47.074 [main] INFO  - 
  _____   ___   ___   _____     ___     _     ___   ___   ___   ___  
 |_   _| | __| / __| |_   _|   | _ \   /_\   / __| / __| | __| |   \ 
   | |   | _|  \__ \   | |     |  _/  / _ \  \__ \ \__ \ | _|  | |) |
   |_|   |___| |___/   |_|     |_|   /_/ \_\ |___/ |___/ |___| |___/ 

Register without fill the fullname
----------------------------------------------------------------------
16:10:47.076 [AsyncHttpClient-1-7] DEBUG org.asynchttpclient.netty.handler.WebSocketHandler - Channel Closed: [id: 0xebae1f52, L:/127.0.0.1:50909 ! R:localhost/127.0.0.1:50902] with attribute NettyResponseFuture{currentRetry=0,
	isDone=1,
	isCancelled=0,
	asyncHandler=org.asynchttpclient.ws.WebSocketUpgradeHandler@23727f2f,
	nettyRequest=org.asynchttpclient.netty.request.NettyRequest@6670e525,
	future=java.util.concurrent.CompletableFuture@1f213d58[Completed normally],
	uri=ws://localhost:50902/devtools/browser/c1b94369-a2ec-4976-983e-3b2cad798bec,
	keepAlive=true,
	redirectCount=0,
	timeoutsHolder=null,
	inAuth=0,
	touch=1683537034817}
16:10:47.076 [Driver Command Executor] DEBUG org.asynchttpclient.netty.request.NettyRequestSender - Using pooled Channel '[id: 0xa869ec15, L:/127.0.0.1:50899 - R:localhost/127.0.0.1:18587]' for 'DELETE' to 'http://localhost:18587/session/921d74cf4bf0426f43003831a1c09942'
16:10:47.076 [Driver Command Executor] DEBUG org.asynchttpclient.netty.request.NettyRequestSender - Using open Channel [id: 0xa869ec15, L:/127.0.0.1:50899 - R:localhost/127.0.0.1:18587] for DELETE '/session/921d74cf4bf0426f43003831a1c09942'
16:10:47.076 [AsyncHttpClient-1-7] DEBUG org.asynchttpclient.netty.channel.ChannelManager - Closing Channel [id: 0xebae1f52, L:/127.0.0.1:50909 ! R:localhost/127.0.0.1:50902] 
16:10:47.114 [AsyncHttpClient-1-6] DEBUG org.asynchttpclient.netty.handler.HttpHandler - Unexpected I/O exception on channel [id: 0xacd1e1ee, L:/127.0.0.1:50908 - R:localhost/127.0.0.1:50902]
java.net.SocketException: Connection reset
	at java.base/sun.nio.ch.SocketChannelImpl.throwConnectionReset(SocketChannelImpl.java:367)
	at java.base/sun.nio.ch.SocketChannelImpl.read(SocketChannelImpl.java:398)
	at io.netty.buffer.PooledByteBuf.setBytes(PooledByteBuf.java:259)
	at io.netty.buffer.AbstractByteBuf.writeBytes(AbstractByteBuf.java:1132)
	at io.netty.channel.socket.nio.NioSocketChannel.doReadBytes(NioSocketChannel.java:357)
	at io.netty.channel.nio.AbstractNioByteChannel$NioByteUnsafe.read(AbstractNioByteChannel.java:151)
	at io.netty.channel.nio.NioEventLoop.processSelectedKey(NioEventLoop.java:788)
	at io.netty.channel.nio.NioEventLoop.processSelectedKeysOptimized(NioEventLoop.java:724)
	at io.netty.channel.nio.NioEventLoop.processSelectedKeys(NioEventLoop.java:650)
	at io.netty.channel.nio.NioEventLoop.run(NioEventLoop.java:562)
	at io.netty.util.concurrent.SingleThreadEventExecutor$4.run(SingleThreadEventExecutor.java:997)
	at io.netty.util.internal.ThreadExecutorMap$2.run(ThreadExecutorMap.java:74)
	at io.netty.util.concurrent.FastThreadLocalRunnable.run(FastThreadLocalRunnable.java:30)
	at java.base/java.lang.Thread.run(Thread.java:832)
16:10:47.114 [AsyncHttpClient-1-6] DEBUG org.asynchttpclient.netty.channel.ChannelManager - Closing Channel [id: 0xacd1e1ee, L:/127.0.0.1:50908 - R:localhost/127.0.0.1:50902] 
16:10:47.114 [AsyncHttpClient-1-6] DEBUG org.asynchttpclient.netty.handler.HttpHandler - Channel Closed: [id: 0xacd1e1ee, L:/127.0.0.1:50908 ! R:localhost/127.0.0.1:50902] with attribute DISCARD
16:10:47.135 [AsyncHttpClient-1-5] DEBUG org.asynchttpclient.netty.handler.HttpHandler - 

Request DefaultFullHttpRequest(decodeResult: success, version: HTTP/1.1, content: EmptyByteBufBE)
DELETE /session/921d74cf4bf0426f43003831a1c09942 HTTP/1.1
User-Agent: selenium/4.8.1 (java windows)
Content-Type: application/json; charset=utf-8
host: localhost:18587
accept: */*

Response DefaultHttpResponse(decodeResult: success, version: HTTP/1.1)
HTTP/1.1 200 OK
Content-Length: 14
Content-Type: application/json; charset=utf-8
cache-control: no-cache

16:10:47.135 [AsyncHttpClient-1-5] DEBUG org.asynchttpclient.netty.channel.ChannelManager - Adding key: http://localhost:18587 for channel [id: 0xa869ec15, L:/127.0.0.1:50899 - R:localhost/127.0.0.1:18587]
16:10:47.284 [AsyncHttpClient-1-5] DEBUG org.asynchttpclient.netty.handler.HttpHandler - Channel Closed: [id: 0xa869ec15, L:/127.0.0.1:50899 ! R:localhost/127.0.0.1:18587] with attribute DISCARD
]]></system-out>
    <system-err><![CDATA[Starting ChromeDriver 111.0.5563.64 (c710e93d5b63b7095afe8c2c17df34408078439d-refs/branch-heads/5563@{#995}) on port 18587
Only local connections are allowed.
Please see https://chromedriver.chromium.org/security-considerations for suggestions on keeping ChromeDriver safe.
ChromeDriver was started successfully.
[1683537034.795][WARNING]: This version of ChromeDriver has not been tested with Chrome version 112.
May 08, 2023 4:10:34 PM org.openqa.selenium.devtools.CdpVersionFinder findNearestMatch
WARNING: Unable to find an exact match for CDP version 112, so returning the closest version found: 110
]]></system-err>
  </testcase>
  <testcase name="Register without fill the email" classname="Register to Alta-shop Account" time="5.861">
    <system-out><![CDATA[
Scenario: Register without fill the email   &amp#27;[90m# src/test/resources/features/1. Register.feature:25&amp#27;[0m
16:10:47.810 [main] DEBUG io.cucumber.core.plugin.SerenityReporter - Running feature from file:///C:/Users/WINDOWS%2010/Documents/GitHub/MiniProject_QE/Web/code/minpro/src/test/resources/features/1.%20Register.feature
16:10:47.813 [main] INFO  - 
  _____   ___   ___   _____     ___   _____     _     ___   _____   ___   ___  
 |_   _| | __| / __| |_   _|   / __| |_   _|   /_\   | _ \ |_   _| | __| |   \ 
   | |   | _|  \__ \   | |     \__ \   | |    / _ \  |   /   | |   | _|  | |) |
   |_|   |___| |___/   |_|     |___/   |_|   /_/ \_\ |_|_\   |_|   |___| |___/ 

Register without fill the email(register-to-alta-shop-account;register-without-fill-the-email)
--------------------------------------------------------------------------------
16:10:47.837 [main] DEBUG net.thucydides.core.steps.StepInterceptor - STARTING STEP: LoginSteps.onTheLoginPage - openPage
16:10:47.862 [AsyncHttpClient-1-1] DEBUG org.asynchttpclient.netty.channel.DefaultChannelPool - Entry count for : http://localhost:50902 : 1
16:10:47.862 [AsyncHttpClient-1-1] DEBUG org.asynchttpclient.netty.channel.DefaultChannelPool - Entry count for : http://localhost:18587 : 1
16:10:47.862 [AsyncHttpClient-1-1] DEBUG org.asynchttpclient.netty.channel.DefaultChannelPool - Adding Candidate expired Channel [id: 0xacd1e1ee, L:/127.0.0.1:50908 ! R:localhost/127.0.0.1:50902] isIdleTimeoutExpired=false isRemotelyClosed=true isTtlExpired=false
16:10:47.862 [AsyncHttpClient-1-1] DEBUG org.asynchttpclient.netty.channel.DefaultChannelPool - Closing Idle Channel [id: 0xacd1e1ee, L:/127.0.0.1:50908 ! R:localhost/127.0.0.1:50902]
16:10:47.862 [AsyncHttpClient-1-1] DEBUG org.asynchttpclient.netty.channel.DefaultChannelPool - Adding Candidate expired Channel [id: 0xa869ec15, L:/127.0.0.1:50899 ! R:localhost/127.0.0.1:18587] isIdleTimeoutExpired=false isRemotelyClosed=true isTtlExpired=false
16:10:47.862 [AsyncHttpClient-1-1] DEBUG org.asynchttpclient.netty.channel.DefaultChannelPool - Closing Idle Channel [id: 0xa869ec15, L:/127.0.0.1:50899 ! R:localhost/127.0.0.1:18587]
16:10:47.862 [AsyncHttpClient-1-1] DEBUG org.asynchttpclient.netty.channel.DefaultChannelPool - Closed 2 connections out of 2 in 0 ms
16:10:47.872 [main] INFO net.serenitybdd.core.webdriver.driverproviders.ChromeDriverProvider - Starting Chrome driver instance with capabilities:
16:10:47.872 [main] INFO net.serenitybdd.core.webdriver.driverproviders.ChromeDriverProvider - Capabilities {acceptInsecureCerts: false, browserName: chrome, goog:chromeOptions: {args: [remote-allow-origins=*], extensions: []}}
16:10:47.948 [AsyncHttpClient-1-8] DEBUG org.asynchttpclient.netty.channel.NettyConnectListener - Using new Channel '[id: 0x388264b1, L:/127.0.0.1:50950 - R:localhost/127.0.0.1:6675]' for 'POST' to '/session'
16:10:48.549 [AsyncHttpClient-1-8] DEBUG org.asynchttpclient.netty.handler.HttpHandler - 

Request DefaultHttpRequest(decodeResult: success, version: HTTP/1.1)
POST /session HTTP/1.1
User-Agent: selenium/4.8.1 (java windows)
Content-Length: 507
Content-Type: application/json; charset=utf-8
host: localhost:6675
accept: */*

Response DefaultHttpResponse(decodeResult: success, version: HTTP/1.1)
HTTP/1.1 200 OK
Content-Length: 862
Content-Type: application/json; charset=utf-8
cache-control: no-cache

16:10:48.549 [AsyncHttpClient-1-8] DEBUG org.asynchttpclient.netty.channel.ChannelManager - Adding key: http://localhost:6675 for channel [id: 0x388264b1, L:/127.0.0.1:50950 - R:localhost/127.0.0.1:6675]
16:10:48.555 [AsyncHttpClient-1-9] DEBUG org.asynchttpclient.netty.channel.NettyConnectListener - Using new Channel '[id: 0x6885f30b, L:/127.0.0.1:50959 - R:localhost/127.0.0.1:50951]' for 'GET' to '/json/version'
16:10:48.557 [AsyncHttpClient-1-9] DEBUG org.asynchttpclient.netty.handler.HttpHandler - 

Request DefaultFullHttpRequest(decodeResult: success, version: HTTP/1.1, content: EmptyByteBufBE)
GET /json/version HTTP/1.1
User-Agent: selenium/4.8.1 (java windows)
host: localhost:50951
accept: */*

Response DefaultHttpResponse(decodeResult: success, version: HTTP/1.1)
HTTP/1.1 200 OK
Content-Security-Policy: frame-ancestors 'none'
Content-Length: 424
Content-Type: application/json; charset=UTF-8

16:10:48.557 [AsyncHttpClient-1-9] DEBUG org.asynchttpclient.netty.channel.ChannelManager - Adding key: http://localhost:50951 for channel [id: 0x6885f30b, L:/127.0.0.1:50959 - R:localhost/127.0.0.1:50951]
16:10:48.560 [AsyncHttpClient-1-10] DEBUG org.asynchttpclient.netty.channel.NettyConnectListener - Using new Channel '[id: 0x4668f69f, L:/127.0.0.1:50960 - R:localhost/127.0.0.1:50951]' for 'GET' to '/devtools/browser/a789aa37-4c9c-41bf-a7a5-75282df0c93e'
16:10:48.562 [AsyncHttpClient-1-10] DEBUG org.asynchttpclient.netty.handler.WebSocketHandler - 

Request DefaultFullHttpRequest(decodeResult: success, version: HTTP/1.1, content: EmptyByteBufBE)
GET /devtools/browser/a789aa37-4c9c-41bf-a7a5-75282df0c93e HTTP/1.1
upgrade: websocket
connection: upgrade
sec-websocket-key: v4JIraifBA+eVfYmzJUWhw==
sec-websocket-version: 13
origin: http://localhost:50951
host: localhost:50951
accept: */*
user-agent: AHC/2.1

Response DefaultHttpResponse(decodeResult: success, version: HTTP/1.1)
HTTP/1.1 101 WebSocket Protocol Handshake
Upgrade: WebSocket
Connection: Upgrade
Sec-WebSocket-Accept: 9jYqdJ/PvhHlnh5+LRUxn+KuT0E=

16:10:48.565 [Forwarding get on session 8e390a5c533f80a63719b665fa5c08aa to remote] DEBUG org.asynchttpclient.netty.request.NettyRequestSender - Using pooled Channel '[id: 0x388264b1, L:/127.0.0.1:50950 - R:localhost/127.0.0.1:6675]' for 'POST' to 'http://localhost:6675/session/8e390a5c533f80a63719b665fa5c08aa/url'
16:10:48.565 [Forwarding get on session 8e390a5c533f80a63719b665fa5c08aa to remote] DEBUG org.asynchttpclient.netty.request.NettyRequestSender - Using open Channel [id: 0x388264b1, L:/127.0.0.1:50950 - R:localhost/127.0.0.1:6675] for POST '/session/8e390a5c533f80a63719b665fa5c08aa/url'
16:10:48.956 [AsyncHttpClient-1-1] DEBUG org.asynchttpclient.netty.channel.DefaultChannelPool - Entry count for : http://localhost:50951 : 1
16:10:50.063 [AsyncHttpClient-1-1] DEBUG org.asynchttpclient.netty.channel.DefaultChannelPool - Entry count for : http://localhost:50951 : 1
16:10:51.156 [AsyncHttpClient-1-1] DEBUG org.asynchttpclient.netty.channel.DefaultChannelPool - Entry count for : http://localhost:50951 : 1
16:10:51.180 [AsyncHttpClient-1-8] DEBUG org.asynchttpclient.netty.handler.HttpHandler - 

Request DefaultHttpRequest(decodeResult: success, version: HTTP/1.1)
POST /session/8e390a5c533f80a63719b665fa5c08aa/url HTTP/1.1
User-Agent: selenium/4.8.1 (java windows)
Content-Length: 74
Content-Type: application/json; charset=utf-8
host: localhost:6675
accept: */*

Response DefaultHttpResponse(decodeResult: success, version: HTTP/1.1)
HTTP/1.1 200 OK
Content-Length: 14
Content-Type: application/json; charset=utf-8
cache-control: no-cache

16:10:51.180 [AsyncHttpClient-1-8] DEBUG org.asynchttpclient.netty.channel.ChannelManager - Adding key: http://localhost:6675 for channel [id: 0x388264b1, L:/127.0.0.1:50950 - R:localhost/127.0.0.1:6675]
16:10:51.181 [Forwarding setTimeout on session 8e390a5c533f80a63719b665fa5c08aa to remote] DEBUG org.asynchttpclient.netty.request.NettyRequestSender - Using pooled Channel '[id: 0x388264b1, L:/127.0.0.1:50950 - R:localhost/127.0.0.1:6675]' for 'POST' to 'http://localhost:6675/session/8e390a5c533f80a63719b665fa5c08aa/timeouts'
16:10:51.181 [Forwarding setTimeout on session 8e390a5c533f80a63719b665fa5c08aa to remote] DEBUG org.asynchttpclient.netty.request.NettyRequestSender - Using open Channel [id: 0x388264b1, L:/127.0.0.1:50950 - R:localhost/127.0.0.1:6675] for POST '/session/8e390a5c533f80a63719b665fa5c08aa/timeouts'
16:10:51.182 [AsyncHttpClient-1-8] DEBUG org.asynchttpclient.netty.handler.HttpHandler - 

Request DefaultHttpRequest(decodeResult: success, version: HTTP/1.1)
POST /session/8e390a5c533f80a63719b665fa5c08aa/timeouts HTTP/1.1
User-Agent: selenium/4.8.1 (java windows)
Content-Length: 22
Content-Type: application/json; charset=utf-8
host: localhost:6675
accept: */*

Response DefaultHttpResponse(decodeResult: success, version: HTTP/1.1)
HTTP/1.1 200 OK
Content-Length: 14
Content-Type: application/json; charset=utf-8
cache-control: no-cache

16:10:51.182 [AsyncHttpClient-1-8] DEBUG org.asynchttpclient.netty.channel.ChannelManager - Adding key: http://localhost:6675 for channel [id: 0x388264b1, L:/127.0.0.1:50950 - R:localhost/127.0.0.1:6675]
16:10:51.186 [Forwarding getAlertText on session 8e390a5c533f80a63719b665fa5c08aa to remote] DEBUG org.asynchttpclient.netty.request.NettyRequestSender - Using pooled Channel '[id: 0x388264b1, L:/127.0.0.1:50950 - R:localhost/127.0.0.1:6675]' for 'GET' to 'http://localhost:6675/session/8e390a5c533f80a63719b665fa5c08aa/alert/text'
16:10:51.186 [Forwarding getAlertText on session 8e390a5c533f80a63719b665fa5c08aa to remote] DEBUG org.asynchttpclient.netty.request.NettyRequestSender - Using open Channel [id: 0x388264b1, L:/127.0.0.1:50950 - R:localhost/127.0.0.1:6675] for GET '/session/8e390a5c533f80a63719b665fa5c08aa/alert/text'
16:10:51.188 [AsyncHttpClient-1-8] DEBUG org.asynchttpclient.netty.handler.HttpHandler - 

Request DefaultFullHttpRequest(decodeResult: success, version: HTTP/1.1, content: EmptyByteBufBE)
GET /session/8e390a5c533f80a63719b665fa5c08aa/alert/text HTTP/1.1
User-Agent: selenium/4.8.1 (java windows)
Cache-Control: no-cache
Content-Type: application/json; charset=utf-8
host: localhost:6675
accept: */*

Response DefaultHttpResponse(decodeResult: success, version: HTTP/1.1)
HTTP/1.1 404 Not Found
Content-Length: 836
Content-Type: application/json; charset=utf-8
cache-control: no-cache

16:10:51.188 [AsyncHttpClient-1-8] DEBUG org.asynchttpclient.netty.channel.ChannelManager - Adding key: http://localhost:6675 for channel [id: 0x388264b1, L:/127.0.0.1:50950 - R:localhost/127.0.0.1:6675]
16:10:51.189 [Forwarding getCurrentUrl on session 8e390a5c533f80a63719b665fa5c08aa to remote] DEBUG org.asynchttpclient.netty.request.NettyRequestSender - Using pooled Channel '[id: 0x388264b1, L:/127.0.0.1:50950 - R:localhost/127.0.0.1:6675]' for 'GET' to 'http://localhost:6675/session/8e390a5c533f80a63719b665fa5c08aa/url'
16:10:51.189 [Forwarding getCurrentUrl on session 8e390a5c533f80a63719b665fa5c08aa to remote] DEBUG org.asynchttpclient.netty.request.NettyRequestSender - Using open Channel [id: 0x388264b1, L:/127.0.0.1:50950 - R:localhost/127.0.0.1:6675] for GET '/session/8e390a5c533f80a63719b665fa5c08aa/url'
16:10:51.192 [AsyncHttpClient-1-8] DEBUG org.asynchttpclient.netty.handler.HttpHandler - 

Request DefaultFullHttpRequest(decodeResult: success, version: HTTP/1.1, content: EmptyByteBufBE)
GET /session/8e390a5c533f80a63719b665fa5c08aa/url HTTP/1.1
User-Agent: selenium/4.8.1 (java windows)
Cache-Control: no-cache
Content-Type: application/json; charset=utf-8
host: localhost:6675
accept: */*

Response DefaultHttpResponse(decodeResult: success, version: HTTP/1.1)
HTTP/1.1 200 OK
Content-Length: 51
Content-Type: application/json; charset=utf-8
cache-control: no-cache

16:10:51.192 [AsyncHttpClient-1-8] DEBUG org.asynchttpclient.netty.channel.ChannelManager - Adding key: http://localhost:6675 for channel [id: 0x388264b1, L:/127.0.0.1:50950 - R:localhost/127.0.0.1:6675]
16:10:51.192 [Forwarding screenshot on session 8e390a5c533f80a63719b665fa5c08aa to remote] DEBUG org.asynchttpclient.netty.request.NettyRequestSender - Using pooled Channel '[id: 0x388264b1, L:/127.0.0.1:50950 - R:localhost/127.0.0.1:6675]' for 'GET' to 'http://localhost:6675/session/8e390a5c533f80a63719b665fa5c08aa/screenshot'
16:10:51.192 [Forwarding screenshot on session 8e390a5c533f80a63719b665fa5c08aa to remote] DEBUG org.asynchttpclient.netty.request.NettyRequestSender - Using open Channel [id: 0x388264b1, L:/127.0.0.1:50950 - R:localhost/127.0.0.1:6675] for GET '/session/8e390a5c533f80a63719b665fa5c08aa/screenshot'
16:10:51.269 [AsyncHttpClient-1-8] DEBUG org.asynchttpclient.netty.handler.HttpHandler - 

Request DefaultFullHttpRequest(decodeResult: success, version: HTTP/1.1, content: EmptyByteBufBE)
GET /session/8e390a5c533f80a63719b665fa5c08aa/screenshot HTTP/1.1
User-Agent: selenium/4.8.1 (java windows)
Cache-Control: no-cache
Content-Type: application/json; charset=utf-8
host: localhost:6675
accept: */*

Response DefaultHttpResponse(decodeResult: success, version: HTTP/1.1)
HTTP/1.1 200 OK
Content-Length: 25208
Content-Type: application/json; charset=utf-8
cache-control: no-cache

16:10:51.269 [AsyncHttpClient-1-8] DEBUG org.asynchttpclient.netty.channel.ChannelManager - Adding key: http://localhost:6675 for channel [id: 0x388264b1, L:/127.0.0.1:50950 - R:localhost/127.0.0.1:6675]
16:10:51.270 [main] DEBUG net.serenitybdd.core.photography.Darkroom - Send negative for processing for target\site\serenity\edb14d4aab401efa0e4fb99861e6ffcafebc86a67b69f7828890b9910ed2ddbd.png
16:10:51.270 [main] DEBUG net.thucydides.core.steps.StepInterceptor - STEP DONE: openPage
  &amp#27;[32mGiven &amp#27;[0m&amp#27;[32mI am on the alta-shop login page&amp#27;[0m    &amp#27;[90m# starter.stepdefinitions.LoginSteps.onTheLoginPage()&amp#27;[0m
16:10:51.276 [Forwarding getPageSource on session 8e390a5c533f80a63719b665fa5c08aa to remote] DEBUG org.asynchttpclient.netty.request.NettyRequestSender - Using pooled Channel '[id: 0x388264b1, L:/127.0.0.1:50950 - R:localhost/127.0.0.1:6675]' for 'POST' to 'http://localhost:6675/session/8e390a5c533f80a63719b665fa5c08aa/execute/sync'
16:10:51.276 [Forwarding getPageSource on session 8e390a5c533f80a63719b665fa5c08aa to remote] DEBUG org.asynchttpclient.netty.request.NettyRequestSender - Using open Channel [id: 0x388264b1, L:/127.0.0.1:50950 - R:localhost/127.0.0.1:6675] for POST '/session/8e390a5c533f80a63719b665fa5c08aa/execute/sync'
16:10:51.281 [AsyncHttpClient-1-8] DEBUG org.asynchttpclient.netty.handler.HttpHandler - 

Request DefaultHttpRequest(decodeResult: success, version: HTTP/1.1)
POST /session/8e390a5c533f80a63719b665fa5c08aa/execute/sync HTTP/1.1
User-Agent: selenium/4.8.1 (java windows)
Content-Length: 176
Content-Type: application/json; charset=utf-8
host: localhost:6675
accept: */*

Response DefaultHttpResponse(decodeResult: success, version: HTTP/1.1)
HTTP/1.1 200 OK
Content-Length: 21659
Content-Type: application/json; charset=utf-8
cache-control: no-cache

16:10:51.281 [AsyncHttpClient-1-8] DEBUG org.asynchttpclient.netty.channel.ChannelManager - Adding key: http://localhost:6675 for channel [id: 0x388264b1, L:/127.0.0.1:50950 - R:localhost/127.0.0.1:6675]
16:10:51.283 [Forwarding getCurrentUrl on session 8e390a5c533f80a63719b665fa5c08aa to remote] DEBUG org.asynchttpclient.netty.request.NettyRequestSender - Using pooled Channel '[id: 0x388264b1, L:/127.0.0.1:50950 - R:localhost/127.0.0.1:6675]' for 'GET' to 'http://localhost:6675/session/8e390a5c533f80a63719b665fa5c08aa/url'
16:10:51.283 [Forwarding getCurrentUrl on session 8e390a5c533f80a63719b665fa5c08aa to remote] DEBUG org.asynchttpclient.netty.request.NettyRequestSender - Using open Channel [id: 0x388264b1, L:/127.0.0.1:50950 - R:localhost/127.0.0.1:6675] for GET '/session/8e390a5c533f80a63719b665fa5c08aa/url'
16:10:51.286 [AsyncHttpClient-1-8] DEBUG org.asynchttpclient.netty.handler.HttpHandler - 

Request DefaultFullHttpRequest(decodeResult: success, version: HTTP/1.1, content: EmptyByteBufBE)
GET /session/8e390a5c533f80a63719b665fa5c08aa/url HTTP/1.1
User-Agent: selenium/4.8.1 (java windows)
Cache-Control: no-cache
Content-Type: application/json; charset=utf-8
host: localhost:6675
accept: */*

Response DefaultHttpResponse(decodeResult: success, version: HTTP/1.1)
HTTP/1.1 200 OK
Content-Length: 51
Content-Type: application/json; charset=utf-8
cache-control: no-cache

16:10:51.286 [AsyncHttpClient-1-8] DEBUG org.asynchttpclient.netty.channel.ChannelManager - Adding key: http://localhost:6675 for channel [id: 0x388264b1, L:/127.0.0.1:50950 - R:localhost/127.0.0.1:6675]
16:10:51.300 [Forwarding getPageSource on session 8e390a5c533f80a63719b665fa5c08aa to remote] DEBUG org.asynchttpclient.netty.request.NettyRequestSender - Using pooled Channel '[id: 0x388264b1, L:/127.0.0.1:50950 - R:localhost/127.0.0.1:6675]' for 'POST' to 'http://localhost:6675/session/8e390a5c533f80a63719b665fa5c08aa/execute/sync'
16:10:51.300 [Forwarding getPageSource on session 8e390a5c533f80a63719b665fa5c08aa to remote] DEBUG org.asynchttpclient.netty.request.NettyRequestSender - Using open Channel [id: 0x388264b1, L:/127.0.0.1:50950 - R:localhost/127.0.0.1:6675] for POST '/session/8e390a5c533f80a63719b665fa5c08aa/execute/sync'
16:10:51.304 [AsyncHttpClient-1-8] DEBUG org.asynchttpclient.netty.handler.HttpHandler - 

Request DefaultHttpRequest(decodeResult: success, version: HTTP/1.1)
POST /session/8e390a5c533f80a63719b665fa5c08aa/execute/sync HTTP/1.1
User-Agent: selenium/4.8.1 (java windows)
Content-Length: 176
Content-Type: application/json; charset=utf-8
host: localhost:6675
accept: */*

Response DefaultHttpResponse(decodeResult: success, version: HTTP/1.1)
HTTP/1.1 200 OK
Content-Length: 21659
Content-Type: application/json; charset=utf-8
cache-control: no-cache

16:10:51.304 [AsyncHttpClient-1-8] DEBUG org.asynchttpclient.netty.channel.ChannelManager - Adding key: http://localhost:6675 for channel [id: 0x388264b1, L:/127.0.0.1:50950 - R:localhost/127.0.0.1:6675]
16:10:51.306 [Forwarding getCurrentUrl on session 8e390a5c533f80a63719b665fa5c08aa to remote] DEBUG org.asynchttpclient.netty.request.NettyRequestSender - Using pooled Channel '[id: 0x388264b1, L:/127.0.0.1:50950 - R:localhost/127.0.0.1:6675]' for 'GET' to 'http://localhost:6675/session/8e390a5c533f80a63719b665fa5c08aa/url'
16:10:51.306 [Forwarding getCurrentUrl on session 8e390a5c533f80a63719b665fa5c08aa to remote] DEBUG org.asynchttpclient.netty.request.NettyRequestSender - Using open Channel [id: 0x388264b1, L:/127.0.0.1:50950 - R:localhost/127.0.0.1:6675] for GET '/session/8e390a5c533f80a63719b665fa5c08aa/url'
16:10:51.309 [AsyncHttpClient-1-8] DEBUG org.asynchttpclient.netty.handler.HttpHandler - 

Request DefaultFullHttpRequest(decodeResult: success, version: HTTP/1.1, content: EmptyByteBufBE)
GET /session/8e390a5c533f80a63719b665fa5c08aa/url HTTP/1.1
User-Agent: selenium/4.8.1 (java windows)
Cache-Control: no-cache
Content-Type: application/json; charset=utf-8
host: localhost:6675
accept: */*

Response DefaultHttpResponse(decodeResult: success, version: HTTP/1.1)
HTTP/1.1 200 OK
Content-Length: 51
Content-Type: application/json; charset=utf-8
cache-control: no-cache

16:10:51.309 [AsyncHttpClient-1-8] DEBUG org.asynchttpclient.netty.channel.ChannelManager - Adding key: http://localhost:6675 for channel [id: 0x388264b1, L:/127.0.0.1:50950 - R:localhost/127.0.0.1:6675]
16:10:51.311 [main] DEBUG net.thucydides.core.steps.StepInterceptor - STARTING STEP: RegisterSteps.clickLoginButton - clickRegisterLink
16:10:51.312 [Forwarding findElement on session 8e390a5c533f80a63719b665fa5c08aa to remote] DEBUG org.asynchttpclient.netty.request.NettyRequestSender - Using pooled Channel '[id: 0x388264b1, L:/127.0.0.1:50950 - R:localhost/127.0.0.1:6675]' for 'POST' to 'http://localhost:6675/session/8e390a5c533f80a63719b665fa5c08aa/element'
16:10:51.312 [Forwarding findElement on session 8e390a5c533f80a63719b665fa5c08aa to remote] DEBUG org.asynchttpclient.netty.request.NettyRequestSender - Using open Channel [id: 0x388264b1, L:/127.0.0.1:50950 - R:localhost/127.0.0.1:6675] for POST '/session/8e390a5c533f80a63719b665fa5c08aa/element'
16:10:51.322 [AsyncHttpClient-1-8] DEBUG org.asynchttpclient.netty.handler.HttpHandler - 

Request DefaultHttpRequest(decodeResult: success, version: HTTP/1.1)
POST /session/8e390a5c533f80a63719b665fa5c08aa/element HTTP/1.1
User-Agent: selenium/4.8.1 (java windows)
Content-Length: 84
Content-Type: application/json; charset=utf-8
host: localhost:6675
accept: */*

Response DefaultHttpResponse(decodeResult: success, version: HTTP/1.1)
HTTP/1.1 200 OK
Content-Length: 88
Content-Type: application/json; charset=utf-8
cache-control: no-cache

16:10:51.322 [AsyncHttpClient-1-8] DEBUG org.asynchttpclient.netty.channel.ChannelManager - Adding key: http://localhost:6675 for channel [id: 0x388264b1, L:/127.0.0.1:50950 - R:localhost/127.0.0.1:6675]
16:10:51.323 [Forwarding getElementTagName on session 8e390a5c533f80a63719b665fa5c08aa to remote] DEBUG org.asynchttpclient.netty.request.NettyRequestSender - Using pooled Channel '[id: 0x388264b1, L:/127.0.0.1:50950 - R:localhost/127.0.0.1:6675]' for 'GET' to 'http://localhost:6675/session/8e390a5c533f80a63719b665fa5c08aa/element/119a9d80-9d0c-49e6-a0a3-dd1ddf54c7bc/name'
16:10:51.323 [Forwarding getElementTagName on session 8e390a5c533f80a63719b665fa5c08aa to remote] DEBUG org.asynchttpclient.netty.request.NettyRequestSender - Using open Channel [id: 0x388264b1, L:/127.0.0.1:50950 - R:localhost/127.0.0.1:6675] for GET '/session/8e390a5c533f80a63719b665fa5c08aa/element/119a9d80-9d0c-49e6-a0a3-dd1ddf54c7bc/name'
16:10:51.327 [AsyncHttpClient-1-8] DEBUG org.asynchttpclient.netty.handler.HttpHandler - 

Request DefaultFullHttpRequest(decodeResult: success, version: HTTP/1.1, content: EmptyByteBufBE)
GET /session/8e390a5c533f80a63719b665fa5c08aa/element/119a9d80-9d0c-49e6-a0a3-dd1ddf54c7bc/name HTTP/1.1
User-Agent: selenium/4.8.1 (java windows)
Cache-Control: no-cache
Content-Type: application/json; charset=utf-8
host: localhost:6675
accept: */*

Response DefaultHttpResponse(decodeResult: success, version: HTTP/1.1)
HTTP/1.1 200 OK
Content-Length: 13
Content-Type: application/json; charset=utf-8
cache-control: no-cache

16:10:51.327 [AsyncHttpClient-1-8] DEBUG org.asynchttpclient.netty.channel.ChannelManager - Adding key: http://localhost:6675 for channel [id: 0x388264b1, L:/127.0.0.1:50950 - R:localhost/127.0.0.1:6675]
16:10:51.328 [Forwarding getElementTagName on session 8e390a5c533f80a63719b665fa5c08aa to remote] DEBUG org.asynchttpclient.netty.request.NettyRequestSender - Using pooled Channel '[id: 0x388264b1, L:/127.0.0.1:50950 - R:localhost/127.0.0.1:6675]' for 'GET' to 'http://localhost:6675/session/8e390a5c533f80a63719b665fa5c08aa/element/119a9d80-9d0c-49e6-a0a3-dd1ddf54c7bc/name'
16:10:51.328 [Forwarding getElementTagName on session 8e390a5c533f80a63719b665fa5c08aa to remote] DEBUG org.asynchttpclient.netty.request.NettyRequestSender - Using open Channel [id: 0x388264b1, L:/127.0.0.1:50950 - R:localhost/127.0.0.1:6675] for GET '/session/8e390a5c533f80a63719b665fa5c08aa/element/119a9d80-9d0c-49e6-a0a3-dd1ddf54c7bc/name'
16:10:51.331 [AsyncHttpClient-1-8] DEBUG org.asynchttpclient.netty.handler.HttpHandler - 

Request DefaultFullHttpRequest(decodeResult: success, version: HTTP/1.1, content: EmptyByteBufBE)
GET /session/8e390a5c533f80a63719b665fa5c08aa/element/119a9d80-9d0c-49e6-a0a3-dd1ddf54c7bc/name HTTP/1.1
User-Agent: selenium/4.8.1 (java windows)
Cache-Control: no-cache
Content-Type: application/json; charset=utf-8
host: localhost:6675
accept: */*

Response DefaultHttpResponse(decodeResult: success, version: HTTP/1.1)
HTTP/1.1 200 OK
Content-Length: 13
Content-Type: application/json; charset=utf-8
cache-control: no-cache

16:10:51.331 [AsyncHttpClient-1-8] DEBUG org.asynchttpclient.netty.channel.ChannelManager - Adding key: http://localhost:6675 for channel [id: 0x388264b1, L:/127.0.0.1:50950 - R:localhost/127.0.0.1:6675]
16:10:51.332 [Forwarding findElement on session 8e390a5c533f80a63719b665fa5c08aa to remote] DEBUG org.asynchttpclient.netty.request.NettyRequestSender - Using pooled Channel '[id: 0x388264b1, L:/127.0.0.1:50950 - R:localhost/127.0.0.1:6675]' for 'POST' to 'http://localhost:6675/session/8e390a5c533f80a63719b665fa5c08aa/element'
16:10:51.332 [Forwarding findElement on session 8e390a5c533f80a63719b665fa5c08aa to remote] DEBUG org.asynchttpclient.netty.request.NettyRequestSender - Using open Channel [id: 0x388264b1, L:/127.0.0.1:50950 - R:localhost/127.0.0.1:6675] for POST '/session/8e390a5c533f80a63719b665fa5c08aa/element'
16:10:51.338 [AsyncHttpClient-1-8] DEBUG org.asynchttpclient.netty.handler.HttpHandler - 

Request DefaultHttpRequest(decodeResult: success, version: HTTP/1.1)
POST /session/8e390a5c533f80a63719b665fa5c08aa/element HTTP/1.1
User-Agent: selenium/4.8.1 (java windows)
Content-Length: 84
Content-Type: application/json; charset=utf-8
host: localhost:6675
accept: */*

Response DefaultHttpResponse(decodeResult: success, version: HTTP/1.1)
HTTP/1.1 200 OK
Content-Length: 88
Content-Type: application/json; charset=utf-8
cache-control: no-cache

16:10:51.338 [AsyncHttpClient-1-8] DEBUG org.asynchttpclient.netty.channel.ChannelManager - Adding key: http://localhost:6675 for channel [id: 0x388264b1, L:/127.0.0.1:50950 - R:localhost/127.0.0.1:6675]
16:10:51.339 [Forwarding clickElement on session 8e390a5c533f80a63719b665fa5c08aa to remote] DEBUG org.asynchttpclient.netty.request.NettyRequestSender - Using pooled Channel '[id: 0x388264b1, L:/127.0.0.1:50950 - R:localhost/127.0.0.1:6675]' for 'POST' to 'http://localhost:6675/session/8e390a5c533f80a63719b665fa5c08aa/element/119a9d80-9d0c-49e6-a0a3-dd1ddf54c7bc/click'
16:10:51.339 [Forwarding clickElement on session 8e390a5c533f80a63719b665fa5c08aa to remote] DEBUG org.asynchttpclient.netty.request.NettyRequestSender - Using open Channel [id: 0x388264b1, L:/127.0.0.1:50950 - R:localhost/127.0.0.1:6675] for POST '/session/8e390a5c533f80a63719b665fa5c08aa/element/119a9d80-9d0c-49e6-a0a3-dd1ddf54c7bc/click'
16:10:51.384 [AsyncHttpClient-1-8] DEBUG org.asynchttpclient.netty.handler.HttpHandler - 

Request DefaultHttpRequest(decodeResult: success, version: HTTP/1.1)
POST /session/8e390a5c533f80a63719b665fa5c08aa/element/119a9d80-9d0c-49e6-a0a3-dd1ddf54c7bc/click HTTP/1.1
User-Agent: selenium/4.8.1 (java windows)
Content-Length: 50
Content-Type: application/json; charset=utf-8
host: localhost:6675
accept: */*

Response DefaultHttpResponse(decodeResult: success, version: HTTP/1.1)
HTTP/1.1 200 OK
Content-Length: 14
Content-Type: application/json; charset=utf-8
cache-control: no-cache

16:10:51.384 [AsyncHttpClient-1-8] DEBUG org.asynchttpclient.netty.channel.ChannelManager - Adding key: http://localhost:6675 for channel [id: 0x388264b1, L:/127.0.0.1:50950 - R:localhost/127.0.0.1:6675]
16:10:51.393 [Forwarding getAlertText on session 8e390a5c533f80a63719b665fa5c08aa to remote] DEBUG org.asynchttpclient.netty.request.NettyRequestSender - Using pooled Channel '[id: 0x388264b1, L:/127.0.0.1:50950 - R:localhost/127.0.0.1:6675]' for 'GET' to 'http://localhost:6675/session/8e390a5c533f80a63719b665fa5c08aa/alert/text'
16:10:51.393 [Forwarding getAlertText on session 8e390a5c533f80a63719b665fa5c08aa to remote] DEBUG org.asynchttpclient.netty.request.NettyRequestSender - Using open Channel [id: 0x388264b1, L:/127.0.0.1:50950 - R:localhost/127.0.0.1:6675] for GET '/session/8e390a5c533f80a63719b665fa5c08aa/alert/text'
16:10:51.395 [AsyncHttpClient-1-8] DEBUG org.asynchttpclient.netty.handler.HttpHandler - 

Request DefaultFullHttpRequest(decodeResult: success, version: HTTP/1.1, content: EmptyByteBufBE)
GET /session/8e390a5c533f80a63719b665fa5c08aa/alert/text HTTP/1.1
User-Agent: selenium/4.8.1 (java windows)
Cache-Control: no-cache
Content-Type: application/json; charset=utf-8
host: localhost:6675
accept: */*

Response DefaultHttpResponse(decodeResult: success, version: HTTP/1.1)
HTTP/1.1 404 Not Found
Content-Length: 836
Content-Type: application/json; charset=utf-8
cache-control: no-cache

16:10:51.396 [AsyncHttpClient-1-8] DEBUG org.asynchttpclient.netty.channel.ChannelManager - Adding key: http://localhost:6675 for channel [id: 0x388264b1, L:/127.0.0.1:50950 - R:localhost/127.0.0.1:6675]
16:10:51.398 [Forwarding getCurrentUrl on session 8e390a5c533f80a63719b665fa5c08aa to remote] DEBUG org.asynchttpclient.netty.request.NettyRequestSender - Using pooled Channel '[id: 0x388264b1, L:/127.0.0.1:50950 - R:localhost/127.0.0.1:6675]' for 'GET' to 'http://localhost:6675/session/8e390a5c533f80a63719b665fa5c08aa/url'
16:10:51.398 [Forwarding getCurrentUrl on session 8e390a5c533f80a63719b665fa5c08aa to remote] DEBUG org.asynchttpclient.netty.request.NettyRequestSender - Using open Channel [id: 0x388264b1, L:/127.0.0.1:50950 - R:localhost/127.0.0.1:6675] for GET '/session/8e390a5c533f80a63719b665fa5c08aa/url'
16:10:51.404 [AsyncHttpClient-1-8] DEBUG org.asynchttpclient.netty.handler.HttpHandler - 

Request DefaultFullHttpRequest(decodeResult: success, version: HTTP/1.1, content: EmptyByteBufBE)
GET /session/8e390a5c533f80a63719b665fa5c08aa/url HTTP/1.1
User-Agent: selenium/4.8.1 (java windows)
Cache-Control: no-cache
Content-Type: application/json; charset=utf-8
host: localhost:6675
accept: */*

Response DefaultHttpResponse(decodeResult: success, version: HTTP/1.1)
HTTP/1.1 200 OK
Content-Length: 54
Content-Type: application/json; charset=utf-8
cache-control: no-cache

16:10:51.404 [AsyncHttpClient-1-8] DEBUG org.asynchttpclient.netty.channel.ChannelManager - Adding key: http://localhost:6675 for channel [id: 0x388264b1, L:/127.0.0.1:50950 - R:localhost/127.0.0.1:6675]
16:10:51.407 [Forwarding screenshot on session 8e390a5c533f80a63719b665fa5c08aa to remote] DEBUG org.asynchttpclient.netty.request.NettyRequestSender - Using pooled Channel '[id: 0x388264b1, L:/127.0.0.1:50950 - R:localhost/127.0.0.1:6675]' for 'GET' to 'http://localhost:6675/session/8e390a5c533f80a63719b665fa5c08aa/screenshot'
16:10:51.407 [Forwarding screenshot on session 8e390a5c533f80a63719b665fa5c08aa to remote] DEBUG org.asynchttpclient.netty.request.NettyRequestSender - Using open Channel [id: 0x388264b1, L:/127.0.0.1:50950 - R:localhost/127.0.0.1:6675] for GET '/session/8e390a5c533f80a63719b665fa5c08aa/screenshot'
16:10:51.506 [AsyncHttpClient-1-8] DEBUG org.asynchttpclient.netty.handler.HttpHandler - 

Request DefaultFullHttpRequest(decodeResult: success, version: HTTP/1.1, content: EmptyByteBufBE)
GET /session/8e390a5c533f80a63719b665fa5c08aa/screenshot HTTP/1.1
User-Agent: selenium/4.8.1 (java windows)
Cache-Control: no-cache
Content-Type: application/json; charset=utf-8
host: localhost:6675
accept: */*

Response DefaultHttpResponse(decodeResult: success, version: HTTP/1.1)
HTTP/1.1 200 OK
Content-Length: 30264
Content-Type: application/json; charset=utf-8
cache-control: no-cache

16:10:51.507 [AsyncHttpClient-1-8] DEBUG org.asynchttpclient.netty.channel.ChannelManager - Adding key: http://localhost:6675 for channel [id: 0x388264b1, L:/127.0.0.1:50950 - R:localhost/127.0.0.1:6675]
16:10:51.508 [main] DEBUG net.serenitybdd.core.photography.Darkroom - Send negative for processing for target\site\serenity\505ed446d87f15c601566b3d5e217aae23a38785f02d7a378a73cf886890132d.png
16:10:51.509 [main] DEBUG net.thucydides.core.steps.StepInterceptor - STEP DONE: clickRegisterLink
  &amp#27;[32mWhen &amp#27;[0m&amp#27;[32mI go to the alta-shop register page&amp#27;[0m  &amp#27;[90m# starter.stepdefinitions.RegisterSteps.clickLoginButton()&amp#27;[0m
16:10:51.517 [Forwarding getPageSource on session 8e390a5c533f80a63719b665fa5c08aa to remote] DEBUG org.asynchttpclient.netty.request.NettyRequestSender - Using pooled Channel '[id: 0x388264b1, L:/127.0.0.1:50950 - R:localhost/127.0.0.1:6675]' for 'POST' to 'http://localhost:6675/session/8e390a5c533f80a63719b665fa5c08aa/execute/sync'
16:10:51.517 [Forwarding getPageSource on session 8e390a5c533f80a63719b665fa5c08aa to remote] DEBUG org.asynchttpclient.netty.request.NettyRequestSender - Using open Channel [id: 0x388264b1, L:/127.0.0.1:50950 - R:localhost/127.0.0.1:6675] for POST '/session/8e390a5c533f80a63719b665fa5c08aa/execute/sync'
16:10:51.521 [AsyncHttpClient-1-8] DEBUG org.asynchttpclient.netty.handler.HttpHandler - 

Request DefaultHttpRequest(decodeResult: success, version: HTTP/1.1)
POST /session/8e390a5c533f80a63719b665fa5c08aa/execute/sync HTTP/1.1
User-Agent: selenium/4.8.1 (java windows)
Content-Length: 176
Content-Type: application/json; charset=utf-8
host: localhost:6675
accept: */*

Response DefaultHttpResponse(decodeResult: success, version: HTTP/1.1)
HTTP/1.1 200 OK
Content-Length: 22314
Content-Type: application/json; charset=utf-8
cache-control: no-cache

16:10:51.521 [AsyncHttpClient-1-8] DEBUG org.asynchttpclient.netty.channel.ChannelManager - Adding key: http://localhost:6675 for channel [id: 0x388264b1, L:/127.0.0.1:50950 - R:localhost/127.0.0.1:6675]
16:10:51.524 [Forwarding getCurrentUrl on session 8e390a5c533f80a63719b665fa5c08aa to remote] DEBUG org.asynchttpclient.netty.request.NettyRequestSender - Using pooled Channel '[id: 0x388264b1, L:/127.0.0.1:50950 - R:localhost/127.0.0.1:6675]' for 'GET' to 'http://localhost:6675/session/8e390a5c533f80a63719b665fa5c08aa/url'
16:10:51.524 [Forwarding getCurrentUrl on session 8e390a5c533f80a63719b665fa5c08aa to remote] DEBUG org.asynchttpclient.netty.request.NettyRequestSender - Using open Channel [id: 0x388264b1, L:/127.0.0.1:50950 - R:localhost/127.0.0.1:6675] for GET '/session/8e390a5c533f80a63719b665fa5c08aa/url'
16:10:51.526 [AsyncHttpClient-1-8] DEBUG org.asynchttpclient.netty.handler.HttpHandler - 

Request DefaultFullHttpRequest(decodeResult: success, version: HTTP/1.1, content: EmptyByteBufBE)
GET /session/8e390a5c533f80a63719b665fa5c08aa/url HTTP/1.1
User-Agent: selenium/4.8.1 (java windows)
Cache-Control: no-cache
Content-Type: application/json; charset=utf-8
host: localhost:6675
accept: */*

Response DefaultHttpResponse(decodeResult: success, version: HTTP/1.1)
HTTP/1.1 200 OK
Content-Length: 54
Content-Type: application/json; charset=utf-8
cache-control: no-cache

16:10:51.526 [AsyncHttpClient-1-8] DEBUG org.asynchttpclient.netty.channel.ChannelManager - Adding key: http://localhost:6675 for channel [id: 0x388264b1, L:/127.0.0.1:50950 - R:localhost/127.0.0.1:6675]
16:10:51.534 [Forwarding getPageSource on session 8e390a5c533f80a63719b665fa5c08aa to remote] DEBUG org.asynchttpclient.netty.request.NettyRequestSender - Using pooled Channel '[id: 0x388264b1, L:/127.0.0.1:50950 - R:localhost/127.0.0.1:6675]' for 'POST' to 'http://localhost:6675/session/8e390a5c533f80a63719b665fa5c08aa/execute/sync'
16:10:51.534 [Forwarding getPageSource on session 8e390a5c533f80a63719b665fa5c08aa to remote] DEBUG org.asynchttpclient.netty.request.NettyRequestSender - Using open Channel [id: 0x388264b1, L:/127.0.0.1:50950 - R:localhost/127.0.0.1:6675] for POST '/session/8e390a5c533f80a63719b665fa5c08aa/execute/sync'
16:10:51.538 [AsyncHttpClient-1-8] DEBUG org.asynchttpclient.netty.handler.HttpHandler - 

Request DefaultHttpRequest(decodeResult: success, version: HTTP/1.1)
POST /session/8e390a5c533f80a63719b665fa5c08aa/execute/sync HTTP/1.1
User-Agent: selenium/4.8.1 (java windows)
Content-Length: 176
Content-Type: application/json; charset=utf-8
host: localhost:6675
accept: */*

Response DefaultHttpResponse(decodeResult: success, version: HTTP/1.1)
HTTP/1.1 200 OK
Content-Length: 22314
Content-Type: application/json; charset=utf-8
cache-control: no-cache

16:10:51.538 [AsyncHttpClient-1-8] DEBUG org.asynchttpclient.netty.channel.ChannelManager - Adding key: http://localhost:6675 for channel [id: 0x388264b1, L:/127.0.0.1:50950 - R:localhost/127.0.0.1:6675]
16:10:51.540 [Forwarding getCurrentUrl on session 8e390a5c533f80a63719b665fa5c08aa to remote] DEBUG org.asynchttpclient.netty.request.NettyRequestSender - Using pooled Channel '[id: 0x388264b1, L:/127.0.0.1:50950 - R:localhost/127.0.0.1:6675]' for 'GET' to 'http://localhost:6675/session/8e390a5c533f80a63719b665fa5c08aa/url'
16:10:51.540 [Forwarding getCurrentUrl on session 8e390a5c533f80a63719b665fa5c08aa to remote] DEBUG org.asynchttpclient.netty.request.NettyRequestSender - Using open Channel [id: 0x388264b1, L:/127.0.0.1:50950 - R:localhost/127.0.0.1:6675] for GET '/session/8e390a5c533f80a63719b665fa5c08aa/url'
16:10:51.543 [AsyncHttpClient-1-8] DEBUG org.asynchttpclient.netty.handler.HttpHandler - 

Request DefaultFullHttpRequest(decodeResult: success, version: HTTP/1.1, content: EmptyByteBufBE)
GET /session/8e390a5c533f80a63719b665fa5c08aa/url HTTP/1.1
User-Agent: selenium/4.8.1 (java windows)
Cache-Control: no-cache
Content-Type: application/json; charset=utf-8
host: localhost:6675
accept: */*

Response DefaultHttpResponse(decodeResult: success, version: HTTP/1.1)
HTTP/1.1 200 OK
Content-Length: 54
Content-Type: application/json; charset=utf-8
cache-control: no-cache

16:10:51.543 [AsyncHttpClient-1-8] DEBUG org.asynchttpclient.netty.channel.ChannelManager - Adding key: http://localhost:6675 for channel [id: 0x388264b1, L:/127.0.0.1:50950 - R:localhost/127.0.0.1:6675]
16:10:51.545 [main] DEBUG net.thucydides.core.steps.StepInterceptor - STARTING STEP: RegisterSteps.inputFullnameReg - inputFullnameReg
16:10:51.547 [Forwarding findElement on session 8e390a5c533f80a63719b665fa5c08aa to remote] DEBUG org.asynchttpclient.netty.request.NettyRequestSender - Using pooled Channel '[id: 0x388264b1, L:/127.0.0.1:50950 - R:localhost/127.0.0.1:6675]' for 'POST' to 'http://localhost:6675/session/8e390a5c533f80a63719b665fa5c08aa/element'
16:10:51.547 [Forwarding findElement on session 8e390a5c533f80a63719b665fa5c08aa to remote] DEBUG org.asynchttpclient.netty.request.NettyRequestSender - Using open Channel [id: 0x388264b1, L:/127.0.0.1:50950 - R:localhost/127.0.0.1:6675] for POST '/session/8e390a5c533f80a63719b665fa5c08aa/element'
16:10:51.555 [AsyncHttpClient-1-8] DEBUG org.asynchttpclient.netty.handler.HttpHandler - 

Request DefaultHttpRequest(decodeResult: success, version: HTTP/1.1)
POST /session/8e390a5c533f80a63719b665fa5c08aa/element HTTP/1.1
User-Agent: selenium/4.8.1 (java windows)
Content-Length: 55
Content-Type: application/json; charset=utf-8
host: localhost:6675
accept: */*

Response DefaultHttpResponse(decodeResult: success, version: HTTP/1.1)
HTTP/1.1 200 OK
Content-Length: 88
Content-Type: application/json; charset=utf-8
cache-control: no-cache

16:10:51.555 [AsyncHttpClient-1-8] DEBUG org.asynchttpclient.netty.channel.ChannelManager - Adding key: http://localhost:6675 for channel [id: 0x388264b1, L:/127.0.0.1:50950 - R:localhost/127.0.0.1:6675]
16:10:51.556 [Forwarding clearElement on session 8e390a5c533f80a63719b665fa5c08aa to remote] DEBUG org.asynchttpclient.netty.request.NettyRequestSender - Using pooled Channel '[id: 0x388264b1, L:/127.0.0.1:50950 - R:localhost/127.0.0.1:6675]' for 'POST' to 'http://localhost:6675/session/8e390a5c533f80a63719b665fa5c08aa/element/389145f5-27e5-46de-9b8f-dd04e7d150f2/clear'
16:10:51.556 [Forwarding clearElement on session 8e390a5c533f80a63719b665fa5c08aa to remote] DEBUG org.asynchttpclient.netty.request.NettyRequestSender - Using open Channel [id: 0x388264b1, L:/127.0.0.1:50950 - R:localhost/127.0.0.1:6675] for POST '/session/8e390a5c533f80a63719b665fa5c08aa/element/389145f5-27e5-46de-9b8f-dd04e7d150f2/clear'
16:10:51.579 [AsyncHttpClient-1-8] DEBUG org.asynchttpclient.netty.handler.HttpHandler - 

Request DefaultHttpRequest(decodeResult: success, version: HTTP/1.1)
POST /session/8e390a5c533f80a63719b665fa5c08aa/element/389145f5-27e5-46de-9b8f-dd04e7d150f2/clear HTTP/1.1
User-Agent: selenium/4.8.1 (java windows)
Content-Length: 50
Content-Type: application/json; charset=utf-8
host: localhost:6675
accept: */*

Response DefaultHttpResponse(decodeResult: success, version: HTTP/1.1)
HTTP/1.1 200 OK
Content-Length: 14
Content-Type: application/json; charset=utf-8
cache-control: no-cache

16:10:51.580 [AsyncHttpClient-1-8] DEBUG org.asynchttpclient.netty.channel.ChannelManager - Adding key: http://localhost:6675 for channel [id: 0x388264b1, L:/127.0.0.1:50950 - R:localhost/127.0.0.1:6675]
16:10:51.581 [Forwarding sendKeysToElement on session 8e390a5c533f80a63719b665fa5c08aa to remote] DEBUG org.asynchttpclient.netty.request.NettyRequestSender - Using pooled Channel '[id: 0x388264b1, L:/127.0.0.1:50950 - R:localhost/127.0.0.1:6675]' for 'POST' to 'http://localhost:6675/session/8e390a5c533f80a63719b665fa5c08aa/element/389145f5-27e5-46de-9b8f-dd04e7d150f2/value'
16:10:51.581 [Forwarding sendKeysToElement on session 8e390a5c533f80a63719b665fa5c08aa to remote] DEBUG org.asynchttpclient.netty.request.NettyRequestSender - Using open Channel [id: 0x388264b1, L:/127.0.0.1:50950 - R:localhost/127.0.0.1:6675] for POST '/session/8e390a5c533f80a63719b665fa5c08aa/element/389145f5-27e5-46de-9b8f-dd04e7d150f2/value'
16:10:51.625 [AsyncHttpClient-1-8] DEBUG org.asynchttpclient.netty.handler.HttpHandler - 

Request DefaultHttpRequest(decodeResult: success, version: HTTP/1.1)
POST /session/8e390a5c533f80a63719b665fa5c08aa/element/389145f5-27e5-46de-9b8f-dd04e7d150f2/value HTTP/1.1
User-Agent: selenium/4.8.1 (java windows)
Content-Length: 101
Content-Type: application/json; charset=utf-8
host: localhost:6675
accept: */*

Response DefaultHttpResponse(decodeResult: success, version: HTTP/1.1)
HTTP/1.1 200 OK
Content-Length: 14
Content-Type: application/json; charset=utf-8
cache-control: no-cache

16:10:51.625 [AsyncHttpClient-1-8] DEBUG org.asynchttpclient.netty.channel.ChannelManager - Adding key: http://localhost:6675 for channel [id: 0x388264b1, L:/127.0.0.1:50950 - R:localhost/127.0.0.1:6675]
16:10:51.629 [Forwarding getAlertText on session 8e390a5c533f80a63719b665fa5c08aa to remote] DEBUG org.asynchttpclient.netty.request.NettyRequestSender - Using pooled Channel '[id: 0x388264b1, L:/127.0.0.1:50950 - R:localhost/127.0.0.1:6675]' for 'GET' to 'http://localhost:6675/session/8e390a5c533f80a63719b665fa5c08aa/alert/text'
16:10:51.629 [Forwarding getAlertText on session 8e390a5c533f80a63719b665fa5c08aa to remote] DEBUG org.asynchttpclient.netty.request.NettyRequestSender - Using open Channel [id: 0x388264b1, L:/127.0.0.1:50950 - R:localhost/127.0.0.1:6675] for GET '/session/8e390a5c533f80a63719b665fa5c08aa/alert/text'
16:10:51.631 [AsyncHttpClient-1-8] DEBUG org.asynchttpclient.netty.handler.HttpHandler - 

Request DefaultFullHttpRequest(decodeResult: success, version: HTTP/1.1, content: EmptyByteBufBE)
GET /session/8e390a5c533f80a63719b665fa5c08aa/alert/text HTTP/1.1
User-Agent: selenium/4.8.1 (java windows)
Cache-Control: no-cache
Content-Type: application/json; charset=utf-8
host: localhost:6675
accept: */*

Response DefaultHttpResponse(decodeResult: success, version: HTTP/1.1)
HTTP/1.1 404 Not Found
Content-Length: 836
Content-Type: application/json; charset=utf-8
cache-control: no-cache

16:10:51.631 [AsyncHttpClient-1-8] DEBUG org.asynchttpclient.netty.channel.ChannelManager - Adding key: http://localhost:6675 for channel [id: 0x388264b1, L:/127.0.0.1:50950 - R:localhost/127.0.0.1:6675]
16:10:51.632 [Forwarding getCurrentUrl on session 8e390a5c533f80a63719b665fa5c08aa to remote] DEBUG org.asynchttpclient.netty.request.NettyRequestSender - Using pooled Channel '[id: 0x388264b1, L:/127.0.0.1:50950 - R:localhost/127.0.0.1:6675]' for 'GET' to 'http://localhost:6675/session/8e390a5c533f80a63719b665fa5c08aa/url'
16:10:51.632 [Forwarding getCurrentUrl on session 8e390a5c533f80a63719b665fa5c08aa to remote] DEBUG org.asynchttpclient.netty.request.NettyRequestSender - Using open Channel [id: 0x388264b1, L:/127.0.0.1:50950 - R:localhost/127.0.0.1:6675] for GET '/session/8e390a5c533f80a63719b665fa5c08aa/url'
16:10:51.634 [AsyncHttpClient-1-8] DEBUG org.asynchttpclient.netty.handler.HttpHandler - 

Request DefaultFullHttpRequest(decodeResult: success, version: HTTP/1.1, content: EmptyByteBufBE)
GET /session/8e390a5c533f80a63719b665fa5c08aa/url HTTP/1.1
User-Agent: selenium/4.8.1 (java windows)
Cache-Control: no-cache
Content-Type: application/json; charset=utf-8
host: localhost:6675
accept: */*

Response DefaultHttpResponse(decodeResult: success, version: HTTP/1.1)
HTTP/1.1 200 OK
Content-Length: 54
Content-Type: application/json; charset=utf-8
cache-control: no-cache

16:10:51.634 [AsyncHttpClient-1-8] DEBUG org.asynchttpclient.netty.channel.ChannelManager - Adding key: http://localhost:6675 for channel [id: 0x388264b1, L:/127.0.0.1:50950 - R:localhost/127.0.0.1:6675]
16:10:51.635 [Forwarding screenshot on session 8e390a5c533f80a63719b665fa5c08aa to remote] DEBUG org.asynchttpclient.netty.request.NettyRequestSender - Using pooled Channel '[id: 0x388264b1, L:/127.0.0.1:50950 - R:localhost/127.0.0.1:6675]' for 'GET' to 'http://localhost:6675/session/8e390a5c533f80a63719b665fa5c08aa/screenshot'
16:10:51.635 [Forwarding screenshot on session 8e390a5c533f80a63719b665fa5c08aa to remote] DEBUG org.asynchttpclient.netty.request.NettyRequestSender - Using open Channel [id: 0x388264b1, L:/127.0.0.1:50950 - R:localhost/127.0.0.1:6675] for GET '/session/8e390a5c533f80a63719b665fa5c08aa/screenshot'
16:10:51.756 [AsyncHttpClient-1-8] DEBUG org.asynchttpclient.netty.handler.HttpHandler - 

Request DefaultFullHttpRequest(decodeResult: success, version: HTTP/1.1, content: EmptyByteBufBE)
GET /session/8e390a5c533f80a63719b665fa5c08aa/screenshot HTTP/1.1
User-Agent: selenium/4.8.1 (java windows)
Cache-Control: no-cache
Content-Type: application/json; charset=utf-8
host: localhost:6675
accept: */*

Response DefaultHttpResponse(decodeResult: success, version: HTTP/1.1)
HTTP/1.1 200 OK
Content-Length: 30748
Content-Type: application/json; charset=utf-8
cache-control: no-cache

16:10:51.756 [AsyncHttpClient-1-8] DEBUG org.asynchttpclient.netty.channel.ChannelManager - Adding key: http://localhost:6675 for channel [id: 0x388264b1, L:/127.0.0.1:50950 - R:localhost/127.0.0.1:6675]
16:10:51.757 [main] DEBUG net.serenitybdd.core.photography.Darkroom - Send negative for processing for target\site\serenity\7f00c559208c3690d4993536542aa10fe882cb14766fd9ecec4b197dcbe94c5c.png
16:10:51.758 [main] DEBUG net.thucydides.core.steps.StepInterceptor - STEP DONE: inputFullnameReg
16:10:51.758 [Darkroom Processing Line] DEBUG net.serenitybdd.core.photography.DarkroomProcessingLine - Processing screenshot image in /var/screenshots/screenshot-3618013680874870065
  &amp#27;[32mAnd &amp#27;[0m&amp#27;[32mI input correct fullname for register&amp#27;[0m &amp#27;[90m# starter.stepdefinitions.RegisterSteps.inputFullnameReg()&amp#27;[0m
16:10:51.758 [Darkroom Processing Line] DEBUG net.serenitybdd.core.photography.DarkroomProcessingLine - Saving screenshot to target\site\serenity\7f00c559208c3690d4993536542aa10fe882cb14766fd9ecec4b197dcbe94c5c.png
16:10:51.764 [Forwarding getPageSource on session 8e390a5c533f80a63719b665fa5c08aa to remote] DEBUG org.asynchttpclient.netty.request.NettyRequestSender - Using pooled Channel '[id: 0x388264b1, L:/127.0.0.1:50950 - R:localhost/127.0.0.1:6675]' for 'POST' to 'http://localhost:6675/session/8e390a5c533f80a63719b665fa5c08aa/execute/sync'
16:10:51.764 [Forwarding getPageSource on session 8e390a5c533f80a63719b665fa5c08aa to remote] DEBUG org.asynchttpclient.netty.request.NettyRequestSender - Using open Channel [id: 0x388264b1, L:/127.0.0.1:50950 - R:localhost/127.0.0.1:6675] for POST '/session/8e390a5c533f80a63719b665fa5c08aa/execute/sync'
16:10:51.768 [AsyncHttpClient-1-8] DEBUG org.asynchttpclient.netty.handler.HttpHandler - 

Request DefaultHttpRequest(decodeResult: success, version: HTTP/1.1)
POST /session/8e390a5c533f80a63719b665fa5c08aa/execute/sync HTTP/1.1
User-Agent: selenium/4.8.1 (java windows)
Content-Length: 176
Content-Type: application/json; charset=utf-8
host: localhost:6675
accept: */*

Response DefaultHttpResponse(decodeResult: success, version: HTTP/1.1)
HTTP/1.1 200 OK
Content-Length: 22435
Content-Type: application/json; charset=utf-8
cache-control: no-cache

16:10:51.768 [AsyncHttpClient-1-8] DEBUG org.asynchttpclient.netty.channel.ChannelManager - Adding key: http://localhost:6675 for channel [id: 0x388264b1, L:/127.0.0.1:50950 - R:localhost/127.0.0.1:6675]
16:10:51.770 [Forwarding getCurrentUrl on session 8e390a5c533f80a63719b665fa5c08aa to remote] DEBUG org.asynchttpclient.netty.request.NettyRequestSender - Using pooled Channel '[id: 0x388264b1, L:/127.0.0.1:50950 - R:localhost/127.0.0.1:6675]' for 'GET' to 'http://localhost:6675/session/8e390a5c533f80a63719b665fa5c08aa/url'
16:10:51.770 [Forwarding getCurrentUrl on session 8e390a5c533f80a63719b665fa5c08aa to remote] DEBUG org.asynchttpclient.netty.request.NettyRequestSender - Using open Channel [id: 0x388264b1, L:/127.0.0.1:50950 - R:localhost/127.0.0.1:6675] for GET '/session/8e390a5c533f80a63719b665fa5c08aa/url'
16:10:51.773 [AsyncHttpClient-1-8] DEBUG org.asynchttpclient.netty.handler.HttpHandler - 

Request DefaultFullHttpRequest(decodeResult: success, version: HTTP/1.1, content: EmptyByteBufBE)
GET /session/8e390a5c533f80a63719b665fa5c08aa/url HTTP/1.1
User-Agent: selenium/4.8.1 (java windows)
Cache-Control: no-cache
Content-Type: application/json; charset=utf-8
host: localhost:6675
accept: */*

Response DefaultHttpResponse(decodeResult: success, version: HTTP/1.1)
HTTP/1.1 200 OK
Content-Length: 54
Content-Type: application/json; charset=utf-8
cache-control: no-cache

16:10:51.773 [AsyncHttpClient-1-8] DEBUG org.asynchttpclient.netty.channel.ChannelManager - Adding key: http://localhost:6675 for channel [id: 0x388264b1, L:/127.0.0.1:50950 - R:localhost/127.0.0.1:6675]
16:10:51.779 [Forwarding getPageSource on session 8e390a5c533f80a63719b665fa5c08aa to remote] DEBUG org.asynchttpclient.netty.request.NettyRequestSender - Using pooled Channel '[id: 0x388264b1, L:/127.0.0.1:50950 - R:localhost/127.0.0.1:6675]' for 'POST' to 'http://localhost:6675/session/8e390a5c533f80a63719b665fa5c08aa/execute/sync'
16:10:51.779 [Forwarding getPageSource on session 8e390a5c533f80a63719b665fa5c08aa to remote] DEBUG org.asynchttpclient.netty.request.NettyRequestSender - Using open Channel [id: 0x388264b1, L:/127.0.0.1:50950 - R:localhost/127.0.0.1:6675] for POST '/session/8e390a5c533f80a63719b665fa5c08aa/execute/sync'
16:10:51.783 [AsyncHttpClient-1-8] DEBUG org.asynchttpclient.netty.handler.HttpHandler - 

Request DefaultHttpRequest(decodeResult: success, version: HTTP/1.1)
POST /session/8e390a5c533f80a63719b665fa5c08aa/execute/sync HTTP/1.1
User-Agent: selenium/4.8.1 (java windows)
Content-Length: 176
Content-Type: application/json; charset=utf-8
host: localhost:6675
accept: */*

Response DefaultHttpResponse(decodeResult: success, version: HTTP/1.1)
HTTP/1.1 200 OK
Content-Length: 22435
Content-Type: application/json; charset=utf-8
cache-control: no-cache

16:10:51.783 [AsyncHttpClient-1-8] DEBUG org.asynchttpclient.netty.channel.ChannelManager - Adding key: http://localhost:6675 for channel [id: 0x388264b1, L:/127.0.0.1:50950 - R:localhost/127.0.0.1:6675]
16:10:51.785 [Forwarding getCurrentUrl on session 8e390a5c533f80a63719b665fa5c08aa to remote] DEBUG org.asynchttpclient.netty.request.NettyRequestSender - Using pooled Channel '[id: 0x388264b1, L:/127.0.0.1:50950 - R:localhost/127.0.0.1:6675]' for 'GET' to 'http://localhost:6675/session/8e390a5c533f80a63719b665fa5c08aa/url'
16:10:51.785 [Forwarding getCurrentUrl on session 8e390a5c533f80a63719b665fa5c08aa to remote] DEBUG org.asynchttpclient.netty.request.NettyRequestSender - Using open Channel [id: 0x388264b1, L:/127.0.0.1:50950 - R:localhost/127.0.0.1:6675] for GET '/session/8e390a5c533f80a63719b665fa5c08aa/url'
16:10:51.787 [AsyncHttpClient-1-8] DEBUG org.asynchttpclient.netty.handler.HttpHandler - 

Request DefaultFullHttpRequest(decodeResult: success, version: HTTP/1.1, content: EmptyByteBufBE)
GET /session/8e390a5c533f80a63719b665fa5c08aa/url HTTP/1.1
User-Agent: selenium/4.8.1 (java windows)
Cache-Control: no-cache
Content-Type: application/json; charset=utf-8
host: localhost:6675
accept: */*

Response DefaultHttpResponse(decodeResult: success, version: HTTP/1.1)
HTTP/1.1 200 OK
Content-Length: 54
Content-Type: application/json; charset=utf-8
cache-control: no-cache

16:10:51.787 [AsyncHttpClient-1-8] DEBUG org.asynchttpclient.netty.channel.ChannelManager - Adding key: http://localhost:6675 for channel [id: 0x388264b1, L:/127.0.0.1:50950 - R:localhost/127.0.0.1:6675]
16:10:51.789 [main] DEBUG net.thucydides.core.steps.StepInterceptor - STARTING STEP: RegisterSteps.inputInvalidEmailReg - inputEmailReg
16:10:51.791 [Forwarding findElement on session 8e390a5c533f80a63719b665fa5c08aa to remote] DEBUG org.asynchttpclient.netty.request.NettyRequestSender - Using pooled Channel '[id: 0x388264b1, L:/127.0.0.1:50950 - R:localhost/127.0.0.1:6675]' for 'POST' to 'http://localhost:6675/session/8e390a5c533f80a63719b665fa5c08aa/element'
16:10:51.791 [Forwarding findElement on session 8e390a5c533f80a63719b665fa5c08aa to remote] DEBUG org.asynchttpclient.netty.request.NettyRequestSender - Using open Channel [id: 0x388264b1, L:/127.0.0.1:50950 - R:localhost/127.0.0.1:6675] for POST '/session/8e390a5c533f80a63719b665fa5c08aa/element'
16:10:51.800 [AsyncHttpClient-1-8] DEBUG org.asynchttpclient.netty.handler.HttpHandler - 

Request DefaultHttpRequest(decodeResult: success, version: HTTP/1.1)
POST /session/8e390a5c533f80a63719b665fa5c08aa/element HTTP/1.1
User-Agent: selenium/4.8.1 (java windows)
Content-Length: 55
Content-Type: application/json; charset=utf-8
host: localhost:6675
accept: */*

Response DefaultHttpResponse(decodeResult: success, version: HTTP/1.1)
HTTP/1.1 200 OK
Content-Length: 88
Content-Type: application/json; charset=utf-8
cache-control: no-cache

16:10:51.800 [AsyncHttpClient-1-8] DEBUG org.asynchttpclient.netty.channel.ChannelManager - Adding key: http://localhost:6675 for channel [id: 0x388264b1, L:/127.0.0.1:50950 - R:localhost/127.0.0.1:6675]
16:10:51.801 [Forwarding clearElement on session 8e390a5c533f80a63719b665fa5c08aa to remote] DEBUG org.asynchttpclient.netty.request.NettyRequestSender - Using pooled Channel '[id: 0x388264b1, L:/127.0.0.1:50950 - R:localhost/127.0.0.1:6675]' for 'POST' to 'http://localhost:6675/session/8e390a5c533f80a63719b665fa5c08aa/element/3ac9659a-b44c-4138-94da-dd73ca666569/clear'
16:10:51.801 [Forwarding clearElement on session 8e390a5c533f80a63719b665fa5c08aa to remote] DEBUG org.asynchttpclient.netty.request.NettyRequestSender - Using open Channel [id: 0x388264b1, L:/127.0.0.1:50950 - R:localhost/127.0.0.1:6675] for POST '/session/8e390a5c533f80a63719b665fa5c08aa/element/3ac9659a-b44c-4138-94da-dd73ca666569/clear'
16:10:51.825 [AsyncHttpClient-1-8] DEBUG org.asynchttpclient.netty.handler.HttpHandler - 

Request DefaultHttpRequest(decodeResult: success, version: HTTP/1.1)
POST /session/8e390a5c533f80a63719b665fa5c08aa/element/3ac9659a-b44c-4138-94da-dd73ca666569/clear HTTP/1.1
User-Agent: selenium/4.8.1 (java windows)
Content-Length: 50
Content-Type: application/json; charset=utf-8
host: localhost:6675
accept: */*

Response DefaultHttpResponse(decodeResult: success, version: HTTP/1.1)
HTTP/1.1 200 OK
Content-Length: 14
Content-Type: application/json; charset=utf-8
cache-control: no-cache

16:10:51.825 [AsyncHttpClient-1-8] DEBUG org.asynchttpclient.netty.channel.ChannelManager - Adding key: http://localhost:6675 for channel [id: 0x388264b1, L:/127.0.0.1:50950 - R:localhost/127.0.0.1:6675]
16:10:51.827 [Forwarding sendKeysToElement on session 8e390a5c533f80a63719b665fa5c08aa to remote] DEBUG org.asynchttpclient.netty.request.NettyRequestSender - Using pooled Channel '[id: 0x388264b1, L:/127.0.0.1:50950 - R:localhost/127.0.0.1:6675]' for 'POST' to 'http://localhost:6675/session/8e390a5c533f80a63719b665fa5c08aa/element/3ac9659a-b44c-4138-94da-dd73ca666569/value'
16:10:51.827 [Forwarding sendKeysToElement on session 8e390a5c533f80a63719b665fa5c08aa to remote] DEBUG org.asynchttpclient.netty.request.NettyRequestSender - Using open Channel [id: 0x388264b1, L:/127.0.0.1:50950 - R:localhost/127.0.0.1:6675] for POST '/session/8e390a5c533f80a63719b665fa5c08aa/element/3ac9659a-b44c-4138-94da-dd73ca666569/value'
16:10:51.858 [AsyncHttpClient-1-8] DEBUG org.asynchttpclient.netty.handler.HttpHandler - 

Request DefaultHttpRequest(decodeResult: success, version: HTTP/1.1)
POST /session/8e390a5c533f80a63719b665fa5c08aa/element/3ac9659a-b44c-4138-94da-dd73ca666569/value HTTP/1.1
User-Agent: selenium/4.8.1 (java windows)
Content-Length: 82
Content-Type: application/json; charset=utf-8
host: localhost:6675
accept: */*

Response DefaultHttpResponse(decodeResult: success, version: HTTP/1.1)
HTTP/1.1 200 OK
Content-Length: 14
Content-Type: application/json; charset=utf-8
cache-control: no-cache

16:10:51.859 [AsyncHttpClient-1-8] DEBUG org.asynchttpclient.netty.channel.ChannelManager - Adding key: http://localhost:6675 for channel [id: 0x388264b1, L:/127.0.0.1:50950 - R:localhost/127.0.0.1:6675]
16:10:51.864 [Forwarding getAlertText on session 8e390a5c533f80a63719b665fa5c08aa to remote] DEBUG org.asynchttpclient.netty.request.NettyRequestSender - Using pooled Channel '[id: 0x388264b1, L:/127.0.0.1:50950 - R:localhost/127.0.0.1:6675]' for 'GET' to 'http://localhost:6675/session/8e390a5c533f80a63719b665fa5c08aa/alert/text'
16:10:51.864 [Forwarding getAlertText on session 8e390a5c533f80a63719b665fa5c08aa to remote] DEBUG org.asynchttpclient.netty.request.NettyRequestSender - Using open Channel [id: 0x388264b1, L:/127.0.0.1:50950 - R:localhost/127.0.0.1:6675] for GET '/session/8e390a5c533f80a63719b665fa5c08aa/alert/text'
16:10:51.865 [AsyncHttpClient-1-8] DEBUG org.asynchttpclient.netty.handler.HttpHandler - 

Request DefaultFullHttpRequest(decodeResult: success, version: HTTP/1.1, content: EmptyByteBufBE)
GET /session/8e390a5c533f80a63719b665fa5c08aa/alert/text HTTP/1.1
User-Agent: selenium/4.8.1 (java windows)
Cache-Control: no-cache
Content-Type: application/json; charset=utf-8
host: localhost:6675
accept: */*

Response DefaultHttpResponse(decodeResult: success, version: HTTP/1.1)
HTTP/1.1 404 Not Found
Content-Length: 836
Content-Type: application/json; charset=utf-8
cache-control: no-cache

16:10:51.865 [AsyncHttpClient-1-8] DEBUG org.asynchttpclient.netty.channel.ChannelManager - Adding key: http://localhost:6675 for channel [id: 0x388264b1, L:/127.0.0.1:50950 - R:localhost/127.0.0.1:6675]
16:10:51.866 [Forwarding getCurrentUrl on session 8e390a5c533f80a63719b665fa5c08aa to remote] DEBUG org.asynchttpclient.netty.request.NettyRequestSender - Using pooled Channel '[id: 0x388264b1, L:/127.0.0.1:50950 - R:localhost/127.0.0.1:6675]' for 'GET' to 'http://localhost:6675/session/8e390a5c533f80a63719b665fa5c08aa/url'
16:10:51.866 [Forwarding getCurrentUrl on session 8e390a5c533f80a63719b665fa5c08aa to remote] DEBUG org.asynchttpclient.netty.request.NettyRequestSender - Using open Channel [id: 0x388264b1, L:/127.0.0.1:50950 - R:localhost/127.0.0.1:6675] for GET '/session/8e390a5c533f80a63719b665fa5c08aa/url'
16:10:51.873 [AsyncHttpClient-1-8] DEBUG org.asynchttpclient.netty.handler.HttpHandler - 

Request DefaultFullHttpRequest(decodeResult: success, version: HTTP/1.1, content: EmptyByteBufBE)
GET /session/8e390a5c533f80a63719b665fa5c08aa/url HTTP/1.1
User-Agent: selenium/4.8.1 (java windows)
Cache-Control: no-cache
Content-Type: application/json; charset=utf-8
host: localhost:6675
accept: */*

Response DefaultHttpResponse(decodeResult: success, version: HTTP/1.1)
HTTP/1.1 200 OK
Content-Length: 54
Content-Type: application/json; charset=utf-8
cache-control: no-cache

16:10:51.873 [AsyncHttpClient-1-8] DEBUG org.asynchttpclient.netty.channel.ChannelManager - Adding key: http://localhost:6675 for channel [id: 0x388264b1, L:/127.0.0.1:50950 - R:localhost/127.0.0.1:6675]
16:10:51.874 [Forwarding screenshot on session 8e390a5c533f80a63719b665fa5c08aa to remote] DEBUG org.asynchttpclient.netty.request.NettyRequestSender - Using pooled Channel '[id: 0x388264b1, L:/127.0.0.1:50950 - R:localhost/127.0.0.1:6675]' for 'GET' to 'http://localhost:6675/session/8e390a5c533f80a63719b665fa5c08aa/screenshot'
16:10:51.875 [Forwarding screenshot on session 8e390a5c533f80a63719b665fa5c08aa to remote] DEBUG org.asynchttpclient.netty.request.NettyRequestSender - Using open Channel [id: 0x388264b1, L:/127.0.0.1:50950 - R:localhost/127.0.0.1:6675] for GET '/session/8e390a5c533f80a63719b665fa5c08aa/screenshot'
16:10:51.956 [AsyncHttpClient-1-8] DEBUG org.asynchttpclient.netty.handler.HttpHandler - 

Request DefaultFullHttpRequest(decodeResult: success, version: HTTP/1.1, content: EmptyByteBufBE)
GET /session/8e390a5c533f80a63719b665fa5c08aa/screenshot HTTP/1.1
User-Agent: selenium/4.8.1 (java windows)
Cache-Control: no-cache
Content-Type: application/json; charset=utf-8
host: localhost:6675
accept: */*

Response DefaultHttpResponse(decodeResult: success, version: HTTP/1.1)
HTTP/1.1 200 OK
Content-Length: 30612
Content-Type: application/json; charset=utf-8
cache-control: no-cache

16:10:51.956 [AsyncHttpClient-1-8] DEBUG org.asynchttpclient.netty.channel.ChannelManager - Adding key: http://localhost:6675 for channel [id: 0x388264b1, L:/127.0.0.1:50950 - R:localhost/127.0.0.1:6675]
16:10:51.957 [main] DEBUG net.serenitybdd.core.photography.Darkroom - Send negative for processing for target\site\serenity\d7e1c22bbcacf4177d107fc082d54b06c3547b61809a2d51bc25041cd0a535f0.png
16:10:51.957 [main] DEBUG net.thucydides.core.steps.StepInterceptor - STEP DONE: inputEmailReg
16:10:51.958 [Darkroom Processing Line] DEBUG net.serenitybdd.core.photography.DarkroomProcessingLine - Processing screenshot image in /var/screenshots/screenshot-3695364975676788397
  &amp#27;[32mAnd &amp#27;[0m&amp#27;[32mI input nothing in email for register&amp#27;[0m &amp#27;[90m# starter.stepdefinitions.RegisterSteps.inputInvalidEmailReg()&amp#27;[0m
16:10:51.958 [Darkroom Processing Line] DEBUG net.serenitybdd.core.photography.DarkroomProcessingLine - Saving screenshot to target\site\serenity\d7e1c22bbcacf4177d107fc082d54b06c3547b61809a2d51bc25041cd0a535f0.png
16:10:51.965 [Forwarding getPageSource on session 8e390a5c533f80a63719b665fa5c08aa to remote] DEBUG org.asynchttpclient.netty.request.NettyRequestSender - Using pooled Channel '[id: 0x388264b1, L:/127.0.0.1:50950 - R:localhost/127.0.0.1:6675]' for 'POST' to 'http://localhost:6675/session/8e390a5c533f80a63719b665fa5c08aa/execute/sync'
16:10:51.965 [Forwarding getPageSource on session 8e390a5c533f80a63719b665fa5c08aa to remote] DEBUG org.asynchttpclient.netty.request.NettyRequestSender - Using open Channel [id: 0x388264b1, L:/127.0.0.1:50950 - R:localhost/127.0.0.1:6675] for POST '/session/8e390a5c533f80a63719b665fa5c08aa/execute/sync'
16:10:51.969 [AsyncHttpClient-1-8] DEBUG org.asynchttpclient.netty.handler.HttpHandler - 

Request DefaultHttpRequest(decodeResult: success, version: HTTP/1.1)
POST /session/8e390a5c533f80a63719b665fa5c08aa/execute/sync HTTP/1.1
User-Agent: selenium/4.8.1 (java windows)
Content-Length: 176
Content-Type: application/json; charset=utf-8
host: localhost:6675
accept: */*

Response DefaultHttpResponse(decodeResult: success, version: HTTP/1.1)
HTTP/1.1 200 OK
Content-Length: 22451
Content-Type: application/json; charset=utf-8
cache-control: no-cache

16:10:51.969 [AsyncHttpClient-1-8] DEBUG org.asynchttpclient.netty.channel.ChannelManager - Adding key: http://localhost:6675 for channel [id: 0x388264b1, L:/127.0.0.1:50950 - R:localhost/127.0.0.1:6675]
16:10:51.972 [Forwarding getCurrentUrl on session 8e390a5c533f80a63719b665fa5c08aa to remote] DEBUG org.asynchttpclient.netty.request.NettyRequestSender - Using pooled Channel '[id: 0x388264b1, L:/127.0.0.1:50950 - R:localhost/127.0.0.1:6675]' for 'GET' to 'http://localhost:6675/session/8e390a5c533f80a63719b665fa5c08aa/url'
16:10:51.972 [Forwarding getCurrentUrl on session 8e390a5c533f80a63719b665fa5c08aa to remote] DEBUG org.asynchttpclient.netty.request.NettyRequestSender - Using open Channel [id: 0x388264b1, L:/127.0.0.1:50950 - R:localhost/127.0.0.1:6675] for GET '/session/8e390a5c533f80a63719b665fa5c08aa/url'
16:10:51.975 [AsyncHttpClient-1-8] DEBUG org.asynchttpclient.netty.handler.HttpHandler - 

Request DefaultFullHttpRequest(decodeResult: success, version: HTTP/1.1, content: EmptyByteBufBE)
GET /session/8e390a5c533f80a63719b665fa5c08aa/url HTTP/1.1
User-Agent: selenium/4.8.1 (java windows)
Cache-Control: no-cache
Content-Type: application/json; charset=utf-8
host: localhost:6675
accept: */*

Response DefaultHttpResponse(decodeResult: success, version: HTTP/1.1)
HTTP/1.1 200 OK
Content-Length: 54
Content-Type: application/json; charset=utf-8
cache-control: no-cache

16:10:51.975 [AsyncHttpClient-1-8] DEBUG org.asynchttpclient.netty.channel.ChannelManager - Adding key: http://localhost:6675 for channel [id: 0x388264b1, L:/127.0.0.1:50950 - R:localhost/127.0.0.1:6675]
16:10:51.982 [Forwarding getPageSource on session 8e390a5c533f80a63719b665fa5c08aa to remote] DEBUG org.asynchttpclient.netty.request.NettyRequestSender - Using pooled Channel '[id: 0x388264b1, L:/127.0.0.1:50950 - R:localhost/127.0.0.1:6675]' for 'POST' to 'http://localhost:6675/session/8e390a5c533f80a63719b665fa5c08aa/execute/sync'
16:10:51.982 [Forwarding getPageSource on session 8e390a5c533f80a63719b665fa5c08aa to remote] DEBUG org.asynchttpclient.netty.request.NettyRequestSender - Using open Channel [id: 0x388264b1, L:/127.0.0.1:50950 - R:localhost/127.0.0.1:6675] for POST '/session/8e390a5c533f80a63719b665fa5c08aa/execute/sync'
16:10:51.987 [AsyncHttpClient-1-8] DEBUG org.asynchttpclient.netty.handler.HttpHandler - 

Request DefaultHttpRequest(decodeResult: success, version: HTTP/1.1)
POST /session/8e390a5c533f80a63719b665fa5c08aa/execute/sync HTTP/1.1
User-Agent: selenium/4.8.1 (java windows)
Content-Length: 176
Content-Type: application/json; charset=utf-8
host: localhost:6675
accept: */*

Response DefaultHttpResponse(decodeResult: success, version: HTTP/1.1)
HTTP/1.1 200 OK
Content-Length: 22451
Content-Type: application/json; charset=utf-8
cache-control: no-cache

16:10:51.987 [AsyncHttpClient-1-8] DEBUG org.asynchttpclient.netty.channel.ChannelManager - Adding key: http://localhost:6675 for channel [id: 0x388264b1, L:/127.0.0.1:50950 - R:localhost/127.0.0.1:6675]
16:10:51.990 [Forwarding getCurrentUrl on session 8e390a5c533f80a63719b665fa5c08aa to remote] DEBUG org.asynchttpclient.netty.request.NettyRequestSender - Using pooled Channel '[id: 0x388264b1, L:/127.0.0.1:50950 - R:localhost/127.0.0.1:6675]' for 'GET' to 'http://localhost:6675/session/8e390a5c533f80a63719b665fa5c08aa/url'
16:10:51.990 [Forwarding getCurrentUrl on session 8e390a5c533f80a63719b665fa5c08aa to remote] DEBUG org.asynchttpclient.netty.request.NettyRequestSender - Using open Channel [id: 0x388264b1, L:/127.0.0.1:50950 - R:localhost/127.0.0.1:6675] for GET '/session/8e390a5c533f80a63719b665fa5c08aa/url'
16:10:51.995 [AsyncHttpClient-1-8] DEBUG org.asynchttpclient.netty.handler.HttpHandler - 

Request DefaultFullHttpRequest(decodeResult: success, version: HTTP/1.1, content: EmptyByteBufBE)
GET /session/8e390a5c533f80a63719b665fa5c08aa/url HTTP/1.1
User-Agent: selenium/4.8.1 (java windows)
Cache-Control: no-cache
Content-Type: application/json; charset=utf-8
host: localhost:6675
accept: */*

Response DefaultHttpResponse(decodeResult: success, version: HTTP/1.1)
HTTP/1.1 200 OK
Content-Length: 54
Content-Type: application/json; charset=utf-8
cache-control: no-cache

16:10:51.995 [AsyncHttpClient-1-8] DEBUG org.asynchttpclient.netty.channel.ChannelManager - Adding key: http://localhost:6675 for channel [id: 0x388264b1, L:/127.0.0.1:50950 - R:localhost/127.0.0.1:6675]
16:10:51.997 [main] DEBUG net.thucydides.core.steps.StepInterceptor - STARTING STEP: RegisterSteps.inputPasswordReg - inputPasswordReg
16:10:51.999 [Forwarding findElement on session 8e390a5c533f80a63719b665fa5c08aa to remote] DEBUG org.asynchttpclient.netty.request.NettyRequestSender - Using pooled Channel '[id: 0x388264b1, L:/127.0.0.1:50950 - R:localhost/127.0.0.1:6675]' for 'POST' to 'http://localhost:6675/session/8e390a5c533f80a63719b665fa5c08aa/element'
16:10:51.999 [Forwarding findElement on session 8e390a5c533f80a63719b665fa5c08aa to remote] DEBUG org.asynchttpclient.netty.request.NettyRequestSender - Using open Channel [id: 0x388264b1, L:/127.0.0.1:50950 - R:localhost/127.0.0.1:6675] for POST '/session/8e390a5c533f80a63719b665fa5c08aa/element'
16:10:52.008 [AsyncHttpClient-1-8] DEBUG org.asynchttpclient.netty.handler.HttpHandler - 

Request DefaultHttpRequest(decodeResult: success, version: HTTP/1.1)
POST /session/8e390a5c533f80a63719b665fa5c08aa/element HTTP/1.1
User-Agent: selenium/4.8.1 (java windows)
Content-Length: 55
Content-Type: application/json; charset=utf-8
host: localhost:6675
accept: */*

Response DefaultHttpResponse(decodeResult: success, version: HTTP/1.1)
HTTP/1.1 200 OK
Content-Length: 88
Content-Type: application/json; charset=utf-8
cache-control: no-cache

16:10:52.008 [AsyncHttpClient-1-8] DEBUG org.asynchttpclient.netty.channel.ChannelManager - Adding key: http://localhost:6675 for channel [id: 0x388264b1, L:/127.0.0.1:50950 - R:localhost/127.0.0.1:6675]
16:10:52.011 [Forwarding clearElement on session 8e390a5c533f80a63719b665fa5c08aa to remote] DEBUG org.asynchttpclient.netty.request.NettyRequestSender - Using pooled Channel '[id: 0x388264b1, L:/127.0.0.1:50950 - R:localhost/127.0.0.1:6675]' for 'POST' to 'http://localhost:6675/session/8e390a5c533f80a63719b665fa5c08aa/element/f2ea9801-98c2-4573-8646-15c6f8a4f830/clear'
16:10:52.011 [Forwarding clearElement on session 8e390a5c533f80a63719b665fa5c08aa to remote] DEBUG org.asynchttpclient.netty.request.NettyRequestSender - Using open Channel [id: 0x388264b1, L:/127.0.0.1:50950 - R:localhost/127.0.0.1:6675] for POST '/session/8e390a5c533f80a63719b665fa5c08aa/element/f2ea9801-98c2-4573-8646-15c6f8a4f830/clear'
16:10:52.037 [AsyncHttpClient-1-8] DEBUG org.asynchttpclient.netty.handler.HttpHandler - 

Request DefaultHttpRequest(decodeResult: success, version: HTTP/1.1)
POST /session/8e390a5c533f80a63719b665fa5c08aa/element/f2ea9801-98c2-4573-8646-15c6f8a4f830/clear HTTP/1.1
User-Agent: selenium/4.8.1 (java windows)
Content-Length: 50
Content-Type: application/json; charset=utf-8
host: localhost:6675
accept: */*

Response DefaultHttpResponse(decodeResult: success, version: HTTP/1.1)
HTTP/1.1 200 OK
Content-Length: 14
Content-Type: application/json; charset=utf-8
cache-control: no-cache

16:10:52.038 [AsyncHttpClient-1-8] DEBUG org.asynchttpclient.netty.channel.ChannelManager - Adding key: http://localhost:6675 for channel [id: 0x388264b1, L:/127.0.0.1:50950 - R:localhost/127.0.0.1:6675]
16:10:52.039 [Forwarding sendKeysToElement on session 8e390a5c533f80a63719b665fa5c08aa to remote] DEBUG org.asynchttpclient.netty.request.NettyRequestSender - Using pooled Channel '[id: 0x388264b1, L:/127.0.0.1:50950 - R:localhost/127.0.0.1:6675]' for 'POST' to 'http://localhost:6675/session/8e390a5c533f80a63719b665fa5c08aa/element/f2ea9801-98c2-4573-8646-15c6f8a4f830/value'
16:10:52.039 [Forwarding sendKeysToElement on session 8e390a5c533f80a63719b665fa5c08aa to remote] DEBUG org.asynchttpclient.netty.request.NettyRequestSender - Using open Channel [id: 0x388264b1, L:/127.0.0.1:50950 - R:localhost/127.0.0.1:6675] for POST '/session/8e390a5c533f80a63719b665fa5c08aa/element/f2ea9801-98c2-4573-8646-15c6f8a4f830/value'
16:10:52.171 [AsyncHttpClient-1-8] DEBUG org.asynchttpclient.netty.handler.HttpHandler - 

Request DefaultHttpRequest(decodeResult: success, version: HTTP/1.1)
POST /session/8e390a5c533f80a63719b665fa5c08aa/element/f2ea9801-98c2-4573-8646-15c6f8a4f830/value HTTP/1.1
User-Agent: selenium/4.8.1 (java windows)
Content-Length: 101
Content-Type: application/json; charset=utf-8
host: localhost:6675
accept: */*

Response DefaultHttpResponse(decodeResult: success, version: HTTP/1.1)
HTTP/1.1 200 OK
Content-Length: 14
Content-Type: application/json; charset=utf-8
cache-control: no-cache

16:10:52.171 [AsyncHttpClient-1-8] DEBUG org.asynchttpclient.netty.channel.ChannelManager - Adding key: http://localhost:6675 for channel [id: 0x388264b1, L:/127.0.0.1:50950 - R:localhost/127.0.0.1:6675]
16:10:52.179 [Forwarding getAlertText on session 8e390a5c533f80a63719b665fa5c08aa to remote] DEBUG org.asynchttpclient.netty.request.NettyRequestSender - Using pooled Channel '[id: 0x388264b1, L:/127.0.0.1:50950 - R:localhost/127.0.0.1:6675]' for 'GET' to 'http://localhost:6675/session/8e390a5c533f80a63719b665fa5c08aa/alert/text'
16:10:52.179 [Forwarding getAlertText on session 8e390a5c533f80a63719b665fa5c08aa to remote] DEBUG org.asynchttpclient.netty.request.NettyRequestSender - Using open Channel [id: 0x388264b1, L:/127.0.0.1:50950 - R:localhost/127.0.0.1:6675] for GET '/session/8e390a5c533f80a63719b665fa5c08aa/alert/text'
16:10:52.183 [AsyncHttpClient-1-8] DEBUG org.asynchttpclient.netty.handler.HttpHandler - 

Request DefaultFullHttpRequest(decodeResult: success, version: HTTP/1.1, content: EmptyByteBufBE)
GET /session/8e390a5c533f80a63719b665fa5c08aa/alert/text HTTP/1.1
User-Agent: selenium/4.8.1 (java windows)
Cache-Control: no-cache
Content-Type: application/json; charset=utf-8
host: localhost:6675
accept: */*

Response DefaultHttpResponse(decodeResult: success, version: HTTP/1.1)
HTTP/1.1 404 Not Found
Content-Length: 836
Content-Type: application/json; charset=utf-8
cache-control: no-cache

16:10:52.183 [AsyncHttpClient-1-8] DEBUG org.asynchttpclient.netty.channel.ChannelManager - Adding key: http://localhost:6675 for channel [id: 0x388264b1, L:/127.0.0.1:50950 - R:localhost/127.0.0.1:6675]
16:10:52.184 [Forwarding getCurrentUrl on session 8e390a5c533f80a63719b665fa5c08aa to remote] DEBUG org.asynchttpclient.netty.request.NettyRequestSender - Using pooled Channel '[id: 0x388264b1, L:/127.0.0.1:50950 - R:localhost/127.0.0.1:6675]' for 'GET' to 'http://localhost:6675/session/8e390a5c533f80a63719b665fa5c08aa/url'
16:10:52.185 [Forwarding getCurrentUrl on session 8e390a5c533f80a63719b665fa5c08aa to remote] DEBUG org.asynchttpclient.netty.request.NettyRequestSender - Using open Channel [id: 0x388264b1, L:/127.0.0.1:50950 - R:localhost/127.0.0.1:6675] for GET '/session/8e390a5c533f80a63719b665fa5c08aa/url'
16:10:52.193 [AsyncHttpClient-1-8] DEBUG org.asynchttpclient.netty.handler.HttpHandler - 

Request DefaultFullHttpRequest(decodeResult: success, version: HTTP/1.1, content: EmptyByteBufBE)
GET /session/8e390a5c533f80a63719b665fa5c08aa/url HTTP/1.1
User-Agent: selenium/4.8.1 (java windows)
Cache-Control: no-cache
Content-Type: application/json; charset=utf-8
host: localhost:6675
accept: */*

Response DefaultHttpResponse(decodeResult: success, version: HTTP/1.1)
HTTP/1.1 200 OK
Content-Length: 54
Content-Type: application/json; charset=utf-8
cache-control: no-cache

16:10:52.194 [AsyncHttpClient-1-8] DEBUG org.asynchttpclient.netty.channel.ChannelManager - Adding key: http://localhost:6675 for channel [id: 0x388264b1, L:/127.0.0.1:50950 - R:localhost/127.0.0.1:6675]
16:10:52.195 [Forwarding screenshot on session 8e390a5c533f80a63719b665fa5c08aa to remote] DEBUG org.asynchttpclient.netty.request.NettyRequestSender - Using pooled Channel '[id: 0x388264b1, L:/127.0.0.1:50950 - R:localhost/127.0.0.1:6675]' for 'GET' to 'http://localhost:6675/session/8e390a5c533f80a63719b665fa5c08aa/screenshot'
16:10:52.195 [Forwarding screenshot on session 8e390a5c533f80a63719b665fa5c08aa to remote] DEBUG org.asynchttpclient.netty.request.NettyRequestSender - Using open Channel [id: 0x388264b1, L:/127.0.0.1:50950 - R:localhost/127.0.0.1:6675] for GET '/session/8e390a5c533f80a63719b665fa5c08aa/screenshot'
16:10:52.258 [AsyncHttpClient-1-1] DEBUG org.asynchttpclient.netty.channel.DefaultChannelPool - Entry count for : http://localhost:50951 : 1
16:10:52.287 [AsyncHttpClient-1-8] DEBUG org.asynchttpclient.netty.handler.HttpHandler - 

Request DefaultFullHttpRequest(decodeResult: success, version: HTTP/1.1, content: EmptyByteBufBE)
GET /session/8e390a5c533f80a63719b665fa5c08aa/screenshot HTTP/1.1
User-Agent: selenium/4.8.1 (java windows)
Cache-Control: no-cache
Content-Type: application/json; charset=utf-8
host: localhost:6675
accept: */*

Response DefaultHttpResponse(decodeResult: success, version: HTTP/1.1)
HTTP/1.1 200 OK
Content-Length: 29256
Content-Type: application/json; charset=utf-8
cache-control: no-cache

16:10:52.287 [AsyncHttpClient-1-8] DEBUG org.asynchttpclient.netty.channel.ChannelManager - Adding key: http://localhost:6675 for channel [id: 0x388264b1, L:/127.0.0.1:50950 - R:localhost/127.0.0.1:6675]
16:10:52.288 [main] DEBUG net.serenitybdd.core.photography.Darkroom - Send negative for processing for target\site\serenity\dc3f04a0d0bb151d0e1413df28bcce2e7a4dd11251332715b232b51ad2530408.png
16:10:52.288 [main] DEBUG net.thucydides.core.steps.StepInterceptor - STEP DONE: inputPasswordReg
  &amp#27;[32mAnd &amp#27;[0m&amp#27;[32mI input correct password for register&amp#27;[0m &amp#27;[90m# starter.stepdefinitions.RegisterSteps.inputPasswordReg()&amp#27;[0m
16:10:52.288 [Darkroom Processing Line] DEBUG net.serenitybdd.core.photography.DarkroomProcessingLine - Processing screenshot image in /var/screenshots/screenshot-14368118978763793946
16:10:52.288 [Darkroom Processing Line] DEBUG net.serenitybdd.core.photography.DarkroomProcessingLine - Saving screenshot to target\site\serenity\dc3f04a0d0bb151d0e1413df28bcce2e7a4dd11251332715b232b51ad2530408.png
16:10:52.295 [Forwarding getPageSource on session 8e390a5c533f80a63719b665fa5c08aa to remote] DEBUG org.asynchttpclient.netty.request.NettyRequestSender - Using pooled Channel '[id: 0x388264b1, L:/127.0.0.1:50950 - R:localhost/127.0.0.1:6675]' for 'POST' to 'http://localhost:6675/session/8e390a5c533f80a63719b665fa5c08aa/execute/sync'
16:10:52.295 [Forwarding getPageSource on session 8e390a5c533f80a63719b665fa5c08aa to remote] DEBUG org.asynchttpclient.netty.request.NettyRequestSender - Using open Channel [id: 0x388264b1, L:/127.0.0.1:50950 - R:localhost/127.0.0.1:6675] for POST '/session/8e390a5c533f80a63719b665fa5c08aa/execute/sync'
16:10:52.299 [AsyncHttpClient-1-8] DEBUG org.asynchttpclient.netty.handler.HttpHandler - 

Request DefaultHttpRequest(decodeResult: success, version: HTTP/1.1)
POST /session/8e390a5c533f80a63719b665fa5c08aa/execute/sync HTTP/1.1
User-Agent: selenium/4.8.1 (java windows)
Content-Length: 176
Content-Type: application/json; charset=utf-8
host: localhost:6675
accept: */*

Response DefaultHttpResponse(decodeResult: success, version: HTTP/1.1)
HTTP/1.1 200 OK
Content-Length: 22494
Content-Type: application/json; charset=utf-8
cache-control: no-cache

16:10:52.299 [AsyncHttpClient-1-8] DEBUG org.asynchttpclient.netty.channel.ChannelManager - Adding key: http://localhost:6675 for channel [id: 0x388264b1, L:/127.0.0.1:50950 - R:localhost/127.0.0.1:6675]
16:10:52.301 [Forwarding getCurrentUrl on session 8e390a5c533f80a63719b665fa5c08aa to remote] DEBUG org.asynchttpclient.netty.request.NettyRequestSender - Using pooled Channel '[id: 0x388264b1, L:/127.0.0.1:50950 - R:localhost/127.0.0.1:6675]' for 'GET' to 'http://localhost:6675/session/8e390a5c533f80a63719b665fa5c08aa/url'
16:10:52.301 [Forwarding getCurrentUrl on session 8e390a5c533f80a63719b665fa5c08aa to remote] DEBUG org.asynchttpclient.netty.request.NettyRequestSender - Using open Channel [id: 0x388264b1, L:/127.0.0.1:50950 - R:localhost/127.0.0.1:6675] for GET '/session/8e390a5c533f80a63719b665fa5c08aa/url'
16:10:52.303 [AsyncHttpClient-1-8] DEBUG org.asynchttpclient.netty.handler.HttpHandler - 

Request DefaultFullHttpRequest(decodeResult: success, version: HTTP/1.1, content: EmptyByteBufBE)
GET /session/8e390a5c533f80a63719b665fa5c08aa/url HTTP/1.1
User-Agent: selenium/4.8.1 (java windows)
Cache-Control: no-cache
Content-Type: application/json; charset=utf-8
host: localhost:6675
accept: */*

Response DefaultHttpResponse(decodeResult: success, version: HTTP/1.1)
HTTP/1.1 200 OK
Content-Length: 54
Content-Type: application/json; charset=utf-8
cache-control: no-cache

16:10:52.303 [AsyncHttpClient-1-8] DEBUG org.asynchttpclient.netty.channel.ChannelManager - Adding key: http://localhost:6675 for channel [id: 0x388264b1, L:/127.0.0.1:50950 - R:localhost/127.0.0.1:6675]
16:10:52.310 [Forwarding getPageSource on session 8e390a5c533f80a63719b665fa5c08aa to remote] DEBUG org.asynchttpclient.netty.request.NettyRequestSender - Using pooled Channel '[id: 0x388264b1, L:/127.0.0.1:50950 - R:localhost/127.0.0.1:6675]' for 'POST' to 'http://localhost:6675/session/8e390a5c533f80a63719b665fa5c08aa/execute/sync'
16:10:52.311 [Forwarding getPageSource on session 8e390a5c533f80a63719b665fa5c08aa to remote] DEBUG org.asynchttpclient.netty.request.NettyRequestSender - Using open Channel [id: 0x388264b1, L:/127.0.0.1:50950 - R:localhost/127.0.0.1:6675] for POST '/session/8e390a5c533f80a63719b665fa5c08aa/execute/sync'
16:10:52.315 [AsyncHttpClient-1-8] DEBUG org.asynchttpclient.netty.handler.HttpHandler - 

Request DefaultHttpRequest(decodeResult: success, version: HTTP/1.1)
POST /session/8e390a5c533f80a63719b665fa5c08aa/execute/sync HTTP/1.1
User-Agent: selenium/4.8.1 (java windows)
Content-Length: 176
Content-Type: application/json; charset=utf-8
host: localhost:6675
accept: */*

Response DefaultHttpResponse(decodeResult: success, version: HTTP/1.1)
HTTP/1.1 200 OK
Content-Length: 22494
Content-Type: application/json; charset=utf-8
cache-control: no-cache

16:10:52.315 [AsyncHttpClient-1-8] DEBUG org.asynchttpclient.netty.channel.ChannelManager - Adding key: http://localhost:6675 for channel [id: 0x388264b1, L:/127.0.0.1:50950 - R:localhost/127.0.0.1:6675]
16:10:52.317 [Forwarding getCurrentUrl on session 8e390a5c533f80a63719b665fa5c08aa to remote] DEBUG org.asynchttpclient.netty.request.NettyRequestSender - Using pooled Channel '[id: 0x388264b1, L:/127.0.0.1:50950 - R:localhost/127.0.0.1:6675]' for 'GET' to 'http://localhost:6675/session/8e390a5c533f80a63719b665fa5c08aa/url'
16:10:52.317 [Forwarding getCurrentUrl on session 8e390a5c533f80a63719b665fa5c08aa to remote] DEBUG org.asynchttpclient.netty.request.NettyRequestSender - Using open Channel [id: 0x388264b1, L:/127.0.0.1:50950 - R:localhost/127.0.0.1:6675] for GET '/session/8e390a5c533f80a63719b665fa5c08aa/url'
16:10:52.321 [AsyncHttpClient-1-8] DEBUG org.asynchttpclient.netty.handler.HttpHandler - 

Request DefaultFullHttpRequest(decodeResult: success, version: HTTP/1.1, content: EmptyByteBufBE)
GET /session/8e390a5c533f80a63719b665fa5c08aa/url HTTP/1.1
User-Agent: selenium/4.8.1 (java windows)
Cache-Control: no-cache
Content-Type: application/json; charset=utf-8
host: localhost:6675
accept: */*

Response DefaultHttpResponse(decodeResult: success, version: HTTP/1.1)
HTTP/1.1 200 OK
Content-Length: 54
Content-Type: application/json; charset=utf-8
cache-control: no-cache

16:10:52.321 [AsyncHttpClient-1-8] DEBUG org.asynchttpclient.netty.channel.ChannelManager - Adding key: http://localhost:6675 for channel [id: 0x388264b1, L:/127.0.0.1:50950 - R:localhost/127.0.0.1:6675]
16:10:52.323 [main] DEBUG net.thucydides.core.steps.StepInterceptor - STARTING STEP: RegisterSteps.ClickRegisterButton - ClickRegisterButton
16:10:52.324 [Forwarding findElement on session 8e390a5c533f80a63719b665fa5c08aa to remote] DEBUG org.asynchttpclient.netty.request.NettyRequestSender - Using pooled Channel '[id: 0x388264b1, L:/127.0.0.1:50950 - R:localhost/127.0.0.1:6675]' for 'POST' to 'http://localhost:6675/session/8e390a5c533f80a63719b665fa5c08aa/element'
16:10:52.324 [Forwarding findElement on session 8e390a5c533f80a63719b665fa5c08aa to remote] DEBUG org.asynchttpclient.netty.request.NettyRequestSender - Using open Channel [id: 0x388264b1, L:/127.0.0.1:50950 - R:localhost/127.0.0.1:6675] for POST '/session/8e390a5c533f80a63719b665fa5c08aa/element'
16:10:52.334 [AsyncHttpClient-1-8] DEBUG org.asynchttpclient.netty.handler.HttpHandler - 

Request DefaultHttpRequest(decodeResult: success, version: HTTP/1.1)
POST /session/8e390a5c533f80a63719b665fa5c08aa/element HTTP/1.1
User-Agent: selenium/4.8.1 (java windows)
Content-Length: 71
Content-Type: application/json; charset=utf-8
host: localhost:6675
accept: */*

Response DefaultHttpResponse(decodeResult: success, version: HTTP/1.1)
HTTP/1.1 200 OK
Content-Length: 88
Content-Type: application/json; charset=utf-8
cache-control: no-cache

16:10:52.334 [AsyncHttpClient-1-8] DEBUG org.asynchttpclient.netty.channel.ChannelManager - Adding key: http://localhost:6675 for channel [id: 0x388264b1, L:/127.0.0.1:50950 - R:localhost/127.0.0.1:6675]
16:10:52.335 [Forwarding getElementTagName on session 8e390a5c533f80a63719b665fa5c08aa to remote] DEBUG org.asynchttpclient.netty.request.NettyRequestSender - Using pooled Channel '[id: 0x388264b1, L:/127.0.0.1:50950 - R:localhost/127.0.0.1:6675]' for 'GET' to 'http://localhost:6675/session/8e390a5c533f80a63719b665fa5c08aa/element/76878728-61d8-4bc2-bfd4-12c3a7c887ff/name'
16:10:52.335 [Forwarding getElementTagName on session 8e390a5c533f80a63719b665fa5c08aa to remote] DEBUG org.asynchttpclient.netty.request.NettyRequestSender - Using open Channel [id: 0x388264b1, L:/127.0.0.1:50950 - R:localhost/127.0.0.1:6675] for GET '/session/8e390a5c533f80a63719b665fa5c08aa/element/76878728-61d8-4bc2-bfd4-12c3a7c887ff/name'
16:10:52.338 [AsyncHttpClient-1-8] DEBUG org.asynchttpclient.netty.handler.HttpHandler - 

Request DefaultFullHttpRequest(decodeResult: success, version: HTTP/1.1, content: EmptyByteBufBE)
GET /session/8e390a5c533f80a63719b665fa5c08aa/element/76878728-61d8-4bc2-bfd4-12c3a7c887ff/name HTTP/1.1
User-Agent: selenium/4.8.1 (java windows)
Cache-Control: no-cache
Content-Type: application/json; charset=utf-8
host: localhost:6675
accept: */*

Response DefaultHttpResponse(decodeResult: success, version: HTTP/1.1)
HTTP/1.1 200 OK
Content-Length: 18
Content-Type: application/json; charset=utf-8
cache-control: no-cache

16:10:52.338 [AsyncHttpClient-1-8] DEBUG org.asynchttpclient.netty.channel.ChannelManager - Adding key: http://localhost:6675 for channel [id: 0x388264b1, L:/127.0.0.1:50950 - R:localhost/127.0.0.1:6675]
16:10:52.339 [Forwarding getElementTagName on session 8e390a5c533f80a63719b665fa5c08aa to remote] DEBUG org.asynchttpclient.netty.request.NettyRequestSender - Using pooled Channel '[id: 0x388264b1, L:/127.0.0.1:50950 - R:localhost/127.0.0.1:6675]' for 'GET' to 'http://localhost:6675/session/8e390a5c533f80a63719b665fa5c08aa/element/76878728-61d8-4bc2-bfd4-12c3a7c887ff/name'
16:10:52.339 [Forwarding getElementTagName on session 8e390a5c533f80a63719b665fa5c08aa to remote] DEBUG org.asynchttpclient.netty.request.NettyRequestSender - Using open Channel [id: 0x388264b1, L:/127.0.0.1:50950 - R:localhost/127.0.0.1:6675] for GET '/session/8e390a5c533f80a63719b665fa5c08aa/element/76878728-61d8-4bc2-bfd4-12c3a7c887ff/name'
16:10:52.342 [AsyncHttpClient-1-8] DEBUG org.asynchttpclient.netty.handler.HttpHandler - 

Request DefaultFullHttpRequest(decodeResult: success, version: HTTP/1.1, content: EmptyByteBufBE)
GET /session/8e390a5c533f80a63719b665fa5c08aa/element/76878728-61d8-4bc2-bfd4-12c3a7c887ff/name HTTP/1.1
User-Agent: selenium/4.8.1 (java windows)
Cache-Control: no-cache
Content-Type: application/json; charset=utf-8
host: localhost:6675
accept: */*

Response DefaultHttpResponse(decodeResult: success, version: HTTP/1.1)
HTTP/1.1 200 OK
Content-Length: 18
Content-Type: application/json; charset=utf-8
cache-control: no-cache

16:10:52.342 [AsyncHttpClient-1-8] DEBUG org.asynchttpclient.netty.channel.ChannelManager - Adding key: http://localhost:6675 for channel [id: 0x388264b1, L:/127.0.0.1:50950 - R:localhost/127.0.0.1:6675]
16:10:52.344 [Forwarding isElementEnabled on session 8e390a5c533f80a63719b665fa5c08aa to remote] DEBUG org.asynchttpclient.netty.request.NettyRequestSender - Using pooled Channel '[id: 0x388264b1, L:/127.0.0.1:50950 - R:localhost/127.0.0.1:6675]' for 'GET' to 'http://localhost:6675/session/8e390a5c533f80a63719b665fa5c08aa/element/76878728-61d8-4bc2-bfd4-12c3a7c887ff/enabled'
16:10:52.344 [Forwarding isElementEnabled on session 8e390a5c533f80a63719b665fa5c08aa to remote] DEBUG org.asynchttpclient.netty.request.NettyRequestSender - Using open Channel [id: 0x388264b1, L:/127.0.0.1:50950 - R:localhost/127.0.0.1:6675] for GET '/session/8e390a5c533f80a63719b665fa5c08aa/element/76878728-61d8-4bc2-bfd4-12c3a7c887ff/enabled'
16:10:52.350 [AsyncHttpClient-1-8] DEBUG org.asynchttpclient.netty.handler.HttpHandler - 

Request DefaultFullHttpRequest(decodeResult: success, version: HTTP/1.1, content: EmptyByteBufBE)
GET /session/8e390a5c533f80a63719b665fa5c08aa/element/76878728-61d8-4bc2-bfd4-12c3a7c887ff/enabled HTTP/1.1
User-Agent: selenium/4.8.1 (java windows)
Cache-Control: no-cache
Content-Type: application/json; charset=utf-8
host: localhost:6675
accept: */*

Response DefaultHttpResponse(decodeResult: success, version: HTTP/1.1)
HTTP/1.1 200 OK
Content-Length: 14
Content-Type: application/json; charset=utf-8
cache-control: no-cache

16:10:52.350 [AsyncHttpClient-1-8] DEBUG org.asynchttpclient.netty.channel.ChannelManager - Adding key: http://localhost:6675 for channel [id: 0x388264b1, L:/127.0.0.1:50950 - R:localhost/127.0.0.1:6675]
16:10:52.351 [Forwarding isElementEnabled on session 8e390a5c533f80a63719b665fa5c08aa to remote] DEBUG org.asynchttpclient.netty.request.NettyRequestSender - Using pooled Channel '[id: 0x388264b1, L:/127.0.0.1:50950 - R:localhost/127.0.0.1:6675]' for 'GET' to 'http://localhost:6675/session/8e390a5c533f80a63719b665fa5c08aa/element/76878728-61d8-4bc2-bfd4-12c3a7c887ff/enabled'
16:10:52.351 [Forwarding isElementEnabled on session 8e390a5c533f80a63719b665fa5c08aa to remote] DEBUG org.asynchttpclient.netty.request.NettyRequestSender - Using open Channel [id: 0x388264b1, L:/127.0.0.1:50950 - R:localhost/127.0.0.1:6675] for GET '/session/8e390a5c533f80a63719b665fa5c08aa/element/76878728-61d8-4bc2-bfd4-12c3a7c887ff/enabled'
16:10:52.355 [AsyncHttpClient-1-8] DEBUG org.asynchttpclient.netty.handler.HttpHandler - 

Request DefaultFullHttpRequest(decodeResult: success, version: HTTP/1.1, content: EmptyByteBufBE)
GET /session/8e390a5c533f80a63719b665fa5c08aa/element/76878728-61d8-4bc2-bfd4-12c3a7c887ff/enabled HTTP/1.1
User-Agent: selenium/4.8.1 (java windows)
Cache-Control: no-cache
Content-Type: application/json; charset=utf-8
host: localhost:6675
accept: */*

Response DefaultHttpResponse(decodeResult: success, version: HTTP/1.1)
HTTP/1.1 200 OK
Content-Length: 14
Content-Type: application/json; charset=utf-8
cache-control: no-cache

16:10:52.355 [AsyncHttpClient-1-8] DEBUG org.asynchttpclient.netty.channel.ChannelManager - Adding key: http://localhost:6675 for channel [id: 0x388264b1, L:/127.0.0.1:50950 - R:localhost/127.0.0.1:6675]
16:10:52.361 [Forwarding findElement on session 8e390a5c533f80a63719b665fa5c08aa to remote] DEBUG org.asynchttpclient.netty.request.NettyRequestSender - Using pooled Channel '[id: 0x388264b1, L:/127.0.0.1:50950 - R:localhost/127.0.0.1:6675]' for 'POST' to 'http://localhost:6675/session/8e390a5c533f80a63719b665fa5c08aa/element'
16:10:52.361 [Forwarding findElement on session 8e390a5c533f80a63719b665fa5c08aa to remote] DEBUG org.asynchttpclient.netty.request.NettyRequestSender - Using open Channel [id: 0x388264b1, L:/127.0.0.1:50950 - R:localhost/127.0.0.1:6675] for POST '/session/8e390a5c533f80a63719b665fa5c08aa/element'
16:10:52.366 [AsyncHttpClient-1-8] DEBUG org.asynchttpclient.netty.handler.HttpHandler - 

Request DefaultHttpRequest(decodeResult: success, version: HTTP/1.1)
POST /session/8e390a5c533f80a63719b665fa5c08aa/element HTTP/1.1
User-Agent: selenium/4.8.1 (java windows)
Content-Length: 71
Content-Type: application/json; charset=utf-8
host: localhost:6675
accept: */*

Response DefaultHttpResponse(decodeResult: success, version: HTTP/1.1)
HTTP/1.1 200 OK
Content-Length: 88
Content-Type: application/json; charset=utf-8
cache-control: no-cache

16:10:52.366 [AsyncHttpClient-1-8] DEBUG org.asynchttpclient.netty.channel.ChannelManager - Adding key: http://localhost:6675 for channel [id: 0x388264b1, L:/127.0.0.1:50950 - R:localhost/127.0.0.1:6675]
16:10:52.367 [Forwarding clickElement on session 8e390a5c533f80a63719b665fa5c08aa to remote] DEBUG org.asynchttpclient.netty.request.NettyRequestSender - Using pooled Channel '[id: 0x388264b1, L:/127.0.0.1:50950 - R:localhost/127.0.0.1:6675]' for 'POST' to 'http://localhost:6675/session/8e390a5c533f80a63719b665fa5c08aa/element/76878728-61d8-4bc2-bfd4-12c3a7c887ff/click'
16:10:52.367 [Forwarding clickElement on session 8e390a5c533f80a63719b665fa5c08aa to remote] DEBUG org.asynchttpclient.netty.request.NettyRequestSender - Using open Channel [id: 0x388264b1, L:/127.0.0.1:50950 - R:localhost/127.0.0.1:6675] for POST '/session/8e390a5c533f80a63719b665fa5c08aa/element/76878728-61d8-4bc2-bfd4-12c3a7c887ff/click'
16:10:52.399 [AsyncHttpClient-1-8] DEBUG org.asynchttpclient.netty.handler.HttpHandler - 

Request DefaultHttpRequest(decodeResult: success, version: HTTP/1.1)
POST /session/8e390a5c533f80a63719b665fa5c08aa/element/76878728-61d8-4bc2-bfd4-12c3a7c887ff/click HTTP/1.1
User-Agent: selenium/4.8.1 (java windows)
Content-Length: 50
Content-Type: application/json; charset=utf-8
host: localhost:6675
accept: */*

Response DefaultHttpResponse(decodeResult: success, version: HTTP/1.1)
HTTP/1.1 200 OK
Content-Length: 14
Content-Type: application/json; charset=utf-8
cache-control: no-cache

16:10:52.399 [AsyncHttpClient-1-8] DEBUG org.asynchttpclient.netty.channel.ChannelManager - Adding key: http://localhost:6675 for channel [id: 0x388264b1, L:/127.0.0.1:50950 - R:localhost/127.0.0.1:6675]
16:10:52.404 [Forwarding getAlertText on session 8e390a5c533f80a63719b665fa5c08aa to remote] DEBUG org.asynchttpclient.netty.request.NettyRequestSender - Using pooled Channel '[id: 0x388264b1, L:/127.0.0.1:50950 - R:localhost/127.0.0.1:6675]' for 'GET' to 'http://localhost:6675/session/8e390a5c533f80a63719b665fa5c08aa/alert/text'
16:10:52.404 [Forwarding getAlertText on session 8e390a5c533f80a63719b665fa5c08aa to remote] DEBUG org.asynchttpclient.netty.request.NettyRequestSender - Using open Channel [id: 0x388264b1, L:/127.0.0.1:50950 - R:localhost/127.0.0.1:6675] for GET '/session/8e390a5c533f80a63719b665fa5c08aa/alert/text'
16:10:52.405 [AsyncHttpClient-1-8] DEBUG org.asynchttpclient.netty.handler.HttpHandler - 

Request DefaultFullHttpRequest(decodeResult: success, version: HTTP/1.1, content: EmptyByteBufBE)
GET /session/8e390a5c533f80a63719b665fa5c08aa/alert/text HTTP/1.1
User-Agent: selenium/4.8.1 (java windows)
Cache-Control: no-cache
Content-Type: application/json; charset=utf-8
host: localhost:6675
accept: */*

Response DefaultHttpResponse(decodeResult: success, version: HTTP/1.1)
HTTP/1.1 404 Not Found
Content-Length: 836
Content-Type: application/json; charset=utf-8
cache-control: no-cache

16:10:52.405 [AsyncHttpClient-1-8] DEBUG org.asynchttpclient.netty.channel.ChannelManager - Adding key: http://localhost:6675 for channel [id: 0x388264b1, L:/127.0.0.1:50950 - R:localhost/127.0.0.1:6675]
16:10:52.406 [Forwarding getCurrentUrl on session 8e390a5c533f80a63719b665fa5c08aa to remote] DEBUG org.asynchttpclient.netty.request.NettyRequestSender - Using pooled Channel '[id: 0x388264b1, L:/127.0.0.1:50950 - R:localhost/127.0.0.1:6675]' for 'GET' to 'http://localhost:6675/session/8e390a5c533f80a63719b665fa5c08aa/url'
16:10:52.406 [Forwarding getCurrentUrl on session 8e390a5c533f80a63719b665fa5c08aa to remote] DEBUG org.asynchttpclient.netty.request.NettyRequestSender - Using open Channel [id: 0x388264b1, L:/127.0.0.1:50950 - R:localhost/127.0.0.1:6675] for GET '/session/8e390a5c533f80a63719b665fa5c08aa/url'
16:10:52.410 [AsyncHttpClient-1-8] DEBUG org.asynchttpclient.netty.handler.HttpHandler - 

Request DefaultFullHttpRequest(decodeResult: success, version: HTTP/1.1, content: EmptyByteBufBE)
GET /session/8e390a5c533f80a63719b665fa5c08aa/url HTTP/1.1
User-Agent: selenium/4.8.1 (java windows)
Cache-Control: no-cache
Content-Type: application/json; charset=utf-8
host: localhost:6675
accept: */*

Response DefaultHttpResponse(decodeResult: success, version: HTTP/1.1)
HTTP/1.1 200 OK
Content-Length: 54
Content-Type: application/json; charset=utf-8
cache-control: no-cache

16:10:52.410 [AsyncHttpClient-1-8] DEBUG org.asynchttpclient.netty.channel.ChannelManager - Adding key: http://localhost:6675 for channel [id: 0x388264b1, L:/127.0.0.1:50950 - R:localhost/127.0.0.1:6675]
16:10:52.411 [Forwarding screenshot on session 8e390a5c533f80a63719b665fa5c08aa to remote] DEBUG org.asynchttpclient.netty.request.NettyRequestSender - Using pooled Channel '[id: 0x388264b1, L:/127.0.0.1:50950 - R:localhost/127.0.0.1:6675]' for 'GET' to 'http://localhost:6675/session/8e390a5c533f80a63719b665fa5c08aa/screenshot'
16:10:52.411 [Forwarding screenshot on session 8e390a5c533f80a63719b665fa5c08aa to remote] DEBUG org.asynchttpclient.netty.request.NettyRequestSender - Using open Channel [id: 0x388264b1, L:/127.0.0.1:50950 - R:localhost/127.0.0.1:6675] for GET '/session/8e390a5c533f80a63719b665fa5c08aa/screenshot'
16:10:52.514 [AsyncHttpClient-1-8] DEBUG org.asynchttpclient.netty.handler.HttpHandler - 

Request DefaultFullHttpRequest(decodeResult: success, version: HTTP/1.1, content: EmptyByteBufBE)
GET /session/8e390a5c533f80a63719b665fa5c08aa/screenshot HTTP/1.1
User-Agent: selenium/4.8.1 (java windows)
Cache-Control: no-cache
Content-Type: application/json; charset=utf-8
host: localhost:6675
accept: */*

Response DefaultHttpResponse(decodeResult: success, version: HTTP/1.1)
HTTP/1.1 200 OK
Content-Length: 28588
Content-Type: application/json; charset=utf-8
cache-control: no-cache

16:10:52.514 [AsyncHttpClient-1-8] DEBUG org.asynchttpclient.netty.channel.ChannelManager - Adding key: http://localhost:6675 for channel [id: 0x388264b1, L:/127.0.0.1:50950 - R:localhost/127.0.0.1:6675]
16:10:52.515 [main] DEBUG net.serenitybdd.core.photography.Darkroom - Send negative for processing for target\site\serenity\9cb768a4a0579abff6ba850b3f24d465974b7b8c06dd488bbf89bf8338293698.png
16:10:52.515 [main] DEBUG net.thucydides.core.steps.StepInterceptor - STEP DONE: ClickRegisterButton
  &amp#27;[32mWhen &amp#27;[0m&amp#27;[32mI click on the register button&amp#27;[0m       &amp#27;[90m# starter.stepdefinitions.RegisterSteps.ClickRegisterButton()&amp#27;[0m
16:10:52.515 [Darkroom Processing Line] DEBUG net.serenitybdd.core.photography.DarkroomProcessingLine - Processing screenshot image in /var/screenshots/screenshot-3818952864164101178
16:10:52.515 [Darkroom Processing Line] DEBUG net.serenitybdd.core.photography.DarkroomProcessingLine - Saving screenshot to target\site\serenity\9cb768a4a0579abff6ba850b3f24d465974b7b8c06dd488bbf89bf8338293698.png
16:10:52.522 [Forwarding getPageSource on session 8e390a5c533f80a63719b665fa5c08aa to remote] DEBUG org.asynchttpclient.netty.request.NettyRequestSender - Using pooled Channel '[id: 0x388264b1, L:/127.0.0.1:50950 - R:localhost/127.0.0.1:6675]' for 'POST' to 'http://localhost:6675/session/8e390a5c533f80a63719b665fa5c08aa/execute/sync'
16:10:52.522 [Forwarding getPageSource on session 8e390a5c533f80a63719b665fa5c08aa to remote] DEBUG org.asynchttpclient.netty.request.NettyRequestSender - Using open Channel [id: 0x388264b1, L:/127.0.0.1:50950 - R:localhost/127.0.0.1:6675] for POST '/session/8e390a5c533f80a63719b665fa5c08aa/execute/sync'
16:10:52.526 [AsyncHttpClient-1-8] DEBUG org.asynchttpclient.netty.handler.HttpHandler - 

Request DefaultHttpRequest(decodeResult: success, version: HTTP/1.1)
POST /session/8e390a5c533f80a63719b665fa5c08aa/execute/sync HTTP/1.1
User-Agent: selenium/4.8.1 (java windows)
Content-Length: 176
Content-Type: application/json; charset=utf-8
host: localhost:6675
accept: */*

Response DefaultHttpResponse(decodeResult: success, version: HTTP/1.1)
HTTP/1.1 200 OK
Content-Length: 22774
Content-Type: application/json; charset=utf-8
cache-control: no-cache

16:10:52.526 [AsyncHttpClient-1-8] DEBUG org.asynchttpclient.netty.channel.ChannelManager - Adding key: http://localhost:6675 for channel [id: 0x388264b1, L:/127.0.0.1:50950 - R:localhost/127.0.0.1:6675]
16:10:52.528 [Forwarding getCurrentUrl on session 8e390a5c533f80a63719b665fa5c08aa to remote] DEBUG org.asynchttpclient.netty.request.NettyRequestSender - Using pooled Channel '[id: 0x388264b1, L:/127.0.0.1:50950 - R:localhost/127.0.0.1:6675]' for 'GET' to 'http://localhost:6675/session/8e390a5c533f80a63719b665fa5c08aa/url'
16:10:52.528 [Forwarding getCurrentUrl on session 8e390a5c533f80a63719b665fa5c08aa to remote] DEBUG org.asynchttpclient.netty.request.NettyRequestSender - Using open Channel [id: 0x388264b1, L:/127.0.0.1:50950 - R:localhost/127.0.0.1:6675] for GET '/session/8e390a5c533f80a63719b665fa5c08aa/url'
16:10:52.531 [AsyncHttpClient-1-8] DEBUG org.asynchttpclient.netty.handler.HttpHandler - 

Request DefaultFullHttpRequest(decodeResult: success, version: HTTP/1.1, content: EmptyByteBufBE)
GET /session/8e390a5c533f80a63719b665fa5c08aa/url HTTP/1.1
User-Agent: selenium/4.8.1 (java windows)
Cache-Control: no-cache
Content-Type: application/json; charset=utf-8
host: localhost:6675
accept: */*

Response DefaultHttpResponse(decodeResult: success, version: HTTP/1.1)
HTTP/1.1 200 OK
Content-Length: 54
Content-Type: application/json; charset=utf-8
cache-control: no-cache

16:10:52.531 [AsyncHttpClient-1-8] DEBUG org.asynchttpclient.netty.channel.ChannelManager - Adding key: http://localhost:6675 for channel [id: 0x388264b1, L:/127.0.0.1:50950 - R:localhost/127.0.0.1:6675]
16:10:52.537 [Forwarding getPageSource on session 8e390a5c533f80a63719b665fa5c08aa to remote] DEBUG org.asynchttpclient.netty.request.NettyRequestSender - Using pooled Channel '[id: 0x388264b1, L:/127.0.0.1:50950 - R:localhost/127.0.0.1:6675]' for 'POST' to 'http://localhost:6675/session/8e390a5c533f80a63719b665fa5c08aa/execute/sync'
16:10:52.537 [Forwarding getPageSource on session 8e390a5c533f80a63719b665fa5c08aa to remote] DEBUG org.asynchttpclient.netty.request.NettyRequestSender - Using open Channel [id: 0x388264b1, L:/127.0.0.1:50950 - R:localhost/127.0.0.1:6675] for POST '/session/8e390a5c533f80a63719b665fa5c08aa/execute/sync'
16:10:52.542 [AsyncHttpClient-1-8] DEBUG org.asynchttpclient.netty.handler.HttpHandler - 

Request DefaultHttpRequest(decodeResult: success, version: HTTP/1.1)
POST /session/8e390a5c533f80a63719b665fa5c08aa/execute/sync HTTP/1.1
User-Agent: selenium/4.8.1 (java windows)
Content-Length: 176
Content-Type: application/json; charset=utf-8
host: localhost:6675
accept: */*

Response DefaultHttpResponse(decodeResult: success, version: HTTP/1.1)
HTTP/1.1 200 OK
Content-Length: 22774
Content-Type: application/json; charset=utf-8
cache-control: no-cache

16:10:52.542 [AsyncHttpClient-1-8] DEBUG org.asynchttpclient.netty.channel.ChannelManager - Adding key: http://localhost:6675 for channel [id: 0x388264b1, L:/127.0.0.1:50950 - R:localhost/127.0.0.1:6675]
16:10:52.544 [Forwarding getCurrentUrl on session 8e390a5c533f80a63719b665fa5c08aa to remote] DEBUG org.asynchttpclient.netty.request.NettyRequestSender - Using pooled Channel '[id: 0x388264b1, L:/127.0.0.1:50950 - R:localhost/127.0.0.1:6675]' for 'GET' to 'http://localhost:6675/session/8e390a5c533f80a63719b665fa5c08aa/url'
16:10:52.544 [Forwarding getCurrentUrl on session 8e390a5c533f80a63719b665fa5c08aa to remote] DEBUG org.asynchttpclient.netty.request.NettyRequestSender - Using open Channel [id: 0x388264b1, L:/127.0.0.1:50950 - R:localhost/127.0.0.1:6675] for GET '/session/8e390a5c533f80a63719b665fa5c08aa/url'
16:10:52.548 [AsyncHttpClient-1-8] DEBUG org.asynchttpclient.netty.handler.HttpHandler - 

Request DefaultFullHttpRequest(decodeResult: success, version: HTTP/1.1, content: EmptyByteBufBE)
GET /session/8e390a5c533f80a63719b665fa5c08aa/url HTTP/1.1
User-Agent: selenium/4.8.1 (java windows)
Cache-Control: no-cache
Content-Type: application/json; charset=utf-8
host: localhost:6675
accept: */*

Response DefaultHttpResponse(decodeResult: success, version: HTTP/1.1)
HTTP/1.1 200 OK
Content-Length: 54
Content-Type: application/json; charset=utf-8
cache-control: no-cache

16:10:52.548 [AsyncHttpClient-1-8] DEBUG org.asynchttpclient.netty.channel.ChannelManager - Adding key: http://localhost:6675 for channel [id: 0x388264b1, L:/127.0.0.1:50950 - R:localhost/127.0.0.1:6675]
16:10:52.550 [main] DEBUG net.thucydides.core.steps.StepInterceptor - STARTING STEP: LoginSteps.alertContent - incorrectAlert
16:10:52.551 [Forwarding findElement on session 8e390a5c533f80a63719b665fa5c08aa to remote] DEBUG org.asynchttpclient.netty.request.NettyRequestSender - Using pooled Channel '[id: 0x388264b1, L:/127.0.0.1:50950 - R:localhost/127.0.0.1:6675]' for 'POST' to 'http://localhost:6675/session/8e390a5c533f80a63719b665fa5c08aa/element'
16:10:52.551 [Forwarding findElement on session 8e390a5c533f80a63719b665fa5c08aa to remote] DEBUG org.asynchttpclient.netty.request.NettyRequestSender - Using open Channel [id: 0x388264b1, L:/127.0.0.1:50950 - R:localhost/127.0.0.1:6675] for POST '/session/8e390a5c533f80a63719b665fa5c08aa/element'
16:10:52.806 [AsyncHttpClient-1-8] DEBUG org.asynchttpclient.netty.handler.HttpHandler - 

Request DefaultHttpRequest(decodeResult: success, version: HTTP/1.1)
POST /session/8e390a5c533f80a63719b665fa5c08aa/element HTTP/1.1
User-Agent: selenium/4.8.1 (java windows)
Content-Length: 54
Content-Type: application/json; charset=utf-8
host: localhost:6675
accept: */*

Response DefaultHttpResponse(decodeResult: success, version: HTTP/1.1)
HTTP/1.1 200 OK
Content-Length: 88
Content-Type: application/json; charset=utf-8
cache-control: no-cache

16:10:52.806 [AsyncHttpClient-1-8] DEBUG org.asynchttpclient.netty.channel.ChannelManager - Adding key: http://localhost:6675 for channel [id: 0x388264b1, L:/127.0.0.1:50950 - R:localhost/127.0.0.1:6675]
16:10:52.809 [Forwarding isElementDisplayed on session 8e390a5c533f80a63719b665fa5c08aa to remote] DEBUG org.asynchttpclient.netty.request.NettyRequestSender - Using pooled Channel '[id: 0x388264b1, L:/127.0.0.1:50950 - R:localhost/127.0.0.1:6675]' for 'POST' to 'http://localhost:6675/session/8e390a5c533f80a63719b665fa5c08aa/execute/sync'
16:10:52.809 [Forwarding isElementDisplayed on session 8e390a5c533f80a63719b665fa5c08aa to remote] DEBUG org.asynchttpclient.netty.request.NettyRequestSender - Using open Channel [id: 0x388264b1, L:/127.0.0.1:50950 - R:localhost/127.0.0.1:6675] for POST '/session/8e390a5c533f80a63719b665fa5c08aa/execute/sync'
16:10:52.818 [AsyncHttpClient-1-8] DEBUG org.asynchttpclient.netty.handler.HttpHandler - 

Request DefaultHttpRequest(decodeResult: success, version: HTTP/1.1)
POST /session/8e390a5c533f80a63719b665fa5c08aa/execute/sync HTTP/1.1
User-Agent: selenium/4.8.1 (java windows)
Content-Length: 48807
Content-Type: application/json; charset=utf-8
host: localhost:6675
accept: */*

Response DefaultHttpResponse(decodeResult: success, version: HTTP/1.1)
HTTP/1.1 200 OK
Content-Length: 14
Content-Type: application/json; charset=utf-8
cache-control: no-cache

16:10:52.818 [AsyncHttpClient-1-8] DEBUG org.asynchttpclient.netty.channel.ChannelManager - Adding key: http://localhost:6675 for channel [id: 0x388264b1, L:/127.0.0.1:50950 - R:localhost/127.0.0.1:6675]
16:10:52.822 [Forwarding getAlertText on session 8e390a5c533f80a63719b665fa5c08aa to remote] DEBUG org.asynchttpclient.netty.request.NettyRequestSender - Using pooled Channel '[id: 0x388264b1, L:/127.0.0.1:50950 - R:localhost/127.0.0.1:6675]' for 'GET' to 'http://localhost:6675/session/8e390a5c533f80a63719b665fa5c08aa/alert/text'
16:10:52.822 [Forwarding getAlertText on session 8e390a5c533f80a63719b665fa5c08aa to remote] DEBUG org.asynchttpclient.netty.request.NettyRequestSender - Using open Channel [id: 0x388264b1, L:/127.0.0.1:50950 - R:localhost/127.0.0.1:6675] for GET '/session/8e390a5c533f80a63719b665fa5c08aa/alert/text'
16:10:52.823 [AsyncHttpClient-1-8] DEBUG org.asynchttpclient.netty.handler.HttpHandler - 

Request DefaultFullHttpRequest(decodeResult: success, version: HTTP/1.1, content: EmptyByteBufBE)
GET /session/8e390a5c533f80a63719b665fa5c08aa/alert/text HTTP/1.1
User-Agent: selenium/4.8.1 (java windows)
Cache-Control: no-cache
Content-Type: application/json; charset=utf-8
host: localhost:6675
accept: */*

Response DefaultHttpResponse(decodeResult: success, version: HTTP/1.1)
HTTP/1.1 404 Not Found
Content-Length: 836
Content-Type: application/json; charset=utf-8
cache-control: no-cache

16:10:52.823 [AsyncHttpClient-1-8] DEBUG org.asynchttpclient.netty.channel.ChannelManager - Adding key: http://localhost:6675 for channel [id: 0x388264b1, L:/127.0.0.1:50950 - R:localhost/127.0.0.1:6675]
16:10:52.824 [Forwarding getCurrentUrl on session 8e390a5c533f80a63719b665fa5c08aa to remote] DEBUG org.asynchttpclient.netty.request.NettyRequestSender - Using pooled Channel '[id: 0x388264b1, L:/127.0.0.1:50950 - R:localhost/127.0.0.1:6675]' for 'GET' to 'http://localhost:6675/session/8e390a5c533f80a63719b665fa5c08aa/url'
16:10:52.824 [Forwarding getCurrentUrl on session 8e390a5c533f80a63719b665fa5c08aa to remote] DEBUG org.asynchttpclient.netty.request.NettyRequestSender - Using open Channel [id: 0x388264b1, L:/127.0.0.1:50950 - R:localhost/127.0.0.1:6675] for GET '/session/8e390a5c533f80a63719b665fa5c08aa/url'
16:10:52.827 [AsyncHttpClient-1-8] DEBUG org.asynchttpclient.netty.handler.HttpHandler - 

Request DefaultFullHttpRequest(decodeResult: success, version: HTTP/1.1, content: EmptyByteBufBE)
GET /session/8e390a5c533f80a63719b665fa5c08aa/url HTTP/1.1
User-Agent: selenium/4.8.1 (java windows)
Cache-Control: no-cache
Content-Type: application/json; charset=utf-8
host: localhost:6675
accept: */*

Response DefaultHttpResponse(decodeResult: success, version: HTTP/1.1)
HTTP/1.1 200 OK
Content-Length: 54
Content-Type: application/json; charset=utf-8
cache-control: no-cache

16:10:52.827 [AsyncHttpClient-1-8] DEBUG org.asynchttpclient.netty.channel.ChannelManager - Adding key: http://localhost:6675 for channel [id: 0x388264b1, L:/127.0.0.1:50950 - R:localhost/127.0.0.1:6675]
16:10:52.828 [Forwarding screenshot on session 8e390a5c533f80a63719b665fa5c08aa to remote] DEBUG org.asynchttpclient.netty.request.NettyRequestSender - Using pooled Channel '[id: 0x388264b1, L:/127.0.0.1:50950 - R:localhost/127.0.0.1:6675]' for 'GET' to 'http://localhost:6675/session/8e390a5c533f80a63719b665fa5c08aa/screenshot'
16:10:52.828 [Forwarding screenshot on session 8e390a5c533f80a63719b665fa5c08aa to remote] DEBUG org.asynchttpclient.netty.request.NettyRequestSender - Using open Channel [id: 0x388264b1, L:/127.0.0.1:50950 - R:localhost/127.0.0.1:6675] for GET '/session/8e390a5c533f80a63719b665fa5c08aa/screenshot'
16:10:52.926 [AsyncHttpClient-1-8] DEBUG org.asynchttpclient.netty.handler.HttpHandler - 

Request DefaultFullHttpRequest(decodeResult: success, version: HTTP/1.1, content: EmptyByteBufBE)
GET /session/8e390a5c533f80a63719b665fa5c08aa/screenshot HTTP/1.1
User-Agent: selenium/4.8.1 (java windows)
Cache-Control: no-cache
Content-Type: application/json; charset=utf-8
host: localhost:6675
accept: */*

Response DefaultHttpResponse(decodeResult: success, version: HTTP/1.1)
HTTP/1.1 200 OK
Content-Length: 29620
Content-Type: application/json; charset=utf-8
cache-control: no-cache

16:10:52.927 [AsyncHttpClient-1-8] DEBUG org.asynchttpclient.netty.channel.ChannelManager - Adding key: http://localhost:6675 for channel [id: 0x388264b1, L:/127.0.0.1:50950 - R:localhost/127.0.0.1:6675]
16:10:52.929 [main] DEBUG net.serenitybdd.core.photography.Darkroom - Send negative for processing for target\site\serenity\3e9494d7bf1dcf3307bbe2e6ecf343cd1c3f9f644ead73b4c5c9aa2c6a398ed7.png
16:10:52.929 [main] DEBUG net.thucydides.core.steps.StepInterceptor - STEP DONE: incorrectAlert
16:10:52.929 [Darkroom Processing Line] DEBUG net.serenitybdd.core.photography.DarkroomProcessingLine - Processing screenshot image in /var/screenshots/screenshot-12251354183190368712
16:10:52.929 [Darkroom Processing Line] DEBUG net.serenitybdd.core.photography.DarkroomProcessingLine - Saving screenshot to target\site\serenity\3e9494d7bf1dcf3307bbe2e6ecf343cd1c3f9f644ead73b4c5c9aa2c6a398ed7.png
  &amp#27;[32mThen &amp#27;[0m&amp#27;[32mI should see the error message&amp#27;[0m       &amp#27;[90m# starter.stepdefinitions.LoginSteps.alertContent()&amp#27;[0m
16:10:52.933 [main] INFO  - 
  _____   ___   ___   _____     ___     _     ___   ___   ___   ___  
 |_   _| | __| / __| |_   _|   | _ \   /_\   / __| / __| | __| |   \ 
   | |   | _|  \__ \   | |     |  _/  / _ \  \__ \ \__ \ | _|  | |) |
   |_|   |___| |___/   |_|     |_|   /_/ \_\ |___/ |___/ |___| |___/ 

Register without fill the email
----------------------------------------------------------------------
16:10:52.935 [Driver Command Executor] DEBUG org.asynchttpclient.netty.request.NettyRequestSender - Using pooled Channel '[id: 0x388264b1, L:/127.0.0.1:50950 - R:localhost/127.0.0.1:6675]' for 'DELETE' to 'http://localhost:6675/session/8e390a5c533f80a63719b665fa5c08aa'
16:10:52.935 [AsyncHttpClient-1-10] DEBUG org.asynchttpclient.netty.handler.WebSocketHandler - Channel Closed: [id: 0x4668f69f, L:/127.0.0.1:50960 ! R:localhost/127.0.0.1:50951] with attribute NettyResponseFuture{currentRetry=0,
	isDone=1,
	isCancelled=0,
	asyncHandler=org.asynchttpclient.ws.WebSocketUpgradeHandler@619970bf,
	nettyRequest=org.asynchttpclient.netty.request.NettyRequest@249bf2e8,
	future=java.util.concurrent.CompletableFuture@47c72ad7[Completed normally],
	uri=ws://localhost:50951/devtools/browser/a789aa37-4c9c-41bf-a7a5-75282df0c93e,
	keepAlive=true,
	redirectCount=0,
	timeoutsHolder=null,
	inAuth=0,
	touch=1683537048563}
16:10:52.935 [Driver Command Executor] DEBUG org.asynchttpclient.netty.request.NettyRequestSender - Using open Channel [id: 0x388264b1, L:/127.0.0.1:50950 - R:localhost/127.0.0.1:6675] for DELETE '/session/8e390a5c533f80a63719b665fa5c08aa'
16:10:52.935 [AsyncHttpClient-1-10] DEBUG org.asynchttpclient.netty.channel.ChannelManager - Closing Channel [id: 0x4668f69f, L:/127.0.0.1:50960 ! R:localhost/127.0.0.1:50951] 
16:10:53.012 [AsyncHttpClient-1-9] DEBUG org.asynchttpclient.netty.handler.HttpHandler - Unexpected I/O exception on channel [id: 0x6885f30b, L:/127.0.0.1:50959 - R:localhost/127.0.0.1:50951]
java.net.SocketException: Connection reset
	at java.base/sun.nio.ch.SocketChannelImpl.throwConnectionReset(SocketChannelImpl.java:367)
	at java.base/sun.nio.ch.SocketChannelImpl.read(SocketChannelImpl.java:398)
	at io.netty.buffer.PooledByteBuf.setBytes(PooledByteBuf.java:259)
	at io.netty.buffer.AbstractByteBuf.writeBytes(AbstractByteBuf.java:1132)
	at io.netty.channel.socket.nio.NioSocketChannel.doReadBytes(NioSocketChannel.java:357)
	at io.netty.channel.nio.AbstractNioByteChannel$NioByteUnsafe.read(AbstractNioByteChannel.java:151)
	at io.netty.channel.nio.NioEventLoop.processSelectedKey(NioEventLoop.java:788)
	at io.netty.channel.nio.NioEventLoop.processSelectedKeysOptimized(NioEventLoop.java:724)
	at io.netty.channel.nio.NioEventLoop.processSelectedKeys(NioEventLoop.java:650)
	at io.netty.channel.nio.NioEventLoop.run(NioEventLoop.java:562)
	at io.netty.util.concurrent.SingleThreadEventExecutor$4.run(SingleThreadEventExecutor.java:997)
	at io.netty.util.internal.ThreadExecutorMap$2.run(ThreadExecutorMap.java:74)
	at io.netty.util.concurrent.FastThreadLocalRunnable.run(FastThreadLocalRunnable.java:30)
	at java.base/java.lang.Thread.run(Thread.java:832)
16:10:53.012 [AsyncHttpClient-1-9] DEBUG org.asynchttpclient.netty.channel.ChannelManager - Closing Channel [id: 0x6885f30b, L:/127.0.0.1:50959 - R:localhost/127.0.0.1:50951] 
16:10:53.013 [AsyncHttpClient-1-9] DEBUG org.asynchttpclient.netty.handler.HttpHandler - Channel Closed: [id: 0x6885f30b, L:/127.0.0.1:50959 ! R:localhost/127.0.0.1:50951] with attribute DISCARD
16:10:53.028 [AsyncHttpClient-1-8] DEBUG org.asynchttpclient.netty.handler.HttpHandler - 

Request DefaultFullHttpRequest(decodeResult: success, version: HTTP/1.1, content: EmptyByteBufBE)
DELETE /session/8e390a5c533f80a63719b665fa5c08aa HTTP/1.1
User-Agent: selenium/4.8.1 (java windows)
Content-Type: application/json; charset=utf-8
host: localhost:6675
accept: */*

Response DefaultHttpResponse(decodeResult: success, version: HTTP/1.1)
HTTP/1.1 200 OK
Content-Length: 14
Content-Type: application/json; charset=utf-8
cache-control: no-cache

16:10:53.028 [AsyncHttpClient-1-8] DEBUG org.asynchttpclient.netty.channel.ChannelManager - Adding key: http://localhost:6675 for channel [id: 0x388264b1, L:/127.0.0.1:50950 - R:localhost/127.0.0.1:6675]
16:10:53.148 [AsyncHttpClient-1-8] DEBUG org.asynchttpclient.netty.handler.HttpHandler - Channel Closed: [id: 0x388264b1, L:/127.0.0.1:50950 ! R:localhost/127.0.0.1:6675] with attribute DISCARD
16:10:53.356 [AsyncHttpClient-1-1] DEBUG org.asynchttpclient.netty.channel.DefaultChannelPool - Entry count for : http://localhost:50951 : 1
16:10:53.356 [AsyncHttpClient-1-1] DEBUG org.asynchttpclient.netty.channel.DefaultChannelPool - Entry count for : http://localhost:6675 : 1
16:10:53.356 [AsyncHttpClient-1-1] DEBUG org.asynchttpclient.netty.channel.DefaultChannelPool - Adding Candidate expired Channel [id: 0x6885f30b, L:/127.0.0.1:50959 ! R:localhost/127.0.0.1:50951] isIdleTimeoutExpired=false isRemotelyClosed=true isTtlExpired=false
16:10:53.356 [AsyncHttpClient-1-1] DEBUG org.asynchttpclient.netty.channel.DefaultChannelPool - Closing Idle Channel [id: 0x6885f30b, L:/127.0.0.1:50959 ! R:localhost/127.0.0.1:50951]
16:10:53.356 [AsyncHttpClient-1-1] DEBUG org.asynchttpclient.netty.channel.DefaultChannelPool - Adding Candidate expired Channel [id: 0x388264b1, L:/127.0.0.1:50950 ! R:localhost/127.0.0.1:6675] isIdleTimeoutExpired=false isRemotelyClosed=true isTtlExpired=false
16:10:53.356 [AsyncHttpClient-1-1] DEBUG org.asynchttpclient.netty.channel.DefaultChannelPool - Closing Idle Channel [id: 0x388264b1, L:/127.0.0.1:50950 ! R:localhost/127.0.0.1:6675]
16:10:53.356 [AsyncHttpClient-1-1] DEBUG org.asynchttpclient.netty.channel.DefaultChannelPool - Closed 2 connections out of 2 in 0 ms
]]></system-out>
    <system-err><![CDATA[Starting ChromeDriver 111.0.5563.64 (c710e93d5b63b7095afe8c2c17df34408078439d-refs/branch-heads/5563@{#995}) on port 6675
Only local connections are allowed.
Please see https://chromedriver.chromium.org/security-considerations for suggestions on keeping ChromeDriver safe.
ChromeDriver was started successfully.
[1683537048.535][WARNING]: This version of ChromeDriver has not been tested with Chrome version 112.
May 08, 2023 4:10:48 PM org.openqa.selenium.devtools.CdpVersionFinder findNearestMatch
WARNING: Unable to find an exact match for CDP version 112, so returning the closest version found: 110
]]></system-err>
  </testcase>
  <testcase name="Register without fill the password" classname="Register to Alta-shop Account" time="5.766">
    <system-out><![CDATA[
Scenario: Register without fill the password   &amp#27;[90m# src/test/resources/features/1. Register.feature:34&amp#27;[0m
16:10:53.670 [main] DEBUG io.cucumber.core.plugin.SerenityReporter - Running feature from file:///C:/Users/WINDOWS%2010/Documents/GitHub/MiniProject_QE/Web/code/minpro/src/test/resources/features/1.%20Register.feature
16:10:53.674 [main] INFO  - 
  _____   ___   ___   _____     ___   _____     _     ___   _____   ___   ___  
 |_   _| | __| / __| |_   _|   / __| |_   _|   /_\   | _ \ |_   _| | __| |   \ 
   | |   | _|  \__ \   | |     \__ \   | |    / _ \  |   /   | |   | _|  | |) |
   |_|   |___| |___/   |_|     |___/   |_|   /_/ \_\ |_|_\   |_|   |___| |___/ 

Register without fill the password(register-to-alta-shop-account;register-without-fill-the-password)
--------------------------------------------------------------------------------
16:10:53.697 [main] DEBUG net.thucydides.core.steps.StepInterceptor - STARTING STEP: LoginSteps.onTheLoginPage - openPage
16:10:53.727 [main] INFO net.serenitybdd.core.webdriver.driverproviders.ChromeDriverProvider - Starting Chrome driver instance with capabilities:
16:10:53.727 [main] INFO net.serenitybdd.core.webdriver.driverproviders.ChromeDriverProvider - Capabilities {acceptInsecureCerts: false, browserName: chrome, goog:chromeOptions: {args: [remote-allow-origins=*], extensions: []}}
16:10:53.792 [AsyncHttpClient-1-11] DEBUG org.asynchttpclient.netty.channel.NettyConnectListener - Using new Channel '[id: 0x9514fcd1, L:/127.0.0.1:50985 - R:localhost/127.0.0.1:39600]' for 'POST' to '/session'
16:10:54.406 [AsyncHttpClient-1-11] DEBUG org.asynchttpclient.netty.handler.HttpHandler - 

Request DefaultHttpRequest(decodeResult: success, version: HTTP/1.1)
POST /session HTTP/1.1
User-Agent: selenium/4.8.1 (java windows)
Content-Length: 507
Content-Type: application/json; charset=utf-8
host: localhost:39600
accept: */*

Response DefaultHttpResponse(decodeResult: success, version: HTTP/1.1)
HTTP/1.1 200 OK
Content-Length: 861
Content-Type: application/json; charset=utf-8
cache-control: no-cache

16:10:54.406 [AsyncHttpClient-1-11] DEBUG org.asynchttpclient.netty.channel.ChannelManager - Adding key: http://localhost:39600 for channel [id: 0x9514fcd1, L:/127.0.0.1:50985 - R:localhost/127.0.0.1:39600]
16:10:54.412 [AsyncHttpClient-1-12] DEBUG org.asynchttpclient.netty.channel.NettyConnectListener - Using new Channel '[id: 0x6107cb83, L:/127.0.0.1:50993 - R:localhost/127.0.0.1:50986]' for 'GET' to '/json/version'
16:10:54.414 [AsyncHttpClient-1-12] DEBUG org.asynchttpclient.netty.handler.HttpHandler - 

Request DefaultFullHttpRequest(decodeResult: success, version: HTTP/1.1, content: EmptyByteBufBE)
GET /json/version HTTP/1.1
User-Agent: selenium/4.8.1 (java windows)
host: localhost:50986
accept: */*

Response DefaultHttpResponse(decodeResult: success, version: HTTP/1.1)
HTTP/1.1 200 OK
Content-Security-Policy: frame-ancestors 'none'
Content-Length: 424
Content-Type: application/json; charset=UTF-8

16:10:54.414 [AsyncHttpClient-1-12] DEBUG org.asynchttpclient.netty.channel.ChannelManager - Adding key: http://localhost:50986 for channel [id: 0x6107cb83, L:/127.0.0.1:50993 - R:localhost/127.0.0.1:50986]
16:10:54.416 [AsyncHttpClient-1-13] DEBUG org.asynchttpclient.netty.channel.NettyConnectListener - Using new Channel '[id: 0xc9917803, L:/127.0.0.1:50994 - R:localhost/127.0.0.1:50986]' for 'GET' to '/devtools/browser/83d07a82-4765-4b8f-b856-1b89ee6e171c'
16:10:54.417 [AsyncHttpClient-1-13] DEBUG org.asynchttpclient.netty.handler.WebSocketHandler - 

Request DefaultFullHttpRequest(decodeResult: success, version: HTTP/1.1, content: EmptyByteBufBE)
GET /devtools/browser/83d07a82-4765-4b8f-b856-1b89ee6e171c HTTP/1.1
upgrade: websocket
connection: upgrade
sec-websocket-key: 6dXeTBFXm79dzssxWhL4mw==
sec-websocket-version: 13
origin: http://localhost:50986
host: localhost:50986
accept: */*
user-agent: AHC/2.1

Response DefaultHttpResponse(decodeResult: success, version: HTTP/1.1)
HTTP/1.1 101 WebSocket Protocol Handshake
Upgrade: WebSocket
Connection: Upgrade
Sec-WebSocket-Accept: 7ARGMSU8Dg1+bfQRYFkS2tbRSEQ=

16:10:54.420 [Forwarding get on session 5a41b0a5ccc481175ae54143d417e5dc to remote] DEBUG org.asynchttpclient.netty.request.NettyRequestSender - Using pooled Channel '[id: 0x9514fcd1, L:/127.0.0.1:50985 - R:localhost/127.0.0.1:39600]' for 'POST' to 'http://localhost:39600/session/5a41b0a5ccc481175ae54143d417e5dc/url'
16:10:54.420 [Forwarding get on session 5a41b0a5ccc481175ae54143d417e5dc to remote] DEBUG org.asynchttpclient.netty.request.NettyRequestSender - Using open Channel [id: 0x9514fcd1, L:/127.0.0.1:50985 - R:localhost/127.0.0.1:39600] for POST '/session/5a41b0a5ccc481175ae54143d417e5dc/url'
16:10:54.456 [AsyncHttpClient-1-1] DEBUG org.asynchttpclient.netty.channel.DefaultChannelPool - Entry count for : http://localhost:50986 : 1
16:10:55.558 [AsyncHttpClient-1-1] DEBUG org.asynchttpclient.netty.channel.DefaultChannelPool - Entry count for : http://localhost:50986 : 1
16:10:56.659 [AsyncHttpClient-1-1] DEBUG org.asynchttpclient.netty.channel.DefaultChannelPool - Entry count for : http://localhost:50986 : 1
16:10:56.952 [AsyncHttpClient-1-11] DEBUG org.asynchttpclient.netty.handler.HttpHandler - 

Request DefaultHttpRequest(decodeResult: success, version: HTTP/1.1)
POST /session/5a41b0a5ccc481175ae54143d417e5dc/url HTTP/1.1
User-Agent: selenium/4.8.1 (java windows)
Content-Length: 74
Content-Type: application/json; charset=utf-8
host: localhost:39600
accept: */*

Response DefaultHttpResponse(decodeResult: success, version: HTTP/1.1)
HTTP/1.1 200 OK
Content-Length: 14
Content-Type: application/json; charset=utf-8
cache-control: no-cache

16:10:56.952 [AsyncHttpClient-1-11] DEBUG org.asynchttpclient.netty.channel.ChannelManager - Adding key: http://localhost:39600 for channel [id: 0x9514fcd1, L:/127.0.0.1:50985 - R:localhost/127.0.0.1:39600]
16:10:56.953 [Forwarding setTimeout on session 5a41b0a5ccc481175ae54143d417e5dc to remote] DEBUG org.asynchttpclient.netty.request.NettyRequestSender - Using pooled Channel '[id: 0x9514fcd1, L:/127.0.0.1:50985 - R:localhost/127.0.0.1:39600]' for 'POST' to 'http://localhost:39600/session/5a41b0a5ccc481175ae54143d417e5dc/timeouts'
16:10:56.953 [Forwarding setTimeout on session 5a41b0a5ccc481175ae54143d417e5dc to remote] DEBUG org.asynchttpclient.netty.request.NettyRequestSender - Using open Channel [id: 0x9514fcd1, L:/127.0.0.1:50985 - R:localhost/127.0.0.1:39600] for POST '/session/5a41b0a5ccc481175ae54143d417e5dc/timeouts'
16:10:56.954 [AsyncHttpClient-1-11] DEBUG org.asynchttpclient.netty.handler.HttpHandler - 

Request DefaultHttpRequest(decodeResult: success, version: HTTP/1.1)
POST /session/5a41b0a5ccc481175ae54143d417e5dc/timeouts HTTP/1.1
User-Agent: selenium/4.8.1 (java windows)
Content-Length: 22
Content-Type: application/json; charset=utf-8
host: localhost:39600
accept: */*

Response DefaultHttpResponse(decodeResult: success, version: HTTP/1.1)
HTTP/1.1 200 OK
Content-Length: 14
Content-Type: application/json; charset=utf-8
cache-control: no-cache

16:10:56.954 [AsyncHttpClient-1-11] DEBUG org.asynchttpclient.netty.channel.ChannelManager - Adding key: http://localhost:39600 for channel [id: 0x9514fcd1, L:/127.0.0.1:50985 - R:localhost/127.0.0.1:39600]
16:10:56.958 [Forwarding getAlertText on session 5a41b0a5ccc481175ae54143d417e5dc to remote] DEBUG org.asynchttpclient.netty.request.NettyRequestSender - Using pooled Channel '[id: 0x9514fcd1, L:/127.0.0.1:50985 - R:localhost/127.0.0.1:39600]' for 'GET' to 'http://localhost:39600/session/5a41b0a5ccc481175ae54143d417e5dc/alert/text'
16:10:56.958 [Forwarding getAlertText on session 5a41b0a5ccc481175ae54143d417e5dc to remote] DEBUG org.asynchttpclient.netty.request.NettyRequestSender - Using open Channel [id: 0x9514fcd1, L:/127.0.0.1:50985 - R:localhost/127.0.0.1:39600] for GET '/session/5a41b0a5ccc481175ae54143d417e5dc/alert/text'
16:10:56.959 [AsyncHttpClient-1-11] DEBUG org.asynchttpclient.netty.handler.HttpHandler - 

Request DefaultFullHttpRequest(decodeResult: success, version: HTTP/1.1, content: EmptyByteBufBE)
GET /session/5a41b0a5ccc481175ae54143d417e5dc/alert/text HTTP/1.1
User-Agent: selenium/4.8.1 (java windows)
Cache-Control: no-cache
Content-Type: application/json; charset=utf-8
host: localhost:39600
accept: */*

Response DefaultHttpResponse(decodeResult: success, version: HTTP/1.1)
HTTP/1.1 404 Not Found
Content-Length: 836
Content-Type: application/json; charset=utf-8
cache-control: no-cache

16:10:56.959 [AsyncHttpClient-1-11] DEBUG org.asynchttpclient.netty.channel.ChannelManager - Adding key: http://localhost:39600 for channel [id: 0x9514fcd1, L:/127.0.0.1:50985 - R:localhost/127.0.0.1:39600]
16:10:56.961 [Forwarding getCurrentUrl on session 5a41b0a5ccc481175ae54143d417e5dc to remote] DEBUG org.asynchttpclient.netty.request.NettyRequestSender - Using pooled Channel '[id: 0x9514fcd1, L:/127.0.0.1:50985 - R:localhost/127.0.0.1:39600]' for 'GET' to 'http://localhost:39600/session/5a41b0a5ccc481175ae54143d417e5dc/url'
16:10:56.961 [Forwarding getCurrentUrl on session 5a41b0a5ccc481175ae54143d417e5dc to remote] DEBUG org.asynchttpclient.netty.request.NettyRequestSender - Using open Channel [id: 0x9514fcd1, L:/127.0.0.1:50985 - R:localhost/127.0.0.1:39600] for GET '/session/5a41b0a5ccc481175ae54143d417e5dc/url'
16:10:56.964 [AsyncHttpClient-1-11] DEBUG org.asynchttpclient.netty.handler.HttpHandler - 

Request DefaultFullHttpRequest(decodeResult: success, version: HTTP/1.1, content: EmptyByteBufBE)
GET /session/5a41b0a5ccc481175ae54143d417e5dc/url HTTP/1.1
User-Agent: selenium/4.8.1 (java windows)
Cache-Control: no-cache
Content-Type: application/json; charset=utf-8
host: localhost:39600
accept: */*

Response DefaultHttpResponse(decodeResult: success, version: HTTP/1.1)
HTTP/1.1 200 OK
Content-Length: 51
Content-Type: application/json; charset=utf-8
cache-control: no-cache

16:10:56.964 [AsyncHttpClient-1-11] DEBUG org.asynchttpclient.netty.channel.ChannelManager - Adding key: http://localhost:39600 for channel [id: 0x9514fcd1, L:/127.0.0.1:50985 - R:localhost/127.0.0.1:39600]
16:10:56.965 [Forwarding screenshot on session 5a41b0a5ccc481175ae54143d417e5dc to remote] DEBUG org.asynchttpclient.netty.request.NettyRequestSender - Using pooled Channel '[id: 0x9514fcd1, L:/127.0.0.1:50985 - R:localhost/127.0.0.1:39600]' for 'GET' to 'http://localhost:39600/session/5a41b0a5ccc481175ae54143d417e5dc/screenshot'
16:10:56.965 [Forwarding screenshot on session 5a41b0a5ccc481175ae54143d417e5dc to remote] DEBUG org.asynchttpclient.netty.request.NettyRequestSender - Using open Channel [id: 0x9514fcd1, L:/127.0.0.1:50985 - R:localhost/127.0.0.1:39600] for GET '/session/5a41b0a5ccc481175ae54143d417e5dc/screenshot'
16:10:57.041 [AsyncHttpClient-1-11] DEBUG org.asynchttpclient.netty.handler.HttpHandler - 

Request DefaultFullHttpRequest(decodeResult: success, version: HTTP/1.1, content: EmptyByteBufBE)
GET /session/5a41b0a5ccc481175ae54143d417e5dc/screenshot HTTP/1.1
User-Agent: selenium/4.8.1 (java windows)
Cache-Control: no-cache
Content-Type: application/json; charset=utf-8
host: localhost:39600
accept: */*

Response DefaultHttpResponse(decodeResult: success, version: HTTP/1.1)
HTTP/1.1 200 OK
Content-Length: 25208
Content-Type: application/json; charset=utf-8
cache-control: no-cache

16:10:57.042 [AsyncHttpClient-1-11] DEBUG org.asynchttpclient.netty.channel.ChannelManager - Adding key: http://localhost:39600 for channel [id: 0x9514fcd1, L:/127.0.0.1:50985 - R:localhost/127.0.0.1:39600]
16:10:57.043 [main] DEBUG net.serenitybdd.core.photography.Darkroom - Send negative for processing for target\site\serenity\edb14d4aab401efa0e4fb99861e6ffcafebc86a67b69f7828890b9910ed2ddbd.png
16:10:57.043 [main] DEBUG net.thucydides.core.steps.StepInterceptor - STEP DONE: openPage
  &amp#27;[32mGiven &amp#27;[0m&amp#27;[32mI am on the alta-shop login page&amp#27;[0m       &amp#27;[90m# starter.stepdefinitions.LoginSteps.onTheLoginPage()&amp#27;[0m
16:10:57.048 [Forwarding getPageSource on session 5a41b0a5ccc481175ae54143d417e5dc to remote] DEBUG org.asynchttpclient.netty.request.NettyRequestSender - Using pooled Channel '[id: 0x9514fcd1, L:/127.0.0.1:50985 - R:localhost/127.0.0.1:39600]' for 'POST' to 'http://localhost:39600/session/5a41b0a5ccc481175ae54143d417e5dc/execute/sync'
16:10:57.048 [Forwarding getPageSource on session 5a41b0a5ccc481175ae54143d417e5dc to remote] DEBUG org.asynchttpclient.netty.request.NettyRequestSender - Using open Channel [id: 0x9514fcd1, L:/127.0.0.1:50985 - R:localhost/127.0.0.1:39600] for POST '/session/5a41b0a5ccc481175ae54143d417e5dc/execute/sync'
16:10:57.053 [AsyncHttpClient-1-11] DEBUG org.asynchttpclient.netty.handler.HttpHandler - 

Request DefaultHttpRequest(decodeResult: success, version: HTTP/1.1)
POST /session/5a41b0a5ccc481175ae54143d417e5dc/execute/sync HTTP/1.1
User-Agent: selenium/4.8.1 (java windows)
Content-Length: 176
Content-Type: application/json; charset=utf-8
host: localhost:39600
accept: */*

Response DefaultHttpResponse(decodeResult: success, version: HTTP/1.1)
HTTP/1.1 200 OK
Content-Length: 21659
Content-Type: application/json; charset=utf-8
cache-control: no-cache

16:10:57.053 [AsyncHttpClient-1-11] DEBUG org.asynchttpclient.netty.channel.ChannelManager - Adding key: http://localhost:39600 for channel [id: 0x9514fcd1, L:/127.0.0.1:50985 - R:localhost/127.0.0.1:39600]
16:10:57.055 [Forwarding getCurrentUrl on session 5a41b0a5ccc481175ae54143d417e5dc to remote] DEBUG org.asynchttpclient.netty.request.NettyRequestSender - Using pooled Channel '[id: 0x9514fcd1, L:/127.0.0.1:50985 - R:localhost/127.0.0.1:39600]' for 'GET' to 'http://localhost:39600/session/5a41b0a5ccc481175ae54143d417e5dc/url'
16:10:57.055 [Forwarding getCurrentUrl on session 5a41b0a5ccc481175ae54143d417e5dc to remote] DEBUG org.asynchttpclient.netty.request.NettyRequestSender - Using open Channel [id: 0x9514fcd1, L:/127.0.0.1:50985 - R:localhost/127.0.0.1:39600] for GET '/session/5a41b0a5ccc481175ae54143d417e5dc/url'
16:10:57.057 [AsyncHttpClient-1-11] DEBUG org.asynchttpclient.netty.handler.HttpHandler - 

Request DefaultFullHttpRequest(decodeResult: success, version: HTTP/1.1, content: EmptyByteBufBE)
GET /session/5a41b0a5ccc481175ae54143d417e5dc/url HTTP/1.1
User-Agent: selenium/4.8.1 (java windows)
Cache-Control: no-cache
Content-Type: application/json; charset=utf-8
host: localhost:39600
accept: */*

Response DefaultHttpResponse(decodeResult: success, version: HTTP/1.1)
HTTP/1.1 200 OK
Content-Length: 51
Content-Type: application/json; charset=utf-8
cache-control: no-cache

16:10:57.057 [AsyncHttpClient-1-11] DEBUG org.asynchttpclient.netty.channel.ChannelManager - Adding key: http://localhost:39600 for channel [id: 0x9514fcd1, L:/127.0.0.1:50985 - R:localhost/127.0.0.1:39600]
16:10:57.070 [Forwarding getPageSource on session 5a41b0a5ccc481175ae54143d417e5dc to remote] DEBUG org.asynchttpclient.netty.request.NettyRequestSender - Using pooled Channel '[id: 0x9514fcd1, L:/127.0.0.1:50985 - R:localhost/127.0.0.1:39600]' for 'POST' to 'http://localhost:39600/session/5a41b0a5ccc481175ae54143d417e5dc/execute/sync'
16:10:57.070 [Forwarding getPageSource on session 5a41b0a5ccc481175ae54143d417e5dc to remote] DEBUG org.asynchttpclient.netty.request.NettyRequestSender - Using open Channel [id: 0x9514fcd1, L:/127.0.0.1:50985 - R:localhost/127.0.0.1:39600] for POST '/session/5a41b0a5ccc481175ae54143d417e5dc/execute/sync'
16:10:57.074 [AsyncHttpClient-1-11] DEBUG org.asynchttpclient.netty.handler.HttpHandler - 

Request DefaultHttpRequest(decodeResult: success, version: HTTP/1.1)
POST /session/5a41b0a5ccc481175ae54143d417e5dc/execute/sync HTTP/1.1
User-Agent: selenium/4.8.1 (java windows)
Content-Length: 176
Content-Type: application/json; charset=utf-8
host: localhost:39600
accept: */*

Response DefaultHttpResponse(decodeResult: success, version: HTTP/1.1)
HTTP/1.1 200 OK
Content-Length: 21659
Content-Type: application/json; charset=utf-8
cache-control: no-cache

16:10:57.074 [AsyncHttpClient-1-11] DEBUG org.asynchttpclient.netty.channel.ChannelManager - Adding key: http://localhost:39600 for channel [id: 0x9514fcd1, L:/127.0.0.1:50985 - R:localhost/127.0.0.1:39600]
16:10:57.075 [Forwarding getCurrentUrl on session 5a41b0a5ccc481175ae54143d417e5dc to remote] DEBUG org.asynchttpclient.netty.request.NettyRequestSender - Using pooled Channel '[id: 0x9514fcd1, L:/127.0.0.1:50985 - R:localhost/127.0.0.1:39600]' for 'GET' to 'http://localhost:39600/session/5a41b0a5ccc481175ae54143d417e5dc/url'
16:10:57.075 [Forwarding getCurrentUrl on session 5a41b0a5ccc481175ae54143d417e5dc to remote] DEBUG org.asynchttpclient.netty.request.NettyRequestSender - Using open Channel [id: 0x9514fcd1, L:/127.0.0.1:50985 - R:localhost/127.0.0.1:39600] for GET '/session/5a41b0a5ccc481175ae54143d417e5dc/url'
16:10:57.078 [AsyncHttpClient-1-11] DEBUG org.asynchttpclient.netty.handler.HttpHandler - 

Request DefaultFullHttpRequest(decodeResult: success, version: HTTP/1.1, content: EmptyByteBufBE)
GET /session/5a41b0a5ccc481175ae54143d417e5dc/url HTTP/1.1
User-Agent: selenium/4.8.1 (java windows)
Cache-Control: no-cache
Content-Type: application/json; charset=utf-8
host: localhost:39600
accept: */*

Response DefaultHttpResponse(decodeResult: success, version: HTTP/1.1)
HTTP/1.1 200 OK
Content-Length: 51
Content-Type: application/json; charset=utf-8
cache-control: no-cache

16:10:57.078 [AsyncHttpClient-1-11] DEBUG org.asynchttpclient.netty.channel.ChannelManager - Adding key: http://localhost:39600 for channel [id: 0x9514fcd1, L:/127.0.0.1:50985 - R:localhost/127.0.0.1:39600]
16:10:57.080 [main] DEBUG net.thucydides.core.steps.StepInterceptor - STARTING STEP: RegisterSteps.clickLoginButton - clickRegisterLink
16:10:57.081 [Forwarding findElement on session 5a41b0a5ccc481175ae54143d417e5dc to remote] DEBUG org.asynchttpclient.netty.request.NettyRequestSender - Using pooled Channel '[id: 0x9514fcd1, L:/127.0.0.1:50985 - R:localhost/127.0.0.1:39600]' for 'POST' to 'http://localhost:39600/session/5a41b0a5ccc481175ae54143d417e5dc/element'
16:10:57.081 [Forwarding findElement on session 5a41b0a5ccc481175ae54143d417e5dc to remote] DEBUG org.asynchttpclient.netty.request.NettyRequestSender - Using open Channel [id: 0x9514fcd1, L:/127.0.0.1:50985 - R:localhost/127.0.0.1:39600] for POST '/session/5a41b0a5ccc481175ae54143d417e5dc/element'
16:10:57.091 [AsyncHttpClient-1-11] DEBUG org.asynchttpclient.netty.handler.HttpHandler - 

Request DefaultHttpRequest(decodeResult: success, version: HTTP/1.1)
POST /session/5a41b0a5ccc481175ae54143d417e5dc/element HTTP/1.1
User-Agent: selenium/4.8.1 (java windows)
Content-Length: 84
Content-Type: application/json; charset=utf-8
host: localhost:39600
accept: */*

Response DefaultHttpResponse(decodeResult: success, version: HTTP/1.1)
HTTP/1.1 200 OK
Content-Length: 88
Content-Type: application/json; charset=utf-8
cache-control: no-cache

16:10:57.091 [AsyncHttpClient-1-11] DEBUG org.asynchttpclient.netty.channel.ChannelManager - Adding key: http://localhost:39600 for channel [id: 0x9514fcd1, L:/127.0.0.1:50985 - R:localhost/127.0.0.1:39600]
16:10:57.092 [Forwarding getElementTagName on session 5a41b0a5ccc481175ae54143d417e5dc to remote] DEBUG org.asynchttpclient.netty.request.NettyRequestSender - Using pooled Channel '[id: 0x9514fcd1, L:/127.0.0.1:50985 - R:localhost/127.0.0.1:39600]' for 'GET' to 'http://localhost:39600/session/5a41b0a5ccc481175ae54143d417e5dc/element/46ab2927-2eab-48be-85c3-9ab55a454558/name'
16:10:57.092 [Forwarding getElementTagName on session 5a41b0a5ccc481175ae54143d417e5dc to remote] DEBUG org.asynchttpclient.netty.request.NettyRequestSender - Using open Channel [id: 0x9514fcd1, L:/127.0.0.1:50985 - R:localhost/127.0.0.1:39600] for GET '/session/5a41b0a5ccc481175ae54143d417e5dc/element/46ab2927-2eab-48be-85c3-9ab55a454558/name'
16:10:57.095 [AsyncHttpClient-1-11] DEBUG org.asynchttpclient.netty.handler.HttpHandler - 

Request DefaultFullHttpRequest(decodeResult: success, version: HTTP/1.1, content: EmptyByteBufBE)
GET /session/5a41b0a5ccc481175ae54143d417e5dc/element/46ab2927-2eab-48be-85c3-9ab55a454558/name HTTP/1.1
User-Agent: selenium/4.8.1 (java windows)
Cache-Control: no-cache
Content-Type: application/json; charset=utf-8
host: localhost:39600
accept: */*

Response DefaultHttpResponse(decodeResult: success, version: HTTP/1.1)
HTTP/1.1 200 OK
Content-Length: 13
Content-Type: application/json; charset=utf-8
cache-control: no-cache

16:10:57.095 [AsyncHttpClient-1-11] DEBUG org.asynchttpclient.netty.channel.ChannelManager - Adding key: http://localhost:39600 for channel [id: 0x9514fcd1, L:/127.0.0.1:50985 - R:localhost/127.0.0.1:39600]
16:10:57.096 [Forwarding getElementTagName on session 5a41b0a5ccc481175ae54143d417e5dc to remote] DEBUG org.asynchttpclient.netty.request.NettyRequestSender - Using pooled Channel '[id: 0x9514fcd1, L:/127.0.0.1:50985 - R:localhost/127.0.0.1:39600]' for 'GET' to 'http://localhost:39600/session/5a41b0a5ccc481175ae54143d417e5dc/element/46ab2927-2eab-48be-85c3-9ab55a454558/name'
16:10:57.096 [Forwarding getElementTagName on session 5a41b0a5ccc481175ae54143d417e5dc to remote] DEBUG org.asynchttpclient.netty.request.NettyRequestSender - Using open Channel [id: 0x9514fcd1, L:/127.0.0.1:50985 - R:localhost/127.0.0.1:39600] for GET '/session/5a41b0a5ccc481175ae54143d417e5dc/element/46ab2927-2eab-48be-85c3-9ab55a454558/name'
16:10:57.101 [AsyncHttpClient-1-11] DEBUG org.asynchttpclient.netty.handler.HttpHandler - 

Request DefaultFullHttpRequest(decodeResult: success, version: HTTP/1.1, content: EmptyByteBufBE)
GET /session/5a41b0a5ccc481175ae54143d417e5dc/element/46ab2927-2eab-48be-85c3-9ab55a454558/name HTTP/1.1
User-Agent: selenium/4.8.1 (java windows)
Cache-Control: no-cache
Content-Type: application/json; charset=utf-8
host: localhost:39600
accept: */*

Response DefaultHttpResponse(decodeResult: success, version: HTTP/1.1)
HTTP/1.1 200 OK
Content-Length: 13
Content-Type: application/json; charset=utf-8
cache-control: no-cache

16:10:57.101 [AsyncHttpClient-1-11] DEBUG org.asynchttpclient.netty.channel.ChannelManager - Adding key: http://localhost:39600 for channel [id: 0x9514fcd1, L:/127.0.0.1:50985 - R:localhost/127.0.0.1:39600]
16:10:57.103 [Forwarding findElement on session 5a41b0a5ccc481175ae54143d417e5dc to remote] DEBUG org.asynchttpclient.netty.request.NettyRequestSender - Using pooled Channel '[id: 0x9514fcd1, L:/127.0.0.1:50985 - R:localhost/127.0.0.1:39600]' for 'POST' to 'http://localhost:39600/session/5a41b0a5ccc481175ae54143d417e5dc/element'
16:10:57.103 [Forwarding findElement on session 5a41b0a5ccc481175ae54143d417e5dc to remote] DEBUG org.asynchttpclient.netty.request.NettyRequestSender - Using open Channel [id: 0x9514fcd1, L:/127.0.0.1:50985 - R:localhost/127.0.0.1:39600] for POST '/session/5a41b0a5ccc481175ae54143d417e5dc/element'
16:10:57.108 [AsyncHttpClient-1-11] DEBUG org.asynchttpclient.netty.handler.HttpHandler - 

Request DefaultHttpRequest(decodeResult: success, version: HTTP/1.1)
POST /session/5a41b0a5ccc481175ae54143d417e5dc/element HTTP/1.1
User-Agent: selenium/4.8.1 (java windows)
Content-Length: 84
Content-Type: application/json; charset=utf-8
host: localhost:39600
accept: */*

Response DefaultHttpResponse(decodeResult: success, version: HTTP/1.1)
HTTP/1.1 200 OK
Content-Length: 88
Content-Type: application/json; charset=utf-8
cache-control: no-cache

16:10:57.108 [AsyncHttpClient-1-11] DEBUG org.asynchttpclient.netty.channel.ChannelManager - Adding key: http://localhost:39600 for channel [id: 0x9514fcd1, L:/127.0.0.1:50985 - R:localhost/127.0.0.1:39600]
16:10:57.109 [Forwarding clickElement on session 5a41b0a5ccc481175ae54143d417e5dc to remote] DEBUG org.asynchttpclient.netty.request.NettyRequestSender - Using pooled Channel '[id: 0x9514fcd1, L:/127.0.0.1:50985 - R:localhost/127.0.0.1:39600]' for 'POST' to 'http://localhost:39600/session/5a41b0a5ccc481175ae54143d417e5dc/element/46ab2927-2eab-48be-85c3-9ab55a454558/click'
16:10:57.109 [Forwarding clickElement on session 5a41b0a5ccc481175ae54143d417e5dc to remote] DEBUG org.asynchttpclient.netty.request.NettyRequestSender - Using open Channel [id: 0x9514fcd1, L:/127.0.0.1:50985 - R:localhost/127.0.0.1:39600] for POST '/session/5a41b0a5ccc481175ae54143d417e5dc/element/46ab2927-2eab-48be-85c3-9ab55a454558/click'
16:10:57.149 [AsyncHttpClient-1-11] DEBUG org.asynchttpclient.netty.handler.HttpHandler - 

Request DefaultHttpRequest(decodeResult: success, version: HTTP/1.1)
POST /session/5a41b0a5ccc481175ae54143d417e5dc/element/46ab2927-2eab-48be-85c3-9ab55a454558/click HTTP/1.1
User-Agent: selenium/4.8.1 (java windows)
Content-Length: 50
Content-Type: application/json; charset=utf-8
host: localhost:39600
accept: */*

Response DefaultHttpResponse(decodeResult: success, version: HTTP/1.1)
HTTP/1.1 200 OK
Content-Length: 14
Content-Type: application/json; charset=utf-8
cache-control: no-cache

16:10:57.149 [AsyncHttpClient-1-11] DEBUG org.asynchttpclient.netty.channel.ChannelManager - Adding key: http://localhost:39600 for channel [id: 0x9514fcd1, L:/127.0.0.1:50985 - R:localhost/127.0.0.1:39600]
16:10:57.153 [Forwarding getAlertText on session 5a41b0a5ccc481175ae54143d417e5dc to remote] DEBUG org.asynchttpclient.netty.request.NettyRequestSender - Using pooled Channel '[id: 0x9514fcd1, L:/127.0.0.1:50985 - R:localhost/127.0.0.1:39600]' for 'GET' to 'http://localhost:39600/session/5a41b0a5ccc481175ae54143d417e5dc/alert/text'
16:10:57.153 [Forwarding getAlertText on session 5a41b0a5ccc481175ae54143d417e5dc to remote] DEBUG org.asynchttpclient.netty.request.NettyRequestSender - Using open Channel [id: 0x9514fcd1, L:/127.0.0.1:50985 - R:localhost/127.0.0.1:39600] for GET '/session/5a41b0a5ccc481175ae54143d417e5dc/alert/text'
16:10:57.155 [AsyncHttpClient-1-11] DEBUG org.asynchttpclient.netty.handler.HttpHandler - 

Request DefaultFullHttpRequest(decodeResult: success, version: HTTP/1.1, content: EmptyByteBufBE)
GET /session/5a41b0a5ccc481175ae54143d417e5dc/alert/text HTTP/1.1
User-Agent: selenium/4.8.1 (java windows)
Cache-Control: no-cache
Content-Type: application/json; charset=utf-8
host: localhost:39600
accept: */*

Response DefaultHttpResponse(decodeResult: success, version: HTTP/1.1)
HTTP/1.1 404 Not Found
Content-Length: 836
Content-Type: application/json; charset=utf-8
cache-control: no-cache

16:10:57.155 [AsyncHttpClient-1-11] DEBUG org.asynchttpclient.netty.channel.ChannelManager - Adding key: http://localhost:39600 for channel [id: 0x9514fcd1, L:/127.0.0.1:50985 - R:localhost/127.0.0.1:39600]
16:10:57.156 [Forwarding getCurrentUrl on session 5a41b0a5ccc481175ae54143d417e5dc to remote] DEBUG org.asynchttpclient.netty.request.NettyRequestSender - Using pooled Channel '[id: 0x9514fcd1, L:/127.0.0.1:50985 - R:localhost/127.0.0.1:39600]' for 'GET' to 'http://localhost:39600/session/5a41b0a5ccc481175ae54143d417e5dc/url'
16:10:57.156 [Forwarding getCurrentUrl on session 5a41b0a5ccc481175ae54143d417e5dc to remote] DEBUG org.asynchttpclient.netty.request.NettyRequestSender - Using open Channel [id: 0x9514fcd1, L:/127.0.0.1:50985 - R:localhost/127.0.0.1:39600] for GET '/session/5a41b0a5ccc481175ae54143d417e5dc/url'
16:10:57.159 [AsyncHttpClient-1-11] DEBUG org.asynchttpclient.netty.handler.HttpHandler - 

Request DefaultFullHttpRequest(decodeResult: success, version: HTTP/1.1, content: EmptyByteBufBE)
GET /session/5a41b0a5ccc481175ae54143d417e5dc/url HTTP/1.1
User-Agent: selenium/4.8.1 (java windows)
Cache-Control: no-cache
Content-Type: application/json; charset=utf-8
host: localhost:39600
accept: */*

Response DefaultHttpResponse(decodeResult: success, version: HTTP/1.1)
HTTP/1.1 200 OK
Content-Length: 54
Content-Type: application/json; charset=utf-8
cache-control: no-cache

16:10:57.160 [AsyncHttpClient-1-11] DEBUG org.asynchttpclient.netty.channel.ChannelManager - Adding key: http://localhost:39600 for channel [id: 0x9514fcd1, L:/127.0.0.1:50985 - R:localhost/127.0.0.1:39600]
16:10:57.161 [Forwarding screenshot on session 5a41b0a5ccc481175ae54143d417e5dc to remote] DEBUG org.asynchttpclient.netty.request.NettyRequestSender - Using pooled Channel '[id: 0x9514fcd1, L:/127.0.0.1:50985 - R:localhost/127.0.0.1:39600]' for 'GET' to 'http://localhost:39600/session/5a41b0a5ccc481175ae54143d417e5dc/screenshot'
16:10:57.161 [Forwarding screenshot on session 5a41b0a5ccc481175ae54143d417e5dc to remote] DEBUG org.asynchttpclient.netty.request.NettyRequestSender - Using open Channel [id: 0x9514fcd1, L:/127.0.0.1:50985 - R:localhost/127.0.0.1:39600] for GET '/session/5a41b0a5ccc481175ae54143d417e5dc/screenshot'
16:10:57.253 [AsyncHttpClient-1-11] DEBUG org.asynchttpclient.netty.handler.HttpHandler - 

Request DefaultFullHttpRequest(decodeResult: success, version: HTTP/1.1, content: EmptyByteBufBE)
GET /session/5a41b0a5ccc481175ae54143d417e5dc/screenshot HTTP/1.1
User-Agent: selenium/4.8.1 (java windows)
Cache-Control: no-cache
Content-Type: application/json; charset=utf-8
host: localhost:39600
accept: */*

Response DefaultHttpResponse(decodeResult: success, version: HTTP/1.1)
HTTP/1.1 200 OK
Content-Length: 30264
Content-Type: application/json; charset=utf-8
cache-control: no-cache

16:10:57.253 [AsyncHttpClient-1-11] DEBUG org.asynchttpclient.netty.channel.ChannelManager - Adding key: http://localhost:39600 for channel [id: 0x9514fcd1, L:/127.0.0.1:50985 - R:localhost/127.0.0.1:39600]
16:10:57.254 [main] DEBUG net.serenitybdd.core.photography.Darkroom - Send negative for processing for target\site\serenity\d432ab80bb705fbdd414b0384162f9650cf27ab342d38ab529be7b6c5a37c150.png
16:10:57.255 [main] DEBUG net.thucydides.core.steps.StepInterceptor - STEP DONE: clickRegisterLink
  &amp#27;[32mWhen &amp#27;[0m&amp#27;[32mI go to the alta-shop register page&amp#27;[0m     &amp#27;[90m# starter.stepdefinitions.RegisterSteps.clickLoginButton()&amp#27;[0m
16:10:57.255 [Darkroom Processing Line] DEBUG net.serenitybdd.core.photography.DarkroomProcessingLine - Processing screenshot image in /var/screenshots/screenshot-6224282647731706940
16:10:57.255 [Darkroom Processing Line] DEBUG net.serenitybdd.core.photography.DarkroomProcessingLine - Saving screenshot to target\site\serenity\d432ab80bb705fbdd414b0384162f9650cf27ab342d38ab529be7b6c5a37c150.png
16:10:57.261 [Forwarding getPageSource on session 5a41b0a5ccc481175ae54143d417e5dc to remote] DEBUG org.asynchttpclient.netty.request.NettyRequestSender - Using pooled Channel '[id: 0x9514fcd1, L:/127.0.0.1:50985 - R:localhost/127.0.0.1:39600]' for 'POST' to 'http://localhost:39600/session/5a41b0a5ccc481175ae54143d417e5dc/execute/sync'
16:10:57.261 [Forwarding getPageSource on session 5a41b0a5ccc481175ae54143d417e5dc to remote] DEBUG org.asynchttpclient.netty.request.NettyRequestSender - Using open Channel [id: 0x9514fcd1, L:/127.0.0.1:50985 - R:localhost/127.0.0.1:39600] for POST '/session/5a41b0a5ccc481175ae54143d417e5dc/execute/sync'
16:10:57.265 [AsyncHttpClient-1-11] DEBUG org.asynchttpclient.netty.handler.HttpHandler - 

Request DefaultHttpRequest(decodeResult: success, version: HTTP/1.1)
POST /session/5a41b0a5ccc481175ae54143d417e5dc/execute/sync HTTP/1.1
User-Agent: selenium/4.8.1 (java windows)
Content-Length: 176
Content-Type: application/json; charset=utf-8
host: localhost:39600
accept: */*

Response DefaultHttpResponse(decodeResult: success, version: HTTP/1.1)
HTTP/1.1 200 OK
Content-Length: 22314
Content-Type: application/json; charset=utf-8
cache-control: no-cache

16:10:57.265 [AsyncHttpClient-1-11] DEBUG org.asynchttpclient.netty.channel.ChannelManager - Adding key: http://localhost:39600 for channel [id: 0x9514fcd1, L:/127.0.0.1:50985 - R:localhost/127.0.0.1:39600]
16:10:57.267 [Forwarding getCurrentUrl on session 5a41b0a5ccc481175ae54143d417e5dc to remote] DEBUG org.asynchttpclient.netty.request.NettyRequestSender - Using pooled Channel '[id: 0x9514fcd1, L:/127.0.0.1:50985 - R:localhost/127.0.0.1:39600]' for 'GET' to 'http://localhost:39600/session/5a41b0a5ccc481175ae54143d417e5dc/url'
16:10:57.267 [Forwarding getCurrentUrl on session 5a41b0a5ccc481175ae54143d417e5dc to remote] DEBUG org.asynchttpclient.netty.request.NettyRequestSender - Using open Channel [id: 0x9514fcd1, L:/127.0.0.1:50985 - R:localhost/127.0.0.1:39600] for GET '/session/5a41b0a5ccc481175ae54143d417e5dc/url'
16:10:57.269 [AsyncHttpClient-1-11] DEBUG org.asynchttpclient.netty.handler.HttpHandler - 

Request DefaultFullHttpRequest(decodeResult: success, version: HTTP/1.1, content: EmptyByteBufBE)
GET /session/5a41b0a5ccc481175ae54143d417e5dc/url HTTP/1.1
User-Agent: selenium/4.8.1 (java windows)
Cache-Control: no-cache
Content-Type: application/json; charset=utf-8
host: localhost:39600
accept: */*

Response DefaultHttpResponse(decodeResult: success, version: HTTP/1.1)
HTTP/1.1 200 OK
Content-Length: 54
Content-Type: application/json; charset=utf-8
cache-control: no-cache

16:10:57.270 [AsyncHttpClient-1-11] DEBUG org.asynchttpclient.netty.channel.ChannelManager - Adding key: http://localhost:39600 for channel [id: 0x9514fcd1, L:/127.0.0.1:50985 - R:localhost/127.0.0.1:39600]
16:10:57.276 [Forwarding getPageSource on session 5a41b0a5ccc481175ae54143d417e5dc to remote] DEBUG org.asynchttpclient.netty.request.NettyRequestSender - Using pooled Channel '[id: 0x9514fcd1, L:/127.0.0.1:50985 - R:localhost/127.0.0.1:39600]' for 'POST' to 'http://localhost:39600/session/5a41b0a5ccc481175ae54143d417e5dc/execute/sync'
16:10:57.276 [Forwarding getPageSource on session 5a41b0a5ccc481175ae54143d417e5dc to remote] DEBUG org.asynchttpclient.netty.request.NettyRequestSender - Using open Channel [id: 0x9514fcd1, L:/127.0.0.1:50985 - R:localhost/127.0.0.1:39600] for POST '/session/5a41b0a5ccc481175ae54143d417e5dc/execute/sync'
16:10:57.281 [AsyncHttpClient-1-11] DEBUG org.asynchttpclient.netty.handler.HttpHandler - 

Request DefaultHttpRequest(decodeResult: success, version: HTTP/1.1)
POST /session/5a41b0a5ccc481175ae54143d417e5dc/execute/sync HTTP/1.1
User-Agent: selenium/4.8.1 (java windows)
Content-Length: 176
Content-Type: application/json; charset=utf-8
host: localhost:39600
accept: */*

Response DefaultHttpResponse(decodeResult: success, version: HTTP/1.1)
HTTP/1.1 200 OK
Content-Length: 22314
Content-Type: application/json; charset=utf-8
cache-control: no-cache

16:10:57.281 [AsyncHttpClient-1-11] DEBUG org.asynchttpclient.netty.channel.ChannelManager - Adding key: http://localhost:39600 for channel [id: 0x9514fcd1, L:/127.0.0.1:50985 - R:localhost/127.0.0.1:39600]
16:10:57.283 [Forwarding getCurrentUrl on session 5a41b0a5ccc481175ae54143d417e5dc to remote] DEBUG org.asynchttpclient.netty.request.NettyRequestSender - Using pooled Channel '[id: 0x9514fcd1, L:/127.0.0.1:50985 - R:localhost/127.0.0.1:39600]' for 'GET' to 'http://localhost:39600/session/5a41b0a5ccc481175ae54143d417e5dc/url'
16:10:57.283 [Forwarding getCurrentUrl on session 5a41b0a5ccc481175ae54143d417e5dc to remote] DEBUG org.asynchttpclient.netty.request.NettyRequestSender - Using open Channel [id: 0x9514fcd1, L:/127.0.0.1:50985 - R:localhost/127.0.0.1:39600] for GET '/session/5a41b0a5ccc481175ae54143d417e5dc/url'
16:10:57.286 [AsyncHttpClient-1-11] DEBUG org.asynchttpclient.netty.handler.HttpHandler - 

Request DefaultFullHttpRequest(decodeResult: success, version: HTTP/1.1, content: EmptyByteBufBE)
GET /session/5a41b0a5ccc481175ae54143d417e5dc/url HTTP/1.1
User-Agent: selenium/4.8.1 (java windows)
Cache-Control: no-cache
Content-Type: application/json; charset=utf-8
host: localhost:39600
accept: */*

Response DefaultHttpResponse(decodeResult: success, version: HTTP/1.1)
HTTP/1.1 200 OK
Content-Length: 54
Content-Type: application/json; charset=utf-8
cache-control: no-cache

16:10:57.286 [AsyncHttpClient-1-11] DEBUG org.asynchttpclient.netty.channel.ChannelManager - Adding key: http://localhost:39600 for channel [id: 0x9514fcd1, L:/127.0.0.1:50985 - R:localhost/127.0.0.1:39600]
16:10:57.288 [main] DEBUG net.thucydides.core.steps.StepInterceptor - STARTING STEP: RegisterSteps.inputFullnameReg - inputFullnameReg
16:10:57.290 [Forwarding findElement on session 5a41b0a5ccc481175ae54143d417e5dc to remote] DEBUG org.asynchttpclient.netty.request.NettyRequestSender - Using pooled Channel '[id: 0x9514fcd1, L:/127.0.0.1:50985 - R:localhost/127.0.0.1:39600]' for 'POST' to 'http://localhost:39600/session/5a41b0a5ccc481175ae54143d417e5dc/element'
16:10:57.290 [Forwarding findElement on session 5a41b0a5ccc481175ae54143d417e5dc to remote] DEBUG org.asynchttpclient.netty.request.NettyRequestSender - Using open Channel [id: 0x9514fcd1, L:/127.0.0.1:50985 - R:localhost/127.0.0.1:39600] for POST '/session/5a41b0a5ccc481175ae54143d417e5dc/element'
16:10:57.297 [AsyncHttpClient-1-11] DEBUG org.asynchttpclient.netty.handler.HttpHandler - 

Request DefaultHttpRequest(decodeResult: success, version: HTTP/1.1)
POST /session/5a41b0a5ccc481175ae54143d417e5dc/element HTTP/1.1
User-Agent: selenium/4.8.1 (java windows)
Content-Length: 55
Content-Type: application/json; charset=utf-8
host: localhost:39600
accept: */*

Response DefaultHttpResponse(decodeResult: success, version: HTTP/1.1)
HTTP/1.1 200 OK
Content-Length: 88
Content-Type: application/json; charset=utf-8
cache-control: no-cache

16:10:57.297 [AsyncHttpClient-1-11] DEBUG org.asynchttpclient.netty.channel.ChannelManager - Adding key: http://localhost:39600 for channel [id: 0x9514fcd1, L:/127.0.0.1:50985 - R:localhost/127.0.0.1:39600]
16:10:57.299 [Forwarding clearElement on session 5a41b0a5ccc481175ae54143d417e5dc to remote] DEBUG org.asynchttpclient.netty.request.NettyRequestSender - Using pooled Channel '[id: 0x9514fcd1, L:/127.0.0.1:50985 - R:localhost/127.0.0.1:39600]' for 'POST' to 'http://localhost:39600/session/5a41b0a5ccc481175ae54143d417e5dc/element/784a4b9e-164a-4870-9460-19d2abb9a4da/clear'
16:10:57.299 [Forwarding clearElement on session 5a41b0a5ccc481175ae54143d417e5dc to remote] DEBUG org.asynchttpclient.netty.request.NettyRequestSender - Using open Channel [id: 0x9514fcd1, L:/127.0.0.1:50985 - R:localhost/127.0.0.1:39600] for POST '/session/5a41b0a5ccc481175ae54143d417e5dc/element/784a4b9e-164a-4870-9460-19d2abb9a4da/clear'
16:10:57.324 [AsyncHttpClient-1-11] DEBUG org.asynchttpclient.netty.handler.HttpHandler - 

Request DefaultHttpRequest(decodeResult: success, version: HTTP/1.1)
POST /session/5a41b0a5ccc481175ae54143d417e5dc/element/784a4b9e-164a-4870-9460-19d2abb9a4da/clear HTTP/1.1
User-Agent: selenium/4.8.1 (java windows)
Content-Length: 50
Content-Type: application/json; charset=utf-8
host: localhost:39600
accept: */*

Response DefaultHttpResponse(decodeResult: success, version: HTTP/1.1)
HTTP/1.1 200 OK
Content-Length: 14
Content-Type: application/json; charset=utf-8
cache-control: no-cache

16:10:57.325 [AsyncHttpClient-1-11] DEBUG org.asynchttpclient.netty.channel.ChannelManager - Adding key: http://localhost:39600 for channel [id: 0x9514fcd1, L:/127.0.0.1:50985 - R:localhost/127.0.0.1:39600]
16:10:57.326 [Forwarding sendKeysToElement on session 5a41b0a5ccc481175ae54143d417e5dc to remote] DEBUG org.asynchttpclient.netty.request.NettyRequestSender - Using pooled Channel '[id: 0x9514fcd1, L:/127.0.0.1:50985 - R:localhost/127.0.0.1:39600]' for 'POST' to 'http://localhost:39600/session/5a41b0a5ccc481175ae54143d417e5dc/element/784a4b9e-164a-4870-9460-19d2abb9a4da/value'
16:10:57.326 [Forwarding sendKeysToElement on session 5a41b0a5ccc481175ae54143d417e5dc to remote] DEBUG org.asynchttpclient.netty.request.NettyRequestSender - Using open Channel [id: 0x9514fcd1, L:/127.0.0.1:50985 - R:localhost/127.0.0.1:39600] for POST '/session/5a41b0a5ccc481175ae54143d417e5dc/element/784a4b9e-164a-4870-9460-19d2abb9a4da/value'
16:10:57.367 [AsyncHttpClient-1-11] DEBUG org.asynchttpclient.netty.handler.HttpHandler - 

Request DefaultHttpRequest(decodeResult: success, version: HTTP/1.1)
POST /session/5a41b0a5ccc481175ae54143d417e5dc/element/784a4b9e-164a-4870-9460-19d2abb9a4da/value HTTP/1.1
User-Agent: selenium/4.8.1 (java windows)
Content-Length: 101
Content-Type: application/json; charset=utf-8
host: localhost:39600
accept: */*

Response DefaultHttpResponse(decodeResult: success, version: HTTP/1.1)
HTTP/1.1 200 OK
Content-Length: 14
Content-Type: application/json; charset=utf-8
cache-control: no-cache

16:10:57.367 [AsyncHttpClient-1-11] DEBUG org.asynchttpclient.netty.channel.ChannelManager - Adding key: http://localhost:39600 for channel [id: 0x9514fcd1, L:/127.0.0.1:50985 - R:localhost/127.0.0.1:39600]
16:10:57.371 [Forwarding getAlertText on session 5a41b0a5ccc481175ae54143d417e5dc to remote] DEBUG org.asynchttpclient.netty.request.NettyRequestSender - Using pooled Channel '[id: 0x9514fcd1, L:/127.0.0.1:50985 - R:localhost/127.0.0.1:39600]' for 'GET' to 'http://localhost:39600/session/5a41b0a5ccc481175ae54143d417e5dc/alert/text'
16:10:57.372 [Forwarding getAlertText on session 5a41b0a5ccc481175ae54143d417e5dc to remote] DEBUG org.asynchttpclient.netty.request.NettyRequestSender - Using open Channel [id: 0x9514fcd1, L:/127.0.0.1:50985 - R:localhost/127.0.0.1:39600] for GET '/session/5a41b0a5ccc481175ae54143d417e5dc/alert/text'
16:10:57.373 [AsyncHttpClient-1-11] DEBUG org.asynchttpclient.netty.handler.HttpHandler - 

Request DefaultFullHttpRequest(decodeResult: success, version: HTTP/1.1, content: EmptyByteBufBE)
GET /session/5a41b0a5ccc481175ae54143d417e5dc/alert/text HTTP/1.1
User-Agent: selenium/4.8.1 (java windows)
Cache-Control: no-cache
Content-Type: application/json; charset=utf-8
host: localhost:39600
accept: */*

Response DefaultHttpResponse(decodeResult: success, version: HTTP/1.1)
HTTP/1.1 404 Not Found
Content-Length: 836
Content-Type: application/json; charset=utf-8
cache-control: no-cache

16:10:57.373 [AsyncHttpClient-1-11] DEBUG org.asynchttpclient.netty.channel.ChannelManager - Adding key: http://localhost:39600 for channel [id: 0x9514fcd1, L:/127.0.0.1:50985 - R:localhost/127.0.0.1:39600]
16:10:57.374 [Forwarding getCurrentUrl on session 5a41b0a5ccc481175ae54143d417e5dc to remote] DEBUG org.asynchttpclient.netty.request.NettyRequestSender - Using pooled Channel '[id: 0x9514fcd1, L:/127.0.0.1:50985 - R:localhost/127.0.0.1:39600]' for 'GET' to 'http://localhost:39600/session/5a41b0a5ccc481175ae54143d417e5dc/url'
16:10:57.374 [Forwarding getCurrentUrl on session 5a41b0a5ccc481175ae54143d417e5dc to remote] DEBUG org.asynchttpclient.netty.request.NettyRequestSender - Using open Channel [id: 0x9514fcd1, L:/127.0.0.1:50985 - R:localhost/127.0.0.1:39600] for GET '/session/5a41b0a5ccc481175ae54143d417e5dc/url'
16:10:57.378 [AsyncHttpClient-1-11] DEBUG org.asynchttpclient.netty.handler.HttpHandler - 

Request DefaultFullHttpRequest(decodeResult: success, version: HTTP/1.1, content: EmptyByteBufBE)
GET /session/5a41b0a5ccc481175ae54143d417e5dc/url HTTP/1.1
User-Agent: selenium/4.8.1 (java windows)
Cache-Control: no-cache
Content-Type: application/json; charset=utf-8
host: localhost:39600
accept: */*

Response DefaultHttpResponse(decodeResult: success, version: HTTP/1.1)
HTTP/1.1 200 OK
Content-Length: 54
Content-Type: application/json; charset=utf-8
cache-control: no-cache

16:10:57.378 [AsyncHttpClient-1-11] DEBUG org.asynchttpclient.netty.channel.ChannelManager - Adding key: http://localhost:39600 for channel [id: 0x9514fcd1, L:/127.0.0.1:50985 - R:localhost/127.0.0.1:39600]
16:10:57.379 [Forwarding screenshot on session 5a41b0a5ccc481175ae54143d417e5dc to remote] DEBUG org.asynchttpclient.netty.request.NettyRequestSender - Using pooled Channel '[id: 0x9514fcd1, L:/127.0.0.1:50985 - R:localhost/127.0.0.1:39600]' for 'GET' to 'http://localhost:39600/session/5a41b0a5ccc481175ae54143d417e5dc/screenshot'
16:10:57.379 [Forwarding screenshot on session 5a41b0a5ccc481175ae54143d417e5dc to remote] DEBUG org.asynchttpclient.netty.request.NettyRequestSender - Using open Channel [id: 0x9514fcd1, L:/127.0.0.1:50985 - R:localhost/127.0.0.1:39600] for GET '/session/5a41b0a5ccc481175ae54143d417e5dc/screenshot'
16:10:57.503 [AsyncHttpClient-1-11] DEBUG org.asynchttpclient.netty.handler.HttpHandler - 

Request DefaultFullHttpRequest(decodeResult: success, version: HTTP/1.1, content: EmptyByteBufBE)
GET /session/5a41b0a5ccc481175ae54143d417e5dc/screenshot HTTP/1.1
User-Agent: selenium/4.8.1 (java windows)
Cache-Control: no-cache
Content-Type: application/json; charset=utf-8
host: localhost:39600
accept: */*

Response DefaultHttpResponse(decodeResult: success, version: HTTP/1.1)
HTTP/1.1 200 OK
Content-Length: 30260
Content-Type: application/json; charset=utf-8
cache-control: no-cache

16:10:57.504 [AsyncHttpClient-1-11] DEBUG org.asynchttpclient.netty.channel.ChannelManager - Adding key: http://localhost:39600 for channel [id: 0x9514fcd1, L:/127.0.0.1:50985 - R:localhost/127.0.0.1:39600]
16:10:57.505 [main] DEBUG net.serenitybdd.core.photography.Darkroom - Send negative for processing for target\site\serenity\d86c005c8744f65f5b90ceb88b7cedcbfd313ac9e541ef54333348529ebc7a80.png
16:10:57.506 [main] DEBUG net.thucydides.core.steps.StepInterceptor - STEP DONE: inputFullnameReg
16:10:57.506 [Darkroom Processing Line] DEBUG net.serenitybdd.core.photography.DarkroomProcessingLine - Processing screenshot image in /var/screenshots/screenshot-9800869440071282303
16:10:57.506 [Darkroom Processing Line] DEBUG net.serenitybdd.core.photography.DarkroomProcessingLine - Saving screenshot to target\site\serenity\d86c005c8744f65f5b90ceb88b7cedcbfd313ac9e541ef54333348529ebc7a80.png
  &amp#27;[32mAnd &amp#27;[0m&amp#27;[32mI input correct fullname for register&amp#27;[0m    &amp#27;[90m# starter.stepdefinitions.RegisterSteps.inputFullnameReg()&amp#27;[0m
16:10:57.512 [Forwarding getPageSource on session 5a41b0a5ccc481175ae54143d417e5dc to remote] DEBUG org.asynchttpclient.netty.request.NettyRequestSender - Using pooled Channel '[id: 0x9514fcd1, L:/127.0.0.1:50985 - R:localhost/127.0.0.1:39600]' for 'POST' to 'http://localhost:39600/session/5a41b0a5ccc481175ae54143d417e5dc/execute/sync'
16:10:57.512 [Forwarding getPageSource on session 5a41b0a5ccc481175ae54143d417e5dc to remote] DEBUG org.asynchttpclient.netty.request.NettyRequestSender - Using open Channel [id: 0x9514fcd1, L:/127.0.0.1:50985 - R:localhost/127.0.0.1:39600] for POST '/session/5a41b0a5ccc481175ae54143d417e5dc/execute/sync'
16:10:57.517 [AsyncHttpClient-1-11] DEBUG org.asynchttpclient.netty.handler.HttpHandler - 

Request DefaultHttpRequest(decodeResult: success, version: HTTP/1.1)
POST /session/5a41b0a5ccc481175ae54143d417e5dc/execute/sync HTTP/1.1
User-Agent: selenium/4.8.1 (java windows)
Content-Length: 176
Content-Type: application/json; charset=utf-8
host: localhost:39600
accept: */*

Response DefaultHttpResponse(decodeResult: success, version: HTTP/1.1)
HTTP/1.1 200 OK
Content-Length: 22435
Content-Type: application/json; charset=utf-8
cache-control: no-cache

16:10:57.517 [AsyncHttpClient-1-11] DEBUG org.asynchttpclient.netty.channel.ChannelManager - Adding key: http://localhost:39600 for channel [id: 0x9514fcd1, L:/127.0.0.1:50985 - R:localhost/127.0.0.1:39600]
16:10:57.519 [Forwarding getCurrentUrl on session 5a41b0a5ccc481175ae54143d417e5dc to remote] DEBUG org.asynchttpclient.netty.request.NettyRequestSender - Using pooled Channel '[id: 0x9514fcd1, L:/127.0.0.1:50985 - R:localhost/127.0.0.1:39600]' for 'GET' to 'http://localhost:39600/session/5a41b0a5ccc481175ae54143d417e5dc/url'
16:10:57.519 [Forwarding getCurrentUrl on session 5a41b0a5ccc481175ae54143d417e5dc to remote] DEBUG org.asynchttpclient.netty.request.NettyRequestSender - Using open Channel [id: 0x9514fcd1, L:/127.0.0.1:50985 - R:localhost/127.0.0.1:39600] for GET '/session/5a41b0a5ccc481175ae54143d417e5dc/url'
16:10:57.523 [AsyncHttpClient-1-11] DEBUG org.asynchttpclient.netty.handler.HttpHandler - 

Request DefaultFullHttpRequest(decodeResult: success, version: HTTP/1.1, content: EmptyByteBufBE)
GET /session/5a41b0a5ccc481175ae54143d417e5dc/url HTTP/1.1
User-Agent: selenium/4.8.1 (java windows)
Cache-Control: no-cache
Content-Type: application/json; charset=utf-8
host: localhost:39600
accept: */*

Response DefaultHttpResponse(decodeResult: success, version: HTTP/1.1)
HTTP/1.1 200 OK
Content-Length: 54
Content-Type: application/json; charset=utf-8
cache-control: no-cache

16:10:57.523 [AsyncHttpClient-1-11] DEBUG org.asynchttpclient.netty.channel.ChannelManager - Adding key: http://localhost:39600 for channel [id: 0x9514fcd1, L:/127.0.0.1:50985 - R:localhost/127.0.0.1:39600]
16:10:57.530 [Forwarding getPageSource on session 5a41b0a5ccc481175ae54143d417e5dc to remote] DEBUG org.asynchttpclient.netty.request.NettyRequestSender - Using pooled Channel '[id: 0x9514fcd1, L:/127.0.0.1:50985 - R:localhost/127.0.0.1:39600]' for 'POST' to 'http://localhost:39600/session/5a41b0a5ccc481175ae54143d417e5dc/execute/sync'
16:10:57.530 [Forwarding getPageSource on session 5a41b0a5ccc481175ae54143d417e5dc to remote] DEBUG org.asynchttpclient.netty.request.NettyRequestSender - Using open Channel [id: 0x9514fcd1, L:/127.0.0.1:50985 - R:localhost/127.0.0.1:39600] for POST '/session/5a41b0a5ccc481175ae54143d417e5dc/execute/sync'
16:10:57.534 [AsyncHttpClient-1-11] DEBUG org.asynchttpclient.netty.handler.HttpHandler - 

Request DefaultHttpRequest(decodeResult: success, version: HTTP/1.1)
POST /session/5a41b0a5ccc481175ae54143d417e5dc/execute/sync HTTP/1.1
User-Agent: selenium/4.8.1 (java windows)
Content-Length: 176
Content-Type: application/json; charset=utf-8
host: localhost:39600
accept: */*

Response DefaultHttpResponse(decodeResult: success, version: HTTP/1.1)
HTTP/1.1 200 OK
Content-Length: 22435
Content-Type: application/json; charset=utf-8
cache-control: no-cache

16:10:57.534 [AsyncHttpClient-1-11] DEBUG org.asynchttpclient.netty.channel.ChannelManager - Adding key: http://localhost:39600 for channel [id: 0x9514fcd1, L:/127.0.0.1:50985 - R:localhost/127.0.0.1:39600]
16:10:57.537 [Forwarding getCurrentUrl on session 5a41b0a5ccc481175ae54143d417e5dc to remote] DEBUG org.asynchttpclient.netty.request.NettyRequestSender - Using pooled Channel '[id: 0x9514fcd1, L:/127.0.0.1:50985 - R:localhost/127.0.0.1:39600]' for 'GET' to 'http://localhost:39600/session/5a41b0a5ccc481175ae54143d417e5dc/url'
16:10:57.537 [Forwarding getCurrentUrl on session 5a41b0a5ccc481175ae54143d417e5dc to remote] DEBUG org.asynchttpclient.netty.request.NettyRequestSender - Using open Channel [id: 0x9514fcd1, L:/127.0.0.1:50985 - R:localhost/127.0.0.1:39600] for GET '/session/5a41b0a5ccc481175ae54143d417e5dc/url'
16:10:57.539 [AsyncHttpClient-1-11] DEBUG org.asynchttpclient.netty.handler.HttpHandler - 

Request DefaultFullHttpRequest(decodeResult: success, version: HTTP/1.1, content: EmptyByteBufBE)
GET /session/5a41b0a5ccc481175ae54143d417e5dc/url HTTP/1.1
User-Agent: selenium/4.8.1 (java windows)
Cache-Control: no-cache
Content-Type: application/json; charset=utf-8
host: localhost:39600
accept: */*

Response DefaultHttpResponse(decodeResult: success, version: HTTP/1.1)
HTTP/1.1 200 OK
Content-Length: 54
Content-Type: application/json; charset=utf-8
cache-control: no-cache

16:10:57.539 [AsyncHttpClient-1-11] DEBUG org.asynchttpclient.netty.channel.ChannelManager - Adding key: http://localhost:39600 for channel [id: 0x9514fcd1, L:/127.0.0.1:50985 - R:localhost/127.0.0.1:39600]
16:10:57.541 [main] DEBUG net.thucydides.core.steps.StepInterceptor - STARTING STEP: RegisterSteps.inputEmailReg - inputEmailReg
16:10:57.543 [Forwarding findElement on session 5a41b0a5ccc481175ae54143d417e5dc to remote] DEBUG org.asynchttpclient.netty.request.NettyRequestSender - Using pooled Channel '[id: 0x9514fcd1, L:/127.0.0.1:50985 - R:localhost/127.0.0.1:39600]' for 'POST' to 'http://localhost:39600/session/5a41b0a5ccc481175ae54143d417e5dc/element'
16:10:57.543 [Forwarding findElement on session 5a41b0a5ccc481175ae54143d417e5dc to remote] DEBUG org.asynchttpclient.netty.request.NettyRequestSender - Using open Channel [id: 0x9514fcd1, L:/127.0.0.1:50985 - R:localhost/127.0.0.1:39600] for POST '/session/5a41b0a5ccc481175ae54143d417e5dc/element'
16:10:57.552 [AsyncHttpClient-1-11] DEBUG org.asynchttpclient.netty.handler.HttpHandler - 

Request DefaultHttpRequest(decodeResult: success, version: HTTP/1.1)
POST /session/5a41b0a5ccc481175ae54143d417e5dc/element HTTP/1.1
User-Agent: selenium/4.8.1 (java windows)
Content-Length: 55
Content-Type: application/json; charset=utf-8
host: localhost:39600
accept: */*

Response DefaultHttpResponse(decodeResult: success, version: HTTP/1.1)
HTTP/1.1 200 OK
Content-Length: 88
Content-Type: application/json; charset=utf-8
cache-control: no-cache

16:10:57.552 [AsyncHttpClient-1-11] DEBUG org.asynchttpclient.netty.channel.ChannelManager - Adding key: http://localhost:39600 for channel [id: 0x9514fcd1, L:/127.0.0.1:50985 - R:localhost/127.0.0.1:39600]
16:10:57.553 [Forwarding clearElement on session 5a41b0a5ccc481175ae54143d417e5dc to remote] DEBUG org.asynchttpclient.netty.request.NettyRequestSender - Using pooled Channel '[id: 0x9514fcd1, L:/127.0.0.1:50985 - R:localhost/127.0.0.1:39600]' for 'POST' to 'http://localhost:39600/session/5a41b0a5ccc481175ae54143d417e5dc/element/b6d546b2-4255-44c4-a219-ee6af58f3429/clear'
16:10:57.553 [Forwarding clearElement on session 5a41b0a5ccc481175ae54143d417e5dc to remote] DEBUG org.asynchttpclient.netty.request.NettyRequestSender - Using open Channel [id: 0x9514fcd1, L:/127.0.0.1:50985 - R:localhost/127.0.0.1:39600] for POST '/session/5a41b0a5ccc481175ae54143d417e5dc/element/b6d546b2-4255-44c4-a219-ee6af58f3429/clear'
16:10:57.578 [AsyncHttpClient-1-11] DEBUG org.asynchttpclient.netty.handler.HttpHandler - 

Request DefaultHttpRequest(decodeResult: success, version: HTTP/1.1)
POST /session/5a41b0a5ccc481175ae54143d417e5dc/element/b6d546b2-4255-44c4-a219-ee6af58f3429/clear HTTP/1.1
User-Agent: selenium/4.8.1 (java windows)
Content-Length: 50
Content-Type: application/json; charset=utf-8
host: localhost:39600
accept: */*

Response DefaultHttpResponse(decodeResult: success, version: HTTP/1.1)
HTTP/1.1 200 OK
Content-Length: 14
Content-Type: application/json; charset=utf-8
cache-control: no-cache

16:10:57.578 [AsyncHttpClient-1-11] DEBUG org.asynchttpclient.netty.channel.ChannelManager - Adding key: http://localhost:39600 for channel [id: 0x9514fcd1, L:/127.0.0.1:50985 - R:localhost/127.0.0.1:39600]
16:10:57.579 [Forwarding sendKeysToElement on session 5a41b0a5ccc481175ae54143d417e5dc to remote] DEBUG org.asynchttpclient.netty.request.NettyRequestSender - Using pooled Channel '[id: 0x9514fcd1, L:/127.0.0.1:50985 - R:localhost/127.0.0.1:39600]' for 'POST' to 'http://localhost:39600/session/5a41b0a5ccc481175ae54143d417e5dc/element/b6d546b2-4255-44c4-a219-ee6af58f3429/value'
16:10:57.579 [Forwarding sendKeysToElement on session 5a41b0a5ccc481175ae54143d417e5dc to remote] DEBUG org.asynchttpclient.netty.request.NettyRequestSender - Using open Channel [id: 0x9514fcd1, L:/127.0.0.1:50985 - R:localhost/127.0.0.1:39600] for POST '/session/5a41b0a5ccc481175ae54143d417e5dc/element/b6d546b2-4255-44c4-a219-ee6af58f3429/value'
16:10:57.672 [AsyncHttpClient-1-11] DEBUG org.asynchttpclient.netty.handler.HttpHandler - 

Request DefaultHttpRequest(decodeResult: success, version: HTTP/1.1)
POST /session/5a41b0a5ccc481175ae54143d417e5dc/element/b6d546b2-4255-44c4-a219-ee6af58f3429/value HTTP/1.1
User-Agent: selenium/4.8.1 (java windows)
Content-Length: 331
Content-Type: application/json; charset=utf-8
host: localhost:39600
accept: */*

Response DefaultHttpResponse(decodeResult: success, version: HTTP/1.1)
HTTP/1.1 200 OK
Content-Length: 14
Content-Type: application/json; charset=utf-8
cache-control: no-cache

16:10:57.672 [AsyncHttpClient-1-11] DEBUG org.asynchttpclient.netty.channel.ChannelManager - Adding key: http://localhost:39600 for channel [id: 0x9514fcd1, L:/127.0.0.1:50985 - R:localhost/127.0.0.1:39600]
16:10:57.677 [Forwarding getAlertText on session 5a41b0a5ccc481175ae54143d417e5dc to remote] DEBUG org.asynchttpclient.netty.request.NettyRequestSender - Using pooled Channel '[id: 0x9514fcd1, L:/127.0.0.1:50985 - R:localhost/127.0.0.1:39600]' for 'GET' to 'http://localhost:39600/session/5a41b0a5ccc481175ae54143d417e5dc/alert/text'
16:10:57.677 [Forwarding getAlertText on session 5a41b0a5ccc481175ae54143d417e5dc to remote] DEBUG org.asynchttpclient.netty.request.NettyRequestSender - Using open Channel [id: 0x9514fcd1, L:/127.0.0.1:50985 - R:localhost/127.0.0.1:39600] for GET '/session/5a41b0a5ccc481175ae54143d417e5dc/alert/text'
16:10:57.679 [AsyncHttpClient-1-11] DEBUG org.asynchttpclient.netty.handler.HttpHandler - 

Request DefaultFullHttpRequest(decodeResult: success, version: HTTP/1.1, content: EmptyByteBufBE)
GET /session/5a41b0a5ccc481175ae54143d417e5dc/alert/text HTTP/1.1
User-Agent: selenium/4.8.1 (java windows)
Cache-Control: no-cache
Content-Type: application/json; charset=utf-8
host: localhost:39600
accept: */*

Response DefaultHttpResponse(decodeResult: success, version: HTTP/1.1)
HTTP/1.1 404 Not Found
Content-Length: 836
Content-Type: application/json; charset=utf-8
cache-control: no-cache

16:10:57.679 [AsyncHttpClient-1-11] DEBUG org.asynchttpclient.netty.channel.ChannelManager - Adding key: http://localhost:39600 for channel [id: 0x9514fcd1, L:/127.0.0.1:50985 - R:localhost/127.0.0.1:39600]
16:10:57.679 [Forwarding getCurrentUrl on session 5a41b0a5ccc481175ae54143d417e5dc to remote] DEBUG org.asynchttpclient.netty.request.NettyRequestSender - Using pooled Channel '[id: 0x9514fcd1, L:/127.0.0.1:50985 - R:localhost/127.0.0.1:39600]' for 'GET' to 'http://localhost:39600/session/5a41b0a5ccc481175ae54143d417e5dc/url'
16:10:57.679 [Forwarding getCurrentUrl on session 5a41b0a5ccc481175ae54143d417e5dc to remote] DEBUG org.asynchttpclient.netty.request.NettyRequestSender - Using open Channel [id: 0x9514fcd1, L:/127.0.0.1:50985 - R:localhost/127.0.0.1:39600] for GET '/session/5a41b0a5ccc481175ae54143d417e5dc/url'
16:10:57.683 [AsyncHttpClient-1-11] DEBUG org.asynchttpclient.netty.handler.HttpHandler - 

Request DefaultFullHttpRequest(decodeResult: success, version: HTTP/1.1, content: EmptyByteBufBE)
GET /session/5a41b0a5ccc481175ae54143d417e5dc/url HTTP/1.1
User-Agent: selenium/4.8.1 (java windows)
Cache-Control: no-cache
Content-Type: application/json; charset=utf-8
host: localhost:39600
accept: */*

Response DefaultHttpResponse(decodeResult: success, version: HTTP/1.1)
HTTP/1.1 200 OK
Content-Length: 54
Content-Type: application/json; charset=utf-8
cache-control: no-cache

16:10:57.683 [AsyncHttpClient-1-11] DEBUG org.asynchttpclient.netty.channel.ChannelManager - Adding key: http://localhost:39600 for channel [id: 0x9514fcd1, L:/127.0.0.1:50985 - R:localhost/127.0.0.1:39600]
16:10:57.684 [Forwarding screenshot on session 5a41b0a5ccc481175ae54143d417e5dc to remote] DEBUG org.asynchttpclient.netty.request.NettyRequestSender - Using pooled Channel '[id: 0x9514fcd1, L:/127.0.0.1:50985 - R:localhost/127.0.0.1:39600]' for 'GET' to 'http://localhost:39600/session/5a41b0a5ccc481175ae54143d417e5dc/screenshot'
16:10:57.684 [Forwarding screenshot on session 5a41b0a5ccc481175ae54143d417e5dc to remote] DEBUG org.asynchttpclient.netty.request.NettyRequestSender - Using open Channel [id: 0x9514fcd1, L:/127.0.0.1:50985 - R:localhost/127.0.0.1:39600] for GET '/session/5a41b0a5ccc481175ae54143d417e5dc/screenshot'
16:10:57.764 [AsyncHttpClient-1-1] DEBUG org.asynchttpclient.netty.channel.DefaultChannelPool - Entry count for : http://localhost:50986 : 1
16:10:57.773 [AsyncHttpClient-1-11] DEBUG org.asynchttpclient.netty.handler.HttpHandler - 

Request DefaultFullHttpRequest(decodeResult: success, version: HTTP/1.1, content: EmptyByteBufBE)
GET /session/5a41b0a5ccc481175ae54143d417e5dc/screenshot HTTP/1.1
User-Agent: selenium/4.8.1 (java windows)
Cache-Control: no-cache
Content-Type: application/json; charset=utf-8
host: localhost:39600
accept: */*

Response DefaultHttpResponse(decodeResult: success, version: HTTP/1.1)
HTTP/1.1 200 OK
Content-Length: 36340
Content-Type: application/json; charset=utf-8
cache-control: no-cache

16:10:57.773 [AsyncHttpClient-1-11] DEBUG org.asynchttpclient.netty.channel.ChannelManager - Adding key: http://localhost:39600 for channel [id: 0x9514fcd1, L:/127.0.0.1:50985 - R:localhost/127.0.0.1:39600]
16:10:57.774 [main] DEBUG net.serenitybdd.core.photography.Darkroom - Send negative for processing for target\site\serenity\395e40de028e8faf61b06abfd62d4bed684f3f4ed38b692526f60b9484281e26.png
16:10:57.774 [main] DEBUG net.thucydides.core.steps.StepInterceptor - STEP DONE: inputEmailReg
  &amp#27;[32mAnd &amp#27;[0m&amp#27;[32mI input correct email for register&amp#27;[0m       &amp#27;[90m# starter.stepdefinitions.RegisterSteps.inputEmailReg()&amp#27;[0m
16:10:57.774 [Darkroom Processing Line] DEBUG net.serenitybdd.core.photography.DarkroomProcessingLine - Processing screenshot image in /var/screenshots/screenshot-13474182897823002548
16:10:57.774 [Darkroom Processing Line] DEBUG net.serenitybdd.core.photography.DarkroomProcessingLine - Saving screenshot to target\site\serenity\395e40de028e8faf61b06abfd62d4bed684f3f4ed38b692526f60b9484281e26.png
16:10:57.781 [Forwarding getPageSource on session 5a41b0a5ccc481175ae54143d417e5dc to remote] DEBUG org.asynchttpclient.netty.request.NettyRequestSender - Using pooled Channel '[id: 0x9514fcd1, L:/127.0.0.1:50985 - R:localhost/127.0.0.1:39600]' for 'POST' to 'http://localhost:39600/session/5a41b0a5ccc481175ae54143d417e5dc/execute/sync'
16:10:57.781 [Forwarding getPageSource on session 5a41b0a5ccc481175ae54143d417e5dc to remote] DEBUG org.asynchttpclient.netty.request.NettyRequestSender - Using open Channel [id: 0x9514fcd1, L:/127.0.0.1:50985 - R:localhost/127.0.0.1:39600] for POST '/session/5a41b0a5ccc481175ae54143d417e5dc/execute/sync'
16:10:57.786 [AsyncHttpClient-1-11] DEBUG org.asynchttpclient.netty.handler.HttpHandler - 

Request DefaultHttpRequest(decodeResult: success, version: HTTP/1.1)
POST /session/5a41b0a5ccc481175ae54143d417e5dc/execute/sync HTTP/1.1
User-Agent: selenium/4.8.1 (java windows)
Content-Length: 176
Content-Type: application/json; charset=utf-8
host: localhost:39600
accept: */*

Response DefaultHttpResponse(decodeResult: success, version: HTTP/1.1)
HTTP/1.1 200 OK
Content-Length: 22494
Content-Type: application/json; charset=utf-8
cache-control: no-cache

16:10:57.786 [AsyncHttpClient-1-11] DEBUG org.asynchttpclient.netty.channel.ChannelManager - Adding key: http://localhost:39600 for channel [id: 0x9514fcd1, L:/127.0.0.1:50985 - R:localhost/127.0.0.1:39600]
16:10:57.788 [Forwarding getCurrentUrl on session 5a41b0a5ccc481175ae54143d417e5dc to remote] DEBUG org.asynchttpclient.netty.request.NettyRequestSender - Using pooled Channel '[id: 0x9514fcd1, L:/127.0.0.1:50985 - R:localhost/127.0.0.1:39600]' for 'GET' to 'http://localhost:39600/session/5a41b0a5ccc481175ae54143d417e5dc/url'
16:10:57.788 [Forwarding getCurrentUrl on session 5a41b0a5ccc481175ae54143d417e5dc to remote] DEBUG org.asynchttpclient.netty.request.NettyRequestSender - Using open Channel [id: 0x9514fcd1, L:/127.0.0.1:50985 - R:localhost/127.0.0.1:39600] for GET '/session/5a41b0a5ccc481175ae54143d417e5dc/url'
16:10:57.790 [AsyncHttpClient-1-11] DEBUG org.asynchttpclient.netty.handler.HttpHandler - 

Request DefaultFullHttpRequest(decodeResult: success, version: HTTP/1.1, content: EmptyByteBufBE)
GET /session/5a41b0a5ccc481175ae54143d417e5dc/url HTTP/1.1
User-Agent: selenium/4.8.1 (java windows)
Cache-Control: no-cache
Content-Type: application/json; charset=utf-8
host: localhost:39600
accept: */*

Response DefaultHttpResponse(decodeResult: success, version: HTTP/1.1)
HTTP/1.1 200 OK
Content-Length: 54
Content-Type: application/json; charset=utf-8
cache-control: no-cache

16:10:57.791 [AsyncHttpClient-1-11] DEBUG org.asynchttpclient.netty.channel.ChannelManager - Adding key: http://localhost:39600 for channel [id: 0x9514fcd1, L:/127.0.0.1:50985 - R:localhost/127.0.0.1:39600]
16:10:57.797 [Forwarding getPageSource on session 5a41b0a5ccc481175ae54143d417e5dc to remote] DEBUG org.asynchttpclient.netty.request.NettyRequestSender - Using pooled Channel '[id: 0x9514fcd1, L:/127.0.0.1:50985 - R:localhost/127.0.0.1:39600]' for 'POST' to 'http://localhost:39600/session/5a41b0a5ccc481175ae54143d417e5dc/execute/sync'
16:10:57.797 [Forwarding getPageSource on session 5a41b0a5ccc481175ae54143d417e5dc to remote] DEBUG org.asynchttpclient.netty.request.NettyRequestSender - Using open Channel [id: 0x9514fcd1, L:/127.0.0.1:50985 - R:localhost/127.0.0.1:39600] for POST '/session/5a41b0a5ccc481175ae54143d417e5dc/execute/sync'
16:10:57.802 [AsyncHttpClient-1-11] DEBUG org.asynchttpclient.netty.handler.HttpHandler - 

Request DefaultHttpRequest(decodeResult: success, version: HTTP/1.1)
POST /session/5a41b0a5ccc481175ae54143d417e5dc/execute/sync HTTP/1.1
User-Agent: selenium/4.8.1 (java windows)
Content-Length: 176
Content-Type: application/json; charset=utf-8
host: localhost:39600
accept: */*

Response DefaultHttpResponse(decodeResult: success, version: HTTP/1.1)
HTTP/1.1 200 OK
Content-Length: 22494
Content-Type: application/json; charset=utf-8
cache-control: no-cache

16:10:57.802 [AsyncHttpClient-1-11] DEBUG org.asynchttpclient.netty.channel.ChannelManager - Adding key: http://localhost:39600 for channel [id: 0x9514fcd1, L:/127.0.0.1:50985 - R:localhost/127.0.0.1:39600]
16:10:57.803 [Forwarding getCurrentUrl on session 5a41b0a5ccc481175ae54143d417e5dc to remote] DEBUG org.asynchttpclient.netty.request.NettyRequestSender - Using pooled Channel '[id: 0x9514fcd1, L:/127.0.0.1:50985 - R:localhost/127.0.0.1:39600]' for 'GET' to 'http://localhost:39600/session/5a41b0a5ccc481175ae54143d417e5dc/url'
16:10:57.803 [Forwarding getCurrentUrl on session 5a41b0a5ccc481175ae54143d417e5dc to remote] DEBUG org.asynchttpclient.netty.request.NettyRequestSender - Using open Channel [id: 0x9514fcd1, L:/127.0.0.1:50985 - R:localhost/127.0.0.1:39600] for GET '/session/5a41b0a5ccc481175ae54143d417e5dc/url'
16:10:57.807 [AsyncHttpClient-1-11] DEBUG org.asynchttpclient.netty.handler.HttpHandler - 

Request DefaultFullHttpRequest(decodeResult: success, version: HTTP/1.1, content: EmptyByteBufBE)
GET /session/5a41b0a5ccc481175ae54143d417e5dc/url HTTP/1.1
User-Agent: selenium/4.8.1 (java windows)
Cache-Control: no-cache
Content-Type: application/json; charset=utf-8
host: localhost:39600
accept: */*

Response DefaultHttpResponse(decodeResult: success, version: HTTP/1.1)
HTTP/1.1 200 OK
Content-Length: 54
Content-Type: application/json; charset=utf-8
cache-control: no-cache

16:10:57.807 [AsyncHttpClient-1-11] DEBUG org.asynchttpclient.netty.channel.ChannelManager - Adding key: http://localhost:39600 for channel [id: 0x9514fcd1, L:/127.0.0.1:50985 - R:localhost/127.0.0.1:39600]
16:10:57.809 [main] DEBUG net.thucydides.core.steps.StepInterceptor - STARTING STEP: RegisterSteps.inputInvalidPasswordReg - inputPasswordReg
16:10:57.810 [Forwarding findElement on session 5a41b0a5ccc481175ae54143d417e5dc to remote] DEBUG org.asynchttpclient.netty.request.NettyRequestSender - Using pooled Channel '[id: 0x9514fcd1, L:/127.0.0.1:50985 - R:localhost/127.0.0.1:39600]' for 'POST' to 'http://localhost:39600/session/5a41b0a5ccc481175ae54143d417e5dc/element'
16:10:57.810 [Forwarding findElement on session 5a41b0a5ccc481175ae54143d417e5dc to remote] DEBUG org.asynchttpclient.netty.request.NettyRequestSender - Using open Channel [id: 0x9514fcd1, L:/127.0.0.1:50985 - R:localhost/127.0.0.1:39600] for POST '/session/5a41b0a5ccc481175ae54143d417e5dc/element'
16:10:57.816 [AsyncHttpClient-1-11] DEBUG org.asynchttpclient.netty.handler.HttpHandler - 

Request DefaultHttpRequest(decodeResult: success, version: HTTP/1.1)
POST /session/5a41b0a5ccc481175ae54143d417e5dc/element HTTP/1.1
User-Agent: selenium/4.8.1 (java windows)
Content-Length: 55
Content-Type: application/json; charset=utf-8
host: localhost:39600
accept: */*

Response DefaultHttpResponse(decodeResult: success, version: HTTP/1.1)
HTTP/1.1 200 OK
Content-Length: 88
Content-Type: application/json; charset=utf-8
cache-control: no-cache

16:10:57.818 [AsyncHttpClient-1-11] DEBUG org.asynchttpclient.netty.channel.ChannelManager - Adding key: http://localhost:39600 for channel [id: 0x9514fcd1, L:/127.0.0.1:50985 - R:localhost/127.0.0.1:39600]
16:10:57.819 [Forwarding clearElement on session 5a41b0a5ccc481175ae54143d417e5dc to remote] DEBUG org.asynchttpclient.netty.request.NettyRequestSender - Using pooled Channel '[id: 0x9514fcd1, L:/127.0.0.1:50985 - R:localhost/127.0.0.1:39600]' for 'POST' to 'http://localhost:39600/session/5a41b0a5ccc481175ae54143d417e5dc/element/6163c1e3-64f5-42ff-ba2c-667d01801029/clear'
16:10:57.819 [Forwarding clearElement on session 5a41b0a5ccc481175ae54143d417e5dc to remote] DEBUG org.asynchttpclient.netty.request.NettyRequestSender - Using open Channel [id: 0x9514fcd1, L:/127.0.0.1:50985 - R:localhost/127.0.0.1:39600] for POST '/session/5a41b0a5ccc481175ae54143d417e5dc/element/6163c1e3-64f5-42ff-ba2c-667d01801029/clear'
16:10:57.842 [AsyncHttpClient-1-11] DEBUG org.asynchttpclient.netty.handler.HttpHandler - 

Request DefaultHttpRequest(decodeResult: success, version: HTTP/1.1)
POST /session/5a41b0a5ccc481175ae54143d417e5dc/element/6163c1e3-64f5-42ff-ba2c-667d01801029/clear HTTP/1.1
User-Agent: selenium/4.8.1 (java windows)
Content-Length: 50
Content-Type: application/json; charset=utf-8
host: localhost:39600
accept: */*

Response DefaultHttpResponse(decodeResult: success, version: HTTP/1.1)
HTTP/1.1 200 OK
Content-Length: 14
Content-Type: application/json; charset=utf-8
cache-control: no-cache

16:10:57.842 [AsyncHttpClient-1-11] DEBUG org.asynchttpclient.netty.channel.ChannelManager - Adding key: http://localhost:39600 for channel [id: 0x9514fcd1, L:/127.0.0.1:50985 - R:localhost/127.0.0.1:39600]
16:10:57.844 [Forwarding sendKeysToElement on session 5a41b0a5ccc481175ae54143d417e5dc to remote] DEBUG org.asynchttpclient.netty.request.NettyRequestSender - Using pooled Channel '[id: 0x9514fcd1, L:/127.0.0.1:50985 - R:localhost/127.0.0.1:39600]' for 'POST' to 'http://localhost:39600/session/5a41b0a5ccc481175ae54143d417e5dc/element/6163c1e3-64f5-42ff-ba2c-667d01801029/value'
16:10:57.844 [Forwarding sendKeysToElement on session 5a41b0a5ccc481175ae54143d417e5dc to remote] DEBUG org.asynchttpclient.netty.request.NettyRequestSender - Using open Channel [id: 0x9514fcd1, L:/127.0.0.1:50985 - R:localhost/127.0.0.1:39600] for POST '/session/5a41b0a5ccc481175ae54143d417e5dc/element/6163c1e3-64f5-42ff-ba2c-667d01801029/value'
16:10:57.944 [AsyncHttpClient-1-11] DEBUG org.asynchttpclient.netty.handler.HttpHandler - 

Request DefaultHttpRequest(decodeResult: success, version: HTTP/1.1)
POST /session/5a41b0a5ccc481175ae54143d417e5dc/element/6163c1e3-64f5-42ff-ba2c-667d01801029/value HTTP/1.1
User-Agent: selenium/4.8.1 (java windows)
Content-Length: 82
Content-Type: application/json; charset=utf-8
host: localhost:39600
accept: */*

Response DefaultHttpResponse(decodeResult: success, version: HTTP/1.1)
HTTP/1.1 200 OK
Content-Length: 14
Content-Type: application/json; charset=utf-8
cache-control: no-cache

16:10:57.945 [AsyncHttpClient-1-11] DEBUG org.asynchttpclient.netty.channel.ChannelManager - Adding key: http://localhost:39600 for channel [id: 0x9514fcd1, L:/127.0.0.1:50985 - R:localhost/127.0.0.1:39600]
16:10:57.961 [Forwarding getAlertText on session 5a41b0a5ccc481175ae54143d417e5dc to remote] DEBUG org.asynchttpclient.netty.request.NettyRequestSender - Using pooled Channel '[id: 0x9514fcd1, L:/127.0.0.1:50985 - R:localhost/127.0.0.1:39600]' for 'GET' to 'http://localhost:39600/session/5a41b0a5ccc481175ae54143d417e5dc/alert/text'
16:10:57.962 [Forwarding getAlertText on session 5a41b0a5ccc481175ae54143d417e5dc to remote] DEBUG org.asynchttpclient.netty.request.NettyRequestSender - Using open Channel [id: 0x9514fcd1, L:/127.0.0.1:50985 - R:localhost/127.0.0.1:39600] for GET '/session/5a41b0a5ccc481175ae54143d417e5dc/alert/text'
16:10:57.971 [AsyncHttpClient-1-11] DEBUG org.asynchttpclient.netty.handler.HttpHandler - 

Request DefaultFullHttpRequest(decodeResult: success, version: HTTP/1.1, content: EmptyByteBufBE)
GET /session/5a41b0a5ccc481175ae54143d417e5dc/alert/text HTTP/1.1
User-Agent: selenium/4.8.1 (java windows)
Cache-Control: no-cache
Content-Type: application/json; charset=utf-8
host: localhost:39600
accept: */*

Response DefaultHttpResponse(decodeResult: success, version: HTTP/1.1)
HTTP/1.1 404 Not Found
Content-Length: 836
Content-Type: application/json; charset=utf-8
cache-control: no-cache

16:10:57.971 [AsyncHttpClient-1-11] DEBUG org.asynchttpclient.netty.channel.ChannelManager - Adding key: http://localhost:39600 for channel [id: 0x9514fcd1, L:/127.0.0.1:50985 - R:localhost/127.0.0.1:39600]
16:10:57.974 [Forwarding getCurrentUrl on session 5a41b0a5ccc481175ae54143d417e5dc to remote] DEBUG org.asynchttpclient.netty.request.NettyRequestSender - Using pooled Channel '[id: 0x9514fcd1, L:/127.0.0.1:50985 - R:localhost/127.0.0.1:39600]' for 'GET' to 'http://localhost:39600/session/5a41b0a5ccc481175ae54143d417e5dc/url'
16:10:57.975 [Forwarding getCurrentUrl on session 5a41b0a5ccc481175ae54143d417e5dc to remote] DEBUG org.asynchttpclient.netty.request.NettyRequestSender - Using open Channel [id: 0x9514fcd1, L:/127.0.0.1:50985 - R:localhost/127.0.0.1:39600] for GET '/session/5a41b0a5ccc481175ae54143d417e5dc/url'
16:10:57.984 [AsyncHttpClient-1-11] DEBUG org.asynchttpclient.netty.handler.HttpHandler - 

Request DefaultFullHttpRequest(decodeResult: success, version: HTTP/1.1, content: EmptyByteBufBE)
GET /session/5a41b0a5ccc481175ae54143d417e5dc/url HTTP/1.1
User-Agent: selenium/4.8.1 (java windows)
Cache-Control: no-cache
Content-Type: application/json; charset=utf-8
host: localhost:39600
accept: */*

Response DefaultHttpResponse(decodeResult: success, version: HTTP/1.1)
HTTP/1.1 200 OK
Content-Length: 54
Content-Type: application/json; charset=utf-8
cache-control: no-cache

16:10:57.984 [AsyncHttpClient-1-11] DEBUG org.asynchttpclient.netty.channel.ChannelManager - Adding key: http://localhost:39600 for channel [id: 0x9514fcd1, L:/127.0.0.1:50985 - R:localhost/127.0.0.1:39600]
16:10:57.985 [Forwarding screenshot on session 5a41b0a5ccc481175ae54143d417e5dc to remote] DEBUG org.asynchttpclient.netty.request.NettyRequestSender - Using pooled Channel '[id: 0x9514fcd1, L:/127.0.0.1:50985 - R:localhost/127.0.0.1:39600]' for 'GET' to 'http://localhost:39600/session/5a41b0a5ccc481175ae54143d417e5dc/screenshot'
16:10:57.985 [Forwarding screenshot on session 5a41b0a5ccc481175ae54143d417e5dc to remote] DEBUG org.asynchttpclient.netty.request.NettyRequestSender - Using open Channel [id: 0x9514fcd1, L:/127.0.0.1:50985 - R:localhost/127.0.0.1:39600] for GET '/session/5a41b0a5ccc481175ae54143d417e5dc/screenshot'
16:10:58.073 [AsyncHttpClient-1-11] DEBUG org.asynchttpclient.netty.handler.HttpHandler - 

Request DefaultFullHttpRequest(decodeResult: success, version: HTTP/1.1, content: EmptyByteBufBE)
GET /session/5a41b0a5ccc481175ae54143d417e5dc/screenshot HTTP/1.1
User-Agent: selenium/4.8.1 (java windows)
Cache-Control: no-cache
Content-Type: application/json; charset=utf-8
host: localhost:39600
accept: */*

Response DefaultHttpResponse(decodeResult: success, version: HTTP/1.1)
HTTP/1.1 200 OK
Content-Length: 35568
Content-Type: application/json; charset=utf-8
cache-control: no-cache

16:10:58.074 [AsyncHttpClient-1-11] DEBUG org.asynchttpclient.netty.channel.ChannelManager - Adding key: http://localhost:39600 for channel [id: 0x9514fcd1, L:/127.0.0.1:50985 - R:localhost/127.0.0.1:39600]
16:10:58.075 [main] DEBUG net.serenitybdd.core.photography.Darkroom - Send negative for processing for target\site\serenity\2fe9b371b26b99bf9ee9ccdbf5cae76ddfec4a48e1d968939f791acf51a9f170.png
16:10:58.075 [main] DEBUG net.thucydides.core.steps.StepInterceptor - STEP DONE: inputPasswordReg
  &amp#27;[32mAnd &amp#27;[0m&amp#27;[32mI input nothing in password for register&amp#27;[0m &amp#27;[90m# starter.stepdefinitions.RegisterSteps.inputInvalidPasswordReg()&amp#27;[0m
16:10:58.075 [Darkroom Processing Line] DEBUG net.serenitybdd.core.photography.DarkroomProcessingLine - Processing screenshot image in /var/screenshots/screenshot-8556875227521053031
16:10:58.075 [Darkroom Processing Line] DEBUG net.serenitybdd.core.photography.DarkroomProcessingLine - Saving screenshot to target\site\serenity\2fe9b371b26b99bf9ee9ccdbf5cae76ddfec4a48e1d968939f791acf51a9f170.png
16:10:58.082 [Forwarding getPageSource on session 5a41b0a5ccc481175ae54143d417e5dc to remote] DEBUG org.asynchttpclient.netty.request.NettyRequestSender - Using pooled Channel '[id: 0x9514fcd1, L:/127.0.0.1:50985 - R:localhost/127.0.0.1:39600]' for 'POST' to 'http://localhost:39600/session/5a41b0a5ccc481175ae54143d417e5dc/execute/sync'
16:10:58.082 [Forwarding getPageSource on session 5a41b0a5ccc481175ae54143d417e5dc to remote] DEBUG org.asynchttpclient.netty.request.NettyRequestSender - Using open Channel [id: 0x9514fcd1, L:/127.0.0.1:50985 - R:localhost/127.0.0.1:39600] for POST '/session/5a41b0a5ccc481175ae54143d417e5dc/execute/sync'
16:10:58.086 [AsyncHttpClient-1-11] DEBUG org.asynchttpclient.netty.handler.HttpHandler - 

Request DefaultHttpRequest(decodeResult: success, version: HTTP/1.1)
POST /session/5a41b0a5ccc481175ae54143d417e5dc/execute/sync HTTP/1.1
User-Agent: selenium/4.8.1 (java windows)
Content-Length: 176
Content-Type: application/json; charset=utf-8
host: localhost:39600
accept: */*

Response DefaultHttpResponse(decodeResult: success, version: HTTP/1.1)
HTTP/1.1 200 OK
Content-Length: 22510
Content-Type: application/json; charset=utf-8
cache-control: no-cache

16:10:58.086 [AsyncHttpClient-1-11] DEBUG org.asynchttpclient.netty.channel.ChannelManager - Adding key: http://localhost:39600 for channel [id: 0x9514fcd1, L:/127.0.0.1:50985 - R:localhost/127.0.0.1:39600]
16:10:58.088 [Forwarding getCurrentUrl on session 5a41b0a5ccc481175ae54143d417e5dc to remote] DEBUG org.asynchttpclient.netty.request.NettyRequestSender - Using pooled Channel '[id: 0x9514fcd1, L:/127.0.0.1:50985 - R:localhost/127.0.0.1:39600]' for 'GET' to 'http://localhost:39600/session/5a41b0a5ccc481175ae54143d417e5dc/url'
16:10:58.088 [Forwarding getCurrentUrl on session 5a41b0a5ccc481175ae54143d417e5dc to remote] DEBUG org.asynchttpclient.netty.request.NettyRequestSender - Using open Channel [id: 0x9514fcd1, L:/127.0.0.1:50985 - R:localhost/127.0.0.1:39600] for GET '/session/5a41b0a5ccc481175ae54143d417e5dc/url'
16:10:58.092 [AsyncHttpClient-1-11] DEBUG org.asynchttpclient.netty.handler.HttpHandler - 

Request DefaultFullHttpRequest(decodeResult: success, version: HTTP/1.1, content: EmptyByteBufBE)
GET /session/5a41b0a5ccc481175ae54143d417e5dc/url HTTP/1.1
User-Agent: selenium/4.8.1 (java windows)
Cache-Control: no-cache
Content-Type: application/json; charset=utf-8
host: localhost:39600
accept: */*

Response DefaultHttpResponse(decodeResult: success, version: HTTP/1.1)
HTTP/1.1 200 OK
Content-Length: 54
Content-Type: application/json; charset=utf-8
cache-control: no-cache

16:10:58.092 [AsyncHttpClient-1-11] DEBUG org.asynchttpclient.netty.channel.ChannelManager - Adding key: http://localhost:39600 for channel [id: 0x9514fcd1, L:/127.0.0.1:50985 - R:localhost/127.0.0.1:39600]
16:10:58.099 [Forwarding getPageSource on session 5a41b0a5ccc481175ae54143d417e5dc to remote] DEBUG org.asynchttpclient.netty.request.NettyRequestSender - Using pooled Channel '[id: 0x9514fcd1, L:/127.0.0.1:50985 - R:localhost/127.0.0.1:39600]' for 'POST' to 'http://localhost:39600/session/5a41b0a5ccc481175ae54143d417e5dc/execute/sync'
16:10:58.100 [Forwarding getPageSource on session 5a41b0a5ccc481175ae54143d417e5dc to remote] DEBUG org.asynchttpclient.netty.request.NettyRequestSender - Using open Channel [id: 0x9514fcd1, L:/127.0.0.1:50985 - R:localhost/127.0.0.1:39600] for POST '/session/5a41b0a5ccc481175ae54143d417e5dc/execute/sync'
16:10:58.103 [AsyncHttpClient-1-11] DEBUG org.asynchttpclient.netty.handler.HttpHandler - 

Request DefaultHttpRequest(decodeResult: success, version: HTTP/1.1)
POST /session/5a41b0a5ccc481175ae54143d417e5dc/execute/sync HTTP/1.1
User-Agent: selenium/4.8.1 (java windows)
Content-Length: 176
Content-Type: application/json; charset=utf-8
host: localhost:39600
accept: */*

Response DefaultHttpResponse(decodeResult: success, version: HTTP/1.1)
HTTP/1.1 200 OK
Content-Length: 22510
Content-Type: application/json; charset=utf-8
cache-control: no-cache

16:10:58.103 [AsyncHttpClient-1-11] DEBUG org.asynchttpclient.netty.channel.ChannelManager - Adding key: http://localhost:39600 for channel [id: 0x9514fcd1, L:/127.0.0.1:50985 - R:localhost/127.0.0.1:39600]
16:10:58.106 [Forwarding getCurrentUrl on session 5a41b0a5ccc481175ae54143d417e5dc to remote] DEBUG org.asynchttpclient.netty.request.NettyRequestSender - Using pooled Channel '[id: 0x9514fcd1, L:/127.0.0.1:50985 - R:localhost/127.0.0.1:39600]' for 'GET' to 'http://localhost:39600/session/5a41b0a5ccc481175ae54143d417e5dc/url'
16:10:58.106 [Forwarding getCurrentUrl on session 5a41b0a5ccc481175ae54143d417e5dc to remote] DEBUG org.asynchttpclient.netty.request.NettyRequestSender - Using open Channel [id: 0x9514fcd1, L:/127.0.0.1:50985 - R:localhost/127.0.0.1:39600] for GET '/session/5a41b0a5ccc481175ae54143d417e5dc/url'
16:10:58.108 [AsyncHttpClient-1-11] DEBUG org.asynchttpclient.netty.handler.HttpHandler - 

Request DefaultFullHttpRequest(decodeResult: success, version: HTTP/1.1, content: EmptyByteBufBE)
GET /session/5a41b0a5ccc481175ae54143d417e5dc/url HTTP/1.1
User-Agent: selenium/4.8.1 (java windows)
Cache-Control: no-cache
Content-Type: application/json; charset=utf-8
host: localhost:39600
accept: */*

Response DefaultHttpResponse(decodeResult: success, version: HTTP/1.1)
HTTP/1.1 200 OK
Content-Length: 54
Content-Type: application/json; charset=utf-8
cache-control: no-cache

16:10:58.108 [AsyncHttpClient-1-11] DEBUG org.asynchttpclient.netty.channel.ChannelManager - Adding key: http://localhost:39600 for channel [id: 0x9514fcd1, L:/127.0.0.1:50985 - R:localhost/127.0.0.1:39600]
16:10:58.110 [main] DEBUG net.thucydides.core.steps.StepInterceptor - STARTING STEP: RegisterSteps.ClickRegisterButton - ClickRegisterButton
16:10:58.115 [Forwarding findElement on session 5a41b0a5ccc481175ae54143d417e5dc to remote] DEBUG org.asynchttpclient.netty.request.NettyRequestSender - Using pooled Channel '[id: 0x9514fcd1, L:/127.0.0.1:50985 - R:localhost/127.0.0.1:39600]' for 'POST' to 'http://localhost:39600/session/5a41b0a5ccc481175ae54143d417e5dc/element'
16:10:58.115 [Forwarding findElement on session 5a41b0a5ccc481175ae54143d417e5dc to remote] DEBUG org.asynchttpclient.netty.request.NettyRequestSender - Using open Channel [id: 0x9514fcd1, L:/127.0.0.1:50985 - R:localhost/127.0.0.1:39600] for POST '/session/5a41b0a5ccc481175ae54143d417e5dc/element'
16:10:58.124 [AsyncHttpClient-1-11] DEBUG org.asynchttpclient.netty.handler.HttpHandler - 

Request DefaultHttpRequest(decodeResult: success, version: HTTP/1.1)
POST /session/5a41b0a5ccc481175ae54143d417e5dc/element HTTP/1.1
User-Agent: selenium/4.8.1 (java windows)
Content-Length: 71
Content-Type: application/json; charset=utf-8
host: localhost:39600
accept: */*

Response DefaultHttpResponse(decodeResult: success, version: HTTP/1.1)
HTTP/1.1 200 OK
Content-Length: 88
Content-Type: application/json; charset=utf-8
cache-control: no-cache

16:10:58.124 [AsyncHttpClient-1-11] DEBUG org.asynchttpclient.netty.channel.ChannelManager - Adding key: http://localhost:39600 for channel [id: 0x9514fcd1, L:/127.0.0.1:50985 - R:localhost/127.0.0.1:39600]
16:10:58.125 [Forwarding getElementTagName on session 5a41b0a5ccc481175ae54143d417e5dc to remote] DEBUG org.asynchttpclient.netty.request.NettyRequestSender - Using pooled Channel '[id: 0x9514fcd1, L:/127.0.0.1:50985 - R:localhost/127.0.0.1:39600]' for 'GET' to 'http://localhost:39600/session/5a41b0a5ccc481175ae54143d417e5dc/element/ca48a9f5-e33c-48a0-81ee-122d2cf66574/name'
16:10:58.125 [Forwarding getElementTagName on session 5a41b0a5ccc481175ae54143d417e5dc to remote] DEBUG org.asynchttpclient.netty.request.NettyRequestSender - Using open Channel [id: 0x9514fcd1, L:/127.0.0.1:50985 - R:localhost/127.0.0.1:39600] for GET '/session/5a41b0a5ccc481175ae54143d417e5dc/element/ca48a9f5-e33c-48a0-81ee-122d2cf66574/name'
16:10:58.128 [AsyncHttpClient-1-11] DEBUG org.asynchttpclient.netty.handler.HttpHandler - 

Request DefaultFullHttpRequest(decodeResult: success, version: HTTP/1.1, content: EmptyByteBufBE)
GET /session/5a41b0a5ccc481175ae54143d417e5dc/element/ca48a9f5-e33c-48a0-81ee-122d2cf66574/name HTTP/1.1
User-Agent: selenium/4.8.1 (java windows)
Cache-Control: no-cache
Content-Type: application/json; charset=utf-8
host: localhost:39600
accept: */*

Response DefaultHttpResponse(decodeResult: success, version: HTTP/1.1)
HTTP/1.1 200 OK
Content-Length: 18
Content-Type: application/json; charset=utf-8
cache-control: no-cache

16:10:58.128 [AsyncHttpClient-1-11] DEBUG org.asynchttpclient.netty.channel.ChannelManager - Adding key: http://localhost:39600 for channel [id: 0x9514fcd1, L:/127.0.0.1:50985 - R:localhost/127.0.0.1:39600]
16:10:58.129 [Forwarding getElementTagName on session 5a41b0a5ccc481175ae54143d417e5dc to remote] DEBUG org.asynchttpclient.netty.request.NettyRequestSender - Using pooled Channel '[id: 0x9514fcd1, L:/127.0.0.1:50985 - R:localhost/127.0.0.1:39600]' for 'GET' to 'http://localhost:39600/session/5a41b0a5ccc481175ae54143d417e5dc/element/ca48a9f5-e33c-48a0-81ee-122d2cf66574/name'
16:10:58.129 [Forwarding getElementTagName on session 5a41b0a5ccc481175ae54143d417e5dc to remote] DEBUG org.asynchttpclient.netty.request.NettyRequestSender - Using open Channel [id: 0x9514fcd1, L:/127.0.0.1:50985 - R:localhost/127.0.0.1:39600] for GET '/session/5a41b0a5ccc481175ae54143d417e5dc/element/ca48a9f5-e33c-48a0-81ee-122d2cf66574/name'
16:10:58.133 [AsyncHttpClient-1-11] DEBUG org.asynchttpclient.netty.handler.HttpHandler - 

Request DefaultFullHttpRequest(decodeResult: success, version: HTTP/1.1, content: EmptyByteBufBE)
GET /session/5a41b0a5ccc481175ae54143d417e5dc/element/ca48a9f5-e33c-48a0-81ee-122d2cf66574/name HTTP/1.1
User-Agent: selenium/4.8.1 (java windows)
Cache-Control: no-cache
Content-Type: application/json; charset=utf-8
host: localhost:39600
accept: */*

Response DefaultHttpResponse(decodeResult: success, version: HTTP/1.1)
HTTP/1.1 200 OK
Content-Length: 18
Content-Type: application/json; charset=utf-8
cache-control: no-cache

16:10:58.133 [AsyncHttpClient-1-11] DEBUG org.asynchttpclient.netty.channel.ChannelManager - Adding key: http://localhost:39600 for channel [id: 0x9514fcd1, L:/127.0.0.1:50985 - R:localhost/127.0.0.1:39600]
16:10:58.134 [Forwarding isElementEnabled on session 5a41b0a5ccc481175ae54143d417e5dc to remote] DEBUG org.asynchttpclient.netty.request.NettyRequestSender - Using pooled Channel '[id: 0x9514fcd1, L:/127.0.0.1:50985 - R:localhost/127.0.0.1:39600]' for 'GET' to 'http://localhost:39600/session/5a41b0a5ccc481175ae54143d417e5dc/element/ca48a9f5-e33c-48a0-81ee-122d2cf66574/enabled'
16:10:58.134 [Forwarding isElementEnabled on session 5a41b0a5ccc481175ae54143d417e5dc to remote] DEBUG org.asynchttpclient.netty.request.NettyRequestSender - Using open Channel [id: 0x9514fcd1, L:/127.0.0.1:50985 - R:localhost/127.0.0.1:39600] for GET '/session/5a41b0a5ccc481175ae54143d417e5dc/element/ca48a9f5-e33c-48a0-81ee-122d2cf66574/enabled'
16:10:58.141 [AsyncHttpClient-1-11] DEBUG org.asynchttpclient.netty.handler.HttpHandler - 

Request DefaultFullHttpRequest(decodeResult: success, version: HTTP/1.1, content: EmptyByteBufBE)
GET /session/5a41b0a5ccc481175ae54143d417e5dc/element/ca48a9f5-e33c-48a0-81ee-122d2cf66574/enabled HTTP/1.1
User-Agent: selenium/4.8.1 (java windows)
Cache-Control: no-cache
Content-Type: application/json; charset=utf-8
host: localhost:39600
accept: */*

Response DefaultHttpResponse(decodeResult: success, version: HTTP/1.1)
HTTP/1.1 200 OK
Content-Length: 14
Content-Type: application/json; charset=utf-8
cache-control: no-cache

16:10:58.141 [AsyncHttpClient-1-11] DEBUG org.asynchttpclient.netty.channel.ChannelManager - Adding key: http://localhost:39600 for channel [id: 0x9514fcd1, L:/127.0.0.1:50985 - R:localhost/127.0.0.1:39600]
16:10:58.142 [Forwarding isElementEnabled on session 5a41b0a5ccc481175ae54143d417e5dc to remote] DEBUG org.asynchttpclient.netty.request.NettyRequestSender - Using pooled Channel '[id: 0x9514fcd1, L:/127.0.0.1:50985 - R:localhost/127.0.0.1:39600]' for 'GET' to 'http://localhost:39600/session/5a41b0a5ccc481175ae54143d417e5dc/element/ca48a9f5-e33c-48a0-81ee-122d2cf66574/enabled'
16:10:58.142 [Forwarding isElementEnabled on session 5a41b0a5ccc481175ae54143d417e5dc to remote] DEBUG org.asynchttpclient.netty.request.NettyRequestSender - Using open Channel [id: 0x9514fcd1, L:/127.0.0.1:50985 - R:localhost/127.0.0.1:39600] for GET '/session/5a41b0a5ccc481175ae54143d417e5dc/element/ca48a9f5-e33c-48a0-81ee-122d2cf66574/enabled'
16:10:58.147 [AsyncHttpClient-1-11] DEBUG org.asynchttpclient.netty.handler.HttpHandler - 

Request DefaultFullHttpRequest(decodeResult: success, version: HTTP/1.1, content: EmptyByteBufBE)
GET /session/5a41b0a5ccc481175ae54143d417e5dc/element/ca48a9f5-e33c-48a0-81ee-122d2cf66574/enabled HTTP/1.1
User-Agent: selenium/4.8.1 (java windows)
Cache-Control: no-cache
Content-Type: application/json; charset=utf-8
host: localhost:39600
accept: */*

Response DefaultHttpResponse(decodeResult: success, version: HTTP/1.1)
HTTP/1.1 200 OK
Content-Length: 14
Content-Type: application/json; charset=utf-8
cache-control: no-cache

16:10:58.147 [AsyncHttpClient-1-11] DEBUG org.asynchttpclient.netty.channel.ChannelManager - Adding key: http://localhost:39600 for channel [id: 0x9514fcd1, L:/127.0.0.1:50985 - R:localhost/127.0.0.1:39600]
16:10:58.148 [Forwarding findElement on session 5a41b0a5ccc481175ae54143d417e5dc to remote] DEBUG org.asynchttpclient.netty.request.NettyRequestSender - Using pooled Channel '[id: 0x9514fcd1, L:/127.0.0.1:50985 - R:localhost/127.0.0.1:39600]' for 'POST' to 'http://localhost:39600/session/5a41b0a5ccc481175ae54143d417e5dc/element'
16:10:58.148 [Forwarding findElement on session 5a41b0a5ccc481175ae54143d417e5dc to remote] DEBUG org.asynchttpclient.netty.request.NettyRequestSender - Using open Channel [id: 0x9514fcd1, L:/127.0.0.1:50985 - R:localhost/127.0.0.1:39600] for POST '/session/5a41b0a5ccc481175ae54143d417e5dc/element'
16:10:58.154 [AsyncHttpClient-1-11] DEBUG org.asynchttpclient.netty.handler.HttpHandler - 

Request DefaultHttpRequest(decodeResult: success, version: HTTP/1.1)
POST /session/5a41b0a5ccc481175ae54143d417e5dc/element HTTP/1.1
User-Agent: selenium/4.8.1 (java windows)
Content-Length: 71
Content-Type: application/json; charset=utf-8
host: localhost:39600
accept: */*

Response DefaultHttpResponse(decodeResult: success, version: HTTP/1.1)
HTTP/1.1 200 OK
Content-Length: 88
Content-Type: application/json; charset=utf-8
cache-control: no-cache

16:10:58.154 [AsyncHttpClient-1-11] DEBUG org.asynchttpclient.netty.channel.ChannelManager - Adding key: http://localhost:39600 for channel [id: 0x9514fcd1, L:/127.0.0.1:50985 - R:localhost/127.0.0.1:39600]
16:10:58.155 [Forwarding clickElement on session 5a41b0a5ccc481175ae54143d417e5dc to remote] DEBUG org.asynchttpclient.netty.request.NettyRequestSender - Using pooled Channel '[id: 0x9514fcd1, L:/127.0.0.1:50985 - R:localhost/127.0.0.1:39600]' for 'POST' to 'http://localhost:39600/session/5a41b0a5ccc481175ae54143d417e5dc/element/ca48a9f5-e33c-48a0-81ee-122d2cf66574/click'
16:10:58.155 [Forwarding clickElement on session 5a41b0a5ccc481175ae54143d417e5dc to remote] DEBUG org.asynchttpclient.netty.request.NettyRequestSender - Using open Channel [id: 0x9514fcd1, L:/127.0.0.1:50985 - R:localhost/127.0.0.1:39600] for POST '/session/5a41b0a5ccc481175ae54143d417e5dc/element/ca48a9f5-e33c-48a0-81ee-122d2cf66574/click'
16:10:58.187 [AsyncHttpClient-1-11] DEBUG org.asynchttpclient.netty.handler.HttpHandler - 

Request DefaultHttpRequest(decodeResult: success, version: HTTP/1.1)
POST /session/5a41b0a5ccc481175ae54143d417e5dc/element/ca48a9f5-e33c-48a0-81ee-122d2cf66574/click HTTP/1.1
User-Agent: selenium/4.8.1 (java windows)
Content-Length: 50
Content-Type: application/json; charset=utf-8
host: localhost:39600
accept: */*

Response DefaultHttpResponse(decodeResult: success, version: HTTP/1.1)
HTTP/1.1 200 OK
Content-Length: 14
Content-Type: application/json; charset=utf-8
cache-control: no-cache

16:10:58.187 [AsyncHttpClient-1-11] DEBUG org.asynchttpclient.netty.channel.ChannelManager - Adding key: http://localhost:39600 for channel [id: 0x9514fcd1, L:/127.0.0.1:50985 - R:localhost/127.0.0.1:39600]
16:10:58.192 [Forwarding getAlertText on session 5a41b0a5ccc481175ae54143d417e5dc to remote] DEBUG org.asynchttpclient.netty.request.NettyRequestSender - Using pooled Channel '[id: 0x9514fcd1, L:/127.0.0.1:50985 - R:localhost/127.0.0.1:39600]' for 'GET' to 'http://localhost:39600/session/5a41b0a5ccc481175ae54143d417e5dc/alert/text'
16:10:58.192 [Forwarding getAlertText on session 5a41b0a5ccc481175ae54143d417e5dc to remote] DEBUG org.asynchttpclient.netty.request.NettyRequestSender - Using open Channel [id: 0x9514fcd1, L:/127.0.0.1:50985 - R:localhost/127.0.0.1:39600] for GET '/session/5a41b0a5ccc481175ae54143d417e5dc/alert/text'
16:10:58.193 [AsyncHttpClient-1-11] DEBUG org.asynchttpclient.netty.handler.HttpHandler - 

Request DefaultFullHttpRequest(decodeResult: success, version: HTTP/1.1, content: EmptyByteBufBE)
GET /session/5a41b0a5ccc481175ae54143d417e5dc/alert/text HTTP/1.1
User-Agent: selenium/4.8.1 (java windows)
Cache-Control: no-cache
Content-Type: application/json; charset=utf-8
host: localhost:39600
accept: */*

Response DefaultHttpResponse(decodeResult: success, version: HTTP/1.1)
HTTP/1.1 404 Not Found
Content-Length: 836
Content-Type: application/json; charset=utf-8
cache-control: no-cache

16:10:58.193 [AsyncHttpClient-1-11] DEBUG org.asynchttpclient.netty.channel.ChannelManager - Adding key: http://localhost:39600 for channel [id: 0x9514fcd1, L:/127.0.0.1:50985 - R:localhost/127.0.0.1:39600]
16:10:58.194 [Forwarding getCurrentUrl on session 5a41b0a5ccc481175ae54143d417e5dc to remote] DEBUG org.asynchttpclient.netty.request.NettyRequestSender - Using pooled Channel '[id: 0x9514fcd1, L:/127.0.0.1:50985 - R:localhost/127.0.0.1:39600]' for 'GET' to 'http://localhost:39600/session/5a41b0a5ccc481175ae54143d417e5dc/url'
16:10:58.194 [Forwarding getCurrentUrl on session 5a41b0a5ccc481175ae54143d417e5dc to remote] DEBUG org.asynchttpclient.netty.request.NettyRequestSender - Using open Channel [id: 0x9514fcd1, L:/127.0.0.1:50985 - R:localhost/127.0.0.1:39600] for GET '/session/5a41b0a5ccc481175ae54143d417e5dc/url'
16:10:58.197 [AsyncHttpClient-1-11] DEBUG org.asynchttpclient.netty.handler.HttpHandler - 

Request DefaultFullHttpRequest(decodeResult: success, version: HTTP/1.1, content: EmptyByteBufBE)
GET /session/5a41b0a5ccc481175ae54143d417e5dc/url HTTP/1.1
User-Agent: selenium/4.8.1 (java windows)
Cache-Control: no-cache
Content-Type: application/json; charset=utf-8
host: localhost:39600
accept: */*

Response DefaultHttpResponse(decodeResult: success, version: HTTP/1.1)
HTTP/1.1 200 OK
Content-Length: 54
Content-Type: application/json; charset=utf-8
cache-control: no-cache

16:10:58.197 [AsyncHttpClient-1-11] DEBUG org.asynchttpclient.netty.channel.ChannelManager - Adding key: http://localhost:39600 for channel [id: 0x9514fcd1, L:/127.0.0.1:50985 - R:localhost/127.0.0.1:39600]
16:10:58.198 [Forwarding screenshot on session 5a41b0a5ccc481175ae54143d417e5dc to remote] DEBUG org.asynchttpclient.netty.request.NettyRequestSender - Using pooled Channel '[id: 0x9514fcd1, L:/127.0.0.1:50985 - R:localhost/127.0.0.1:39600]' for 'GET' to 'http://localhost:39600/session/5a41b0a5ccc481175ae54143d417e5dc/screenshot'
16:10:58.198 [Forwarding screenshot on session 5a41b0a5ccc481175ae54143d417e5dc to remote] DEBUG org.asynchttpclient.netty.request.NettyRequestSender - Using open Channel [id: 0x9514fcd1, L:/127.0.0.1:50985 - R:localhost/127.0.0.1:39600] for GET '/session/5a41b0a5ccc481175ae54143d417e5dc/screenshot'
16:10:58.273 [AsyncHttpClient-1-11] DEBUG org.asynchttpclient.netty.handler.HttpHandler - 

Request DefaultFullHttpRequest(decodeResult: success, version: HTTP/1.1, content: EmptyByteBufBE)
GET /session/5a41b0a5ccc481175ae54143d417e5dc/screenshot HTTP/1.1
User-Agent: selenium/4.8.1 (java windows)
Cache-Control: no-cache
Content-Type: application/json; charset=utf-8
host: localhost:39600
accept: */*

Response DefaultHttpResponse(decodeResult: success, version: HTTP/1.1)
HTTP/1.1 200 OK
Content-Length: 35640
Content-Type: application/json; charset=utf-8
cache-control: no-cache

16:10:58.273 [AsyncHttpClient-1-11] DEBUG org.asynchttpclient.netty.channel.ChannelManager - Adding key: http://localhost:39600 for channel [id: 0x9514fcd1, L:/127.0.0.1:50985 - R:localhost/127.0.0.1:39600]
16:10:58.274 [main] DEBUG net.serenitybdd.core.photography.Darkroom - Send negative for processing for target\site\serenity\cc3032fbe900ce7a029ea826e8583530b34f907e72479a7cad3fd9df9cbc347c.png
16:10:58.275 [main] DEBUG net.thucydides.core.steps.StepInterceptor - STEP DONE: ClickRegisterButton
  &amp#27;[32mWhen &amp#27;[0m&amp#27;[32mI click on the register button&amp#27;[0m          &amp#27;[90m# starter.stepdefinitions.RegisterSteps.ClickRegisterButton()&amp#27;[0m
16:10:58.275 [Darkroom Processing Line] DEBUG net.serenitybdd.core.photography.DarkroomProcessingLine - Processing screenshot image in /var/screenshots/screenshot-900508498259438935
16:10:58.275 [Darkroom Processing Line] DEBUG net.serenitybdd.core.photography.DarkroomProcessingLine - Saving screenshot to target\site\serenity\cc3032fbe900ce7a029ea826e8583530b34f907e72479a7cad3fd9df9cbc347c.png
16:10:58.281 [Forwarding getPageSource on session 5a41b0a5ccc481175ae54143d417e5dc to remote] DEBUG org.asynchttpclient.netty.request.NettyRequestSender - Using pooled Channel '[id: 0x9514fcd1, L:/127.0.0.1:50985 - R:localhost/127.0.0.1:39600]' for 'POST' to 'http://localhost:39600/session/5a41b0a5ccc481175ae54143d417e5dc/execute/sync'
16:10:58.281 [Forwarding getPageSource on session 5a41b0a5ccc481175ae54143d417e5dc to remote] DEBUG org.asynchttpclient.netty.request.NettyRequestSender - Using open Channel [id: 0x9514fcd1, L:/127.0.0.1:50985 - R:localhost/127.0.0.1:39600] for POST '/session/5a41b0a5ccc481175ae54143d417e5dc/execute/sync'
16:10:58.286 [AsyncHttpClient-1-11] DEBUG org.asynchttpclient.netty.handler.HttpHandler - 

Request DefaultHttpRequest(decodeResult: success, version: HTTP/1.1)
POST /session/5a41b0a5ccc481175ae54143d417e5dc/execute/sync HTTP/1.1
User-Agent: selenium/4.8.1 (java windows)
Content-Length: 176
Content-Type: application/json; charset=utf-8
host: localhost:39600
accept: */*

Response DefaultHttpResponse(decodeResult: success, version: HTTP/1.1)
HTTP/1.1 200 OK
Content-Length: 22774
Content-Type: application/json; charset=utf-8
cache-control: no-cache

16:10:58.289 [AsyncHttpClient-1-11] DEBUG org.asynchttpclient.netty.channel.ChannelManager - Adding key: http://localhost:39600 for channel [id: 0x9514fcd1, L:/127.0.0.1:50985 - R:localhost/127.0.0.1:39600]
16:10:58.291 [Forwarding getCurrentUrl on session 5a41b0a5ccc481175ae54143d417e5dc to remote] DEBUG org.asynchttpclient.netty.request.NettyRequestSender - Using pooled Channel '[id: 0x9514fcd1, L:/127.0.0.1:50985 - R:localhost/127.0.0.1:39600]' for 'GET' to 'http://localhost:39600/session/5a41b0a5ccc481175ae54143d417e5dc/url'
16:10:58.291 [Forwarding getCurrentUrl on session 5a41b0a5ccc481175ae54143d417e5dc to remote] DEBUG org.asynchttpclient.netty.request.NettyRequestSender - Using open Channel [id: 0x9514fcd1, L:/127.0.0.1:50985 - R:localhost/127.0.0.1:39600] for GET '/session/5a41b0a5ccc481175ae54143d417e5dc/url'
16:10:58.294 [AsyncHttpClient-1-11] DEBUG org.asynchttpclient.netty.handler.HttpHandler - 

Request DefaultFullHttpRequest(decodeResult: success, version: HTTP/1.1, content: EmptyByteBufBE)
GET /session/5a41b0a5ccc481175ae54143d417e5dc/url HTTP/1.1
User-Agent: selenium/4.8.1 (java windows)
Cache-Control: no-cache
Content-Type: application/json; charset=utf-8
host: localhost:39600
accept: */*

Response DefaultHttpResponse(decodeResult: success, version: HTTP/1.1)
HTTP/1.1 200 OK
Content-Length: 54
Content-Type: application/json; charset=utf-8
cache-control: no-cache

16:10:58.294 [AsyncHttpClient-1-11] DEBUG org.asynchttpclient.netty.channel.ChannelManager - Adding key: http://localhost:39600 for channel [id: 0x9514fcd1, L:/127.0.0.1:50985 - R:localhost/127.0.0.1:39600]
16:10:58.301 [Forwarding getPageSource on session 5a41b0a5ccc481175ae54143d417e5dc to remote] DEBUG org.asynchttpclient.netty.request.NettyRequestSender - Using pooled Channel '[id: 0x9514fcd1, L:/127.0.0.1:50985 - R:localhost/127.0.0.1:39600]' for 'POST' to 'http://localhost:39600/session/5a41b0a5ccc481175ae54143d417e5dc/execute/sync'
16:10:58.301 [Forwarding getPageSource on session 5a41b0a5ccc481175ae54143d417e5dc to remote] DEBUG org.asynchttpclient.netty.request.NettyRequestSender - Using open Channel [id: 0x9514fcd1, L:/127.0.0.1:50985 - R:localhost/127.0.0.1:39600] for POST '/session/5a41b0a5ccc481175ae54143d417e5dc/execute/sync'
16:10:58.304 [AsyncHttpClient-1-11] DEBUG org.asynchttpclient.netty.handler.HttpHandler - 

Request DefaultHttpRequest(decodeResult: success, version: HTTP/1.1)
POST /session/5a41b0a5ccc481175ae54143d417e5dc/execute/sync HTTP/1.1
User-Agent: selenium/4.8.1 (java windows)
Content-Length: 176
Content-Type: application/json; charset=utf-8
host: localhost:39600
accept: */*

Response DefaultHttpResponse(decodeResult: success, version: HTTP/1.1)
HTTP/1.1 200 OK
Content-Length: 22774
Content-Type: application/json; charset=utf-8
cache-control: no-cache

16:10:58.304 [AsyncHttpClient-1-11] DEBUG org.asynchttpclient.netty.channel.ChannelManager - Adding key: http://localhost:39600 for channel [id: 0x9514fcd1, L:/127.0.0.1:50985 - R:localhost/127.0.0.1:39600]
16:10:58.306 [Forwarding getCurrentUrl on session 5a41b0a5ccc481175ae54143d417e5dc to remote] DEBUG org.asynchttpclient.netty.request.NettyRequestSender - Using pooled Channel '[id: 0x9514fcd1, L:/127.0.0.1:50985 - R:localhost/127.0.0.1:39600]' for 'GET' to 'http://localhost:39600/session/5a41b0a5ccc481175ae54143d417e5dc/url'
16:10:58.306 [Forwarding getCurrentUrl on session 5a41b0a5ccc481175ae54143d417e5dc to remote] DEBUG org.asynchttpclient.netty.request.NettyRequestSender - Using open Channel [id: 0x9514fcd1, L:/127.0.0.1:50985 - R:localhost/127.0.0.1:39600] for GET '/session/5a41b0a5ccc481175ae54143d417e5dc/url'
16:10:58.309 [AsyncHttpClient-1-11] DEBUG org.asynchttpclient.netty.handler.HttpHandler - 

Request DefaultFullHttpRequest(decodeResult: success, version: HTTP/1.1, content: EmptyByteBufBE)
GET /session/5a41b0a5ccc481175ae54143d417e5dc/url HTTP/1.1
User-Agent: selenium/4.8.1 (java windows)
Cache-Control: no-cache
Content-Type: application/json; charset=utf-8
host: localhost:39600
accept: */*

Response DefaultHttpResponse(decodeResult: success, version: HTTP/1.1)
HTTP/1.1 200 OK
Content-Length: 54
Content-Type: application/json; charset=utf-8
cache-control: no-cache

16:10:58.309 [AsyncHttpClient-1-11] DEBUG org.asynchttpclient.netty.channel.ChannelManager - Adding key: http://localhost:39600 for channel [id: 0x9514fcd1, L:/127.0.0.1:50985 - R:localhost/127.0.0.1:39600]
16:10:58.311 [main] DEBUG net.thucydides.core.steps.StepInterceptor - STARTING STEP: LoginSteps.alertContent - incorrectAlert
16:10:58.313 [Forwarding findElement on session 5a41b0a5ccc481175ae54143d417e5dc to remote] DEBUG org.asynchttpclient.netty.request.NettyRequestSender - Using pooled Channel '[id: 0x9514fcd1, L:/127.0.0.1:50985 - R:localhost/127.0.0.1:39600]' for 'POST' to 'http://localhost:39600/session/5a41b0a5ccc481175ae54143d417e5dc/element'
16:10:58.313 [Forwarding findElement on session 5a41b0a5ccc481175ae54143d417e5dc to remote] DEBUG org.asynchttpclient.netty.request.NettyRequestSender - Using open Channel [id: 0x9514fcd1, L:/127.0.0.1:50985 - R:localhost/127.0.0.1:39600] for POST '/session/5a41b0a5ccc481175ae54143d417e5dc/element'
16:10:58.564 [AsyncHttpClient-1-11] DEBUG org.asynchttpclient.netty.handler.HttpHandler - 

Request DefaultHttpRequest(decodeResult: success, version: HTTP/1.1)
POST /session/5a41b0a5ccc481175ae54143d417e5dc/element HTTP/1.1
User-Agent: selenium/4.8.1 (java windows)
Content-Length: 54
Content-Type: application/json; charset=utf-8
host: localhost:39600
accept: */*

Response DefaultHttpResponse(decodeResult: success, version: HTTP/1.1)
HTTP/1.1 200 OK
Content-Length: 88
Content-Type: application/json; charset=utf-8
cache-control: no-cache

16:10:58.565 [AsyncHttpClient-1-11] DEBUG org.asynchttpclient.netty.channel.ChannelManager - Adding key: http://localhost:39600 for channel [id: 0x9514fcd1, L:/127.0.0.1:50985 - R:localhost/127.0.0.1:39600]
16:10:58.567 [Forwarding isElementDisplayed on session 5a41b0a5ccc481175ae54143d417e5dc to remote] DEBUG org.asynchttpclient.netty.request.NettyRequestSender - Using pooled Channel '[id: 0x9514fcd1, L:/127.0.0.1:50985 - R:localhost/127.0.0.1:39600]' for 'POST' to 'http://localhost:39600/session/5a41b0a5ccc481175ae54143d417e5dc/execute/sync'
16:10:58.567 [Forwarding isElementDisplayed on session 5a41b0a5ccc481175ae54143d417e5dc to remote] DEBUG org.asynchttpclient.netty.request.NettyRequestSender - Using open Channel [id: 0x9514fcd1, L:/127.0.0.1:50985 - R:localhost/127.0.0.1:39600] for POST '/session/5a41b0a5ccc481175ae54143d417e5dc/execute/sync'
16:10:58.576 [AsyncHttpClient-1-11] DEBUG org.asynchttpclient.netty.handler.HttpHandler - 

Request DefaultHttpRequest(decodeResult: success, version: HTTP/1.1)
POST /session/5a41b0a5ccc481175ae54143d417e5dc/execute/sync HTTP/1.1
User-Agent: selenium/4.8.1 (java windows)
Content-Length: 48807
Content-Type: application/json; charset=utf-8
host: localhost:39600
accept: */*

Response DefaultHttpResponse(decodeResult: success, version: HTTP/1.1)
HTTP/1.1 200 OK
Content-Length: 14
Content-Type: application/json; charset=utf-8
cache-control: no-cache

16:10:58.576 [AsyncHttpClient-1-11] DEBUG org.asynchttpclient.netty.channel.ChannelManager - Adding key: http://localhost:39600 for channel [id: 0x9514fcd1, L:/127.0.0.1:50985 - R:localhost/127.0.0.1:39600]
16:10:58.579 [Forwarding getAlertText on session 5a41b0a5ccc481175ae54143d417e5dc to remote] DEBUG org.asynchttpclient.netty.request.NettyRequestSender - Using pooled Channel '[id: 0x9514fcd1, L:/127.0.0.1:50985 - R:localhost/127.0.0.1:39600]' for 'GET' to 'http://localhost:39600/session/5a41b0a5ccc481175ae54143d417e5dc/alert/text'
16:10:58.579 [Forwarding getAlertText on session 5a41b0a5ccc481175ae54143d417e5dc to remote] DEBUG org.asynchttpclient.netty.request.NettyRequestSender - Using open Channel [id: 0x9514fcd1, L:/127.0.0.1:50985 - R:localhost/127.0.0.1:39600] for GET '/session/5a41b0a5ccc481175ae54143d417e5dc/alert/text'
16:10:58.581 [AsyncHttpClient-1-11] DEBUG org.asynchttpclient.netty.handler.HttpHandler - 

Request DefaultFullHttpRequest(decodeResult: success, version: HTTP/1.1, content: EmptyByteBufBE)
GET /session/5a41b0a5ccc481175ae54143d417e5dc/alert/text HTTP/1.1
User-Agent: selenium/4.8.1 (java windows)
Cache-Control: no-cache
Content-Type: application/json; charset=utf-8
host: localhost:39600
accept: */*

Response DefaultHttpResponse(decodeResult: success, version: HTTP/1.1)
HTTP/1.1 404 Not Found
Content-Length: 836
Content-Type: application/json; charset=utf-8
cache-control: no-cache

16:10:58.581 [AsyncHttpClient-1-11] DEBUG org.asynchttpclient.netty.channel.ChannelManager - Adding key: http://localhost:39600 for channel [id: 0x9514fcd1, L:/127.0.0.1:50985 - R:localhost/127.0.0.1:39600]
16:10:58.582 [Forwarding getCurrentUrl on session 5a41b0a5ccc481175ae54143d417e5dc to remote] DEBUG org.asynchttpclient.netty.request.NettyRequestSender - Using pooled Channel '[id: 0x9514fcd1, L:/127.0.0.1:50985 - R:localhost/127.0.0.1:39600]' for 'GET' to 'http://localhost:39600/session/5a41b0a5ccc481175ae54143d417e5dc/url'
16:10:58.582 [Forwarding getCurrentUrl on session 5a41b0a5ccc481175ae54143d417e5dc to remote] DEBUG org.asynchttpclient.netty.request.NettyRequestSender - Using open Channel [id: 0x9514fcd1, L:/127.0.0.1:50985 - R:localhost/127.0.0.1:39600] for GET '/session/5a41b0a5ccc481175ae54143d417e5dc/url'
16:10:58.585 [AsyncHttpClient-1-11] DEBUG org.asynchttpclient.netty.handler.HttpHandler - 

Request DefaultFullHttpRequest(decodeResult: success, version: HTTP/1.1, content: EmptyByteBufBE)
GET /session/5a41b0a5ccc481175ae54143d417e5dc/url HTTP/1.1
User-Agent: selenium/4.8.1 (java windows)
Cache-Control: no-cache
Content-Type: application/json; charset=utf-8
host: localhost:39600
accept: */*

Response DefaultHttpResponse(decodeResult: success, version: HTTP/1.1)
HTTP/1.1 200 OK
Content-Length: 54
Content-Type: application/json; charset=utf-8
cache-control: no-cache

16:10:58.585 [AsyncHttpClient-1-11] DEBUG org.asynchttpclient.netty.channel.ChannelManager - Adding key: http://localhost:39600 for channel [id: 0x9514fcd1, L:/127.0.0.1:50985 - R:localhost/127.0.0.1:39600]
16:10:58.585 [Forwarding screenshot on session 5a41b0a5ccc481175ae54143d417e5dc to remote] DEBUG org.asynchttpclient.netty.request.NettyRequestSender - Using pooled Channel '[id: 0x9514fcd1, L:/127.0.0.1:50985 - R:localhost/127.0.0.1:39600]' for 'GET' to 'http://localhost:39600/session/5a41b0a5ccc481175ae54143d417e5dc/screenshot'
16:10:58.585 [Forwarding screenshot on session 5a41b0a5ccc481175ae54143d417e5dc to remote] DEBUG org.asynchttpclient.netty.request.NettyRequestSender - Using open Channel [id: 0x9514fcd1, L:/127.0.0.1:50985 - R:localhost/127.0.0.1:39600] for GET '/session/5a41b0a5ccc481175ae54143d417e5dc/screenshot'
16:10:58.677 [AsyncHttpClient-1-11] DEBUG org.asynchttpclient.netty.handler.HttpHandler - 

Request DefaultFullHttpRequest(decodeResult: success, version: HTTP/1.1, content: EmptyByteBufBE)
GET /session/5a41b0a5ccc481175ae54143d417e5dc/screenshot HTTP/1.1
User-Agent: selenium/4.8.1 (java windows)
Cache-Control: no-cache
Content-Type: application/json; charset=utf-8
host: localhost:39600
accept: */*

Response DefaultHttpResponse(decodeResult: success, version: HTTP/1.1)
HTTP/1.1 200 OK
Content-Length: 36824
Content-Type: application/json; charset=utf-8
cache-control: no-cache

16:10:58.677 [AsyncHttpClient-1-11] DEBUG org.asynchttpclient.netty.channel.ChannelManager - Adding key: http://localhost:39600 for channel [id: 0x9514fcd1, L:/127.0.0.1:50985 - R:localhost/127.0.0.1:39600]
16:10:58.679 [main] DEBUG net.serenitybdd.core.photography.Darkroom - Send negative for processing for target\site\serenity\a6147d3340f093e1b94b0f3e0639442ddd8ee0ce912f54a0cdc43f44ca9a3ab6.png
16:10:58.679 [main] DEBUG net.thucydides.core.steps.StepInterceptor - STEP DONE: incorrectAlert
  &amp#27;[32mThen &amp#27;[0m&amp#27;[32mI should see the error message&amp#27;[0m          &amp#27;[90m# starter.stepdefinitions.LoginSteps.alertContent()&amp#27;[0m
16:10:58.679 [Darkroom Processing Line] DEBUG net.serenitybdd.core.photography.DarkroomProcessingLine - Processing screenshot image in /var/screenshots/screenshot-161141532302779456
16:10:58.679 [Darkroom Processing Line] DEBUG net.serenitybdd.core.photography.DarkroomProcessingLine - Saving screenshot to target\site\serenity\a6147d3340f093e1b94b0f3e0639442ddd8ee0ce912f54a0cdc43f44ca9a3ab6.png
16:10:58.684 [main] INFO  - 
  _____   ___   ___   _____     ___     _     ___   ___   ___   ___  
 |_   _| | __| / __| |_   _|   | _ \   /_\   / __| / __| | __| |   \ 
   | |   | _|  \__ \   | |     |  _/  / _ \  \__ \ \__ \ | _|  | |) |
   |_|   |___| |___/   |_|     |_|   /_/ \_\ |___/ |___/ |___| |___/ 

Register without fill the password
----------------------------------------------------------------------
16:10:58.686 [Driver Command Executor] DEBUG org.asynchttpclient.netty.request.NettyRequestSender - Using pooled Channel '[id: 0x9514fcd1, L:/127.0.0.1:50985 - R:localhost/127.0.0.1:39600]' for 'DELETE' to 'http://localhost:39600/session/5a41b0a5ccc481175ae54143d417e5dc'
16:10:58.685 [AsyncHttpClient-1-13] DEBUG org.asynchttpclient.netty.handler.WebSocketHandler - Channel Closed: [id: 0xc9917803, L:/127.0.0.1:50994 ! R:localhost/127.0.0.1:50986] with attribute NettyResponseFuture{currentRetry=0,
	isDone=1,
	isCancelled=0,
	asyncHandler=org.asynchttpclient.ws.WebSocketUpgradeHandler@392b607f,
	nettyRequest=org.asynchttpclient.netty.request.NettyRequest@7c29f93e,
	future=java.util.concurrent.CompletableFuture@57091ec7[Completed normally],
	uri=ws://localhost:50986/devtools/browser/83d07a82-4765-4b8f-b856-1b89ee6e171c,
	keepAlive=true,
	redirectCount=0,
	timeoutsHolder=null,
	inAuth=0,
	touch=1683537054418}
16:10:58.686 [Driver Command Executor] DEBUG org.asynchttpclient.netty.request.NettyRequestSender - Using open Channel [id: 0x9514fcd1, L:/127.0.0.1:50985 - R:localhost/127.0.0.1:39600] for DELETE '/session/5a41b0a5ccc481175ae54143d417e5dc'
16:10:58.686 [AsyncHttpClient-1-13] DEBUG org.asynchttpclient.netty.channel.ChannelManager - Closing Channel [id: 0xc9917803, L:/127.0.0.1:50994 ! R:localhost/127.0.0.1:50986] 
16:10:58.731 [AsyncHttpClient-1-12] DEBUG org.asynchttpclient.netty.handler.HttpHandler - Unexpected I/O exception on channel [id: 0x6107cb83, L:/127.0.0.1:50993 - R:localhost/127.0.0.1:50986]
java.net.SocketException: Connection reset
	at java.base/sun.nio.ch.SocketChannelImpl.throwConnectionReset(SocketChannelImpl.java:367)
	at java.base/sun.nio.ch.SocketChannelImpl.read(SocketChannelImpl.java:398)
	at io.netty.buffer.PooledByteBuf.setBytes(PooledByteBuf.java:259)
	at io.netty.buffer.AbstractByteBuf.writeBytes(AbstractByteBuf.java:1132)
	at io.netty.channel.socket.nio.NioSocketChannel.doReadBytes(NioSocketChannel.java:357)
	at io.netty.channel.nio.AbstractNioByteChannel$NioByteUnsafe.read(AbstractNioByteChannel.java:151)
	at io.netty.channel.nio.NioEventLoop.processSelectedKey(NioEventLoop.java:788)
	at io.netty.channel.nio.NioEventLoop.processSelectedKeysOptimized(NioEventLoop.java:724)
	at io.netty.channel.nio.NioEventLoop.processSelectedKeys(NioEventLoop.java:650)
	at io.netty.channel.nio.NioEventLoop.run(NioEventLoop.java:562)
	at io.netty.util.concurrent.SingleThreadEventExecutor$4.run(SingleThreadEventExecutor.java:997)
	at io.netty.util.internal.ThreadExecutorMap$2.run(ThreadExecutorMap.java:74)
	at io.netty.util.concurrent.FastThreadLocalRunnable.run(FastThreadLocalRunnable.java:30)
	at java.base/java.lang.Thread.run(Thread.java:832)
16:10:58.732 [AsyncHttpClient-1-12] DEBUG org.asynchttpclient.netty.channel.ChannelManager - Closing Channel [id: 0x6107cb83, L:/127.0.0.1:50993 - R:localhost/127.0.0.1:50986] 
16:10:58.733 [AsyncHttpClient-1-12] DEBUG org.asynchttpclient.netty.handler.HttpHandler - Channel Closed: [id: 0x6107cb83, L:/127.0.0.1:50993 ! R:localhost/127.0.0.1:50986] with attribute DISCARD
16:10:58.747 [AsyncHttpClient-1-11] DEBUG org.asynchttpclient.netty.handler.HttpHandler - 

Request DefaultFullHttpRequest(decodeResult: success, version: HTTP/1.1, content: EmptyByteBufBE)
DELETE /session/5a41b0a5ccc481175ae54143d417e5dc HTTP/1.1
User-Agent: selenium/4.8.1 (java windows)
Content-Type: application/json; charset=utf-8
host: localhost:39600
accept: */*

Response DefaultHttpResponse(decodeResult: success, version: HTTP/1.1)
HTTP/1.1 200 OK
Content-Length: 14
Content-Type: application/json; charset=utf-8
cache-control: no-cache

16:10:58.747 [AsyncHttpClient-1-11] DEBUG org.asynchttpclient.netty.channel.ChannelManager - Adding key: http://localhost:39600 for channel [id: 0x9514fcd1, L:/127.0.0.1:50985 - R:localhost/127.0.0.1:39600]
16:10:58.856 [AsyncHttpClient-1-1] DEBUG org.asynchttpclient.netty.channel.DefaultChannelPool - Entry count for : http://localhost:50986 : 1
16:10:58.856 [AsyncHttpClient-1-1] DEBUG org.asynchttpclient.netty.channel.DefaultChannelPool - Entry count for : http://localhost:39600 : 1
16:10:58.856 [AsyncHttpClient-1-1] DEBUG org.asynchttpclient.netty.channel.DefaultChannelPool - Adding Candidate expired Channel [id: 0x6107cb83, L:/127.0.0.1:50993 ! R:localhost/127.0.0.1:50986] isIdleTimeoutExpired=false isRemotelyClosed=true isTtlExpired=false
16:10:58.856 [AsyncHttpClient-1-1] DEBUG org.asynchttpclient.netty.channel.DefaultChannelPool - Closing Idle Channel [id: 0x6107cb83, L:/127.0.0.1:50993 ! R:localhost/127.0.0.1:50986]
16:10:58.857 [AsyncHttpClient-1-1] DEBUG org.asynchttpclient.netty.channel.DefaultChannelPool - Closed 1 connections out of 2 in 1 ms
16:10:58.913 [AsyncHttpClient-1-11] DEBUG org.asynchttpclient.netty.handler.HttpHandler - Channel Closed: [id: 0x9514fcd1, L:/127.0.0.1:50985 ! R:localhost/127.0.0.1:39600] with attribute DISCARD
]]></system-out>
    <system-err><![CDATA[Starting ChromeDriver 111.0.5563.64 (c710e93d5b63b7095afe8c2c17df34408078439d-refs/branch-heads/5563@{#995}) on port 39600
Only local connections are allowed.
Please see https://chromedriver.chromium.org/security-considerations for suggestions on keeping ChromeDriver safe.
ChromeDriver was started successfully.
[1683537054.392][WARNING]: This version of ChromeDriver has not been tested with Chrome version 112.
May 08, 2023 4:10:54 PM org.openqa.selenium.devtools.CdpVersionFinder findNearestMatch
WARNING: Unable to find an exact match for CDP version 112, so returning the closest version found: 110
]]></system-err>
  </testcase>
  <testcase name="Register with existed email" classname="Register to Alta-shop Account" time="35.944">
    <system-out><![CDATA[
Scenario: Register with existed email       &amp#27;[90m# src/test/resources/features/1. Register.feature:43&amp#27;[0m
16:10:59.436 [main] DEBUG io.cucumber.core.plugin.SerenityReporter - Running feature from file:///C:/Users/WINDOWS%2010/Documents/GitHub/MiniProject_QE/Web/code/minpro/src/test/resources/features/1.%20Register.feature
16:10:59.439 [main] INFO  - 
  _____   ___   ___   _____     ___   _____     _     ___   _____   ___   ___  
 |_   _| | __| / __| |_   _|   / __| |_   _|   /_\   | _ \ |_   _| | __| |   \ 
   | |   | _|  \__ \   | |     \__ \   | |    / _ \  |   /   | |   | _|  | |) |
   |_|   |___| |___/   |_|     |___/   |_|   /_/ \_\ |_|_\   |_|   |___| |___/ 

Register with existed email(register-to-alta-shop-account;register-with-existed-email)
--------------------------------------------------------------------------------
16:10:59.454 [main] DEBUG net.thucydides.core.steps.StepInterceptor - STARTING STEP: LoginSteps.onTheLoginPage - openPage
16:10:59.484 [main] INFO net.serenitybdd.core.webdriver.driverproviders.ChromeDriverProvider - Starting Chrome driver instance with capabilities:
16:10:59.484 [main] INFO net.serenitybdd.core.webdriver.driverproviders.ChromeDriverProvider - Capabilities {acceptInsecureCerts: false, browserName: chrome, goog:chromeOptions: {args: [remote-allow-origins=*], extensions: []}}
16:10:59.556 [AsyncHttpClient-1-14] DEBUG org.asynchttpclient.netty.channel.NettyConnectListener - Using new Channel '[id: 0xacc500b9, L:/127.0.0.1:51022 - R:localhost/127.0.0.1:24482]' for 'POST' to '/session'
16:10:59.959 [AsyncHttpClient-1-1] DEBUG org.asynchttpclient.netty.channel.DefaultChannelPool - Entry count for : http://localhost:39600 : 1
16:10:59.959 [AsyncHttpClient-1-1] DEBUG org.asynchttpclient.netty.channel.DefaultChannelPool - Adding Candidate expired Channel [id: 0x9514fcd1, L:/127.0.0.1:50985 ! R:localhost/127.0.0.1:39600] isIdleTimeoutExpired=false isRemotelyClosed=true isTtlExpired=false
16:10:59.959 [AsyncHttpClient-1-1] DEBUG org.asynchttpclient.netty.channel.DefaultChannelPool - Closing Idle Channel [id: 0x9514fcd1, L:/127.0.0.1:50985 ! R:localhost/127.0.0.1:39600]
16:10:59.959 [AsyncHttpClient-1-1] DEBUG org.asynchttpclient.netty.channel.DefaultChannelPool - Closed 1 connections out of 1 in 0 ms
16:11:00.203 [AsyncHttpClient-1-14] DEBUG org.asynchttpclient.netty.handler.HttpHandler - 

Request DefaultHttpRequest(decodeResult: success, version: HTTP/1.1)
POST /session HTTP/1.1
User-Agent: selenium/4.8.1 (java windows)
Content-Length: 507
Content-Type: application/json; charset=utf-8
host: localhost:24482
accept: */*

Response DefaultHttpResponse(decodeResult: success, version: HTTP/1.1)
HTTP/1.1 200 OK
Content-Length: 863
Content-Type: application/json; charset=utf-8
cache-control: no-cache

16:11:00.203 [AsyncHttpClient-1-14] DEBUG org.asynchttpclient.netty.channel.ChannelManager - Adding key: http://localhost:24482 for channel [id: 0xacc500b9, L:/127.0.0.1:51022 - R:localhost/127.0.0.1:24482]
16:11:00.209 [AsyncHttpClient-1-15] DEBUG org.asynchttpclient.netty.channel.NettyConnectListener - Using new Channel '[id: 0xa80fbfe1, L:/127.0.0.1:51030 - R:localhost/127.0.0.1:51024]' for 'GET' to '/json/version'
16:11:00.211 [AsyncHttpClient-1-15] DEBUG org.asynchttpclient.netty.handler.HttpHandler - 

Request DefaultFullHttpRequest(decodeResult: success, version: HTTP/1.1, content: EmptyByteBufBE)
GET /json/version HTTP/1.1
User-Agent: selenium/4.8.1 (java windows)
host: localhost:51024
accept: */*

Response DefaultHttpResponse(decodeResult: success, version: HTTP/1.1)
HTTP/1.1 200 OK
Content-Security-Policy: frame-ancestors 'none'
Content-Length: 424
Content-Type: application/json; charset=UTF-8

16:11:00.211 [AsyncHttpClient-1-15] DEBUG org.asynchttpclient.netty.channel.ChannelManager - Adding key: http://localhost:51024 for channel [id: 0xa80fbfe1, L:/127.0.0.1:51030 - R:localhost/127.0.0.1:51024]
16:11:00.213 [AsyncHttpClient-1-16] DEBUG org.asynchttpclient.netty.channel.NettyConnectListener - Using new Channel '[id: 0x1ecfe65f, L:/127.0.0.1:51031 - R:localhost/127.0.0.1:51024]' for 'GET' to '/devtools/browser/21291211-a66e-44dc-8d50-825784714fd9'
16:11:00.215 [AsyncHttpClient-1-16] DEBUG org.asynchttpclient.netty.handler.WebSocketHandler - 

Request DefaultFullHttpRequest(decodeResult: success, version: HTTP/1.1, content: EmptyByteBufBE)
GET /devtools/browser/21291211-a66e-44dc-8d50-825784714fd9 HTTP/1.1
upgrade: websocket
connection: upgrade
sec-websocket-key: 4+w/fgsz7/gTOj0fHUWAnw==
sec-websocket-version: 13
origin: http://localhost:51024
host: localhost:51024
accept: */*
user-agent: AHC/2.1

Response DefaultHttpResponse(decodeResult: success, version: HTTP/1.1)
HTTP/1.1 101 WebSocket Protocol Handshake
Upgrade: WebSocket
Connection: Upgrade
Sec-WebSocket-Accept: WGL6HuuzlzzRvUNilRR5HQbuEPk=

16:11:00.218 [Forwarding get on session 5ec2e7885543377fcc820987c2fa75b2 to remote] DEBUG org.asynchttpclient.netty.request.NettyRequestSender - Using pooled Channel '[id: 0xacc500b9, L:/127.0.0.1:51022 - R:localhost/127.0.0.1:24482]' for 'POST' to 'http://localhost:24482/session/5ec2e7885543377fcc820987c2fa75b2/url'
16:11:00.218 [Forwarding get on session 5ec2e7885543377fcc820987c2fa75b2 to remote] DEBUG org.asynchttpclient.netty.request.NettyRequestSender - Using open Channel [id: 0xacc500b9, L:/127.0.0.1:51022 - R:localhost/127.0.0.1:24482] for POST '/session/5ec2e7885543377fcc820987c2fa75b2/url'
16:11:01.059 [AsyncHttpClient-1-1] DEBUG org.asynchttpclient.netty.channel.DefaultChannelPool - Entry count for : http://localhost:51024 : 1
16:11:02.158 [AsyncHttpClient-1-1] DEBUG org.asynchttpclient.netty.channel.DefaultChannelPool - Entry count for : http://localhost:51024 : 1
16:11:03.261 [AsyncHttpClient-1-1] DEBUG org.asynchttpclient.netty.channel.DefaultChannelPool - Entry count for : http://localhost:51024 : 1
16:11:04.357 [AsyncHttpClient-1-1] DEBUG org.asynchttpclient.netty.channel.DefaultChannelPool - Entry count for : http://localhost:51024 : 1
16:11:05.456 [AsyncHttpClient-1-1] DEBUG org.asynchttpclient.netty.channel.DefaultChannelPool - Entry count for : http://localhost:51024 : 1
16:11:06.558 [AsyncHttpClient-1-1] DEBUG org.asynchttpclient.netty.channel.DefaultChannelPool - Entry count for : http://localhost:51024 : 1
16:11:07.660 [AsyncHttpClient-1-1] DEBUG org.asynchttpclient.netty.channel.DefaultChannelPool - Entry count for : http://localhost:51024 : 1
16:11:08.760 [AsyncHttpClient-1-1] DEBUG org.asynchttpclient.netty.channel.DefaultChannelPool - Entry count for : http://localhost:51024 : 1
16:11:09.856 [AsyncHttpClient-1-1] DEBUG org.asynchttpclient.netty.channel.DefaultChannelPool - Entry count for : http://localhost:51024 : 1
16:11:10.956 [AsyncHttpClient-1-1] DEBUG org.asynchttpclient.netty.channel.DefaultChannelPool - Entry count for : http://localhost:51024 : 1
16:11:12.057 [AsyncHttpClient-1-1] DEBUG org.asynchttpclient.netty.channel.DefaultChannelPool - Entry count for : http://localhost:51024 : 1
16:11:13.163 [AsyncHttpClient-1-1] DEBUG org.asynchttpclient.netty.channel.DefaultChannelPool - Entry count for : http://localhost:51024 : 1
16:11:14.263 [AsyncHttpClient-1-1] DEBUG org.asynchttpclient.netty.channel.DefaultChannelPool - Entry count for : http://localhost:51024 : 1
16:11:15.360 [AsyncHttpClient-1-1] DEBUG org.asynchttpclient.netty.channel.DefaultChannelPool - Entry count for : http://localhost:51024 : 1
16:11:16.457 [AsyncHttpClient-1-1] DEBUG org.asynchttpclient.netty.channel.DefaultChannelPool - Entry count for : http://localhost:51024 : 1
16:11:17.559 [AsyncHttpClient-1-1] DEBUG org.asynchttpclient.netty.channel.DefaultChannelPool - Entry count for : http://localhost:51024 : 1
16:11:18.657 [AsyncHttpClient-1-1] DEBUG org.asynchttpclient.netty.channel.DefaultChannelPool - Entry count for : http://localhost:51024 : 1
16:11:19.757 [AsyncHttpClient-1-1] DEBUG org.asynchttpclient.netty.channel.DefaultChannelPool - Entry count for : http://localhost:51024 : 1
16:11:20.863 [AsyncHttpClient-1-1] DEBUG org.asynchttpclient.netty.channel.DefaultChannelPool - Entry count for : http://localhost:51024 : 1
16:11:21.957 [AsyncHttpClient-1-1] DEBUG org.asynchttpclient.netty.channel.DefaultChannelPool - Entry count for : http://localhost:51024 : 1
16:11:23.057 [AsyncHttpClient-1-1] DEBUG org.asynchttpclient.netty.channel.DefaultChannelPool - Entry count for : http://localhost:51024 : 1
16:11:24.160 [AsyncHttpClient-1-1] DEBUG org.asynchttpclient.netty.channel.DefaultChannelPool - Entry count for : http://localhost:51024 : 1
16:11:25.265 [AsyncHttpClient-1-1] DEBUG org.asynchttpclient.netty.channel.DefaultChannelPool - Entry count for : http://localhost:51024 : 1
16:11:26.357 [AsyncHttpClient-1-1] DEBUG org.asynchttpclient.netty.channel.DefaultChannelPool - Entry count for : http://localhost:51024 : 1
16:11:27.464 [AsyncHttpClient-1-1] DEBUG org.asynchttpclient.netty.channel.DefaultChannelPool - Entry count for : http://localhost:51024 : 1
16:11:28.557 [AsyncHttpClient-1-1] DEBUG org.asynchttpclient.netty.channel.DefaultChannelPool - Entry count for : http://localhost:51024 : 1
16:11:29.656 [AsyncHttpClient-1-1] DEBUG org.asynchttpclient.netty.channel.DefaultChannelPool - Entry count for : http://localhost:51024 : 1
16:11:30.761 [AsyncHttpClient-1-1] DEBUG org.asynchttpclient.netty.channel.DefaultChannelPool - Entry count for : http://localhost:51024 : 1
16:11:31.871 [AsyncHttpClient-1-1] DEBUG org.asynchttpclient.netty.channel.DefaultChannelPool - Entry count for : http://localhost:51024 : 1
16:11:32.862 [AsyncHttpClient-1-14] DEBUG org.asynchttpclient.netty.handler.HttpHandler - 

Request DefaultHttpRequest(decodeResult: success, version: HTTP/1.1)
POST /session/5ec2e7885543377fcc820987c2fa75b2/url HTTP/1.1
User-Agent: selenium/4.8.1 (java windows)
Content-Length: 74
Content-Type: application/json; charset=utf-8
host: localhost:24482
accept: */*

Response DefaultHttpResponse(decodeResult: success, version: HTTP/1.1)
HTTP/1.1 200 OK
Content-Length: 14
Content-Type: application/json; charset=utf-8
cache-control: no-cache

16:11:32.862 [AsyncHttpClient-1-14] DEBUG org.asynchttpclient.netty.channel.ChannelManager - Adding key: http://localhost:24482 for channel [id: 0xacc500b9, L:/127.0.0.1:51022 - R:localhost/127.0.0.1:24482]
16:11:32.863 [Forwarding setTimeout on session 5ec2e7885543377fcc820987c2fa75b2 to remote] DEBUG org.asynchttpclient.netty.request.NettyRequestSender - Using pooled Channel '[id: 0xacc500b9, L:/127.0.0.1:51022 - R:localhost/127.0.0.1:24482]' for 'POST' to 'http://localhost:24482/session/5ec2e7885543377fcc820987c2fa75b2/timeouts'
16:11:32.863 [Forwarding setTimeout on session 5ec2e7885543377fcc820987c2fa75b2 to remote] DEBUG org.asynchttpclient.netty.request.NettyRequestSender - Using open Channel [id: 0xacc500b9, L:/127.0.0.1:51022 - R:localhost/127.0.0.1:24482] for POST '/session/5ec2e7885543377fcc820987c2fa75b2/timeouts'
16:11:32.864 [AsyncHttpClient-1-14] DEBUG org.asynchttpclient.netty.handler.HttpHandler - 

Request DefaultHttpRequest(decodeResult: success, version: HTTP/1.1)
POST /session/5ec2e7885543377fcc820987c2fa75b2/timeouts HTTP/1.1
User-Agent: selenium/4.8.1 (java windows)
Content-Length: 22
Content-Type: application/json; charset=utf-8
host: localhost:24482
accept: */*

Response DefaultHttpResponse(decodeResult: success, version: HTTP/1.1)
HTTP/1.1 200 OK
Content-Length: 14
Content-Type: application/json; charset=utf-8
cache-control: no-cache

16:11:32.864 [AsyncHttpClient-1-14] DEBUG org.asynchttpclient.netty.channel.ChannelManager - Adding key: http://localhost:24482 for channel [id: 0xacc500b9, L:/127.0.0.1:51022 - R:localhost/127.0.0.1:24482]
16:11:32.867 [Forwarding getAlertText on session 5ec2e7885543377fcc820987c2fa75b2 to remote] DEBUG org.asynchttpclient.netty.request.NettyRequestSender - Using pooled Channel '[id: 0xacc500b9, L:/127.0.0.1:51022 - R:localhost/127.0.0.1:24482]' for 'GET' to 'http://localhost:24482/session/5ec2e7885543377fcc820987c2fa75b2/alert/text'
16:11:32.867 [Forwarding getAlertText on session 5ec2e7885543377fcc820987c2fa75b2 to remote] DEBUG org.asynchttpclient.netty.request.NettyRequestSender - Using open Channel [id: 0xacc500b9, L:/127.0.0.1:51022 - R:localhost/127.0.0.1:24482] for GET '/session/5ec2e7885543377fcc820987c2fa75b2/alert/text'
16:11:32.868 [AsyncHttpClient-1-14] DEBUG org.asynchttpclient.netty.handler.HttpHandler - 

Request DefaultFullHttpRequest(decodeResult: success, version: HTTP/1.1, content: EmptyByteBufBE)
GET /session/5ec2e7885543377fcc820987c2fa75b2/alert/text HTTP/1.1
User-Agent: selenium/4.8.1 (java windows)
Cache-Control: no-cache
Content-Type: application/json; charset=utf-8
host: localhost:24482
accept: */*

Response DefaultHttpResponse(decodeResult: success, version: HTTP/1.1)
HTTP/1.1 404 Not Found
Content-Length: 836
Content-Type: application/json; charset=utf-8
cache-control: no-cache

16:11:32.868 [AsyncHttpClient-1-14] DEBUG org.asynchttpclient.netty.channel.ChannelManager - Adding key: http://localhost:24482 for channel [id: 0xacc500b9, L:/127.0.0.1:51022 - R:localhost/127.0.0.1:24482]
16:11:32.870 [Forwarding getCurrentUrl on session 5ec2e7885543377fcc820987c2fa75b2 to remote] DEBUG org.asynchttpclient.netty.request.NettyRequestSender - Using pooled Channel '[id: 0xacc500b9, L:/127.0.0.1:51022 - R:localhost/127.0.0.1:24482]' for 'GET' to 'http://localhost:24482/session/5ec2e7885543377fcc820987c2fa75b2/url'
16:11:32.870 [Forwarding getCurrentUrl on session 5ec2e7885543377fcc820987c2fa75b2 to remote] DEBUG org.asynchttpclient.netty.request.NettyRequestSender - Using open Channel [id: 0xacc500b9, L:/127.0.0.1:51022 - R:localhost/127.0.0.1:24482] for GET '/session/5ec2e7885543377fcc820987c2fa75b2/url'
16:11:32.873 [AsyncHttpClient-1-14] DEBUG org.asynchttpclient.netty.handler.HttpHandler - 

Request DefaultFullHttpRequest(decodeResult: success, version: HTTP/1.1, content: EmptyByteBufBE)
GET /session/5ec2e7885543377fcc820987c2fa75b2/url HTTP/1.1
User-Agent: selenium/4.8.1 (java windows)
Cache-Control: no-cache
Content-Type: application/json; charset=utf-8
host: localhost:24482
accept: */*

Response DefaultHttpResponse(decodeResult: success, version: HTTP/1.1)
HTTP/1.1 200 OK
Content-Length: 51
Content-Type: application/json; charset=utf-8
cache-control: no-cache

16:11:32.873 [AsyncHttpClient-1-14] DEBUG org.asynchttpclient.netty.channel.ChannelManager - Adding key: http://localhost:24482 for channel [id: 0xacc500b9, L:/127.0.0.1:51022 - R:localhost/127.0.0.1:24482]
16:11:32.873 [Forwarding screenshot on session 5ec2e7885543377fcc820987c2fa75b2 to remote] DEBUG org.asynchttpclient.netty.request.NettyRequestSender - Using pooled Channel '[id: 0xacc500b9, L:/127.0.0.1:51022 - R:localhost/127.0.0.1:24482]' for 'GET' to 'http://localhost:24482/session/5ec2e7885543377fcc820987c2fa75b2/screenshot'
16:11:32.873 [Forwarding screenshot on session 5ec2e7885543377fcc820987c2fa75b2 to remote] DEBUG org.asynchttpclient.netty.request.NettyRequestSender - Using open Channel [id: 0xacc500b9, L:/127.0.0.1:51022 - R:localhost/127.0.0.1:24482] for GET '/session/5ec2e7885543377fcc820987c2fa75b2/screenshot'
16:11:32.962 [AsyncHttpClient-1-1] DEBUG org.asynchttpclient.netty.channel.DefaultChannelPool - Entry count for : http://localhost:51024 : 1
16:11:32.962 [AsyncHttpClient-1-14] DEBUG org.asynchttpclient.netty.handler.HttpHandler - 

Request DefaultFullHttpRequest(decodeResult: success, version: HTTP/1.1, content: EmptyByteBufBE)
GET /session/5ec2e7885543377fcc820987c2fa75b2/screenshot HTTP/1.1
User-Agent: selenium/4.8.1 (java windows)
Cache-Control: no-cache
Content-Type: application/json; charset=utf-8
host: localhost:24482
accept: */*

Response DefaultHttpResponse(decodeResult: success, version: HTTP/1.1)
HTTP/1.1 200 OK
Content-Length: 25208
Content-Type: application/json; charset=utf-8
cache-control: no-cache

16:11:32.962 [AsyncHttpClient-1-14] DEBUG org.asynchttpclient.netty.channel.ChannelManager - Adding key: http://localhost:24482 for channel [id: 0xacc500b9, L:/127.0.0.1:51022 - R:localhost/127.0.0.1:24482]
16:11:32.963 [main] DEBUG net.serenitybdd.core.photography.Darkroom - Send negative for processing for target\site\serenity\edb14d4aab401efa0e4fb99861e6ffcafebc86a67b69f7828890b9910ed2ddbd.png
16:11:32.963 [main] DEBUG net.thucydides.core.steps.StepInterceptor - STEP DONE: openPage
  &amp#27;[32mGiven &amp#27;[0m&amp#27;[32mI am on the alta-shop login page&amp#27;[0m    &amp#27;[90m# starter.stepdefinitions.LoginSteps.onTheLoginPage()&amp#27;[0m
16:11:32.969 [Forwarding getPageSource on session 5ec2e7885543377fcc820987c2fa75b2 to remote] DEBUG org.asynchttpclient.netty.request.NettyRequestSender - Using pooled Channel '[id: 0xacc500b9, L:/127.0.0.1:51022 - R:localhost/127.0.0.1:24482]' for 'POST' to 'http://localhost:24482/session/5ec2e7885543377fcc820987c2fa75b2/execute/sync'
16:11:32.969 [Forwarding getPageSource on session 5ec2e7885543377fcc820987c2fa75b2 to remote] DEBUG org.asynchttpclient.netty.request.NettyRequestSender - Using open Channel [id: 0xacc500b9, L:/127.0.0.1:51022 - R:localhost/127.0.0.1:24482] for POST '/session/5ec2e7885543377fcc820987c2fa75b2/execute/sync'
16:11:32.975 [AsyncHttpClient-1-14] DEBUG org.asynchttpclient.netty.handler.HttpHandler - 

Request DefaultHttpRequest(decodeResult: success, version: HTTP/1.1)
POST /session/5ec2e7885543377fcc820987c2fa75b2/execute/sync HTTP/1.1
User-Agent: selenium/4.8.1 (java windows)
Content-Length: 176
Content-Type: application/json; charset=utf-8
host: localhost:24482
accept: */*

Response DefaultHttpResponse(decodeResult: success, version: HTTP/1.1)
HTTP/1.1 200 OK
Content-Length: 21659
Content-Type: application/json; charset=utf-8
cache-control: no-cache

16:11:32.975 [AsyncHttpClient-1-14] DEBUG org.asynchttpclient.netty.channel.ChannelManager - Adding key: http://localhost:24482 for channel [id: 0xacc500b9, L:/127.0.0.1:51022 - R:localhost/127.0.0.1:24482]
16:11:32.976 [Forwarding getCurrentUrl on session 5ec2e7885543377fcc820987c2fa75b2 to remote] DEBUG org.asynchttpclient.netty.request.NettyRequestSender - Using pooled Channel '[id: 0xacc500b9, L:/127.0.0.1:51022 - R:localhost/127.0.0.1:24482]' for 'GET' to 'http://localhost:24482/session/5ec2e7885543377fcc820987c2fa75b2/url'
16:11:32.977 [Forwarding getCurrentUrl on session 5ec2e7885543377fcc820987c2fa75b2 to remote] DEBUG org.asynchttpclient.netty.request.NettyRequestSender - Using open Channel [id: 0xacc500b9, L:/127.0.0.1:51022 - R:localhost/127.0.0.1:24482] for GET '/session/5ec2e7885543377fcc820987c2fa75b2/url'
16:11:32.980 [AsyncHttpClient-1-14] DEBUG org.asynchttpclient.netty.handler.HttpHandler - 

Request DefaultFullHttpRequest(decodeResult: success, version: HTTP/1.1, content: EmptyByteBufBE)
GET /session/5ec2e7885543377fcc820987c2fa75b2/url HTTP/1.1
User-Agent: selenium/4.8.1 (java windows)
Cache-Control: no-cache
Content-Type: application/json; charset=utf-8
host: localhost:24482
accept: */*

Response DefaultHttpResponse(decodeResult: success, version: HTTP/1.1)
HTTP/1.1 200 OK
Content-Length: 51
Content-Type: application/json; charset=utf-8
cache-control: no-cache

16:11:32.980 [AsyncHttpClient-1-14] DEBUG org.asynchttpclient.netty.channel.ChannelManager - Adding key: http://localhost:24482 for channel [id: 0xacc500b9, L:/127.0.0.1:51022 - R:localhost/127.0.0.1:24482]
16:11:32.993 [Forwarding getPageSource on session 5ec2e7885543377fcc820987c2fa75b2 to remote] DEBUG org.asynchttpclient.netty.request.NettyRequestSender - Using pooled Channel '[id: 0xacc500b9, L:/127.0.0.1:51022 - R:localhost/127.0.0.1:24482]' for 'POST' to 'http://localhost:24482/session/5ec2e7885543377fcc820987c2fa75b2/execute/sync'
16:11:32.993 [Forwarding getPageSource on session 5ec2e7885543377fcc820987c2fa75b2 to remote] DEBUG org.asynchttpclient.netty.request.NettyRequestSender - Using open Channel [id: 0xacc500b9, L:/127.0.0.1:51022 - R:localhost/127.0.0.1:24482] for POST '/session/5ec2e7885543377fcc820987c2fa75b2/execute/sync'
16:11:32.998 [AsyncHttpClient-1-14] DEBUG org.asynchttpclient.netty.handler.HttpHandler - 

Request DefaultHttpRequest(decodeResult: success, version: HTTP/1.1)
POST /session/5ec2e7885543377fcc820987c2fa75b2/execute/sync HTTP/1.1
User-Agent: selenium/4.8.1 (java windows)
Content-Length: 176
Content-Type: application/json; charset=utf-8
host: localhost:24482
accept: */*

Response DefaultHttpResponse(decodeResult: success, version: HTTP/1.1)
HTTP/1.1 200 OK
Content-Length: 21659
Content-Type: application/json; charset=utf-8
cache-control: no-cache

16:11:32.998 [AsyncHttpClient-1-14] DEBUG org.asynchttpclient.netty.channel.ChannelManager - Adding key: http://localhost:24482 for channel [id: 0xacc500b9, L:/127.0.0.1:51022 - R:localhost/127.0.0.1:24482]
16:11:33.000 [Forwarding getCurrentUrl on session 5ec2e7885543377fcc820987c2fa75b2 to remote] DEBUG org.asynchttpclient.netty.request.NettyRequestSender - Using pooled Channel '[id: 0xacc500b9, L:/127.0.0.1:51022 - R:localhost/127.0.0.1:24482]' for 'GET' to 'http://localhost:24482/session/5ec2e7885543377fcc820987c2fa75b2/url'
16:11:33.000 [Forwarding getCurrentUrl on session 5ec2e7885543377fcc820987c2fa75b2 to remote] DEBUG org.asynchttpclient.netty.request.NettyRequestSender - Using open Channel [id: 0xacc500b9, L:/127.0.0.1:51022 - R:localhost/127.0.0.1:24482] for GET '/session/5ec2e7885543377fcc820987c2fa75b2/url'
16:11:33.003 [AsyncHttpClient-1-14] DEBUG org.asynchttpclient.netty.handler.HttpHandler - 

Request DefaultFullHttpRequest(decodeResult: success, version: HTTP/1.1, content: EmptyByteBufBE)
GET /session/5ec2e7885543377fcc820987c2fa75b2/url HTTP/1.1
User-Agent: selenium/4.8.1 (java windows)
Cache-Control: no-cache
Content-Type: application/json; charset=utf-8
host: localhost:24482
accept: */*

Response DefaultHttpResponse(decodeResult: success, version: HTTP/1.1)
HTTP/1.1 200 OK
Content-Length: 51
Content-Type: application/json; charset=utf-8
cache-control: no-cache

16:11:33.003 [AsyncHttpClient-1-14] DEBUG org.asynchttpclient.netty.channel.ChannelManager - Adding key: http://localhost:24482 for channel [id: 0xacc500b9, L:/127.0.0.1:51022 - R:localhost/127.0.0.1:24482]
16:11:33.005 [main] DEBUG net.thucydides.core.steps.StepInterceptor - STARTING STEP: RegisterSteps.clickLoginButton - clickRegisterLink
16:11:33.006 [Forwarding findElement on session 5ec2e7885543377fcc820987c2fa75b2 to remote] DEBUG org.asynchttpclient.netty.request.NettyRequestSender - Using pooled Channel '[id: 0xacc500b9, L:/127.0.0.1:51022 - R:localhost/127.0.0.1:24482]' for 'POST' to 'http://localhost:24482/session/5ec2e7885543377fcc820987c2fa75b2/element'
16:11:33.006 [Forwarding findElement on session 5ec2e7885543377fcc820987c2fa75b2 to remote] DEBUG org.asynchttpclient.netty.request.NettyRequestSender - Using open Channel [id: 0xacc500b9, L:/127.0.0.1:51022 - R:localhost/127.0.0.1:24482] for POST '/session/5ec2e7885543377fcc820987c2fa75b2/element'
16:11:33.015 [AsyncHttpClient-1-14] DEBUG org.asynchttpclient.netty.handler.HttpHandler - 

Request DefaultHttpRequest(decodeResult: success, version: HTTP/1.1)
POST /session/5ec2e7885543377fcc820987c2fa75b2/element HTTP/1.1
User-Agent: selenium/4.8.1 (java windows)
Content-Length: 84
Content-Type: application/json; charset=utf-8
host: localhost:24482
accept: */*

Response DefaultHttpResponse(decodeResult: success, version: HTTP/1.1)
HTTP/1.1 200 OK
Content-Length: 88
Content-Type: application/json; charset=utf-8
cache-control: no-cache

16:11:33.015 [AsyncHttpClient-1-14] DEBUG org.asynchttpclient.netty.channel.ChannelManager - Adding key: http://localhost:24482 for channel [id: 0xacc500b9, L:/127.0.0.1:51022 - R:localhost/127.0.0.1:24482]
16:11:33.016 [Forwarding getElementTagName on session 5ec2e7885543377fcc820987c2fa75b2 to remote] DEBUG org.asynchttpclient.netty.request.NettyRequestSender - Using pooled Channel '[id: 0xacc500b9, L:/127.0.0.1:51022 - R:localhost/127.0.0.1:24482]' for 'GET' to 'http://localhost:24482/session/5ec2e7885543377fcc820987c2fa75b2/element/9afde7ed-e256-4bd1-b535-fd8f62ef0ae5/name'
16:11:33.016 [Forwarding getElementTagName on session 5ec2e7885543377fcc820987c2fa75b2 to remote] DEBUG org.asynchttpclient.netty.request.NettyRequestSender - Using open Channel [id: 0xacc500b9, L:/127.0.0.1:51022 - R:localhost/127.0.0.1:24482] for GET '/session/5ec2e7885543377fcc820987c2fa75b2/element/9afde7ed-e256-4bd1-b535-fd8f62ef0ae5/name'
16:11:33.019 [AsyncHttpClient-1-14] DEBUG org.asynchttpclient.netty.handler.HttpHandler - 

Request DefaultFullHttpRequest(decodeResult: success, version: HTTP/1.1, content: EmptyByteBufBE)
GET /session/5ec2e7885543377fcc820987c2fa75b2/element/9afde7ed-e256-4bd1-b535-fd8f62ef0ae5/name HTTP/1.1
User-Agent: selenium/4.8.1 (java windows)
Cache-Control: no-cache
Content-Type: application/json; charset=utf-8
host: localhost:24482
accept: */*

Response DefaultHttpResponse(decodeResult: success, version: HTTP/1.1)
HTTP/1.1 200 OK
Content-Length: 13
Content-Type: application/json; charset=utf-8
cache-control: no-cache

16:11:33.019 [AsyncHttpClient-1-14] DEBUG org.asynchttpclient.netty.channel.ChannelManager - Adding key: http://localhost:24482 for channel [id: 0xacc500b9, L:/127.0.0.1:51022 - R:localhost/127.0.0.1:24482]
16:11:33.021 [Forwarding getElementTagName on session 5ec2e7885543377fcc820987c2fa75b2 to remote] DEBUG org.asynchttpclient.netty.request.NettyRequestSender - Using pooled Channel '[id: 0xacc500b9, L:/127.0.0.1:51022 - R:localhost/127.0.0.1:24482]' for 'GET' to 'http://localhost:24482/session/5ec2e7885543377fcc820987c2fa75b2/element/9afde7ed-e256-4bd1-b535-fd8f62ef0ae5/name'
16:11:33.021 [Forwarding getElementTagName on session 5ec2e7885543377fcc820987c2fa75b2 to remote] DEBUG org.asynchttpclient.netty.request.NettyRequestSender - Using open Channel [id: 0xacc500b9, L:/127.0.0.1:51022 - R:localhost/127.0.0.1:24482] for GET '/session/5ec2e7885543377fcc820987c2fa75b2/element/9afde7ed-e256-4bd1-b535-fd8f62ef0ae5/name'
16:11:33.025 [AsyncHttpClient-1-14] DEBUG org.asynchttpclient.netty.handler.HttpHandler - 

Request DefaultFullHttpRequest(decodeResult: success, version: HTTP/1.1, content: EmptyByteBufBE)
GET /session/5ec2e7885543377fcc820987c2fa75b2/element/9afde7ed-e256-4bd1-b535-fd8f62ef0ae5/name HTTP/1.1
User-Agent: selenium/4.8.1 (java windows)
Cache-Control: no-cache
Content-Type: application/json; charset=utf-8
host: localhost:24482
accept: */*

Response DefaultHttpResponse(decodeResult: success, version: HTTP/1.1)
HTTP/1.1 200 OK
Content-Length: 13
Content-Type: application/json; charset=utf-8
cache-control: no-cache

16:11:33.025 [AsyncHttpClient-1-14] DEBUG org.asynchttpclient.netty.channel.ChannelManager - Adding key: http://localhost:24482 for channel [id: 0xacc500b9, L:/127.0.0.1:51022 - R:localhost/127.0.0.1:24482]
16:11:33.026 [Forwarding findElement on session 5ec2e7885543377fcc820987c2fa75b2 to remote] DEBUG org.asynchttpclient.netty.request.NettyRequestSender - Using pooled Channel '[id: 0xacc500b9, L:/127.0.0.1:51022 - R:localhost/127.0.0.1:24482]' for 'POST' to 'http://localhost:24482/session/5ec2e7885543377fcc820987c2fa75b2/element'
16:11:33.027 [Forwarding findElement on session 5ec2e7885543377fcc820987c2fa75b2 to remote] DEBUG org.asynchttpclient.netty.request.NettyRequestSender - Using open Channel [id: 0xacc500b9, L:/127.0.0.1:51022 - R:localhost/127.0.0.1:24482] for POST '/session/5ec2e7885543377fcc820987c2fa75b2/element'
16:11:33.035 [AsyncHttpClient-1-14] DEBUG org.asynchttpclient.netty.handler.HttpHandler - 

Request DefaultHttpRequest(decodeResult: success, version: HTTP/1.1)
POST /session/5ec2e7885543377fcc820987c2fa75b2/element HTTP/1.1
User-Agent: selenium/4.8.1 (java windows)
Content-Length: 84
Content-Type: application/json; charset=utf-8
host: localhost:24482
accept: */*

Response DefaultHttpResponse(decodeResult: success, version: HTTP/1.1)
HTTP/1.1 200 OK
Content-Length: 88
Content-Type: application/json; charset=utf-8
cache-control: no-cache

16:11:33.035 [AsyncHttpClient-1-14] DEBUG org.asynchttpclient.netty.channel.ChannelManager - Adding key: http://localhost:24482 for channel [id: 0xacc500b9, L:/127.0.0.1:51022 - R:localhost/127.0.0.1:24482]
16:11:33.040 [Forwarding clickElement on session 5ec2e7885543377fcc820987c2fa75b2 to remote] DEBUG org.asynchttpclient.netty.request.NettyRequestSender - Using pooled Channel '[id: 0xacc500b9, L:/127.0.0.1:51022 - R:localhost/127.0.0.1:24482]' for 'POST' to 'http://localhost:24482/session/5ec2e7885543377fcc820987c2fa75b2/element/9afde7ed-e256-4bd1-b535-fd8f62ef0ae5/click'
16:11:33.040 [Forwarding clickElement on session 5ec2e7885543377fcc820987c2fa75b2 to remote] DEBUG org.asynchttpclient.netty.request.NettyRequestSender - Using open Channel [id: 0xacc500b9, L:/127.0.0.1:51022 - R:localhost/127.0.0.1:24482] for POST '/session/5ec2e7885543377fcc820987c2fa75b2/element/9afde7ed-e256-4bd1-b535-fd8f62ef0ae5/click'
16:11:33.106 [AsyncHttpClient-1-14] DEBUG org.asynchttpclient.netty.handler.HttpHandler - 

Request DefaultHttpRequest(decodeResult: success, version: HTTP/1.1)
POST /session/5ec2e7885543377fcc820987c2fa75b2/element/9afde7ed-e256-4bd1-b535-fd8f62ef0ae5/click HTTP/1.1
User-Agent: selenium/4.8.1 (java windows)
Content-Length: 50
Content-Type: application/json; charset=utf-8
host: localhost:24482
accept: */*

Response DefaultHttpResponse(decodeResult: success, version: HTTP/1.1)
HTTP/1.1 200 OK
Content-Length: 14
Content-Type: application/json; charset=utf-8
cache-control: no-cache

16:11:33.106 [AsyncHttpClient-1-14] DEBUG org.asynchttpclient.netty.channel.ChannelManager - Adding key: http://localhost:24482 for channel [id: 0xacc500b9, L:/127.0.0.1:51022 - R:localhost/127.0.0.1:24482]
16:11:33.113 [Forwarding getAlertText on session 5ec2e7885543377fcc820987c2fa75b2 to remote] DEBUG org.asynchttpclient.netty.request.NettyRequestSender - Using pooled Channel '[id: 0xacc500b9, L:/127.0.0.1:51022 - R:localhost/127.0.0.1:24482]' for 'GET' to 'http://localhost:24482/session/5ec2e7885543377fcc820987c2fa75b2/alert/text'
16:11:33.113 [Forwarding getAlertText on session 5ec2e7885543377fcc820987c2fa75b2 to remote] DEBUG org.asynchttpclient.netty.request.NettyRequestSender - Using open Channel [id: 0xacc500b9, L:/127.0.0.1:51022 - R:localhost/127.0.0.1:24482] for GET '/session/5ec2e7885543377fcc820987c2fa75b2/alert/text'
16:11:33.116 [AsyncHttpClient-1-14] DEBUG org.asynchttpclient.netty.handler.HttpHandler - 

Request DefaultFullHttpRequest(decodeResult: success, version: HTTP/1.1, content: EmptyByteBufBE)
GET /session/5ec2e7885543377fcc820987c2fa75b2/alert/text HTTP/1.1
User-Agent: selenium/4.8.1 (java windows)
Cache-Control: no-cache
Content-Type: application/json; charset=utf-8
host: localhost:24482
accept: */*

Response DefaultHttpResponse(decodeResult: success, version: HTTP/1.1)
HTTP/1.1 404 Not Found
Content-Length: 836
Content-Type: application/json; charset=utf-8
cache-control: no-cache

16:11:33.116 [AsyncHttpClient-1-14] DEBUG org.asynchttpclient.netty.channel.ChannelManager - Adding key: http://localhost:24482 for channel [id: 0xacc500b9, L:/127.0.0.1:51022 - R:localhost/127.0.0.1:24482]
16:11:33.119 [Forwarding getCurrentUrl on session 5ec2e7885543377fcc820987c2fa75b2 to remote] DEBUG org.asynchttpclient.netty.request.NettyRequestSender - Using pooled Channel '[id: 0xacc500b9, L:/127.0.0.1:51022 - R:localhost/127.0.0.1:24482]' for 'GET' to 'http://localhost:24482/session/5ec2e7885543377fcc820987c2fa75b2/url'
16:11:33.119 [Forwarding getCurrentUrl on session 5ec2e7885543377fcc820987c2fa75b2 to remote] DEBUG org.asynchttpclient.netty.request.NettyRequestSender - Using open Channel [id: 0xacc500b9, L:/127.0.0.1:51022 - R:localhost/127.0.0.1:24482] for GET '/session/5ec2e7885543377fcc820987c2fa75b2/url'
16:11:33.124 [AsyncHttpClient-1-14] DEBUG org.asynchttpclient.netty.handler.HttpHandler - 

Request DefaultFullHttpRequest(decodeResult: success, version: HTTP/1.1, content: EmptyByteBufBE)
GET /session/5ec2e7885543377fcc820987c2fa75b2/url HTTP/1.1
User-Agent: selenium/4.8.1 (java windows)
Cache-Control: no-cache
Content-Type: application/json; charset=utf-8
host: localhost:24482
accept: */*

Response DefaultHttpResponse(decodeResult: success, version: HTTP/1.1)
HTTP/1.1 200 OK
Content-Length: 54
Content-Type: application/json; charset=utf-8
cache-control: no-cache

16:11:33.124 [AsyncHttpClient-1-14] DEBUG org.asynchttpclient.netty.channel.ChannelManager - Adding key: http://localhost:24482 for channel [id: 0xacc500b9, L:/127.0.0.1:51022 - R:localhost/127.0.0.1:24482]
16:11:33.125 [Forwarding screenshot on session 5ec2e7885543377fcc820987c2fa75b2 to remote] DEBUG org.asynchttpclient.netty.request.NettyRequestSender - Using pooled Channel '[id: 0xacc500b9, L:/127.0.0.1:51022 - R:localhost/127.0.0.1:24482]' for 'GET' to 'http://localhost:24482/session/5ec2e7885543377fcc820987c2fa75b2/screenshot'
16:11:33.125 [Forwarding screenshot on session 5ec2e7885543377fcc820987c2fa75b2 to remote] DEBUG org.asynchttpclient.netty.request.NettyRequestSender - Using open Channel [id: 0xacc500b9, L:/127.0.0.1:51022 - R:localhost/127.0.0.1:24482] for GET '/session/5ec2e7885543377fcc820987c2fa75b2/screenshot'
16:11:33.199 [AsyncHttpClient-1-14] DEBUG org.asynchttpclient.netty.handler.HttpHandler - 

Request DefaultFullHttpRequest(decodeResult: success, version: HTTP/1.1, content: EmptyByteBufBE)
GET /session/5ec2e7885543377fcc820987c2fa75b2/screenshot HTTP/1.1
User-Agent: selenium/4.8.1 (java windows)
Cache-Control: no-cache
Content-Type: application/json; charset=utf-8
host: localhost:24482
accept: */*

Response DefaultHttpResponse(decodeResult: success, version: HTTP/1.1)
HTTP/1.1 200 OK
Content-Length: 30264
Content-Type: application/json; charset=utf-8
cache-control: no-cache

16:11:33.200 [AsyncHttpClient-1-14] DEBUG org.asynchttpclient.netty.channel.ChannelManager - Adding key: http://localhost:24482 for channel [id: 0xacc500b9, L:/127.0.0.1:51022 - R:localhost/127.0.0.1:24482]
16:11:33.201 [main] DEBUG net.serenitybdd.core.photography.Darkroom - Send negative for processing for target\site\serenity\1c8b997591b99fdc785d9ec6140bb0837e68f1e43009b62e44e6a795bc8005e3.png
16:11:33.201 [main] DEBUG net.thucydides.core.steps.StepInterceptor - STEP DONE: clickRegisterLink
  &amp#27;[32mWhen &amp#27;[0m&amp#27;[32mI go to the alta-shop register page&amp#27;[0m  &amp#27;[90m# starter.stepdefinitions.RegisterSteps.clickLoginButton()&amp#27;[0m
16:11:33.206 [Forwarding getPageSource on session 5ec2e7885543377fcc820987c2fa75b2 to remote] DEBUG org.asynchttpclient.netty.request.NettyRequestSender - Using pooled Channel '[id: 0xacc500b9, L:/127.0.0.1:51022 - R:localhost/127.0.0.1:24482]' for 'POST' to 'http://localhost:24482/session/5ec2e7885543377fcc820987c2fa75b2/execute/sync'
16:11:33.207 [Forwarding getPageSource on session 5ec2e7885543377fcc820987c2fa75b2 to remote] DEBUG org.asynchttpclient.netty.request.NettyRequestSender - Using open Channel [id: 0xacc500b9, L:/127.0.0.1:51022 - R:localhost/127.0.0.1:24482] for POST '/session/5ec2e7885543377fcc820987c2fa75b2/execute/sync'
16:11:33.210 [AsyncHttpClient-1-14] DEBUG org.asynchttpclient.netty.handler.HttpHandler - 

Request DefaultHttpRequest(decodeResult: success, version: HTTP/1.1)
POST /session/5ec2e7885543377fcc820987c2fa75b2/execute/sync HTTP/1.1
User-Agent: selenium/4.8.1 (java windows)
Content-Length: 176
Content-Type: application/json; charset=utf-8
host: localhost:24482
accept: */*

Response DefaultHttpResponse(decodeResult: success, version: HTTP/1.1)
HTTP/1.1 200 OK
Content-Length: 22314
Content-Type: application/json; charset=utf-8
cache-control: no-cache

16:11:33.210 [AsyncHttpClient-1-14] DEBUG org.asynchttpclient.netty.channel.ChannelManager - Adding key: http://localhost:24482 for channel [id: 0xacc500b9, L:/127.0.0.1:51022 - R:localhost/127.0.0.1:24482]
16:11:33.212 [Forwarding getCurrentUrl on session 5ec2e7885543377fcc820987c2fa75b2 to remote] DEBUG org.asynchttpclient.netty.request.NettyRequestSender - Using pooled Channel '[id: 0xacc500b9, L:/127.0.0.1:51022 - R:localhost/127.0.0.1:24482]' for 'GET' to 'http://localhost:24482/session/5ec2e7885543377fcc820987c2fa75b2/url'
16:11:33.212 [Forwarding getCurrentUrl on session 5ec2e7885543377fcc820987c2fa75b2 to remote] DEBUG org.asynchttpclient.netty.request.NettyRequestSender - Using open Channel [id: 0xacc500b9, L:/127.0.0.1:51022 - R:localhost/127.0.0.1:24482] for GET '/session/5ec2e7885543377fcc820987c2fa75b2/url'
16:11:33.214 [AsyncHttpClient-1-14] DEBUG org.asynchttpclient.netty.handler.HttpHandler - 

Request DefaultFullHttpRequest(decodeResult: success, version: HTTP/1.1, content: EmptyByteBufBE)
GET /session/5ec2e7885543377fcc820987c2fa75b2/url HTTP/1.1
User-Agent: selenium/4.8.1 (java windows)
Cache-Control: no-cache
Content-Type: application/json; charset=utf-8
host: localhost:24482
accept: */*

Response DefaultHttpResponse(decodeResult: success, version: HTTP/1.1)
HTTP/1.1 200 OK
Content-Length: 54
Content-Type: application/json; charset=utf-8
cache-control: no-cache

16:11:33.214 [AsyncHttpClient-1-14] DEBUG org.asynchttpclient.netty.channel.ChannelManager - Adding key: http://localhost:24482 for channel [id: 0xacc500b9, L:/127.0.0.1:51022 - R:localhost/127.0.0.1:24482]
16:11:33.220 [Forwarding getPageSource on session 5ec2e7885543377fcc820987c2fa75b2 to remote] DEBUG org.asynchttpclient.netty.request.NettyRequestSender - Using pooled Channel '[id: 0xacc500b9, L:/127.0.0.1:51022 - R:localhost/127.0.0.1:24482]' for 'POST' to 'http://localhost:24482/session/5ec2e7885543377fcc820987c2fa75b2/execute/sync'
16:11:33.220 [Forwarding getPageSource on session 5ec2e7885543377fcc820987c2fa75b2 to remote] DEBUG org.asynchttpclient.netty.request.NettyRequestSender - Using open Channel [id: 0xacc500b9, L:/127.0.0.1:51022 - R:localhost/127.0.0.1:24482] for POST '/session/5ec2e7885543377fcc820987c2fa75b2/execute/sync'
16:11:33.224 [AsyncHttpClient-1-14] DEBUG org.asynchttpclient.netty.handler.HttpHandler - 

Request DefaultHttpRequest(decodeResult: success, version: HTTP/1.1)
POST /session/5ec2e7885543377fcc820987c2fa75b2/execute/sync HTTP/1.1
User-Agent: selenium/4.8.1 (java windows)
Content-Length: 176
Content-Type: application/json; charset=utf-8
host: localhost:24482
accept: */*

Response DefaultHttpResponse(decodeResult: success, version: HTTP/1.1)
HTTP/1.1 200 OK
Content-Length: 22314
Content-Type: application/json; charset=utf-8
cache-control: no-cache

16:11:33.224 [AsyncHttpClient-1-14] DEBUG org.asynchttpclient.netty.channel.ChannelManager - Adding key: http://localhost:24482 for channel [id: 0xacc500b9, L:/127.0.0.1:51022 - R:localhost/127.0.0.1:24482]
16:11:33.225 [Forwarding getCurrentUrl on session 5ec2e7885543377fcc820987c2fa75b2 to remote] DEBUG org.asynchttpclient.netty.request.NettyRequestSender - Using pooled Channel '[id: 0xacc500b9, L:/127.0.0.1:51022 - R:localhost/127.0.0.1:24482]' for 'GET' to 'http://localhost:24482/session/5ec2e7885543377fcc820987c2fa75b2/url'
16:11:33.225 [Forwarding getCurrentUrl on session 5ec2e7885543377fcc820987c2fa75b2 to remote] DEBUG org.asynchttpclient.netty.request.NettyRequestSender - Using open Channel [id: 0xacc500b9, L:/127.0.0.1:51022 - R:localhost/127.0.0.1:24482] for GET '/session/5ec2e7885543377fcc820987c2fa75b2/url'
16:11:33.228 [AsyncHttpClient-1-14] DEBUG org.asynchttpclient.netty.handler.HttpHandler - 

Request DefaultFullHttpRequest(decodeResult: success, version: HTTP/1.1, content: EmptyByteBufBE)
GET /session/5ec2e7885543377fcc820987c2fa75b2/url HTTP/1.1
User-Agent: selenium/4.8.1 (java windows)
Cache-Control: no-cache
Content-Type: application/json; charset=utf-8
host: localhost:24482
accept: */*

Response DefaultHttpResponse(decodeResult: success, version: HTTP/1.1)
HTTP/1.1 200 OK
Content-Length: 54
Content-Type: application/json; charset=utf-8
cache-control: no-cache

16:11:33.229 [AsyncHttpClient-1-14] DEBUG org.asynchttpclient.netty.channel.ChannelManager - Adding key: http://localhost:24482 for channel [id: 0xacc500b9, L:/127.0.0.1:51022 - R:localhost/127.0.0.1:24482]
16:11:33.230 [main] DEBUG net.thucydides.core.steps.StepInterceptor - STARTING STEP: RegisterSteps.inputFullnameReg - inputFullnameReg
16:11:33.231 [Forwarding findElement on session 5ec2e7885543377fcc820987c2fa75b2 to remote] DEBUG org.asynchttpclient.netty.request.NettyRequestSender - Using pooled Channel '[id: 0xacc500b9, L:/127.0.0.1:51022 - R:localhost/127.0.0.1:24482]' for 'POST' to 'http://localhost:24482/session/5ec2e7885543377fcc820987c2fa75b2/element'
16:11:33.232 [Forwarding findElement on session 5ec2e7885543377fcc820987c2fa75b2 to remote] DEBUG org.asynchttpclient.netty.request.NettyRequestSender - Using open Channel [id: 0xacc500b9, L:/127.0.0.1:51022 - R:localhost/127.0.0.1:24482] for POST '/session/5ec2e7885543377fcc820987c2fa75b2/element'
16:11:33.240 [AsyncHttpClient-1-14] DEBUG org.asynchttpclient.netty.handler.HttpHandler - 

Request DefaultHttpRequest(decodeResult: success, version: HTTP/1.1)
POST /session/5ec2e7885543377fcc820987c2fa75b2/element HTTP/1.1
User-Agent: selenium/4.8.1 (java windows)
Content-Length: 55
Content-Type: application/json; charset=utf-8
host: localhost:24482
accept: */*

Response DefaultHttpResponse(decodeResult: success, version: HTTP/1.1)
HTTP/1.1 200 OK
Content-Length: 88
Content-Type: application/json; charset=utf-8
cache-control: no-cache

16:11:33.240 [AsyncHttpClient-1-14] DEBUG org.asynchttpclient.netty.channel.ChannelManager - Adding key: http://localhost:24482 for channel [id: 0xacc500b9, L:/127.0.0.1:51022 - R:localhost/127.0.0.1:24482]
16:11:33.241 [Forwarding clearElement on session 5ec2e7885543377fcc820987c2fa75b2 to remote] DEBUG org.asynchttpclient.netty.request.NettyRequestSender - Using pooled Channel '[id: 0xacc500b9, L:/127.0.0.1:51022 - R:localhost/127.0.0.1:24482]' for 'POST' to 'http://localhost:24482/session/5ec2e7885543377fcc820987c2fa75b2/element/244c363e-0e0f-4ac0-a49c-7aa5b790c117/clear'
16:11:33.241 [Forwarding clearElement on session 5ec2e7885543377fcc820987c2fa75b2 to remote] DEBUG org.asynchttpclient.netty.request.NettyRequestSender - Using open Channel [id: 0xacc500b9, L:/127.0.0.1:51022 - R:localhost/127.0.0.1:24482] for POST '/session/5ec2e7885543377fcc820987c2fa75b2/element/244c363e-0e0f-4ac0-a49c-7aa5b790c117/clear'
16:11:33.263 [AsyncHttpClient-1-14] DEBUG org.asynchttpclient.netty.handler.HttpHandler - 

Request DefaultHttpRequest(decodeResult: success, version: HTTP/1.1)
POST /session/5ec2e7885543377fcc820987c2fa75b2/element/244c363e-0e0f-4ac0-a49c-7aa5b790c117/clear HTTP/1.1
User-Agent: selenium/4.8.1 (java windows)
Content-Length: 50
Content-Type: application/json; charset=utf-8
host: localhost:24482
accept: */*

Response DefaultHttpResponse(decodeResult: success, version: HTTP/1.1)
HTTP/1.1 200 OK
Content-Length: 14
Content-Type: application/json; charset=utf-8
cache-control: no-cache

16:11:33.263 [AsyncHttpClient-1-14] DEBUG org.asynchttpclient.netty.channel.ChannelManager - Adding key: http://localhost:24482 for channel [id: 0xacc500b9, L:/127.0.0.1:51022 - R:localhost/127.0.0.1:24482]
16:11:33.264 [Forwarding sendKeysToElement on session 5ec2e7885543377fcc820987c2fa75b2 to remote] DEBUG org.asynchttpclient.netty.request.NettyRequestSender - Using pooled Channel '[id: 0xacc500b9, L:/127.0.0.1:51022 - R:localhost/127.0.0.1:24482]' for 'POST' to 'http://localhost:24482/session/5ec2e7885543377fcc820987c2fa75b2/element/244c363e-0e0f-4ac0-a49c-7aa5b790c117/value'
16:11:33.264 [Forwarding sendKeysToElement on session 5ec2e7885543377fcc820987c2fa75b2 to remote] DEBUG org.asynchttpclient.netty.request.NettyRequestSender - Using open Channel [id: 0xacc500b9, L:/127.0.0.1:51022 - R:localhost/127.0.0.1:24482] for POST '/session/5ec2e7885543377fcc820987c2fa75b2/element/244c363e-0e0f-4ac0-a49c-7aa5b790c117/value'
16:11:33.305 [AsyncHttpClient-1-14] DEBUG org.asynchttpclient.netty.handler.HttpHandler - 

Request DefaultHttpRequest(decodeResult: success, version: HTTP/1.1)
POST /session/5ec2e7885543377fcc820987c2fa75b2/element/244c363e-0e0f-4ac0-a49c-7aa5b790c117/value HTTP/1.1
User-Agent: selenium/4.8.1 (java windows)
Content-Length: 101
Content-Type: application/json; charset=utf-8
host: localhost:24482
accept: */*

Response DefaultHttpResponse(decodeResult: success, version: HTTP/1.1)
HTTP/1.1 200 OK
Content-Length: 14
Content-Type: application/json; charset=utf-8
cache-control: no-cache

16:11:33.305 [AsyncHttpClient-1-14] DEBUG org.asynchttpclient.netty.channel.ChannelManager - Adding key: http://localhost:24482 for channel [id: 0xacc500b9, L:/127.0.0.1:51022 - R:localhost/127.0.0.1:24482]
16:11:33.308 [Forwarding getAlertText on session 5ec2e7885543377fcc820987c2fa75b2 to remote] DEBUG org.asynchttpclient.netty.request.NettyRequestSender - Using pooled Channel '[id: 0xacc500b9, L:/127.0.0.1:51022 - R:localhost/127.0.0.1:24482]' for 'GET' to 'http://localhost:24482/session/5ec2e7885543377fcc820987c2fa75b2/alert/text'
16:11:33.308 [Forwarding getAlertText on session 5ec2e7885543377fcc820987c2fa75b2 to remote] DEBUG org.asynchttpclient.netty.request.NettyRequestSender - Using open Channel [id: 0xacc500b9, L:/127.0.0.1:51022 - R:localhost/127.0.0.1:24482] for GET '/session/5ec2e7885543377fcc820987c2fa75b2/alert/text'
16:11:33.309 [AsyncHttpClient-1-14] DEBUG org.asynchttpclient.netty.handler.HttpHandler - 

Request DefaultFullHttpRequest(decodeResult: success, version: HTTP/1.1, content: EmptyByteBufBE)
GET /session/5ec2e7885543377fcc820987c2fa75b2/alert/text HTTP/1.1
User-Agent: selenium/4.8.1 (java windows)
Cache-Control: no-cache
Content-Type: application/json; charset=utf-8
host: localhost:24482
accept: */*

Response DefaultHttpResponse(decodeResult: success, version: HTTP/1.1)
HTTP/1.1 404 Not Found
Content-Length: 836
Content-Type: application/json; charset=utf-8
cache-control: no-cache

16:11:33.309 [AsyncHttpClient-1-14] DEBUG org.asynchttpclient.netty.channel.ChannelManager - Adding key: http://localhost:24482 for channel [id: 0xacc500b9, L:/127.0.0.1:51022 - R:localhost/127.0.0.1:24482]
16:11:33.310 [Forwarding getCurrentUrl on session 5ec2e7885543377fcc820987c2fa75b2 to remote] DEBUG org.asynchttpclient.netty.request.NettyRequestSender - Using pooled Channel '[id: 0xacc500b9, L:/127.0.0.1:51022 - R:localhost/127.0.0.1:24482]' for 'GET' to 'http://localhost:24482/session/5ec2e7885543377fcc820987c2fa75b2/url'
16:11:33.310 [Forwarding getCurrentUrl on session 5ec2e7885543377fcc820987c2fa75b2 to remote] DEBUG org.asynchttpclient.netty.request.NettyRequestSender - Using open Channel [id: 0xacc500b9, L:/127.0.0.1:51022 - R:localhost/127.0.0.1:24482] for GET '/session/5ec2e7885543377fcc820987c2fa75b2/url'
16:11:33.312 [AsyncHttpClient-1-14] DEBUG org.asynchttpclient.netty.handler.HttpHandler - 

Request DefaultFullHttpRequest(decodeResult: success, version: HTTP/1.1, content: EmptyByteBufBE)
GET /session/5ec2e7885543377fcc820987c2fa75b2/url HTTP/1.1
User-Agent: selenium/4.8.1 (java windows)
Cache-Control: no-cache
Content-Type: application/json; charset=utf-8
host: localhost:24482
accept: */*

Response DefaultHttpResponse(decodeResult: success, version: HTTP/1.1)
HTTP/1.1 200 OK
Content-Length: 54
Content-Type: application/json; charset=utf-8
cache-control: no-cache

16:11:33.312 [AsyncHttpClient-1-14] DEBUG org.asynchttpclient.netty.channel.ChannelManager - Adding key: http://localhost:24482 for channel [id: 0xacc500b9, L:/127.0.0.1:51022 - R:localhost/127.0.0.1:24482]
16:11:33.313 [Forwarding screenshot on session 5ec2e7885543377fcc820987c2fa75b2 to remote] DEBUG org.asynchttpclient.netty.request.NettyRequestSender - Using pooled Channel '[id: 0xacc500b9, L:/127.0.0.1:51022 - R:localhost/127.0.0.1:24482]' for 'GET' to 'http://localhost:24482/session/5ec2e7885543377fcc820987c2fa75b2/screenshot'
16:11:33.313 [Forwarding screenshot on session 5ec2e7885543377fcc820987c2fa75b2 to remote] DEBUG org.asynchttpclient.netty.request.NettyRequestSender - Using open Channel [id: 0xacc500b9, L:/127.0.0.1:51022 - R:localhost/127.0.0.1:24482] for GET '/session/5ec2e7885543377fcc820987c2fa75b2/screenshot'
16:11:33.424 [AsyncHttpClient-1-14] DEBUG org.asynchttpclient.netty.handler.HttpHandler - 

Request DefaultFullHttpRequest(decodeResult: success, version: HTTP/1.1, content: EmptyByteBufBE)
GET /session/5ec2e7885543377fcc820987c2fa75b2/screenshot HTTP/1.1
User-Agent: selenium/4.8.1 (java windows)
Cache-Control: no-cache
Content-Type: application/json; charset=utf-8
host: localhost:24482
accept: */*

Response DefaultHttpResponse(decodeResult: success, version: HTTP/1.1)
HTTP/1.1 200 OK
Content-Length: 30664
Content-Type: application/json; charset=utf-8
cache-control: no-cache

16:11:33.424 [AsyncHttpClient-1-14] DEBUG org.asynchttpclient.netty.channel.ChannelManager - Adding key: http://localhost:24482 for channel [id: 0xacc500b9, L:/127.0.0.1:51022 - R:localhost/127.0.0.1:24482]
16:11:33.425 [main] DEBUG net.serenitybdd.core.photography.Darkroom - Send negative for processing for target\site\serenity\5f4c759cef686d44ee8402a35fc1559eeaad4b716b4e8e7df61702ad427e7a56.png
16:11:33.425 [main] DEBUG net.thucydides.core.steps.StepInterceptor - STEP DONE: inputFullnameReg
  &amp#27;[32mAnd &amp#27;[0m&amp#27;[32mI input correct fullname for register&amp#27;[0m &amp#27;[90m# starter.stepdefinitions.RegisterSteps.inputFullnameReg()&amp#27;[0m
16:11:33.425 [Darkroom Processing Line] DEBUG net.serenitybdd.core.photography.DarkroomProcessingLine - Processing screenshot image in /var/screenshots/screenshot-5544037472463979597
16:11:33.425 [Darkroom Processing Line] DEBUG net.serenitybdd.core.photography.DarkroomProcessingLine - Saving screenshot to target\site\serenity\5f4c759cef686d44ee8402a35fc1559eeaad4b716b4e8e7df61702ad427e7a56.png
16:11:33.432 [Forwarding getPageSource on session 5ec2e7885543377fcc820987c2fa75b2 to remote] DEBUG org.asynchttpclient.netty.request.NettyRequestSender - Using pooled Channel '[id: 0xacc500b9, L:/127.0.0.1:51022 - R:localhost/127.0.0.1:24482]' for 'POST' to 'http://localhost:24482/session/5ec2e7885543377fcc820987c2fa75b2/execute/sync'
16:11:33.432 [Forwarding getPageSource on session 5ec2e7885543377fcc820987c2fa75b2 to remote] DEBUG org.asynchttpclient.netty.request.NettyRequestSender - Using open Channel [id: 0xacc500b9, L:/127.0.0.1:51022 - R:localhost/127.0.0.1:24482] for POST '/session/5ec2e7885543377fcc820987c2fa75b2/execute/sync'
16:11:33.438 [AsyncHttpClient-1-14] DEBUG org.asynchttpclient.netty.handler.HttpHandler - 

Request DefaultHttpRequest(decodeResult: success, version: HTTP/1.1)
POST /session/5ec2e7885543377fcc820987c2fa75b2/execute/sync HTTP/1.1
User-Agent: selenium/4.8.1 (java windows)
Content-Length: 176
Content-Type: application/json; charset=utf-8
host: localhost:24482
accept: */*

Response DefaultHttpResponse(decodeResult: success, version: HTTP/1.1)
HTTP/1.1 200 OK
Content-Length: 22435
Content-Type: application/json; charset=utf-8
cache-control: no-cache

16:11:33.438 [AsyncHttpClient-1-14] DEBUG org.asynchttpclient.netty.channel.ChannelManager - Adding key: http://localhost:24482 for channel [id: 0xacc500b9, L:/127.0.0.1:51022 - R:localhost/127.0.0.1:24482]
16:11:33.440 [Forwarding getCurrentUrl on session 5ec2e7885543377fcc820987c2fa75b2 to remote] DEBUG org.asynchttpclient.netty.request.NettyRequestSender - Using pooled Channel '[id: 0xacc500b9, L:/127.0.0.1:51022 - R:localhost/127.0.0.1:24482]' for 'GET' to 'http://localhost:24482/session/5ec2e7885543377fcc820987c2fa75b2/url'
16:11:33.440 [Forwarding getCurrentUrl on session 5ec2e7885543377fcc820987c2fa75b2 to remote] DEBUG org.asynchttpclient.netty.request.NettyRequestSender - Using open Channel [id: 0xacc500b9, L:/127.0.0.1:51022 - R:localhost/127.0.0.1:24482] for GET '/session/5ec2e7885543377fcc820987c2fa75b2/url'
16:11:33.444 [AsyncHttpClient-1-14] DEBUG org.asynchttpclient.netty.handler.HttpHandler - 

Request DefaultFullHttpRequest(decodeResult: success, version: HTTP/1.1, content: EmptyByteBufBE)
GET /session/5ec2e7885543377fcc820987c2fa75b2/url HTTP/1.1
User-Agent: selenium/4.8.1 (java windows)
Cache-Control: no-cache
Content-Type: application/json; charset=utf-8
host: localhost:24482
accept: */*

Response DefaultHttpResponse(decodeResult: success, version: HTTP/1.1)
HTTP/1.1 200 OK
Content-Length: 54
Content-Type: application/json; charset=utf-8
cache-control: no-cache

16:11:33.444 [AsyncHttpClient-1-14] DEBUG org.asynchttpclient.netty.channel.ChannelManager - Adding key: http://localhost:24482 for channel [id: 0xacc500b9, L:/127.0.0.1:51022 - R:localhost/127.0.0.1:24482]
16:11:33.451 [Forwarding getPageSource on session 5ec2e7885543377fcc820987c2fa75b2 to remote] DEBUG org.asynchttpclient.netty.request.NettyRequestSender - Using pooled Channel '[id: 0xacc500b9, L:/127.0.0.1:51022 - R:localhost/127.0.0.1:24482]' for 'POST' to 'http://localhost:24482/session/5ec2e7885543377fcc820987c2fa75b2/execute/sync'
16:11:33.451 [Forwarding getPageSource on session 5ec2e7885543377fcc820987c2fa75b2 to remote] DEBUG org.asynchttpclient.netty.request.NettyRequestSender - Using open Channel [id: 0xacc500b9, L:/127.0.0.1:51022 - R:localhost/127.0.0.1:24482] for POST '/session/5ec2e7885543377fcc820987c2fa75b2/execute/sync'
16:11:33.454 [AsyncHttpClient-1-14] DEBUG org.asynchttpclient.netty.handler.HttpHandler - 

Request DefaultHttpRequest(decodeResult: success, version: HTTP/1.1)
POST /session/5ec2e7885543377fcc820987c2fa75b2/execute/sync HTTP/1.1
User-Agent: selenium/4.8.1 (java windows)
Content-Length: 176
Content-Type: application/json; charset=utf-8
host: localhost:24482
accept: */*

Response DefaultHttpResponse(decodeResult: success, version: HTTP/1.1)
HTTP/1.1 200 OK
Content-Length: 22435
Content-Type: application/json; charset=utf-8
cache-control: no-cache

16:11:33.454 [AsyncHttpClient-1-14] DEBUG org.asynchttpclient.netty.channel.ChannelManager - Adding key: http://localhost:24482 for channel [id: 0xacc500b9, L:/127.0.0.1:51022 - R:localhost/127.0.0.1:24482]
16:11:33.456 [Forwarding getCurrentUrl on session 5ec2e7885543377fcc820987c2fa75b2 to remote] DEBUG org.asynchttpclient.netty.request.NettyRequestSender - Using pooled Channel '[id: 0xacc500b9, L:/127.0.0.1:51022 - R:localhost/127.0.0.1:24482]' for 'GET' to 'http://localhost:24482/session/5ec2e7885543377fcc820987c2fa75b2/url'
16:11:33.456 [Forwarding getCurrentUrl on session 5ec2e7885543377fcc820987c2fa75b2 to remote] DEBUG org.asynchttpclient.netty.request.NettyRequestSender - Using open Channel [id: 0xacc500b9, L:/127.0.0.1:51022 - R:localhost/127.0.0.1:24482] for GET '/session/5ec2e7885543377fcc820987c2fa75b2/url'
16:11:33.459 [AsyncHttpClient-1-14] DEBUG org.asynchttpclient.netty.handler.HttpHandler - 

Request DefaultFullHttpRequest(decodeResult: success, version: HTTP/1.1, content: EmptyByteBufBE)
GET /session/5ec2e7885543377fcc820987c2fa75b2/url HTTP/1.1
User-Agent: selenium/4.8.1 (java windows)
Cache-Control: no-cache
Content-Type: application/json; charset=utf-8
host: localhost:24482
accept: */*

Response DefaultHttpResponse(decodeResult: success, version: HTTP/1.1)
HTTP/1.1 200 OK
Content-Length: 54
Content-Type: application/json; charset=utf-8
cache-control: no-cache

16:11:33.459 [AsyncHttpClient-1-14] DEBUG org.asynchttpclient.netty.channel.ChannelManager - Adding key: http://localhost:24482 for channel [id: 0xacc500b9, L:/127.0.0.1:51022 - R:localhost/127.0.0.1:24482]
16:11:33.461 [main] DEBUG net.thucydides.core.steps.StepInterceptor - STARTING STEP: RegisterSteps.inputExistedEmailReg - inputEmailReg
16:11:33.463 [Forwarding findElement on session 5ec2e7885543377fcc820987c2fa75b2 to remote] DEBUG org.asynchttpclient.netty.request.NettyRequestSender - Using pooled Channel '[id: 0xacc500b9, L:/127.0.0.1:51022 - R:localhost/127.0.0.1:24482]' for 'POST' to 'http://localhost:24482/session/5ec2e7885543377fcc820987c2fa75b2/element'
16:11:33.463 [Forwarding findElement on session 5ec2e7885543377fcc820987c2fa75b2 to remote] DEBUG org.asynchttpclient.netty.request.NettyRequestSender - Using open Channel [id: 0xacc500b9, L:/127.0.0.1:51022 - R:localhost/127.0.0.1:24482] for POST '/session/5ec2e7885543377fcc820987c2fa75b2/element'
16:11:33.472 [AsyncHttpClient-1-14] DEBUG org.asynchttpclient.netty.handler.HttpHandler - 

Request DefaultHttpRequest(decodeResult: success, version: HTTP/1.1)
POST /session/5ec2e7885543377fcc820987c2fa75b2/element HTTP/1.1
User-Agent: selenium/4.8.1 (java windows)
Content-Length: 55
Content-Type: application/json; charset=utf-8
host: localhost:24482
accept: */*

Response DefaultHttpResponse(decodeResult: success, version: HTTP/1.1)
HTTP/1.1 200 OK
Content-Length: 88
Content-Type: application/json; charset=utf-8
cache-control: no-cache

16:11:33.472 [AsyncHttpClient-1-14] DEBUG org.asynchttpclient.netty.channel.ChannelManager - Adding key: http://localhost:24482 for channel [id: 0xacc500b9, L:/127.0.0.1:51022 - R:localhost/127.0.0.1:24482]
16:11:33.473 [Forwarding clearElement on session 5ec2e7885543377fcc820987c2fa75b2 to remote] DEBUG org.asynchttpclient.netty.request.NettyRequestSender - Using pooled Channel '[id: 0xacc500b9, L:/127.0.0.1:51022 - R:localhost/127.0.0.1:24482]' for 'POST' to 'http://localhost:24482/session/5ec2e7885543377fcc820987c2fa75b2/element/c4760dfb-00ae-4560-8469-daa2fe13f3e2/clear'
16:11:33.473 [Forwarding clearElement on session 5ec2e7885543377fcc820987c2fa75b2 to remote] DEBUG org.asynchttpclient.netty.request.NettyRequestSender - Using open Channel [id: 0xacc500b9, L:/127.0.0.1:51022 - R:localhost/127.0.0.1:24482] for POST '/session/5ec2e7885543377fcc820987c2fa75b2/element/c4760dfb-00ae-4560-8469-daa2fe13f3e2/clear'
16:11:33.496 [AsyncHttpClient-1-14] DEBUG org.asynchttpclient.netty.handler.HttpHandler - 

Request DefaultHttpRequest(decodeResult: success, version: HTTP/1.1)
POST /session/5ec2e7885543377fcc820987c2fa75b2/element/c4760dfb-00ae-4560-8469-daa2fe13f3e2/clear HTTP/1.1
User-Agent: selenium/4.8.1 (java windows)
Content-Length: 50
Content-Type: application/json; charset=utf-8
host: localhost:24482
accept: */*

Response DefaultHttpResponse(decodeResult: success, version: HTTP/1.1)
HTTP/1.1 200 OK
Content-Length: 14
Content-Type: application/json; charset=utf-8
cache-control: no-cache

16:11:33.496 [AsyncHttpClient-1-14] DEBUG org.asynchttpclient.netty.channel.ChannelManager - Adding key: http://localhost:24482 for channel [id: 0xacc500b9, L:/127.0.0.1:51022 - R:localhost/127.0.0.1:24482]
16:11:33.498 [Forwarding sendKeysToElement on session 5ec2e7885543377fcc820987c2fa75b2 to remote] DEBUG org.asynchttpclient.netty.request.NettyRequestSender - Using pooled Channel '[id: 0xacc500b9, L:/127.0.0.1:51022 - R:localhost/127.0.0.1:24482]' for 'POST' to 'http://localhost:24482/session/5ec2e7885543377fcc820987c2fa75b2/element/c4760dfb-00ae-4560-8469-daa2fe13f3e2/value'
16:11:33.498 [Forwarding sendKeysToElement on session 5ec2e7885543377fcc820987c2fa75b2 to remote] DEBUG org.asynchttpclient.netty.request.NettyRequestSender - Using open Channel [id: 0xacc500b9, L:/127.0.0.1:51022 - R:localhost/127.0.0.1:24482] for POST '/session/5ec2e7885543377fcc820987c2fa75b2/element/c4760dfb-00ae-4560-8469-daa2fe13f3e2/value'
16:11:33.575 [AsyncHttpClient-1-14] DEBUG org.asynchttpclient.netty.handler.HttpHandler - 

Request DefaultHttpRequest(decodeResult: success, version: HTTP/1.1)
POST /session/5ec2e7885543377fcc820987c2fa75b2/element/c4760dfb-00ae-4560-8469-daa2fe13f3e2/value HTTP/1.1
User-Agent: selenium/4.8.1 (java windows)
Content-Length: 241
Content-Type: application/json; charset=utf-8
host: localhost:24482
accept: */*

Response DefaultHttpResponse(decodeResult: success, version: HTTP/1.1)
HTTP/1.1 200 OK
Content-Length: 14
Content-Type: application/json; charset=utf-8
cache-control: no-cache

16:11:33.575 [AsyncHttpClient-1-14] DEBUG org.asynchttpclient.netty.channel.ChannelManager - Adding key: http://localhost:24482 for channel [id: 0xacc500b9, L:/127.0.0.1:51022 - R:localhost/127.0.0.1:24482]
16:11:33.579 [Forwarding getAlertText on session 5ec2e7885543377fcc820987c2fa75b2 to remote] DEBUG org.asynchttpclient.netty.request.NettyRequestSender - Using pooled Channel '[id: 0xacc500b9, L:/127.0.0.1:51022 - R:localhost/127.0.0.1:24482]' for 'GET' to 'http://localhost:24482/session/5ec2e7885543377fcc820987c2fa75b2/alert/text'
16:11:33.579 [Forwarding getAlertText on session 5ec2e7885543377fcc820987c2fa75b2 to remote] DEBUG org.asynchttpclient.netty.request.NettyRequestSender - Using open Channel [id: 0xacc500b9, L:/127.0.0.1:51022 - R:localhost/127.0.0.1:24482] for GET '/session/5ec2e7885543377fcc820987c2fa75b2/alert/text'
16:11:33.581 [AsyncHttpClient-1-14] DEBUG org.asynchttpclient.netty.handler.HttpHandler - 

Request DefaultFullHttpRequest(decodeResult: success, version: HTTP/1.1, content: EmptyByteBufBE)
GET /session/5ec2e7885543377fcc820987c2fa75b2/alert/text HTTP/1.1
User-Agent: selenium/4.8.1 (java windows)
Cache-Control: no-cache
Content-Type: application/json; charset=utf-8
host: localhost:24482
accept: */*

Response DefaultHttpResponse(decodeResult: success, version: HTTP/1.1)
HTTP/1.1 404 Not Found
Content-Length: 836
Content-Type: application/json; charset=utf-8
cache-control: no-cache

16:11:33.581 [AsyncHttpClient-1-14] DEBUG org.asynchttpclient.netty.channel.ChannelManager - Adding key: http://localhost:24482 for channel [id: 0xacc500b9, L:/127.0.0.1:51022 - R:localhost/127.0.0.1:24482]
16:11:33.582 [Forwarding getCurrentUrl on session 5ec2e7885543377fcc820987c2fa75b2 to remote] DEBUG org.asynchttpclient.netty.request.NettyRequestSender - Using pooled Channel '[id: 0xacc500b9, L:/127.0.0.1:51022 - R:localhost/127.0.0.1:24482]' for 'GET' to 'http://localhost:24482/session/5ec2e7885543377fcc820987c2fa75b2/url'
16:11:33.582 [Forwarding getCurrentUrl on session 5ec2e7885543377fcc820987c2fa75b2 to remote] DEBUG org.asynchttpclient.netty.request.NettyRequestSender - Using open Channel [id: 0xacc500b9, L:/127.0.0.1:51022 - R:localhost/127.0.0.1:24482] for GET '/session/5ec2e7885543377fcc820987c2fa75b2/url'
16:11:33.584 [AsyncHttpClient-1-14] DEBUG org.asynchttpclient.netty.handler.HttpHandler - 

Request DefaultFullHttpRequest(decodeResult: success, version: HTTP/1.1, content: EmptyByteBufBE)
GET /session/5ec2e7885543377fcc820987c2fa75b2/url HTTP/1.1
User-Agent: selenium/4.8.1 (java windows)
Cache-Control: no-cache
Content-Type: application/json; charset=utf-8
host: localhost:24482
accept: */*

Response DefaultHttpResponse(decodeResult: success, version: HTTP/1.1)
HTTP/1.1 200 OK
Content-Length: 54
Content-Type: application/json; charset=utf-8
cache-control: no-cache

16:11:33.584 [AsyncHttpClient-1-14] DEBUG org.asynchttpclient.netty.channel.ChannelManager - Adding key: http://localhost:24482 for channel [id: 0xacc500b9, L:/127.0.0.1:51022 - R:localhost/127.0.0.1:24482]
16:11:33.585 [Forwarding screenshot on session 5ec2e7885543377fcc820987c2fa75b2 to remote] DEBUG org.asynchttpclient.netty.request.NettyRequestSender - Using pooled Channel '[id: 0xacc500b9, L:/127.0.0.1:51022 - R:localhost/127.0.0.1:24482]' for 'GET' to 'http://localhost:24482/session/5ec2e7885543377fcc820987c2fa75b2/screenshot'
16:11:33.585 [Forwarding screenshot on session 5ec2e7885543377fcc820987c2fa75b2 to remote] DEBUG org.asynchttpclient.netty.request.NettyRequestSender - Using open Channel [id: 0xacc500b9, L:/127.0.0.1:51022 - R:localhost/127.0.0.1:24482] for GET '/session/5ec2e7885543377fcc820987c2fa75b2/screenshot'
16:11:33.666 [AsyncHttpClient-1-14] DEBUG org.asynchttpclient.netty.handler.HttpHandler - 

Request DefaultFullHttpRequest(decodeResult: success, version: HTTP/1.1, content: EmptyByteBufBE)
GET /session/5ec2e7885543377fcc820987c2fa75b2/screenshot HTTP/1.1
User-Agent: selenium/4.8.1 (java windows)
Cache-Control: no-cache
Content-Type: application/json; charset=utf-8
host: localhost:24482
accept: */*

Response DefaultHttpResponse(decodeResult: success, version: HTTP/1.1)
HTTP/1.1 200 OK
Content-Length: 33112
Content-Type: application/json; charset=utf-8
cache-control: no-cache

16:11:33.666 [AsyncHttpClient-1-14] DEBUG org.asynchttpclient.netty.channel.ChannelManager - Adding key: http://localhost:24482 for channel [id: 0xacc500b9, L:/127.0.0.1:51022 - R:localhost/127.0.0.1:24482]
16:11:33.667 [main] DEBUG net.serenitybdd.core.photography.Darkroom - Send negative for processing for target\site\serenity\99894b9f9f8579dbb0211b74fbdcbf48be875352006e71e60a7a960c51dea076.png
16:11:33.667 [main] DEBUG net.thucydides.core.steps.StepInterceptor - STEP DONE: inputEmailReg
  &amp#27;[32mAnd &amp#27;[0m&amp#27;[32mI input existed email for register&amp#27;[0m    &amp#27;[90m# starter.stepdefinitions.RegisterSteps.inputExistedEmailReg()&amp#27;[0m
16:11:33.667 [Darkroom Processing Line] DEBUG net.serenitybdd.core.photography.DarkroomProcessingLine - Processing screenshot image in /var/screenshots/screenshot-6878669318649756780
16:11:33.667 [Darkroom Processing Line] DEBUG net.serenitybdd.core.photography.DarkroomProcessingLine - Saving screenshot to target\site\serenity\99894b9f9f8579dbb0211b74fbdcbf48be875352006e71e60a7a960c51dea076.png
16:11:33.673 [Forwarding getPageSource on session 5ec2e7885543377fcc820987c2fa75b2 to remote] DEBUG org.asynchttpclient.netty.request.NettyRequestSender - Using pooled Channel '[id: 0xacc500b9, L:/127.0.0.1:51022 - R:localhost/127.0.0.1:24482]' for 'POST' to 'http://localhost:24482/session/5ec2e7885543377fcc820987c2fa75b2/execute/sync'
16:11:33.673 [Forwarding getPageSource on session 5ec2e7885543377fcc820987c2fa75b2 to remote] DEBUG org.asynchttpclient.netty.request.NettyRequestSender - Using open Channel [id: 0xacc500b9, L:/127.0.0.1:51022 - R:localhost/127.0.0.1:24482] for POST '/session/5ec2e7885543377fcc820987c2fa75b2/execute/sync'
16:11:33.676 [AsyncHttpClient-1-14] DEBUG org.asynchttpclient.netty.handler.HttpHandler - 

Request DefaultHttpRequest(decodeResult: success, version: HTTP/1.1)
POST /session/5ec2e7885543377fcc820987c2fa75b2/execute/sync HTTP/1.1
User-Agent: selenium/4.8.1 (java windows)
Content-Length: 176
Content-Type: application/json; charset=utf-8
host: localhost:24482
accept: */*

Response DefaultHttpResponse(decodeResult: success, version: HTTP/1.1)
HTTP/1.1 200 OK
Content-Length: 22494
Content-Type: application/json; charset=utf-8
cache-control: no-cache

16:11:33.676 [AsyncHttpClient-1-14] DEBUG org.asynchttpclient.netty.channel.ChannelManager - Adding key: http://localhost:24482 for channel [id: 0xacc500b9, L:/127.0.0.1:51022 - R:localhost/127.0.0.1:24482]
16:11:33.678 [Forwarding getCurrentUrl on session 5ec2e7885543377fcc820987c2fa75b2 to remote] DEBUG org.asynchttpclient.netty.request.NettyRequestSender - Using pooled Channel '[id: 0xacc500b9, L:/127.0.0.1:51022 - R:localhost/127.0.0.1:24482]' for 'GET' to 'http://localhost:24482/session/5ec2e7885543377fcc820987c2fa75b2/url'
16:11:33.678 [Forwarding getCurrentUrl on session 5ec2e7885543377fcc820987c2fa75b2 to remote] DEBUG org.asynchttpclient.netty.request.NettyRequestSender - Using open Channel [id: 0xacc500b9, L:/127.0.0.1:51022 - R:localhost/127.0.0.1:24482] for GET '/session/5ec2e7885543377fcc820987c2fa75b2/url'
16:11:33.682 [AsyncHttpClient-1-14] DEBUG org.asynchttpclient.netty.handler.HttpHandler - 

Request DefaultFullHttpRequest(decodeResult: success, version: HTTP/1.1, content: EmptyByteBufBE)
GET /session/5ec2e7885543377fcc820987c2fa75b2/url HTTP/1.1
User-Agent: selenium/4.8.1 (java windows)
Cache-Control: no-cache
Content-Type: application/json; charset=utf-8
host: localhost:24482
accept: */*

Response DefaultHttpResponse(decodeResult: success, version: HTTP/1.1)
HTTP/1.1 200 OK
Content-Length: 54
Content-Type: application/json; charset=utf-8
cache-control: no-cache

16:11:33.682 [AsyncHttpClient-1-14] DEBUG org.asynchttpclient.netty.channel.ChannelManager - Adding key: http://localhost:24482 for channel [id: 0xacc500b9, L:/127.0.0.1:51022 - R:localhost/127.0.0.1:24482]
16:11:33.688 [Forwarding getPageSource on session 5ec2e7885543377fcc820987c2fa75b2 to remote] DEBUG org.asynchttpclient.netty.request.NettyRequestSender - Using pooled Channel '[id: 0xacc500b9, L:/127.0.0.1:51022 - R:localhost/127.0.0.1:24482]' for 'POST' to 'http://localhost:24482/session/5ec2e7885543377fcc820987c2fa75b2/execute/sync'
16:11:33.688 [Forwarding getPageSource on session 5ec2e7885543377fcc820987c2fa75b2 to remote] DEBUG org.asynchttpclient.netty.request.NettyRequestSender - Using open Channel [id: 0xacc500b9, L:/127.0.0.1:51022 - R:localhost/127.0.0.1:24482] for POST '/session/5ec2e7885543377fcc820987c2fa75b2/execute/sync'
16:11:33.693 [AsyncHttpClient-1-14] DEBUG org.asynchttpclient.netty.handler.HttpHandler - 

Request DefaultHttpRequest(decodeResult: success, version: HTTP/1.1)
POST /session/5ec2e7885543377fcc820987c2fa75b2/execute/sync HTTP/1.1
User-Agent: selenium/4.8.1 (java windows)
Content-Length: 176
Content-Type: application/json; charset=utf-8
host: localhost:24482
accept: */*

Response DefaultHttpResponse(decodeResult: success, version: HTTP/1.1)
HTTP/1.1 200 OK
Content-Length: 22494
Content-Type: application/json; charset=utf-8
cache-control: no-cache

16:11:33.693 [AsyncHttpClient-1-14] DEBUG org.asynchttpclient.netty.channel.ChannelManager - Adding key: http://localhost:24482 for channel [id: 0xacc500b9, L:/127.0.0.1:51022 - R:localhost/127.0.0.1:24482]
16:11:33.695 [Forwarding getCurrentUrl on session 5ec2e7885543377fcc820987c2fa75b2 to remote] DEBUG org.asynchttpclient.netty.request.NettyRequestSender - Using pooled Channel '[id: 0xacc500b9, L:/127.0.0.1:51022 - R:localhost/127.0.0.1:24482]' for 'GET' to 'http://localhost:24482/session/5ec2e7885543377fcc820987c2fa75b2/url'
16:11:33.696 [Forwarding getCurrentUrl on session 5ec2e7885543377fcc820987c2fa75b2 to remote] DEBUG org.asynchttpclient.netty.request.NettyRequestSender - Using open Channel [id: 0xacc500b9, L:/127.0.0.1:51022 - R:localhost/127.0.0.1:24482] for GET '/session/5ec2e7885543377fcc820987c2fa75b2/url'
16:11:33.704 [AsyncHttpClient-1-14] DEBUG org.asynchttpclient.netty.handler.HttpHandler - 

Request DefaultFullHttpRequest(decodeResult: success, version: HTTP/1.1, content: EmptyByteBufBE)
GET /session/5ec2e7885543377fcc820987c2fa75b2/url HTTP/1.1
User-Agent: selenium/4.8.1 (java windows)
Cache-Control: no-cache
Content-Type: application/json; charset=utf-8
host: localhost:24482
accept: */*

Response DefaultHttpResponse(decodeResult: success, version: HTTP/1.1)
HTTP/1.1 200 OK
Content-Length: 54
Content-Type: application/json; charset=utf-8
cache-control: no-cache

16:11:33.704 [AsyncHttpClient-1-14] DEBUG org.asynchttpclient.netty.channel.ChannelManager - Adding key: http://localhost:24482 for channel [id: 0xacc500b9, L:/127.0.0.1:51022 - R:localhost/127.0.0.1:24482]
16:11:33.708 [main] DEBUG net.thucydides.core.steps.StepInterceptor - STARTING STEP: RegisterSteps.inputPasswordReg - inputPasswordReg
16:11:33.710 [Forwarding findElement on session 5ec2e7885543377fcc820987c2fa75b2 to remote] DEBUG org.asynchttpclient.netty.request.NettyRequestSender - Using pooled Channel '[id: 0xacc500b9, L:/127.0.0.1:51022 - R:localhost/127.0.0.1:24482]' for 'POST' to 'http://localhost:24482/session/5ec2e7885543377fcc820987c2fa75b2/element'
16:11:33.710 [Forwarding findElement on session 5ec2e7885543377fcc820987c2fa75b2 to remote] DEBUG org.asynchttpclient.netty.request.NettyRequestSender - Using open Channel [id: 0xacc500b9, L:/127.0.0.1:51022 - R:localhost/127.0.0.1:24482] for POST '/session/5ec2e7885543377fcc820987c2fa75b2/element'
16:11:33.725 [AsyncHttpClient-1-14] DEBUG org.asynchttpclient.netty.handler.HttpHandler - 

Request DefaultHttpRequest(decodeResult: success, version: HTTP/1.1)
POST /session/5ec2e7885543377fcc820987c2fa75b2/element HTTP/1.1
User-Agent: selenium/4.8.1 (java windows)
Content-Length: 55
Content-Type: application/json; charset=utf-8
host: localhost:24482
accept: */*

Response DefaultHttpResponse(decodeResult: success, version: HTTP/1.1)
HTTP/1.1 200 OK
Content-Length: 88
Content-Type: application/json; charset=utf-8
cache-control: no-cache

16:11:33.726 [AsyncHttpClient-1-14] DEBUG org.asynchttpclient.netty.channel.ChannelManager - Adding key: http://localhost:24482 for channel [id: 0xacc500b9, L:/127.0.0.1:51022 - R:localhost/127.0.0.1:24482]
16:11:33.728 [Forwarding clearElement on session 5ec2e7885543377fcc820987c2fa75b2 to remote] DEBUG org.asynchttpclient.netty.request.NettyRequestSender - Using pooled Channel '[id: 0xacc500b9, L:/127.0.0.1:51022 - R:localhost/127.0.0.1:24482]' for 'POST' to 'http://localhost:24482/session/5ec2e7885543377fcc820987c2fa75b2/element/cc8b021c-5e4e-47df-b40b-e23a0aa6bcfe/clear'
16:11:33.728 [Forwarding clearElement on session 5ec2e7885543377fcc820987c2fa75b2 to remote] DEBUG org.asynchttpclient.netty.request.NettyRequestSender - Using open Channel [id: 0xacc500b9, L:/127.0.0.1:51022 - R:localhost/127.0.0.1:24482] for POST '/session/5ec2e7885543377fcc820987c2fa75b2/element/cc8b021c-5e4e-47df-b40b-e23a0aa6bcfe/clear'
16:11:33.830 [AsyncHttpClient-1-14] DEBUG org.asynchttpclient.netty.handler.HttpHandler - 

Request DefaultHttpRequest(decodeResult: success, version: HTTP/1.1)
POST /session/5ec2e7885543377fcc820987c2fa75b2/element/cc8b021c-5e4e-47df-b40b-e23a0aa6bcfe/clear HTTP/1.1
User-Agent: selenium/4.8.1 (java windows)
Content-Length: 50
Content-Type: application/json; charset=utf-8
host: localhost:24482
accept: */*

Response DefaultHttpResponse(decodeResult: success, version: HTTP/1.1)
HTTP/1.1 200 OK
Content-Length: 14
Content-Type: application/json; charset=utf-8
cache-control: no-cache

16:11:33.830 [AsyncHttpClient-1-14] DEBUG org.asynchttpclient.netty.channel.ChannelManager - Adding key: http://localhost:24482 for channel [id: 0xacc500b9, L:/127.0.0.1:51022 - R:localhost/127.0.0.1:24482]
16:11:33.832 [Forwarding sendKeysToElement on session 5ec2e7885543377fcc820987c2fa75b2 to remote] DEBUG org.asynchttpclient.netty.request.NettyRequestSender - Using pooled Channel '[id: 0xacc500b9, L:/127.0.0.1:51022 - R:localhost/127.0.0.1:24482]' for 'POST' to 'http://localhost:24482/session/5ec2e7885543377fcc820987c2fa75b2/element/cc8b021c-5e4e-47df-b40b-e23a0aa6bcfe/value'
16:11:33.832 [Forwarding sendKeysToElement on session 5ec2e7885543377fcc820987c2fa75b2 to remote] DEBUG org.asynchttpclient.netty.request.NettyRequestSender - Using open Channel [id: 0xacc500b9, L:/127.0.0.1:51022 - R:localhost/127.0.0.1:24482] for POST '/session/5ec2e7885543377fcc820987c2fa75b2/element/cc8b021c-5e4e-47df-b40b-e23a0aa6bcfe/value'
16:11:33.892 [AsyncHttpClient-1-14] DEBUG org.asynchttpclient.netty.handler.HttpHandler - 

Request DefaultHttpRequest(decodeResult: success, version: HTTP/1.1)
POST /session/5ec2e7885543377fcc820987c2fa75b2/element/cc8b021c-5e4e-47df-b40b-e23a0aa6bcfe/value HTTP/1.1
User-Agent: selenium/4.8.1 (java windows)
Content-Length: 101
Content-Type: application/json; charset=utf-8
host: localhost:24482
accept: */*

Response DefaultHttpResponse(decodeResult: success, version: HTTP/1.1)
HTTP/1.1 200 OK
Content-Length: 14
Content-Type: application/json; charset=utf-8
cache-control: no-cache

16:11:33.892 [AsyncHttpClient-1-14] DEBUG org.asynchttpclient.netty.channel.ChannelManager - Adding key: http://localhost:24482 for channel [id: 0xacc500b9, L:/127.0.0.1:51022 - R:localhost/127.0.0.1:24482]
16:11:33.896 [Forwarding getAlertText on session 5ec2e7885543377fcc820987c2fa75b2 to remote] DEBUG org.asynchttpclient.netty.request.NettyRequestSender - Using pooled Channel '[id: 0xacc500b9, L:/127.0.0.1:51022 - R:localhost/127.0.0.1:24482]' for 'GET' to 'http://localhost:24482/session/5ec2e7885543377fcc820987c2fa75b2/alert/text'
16:11:33.896 [Forwarding getAlertText on session 5ec2e7885543377fcc820987c2fa75b2 to remote] DEBUG org.asynchttpclient.netty.request.NettyRequestSender - Using open Channel [id: 0xacc500b9, L:/127.0.0.1:51022 - R:localhost/127.0.0.1:24482] for GET '/session/5ec2e7885543377fcc820987c2fa75b2/alert/text'
16:11:33.897 [AsyncHttpClient-1-14] DEBUG org.asynchttpclient.netty.handler.HttpHandler - 

Request DefaultFullHttpRequest(decodeResult: success, version: HTTP/1.1, content: EmptyByteBufBE)
GET /session/5ec2e7885543377fcc820987c2fa75b2/alert/text HTTP/1.1
User-Agent: selenium/4.8.1 (java windows)
Cache-Control: no-cache
Content-Type: application/json; charset=utf-8
host: localhost:24482
accept: */*

Response DefaultHttpResponse(decodeResult: success, version: HTTP/1.1)
HTTP/1.1 404 Not Found
Content-Length: 836
Content-Type: application/json; charset=utf-8
cache-control: no-cache

16:11:33.897 [AsyncHttpClient-1-14] DEBUG org.asynchttpclient.netty.channel.ChannelManager - Adding key: http://localhost:24482 for channel [id: 0xacc500b9, L:/127.0.0.1:51022 - R:localhost/127.0.0.1:24482]
16:11:33.898 [Forwarding getCurrentUrl on session 5ec2e7885543377fcc820987c2fa75b2 to remote] DEBUG org.asynchttpclient.netty.request.NettyRequestSender - Using pooled Channel '[id: 0xacc500b9, L:/127.0.0.1:51022 - R:localhost/127.0.0.1:24482]' for 'GET' to 'http://localhost:24482/session/5ec2e7885543377fcc820987c2fa75b2/url'
16:11:33.898 [Forwarding getCurrentUrl on session 5ec2e7885543377fcc820987c2fa75b2 to remote] DEBUG org.asynchttpclient.netty.request.NettyRequestSender - Using open Channel [id: 0xacc500b9, L:/127.0.0.1:51022 - R:localhost/127.0.0.1:24482] for GET '/session/5ec2e7885543377fcc820987c2fa75b2/url'
16:11:33.903 [AsyncHttpClient-1-14] DEBUG org.asynchttpclient.netty.handler.HttpHandler - 

Request DefaultFullHttpRequest(decodeResult: success, version: HTTP/1.1, content: EmptyByteBufBE)
GET /session/5ec2e7885543377fcc820987c2fa75b2/url HTTP/1.1
User-Agent: selenium/4.8.1 (java windows)
Cache-Control: no-cache
Content-Type: application/json; charset=utf-8
host: localhost:24482
accept: */*

Response DefaultHttpResponse(decodeResult: success, version: HTTP/1.1)
HTTP/1.1 200 OK
Content-Length: 54
Content-Type: application/json; charset=utf-8
cache-control: no-cache

16:11:33.903 [AsyncHttpClient-1-14] DEBUG org.asynchttpclient.netty.channel.ChannelManager - Adding key: http://localhost:24482 for channel [id: 0xacc500b9, L:/127.0.0.1:51022 - R:localhost/127.0.0.1:24482]
16:11:33.904 [Forwarding screenshot on session 5ec2e7885543377fcc820987c2fa75b2 to remote] DEBUG org.asynchttpclient.netty.request.NettyRequestSender - Using pooled Channel '[id: 0xacc500b9, L:/127.0.0.1:51022 - R:localhost/127.0.0.1:24482]' for 'GET' to 'http://localhost:24482/session/5ec2e7885543377fcc820987c2fa75b2/screenshot'
16:11:33.904 [Forwarding screenshot on session 5ec2e7885543377fcc820987c2fa75b2 to remote] DEBUG org.asynchttpclient.netty.request.NettyRequestSender - Using open Channel [id: 0xacc500b9, L:/127.0.0.1:51022 - R:localhost/127.0.0.1:24482] for GET '/session/5ec2e7885543377fcc820987c2fa75b2/screenshot'
16:11:33.992 [AsyncHttpClient-1-14] DEBUG org.asynchttpclient.netty.handler.HttpHandler - 

Request DefaultFullHttpRequest(decodeResult: success, version: HTTP/1.1, content: EmptyByteBufBE)
GET /session/5ec2e7885543377fcc820987c2fa75b2/screenshot HTTP/1.1
User-Agent: selenium/4.8.1 (java windows)
Cache-Control: no-cache
Content-Type: application/json; charset=utf-8
host: localhost:24482
accept: */*

Response DefaultHttpResponse(decodeResult: success, version: HTTP/1.1)
HTTP/1.1 200 OK
Content-Length: 32548
Content-Type: application/json; charset=utf-8
cache-control: no-cache

16:11:33.992 [AsyncHttpClient-1-14] DEBUG org.asynchttpclient.netty.channel.ChannelManager - Adding key: http://localhost:24482 for channel [id: 0xacc500b9, L:/127.0.0.1:51022 - R:localhost/127.0.0.1:24482]
16:11:33.993 [main] DEBUG net.serenitybdd.core.photography.Darkroom - Send negative for processing for target\site\serenity\4cd07e63d65dd81b5d85d5c9741ddca19e431dff8252147304c1959634b88bf4.png
16:11:33.993 [main] DEBUG net.thucydides.core.steps.StepInterceptor - STEP DONE: inputPasswordReg
  &amp#27;[32mAnd &amp#27;[0m&amp#27;[32mI input correct password for register&amp#27;[0m &amp#27;[90m# starter.stepdefinitions.RegisterSteps.inputPasswordReg()&amp#27;[0m
16:11:33.993 [Darkroom Processing Line] DEBUG net.serenitybdd.core.photography.DarkroomProcessingLine - Processing screenshot image in /var/screenshots/screenshot-3982838434040393272
16:11:33.993 [Darkroom Processing Line] DEBUG net.serenitybdd.core.photography.DarkroomProcessingLine - Saving screenshot to target\site\serenity\4cd07e63d65dd81b5d85d5c9741ddca19e431dff8252147304c1959634b88bf4.png
16:11:33.999 [Forwarding getPageSource on session 5ec2e7885543377fcc820987c2fa75b2 to remote] DEBUG org.asynchttpclient.netty.request.NettyRequestSender - Using pooled Channel '[id: 0xacc500b9, L:/127.0.0.1:51022 - R:localhost/127.0.0.1:24482]' for 'POST' to 'http://localhost:24482/session/5ec2e7885543377fcc820987c2fa75b2/execute/sync'
16:11:33.999 [Forwarding getPageSource on session 5ec2e7885543377fcc820987c2fa75b2 to remote] DEBUG org.asynchttpclient.netty.request.NettyRequestSender - Using open Channel [id: 0xacc500b9, L:/127.0.0.1:51022 - R:localhost/127.0.0.1:24482] for POST '/session/5ec2e7885543377fcc820987c2fa75b2/execute/sync'
16:11:34.004 [AsyncHttpClient-1-14] DEBUG org.asynchttpclient.netty.handler.HttpHandler - 

Request DefaultHttpRequest(decodeResult: success, version: HTTP/1.1)
POST /session/5ec2e7885543377fcc820987c2fa75b2/execute/sync HTTP/1.1
User-Agent: selenium/4.8.1 (java windows)
Content-Length: 176
Content-Type: application/json; charset=utf-8
host: localhost:24482
accept: */*

Response DefaultHttpResponse(decodeResult: success, version: HTTP/1.1)
HTTP/1.1 200 OK
Content-Length: 22553
Content-Type: application/json; charset=utf-8
cache-control: no-cache

16:11:34.004 [AsyncHttpClient-1-14] DEBUG org.asynchttpclient.netty.channel.ChannelManager - Adding key: http://localhost:24482 for channel [id: 0xacc500b9, L:/127.0.0.1:51022 - R:localhost/127.0.0.1:24482]
16:11:34.006 [Forwarding getCurrentUrl on session 5ec2e7885543377fcc820987c2fa75b2 to remote] DEBUG org.asynchttpclient.netty.request.NettyRequestSender - Using pooled Channel '[id: 0xacc500b9, L:/127.0.0.1:51022 - R:localhost/127.0.0.1:24482]' for 'GET' to 'http://localhost:24482/session/5ec2e7885543377fcc820987c2fa75b2/url'
16:11:34.006 [Forwarding getCurrentUrl on session 5ec2e7885543377fcc820987c2fa75b2 to remote] DEBUG org.asynchttpclient.netty.request.NettyRequestSender - Using open Channel [id: 0xacc500b9, L:/127.0.0.1:51022 - R:localhost/127.0.0.1:24482] for GET '/session/5ec2e7885543377fcc820987c2fa75b2/url'
16:11:34.009 [AsyncHttpClient-1-14] DEBUG org.asynchttpclient.netty.handler.HttpHandler - 

Request DefaultFullHttpRequest(decodeResult: success, version: HTTP/1.1, content: EmptyByteBufBE)
GET /session/5ec2e7885543377fcc820987c2fa75b2/url HTTP/1.1
User-Agent: selenium/4.8.1 (java windows)
Cache-Control: no-cache
Content-Type: application/json; charset=utf-8
host: localhost:24482
accept: */*

Response DefaultHttpResponse(decodeResult: success, version: HTTP/1.1)
HTTP/1.1 200 OK
Content-Length: 54
Content-Type: application/json; charset=utf-8
cache-control: no-cache

16:11:34.009 [AsyncHttpClient-1-14] DEBUG org.asynchttpclient.netty.channel.ChannelManager - Adding key: http://localhost:24482 for channel [id: 0xacc500b9, L:/127.0.0.1:51022 - R:localhost/127.0.0.1:24482]
16:11:34.018 [Forwarding getPageSource on session 5ec2e7885543377fcc820987c2fa75b2 to remote] DEBUG org.asynchttpclient.netty.request.NettyRequestSender - Using pooled Channel '[id: 0xacc500b9, L:/127.0.0.1:51022 - R:localhost/127.0.0.1:24482]' for 'POST' to 'http://localhost:24482/session/5ec2e7885543377fcc820987c2fa75b2/execute/sync'
16:11:34.018 [Forwarding getPageSource on session 5ec2e7885543377fcc820987c2fa75b2 to remote] DEBUG org.asynchttpclient.netty.request.NettyRequestSender - Using open Channel [id: 0xacc500b9, L:/127.0.0.1:51022 - R:localhost/127.0.0.1:24482] for POST '/session/5ec2e7885543377fcc820987c2fa75b2/execute/sync'
16:11:34.022 [AsyncHttpClient-1-14] DEBUG org.asynchttpclient.netty.handler.HttpHandler - 

Request DefaultHttpRequest(decodeResult: success, version: HTTP/1.1)
POST /session/5ec2e7885543377fcc820987c2fa75b2/execute/sync HTTP/1.1
User-Agent: selenium/4.8.1 (java windows)
Content-Length: 176
Content-Type: application/json; charset=utf-8
host: localhost:24482
accept: */*

Response DefaultHttpResponse(decodeResult: success, version: HTTP/1.1)
HTTP/1.1 200 OK
Content-Length: 22553
Content-Type: application/json; charset=utf-8
cache-control: no-cache

16:11:34.022 [AsyncHttpClient-1-14] DEBUG org.asynchttpclient.netty.channel.ChannelManager - Adding key: http://localhost:24482 for channel [id: 0xacc500b9, L:/127.0.0.1:51022 - R:localhost/127.0.0.1:24482]
16:11:34.024 [Forwarding getCurrentUrl on session 5ec2e7885543377fcc820987c2fa75b2 to remote] DEBUG org.asynchttpclient.netty.request.NettyRequestSender - Using pooled Channel '[id: 0xacc500b9, L:/127.0.0.1:51022 - R:localhost/127.0.0.1:24482]' for 'GET' to 'http://localhost:24482/session/5ec2e7885543377fcc820987c2fa75b2/url'
16:11:34.024 [Forwarding getCurrentUrl on session 5ec2e7885543377fcc820987c2fa75b2 to remote] DEBUG org.asynchttpclient.netty.request.NettyRequestSender - Using open Channel [id: 0xacc500b9, L:/127.0.0.1:51022 - R:localhost/127.0.0.1:24482] for GET '/session/5ec2e7885543377fcc820987c2fa75b2/url'
16:11:34.028 [AsyncHttpClient-1-14] DEBUG org.asynchttpclient.netty.handler.HttpHandler - 

Request DefaultFullHttpRequest(decodeResult: success, version: HTTP/1.1, content: EmptyByteBufBE)
GET /session/5ec2e7885543377fcc820987c2fa75b2/url HTTP/1.1
User-Agent: selenium/4.8.1 (java windows)
Cache-Control: no-cache
Content-Type: application/json; charset=utf-8
host: localhost:24482
accept: */*

Response DefaultHttpResponse(decodeResult: success, version: HTTP/1.1)
HTTP/1.1 200 OK
Content-Length: 54
Content-Type: application/json; charset=utf-8
cache-control: no-cache

16:11:34.028 [AsyncHttpClient-1-14] DEBUG org.asynchttpclient.netty.channel.ChannelManager - Adding key: http://localhost:24482 for channel [id: 0xacc500b9, L:/127.0.0.1:51022 - R:localhost/127.0.0.1:24482]
16:11:34.030 [main] DEBUG net.thucydides.core.steps.StepInterceptor - STARTING STEP: RegisterSteps.ClickRegisterButton - ClickRegisterButton
16:11:34.032 [Forwarding findElement on session 5ec2e7885543377fcc820987c2fa75b2 to remote] DEBUG org.asynchttpclient.netty.request.NettyRequestSender - Using pooled Channel '[id: 0xacc500b9, L:/127.0.0.1:51022 - R:localhost/127.0.0.1:24482]' for 'POST' to 'http://localhost:24482/session/5ec2e7885543377fcc820987c2fa75b2/element'
16:11:34.032 [Forwarding findElement on session 5ec2e7885543377fcc820987c2fa75b2 to remote] DEBUG org.asynchttpclient.netty.request.NettyRequestSender - Using open Channel [id: 0xacc500b9, L:/127.0.0.1:51022 - R:localhost/127.0.0.1:24482] for POST '/session/5ec2e7885543377fcc820987c2fa75b2/element'
16:11:34.043 [AsyncHttpClient-1-14] DEBUG org.asynchttpclient.netty.handler.HttpHandler - 

Request DefaultHttpRequest(decodeResult: success, version: HTTP/1.1)
POST /session/5ec2e7885543377fcc820987c2fa75b2/element HTTP/1.1
User-Agent: selenium/4.8.1 (java windows)
Content-Length: 71
Content-Type: application/json; charset=utf-8
host: localhost:24482
accept: */*

Response DefaultHttpResponse(decodeResult: success, version: HTTP/1.1)
HTTP/1.1 200 OK
Content-Length: 88
Content-Type: application/json; charset=utf-8
cache-control: no-cache

16:11:34.043 [AsyncHttpClient-1-14] DEBUG org.asynchttpclient.netty.channel.ChannelManager - Adding key: http://localhost:24482 for channel [id: 0xacc500b9, L:/127.0.0.1:51022 - R:localhost/127.0.0.1:24482]
16:11:34.044 [Forwarding getElementTagName on session 5ec2e7885543377fcc820987c2fa75b2 to remote] DEBUG org.asynchttpclient.netty.request.NettyRequestSender - Using pooled Channel '[id: 0xacc500b9, L:/127.0.0.1:51022 - R:localhost/127.0.0.1:24482]' for 'GET' to 'http://localhost:24482/session/5ec2e7885543377fcc820987c2fa75b2/element/f038a1f7-3115-4329-befa-cc4ca13e4398/name'
16:11:34.044 [Forwarding getElementTagName on session 5ec2e7885543377fcc820987c2fa75b2 to remote] DEBUG org.asynchttpclient.netty.request.NettyRequestSender - Using open Channel [id: 0xacc500b9, L:/127.0.0.1:51022 - R:localhost/127.0.0.1:24482] for GET '/session/5ec2e7885543377fcc820987c2fa75b2/element/f038a1f7-3115-4329-befa-cc4ca13e4398/name'
16:11:34.048 [AsyncHttpClient-1-14] DEBUG org.asynchttpclient.netty.handler.HttpHandler - 

Request DefaultFullHttpRequest(decodeResult: success, version: HTTP/1.1, content: EmptyByteBufBE)
GET /session/5ec2e7885543377fcc820987c2fa75b2/element/f038a1f7-3115-4329-befa-cc4ca13e4398/name HTTP/1.1
User-Agent: selenium/4.8.1 (java windows)
Cache-Control: no-cache
Content-Type: application/json; charset=utf-8
host: localhost:24482
accept: */*

Response DefaultHttpResponse(decodeResult: success, version: HTTP/1.1)
HTTP/1.1 200 OK
Content-Length: 18
Content-Type: application/json; charset=utf-8
cache-control: no-cache

16:11:34.048 [AsyncHttpClient-1-14] DEBUG org.asynchttpclient.netty.channel.ChannelManager - Adding key: http://localhost:24482 for channel [id: 0xacc500b9, L:/127.0.0.1:51022 - R:localhost/127.0.0.1:24482]
16:11:34.049 [Forwarding getElementTagName on session 5ec2e7885543377fcc820987c2fa75b2 to remote] DEBUG org.asynchttpclient.netty.request.NettyRequestSender - Using pooled Channel '[id: 0xacc500b9, L:/127.0.0.1:51022 - R:localhost/127.0.0.1:24482]' for 'GET' to 'http://localhost:24482/session/5ec2e7885543377fcc820987c2fa75b2/element/f038a1f7-3115-4329-befa-cc4ca13e4398/name'
16:11:34.049 [Forwarding getElementTagName on session 5ec2e7885543377fcc820987c2fa75b2 to remote] DEBUG org.asynchttpclient.netty.request.NettyRequestSender - Using open Channel [id: 0xacc500b9, L:/127.0.0.1:51022 - R:localhost/127.0.0.1:24482] for GET '/session/5ec2e7885543377fcc820987c2fa75b2/element/f038a1f7-3115-4329-befa-cc4ca13e4398/name'
16:11:34.051 [AsyncHttpClient-1-14] DEBUG org.asynchttpclient.netty.handler.HttpHandler - 

Request DefaultFullHttpRequest(decodeResult: success, version: HTTP/1.1, content: EmptyByteBufBE)
GET /session/5ec2e7885543377fcc820987c2fa75b2/element/f038a1f7-3115-4329-befa-cc4ca13e4398/name HTTP/1.1
User-Agent: selenium/4.8.1 (java windows)
Cache-Control: no-cache
Content-Type: application/json; charset=utf-8
host: localhost:24482
accept: */*

Response DefaultHttpResponse(decodeResult: success, version: HTTP/1.1)
HTTP/1.1 200 OK
Content-Length: 18
Content-Type: application/json; charset=utf-8
cache-control: no-cache

16:11:34.051 [AsyncHttpClient-1-14] DEBUG org.asynchttpclient.netty.channel.ChannelManager - Adding key: http://localhost:24482 for channel [id: 0xacc500b9, L:/127.0.0.1:51022 - R:localhost/127.0.0.1:24482]
16:11:34.052 [Forwarding isElementEnabled on session 5ec2e7885543377fcc820987c2fa75b2 to remote] DEBUG org.asynchttpclient.netty.request.NettyRequestSender - Using pooled Channel '[id: 0xacc500b9, L:/127.0.0.1:51022 - R:localhost/127.0.0.1:24482]' for 'GET' to 'http://localhost:24482/session/5ec2e7885543377fcc820987c2fa75b2/element/f038a1f7-3115-4329-befa-cc4ca13e4398/enabled'
16:11:34.053 [Forwarding isElementEnabled on session 5ec2e7885543377fcc820987c2fa75b2 to remote] DEBUG org.asynchttpclient.netty.request.NettyRequestSender - Using open Channel [id: 0xacc500b9, L:/127.0.0.1:51022 - R:localhost/127.0.0.1:24482] for GET '/session/5ec2e7885543377fcc820987c2fa75b2/element/f038a1f7-3115-4329-befa-cc4ca13e4398/enabled'
16:11:34.058 [AsyncHttpClient-1-1] DEBUG org.asynchttpclient.netty.channel.DefaultChannelPool - Entry count for : http://localhost:51024 : 1
16:11:34.058 [AsyncHttpClient-1-14] DEBUG org.asynchttpclient.netty.handler.HttpHandler - 

Request DefaultFullHttpRequest(decodeResult: success, version: HTTP/1.1, content: EmptyByteBufBE)
GET /session/5ec2e7885543377fcc820987c2fa75b2/element/f038a1f7-3115-4329-befa-cc4ca13e4398/enabled HTTP/1.1
User-Agent: selenium/4.8.1 (java windows)
Cache-Control: no-cache
Content-Type: application/json; charset=utf-8
host: localhost:24482
accept: */*

Response DefaultHttpResponse(decodeResult: success, version: HTTP/1.1)
HTTP/1.1 200 OK
Content-Length: 14
Content-Type: application/json; charset=utf-8
cache-control: no-cache

16:11:34.058 [AsyncHttpClient-1-14] DEBUG org.asynchttpclient.netty.channel.ChannelManager - Adding key: http://localhost:24482 for channel [id: 0xacc500b9, L:/127.0.0.1:51022 - R:localhost/127.0.0.1:24482]
16:11:34.059 [Forwarding isElementEnabled on session 5ec2e7885543377fcc820987c2fa75b2 to remote] DEBUG org.asynchttpclient.netty.request.NettyRequestSender - Using pooled Channel '[id: 0xacc500b9, L:/127.0.0.1:51022 - R:localhost/127.0.0.1:24482]' for 'GET' to 'http://localhost:24482/session/5ec2e7885543377fcc820987c2fa75b2/element/f038a1f7-3115-4329-befa-cc4ca13e4398/enabled'
16:11:34.060 [Forwarding isElementEnabled on session 5ec2e7885543377fcc820987c2fa75b2 to remote] DEBUG org.asynchttpclient.netty.request.NettyRequestSender - Using open Channel [id: 0xacc500b9, L:/127.0.0.1:51022 - R:localhost/127.0.0.1:24482] for GET '/session/5ec2e7885543377fcc820987c2fa75b2/element/f038a1f7-3115-4329-befa-cc4ca13e4398/enabled'
16:11:34.064 [AsyncHttpClient-1-14] DEBUG org.asynchttpclient.netty.handler.HttpHandler - 

Request DefaultFullHttpRequest(decodeResult: success, version: HTTP/1.1, content: EmptyByteBufBE)
GET /session/5ec2e7885543377fcc820987c2fa75b2/element/f038a1f7-3115-4329-befa-cc4ca13e4398/enabled HTTP/1.1
User-Agent: selenium/4.8.1 (java windows)
Cache-Control: no-cache
Content-Type: application/json; charset=utf-8
host: localhost:24482
accept: */*

Response DefaultHttpResponse(decodeResult: success, version: HTTP/1.1)
HTTP/1.1 200 OK
Content-Length: 14
Content-Type: application/json; charset=utf-8
cache-control: no-cache

16:11:34.064 [AsyncHttpClient-1-14] DEBUG org.asynchttpclient.netty.channel.ChannelManager - Adding key: http://localhost:24482 for channel [id: 0xacc500b9, L:/127.0.0.1:51022 - R:localhost/127.0.0.1:24482]
16:11:34.065 [Forwarding findElement on session 5ec2e7885543377fcc820987c2fa75b2 to remote] DEBUG org.asynchttpclient.netty.request.NettyRequestSender - Using pooled Channel '[id: 0xacc500b9, L:/127.0.0.1:51022 - R:localhost/127.0.0.1:24482]' for 'POST' to 'http://localhost:24482/session/5ec2e7885543377fcc820987c2fa75b2/element'
16:11:34.065 [Forwarding findElement on session 5ec2e7885543377fcc820987c2fa75b2 to remote] DEBUG org.asynchttpclient.netty.request.NettyRequestSender - Using open Channel [id: 0xacc500b9, L:/127.0.0.1:51022 - R:localhost/127.0.0.1:24482] for POST '/session/5ec2e7885543377fcc820987c2fa75b2/element'
16:11:34.071 [AsyncHttpClient-1-14] DEBUG org.asynchttpclient.netty.handler.HttpHandler - 

Request DefaultHttpRequest(decodeResult: success, version: HTTP/1.1)
POST /session/5ec2e7885543377fcc820987c2fa75b2/element HTTP/1.1
User-Agent: selenium/4.8.1 (java windows)
Content-Length: 71
Content-Type: application/json; charset=utf-8
host: localhost:24482
accept: */*

Response DefaultHttpResponse(decodeResult: success, version: HTTP/1.1)
HTTP/1.1 200 OK
Content-Length: 88
Content-Type: application/json; charset=utf-8
cache-control: no-cache

16:11:34.071 [AsyncHttpClient-1-14] DEBUG org.asynchttpclient.netty.channel.ChannelManager - Adding key: http://localhost:24482 for channel [id: 0xacc500b9, L:/127.0.0.1:51022 - R:localhost/127.0.0.1:24482]
16:11:34.072 [Forwarding clickElement on session 5ec2e7885543377fcc820987c2fa75b2 to remote] DEBUG org.asynchttpclient.netty.request.NettyRequestSender - Using pooled Channel '[id: 0xacc500b9, L:/127.0.0.1:51022 - R:localhost/127.0.0.1:24482]' for 'POST' to 'http://localhost:24482/session/5ec2e7885543377fcc820987c2fa75b2/element/f038a1f7-3115-4329-befa-cc4ca13e4398/click'
16:11:34.072 [Forwarding clickElement on session 5ec2e7885543377fcc820987c2fa75b2 to remote] DEBUG org.asynchttpclient.netty.request.NettyRequestSender - Using open Channel [id: 0xacc500b9, L:/127.0.0.1:51022 - R:localhost/127.0.0.1:24482] for POST '/session/5ec2e7885543377fcc820987c2fa75b2/element/f038a1f7-3115-4329-befa-cc4ca13e4398/click'
16:11:34.104 [AsyncHttpClient-1-14] DEBUG org.asynchttpclient.netty.handler.HttpHandler - 

Request DefaultHttpRequest(decodeResult: success, version: HTTP/1.1)
POST /session/5ec2e7885543377fcc820987c2fa75b2/element/f038a1f7-3115-4329-befa-cc4ca13e4398/click HTTP/1.1
User-Agent: selenium/4.8.1 (java windows)
Content-Length: 50
Content-Type: application/json; charset=utf-8
host: localhost:24482
accept: */*

Response DefaultHttpResponse(decodeResult: success, version: HTTP/1.1)
HTTP/1.1 200 OK
Content-Length: 14
Content-Type: application/json; charset=utf-8
cache-control: no-cache

16:11:34.104 [AsyncHttpClient-1-14] DEBUG org.asynchttpclient.netty.channel.ChannelManager - Adding key: http://localhost:24482 for channel [id: 0xacc500b9, L:/127.0.0.1:51022 - R:localhost/127.0.0.1:24482]
16:11:34.107 [Forwarding getAlertText on session 5ec2e7885543377fcc820987c2fa75b2 to remote] DEBUG org.asynchttpclient.netty.request.NettyRequestSender - Using pooled Channel '[id: 0xacc500b9, L:/127.0.0.1:51022 - R:localhost/127.0.0.1:24482]' for 'GET' to 'http://localhost:24482/session/5ec2e7885543377fcc820987c2fa75b2/alert/text'
16:11:34.107 [Forwarding getAlertText on session 5ec2e7885543377fcc820987c2fa75b2 to remote] DEBUG org.asynchttpclient.netty.request.NettyRequestSender - Using open Channel [id: 0xacc500b9, L:/127.0.0.1:51022 - R:localhost/127.0.0.1:24482] for GET '/session/5ec2e7885543377fcc820987c2fa75b2/alert/text'
16:11:34.111 [AsyncHttpClient-1-14] DEBUG org.asynchttpclient.netty.handler.HttpHandler - 

Request DefaultFullHttpRequest(decodeResult: success, version: HTTP/1.1, content: EmptyByteBufBE)
GET /session/5ec2e7885543377fcc820987c2fa75b2/alert/text HTTP/1.1
User-Agent: selenium/4.8.1 (java windows)
Cache-Control: no-cache
Content-Type: application/json; charset=utf-8
host: localhost:24482
accept: */*

Response DefaultHttpResponse(decodeResult: success, version: HTTP/1.1)
HTTP/1.1 404 Not Found
Content-Length: 836
Content-Type: application/json; charset=utf-8
cache-control: no-cache

16:11:34.111 [AsyncHttpClient-1-14] DEBUG org.asynchttpclient.netty.channel.ChannelManager - Adding key: http://localhost:24482 for channel [id: 0xacc500b9, L:/127.0.0.1:51022 - R:localhost/127.0.0.1:24482]
16:11:34.111 [Forwarding getCurrentUrl on session 5ec2e7885543377fcc820987c2fa75b2 to remote] DEBUG org.asynchttpclient.netty.request.NettyRequestSender - Using pooled Channel '[id: 0xacc500b9, L:/127.0.0.1:51022 - R:localhost/127.0.0.1:24482]' for 'GET' to 'http://localhost:24482/session/5ec2e7885543377fcc820987c2fa75b2/url'
16:11:34.111 [Forwarding getCurrentUrl on session 5ec2e7885543377fcc820987c2fa75b2 to remote] DEBUG org.asynchttpclient.netty.request.NettyRequestSender - Using open Channel [id: 0xacc500b9, L:/127.0.0.1:51022 - R:localhost/127.0.0.1:24482] for GET '/session/5ec2e7885543377fcc820987c2fa75b2/url'
16:11:34.113 [AsyncHttpClient-1-14] DEBUG org.asynchttpclient.netty.handler.HttpHandler - 

Request DefaultFullHttpRequest(decodeResult: success, version: HTTP/1.1, content: EmptyByteBufBE)
GET /session/5ec2e7885543377fcc820987c2fa75b2/url HTTP/1.1
User-Agent: selenium/4.8.1 (java windows)
Cache-Control: no-cache
Content-Type: application/json; charset=utf-8
host: localhost:24482
accept: */*

Response DefaultHttpResponse(decodeResult: success, version: HTTP/1.1)
HTTP/1.1 200 OK
Content-Length: 54
Content-Type: application/json; charset=utf-8
cache-control: no-cache

16:11:34.113 [AsyncHttpClient-1-14] DEBUG org.asynchttpclient.netty.channel.ChannelManager - Adding key: http://localhost:24482 for channel [id: 0xacc500b9, L:/127.0.0.1:51022 - R:localhost/127.0.0.1:24482]
16:11:34.114 [Forwarding screenshot on session 5ec2e7885543377fcc820987c2fa75b2 to remote] DEBUG org.asynchttpclient.netty.request.NettyRequestSender - Using pooled Channel '[id: 0xacc500b9, L:/127.0.0.1:51022 - R:localhost/127.0.0.1:24482]' for 'GET' to 'http://localhost:24482/session/5ec2e7885543377fcc820987c2fa75b2/screenshot'
16:11:34.114 [Forwarding screenshot on session 5ec2e7885543377fcc820987c2fa75b2 to remote] DEBUG org.asynchttpclient.netty.request.NettyRequestSender - Using open Channel [id: 0xacc500b9, L:/127.0.0.1:51022 - R:localhost/127.0.0.1:24482] for GET '/session/5ec2e7885543377fcc820987c2fa75b2/screenshot'
16:11:34.222 [AsyncHttpClient-1-14] DEBUG org.asynchttpclient.netty.handler.HttpHandler - 

Request DefaultFullHttpRequest(decodeResult: success, version: HTTP/1.1, content: EmptyByteBufBE)
GET /session/5ec2e7885543377fcc820987c2fa75b2/screenshot HTTP/1.1
User-Agent: selenium/4.8.1 (java windows)
Cache-Control: no-cache
Content-Type: application/json; charset=utf-8
host: localhost:24482
accept: */*

Response DefaultHttpResponse(decodeResult: success, version: HTTP/1.1)
HTTP/1.1 200 OK
Content-Length: 32092
Content-Type: application/json; charset=utf-8
cache-control: no-cache

16:11:34.223 [AsyncHttpClient-1-14] DEBUG org.asynchttpclient.netty.channel.ChannelManager - Adding key: http://localhost:24482 for channel [id: 0xacc500b9, L:/127.0.0.1:51022 - R:localhost/127.0.0.1:24482]
16:11:34.224 [main] DEBUG net.serenitybdd.core.photography.Darkroom - Send negative for processing for target\site\serenity\471a670f4b72a6606e864b485d0000ed67e6cc361e92ff401473db8204a468ac.png
16:11:34.224 [main] DEBUG net.thucydides.core.steps.StepInterceptor - STEP DONE: ClickRegisterButton
  &amp#27;[32mWhen &amp#27;[0m&amp#27;[32mI click on the register button&amp#27;[0m       &amp#27;[90m# starter.stepdefinitions.RegisterSteps.ClickRegisterButton()&amp#27;[0m
16:11:34.224 [Darkroom Processing Line] DEBUG net.serenitybdd.core.photography.DarkroomProcessingLine - Processing screenshot image in /var/screenshots/screenshot-6907382143782042111
16:11:34.224 [Darkroom Processing Line] DEBUG net.serenitybdd.core.photography.DarkroomProcessingLine - Saving screenshot to target\site\serenity\471a670f4b72a6606e864b485d0000ed67e6cc361e92ff401473db8204a468ac.png
16:11:34.230 [Forwarding getPageSource on session 5ec2e7885543377fcc820987c2fa75b2 to remote] DEBUG org.asynchttpclient.netty.request.NettyRequestSender - Using pooled Channel '[id: 0xacc500b9, L:/127.0.0.1:51022 - R:localhost/127.0.0.1:24482]' for 'POST' to 'http://localhost:24482/session/5ec2e7885543377fcc820987c2fa75b2/execute/sync'
16:11:34.230 [Forwarding getPageSource on session 5ec2e7885543377fcc820987c2fa75b2 to remote] DEBUG org.asynchttpclient.netty.request.NettyRequestSender - Using open Channel [id: 0xacc500b9, L:/127.0.0.1:51022 - R:localhost/127.0.0.1:24482] for POST '/session/5ec2e7885543377fcc820987c2fa75b2/execute/sync'
16:11:34.234 [AsyncHttpClient-1-14] DEBUG org.asynchttpclient.netty.handler.HttpHandler - 

Request DefaultHttpRequest(decodeResult: success, version: HTTP/1.1)
POST /session/5ec2e7885543377fcc820987c2fa75b2/execute/sync HTTP/1.1
User-Agent: selenium/4.8.1 (java windows)
Content-Length: 176
Content-Type: application/json; charset=utf-8
host: localhost:24482
accept: */*

Response DefaultHttpResponse(decodeResult: success, version: HTTP/1.1)
HTTP/1.1 200 OK
Content-Length: 22833
Content-Type: application/json; charset=utf-8
cache-control: no-cache

16:11:34.240 [AsyncHttpClient-1-14] DEBUG org.asynchttpclient.netty.channel.ChannelManager - Adding key: http://localhost:24482 for channel [id: 0xacc500b9, L:/127.0.0.1:51022 - R:localhost/127.0.0.1:24482]
16:11:34.242 [Forwarding getCurrentUrl on session 5ec2e7885543377fcc820987c2fa75b2 to remote] DEBUG org.asynchttpclient.netty.request.NettyRequestSender - Using pooled Channel '[id: 0xacc500b9, L:/127.0.0.1:51022 - R:localhost/127.0.0.1:24482]' for 'GET' to 'http://localhost:24482/session/5ec2e7885543377fcc820987c2fa75b2/url'
16:11:34.242 [Forwarding getCurrentUrl on session 5ec2e7885543377fcc820987c2fa75b2 to remote] DEBUG org.asynchttpclient.netty.request.NettyRequestSender - Using open Channel [id: 0xacc500b9, L:/127.0.0.1:51022 - R:localhost/127.0.0.1:24482] for GET '/session/5ec2e7885543377fcc820987c2fa75b2/url'
16:11:34.245 [AsyncHttpClient-1-14] DEBUG org.asynchttpclient.netty.handler.HttpHandler - 

Request DefaultFullHttpRequest(decodeResult: success, version: HTTP/1.1, content: EmptyByteBufBE)
GET /session/5ec2e7885543377fcc820987c2fa75b2/url HTTP/1.1
User-Agent: selenium/4.8.1 (java windows)
Cache-Control: no-cache
Content-Type: application/json; charset=utf-8
host: localhost:24482
accept: */*

Response DefaultHttpResponse(decodeResult: success, version: HTTP/1.1)
HTTP/1.1 200 OK
Content-Length: 54
Content-Type: application/json; charset=utf-8
cache-control: no-cache

16:11:34.245 [AsyncHttpClient-1-14] DEBUG org.asynchttpclient.netty.channel.ChannelManager - Adding key: http://localhost:24482 for channel [id: 0xacc500b9, L:/127.0.0.1:51022 - R:localhost/127.0.0.1:24482]
16:11:34.253 [Forwarding getPageSource on session 5ec2e7885543377fcc820987c2fa75b2 to remote] DEBUG org.asynchttpclient.netty.request.NettyRequestSender - Using pooled Channel '[id: 0xacc500b9, L:/127.0.0.1:51022 - R:localhost/127.0.0.1:24482]' for 'POST' to 'http://localhost:24482/session/5ec2e7885543377fcc820987c2fa75b2/execute/sync'
16:11:34.253 [Forwarding getPageSource on session 5ec2e7885543377fcc820987c2fa75b2 to remote] DEBUG org.asynchttpclient.netty.request.NettyRequestSender - Using open Channel [id: 0xacc500b9, L:/127.0.0.1:51022 - R:localhost/127.0.0.1:24482] for POST '/session/5ec2e7885543377fcc820987c2fa75b2/execute/sync'
16:11:34.258 [AsyncHttpClient-1-14] DEBUG org.asynchttpclient.netty.handler.HttpHandler - 

Request DefaultHttpRequest(decodeResult: success, version: HTTP/1.1)
POST /session/5ec2e7885543377fcc820987c2fa75b2/execute/sync HTTP/1.1
User-Agent: selenium/4.8.1 (java windows)
Content-Length: 176
Content-Type: application/json; charset=utf-8
host: localhost:24482
accept: */*

Response DefaultHttpResponse(decodeResult: success, version: HTTP/1.1)
HTTP/1.1 200 OK
Content-Length: 22833
Content-Type: application/json; charset=utf-8
cache-control: no-cache

16:11:34.258 [AsyncHttpClient-1-14] DEBUG org.asynchttpclient.netty.channel.ChannelManager - Adding key: http://localhost:24482 for channel [id: 0xacc500b9, L:/127.0.0.1:51022 - R:localhost/127.0.0.1:24482]
16:11:34.259 [Forwarding getCurrentUrl on session 5ec2e7885543377fcc820987c2fa75b2 to remote] DEBUG org.asynchttpclient.netty.request.NettyRequestSender - Using pooled Channel '[id: 0xacc500b9, L:/127.0.0.1:51022 - R:localhost/127.0.0.1:24482]' for 'GET' to 'http://localhost:24482/session/5ec2e7885543377fcc820987c2fa75b2/url'
16:11:34.260 [Forwarding getCurrentUrl on session 5ec2e7885543377fcc820987c2fa75b2 to remote] DEBUG org.asynchttpclient.netty.request.NettyRequestSender - Using open Channel [id: 0xacc500b9, L:/127.0.0.1:51022 - R:localhost/127.0.0.1:24482] for GET '/session/5ec2e7885543377fcc820987c2fa75b2/url'
16:11:34.264 [AsyncHttpClient-1-14] DEBUG org.asynchttpclient.netty.handler.HttpHandler - 

Request DefaultFullHttpRequest(decodeResult: success, version: HTTP/1.1, content: EmptyByteBufBE)
GET /session/5ec2e7885543377fcc820987c2fa75b2/url HTTP/1.1
User-Agent: selenium/4.8.1 (java windows)
Cache-Control: no-cache
Content-Type: application/json; charset=utf-8
host: localhost:24482
accept: */*

Response DefaultHttpResponse(decodeResult: success, version: HTTP/1.1)
HTTP/1.1 200 OK
Content-Length: 54
Content-Type: application/json; charset=utf-8
cache-control: no-cache

16:11:34.264 [AsyncHttpClient-1-14] DEBUG org.asynchttpclient.netty.channel.ChannelManager - Adding key: http://localhost:24482 for channel [id: 0xacc500b9, L:/127.0.0.1:51022 - R:localhost/127.0.0.1:24482]
16:11:34.265 [main] DEBUG net.thucydides.core.steps.StepInterceptor - STARTING STEP: LoginSteps.alertContent - incorrectAlert
16:11:34.266 [Forwarding findElement on session 5ec2e7885543377fcc820987c2fa75b2 to remote] DEBUG org.asynchttpclient.netty.request.NettyRequestSender - Using pooled Channel '[id: 0xacc500b9, L:/127.0.0.1:51022 - R:localhost/127.0.0.1:24482]' for 'POST' to 'http://localhost:24482/session/5ec2e7885543377fcc820987c2fa75b2/element'
16:11:34.267 [Forwarding findElement on session 5ec2e7885543377fcc820987c2fa75b2 to remote] DEBUG org.asynchttpclient.netty.request.NettyRequestSender - Using open Channel [id: 0xacc500b9, L:/127.0.0.1:51022 - R:localhost/127.0.0.1:24482] for POST '/session/5ec2e7885543377fcc820987c2fa75b2/element'
16:11:34.514 [AsyncHttpClient-1-14] DEBUG org.asynchttpclient.netty.handler.HttpHandler - 

Request DefaultHttpRequest(decodeResult: success, version: HTTP/1.1)
POST /session/5ec2e7885543377fcc820987c2fa75b2/element HTTP/1.1
User-Agent: selenium/4.8.1 (java windows)
Content-Length: 54
Content-Type: application/json; charset=utf-8
host: localhost:24482
accept: */*

Response DefaultHttpResponse(decodeResult: success, version: HTTP/1.1)
HTTP/1.1 200 OK
Content-Length: 88
Content-Type: application/json; charset=utf-8
cache-control: no-cache

16:11:34.515 [AsyncHttpClient-1-14] DEBUG org.asynchttpclient.netty.channel.ChannelManager - Adding key: http://localhost:24482 for channel [id: 0xacc500b9, L:/127.0.0.1:51022 - R:localhost/127.0.0.1:24482]
16:11:34.516 [Forwarding isElementDisplayed on session 5ec2e7885543377fcc820987c2fa75b2 to remote] DEBUG org.asynchttpclient.netty.request.NettyRequestSender - Using pooled Channel '[id: 0xacc500b9, L:/127.0.0.1:51022 - R:localhost/127.0.0.1:24482]' for 'POST' to 'http://localhost:24482/session/5ec2e7885543377fcc820987c2fa75b2/execute/sync'
16:11:34.516 [Forwarding isElementDisplayed on session 5ec2e7885543377fcc820987c2fa75b2 to remote] DEBUG org.asynchttpclient.netty.request.NettyRequestSender - Using open Channel [id: 0xacc500b9, L:/127.0.0.1:51022 - R:localhost/127.0.0.1:24482] for POST '/session/5ec2e7885543377fcc820987c2fa75b2/execute/sync'
16:11:34.525 [AsyncHttpClient-1-14] DEBUG org.asynchttpclient.netty.handler.HttpHandler - 

Request DefaultHttpRequest(decodeResult: success, version: HTTP/1.1)
POST /session/5ec2e7885543377fcc820987c2fa75b2/execute/sync HTTP/1.1
User-Agent: selenium/4.8.1 (java windows)
Content-Length: 48807
Content-Type: application/json; charset=utf-8
host: localhost:24482
accept: */*

Response DefaultHttpResponse(decodeResult: success, version: HTTP/1.1)
HTTP/1.1 200 OK
Content-Length: 14
Content-Type: application/json; charset=utf-8
cache-control: no-cache

16:11:34.525 [AsyncHttpClient-1-14] DEBUG org.asynchttpclient.netty.channel.ChannelManager - Adding key: http://localhost:24482 for channel [id: 0xacc500b9, L:/127.0.0.1:51022 - R:localhost/127.0.0.1:24482]
16:11:34.529 [Forwarding getAlertText on session 5ec2e7885543377fcc820987c2fa75b2 to remote] DEBUG org.asynchttpclient.netty.request.NettyRequestSender - Using pooled Channel '[id: 0xacc500b9, L:/127.0.0.1:51022 - R:localhost/127.0.0.1:24482]' for 'GET' to 'http://localhost:24482/session/5ec2e7885543377fcc820987c2fa75b2/alert/text'
16:11:34.529 [Forwarding getAlertText on session 5ec2e7885543377fcc820987c2fa75b2 to remote] DEBUG org.asynchttpclient.netty.request.NettyRequestSender - Using open Channel [id: 0xacc500b9, L:/127.0.0.1:51022 - R:localhost/127.0.0.1:24482] for GET '/session/5ec2e7885543377fcc820987c2fa75b2/alert/text'
16:11:34.531 [AsyncHttpClient-1-14] DEBUG org.asynchttpclient.netty.handler.HttpHandler - 

Request DefaultFullHttpRequest(decodeResult: success, version: HTTP/1.1, content: EmptyByteBufBE)
GET /session/5ec2e7885543377fcc820987c2fa75b2/alert/text HTTP/1.1
User-Agent: selenium/4.8.1 (java windows)
Cache-Control: no-cache
Content-Type: application/json; charset=utf-8
host: localhost:24482
accept: */*

Response DefaultHttpResponse(decodeResult: success, version: HTTP/1.1)
HTTP/1.1 404 Not Found
Content-Length: 836
Content-Type: application/json; charset=utf-8
cache-control: no-cache

16:11:34.531 [AsyncHttpClient-1-14] DEBUG org.asynchttpclient.netty.channel.ChannelManager - Adding key: http://localhost:24482 for channel [id: 0xacc500b9, L:/127.0.0.1:51022 - R:localhost/127.0.0.1:24482]
16:11:34.533 [Forwarding getCurrentUrl on session 5ec2e7885543377fcc820987c2fa75b2 to remote] DEBUG org.asynchttpclient.netty.request.NettyRequestSender - Using pooled Channel '[id: 0xacc500b9, L:/127.0.0.1:51022 - R:localhost/127.0.0.1:24482]' for 'GET' to 'http://localhost:24482/session/5ec2e7885543377fcc820987c2fa75b2/url'
16:11:34.533 [Forwarding getCurrentUrl on session 5ec2e7885543377fcc820987c2fa75b2 to remote] DEBUG org.asynchttpclient.netty.request.NettyRequestSender - Using open Channel [id: 0xacc500b9, L:/127.0.0.1:51022 - R:localhost/127.0.0.1:24482] for GET '/session/5ec2e7885543377fcc820987c2fa75b2/url'
16:11:34.541 [AsyncHttpClient-1-14] DEBUG org.asynchttpclient.netty.handler.HttpHandler - 

Request DefaultFullHttpRequest(decodeResult: success, version: HTTP/1.1, content: EmptyByteBufBE)
GET /session/5ec2e7885543377fcc820987c2fa75b2/url HTTP/1.1
User-Agent: selenium/4.8.1 (java windows)
Cache-Control: no-cache
Content-Type: application/json; charset=utf-8
host: localhost:24482
accept: */*

Response DefaultHttpResponse(decodeResult: success, version: HTTP/1.1)
HTTP/1.1 200 OK
Content-Length: 54
Content-Type: application/json; charset=utf-8
cache-control: no-cache

16:11:34.541 [AsyncHttpClient-1-14] DEBUG org.asynchttpclient.netty.channel.ChannelManager - Adding key: http://localhost:24482 for channel [id: 0xacc500b9, L:/127.0.0.1:51022 - R:localhost/127.0.0.1:24482]
16:11:34.542 [Forwarding screenshot on session 5ec2e7885543377fcc820987c2fa75b2 to remote] DEBUG org.asynchttpclient.netty.request.NettyRequestSender - Using pooled Channel '[id: 0xacc500b9, L:/127.0.0.1:51022 - R:localhost/127.0.0.1:24482]' for 'GET' to 'http://localhost:24482/session/5ec2e7885543377fcc820987c2fa75b2/screenshot'
16:11:34.542 [Forwarding screenshot on session 5ec2e7885543377fcc820987c2fa75b2 to remote] DEBUG org.asynchttpclient.netty.request.NettyRequestSender - Using open Channel [id: 0xacc500b9, L:/127.0.0.1:51022 - R:localhost/127.0.0.1:24482] for GET '/session/5ec2e7885543377fcc820987c2fa75b2/screenshot'
16:11:34.673 [AsyncHttpClient-1-14] DEBUG org.asynchttpclient.netty.handler.HttpHandler - 

Request DefaultFullHttpRequest(decodeResult: success, version: HTTP/1.1, content: EmptyByteBufBE)
GET /session/5ec2e7885543377fcc820987c2fa75b2/screenshot HTTP/1.1
User-Agent: selenium/4.8.1 (java windows)
Cache-Control: no-cache
Content-Type: application/json; charset=utf-8
host: localhost:24482
accept: */*

Response DefaultHttpResponse(decodeResult: success, version: HTTP/1.1)
HTTP/1.1 200 OK
Content-Length: 32752
Content-Type: application/json; charset=utf-8
cache-control: no-cache

16:11:34.673 [AsyncHttpClient-1-14] DEBUG org.asynchttpclient.netty.channel.ChannelManager - Adding key: http://localhost:24482 for channel [id: 0xacc500b9, L:/127.0.0.1:51022 - R:localhost/127.0.0.1:24482]
16:11:34.675 [main] DEBUG net.serenitybdd.core.photography.Darkroom - Send negative for processing for target\site\serenity\f8b391a9f4762c17cc3c02ccf9848831e15fcbfd158b0cce0c01452cb7e3323b.png
16:11:34.675 [main] DEBUG net.thucydides.core.steps.StepInterceptor - STEP DONE: incorrectAlert
  &amp#27;[32mThen &amp#27;[0m&amp#27;[32mI should see the error message&amp#27;[0m       &amp#27;[90m# starter.stepdefinitions.LoginSteps.alertContent()&amp#27;[0m
16:11:34.676 [Darkroom Processing Line] DEBUG net.serenitybdd.core.photography.DarkroomProcessingLine - Processing screenshot image in /var/screenshots/screenshot-558260974463062840
16:11:34.676 [Darkroom Processing Line] DEBUG net.serenitybdd.core.photography.DarkroomProcessingLine - Saving screenshot to target\site\serenity\f8b391a9f4762c17cc3c02ccf9848831e15fcbfd158b0cce0c01452cb7e3323b.png
16:11:34.683 [main] INFO  - 
  _____   ___   ___   _____     ___     _     ___   ___   ___   ___  
 |_   _| | __| / __| |_   _|   | _ \   /_\   / __| / __| | __| |   \ 
   | |   | _|  \__ \   | |     |  _/  / _ \  \__ \ \__ \ | _|  | |) |
   |_|   |___| |___/   |_|     |_|   /_/ \_\ |___/ |___/ |___| |___/ 

Register with existed email
----------------------------------------------------------------------
16:11:34.685 [AsyncHttpClient-1-16] DEBUG org.asynchttpclient.netty.handler.WebSocketHandler - Channel Closed: [id: 0x1ecfe65f, L:/127.0.0.1:51031 ! R:localhost/127.0.0.1:51024] with attribute NettyResponseFuture{currentRetry=0,
	isDone=1,
	isCancelled=0,
	asyncHandler=org.asynchttpclient.ws.WebSocketUpgradeHandler@63ed5c97,
	nettyRequest=org.asynchttpclient.netty.request.NettyRequest@26efde8e,
	future=java.util.concurrent.CompletableFuture@66057fbb[Completed normally],
	uri=ws://localhost:51024/devtools/browser/21291211-a66e-44dc-8d50-825784714fd9,
	keepAlive=true,
	redirectCount=0,
	timeoutsHolder=null,
	inAuth=0,
	touch=1683537060215}
16:11:34.685 [AsyncHttpClient-1-16] DEBUG org.asynchttpclient.netty.channel.ChannelManager - Closing Channel [id: 0x1ecfe65f, L:/127.0.0.1:51031 ! R:localhost/127.0.0.1:51024] 
16:11:34.689 [Driver Command Executor] DEBUG org.asynchttpclient.netty.request.NettyRequestSender - Using pooled Channel '[id: 0xacc500b9, L:/127.0.0.1:51022 - R:localhost/127.0.0.1:24482]' for 'DELETE' to 'http://localhost:24482/session/5ec2e7885543377fcc820987c2fa75b2'
16:11:34.694 [Driver Command Executor] DEBUG org.asynchttpclient.netty.request.NettyRequestSender - Using open Channel [id: 0xacc500b9, L:/127.0.0.1:51022 - R:localhost/127.0.0.1:24482] for DELETE '/session/5ec2e7885543377fcc820987c2fa75b2'
16:11:34.740 [AsyncHttpClient-1-15] DEBUG org.asynchttpclient.netty.handler.HttpHandler - Unexpected I/O exception on channel [id: 0xa80fbfe1, L:/127.0.0.1:51030 - R:localhost/127.0.0.1:51024]
java.net.SocketException: Connection reset
	at java.base/sun.nio.ch.SocketChannelImpl.throwConnectionReset(SocketChannelImpl.java:367)
	at java.base/sun.nio.ch.SocketChannelImpl.read(SocketChannelImpl.java:398)
	at io.netty.buffer.PooledByteBuf.setBytes(PooledByteBuf.java:259)
	at io.netty.buffer.AbstractByteBuf.writeBytes(AbstractByteBuf.java:1132)
	at io.netty.channel.socket.nio.NioSocketChannel.doReadBytes(NioSocketChannel.java:357)
	at io.netty.channel.nio.AbstractNioByteChannel$NioByteUnsafe.read(AbstractNioByteChannel.java:151)
	at io.netty.channel.nio.NioEventLoop.processSelectedKey(NioEventLoop.java:788)
	at io.netty.channel.nio.NioEventLoop.processSelectedKeysOptimized(NioEventLoop.java:724)
	at io.netty.channel.nio.NioEventLoop.processSelectedKeys(NioEventLoop.java:650)
	at io.netty.channel.nio.NioEventLoop.run(NioEventLoop.java:562)
	at io.netty.util.concurrent.SingleThreadEventExecutor$4.run(SingleThreadEventExecutor.java:997)
	at io.netty.util.internal.ThreadExecutorMap$2.run(ThreadExecutorMap.java:74)
	at io.netty.util.concurrent.FastThreadLocalRunnable.run(FastThreadLocalRunnable.java:30)
	at java.base/java.lang.Thread.run(Thread.java:832)
16:11:34.740 [AsyncHttpClient-1-15] DEBUG org.asynchttpclient.netty.channel.ChannelManager - Closing Channel [id: 0xa80fbfe1, L:/127.0.0.1:51030 - R:localhost/127.0.0.1:51024] 
16:11:34.740 [AsyncHttpClient-1-15] DEBUG org.asynchttpclient.netty.handler.HttpHandler - Channel Closed: [id: 0xa80fbfe1, L:/127.0.0.1:51030 ! R:localhost/127.0.0.1:51024] with attribute DISCARD
16:11:34.753 [AsyncHttpClient-1-14] DEBUG org.asynchttpclient.netty.handler.HttpHandler - 

Request DefaultFullHttpRequest(decodeResult: success, version: HTTP/1.1, content: EmptyByteBufBE)
DELETE /session/5ec2e7885543377fcc820987c2fa75b2 HTTP/1.1
User-Agent: selenium/4.8.1 (java windows)
Content-Type: application/json; charset=utf-8
host: localhost:24482
accept: */*

Response DefaultHttpResponse(decodeResult: success, version: HTTP/1.1)
HTTP/1.1 200 OK
Content-Length: 14
Content-Type: application/json; charset=utf-8
cache-control: no-cache

16:11:34.753 [AsyncHttpClient-1-14] DEBUG org.asynchttpclient.netty.channel.ChannelManager - Adding key: http://localhost:24482 for channel [id: 0xacc500b9, L:/127.0.0.1:51022 - R:localhost/127.0.0.1:24482]
16:11:34.857 [AsyncHttpClient-1-14] DEBUG org.asynchttpclient.netty.handler.HttpHandler - Channel Closed: [id: 0xacc500b9, L:/127.0.0.1:51022 ! R:localhost/127.0.0.1:24482] with attribute DISCARD
16:11:35.157 [AsyncHttpClient-1-1] DEBUG org.asynchttpclient.netty.channel.DefaultChannelPool - Entry count for : http://localhost:24482 : 1
16:11:35.157 [AsyncHttpClient-1-1] DEBUG org.asynchttpclient.netty.channel.DefaultChannelPool - Entry count for : http://localhost:51024 : 1
16:11:35.157 [AsyncHttpClient-1-1] DEBUG org.asynchttpclient.netty.channel.DefaultChannelPool - Adding Candidate expired Channel [id: 0xacc500b9, L:/127.0.0.1:51022 ! R:localhost/127.0.0.1:24482] isIdleTimeoutExpired=false isRemotelyClosed=true isTtlExpired=false
16:11:35.157 [AsyncHttpClient-1-1] DEBUG org.asynchttpclient.netty.channel.DefaultChannelPool - Closing Idle Channel [id: 0xacc500b9, L:/127.0.0.1:51022 ! R:localhost/127.0.0.1:24482]
16:11:35.157 [AsyncHttpClient-1-1] DEBUG org.asynchttpclient.netty.channel.DefaultChannelPool - Adding Candidate expired Channel [id: 0xa80fbfe1, L:/127.0.0.1:51030 ! R:localhost/127.0.0.1:51024] isIdleTimeoutExpired=false isRemotelyClosed=true isTtlExpired=false
16:11:35.157 [AsyncHttpClient-1-1] DEBUG org.asynchttpclient.netty.channel.DefaultChannelPool - Closing Idle Channel [id: 0xa80fbfe1, L:/127.0.0.1:51030 ! R:localhost/127.0.0.1:51024]
16:11:35.157 [AsyncHttpClient-1-1] DEBUG org.asynchttpclient.netty.channel.DefaultChannelPool - Closed 2 connections out of 2 in 0 ms
]]></system-out>
    <system-err><![CDATA[Starting ChromeDriver 111.0.5563.64 (c710e93d5b63b7095afe8c2c17df34408078439d-refs/branch-heads/5563@{#995}) on port 24482
Only local connections are allowed.
Please see https://chromedriver.chromium.org/security-considerations for suggestions on keeping ChromeDriver safe.
ChromeDriver was started successfully.
[1683537060.192][WARNING]: This version of ChromeDriver has not been tested with Chrome version 112.
May 08, 2023 4:11:00 PM org.openqa.selenium.devtools.CdpVersionFinder findNearestMatch
WARNING: Unable to find an exact match for CDP version 112, so returning the closest version found: 110
]]></system-err>
  </testcase>
  <testcase name="Login with correct credentials" classname="Login to Alta-shop Account" time="5.612">
    <system-out><![CDATA[16:11:35.375 [main] DEBUG io.cucumber.core.plugin.SerenityReporter - Running feature from file:///C:/Users/WINDOWS%2010/Documents/GitHub/MiniProject_QE/Web/code/minpro/src/test/resources/features/2.%20Login.feature
16:11:35.379 [main] DEBUG net.thucydides.core.steps.StepEventBus - Test suite started for story net.thucydides.core.model.Story@dffa83ad
16:11:35.380 [main] INFO  - Test Suite Started: Login to Alta-shop Account

Scenario: Login with correct credentials                &amp#27;[90m# src/test/resources/features/2. Login.feature:7&amp#27;[0m
16:11:35.390 [main] DEBUG io.cucumber.core.plugin.SerenityReporter - Running feature from file:///C:/Users/WINDOWS%2010/Documents/GitHub/MiniProject_QE/Web/code/minpro/src/test/resources/features/2.%20Login.feature
16:11:35.394 [main] INFO  - 
  _____   ___   ___   _____     ___   _____     _     ___   _____   ___   ___  
 |_   _| | __| / __| |_   _|   / __| |_   _|   /_\   | _ \ |_   _| | __| |   \ 
   | |   | _|  \__ \   | |     \__ \   | |    / _ \  |   /   | |   | _|  | |) |
   |_|   |___| |___/   |_|     |___/   |_|   /_/ \_\ |_|_\   |_|   |___| |___/ 

Login with correct credentials(login-to-alta-shop-account;login-with-correct-credentials)
--------------------------------------------------------------------------------
16:11:35.412 [main] DEBUG net.thucydides.core.steps.StepInterceptor - STARTING STEP: LoginSteps.onTheLoginPage - openPage
16:11:35.444 [main] INFO net.serenitybdd.core.webdriver.driverproviders.ChromeDriverProvider - Starting Chrome driver instance with capabilities:
16:11:35.445 [main] INFO net.serenitybdd.core.webdriver.driverproviders.ChromeDriverProvider - Capabilities {acceptInsecureCerts: false, browserName: chrome, goog:chromeOptions: {args: [remote-allow-origins=*], extensions: []}}
16:11:35.508 [AsyncHttpClient-1-17] DEBUG org.asynchttpclient.netty.channel.NettyConnectListener - Using new Channel '[id: 0x1e51baa8, L:/127.0.0.1:51125 - R:localhost/127.0.0.1:43398]' for 'POST' to '/session'
16:11:36.174 [AsyncHttpClient-1-17] DEBUG org.asynchttpclient.netty.handler.HttpHandler - 

Request DefaultHttpRequest(decodeResult: success, version: HTTP/1.1)
POST /session HTTP/1.1
User-Agent: selenium/4.8.1 (java windows)
Content-Length: 507
Content-Type: application/json; charset=utf-8
host: localhost:43398
accept: */*

Response DefaultHttpResponse(decodeResult: success, version: HTTP/1.1)
HTTP/1.1 200 OK
Content-Length: 862
Content-Type: application/json; charset=utf-8
cache-control: no-cache

16:11:36.174 [AsyncHttpClient-1-17] DEBUG org.asynchttpclient.netty.channel.ChannelManager - Adding key: http://localhost:43398 for channel [id: 0x1e51baa8, L:/127.0.0.1:51125 - R:localhost/127.0.0.1:43398]
16:11:36.179 [AsyncHttpClient-1-18] DEBUG org.asynchttpclient.netty.channel.NettyConnectListener - Using new Channel '[id: 0xa1cbb7fb, L:/127.0.0.1:51134 - R:localhost/127.0.0.1:51126]' for 'GET' to '/json/version'
16:11:36.181 [AsyncHttpClient-1-18] DEBUG org.asynchttpclient.netty.handler.HttpHandler - 

Request DefaultFullHttpRequest(decodeResult: success, version: HTTP/1.1, content: EmptyByteBufBE)
GET /json/version HTTP/1.1
User-Agent: selenium/4.8.1 (java windows)
host: localhost:51126
accept: */*

Response DefaultHttpResponse(decodeResult: success, version: HTTP/1.1)
HTTP/1.1 200 OK
Content-Security-Policy: frame-ancestors 'none'
Content-Length: 424
Content-Type: application/json; charset=UTF-8

16:11:36.181 [AsyncHttpClient-1-18] DEBUG org.asynchttpclient.netty.channel.ChannelManager - Adding key: http://localhost:51126 for channel [id: 0xa1cbb7fb, L:/127.0.0.1:51134 - R:localhost/127.0.0.1:51126]
16:11:36.183 [AsyncHttpClient-1-19] DEBUG org.asynchttpclient.netty.channel.NettyConnectListener - Using new Channel '[id: 0x21ecc877, L:/127.0.0.1:51135 - R:localhost/127.0.0.1:51126]' for 'GET' to '/devtools/browser/fc6bc711-d176-4be2-a8ab-1eb6c0d946ac'
16:11:36.185 [AsyncHttpClient-1-19] DEBUG org.asynchttpclient.netty.handler.WebSocketHandler - 

Request DefaultFullHttpRequest(decodeResult: success, version: HTTP/1.1, content: EmptyByteBufBE)
GET /devtools/browser/fc6bc711-d176-4be2-a8ab-1eb6c0d946ac HTTP/1.1
upgrade: websocket
connection: upgrade
sec-websocket-key: /DKIiDPCqpzHILxcqrRrUA==
sec-websocket-version: 13
origin: http://localhost:51126
host: localhost:51126
accept: */*
user-agent: AHC/2.1

Response DefaultHttpResponse(decodeResult: success, version: HTTP/1.1)
HTTP/1.1 101 WebSocket Protocol Handshake
Upgrade: WebSocket
Connection: Upgrade
Sec-WebSocket-Accept: Ddl6MXdqZJHb4C9ZvXx2LkcVjUM=

16:11:36.187 [Forwarding get on session 7425be60af5a4c1f8e3fa38fe14dc75c to remote] DEBUG org.asynchttpclient.netty.request.NettyRequestSender - Using pooled Channel '[id: 0x1e51baa8, L:/127.0.0.1:51125 - R:localhost/127.0.0.1:43398]' for 'POST' to 'http://localhost:43398/session/7425be60af5a4c1f8e3fa38fe14dc75c/url'
16:11:36.187 [Forwarding get on session 7425be60af5a4c1f8e3fa38fe14dc75c to remote] DEBUG org.asynchttpclient.netty.request.NettyRequestSender - Using open Channel [id: 0x1e51baa8, L:/127.0.0.1:51125 - R:localhost/127.0.0.1:43398] for POST '/session/7425be60af5a4c1f8e3fa38fe14dc75c/url'
16:11:36.257 [AsyncHttpClient-1-1] DEBUG org.asynchttpclient.netty.channel.DefaultChannelPool - Entry count for : http://localhost:51126 : 1
16:11:37.357 [AsyncHttpClient-1-1] DEBUG org.asynchttpclient.netty.channel.DefaultChannelPool - Entry count for : http://localhost:51126 : 1
16:11:38.458 [AsyncHttpClient-1-1] DEBUG org.asynchttpclient.netty.channel.DefaultChannelPool - Entry count for : http://localhost:51126 : 1
16:11:39.122 [AsyncHttpClient-1-17] DEBUG org.asynchttpclient.netty.handler.HttpHandler - 

Request DefaultHttpRequest(decodeResult: success, version: HTTP/1.1)
POST /session/7425be60af5a4c1f8e3fa38fe14dc75c/url HTTP/1.1
User-Agent: selenium/4.8.1 (java windows)
Content-Length: 74
Content-Type: application/json; charset=utf-8
host: localhost:43398
accept: */*

Response DefaultHttpResponse(decodeResult: success, version: HTTP/1.1)
HTTP/1.1 200 OK
Content-Length: 14
Content-Type: application/json; charset=utf-8
cache-control: no-cache

16:11:39.122 [AsyncHttpClient-1-17] DEBUG org.asynchttpclient.netty.channel.ChannelManager - Adding key: http://localhost:43398 for channel [id: 0x1e51baa8, L:/127.0.0.1:51125 - R:localhost/127.0.0.1:43398]
16:11:39.123 [Forwarding setTimeout on session 7425be60af5a4c1f8e3fa38fe14dc75c to remote] DEBUG org.asynchttpclient.netty.request.NettyRequestSender - Using pooled Channel '[id: 0x1e51baa8, L:/127.0.0.1:51125 - R:localhost/127.0.0.1:43398]' for 'POST' to 'http://localhost:43398/session/7425be60af5a4c1f8e3fa38fe14dc75c/timeouts'
16:11:39.123 [Forwarding setTimeout on session 7425be60af5a4c1f8e3fa38fe14dc75c to remote] DEBUG org.asynchttpclient.netty.request.NettyRequestSender - Using open Channel [id: 0x1e51baa8, L:/127.0.0.1:51125 - R:localhost/127.0.0.1:43398] for POST '/session/7425be60af5a4c1f8e3fa38fe14dc75c/timeouts'
16:11:39.124 [AsyncHttpClient-1-17] DEBUG org.asynchttpclient.netty.handler.HttpHandler - 

Request DefaultHttpRequest(decodeResult: success, version: HTTP/1.1)
POST /session/7425be60af5a4c1f8e3fa38fe14dc75c/timeouts HTTP/1.1
User-Agent: selenium/4.8.1 (java windows)
Content-Length: 22
Content-Type: application/json; charset=utf-8
host: localhost:43398
accept: */*

Response DefaultHttpResponse(decodeResult: success, version: HTTP/1.1)
HTTP/1.1 200 OK
Content-Length: 14
Content-Type: application/json; charset=utf-8
cache-control: no-cache

16:11:39.124 [AsyncHttpClient-1-17] DEBUG org.asynchttpclient.netty.channel.ChannelManager - Adding key: http://localhost:43398 for channel [id: 0x1e51baa8, L:/127.0.0.1:51125 - R:localhost/127.0.0.1:43398]
16:11:39.127 [main] DEBUG net.serenitybdd.core.photography.Darkroom - Opening darkroom
16:11:39.128 [Darkroom Processing Line] DEBUG net.serenitybdd.core.photography.DarkroomProcessingLine - Darkroom processing line starting up
16:11:39.128 [Forwarding getAlertText on session 7425be60af5a4c1f8e3fa38fe14dc75c to remote] DEBUG org.asynchttpclient.netty.request.NettyRequestSender - Using pooled Channel '[id: 0x1e51baa8, L:/127.0.0.1:51125 - R:localhost/127.0.0.1:43398]' for 'GET' to 'http://localhost:43398/session/7425be60af5a4c1f8e3fa38fe14dc75c/alert/text'
16:11:39.128 [Forwarding getAlertText on session 7425be60af5a4c1f8e3fa38fe14dc75c to remote] DEBUG org.asynchttpclient.netty.request.NettyRequestSender - Using open Channel [id: 0x1e51baa8, L:/127.0.0.1:51125 - R:localhost/127.0.0.1:43398] for GET '/session/7425be60af5a4c1f8e3fa38fe14dc75c/alert/text'
16:11:39.129 [AsyncHttpClient-1-17] DEBUG org.asynchttpclient.netty.handler.HttpHandler - 

Request DefaultFullHttpRequest(decodeResult: success, version: HTTP/1.1, content: EmptyByteBufBE)
GET /session/7425be60af5a4c1f8e3fa38fe14dc75c/alert/text HTTP/1.1
User-Agent: selenium/4.8.1 (java windows)
Cache-Control: no-cache
Content-Type: application/json; charset=utf-8
host: localhost:43398
accept: */*

Response DefaultHttpResponse(decodeResult: success, version: HTTP/1.1)
HTTP/1.1 404 Not Found
Content-Length: 836
Content-Type: application/json; charset=utf-8
cache-control: no-cache

16:11:39.129 [AsyncHttpClient-1-17] DEBUG org.asynchttpclient.netty.channel.ChannelManager - Adding key: http://localhost:43398 for channel [id: 0x1e51baa8, L:/127.0.0.1:51125 - R:localhost/127.0.0.1:43398]
16:11:39.130 [Forwarding getCurrentUrl on session 7425be60af5a4c1f8e3fa38fe14dc75c to remote] DEBUG org.asynchttpclient.netty.request.NettyRequestSender - Using pooled Channel '[id: 0x1e51baa8, L:/127.0.0.1:51125 - R:localhost/127.0.0.1:43398]' for 'GET' to 'http://localhost:43398/session/7425be60af5a4c1f8e3fa38fe14dc75c/url'
16:11:39.130 [Forwarding getCurrentUrl on session 7425be60af5a4c1f8e3fa38fe14dc75c to remote] DEBUG org.asynchttpclient.netty.request.NettyRequestSender - Using open Channel [id: 0x1e51baa8, L:/127.0.0.1:51125 - R:localhost/127.0.0.1:43398] for GET '/session/7425be60af5a4c1f8e3fa38fe14dc75c/url'
16:11:39.133 [AsyncHttpClient-1-17] DEBUG org.asynchttpclient.netty.handler.HttpHandler - 

Request DefaultFullHttpRequest(decodeResult: success, version: HTTP/1.1, content: EmptyByteBufBE)
GET /session/7425be60af5a4c1f8e3fa38fe14dc75c/url HTTP/1.1
User-Agent: selenium/4.8.1 (java windows)
Cache-Control: no-cache
Content-Type: application/json; charset=utf-8
host: localhost:43398
accept: */*

Response DefaultHttpResponse(decodeResult: success, version: HTTP/1.1)
HTTP/1.1 200 OK
Content-Length: 51
Content-Type: application/json; charset=utf-8
cache-control: no-cache

16:11:39.133 [AsyncHttpClient-1-17] DEBUG org.asynchttpclient.netty.channel.ChannelManager - Adding key: http://localhost:43398 for channel [id: 0x1e51baa8, L:/127.0.0.1:51125 - R:localhost/127.0.0.1:43398]
16:11:39.134 [Forwarding screenshot on session 7425be60af5a4c1f8e3fa38fe14dc75c to remote] DEBUG org.asynchttpclient.netty.request.NettyRequestSender - Using pooled Channel '[id: 0x1e51baa8, L:/127.0.0.1:51125 - R:localhost/127.0.0.1:43398]' for 'GET' to 'http://localhost:43398/session/7425be60af5a4c1f8e3fa38fe14dc75c/screenshot'
16:11:39.134 [Forwarding screenshot on session 7425be60af5a4c1f8e3fa38fe14dc75c to remote] DEBUG org.asynchttpclient.netty.request.NettyRequestSender - Using open Channel [id: 0x1e51baa8, L:/127.0.0.1:51125 - R:localhost/127.0.0.1:43398] for GET '/session/7425be60af5a4c1f8e3fa38fe14dc75c/screenshot'
16:11:39.201 [AsyncHttpClient-1-17] DEBUG org.asynchttpclient.netty.handler.HttpHandler - 

Request DefaultFullHttpRequest(decodeResult: success, version: HTTP/1.1, content: EmptyByteBufBE)
GET /session/7425be60af5a4c1f8e3fa38fe14dc75c/screenshot HTTP/1.1
User-Agent: selenium/4.8.1 (java windows)
Cache-Control: no-cache
Content-Type: application/json; charset=utf-8
host: localhost:43398
accept: */*

Response DefaultHttpResponse(decodeResult: success, version: HTTP/1.1)
HTTP/1.1 200 OK
Content-Length: 25208
Content-Type: application/json; charset=utf-8
cache-control: no-cache

16:11:39.202 [AsyncHttpClient-1-17] DEBUG org.asynchttpclient.netty.channel.ChannelManager - Adding key: http://localhost:43398 for channel [id: 0x1e51baa8, L:/127.0.0.1:51125 - R:localhost/127.0.0.1:43398]
16:11:39.203 [main] DEBUG net.serenitybdd.core.photography.Darkroom - Send negative for processing for target\site\serenity\edb14d4aab401efa0e4fb99861e6ffcafebc86a67b69f7828890b9910ed2ddbd.png
16:11:39.203 [main] DEBUG net.thucydides.core.steps.StepInterceptor - STEP DONE: openPage
  &amp#27;[32mGiven &amp#27;[0m&amp#27;[32mI am on the alta-shop login page&amp#27;[0m                &amp#27;[90m# starter.stepdefinitions.LoginSteps.onTheLoginPage()&amp#27;[0m
16:11:39.208 [Forwarding getPageSource on session 7425be60af5a4c1f8e3fa38fe14dc75c to remote] DEBUG org.asynchttpclient.netty.request.NettyRequestSender - Using pooled Channel '[id: 0x1e51baa8, L:/127.0.0.1:51125 - R:localhost/127.0.0.1:43398]' for 'POST' to 'http://localhost:43398/session/7425be60af5a4c1f8e3fa38fe14dc75c/execute/sync'
16:11:39.208 [Forwarding getPageSource on session 7425be60af5a4c1f8e3fa38fe14dc75c to remote] DEBUG org.asynchttpclient.netty.request.NettyRequestSender - Using open Channel [id: 0x1e51baa8, L:/127.0.0.1:51125 - R:localhost/127.0.0.1:43398] for POST '/session/7425be60af5a4c1f8e3fa38fe14dc75c/execute/sync'
16:11:39.213 [AsyncHttpClient-1-17] DEBUG org.asynchttpclient.netty.handler.HttpHandler - 

Request DefaultHttpRequest(decodeResult: success, version: HTTP/1.1)
POST /session/7425be60af5a4c1f8e3fa38fe14dc75c/execute/sync HTTP/1.1
User-Agent: selenium/4.8.1 (java windows)
Content-Length: 176
Content-Type: application/json; charset=utf-8
host: localhost:43398
accept: */*

Response DefaultHttpResponse(decodeResult: success, version: HTTP/1.1)
HTTP/1.1 200 OK
Content-Length: 21659
Content-Type: application/json; charset=utf-8
cache-control: no-cache

16:11:39.213 [AsyncHttpClient-1-17] DEBUG org.asynchttpclient.netty.channel.ChannelManager - Adding key: http://localhost:43398 for channel [id: 0x1e51baa8, L:/127.0.0.1:51125 - R:localhost/127.0.0.1:43398]
16:11:39.214 [Forwarding getCurrentUrl on session 7425be60af5a4c1f8e3fa38fe14dc75c to remote] DEBUG org.asynchttpclient.netty.request.NettyRequestSender - Using pooled Channel '[id: 0x1e51baa8, L:/127.0.0.1:51125 - R:localhost/127.0.0.1:43398]' for 'GET' to 'http://localhost:43398/session/7425be60af5a4c1f8e3fa38fe14dc75c/url'
16:11:39.214 [Forwarding getCurrentUrl on session 7425be60af5a4c1f8e3fa38fe14dc75c to remote] DEBUG org.asynchttpclient.netty.request.NettyRequestSender - Using open Channel [id: 0x1e51baa8, L:/127.0.0.1:51125 - R:localhost/127.0.0.1:43398] for GET '/session/7425be60af5a4c1f8e3fa38fe14dc75c/url'
16:11:39.217 [AsyncHttpClient-1-17] DEBUG org.asynchttpclient.netty.handler.HttpHandler - 

Request DefaultFullHttpRequest(decodeResult: success, version: HTTP/1.1, content: EmptyByteBufBE)
GET /session/7425be60af5a4c1f8e3fa38fe14dc75c/url HTTP/1.1
User-Agent: selenium/4.8.1 (java windows)
Cache-Control: no-cache
Content-Type: application/json; charset=utf-8
host: localhost:43398
accept: */*

Response DefaultHttpResponse(decodeResult: success, version: HTTP/1.1)
HTTP/1.1 200 OK
Content-Length: 51
Content-Type: application/json; charset=utf-8
cache-control: no-cache

16:11:39.217 [AsyncHttpClient-1-17] DEBUG org.asynchttpclient.netty.channel.ChannelManager - Adding key: http://localhost:43398 for channel [id: 0x1e51baa8, L:/127.0.0.1:51125 - R:localhost/127.0.0.1:43398]
16:11:39.222 [Forwarding getPageSource on session 7425be60af5a4c1f8e3fa38fe14dc75c to remote] DEBUG org.asynchttpclient.netty.request.NettyRequestSender - Using pooled Channel '[id: 0x1e51baa8, L:/127.0.0.1:51125 - R:localhost/127.0.0.1:43398]' for 'POST' to 'http://localhost:43398/session/7425be60af5a4c1f8e3fa38fe14dc75c/execute/sync'
16:11:39.222 [Forwarding getPageSource on session 7425be60af5a4c1f8e3fa38fe14dc75c to remote] DEBUG org.asynchttpclient.netty.request.NettyRequestSender - Using open Channel [id: 0x1e51baa8, L:/127.0.0.1:51125 - R:localhost/127.0.0.1:43398] for POST '/session/7425be60af5a4c1f8e3fa38fe14dc75c/execute/sync'
16:11:39.225 [AsyncHttpClient-1-17] DEBUG org.asynchttpclient.netty.handler.HttpHandler - 

Request DefaultHttpRequest(decodeResult: success, version: HTTP/1.1)
POST /session/7425be60af5a4c1f8e3fa38fe14dc75c/execute/sync HTTP/1.1
User-Agent: selenium/4.8.1 (java windows)
Content-Length: 176
Content-Type: application/json; charset=utf-8
host: localhost:43398
accept: */*

Response DefaultHttpResponse(decodeResult: success, version: HTTP/1.1)
HTTP/1.1 200 OK
Content-Length: 21659
Content-Type: application/json; charset=utf-8
cache-control: no-cache

16:11:39.226 [AsyncHttpClient-1-17] DEBUG org.asynchttpclient.netty.channel.ChannelManager - Adding key: http://localhost:43398 for channel [id: 0x1e51baa8, L:/127.0.0.1:51125 - R:localhost/127.0.0.1:43398]
16:11:39.227 [Forwarding getCurrentUrl on session 7425be60af5a4c1f8e3fa38fe14dc75c to remote] DEBUG org.asynchttpclient.netty.request.NettyRequestSender - Using pooled Channel '[id: 0x1e51baa8, L:/127.0.0.1:51125 - R:localhost/127.0.0.1:43398]' for 'GET' to 'http://localhost:43398/session/7425be60af5a4c1f8e3fa38fe14dc75c/url'
16:11:39.227 [Forwarding getCurrentUrl on session 7425be60af5a4c1f8e3fa38fe14dc75c to remote] DEBUG org.asynchttpclient.netty.request.NettyRequestSender - Using open Channel [id: 0x1e51baa8, L:/127.0.0.1:51125 - R:localhost/127.0.0.1:43398] for GET '/session/7425be60af5a4c1f8e3fa38fe14dc75c/url'
16:11:39.230 [AsyncHttpClient-1-17] DEBUG org.asynchttpclient.netty.handler.HttpHandler - 

Request DefaultFullHttpRequest(decodeResult: success, version: HTTP/1.1, content: EmptyByteBufBE)
GET /session/7425be60af5a4c1f8e3fa38fe14dc75c/url HTTP/1.1
User-Agent: selenium/4.8.1 (java windows)
Cache-Control: no-cache
Content-Type: application/json; charset=utf-8
host: localhost:43398
accept: */*

Response DefaultHttpResponse(decodeResult: success, version: HTTP/1.1)
HTTP/1.1 200 OK
Content-Length: 51
Content-Type: application/json; charset=utf-8
cache-control: no-cache

16:11:39.230 [AsyncHttpClient-1-17] DEBUG org.asynchttpclient.netty.channel.ChannelManager - Adding key: http://localhost:43398 for channel [id: 0x1e51baa8, L:/127.0.0.1:51125 - R:localhost/127.0.0.1:43398]
16:11:39.232 [main] DEBUG net.thucydides.core.steps.StepInterceptor - STARTING STEP: LoginSteps.inputEmail - inputEmail
16:11:39.233 [Forwarding findElement on session 7425be60af5a4c1f8e3fa38fe14dc75c to remote] DEBUG org.asynchttpclient.netty.request.NettyRequestSender - Using pooled Channel '[id: 0x1e51baa8, L:/127.0.0.1:51125 - R:localhost/127.0.0.1:43398]' for 'POST' to 'http://localhost:43398/session/7425be60af5a4c1f8e3fa38fe14dc75c/element'
16:11:39.233 [Forwarding findElement on session 7425be60af5a4c1f8e3fa38fe14dc75c to remote] DEBUG org.asynchttpclient.netty.request.NettyRequestSender - Using open Channel [id: 0x1e51baa8, L:/127.0.0.1:51125 - R:localhost/127.0.0.1:43398] for POST '/session/7425be60af5a4c1f8e3fa38fe14dc75c/element'
16:11:39.242 [AsyncHttpClient-1-17] DEBUG org.asynchttpclient.netty.handler.HttpHandler - 

Request DefaultHttpRequest(decodeResult: success, version: HTTP/1.1)
POST /session/7425be60af5a4c1f8e3fa38fe14dc75c/element HTTP/1.1
User-Agent: selenium/4.8.1 (java windows)
Content-Length: 55
Content-Type: application/json; charset=utf-8
host: localhost:43398
accept: */*

Response DefaultHttpResponse(decodeResult: success, version: HTTP/1.1)
HTTP/1.1 200 OK
Content-Length: 88
Content-Type: application/json; charset=utf-8
cache-control: no-cache

16:11:39.242 [AsyncHttpClient-1-17] DEBUG org.asynchttpclient.netty.channel.ChannelManager - Adding key: http://localhost:43398 for channel [id: 0x1e51baa8, L:/127.0.0.1:51125 - R:localhost/127.0.0.1:43398]
16:11:39.243 [Forwarding clearElement on session 7425be60af5a4c1f8e3fa38fe14dc75c to remote] DEBUG org.asynchttpclient.netty.request.NettyRequestSender - Using pooled Channel '[id: 0x1e51baa8, L:/127.0.0.1:51125 - R:localhost/127.0.0.1:43398]' for 'POST' to 'http://localhost:43398/session/7425be60af5a4c1f8e3fa38fe14dc75c/element/f5c9434d-fb40-4b4f-8c1b-36fadb2e5331/clear'
16:11:39.243 [Forwarding clearElement on session 7425be60af5a4c1f8e3fa38fe14dc75c to remote] DEBUG org.asynchttpclient.netty.request.NettyRequestSender - Using open Channel [id: 0x1e51baa8, L:/127.0.0.1:51125 - R:localhost/127.0.0.1:43398] for POST '/session/7425be60af5a4c1f8e3fa38fe14dc75c/element/f5c9434d-fb40-4b4f-8c1b-36fadb2e5331/clear'
16:11:39.265 [AsyncHttpClient-1-17] DEBUG org.asynchttpclient.netty.handler.HttpHandler - 

Request DefaultHttpRequest(decodeResult: success, version: HTTP/1.1)
POST /session/7425be60af5a4c1f8e3fa38fe14dc75c/element/f5c9434d-fb40-4b4f-8c1b-36fadb2e5331/clear HTTP/1.1
User-Agent: selenium/4.8.1 (java windows)
Content-Length: 50
Content-Type: application/json; charset=utf-8
host: localhost:43398
accept: */*

Response DefaultHttpResponse(decodeResult: success, version: HTTP/1.1)
HTTP/1.1 200 OK
Content-Length: 14
Content-Type: application/json; charset=utf-8
cache-control: no-cache

16:11:39.265 [AsyncHttpClient-1-17] DEBUG org.asynchttpclient.netty.channel.ChannelManager - Adding key: http://localhost:43398 for channel [id: 0x1e51baa8, L:/127.0.0.1:51125 - R:localhost/127.0.0.1:43398]
16:11:39.266 [Forwarding sendKeysToElement on session 7425be60af5a4c1f8e3fa38fe14dc75c to remote] DEBUG org.asynchttpclient.netty.request.NettyRequestSender - Using pooled Channel '[id: 0x1e51baa8, L:/127.0.0.1:51125 - R:localhost/127.0.0.1:43398]' for 'POST' to 'http://localhost:43398/session/7425be60af5a4c1f8e3fa38fe14dc75c/element/f5c9434d-fb40-4b4f-8c1b-36fadb2e5331/value'
16:11:39.267 [Forwarding sendKeysToElement on session 7425be60af5a4c1f8e3fa38fe14dc75c to remote] DEBUG org.asynchttpclient.netty.request.NettyRequestSender - Using open Channel [id: 0x1e51baa8, L:/127.0.0.1:51125 - R:localhost/127.0.0.1:43398] for POST '/session/7425be60af5a4c1f8e3fa38fe14dc75c/element/f5c9434d-fb40-4b4f-8c1b-36fadb2e5331/value'
16:11:39.337 [AsyncHttpClient-1-17] DEBUG org.asynchttpclient.netty.handler.HttpHandler - 

Request DefaultHttpRequest(decodeResult: success, version: HTTP/1.1)
POST /session/7425be60af5a4c1f8e3fa38fe14dc75c/element/f5c9434d-fb40-4b4f-8c1b-36fadb2e5331/value HTTP/1.1
User-Agent: selenium/4.8.1 (java windows)
Content-Length: 241
Content-Type: application/json; charset=utf-8
host: localhost:43398
accept: */*

Response DefaultHttpResponse(decodeResult: success, version: HTTP/1.1)
HTTP/1.1 200 OK
Content-Length: 14
Content-Type: application/json; charset=utf-8
cache-control: no-cache

16:11:39.337 [AsyncHttpClient-1-17] DEBUG org.asynchttpclient.netty.channel.ChannelManager - Adding key: http://localhost:43398 for channel [id: 0x1e51baa8, L:/127.0.0.1:51125 - R:localhost/127.0.0.1:43398]
16:11:39.342 [Forwarding getAlertText on session 7425be60af5a4c1f8e3fa38fe14dc75c to remote] DEBUG org.asynchttpclient.netty.request.NettyRequestSender - Using pooled Channel '[id: 0x1e51baa8, L:/127.0.0.1:51125 - R:localhost/127.0.0.1:43398]' for 'GET' to 'http://localhost:43398/session/7425be60af5a4c1f8e3fa38fe14dc75c/alert/text'
16:11:39.342 [Forwarding getAlertText on session 7425be60af5a4c1f8e3fa38fe14dc75c to remote] DEBUG org.asynchttpclient.netty.request.NettyRequestSender - Using open Channel [id: 0x1e51baa8, L:/127.0.0.1:51125 - R:localhost/127.0.0.1:43398] for GET '/session/7425be60af5a4c1f8e3fa38fe14dc75c/alert/text'
16:11:39.343 [AsyncHttpClient-1-17] DEBUG org.asynchttpclient.netty.handler.HttpHandler - 

Request DefaultFullHttpRequest(decodeResult: success, version: HTTP/1.1, content: EmptyByteBufBE)
GET /session/7425be60af5a4c1f8e3fa38fe14dc75c/alert/text HTTP/1.1
User-Agent: selenium/4.8.1 (java windows)
Cache-Control: no-cache
Content-Type: application/json; charset=utf-8
host: localhost:43398
accept: */*

Response DefaultHttpResponse(decodeResult: success, version: HTTP/1.1)
HTTP/1.1 404 Not Found
Content-Length: 836
Content-Type: application/json; charset=utf-8
cache-control: no-cache

16:11:39.343 [AsyncHttpClient-1-17] DEBUG org.asynchttpclient.netty.channel.ChannelManager - Adding key: http://localhost:43398 for channel [id: 0x1e51baa8, L:/127.0.0.1:51125 - R:localhost/127.0.0.1:43398]
16:11:39.344 [Forwarding getCurrentUrl on session 7425be60af5a4c1f8e3fa38fe14dc75c to remote] DEBUG org.asynchttpclient.netty.request.NettyRequestSender - Using pooled Channel '[id: 0x1e51baa8, L:/127.0.0.1:51125 - R:localhost/127.0.0.1:43398]' for 'GET' to 'http://localhost:43398/session/7425be60af5a4c1f8e3fa38fe14dc75c/url'
16:11:39.344 [Forwarding getCurrentUrl on session 7425be60af5a4c1f8e3fa38fe14dc75c to remote] DEBUG org.asynchttpclient.netty.request.NettyRequestSender - Using open Channel [id: 0x1e51baa8, L:/127.0.0.1:51125 - R:localhost/127.0.0.1:43398] for GET '/session/7425be60af5a4c1f8e3fa38fe14dc75c/url'
16:11:39.347 [AsyncHttpClient-1-17] DEBUG org.asynchttpclient.netty.handler.HttpHandler - 

Request DefaultFullHttpRequest(decodeResult: success, version: HTTP/1.1, content: EmptyByteBufBE)
GET /session/7425be60af5a4c1f8e3fa38fe14dc75c/url HTTP/1.1
User-Agent: selenium/4.8.1 (java windows)
Cache-Control: no-cache
Content-Type: application/json; charset=utf-8
host: localhost:43398
accept: */*

Response DefaultHttpResponse(decodeResult: success, version: HTTP/1.1)
HTTP/1.1 200 OK
Content-Length: 51
Content-Type: application/json; charset=utf-8
cache-control: no-cache

16:11:39.347 [AsyncHttpClient-1-17] DEBUG org.asynchttpclient.netty.channel.ChannelManager - Adding key: http://localhost:43398 for channel [id: 0x1e51baa8, L:/127.0.0.1:51125 - R:localhost/127.0.0.1:43398]
16:11:39.347 [Forwarding screenshot on session 7425be60af5a4c1f8e3fa38fe14dc75c to remote] DEBUG org.asynchttpclient.netty.request.NettyRequestSender - Using pooled Channel '[id: 0x1e51baa8, L:/127.0.0.1:51125 - R:localhost/127.0.0.1:43398]' for 'GET' to 'http://localhost:43398/session/7425be60af5a4c1f8e3fa38fe14dc75c/screenshot'
16:11:39.347 [Forwarding screenshot on session 7425be60af5a4c1f8e3fa38fe14dc75c to remote] DEBUG org.asynchttpclient.netty.request.NettyRequestSender - Using open Channel [id: 0x1e51baa8, L:/127.0.0.1:51125 - R:localhost/127.0.0.1:43398] for GET '/session/7425be60af5a4c1f8e3fa38fe14dc75c/screenshot'
16:11:39.442 [AsyncHttpClient-1-17] DEBUG org.asynchttpclient.netty.handler.HttpHandler - 

Request DefaultFullHttpRequest(decodeResult: success, version: HTTP/1.1, content: EmptyByteBufBE)
GET /session/7425be60af5a4c1f8e3fa38fe14dc75c/screenshot HTTP/1.1
User-Agent: selenium/4.8.1 (java windows)
Cache-Control: no-cache
Content-Type: application/json; charset=utf-8
host: localhost:43398
accept: */*

Response DefaultHttpResponse(decodeResult: success, version: HTTP/1.1)
HTTP/1.1 200 OK
Content-Length: 30212
Content-Type: application/json; charset=utf-8
cache-control: no-cache

16:11:39.442 [AsyncHttpClient-1-17] DEBUG org.asynchttpclient.netty.channel.ChannelManager - Adding key: http://localhost:43398 for channel [id: 0x1e51baa8, L:/127.0.0.1:51125 - R:localhost/127.0.0.1:43398]
16:11:39.444 [main] DEBUG net.serenitybdd.core.photography.Darkroom - Send negative for processing for target\site\serenity\0e5dc7021985f8eab9af290fb82615d27da460b51a259e02851406abc09f839e.png
16:11:39.444 [main] DEBUG net.thucydides.core.steps.StepInterceptor - STEP DONE: inputEmail
  &amp#27;[32mAnd &amp#27;[0m&amp#27;[32mI enter correct email&amp#27;[0m                             &amp#27;[90m# starter.stepdefinitions.LoginSteps.inputEmail()&amp#27;[0m
16:11:39.444 [Darkroom Processing Line] DEBUG net.serenitybdd.core.photography.DarkroomProcessingLine - Processing screenshot image in /var/screenshots/screenshot-6233002615632449772
16:11:39.444 [Darkroom Processing Line] DEBUG net.serenitybdd.core.photography.DarkroomProcessingLine - Saving screenshot to target\site\serenity\0e5dc7021985f8eab9af290fb82615d27da460b51a259e02851406abc09f839e.png
16:11:39.453 [Forwarding getPageSource on session 7425be60af5a4c1f8e3fa38fe14dc75c to remote] DEBUG org.asynchttpclient.netty.request.NettyRequestSender - Using pooled Channel '[id: 0x1e51baa8, L:/127.0.0.1:51125 - R:localhost/127.0.0.1:43398]' for 'POST' to 'http://localhost:43398/session/7425be60af5a4c1f8e3fa38fe14dc75c/execute/sync'
16:11:39.453 [Forwarding getPageSource on session 7425be60af5a4c1f8e3fa38fe14dc75c to remote] DEBUG org.asynchttpclient.netty.request.NettyRequestSender - Using open Channel [id: 0x1e51baa8, L:/127.0.0.1:51125 - R:localhost/127.0.0.1:43398] for POST '/session/7425be60af5a4c1f8e3fa38fe14dc75c/execute/sync'
16:11:39.459 [AsyncHttpClient-1-17] DEBUG org.asynchttpclient.netty.handler.HttpHandler - 

Request DefaultHttpRequest(decodeResult: success, version: HTTP/1.1)
POST /session/7425be60af5a4c1f8e3fa38fe14dc75c/execute/sync HTTP/1.1
User-Agent: selenium/4.8.1 (java windows)
Content-Length: 176
Content-Type: application/json; charset=utf-8
host: localhost:43398
accept: */*

Response DefaultHttpResponse(decodeResult: success, version: HTTP/1.1)
HTTP/1.1 200 OK
Content-Length: 21780
Content-Type: application/json; charset=utf-8
cache-control: no-cache

16:11:39.459 [AsyncHttpClient-1-17] DEBUG org.asynchttpclient.netty.channel.ChannelManager - Adding key: http://localhost:43398 for channel [id: 0x1e51baa8, L:/127.0.0.1:51125 - R:localhost/127.0.0.1:43398]
16:11:39.461 [Forwarding getCurrentUrl on session 7425be60af5a4c1f8e3fa38fe14dc75c to remote] DEBUG org.asynchttpclient.netty.request.NettyRequestSender - Using pooled Channel '[id: 0x1e51baa8, L:/127.0.0.1:51125 - R:localhost/127.0.0.1:43398]' for 'GET' to 'http://localhost:43398/session/7425be60af5a4c1f8e3fa38fe14dc75c/url'
16:11:39.461 [Forwarding getCurrentUrl on session 7425be60af5a4c1f8e3fa38fe14dc75c to remote] DEBUG org.asynchttpclient.netty.request.NettyRequestSender - Using open Channel [id: 0x1e51baa8, L:/127.0.0.1:51125 - R:localhost/127.0.0.1:43398] for GET '/session/7425be60af5a4c1f8e3fa38fe14dc75c/url'
16:11:39.467 [AsyncHttpClient-1-17] DEBUG org.asynchttpclient.netty.handler.HttpHandler - 

Request DefaultFullHttpRequest(decodeResult: success, version: HTTP/1.1, content: EmptyByteBufBE)
GET /session/7425be60af5a4c1f8e3fa38fe14dc75c/url HTTP/1.1
User-Agent: selenium/4.8.1 (java windows)
Cache-Control: no-cache
Content-Type: application/json; charset=utf-8
host: localhost:43398
accept: */*

Response DefaultHttpResponse(decodeResult: success, version: HTTP/1.1)
HTTP/1.1 200 OK
Content-Length: 51
Content-Type: application/json; charset=utf-8
cache-control: no-cache

16:11:39.467 [AsyncHttpClient-1-17] DEBUG org.asynchttpclient.netty.channel.ChannelManager - Adding key: http://localhost:43398 for channel [id: 0x1e51baa8, L:/127.0.0.1:51125 - R:localhost/127.0.0.1:43398]
16:11:39.485 [Forwarding getPageSource on session 7425be60af5a4c1f8e3fa38fe14dc75c to remote] DEBUG org.asynchttpclient.netty.request.NettyRequestSender - Using pooled Channel '[id: 0x1e51baa8, L:/127.0.0.1:51125 - R:localhost/127.0.0.1:43398]' for 'POST' to 'http://localhost:43398/session/7425be60af5a4c1f8e3fa38fe14dc75c/execute/sync'
16:11:39.486 [Forwarding getPageSource on session 7425be60af5a4c1f8e3fa38fe14dc75c to remote] DEBUG org.asynchttpclient.netty.request.NettyRequestSender - Using open Channel [id: 0x1e51baa8, L:/127.0.0.1:51125 - R:localhost/127.0.0.1:43398] for POST '/session/7425be60af5a4c1f8e3fa38fe14dc75c/execute/sync'
16:11:39.495 [AsyncHttpClient-1-17] DEBUG org.asynchttpclient.netty.handler.HttpHandler - 

Request DefaultHttpRequest(decodeResult: success, version: HTTP/1.1)
POST /session/7425be60af5a4c1f8e3fa38fe14dc75c/execute/sync HTTP/1.1
User-Agent: selenium/4.8.1 (java windows)
Content-Length: 176
Content-Type: application/json; charset=utf-8
host: localhost:43398
accept: */*

Response DefaultHttpResponse(decodeResult: success, version: HTTP/1.1)
HTTP/1.1 200 OK
Content-Length: 21780
Content-Type: application/json; charset=utf-8
cache-control: no-cache

16:11:39.495 [AsyncHttpClient-1-17] DEBUG org.asynchttpclient.netty.channel.ChannelManager - Adding key: http://localhost:43398 for channel [id: 0x1e51baa8, L:/127.0.0.1:51125 - R:localhost/127.0.0.1:43398]
16:11:39.499 [Forwarding getCurrentUrl on session 7425be60af5a4c1f8e3fa38fe14dc75c to remote] DEBUG org.asynchttpclient.netty.request.NettyRequestSender - Using pooled Channel '[id: 0x1e51baa8, L:/127.0.0.1:51125 - R:localhost/127.0.0.1:43398]' for 'GET' to 'http://localhost:43398/session/7425be60af5a4c1f8e3fa38fe14dc75c/url'
16:11:39.500 [Forwarding getCurrentUrl on session 7425be60af5a4c1f8e3fa38fe14dc75c to remote] DEBUG org.asynchttpclient.netty.request.NettyRequestSender - Using open Channel [id: 0x1e51baa8, L:/127.0.0.1:51125 - R:localhost/127.0.0.1:43398] for GET '/session/7425be60af5a4c1f8e3fa38fe14dc75c/url'
16:11:39.510 [AsyncHttpClient-1-17] DEBUG org.asynchttpclient.netty.handler.HttpHandler - 

Request DefaultFullHttpRequest(decodeResult: success, version: HTTP/1.1, content: EmptyByteBufBE)
GET /session/7425be60af5a4c1f8e3fa38fe14dc75c/url HTTP/1.1
User-Agent: selenium/4.8.1 (java windows)
Cache-Control: no-cache
Content-Type: application/json; charset=utf-8
host: localhost:43398
accept: */*

Response DefaultHttpResponse(decodeResult: success, version: HTTP/1.1)
HTTP/1.1 200 OK
Content-Length: 51
Content-Type: application/json; charset=utf-8
cache-control: no-cache

16:11:39.511 [AsyncHttpClient-1-17] DEBUG org.asynchttpclient.netty.channel.ChannelManager - Adding key: http://localhost:43398 for channel [id: 0x1e51baa8, L:/127.0.0.1:51125 - R:localhost/127.0.0.1:43398]
16:11:39.515 [main] DEBUG net.thucydides.core.steps.StepInterceptor - STARTING STEP: LoginSteps.inputPassword - inputPassword
16:11:39.517 [Forwarding findElement on session 7425be60af5a4c1f8e3fa38fe14dc75c to remote] DEBUG org.asynchttpclient.netty.request.NettyRequestSender - Using pooled Channel '[id: 0x1e51baa8, L:/127.0.0.1:51125 - R:localhost/127.0.0.1:43398]' for 'POST' to 'http://localhost:43398/session/7425be60af5a4c1f8e3fa38fe14dc75c/element'
16:11:39.517 [Forwarding findElement on session 7425be60af5a4c1f8e3fa38fe14dc75c to remote] DEBUG org.asynchttpclient.netty.request.NettyRequestSender - Using open Channel [id: 0x1e51baa8, L:/127.0.0.1:51125 - R:localhost/127.0.0.1:43398] for POST '/session/7425be60af5a4c1f8e3fa38fe14dc75c/element'
16:11:39.533 [AsyncHttpClient-1-17] DEBUG org.asynchttpclient.netty.handler.HttpHandler - 

Request DefaultHttpRequest(decodeResult: success, version: HTTP/1.1)
POST /session/7425be60af5a4c1f8e3fa38fe14dc75c/element HTTP/1.1
User-Agent: selenium/4.8.1 (java windows)
Content-Length: 55
Content-Type: application/json; charset=utf-8
host: localhost:43398
accept: */*

Response DefaultHttpResponse(decodeResult: success, version: HTTP/1.1)
HTTP/1.1 200 OK
Content-Length: 88
Content-Type: application/json; charset=utf-8
cache-control: no-cache

16:11:39.533 [AsyncHttpClient-1-17] DEBUG org.asynchttpclient.netty.channel.ChannelManager - Adding key: http://localhost:43398 for channel [id: 0x1e51baa8, L:/127.0.0.1:51125 - R:localhost/127.0.0.1:43398]
16:11:39.534 [Forwarding clearElement on session 7425be60af5a4c1f8e3fa38fe14dc75c to remote] DEBUG org.asynchttpclient.netty.request.NettyRequestSender - Using pooled Channel '[id: 0x1e51baa8, L:/127.0.0.1:51125 - R:localhost/127.0.0.1:43398]' for 'POST' to 'http://localhost:43398/session/7425be60af5a4c1f8e3fa38fe14dc75c/element/ea9a2341-0e5f-4005-96b3-cd1e657cafca/clear'
16:11:39.534 [Forwarding clearElement on session 7425be60af5a4c1f8e3fa38fe14dc75c to remote] DEBUG org.asynchttpclient.netty.request.NettyRequestSender - Using open Channel [id: 0x1e51baa8, L:/127.0.0.1:51125 - R:localhost/127.0.0.1:43398] for POST '/session/7425be60af5a4c1f8e3fa38fe14dc75c/element/ea9a2341-0e5f-4005-96b3-cd1e657cafca/clear'
16:11:39.560 [AsyncHttpClient-1-1] DEBUG org.asynchttpclient.netty.channel.DefaultChannelPool - Entry count for : http://localhost:51126 : 1
16:11:39.560 [AsyncHttpClient-1-17] DEBUG org.asynchttpclient.netty.handler.HttpHandler - 

Request DefaultHttpRequest(decodeResult: success, version: HTTP/1.1)
POST /session/7425be60af5a4c1f8e3fa38fe14dc75c/element/ea9a2341-0e5f-4005-96b3-cd1e657cafca/clear HTTP/1.1
User-Agent: selenium/4.8.1 (java windows)
Content-Length: 50
Content-Type: application/json; charset=utf-8
host: localhost:43398
accept: */*

Response DefaultHttpResponse(decodeResult: success, version: HTTP/1.1)
HTTP/1.1 200 OK
Content-Length: 14
Content-Type: application/json; charset=utf-8
cache-control: no-cache

16:11:39.560 [AsyncHttpClient-1-17] DEBUG org.asynchttpclient.netty.channel.ChannelManager - Adding key: http://localhost:43398 for channel [id: 0x1e51baa8, L:/127.0.0.1:51125 - R:localhost/127.0.0.1:43398]
16:11:39.562 [Forwarding sendKeysToElement on session 7425be60af5a4c1f8e3fa38fe14dc75c to remote] DEBUG org.asynchttpclient.netty.request.NettyRequestSender - Using pooled Channel '[id: 0x1e51baa8, L:/127.0.0.1:51125 - R:localhost/127.0.0.1:43398]' for 'POST' to 'http://localhost:43398/session/7425be60af5a4c1f8e3fa38fe14dc75c/element/ea9a2341-0e5f-4005-96b3-cd1e657cafca/value'
16:11:39.562 [Forwarding sendKeysToElement on session 7425be60af5a4c1f8e3fa38fe14dc75c to remote] DEBUG org.asynchttpclient.netty.request.NettyRequestSender - Using open Channel [id: 0x1e51baa8, L:/127.0.0.1:51125 - R:localhost/127.0.0.1:43398] for POST '/session/7425be60af5a4c1f8e3fa38fe14dc75c/element/ea9a2341-0e5f-4005-96b3-cd1e657cafca/value'
16:11:39.605 [AsyncHttpClient-1-17] DEBUG org.asynchttpclient.netty.handler.HttpHandler - 

Request DefaultHttpRequest(decodeResult: success, version: HTTP/1.1)
POST /session/7425be60af5a4c1f8e3fa38fe14dc75c/element/ea9a2341-0e5f-4005-96b3-cd1e657cafca/value HTTP/1.1
User-Agent: selenium/4.8.1 (java windows)
Content-Length: 141
Content-Type: application/json; charset=utf-8
host: localhost:43398
accept: */*

Response DefaultHttpResponse(decodeResult: success, version: HTTP/1.1)
HTTP/1.1 200 OK
Content-Length: 14
Content-Type: application/json; charset=utf-8
cache-control: no-cache

16:11:39.605 [AsyncHttpClient-1-17] DEBUG org.asynchttpclient.netty.channel.ChannelManager - Adding key: http://localhost:43398 for channel [id: 0x1e51baa8, L:/127.0.0.1:51125 - R:localhost/127.0.0.1:43398]
16:11:39.609 [Forwarding getAlertText on session 7425be60af5a4c1f8e3fa38fe14dc75c to remote] DEBUG org.asynchttpclient.netty.request.NettyRequestSender - Using pooled Channel '[id: 0x1e51baa8, L:/127.0.0.1:51125 - R:localhost/127.0.0.1:43398]' for 'GET' to 'http://localhost:43398/session/7425be60af5a4c1f8e3fa38fe14dc75c/alert/text'
16:11:39.609 [Forwarding getAlertText on session 7425be60af5a4c1f8e3fa38fe14dc75c to remote] DEBUG org.asynchttpclient.netty.request.NettyRequestSender - Using open Channel [id: 0x1e51baa8, L:/127.0.0.1:51125 - R:localhost/127.0.0.1:43398] for GET '/session/7425be60af5a4c1f8e3fa38fe14dc75c/alert/text'
16:11:39.611 [AsyncHttpClient-1-17] DEBUG org.asynchttpclient.netty.handler.HttpHandler - 

Request DefaultFullHttpRequest(decodeResult: success, version: HTTP/1.1, content: EmptyByteBufBE)
GET /session/7425be60af5a4c1f8e3fa38fe14dc75c/alert/text HTTP/1.1
User-Agent: selenium/4.8.1 (java windows)
Cache-Control: no-cache
Content-Type: application/json; charset=utf-8
host: localhost:43398
accept: */*

Response DefaultHttpResponse(decodeResult: success, version: HTTP/1.1)
HTTP/1.1 404 Not Found
Content-Length: 836
Content-Type: application/json; charset=utf-8
cache-control: no-cache

16:11:39.611 [AsyncHttpClient-1-17] DEBUG org.asynchttpclient.netty.channel.ChannelManager - Adding key: http://localhost:43398 for channel [id: 0x1e51baa8, L:/127.0.0.1:51125 - R:localhost/127.0.0.1:43398]
16:11:39.612 [Forwarding getCurrentUrl on session 7425be60af5a4c1f8e3fa38fe14dc75c to remote] DEBUG org.asynchttpclient.netty.request.NettyRequestSender - Using pooled Channel '[id: 0x1e51baa8, L:/127.0.0.1:51125 - R:localhost/127.0.0.1:43398]' for 'GET' to 'http://localhost:43398/session/7425be60af5a4c1f8e3fa38fe14dc75c/url'
16:11:39.612 [Forwarding getCurrentUrl on session 7425be60af5a4c1f8e3fa38fe14dc75c to remote] DEBUG org.asynchttpclient.netty.request.NettyRequestSender - Using open Channel [id: 0x1e51baa8, L:/127.0.0.1:51125 - R:localhost/127.0.0.1:43398] for GET '/session/7425be60af5a4c1f8e3fa38fe14dc75c/url'
16:11:39.614 [AsyncHttpClient-1-17] DEBUG org.asynchttpclient.netty.handler.HttpHandler - 

Request DefaultFullHttpRequest(decodeResult: success, version: HTTP/1.1, content: EmptyByteBufBE)
GET /session/7425be60af5a4c1f8e3fa38fe14dc75c/url HTTP/1.1
User-Agent: selenium/4.8.1 (java windows)
Cache-Control: no-cache
Content-Type: application/json; charset=utf-8
host: localhost:43398
accept: */*

Response DefaultHttpResponse(decodeResult: success, version: HTTP/1.1)
HTTP/1.1 200 OK
Content-Length: 51
Content-Type: application/json; charset=utf-8
cache-control: no-cache

16:11:39.614 [AsyncHttpClient-1-17] DEBUG org.asynchttpclient.netty.channel.ChannelManager - Adding key: http://localhost:43398 for channel [id: 0x1e51baa8, L:/127.0.0.1:51125 - R:localhost/127.0.0.1:43398]
16:11:39.614 [Forwarding screenshot on session 7425be60af5a4c1f8e3fa38fe14dc75c to remote] DEBUG org.asynchttpclient.netty.request.NettyRequestSender - Using pooled Channel '[id: 0x1e51baa8, L:/127.0.0.1:51125 - R:localhost/127.0.0.1:43398]' for 'GET' to 'http://localhost:43398/session/7425be60af5a4c1f8e3fa38fe14dc75c/screenshot'
16:11:39.614 [Forwarding screenshot on session 7425be60af5a4c1f8e3fa38fe14dc75c to remote] DEBUG org.asynchttpclient.netty.request.NettyRequestSender - Using open Channel [id: 0x1e51baa8, L:/127.0.0.1:51125 - R:localhost/127.0.0.1:43398] for GET '/session/7425be60af5a4c1f8e3fa38fe14dc75c/screenshot'
16:11:39.688 [AsyncHttpClient-1-17] DEBUG org.asynchttpclient.netty.handler.HttpHandler - 

Request DefaultFullHttpRequest(decodeResult: success, version: HTTP/1.1, content: EmptyByteBufBE)
GET /session/7425be60af5a4c1f8e3fa38fe14dc75c/screenshot HTTP/1.1
User-Agent: selenium/4.8.1 (java windows)
Cache-Control: no-cache
Content-Type: application/json; charset=utf-8
host: localhost:43398
accept: */*

Response DefaultHttpResponse(decodeResult: success, version: HTTP/1.1)
HTTP/1.1 200 OK
Content-Length: 30828
Content-Type: application/json; charset=utf-8
cache-control: no-cache

16:11:39.688 [AsyncHttpClient-1-17] DEBUG org.asynchttpclient.netty.channel.ChannelManager - Adding key: http://localhost:43398 for channel [id: 0x1e51baa8, L:/127.0.0.1:51125 - R:localhost/127.0.0.1:43398]
16:11:39.689 [main] DEBUG net.serenitybdd.core.photography.Darkroom - Send negative for processing for target\site\serenity\58607f59c678e5f6d1b8cb8365ba557a4e913be6e26f428936053610cd8961de.png
16:11:39.689 [main] DEBUG net.thucydides.core.steps.StepInterceptor - STEP DONE: inputPassword
  &amp#27;[32mAnd &amp#27;[0m&amp#27;[32mI enter correct password&amp#27;[0m                          &amp#27;[90m# starter.stepdefinitions.LoginSteps.inputPassword()&amp#27;[0m
16:11:39.689 [Darkroom Processing Line] DEBUG net.serenitybdd.core.photography.DarkroomProcessingLine - Processing screenshot image in /var/screenshots/screenshot-865523305226171757
16:11:39.689 [Darkroom Processing Line] DEBUG net.serenitybdd.core.photography.DarkroomProcessingLine - Saving screenshot to target\site\serenity\58607f59c678e5f6d1b8cb8365ba557a4e913be6e26f428936053610cd8961de.png
16:11:39.695 [Forwarding getPageSource on session 7425be60af5a4c1f8e3fa38fe14dc75c to remote] DEBUG org.asynchttpclient.netty.request.NettyRequestSender - Using pooled Channel '[id: 0x1e51baa8, L:/127.0.0.1:51125 - R:localhost/127.0.0.1:43398]' for 'POST' to 'http://localhost:43398/session/7425be60af5a4c1f8e3fa38fe14dc75c/execute/sync'
16:11:39.695 [Forwarding getPageSource on session 7425be60af5a4c1f8e3fa38fe14dc75c to remote] DEBUG org.asynchttpclient.netty.request.NettyRequestSender - Using open Channel [id: 0x1e51baa8, L:/127.0.0.1:51125 - R:localhost/127.0.0.1:43398] for POST '/session/7425be60af5a4c1f8e3fa38fe14dc75c/execute/sync'
16:11:39.701 [AsyncHttpClient-1-17] DEBUG org.asynchttpclient.netty.handler.HttpHandler - 

Request DefaultHttpRequest(decodeResult: success, version: HTTP/1.1)
POST /session/7425be60af5a4c1f8e3fa38fe14dc75c/execute/sync HTTP/1.1
User-Agent: selenium/4.8.1 (java windows)
Content-Length: 176
Content-Type: application/json; charset=utf-8
host: localhost:43398
accept: */*

Response DefaultHttpResponse(decodeResult: success, version: HTTP/1.1)
HTTP/1.1 200 OK
Content-Length: 21839
Content-Type: application/json; charset=utf-8
cache-control: no-cache

16:11:39.701 [AsyncHttpClient-1-17] DEBUG org.asynchttpclient.netty.channel.ChannelManager - Adding key: http://localhost:43398 for channel [id: 0x1e51baa8, L:/127.0.0.1:51125 - R:localhost/127.0.0.1:43398]
16:11:39.703 [Forwarding getCurrentUrl on session 7425be60af5a4c1f8e3fa38fe14dc75c to remote] DEBUG org.asynchttpclient.netty.request.NettyRequestSender - Using pooled Channel '[id: 0x1e51baa8, L:/127.0.0.1:51125 - R:localhost/127.0.0.1:43398]' for 'GET' to 'http://localhost:43398/session/7425be60af5a4c1f8e3fa38fe14dc75c/url'
16:11:39.703 [Forwarding getCurrentUrl on session 7425be60af5a4c1f8e3fa38fe14dc75c to remote] DEBUG org.asynchttpclient.netty.request.NettyRequestSender - Using open Channel [id: 0x1e51baa8, L:/127.0.0.1:51125 - R:localhost/127.0.0.1:43398] for GET '/session/7425be60af5a4c1f8e3fa38fe14dc75c/url'
16:11:39.705 [AsyncHttpClient-1-17] DEBUG org.asynchttpclient.netty.handler.HttpHandler - 

Request DefaultFullHttpRequest(decodeResult: success, version: HTTP/1.1, content: EmptyByteBufBE)
GET /session/7425be60af5a4c1f8e3fa38fe14dc75c/url HTTP/1.1
User-Agent: selenium/4.8.1 (java windows)
Cache-Control: no-cache
Content-Type: application/json; charset=utf-8
host: localhost:43398
accept: */*

Response DefaultHttpResponse(decodeResult: success, version: HTTP/1.1)
HTTP/1.1 200 OK
Content-Length: 51
Content-Type: application/json; charset=utf-8
cache-control: no-cache

16:11:39.705 [AsyncHttpClient-1-17] DEBUG org.asynchttpclient.netty.channel.ChannelManager - Adding key: http://localhost:43398 for channel [id: 0x1e51baa8, L:/127.0.0.1:51125 - R:localhost/127.0.0.1:43398]
16:11:39.713 [Forwarding getPageSource on session 7425be60af5a4c1f8e3fa38fe14dc75c to remote] DEBUG org.asynchttpclient.netty.request.NettyRequestSender - Using pooled Channel '[id: 0x1e51baa8, L:/127.0.0.1:51125 - R:localhost/127.0.0.1:43398]' for 'POST' to 'http://localhost:43398/session/7425be60af5a4c1f8e3fa38fe14dc75c/execute/sync'
16:11:39.713 [Forwarding getPageSource on session 7425be60af5a4c1f8e3fa38fe14dc75c to remote] DEBUG org.asynchttpclient.netty.request.NettyRequestSender - Using open Channel [id: 0x1e51baa8, L:/127.0.0.1:51125 - R:localhost/127.0.0.1:43398] for POST '/session/7425be60af5a4c1f8e3fa38fe14dc75c/execute/sync'
16:11:39.717 [AsyncHttpClient-1-17] DEBUG org.asynchttpclient.netty.handler.HttpHandler - 

Request DefaultHttpRequest(decodeResult: success, version: HTTP/1.1)
POST /session/7425be60af5a4c1f8e3fa38fe14dc75c/execute/sync HTTP/1.1
User-Agent: selenium/4.8.1 (java windows)
Content-Length: 176
Content-Type: application/json; charset=utf-8
host: localhost:43398
accept: */*

Response DefaultHttpResponse(decodeResult: success, version: HTTP/1.1)
HTTP/1.1 200 OK
Content-Length: 21839
Content-Type: application/json; charset=utf-8
cache-control: no-cache

16:11:39.717 [AsyncHttpClient-1-17] DEBUG org.asynchttpclient.netty.channel.ChannelManager - Adding key: http://localhost:43398 for channel [id: 0x1e51baa8, L:/127.0.0.1:51125 - R:localhost/127.0.0.1:43398]
16:11:39.718 [Forwarding getCurrentUrl on session 7425be60af5a4c1f8e3fa38fe14dc75c to remote] DEBUG org.asynchttpclient.netty.request.NettyRequestSender - Using pooled Channel '[id: 0x1e51baa8, L:/127.0.0.1:51125 - R:localhost/127.0.0.1:43398]' for 'GET' to 'http://localhost:43398/session/7425be60af5a4c1f8e3fa38fe14dc75c/url'
16:11:39.718 [Forwarding getCurrentUrl on session 7425be60af5a4c1f8e3fa38fe14dc75c to remote] DEBUG org.asynchttpclient.netty.request.NettyRequestSender - Using open Channel [id: 0x1e51baa8, L:/127.0.0.1:51125 - R:localhost/127.0.0.1:43398] for GET '/session/7425be60af5a4c1f8e3fa38fe14dc75c/url'
16:11:39.722 [AsyncHttpClient-1-17] DEBUG org.asynchttpclient.netty.handler.HttpHandler - 

Request DefaultFullHttpRequest(decodeResult: success, version: HTTP/1.1, content: EmptyByteBufBE)
GET /session/7425be60af5a4c1f8e3fa38fe14dc75c/url HTTP/1.1
User-Agent: selenium/4.8.1 (java windows)
Cache-Control: no-cache
Content-Type: application/json; charset=utf-8
host: localhost:43398
accept: */*

Response DefaultHttpResponse(decodeResult: success, version: HTTP/1.1)
HTTP/1.1 200 OK
Content-Length: 51
Content-Type: application/json; charset=utf-8
cache-control: no-cache

16:11:39.722 [AsyncHttpClient-1-17] DEBUG org.asynchttpclient.netty.channel.ChannelManager - Adding key: http://localhost:43398 for channel [id: 0x1e51baa8, L:/127.0.0.1:51125 - R:localhost/127.0.0.1:43398]
16:11:39.724 [main] DEBUG net.thucydides.core.steps.StepInterceptor - STARTING STEP: LoginSteps.clickLoginButton - clickLoginButton
16:11:39.725 [Forwarding findElement on session 7425be60af5a4c1f8e3fa38fe14dc75c to remote] DEBUG org.asynchttpclient.netty.request.NettyRequestSender - Using pooled Channel '[id: 0x1e51baa8, L:/127.0.0.1:51125 - R:localhost/127.0.0.1:43398]' for 'POST' to 'http://localhost:43398/session/7425be60af5a4c1f8e3fa38fe14dc75c/element'
16:11:39.725 [Forwarding findElement on session 7425be60af5a4c1f8e3fa38fe14dc75c to remote] DEBUG org.asynchttpclient.netty.request.NettyRequestSender - Using open Channel [id: 0x1e51baa8, L:/127.0.0.1:51125 - R:localhost/127.0.0.1:43398] for POST '/session/7425be60af5a4c1f8e3fa38fe14dc75c/element'
16:11:39.732 [AsyncHttpClient-1-17] DEBUG org.asynchttpclient.netty.handler.HttpHandler - 

Request DefaultHttpRequest(decodeResult: success, version: HTTP/1.1)
POST /session/7425be60af5a4c1f8e3fa38fe14dc75c/element HTTP/1.1
User-Agent: selenium/4.8.1 (java windows)
Content-Length: 71
Content-Type: application/json; charset=utf-8
host: localhost:43398
accept: */*

Response DefaultHttpResponse(decodeResult: success, version: HTTP/1.1)
HTTP/1.1 200 OK
Content-Length: 88
Content-Type: application/json; charset=utf-8
cache-control: no-cache

16:11:39.732 [AsyncHttpClient-1-17] DEBUG org.asynchttpclient.netty.channel.ChannelManager - Adding key: http://localhost:43398 for channel [id: 0x1e51baa8, L:/127.0.0.1:51125 - R:localhost/127.0.0.1:43398]
16:11:39.733 [Forwarding getElementTagName on session 7425be60af5a4c1f8e3fa38fe14dc75c to remote] DEBUG org.asynchttpclient.netty.request.NettyRequestSender - Using pooled Channel '[id: 0x1e51baa8, L:/127.0.0.1:51125 - R:localhost/127.0.0.1:43398]' for 'GET' to 'http://localhost:43398/session/7425be60af5a4c1f8e3fa38fe14dc75c/element/767d4d2d-8b85-4dc6-ad13-4b7bb7bceaf7/name'
16:11:39.733 [Forwarding getElementTagName on session 7425be60af5a4c1f8e3fa38fe14dc75c to remote] DEBUG org.asynchttpclient.netty.request.NettyRequestSender - Using open Channel [id: 0x1e51baa8, L:/127.0.0.1:51125 - R:localhost/127.0.0.1:43398] for GET '/session/7425be60af5a4c1f8e3fa38fe14dc75c/element/767d4d2d-8b85-4dc6-ad13-4b7bb7bceaf7/name'
16:11:39.737 [AsyncHttpClient-1-17] DEBUG org.asynchttpclient.netty.handler.HttpHandler - 

Request DefaultFullHttpRequest(decodeResult: success, version: HTTP/1.1, content: EmptyByteBufBE)
GET /session/7425be60af5a4c1f8e3fa38fe14dc75c/element/767d4d2d-8b85-4dc6-ad13-4b7bb7bceaf7/name HTTP/1.1
User-Agent: selenium/4.8.1 (java windows)
Cache-Control: no-cache
Content-Type: application/json; charset=utf-8
host: localhost:43398
accept: */*

Response DefaultHttpResponse(decodeResult: success, version: HTTP/1.1)
HTTP/1.1 200 OK
Content-Length: 18
Content-Type: application/json; charset=utf-8
cache-control: no-cache

16:11:39.737 [AsyncHttpClient-1-17] DEBUG org.asynchttpclient.netty.channel.ChannelManager - Adding key: http://localhost:43398 for channel [id: 0x1e51baa8, L:/127.0.0.1:51125 - R:localhost/127.0.0.1:43398]
16:11:39.738 [Forwarding getElementTagName on session 7425be60af5a4c1f8e3fa38fe14dc75c to remote] DEBUG org.asynchttpclient.netty.request.NettyRequestSender - Using pooled Channel '[id: 0x1e51baa8, L:/127.0.0.1:51125 - R:localhost/127.0.0.1:43398]' for 'GET' to 'http://localhost:43398/session/7425be60af5a4c1f8e3fa38fe14dc75c/element/767d4d2d-8b85-4dc6-ad13-4b7bb7bceaf7/name'
16:11:39.738 [Forwarding getElementTagName on session 7425be60af5a4c1f8e3fa38fe14dc75c to remote] DEBUG org.asynchttpclient.netty.request.NettyRequestSender - Using open Channel [id: 0x1e51baa8, L:/127.0.0.1:51125 - R:localhost/127.0.0.1:43398] for GET '/session/7425be60af5a4c1f8e3fa38fe14dc75c/element/767d4d2d-8b85-4dc6-ad13-4b7bb7bceaf7/name'
16:11:39.740 [AsyncHttpClient-1-17] DEBUG org.asynchttpclient.netty.handler.HttpHandler - 

Request DefaultFullHttpRequest(decodeResult: success, version: HTTP/1.1, content: EmptyByteBufBE)
GET /session/7425be60af5a4c1f8e3fa38fe14dc75c/element/767d4d2d-8b85-4dc6-ad13-4b7bb7bceaf7/name HTTP/1.1
User-Agent: selenium/4.8.1 (java windows)
Cache-Control: no-cache
Content-Type: application/json; charset=utf-8
host: localhost:43398
accept: */*

Response DefaultHttpResponse(decodeResult: success, version: HTTP/1.1)
HTTP/1.1 200 OK
Content-Length: 18
Content-Type: application/json; charset=utf-8
cache-control: no-cache

16:11:39.740 [AsyncHttpClient-1-17] DEBUG org.asynchttpclient.netty.channel.ChannelManager - Adding key: http://localhost:43398 for channel [id: 0x1e51baa8, L:/127.0.0.1:51125 - R:localhost/127.0.0.1:43398]
16:11:39.742 [Forwarding isElementEnabled on session 7425be60af5a4c1f8e3fa38fe14dc75c to remote] DEBUG org.asynchttpclient.netty.request.NettyRequestSender - Using pooled Channel '[id: 0x1e51baa8, L:/127.0.0.1:51125 - R:localhost/127.0.0.1:43398]' for 'GET' to 'http://localhost:43398/session/7425be60af5a4c1f8e3fa38fe14dc75c/element/767d4d2d-8b85-4dc6-ad13-4b7bb7bceaf7/enabled'
16:11:39.742 [Forwarding isElementEnabled on session 7425be60af5a4c1f8e3fa38fe14dc75c to remote] DEBUG org.asynchttpclient.netty.request.NettyRequestSender - Using open Channel [id: 0x1e51baa8, L:/127.0.0.1:51125 - R:localhost/127.0.0.1:43398] for GET '/session/7425be60af5a4c1f8e3fa38fe14dc75c/element/767d4d2d-8b85-4dc6-ad13-4b7bb7bceaf7/enabled'
16:11:39.747 [AsyncHttpClient-1-17] DEBUG org.asynchttpclient.netty.handler.HttpHandler - 

Request DefaultFullHttpRequest(decodeResult: success, version: HTTP/1.1, content: EmptyByteBufBE)
GET /session/7425be60af5a4c1f8e3fa38fe14dc75c/element/767d4d2d-8b85-4dc6-ad13-4b7bb7bceaf7/enabled HTTP/1.1
User-Agent: selenium/4.8.1 (java windows)
Cache-Control: no-cache
Content-Type: application/json; charset=utf-8
host: localhost:43398
accept: */*

Response DefaultHttpResponse(decodeResult: success, version: HTTP/1.1)
HTTP/1.1 200 OK
Content-Length: 14
Content-Type: application/json; charset=utf-8
cache-control: no-cache

16:11:39.747 [AsyncHttpClient-1-17] DEBUG org.asynchttpclient.netty.channel.ChannelManager - Adding key: http://localhost:43398 for channel [id: 0x1e51baa8, L:/127.0.0.1:51125 - R:localhost/127.0.0.1:43398]
16:11:39.748 [Forwarding isElementEnabled on session 7425be60af5a4c1f8e3fa38fe14dc75c to remote] DEBUG org.asynchttpclient.netty.request.NettyRequestSender - Using pooled Channel '[id: 0x1e51baa8, L:/127.0.0.1:51125 - R:localhost/127.0.0.1:43398]' for 'GET' to 'http://localhost:43398/session/7425be60af5a4c1f8e3fa38fe14dc75c/element/767d4d2d-8b85-4dc6-ad13-4b7bb7bceaf7/enabled'
16:11:39.748 [Forwarding isElementEnabled on session 7425be60af5a4c1f8e3fa38fe14dc75c to remote] DEBUG org.asynchttpclient.netty.request.NettyRequestSender - Using open Channel [id: 0x1e51baa8, L:/127.0.0.1:51125 - R:localhost/127.0.0.1:43398] for GET '/session/7425be60af5a4c1f8e3fa38fe14dc75c/element/767d4d2d-8b85-4dc6-ad13-4b7bb7bceaf7/enabled'
16:11:39.752 [AsyncHttpClient-1-17] DEBUG org.asynchttpclient.netty.handler.HttpHandler - 

Request DefaultFullHttpRequest(decodeResult: success, version: HTTP/1.1, content: EmptyByteBufBE)
GET /session/7425be60af5a4c1f8e3fa38fe14dc75c/element/767d4d2d-8b85-4dc6-ad13-4b7bb7bceaf7/enabled HTTP/1.1
User-Agent: selenium/4.8.1 (java windows)
Cache-Control: no-cache
Content-Type: application/json; charset=utf-8
host: localhost:43398
accept: */*

Response DefaultHttpResponse(decodeResult: success, version: HTTP/1.1)
HTTP/1.1 200 OK
Content-Length: 14
Content-Type: application/json; charset=utf-8
cache-control: no-cache

16:11:39.752 [AsyncHttpClient-1-17] DEBUG org.asynchttpclient.netty.channel.ChannelManager - Adding key: http://localhost:43398 for channel [id: 0x1e51baa8, L:/127.0.0.1:51125 - R:localhost/127.0.0.1:43398]
16:11:39.753 [Forwarding findElement on session 7425be60af5a4c1f8e3fa38fe14dc75c to remote] DEBUG org.asynchttpclient.netty.request.NettyRequestSender - Using pooled Channel '[id: 0x1e51baa8, L:/127.0.0.1:51125 - R:localhost/127.0.0.1:43398]' for 'POST' to 'http://localhost:43398/session/7425be60af5a4c1f8e3fa38fe14dc75c/element'
16:11:39.753 [Forwarding findElement on session 7425be60af5a4c1f8e3fa38fe14dc75c to remote] DEBUG org.asynchttpclient.netty.request.NettyRequestSender - Using open Channel [id: 0x1e51baa8, L:/127.0.0.1:51125 - R:localhost/127.0.0.1:43398] for POST '/session/7425be60af5a4c1f8e3fa38fe14dc75c/element'
16:11:39.757 [AsyncHttpClient-1-17] DEBUG org.asynchttpclient.netty.handler.HttpHandler - 

Request DefaultHttpRequest(decodeResult: success, version: HTTP/1.1)
POST /session/7425be60af5a4c1f8e3fa38fe14dc75c/element HTTP/1.1
User-Agent: selenium/4.8.1 (java windows)
Content-Length: 71
Content-Type: application/json; charset=utf-8
host: localhost:43398
accept: */*

Response DefaultHttpResponse(decodeResult: success, version: HTTP/1.1)
HTTP/1.1 200 OK
Content-Length: 88
Content-Type: application/json; charset=utf-8
cache-control: no-cache

16:11:39.757 [AsyncHttpClient-1-17] DEBUG org.asynchttpclient.netty.channel.ChannelManager - Adding key: http://localhost:43398 for channel [id: 0x1e51baa8, L:/127.0.0.1:51125 - R:localhost/127.0.0.1:43398]
16:11:39.758 [Forwarding clickElement on session 7425be60af5a4c1f8e3fa38fe14dc75c to remote] DEBUG org.asynchttpclient.netty.request.NettyRequestSender - Using pooled Channel '[id: 0x1e51baa8, L:/127.0.0.1:51125 - R:localhost/127.0.0.1:43398]' for 'POST' to 'http://localhost:43398/session/7425be60af5a4c1f8e3fa38fe14dc75c/element/767d4d2d-8b85-4dc6-ad13-4b7bb7bceaf7/click'
16:11:39.758 [Forwarding clickElement on session 7425be60af5a4c1f8e3fa38fe14dc75c to remote] DEBUG org.asynchttpclient.netty.request.NettyRequestSender - Using open Channel [id: 0x1e51baa8, L:/127.0.0.1:51125 - R:localhost/127.0.0.1:43398] for POST '/session/7425be60af5a4c1f8e3fa38fe14dc75c/element/767d4d2d-8b85-4dc6-ad13-4b7bb7bceaf7/click'
16:11:39.787 [AsyncHttpClient-1-17] DEBUG org.asynchttpclient.netty.handler.HttpHandler - 

Request DefaultHttpRequest(decodeResult: success, version: HTTP/1.1)
POST /session/7425be60af5a4c1f8e3fa38fe14dc75c/element/767d4d2d-8b85-4dc6-ad13-4b7bb7bceaf7/click HTTP/1.1
User-Agent: selenium/4.8.1 (java windows)
Content-Length: 50
Content-Type: application/json; charset=utf-8
host: localhost:43398
accept: */*

Response DefaultHttpResponse(decodeResult: success, version: HTTP/1.1)
HTTP/1.1 200 OK
Content-Length: 14
Content-Type: application/json; charset=utf-8
cache-control: no-cache

16:11:39.788 [AsyncHttpClient-1-17] DEBUG org.asynchttpclient.netty.channel.ChannelManager - Adding key: http://localhost:43398 for channel [id: 0x1e51baa8, L:/127.0.0.1:51125 - R:localhost/127.0.0.1:43398]
16:11:39.793 [Forwarding getAlertText on session 7425be60af5a4c1f8e3fa38fe14dc75c to remote] DEBUG org.asynchttpclient.netty.request.NettyRequestSender - Using pooled Channel '[id: 0x1e51baa8, L:/127.0.0.1:51125 - R:localhost/127.0.0.1:43398]' for 'GET' to 'http://localhost:43398/session/7425be60af5a4c1f8e3fa38fe14dc75c/alert/text'
16:11:39.793 [Forwarding getAlertText on session 7425be60af5a4c1f8e3fa38fe14dc75c to remote] DEBUG org.asynchttpclient.netty.request.NettyRequestSender - Using open Channel [id: 0x1e51baa8, L:/127.0.0.1:51125 - R:localhost/127.0.0.1:43398] for GET '/session/7425be60af5a4c1f8e3fa38fe14dc75c/alert/text'
16:11:39.795 [AsyncHttpClient-1-17] DEBUG org.asynchttpclient.netty.handler.HttpHandler - 

Request DefaultFullHttpRequest(decodeResult: success, version: HTTP/1.1, content: EmptyByteBufBE)
GET /session/7425be60af5a4c1f8e3fa38fe14dc75c/alert/text HTTP/1.1
User-Agent: selenium/4.8.1 (java windows)
Cache-Control: no-cache
Content-Type: application/json; charset=utf-8
host: localhost:43398
accept: */*

Response DefaultHttpResponse(decodeResult: success, version: HTTP/1.1)
HTTP/1.1 404 Not Found
Content-Length: 836
Content-Type: application/json; charset=utf-8
cache-control: no-cache

16:11:39.795 [AsyncHttpClient-1-17] DEBUG org.asynchttpclient.netty.channel.ChannelManager - Adding key: http://localhost:43398 for channel [id: 0x1e51baa8, L:/127.0.0.1:51125 - R:localhost/127.0.0.1:43398]
16:11:39.796 [Forwarding getCurrentUrl on session 7425be60af5a4c1f8e3fa38fe14dc75c to remote] DEBUG org.asynchttpclient.netty.request.NettyRequestSender - Using pooled Channel '[id: 0x1e51baa8, L:/127.0.0.1:51125 - R:localhost/127.0.0.1:43398]' for 'GET' to 'http://localhost:43398/session/7425be60af5a4c1f8e3fa38fe14dc75c/url'
16:11:39.797 [Forwarding getCurrentUrl on session 7425be60af5a4c1f8e3fa38fe14dc75c to remote] DEBUG org.asynchttpclient.netty.request.NettyRequestSender - Using open Channel [id: 0x1e51baa8, L:/127.0.0.1:51125 - R:localhost/127.0.0.1:43398] for GET '/session/7425be60af5a4c1f8e3fa38fe14dc75c/url'
16:11:39.801 [AsyncHttpClient-1-17] DEBUG org.asynchttpclient.netty.handler.HttpHandler - 

Request DefaultFullHttpRequest(decodeResult: success, version: HTTP/1.1, content: EmptyByteBufBE)
GET /session/7425be60af5a4c1f8e3fa38fe14dc75c/url HTTP/1.1
User-Agent: selenium/4.8.1 (java windows)
Cache-Control: no-cache
Content-Type: application/json; charset=utf-8
host: localhost:43398
accept: */*

Response DefaultHttpResponse(decodeResult: success, version: HTTP/1.1)
HTTP/1.1 200 OK
Content-Length: 51
Content-Type: application/json; charset=utf-8
cache-control: no-cache

16:11:39.801 [AsyncHttpClient-1-17] DEBUG org.asynchttpclient.netty.channel.ChannelManager - Adding key: http://localhost:43398 for channel [id: 0x1e51baa8, L:/127.0.0.1:51125 - R:localhost/127.0.0.1:43398]
16:11:39.801 [Forwarding screenshot on session 7425be60af5a4c1f8e3fa38fe14dc75c to remote] DEBUG org.asynchttpclient.netty.request.NettyRequestSender - Using pooled Channel '[id: 0x1e51baa8, L:/127.0.0.1:51125 - R:localhost/127.0.0.1:43398]' for 'GET' to 'http://localhost:43398/session/7425be60af5a4c1f8e3fa38fe14dc75c/screenshot'
16:11:39.801 [Forwarding screenshot on session 7425be60af5a4c1f8e3fa38fe14dc75c to remote] DEBUG org.asynchttpclient.netty.request.NettyRequestSender - Using open Channel [id: 0x1e51baa8, L:/127.0.0.1:51125 - R:localhost/127.0.0.1:43398] for GET '/session/7425be60af5a4c1f8e3fa38fe14dc75c/screenshot'
16:11:39.882 [AsyncHttpClient-1-17] DEBUG org.asynchttpclient.netty.handler.HttpHandler - 

Request DefaultFullHttpRequest(decodeResult: success, version: HTTP/1.1, content: EmptyByteBufBE)
GET /session/7425be60af5a4c1f8e3fa38fe14dc75c/screenshot HTTP/1.1
User-Agent: selenium/4.8.1 (java windows)
Cache-Control: no-cache
Content-Type: application/json; charset=utf-8
host: localhost:43398
accept: */*

Response DefaultHttpResponse(decodeResult: success, version: HTTP/1.1)
HTTP/1.1 200 OK
Content-Length: 30648
Content-Type: application/json; charset=utf-8
cache-control: no-cache

16:11:39.882 [AsyncHttpClient-1-17] DEBUG org.asynchttpclient.netty.channel.ChannelManager - Adding key: http://localhost:43398 for channel [id: 0x1e51baa8, L:/127.0.0.1:51125 - R:localhost/127.0.0.1:43398]
16:11:39.883 [main] DEBUG net.serenitybdd.core.photography.Darkroom - Send negative for processing for target\site\serenity\006eca820433c032b8c2947d0704516b2edce12f305f0975d68d9d8c8635c20a.png
16:11:39.883 [main] DEBUG net.thucydides.core.steps.StepInterceptor - STEP DONE: clickLoginButton
  &amp#27;[32mWhen &amp#27;[0m&amp#27;[32mI click on the login button&amp#27;[0m                      &amp#27;[90m# starter.stepdefinitions.LoginSteps.clickLoginButton()&amp#27;[0m
16:11:39.883 [Darkroom Processing Line] DEBUG net.serenitybdd.core.photography.DarkroomProcessingLine - Processing screenshot image in /var/screenshots/screenshot-2937761711830829684
16:11:39.883 [Darkroom Processing Line] DEBUG net.serenitybdd.core.photography.DarkroomProcessingLine - Saving screenshot to target\site\serenity\006eca820433c032b8c2947d0704516b2edce12f305f0975d68d9d8c8635c20a.png
16:11:39.889 [Forwarding getPageSource on session 7425be60af5a4c1f8e3fa38fe14dc75c to remote] DEBUG org.asynchttpclient.netty.request.NettyRequestSender - Using pooled Channel '[id: 0x1e51baa8, L:/127.0.0.1:51125 - R:localhost/127.0.0.1:43398]' for 'POST' to 'http://localhost:43398/session/7425be60af5a4c1f8e3fa38fe14dc75c/execute/sync'
16:11:39.889 [Forwarding getPageSource on session 7425be60af5a4c1f8e3fa38fe14dc75c to remote] DEBUG org.asynchttpclient.netty.request.NettyRequestSender - Using open Channel [id: 0x1e51baa8, L:/127.0.0.1:51125 - R:localhost/127.0.0.1:43398] for POST '/session/7425be60af5a4c1f8e3fa38fe14dc75c/execute/sync'
16:11:39.892 [AsyncHttpClient-1-17] DEBUG org.asynchttpclient.netty.handler.HttpHandler - 

Request DefaultHttpRequest(decodeResult: success, version: HTTP/1.1)
POST /session/7425be60af5a4c1f8e3fa38fe14dc75c/execute/sync HTTP/1.1
User-Agent: selenium/4.8.1 (java windows)
Content-Length: 176
Content-Type: application/json; charset=utf-8
host: localhost:43398
accept: */*

Response DefaultHttpResponse(decodeResult: success, version: HTTP/1.1)
HTTP/1.1 200 OK
Content-Length: 22119
Content-Type: application/json; charset=utf-8
cache-control: no-cache

16:11:39.892 [AsyncHttpClient-1-17] DEBUG org.asynchttpclient.netty.channel.ChannelManager - Adding key: http://localhost:43398 for channel [id: 0x1e51baa8, L:/127.0.0.1:51125 - R:localhost/127.0.0.1:43398]
16:11:39.894 [Forwarding getCurrentUrl on session 7425be60af5a4c1f8e3fa38fe14dc75c to remote] DEBUG org.asynchttpclient.netty.request.NettyRequestSender - Using pooled Channel '[id: 0x1e51baa8, L:/127.0.0.1:51125 - R:localhost/127.0.0.1:43398]' for 'GET' to 'http://localhost:43398/session/7425be60af5a4c1f8e3fa38fe14dc75c/url'
16:11:39.894 [Forwarding getCurrentUrl on session 7425be60af5a4c1f8e3fa38fe14dc75c to remote] DEBUG org.asynchttpclient.netty.request.NettyRequestSender - Using open Channel [id: 0x1e51baa8, L:/127.0.0.1:51125 - R:localhost/127.0.0.1:43398] for GET '/session/7425be60af5a4c1f8e3fa38fe14dc75c/url'
16:11:39.896 [AsyncHttpClient-1-17] DEBUG org.asynchttpclient.netty.handler.HttpHandler - 

Request DefaultFullHttpRequest(decodeResult: success, version: HTTP/1.1, content: EmptyByteBufBE)
GET /session/7425be60af5a4c1f8e3fa38fe14dc75c/url HTTP/1.1
User-Agent: selenium/4.8.1 (java windows)
Cache-Control: no-cache
Content-Type: application/json; charset=utf-8
host: localhost:43398
accept: */*

Response DefaultHttpResponse(decodeResult: success, version: HTTP/1.1)
HTTP/1.1 200 OK
Content-Length: 51
Content-Type: application/json; charset=utf-8
cache-control: no-cache

16:11:39.896 [AsyncHttpClient-1-17] DEBUG org.asynchttpclient.netty.channel.ChannelManager - Adding key: http://localhost:43398 for channel [id: 0x1e51baa8, L:/127.0.0.1:51125 - R:localhost/127.0.0.1:43398]
16:11:39.903 [Forwarding getPageSource on session 7425be60af5a4c1f8e3fa38fe14dc75c to remote] DEBUG org.asynchttpclient.netty.request.NettyRequestSender - Using pooled Channel '[id: 0x1e51baa8, L:/127.0.0.1:51125 - R:localhost/127.0.0.1:43398]' for 'POST' to 'http://localhost:43398/session/7425be60af5a4c1f8e3fa38fe14dc75c/execute/sync'
16:11:39.903 [Forwarding getPageSource on session 7425be60af5a4c1f8e3fa38fe14dc75c to remote] DEBUG org.asynchttpclient.netty.request.NettyRequestSender - Using open Channel [id: 0x1e51baa8, L:/127.0.0.1:51125 - R:localhost/127.0.0.1:43398] for POST '/session/7425be60af5a4c1f8e3fa38fe14dc75c/execute/sync'
16:11:39.906 [AsyncHttpClient-1-17] DEBUG org.asynchttpclient.netty.handler.HttpHandler - 

Request DefaultHttpRequest(decodeResult: success, version: HTTP/1.1)
POST /session/7425be60af5a4c1f8e3fa38fe14dc75c/execute/sync HTTP/1.1
User-Agent: selenium/4.8.1 (java windows)
Content-Length: 176
Content-Type: application/json; charset=utf-8
host: localhost:43398
accept: */*

Response DefaultHttpResponse(decodeResult: success, version: HTTP/1.1)
HTTP/1.1 200 OK
Content-Length: 22119
Content-Type: application/json; charset=utf-8
cache-control: no-cache

16:11:39.906 [AsyncHttpClient-1-17] DEBUG org.asynchttpclient.netty.channel.ChannelManager - Adding key: http://localhost:43398 for channel [id: 0x1e51baa8, L:/127.0.0.1:51125 - R:localhost/127.0.0.1:43398]
16:11:39.907 [Forwarding getCurrentUrl on session 7425be60af5a4c1f8e3fa38fe14dc75c to remote] DEBUG org.asynchttpclient.netty.request.NettyRequestSender - Using pooled Channel '[id: 0x1e51baa8, L:/127.0.0.1:51125 - R:localhost/127.0.0.1:43398]' for 'GET' to 'http://localhost:43398/session/7425be60af5a4c1f8e3fa38fe14dc75c/url'
16:11:39.907 [Forwarding getCurrentUrl on session 7425be60af5a4c1f8e3fa38fe14dc75c to remote] DEBUG org.asynchttpclient.netty.request.NettyRequestSender - Using open Channel [id: 0x1e51baa8, L:/127.0.0.1:51125 - R:localhost/127.0.0.1:43398] for GET '/session/7425be60af5a4c1f8e3fa38fe14dc75c/url'
16:11:39.912 [AsyncHttpClient-1-17] DEBUG org.asynchttpclient.netty.handler.HttpHandler - 

Request DefaultFullHttpRequest(decodeResult: success, version: HTTP/1.1, content: EmptyByteBufBE)
GET /session/7425be60af5a4c1f8e3fa38fe14dc75c/url HTTP/1.1
User-Agent: selenium/4.8.1 (java windows)
Cache-Control: no-cache
Content-Type: application/json; charset=utf-8
host: localhost:43398
accept: */*

Response DefaultHttpResponse(decodeResult: success, version: HTTP/1.1)
HTTP/1.1 200 OK
Content-Length: 51
Content-Type: application/json; charset=utf-8
cache-control: no-cache

16:11:39.912 [AsyncHttpClient-1-17] DEBUG org.asynchttpclient.netty.channel.ChannelManager - Adding key: http://localhost:43398 for channel [id: 0x1e51baa8, L:/127.0.0.1:51125 - R:localhost/127.0.0.1:43398]
16:11:39.915 [main] DEBUG net.thucydides.core.steps.StepInterceptor - STARTING STEP: LoginSteps.validateOnHomePage - validateOnHomePage
16:11:39.919 [Forwarding findElement on session 7425be60af5a4c1f8e3fa38fe14dc75c to remote] DEBUG org.asynchttpclient.netty.request.NettyRequestSender - Using pooled Channel '[id: 0x1e51baa8, L:/127.0.0.1:51125 - R:localhost/127.0.0.1:43398]' for 'POST' to 'http://localhost:43398/session/7425be60af5a4c1f8e3fa38fe14dc75c/element'
16:11:39.919 [Forwarding findElement on session 7425be60af5a4c1f8e3fa38fe14dc75c to remote] DEBUG org.asynchttpclient.netty.request.NettyRequestSender - Using open Channel [id: 0x1e51baa8, L:/127.0.0.1:51125 - R:localhost/127.0.0.1:43398] for POST '/session/7425be60af5a4c1f8e3fa38fe14dc75c/element'
16:11:40.185 [AsyncHttpClient-1-17] DEBUG org.asynchttpclient.netty.handler.HttpHandler - 

Request DefaultHttpRequest(decodeResult: success, version: HTTP/1.1)
POST /session/7425be60af5a4c1f8e3fa38fe14dc75c/element HTTP/1.1
User-Agent: selenium/4.8.1 (java windows)
Content-Length: 54
Content-Type: application/json; charset=utf-8
host: localhost:43398
accept: */*

Response DefaultHttpResponse(decodeResult: success, version: HTTP/1.1)
HTTP/1.1 200 OK
Content-Length: 88
Content-Type: application/json; charset=utf-8
cache-control: no-cache

16:11:40.185 [AsyncHttpClient-1-17] DEBUG org.asynchttpclient.netty.channel.ChannelManager - Adding key: http://localhost:43398 for channel [id: 0x1e51baa8, L:/127.0.0.1:51125 - R:localhost/127.0.0.1:43398]
16:11:40.187 [Forwarding isElementDisplayed on session 7425be60af5a4c1f8e3fa38fe14dc75c to remote] DEBUG org.asynchttpclient.netty.request.NettyRequestSender - Using pooled Channel '[id: 0x1e51baa8, L:/127.0.0.1:51125 - R:localhost/127.0.0.1:43398]' for 'POST' to 'http://localhost:43398/session/7425be60af5a4c1f8e3fa38fe14dc75c/execute/sync'
16:11:40.187 [Forwarding isElementDisplayed on session 7425be60af5a4c1f8e3fa38fe14dc75c to remote] DEBUG org.asynchttpclient.netty.request.NettyRequestSender - Using open Channel [id: 0x1e51baa8, L:/127.0.0.1:51125 - R:localhost/127.0.0.1:43398] for POST '/session/7425be60af5a4c1f8e3fa38fe14dc75c/execute/sync'
16:11:40.196 [AsyncHttpClient-1-17] DEBUG org.asynchttpclient.netty.handler.HttpHandler - 

Request DefaultHttpRequest(decodeResult: success, version: HTTP/1.1)
POST /session/7425be60af5a4c1f8e3fa38fe14dc75c/execute/sync HTTP/1.1
User-Agent: selenium/4.8.1 (java windows)
Content-Length: 48807
Content-Type: application/json; charset=utf-8
host: localhost:43398
accept: */*

Response DefaultHttpResponse(decodeResult: success, version: HTTP/1.1)
HTTP/1.1 200 OK
Content-Length: 14
Content-Type: application/json; charset=utf-8
cache-control: no-cache

16:11:40.196 [AsyncHttpClient-1-17] DEBUG org.asynchttpclient.netty.channel.ChannelManager - Adding key: http://localhost:43398 for channel [id: 0x1e51baa8, L:/127.0.0.1:51125 - R:localhost/127.0.0.1:43398]
16:11:40.200 [Forwarding getAlertText on session 7425be60af5a4c1f8e3fa38fe14dc75c to remote] DEBUG org.asynchttpclient.netty.request.NettyRequestSender - Using pooled Channel '[id: 0x1e51baa8, L:/127.0.0.1:51125 - R:localhost/127.0.0.1:43398]' for 'GET' to 'http://localhost:43398/session/7425be60af5a4c1f8e3fa38fe14dc75c/alert/text'
16:11:40.200 [Forwarding getAlertText on session 7425be60af5a4c1f8e3fa38fe14dc75c to remote] DEBUG org.asynchttpclient.netty.request.NettyRequestSender - Using open Channel [id: 0x1e51baa8, L:/127.0.0.1:51125 - R:localhost/127.0.0.1:43398] for GET '/session/7425be60af5a4c1f8e3fa38fe14dc75c/alert/text'
16:11:40.201 [AsyncHttpClient-1-17] DEBUG org.asynchttpclient.netty.handler.HttpHandler - 

Request DefaultFullHttpRequest(decodeResult: success, version: HTTP/1.1, content: EmptyByteBufBE)
GET /session/7425be60af5a4c1f8e3fa38fe14dc75c/alert/text HTTP/1.1
User-Agent: selenium/4.8.1 (java windows)
Cache-Control: no-cache
Content-Type: application/json; charset=utf-8
host: localhost:43398
accept: */*

Response DefaultHttpResponse(decodeResult: success, version: HTTP/1.1)
HTTP/1.1 404 Not Found
Content-Length: 836
Content-Type: application/json; charset=utf-8
cache-control: no-cache

16:11:40.201 [AsyncHttpClient-1-17] DEBUG org.asynchttpclient.netty.channel.ChannelManager - Adding key: http://localhost:43398 for channel [id: 0x1e51baa8, L:/127.0.0.1:51125 - R:localhost/127.0.0.1:43398]
16:11:40.202 [Forwarding getCurrentUrl on session 7425be60af5a4c1f8e3fa38fe14dc75c to remote] DEBUG org.asynchttpclient.netty.request.NettyRequestSender - Using pooled Channel '[id: 0x1e51baa8, L:/127.0.0.1:51125 - R:localhost/127.0.0.1:43398]' for 'GET' to 'http://localhost:43398/session/7425be60af5a4c1f8e3fa38fe14dc75c/url'
16:11:40.202 [Forwarding getCurrentUrl on session 7425be60af5a4c1f8e3fa38fe14dc75c to remote] DEBUG org.asynchttpclient.netty.request.NettyRequestSender - Using open Channel [id: 0x1e51baa8, L:/127.0.0.1:51125 - R:localhost/127.0.0.1:43398] for GET '/session/7425be60af5a4c1f8e3fa38fe14dc75c/url'
16:11:40.205 [AsyncHttpClient-1-17] DEBUG org.asynchttpclient.netty.handler.HttpHandler - 

Request DefaultFullHttpRequest(decodeResult: success, version: HTTP/1.1, content: EmptyByteBufBE)
GET /session/7425be60af5a4c1f8e3fa38fe14dc75c/url HTTP/1.1
User-Agent: selenium/4.8.1 (java windows)
Cache-Control: no-cache
Content-Type: application/json; charset=utf-8
host: localhost:43398
accept: */*

Response DefaultHttpResponse(decodeResult: success, version: HTTP/1.1)
HTTP/1.1 200 OK
Content-Length: 41
Content-Type: application/json; charset=utf-8
cache-control: no-cache

16:11:40.205 [AsyncHttpClient-1-17] DEBUG org.asynchttpclient.netty.channel.ChannelManager - Adding key: http://localhost:43398 for channel [id: 0x1e51baa8, L:/127.0.0.1:51125 - R:localhost/127.0.0.1:43398]
16:11:40.205 [Forwarding screenshot on session 7425be60af5a4c1f8e3fa38fe14dc75c to remote] DEBUG org.asynchttpclient.netty.request.NettyRequestSender - Using pooled Channel '[id: 0x1e51baa8, L:/127.0.0.1:51125 - R:localhost/127.0.0.1:43398]' for 'GET' to 'http://localhost:43398/session/7425be60af5a4c1f8e3fa38fe14dc75c/screenshot'
16:11:40.206 [Forwarding screenshot on session 7425be60af5a4c1f8e3fa38fe14dc75c to remote] DEBUG org.asynchttpclient.netty.request.NettyRequestSender - Using open Channel [id: 0x1e51baa8, L:/127.0.0.1:51125 - R:localhost/127.0.0.1:43398] for GET '/session/7425be60af5a4c1f8e3fa38fe14dc75c/screenshot'
16:11:40.323 [AsyncHttpClient-1-17] DEBUG org.asynchttpclient.netty.handler.HttpHandler - 

Request DefaultFullHttpRequest(decodeResult: success, version: HTTP/1.1, content: EmptyByteBufBE)
GET /session/7425be60af5a4c1f8e3fa38fe14dc75c/screenshot HTTP/1.1
User-Agent: selenium/4.8.1 (java windows)
Cache-Control: no-cache
Content-Type: application/json; charset=utf-8
host: localhost:43398
accept: */*

Response DefaultHttpResponse(decodeResult: success, version: HTTP/1.1)
HTTP/1.1 200 OK
Content-Length: 26064
Content-Type: application/json; charset=utf-8
cache-control: no-cache

16:11:40.323 [AsyncHttpClient-1-17] DEBUG org.asynchttpclient.netty.channel.ChannelManager - Adding key: http://localhost:43398 for channel [id: 0x1e51baa8, L:/127.0.0.1:51125 - R:localhost/127.0.0.1:43398]
16:11:40.325 [main] DEBUG net.serenitybdd.core.photography.Darkroom - Send negative for processing for target\site\serenity\e485fa7a8dd6b42d1ae575f9b24ee6f91329c44ca6612cc093ca3eaa21ba0f9e.png
16:11:40.325 [main] DEBUG net.thucydides.core.steps.StepInterceptor - STEP DONE: validateOnHomePage
  &amp#27;[32mThen &amp#27;[0m&amp#27;[32mI should be redirected to my alta-shop home page&amp#27;[0m &amp#27;[90m# starter.stepdefinitions.LoginSteps.validateOnHomePage()&amp#27;[0m
16:11:40.325 [Darkroom Processing Line] DEBUG net.serenitybdd.core.photography.DarkroomProcessingLine - Processing screenshot image in /var/screenshots/screenshot-8887946621411124582
16:11:40.325 [Darkroom Processing Line] DEBUG net.serenitybdd.core.photography.DarkroomProcessingLine - Saving screenshot to target\site\serenity\e485fa7a8dd6b42d1ae575f9b24ee6f91329c44ca6612cc093ca3eaa21ba0f9e.png
16:11:40.330 [main] INFO  - 
  _____   ___   ___   _____     ___     _     ___   ___   ___   ___  
 |_   _| | __| / __| |_   _|   | _ \   /_\   / __| / __| | __| |   \ 
   | |   | _|  \__ \   | |     |  _/  / _ \  \__ \ \__ \ | _|  | |) |
   |_|   |___| |___/   |_|     |_|   /_/ \_\ |___/ |___/ |___| |___/ 

Login with correct credentials
----------------------------------------------------------------------
16:11:40.331 [AsyncHttpClient-1-19] DEBUG org.asynchttpclient.netty.handler.WebSocketHandler - Channel Closed: [id: 0x21ecc877, L:/127.0.0.1:51135 ! R:localhost/127.0.0.1:51126] with attribute NettyResponseFuture{currentRetry=0,
	isDone=1,
	isCancelled=0,
	asyncHandler=org.asynchttpclient.ws.WebSocketUpgradeHandler@2e3d9708,
	nettyRequest=org.asynchttpclient.netty.request.NettyRequest@6b3f1cab,
	future=java.util.concurrent.CompletableFuture@60920b88[Completed normally],
	uri=ws://localhost:51126/devtools/browser/fc6bc711-d176-4be2-a8ab-1eb6c0d946ac,
	keepAlive=true,
	redirectCount=0,
	timeoutsHolder=null,
	inAuth=0,
	touch=1683537096185}
16:11:40.331 [AsyncHttpClient-1-19] DEBUG org.asynchttpclient.netty.channel.ChannelManager - Closing Channel [id: 0x21ecc877, L:/127.0.0.1:51135 ! R:localhost/127.0.0.1:51126] 
16:11:40.332 [Driver Command Executor] DEBUG org.asynchttpclient.netty.request.NettyRequestSender - Using pooled Channel '[id: 0x1e51baa8, L:/127.0.0.1:51125 - R:localhost/127.0.0.1:43398]' for 'DELETE' to 'http://localhost:43398/session/7425be60af5a4c1f8e3fa38fe14dc75c'
16:11:40.332 [Driver Command Executor] DEBUG org.asynchttpclient.netty.request.NettyRequestSender - Using open Channel [id: 0x1e51baa8, L:/127.0.0.1:51125 - R:localhost/127.0.0.1:43398] for DELETE '/session/7425be60af5a4c1f8e3fa38fe14dc75c'
16:11:40.357 [AsyncHttpClient-1-18] DEBUG org.asynchttpclient.netty.handler.HttpHandler - Unexpected I/O exception on channel [id: 0xa1cbb7fb, L:/127.0.0.1:51134 - R:localhost/127.0.0.1:51126]
java.net.SocketException: Connection reset
	at java.base/sun.nio.ch.SocketChannelImpl.throwConnectionReset(SocketChannelImpl.java:367)
	at java.base/sun.nio.ch.SocketChannelImpl.read(SocketChannelImpl.java:398)
	at io.netty.buffer.PooledByteBuf.setBytes(PooledByteBuf.java:259)
	at io.netty.buffer.AbstractByteBuf.writeBytes(AbstractByteBuf.java:1132)
	at io.netty.channel.socket.nio.NioSocketChannel.doReadBytes(NioSocketChannel.java:357)
	at io.netty.channel.nio.AbstractNioByteChannel$NioByteUnsafe.read(AbstractNioByteChannel.java:151)
	at io.netty.channel.nio.NioEventLoop.processSelectedKey(NioEventLoop.java:788)
	at io.netty.channel.nio.NioEventLoop.processSelectedKeysOptimized(NioEventLoop.java:724)
	at io.netty.channel.nio.NioEventLoop.processSelectedKeys(NioEventLoop.java:650)
	at io.netty.channel.nio.NioEventLoop.run(NioEventLoop.java:562)
	at io.netty.util.concurrent.SingleThreadEventExecutor$4.run(SingleThreadEventExecutor.java:997)
	at io.netty.util.internal.ThreadExecutorMap$2.run(ThreadExecutorMap.java:74)
	at io.netty.util.concurrent.FastThreadLocalRunnable.run(FastThreadLocalRunnable.java:30)
	at java.base/java.lang.Thread.run(Thread.java:832)
16:11:40.357 [AsyncHttpClient-1-18] DEBUG org.asynchttpclient.netty.channel.ChannelManager - Closing Channel [id: 0xa1cbb7fb, L:/127.0.0.1:51134 - R:localhost/127.0.0.1:51126] 
16:11:40.357 [AsyncHttpClient-1-18] DEBUG org.asynchttpclient.netty.handler.HttpHandler - Channel Closed: [id: 0xa1cbb7fb, L:/127.0.0.1:51134 ! R:localhost/127.0.0.1:51126] with attribute DISCARD
16:11:40.366 [AsyncHttpClient-1-17] DEBUG org.asynchttpclient.netty.handler.HttpHandler - 

Request DefaultFullHttpRequest(decodeResult: success, version: HTTP/1.1, content: EmptyByteBufBE)
DELETE /session/7425be60af5a4c1f8e3fa38fe14dc75c HTTP/1.1
User-Agent: selenium/4.8.1 (java windows)
Content-Type: application/json; charset=utf-8
host: localhost:43398
accept: */*

Response DefaultHttpResponse(decodeResult: success, version: HTTP/1.1)
HTTP/1.1 200 OK
Content-Length: 14
Content-Type: application/json; charset=utf-8
cache-control: no-cache

16:11:40.366 [AsyncHttpClient-1-17] DEBUG org.asynchttpclient.netty.channel.ChannelManager - Adding key: http://localhost:43398 for channel [id: 0x1e51baa8, L:/127.0.0.1:51125 - R:localhost/127.0.0.1:43398]
16:11:40.480 [AsyncHttpClient-1-17] DEBUG org.asynchttpclient.netty.handler.HttpHandler - Channel Closed: [id: 0x1e51baa8, L:/127.0.0.1:51125 ! R:localhost/127.0.0.1:43398] with attribute DISCARD
16:11:40.657 [AsyncHttpClient-1-1] DEBUG org.asynchttpclient.netty.channel.DefaultChannelPool - Entry count for : http://localhost:51126 : 1
16:11:40.657 [AsyncHttpClient-1-1] DEBUG org.asynchttpclient.netty.channel.DefaultChannelPool - Entry count for : http://localhost:43398 : 1
16:11:40.657 [AsyncHttpClient-1-1] DEBUG org.asynchttpclient.netty.channel.DefaultChannelPool - Adding Candidate expired Channel [id: 0xa1cbb7fb, L:/127.0.0.1:51134 ! R:localhost/127.0.0.1:51126] isIdleTimeoutExpired=false isRemotelyClosed=true isTtlExpired=false
16:11:40.657 [AsyncHttpClient-1-1] DEBUG org.asynchttpclient.netty.channel.DefaultChannelPool - Closing Idle Channel [id: 0xa1cbb7fb, L:/127.0.0.1:51134 ! R:localhost/127.0.0.1:51126]
16:11:40.657 [AsyncHttpClient-1-1] DEBUG org.asynchttpclient.netty.channel.DefaultChannelPool - Adding Candidate expired Channel [id: 0x1e51baa8, L:/127.0.0.1:51125 ! R:localhost/127.0.0.1:43398] isIdleTimeoutExpired=false isRemotelyClosed=true isTtlExpired=false
16:11:40.657 [AsyncHttpClient-1-1] DEBUG org.asynchttpclient.netty.channel.DefaultChannelPool - Closing Idle Channel [id: 0x1e51baa8, L:/127.0.0.1:51125 ! R:localhost/127.0.0.1:43398]
16:11:40.657 [AsyncHttpClient-1-1] DEBUG org.asynchttpclient.netty.channel.DefaultChannelPool - Closed 2 connections out of 2 in 0 ms
]]></system-out>
    <system-err><![CDATA[Starting ChromeDriver 111.0.5563.64 (c710e93d5b63b7095afe8c2c17df34408078439d-refs/branch-heads/5563@{#995}) on port 43398
Only local connections are allowed.
Please see https://chromedriver.chromium.org/security-considerations for suggestions on keeping ChromeDriver safe.
ChromeDriver was started successfully.
[1683537096.163][WARNING]: This version of ChromeDriver has not been tested with Chrome version 112.
May 08, 2023 4:11:36 PM org.openqa.selenium.devtools.CdpVersionFinder findNearestMatch
WARNING: Unable to find an exact match for CDP version 112, so returning the closest version found: 110
]]></system-err>
  </testcase>
  <testcase name="Login with wrong password" classname="Login to Alta-shop Account" time="6.565">
    <system-out><![CDATA[
Scenario: Login with wrong password      &amp#27;[90m# src/test/resources/features/2. Login.feature:14&amp#27;[0m
16:11:40.999 [main] DEBUG io.cucumber.core.plugin.SerenityReporter - Running feature from file:///C:/Users/WINDOWS%2010/Documents/GitHub/MiniProject_QE/Web/code/minpro/src/test/resources/features/2.%20Login.feature
16:11:41.002 [main] INFO  - 
  _____   ___   ___   _____     ___   _____     _     ___   _____   ___   ___  
 |_   _| | __| / __| |_   _|   / __| |_   _|   /_\   | _ \ |_   _| | __| |   \ 
   | |   | _|  \__ \   | |     \__ \   | |    / _ \  |   /   | |   | _|  | |) |
   |_|   |___| |___/   |_|     |___/   |_|   /_/ \_\ |_|_\   |_|   |___| |___/ 

Login with wrong password(login-to-alta-shop-account;login-with-wrong-password)
--------------------------------------------------------------------------------
16:11:41.028 [main] DEBUG net.thucydides.core.steps.StepInterceptor - STARTING STEP: LoginSteps.onTheLoginPage - openPage
16:11:41.058 [main] INFO net.serenitybdd.core.webdriver.driverproviders.ChromeDriverProvider - Starting Chrome driver instance with capabilities:
16:11:41.058 [main] INFO net.serenitybdd.core.webdriver.driverproviders.ChromeDriverProvider - Capabilities {acceptInsecureCerts: false, browserName: chrome, goog:chromeOptions: {args: [remote-allow-origins=*], extensions: []}}
16:11:41.121 [AsyncHttpClient-1-20] DEBUG org.asynchttpclient.netty.channel.NettyConnectListener - Using new Channel '[id: 0xad400b3c, L:/127.0.0.1:51175 - R:localhost/127.0.0.1:41978]' for 'POST' to '/session'
16:11:41.714 [AsyncHttpClient-1-20] DEBUG org.asynchttpclient.netty.handler.HttpHandler - 

Request DefaultHttpRequest(decodeResult: success, version: HTTP/1.1)
POST /session HTTP/1.1
User-Agent: selenium/4.8.1 (java windows)
Content-Length: 507
Content-Type: application/json; charset=utf-8
host: localhost:41978
accept: */*

Response DefaultHttpResponse(decodeResult: success, version: HTTP/1.1)
HTTP/1.1 200 OK
Content-Length: 863
Content-Type: application/json; charset=utf-8
cache-control: no-cache

16:11:41.715 [AsyncHttpClient-1-20] DEBUG org.asynchttpclient.netty.channel.ChannelManager - Adding key: http://localhost:41978 for channel [id: 0xad400b3c, L:/127.0.0.1:51175 - R:localhost/127.0.0.1:41978]
16:11:41.720 [AsyncHttpClient-1-21] DEBUG org.asynchttpclient.netty.channel.NettyConnectListener - Using new Channel '[id: 0x06085ba8, L:/127.0.0.1:51185 - R:localhost/127.0.0.1:51178]' for 'GET' to '/json/version'
16:11:41.722 [AsyncHttpClient-1-21] DEBUG org.asynchttpclient.netty.handler.HttpHandler - 

Request DefaultFullHttpRequest(decodeResult: success, version: HTTP/1.1, content: EmptyByteBufBE)
GET /json/version HTTP/1.1
User-Agent: selenium/4.8.1 (java windows)
host: localhost:51178
accept: */*

Response DefaultHttpResponse(decodeResult: success, version: HTTP/1.1)
HTTP/1.1 200 OK
Content-Security-Policy: frame-ancestors 'none'
Content-Length: 424
Content-Type: application/json; charset=UTF-8

16:11:41.722 [AsyncHttpClient-1-21] DEBUG org.asynchttpclient.netty.channel.ChannelManager - Adding key: http://localhost:51178 for channel [id: 0x06085ba8, L:/127.0.0.1:51185 - R:localhost/127.0.0.1:51178]
16:11:41.724 [AsyncHttpClient-1-22] DEBUG org.asynchttpclient.netty.channel.NettyConnectListener - Using new Channel '[id: 0xee0fb537, L:/127.0.0.1:51186 - R:localhost/127.0.0.1:51178]' for 'GET' to '/devtools/browser/809ef87d-576e-4368-8aed-f6345ee54038'
16:11:41.725 [AsyncHttpClient-1-22] DEBUG org.asynchttpclient.netty.handler.WebSocketHandler - 

Request DefaultFullHttpRequest(decodeResult: success, version: HTTP/1.1, content: EmptyByteBufBE)
GET /devtools/browser/809ef87d-576e-4368-8aed-f6345ee54038 HTTP/1.1
upgrade: websocket
connection: upgrade
sec-websocket-key: yd807Pk4c7mS1VGO3d3s3A==
sec-websocket-version: 13
origin: http://localhost:51178
host: localhost:51178
accept: */*
user-agent: AHC/2.1

Response DefaultHttpResponse(decodeResult: success, version: HTTP/1.1)
HTTP/1.1 101 WebSocket Protocol Handshake
Upgrade: WebSocket
Connection: Upgrade
Sec-WebSocket-Accept: ljQSbFrzdxQvpY/hwATjYyzIViI=

16:11:41.728 [Forwarding get on session c1c7b132ff5b1e6910cc6424084181b6 to remote] DEBUG org.asynchttpclient.netty.request.NettyRequestSender - Using pooled Channel '[id: 0xad400b3c, L:/127.0.0.1:51175 - R:localhost/127.0.0.1:41978]' for 'POST' to 'http://localhost:41978/session/c1c7b132ff5b1e6910cc6424084181b6/url'
16:11:41.728 [Forwarding get on session c1c7b132ff5b1e6910cc6424084181b6 to remote] DEBUG org.asynchttpclient.netty.request.NettyRequestSender - Using open Channel [id: 0xad400b3c, L:/127.0.0.1:51175 - R:localhost/127.0.0.1:41978] for POST '/session/c1c7b132ff5b1e6910cc6424084181b6/url'
16:11:41.759 [AsyncHttpClient-1-1] DEBUG org.asynchttpclient.netty.channel.DefaultChannelPool - Entry count for : http://localhost:51178 : 1
16:11:42.858 [AsyncHttpClient-1-1] DEBUG org.asynchttpclient.netty.channel.DefaultChannelPool - Entry count for : http://localhost:51178 : 1
16:11:43.956 [AsyncHttpClient-1-1] DEBUG org.asynchttpclient.netty.channel.DefaultChannelPool - Entry count for : http://localhost:51178 : 1
16:11:45.059 [AsyncHttpClient-1-1] DEBUG org.asynchttpclient.netty.channel.DefaultChannelPool - Entry count for : http://localhost:51178 : 1
16:11:45.517 [AsyncHttpClient-1-20] DEBUG org.asynchttpclient.netty.handler.HttpHandler - 

Request DefaultHttpRequest(decodeResult: success, version: HTTP/1.1)
POST /session/c1c7b132ff5b1e6910cc6424084181b6/url HTTP/1.1
User-Agent: selenium/4.8.1 (java windows)
Content-Length: 74
Content-Type: application/json; charset=utf-8
host: localhost:41978
accept: */*

Response DefaultHttpResponse(decodeResult: success, version: HTTP/1.1)
HTTP/1.1 200 OK
Content-Length: 14
Content-Type: application/json; charset=utf-8
cache-control: no-cache

16:11:45.517 [AsyncHttpClient-1-20] DEBUG org.asynchttpclient.netty.channel.ChannelManager - Adding key: http://localhost:41978 for channel [id: 0xad400b3c, L:/127.0.0.1:51175 - R:localhost/127.0.0.1:41978]
16:11:45.518 [Forwarding setTimeout on session c1c7b132ff5b1e6910cc6424084181b6 to remote] DEBUG org.asynchttpclient.netty.request.NettyRequestSender - Using pooled Channel '[id: 0xad400b3c, L:/127.0.0.1:51175 - R:localhost/127.0.0.1:41978]' for 'POST' to 'http://localhost:41978/session/c1c7b132ff5b1e6910cc6424084181b6/timeouts'
16:11:45.518 [Forwarding setTimeout on session c1c7b132ff5b1e6910cc6424084181b6 to remote] DEBUG org.asynchttpclient.netty.request.NettyRequestSender - Using open Channel [id: 0xad400b3c, L:/127.0.0.1:51175 - R:localhost/127.0.0.1:41978] for POST '/session/c1c7b132ff5b1e6910cc6424084181b6/timeouts'
16:11:45.518 [AsyncHttpClient-1-20] DEBUG org.asynchttpclient.netty.handler.HttpHandler - 

Request DefaultHttpRequest(decodeResult: success, version: HTTP/1.1)
POST /session/c1c7b132ff5b1e6910cc6424084181b6/timeouts HTTP/1.1
User-Agent: selenium/4.8.1 (java windows)
Content-Length: 22
Content-Type: application/json; charset=utf-8
host: localhost:41978
accept: */*

Response DefaultHttpResponse(decodeResult: success, version: HTTP/1.1)
HTTP/1.1 200 OK
Content-Length: 14
Content-Type: application/json; charset=utf-8
cache-control: no-cache

16:11:45.518 [AsyncHttpClient-1-20] DEBUG org.asynchttpclient.netty.channel.ChannelManager - Adding key: http://localhost:41978 for channel [id: 0xad400b3c, L:/127.0.0.1:51175 - R:localhost/127.0.0.1:41978]
16:11:45.523 [Forwarding getAlertText on session c1c7b132ff5b1e6910cc6424084181b6 to remote] DEBUG org.asynchttpclient.netty.request.NettyRequestSender - Using pooled Channel '[id: 0xad400b3c, L:/127.0.0.1:51175 - R:localhost/127.0.0.1:41978]' for 'GET' to 'http://localhost:41978/session/c1c7b132ff5b1e6910cc6424084181b6/alert/text'
16:11:45.523 [Forwarding getAlertText on session c1c7b132ff5b1e6910cc6424084181b6 to remote] DEBUG org.asynchttpclient.netty.request.NettyRequestSender - Using open Channel [id: 0xad400b3c, L:/127.0.0.1:51175 - R:localhost/127.0.0.1:41978] for GET '/session/c1c7b132ff5b1e6910cc6424084181b6/alert/text'
16:11:45.524 [AsyncHttpClient-1-20] DEBUG org.asynchttpclient.netty.handler.HttpHandler - 

Request DefaultFullHttpRequest(decodeResult: success, version: HTTP/1.1, content: EmptyByteBufBE)
GET /session/c1c7b132ff5b1e6910cc6424084181b6/alert/text HTTP/1.1
User-Agent: selenium/4.8.1 (java windows)
Cache-Control: no-cache
Content-Type: application/json; charset=utf-8
host: localhost:41978
accept: */*

Response DefaultHttpResponse(decodeResult: success, version: HTTP/1.1)
HTTP/1.1 404 Not Found
Content-Length: 836
Content-Type: application/json; charset=utf-8
cache-control: no-cache

16:11:45.524 [AsyncHttpClient-1-20] DEBUG org.asynchttpclient.netty.channel.ChannelManager - Adding key: http://localhost:41978 for channel [id: 0xad400b3c, L:/127.0.0.1:51175 - R:localhost/127.0.0.1:41978]
16:11:45.525 [Forwarding getCurrentUrl on session c1c7b132ff5b1e6910cc6424084181b6 to remote] DEBUG org.asynchttpclient.netty.request.NettyRequestSender - Using pooled Channel '[id: 0xad400b3c, L:/127.0.0.1:51175 - R:localhost/127.0.0.1:41978]' for 'GET' to 'http://localhost:41978/session/c1c7b132ff5b1e6910cc6424084181b6/url'
16:11:45.525 [Forwarding getCurrentUrl on session c1c7b132ff5b1e6910cc6424084181b6 to remote] DEBUG org.asynchttpclient.netty.request.NettyRequestSender - Using open Channel [id: 0xad400b3c, L:/127.0.0.1:51175 - R:localhost/127.0.0.1:41978] for GET '/session/c1c7b132ff5b1e6910cc6424084181b6/url'
16:11:45.528 [AsyncHttpClient-1-20] DEBUG org.asynchttpclient.netty.handler.HttpHandler - 

Request DefaultFullHttpRequest(decodeResult: success, version: HTTP/1.1, content: EmptyByteBufBE)
GET /session/c1c7b132ff5b1e6910cc6424084181b6/url HTTP/1.1
User-Agent: selenium/4.8.1 (java windows)
Cache-Control: no-cache
Content-Type: application/json; charset=utf-8
host: localhost:41978
accept: */*

Response DefaultHttpResponse(decodeResult: success, version: HTTP/1.1)
HTTP/1.1 200 OK
Content-Length: 51
Content-Type: application/json; charset=utf-8
cache-control: no-cache

16:11:45.528 [AsyncHttpClient-1-20] DEBUG org.asynchttpclient.netty.channel.ChannelManager - Adding key: http://localhost:41978 for channel [id: 0xad400b3c, L:/127.0.0.1:51175 - R:localhost/127.0.0.1:41978]
16:11:45.529 [Forwarding screenshot on session c1c7b132ff5b1e6910cc6424084181b6 to remote] DEBUG org.asynchttpclient.netty.request.NettyRequestSender - Using pooled Channel '[id: 0xad400b3c, L:/127.0.0.1:51175 - R:localhost/127.0.0.1:41978]' for 'GET' to 'http://localhost:41978/session/c1c7b132ff5b1e6910cc6424084181b6/screenshot'
16:11:45.529 [Forwarding screenshot on session c1c7b132ff5b1e6910cc6424084181b6 to remote] DEBUG org.asynchttpclient.netty.request.NettyRequestSender - Using open Channel [id: 0xad400b3c, L:/127.0.0.1:51175 - R:localhost/127.0.0.1:41978] for GET '/session/c1c7b132ff5b1e6910cc6424084181b6/screenshot'
16:11:45.597 [AsyncHttpClient-1-20] DEBUG org.asynchttpclient.netty.handler.HttpHandler - 

Request DefaultFullHttpRequest(decodeResult: success, version: HTTP/1.1, content: EmptyByteBufBE)
GET /session/c1c7b132ff5b1e6910cc6424084181b6/screenshot HTTP/1.1
User-Agent: selenium/4.8.1 (java windows)
Cache-Control: no-cache
Content-Type: application/json; charset=utf-8
host: localhost:41978
accept: */*

Response DefaultHttpResponse(decodeResult: success, version: HTTP/1.1)
HTTP/1.1 200 OK
Content-Length: 25208
Content-Type: application/json; charset=utf-8
cache-control: no-cache

16:11:45.597 [AsyncHttpClient-1-20] DEBUG org.asynchttpclient.netty.channel.ChannelManager - Adding key: http://localhost:41978 for channel [id: 0xad400b3c, L:/127.0.0.1:51175 - R:localhost/127.0.0.1:41978]
16:11:45.598 [main] DEBUG net.serenitybdd.core.photography.Darkroom - Send negative for processing for target\site\serenity\edb14d4aab401efa0e4fb99861e6ffcafebc86a67b69f7828890b9910ed2ddbd.png
16:11:45.598 [main] DEBUG net.thucydides.core.steps.StepInterceptor - STEP DONE: openPage
  &amp#27;[32mGiven &amp#27;[0m&amp#27;[32mI am on the alta-shop login page&amp#27;[0m &amp#27;[90m# starter.stepdefinitions.LoginSteps.onTheLoginPage()&amp#27;[0m
16:11:45.604 [Forwarding getPageSource on session c1c7b132ff5b1e6910cc6424084181b6 to remote] DEBUG org.asynchttpclient.netty.request.NettyRequestSender - Using pooled Channel '[id: 0xad400b3c, L:/127.0.0.1:51175 - R:localhost/127.0.0.1:41978]' for 'POST' to 'http://localhost:41978/session/c1c7b132ff5b1e6910cc6424084181b6/execute/sync'
16:11:45.604 [Forwarding getPageSource on session c1c7b132ff5b1e6910cc6424084181b6 to remote] DEBUG org.asynchttpclient.netty.request.NettyRequestSender - Using open Channel [id: 0xad400b3c, L:/127.0.0.1:51175 - R:localhost/127.0.0.1:41978] for POST '/session/c1c7b132ff5b1e6910cc6424084181b6/execute/sync'
16:11:45.609 [AsyncHttpClient-1-20] DEBUG org.asynchttpclient.netty.handler.HttpHandler - 

Request DefaultHttpRequest(decodeResult: success, version: HTTP/1.1)
POST /session/c1c7b132ff5b1e6910cc6424084181b6/execute/sync HTTP/1.1
User-Agent: selenium/4.8.1 (java windows)
Content-Length: 176
Content-Type: application/json; charset=utf-8
host: localhost:41978
accept: */*

Response DefaultHttpResponse(decodeResult: success, version: HTTP/1.1)
HTTP/1.1 200 OK
Content-Length: 21659
Content-Type: application/json; charset=utf-8
cache-control: no-cache

16:11:45.609 [AsyncHttpClient-1-20] DEBUG org.asynchttpclient.netty.channel.ChannelManager - Adding key: http://localhost:41978 for channel [id: 0xad400b3c, L:/127.0.0.1:51175 - R:localhost/127.0.0.1:41978]
16:11:45.610 [Forwarding getCurrentUrl on session c1c7b132ff5b1e6910cc6424084181b6 to remote] DEBUG org.asynchttpclient.netty.request.NettyRequestSender - Using pooled Channel '[id: 0xad400b3c, L:/127.0.0.1:51175 - R:localhost/127.0.0.1:41978]' for 'GET' to 'http://localhost:41978/session/c1c7b132ff5b1e6910cc6424084181b6/url'
16:11:45.610 [Forwarding getCurrentUrl on session c1c7b132ff5b1e6910cc6424084181b6 to remote] DEBUG org.asynchttpclient.netty.request.NettyRequestSender - Using open Channel [id: 0xad400b3c, L:/127.0.0.1:51175 - R:localhost/127.0.0.1:41978] for GET '/session/c1c7b132ff5b1e6910cc6424084181b6/url'
16:11:45.613 [AsyncHttpClient-1-20] DEBUG org.asynchttpclient.netty.handler.HttpHandler - 

Request DefaultFullHttpRequest(decodeResult: success, version: HTTP/1.1, content: EmptyByteBufBE)
GET /session/c1c7b132ff5b1e6910cc6424084181b6/url HTTP/1.1
User-Agent: selenium/4.8.1 (java windows)
Cache-Control: no-cache
Content-Type: application/json; charset=utf-8
host: localhost:41978
accept: */*

Response DefaultHttpResponse(decodeResult: success, version: HTTP/1.1)
HTTP/1.1 200 OK
Content-Length: 51
Content-Type: application/json; charset=utf-8
cache-control: no-cache

16:11:45.613 [AsyncHttpClient-1-20] DEBUG org.asynchttpclient.netty.channel.ChannelManager - Adding key: http://localhost:41978 for channel [id: 0xad400b3c, L:/127.0.0.1:51175 - R:localhost/127.0.0.1:41978]
16:11:45.619 [Forwarding getPageSource on session c1c7b132ff5b1e6910cc6424084181b6 to remote] DEBUG org.asynchttpclient.netty.request.NettyRequestSender - Using pooled Channel '[id: 0xad400b3c, L:/127.0.0.1:51175 - R:localhost/127.0.0.1:41978]' for 'POST' to 'http://localhost:41978/session/c1c7b132ff5b1e6910cc6424084181b6/execute/sync'
16:11:45.619 [Forwarding getPageSource on session c1c7b132ff5b1e6910cc6424084181b6 to remote] DEBUG org.asynchttpclient.netty.request.NettyRequestSender - Using open Channel [id: 0xad400b3c, L:/127.0.0.1:51175 - R:localhost/127.0.0.1:41978] for POST '/session/c1c7b132ff5b1e6910cc6424084181b6/execute/sync'
16:11:45.624 [AsyncHttpClient-1-20] DEBUG org.asynchttpclient.netty.handler.HttpHandler - 

Request DefaultHttpRequest(decodeResult: success, version: HTTP/1.1)
POST /session/c1c7b132ff5b1e6910cc6424084181b6/execute/sync HTTP/1.1
User-Agent: selenium/4.8.1 (java windows)
Content-Length: 176
Content-Type: application/json; charset=utf-8
host: localhost:41978
accept: */*

Response DefaultHttpResponse(decodeResult: success, version: HTTP/1.1)
HTTP/1.1 200 OK
Content-Length: 21659
Content-Type: application/json; charset=utf-8
cache-control: no-cache

16:11:45.624 [AsyncHttpClient-1-20] DEBUG org.asynchttpclient.netty.channel.ChannelManager - Adding key: http://localhost:41978 for channel [id: 0xad400b3c, L:/127.0.0.1:51175 - R:localhost/127.0.0.1:41978]
16:11:45.626 [Forwarding getCurrentUrl on session c1c7b132ff5b1e6910cc6424084181b6 to remote] DEBUG org.asynchttpclient.netty.request.NettyRequestSender - Using pooled Channel '[id: 0xad400b3c, L:/127.0.0.1:51175 - R:localhost/127.0.0.1:41978]' for 'GET' to 'http://localhost:41978/session/c1c7b132ff5b1e6910cc6424084181b6/url'
16:11:45.626 [Forwarding getCurrentUrl on session c1c7b132ff5b1e6910cc6424084181b6 to remote] DEBUG org.asynchttpclient.netty.request.NettyRequestSender - Using open Channel [id: 0xad400b3c, L:/127.0.0.1:51175 - R:localhost/127.0.0.1:41978] for GET '/session/c1c7b132ff5b1e6910cc6424084181b6/url'
16:11:45.629 [AsyncHttpClient-1-20] DEBUG org.asynchttpclient.netty.handler.HttpHandler - 

Request DefaultFullHttpRequest(decodeResult: success, version: HTTP/1.1, content: EmptyByteBufBE)
GET /session/c1c7b132ff5b1e6910cc6424084181b6/url HTTP/1.1
User-Agent: selenium/4.8.1 (java windows)
Cache-Control: no-cache
Content-Type: application/json; charset=utf-8
host: localhost:41978
accept: */*

Response DefaultHttpResponse(decodeResult: success, version: HTTP/1.1)
HTTP/1.1 200 OK
Content-Length: 51
Content-Type: application/json; charset=utf-8
cache-control: no-cache

16:11:45.629 [AsyncHttpClient-1-20] DEBUG org.asynchttpclient.netty.channel.ChannelManager - Adding key: http://localhost:41978 for channel [id: 0xad400b3c, L:/127.0.0.1:51175 - R:localhost/127.0.0.1:41978]
16:11:45.631 [main] DEBUG net.thucydides.core.steps.StepInterceptor - STARTING STEP: LoginSteps.inputEmail - inputEmail
16:11:45.632 [Forwarding findElement on session c1c7b132ff5b1e6910cc6424084181b6 to remote] DEBUG org.asynchttpclient.netty.request.NettyRequestSender - Using pooled Channel '[id: 0xad400b3c, L:/127.0.0.1:51175 - R:localhost/127.0.0.1:41978]' for 'POST' to 'http://localhost:41978/session/c1c7b132ff5b1e6910cc6424084181b6/element'
16:11:45.632 [Forwarding findElement on session c1c7b132ff5b1e6910cc6424084181b6 to remote] DEBUG org.asynchttpclient.netty.request.NettyRequestSender - Using open Channel [id: 0xad400b3c, L:/127.0.0.1:51175 - R:localhost/127.0.0.1:41978] for POST '/session/c1c7b132ff5b1e6910cc6424084181b6/element'
16:11:45.640 [AsyncHttpClient-1-20] DEBUG org.asynchttpclient.netty.handler.HttpHandler - 

Request DefaultHttpRequest(decodeResult: success, version: HTTP/1.1)
POST /session/c1c7b132ff5b1e6910cc6424084181b6/element HTTP/1.1
User-Agent: selenium/4.8.1 (java windows)
Content-Length: 55
Content-Type: application/json; charset=utf-8
host: localhost:41978
accept: */*

Response DefaultHttpResponse(decodeResult: success, version: HTTP/1.1)
HTTP/1.1 200 OK
Content-Length: 88
Content-Type: application/json; charset=utf-8
cache-control: no-cache

16:11:45.640 [AsyncHttpClient-1-20] DEBUG org.asynchttpclient.netty.channel.ChannelManager - Adding key: http://localhost:41978 for channel [id: 0xad400b3c, L:/127.0.0.1:51175 - R:localhost/127.0.0.1:41978]
16:11:45.641 [Forwarding clearElement on session c1c7b132ff5b1e6910cc6424084181b6 to remote] DEBUG org.asynchttpclient.netty.request.NettyRequestSender - Using pooled Channel '[id: 0xad400b3c, L:/127.0.0.1:51175 - R:localhost/127.0.0.1:41978]' for 'POST' to 'http://localhost:41978/session/c1c7b132ff5b1e6910cc6424084181b6/element/7de10504-fc00-47f9-8d90-73f447679a04/clear'
16:11:45.641 [Forwarding clearElement on session c1c7b132ff5b1e6910cc6424084181b6 to remote] DEBUG org.asynchttpclient.netty.request.NettyRequestSender - Using open Channel [id: 0xad400b3c, L:/127.0.0.1:51175 - R:localhost/127.0.0.1:41978] for POST '/session/c1c7b132ff5b1e6910cc6424084181b6/element/7de10504-fc00-47f9-8d90-73f447679a04/clear'
16:11:45.662 [AsyncHttpClient-1-20] DEBUG org.asynchttpclient.netty.handler.HttpHandler - 

Request DefaultHttpRequest(decodeResult: success, version: HTTP/1.1)
POST /session/c1c7b132ff5b1e6910cc6424084181b6/element/7de10504-fc00-47f9-8d90-73f447679a04/clear HTTP/1.1
User-Agent: selenium/4.8.1 (java windows)
Content-Length: 50
Content-Type: application/json; charset=utf-8
host: localhost:41978
accept: */*

Response DefaultHttpResponse(decodeResult: success, version: HTTP/1.1)
HTTP/1.1 200 OK
Content-Length: 14
Content-Type: application/json; charset=utf-8
cache-control: no-cache

16:11:45.662 [AsyncHttpClient-1-20] DEBUG org.asynchttpclient.netty.channel.ChannelManager - Adding key: http://localhost:41978 for channel [id: 0xad400b3c, L:/127.0.0.1:51175 - R:localhost/127.0.0.1:41978]
16:11:45.663 [Forwarding sendKeysToElement on session c1c7b132ff5b1e6910cc6424084181b6 to remote] DEBUG org.asynchttpclient.netty.request.NettyRequestSender - Using pooled Channel '[id: 0xad400b3c, L:/127.0.0.1:51175 - R:localhost/127.0.0.1:41978]' for 'POST' to 'http://localhost:41978/session/c1c7b132ff5b1e6910cc6424084181b6/element/7de10504-fc00-47f9-8d90-73f447679a04/value'
16:11:45.663 [Forwarding sendKeysToElement on session c1c7b132ff5b1e6910cc6424084181b6 to remote] DEBUG org.asynchttpclient.netty.request.NettyRequestSender - Using open Channel [id: 0xad400b3c, L:/127.0.0.1:51175 - R:localhost/127.0.0.1:41978] for POST '/session/c1c7b132ff5b1e6910cc6424084181b6/element/7de10504-fc00-47f9-8d90-73f447679a04/value'
16:11:45.732 [AsyncHttpClient-1-20] DEBUG org.asynchttpclient.netty.handler.HttpHandler - 

Request DefaultHttpRequest(decodeResult: success, version: HTTP/1.1)
POST /session/c1c7b132ff5b1e6910cc6424084181b6/element/7de10504-fc00-47f9-8d90-73f447679a04/value HTTP/1.1
User-Agent: selenium/4.8.1 (java windows)
Content-Length: 241
Content-Type: application/json; charset=utf-8
host: localhost:41978
accept: */*

Response DefaultHttpResponse(decodeResult: success, version: HTTP/1.1)
HTTP/1.1 200 OK
Content-Length: 14
Content-Type: application/json; charset=utf-8
cache-control: no-cache

16:11:45.732 [AsyncHttpClient-1-20] DEBUG org.asynchttpclient.netty.channel.ChannelManager - Adding key: http://localhost:41978 for channel [id: 0xad400b3c, L:/127.0.0.1:51175 - R:localhost/127.0.0.1:41978]
16:11:45.737 [Forwarding getAlertText on session c1c7b132ff5b1e6910cc6424084181b6 to remote] DEBUG org.asynchttpclient.netty.request.NettyRequestSender - Using pooled Channel '[id: 0xad400b3c, L:/127.0.0.1:51175 - R:localhost/127.0.0.1:41978]' for 'GET' to 'http://localhost:41978/session/c1c7b132ff5b1e6910cc6424084181b6/alert/text'
16:11:45.737 [Forwarding getAlertText on session c1c7b132ff5b1e6910cc6424084181b6 to remote] DEBUG org.asynchttpclient.netty.request.NettyRequestSender - Using open Channel [id: 0xad400b3c, L:/127.0.0.1:51175 - R:localhost/127.0.0.1:41978] for GET '/session/c1c7b132ff5b1e6910cc6424084181b6/alert/text'
16:11:45.738 [AsyncHttpClient-1-20] DEBUG org.asynchttpclient.netty.handler.HttpHandler - 

Request DefaultFullHttpRequest(decodeResult: success, version: HTTP/1.1, content: EmptyByteBufBE)
GET /session/c1c7b132ff5b1e6910cc6424084181b6/alert/text HTTP/1.1
User-Agent: selenium/4.8.1 (java windows)
Cache-Control: no-cache
Content-Type: application/json; charset=utf-8
host: localhost:41978
accept: */*

Response DefaultHttpResponse(decodeResult: success, version: HTTP/1.1)
HTTP/1.1 404 Not Found
Content-Length: 836
Content-Type: application/json; charset=utf-8
cache-control: no-cache

16:11:45.738 [AsyncHttpClient-1-20] DEBUG org.asynchttpclient.netty.channel.ChannelManager - Adding key: http://localhost:41978 for channel [id: 0xad400b3c, L:/127.0.0.1:51175 - R:localhost/127.0.0.1:41978]
16:11:45.739 [Forwarding getCurrentUrl on session c1c7b132ff5b1e6910cc6424084181b6 to remote] DEBUG org.asynchttpclient.netty.request.NettyRequestSender - Using pooled Channel '[id: 0xad400b3c, L:/127.0.0.1:51175 - R:localhost/127.0.0.1:41978]' for 'GET' to 'http://localhost:41978/session/c1c7b132ff5b1e6910cc6424084181b6/url'
16:11:45.739 [Forwarding getCurrentUrl on session c1c7b132ff5b1e6910cc6424084181b6 to remote] DEBUG org.asynchttpclient.netty.request.NettyRequestSender - Using open Channel [id: 0xad400b3c, L:/127.0.0.1:51175 - R:localhost/127.0.0.1:41978] for GET '/session/c1c7b132ff5b1e6910cc6424084181b6/url'
16:11:45.741 [AsyncHttpClient-1-20] DEBUG org.asynchttpclient.netty.handler.HttpHandler - 

Request DefaultFullHttpRequest(decodeResult: success, version: HTTP/1.1, content: EmptyByteBufBE)
GET /session/c1c7b132ff5b1e6910cc6424084181b6/url HTTP/1.1
User-Agent: selenium/4.8.1 (java windows)
Cache-Control: no-cache
Content-Type: application/json; charset=utf-8
host: localhost:41978
accept: */*

Response DefaultHttpResponse(decodeResult: success, version: HTTP/1.1)
HTTP/1.1 200 OK
Content-Length: 51
Content-Type: application/json; charset=utf-8
cache-control: no-cache

16:11:45.741 [AsyncHttpClient-1-20] DEBUG org.asynchttpclient.netty.channel.ChannelManager - Adding key: http://localhost:41978 for channel [id: 0xad400b3c, L:/127.0.0.1:51175 - R:localhost/127.0.0.1:41978]
16:11:45.742 [Forwarding screenshot on session c1c7b132ff5b1e6910cc6424084181b6 to remote] DEBUG org.asynchttpclient.netty.request.NettyRequestSender - Using pooled Channel '[id: 0xad400b3c, L:/127.0.0.1:51175 - R:localhost/127.0.0.1:41978]' for 'GET' to 'http://localhost:41978/session/c1c7b132ff5b1e6910cc6424084181b6/screenshot'
16:11:45.742 [Forwarding screenshot on session c1c7b132ff5b1e6910cc6424084181b6 to remote] DEBUG org.asynchttpclient.netty.request.NettyRequestSender - Using open Channel [id: 0xad400b3c, L:/127.0.0.1:51175 - R:localhost/127.0.0.1:41978] for GET '/session/c1c7b132ff5b1e6910cc6424084181b6/screenshot'
16:11:45.847 [AsyncHttpClient-1-20] DEBUG org.asynchttpclient.netty.handler.HttpHandler - 

Request DefaultFullHttpRequest(decodeResult: success, version: HTTP/1.1, content: EmptyByteBufBE)
GET /session/c1c7b132ff5b1e6910cc6424084181b6/screenshot HTTP/1.1
User-Agent: selenium/4.8.1 (java windows)
Cache-Control: no-cache
Content-Type: application/json; charset=utf-8
host: localhost:41978
accept: */*

Response DefaultHttpResponse(decodeResult: success, version: HTTP/1.1)
HTTP/1.1 200 OK
Content-Length: 30216
Content-Type: application/json; charset=utf-8
cache-control: no-cache

16:11:45.847 [AsyncHttpClient-1-20] DEBUG org.asynchttpclient.netty.channel.ChannelManager - Adding key: http://localhost:41978 for channel [id: 0xad400b3c, L:/127.0.0.1:51175 - R:localhost/127.0.0.1:41978]
16:11:45.848 [main] DEBUG net.serenitybdd.core.photography.Darkroom - Send negative for processing for target\site\serenity\f43b698da472805d305554befbba0e9a871ae296d60894b0ae9bb40aaad32cfc.png
16:11:45.849 [main] DEBUG net.thucydides.core.steps.StepInterceptor - STEP DONE: inputEmail
16:11:45.849 [Darkroom Processing Line] DEBUG net.serenitybdd.core.photography.DarkroomProcessingLine - Processing screenshot image in /var/screenshots/screenshot-13393209571417957650
16:11:45.849 [Darkroom Processing Line] DEBUG net.serenitybdd.core.photography.DarkroomProcessingLine - Saving screenshot to target\site\serenity\f43b698da472805d305554befbba0e9a871ae296d60894b0ae9bb40aaad32cfc.png
  &amp#27;[32mAnd &amp#27;[0m&amp#27;[32mI enter correct email&amp#27;[0m              &amp#27;[90m# starter.stepdefinitions.LoginSteps.inputEmail()&amp#27;[0m
16:11:45.858 [Forwarding getPageSource on session c1c7b132ff5b1e6910cc6424084181b6 to remote] DEBUG org.asynchttpclient.netty.request.NettyRequestSender - Using pooled Channel '[id: 0xad400b3c, L:/127.0.0.1:51175 - R:localhost/127.0.0.1:41978]' for 'POST' to 'http://localhost:41978/session/c1c7b132ff5b1e6910cc6424084181b6/execute/sync'
16:11:45.858 [Forwarding getPageSource on session c1c7b132ff5b1e6910cc6424084181b6 to remote] DEBUG org.asynchttpclient.netty.request.NettyRequestSender - Using open Channel [id: 0xad400b3c, L:/127.0.0.1:51175 - R:localhost/127.0.0.1:41978] for POST '/session/c1c7b132ff5b1e6910cc6424084181b6/execute/sync'
16:11:45.866 [AsyncHttpClient-1-20] DEBUG org.asynchttpclient.netty.handler.HttpHandler - 

Request DefaultHttpRequest(decodeResult: success, version: HTTP/1.1)
POST /session/c1c7b132ff5b1e6910cc6424084181b6/execute/sync HTTP/1.1
User-Agent: selenium/4.8.1 (java windows)
Content-Length: 176
Content-Type: application/json; charset=utf-8
host: localhost:41978
accept: */*

Response DefaultHttpResponse(decodeResult: success, version: HTTP/1.1)
HTTP/1.1 200 OK
Content-Length: 21780
Content-Type: application/json; charset=utf-8
cache-control: no-cache

16:11:45.867 [AsyncHttpClient-1-20] DEBUG org.asynchttpclient.netty.channel.ChannelManager - Adding key: http://localhost:41978 for channel [id: 0xad400b3c, L:/127.0.0.1:51175 - R:localhost/127.0.0.1:41978]
16:11:45.869 [Forwarding getCurrentUrl on session c1c7b132ff5b1e6910cc6424084181b6 to remote] DEBUG org.asynchttpclient.netty.request.NettyRequestSender - Using pooled Channel '[id: 0xad400b3c, L:/127.0.0.1:51175 - R:localhost/127.0.0.1:41978]' for 'GET' to 'http://localhost:41978/session/c1c7b132ff5b1e6910cc6424084181b6/url'
16:11:45.869 [Forwarding getCurrentUrl on session c1c7b132ff5b1e6910cc6424084181b6 to remote] DEBUG org.asynchttpclient.netty.request.NettyRequestSender - Using open Channel [id: 0xad400b3c, L:/127.0.0.1:51175 - R:localhost/127.0.0.1:41978] for GET '/session/c1c7b132ff5b1e6910cc6424084181b6/url'
16:11:45.878 [AsyncHttpClient-1-20] DEBUG org.asynchttpclient.netty.handler.HttpHandler - 

Request DefaultFullHttpRequest(decodeResult: success, version: HTTP/1.1, content: EmptyByteBufBE)
GET /session/c1c7b132ff5b1e6910cc6424084181b6/url HTTP/1.1
User-Agent: selenium/4.8.1 (java windows)
Cache-Control: no-cache
Content-Type: application/json; charset=utf-8
host: localhost:41978
accept: */*

Response DefaultHttpResponse(decodeResult: success, version: HTTP/1.1)
HTTP/1.1 200 OK
Content-Length: 51
Content-Type: application/json; charset=utf-8
cache-control: no-cache

16:11:45.879 [AsyncHttpClient-1-20] DEBUG org.asynchttpclient.netty.channel.ChannelManager - Adding key: http://localhost:41978 for channel [id: 0xad400b3c, L:/127.0.0.1:51175 - R:localhost/127.0.0.1:41978]
16:11:45.901 [Forwarding getAlertText on session c1c7b132ff5b1e6910cc6424084181b6 to remote] DEBUG org.asynchttpclient.netty.request.NettyRequestSender - Using pooled Channel '[id: 0xad400b3c, L:/127.0.0.1:51175 - R:localhost/127.0.0.1:41978]' for 'GET' to 'http://localhost:41978/session/c1c7b132ff5b1e6910cc6424084181b6/alert/text'
16:11:45.901 [Forwarding getAlertText on session c1c7b132ff5b1e6910cc6424084181b6 to remote] DEBUG org.asynchttpclient.netty.request.NettyRequestSender - Using open Channel [id: 0xad400b3c, L:/127.0.0.1:51175 - R:localhost/127.0.0.1:41978] for GET '/session/c1c7b132ff5b1e6910cc6424084181b6/alert/text'
16:11:45.911 [AsyncHttpClient-1-20] DEBUG org.asynchttpclient.netty.handler.HttpHandler - 

Request DefaultFullHttpRequest(decodeResult: success, version: HTTP/1.1, content: EmptyByteBufBE)
GET /session/c1c7b132ff5b1e6910cc6424084181b6/alert/text HTTP/1.1
User-Agent: selenium/4.8.1 (java windows)
Cache-Control: no-cache
Content-Type: application/json; charset=utf-8
host: localhost:41978
accept: */*

Response DefaultHttpResponse(decodeResult: success, version: HTTP/1.1)
HTTP/1.1 404 Not Found
Content-Length: 836
Content-Type: application/json; charset=utf-8
cache-control: no-cache

16:11:45.911 [AsyncHttpClient-1-20] DEBUG org.asynchttpclient.netty.channel.ChannelManager - Adding key: http://localhost:41978 for channel [id: 0xad400b3c, L:/127.0.0.1:51175 - R:localhost/127.0.0.1:41978]
16:11:45.913 [Forwarding getCurrentUrl on session c1c7b132ff5b1e6910cc6424084181b6 to remote] DEBUG org.asynchttpclient.netty.request.NettyRequestSender - Using pooled Channel '[id: 0xad400b3c, L:/127.0.0.1:51175 - R:localhost/127.0.0.1:41978]' for 'GET' to 'http://localhost:41978/session/c1c7b132ff5b1e6910cc6424084181b6/url'
16:11:45.913 [Forwarding getCurrentUrl on session c1c7b132ff5b1e6910cc6424084181b6 to remote] DEBUG org.asynchttpclient.netty.request.NettyRequestSender - Using open Channel [id: 0xad400b3c, L:/127.0.0.1:51175 - R:localhost/127.0.0.1:41978] for GET '/session/c1c7b132ff5b1e6910cc6424084181b6/url'
16:11:45.926 [AsyncHttpClient-1-20] DEBUG org.asynchttpclient.netty.handler.HttpHandler - 

Request DefaultFullHttpRequest(decodeResult: success, version: HTTP/1.1, content: EmptyByteBufBE)
GET /session/c1c7b132ff5b1e6910cc6424084181b6/url HTTP/1.1
User-Agent: selenium/4.8.1 (java windows)
Cache-Control: no-cache
Content-Type: application/json; charset=utf-8
host: localhost:41978
accept: */*

Response DefaultHttpResponse(decodeResult: success, version: HTTP/1.1)
HTTP/1.1 200 OK
Content-Length: 51
Content-Type: application/json; charset=utf-8
cache-control: no-cache

16:11:45.927 [AsyncHttpClient-1-20] DEBUG org.asynchttpclient.netty.channel.ChannelManager - Adding key: http://localhost:41978 for channel [id: 0xad400b3c, L:/127.0.0.1:51175 - R:localhost/127.0.0.1:41978]
16:11:45.927 [Forwarding screenshot on session c1c7b132ff5b1e6910cc6424084181b6 to remote] DEBUG org.asynchttpclient.netty.request.NettyRequestSender - Using pooled Channel '[id: 0xad400b3c, L:/127.0.0.1:51175 - R:localhost/127.0.0.1:41978]' for 'GET' to 'http://localhost:41978/session/c1c7b132ff5b1e6910cc6424084181b6/screenshot'
16:11:45.928 [Forwarding screenshot on session c1c7b132ff5b1e6910cc6424084181b6 to remote] DEBUG org.asynchttpclient.netty.request.NettyRequestSender - Using open Channel [id: 0xad400b3c, L:/127.0.0.1:51175 - R:localhost/127.0.0.1:41978] for GET '/session/c1c7b132ff5b1e6910cc6424084181b6/screenshot'
16:11:46.036 [AsyncHttpClient-1-20] DEBUG org.asynchttpclient.netty.handler.HttpHandler - 

Request DefaultFullHttpRequest(decodeResult: success, version: HTTP/1.1, content: EmptyByteBufBE)
GET /session/c1c7b132ff5b1e6910cc6424084181b6/screenshot HTTP/1.1
User-Agent: selenium/4.8.1 (java windows)
Cache-Control: no-cache
Content-Type: application/json; charset=utf-8
host: localhost:41978
accept: */*

Response DefaultHttpResponse(decodeResult: success, version: HTTP/1.1)
HTTP/1.1 200 OK
Content-Length: 30048
Content-Type: application/json; charset=utf-8
cache-control: no-cache

16:11:46.037 [AsyncHttpClient-1-20] DEBUG org.asynchttpclient.netty.channel.ChannelManager - Adding key: http://localhost:41978 for channel [id: 0xad400b3c, L:/127.0.0.1:51175 - R:localhost/127.0.0.1:41978]
16:11:46.038 [main] DEBUG net.serenitybdd.core.photography.Darkroom - Send negative for processing for target\site\serenity\958519006d7d5d9b76c5e070caec4be9c5ba1f9cbacc376ca88dfa93ba5fd0bc.png
16:11:46.038 [Darkroom Processing Line] DEBUG net.serenitybdd.core.photography.DarkroomProcessingLine - Processing screenshot image in /var/screenshots/screenshot-8518627865863332195
16:11:46.038 [Darkroom Processing Line] DEBUG net.serenitybdd.core.photography.DarkroomProcessingLine - Saving screenshot to target\site\serenity\958519006d7d5d9b76c5e070caec4be9c5ba1f9cbacc376ca88dfa93ba5fd0bc.png
16:11:46.039 [Forwarding getPageSource on session c1c7b132ff5b1e6910cc6424084181b6 to remote] DEBUG org.asynchttpclient.netty.request.NettyRequestSender - Using pooled Channel '[id: 0xad400b3c, L:/127.0.0.1:51175 - R:localhost/127.0.0.1:41978]' for 'POST' to 'http://localhost:41978/session/c1c7b132ff5b1e6910cc6424084181b6/execute/sync'
16:11:46.039 [Forwarding getPageSource on session c1c7b132ff5b1e6910cc6424084181b6 to remote] DEBUG org.asynchttpclient.netty.request.NettyRequestSender - Using open Channel [id: 0xad400b3c, L:/127.0.0.1:51175 - R:localhost/127.0.0.1:41978] for POST '/session/c1c7b132ff5b1e6910cc6424084181b6/execute/sync'
16:11:46.045 [AsyncHttpClient-1-20] DEBUG org.asynchttpclient.netty.handler.HttpHandler - 

Request DefaultHttpRequest(decodeResult: success, version: HTTP/1.1)
POST /session/c1c7b132ff5b1e6910cc6424084181b6/execute/sync HTTP/1.1
User-Agent: selenium/4.8.1 (java windows)
Content-Length: 176
Content-Type: application/json; charset=utf-8
host: localhost:41978
accept: */*

Response DefaultHttpResponse(decodeResult: success, version: HTTP/1.1)
HTTP/1.1 200 OK
Content-Length: 21780
Content-Type: application/json; charset=utf-8
cache-control: no-cache

16:11:46.045 [AsyncHttpClient-1-20] DEBUG org.asynchttpclient.netty.channel.ChannelManager - Adding key: http://localhost:41978 for channel [id: 0xad400b3c, L:/127.0.0.1:51175 - R:localhost/127.0.0.1:41978]
16:11:46.047 [Forwarding getCurrentUrl on session c1c7b132ff5b1e6910cc6424084181b6 to remote] DEBUG org.asynchttpclient.netty.request.NettyRequestSender - Using pooled Channel '[id: 0xad400b3c, L:/127.0.0.1:51175 - R:localhost/127.0.0.1:41978]' for 'GET' to 'http://localhost:41978/session/c1c7b132ff5b1e6910cc6424084181b6/url'
16:11:46.047 [Forwarding getCurrentUrl on session c1c7b132ff5b1e6910cc6424084181b6 to remote] DEBUG org.asynchttpclient.netty.request.NettyRequestSender - Using open Channel [id: 0xad400b3c, L:/127.0.0.1:51175 - R:localhost/127.0.0.1:41978] for GET '/session/c1c7b132ff5b1e6910cc6424084181b6/url'
16:11:46.050 [AsyncHttpClient-1-20] DEBUG org.asynchttpclient.netty.handler.HttpHandler - 

Request DefaultFullHttpRequest(decodeResult: success, version: HTTP/1.1, content: EmptyByteBufBE)
GET /session/c1c7b132ff5b1e6910cc6424084181b6/url HTTP/1.1
User-Agent: selenium/4.8.1 (java windows)
Cache-Control: no-cache
Content-Type: application/json; charset=utf-8
host: localhost:41978
accept: */*

Response DefaultHttpResponse(decodeResult: success, version: HTTP/1.1)
HTTP/1.1 200 OK
Content-Length: 51
Content-Type: application/json; charset=utf-8
cache-control: no-cache

16:11:46.050 [AsyncHttpClient-1-20] DEBUG org.asynchttpclient.netty.channel.ChannelManager - Adding key: http://localhost:41978 for channel [id: 0xad400b3c, L:/127.0.0.1:51175 - R:localhost/127.0.0.1:41978]
16:11:46.052 [main] DEBUG net.thucydides.core.steps.StepInterceptor - STARTING STEP: LoginSteps.inputIncorrectPassword - inputPassword
16:11:46.054 [Forwarding findElement on session c1c7b132ff5b1e6910cc6424084181b6 to remote] DEBUG org.asynchttpclient.netty.request.NettyRequestSender - Using pooled Channel '[id: 0xad400b3c, L:/127.0.0.1:51175 - R:localhost/127.0.0.1:41978]' for 'POST' to 'http://localhost:41978/session/c1c7b132ff5b1e6910cc6424084181b6/element'
16:11:46.054 [Forwarding findElement on session c1c7b132ff5b1e6910cc6424084181b6 to remote] DEBUG org.asynchttpclient.netty.request.NettyRequestSender - Using open Channel [id: 0xad400b3c, L:/127.0.0.1:51175 - R:localhost/127.0.0.1:41978] for POST '/session/c1c7b132ff5b1e6910cc6424084181b6/element'
16:11:46.062 [AsyncHttpClient-1-20] DEBUG org.asynchttpclient.netty.handler.HttpHandler - 

Request DefaultHttpRequest(decodeResult: success, version: HTTP/1.1)
POST /session/c1c7b132ff5b1e6910cc6424084181b6/element HTTP/1.1
User-Agent: selenium/4.8.1 (java windows)
Content-Length: 55
Content-Type: application/json; charset=utf-8
host: localhost:41978
accept: */*

Response DefaultHttpResponse(decodeResult: success, version: HTTP/1.1)
HTTP/1.1 200 OK
Content-Length: 88
Content-Type: application/json; charset=utf-8
cache-control: no-cache

16:11:46.063 [AsyncHttpClient-1-20] DEBUG org.asynchttpclient.netty.channel.ChannelManager - Adding key: http://localhost:41978 for channel [id: 0xad400b3c, L:/127.0.0.1:51175 - R:localhost/127.0.0.1:41978]
16:11:46.063 [Forwarding clearElement on session c1c7b132ff5b1e6910cc6424084181b6 to remote] DEBUG org.asynchttpclient.netty.request.NettyRequestSender - Using pooled Channel '[id: 0xad400b3c, L:/127.0.0.1:51175 - R:localhost/127.0.0.1:41978]' for 'POST' to 'http://localhost:41978/session/c1c7b132ff5b1e6910cc6424084181b6/element/a8a81cfc-179c-4fc1-b30c-600fc3953c4c/clear'
16:11:46.063 [Forwarding clearElement on session c1c7b132ff5b1e6910cc6424084181b6 to remote] DEBUG org.asynchttpclient.netty.request.NettyRequestSender - Using open Channel [id: 0xad400b3c, L:/127.0.0.1:51175 - R:localhost/127.0.0.1:41978] for POST '/session/c1c7b132ff5b1e6910cc6424084181b6/element/a8a81cfc-179c-4fc1-b30c-600fc3953c4c/clear'
16:11:46.085 [AsyncHttpClient-1-20] DEBUG org.asynchttpclient.netty.handler.HttpHandler - 

Request DefaultHttpRequest(decodeResult: success, version: HTTP/1.1)
POST /session/c1c7b132ff5b1e6910cc6424084181b6/element/a8a81cfc-179c-4fc1-b30c-600fc3953c4c/clear HTTP/1.1
User-Agent: selenium/4.8.1 (java windows)
Content-Length: 50
Content-Type: application/json; charset=utf-8
host: localhost:41978
accept: */*

Response DefaultHttpResponse(decodeResult: success, version: HTTP/1.1)
HTTP/1.1 200 OK
Content-Length: 14
Content-Type: application/json; charset=utf-8
cache-control: no-cache

16:11:46.086 [AsyncHttpClient-1-20] DEBUG org.asynchttpclient.netty.channel.ChannelManager - Adding key: http://localhost:41978 for channel [id: 0xad400b3c, L:/127.0.0.1:51175 - R:localhost/127.0.0.1:41978]
16:11:46.087 [Forwarding sendKeysToElement on session c1c7b132ff5b1e6910cc6424084181b6 to remote] DEBUG org.asynchttpclient.netty.request.NettyRequestSender - Using pooled Channel '[id: 0xad400b3c, L:/127.0.0.1:51175 - R:localhost/127.0.0.1:41978]' for 'POST' to 'http://localhost:41978/session/c1c7b132ff5b1e6910cc6424084181b6/element/a8a81cfc-179c-4fc1-b30c-600fc3953c4c/value'
16:11:46.087 [Forwarding sendKeysToElement on session c1c7b132ff5b1e6910cc6424084181b6 to remote] DEBUG org.asynchttpclient.netty.request.NettyRequestSender - Using open Channel [id: 0xad400b3c, L:/127.0.0.1:51175 - R:localhost/127.0.0.1:41978] for POST '/session/c1c7b132ff5b1e6910cc6424084181b6/element/a8a81cfc-179c-4fc1-b30c-600fc3953c4c/value'
16:11:46.142 [AsyncHttpClient-1-20] DEBUG org.asynchttpclient.netty.handler.HttpHandler - 

Request DefaultHttpRequest(decodeResult: success, version: HTTP/1.1)
POST /session/c1c7b132ff5b1e6910cc6424084181b6/element/a8a81cfc-179c-4fc1-b30c-600fc3953c4c/value HTTP/1.1
User-Agent: selenium/4.8.1 (java windows)
Content-Length: 141
Content-Type: application/json; charset=utf-8
host: localhost:41978
accept: */*

Response DefaultHttpResponse(decodeResult: success, version: HTTP/1.1)
HTTP/1.1 200 OK
Content-Length: 14
Content-Type: application/json; charset=utf-8
cache-control: no-cache

16:11:46.142 [AsyncHttpClient-1-20] DEBUG org.asynchttpclient.netty.channel.ChannelManager - Adding key: http://localhost:41978 for channel [id: 0xad400b3c, L:/127.0.0.1:51175 - R:localhost/127.0.0.1:41978]
16:11:46.147 [Forwarding getAlertText on session c1c7b132ff5b1e6910cc6424084181b6 to remote] DEBUG org.asynchttpclient.netty.request.NettyRequestSender - Using pooled Channel '[id: 0xad400b3c, L:/127.0.0.1:51175 - R:localhost/127.0.0.1:41978]' for 'GET' to 'http://localhost:41978/session/c1c7b132ff5b1e6910cc6424084181b6/alert/text'
16:11:46.147 [Forwarding getAlertText on session c1c7b132ff5b1e6910cc6424084181b6 to remote] DEBUG org.asynchttpclient.netty.request.NettyRequestSender - Using open Channel [id: 0xad400b3c, L:/127.0.0.1:51175 - R:localhost/127.0.0.1:41978] for GET '/session/c1c7b132ff5b1e6910cc6424084181b6/alert/text'
16:11:46.149 [AsyncHttpClient-1-20] DEBUG org.asynchttpclient.netty.handler.HttpHandler - 

Request DefaultFullHttpRequest(decodeResult: success, version: HTTP/1.1, content: EmptyByteBufBE)
GET /session/c1c7b132ff5b1e6910cc6424084181b6/alert/text HTTP/1.1
User-Agent: selenium/4.8.1 (java windows)
Cache-Control: no-cache
Content-Type: application/json; charset=utf-8
host: localhost:41978
accept: */*

Response DefaultHttpResponse(decodeResult: success, version: HTTP/1.1)
HTTP/1.1 404 Not Found
Content-Length: 836
Content-Type: application/json; charset=utf-8
cache-control: no-cache

16:11:46.149 [AsyncHttpClient-1-20] DEBUG org.asynchttpclient.netty.channel.ChannelManager - Adding key: http://localhost:41978 for channel [id: 0xad400b3c, L:/127.0.0.1:51175 - R:localhost/127.0.0.1:41978]
16:11:46.151 [Forwarding getCurrentUrl on session c1c7b132ff5b1e6910cc6424084181b6 to remote] DEBUG org.asynchttpclient.netty.request.NettyRequestSender - Using pooled Channel '[id: 0xad400b3c, L:/127.0.0.1:51175 - R:localhost/127.0.0.1:41978]' for 'GET' to 'http://localhost:41978/session/c1c7b132ff5b1e6910cc6424084181b6/url'
16:11:46.151 [Forwarding getCurrentUrl on session c1c7b132ff5b1e6910cc6424084181b6 to remote] DEBUG org.asynchttpclient.netty.request.NettyRequestSender - Using open Channel [id: 0xad400b3c, L:/127.0.0.1:51175 - R:localhost/127.0.0.1:41978] for GET '/session/c1c7b132ff5b1e6910cc6424084181b6/url'
16:11:46.155 [AsyncHttpClient-1-20] DEBUG org.asynchttpclient.netty.handler.HttpHandler - 

Request DefaultFullHttpRequest(decodeResult: success, version: HTTP/1.1, content: EmptyByteBufBE)
GET /session/c1c7b132ff5b1e6910cc6424084181b6/url HTTP/1.1
User-Agent: selenium/4.8.1 (java windows)
Cache-Control: no-cache
Content-Type: application/json; charset=utf-8
host: localhost:41978
accept: */*

Response DefaultHttpResponse(decodeResult: success, version: HTTP/1.1)
HTTP/1.1 200 OK
Content-Length: 51
Content-Type: application/json; charset=utf-8
cache-control: no-cache

16:11:46.155 [AsyncHttpClient-1-20] DEBUG org.asynchttpclient.netty.channel.ChannelManager - Adding key: http://localhost:41978 for channel [id: 0xad400b3c, L:/127.0.0.1:51175 - R:localhost/127.0.0.1:41978]
16:11:46.156 [Forwarding screenshot on session c1c7b132ff5b1e6910cc6424084181b6 to remote] DEBUG org.asynchttpclient.netty.request.NettyRequestSender - Using pooled Channel '[id: 0xad400b3c, L:/127.0.0.1:51175 - R:localhost/127.0.0.1:41978]' for 'GET' to 'http://localhost:41978/session/c1c7b132ff5b1e6910cc6424084181b6/screenshot'
16:11:46.156 [Forwarding screenshot on session c1c7b132ff5b1e6910cc6424084181b6 to remote] DEBUG org.asynchttpclient.netty.request.NettyRequestSender - Using open Channel [id: 0xad400b3c, L:/127.0.0.1:51175 - R:localhost/127.0.0.1:41978] for GET '/session/c1c7b132ff5b1e6910cc6424084181b6/screenshot'
16:11:46.164 [AsyncHttpClient-1-1] DEBUG org.asynchttpclient.netty.channel.DefaultChannelPool - Entry count for : http://localhost:51178 : 1
16:11:46.237 [AsyncHttpClient-1-20] DEBUG org.asynchttpclient.netty.handler.HttpHandler - 

Request DefaultFullHttpRequest(decodeResult: success, version: HTTP/1.1, content: EmptyByteBufBE)
GET /session/c1c7b132ff5b1e6910cc6424084181b6/screenshot HTTP/1.1
User-Agent: selenium/4.8.1 (java windows)
Cache-Control: no-cache
Content-Type: application/json; charset=utf-8
host: localhost:41978
accept: */*

Response DefaultHttpResponse(decodeResult: success, version: HTTP/1.1)
HTTP/1.1 200 OK
Content-Length: 30252
Content-Type: application/json; charset=utf-8
cache-control: no-cache

16:11:46.237 [AsyncHttpClient-1-20] DEBUG org.asynchttpclient.netty.channel.ChannelManager - Adding key: http://localhost:41978 for channel [id: 0xad400b3c, L:/127.0.0.1:51175 - R:localhost/127.0.0.1:41978]
16:11:46.238 [main] DEBUG net.serenitybdd.core.photography.Darkroom - Send negative for processing for target\site\serenity\557ec1ab515e15402953ef55c759f1565795e85aab4e69799a8e18996c8e2df5.png
16:11:46.238 [main] DEBUG net.thucydides.core.steps.StepInterceptor - STEP DONE: inputPassword
  &amp#27;[32mAnd &amp#27;[0m&amp#27;[32mI enter incorrect password&amp#27;[0m         &amp#27;[90m# starter.stepdefinitions.LoginSteps.inputIncorrectPassword()&amp#27;[0m
16:11:46.238 [Darkroom Processing Line] DEBUG net.serenitybdd.core.photography.DarkroomProcessingLine - Processing screenshot image in /var/screenshots/screenshot-5972171990096293172
16:11:46.238 [Darkroom Processing Line] DEBUG net.serenitybdd.core.photography.DarkroomProcessingLine - Saving screenshot to target\site\serenity\557ec1ab515e15402953ef55c759f1565795e85aab4e69799a8e18996c8e2df5.png
16:11:46.244 [Forwarding getPageSource on session c1c7b132ff5b1e6910cc6424084181b6 to remote] DEBUG org.asynchttpclient.netty.request.NettyRequestSender - Using pooled Channel '[id: 0xad400b3c, L:/127.0.0.1:51175 - R:localhost/127.0.0.1:41978]' for 'POST' to 'http://localhost:41978/session/c1c7b132ff5b1e6910cc6424084181b6/execute/sync'
16:11:46.244 [Forwarding getPageSource on session c1c7b132ff5b1e6910cc6424084181b6 to remote] DEBUG org.asynchttpclient.netty.request.NettyRequestSender - Using open Channel [id: 0xad400b3c, L:/127.0.0.1:51175 - R:localhost/127.0.0.1:41978] for POST '/session/c1c7b132ff5b1e6910cc6424084181b6/execute/sync'
16:11:46.247 [AsyncHttpClient-1-20] DEBUG org.asynchttpclient.netty.handler.HttpHandler - 

Request DefaultHttpRequest(decodeResult: success, version: HTTP/1.1)
POST /session/c1c7b132ff5b1e6910cc6424084181b6/execute/sync HTTP/1.1
User-Agent: selenium/4.8.1 (java windows)
Content-Length: 176
Content-Type: application/json; charset=utf-8
host: localhost:41978
accept: */*

Response DefaultHttpResponse(decodeResult: success, version: HTTP/1.1)
HTTP/1.1 200 OK
Content-Length: 21839
Content-Type: application/json; charset=utf-8
cache-control: no-cache

16:11:46.247 [AsyncHttpClient-1-20] DEBUG org.asynchttpclient.netty.channel.ChannelManager - Adding key: http://localhost:41978 for channel [id: 0xad400b3c, L:/127.0.0.1:51175 - R:localhost/127.0.0.1:41978]
16:11:46.249 [Forwarding getCurrentUrl on session c1c7b132ff5b1e6910cc6424084181b6 to remote] DEBUG org.asynchttpclient.netty.request.NettyRequestSender - Using pooled Channel '[id: 0xad400b3c, L:/127.0.0.1:51175 - R:localhost/127.0.0.1:41978]' for 'GET' to 'http://localhost:41978/session/c1c7b132ff5b1e6910cc6424084181b6/url'
16:11:46.249 [Forwarding getCurrentUrl on session c1c7b132ff5b1e6910cc6424084181b6 to remote] DEBUG org.asynchttpclient.netty.request.NettyRequestSender - Using open Channel [id: 0xad400b3c, L:/127.0.0.1:51175 - R:localhost/127.0.0.1:41978] for GET '/session/c1c7b132ff5b1e6910cc6424084181b6/url'
16:11:46.251 [AsyncHttpClient-1-20] DEBUG org.asynchttpclient.netty.handler.HttpHandler - 

Request DefaultFullHttpRequest(decodeResult: success, version: HTTP/1.1, content: EmptyByteBufBE)
GET /session/c1c7b132ff5b1e6910cc6424084181b6/url HTTP/1.1
User-Agent: selenium/4.8.1 (java windows)
Cache-Control: no-cache
Content-Type: application/json; charset=utf-8
host: localhost:41978
accept: */*

Response DefaultHttpResponse(decodeResult: success, version: HTTP/1.1)
HTTP/1.1 200 OK
Content-Length: 51
Content-Type: application/json; charset=utf-8
cache-control: no-cache

16:11:46.251 [AsyncHttpClient-1-20] DEBUG org.asynchttpclient.netty.channel.ChannelManager - Adding key: http://localhost:41978 for channel [id: 0xad400b3c, L:/127.0.0.1:51175 - R:localhost/127.0.0.1:41978]
16:11:46.257 [Forwarding getPageSource on session c1c7b132ff5b1e6910cc6424084181b6 to remote] DEBUG org.asynchttpclient.netty.request.NettyRequestSender - Using pooled Channel '[id: 0xad400b3c, L:/127.0.0.1:51175 - R:localhost/127.0.0.1:41978]' for 'POST' to 'http://localhost:41978/session/c1c7b132ff5b1e6910cc6424084181b6/execute/sync'
16:11:46.257 [Forwarding getPageSource on session c1c7b132ff5b1e6910cc6424084181b6 to remote] DEBUG org.asynchttpclient.netty.request.NettyRequestSender - Using open Channel [id: 0xad400b3c, L:/127.0.0.1:51175 - R:localhost/127.0.0.1:41978] for POST '/session/c1c7b132ff5b1e6910cc6424084181b6/execute/sync'
16:11:46.261 [AsyncHttpClient-1-20] DEBUG org.asynchttpclient.netty.handler.HttpHandler - 

Request DefaultHttpRequest(decodeResult: success, version: HTTP/1.1)
POST /session/c1c7b132ff5b1e6910cc6424084181b6/execute/sync HTTP/1.1
User-Agent: selenium/4.8.1 (java windows)
Content-Length: 176
Content-Type: application/json; charset=utf-8
host: localhost:41978
accept: */*

Response DefaultHttpResponse(decodeResult: success, version: HTTP/1.1)
HTTP/1.1 200 OK
Content-Length: 21839
Content-Type: application/json; charset=utf-8
cache-control: no-cache

16:11:46.261 [AsyncHttpClient-1-20] DEBUG org.asynchttpclient.netty.channel.ChannelManager - Adding key: http://localhost:41978 for channel [id: 0xad400b3c, L:/127.0.0.1:51175 - R:localhost/127.0.0.1:41978]
16:11:46.262 [Forwarding getCurrentUrl on session c1c7b132ff5b1e6910cc6424084181b6 to remote] DEBUG org.asynchttpclient.netty.request.NettyRequestSender - Using pooled Channel '[id: 0xad400b3c, L:/127.0.0.1:51175 - R:localhost/127.0.0.1:41978]' for 'GET' to 'http://localhost:41978/session/c1c7b132ff5b1e6910cc6424084181b6/url'
16:11:46.263 [Forwarding getCurrentUrl on session c1c7b132ff5b1e6910cc6424084181b6 to remote] DEBUG org.asynchttpclient.netty.request.NettyRequestSender - Using open Channel [id: 0xad400b3c, L:/127.0.0.1:51175 - R:localhost/127.0.0.1:41978] for GET '/session/c1c7b132ff5b1e6910cc6424084181b6/url'
16:11:46.264 [AsyncHttpClient-1-20] DEBUG org.asynchttpclient.netty.handler.HttpHandler - 

Request DefaultFullHttpRequest(decodeResult: success, version: HTTP/1.1, content: EmptyByteBufBE)
GET /session/c1c7b132ff5b1e6910cc6424084181b6/url HTTP/1.1
User-Agent: selenium/4.8.1 (java windows)
Cache-Control: no-cache
Content-Type: application/json; charset=utf-8
host: localhost:41978
accept: */*

Response DefaultHttpResponse(decodeResult: success, version: HTTP/1.1)
HTTP/1.1 200 OK
Content-Length: 51
Content-Type: application/json; charset=utf-8
cache-control: no-cache

16:11:46.265 [AsyncHttpClient-1-20] DEBUG org.asynchttpclient.netty.channel.ChannelManager - Adding key: http://localhost:41978 for channel [id: 0xad400b3c, L:/127.0.0.1:51175 - R:localhost/127.0.0.1:41978]
16:11:46.266 [main] DEBUG net.thucydides.core.steps.StepInterceptor - STARTING STEP: LoginSteps.clickLoginButton - clickLoginButton
16:11:46.268 [Forwarding findElement on session c1c7b132ff5b1e6910cc6424084181b6 to remote] DEBUG org.asynchttpclient.netty.request.NettyRequestSender - Using pooled Channel '[id: 0xad400b3c, L:/127.0.0.1:51175 - R:localhost/127.0.0.1:41978]' for 'POST' to 'http://localhost:41978/session/c1c7b132ff5b1e6910cc6424084181b6/element'
16:11:46.268 [Forwarding findElement on session c1c7b132ff5b1e6910cc6424084181b6 to remote] DEBUG org.asynchttpclient.netty.request.NettyRequestSender - Using open Channel [id: 0xad400b3c, L:/127.0.0.1:51175 - R:localhost/127.0.0.1:41978] for POST '/session/c1c7b132ff5b1e6910cc6424084181b6/element'
16:11:46.277 [AsyncHttpClient-1-20] DEBUG org.asynchttpclient.netty.handler.HttpHandler - 

Request DefaultHttpRequest(decodeResult: success, version: HTTP/1.1)
POST /session/c1c7b132ff5b1e6910cc6424084181b6/element HTTP/1.1
User-Agent: selenium/4.8.1 (java windows)
Content-Length: 71
Content-Type: application/json; charset=utf-8
host: localhost:41978
accept: */*

Response DefaultHttpResponse(decodeResult: success, version: HTTP/1.1)
HTTP/1.1 200 OK
Content-Length: 88
Content-Type: application/json; charset=utf-8
cache-control: no-cache

16:11:46.277 [AsyncHttpClient-1-20] DEBUG org.asynchttpclient.netty.channel.ChannelManager - Adding key: http://localhost:41978 for channel [id: 0xad400b3c, L:/127.0.0.1:51175 - R:localhost/127.0.0.1:41978]
16:11:46.278 [Forwarding getElementTagName on session c1c7b132ff5b1e6910cc6424084181b6 to remote] DEBUG org.asynchttpclient.netty.request.NettyRequestSender - Using pooled Channel '[id: 0xad400b3c, L:/127.0.0.1:51175 - R:localhost/127.0.0.1:41978]' for 'GET' to 'http://localhost:41978/session/c1c7b132ff5b1e6910cc6424084181b6/element/371d458c-2c98-4270-95cd-140b56dcfa9b/name'
16:11:46.278 [Forwarding getElementTagName on session c1c7b132ff5b1e6910cc6424084181b6 to remote] DEBUG org.asynchttpclient.netty.request.NettyRequestSender - Using open Channel [id: 0xad400b3c, L:/127.0.0.1:51175 - R:localhost/127.0.0.1:41978] for GET '/session/c1c7b132ff5b1e6910cc6424084181b6/element/371d458c-2c98-4270-95cd-140b56dcfa9b/name'
16:11:46.281 [AsyncHttpClient-1-20] DEBUG org.asynchttpclient.netty.handler.HttpHandler - 

Request DefaultFullHttpRequest(decodeResult: success, version: HTTP/1.1, content: EmptyByteBufBE)
GET /session/c1c7b132ff5b1e6910cc6424084181b6/element/371d458c-2c98-4270-95cd-140b56dcfa9b/name HTTP/1.1
User-Agent: selenium/4.8.1 (java windows)
Cache-Control: no-cache
Content-Type: application/json; charset=utf-8
host: localhost:41978
accept: */*

Response DefaultHttpResponse(decodeResult: success, version: HTTP/1.1)
HTTP/1.1 200 OK
Content-Length: 18
Content-Type: application/json; charset=utf-8
cache-control: no-cache

16:11:46.281 [AsyncHttpClient-1-20] DEBUG org.asynchttpclient.netty.channel.ChannelManager - Adding key: http://localhost:41978 for channel [id: 0xad400b3c, L:/127.0.0.1:51175 - R:localhost/127.0.0.1:41978]
16:11:46.282 [Forwarding getElementTagName on session c1c7b132ff5b1e6910cc6424084181b6 to remote] DEBUG org.asynchttpclient.netty.request.NettyRequestSender - Using pooled Channel '[id: 0xad400b3c, L:/127.0.0.1:51175 - R:localhost/127.0.0.1:41978]' for 'GET' to 'http://localhost:41978/session/c1c7b132ff5b1e6910cc6424084181b6/element/371d458c-2c98-4270-95cd-140b56dcfa9b/name'
16:11:46.282 [Forwarding getElementTagName on session c1c7b132ff5b1e6910cc6424084181b6 to remote] DEBUG org.asynchttpclient.netty.request.NettyRequestSender - Using open Channel [id: 0xad400b3c, L:/127.0.0.1:51175 - R:localhost/127.0.0.1:41978] for GET '/session/c1c7b132ff5b1e6910cc6424084181b6/element/371d458c-2c98-4270-95cd-140b56dcfa9b/name'
16:11:46.285 [AsyncHttpClient-1-20] DEBUG org.asynchttpclient.netty.handler.HttpHandler - 

Request DefaultFullHttpRequest(decodeResult: success, version: HTTP/1.1, content: EmptyByteBufBE)
GET /session/c1c7b132ff5b1e6910cc6424084181b6/element/371d458c-2c98-4270-95cd-140b56dcfa9b/name HTTP/1.1
User-Agent: selenium/4.8.1 (java windows)
Cache-Control: no-cache
Content-Type: application/json; charset=utf-8
host: localhost:41978
accept: */*

Response DefaultHttpResponse(decodeResult: success, version: HTTP/1.1)
HTTP/1.1 200 OK
Content-Length: 18
Content-Type: application/json; charset=utf-8
cache-control: no-cache

16:11:46.285 [AsyncHttpClient-1-20] DEBUG org.asynchttpclient.netty.channel.ChannelManager - Adding key: http://localhost:41978 for channel [id: 0xad400b3c, L:/127.0.0.1:51175 - R:localhost/127.0.0.1:41978]
16:11:46.286 [Forwarding isElementEnabled on session c1c7b132ff5b1e6910cc6424084181b6 to remote] DEBUG org.asynchttpclient.netty.request.NettyRequestSender - Using pooled Channel '[id: 0xad400b3c, L:/127.0.0.1:51175 - R:localhost/127.0.0.1:41978]' for 'GET' to 'http://localhost:41978/session/c1c7b132ff5b1e6910cc6424084181b6/element/371d458c-2c98-4270-95cd-140b56dcfa9b/enabled'
16:11:46.286 [Forwarding isElementEnabled on session c1c7b132ff5b1e6910cc6424084181b6 to remote] DEBUG org.asynchttpclient.netty.request.NettyRequestSender - Using open Channel [id: 0xad400b3c, L:/127.0.0.1:51175 - R:localhost/127.0.0.1:41978] for GET '/session/c1c7b132ff5b1e6910cc6424084181b6/element/371d458c-2c98-4270-95cd-140b56dcfa9b/enabled'
16:11:46.292 [AsyncHttpClient-1-20] DEBUG org.asynchttpclient.netty.handler.HttpHandler - 

Request DefaultFullHttpRequest(decodeResult: success, version: HTTP/1.1, content: EmptyByteBufBE)
GET /session/c1c7b132ff5b1e6910cc6424084181b6/element/371d458c-2c98-4270-95cd-140b56dcfa9b/enabled HTTP/1.1
User-Agent: selenium/4.8.1 (java windows)
Cache-Control: no-cache
Content-Type: application/json; charset=utf-8
host: localhost:41978
accept: */*

Response DefaultHttpResponse(decodeResult: success, version: HTTP/1.1)
HTTP/1.1 200 OK
Content-Length: 14
Content-Type: application/json; charset=utf-8
cache-control: no-cache

16:11:46.292 [AsyncHttpClient-1-20] DEBUG org.asynchttpclient.netty.channel.ChannelManager - Adding key: http://localhost:41978 for channel [id: 0xad400b3c, L:/127.0.0.1:51175 - R:localhost/127.0.0.1:41978]
16:11:46.293 [Forwarding isElementEnabled on session c1c7b132ff5b1e6910cc6424084181b6 to remote] DEBUG org.asynchttpclient.netty.request.NettyRequestSender - Using pooled Channel '[id: 0xad400b3c, L:/127.0.0.1:51175 - R:localhost/127.0.0.1:41978]' for 'GET' to 'http://localhost:41978/session/c1c7b132ff5b1e6910cc6424084181b6/element/371d458c-2c98-4270-95cd-140b56dcfa9b/enabled'
16:11:46.293 [Forwarding isElementEnabled on session c1c7b132ff5b1e6910cc6424084181b6 to remote] DEBUG org.asynchttpclient.netty.request.NettyRequestSender - Using open Channel [id: 0xad400b3c, L:/127.0.0.1:51175 - R:localhost/127.0.0.1:41978] for GET '/session/c1c7b132ff5b1e6910cc6424084181b6/element/371d458c-2c98-4270-95cd-140b56dcfa9b/enabled'
16:11:46.296 [AsyncHttpClient-1-20] DEBUG org.asynchttpclient.netty.handler.HttpHandler - 

Request DefaultFullHttpRequest(decodeResult: success, version: HTTP/1.1, content: EmptyByteBufBE)
GET /session/c1c7b132ff5b1e6910cc6424084181b6/element/371d458c-2c98-4270-95cd-140b56dcfa9b/enabled HTTP/1.1
User-Agent: selenium/4.8.1 (java windows)
Cache-Control: no-cache
Content-Type: application/json; charset=utf-8
host: localhost:41978
accept: */*

Response DefaultHttpResponse(decodeResult: success, version: HTTP/1.1)
HTTP/1.1 200 OK
Content-Length: 14
Content-Type: application/json; charset=utf-8
cache-control: no-cache

16:11:46.296 [AsyncHttpClient-1-20] DEBUG org.asynchttpclient.netty.channel.ChannelManager - Adding key: http://localhost:41978 for channel [id: 0xad400b3c, L:/127.0.0.1:51175 - R:localhost/127.0.0.1:41978]
16:11:46.298 [Forwarding findElement on session c1c7b132ff5b1e6910cc6424084181b6 to remote] DEBUG org.asynchttpclient.netty.request.NettyRequestSender - Using pooled Channel '[id: 0xad400b3c, L:/127.0.0.1:51175 - R:localhost/127.0.0.1:41978]' for 'POST' to 'http://localhost:41978/session/c1c7b132ff5b1e6910cc6424084181b6/element'
16:11:46.298 [Forwarding findElement on session c1c7b132ff5b1e6910cc6424084181b6 to remote] DEBUG org.asynchttpclient.netty.request.NettyRequestSender - Using open Channel [id: 0xad400b3c, L:/127.0.0.1:51175 - R:localhost/127.0.0.1:41978] for POST '/session/c1c7b132ff5b1e6910cc6424084181b6/element'
16:11:46.302 [AsyncHttpClient-1-20] DEBUG org.asynchttpclient.netty.handler.HttpHandler - 

Request DefaultHttpRequest(decodeResult: success, version: HTTP/1.1)
POST /session/c1c7b132ff5b1e6910cc6424084181b6/element HTTP/1.1
User-Agent: selenium/4.8.1 (java windows)
Content-Length: 71
Content-Type: application/json; charset=utf-8
host: localhost:41978
accept: */*

Response DefaultHttpResponse(decodeResult: success, version: HTTP/1.1)
HTTP/1.1 200 OK
Content-Length: 88
Content-Type: application/json; charset=utf-8
cache-control: no-cache

16:11:46.302 [AsyncHttpClient-1-20] DEBUG org.asynchttpclient.netty.channel.ChannelManager - Adding key: http://localhost:41978 for channel [id: 0xad400b3c, L:/127.0.0.1:51175 - R:localhost/127.0.0.1:41978]
16:11:46.303 [Forwarding clickElement on session c1c7b132ff5b1e6910cc6424084181b6 to remote] DEBUG org.asynchttpclient.netty.request.NettyRequestSender - Using pooled Channel '[id: 0xad400b3c, L:/127.0.0.1:51175 - R:localhost/127.0.0.1:41978]' for 'POST' to 'http://localhost:41978/session/c1c7b132ff5b1e6910cc6424084181b6/element/371d458c-2c98-4270-95cd-140b56dcfa9b/click'
16:11:46.303 [Forwarding clickElement on session c1c7b132ff5b1e6910cc6424084181b6 to remote] DEBUG org.asynchttpclient.netty.request.NettyRequestSender - Using open Channel [id: 0xad400b3c, L:/127.0.0.1:51175 - R:localhost/127.0.0.1:41978] for POST '/session/c1c7b132ff5b1e6910cc6424084181b6/element/371d458c-2c98-4270-95cd-140b56dcfa9b/click'
16:11:46.334 [AsyncHttpClient-1-20] DEBUG org.asynchttpclient.netty.handler.HttpHandler - 

Request DefaultHttpRequest(decodeResult: success, version: HTTP/1.1)
POST /session/c1c7b132ff5b1e6910cc6424084181b6/element/371d458c-2c98-4270-95cd-140b56dcfa9b/click HTTP/1.1
User-Agent: selenium/4.8.1 (java windows)
Content-Length: 50
Content-Type: application/json; charset=utf-8
host: localhost:41978
accept: */*

Response DefaultHttpResponse(decodeResult: success, version: HTTP/1.1)
HTTP/1.1 200 OK
Content-Length: 14
Content-Type: application/json; charset=utf-8
cache-control: no-cache

16:11:46.334 [AsyncHttpClient-1-20] DEBUG org.asynchttpclient.netty.channel.ChannelManager - Adding key: http://localhost:41978 for channel [id: 0xad400b3c, L:/127.0.0.1:51175 - R:localhost/127.0.0.1:41978]
16:11:46.339 [Forwarding getAlertText on session c1c7b132ff5b1e6910cc6424084181b6 to remote] DEBUG org.asynchttpclient.netty.request.NettyRequestSender - Using pooled Channel '[id: 0xad400b3c, L:/127.0.0.1:51175 - R:localhost/127.0.0.1:41978]' for 'GET' to 'http://localhost:41978/session/c1c7b132ff5b1e6910cc6424084181b6/alert/text'
16:11:46.339 [Forwarding getAlertText on session c1c7b132ff5b1e6910cc6424084181b6 to remote] DEBUG org.asynchttpclient.netty.request.NettyRequestSender - Using open Channel [id: 0xad400b3c, L:/127.0.0.1:51175 - R:localhost/127.0.0.1:41978] for GET '/session/c1c7b132ff5b1e6910cc6424084181b6/alert/text'
16:11:46.341 [AsyncHttpClient-1-20] DEBUG org.asynchttpclient.netty.handler.HttpHandler - 

Request DefaultFullHttpRequest(decodeResult: success, version: HTTP/1.1, content: EmptyByteBufBE)
GET /session/c1c7b132ff5b1e6910cc6424084181b6/alert/text HTTP/1.1
User-Agent: selenium/4.8.1 (java windows)
Cache-Control: no-cache
Content-Type: application/json; charset=utf-8
host: localhost:41978
accept: */*

Response DefaultHttpResponse(decodeResult: success, version: HTTP/1.1)
HTTP/1.1 404 Not Found
Content-Length: 836
Content-Type: application/json; charset=utf-8
cache-control: no-cache

16:11:46.342 [AsyncHttpClient-1-20] DEBUG org.asynchttpclient.netty.channel.ChannelManager - Adding key: http://localhost:41978 for channel [id: 0xad400b3c, L:/127.0.0.1:51175 - R:localhost/127.0.0.1:41978]
16:11:46.342 [Forwarding getCurrentUrl on session c1c7b132ff5b1e6910cc6424084181b6 to remote] DEBUG org.asynchttpclient.netty.request.NettyRequestSender - Using pooled Channel '[id: 0xad400b3c, L:/127.0.0.1:51175 - R:localhost/127.0.0.1:41978]' for 'GET' to 'http://localhost:41978/session/c1c7b132ff5b1e6910cc6424084181b6/url'
16:11:46.342 [Forwarding getCurrentUrl on session c1c7b132ff5b1e6910cc6424084181b6 to remote] DEBUG org.asynchttpclient.netty.request.NettyRequestSender - Using open Channel [id: 0xad400b3c, L:/127.0.0.1:51175 - R:localhost/127.0.0.1:41978] for GET '/session/c1c7b132ff5b1e6910cc6424084181b6/url'
16:11:46.345 [AsyncHttpClient-1-20] DEBUG org.asynchttpclient.netty.handler.HttpHandler - 

Request DefaultFullHttpRequest(decodeResult: success, version: HTTP/1.1, content: EmptyByteBufBE)
GET /session/c1c7b132ff5b1e6910cc6424084181b6/url HTTP/1.1
User-Agent: selenium/4.8.1 (java windows)
Cache-Control: no-cache
Content-Type: application/json; charset=utf-8
host: localhost:41978
accept: */*

Response DefaultHttpResponse(decodeResult: success, version: HTTP/1.1)
HTTP/1.1 200 OK
Content-Length: 51
Content-Type: application/json; charset=utf-8
cache-control: no-cache

16:11:46.345 [AsyncHttpClient-1-20] DEBUG org.asynchttpclient.netty.channel.ChannelManager - Adding key: http://localhost:41978 for channel [id: 0xad400b3c, L:/127.0.0.1:51175 - R:localhost/127.0.0.1:41978]
16:11:46.345 [Forwarding screenshot on session c1c7b132ff5b1e6910cc6424084181b6 to remote] DEBUG org.asynchttpclient.netty.request.NettyRequestSender - Using pooled Channel '[id: 0xad400b3c, L:/127.0.0.1:51175 - R:localhost/127.0.0.1:41978]' for 'GET' to 'http://localhost:41978/session/c1c7b132ff5b1e6910cc6424084181b6/screenshot'
16:11:46.345 [Forwarding screenshot on session c1c7b132ff5b1e6910cc6424084181b6 to remote] DEBUG org.asynchttpclient.netty.request.NettyRequestSender - Using open Channel [id: 0xad400b3c, L:/127.0.0.1:51175 - R:localhost/127.0.0.1:41978] for GET '/session/c1c7b132ff5b1e6910cc6424084181b6/screenshot'
16:11:46.425 [AsyncHttpClient-1-20] DEBUG org.asynchttpclient.netty.handler.HttpHandler - 

Request DefaultFullHttpRequest(decodeResult: success, version: HTTP/1.1, content: EmptyByteBufBE)
GET /session/c1c7b132ff5b1e6910cc6424084181b6/screenshot HTTP/1.1
User-Agent: selenium/4.8.1 (java windows)
Cache-Control: no-cache
Content-Type: application/json; charset=utf-8
host: localhost:41978
accept: */*

Response DefaultHttpResponse(decodeResult: success, version: HTTP/1.1)
HTTP/1.1 200 OK
Content-Length: 29732
Content-Type: application/json; charset=utf-8
cache-control: no-cache

16:11:46.425 [AsyncHttpClient-1-20] DEBUG org.asynchttpclient.netty.channel.ChannelManager - Adding key: http://localhost:41978 for channel [id: 0xad400b3c, L:/127.0.0.1:51175 - R:localhost/127.0.0.1:41978]
16:11:46.426 [main] DEBUG net.serenitybdd.core.photography.Darkroom - Send negative for processing for target\site\serenity\614527da17d120f1191b6130948fdfa98124a01a8b94ab5cd4b52c19cd89faf2.png
16:11:46.426 [main] DEBUG net.thucydides.core.steps.StepInterceptor - STEP DONE: clickLoginButton
  &amp#27;[32mWhen &amp#27;[0m&amp#27;[32mI click on the login button&amp#27;[0m       &amp#27;[90m# starter.stepdefinitions.LoginSteps.clickLoginButton()&amp#27;[0m
16:11:46.426 [Darkroom Processing Line] DEBUG net.serenitybdd.core.photography.DarkroomProcessingLine - Processing screenshot image in /var/screenshots/screenshot-8970449255078221773
16:11:46.426 [Darkroom Processing Line] DEBUG net.serenitybdd.core.photography.DarkroomProcessingLine - Saving screenshot to target\site\serenity\614527da17d120f1191b6130948fdfa98124a01a8b94ab5cd4b52c19cd89faf2.png
16:11:46.432 [Forwarding getPageSource on session c1c7b132ff5b1e6910cc6424084181b6 to remote] DEBUG org.asynchttpclient.netty.request.NettyRequestSender - Using pooled Channel '[id: 0xad400b3c, L:/127.0.0.1:51175 - R:localhost/127.0.0.1:41978]' for 'POST' to 'http://localhost:41978/session/c1c7b132ff5b1e6910cc6424084181b6/execute/sync'
16:11:46.432 [Forwarding getPageSource on session c1c7b132ff5b1e6910cc6424084181b6 to remote] DEBUG org.asynchttpclient.netty.request.NettyRequestSender - Using open Channel [id: 0xad400b3c, L:/127.0.0.1:51175 - R:localhost/127.0.0.1:41978] for POST '/session/c1c7b132ff5b1e6910cc6424084181b6/execute/sync'
16:11:46.440 [AsyncHttpClient-1-20] DEBUG org.asynchttpclient.netty.handler.HttpHandler - 

Request DefaultHttpRequest(decodeResult: success, version: HTTP/1.1)
POST /session/c1c7b132ff5b1e6910cc6424084181b6/execute/sync HTTP/1.1
User-Agent: selenium/4.8.1 (java windows)
Content-Length: 176
Content-Type: application/json; charset=utf-8
host: localhost:41978
accept: */*

Response DefaultHttpResponse(decodeResult: success, version: HTTP/1.1)
HTTP/1.1 200 OK
Content-Length: 22118
Content-Type: application/json; charset=utf-8
cache-control: no-cache

16:11:46.440 [AsyncHttpClient-1-20] DEBUG org.asynchttpclient.netty.channel.ChannelManager - Adding key: http://localhost:41978 for channel [id: 0xad400b3c, L:/127.0.0.1:51175 - R:localhost/127.0.0.1:41978]
16:11:46.443 [Forwarding getCurrentUrl on session c1c7b132ff5b1e6910cc6424084181b6 to remote] DEBUG org.asynchttpclient.netty.request.NettyRequestSender - Using pooled Channel '[id: 0xad400b3c, L:/127.0.0.1:51175 - R:localhost/127.0.0.1:41978]' for 'GET' to 'http://localhost:41978/session/c1c7b132ff5b1e6910cc6424084181b6/url'
16:11:46.443 [Forwarding getCurrentUrl on session c1c7b132ff5b1e6910cc6424084181b6 to remote] DEBUG org.asynchttpclient.netty.request.NettyRequestSender - Using open Channel [id: 0xad400b3c, L:/127.0.0.1:51175 - R:localhost/127.0.0.1:41978] for GET '/session/c1c7b132ff5b1e6910cc6424084181b6/url'
16:11:46.451 [AsyncHttpClient-1-20] DEBUG org.asynchttpclient.netty.handler.HttpHandler - 

Request DefaultFullHttpRequest(decodeResult: success, version: HTTP/1.1, content: EmptyByteBufBE)
GET /session/c1c7b132ff5b1e6910cc6424084181b6/url HTTP/1.1
User-Agent: selenium/4.8.1 (java windows)
Cache-Control: no-cache
Content-Type: application/json; charset=utf-8
host: localhost:41978
accept: */*

Response DefaultHttpResponse(decodeResult: success, version: HTTP/1.1)
HTTP/1.1 200 OK
Content-Length: 51
Content-Type: application/json; charset=utf-8
cache-control: no-cache

16:11:46.452 [AsyncHttpClient-1-20] DEBUG org.asynchttpclient.netty.channel.ChannelManager - Adding key: http://localhost:41978 for channel [id: 0xad400b3c, L:/127.0.0.1:51175 - R:localhost/127.0.0.1:41978]
16:11:46.464 [Forwarding getPageSource on session c1c7b132ff5b1e6910cc6424084181b6 to remote] DEBUG org.asynchttpclient.netty.request.NettyRequestSender - Using pooled Channel '[id: 0xad400b3c, L:/127.0.0.1:51175 - R:localhost/127.0.0.1:41978]' for 'POST' to 'http://localhost:41978/session/c1c7b132ff5b1e6910cc6424084181b6/execute/sync'
16:11:46.464 [Forwarding getPageSource on session c1c7b132ff5b1e6910cc6424084181b6 to remote] DEBUG org.asynchttpclient.netty.request.NettyRequestSender - Using open Channel [id: 0xad400b3c, L:/127.0.0.1:51175 - R:localhost/127.0.0.1:41978] for POST '/session/c1c7b132ff5b1e6910cc6424084181b6/execute/sync'
16:11:46.475 [AsyncHttpClient-1-20] DEBUG org.asynchttpclient.netty.handler.HttpHandler - 

Request DefaultHttpRequest(decodeResult: success, version: HTTP/1.1)
POST /session/c1c7b132ff5b1e6910cc6424084181b6/execute/sync HTTP/1.1
User-Agent: selenium/4.8.1 (java windows)
Content-Length: 176
Content-Type: application/json; charset=utf-8
host: localhost:41978
accept: */*

Response DefaultHttpResponse(decodeResult: success, version: HTTP/1.1)
HTTP/1.1 200 OK
Content-Length: 22118
Content-Type: application/json; charset=utf-8
cache-control: no-cache

16:11:46.475 [AsyncHttpClient-1-20] DEBUG org.asynchttpclient.netty.channel.ChannelManager - Adding key: http://localhost:41978 for channel [id: 0xad400b3c, L:/127.0.0.1:51175 - R:localhost/127.0.0.1:41978]
16:11:46.478 [Forwarding getCurrentUrl on session c1c7b132ff5b1e6910cc6424084181b6 to remote] DEBUG org.asynchttpclient.netty.request.NettyRequestSender - Using pooled Channel '[id: 0xad400b3c, L:/127.0.0.1:51175 - R:localhost/127.0.0.1:41978]' for 'GET' to 'http://localhost:41978/session/c1c7b132ff5b1e6910cc6424084181b6/url'
16:11:46.478 [Forwarding getCurrentUrl on session c1c7b132ff5b1e6910cc6424084181b6 to remote] DEBUG org.asynchttpclient.netty.request.NettyRequestSender - Using open Channel [id: 0xad400b3c, L:/127.0.0.1:51175 - R:localhost/127.0.0.1:41978] for GET '/session/c1c7b132ff5b1e6910cc6424084181b6/url'
16:11:46.484 [AsyncHttpClient-1-20] DEBUG org.asynchttpclient.netty.handler.HttpHandler - 

Request DefaultFullHttpRequest(decodeResult: success, version: HTTP/1.1, content: EmptyByteBufBE)
GET /session/c1c7b132ff5b1e6910cc6424084181b6/url HTTP/1.1
User-Agent: selenium/4.8.1 (java windows)
Cache-Control: no-cache
Content-Type: application/json; charset=utf-8
host: localhost:41978
accept: */*

Response DefaultHttpResponse(decodeResult: success, version: HTTP/1.1)
HTTP/1.1 200 OK
Content-Length: 51
Content-Type: application/json; charset=utf-8
cache-control: no-cache

16:11:46.484 [AsyncHttpClient-1-20] DEBUG org.asynchttpclient.netty.channel.ChannelManager - Adding key: http://localhost:41978 for channel [id: 0xad400b3c, L:/127.0.0.1:51175 - R:localhost/127.0.0.1:41978]
16:11:46.487 [main] DEBUG net.thucydides.core.steps.StepInterceptor - STARTING STEP: LoginSteps.alertContent - incorrectAlert
16:11:46.489 [Forwarding findElement on session c1c7b132ff5b1e6910cc6424084181b6 to remote] DEBUG org.asynchttpclient.netty.request.NettyRequestSender - Using pooled Channel '[id: 0xad400b3c, L:/127.0.0.1:51175 - R:localhost/127.0.0.1:41978]' for 'POST' to 'http://localhost:41978/session/c1c7b132ff5b1e6910cc6424084181b6/element'
16:11:46.489 [Forwarding findElement on session c1c7b132ff5b1e6910cc6424084181b6 to remote] DEBUG org.asynchttpclient.netty.request.NettyRequestSender - Using open Channel [id: 0xad400b3c, L:/127.0.0.1:51175 - R:localhost/127.0.0.1:41978] for POST '/session/c1c7b132ff5b1e6910cc6424084181b6/element'
16:11:46.807 [AsyncHttpClient-1-20] DEBUG org.asynchttpclient.netty.handler.HttpHandler - 

Request DefaultHttpRequest(decodeResult: success, version: HTTP/1.1)
POST /session/c1c7b132ff5b1e6910cc6424084181b6/element HTTP/1.1
User-Agent: selenium/4.8.1 (java windows)
Content-Length: 54
Content-Type: application/json; charset=utf-8
host: localhost:41978
accept: */*

Response DefaultHttpResponse(decodeResult: success, version: HTTP/1.1)
HTTP/1.1 200 OK
Content-Length: 88
Content-Type: application/json; charset=utf-8
cache-control: no-cache

16:11:46.807 [AsyncHttpClient-1-20] DEBUG org.asynchttpclient.netty.channel.ChannelManager - Adding key: http://localhost:41978 for channel [id: 0xad400b3c, L:/127.0.0.1:51175 - R:localhost/127.0.0.1:41978]
16:11:46.810 [Forwarding isElementDisplayed on session c1c7b132ff5b1e6910cc6424084181b6 to remote] DEBUG org.asynchttpclient.netty.request.NettyRequestSender - Using pooled Channel '[id: 0xad400b3c, L:/127.0.0.1:51175 - R:localhost/127.0.0.1:41978]' for 'POST' to 'http://localhost:41978/session/c1c7b132ff5b1e6910cc6424084181b6/execute/sync'
16:11:46.810 [Forwarding isElementDisplayed on session c1c7b132ff5b1e6910cc6424084181b6 to remote] DEBUG org.asynchttpclient.netty.request.NettyRequestSender - Using open Channel [id: 0xad400b3c, L:/127.0.0.1:51175 - R:localhost/127.0.0.1:41978] for POST '/session/c1c7b132ff5b1e6910cc6424084181b6/execute/sync'
16:11:46.819 [AsyncHttpClient-1-20] DEBUG org.asynchttpclient.netty.handler.HttpHandler - 

Request DefaultHttpRequest(decodeResult: success, version: HTTP/1.1)
POST /session/c1c7b132ff5b1e6910cc6424084181b6/execute/sync HTTP/1.1
User-Agent: selenium/4.8.1 (java windows)
Content-Length: 48807
Content-Type: application/json; charset=utf-8
host: localhost:41978
accept: */*

Response DefaultHttpResponse(decodeResult: success, version: HTTP/1.1)
HTTP/1.1 200 OK
Content-Length: 14
Content-Type: application/json; charset=utf-8
cache-control: no-cache

16:11:46.819 [AsyncHttpClient-1-20] DEBUG org.asynchttpclient.netty.channel.ChannelManager - Adding key: http://localhost:41978 for channel [id: 0xad400b3c, L:/127.0.0.1:51175 - R:localhost/127.0.0.1:41978]
16:11:46.822 [Forwarding getAlertText on session c1c7b132ff5b1e6910cc6424084181b6 to remote] DEBUG org.asynchttpclient.netty.request.NettyRequestSender - Using pooled Channel '[id: 0xad400b3c, L:/127.0.0.1:51175 - R:localhost/127.0.0.1:41978]' for 'GET' to 'http://localhost:41978/session/c1c7b132ff5b1e6910cc6424084181b6/alert/text'
16:11:46.822 [Forwarding getAlertText on session c1c7b132ff5b1e6910cc6424084181b6 to remote] DEBUG org.asynchttpclient.netty.request.NettyRequestSender - Using open Channel [id: 0xad400b3c, L:/127.0.0.1:51175 - R:localhost/127.0.0.1:41978] for GET '/session/c1c7b132ff5b1e6910cc6424084181b6/alert/text'
16:11:46.823 [AsyncHttpClient-1-20] DEBUG org.asynchttpclient.netty.handler.HttpHandler - 

Request DefaultFullHttpRequest(decodeResult: success, version: HTTP/1.1, content: EmptyByteBufBE)
GET /session/c1c7b132ff5b1e6910cc6424084181b6/alert/text HTTP/1.1
User-Agent: selenium/4.8.1 (java windows)
Cache-Control: no-cache
Content-Type: application/json; charset=utf-8
host: localhost:41978
accept: */*

Response DefaultHttpResponse(decodeResult: success, version: HTTP/1.1)
HTTP/1.1 404 Not Found
Content-Length: 836
Content-Type: application/json; charset=utf-8
cache-control: no-cache

16:11:46.823 [AsyncHttpClient-1-20] DEBUG org.asynchttpclient.netty.channel.ChannelManager - Adding key: http://localhost:41978 for channel [id: 0xad400b3c, L:/127.0.0.1:51175 - R:localhost/127.0.0.1:41978]
16:11:46.823 [Forwarding getCurrentUrl on session c1c7b132ff5b1e6910cc6424084181b6 to remote] DEBUG org.asynchttpclient.netty.request.NettyRequestSender - Using pooled Channel '[id: 0xad400b3c, L:/127.0.0.1:51175 - R:localhost/127.0.0.1:41978]' for 'GET' to 'http://localhost:41978/session/c1c7b132ff5b1e6910cc6424084181b6/url'
16:11:46.823 [Forwarding getCurrentUrl on session c1c7b132ff5b1e6910cc6424084181b6 to remote] DEBUG org.asynchttpclient.netty.request.NettyRequestSender - Using open Channel [id: 0xad400b3c, L:/127.0.0.1:51175 - R:localhost/127.0.0.1:41978] for GET '/session/c1c7b132ff5b1e6910cc6424084181b6/url'
16:11:46.827 [AsyncHttpClient-1-20] DEBUG org.asynchttpclient.netty.handler.HttpHandler - 

Request DefaultFullHttpRequest(decodeResult: success, version: HTTP/1.1, content: EmptyByteBufBE)
GET /session/c1c7b132ff5b1e6910cc6424084181b6/url HTTP/1.1
User-Agent: selenium/4.8.1 (java windows)
Cache-Control: no-cache
Content-Type: application/json; charset=utf-8
host: localhost:41978
accept: */*

Response DefaultHttpResponse(decodeResult: success, version: HTTP/1.1)
HTTP/1.1 200 OK
Content-Length: 51
Content-Type: application/json; charset=utf-8
cache-control: no-cache

16:11:46.827 [AsyncHttpClient-1-20] DEBUG org.asynchttpclient.netty.channel.ChannelManager - Adding key: http://localhost:41978 for channel [id: 0xad400b3c, L:/127.0.0.1:51175 - R:localhost/127.0.0.1:41978]
16:11:46.827 [Forwarding screenshot on session c1c7b132ff5b1e6910cc6424084181b6 to remote] DEBUG org.asynchttpclient.netty.request.NettyRequestSender - Using pooled Channel '[id: 0xad400b3c, L:/127.0.0.1:51175 - R:localhost/127.0.0.1:41978]' for 'GET' to 'http://localhost:41978/session/c1c7b132ff5b1e6910cc6424084181b6/screenshot'
16:11:46.827 [Forwarding screenshot on session c1c7b132ff5b1e6910cc6424084181b6 to remote] DEBUG org.asynchttpclient.netty.request.NettyRequestSender - Using open Channel [id: 0xad400b3c, L:/127.0.0.1:51175 - R:localhost/127.0.0.1:41978] for GET '/session/c1c7b132ff5b1e6910cc6424084181b6/screenshot'
16:11:46.918 [AsyncHttpClient-1-20] DEBUG org.asynchttpclient.netty.handler.HttpHandler - 

Request DefaultFullHttpRequest(decodeResult: success, version: HTTP/1.1, content: EmptyByteBufBE)
GET /session/c1c7b132ff5b1e6910cc6424084181b6/screenshot HTTP/1.1
User-Agent: selenium/4.8.1 (java windows)
Cache-Control: no-cache
Content-Type: application/json; charset=utf-8
host: localhost:41978
accept: */*

Response DefaultHttpResponse(decodeResult: success, version: HTTP/1.1)
HTTP/1.1 200 OK
Content-Length: 35200
Content-Type: application/json; charset=utf-8
cache-control: no-cache

16:11:46.918 [AsyncHttpClient-1-20] DEBUG org.asynchttpclient.netty.channel.ChannelManager - Adding key: http://localhost:41978 for channel [id: 0xad400b3c, L:/127.0.0.1:51175 - R:localhost/127.0.0.1:41978]
16:11:46.919 [main] DEBUG net.serenitybdd.core.photography.Darkroom - Send negative for processing for target\site\serenity\bc7fdcf57210e36a32262457dfb0a2217d3d11749ad3540d7d6f0bfc920a85b3.png
16:11:46.919 [main] DEBUG net.thucydides.core.steps.StepInterceptor - STEP DONE: incorrectAlert
  &amp#27;[32mThen &amp#27;[0m&amp#27;[32mI should see the error message&amp#27;[0m    &amp#27;[90m# starter.stepdefinitions.LoginSteps.alertContent()&amp#27;[0m
16:11:46.919 [Darkroom Processing Line] DEBUG net.serenitybdd.core.photography.DarkroomProcessingLine - Processing screenshot image in /var/screenshots/screenshot-16685956462787712341
16:11:46.919 [Darkroom Processing Line] DEBUG net.serenitybdd.core.photography.DarkroomProcessingLine - Saving screenshot to target\site\serenity\bc7fdcf57210e36a32262457dfb0a2217d3d11749ad3540d7d6f0bfc920a85b3.png
16:11:46.923 [main] INFO  - 
  _____   ___   ___   _____     ___     _     ___   ___   ___   ___  
 |_   _| | __| / __| |_   _|   | _ \   /_\   / __| / __| | __| |   \ 
   | |   | _|  \__ \   | |     |  _/  / _ \  \__ \ \__ \ | _|  | |) |
   |_|   |___| |___/   |_|     |_|   /_/ \_\ |___/ |___/ |___| |___/ 

Login with wrong password
----------------------------------------------------------------------
16:11:46.923 [AsyncHttpClient-1-22] DEBUG org.asynchttpclient.netty.handler.WebSocketHandler - Channel Closed: [id: 0xee0fb537, L:/127.0.0.1:51186 ! R:localhost/127.0.0.1:51178] with attribute NettyResponseFuture{currentRetry=0,
	isDone=1,
	isCancelled=0,
	asyncHandler=org.asynchttpclient.ws.WebSocketUpgradeHandler@7b42fbe5,
	nettyRequest=org.asynchttpclient.netty.request.NettyRequest@3aadfd41,
	future=java.util.concurrent.CompletableFuture@3e92dc7[Completed normally],
	uri=ws://localhost:51178/devtools/browser/809ef87d-576e-4368-8aed-f6345ee54038,
	keepAlive=true,
	redirectCount=0,
	timeoutsHolder=null,
	inAuth=0,
	touch=1683537101726}
16:11:46.923 [AsyncHttpClient-1-22] DEBUG org.asynchttpclient.netty.channel.ChannelManager - Closing Channel [id: 0xee0fb537, L:/127.0.0.1:51186 ! R:localhost/127.0.0.1:51178] 
16:11:46.923 [Driver Command Executor] DEBUG org.asynchttpclient.netty.request.NettyRequestSender - Using pooled Channel '[id: 0xad400b3c, L:/127.0.0.1:51175 - R:localhost/127.0.0.1:41978]' for 'DELETE' to 'http://localhost:41978/session/c1c7b132ff5b1e6910cc6424084181b6'
16:11:46.924 [Driver Command Executor] DEBUG org.asynchttpclient.netty.request.NettyRequestSender - Using open Channel [id: 0xad400b3c, L:/127.0.0.1:51175 - R:localhost/127.0.0.1:41978] for DELETE '/session/c1c7b132ff5b1e6910cc6424084181b6'
16:11:46.944 [AsyncHttpClient-1-21] DEBUG org.asynchttpclient.netty.handler.HttpHandler - Unexpected I/O exception on channel [id: 0x06085ba8, L:/127.0.0.1:51185 - R:localhost/127.0.0.1:51178]
java.net.SocketException: Connection reset
	at java.base/sun.nio.ch.SocketChannelImpl.throwConnectionReset(SocketChannelImpl.java:367)
	at java.base/sun.nio.ch.SocketChannelImpl.read(SocketChannelImpl.java:398)
	at io.netty.buffer.PooledByteBuf.setBytes(PooledByteBuf.java:259)
	at io.netty.buffer.AbstractByteBuf.writeBytes(AbstractByteBuf.java:1132)
	at io.netty.channel.socket.nio.NioSocketChannel.doReadBytes(NioSocketChannel.java:357)
	at io.netty.channel.nio.AbstractNioByteChannel$NioByteUnsafe.read(AbstractNioByteChannel.java:151)
	at io.netty.channel.nio.NioEventLoop.processSelectedKey(NioEventLoop.java:788)
	at io.netty.channel.nio.NioEventLoop.processSelectedKeysOptimized(NioEventLoop.java:724)
	at io.netty.channel.nio.NioEventLoop.processSelectedKeys(NioEventLoop.java:650)
	at io.netty.channel.nio.NioEventLoop.run(NioEventLoop.java:562)
	at io.netty.util.concurrent.SingleThreadEventExecutor$4.run(SingleThreadEventExecutor.java:997)
	at io.netty.util.internal.ThreadExecutorMap$2.run(ThreadExecutorMap.java:74)
	at io.netty.util.concurrent.FastThreadLocalRunnable.run(FastThreadLocalRunnable.java:30)
	at java.base/java.lang.Thread.run(Thread.java:832)
16:11:46.944 [AsyncHttpClient-1-21] DEBUG org.asynchttpclient.netty.channel.ChannelManager - Closing Channel [id: 0x06085ba8, L:/127.0.0.1:51185 - R:localhost/127.0.0.1:51178] 
16:11:46.944 [AsyncHttpClient-1-21] DEBUG org.asynchttpclient.netty.handler.HttpHandler - Channel Closed: [id: 0x06085ba8, L:/127.0.0.1:51185 ! R:localhost/127.0.0.1:51178] with attribute DISCARD
16:11:46.952 [AsyncHttpClient-1-20] DEBUG org.asynchttpclient.netty.handler.HttpHandler - 

Request DefaultFullHttpRequest(decodeResult: success, version: HTTP/1.1, content: EmptyByteBufBE)
DELETE /session/c1c7b132ff5b1e6910cc6424084181b6 HTTP/1.1
User-Agent: selenium/4.8.1 (java windows)
Content-Type: application/json; charset=utf-8
host: localhost:41978
accept: */*

Response DefaultHttpResponse(decodeResult: success, version: HTTP/1.1)
HTTP/1.1 200 OK
Content-Length: 14
Content-Type: application/json; charset=utf-8
cache-control: no-cache

16:11:46.952 [AsyncHttpClient-1-20] DEBUG org.asynchttpclient.netty.channel.ChannelManager - Adding key: http://localhost:41978 for channel [id: 0xad400b3c, L:/127.0.0.1:51175 - R:localhost/127.0.0.1:41978]
16:11:47.037 [AsyncHttpClient-1-20] DEBUG org.asynchttpclient.netty.handler.HttpHandler - Channel Closed: [id: 0xad400b3c, L:/127.0.0.1:51175 ! R:localhost/127.0.0.1:41978] with attribute DISCARD
16:11:47.259 [AsyncHttpClient-1-1] DEBUG org.asynchttpclient.netty.channel.DefaultChannelPool - Entry count for : http://localhost:41978 : 1
16:11:47.259 [AsyncHttpClient-1-1] DEBUG org.asynchttpclient.netty.channel.DefaultChannelPool - Entry count for : http://localhost:51178 : 1
16:11:47.259 [AsyncHttpClient-1-1] DEBUG org.asynchttpclient.netty.channel.DefaultChannelPool - Adding Candidate expired Channel [id: 0xad400b3c, L:/127.0.0.1:51175 ! R:localhost/127.0.0.1:41978] isIdleTimeoutExpired=false isRemotelyClosed=true isTtlExpired=false
16:11:47.259 [AsyncHttpClient-1-1] DEBUG org.asynchttpclient.netty.channel.DefaultChannelPool - Closing Idle Channel [id: 0xad400b3c, L:/127.0.0.1:51175 ! R:localhost/127.0.0.1:41978]
16:11:47.259 [AsyncHttpClient-1-1] DEBUG org.asynchttpclient.netty.channel.DefaultChannelPool - Adding Candidate expired Channel [id: 0x06085ba8, L:/127.0.0.1:51185 ! R:localhost/127.0.0.1:51178] isIdleTimeoutExpired=false isRemotelyClosed=true isTtlExpired=false
16:11:47.259 [AsyncHttpClient-1-1] DEBUG org.asynchttpclient.netty.channel.DefaultChannelPool - Closing Idle Channel [id: 0x06085ba8, L:/127.0.0.1:51185 ! R:localhost/127.0.0.1:51178]
16:11:47.259 [AsyncHttpClient-1-1] DEBUG org.asynchttpclient.netty.channel.DefaultChannelPool - Closed 2 connections out of 2 in 0 ms
]]></system-out>
    <system-err><![CDATA[Starting ChromeDriver 111.0.5563.64 (c710e93d5b63b7095afe8c2c17df34408078439d-refs/branch-heads/5563@{#995}) on port 41978
Only local connections are allowed.
Please see https://chromedriver.chromium.org/security-considerations for suggestions on keeping ChromeDriver safe.
ChromeDriver was started successfully.
[1683537101.700][WARNING]: This version of ChromeDriver has not been tested with Chrome version 112.
May 08, 2023 4:11:41 PM org.openqa.selenium.devtools.CdpVersionFinder findNearestMatch
WARNING: Unable to find an exact match for CDP version 112, so returning the closest version found: 110
]]></system-err>
  </testcase>
  <testcase name="Login with wrong email" classname="Login to Alta-shop Account" time="7.449">
    <system-out><![CDATA[
Scenario: Login with wrong email         &amp#27;[90m# src/test/resources/features/2. Login.feature:21&amp#27;[0m
16:11:47.564 [main] DEBUG io.cucumber.core.plugin.SerenityReporter - Running feature from file:///C:/Users/WINDOWS%2010/Documents/GitHub/MiniProject_QE/Web/code/minpro/src/test/resources/features/2.%20Login.feature
16:11:47.568 [main] INFO  - 
  _____   ___   ___   _____     ___   _____     _     ___   _____   ___   ___  
 |_   _| | __| / __| |_   _|   / __| |_   _|   /_\   | _ \ |_   _| | __| |   \ 
   | |   | _|  \__ \   | |     \__ \   | |    / _ \  |   /   | |   | _|  | |) |
   |_|   |___| |___/   |_|     |___/   |_|   /_/ \_\ |_|_\   |_|   |___| |___/ 

Login with wrong email(login-to-alta-shop-account;login-with-wrong-email)
--------------------------------------------------------------------------------
16:11:47.601 [main] DEBUG net.thucydides.core.steps.StepInterceptor - STARTING STEP: LoginSteps.onTheLoginPage - openPage
16:11:47.646 [main] INFO net.serenitybdd.core.webdriver.driverproviders.ChromeDriverProvider - Starting Chrome driver instance with capabilities:
16:11:47.646 [main] INFO net.serenitybdd.core.webdriver.driverproviders.ChromeDriverProvider - Capabilities {acceptInsecureCerts: false, browserName: chrome, goog:chromeOptions: {args: [remote-allow-origins=*], extensions: []}}
16:11:47.712 [AsyncHttpClient-1-23] DEBUG org.asynchttpclient.netty.channel.NettyConnectListener - Using new Channel '[id: 0xebe165f5, L:/127.0.0.1:51211 - R:localhost/127.0.0.1:41634]' for 'POST' to '/session'
16:11:48.382 [AsyncHttpClient-1-23] DEBUG org.asynchttpclient.netty.handler.HttpHandler - 

Request DefaultHttpRequest(decodeResult: success, version: HTTP/1.1)
POST /session HTTP/1.1
User-Agent: selenium/4.8.1 (java windows)
Content-Length: 507
Content-Type: application/json; charset=utf-8
host: localhost:41634
accept: */*

Response DefaultHttpResponse(decodeResult: success, version: HTTP/1.1)
HTTP/1.1 200 OK
Content-Length: 862
Content-Type: application/json; charset=utf-8
cache-control: no-cache

16:11:48.383 [AsyncHttpClient-1-23] DEBUG org.asynchttpclient.netty.channel.ChannelManager - Adding key: http://localhost:41634 for channel [id: 0xebe165f5, L:/127.0.0.1:51211 - R:localhost/127.0.0.1:41634]
16:11:48.387 [AsyncHttpClient-1-24] DEBUG org.asynchttpclient.netty.channel.NettyConnectListener - Using new Channel '[id: 0x24eb8f97, L:/127.0.0.1:51222 - R:localhost/127.0.0.1:51214]' for 'GET' to '/json/version'
16:11:48.388 [AsyncHttpClient-1-24] DEBUG org.asynchttpclient.netty.handler.HttpHandler - 

Request DefaultFullHttpRequest(decodeResult: success, version: HTTP/1.1, content: EmptyByteBufBE)
GET /json/version HTTP/1.1
User-Agent: selenium/4.8.1 (java windows)
host: localhost:51214
accept: */*

Response DefaultHttpResponse(decodeResult: success, version: HTTP/1.1)
HTTP/1.1 200 OK
Content-Security-Policy: frame-ancestors 'none'
Content-Length: 424
Content-Type: application/json; charset=UTF-8

16:11:48.389 [AsyncHttpClient-1-24] DEBUG org.asynchttpclient.netty.channel.ChannelManager - Adding key: http://localhost:51214 for channel [id: 0x24eb8f97, L:/127.0.0.1:51222 - R:localhost/127.0.0.1:51214]
16:11:48.390 [AsyncHttpClient-1-25] DEBUG org.asynchttpclient.netty.channel.NettyConnectListener - Using new Channel '[id: 0xfdf5687e, L:/127.0.0.1:51223 - R:localhost/127.0.0.1:51214]' for 'GET' to '/devtools/browser/2e6a5651-82f1-4b06-ac3d-93a7e8e71fa3'
16:11:48.392 [AsyncHttpClient-1-25] DEBUG org.asynchttpclient.netty.handler.WebSocketHandler - 

Request DefaultFullHttpRequest(decodeResult: success, version: HTTP/1.1, content: EmptyByteBufBE)
GET /devtools/browser/2e6a5651-82f1-4b06-ac3d-93a7e8e71fa3 HTTP/1.1
upgrade: websocket
connection: upgrade
sec-websocket-key: CMV2f8NtwxVaRHlIkccPXg==
sec-websocket-version: 13
origin: http://localhost:51214
host: localhost:51214
accept: */*
user-agent: AHC/2.1

Response DefaultHttpResponse(decodeResult: success, version: HTTP/1.1)
HTTP/1.1 101 WebSocket Protocol Handshake
Upgrade: WebSocket
Connection: Upgrade
Sec-WebSocket-Accept: 1/GCJ7xLXVs14lMfP1+TRAAwPy4=

16:11:48.395 [Forwarding get on session 366923398af78a54fd60c6ad1b909d40 to remote] DEBUG org.asynchttpclient.netty.request.NettyRequestSender - Using pooled Channel '[id: 0xebe165f5, L:/127.0.0.1:51211 - R:localhost/127.0.0.1:41634]' for 'POST' to 'http://localhost:41634/session/366923398af78a54fd60c6ad1b909d40/url'
16:11:48.395 [Forwarding get on session 366923398af78a54fd60c6ad1b909d40 to remote] DEBUG org.asynchttpclient.netty.request.NettyRequestSender - Using open Channel [id: 0xebe165f5, L:/127.0.0.1:51211 - R:localhost/127.0.0.1:41634] for POST '/session/366923398af78a54fd60c6ad1b909d40/url'
16:11:49.457 [AsyncHttpClient-1-1] DEBUG org.asynchttpclient.netty.channel.DefaultChannelPool - Entry count for : http://localhost:51214 : 1
16:11:50.557 [AsyncHttpClient-1-1] DEBUG org.asynchttpclient.netty.channel.DefaultChannelPool - Entry count for : http://localhost:51214 : 1
16:11:51.662 [AsyncHttpClient-1-1] DEBUG org.asynchttpclient.netty.channel.DefaultChannelPool - Entry count for : http://localhost:51214 : 1
16:11:52.758 [AsyncHttpClient-1-1] DEBUG org.asynchttpclient.netty.channel.DefaultChannelPool - Entry count for : http://localhost:51214 : 1
16:11:53.132 [AsyncHttpClient-1-23] DEBUG org.asynchttpclient.netty.handler.HttpHandler - 

Request DefaultHttpRequest(decodeResult: success, version: HTTP/1.1)
POST /session/366923398af78a54fd60c6ad1b909d40/url HTTP/1.1
User-Agent: selenium/4.8.1 (java windows)
Content-Length: 74
Content-Type: application/json; charset=utf-8
host: localhost:41634
accept: */*

Response DefaultHttpResponse(decodeResult: success, version: HTTP/1.1)
HTTP/1.1 200 OK
Content-Length: 14
Content-Type: application/json; charset=utf-8
cache-control: no-cache

16:11:53.132 [AsyncHttpClient-1-23] DEBUG org.asynchttpclient.netty.channel.ChannelManager - Adding key: http://localhost:41634 for channel [id: 0xebe165f5, L:/127.0.0.1:51211 - R:localhost/127.0.0.1:41634]
16:11:53.133 [Forwarding setTimeout on session 366923398af78a54fd60c6ad1b909d40 to remote] DEBUG org.asynchttpclient.netty.request.NettyRequestSender - Using pooled Channel '[id: 0xebe165f5, L:/127.0.0.1:51211 - R:localhost/127.0.0.1:41634]' for 'POST' to 'http://localhost:41634/session/366923398af78a54fd60c6ad1b909d40/timeouts'
16:11:53.133 [Forwarding setTimeout on session 366923398af78a54fd60c6ad1b909d40 to remote] DEBUG org.asynchttpclient.netty.request.NettyRequestSender - Using open Channel [id: 0xebe165f5, L:/127.0.0.1:51211 - R:localhost/127.0.0.1:41634] for POST '/session/366923398af78a54fd60c6ad1b909d40/timeouts'
16:11:53.134 [AsyncHttpClient-1-23] DEBUG org.asynchttpclient.netty.handler.HttpHandler - 

Request DefaultHttpRequest(decodeResult: success, version: HTTP/1.1)
POST /session/366923398af78a54fd60c6ad1b909d40/timeouts HTTP/1.1
User-Agent: selenium/4.8.1 (java windows)
Content-Length: 22
Content-Type: application/json; charset=utf-8
host: localhost:41634
accept: */*

Response DefaultHttpResponse(decodeResult: success, version: HTTP/1.1)
HTTP/1.1 200 OK
Content-Length: 14
Content-Type: application/json; charset=utf-8
cache-control: no-cache

16:11:53.134 [AsyncHttpClient-1-23] DEBUG org.asynchttpclient.netty.channel.ChannelManager - Adding key: http://localhost:41634 for channel [id: 0xebe165f5, L:/127.0.0.1:51211 - R:localhost/127.0.0.1:41634]
16:11:53.137 [Forwarding getAlertText on session 366923398af78a54fd60c6ad1b909d40 to remote] DEBUG org.asynchttpclient.netty.request.NettyRequestSender - Using pooled Channel '[id: 0xebe165f5, L:/127.0.0.1:51211 - R:localhost/127.0.0.1:41634]' for 'GET' to 'http://localhost:41634/session/366923398af78a54fd60c6ad1b909d40/alert/text'
16:11:53.137 [Forwarding getAlertText on session 366923398af78a54fd60c6ad1b909d40 to remote] DEBUG org.asynchttpclient.netty.request.NettyRequestSender - Using open Channel [id: 0xebe165f5, L:/127.0.0.1:51211 - R:localhost/127.0.0.1:41634] for GET '/session/366923398af78a54fd60c6ad1b909d40/alert/text'
16:11:53.139 [AsyncHttpClient-1-23] DEBUG org.asynchttpclient.netty.handler.HttpHandler - 

Request DefaultFullHttpRequest(decodeResult: success, version: HTTP/1.1, content: EmptyByteBufBE)
GET /session/366923398af78a54fd60c6ad1b909d40/alert/text HTTP/1.1
User-Agent: selenium/4.8.1 (java windows)
Cache-Control: no-cache
Content-Type: application/json; charset=utf-8
host: localhost:41634
accept: */*

Response DefaultHttpResponse(decodeResult: success, version: HTTP/1.1)
HTTP/1.1 404 Not Found
Content-Length: 836
Content-Type: application/json; charset=utf-8
cache-control: no-cache

16:11:53.139 [AsyncHttpClient-1-23] DEBUG org.asynchttpclient.netty.channel.ChannelManager - Adding key: http://localhost:41634 for channel [id: 0xebe165f5, L:/127.0.0.1:51211 - R:localhost/127.0.0.1:41634]
16:11:53.139 [Forwarding getCurrentUrl on session 366923398af78a54fd60c6ad1b909d40 to remote] DEBUG org.asynchttpclient.netty.request.NettyRequestSender - Using pooled Channel '[id: 0xebe165f5, L:/127.0.0.1:51211 - R:localhost/127.0.0.1:41634]' for 'GET' to 'http://localhost:41634/session/366923398af78a54fd60c6ad1b909d40/url'
16:11:53.140 [Forwarding getCurrentUrl on session 366923398af78a54fd60c6ad1b909d40 to remote] DEBUG org.asynchttpclient.netty.request.NettyRequestSender - Using open Channel [id: 0xebe165f5, L:/127.0.0.1:51211 - R:localhost/127.0.0.1:41634] for GET '/session/366923398af78a54fd60c6ad1b909d40/url'
16:11:53.142 [AsyncHttpClient-1-23] DEBUG org.asynchttpclient.netty.handler.HttpHandler - 

Request DefaultFullHttpRequest(decodeResult: success, version: HTTP/1.1, content: EmptyByteBufBE)
GET /session/366923398af78a54fd60c6ad1b909d40/url HTTP/1.1
User-Agent: selenium/4.8.1 (java windows)
Cache-Control: no-cache
Content-Type: application/json; charset=utf-8
host: localhost:41634
accept: */*

Response DefaultHttpResponse(decodeResult: success, version: HTTP/1.1)
HTTP/1.1 200 OK
Content-Length: 51
Content-Type: application/json; charset=utf-8
cache-control: no-cache

16:11:53.142 [AsyncHttpClient-1-23] DEBUG org.asynchttpclient.netty.channel.ChannelManager - Adding key: http://localhost:41634 for channel [id: 0xebe165f5, L:/127.0.0.1:51211 - R:localhost/127.0.0.1:41634]
16:11:53.143 [Forwarding screenshot on session 366923398af78a54fd60c6ad1b909d40 to remote] DEBUG org.asynchttpclient.netty.request.NettyRequestSender - Using pooled Channel '[id: 0xebe165f5, L:/127.0.0.1:51211 - R:localhost/127.0.0.1:41634]' for 'GET' to 'http://localhost:41634/session/366923398af78a54fd60c6ad1b909d40/screenshot'
16:11:53.143 [Forwarding screenshot on session 366923398af78a54fd60c6ad1b909d40 to remote] DEBUG org.asynchttpclient.netty.request.NettyRequestSender - Using open Channel [id: 0xebe165f5, L:/127.0.0.1:51211 - R:localhost/127.0.0.1:41634] for GET '/session/366923398af78a54fd60c6ad1b909d40/screenshot'
16:11:53.217 [AsyncHttpClient-1-23] DEBUG org.asynchttpclient.netty.handler.HttpHandler - 

Request DefaultFullHttpRequest(decodeResult: success, version: HTTP/1.1, content: EmptyByteBufBE)
GET /session/366923398af78a54fd60c6ad1b909d40/screenshot HTTP/1.1
User-Agent: selenium/4.8.1 (java windows)
Cache-Control: no-cache
Content-Type: application/json; charset=utf-8
host: localhost:41634
accept: */*

Response DefaultHttpResponse(decodeResult: success, version: HTTP/1.1)
HTTP/1.1 200 OK
Content-Length: 25208
Content-Type: application/json; charset=utf-8
cache-control: no-cache

16:11:53.217 [AsyncHttpClient-1-23] DEBUG org.asynchttpclient.netty.channel.ChannelManager - Adding key: http://localhost:41634 for channel [id: 0xebe165f5, L:/127.0.0.1:51211 - R:localhost/127.0.0.1:41634]
16:11:53.218 [main] DEBUG net.serenitybdd.core.photography.Darkroom - Send negative for processing for target\site\serenity\edb14d4aab401efa0e4fb99861e6ffcafebc86a67b69f7828890b9910ed2ddbd.png
16:11:53.218 [main] DEBUG net.thucydides.core.steps.StepInterceptor - STEP DONE: openPage
  &amp#27;[32mGiven &amp#27;[0m&amp#27;[32mI am on the alta-shop login page&amp#27;[0m &amp#27;[90m# starter.stepdefinitions.LoginSteps.onTheLoginPage()&amp#27;[0m
16:11:53.224 [Forwarding getPageSource on session 366923398af78a54fd60c6ad1b909d40 to remote] DEBUG org.asynchttpclient.netty.request.NettyRequestSender - Using pooled Channel '[id: 0xebe165f5, L:/127.0.0.1:51211 - R:localhost/127.0.0.1:41634]' for 'POST' to 'http://localhost:41634/session/366923398af78a54fd60c6ad1b909d40/execute/sync'
16:11:53.224 [Forwarding getPageSource on session 366923398af78a54fd60c6ad1b909d40 to remote] DEBUG org.asynchttpclient.netty.request.NettyRequestSender - Using open Channel [id: 0xebe165f5, L:/127.0.0.1:51211 - R:localhost/127.0.0.1:41634] for POST '/session/366923398af78a54fd60c6ad1b909d40/execute/sync'
16:11:53.228 [AsyncHttpClient-1-23] DEBUG org.asynchttpclient.netty.handler.HttpHandler - 

Request DefaultHttpRequest(decodeResult: success, version: HTTP/1.1)
POST /session/366923398af78a54fd60c6ad1b909d40/execute/sync HTTP/1.1
User-Agent: selenium/4.8.1 (java windows)
Content-Length: 176
Content-Type: application/json; charset=utf-8
host: localhost:41634
accept: */*

Response DefaultHttpResponse(decodeResult: success, version: HTTP/1.1)
HTTP/1.1 200 OK
Content-Length: 21659
Content-Type: application/json; charset=utf-8
cache-control: no-cache

16:11:53.228 [AsyncHttpClient-1-23] DEBUG org.asynchttpclient.netty.channel.ChannelManager - Adding key: http://localhost:41634 for channel [id: 0xebe165f5, L:/127.0.0.1:51211 - R:localhost/127.0.0.1:41634]
16:11:53.230 [Forwarding getCurrentUrl on session 366923398af78a54fd60c6ad1b909d40 to remote] DEBUG org.asynchttpclient.netty.request.NettyRequestSender - Using pooled Channel '[id: 0xebe165f5, L:/127.0.0.1:51211 - R:localhost/127.0.0.1:41634]' for 'GET' to 'http://localhost:41634/session/366923398af78a54fd60c6ad1b909d40/url'
16:11:53.230 [Forwarding getCurrentUrl on session 366923398af78a54fd60c6ad1b909d40 to remote] DEBUG org.asynchttpclient.netty.request.NettyRequestSender - Using open Channel [id: 0xebe165f5, L:/127.0.0.1:51211 - R:localhost/127.0.0.1:41634] for GET '/session/366923398af78a54fd60c6ad1b909d40/url'
16:11:53.233 [AsyncHttpClient-1-23] DEBUG org.asynchttpclient.netty.handler.HttpHandler - 

Request DefaultFullHttpRequest(decodeResult: success, version: HTTP/1.1, content: EmptyByteBufBE)
GET /session/366923398af78a54fd60c6ad1b909d40/url HTTP/1.1
User-Agent: selenium/4.8.1 (java windows)
Cache-Control: no-cache
Content-Type: application/json; charset=utf-8
host: localhost:41634
accept: */*

Response DefaultHttpResponse(decodeResult: success, version: HTTP/1.1)
HTTP/1.1 200 OK
Content-Length: 51
Content-Type: application/json; charset=utf-8
cache-control: no-cache

16:11:53.233 [AsyncHttpClient-1-23] DEBUG org.asynchttpclient.netty.channel.ChannelManager - Adding key: http://localhost:41634 for channel [id: 0xebe165f5, L:/127.0.0.1:51211 - R:localhost/127.0.0.1:41634]
16:11:53.239 [Forwarding getPageSource on session 366923398af78a54fd60c6ad1b909d40 to remote] DEBUG org.asynchttpclient.netty.request.NettyRequestSender - Using pooled Channel '[id: 0xebe165f5, L:/127.0.0.1:51211 - R:localhost/127.0.0.1:41634]' for 'POST' to 'http://localhost:41634/session/366923398af78a54fd60c6ad1b909d40/execute/sync'
16:11:53.239 [Forwarding getPageSource on session 366923398af78a54fd60c6ad1b909d40 to remote] DEBUG org.asynchttpclient.netty.request.NettyRequestSender - Using open Channel [id: 0xebe165f5, L:/127.0.0.1:51211 - R:localhost/127.0.0.1:41634] for POST '/session/366923398af78a54fd60c6ad1b909d40/execute/sync'
16:11:53.244 [AsyncHttpClient-1-23] DEBUG org.asynchttpclient.netty.handler.HttpHandler - 

Request DefaultHttpRequest(decodeResult: success, version: HTTP/1.1)
POST /session/366923398af78a54fd60c6ad1b909d40/execute/sync HTTP/1.1
User-Agent: selenium/4.8.1 (java windows)
Content-Length: 176
Content-Type: application/json; charset=utf-8
host: localhost:41634
accept: */*

Response DefaultHttpResponse(decodeResult: success, version: HTTP/1.1)
HTTP/1.1 200 OK
Content-Length: 21659
Content-Type: application/json; charset=utf-8
cache-control: no-cache

16:11:53.244 [AsyncHttpClient-1-23] DEBUG org.asynchttpclient.netty.channel.ChannelManager - Adding key: http://localhost:41634 for channel [id: 0xebe165f5, L:/127.0.0.1:51211 - R:localhost/127.0.0.1:41634]
16:11:53.245 [Forwarding getCurrentUrl on session 366923398af78a54fd60c6ad1b909d40 to remote] DEBUG org.asynchttpclient.netty.request.NettyRequestSender - Using pooled Channel '[id: 0xebe165f5, L:/127.0.0.1:51211 - R:localhost/127.0.0.1:41634]' for 'GET' to 'http://localhost:41634/session/366923398af78a54fd60c6ad1b909d40/url'
16:11:53.245 [Forwarding getCurrentUrl on session 366923398af78a54fd60c6ad1b909d40 to remote] DEBUG org.asynchttpclient.netty.request.NettyRequestSender - Using open Channel [id: 0xebe165f5, L:/127.0.0.1:51211 - R:localhost/127.0.0.1:41634] for GET '/session/366923398af78a54fd60c6ad1b909d40/url'
16:11:53.248 [AsyncHttpClient-1-23] DEBUG org.asynchttpclient.netty.handler.HttpHandler - 

Request DefaultFullHttpRequest(decodeResult: success, version: HTTP/1.1, content: EmptyByteBufBE)
GET /session/366923398af78a54fd60c6ad1b909d40/url HTTP/1.1
User-Agent: selenium/4.8.1 (java windows)
Cache-Control: no-cache
Content-Type: application/json; charset=utf-8
host: localhost:41634
accept: */*

Response DefaultHttpResponse(decodeResult: success, version: HTTP/1.1)
HTTP/1.1 200 OK
Content-Length: 51
Content-Type: application/json; charset=utf-8
cache-control: no-cache

16:11:53.248 [AsyncHttpClient-1-23] DEBUG org.asynchttpclient.netty.channel.ChannelManager - Adding key: http://localhost:41634 for channel [id: 0xebe165f5, L:/127.0.0.1:51211 - R:localhost/127.0.0.1:41634]
16:11:53.250 [main] DEBUG net.thucydides.core.steps.StepInterceptor - STARTING STEP: LoginSteps.inputIncorrectEmail - inputEmail
16:11:53.251 [Forwarding findElement on session 366923398af78a54fd60c6ad1b909d40 to remote] DEBUG org.asynchttpclient.netty.request.NettyRequestSender - Using pooled Channel '[id: 0xebe165f5, L:/127.0.0.1:51211 - R:localhost/127.0.0.1:41634]' for 'POST' to 'http://localhost:41634/session/366923398af78a54fd60c6ad1b909d40/element'
16:11:53.251 [Forwarding findElement on session 366923398af78a54fd60c6ad1b909d40 to remote] DEBUG org.asynchttpclient.netty.request.NettyRequestSender - Using open Channel [id: 0xebe165f5, L:/127.0.0.1:51211 - R:localhost/127.0.0.1:41634] for POST '/session/366923398af78a54fd60c6ad1b909d40/element'
16:11:53.259 [AsyncHttpClient-1-23] DEBUG org.asynchttpclient.netty.handler.HttpHandler - 

Request DefaultHttpRequest(decodeResult: success, version: HTTP/1.1)
POST /session/366923398af78a54fd60c6ad1b909d40/element HTTP/1.1
User-Agent: selenium/4.8.1 (java windows)
Content-Length: 55
Content-Type: application/json; charset=utf-8
host: localhost:41634
accept: */*

Response DefaultHttpResponse(decodeResult: success, version: HTTP/1.1)
HTTP/1.1 200 OK
Content-Length: 88
Content-Type: application/json; charset=utf-8
cache-control: no-cache

16:11:53.259 [AsyncHttpClient-1-23] DEBUG org.asynchttpclient.netty.channel.ChannelManager - Adding key: http://localhost:41634 for channel [id: 0xebe165f5, L:/127.0.0.1:51211 - R:localhost/127.0.0.1:41634]
16:11:53.260 [Forwarding clearElement on session 366923398af78a54fd60c6ad1b909d40 to remote] DEBUG org.asynchttpclient.netty.request.NettyRequestSender - Using pooled Channel '[id: 0xebe165f5, L:/127.0.0.1:51211 - R:localhost/127.0.0.1:41634]' for 'POST' to 'http://localhost:41634/session/366923398af78a54fd60c6ad1b909d40/element/7487c1ae-f830-456c-8867-ab5d8ed1b1ad/clear'
16:11:53.260 [Forwarding clearElement on session 366923398af78a54fd60c6ad1b909d40 to remote] DEBUG org.asynchttpclient.netty.request.NettyRequestSender - Using open Channel [id: 0xebe165f5, L:/127.0.0.1:51211 - R:localhost/127.0.0.1:41634] for POST '/session/366923398af78a54fd60c6ad1b909d40/element/7487c1ae-f830-456c-8867-ab5d8ed1b1ad/clear'
16:11:53.281 [AsyncHttpClient-1-23] DEBUG org.asynchttpclient.netty.handler.HttpHandler - 

Request DefaultHttpRequest(decodeResult: success, version: HTTP/1.1)
POST /session/366923398af78a54fd60c6ad1b909d40/element/7487c1ae-f830-456c-8867-ab5d8ed1b1ad/clear HTTP/1.1
User-Agent: selenium/4.8.1 (java windows)
Content-Length: 50
Content-Type: application/json; charset=utf-8
host: localhost:41634
accept: */*

Response DefaultHttpResponse(decodeResult: success, version: HTTP/1.1)
HTTP/1.1 200 OK
Content-Length: 14
Content-Type: application/json; charset=utf-8
cache-control: no-cache

16:11:53.282 [AsyncHttpClient-1-23] DEBUG org.asynchttpclient.netty.channel.ChannelManager - Adding key: http://localhost:41634 for channel [id: 0xebe165f5, L:/127.0.0.1:51211 - R:localhost/127.0.0.1:41634]
16:11:53.282 [Forwarding sendKeysToElement on session 366923398af78a54fd60c6ad1b909d40 to remote] DEBUG org.asynchttpclient.netty.request.NettyRequestSender - Using pooled Channel '[id: 0xebe165f5, L:/127.0.0.1:51211 - R:localhost/127.0.0.1:41634]' for 'POST' to 'http://localhost:41634/session/366923398af78a54fd60c6ad1b909d40/element/7487c1ae-f830-456c-8867-ab5d8ed1b1ad/value'
16:11:53.283 [Forwarding sendKeysToElement on session 366923398af78a54fd60c6ad1b909d40 to remote] DEBUG org.asynchttpclient.netty.request.NettyRequestSender - Using open Channel [id: 0xebe165f5, L:/127.0.0.1:51211 - R:localhost/127.0.0.1:41634] for POST '/session/366923398af78a54fd60c6ad1b909d40/element/7487c1ae-f830-456c-8867-ab5d8ed1b1ad/value'
16:11:53.364 [AsyncHttpClient-1-23] DEBUG org.asynchttpclient.netty.handler.HttpHandler - 

Request DefaultHttpRequest(decodeResult: success, version: HTTP/1.1)
POST /session/366923398af78a54fd60c6ad1b909d40/element/7487c1ae-f830-456c-8867-ab5d8ed1b1ad/value HTTP/1.1
User-Agent: selenium/4.8.1 (java windows)
Content-Length: 271
Content-Type: application/json; charset=utf-8
host: localhost:41634
accept: */*

Response DefaultHttpResponse(decodeResult: success, version: HTTP/1.1)
HTTP/1.1 200 OK
Content-Length: 14
Content-Type: application/json; charset=utf-8
cache-control: no-cache

16:11:53.364 [AsyncHttpClient-1-23] DEBUG org.asynchttpclient.netty.channel.ChannelManager - Adding key: http://localhost:41634 for channel [id: 0xebe165f5, L:/127.0.0.1:51211 - R:localhost/127.0.0.1:41634]
16:11:53.368 [Forwarding getAlertText on session 366923398af78a54fd60c6ad1b909d40 to remote] DEBUG org.asynchttpclient.netty.request.NettyRequestSender - Using pooled Channel '[id: 0xebe165f5, L:/127.0.0.1:51211 - R:localhost/127.0.0.1:41634]' for 'GET' to 'http://localhost:41634/session/366923398af78a54fd60c6ad1b909d40/alert/text'
16:11:53.368 [Forwarding getAlertText on session 366923398af78a54fd60c6ad1b909d40 to remote] DEBUG org.asynchttpclient.netty.request.NettyRequestSender - Using open Channel [id: 0xebe165f5, L:/127.0.0.1:51211 - R:localhost/127.0.0.1:41634] for GET '/session/366923398af78a54fd60c6ad1b909d40/alert/text'
16:11:53.369 [AsyncHttpClient-1-23] DEBUG org.asynchttpclient.netty.handler.HttpHandler - 

Request DefaultFullHttpRequest(decodeResult: success, version: HTTP/1.1, content: EmptyByteBufBE)
GET /session/366923398af78a54fd60c6ad1b909d40/alert/text HTTP/1.1
User-Agent: selenium/4.8.1 (java windows)
Cache-Control: no-cache
Content-Type: application/json; charset=utf-8
host: localhost:41634
accept: */*

Response DefaultHttpResponse(decodeResult: success, version: HTTP/1.1)
HTTP/1.1 404 Not Found
Content-Length: 836
Content-Type: application/json; charset=utf-8
cache-control: no-cache

16:11:53.369 [AsyncHttpClient-1-23] DEBUG org.asynchttpclient.netty.channel.ChannelManager - Adding key: http://localhost:41634 for channel [id: 0xebe165f5, L:/127.0.0.1:51211 - R:localhost/127.0.0.1:41634]
16:11:53.370 [Forwarding getCurrentUrl on session 366923398af78a54fd60c6ad1b909d40 to remote] DEBUG org.asynchttpclient.netty.request.NettyRequestSender - Using pooled Channel '[id: 0xebe165f5, L:/127.0.0.1:51211 - R:localhost/127.0.0.1:41634]' for 'GET' to 'http://localhost:41634/session/366923398af78a54fd60c6ad1b909d40/url'
16:11:53.370 [Forwarding getCurrentUrl on session 366923398af78a54fd60c6ad1b909d40 to remote] DEBUG org.asynchttpclient.netty.request.NettyRequestSender - Using open Channel [id: 0xebe165f5, L:/127.0.0.1:51211 - R:localhost/127.0.0.1:41634] for GET '/session/366923398af78a54fd60c6ad1b909d40/url'
16:11:53.372 [AsyncHttpClient-1-23] DEBUG org.asynchttpclient.netty.handler.HttpHandler - 

Request DefaultFullHttpRequest(decodeResult: success, version: HTTP/1.1, content: EmptyByteBufBE)
GET /session/366923398af78a54fd60c6ad1b909d40/url HTTP/1.1
User-Agent: selenium/4.8.1 (java windows)
Cache-Control: no-cache
Content-Type: application/json; charset=utf-8
host: localhost:41634
accept: */*

Response DefaultHttpResponse(decodeResult: success, version: HTTP/1.1)
HTTP/1.1 200 OK
Content-Length: 51
Content-Type: application/json; charset=utf-8
cache-control: no-cache

16:11:53.372 [AsyncHttpClient-1-23] DEBUG org.asynchttpclient.netty.channel.ChannelManager - Adding key: http://localhost:41634 for channel [id: 0xebe165f5, L:/127.0.0.1:51211 - R:localhost/127.0.0.1:41634]
16:11:53.372 [Forwarding screenshot on session 366923398af78a54fd60c6ad1b909d40 to remote] DEBUG org.asynchttpclient.netty.request.NettyRequestSender - Using pooled Channel '[id: 0xebe165f5, L:/127.0.0.1:51211 - R:localhost/127.0.0.1:41634]' for 'GET' to 'http://localhost:41634/session/366923398af78a54fd60c6ad1b909d40/screenshot'
16:11:53.373 [Forwarding screenshot on session 366923398af78a54fd60c6ad1b909d40 to remote] DEBUG org.asynchttpclient.netty.request.NettyRequestSender - Using open Channel [id: 0xebe165f5, L:/127.0.0.1:51211 - R:localhost/127.0.0.1:41634] for GET '/session/366923398af78a54fd60c6ad1b909d40/screenshot'
16:11:53.474 [AsyncHttpClient-1-23] DEBUG org.asynchttpclient.netty.handler.HttpHandler - 

Request DefaultFullHttpRequest(decodeResult: success, version: HTTP/1.1, content: EmptyByteBufBE)
GET /session/366923398af78a54fd60c6ad1b909d40/screenshot HTTP/1.1
User-Agent: selenium/4.8.1 (java windows)
Cache-Control: no-cache
Content-Type: application/json; charset=utf-8
host: localhost:41634
accept: */*

Response DefaultHttpResponse(decodeResult: success, version: HTTP/1.1)
HTTP/1.1 200 OK
Content-Length: 30816
Content-Type: application/json; charset=utf-8
cache-control: no-cache

16:11:53.475 [AsyncHttpClient-1-23] DEBUG org.asynchttpclient.netty.channel.ChannelManager - Adding key: http://localhost:41634 for channel [id: 0xebe165f5, L:/127.0.0.1:51211 - R:localhost/127.0.0.1:41634]
16:11:53.476 [main] DEBUG net.serenitybdd.core.photography.Darkroom - Send negative for processing for target\site\serenity\4723a93fd029d614558f24001538c5bb791ac8f9d9f55afe2b97fa2d6f6ba14f.png
16:11:53.476 [main] DEBUG net.thucydides.core.steps.StepInterceptor - STEP DONE: inputEmail
  &amp#27;[32mAnd &amp#27;[0m&amp#27;[32mI enter incorrect email&amp#27;[0m            &amp#27;[90m# starter.stepdefinitions.LoginSteps.inputIncorrectEmail()&amp#27;[0m
16:11:53.477 [Darkroom Processing Line] DEBUG net.serenitybdd.core.photography.DarkroomProcessingLine - Processing screenshot image in /var/screenshots/screenshot-9673082280831313755
16:11:53.477 [Darkroom Processing Line] DEBUG net.serenitybdd.core.photography.DarkroomProcessingLine - Saving screenshot to target\site\serenity\4723a93fd029d614558f24001538c5bb791ac8f9d9f55afe2b97fa2d6f6ba14f.png
16:11:53.486 [Forwarding getPageSource on session 366923398af78a54fd60c6ad1b909d40 to remote] DEBUG org.asynchttpclient.netty.request.NettyRequestSender - Using pooled Channel '[id: 0xebe165f5, L:/127.0.0.1:51211 - R:localhost/127.0.0.1:41634]' for 'POST' to 'http://localhost:41634/session/366923398af78a54fd60c6ad1b909d40/execute/sync'
16:11:53.486 [Forwarding getPageSource on session 366923398af78a54fd60c6ad1b909d40 to remote] DEBUG org.asynchttpclient.netty.request.NettyRequestSender - Using open Channel [id: 0xebe165f5, L:/127.0.0.1:51211 - R:localhost/127.0.0.1:41634] for POST '/session/366923398af78a54fd60c6ad1b909d40/execute/sync'
16:11:53.490 [AsyncHttpClient-1-23] DEBUG org.asynchttpclient.netty.handler.HttpHandler - 

Request DefaultHttpRequest(decodeResult: success, version: HTTP/1.1)
POST /session/366923398af78a54fd60c6ad1b909d40/execute/sync HTTP/1.1
User-Agent: selenium/4.8.1 (java windows)
Content-Length: 176
Content-Type: application/json; charset=utf-8
host: localhost:41634
accept: */*

Response DefaultHttpResponse(decodeResult: success, version: HTTP/1.1)
HTTP/1.1 200 OK
Content-Length: 21780
Content-Type: application/json; charset=utf-8
cache-control: no-cache

16:11:53.490 [AsyncHttpClient-1-23] DEBUG org.asynchttpclient.netty.channel.ChannelManager - Adding key: http://localhost:41634 for channel [id: 0xebe165f5, L:/127.0.0.1:51211 - R:localhost/127.0.0.1:41634]
16:11:53.492 [Forwarding getCurrentUrl on session 366923398af78a54fd60c6ad1b909d40 to remote] DEBUG org.asynchttpclient.netty.request.NettyRequestSender - Using pooled Channel '[id: 0xebe165f5, L:/127.0.0.1:51211 - R:localhost/127.0.0.1:41634]' for 'GET' to 'http://localhost:41634/session/366923398af78a54fd60c6ad1b909d40/url'
16:11:53.492 [Forwarding getCurrentUrl on session 366923398af78a54fd60c6ad1b909d40 to remote] DEBUG org.asynchttpclient.netty.request.NettyRequestSender - Using open Channel [id: 0xebe165f5, L:/127.0.0.1:51211 - R:localhost/127.0.0.1:41634] for GET '/session/366923398af78a54fd60c6ad1b909d40/url'
16:11:53.496 [AsyncHttpClient-1-23] DEBUG org.asynchttpclient.netty.handler.HttpHandler - 

Request DefaultFullHttpRequest(decodeResult: success, version: HTTP/1.1, content: EmptyByteBufBE)
GET /session/366923398af78a54fd60c6ad1b909d40/url HTTP/1.1
User-Agent: selenium/4.8.1 (java windows)
Cache-Control: no-cache
Content-Type: application/json; charset=utf-8
host: localhost:41634
accept: */*

Response DefaultHttpResponse(decodeResult: success, version: HTTP/1.1)
HTTP/1.1 200 OK
Content-Length: 51
Content-Type: application/json; charset=utf-8
cache-control: no-cache

16:11:53.496 [AsyncHttpClient-1-23] DEBUG org.asynchttpclient.netty.channel.ChannelManager - Adding key: http://localhost:41634 for channel [id: 0xebe165f5, L:/127.0.0.1:51211 - R:localhost/127.0.0.1:41634]
16:11:53.508 [Forwarding getPageSource on session 366923398af78a54fd60c6ad1b909d40 to remote] DEBUG org.asynchttpclient.netty.request.NettyRequestSender - Using pooled Channel '[id: 0xebe165f5, L:/127.0.0.1:51211 - R:localhost/127.0.0.1:41634]' for 'POST' to 'http://localhost:41634/session/366923398af78a54fd60c6ad1b909d40/execute/sync'
16:11:53.508 [Forwarding getPageSource on session 366923398af78a54fd60c6ad1b909d40 to remote] DEBUG org.asynchttpclient.netty.request.NettyRequestSender - Using open Channel [id: 0xebe165f5, L:/127.0.0.1:51211 - R:localhost/127.0.0.1:41634] for POST '/session/366923398af78a54fd60c6ad1b909d40/execute/sync'
16:11:53.519 [AsyncHttpClient-1-23] DEBUG org.asynchttpclient.netty.handler.HttpHandler - 

Request DefaultHttpRequest(decodeResult: success, version: HTTP/1.1)
POST /session/366923398af78a54fd60c6ad1b909d40/execute/sync HTTP/1.1
User-Agent: selenium/4.8.1 (java windows)
Content-Length: 176
Content-Type: application/json; charset=utf-8
host: localhost:41634
accept: */*

Response DefaultHttpResponse(decodeResult: success, version: HTTP/1.1)
HTTP/1.1 200 OK
Content-Length: 21780
Content-Type: application/json; charset=utf-8
cache-control: no-cache

16:11:53.519 [AsyncHttpClient-1-23] DEBUG org.asynchttpclient.netty.channel.ChannelManager - Adding key: http://localhost:41634 for channel [id: 0xebe165f5, L:/127.0.0.1:51211 - R:localhost/127.0.0.1:41634]
16:11:53.522 [Forwarding getCurrentUrl on session 366923398af78a54fd60c6ad1b909d40 to remote] DEBUG org.asynchttpclient.netty.request.NettyRequestSender - Using pooled Channel '[id: 0xebe165f5, L:/127.0.0.1:51211 - R:localhost/127.0.0.1:41634]' for 'GET' to 'http://localhost:41634/session/366923398af78a54fd60c6ad1b909d40/url'
16:11:53.522 [Forwarding getCurrentUrl on session 366923398af78a54fd60c6ad1b909d40 to remote] DEBUG org.asynchttpclient.netty.request.NettyRequestSender - Using open Channel [id: 0xebe165f5, L:/127.0.0.1:51211 - R:localhost/127.0.0.1:41634] for GET '/session/366923398af78a54fd60c6ad1b909d40/url'
16:11:53.527 [AsyncHttpClient-1-23] DEBUG org.asynchttpclient.netty.handler.HttpHandler - 

Request DefaultFullHttpRequest(decodeResult: success, version: HTTP/1.1, content: EmptyByteBufBE)
GET /session/366923398af78a54fd60c6ad1b909d40/url HTTP/1.1
User-Agent: selenium/4.8.1 (java windows)
Cache-Control: no-cache
Content-Type: application/json; charset=utf-8
host: localhost:41634
accept: */*

Response DefaultHttpResponse(decodeResult: success, version: HTTP/1.1)
HTTP/1.1 200 OK
Content-Length: 51
Content-Type: application/json; charset=utf-8
cache-control: no-cache

16:11:53.528 [AsyncHttpClient-1-23] DEBUG org.asynchttpclient.netty.channel.ChannelManager - Adding key: http://localhost:41634 for channel [id: 0xebe165f5, L:/127.0.0.1:51211 - R:localhost/127.0.0.1:41634]
16:11:53.530 [main] DEBUG net.thucydides.core.steps.StepInterceptor - STARTING STEP: LoginSteps.inputPassword - inputPassword
16:11:53.532 [Forwarding findElement on session 366923398af78a54fd60c6ad1b909d40 to remote] DEBUG org.asynchttpclient.netty.request.NettyRequestSender - Using pooled Channel '[id: 0xebe165f5, L:/127.0.0.1:51211 - R:localhost/127.0.0.1:41634]' for 'POST' to 'http://localhost:41634/session/366923398af78a54fd60c6ad1b909d40/element'
16:11:53.532 [Forwarding findElement on session 366923398af78a54fd60c6ad1b909d40 to remote] DEBUG org.asynchttpclient.netty.request.NettyRequestSender - Using open Channel [id: 0xebe165f5, L:/127.0.0.1:51211 - R:localhost/127.0.0.1:41634] for POST '/session/366923398af78a54fd60c6ad1b909d40/element'
16:11:53.547 [AsyncHttpClient-1-23] DEBUG org.asynchttpclient.netty.handler.HttpHandler - 

Request DefaultHttpRequest(decodeResult: success, version: HTTP/1.1)
POST /session/366923398af78a54fd60c6ad1b909d40/element HTTP/1.1
User-Agent: selenium/4.8.1 (java windows)
Content-Length: 55
Content-Type: application/json; charset=utf-8
host: localhost:41634
accept: */*

Response DefaultHttpResponse(decodeResult: success, version: HTTP/1.1)
HTTP/1.1 200 OK
Content-Length: 88
Content-Type: application/json; charset=utf-8
cache-control: no-cache

16:11:53.548 [AsyncHttpClient-1-23] DEBUG org.asynchttpclient.netty.channel.ChannelManager - Adding key: http://localhost:41634 for channel [id: 0xebe165f5, L:/127.0.0.1:51211 - R:localhost/127.0.0.1:41634]
16:11:53.549 [Forwarding clearElement on session 366923398af78a54fd60c6ad1b909d40 to remote] DEBUG org.asynchttpclient.netty.request.NettyRequestSender - Using pooled Channel '[id: 0xebe165f5, L:/127.0.0.1:51211 - R:localhost/127.0.0.1:41634]' for 'POST' to 'http://localhost:41634/session/366923398af78a54fd60c6ad1b909d40/element/316be35a-6ae7-490f-8d5c-36070157637a/clear'
16:11:53.549 [Forwarding clearElement on session 366923398af78a54fd60c6ad1b909d40 to remote] DEBUG org.asynchttpclient.netty.request.NettyRequestSender - Using open Channel [id: 0xebe165f5, L:/127.0.0.1:51211 - R:localhost/127.0.0.1:41634] for POST '/session/366923398af78a54fd60c6ad1b909d40/element/316be35a-6ae7-490f-8d5c-36070157637a/clear'
16:11:53.585 [AsyncHttpClient-1-23] DEBUG org.asynchttpclient.netty.handler.HttpHandler - 

Request DefaultHttpRequest(decodeResult: success, version: HTTP/1.1)
POST /session/366923398af78a54fd60c6ad1b909d40/element/316be35a-6ae7-490f-8d5c-36070157637a/clear HTTP/1.1
User-Agent: selenium/4.8.1 (java windows)
Content-Length: 50
Content-Type: application/json; charset=utf-8
host: localhost:41634
accept: */*

Response DefaultHttpResponse(decodeResult: success, version: HTTP/1.1)
HTTP/1.1 200 OK
Content-Length: 14
Content-Type: application/json; charset=utf-8
cache-control: no-cache

16:11:53.586 [AsyncHttpClient-1-23] DEBUG org.asynchttpclient.netty.channel.ChannelManager - Adding key: http://localhost:41634 for channel [id: 0xebe165f5, L:/127.0.0.1:51211 - R:localhost/127.0.0.1:41634]
16:11:53.587 [Forwarding sendKeysToElement on session 366923398af78a54fd60c6ad1b909d40 to remote] DEBUG org.asynchttpclient.netty.request.NettyRequestSender - Using pooled Channel '[id: 0xebe165f5, L:/127.0.0.1:51211 - R:localhost/127.0.0.1:41634]' for 'POST' to 'http://localhost:41634/session/366923398af78a54fd60c6ad1b909d40/element/316be35a-6ae7-490f-8d5c-36070157637a/value'
16:11:53.588 [Forwarding sendKeysToElement on session 366923398af78a54fd60c6ad1b909d40 to remote] DEBUG org.asynchttpclient.netty.request.NettyRequestSender - Using open Channel [id: 0xebe165f5, L:/127.0.0.1:51211 - R:localhost/127.0.0.1:41634] for POST '/session/366923398af78a54fd60c6ad1b909d40/element/316be35a-6ae7-490f-8d5c-36070157637a/value'
16:11:53.639 [AsyncHttpClient-1-23] DEBUG org.asynchttpclient.netty.handler.HttpHandler - 

Request DefaultHttpRequest(decodeResult: success, version: HTTP/1.1)
POST /session/366923398af78a54fd60c6ad1b909d40/element/316be35a-6ae7-490f-8d5c-36070157637a/value HTTP/1.1
User-Agent: selenium/4.8.1 (java windows)
Content-Length: 141
Content-Type: application/json; charset=utf-8
host: localhost:41634
accept: */*

Response DefaultHttpResponse(decodeResult: success, version: HTTP/1.1)
HTTP/1.1 200 OK
Content-Length: 14
Content-Type: application/json; charset=utf-8
cache-control: no-cache

16:11:53.640 [AsyncHttpClient-1-23] DEBUG org.asynchttpclient.netty.channel.ChannelManager - Adding key: http://localhost:41634 for channel [id: 0xebe165f5, L:/127.0.0.1:51211 - R:localhost/127.0.0.1:41634]
16:11:53.643 [Forwarding getAlertText on session 366923398af78a54fd60c6ad1b909d40 to remote] DEBUG org.asynchttpclient.netty.request.NettyRequestSender - Using pooled Channel '[id: 0xebe165f5, L:/127.0.0.1:51211 - R:localhost/127.0.0.1:41634]' for 'GET' to 'http://localhost:41634/session/366923398af78a54fd60c6ad1b909d40/alert/text'
16:11:53.643 [Forwarding getAlertText on session 366923398af78a54fd60c6ad1b909d40 to remote] DEBUG org.asynchttpclient.netty.request.NettyRequestSender - Using open Channel [id: 0xebe165f5, L:/127.0.0.1:51211 - R:localhost/127.0.0.1:41634] for GET '/session/366923398af78a54fd60c6ad1b909d40/alert/text'
16:11:53.644 [AsyncHttpClient-1-23] DEBUG org.asynchttpclient.netty.handler.HttpHandler - 

Request DefaultFullHttpRequest(decodeResult: success, version: HTTP/1.1, content: EmptyByteBufBE)
GET /session/366923398af78a54fd60c6ad1b909d40/alert/text HTTP/1.1
User-Agent: selenium/4.8.1 (java windows)
Cache-Control: no-cache
Content-Type: application/json; charset=utf-8
host: localhost:41634
accept: */*

Response DefaultHttpResponse(decodeResult: success, version: HTTP/1.1)
HTTP/1.1 404 Not Found
Content-Length: 836
Content-Type: application/json; charset=utf-8
cache-control: no-cache

16:11:53.645 [AsyncHttpClient-1-23] DEBUG org.asynchttpclient.netty.channel.ChannelManager - Adding key: http://localhost:41634 for channel [id: 0xebe165f5, L:/127.0.0.1:51211 - R:localhost/127.0.0.1:41634]
16:11:53.645 [Forwarding getCurrentUrl on session 366923398af78a54fd60c6ad1b909d40 to remote] DEBUG org.asynchttpclient.netty.request.NettyRequestSender - Using pooled Channel '[id: 0xebe165f5, L:/127.0.0.1:51211 - R:localhost/127.0.0.1:41634]' for 'GET' to 'http://localhost:41634/session/366923398af78a54fd60c6ad1b909d40/url'
16:11:53.645 [Forwarding getCurrentUrl on session 366923398af78a54fd60c6ad1b909d40 to remote] DEBUG org.asynchttpclient.netty.request.NettyRequestSender - Using open Channel [id: 0xebe165f5, L:/127.0.0.1:51211 - R:localhost/127.0.0.1:41634] for GET '/session/366923398af78a54fd60c6ad1b909d40/url'
16:11:53.647 [AsyncHttpClient-1-23] DEBUG org.asynchttpclient.netty.handler.HttpHandler - 

Request DefaultFullHttpRequest(decodeResult: success, version: HTTP/1.1, content: EmptyByteBufBE)
GET /session/366923398af78a54fd60c6ad1b909d40/url HTTP/1.1
User-Agent: selenium/4.8.1 (java windows)
Cache-Control: no-cache
Content-Type: application/json; charset=utf-8
host: localhost:41634
accept: */*

Response DefaultHttpResponse(decodeResult: success, version: HTTP/1.1)
HTTP/1.1 200 OK
Content-Length: 51
Content-Type: application/json; charset=utf-8
cache-control: no-cache

16:11:53.647 [AsyncHttpClient-1-23] DEBUG org.asynchttpclient.netty.channel.ChannelManager - Adding key: http://localhost:41634 for channel [id: 0xebe165f5, L:/127.0.0.1:51211 - R:localhost/127.0.0.1:41634]
16:11:53.647 [Forwarding screenshot on session 366923398af78a54fd60c6ad1b909d40 to remote] DEBUG org.asynchttpclient.netty.request.NettyRequestSender - Using pooled Channel '[id: 0xebe165f5, L:/127.0.0.1:51211 - R:localhost/127.0.0.1:41634]' for 'GET' to 'http://localhost:41634/session/366923398af78a54fd60c6ad1b909d40/screenshot'
16:11:53.647 [Forwarding screenshot on session 366923398af78a54fd60c6ad1b909d40 to remote] DEBUG org.asynchttpclient.netty.request.NettyRequestSender - Using open Channel [id: 0xebe165f5, L:/127.0.0.1:51211 - R:localhost/127.0.0.1:41634] for GET '/session/366923398af78a54fd60c6ad1b909d40/screenshot'
16:11:53.737 [AsyncHttpClient-1-23] DEBUG org.asynchttpclient.netty.handler.HttpHandler - 

Request DefaultFullHttpRequest(decodeResult: success, version: HTTP/1.1, content: EmptyByteBufBE)
GET /session/366923398af78a54fd60c6ad1b909d40/screenshot HTTP/1.1
User-Agent: selenium/4.8.1 (java windows)
Cache-Control: no-cache
Content-Type: application/json; charset=utf-8
host: localhost:41634
accept: */*

Response DefaultHttpResponse(decodeResult: success, version: HTTP/1.1)
HTTP/1.1 200 OK
Content-Length: 31612
Content-Type: application/json; charset=utf-8
cache-control: no-cache

16:11:53.738 [AsyncHttpClient-1-23] DEBUG org.asynchttpclient.netty.channel.ChannelManager - Adding key: http://localhost:41634 for channel [id: 0xebe165f5, L:/127.0.0.1:51211 - R:localhost/127.0.0.1:41634]
16:11:53.739 [main] DEBUG net.serenitybdd.core.photography.Darkroom - Send negative for processing for target\site\serenity\ae6465073231ec268a56e51f1ad0ab63d8c40998bcffa2c07ac3ed0439b5bd97.png
16:11:53.739 [main] DEBUG net.thucydides.core.steps.StepInterceptor - STEP DONE: inputPassword
  &amp#27;[32mAnd &amp#27;[0m&amp#27;[32mI enter correct password&amp#27;[0m           &amp#27;[90m# starter.stepdefinitions.LoginSteps.inputPassword()&amp#27;[0m
16:11:53.739 [Darkroom Processing Line] DEBUG net.serenitybdd.core.photography.DarkroomProcessingLine - Processing screenshot image in /var/screenshots/screenshot-11169692278582599737
16:11:53.739 [Darkroom Processing Line] DEBUG net.serenitybdd.core.photography.DarkroomProcessingLine - Saving screenshot to target\site\serenity\ae6465073231ec268a56e51f1ad0ab63d8c40998bcffa2c07ac3ed0439b5bd97.png
16:11:53.745 [Forwarding getPageSource on session 366923398af78a54fd60c6ad1b909d40 to remote] DEBUG org.asynchttpclient.netty.request.NettyRequestSender - Using pooled Channel '[id: 0xebe165f5, L:/127.0.0.1:51211 - R:localhost/127.0.0.1:41634]' for 'POST' to 'http://localhost:41634/session/366923398af78a54fd60c6ad1b909d40/execute/sync'
16:11:53.745 [Forwarding getPageSource on session 366923398af78a54fd60c6ad1b909d40 to remote] DEBUG org.asynchttpclient.netty.request.NettyRequestSender - Using open Channel [id: 0xebe165f5, L:/127.0.0.1:51211 - R:localhost/127.0.0.1:41634] for POST '/session/366923398af78a54fd60c6ad1b909d40/execute/sync'
16:11:53.751 [AsyncHttpClient-1-23] DEBUG org.asynchttpclient.netty.handler.HttpHandler - 

Request DefaultHttpRequest(decodeResult: success, version: HTTP/1.1)
POST /session/366923398af78a54fd60c6ad1b909d40/execute/sync HTTP/1.1
User-Agent: selenium/4.8.1 (java windows)
Content-Length: 176
Content-Type: application/json; charset=utf-8
host: localhost:41634
accept: */*

Response DefaultHttpResponse(decodeResult: success, version: HTTP/1.1)
HTTP/1.1 200 OK
Content-Length: 21839
Content-Type: application/json; charset=utf-8
cache-control: no-cache

16:11:53.751 [AsyncHttpClient-1-23] DEBUG org.asynchttpclient.netty.channel.ChannelManager - Adding key: http://localhost:41634 for channel [id: 0xebe165f5, L:/127.0.0.1:51211 - R:localhost/127.0.0.1:41634]
16:11:53.752 [Forwarding getCurrentUrl on session 366923398af78a54fd60c6ad1b909d40 to remote] DEBUG org.asynchttpclient.netty.request.NettyRequestSender - Using pooled Channel '[id: 0xebe165f5, L:/127.0.0.1:51211 - R:localhost/127.0.0.1:41634]' for 'GET' to 'http://localhost:41634/session/366923398af78a54fd60c6ad1b909d40/url'
16:11:53.752 [Forwarding getCurrentUrl on session 366923398af78a54fd60c6ad1b909d40 to remote] DEBUG org.asynchttpclient.netty.request.NettyRequestSender - Using open Channel [id: 0xebe165f5, L:/127.0.0.1:51211 - R:localhost/127.0.0.1:41634] for GET '/session/366923398af78a54fd60c6ad1b909d40/url'
16:11:53.756 [AsyncHttpClient-1-23] DEBUG org.asynchttpclient.netty.handler.HttpHandler - 

Request DefaultFullHttpRequest(decodeResult: success, version: HTTP/1.1, content: EmptyByteBufBE)
GET /session/366923398af78a54fd60c6ad1b909d40/url HTTP/1.1
User-Agent: selenium/4.8.1 (java windows)
Cache-Control: no-cache
Content-Type: application/json; charset=utf-8
host: localhost:41634
accept: */*

Response DefaultHttpResponse(decodeResult: success, version: HTTP/1.1)
HTTP/1.1 200 OK
Content-Length: 51
Content-Type: application/json; charset=utf-8
cache-control: no-cache

16:11:53.756 [AsyncHttpClient-1-23] DEBUG org.asynchttpclient.netty.channel.ChannelManager - Adding key: http://localhost:41634 for channel [id: 0xebe165f5, L:/127.0.0.1:51211 - R:localhost/127.0.0.1:41634]
16:11:53.762 [Forwarding getPageSource on session 366923398af78a54fd60c6ad1b909d40 to remote] DEBUG org.asynchttpclient.netty.request.NettyRequestSender - Using pooled Channel '[id: 0xebe165f5, L:/127.0.0.1:51211 - R:localhost/127.0.0.1:41634]' for 'POST' to 'http://localhost:41634/session/366923398af78a54fd60c6ad1b909d40/execute/sync'
16:11:53.762 [Forwarding getPageSource on session 366923398af78a54fd60c6ad1b909d40 to remote] DEBUG org.asynchttpclient.netty.request.NettyRequestSender - Using open Channel [id: 0xebe165f5, L:/127.0.0.1:51211 - R:localhost/127.0.0.1:41634] for POST '/session/366923398af78a54fd60c6ad1b909d40/execute/sync'
16:11:53.766 [AsyncHttpClient-1-23] DEBUG org.asynchttpclient.netty.handler.HttpHandler - 

Request DefaultHttpRequest(decodeResult: success, version: HTTP/1.1)
POST /session/366923398af78a54fd60c6ad1b909d40/execute/sync HTTP/1.1
User-Agent: selenium/4.8.1 (java windows)
Content-Length: 176
Content-Type: application/json; charset=utf-8
host: localhost:41634
accept: */*

Response DefaultHttpResponse(decodeResult: success, version: HTTP/1.1)
HTTP/1.1 200 OK
Content-Length: 21839
Content-Type: application/json; charset=utf-8
cache-control: no-cache

16:11:53.766 [AsyncHttpClient-1-23] DEBUG org.asynchttpclient.netty.channel.ChannelManager - Adding key: http://localhost:41634 for channel [id: 0xebe165f5, L:/127.0.0.1:51211 - R:localhost/127.0.0.1:41634]
16:11:53.767 [Forwarding getCurrentUrl on session 366923398af78a54fd60c6ad1b909d40 to remote] DEBUG org.asynchttpclient.netty.request.NettyRequestSender - Using pooled Channel '[id: 0xebe165f5, L:/127.0.0.1:51211 - R:localhost/127.0.0.1:41634]' for 'GET' to 'http://localhost:41634/session/366923398af78a54fd60c6ad1b909d40/url'
16:11:53.767 [Forwarding getCurrentUrl on session 366923398af78a54fd60c6ad1b909d40 to remote] DEBUG org.asynchttpclient.netty.request.NettyRequestSender - Using open Channel [id: 0xebe165f5, L:/127.0.0.1:51211 - R:localhost/127.0.0.1:41634] for GET '/session/366923398af78a54fd60c6ad1b909d40/url'
16:11:53.770 [AsyncHttpClient-1-23] DEBUG org.asynchttpclient.netty.handler.HttpHandler - 

Request DefaultFullHttpRequest(decodeResult: success, version: HTTP/1.1, content: EmptyByteBufBE)
GET /session/366923398af78a54fd60c6ad1b909d40/url HTTP/1.1
User-Agent: selenium/4.8.1 (java windows)
Cache-Control: no-cache
Content-Type: application/json; charset=utf-8
host: localhost:41634
accept: */*

Response DefaultHttpResponse(decodeResult: success, version: HTTP/1.1)
HTTP/1.1 200 OK
Content-Length: 51
Content-Type: application/json; charset=utf-8
cache-control: no-cache

16:11:53.770 [AsyncHttpClient-1-23] DEBUG org.asynchttpclient.netty.channel.ChannelManager - Adding key: http://localhost:41634 for channel [id: 0xebe165f5, L:/127.0.0.1:51211 - R:localhost/127.0.0.1:41634]
16:11:53.771 [main] DEBUG net.thucydides.core.steps.StepInterceptor - STARTING STEP: LoginSteps.clickLoginButton - clickLoginButton
16:11:53.772 [Forwarding findElement on session 366923398af78a54fd60c6ad1b909d40 to remote] DEBUG org.asynchttpclient.netty.request.NettyRequestSender - Using pooled Channel '[id: 0xebe165f5, L:/127.0.0.1:51211 - R:localhost/127.0.0.1:41634]' for 'POST' to 'http://localhost:41634/session/366923398af78a54fd60c6ad1b909d40/element'
16:11:53.772 [Forwarding findElement on session 366923398af78a54fd60c6ad1b909d40 to remote] DEBUG org.asynchttpclient.netty.request.NettyRequestSender - Using open Channel [id: 0xebe165f5, L:/127.0.0.1:51211 - R:localhost/127.0.0.1:41634] for POST '/session/366923398af78a54fd60c6ad1b909d40/element'
16:11:53.780 [AsyncHttpClient-1-23] DEBUG org.asynchttpclient.netty.handler.HttpHandler - 

Request DefaultHttpRequest(decodeResult: success, version: HTTP/1.1)
POST /session/366923398af78a54fd60c6ad1b909d40/element HTTP/1.1
User-Agent: selenium/4.8.1 (java windows)
Content-Length: 71
Content-Type: application/json; charset=utf-8
host: localhost:41634
accept: */*

Response DefaultHttpResponse(decodeResult: success, version: HTTP/1.1)
HTTP/1.1 200 OK
Content-Length: 88
Content-Type: application/json; charset=utf-8
cache-control: no-cache

16:11:53.780 [AsyncHttpClient-1-23] DEBUG org.asynchttpclient.netty.channel.ChannelManager - Adding key: http://localhost:41634 for channel [id: 0xebe165f5, L:/127.0.0.1:51211 - R:localhost/127.0.0.1:41634]
16:11:53.781 [Forwarding getElementTagName on session 366923398af78a54fd60c6ad1b909d40 to remote] DEBUG org.asynchttpclient.netty.request.NettyRequestSender - Using pooled Channel '[id: 0xebe165f5, L:/127.0.0.1:51211 - R:localhost/127.0.0.1:41634]' for 'GET' to 'http://localhost:41634/session/366923398af78a54fd60c6ad1b909d40/element/77b13452-62f4-4a38-a807-d57363ce187f/name'
16:11:53.781 [Forwarding getElementTagName on session 366923398af78a54fd60c6ad1b909d40 to remote] DEBUG org.asynchttpclient.netty.request.NettyRequestSender - Using open Channel [id: 0xebe165f5, L:/127.0.0.1:51211 - R:localhost/127.0.0.1:41634] for GET '/session/366923398af78a54fd60c6ad1b909d40/element/77b13452-62f4-4a38-a807-d57363ce187f/name'
16:11:53.785 [AsyncHttpClient-1-23] DEBUG org.asynchttpclient.netty.handler.HttpHandler - 

Request DefaultFullHttpRequest(decodeResult: success, version: HTTP/1.1, content: EmptyByteBufBE)
GET /session/366923398af78a54fd60c6ad1b909d40/element/77b13452-62f4-4a38-a807-d57363ce187f/name HTTP/1.1
User-Agent: selenium/4.8.1 (java windows)
Cache-Control: no-cache
Content-Type: application/json; charset=utf-8
host: localhost:41634
accept: */*

Response DefaultHttpResponse(decodeResult: success, version: HTTP/1.1)
HTTP/1.1 200 OK
Content-Length: 18
Content-Type: application/json; charset=utf-8
cache-control: no-cache

16:11:53.785 [AsyncHttpClient-1-23] DEBUG org.asynchttpclient.netty.channel.ChannelManager - Adding key: http://localhost:41634 for channel [id: 0xebe165f5, L:/127.0.0.1:51211 - R:localhost/127.0.0.1:41634]
16:11:53.785 [Forwarding getElementTagName on session 366923398af78a54fd60c6ad1b909d40 to remote] DEBUG org.asynchttpclient.netty.request.NettyRequestSender - Using pooled Channel '[id: 0xebe165f5, L:/127.0.0.1:51211 - R:localhost/127.0.0.1:41634]' for 'GET' to 'http://localhost:41634/session/366923398af78a54fd60c6ad1b909d40/element/77b13452-62f4-4a38-a807-d57363ce187f/name'
16:11:53.785 [Forwarding getElementTagName on session 366923398af78a54fd60c6ad1b909d40 to remote] DEBUG org.asynchttpclient.netty.request.NettyRequestSender - Using open Channel [id: 0xebe165f5, L:/127.0.0.1:51211 - R:localhost/127.0.0.1:41634] for GET '/session/366923398af78a54fd60c6ad1b909d40/element/77b13452-62f4-4a38-a807-d57363ce187f/name'
16:11:53.787 [AsyncHttpClient-1-23] DEBUG org.asynchttpclient.netty.handler.HttpHandler - 

Request DefaultFullHttpRequest(decodeResult: success, version: HTTP/1.1, content: EmptyByteBufBE)
GET /session/366923398af78a54fd60c6ad1b909d40/element/77b13452-62f4-4a38-a807-d57363ce187f/name HTTP/1.1
User-Agent: selenium/4.8.1 (java windows)
Cache-Control: no-cache
Content-Type: application/json; charset=utf-8
host: localhost:41634
accept: */*

Response DefaultHttpResponse(decodeResult: success, version: HTTP/1.1)
HTTP/1.1 200 OK
Content-Length: 18
Content-Type: application/json; charset=utf-8
cache-control: no-cache

16:11:53.787 [AsyncHttpClient-1-23] DEBUG org.asynchttpclient.netty.channel.ChannelManager - Adding key: http://localhost:41634 for channel [id: 0xebe165f5, L:/127.0.0.1:51211 - R:localhost/127.0.0.1:41634]
16:11:53.788 [Forwarding isElementEnabled on session 366923398af78a54fd60c6ad1b909d40 to remote] DEBUG org.asynchttpclient.netty.request.NettyRequestSender - Using pooled Channel '[id: 0xebe165f5, L:/127.0.0.1:51211 - R:localhost/127.0.0.1:41634]' for 'GET' to 'http://localhost:41634/session/366923398af78a54fd60c6ad1b909d40/element/77b13452-62f4-4a38-a807-d57363ce187f/enabled'
16:11:53.788 [Forwarding isElementEnabled on session 366923398af78a54fd60c6ad1b909d40 to remote] DEBUG org.asynchttpclient.netty.request.NettyRequestSender - Using open Channel [id: 0xebe165f5, L:/127.0.0.1:51211 - R:localhost/127.0.0.1:41634] for GET '/session/366923398af78a54fd60c6ad1b909d40/element/77b13452-62f4-4a38-a807-d57363ce187f/enabled'
16:11:53.795 [AsyncHttpClient-1-23] DEBUG org.asynchttpclient.netty.handler.HttpHandler - 

Request DefaultFullHttpRequest(decodeResult: success, version: HTTP/1.1, content: EmptyByteBufBE)
GET /session/366923398af78a54fd60c6ad1b909d40/element/77b13452-62f4-4a38-a807-d57363ce187f/enabled HTTP/1.1
User-Agent: selenium/4.8.1 (java windows)
Cache-Control: no-cache
Content-Type: application/json; charset=utf-8
host: localhost:41634
accept: */*

Response DefaultHttpResponse(decodeResult: success, version: HTTP/1.1)
HTTP/1.1 200 OK
Content-Length: 14
Content-Type: application/json; charset=utf-8
cache-control: no-cache

16:11:53.795 [AsyncHttpClient-1-23] DEBUG org.asynchttpclient.netty.channel.ChannelManager - Adding key: http://localhost:41634 for channel [id: 0xebe165f5, L:/127.0.0.1:51211 - R:localhost/127.0.0.1:41634]
16:11:53.796 [Forwarding isElementEnabled on session 366923398af78a54fd60c6ad1b909d40 to remote] DEBUG org.asynchttpclient.netty.request.NettyRequestSender - Using pooled Channel '[id: 0xebe165f5, L:/127.0.0.1:51211 - R:localhost/127.0.0.1:41634]' for 'GET' to 'http://localhost:41634/session/366923398af78a54fd60c6ad1b909d40/element/77b13452-62f4-4a38-a807-d57363ce187f/enabled'
16:11:53.796 [Forwarding isElementEnabled on session 366923398af78a54fd60c6ad1b909d40 to remote] DEBUG org.asynchttpclient.netty.request.NettyRequestSender - Using open Channel [id: 0xebe165f5, L:/127.0.0.1:51211 - R:localhost/127.0.0.1:41634] for GET '/session/366923398af78a54fd60c6ad1b909d40/element/77b13452-62f4-4a38-a807-d57363ce187f/enabled'
16:11:53.800 [AsyncHttpClient-1-23] DEBUG org.asynchttpclient.netty.handler.HttpHandler - 

Request DefaultFullHttpRequest(decodeResult: success, version: HTTP/1.1, content: EmptyByteBufBE)
GET /session/366923398af78a54fd60c6ad1b909d40/element/77b13452-62f4-4a38-a807-d57363ce187f/enabled HTTP/1.1
User-Agent: selenium/4.8.1 (java windows)
Cache-Control: no-cache
Content-Type: application/json; charset=utf-8
host: localhost:41634
accept: */*

Response DefaultHttpResponse(decodeResult: success, version: HTTP/1.1)
HTTP/1.1 200 OK
Content-Length: 14
Content-Type: application/json; charset=utf-8
cache-control: no-cache

16:11:53.800 [AsyncHttpClient-1-23] DEBUG org.asynchttpclient.netty.channel.ChannelManager - Adding key: http://localhost:41634 for channel [id: 0xebe165f5, L:/127.0.0.1:51211 - R:localhost/127.0.0.1:41634]
16:11:53.802 [Forwarding findElement on session 366923398af78a54fd60c6ad1b909d40 to remote] DEBUG org.asynchttpclient.netty.request.NettyRequestSender - Using pooled Channel '[id: 0xebe165f5, L:/127.0.0.1:51211 - R:localhost/127.0.0.1:41634]' for 'POST' to 'http://localhost:41634/session/366923398af78a54fd60c6ad1b909d40/element'
16:11:53.802 [Forwarding findElement on session 366923398af78a54fd60c6ad1b909d40 to remote] DEBUG org.asynchttpclient.netty.request.NettyRequestSender - Using open Channel [id: 0xebe165f5, L:/127.0.0.1:51211 - R:localhost/127.0.0.1:41634] for POST '/session/366923398af78a54fd60c6ad1b909d40/element'
16:11:53.808 [AsyncHttpClient-1-23] DEBUG org.asynchttpclient.netty.handler.HttpHandler - 

Request DefaultHttpRequest(decodeResult: success, version: HTTP/1.1)
POST /session/366923398af78a54fd60c6ad1b909d40/element HTTP/1.1
User-Agent: selenium/4.8.1 (java windows)
Content-Length: 71
Content-Type: application/json; charset=utf-8
host: localhost:41634
accept: */*

Response DefaultHttpResponse(decodeResult: success, version: HTTP/1.1)
HTTP/1.1 200 OK
Content-Length: 88
Content-Type: application/json; charset=utf-8
cache-control: no-cache

16:11:53.809 [AsyncHttpClient-1-23] DEBUG org.asynchttpclient.netty.channel.ChannelManager - Adding key: http://localhost:41634 for channel [id: 0xebe165f5, L:/127.0.0.1:51211 - R:localhost/127.0.0.1:41634]
16:11:53.809 [Forwarding clickElement on session 366923398af78a54fd60c6ad1b909d40 to remote] DEBUG org.asynchttpclient.netty.request.NettyRequestSender - Using pooled Channel '[id: 0xebe165f5, L:/127.0.0.1:51211 - R:localhost/127.0.0.1:41634]' for 'POST' to 'http://localhost:41634/session/366923398af78a54fd60c6ad1b909d40/element/77b13452-62f4-4a38-a807-d57363ce187f/click'
16:11:53.809 [Forwarding clickElement on session 366923398af78a54fd60c6ad1b909d40 to remote] DEBUG org.asynchttpclient.netty.request.NettyRequestSender - Using open Channel [id: 0xebe165f5, L:/127.0.0.1:51211 - R:localhost/127.0.0.1:41634] for POST '/session/366923398af78a54fd60c6ad1b909d40/element/77b13452-62f4-4a38-a807-d57363ce187f/click'
16:11:53.839 [AsyncHttpClient-1-23] DEBUG org.asynchttpclient.netty.handler.HttpHandler - 

Request DefaultHttpRequest(decodeResult: success, version: HTTP/1.1)
POST /session/366923398af78a54fd60c6ad1b909d40/element/77b13452-62f4-4a38-a807-d57363ce187f/click HTTP/1.1
User-Agent: selenium/4.8.1 (java windows)
Content-Length: 50
Content-Type: application/json; charset=utf-8
host: localhost:41634
accept: */*

Response DefaultHttpResponse(decodeResult: success, version: HTTP/1.1)
HTTP/1.1 200 OK
Content-Length: 14
Content-Type: application/json; charset=utf-8
cache-control: no-cache

16:11:53.839 [AsyncHttpClient-1-23] DEBUG org.asynchttpclient.netty.channel.ChannelManager - Adding key: http://localhost:41634 for channel [id: 0xebe165f5, L:/127.0.0.1:51211 - R:localhost/127.0.0.1:41634]
16:11:53.843 [Forwarding getAlertText on session 366923398af78a54fd60c6ad1b909d40 to remote] DEBUG org.asynchttpclient.netty.request.NettyRequestSender - Using pooled Channel '[id: 0xebe165f5, L:/127.0.0.1:51211 - R:localhost/127.0.0.1:41634]' for 'GET' to 'http://localhost:41634/session/366923398af78a54fd60c6ad1b909d40/alert/text'
16:11:53.843 [Forwarding getAlertText on session 366923398af78a54fd60c6ad1b909d40 to remote] DEBUG org.asynchttpclient.netty.request.NettyRequestSender - Using open Channel [id: 0xebe165f5, L:/127.0.0.1:51211 - R:localhost/127.0.0.1:41634] for GET '/session/366923398af78a54fd60c6ad1b909d40/alert/text'
16:11:53.844 [AsyncHttpClient-1-23] DEBUG org.asynchttpclient.netty.handler.HttpHandler - 

Request DefaultFullHttpRequest(decodeResult: success, version: HTTP/1.1, content: EmptyByteBufBE)
GET /session/366923398af78a54fd60c6ad1b909d40/alert/text HTTP/1.1
User-Agent: selenium/4.8.1 (java windows)
Cache-Control: no-cache
Content-Type: application/json; charset=utf-8
host: localhost:41634
accept: */*

Response DefaultHttpResponse(decodeResult: success, version: HTTP/1.1)
HTTP/1.1 404 Not Found
Content-Length: 836
Content-Type: application/json; charset=utf-8
cache-control: no-cache

16:11:53.844 [AsyncHttpClient-1-23] DEBUG org.asynchttpclient.netty.channel.ChannelManager - Adding key: http://localhost:41634 for channel [id: 0xebe165f5, L:/127.0.0.1:51211 - R:localhost/127.0.0.1:41634]
16:11:53.845 [Forwarding getCurrentUrl on session 366923398af78a54fd60c6ad1b909d40 to remote] DEBUG org.asynchttpclient.netty.request.NettyRequestSender - Using pooled Channel '[id: 0xebe165f5, L:/127.0.0.1:51211 - R:localhost/127.0.0.1:41634]' for 'GET' to 'http://localhost:41634/session/366923398af78a54fd60c6ad1b909d40/url'
16:11:53.845 [Forwarding getCurrentUrl on session 366923398af78a54fd60c6ad1b909d40 to remote] DEBUG org.asynchttpclient.netty.request.NettyRequestSender - Using open Channel [id: 0xebe165f5, L:/127.0.0.1:51211 - R:localhost/127.0.0.1:41634] for GET '/session/366923398af78a54fd60c6ad1b909d40/url'
16:11:53.847 [AsyncHttpClient-1-23] DEBUG org.asynchttpclient.netty.handler.HttpHandler - 

Request DefaultFullHttpRequest(decodeResult: success, version: HTTP/1.1, content: EmptyByteBufBE)
GET /session/366923398af78a54fd60c6ad1b909d40/url HTTP/1.1
User-Agent: selenium/4.8.1 (java windows)
Cache-Control: no-cache
Content-Type: application/json; charset=utf-8
host: localhost:41634
accept: */*

Response DefaultHttpResponse(decodeResult: success, version: HTTP/1.1)
HTTP/1.1 200 OK
Content-Length: 51
Content-Type: application/json; charset=utf-8
cache-control: no-cache

16:11:53.847 [AsyncHttpClient-1-23] DEBUG org.asynchttpclient.netty.channel.ChannelManager - Adding key: http://localhost:41634 for channel [id: 0xebe165f5, L:/127.0.0.1:51211 - R:localhost/127.0.0.1:41634]
16:11:53.847 [Forwarding screenshot on session 366923398af78a54fd60c6ad1b909d40 to remote] DEBUG org.asynchttpclient.netty.request.NettyRequestSender - Using pooled Channel '[id: 0xebe165f5, L:/127.0.0.1:51211 - R:localhost/127.0.0.1:41634]' for 'GET' to 'http://localhost:41634/session/366923398af78a54fd60c6ad1b909d40/screenshot'
16:11:53.847 [Forwarding screenshot on session 366923398af78a54fd60c6ad1b909d40 to remote] DEBUG org.asynchttpclient.netty.request.NettyRequestSender - Using open Channel [id: 0xebe165f5, L:/127.0.0.1:51211 - R:localhost/127.0.0.1:41634] for GET '/session/366923398af78a54fd60c6ad1b909d40/screenshot'
16:11:53.857 [AsyncHttpClient-1-1] DEBUG org.asynchttpclient.netty.channel.DefaultChannelPool - Entry count for : http://localhost:51214 : 1
16:11:53.951 [AsyncHttpClient-1-23] DEBUG org.asynchttpclient.netty.handler.HttpHandler - 

Request DefaultFullHttpRequest(decodeResult: success, version: HTTP/1.1, content: EmptyByteBufBE)
GET /session/366923398af78a54fd60c6ad1b909d40/screenshot HTTP/1.1
User-Agent: selenium/4.8.1 (java windows)
Cache-Control: no-cache
Content-Type: application/json; charset=utf-8
host: localhost:41634
accept: */*

Response DefaultHttpResponse(decodeResult: success, version: HTTP/1.1)
HTTP/1.1 200 OK
Content-Length: 31256
Content-Type: application/json; charset=utf-8
cache-control: no-cache

16:11:53.951 [AsyncHttpClient-1-23] DEBUG org.asynchttpclient.netty.channel.ChannelManager - Adding key: http://localhost:41634 for channel [id: 0xebe165f5, L:/127.0.0.1:51211 - R:localhost/127.0.0.1:41634]
16:11:53.952 [main] DEBUG net.serenitybdd.core.photography.Darkroom - Send negative for processing for target\site\serenity\6c799dcd6d9d8cad17c613c10d9c40ef94479fdc4be53ea0c11e9d4887ccfbc9.png
16:11:53.952 [main] DEBUG net.thucydides.core.steps.StepInterceptor - STEP DONE: clickLoginButton
  &amp#27;[32mWhen &amp#27;[0m&amp#27;[32mI click on the login button&amp#27;[0m       &amp#27;[90m# starter.stepdefinitions.LoginSteps.clickLoginButton()&amp#27;[0m
16:11:53.952 [Darkroom Processing Line] DEBUG net.serenitybdd.core.photography.DarkroomProcessingLine - Processing screenshot image in /var/screenshots/screenshot-12438239076458174365
16:11:53.952 [Darkroom Processing Line] DEBUG net.serenitybdd.core.photography.DarkroomProcessingLine - Saving screenshot to target\site\serenity\6c799dcd6d9d8cad17c613c10d9c40ef94479fdc4be53ea0c11e9d4887ccfbc9.png
16:11:53.959 [Forwarding getPageSource on session 366923398af78a54fd60c6ad1b909d40 to remote] DEBUG org.asynchttpclient.netty.request.NettyRequestSender - Using pooled Channel '[id: 0xebe165f5, L:/127.0.0.1:51211 - R:localhost/127.0.0.1:41634]' for 'POST' to 'http://localhost:41634/session/366923398af78a54fd60c6ad1b909d40/execute/sync'
16:11:53.959 [Forwarding getPageSource on session 366923398af78a54fd60c6ad1b909d40 to remote] DEBUG org.asynchttpclient.netty.request.NettyRequestSender - Using open Channel [id: 0xebe165f5, L:/127.0.0.1:51211 - R:localhost/127.0.0.1:41634] for POST '/session/366923398af78a54fd60c6ad1b909d40/execute/sync'
16:11:53.963 [AsyncHttpClient-1-23] DEBUG org.asynchttpclient.netty.handler.HttpHandler - 

Request DefaultHttpRequest(decodeResult: success, version: HTTP/1.1)
POST /session/366923398af78a54fd60c6ad1b909d40/execute/sync HTTP/1.1
User-Agent: selenium/4.8.1 (java windows)
Content-Length: 176
Content-Type: application/json; charset=utf-8
host: localhost:41634
accept: */*

Response DefaultHttpResponse(decodeResult: success, version: HTTP/1.1)
HTTP/1.1 200 OK
Content-Length: 22118
Content-Type: application/json; charset=utf-8
cache-control: no-cache

16:11:53.963 [AsyncHttpClient-1-23] DEBUG org.asynchttpclient.netty.channel.ChannelManager - Adding key: http://localhost:41634 for channel [id: 0xebe165f5, L:/127.0.0.1:51211 - R:localhost/127.0.0.1:41634]
16:11:53.965 [Forwarding getCurrentUrl on session 366923398af78a54fd60c6ad1b909d40 to remote] DEBUG org.asynchttpclient.netty.request.NettyRequestSender - Using pooled Channel '[id: 0xebe165f5, L:/127.0.0.1:51211 - R:localhost/127.0.0.1:41634]' for 'GET' to 'http://localhost:41634/session/366923398af78a54fd60c6ad1b909d40/url'
16:11:53.965 [Forwarding getCurrentUrl on session 366923398af78a54fd60c6ad1b909d40 to remote] DEBUG org.asynchttpclient.netty.request.NettyRequestSender - Using open Channel [id: 0xebe165f5, L:/127.0.0.1:51211 - R:localhost/127.0.0.1:41634] for GET '/session/366923398af78a54fd60c6ad1b909d40/url'
16:11:53.967 [AsyncHttpClient-1-23] DEBUG org.asynchttpclient.netty.handler.HttpHandler - 

Request DefaultFullHttpRequest(decodeResult: success, version: HTTP/1.1, content: EmptyByteBufBE)
GET /session/366923398af78a54fd60c6ad1b909d40/url HTTP/1.1
User-Agent: selenium/4.8.1 (java windows)
Cache-Control: no-cache
Content-Type: application/json; charset=utf-8
host: localhost:41634
accept: */*

Response DefaultHttpResponse(decodeResult: success, version: HTTP/1.1)
HTTP/1.1 200 OK
Content-Length: 51
Content-Type: application/json; charset=utf-8
cache-control: no-cache

16:11:53.967 [AsyncHttpClient-1-23] DEBUG org.asynchttpclient.netty.channel.ChannelManager - Adding key: http://localhost:41634 for channel [id: 0xebe165f5, L:/127.0.0.1:51211 - R:localhost/127.0.0.1:41634]
16:11:53.975 [Forwarding getPageSource on session 366923398af78a54fd60c6ad1b909d40 to remote] DEBUG org.asynchttpclient.netty.request.NettyRequestSender - Using pooled Channel '[id: 0xebe165f5, L:/127.0.0.1:51211 - R:localhost/127.0.0.1:41634]' for 'POST' to 'http://localhost:41634/session/366923398af78a54fd60c6ad1b909d40/execute/sync'
16:11:53.975 [Forwarding getPageSource on session 366923398af78a54fd60c6ad1b909d40 to remote] DEBUG org.asynchttpclient.netty.request.NettyRequestSender - Using open Channel [id: 0xebe165f5, L:/127.0.0.1:51211 - R:localhost/127.0.0.1:41634] for POST '/session/366923398af78a54fd60c6ad1b909d40/execute/sync'
16:11:53.979 [AsyncHttpClient-1-23] DEBUG org.asynchttpclient.netty.handler.HttpHandler - 

Request DefaultHttpRequest(decodeResult: success, version: HTTP/1.1)
POST /session/366923398af78a54fd60c6ad1b909d40/execute/sync HTTP/1.1
User-Agent: selenium/4.8.1 (java windows)
Content-Length: 176
Content-Type: application/json; charset=utf-8
host: localhost:41634
accept: */*

Response DefaultHttpResponse(decodeResult: success, version: HTTP/1.1)
HTTP/1.1 200 OK
Content-Length: 22118
Content-Type: application/json; charset=utf-8
cache-control: no-cache

16:11:53.979 [AsyncHttpClient-1-23] DEBUG org.asynchttpclient.netty.channel.ChannelManager - Adding key: http://localhost:41634 for channel [id: 0xebe165f5, L:/127.0.0.1:51211 - R:localhost/127.0.0.1:41634]
16:11:53.980 [Forwarding getCurrentUrl on session 366923398af78a54fd60c6ad1b909d40 to remote] DEBUG org.asynchttpclient.netty.request.NettyRequestSender - Using pooled Channel '[id: 0xebe165f5, L:/127.0.0.1:51211 - R:localhost/127.0.0.1:41634]' for 'GET' to 'http://localhost:41634/session/366923398af78a54fd60c6ad1b909d40/url'
16:11:53.980 [Forwarding getCurrentUrl on session 366923398af78a54fd60c6ad1b909d40 to remote] DEBUG org.asynchttpclient.netty.request.NettyRequestSender - Using open Channel [id: 0xebe165f5, L:/127.0.0.1:51211 - R:localhost/127.0.0.1:41634] for GET '/session/366923398af78a54fd60c6ad1b909d40/url'
16:11:53.983 [AsyncHttpClient-1-23] DEBUG org.asynchttpclient.netty.handler.HttpHandler - 

Request DefaultFullHttpRequest(decodeResult: success, version: HTTP/1.1, content: EmptyByteBufBE)
GET /session/366923398af78a54fd60c6ad1b909d40/url HTTP/1.1
User-Agent: selenium/4.8.1 (java windows)
Cache-Control: no-cache
Content-Type: application/json; charset=utf-8
host: localhost:41634
accept: */*

Response DefaultHttpResponse(decodeResult: success, version: HTTP/1.1)
HTTP/1.1 200 OK
Content-Length: 51
Content-Type: application/json; charset=utf-8
cache-control: no-cache

16:11:53.983 [AsyncHttpClient-1-23] DEBUG org.asynchttpclient.netty.channel.ChannelManager - Adding key: http://localhost:41634 for channel [id: 0xebe165f5, L:/127.0.0.1:51211 - R:localhost/127.0.0.1:41634]
16:11:53.986 [main] DEBUG net.thucydides.core.steps.StepInterceptor - STARTING STEP: LoginSteps.alertContent - incorrectAlert
16:11:53.987 [Forwarding findElement on session 366923398af78a54fd60c6ad1b909d40 to remote] DEBUG org.asynchttpclient.netty.request.NettyRequestSender - Using pooled Channel '[id: 0xebe165f5, L:/127.0.0.1:51211 - R:localhost/127.0.0.1:41634]' for 'POST' to 'http://localhost:41634/session/366923398af78a54fd60c6ad1b909d40/element'
16:11:53.988 [Forwarding findElement on session 366923398af78a54fd60c6ad1b909d40 to remote] DEBUG org.asynchttpclient.netty.request.NettyRequestSender - Using open Channel [id: 0xebe165f5, L:/127.0.0.1:51211 - R:localhost/127.0.0.1:41634] for POST '/session/366923398af78a54fd60c6ad1b909d40/element'
16:11:54.252 [AsyncHttpClient-1-23] DEBUG org.asynchttpclient.netty.handler.HttpHandler - 

Request DefaultHttpRequest(decodeResult: success, version: HTTP/1.1)
POST /session/366923398af78a54fd60c6ad1b909d40/element HTTP/1.1
User-Agent: selenium/4.8.1 (java windows)
Content-Length: 54
Content-Type: application/json; charset=utf-8
host: localhost:41634
accept: */*

Response DefaultHttpResponse(decodeResult: success, version: HTTP/1.1)
HTTP/1.1 200 OK
Content-Length: 88
Content-Type: application/json; charset=utf-8
cache-control: no-cache

16:11:54.252 [AsyncHttpClient-1-23] DEBUG org.asynchttpclient.netty.channel.ChannelManager - Adding key: http://localhost:41634 for channel [id: 0xebe165f5, L:/127.0.0.1:51211 - R:localhost/127.0.0.1:41634]
16:11:54.255 [Forwarding isElementDisplayed on session 366923398af78a54fd60c6ad1b909d40 to remote] DEBUG org.asynchttpclient.netty.request.NettyRequestSender - Using pooled Channel '[id: 0xebe165f5, L:/127.0.0.1:51211 - R:localhost/127.0.0.1:41634]' for 'POST' to 'http://localhost:41634/session/366923398af78a54fd60c6ad1b909d40/execute/sync'
16:11:54.255 [Forwarding isElementDisplayed on session 366923398af78a54fd60c6ad1b909d40 to remote] DEBUG org.asynchttpclient.netty.request.NettyRequestSender - Using open Channel [id: 0xebe165f5, L:/127.0.0.1:51211 - R:localhost/127.0.0.1:41634] for POST '/session/366923398af78a54fd60c6ad1b909d40/execute/sync'
16:11:54.263 [AsyncHttpClient-1-23] DEBUG org.asynchttpclient.netty.handler.HttpHandler - 

Request DefaultHttpRequest(decodeResult: success, version: HTTP/1.1)
POST /session/366923398af78a54fd60c6ad1b909d40/execute/sync HTTP/1.1
User-Agent: selenium/4.8.1 (java windows)
Content-Length: 48807
Content-Type: application/json; charset=utf-8
host: localhost:41634
accept: */*

Response DefaultHttpResponse(decodeResult: success, version: HTTP/1.1)
HTTP/1.1 200 OK
Content-Length: 14
Content-Type: application/json; charset=utf-8
cache-control: no-cache

16:11:54.264 [AsyncHttpClient-1-23] DEBUG org.asynchttpclient.netty.channel.ChannelManager - Adding key: http://localhost:41634 for channel [id: 0xebe165f5, L:/127.0.0.1:51211 - R:localhost/127.0.0.1:41634]
16:11:54.266 [Forwarding getAlertText on session 366923398af78a54fd60c6ad1b909d40 to remote] DEBUG org.asynchttpclient.netty.request.NettyRequestSender - Using pooled Channel '[id: 0xebe165f5, L:/127.0.0.1:51211 - R:localhost/127.0.0.1:41634]' for 'GET' to 'http://localhost:41634/session/366923398af78a54fd60c6ad1b909d40/alert/text'
16:11:54.266 [Forwarding getAlertText on session 366923398af78a54fd60c6ad1b909d40 to remote] DEBUG org.asynchttpclient.netty.request.NettyRequestSender - Using open Channel [id: 0xebe165f5, L:/127.0.0.1:51211 - R:localhost/127.0.0.1:41634] for GET '/session/366923398af78a54fd60c6ad1b909d40/alert/text'
16:11:54.268 [AsyncHttpClient-1-23] DEBUG org.asynchttpclient.netty.handler.HttpHandler - 

Request DefaultFullHttpRequest(decodeResult: success, version: HTTP/1.1, content: EmptyByteBufBE)
GET /session/366923398af78a54fd60c6ad1b909d40/alert/text HTTP/1.1
User-Agent: selenium/4.8.1 (java windows)
Cache-Control: no-cache
Content-Type: application/json; charset=utf-8
host: localhost:41634
accept: */*

Response DefaultHttpResponse(decodeResult: success, version: HTTP/1.1)
HTTP/1.1 404 Not Found
Content-Length: 836
Content-Type: application/json; charset=utf-8
cache-control: no-cache

16:11:54.268 [AsyncHttpClient-1-23] DEBUG org.asynchttpclient.netty.channel.ChannelManager - Adding key: http://localhost:41634 for channel [id: 0xebe165f5, L:/127.0.0.1:51211 - R:localhost/127.0.0.1:41634]
16:11:54.269 [Forwarding getCurrentUrl on session 366923398af78a54fd60c6ad1b909d40 to remote] DEBUG org.asynchttpclient.netty.request.NettyRequestSender - Using pooled Channel '[id: 0xebe165f5, L:/127.0.0.1:51211 - R:localhost/127.0.0.1:41634]' for 'GET' to 'http://localhost:41634/session/366923398af78a54fd60c6ad1b909d40/url'
16:11:54.269 [Forwarding getCurrentUrl on session 366923398af78a54fd60c6ad1b909d40 to remote] DEBUG org.asynchttpclient.netty.request.NettyRequestSender - Using open Channel [id: 0xebe165f5, L:/127.0.0.1:51211 - R:localhost/127.0.0.1:41634] for GET '/session/366923398af78a54fd60c6ad1b909d40/url'
16:11:54.271 [AsyncHttpClient-1-23] DEBUG org.asynchttpclient.netty.handler.HttpHandler - 

Request DefaultFullHttpRequest(decodeResult: success, version: HTTP/1.1, content: EmptyByteBufBE)
GET /session/366923398af78a54fd60c6ad1b909d40/url HTTP/1.1
User-Agent: selenium/4.8.1 (java windows)
Cache-Control: no-cache
Content-Type: application/json; charset=utf-8
host: localhost:41634
accept: */*

Response DefaultHttpResponse(decodeResult: success, version: HTTP/1.1)
HTTP/1.1 200 OK
Content-Length: 51
Content-Type: application/json; charset=utf-8
cache-control: no-cache

16:11:54.272 [AsyncHttpClient-1-23] DEBUG org.asynchttpclient.netty.channel.ChannelManager - Adding key: http://localhost:41634 for channel [id: 0xebe165f5, L:/127.0.0.1:51211 - R:localhost/127.0.0.1:41634]
16:11:54.272 [Forwarding screenshot on session 366923398af78a54fd60c6ad1b909d40 to remote] DEBUG org.asynchttpclient.netty.request.NettyRequestSender - Using pooled Channel '[id: 0xebe165f5, L:/127.0.0.1:51211 - R:localhost/127.0.0.1:41634]' for 'GET' to 'http://localhost:41634/session/366923398af78a54fd60c6ad1b909d40/screenshot'
16:11:54.272 [Forwarding screenshot on session 366923398af78a54fd60c6ad1b909d40 to remote] DEBUG org.asynchttpclient.netty.request.NettyRequestSender - Using open Channel [id: 0xebe165f5, L:/127.0.0.1:51211 - R:localhost/127.0.0.1:41634] for GET '/session/366923398af78a54fd60c6ad1b909d40/screenshot'
16:11:54.355 [AsyncHttpClient-1-23] DEBUG org.asynchttpclient.netty.handler.HttpHandler - 

Request DefaultFullHttpRequest(decodeResult: success, version: HTTP/1.1, content: EmptyByteBufBE)
GET /session/366923398af78a54fd60c6ad1b909d40/screenshot HTTP/1.1
User-Agent: selenium/4.8.1 (java windows)
Cache-Control: no-cache
Content-Type: application/json; charset=utf-8
host: localhost:41634
accept: */*

Response DefaultHttpResponse(decodeResult: success, version: HTTP/1.1)
HTTP/1.1 200 OK
Content-Length: 34436
Content-Type: application/json; charset=utf-8
cache-control: no-cache

16:11:54.355 [AsyncHttpClient-1-23] DEBUG org.asynchttpclient.netty.channel.ChannelManager - Adding key: http://localhost:41634 for channel [id: 0xebe165f5, L:/127.0.0.1:51211 - R:localhost/127.0.0.1:41634]
16:11:54.356 [main] DEBUG net.serenitybdd.core.photography.Darkroom - Send negative for processing for target\site\serenity\48dba5d68329dfa50cc00e0fa459521472e699698bf4a06231e11715e089237c.png
16:11:54.356 [main] DEBUG net.thucydides.core.steps.StepInterceptor - STEP DONE: incorrectAlert
  &amp#27;[32mThen &amp#27;[0m&amp#27;[32mI should see the error message&amp#27;[0m    &amp#27;[90m# starter.stepdefinitions.LoginSteps.alertContent()&amp#27;[0m
16:11:54.356 [Darkroom Processing Line] DEBUG net.serenitybdd.core.photography.DarkroomProcessingLine - Processing screenshot image in /var/screenshots/screenshot-17887745795995462608
16:11:54.356 [Darkroom Processing Line] DEBUG net.serenitybdd.core.photography.DarkroomProcessingLine - Saving screenshot to target\site\serenity\48dba5d68329dfa50cc00e0fa459521472e699698bf4a06231e11715e089237c.png
16:11:54.360 [main] INFO  - 
  _____   ___   ___   _____     ___     _     ___   ___   ___   ___  
 |_   _| | __| / __| |_   _|   | _ \   /_\   / __| / __| | __| |   \ 
   | |   | _|  \__ \   | |     |  _/  / _ \  \__ \ \__ \ | _|  | |) |
   |_|   |___| |___/   |_|     |_|   /_/ \_\ |___/ |___/ |___| |___/ 

Login with wrong email
----------------------------------------------------------------------
16:11:54.361 [AsyncHttpClient-1-25] DEBUG org.asynchttpclient.netty.handler.WebSocketHandler - Channel Closed: [id: 0xfdf5687e, L:/127.0.0.1:51223 ! R:localhost/127.0.0.1:51214] with attribute NettyResponseFuture{currentRetry=0,
	isDone=1,
	isCancelled=0,
	asyncHandler=org.asynchttpclient.ws.WebSocketUpgradeHandler@38de822f,
	nettyRequest=org.asynchttpclient.netty.request.NettyRequest@7ddc1b50,
	future=java.util.concurrent.CompletableFuture@78b579a5[Completed normally],
	uri=ws://localhost:51214/devtools/browser/2e6a5651-82f1-4b06-ac3d-93a7e8e71fa3,
	keepAlive=true,
	redirectCount=0,
	timeoutsHolder=null,
	inAuth=0,
	touch=1683537108393}
16:11:54.361 [Driver Command Executor] DEBUG org.asynchttpclient.netty.request.NettyRequestSender - Using pooled Channel '[id: 0xebe165f5, L:/127.0.0.1:51211 - R:localhost/127.0.0.1:41634]' for 'DELETE' to 'http://localhost:41634/session/366923398af78a54fd60c6ad1b909d40'
16:11:54.361 [AsyncHttpClient-1-25] DEBUG org.asynchttpclient.netty.channel.ChannelManager - Closing Channel [id: 0xfdf5687e, L:/127.0.0.1:51223 ! R:localhost/127.0.0.1:51214] 
16:11:54.361 [Driver Command Executor] DEBUG org.asynchttpclient.netty.request.NettyRequestSender - Using open Channel [id: 0xebe165f5, L:/127.0.0.1:51211 - R:localhost/127.0.0.1:41634] for DELETE '/session/366923398af78a54fd60c6ad1b909d40'
16:11:54.390 [AsyncHttpClient-1-24] DEBUG org.asynchttpclient.netty.handler.HttpHandler - Unexpected I/O exception on channel [id: 0x24eb8f97, L:/127.0.0.1:51222 - R:localhost/127.0.0.1:51214]
java.net.SocketException: Connection reset
	at java.base/sun.nio.ch.SocketChannelImpl.throwConnectionReset(SocketChannelImpl.java:367)
	at java.base/sun.nio.ch.SocketChannelImpl.read(SocketChannelImpl.java:398)
	at io.netty.buffer.PooledByteBuf.setBytes(PooledByteBuf.java:259)
	at io.netty.buffer.AbstractByteBuf.writeBytes(AbstractByteBuf.java:1132)
	at io.netty.channel.socket.nio.NioSocketChannel.doReadBytes(NioSocketChannel.java:357)
	at io.netty.channel.nio.AbstractNioByteChannel$NioByteUnsafe.read(AbstractNioByteChannel.java:151)
	at io.netty.channel.nio.NioEventLoop.processSelectedKey(NioEventLoop.java:788)
	at io.netty.channel.nio.NioEventLoop.processSelectedKeysOptimized(NioEventLoop.java:724)
	at io.netty.channel.nio.NioEventLoop.processSelectedKeys(NioEventLoop.java:650)
	at io.netty.channel.nio.NioEventLoop.run(NioEventLoop.java:562)
	at io.netty.util.concurrent.SingleThreadEventExecutor$4.run(SingleThreadEventExecutor.java:997)
	at io.netty.util.internal.ThreadExecutorMap$2.run(ThreadExecutorMap.java:74)
	at io.netty.util.concurrent.FastThreadLocalRunnable.run(FastThreadLocalRunnable.java:30)
	at java.base/java.lang.Thread.run(Thread.java:832)
16:11:54.390 [AsyncHttpClient-1-24] DEBUG org.asynchttpclient.netty.channel.ChannelManager - Closing Channel [id: 0x24eb8f97, L:/127.0.0.1:51222 - R:localhost/127.0.0.1:51214] 
16:11:54.390 [AsyncHttpClient-1-24] DEBUG org.asynchttpclient.netty.handler.HttpHandler - Channel Closed: [id: 0x24eb8f97, L:/127.0.0.1:51222 ! R:localhost/127.0.0.1:51214] with attribute DISCARD
16:11:54.399 [AsyncHttpClient-1-23] DEBUG org.asynchttpclient.netty.handler.HttpHandler - 

Request DefaultFullHttpRequest(decodeResult: success, version: HTTP/1.1, content: EmptyByteBufBE)
DELETE /session/366923398af78a54fd60c6ad1b909d40 HTTP/1.1
User-Agent: selenium/4.8.1 (java windows)
Content-Type: application/json; charset=utf-8
host: localhost:41634
accept: */*

Response DefaultHttpResponse(decodeResult: success, version: HTTP/1.1)
HTTP/1.1 200 OK
Content-Length: 14
Content-Type: application/json; charset=utf-8
cache-control: no-cache

16:11:54.399 [AsyncHttpClient-1-23] DEBUG org.asynchttpclient.netty.channel.ChannelManager - Adding key: http://localhost:41634 for channel [id: 0xebe165f5, L:/127.0.0.1:51211 - R:localhost/127.0.0.1:41634]
16:11:54.485 [AsyncHttpClient-1-23] DEBUG org.asynchttpclient.netty.handler.HttpHandler - Channel Closed: [id: 0xebe165f5, L:/127.0.0.1:51211 ! R:localhost/127.0.0.1:41634] with attribute DISCARD
16:11:54.960 [AsyncHttpClient-1-1] DEBUG org.asynchttpclient.netty.channel.DefaultChannelPool - Entry count for : http://localhost:41634 : 1
16:11:54.960 [AsyncHttpClient-1-1] DEBUG org.asynchttpclient.netty.channel.DefaultChannelPool - Entry count for : http://localhost:51214 : 1
16:11:54.960 [AsyncHttpClient-1-1] DEBUG org.asynchttpclient.netty.channel.DefaultChannelPool - Adding Candidate expired Channel [id: 0xebe165f5, L:/127.0.0.1:51211 ! R:localhost/127.0.0.1:41634] isIdleTimeoutExpired=false isRemotelyClosed=true isTtlExpired=false
16:11:54.960 [AsyncHttpClient-1-1] DEBUG org.asynchttpclient.netty.channel.DefaultChannelPool - Closing Idle Channel [id: 0xebe165f5, L:/127.0.0.1:51211 ! R:localhost/127.0.0.1:41634]
16:11:54.960 [AsyncHttpClient-1-1] DEBUG org.asynchttpclient.netty.channel.DefaultChannelPool - Adding Candidate expired Channel [id: 0x24eb8f97, L:/127.0.0.1:51222 ! R:localhost/127.0.0.1:51214] isIdleTimeoutExpired=false isRemotelyClosed=true isTtlExpired=false
16:11:54.960 [AsyncHttpClient-1-1] DEBUG org.asynchttpclient.netty.channel.DefaultChannelPool - Closing Idle Channel [id: 0x24eb8f97, L:/127.0.0.1:51222 ! R:localhost/127.0.0.1:51214]
16:11:54.960 [AsyncHttpClient-1-1] DEBUG org.asynchttpclient.netty.channel.DefaultChannelPool - Closed 2 connections out of 2 in 0 ms
]]></system-out>
    <system-err><![CDATA[Starting ChromeDriver 111.0.5563.64 (c710e93d5b63b7095afe8c2c17df34408078439d-refs/branch-heads/5563@{#995}) on port 41634
Only local connections are allowed.
Please see https://chromedriver.chromium.org/security-considerations for suggestions on keeping ChromeDriver safe.
ChromeDriver was started successfully.
[1683537108.370][WARNING]: This version of ChromeDriver has not been tested with Chrome version 112.
May 08, 2023 4:11:48 PM org.openqa.selenium.devtools.CdpVersionFinder findNearestMatch
WARNING: Unable to find an exact match for CDP version 112, so returning the closest version found: 110
]]></system-err>
  </testcase>
  <testcase name="Login with invalid email" classname="Login to Alta-shop Account" time="14.23">
    <system-out><![CDATA[
Scenario: Login with invalid email       &amp#27;[90m# src/test/resources/features/2. Login.feature:28&amp#27;[0m
16:11:55.014 [main] DEBUG io.cucumber.core.plugin.SerenityReporter - Running feature from file:///C:/Users/WINDOWS%2010/Documents/GitHub/MiniProject_QE/Web/code/minpro/src/test/resources/features/2.%20Login.feature
16:11:55.018 [main] INFO  - 
  _____   ___   ___   _____     ___   _____     _     ___   _____   ___   ___  
 |_   _| | __| / __| |_   _|   / __| |_   _|   /_\   | _ \ |_   _| | __| |   \ 
   | |   | _|  \__ \   | |     \__ \   | |    / _ \  |   /   | |   | _|  | |) |
   |_|   |___| |___/   |_|     |___/   |_|   /_/ \_\ |_|_\   |_|   |___| |___/ 

Login with invalid email(login-to-alta-shop-account;login-with-invalid-email)
--------------------------------------------------------------------------------
16:11:55.045 [main] DEBUG net.thucydides.core.steps.StepInterceptor - STARTING STEP: LoginSteps.onTheLoginPage - openPage
16:11:55.077 [main] INFO net.serenitybdd.core.webdriver.driverproviders.ChromeDriverProvider - Starting Chrome driver instance with capabilities:
16:11:55.078 [main] INFO net.serenitybdd.core.webdriver.driverproviders.ChromeDriverProvider - Capabilities {acceptInsecureCerts: false, browserName: chrome, goog:chromeOptions: {args: [remote-allow-origins=*], extensions: []}}
16:11:55.683 [AsyncHttpClient-1-26] DEBUG org.asynchttpclient.netty.channel.NettyConnectListener - Using new Channel '[id: 0x7f4f0277, L:/127.0.0.1:51250 - R:localhost/127.0.0.1:36047]' for 'POST' to '/session'
16:11:56.285 [AsyncHttpClient-1-26] DEBUG org.asynchttpclient.netty.handler.HttpHandler - 

Request DefaultHttpRequest(decodeResult: success, version: HTTP/1.1)
POST /session HTTP/1.1
User-Agent: selenium/4.8.1 (java windows)
Content-Length: 507
Content-Type: application/json; charset=utf-8
host: localhost:36047
accept: */*

Response DefaultHttpResponse(decodeResult: success, version: HTTP/1.1)
HTTP/1.1 200 OK
Content-Length: 862
Content-Type: application/json; charset=utf-8
cache-control: no-cache

16:11:56.285 [AsyncHttpClient-1-26] DEBUG org.asynchttpclient.netty.channel.ChannelManager - Adding key: http://localhost:36047 for channel [id: 0x7f4f0277, L:/127.0.0.1:51250 - R:localhost/127.0.0.1:36047]
16:11:56.290 [AsyncHttpClient-1-27] DEBUG org.asynchttpclient.netty.channel.NettyConnectListener - Using new Channel '[id: 0x50b8cfd2, L:/127.0.0.1:51257 - R:localhost/127.0.0.1:51251]' for 'GET' to '/json/version'
16:11:56.291 [AsyncHttpClient-1-27] DEBUG org.asynchttpclient.netty.handler.HttpHandler - 

Request DefaultFullHttpRequest(decodeResult: success, version: HTTP/1.1, content: EmptyByteBufBE)
GET /json/version HTTP/1.1
User-Agent: selenium/4.8.1 (java windows)
host: localhost:51251
accept: */*

Response DefaultHttpResponse(decodeResult: success, version: HTTP/1.1)
HTTP/1.1 200 OK
Content-Security-Policy: frame-ancestors 'none'
Content-Length: 424
Content-Type: application/json; charset=UTF-8

16:11:56.291 [AsyncHttpClient-1-27] DEBUG org.asynchttpclient.netty.channel.ChannelManager - Adding key: http://localhost:51251 for channel [id: 0x50b8cfd2, L:/127.0.0.1:51257 - R:localhost/127.0.0.1:51251]
16:11:56.293 [AsyncHttpClient-1-28] DEBUG org.asynchttpclient.netty.channel.NettyConnectListener - Using new Channel '[id: 0xd04a16e1, L:/127.0.0.1:51258 - R:localhost/127.0.0.1:51251]' for 'GET' to '/devtools/browser/ed9b3313-73f4-4542-bad4-a56fa615b23f'
16:11:56.295 [AsyncHttpClient-1-28] DEBUG org.asynchttpclient.netty.handler.WebSocketHandler - 

Request DefaultFullHttpRequest(decodeResult: success, version: HTTP/1.1, content: EmptyByteBufBE)
GET /devtools/browser/ed9b3313-73f4-4542-bad4-a56fa615b23f HTTP/1.1
upgrade: websocket
connection: upgrade
sec-websocket-key: gW1mJHxxG0NRL7X11OPpXg==
sec-websocket-version: 13
origin: http://localhost:51251
host: localhost:51251
accept: */*
user-agent: AHC/2.1

Response DefaultHttpResponse(decodeResult: success, version: HTTP/1.1)
HTTP/1.1 101 WebSocket Protocol Handshake
Upgrade: WebSocket
Connection: Upgrade
Sec-WebSocket-Accept: RZLouQPlB5tKJuOMt3APJZep+kE=

16:11:56.297 [Forwarding get on session 6531f6f113e824c28d48a92c4f56025b to remote] DEBUG org.asynchttpclient.netty.request.NettyRequestSender - Using pooled Channel '[id: 0x7f4f0277, L:/127.0.0.1:51250 - R:localhost/127.0.0.1:36047]' for 'POST' to 'http://localhost:36047/session/6531f6f113e824c28d48a92c4f56025b/url'
16:11:56.297 [Forwarding get on session 6531f6f113e824c28d48a92c4f56025b to remote] DEBUG org.asynchttpclient.netty.request.NettyRequestSender - Using open Channel [id: 0x7f4f0277, L:/127.0.0.1:51250 - R:localhost/127.0.0.1:36047] for POST '/session/6531f6f113e824c28d48a92c4f56025b/url'
16:11:57.162 [AsyncHttpClient-1-1] DEBUG org.asynchttpclient.netty.channel.DefaultChannelPool - Entry count for : http://localhost:51251 : 1
16:11:58.267 [AsyncHttpClient-1-1] DEBUG org.asynchttpclient.netty.channel.DefaultChannelPool - Entry count for : http://localhost:51251 : 1
16:11:59.357 [AsyncHttpClient-1-1] DEBUG org.asynchttpclient.netty.channel.DefaultChannelPool - Entry count for : http://localhost:51251 : 1
16:12:00.457 [AsyncHttpClient-1-1] DEBUG org.asynchttpclient.netty.channel.DefaultChannelPool - Entry count for : http://localhost:51251 : 1
16:12:01.562 [AsyncHttpClient-1-1] DEBUG org.asynchttpclient.netty.channel.DefaultChannelPool - Entry count for : http://localhost:51251 : 1
16:12:02.661 [AsyncHttpClient-1-1] DEBUG org.asynchttpclient.netty.channel.DefaultChannelPool - Entry count for : http://localhost:51251 : 1
16:12:03.761 [AsyncHttpClient-1-1] DEBUG org.asynchttpclient.netty.channel.DefaultChannelPool - Entry count for : http://localhost:51251 : 1
16:12:04.856 [AsyncHttpClient-1-1] DEBUG org.asynchttpclient.netty.channel.DefaultChannelPool - Entry count for : http://localhost:51251 : 1
16:12:05.956 [AsyncHttpClient-1-1] DEBUG org.asynchttpclient.netty.channel.DefaultChannelPool - Entry count for : http://localhost:51251 : 1
16:12:07.060 [AsyncHttpClient-1-1] DEBUG org.asynchttpclient.netty.channel.DefaultChannelPool - Entry count for : http://localhost:51251 : 1
16:12:07.467 [AsyncHttpClient-1-26] DEBUG org.asynchttpclient.netty.handler.HttpHandler - 

Request DefaultHttpRequest(decodeResult: success, version: HTTP/1.1)
POST /session/6531f6f113e824c28d48a92c4f56025b/url HTTP/1.1
User-Agent: selenium/4.8.1 (java windows)
Content-Length: 74
Content-Type: application/json; charset=utf-8
host: localhost:36047
accept: */*

Response DefaultHttpResponse(decodeResult: success, version: HTTP/1.1)
HTTP/1.1 200 OK
Content-Length: 14
Content-Type: application/json; charset=utf-8
cache-control: no-cache

16:12:07.467 [AsyncHttpClient-1-26] DEBUG org.asynchttpclient.netty.channel.ChannelManager - Adding key: http://localhost:36047 for channel [id: 0x7f4f0277, L:/127.0.0.1:51250 - R:localhost/127.0.0.1:36047]
16:12:07.468 [Forwarding setTimeout on session 6531f6f113e824c28d48a92c4f56025b to remote] DEBUG org.asynchttpclient.netty.request.NettyRequestSender - Using pooled Channel '[id: 0x7f4f0277, L:/127.0.0.1:51250 - R:localhost/127.0.0.1:36047]' for 'POST' to 'http://localhost:36047/session/6531f6f113e824c28d48a92c4f56025b/timeouts'
16:12:07.468 [Forwarding setTimeout on session 6531f6f113e824c28d48a92c4f56025b to remote] DEBUG org.asynchttpclient.netty.request.NettyRequestSender - Using open Channel [id: 0x7f4f0277, L:/127.0.0.1:51250 - R:localhost/127.0.0.1:36047] for POST '/session/6531f6f113e824c28d48a92c4f56025b/timeouts'
16:12:07.469 [AsyncHttpClient-1-26] DEBUG org.asynchttpclient.netty.handler.HttpHandler - 

Request DefaultHttpRequest(decodeResult: success, version: HTTP/1.1)
POST /session/6531f6f113e824c28d48a92c4f56025b/timeouts HTTP/1.1
User-Agent: selenium/4.8.1 (java windows)
Content-Length: 22
Content-Type: application/json; charset=utf-8
host: localhost:36047
accept: */*

Response DefaultHttpResponse(decodeResult: success, version: HTTP/1.1)
HTTP/1.1 200 OK
Content-Length: 14
Content-Type: application/json; charset=utf-8
cache-control: no-cache

16:12:07.469 [AsyncHttpClient-1-26] DEBUG org.asynchttpclient.netty.channel.ChannelManager - Adding key: http://localhost:36047 for channel [id: 0x7f4f0277, L:/127.0.0.1:51250 - R:localhost/127.0.0.1:36047]
16:12:07.472 [Forwarding getAlertText on session 6531f6f113e824c28d48a92c4f56025b to remote] DEBUG org.asynchttpclient.netty.request.NettyRequestSender - Using pooled Channel '[id: 0x7f4f0277, L:/127.0.0.1:51250 - R:localhost/127.0.0.1:36047]' for 'GET' to 'http://localhost:36047/session/6531f6f113e824c28d48a92c4f56025b/alert/text'
16:12:07.472 [Forwarding getAlertText on session 6531f6f113e824c28d48a92c4f56025b to remote] DEBUG org.asynchttpclient.netty.request.NettyRequestSender - Using open Channel [id: 0x7f4f0277, L:/127.0.0.1:51250 - R:localhost/127.0.0.1:36047] for GET '/session/6531f6f113e824c28d48a92c4f56025b/alert/text'
16:12:07.473 [AsyncHttpClient-1-26] DEBUG org.asynchttpclient.netty.handler.HttpHandler - 

Request DefaultFullHttpRequest(decodeResult: success, version: HTTP/1.1, content: EmptyByteBufBE)
GET /session/6531f6f113e824c28d48a92c4f56025b/alert/text HTTP/1.1
User-Agent: selenium/4.8.1 (java windows)
Cache-Control: no-cache
Content-Type: application/json; charset=utf-8
host: localhost:36047
accept: */*

Response DefaultHttpResponse(decodeResult: success, version: HTTP/1.1)
HTTP/1.1 404 Not Found
Content-Length: 836
Content-Type: application/json; charset=utf-8
cache-control: no-cache

16:12:07.473 [AsyncHttpClient-1-26] DEBUG org.asynchttpclient.netty.channel.ChannelManager - Adding key: http://localhost:36047 for channel [id: 0x7f4f0277, L:/127.0.0.1:51250 - R:localhost/127.0.0.1:36047]
16:12:07.474 [Forwarding getCurrentUrl on session 6531f6f113e824c28d48a92c4f56025b to remote] DEBUG org.asynchttpclient.netty.request.NettyRequestSender - Using pooled Channel '[id: 0x7f4f0277, L:/127.0.0.1:51250 - R:localhost/127.0.0.1:36047]' for 'GET' to 'http://localhost:36047/session/6531f6f113e824c28d48a92c4f56025b/url'
16:12:07.474 [Forwarding getCurrentUrl on session 6531f6f113e824c28d48a92c4f56025b to remote] DEBUG org.asynchttpclient.netty.request.NettyRequestSender - Using open Channel [id: 0x7f4f0277, L:/127.0.0.1:51250 - R:localhost/127.0.0.1:36047] for GET '/session/6531f6f113e824c28d48a92c4f56025b/url'
16:12:07.477 [AsyncHttpClient-1-26] DEBUG org.asynchttpclient.netty.handler.HttpHandler - 

Request DefaultFullHttpRequest(decodeResult: success, version: HTTP/1.1, content: EmptyByteBufBE)
GET /session/6531f6f113e824c28d48a92c4f56025b/url HTTP/1.1
User-Agent: selenium/4.8.1 (java windows)
Cache-Control: no-cache
Content-Type: application/json; charset=utf-8
host: localhost:36047
accept: */*

Response DefaultHttpResponse(decodeResult: success, version: HTTP/1.1)
HTTP/1.1 200 OK
Content-Length: 51
Content-Type: application/json; charset=utf-8
cache-control: no-cache

16:12:07.477 [AsyncHttpClient-1-26] DEBUG org.asynchttpclient.netty.channel.ChannelManager - Adding key: http://localhost:36047 for channel [id: 0x7f4f0277, L:/127.0.0.1:51250 - R:localhost/127.0.0.1:36047]
16:12:07.477 [Forwarding screenshot on session 6531f6f113e824c28d48a92c4f56025b to remote] DEBUG org.asynchttpclient.netty.request.NettyRequestSender - Using pooled Channel '[id: 0x7f4f0277, L:/127.0.0.1:51250 - R:localhost/127.0.0.1:36047]' for 'GET' to 'http://localhost:36047/session/6531f6f113e824c28d48a92c4f56025b/screenshot'
16:12:07.477 [Forwarding screenshot on session 6531f6f113e824c28d48a92c4f56025b to remote] DEBUG org.asynchttpclient.netty.request.NettyRequestSender - Using open Channel [id: 0x7f4f0277, L:/127.0.0.1:51250 - R:localhost/127.0.0.1:36047] for GET '/session/6531f6f113e824c28d48a92c4f56025b/screenshot'
16:12:07.546 [AsyncHttpClient-1-26] DEBUG org.asynchttpclient.netty.handler.HttpHandler - 

Request DefaultFullHttpRequest(decodeResult: success, version: HTTP/1.1, content: EmptyByteBufBE)
GET /session/6531f6f113e824c28d48a92c4f56025b/screenshot HTTP/1.1
User-Agent: selenium/4.8.1 (java windows)
Cache-Control: no-cache
Content-Type: application/json; charset=utf-8
host: localhost:36047
accept: */*

Response DefaultHttpResponse(decodeResult: success, version: HTTP/1.1)
HTTP/1.1 200 OK
Content-Length: 25208
Content-Type: application/json; charset=utf-8
cache-control: no-cache

16:12:07.546 [AsyncHttpClient-1-26] DEBUG org.asynchttpclient.netty.channel.ChannelManager - Adding key: http://localhost:36047 for channel [id: 0x7f4f0277, L:/127.0.0.1:51250 - R:localhost/127.0.0.1:36047]
16:12:07.547 [main] DEBUG net.serenitybdd.core.photography.Darkroom - Send negative for processing for target\site\serenity\edb14d4aab401efa0e4fb99861e6ffcafebc86a67b69f7828890b9910ed2ddbd.png
16:12:07.547 [main] DEBUG net.thucydides.core.steps.StepInterceptor - STEP DONE: openPage
  &amp#27;[32mGiven &amp#27;[0m&amp#27;[32mI am on the alta-shop login page&amp#27;[0m &amp#27;[90m# starter.stepdefinitions.LoginSteps.onTheLoginPage()&amp#27;[0m
16:12:07.553 [Forwarding getPageSource on session 6531f6f113e824c28d48a92c4f56025b to remote] DEBUG org.asynchttpclient.netty.request.NettyRequestSender - Using pooled Channel '[id: 0x7f4f0277, L:/127.0.0.1:51250 - R:localhost/127.0.0.1:36047]' for 'POST' to 'http://localhost:36047/session/6531f6f113e824c28d48a92c4f56025b/execute/sync'
16:12:07.553 [Forwarding getPageSource on session 6531f6f113e824c28d48a92c4f56025b to remote] DEBUG org.asynchttpclient.netty.request.NettyRequestSender - Using open Channel [id: 0x7f4f0277, L:/127.0.0.1:51250 - R:localhost/127.0.0.1:36047] for POST '/session/6531f6f113e824c28d48a92c4f56025b/execute/sync'
16:12:07.557 [AsyncHttpClient-1-26] DEBUG org.asynchttpclient.netty.handler.HttpHandler - 

Request DefaultHttpRequest(decodeResult: success, version: HTTP/1.1)
POST /session/6531f6f113e824c28d48a92c4f56025b/execute/sync HTTP/1.1
User-Agent: selenium/4.8.1 (java windows)
Content-Length: 176
Content-Type: application/json; charset=utf-8
host: localhost:36047
accept: */*

Response DefaultHttpResponse(decodeResult: success, version: HTTP/1.1)
HTTP/1.1 200 OK
Content-Length: 21659
Content-Type: application/json; charset=utf-8
cache-control: no-cache

16:12:07.558 [AsyncHttpClient-1-26] DEBUG org.asynchttpclient.netty.channel.ChannelManager - Adding key: http://localhost:36047 for channel [id: 0x7f4f0277, L:/127.0.0.1:51250 - R:localhost/127.0.0.1:36047]
16:12:07.559 [Forwarding getCurrentUrl on session 6531f6f113e824c28d48a92c4f56025b to remote] DEBUG org.asynchttpclient.netty.request.NettyRequestSender - Using pooled Channel '[id: 0x7f4f0277, L:/127.0.0.1:51250 - R:localhost/127.0.0.1:36047]' for 'GET' to 'http://localhost:36047/session/6531f6f113e824c28d48a92c4f56025b/url'
16:12:07.559 [Forwarding getCurrentUrl on session 6531f6f113e824c28d48a92c4f56025b to remote] DEBUG org.asynchttpclient.netty.request.NettyRequestSender - Using open Channel [id: 0x7f4f0277, L:/127.0.0.1:51250 - R:localhost/127.0.0.1:36047] for GET '/session/6531f6f113e824c28d48a92c4f56025b/url'
16:12:07.561 [AsyncHttpClient-1-26] DEBUG org.asynchttpclient.netty.handler.HttpHandler - 

Request DefaultFullHttpRequest(decodeResult: success, version: HTTP/1.1, content: EmptyByteBufBE)
GET /session/6531f6f113e824c28d48a92c4f56025b/url HTTP/1.1
User-Agent: selenium/4.8.1 (java windows)
Cache-Control: no-cache
Content-Type: application/json; charset=utf-8
host: localhost:36047
accept: */*

Response DefaultHttpResponse(decodeResult: success, version: HTTP/1.1)
HTTP/1.1 200 OK
Content-Length: 51
Content-Type: application/json; charset=utf-8
cache-control: no-cache

16:12:07.562 [AsyncHttpClient-1-26] DEBUG org.asynchttpclient.netty.channel.ChannelManager - Adding key: http://localhost:36047 for channel [id: 0x7f4f0277, L:/127.0.0.1:51250 - R:localhost/127.0.0.1:36047]
16:12:07.567 [Forwarding getPageSource on session 6531f6f113e824c28d48a92c4f56025b to remote] DEBUG org.asynchttpclient.netty.request.NettyRequestSender - Using pooled Channel '[id: 0x7f4f0277, L:/127.0.0.1:51250 - R:localhost/127.0.0.1:36047]' for 'POST' to 'http://localhost:36047/session/6531f6f113e824c28d48a92c4f56025b/execute/sync'
16:12:07.567 [Forwarding getPageSource on session 6531f6f113e824c28d48a92c4f56025b to remote] DEBUG org.asynchttpclient.netty.request.NettyRequestSender - Using open Channel [id: 0x7f4f0277, L:/127.0.0.1:51250 - R:localhost/127.0.0.1:36047] for POST '/session/6531f6f113e824c28d48a92c4f56025b/execute/sync'
16:12:07.570 [AsyncHttpClient-1-26] DEBUG org.asynchttpclient.netty.handler.HttpHandler - 

Request DefaultHttpRequest(decodeResult: success, version: HTTP/1.1)
POST /session/6531f6f113e824c28d48a92c4f56025b/execute/sync HTTP/1.1
User-Agent: selenium/4.8.1 (java windows)
Content-Length: 176
Content-Type: application/json; charset=utf-8
host: localhost:36047
accept: */*

Response DefaultHttpResponse(decodeResult: success, version: HTTP/1.1)
HTTP/1.1 200 OK
Content-Length: 21659
Content-Type: application/json; charset=utf-8
cache-control: no-cache

16:12:07.570 [AsyncHttpClient-1-26] DEBUG org.asynchttpclient.netty.channel.ChannelManager - Adding key: http://localhost:36047 for channel [id: 0x7f4f0277, L:/127.0.0.1:51250 - R:localhost/127.0.0.1:36047]
16:12:07.571 [Forwarding getCurrentUrl on session 6531f6f113e824c28d48a92c4f56025b to remote] DEBUG org.asynchttpclient.netty.request.NettyRequestSender - Using pooled Channel '[id: 0x7f4f0277, L:/127.0.0.1:51250 - R:localhost/127.0.0.1:36047]' for 'GET' to 'http://localhost:36047/session/6531f6f113e824c28d48a92c4f56025b/url'
16:12:07.571 [Forwarding getCurrentUrl on session 6531f6f113e824c28d48a92c4f56025b to remote] DEBUG org.asynchttpclient.netty.request.NettyRequestSender - Using open Channel [id: 0x7f4f0277, L:/127.0.0.1:51250 - R:localhost/127.0.0.1:36047] for GET '/session/6531f6f113e824c28d48a92c4f56025b/url'
16:12:07.575 [AsyncHttpClient-1-26] DEBUG org.asynchttpclient.netty.handler.HttpHandler - 

Request DefaultFullHttpRequest(decodeResult: success, version: HTTP/1.1, content: EmptyByteBufBE)
GET /session/6531f6f113e824c28d48a92c4f56025b/url HTTP/1.1
User-Agent: selenium/4.8.1 (java windows)
Cache-Control: no-cache
Content-Type: application/json; charset=utf-8
host: localhost:36047
accept: */*

Response DefaultHttpResponse(decodeResult: success, version: HTTP/1.1)
HTTP/1.1 200 OK
Content-Length: 51
Content-Type: application/json; charset=utf-8
cache-control: no-cache

16:12:07.575 [AsyncHttpClient-1-26] DEBUG org.asynchttpclient.netty.channel.ChannelManager - Adding key: http://localhost:36047 for channel [id: 0x7f4f0277, L:/127.0.0.1:51250 - R:localhost/127.0.0.1:36047]
16:12:07.577 [main] DEBUG net.thucydides.core.steps.StepInterceptor - STARTING STEP: LoginSteps.inputIncnvalidEmail - inputEmail
16:12:07.579 [Forwarding findElement on session 6531f6f113e824c28d48a92c4f56025b to remote] DEBUG org.asynchttpclient.netty.request.NettyRequestSender - Using pooled Channel '[id: 0x7f4f0277, L:/127.0.0.1:51250 - R:localhost/127.0.0.1:36047]' for 'POST' to 'http://localhost:36047/session/6531f6f113e824c28d48a92c4f56025b/element'
16:12:07.579 [Forwarding findElement on session 6531f6f113e824c28d48a92c4f56025b to remote] DEBUG org.asynchttpclient.netty.request.NettyRequestSender - Using open Channel [id: 0x7f4f0277, L:/127.0.0.1:51250 - R:localhost/127.0.0.1:36047] for POST '/session/6531f6f113e824c28d48a92c4f56025b/element'
16:12:07.587 [AsyncHttpClient-1-26] DEBUG org.asynchttpclient.netty.handler.HttpHandler - 

Request DefaultHttpRequest(decodeResult: success, version: HTTP/1.1)
POST /session/6531f6f113e824c28d48a92c4f56025b/element HTTP/1.1
User-Agent: selenium/4.8.1 (java windows)
Content-Length: 55
Content-Type: application/json; charset=utf-8
host: localhost:36047
accept: */*

Response DefaultHttpResponse(decodeResult: success, version: HTTP/1.1)
HTTP/1.1 200 OK
Content-Length: 88
Content-Type: application/json; charset=utf-8
cache-control: no-cache

16:12:07.587 [AsyncHttpClient-1-26] DEBUG org.asynchttpclient.netty.channel.ChannelManager - Adding key: http://localhost:36047 for channel [id: 0x7f4f0277, L:/127.0.0.1:51250 - R:localhost/127.0.0.1:36047]
16:12:07.588 [Forwarding clearElement on session 6531f6f113e824c28d48a92c4f56025b to remote] DEBUG org.asynchttpclient.netty.request.NettyRequestSender - Using pooled Channel '[id: 0x7f4f0277, L:/127.0.0.1:51250 - R:localhost/127.0.0.1:36047]' for 'POST' to 'http://localhost:36047/session/6531f6f113e824c28d48a92c4f56025b/element/9728e233-444e-46fc-8372-a6d84c32d81d/clear'
16:12:07.588 [Forwarding clearElement on session 6531f6f113e824c28d48a92c4f56025b to remote] DEBUG org.asynchttpclient.netty.request.NettyRequestSender - Using open Channel [id: 0x7f4f0277, L:/127.0.0.1:51250 - R:localhost/127.0.0.1:36047] for POST '/session/6531f6f113e824c28d48a92c4f56025b/element/9728e233-444e-46fc-8372-a6d84c32d81d/clear'
16:12:07.609 [AsyncHttpClient-1-26] DEBUG org.asynchttpclient.netty.handler.HttpHandler - 

Request DefaultHttpRequest(decodeResult: success, version: HTTP/1.1)
POST /session/6531f6f113e824c28d48a92c4f56025b/element/9728e233-444e-46fc-8372-a6d84c32d81d/clear HTTP/1.1
User-Agent: selenium/4.8.1 (java windows)
Content-Length: 50
Content-Type: application/json; charset=utf-8
host: localhost:36047
accept: */*

Response DefaultHttpResponse(decodeResult: success, version: HTTP/1.1)
HTTP/1.1 200 OK
Content-Length: 14
Content-Type: application/json; charset=utf-8
cache-control: no-cache

16:12:07.609 [AsyncHttpClient-1-26] DEBUG org.asynchttpclient.netty.channel.ChannelManager - Adding key: http://localhost:36047 for channel [id: 0x7f4f0277, L:/127.0.0.1:51250 - R:localhost/127.0.0.1:36047]
16:12:07.610 [Forwarding sendKeysToElement on session 6531f6f113e824c28d48a92c4f56025b to remote] DEBUG org.asynchttpclient.netty.request.NettyRequestSender - Using pooled Channel '[id: 0x7f4f0277, L:/127.0.0.1:51250 - R:localhost/127.0.0.1:36047]' for 'POST' to 'http://localhost:36047/session/6531f6f113e824c28d48a92c4f56025b/element/9728e233-444e-46fc-8372-a6d84c32d81d/value'
16:12:07.610 [Forwarding sendKeysToElement on session 6531f6f113e824c28d48a92c4f56025b to remote] DEBUG org.asynchttpclient.netty.request.NettyRequestSender - Using open Channel [id: 0x7f4f0277, L:/127.0.0.1:51250 - R:localhost/127.0.0.1:36047] for POST '/session/6531f6f113e824c28d48a92c4f56025b/element/9728e233-444e-46fc-8372-a6d84c32d81d/value'
16:12:07.668 [AsyncHttpClient-1-26] DEBUG org.asynchttpclient.netty.handler.HttpHandler - 

Request DefaultHttpRequest(decodeResult: success, version: HTTP/1.1)
POST /session/6531f6f113e824c28d48a92c4f56025b/element/9728e233-444e-46fc-8372-a6d84c32d81d/value HTTP/1.1
User-Agent: selenium/4.8.1 (java windows)
Content-Length: 181
Content-Type: application/json; charset=utf-8
host: localhost:36047
accept: */*

Response DefaultHttpResponse(decodeResult: success, version: HTTP/1.1)
HTTP/1.1 200 OK
Content-Length: 14
Content-Type: application/json; charset=utf-8
cache-control: no-cache

16:12:07.668 [AsyncHttpClient-1-26] DEBUG org.asynchttpclient.netty.channel.ChannelManager - Adding key: http://localhost:36047 for channel [id: 0x7f4f0277, L:/127.0.0.1:51250 - R:localhost/127.0.0.1:36047]
16:12:07.672 [Forwarding getAlertText on session 6531f6f113e824c28d48a92c4f56025b to remote] DEBUG org.asynchttpclient.netty.request.NettyRequestSender - Using pooled Channel '[id: 0x7f4f0277, L:/127.0.0.1:51250 - R:localhost/127.0.0.1:36047]' for 'GET' to 'http://localhost:36047/session/6531f6f113e824c28d48a92c4f56025b/alert/text'
16:12:07.672 [Forwarding getAlertText on session 6531f6f113e824c28d48a92c4f56025b to remote] DEBUG org.asynchttpclient.netty.request.NettyRequestSender - Using open Channel [id: 0x7f4f0277, L:/127.0.0.1:51250 - R:localhost/127.0.0.1:36047] for GET '/session/6531f6f113e824c28d48a92c4f56025b/alert/text'
16:12:07.673 [AsyncHttpClient-1-26] DEBUG org.asynchttpclient.netty.handler.HttpHandler - 

Request DefaultFullHttpRequest(decodeResult: success, version: HTTP/1.1, content: EmptyByteBufBE)
GET /session/6531f6f113e824c28d48a92c4f56025b/alert/text HTTP/1.1
User-Agent: selenium/4.8.1 (java windows)
Cache-Control: no-cache
Content-Type: application/json; charset=utf-8
host: localhost:36047
accept: */*

Response DefaultHttpResponse(decodeResult: success, version: HTTP/1.1)
HTTP/1.1 404 Not Found
Content-Length: 836
Content-Type: application/json; charset=utf-8
cache-control: no-cache

16:12:07.673 [AsyncHttpClient-1-26] DEBUG org.asynchttpclient.netty.channel.ChannelManager - Adding key: http://localhost:36047 for channel [id: 0x7f4f0277, L:/127.0.0.1:51250 - R:localhost/127.0.0.1:36047]
16:12:07.673 [Forwarding getCurrentUrl on session 6531f6f113e824c28d48a92c4f56025b to remote] DEBUG org.asynchttpclient.netty.request.NettyRequestSender - Using pooled Channel '[id: 0x7f4f0277, L:/127.0.0.1:51250 - R:localhost/127.0.0.1:36047]' for 'GET' to 'http://localhost:36047/session/6531f6f113e824c28d48a92c4f56025b/url'
16:12:07.673 [Forwarding getCurrentUrl on session 6531f6f113e824c28d48a92c4f56025b to remote] DEBUG org.asynchttpclient.netty.request.NettyRequestSender - Using open Channel [id: 0x7f4f0277, L:/127.0.0.1:51250 - R:localhost/127.0.0.1:36047] for GET '/session/6531f6f113e824c28d48a92c4f56025b/url'
16:12:07.676 [AsyncHttpClient-1-26] DEBUG org.asynchttpclient.netty.handler.HttpHandler - 

Request DefaultFullHttpRequest(decodeResult: success, version: HTTP/1.1, content: EmptyByteBufBE)
GET /session/6531f6f113e824c28d48a92c4f56025b/url HTTP/1.1
User-Agent: selenium/4.8.1 (java windows)
Cache-Control: no-cache
Content-Type: application/json; charset=utf-8
host: localhost:36047
accept: */*

Response DefaultHttpResponse(decodeResult: success, version: HTTP/1.1)
HTTP/1.1 200 OK
Content-Length: 51
Content-Type: application/json; charset=utf-8
cache-control: no-cache

16:12:07.676 [AsyncHttpClient-1-26] DEBUG org.asynchttpclient.netty.channel.ChannelManager - Adding key: http://localhost:36047 for channel [id: 0x7f4f0277, L:/127.0.0.1:51250 - R:localhost/127.0.0.1:36047]
16:12:07.676 [Forwarding screenshot on session 6531f6f113e824c28d48a92c4f56025b to remote] DEBUG org.asynchttpclient.netty.request.NettyRequestSender - Using pooled Channel '[id: 0x7f4f0277, L:/127.0.0.1:51250 - R:localhost/127.0.0.1:36047]' for 'GET' to 'http://localhost:36047/session/6531f6f113e824c28d48a92c4f56025b/screenshot'
16:12:07.676 [Forwarding screenshot on session 6531f6f113e824c28d48a92c4f56025b to remote] DEBUG org.asynchttpclient.netty.request.NettyRequestSender - Using open Channel [id: 0x7f4f0277, L:/127.0.0.1:51250 - R:localhost/127.0.0.1:36047] for GET '/session/6531f6f113e824c28d48a92c4f56025b/screenshot'
16:12:07.813 [AsyncHttpClient-1-26] DEBUG org.asynchttpclient.netty.handler.HttpHandler - 

Request DefaultFullHttpRequest(decodeResult: success, version: HTTP/1.1, content: EmptyByteBufBE)
GET /session/6531f6f113e824c28d48a92c4f56025b/screenshot HTTP/1.1
User-Agent: selenium/4.8.1 (java windows)
Cache-Control: no-cache
Content-Type: application/json; charset=utf-8
host: localhost:36047
accept: */*

Response DefaultHttpResponse(decodeResult: success, version: HTTP/1.1)
HTTP/1.1 200 OK
Content-Length: 29080
Content-Type: application/json; charset=utf-8
cache-control: no-cache

16:12:07.813 [AsyncHttpClient-1-26] DEBUG org.asynchttpclient.netty.channel.ChannelManager - Adding key: http://localhost:36047 for channel [id: 0x7f4f0277, L:/127.0.0.1:51250 - R:localhost/127.0.0.1:36047]
16:12:07.815 [main] DEBUG net.serenitybdd.core.photography.Darkroom - Send negative for processing for target\site\serenity\ce991f86af2333f5428d86fca9ae5a9074eec7772f44c5224d074b442b9bd9d8.png
16:12:07.815 [main] DEBUG net.thucydides.core.steps.StepInterceptor - STEP DONE: inputEmail
  &amp#27;[32mAnd &amp#27;[0m&amp#27;[32mI enter invalid email&amp#27;[0m              &amp#27;[90m# starter.stepdefinitions.LoginSteps.inputIncnvalidEmail()&amp#27;[0m
16:12:07.815 [Darkroom Processing Line] DEBUG net.serenitybdd.core.photography.DarkroomProcessingLine - Processing screenshot image in /var/screenshots/screenshot-11296857441598328226
16:12:07.815 [Darkroom Processing Line] DEBUG net.serenitybdd.core.photography.DarkroomProcessingLine - Saving screenshot to target\site\serenity\ce991f86af2333f5428d86fca9ae5a9074eec7772f44c5224d074b442b9bd9d8.png
16:12:07.826 [Forwarding getPageSource on session 6531f6f113e824c28d48a92c4f56025b to remote] DEBUG org.asynchttpclient.netty.request.NettyRequestSender - Using pooled Channel '[id: 0x7f4f0277, L:/127.0.0.1:51250 - R:localhost/127.0.0.1:36047]' for 'POST' to 'http://localhost:36047/session/6531f6f113e824c28d48a92c4f56025b/execute/sync'
16:12:07.826 [Forwarding getPageSource on session 6531f6f113e824c28d48a92c4f56025b to remote] DEBUG org.asynchttpclient.netty.request.NettyRequestSender - Using open Channel [id: 0x7f4f0277, L:/127.0.0.1:51250 - R:localhost/127.0.0.1:36047] for POST '/session/6531f6f113e824c28d48a92c4f56025b/execute/sync'
16:12:07.832 [AsyncHttpClient-1-26] DEBUG org.asynchttpclient.netty.handler.HttpHandler - 

Request DefaultHttpRequest(decodeResult: success, version: HTTP/1.1)
POST /session/6531f6f113e824c28d48a92c4f56025b/execute/sync HTTP/1.1
User-Agent: selenium/4.8.1 (java windows)
Content-Length: 176
Content-Type: application/json; charset=utf-8
host: localhost:36047
accept: */*

Response DefaultHttpResponse(decodeResult: success, version: HTTP/1.1)
HTTP/1.1 200 OK
Content-Length: 21780
Content-Type: application/json; charset=utf-8
cache-control: no-cache

16:12:07.832 [AsyncHttpClient-1-26] DEBUG org.asynchttpclient.netty.channel.ChannelManager - Adding key: http://localhost:36047 for channel [id: 0x7f4f0277, L:/127.0.0.1:51250 - R:localhost/127.0.0.1:36047]
16:12:07.834 [Forwarding getCurrentUrl on session 6531f6f113e824c28d48a92c4f56025b to remote] DEBUG org.asynchttpclient.netty.request.NettyRequestSender - Using pooled Channel '[id: 0x7f4f0277, L:/127.0.0.1:51250 - R:localhost/127.0.0.1:36047]' for 'GET' to 'http://localhost:36047/session/6531f6f113e824c28d48a92c4f56025b/url'
16:12:07.834 [Forwarding getCurrentUrl on session 6531f6f113e824c28d48a92c4f56025b to remote] DEBUG org.asynchttpclient.netty.request.NettyRequestSender - Using open Channel [id: 0x7f4f0277, L:/127.0.0.1:51250 - R:localhost/127.0.0.1:36047] for GET '/session/6531f6f113e824c28d48a92c4f56025b/url'
16:12:07.838 [AsyncHttpClient-1-26] DEBUG org.asynchttpclient.netty.handler.HttpHandler - 

Request DefaultFullHttpRequest(decodeResult: success, version: HTTP/1.1, content: EmptyByteBufBE)
GET /session/6531f6f113e824c28d48a92c4f56025b/url HTTP/1.1
User-Agent: selenium/4.8.1 (java windows)
Cache-Control: no-cache
Content-Type: application/json; charset=utf-8
host: localhost:36047
accept: */*

Response DefaultHttpResponse(decodeResult: success, version: HTTP/1.1)
HTTP/1.1 200 OK
Content-Length: 51
Content-Type: application/json; charset=utf-8
cache-control: no-cache

16:12:07.838 [AsyncHttpClient-1-26] DEBUG org.asynchttpclient.netty.channel.ChannelManager - Adding key: http://localhost:36047 for channel [id: 0x7f4f0277, L:/127.0.0.1:51250 - R:localhost/127.0.0.1:36047]
16:12:07.845 [Forwarding getPageSource on session 6531f6f113e824c28d48a92c4f56025b to remote] DEBUG org.asynchttpclient.netty.request.NettyRequestSender - Using pooled Channel '[id: 0x7f4f0277, L:/127.0.0.1:51250 - R:localhost/127.0.0.1:36047]' for 'POST' to 'http://localhost:36047/session/6531f6f113e824c28d48a92c4f56025b/execute/sync'
16:12:07.846 [Forwarding getPageSource on session 6531f6f113e824c28d48a92c4f56025b to remote] DEBUG org.asynchttpclient.netty.request.NettyRequestSender - Using open Channel [id: 0x7f4f0277, L:/127.0.0.1:51250 - R:localhost/127.0.0.1:36047] for POST '/session/6531f6f113e824c28d48a92c4f56025b/execute/sync'
16:12:07.849 [AsyncHttpClient-1-26] DEBUG org.asynchttpclient.netty.handler.HttpHandler - 

Request DefaultHttpRequest(decodeResult: success, version: HTTP/1.1)
POST /session/6531f6f113e824c28d48a92c4f56025b/execute/sync HTTP/1.1
User-Agent: selenium/4.8.1 (java windows)
Content-Length: 176
Content-Type: application/json; charset=utf-8
host: localhost:36047
accept: */*

Response DefaultHttpResponse(decodeResult: success, version: HTTP/1.1)
HTTP/1.1 200 OK
Content-Length: 21780
Content-Type: application/json; charset=utf-8
cache-control: no-cache

16:12:07.849 [AsyncHttpClient-1-26] DEBUG org.asynchttpclient.netty.channel.ChannelManager - Adding key: http://localhost:36047 for channel [id: 0x7f4f0277, L:/127.0.0.1:51250 - R:localhost/127.0.0.1:36047]
16:12:07.851 [Forwarding getCurrentUrl on session 6531f6f113e824c28d48a92c4f56025b to remote] DEBUG org.asynchttpclient.netty.request.NettyRequestSender - Using pooled Channel '[id: 0x7f4f0277, L:/127.0.0.1:51250 - R:localhost/127.0.0.1:36047]' for 'GET' to 'http://localhost:36047/session/6531f6f113e824c28d48a92c4f56025b/url'
16:12:07.851 [Forwarding getCurrentUrl on session 6531f6f113e824c28d48a92c4f56025b to remote] DEBUG org.asynchttpclient.netty.request.NettyRequestSender - Using open Channel [id: 0x7f4f0277, L:/127.0.0.1:51250 - R:localhost/127.0.0.1:36047] for GET '/session/6531f6f113e824c28d48a92c4f56025b/url'
16:12:07.854 [AsyncHttpClient-1-26] DEBUG org.asynchttpclient.netty.handler.HttpHandler - 

Request DefaultFullHttpRequest(decodeResult: success, version: HTTP/1.1, content: EmptyByteBufBE)
GET /session/6531f6f113e824c28d48a92c4f56025b/url HTTP/1.1
User-Agent: selenium/4.8.1 (java windows)
Cache-Control: no-cache
Content-Type: application/json; charset=utf-8
host: localhost:36047
accept: */*

Response DefaultHttpResponse(decodeResult: success, version: HTTP/1.1)
HTTP/1.1 200 OK
Content-Length: 51
Content-Type: application/json; charset=utf-8
cache-control: no-cache

16:12:07.854 [AsyncHttpClient-1-26] DEBUG org.asynchttpclient.netty.channel.ChannelManager - Adding key: http://localhost:36047 for channel [id: 0x7f4f0277, L:/127.0.0.1:51250 - R:localhost/127.0.0.1:36047]
16:12:07.855 [main] DEBUG net.thucydides.core.steps.StepInterceptor - STARTING STEP: LoginSteps.inputPassword - inputPassword
16:12:07.856 [Forwarding findElement on session 6531f6f113e824c28d48a92c4f56025b to remote] DEBUG org.asynchttpclient.netty.request.NettyRequestSender - Using pooled Channel '[id: 0x7f4f0277, L:/127.0.0.1:51250 - R:localhost/127.0.0.1:36047]' for 'POST' to 'http://localhost:36047/session/6531f6f113e824c28d48a92c4f56025b/element'
16:12:07.857 [Forwarding findElement on session 6531f6f113e824c28d48a92c4f56025b to remote] DEBUG org.asynchttpclient.netty.request.NettyRequestSender - Using open Channel [id: 0x7f4f0277, L:/127.0.0.1:51250 - R:localhost/127.0.0.1:36047] for POST '/session/6531f6f113e824c28d48a92c4f56025b/element'
16:12:07.866 [AsyncHttpClient-1-26] DEBUG org.asynchttpclient.netty.handler.HttpHandler - 

Request DefaultHttpRequest(decodeResult: success, version: HTTP/1.1)
POST /session/6531f6f113e824c28d48a92c4f56025b/element HTTP/1.1
User-Agent: selenium/4.8.1 (java windows)
Content-Length: 55
Content-Type: application/json; charset=utf-8
host: localhost:36047
accept: */*

Response DefaultHttpResponse(decodeResult: success, version: HTTP/1.1)
HTTP/1.1 200 OK
Content-Length: 88
Content-Type: application/json; charset=utf-8
cache-control: no-cache

16:12:07.866 [AsyncHttpClient-1-26] DEBUG org.asynchttpclient.netty.channel.ChannelManager - Adding key: http://localhost:36047 for channel [id: 0x7f4f0277, L:/127.0.0.1:51250 - R:localhost/127.0.0.1:36047]
16:12:07.867 [Forwarding clearElement on session 6531f6f113e824c28d48a92c4f56025b to remote] DEBUG org.asynchttpclient.netty.request.NettyRequestSender - Using pooled Channel '[id: 0x7f4f0277, L:/127.0.0.1:51250 - R:localhost/127.0.0.1:36047]' for 'POST' to 'http://localhost:36047/session/6531f6f113e824c28d48a92c4f56025b/element/3c20a66e-536a-405b-866f-8ec488b0155a/clear'
16:12:07.867 [Forwarding clearElement on session 6531f6f113e824c28d48a92c4f56025b to remote] DEBUG org.asynchttpclient.netty.request.NettyRequestSender - Using open Channel [id: 0x7f4f0277, L:/127.0.0.1:51250 - R:localhost/127.0.0.1:36047] for POST '/session/6531f6f113e824c28d48a92c4f56025b/element/3c20a66e-536a-405b-866f-8ec488b0155a/clear'
16:12:07.893 [AsyncHttpClient-1-26] DEBUG org.asynchttpclient.netty.handler.HttpHandler - 

Request DefaultHttpRequest(decodeResult: success, version: HTTP/1.1)
POST /session/6531f6f113e824c28d48a92c4f56025b/element/3c20a66e-536a-405b-866f-8ec488b0155a/clear HTTP/1.1
User-Agent: selenium/4.8.1 (java windows)
Content-Length: 50
Content-Type: application/json; charset=utf-8
host: localhost:36047
accept: */*

Response DefaultHttpResponse(decodeResult: success, version: HTTP/1.1)
HTTP/1.1 200 OK
Content-Length: 14
Content-Type: application/json; charset=utf-8
cache-control: no-cache

16:12:07.893 [AsyncHttpClient-1-26] DEBUG org.asynchttpclient.netty.channel.ChannelManager - Adding key: http://localhost:36047 for channel [id: 0x7f4f0277, L:/127.0.0.1:51250 - R:localhost/127.0.0.1:36047]
16:12:07.894 [Forwarding sendKeysToElement on session 6531f6f113e824c28d48a92c4f56025b to remote] DEBUG org.asynchttpclient.netty.request.NettyRequestSender - Using pooled Channel '[id: 0x7f4f0277, L:/127.0.0.1:51250 - R:localhost/127.0.0.1:36047]' for 'POST' to 'http://localhost:36047/session/6531f6f113e824c28d48a92c4f56025b/element/3c20a66e-536a-405b-866f-8ec488b0155a/value'
16:12:07.894 [Forwarding sendKeysToElement on session 6531f6f113e824c28d48a92c4f56025b to remote] DEBUG org.asynchttpclient.netty.request.NettyRequestSender - Using open Channel [id: 0x7f4f0277, L:/127.0.0.1:51250 - R:localhost/127.0.0.1:36047] for POST '/session/6531f6f113e824c28d48a92c4f56025b/element/3c20a66e-536a-405b-866f-8ec488b0155a/value'
16:12:07.940 [AsyncHttpClient-1-26] DEBUG org.asynchttpclient.netty.handler.HttpHandler - 

Request DefaultHttpRequest(decodeResult: success, version: HTTP/1.1)
POST /session/6531f6f113e824c28d48a92c4f56025b/element/3c20a66e-536a-405b-866f-8ec488b0155a/value HTTP/1.1
User-Agent: selenium/4.8.1 (java windows)
Content-Length: 141
Content-Type: application/json; charset=utf-8
host: localhost:36047
accept: */*

Response DefaultHttpResponse(decodeResult: success, version: HTTP/1.1)
HTTP/1.1 200 OK
Content-Length: 14
Content-Type: application/json; charset=utf-8
cache-control: no-cache

16:12:07.940 [AsyncHttpClient-1-26] DEBUG org.asynchttpclient.netty.channel.ChannelManager - Adding key: http://localhost:36047 for channel [id: 0x7f4f0277, L:/127.0.0.1:51250 - R:localhost/127.0.0.1:36047]
16:12:07.944 [Forwarding getAlertText on session 6531f6f113e824c28d48a92c4f56025b to remote] DEBUG org.asynchttpclient.netty.request.NettyRequestSender - Using pooled Channel '[id: 0x7f4f0277, L:/127.0.0.1:51250 - R:localhost/127.0.0.1:36047]' for 'GET' to 'http://localhost:36047/session/6531f6f113e824c28d48a92c4f56025b/alert/text'
16:12:07.944 [Forwarding getAlertText on session 6531f6f113e824c28d48a92c4f56025b to remote] DEBUG org.asynchttpclient.netty.request.NettyRequestSender - Using open Channel [id: 0x7f4f0277, L:/127.0.0.1:51250 - R:localhost/127.0.0.1:36047] for GET '/session/6531f6f113e824c28d48a92c4f56025b/alert/text'
16:12:07.945 [AsyncHttpClient-1-26] DEBUG org.asynchttpclient.netty.handler.HttpHandler - 

Request DefaultFullHttpRequest(decodeResult: success, version: HTTP/1.1, content: EmptyByteBufBE)
GET /session/6531f6f113e824c28d48a92c4f56025b/alert/text HTTP/1.1
User-Agent: selenium/4.8.1 (java windows)
Cache-Control: no-cache
Content-Type: application/json; charset=utf-8
host: localhost:36047
accept: */*

Response DefaultHttpResponse(decodeResult: success, version: HTTP/1.1)
HTTP/1.1 404 Not Found
Content-Length: 836
Content-Type: application/json; charset=utf-8
cache-control: no-cache

16:12:07.945 [AsyncHttpClient-1-26] DEBUG org.asynchttpclient.netty.channel.ChannelManager - Adding key: http://localhost:36047 for channel [id: 0x7f4f0277, L:/127.0.0.1:51250 - R:localhost/127.0.0.1:36047]
16:12:07.945 [Forwarding getCurrentUrl on session 6531f6f113e824c28d48a92c4f56025b to remote] DEBUG org.asynchttpclient.netty.request.NettyRequestSender - Using pooled Channel '[id: 0x7f4f0277, L:/127.0.0.1:51250 - R:localhost/127.0.0.1:36047]' for 'GET' to 'http://localhost:36047/session/6531f6f113e824c28d48a92c4f56025b/url'
16:12:07.945 [Forwarding getCurrentUrl on session 6531f6f113e824c28d48a92c4f56025b to remote] DEBUG org.asynchttpclient.netty.request.NettyRequestSender - Using open Channel [id: 0x7f4f0277, L:/127.0.0.1:51250 - R:localhost/127.0.0.1:36047] for GET '/session/6531f6f113e824c28d48a92c4f56025b/url'
16:12:07.949 [AsyncHttpClient-1-26] DEBUG org.asynchttpclient.netty.handler.HttpHandler - 

Request DefaultFullHttpRequest(decodeResult: success, version: HTTP/1.1, content: EmptyByteBufBE)
GET /session/6531f6f113e824c28d48a92c4f56025b/url HTTP/1.1
User-Agent: selenium/4.8.1 (java windows)
Cache-Control: no-cache
Content-Type: application/json; charset=utf-8
host: localhost:36047
accept: */*

Response DefaultHttpResponse(decodeResult: success, version: HTTP/1.1)
HTTP/1.1 200 OK
Content-Length: 51
Content-Type: application/json; charset=utf-8
cache-control: no-cache

16:12:07.949 [AsyncHttpClient-1-26] DEBUG org.asynchttpclient.netty.channel.ChannelManager - Adding key: http://localhost:36047 for channel [id: 0x7f4f0277, L:/127.0.0.1:51250 - R:localhost/127.0.0.1:36047]
16:12:07.950 [Forwarding screenshot on session 6531f6f113e824c28d48a92c4f56025b to remote] DEBUG org.asynchttpclient.netty.request.NettyRequestSender - Using pooled Channel '[id: 0x7f4f0277, L:/127.0.0.1:51250 - R:localhost/127.0.0.1:36047]' for 'GET' to 'http://localhost:36047/session/6531f6f113e824c28d48a92c4f56025b/screenshot'
16:12:07.950 [Forwarding screenshot on session 6531f6f113e824c28d48a92c4f56025b to remote] DEBUG org.asynchttpclient.netty.request.NettyRequestSender - Using open Channel [id: 0x7f4f0277, L:/127.0.0.1:51250 - R:localhost/127.0.0.1:36047] for GET '/session/6531f6f113e824c28d48a92c4f56025b/screenshot'
16:12:08.043 [AsyncHttpClient-1-26] DEBUG org.asynchttpclient.netty.handler.HttpHandler - 

Request DefaultFullHttpRequest(decodeResult: success, version: HTTP/1.1, content: EmptyByteBufBE)
GET /session/6531f6f113e824c28d48a92c4f56025b/screenshot HTTP/1.1
User-Agent: selenium/4.8.1 (java windows)
Cache-Control: no-cache
Content-Type: application/json; charset=utf-8
host: localhost:36047
accept: */*

Response DefaultHttpResponse(decodeResult: success, version: HTTP/1.1)
HTTP/1.1 200 OK
Content-Length: 29832
Content-Type: application/json; charset=utf-8
cache-control: no-cache

16:12:08.043 [AsyncHttpClient-1-26] DEBUG org.asynchttpclient.netty.channel.ChannelManager - Adding key: http://localhost:36047 for channel [id: 0x7f4f0277, L:/127.0.0.1:51250 - R:localhost/127.0.0.1:36047]
16:12:08.044 [main] DEBUG net.serenitybdd.core.photography.Darkroom - Send negative for processing for target\site\serenity\c171037d1512488df40f8739ea7740ea20759b0ed91a161e972254ec195de17c.png
16:12:08.044 [main] DEBUG net.thucydides.core.steps.StepInterceptor - STEP DONE: inputPassword
  &amp#27;[32mAnd &amp#27;[0m&amp#27;[32mI enter correct password&amp#27;[0m           &amp#27;[90m# starter.stepdefinitions.LoginSteps.inputPassword()&amp#27;[0m
16:12:08.044 [Darkroom Processing Line] DEBUG net.serenitybdd.core.photography.DarkroomProcessingLine - Processing screenshot image in /var/screenshots/screenshot-3268660231076934282
16:12:08.044 [Darkroom Processing Line] DEBUG net.serenitybdd.core.photography.DarkroomProcessingLine - Saving screenshot to target\site\serenity\c171037d1512488df40f8739ea7740ea20759b0ed91a161e972254ec195de17c.png
16:12:08.051 [Forwarding getPageSource on session 6531f6f113e824c28d48a92c4f56025b to remote] DEBUG org.asynchttpclient.netty.request.NettyRequestSender - Using pooled Channel '[id: 0x7f4f0277, L:/127.0.0.1:51250 - R:localhost/127.0.0.1:36047]' for 'POST' to 'http://localhost:36047/session/6531f6f113e824c28d48a92c4f56025b/execute/sync'
16:12:08.051 [Forwarding getPageSource on session 6531f6f113e824c28d48a92c4f56025b to remote] DEBUG org.asynchttpclient.netty.request.NettyRequestSender - Using open Channel [id: 0x7f4f0277, L:/127.0.0.1:51250 - R:localhost/127.0.0.1:36047] for POST '/session/6531f6f113e824c28d48a92c4f56025b/execute/sync'
16:12:08.056 [AsyncHttpClient-1-26] DEBUG org.asynchttpclient.netty.handler.HttpHandler - 

Request DefaultHttpRequest(decodeResult: success, version: HTTP/1.1)
POST /session/6531f6f113e824c28d48a92c4f56025b/execute/sync HTTP/1.1
User-Agent: selenium/4.8.1 (java windows)
Content-Length: 176
Content-Type: application/json; charset=utf-8
host: localhost:36047
accept: */*

Response DefaultHttpResponse(decodeResult: success, version: HTTP/1.1)
HTTP/1.1 200 OK
Content-Length: 21839
Content-Type: application/json; charset=utf-8
cache-control: no-cache

16:12:08.056 [AsyncHttpClient-1-26] DEBUG org.asynchttpclient.netty.channel.ChannelManager - Adding key: http://localhost:36047 for channel [id: 0x7f4f0277, L:/127.0.0.1:51250 - R:localhost/127.0.0.1:36047]
16:12:08.057 [Forwarding getCurrentUrl on session 6531f6f113e824c28d48a92c4f56025b to remote] DEBUG org.asynchttpclient.netty.request.NettyRequestSender - Using pooled Channel '[id: 0x7f4f0277, L:/127.0.0.1:51250 - R:localhost/127.0.0.1:36047]' for 'GET' to 'http://localhost:36047/session/6531f6f113e824c28d48a92c4f56025b/url'
16:12:08.057 [Forwarding getCurrentUrl on session 6531f6f113e824c28d48a92c4f56025b to remote] DEBUG org.asynchttpclient.netty.request.NettyRequestSender - Using open Channel [id: 0x7f4f0277, L:/127.0.0.1:51250 - R:localhost/127.0.0.1:36047] for GET '/session/6531f6f113e824c28d48a92c4f56025b/url'
16:12:08.061 [AsyncHttpClient-1-26] DEBUG org.asynchttpclient.netty.handler.HttpHandler - 

Request DefaultFullHttpRequest(decodeResult: success, version: HTTP/1.1, content: EmptyByteBufBE)
GET /session/6531f6f113e824c28d48a92c4f56025b/url HTTP/1.1
User-Agent: selenium/4.8.1 (java windows)
Cache-Control: no-cache
Content-Type: application/json; charset=utf-8
host: localhost:36047
accept: */*

Response DefaultHttpResponse(decodeResult: success, version: HTTP/1.1)
HTTP/1.1 200 OK
Content-Length: 51
Content-Type: application/json; charset=utf-8
cache-control: no-cache

16:12:08.061 [AsyncHttpClient-1-26] DEBUG org.asynchttpclient.netty.channel.ChannelManager - Adding key: http://localhost:36047 for channel [id: 0x7f4f0277, L:/127.0.0.1:51250 - R:localhost/127.0.0.1:36047]
16:12:08.067 [Forwarding getPageSource on session 6531f6f113e824c28d48a92c4f56025b to remote] DEBUG org.asynchttpclient.netty.request.NettyRequestSender - Using pooled Channel '[id: 0x7f4f0277, L:/127.0.0.1:51250 - R:localhost/127.0.0.1:36047]' for 'POST' to 'http://localhost:36047/session/6531f6f113e824c28d48a92c4f56025b/execute/sync'
16:12:08.067 [Forwarding getPageSource on session 6531f6f113e824c28d48a92c4f56025b to remote] DEBUG org.asynchttpclient.netty.request.NettyRequestSender - Using open Channel [id: 0x7f4f0277, L:/127.0.0.1:51250 - R:localhost/127.0.0.1:36047] for POST '/session/6531f6f113e824c28d48a92c4f56025b/execute/sync'
16:12:08.070 [AsyncHttpClient-1-26] DEBUG org.asynchttpclient.netty.handler.HttpHandler - 

Request DefaultHttpRequest(decodeResult: success, version: HTTP/1.1)
POST /session/6531f6f113e824c28d48a92c4f56025b/execute/sync HTTP/1.1
User-Agent: selenium/4.8.1 (java windows)
Content-Length: 176
Content-Type: application/json; charset=utf-8
host: localhost:36047
accept: */*

Response DefaultHttpResponse(decodeResult: success, version: HTTP/1.1)
HTTP/1.1 200 OK
Content-Length: 21839
Content-Type: application/json; charset=utf-8
cache-control: no-cache

16:12:08.070 [AsyncHttpClient-1-26] DEBUG org.asynchttpclient.netty.channel.ChannelManager - Adding key: http://localhost:36047 for channel [id: 0x7f4f0277, L:/127.0.0.1:51250 - R:localhost/127.0.0.1:36047]
16:12:08.072 [Forwarding getCurrentUrl on session 6531f6f113e824c28d48a92c4f56025b to remote] DEBUG org.asynchttpclient.netty.request.NettyRequestSender - Using pooled Channel '[id: 0x7f4f0277, L:/127.0.0.1:51250 - R:localhost/127.0.0.1:36047]' for 'GET' to 'http://localhost:36047/session/6531f6f113e824c28d48a92c4f56025b/url'
16:12:08.072 [Forwarding getCurrentUrl on session 6531f6f113e824c28d48a92c4f56025b to remote] DEBUG org.asynchttpclient.netty.request.NettyRequestSender - Using open Channel [id: 0x7f4f0277, L:/127.0.0.1:51250 - R:localhost/127.0.0.1:36047] for GET '/session/6531f6f113e824c28d48a92c4f56025b/url'
16:12:08.075 [AsyncHttpClient-1-26] DEBUG org.asynchttpclient.netty.handler.HttpHandler - 

Request DefaultFullHttpRequest(decodeResult: success, version: HTTP/1.1, content: EmptyByteBufBE)
GET /session/6531f6f113e824c28d48a92c4f56025b/url HTTP/1.1
User-Agent: selenium/4.8.1 (java windows)
Cache-Control: no-cache
Content-Type: application/json; charset=utf-8
host: localhost:36047
accept: */*

Response DefaultHttpResponse(decodeResult: success, version: HTTP/1.1)
HTTP/1.1 200 OK
Content-Length: 51
Content-Type: application/json; charset=utf-8
cache-control: no-cache

16:12:08.075 [AsyncHttpClient-1-26] DEBUG org.asynchttpclient.netty.channel.ChannelManager - Adding key: http://localhost:36047 for channel [id: 0x7f4f0277, L:/127.0.0.1:51250 - R:localhost/127.0.0.1:36047]
16:12:08.077 [main] DEBUG net.thucydides.core.steps.StepInterceptor - STARTING STEP: LoginSteps.clickLoginButton - clickLoginButton
16:12:08.078 [Forwarding findElement on session 6531f6f113e824c28d48a92c4f56025b to remote] DEBUG org.asynchttpclient.netty.request.NettyRequestSender - Using pooled Channel '[id: 0x7f4f0277, L:/127.0.0.1:51250 - R:localhost/127.0.0.1:36047]' for 'POST' to 'http://localhost:36047/session/6531f6f113e824c28d48a92c4f56025b/element'
16:12:08.078 [Forwarding findElement on session 6531f6f113e824c28d48a92c4f56025b to remote] DEBUG org.asynchttpclient.netty.request.NettyRequestSender - Using open Channel [id: 0x7f4f0277, L:/127.0.0.1:51250 - R:localhost/127.0.0.1:36047] for POST '/session/6531f6f113e824c28d48a92c4f56025b/element'
16:12:08.088 [AsyncHttpClient-1-26] DEBUG org.asynchttpclient.netty.handler.HttpHandler - 

Request DefaultHttpRequest(decodeResult: success, version: HTTP/1.1)
POST /session/6531f6f113e824c28d48a92c4f56025b/element HTTP/1.1
User-Agent: selenium/4.8.1 (java windows)
Content-Length: 71
Content-Type: application/json; charset=utf-8
host: localhost:36047
accept: */*

Response DefaultHttpResponse(decodeResult: success, version: HTTP/1.1)
HTTP/1.1 200 OK
Content-Length: 88
Content-Type: application/json; charset=utf-8
cache-control: no-cache

16:12:08.088 [AsyncHttpClient-1-26] DEBUG org.asynchttpclient.netty.channel.ChannelManager - Adding key: http://localhost:36047 for channel [id: 0x7f4f0277, L:/127.0.0.1:51250 - R:localhost/127.0.0.1:36047]
16:12:08.089 [Forwarding getElementTagName on session 6531f6f113e824c28d48a92c4f56025b to remote] DEBUG org.asynchttpclient.netty.request.NettyRequestSender - Using pooled Channel '[id: 0x7f4f0277, L:/127.0.0.1:51250 - R:localhost/127.0.0.1:36047]' for 'GET' to 'http://localhost:36047/session/6531f6f113e824c28d48a92c4f56025b/element/95837bb7-b9c4-4de4-acff-89d585bf81e4/name'
16:12:08.089 [Forwarding getElementTagName on session 6531f6f113e824c28d48a92c4f56025b to remote] DEBUG org.asynchttpclient.netty.request.NettyRequestSender - Using open Channel [id: 0x7f4f0277, L:/127.0.0.1:51250 - R:localhost/127.0.0.1:36047] for GET '/session/6531f6f113e824c28d48a92c4f56025b/element/95837bb7-b9c4-4de4-acff-89d585bf81e4/name'
16:12:08.092 [AsyncHttpClient-1-26] DEBUG org.asynchttpclient.netty.handler.HttpHandler - 

Request DefaultFullHttpRequest(decodeResult: success, version: HTTP/1.1, content: EmptyByteBufBE)
GET /session/6531f6f113e824c28d48a92c4f56025b/element/95837bb7-b9c4-4de4-acff-89d585bf81e4/name HTTP/1.1
User-Agent: selenium/4.8.1 (java windows)
Cache-Control: no-cache
Content-Type: application/json; charset=utf-8
host: localhost:36047
accept: */*

Response DefaultHttpResponse(decodeResult: success, version: HTTP/1.1)
HTTP/1.1 200 OK
Content-Length: 18
Content-Type: application/json; charset=utf-8
cache-control: no-cache

16:12:08.093 [AsyncHttpClient-1-26] DEBUG org.asynchttpclient.netty.channel.ChannelManager - Adding key: http://localhost:36047 for channel [id: 0x7f4f0277, L:/127.0.0.1:51250 - R:localhost/127.0.0.1:36047]
16:12:08.094 [Forwarding getElementTagName on session 6531f6f113e824c28d48a92c4f56025b to remote] DEBUG org.asynchttpclient.netty.request.NettyRequestSender - Using pooled Channel '[id: 0x7f4f0277, L:/127.0.0.1:51250 - R:localhost/127.0.0.1:36047]' for 'GET' to 'http://localhost:36047/session/6531f6f113e824c28d48a92c4f56025b/element/95837bb7-b9c4-4de4-acff-89d585bf81e4/name'
16:12:08.094 [Forwarding getElementTagName on session 6531f6f113e824c28d48a92c4f56025b to remote] DEBUG org.asynchttpclient.netty.request.NettyRequestSender - Using open Channel [id: 0x7f4f0277, L:/127.0.0.1:51250 - R:localhost/127.0.0.1:36047] for GET '/session/6531f6f113e824c28d48a92c4f56025b/element/95837bb7-b9c4-4de4-acff-89d585bf81e4/name'
16:12:08.096 [AsyncHttpClient-1-26] DEBUG org.asynchttpclient.netty.handler.HttpHandler - 

Request DefaultFullHttpRequest(decodeResult: success, version: HTTP/1.1, content: EmptyByteBufBE)
GET /session/6531f6f113e824c28d48a92c4f56025b/element/95837bb7-b9c4-4de4-acff-89d585bf81e4/name HTTP/1.1
User-Agent: selenium/4.8.1 (java windows)
Cache-Control: no-cache
Content-Type: application/json; charset=utf-8
host: localhost:36047
accept: */*

Response DefaultHttpResponse(decodeResult: success, version: HTTP/1.1)
HTTP/1.1 200 OK
Content-Length: 18
Content-Type: application/json; charset=utf-8
cache-control: no-cache

16:12:08.097 [AsyncHttpClient-1-26] DEBUG org.asynchttpclient.netty.channel.ChannelManager - Adding key: http://localhost:36047 for channel [id: 0x7f4f0277, L:/127.0.0.1:51250 - R:localhost/127.0.0.1:36047]
16:12:08.098 [Forwarding isElementEnabled on session 6531f6f113e824c28d48a92c4f56025b to remote] DEBUG org.asynchttpclient.netty.request.NettyRequestSender - Using pooled Channel '[id: 0x7f4f0277, L:/127.0.0.1:51250 - R:localhost/127.0.0.1:36047]' for 'GET' to 'http://localhost:36047/session/6531f6f113e824c28d48a92c4f56025b/element/95837bb7-b9c4-4de4-acff-89d585bf81e4/enabled'
16:12:08.098 [Forwarding isElementEnabled on session 6531f6f113e824c28d48a92c4f56025b to remote] DEBUG org.asynchttpclient.netty.request.NettyRequestSender - Using open Channel [id: 0x7f4f0277, L:/127.0.0.1:51250 - R:localhost/127.0.0.1:36047] for GET '/session/6531f6f113e824c28d48a92c4f56025b/element/95837bb7-b9c4-4de4-acff-89d585bf81e4/enabled'
16:12:08.105 [AsyncHttpClient-1-26] DEBUG org.asynchttpclient.netty.handler.HttpHandler - 

Request DefaultFullHttpRequest(decodeResult: success, version: HTTP/1.1, content: EmptyByteBufBE)
GET /session/6531f6f113e824c28d48a92c4f56025b/element/95837bb7-b9c4-4de4-acff-89d585bf81e4/enabled HTTP/1.1
User-Agent: selenium/4.8.1 (java windows)
Cache-Control: no-cache
Content-Type: application/json; charset=utf-8
host: localhost:36047
accept: */*

Response DefaultHttpResponse(decodeResult: success, version: HTTP/1.1)
HTTP/1.1 200 OK
Content-Length: 14
Content-Type: application/json; charset=utf-8
cache-control: no-cache

16:12:08.105 [AsyncHttpClient-1-26] DEBUG org.asynchttpclient.netty.channel.ChannelManager - Adding key: http://localhost:36047 for channel [id: 0x7f4f0277, L:/127.0.0.1:51250 - R:localhost/127.0.0.1:36047]
16:12:08.106 [Forwarding isElementEnabled on session 6531f6f113e824c28d48a92c4f56025b to remote] DEBUG org.asynchttpclient.netty.request.NettyRequestSender - Using pooled Channel '[id: 0x7f4f0277, L:/127.0.0.1:51250 - R:localhost/127.0.0.1:36047]' for 'GET' to 'http://localhost:36047/session/6531f6f113e824c28d48a92c4f56025b/element/95837bb7-b9c4-4de4-acff-89d585bf81e4/enabled'
16:12:08.106 [Forwarding isElementEnabled on session 6531f6f113e824c28d48a92c4f56025b to remote] DEBUG org.asynchttpclient.netty.request.NettyRequestSender - Using open Channel [id: 0x7f4f0277, L:/127.0.0.1:51250 - R:localhost/127.0.0.1:36047] for GET '/session/6531f6f113e824c28d48a92c4f56025b/element/95837bb7-b9c4-4de4-acff-89d585bf81e4/enabled'
16:12:08.111 [AsyncHttpClient-1-26] DEBUG org.asynchttpclient.netty.handler.HttpHandler - 

Request DefaultFullHttpRequest(decodeResult: success, version: HTTP/1.1, content: EmptyByteBufBE)
GET /session/6531f6f113e824c28d48a92c4f56025b/element/95837bb7-b9c4-4de4-acff-89d585bf81e4/enabled HTTP/1.1
User-Agent: selenium/4.8.1 (java windows)
Cache-Control: no-cache
Content-Type: application/json; charset=utf-8
host: localhost:36047
accept: */*

Response DefaultHttpResponse(decodeResult: success, version: HTTP/1.1)
HTTP/1.1 200 OK
Content-Length: 14
Content-Type: application/json; charset=utf-8
cache-control: no-cache

16:12:08.111 [AsyncHttpClient-1-26] DEBUG org.asynchttpclient.netty.channel.ChannelManager - Adding key: http://localhost:36047 for channel [id: 0x7f4f0277, L:/127.0.0.1:51250 - R:localhost/127.0.0.1:36047]
16:12:08.112 [Forwarding findElement on session 6531f6f113e824c28d48a92c4f56025b to remote] DEBUG org.asynchttpclient.netty.request.NettyRequestSender - Using pooled Channel '[id: 0x7f4f0277, L:/127.0.0.1:51250 - R:localhost/127.0.0.1:36047]' for 'POST' to 'http://localhost:36047/session/6531f6f113e824c28d48a92c4f56025b/element'
16:12:08.112 [Forwarding findElement on session 6531f6f113e824c28d48a92c4f56025b to remote] DEBUG org.asynchttpclient.netty.request.NettyRequestSender - Using open Channel [id: 0x7f4f0277, L:/127.0.0.1:51250 - R:localhost/127.0.0.1:36047] for POST '/session/6531f6f113e824c28d48a92c4f56025b/element'
16:12:08.116 [AsyncHttpClient-1-26] DEBUG org.asynchttpclient.netty.handler.HttpHandler - 

Request DefaultHttpRequest(decodeResult: success, version: HTTP/1.1)
POST /session/6531f6f113e824c28d48a92c4f56025b/element HTTP/1.1
User-Agent: selenium/4.8.1 (java windows)
Content-Length: 71
Content-Type: application/json; charset=utf-8
host: localhost:36047
accept: */*

Response DefaultHttpResponse(decodeResult: success, version: HTTP/1.1)
HTTP/1.1 200 OK
Content-Length: 88
Content-Type: application/json; charset=utf-8
cache-control: no-cache

16:12:08.117 [AsyncHttpClient-1-26] DEBUG org.asynchttpclient.netty.channel.ChannelManager - Adding key: http://localhost:36047 for channel [id: 0x7f4f0277, L:/127.0.0.1:51250 - R:localhost/127.0.0.1:36047]
16:12:08.117 [Forwarding clickElement on session 6531f6f113e824c28d48a92c4f56025b to remote] DEBUG org.asynchttpclient.netty.request.NettyRequestSender - Using pooled Channel '[id: 0x7f4f0277, L:/127.0.0.1:51250 - R:localhost/127.0.0.1:36047]' for 'POST' to 'http://localhost:36047/session/6531f6f113e824c28d48a92c4f56025b/element/95837bb7-b9c4-4de4-acff-89d585bf81e4/click'
16:12:08.117 [Forwarding clickElement on session 6531f6f113e824c28d48a92c4f56025b to remote] DEBUG org.asynchttpclient.netty.request.NettyRequestSender - Using open Channel [id: 0x7f4f0277, L:/127.0.0.1:51250 - R:localhost/127.0.0.1:36047] for POST '/session/6531f6f113e824c28d48a92c4f56025b/element/95837bb7-b9c4-4de4-acff-89d585bf81e4/click'
16:12:08.146 [AsyncHttpClient-1-26] DEBUG org.asynchttpclient.netty.handler.HttpHandler - 

Request DefaultHttpRequest(decodeResult: success, version: HTTP/1.1)
POST /session/6531f6f113e824c28d48a92c4f56025b/element/95837bb7-b9c4-4de4-acff-89d585bf81e4/click HTTP/1.1
User-Agent: selenium/4.8.1 (java windows)
Content-Length: 50
Content-Type: application/json; charset=utf-8
host: localhost:36047
accept: */*

Response DefaultHttpResponse(decodeResult: success, version: HTTP/1.1)
HTTP/1.1 200 OK
Content-Length: 14
Content-Type: application/json; charset=utf-8
cache-control: no-cache

16:12:08.146 [AsyncHttpClient-1-26] DEBUG org.asynchttpclient.netty.channel.ChannelManager - Adding key: http://localhost:36047 for channel [id: 0x7f4f0277, L:/127.0.0.1:51250 - R:localhost/127.0.0.1:36047]
16:12:08.150 [Forwarding getAlertText on session 6531f6f113e824c28d48a92c4f56025b to remote] DEBUG org.asynchttpclient.netty.request.NettyRequestSender - Using pooled Channel '[id: 0x7f4f0277, L:/127.0.0.1:51250 - R:localhost/127.0.0.1:36047]' for 'GET' to 'http://localhost:36047/session/6531f6f113e824c28d48a92c4f56025b/alert/text'
16:12:08.150 [Forwarding getAlertText on session 6531f6f113e824c28d48a92c4f56025b to remote] DEBUG org.asynchttpclient.netty.request.NettyRequestSender - Using open Channel [id: 0x7f4f0277, L:/127.0.0.1:51250 - R:localhost/127.0.0.1:36047] for GET '/session/6531f6f113e824c28d48a92c4f56025b/alert/text'
16:12:08.151 [AsyncHttpClient-1-26] DEBUG org.asynchttpclient.netty.handler.HttpHandler - 

Request DefaultFullHttpRequest(decodeResult: success, version: HTTP/1.1, content: EmptyByteBufBE)
GET /session/6531f6f113e824c28d48a92c4f56025b/alert/text HTTP/1.1
User-Agent: selenium/4.8.1 (java windows)
Cache-Control: no-cache
Content-Type: application/json; charset=utf-8
host: localhost:36047
accept: */*

Response DefaultHttpResponse(decodeResult: success, version: HTTP/1.1)
HTTP/1.1 404 Not Found
Content-Length: 836
Content-Type: application/json; charset=utf-8
cache-control: no-cache

16:12:08.151 [AsyncHttpClient-1-26] DEBUG org.asynchttpclient.netty.channel.ChannelManager - Adding key: http://localhost:36047 for channel [id: 0x7f4f0277, L:/127.0.0.1:51250 - R:localhost/127.0.0.1:36047]
16:12:08.152 [Forwarding getCurrentUrl on session 6531f6f113e824c28d48a92c4f56025b to remote] DEBUG org.asynchttpclient.netty.request.NettyRequestSender - Using pooled Channel '[id: 0x7f4f0277, L:/127.0.0.1:51250 - R:localhost/127.0.0.1:36047]' for 'GET' to 'http://localhost:36047/session/6531f6f113e824c28d48a92c4f56025b/url'
16:12:08.152 [Forwarding getCurrentUrl on session 6531f6f113e824c28d48a92c4f56025b to remote] DEBUG org.asynchttpclient.netty.request.NettyRequestSender - Using open Channel [id: 0x7f4f0277, L:/127.0.0.1:51250 - R:localhost/127.0.0.1:36047] for GET '/session/6531f6f113e824c28d48a92c4f56025b/url'
16:12:08.154 [AsyncHttpClient-1-26] DEBUG org.asynchttpclient.netty.handler.HttpHandler - 

Request DefaultFullHttpRequest(decodeResult: success, version: HTTP/1.1, content: EmptyByteBufBE)
GET /session/6531f6f113e824c28d48a92c4f56025b/url HTTP/1.1
User-Agent: selenium/4.8.1 (java windows)
Cache-Control: no-cache
Content-Type: application/json; charset=utf-8
host: localhost:36047
accept: */*

Response DefaultHttpResponse(decodeResult: success, version: HTTP/1.1)
HTTP/1.1 200 OK
Content-Length: 51
Content-Type: application/json; charset=utf-8
cache-control: no-cache

16:12:08.154 [AsyncHttpClient-1-26] DEBUG org.asynchttpclient.netty.channel.ChannelManager - Adding key: http://localhost:36047 for channel [id: 0x7f4f0277, L:/127.0.0.1:51250 - R:localhost/127.0.0.1:36047]
16:12:08.155 [Forwarding screenshot on session 6531f6f113e824c28d48a92c4f56025b to remote] DEBUG org.asynchttpclient.netty.request.NettyRequestSender - Using pooled Channel '[id: 0x7f4f0277, L:/127.0.0.1:51250 - R:localhost/127.0.0.1:36047]' for 'GET' to 'http://localhost:36047/session/6531f6f113e824c28d48a92c4f56025b/screenshot'
16:12:08.155 [Forwarding screenshot on session 6531f6f113e824c28d48a92c4f56025b to remote] DEBUG org.asynchttpclient.netty.request.NettyRequestSender - Using open Channel [id: 0x7f4f0277, L:/127.0.0.1:51250 - R:localhost/127.0.0.1:36047] for GET '/session/6531f6f113e824c28d48a92c4f56025b/screenshot'
16:12:08.164 [AsyncHttpClient-1-1] DEBUG org.asynchttpclient.netty.channel.DefaultChannelPool - Entry count for : http://localhost:51251 : 1
16:12:08.272 [AsyncHttpClient-1-26] DEBUG org.asynchttpclient.netty.handler.HttpHandler - 

Request DefaultFullHttpRequest(decodeResult: success, version: HTTP/1.1, content: EmptyByteBufBE)
GET /session/6531f6f113e824c28d48a92c4f56025b/screenshot HTTP/1.1
User-Agent: selenium/4.8.1 (java windows)
Cache-Control: no-cache
Content-Type: application/json; charset=utf-8
host: localhost:36047
accept: */*

Response DefaultHttpResponse(decodeResult: success, version: HTTP/1.1)
HTTP/1.1 200 OK
Content-Length: 29340
Content-Type: application/json; charset=utf-8
cache-control: no-cache

16:12:08.272 [AsyncHttpClient-1-26] DEBUG org.asynchttpclient.netty.channel.ChannelManager - Adding key: http://localhost:36047 for channel [id: 0x7f4f0277, L:/127.0.0.1:51250 - R:localhost/127.0.0.1:36047]
16:12:08.273 [main] DEBUG net.serenitybdd.core.photography.Darkroom - Send negative for processing for target\site\serenity\82d060207a995842d3dd7107c98079f40a3cd20906045975ad93a062f7116446.png
16:12:08.274 [main] DEBUG net.thucydides.core.steps.StepInterceptor - STEP DONE: clickLoginButton
16:12:08.274 [Darkroom Processing Line] DEBUG net.serenitybdd.core.photography.DarkroomProcessingLine - Processing screenshot image in /var/screenshots/screenshot-8212658824054240689
16:12:08.274 [Darkroom Processing Line] DEBUG net.serenitybdd.core.photography.DarkroomProcessingLine - Saving screenshot to target\site\serenity\82d060207a995842d3dd7107c98079f40a3cd20906045975ad93a062f7116446.png
  &amp#27;[32mWhen &amp#27;[0m&amp#27;[32mI click on the login button&amp#27;[0m       &amp#27;[90m# starter.stepdefinitions.LoginSteps.clickLoginButton()&amp#27;[0m
16:12:08.280 [Forwarding getPageSource on session 6531f6f113e824c28d48a92c4f56025b to remote] DEBUG org.asynchttpclient.netty.request.NettyRequestSender - Using pooled Channel '[id: 0x7f4f0277, L:/127.0.0.1:51250 - R:localhost/127.0.0.1:36047]' for 'POST' to 'http://localhost:36047/session/6531f6f113e824c28d48a92c4f56025b/execute/sync'
16:12:08.280 [Forwarding getPageSource on session 6531f6f113e824c28d48a92c4f56025b to remote] DEBUG org.asynchttpclient.netty.request.NettyRequestSender - Using open Channel [id: 0x7f4f0277, L:/127.0.0.1:51250 - R:localhost/127.0.0.1:36047] for POST '/session/6531f6f113e824c28d48a92c4f56025b/execute/sync'
16:12:08.284 [AsyncHttpClient-1-26] DEBUG org.asynchttpclient.netty.handler.HttpHandler - 

Request DefaultHttpRequest(decodeResult: success, version: HTTP/1.1)
POST /session/6531f6f113e824c28d48a92c4f56025b/execute/sync HTTP/1.1
User-Agent: selenium/4.8.1 (java windows)
Content-Length: 176
Content-Type: application/json; charset=utf-8
host: localhost:36047
accept: */*

Response DefaultHttpResponse(decodeResult: success, version: HTTP/1.1)
HTTP/1.1 200 OK
Content-Length: 22119
Content-Type: application/json; charset=utf-8
cache-control: no-cache

16:12:08.284 [AsyncHttpClient-1-26] DEBUG org.asynchttpclient.netty.channel.ChannelManager - Adding key: http://localhost:36047 for channel [id: 0x7f4f0277, L:/127.0.0.1:51250 - R:localhost/127.0.0.1:36047]
16:12:08.285 [Forwarding getCurrentUrl on session 6531f6f113e824c28d48a92c4f56025b to remote] DEBUG org.asynchttpclient.netty.request.NettyRequestSender - Using pooled Channel '[id: 0x7f4f0277, L:/127.0.0.1:51250 - R:localhost/127.0.0.1:36047]' for 'GET' to 'http://localhost:36047/session/6531f6f113e824c28d48a92c4f56025b/url'
16:12:08.285 [Forwarding getCurrentUrl on session 6531f6f113e824c28d48a92c4f56025b to remote] DEBUG org.asynchttpclient.netty.request.NettyRequestSender - Using open Channel [id: 0x7f4f0277, L:/127.0.0.1:51250 - R:localhost/127.0.0.1:36047] for GET '/session/6531f6f113e824c28d48a92c4f56025b/url'
16:12:08.289 [AsyncHttpClient-1-26] DEBUG org.asynchttpclient.netty.handler.HttpHandler - 

Request DefaultFullHttpRequest(decodeResult: success, version: HTTP/1.1, content: EmptyByteBufBE)
GET /session/6531f6f113e824c28d48a92c4f56025b/url HTTP/1.1
User-Agent: selenium/4.8.1 (java windows)
Cache-Control: no-cache
Content-Type: application/json; charset=utf-8
host: localhost:36047
accept: */*

Response DefaultHttpResponse(decodeResult: success, version: HTTP/1.1)
HTTP/1.1 200 OK
Content-Length: 51
Content-Type: application/json; charset=utf-8
cache-control: no-cache

16:12:08.289 [AsyncHttpClient-1-26] DEBUG org.asynchttpclient.netty.channel.ChannelManager - Adding key: http://localhost:36047 for channel [id: 0x7f4f0277, L:/127.0.0.1:51250 - R:localhost/127.0.0.1:36047]
16:12:08.296 [Forwarding getPageSource on session 6531f6f113e824c28d48a92c4f56025b to remote] DEBUG org.asynchttpclient.netty.request.NettyRequestSender - Using pooled Channel '[id: 0x7f4f0277, L:/127.0.0.1:51250 - R:localhost/127.0.0.1:36047]' for 'POST' to 'http://localhost:36047/session/6531f6f113e824c28d48a92c4f56025b/execute/sync'
16:12:08.296 [Forwarding getPageSource on session 6531f6f113e824c28d48a92c4f56025b to remote] DEBUG org.asynchttpclient.netty.request.NettyRequestSender - Using open Channel [id: 0x7f4f0277, L:/127.0.0.1:51250 - R:localhost/127.0.0.1:36047] for POST '/session/6531f6f113e824c28d48a92c4f56025b/execute/sync'
16:12:08.300 [AsyncHttpClient-1-26] DEBUG org.asynchttpclient.netty.handler.HttpHandler - 

Request DefaultHttpRequest(decodeResult: success, version: HTTP/1.1)
POST /session/6531f6f113e824c28d48a92c4f56025b/execute/sync HTTP/1.1
User-Agent: selenium/4.8.1 (java windows)
Content-Length: 176
Content-Type: application/json; charset=utf-8
host: localhost:36047
accept: */*

Response DefaultHttpResponse(decodeResult: success, version: HTTP/1.1)
HTTP/1.1 200 OK
Content-Length: 22119
Content-Type: application/json; charset=utf-8
cache-control: no-cache

16:12:08.300 [AsyncHttpClient-1-26] DEBUG org.asynchttpclient.netty.channel.ChannelManager - Adding key: http://localhost:36047 for channel [id: 0x7f4f0277, L:/127.0.0.1:51250 - R:localhost/127.0.0.1:36047]
16:12:08.303 [Forwarding getCurrentUrl on session 6531f6f113e824c28d48a92c4f56025b to remote] DEBUG org.asynchttpclient.netty.request.NettyRequestSender - Using pooled Channel '[id: 0x7f4f0277, L:/127.0.0.1:51250 - R:localhost/127.0.0.1:36047]' for 'GET' to 'http://localhost:36047/session/6531f6f113e824c28d48a92c4f56025b/url'
16:12:08.303 [Forwarding getCurrentUrl on session 6531f6f113e824c28d48a92c4f56025b to remote] DEBUG org.asynchttpclient.netty.request.NettyRequestSender - Using open Channel [id: 0x7f4f0277, L:/127.0.0.1:51250 - R:localhost/127.0.0.1:36047] for GET '/session/6531f6f113e824c28d48a92c4f56025b/url'
16:12:08.306 [AsyncHttpClient-1-26] DEBUG org.asynchttpclient.netty.handler.HttpHandler - 

Request DefaultFullHttpRequest(decodeResult: success, version: HTTP/1.1, content: EmptyByteBufBE)
GET /session/6531f6f113e824c28d48a92c4f56025b/url HTTP/1.1
User-Agent: selenium/4.8.1 (java windows)
Cache-Control: no-cache
Content-Type: application/json; charset=utf-8
host: localhost:36047
accept: */*

Response DefaultHttpResponse(decodeResult: success, version: HTTP/1.1)
HTTP/1.1 200 OK
Content-Length: 51
Content-Type: application/json; charset=utf-8
cache-control: no-cache

16:12:08.306 [AsyncHttpClient-1-26] DEBUG org.asynchttpclient.netty.channel.ChannelManager - Adding key: http://localhost:36047 for channel [id: 0x7f4f0277, L:/127.0.0.1:51250 - R:localhost/127.0.0.1:36047]
16:12:08.310 [main] DEBUG net.thucydides.core.steps.StepInterceptor - STARTING STEP: LoginSteps.alertContent - incorrectAlert
16:12:08.312 [Forwarding findElement on session 6531f6f113e824c28d48a92c4f56025b to remote] DEBUG org.asynchttpclient.netty.request.NettyRequestSender - Using pooled Channel '[id: 0x7f4f0277, L:/127.0.0.1:51250 - R:localhost/127.0.0.1:36047]' for 'POST' to 'http://localhost:36047/session/6531f6f113e824c28d48a92c4f56025b/element'
16:12:08.312 [Forwarding findElement on session 6531f6f113e824c28d48a92c4f56025b to remote] DEBUG org.asynchttpclient.netty.request.NettyRequestSender - Using open Channel [id: 0x7f4f0277, L:/127.0.0.1:51250 - R:localhost/127.0.0.1:36047] for POST '/session/6531f6f113e824c28d48a92c4f56025b/element'
16:12:08.450 [AsyncHttpClient-1-26] DEBUG org.asynchttpclient.netty.handler.HttpHandler - 

Request DefaultHttpRequest(decodeResult: success, version: HTTP/1.1)
POST /session/6531f6f113e824c28d48a92c4f56025b/element HTTP/1.1
User-Agent: selenium/4.8.1 (java windows)
Content-Length: 54
Content-Type: application/json; charset=utf-8
host: localhost:36047
accept: */*

Response DefaultHttpResponse(decodeResult: success, version: HTTP/1.1)
HTTP/1.1 200 OK
Content-Length: 88
Content-Type: application/json; charset=utf-8
cache-control: no-cache

16:12:08.450 [AsyncHttpClient-1-26] DEBUG org.asynchttpclient.netty.channel.ChannelManager - Adding key: http://localhost:36047 for channel [id: 0x7f4f0277, L:/127.0.0.1:51250 - R:localhost/127.0.0.1:36047]
16:12:08.454 [Forwarding isElementDisplayed on session 6531f6f113e824c28d48a92c4f56025b to remote] DEBUG org.asynchttpclient.netty.request.NettyRequestSender - Using pooled Channel '[id: 0x7f4f0277, L:/127.0.0.1:51250 - R:localhost/127.0.0.1:36047]' for 'POST' to 'http://localhost:36047/session/6531f6f113e824c28d48a92c4f56025b/execute/sync'
16:12:08.454 [Forwarding isElementDisplayed on session 6531f6f113e824c28d48a92c4f56025b to remote] DEBUG org.asynchttpclient.netty.request.NettyRequestSender - Using open Channel [id: 0x7f4f0277, L:/127.0.0.1:51250 - R:localhost/127.0.0.1:36047] for POST '/session/6531f6f113e824c28d48a92c4f56025b/execute/sync'
16:12:08.465 [AsyncHttpClient-1-26] DEBUG org.asynchttpclient.netty.handler.HttpHandler - 

Request DefaultHttpRequest(decodeResult: success, version: HTTP/1.1)
POST /session/6531f6f113e824c28d48a92c4f56025b/execute/sync HTTP/1.1
User-Agent: selenium/4.8.1 (java windows)
Content-Length: 48807
Content-Type: application/json; charset=utf-8
host: localhost:36047
accept: */*

Response DefaultHttpResponse(decodeResult: success, version: HTTP/1.1)
HTTP/1.1 200 OK
Content-Length: 14
Content-Type: application/json; charset=utf-8
cache-control: no-cache

16:12:08.465 [AsyncHttpClient-1-26] DEBUG org.asynchttpclient.netty.channel.ChannelManager - Adding key: http://localhost:36047 for channel [id: 0x7f4f0277, L:/127.0.0.1:51250 - R:localhost/127.0.0.1:36047]
16:12:08.470 [Forwarding getAlertText on session 6531f6f113e824c28d48a92c4f56025b to remote] DEBUG org.asynchttpclient.netty.request.NettyRequestSender - Using pooled Channel '[id: 0x7f4f0277, L:/127.0.0.1:51250 - R:localhost/127.0.0.1:36047]' for 'GET' to 'http://localhost:36047/session/6531f6f113e824c28d48a92c4f56025b/alert/text'
16:12:08.470 [Forwarding getAlertText on session 6531f6f113e824c28d48a92c4f56025b to remote] DEBUG org.asynchttpclient.netty.request.NettyRequestSender - Using open Channel [id: 0x7f4f0277, L:/127.0.0.1:51250 - R:localhost/127.0.0.1:36047] for GET '/session/6531f6f113e824c28d48a92c4f56025b/alert/text'
16:12:08.471 [AsyncHttpClient-1-26] DEBUG org.asynchttpclient.netty.handler.HttpHandler - 

Request DefaultFullHttpRequest(decodeResult: success, version: HTTP/1.1, content: EmptyByteBufBE)
GET /session/6531f6f113e824c28d48a92c4f56025b/alert/text HTTP/1.1
User-Agent: selenium/4.8.1 (java windows)
Cache-Control: no-cache
Content-Type: application/json; charset=utf-8
host: localhost:36047
accept: */*

Response DefaultHttpResponse(decodeResult: success, version: HTTP/1.1)
HTTP/1.1 404 Not Found
Content-Length: 836
Content-Type: application/json; charset=utf-8
cache-control: no-cache

16:12:08.471 [AsyncHttpClient-1-26] DEBUG org.asynchttpclient.netty.channel.ChannelManager - Adding key: http://localhost:36047 for channel [id: 0x7f4f0277, L:/127.0.0.1:51250 - R:localhost/127.0.0.1:36047]
16:12:08.472 [Forwarding getCurrentUrl on session 6531f6f113e824c28d48a92c4f56025b to remote] DEBUG org.asynchttpclient.netty.request.NettyRequestSender - Using pooled Channel '[id: 0x7f4f0277, L:/127.0.0.1:51250 - R:localhost/127.0.0.1:36047]' for 'GET' to 'http://localhost:36047/session/6531f6f113e824c28d48a92c4f56025b/url'
16:12:08.472 [Forwarding getCurrentUrl on session 6531f6f113e824c28d48a92c4f56025b to remote] DEBUG org.asynchttpclient.netty.request.NettyRequestSender - Using open Channel [id: 0x7f4f0277, L:/127.0.0.1:51250 - R:localhost/127.0.0.1:36047] for GET '/session/6531f6f113e824c28d48a92c4f56025b/url'
16:12:08.474 [AsyncHttpClient-1-26] DEBUG org.asynchttpclient.netty.handler.HttpHandler - 

Request DefaultFullHttpRequest(decodeResult: success, version: HTTP/1.1, content: EmptyByteBufBE)
GET /session/6531f6f113e824c28d48a92c4f56025b/url HTTP/1.1
User-Agent: selenium/4.8.1 (java windows)
Cache-Control: no-cache
Content-Type: application/json; charset=utf-8
host: localhost:36047
accept: */*

Response DefaultHttpResponse(decodeResult: success, version: HTTP/1.1)
HTTP/1.1 200 OK
Content-Length: 51
Content-Type: application/json; charset=utf-8
cache-control: no-cache

16:12:08.474 [AsyncHttpClient-1-26] DEBUG org.asynchttpclient.netty.channel.ChannelManager - Adding key: http://localhost:36047 for channel [id: 0x7f4f0277, L:/127.0.0.1:51250 - R:localhost/127.0.0.1:36047]
16:12:08.475 [Forwarding screenshot on session 6531f6f113e824c28d48a92c4f56025b to remote] DEBUG org.asynchttpclient.netty.request.NettyRequestSender - Using pooled Channel '[id: 0x7f4f0277, L:/127.0.0.1:51250 - R:localhost/127.0.0.1:36047]' for 'GET' to 'http://localhost:36047/session/6531f6f113e824c28d48a92c4f56025b/screenshot'
16:12:08.475 [Forwarding screenshot on session 6531f6f113e824c28d48a92c4f56025b to remote] DEBUG org.asynchttpclient.netty.request.NettyRequestSender - Using open Channel [id: 0x7f4f0277, L:/127.0.0.1:51250 - R:localhost/127.0.0.1:36047] for GET '/session/6531f6f113e824c28d48a92c4f56025b/screenshot'
16:12:08.573 [AsyncHttpClient-1-26] DEBUG org.asynchttpclient.netty.handler.HttpHandler - 

Request DefaultFullHttpRequest(decodeResult: success, version: HTTP/1.1, content: EmptyByteBufBE)
GET /session/6531f6f113e824c28d48a92c4f56025b/screenshot HTTP/1.1
User-Agent: selenium/4.8.1 (java windows)
Cache-Control: no-cache
Content-Type: application/json; charset=utf-8
host: localhost:36047
accept: */*

Response DefaultHttpResponse(decodeResult: success, version: HTTP/1.1)
HTTP/1.1 200 OK
Content-Length: 32960
Content-Type: application/json; charset=utf-8
cache-control: no-cache

16:12:08.574 [AsyncHttpClient-1-26] DEBUG org.asynchttpclient.netty.channel.ChannelManager - Adding key: http://localhost:36047 for channel [id: 0x7f4f0277, L:/127.0.0.1:51250 - R:localhost/127.0.0.1:36047]
16:12:08.575 [main] DEBUG net.serenitybdd.core.photography.Darkroom - Send negative for processing for target\site\serenity\9136581d7b24f3d9f2ac447bfcf71c9ee38ce10fe836d45f65f302bfc6af61f5.png
16:12:08.575 [main] DEBUG net.thucydides.core.steps.StepInterceptor - STEP DONE: incorrectAlert
  &amp#27;[32mThen &amp#27;[0m&amp#27;[32mI should see the error message&amp#27;[0m    &amp#27;[90m# starter.stepdefinitions.LoginSteps.alertContent()&amp#27;[0m
16:12:08.575 [Darkroom Processing Line] DEBUG net.serenitybdd.core.photography.DarkroomProcessingLine - Processing screenshot image in /var/screenshots/screenshot-13509367988634022569
16:12:08.575 [Darkroom Processing Line] DEBUG net.serenitybdd.core.photography.DarkroomProcessingLine - Saving screenshot to target\site\serenity\9136581d7b24f3d9f2ac447bfcf71c9ee38ce10fe836d45f65f302bfc6af61f5.png
16:12:08.579 [main] INFO  - 
  _____   ___   ___   _____     ___     _     ___   ___   ___   ___  
 |_   _| | __| / __| |_   _|   | _ \   /_\   / __| / __| | __| |   \ 
   | |   | _|  \__ \   | |     |  _/  / _ \  \__ \ \__ \ | _|  | |) |
   |_|   |___| |___/   |_|     |_|   /_/ \_\ |___/ |___/ |___| |___/ 

Login with invalid email
----------------------------------------------------------------------
16:12:08.580 [AsyncHttpClient-1-28] DEBUG org.asynchttpclient.netty.handler.WebSocketHandler - Channel Closed: [id: 0xd04a16e1, L:/127.0.0.1:51258 ! R:localhost/127.0.0.1:51251] with attribute NettyResponseFuture{currentRetry=0,
	isDone=1,
	isCancelled=0,
	asyncHandler=org.asynchttpclient.ws.WebSocketUpgradeHandler@17346b12,
	nettyRequest=org.asynchttpclient.netty.request.NettyRequest@5236f790,
	future=java.util.concurrent.CompletableFuture@2f8432a4[Completed normally],
	uri=ws://localhost:51251/devtools/browser/ed9b3313-73f4-4542-bad4-a56fa615b23f,
	keepAlive=true,
	redirectCount=0,
	timeoutsHolder=null,
	inAuth=0,
	touch=1683537116295}
16:12:08.580 [Driver Command Executor] DEBUG org.asynchttpclient.netty.request.NettyRequestSender - Using pooled Channel '[id: 0x7f4f0277, L:/127.0.0.1:51250 - R:localhost/127.0.0.1:36047]' for 'DELETE' to 'http://localhost:36047/session/6531f6f113e824c28d48a92c4f56025b'
16:12:08.580 [Driver Command Executor] DEBUG org.asynchttpclient.netty.request.NettyRequestSender - Using open Channel [id: 0x7f4f0277, L:/127.0.0.1:51250 - R:localhost/127.0.0.1:36047] for DELETE '/session/6531f6f113e824c28d48a92c4f56025b'
16:12:08.580 [AsyncHttpClient-1-28] DEBUG org.asynchttpclient.netty.channel.ChannelManager - Closing Channel [id: 0xd04a16e1, L:/127.0.0.1:51258 ! R:localhost/127.0.0.1:51251] 
16:12:08.603 [AsyncHttpClient-1-27] DEBUG org.asynchttpclient.netty.handler.HttpHandler - Unexpected I/O exception on channel [id: 0x50b8cfd2, L:/127.0.0.1:51257 - R:localhost/127.0.0.1:51251]
java.net.SocketException: Connection reset
	at java.base/sun.nio.ch.SocketChannelImpl.throwConnectionReset(SocketChannelImpl.java:367)
	at java.base/sun.nio.ch.SocketChannelImpl.read(SocketChannelImpl.java:398)
	at io.netty.buffer.PooledByteBuf.setBytes(PooledByteBuf.java:259)
	at io.netty.buffer.AbstractByteBuf.writeBytes(AbstractByteBuf.java:1132)
	at io.netty.channel.socket.nio.NioSocketChannel.doReadBytes(NioSocketChannel.java:357)
	at io.netty.channel.nio.AbstractNioByteChannel$NioByteUnsafe.read(AbstractNioByteChannel.java:151)
	at io.netty.channel.nio.NioEventLoop.processSelectedKey(NioEventLoop.java:788)
	at io.netty.channel.nio.NioEventLoop.processSelectedKeysOptimized(NioEventLoop.java:724)
	at io.netty.channel.nio.NioEventLoop.processSelectedKeys(NioEventLoop.java:650)
	at io.netty.channel.nio.NioEventLoop.run(NioEventLoop.java:562)
	at io.netty.util.concurrent.SingleThreadEventExecutor$4.run(SingleThreadEventExecutor.java:997)
	at io.netty.util.internal.ThreadExecutorMap$2.run(ThreadExecutorMap.java:74)
	at io.netty.util.concurrent.FastThreadLocalRunnable.run(FastThreadLocalRunnable.java:30)
	at java.base/java.lang.Thread.run(Thread.java:832)
16:12:08.603 [AsyncHttpClient-1-27] DEBUG org.asynchttpclient.netty.channel.ChannelManager - Closing Channel [id: 0x50b8cfd2, L:/127.0.0.1:51257 - R:localhost/127.0.0.1:51251] 
16:12:08.603 [AsyncHttpClient-1-27] DEBUG org.asynchttpclient.netty.handler.HttpHandler - Channel Closed: [id: 0x50b8cfd2, L:/127.0.0.1:51257 ! R:localhost/127.0.0.1:51251] with attribute DISCARD
16:12:08.614 [AsyncHttpClient-1-26] DEBUG org.asynchttpclient.netty.handler.HttpHandler - 

Request DefaultFullHttpRequest(decodeResult: success, version: HTTP/1.1, content: EmptyByteBufBE)
DELETE /session/6531f6f113e824c28d48a92c4f56025b HTTP/1.1
User-Agent: selenium/4.8.1 (java windows)
Content-Type: application/json; charset=utf-8
host: localhost:36047
accept: */*

Response DefaultHttpResponse(decodeResult: success, version: HTTP/1.1)
HTTP/1.1 200 OK
Content-Length: 14
Content-Type: application/json; charset=utf-8
cache-control: no-cache

16:12:08.614 [AsyncHttpClient-1-26] DEBUG org.asynchttpclient.netty.channel.ChannelManager - Adding key: http://localhost:36047 for channel [id: 0x7f4f0277, L:/127.0.0.1:51250 - R:localhost/127.0.0.1:36047]
16:12:08.711 [AsyncHttpClient-1-26] DEBUG org.asynchttpclient.netty.handler.HttpHandler - Channel Closed: [id: 0x7f4f0277, L:/127.0.0.1:51250 ! R:localhost/127.0.0.1:36047] with attribute DISCARD
]]></system-out>
    <system-err><![CDATA[Starting ChromeDriver 111.0.5563.64 (c710e93d5b63b7095afe8c2c17df34408078439d-refs/branch-heads/5563@{#995}) on port 36047
Only local connections are allowed.
Please see https://chromedriver.chromium.org/security-considerations for suggestions on keeping ChromeDriver safe.
ChromeDriver was started successfully.
[1683537116.274][WARNING]: This version of ChromeDriver has not been tested with Chrome version 112.
May 08, 2023 4:11:56 PM org.openqa.selenium.devtools.CdpVersionFinder findNearestMatch
WARNING: Unable to find an exact match for CDP version 112, so returning the closest version found: 110
]]></system-err>
  </testcase>
  <testcase name="Login without input any fields" classname="Login to Alta-shop Account" time="5.062">
    <system-out><![CDATA[
Scenario: Login without input any fields &amp#27;[90m# src/test/resources/features/2. Login.feature:35&amp#27;[0m
16:12:09.244 [main] DEBUG io.cucumber.core.plugin.SerenityReporter - Running feature from file:///C:/Users/WINDOWS%2010/Documents/GitHub/MiniProject_QE/Web/code/minpro/src/test/resources/features/2.%20Login.feature
16:12:09.248 [main] INFO  - 
  _____   ___   ___   _____     ___   _____     _     ___   _____   ___   ___  
 |_   _| | __| / __| |_   _|   / __| |_   _|   /_\   | _ \ |_   _| | __| |   \ 
   | |   | _|  \__ \   | |     \__ \   | |    / _ \  |   /   | |   | _|  | |) |
   |_|   |___| |___/   |_|     |___/   |_|   /_/ \_\ |_|_\   |_|   |___| |___/ 

Login without input any fields(login-to-alta-shop-account;login-without-input-any-fields)
--------------------------------------------------------------------------------
16:12:09.258 [AsyncHttpClient-1-1] DEBUG org.asynchttpclient.netty.channel.DefaultChannelPool - Entry count for : http://localhost:36047 : 1
16:12:09.258 [AsyncHttpClient-1-1] DEBUG org.asynchttpclient.netty.channel.DefaultChannelPool - Entry count for : http://localhost:51251 : 1
16:12:09.258 [AsyncHttpClient-1-1] DEBUG org.asynchttpclient.netty.channel.DefaultChannelPool - Adding Candidate expired Channel [id: 0x7f4f0277, L:/127.0.0.1:51250 ! R:localhost/127.0.0.1:36047] isIdleTimeoutExpired=false isRemotelyClosed=true isTtlExpired=false
16:12:09.258 [AsyncHttpClient-1-1] DEBUG org.asynchttpclient.netty.channel.DefaultChannelPool - Closing Idle Channel [id: 0x7f4f0277, L:/127.0.0.1:51250 ! R:localhost/127.0.0.1:36047]
16:12:09.258 [AsyncHttpClient-1-1] DEBUG org.asynchttpclient.netty.channel.DefaultChannelPool - Adding Candidate expired Channel [id: 0x50b8cfd2, L:/127.0.0.1:51257 ! R:localhost/127.0.0.1:51251] isIdleTimeoutExpired=false isRemotelyClosed=true isTtlExpired=false
16:12:09.258 [AsyncHttpClient-1-1] DEBUG org.asynchttpclient.netty.channel.DefaultChannelPool - Closing Idle Channel [id: 0x50b8cfd2, L:/127.0.0.1:51257 ! R:localhost/127.0.0.1:51251]
16:12:09.258 [AsyncHttpClient-1-1] DEBUG org.asynchttpclient.netty.channel.DefaultChannelPool - Closed 2 connections out of 2 in 0 ms
16:12:09.272 [main] DEBUG net.thucydides.core.steps.StepInterceptor - STARTING STEP: LoginSteps.onTheLoginPage - openPage
16:12:09.308 [main] INFO net.serenitybdd.core.webdriver.driverproviders.ChromeDriverProvider - Starting Chrome driver instance with capabilities:
16:12:09.308 [main] INFO net.serenitybdd.core.webdriver.driverproviders.ChromeDriverProvider - Capabilities {acceptInsecureCerts: false, browserName: chrome, goog:chromeOptions: {args: [remote-allow-origins=*], extensions: []}}
16:12:09.370 [AsyncHttpClient-1-29] DEBUG org.asynchttpclient.netty.channel.NettyConnectListener - Using new Channel '[id: 0x654d6658, L:/127.0.0.1:51296 - R:localhost/127.0.0.1:40695]' for 'POST' to '/session'
16:12:10.047 [AsyncHttpClient-1-29] DEBUG org.asynchttpclient.netty.handler.HttpHandler - 

Request DefaultHttpRequest(decodeResult: success, version: HTTP/1.1)
POST /session HTTP/1.1
User-Agent: selenium/4.8.1 (java windows)
Content-Length: 507
Content-Type: application/json; charset=utf-8
host: localhost:40695
accept: */*

Response DefaultHttpResponse(decodeResult: success, version: HTTP/1.1)
HTTP/1.1 200 OK
Content-Length: 863
Content-Type: application/json; charset=utf-8
cache-control: no-cache

16:12:10.047 [AsyncHttpClient-1-29] DEBUG org.asynchttpclient.netty.channel.ChannelManager - Adding key: http://localhost:40695 for channel [id: 0x654d6658, L:/127.0.0.1:51296 - R:localhost/127.0.0.1:40695]
16:12:10.051 [AsyncHttpClient-1-30] DEBUG org.asynchttpclient.netty.channel.NettyConnectListener - Using new Channel '[id: 0x4855ad68, L:/127.0.0.1:51304 - R:localhost/127.0.0.1:51297]' for 'GET' to '/json/version'
16:12:10.053 [AsyncHttpClient-1-30] DEBUG org.asynchttpclient.netty.handler.HttpHandler - 

Request DefaultFullHttpRequest(decodeResult: success, version: HTTP/1.1, content: EmptyByteBufBE)
GET /json/version HTTP/1.1
User-Agent: selenium/4.8.1 (java windows)
host: localhost:51297
accept: */*

Response DefaultHttpResponse(decodeResult: success, version: HTTP/1.1)
HTTP/1.1 200 OK
Content-Security-Policy: frame-ancestors 'none'
Content-Length: 424
Content-Type: application/json; charset=UTF-8

16:12:10.053 [AsyncHttpClient-1-30] DEBUG org.asynchttpclient.netty.channel.ChannelManager - Adding key: http://localhost:51297 for channel [id: 0x4855ad68, L:/127.0.0.1:51304 - R:localhost/127.0.0.1:51297]
16:12:10.054 [AsyncHttpClient-1-31] DEBUG org.asynchttpclient.netty.channel.NettyConnectListener - Using new Channel '[id: 0x4fa9975a, L:/127.0.0.1:51305 - R:localhost/127.0.0.1:51297]' for 'GET' to '/devtools/browser/77ff8a47-3ed6-4f0a-9fc6-2b6c68b28de7'
16:12:10.056 [AsyncHttpClient-1-31] DEBUG org.asynchttpclient.netty.handler.WebSocketHandler - 

Request DefaultFullHttpRequest(decodeResult: success, version: HTTP/1.1, content: EmptyByteBufBE)
GET /devtools/browser/77ff8a47-3ed6-4f0a-9fc6-2b6c68b28de7 HTTP/1.1
upgrade: websocket
connection: upgrade
sec-websocket-key: p5RSs8rrFZMebEAj/RMuUw==
sec-websocket-version: 13
origin: http://localhost:51297
host: localhost:51297
accept: */*
user-agent: AHC/2.1

Response DefaultHttpResponse(decodeResult: success, version: HTTP/1.1)
HTTP/1.1 101 WebSocket Protocol Handshake
Upgrade: WebSocket
Connection: Upgrade
Sec-WebSocket-Accept: E2FdsIvz068B/MXric7MChoRV/I=

16:12:10.058 [Forwarding get on session 8610c246a8bea4c347aafee6b9f4982a to remote] DEBUG org.asynchttpclient.netty.request.NettyRequestSender - Using pooled Channel '[id: 0x654d6658, L:/127.0.0.1:51296 - R:localhost/127.0.0.1:40695]' for 'POST' to 'http://localhost:40695/session/8610c246a8bea4c347aafee6b9f4982a/url'
16:12:10.058 [Forwarding get on session 8610c246a8bea4c347aafee6b9f4982a to remote] DEBUG org.asynchttpclient.netty.request.NettyRequestSender - Using open Channel [id: 0x654d6658, L:/127.0.0.1:51296 - R:localhost/127.0.0.1:40695] for POST '/session/8610c246a8bea4c347aafee6b9f4982a/url'
16:12:10.361 [AsyncHttpClient-1-1] DEBUG org.asynchttpclient.netty.channel.DefaultChannelPool - Entry count for : http://localhost:51297 : 1
16:12:11.458 [AsyncHttpClient-1-1] DEBUG org.asynchttpclient.netty.channel.DefaultChannelPool - Entry count for : http://localhost:51297 : 1
16:12:12.491 [AsyncHttpClient-1-29] DEBUG org.asynchttpclient.netty.handler.HttpHandler - 

Request DefaultHttpRequest(decodeResult: success, version: HTTP/1.1)
POST /session/8610c246a8bea4c347aafee6b9f4982a/url HTTP/1.1
User-Agent: selenium/4.8.1 (java windows)
Content-Length: 74
Content-Type: application/json; charset=utf-8
host: localhost:40695
accept: */*

Response DefaultHttpResponse(decodeResult: success, version: HTTP/1.1)
HTTP/1.1 200 OK
Content-Length: 14
Content-Type: application/json; charset=utf-8
cache-control: no-cache

16:12:12.492 [AsyncHttpClient-1-29] DEBUG org.asynchttpclient.netty.channel.ChannelManager - Adding key: http://localhost:40695 for channel [id: 0x654d6658, L:/127.0.0.1:51296 - R:localhost/127.0.0.1:40695]
16:12:12.493 [Forwarding setTimeout on session 8610c246a8bea4c347aafee6b9f4982a to remote] DEBUG org.asynchttpclient.netty.request.NettyRequestSender - Using pooled Channel '[id: 0x654d6658, L:/127.0.0.1:51296 - R:localhost/127.0.0.1:40695]' for 'POST' to 'http://localhost:40695/session/8610c246a8bea4c347aafee6b9f4982a/timeouts'
16:12:12.493 [Forwarding setTimeout on session 8610c246a8bea4c347aafee6b9f4982a to remote] DEBUG org.asynchttpclient.netty.request.NettyRequestSender - Using open Channel [id: 0x654d6658, L:/127.0.0.1:51296 - R:localhost/127.0.0.1:40695] for POST '/session/8610c246a8bea4c347aafee6b9f4982a/timeouts'
16:12:12.493 [AsyncHttpClient-1-29] DEBUG org.asynchttpclient.netty.handler.HttpHandler - 

Request DefaultHttpRequest(decodeResult: success, version: HTTP/1.1)
POST /session/8610c246a8bea4c347aafee6b9f4982a/timeouts HTTP/1.1
User-Agent: selenium/4.8.1 (java windows)
Content-Length: 22
Content-Type: application/json; charset=utf-8
host: localhost:40695
accept: */*

Response DefaultHttpResponse(decodeResult: success, version: HTTP/1.1)
HTTP/1.1 200 OK
Content-Length: 14
Content-Type: application/json; charset=utf-8
cache-control: no-cache

16:12:12.493 [AsyncHttpClient-1-29] DEBUG org.asynchttpclient.netty.channel.ChannelManager - Adding key: http://localhost:40695 for channel [id: 0x654d6658, L:/127.0.0.1:51296 - R:localhost/127.0.0.1:40695]
16:12:12.496 [Forwarding getAlertText on session 8610c246a8bea4c347aafee6b9f4982a to remote] DEBUG org.asynchttpclient.netty.request.NettyRequestSender - Using pooled Channel '[id: 0x654d6658, L:/127.0.0.1:51296 - R:localhost/127.0.0.1:40695]' for 'GET' to 'http://localhost:40695/session/8610c246a8bea4c347aafee6b9f4982a/alert/text'
16:12:12.496 [Forwarding getAlertText on session 8610c246a8bea4c347aafee6b9f4982a to remote] DEBUG org.asynchttpclient.netty.request.NettyRequestSender - Using open Channel [id: 0x654d6658, L:/127.0.0.1:51296 - R:localhost/127.0.0.1:40695] for GET '/session/8610c246a8bea4c347aafee6b9f4982a/alert/text'
16:12:12.498 [AsyncHttpClient-1-29] DEBUG org.asynchttpclient.netty.handler.HttpHandler - 

Request DefaultFullHttpRequest(decodeResult: success, version: HTTP/1.1, content: EmptyByteBufBE)
GET /session/8610c246a8bea4c347aafee6b9f4982a/alert/text HTTP/1.1
User-Agent: selenium/4.8.1 (java windows)
Cache-Control: no-cache
Content-Type: application/json; charset=utf-8
host: localhost:40695
accept: */*

Response DefaultHttpResponse(decodeResult: success, version: HTTP/1.1)
HTTP/1.1 404 Not Found
Content-Length: 836
Content-Type: application/json; charset=utf-8
cache-control: no-cache

16:12:12.498 [AsyncHttpClient-1-29] DEBUG org.asynchttpclient.netty.channel.ChannelManager - Adding key: http://localhost:40695 for channel [id: 0x654d6658, L:/127.0.0.1:51296 - R:localhost/127.0.0.1:40695]
16:12:12.499 [Forwarding getCurrentUrl on session 8610c246a8bea4c347aafee6b9f4982a to remote] DEBUG org.asynchttpclient.netty.request.NettyRequestSender - Using pooled Channel '[id: 0x654d6658, L:/127.0.0.1:51296 - R:localhost/127.0.0.1:40695]' for 'GET' to 'http://localhost:40695/session/8610c246a8bea4c347aafee6b9f4982a/url'
16:12:12.499 [Forwarding getCurrentUrl on session 8610c246a8bea4c347aafee6b9f4982a to remote] DEBUG org.asynchttpclient.netty.request.NettyRequestSender - Using open Channel [id: 0x654d6658, L:/127.0.0.1:51296 - R:localhost/127.0.0.1:40695] for GET '/session/8610c246a8bea4c347aafee6b9f4982a/url'
16:12:12.501 [AsyncHttpClient-1-29] DEBUG org.asynchttpclient.netty.handler.HttpHandler - 

Request DefaultFullHttpRequest(decodeResult: success, version: HTTP/1.1, content: EmptyByteBufBE)
GET /session/8610c246a8bea4c347aafee6b9f4982a/url HTTP/1.1
User-Agent: selenium/4.8.1 (java windows)
Cache-Control: no-cache
Content-Type: application/json; charset=utf-8
host: localhost:40695
accept: */*

Response DefaultHttpResponse(decodeResult: success, version: HTTP/1.1)
HTTP/1.1 200 OK
Content-Length: 51
Content-Type: application/json; charset=utf-8
cache-control: no-cache

16:12:12.502 [AsyncHttpClient-1-29] DEBUG org.asynchttpclient.netty.channel.ChannelManager - Adding key: http://localhost:40695 for channel [id: 0x654d6658, L:/127.0.0.1:51296 - R:localhost/127.0.0.1:40695]
16:12:12.502 [Forwarding screenshot on session 8610c246a8bea4c347aafee6b9f4982a to remote] DEBUG org.asynchttpclient.netty.request.NettyRequestSender - Using pooled Channel '[id: 0x654d6658, L:/127.0.0.1:51296 - R:localhost/127.0.0.1:40695]' for 'GET' to 'http://localhost:40695/session/8610c246a8bea4c347aafee6b9f4982a/screenshot'
16:12:12.502 [Forwarding screenshot on session 8610c246a8bea4c347aafee6b9f4982a to remote] DEBUG org.asynchttpclient.netty.request.NettyRequestSender - Using open Channel [id: 0x654d6658, L:/127.0.0.1:51296 - R:localhost/127.0.0.1:40695] for GET '/session/8610c246a8bea4c347aafee6b9f4982a/screenshot'
16:12:12.557 [AsyncHttpClient-1-1] DEBUG org.asynchttpclient.netty.channel.DefaultChannelPool - Entry count for : http://localhost:51297 : 1
16:12:12.571 [AsyncHttpClient-1-29] DEBUG org.asynchttpclient.netty.handler.HttpHandler - 

Request DefaultFullHttpRequest(decodeResult: success, version: HTTP/1.1, content: EmptyByteBufBE)
GET /session/8610c246a8bea4c347aafee6b9f4982a/screenshot HTTP/1.1
User-Agent: selenium/4.8.1 (java windows)
Cache-Control: no-cache
Content-Type: application/json; charset=utf-8
host: localhost:40695
accept: */*

Response DefaultHttpResponse(decodeResult: success, version: HTTP/1.1)
HTTP/1.1 200 OK
Content-Length: 25208
Content-Type: application/json; charset=utf-8
cache-control: no-cache

16:12:12.571 [AsyncHttpClient-1-29] DEBUG org.asynchttpclient.netty.channel.ChannelManager - Adding key: http://localhost:40695 for channel [id: 0x654d6658, L:/127.0.0.1:51296 - R:localhost/127.0.0.1:40695]
16:12:12.573 [main] DEBUG net.serenitybdd.core.photography.Darkroom - Send negative for processing for target\site\serenity\edb14d4aab401efa0e4fb99861e6ffcafebc86a67b69f7828890b9910ed2ddbd.png
16:12:12.573 [main] DEBUG net.thucydides.core.steps.StepInterceptor - STEP DONE: openPage
  &amp#27;[32mGiven &amp#27;[0m&amp#27;[32mI am on the alta-shop login page&amp#27;[0m &amp#27;[90m# starter.stepdefinitions.LoginSteps.onTheLoginPage()&amp#27;[0m
16:12:12.578 [Forwarding getPageSource on session 8610c246a8bea4c347aafee6b9f4982a to remote] DEBUG org.asynchttpclient.netty.request.NettyRequestSender - Using pooled Channel '[id: 0x654d6658, L:/127.0.0.1:51296 - R:localhost/127.0.0.1:40695]' for 'POST' to 'http://localhost:40695/session/8610c246a8bea4c347aafee6b9f4982a/execute/sync'
16:12:12.578 [Forwarding getPageSource on session 8610c246a8bea4c347aafee6b9f4982a to remote] DEBUG org.asynchttpclient.netty.request.NettyRequestSender - Using open Channel [id: 0x654d6658, L:/127.0.0.1:51296 - R:localhost/127.0.0.1:40695] for POST '/session/8610c246a8bea4c347aafee6b9f4982a/execute/sync'
16:12:12.583 [AsyncHttpClient-1-29] DEBUG org.asynchttpclient.netty.handler.HttpHandler - 

Request DefaultHttpRequest(decodeResult: success, version: HTTP/1.1)
POST /session/8610c246a8bea4c347aafee6b9f4982a/execute/sync HTTP/1.1
User-Agent: selenium/4.8.1 (java windows)
Content-Length: 176
Content-Type: application/json; charset=utf-8
host: localhost:40695
accept: */*

Response DefaultHttpResponse(decodeResult: success, version: HTTP/1.1)
HTTP/1.1 200 OK
Content-Length: 21659
Content-Type: application/json; charset=utf-8
cache-control: no-cache

16:12:12.583 [AsyncHttpClient-1-29] DEBUG org.asynchttpclient.netty.channel.ChannelManager - Adding key: http://localhost:40695 for channel [id: 0x654d6658, L:/127.0.0.1:51296 - R:localhost/127.0.0.1:40695]
16:12:12.584 [Forwarding getCurrentUrl on session 8610c246a8bea4c347aafee6b9f4982a to remote] DEBUG org.asynchttpclient.netty.request.NettyRequestSender - Using pooled Channel '[id: 0x654d6658, L:/127.0.0.1:51296 - R:localhost/127.0.0.1:40695]' for 'GET' to 'http://localhost:40695/session/8610c246a8bea4c347aafee6b9f4982a/url'
16:12:12.584 [Forwarding getCurrentUrl on session 8610c246a8bea4c347aafee6b9f4982a to remote] DEBUG org.asynchttpclient.netty.request.NettyRequestSender - Using open Channel [id: 0x654d6658, L:/127.0.0.1:51296 - R:localhost/127.0.0.1:40695] for GET '/session/8610c246a8bea4c347aafee6b9f4982a/url'
16:12:12.587 [AsyncHttpClient-1-29] DEBUG org.asynchttpclient.netty.handler.HttpHandler - 

Request DefaultFullHttpRequest(decodeResult: success, version: HTTP/1.1, content: EmptyByteBufBE)
GET /session/8610c246a8bea4c347aafee6b9f4982a/url HTTP/1.1
User-Agent: selenium/4.8.1 (java windows)
Cache-Control: no-cache
Content-Type: application/json; charset=utf-8
host: localhost:40695
accept: */*

Response DefaultHttpResponse(decodeResult: success, version: HTTP/1.1)
HTTP/1.1 200 OK
Content-Length: 51
Content-Type: application/json; charset=utf-8
cache-control: no-cache

16:12:12.587 [AsyncHttpClient-1-29] DEBUG org.asynchttpclient.netty.channel.ChannelManager - Adding key: http://localhost:40695 for channel [id: 0x654d6658, L:/127.0.0.1:51296 - R:localhost/127.0.0.1:40695]
16:12:12.592 [Forwarding getPageSource on session 8610c246a8bea4c347aafee6b9f4982a to remote] DEBUG org.asynchttpclient.netty.request.NettyRequestSender - Using pooled Channel '[id: 0x654d6658, L:/127.0.0.1:51296 - R:localhost/127.0.0.1:40695]' for 'POST' to 'http://localhost:40695/session/8610c246a8bea4c347aafee6b9f4982a/execute/sync'
16:12:12.592 [Forwarding getPageSource on session 8610c246a8bea4c347aafee6b9f4982a to remote] DEBUG org.asynchttpclient.netty.request.NettyRequestSender - Using open Channel [id: 0x654d6658, L:/127.0.0.1:51296 - R:localhost/127.0.0.1:40695] for POST '/session/8610c246a8bea4c347aafee6b9f4982a/execute/sync'
16:12:12.596 [AsyncHttpClient-1-29] DEBUG org.asynchttpclient.netty.handler.HttpHandler - 

Request DefaultHttpRequest(decodeResult: success, version: HTTP/1.1)
POST /session/8610c246a8bea4c347aafee6b9f4982a/execute/sync HTTP/1.1
User-Agent: selenium/4.8.1 (java windows)
Content-Length: 176
Content-Type: application/json; charset=utf-8
host: localhost:40695
accept: */*

Response DefaultHttpResponse(decodeResult: success, version: HTTP/1.1)
HTTP/1.1 200 OK
Content-Length: 21659
Content-Type: application/json; charset=utf-8
cache-control: no-cache

16:12:12.596 [AsyncHttpClient-1-29] DEBUG org.asynchttpclient.netty.channel.ChannelManager - Adding key: http://localhost:40695 for channel [id: 0x654d6658, L:/127.0.0.1:51296 - R:localhost/127.0.0.1:40695]
16:12:12.597 [Forwarding getCurrentUrl on session 8610c246a8bea4c347aafee6b9f4982a to remote] DEBUG org.asynchttpclient.netty.request.NettyRequestSender - Using pooled Channel '[id: 0x654d6658, L:/127.0.0.1:51296 - R:localhost/127.0.0.1:40695]' for 'GET' to 'http://localhost:40695/session/8610c246a8bea4c347aafee6b9f4982a/url'
16:12:12.597 [Forwarding getCurrentUrl on session 8610c246a8bea4c347aafee6b9f4982a to remote] DEBUG org.asynchttpclient.netty.request.NettyRequestSender - Using open Channel [id: 0x654d6658, L:/127.0.0.1:51296 - R:localhost/127.0.0.1:40695] for GET '/session/8610c246a8bea4c347aafee6b9f4982a/url'
16:12:12.600 [AsyncHttpClient-1-29] DEBUG org.asynchttpclient.netty.handler.HttpHandler - 

Request DefaultFullHttpRequest(decodeResult: success, version: HTTP/1.1, content: EmptyByteBufBE)
GET /session/8610c246a8bea4c347aafee6b9f4982a/url HTTP/1.1
User-Agent: selenium/4.8.1 (java windows)
Cache-Control: no-cache
Content-Type: application/json; charset=utf-8
host: localhost:40695
accept: */*

Response DefaultHttpResponse(decodeResult: success, version: HTTP/1.1)
HTTP/1.1 200 OK
Content-Length: 51
Content-Type: application/json; charset=utf-8
cache-control: no-cache

16:12:12.600 [AsyncHttpClient-1-29] DEBUG org.asynchttpclient.netty.channel.ChannelManager - Adding key: http://localhost:40695 for channel [id: 0x654d6658, L:/127.0.0.1:51296 - R:localhost/127.0.0.1:40695]
16:12:12.601 [main] DEBUG net.thucydides.core.steps.StepInterceptor - STARTING STEP: LoginSteps.inputEmptyEmail - inputEmail
16:12:12.602 [Forwarding findElement on session 8610c246a8bea4c347aafee6b9f4982a to remote] DEBUG org.asynchttpclient.netty.request.NettyRequestSender - Using pooled Channel '[id: 0x654d6658, L:/127.0.0.1:51296 - R:localhost/127.0.0.1:40695]' for 'POST' to 'http://localhost:40695/session/8610c246a8bea4c347aafee6b9f4982a/element'
16:12:12.602 [Forwarding findElement on session 8610c246a8bea4c347aafee6b9f4982a to remote] DEBUG org.asynchttpclient.netty.request.NettyRequestSender - Using open Channel [id: 0x654d6658, L:/127.0.0.1:51296 - R:localhost/127.0.0.1:40695] for POST '/session/8610c246a8bea4c347aafee6b9f4982a/element'
16:12:12.611 [AsyncHttpClient-1-29] DEBUG org.asynchttpclient.netty.handler.HttpHandler - 

Request DefaultHttpRequest(decodeResult: success, version: HTTP/1.1)
POST /session/8610c246a8bea4c347aafee6b9f4982a/element HTTP/1.1
User-Agent: selenium/4.8.1 (java windows)
Content-Length: 55
Content-Type: application/json; charset=utf-8
host: localhost:40695
accept: */*

Response DefaultHttpResponse(decodeResult: success, version: HTTP/1.1)
HTTP/1.1 200 OK
Content-Length: 88
Content-Type: application/json; charset=utf-8
cache-control: no-cache

16:12:12.611 [AsyncHttpClient-1-29] DEBUG org.asynchttpclient.netty.channel.ChannelManager - Adding key: http://localhost:40695 for channel [id: 0x654d6658, L:/127.0.0.1:51296 - R:localhost/127.0.0.1:40695]
16:12:12.612 [Forwarding clearElement on session 8610c246a8bea4c347aafee6b9f4982a to remote] DEBUG org.asynchttpclient.netty.request.NettyRequestSender - Using pooled Channel '[id: 0x654d6658, L:/127.0.0.1:51296 - R:localhost/127.0.0.1:40695]' for 'POST' to 'http://localhost:40695/session/8610c246a8bea4c347aafee6b9f4982a/element/b2c330c9-409a-4a75-a64f-ec595ea107eb/clear'
16:12:12.612 [Forwarding clearElement on session 8610c246a8bea4c347aafee6b9f4982a to remote] DEBUG org.asynchttpclient.netty.request.NettyRequestSender - Using open Channel [id: 0x654d6658, L:/127.0.0.1:51296 - R:localhost/127.0.0.1:40695] for POST '/session/8610c246a8bea4c347aafee6b9f4982a/element/b2c330c9-409a-4a75-a64f-ec595ea107eb/clear'
16:12:12.636 [AsyncHttpClient-1-29] DEBUG org.asynchttpclient.netty.handler.HttpHandler - 

Request DefaultHttpRequest(decodeResult: success, version: HTTP/1.1)
POST /session/8610c246a8bea4c347aafee6b9f4982a/element/b2c330c9-409a-4a75-a64f-ec595ea107eb/clear HTTP/1.1
User-Agent: selenium/4.8.1 (java windows)
Content-Length: 50
Content-Type: application/json; charset=utf-8
host: localhost:40695
accept: */*

Response DefaultHttpResponse(decodeResult: success, version: HTTP/1.1)
HTTP/1.1 200 OK
Content-Length: 14
Content-Type: application/json; charset=utf-8
cache-control: no-cache

16:12:12.636 [AsyncHttpClient-1-29] DEBUG org.asynchttpclient.netty.channel.ChannelManager - Adding key: http://localhost:40695 for channel [id: 0x654d6658, L:/127.0.0.1:51296 - R:localhost/127.0.0.1:40695]
16:12:12.637 [Forwarding sendKeysToElement on session 8610c246a8bea4c347aafee6b9f4982a to remote] DEBUG org.asynchttpclient.netty.request.NettyRequestSender - Using pooled Channel '[id: 0x654d6658, L:/127.0.0.1:51296 - R:localhost/127.0.0.1:40695]' for 'POST' to 'http://localhost:40695/session/8610c246a8bea4c347aafee6b9f4982a/element/b2c330c9-409a-4a75-a64f-ec595ea107eb/value'
16:12:12.637 [Forwarding sendKeysToElement on session 8610c246a8bea4c347aafee6b9f4982a to remote] DEBUG org.asynchttpclient.netty.request.NettyRequestSender - Using open Channel [id: 0x654d6658, L:/127.0.0.1:51296 - R:localhost/127.0.0.1:40695] for POST '/session/8610c246a8bea4c347aafee6b9f4982a/element/b2c330c9-409a-4a75-a64f-ec595ea107eb/value'
16:12:12.666 [AsyncHttpClient-1-29] DEBUG org.asynchttpclient.netty.handler.HttpHandler - 

Request DefaultHttpRequest(decodeResult: success, version: HTTP/1.1)
POST /session/8610c246a8bea4c347aafee6b9f4982a/element/b2c330c9-409a-4a75-a64f-ec595ea107eb/value HTTP/1.1
User-Agent: selenium/4.8.1 (java windows)
Content-Length: 82
Content-Type: application/json; charset=utf-8
host: localhost:40695
accept: */*

Response DefaultHttpResponse(decodeResult: success, version: HTTP/1.1)
HTTP/1.1 200 OK
Content-Length: 14
Content-Type: application/json; charset=utf-8
cache-control: no-cache

16:12:12.666 [AsyncHttpClient-1-29] DEBUG org.asynchttpclient.netty.channel.ChannelManager - Adding key: http://localhost:40695 for channel [id: 0x654d6658, L:/127.0.0.1:51296 - R:localhost/127.0.0.1:40695]
16:12:12.670 [Forwarding getAlertText on session 8610c246a8bea4c347aafee6b9f4982a to remote] DEBUG org.asynchttpclient.netty.request.NettyRequestSender - Using pooled Channel '[id: 0x654d6658, L:/127.0.0.1:51296 - R:localhost/127.0.0.1:40695]' for 'GET' to 'http://localhost:40695/session/8610c246a8bea4c347aafee6b9f4982a/alert/text'
16:12:12.670 [Forwarding getAlertText on session 8610c246a8bea4c347aafee6b9f4982a to remote] DEBUG org.asynchttpclient.netty.request.NettyRequestSender - Using open Channel [id: 0x654d6658, L:/127.0.0.1:51296 - R:localhost/127.0.0.1:40695] for GET '/session/8610c246a8bea4c347aafee6b9f4982a/alert/text'
16:12:12.671 [AsyncHttpClient-1-29] DEBUG org.asynchttpclient.netty.handler.HttpHandler - 

Request DefaultFullHttpRequest(decodeResult: success, version: HTTP/1.1, content: EmptyByteBufBE)
GET /session/8610c246a8bea4c347aafee6b9f4982a/alert/text HTTP/1.1
User-Agent: selenium/4.8.1 (java windows)
Cache-Control: no-cache
Content-Type: application/json; charset=utf-8
host: localhost:40695
accept: */*

Response DefaultHttpResponse(decodeResult: success, version: HTTP/1.1)
HTTP/1.1 404 Not Found
Content-Length: 836
Content-Type: application/json; charset=utf-8
cache-control: no-cache

16:12:12.671 [AsyncHttpClient-1-29] DEBUG org.asynchttpclient.netty.channel.ChannelManager - Adding key: http://localhost:40695 for channel [id: 0x654d6658, L:/127.0.0.1:51296 - R:localhost/127.0.0.1:40695]
16:12:12.672 [Forwarding getCurrentUrl on session 8610c246a8bea4c347aafee6b9f4982a to remote] DEBUG org.asynchttpclient.netty.request.NettyRequestSender - Using pooled Channel '[id: 0x654d6658, L:/127.0.0.1:51296 - R:localhost/127.0.0.1:40695]' for 'GET' to 'http://localhost:40695/session/8610c246a8bea4c347aafee6b9f4982a/url'
16:12:12.672 [Forwarding getCurrentUrl on session 8610c246a8bea4c347aafee6b9f4982a to remote] DEBUG org.asynchttpclient.netty.request.NettyRequestSender - Using open Channel [id: 0x654d6658, L:/127.0.0.1:51296 - R:localhost/127.0.0.1:40695] for GET '/session/8610c246a8bea4c347aafee6b9f4982a/url'
16:12:12.674 [AsyncHttpClient-1-29] DEBUG org.asynchttpclient.netty.handler.HttpHandler - 

Request DefaultFullHttpRequest(decodeResult: success, version: HTTP/1.1, content: EmptyByteBufBE)
GET /session/8610c246a8bea4c347aafee6b9f4982a/url HTTP/1.1
User-Agent: selenium/4.8.1 (java windows)
Cache-Control: no-cache
Content-Type: application/json; charset=utf-8
host: localhost:40695
accept: */*

Response DefaultHttpResponse(decodeResult: success, version: HTTP/1.1)
HTTP/1.1 200 OK
Content-Length: 51
Content-Type: application/json; charset=utf-8
cache-control: no-cache

16:12:12.674 [AsyncHttpClient-1-29] DEBUG org.asynchttpclient.netty.channel.ChannelManager - Adding key: http://localhost:40695 for channel [id: 0x654d6658, L:/127.0.0.1:51296 - R:localhost/127.0.0.1:40695]
16:12:12.675 [Forwarding screenshot on session 8610c246a8bea4c347aafee6b9f4982a to remote] DEBUG org.asynchttpclient.netty.request.NettyRequestSender - Using pooled Channel '[id: 0x654d6658, L:/127.0.0.1:51296 - R:localhost/127.0.0.1:40695]' for 'GET' to 'http://localhost:40695/session/8610c246a8bea4c347aafee6b9f4982a/screenshot'
16:12:12.675 [Forwarding screenshot on session 8610c246a8bea4c347aafee6b9f4982a to remote] DEBUG org.asynchttpclient.netty.request.NettyRequestSender - Using open Channel [id: 0x654d6658, L:/127.0.0.1:51296 - R:localhost/127.0.0.1:40695] for GET '/session/8610c246a8bea4c347aafee6b9f4982a/screenshot'
16:12:12.819 [AsyncHttpClient-1-29] DEBUG org.asynchttpclient.netty.handler.HttpHandler - 

Request DefaultFullHttpRequest(decodeResult: success, version: HTTP/1.1, content: EmptyByteBufBE)
GET /session/8610c246a8bea4c347aafee6b9f4982a/screenshot HTTP/1.1
User-Agent: selenium/4.8.1 (java windows)
Cache-Control: no-cache
Content-Type: application/json; charset=utf-8
host: localhost:40695
accept: */*

Response DefaultHttpResponse(decodeResult: success, version: HTTP/1.1)
HTTP/1.1 200 OK
Content-Length: 25432
Content-Type: application/json; charset=utf-8
cache-control: no-cache

16:12:12.819 [AsyncHttpClient-1-29] DEBUG org.asynchttpclient.netty.channel.ChannelManager - Adding key: http://localhost:40695 for channel [id: 0x654d6658, L:/127.0.0.1:51296 - R:localhost/127.0.0.1:40695]
16:12:12.820 [main] DEBUG net.serenitybdd.core.photography.Darkroom - Send negative for processing for target\site\serenity\7196ff5202fa84a5969ddd5c9fb20cb6f09f4a23c9a8311fb75e217be95900bd.png
16:12:12.820 [main] DEBUG net.thucydides.core.steps.StepInterceptor - STEP DONE: inputEmail
  &amp#27;[32mAnd &amp#27;[0m&amp#27;[32mI enter empty email&amp#27;[0m                &amp#27;[90m# starter.stepdefinitions.LoginSteps.inputEmptyEmail()&amp#27;[0m
16:12:12.820 [Darkroom Processing Line] DEBUG net.serenitybdd.core.photography.DarkroomProcessingLine - Processing screenshot image in /var/screenshots/screenshot-3302851655238866196
16:12:12.820 [Darkroom Processing Line] DEBUG net.serenitybdd.core.photography.DarkroomProcessingLine - Saving screenshot to target\site\serenity\7196ff5202fa84a5969ddd5c9fb20cb6f09f4a23c9a8311fb75e217be95900bd.png
16:12:12.826 [Forwarding getPageSource on session 8610c246a8bea4c347aafee6b9f4982a to remote] DEBUG org.asynchttpclient.netty.request.NettyRequestSender - Using pooled Channel '[id: 0x654d6658, L:/127.0.0.1:51296 - R:localhost/127.0.0.1:40695]' for 'POST' to 'http://localhost:40695/session/8610c246a8bea4c347aafee6b9f4982a/execute/sync'
16:12:12.826 [Forwarding getPageSource on session 8610c246a8bea4c347aafee6b9f4982a to remote] DEBUG org.asynchttpclient.netty.request.NettyRequestSender - Using open Channel [id: 0x654d6658, L:/127.0.0.1:51296 - R:localhost/127.0.0.1:40695] for POST '/session/8610c246a8bea4c347aafee6b9f4982a/execute/sync'
16:12:12.829 [AsyncHttpClient-1-29] DEBUG org.asynchttpclient.netty.handler.HttpHandler - 

Request DefaultHttpRequest(decodeResult: success, version: HTTP/1.1)
POST /session/8610c246a8bea4c347aafee6b9f4982a/execute/sync HTTP/1.1
User-Agent: selenium/4.8.1 (java windows)
Content-Length: 176
Content-Type: application/json; charset=utf-8
host: localhost:40695
accept: */*

Response DefaultHttpResponse(decodeResult: success, version: HTTP/1.1)
HTTP/1.1 200 OK
Content-Length: 21737
Content-Type: application/json; charset=utf-8
cache-control: no-cache

16:12:12.829 [AsyncHttpClient-1-29] DEBUG org.asynchttpclient.netty.channel.ChannelManager - Adding key: http://localhost:40695 for channel [id: 0x654d6658, L:/127.0.0.1:51296 - R:localhost/127.0.0.1:40695]
16:12:12.831 [Forwarding getCurrentUrl on session 8610c246a8bea4c347aafee6b9f4982a to remote] DEBUG org.asynchttpclient.netty.request.NettyRequestSender - Using pooled Channel '[id: 0x654d6658, L:/127.0.0.1:51296 - R:localhost/127.0.0.1:40695]' for 'GET' to 'http://localhost:40695/session/8610c246a8bea4c347aafee6b9f4982a/url'
16:12:12.831 [Forwarding getCurrentUrl on session 8610c246a8bea4c347aafee6b9f4982a to remote] DEBUG org.asynchttpclient.netty.request.NettyRequestSender - Using open Channel [id: 0x654d6658, L:/127.0.0.1:51296 - R:localhost/127.0.0.1:40695] for GET '/session/8610c246a8bea4c347aafee6b9f4982a/url'
16:12:12.834 [AsyncHttpClient-1-29] DEBUG org.asynchttpclient.netty.handler.HttpHandler - 

Request DefaultFullHttpRequest(decodeResult: success, version: HTTP/1.1, content: EmptyByteBufBE)
GET /session/8610c246a8bea4c347aafee6b9f4982a/url HTTP/1.1
User-Agent: selenium/4.8.1 (java windows)
Cache-Control: no-cache
Content-Type: application/json; charset=utf-8
host: localhost:40695
accept: */*

Response DefaultHttpResponse(decodeResult: success, version: HTTP/1.1)
HTTP/1.1 200 OK
Content-Length: 51
Content-Type: application/json; charset=utf-8
cache-control: no-cache

16:12:12.834 [AsyncHttpClient-1-29] DEBUG org.asynchttpclient.netty.channel.ChannelManager - Adding key: http://localhost:40695 for channel [id: 0x654d6658, L:/127.0.0.1:51296 - R:localhost/127.0.0.1:40695]
16:12:12.840 [Forwarding getPageSource on session 8610c246a8bea4c347aafee6b9f4982a to remote] DEBUG org.asynchttpclient.netty.request.NettyRequestSender - Using pooled Channel '[id: 0x654d6658, L:/127.0.0.1:51296 - R:localhost/127.0.0.1:40695]' for 'POST' to 'http://localhost:40695/session/8610c246a8bea4c347aafee6b9f4982a/execute/sync'
16:12:12.840 [Forwarding getPageSource on session 8610c246a8bea4c347aafee6b9f4982a to remote] DEBUG org.asynchttpclient.netty.request.NettyRequestSender - Using open Channel [id: 0x654d6658, L:/127.0.0.1:51296 - R:localhost/127.0.0.1:40695] for POST '/session/8610c246a8bea4c347aafee6b9f4982a/execute/sync'
16:12:12.844 [AsyncHttpClient-1-29] DEBUG org.asynchttpclient.netty.handler.HttpHandler - 

Request DefaultHttpRequest(decodeResult: success, version: HTTP/1.1)
POST /session/8610c246a8bea4c347aafee6b9f4982a/execute/sync HTTP/1.1
User-Agent: selenium/4.8.1 (java windows)
Content-Length: 176
Content-Type: application/json; charset=utf-8
host: localhost:40695
accept: */*

Response DefaultHttpResponse(decodeResult: success, version: HTTP/1.1)
HTTP/1.1 200 OK
Content-Length: 21737
Content-Type: application/json; charset=utf-8
cache-control: no-cache

16:12:12.844 [AsyncHttpClient-1-29] DEBUG org.asynchttpclient.netty.channel.ChannelManager - Adding key: http://localhost:40695 for channel [id: 0x654d6658, L:/127.0.0.1:51296 - R:localhost/127.0.0.1:40695]
16:12:12.845 [Forwarding getCurrentUrl on session 8610c246a8bea4c347aafee6b9f4982a to remote] DEBUG org.asynchttpclient.netty.request.NettyRequestSender - Using pooled Channel '[id: 0x654d6658, L:/127.0.0.1:51296 - R:localhost/127.0.0.1:40695]' for 'GET' to 'http://localhost:40695/session/8610c246a8bea4c347aafee6b9f4982a/url'
16:12:12.845 [Forwarding getCurrentUrl on session 8610c246a8bea4c347aafee6b9f4982a to remote] DEBUG org.asynchttpclient.netty.request.NettyRequestSender - Using open Channel [id: 0x654d6658, L:/127.0.0.1:51296 - R:localhost/127.0.0.1:40695] for GET '/session/8610c246a8bea4c347aafee6b9f4982a/url'
16:12:12.848 [AsyncHttpClient-1-29] DEBUG org.asynchttpclient.netty.handler.HttpHandler - 

Request DefaultFullHttpRequest(decodeResult: success, version: HTTP/1.1, content: EmptyByteBufBE)
GET /session/8610c246a8bea4c347aafee6b9f4982a/url HTTP/1.1
User-Agent: selenium/4.8.1 (java windows)
Cache-Control: no-cache
Content-Type: application/json; charset=utf-8
host: localhost:40695
accept: */*

Response DefaultHttpResponse(decodeResult: success, version: HTTP/1.1)
HTTP/1.1 200 OK
Content-Length: 51
Content-Type: application/json; charset=utf-8
cache-control: no-cache

16:12:12.848 [AsyncHttpClient-1-29] DEBUG org.asynchttpclient.netty.channel.ChannelManager - Adding key: http://localhost:40695 for channel [id: 0x654d6658, L:/127.0.0.1:51296 - R:localhost/127.0.0.1:40695]
16:12:12.850 [main] DEBUG net.thucydides.core.steps.StepInterceptor - STARTING STEP: LoginSteps.inputEmptyPassword - inputPassword
16:12:12.851 [Forwarding findElement on session 8610c246a8bea4c347aafee6b9f4982a to remote] DEBUG org.asynchttpclient.netty.request.NettyRequestSender - Using pooled Channel '[id: 0x654d6658, L:/127.0.0.1:51296 - R:localhost/127.0.0.1:40695]' for 'POST' to 'http://localhost:40695/session/8610c246a8bea4c347aafee6b9f4982a/element'
16:12:12.851 [Forwarding findElement on session 8610c246a8bea4c347aafee6b9f4982a to remote] DEBUG org.asynchttpclient.netty.request.NettyRequestSender - Using open Channel [id: 0x654d6658, L:/127.0.0.1:51296 - R:localhost/127.0.0.1:40695] for POST '/session/8610c246a8bea4c347aafee6b9f4982a/element'
16:12:12.862 [AsyncHttpClient-1-29] DEBUG org.asynchttpclient.netty.handler.HttpHandler - 

Request DefaultHttpRequest(decodeResult: success, version: HTTP/1.1)
POST /session/8610c246a8bea4c347aafee6b9f4982a/element HTTP/1.1
User-Agent: selenium/4.8.1 (java windows)
Content-Length: 55
Content-Type: application/json; charset=utf-8
host: localhost:40695
accept: */*

Response DefaultHttpResponse(decodeResult: success, version: HTTP/1.1)
HTTP/1.1 200 OK
Content-Length: 88
Content-Type: application/json; charset=utf-8
cache-control: no-cache

16:12:12.862 [AsyncHttpClient-1-29] DEBUG org.asynchttpclient.netty.channel.ChannelManager - Adding key: http://localhost:40695 for channel [id: 0x654d6658, L:/127.0.0.1:51296 - R:localhost/127.0.0.1:40695]
16:12:12.863 [Forwarding clearElement on session 8610c246a8bea4c347aafee6b9f4982a to remote] DEBUG org.asynchttpclient.netty.request.NettyRequestSender - Using pooled Channel '[id: 0x654d6658, L:/127.0.0.1:51296 - R:localhost/127.0.0.1:40695]' for 'POST' to 'http://localhost:40695/session/8610c246a8bea4c347aafee6b9f4982a/element/9891e38d-cf18-47dd-b478-17408ecc4f15/clear'
16:12:12.863 [Forwarding clearElement on session 8610c246a8bea4c347aafee6b9f4982a to remote] DEBUG org.asynchttpclient.netty.request.NettyRequestSender - Using open Channel [id: 0x654d6658, L:/127.0.0.1:51296 - R:localhost/127.0.0.1:40695] for POST '/session/8610c246a8bea4c347aafee6b9f4982a/element/9891e38d-cf18-47dd-b478-17408ecc4f15/clear'
16:12:12.886 [AsyncHttpClient-1-29] DEBUG org.asynchttpclient.netty.handler.HttpHandler - 

Request DefaultHttpRequest(decodeResult: success, version: HTTP/1.1)
POST /session/8610c246a8bea4c347aafee6b9f4982a/element/9891e38d-cf18-47dd-b478-17408ecc4f15/clear HTTP/1.1
User-Agent: selenium/4.8.1 (java windows)
Content-Length: 50
Content-Type: application/json; charset=utf-8
host: localhost:40695
accept: */*

Response DefaultHttpResponse(decodeResult: success, version: HTTP/1.1)
HTTP/1.1 200 OK
Content-Length: 14
Content-Type: application/json; charset=utf-8
cache-control: no-cache

16:12:12.886 [AsyncHttpClient-1-29] DEBUG org.asynchttpclient.netty.channel.ChannelManager - Adding key: http://localhost:40695 for channel [id: 0x654d6658, L:/127.0.0.1:51296 - R:localhost/127.0.0.1:40695]
16:12:12.888 [Forwarding sendKeysToElement on session 8610c246a8bea4c347aafee6b9f4982a to remote] DEBUG org.asynchttpclient.netty.request.NettyRequestSender - Using pooled Channel '[id: 0x654d6658, L:/127.0.0.1:51296 - R:localhost/127.0.0.1:40695]' for 'POST' to 'http://localhost:40695/session/8610c246a8bea4c347aafee6b9f4982a/element/9891e38d-cf18-47dd-b478-17408ecc4f15/value'
16:12:12.888 [Forwarding sendKeysToElement on session 8610c246a8bea4c347aafee6b9f4982a to remote] DEBUG org.asynchttpclient.netty.request.NettyRequestSender - Using open Channel [id: 0x654d6658, L:/127.0.0.1:51296 - R:localhost/127.0.0.1:40695] for POST '/session/8610c246a8bea4c347aafee6b9f4982a/element/9891e38d-cf18-47dd-b478-17408ecc4f15/value'
16:12:12.917 [AsyncHttpClient-1-29] DEBUG org.asynchttpclient.netty.handler.HttpHandler - 

Request DefaultHttpRequest(decodeResult: success, version: HTTP/1.1)
POST /session/8610c246a8bea4c347aafee6b9f4982a/element/9891e38d-cf18-47dd-b478-17408ecc4f15/value HTTP/1.1
User-Agent: selenium/4.8.1 (java windows)
Content-Length: 82
Content-Type: application/json; charset=utf-8
host: localhost:40695
accept: */*

Response DefaultHttpResponse(decodeResult: success, version: HTTP/1.1)
HTTP/1.1 200 OK
Content-Length: 14
Content-Type: application/json; charset=utf-8
cache-control: no-cache

16:12:12.917 [AsyncHttpClient-1-29] DEBUG org.asynchttpclient.netty.channel.ChannelManager - Adding key: http://localhost:40695 for channel [id: 0x654d6658, L:/127.0.0.1:51296 - R:localhost/127.0.0.1:40695]
16:12:12.921 [Forwarding getAlertText on session 8610c246a8bea4c347aafee6b9f4982a to remote] DEBUG org.asynchttpclient.netty.request.NettyRequestSender - Using pooled Channel '[id: 0x654d6658, L:/127.0.0.1:51296 - R:localhost/127.0.0.1:40695]' for 'GET' to 'http://localhost:40695/session/8610c246a8bea4c347aafee6b9f4982a/alert/text'
16:12:12.921 [Forwarding getAlertText on session 8610c246a8bea4c347aafee6b9f4982a to remote] DEBUG org.asynchttpclient.netty.request.NettyRequestSender - Using open Channel [id: 0x654d6658, L:/127.0.0.1:51296 - R:localhost/127.0.0.1:40695] for GET '/session/8610c246a8bea4c347aafee6b9f4982a/alert/text'
16:12:12.923 [AsyncHttpClient-1-29] DEBUG org.asynchttpclient.netty.handler.HttpHandler - 

Request DefaultFullHttpRequest(decodeResult: success, version: HTTP/1.1, content: EmptyByteBufBE)
GET /session/8610c246a8bea4c347aafee6b9f4982a/alert/text HTTP/1.1
User-Agent: selenium/4.8.1 (java windows)
Cache-Control: no-cache
Content-Type: application/json; charset=utf-8
host: localhost:40695
accept: */*

Response DefaultHttpResponse(decodeResult: success, version: HTTP/1.1)
HTTP/1.1 404 Not Found
Content-Length: 836
Content-Type: application/json; charset=utf-8
cache-control: no-cache

16:12:12.923 [AsyncHttpClient-1-29] DEBUG org.asynchttpclient.netty.channel.ChannelManager - Adding key: http://localhost:40695 for channel [id: 0x654d6658, L:/127.0.0.1:51296 - R:localhost/127.0.0.1:40695]
16:12:12.923 [Forwarding getCurrentUrl on session 8610c246a8bea4c347aafee6b9f4982a to remote] DEBUG org.asynchttpclient.netty.request.NettyRequestSender - Using pooled Channel '[id: 0x654d6658, L:/127.0.0.1:51296 - R:localhost/127.0.0.1:40695]' for 'GET' to 'http://localhost:40695/session/8610c246a8bea4c347aafee6b9f4982a/url'
16:12:12.923 [Forwarding getCurrentUrl on session 8610c246a8bea4c347aafee6b9f4982a to remote] DEBUG org.asynchttpclient.netty.request.NettyRequestSender - Using open Channel [id: 0x654d6658, L:/127.0.0.1:51296 - R:localhost/127.0.0.1:40695] for GET '/session/8610c246a8bea4c347aafee6b9f4982a/url'
16:12:12.925 [AsyncHttpClient-1-29] DEBUG org.asynchttpclient.netty.handler.HttpHandler - 

Request DefaultFullHttpRequest(decodeResult: success, version: HTTP/1.1, content: EmptyByteBufBE)
GET /session/8610c246a8bea4c347aafee6b9f4982a/url HTTP/1.1
User-Agent: selenium/4.8.1 (java windows)
Cache-Control: no-cache
Content-Type: application/json; charset=utf-8
host: localhost:40695
accept: */*

Response DefaultHttpResponse(decodeResult: success, version: HTTP/1.1)
HTTP/1.1 200 OK
Content-Length: 51
Content-Type: application/json; charset=utf-8
cache-control: no-cache

16:12:12.926 [AsyncHttpClient-1-29] DEBUG org.asynchttpclient.netty.channel.ChannelManager - Adding key: http://localhost:40695 for channel [id: 0x654d6658, L:/127.0.0.1:51296 - R:localhost/127.0.0.1:40695]
16:12:12.926 [Forwarding screenshot on session 8610c246a8bea4c347aafee6b9f4982a to remote] DEBUG org.asynchttpclient.netty.request.NettyRequestSender - Using pooled Channel '[id: 0x654d6658, L:/127.0.0.1:51296 - R:localhost/127.0.0.1:40695]' for 'GET' to 'http://localhost:40695/session/8610c246a8bea4c347aafee6b9f4982a/screenshot'
16:12:12.926 [Forwarding screenshot on session 8610c246a8bea4c347aafee6b9f4982a to remote] DEBUG org.asynchttpclient.netty.request.NettyRequestSender - Using open Channel [id: 0x654d6658, L:/127.0.0.1:51296 - R:localhost/127.0.0.1:40695] for GET '/session/8610c246a8bea4c347aafee6b9f4982a/screenshot'
16:12:13.025 [AsyncHttpClient-1-29] DEBUG org.asynchttpclient.netty.handler.HttpHandler - 

Request DefaultFullHttpRequest(decodeResult: success, version: HTTP/1.1, content: EmptyByteBufBE)
GET /session/8610c246a8bea4c347aafee6b9f4982a/screenshot HTTP/1.1
User-Agent: selenium/4.8.1 (java windows)
Cache-Control: no-cache
Content-Type: application/json; charset=utf-8
host: localhost:40695
accept: */*

Response DefaultHttpResponse(decodeResult: success, version: HTTP/1.1)
HTTP/1.1 200 OK
Content-Length: 25852
Content-Type: application/json; charset=utf-8
cache-control: no-cache

16:12:13.025 [AsyncHttpClient-1-29] DEBUG org.asynchttpclient.netty.channel.ChannelManager - Adding key: http://localhost:40695 for channel [id: 0x654d6658, L:/127.0.0.1:51296 - R:localhost/127.0.0.1:40695]
16:12:13.026 [main] DEBUG net.serenitybdd.core.photography.Darkroom - Send negative for processing for target\site\serenity\442ddf4bfd2e74b2e50d36125686718ca8ea28da7cf92e785118bfdd5d61f405.png
16:12:13.026 [main] DEBUG net.thucydides.core.steps.StepInterceptor - STEP DONE: inputPassword
  &amp#27;[32mAnd &amp#27;[0m&amp#27;[32mI enter empty password&amp#27;[0m             &amp#27;[90m# starter.stepdefinitions.LoginSteps.inputEmptyPassword()&amp#27;[0m
16:12:13.026 [Darkroom Processing Line] DEBUG net.serenitybdd.core.photography.DarkroomProcessingLine - Processing screenshot image in /var/screenshots/screenshot-9093937809111282099
16:12:13.026 [Darkroom Processing Line] DEBUG net.serenitybdd.core.photography.DarkroomProcessingLine - Saving screenshot to target\site\serenity\442ddf4bfd2e74b2e50d36125686718ca8ea28da7cf92e785118bfdd5d61f405.png
16:12:13.032 [Forwarding getPageSource on session 8610c246a8bea4c347aafee6b9f4982a to remote] DEBUG org.asynchttpclient.netty.request.NettyRequestSender - Using pooled Channel '[id: 0x654d6658, L:/127.0.0.1:51296 - R:localhost/127.0.0.1:40695]' for 'POST' to 'http://localhost:40695/session/8610c246a8bea4c347aafee6b9f4982a/execute/sync'
16:12:13.032 [Forwarding getPageSource on session 8610c246a8bea4c347aafee6b9f4982a to remote] DEBUG org.asynchttpclient.netty.request.NettyRequestSender - Using open Channel [id: 0x654d6658, L:/127.0.0.1:51296 - R:localhost/127.0.0.1:40695] for POST '/session/8610c246a8bea4c347aafee6b9f4982a/execute/sync'
16:12:13.036 [AsyncHttpClient-1-29] DEBUG org.asynchttpclient.netty.handler.HttpHandler - 

Request DefaultHttpRequest(decodeResult: success, version: HTTP/1.1)
POST /session/8610c246a8bea4c347aafee6b9f4982a/execute/sync HTTP/1.1
User-Agent: selenium/4.8.1 (java windows)
Content-Length: 176
Content-Type: application/json; charset=utf-8
host: localhost:40695
accept: */*

Response DefaultHttpResponse(decodeResult: success, version: HTTP/1.1)
HTTP/1.1 200 OK
Content-Length: 21737
Content-Type: application/json; charset=utf-8
cache-control: no-cache

16:12:13.036 [AsyncHttpClient-1-29] DEBUG org.asynchttpclient.netty.channel.ChannelManager - Adding key: http://localhost:40695 for channel [id: 0x654d6658, L:/127.0.0.1:51296 - R:localhost/127.0.0.1:40695]
16:12:13.037 [Forwarding getCurrentUrl on session 8610c246a8bea4c347aafee6b9f4982a to remote] DEBUG org.asynchttpclient.netty.request.NettyRequestSender - Using pooled Channel '[id: 0x654d6658, L:/127.0.0.1:51296 - R:localhost/127.0.0.1:40695]' for 'GET' to 'http://localhost:40695/session/8610c246a8bea4c347aafee6b9f4982a/url'
16:12:13.037 [Forwarding getCurrentUrl on session 8610c246a8bea4c347aafee6b9f4982a to remote] DEBUG org.asynchttpclient.netty.request.NettyRequestSender - Using open Channel [id: 0x654d6658, L:/127.0.0.1:51296 - R:localhost/127.0.0.1:40695] for GET '/session/8610c246a8bea4c347aafee6b9f4982a/url'
16:12:13.041 [AsyncHttpClient-1-29] DEBUG org.asynchttpclient.netty.handler.HttpHandler - 

Request DefaultFullHttpRequest(decodeResult: success, version: HTTP/1.1, content: EmptyByteBufBE)
GET /session/8610c246a8bea4c347aafee6b9f4982a/url HTTP/1.1
User-Agent: selenium/4.8.1 (java windows)
Cache-Control: no-cache
Content-Type: application/json; charset=utf-8
host: localhost:40695
accept: */*

Response DefaultHttpResponse(decodeResult: success, version: HTTP/1.1)
HTTP/1.1 200 OK
Content-Length: 51
Content-Type: application/json; charset=utf-8
cache-control: no-cache

16:12:13.041 [AsyncHttpClient-1-29] DEBUG org.asynchttpclient.netty.channel.ChannelManager - Adding key: http://localhost:40695 for channel [id: 0x654d6658, L:/127.0.0.1:51296 - R:localhost/127.0.0.1:40695]
16:12:13.047 [Forwarding getPageSource on session 8610c246a8bea4c347aafee6b9f4982a to remote] DEBUG org.asynchttpclient.netty.request.NettyRequestSender - Using pooled Channel '[id: 0x654d6658, L:/127.0.0.1:51296 - R:localhost/127.0.0.1:40695]' for 'POST' to 'http://localhost:40695/session/8610c246a8bea4c347aafee6b9f4982a/execute/sync'
16:12:13.047 [Forwarding getPageSource on session 8610c246a8bea4c347aafee6b9f4982a to remote] DEBUG org.asynchttpclient.netty.request.NettyRequestSender - Using open Channel [id: 0x654d6658, L:/127.0.0.1:51296 - R:localhost/127.0.0.1:40695] for POST '/session/8610c246a8bea4c347aafee6b9f4982a/execute/sync'
16:12:13.050 [AsyncHttpClient-1-29] DEBUG org.asynchttpclient.netty.handler.HttpHandler - 

Request DefaultHttpRequest(decodeResult: success, version: HTTP/1.1)
POST /session/8610c246a8bea4c347aafee6b9f4982a/execute/sync HTTP/1.1
User-Agent: selenium/4.8.1 (java windows)
Content-Length: 176
Content-Type: application/json; charset=utf-8
host: localhost:40695
accept: */*

Response DefaultHttpResponse(decodeResult: success, version: HTTP/1.1)
HTTP/1.1 200 OK
Content-Length: 21737
Content-Type: application/json; charset=utf-8
cache-control: no-cache

16:12:13.051 [AsyncHttpClient-1-29] DEBUG org.asynchttpclient.netty.channel.ChannelManager - Adding key: http://localhost:40695 for channel [id: 0x654d6658, L:/127.0.0.1:51296 - R:localhost/127.0.0.1:40695]
16:12:13.052 [Forwarding getCurrentUrl on session 8610c246a8bea4c347aafee6b9f4982a to remote] DEBUG org.asynchttpclient.netty.request.NettyRequestSender - Using pooled Channel '[id: 0x654d6658, L:/127.0.0.1:51296 - R:localhost/127.0.0.1:40695]' for 'GET' to 'http://localhost:40695/session/8610c246a8bea4c347aafee6b9f4982a/url'
16:12:13.052 [Forwarding getCurrentUrl on session 8610c246a8bea4c347aafee6b9f4982a to remote] DEBUG org.asynchttpclient.netty.request.NettyRequestSender - Using open Channel [id: 0x654d6658, L:/127.0.0.1:51296 - R:localhost/127.0.0.1:40695] for GET '/session/8610c246a8bea4c347aafee6b9f4982a/url'
16:12:13.055 [AsyncHttpClient-1-29] DEBUG org.asynchttpclient.netty.handler.HttpHandler - 

Request DefaultFullHttpRequest(decodeResult: success, version: HTTP/1.1, content: EmptyByteBufBE)
GET /session/8610c246a8bea4c347aafee6b9f4982a/url HTTP/1.1
User-Agent: selenium/4.8.1 (java windows)
Cache-Control: no-cache
Content-Type: application/json; charset=utf-8
host: localhost:40695
accept: */*

Response DefaultHttpResponse(decodeResult: success, version: HTTP/1.1)
HTTP/1.1 200 OK
Content-Length: 51
Content-Type: application/json; charset=utf-8
cache-control: no-cache

16:12:13.055 [AsyncHttpClient-1-29] DEBUG org.asynchttpclient.netty.channel.ChannelManager - Adding key: http://localhost:40695 for channel [id: 0x654d6658, L:/127.0.0.1:51296 - R:localhost/127.0.0.1:40695]
16:12:13.057 [main] DEBUG net.thucydides.core.steps.StepInterceptor - STARTING STEP: LoginSteps.clickLoginButton - clickLoginButton
16:12:13.058 [Forwarding findElement on session 8610c246a8bea4c347aafee6b9f4982a to remote] DEBUG org.asynchttpclient.netty.request.NettyRequestSender - Using pooled Channel '[id: 0x654d6658, L:/127.0.0.1:51296 - R:localhost/127.0.0.1:40695]' for 'POST' to 'http://localhost:40695/session/8610c246a8bea4c347aafee6b9f4982a/element'
16:12:13.058 [Forwarding findElement on session 8610c246a8bea4c347aafee6b9f4982a to remote] DEBUG org.asynchttpclient.netty.request.NettyRequestSender - Using open Channel [id: 0x654d6658, L:/127.0.0.1:51296 - R:localhost/127.0.0.1:40695] for POST '/session/8610c246a8bea4c347aafee6b9f4982a/element'
16:12:13.066 [AsyncHttpClient-1-29] DEBUG org.asynchttpclient.netty.handler.HttpHandler - 

Request DefaultHttpRequest(decodeResult: success, version: HTTP/1.1)
POST /session/8610c246a8bea4c347aafee6b9f4982a/element HTTP/1.1
User-Agent: selenium/4.8.1 (java windows)
Content-Length: 71
Content-Type: application/json; charset=utf-8
host: localhost:40695
accept: */*

Response DefaultHttpResponse(decodeResult: success, version: HTTP/1.1)
HTTP/1.1 200 OK
Content-Length: 88
Content-Type: application/json; charset=utf-8
cache-control: no-cache

16:12:13.066 [AsyncHttpClient-1-29] DEBUG org.asynchttpclient.netty.channel.ChannelManager - Adding key: http://localhost:40695 for channel [id: 0x654d6658, L:/127.0.0.1:51296 - R:localhost/127.0.0.1:40695]
16:12:13.067 [Forwarding getElementTagName on session 8610c246a8bea4c347aafee6b9f4982a to remote] DEBUG org.asynchttpclient.netty.request.NettyRequestSender - Using pooled Channel '[id: 0x654d6658, L:/127.0.0.1:51296 - R:localhost/127.0.0.1:40695]' for 'GET' to 'http://localhost:40695/session/8610c246a8bea4c347aafee6b9f4982a/element/a3f744a5-a364-456e-b471-eff21097efd4/name'
16:12:13.068 [Forwarding getElementTagName on session 8610c246a8bea4c347aafee6b9f4982a to remote] DEBUG org.asynchttpclient.netty.request.NettyRequestSender - Using open Channel [id: 0x654d6658, L:/127.0.0.1:51296 - R:localhost/127.0.0.1:40695] for GET '/session/8610c246a8bea4c347aafee6b9f4982a/element/a3f744a5-a364-456e-b471-eff21097efd4/name'
16:12:13.071 [AsyncHttpClient-1-29] DEBUG org.asynchttpclient.netty.handler.HttpHandler - 

Request DefaultFullHttpRequest(decodeResult: success, version: HTTP/1.1, content: EmptyByteBufBE)
GET /session/8610c246a8bea4c347aafee6b9f4982a/element/a3f744a5-a364-456e-b471-eff21097efd4/name HTTP/1.1
User-Agent: selenium/4.8.1 (java windows)
Cache-Control: no-cache
Content-Type: application/json; charset=utf-8
host: localhost:40695
accept: */*

Response DefaultHttpResponse(decodeResult: success, version: HTTP/1.1)
HTTP/1.1 200 OK
Content-Length: 18
Content-Type: application/json; charset=utf-8
cache-control: no-cache

16:12:13.071 [AsyncHttpClient-1-29] DEBUG org.asynchttpclient.netty.channel.ChannelManager - Adding key: http://localhost:40695 for channel [id: 0x654d6658, L:/127.0.0.1:51296 - R:localhost/127.0.0.1:40695]
16:12:13.071 [Forwarding getElementTagName on session 8610c246a8bea4c347aafee6b9f4982a to remote] DEBUG org.asynchttpclient.netty.request.NettyRequestSender - Using pooled Channel '[id: 0x654d6658, L:/127.0.0.1:51296 - R:localhost/127.0.0.1:40695]' for 'GET' to 'http://localhost:40695/session/8610c246a8bea4c347aafee6b9f4982a/element/a3f744a5-a364-456e-b471-eff21097efd4/name'
16:12:13.072 [Forwarding getElementTagName on session 8610c246a8bea4c347aafee6b9f4982a to remote] DEBUG org.asynchttpclient.netty.request.NettyRequestSender - Using open Channel [id: 0x654d6658, L:/127.0.0.1:51296 - R:localhost/127.0.0.1:40695] for GET '/session/8610c246a8bea4c347aafee6b9f4982a/element/a3f744a5-a364-456e-b471-eff21097efd4/name'
16:12:13.073 [AsyncHttpClient-1-29] DEBUG org.asynchttpclient.netty.handler.HttpHandler - 

Request DefaultFullHttpRequest(decodeResult: success, version: HTTP/1.1, content: EmptyByteBufBE)
GET /session/8610c246a8bea4c347aafee6b9f4982a/element/a3f744a5-a364-456e-b471-eff21097efd4/name HTTP/1.1
User-Agent: selenium/4.8.1 (java windows)
Cache-Control: no-cache
Content-Type: application/json; charset=utf-8
host: localhost:40695
accept: */*

Response DefaultHttpResponse(decodeResult: success, version: HTTP/1.1)
HTTP/1.1 200 OK
Content-Length: 18
Content-Type: application/json; charset=utf-8
cache-control: no-cache

16:12:13.073 [AsyncHttpClient-1-29] DEBUG org.asynchttpclient.netty.channel.ChannelManager - Adding key: http://localhost:40695 for channel [id: 0x654d6658, L:/127.0.0.1:51296 - R:localhost/127.0.0.1:40695]
16:12:13.075 [Forwarding isElementEnabled on session 8610c246a8bea4c347aafee6b9f4982a to remote] DEBUG org.asynchttpclient.netty.request.NettyRequestSender - Using pooled Channel '[id: 0x654d6658, L:/127.0.0.1:51296 - R:localhost/127.0.0.1:40695]' for 'GET' to 'http://localhost:40695/session/8610c246a8bea4c347aafee6b9f4982a/element/a3f744a5-a364-456e-b471-eff21097efd4/enabled'
16:12:13.075 [Forwarding isElementEnabled on session 8610c246a8bea4c347aafee6b9f4982a to remote] DEBUG org.asynchttpclient.netty.request.NettyRequestSender - Using open Channel [id: 0x654d6658, L:/127.0.0.1:51296 - R:localhost/127.0.0.1:40695] for GET '/session/8610c246a8bea4c347aafee6b9f4982a/element/a3f744a5-a364-456e-b471-eff21097efd4/enabled'
16:12:13.080 [AsyncHttpClient-1-29] DEBUG org.asynchttpclient.netty.handler.HttpHandler - 

Request DefaultFullHttpRequest(decodeResult: success, version: HTTP/1.1, content: EmptyByteBufBE)
GET /session/8610c246a8bea4c347aafee6b9f4982a/element/a3f744a5-a364-456e-b471-eff21097efd4/enabled HTTP/1.1
User-Agent: selenium/4.8.1 (java windows)
Cache-Control: no-cache
Content-Type: application/json; charset=utf-8
host: localhost:40695
accept: */*

Response DefaultHttpResponse(decodeResult: success, version: HTTP/1.1)
HTTP/1.1 200 OK
Content-Length: 14
Content-Type: application/json; charset=utf-8
cache-control: no-cache

16:12:13.081 [AsyncHttpClient-1-29] DEBUG org.asynchttpclient.netty.channel.ChannelManager - Adding key: http://localhost:40695 for channel [id: 0x654d6658, L:/127.0.0.1:51296 - R:localhost/127.0.0.1:40695]
16:12:13.081 [Forwarding isElementEnabled on session 8610c246a8bea4c347aafee6b9f4982a to remote] DEBUG org.asynchttpclient.netty.request.NettyRequestSender - Using pooled Channel '[id: 0x654d6658, L:/127.0.0.1:51296 - R:localhost/127.0.0.1:40695]' for 'GET' to 'http://localhost:40695/session/8610c246a8bea4c347aafee6b9f4982a/element/a3f744a5-a364-456e-b471-eff21097efd4/enabled'
16:12:13.082 [Forwarding isElementEnabled on session 8610c246a8bea4c347aafee6b9f4982a to remote] DEBUG org.asynchttpclient.netty.request.NettyRequestSender - Using open Channel [id: 0x654d6658, L:/127.0.0.1:51296 - R:localhost/127.0.0.1:40695] for GET '/session/8610c246a8bea4c347aafee6b9f4982a/element/a3f744a5-a364-456e-b471-eff21097efd4/enabled'
16:12:13.085 [AsyncHttpClient-1-29] DEBUG org.asynchttpclient.netty.handler.HttpHandler - 

Request DefaultFullHttpRequest(decodeResult: success, version: HTTP/1.1, content: EmptyByteBufBE)
GET /session/8610c246a8bea4c347aafee6b9f4982a/element/a3f744a5-a364-456e-b471-eff21097efd4/enabled HTTP/1.1
User-Agent: selenium/4.8.1 (java windows)
Cache-Control: no-cache
Content-Type: application/json; charset=utf-8
host: localhost:40695
accept: */*

Response DefaultHttpResponse(decodeResult: success, version: HTTP/1.1)
HTTP/1.1 200 OK
Content-Length: 14
Content-Type: application/json; charset=utf-8
cache-control: no-cache

16:12:13.085 [AsyncHttpClient-1-29] DEBUG org.asynchttpclient.netty.channel.ChannelManager - Adding key: http://localhost:40695 for channel [id: 0x654d6658, L:/127.0.0.1:51296 - R:localhost/127.0.0.1:40695]
16:12:13.086 [Forwarding findElement on session 8610c246a8bea4c347aafee6b9f4982a to remote] DEBUG org.asynchttpclient.netty.request.NettyRequestSender - Using pooled Channel '[id: 0x654d6658, L:/127.0.0.1:51296 - R:localhost/127.0.0.1:40695]' for 'POST' to 'http://localhost:40695/session/8610c246a8bea4c347aafee6b9f4982a/element'
16:12:13.086 [Forwarding findElement on session 8610c246a8bea4c347aafee6b9f4982a to remote] DEBUG org.asynchttpclient.netty.request.NettyRequestSender - Using open Channel [id: 0x654d6658, L:/127.0.0.1:51296 - R:localhost/127.0.0.1:40695] for POST '/session/8610c246a8bea4c347aafee6b9f4982a/element'
16:12:13.091 [AsyncHttpClient-1-29] DEBUG org.asynchttpclient.netty.handler.HttpHandler - 

Request DefaultHttpRequest(decodeResult: success, version: HTTP/1.1)
POST /session/8610c246a8bea4c347aafee6b9f4982a/element HTTP/1.1
User-Agent: selenium/4.8.1 (java windows)
Content-Length: 71
Content-Type: application/json; charset=utf-8
host: localhost:40695
accept: */*

Response DefaultHttpResponse(decodeResult: success, version: HTTP/1.1)
HTTP/1.1 200 OK
Content-Length: 88
Content-Type: application/json; charset=utf-8
cache-control: no-cache

16:12:13.091 [AsyncHttpClient-1-29] DEBUG org.asynchttpclient.netty.channel.ChannelManager - Adding key: http://localhost:40695 for channel [id: 0x654d6658, L:/127.0.0.1:51296 - R:localhost/127.0.0.1:40695]
16:12:13.092 [Forwarding clickElement on session 8610c246a8bea4c347aafee6b9f4982a to remote] DEBUG org.asynchttpclient.netty.request.NettyRequestSender - Using pooled Channel '[id: 0x654d6658, L:/127.0.0.1:51296 - R:localhost/127.0.0.1:40695]' for 'POST' to 'http://localhost:40695/session/8610c246a8bea4c347aafee6b9f4982a/element/a3f744a5-a364-456e-b471-eff21097efd4/click'
16:12:13.092 [Forwarding clickElement on session 8610c246a8bea4c347aafee6b9f4982a to remote] DEBUG org.asynchttpclient.netty.request.NettyRequestSender - Using open Channel [id: 0x654d6658, L:/127.0.0.1:51296 - R:localhost/127.0.0.1:40695] for POST '/session/8610c246a8bea4c347aafee6b9f4982a/element/a3f744a5-a364-456e-b471-eff21097efd4/click'
16:12:13.123 [AsyncHttpClient-1-29] DEBUG org.asynchttpclient.netty.handler.HttpHandler - 

Request DefaultHttpRequest(decodeResult: success, version: HTTP/1.1)
POST /session/8610c246a8bea4c347aafee6b9f4982a/element/a3f744a5-a364-456e-b471-eff21097efd4/click HTTP/1.1
User-Agent: selenium/4.8.1 (java windows)
Content-Length: 50
Content-Type: application/json; charset=utf-8
host: localhost:40695
accept: */*

Response DefaultHttpResponse(decodeResult: success, version: HTTP/1.1)
HTTP/1.1 200 OK
Content-Length: 14
Content-Type: application/json; charset=utf-8
cache-control: no-cache

16:12:13.123 [AsyncHttpClient-1-29] DEBUG org.asynchttpclient.netty.channel.ChannelManager - Adding key: http://localhost:40695 for channel [id: 0x654d6658, L:/127.0.0.1:51296 - R:localhost/127.0.0.1:40695]
16:12:13.127 [Forwarding getAlertText on session 8610c246a8bea4c347aafee6b9f4982a to remote] DEBUG org.asynchttpclient.netty.request.NettyRequestSender - Using pooled Channel '[id: 0x654d6658, L:/127.0.0.1:51296 - R:localhost/127.0.0.1:40695]' for 'GET' to 'http://localhost:40695/session/8610c246a8bea4c347aafee6b9f4982a/alert/text'
16:12:13.127 [Forwarding getAlertText on session 8610c246a8bea4c347aafee6b9f4982a to remote] DEBUG org.asynchttpclient.netty.request.NettyRequestSender - Using open Channel [id: 0x654d6658, L:/127.0.0.1:51296 - R:localhost/127.0.0.1:40695] for GET '/session/8610c246a8bea4c347aafee6b9f4982a/alert/text'
16:12:13.128 [AsyncHttpClient-1-29] DEBUG org.asynchttpclient.netty.handler.HttpHandler - 

Request DefaultFullHttpRequest(decodeResult: success, version: HTTP/1.1, content: EmptyByteBufBE)
GET /session/8610c246a8bea4c347aafee6b9f4982a/alert/text HTTP/1.1
User-Agent: selenium/4.8.1 (java windows)
Cache-Control: no-cache
Content-Type: application/json; charset=utf-8
host: localhost:40695
accept: */*

Response DefaultHttpResponse(decodeResult: success, version: HTTP/1.1)
HTTP/1.1 404 Not Found
Content-Length: 836
Content-Type: application/json; charset=utf-8
cache-control: no-cache

16:12:13.128 [AsyncHttpClient-1-29] DEBUG org.asynchttpclient.netty.channel.ChannelManager - Adding key: http://localhost:40695 for channel [id: 0x654d6658, L:/127.0.0.1:51296 - R:localhost/127.0.0.1:40695]
16:12:13.129 [Forwarding getCurrentUrl on session 8610c246a8bea4c347aafee6b9f4982a to remote] DEBUG org.asynchttpclient.netty.request.NettyRequestSender - Using pooled Channel '[id: 0x654d6658, L:/127.0.0.1:51296 - R:localhost/127.0.0.1:40695]' for 'GET' to 'http://localhost:40695/session/8610c246a8bea4c347aafee6b9f4982a/url'
16:12:13.129 [Forwarding getCurrentUrl on session 8610c246a8bea4c347aafee6b9f4982a to remote] DEBUG org.asynchttpclient.netty.request.NettyRequestSender - Using open Channel [id: 0x654d6658, L:/127.0.0.1:51296 - R:localhost/127.0.0.1:40695] for GET '/session/8610c246a8bea4c347aafee6b9f4982a/url'
16:12:13.132 [AsyncHttpClient-1-29] DEBUG org.asynchttpclient.netty.handler.HttpHandler - 

Request DefaultFullHttpRequest(decodeResult: success, version: HTTP/1.1, content: EmptyByteBufBE)
GET /session/8610c246a8bea4c347aafee6b9f4982a/url HTTP/1.1
User-Agent: selenium/4.8.1 (java windows)
Cache-Control: no-cache
Content-Type: application/json; charset=utf-8
host: localhost:40695
accept: */*

Response DefaultHttpResponse(decodeResult: success, version: HTTP/1.1)
HTTP/1.1 200 OK
Content-Length: 51
Content-Type: application/json; charset=utf-8
cache-control: no-cache

16:12:13.132 [AsyncHttpClient-1-29] DEBUG org.asynchttpclient.netty.channel.ChannelManager - Adding key: http://localhost:40695 for channel [id: 0x654d6658, L:/127.0.0.1:51296 - R:localhost/127.0.0.1:40695]
16:12:13.133 [Forwarding screenshot on session 8610c246a8bea4c347aafee6b9f4982a to remote] DEBUG org.asynchttpclient.netty.request.NettyRequestSender - Using pooled Channel '[id: 0x654d6658, L:/127.0.0.1:51296 - R:localhost/127.0.0.1:40695]' for 'GET' to 'http://localhost:40695/session/8610c246a8bea4c347aafee6b9f4982a/screenshot'
16:12:13.133 [Forwarding screenshot on session 8610c246a8bea4c347aafee6b9f4982a to remote] DEBUG org.asynchttpclient.netty.request.NettyRequestSender - Using open Channel [id: 0x654d6658, L:/127.0.0.1:51296 - R:localhost/127.0.0.1:40695] for GET '/session/8610c246a8bea4c347aafee6b9f4982a/screenshot'
16:12:13.244 [AsyncHttpClient-1-29] DEBUG org.asynchttpclient.netty.handler.HttpHandler - 

Request DefaultFullHttpRequest(decodeResult: success, version: HTTP/1.1, content: EmptyByteBufBE)
GET /session/8610c246a8bea4c347aafee6b9f4982a/screenshot HTTP/1.1
User-Agent: selenium/4.8.1 (java windows)
Cache-Control: no-cache
Content-Type: application/json; charset=utf-8
host: localhost:40695
accept: */*

Response DefaultHttpResponse(decodeResult: success, version: HTTP/1.1)
HTTP/1.1 200 OK
Content-Length: 26176
Content-Type: application/json; charset=utf-8
cache-control: no-cache

16:12:13.244 [AsyncHttpClient-1-29] DEBUG org.asynchttpclient.netty.channel.ChannelManager - Adding key: http://localhost:40695 for channel [id: 0x654d6658, L:/127.0.0.1:51296 - R:localhost/127.0.0.1:40695]
16:12:13.245 [main] DEBUG net.serenitybdd.core.photography.Darkroom - Send negative for processing for target\site\serenity\0cf9b97b20836d89221d4529b77aee4b81d43ee4da39794da33a0eb02b414ffe.png
16:12:13.246 [main] DEBUG net.thucydides.core.steps.StepInterceptor - STEP DONE: clickLoginButton
  &amp#27;[32mWhen &amp#27;[0m&amp#27;[32mI click on the login button&amp#27;[0m       &amp#27;[90m# starter.stepdefinitions.LoginSteps.clickLoginButton()&amp#27;[0m
16:12:13.246 [Darkroom Processing Line] DEBUG net.serenitybdd.core.photography.DarkroomProcessingLine - Processing screenshot image in /var/screenshots/screenshot-9360608562927793537
16:12:13.246 [Darkroom Processing Line] DEBUG net.serenitybdd.core.photography.DarkroomProcessingLine - Saving screenshot to target\site\serenity\0cf9b97b20836d89221d4529b77aee4b81d43ee4da39794da33a0eb02b414ffe.png
16:12:13.253 [Forwarding getPageSource on session 8610c246a8bea4c347aafee6b9f4982a to remote] DEBUG org.asynchttpclient.netty.request.NettyRequestSender - Using pooled Channel '[id: 0x654d6658, L:/127.0.0.1:51296 - R:localhost/127.0.0.1:40695]' for 'POST' to 'http://localhost:40695/session/8610c246a8bea4c347aafee6b9f4982a/execute/sync'
16:12:13.253 [Forwarding getPageSource on session 8610c246a8bea4c347aafee6b9f4982a to remote] DEBUG org.asynchttpclient.netty.request.NettyRequestSender - Using open Channel [id: 0x654d6658, L:/127.0.0.1:51296 - R:localhost/127.0.0.1:40695] for POST '/session/8610c246a8bea4c347aafee6b9f4982a/execute/sync'
16:12:13.257 [AsyncHttpClient-1-29] DEBUG org.asynchttpclient.netty.handler.HttpHandler - 

Request DefaultHttpRequest(decodeResult: success, version: HTTP/1.1)
POST /session/8610c246a8bea4c347aafee6b9f4982a/execute/sync HTTP/1.1
User-Agent: selenium/4.8.1 (java windows)
Content-Length: 176
Content-Type: application/json; charset=utf-8
host: localhost:40695
accept: */*

Response DefaultHttpResponse(decodeResult: success, version: HTTP/1.1)
HTTP/1.1 200 OK
Content-Length: 22000
Content-Type: application/json; charset=utf-8
cache-control: no-cache

16:12:13.257 [AsyncHttpClient-1-29] DEBUG org.asynchttpclient.netty.channel.ChannelManager - Adding key: http://localhost:40695 for channel [id: 0x654d6658, L:/127.0.0.1:51296 - R:localhost/127.0.0.1:40695]
16:12:13.258 [Forwarding getCurrentUrl on session 8610c246a8bea4c347aafee6b9f4982a to remote] DEBUG org.asynchttpclient.netty.request.NettyRequestSender - Using pooled Channel '[id: 0x654d6658, L:/127.0.0.1:51296 - R:localhost/127.0.0.1:40695]' for 'GET' to 'http://localhost:40695/session/8610c246a8bea4c347aafee6b9f4982a/url'
16:12:13.258 [Forwarding getCurrentUrl on session 8610c246a8bea4c347aafee6b9f4982a to remote] DEBUG org.asynchttpclient.netty.request.NettyRequestSender - Using open Channel [id: 0x654d6658, L:/127.0.0.1:51296 - R:localhost/127.0.0.1:40695] for GET '/session/8610c246a8bea4c347aafee6b9f4982a/url'
16:12:13.260 [AsyncHttpClient-1-29] DEBUG org.asynchttpclient.netty.handler.HttpHandler - 

Request DefaultFullHttpRequest(decodeResult: success, version: HTTP/1.1, content: EmptyByteBufBE)
GET /session/8610c246a8bea4c347aafee6b9f4982a/url HTTP/1.1
User-Agent: selenium/4.8.1 (java windows)
Cache-Control: no-cache
Content-Type: application/json; charset=utf-8
host: localhost:40695
accept: */*

Response DefaultHttpResponse(decodeResult: success, version: HTTP/1.1)
HTTP/1.1 200 OK
Content-Length: 51
Content-Type: application/json; charset=utf-8
cache-control: no-cache

16:12:13.260 [AsyncHttpClient-1-29] DEBUG org.asynchttpclient.netty.channel.ChannelManager - Adding key: http://localhost:40695 for channel [id: 0x654d6658, L:/127.0.0.1:51296 - R:localhost/127.0.0.1:40695]
16:12:13.268 [Forwarding getPageSource on session 8610c246a8bea4c347aafee6b9f4982a to remote] DEBUG org.asynchttpclient.netty.request.NettyRequestSender - Using pooled Channel '[id: 0x654d6658, L:/127.0.0.1:51296 - R:localhost/127.0.0.1:40695]' for 'POST' to 'http://localhost:40695/session/8610c246a8bea4c347aafee6b9f4982a/execute/sync'
16:12:13.268 [Forwarding getPageSource on session 8610c246a8bea4c347aafee6b9f4982a to remote] DEBUG org.asynchttpclient.netty.request.NettyRequestSender - Using open Channel [id: 0x654d6658, L:/127.0.0.1:51296 - R:localhost/127.0.0.1:40695] for POST '/session/8610c246a8bea4c347aafee6b9f4982a/execute/sync'
16:12:13.274 [AsyncHttpClient-1-29] DEBUG org.asynchttpclient.netty.handler.HttpHandler - 

Request DefaultHttpRequest(decodeResult: success, version: HTTP/1.1)
POST /session/8610c246a8bea4c347aafee6b9f4982a/execute/sync HTTP/1.1
User-Agent: selenium/4.8.1 (java windows)
Content-Length: 176
Content-Type: application/json; charset=utf-8
host: localhost:40695
accept: */*

Response DefaultHttpResponse(decodeResult: success, version: HTTP/1.1)
HTTP/1.1 200 OK
Content-Length: 22000
Content-Type: application/json; charset=utf-8
cache-control: no-cache

16:12:13.274 [AsyncHttpClient-1-29] DEBUG org.asynchttpclient.netty.channel.ChannelManager - Adding key: http://localhost:40695 for channel [id: 0x654d6658, L:/127.0.0.1:51296 - R:localhost/127.0.0.1:40695]
16:12:13.276 [Forwarding getCurrentUrl on session 8610c246a8bea4c347aafee6b9f4982a to remote] DEBUG org.asynchttpclient.netty.request.NettyRequestSender - Using pooled Channel '[id: 0x654d6658, L:/127.0.0.1:51296 - R:localhost/127.0.0.1:40695]' for 'GET' to 'http://localhost:40695/session/8610c246a8bea4c347aafee6b9f4982a/url'
16:12:13.276 [Forwarding getCurrentUrl on session 8610c246a8bea4c347aafee6b9f4982a to remote] DEBUG org.asynchttpclient.netty.request.NettyRequestSender - Using open Channel [id: 0x654d6658, L:/127.0.0.1:51296 - R:localhost/127.0.0.1:40695] for GET '/session/8610c246a8bea4c347aafee6b9f4982a/url'
16:12:13.281 [AsyncHttpClient-1-29] DEBUG org.asynchttpclient.netty.handler.HttpHandler - 

Request DefaultFullHttpRequest(decodeResult: success, version: HTTP/1.1, content: EmptyByteBufBE)
GET /session/8610c246a8bea4c347aafee6b9f4982a/url HTTP/1.1
User-Agent: selenium/4.8.1 (java windows)
Cache-Control: no-cache
Content-Type: application/json; charset=utf-8
host: localhost:40695
accept: */*

Response DefaultHttpResponse(decodeResult: success, version: HTTP/1.1)
HTTP/1.1 200 OK
Content-Length: 51
Content-Type: application/json; charset=utf-8
cache-control: no-cache

16:12:13.281 [AsyncHttpClient-1-29] DEBUG org.asynchttpclient.netty.channel.ChannelManager - Adding key: http://localhost:40695 for channel [id: 0x654d6658, L:/127.0.0.1:51296 - R:localhost/127.0.0.1:40695]
16:12:13.283 [main] DEBUG net.thucydides.core.steps.StepInterceptor - STARTING STEP: LoginSteps.alertContent - incorrectAlert
16:12:13.286 [Forwarding findElement on session 8610c246a8bea4c347aafee6b9f4982a to remote] DEBUG org.asynchttpclient.netty.request.NettyRequestSender - Using pooled Channel '[id: 0x654d6658, L:/127.0.0.1:51296 - R:localhost/127.0.0.1:40695]' for 'POST' to 'http://localhost:40695/session/8610c246a8bea4c347aafee6b9f4982a/element'
16:12:13.286 [Forwarding findElement on session 8610c246a8bea4c347aafee6b9f4982a to remote] DEBUG org.asynchttpclient.netty.request.NettyRequestSender - Using open Channel [id: 0x654d6658, L:/127.0.0.1:51296 - R:localhost/127.0.0.1:40695] for POST '/session/8610c246a8bea4c347aafee6b9f4982a/element'
16:12:13.543 [AsyncHttpClient-1-29] DEBUG org.asynchttpclient.netty.handler.HttpHandler - 

Request DefaultHttpRequest(decodeResult: success, version: HTTP/1.1)
POST /session/8610c246a8bea4c347aafee6b9f4982a/element HTTP/1.1
User-Agent: selenium/4.8.1 (java windows)
Content-Length: 54
Content-Type: application/json; charset=utf-8
host: localhost:40695
accept: */*

Response DefaultHttpResponse(decodeResult: success, version: HTTP/1.1)
HTTP/1.1 200 OK
Content-Length: 88
Content-Type: application/json; charset=utf-8
cache-control: no-cache

16:12:13.543 [AsyncHttpClient-1-29] DEBUG org.asynchttpclient.netty.channel.ChannelManager - Adding key: http://localhost:40695 for channel [id: 0x654d6658, L:/127.0.0.1:51296 - R:localhost/127.0.0.1:40695]
16:12:13.545 [Forwarding isElementDisplayed on session 8610c246a8bea4c347aafee6b9f4982a to remote] DEBUG org.asynchttpclient.netty.request.NettyRequestSender - Using pooled Channel '[id: 0x654d6658, L:/127.0.0.1:51296 - R:localhost/127.0.0.1:40695]' for 'POST' to 'http://localhost:40695/session/8610c246a8bea4c347aafee6b9f4982a/execute/sync'
16:12:13.545 [Forwarding isElementDisplayed on session 8610c246a8bea4c347aafee6b9f4982a to remote] DEBUG org.asynchttpclient.netty.request.NettyRequestSender - Using open Channel [id: 0x654d6658, L:/127.0.0.1:51296 - R:localhost/127.0.0.1:40695] for POST '/session/8610c246a8bea4c347aafee6b9f4982a/execute/sync'
16:12:13.555 [AsyncHttpClient-1-29] DEBUG org.asynchttpclient.netty.handler.HttpHandler - 

Request DefaultHttpRequest(decodeResult: success, version: HTTP/1.1)
POST /session/8610c246a8bea4c347aafee6b9f4982a/execute/sync HTTP/1.1
User-Agent: selenium/4.8.1 (java windows)
Content-Length: 48807
Content-Type: application/json; charset=utf-8
host: localhost:40695
accept: */*

Response DefaultHttpResponse(decodeResult: success, version: HTTP/1.1)
HTTP/1.1 200 OK
Content-Length: 14
Content-Type: application/json; charset=utf-8
cache-control: no-cache

16:12:13.555 [AsyncHttpClient-1-29] DEBUG org.asynchttpclient.netty.channel.ChannelManager - Adding key: http://localhost:40695 for channel [id: 0x654d6658, L:/127.0.0.1:51296 - R:localhost/127.0.0.1:40695]
16:12:13.558 [Forwarding getAlertText on session 8610c246a8bea4c347aafee6b9f4982a to remote] DEBUG org.asynchttpclient.netty.request.NettyRequestSender - Using pooled Channel '[id: 0x654d6658, L:/127.0.0.1:51296 - R:localhost/127.0.0.1:40695]' for 'GET' to 'http://localhost:40695/session/8610c246a8bea4c347aafee6b9f4982a/alert/text'
16:12:13.558 [Forwarding getAlertText on session 8610c246a8bea4c347aafee6b9f4982a to remote] DEBUG org.asynchttpclient.netty.request.NettyRequestSender - Using open Channel [id: 0x654d6658, L:/127.0.0.1:51296 - R:localhost/127.0.0.1:40695] for GET '/session/8610c246a8bea4c347aafee6b9f4982a/alert/text'
16:12:13.559 [AsyncHttpClient-1-29] DEBUG org.asynchttpclient.netty.handler.HttpHandler - 

Request DefaultFullHttpRequest(decodeResult: success, version: HTTP/1.1, content: EmptyByteBufBE)
GET /session/8610c246a8bea4c347aafee6b9f4982a/alert/text HTTP/1.1
User-Agent: selenium/4.8.1 (java windows)
Cache-Control: no-cache
Content-Type: application/json; charset=utf-8
host: localhost:40695
accept: */*

Response DefaultHttpResponse(decodeResult: success, version: HTTP/1.1)
HTTP/1.1 404 Not Found
Content-Length: 836
Content-Type: application/json; charset=utf-8
cache-control: no-cache

16:12:13.559 [AsyncHttpClient-1-29] DEBUG org.asynchttpclient.netty.channel.ChannelManager - Adding key: http://localhost:40695 for channel [id: 0x654d6658, L:/127.0.0.1:51296 - R:localhost/127.0.0.1:40695]
16:12:13.559 [Forwarding getCurrentUrl on session 8610c246a8bea4c347aafee6b9f4982a to remote] DEBUG org.asynchttpclient.netty.request.NettyRequestSender - Using pooled Channel '[id: 0x654d6658, L:/127.0.0.1:51296 - R:localhost/127.0.0.1:40695]' for 'GET' to 'http://localhost:40695/session/8610c246a8bea4c347aafee6b9f4982a/url'
16:12:13.559 [Forwarding getCurrentUrl on session 8610c246a8bea4c347aafee6b9f4982a to remote] DEBUG org.asynchttpclient.netty.request.NettyRequestSender - Using open Channel [id: 0x654d6658, L:/127.0.0.1:51296 - R:localhost/127.0.0.1:40695] for GET '/session/8610c246a8bea4c347aafee6b9f4982a/url'
16:12:13.563 [AsyncHttpClient-1-29] DEBUG org.asynchttpclient.netty.handler.HttpHandler - 

Request DefaultFullHttpRequest(decodeResult: success, version: HTTP/1.1, content: EmptyByteBufBE)
GET /session/8610c246a8bea4c347aafee6b9f4982a/url HTTP/1.1
User-Agent: selenium/4.8.1 (java windows)
Cache-Control: no-cache
Content-Type: application/json; charset=utf-8
host: localhost:40695
accept: */*

Response DefaultHttpResponse(decodeResult: success, version: HTTP/1.1)
HTTP/1.1 200 OK
Content-Length: 51
Content-Type: application/json; charset=utf-8
cache-control: no-cache

16:12:13.563 [AsyncHttpClient-1-29] DEBUG org.asynchttpclient.netty.channel.ChannelManager - Adding key: http://localhost:40695 for channel [id: 0x654d6658, L:/127.0.0.1:51296 - R:localhost/127.0.0.1:40695]
16:12:13.563 [Forwarding screenshot on session 8610c246a8bea4c347aafee6b9f4982a to remote] DEBUG org.asynchttpclient.netty.request.NettyRequestSender - Using pooled Channel '[id: 0x654d6658, L:/127.0.0.1:51296 - R:localhost/127.0.0.1:40695]' for 'GET' to 'http://localhost:40695/session/8610c246a8bea4c347aafee6b9f4982a/screenshot'
16:12:13.563 [Forwarding screenshot on session 8610c246a8bea4c347aafee6b9f4982a to remote] DEBUG org.asynchttpclient.netty.request.NettyRequestSender - Using open Channel [id: 0x654d6658, L:/127.0.0.1:51296 - R:localhost/127.0.0.1:40695] for GET '/session/8610c246a8bea4c347aafee6b9f4982a/screenshot'
16:12:13.653 [AsyncHttpClient-1-29] DEBUG org.asynchttpclient.netty.handler.HttpHandler - 

Request DefaultFullHttpRequest(decodeResult: success, version: HTTP/1.1, content: EmptyByteBufBE)
GET /session/8610c246a8bea4c347aafee6b9f4982a/screenshot HTTP/1.1
User-Agent: selenium/4.8.1 (java windows)
Cache-Control: no-cache
Content-Type: application/json; charset=utf-8
host: localhost:40695
accept: */*

Response DefaultHttpResponse(decodeResult: success, version: HTTP/1.1)
HTTP/1.1 200 OK
Content-Length: 29720
Content-Type: application/json; charset=utf-8
cache-control: no-cache

16:12:13.653 [AsyncHttpClient-1-29] DEBUG org.asynchttpclient.netty.channel.ChannelManager - Adding key: http://localhost:40695 for channel [id: 0x654d6658, L:/127.0.0.1:51296 - R:localhost/127.0.0.1:40695]
16:12:13.654 [main] DEBUG net.serenitybdd.core.photography.Darkroom - Send negative for processing for target\site\serenity\54ec2cb8bda1366426db1cfa726b2f27880f8be6d509c00de39223af39914130.png
16:12:13.654 [main] DEBUG net.thucydides.core.steps.StepInterceptor - STEP DONE: incorrectAlert
  &amp#27;[32mThen &amp#27;[0m&amp#27;[32mI should see the error message&amp#27;[0m    &amp#27;[90m# starter.stepdefinitions.LoginSteps.alertContent()&amp#27;[0m
16:12:13.654 [Darkroom Processing Line] DEBUG net.serenitybdd.core.photography.DarkroomProcessingLine - Processing screenshot image in /var/screenshots/screenshot-14242711259905052804
16:12:13.654 [Darkroom Processing Line] DEBUG net.serenitybdd.core.photography.DarkroomProcessingLine - Saving screenshot to target\site\serenity\54ec2cb8bda1366426db1cfa726b2f27880f8be6d509c00de39223af39914130.png
16:12:13.656 [AsyncHttpClient-1-1] DEBUG org.asynchttpclient.netty.channel.DefaultChannelPool - Entry count for : http://localhost:51297 : 1
16:12:13.656 [AsyncHttpClient-1-1] DEBUG org.asynchttpclient.netty.channel.DefaultChannelPool - Entry count for : http://localhost:40695 : 1
16:12:13.658 [main] INFO  - 
  _____   ___   ___   _____     ___     _     ___   ___   ___   ___  
 |_   _| | __| / __| |_   _|   | _ \   /_\   / __| / __| | __| |   \ 
   | |   | _|  \__ \   | |     |  _/  / _ \  \__ \ \__ \ | _|  | |) |
   |_|   |___| |___/   |_|     |_|   /_/ \_\ |___/ |___/ |___| |___/ 

Login without input any fields
----------------------------------------------------------------------
16:12:13.659 [AsyncHttpClient-1-31] DEBUG org.asynchttpclient.netty.handler.WebSocketHandler - Channel Closed: [id: 0x4fa9975a, L:/127.0.0.1:51305 ! R:localhost/127.0.0.1:51297] with attribute NettyResponseFuture{currentRetry=0,
	isDone=1,
	isCancelled=0,
	asyncHandler=org.asynchttpclient.ws.WebSocketUpgradeHandler@7a7fd048,
	nettyRequest=org.asynchttpclient.netty.request.NettyRequest@3f7d4163,
	future=java.util.concurrent.CompletableFuture@726e73cf[Completed normally],
	uri=ws://localhost:51297/devtools/browser/77ff8a47-3ed6-4f0a-9fc6-2b6c68b28de7,
	keepAlive=true,
	redirectCount=0,
	timeoutsHolder=null,
	inAuth=0,
	touch=1683537130056}
16:12:13.659 [AsyncHttpClient-1-31] DEBUG org.asynchttpclient.netty.channel.ChannelManager - Closing Channel [id: 0x4fa9975a, L:/127.0.0.1:51305 ! R:localhost/127.0.0.1:51297] 
16:12:13.659 [Driver Command Executor] DEBUG org.asynchttpclient.netty.request.NettyRequestSender - Using pooled Channel '[id: 0x654d6658, L:/127.0.0.1:51296 - R:localhost/127.0.0.1:40695]' for 'DELETE' to 'http://localhost:40695/session/8610c246a8bea4c347aafee6b9f4982a'
16:12:13.659 [Driver Command Executor] DEBUG org.asynchttpclient.netty.request.NettyRequestSender - Using open Channel [id: 0x654d6658, L:/127.0.0.1:51296 - R:localhost/127.0.0.1:40695] for DELETE '/session/8610c246a8bea4c347aafee6b9f4982a'
16:12:13.686 [AsyncHttpClient-1-30] DEBUG org.asynchttpclient.netty.handler.HttpHandler - Unexpected I/O exception on channel [id: 0x4855ad68, L:/127.0.0.1:51304 - R:localhost/127.0.0.1:51297]
java.net.SocketException: Connection reset
	at java.base/sun.nio.ch.SocketChannelImpl.throwConnectionReset(SocketChannelImpl.java:367)
	at java.base/sun.nio.ch.SocketChannelImpl.read(SocketChannelImpl.java:398)
	at io.netty.buffer.PooledByteBuf.setBytes(PooledByteBuf.java:259)
	at io.netty.buffer.AbstractByteBuf.writeBytes(AbstractByteBuf.java:1132)
	at io.netty.channel.socket.nio.NioSocketChannel.doReadBytes(NioSocketChannel.java:357)
	at io.netty.channel.nio.AbstractNioByteChannel$NioByteUnsafe.read(AbstractNioByteChannel.java:151)
	at io.netty.channel.nio.NioEventLoop.processSelectedKey(NioEventLoop.java:788)
	at io.netty.channel.nio.NioEventLoop.processSelectedKeysOptimized(NioEventLoop.java:724)
	at io.netty.channel.nio.NioEventLoop.processSelectedKeys(NioEventLoop.java:650)
	at io.netty.channel.nio.NioEventLoop.run(NioEventLoop.java:562)
	at io.netty.util.concurrent.SingleThreadEventExecutor$4.run(SingleThreadEventExecutor.java:997)
	at io.netty.util.internal.ThreadExecutorMap$2.run(ThreadExecutorMap.java:74)
	at io.netty.util.concurrent.FastThreadLocalRunnable.run(FastThreadLocalRunnable.java:30)
	at java.base/java.lang.Thread.run(Thread.java:832)
16:12:13.686 [AsyncHttpClient-1-30] DEBUG org.asynchttpclient.netty.channel.ChannelManager - Closing Channel [id: 0x4855ad68, L:/127.0.0.1:51304 - R:localhost/127.0.0.1:51297] 
16:12:13.687 [AsyncHttpClient-1-30] DEBUG org.asynchttpclient.netty.handler.HttpHandler - Channel Closed: [id: 0x4855ad68, L:/127.0.0.1:51304 ! R:localhost/127.0.0.1:51297] with attribute DISCARD
16:12:13.699 [AsyncHttpClient-1-29] DEBUG org.asynchttpclient.netty.handler.HttpHandler - 

Request DefaultFullHttpRequest(decodeResult: success, version: HTTP/1.1, content: EmptyByteBufBE)
DELETE /session/8610c246a8bea4c347aafee6b9f4982a HTTP/1.1
User-Agent: selenium/4.8.1 (java windows)
Content-Type: application/json; charset=utf-8
host: localhost:40695
accept: */*

Response DefaultHttpResponse(decodeResult: success, version: HTTP/1.1)
HTTP/1.1 200 OK
Content-Length: 14
Content-Type: application/json; charset=utf-8
cache-control: no-cache

16:12:13.699 [AsyncHttpClient-1-29] DEBUG org.asynchttpclient.netty.channel.ChannelManager - Adding key: http://localhost:40695 for channel [id: 0x654d6658, L:/127.0.0.1:51296 - R:localhost/127.0.0.1:40695]
16:12:13.775 [AsyncHttpClient-1-29] DEBUG org.asynchttpclient.netty.handler.HttpHandler - Channel Closed: [id: 0x654d6658, L:/127.0.0.1:51296 ! R:localhost/127.0.0.1:40695] with attribute DISCARD
]]></system-out>
    <system-err><![CDATA[Starting ChromeDriver 111.0.5563.64 (c710e93d5b63b7095afe8c2c17df34408078439d-refs/branch-heads/5563@{#995}) on port 40695
Only local connections are allowed.
Please see https://chromedriver.chromium.org/security-considerations for suggestions on keeping ChromeDriver safe.
ChromeDriver was started successfully.
[1683537130.037][WARNING]: This version of ChromeDriver has not been tested with Chrome version 112.
May 08, 2023 4:12:10 PM org.openqa.selenium.devtools.CdpVersionFinder findNearestMatch
WARNING: Unable to find an exact match for CDP version 112, so returning the closest version found: 110
]]></system-err>
  </testcase>
  <testcase name="Add to cart by buy a product with login" classname="Product" time="9.743">
    <system-out><![CDATA[16:12:14.303 [main] DEBUG io.cucumber.core.plugin.SerenityReporter - Running feature from file:///C:/Users/WINDOWS%2010/Documents/GitHub/MiniProject_QE/Web/code/minpro/src/test/resources/features/3.%20Product.feature
16:12:14.306 [main] DEBUG net.thucydides.core.steps.StepEventBus - Test suite started for story net.thucydides.core.model.Story@8d346be0
16:12:14.307 [main] INFO  - Test Suite Started: Product

Scenario: Add to cart by buy a product with login         &amp#27;[90m# src/test/resources/features/3. Product.feature:7&amp#27;[0m
16:12:14.312 [main] DEBUG io.cucumber.core.plugin.SerenityReporter - Running feature from file:///C:/Users/WINDOWS%2010/Documents/GitHub/MiniProject_QE/Web/code/minpro/src/test/resources/features/3.%20Product.feature
16:12:14.315 [main] INFO  - 
  _____   ___   ___   _____     ___   _____     _     ___   _____   ___   ___  
 |_   _| | __| / __| |_   _|   / __| |_   _|   /_\   | _ \ |_   _| | __| |   \ 
   | |   | _|  \__ \   | |     \__ \   | |    / _ \  |   /   | |   | _|  | |) |
   |_|   |___| |___/   |_|     |___/   |_|   /_/ \_\ |_|_\   |_|   |___| |___/ 

Add to cart by buy a product with login(product;add-to-cart-by-buy-a-product-with-login)
--------------------------------------------------------------------------------
16:12:14.483 [main] DEBUG net.thucydides.core.steps.StepInterceptor - STARTING STEP: ProductSteps.onTheHomePage - openPage
16:12:14.516 [main] INFO net.serenitybdd.core.webdriver.driverproviders.ChromeDriverProvider - Starting Chrome driver instance with capabilities:
16:12:14.516 [main] INFO net.serenitybdd.core.webdriver.driverproviders.ChromeDriverProvider - Capabilities {acceptInsecureCerts: false, browserName: chrome, goog:chromeOptions: {args: [remote-allow-origins=*], extensions: []}}
16:12:14.757 [AsyncHttpClient-1-1] DEBUG org.asynchttpclient.netty.channel.DefaultChannelPool - Entry count for : http://localhost:51297 : 1
16:12:14.757 [AsyncHttpClient-1-1] DEBUG org.asynchttpclient.netty.channel.DefaultChannelPool - Entry count for : http://localhost:40695 : 1
16:12:14.757 [AsyncHttpClient-1-1] DEBUG org.asynchttpclient.netty.channel.DefaultChannelPool - Adding Candidate expired Channel [id: 0x4855ad68, L:/127.0.0.1:51304 ! R:localhost/127.0.0.1:51297] isIdleTimeoutExpired=false isRemotelyClosed=true isTtlExpired=false
16:12:14.757 [AsyncHttpClient-1-1] DEBUG org.asynchttpclient.netty.channel.DefaultChannelPool - Closing Idle Channel [id: 0x4855ad68, L:/127.0.0.1:51304 ! R:localhost/127.0.0.1:51297]
16:12:14.757 [AsyncHttpClient-1-1] DEBUG org.asynchttpclient.netty.channel.DefaultChannelPool - Adding Candidate expired Channel [id: 0x654d6658, L:/127.0.0.1:51296 ! R:localhost/127.0.0.1:40695] isIdleTimeoutExpired=false isRemotelyClosed=true isTtlExpired=false
16:12:14.757 [AsyncHttpClient-1-1] DEBUG org.asynchttpclient.netty.channel.DefaultChannelPool - Closing Idle Channel [id: 0x654d6658, L:/127.0.0.1:51296 ! R:localhost/127.0.0.1:40695]
16:12:14.757 [AsyncHttpClient-1-1] DEBUG org.asynchttpclient.netty.channel.DefaultChannelPool - Closed 2 connections out of 2 in 0 ms
16:12:15.106 [AsyncHttpClient-1-32] DEBUG org.asynchttpclient.netty.channel.NettyConnectListener - Using new Channel '[id: 0xd923dc32, L:/127.0.0.1:51330 - R:localhost/127.0.0.1:34301]' for 'POST' to '/session'
16:12:15.834 [AsyncHttpClient-1-32] DEBUG org.asynchttpclient.netty.handler.HttpHandler - 

Request DefaultHttpRequest(decodeResult: success, version: HTTP/1.1)
POST /session HTTP/1.1
User-Agent: selenium/4.8.1 (java windows)
Content-Length: 507
Content-Type: application/json; charset=utf-8
host: localhost:34301
accept: */*

Response DefaultHttpResponse(decodeResult: success, version: HTTP/1.1)
HTTP/1.1 200 OK
Content-Length: 863
Content-Type: application/json; charset=utf-8
cache-control: no-cache

16:12:15.834 [AsyncHttpClient-1-32] DEBUG org.asynchttpclient.netty.channel.ChannelManager - Adding key: http://localhost:34301 for channel [id: 0xd923dc32, L:/127.0.0.1:51330 - R:localhost/127.0.0.1:34301]
16:12:15.840 [AsyncHttpClient-1-33] DEBUG org.asynchttpclient.netty.channel.NettyConnectListener - Using new Channel '[id: 0xf6b0ae88, L:/127.0.0.1:51338 - R:localhost/127.0.0.1:51331]' for 'GET' to '/json/version'
16:12:15.842 [AsyncHttpClient-1-33] DEBUG org.asynchttpclient.netty.handler.HttpHandler - 

Request DefaultFullHttpRequest(decodeResult: success, version: HTTP/1.1, content: EmptyByteBufBE)
GET /json/version HTTP/1.1
User-Agent: selenium/4.8.1 (java windows)
host: localhost:51331
accept: */*

Response DefaultHttpResponse(decodeResult: success, version: HTTP/1.1)
HTTP/1.1 200 OK
Content-Security-Policy: frame-ancestors 'none'
Content-Length: 424
Content-Type: application/json; charset=UTF-8

16:12:15.842 [AsyncHttpClient-1-33] DEBUG org.asynchttpclient.netty.channel.ChannelManager - Adding key: http://localhost:51331 for channel [id: 0xf6b0ae88, L:/127.0.0.1:51338 - R:localhost/127.0.0.1:51331]
16:12:15.843 [AsyncHttpClient-1-2] DEBUG org.asynchttpclient.netty.channel.NettyConnectListener - Using new Channel '[id: 0x047bf059, L:/127.0.0.1:51339 - R:localhost/127.0.0.1:51331]' for 'GET' to '/devtools/browser/d5986b6f-c246-4dec-8be6-2ad0e0a69996'
16:12:15.844 [AsyncHttpClient-1-2] DEBUG org.asynchttpclient.netty.handler.WebSocketHandler - 

Request DefaultFullHttpRequest(decodeResult: success, version: HTTP/1.1, content: EmptyByteBufBE)
GET /devtools/browser/d5986b6f-c246-4dec-8be6-2ad0e0a69996 HTTP/1.1
upgrade: websocket
connection: upgrade
sec-websocket-key: wSnDwVzU7WKgBJ6OIgXeQA==
sec-websocket-version: 13
origin: http://localhost:51331
host: localhost:51331
accept: */*
user-agent: AHC/2.1

Response DefaultHttpResponse(decodeResult: success, version: HTTP/1.1)
HTTP/1.1 101 WebSocket Protocol Handshake
Upgrade: WebSocket
Connection: Upgrade
Sec-WebSocket-Accept: fNV0PeE7pZB8QxXdpl+6mZzltzM=

16:12:15.846 [Forwarding get on session 1048f5c0621064d342726192b26a1c94 to remote] DEBUG org.asynchttpclient.netty.request.NettyRequestSender - Using pooled Channel '[id: 0xd923dc32, L:/127.0.0.1:51330 - R:localhost/127.0.0.1:34301]' for 'POST' to 'http://localhost:34301/session/1048f5c0621064d342726192b26a1c94/url'
16:12:15.846 [Forwarding get on session 1048f5c0621064d342726192b26a1c94 to remote] DEBUG org.asynchttpclient.netty.request.NettyRequestSender - Using open Channel [id: 0xd923dc32, L:/127.0.0.1:51330 - R:localhost/127.0.0.1:34301] for POST '/session/1048f5c0621064d342726192b26a1c94/url'
16:12:15.856 [AsyncHttpClient-1-1] DEBUG org.asynchttpclient.netty.channel.DefaultChannelPool - Entry count for : http://localhost:51331 : 1
16:12:16.957 [AsyncHttpClient-1-1] DEBUG org.asynchttpclient.netty.channel.DefaultChannelPool - Entry count for : http://localhost:51331 : 1
16:12:18.056 [AsyncHttpClient-1-1] DEBUG org.asynchttpclient.netty.channel.DefaultChannelPool - Entry count for : http://localhost:51331 : 1
16:12:19.158 [AsyncHttpClient-1-1] DEBUG org.asynchttpclient.netty.channel.DefaultChannelPool - Entry count for : http://localhost:51331 : 1
16:12:19.674 [AsyncHttpClient-1-32] DEBUG org.asynchttpclient.netty.handler.HttpHandler - 

Request DefaultHttpRequest(decodeResult: success, version: HTTP/1.1)
POST /session/1048f5c0621064d342726192b26a1c94/url HTTP/1.1
User-Agent: selenium/4.8.1 (java windows)
Content-Length: 74
Content-Type: application/json; charset=utf-8
host: localhost:34301
accept: */*

Response DefaultHttpResponse(decodeResult: success, version: HTTP/1.1)
HTTP/1.1 200 OK
Content-Length: 14
Content-Type: application/json; charset=utf-8
cache-control: no-cache

16:12:19.674 [AsyncHttpClient-1-32] DEBUG org.asynchttpclient.netty.channel.ChannelManager - Adding key: http://localhost:34301 for channel [id: 0xd923dc32, L:/127.0.0.1:51330 - R:localhost/127.0.0.1:34301]
16:12:19.674 [Forwarding setTimeout on session 1048f5c0621064d342726192b26a1c94 to remote] DEBUG org.asynchttpclient.netty.request.NettyRequestSender - Using pooled Channel '[id: 0xd923dc32, L:/127.0.0.1:51330 - R:localhost/127.0.0.1:34301]' for 'POST' to 'http://localhost:34301/session/1048f5c0621064d342726192b26a1c94/timeouts'
16:12:19.674 [Forwarding setTimeout on session 1048f5c0621064d342726192b26a1c94 to remote] DEBUG org.asynchttpclient.netty.request.NettyRequestSender - Using open Channel [id: 0xd923dc32, L:/127.0.0.1:51330 - R:localhost/127.0.0.1:34301] for POST '/session/1048f5c0621064d342726192b26a1c94/timeouts'
16:12:19.675 [AsyncHttpClient-1-32] DEBUG org.asynchttpclient.netty.handler.HttpHandler - 

Request DefaultHttpRequest(decodeResult: success, version: HTTP/1.1)
POST /session/1048f5c0621064d342726192b26a1c94/timeouts HTTP/1.1
User-Agent: selenium/4.8.1 (java windows)
Content-Length: 22
Content-Type: application/json; charset=utf-8
host: localhost:34301
accept: */*

Response DefaultHttpResponse(decodeResult: success, version: HTTP/1.1)
HTTP/1.1 200 OK
Content-Length: 14
Content-Type: application/json; charset=utf-8
cache-control: no-cache

16:12:19.675 [AsyncHttpClient-1-32] DEBUG org.asynchttpclient.netty.channel.ChannelManager - Adding key: http://localhost:34301 for channel [id: 0xd923dc32, L:/127.0.0.1:51330 - R:localhost/127.0.0.1:34301]
16:12:19.678 [main] DEBUG net.serenitybdd.core.photography.Darkroom - Opening darkroom
16:12:19.678 [Darkroom Processing Line] DEBUG net.serenitybdd.core.photography.DarkroomProcessingLine - Darkroom processing line starting up
16:12:19.678 [Forwarding getAlertText on session 1048f5c0621064d342726192b26a1c94 to remote] DEBUG org.asynchttpclient.netty.request.NettyRequestSender - Using pooled Channel '[id: 0xd923dc32, L:/127.0.0.1:51330 - R:localhost/127.0.0.1:34301]' for 'GET' to 'http://localhost:34301/session/1048f5c0621064d342726192b26a1c94/alert/text'
16:12:19.678 [Forwarding getAlertText on session 1048f5c0621064d342726192b26a1c94 to remote] DEBUG org.asynchttpclient.netty.request.NettyRequestSender - Using open Channel [id: 0xd923dc32, L:/127.0.0.1:51330 - R:localhost/127.0.0.1:34301] for GET '/session/1048f5c0621064d342726192b26a1c94/alert/text'
16:12:19.680 [AsyncHttpClient-1-32] DEBUG org.asynchttpclient.netty.handler.HttpHandler - 

Request DefaultFullHttpRequest(decodeResult: success, version: HTTP/1.1, content: EmptyByteBufBE)
GET /session/1048f5c0621064d342726192b26a1c94/alert/text HTTP/1.1
User-Agent: selenium/4.8.1 (java windows)
Cache-Control: no-cache
Content-Type: application/json; charset=utf-8
host: localhost:34301
accept: */*

Response DefaultHttpResponse(decodeResult: success, version: HTTP/1.1)
HTTP/1.1 404 Not Found
Content-Length: 836
Content-Type: application/json; charset=utf-8
cache-control: no-cache

16:12:19.680 [AsyncHttpClient-1-32] DEBUG org.asynchttpclient.netty.channel.ChannelManager - Adding key: http://localhost:34301 for channel [id: 0xd923dc32, L:/127.0.0.1:51330 - R:localhost/127.0.0.1:34301]
16:12:19.681 [Forwarding getCurrentUrl on session 1048f5c0621064d342726192b26a1c94 to remote] DEBUG org.asynchttpclient.netty.request.NettyRequestSender - Using pooled Channel '[id: 0xd923dc32, L:/127.0.0.1:51330 - R:localhost/127.0.0.1:34301]' for 'GET' to 'http://localhost:34301/session/1048f5c0621064d342726192b26a1c94/url'
16:12:19.681 [Forwarding getCurrentUrl on session 1048f5c0621064d342726192b26a1c94 to remote] DEBUG org.asynchttpclient.netty.request.NettyRequestSender - Using open Channel [id: 0xd923dc32, L:/127.0.0.1:51330 - R:localhost/127.0.0.1:34301] for GET '/session/1048f5c0621064d342726192b26a1c94/url'
16:12:19.683 [AsyncHttpClient-1-32] DEBUG org.asynchttpclient.netty.handler.HttpHandler - 

Request DefaultFullHttpRequest(decodeResult: success, version: HTTP/1.1, content: EmptyByteBufBE)
GET /session/1048f5c0621064d342726192b26a1c94/url HTTP/1.1
User-Agent: selenium/4.8.1 (java windows)
Cache-Control: no-cache
Content-Type: application/json; charset=utf-8
host: localhost:34301
accept: */*

Response DefaultHttpResponse(decodeResult: success, version: HTTP/1.1)
HTTP/1.1 200 OK
Content-Length: 51
Content-Type: application/json; charset=utf-8
cache-control: no-cache

16:12:19.683 [AsyncHttpClient-1-32] DEBUG org.asynchttpclient.netty.channel.ChannelManager - Adding key: http://localhost:34301 for channel [id: 0xd923dc32, L:/127.0.0.1:51330 - R:localhost/127.0.0.1:34301]
16:12:19.684 [Forwarding screenshot on session 1048f5c0621064d342726192b26a1c94 to remote] DEBUG org.asynchttpclient.netty.request.NettyRequestSender - Using pooled Channel '[id: 0xd923dc32, L:/127.0.0.1:51330 - R:localhost/127.0.0.1:34301]' for 'GET' to 'http://localhost:34301/session/1048f5c0621064d342726192b26a1c94/screenshot'
16:12:19.684 [Forwarding screenshot on session 1048f5c0621064d342726192b26a1c94 to remote] DEBUG org.asynchttpclient.netty.request.NettyRequestSender - Using open Channel [id: 0xd923dc32, L:/127.0.0.1:51330 - R:localhost/127.0.0.1:34301] for GET '/session/1048f5c0621064d342726192b26a1c94/screenshot'
16:12:19.759 [AsyncHttpClient-1-32] DEBUG org.asynchttpclient.netty.handler.HttpHandler - 

Request DefaultFullHttpRequest(decodeResult: success, version: HTTP/1.1, content: EmptyByteBufBE)
GET /session/1048f5c0621064d342726192b26a1c94/screenshot HTTP/1.1
User-Agent: selenium/4.8.1 (java windows)
Cache-Control: no-cache
Content-Type: application/json; charset=utf-8
host: localhost:34301
accept: */*

Response DefaultHttpResponse(decodeResult: success, version: HTTP/1.1)
HTTP/1.1 200 OK
Content-Length: 25208
Content-Type: application/json; charset=utf-8
cache-control: no-cache

16:12:19.760 [AsyncHttpClient-1-32] DEBUG org.asynchttpclient.netty.channel.ChannelManager - Adding key: http://localhost:34301 for channel [id: 0xd923dc32, L:/127.0.0.1:51330 - R:localhost/127.0.0.1:34301]
16:12:19.761 [main] DEBUG net.serenitybdd.core.photography.Darkroom - Send negative for processing for target\site\serenity\edb14d4aab401efa0e4fb99861e6ffcafebc86a67b69f7828890b9910ed2ddbd.png
16:12:19.761 [main] DEBUG net.thucydides.core.steps.StepInterceptor - STEP DONE: openPage
16:12:19.765 [Forwarding getPageSource on session 1048f5c0621064d342726192b26a1c94 to remote] DEBUG org.asynchttpclient.netty.request.NettyRequestSender - Using pooled Channel '[id: 0xd923dc32, L:/127.0.0.1:51330 - R:localhost/127.0.0.1:34301]' for 'POST' to 'http://localhost:34301/session/1048f5c0621064d342726192b26a1c94/execute/sync'
16:12:19.765 [Forwarding getPageSource on session 1048f5c0621064d342726192b26a1c94 to remote] DEBUG org.asynchttpclient.netty.request.NettyRequestSender - Using open Channel [id: 0xd923dc32, L:/127.0.0.1:51330 - R:localhost/127.0.0.1:34301] for POST '/session/1048f5c0621064d342726192b26a1c94/execute/sync'
16:12:19.769 [AsyncHttpClient-1-32] DEBUG org.asynchttpclient.netty.handler.HttpHandler - 

Request DefaultHttpRequest(decodeResult: success, version: HTTP/1.1)
POST /session/1048f5c0621064d342726192b26a1c94/execute/sync HTTP/1.1
User-Agent: selenium/4.8.1 (java windows)
Content-Length: 176
Content-Type: application/json; charset=utf-8
host: localhost:34301
accept: */*

Response DefaultHttpResponse(decodeResult: success, version: HTTP/1.1)
HTTP/1.1 200 OK
Content-Length: 21659
Content-Type: application/json; charset=utf-8
cache-control: no-cache

16:12:19.769 [AsyncHttpClient-1-32] DEBUG org.asynchttpclient.netty.channel.ChannelManager - Adding key: http://localhost:34301 for channel [id: 0xd923dc32, L:/127.0.0.1:51330 - R:localhost/127.0.0.1:34301]
16:12:19.770 [Forwarding getCurrentUrl on session 1048f5c0621064d342726192b26a1c94 to remote] DEBUG org.asynchttpclient.netty.request.NettyRequestSender - Using pooled Channel '[id: 0xd923dc32, L:/127.0.0.1:51330 - R:localhost/127.0.0.1:34301]' for 'GET' to 'http://localhost:34301/session/1048f5c0621064d342726192b26a1c94/url'
16:12:19.770 [Forwarding getCurrentUrl on session 1048f5c0621064d342726192b26a1c94 to remote] DEBUG org.asynchttpclient.netty.request.NettyRequestSender - Using open Channel [id: 0xd923dc32, L:/127.0.0.1:51330 - R:localhost/127.0.0.1:34301] for GET '/session/1048f5c0621064d342726192b26a1c94/url'
16:12:19.773 [AsyncHttpClient-1-32] DEBUG org.asynchttpclient.netty.handler.HttpHandler - 

Request DefaultFullHttpRequest(decodeResult: success, version: HTTP/1.1, content: EmptyByteBufBE)
GET /session/1048f5c0621064d342726192b26a1c94/url HTTP/1.1
User-Agent: selenium/4.8.1 (java windows)
Cache-Control: no-cache
Content-Type: application/json; charset=utf-8
host: localhost:34301
accept: */*

Response DefaultHttpResponse(decodeResult: success, version: HTTP/1.1)
HTTP/1.1 200 OK
Content-Length: 51
Content-Type: application/json; charset=utf-8
cache-control: no-cache

16:12:19.773 [AsyncHttpClient-1-32] DEBUG org.asynchttpclient.netty.channel.ChannelManager - Adding key: http://localhost:34301 for channel [id: 0xd923dc32, L:/127.0.0.1:51330 - R:localhost/127.0.0.1:34301]
16:12:19.774 [main] DEBUG net.thucydides.core.steps.StepInterceptor - STARTING STEP: ProductSteps.onTheHomePage - inputEmail
16:12:19.775 [Forwarding findElement on session 1048f5c0621064d342726192b26a1c94 to remote] DEBUG org.asynchttpclient.netty.request.NettyRequestSender - Using pooled Channel '[id: 0xd923dc32, L:/127.0.0.1:51330 - R:localhost/127.0.0.1:34301]' for 'POST' to 'http://localhost:34301/session/1048f5c0621064d342726192b26a1c94/element'
16:12:19.775 [Forwarding findElement on session 1048f5c0621064d342726192b26a1c94 to remote] DEBUG org.asynchttpclient.netty.request.NettyRequestSender - Using open Channel [id: 0xd923dc32, L:/127.0.0.1:51330 - R:localhost/127.0.0.1:34301] for POST '/session/1048f5c0621064d342726192b26a1c94/element'
16:12:19.783 [AsyncHttpClient-1-32] DEBUG org.asynchttpclient.netty.handler.HttpHandler - 

Request DefaultHttpRequest(decodeResult: success, version: HTTP/1.1)
POST /session/1048f5c0621064d342726192b26a1c94/element HTTP/1.1
User-Agent: selenium/4.8.1 (java windows)
Content-Length: 55
Content-Type: application/json; charset=utf-8
host: localhost:34301
accept: */*

Response DefaultHttpResponse(decodeResult: success, version: HTTP/1.1)
HTTP/1.1 200 OK
Content-Length: 88
Content-Type: application/json; charset=utf-8
cache-control: no-cache

16:12:19.783 [AsyncHttpClient-1-32] DEBUG org.asynchttpclient.netty.channel.ChannelManager - Adding key: http://localhost:34301 for channel [id: 0xd923dc32, L:/127.0.0.1:51330 - R:localhost/127.0.0.1:34301]
16:12:19.783 [Forwarding clearElement on session 1048f5c0621064d342726192b26a1c94 to remote] DEBUG org.asynchttpclient.netty.request.NettyRequestSender - Using pooled Channel '[id: 0xd923dc32, L:/127.0.0.1:51330 - R:localhost/127.0.0.1:34301]' for 'POST' to 'http://localhost:34301/session/1048f5c0621064d342726192b26a1c94/element/1bdc489f-ac8e-4f97-a31c-351b7675af93/clear'
16:12:19.783 [Forwarding clearElement on session 1048f5c0621064d342726192b26a1c94 to remote] DEBUG org.asynchttpclient.netty.request.NettyRequestSender - Using open Channel [id: 0xd923dc32, L:/127.0.0.1:51330 - R:localhost/127.0.0.1:34301] for POST '/session/1048f5c0621064d342726192b26a1c94/element/1bdc489f-ac8e-4f97-a31c-351b7675af93/clear'
16:12:19.804 [AsyncHttpClient-1-32] DEBUG org.asynchttpclient.netty.handler.HttpHandler - 

Request DefaultHttpRequest(decodeResult: success, version: HTTP/1.1)
POST /session/1048f5c0621064d342726192b26a1c94/element/1bdc489f-ac8e-4f97-a31c-351b7675af93/clear HTTP/1.1
User-Agent: selenium/4.8.1 (java windows)
Content-Length: 50
Content-Type: application/json; charset=utf-8
host: localhost:34301
accept: */*

Response DefaultHttpResponse(decodeResult: success, version: HTTP/1.1)
HTTP/1.1 200 OK
Content-Length: 14
Content-Type: application/json; charset=utf-8
cache-control: no-cache

16:12:19.804 [AsyncHttpClient-1-32] DEBUG org.asynchttpclient.netty.channel.ChannelManager - Adding key: http://localhost:34301 for channel [id: 0xd923dc32, L:/127.0.0.1:51330 - R:localhost/127.0.0.1:34301]
16:12:19.805 [Forwarding sendKeysToElement on session 1048f5c0621064d342726192b26a1c94 to remote] DEBUG org.asynchttpclient.netty.request.NettyRequestSender - Using pooled Channel '[id: 0xd923dc32, L:/127.0.0.1:51330 - R:localhost/127.0.0.1:34301]' for 'POST' to 'http://localhost:34301/session/1048f5c0621064d342726192b26a1c94/element/1bdc489f-ac8e-4f97-a31c-351b7675af93/value'
16:12:19.805 [Forwarding sendKeysToElement on session 1048f5c0621064d342726192b26a1c94 to remote] DEBUG org.asynchttpclient.netty.request.NettyRequestSender - Using open Channel [id: 0xd923dc32, L:/127.0.0.1:51330 - R:localhost/127.0.0.1:34301] for POST '/session/1048f5c0621064d342726192b26a1c94/element/1bdc489f-ac8e-4f97-a31c-351b7675af93/value'
16:12:19.880 [AsyncHttpClient-1-32] DEBUG org.asynchttpclient.netty.handler.HttpHandler - 

Request DefaultHttpRequest(decodeResult: success, version: HTTP/1.1)
POST /session/1048f5c0621064d342726192b26a1c94/element/1bdc489f-ac8e-4f97-a31c-351b7675af93/value HTTP/1.1
User-Agent: selenium/4.8.1 (java windows)
Content-Length: 241
Content-Type: application/json; charset=utf-8
host: localhost:34301
accept: */*

Response DefaultHttpResponse(decodeResult: success, version: HTTP/1.1)
HTTP/1.1 200 OK
Content-Length: 14
Content-Type: application/json; charset=utf-8
cache-control: no-cache

16:12:19.881 [AsyncHttpClient-1-32] DEBUG org.asynchttpclient.netty.channel.ChannelManager - Adding key: http://localhost:34301 for channel [id: 0xd923dc32, L:/127.0.0.1:51330 - R:localhost/127.0.0.1:34301]
16:12:19.885 [Forwarding getAlertText on session 1048f5c0621064d342726192b26a1c94 to remote] DEBUG org.asynchttpclient.netty.request.NettyRequestSender - Using pooled Channel '[id: 0xd923dc32, L:/127.0.0.1:51330 - R:localhost/127.0.0.1:34301]' for 'GET' to 'http://localhost:34301/session/1048f5c0621064d342726192b26a1c94/alert/text'
16:12:19.885 [Forwarding getAlertText on session 1048f5c0621064d342726192b26a1c94 to remote] DEBUG org.asynchttpclient.netty.request.NettyRequestSender - Using open Channel [id: 0xd923dc32, L:/127.0.0.1:51330 - R:localhost/127.0.0.1:34301] for GET '/session/1048f5c0621064d342726192b26a1c94/alert/text'
16:12:19.886 [AsyncHttpClient-1-32] DEBUG org.asynchttpclient.netty.handler.HttpHandler - 

Request DefaultFullHttpRequest(decodeResult: success, version: HTTP/1.1, content: EmptyByteBufBE)
GET /session/1048f5c0621064d342726192b26a1c94/alert/text HTTP/1.1
User-Agent: selenium/4.8.1 (java windows)
Cache-Control: no-cache
Content-Type: application/json; charset=utf-8
host: localhost:34301
accept: */*

Response DefaultHttpResponse(decodeResult: success, version: HTTP/1.1)
HTTP/1.1 404 Not Found
Content-Length: 836
Content-Type: application/json; charset=utf-8
cache-control: no-cache

16:12:19.886 [AsyncHttpClient-1-32] DEBUG org.asynchttpclient.netty.channel.ChannelManager - Adding key: http://localhost:34301 for channel [id: 0xd923dc32, L:/127.0.0.1:51330 - R:localhost/127.0.0.1:34301]
16:12:19.887 [Forwarding getCurrentUrl on session 1048f5c0621064d342726192b26a1c94 to remote] DEBUG org.asynchttpclient.netty.request.NettyRequestSender - Using pooled Channel '[id: 0xd923dc32, L:/127.0.0.1:51330 - R:localhost/127.0.0.1:34301]' for 'GET' to 'http://localhost:34301/session/1048f5c0621064d342726192b26a1c94/url'
16:12:19.887 [Forwarding getCurrentUrl on session 1048f5c0621064d342726192b26a1c94 to remote] DEBUG org.asynchttpclient.netty.request.NettyRequestSender - Using open Channel [id: 0xd923dc32, L:/127.0.0.1:51330 - R:localhost/127.0.0.1:34301] for GET '/session/1048f5c0621064d342726192b26a1c94/url'
16:12:19.889 [AsyncHttpClient-1-32] DEBUG org.asynchttpclient.netty.handler.HttpHandler - 

Request DefaultFullHttpRequest(decodeResult: success, version: HTTP/1.1, content: EmptyByteBufBE)
GET /session/1048f5c0621064d342726192b26a1c94/url HTTP/1.1
User-Agent: selenium/4.8.1 (java windows)
Cache-Control: no-cache
Content-Type: application/json; charset=utf-8
host: localhost:34301
accept: */*

Response DefaultHttpResponse(decodeResult: success, version: HTTP/1.1)
HTTP/1.1 200 OK
Content-Length: 51
Content-Type: application/json; charset=utf-8
cache-control: no-cache

16:12:19.890 [AsyncHttpClient-1-32] DEBUG org.asynchttpclient.netty.channel.ChannelManager - Adding key: http://localhost:34301 for channel [id: 0xd923dc32, L:/127.0.0.1:51330 - R:localhost/127.0.0.1:34301]
16:12:19.890 [Forwarding screenshot on session 1048f5c0621064d342726192b26a1c94 to remote] DEBUG org.asynchttpclient.netty.request.NettyRequestSender - Using pooled Channel '[id: 0xd923dc32, L:/127.0.0.1:51330 - R:localhost/127.0.0.1:34301]' for 'GET' to 'http://localhost:34301/session/1048f5c0621064d342726192b26a1c94/screenshot'
16:12:19.890 [Forwarding screenshot on session 1048f5c0621064d342726192b26a1c94 to remote] DEBUG org.asynchttpclient.netty.request.NettyRequestSender - Using open Channel [id: 0xd923dc32, L:/127.0.0.1:51330 - R:localhost/127.0.0.1:34301] for GET '/session/1048f5c0621064d342726192b26a1c94/screenshot'
16:12:19.986 [AsyncHttpClient-1-32] DEBUG org.asynchttpclient.netty.handler.HttpHandler - 

Request DefaultFullHttpRequest(decodeResult: success, version: HTTP/1.1, content: EmptyByteBufBE)
GET /session/1048f5c0621064d342726192b26a1c94/screenshot HTTP/1.1
User-Agent: selenium/4.8.1 (java windows)
Cache-Control: no-cache
Content-Type: application/json; charset=utf-8
host: localhost:34301
accept: */*

Response DefaultHttpResponse(decodeResult: success, version: HTTP/1.1)
HTTP/1.1 200 OK
Content-Length: 30092
Content-Type: application/json; charset=utf-8
cache-control: no-cache

16:12:19.987 [AsyncHttpClient-1-32] DEBUG org.asynchttpclient.netty.channel.ChannelManager - Adding key: http://localhost:34301 for channel [id: 0xd923dc32, L:/127.0.0.1:51330 - R:localhost/127.0.0.1:34301]
16:12:19.988 [main] DEBUG net.serenitybdd.core.photography.Darkroom - Send negative for processing for target\site\serenity\770b7a4bd50b7575791ae7cdf8e7ed76c48593637acc5075e0a0075ca3967f16.png
16:12:19.988 [main] DEBUG net.thucydides.core.steps.StepInterceptor - STEP DONE: inputEmail
16:12:19.988 [Darkroom Processing Line] DEBUG net.serenitybdd.core.photography.DarkroomProcessingLine - Processing screenshot image in /var/screenshots/screenshot-10714437652554409816
16:12:19.988 [Darkroom Processing Line] DEBUG net.serenitybdd.core.photography.DarkroomProcessingLine - Saving screenshot to target\site\serenity\770b7a4bd50b7575791ae7cdf8e7ed76c48593637acc5075e0a0075ca3967f16.png
16:12:19.992 [Forwarding getPageSource on session 1048f5c0621064d342726192b26a1c94 to remote] DEBUG org.asynchttpclient.netty.request.NettyRequestSender - Using pooled Channel '[id: 0xd923dc32, L:/127.0.0.1:51330 - R:localhost/127.0.0.1:34301]' for 'POST' to 'http://localhost:34301/session/1048f5c0621064d342726192b26a1c94/execute/sync'
16:12:19.992 [Forwarding getPageSource on session 1048f5c0621064d342726192b26a1c94 to remote] DEBUG org.asynchttpclient.netty.request.NettyRequestSender - Using open Channel [id: 0xd923dc32, L:/127.0.0.1:51330 - R:localhost/127.0.0.1:34301] for POST '/session/1048f5c0621064d342726192b26a1c94/execute/sync'
16:12:19.996 [AsyncHttpClient-1-32] DEBUG org.asynchttpclient.netty.handler.HttpHandler - 

Request DefaultHttpRequest(decodeResult: success, version: HTTP/1.1)
POST /session/1048f5c0621064d342726192b26a1c94/execute/sync HTTP/1.1
User-Agent: selenium/4.8.1 (java windows)
Content-Length: 176
Content-Type: application/json; charset=utf-8
host: localhost:34301
accept: */*

Response DefaultHttpResponse(decodeResult: success, version: HTTP/1.1)
HTTP/1.1 200 OK
Content-Length: 21780
Content-Type: application/json; charset=utf-8
cache-control: no-cache

16:12:19.997 [AsyncHttpClient-1-32] DEBUG org.asynchttpclient.netty.channel.ChannelManager - Adding key: http://localhost:34301 for channel [id: 0xd923dc32, L:/127.0.0.1:51330 - R:localhost/127.0.0.1:34301]
16:12:19.998 [Forwarding getCurrentUrl on session 1048f5c0621064d342726192b26a1c94 to remote] DEBUG org.asynchttpclient.netty.request.NettyRequestSender - Using pooled Channel '[id: 0xd923dc32, L:/127.0.0.1:51330 - R:localhost/127.0.0.1:34301]' for 'GET' to 'http://localhost:34301/session/1048f5c0621064d342726192b26a1c94/url'
16:12:19.999 [Forwarding getCurrentUrl on session 1048f5c0621064d342726192b26a1c94 to remote] DEBUG org.asynchttpclient.netty.request.NettyRequestSender - Using open Channel [id: 0xd923dc32, L:/127.0.0.1:51330 - R:localhost/127.0.0.1:34301] for GET '/session/1048f5c0621064d342726192b26a1c94/url'
16:12:20.003 [AsyncHttpClient-1-32] DEBUG org.asynchttpclient.netty.handler.HttpHandler - 

Request DefaultFullHttpRequest(decodeResult: success, version: HTTP/1.1, content: EmptyByteBufBE)
GET /session/1048f5c0621064d342726192b26a1c94/url HTTP/1.1
User-Agent: selenium/4.8.1 (java windows)
Cache-Control: no-cache
Content-Type: application/json; charset=utf-8
host: localhost:34301
accept: */*

Response DefaultHttpResponse(decodeResult: success, version: HTTP/1.1)
HTTP/1.1 200 OK
Content-Length: 51
Content-Type: application/json; charset=utf-8
cache-control: no-cache

16:12:20.003 [AsyncHttpClient-1-32] DEBUG org.asynchttpclient.netty.channel.ChannelManager - Adding key: http://localhost:34301 for channel [id: 0xd923dc32, L:/127.0.0.1:51330 - R:localhost/127.0.0.1:34301]
16:12:20.005 [main] DEBUG net.thucydides.core.steps.StepInterceptor - STARTING STEP: ProductSteps.onTheHomePage - inputPassword
16:12:20.007 [Forwarding findElement on session 1048f5c0621064d342726192b26a1c94 to remote] DEBUG org.asynchttpclient.netty.request.NettyRequestSender - Using pooled Channel '[id: 0xd923dc32, L:/127.0.0.1:51330 - R:localhost/127.0.0.1:34301]' for 'POST' to 'http://localhost:34301/session/1048f5c0621064d342726192b26a1c94/element'
16:12:20.008 [Forwarding findElement on session 1048f5c0621064d342726192b26a1c94 to remote] DEBUG org.asynchttpclient.netty.request.NettyRequestSender - Using open Channel [id: 0xd923dc32, L:/127.0.0.1:51330 - R:localhost/127.0.0.1:34301] for POST '/session/1048f5c0621064d342726192b26a1c94/element'
16:12:20.019 [AsyncHttpClient-1-32] DEBUG org.asynchttpclient.netty.handler.HttpHandler - 

Request DefaultHttpRequest(decodeResult: success, version: HTTP/1.1)
POST /session/1048f5c0621064d342726192b26a1c94/element HTTP/1.1
User-Agent: selenium/4.8.1 (java windows)
Content-Length: 55
Content-Type: application/json; charset=utf-8
host: localhost:34301
accept: */*

Response DefaultHttpResponse(decodeResult: success, version: HTTP/1.1)
HTTP/1.1 200 OK
Content-Length: 88
Content-Type: application/json; charset=utf-8
cache-control: no-cache

16:12:20.019 [AsyncHttpClient-1-32] DEBUG org.asynchttpclient.netty.channel.ChannelManager - Adding key: http://localhost:34301 for channel [id: 0xd923dc32, L:/127.0.0.1:51330 - R:localhost/127.0.0.1:34301]
16:12:20.021 [Forwarding clearElement on session 1048f5c0621064d342726192b26a1c94 to remote] DEBUG org.asynchttpclient.netty.request.NettyRequestSender - Using pooled Channel '[id: 0xd923dc32, L:/127.0.0.1:51330 - R:localhost/127.0.0.1:34301]' for 'POST' to 'http://localhost:34301/session/1048f5c0621064d342726192b26a1c94/element/6ddd18aa-0a4c-4920-b084-fa30cd749e03/clear'
16:12:20.021 [Forwarding clearElement on session 1048f5c0621064d342726192b26a1c94 to remote] DEBUG org.asynchttpclient.netty.request.NettyRequestSender - Using open Channel [id: 0xd923dc32, L:/127.0.0.1:51330 - R:localhost/127.0.0.1:34301] for POST '/session/1048f5c0621064d342726192b26a1c94/element/6ddd18aa-0a4c-4920-b084-fa30cd749e03/clear'
16:12:20.064 [AsyncHttpClient-1-32] DEBUG org.asynchttpclient.netty.handler.HttpHandler - 

Request DefaultHttpRequest(decodeResult: success, version: HTTP/1.1)
POST /session/1048f5c0621064d342726192b26a1c94/element/6ddd18aa-0a4c-4920-b084-fa30cd749e03/clear HTTP/1.1
User-Agent: selenium/4.8.1 (java windows)
Content-Length: 50
Content-Type: application/json; charset=utf-8
host: localhost:34301
accept: */*

Response DefaultHttpResponse(decodeResult: success, version: HTTP/1.1)
HTTP/1.1 200 OK
Content-Length: 14
Content-Type: application/json; charset=utf-8
cache-control: no-cache

16:12:20.064 [AsyncHttpClient-1-32] DEBUG org.asynchttpclient.netty.channel.ChannelManager - Adding key: http://localhost:34301 for channel [id: 0xd923dc32, L:/127.0.0.1:51330 - R:localhost/127.0.0.1:34301]
16:12:20.067 [Forwarding sendKeysToElement on session 1048f5c0621064d342726192b26a1c94 to remote] DEBUG org.asynchttpclient.netty.request.NettyRequestSender - Using pooled Channel '[id: 0xd923dc32, L:/127.0.0.1:51330 - R:localhost/127.0.0.1:34301]' for 'POST' to 'http://localhost:34301/session/1048f5c0621064d342726192b26a1c94/element/6ddd18aa-0a4c-4920-b084-fa30cd749e03/value'
16:12:20.067 [Forwarding sendKeysToElement on session 1048f5c0621064d342726192b26a1c94 to remote] DEBUG org.asynchttpclient.netty.request.NettyRequestSender - Using open Channel [id: 0xd923dc32, L:/127.0.0.1:51330 - R:localhost/127.0.0.1:34301] for POST '/session/1048f5c0621064d342726192b26a1c94/element/6ddd18aa-0a4c-4920-b084-fa30cd749e03/value'
16:12:20.147 [AsyncHttpClient-1-32] DEBUG org.asynchttpclient.netty.handler.HttpHandler - 

Request DefaultHttpRequest(decodeResult: success, version: HTTP/1.1)
POST /session/1048f5c0621064d342726192b26a1c94/element/6ddd18aa-0a4c-4920-b084-fa30cd749e03/value HTTP/1.1
User-Agent: selenium/4.8.1 (java windows)
Content-Length: 141
Content-Type: application/json; charset=utf-8
host: localhost:34301
accept: */*

Response DefaultHttpResponse(decodeResult: success, version: HTTP/1.1)
HTTP/1.1 200 OK
Content-Length: 14
Content-Type: application/json; charset=utf-8
cache-control: no-cache

16:12:20.147 [AsyncHttpClient-1-32] DEBUG org.asynchttpclient.netty.channel.ChannelManager - Adding key: http://localhost:34301 for channel [id: 0xd923dc32, L:/127.0.0.1:51330 - R:localhost/127.0.0.1:34301]
16:12:20.152 [Forwarding getAlertText on session 1048f5c0621064d342726192b26a1c94 to remote] DEBUG org.asynchttpclient.netty.request.NettyRequestSender - Using pooled Channel '[id: 0xd923dc32, L:/127.0.0.1:51330 - R:localhost/127.0.0.1:34301]' for 'GET' to 'http://localhost:34301/session/1048f5c0621064d342726192b26a1c94/alert/text'
16:12:20.152 [Forwarding getAlertText on session 1048f5c0621064d342726192b26a1c94 to remote] DEBUG org.asynchttpclient.netty.request.NettyRequestSender - Using open Channel [id: 0xd923dc32, L:/127.0.0.1:51330 - R:localhost/127.0.0.1:34301] for GET '/session/1048f5c0621064d342726192b26a1c94/alert/text'
16:12:20.153 [AsyncHttpClient-1-32] DEBUG org.asynchttpclient.netty.handler.HttpHandler - 

Request DefaultFullHttpRequest(decodeResult: success, version: HTTP/1.1, content: EmptyByteBufBE)
GET /session/1048f5c0621064d342726192b26a1c94/alert/text HTTP/1.1
User-Agent: selenium/4.8.1 (java windows)
Cache-Control: no-cache
Content-Type: application/json; charset=utf-8
host: localhost:34301
accept: */*

Response DefaultHttpResponse(decodeResult: success, version: HTTP/1.1)
HTTP/1.1 404 Not Found
Content-Length: 836
Content-Type: application/json; charset=utf-8
cache-control: no-cache

16:12:20.154 [AsyncHttpClient-1-32] DEBUG org.asynchttpclient.netty.channel.ChannelManager - Adding key: http://localhost:34301 for channel [id: 0xd923dc32, L:/127.0.0.1:51330 - R:localhost/127.0.0.1:34301]
16:12:20.154 [Forwarding getCurrentUrl on session 1048f5c0621064d342726192b26a1c94 to remote] DEBUG org.asynchttpclient.netty.request.NettyRequestSender - Using pooled Channel '[id: 0xd923dc32, L:/127.0.0.1:51330 - R:localhost/127.0.0.1:34301]' for 'GET' to 'http://localhost:34301/session/1048f5c0621064d342726192b26a1c94/url'
16:12:20.154 [Forwarding getCurrentUrl on session 1048f5c0621064d342726192b26a1c94 to remote] DEBUG org.asynchttpclient.netty.request.NettyRequestSender - Using open Channel [id: 0xd923dc32, L:/127.0.0.1:51330 - R:localhost/127.0.0.1:34301] for GET '/session/1048f5c0621064d342726192b26a1c94/url'
16:12:20.160 [AsyncHttpClient-1-32] DEBUG org.asynchttpclient.netty.handler.HttpHandler - 

Request DefaultFullHttpRequest(decodeResult: success, version: HTTP/1.1, content: EmptyByteBufBE)
GET /session/1048f5c0621064d342726192b26a1c94/url HTTP/1.1
User-Agent: selenium/4.8.1 (java windows)
Cache-Control: no-cache
Content-Type: application/json; charset=utf-8
host: localhost:34301
accept: */*

Response DefaultHttpResponse(decodeResult: success, version: HTTP/1.1)
HTTP/1.1 200 OK
Content-Length: 51
Content-Type: application/json; charset=utf-8
cache-control: no-cache

16:12:20.160 [AsyncHttpClient-1-32] DEBUG org.asynchttpclient.netty.channel.ChannelManager - Adding key: http://localhost:34301 for channel [id: 0xd923dc32, L:/127.0.0.1:51330 - R:localhost/127.0.0.1:34301]
16:12:20.161 [Forwarding screenshot on session 1048f5c0621064d342726192b26a1c94 to remote] DEBUG org.asynchttpclient.netty.request.NettyRequestSender - Using pooled Channel '[id: 0xd923dc32, L:/127.0.0.1:51330 - R:localhost/127.0.0.1:34301]' for 'GET' to 'http://localhost:34301/session/1048f5c0621064d342726192b26a1c94/screenshot'
16:12:20.161 [Forwarding screenshot on session 1048f5c0621064d342726192b26a1c94 to remote] DEBUG org.asynchttpclient.netty.request.NettyRequestSender - Using open Channel [id: 0xd923dc32, L:/127.0.0.1:51330 - R:localhost/127.0.0.1:34301] for GET '/session/1048f5c0621064d342726192b26a1c94/screenshot'
16:12:20.252 [AsyncHttpClient-1-32] DEBUG org.asynchttpclient.netty.handler.HttpHandler - 

Request DefaultFullHttpRequest(decodeResult: success, version: HTTP/1.1, content: EmptyByteBufBE)
GET /session/1048f5c0621064d342726192b26a1c94/screenshot HTTP/1.1
User-Agent: selenium/4.8.1 (java windows)
Cache-Control: no-cache
Content-Type: application/json; charset=utf-8
host: localhost:34301
accept: */*

Response DefaultHttpResponse(decodeResult: success, version: HTTP/1.1)
HTTP/1.1 200 OK
Content-Length: 30668
Content-Type: application/json; charset=utf-8
cache-control: no-cache

16:12:20.252 [AsyncHttpClient-1-32] DEBUG org.asynchttpclient.netty.channel.ChannelManager - Adding key: http://localhost:34301 for channel [id: 0xd923dc32, L:/127.0.0.1:51330 - R:localhost/127.0.0.1:34301]
16:12:20.253 [main] DEBUG net.serenitybdd.core.photography.Darkroom - Send negative for processing for target\site\serenity\833783c8da6416528b5905c1fe757f074804bffeaf874675a796d8b4ca46971e.png
16:12:20.253 [main] DEBUG net.thucydides.core.steps.StepInterceptor - STEP DONE: inputPassword
16:12:20.254 [Darkroom Processing Line] DEBUG net.serenitybdd.core.photography.DarkroomProcessingLine - Processing screenshot image in /var/screenshots/screenshot-2289344340939879194
16:12:20.254 [Darkroom Processing Line] DEBUG net.serenitybdd.core.photography.DarkroomProcessingLine - Saving screenshot to target\site\serenity\833783c8da6416528b5905c1fe757f074804bffeaf874675a796d8b4ca46971e.png
16:12:20.257 [AsyncHttpClient-1-1] DEBUG org.asynchttpclient.netty.channel.DefaultChannelPool - Entry count for : http://localhost:51331 : 1
16:12:20.257 [AsyncHttpClient-1-1] DEBUG org.asynchttpclient.netty.channel.DefaultChannelPool - Entry count for : http://localhost:34301 : 1
16:12:20.258 [Forwarding getPageSource on session 1048f5c0621064d342726192b26a1c94 to remote] DEBUG org.asynchttpclient.netty.request.NettyRequestSender - Using pooled Channel '[id: 0xd923dc32, L:/127.0.0.1:51330 - R:localhost/127.0.0.1:34301]' for 'POST' to 'http://localhost:34301/session/1048f5c0621064d342726192b26a1c94/execute/sync'
16:12:20.258 [Forwarding getPageSource on session 1048f5c0621064d342726192b26a1c94 to remote] DEBUG org.asynchttpclient.netty.request.NettyRequestSender - Using open Channel [id: 0xd923dc32, L:/127.0.0.1:51330 - R:localhost/127.0.0.1:34301] for POST '/session/1048f5c0621064d342726192b26a1c94/execute/sync'
16:12:20.261 [AsyncHttpClient-1-32] DEBUG org.asynchttpclient.netty.handler.HttpHandler - 

Request DefaultHttpRequest(decodeResult: success, version: HTTP/1.1)
POST /session/1048f5c0621064d342726192b26a1c94/execute/sync HTTP/1.1
User-Agent: selenium/4.8.1 (java windows)
Content-Length: 176
Content-Type: application/json; charset=utf-8
host: localhost:34301
accept: */*

Response DefaultHttpResponse(decodeResult: success, version: HTTP/1.1)
HTTP/1.1 200 OK
Content-Length: 21839
Content-Type: application/json; charset=utf-8
cache-control: no-cache

16:12:20.262 [AsyncHttpClient-1-32] DEBUG org.asynchttpclient.netty.channel.ChannelManager - Adding key: http://localhost:34301 for channel [id: 0xd923dc32, L:/127.0.0.1:51330 - R:localhost/127.0.0.1:34301]
16:12:20.263 [Forwarding getCurrentUrl on session 1048f5c0621064d342726192b26a1c94 to remote] DEBUG org.asynchttpclient.netty.request.NettyRequestSender - Using pooled Channel '[id: 0xd923dc32, L:/127.0.0.1:51330 - R:localhost/127.0.0.1:34301]' for 'GET' to 'http://localhost:34301/session/1048f5c0621064d342726192b26a1c94/url'
16:12:20.263 [Forwarding getCurrentUrl on session 1048f5c0621064d342726192b26a1c94 to remote] DEBUG org.asynchttpclient.netty.request.NettyRequestSender - Using open Channel [id: 0xd923dc32, L:/127.0.0.1:51330 - R:localhost/127.0.0.1:34301] for GET '/session/1048f5c0621064d342726192b26a1c94/url'
16:12:20.265 [AsyncHttpClient-1-32] DEBUG org.asynchttpclient.netty.handler.HttpHandler - 

Request DefaultFullHttpRequest(decodeResult: success, version: HTTP/1.1, content: EmptyByteBufBE)
GET /session/1048f5c0621064d342726192b26a1c94/url HTTP/1.1
User-Agent: selenium/4.8.1 (java windows)
Cache-Control: no-cache
Content-Type: application/json; charset=utf-8
host: localhost:34301
accept: */*

Response DefaultHttpResponse(decodeResult: success, version: HTTP/1.1)
HTTP/1.1 200 OK
Content-Length: 51
Content-Type: application/json; charset=utf-8
cache-control: no-cache

16:12:20.265 [AsyncHttpClient-1-32] DEBUG org.asynchttpclient.netty.channel.ChannelManager - Adding key: http://localhost:34301 for channel [id: 0xd923dc32, L:/127.0.0.1:51330 - R:localhost/127.0.0.1:34301]
16:12:20.267 [main] DEBUG net.thucydides.core.steps.StepInterceptor - STARTING STEP: ProductSteps.onTheHomePage - clickLoginButton
16:12:20.269 [Forwarding findElement on session 1048f5c0621064d342726192b26a1c94 to remote] DEBUG org.asynchttpclient.netty.request.NettyRequestSender - Using pooled Channel '[id: 0xd923dc32, L:/127.0.0.1:51330 - R:localhost/127.0.0.1:34301]' for 'POST' to 'http://localhost:34301/session/1048f5c0621064d342726192b26a1c94/element'
16:12:20.269 [Forwarding findElement on session 1048f5c0621064d342726192b26a1c94 to remote] DEBUG org.asynchttpclient.netty.request.NettyRequestSender - Using open Channel [id: 0xd923dc32, L:/127.0.0.1:51330 - R:localhost/127.0.0.1:34301] for POST '/session/1048f5c0621064d342726192b26a1c94/element'
16:12:20.278 [AsyncHttpClient-1-32] DEBUG org.asynchttpclient.netty.handler.HttpHandler - 

Request DefaultHttpRequest(decodeResult: success, version: HTTP/1.1)
POST /session/1048f5c0621064d342726192b26a1c94/element HTTP/1.1
User-Agent: selenium/4.8.1 (java windows)
Content-Length: 71
Content-Type: application/json; charset=utf-8
host: localhost:34301
accept: */*

Response DefaultHttpResponse(decodeResult: success, version: HTTP/1.1)
HTTP/1.1 200 OK
Content-Length: 88
Content-Type: application/json; charset=utf-8
cache-control: no-cache

16:12:20.278 [AsyncHttpClient-1-32] DEBUG org.asynchttpclient.netty.channel.ChannelManager - Adding key: http://localhost:34301 for channel [id: 0xd923dc32, L:/127.0.0.1:51330 - R:localhost/127.0.0.1:34301]
16:12:20.279 [Forwarding getElementTagName on session 1048f5c0621064d342726192b26a1c94 to remote] DEBUG org.asynchttpclient.netty.request.NettyRequestSender - Using pooled Channel '[id: 0xd923dc32, L:/127.0.0.1:51330 - R:localhost/127.0.0.1:34301]' for 'GET' to 'http://localhost:34301/session/1048f5c0621064d342726192b26a1c94/element/64829ed6-a39b-48fe-88a4-2df98c289819/name'
16:12:20.279 [Forwarding getElementTagName on session 1048f5c0621064d342726192b26a1c94 to remote] DEBUG org.asynchttpclient.netty.request.NettyRequestSender - Using open Channel [id: 0xd923dc32, L:/127.0.0.1:51330 - R:localhost/127.0.0.1:34301] for GET '/session/1048f5c0621064d342726192b26a1c94/element/64829ed6-a39b-48fe-88a4-2df98c289819/name'
16:12:20.284 [AsyncHttpClient-1-32] DEBUG org.asynchttpclient.netty.handler.HttpHandler - 

Request DefaultFullHttpRequest(decodeResult: success, version: HTTP/1.1, content: EmptyByteBufBE)
GET /session/1048f5c0621064d342726192b26a1c94/element/64829ed6-a39b-48fe-88a4-2df98c289819/name HTTP/1.1
User-Agent: selenium/4.8.1 (java windows)
Cache-Control: no-cache
Content-Type: application/json; charset=utf-8
host: localhost:34301
accept: */*

Response DefaultHttpResponse(decodeResult: success, version: HTTP/1.1)
HTTP/1.1 200 OK
Content-Length: 18
Content-Type: application/json; charset=utf-8
cache-control: no-cache

16:12:20.284 [AsyncHttpClient-1-32] DEBUG org.asynchttpclient.netty.channel.ChannelManager - Adding key: http://localhost:34301 for channel [id: 0xd923dc32, L:/127.0.0.1:51330 - R:localhost/127.0.0.1:34301]
16:12:20.284 [Forwarding getElementTagName on session 1048f5c0621064d342726192b26a1c94 to remote] DEBUG org.asynchttpclient.netty.request.NettyRequestSender - Using pooled Channel '[id: 0xd923dc32, L:/127.0.0.1:51330 - R:localhost/127.0.0.1:34301]' for 'GET' to 'http://localhost:34301/session/1048f5c0621064d342726192b26a1c94/element/64829ed6-a39b-48fe-88a4-2df98c289819/name'
16:12:20.284 [Forwarding getElementTagName on session 1048f5c0621064d342726192b26a1c94 to remote] DEBUG org.asynchttpclient.netty.request.NettyRequestSender - Using open Channel [id: 0xd923dc32, L:/127.0.0.1:51330 - R:localhost/127.0.0.1:34301] for GET '/session/1048f5c0621064d342726192b26a1c94/element/64829ed6-a39b-48fe-88a4-2df98c289819/name'
16:12:20.287 [AsyncHttpClient-1-32] DEBUG org.asynchttpclient.netty.handler.HttpHandler - 

Request DefaultFullHttpRequest(decodeResult: success, version: HTTP/1.1, content: EmptyByteBufBE)
GET /session/1048f5c0621064d342726192b26a1c94/element/64829ed6-a39b-48fe-88a4-2df98c289819/name HTTP/1.1
User-Agent: selenium/4.8.1 (java windows)
Cache-Control: no-cache
Content-Type: application/json; charset=utf-8
host: localhost:34301
accept: */*

Response DefaultHttpResponse(decodeResult: success, version: HTTP/1.1)
HTTP/1.1 200 OK
Content-Length: 18
Content-Type: application/json; charset=utf-8
cache-control: no-cache

16:12:20.287 [AsyncHttpClient-1-32] DEBUG org.asynchttpclient.netty.channel.ChannelManager - Adding key: http://localhost:34301 for channel [id: 0xd923dc32, L:/127.0.0.1:51330 - R:localhost/127.0.0.1:34301]
16:12:20.288 [Forwarding isElementEnabled on session 1048f5c0621064d342726192b26a1c94 to remote] DEBUG org.asynchttpclient.netty.request.NettyRequestSender - Using pooled Channel '[id: 0xd923dc32, L:/127.0.0.1:51330 - R:localhost/127.0.0.1:34301]' for 'GET' to 'http://localhost:34301/session/1048f5c0621064d342726192b26a1c94/element/64829ed6-a39b-48fe-88a4-2df98c289819/enabled'
16:12:20.288 [Forwarding isElementEnabled on session 1048f5c0621064d342726192b26a1c94 to remote] DEBUG org.asynchttpclient.netty.request.NettyRequestSender - Using open Channel [id: 0xd923dc32, L:/127.0.0.1:51330 - R:localhost/127.0.0.1:34301] for GET '/session/1048f5c0621064d342726192b26a1c94/element/64829ed6-a39b-48fe-88a4-2df98c289819/enabled'
16:12:20.295 [AsyncHttpClient-1-32] DEBUG org.asynchttpclient.netty.handler.HttpHandler - 

Request DefaultFullHttpRequest(decodeResult: success, version: HTTP/1.1, content: EmptyByteBufBE)
GET /session/1048f5c0621064d342726192b26a1c94/element/64829ed6-a39b-48fe-88a4-2df98c289819/enabled HTTP/1.1
User-Agent: selenium/4.8.1 (java windows)
Cache-Control: no-cache
Content-Type: application/json; charset=utf-8
host: localhost:34301
accept: */*

Response DefaultHttpResponse(decodeResult: success, version: HTTP/1.1)
HTTP/1.1 200 OK
Content-Length: 14
Content-Type: application/json; charset=utf-8
cache-control: no-cache

16:12:20.295 [AsyncHttpClient-1-32] DEBUG org.asynchttpclient.netty.channel.ChannelManager - Adding key: http://localhost:34301 for channel [id: 0xd923dc32, L:/127.0.0.1:51330 - R:localhost/127.0.0.1:34301]
16:12:20.296 [Forwarding isElementEnabled on session 1048f5c0621064d342726192b26a1c94 to remote] DEBUG org.asynchttpclient.netty.request.NettyRequestSender - Using pooled Channel '[id: 0xd923dc32, L:/127.0.0.1:51330 - R:localhost/127.0.0.1:34301]' for 'GET' to 'http://localhost:34301/session/1048f5c0621064d342726192b26a1c94/element/64829ed6-a39b-48fe-88a4-2df98c289819/enabled'
16:12:20.296 [Forwarding isElementEnabled on session 1048f5c0621064d342726192b26a1c94 to remote] DEBUG org.asynchttpclient.netty.request.NettyRequestSender - Using open Channel [id: 0xd923dc32, L:/127.0.0.1:51330 - R:localhost/127.0.0.1:34301] for GET '/session/1048f5c0621064d342726192b26a1c94/element/64829ed6-a39b-48fe-88a4-2df98c289819/enabled'
16:12:20.300 [AsyncHttpClient-1-32] DEBUG org.asynchttpclient.netty.handler.HttpHandler - 

Request DefaultFullHttpRequest(decodeResult: success, version: HTTP/1.1, content: EmptyByteBufBE)
GET /session/1048f5c0621064d342726192b26a1c94/element/64829ed6-a39b-48fe-88a4-2df98c289819/enabled HTTP/1.1
User-Agent: selenium/4.8.1 (java windows)
Cache-Control: no-cache
Content-Type: application/json; charset=utf-8
host: localhost:34301
accept: */*

Response DefaultHttpResponse(decodeResult: success, version: HTTP/1.1)
HTTP/1.1 200 OK
Content-Length: 14
Content-Type: application/json; charset=utf-8
cache-control: no-cache

16:12:20.301 [AsyncHttpClient-1-32] DEBUG org.asynchttpclient.netty.channel.ChannelManager - Adding key: http://localhost:34301 for channel [id: 0xd923dc32, L:/127.0.0.1:51330 - R:localhost/127.0.0.1:34301]
16:12:20.301 [Forwarding findElement on session 1048f5c0621064d342726192b26a1c94 to remote] DEBUG org.asynchttpclient.netty.request.NettyRequestSender - Using pooled Channel '[id: 0xd923dc32, L:/127.0.0.1:51330 - R:localhost/127.0.0.1:34301]' for 'POST' to 'http://localhost:34301/session/1048f5c0621064d342726192b26a1c94/element'
16:12:20.302 [Forwarding findElement on session 1048f5c0621064d342726192b26a1c94 to remote] DEBUG org.asynchttpclient.netty.request.NettyRequestSender - Using open Channel [id: 0xd923dc32, L:/127.0.0.1:51330 - R:localhost/127.0.0.1:34301] for POST '/session/1048f5c0621064d342726192b26a1c94/element'
16:12:20.306 [AsyncHttpClient-1-32] DEBUG org.asynchttpclient.netty.handler.HttpHandler - 

Request DefaultHttpRequest(decodeResult: success, version: HTTP/1.1)
POST /session/1048f5c0621064d342726192b26a1c94/element HTTP/1.1
User-Agent: selenium/4.8.1 (java windows)
Content-Length: 71
Content-Type: application/json; charset=utf-8
host: localhost:34301
accept: */*

Response DefaultHttpResponse(decodeResult: success, version: HTTP/1.1)
HTTP/1.1 200 OK
Content-Length: 88
Content-Type: application/json; charset=utf-8
cache-control: no-cache

16:12:20.306 [AsyncHttpClient-1-32] DEBUG org.asynchttpclient.netty.channel.ChannelManager - Adding key: http://localhost:34301 for channel [id: 0xd923dc32, L:/127.0.0.1:51330 - R:localhost/127.0.0.1:34301]
16:12:20.307 [Forwarding clickElement on session 1048f5c0621064d342726192b26a1c94 to remote] DEBUG org.asynchttpclient.netty.request.NettyRequestSender - Using pooled Channel '[id: 0xd923dc32, L:/127.0.0.1:51330 - R:localhost/127.0.0.1:34301]' for 'POST' to 'http://localhost:34301/session/1048f5c0621064d342726192b26a1c94/element/64829ed6-a39b-48fe-88a4-2df98c289819/click'
16:12:20.307 [Forwarding clickElement on session 1048f5c0621064d342726192b26a1c94 to remote] DEBUG org.asynchttpclient.netty.request.NettyRequestSender - Using open Channel [id: 0xd923dc32, L:/127.0.0.1:51330 - R:localhost/127.0.0.1:34301] for POST '/session/1048f5c0621064d342726192b26a1c94/element/64829ed6-a39b-48fe-88a4-2df98c289819/click'
16:12:20.349 [AsyncHttpClient-1-32] DEBUG org.asynchttpclient.netty.handler.HttpHandler - 

Request DefaultHttpRequest(decodeResult: success, version: HTTP/1.1)
POST /session/1048f5c0621064d342726192b26a1c94/element/64829ed6-a39b-48fe-88a4-2df98c289819/click HTTP/1.1
User-Agent: selenium/4.8.1 (java windows)
Content-Length: 50
Content-Type: application/json; charset=utf-8
host: localhost:34301
accept: */*

Response DefaultHttpResponse(decodeResult: success, version: HTTP/1.1)
HTTP/1.1 200 OK
Content-Length: 14
Content-Type: application/json; charset=utf-8
cache-control: no-cache

16:12:20.349 [AsyncHttpClient-1-32] DEBUG org.asynchttpclient.netty.channel.ChannelManager - Adding key: http://localhost:34301 for channel [id: 0xd923dc32, L:/127.0.0.1:51330 - R:localhost/127.0.0.1:34301]
16:12:20.353 [Forwarding getAlertText on session 1048f5c0621064d342726192b26a1c94 to remote] DEBUG org.asynchttpclient.netty.request.NettyRequestSender - Using pooled Channel '[id: 0xd923dc32, L:/127.0.0.1:51330 - R:localhost/127.0.0.1:34301]' for 'GET' to 'http://localhost:34301/session/1048f5c0621064d342726192b26a1c94/alert/text'
16:12:20.353 [Forwarding getAlertText on session 1048f5c0621064d342726192b26a1c94 to remote] DEBUG org.asynchttpclient.netty.request.NettyRequestSender - Using open Channel [id: 0xd923dc32, L:/127.0.0.1:51330 - R:localhost/127.0.0.1:34301] for GET '/session/1048f5c0621064d342726192b26a1c94/alert/text'
16:12:20.355 [AsyncHttpClient-1-32] DEBUG org.asynchttpclient.netty.handler.HttpHandler - 

Request DefaultFullHttpRequest(decodeResult: success, version: HTTP/1.1, content: EmptyByteBufBE)
GET /session/1048f5c0621064d342726192b26a1c94/alert/text HTTP/1.1
User-Agent: selenium/4.8.1 (java windows)
Cache-Control: no-cache
Content-Type: application/json; charset=utf-8
host: localhost:34301
accept: */*

Response DefaultHttpResponse(decodeResult: success, version: HTTP/1.1)
HTTP/1.1 404 Not Found
Content-Length: 836
Content-Type: application/json; charset=utf-8
cache-control: no-cache

16:12:20.355 [AsyncHttpClient-1-32] DEBUG org.asynchttpclient.netty.channel.ChannelManager - Adding key: http://localhost:34301 for channel [id: 0xd923dc32, L:/127.0.0.1:51330 - R:localhost/127.0.0.1:34301]
16:12:20.356 [Forwarding getCurrentUrl on session 1048f5c0621064d342726192b26a1c94 to remote] DEBUG org.asynchttpclient.netty.request.NettyRequestSender - Using pooled Channel '[id: 0xd923dc32, L:/127.0.0.1:51330 - R:localhost/127.0.0.1:34301]' for 'GET' to 'http://localhost:34301/session/1048f5c0621064d342726192b26a1c94/url'
16:12:20.356 [Forwarding getCurrentUrl on session 1048f5c0621064d342726192b26a1c94 to remote] DEBUG org.asynchttpclient.netty.request.NettyRequestSender - Using open Channel [id: 0xd923dc32, L:/127.0.0.1:51330 - R:localhost/127.0.0.1:34301] for GET '/session/1048f5c0621064d342726192b26a1c94/url'
16:12:20.362 [AsyncHttpClient-1-32] DEBUG org.asynchttpclient.netty.handler.HttpHandler - 

Request DefaultFullHttpRequest(decodeResult: success, version: HTTP/1.1, content: EmptyByteBufBE)
GET /session/1048f5c0621064d342726192b26a1c94/url HTTP/1.1
User-Agent: selenium/4.8.1 (java windows)
Cache-Control: no-cache
Content-Type: application/json; charset=utf-8
host: localhost:34301
accept: */*

Response DefaultHttpResponse(decodeResult: success, version: HTTP/1.1)
HTTP/1.1 200 OK
Content-Length: 51
Content-Type: application/json; charset=utf-8
cache-control: no-cache

16:12:20.362 [AsyncHttpClient-1-32] DEBUG org.asynchttpclient.netty.channel.ChannelManager - Adding key: http://localhost:34301 for channel [id: 0xd923dc32, L:/127.0.0.1:51330 - R:localhost/127.0.0.1:34301]
16:12:20.363 [Forwarding screenshot on session 1048f5c0621064d342726192b26a1c94 to remote] DEBUG org.asynchttpclient.netty.request.NettyRequestSender - Using pooled Channel '[id: 0xd923dc32, L:/127.0.0.1:51330 - R:localhost/127.0.0.1:34301]' for 'GET' to 'http://localhost:34301/session/1048f5c0621064d342726192b26a1c94/screenshot'
16:12:20.363 [Forwarding screenshot on session 1048f5c0621064d342726192b26a1c94 to remote] DEBUG org.asynchttpclient.netty.request.NettyRequestSender - Using open Channel [id: 0xd923dc32, L:/127.0.0.1:51330 - R:localhost/127.0.0.1:34301] for GET '/session/1048f5c0621064d342726192b26a1c94/screenshot'
16:12:20.472 [AsyncHttpClient-1-32] DEBUG org.asynchttpclient.netty.handler.HttpHandler - 

Request DefaultFullHttpRequest(decodeResult: success, version: HTTP/1.1, content: EmptyByteBufBE)
GET /session/1048f5c0621064d342726192b26a1c94/screenshot HTTP/1.1
User-Agent: selenium/4.8.1 (java windows)
Cache-Control: no-cache
Content-Type: application/json; charset=utf-8
host: localhost:34301
accept: */*

Response DefaultHttpResponse(decodeResult: success, version: HTTP/1.1)
HTTP/1.1 200 OK
Content-Length: 30524
Content-Type: application/json; charset=utf-8
cache-control: no-cache

16:12:20.473 [AsyncHttpClient-1-32] DEBUG org.asynchttpclient.netty.channel.ChannelManager - Adding key: http://localhost:34301 for channel [id: 0xd923dc32, L:/127.0.0.1:51330 - R:localhost/127.0.0.1:34301]
16:12:20.473 [main] DEBUG net.serenitybdd.core.photography.Darkroom - Send negative for processing for target\site\serenity\1eca97639e9bd628ae9e2a73f74d565318c4cf27cc4d3b2ef502874608a5dfdc.png
16:12:20.474 [main] DEBUG net.thucydides.core.steps.StepInterceptor - STEP DONE: clickLoginButton
16:12:20.474 [Darkroom Processing Line] DEBUG net.serenitybdd.core.photography.DarkroomProcessingLine - Processing screenshot image in /var/screenshots/screenshot-12048127584251340709
16:12:20.474 [Darkroom Processing Line] DEBUG net.serenitybdd.core.photography.DarkroomProcessingLine - Saving screenshot to target\site\serenity\1eca97639e9bd628ae9e2a73f74d565318c4cf27cc4d3b2ef502874608a5dfdc.png
16:12:20.478 [Forwarding getPageSource on session 1048f5c0621064d342726192b26a1c94 to remote] DEBUG org.asynchttpclient.netty.request.NettyRequestSender - Using pooled Channel '[id: 0xd923dc32, L:/127.0.0.1:51330 - R:localhost/127.0.0.1:34301]' for 'POST' to 'http://localhost:34301/session/1048f5c0621064d342726192b26a1c94/execute/sync'
16:12:20.478 [Forwarding getPageSource on session 1048f5c0621064d342726192b26a1c94 to remote] DEBUG org.asynchttpclient.netty.request.NettyRequestSender - Using open Channel [id: 0xd923dc32, L:/127.0.0.1:51330 - R:localhost/127.0.0.1:34301] for POST '/session/1048f5c0621064d342726192b26a1c94/execute/sync'
16:12:20.482 [AsyncHttpClient-1-32] DEBUG org.asynchttpclient.netty.handler.HttpHandler - 

Request DefaultHttpRequest(decodeResult: success, version: HTTP/1.1)
POST /session/1048f5c0621064d342726192b26a1c94/execute/sync HTTP/1.1
User-Agent: selenium/4.8.1 (java windows)
Content-Length: 176
Content-Type: application/json; charset=utf-8
host: localhost:34301
accept: */*

Response DefaultHttpResponse(decodeResult: success, version: HTTP/1.1)
HTTP/1.1 200 OK
Content-Length: 22118
Content-Type: application/json; charset=utf-8
cache-control: no-cache

16:12:20.482 [AsyncHttpClient-1-32] DEBUG org.asynchttpclient.netty.channel.ChannelManager - Adding key: http://localhost:34301 for channel [id: 0xd923dc32, L:/127.0.0.1:51330 - R:localhost/127.0.0.1:34301]
16:12:20.484 [Forwarding getCurrentUrl on session 1048f5c0621064d342726192b26a1c94 to remote] DEBUG org.asynchttpclient.netty.request.NettyRequestSender - Using pooled Channel '[id: 0xd923dc32, L:/127.0.0.1:51330 - R:localhost/127.0.0.1:34301]' for 'GET' to 'http://localhost:34301/session/1048f5c0621064d342726192b26a1c94/url'
16:12:20.484 [Forwarding getCurrentUrl on session 1048f5c0621064d342726192b26a1c94 to remote] DEBUG org.asynchttpclient.netty.request.NettyRequestSender - Using open Channel [id: 0xd923dc32, L:/127.0.0.1:51330 - R:localhost/127.0.0.1:34301] for GET '/session/1048f5c0621064d342726192b26a1c94/url'
16:12:20.486 [AsyncHttpClient-1-32] DEBUG org.asynchttpclient.netty.handler.HttpHandler - 

Request DefaultFullHttpRequest(decodeResult: success, version: HTTP/1.1, content: EmptyByteBufBE)
GET /session/1048f5c0621064d342726192b26a1c94/url HTTP/1.1
User-Agent: selenium/4.8.1 (java windows)
Cache-Control: no-cache
Content-Type: application/json; charset=utf-8
host: localhost:34301
accept: */*

Response DefaultHttpResponse(decodeResult: success, version: HTTP/1.1)
HTTP/1.1 200 OK
Content-Length: 51
Content-Type: application/json; charset=utf-8
cache-control: no-cache

16:12:20.486 [AsyncHttpClient-1-32] DEBUG org.asynchttpclient.netty.channel.ChannelManager - Adding key: http://localhost:34301 for channel [id: 0xd923dc32, L:/127.0.0.1:51330 - R:localhost/127.0.0.1:34301]
16:12:20.488 [main] DEBUG net.thucydides.core.steps.StepInterceptor - STARTING STEP: ProductSteps.onTheHomePage - validateOnHomePage
16:12:20.489 [Forwarding findElement on session 1048f5c0621064d342726192b26a1c94 to remote] DEBUG org.asynchttpclient.netty.request.NettyRequestSender - Using pooled Channel '[id: 0xd923dc32, L:/127.0.0.1:51330 - R:localhost/127.0.0.1:34301]' for 'POST' to 'http://localhost:34301/session/1048f5c0621064d342726192b26a1c94/element'
16:12:20.489 [Forwarding findElement on session 1048f5c0621064d342726192b26a1c94 to remote] DEBUG org.asynchttpclient.netty.request.NettyRequestSender - Using open Channel [id: 0xd923dc32, L:/127.0.0.1:51330 - R:localhost/127.0.0.1:34301] for POST '/session/1048f5c0621064d342726192b26a1c94/element'
16:12:20.783 [AsyncHttpClient-1-32] DEBUG org.asynchttpclient.netty.handler.HttpHandler - 

Request DefaultHttpRequest(decodeResult: success, version: HTTP/1.1)
POST /session/1048f5c0621064d342726192b26a1c94/element HTTP/1.1
User-Agent: selenium/4.8.1 (java windows)
Content-Length: 54
Content-Type: application/json; charset=utf-8
host: localhost:34301
accept: */*

Response DefaultHttpResponse(decodeResult: success, version: HTTP/1.1)
HTTP/1.1 200 OK
Content-Length: 88
Content-Type: application/json; charset=utf-8
cache-control: no-cache

16:12:20.783 [AsyncHttpClient-1-32] DEBUG org.asynchttpclient.netty.channel.ChannelManager - Adding key: http://localhost:34301 for channel [id: 0xd923dc32, L:/127.0.0.1:51330 - R:localhost/127.0.0.1:34301]
16:12:20.785 [Forwarding isElementDisplayed on session 1048f5c0621064d342726192b26a1c94 to remote] DEBUG org.asynchttpclient.netty.request.NettyRequestSender - Using pooled Channel '[id: 0xd923dc32, L:/127.0.0.1:51330 - R:localhost/127.0.0.1:34301]' for 'POST' to 'http://localhost:34301/session/1048f5c0621064d342726192b26a1c94/execute/sync'
16:12:20.785 [Forwarding isElementDisplayed on session 1048f5c0621064d342726192b26a1c94 to remote] DEBUG org.asynchttpclient.netty.request.NettyRequestSender - Using open Channel [id: 0xd923dc32, L:/127.0.0.1:51330 - R:localhost/127.0.0.1:34301] for POST '/session/1048f5c0621064d342726192b26a1c94/execute/sync'
16:12:20.798 [AsyncHttpClient-1-32] DEBUG org.asynchttpclient.netty.handler.HttpHandler - 

Request DefaultHttpRequest(decodeResult: success, version: HTTP/1.1)
POST /session/1048f5c0621064d342726192b26a1c94/execute/sync HTTP/1.1
User-Agent: selenium/4.8.1 (java windows)
Content-Length: 48807
Content-Type: application/json; charset=utf-8
host: localhost:34301
accept: */*

Response DefaultHttpResponse(decodeResult: success, version: HTTP/1.1)
HTTP/1.1 200 OK
Content-Length: 14
Content-Type: application/json; charset=utf-8
cache-control: no-cache

16:12:20.798 [AsyncHttpClient-1-32] DEBUG org.asynchttpclient.netty.channel.ChannelManager - Adding key: http://localhost:34301 for channel [id: 0xd923dc32, L:/127.0.0.1:51330 - R:localhost/127.0.0.1:34301]
16:12:20.802 [Forwarding getAlertText on session 1048f5c0621064d342726192b26a1c94 to remote] DEBUG org.asynchttpclient.netty.request.NettyRequestSender - Using pooled Channel '[id: 0xd923dc32, L:/127.0.0.1:51330 - R:localhost/127.0.0.1:34301]' for 'GET' to 'http://localhost:34301/session/1048f5c0621064d342726192b26a1c94/alert/text'
16:12:20.802 [Forwarding getAlertText on session 1048f5c0621064d342726192b26a1c94 to remote] DEBUG org.asynchttpclient.netty.request.NettyRequestSender - Using open Channel [id: 0xd923dc32, L:/127.0.0.1:51330 - R:localhost/127.0.0.1:34301] for GET '/session/1048f5c0621064d342726192b26a1c94/alert/text'
16:12:20.803 [AsyncHttpClient-1-32] DEBUG org.asynchttpclient.netty.handler.HttpHandler - 

Request DefaultFullHttpRequest(decodeResult: success, version: HTTP/1.1, content: EmptyByteBufBE)
GET /session/1048f5c0621064d342726192b26a1c94/alert/text HTTP/1.1
User-Agent: selenium/4.8.1 (java windows)
Cache-Control: no-cache
Content-Type: application/json; charset=utf-8
host: localhost:34301
accept: */*

Response DefaultHttpResponse(decodeResult: success, version: HTTP/1.1)
HTTP/1.1 404 Not Found
Content-Length: 836
Content-Type: application/json; charset=utf-8
cache-control: no-cache

16:12:20.803 [AsyncHttpClient-1-32] DEBUG org.asynchttpclient.netty.channel.ChannelManager - Adding key: http://localhost:34301 for channel [id: 0xd923dc32, L:/127.0.0.1:51330 - R:localhost/127.0.0.1:34301]
16:12:20.804 [Forwarding getCurrentUrl on session 1048f5c0621064d342726192b26a1c94 to remote] DEBUG org.asynchttpclient.netty.request.NettyRequestSender - Using pooled Channel '[id: 0xd923dc32, L:/127.0.0.1:51330 - R:localhost/127.0.0.1:34301]' for 'GET' to 'http://localhost:34301/session/1048f5c0621064d342726192b26a1c94/url'
16:12:20.804 [Forwarding getCurrentUrl on session 1048f5c0621064d342726192b26a1c94 to remote] DEBUG org.asynchttpclient.netty.request.NettyRequestSender - Using open Channel [id: 0xd923dc32, L:/127.0.0.1:51330 - R:localhost/127.0.0.1:34301] for GET '/session/1048f5c0621064d342726192b26a1c94/url'
16:12:20.806 [AsyncHttpClient-1-32] DEBUG org.asynchttpclient.netty.handler.HttpHandler - 

Request DefaultFullHttpRequest(decodeResult: success, version: HTTP/1.1, content: EmptyByteBufBE)
GET /session/1048f5c0621064d342726192b26a1c94/url HTTP/1.1
User-Agent: selenium/4.8.1 (java windows)
Cache-Control: no-cache
Content-Type: application/json; charset=utf-8
host: localhost:34301
accept: */*

Response DefaultHttpResponse(decodeResult: success, version: HTTP/1.1)
HTTP/1.1 200 OK
Content-Length: 41
Content-Type: application/json; charset=utf-8
cache-control: no-cache

16:12:20.806 [AsyncHttpClient-1-32] DEBUG org.asynchttpclient.netty.channel.ChannelManager - Adding key: http://localhost:34301 for channel [id: 0xd923dc32, L:/127.0.0.1:51330 - R:localhost/127.0.0.1:34301]
16:12:20.807 [Forwarding screenshot on session 1048f5c0621064d342726192b26a1c94 to remote] DEBUG org.asynchttpclient.netty.request.NettyRequestSender - Using pooled Channel '[id: 0xd923dc32, L:/127.0.0.1:51330 - R:localhost/127.0.0.1:34301]' for 'GET' to 'http://localhost:34301/session/1048f5c0621064d342726192b26a1c94/screenshot'
16:12:20.807 [Forwarding screenshot on session 1048f5c0621064d342726192b26a1c94 to remote] DEBUG org.asynchttpclient.netty.request.NettyRequestSender - Using open Channel [id: 0xd923dc32, L:/127.0.0.1:51330 - R:localhost/127.0.0.1:34301] for GET '/session/1048f5c0621064d342726192b26a1c94/screenshot'
16:12:20.929 [AsyncHttpClient-1-32] DEBUG org.asynchttpclient.netty.handler.HttpHandler - 

Request DefaultFullHttpRequest(decodeResult: success, version: HTTP/1.1, content: EmptyByteBufBE)
GET /session/1048f5c0621064d342726192b26a1c94/screenshot HTTP/1.1
User-Agent: selenium/4.8.1 (java windows)
Cache-Control: no-cache
Content-Type: application/json; charset=utf-8
host: localhost:34301
accept: */*

Response DefaultHttpResponse(decodeResult: success, version: HTTP/1.1)
HTTP/1.1 200 OK
Content-Length: 25856
Content-Type: application/json; charset=utf-8
cache-control: no-cache

16:12:20.930 [AsyncHttpClient-1-32] DEBUG org.asynchttpclient.netty.channel.ChannelManager - Adding key: http://localhost:34301 for channel [id: 0xd923dc32, L:/127.0.0.1:51330 - R:localhost/127.0.0.1:34301]
16:12:20.931 [main] DEBUG net.serenitybdd.core.photography.Darkroom - Send negative for processing for target\site\serenity\d8260ac78e81241970d11005810d6101ec6349df69fe105c95b1c44eb7c5a1d4.png
16:12:20.931 [main] DEBUG net.thucydides.core.steps.StepInterceptor - STEP DONE: validateOnHomePage
  &amp#27;[32mGiven &amp#27;[0m&amp#27;[32mI already login and go to the alta-shop home page&amp#27;[0m &amp#27;[90m# starter.stepdefinitions.ProductSteps.onTheHomePage()&amp#27;[0m
16:12:20.931 [Darkroom Processing Line] DEBUG net.serenitybdd.core.photography.DarkroomProcessingLine - Processing screenshot image in /var/screenshots/screenshot-3072228556119147229
16:12:20.931 [Darkroom Processing Line] DEBUG net.serenitybdd.core.photography.DarkroomProcessingLine - Saving screenshot to target\site\serenity\d8260ac78e81241970d11005810d6101ec6349df69fe105c95b1c44eb7c5a1d4.png
16:12:20.938 [Forwarding getPageSource on session 1048f5c0621064d342726192b26a1c94 to remote] DEBUG org.asynchttpclient.netty.request.NettyRequestSender - Using pooled Channel '[id: 0xd923dc32, L:/127.0.0.1:51330 - R:localhost/127.0.0.1:34301]' for 'POST' to 'http://localhost:34301/session/1048f5c0621064d342726192b26a1c94/execute/sync'
16:12:20.938 [Forwarding getPageSource on session 1048f5c0621064d342726192b26a1c94 to remote] DEBUG org.asynchttpclient.netty.request.NettyRequestSender - Using open Channel [id: 0xd923dc32, L:/127.0.0.1:51330 - R:localhost/127.0.0.1:34301] for POST '/session/1048f5c0621064d342726192b26a1c94/execute/sync'
16:12:20.942 [AsyncHttpClient-1-32] DEBUG org.asynchttpclient.netty.handler.HttpHandler - 

Request DefaultHttpRequest(decodeResult: success, version: HTTP/1.1)
POST /session/1048f5c0621064d342726192b26a1c94/execute/sync HTTP/1.1
User-Agent: selenium/4.8.1 (java windows)
Content-Length: 176
Content-Type: application/json; charset=utf-8
host: localhost:34301
accept: */*

Response DefaultHttpResponse(decodeResult: success, version: HTTP/1.1)
HTTP/1.1 200 OK
Content-Length: 28798
Content-Type: application/json; charset=utf-8
cache-control: no-cache

16:12:20.942 [AsyncHttpClient-1-32] DEBUG org.asynchttpclient.netty.channel.ChannelManager - Adding key: http://localhost:34301 for channel [id: 0xd923dc32, L:/127.0.0.1:51330 - R:localhost/127.0.0.1:34301]
16:12:20.944 [Forwarding getCurrentUrl on session 1048f5c0621064d342726192b26a1c94 to remote] DEBUG org.asynchttpclient.netty.request.NettyRequestSender - Using pooled Channel '[id: 0xd923dc32, L:/127.0.0.1:51330 - R:localhost/127.0.0.1:34301]' for 'GET' to 'http://localhost:34301/session/1048f5c0621064d342726192b26a1c94/url'
16:12:20.944 [Forwarding getCurrentUrl on session 1048f5c0621064d342726192b26a1c94 to remote] DEBUG org.asynchttpclient.netty.request.NettyRequestSender - Using open Channel [id: 0xd923dc32, L:/127.0.0.1:51330 - R:localhost/127.0.0.1:34301] for GET '/session/1048f5c0621064d342726192b26a1c94/url'
16:12:20.946 [AsyncHttpClient-1-32] DEBUG org.asynchttpclient.netty.handler.HttpHandler - 

Request DefaultFullHttpRequest(decodeResult: success, version: HTTP/1.1, content: EmptyByteBufBE)
GET /session/1048f5c0621064d342726192b26a1c94/url HTTP/1.1
User-Agent: selenium/4.8.1 (java windows)
Cache-Control: no-cache
Content-Type: application/json; charset=utf-8
host: localhost:34301
accept: */*

Response DefaultHttpResponse(decodeResult: success, version: HTTP/1.1)
HTTP/1.1 200 OK
Content-Length: 41
Content-Type: application/json; charset=utf-8
cache-control: no-cache

16:12:20.946 [AsyncHttpClient-1-32] DEBUG org.asynchttpclient.netty.channel.ChannelManager - Adding key: http://localhost:34301 for channel [id: 0xd923dc32, L:/127.0.0.1:51330 - R:localhost/127.0.0.1:34301]
16:12:20.955 [Forwarding getPageSource on session 1048f5c0621064d342726192b26a1c94 to remote] DEBUG org.asynchttpclient.netty.request.NettyRequestSender - Using pooled Channel '[id: 0xd923dc32, L:/127.0.0.1:51330 - R:localhost/127.0.0.1:34301]' for 'POST' to 'http://localhost:34301/session/1048f5c0621064d342726192b26a1c94/execute/sync'
16:12:20.955 [Forwarding getPageSource on session 1048f5c0621064d342726192b26a1c94 to remote] DEBUG org.asynchttpclient.netty.request.NettyRequestSender - Using open Channel [id: 0xd923dc32, L:/127.0.0.1:51330 - R:localhost/127.0.0.1:34301] for POST '/session/1048f5c0621064d342726192b26a1c94/execute/sync'
16:12:20.962 [AsyncHttpClient-1-32] DEBUG org.asynchttpclient.netty.handler.HttpHandler - 

Request DefaultHttpRequest(decodeResult: success, version: HTTP/1.1)
POST /session/1048f5c0621064d342726192b26a1c94/execute/sync HTTP/1.1
User-Agent: selenium/4.8.1 (java windows)
Content-Length: 176
Content-Type: application/json; charset=utf-8
host: localhost:34301
accept: */*

Response DefaultHttpResponse(decodeResult: success, version: HTTP/1.1)
HTTP/1.1 200 OK
Content-Length: 28798
Content-Type: application/json; charset=utf-8
cache-control: no-cache

16:12:20.962 [AsyncHttpClient-1-32] DEBUG org.asynchttpclient.netty.channel.ChannelManager - Adding key: http://localhost:34301 for channel [id: 0xd923dc32, L:/127.0.0.1:51330 - R:localhost/127.0.0.1:34301]
16:12:20.965 [Forwarding getCurrentUrl on session 1048f5c0621064d342726192b26a1c94 to remote] DEBUG org.asynchttpclient.netty.request.NettyRequestSender - Using pooled Channel '[id: 0xd923dc32, L:/127.0.0.1:51330 - R:localhost/127.0.0.1:34301]' for 'GET' to 'http://localhost:34301/session/1048f5c0621064d342726192b26a1c94/url'
16:12:20.965 [Forwarding getCurrentUrl on session 1048f5c0621064d342726192b26a1c94 to remote] DEBUG org.asynchttpclient.netty.request.NettyRequestSender - Using open Channel [id: 0xd923dc32, L:/127.0.0.1:51330 - R:localhost/127.0.0.1:34301] for GET '/session/1048f5c0621064d342726192b26a1c94/url'
16:12:20.973 [AsyncHttpClient-1-32] DEBUG org.asynchttpclient.netty.handler.HttpHandler - 

Request DefaultFullHttpRequest(decodeResult: success, version: HTTP/1.1, content: EmptyByteBufBE)
GET /session/1048f5c0621064d342726192b26a1c94/url HTTP/1.1
User-Agent: selenium/4.8.1 (java windows)
Cache-Control: no-cache
Content-Type: application/json; charset=utf-8
host: localhost:34301
accept: */*

Response DefaultHttpResponse(decodeResult: success, version: HTTP/1.1)
HTTP/1.1 200 OK
Content-Length: 41
Content-Type: application/json; charset=utf-8
cache-control: no-cache

16:12:20.973 [AsyncHttpClient-1-32] DEBUG org.asynchttpclient.netty.channel.ChannelManager - Adding key: http://localhost:34301 for channel [id: 0xd923dc32, L:/127.0.0.1:51330 - R:localhost/127.0.0.1:34301]
16:12:20.976 [main] DEBUG net.thucydides.core.steps.StepInterceptor - STARTING STEP: ProductSteps.chooseTheProduct - validateTheProduct
16:12:20.978 [Forwarding findElement on session 1048f5c0621064d342726192b26a1c94 to remote] DEBUG org.asynchttpclient.netty.request.NettyRequestSender - Using pooled Channel '[id: 0xd923dc32, L:/127.0.0.1:51330 - R:localhost/127.0.0.1:34301]' for 'POST' to 'http://localhost:34301/session/1048f5c0621064d342726192b26a1c94/element'
16:12:20.979 [Forwarding findElement on session 1048f5c0621064d342726192b26a1c94 to remote] DEBUG org.asynchttpclient.netty.request.NettyRequestSender - Using open Channel [id: 0xd923dc32, L:/127.0.0.1:51330 - R:localhost/127.0.0.1:34301] for POST '/session/1048f5c0621064d342726192b26a1c94/element'
16:12:21.356 [AsyncHttpClient-1-1] DEBUG org.asynchttpclient.netty.channel.DefaultChannelPool - Entry count for : http://localhost:51331 : 1
16:12:22.216 [AsyncHttpClient-1-32] DEBUG org.asynchttpclient.netty.handler.HttpHandler - 

Request DefaultHttpRequest(decodeResult: success, version: HTTP/1.1)
POST /session/1048f5c0621064d342726192b26a1c94/element HTTP/1.1
User-Agent: selenium/4.8.1 (java windows)
Content-Length: 54
Content-Type: application/json; charset=utf-8
host: localhost:34301
accept: */*

Response DefaultHttpResponse(decodeResult: success, version: HTTP/1.1)
HTTP/1.1 200 OK
Content-Length: 88
Content-Type: application/json; charset=utf-8
cache-control: no-cache

16:12:22.217 [AsyncHttpClient-1-32] DEBUG org.asynchttpclient.netty.channel.ChannelManager - Adding key: http://localhost:34301 for channel [id: 0xd923dc32, L:/127.0.0.1:51330 - R:localhost/127.0.0.1:34301]
16:12:22.220 [Forwarding isElementDisplayed on session 1048f5c0621064d342726192b26a1c94 to remote] DEBUG org.asynchttpclient.netty.request.NettyRequestSender - Using pooled Channel '[id: 0xd923dc32, L:/127.0.0.1:51330 - R:localhost/127.0.0.1:34301]' for 'POST' to 'http://localhost:34301/session/1048f5c0621064d342726192b26a1c94/execute/sync'
16:12:22.220 [Forwarding isElementDisplayed on session 1048f5c0621064d342726192b26a1c94 to remote] DEBUG org.asynchttpclient.netty.request.NettyRequestSender - Using open Channel [id: 0xd923dc32, L:/127.0.0.1:51330 - R:localhost/127.0.0.1:34301] for POST '/session/1048f5c0621064d342726192b26a1c94/execute/sync'
16:12:22.232 [AsyncHttpClient-1-32] DEBUG org.asynchttpclient.netty.handler.HttpHandler - 

Request DefaultHttpRequest(decodeResult: success, version: HTTP/1.1)
POST /session/1048f5c0621064d342726192b26a1c94/execute/sync HTTP/1.1
User-Agent: selenium/4.8.1 (java windows)
Content-Length: 48807
Content-Type: application/json; charset=utf-8
host: localhost:34301
accept: */*

Response DefaultHttpResponse(decodeResult: success, version: HTTP/1.1)
HTTP/1.1 200 OK
Content-Length: 14
Content-Type: application/json; charset=utf-8
cache-control: no-cache

16:12:22.232 [AsyncHttpClient-1-32] DEBUG org.asynchttpclient.netty.channel.ChannelManager - Adding key: http://localhost:34301 for channel [id: 0xd923dc32, L:/127.0.0.1:51330 - R:localhost/127.0.0.1:34301]
16:12:22.235 [Forwarding getAlertText on session 1048f5c0621064d342726192b26a1c94 to remote] DEBUG org.asynchttpclient.netty.request.NettyRequestSender - Using pooled Channel '[id: 0xd923dc32, L:/127.0.0.1:51330 - R:localhost/127.0.0.1:34301]' for 'GET' to 'http://localhost:34301/session/1048f5c0621064d342726192b26a1c94/alert/text'
16:12:22.235 [Forwarding getAlertText on session 1048f5c0621064d342726192b26a1c94 to remote] DEBUG org.asynchttpclient.netty.request.NettyRequestSender - Using open Channel [id: 0xd923dc32, L:/127.0.0.1:51330 - R:localhost/127.0.0.1:34301] for GET '/session/1048f5c0621064d342726192b26a1c94/alert/text'
16:12:22.236 [AsyncHttpClient-1-32] DEBUG org.asynchttpclient.netty.handler.HttpHandler - 

Request DefaultFullHttpRequest(decodeResult: success, version: HTTP/1.1, content: EmptyByteBufBE)
GET /session/1048f5c0621064d342726192b26a1c94/alert/text HTTP/1.1
User-Agent: selenium/4.8.1 (java windows)
Cache-Control: no-cache
Content-Type: application/json; charset=utf-8
host: localhost:34301
accept: */*

Response DefaultHttpResponse(decodeResult: success, version: HTTP/1.1)
HTTP/1.1 404 Not Found
Content-Length: 836
Content-Type: application/json; charset=utf-8
cache-control: no-cache

16:12:22.236 [AsyncHttpClient-1-32] DEBUG org.asynchttpclient.netty.channel.ChannelManager - Adding key: http://localhost:34301 for channel [id: 0xd923dc32, L:/127.0.0.1:51330 - R:localhost/127.0.0.1:34301]
16:12:22.236 [Forwarding getCurrentUrl on session 1048f5c0621064d342726192b26a1c94 to remote] DEBUG org.asynchttpclient.netty.request.NettyRequestSender - Using pooled Channel '[id: 0xd923dc32, L:/127.0.0.1:51330 - R:localhost/127.0.0.1:34301]' for 'GET' to 'http://localhost:34301/session/1048f5c0621064d342726192b26a1c94/url'
16:12:22.236 [Forwarding getCurrentUrl on session 1048f5c0621064d342726192b26a1c94 to remote] DEBUG org.asynchttpclient.netty.request.NettyRequestSender - Using open Channel [id: 0xd923dc32, L:/127.0.0.1:51330 - R:localhost/127.0.0.1:34301] for GET '/session/1048f5c0621064d342726192b26a1c94/url'
16:12:22.239 [AsyncHttpClient-1-32] DEBUG org.asynchttpclient.netty.handler.HttpHandler - 

Request DefaultFullHttpRequest(decodeResult: success, version: HTTP/1.1, content: EmptyByteBufBE)
GET /session/1048f5c0621064d342726192b26a1c94/url HTTP/1.1
User-Agent: selenium/4.8.1 (java windows)
Cache-Control: no-cache
Content-Type: application/json; charset=utf-8
host: localhost:34301
accept: */*

Response DefaultHttpResponse(decodeResult: success, version: HTTP/1.1)
HTTP/1.1 200 OK
Content-Length: 41
Content-Type: application/json; charset=utf-8
cache-control: no-cache

16:12:22.239 [AsyncHttpClient-1-32] DEBUG org.asynchttpclient.netty.channel.ChannelManager - Adding key: http://localhost:34301 for channel [id: 0xd923dc32, L:/127.0.0.1:51330 - R:localhost/127.0.0.1:34301]
16:12:22.239 [Forwarding screenshot on session 1048f5c0621064d342726192b26a1c94 to remote] DEBUG org.asynchttpclient.netty.request.NettyRequestSender - Using pooled Channel '[id: 0xd923dc32, L:/127.0.0.1:51330 - R:localhost/127.0.0.1:34301]' for 'GET' to 'http://localhost:34301/session/1048f5c0621064d342726192b26a1c94/screenshot'
16:12:22.239 [Forwarding screenshot on session 1048f5c0621064d342726192b26a1c94 to remote] DEBUG org.asynchttpclient.netty.request.NettyRequestSender - Using open Channel [id: 0xd923dc32, L:/127.0.0.1:51330 - R:localhost/127.0.0.1:34301] for GET '/session/1048f5c0621064d342726192b26a1c94/screenshot'
16:12:22.301 [AsyncHttpClient-1-32] DEBUG org.asynchttpclient.netty.handler.HttpHandler - 

Request DefaultFullHttpRequest(decodeResult: success, version: HTTP/1.1, content: EmptyByteBufBE)
GET /session/1048f5c0621064d342726192b26a1c94/screenshot HTTP/1.1
User-Agent: selenium/4.8.1 (java windows)
Cache-Control: no-cache
Content-Type: application/json; charset=utf-8
host: localhost:34301
accept: */*

Response DefaultHttpResponse(decodeResult: success, version: HTTP/1.1)
HTTP/1.1 200 OK
Content-Length: 85756
Content-Type: application/json; charset=utf-8
cache-control: no-cache

16:12:22.302 [AsyncHttpClient-1-32] DEBUG org.asynchttpclient.netty.channel.ChannelManager - Adding key: http://localhost:34301 for channel [id: 0xd923dc32, L:/127.0.0.1:51330 - R:localhost/127.0.0.1:34301]
16:12:22.303 [main] DEBUG net.serenitybdd.core.photography.Darkroom - Send negative for processing for target\site\serenity\be16b2716b183afd329ed8ee5b025fb82c2d6372e88c76eeb1b56f8cc02e3706.png
16:12:22.303 [main] DEBUG net.thucydides.core.steps.StepInterceptor - STEP DONE: validateTheProduct
  &amp#27;[32mAnd &amp#27;[0m&amp#27;[32mI choose the product&amp#27;[0m                                &amp#27;[90m# starter.stepdefinitions.ProductSteps.chooseTheProduct()&amp#27;[0m
16:12:22.304 [Darkroom Processing Line] DEBUG net.serenitybdd.core.photography.DarkroomProcessingLine - Processing screenshot image in /var/screenshots/screenshot-15330521070212825926
16:12:22.304 [Darkroom Processing Line] DEBUG net.serenitybdd.core.photography.DarkroomProcessingLine - Saving screenshot to target\site\serenity\be16b2716b183afd329ed8ee5b025fb82c2d6372e88c76eeb1b56f8cc02e3706.png
16:12:22.309 [Forwarding getPageSource on session 1048f5c0621064d342726192b26a1c94 to remote] DEBUG org.asynchttpclient.netty.request.NettyRequestSender - Using pooled Channel '[id: 0xd923dc32, L:/127.0.0.1:51330 - R:localhost/127.0.0.1:34301]' for 'POST' to 'http://localhost:34301/session/1048f5c0621064d342726192b26a1c94/execute/sync'
16:12:22.309 [Forwarding getPageSource on session 1048f5c0621064d342726192b26a1c94 to remote] DEBUG org.asynchttpclient.netty.request.NettyRequestSender - Using open Channel [id: 0xd923dc32, L:/127.0.0.1:51330 - R:localhost/127.0.0.1:34301] for POST '/session/1048f5c0621064d342726192b26a1c94/execute/sync'
16:12:22.336 [AsyncHttpClient-1-32] DEBUG org.asynchttpclient.netty.handler.HttpHandler - 

Request DefaultHttpRequest(decodeResult: success, version: HTTP/1.1)
POST /session/1048f5c0621064d342726192b26a1c94/execute/sync HTTP/1.1
User-Agent: selenium/4.8.1 (java windows)
Content-Length: 176
Content-Type: application/json; charset=utf-8
host: localhost:34301
accept: */*

Response DefaultHttpResponse(decodeResult: success, version: HTTP/1.1)
HTTP/1.1 200 OK
Content-Length: 654348
Content-Type: application/json; charset=utf-8
cache-control: no-cache

16:12:22.339 [AsyncHttpClient-1-32] DEBUG org.asynchttpclient.netty.channel.ChannelManager - Adding key: http://localhost:34301 for channel [id: 0xd923dc32, L:/127.0.0.1:51330 - R:localhost/127.0.0.1:34301]
16:12:22.402 [Forwarding getCurrentUrl on session 1048f5c0621064d342726192b26a1c94 to remote] DEBUG org.asynchttpclient.netty.request.NettyRequestSender - Using pooled Channel '[id: 0xd923dc32, L:/127.0.0.1:51330 - R:localhost/127.0.0.1:34301]' for 'GET' to 'http://localhost:34301/session/1048f5c0621064d342726192b26a1c94/url'
16:12:22.402 [Forwarding getCurrentUrl on session 1048f5c0621064d342726192b26a1c94 to remote] DEBUG org.asynchttpclient.netty.request.NettyRequestSender - Using open Channel [id: 0xd923dc32, L:/127.0.0.1:51330 - R:localhost/127.0.0.1:34301] for GET '/session/1048f5c0621064d342726192b26a1c94/url'
16:12:22.405 [AsyncHttpClient-1-32] DEBUG org.asynchttpclient.netty.handler.HttpHandler - 

Request DefaultFullHttpRequest(decodeResult: success, version: HTTP/1.1, content: EmptyByteBufBE)
GET /session/1048f5c0621064d342726192b26a1c94/url HTTP/1.1
User-Agent: selenium/4.8.1 (java windows)
Cache-Control: no-cache
Content-Type: application/json; charset=utf-8
host: localhost:34301
accept: */*

Response DefaultHttpResponse(decodeResult: success, version: HTTP/1.1)
HTTP/1.1 200 OK
Content-Length: 41
Content-Type: application/json; charset=utf-8
cache-control: no-cache

16:12:22.405 [AsyncHttpClient-1-32] DEBUG org.asynchttpclient.netty.channel.ChannelManager - Adding key: http://localhost:34301 for channel [id: 0xd923dc32, L:/127.0.0.1:51330 - R:localhost/127.0.0.1:34301]
16:12:22.415 [Forwarding getAlertText on session 1048f5c0621064d342726192b26a1c94 to remote] DEBUG org.asynchttpclient.netty.request.NettyRequestSender - Using pooled Channel '[id: 0xd923dc32, L:/127.0.0.1:51330 - R:localhost/127.0.0.1:34301]' for 'GET' to 'http://localhost:34301/session/1048f5c0621064d342726192b26a1c94/alert/text'
16:12:22.415 [Forwarding getAlertText on session 1048f5c0621064d342726192b26a1c94 to remote] DEBUG org.asynchttpclient.netty.request.NettyRequestSender - Using open Channel [id: 0xd923dc32, L:/127.0.0.1:51330 - R:localhost/127.0.0.1:34301] for GET '/session/1048f5c0621064d342726192b26a1c94/alert/text'
16:12:22.417 [AsyncHttpClient-1-32] DEBUG org.asynchttpclient.netty.handler.HttpHandler - 

Request DefaultFullHttpRequest(decodeResult: success, version: HTTP/1.1, content: EmptyByteBufBE)
GET /session/1048f5c0621064d342726192b26a1c94/alert/text HTTP/1.1
User-Agent: selenium/4.8.1 (java windows)
Cache-Control: no-cache
Content-Type: application/json; charset=utf-8
host: localhost:34301
accept: */*

Response DefaultHttpResponse(decodeResult: success, version: HTTP/1.1)
HTTP/1.1 404 Not Found
Content-Length: 836
Content-Type: application/json; charset=utf-8
cache-control: no-cache

16:12:22.417 [AsyncHttpClient-1-32] DEBUG org.asynchttpclient.netty.channel.ChannelManager - Adding key: http://localhost:34301 for channel [id: 0xd923dc32, L:/127.0.0.1:51330 - R:localhost/127.0.0.1:34301]
16:12:22.417 [Forwarding getCurrentUrl on session 1048f5c0621064d342726192b26a1c94 to remote] DEBUG org.asynchttpclient.netty.request.NettyRequestSender - Using pooled Channel '[id: 0xd923dc32, L:/127.0.0.1:51330 - R:localhost/127.0.0.1:34301]' for 'GET' to 'http://localhost:34301/session/1048f5c0621064d342726192b26a1c94/url'
16:12:22.417 [Forwarding getCurrentUrl on session 1048f5c0621064d342726192b26a1c94 to remote] DEBUG org.asynchttpclient.netty.request.NettyRequestSender - Using open Channel [id: 0xd923dc32, L:/127.0.0.1:51330 - R:localhost/127.0.0.1:34301] for GET '/session/1048f5c0621064d342726192b26a1c94/url'
16:12:22.420 [AsyncHttpClient-1-32] DEBUG org.asynchttpclient.netty.handler.HttpHandler - 

Request DefaultFullHttpRequest(decodeResult: success, version: HTTP/1.1, content: EmptyByteBufBE)
GET /session/1048f5c0621064d342726192b26a1c94/url HTTP/1.1
User-Agent: selenium/4.8.1 (java windows)
Cache-Control: no-cache
Content-Type: application/json; charset=utf-8
host: localhost:34301
accept: */*

Response DefaultHttpResponse(decodeResult: success, version: HTTP/1.1)
HTTP/1.1 200 OK
Content-Length: 41
Content-Type: application/json; charset=utf-8
cache-control: no-cache

16:12:22.421 [AsyncHttpClient-1-32] DEBUG org.asynchttpclient.netty.channel.ChannelManager - Adding key: http://localhost:34301 for channel [id: 0xd923dc32, L:/127.0.0.1:51330 - R:localhost/127.0.0.1:34301]
16:12:22.421 [Forwarding screenshot on session 1048f5c0621064d342726192b26a1c94 to remote] DEBUG org.asynchttpclient.netty.request.NettyRequestSender - Using pooled Channel '[id: 0xd923dc32, L:/127.0.0.1:51330 - R:localhost/127.0.0.1:34301]' for 'GET' to 'http://localhost:34301/session/1048f5c0621064d342726192b26a1c94/screenshot'
16:12:22.421 [Forwarding screenshot on session 1048f5c0621064d342726192b26a1c94 to remote] DEBUG org.asynchttpclient.netty.request.NettyRequestSender - Using open Channel [id: 0xd923dc32, L:/127.0.0.1:51330 - R:localhost/127.0.0.1:34301] for GET '/session/1048f5c0621064d342726192b26a1c94/screenshot'
16:12:22.457 [AsyncHttpClient-1-1] DEBUG org.asynchttpclient.netty.channel.DefaultChannelPool - Entry count for : http://localhost:51331 : 1
16:12:22.480 [AsyncHttpClient-1-32] DEBUG org.asynchttpclient.netty.handler.HttpHandler - 

Request DefaultFullHttpRequest(decodeResult: success, version: HTTP/1.1, content: EmptyByteBufBE)
GET /session/1048f5c0621064d342726192b26a1c94/screenshot HTTP/1.1
User-Agent: selenium/4.8.1 (java windows)
Cache-Control: no-cache
Content-Type: application/json; charset=utf-8
host: localhost:34301
accept: */*

Response DefaultHttpResponse(decodeResult: success, version: HTTP/1.1)
HTTP/1.1 200 OK
Content-Length: 85756
Content-Type: application/json; charset=utf-8
cache-control: no-cache

16:12:22.480 [AsyncHttpClient-1-32] DEBUG org.asynchttpclient.netty.channel.ChannelManager - Adding key: http://localhost:34301 for channel [id: 0xd923dc32, L:/127.0.0.1:51330 - R:localhost/127.0.0.1:34301]
16:12:22.483 [main] DEBUG net.serenitybdd.core.photography.Darkroom - Send negative for processing for target\site\serenity\be16b2716b183afd329ed8ee5b025fb82c2d6372e88c76eeb1b56f8cc02e3706.png
16:12:22.484 [Forwarding getPageSource on session 1048f5c0621064d342726192b26a1c94 to remote] DEBUG org.asynchttpclient.netty.request.NettyRequestSender - Using pooled Channel '[id: 0xd923dc32, L:/127.0.0.1:51330 - R:localhost/127.0.0.1:34301]' for 'POST' to 'http://localhost:34301/session/1048f5c0621064d342726192b26a1c94/execute/sync'
16:12:22.484 [Forwarding getPageSource on session 1048f5c0621064d342726192b26a1c94 to remote] DEBUG org.asynchttpclient.netty.request.NettyRequestSender - Using open Channel [id: 0xd923dc32, L:/127.0.0.1:51330 - R:localhost/127.0.0.1:34301] for POST '/session/1048f5c0621064d342726192b26a1c94/execute/sync'
16:12:22.512 [AsyncHttpClient-1-32] DEBUG org.asynchttpclient.netty.handler.HttpHandler - 

Request DefaultHttpRequest(decodeResult: success, version: HTTP/1.1)
POST /session/1048f5c0621064d342726192b26a1c94/execute/sync HTTP/1.1
User-Agent: selenium/4.8.1 (java windows)
Content-Length: 176
Content-Type: application/json; charset=utf-8
host: localhost:34301
accept: */*

Response DefaultHttpResponse(decodeResult: success, version: HTTP/1.1)
HTTP/1.1 200 OK
Content-Length: 654348
Content-Type: application/json; charset=utf-8
cache-control: no-cache

16:12:22.513 [AsyncHttpClient-1-32] DEBUG org.asynchttpclient.netty.channel.ChannelManager - Adding key: http://localhost:34301 for channel [id: 0xd923dc32, L:/127.0.0.1:51330 - R:localhost/127.0.0.1:34301]
16:12:22.568 [Forwarding getCurrentUrl on session 1048f5c0621064d342726192b26a1c94 to remote] DEBUG org.asynchttpclient.netty.request.NettyRequestSender - Using pooled Channel '[id: 0xd923dc32, L:/127.0.0.1:51330 - R:localhost/127.0.0.1:34301]' for 'GET' to 'http://localhost:34301/session/1048f5c0621064d342726192b26a1c94/url'
16:12:22.568 [Forwarding getCurrentUrl on session 1048f5c0621064d342726192b26a1c94 to remote] DEBUG org.asynchttpclient.netty.request.NettyRequestSender - Using open Channel [id: 0xd923dc32, L:/127.0.0.1:51330 - R:localhost/127.0.0.1:34301] for GET '/session/1048f5c0621064d342726192b26a1c94/url'
16:12:22.572 [AsyncHttpClient-1-32] DEBUG org.asynchttpclient.netty.handler.HttpHandler - 

Request DefaultFullHttpRequest(decodeResult: success, version: HTTP/1.1, content: EmptyByteBufBE)
GET /session/1048f5c0621064d342726192b26a1c94/url HTTP/1.1
User-Agent: selenium/4.8.1 (java windows)
Cache-Control: no-cache
Content-Type: application/json; charset=utf-8
host: localhost:34301
accept: */*

Response DefaultHttpResponse(decodeResult: success, version: HTTP/1.1)
HTTP/1.1 200 OK
Content-Length: 41
Content-Type: application/json; charset=utf-8
cache-control: no-cache

16:12:22.572 [AsyncHttpClient-1-32] DEBUG org.asynchttpclient.netty.channel.ChannelManager - Adding key: http://localhost:34301 for channel [id: 0xd923dc32, L:/127.0.0.1:51330 - R:localhost/127.0.0.1:34301]
16:12:22.575 [main] DEBUG net.thucydides.core.steps.StepInterceptor - STARTING STEP: ProductSteps.clickBeliButton - clickBeliButton
16:12:22.577 [Forwarding findElement on session 1048f5c0621064d342726192b26a1c94 to remote] DEBUG org.asynchttpclient.netty.request.NettyRequestSender - Using pooled Channel '[id: 0xd923dc32, L:/127.0.0.1:51330 - R:localhost/127.0.0.1:34301]' for 'POST' to 'http://localhost:34301/session/1048f5c0621064d342726192b26a1c94/element'
16:12:22.577 [Forwarding findElement on session 1048f5c0621064d342726192b26a1c94 to remote] DEBUG org.asynchttpclient.netty.request.NettyRequestSender - Using open Channel [id: 0xd923dc32, L:/127.0.0.1:51330 - R:localhost/127.0.0.1:34301] for POST '/session/1048f5c0621064d342726192b26a1c94/element'
16:12:22.589 [AsyncHttpClient-1-32] DEBUG org.asynchttpclient.netty.handler.HttpHandler - 

Request DefaultHttpRequest(decodeResult: success, version: HTTP/1.1)
POST /session/1048f5c0621064d342726192b26a1c94/element HTTP/1.1
User-Agent: selenium/4.8.1 (java windows)
Content-Length: 173
Content-Type: application/json; charset=utf-8
host: localhost:34301
accept: */*

Response DefaultHttpResponse(decodeResult: success, version: HTTP/1.1)
HTTP/1.1 200 OK
Content-Length: 88
Content-Type: application/json; charset=utf-8
cache-control: no-cache

16:12:22.589 [AsyncHttpClient-1-32] DEBUG org.asynchttpclient.netty.channel.ChannelManager - Adding key: http://localhost:34301 for channel [id: 0xd923dc32, L:/127.0.0.1:51330 - R:localhost/127.0.0.1:34301]
16:12:22.590 [Forwarding getElementTagName on session 1048f5c0621064d342726192b26a1c94 to remote] DEBUG org.asynchttpclient.netty.request.NettyRequestSender - Using pooled Channel '[id: 0xd923dc32, L:/127.0.0.1:51330 - R:localhost/127.0.0.1:34301]' for 'GET' to 'http://localhost:34301/session/1048f5c0621064d342726192b26a1c94/element/4ddee732-ad06-4595-9064-aff9d7f1e170/name'
16:12:22.590 [Forwarding getElementTagName on session 1048f5c0621064d342726192b26a1c94 to remote] DEBUG org.asynchttpclient.netty.request.NettyRequestSender - Using open Channel [id: 0xd923dc32, L:/127.0.0.1:51330 - R:localhost/127.0.0.1:34301] for GET '/session/1048f5c0621064d342726192b26a1c94/element/4ddee732-ad06-4595-9064-aff9d7f1e170/name'
16:12:22.594 [AsyncHttpClient-1-32] DEBUG org.asynchttpclient.netty.handler.HttpHandler - 

Request DefaultFullHttpRequest(decodeResult: success, version: HTTP/1.1, content: EmptyByteBufBE)
GET /session/1048f5c0621064d342726192b26a1c94/element/4ddee732-ad06-4595-9064-aff9d7f1e170/name HTTP/1.1
User-Agent: selenium/4.8.1 (java windows)
Cache-Control: no-cache
Content-Type: application/json; charset=utf-8
host: localhost:34301
accept: */*

Response DefaultHttpResponse(decodeResult: success, version: HTTP/1.1)
HTTP/1.1 200 OK
Content-Length: 18
Content-Type: application/json; charset=utf-8
cache-control: no-cache

16:12:22.594 [AsyncHttpClient-1-32] DEBUG org.asynchttpclient.netty.channel.ChannelManager - Adding key: http://localhost:34301 for channel [id: 0xd923dc32, L:/127.0.0.1:51330 - R:localhost/127.0.0.1:34301]
16:12:22.594 [Forwarding getElementTagName on session 1048f5c0621064d342726192b26a1c94 to remote] DEBUG org.asynchttpclient.netty.request.NettyRequestSender - Using pooled Channel '[id: 0xd923dc32, L:/127.0.0.1:51330 - R:localhost/127.0.0.1:34301]' for 'GET' to 'http://localhost:34301/session/1048f5c0621064d342726192b26a1c94/element/4ddee732-ad06-4595-9064-aff9d7f1e170/name'
16:12:22.594 [Forwarding getElementTagName on session 1048f5c0621064d342726192b26a1c94 to remote] DEBUG org.asynchttpclient.netty.request.NettyRequestSender - Using open Channel [id: 0xd923dc32, L:/127.0.0.1:51330 - R:localhost/127.0.0.1:34301] for GET '/session/1048f5c0621064d342726192b26a1c94/element/4ddee732-ad06-4595-9064-aff9d7f1e170/name'
16:12:22.597 [AsyncHttpClient-1-32] DEBUG org.asynchttpclient.netty.handler.HttpHandler - 

Request DefaultFullHttpRequest(decodeResult: success, version: HTTP/1.1, content: EmptyByteBufBE)
GET /session/1048f5c0621064d342726192b26a1c94/element/4ddee732-ad06-4595-9064-aff9d7f1e170/name HTTP/1.1
User-Agent: selenium/4.8.1 (java windows)
Cache-Control: no-cache
Content-Type: application/json; charset=utf-8
host: localhost:34301
accept: */*

Response DefaultHttpResponse(decodeResult: success, version: HTTP/1.1)
HTTP/1.1 200 OK
Content-Length: 18
Content-Type: application/json; charset=utf-8
cache-control: no-cache

16:12:22.597 [AsyncHttpClient-1-32] DEBUG org.asynchttpclient.netty.channel.ChannelManager - Adding key: http://localhost:34301 for channel [id: 0xd923dc32, L:/127.0.0.1:51330 - R:localhost/127.0.0.1:34301]
16:12:22.599 [Forwarding isElementEnabled on session 1048f5c0621064d342726192b26a1c94 to remote] DEBUG org.asynchttpclient.netty.request.NettyRequestSender - Using pooled Channel '[id: 0xd923dc32, L:/127.0.0.1:51330 - R:localhost/127.0.0.1:34301]' for 'GET' to 'http://localhost:34301/session/1048f5c0621064d342726192b26a1c94/element/4ddee732-ad06-4595-9064-aff9d7f1e170/enabled'
16:12:22.599 [Forwarding isElementEnabled on session 1048f5c0621064d342726192b26a1c94 to remote] DEBUG org.asynchttpclient.netty.request.NettyRequestSender - Using open Channel [id: 0xd923dc32, L:/127.0.0.1:51330 - R:localhost/127.0.0.1:34301] for GET '/session/1048f5c0621064d342726192b26a1c94/element/4ddee732-ad06-4595-9064-aff9d7f1e170/enabled'
16:12:22.605 [AsyncHttpClient-1-32] DEBUG org.asynchttpclient.netty.handler.HttpHandler - 

Request DefaultFullHttpRequest(decodeResult: success, version: HTTP/1.1, content: EmptyByteBufBE)
GET /session/1048f5c0621064d342726192b26a1c94/element/4ddee732-ad06-4595-9064-aff9d7f1e170/enabled HTTP/1.1
User-Agent: selenium/4.8.1 (java windows)
Cache-Control: no-cache
Content-Type: application/json; charset=utf-8
host: localhost:34301
accept: */*

Response DefaultHttpResponse(decodeResult: success, version: HTTP/1.1)
HTTP/1.1 200 OK
Content-Length: 14
Content-Type: application/json; charset=utf-8
cache-control: no-cache

16:12:22.605 [AsyncHttpClient-1-32] DEBUG org.asynchttpclient.netty.channel.ChannelManager - Adding key: http://localhost:34301 for channel [id: 0xd923dc32, L:/127.0.0.1:51330 - R:localhost/127.0.0.1:34301]
16:12:22.606 [Forwarding isElementEnabled on session 1048f5c0621064d342726192b26a1c94 to remote] DEBUG org.asynchttpclient.netty.request.NettyRequestSender - Using pooled Channel '[id: 0xd923dc32, L:/127.0.0.1:51330 - R:localhost/127.0.0.1:34301]' for 'GET' to 'http://localhost:34301/session/1048f5c0621064d342726192b26a1c94/element/4ddee732-ad06-4595-9064-aff9d7f1e170/enabled'
16:12:22.606 [Forwarding isElementEnabled on session 1048f5c0621064d342726192b26a1c94 to remote] DEBUG org.asynchttpclient.netty.request.NettyRequestSender - Using open Channel [id: 0xd923dc32, L:/127.0.0.1:51330 - R:localhost/127.0.0.1:34301] for GET '/session/1048f5c0621064d342726192b26a1c94/element/4ddee732-ad06-4595-9064-aff9d7f1e170/enabled'
16:12:22.610 [AsyncHttpClient-1-32] DEBUG org.asynchttpclient.netty.handler.HttpHandler - 

Request DefaultFullHttpRequest(decodeResult: success, version: HTTP/1.1, content: EmptyByteBufBE)
GET /session/1048f5c0621064d342726192b26a1c94/element/4ddee732-ad06-4595-9064-aff9d7f1e170/enabled HTTP/1.1
User-Agent: selenium/4.8.1 (java windows)
Cache-Control: no-cache
Content-Type: application/json; charset=utf-8
host: localhost:34301
accept: */*

Response DefaultHttpResponse(decodeResult: success, version: HTTP/1.1)
HTTP/1.1 200 OK
Content-Length: 14
Content-Type: application/json; charset=utf-8
cache-control: no-cache

16:12:22.610 [AsyncHttpClient-1-32] DEBUG org.asynchttpclient.netty.channel.ChannelManager - Adding key: http://localhost:34301 for channel [id: 0xd923dc32, L:/127.0.0.1:51330 - R:localhost/127.0.0.1:34301]
16:12:22.611 [Forwarding findElement on session 1048f5c0621064d342726192b26a1c94 to remote] DEBUG org.asynchttpclient.netty.request.NettyRequestSender - Using pooled Channel '[id: 0xd923dc32, L:/127.0.0.1:51330 - R:localhost/127.0.0.1:34301]' for 'POST' to 'http://localhost:34301/session/1048f5c0621064d342726192b26a1c94/element'
16:12:22.611 [Forwarding findElement on session 1048f5c0621064d342726192b26a1c94 to remote] DEBUG org.asynchttpclient.netty.request.NettyRequestSender - Using open Channel [id: 0xd923dc32, L:/127.0.0.1:51330 - R:localhost/127.0.0.1:34301] for POST '/session/1048f5c0621064d342726192b26a1c94/element'
16:12:22.619 [AsyncHttpClient-1-32] DEBUG org.asynchttpclient.netty.handler.HttpHandler - 

Request DefaultHttpRequest(decodeResult: success, version: HTTP/1.1)
POST /session/1048f5c0621064d342726192b26a1c94/element HTTP/1.1
User-Agent: selenium/4.8.1 (java windows)
Content-Length: 173
Content-Type: application/json; charset=utf-8
host: localhost:34301
accept: */*

Response DefaultHttpResponse(decodeResult: success, version: HTTP/1.1)
HTTP/1.1 200 OK
Content-Length: 88
Content-Type: application/json; charset=utf-8
cache-control: no-cache

16:12:22.619 [AsyncHttpClient-1-32] DEBUG org.asynchttpclient.netty.channel.ChannelManager - Adding key: http://localhost:34301 for channel [id: 0xd923dc32, L:/127.0.0.1:51330 - R:localhost/127.0.0.1:34301]
16:12:22.620 [Forwarding clickElement on session 1048f5c0621064d342726192b26a1c94 to remote] DEBUG org.asynchttpclient.netty.request.NettyRequestSender - Using pooled Channel '[id: 0xd923dc32, L:/127.0.0.1:51330 - R:localhost/127.0.0.1:34301]' for 'POST' to 'http://localhost:34301/session/1048f5c0621064d342726192b26a1c94/element/4ddee732-ad06-4595-9064-aff9d7f1e170/click'
16:12:22.620 [Forwarding clickElement on session 1048f5c0621064d342726192b26a1c94 to remote] DEBUG org.asynchttpclient.netty.request.NettyRequestSender - Using open Channel [id: 0xd923dc32, L:/127.0.0.1:51330 - R:localhost/127.0.0.1:34301] for POST '/session/1048f5c0621064d342726192b26a1c94/element/4ddee732-ad06-4595-9064-aff9d7f1e170/click'
16:12:22.687 [AsyncHttpClient-1-32] DEBUG org.asynchttpclient.netty.handler.HttpHandler - 

Request DefaultHttpRequest(decodeResult: success, version: HTTP/1.1)
POST /session/1048f5c0621064d342726192b26a1c94/element/4ddee732-ad06-4595-9064-aff9d7f1e170/click HTTP/1.1
User-Agent: selenium/4.8.1 (java windows)
Content-Length: 50
Content-Type: application/json; charset=utf-8
host: localhost:34301
accept: */*

Response DefaultHttpResponse(decodeResult: success, version: HTTP/1.1)
HTTP/1.1 200 OK
Content-Length: 14
Content-Type: application/json; charset=utf-8
cache-control: no-cache

16:12:22.687 [AsyncHttpClient-1-32] DEBUG org.asynchttpclient.netty.channel.ChannelManager - Adding key: http://localhost:34301 for channel [id: 0xd923dc32, L:/127.0.0.1:51330 - R:localhost/127.0.0.1:34301]
16:12:22.692 [Forwarding getAlertText on session 1048f5c0621064d342726192b26a1c94 to remote] DEBUG org.asynchttpclient.netty.request.NettyRequestSender - Using pooled Channel '[id: 0xd923dc32, L:/127.0.0.1:51330 - R:localhost/127.0.0.1:34301]' for 'GET' to 'http://localhost:34301/session/1048f5c0621064d342726192b26a1c94/alert/text'
16:12:22.693 [Forwarding getAlertText on session 1048f5c0621064d342726192b26a1c94 to remote] DEBUG org.asynchttpclient.netty.request.NettyRequestSender - Using open Channel [id: 0xd923dc32, L:/127.0.0.1:51330 - R:localhost/127.0.0.1:34301] for GET '/session/1048f5c0621064d342726192b26a1c94/alert/text'
16:12:22.694 [AsyncHttpClient-1-32] DEBUG org.asynchttpclient.netty.handler.HttpHandler - 

Request DefaultFullHttpRequest(decodeResult: success, version: HTTP/1.1, content: EmptyByteBufBE)
GET /session/1048f5c0621064d342726192b26a1c94/alert/text HTTP/1.1
User-Agent: selenium/4.8.1 (java windows)
Cache-Control: no-cache
Content-Type: application/json; charset=utf-8
host: localhost:34301
accept: */*

Response DefaultHttpResponse(decodeResult: success, version: HTTP/1.1)
HTTP/1.1 404 Not Found
Content-Length: 836
Content-Type: application/json; charset=utf-8
cache-control: no-cache

16:12:22.694 [AsyncHttpClient-1-32] DEBUG org.asynchttpclient.netty.channel.ChannelManager - Adding key: http://localhost:34301 for channel [id: 0xd923dc32, L:/127.0.0.1:51330 - R:localhost/127.0.0.1:34301]
16:12:22.695 [Forwarding getCurrentUrl on session 1048f5c0621064d342726192b26a1c94 to remote] DEBUG org.asynchttpclient.netty.request.NettyRequestSender - Using pooled Channel '[id: 0xd923dc32, L:/127.0.0.1:51330 - R:localhost/127.0.0.1:34301]' for 'GET' to 'http://localhost:34301/session/1048f5c0621064d342726192b26a1c94/url'
16:12:22.695 [Forwarding getCurrentUrl on session 1048f5c0621064d342726192b26a1c94 to remote] DEBUG org.asynchttpclient.netty.request.NettyRequestSender - Using open Channel [id: 0xd923dc32, L:/127.0.0.1:51330 - R:localhost/127.0.0.1:34301] for GET '/session/1048f5c0621064d342726192b26a1c94/url'
16:12:22.698 [AsyncHttpClient-1-32] DEBUG org.asynchttpclient.netty.handler.HttpHandler - 

Request DefaultFullHttpRequest(decodeResult: success, version: HTTP/1.1, content: EmptyByteBufBE)
GET /session/1048f5c0621064d342726192b26a1c94/url HTTP/1.1
User-Agent: selenium/4.8.1 (java windows)
Cache-Control: no-cache
Content-Type: application/json; charset=utf-8
host: localhost:34301
accept: */*

Response DefaultHttpResponse(decodeResult: success, version: HTTP/1.1)
HTTP/1.1 200 OK
Content-Length: 41
Content-Type: application/json; charset=utf-8
cache-control: no-cache

16:12:22.698 [AsyncHttpClient-1-32] DEBUG org.asynchttpclient.netty.channel.ChannelManager - Adding key: http://localhost:34301 for channel [id: 0xd923dc32, L:/127.0.0.1:51330 - R:localhost/127.0.0.1:34301]
16:12:22.698 [Forwarding screenshot on session 1048f5c0621064d342726192b26a1c94 to remote] DEBUG org.asynchttpclient.netty.request.NettyRequestSender - Using pooled Channel '[id: 0xd923dc32, L:/127.0.0.1:51330 - R:localhost/127.0.0.1:34301]' for 'GET' to 'http://localhost:34301/session/1048f5c0621064d342726192b26a1c94/screenshot'
16:12:22.698 [Forwarding screenshot on session 1048f5c0621064d342726192b26a1c94 to remote] DEBUG org.asynchttpclient.netty.request.NettyRequestSender - Using open Channel [id: 0xd923dc32, L:/127.0.0.1:51330 - R:localhost/127.0.0.1:34301] for GET '/session/1048f5c0621064d342726192b26a1c94/screenshot'
16:12:22.789 [AsyncHttpClient-1-32] DEBUG org.asynchttpclient.netty.handler.HttpHandler - 

Request DefaultFullHttpRequest(decodeResult: success, version: HTTP/1.1, content: EmptyByteBufBE)
GET /session/1048f5c0621064d342726192b26a1c94/screenshot HTTP/1.1
User-Agent: selenium/4.8.1 (java windows)
Cache-Control: no-cache
Content-Type: application/json; charset=utf-8
host: localhost:34301
accept: */*

Response DefaultHttpResponse(decodeResult: success, version: HTTP/1.1)
HTTP/1.1 200 OK
Content-Length: 87340
Content-Type: application/json; charset=utf-8
cache-control: no-cache

16:12:22.789 [AsyncHttpClient-1-32] DEBUG org.asynchttpclient.netty.channel.ChannelManager - Adding key: http://localhost:34301 for channel [id: 0xd923dc32, L:/127.0.0.1:51330 - R:localhost/127.0.0.1:34301]
16:12:22.791 [main] DEBUG net.serenitybdd.core.photography.Darkroom - Send negative for processing for target\site\serenity\cd7a3786b75d7890544f8100141e2dfbd099c90c1e5ff2578d153ff2fc721270.png
16:12:22.791 [main] DEBUG net.thucydides.core.steps.StepInterceptor - STEP DONE: clickBeliButton
  &amp#27;[32mWhen &amp#27;[0m&amp#27;[32mI click BELI button from the product&amp#27;[0m               &amp#27;[90m# starter.stepdefinitions.ProductSteps.clickBeliButton()&amp#27;[0m
16:12:22.791 [Darkroom Processing Line] DEBUG net.serenitybdd.core.photography.DarkroomProcessingLine - Processing screenshot image in /var/screenshots/screenshot-9695065491453650554
16:12:22.791 [Darkroom Processing Line] DEBUG net.serenitybdd.core.photography.DarkroomProcessingLine - Saving screenshot to target\site\serenity\cd7a3786b75d7890544f8100141e2dfbd099c90c1e5ff2578d153ff2fc721270.png
16:12:22.798 [Forwarding getPageSource on session 1048f5c0621064d342726192b26a1c94 to remote] DEBUG org.asynchttpclient.netty.request.NettyRequestSender - Using pooled Channel '[id: 0xd923dc32, L:/127.0.0.1:51330 - R:localhost/127.0.0.1:34301]' for 'POST' to 'http://localhost:34301/session/1048f5c0621064d342726192b26a1c94/execute/sync'
16:12:22.798 [Forwarding getPageSource on session 1048f5c0621064d342726192b26a1c94 to remote] DEBUG org.asynchttpclient.netty.request.NettyRequestSender - Using open Channel [id: 0xd923dc32, L:/127.0.0.1:51330 - R:localhost/127.0.0.1:34301] for POST '/session/1048f5c0621064d342726192b26a1c94/execute/sync'
16:12:22.832 [AsyncHttpClient-1-32] DEBUG org.asynchttpclient.netty.handler.HttpHandler - 

Request DefaultHttpRequest(decodeResult: success, version: HTTP/1.1)
POST /session/1048f5c0621064d342726192b26a1c94/execute/sync HTTP/1.1
User-Agent: selenium/4.8.1 (java windows)
Content-Length: 176
Content-Type: application/json; charset=utf-8
host: localhost:34301
accept: */*

Response DefaultHttpResponse(decodeResult: success, version: HTTP/1.1)
HTTP/1.1 200 OK
Content-Length: 654733
Content-Type: application/json; charset=utf-8
cache-control: no-cache

16:12:22.832 [AsyncHttpClient-1-32] DEBUG org.asynchttpclient.netty.channel.ChannelManager - Adding key: http://localhost:34301 for channel [id: 0xd923dc32, L:/127.0.0.1:51330 - R:localhost/127.0.0.1:34301]
16:12:22.880 [Forwarding getCurrentUrl on session 1048f5c0621064d342726192b26a1c94 to remote] DEBUG org.asynchttpclient.netty.request.NettyRequestSender - Using pooled Channel '[id: 0xd923dc32, L:/127.0.0.1:51330 - R:localhost/127.0.0.1:34301]' for 'GET' to 'http://localhost:34301/session/1048f5c0621064d342726192b26a1c94/url'
16:12:22.880 [Forwarding getCurrentUrl on session 1048f5c0621064d342726192b26a1c94 to remote] DEBUG org.asynchttpclient.netty.request.NettyRequestSender - Using open Channel [id: 0xd923dc32, L:/127.0.0.1:51330 - R:localhost/127.0.0.1:34301] for GET '/session/1048f5c0621064d342726192b26a1c94/url'
16:12:22.889 [AsyncHttpClient-1-32] DEBUG org.asynchttpclient.netty.handler.HttpHandler - 

Request DefaultFullHttpRequest(decodeResult: success, version: HTTP/1.1, content: EmptyByteBufBE)
GET /session/1048f5c0621064d342726192b26a1c94/url HTTP/1.1
User-Agent: selenium/4.8.1 (java windows)
Cache-Control: no-cache
Content-Type: application/json; charset=utf-8
host: localhost:34301
accept: */*

Response DefaultHttpResponse(decodeResult: success, version: HTTP/1.1)
HTTP/1.1 200 OK
Content-Length: 41
Content-Type: application/json; charset=utf-8
cache-control: no-cache

16:12:22.889 [AsyncHttpClient-1-32] DEBUG org.asynchttpclient.netty.channel.ChannelManager - Adding key: http://localhost:34301 for channel [id: 0xd923dc32, L:/127.0.0.1:51330 - R:localhost/127.0.0.1:34301]
16:12:22.896 [Forwarding getAlertText on session 1048f5c0621064d342726192b26a1c94 to remote] DEBUG org.asynchttpclient.netty.request.NettyRequestSender - Using pooled Channel '[id: 0xd923dc32, L:/127.0.0.1:51330 - R:localhost/127.0.0.1:34301]' for 'GET' to 'http://localhost:34301/session/1048f5c0621064d342726192b26a1c94/alert/text'
16:12:22.896 [Forwarding getAlertText on session 1048f5c0621064d342726192b26a1c94 to remote] DEBUG org.asynchttpclient.netty.request.NettyRequestSender - Using open Channel [id: 0xd923dc32, L:/127.0.0.1:51330 - R:localhost/127.0.0.1:34301] for GET '/session/1048f5c0621064d342726192b26a1c94/alert/text'
16:12:22.897 [AsyncHttpClient-1-32] DEBUG org.asynchttpclient.netty.handler.HttpHandler - 

Request DefaultFullHttpRequest(decodeResult: success, version: HTTP/1.1, content: EmptyByteBufBE)
GET /session/1048f5c0621064d342726192b26a1c94/alert/text HTTP/1.1
User-Agent: selenium/4.8.1 (java windows)
Cache-Control: no-cache
Content-Type: application/json; charset=utf-8
host: localhost:34301
accept: */*

Response DefaultHttpResponse(decodeResult: success, version: HTTP/1.1)
HTTP/1.1 404 Not Found
Content-Length: 836
Content-Type: application/json; charset=utf-8
cache-control: no-cache

16:12:22.897 [AsyncHttpClient-1-32] DEBUG org.asynchttpclient.netty.channel.ChannelManager - Adding key: http://localhost:34301 for channel [id: 0xd923dc32, L:/127.0.0.1:51330 - R:localhost/127.0.0.1:34301]
16:12:22.898 [Forwarding getCurrentUrl on session 1048f5c0621064d342726192b26a1c94 to remote] DEBUG org.asynchttpclient.netty.request.NettyRequestSender - Using pooled Channel '[id: 0xd923dc32, L:/127.0.0.1:51330 - R:localhost/127.0.0.1:34301]' for 'GET' to 'http://localhost:34301/session/1048f5c0621064d342726192b26a1c94/url'
16:12:22.898 [Forwarding getCurrentUrl on session 1048f5c0621064d342726192b26a1c94 to remote] DEBUG org.asynchttpclient.netty.request.NettyRequestSender - Using open Channel [id: 0xd923dc32, L:/127.0.0.1:51330 - R:localhost/127.0.0.1:34301] for GET '/session/1048f5c0621064d342726192b26a1c94/url'
16:12:22.903 [AsyncHttpClient-1-32] DEBUG org.asynchttpclient.netty.handler.HttpHandler - 

Request DefaultFullHttpRequest(decodeResult: success, version: HTTP/1.1, content: EmptyByteBufBE)
GET /session/1048f5c0621064d342726192b26a1c94/url HTTP/1.1
User-Agent: selenium/4.8.1 (java windows)
Cache-Control: no-cache
Content-Type: application/json; charset=utf-8
host: localhost:34301
accept: */*

Response DefaultHttpResponse(decodeResult: success, version: HTTP/1.1)
HTTP/1.1 200 OK
Content-Length: 41
Content-Type: application/json; charset=utf-8
cache-control: no-cache

16:12:22.903 [AsyncHttpClient-1-32] DEBUG org.asynchttpclient.netty.channel.ChannelManager - Adding key: http://localhost:34301 for channel [id: 0xd923dc32, L:/127.0.0.1:51330 - R:localhost/127.0.0.1:34301]
16:12:22.904 [Forwarding screenshot on session 1048f5c0621064d342726192b26a1c94 to remote] DEBUG org.asynchttpclient.netty.request.NettyRequestSender - Using pooled Channel '[id: 0xd923dc32, L:/127.0.0.1:51330 - R:localhost/127.0.0.1:34301]' for 'GET' to 'http://localhost:34301/session/1048f5c0621064d342726192b26a1c94/screenshot'
16:12:22.904 [Forwarding screenshot on session 1048f5c0621064d342726192b26a1c94 to remote] DEBUG org.asynchttpclient.netty.request.NettyRequestSender - Using open Channel [id: 0xd923dc32, L:/127.0.0.1:51330 - R:localhost/127.0.0.1:34301] for GET '/session/1048f5c0621064d342726192b26a1c94/screenshot'
16:12:23.016 [AsyncHttpClient-1-32] DEBUG org.asynchttpclient.netty.handler.HttpHandler - 

Request DefaultFullHttpRequest(decodeResult: success, version: HTTP/1.1, content: EmptyByteBufBE)
GET /session/1048f5c0621064d342726192b26a1c94/screenshot HTTP/1.1
User-Agent: selenium/4.8.1 (java windows)
Cache-Control: no-cache
Content-Type: application/json; charset=utf-8
host: localhost:34301
accept: */*

Response DefaultHttpResponse(decodeResult: success, version: HTTP/1.1)
HTTP/1.1 200 OK
Content-Length: 86932
Content-Type: application/json; charset=utf-8
cache-control: no-cache

16:12:23.016 [AsyncHttpClient-1-32] DEBUG org.asynchttpclient.netty.channel.ChannelManager - Adding key: http://localhost:34301 for channel [id: 0xd923dc32, L:/127.0.0.1:51330 - R:localhost/127.0.0.1:34301]
16:12:23.018 [main] DEBUG net.serenitybdd.core.photography.Darkroom - Send negative for processing for target\site\serenity\feed91bbc4f6c0069a31dde9d1adc3255acf970327674e74b749c10d03a4db47.png
16:12:23.019 [Darkroom Processing Line] DEBUG net.serenitybdd.core.photography.DarkroomProcessingLine - Processing screenshot image in /var/screenshots/screenshot-14955114395409871087
16:12:23.019 [Darkroom Processing Line] DEBUG net.serenitybdd.core.photography.DarkroomProcessingLine - Saving screenshot to target\site\serenity\feed91bbc4f6c0069a31dde9d1adc3255acf970327674e74b749c10d03a4db47.png
16:12:23.020 [Forwarding getPageSource on session 1048f5c0621064d342726192b26a1c94 to remote] DEBUG org.asynchttpclient.netty.request.NettyRequestSender - Using pooled Channel '[id: 0xd923dc32, L:/127.0.0.1:51330 - R:localhost/127.0.0.1:34301]' for 'POST' to 'http://localhost:34301/session/1048f5c0621064d342726192b26a1c94/execute/sync'
16:12:23.020 [Forwarding getPageSource on session 1048f5c0621064d342726192b26a1c94 to remote] DEBUG org.asynchttpclient.netty.request.NettyRequestSender - Using open Channel [id: 0xd923dc32, L:/127.0.0.1:51330 - R:localhost/127.0.0.1:34301] for POST '/session/1048f5c0621064d342726192b26a1c94/execute/sync'
16:12:23.064 [AsyncHttpClient-1-32] DEBUG org.asynchttpclient.netty.handler.HttpHandler - 

Request DefaultHttpRequest(decodeResult: success, version: HTTP/1.1)
POST /session/1048f5c0621064d342726192b26a1c94/execute/sync HTTP/1.1
User-Agent: selenium/4.8.1 (java windows)
Content-Length: 176
Content-Type: application/json; charset=utf-8
host: localhost:34301
accept: */*

Response DefaultHttpResponse(decodeResult: success, version: HTTP/1.1)
HTTP/1.1 200 OK
Content-Length: 654664
Content-Type: application/json; charset=utf-8
cache-control: no-cache

16:12:23.065 [AsyncHttpClient-1-32] DEBUG org.asynchttpclient.netty.channel.ChannelManager - Adding key: http://localhost:34301 for channel [id: 0xd923dc32, L:/127.0.0.1:51330 - R:localhost/127.0.0.1:34301]
16:12:23.110 [Forwarding getCurrentUrl on session 1048f5c0621064d342726192b26a1c94 to remote] DEBUG org.asynchttpclient.netty.request.NettyRequestSender - Using pooled Channel '[id: 0xd923dc32, L:/127.0.0.1:51330 - R:localhost/127.0.0.1:34301]' for 'GET' to 'http://localhost:34301/session/1048f5c0621064d342726192b26a1c94/url'
16:12:23.110 [Forwarding getCurrentUrl on session 1048f5c0621064d342726192b26a1c94 to remote] DEBUG org.asynchttpclient.netty.request.NettyRequestSender - Using open Channel [id: 0xd923dc32, L:/127.0.0.1:51330 - R:localhost/127.0.0.1:34301] for GET '/session/1048f5c0621064d342726192b26a1c94/url'
16:12:23.113 [AsyncHttpClient-1-32] DEBUG org.asynchttpclient.netty.handler.HttpHandler - 

Request DefaultFullHttpRequest(decodeResult: success, version: HTTP/1.1, content: EmptyByteBufBE)
GET /session/1048f5c0621064d342726192b26a1c94/url HTTP/1.1
User-Agent: selenium/4.8.1 (java windows)
Cache-Control: no-cache
Content-Type: application/json; charset=utf-8
host: localhost:34301
accept: */*

Response DefaultHttpResponse(decodeResult: success, version: HTTP/1.1)
HTTP/1.1 200 OK
Content-Length: 41
Content-Type: application/json; charset=utf-8
cache-control: no-cache

16:12:23.113 [AsyncHttpClient-1-32] DEBUG org.asynchttpclient.netty.channel.ChannelManager - Adding key: http://localhost:34301 for channel [id: 0xd923dc32, L:/127.0.0.1:51330 - R:localhost/127.0.0.1:34301]
16:12:23.116 [main] DEBUG net.thucydides.core.steps.StepInterceptor - STARTING STEP: ProductSteps.validateProductHasAdded - clickCartIcon
16:12:23.118 [Forwarding findElement on session 1048f5c0621064d342726192b26a1c94 to remote] DEBUG org.asynchttpclient.netty.request.NettyRequestSender - Using pooled Channel '[id: 0xd923dc32, L:/127.0.0.1:51330 - R:localhost/127.0.0.1:34301]' for 'POST' to 'http://localhost:34301/session/1048f5c0621064d342726192b26a1c94/element'
16:12:23.118 [Forwarding findElement on session 1048f5c0621064d342726192b26a1c94 to remote] DEBUG org.asynchttpclient.netty.request.NettyRequestSender - Using open Channel [id: 0xd923dc32, L:/127.0.0.1:51330 - R:localhost/127.0.0.1:34301] for POST '/session/1048f5c0621064d342726192b26a1c94/element'
16:12:23.125 [AsyncHttpClient-1-32] DEBUG org.asynchttpclient.netty.handler.HttpHandler - 

Request DefaultHttpRequest(decodeResult: success, version: HTTP/1.1)
POST /session/1048f5c0621064d342726192b26a1c94/element HTTP/1.1
User-Agent: selenium/4.8.1 (java windows)
Content-Length: 65
Content-Type: application/json; charset=utf-8
host: localhost:34301
accept: */*

Response DefaultHttpResponse(decodeResult: success, version: HTTP/1.1)
HTTP/1.1 200 OK
Content-Length: 88
Content-Type: application/json; charset=utf-8
cache-control: no-cache

16:12:23.125 [AsyncHttpClient-1-32] DEBUG org.asynchttpclient.netty.channel.ChannelManager - Adding key: http://localhost:34301 for channel [id: 0xd923dc32, L:/127.0.0.1:51330 - R:localhost/127.0.0.1:34301]
16:12:23.126 [Forwarding getElementTagName on session 1048f5c0621064d342726192b26a1c94 to remote] DEBUG org.asynchttpclient.netty.request.NettyRequestSender - Using pooled Channel '[id: 0xd923dc32, L:/127.0.0.1:51330 - R:localhost/127.0.0.1:34301]' for 'GET' to 'http://localhost:34301/session/1048f5c0621064d342726192b26a1c94/element/f13a1c95-7e58-4562-868f-5d14e7106f2e/name'
16:12:23.126 [Forwarding getElementTagName on session 1048f5c0621064d342726192b26a1c94 to remote] DEBUG org.asynchttpclient.netty.request.NettyRequestSender - Using open Channel [id: 0xd923dc32, L:/127.0.0.1:51330 - R:localhost/127.0.0.1:34301] for GET '/session/1048f5c0621064d342726192b26a1c94/element/f13a1c95-7e58-4562-868f-5d14e7106f2e/name'
16:12:23.129 [AsyncHttpClient-1-32] DEBUG org.asynchttpclient.netty.handler.HttpHandler - 

Request DefaultFullHttpRequest(decodeResult: success, version: HTTP/1.1, content: EmptyByteBufBE)
GET /session/1048f5c0621064d342726192b26a1c94/element/f13a1c95-7e58-4562-868f-5d14e7106f2e/name HTTP/1.1
User-Agent: selenium/4.8.1 (java windows)
Cache-Control: no-cache
Content-Type: application/json; charset=utf-8
host: localhost:34301
accept: */*

Response DefaultHttpResponse(decodeResult: success, version: HTTP/1.1)
HTTP/1.1 200 OK
Content-Length: 13
Content-Type: application/json; charset=utf-8
cache-control: no-cache

16:12:23.129 [AsyncHttpClient-1-32] DEBUG org.asynchttpclient.netty.channel.ChannelManager - Adding key: http://localhost:34301 for channel [id: 0xd923dc32, L:/127.0.0.1:51330 - R:localhost/127.0.0.1:34301]
16:12:23.130 [Forwarding getElementTagName on session 1048f5c0621064d342726192b26a1c94 to remote] DEBUG org.asynchttpclient.netty.request.NettyRequestSender - Using pooled Channel '[id: 0xd923dc32, L:/127.0.0.1:51330 - R:localhost/127.0.0.1:34301]' for 'GET' to 'http://localhost:34301/session/1048f5c0621064d342726192b26a1c94/element/f13a1c95-7e58-4562-868f-5d14e7106f2e/name'
16:12:23.130 [Forwarding getElementTagName on session 1048f5c0621064d342726192b26a1c94 to remote] DEBUG org.asynchttpclient.netty.request.NettyRequestSender - Using open Channel [id: 0xd923dc32, L:/127.0.0.1:51330 - R:localhost/127.0.0.1:34301] for GET '/session/1048f5c0621064d342726192b26a1c94/element/f13a1c95-7e58-4562-868f-5d14e7106f2e/name'
16:12:23.132 [AsyncHttpClient-1-32] DEBUG org.asynchttpclient.netty.handler.HttpHandler - 

Request DefaultFullHttpRequest(decodeResult: success, version: HTTP/1.1, content: EmptyByteBufBE)
GET /session/1048f5c0621064d342726192b26a1c94/element/f13a1c95-7e58-4562-868f-5d14e7106f2e/name HTTP/1.1
User-Agent: selenium/4.8.1 (java windows)
Cache-Control: no-cache
Content-Type: application/json; charset=utf-8
host: localhost:34301
accept: */*

Response DefaultHttpResponse(decodeResult: success, version: HTTP/1.1)
HTTP/1.1 200 OK
Content-Length: 13
Content-Type: application/json; charset=utf-8
cache-control: no-cache

16:12:23.132 [AsyncHttpClient-1-32] DEBUG org.asynchttpclient.netty.channel.ChannelManager - Adding key: http://localhost:34301 for channel [id: 0xd923dc32, L:/127.0.0.1:51330 - R:localhost/127.0.0.1:34301]
16:12:23.133 [Forwarding findElement on session 1048f5c0621064d342726192b26a1c94 to remote] DEBUG org.asynchttpclient.netty.request.NettyRequestSender - Using pooled Channel '[id: 0xd923dc32, L:/127.0.0.1:51330 - R:localhost/127.0.0.1:34301]' for 'POST' to 'http://localhost:34301/session/1048f5c0621064d342726192b26a1c94/element'
16:12:23.133 [Forwarding findElement on session 1048f5c0621064d342726192b26a1c94 to remote] DEBUG org.asynchttpclient.netty.request.NettyRequestSender - Using open Channel [id: 0xd923dc32, L:/127.0.0.1:51330 - R:localhost/127.0.0.1:34301] for POST '/session/1048f5c0621064d342726192b26a1c94/element'
16:12:23.138 [AsyncHttpClient-1-32] DEBUG org.asynchttpclient.netty.handler.HttpHandler - 

Request DefaultHttpRequest(decodeResult: success, version: HTTP/1.1)
POST /session/1048f5c0621064d342726192b26a1c94/element HTTP/1.1
User-Agent: selenium/4.8.1 (java windows)
Content-Length: 65
Content-Type: application/json; charset=utf-8
host: localhost:34301
accept: */*

Response DefaultHttpResponse(decodeResult: success, version: HTTP/1.1)
HTTP/1.1 200 OK
Content-Length: 88
Content-Type: application/json; charset=utf-8
cache-control: no-cache

16:12:23.138 [AsyncHttpClient-1-32] DEBUG org.asynchttpclient.netty.channel.ChannelManager - Adding key: http://localhost:34301 for channel [id: 0xd923dc32, L:/127.0.0.1:51330 - R:localhost/127.0.0.1:34301]
16:12:23.138 [Forwarding clickElement on session 1048f5c0621064d342726192b26a1c94 to remote] DEBUG org.asynchttpclient.netty.request.NettyRequestSender - Using pooled Channel '[id: 0xd923dc32, L:/127.0.0.1:51330 - R:localhost/127.0.0.1:34301]' for 'POST' to 'http://localhost:34301/session/1048f5c0621064d342726192b26a1c94/element/f13a1c95-7e58-4562-868f-5d14e7106f2e/click'
16:12:23.138 [Forwarding clickElement on session 1048f5c0621064d342726192b26a1c94 to remote] DEBUG org.asynchttpclient.netty.request.NettyRequestSender - Using open Channel [id: 0xd923dc32, L:/127.0.0.1:51330 - R:localhost/127.0.0.1:34301] for POST '/session/1048f5c0621064d342726192b26a1c94/element/f13a1c95-7e58-4562-868f-5d14e7106f2e/click'
16:12:23.173 [AsyncHttpClient-1-32] DEBUG org.asynchttpclient.netty.handler.HttpHandler - 

Request DefaultHttpRequest(decodeResult: success, version: HTTP/1.1)
POST /session/1048f5c0621064d342726192b26a1c94/element/f13a1c95-7e58-4562-868f-5d14e7106f2e/click HTTP/1.1
User-Agent: selenium/4.8.1 (java windows)
Content-Length: 50
Content-Type: application/json; charset=utf-8
host: localhost:34301
accept: */*

Response DefaultHttpResponse(decodeResult: success, version: HTTP/1.1)
HTTP/1.1 200 OK
Content-Length: 14
Content-Type: application/json; charset=utf-8
cache-control: no-cache

16:12:23.173 [AsyncHttpClient-1-32] DEBUG org.asynchttpclient.netty.channel.ChannelManager - Adding key: http://localhost:34301 for channel [id: 0xd923dc32, L:/127.0.0.1:51330 - R:localhost/127.0.0.1:34301]
16:12:23.178 [Forwarding getAlertText on session 1048f5c0621064d342726192b26a1c94 to remote] DEBUG org.asynchttpclient.netty.request.NettyRequestSender - Using pooled Channel '[id: 0xd923dc32, L:/127.0.0.1:51330 - R:localhost/127.0.0.1:34301]' for 'GET' to 'http://localhost:34301/session/1048f5c0621064d342726192b26a1c94/alert/text'
16:12:23.178 [Forwarding getAlertText on session 1048f5c0621064d342726192b26a1c94 to remote] DEBUG org.asynchttpclient.netty.request.NettyRequestSender - Using open Channel [id: 0xd923dc32, L:/127.0.0.1:51330 - R:localhost/127.0.0.1:34301] for GET '/session/1048f5c0621064d342726192b26a1c94/alert/text'
16:12:23.268 [AsyncHttpClient-1-32] DEBUG org.asynchttpclient.netty.handler.HttpHandler - 

Request DefaultFullHttpRequest(decodeResult: success, version: HTTP/1.1, content: EmptyByteBufBE)
GET /session/1048f5c0621064d342726192b26a1c94/alert/text HTTP/1.1
User-Agent: selenium/4.8.1 (java windows)
Cache-Control: no-cache
Content-Type: application/json; charset=utf-8
host: localhost:34301
accept: */*

Response DefaultHttpResponse(decodeResult: success, version: HTTP/1.1)
HTTP/1.1 404 Not Found
Content-Length: 836
Content-Type: application/json; charset=utf-8
cache-control: no-cache

16:12:23.268 [AsyncHttpClient-1-32] DEBUG org.asynchttpclient.netty.channel.ChannelManager - Adding key: http://localhost:34301 for channel [id: 0xd923dc32, L:/127.0.0.1:51330 - R:localhost/127.0.0.1:34301]
16:12:23.269 [Forwarding getCurrentUrl on session 1048f5c0621064d342726192b26a1c94 to remote] DEBUG org.asynchttpclient.netty.request.NettyRequestSender - Using pooled Channel '[id: 0xd923dc32, L:/127.0.0.1:51330 - R:localhost/127.0.0.1:34301]' for 'GET' to 'http://localhost:34301/session/1048f5c0621064d342726192b26a1c94/url'
16:12:23.269 [Forwarding getCurrentUrl on session 1048f5c0621064d342726192b26a1c94 to remote] DEBUG org.asynchttpclient.netty.request.NettyRequestSender - Using open Channel [id: 0xd923dc32, L:/127.0.0.1:51330 - R:localhost/127.0.0.1:34301] for GET '/session/1048f5c0621064d342726192b26a1c94/url'
16:12:23.272 [AsyncHttpClient-1-32] DEBUG org.asynchttpclient.netty.handler.HttpHandler - 

Request DefaultFullHttpRequest(decodeResult: success, version: HTTP/1.1, content: EmptyByteBufBE)
GET /session/1048f5c0621064d342726192b26a1c94/url HTTP/1.1
User-Agent: selenium/4.8.1 (java windows)
Cache-Control: no-cache
Content-Type: application/json; charset=utf-8
host: localhost:34301
accept: */*

Response DefaultHttpResponse(decodeResult: success, version: HTTP/1.1)
HTTP/1.1 200 OK
Content-Length: 46
Content-Type: application/json; charset=utf-8
cache-control: no-cache

16:12:23.272 [AsyncHttpClient-1-32] DEBUG org.asynchttpclient.netty.channel.ChannelManager - Adding key: http://localhost:34301 for channel [id: 0xd923dc32, L:/127.0.0.1:51330 - R:localhost/127.0.0.1:34301]
16:12:23.273 [Forwarding screenshot on session 1048f5c0621064d342726192b26a1c94 to remote] DEBUG org.asynchttpclient.netty.request.NettyRequestSender - Using pooled Channel '[id: 0xd923dc32, L:/127.0.0.1:51330 - R:localhost/127.0.0.1:34301]' for 'GET' to 'http://localhost:34301/session/1048f5c0621064d342726192b26a1c94/screenshot'
16:12:23.273 [Forwarding screenshot on session 1048f5c0621064d342726192b26a1c94 to remote] DEBUG org.asynchttpclient.netty.request.NettyRequestSender - Using open Channel [id: 0xd923dc32, L:/127.0.0.1:51330 - R:localhost/127.0.0.1:34301] for GET '/session/1048f5c0621064d342726192b26a1c94/screenshot'
16:12:23.373 [AsyncHttpClient-1-32] DEBUG org.asynchttpclient.netty.handler.HttpHandler - 

Request DefaultFullHttpRequest(decodeResult: success, version: HTTP/1.1, content: EmptyByteBufBE)
GET /session/1048f5c0621064d342726192b26a1c94/screenshot HTTP/1.1
User-Agent: selenium/4.8.1 (java windows)
Cache-Control: no-cache
Content-Type: application/json; charset=utf-8
host: localhost:34301
accept: */*

Response DefaultHttpResponse(decodeResult: success, version: HTTP/1.1)
HTTP/1.1 200 OK
Content-Length: 30052
Content-Type: application/json; charset=utf-8
cache-control: no-cache

16:12:23.373 [AsyncHttpClient-1-32] DEBUG org.asynchttpclient.netty.channel.ChannelManager - Adding key: http://localhost:34301 for channel [id: 0xd923dc32, L:/127.0.0.1:51330 - R:localhost/127.0.0.1:34301]
16:12:23.374 [main] DEBUG net.serenitybdd.core.photography.Darkroom - Send negative for processing for target\site\serenity\7bf418518db696061194fe51d1c9237b258047bd21f11e77346881c2e407f4f7.png
16:12:23.374 [main] DEBUG net.thucydides.core.steps.StepInterceptor - STEP DONE: clickCartIcon
16:12:23.374 [Darkroom Processing Line] DEBUG net.serenitybdd.core.photography.DarkroomProcessingLine - Processing screenshot image in /var/screenshots/screenshot-16927115385931843754
16:12:23.374 [Darkroom Processing Line] DEBUG net.serenitybdd.core.photography.DarkroomProcessingLine - Saving screenshot to target\site\serenity\7bf418518db696061194fe51d1c9237b258047bd21f11e77346881c2e407f4f7.png
16:12:23.378 [Forwarding getPageSource on session 1048f5c0621064d342726192b26a1c94 to remote] DEBUG org.asynchttpclient.netty.request.NettyRequestSender - Using pooled Channel '[id: 0xd923dc32, L:/127.0.0.1:51330 - R:localhost/127.0.0.1:34301]' for 'POST' to 'http://localhost:34301/session/1048f5c0621064d342726192b26a1c94/execute/sync'
16:12:23.378 [Forwarding getPageSource on session 1048f5c0621064d342726192b26a1c94 to remote] DEBUG org.asynchttpclient.netty.request.NettyRequestSender - Using open Channel [id: 0xd923dc32, L:/127.0.0.1:51330 - R:localhost/127.0.0.1:34301] for POST '/session/1048f5c0621064d342726192b26a1c94/execute/sync'
16:12:23.381 [AsyncHttpClient-1-32] DEBUG org.asynchttpclient.netty.handler.HttpHandler - 

Request DefaultHttpRequest(decodeResult: success, version: HTTP/1.1)
POST /session/1048f5c0621064d342726192b26a1c94/execute/sync HTTP/1.1
User-Agent: selenium/4.8.1 (java windows)
Content-Length: 176
Content-Type: application/json; charset=utf-8
host: localhost:34301
accept: */*

Response DefaultHttpResponse(decodeResult: success, version: HTTP/1.1)
HTTP/1.1 200 OK
Content-Length: 22267
Content-Type: application/json; charset=utf-8
cache-control: no-cache

16:12:23.381 [AsyncHttpClient-1-32] DEBUG org.asynchttpclient.netty.channel.ChannelManager - Adding key: http://localhost:34301 for channel [id: 0xd923dc32, L:/127.0.0.1:51330 - R:localhost/127.0.0.1:34301]
16:12:23.383 [Forwarding getCurrentUrl on session 1048f5c0621064d342726192b26a1c94 to remote] DEBUG org.asynchttpclient.netty.request.NettyRequestSender - Using pooled Channel '[id: 0xd923dc32, L:/127.0.0.1:51330 - R:localhost/127.0.0.1:34301]' for 'GET' to 'http://localhost:34301/session/1048f5c0621064d342726192b26a1c94/url'
16:12:23.383 [Forwarding getCurrentUrl on session 1048f5c0621064d342726192b26a1c94 to remote] DEBUG org.asynchttpclient.netty.request.NettyRequestSender - Using open Channel [id: 0xd923dc32, L:/127.0.0.1:51330 - R:localhost/127.0.0.1:34301] for GET '/session/1048f5c0621064d342726192b26a1c94/url'
16:12:23.386 [AsyncHttpClient-1-32] DEBUG org.asynchttpclient.netty.handler.HttpHandler - 

Request DefaultFullHttpRequest(decodeResult: success, version: HTTP/1.1, content: EmptyByteBufBE)
GET /session/1048f5c0621064d342726192b26a1c94/url HTTP/1.1
User-Agent: selenium/4.8.1 (java windows)
Cache-Control: no-cache
Content-Type: application/json; charset=utf-8
host: localhost:34301
accept: */*

Response DefaultHttpResponse(decodeResult: success, version: HTTP/1.1)
HTTP/1.1 200 OK
Content-Length: 46
Content-Type: application/json; charset=utf-8
cache-control: no-cache

16:12:23.386 [AsyncHttpClient-1-32] DEBUG org.asynchttpclient.netty.channel.ChannelManager - Adding key: http://localhost:34301 for channel [id: 0xd923dc32, L:/127.0.0.1:51330 - R:localhost/127.0.0.1:34301]
16:12:23.387 [main] DEBUG net.thucydides.core.steps.StepInterceptor - STARTING STEP: ProductSteps.validateProductHasAdded - validateProductHasAdded
16:12:23.388 [Forwarding findElement on session 1048f5c0621064d342726192b26a1c94 to remote] DEBUG org.asynchttpclient.netty.request.NettyRequestSender - Using pooled Channel '[id: 0xd923dc32, L:/127.0.0.1:51330 - R:localhost/127.0.0.1:34301]' for 'POST' to 'http://localhost:34301/session/1048f5c0621064d342726192b26a1c94/element'
16:12:23.388 [Forwarding findElement on session 1048f5c0621064d342726192b26a1c94 to remote] DEBUG org.asynchttpclient.netty.request.NettyRequestSender - Using open Channel [id: 0xd923dc32, L:/127.0.0.1:51330 - R:localhost/127.0.0.1:34301] for POST '/session/1048f5c0621064d342726192b26a1c94/element'
16:12:23.396 [AsyncHttpClient-1-32] DEBUG org.asynchttpclient.netty.handler.HttpHandler - 

Request DefaultHttpRequest(decodeResult: success, version: HTTP/1.1)
POST /session/1048f5c0621064d342726192b26a1c94/element HTTP/1.1
User-Agent: selenium/4.8.1 (java windows)
Content-Length: 58
Content-Type: application/json; charset=utf-8
host: localhost:34301
accept: */*

Response DefaultHttpResponse(decodeResult: success, version: HTTP/1.1)
HTTP/1.1 200 OK
Content-Length: 88
Content-Type: application/json; charset=utf-8
cache-control: no-cache

16:12:23.396 [AsyncHttpClient-1-32] DEBUG org.asynchttpclient.netty.channel.ChannelManager - Adding key: http://localhost:34301 for channel [id: 0xd923dc32, L:/127.0.0.1:51330 - R:localhost/127.0.0.1:34301]
16:12:23.398 [Forwarding isElementDisplayed on session 1048f5c0621064d342726192b26a1c94 to remote] DEBUG org.asynchttpclient.netty.request.NettyRequestSender - Using pooled Channel '[id: 0xd923dc32, L:/127.0.0.1:51330 - R:localhost/127.0.0.1:34301]' for 'POST' to 'http://localhost:34301/session/1048f5c0621064d342726192b26a1c94/execute/sync'
16:12:23.398 [Forwarding isElementDisplayed on session 1048f5c0621064d342726192b26a1c94 to remote] DEBUG org.asynchttpclient.netty.request.NettyRequestSender - Using open Channel [id: 0xd923dc32, L:/127.0.0.1:51330 - R:localhost/127.0.0.1:34301] for POST '/session/1048f5c0621064d342726192b26a1c94/execute/sync'
16:12:23.406 [AsyncHttpClient-1-32] DEBUG org.asynchttpclient.netty.handler.HttpHandler - 

Request DefaultHttpRequest(decodeResult: success, version: HTTP/1.1)
POST /session/1048f5c0621064d342726192b26a1c94/execute/sync HTTP/1.1
User-Agent: selenium/4.8.1 (java windows)
Content-Length: 48807
Content-Type: application/json; charset=utf-8
host: localhost:34301
accept: */*

Response DefaultHttpResponse(decodeResult: success, version: HTTP/1.1)
HTTP/1.1 200 OK
Content-Length: 14
Content-Type: application/json; charset=utf-8
cache-control: no-cache

16:12:23.406 [AsyncHttpClient-1-32] DEBUG org.asynchttpclient.netty.channel.ChannelManager - Adding key: http://localhost:34301 for channel [id: 0xd923dc32, L:/127.0.0.1:51330 - R:localhost/127.0.0.1:34301]
16:12:23.409 [main] DEBUG net.thucydides.core.steps.StepInterceptor - STEP DONE: validateProductHasAdded
  &amp#27;[32mThen &amp#27;[0m&amp#27;[32mI should see the product in cart&amp#27;[0m                   &amp#27;[90m# starter.stepdefinitions.ProductSteps.validateProductHasAdded()&amp#27;[0m
16:12:23.412 [main] INFO  - 
  _____   ___   ___   _____     ___     _     ___   ___   ___   ___  
 |_   _| | __| / __| |_   _|   | _ \   /_\   / __| / __| | __| |   \ 
   | |   | _|  \__ \   | |     |  _/  / _ \  \__ \ \__ \ | _|  | |) |
   |_|   |___| |___/   |_|     |_|   /_/ \_\ |___/ |___/ |___| |___/ 

Add to cart by buy a product with login
----------------------------------------------------------------------
16:12:23.412 [AsyncHttpClient-1-2] DEBUG org.asynchttpclient.netty.handler.WebSocketHandler - Channel Closed: [id: 0x047bf059, L:/127.0.0.1:51339 ! R:localhost/127.0.0.1:51331] with attribute NettyResponseFuture{currentRetry=0,
	isDone=1,
	isCancelled=0,
	asyncHandler=org.asynchttpclient.ws.WebSocketUpgradeHandler@2d517999,
	nettyRequest=org.asynchttpclient.netty.request.NettyRequest@165c8f69,
	future=java.util.concurrent.CompletableFuture@736aab60[Completed normally],
	uri=ws://localhost:51331/devtools/browser/d5986b6f-c246-4dec-8be6-2ad0e0a69996,
	keepAlive=true,
	redirectCount=0,
	timeoutsHolder=null,
	inAuth=0,
	touch=1683537135844}
16:12:23.413 [AsyncHttpClient-1-2] DEBUG org.asynchttpclient.netty.channel.ChannelManager - Closing Channel [id: 0x047bf059, L:/127.0.0.1:51339 ! R:localhost/127.0.0.1:51331] 
16:12:23.413 [Driver Command Executor] DEBUG org.asynchttpclient.netty.request.NettyRequestSender - Using pooled Channel '[id: 0xd923dc32, L:/127.0.0.1:51330 - R:localhost/127.0.0.1:34301]' for 'DELETE' to 'http://localhost:34301/session/1048f5c0621064d342726192b26a1c94'
16:12:23.413 [Driver Command Executor] DEBUG org.asynchttpclient.netty.request.NettyRequestSender - Using open Channel [id: 0xd923dc32, L:/127.0.0.1:51330 - R:localhost/127.0.0.1:34301] for DELETE '/session/1048f5c0621064d342726192b26a1c94'
16:12:23.431 [AsyncHttpClient-1-33] DEBUG org.asynchttpclient.netty.handler.HttpHandler - Unexpected I/O exception on channel [id: 0xf6b0ae88, L:/127.0.0.1:51338 - R:localhost/127.0.0.1:51331]
java.net.SocketException: Connection reset
	at java.base/sun.nio.ch.SocketChannelImpl.throwConnectionReset(SocketChannelImpl.java:367)
	at java.base/sun.nio.ch.SocketChannelImpl.read(SocketChannelImpl.java:398)
	at io.netty.buffer.PooledByteBuf.setBytes(PooledByteBuf.java:259)
	at io.netty.buffer.AbstractByteBuf.writeBytes(AbstractByteBuf.java:1132)
	at io.netty.channel.socket.nio.NioSocketChannel.doReadBytes(NioSocketChannel.java:357)
	at io.netty.channel.nio.AbstractNioByteChannel$NioByteUnsafe.read(AbstractNioByteChannel.java:151)
	at io.netty.channel.nio.NioEventLoop.processSelectedKey(NioEventLoop.java:788)
	at io.netty.channel.nio.NioEventLoop.processSelectedKeysOptimized(NioEventLoop.java:724)
	at io.netty.channel.nio.NioEventLoop.processSelectedKeys(NioEventLoop.java:650)
	at io.netty.channel.nio.NioEventLoop.run(NioEventLoop.java:562)
	at io.netty.util.concurrent.SingleThreadEventExecutor$4.run(SingleThreadEventExecutor.java:997)
	at io.netty.util.internal.ThreadExecutorMap$2.run(ThreadExecutorMap.java:74)
	at io.netty.util.concurrent.FastThreadLocalRunnable.run(FastThreadLocalRunnable.java:30)
	at java.base/java.lang.Thread.run(Thread.java:832)
16:12:23.431 [AsyncHttpClient-1-33] DEBUG org.asynchttpclient.netty.channel.ChannelManager - Closing Channel [id: 0xf6b0ae88, L:/127.0.0.1:51338 - R:localhost/127.0.0.1:51331] 
16:12:23.431 [AsyncHttpClient-1-33] DEBUG org.asynchttpclient.netty.handler.HttpHandler - Channel Closed: [id: 0xf6b0ae88, L:/127.0.0.1:51338 ! R:localhost/127.0.0.1:51331] with attribute DISCARD
16:12:23.440 [AsyncHttpClient-1-32] DEBUG org.asynchttpclient.netty.handler.HttpHandler - 

Request DefaultFullHttpRequest(decodeResult: success, version: HTTP/1.1, content: EmptyByteBufBE)
DELETE /session/1048f5c0621064d342726192b26a1c94 HTTP/1.1
User-Agent: selenium/4.8.1 (java windows)
Content-Type: application/json; charset=utf-8
host: localhost:34301
accept: */*

Response DefaultHttpResponse(decodeResult: success, version: HTTP/1.1)
HTTP/1.1 200 OK
Content-Length: 14
Content-Type: application/json; charset=utf-8
cache-control: no-cache

16:12:23.440 [AsyncHttpClient-1-32] DEBUG org.asynchttpclient.netty.channel.ChannelManager - Adding key: http://localhost:34301 for channel [id: 0xd923dc32, L:/127.0.0.1:51330 - R:localhost/127.0.0.1:34301]
16:12:23.534 [AsyncHttpClient-1-32] DEBUG org.asynchttpclient.netty.handler.HttpHandler - Channel Closed: [id: 0xd923dc32, L:/127.0.0.1:51330 ! R:localhost/127.0.0.1:34301] with attribute DISCARD
16:12:23.556 [AsyncHttpClient-1-1] DEBUG org.asynchttpclient.netty.channel.DefaultChannelPool - Entry count for : http://localhost:51331 : 1
16:12:23.556 [AsyncHttpClient-1-1] DEBUG org.asynchttpclient.netty.channel.DefaultChannelPool - Entry count for : http://localhost:34301 : 1
16:12:23.556 [AsyncHttpClient-1-1] DEBUG org.asynchttpclient.netty.channel.DefaultChannelPool - Adding Candidate expired Channel [id: 0xf6b0ae88, L:/127.0.0.1:51338 ! R:localhost/127.0.0.1:51331] isIdleTimeoutExpired=false isRemotelyClosed=true isTtlExpired=false
16:12:23.556 [AsyncHttpClient-1-1] DEBUG org.asynchttpclient.netty.channel.DefaultChannelPool - Closing Idle Channel [id: 0xf6b0ae88, L:/127.0.0.1:51338 ! R:localhost/127.0.0.1:51331]
16:12:23.556 [AsyncHttpClient-1-1] DEBUG org.asynchttpclient.netty.channel.DefaultChannelPool - Adding Candidate expired Channel [id: 0xd923dc32, L:/127.0.0.1:51330 ! R:localhost/127.0.0.1:34301] isIdleTimeoutExpired=false isRemotelyClosed=true isTtlExpired=false
16:12:23.556 [AsyncHttpClient-1-1] DEBUG org.asynchttpclient.netty.channel.DefaultChannelPool - Closing Idle Channel [id: 0xd923dc32, L:/127.0.0.1:51330 ! R:localhost/127.0.0.1:34301]
16:12:23.556 [AsyncHttpClient-1-1] DEBUG org.asynchttpclient.netty.channel.DefaultChannelPool - Closed 2 connections out of 2 in 0 ms
]]></system-out>
    <system-err><![CDATA[Starting ChromeDriver 111.0.5563.64 (c710e93d5b63b7095afe8c2c17df34408078439d-refs/branch-heads/5563@{#995}) on port 34301
Only local connections are allowed.
Please see https://chromedriver.chromium.org/security-considerations for suggestions on keeping ChromeDriver safe.
ChromeDriver was started successfully.
[1683537135.822][WARNING]: This version of ChromeDriver has not been tested with Chrome version 112.
May 08, 2023 4:12:15 PM org.openqa.selenium.devtools.CdpVersionFinder findNearestMatch
WARNING: Unable to find an exact match for CDP version 112, so returning the closest version found: 110
]]></system-err>
  </testcase>
  <testcase name="Add to cart by buy a product without login" classname="Product" time="0.111">
    <system-out><![CDATA[
Scenario: Add to cart by buy a product without login &amp#27;[90m# src/test/resources/features/3. Product.feature:13&amp#27;[0m
16:12:24.054 [main] DEBUG io.cucumber.core.plugin.SerenityReporter - Running feature from file:///C:/Users/WINDOWS%2010/Documents/GitHub/MiniProject_QE/Web/code/minpro/src/test/resources/features/3.%20Product.feature
16:12:24.058 [main] INFO  - 
  _____   ___   ___   _____     ___   _____     _     ___   _____   ___   ___  
 |_   _| | __| / __| |_   _|   / __| |_   _|   /_\   | _ \ |_   _| | __| |   \ 
   | |   | _|  \__ \   | |     \__ \   | |    / _ \  |   /   | |   | _|  | |) |
   |_|   |___| |___/   |_|     |___/   |_|   /_/ \_\ |_|_\   |_|   |___| |___/ 

Add to cart by buy a product without login(product;add-to-cart-by-buy-a-product-without-login)
--------------------------------------------------------------------------------
16:12:24.103 [main] DEBUG net.thucydides.core.steps.StepInterceptor - STARTING STEP: ProductSteps.goToHomePage - clickToolbarTitle
16:12:24.112 [main] DEBUG net.thucydides.core.steps.StepInterceptor - STEP DONE: clickToolbarTitle
  &amp#27;[32mGiven &amp#27;[0m&amp#27;[32mI go to the alta-shop home page&amp#27;[0m              &amp#27;[90m# starter.stepdefinitions.ProductSteps.goToHomePage()&amp#27;[0m
16:12:24.125 [main] DEBUG net.thucydides.core.steps.StepInterceptor - STARTING STEP: ProductSteps.chooseTheProduct - validateTheProduct
16:12:24.127 [main] DEBUG net.thucydides.core.steps.StepInterceptor - STEP DONE: validateTheProduct
  &amp#27;[32mAnd &amp#27;[0m&amp#27;[32mI choose the product&amp#27;[0m                           &amp#27;[90m# starter.stepdefinitions.ProductSteps.chooseTheProduct()&amp#27;[0m
16:12:24.136 [main] DEBUG net.thucydides.core.steps.StepInterceptor - STARTING STEP: ProductSteps.clickBeliButton - clickBeliButton
16:12:24.139 [main] DEBUG net.thucydides.core.steps.StepInterceptor - STEP DONE: clickBeliButton
  &amp#27;[32mWhen &amp#27;[0m&amp#27;[32mI click BELI button from the product&amp#27;[0m          &amp#27;[90m# starter.stepdefinitions.ProductSteps.clickBeliButton()&amp#27;[0m
16:12:24.147 [main] DEBUG net.thucydides.core.steps.StepInterceptor - STARTING STEP: ProductSteps.validateOrderEmpty - clickCartIcon
16:12:24.153 [main] DEBUG net.thucydides.core.steps.StepInterceptor - STEP DONE: clickCartIcon
16:12:24.154 [main] DEBUG net.thucydides.core.steps.StepInterceptor - STARTING STEP: ProductSteps.validateOrderEmpty - validateOrderEmpty
16:12:24.156 [main] DEBUG net.thucydides.core.steps.StepInterceptor - STEP DONE: validateOrderEmpty
  &amp#27;[32mThen &amp#27;[0m&amp#27;[32mI shouldn't see the product in cart&amp#27;[0m           &amp#27;[90m# starter.stepdefinitions.ProductSteps.validateOrderEmpty()&amp#27;[0m
16:12:24.159 [main] INFO  - 
  _____   ___   ___   _____     ___     _     ___   ___   ___   ___  
 |_   _| | __| / __| |_   _|   | _ \   /_\   / __| / __| | __| |   \ 
   | |   | _|  \__ \   | |     |  _/  / _ \  \__ \ \__ \ | _|  | |) |
   |_|   |___| |___/   |_|     |_|   /_/ \_\ |___/ |___/ |___| |___/ 

Add to cart by buy a product without login
----------------------------------------------------------------------
]]></system-out>
  </testcase>
  <testcase name="Adding product from cart page" classname="Product" time="0.081">
    <system-out><![CDATA[
Scenario: Adding product from cart page            &amp#27;[90m# src/test/resources/features/3. Product.feature:19&amp#27;[0m
16:12:24.167 [main] DEBUG io.cucumber.core.plugin.SerenityReporter - Running feature from file:///C:/Users/WINDOWS%2010/Documents/GitHub/MiniProject_QE/Web/code/minpro/src/test/resources/features/3.%20Product.feature
16:12:24.172 [main] INFO  - 
  _____   ___   ___   _____     ___   _____     _     ___   _____   ___   ___  
 |_   _| | __| / __| |_   _|   / __| |_   _|   /_\   | _ \ |_   _| | __| |   \ 
   | |   | _|  \__ \   | |     \__ \   | |    / _ \  |   /   | |   | _|  | |) |
   |_|   |___| |___/   |_|     |___/   |_|   /_/ \_\ |_|_\   |_|   |___| |___/ 

Adding product from cart page(product;adding-product-from-cart-page)
--------------------------------------------------------------------------------
16:12:24.212 [main] DEBUG net.thucydides.core.steps.StepInterceptor - STARTING STEP: ProductSteps.goToHomePage - clickToolbarTitle
16:12:24.216 [main] DEBUG net.thucydides.core.steps.StepInterceptor - STEP DONE: clickToolbarTitle
  &amp#27;[32mGiven &amp#27;[0m&amp#27;[32mI go to the alta-shop home page&amp#27;[0m            &amp#27;[90m# starter.stepdefinitions.ProductSteps.goToHomePage()&amp#27;[0m
16:12:24.224 [main] DEBUG net.thucydides.core.steps.StepInterceptor - STARTING STEP: ProductSteps.chooseTheProduct - validateTheProduct
16:12:24.225 [main] DEBUG net.thucydides.core.steps.StepInterceptor - STEP DONE: validateTheProduct
  &amp#27;[32mAnd &amp#27;[0m&amp#27;[32mI choose the product&amp#27;[0m                         &amp#27;[90m# starter.stepdefinitions.ProductSteps.chooseTheProduct()&amp#27;[0m
16:12:24.228 [main] DEBUG net.thucydides.core.steps.StepInterceptor - STARTING STEP: ProductSteps.clickBeliButton - clickBeliButton
16:12:24.229 [main] DEBUG net.thucydides.core.steps.StepInterceptor - STEP DONE: clickBeliButton
  &amp#27;[32mWhen &amp#27;[0m&amp#27;[32mI click BELI button from the product&amp#27;[0m        &amp#27;[90m# starter.stepdefinitions.ProductSteps.clickBeliButton()&amp#27;[0m
16:12:24.233 [main] DEBUG net.thucydides.core.steps.StepInterceptor - STARTING STEP: ProductSteps.clickIncreaseProduct - clickIncreaseProduct
16:12:24.234 [main] DEBUG net.thucydides.core.steps.StepInterceptor - STEP DONE: clickIncreaseProduct
  &amp#27;[32mAnd &amp#27;[0m&amp#27;[32mI am adding 1 product in order page&amp#27;[0m          &amp#27;[90m# starter.stepdefinitions.ProductSteps.clickIncreaseProduct()&amp#27;[0m
16:12:24.238 [main] DEBUG net.thucydides.core.steps.StepInterceptor - STARTING STEP: ProductSteps.validateQuantityIncreased - validateQuantityIncreased
16:12:24.238 [main] DEBUG net.thucydides.core.steps.StepInterceptor - STEP DONE: validateQuantityIncreased
  &amp#27;[32mThen &amp#27;[0m&amp#27;[32mI should see that the product has increased&amp#27;[0m &amp#27;[90m# starter.stepdefinitions.ProductSteps.validateQuantityIncreased()&amp#27;[0m
16:12:24.241 [main] INFO  - 
  _____   ___   ___   _____     ___     _     ___   ___   ___   ___  
 |_   _| | __| / __| |_   _|   | _ \   /_\   / __| / __| | __| |   \ 
   | |   | _|  \__ \   | |     |  _/  / _ \  \__ \ \__ \ | _|  | |) |
   |_|   |___| |___/   |_|     |_|   /_/ \_\ |___/ |___/ |___| |___/ 

Adding product from cart page
----------------------------------------------------------------------
]]></system-out>
  </testcase>
  <testcase name="Reducing product from cart page" classname="Product" time="0.047">
    <system-out><![CDATA[
Scenario: Reducing product from cart page        &amp#27;[90m# src/test/resources/features/3. Product.feature:26&amp#27;[0m
16:12:24.245 [main] DEBUG io.cucumber.core.plugin.SerenityReporter - Running feature from file:///C:/Users/WINDOWS%2010/Documents/GitHub/MiniProject_QE/Web/code/minpro/src/test/resources/features/3.%20Product.feature
16:12:24.249 [main] INFO  - 
  _____   ___   ___   _____     ___   _____     _     ___   _____   ___   ___  
 |_   _| | __| / __| |_   _|   / __| |_   _|   /_\   | _ \ |_   _| | __| |   \ 
   | |   | _|  \__ \   | |     \__ \   | |    / _ \  |   /   | |   | _|  | |) |
   |_|   |___| |___/   |_|     |___/   |_|   /_/ \_\ |_|_\   |_|   |___| |___/ 

Reducing product from cart page(product;reducing-product-from-cart-page)
--------------------------------------------------------------------------------
16:12:24.270 [main] DEBUG net.thucydides.core.steps.StepInterceptor - STARTING STEP: ProductSteps.goToHomePage - clickToolbarTitle
16:12:24.272 [main] DEBUG net.thucydides.core.steps.StepInterceptor - STEP DONE: clickToolbarTitle
  &amp#27;[32mGiven &amp#27;[0m&amp#27;[32mI go to the alta-shop home page&amp#27;[0m          &amp#27;[90m# starter.stepdefinitions.ProductSteps.goToHomePage()&amp#27;[0m
16:12:24.275 [main] DEBUG net.thucydides.core.steps.StepInterceptor - STARTING STEP: ProductSteps.chooseTheProduct - validateTheProduct
16:12:24.275 [main] DEBUG net.thucydides.core.steps.StepInterceptor - STEP DONE: validateTheProduct
  &amp#27;[32mAnd &amp#27;[0m&amp#27;[32mI choose the product&amp#27;[0m                       &amp#27;[90m# starter.stepdefinitions.ProductSteps.chooseTheProduct()&amp#27;[0m
16:12:24.278 [main] DEBUG net.thucydides.core.steps.StepInterceptor - STARTING STEP: ProductSteps.clickBeliButton - clickBeliButton
16:12:24.280 [main] DEBUG net.thucydides.core.steps.StepInterceptor - STEP DONE: clickBeliButton
  &amp#27;[32mWhen &amp#27;[0m&amp#27;[32mI click BELI button from the product&amp#27;[0m      &amp#27;[90m# starter.stepdefinitions.ProductSteps.clickBeliButton()&amp#27;[0m
16:12:24.282 [main] DEBUG net.thucydides.core.steps.StepInterceptor - STARTING STEP: ProductSteps.clickReducedProduct - clickReduceProduct
16:12:24.284 [main] DEBUG net.thucydides.core.steps.StepInterceptor - STEP DONE: clickReduceProduct
  &amp#27;[32mAnd &amp#27;[0m&amp#27;[32mI am reducing 1 product in order page&amp#27;[0m      &amp#27;[90m# starter.stepdefinitions.ProductSteps.clickReducedProduct()&amp#27;[0m
16:12:24.287 [main] DEBUG net.thucydides.core.steps.StepInterceptor - STARTING STEP: ProductSteps.validateQuantityReduced - validateQuantityReduced
16:12:24.287 [main] DEBUG net.thucydides.core.steps.StepInterceptor - STEP DONE: validateQuantityReduced
  &amp#27;[32mThen &amp#27;[0m&amp#27;[32mI should see that the product has reduced&amp#27;[0m &amp#27;[90m# starter.stepdefinitions.ProductSteps.validateQuantityReduced()&amp#27;[0m
16:12:24.288 [main] INFO  - 
  _____   ___   ___   _____     ___     _     ___   ___   ___   ___  
 |_   _| | __| / __| |_   _|   | _ \   /_\   / __| / __| | __| |   \ 
   | |   | _|  \__ \   | |     |  _/  / _ \  \__ \ \__ \ | _|  | |) |
   |_|   |___| |___/   |_|     |_|   /_/ \_\ |___/ |___/ |___| |___/ 

Reducing product from cart page
----------------------------------------------------------------------
]]></system-out>
  </testcase>
  <testcase name="View product detail" classname="Product" time="0.068">
    <system-out><![CDATA[
Scenario: View product detail                 &amp#27;[90m# src/test/resources/features/3. Product.feature:33&amp#27;[0m
16:12:24.293 [main] DEBUG io.cucumber.core.plugin.SerenityReporter - Running feature from file:///C:/Users/WINDOWS%2010/Documents/GitHub/MiniProject_QE/Web/code/minpro/src/test/resources/features/3.%20Product.feature
16:12:24.296 [main] INFO  - 
  _____   ___   ___   _____     ___   _____     _     ___   _____   ___   ___  
 |_   _| | __| / __| |_   _|   / __| |_   _|   /_\   | _ \ |_   _| | __| |   \ 
   | |   | _|  \__ \   | |     \__ \   | |    / _ \  |   /   | |   | _|  | |) |
   |_|   |___| |___/   |_|     |___/   |_|   /_/ \_\ |_|_\   |_|   |___| |___/ 

View product detail(product;view-product-detail)
--------------------------------------------------------------------------------
16:12:24.329 [main] DEBUG net.thucydides.core.steps.StepInterceptor - STARTING STEP: ProductSteps.goToHomePage - clickToolbarTitle
16:12:24.331 [main] DEBUG net.thucydides.core.steps.StepInterceptor - STEP DONE: clickToolbarTitle
  &amp#27;[32mGiven &amp#27;[0m&amp#27;[32mI go to the alta-shop home page&amp#27;[0m       &amp#27;[90m# starter.stepdefinitions.ProductSteps.goToHomePage()&amp#27;[0m
16:12:24.335 [main] DEBUG net.thucydides.core.steps.StepInterceptor - STARTING STEP: ProductSteps.chooseTheProduct - validateTheProduct
16:12:24.335 [main] DEBUG net.thucydides.core.steps.StepInterceptor - STEP DONE: validateTheProduct
  &amp#27;[32mAnd &amp#27;[0m&amp#27;[32mI choose the product&amp#27;[0m                    &amp#27;[90m# starter.stepdefinitions.ProductSteps.chooseTheProduct()&amp#27;[0m
16:12:24.339 [main] DEBUG net.thucydides.core.steps.StepInterceptor - STARTING STEP: ProductSteps.clickDetailButton - clickDetailButton
16:12:24.343 [main] DEBUG net.thucydides.core.steps.StepInterceptor - STEP DONE: clickDetailButton
  &amp#27;[32mWhen &amp#27;[0m&amp#27;[32mI click DETAIL button from the product&amp#27;[0m &amp#27;[90m# starter.stepdefinitions.ProductSteps.clickDetailButton()&amp#27;[0m
16:12:24.349 [main] DEBUG net.thucydides.core.steps.StepInterceptor - STARTING STEP: ProductSteps.validateOnDetailProductPage - validateOnDetailProductPage
16:12:24.351 [main] DEBUG net.thucydides.core.steps.StepInterceptor - STEP DONE: validateOnDetailProductPage
  &amp#27;[32mThen &amp#27;[0m&amp#27;[32mI should see detail of the product&amp#27;[0m     &amp#27;[90m# starter.stepdefinitions.ProductSteps.validateOnDetailProductPage()&amp#27;[0m
16:12:24.355 [main] INFO  - 
  _____   ___   ___   _____     ___     _     ___   ___   ___   ___  
 |_   _| | __| / __| |_   _|   | _ \   /_\   / __| / __| | __| |   \ 
   | |   | _|  \__ \   | |     |  _/  / _ \  \__ \ \__ \ | _|  | |) |
   |_|   |___| |___/   |_|     |_|   /_/ \_\ |___/ |___/ |___| |___/ 

View product detail
----------------------------------------------------------------------
]]></system-out>
  </testcase>
  <testcase name="Select category" classname="Category" time="9.49">
    <system-out><![CDATA[16:12:24.357 [main] DEBUG io.cucumber.core.plugin.SerenityReporter - Running feature from file:///C:/Users/WINDOWS%2010/Documents/GitHub/MiniProject_QE/Web/code/minpro/src/test/resources/features/4.%20Category.feature
16:12:24.363 [main] DEBUG net.thucydides.core.steps.StepEventBus - Test suite started for story net.thucydides.core.model.Story@45bcdf51
16:12:24.365 [main] INFO  - Test Suite Started: Category

Scenario: Select category                                &amp#27;[90m# src/test/resources/features/4. Category.feature:7&amp#27;[0m
16:12:24.372 [main] DEBUG io.cucumber.core.plugin.SerenityReporter - Running feature from file:///C:/Users/WINDOWS%2010/Documents/GitHub/MiniProject_QE/Web/code/minpro/src/test/resources/features/4.%20Category.feature
16:12:24.377 [main] INFO  - 
  _____   ___   ___   _____     ___   _____     _     ___   _____   ___   ___  
 |_   _| | __| / __| |_   _|   / __| |_   _|   /_\   | _ \ |_   _| | __| |   \ 
   | |   | _|  \__ \   | |     \__ \   | |    / _ \  |   /   | |   | _|  | |) |
   |_|   |___| |___/   |_|     |___/   |_|   /_/ \_\ |_|_\   |_|   |___| |___/ 

Select category(category;select-category)
--------------------------------------------------------------------------------
16:12:24.404 [main] DEBUG net.thucydides.core.steps.StepInterceptor - STARTING STEP: CategorySteps.goToHomePage - openPage
16:12:24.439 [main] INFO net.serenitybdd.core.webdriver.driverproviders.ChromeDriverProvider - Starting Chrome driver instance with capabilities:
16:12:24.439 [main] INFO net.serenitybdd.core.webdriver.driverproviders.ChromeDriverProvider - Capabilities {acceptInsecureCerts: false, browserName: chrome, goog:chromeOptions: {args: [remote-allow-origins=*], extensions: []}}
16:12:24.516 [AsyncHttpClient-1-3] DEBUG org.asynchttpclient.netty.channel.NettyConnectListener - Using new Channel '[id: 0x9d709f95, L:/127.0.0.1:51378 - R:localhost/127.0.0.1:46773]' for 'POST' to '/session'
16:12:25.122 [AsyncHttpClient-1-3] DEBUG org.asynchttpclient.netty.handler.HttpHandler - 

Request DefaultHttpRequest(decodeResult: success, version: HTTP/1.1)
POST /session HTTP/1.1
User-Agent: selenium/4.8.1 (java windows)
Content-Length: 507
Content-Type: application/json; charset=utf-8
host: localhost:46773
accept: */*

Response DefaultHttpResponse(decodeResult: success, version: HTTP/1.1)
HTTP/1.1 200 OK
Content-Length: 863
Content-Type: application/json; charset=utf-8
cache-control: no-cache

16:12:25.122 [AsyncHttpClient-1-3] DEBUG org.asynchttpclient.netty.channel.ChannelManager - Adding key: http://localhost:46773 for channel [id: 0x9d709f95, L:/127.0.0.1:51378 - R:localhost/127.0.0.1:46773]
16:12:25.125 [AsyncHttpClient-1-4] DEBUG org.asynchttpclient.netty.channel.NettyConnectListener - Using new Channel '[id: 0xb5704519, L:/127.0.0.1:51386 - R:localhost/127.0.0.1:51379]' for 'GET' to '/json/version'
16:12:25.125 [AsyncHttpClient-1-4] DEBUG org.asynchttpclient.netty.handler.HttpHandler - 

Request DefaultFullHttpRequest(decodeResult: success, version: HTTP/1.1, content: EmptyByteBufBE)
GET /json/version HTTP/1.1
User-Agent: selenium/4.8.1 (java windows)
host: localhost:51379
accept: */*

Response DefaultHttpResponse(decodeResult: success, version: HTTP/1.1)
HTTP/1.1 200 OK
Content-Security-Policy: frame-ancestors 'none'
Content-Length: 424
Content-Type: application/json; charset=UTF-8

16:12:25.126 [AsyncHttpClient-1-4] DEBUG org.asynchttpclient.netty.channel.ChannelManager - Adding key: http://localhost:51379 for channel [id: 0xb5704519, L:/127.0.0.1:51386 - R:localhost/127.0.0.1:51379]
16:12:25.127 [AsyncHttpClient-1-5] DEBUG org.asynchttpclient.netty.channel.NettyConnectListener - Using new Channel '[id: 0x14997654, L:/127.0.0.1:51387 - R:localhost/127.0.0.1:51379]' for 'GET' to '/devtools/browser/5793b745-8fcd-414e-b62f-df4301f0d5e7'
16:12:25.127 [AsyncHttpClient-1-5] DEBUG org.asynchttpclient.netty.handler.WebSocketHandler - 

Request DefaultFullHttpRequest(decodeResult: success, version: HTTP/1.1, content: EmptyByteBufBE)
GET /devtools/browser/5793b745-8fcd-414e-b62f-df4301f0d5e7 HTTP/1.1
upgrade: websocket
connection: upgrade
sec-websocket-key: 3UsPUhFNWaqnOu2B6kUW6A==
sec-websocket-version: 13
origin: http://localhost:51379
host: localhost:51379
accept: */*
user-agent: AHC/2.1

Response DefaultHttpResponse(decodeResult: success, version: HTTP/1.1)
HTTP/1.1 101 WebSocket Protocol Handshake
Upgrade: WebSocket
Connection: Upgrade
Sec-WebSocket-Accept: lUk83cLC/mbAd68+tDsovLBnzic=

16:12:25.130 [Forwarding get on session 6483dfab1f8ea2dc52c697147cb03b33 to remote] DEBUG org.asynchttpclient.netty.request.NettyRequestSender - Using pooled Channel '[id: 0x9d709f95, L:/127.0.0.1:51378 - R:localhost/127.0.0.1:46773]' for 'POST' to 'http://localhost:46773/session/6483dfab1f8ea2dc52c697147cb03b33/url'
16:12:25.130 [Forwarding get on session 6483dfab1f8ea2dc52c697147cb03b33 to remote] DEBUG org.asynchttpclient.netty.request.NettyRequestSender - Using open Channel [id: 0x9d709f95, L:/127.0.0.1:51378 - R:localhost/127.0.0.1:46773] for POST '/session/6483dfab1f8ea2dc52c697147cb03b33/url'
16:12:25.758 [AsyncHttpClient-1-1] DEBUG org.asynchttpclient.netty.channel.DefaultChannelPool - Entry count for : http://localhost:51379 : 1
16:12:26.856 [AsyncHttpClient-1-1] DEBUG org.asynchttpclient.netty.channel.DefaultChannelPool - Entry count for : http://localhost:51379 : 1
16:12:27.964 [AsyncHttpClient-1-1] DEBUG org.asynchttpclient.netty.channel.DefaultChannelPool - Entry count for : http://localhost:51379 : 1
16:12:29.057 [AsyncHttpClient-1-1] DEBUG org.asynchttpclient.netty.channel.DefaultChannelPool - Entry count for : http://localhost:51379 : 1
16:12:30.094 [AsyncHttpClient-1-3] DEBUG org.asynchttpclient.netty.handler.HttpHandler - 

Request DefaultHttpRequest(decodeResult: success, version: HTTP/1.1)
POST /session/6483dfab1f8ea2dc52c697147cb03b33/url HTTP/1.1
User-Agent: selenium/4.8.1 (java windows)
Content-Length: 74
Content-Type: application/json; charset=utf-8
host: localhost:46773
accept: */*

Response DefaultHttpResponse(decodeResult: success, version: HTTP/1.1)
HTTP/1.1 200 OK
Content-Length: 14
Content-Type: application/json; charset=utf-8
cache-control: no-cache

16:12:30.094 [AsyncHttpClient-1-3] DEBUG org.asynchttpclient.netty.channel.ChannelManager - Adding key: http://localhost:46773 for channel [id: 0x9d709f95, L:/127.0.0.1:51378 - R:localhost/127.0.0.1:46773]
16:12:30.095 [Forwarding setTimeout on session 6483dfab1f8ea2dc52c697147cb03b33 to remote] DEBUG org.asynchttpclient.netty.request.NettyRequestSender - Using pooled Channel '[id: 0x9d709f95, L:/127.0.0.1:51378 - R:localhost/127.0.0.1:46773]' for 'POST' to 'http://localhost:46773/session/6483dfab1f8ea2dc52c697147cb03b33/timeouts'
16:12:30.095 [Forwarding setTimeout on session 6483dfab1f8ea2dc52c697147cb03b33 to remote] DEBUG org.asynchttpclient.netty.request.NettyRequestSender - Using open Channel [id: 0x9d709f95, L:/127.0.0.1:51378 - R:localhost/127.0.0.1:46773] for POST '/session/6483dfab1f8ea2dc52c697147cb03b33/timeouts'
16:12:30.096 [AsyncHttpClient-1-3] DEBUG org.asynchttpclient.netty.handler.HttpHandler - 

Request DefaultHttpRequest(decodeResult: success, version: HTTP/1.1)
POST /session/6483dfab1f8ea2dc52c697147cb03b33/timeouts HTTP/1.1
User-Agent: selenium/4.8.1 (java windows)
Content-Length: 22
Content-Type: application/json; charset=utf-8
host: localhost:46773
accept: */*

Response DefaultHttpResponse(decodeResult: success, version: HTTP/1.1)
HTTP/1.1 200 OK
Content-Length: 14
Content-Type: application/json; charset=utf-8
cache-control: no-cache

16:12:30.096 [AsyncHttpClient-1-3] DEBUG org.asynchttpclient.netty.channel.ChannelManager - Adding key: http://localhost:46773 for channel [id: 0x9d709f95, L:/127.0.0.1:51378 - R:localhost/127.0.0.1:46773]
16:12:30.099 [main] DEBUG net.serenitybdd.core.photography.Darkroom - Opening darkroom
16:12:30.099 [Darkroom Processing Line] DEBUG net.serenitybdd.core.photography.DarkroomProcessingLine - Darkroom processing line starting up
16:12:30.100 [Forwarding getAlertText on session 6483dfab1f8ea2dc52c697147cb03b33 to remote] DEBUG org.asynchttpclient.netty.request.NettyRequestSender - Using pooled Channel '[id: 0x9d709f95, L:/127.0.0.1:51378 - R:localhost/127.0.0.1:46773]' for 'GET' to 'http://localhost:46773/session/6483dfab1f8ea2dc52c697147cb03b33/alert/text'
16:12:30.100 [Forwarding getAlertText on session 6483dfab1f8ea2dc52c697147cb03b33 to remote] DEBUG org.asynchttpclient.netty.request.NettyRequestSender - Using open Channel [id: 0x9d709f95, L:/127.0.0.1:51378 - R:localhost/127.0.0.1:46773] for GET '/session/6483dfab1f8ea2dc52c697147cb03b33/alert/text'
16:12:30.101 [AsyncHttpClient-1-3] DEBUG org.asynchttpclient.netty.handler.HttpHandler - 

Request DefaultFullHttpRequest(decodeResult: success, version: HTTP/1.1, content: EmptyByteBufBE)
GET /session/6483dfab1f8ea2dc52c697147cb03b33/alert/text HTTP/1.1
User-Agent: selenium/4.8.1 (java windows)
Cache-Control: no-cache
Content-Type: application/json; charset=utf-8
host: localhost:46773
accept: */*

Response DefaultHttpResponse(decodeResult: success, version: HTTP/1.1)
HTTP/1.1 404 Not Found
Content-Length: 836
Content-Type: application/json; charset=utf-8
cache-control: no-cache

16:12:30.101 [AsyncHttpClient-1-3] DEBUG org.asynchttpclient.netty.channel.ChannelManager - Adding key: http://localhost:46773 for channel [id: 0x9d709f95, L:/127.0.0.1:51378 - R:localhost/127.0.0.1:46773]
16:12:30.102 [Forwarding getCurrentUrl on session 6483dfab1f8ea2dc52c697147cb03b33 to remote] DEBUG org.asynchttpclient.netty.request.NettyRequestSender - Using pooled Channel '[id: 0x9d709f95, L:/127.0.0.1:51378 - R:localhost/127.0.0.1:46773]' for 'GET' to 'http://localhost:46773/session/6483dfab1f8ea2dc52c697147cb03b33/url'
16:12:30.102 [Forwarding getCurrentUrl on session 6483dfab1f8ea2dc52c697147cb03b33 to remote] DEBUG org.asynchttpclient.netty.request.NettyRequestSender - Using open Channel [id: 0x9d709f95, L:/127.0.0.1:51378 - R:localhost/127.0.0.1:46773] for GET '/session/6483dfab1f8ea2dc52c697147cb03b33/url'
16:12:30.105 [AsyncHttpClient-1-3] DEBUG org.asynchttpclient.netty.handler.HttpHandler - 

Request DefaultFullHttpRequest(decodeResult: success, version: HTTP/1.1, content: EmptyByteBufBE)
GET /session/6483dfab1f8ea2dc52c697147cb03b33/url HTTP/1.1
User-Agent: selenium/4.8.1 (java windows)
Cache-Control: no-cache
Content-Type: application/json; charset=utf-8
host: localhost:46773
accept: */*

Response DefaultHttpResponse(decodeResult: success, version: HTTP/1.1)
HTTP/1.1 200 OK
Content-Length: 51
Content-Type: application/json; charset=utf-8
cache-control: no-cache

16:12:30.105 [AsyncHttpClient-1-3] DEBUG org.asynchttpclient.netty.channel.ChannelManager - Adding key: http://localhost:46773 for channel [id: 0x9d709f95, L:/127.0.0.1:51378 - R:localhost/127.0.0.1:46773]
16:12:30.105 [Forwarding screenshot on session 6483dfab1f8ea2dc52c697147cb03b33 to remote] DEBUG org.asynchttpclient.netty.request.NettyRequestSender - Using pooled Channel '[id: 0x9d709f95, L:/127.0.0.1:51378 - R:localhost/127.0.0.1:46773]' for 'GET' to 'http://localhost:46773/session/6483dfab1f8ea2dc52c697147cb03b33/screenshot'
16:12:30.105 [Forwarding screenshot on session 6483dfab1f8ea2dc52c697147cb03b33 to remote] DEBUG org.asynchttpclient.netty.request.NettyRequestSender - Using open Channel [id: 0x9d709f95, L:/127.0.0.1:51378 - R:localhost/127.0.0.1:46773] for GET '/session/6483dfab1f8ea2dc52c697147cb03b33/screenshot'
16:12:30.158 [AsyncHttpClient-1-1] DEBUG org.asynchttpclient.netty.channel.DefaultChannelPool - Entry count for : http://localhost:51379 : 1
16:12:30.178 [AsyncHttpClient-1-3] DEBUG org.asynchttpclient.netty.handler.HttpHandler - 

Request DefaultFullHttpRequest(decodeResult: success, version: HTTP/1.1, content: EmptyByteBufBE)
GET /session/6483dfab1f8ea2dc52c697147cb03b33/screenshot HTTP/1.1
User-Agent: selenium/4.8.1 (java windows)
Cache-Control: no-cache
Content-Type: application/json; charset=utf-8
host: localhost:46773
accept: */*

Response DefaultHttpResponse(decodeResult: success, version: HTTP/1.1)
HTTP/1.1 200 OK
Content-Length: 25208
Content-Type: application/json; charset=utf-8
cache-control: no-cache

16:12:30.179 [AsyncHttpClient-1-3] DEBUG org.asynchttpclient.netty.channel.ChannelManager - Adding key: http://localhost:46773 for channel [id: 0x9d709f95, L:/127.0.0.1:51378 - R:localhost/127.0.0.1:46773]
16:12:30.179 [main] DEBUG net.serenitybdd.core.photography.Darkroom - Send negative for processing for target\site\serenity\edb14d4aab401efa0e4fb99861e6ffcafebc86a67b69f7828890b9910ed2ddbd.png
16:12:30.180 [main] DEBUG net.thucydides.core.steps.StepInterceptor - STEP DONE: openPage
16:12:30.183 [Forwarding getPageSource on session 6483dfab1f8ea2dc52c697147cb03b33 to remote] DEBUG org.asynchttpclient.netty.request.NettyRequestSender - Using pooled Channel '[id: 0x9d709f95, L:/127.0.0.1:51378 - R:localhost/127.0.0.1:46773]' for 'POST' to 'http://localhost:46773/session/6483dfab1f8ea2dc52c697147cb03b33/execute/sync'
16:12:30.183 [Forwarding getPageSource on session 6483dfab1f8ea2dc52c697147cb03b33 to remote] DEBUG org.asynchttpclient.netty.request.NettyRequestSender - Using open Channel [id: 0x9d709f95, L:/127.0.0.1:51378 - R:localhost/127.0.0.1:46773] for POST '/session/6483dfab1f8ea2dc52c697147cb03b33/execute/sync'
16:12:30.188 [AsyncHttpClient-1-3] DEBUG org.asynchttpclient.netty.handler.HttpHandler - 

Request DefaultHttpRequest(decodeResult: success, version: HTTP/1.1)
POST /session/6483dfab1f8ea2dc52c697147cb03b33/execute/sync HTTP/1.1
User-Agent: selenium/4.8.1 (java windows)
Content-Length: 176
Content-Type: application/json; charset=utf-8
host: localhost:46773
accept: */*

Response DefaultHttpResponse(decodeResult: success, version: HTTP/1.1)
HTTP/1.1 200 OK
Content-Length: 21659
Content-Type: application/json; charset=utf-8
cache-control: no-cache

16:12:30.188 [AsyncHttpClient-1-3] DEBUG org.asynchttpclient.netty.channel.ChannelManager - Adding key: http://localhost:46773 for channel [id: 0x9d709f95, L:/127.0.0.1:51378 - R:localhost/127.0.0.1:46773]
16:12:30.189 [Forwarding getCurrentUrl on session 6483dfab1f8ea2dc52c697147cb03b33 to remote] DEBUG org.asynchttpclient.netty.request.NettyRequestSender - Using pooled Channel '[id: 0x9d709f95, L:/127.0.0.1:51378 - R:localhost/127.0.0.1:46773]' for 'GET' to 'http://localhost:46773/session/6483dfab1f8ea2dc52c697147cb03b33/url'
16:12:30.189 [Forwarding getCurrentUrl on session 6483dfab1f8ea2dc52c697147cb03b33 to remote] DEBUG org.asynchttpclient.netty.request.NettyRequestSender - Using open Channel [id: 0x9d709f95, L:/127.0.0.1:51378 - R:localhost/127.0.0.1:46773] for GET '/session/6483dfab1f8ea2dc52c697147cb03b33/url'
16:12:30.192 [AsyncHttpClient-1-3] DEBUG org.asynchttpclient.netty.handler.HttpHandler - 

Request DefaultFullHttpRequest(decodeResult: success, version: HTTP/1.1, content: EmptyByteBufBE)
GET /session/6483dfab1f8ea2dc52c697147cb03b33/url HTTP/1.1
User-Agent: selenium/4.8.1 (java windows)
Cache-Control: no-cache
Content-Type: application/json; charset=utf-8
host: localhost:46773
accept: */*

Response DefaultHttpResponse(decodeResult: success, version: HTTP/1.1)
HTTP/1.1 200 OK
Content-Length: 51
Content-Type: application/json; charset=utf-8
cache-control: no-cache

16:12:30.192 [AsyncHttpClient-1-3] DEBUG org.asynchttpclient.netty.channel.ChannelManager - Adding key: http://localhost:46773 for channel [id: 0x9d709f95, L:/127.0.0.1:51378 - R:localhost/127.0.0.1:46773]
16:12:30.193 [main] DEBUG net.thucydides.core.steps.StepInterceptor - STARTING STEP: CategorySteps.goToHomePage - clickToolbarTitle
16:12:30.195 [Forwarding findElement on session 6483dfab1f8ea2dc52c697147cb03b33 to remote] DEBUG org.asynchttpclient.netty.request.NettyRequestSender - Using pooled Channel '[id: 0x9d709f95, L:/127.0.0.1:51378 - R:localhost/127.0.0.1:46773]' for 'POST' to 'http://localhost:46773/session/6483dfab1f8ea2dc52c697147cb03b33/element'
16:12:30.195 [Forwarding findElement on session 6483dfab1f8ea2dc52c697147cb03b33 to remote] DEBUG org.asynchttpclient.netty.request.NettyRequestSender - Using open Channel [id: 0x9d709f95, L:/127.0.0.1:51378 - R:localhost/127.0.0.1:46773] for POST '/session/6483dfab1f8ea2dc52c697147cb03b33/element'
16:12:30.202 [AsyncHttpClient-1-3] DEBUG org.asynchttpclient.netty.handler.HttpHandler - 

Request DefaultHttpRequest(decodeResult: success, version: HTTP/1.1)
POST /session/6483dfab1f8ea2dc52c697147cb03b33/element HTTP/1.1
User-Agent: selenium/4.8.1 (java windows)
Content-Length: 63
Content-Type: application/json; charset=utf-8
host: localhost:46773
accept: */*

Response DefaultHttpResponse(decodeResult: success, version: HTTP/1.1)
HTTP/1.1 200 OK
Content-Length: 88
Content-Type: application/json; charset=utf-8
cache-control: no-cache

16:12:30.203 [AsyncHttpClient-1-3] DEBUG org.asynchttpclient.netty.channel.ChannelManager - Adding key: http://localhost:46773 for channel [id: 0x9d709f95, L:/127.0.0.1:51378 - R:localhost/127.0.0.1:46773]
16:12:30.203 [Forwarding getElementTagName on session 6483dfab1f8ea2dc52c697147cb03b33 to remote] DEBUG org.asynchttpclient.netty.request.NettyRequestSender - Using pooled Channel '[id: 0x9d709f95, L:/127.0.0.1:51378 - R:localhost/127.0.0.1:46773]' for 'GET' to 'http://localhost:46773/session/6483dfab1f8ea2dc52c697147cb03b33/element/7aad2bab-3035-4efc-b520-1bf7cb7c3775/name'
16:12:30.203 [Forwarding getElementTagName on session 6483dfab1f8ea2dc52c697147cb03b33 to remote] DEBUG org.asynchttpclient.netty.request.NettyRequestSender - Using open Channel [id: 0x9d709f95, L:/127.0.0.1:51378 - R:localhost/127.0.0.1:46773] for GET '/session/6483dfab1f8ea2dc52c697147cb03b33/element/7aad2bab-3035-4efc-b520-1bf7cb7c3775/name'
16:12:30.206 [AsyncHttpClient-1-3] DEBUG org.asynchttpclient.netty.handler.HttpHandler - 

Request DefaultFullHttpRequest(decodeResult: success, version: HTTP/1.1, content: EmptyByteBufBE)
GET /session/6483dfab1f8ea2dc52c697147cb03b33/element/7aad2bab-3035-4efc-b520-1bf7cb7c3775/name HTTP/1.1
User-Agent: selenium/4.8.1 (java windows)
Cache-Control: no-cache
Content-Type: application/json; charset=utf-8
host: localhost:46773
accept: */*

Response DefaultHttpResponse(decodeResult: success, version: HTTP/1.1)
HTTP/1.1 200 OK
Content-Length: 15
Content-Type: application/json; charset=utf-8
cache-control: no-cache

16:12:30.207 [AsyncHttpClient-1-3] DEBUG org.asynchttpclient.netty.channel.ChannelManager - Adding key: http://localhost:46773 for channel [id: 0x9d709f95, L:/127.0.0.1:51378 - R:localhost/127.0.0.1:46773]
16:12:30.207 [Forwarding getElementTagName on session 6483dfab1f8ea2dc52c697147cb03b33 to remote] DEBUG org.asynchttpclient.netty.request.NettyRequestSender - Using pooled Channel '[id: 0x9d709f95, L:/127.0.0.1:51378 - R:localhost/127.0.0.1:46773]' for 'GET' to 'http://localhost:46773/session/6483dfab1f8ea2dc52c697147cb03b33/element/7aad2bab-3035-4efc-b520-1bf7cb7c3775/name'
16:12:30.207 [Forwarding getElementTagName on session 6483dfab1f8ea2dc52c697147cb03b33 to remote] DEBUG org.asynchttpclient.netty.request.NettyRequestSender - Using open Channel [id: 0x9d709f95, L:/127.0.0.1:51378 - R:localhost/127.0.0.1:46773] for GET '/session/6483dfab1f8ea2dc52c697147cb03b33/element/7aad2bab-3035-4efc-b520-1bf7cb7c3775/name'
16:12:30.210 [AsyncHttpClient-1-3] DEBUG org.asynchttpclient.netty.handler.HttpHandler - 

Request DefaultFullHttpRequest(decodeResult: success, version: HTTP/1.1, content: EmptyByteBufBE)
GET /session/6483dfab1f8ea2dc52c697147cb03b33/element/7aad2bab-3035-4efc-b520-1bf7cb7c3775/name HTTP/1.1
User-Agent: selenium/4.8.1 (java windows)
Cache-Control: no-cache
Content-Type: application/json; charset=utf-8
host: localhost:46773
accept: */*

Response DefaultHttpResponse(decodeResult: success, version: HTTP/1.1)
HTTP/1.1 200 OK
Content-Length: 15
Content-Type: application/json; charset=utf-8
cache-control: no-cache

16:12:30.210 [AsyncHttpClient-1-3] DEBUG org.asynchttpclient.netty.channel.ChannelManager - Adding key: http://localhost:46773 for channel [id: 0x9d709f95, L:/127.0.0.1:51378 - R:localhost/127.0.0.1:46773]
16:12:30.211 [Forwarding findElement on session 6483dfab1f8ea2dc52c697147cb03b33 to remote] DEBUG org.asynchttpclient.netty.request.NettyRequestSender - Using pooled Channel '[id: 0x9d709f95, L:/127.0.0.1:51378 - R:localhost/127.0.0.1:46773]' for 'POST' to 'http://localhost:46773/session/6483dfab1f8ea2dc52c697147cb03b33/element'
16:12:30.211 [Forwarding findElement on session 6483dfab1f8ea2dc52c697147cb03b33 to remote] DEBUG org.asynchttpclient.netty.request.NettyRequestSender - Using open Channel [id: 0x9d709f95, L:/127.0.0.1:51378 - R:localhost/127.0.0.1:46773] for POST '/session/6483dfab1f8ea2dc52c697147cb03b33/element'
16:12:30.216 [AsyncHttpClient-1-3] DEBUG org.asynchttpclient.netty.handler.HttpHandler - 

Request DefaultHttpRequest(decodeResult: success, version: HTTP/1.1)
POST /session/6483dfab1f8ea2dc52c697147cb03b33/element HTTP/1.1
User-Agent: selenium/4.8.1 (java windows)
Content-Length: 63
Content-Type: application/json; charset=utf-8
host: localhost:46773
accept: */*

Response DefaultHttpResponse(decodeResult: success, version: HTTP/1.1)
HTTP/1.1 200 OK
Content-Length: 88
Content-Type: application/json; charset=utf-8
cache-control: no-cache

16:12:30.216 [AsyncHttpClient-1-3] DEBUG org.asynchttpclient.netty.channel.ChannelManager - Adding key: http://localhost:46773 for channel [id: 0x9d709f95, L:/127.0.0.1:51378 - R:localhost/127.0.0.1:46773]
16:12:30.216 [Forwarding clickElement on session 6483dfab1f8ea2dc52c697147cb03b33 to remote] DEBUG org.asynchttpclient.netty.request.NettyRequestSender - Using pooled Channel '[id: 0x9d709f95, L:/127.0.0.1:51378 - R:localhost/127.0.0.1:46773]' for 'POST' to 'http://localhost:46773/session/6483dfab1f8ea2dc52c697147cb03b33/element/7aad2bab-3035-4efc-b520-1bf7cb7c3775/click'
16:12:30.216 [Forwarding clickElement on session 6483dfab1f8ea2dc52c697147cb03b33 to remote] DEBUG org.asynchttpclient.netty.request.NettyRequestSender - Using open Channel [id: 0x9d709f95, L:/127.0.0.1:51378 - R:localhost/127.0.0.1:46773] for POST '/session/6483dfab1f8ea2dc52c697147cb03b33/element/7aad2bab-3035-4efc-b520-1bf7cb7c3775/click'
16:12:30.260 [AsyncHttpClient-1-3] DEBUG org.asynchttpclient.netty.handler.HttpHandler - 

Request DefaultHttpRequest(decodeResult: success, version: HTTP/1.1)
POST /session/6483dfab1f8ea2dc52c697147cb03b33/element/7aad2bab-3035-4efc-b520-1bf7cb7c3775/click HTTP/1.1
User-Agent: selenium/4.8.1 (java windows)
Content-Length: 50
Content-Type: application/json; charset=utf-8
host: localhost:46773
accept: */*

Response DefaultHttpResponse(decodeResult: success, version: HTTP/1.1)
HTTP/1.1 200 OK
Content-Length: 14
Content-Type: application/json; charset=utf-8
cache-control: no-cache

16:12:30.260 [AsyncHttpClient-1-3] DEBUG org.asynchttpclient.netty.channel.ChannelManager - Adding key: http://localhost:46773 for channel [id: 0x9d709f95, L:/127.0.0.1:51378 - R:localhost/127.0.0.1:46773]
16:12:30.264 [Forwarding getAlertText on session 6483dfab1f8ea2dc52c697147cb03b33 to remote] DEBUG org.asynchttpclient.netty.request.NettyRequestSender - Using pooled Channel '[id: 0x9d709f95, L:/127.0.0.1:51378 - R:localhost/127.0.0.1:46773]' for 'GET' to 'http://localhost:46773/session/6483dfab1f8ea2dc52c697147cb03b33/alert/text'
16:12:30.264 [Forwarding getAlertText on session 6483dfab1f8ea2dc52c697147cb03b33 to remote] DEBUG org.asynchttpclient.netty.request.NettyRequestSender - Using open Channel [id: 0x9d709f95, L:/127.0.0.1:51378 - R:localhost/127.0.0.1:46773] for GET '/session/6483dfab1f8ea2dc52c697147cb03b33/alert/text'
16:12:30.266 [AsyncHttpClient-1-3] DEBUG org.asynchttpclient.netty.handler.HttpHandler - 

Request DefaultFullHttpRequest(decodeResult: success, version: HTTP/1.1, content: EmptyByteBufBE)
GET /session/6483dfab1f8ea2dc52c697147cb03b33/alert/text HTTP/1.1
User-Agent: selenium/4.8.1 (java windows)
Cache-Control: no-cache
Content-Type: application/json; charset=utf-8
host: localhost:46773
accept: */*

Response DefaultHttpResponse(decodeResult: success, version: HTTP/1.1)
HTTP/1.1 404 Not Found
Content-Length: 836
Content-Type: application/json; charset=utf-8
cache-control: no-cache

16:12:30.266 [AsyncHttpClient-1-3] DEBUG org.asynchttpclient.netty.channel.ChannelManager - Adding key: http://localhost:46773 for channel [id: 0x9d709f95, L:/127.0.0.1:51378 - R:localhost/127.0.0.1:46773]
16:12:30.267 [Forwarding getCurrentUrl on session 6483dfab1f8ea2dc52c697147cb03b33 to remote] DEBUG org.asynchttpclient.netty.request.NettyRequestSender - Using pooled Channel '[id: 0x9d709f95, L:/127.0.0.1:51378 - R:localhost/127.0.0.1:46773]' for 'GET' to 'http://localhost:46773/session/6483dfab1f8ea2dc52c697147cb03b33/url'
16:12:30.267 [Forwarding getCurrentUrl on session 6483dfab1f8ea2dc52c697147cb03b33 to remote] DEBUG org.asynchttpclient.netty.request.NettyRequestSender - Using open Channel [id: 0x9d709f95, L:/127.0.0.1:51378 - R:localhost/127.0.0.1:46773] for GET '/session/6483dfab1f8ea2dc52c697147cb03b33/url'
16:12:30.269 [AsyncHttpClient-1-3] DEBUG org.asynchttpclient.netty.handler.HttpHandler - 

Request DefaultFullHttpRequest(decodeResult: success, version: HTTP/1.1, content: EmptyByteBufBE)
GET /session/6483dfab1f8ea2dc52c697147cb03b33/url HTTP/1.1
User-Agent: selenium/4.8.1 (java windows)
Cache-Control: no-cache
Content-Type: application/json; charset=utf-8
host: localhost:46773
accept: */*

Response DefaultHttpResponse(decodeResult: success, version: HTTP/1.1)
HTTP/1.1 200 OK
Content-Length: 41
Content-Type: application/json; charset=utf-8
cache-control: no-cache

16:12:30.269 [AsyncHttpClient-1-3] DEBUG org.asynchttpclient.netty.channel.ChannelManager - Adding key: http://localhost:46773 for channel [id: 0x9d709f95, L:/127.0.0.1:51378 - R:localhost/127.0.0.1:46773]
16:12:30.269 [Forwarding screenshot on session 6483dfab1f8ea2dc52c697147cb03b33 to remote] DEBUG org.asynchttpclient.netty.request.NettyRequestSender - Using pooled Channel '[id: 0x9d709f95, L:/127.0.0.1:51378 - R:localhost/127.0.0.1:46773]' for 'GET' to 'http://localhost:46773/session/6483dfab1f8ea2dc52c697147cb03b33/screenshot'
16:12:30.269 [Forwarding screenshot on session 6483dfab1f8ea2dc52c697147cb03b33 to remote] DEBUG org.asynchttpclient.netty.request.NettyRequestSender - Using open Channel [id: 0x9d709f95, L:/127.0.0.1:51378 - R:localhost/127.0.0.1:46773] for GET '/session/6483dfab1f8ea2dc52c697147cb03b33/screenshot'
16:12:30.410 [AsyncHttpClient-1-3] DEBUG org.asynchttpclient.netty.handler.HttpHandler - 

Request DefaultFullHttpRequest(decodeResult: success, version: HTTP/1.1, content: EmptyByteBufBE)
GET /session/6483dfab1f8ea2dc52c697147cb03b33/screenshot HTTP/1.1
User-Agent: selenium/4.8.1 (java windows)
Cache-Control: no-cache
Content-Type: application/json; charset=utf-8
host: localhost:46773
accept: */*

Response DefaultHttpResponse(decodeResult: success, version: HTTP/1.1)
HTTP/1.1 200 OK
Content-Length: 25888
Content-Type: application/json; charset=utf-8
cache-control: no-cache

16:12:30.410 [AsyncHttpClient-1-3] DEBUG org.asynchttpclient.netty.channel.ChannelManager - Adding key: http://localhost:46773 for channel [id: 0x9d709f95, L:/127.0.0.1:51378 - R:localhost/127.0.0.1:46773]
16:12:30.412 [main] DEBUG net.serenitybdd.core.photography.Darkroom - Send negative for processing for target\site\serenity\cbf2bc615520d5535698b1c9ec8bbcf4c5b5898f5d72e533a137257bcfad7bc8.png
16:12:30.412 [main] DEBUG net.thucydides.core.steps.StepInterceptor - STEP DONE: clickToolbarTitle
  &amp#27;[32mGiven &amp#27;[0m&amp#27;[32mI go to the alta shop home page&amp#27;[0m                  &amp#27;[90m# starter.stepdefinitions.CategorySteps.goToHomePage()&amp#27;[0m
16:12:30.413 [Darkroom Processing Line] DEBUG net.serenitybdd.core.photography.DarkroomProcessingLine - Processing screenshot image in /var/screenshots/screenshot-12412424296378496662
16:12:30.413 [Darkroom Processing Line] DEBUG net.serenitybdd.core.photography.DarkroomProcessingLine - Saving screenshot to target\site\serenity\cbf2bc615520d5535698b1c9ec8bbcf4c5b5898f5d72e533a137257bcfad7bc8.png
16:12:30.424 [Forwarding getPageSource on session 6483dfab1f8ea2dc52c697147cb03b33 to remote] DEBUG org.asynchttpclient.netty.request.NettyRequestSender - Using pooled Channel '[id: 0x9d709f95, L:/127.0.0.1:51378 - R:localhost/127.0.0.1:46773]' for 'POST' to 'http://localhost:46773/session/6483dfab1f8ea2dc52c697147cb03b33/execute/sync'
16:12:30.424 [Forwarding getPageSource on session 6483dfab1f8ea2dc52c697147cb03b33 to remote] DEBUG org.asynchttpclient.netty.request.NettyRequestSender - Using open Channel [id: 0x9d709f95, L:/127.0.0.1:51378 - R:localhost/127.0.0.1:46773] for POST '/session/6483dfab1f8ea2dc52c697147cb03b33/execute/sync'
16:12:30.430 [AsyncHttpClient-1-3] DEBUG org.asynchttpclient.netty.handler.HttpHandler - 

Request DefaultHttpRequest(decodeResult: success, version: HTTP/1.1)
POST /session/6483dfab1f8ea2dc52c697147cb03b33/execute/sync HTTP/1.1
User-Agent: selenium/4.8.1 (java windows)
Content-Length: 176
Content-Type: application/json; charset=utf-8
host: localhost:46773
accept: */*

Response DefaultHttpResponse(decodeResult: success, version: HTTP/1.1)
HTTP/1.1 200 OK
Content-Length: 28688
Content-Type: application/json; charset=utf-8
cache-control: no-cache

16:12:30.430 [AsyncHttpClient-1-3] DEBUG org.asynchttpclient.netty.channel.ChannelManager - Adding key: http://localhost:46773 for channel [id: 0x9d709f95, L:/127.0.0.1:51378 - R:localhost/127.0.0.1:46773]
16:12:30.432 [Forwarding getCurrentUrl on session 6483dfab1f8ea2dc52c697147cb03b33 to remote] DEBUG org.asynchttpclient.netty.request.NettyRequestSender - Using pooled Channel '[id: 0x9d709f95, L:/127.0.0.1:51378 - R:localhost/127.0.0.1:46773]' for 'GET' to 'http://localhost:46773/session/6483dfab1f8ea2dc52c697147cb03b33/url'
16:12:30.432 [Forwarding getCurrentUrl on session 6483dfab1f8ea2dc52c697147cb03b33 to remote] DEBUG org.asynchttpclient.netty.request.NettyRequestSender - Using open Channel [id: 0x9d709f95, L:/127.0.0.1:51378 - R:localhost/127.0.0.1:46773] for GET '/session/6483dfab1f8ea2dc52c697147cb03b33/url'
16:12:30.438 [AsyncHttpClient-1-3] DEBUG org.asynchttpclient.netty.handler.HttpHandler - 

Request DefaultFullHttpRequest(decodeResult: success, version: HTTP/1.1, content: EmptyByteBufBE)
GET /session/6483dfab1f8ea2dc52c697147cb03b33/url HTTP/1.1
User-Agent: selenium/4.8.1 (java windows)
Cache-Control: no-cache
Content-Type: application/json; charset=utf-8
host: localhost:46773
accept: */*

Response DefaultHttpResponse(decodeResult: success, version: HTTP/1.1)
HTTP/1.1 200 OK
Content-Length: 41
Content-Type: application/json; charset=utf-8
cache-control: no-cache

16:12:30.438 [AsyncHttpClient-1-3] DEBUG org.asynchttpclient.netty.channel.ChannelManager - Adding key: http://localhost:46773 for channel [id: 0x9d709f95, L:/127.0.0.1:51378 - R:localhost/127.0.0.1:46773]
16:12:30.456 [Forwarding getPageSource on session 6483dfab1f8ea2dc52c697147cb03b33 to remote] DEBUG org.asynchttpclient.netty.request.NettyRequestSender - Using pooled Channel '[id: 0x9d709f95, L:/127.0.0.1:51378 - R:localhost/127.0.0.1:46773]' for 'POST' to 'http://localhost:46773/session/6483dfab1f8ea2dc52c697147cb03b33/execute/sync'
16:12:30.456 [Forwarding getPageSource on session 6483dfab1f8ea2dc52c697147cb03b33 to remote] DEBUG org.asynchttpclient.netty.request.NettyRequestSender - Using open Channel [id: 0x9d709f95, L:/127.0.0.1:51378 - R:localhost/127.0.0.1:46773] for POST '/session/6483dfab1f8ea2dc52c697147cb03b33/execute/sync'
16:12:30.463 [AsyncHttpClient-1-3] DEBUG org.asynchttpclient.netty.handler.HttpHandler - 

Request DefaultHttpRequest(decodeResult: success, version: HTTP/1.1)
POST /session/6483dfab1f8ea2dc52c697147cb03b33/execute/sync HTTP/1.1
User-Agent: selenium/4.8.1 (java windows)
Content-Length: 176
Content-Type: application/json; charset=utf-8
host: localhost:46773
accept: */*

Response DefaultHttpResponse(decodeResult: success, version: HTTP/1.1)
HTTP/1.1 200 OK
Content-Length: 28688
Content-Type: application/json; charset=utf-8
cache-control: no-cache

16:12:30.464 [AsyncHttpClient-1-3] DEBUG org.asynchttpclient.netty.channel.ChannelManager - Adding key: http://localhost:46773 for channel [id: 0x9d709f95, L:/127.0.0.1:51378 - R:localhost/127.0.0.1:46773]
16:12:30.465 [Forwarding getCurrentUrl on session 6483dfab1f8ea2dc52c697147cb03b33 to remote] DEBUG org.asynchttpclient.netty.request.NettyRequestSender - Using pooled Channel '[id: 0x9d709f95, L:/127.0.0.1:51378 - R:localhost/127.0.0.1:46773]' for 'GET' to 'http://localhost:46773/session/6483dfab1f8ea2dc52c697147cb03b33/url'
16:12:30.465 [Forwarding getCurrentUrl on session 6483dfab1f8ea2dc52c697147cb03b33 to remote] DEBUG org.asynchttpclient.netty.request.NettyRequestSender - Using open Channel [id: 0x9d709f95, L:/127.0.0.1:51378 - R:localhost/127.0.0.1:46773] for GET '/session/6483dfab1f8ea2dc52c697147cb03b33/url'
16:12:30.470 [AsyncHttpClient-1-3] DEBUG org.asynchttpclient.netty.handler.HttpHandler - 

Request DefaultFullHttpRequest(decodeResult: success, version: HTTP/1.1, content: EmptyByteBufBE)
GET /session/6483dfab1f8ea2dc52c697147cb03b33/url HTTP/1.1
User-Agent: selenium/4.8.1 (java windows)
Cache-Control: no-cache
Content-Type: application/json; charset=utf-8
host: localhost:46773
accept: */*

Response DefaultHttpResponse(decodeResult: success, version: HTTP/1.1)
HTTP/1.1 200 OK
Content-Length: 41
Content-Type: application/json; charset=utf-8
cache-control: no-cache

16:12:30.471 [AsyncHttpClient-1-3] DEBUG org.asynchttpclient.netty.channel.ChannelManager - Adding key: http://localhost:46773 for channel [id: 0x9d709f95, L:/127.0.0.1:51378 - R:localhost/127.0.0.1:46773]
16:12:30.474 [main] DEBUG net.thucydides.core.steps.StepInterceptor - STARTING STEP: CategorySteps.clickSelectCategory - clickSelectCategory
16:12:30.478 [Forwarding findElement on session 6483dfab1f8ea2dc52c697147cb03b33 to remote] DEBUG org.asynchttpclient.netty.request.NettyRequestSender - Using pooled Channel '[id: 0x9d709f95, L:/127.0.0.1:51378 - R:localhost/127.0.0.1:46773]' for 'POST' to 'http://localhost:46773/session/6483dfab1f8ea2dc52c697147cb03b33/element'
16:12:30.478 [Forwarding findElement on session 6483dfab1f8ea2dc52c697147cb03b33 to remote] DEBUG org.asynchttpclient.netty.request.NettyRequestSender - Using open Channel [id: 0x9d709f95, L:/127.0.0.1:51378 - R:localhost/127.0.0.1:46773] for POST '/session/6483dfab1f8ea2dc52c697147cb03b33/element'
16:12:30.494 [AsyncHttpClient-1-3] DEBUG org.asynchttpclient.netty.handler.HttpHandler - 

Request DefaultHttpRequest(decodeResult: success, version: HTTP/1.1)
POST /session/6483dfab1f8ea2dc52c697147cb03b33/element HTTP/1.1
User-Agent: selenium/4.8.1 (java windows)
Content-Length: 118
Content-Type: application/json; charset=utf-8
host: localhost:46773
accept: */*

Response DefaultHttpResponse(decodeResult: success, version: HTTP/1.1)
HTTP/1.1 200 OK
Content-Length: 88
Content-Type: application/json; charset=utf-8
cache-control: no-cache

16:12:30.494 [AsyncHttpClient-1-3] DEBUG org.asynchttpclient.netty.channel.ChannelManager - Adding key: http://localhost:46773 for channel [id: 0x9d709f95, L:/127.0.0.1:51378 - R:localhost/127.0.0.1:46773]
16:12:30.496 [Forwarding getElementTagName on session 6483dfab1f8ea2dc52c697147cb03b33 to remote] DEBUG org.asynchttpclient.netty.request.NettyRequestSender - Using pooled Channel '[id: 0x9d709f95, L:/127.0.0.1:51378 - R:localhost/127.0.0.1:46773]' for 'GET' to 'http://localhost:46773/session/6483dfab1f8ea2dc52c697147cb03b33/element/71669e9c-49a8-4427-8829-59fef7fc99a1/name'
16:12:30.496 [Forwarding getElementTagName on session 6483dfab1f8ea2dc52c697147cb03b33 to remote] DEBUG org.asynchttpclient.netty.request.NettyRequestSender - Using open Channel [id: 0x9d709f95, L:/127.0.0.1:51378 - R:localhost/127.0.0.1:46773] for GET '/session/6483dfab1f8ea2dc52c697147cb03b33/element/71669e9c-49a8-4427-8829-59fef7fc99a1/name'
16:12:30.503 [AsyncHttpClient-1-3] DEBUG org.asynchttpclient.netty.handler.HttpHandler - 

Request DefaultFullHttpRequest(decodeResult: success, version: HTTP/1.1, content: EmptyByteBufBE)
GET /session/6483dfab1f8ea2dc52c697147cb03b33/element/71669e9c-49a8-4427-8829-59fef7fc99a1/name HTTP/1.1
User-Agent: selenium/4.8.1 (java windows)
Cache-Control: no-cache
Content-Type: application/json; charset=utf-8
host: localhost:46773
accept: */*

Response DefaultHttpResponse(decodeResult: success, version: HTTP/1.1)
HTTP/1.1 200 OK
Content-Length: 15
Content-Type: application/json; charset=utf-8
cache-control: no-cache

16:12:30.504 [AsyncHttpClient-1-3] DEBUG org.asynchttpclient.netty.channel.ChannelManager - Adding key: http://localhost:46773 for channel [id: 0x9d709f95, L:/127.0.0.1:51378 - R:localhost/127.0.0.1:46773]
16:12:30.506 [Forwarding getElementTagName on session 6483dfab1f8ea2dc52c697147cb03b33 to remote] DEBUG org.asynchttpclient.netty.request.NettyRequestSender - Using pooled Channel '[id: 0x9d709f95, L:/127.0.0.1:51378 - R:localhost/127.0.0.1:46773]' for 'GET' to 'http://localhost:46773/session/6483dfab1f8ea2dc52c697147cb03b33/element/71669e9c-49a8-4427-8829-59fef7fc99a1/name'
16:12:30.506 [Forwarding getElementTagName on session 6483dfab1f8ea2dc52c697147cb03b33 to remote] DEBUG org.asynchttpclient.netty.request.NettyRequestSender - Using open Channel [id: 0x9d709f95, L:/127.0.0.1:51378 - R:localhost/127.0.0.1:46773] for GET '/session/6483dfab1f8ea2dc52c697147cb03b33/element/71669e9c-49a8-4427-8829-59fef7fc99a1/name'
16:12:30.510 [AsyncHttpClient-1-3] DEBUG org.asynchttpclient.netty.handler.HttpHandler - 

Request DefaultFullHttpRequest(decodeResult: success, version: HTTP/1.1, content: EmptyByteBufBE)
GET /session/6483dfab1f8ea2dc52c697147cb03b33/element/71669e9c-49a8-4427-8829-59fef7fc99a1/name HTTP/1.1
User-Agent: selenium/4.8.1 (java windows)
Cache-Control: no-cache
Content-Type: application/json; charset=utf-8
host: localhost:46773
accept: */*

Response DefaultHttpResponse(decodeResult: success, version: HTTP/1.1)
HTTP/1.1 200 OK
Content-Length: 15
Content-Type: application/json; charset=utf-8
cache-control: no-cache

16:12:30.510 [AsyncHttpClient-1-3] DEBUG org.asynchttpclient.netty.channel.ChannelManager - Adding key: http://localhost:46773 for channel [id: 0x9d709f95, L:/127.0.0.1:51378 - R:localhost/127.0.0.1:46773]
16:12:30.512 [Forwarding findElement on session 6483dfab1f8ea2dc52c697147cb03b33 to remote] DEBUG org.asynchttpclient.netty.request.NettyRequestSender - Using pooled Channel '[id: 0x9d709f95, L:/127.0.0.1:51378 - R:localhost/127.0.0.1:46773]' for 'POST' to 'http://localhost:46773/session/6483dfab1f8ea2dc52c697147cb03b33/element'
16:12:30.512 [Forwarding findElement on session 6483dfab1f8ea2dc52c697147cb03b33 to remote] DEBUG org.asynchttpclient.netty.request.NettyRequestSender - Using open Channel [id: 0x9d709f95, L:/127.0.0.1:51378 - R:localhost/127.0.0.1:46773] for POST '/session/6483dfab1f8ea2dc52c697147cb03b33/element'
16:12:30.519 [AsyncHttpClient-1-3] DEBUG org.asynchttpclient.netty.handler.HttpHandler - 

Request DefaultHttpRequest(decodeResult: success, version: HTTP/1.1)
POST /session/6483dfab1f8ea2dc52c697147cb03b33/element HTTP/1.1
User-Agent: selenium/4.8.1 (java windows)
Content-Length: 118
Content-Type: application/json; charset=utf-8
host: localhost:46773
accept: */*

Response DefaultHttpResponse(decodeResult: success, version: HTTP/1.1)
HTTP/1.1 200 OK
Content-Length: 88
Content-Type: application/json; charset=utf-8
cache-control: no-cache

16:12:30.519 [AsyncHttpClient-1-3] DEBUG org.asynchttpclient.netty.channel.ChannelManager - Adding key: http://localhost:46773 for channel [id: 0x9d709f95, L:/127.0.0.1:51378 - R:localhost/127.0.0.1:46773]
16:12:30.519 [Forwarding clickElement on session 6483dfab1f8ea2dc52c697147cb03b33 to remote] DEBUG org.asynchttpclient.netty.request.NettyRequestSender - Using pooled Channel '[id: 0x9d709f95, L:/127.0.0.1:51378 - R:localhost/127.0.0.1:46773]' for 'POST' to 'http://localhost:46773/session/6483dfab1f8ea2dc52c697147cb03b33/element/71669e9c-49a8-4427-8829-59fef7fc99a1/click'
16:12:30.520 [Forwarding clickElement on session 6483dfab1f8ea2dc52c697147cb03b33 to remote] DEBUG org.asynchttpclient.netty.request.NettyRequestSender - Using open Channel [id: 0x9d709f95, L:/127.0.0.1:51378 - R:localhost/127.0.0.1:46773] for POST '/session/6483dfab1f8ea2dc52c697147cb03b33/element/71669e9c-49a8-4427-8829-59fef7fc99a1/click'
16:12:30.569 [AsyncHttpClient-1-3] DEBUG org.asynchttpclient.netty.handler.HttpHandler - 

Request DefaultHttpRequest(decodeResult: success, version: HTTP/1.1)
POST /session/6483dfab1f8ea2dc52c697147cb03b33/element/71669e9c-49a8-4427-8829-59fef7fc99a1/click HTTP/1.1
User-Agent: selenium/4.8.1 (java windows)
Content-Length: 50
Content-Type: application/json; charset=utf-8
host: localhost:46773
accept: */*

Response DefaultHttpResponse(decodeResult: success, version: HTTP/1.1)
HTTP/1.1 200 OK
Content-Length: 14
Content-Type: application/json; charset=utf-8
cache-control: no-cache

16:12:30.569 [AsyncHttpClient-1-3] DEBUG org.asynchttpclient.netty.channel.ChannelManager - Adding key: http://localhost:46773 for channel [id: 0x9d709f95, L:/127.0.0.1:51378 - R:localhost/127.0.0.1:46773]
16:12:30.574 [Forwarding getAlertText on session 6483dfab1f8ea2dc52c697147cb03b33 to remote] DEBUG org.asynchttpclient.netty.request.NettyRequestSender - Using pooled Channel '[id: 0x9d709f95, L:/127.0.0.1:51378 - R:localhost/127.0.0.1:46773]' for 'GET' to 'http://localhost:46773/session/6483dfab1f8ea2dc52c697147cb03b33/alert/text'
16:12:30.574 [Forwarding getAlertText on session 6483dfab1f8ea2dc52c697147cb03b33 to remote] DEBUG org.asynchttpclient.netty.request.NettyRequestSender - Using open Channel [id: 0x9d709f95, L:/127.0.0.1:51378 - R:localhost/127.0.0.1:46773] for GET '/session/6483dfab1f8ea2dc52c697147cb03b33/alert/text'
16:12:30.575 [AsyncHttpClient-1-3] DEBUG org.asynchttpclient.netty.handler.HttpHandler - 

Request DefaultFullHttpRequest(decodeResult: success, version: HTTP/1.1, content: EmptyByteBufBE)
GET /session/6483dfab1f8ea2dc52c697147cb03b33/alert/text HTTP/1.1
User-Agent: selenium/4.8.1 (java windows)
Cache-Control: no-cache
Content-Type: application/json; charset=utf-8
host: localhost:46773
accept: */*

Response DefaultHttpResponse(decodeResult: success, version: HTTP/1.1)
HTTP/1.1 404 Not Found
Content-Length: 836
Content-Type: application/json; charset=utf-8
cache-control: no-cache

16:12:30.575 [AsyncHttpClient-1-3] DEBUG org.asynchttpclient.netty.channel.ChannelManager - Adding key: http://localhost:46773 for channel [id: 0x9d709f95, L:/127.0.0.1:51378 - R:localhost/127.0.0.1:46773]
16:12:30.576 [Forwarding getCurrentUrl on session 6483dfab1f8ea2dc52c697147cb03b33 to remote] DEBUG org.asynchttpclient.netty.request.NettyRequestSender - Using pooled Channel '[id: 0x9d709f95, L:/127.0.0.1:51378 - R:localhost/127.0.0.1:46773]' for 'GET' to 'http://localhost:46773/session/6483dfab1f8ea2dc52c697147cb03b33/url'
16:12:30.576 [Forwarding getCurrentUrl on session 6483dfab1f8ea2dc52c697147cb03b33 to remote] DEBUG org.asynchttpclient.netty.request.NettyRequestSender - Using open Channel [id: 0x9d709f95, L:/127.0.0.1:51378 - R:localhost/127.0.0.1:46773] for GET '/session/6483dfab1f8ea2dc52c697147cb03b33/url'
16:12:30.582 [AsyncHttpClient-1-3] DEBUG org.asynchttpclient.netty.handler.HttpHandler - 

Request DefaultFullHttpRequest(decodeResult: success, version: HTTP/1.1, content: EmptyByteBufBE)
GET /session/6483dfab1f8ea2dc52c697147cb03b33/url HTTP/1.1
User-Agent: selenium/4.8.1 (java windows)
Cache-Control: no-cache
Content-Type: application/json; charset=utf-8
host: localhost:46773
accept: */*

Response DefaultHttpResponse(decodeResult: success, version: HTTP/1.1)
HTTP/1.1 200 OK
Content-Length: 41
Content-Type: application/json; charset=utf-8
cache-control: no-cache

16:12:30.582 [AsyncHttpClient-1-3] DEBUG org.asynchttpclient.netty.channel.ChannelManager - Adding key: http://localhost:46773 for channel [id: 0x9d709f95, L:/127.0.0.1:51378 - R:localhost/127.0.0.1:46773]
16:12:30.583 [Forwarding screenshot on session 6483dfab1f8ea2dc52c697147cb03b33 to remote] DEBUG org.asynchttpclient.netty.request.NettyRequestSender - Using pooled Channel '[id: 0x9d709f95, L:/127.0.0.1:51378 - R:localhost/127.0.0.1:46773]' for 'GET' to 'http://localhost:46773/session/6483dfab1f8ea2dc52c697147cb03b33/screenshot'
16:12:30.583 [Forwarding screenshot on session 6483dfab1f8ea2dc52c697147cb03b33 to remote] DEBUG org.asynchttpclient.netty.request.NettyRequestSender - Using open Channel [id: 0x9d709f95, L:/127.0.0.1:51378 - R:localhost/127.0.0.1:46773] for GET '/session/6483dfab1f8ea2dc52c697147cb03b33/screenshot'
16:12:30.754 [AsyncHttpClient-1-3] DEBUG org.asynchttpclient.netty.handler.HttpHandler - 

Request DefaultFullHttpRequest(decodeResult: success, version: HTTP/1.1, content: EmptyByteBufBE)
GET /session/6483dfab1f8ea2dc52c697147cb03b33/screenshot HTTP/1.1
User-Agent: selenium/4.8.1 (java windows)
Cache-Control: no-cache
Content-Type: application/json; charset=utf-8
host: localhost:46773
accept: */*

Response DefaultHttpResponse(decodeResult: success, version: HTTP/1.1)
HTTP/1.1 200 OK
Content-Length: 46384
Content-Type: application/json; charset=utf-8
cache-control: no-cache

16:12:30.755 [AsyncHttpClient-1-3] DEBUG org.asynchttpclient.netty.channel.ChannelManager - Adding key: http://localhost:46773 for channel [id: 0x9d709f95, L:/127.0.0.1:51378 - R:localhost/127.0.0.1:46773]
16:12:30.755 [main] DEBUG net.serenitybdd.core.photography.Darkroom - Send negative for processing for target\site\serenity\fbc42dc9c02722df9b2498dc310394eabcdab07c38bce44d83fe60defa1982b4.png
16:12:30.756 [main] DEBUG net.thucydides.core.steps.StepInterceptor - STEP DONE: clickSelectCategory
  &amp#27;[32mAnd &amp#27;[0m&amp#27;[32mI click select category dropdown&amp#27;[0m                   &amp#27;[90m# starter.stepdefinitions.CategorySteps.clickSelectCategory()&amp#27;[0m
16:12:30.756 [Darkroom Processing Line] DEBUG net.serenitybdd.core.photography.DarkroomProcessingLine - Processing screenshot image in /var/screenshots/screenshot-11738912573852688311
16:12:30.756 [Darkroom Processing Line] DEBUG net.serenitybdd.core.photography.DarkroomProcessingLine - Saving screenshot to target\site\serenity\fbc42dc9c02722df9b2498dc310394eabcdab07c38bce44d83fe60defa1982b4.png
16:12:30.762 [Forwarding getPageSource on session 6483dfab1f8ea2dc52c697147cb03b33 to remote] DEBUG org.asynchttpclient.netty.request.NettyRequestSender - Using pooled Channel '[id: 0x9d709f95, L:/127.0.0.1:51378 - R:localhost/127.0.0.1:46773]' for 'POST' to 'http://localhost:46773/session/6483dfab1f8ea2dc52c697147cb03b33/execute/sync'
16:12:30.762 [Forwarding getPageSource on session 6483dfab1f8ea2dc52c697147cb03b33 to remote] DEBUG org.asynchttpclient.netty.request.NettyRequestSender - Using open Channel [id: 0x9d709f95, L:/127.0.0.1:51378 - R:localhost/127.0.0.1:46773] for POST '/session/6483dfab1f8ea2dc52c697147cb03b33/execute/sync'
16:12:30.769 [AsyncHttpClient-1-3] DEBUG org.asynchttpclient.netty.handler.HttpHandler - 

Request DefaultHttpRequest(decodeResult: success, version: HTTP/1.1)
POST /session/6483dfab1f8ea2dc52c697147cb03b33/execute/sync HTTP/1.1
User-Agent: selenium/4.8.1 (java windows)
Content-Length: 176
Content-Type: application/json; charset=utf-8
host: localhost:46773
accept: */*

Response DefaultHttpResponse(decodeResult: success, version: HTTP/1.1)
HTTP/1.1 200 OK
Content-Length: 34291
Content-Type: application/json; charset=utf-8
cache-control: no-cache

16:12:30.769 [AsyncHttpClient-1-3] DEBUG org.asynchttpclient.netty.channel.ChannelManager - Adding key: http://localhost:46773 for channel [id: 0x9d709f95, L:/127.0.0.1:51378 - R:localhost/127.0.0.1:46773]
16:12:30.771 [Forwarding getCurrentUrl on session 6483dfab1f8ea2dc52c697147cb03b33 to remote] DEBUG org.asynchttpclient.netty.request.NettyRequestSender - Using pooled Channel '[id: 0x9d709f95, L:/127.0.0.1:51378 - R:localhost/127.0.0.1:46773]' for 'GET' to 'http://localhost:46773/session/6483dfab1f8ea2dc52c697147cb03b33/url'
16:12:30.771 [Forwarding getCurrentUrl on session 6483dfab1f8ea2dc52c697147cb03b33 to remote] DEBUG org.asynchttpclient.netty.request.NettyRequestSender - Using open Channel [id: 0x9d709f95, L:/127.0.0.1:51378 - R:localhost/127.0.0.1:46773] for GET '/session/6483dfab1f8ea2dc52c697147cb03b33/url'
16:12:30.775 [AsyncHttpClient-1-3] DEBUG org.asynchttpclient.netty.handler.HttpHandler - 

Request DefaultFullHttpRequest(decodeResult: success, version: HTTP/1.1, content: EmptyByteBufBE)
GET /session/6483dfab1f8ea2dc52c697147cb03b33/url HTTP/1.1
User-Agent: selenium/4.8.1 (java windows)
Cache-Control: no-cache
Content-Type: application/json; charset=utf-8
host: localhost:46773
accept: */*

Response DefaultHttpResponse(decodeResult: success, version: HTTP/1.1)
HTTP/1.1 200 OK
Content-Length: 41
Content-Type: application/json; charset=utf-8
cache-control: no-cache

16:12:30.775 [AsyncHttpClient-1-3] DEBUG org.asynchttpclient.netty.channel.ChannelManager - Adding key: http://localhost:46773 for channel [id: 0x9d709f95, L:/127.0.0.1:51378 - R:localhost/127.0.0.1:46773]
16:12:30.782 [Forwarding getPageSource on session 6483dfab1f8ea2dc52c697147cb03b33 to remote] DEBUG org.asynchttpclient.netty.request.NettyRequestSender - Using pooled Channel '[id: 0x9d709f95, L:/127.0.0.1:51378 - R:localhost/127.0.0.1:46773]' for 'POST' to 'http://localhost:46773/session/6483dfab1f8ea2dc52c697147cb03b33/execute/sync'
16:12:30.782 [Forwarding getPageSource on session 6483dfab1f8ea2dc52c697147cb03b33 to remote] DEBUG org.asynchttpclient.netty.request.NettyRequestSender - Using open Channel [id: 0x9d709f95, L:/127.0.0.1:51378 - R:localhost/127.0.0.1:46773] for POST '/session/6483dfab1f8ea2dc52c697147cb03b33/execute/sync'
16:12:30.785 [AsyncHttpClient-1-3] DEBUG org.asynchttpclient.netty.handler.HttpHandler - 

Request DefaultHttpRequest(decodeResult: success, version: HTTP/1.1)
POST /session/6483dfab1f8ea2dc52c697147cb03b33/execute/sync HTTP/1.1
User-Agent: selenium/4.8.1 (java windows)
Content-Length: 176
Content-Type: application/json; charset=utf-8
host: localhost:46773
accept: */*

Response DefaultHttpResponse(decodeResult: success, version: HTTP/1.1)
HTTP/1.1 200 OK
Content-Length: 34291
Content-Type: application/json; charset=utf-8
cache-control: no-cache

16:12:30.786 [AsyncHttpClient-1-3] DEBUG org.asynchttpclient.netty.channel.ChannelManager - Adding key: http://localhost:46773 for channel [id: 0x9d709f95, L:/127.0.0.1:51378 - R:localhost/127.0.0.1:46773]
16:12:30.788 [Forwarding getCurrentUrl on session 6483dfab1f8ea2dc52c697147cb03b33 to remote] DEBUG org.asynchttpclient.netty.request.NettyRequestSender - Using pooled Channel '[id: 0x9d709f95, L:/127.0.0.1:51378 - R:localhost/127.0.0.1:46773]' for 'GET' to 'http://localhost:46773/session/6483dfab1f8ea2dc52c697147cb03b33/url'
16:12:30.788 [Forwarding getCurrentUrl on session 6483dfab1f8ea2dc52c697147cb03b33 to remote] DEBUG org.asynchttpclient.netty.request.NettyRequestSender - Using open Channel [id: 0x9d709f95, L:/127.0.0.1:51378 - R:localhost/127.0.0.1:46773] for GET '/session/6483dfab1f8ea2dc52c697147cb03b33/url'
16:12:30.790 [AsyncHttpClient-1-3] DEBUG org.asynchttpclient.netty.handler.HttpHandler - 

Request DefaultFullHttpRequest(decodeResult: success, version: HTTP/1.1, content: EmptyByteBufBE)
GET /session/6483dfab1f8ea2dc52c697147cb03b33/url HTTP/1.1
User-Agent: selenium/4.8.1 (java windows)
Cache-Control: no-cache
Content-Type: application/json; charset=utf-8
host: localhost:46773
accept: */*

Response DefaultHttpResponse(decodeResult: success, version: HTTP/1.1)
HTTP/1.1 200 OK
Content-Length: 41
Content-Type: application/json; charset=utf-8
cache-control: no-cache

16:12:30.790 [AsyncHttpClient-1-3] DEBUG org.asynchttpclient.netty.channel.ChannelManager - Adding key: http://localhost:46773 for channel [id: 0x9d709f95, L:/127.0.0.1:51378 - R:localhost/127.0.0.1:46773]
16:12:30.792 [main] DEBUG net.thucydides.core.steps.StepInterceptor - STARTING STEP: CategorySteps.clickGamingCategory - clickGamingCategory
16:12:30.796 [Forwarding findElement on session 6483dfab1f8ea2dc52c697147cb03b33 to remote] DEBUG org.asynchttpclient.netty.request.NettyRequestSender - Using pooled Channel '[id: 0x9d709f95, L:/127.0.0.1:51378 - R:localhost/127.0.0.1:46773]' for 'POST' to 'http://localhost:46773/session/6483dfab1f8ea2dc52c697147cb03b33/element'
16:12:30.796 [Forwarding findElement on session 6483dfab1f8ea2dc52c697147cb03b33 to remote] DEBUG org.asynchttpclient.netty.request.NettyRequestSender - Using open Channel [id: 0x9d709f95, L:/127.0.0.1:51378 - R:localhost/127.0.0.1:46773] for POST '/session/6483dfab1f8ea2dc52c697147cb03b33/element'
16:12:30.812 [AsyncHttpClient-1-3] DEBUG org.asynchttpclient.netty.handler.HttpHandler - 

Request DefaultHttpRequest(decodeResult: success, version: HTTP/1.1)
POST /session/6483dfab1f8ea2dc52c697147cb03b33/element HTTP/1.1
User-Agent: selenium/4.8.1 (java windows)
Content-Length: 71
Content-Type: application/json; charset=utf-8
host: localhost:46773
accept: */*

Response DefaultHttpResponse(decodeResult: success, version: HTTP/1.1)
HTTP/1.1 200 OK
Content-Length: 88
Content-Type: application/json; charset=utf-8
cache-control: no-cache

16:12:30.812 [AsyncHttpClient-1-3] DEBUG org.asynchttpclient.netty.channel.ChannelManager - Adding key: http://localhost:46773 for channel [id: 0x9d709f95, L:/127.0.0.1:51378 - R:localhost/127.0.0.1:46773]
16:12:30.813 [Forwarding getElementTagName on session 6483dfab1f8ea2dc52c697147cb03b33 to remote] DEBUG org.asynchttpclient.netty.request.NettyRequestSender - Using pooled Channel '[id: 0x9d709f95, L:/127.0.0.1:51378 - R:localhost/127.0.0.1:46773]' for 'GET' to 'http://localhost:46773/session/6483dfab1f8ea2dc52c697147cb03b33/element/285594ee-ed1e-4513-9b55-16dae5d04a38/name'
16:12:30.813 [Forwarding getElementTagName on session 6483dfab1f8ea2dc52c697147cb03b33 to remote] DEBUG org.asynchttpclient.netty.request.NettyRequestSender - Using open Channel [id: 0x9d709f95, L:/127.0.0.1:51378 - R:localhost/127.0.0.1:46773] for GET '/session/6483dfab1f8ea2dc52c697147cb03b33/element/285594ee-ed1e-4513-9b55-16dae5d04a38/name'
16:12:30.819 [AsyncHttpClient-1-3] DEBUG org.asynchttpclient.netty.handler.HttpHandler - 

Request DefaultFullHttpRequest(decodeResult: success, version: HTTP/1.1, content: EmptyByteBufBE)
GET /session/6483dfab1f8ea2dc52c697147cb03b33/element/285594ee-ed1e-4513-9b55-16dae5d04a38/name HTTP/1.1
User-Agent: selenium/4.8.1 (java windows)
Cache-Control: no-cache
Content-Type: application/json; charset=utf-8
host: localhost:46773
accept: */*

Response DefaultHttpResponse(decodeResult: success, version: HTTP/1.1)
HTTP/1.1 200 OK
Content-Length: 15
Content-Type: application/json; charset=utf-8
cache-control: no-cache

16:12:30.819 [AsyncHttpClient-1-3] DEBUG org.asynchttpclient.netty.channel.ChannelManager - Adding key: http://localhost:46773 for channel [id: 0x9d709f95, L:/127.0.0.1:51378 - R:localhost/127.0.0.1:46773]
16:12:30.821 [Forwarding getElementTagName on session 6483dfab1f8ea2dc52c697147cb03b33 to remote] DEBUG org.asynchttpclient.netty.request.NettyRequestSender - Using pooled Channel '[id: 0x9d709f95, L:/127.0.0.1:51378 - R:localhost/127.0.0.1:46773]' for 'GET' to 'http://localhost:46773/session/6483dfab1f8ea2dc52c697147cb03b33/element/285594ee-ed1e-4513-9b55-16dae5d04a38/name'
16:12:30.821 [Forwarding getElementTagName on session 6483dfab1f8ea2dc52c697147cb03b33 to remote] DEBUG org.asynchttpclient.netty.request.NettyRequestSender - Using open Channel [id: 0x9d709f95, L:/127.0.0.1:51378 - R:localhost/127.0.0.1:46773] for GET '/session/6483dfab1f8ea2dc52c697147cb03b33/element/285594ee-ed1e-4513-9b55-16dae5d04a38/name'
16:12:30.825 [AsyncHttpClient-1-3] DEBUG org.asynchttpclient.netty.handler.HttpHandler - 

Request DefaultFullHttpRequest(decodeResult: success, version: HTTP/1.1, content: EmptyByteBufBE)
GET /session/6483dfab1f8ea2dc52c697147cb03b33/element/285594ee-ed1e-4513-9b55-16dae5d04a38/name HTTP/1.1
User-Agent: selenium/4.8.1 (java windows)
Cache-Control: no-cache
Content-Type: application/json; charset=utf-8
host: localhost:46773
accept: */*

Response DefaultHttpResponse(decodeResult: success, version: HTTP/1.1)
HTTP/1.1 200 OK
Content-Length: 15
Content-Type: application/json; charset=utf-8
cache-control: no-cache

16:12:30.825 [AsyncHttpClient-1-3] DEBUG org.asynchttpclient.netty.channel.ChannelManager - Adding key: http://localhost:46773 for channel [id: 0x9d709f95, L:/127.0.0.1:51378 - R:localhost/127.0.0.1:46773]
16:12:30.826 [Forwarding findElement on session 6483dfab1f8ea2dc52c697147cb03b33 to remote] DEBUG org.asynchttpclient.netty.request.NettyRequestSender - Using pooled Channel '[id: 0x9d709f95, L:/127.0.0.1:51378 - R:localhost/127.0.0.1:46773]' for 'POST' to 'http://localhost:46773/session/6483dfab1f8ea2dc52c697147cb03b33/element'
16:12:30.826 [Forwarding findElement on session 6483dfab1f8ea2dc52c697147cb03b33 to remote] DEBUG org.asynchttpclient.netty.request.NettyRequestSender - Using open Channel [id: 0x9d709f95, L:/127.0.0.1:51378 - R:localhost/127.0.0.1:46773] for POST '/session/6483dfab1f8ea2dc52c697147cb03b33/element'
16:12:30.833 [AsyncHttpClient-1-3] DEBUG org.asynchttpclient.netty.handler.HttpHandler - 

Request DefaultHttpRequest(decodeResult: success, version: HTTP/1.1)
POST /session/6483dfab1f8ea2dc52c697147cb03b33/element HTTP/1.1
User-Agent: selenium/4.8.1 (java windows)
Content-Length: 71
Content-Type: application/json; charset=utf-8
host: localhost:46773
accept: */*

Response DefaultHttpResponse(decodeResult: success, version: HTTP/1.1)
HTTP/1.1 200 OK
Content-Length: 88
Content-Type: application/json; charset=utf-8
cache-control: no-cache

16:12:30.833 [AsyncHttpClient-1-3] DEBUG org.asynchttpclient.netty.channel.ChannelManager - Adding key: http://localhost:46773 for channel [id: 0x9d709f95, L:/127.0.0.1:51378 - R:localhost/127.0.0.1:46773]
16:12:30.835 [Forwarding clickElement on session 6483dfab1f8ea2dc52c697147cb03b33 to remote] DEBUG org.asynchttpclient.netty.request.NettyRequestSender - Using pooled Channel '[id: 0x9d709f95, L:/127.0.0.1:51378 - R:localhost/127.0.0.1:46773]' for 'POST' to 'http://localhost:46773/session/6483dfab1f8ea2dc52c697147cb03b33/element/285594ee-ed1e-4513-9b55-16dae5d04a38/click'
16:12:30.835 [Forwarding clickElement on session 6483dfab1f8ea2dc52c697147cb03b33 to remote] DEBUG org.asynchttpclient.netty.request.NettyRequestSender - Using open Channel [id: 0x9d709f95, L:/127.0.0.1:51378 - R:localhost/127.0.0.1:46773] for POST '/session/6483dfab1f8ea2dc52c697147cb03b33/element/285594ee-ed1e-4513-9b55-16dae5d04a38/click'
16:12:31.259 [AsyncHttpClient-1-1] DEBUG org.asynchttpclient.netty.channel.DefaultChannelPool - Entry count for : http://localhost:51379 : 1
16:12:32.228 [AsyncHttpClient-1-3] DEBUG org.asynchttpclient.netty.handler.HttpHandler - 

Request DefaultHttpRequest(decodeResult: success, version: HTTP/1.1)
POST /session/6483dfab1f8ea2dc52c697147cb03b33/element/285594ee-ed1e-4513-9b55-16dae5d04a38/click HTTP/1.1
User-Agent: selenium/4.8.1 (java windows)
Content-Length: 50
Content-Type: application/json; charset=utf-8
host: localhost:46773
accept: */*

Response DefaultHttpResponse(decodeResult: success, version: HTTP/1.1)
HTTP/1.1 200 OK
Content-Length: 14
Content-Type: application/json; charset=utf-8
cache-control: no-cache

16:12:32.228 [AsyncHttpClient-1-3] DEBUG org.asynchttpclient.netty.channel.ChannelManager - Adding key: http://localhost:46773 for channel [id: 0x9d709f95, L:/127.0.0.1:51378 - R:localhost/127.0.0.1:46773]
16:12:32.233 [Forwarding getAlertText on session 6483dfab1f8ea2dc52c697147cb03b33 to remote] DEBUG org.asynchttpclient.netty.request.NettyRequestSender - Using pooled Channel '[id: 0x9d709f95, L:/127.0.0.1:51378 - R:localhost/127.0.0.1:46773]' for 'GET' to 'http://localhost:46773/session/6483dfab1f8ea2dc52c697147cb03b33/alert/text'
16:12:32.233 [Forwarding getAlertText on session 6483dfab1f8ea2dc52c697147cb03b33 to remote] DEBUG org.asynchttpclient.netty.request.NettyRequestSender - Using open Channel [id: 0x9d709f95, L:/127.0.0.1:51378 - R:localhost/127.0.0.1:46773] for GET '/session/6483dfab1f8ea2dc52c697147cb03b33/alert/text'
16:12:32.234 [AsyncHttpClient-1-3] DEBUG org.asynchttpclient.netty.handler.HttpHandler - 

Request DefaultFullHttpRequest(decodeResult: success, version: HTTP/1.1, content: EmptyByteBufBE)
GET /session/6483dfab1f8ea2dc52c697147cb03b33/alert/text HTTP/1.1
User-Agent: selenium/4.8.1 (java windows)
Cache-Control: no-cache
Content-Type: application/json; charset=utf-8
host: localhost:46773
accept: */*

Response DefaultHttpResponse(decodeResult: success, version: HTTP/1.1)
HTTP/1.1 404 Not Found
Content-Length: 836
Content-Type: application/json; charset=utf-8
cache-control: no-cache

16:12:32.234 [AsyncHttpClient-1-3] DEBUG org.asynchttpclient.netty.channel.ChannelManager - Adding key: http://localhost:46773 for channel [id: 0x9d709f95, L:/127.0.0.1:51378 - R:localhost/127.0.0.1:46773]
16:12:32.236 [Forwarding getCurrentUrl on session 6483dfab1f8ea2dc52c697147cb03b33 to remote] DEBUG org.asynchttpclient.netty.request.NettyRequestSender - Using pooled Channel '[id: 0x9d709f95, L:/127.0.0.1:51378 - R:localhost/127.0.0.1:46773]' for 'GET' to 'http://localhost:46773/session/6483dfab1f8ea2dc52c697147cb03b33/url'
16:12:32.236 [Forwarding getCurrentUrl on session 6483dfab1f8ea2dc52c697147cb03b33 to remote] DEBUG org.asynchttpclient.netty.request.NettyRequestSender - Using open Channel [id: 0x9d709f95, L:/127.0.0.1:51378 - R:localhost/127.0.0.1:46773] for GET '/session/6483dfab1f8ea2dc52c697147cb03b33/url'
16:12:32.240 [AsyncHttpClient-1-3] DEBUG org.asynchttpclient.netty.handler.HttpHandler - 

Request DefaultFullHttpRequest(decodeResult: success, version: HTTP/1.1, content: EmptyByteBufBE)
GET /session/6483dfab1f8ea2dc52c697147cb03b33/url HTTP/1.1
User-Agent: selenium/4.8.1 (java windows)
Cache-Control: no-cache
Content-Type: application/json; charset=utf-8
host: localhost:46773
accept: */*

Response DefaultHttpResponse(decodeResult: success, version: HTTP/1.1)
HTTP/1.1 200 OK
Content-Length: 41
Content-Type: application/json; charset=utf-8
cache-control: no-cache

16:12:32.240 [AsyncHttpClient-1-3] DEBUG org.asynchttpclient.netty.channel.ChannelManager - Adding key: http://localhost:46773 for channel [id: 0x9d709f95, L:/127.0.0.1:51378 - R:localhost/127.0.0.1:46773]
16:12:32.241 [Forwarding screenshot on session 6483dfab1f8ea2dc52c697147cb03b33 to remote] DEBUG org.asynchttpclient.netty.request.NettyRequestSender - Using pooled Channel '[id: 0x9d709f95, L:/127.0.0.1:51378 - R:localhost/127.0.0.1:46773]' for 'GET' to 'http://localhost:46773/session/6483dfab1f8ea2dc52c697147cb03b33/screenshot'
16:12:32.241 [Forwarding screenshot on session 6483dfab1f8ea2dc52c697147cb03b33 to remote] DEBUG org.asynchttpclient.netty.request.NettyRequestSender - Using open Channel [id: 0x9d709f95, L:/127.0.0.1:51378 - R:localhost/127.0.0.1:46773] for GET '/session/6483dfab1f8ea2dc52c697147cb03b33/screenshot'
16:12:32.344 [AsyncHttpClient-1-3] DEBUG org.asynchttpclient.netty.handler.HttpHandler - 

Request DefaultFullHttpRequest(decodeResult: success, version: HTTP/1.1, content: EmptyByteBufBE)
GET /session/6483dfab1f8ea2dc52c697147cb03b33/screenshot HTTP/1.1
User-Agent: selenium/4.8.1 (java windows)
Cache-Control: no-cache
Content-Type: application/json; charset=utf-8
host: localhost:46773
accept: */*

Response DefaultHttpResponse(decodeResult: success, version: HTTP/1.1)
HTTP/1.1 200 OK
Content-Length: 24212
Content-Type: application/json; charset=utf-8
cache-control: no-cache

16:12:32.344 [AsyncHttpClient-1-3] DEBUG org.asynchttpclient.netty.channel.ChannelManager - Adding key: http://localhost:46773 for channel [id: 0x9d709f95, L:/127.0.0.1:51378 - R:localhost/127.0.0.1:46773]
16:12:32.346 [main] DEBUG net.serenitybdd.core.photography.Darkroom - Send negative for processing for target\site\serenity\38f5ec8e71ba1b8631e89258792c3d2c62d4f0360b520ae0f16a1059e92dfe1c.png
16:12:32.346 [main] DEBUG net.thucydides.core.steps.StepInterceptor - STEP DONE: clickGamingCategory
  &amp#27;[32mWhen &amp#27;[0m&amp#27;[32mI click gaming category&amp#27;[0m                           &amp#27;[90m# starter.stepdefinitions.CategorySteps.clickGamingCategory()&amp#27;[0m
16:12:32.346 [Darkroom Processing Line] DEBUG net.serenitybdd.core.photography.DarkroomProcessingLine - Processing screenshot image in /var/screenshots/screenshot-8924784288314767528
16:12:32.346 [Darkroom Processing Line] DEBUG net.serenitybdd.core.photography.DarkroomProcessingLine - Saving screenshot to target\site\serenity\38f5ec8e71ba1b8631e89258792c3d2c62d4f0360b520ae0f16a1059e92dfe1c.png
16:12:32.353 [Forwarding getPageSource on session 6483dfab1f8ea2dc52c697147cb03b33 to remote] DEBUG org.asynchttpclient.netty.request.NettyRequestSender - Using pooled Channel '[id: 0x9d709f95, L:/127.0.0.1:51378 - R:localhost/127.0.0.1:46773]' for 'POST' to 'http://localhost:46773/session/6483dfab1f8ea2dc52c697147cb03b33/execute/sync'
16:12:32.353 [Forwarding getPageSource on session 6483dfab1f8ea2dc52c697147cb03b33 to remote] DEBUG org.asynchttpclient.netty.request.NettyRequestSender - Using open Channel [id: 0x9d709f95, L:/127.0.0.1:51378 - R:localhost/127.0.0.1:46773] for POST '/session/6483dfab1f8ea2dc52c697147cb03b33/execute/sync'
16:12:32.357 [AsyncHttpClient-1-3] DEBUG org.asynchttpclient.netty.handler.HttpHandler - 

Request DefaultHttpRequest(decodeResult: success, version: HTTP/1.1)
POST /session/6483dfab1f8ea2dc52c697147cb03b33/execute/sync HTTP/1.1
User-Agent: selenium/4.8.1 (java windows)
Content-Length: 176
Content-Type: application/json; charset=utf-8
host: localhost:46773
accept: */*

Response DefaultHttpResponse(decodeResult: success, version: HTTP/1.1)
HTTP/1.1 200 OK
Content-Length: 27998
Content-Type: application/json; charset=utf-8
cache-control: no-cache

16:12:32.357 [AsyncHttpClient-1-3] DEBUG org.asynchttpclient.netty.channel.ChannelManager - Adding key: http://localhost:46773 for channel [id: 0x9d709f95, L:/127.0.0.1:51378 - R:localhost/127.0.0.1:46773]
16:12:32.359 [Forwarding getCurrentUrl on session 6483dfab1f8ea2dc52c697147cb03b33 to remote] DEBUG org.asynchttpclient.netty.request.NettyRequestSender - Using pooled Channel '[id: 0x9d709f95, L:/127.0.0.1:51378 - R:localhost/127.0.0.1:46773]' for 'GET' to 'http://localhost:46773/session/6483dfab1f8ea2dc52c697147cb03b33/url'
16:12:32.359 [Forwarding getCurrentUrl on session 6483dfab1f8ea2dc52c697147cb03b33 to remote] DEBUG org.asynchttpclient.netty.request.NettyRequestSender - Using open Channel [id: 0x9d709f95, L:/127.0.0.1:51378 - R:localhost/127.0.0.1:46773] for GET '/session/6483dfab1f8ea2dc52c697147cb03b33/url'
16:12:32.362 [AsyncHttpClient-1-1] DEBUG org.asynchttpclient.netty.channel.DefaultChannelPool - Entry count for : http://localhost:51379 : 1
16:12:32.363 [AsyncHttpClient-1-3] DEBUG org.asynchttpclient.netty.handler.HttpHandler - 

Request DefaultFullHttpRequest(decodeResult: success, version: HTTP/1.1, content: EmptyByteBufBE)
GET /session/6483dfab1f8ea2dc52c697147cb03b33/url HTTP/1.1
User-Agent: selenium/4.8.1 (java windows)
Cache-Control: no-cache
Content-Type: application/json; charset=utf-8
host: localhost:46773
accept: */*

Response DefaultHttpResponse(decodeResult: success, version: HTTP/1.1)
HTTP/1.1 200 OK
Content-Length: 41
Content-Type: application/json; charset=utf-8
cache-control: no-cache

16:12:32.363 [AsyncHttpClient-1-3] DEBUG org.asynchttpclient.netty.channel.ChannelManager - Adding key: http://localhost:46773 for channel [id: 0x9d709f95, L:/127.0.0.1:51378 - R:localhost/127.0.0.1:46773]
16:12:32.369 [Forwarding getPageSource on session 6483dfab1f8ea2dc52c697147cb03b33 to remote] DEBUG org.asynchttpclient.netty.request.NettyRequestSender - Using pooled Channel '[id: 0x9d709f95, L:/127.0.0.1:51378 - R:localhost/127.0.0.1:46773]' for 'POST' to 'http://localhost:46773/session/6483dfab1f8ea2dc52c697147cb03b33/execute/sync'
16:12:32.369 [Forwarding getPageSource on session 6483dfab1f8ea2dc52c697147cb03b33 to remote] DEBUG org.asynchttpclient.netty.request.NettyRequestSender - Using open Channel [id: 0x9d709f95, L:/127.0.0.1:51378 - R:localhost/127.0.0.1:46773] for POST '/session/6483dfab1f8ea2dc52c697147cb03b33/execute/sync'
16:12:32.372 [AsyncHttpClient-1-3] DEBUG org.asynchttpclient.netty.handler.HttpHandler - 

Request DefaultHttpRequest(decodeResult: success, version: HTTP/1.1)
POST /session/6483dfab1f8ea2dc52c697147cb03b33/execute/sync HTTP/1.1
User-Agent: selenium/4.8.1 (java windows)
Content-Length: 176
Content-Type: application/json; charset=utf-8
host: localhost:46773
accept: */*

Response DefaultHttpResponse(decodeResult: success, version: HTTP/1.1)
HTTP/1.1 200 OK
Content-Length: 27998
Content-Type: application/json; charset=utf-8
cache-control: no-cache

16:12:32.372 [AsyncHttpClient-1-3] DEBUG org.asynchttpclient.netty.channel.ChannelManager - Adding key: http://localhost:46773 for channel [id: 0x9d709f95, L:/127.0.0.1:51378 - R:localhost/127.0.0.1:46773]
16:12:32.373 [Forwarding getCurrentUrl on session 6483dfab1f8ea2dc52c697147cb03b33 to remote] DEBUG org.asynchttpclient.netty.request.NettyRequestSender - Using pooled Channel '[id: 0x9d709f95, L:/127.0.0.1:51378 - R:localhost/127.0.0.1:46773]' for 'GET' to 'http://localhost:46773/session/6483dfab1f8ea2dc52c697147cb03b33/url'
16:12:32.374 [Forwarding getCurrentUrl on session 6483dfab1f8ea2dc52c697147cb03b33 to remote] DEBUG org.asynchttpclient.netty.request.NettyRequestSender - Using open Channel [id: 0x9d709f95, L:/127.0.0.1:51378 - R:localhost/127.0.0.1:46773] for GET '/session/6483dfab1f8ea2dc52c697147cb03b33/url'
16:12:32.378 [AsyncHttpClient-1-3] DEBUG org.asynchttpclient.netty.handler.HttpHandler - 

Request DefaultFullHttpRequest(decodeResult: success, version: HTTP/1.1, content: EmptyByteBufBE)
GET /session/6483dfab1f8ea2dc52c697147cb03b33/url HTTP/1.1
User-Agent: selenium/4.8.1 (java windows)
Cache-Control: no-cache
Content-Type: application/json; charset=utf-8
host: localhost:46773
accept: */*

Response DefaultHttpResponse(decodeResult: success, version: HTTP/1.1)
HTTP/1.1 200 OK
Content-Length: 41
Content-Type: application/json; charset=utf-8
cache-control: no-cache

16:12:32.378 [AsyncHttpClient-1-3] DEBUG org.asynchttpclient.netty.channel.ChannelManager - Adding key: http://localhost:46773 for channel [id: 0x9d709f95, L:/127.0.0.1:51378 - R:localhost/127.0.0.1:46773]
16:12:32.382 [main] DEBUG net.thucydides.core.steps.StepInterceptor - STARTING STEP: CategorySteps.validateOnGamingCategoryProduct - validateGamingCategoryAlert
16:12:32.385 [Forwarding findElement on session 6483dfab1f8ea2dc52c697147cb03b33 to remote] DEBUG org.asynchttpclient.netty.request.NettyRequestSender - Using pooled Channel '[id: 0x9d709f95, L:/127.0.0.1:51378 - R:localhost/127.0.0.1:46773]' for 'POST' to 'http://localhost:46773/session/6483dfab1f8ea2dc52c697147cb03b33/element'
16:12:32.385 [Forwarding findElement on session 6483dfab1f8ea2dc52c697147cb03b33 to remote] DEBUG org.asynchttpclient.netty.request.NettyRequestSender - Using open Channel [id: 0x9d709f95, L:/127.0.0.1:51378 - R:localhost/127.0.0.1:46773] for POST '/session/6483dfab1f8ea2dc52c697147cb03b33/element'
16:12:32.403 [AsyncHttpClient-1-3] DEBUG org.asynchttpclient.netty.handler.HttpHandler - 

Request DefaultHttpRequest(decodeResult: success, version: HTTP/1.1)
POST /session/6483dfab1f8ea2dc52c697147cb03b33/element HTTP/1.1
User-Agent: selenium/4.8.1 (java windows)
Content-Length: 137
Content-Type: application/json; charset=utf-8
host: localhost:46773
accept: */*

Response DefaultHttpResponse(decodeResult: success, version: HTTP/1.1)
HTTP/1.1 200 OK
Content-Length: 88
Content-Type: application/json; charset=utf-8
cache-control: no-cache

16:12:32.403 [AsyncHttpClient-1-3] DEBUG org.asynchttpclient.netty.channel.ChannelManager - Adding key: http://localhost:46773 for channel [id: 0x9d709f95, L:/127.0.0.1:51378 - R:localhost/127.0.0.1:46773]
16:12:32.408 [Forwarding isElementDisplayed on session 6483dfab1f8ea2dc52c697147cb03b33 to remote] DEBUG org.asynchttpclient.netty.request.NettyRequestSender - Using pooled Channel '[id: 0x9d709f95, L:/127.0.0.1:51378 - R:localhost/127.0.0.1:46773]' for 'POST' to 'http://localhost:46773/session/6483dfab1f8ea2dc52c697147cb03b33/execute/sync'
16:12:32.408 [Forwarding isElementDisplayed on session 6483dfab1f8ea2dc52c697147cb03b33 to remote] DEBUG org.asynchttpclient.netty.request.NettyRequestSender - Using open Channel [id: 0x9d709f95, L:/127.0.0.1:51378 - R:localhost/127.0.0.1:46773] for POST '/session/6483dfab1f8ea2dc52c697147cb03b33/execute/sync'
16:12:32.462 [AsyncHttpClient-1-3] DEBUG org.asynchttpclient.netty.handler.HttpHandler - 

Request DefaultHttpRequest(decodeResult: success, version: HTTP/1.1)
POST /session/6483dfab1f8ea2dc52c697147cb03b33/execute/sync HTTP/1.1
User-Agent: selenium/4.8.1 (java windows)
Content-Length: 48807
Content-Type: application/json; charset=utf-8
host: localhost:46773
accept: */*

Response DefaultHttpResponse(decodeResult: success, version: HTTP/1.1)
HTTP/1.1 200 OK
Content-Length: 14
Content-Type: application/json; charset=utf-8
cache-control: no-cache

16:12:32.463 [AsyncHttpClient-1-3] DEBUG org.asynchttpclient.netty.channel.ChannelManager - Adding key: http://localhost:46773 for channel [id: 0x9d709f95, L:/127.0.0.1:51378 - R:localhost/127.0.0.1:46773]
16:12:32.468 [Forwarding getAlertText on session 6483dfab1f8ea2dc52c697147cb03b33 to remote] DEBUG org.asynchttpclient.netty.request.NettyRequestSender - Using pooled Channel '[id: 0x9d709f95, L:/127.0.0.1:51378 - R:localhost/127.0.0.1:46773]' for 'GET' to 'http://localhost:46773/session/6483dfab1f8ea2dc52c697147cb03b33/alert/text'
16:12:32.468 [Forwarding getAlertText on session 6483dfab1f8ea2dc52c697147cb03b33 to remote] DEBUG org.asynchttpclient.netty.request.NettyRequestSender - Using open Channel [id: 0x9d709f95, L:/127.0.0.1:51378 - R:localhost/127.0.0.1:46773] for GET '/session/6483dfab1f8ea2dc52c697147cb03b33/alert/text'
16:12:32.471 [AsyncHttpClient-1-3] DEBUG org.asynchttpclient.netty.handler.HttpHandler - 

Request DefaultFullHttpRequest(decodeResult: success, version: HTTP/1.1, content: EmptyByteBufBE)
GET /session/6483dfab1f8ea2dc52c697147cb03b33/alert/text HTTP/1.1
User-Agent: selenium/4.8.1 (java windows)
Cache-Control: no-cache
Content-Type: application/json; charset=utf-8
host: localhost:46773
accept: */*

Response DefaultHttpResponse(decodeResult: success, version: HTTP/1.1)
HTTP/1.1 404 Not Found
Content-Length: 836
Content-Type: application/json; charset=utf-8
cache-control: no-cache

16:12:32.471 [AsyncHttpClient-1-3] DEBUG org.asynchttpclient.netty.channel.ChannelManager - Adding key: http://localhost:46773 for channel [id: 0x9d709f95, L:/127.0.0.1:51378 - R:localhost/127.0.0.1:46773]
16:12:32.472 [Forwarding getCurrentUrl on session 6483dfab1f8ea2dc52c697147cb03b33 to remote] DEBUG org.asynchttpclient.netty.request.NettyRequestSender - Using pooled Channel '[id: 0x9d709f95, L:/127.0.0.1:51378 - R:localhost/127.0.0.1:46773]' for 'GET' to 'http://localhost:46773/session/6483dfab1f8ea2dc52c697147cb03b33/url'
16:12:32.472 [Forwarding getCurrentUrl on session 6483dfab1f8ea2dc52c697147cb03b33 to remote] DEBUG org.asynchttpclient.netty.request.NettyRequestSender - Using open Channel [id: 0x9d709f95, L:/127.0.0.1:51378 - R:localhost/127.0.0.1:46773] for GET '/session/6483dfab1f8ea2dc52c697147cb03b33/url'
16:12:32.484 [AsyncHttpClient-1-3] DEBUG org.asynchttpclient.netty.handler.HttpHandler - 

Request DefaultFullHttpRequest(decodeResult: success, version: HTTP/1.1, content: EmptyByteBufBE)
GET /session/6483dfab1f8ea2dc52c697147cb03b33/url HTTP/1.1
User-Agent: selenium/4.8.1 (java windows)
Cache-Control: no-cache
Content-Type: application/json; charset=utf-8
host: localhost:46773
accept: */*

Response DefaultHttpResponse(decodeResult: success, version: HTTP/1.1)
HTTP/1.1 200 OK
Content-Length: 41
Content-Type: application/json; charset=utf-8
cache-control: no-cache

16:12:32.484 [AsyncHttpClient-1-3] DEBUG org.asynchttpclient.netty.channel.ChannelManager - Adding key: http://localhost:46773 for channel [id: 0x9d709f95, L:/127.0.0.1:51378 - R:localhost/127.0.0.1:46773]
16:12:32.486 [Forwarding screenshot on session 6483dfab1f8ea2dc52c697147cb03b33 to remote] DEBUG org.asynchttpclient.netty.request.NettyRequestSender - Using pooled Channel '[id: 0x9d709f95, L:/127.0.0.1:51378 - R:localhost/127.0.0.1:46773]' for 'GET' to 'http://localhost:46773/session/6483dfab1f8ea2dc52c697147cb03b33/screenshot'
16:12:32.486 [Forwarding screenshot on session 6483dfab1f8ea2dc52c697147cb03b33 to remote] DEBUG org.asynchttpclient.netty.request.NettyRequestSender - Using open Channel [id: 0x9d709f95, L:/127.0.0.1:51378 - R:localhost/127.0.0.1:46773] for GET '/session/6483dfab1f8ea2dc52c697147cb03b33/screenshot'
16:12:32.592 [AsyncHttpClient-1-3] DEBUG org.asynchttpclient.netty.handler.HttpHandler - 

Request DefaultFullHttpRequest(decodeResult: success, version: HTTP/1.1, content: EmptyByteBufBE)
GET /session/6483dfab1f8ea2dc52c697147cb03b33/screenshot HTTP/1.1
User-Agent: selenium/4.8.1 (java windows)
Cache-Control: no-cache
Content-Type: application/json; charset=utf-8
host: localhost:46773
accept: */*

Response DefaultHttpResponse(decodeResult: success, version: HTTP/1.1)
HTTP/1.1 200 OK
Content-Length: 13416
Content-Type: application/json; charset=utf-8
cache-control: no-cache

16:12:32.592 [AsyncHttpClient-1-3] DEBUG org.asynchttpclient.netty.channel.ChannelManager - Adding key: http://localhost:46773 for channel [id: 0x9d709f95, L:/127.0.0.1:51378 - R:localhost/127.0.0.1:46773]
16:12:32.593 [main] DEBUG net.serenitybdd.core.photography.Darkroom - Send negative for processing for target\site\serenity\41d723302eb9bab6c70b9ef92b20049ceb0dee331452580479b8ce1e4a16b530.png
16:12:32.593 [main] DEBUG net.thucydides.core.steps.StepInterceptor - STEP DONE: validateGamingCategoryAlert
  &amp#27;[32mThen &amp#27;[0m&amp#27;[32mI should be redirected to gaming category product&amp#27;[0m &amp#27;[90m# starter.stepdefinitions.CategorySteps.validateOnGamingCategoryProduct()&amp#27;[0m
16:12:32.593 [Darkroom Processing Line] DEBUG net.serenitybdd.core.photography.DarkroomProcessingLine - Processing screenshot image in /var/screenshots/screenshot-290433481009708882
16:12:32.593 [Darkroom Processing Line] DEBUG net.serenitybdd.core.photography.DarkroomProcessingLine - Saving screenshot to target\site\serenity\41d723302eb9bab6c70b9ef92b20049ceb0dee331452580479b8ce1e4a16b530.png
16:12:32.596 [main] INFO  - 
  _____   ___   ___   _____     ___     _     ___   ___   ___   ___  
 |_   _| | __| / __| |_   _|   | _ \   /_\   / __| / __| | __| |   \ 
   | |   | _|  \__ \   | |     |  _/  / _ \  \__ \ \__ \ | _|  | |) |
   |_|   |___| |___/   |_|     |_|   /_/ \_\ |___/ |___/ |___| |___/ 

Select category
----------------------------------------------------------------------
16:12:32.597 [AsyncHttpClient-1-5] DEBUG org.asynchttpclient.netty.handler.WebSocketHandler - Channel Closed: [id: 0x14997654, L:/127.0.0.1:51387 ! R:localhost/127.0.0.1:51379] with attribute NettyResponseFuture{currentRetry=0,
	isDone=1,
	isCancelled=0,
	asyncHandler=org.asynchttpclient.ws.WebSocketUpgradeHandler@3faa9a49,
	nettyRequest=org.asynchttpclient.netty.request.NettyRequest@14166fa5,
	future=java.util.concurrent.CompletableFuture@4dc01354[Completed normally],
	uri=ws://localhost:51379/devtools/browser/5793b745-8fcd-414e-b62f-df4301f0d5e7,
	keepAlive=true,
	redirectCount=0,
	timeoutsHolder=null,
	inAuth=0,
	touch=1683537145127}
16:12:32.597 [AsyncHttpClient-1-5] DEBUG org.asynchttpclient.netty.channel.ChannelManager - Closing Channel [id: 0x14997654, L:/127.0.0.1:51387 ! R:localhost/127.0.0.1:51379] 
16:12:32.597 [Driver Command Executor] DEBUG org.asynchttpclient.netty.request.NettyRequestSender - Using pooled Channel '[id: 0x9d709f95, L:/127.0.0.1:51378 - R:localhost/127.0.0.1:46773]' for 'DELETE' to 'http://localhost:46773/session/6483dfab1f8ea2dc52c697147cb03b33'
16:12:32.597 [Driver Command Executor] DEBUG org.asynchttpclient.netty.request.NettyRequestSender - Using open Channel [id: 0x9d709f95, L:/127.0.0.1:51378 - R:localhost/127.0.0.1:46773] for DELETE '/session/6483dfab1f8ea2dc52c697147cb03b33'
16:12:32.628 [AsyncHttpClient-1-4] DEBUG org.asynchttpclient.netty.handler.HttpHandler - Unexpected I/O exception on channel [id: 0xb5704519, L:/127.0.0.1:51386 - R:localhost/127.0.0.1:51379]
java.net.SocketException: Connection reset
	at java.base/sun.nio.ch.SocketChannelImpl.throwConnectionReset(SocketChannelImpl.java:367)
	at java.base/sun.nio.ch.SocketChannelImpl.read(SocketChannelImpl.java:398)
	at io.netty.buffer.PooledByteBuf.setBytes(PooledByteBuf.java:259)
	at io.netty.buffer.AbstractByteBuf.writeBytes(AbstractByteBuf.java:1132)
	at io.netty.channel.socket.nio.NioSocketChannel.doReadBytes(NioSocketChannel.java:357)
	at io.netty.channel.nio.AbstractNioByteChannel$NioByteUnsafe.read(AbstractNioByteChannel.java:151)
	at io.netty.channel.nio.NioEventLoop.processSelectedKey(NioEventLoop.java:788)
	at io.netty.channel.nio.NioEventLoop.processSelectedKeysOptimized(NioEventLoop.java:724)
	at io.netty.channel.nio.NioEventLoop.processSelectedKeys(NioEventLoop.java:650)
	at io.netty.channel.nio.NioEventLoop.run(NioEventLoop.java:562)
	at io.netty.util.concurrent.SingleThreadEventExecutor$4.run(SingleThreadEventExecutor.java:997)
	at io.netty.util.internal.ThreadExecutorMap$2.run(ThreadExecutorMap.java:74)
	at io.netty.util.concurrent.FastThreadLocalRunnable.run(FastThreadLocalRunnable.java:30)
	at java.base/java.lang.Thread.run(Thread.java:832)
16:12:32.629 [AsyncHttpClient-1-4] DEBUG org.asynchttpclient.netty.channel.ChannelManager - Closing Channel [id: 0xb5704519, L:/127.0.0.1:51386 - R:localhost/127.0.0.1:51379] 
16:12:32.629 [AsyncHttpClient-1-4] DEBUG org.asynchttpclient.netty.handler.HttpHandler - Channel Closed: [id: 0xb5704519, L:/127.0.0.1:51386 ! R:localhost/127.0.0.1:51379] with attribute DISCARD
16:12:32.644 [AsyncHttpClient-1-3] DEBUG org.asynchttpclient.netty.handler.HttpHandler - 

Request DefaultFullHttpRequest(decodeResult: success, version: HTTP/1.1, content: EmptyByteBufBE)
DELETE /session/6483dfab1f8ea2dc52c697147cb03b33 HTTP/1.1
User-Agent: selenium/4.8.1 (java windows)
Content-Type: application/json; charset=utf-8
host: localhost:46773
accept: */*

Response DefaultHttpResponse(decodeResult: success, version: HTTP/1.1)
HTTP/1.1 200 OK
Content-Length: 14
Content-Type: application/json; charset=utf-8
cache-control: no-cache

16:12:32.644 [AsyncHttpClient-1-3] DEBUG org.asynchttpclient.netty.channel.ChannelManager - Adding key: http://localhost:46773 for channel [id: 0x9d709f95, L:/127.0.0.1:51378 - R:localhost/127.0.0.1:46773]
16:12:33.340 [AsyncHttpClient-1-3] DEBUG org.asynchttpclient.netty.handler.HttpHandler - Channel Closed: [id: 0x9d709f95, L:/127.0.0.1:51378 ! R:localhost/127.0.0.1:46773] with attribute DISCARD
16:12:33.463 [AsyncHttpClient-1-1] DEBUG org.asynchttpclient.netty.channel.DefaultChannelPool - Entry count for : http://localhost:51379 : 1
16:12:33.463 [AsyncHttpClient-1-1] DEBUG org.asynchttpclient.netty.channel.DefaultChannelPool - Entry count for : http://localhost:46773 : 1
16:12:33.463 [AsyncHttpClient-1-1] DEBUG org.asynchttpclient.netty.channel.DefaultChannelPool - Adding Candidate expired Channel [id: 0xb5704519, L:/127.0.0.1:51386 ! R:localhost/127.0.0.1:51379] isIdleTimeoutExpired=false isRemotelyClosed=true isTtlExpired=false
16:12:33.463 [AsyncHttpClient-1-1] DEBUG org.asynchttpclient.netty.channel.DefaultChannelPool - Closing Idle Channel [id: 0xb5704519, L:/127.0.0.1:51386 ! R:localhost/127.0.0.1:51379]
16:12:33.463 [AsyncHttpClient-1-1] DEBUG org.asynchttpclient.netty.channel.DefaultChannelPool - Adding Candidate expired Channel [id: 0x9d709f95, L:/127.0.0.1:51378 ! R:localhost/127.0.0.1:46773] isIdleTimeoutExpired=false isRemotelyClosed=true isTtlExpired=false
16:12:33.463 [AsyncHttpClient-1-1] DEBUG org.asynchttpclient.netty.channel.DefaultChannelPool - Closing Idle Channel [id: 0x9d709f95, L:/127.0.0.1:51378 ! R:localhost/127.0.0.1:46773]
16:12:33.463 [AsyncHttpClient-1-1] DEBUG org.asynchttpclient.netty.channel.DefaultChannelPool - Closed 2 connections out of 2 in 0 ms
]]></system-out>
    <system-err><![CDATA[Starting ChromeDriver 111.0.5563.64 (c710e93d5b63b7095afe8c2c17df34408078439d-refs/branch-heads/5563@{#995}) on port 46773
Only local connections are allowed.
Please see https://chromedriver.chromium.org/security-considerations for suggestions on keeping ChromeDriver safe.
ChromeDriver was started successfully.
[1683537145.110][WARNING]: This version of ChromeDriver has not been tested with Chrome version 112.
May 08, 2023 4:12:25 PM org.openqa.selenium.devtools.CdpVersionFinder findNearestMatch
WARNING: Unable to find an exact match for CDP version 112, so returning the closest version found: 110
]]></system-err>
  </testcase>
  <testcase name="Clear category" classname="Category" time="10.722">
    <system-out><![CDATA[
Scenario: Clear category                                     &amp#27;[90m# src/test/resources/features/4. Category.feature:13&amp#27;[0m
16:12:33.859 [main] DEBUG io.cucumber.core.plugin.SerenityReporter - Running feature from file:///C:/Users/WINDOWS%2010/Documents/GitHub/MiniProject_QE/Web/code/minpro/src/test/resources/features/4.%20Category.feature
16:12:33.862 [main] INFO  - 
  _____   ___   ___   _____     ___   _____     _     ___   _____   ___   ___  
 |_   _| | __| / __| |_   _|   / __| |_   _|   /_\   | _ \ |_   _| | __| |   \ 
   | |   | _|  \__ \   | |     \__ \   | |    / _ \  |   /   | |   | _|  | |) |
   |_|   |___| |___/   |_|     |___/   |_|   /_/ \_\ |_|_\   |_|   |___| |___/ 

Clear category(category;clear-category)
--------------------------------------------------------------------------------
16:12:33.890 [main] DEBUG net.thucydides.core.steps.StepInterceptor - STARTING STEP: CategorySteps.goToHomePage - openPage
16:12:33.919 [main] INFO net.serenitybdd.core.webdriver.driverproviders.ChromeDriverProvider - Starting Chrome driver instance with capabilities:
16:12:33.919 [main] INFO net.serenitybdd.core.webdriver.driverproviders.ChromeDriverProvider - Capabilities {acceptInsecureCerts: false, browserName: chrome, goog:chromeOptions: {args: [remote-allow-origins=*], extensions: []}}
16:12:33.985 [AsyncHttpClient-1-6] DEBUG org.asynchttpclient.netty.channel.NettyConnectListener - Using new Channel '[id: 0x86262e47, L:/127.0.0.1:51430 - R:localhost/127.0.0.1:25558]' for 'POST' to '/session'
16:12:34.573 [AsyncHttpClient-1-6] DEBUG org.asynchttpclient.netty.handler.HttpHandler - 

Request DefaultHttpRequest(decodeResult: success, version: HTTP/1.1)
POST /session HTTP/1.1
User-Agent: selenium/4.8.1 (java windows)
Content-Length: 507
Content-Type: application/json; charset=utf-8
host: localhost:25558
accept: */*

Response DefaultHttpResponse(decodeResult: success, version: HTTP/1.1)
HTTP/1.1 200 OK
Content-Length: 862
Content-Type: application/json; charset=utf-8
cache-control: no-cache

16:12:34.573 [AsyncHttpClient-1-6] DEBUG org.asynchttpclient.netty.channel.ChannelManager - Adding key: http://localhost:25558 for channel [id: 0x86262e47, L:/127.0.0.1:51430 - R:localhost/127.0.0.1:25558]
16:12:34.578 [AsyncHttpClient-1-7] DEBUG org.asynchttpclient.netty.channel.NettyConnectListener - Using new Channel '[id: 0x322aa5c4, L:/127.0.0.1:51440 - R:localhost/127.0.0.1:51432]' for 'GET' to '/json/version'
16:12:34.578 [AsyncHttpClient-1-7] DEBUG org.asynchttpclient.netty.handler.HttpHandler - 

Request DefaultFullHttpRequest(decodeResult: success, version: HTTP/1.1, content: EmptyByteBufBE)
GET /json/version HTTP/1.1
User-Agent: selenium/4.8.1 (java windows)
host: localhost:51432
accept: */*

Response DefaultHttpResponse(decodeResult: success, version: HTTP/1.1)
HTTP/1.1 200 OK
Content-Security-Policy: frame-ancestors 'none'
Content-Length: 424
Content-Type: application/json; charset=UTF-8

16:12:34.578 [AsyncHttpClient-1-7] DEBUG org.asynchttpclient.netty.channel.ChannelManager - Adding key: http://localhost:51432 for channel [id: 0x322aa5c4, L:/127.0.0.1:51440 - R:localhost/127.0.0.1:51432]
16:12:34.579 [AsyncHttpClient-1-8] DEBUG org.asynchttpclient.netty.channel.NettyConnectListener - Using new Channel '[id: 0xfcee8cbb, L:/127.0.0.1:51441 - R:localhost/127.0.0.1:51432]' for 'GET' to '/devtools/browser/941d891a-f70f-4717-8005-0a95476ab7dc'
16:12:34.580 [AsyncHttpClient-1-8] DEBUG org.asynchttpclient.netty.handler.WebSocketHandler - 

Request DefaultFullHttpRequest(decodeResult: success, version: HTTP/1.1, content: EmptyByteBufBE)
GET /devtools/browser/941d891a-f70f-4717-8005-0a95476ab7dc HTTP/1.1
upgrade: websocket
connection: upgrade
sec-websocket-key: 8fR6oO2W2Mcg4TRrt604RA==
sec-websocket-version: 13
origin: http://localhost:51432
host: localhost:51432
accept: */*
user-agent: AHC/2.1

Response DefaultHttpResponse(decodeResult: success, version: HTTP/1.1)
HTTP/1.1 101 WebSocket Protocol Handshake
Upgrade: WebSocket
Connection: Upgrade
Sec-WebSocket-Accept: m5DnnPrbNQW0yWXT5sPtaGDERE8=

16:12:34.583 [Forwarding get on session b56cc36c33fd6a6763ce4d4c2c3ad54e to remote] DEBUG org.asynchttpclient.netty.request.NettyRequestSender - Using pooled Channel '[id: 0x86262e47, L:/127.0.0.1:51430 - R:localhost/127.0.0.1:25558]' for 'POST' to 'http://localhost:25558/session/b56cc36c33fd6a6763ce4d4c2c3ad54e/url'
16:12:34.583 [Forwarding get on session b56cc36c33fd6a6763ce4d4c2c3ad54e to remote] DEBUG org.asynchttpclient.netty.request.NettyRequestSender - Using open Channel [id: 0x86262e47, L:/127.0.0.1:51430 - R:localhost/127.0.0.1:25558] for POST '/session/b56cc36c33fd6a6763ce4d4c2c3ad54e/url'
16:12:35.658 [AsyncHttpClient-1-1] DEBUG org.asynchttpclient.netty.channel.DefaultChannelPool - Entry count for : http://localhost:51432 : 1
16:12:36.766 [AsyncHttpClient-1-1] DEBUG org.asynchttpclient.netty.channel.DefaultChannelPool - Entry count for : http://localhost:51432 : 1
16:12:37.857 [AsyncHttpClient-1-1] DEBUG org.asynchttpclient.netty.channel.DefaultChannelPool - Entry count for : http://localhost:51432 : 1
16:12:38.962 [AsyncHttpClient-1-1] DEBUG org.asynchttpclient.netty.channel.DefaultChannelPool - Entry count for : http://localhost:51432 : 1
16:12:40.043 [AsyncHttpClient-1-6] DEBUG org.asynchttpclient.netty.handler.HttpHandler - 

Request DefaultHttpRequest(decodeResult: success, version: HTTP/1.1)
POST /session/b56cc36c33fd6a6763ce4d4c2c3ad54e/url HTTP/1.1
User-Agent: selenium/4.8.1 (java windows)
Content-Length: 74
Content-Type: application/json; charset=utf-8
host: localhost:25558
accept: */*

Response DefaultHttpResponse(decodeResult: success, version: HTTP/1.1)
HTTP/1.1 200 OK
Content-Length: 14
Content-Type: application/json; charset=utf-8
cache-control: no-cache

16:12:40.043 [AsyncHttpClient-1-6] DEBUG org.asynchttpclient.netty.channel.ChannelManager - Adding key: http://localhost:25558 for channel [id: 0x86262e47, L:/127.0.0.1:51430 - R:localhost/127.0.0.1:25558]
16:12:40.043 [Forwarding setTimeout on session b56cc36c33fd6a6763ce4d4c2c3ad54e to remote] DEBUG org.asynchttpclient.netty.request.NettyRequestSender - Using pooled Channel '[id: 0x86262e47, L:/127.0.0.1:51430 - R:localhost/127.0.0.1:25558]' for 'POST' to 'http://localhost:25558/session/b56cc36c33fd6a6763ce4d4c2c3ad54e/timeouts'
16:12:40.043 [Forwarding setTimeout on session b56cc36c33fd6a6763ce4d4c2c3ad54e to remote] DEBUG org.asynchttpclient.netty.request.NettyRequestSender - Using open Channel [id: 0x86262e47, L:/127.0.0.1:51430 - R:localhost/127.0.0.1:25558] for POST '/session/b56cc36c33fd6a6763ce4d4c2c3ad54e/timeouts'
16:12:40.044 [AsyncHttpClient-1-6] DEBUG org.asynchttpclient.netty.handler.HttpHandler - 

Request DefaultHttpRequest(decodeResult: success, version: HTTP/1.1)
POST /session/b56cc36c33fd6a6763ce4d4c2c3ad54e/timeouts HTTP/1.1
User-Agent: selenium/4.8.1 (java windows)
Content-Length: 22
Content-Type: application/json; charset=utf-8
host: localhost:25558
accept: */*

Response DefaultHttpResponse(decodeResult: success, version: HTTP/1.1)
HTTP/1.1 200 OK
Content-Length: 14
Content-Type: application/json; charset=utf-8
cache-control: no-cache

16:12:40.044 [AsyncHttpClient-1-6] DEBUG org.asynchttpclient.netty.channel.ChannelManager - Adding key: http://localhost:25558 for channel [id: 0x86262e47, L:/127.0.0.1:51430 - R:localhost/127.0.0.1:25558]
16:12:40.046 [Forwarding getAlertText on session b56cc36c33fd6a6763ce4d4c2c3ad54e to remote] DEBUG org.asynchttpclient.netty.request.NettyRequestSender - Using pooled Channel '[id: 0x86262e47, L:/127.0.0.1:51430 - R:localhost/127.0.0.1:25558]' for 'GET' to 'http://localhost:25558/session/b56cc36c33fd6a6763ce4d4c2c3ad54e/alert/text'
16:12:40.046 [Forwarding getAlertText on session b56cc36c33fd6a6763ce4d4c2c3ad54e to remote] DEBUG org.asynchttpclient.netty.request.NettyRequestSender - Using open Channel [id: 0x86262e47, L:/127.0.0.1:51430 - R:localhost/127.0.0.1:25558] for GET '/session/b56cc36c33fd6a6763ce4d4c2c3ad54e/alert/text'
16:12:40.048 [AsyncHttpClient-1-6] DEBUG org.asynchttpclient.netty.handler.HttpHandler - 

Request DefaultFullHttpRequest(decodeResult: success, version: HTTP/1.1, content: EmptyByteBufBE)
GET /session/b56cc36c33fd6a6763ce4d4c2c3ad54e/alert/text HTTP/1.1
User-Agent: selenium/4.8.1 (java windows)
Cache-Control: no-cache
Content-Type: application/json; charset=utf-8
host: localhost:25558
accept: */*

Response DefaultHttpResponse(decodeResult: success, version: HTTP/1.1)
HTTP/1.1 404 Not Found
Content-Length: 836
Content-Type: application/json; charset=utf-8
cache-control: no-cache

16:12:40.048 [AsyncHttpClient-1-6] DEBUG org.asynchttpclient.netty.channel.ChannelManager - Adding key: http://localhost:25558 for channel [id: 0x86262e47, L:/127.0.0.1:51430 - R:localhost/127.0.0.1:25558]
16:12:40.049 [Forwarding getCurrentUrl on session b56cc36c33fd6a6763ce4d4c2c3ad54e to remote] DEBUG org.asynchttpclient.netty.request.NettyRequestSender - Using pooled Channel '[id: 0x86262e47, L:/127.0.0.1:51430 - R:localhost/127.0.0.1:25558]' for 'GET' to 'http://localhost:25558/session/b56cc36c33fd6a6763ce4d4c2c3ad54e/url'
16:12:40.049 [Forwarding getCurrentUrl on session b56cc36c33fd6a6763ce4d4c2c3ad54e to remote] DEBUG org.asynchttpclient.netty.request.NettyRequestSender - Using open Channel [id: 0x86262e47, L:/127.0.0.1:51430 - R:localhost/127.0.0.1:25558] for GET '/session/b56cc36c33fd6a6763ce4d4c2c3ad54e/url'
16:12:40.052 [AsyncHttpClient-1-6] DEBUG org.asynchttpclient.netty.handler.HttpHandler - 

Request DefaultFullHttpRequest(decodeResult: success, version: HTTP/1.1, content: EmptyByteBufBE)
GET /session/b56cc36c33fd6a6763ce4d4c2c3ad54e/url HTTP/1.1
User-Agent: selenium/4.8.1 (java windows)
Cache-Control: no-cache
Content-Type: application/json; charset=utf-8
host: localhost:25558
accept: */*

Response DefaultHttpResponse(decodeResult: success, version: HTTP/1.1)
HTTP/1.1 200 OK
Content-Length: 51
Content-Type: application/json; charset=utf-8
cache-control: no-cache

16:12:40.052 [AsyncHttpClient-1-6] DEBUG org.asynchttpclient.netty.channel.ChannelManager - Adding key: http://localhost:25558 for channel [id: 0x86262e47, L:/127.0.0.1:51430 - R:localhost/127.0.0.1:25558]
16:12:40.052 [Forwarding screenshot on session b56cc36c33fd6a6763ce4d4c2c3ad54e to remote] DEBUG org.asynchttpclient.netty.request.NettyRequestSender - Using pooled Channel '[id: 0x86262e47, L:/127.0.0.1:51430 - R:localhost/127.0.0.1:25558]' for 'GET' to 'http://localhost:25558/session/b56cc36c33fd6a6763ce4d4c2c3ad54e/screenshot'
16:12:40.052 [Forwarding screenshot on session b56cc36c33fd6a6763ce4d4c2c3ad54e to remote] DEBUG org.asynchttpclient.netty.request.NettyRequestSender - Using open Channel [id: 0x86262e47, L:/127.0.0.1:51430 - R:localhost/127.0.0.1:25558] for GET '/session/b56cc36c33fd6a6763ce4d4c2c3ad54e/screenshot'
16:12:40.060 [AsyncHttpClient-1-1] DEBUG org.asynchttpclient.netty.channel.DefaultChannelPool - Entry count for : http://localhost:51432 : 1
16:12:40.127 [AsyncHttpClient-1-6] DEBUG org.asynchttpclient.netty.handler.HttpHandler - 

Request DefaultFullHttpRequest(decodeResult: success, version: HTTP/1.1, content: EmptyByteBufBE)
GET /session/b56cc36c33fd6a6763ce4d4c2c3ad54e/screenshot HTTP/1.1
User-Agent: selenium/4.8.1 (java windows)
Cache-Control: no-cache
Content-Type: application/json; charset=utf-8
host: localhost:25558
accept: */*

Response DefaultHttpResponse(decodeResult: success, version: HTTP/1.1)
HTTP/1.1 200 OK
Content-Length: 25208
Content-Type: application/json; charset=utf-8
cache-control: no-cache

16:12:40.127 [AsyncHttpClient-1-6] DEBUG org.asynchttpclient.netty.channel.ChannelManager - Adding key: http://localhost:25558 for channel [id: 0x86262e47, L:/127.0.0.1:51430 - R:localhost/127.0.0.1:25558]
16:12:40.128 [main] DEBUG net.serenitybdd.core.photography.Darkroom - Send negative for processing for target\site\serenity\edb14d4aab401efa0e4fb99861e6ffcafebc86a67b69f7828890b9910ed2ddbd.png
16:12:40.128 [main] DEBUG net.thucydides.core.steps.StepInterceptor - STEP DONE: openPage
16:12:40.131 [Forwarding getPageSource on session b56cc36c33fd6a6763ce4d4c2c3ad54e to remote] DEBUG org.asynchttpclient.netty.request.NettyRequestSender - Using pooled Channel '[id: 0x86262e47, L:/127.0.0.1:51430 - R:localhost/127.0.0.1:25558]' for 'POST' to 'http://localhost:25558/session/b56cc36c33fd6a6763ce4d4c2c3ad54e/execute/sync'
16:12:40.132 [Forwarding getPageSource on session b56cc36c33fd6a6763ce4d4c2c3ad54e to remote] DEBUG org.asynchttpclient.netty.request.NettyRequestSender - Using open Channel [id: 0x86262e47, L:/127.0.0.1:51430 - R:localhost/127.0.0.1:25558] for POST '/session/b56cc36c33fd6a6763ce4d4c2c3ad54e/execute/sync'
16:12:40.136 [AsyncHttpClient-1-6] DEBUG org.asynchttpclient.netty.handler.HttpHandler - 

Request DefaultHttpRequest(decodeResult: success, version: HTTP/1.1)
POST /session/b56cc36c33fd6a6763ce4d4c2c3ad54e/execute/sync HTTP/1.1
User-Agent: selenium/4.8.1 (java windows)
Content-Length: 176
Content-Type: application/json; charset=utf-8
host: localhost:25558
accept: */*

Response DefaultHttpResponse(decodeResult: success, version: HTTP/1.1)
HTTP/1.1 200 OK
Content-Length: 21659
Content-Type: application/json; charset=utf-8
cache-control: no-cache

16:12:40.136 [AsyncHttpClient-1-6] DEBUG org.asynchttpclient.netty.channel.ChannelManager - Adding key: http://localhost:25558 for channel [id: 0x86262e47, L:/127.0.0.1:51430 - R:localhost/127.0.0.1:25558]
16:12:40.137 [Forwarding getCurrentUrl on session b56cc36c33fd6a6763ce4d4c2c3ad54e to remote] DEBUG org.asynchttpclient.netty.request.NettyRequestSender - Using pooled Channel '[id: 0x86262e47, L:/127.0.0.1:51430 - R:localhost/127.0.0.1:25558]' for 'GET' to 'http://localhost:25558/session/b56cc36c33fd6a6763ce4d4c2c3ad54e/url'
16:12:40.137 [Forwarding getCurrentUrl on session b56cc36c33fd6a6763ce4d4c2c3ad54e to remote] DEBUG org.asynchttpclient.netty.request.NettyRequestSender - Using open Channel [id: 0x86262e47, L:/127.0.0.1:51430 - R:localhost/127.0.0.1:25558] for GET '/session/b56cc36c33fd6a6763ce4d4c2c3ad54e/url'
16:12:40.140 [AsyncHttpClient-1-6] DEBUG org.asynchttpclient.netty.handler.HttpHandler - 

Request DefaultFullHttpRequest(decodeResult: success, version: HTTP/1.1, content: EmptyByteBufBE)
GET /session/b56cc36c33fd6a6763ce4d4c2c3ad54e/url HTTP/1.1
User-Agent: selenium/4.8.1 (java windows)
Cache-Control: no-cache
Content-Type: application/json; charset=utf-8
host: localhost:25558
accept: */*

Response DefaultHttpResponse(decodeResult: success, version: HTTP/1.1)
HTTP/1.1 200 OK
Content-Length: 51
Content-Type: application/json; charset=utf-8
cache-control: no-cache

16:12:40.140 [AsyncHttpClient-1-6] DEBUG org.asynchttpclient.netty.channel.ChannelManager - Adding key: http://localhost:25558 for channel [id: 0x86262e47, L:/127.0.0.1:51430 - R:localhost/127.0.0.1:25558]
16:12:40.141 [main] DEBUG net.thucydides.core.steps.StepInterceptor - STARTING STEP: CategorySteps.goToHomePage - clickToolbarTitle
16:12:40.142 [Forwarding findElement on session b56cc36c33fd6a6763ce4d4c2c3ad54e to remote] DEBUG org.asynchttpclient.netty.request.NettyRequestSender - Using pooled Channel '[id: 0x86262e47, L:/127.0.0.1:51430 - R:localhost/127.0.0.1:25558]' for 'POST' to 'http://localhost:25558/session/b56cc36c33fd6a6763ce4d4c2c3ad54e/element'
16:12:40.143 [Forwarding findElement on session b56cc36c33fd6a6763ce4d4c2c3ad54e to remote] DEBUG org.asynchttpclient.netty.request.NettyRequestSender - Using open Channel [id: 0x86262e47, L:/127.0.0.1:51430 - R:localhost/127.0.0.1:25558] for POST '/session/b56cc36c33fd6a6763ce4d4c2c3ad54e/element'
16:12:40.150 [AsyncHttpClient-1-6] DEBUG org.asynchttpclient.netty.handler.HttpHandler - 

Request DefaultHttpRequest(decodeResult: success, version: HTTP/1.1)
POST /session/b56cc36c33fd6a6763ce4d4c2c3ad54e/element HTTP/1.1
User-Agent: selenium/4.8.1 (java windows)
Content-Length: 63
Content-Type: application/json; charset=utf-8
host: localhost:25558
accept: */*

Response DefaultHttpResponse(decodeResult: success, version: HTTP/1.1)
HTTP/1.1 200 OK
Content-Length: 88
Content-Type: application/json; charset=utf-8
cache-control: no-cache

16:12:40.150 [AsyncHttpClient-1-6] DEBUG org.asynchttpclient.netty.channel.ChannelManager - Adding key: http://localhost:25558 for channel [id: 0x86262e47, L:/127.0.0.1:51430 - R:localhost/127.0.0.1:25558]
16:12:40.151 [Forwarding getElementTagName on session b56cc36c33fd6a6763ce4d4c2c3ad54e to remote] DEBUG org.asynchttpclient.netty.request.NettyRequestSender - Using pooled Channel '[id: 0x86262e47, L:/127.0.0.1:51430 - R:localhost/127.0.0.1:25558]' for 'GET' to 'http://localhost:25558/session/b56cc36c33fd6a6763ce4d4c2c3ad54e/element/247bb636-adbf-4f09-891f-ddbf1d70d47b/name'
16:12:40.151 [Forwarding getElementTagName on session b56cc36c33fd6a6763ce4d4c2c3ad54e to remote] DEBUG org.asynchttpclient.netty.request.NettyRequestSender - Using open Channel [id: 0x86262e47, L:/127.0.0.1:51430 - R:localhost/127.0.0.1:25558] for GET '/session/b56cc36c33fd6a6763ce4d4c2c3ad54e/element/247bb636-adbf-4f09-891f-ddbf1d70d47b/name'
16:12:40.154 [AsyncHttpClient-1-6] DEBUG org.asynchttpclient.netty.handler.HttpHandler - 

Request DefaultFullHttpRequest(decodeResult: success, version: HTTP/1.1, content: EmptyByteBufBE)
GET /session/b56cc36c33fd6a6763ce4d4c2c3ad54e/element/247bb636-adbf-4f09-891f-ddbf1d70d47b/name HTTP/1.1
User-Agent: selenium/4.8.1 (java windows)
Cache-Control: no-cache
Content-Type: application/json; charset=utf-8
host: localhost:25558
accept: */*

Response DefaultHttpResponse(decodeResult: success, version: HTTP/1.1)
HTTP/1.1 200 OK
Content-Length: 15
Content-Type: application/json; charset=utf-8
cache-control: no-cache

16:12:40.155 [AsyncHttpClient-1-6] DEBUG org.asynchttpclient.netty.channel.ChannelManager - Adding key: http://localhost:25558 for channel [id: 0x86262e47, L:/127.0.0.1:51430 - R:localhost/127.0.0.1:25558]
16:12:40.155 [Forwarding getElementTagName on session b56cc36c33fd6a6763ce4d4c2c3ad54e to remote] DEBUG org.asynchttpclient.netty.request.NettyRequestSender - Using pooled Channel '[id: 0x86262e47, L:/127.0.0.1:51430 - R:localhost/127.0.0.1:25558]' for 'GET' to 'http://localhost:25558/session/b56cc36c33fd6a6763ce4d4c2c3ad54e/element/247bb636-adbf-4f09-891f-ddbf1d70d47b/name'
16:12:40.155 [Forwarding getElementTagName on session b56cc36c33fd6a6763ce4d4c2c3ad54e to remote] DEBUG org.asynchttpclient.netty.request.NettyRequestSender - Using open Channel [id: 0x86262e47, L:/127.0.0.1:51430 - R:localhost/127.0.0.1:25558] for GET '/session/b56cc36c33fd6a6763ce4d4c2c3ad54e/element/247bb636-adbf-4f09-891f-ddbf1d70d47b/name'
16:12:40.158 [AsyncHttpClient-1-6] DEBUG org.asynchttpclient.netty.handler.HttpHandler - 

Request DefaultFullHttpRequest(decodeResult: success, version: HTTP/1.1, content: EmptyByteBufBE)
GET /session/b56cc36c33fd6a6763ce4d4c2c3ad54e/element/247bb636-adbf-4f09-891f-ddbf1d70d47b/name HTTP/1.1
User-Agent: selenium/4.8.1 (java windows)
Cache-Control: no-cache
Content-Type: application/json; charset=utf-8
host: localhost:25558
accept: */*

Response DefaultHttpResponse(decodeResult: success, version: HTTP/1.1)
HTTP/1.1 200 OK
Content-Length: 15
Content-Type: application/json; charset=utf-8
cache-control: no-cache

16:12:40.158 [AsyncHttpClient-1-6] DEBUG org.asynchttpclient.netty.channel.ChannelManager - Adding key: http://localhost:25558 for channel [id: 0x86262e47, L:/127.0.0.1:51430 - R:localhost/127.0.0.1:25558]
16:12:40.159 [Forwarding findElement on session b56cc36c33fd6a6763ce4d4c2c3ad54e to remote] DEBUG org.asynchttpclient.netty.request.NettyRequestSender - Using pooled Channel '[id: 0x86262e47, L:/127.0.0.1:51430 - R:localhost/127.0.0.1:25558]' for 'POST' to 'http://localhost:25558/session/b56cc36c33fd6a6763ce4d4c2c3ad54e/element'
16:12:40.159 [Forwarding findElement on session b56cc36c33fd6a6763ce4d4c2c3ad54e to remote] DEBUG org.asynchttpclient.netty.request.NettyRequestSender - Using open Channel [id: 0x86262e47, L:/127.0.0.1:51430 - R:localhost/127.0.0.1:25558] for POST '/session/b56cc36c33fd6a6763ce4d4c2c3ad54e/element'
16:12:40.163 [AsyncHttpClient-1-6] DEBUG org.asynchttpclient.netty.handler.HttpHandler - 

Request DefaultHttpRequest(decodeResult: success, version: HTTP/1.1)
POST /session/b56cc36c33fd6a6763ce4d4c2c3ad54e/element HTTP/1.1
User-Agent: selenium/4.8.1 (java windows)
Content-Length: 63
Content-Type: application/json; charset=utf-8
host: localhost:25558
accept: */*

Response DefaultHttpResponse(decodeResult: success, version: HTTP/1.1)
HTTP/1.1 200 OK
Content-Length: 88
Content-Type: application/json; charset=utf-8
cache-control: no-cache

16:12:40.163 [AsyncHttpClient-1-6] DEBUG org.asynchttpclient.netty.channel.ChannelManager - Adding key: http://localhost:25558 for channel [id: 0x86262e47, L:/127.0.0.1:51430 - R:localhost/127.0.0.1:25558]
16:12:40.163 [Forwarding clickElement on session b56cc36c33fd6a6763ce4d4c2c3ad54e to remote] DEBUG org.asynchttpclient.netty.request.NettyRequestSender - Using pooled Channel '[id: 0x86262e47, L:/127.0.0.1:51430 - R:localhost/127.0.0.1:25558]' for 'POST' to 'http://localhost:25558/session/b56cc36c33fd6a6763ce4d4c2c3ad54e/element/247bb636-adbf-4f09-891f-ddbf1d70d47b/click'
16:12:40.163 [Forwarding clickElement on session b56cc36c33fd6a6763ce4d4c2c3ad54e to remote] DEBUG org.asynchttpclient.netty.request.NettyRequestSender - Using open Channel [id: 0x86262e47, L:/127.0.0.1:51430 - R:localhost/127.0.0.1:25558] for POST '/session/b56cc36c33fd6a6763ce4d4c2c3ad54e/element/247bb636-adbf-4f09-891f-ddbf1d70d47b/click'
16:12:40.207 [AsyncHttpClient-1-6] DEBUG org.asynchttpclient.netty.handler.HttpHandler - 

Request DefaultHttpRequest(decodeResult: success, version: HTTP/1.1)
POST /session/b56cc36c33fd6a6763ce4d4c2c3ad54e/element/247bb636-adbf-4f09-891f-ddbf1d70d47b/click HTTP/1.1
User-Agent: selenium/4.8.1 (java windows)
Content-Length: 50
Content-Type: application/json; charset=utf-8
host: localhost:25558
accept: */*

Response DefaultHttpResponse(decodeResult: success, version: HTTP/1.1)
HTTP/1.1 200 OK
Content-Length: 14
Content-Type: application/json; charset=utf-8
cache-control: no-cache

16:12:40.207 [AsyncHttpClient-1-6] DEBUG org.asynchttpclient.netty.channel.ChannelManager - Adding key: http://localhost:25558 for channel [id: 0x86262e47, L:/127.0.0.1:51430 - R:localhost/127.0.0.1:25558]
16:12:40.212 [Forwarding getAlertText on session b56cc36c33fd6a6763ce4d4c2c3ad54e to remote] DEBUG org.asynchttpclient.netty.request.NettyRequestSender - Using pooled Channel '[id: 0x86262e47, L:/127.0.0.1:51430 - R:localhost/127.0.0.1:25558]' for 'GET' to 'http://localhost:25558/session/b56cc36c33fd6a6763ce4d4c2c3ad54e/alert/text'
16:12:40.213 [Forwarding getAlertText on session b56cc36c33fd6a6763ce4d4c2c3ad54e to remote] DEBUG org.asynchttpclient.netty.request.NettyRequestSender - Using open Channel [id: 0x86262e47, L:/127.0.0.1:51430 - R:localhost/127.0.0.1:25558] for GET '/session/b56cc36c33fd6a6763ce4d4c2c3ad54e/alert/text'
16:12:40.215 [AsyncHttpClient-1-6] DEBUG org.asynchttpclient.netty.handler.HttpHandler - 

Request DefaultFullHttpRequest(decodeResult: success, version: HTTP/1.1, content: EmptyByteBufBE)
GET /session/b56cc36c33fd6a6763ce4d4c2c3ad54e/alert/text HTTP/1.1
User-Agent: selenium/4.8.1 (java windows)
Cache-Control: no-cache
Content-Type: application/json; charset=utf-8
host: localhost:25558
accept: */*

Response DefaultHttpResponse(decodeResult: success, version: HTTP/1.1)
HTTP/1.1 404 Not Found
Content-Length: 836
Content-Type: application/json; charset=utf-8
cache-control: no-cache

16:12:40.215 [AsyncHttpClient-1-6] DEBUG org.asynchttpclient.netty.channel.ChannelManager - Adding key: http://localhost:25558 for channel [id: 0x86262e47, L:/127.0.0.1:51430 - R:localhost/127.0.0.1:25558]
16:12:40.216 [Forwarding getCurrentUrl on session b56cc36c33fd6a6763ce4d4c2c3ad54e to remote] DEBUG org.asynchttpclient.netty.request.NettyRequestSender - Using pooled Channel '[id: 0x86262e47, L:/127.0.0.1:51430 - R:localhost/127.0.0.1:25558]' for 'GET' to 'http://localhost:25558/session/b56cc36c33fd6a6763ce4d4c2c3ad54e/url'
16:12:40.216 [Forwarding getCurrentUrl on session b56cc36c33fd6a6763ce4d4c2c3ad54e to remote] DEBUG org.asynchttpclient.netty.request.NettyRequestSender - Using open Channel [id: 0x86262e47, L:/127.0.0.1:51430 - R:localhost/127.0.0.1:25558] for GET '/session/b56cc36c33fd6a6763ce4d4c2c3ad54e/url'
16:12:40.219 [AsyncHttpClient-1-6] DEBUG org.asynchttpclient.netty.handler.HttpHandler - 

Request DefaultFullHttpRequest(decodeResult: success, version: HTTP/1.1, content: EmptyByteBufBE)
GET /session/b56cc36c33fd6a6763ce4d4c2c3ad54e/url HTTP/1.1
User-Agent: selenium/4.8.1 (java windows)
Cache-Control: no-cache
Content-Type: application/json; charset=utf-8
host: localhost:25558
accept: */*

Response DefaultHttpResponse(decodeResult: success, version: HTTP/1.1)
HTTP/1.1 200 OK
Content-Length: 41
Content-Type: application/json; charset=utf-8
cache-control: no-cache

16:12:40.219 [AsyncHttpClient-1-6] DEBUG org.asynchttpclient.netty.channel.ChannelManager - Adding key: http://localhost:25558 for channel [id: 0x86262e47, L:/127.0.0.1:51430 - R:localhost/127.0.0.1:25558]
16:12:40.219 [Forwarding screenshot on session b56cc36c33fd6a6763ce4d4c2c3ad54e to remote] DEBUG org.asynchttpclient.netty.request.NettyRequestSender - Using pooled Channel '[id: 0x86262e47, L:/127.0.0.1:51430 - R:localhost/127.0.0.1:25558]' for 'GET' to 'http://localhost:25558/session/b56cc36c33fd6a6763ce4d4c2c3ad54e/screenshot'
16:12:40.219 [Forwarding screenshot on session b56cc36c33fd6a6763ce4d4c2c3ad54e to remote] DEBUG org.asynchttpclient.netty.request.NettyRequestSender - Using open Channel [id: 0x86262e47, L:/127.0.0.1:51430 - R:localhost/127.0.0.1:25558] for GET '/session/b56cc36c33fd6a6763ce4d4c2c3ad54e/screenshot'
16:12:40.367 [AsyncHttpClient-1-6] DEBUG org.asynchttpclient.netty.handler.HttpHandler - 

Request DefaultFullHttpRequest(decodeResult: success, version: HTTP/1.1, content: EmptyByteBufBE)
GET /session/b56cc36c33fd6a6763ce4d4c2c3ad54e/screenshot HTTP/1.1
User-Agent: selenium/4.8.1 (java windows)
Cache-Control: no-cache
Content-Type: application/json; charset=utf-8
host: localhost:25558
accept: */*

Response DefaultHttpResponse(decodeResult: success, version: HTTP/1.1)
HTTP/1.1 200 OK
Content-Length: 26272
Content-Type: application/json; charset=utf-8
cache-control: no-cache

16:12:40.367 [AsyncHttpClient-1-6] DEBUG org.asynchttpclient.netty.channel.ChannelManager - Adding key: http://localhost:25558 for channel [id: 0x86262e47, L:/127.0.0.1:51430 - R:localhost/127.0.0.1:25558]
16:12:40.368 [main] DEBUG net.serenitybdd.core.photography.Darkroom - Send negative for processing for target\site\serenity\236f656c94a74566260864788696c701ce79a9a1bce403661b9c0ac0d133e9f7.png
16:12:40.369 [main] DEBUG net.thucydides.core.steps.StepInterceptor - STEP DONE: clickToolbarTitle
16:12:40.369 [Darkroom Processing Line] DEBUG net.serenitybdd.core.photography.DarkroomProcessingLine - Processing screenshot image in /var/screenshots/screenshot-14821934873435962040
16:12:40.369 [Darkroom Processing Line] DEBUG net.serenitybdd.core.photography.DarkroomProcessingLine - Saving screenshot to target\site\serenity\236f656c94a74566260864788696c701ce79a9a1bce403661b9c0ac0d133e9f7.png
  &amp#27;[32mGiven &amp#27;[0m&amp#27;[32mI go to the alta shop home page&amp#27;[0m                      &amp#27;[90m# starter.stepdefinitions.CategorySteps.goToHomePage()&amp#27;[0m
16:12:40.379 [Forwarding getPageSource on session b56cc36c33fd6a6763ce4d4c2c3ad54e to remote] DEBUG org.asynchttpclient.netty.request.NettyRequestSender - Using pooled Channel '[id: 0x86262e47, L:/127.0.0.1:51430 - R:localhost/127.0.0.1:25558]' for 'POST' to 'http://localhost:25558/session/b56cc36c33fd6a6763ce4d4c2c3ad54e/execute/sync'
16:12:40.379 [Forwarding getPageSource on session b56cc36c33fd6a6763ce4d4c2c3ad54e to remote] DEBUG org.asynchttpclient.netty.request.NettyRequestSender - Using open Channel [id: 0x86262e47, L:/127.0.0.1:51430 - R:localhost/127.0.0.1:25558] for POST '/session/b56cc36c33fd6a6763ce4d4c2c3ad54e/execute/sync'
16:12:40.394 [AsyncHttpClient-1-6] DEBUG org.asynchttpclient.netty.handler.HttpHandler - 

Request DefaultHttpRequest(decodeResult: success, version: HTTP/1.1)
POST /session/b56cc36c33fd6a6763ce4d4c2c3ad54e/execute/sync HTTP/1.1
User-Agent: selenium/4.8.1 (java windows)
Content-Length: 176
Content-Type: application/json; charset=utf-8
host: localhost:25558
accept: */*

Response DefaultHttpResponse(decodeResult: success, version: HTTP/1.1)
HTTP/1.1 200 OK
Content-Length: 28688
Content-Type: application/json; charset=utf-8
cache-control: no-cache

16:12:40.395 [AsyncHttpClient-1-6] DEBUG org.asynchttpclient.netty.channel.ChannelManager - Adding key: http://localhost:25558 for channel [id: 0x86262e47, L:/127.0.0.1:51430 - R:localhost/127.0.0.1:25558]
16:12:40.397 [Forwarding getCurrentUrl on session b56cc36c33fd6a6763ce4d4c2c3ad54e to remote] DEBUG org.asynchttpclient.netty.request.NettyRequestSender - Using pooled Channel '[id: 0x86262e47, L:/127.0.0.1:51430 - R:localhost/127.0.0.1:25558]' for 'GET' to 'http://localhost:25558/session/b56cc36c33fd6a6763ce4d4c2c3ad54e/url'
16:12:40.397 [Forwarding getCurrentUrl on session b56cc36c33fd6a6763ce4d4c2c3ad54e to remote] DEBUG org.asynchttpclient.netty.request.NettyRequestSender - Using open Channel [id: 0x86262e47, L:/127.0.0.1:51430 - R:localhost/127.0.0.1:25558] for GET '/session/b56cc36c33fd6a6763ce4d4c2c3ad54e/url'
16:12:40.404 [AsyncHttpClient-1-6] DEBUG org.asynchttpclient.netty.handler.HttpHandler - 

Request DefaultFullHttpRequest(decodeResult: success, version: HTTP/1.1, content: EmptyByteBufBE)
GET /session/b56cc36c33fd6a6763ce4d4c2c3ad54e/url HTTP/1.1
User-Agent: selenium/4.8.1 (java windows)
Cache-Control: no-cache
Content-Type: application/json; charset=utf-8
host: localhost:25558
accept: */*

Response DefaultHttpResponse(decodeResult: success, version: HTTP/1.1)
HTTP/1.1 200 OK
Content-Length: 41
Content-Type: application/json; charset=utf-8
cache-control: no-cache

16:12:40.404 [AsyncHttpClient-1-6] DEBUG org.asynchttpclient.netty.channel.ChannelManager - Adding key: http://localhost:25558 for channel [id: 0x86262e47, L:/127.0.0.1:51430 - R:localhost/127.0.0.1:25558]
16:12:40.419 [Forwarding getPageSource on session b56cc36c33fd6a6763ce4d4c2c3ad54e to remote] DEBUG org.asynchttpclient.netty.request.NettyRequestSender - Using pooled Channel '[id: 0x86262e47, L:/127.0.0.1:51430 - R:localhost/127.0.0.1:25558]' for 'POST' to 'http://localhost:25558/session/b56cc36c33fd6a6763ce4d4c2c3ad54e/execute/sync'
16:12:40.419 [Forwarding getPageSource on session b56cc36c33fd6a6763ce4d4c2c3ad54e to remote] DEBUG org.asynchttpclient.netty.request.NettyRequestSender - Using open Channel [id: 0x86262e47, L:/127.0.0.1:51430 - R:localhost/127.0.0.1:25558] for POST '/session/b56cc36c33fd6a6763ce4d4c2c3ad54e/execute/sync'
16:12:40.427 [AsyncHttpClient-1-6] DEBUG org.asynchttpclient.netty.handler.HttpHandler - 

Request DefaultHttpRequest(decodeResult: success, version: HTTP/1.1)
POST /session/b56cc36c33fd6a6763ce4d4c2c3ad54e/execute/sync HTTP/1.1
User-Agent: selenium/4.8.1 (java windows)
Content-Length: 176
Content-Type: application/json; charset=utf-8
host: localhost:25558
accept: */*

Response DefaultHttpResponse(decodeResult: success, version: HTTP/1.1)
HTTP/1.1 200 OK
Content-Length: 28688
Content-Type: application/json; charset=utf-8
cache-control: no-cache

16:12:40.427 [AsyncHttpClient-1-6] DEBUG org.asynchttpclient.netty.channel.ChannelManager - Adding key: http://localhost:25558 for channel [id: 0x86262e47, L:/127.0.0.1:51430 - R:localhost/127.0.0.1:25558]
16:12:40.431 [Forwarding getCurrentUrl on session b56cc36c33fd6a6763ce4d4c2c3ad54e to remote] DEBUG org.asynchttpclient.netty.request.NettyRequestSender - Using pooled Channel '[id: 0x86262e47, L:/127.0.0.1:51430 - R:localhost/127.0.0.1:25558]' for 'GET' to 'http://localhost:25558/session/b56cc36c33fd6a6763ce4d4c2c3ad54e/url'
16:12:40.431 [Forwarding getCurrentUrl on session b56cc36c33fd6a6763ce4d4c2c3ad54e to remote] DEBUG org.asynchttpclient.netty.request.NettyRequestSender - Using open Channel [id: 0x86262e47, L:/127.0.0.1:51430 - R:localhost/127.0.0.1:25558] for GET '/session/b56cc36c33fd6a6763ce4d4c2c3ad54e/url'
16:12:40.462 [AsyncHttpClient-1-6] DEBUG org.asynchttpclient.netty.handler.HttpHandler - 

Request DefaultFullHttpRequest(decodeResult: success, version: HTTP/1.1, content: EmptyByteBufBE)
GET /session/b56cc36c33fd6a6763ce4d4c2c3ad54e/url HTTP/1.1
User-Agent: selenium/4.8.1 (java windows)
Cache-Control: no-cache
Content-Type: application/json; charset=utf-8
host: localhost:25558
accept: */*

Response DefaultHttpResponse(decodeResult: success, version: HTTP/1.1)
HTTP/1.1 200 OK
Content-Length: 41
Content-Type: application/json; charset=utf-8
cache-control: no-cache

16:12:40.462 [AsyncHttpClient-1-6] DEBUG org.asynchttpclient.netty.channel.ChannelManager - Adding key: http://localhost:25558 for channel [id: 0x86262e47, L:/127.0.0.1:51430 - R:localhost/127.0.0.1:25558]
16:12:40.496 [main] DEBUG net.thucydides.core.steps.StepInterceptor - STARTING STEP: CategorySteps.clickSelectCategory - clickSelectCategory
16:12:40.499 [Forwarding findElement on session b56cc36c33fd6a6763ce4d4c2c3ad54e to remote] DEBUG org.asynchttpclient.netty.request.NettyRequestSender - Using pooled Channel '[id: 0x86262e47, L:/127.0.0.1:51430 - R:localhost/127.0.0.1:25558]' for 'POST' to 'http://localhost:25558/session/b56cc36c33fd6a6763ce4d4c2c3ad54e/element'
16:12:40.499 [Forwarding findElement on session b56cc36c33fd6a6763ce4d4c2c3ad54e to remote] DEBUG org.asynchttpclient.netty.request.NettyRequestSender - Using open Channel [id: 0x86262e47, L:/127.0.0.1:51430 - R:localhost/127.0.0.1:25558] for POST '/session/b56cc36c33fd6a6763ce4d4c2c3ad54e/element'
16:12:40.525 [AsyncHttpClient-1-6] DEBUG org.asynchttpclient.netty.handler.HttpHandler - 

Request DefaultHttpRequest(decodeResult: success, version: HTTP/1.1)
POST /session/b56cc36c33fd6a6763ce4d4c2c3ad54e/element HTTP/1.1
User-Agent: selenium/4.8.1 (java windows)
Content-Length: 118
Content-Type: application/json; charset=utf-8
host: localhost:25558
accept: */*

Response DefaultHttpResponse(decodeResult: success, version: HTTP/1.1)
HTTP/1.1 200 OK
Content-Length: 88
Content-Type: application/json; charset=utf-8
cache-control: no-cache

16:12:40.525 [AsyncHttpClient-1-6] DEBUG org.asynchttpclient.netty.channel.ChannelManager - Adding key: http://localhost:25558 for channel [id: 0x86262e47, L:/127.0.0.1:51430 - R:localhost/127.0.0.1:25558]
16:12:40.527 [Forwarding getElementTagName on session b56cc36c33fd6a6763ce4d4c2c3ad54e to remote] DEBUG org.asynchttpclient.netty.request.NettyRequestSender - Using pooled Channel '[id: 0x86262e47, L:/127.0.0.1:51430 - R:localhost/127.0.0.1:25558]' for 'GET' to 'http://localhost:25558/session/b56cc36c33fd6a6763ce4d4c2c3ad54e/element/29243f42-8c36-4ce4-87f9-2a8bbc80ce95/name'
16:12:40.527 [Forwarding getElementTagName on session b56cc36c33fd6a6763ce4d4c2c3ad54e to remote] DEBUG org.asynchttpclient.netty.request.NettyRequestSender - Using open Channel [id: 0x86262e47, L:/127.0.0.1:51430 - R:localhost/127.0.0.1:25558] for GET '/session/b56cc36c33fd6a6763ce4d4c2c3ad54e/element/29243f42-8c36-4ce4-87f9-2a8bbc80ce95/name'
16:12:40.535 [AsyncHttpClient-1-6] DEBUG org.asynchttpclient.netty.handler.HttpHandler - 

Request DefaultFullHttpRequest(decodeResult: success, version: HTTP/1.1, content: EmptyByteBufBE)
GET /session/b56cc36c33fd6a6763ce4d4c2c3ad54e/element/29243f42-8c36-4ce4-87f9-2a8bbc80ce95/name HTTP/1.1
User-Agent: selenium/4.8.1 (java windows)
Cache-Control: no-cache
Content-Type: application/json; charset=utf-8
host: localhost:25558
accept: */*

Response DefaultHttpResponse(decodeResult: success, version: HTTP/1.1)
HTTP/1.1 200 OK
Content-Length: 15
Content-Type: application/json; charset=utf-8
cache-control: no-cache

16:12:40.536 [AsyncHttpClient-1-6] DEBUG org.asynchttpclient.netty.channel.ChannelManager - Adding key: http://localhost:25558 for channel [id: 0x86262e47, L:/127.0.0.1:51430 - R:localhost/127.0.0.1:25558]
16:12:40.538 [Forwarding getElementTagName on session b56cc36c33fd6a6763ce4d4c2c3ad54e to remote] DEBUG org.asynchttpclient.netty.request.NettyRequestSender - Using pooled Channel '[id: 0x86262e47, L:/127.0.0.1:51430 - R:localhost/127.0.0.1:25558]' for 'GET' to 'http://localhost:25558/session/b56cc36c33fd6a6763ce4d4c2c3ad54e/element/29243f42-8c36-4ce4-87f9-2a8bbc80ce95/name'
16:12:40.538 [Forwarding getElementTagName on session b56cc36c33fd6a6763ce4d4c2c3ad54e to remote] DEBUG org.asynchttpclient.netty.request.NettyRequestSender - Using open Channel [id: 0x86262e47, L:/127.0.0.1:51430 - R:localhost/127.0.0.1:25558] for GET '/session/b56cc36c33fd6a6763ce4d4c2c3ad54e/element/29243f42-8c36-4ce4-87f9-2a8bbc80ce95/name'
16:12:40.549 [AsyncHttpClient-1-6] DEBUG org.asynchttpclient.netty.handler.HttpHandler - 

Request DefaultFullHttpRequest(decodeResult: success, version: HTTP/1.1, content: EmptyByteBufBE)
GET /session/b56cc36c33fd6a6763ce4d4c2c3ad54e/element/29243f42-8c36-4ce4-87f9-2a8bbc80ce95/name HTTP/1.1
User-Agent: selenium/4.8.1 (java windows)
Cache-Control: no-cache
Content-Type: application/json; charset=utf-8
host: localhost:25558
accept: */*

Response DefaultHttpResponse(decodeResult: success, version: HTTP/1.1)
HTTP/1.1 200 OK
Content-Length: 15
Content-Type: application/json; charset=utf-8
cache-control: no-cache

16:12:40.550 [AsyncHttpClient-1-6] DEBUG org.asynchttpclient.netty.channel.ChannelManager - Adding key: http://localhost:25558 for channel [id: 0x86262e47, L:/127.0.0.1:51430 - R:localhost/127.0.0.1:25558]
16:12:40.553 [Forwarding findElement on session b56cc36c33fd6a6763ce4d4c2c3ad54e to remote] DEBUG org.asynchttpclient.netty.request.NettyRequestSender - Using pooled Channel '[id: 0x86262e47, L:/127.0.0.1:51430 - R:localhost/127.0.0.1:25558]' for 'POST' to 'http://localhost:25558/session/b56cc36c33fd6a6763ce4d4c2c3ad54e/element'
16:12:40.553 [Forwarding findElement on session b56cc36c33fd6a6763ce4d4c2c3ad54e to remote] DEBUG org.asynchttpclient.netty.request.NettyRequestSender - Using open Channel [id: 0x86262e47, L:/127.0.0.1:51430 - R:localhost/127.0.0.1:25558] for POST '/session/b56cc36c33fd6a6763ce4d4c2c3ad54e/element'
16:12:40.564 [AsyncHttpClient-1-6] DEBUG org.asynchttpclient.netty.handler.HttpHandler - 

Request DefaultHttpRequest(decodeResult: success, version: HTTP/1.1)
POST /session/b56cc36c33fd6a6763ce4d4c2c3ad54e/element HTTP/1.1
User-Agent: selenium/4.8.1 (java windows)
Content-Length: 118
Content-Type: application/json; charset=utf-8
host: localhost:25558
accept: */*

Response DefaultHttpResponse(decodeResult: success, version: HTTP/1.1)
HTTP/1.1 200 OK
Content-Length: 88
Content-Type: application/json; charset=utf-8
cache-control: no-cache

16:12:40.564 [AsyncHttpClient-1-6] DEBUG org.asynchttpclient.netty.channel.ChannelManager - Adding key: http://localhost:25558 for channel [id: 0x86262e47, L:/127.0.0.1:51430 - R:localhost/127.0.0.1:25558]
16:12:40.565 [Forwarding clickElement on session b56cc36c33fd6a6763ce4d4c2c3ad54e to remote] DEBUG org.asynchttpclient.netty.request.NettyRequestSender - Using pooled Channel '[id: 0x86262e47, L:/127.0.0.1:51430 - R:localhost/127.0.0.1:25558]' for 'POST' to 'http://localhost:25558/session/b56cc36c33fd6a6763ce4d4c2c3ad54e/element/29243f42-8c36-4ce4-87f9-2a8bbc80ce95/click'
16:12:40.565 [Forwarding clickElement on session b56cc36c33fd6a6763ce4d4c2c3ad54e to remote] DEBUG org.asynchttpclient.netty.request.NettyRequestSender - Using open Channel [id: 0x86262e47, L:/127.0.0.1:51430 - R:localhost/127.0.0.1:25558] for POST '/session/b56cc36c33fd6a6763ce4d4c2c3ad54e/element/29243f42-8c36-4ce4-87f9-2a8bbc80ce95/click'
16:12:41.168 [AsyncHttpClient-1-1] DEBUG org.asynchttpclient.netty.channel.DefaultChannelPool - Entry count for : http://localhost:51432 : 1
16:12:41.793 [AsyncHttpClient-1-6] DEBUG org.asynchttpclient.netty.handler.HttpHandler - 

Request DefaultHttpRequest(decodeResult: success, version: HTTP/1.1)
POST /session/b56cc36c33fd6a6763ce4d4c2c3ad54e/element/29243f42-8c36-4ce4-87f9-2a8bbc80ce95/click HTTP/1.1
User-Agent: selenium/4.8.1 (java windows)
Content-Length: 50
Content-Type: application/json; charset=utf-8
host: localhost:25558
accept: */*

Response DefaultHttpResponse(decodeResult: success, version: HTTP/1.1)
HTTP/1.1 200 OK
Content-Length: 14
Content-Type: application/json; charset=utf-8
cache-control: no-cache

16:12:41.794 [AsyncHttpClient-1-6] DEBUG org.asynchttpclient.netty.channel.ChannelManager - Adding key: http://localhost:25558 for channel [id: 0x86262e47, L:/127.0.0.1:51430 - R:localhost/127.0.0.1:25558]
16:12:41.799 [Forwarding getAlertText on session b56cc36c33fd6a6763ce4d4c2c3ad54e to remote] DEBUG org.asynchttpclient.netty.request.NettyRequestSender - Using pooled Channel '[id: 0x86262e47, L:/127.0.0.1:51430 - R:localhost/127.0.0.1:25558]' for 'GET' to 'http://localhost:25558/session/b56cc36c33fd6a6763ce4d4c2c3ad54e/alert/text'
16:12:41.799 [Forwarding getAlertText on session b56cc36c33fd6a6763ce4d4c2c3ad54e to remote] DEBUG org.asynchttpclient.netty.request.NettyRequestSender - Using open Channel [id: 0x86262e47, L:/127.0.0.1:51430 - R:localhost/127.0.0.1:25558] for GET '/session/b56cc36c33fd6a6763ce4d4c2c3ad54e/alert/text'
16:12:41.826 [AsyncHttpClient-1-6] DEBUG org.asynchttpclient.netty.handler.HttpHandler - 

Request DefaultFullHttpRequest(decodeResult: success, version: HTTP/1.1, content: EmptyByteBufBE)
GET /session/b56cc36c33fd6a6763ce4d4c2c3ad54e/alert/text HTTP/1.1
User-Agent: selenium/4.8.1 (java windows)
Cache-Control: no-cache
Content-Type: application/json; charset=utf-8
host: localhost:25558
accept: */*

Response DefaultHttpResponse(decodeResult: success, version: HTTP/1.1)
HTTP/1.1 404 Not Found
Content-Length: 836
Content-Type: application/json; charset=utf-8
cache-control: no-cache

16:12:41.826 [AsyncHttpClient-1-6] DEBUG org.asynchttpclient.netty.channel.ChannelManager - Adding key: http://localhost:25558 for channel [id: 0x86262e47, L:/127.0.0.1:51430 - R:localhost/127.0.0.1:25558]
16:12:41.826 [Forwarding getCurrentUrl on session b56cc36c33fd6a6763ce4d4c2c3ad54e to remote] DEBUG org.asynchttpclient.netty.request.NettyRequestSender - Using pooled Channel '[id: 0x86262e47, L:/127.0.0.1:51430 - R:localhost/127.0.0.1:25558]' for 'GET' to 'http://localhost:25558/session/b56cc36c33fd6a6763ce4d4c2c3ad54e/url'
16:12:41.826 [Forwarding getCurrentUrl on session b56cc36c33fd6a6763ce4d4c2c3ad54e to remote] DEBUG org.asynchttpclient.netty.request.NettyRequestSender - Using open Channel [id: 0x86262e47, L:/127.0.0.1:51430 - R:localhost/127.0.0.1:25558] for GET '/session/b56cc36c33fd6a6763ce4d4c2c3ad54e/url'
16:12:41.828 [AsyncHttpClient-1-6] DEBUG org.asynchttpclient.netty.handler.HttpHandler - 

Request DefaultFullHttpRequest(decodeResult: success, version: HTTP/1.1, content: EmptyByteBufBE)
GET /session/b56cc36c33fd6a6763ce4d4c2c3ad54e/url HTTP/1.1
User-Agent: selenium/4.8.1 (java windows)
Cache-Control: no-cache
Content-Type: application/json; charset=utf-8
host: localhost:25558
accept: */*

Response DefaultHttpResponse(decodeResult: success, version: HTTP/1.1)
HTTP/1.1 200 OK
Content-Length: 41
Content-Type: application/json; charset=utf-8
cache-control: no-cache

16:12:41.828 [AsyncHttpClient-1-6] DEBUG org.asynchttpclient.netty.channel.ChannelManager - Adding key: http://localhost:25558 for channel [id: 0x86262e47, L:/127.0.0.1:51430 - R:localhost/127.0.0.1:25558]
16:12:41.828 [Forwarding screenshot on session b56cc36c33fd6a6763ce4d4c2c3ad54e to remote] DEBUG org.asynchttpclient.netty.request.NettyRequestSender - Using pooled Channel '[id: 0x86262e47, L:/127.0.0.1:51430 - R:localhost/127.0.0.1:25558]' for 'GET' to 'http://localhost:25558/session/b56cc36c33fd6a6763ce4d4c2c3ad54e/screenshot'
16:12:41.828 [Forwarding screenshot on session b56cc36c33fd6a6763ce4d4c2c3ad54e to remote] DEBUG org.asynchttpclient.netty.request.NettyRequestSender - Using open Channel [id: 0x86262e47, L:/127.0.0.1:51430 - R:localhost/127.0.0.1:25558] for GET '/session/b56cc36c33fd6a6763ce4d4c2c3ad54e/screenshot'
16:12:41.969 [AsyncHttpClient-1-6] DEBUG org.asynchttpclient.netty.handler.HttpHandler - 

Request DefaultFullHttpRequest(decodeResult: success, version: HTTP/1.1, content: EmptyByteBufBE)
GET /session/b56cc36c33fd6a6763ce4d4c2c3ad54e/screenshot HTTP/1.1
User-Agent: selenium/4.8.1 (java windows)
Cache-Control: no-cache
Content-Type: application/json; charset=utf-8
host: localhost:25558
accept: */*

Response DefaultHttpResponse(decodeResult: success, version: HTTP/1.1)
HTTP/1.1 200 OK
Content-Length: 87744
Content-Type: application/json; charset=utf-8
cache-control: no-cache

16:12:41.970 [AsyncHttpClient-1-6] DEBUG org.asynchttpclient.netty.channel.ChannelManager - Adding key: http://localhost:25558 for channel [id: 0x86262e47, L:/127.0.0.1:51430 - R:localhost/127.0.0.1:25558]
16:12:41.972 [main] DEBUG net.serenitybdd.core.photography.Darkroom - Send negative for processing for target\site\serenity\8cde7f4f4e5ea36a1ffc346e0ec1ae08b64296e54d92e7645dc7532cb2d1ddaa.png
16:12:41.972 [main] DEBUG net.thucydides.core.steps.StepInterceptor - STEP DONE: clickSelectCategory
  &amp#27;[32mAnd &amp#27;[0m&amp#27;[32mI click select category dropdown&amp#27;[0m                       &amp#27;[90m# starter.stepdefinitions.CategorySteps.clickSelectCategory()&amp#27;[0m
16:12:41.972 [Darkroom Processing Line] DEBUG net.serenitybdd.core.photography.DarkroomProcessingLine - Processing screenshot image in /var/screenshots/screenshot-10578042136588972743
16:12:41.972 [Darkroom Processing Line] DEBUG net.serenitybdd.core.photography.DarkroomProcessingLine - Saving screenshot to target\site\serenity\8cde7f4f4e5ea36a1ffc346e0ec1ae08b64296e54d92e7645dc7532cb2d1ddaa.png
16:12:41.979 [Forwarding getPageSource on session b56cc36c33fd6a6763ce4d4c2c3ad54e to remote] DEBUG org.asynchttpclient.netty.request.NettyRequestSender - Using pooled Channel '[id: 0x86262e47, L:/127.0.0.1:51430 - R:localhost/127.0.0.1:25558]' for 'POST' to 'http://localhost:25558/session/b56cc36c33fd6a6763ce4d4c2c3ad54e/execute/sync'
16:12:41.979 [Forwarding getPageSource on session b56cc36c33fd6a6763ce4d4c2c3ad54e to remote] DEBUG org.asynchttpclient.netty.request.NettyRequestSender - Using open Channel [id: 0x86262e47, L:/127.0.0.1:51430 - R:localhost/127.0.0.1:25558] for POST '/session/b56cc36c33fd6a6763ce4d4c2c3ad54e/execute/sync'
16:12:42.011 [AsyncHttpClient-1-6] DEBUG org.asynchttpclient.netty.handler.HttpHandler - 

Request DefaultHttpRequest(decodeResult: success, version: HTTP/1.1)
POST /session/b56cc36c33fd6a6763ce4d4c2c3ad54e/execute/sync HTTP/1.1
User-Agent: selenium/4.8.1 (java windows)
Content-Length: 176
Content-Type: application/json; charset=utf-8
host: localhost:25558
accept: */*

Response DefaultHttpResponse(decodeResult: success, version: HTTP/1.1)
HTTP/1.1 200 OK
Content-Length: 659856
Content-Type: application/json; charset=utf-8
cache-control: no-cache

16:12:42.012 [AsyncHttpClient-1-6] DEBUG org.asynchttpclient.netty.channel.ChannelManager - Adding key: http://localhost:25558 for channel [id: 0x86262e47, L:/127.0.0.1:51430 - R:localhost/127.0.0.1:25558]
16:12:42.065 [Forwarding getCurrentUrl on session b56cc36c33fd6a6763ce4d4c2c3ad54e to remote] DEBUG org.asynchttpclient.netty.request.NettyRequestSender - Using pooled Channel '[id: 0x86262e47, L:/127.0.0.1:51430 - R:localhost/127.0.0.1:25558]' for 'GET' to 'http://localhost:25558/session/b56cc36c33fd6a6763ce4d4c2c3ad54e/url'
16:12:42.065 [Forwarding getCurrentUrl on session b56cc36c33fd6a6763ce4d4c2c3ad54e to remote] DEBUG org.asynchttpclient.netty.request.NettyRequestSender - Using open Channel [id: 0x86262e47, L:/127.0.0.1:51430 - R:localhost/127.0.0.1:25558] for GET '/session/b56cc36c33fd6a6763ce4d4c2c3ad54e/url'
16:12:42.072 [AsyncHttpClient-1-6] DEBUG org.asynchttpclient.netty.handler.HttpHandler - 

Request DefaultFullHttpRequest(decodeResult: success, version: HTTP/1.1, content: EmptyByteBufBE)
GET /session/b56cc36c33fd6a6763ce4d4c2c3ad54e/url HTTP/1.1
User-Agent: selenium/4.8.1 (java windows)
Cache-Control: no-cache
Content-Type: application/json; charset=utf-8
host: localhost:25558
accept: */*

Response DefaultHttpResponse(decodeResult: success, version: HTTP/1.1)
HTTP/1.1 200 OK
Content-Length: 41
Content-Type: application/json; charset=utf-8
cache-control: no-cache

16:12:42.073 [AsyncHttpClient-1-6] DEBUG org.asynchttpclient.netty.channel.ChannelManager - Adding key: http://localhost:25558 for channel [id: 0x86262e47, L:/127.0.0.1:51430 - R:localhost/127.0.0.1:25558]
16:12:42.081 [Forwarding getAlertText on session b56cc36c33fd6a6763ce4d4c2c3ad54e to remote] DEBUG org.asynchttpclient.netty.request.NettyRequestSender - Using pooled Channel '[id: 0x86262e47, L:/127.0.0.1:51430 - R:localhost/127.0.0.1:25558]' for 'GET' to 'http://localhost:25558/session/b56cc36c33fd6a6763ce4d4c2c3ad54e/alert/text'
16:12:42.081 [Forwarding getAlertText on session b56cc36c33fd6a6763ce4d4c2c3ad54e to remote] DEBUG org.asynchttpclient.netty.request.NettyRequestSender - Using open Channel [id: 0x86262e47, L:/127.0.0.1:51430 - R:localhost/127.0.0.1:25558] for GET '/session/b56cc36c33fd6a6763ce4d4c2c3ad54e/alert/text'
16:12:42.082 [AsyncHttpClient-1-6] DEBUG org.asynchttpclient.netty.handler.HttpHandler - 

Request DefaultFullHttpRequest(decodeResult: success, version: HTTP/1.1, content: EmptyByteBufBE)
GET /session/b56cc36c33fd6a6763ce4d4c2c3ad54e/alert/text HTTP/1.1
User-Agent: selenium/4.8.1 (java windows)
Cache-Control: no-cache
Content-Type: application/json; charset=utf-8
host: localhost:25558
accept: */*

Response DefaultHttpResponse(decodeResult: success, version: HTTP/1.1)
HTTP/1.1 404 Not Found
Content-Length: 836
Content-Type: application/json; charset=utf-8
cache-control: no-cache

16:12:42.083 [AsyncHttpClient-1-6] DEBUG org.asynchttpclient.netty.channel.ChannelManager - Adding key: http://localhost:25558 for channel [id: 0x86262e47, L:/127.0.0.1:51430 - R:localhost/127.0.0.1:25558]
16:12:42.083 [Forwarding getCurrentUrl on session b56cc36c33fd6a6763ce4d4c2c3ad54e to remote] DEBUG org.asynchttpclient.netty.request.NettyRequestSender - Using pooled Channel '[id: 0x86262e47, L:/127.0.0.1:51430 - R:localhost/127.0.0.1:25558]' for 'GET' to 'http://localhost:25558/session/b56cc36c33fd6a6763ce4d4c2c3ad54e/url'
16:12:42.083 [Forwarding getCurrentUrl on session b56cc36c33fd6a6763ce4d4c2c3ad54e to remote] DEBUG org.asynchttpclient.netty.request.NettyRequestSender - Using open Channel [id: 0x86262e47, L:/127.0.0.1:51430 - R:localhost/127.0.0.1:25558] for GET '/session/b56cc36c33fd6a6763ce4d4c2c3ad54e/url'
16:12:42.085 [AsyncHttpClient-1-6] DEBUG org.asynchttpclient.netty.handler.HttpHandler - 

Request DefaultFullHttpRequest(decodeResult: success, version: HTTP/1.1, content: EmptyByteBufBE)
GET /session/b56cc36c33fd6a6763ce4d4c2c3ad54e/url HTTP/1.1
User-Agent: selenium/4.8.1 (java windows)
Cache-Control: no-cache
Content-Type: application/json; charset=utf-8
host: localhost:25558
accept: */*

Response DefaultHttpResponse(decodeResult: success, version: HTTP/1.1)
HTTP/1.1 200 OK
Content-Length: 41
Content-Type: application/json; charset=utf-8
cache-control: no-cache

16:12:42.085 [AsyncHttpClient-1-6] DEBUG org.asynchttpclient.netty.channel.ChannelManager - Adding key: http://localhost:25558 for channel [id: 0x86262e47, L:/127.0.0.1:51430 - R:localhost/127.0.0.1:25558]
16:12:42.086 [Forwarding screenshot on session b56cc36c33fd6a6763ce4d4c2c3ad54e to remote] DEBUG org.asynchttpclient.netty.request.NettyRequestSender - Using pooled Channel '[id: 0x86262e47, L:/127.0.0.1:51430 - R:localhost/127.0.0.1:25558]' for 'GET' to 'http://localhost:25558/session/b56cc36c33fd6a6763ce4d4c2c3ad54e/screenshot'
16:12:42.086 [Forwarding screenshot on session b56cc36c33fd6a6763ce4d4c2c3ad54e to remote] DEBUG org.asynchttpclient.netty.request.NettyRequestSender - Using open Channel [id: 0x86262e47, L:/127.0.0.1:51430 - R:localhost/127.0.0.1:25558] for GET '/session/b56cc36c33fd6a6763ce4d4c2c3ad54e/screenshot'
16:12:42.199 [AsyncHttpClient-1-6] DEBUG org.asynchttpclient.netty.handler.HttpHandler - 

Request DefaultFullHttpRequest(decodeResult: success, version: HTTP/1.1, content: EmptyByteBufBE)
GET /session/b56cc36c33fd6a6763ce4d4c2c3ad54e/screenshot HTTP/1.1
User-Agent: selenium/4.8.1 (java windows)
Cache-Control: no-cache
Content-Type: application/json; charset=utf-8
host: localhost:25558
accept: */*

Response DefaultHttpResponse(decodeResult: success, version: HTTP/1.1)
HTTP/1.1 200 OK
Content-Length: 71748
Content-Type: application/json; charset=utf-8
cache-control: no-cache

16:12:42.200 [AsyncHttpClient-1-6] DEBUG org.asynchttpclient.netty.channel.ChannelManager - Adding key: http://localhost:25558 for channel [id: 0x86262e47, L:/127.0.0.1:51430 - R:localhost/127.0.0.1:25558]
16:12:42.201 [main] DEBUG net.serenitybdd.core.photography.Darkroom - Send negative for processing for target\site\serenity\0f6deca2f5e46dafe6646c5ac0decb898bcd9174c9f3061e95ae99f23794be31.png
16:12:42.202 [Darkroom Processing Line] DEBUG net.serenitybdd.core.photography.DarkroomProcessingLine - Processing screenshot image in /var/screenshots/screenshot-13085216429214718633
16:12:42.202 [Darkroom Processing Line] DEBUG net.serenitybdd.core.photography.DarkroomProcessingLine - Saving screenshot to target\site\serenity\0f6deca2f5e46dafe6646c5ac0decb898bcd9174c9f3061e95ae99f23794be31.png
16:12:42.202 [Forwarding getPageSource on session b56cc36c33fd6a6763ce4d4c2c3ad54e to remote] DEBUG org.asynchttpclient.netty.request.NettyRequestSender - Using pooled Channel '[id: 0x86262e47, L:/127.0.0.1:51430 - R:localhost/127.0.0.1:25558]' for 'POST' to 'http://localhost:25558/session/b56cc36c33fd6a6763ce4d4c2c3ad54e/execute/sync'
16:12:42.202 [Forwarding getPageSource on session b56cc36c33fd6a6763ce4d4c2c3ad54e to remote] DEBUG org.asynchttpclient.netty.request.NettyRequestSender - Using open Channel [id: 0x86262e47, L:/127.0.0.1:51430 - R:localhost/127.0.0.1:25558] for POST '/session/b56cc36c33fd6a6763ce4d4c2c3ad54e/execute/sync'
16:12:42.233 [AsyncHttpClient-1-6] DEBUG org.asynchttpclient.netty.handler.HttpHandler - 

Request DefaultHttpRequest(decodeResult: success, version: HTTP/1.1)
POST /session/b56cc36c33fd6a6763ce4d4c2c3ad54e/execute/sync HTTP/1.1
User-Agent: selenium/4.8.1 (java windows)
Content-Length: 176
Content-Type: application/json; charset=utf-8
host: localhost:25558
accept: */*

Response DefaultHttpResponse(decodeResult: success, version: HTTP/1.1)
HTTP/1.1 200 OK
Content-Length: 659798
Content-Type: application/json; charset=utf-8
cache-control: no-cache

16:12:42.233 [AsyncHttpClient-1-6] DEBUG org.asynchttpclient.netty.channel.ChannelManager - Adding key: http://localhost:25558 for channel [id: 0x86262e47, L:/127.0.0.1:51430 - R:localhost/127.0.0.1:25558]
16:12:42.256 [AsyncHttpClient-1-1] DEBUG org.asynchttpclient.netty.channel.DefaultChannelPool - Entry count for : http://localhost:51432 : 1
16:12:42.256 [AsyncHttpClient-1-1] DEBUG org.asynchttpclient.netty.channel.DefaultChannelPool - Entry count for : http://localhost:25558 : 1
16:12:42.277 [Forwarding getCurrentUrl on session b56cc36c33fd6a6763ce4d4c2c3ad54e to remote] DEBUG org.asynchttpclient.netty.request.NettyRequestSender - Using pooled Channel '[id: 0x86262e47, L:/127.0.0.1:51430 - R:localhost/127.0.0.1:25558]' for 'GET' to 'http://localhost:25558/session/b56cc36c33fd6a6763ce4d4c2c3ad54e/url'
16:12:42.277 [Forwarding getCurrentUrl on session b56cc36c33fd6a6763ce4d4c2c3ad54e to remote] DEBUG org.asynchttpclient.netty.request.NettyRequestSender - Using open Channel [id: 0x86262e47, L:/127.0.0.1:51430 - R:localhost/127.0.0.1:25558] for GET '/session/b56cc36c33fd6a6763ce4d4c2c3ad54e/url'
16:12:42.281 [AsyncHttpClient-1-6] DEBUG org.asynchttpclient.netty.handler.HttpHandler - 

Request DefaultFullHttpRequest(decodeResult: success, version: HTTP/1.1, content: EmptyByteBufBE)
GET /session/b56cc36c33fd6a6763ce4d4c2c3ad54e/url HTTP/1.1
User-Agent: selenium/4.8.1 (java windows)
Cache-Control: no-cache
Content-Type: application/json; charset=utf-8
host: localhost:25558
accept: */*

Response DefaultHttpResponse(decodeResult: success, version: HTTP/1.1)
HTTP/1.1 200 OK
Content-Length: 41
Content-Type: application/json; charset=utf-8
cache-control: no-cache

16:12:42.281 [AsyncHttpClient-1-6] DEBUG org.asynchttpclient.netty.channel.ChannelManager - Adding key: http://localhost:25558 for channel [id: 0x86262e47, L:/127.0.0.1:51430 - R:localhost/127.0.0.1:25558]
16:12:42.283 [main] DEBUG net.thucydides.core.steps.StepInterceptor - STARTING STEP: CategorySteps.clickGamingCategory - clickGamingCategory
16:12:42.285 [Forwarding findElement on session b56cc36c33fd6a6763ce4d4c2c3ad54e to remote] DEBUG org.asynchttpclient.netty.request.NettyRequestSender - Using pooled Channel '[id: 0x86262e47, L:/127.0.0.1:51430 - R:localhost/127.0.0.1:25558]' for 'POST' to 'http://localhost:25558/session/b56cc36c33fd6a6763ce4d4c2c3ad54e/element'
16:12:42.285 [Forwarding findElement on session b56cc36c33fd6a6763ce4d4c2c3ad54e to remote] DEBUG org.asynchttpclient.netty.request.NettyRequestSender - Using open Channel [id: 0x86262e47, L:/127.0.0.1:51430 - R:localhost/127.0.0.1:25558] for POST '/session/b56cc36c33fd6a6763ce4d4c2c3ad54e/element'
16:12:42.298 [AsyncHttpClient-1-6] DEBUG org.asynchttpclient.netty.handler.HttpHandler - 

Request DefaultHttpRequest(decodeResult: success, version: HTTP/1.1)
POST /session/b56cc36c33fd6a6763ce4d4c2c3ad54e/element HTTP/1.1
User-Agent: selenium/4.8.1 (java windows)
Content-Length: 71
Content-Type: application/json; charset=utf-8
host: localhost:25558
accept: */*

Response DefaultHttpResponse(decodeResult: success, version: HTTP/1.1)
HTTP/1.1 200 OK
Content-Length: 88
Content-Type: application/json; charset=utf-8
cache-control: no-cache

16:12:42.298 [AsyncHttpClient-1-6] DEBUG org.asynchttpclient.netty.channel.ChannelManager - Adding key: http://localhost:25558 for channel [id: 0x86262e47, L:/127.0.0.1:51430 - R:localhost/127.0.0.1:25558]
16:12:42.299 [Forwarding getElementTagName on session b56cc36c33fd6a6763ce4d4c2c3ad54e to remote] DEBUG org.asynchttpclient.netty.request.NettyRequestSender - Using pooled Channel '[id: 0x86262e47, L:/127.0.0.1:51430 - R:localhost/127.0.0.1:25558]' for 'GET' to 'http://localhost:25558/session/b56cc36c33fd6a6763ce4d4c2c3ad54e/element/2ed2487e-5fb5-4977-8151-1fe01547c333/name'
16:12:42.299 [Forwarding getElementTagName on session b56cc36c33fd6a6763ce4d4c2c3ad54e to remote] DEBUG org.asynchttpclient.netty.request.NettyRequestSender - Using open Channel [id: 0x86262e47, L:/127.0.0.1:51430 - R:localhost/127.0.0.1:25558] for GET '/session/b56cc36c33fd6a6763ce4d4c2c3ad54e/element/2ed2487e-5fb5-4977-8151-1fe01547c333/name'
16:12:42.302 [AsyncHttpClient-1-6] DEBUG org.asynchttpclient.netty.handler.HttpHandler - 

Request DefaultFullHttpRequest(decodeResult: success, version: HTTP/1.1, content: EmptyByteBufBE)
GET /session/b56cc36c33fd6a6763ce4d4c2c3ad54e/element/2ed2487e-5fb5-4977-8151-1fe01547c333/name HTTP/1.1
User-Agent: selenium/4.8.1 (java windows)
Cache-Control: no-cache
Content-Type: application/json; charset=utf-8
host: localhost:25558
accept: */*

Response DefaultHttpResponse(decodeResult: success, version: HTTP/1.1)
HTTP/1.1 200 OK
Content-Length: 15
Content-Type: application/json; charset=utf-8
cache-control: no-cache

16:12:42.302 [AsyncHttpClient-1-6] DEBUG org.asynchttpclient.netty.channel.ChannelManager - Adding key: http://localhost:25558 for channel [id: 0x86262e47, L:/127.0.0.1:51430 - R:localhost/127.0.0.1:25558]
16:12:42.303 [Forwarding getElementTagName on session b56cc36c33fd6a6763ce4d4c2c3ad54e to remote] DEBUG org.asynchttpclient.netty.request.NettyRequestSender - Using pooled Channel '[id: 0x86262e47, L:/127.0.0.1:51430 - R:localhost/127.0.0.1:25558]' for 'GET' to 'http://localhost:25558/session/b56cc36c33fd6a6763ce4d4c2c3ad54e/element/2ed2487e-5fb5-4977-8151-1fe01547c333/name'
16:12:42.303 [Forwarding getElementTagName on session b56cc36c33fd6a6763ce4d4c2c3ad54e to remote] DEBUG org.asynchttpclient.netty.request.NettyRequestSender - Using open Channel [id: 0x86262e47, L:/127.0.0.1:51430 - R:localhost/127.0.0.1:25558] for GET '/session/b56cc36c33fd6a6763ce4d4c2c3ad54e/element/2ed2487e-5fb5-4977-8151-1fe01547c333/name'
16:12:42.305 [AsyncHttpClient-1-6] DEBUG org.asynchttpclient.netty.handler.HttpHandler - 

Request DefaultFullHttpRequest(decodeResult: success, version: HTTP/1.1, content: EmptyByteBufBE)
GET /session/b56cc36c33fd6a6763ce4d4c2c3ad54e/element/2ed2487e-5fb5-4977-8151-1fe01547c333/name HTTP/1.1
User-Agent: selenium/4.8.1 (java windows)
Cache-Control: no-cache
Content-Type: application/json; charset=utf-8
host: localhost:25558
accept: */*

Response DefaultHttpResponse(decodeResult: success, version: HTTP/1.1)
HTTP/1.1 200 OK
Content-Length: 15
Content-Type: application/json; charset=utf-8
cache-control: no-cache

16:12:42.305 [AsyncHttpClient-1-6] DEBUG org.asynchttpclient.netty.channel.ChannelManager - Adding key: http://localhost:25558 for channel [id: 0x86262e47, L:/127.0.0.1:51430 - R:localhost/127.0.0.1:25558]
16:12:42.306 [Forwarding findElement on session b56cc36c33fd6a6763ce4d4c2c3ad54e to remote] DEBUG org.asynchttpclient.netty.request.NettyRequestSender - Using pooled Channel '[id: 0x86262e47, L:/127.0.0.1:51430 - R:localhost/127.0.0.1:25558]' for 'POST' to 'http://localhost:25558/session/b56cc36c33fd6a6763ce4d4c2c3ad54e/element'
16:12:42.306 [Forwarding findElement on session b56cc36c33fd6a6763ce4d4c2c3ad54e to remote] DEBUG org.asynchttpclient.netty.request.NettyRequestSender - Using open Channel [id: 0x86262e47, L:/127.0.0.1:51430 - R:localhost/127.0.0.1:25558] for POST '/session/b56cc36c33fd6a6763ce4d4c2c3ad54e/element'
16:12:42.314 [AsyncHttpClient-1-6] DEBUG org.asynchttpclient.netty.handler.HttpHandler - 

Request DefaultHttpRequest(decodeResult: success, version: HTTP/1.1)
POST /session/b56cc36c33fd6a6763ce4d4c2c3ad54e/element HTTP/1.1
User-Agent: selenium/4.8.1 (java windows)
Content-Length: 71
Content-Type: application/json; charset=utf-8
host: localhost:25558
accept: */*

Response DefaultHttpResponse(decodeResult: success, version: HTTP/1.1)
HTTP/1.1 200 OK
Content-Length: 88
Content-Type: application/json; charset=utf-8
cache-control: no-cache

16:12:42.314 [AsyncHttpClient-1-6] DEBUG org.asynchttpclient.netty.channel.ChannelManager - Adding key: http://localhost:25558 for channel [id: 0x86262e47, L:/127.0.0.1:51430 - R:localhost/127.0.0.1:25558]
16:12:42.315 [Forwarding clickElement on session b56cc36c33fd6a6763ce4d4c2c3ad54e to remote] DEBUG org.asynchttpclient.netty.request.NettyRequestSender - Using pooled Channel '[id: 0x86262e47, L:/127.0.0.1:51430 - R:localhost/127.0.0.1:25558]' for 'POST' to 'http://localhost:25558/session/b56cc36c33fd6a6763ce4d4c2c3ad54e/element/2ed2487e-5fb5-4977-8151-1fe01547c333/click'
16:12:42.315 [Forwarding clickElement on session b56cc36c33fd6a6763ce4d4c2c3ad54e to remote] DEBUG org.asynchttpclient.netty.request.NettyRequestSender - Using open Channel [id: 0x86262e47, L:/127.0.0.1:51430 - R:localhost/127.0.0.1:25558] for POST '/session/b56cc36c33fd6a6763ce4d4c2c3ad54e/element/2ed2487e-5fb5-4977-8151-1fe01547c333/click'
16:12:42.447 [AsyncHttpClient-1-6] DEBUG org.asynchttpclient.netty.handler.HttpHandler - 

Request DefaultHttpRequest(decodeResult: success, version: HTTP/1.1)
POST /session/b56cc36c33fd6a6763ce4d4c2c3ad54e/element/2ed2487e-5fb5-4977-8151-1fe01547c333/click HTTP/1.1
User-Agent: selenium/4.8.1 (java windows)
Content-Length: 50
Content-Type: application/json; charset=utf-8
host: localhost:25558
accept: */*

Response DefaultHttpResponse(decodeResult: success, version: HTTP/1.1)
HTTP/1.1 200 OK
Content-Length: 14
Content-Type: application/json; charset=utf-8
cache-control: no-cache

16:12:42.447 [AsyncHttpClient-1-6] DEBUG org.asynchttpclient.netty.channel.ChannelManager - Adding key: http://localhost:25558 for channel [id: 0x86262e47, L:/127.0.0.1:51430 - R:localhost/127.0.0.1:25558]
16:12:42.453 [Forwarding getAlertText on session b56cc36c33fd6a6763ce4d4c2c3ad54e to remote] DEBUG org.asynchttpclient.netty.request.NettyRequestSender - Using pooled Channel '[id: 0x86262e47, L:/127.0.0.1:51430 - R:localhost/127.0.0.1:25558]' for 'GET' to 'http://localhost:25558/session/b56cc36c33fd6a6763ce4d4c2c3ad54e/alert/text'
16:12:42.453 [Forwarding getAlertText on session b56cc36c33fd6a6763ce4d4c2c3ad54e to remote] DEBUG org.asynchttpclient.netty.request.NettyRequestSender - Using open Channel [id: 0x86262e47, L:/127.0.0.1:51430 - R:localhost/127.0.0.1:25558] for GET '/session/b56cc36c33fd6a6763ce4d4c2c3ad54e/alert/text'
16:12:42.455 [AsyncHttpClient-1-6] DEBUG org.asynchttpclient.netty.handler.HttpHandler - 

Request DefaultFullHttpRequest(decodeResult: success, version: HTTP/1.1, content: EmptyByteBufBE)
GET /session/b56cc36c33fd6a6763ce4d4c2c3ad54e/alert/text HTTP/1.1
User-Agent: selenium/4.8.1 (java windows)
Cache-Control: no-cache
Content-Type: application/json; charset=utf-8
host: localhost:25558
accept: */*

Response DefaultHttpResponse(decodeResult: success, version: HTTP/1.1)
HTTP/1.1 404 Not Found
Content-Length: 836
Content-Type: application/json; charset=utf-8
cache-control: no-cache

16:12:42.455 [AsyncHttpClient-1-6] DEBUG org.asynchttpclient.netty.channel.ChannelManager - Adding key: http://localhost:25558 for channel [id: 0x86262e47, L:/127.0.0.1:51430 - R:localhost/127.0.0.1:25558]
16:12:42.456 [Forwarding getCurrentUrl on session b56cc36c33fd6a6763ce4d4c2c3ad54e to remote] DEBUG org.asynchttpclient.netty.request.NettyRequestSender - Using pooled Channel '[id: 0x86262e47, L:/127.0.0.1:51430 - R:localhost/127.0.0.1:25558]' for 'GET' to 'http://localhost:25558/session/b56cc36c33fd6a6763ce4d4c2c3ad54e/url'
16:12:42.456 [Forwarding getCurrentUrl on session b56cc36c33fd6a6763ce4d4c2c3ad54e to remote] DEBUG org.asynchttpclient.netty.request.NettyRequestSender - Using open Channel [id: 0x86262e47, L:/127.0.0.1:51430 - R:localhost/127.0.0.1:25558] for GET '/session/b56cc36c33fd6a6763ce4d4c2c3ad54e/url'
16:12:42.459 [AsyncHttpClient-1-6] DEBUG org.asynchttpclient.netty.handler.HttpHandler - 

Request DefaultFullHttpRequest(decodeResult: success, version: HTTP/1.1, content: EmptyByteBufBE)
GET /session/b56cc36c33fd6a6763ce4d4c2c3ad54e/url HTTP/1.1
User-Agent: selenium/4.8.1 (java windows)
Cache-Control: no-cache
Content-Type: application/json; charset=utf-8
host: localhost:25558
accept: */*

Response DefaultHttpResponse(decodeResult: success, version: HTTP/1.1)
HTTP/1.1 200 OK
Content-Length: 41
Content-Type: application/json; charset=utf-8
cache-control: no-cache

16:12:42.459 [AsyncHttpClient-1-6] DEBUG org.asynchttpclient.netty.channel.ChannelManager - Adding key: http://localhost:25558 for channel [id: 0x86262e47, L:/127.0.0.1:51430 - R:localhost/127.0.0.1:25558]
16:12:42.460 [Forwarding screenshot on session b56cc36c33fd6a6763ce4d4c2c3ad54e to remote] DEBUG org.asynchttpclient.netty.request.NettyRequestSender - Using pooled Channel '[id: 0x86262e47, L:/127.0.0.1:51430 - R:localhost/127.0.0.1:25558]' for 'GET' to 'http://localhost:25558/session/b56cc36c33fd6a6763ce4d4c2c3ad54e/screenshot'
16:12:42.460 [Forwarding screenshot on session b56cc36c33fd6a6763ce4d4c2c3ad54e to remote] DEBUG org.asynchttpclient.netty.request.NettyRequestSender - Using open Channel [id: 0x86262e47, L:/127.0.0.1:51430 - R:localhost/127.0.0.1:25558] for GET '/session/b56cc36c33fd6a6763ce4d4c2c3ad54e/screenshot'
16:12:42.552 [AsyncHttpClient-1-6] DEBUG org.asynchttpclient.netty.handler.HttpHandler - 

Request DefaultFullHttpRequest(decodeResult: success, version: HTTP/1.1, content: EmptyByteBufBE)
GET /session/b56cc36c33fd6a6763ce4d4c2c3ad54e/screenshot HTTP/1.1
User-Agent: selenium/4.8.1 (java windows)
Cache-Control: no-cache
Content-Type: application/json; charset=utf-8
host: localhost:25558
accept: */*

Response DefaultHttpResponse(decodeResult: success, version: HTTP/1.1)
HTTP/1.1 200 OK
Content-Length: 33484
Content-Type: application/json; charset=utf-8
cache-control: no-cache

16:12:42.552 [AsyncHttpClient-1-6] DEBUG org.asynchttpclient.netty.channel.ChannelManager - Adding key: http://localhost:25558 for channel [id: 0x86262e47, L:/127.0.0.1:51430 - R:localhost/127.0.0.1:25558]
16:12:42.554 [main] DEBUG net.serenitybdd.core.photography.Darkroom - Send negative for processing for target\site\serenity\4ca1fe87eedc7be1d78ecb5463ee04a3491eef27dad715554443193da7f3c01e.png
16:12:42.554 [main] DEBUG net.thucydides.core.steps.StepInterceptor - STEP DONE: clickGamingCategory
  &amp#27;[32mWhen &amp#27;[0m&amp#27;[32mI click gaming category&amp#27;[0m                               &amp#27;[90m# starter.stepdefinitions.CategorySteps.clickGamingCategory()&amp#27;[0m
16:12:42.554 [Darkroom Processing Line] DEBUG net.serenitybdd.core.photography.DarkroomProcessingLine - Processing screenshot image in /var/screenshots/screenshot-17787637135963065789
16:12:42.554 [Darkroom Processing Line] DEBUG net.serenitybdd.core.photography.DarkroomProcessingLine - Saving screenshot to target\site\serenity\4ca1fe87eedc7be1d78ecb5463ee04a3491eef27dad715554443193da7f3c01e.png
16:12:42.566 [Forwarding getPageSource on session b56cc36c33fd6a6763ce4d4c2c3ad54e to remote] DEBUG org.asynchttpclient.netty.request.NettyRequestSender - Using pooled Channel '[id: 0x86262e47, L:/127.0.0.1:51430 - R:localhost/127.0.0.1:25558]' for 'POST' to 'http://localhost:25558/session/b56cc36c33fd6a6763ce4d4c2c3ad54e/execute/sync'
16:12:42.566 [Forwarding getPageSource on session b56cc36c33fd6a6763ce4d4c2c3ad54e to remote] DEBUG org.asynchttpclient.netty.request.NettyRequestSender - Using open Channel [id: 0x86262e47, L:/127.0.0.1:51430 - R:localhost/127.0.0.1:25558] for POST '/session/b56cc36c33fd6a6763ce4d4c2c3ad54e/execute/sync'
16:12:42.575 [AsyncHttpClient-1-6] DEBUG org.asynchttpclient.netty.handler.HttpHandler - 

Request DefaultHttpRequest(decodeResult: success, version: HTTP/1.1)
POST /session/b56cc36c33fd6a6763ce4d4c2c3ad54e/execute/sync HTTP/1.1
User-Agent: selenium/4.8.1 (java windows)
Content-Length: 176
Content-Type: application/json; charset=utf-8
host: localhost:25558
accept: */*

Response DefaultHttpResponse(decodeResult: success, version: HTTP/1.1)
HTTP/1.1 200 OK
Content-Length: 28016
Content-Type: application/json; charset=utf-8
cache-control: no-cache

16:12:42.575 [AsyncHttpClient-1-6] DEBUG org.asynchttpclient.netty.channel.ChannelManager - Adding key: http://localhost:25558 for channel [id: 0x86262e47, L:/127.0.0.1:51430 - R:localhost/127.0.0.1:25558]
16:12:42.579 [Forwarding getCurrentUrl on session b56cc36c33fd6a6763ce4d4c2c3ad54e to remote] DEBUG org.asynchttpclient.netty.request.NettyRequestSender - Using pooled Channel '[id: 0x86262e47, L:/127.0.0.1:51430 - R:localhost/127.0.0.1:25558]' for 'GET' to 'http://localhost:25558/session/b56cc36c33fd6a6763ce4d4c2c3ad54e/url'
16:12:42.579 [Forwarding getCurrentUrl on session b56cc36c33fd6a6763ce4d4c2c3ad54e to remote] DEBUG org.asynchttpclient.netty.request.NettyRequestSender - Using open Channel [id: 0x86262e47, L:/127.0.0.1:51430 - R:localhost/127.0.0.1:25558] for GET '/session/b56cc36c33fd6a6763ce4d4c2c3ad54e/url'
16:12:42.584 [AsyncHttpClient-1-6] DEBUG org.asynchttpclient.netty.handler.HttpHandler - 

Request DefaultFullHttpRequest(decodeResult: success, version: HTTP/1.1, content: EmptyByteBufBE)
GET /session/b56cc36c33fd6a6763ce4d4c2c3ad54e/url HTTP/1.1
User-Agent: selenium/4.8.1 (java windows)
Cache-Control: no-cache
Content-Type: application/json; charset=utf-8
host: localhost:25558
accept: */*

Response DefaultHttpResponse(decodeResult: success, version: HTTP/1.1)
HTTP/1.1 200 OK
Content-Length: 41
Content-Type: application/json; charset=utf-8
cache-control: no-cache

16:12:42.584 [AsyncHttpClient-1-6] DEBUG org.asynchttpclient.netty.channel.ChannelManager - Adding key: http://localhost:25558 for channel [id: 0x86262e47, L:/127.0.0.1:51430 - R:localhost/127.0.0.1:25558]
16:12:42.599 [Forwarding getPageSource on session b56cc36c33fd6a6763ce4d4c2c3ad54e to remote] DEBUG org.asynchttpclient.netty.request.NettyRequestSender - Using pooled Channel '[id: 0x86262e47, L:/127.0.0.1:51430 - R:localhost/127.0.0.1:25558]' for 'POST' to 'http://localhost:25558/session/b56cc36c33fd6a6763ce4d4c2c3ad54e/execute/sync'
16:12:42.599 [Forwarding getPageSource on session b56cc36c33fd6a6763ce4d4c2c3ad54e to remote] DEBUG org.asynchttpclient.netty.request.NettyRequestSender - Using open Channel [id: 0x86262e47, L:/127.0.0.1:51430 - R:localhost/127.0.0.1:25558] for POST '/session/b56cc36c33fd6a6763ce4d4c2c3ad54e/execute/sync'
16:12:42.606 [AsyncHttpClient-1-6] DEBUG org.asynchttpclient.netty.handler.HttpHandler - 

Request DefaultHttpRequest(decodeResult: success, version: HTTP/1.1)
POST /session/b56cc36c33fd6a6763ce4d4c2c3ad54e/execute/sync HTTP/1.1
User-Agent: selenium/4.8.1 (java windows)
Content-Length: 176
Content-Type: application/json; charset=utf-8
host: localhost:25558
accept: */*

Response DefaultHttpResponse(decodeResult: success, version: HTTP/1.1)
HTTP/1.1 200 OK
Content-Length: 28017
Content-Type: application/json; charset=utf-8
cache-control: no-cache

16:12:42.607 [AsyncHttpClient-1-6] DEBUG org.asynchttpclient.netty.channel.ChannelManager - Adding key: http://localhost:25558 for channel [id: 0x86262e47, L:/127.0.0.1:51430 - R:localhost/127.0.0.1:25558]
16:12:42.610 [Forwarding getCurrentUrl on session b56cc36c33fd6a6763ce4d4c2c3ad54e to remote] DEBUG org.asynchttpclient.netty.request.NettyRequestSender - Using pooled Channel '[id: 0x86262e47, L:/127.0.0.1:51430 - R:localhost/127.0.0.1:25558]' for 'GET' to 'http://localhost:25558/session/b56cc36c33fd6a6763ce4d4c2c3ad54e/url'
16:12:42.610 [Forwarding getCurrentUrl on session b56cc36c33fd6a6763ce4d4c2c3ad54e to remote] DEBUG org.asynchttpclient.netty.request.NettyRequestSender - Using open Channel [id: 0x86262e47, L:/127.0.0.1:51430 - R:localhost/127.0.0.1:25558] for GET '/session/b56cc36c33fd6a6763ce4d4c2c3ad54e/url'
16:12:42.616 [AsyncHttpClient-1-6] DEBUG org.asynchttpclient.netty.handler.HttpHandler - 

Request DefaultFullHttpRequest(decodeResult: success, version: HTTP/1.1, content: EmptyByteBufBE)
GET /session/b56cc36c33fd6a6763ce4d4c2c3ad54e/url HTTP/1.1
User-Agent: selenium/4.8.1 (java windows)
Cache-Control: no-cache
Content-Type: application/json; charset=utf-8
host: localhost:25558
accept: */*

Response DefaultHttpResponse(decodeResult: success, version: HTTP/1.1)
HTTP/1.1 200 OK
Content-Length: 41
Content-Type: application/json; charset=utf-8
cache-control: no-cache

16:12:42.616 [AsyncHttpClient-1-6] DEBUG org.asynchttpclient.netty.channel.ChannelManager - Adding key: http://localhost:25558 for channel [id: 0x86262e47, L:/127.0.0.1:51430 - R:localhost/127.0.0.1:25558]
16:12:42.618 [main] DEBUG net.thucydides.core.steps.StepInterceptor - STARTING STEP: CategorySteps.clickClearCategory - clickClearCategory
16:12:42.623 [Forwarding findElement on session b56cc36c33fd6a6763ce4d4c2c3ad54e to remote] DEBUG org.asynchttpclient.netty.request.NettyRequestSender - Using pooled Channel '[id: 0x86262e47, L:/127.0.0.1:51430 - R:localhost/127.0.0.1:25558]' for 'POST' to 'http://localhost:25558/session/b56cc36c33fd6a6763ce4d4c2c3ad54e/element'
16:12:42.623 [Forwarding findElement on session b56cc36c33fd6a6763ce4d4c2c3ad54e to remote] DEBUG org.asynchttpclient.netty.request.NettyRequestSender - Using open Channel [id: 0x86262e47, L:/127.0.0.1:51430 - R:localhost/127.0.0.1:25558] for POST '/session/b56cc36c33fd6a6763ce4d4c2c3ad54e/element'
16:12:42.636 [AsyncHttpClient-1-6] DEBUG org.asynchttpclient.netty.handler.HttpHandler - 

Request DefaultHttpRequest(decodeResult: success, version: HTTP/1.1)
POST /session/b56cc36c33fd6a6763ce4d4c2c3ad54e/element HTTP/1.1
User-Agent: selenium/4.8.1 (java windows)
Content-Length: 63
Content-Type: application/json; charset=utf-8
host: localhost:25558
accept: */*

Response DefaultHttpResponse(decodeResult: success, version: HTTP/1.1)
HTTP/1.1 200 OK
Content-Length: 88
Content-Type: application/json; charset=utf-8
cache-control: no-cache

16:12:42.636 [AsyncHttpClient-1-6] DEBUG org.asynchttpclient.netty.channel.ChannelManager - Adding key: http://localhost:25558 for channel [id: 0x86262e47, L:/127.0.0.1:51430 - R:localhost/127.0.0.1:25558]
16:12:42.637 [Forwarding getElementTagName on session b56cc36c33fd6a6763ce4d4c2c3ad54e to remote] DEBUG org.asynchttpclient.netty.request.NettyRequestSender - Using pooled Channel '[id: 0x86262e47, L:/127.0.0.1:51430 - R:localhost/127.0.0.1:25558]' for 'GET' to 'http://localhost:25558/session/b56cc36c33fd6a6763ce4d4c2c3ad54e/element/13a881a4-d73f-49ad-90dd-470965ae68bd/name'
16:12:42.637 [Forwarding getElementTagName on session b56cc36c33fd6a6763ce4d4c2c3ad54e to remote] DEBUG org.asynchttpclient.netty.request.NettyRequestSender - Using open Channel [id: 0x86262e47, L:/127.0.0.1:51430 - R:localhost/127.0.0.1:25558] for GET '/session/b56cc36c33fd6a6763ce4d4c2c3ad54e/element/13a881a4-d73f-49ad-90dd-470965ae68bd/name'
16:12:42.643 [AsyncHttpClient-1-6] DEBUG org.asynchttpclient.netty.handler.HttpHandler - 

Request DefaultFullHttpRequest(decodeResult: success, version: HTTP/1.1, content: EmptyByteBufBE)
GET /session/b56cc36c33fd6a6763ce4d4c2c3ad54e/element/13a881a4-d73f-49ad-90dd-470965ae68bd/name HTTP/1.1
User-Agent: selenium/4.8.1 (java windows)
Cache-Control: no-cache
Content-Type: application/json; charset=utf-8
host: localhost:25558
accept: */*

Response DefaultHttpResponse(decodeResult: success, version: HTTP/1.1)
HTTP/1.1 200 OK
Content-Length: 18
Content-Type: application/json; charset=utf-8
cache-control: no-cache

16:12:42.643 [AsyncHttpClient-1-6] DEBUG org.asynchttpclient.netty.channel.ChannelManager - Adding key: http://localhost:25558 for channel [id: 0x86262e47, L:/127.0.0.1:51430 - R:localhost/127.0.0.1:25558]
16:12:42.645 [Forwarding getElementTagName on session b56cc36c33fd6a6763ce4d4c2c3ad54e to remote] DEBUG org.asynchttpclient.netty.request.NettyRequestSender - Using pooled Channel '[id: 0x86262e47, L:/127.0.0.1:51430 - R:localhost/127.0.0.1:25558]' for 'GET' to 'http://localhost:25558/session/b56cc36c33fd6a6763ce4d4c2c3ad54e/element/13a881a4-d73f-49ad-90dd-470965ae68bd/name'
16:12:42.645 [Forwarding getElementTagName on session b56cc36c33fd6a6763ce4d4c2c3ad54e to remote] DEBUG org.asynchttpclient.netty.request.NettyRequestSender - Using open Channel [id: 0x86262e47, L:/127.0.0.1:51430 - R:localhost/127.0.0.1:25558] for GET '/session/b56cc36c33fd6a6763ce4d4c2c3ad54e/element/13a881a4-d73f-49ad-90dd-470965ae68bd/name'
16:12:42.654 [AsyncHttpClient-1-6] DEBUG org.asynchttpclient.netty.handler.HttpHandler - 

Request DefaultFullHttpRequest(decodeResult: success, version: HTTP/1.1, content: EmptyByteBufBE)
GET /session/b56cc36c33fd6a6763ce4d4c2c3ad54e/element/13a881a4-d73f-49ad-90dd-470965ae68bd/name HTTP/1.1
User-Agent: selenium/4.8.1 (java windows)
Cache-Control: no-cache
Content-Type: application/json; charset=utf-8
host: localhost:25558
accept: */*

Response DefaultHttpResponse(decodeResult: success, version: HTTP/1.1)
HTTP/1.1 200 OK
Content-Length: 18
Content-Type: application/json; charset=utf-8
cache-control: no-cache

16:12:42.654 [AsyncHttpClient-1-6] DEBUG org.asynchttpclient.netty.channel.ChannelManager - Adding key: http://localhost:25558 for channel [id: 0x86262e47, L:/127.0.0.1:51430 - R:localhost/127.0.0.1:25558]
16:12:42.657 [Forwarding isElementEnabled on session b56cc36c33fd6a6763ce4d4c2c3ad54e to remote] DEBUG org.asynchttpclient.netty.request.NettyRequestSender - Using pooled Channel '[id: 0x86262e47, L:/127.0.0.1:51430 - R:localhost/127.0.0.1:25558]' for 'GET' to 'http://localhost:25558/session/b56cc36c33fd6a6763ce4d4c2c3ad54e/element/13a881a4-d73f-49ad-90dd-470965ae68bd/enabled'
16:12:42.657 [Forwarding isElementEnabled on session b56cc36c33fd6a6763ce4d4c2c3ad54e to remote] DEBUG org.asynchttpclient.netty.request.NettyRequestSender - Using open Channel [id: 0x86262e47, L:/127.0.0.1:51430 - R:localhost/127.0.0.1:25558] for GET '/session/b56cc36c33fd6a6763ce4d4c2c3ad54e/element/13a881a4-d73f-49ad-90dd-470965ae68bd/enabled'
16:12:42.671 [AsyncHttpClient-1-6] DEBUG org.asynchttpclient.netty.handler.HttpHandler - 

Request DefaultFullHttpRequest(decodeResult: success, version: HTTP/1.1, content: EmptyByteBufBE)
GET /session/b56cc36c33fd6a6763ce4d4c2c3ad54e/element/13a881a4-d73f-49ad-90dd-470965ae68bd/enabled HTTP/1.1
User-Agent: selenium/4.8.1 (java windows)
Cache-Control: no-cache
Content-Type: application/json; charset=utf-8
host: localhost:25558
accept: */*

Response DefaultHttpResponse(decodeResult: success, version: HTTP/1.1)
HTTP/1.1 200 OK
Content-Length: 14
Content-Type: application/json; charset=utf-8
cache-control: no-cache

16:12:42.671 [AsyncHttpClient-1-6] DEBUG org.asynchttpclient.netty.channel.ChannelManager - Adding key: http://localhost:25558 for channel [id: 0x86262e47, L:/127.0.0.1:51430 - R:localhost/127.0.0.1:25558]
16:12:42.672 [Forwarding isElementEnabled on session b56cc36c33fd6a6763ce4d4c2c3ad54e to remote] DEBUG org.asynchttpclient.netty.request.NettyRequestSender - Using pooled Channel '[id: 0x86262e47, L:/127.0.0.1:51430 - R:localhost/127.0.0.1:25558]' for 'GET' to 'http://localhost:25558/session/b56cc36c33fd6a6763ce4d4c2c3ad54e/element/13a881a4-d73f-49ad-90dd-470965ae68bd/enabled'
16:12:42.672 [Forwarding isElementEnabled on session b56cc36c33fd6a6763ce4d4c2c3ad54e to remote] DEBUG org.asynchttpclient.netty.request.NettyRequestSender - Using open Channel [id: 0x86262e47, L:/127.0.0.1:51430 - R:localhost/127.0.0.1:25558] for GET '/session/b56cc36c33fd6a6763ce4d4c2c3ad54e/element/13a881a4-d73f-49ad-90dd-470965ae68bd/enabled'
16:12:42.681 [AsyncHttpClient-1-6] DEBUG org.asynchttpclient.netty.handler.HttpHandler - 

Request DefaultFullHttpRequest(decodeResult: success, version: HTTP/1.1, content: EmptyByteBufBE)
GET /session/b56cc36c33fd6a6763ce4d4c2c3ad54e/element/13a881a4-d73f-49ad-90dd-470965ae68bd/enabled HTTP/1.1
User-Agent: selenium/4.8.1 (java windows)
Cache-Control: no-cache
Content-Type: application/json; charset=utf-8
host: localhost:25558
accept: */*

Response DefaultHttpResponse(decodeResult: success, version: HTTP/1.1)
HTTP/1.1 200 OK
Content-Length: 14
Content-Type: application/json; charset=utf-8
cache-control: no-cache

16:12:42.681 [AsyncHttpClient-1-6] DEBUG org.asynchttpclient.netty.channel.ChannelManager - Adding key: http://localhost:25558 for channel [id: 0x86262e47, L:/127.0.0.1:51430 - R:localhost/127.0.0.1:25558]
16:12:42.683 [Forwarding findElement on session b56cc36c33fd6a6763ce4d4c2c3ad54e to remote] DEBUG org.asynchttpclient.netty.request.NettyRequestSender - Using pooled Channel '[id: 0x86262e47, L:/127.0.0.1:51430 - R:localhost/127.0.0.1:25558]' for 'POST' to 'http://localhost:25558/session/b56cc36c33fd6a6763ce4d4c2c3ad54e/element'
16:12:42.683 [Forwarding findElement on session b56cc36c33fd6a6763ce4d4c2c3ad54e to remote] DEBUG org.asynchttpclient.netty.request.NettyRequestSender - Using open Channel [id: 0x86262e47, L:/127.0.0.1:51430 - R:localhost/127.0.0.1:25558] for POST '/session/b56cc36c33fd6a6763ce4d4c2c3ad54e/element'
16:12:42.691 [AsyncHttpClient-1-6] DEBUG org.asynchttpclient.netty.handler.HttpHandler - 

Request DefaultHttpRequest(decodeResult: success, version: HTTP/1.1)
POST /session/b56cc36c33fd6a6763ce4d4c2c3ad54e/element HTTP/1.1
User-Agent: selenium/4.8.1 (java windows)
Content-Length: 63
Content-Type: application/json; charset=utf-8
host: localhost:25558
accept: */*

Response DefaultHttpResponse(decodeResult: success, version: HTTP/1.1)
HTTP/1.1 200 OK
Content-Length: 88
Content-Type: application/json; charset=utf-8
cache-control: no-cache

16:12:42.692 [AsyncHttpClient-1-6] DEBUG org.asynchttpclient.netty.channel.ChannelManager - Adding key: http://localhost:25558 for channel [id: 0x86262e47, L:/127.0.0.1:51430 - R:localhost/127.0.0.1:25558]
16:12:42.693 [Forwarding clickElement on session b56cc36c33fd6a6763ce4d4c2c3ad54e to remote] DEBUG org.asynchttpclient.netty.request.NettyRequestSender - Using pooled Channel '[id: 0x86262e47, L:/127.0.0.1:51430 - R:localhost/127.0.0.1:25558]' for 'POST' to 'http://localhost:25558/session/b56cc36c33fd6a6763ce4d4c2c3ad54e/element/13a881a4-d73f-49ad-90dd-470965ae68bd/click'
16:12:42.693 [Forwarding clickElement on session b56cc36c33fd6a6763ce4d4c2c3ad54e to remote] DEBUG org.asynchttpclient.netty.request.NettyRequestSender - Using open Channel [id: 0x86262e47, L:/127.0.0.1:51430 - R:localhost/127.0.0.1:25558] for POST '/session/b56cc36c33fd6a6763ce4d4c2c3ad54e/element/13a881a4-d73f-49ad-90dd-470965ae68bd/click'
16:12:42.747 [AsyncHttpClient-1-6] DEBUG org.asynchttpclient.netty.handler.HttpHandler - 

Request DefaultHttpRequest(decodeResult: success, version: HTTP/1.1)
POST /session/b56cc36c33fd6a6763ce4d4c2c3ad54e/element/13a881a4-d73f-49ad-90dd-470965ae68bd/click HTTP/1.1
User-Agent: selenium/4.8.1 (java windows)
Content-Length: 50
Content-Type: application/json; charset=utf-8
host: localhost:25558
accept: */*

Response DefaultHttpResponse(decodeResult: success, version: HTTP/1.1)
HTTP/1.1 200 OK
Content-Length: 14
Content-Type: application/json; charset=utf-8
cache-control: no-cache

16:12:42.747 [AsyncHttpClient-1-6] DEBUG org.asynchttpclient.netty.channel.ChannelManager - Adding key: http://localhost:25558 for channel [id: 0x86262e47, L:/127.0.0.1:51430 - R:localhost/127.0.0.1:25558]
16:12:42.751 [Forwarding getAlertText on session b56cc36c33fd6a6763ce4d4c2c3ad54e to remote] DEBUG org.asynchttpclient.netty.request.NettyRequestSender - Using pooled Channel '[id: 0x86262e47, L:/127.0.0.1:51430 - R:localhost/127.0.0.1:25558]' for 'GET' to 'http://localhost:25558/session/b56cc36c33fd6a6763ce4d4c2c3ad54e/alert/text'
16:12:42.751 [Forwarding getAlertText on session b56cc36c33fd6a6763ce4d4c2c3ad54e to remote] DEBUG org.asynchttpclient.netty.request.NettyRequestSender - Using open Channel [id: 0x86262e47, L:/127.0.0.1:51430 - R:localhost/127.0.0.1:25558] for GET '/session/b56cc36c33fd6a6763ce4d4c2c3ad54e/alert/text'
16:12:42.752 [AsyncHttpClient-1-6] DEBUG org.asynchttpclient.netty.handler.HttpHandler - 

Request DefaultFullHttpRequest(decodeResult: success, version: HTTP/1.1, content: EmptyByteBufBE)
GET /session/b56cc36c33fd6a6763ce4d4c2c3ad54e/alert/text HTTP/1.1
User-Agent: selenium/4.8.1 (java windows)
Cache-Control: no-cache
Content-Type: application/json; charset=utf-8
host: localhost:25558
accept: */*

Response DefaultHttpResponse(decodeResult: success, version: HTTP/1.1)
HTTP/1.1 404 Not Found
Content-Length: 836
Content-Type: application/json; charset=utf-8
cache-control: no-cache

16:12:42.752 [AsyncHttpClient-1-6] DEBUG org.asynchttpclient.netty.channel.ChannelManager - Adding key: http://localhost:25558 for channel [id: 0x86262e47, L:/127.0.0.1:51430 - R:localhost/127.0.0.1:25558]
16:12:42.753 [Forwarding getCurrentUrl on session b56cc36c33fd6a6763ce4d4c2c3ad54e to remote] DEBUG org.asynchttpclient.netty.request.NettyRequestSender - Using pooled Channel '[id: 0x86262e47, L:/127.0.0.1:51430 - R:localhost/127.0.0.1:25558]' for 'GET' to 'http://localhost:25558/session/b56cc36c33fd6a6763ce4d4c2c3ad54e/url'
16:12:42.753 [Forwarding getCurrentUrl on session b56cc36c33fd6a6763ce4d4c2c3ad54e to remote] DEBUG org.asynchttpclient.netty.request.NettyRequestSender - Using open Channel [id: 0x86262e47, L:/127.0.0.1:51430 - R:localhost/127.0.0.1:25558] for GET '/session/b56cc36c33fd6a6763ce4d4c2c3ad54e/url'
16:12:42.757 [AsyncHttpClient-1-6] DEBUG org.asynchttpclient.netty.handler.HttpHandler - 

Request DefaultFullHttpRequest(decodeResult: success, version: HTTP/1.1, content: EmptyByteBufBE)
GET /session/b56cc36c33fd6a6763ce4d4c2c3ad54e/url HTTP/1.1
User-Agent: selenium/4.8.1 (java windows)
Cache-Control: no-cache
Content-Type: application/json; charset=utf-8
host: localhost:25558
accept: */*

Response DefaultHttpResponse(decodeResult: success, version: HTTP/1.1)
HTTP/1.1 200 OK
Content-Length: 41
Content-Type: application/json; charset=utf-8
cache-control: no-cache

16:12:42.757 [AsyncHttpClient-1-6] DEBUG org.asynchttpclient.netty.channel.ChannelManager - Adding key: http://localhost:25558 for channel [id: 0x86262e47, L:/127.0.0.1:51430 - R:localhost/127.0.0.1:25558]
16:12:42.757 [Forwarding screenshot on session b56cc36c33fd6a6763ce4d4c2c3ad54e to remote] DEBUG org.asynchttpclient.netty.request.NettyRequestSender - Using pooled Channel '[id: 0x86262e47, L:/127.0.0.1:51430 - R:localhost/127.0.0.1:25558]' for 'GET' to 'http://localhost:25558/session/b56cc36c33fd6a6763ce4d4c2c3ad54e/screenshot'
16:12:42.757 [Forwarding screenshot on session b56cc36c33fd6a6763ce4d4c2c3ad54e to remote] DEBUG org.asynchttpclient.netty.request.NettyRequestSender - Using open Channel [id: 0x86262e47, L:/127.0.0.1:51430 - R:localhost/127.0.0.1:25558] for GET '/session/b56cc36c33fd6a6763ce4d4c2c3ad54e/screenshot'
16:12:42.835 [AsyncHttpClient-1-6] DEBUG org.asynchttpclient.netty.handler.HttpHandler - 

Request DefaultFullHttpRequest(decodeResult: success, version: HTTP/1.1, content: EmptyByteBufBE)
GET /session/b56cc36c33fd6a6763ce4d4c2c3ad54e/screenshot HTTP/1.1
User-Agent: selenium/4.8.1 (java windows)
Cache-Control: no-cache
Content-Type: application/json; charset=utf-8
host: localhost:25558
accept: */*

Response DefaultHttpResponse(decodeResult: success, version: HTTP/1.1)
HTTP/1.1 200 OK
Content-Length: 24076
Content-Type: application/json; charset=utf-8
cache-control: no-cache

16:12:42.836 [AsyncHttpClient-1-6] DEBUG org.asynchttpclient.netty.channel.ChannelManager - Adding key: http://localhost:25558 for channel [id: 0x86262e47, L:/127.0.0.1:51430 - R:localhost/127.0.0.1:25558]
16:12:42.837 [main] DEBUG net.serenitybdd.core.photography.Darkroom - Send negative for processing for target\site\serenity\6b6097dd421aba68485c54a3c6914e846b633794fc9fcfb94e427a760543e3a8.png
16:12:42.837 [main] DEBUG net.thucydides.core.steps.StepInterceptor - STEP DONE: clickClearCategory
  &amp#27;[32mAnd &amp#27;[0m&amp#27;[32mI click clear category&amp#27;[0m                                 &amp#27;[90m# starter.stepdefinitions.CategorySteps.clickClearCategory()&amp#27;[0m
16:12:42.837 [Darkroom Processing Line] DEBUG net.serenitybdd.core.photography.DarkroomProcessingLine - Processing screenshot image in /var/screenshots/screenshot-2495594943760460681
16:12:42.837 [Darkroom Processing Line] DEBUG net.serenitybdd.core.photography.DarkroomProcessingLine - Saving screenshot to target\site\serenity\6b6097dd421aba68485c54a3c6914e846b633794fc9fcfb94e427a760543e3a8.png
16:12:42.843 [Forwarding getPageSource on session b56cc36c33fd6a6763ce4d4c2c3ad54e to remote] DEBUG org.asynchttpclient.netty.request.NettyRequestSender - Using pooled Channel '[id: 0x86262e47, L:/127.0.0.1:51430 - R:localhost/127.0.0.1:25558]' for 'POST' to 'http://localhost:25558/session/b56cc36c33fd6a6763ce4d4c2c3ad54e/execute/sync'
16:12:42.843 [Forwarding getPageSource on session b56cc36c33fd6a6763ce4d4c2c3ad54e to remote] DEBUG org.asynchttpclient.netty.request.NettyRequestSender - Using open Channel [id: 0x86262e47, L:/127.0.0.1:51430 - R:localhost/127.0.0.1:25558] for POST '/session/b56cc36c33fd6a6763ce4d4c2c3ad54e/execute/sync'
16:12:42.848 [AsyncHttpClient-1-6] DEBUG org.asynchttpclient.netty.handler.HttpHandler - 

Request DefaultHttpRequest(decodeResult: success, version: HTTP/1.1)
POST /session/b56cc36c33fd6a6763ce4d4c2c3ad54e/execute/sync HTTP/1.1
User-Agent: selenium/4.8.1 (java windows)
Content-Length: 176
Content-Type: application/json; charset=utf-8
host: localhost:25558
accept: */*

Response DefaultHttpResponse(decodeResult: success, version: HTTP/1.1)
HTTP/1.1 200 OK
Content-Length: 34579
Content-Type: application/json; charset=utf-8
cache-control: no-cache

16:12:42.848 [AsyncHttpClient-1-6] DEBUG org.asynchttpclient.netty.channel.ChannelManager - Adding key: http://localhost:25558 for channel [id: 0x86262e47, L:/127.0.0.1:51430 - R:localhost/127.0.0.1:25558]
16:12:42.849 [Forwarding getCurrentUrl on session b56cc36c33fd6a6763ce4d4c2c3ad54e to remote] DEBUG org.asynchttpclient.netty.request.NettyRequestSender - Using pooled Channel '[id: 0x86262e47, L:/127.0.0.1:51430 - R:localhost/127.0.0.1:25558]' for 'GET' to 'http://localhost:25558/session/b56cc36c33fd6a6763ce4d4c2c3ad54e/url'
16:12:42.849 [Forwarding getCurrentUrl on session b56cc36c33fd6a6763ce4d4c2c3ad54e to remote] DEBUG org.asynchttpclient.netty.request.NettyRequestSender - Using open Channel [id: 0x86262e47, L:/127.0.0.1:51430 - R:localhost/127.0.0.1:25558] for GET '/session/b56cc36c33fd6a6763ce4d4c2c3ad54e/url'
16:12:42.853 [AsyncHttpClient-1-6] DEBUG org.asynchttpclient.netty.handler.HttpHandler - 

Request DefaultFullHttpRequest(decodeResult: success, version: HTTP/1.1, content: EmptyByteBufBE)
GET /session/b56cc36c33fd6a6763ce4d4c2c3ad54e/url HTTP/1.1
User-Agent: selenium/4.8.1 (java windows)
Cache-Control: no-cache
Content-Type: application/json; charset=utf-8
host: localhost:25558
accept: */*

Response DefaultHttpResponse(decodeResult: success, version: HTTP/1.1)
HTTP/1.1 200 OK
Content-Length: 41
Content-Type: application/json; charset=utf-8
cache-control: no-cache

16:12:42.853 [AsyncHttpClient-1-6] DEBUG org.asynchttpclient.netty.channel.ChannelManager - Adding key: http://localhost:25558 for channel [id: 0x86262e47, L:/127.0.0.1:51430 - R:localhost/127.0.0.1:25558]
16:12:42.869 [Forwarding getPageSource on session b56cc36c33fd6a6763ce4d4c2c3ad54e to remote] DEBUG org.asynchttpclient.netty.request.NettyRequestSender - Using pooled Channel '[id: 0x86262e47, L:/127.0.0.1:51430 - R:localhost/127.0.0.1:25558]' for 'POST' to 'http://localhost:25558/session/b56cc36c33fd6a6763ce4d4c2c3ad54e/execute/sync'
16:12:42.869 [Forwarding getPageSource on session b56cc36c33fd6a6763ce4d4c2c3ad54e to remote] DEBUG org.asynchttpclient.netty.request.NettyRequestSender - Using open Channel [id: 0x86262e47, L:/127.0.0.1:51430 - R:localhost/127.0.0.1:25558] for POST '/session/b56cc36c33fd6a6763ce4d4c2c3ad54e/execute/sync'
16:12:42.874 [AsyncHttpClient-1-6] DEBUG org.asynchttpclient.netty.handler.HttpHandler - 

Request DefaultHttpRequest(decodeResult: success, version: HTTP/1.1)
POST /session/b56cc36c33fd6a6763ce4d4c2c3ad54e/execute/sync HTTP/1.1
User-Agent: selenium/4.8.1 (java windows)
Content-Length: 176
Content-Type: application/json; charset=utf-8
host: localhost:25558
accept: */*

Response DefaultHttpResponse(decodeResult: success, version: HTTP/1.1)
HTTP/1.1 200 OK
Content-Length: 34579
Content-Type: application/json; charset=utf-8
cache-control: no-cache

16:12:42.874 [AsyncHttpClient-1-6] DEBUG org.asynchttpclient.netty.channel.ChannelManager - Adding key: http://localhost:25558 for channel [id: 0x86262e47, L:/127.0.0.1:51430 - R:localhost/127.0.0.1:25558]
16:12:42.876 [Forwarding getCurrentUrl on session b56cc36c33fd6a6763ce4d4c2c3ad54e to remote] DEBUG org.asynchttpclient.netty.request.NettyRequestSender - Using pooled Channel '[id: 0x86262e47, L:/127.0.0.1:51430 - R:localhost/127.0.0.1:25558]' for 'GET' to 'http://localhost:25558/session/b56cc36c33fd6a6763ce4d4c2c3ad54e/url'
16:12:42.876 [Forwarding getCurrentUrl on session b56cc36c33fd6a6763ce4d4c2c3ad54e to remote] DEBUG org.asynchttpclient.netty.request.NettyRequestSender - Using open Channel [id: 0x86262e47, L:/127.0.0.1:51430 - R:localhost/127.0.0.1:25558] for GET '/session/b56cc36c33fd6a6763ce4d4c2c3ad54e/url'
16:12:42.879 [AsyncHttpClient-1-6] DEBUG org.asynchttpclient.netty.handler.HttpHandler - 

Request DefaultFullHttpRequest(decodeResult: success, version: HTTP/1.1, content: EmptyByteBufBE)
GET /session/b56cc36c33fd6a6763ce4d4c2c3ad54e/url HTTP/1.1
User-Agent: selenium/4.8.1 (java windows)
Cache-Control: no-cache
Content-Type: application/json; charset=utf-8
host: localhost:25558
accept: */*

Response DefaultHttpResponse(decodeResult: success, version: HTTP/1.1)
HTTP/1.1 200 OK
Content-Length: 41
Content-Type: application/json; charset=utf-8
cache-control: no-cache

16:12:42.879 [AsyncHttpClient-1-6] DEBUG org.asynchttpclient.netty.channel.ChannelManager - Adding key: http://localhost:25558 for channel [id: 0x86262e47, L:/127.0.0.1:51430 - R:localhost/127.0.0.1:25558]
16:12:42.881 [main] DEBUG net.thucydides.core.steps.StepInterceptor - STARTING STEP: LogoutSteps.validateAlreadyLogout - validateAlreadyLogout
16:12:42.882 [Forwarding findElement on session b56cc36c33fd6a6763ce4d4c2c3ad54e to remote] DEBUG org.asynchttpclient.netty.request.NettyRequestSender - Using pooled Channel '[id: 0x86262e47, L:/127.0.0.1:51430 - R:localhost/127.0.0.1:25558]' for 'POST' to 'http://localhost:25558/session/b56cc36c33fd6a6763ce4d4c2c3ad54e/element'
16:12:42.882 [Forwarding findElement on session b56cc36c33fd6a6763ce4d4c2c3ad54e to remote] DEBUG org.asynchttpclient.netty.request.NettyRequestSender - Using open Channel [id: 0x86262e47, L:/127.0.0.1:51430 - R:localhost/127.0.0.1:25558] for POST '/session/b56cc36c33fd6a6763ce4d4c2c3ad54e/element'
16:12:42.889 [AsyncHttpClient-1-6] DEBUG org.asynchttpclient.netty.handler.HttpHandler - 

Request DefaultHttpRequest(decodeResult: success, version: HTTP/1.1)
POST /session/b56cc36c33fd6a6763ce4d4c2c3ad54e/element HTTP/1.1
User-Agent: selenium/4.8.1 (java windows)
Content-Length: 59
Content-Type: application/json; charset=utf-8
host: localhost:25558
accept: */*

Response DefaultHttpResponse(decodeResult: success, version: HTTP/1.1)
HTTP/1.1 200 OK
Content-Length: 88
Content-Type: application/json; charset=utf-8
cache-control: no-cache

16:12:42.889 [AsyncHttpClient-1-6] DEBUG org.asynchttpclient.netty.channel.ChannelManager - Adding key: http://localhost:25558 for channel [id: 0x86262e47, L:/127.0.0.1:51430 - R:localhost/127.0.0.1:25558]
16:12:42.891 [Forwarding isElementDisplayed on session b56cc36c33fd6a6763ce4d4c2c3ad54e to remote] DEBUG org.asynchttpclient.netty.request.NettyRequestSender - Using pooled Channel '[id: 0x86262e47, L:/127.0.0.1:51430 - R:localhost/127.0.0.1:25558]' for 'POST' to 'http://localhost:25558/session/b56cc36c33fd6a6763ce4d4c2c3ad54e/execute/sync'
16:12:42.892 [Forwarding isElementDisplayed on session b56cc36c33fd6a6763ce4d4c2c3ad54e to remote] DEBUG org.asynchttpclient.netty.request.NettyRequestSender - Using open Channel [id: 0x86262e47, L:/127.0.0.1:51430 - R:localhost/127.0.0.1:25558] for POST '/session/b56cc36c33fd6a6763ce4d4c2c3ad54e/execute/sync'
16:12:42.902 [AsyncHttpClient-1-6] DEBUG org.asynchttpclient.netty.handler.HttpHandler - 

Request DefaultHttpRequest(decodeResult: success, version: HTTP/1.1)
POST /session/b56cc36c33fd6a6763ce4d4c2c3ad54e/execute/sync HTTP/1.1
User-Agent: selenium/4.8.1 (java windows)
Content-Length: 48807
Content-Type: application/json; charset=utf-8
host: localhost:25558
accept: */*

Response DefaultHttpResponse(decodeResult: success, version: HTTP/1.1)
HTTP/1.1 200 OK
Content-Length: 14
Content-Type: application/json; charset=utf-8
cache-control: no-cache

16:12:42.902 [AsyncHttpClient-1-6] DEBUG org.asynchttpclient.netty.channel.ChannelManager - Adding key: http://localhost:25558 for channel [id: 0x86262e47, L:/127.0.0.1:51430 - R:localhost/127.0.0.1:25558]
16:12:42.905 [Forwarding getAlertText on session b56cc36c33fd6a6763ce4d4c2c3ad54e to remote] DEBUG org.asynchttpclient.netty.request.NettyRequestSender - Using pooled Channel '[id: 0x86262e47, L:/127.0.0.1:51430 - R:localhost/127.0.0.1:25558]' for 'GET' to 'http://localhost:25558/session/b56cc36c33fd6a6763ce4d4c2c3ad54e/alert/text'
16:12:42.905 [Forwarding getAlertText on session b56cc36c33fd6a6763ce4d4c2c3ad54e to remote] DEBUG org.asynchttpclient.netty.request.NettyRequestSender - Using open Channel [id: 0x86262e47, L:/127.0.0.1:51430 - R:localhost/127.0.0.1:25558] for GET '/session/b56cc36c33fd6a6763ce4d4c2c3ad54e/alert/text'
16:12:42.907 [AsyncHttpClient-1-6] DEBUG org.asynchttpclient.netty.handler.HttpHandler - 

Request DefaultFullHttpRequest(decodeResult: success, version: HTTP/1.1, content: EmptyByteBufBE)
GET /session/b56cc36c33fd6a6763ce4d4c2c3ad54e/alert/text HTTP/1.1
User-Agent: selenium/4.8.1 (java windows)
Cache-Control: no-cache
Content-Type: application/json; charset=utf-8
host: localhost:25558
accept: */*

Response DefaultHttpResponse(decodeResult: success, version: HTTP/1.1)
HTTP/1.1 404 Not Found
Content-Length: 836
Content-Type: application/json; charset=utf-8
cache-control: no-cache

16:12:42.907 [AsyncHttpClient-1-6] DEBUG org.asynchttpclient.netty.channel.ChannelManager - Adding key: http://localhost:25558 for channel [id: 0x86262e47, L:/127.0.0.1:51430 - R:localhost/127.0.0.1:25558]
16:12:42.908 [Forwarding getCurrentUrl on session b56cc36c33fd6a6763ce4d4c2c3ad54e to remote] DEBUG org.asynchttpclient.netty.request.NettyRequestSender - Using pooled Channel '[id: 0x86262e47, L:/127.0.0.1:51430 - R:localhost/127.0.0.1:25558]' for 'GET' to 'http://localhost:25558/session/b56cc36c33fd6a6763ce4d4c2c3ad54e/url'
16:12:42.908 [Forwarding getCurrentUrl on session b56cc36c33fd6a6763ce4d4c2c3ad54e to remote] DEBUG org.asynchttpclient.netty.request.NettyRequestSender - Using open Channel [id: 0x86262e47, L:/127.0.0.1:51430 - R:localhost/127.0.0.1:25558] for GET '/session/b56cc36c33fd6a6763ce4d4c2c3ad54e/url'
16:12:42.910 [AsyncHttpClient-1-6] DEBUG org.asynchttpclient.netty.handler.HttpHandler - 

Request DefaultFullHttpRequest(decodeResult: success, version: HTTP/1.1, content: EmptyByteBufBE)
GET /session/b56cc36c33fd6a6763ce4d4c2c3ad54e/url HTTP/1.1
User-Agent: selenium/4.8.1 (java windows)
Cache-Control: no-cache
Content-Type: application/json; charset=utf-8
host: localhost:25558
accept: */*

Response DefaultHttpResponse(decodeResult: success, version: HTTP/1.1)
HTTP/1.1 200 OK
Content-Length: 41
Content-Type: application/json; charset=utf-8
cache-control: no-cache

16:12:42.910 [AsyncHttpClient-1-6] DEBUG org.asynchttpclient.netty.channel.ChannelManager - Adding key: http://localhost:25558 for channel [id: 0x86262e47, L:/127.0.0.1:51430 - R:localhost/127.0.0.1:25558]
16:12:42.910 [Forwarding screenshot on session b56cc36c33fd6a6763ce4d4c2c3ad54e to remote] DEBUG org.asynchttpclient.netty.request.NettyRequestSender - Using pooled Channel '[id: 0x86262e47, L:/127.0.0.1:51430 - R:localhost/127.0.0.1:25558]' for 'GET' to 'http://localhost:25558/session/b56cc36c33fd6a6763ce4d4c2c3ad54e/screenshot'
16:12:42.910 [Forwarding screenshot on session b56cc36c33fd6a6763ce4d4c2c3ad54e to remote] DEBUG org.asynchttpclient.netty.request.NettyRequestSender - Using open Channel [id: 0x86262e47, L:/127.0.0.1:51430 - R:localhost/127.0.0.1:25558] for GET '/session/b56cc36c33fd6a6763ce4d4c2c3ad54e/screenshot'
16:12:43.361 [AsyncHttpClient-1-1] DEBUG org.asynchttpclient.netty.channel.DefaultChannelPool - Entry count for : http://localhost:51432 : 1
16:12:43.917 [AsyncHttpClient-1-6] DEBUG org.asynchttpclient.netty.handler.HttpHandler - 

Request DefaultFullHttpRequest(decodeResult: success, version: HTTP/1.1, content: EmptyByteBufBE)
GET /session/b56cc36c33fd6a6763ce4d4c2c3ad54e/screenshot HTTP/1.1
User-Agent: selenium/4.8.1 (java windows)
Cache-Control: no-cache
Content-Type: application/json; charset=utf-8
host: localhost:25558
accept: */*

Response DefaultHttpResponse(decodeResult: success, version: HTTP/1.1)
HTTP/1.1 200 OK
Content-Length: 27792
Content-Type: application/json; charset=utf-8
cache-control: no-cache

16:12:43.917 [AsyncHttpClient-1-6] DEBUG org.asynchttpclient.netty.channel.ChannelManager - Adding key: http://localhost:25558 for channel [id: 0x86262e47, L:/127.0.0.1:51430 - R:localhost/127.0.0.1:25558]
16:12:43.918 [main] DEBUG net.serenitybdd.core.photography.Darkroom - Send negative for processing for target\site\serenity\1defa69ad9d7fbd40e86b7ca87520655227274c8c929ae3ad94ca3210447e49d.png
16:12:43.918 [main] DEBUG net.thucydides.core.steps.StepInterceptor - STEP DONE: validateAlreadyLogout
  &amp#27;[32mThen &amp#27;[0m&amp#27;[32mI should be redirected back to my alta-shop home page&amp#27;[0m &amp#27;[90m# starter.stepdefinitions.LogoutSteps.validateAlreadyLogout()&amp#27;[0m
16:12:43.918 [Darkroom Processing Line] DEBUG net.serenitybdd.core.photography.DarkroomProcessingLine - Processing screenshot image in /var/screenshots/screenshot-8829374215053030983
16:12:43.918 [Darkroom Processing Line] DEBUG net.serenitybdd.core.photography.DarkroomProcessingLine - Saving screenshot to target\site\serenity\1defa69ad9d7fbd40e86b7ca87520655227274c8c929ae3ad94ca3210447e49d.png
16:12:43.923 [main] INFO  - 
  _____   ___   ___   _____     ___     _     ___   ___   ___   ___  
 |_   _| | __| / __| |_   _|   | _ \   /_\   / __| / __| | __| |   \ 
   | |   | _|  \__ \   | |     |  _/  / _ \  \__ \ \__ \ | _|  | |) |
   |_|   |___| |___/   |_|     |_|   /_/ \_\ |___/ |___/ |___| |___/ 

Clear category
----------------------------------------------------------------------
16:12:43.924 [AsyncHttpClient-1-8] DEBUG org.asynchttpclient.netty.handler.WebSocketHandler - Channel Closed: [id: 0xfcee8cbb, L:/127.0.0.1:51441 ! R:localhost/127.0.0.1:51432] with attribute NettyResponseFuture{currentRetry=0,
	isDone=1,
	isCancelled=0,
	asyncHandler=org.asynchttpclient.ws.WebSocketUpgradeHandler@5b56f227,
	nettyRequest=org.asynchttpclient.netty.request.NettyRequest@33589d63,
	future=java.util.concurrent.CompletableFuture@3b09b56e[Completed normally],
	uri=ws://localhost:51432/devtools/browser/941d891a-f70f-4717-8005-0a95476ab7dc,
	keepAlive=true,
	redirectCount=0,
	timeoutsHolder=null,
	inAuth=0,
	touch=1683537154580}
16:12:43.924 [AsyncHttpClient-1-8] DEBUG org.asynchttpclient.netty.channel.ChannelManager - Closing Channel [id: 0xfcee8cbb, L:/127.0.0.1:51441 ! R:localhost/127.0.0.1:51432] 
16:12:43.924 [Driver Command Executor] DEBUG org.asynchttpclient.netty.request.NettyRequestSender - Using pooled Channel '[id: 0x86262e47, L:/127.0.0.1:51430 - R:localhost/127.0.0.1:25558]' for 'DELETE' to 'http://localhost:25558/session/b56cc36c33fd6a6763ce4d4c2c3ad54e'
16:12:43.924 [Driver Command Executor] DEBUG org.asynchttpclient.netty.request.NettyRequestSender - Using open Channel [id: 0x86262e47, L:/127.0.0.1:51430 - R:localhost/127.0.0.1:25558] for DELETE '/session/b56cc36c33fd6a6763ce4d4c2c3ad54e'
16:12:43.945 [AsyncHttpClient-1-7] DEBUG org.asynchttpclient.netty.handler.HttpHandler - Unexpected I/O exception on channel [id: 0x322aa5c4, L:/127.0.0.1:51440 - R:localhost/127.0.0.1:51432]
java.net.SocketException: Connection reset
	at java.base/sun.nio.ch.SocketChannelImpl.throwConnectionReset(SocketChannelImpl.java:367)
	at java.base/sun.nio.ch.SocketChannelImpl.read(SocketChannelImpl.java:398)
	at io.netty.buffer.PooledByteBuf.setBytes(PooledByteBuf.java:259)
	at io.netty.buffer.AbstractByteBuf.writeBytes(AbstractByteBuf.java:1132)
	at io.netty.channel.socket.nio.NioSocketChannel.doReadBytes(NioSocketChannel.java:357)
	at io.netty.channel.nio.AbstractNioByteChannel$NioByteUnsafe.read(AbstractNioByteChannel.java:151)
	at io.netty.channel.nio.NioEventLoop.processSelectedKey(NioEventLoop.java:788)
	at io.netty.channel.nio.NioEventLoop.processSelectedKeysOptimized(NioEventLoop.java:724)
	at io.netty.channel.nio.NioEventLoop.processSelectedKeys(NioEventLoop.java:650)
	at io.netty.channel.nio.NioEventLoop.run(NioEventLoop.java:562)
	at io.netty.util.concurrent.SingleThreadEventExecutor$4.run(SingleThreadEventExecutor.java:997)
	at io.netty.util.internal.ThreadExecutorMap$2.run(ThreadExecutorMap.java:74)
	at io.netty.util.concurrent.FastThreadLocalRunnable.run(FastThreadLocalRunnable.java:30)
	at java.base/java.lang.Thread.run(Thread.java:832)
16:12:43.945 [AsyncHttpClient-1-7] DEBUG org.asynchttpclient.netty.channel.ChannelManager - Closing Channel [id: 0x322aa5c4, L:/127.0.0.1:51440 - R:localhost/127.0.0.1:51432] 
16:12:43.946 [AsyncHttpClient-1-7] DEBUG org.asynchttpclient.netty.handler.HttpHandler - Channel Closed: [id: 0x322aa5c4, L:/127.0.0.1:51440 ! R:localhost/127.0.0.1:51432] with attribute DISCARD
16:12:43.954 [AsyncHttpClient-1-6] DEBUG org.asynchttpclient.netty.handler.HttpHandler - 

Request DefaultFullHttpRequest(decodeResult: success, version: HTTP/1.1, content: EmptyByteBufBE)
DELETE /session/b56cc36c33fd6a6763ce4d4c2c3ad54e HTTP/1.1
User-Agent: selenium/4.8.1 (java windows)
Content-Type: application/json; charset=utf-8
host: localhost:25558
accept: */*

Response DefaultHttpResponse(decodeResult: success, version: HTTP/1.1)
HTTP/1.1 200 OK
Content-Length: 14
Content-Type: application/json; charset=utf-8
cache-control: no-cache

16:12:43.955 [AsyncHttpClient-1-6] DEBUG org.asynchttpclient.netty.channel.ChannelManager - Adding key: http://localhost:25558 for channel [id: 0x86262e47, L:/127.0.0.1:51430 - R:localhost/127.0.0.1:25558]
16:12:44.048 [AsyncHttpClient-1-6] DEBUG org.asynchttpclient.netty.handler.HttpHandler - Channel Closed: [id: 0x86262e47, L:/127.0.0.1:51430 ! R:localhost/127.0.0.1:25558] with attribute DISCARD
16:12:44.456 [AsyncHttpClient-1-1] DEBUG org.asynchttpclient.netty.channel.DefaultChannelPool - Entry count for : http://localhost:51432 : 1
16:12:44.456 [AsyncHttpClient-1-1] DEBUG org.asynchttpclient.netty.channel.DefaultChannelPool - Entry count for : http://localhost:25558 : 1
16:12:44.456 [AsyncHttpClient-1-1] DEBUG org.asynchttpclient.netty.channel.DefaultChannelPool - Adding Candidate expired Channel [id: 0x322aa5c4, L:/127.0.0.1:51440 ! R:localhost/127.0.0.1:51432] isIdleTimeoutExpired=false isRemotelyClosed=true isTtlExpired=false
16:12:44.456 [AsyncHttpClient-1-1] DEBUG org.asynchttpclient.netty.channel.DefaultChannelPool - Closing Idle Channel [id: 0x322aa5c4, L:/127.0.0.1:51440 ! R:localhost/127.0.0.1:51432]
16:12:44.456 [AsyncHttpClient-1-1] DEBUG org.asynchttpclient.netty.channel.DefaultChannelPool - Adding Candidate expired Channel [id: 0x86262e47, L:/127.0.0.1:51430 ! R:localhost/127.0.0.1:25558] isIdleTimeoutExpired=false isRemotelyClosed=true isTtlExpired=false
16:12:44.456 [AsyncHttpClient-1-1] DEBUG org.asynchttpclient.netty.channel.DefaultChannelPool - Closing Idle Channel [id: 0x86262e47, L:/127.0.0.1:51430 ! R:localhost/127.0.0.1:25558]
16:12:44.456 [AsyncHttpClient-1-1] DEBUG org.asynchttpclient.netty.channel.DefaultChannelPool - Closed 2 connections out of 2 in 0 ms
]]></system-out>
    <system-err><![CDATA[Starting ChromeDriver 111.0.5563.64 (c710e93d5b63b7095afe8c2c17df34408078439d-refs/branch-heads/5563@{#995}) on port 25558
Only local connections are allowed.
Please see https://chromedriver.chromium.org/security-considerations for suggestions on keeping ChromeDriver safe.
ChromeDriver was started successfully.
[1683537154.560][WARNING]: This version of ChromeDriver has not been tested with Chrome version 112.
May 08, 2023 4:12:34 PM org.openqa.selenium.devtools.CdpVersionFinder findNearestMatch
WARNING: Unable to find an exact match for CDP version 112, so returning the closest version found: 110
]]></system-err>
  </testcase>
  <testcase name="View Transaction" classname="Transaction" time="17.584">
    <system-out><![CDATA[16:12:44.578 [main] DEBUG io.cucumber.core.plugin.SerenityReporter - Running feature from file:///C:/Users/WINDOWS%2010/Documents/GitHub/MiniProject_QE/Web/code/minpro/src/test/resources/features/5.%20Transaction.feature
16:12:44.581 [main] DEBUG net.thucydides.core.steps.StepEventBus - Test suite started for story net.thucydides.core.model.Story@9c152c7e
16:12:44.582 [main] INFO  - Test Suite Started: Transaction

Scenario: View Transaction                                &amp#27;[90m# src/test/resources/features/5. Transaction.feature:7&amp#27;[0m
16:12:44.588 [main] DEBUG io.cucumber.core.plugin.SerenityReporter - Running feature from file:///C:/Users/WINDOWS%2010/Documents/GitHub/MiniProject_QE/Web/code/minpro/src/test/resources/features/5.%20Transaction.feature
16:12:44.592 [main] INFO  - 
  _____   ___   ___   _____     ___   _____     _     ___   _____   ___   ___  
 |_   _| | __| / __| |_   _|   / __| |_   _|   /_\   | _ \ |_   _| | __| |   \ 
   | |   | _|  \__ \   | |     \__ \   | |    / _ \  |   /   | |   | _|  | |) |
   |_|   |___| |___/   |_|     |___/   |_|   /_/ \_\ |_|_\   |_|   |___| |___/ 

View Transaction(transaction;view-transaction)
--------------------------------------------------------------------------------
16:12:44.643 [main] DEBUG net.thucydides.core.steps.StepInterceptor - STARTING STEP: ProductSteps.onTheHomePage - openPage
16:12:44.688 [main] INFO net.serenitybdd.core.webdriver.driverproviders.ChromeDriverProvider - Starting Chrome driver instance with capabilities:
16:12:44.688 [main] INFO net.serenitybdd.core.webdriver.driverproviders.ChromeDriverProvider - Capabilities {acceptInsecureCerts: false, browserName: chrome, goog:chromeOptions: {args: [remote-allow-origins=*], extensions: []}}
16:12:44.756 [AsyncHttpClient-1-9] DEBUG org.asynchttpclient.netty.channel.NettyConnectListener - Using new Channel '[id: 0x7f6de090, L:/127.0.0.1:51474 - R:localhost/127.0.0.1:46542]' for 'POST' to '/session'
16:12:45.420 [AsyncHttpClient-1-9] DEBUG org.asynchttpclient.netty.handler.HttpHandler - 

Request DefaultHttpRequest(decodeResult: success, version: HTTP/1.1)
POST /session HTTP/1.1
User-Agent: selenium/4.8.1 (java windows)
Content-Length: 507
Content-Type: application/json; charset=utf-8
host: localhost:46542
accept: */*

Response DefaultHttpResponse(decodeResult: success, version: HTTP/1.1)
HTTP/1.1 200 OK
Content-Length: 863
Content-Type: application/json; charset=utf-8
cache-control: no-cache

16:12:45.420 [AsyncHttpClient-1-9] DEBUG org.asynchttpclient.netty.channel.ChannelManager - Adding key: http://localhost:46542 for channel [id: 0x7f6de090, L:/127.0.0.1:51474 - R:localhost/127.0.0.1:46542]
16:12:45.424 [AsyncHttpClient-1-10] DEBUG org.asynchttpclient.netty.channel.NettyConnectListener - Using new Channel '[id: 0x09da364a, L:/127.0.0.1:51482 - R:localhost/127.0.0.1:51475]' for 'GET' to '/json/version'
16:12:45.424 [AsyncHttpClient-1-10] DEBUG org.asynchttpclient.netty.handler.HttpHandler - 

Request DefaultFullHttpRequest(decodeResult: success, version: HTTP/1.1, content: EmptyByteBufBE)
GET /json/version HTTP/1.1
User-Agent: selenium/4.8.1 (java windows)
host: localhost:51475
accept: */*

Response DefaultHttpResponse(decodeResult: success, version: HTTP/1.1)
HTTP/1.1 200 OK
Content-Security-Policy: frame-ancestors 'none'
Content-Length: 424
Content-Type: application/json; charset=UTF-8

16:12:45.424 [AsyncHttpClient-1-10] DEBUG org.asynchttpclient.netty.channel.ChannelManager - Adding key: http://localhost:51475 for channel [id: 0x09da364a, L:/127.0.0.1:51482 - R:localhost/127.0.0.1:51475]
16:12:45.425 [AsyncHttpClient-1-11] DEBUG org.asynchttpclient.netty.channel.NettyConnectListener - Using new Channel '[id: 0x80410bb0, L:/127.0.0.1:51483 - R:localhost/127.0.0.1:51475]' for 'GET' to '/devtools/browser/6545d203-c4de-46da-8f40-7fd18d40f1de'
16:12:45.426 [AsyncHttpClient-1-11] DEBUG org.asynchttpclient.netty.handler.WebSocketHandler - 

Request DefaultFullHttpRequest(decodeResult: success, version: HTTP/1.1, content: EmptyByteBufBE)
GET /devtools/browser/6545d203-c4de-46da-8f40-7fd18d40f1de HTTP/1.1
upgrade: websocket
connection: upgrade
sec-websocket-key: xVlLiBVv3c+CgBnLkRT8HA==
sec-websocket-version: 13
origin: http://localhost:51475
host: localhost:51475
accept: */*
user-agent: AHC/2.1

Response DefaultHttpResponse(decodeResult: success, version: HTTP/1.1)
HTTP/1.1 101 WebSocket Protocol Handshake
Upgrade: WebSocket
Connection: Upgrade
Sec-WebSocket-Accept: MlDS6vVeKfJSQoMJB+p/7K+IwRI=

16:12:45.428 [Forwarding get on session 445e42995fdc27cb6474b60d8a61f3a3 to remote] DEBUG org.asynchttpclient.netty.request.NettyRequestSender - Using pooled Channel '[id: 0x7f6de090, L:/127.0.0.1:51474 - R:localhost/127.0.0.1:46542]' for 'POST' to 'http://localhost:46542/session/445e42995fdc27cb6474b60d8a61f3a3/url'
16:12:45.428 [Forwarding get on session 445e42995fdc27cb6474b60d8a61f3a3 to remote] DEBUG org.asynchttpclient.netty.request.NettyRequestSender - Using open Channel [id: 0x7f6de090, L:/127.0.0.1:51474 - R:localhost/127.0.0.1:46542] for POST '/session/445e42995fdc27cb6474b60d8a61f3a3/url'
16:12:45.557 [AsyncHttpClient-1-1] DEBUG org.asynchttpclient.netty.channel.DefaultChannelPool - Entry count for : http://localhost:51475 : 1
16:12:46.657 [AsyncHttpClient-1-1] DEBUG org.asynchttpclient.netty.channel.DefaultChannelPool - Entry count for : http://localhost:51475 : 1
16:12:47.763 [AsyncHttpClient-1-1] DEBUG org.asynchttpclient.netty.channel.DefaultChannelPool - Entry count for : http://localhost:51475 : 1
16:12:48.858 [AsyncHttpClient-1-1] DEBUG org.asynchttpclient.netty.channel.DefaultChannelPool - Entry count for : http://localhost:51475 : 1
16:12:49.962 [AsyncHttpClient-1-1] DEBUG org.asynchttpclient.netty.channel.DefaultChannelPool - Entry count for : http://localhost:51475 : 1
16:12:51.057 [AsyncHttpClient-1-1] DEBUG org.asynchttpclient.netty.channel.DefaultChannelPool - Entry count for : http://localhost:51475 : 1
16:12:52.157 [AsyncHttpClient-1-1] DEBUG org.asynchttpclient.netty.channel.DefaultChannelPool - Entry count for : http://localhost:51475 : 1
16:12:53.256 [AsyncHttpClient-1-1] DEBUG org.asynchttpclient.netty.channel.DefaultChannelPool - Entry count for : http://localhost:51475 : 1
16:12:54.363 [AsyncHttpClient-1-1] DEBUG org.asynchttpclient.netty.channel.DefaultChannelPool - Entry count for : http://localhost:51475 : 1
16:12:55.456 [AsyncHttpClient-1-1] DEBUG org.asynchttpclient.netty.channel.DefaultChannelPool - Entry count for : http://localhost:51475 : 1
16:12:56.556 [AsyncHttpClient-1-1] DEBUG org.asynchttpclient.netty.channel.DefaultChannelPool - Entry count for : http://localhost:51475 : 1
16:12:57.665 [AsyncHttpClient-1-1] DEBUG org.asynchttpclient.netty.channel.DefaultChannelPool - Entry count for : http://localhost:51475 : 1
16:12:58.202 [AsyncHttpClient-1-9] DEBUG org.asynchttpclient.netty.handler.HttpHandler - 

Request DefaultHttpRequest(decodeResult: success, version: HTTP/1.1)
POST /session/445e42995fdc27cb6474b60d8a61f3a3/url HTTP/1.1
User-Agent: selenium/4.8.1 (java windows)
Content-Length: 74
Content-Type: application/json; charset=utf-8
host: localhost:46542
accept: */*

Response DefaultHttpResponse(decodeResult: success, version: HTTP/1.1)
HTTP/1.1 200 OK
Content-Length: 14
Content-Type: application/json; charset=utf-8
cache-control: no-cache

16:12:58.202 [AsyncHttpClient-1-9] DEBUG org.asynchttpclient.netty.channel.ChannelManager - Adding key: http://localhost:46542 for channel [id: 0x7f6de090, L:/127.0.0.1:51474 - R:localhost/127.0.0.1:46542]
16:12:58.203 [Forwarding setTimeout on session 445e42995fdc27cb6474b60d8a61f3a3 to remote] DEBUG org.asynchttpclient.netty.request.NettyRequestSender - Using pooled Channel '[id: 0x7f6de090, L:/127.0.0.1:51474 - R:localhost/127.0.0.1:46542]' for 'POST' to 'http://localhost:46542/session/445e42995fdc27cb6474b60d8a61f3a3/timeouts'
16:12:58.203 [Forwarding setTimeout on session 445e42995fdc27cb6474b60d8a61f3a3 to remote] DEBUG org.asynchttpclient.netty.request.NettyRequestSender - Using open Channel [id: 0x7f6de090, L:/127.0.0.1:51474 - R:localhost/127.0.0.1:46542] for POST '/session/445e42995fdc27cb6474b60d8a61f3a3/timeouts'
16:12:58.204 [AsyncHttpClient-1-9] DEBUG org.asynchttpclient.netty.handler.HttpHandler - 

Request DefaultHttpRequest(decodeResult: success, version: HTTP/1.1)
POST /session/445e42995fdc27cb6474b60d8a61f3a3/timeouts HTTP/1.1
User-Agent: selenium/4.8.1 (java windows)
Content-Length: 22
Content-Type: application/json; charset=utf-8
host: localhost:46542
accept: */*

Response DefaultHttpResponse(decodeResult: success, version: HTTP/1.1)
HTTP/1.1 200 OK
Content-Length: 14
Content-Type: application/json; charset=utf-8
cache-control: no-cache

16:12:58.204 [AsyncHttpClient-1-9] DEBUG org.asynchttpclient.netty.channel.ChannelManager - Adding key: http://localhost:46542 for channel [id: 0x7f6de090, L:/127.0.0.1:51474 - R:localhost/127.0.0.1:46542]
16:12:58.206 [main] DEBUG net.serenitybdd.core.photography.Darkroom - Opening darkroom
16:12:58.206 [Darkroom Processing Line] DEBUG net.serenitybdd.core.photography.DarkroomProcessingLine - Darkroom processing line starting up
16:12:58.207 [Forwarding getAlertText on session 445e42995fdc27cb6474b60d8a61f3a3 to remote] DEBUG org.asynchttpclient.netty.request.NettyRequestSender - Using pooled Channel '[id: 0x7f6de090, L:/127.0.0.1:51474 - R:localhost/127.0.0.1:46542]' for 'GET' to 'http://localhost:46542/session/445e42995fdc27cb6474b60d8a61f3a3/alert/text'
16:12:58.207 [Forwarding getAlertText on session 445e42995fdc27cb6474b60d8a61f3a3 to remote] DEBUG org.asynchttpclient.netty.request.NettyRequestSender - Using open Channel [id: 0x7f6de090, L:/127.0.0.1:51474 - R:localhost/127.0.0.1:46542] for GET '/session/445e42995fdc27cb6474b60d8a61f3a3/alert/text'
16:12:58.208 [AsyncHttpClient-1-9] DEBUG org.asynchttpclient.netty.handler.HttpHandler - 

Request DefaultFullHttpRequest(decodeResult: success, version: HTTP/1.1, content: EmptyByteBufBE)
GET /session/445e42995fdc27cb6474b60d8a61f3a3/alert/text HTTP/1.1
User-Agent: selenium/4.8.1 (java windows)
Cache-Control: no-cache
Content-Type: application/json; charset=utf-8
host: localhost:46542
accept: */*

Response DefaultHttpResponse(decodeResult: success, version: HTTP/1.1)
HTTP/1.1 404 Not Found
Content-Length: 836
Content-Type: application/json; charset=utf-8
cache-control: no-cache

16:12:58.208 [AsyncHttpClient-1-9] DEBUG org.asynchttpclient.netty.channel.ChannelManager - Adding key: http://localhost:46542 for channel [id: 0x7f6de090, L:/127.0.0.1:51474 - R:localhost/127.0.0.1:46542]
16:12:58.209 [Forwarding getCurrentUrl on session 445e42995fdc27cb6474b60d8a61f3a3 to remote] DEBUG org.asynchttpclient.netty.request.NettyRequestSender - Using pooled Channel '[id: 0x7f6de090, L:/127.0.0.1:51474 - R:localhost/127.0.0.1:46542]' for 'GET' to 'http://localhost:46542/session/445e42995fdc27cb6474b60d8a61f3a3/url'
16:12:58.209 [Forwarding getCurrentUrl on session 445e42995fdc27cb6474b60d8a61f3a3 to remote] DEBUG org.asynchttpclient.netty.request.NettyRequestSender - Using open Channel [id: 0x7f6de090, L:/127.0.0.1:51474 - R:localhost/127.0.0.1:46542] for GET '/session/445e42995fdc27cb6474b60d8a61f3a3/url'
16:12:58.213 [AsyncHttpClient-1-9] DEBUG org.asynchttpclient.netty.handler.HttpHandler - 

Request DefaultFullHttpRequest(decodeResult: success, version: HTTP/1.1, content: EmptyByteBufBE)
GET /session/445e42995fdc27cb6474b60d8a61f3a3/url HTTP/1.1
User-Agent: selenium/4.8.1 (java windows)
Cache-Control: no-cache
Content-Type: application/json; charset=utf-8
host: localhost:46542
accept: */*

Response DefaultHttpResponse(decodeResult: success, version: HTTP/1.1)
HTTP/1.1 200 OK
Content-Length: 51
Content-Type: application/json; charset=utf-8
cache-control: no-cache

16:12:58.213 [AsyncHttpClient-1-9] DEBUG org.asynchttpclient.netty.channel.ChannelManager - Adding key: http://localhost:46542 for channel [id: 0x7f6de090, L:/127.0.0.1:51474 - R:localhost/127.0.0.1:46542]
16:12:58.213 [Forwarding screenshot on session 445e42995fdc27cb6474b60d8a61f3a3 to remote] DEBUG org.asynchttpclient.netty.request.NettyRequestSender - Using pooled Channel '[id: 0x7f6de090, L:/127.0.0.1:51474 - R:localhost/127.0.0.1:46542]' for 'GET' to 'http://localhost:46542/session/445e42995fdc27cb6474b60d8a61f3a3/screenshot'
16:12:58.213 [Forwarding screenshot on session 445e42995fdc27cb6474b60d8a61f3a3 to remote] DEBUG org.asynchttpclient.netty.request.NettyRequestSender - Using open Channel [id: 0x7f6de090, L:/127.0.0.1:51474 - R:localhost/127.0.0.1:46542] for GET '/session/445e42995fdc27cb6474b60d8a61f3a3/screenshot'
16:12:58.281 [AsyncHttpClient-1-9] DEBUG org.asynchttpclient.netty.handler.HttpHandler - 

Request DefaultFullHttpRequest(decodeResult: success, version: HTTP/1.1, content: EmptyByteBufBE)
GET /session/445e42995fdc27cb6474b60d8a61f3a3/screenshot HTTP/1.1
User-Agent: selenium/4.8.1 (java windows)
Cache-Control: no-cache
Content-Type: application/json; charset=utf-8
host: localhost:46542
accept: */*

Response DefaultHttpResponse(decodeResult: success, version: HTTP/1.1)
HTTP/1.1 200 OK
Content-Length: 25208
Content-Type: application/json; charset=utf-8
cache-control: no-cache

16:12:58.281 [AsyncHttpClient-1-9] DEBUG org.asynchttpclient.netty.channel.ChannelManager - Adding key: http://localhost:46542 for channel [id: 0x7f6de090, L:/127.0.0.1:51474 - R:localhost/127.0.0.1:46542]
16:12:58.282 [main] DEBUG net.serenitybdd.core.photography.Darkroom - Send negative for processing for target\site\serenity\edb14d4aab401efa0e4fb99861e6ffcafebc86a67b69f7828890b9910ed2ddbd.png
16:12:58.282 [main] DEBUG net.thucydides.core.steps.StepInterceptor - STEP DONE: openPage
16:12:58.286 [Forwarding getPageSource on session 445e42995fdc27cb6474b60d8a61f3a3 to remote] DEBUG org.asynchttpclient.netty.request.NettyRequestSender - Using pooled Channel '[id: 0x7f6de090, L:/127.0.0.1:51474 - R:localhost/127.0.0.1:46542]' for 'POST' to 'http://localhost:46542/session/445e42995fdc27cb6474b60d8a61f3a3/execute/sync'
16:12:58.286 [Forwarding getPageSource on session 445e42995fdc27cb6474b60d8a61f3a3 to remote] DEBUG org.asynchttpclient.netty.request.NettyRequestSender - Using open Channel [id: 0x7f6de090, L:/127.0.0.1:51474 - R:localhost/127.0.0.1:46542] for POST '/session/445e42995fdc27cb6474b60d8a61f3a3/execute/sync'
16:12:58.289 [AsyncHttpClient-1-9] DEBUG org.asynchttpclient.netty.handler.HttpHandler - 

Request DefaultHttpRequest(decodeResult: success, version: HTTP/1.1)
POST /session/445e42995fdc27cb6474b60d8a61f3a3/execute/sync HTTP/1.1
User-Agent: selenium/4.8.1 (java windows)
Content-Length: 176
Content-Type: application/json; charset=utf-8
host: localhost:46542
accept: */*

Response DefaultHttpResponse(decodeResult: success, version: HTTP/1.1)
HTTP/1.1 200 OK
Content-Length: 21659
Content-Type: application/json; charset=utf-8
cache-control: no-cache

16:12:58.289 [AsyncHttpClient-1-9] DEBUG org.asynchttpclient.netty.channel.ChannelManager - Adding key: http://localhost:46542 for channel [id: 0x7f6de090, L:/127.0.0.1:51474 - R:localhost/127.0.0.1:46542]
16:12:58.291 [Forwarding getCurrentUrl on session 445e42995fdc27cb6474b60d8a61f3a3 to remote] DEBUG org.asynchttpclient.netty.request.NettyRequestSender - Using pooled Channel '[id: 0x7f6de090, L:/127.0.0.1:51474 - R:localhost/127.0.0.1:46542]' for 'GET' to 'http://localhost:46542/session/445e42995fdc27cb6474b60d8a61f3a3/url'
16:12:58.291 [Forwarding getCurrentUrl on session 445e42995fdc27cb6474b60d8a61f3a3 to remote] DEBUG org.asynchttpclient.netty.request.NettyRequestSender - Using open Channel [id: 0x7f6de090, L:/127.0.0.1:51474 - R:localhost/127.0.0.1:46542] for GET '/session/445e42995fdc27cb6474b60d8a61f3a3/url'
16:12:58.293 [AsyncHttpClient-1-9] DEBUG org.asynchttpclient.netty.handler.HttpHandler - 

Request DefaultFullHttpRequest(decodeResult: success, version: HTTP/1.1, content: EmptyByteBufBE)
GET /session/445e42995fdc27cb6474b60d8a61f3a3/url HTTP/1.1
User-Agent: selenium/4.8.1 (java windows)
Cache-Control: no-cache
Content-Type: application/json; charset=utf-8
host: localhost:46542
accept: */*

Response DefaultHttpResponse(decodeResult: success, version: HTTP/1.1)
HTTP/1.1 200 OK
Content-Length: 51
Content-Type: application/json; charset=utf-8
cache-control: no-cache

16:12:58.293 [AsyncHttpClient-1-9] DEBUG org.asynchttpclient.netty.channel.ChannelManager - Adding key: http://localhost:46542 for channel [id: 0x7f6de090, L:/127.0.0.1:51474 - R:localhost/127.0.0.1:46542]
16:12:58.295 [main] DEBUG net.thucydides.core.steps.StepInterceptor - STARTING STEP: ProductSteps.onTheHomePage - inputEmail
16:12:58.296 [Forwarding findElement on session 445e42995fdc27cb6474b60d8a61f3a3 to remote] DEBUG org.asynchttpclient.netty.request.NettyRequestSender - Using pooled Channel '[id: 0x7f6de090, L:/127.0.0.1:51474 - R:localhost/127.0.0.1:46542]' for 'POST' to 'http://localhost:46542/session/445e42995fdc27cb6474b60d8a61f3a3/element'
16:12:58.296 [Forwarding findElement on session 445e42995fdc27cb6474b60d8a61f3a3 to remote] DEBUG org.asynchttpclient.netty.request.NettyRequestSender - Using open Channel [id: 0x7f6de090, L:/127.0.0.1:51474 - R:localhost/127.0.0.1:46542] for POST '/session/445e42995fdc27cb6474b60d8a61f3a3/element'
16:12:58.303 [AsyncHttpClient-1-9] DEBUG org.asynchttpclient.netty.handler.HttpHandler - 

Request DefaultHttpRequest(decodeResult: success, version: HTTP/1.1)
POST /session/445e42995fdc27cb6474b60d8a61f3a3/element HTTP/1.1
User-Agent: selenium/4.8.1 (java windows)
Content-Length: 55
Content-Type: application/json; charset=utf-8
host: localhost:46542
accept: */*

Response DefaultHttpResponse(decodeResult: success, version: HTTP/1.1)
HTTP/1.1 200 OK
Content-Length: 88
Content-Type: application/json; charset=utf-8
cache-control: no-cache

16:12:58.303 [AsyncHttpClient-1-9] DEBUG org.asynchttpclient.netty.channel.ChannelManager - Adding key: http://localhost:46542 for channel [id: 0x7f6de090, L:/127.0.0.1:51474 - R:localhost/127.0.0.1:46542]
16:12:58.304 [Forwarding clearElement on session 445e42995fdc27cb6474b60d8a61f3a3 to remote] DEBUG org.asynchttpclient.netty.request.NettyRequestSender - Using pooled Channel '[id: 0x7f6de090, L:/127.0.0.1:51474 - R:localhost/127.0.0.1:46542]' for 'POST' to 'http://localhost:46542/session/445e42995fdc27cb6474b60d8a61f3a3/element/c9e4543b-189b-4c91-bfe5-b6c8850f0050/clear'
16:12:58.304 [Forwarding clearElement on session 445e42995fdc27cb6474b60d8a61f3a3 to remote] DEBUG org.asynchttpclient.netty.request.NettyRequestSender - Using open Channel [id: 0x7f6de090, L:/127.0.0.1:51474 - R:localhost/127.0.0.1:46542] for POST '/session/445e42995fdc27cb6474b60d8a61f3a3/element/c9e4543b-189b-4c91-bfe5-b6c8850f0050/clear'
16:12:58.324 [AsyncHttpClient-1-9] DEBUG org.asynchttpclient.netty.handler.HttpHandler - 

Request DefaultHttpRequest(decodeResult: success, version: HTTP/1.1)
POST /session/445e42995fdc27cb6474b60d8a61f3a3/element/c9e4543b-189b-4c91-bfe5-b6c8850f0050/clear HTTP/1.1
User-Agent: selenium/4.8.1 (java windows)
Content-Length: 50
Content-Type: application/json; charset=utf-8
host: localhost:46542
accept: */*

Response DefaultHttpResponse(decodeResult: success, version: HTTP/1.1)
HTTP/1.1 200 OK
Content-Length: 14
Content-Type: application/json; charset=utf-8
cache-control: no-cache

16:12:58.324 [AsyncHttpClient-1-9] DEBUG org.asynchttpclient.netty.channel.ChannelManager - Adding key: http://localhost:46542 for channel [id: 0x7f6de090, L:/127.0.0.1:51474 - R:localhost/127.0.0.1:46542]
16:12:58.325 [Forwarding sendKeysToElement on session 445e42995fdc27cb6474b60d8a61f3a3 to remote] DEBUG org.asynchttpclient.netty.request.NettyRequestSender - Using pooled Channel '[id: 0x7f6de090, L:/127.0.0.1:51474 - R:localhost/127.0.0.1:46542]' for 'POST' to 'http://localhost:46542/session/445e42995fdc27cb6474b60d8a61f3a3/element/c9e4543b-189b-4c91-bfe5-b6c8850f0050/value'
16:12:58.325 [Forwarding sendKeysToElement on session 445e42995fdc27cb6474b60d8a61f3a3 to remote] DEBUG org.asynchttpclient.netty.request.NettyRequestSender - Using open Channel [id: 0x7f6de090, L:/127.0.0.1:51474 - R:localhost/127.0.0.1:46542] for POST '/session/445e42995fdc27cb6474b60d8a61f3a3/element/c9e4543b-189b-4c91-bfe5-b6c8850f0050/value'
16:12:58.408 [AsyncHttpClient-1-9] DEBUG org.asynchttpclient.netty.handler.HttpHandler - 

Request DefaultHttpRequest(decodeResult: success, version: HTTP/1.1)
POST /session/445e42995fdc27cb6474b60d8a61f3a3/element/c9e4543b-189b-4c91-bfe5-b6c8850f0050/value HTTP/1.1
User-Agent: selenium/4.8.1 (java windows)
Content-Length: 241
Content-Type: application/json; charset=utf-8
host: localhost:46542
accept: */*

Response DefaultHttpResponse(decodeResult: success, version: HTTP/1.1)
HTTP/1.1 200 OK
Content-Length: 14
Content-Type: application/json; charset=utf-8
cache-control: no-cache

16:12:58.408 [AsyncHttpClient-1-9] DEBUG org.asynchttpclient.netty.channel.ChannelManager - Adding key: http://localhost:46542 for channel [id: 0x7f6de090, L:/127.0.0.1:51474 - R:localhost/127.0.0.1:46542]
16:12:58.412 [Forwarding getAlertText on session 445e42995fdc27cb6474b60d8a61f3a3 to remote] DEBUG org.asynchttpclient.netty.request.NettyRequestSender - Using pooled Channel '[id: 0x7f6de090, L:/127.0.0.1:51474 - R:localhost/127.0.0.1:46542]' for 'GET' to 'http://localhost:46542/session/445e42995fdc27cb6474b60d8a61f3a3/alert/text'
16:12:58.412 [Forwarding getAlertText on session 445e42995fdc27cb6474b60d8a61f3a3 to remote] DEBUG org.asynchttpclient.netty.request.NettyRequestSender - Using open Channel [id: 0x7f6de090, L:/127.0.0.1:51474 - R:localhost/127.0.0.1:46542] for GET '/session/445e42995fdc27cb6474b60d8a61f3a3/alert/text'
16:12:58.413 [AsyncHttpClient-1-9] DEBUG org.asynchttpclient.netty.handler.HttpHandler - 

Request DefaultFullHttpRequest(decodeResult: success, version: HTTP/1.1, content: EmptyByteBufBE)
GET /session/445e42995fdc27cb6474b60d8a61f3a3/alert/text HTTP/1.1
User-Agent: selenium/4.8.1 (java windows)
Cache-Control: no-cache
Content-Type: application/json; charset=utf-8
host: localhost:46542
accept: */*

Response DefaultHttpResponse(decodeResult: success, version: HTTP/1.1)
HTTP/1.1 404 Not Found
Content-Length: 836
Content-Type: application/json; charset=utf-8
cache-control: no-cache

16:12:58.413 [AsyncHttpClient-1-9] DEBUG org.asynchttpclient.netty.channel.ChannelManager - Adding key: http://localhost:46542 for channel [id: 0x7f6de090, L:/127.0.0.1:51474 - R:localhost/127.0.0.1:46542]
16:12:58.413 [Forwarding getCurrentUrl on session 445e42995fdc27cb6474b60d8a61f3a3 to remote] DEBUG org.asynchttpclient.netty.request.NettyRequestSender - Using pooled Channel '[id: 0x7f6de090, L:/127.0.0.1:51474 - R:localhost/127.0.0.1:46542]' for 'GET' to 'http://localhost:46542/session/445e42995fdc27cb6474b60d8a61f3a3/url'
16:12:58.413 [Forwarding getCurrentUrl on session 445e42995fdc27cb6474b60d8a61f3a3 to remote] DEBUG org.asynchttpclient.netty.request.NettyRequestSender - Using open Channel [id: 0x7f6de090, L:/127.0.0.1:51474 - R:localhost/127.0.0.1:46542] for GET '/session/445e42995fdc27cb6474b60d8a61f3a3/url'
16:12:58.415 [AsyncHttpClient-1-9] DEBUG org.asynchttpclient.netty.handler.HttpHandler - 

Request DefaultFullHttpRequest(decodeResult: success, version: HTTP/1.1, content: EmptyByteBufBE)
GET /session/445e42995fdc27cb6474b60d8a61f3a3/url HTTP/1.1
User-Agent: selenium/4.8.1 (java windows)
Cache-Control: no-cache
Content-Type: application/json; charset=utf-8
host: localhost:46542
accept: */*

Response DefaultHttpResponse(decodeResult: success, version: HTTP/1.1)
HTTP/1.1 200 OK
Content-Length: 51
Content-Type: application/json; charset=utf-8
cache-control: no-cache

16:12:58.415 [AsyncHttpClient-1-9] DEBUG org.asynchttpclient.netty.channel.ChannelManager - Adding key: http://localhost:46542 for channel [id: 0x7f6de090, L:/127.0.0.1:51474 - R:localhost/127.0.0.1:46542]
16:12:58.415 [Forwarding screenshot on session 445e42995fdc27cb6474b60d8a61f3a3 to remote] DEBUG org.asynchttpclient.netty.request.NettyRequestSender - Using pooled Channel '[id: 0x7f6de090, L:/127.0.0.1:51474 - R:localhost/127.0.0.1:46542]' for 'GET' to 'http://localhost:46542/session/445e42995fdc27cb6474b60d8a61f3a3/screenshot'
16:12:58.415 [Forwarding screenshot on session 445e42995fdc27cb6474b60d8a61f3a3 to remote] DEBUG org.asynchttpclient.netty.request.NettyRequestSender - Using open Channel [id: 0x7f6de090, L:/127.0.0.1:51474 - R:localhost/127.0.0.1:46542] for GET '/session/445e42995fdc27cb6474b60d8a61f3a3/screenshot'
16:12:58.515 [AsyncHttpClient-1-9] DEBUG org.asynchttpclient.netty.handler.HttpHandler - 

Request DefaultFullHttpRequest(decodeResult: success, version: HTTP/1.1, content: EmptyByteBufBE)
GET /session/445e42995fdc27cb6474b60d8a61f3a3/screenshot HTTP/1.1
User-Agent: selenium/4.8.1 (java windows)
Cache-Control: no-cache
Content-Type: application/json; charset=utf-8
host: localhost:46542
accept: */*

Response DefaultHttpResponse(decodeResult: success, version: HTTP/1.1)
HTTP/1.1 200 OK
Content-Length: 30096
Content-Type: application/json; charset=utf-8
cache-control: no-cache

16:12:58.515 [AsyncHttpClient-1-9] DEBUG org.asynchttpclient.netty.channel.ChannelManager - Adding key: http://localhost:46542 for channel [id: 0x7f6de090, L:/127.0.0.1:51474 - R:localhost/127.0.0.1:46542]
16:12:58.516 [main] DEBUG net.serenitybdd.core.photography.Darkroom - Send negative for processing for target\site\serenity\d53de387e0fa4ba58593a6e9392b206e93460db164f6188c5367aef3f9058070.png
16:12:58.516 [main] DEBUG net.thucydides.core.steps.StepInterceptor - STEP DONE: inputEmail
16:12:58.516 [Darkroom Processing Line] DEBUG net.serenitybdd.core.photography.DarkroomProcessingLine - Processing screenshot image in /var/screenshots/screenshot-13813467720934790636
16:12:58.516 [Darkroom Processing Line] DEBUG net.serenitybdd.core.photography.DarkroomProcessingLine - Saving screenshot to target\site\serenity\d53de387e0fa4ba58593a6e9392b206e93460db164f6188c5367aef3f9058070.png
16:12:58.520 [Forwarding getPageSource on session 445e42995fdc27cb6474b60d8a61f3a3 to remote] DEBUG org.asynchttpclient.netty.request.NettyRequestSender - Using pooled Channel '[id: 0x7f6de090, L:/127.0.0.1:51474 - R:localhost/127.0.0.1:46542]' for 'POST' to 'http://localhost:46542/session/445e42995fdc27cb6474b60d8a61f3a3/execute/sync'
16:12:58.520 [Forwarding getPageSource on session 445e42995fdc27cb6474b60d8a61f3a3 to remote] DEBUG org.asynchttpclient.netty.request.NettyRequestSender - Using open Channel [id: 0x7f6de090, L:/127.0.0.1:51474 - R:localhost/127.0.0.1:46542] for POST '/session/445e42995fdc27cb6474b60d8a61f3a3/execute/sync'
16:12:58.525 [AsyncHttpClient-1-9] DEBUG org.asynchttpclient.netty.handler.HttpHandler - 

Request DefaultHttpRequest(decodeResult: success, version: HTTP/1.1)
POST /session/445e42995fdc27cb6474b60d8a61f3a3/execute/sync HTTP/1.1
User-Agent: selenium/4.8.1 (java windows)
Content-Length: 176
Content-Type: application/json; charset=utf-8
host: localhost:46542
accept: */*

Response DefaultHttpResponse(decodeResult: success, version: HTTP/1.1)
HTTP/1.1 200 OK
Content-Length: 21780
Content-Type: application/json; charset=utf-8
cache-control: no-cache

16:12:58.525 [AsyncHttpClient-1-9] DEBUG org.asynchttpclient.netty.channel.ChannelManager - Adding key: http://localhost:46542 for channel [id: 0x7f6de090, L:/127.0.0.1:51474 - R:localhost/127.0.0.1:46542]
16:12:58.526 [Forwarding getCurrentUrl on session 445e42995fdc27cb6474b60d8a61f3a3 to remote] DEBUG org.asynchttpclient.netty.request.NettyRequestSender - Using pooled Channel '[id: 0x7f6de090, L:/127.0.0.1:51474 - R:localhost/127.0.0.1:46542]' for 'GET' to 'http://localhost:46542/session/445e42995fdc27cb6474b60d8a61f3a3/url'
16:12:58.526 [Forwarding getCurrentUrl on session 445e42995fdc27cb6474b60d8a61f3a3 to remote] DEBUG org.asynchttpclient.netty.request.NettyRequestSender - Using open Channel [id: 0x7f6de090, L:/127.0.0.1:51474 - R:localhost/127.0.0.1:46542] for GET '/session/445e42995fdc27cb6474b60d8a61f3a3/url'
16:12:58.531 [AsyncHttpClient-1-9] DEBUG org.asynchttpclient.netty.handler.HttpHandler - 

Request DefaultFullHttpRequest(decodeResult: success, version: HTTP/1.1, content: EmptyByteBufBE)
GET /session/445e42995fdc27cb6474b60d8a61f3a3/url HTTP/1.1
User-Agent: selenium/4.8.1 (java windows)
Cache-Control: no-cache
Content-Type: application/json; charset=utf-8
host: localhost:46542
accept: */*

Response DefaultHttpResponse(decodeResult: success, version: HTTP/1.1)
HTTP/1.1 200 OK
Content-Length: 51
Content-Type: application/json; charset=utf-8
cache-control: no-cache

16:12:58.531 [AsyncHttpClient-1-9] DEBUG org.asynchttpclient.netty.channel.ChannelManager - Adding key: http://localhost:46542 for channel [id: 0x7f6de090, L:/127.0.0.1:51474 - R:localhost/127.0.0.1:46542]
16:12:58.533 [main] DEBUG net.thucydides.core.steps.StepInterceptor - STARTING STEP: ProductSteps.onTheHomePage - inputPassword
16:12:58.534 [Forwarding findElement on session 445e42995fdc27cb6474b60d8a61f3a3 to remote] DEBUG org.asynchttpclient.netty.request.NettyRequestSender - Using pooled Channel '[id: 0x7f6de090, L:/127.0.0.1:51474 - R:localhost/127.0.0.1:46542]' for 'POST' to 'http://localhost:46542/session/445e42995fdc27cb6474b60d8a61f3a3/element'
16:12:58.534 [Forwarding findElement on session 445e42995fdc27cb6474b60d8a61f3a3 to remote] DEBUG org.asynchttpclient.netty.request.NettyRequestSender - Using open Channel [id: 0x7f6de090, L:/127.0.0.1:51474 - R:localhost/127.0.0.1:46542] for POST '/session/445e42995fdc27cb6474b60d8a61f3a3/element'
16:12:58.547 [AsyncHttpClient-1-9] DEBUG org.asynchttpclient.netty.handler.HttpHandler - 

Request DefaultHttpRequest(decodeResult: success, version: HTTP/1.1)
POST /session/445e42995fdc27cb6474b60d8a61f3a3/element HTTP/1.1
User-Agent: selenium/4.8.1 (java windows)
Content-Length: 55
Content-Type: application/json; charset=utf-8
host: localhost:46542
accept: */*

Response DefaultHttpResponse(decodeResult: success, version: HTTP/1.1)
HTTP/1.1 200 OK
Content-Length: 88
Content-Type: application/json; charset=utf-8
cache-control: no-cache

16:12:58.547 [AsyncHttpClient-1-9] DEBUG org.asynchttpclient.netty.channel.ChannelManager - Adding key: http://localhost:46542 for channel [id: 0x7f6de090, L:/127.0.0.1:51474 - R:localhost/127.0.0.1:46542]
16:12:58.548 [Forwarding clearElement on session 445e42995fdc27cb6474b60d8a61f3a3 to remote] DEBUG org.asynchttpclient.netty.request.NettyRequestSender - Using pooled Channel '[id: 0x7f6de090, L:/127.0.0.1:51474 - R:localhost/127.0.0.1:46542]' for 'POST' to 'http://localhost:46542/session/445e42995fdc27cb6474b60d8a61f3a3/element/d0a1e7d1-a266-4256-add1-7cab75741d6c/clear'
16:12:58.548 [Forwarding clearElement on session 445e42995fdc27cb6474b60d8a61f3a3 to remote] DEBUG org.asynchttpclient.netty.request.NettyRequestSender - Using open Channel [id: 0x7f6de090, L:/127.0.0.1:51474 - R:localhost/127.0.0.1:46542] for POST '/session/445e42995fdc27cb6474b60d8a61f3a3/element/d0a1e7d1-a266-4256-add1-7cab75741d6c/clear'
16:12:58.584 [AsyncHttpClient-1-9] DEBUG org.asynchttpclient.netty.handler.HttpHandler - 

Request DefaultHttpRequest(decodeResult: success, version: HTTP/1.1)
POST /session/445e42995fdc27cb6474b60d8a61f3a3/element/d0a1e7d1-a266-4256-add1-7cab75741d6c/clear HTTP/1.1
User-Agent: selenium/4.8.1 (java windows)
Content-Length: 50
Content-Type: application/json; charset=utf-8
host: localhost:46542
accept: */*

Response DefaultHttpResponse(decodeResult: success, version: HTTP/1.1)
HTTP/1.1 200 OK
Content-Length: 14
Content-Type: application/json; charset=utf-8
cache-control: no-cache

16:12:58.584 [AsyncHttpClient-1-9] DEBUG org.asynchttpclient.netty.channel.ChannelManager - Adding key: http://localhost:46542 for channel [id: 0x7f6de090, L:/127.0.0.1:51474 - R:localhost/127.0.0.1:46542]
16:12:58.586 [Forwarding sendKeysToElement on session 445e42995fdc27cb6474b60d8a61f3a3 to remote] DEBUG org.asynchttpclient.netty.request.NettyRequestSender - Using pooled Channel '[id: 0x7f6de090, L:/127.0.0.1:51474 - R:localhost/127.0.0.1:46542]' for 'POST' to 'http://localhost:46542/session/445e42995fdc27cb6474b60d8a61f3a3/element/d0a1e7d1-a266-4256-add1-7cab75741d6c/value'
16:12:58.586 [Forwarding sendKeysToElement on session 445e42995fdc27cb6474b60d8a61f3a3 to remote] DEBUG org.asynchttpclient.netty.request.NettyRequestSender - Using open Channel [id: 0x7f6de090, L:/127.0.0.1:51474 - R:localhost/127.0.0.1:46542] for POST '/session/445e42995fdc27cb6474b60d8a61f3a3/element/d0a1e7d1-a266-4256-add1-7cab75741d6c/value'
16:12:58.643 [AsyncHttpClient-1-9] DEBUG org.asynchttpclient.netty.handler.HttpHandler - 

Request DefaultHttpRequest(decodeResult: success, version: HTTP/1.1)
POST /session/445e42995fdc27cb6474b60d8a61f3a3/element/d0a1e7d1-a266-4256-add1-7cab75741d6c/value HTTP/1.1
User-Agent: selenium/4.8.1 (java windows)
Content-Length: 141
Content-Type: application/json; charset=utf-8
host: localhost:46542
accept: */*

Response DefaultHttpResponse(decodeResult: success, version: HTTP/1.1)
HTTP/1.1 200 OK
Content-Length: 14
Content-Type: application/json; charset=utf-8
cache-control: no-cache

16:12:58.643 [AsyncHttpClient-1-9] DEBUG org.asynchttpclient.netty.channel.ChannelManager - Adding key: http://localhost:46542 for channel [id: 0x7f6de090, L:/127.0.0.1:51474 - R:localhost/127.0.0.1:46542]
16:12:58.647 [Forwarding getAlertText on session 445e42995fdc27cb6474b60d8a61f3a3 to remote] DEBUG org.asynchttpclient.netty.request.NettyRequestSender - Using pooled Channel '[id: 0x7f6de090, L:/127.0.0.1:51474 - R:localhost/127.0.0.1:46542]' for 'GET' to 'http://localhost:46542/session/445e42995fdc27cb6474b60d8a61f3a3/alert/text'
16:12:58.647 [Forwarding getAlertText on session 445e42995fdc27cb6474b60d8a61f3a3 to remote] DEBUG org.asynchttpclient.netty.request.NettyRequestSender - Using open Channel [id: 0x7f6de090, L:/127.0.0.1:51474 - R:localhost/127.0.0.1:46542] for GET '/session/445e42995fdc27cb6474b60d8a61f3a3/alert/text'
16:12:58.648 [AsyncHttpClient-1-9] DEBUG org.asynchttpclient.netty.handler.HttpHandler - 

Request DefaultFullHttpRequest(decodeResult: success, version: HTTP/1.1, content: EmptyByteBufBE)
GET /session/445e42995fdc27cb6474b60d8a61f3a3/alert/text HTTP/1.1
User-Agent: selenium/4.8.1 (java windows)
Cache-Control: no-cache
Content-Type: application/json; charset=utf-8
host: localhost:46542
accept: */*

Response DefaultHttpResponse(decodeResult: success, version: HTTP/1.1)
HTTP/1.1 404 Not Found
Content-Length: 836
Content-Type: application/json; charset=utf-8
cache-control: no-cache

16:12:58.648 [AsyncHttpClient-1-9] DEBUG org.asynchttpclient.netty.channel.ChannelManager - Adding key: http://localhost:46542 for channel [id: 0x7f6de090, L:/127.0.0.1:51474 - R:localhost/127.0.0.1:46542]
16:12:58.649 [Forwarding getCurrentUrl on session 445e42995fdc27cb6474b60d8a61f3a3 to remote] DEBUG org.asynchttpclient.netty.request.NettyRequestSender - Using pooled Channel '[id: 0x7f6de090, L:/127.0.0.1:51474 - R:localhost/127.0.0.1:46542]' for 'GET' to 'http://localhost:46542/session/445e42995fdc27cb6474b60d8a61f3a3/url'
16:12:58.649 [Forwarding getCurrentUrl on session 445e42995fdc27cb6474b60d8a61f3a3 to remote] DEBUG org.asynchttpclient.netty.request.NettyRequestSender - Using open Channel [id: 0x7f6de090, L:/127.0.0.1:51474 - R:localhost/127.0.0.1:46542] for GET '/session/445e42995fdc27cb6474b60d8a61f3a3/url'
16:12:58.651 [AsyncHttpClient-1-9] DEBUG org.asynchttpclient.netty.handler.HttpHandler - 

Request DefaultFullHttpRequest(decodeResult: success, version: HTTP/1.1, content: EmptyByteBufBE)
GET /session/445e42995fdc27cb6474b60d8a61f3a3/url HTTP/1.1
User-Agent: selenium/4.8.1 (java windows)
Cache-Control: no-cache
Content-Type: application/json; charset=utf-8
host: localhost:46542
accept: */*

Response DefaultHttpResponse(decodeResult: success, version: HTTP/1.1)
HTTP/1.1 200 OK
Content-Length: 51
Content-Type: application/json; charset=utf-8
cache-control: no-cache

16:12:58.651 [AsyncHttpClient-1-9] DEBUG org.asynchttpclient.netty.channel.ChannelManager - Adding key: http://localhost:46542 for channel [id: 0x7f6de090, L:/127.0.0.1:51474 - R:localhost/127.0.0.1:46542]
16:12:58.651 [Forwarding screenshot on session 445e42995fdc27cb6474b60d8a61f3a3 to remote] DEBUG org.asynchttpclient.netty.request.NettyRequestSender - Using pooled Channel '[id: 0x7f6de090, L:/127.0.0.1:51474 - R:localhost/127.0.0.1:46542]' for 'GET' to 'http://localhost:46542/session/445e42995fdc27cb6474b60d8a61f3a3/screenshot'
16:12:58.651 [Forwarding screenshot on session 445e42995fdc27cb6474b60d8a61f3a3 to remote] DEBUG org.asynchttpclient.netty.request.NettyRequestSender - Using open Channel [id: 0x7f6de090, L:/127.0.0.1:51474 - R:localhost/127.0.0.1:46542] for GET '/session/445e42995fdc27cb6474b60d8a61f3a3/screenshot'
16:12:58.744 [AsyncHttpClient-1-9] DEBUG org.asynchttpclient.netty.handler.HttpHandler - 

Request DefaultFullHttpRequest(decodeResult: success, version: HTTP/1.1, content: EmptyByteBufBE)
GET /session/445e42995fdc27cb6474b60d8a61f3a3/screenshot HTTP/1.1
User-Agent: selenium/4.8.1 (java windows)
Cache-Control: no-cache
Content-Type: application/json; charset=utf-8
host: localhost:46542
accept: */*

Response DefaultHttpResponse(decodeResult: success, version: HTTP/1.1)
HTTP/1.1 200 OK
Content-Length: 30948
Content-Type: application/json; charset=utf-8
cache-control: no-cache

16:12:58.745 [AsyncHttpClient-1-9] DEBUG org.asynchttpclient.netty.channel.ChannelManager - Adding key: http://localhost:46542 for channel [id: 0x7f6de090, L:/127.0.0.1:51474 - R:localhost/127.0.0.1:46542]
16:12:58.745 [main] DEBUG net.serenitybdd.core.photography.Darkroom - Send negative for processing for target\site\serenity\2ee23c795dd617b2fb2b066dddc24ed465d8411d215c99bb8bc26ae23f63059a.png
16:12:58.745 [main] DEBUG net.thucydides.core.steps.StepInterceptor - STEP DONE: inputPassword
16:12:58.746 [Darkroom Processing Line] DEBUG net.serenitybdd.core.photography.DarkroomProcessingLine - Processing screenshot image in /var/screenshots/screenshot-250323993438485494
16:12:58.746 [Darkroom Processing Line] DEBUG net.serenitybdd.core.photography.DarkroomProcessingLine - Saving screenshot to target\site\serenity\2ee23c795dd617b2fb2b066dddc24ed465d8411d215c99bb8bc26ae23f63059a.png
16:12:58.749 [Forwarding getPageSource on session 445e42995fdc27cb6474b60d8a61f3a3 to remote] DEBUG org.asynchttpclient.netty.request.NettyRequestSender - Using pooled Channel '[id: 0x7f6de090, L:/127.0.0.1:51474 - R:localhost/127.0.0.1:46542]' for 'POST' to 'http://localhost:46542/session/445e42995fdc27cb6474b60d8a61f3a3/execute/sync'
16:12:58.749 [Forwarding getPageSource on session 445e42995fdc27cb6474b60d8a61f3a3 to remote] DEBUG org.asynchttpclient.netty.request.NettyRequestSender - Using open Channel [id: 0x7f6de090, L:/127.0.0.1:51474 - R:localhost/127.0.0.1:46542] for POST '/session/445e42995fdc27cb6474b60d8a61f3a3/execute/sync'
16:12:58.753 [AsyncHttpClient-1-9] DEBUG org.asynchttpclient.netty.handler.HttpHandler - 

Request DefaultHttpRequest(decodeResult: success, version: HTTP/1.1)
POST /session/445e42995fdc27cb6474b60d8a61f3a3/execute/sync HTTP/1.1
User-Agent: selenium/4.8.1 (java windows)
Content-Length: 176
Content-Type: application/json; charset=utf-8
host: localhost:46542
accept: */*

Response DefaultHttpResponse(decodeResult: success, version: HTTP/1.1)
HTTP/1.1 200 OK
Content-Length: 21839
Content-Type: application/json; charset=utf-8
cache-control: no-cache

16:12:58.753 [AsyncHttpClient-1-9] DEBUG org.asynchttpclient.netty.channel.ChannelManager - Adding key: http://localhost:46542 for channel [id: 0x7f6de090, L:/127.0.0.1:51474 - R:localhost/127.0.0.1:46542]
16:12:58.754 [Forwarding getCurrentUrl on session 445e42995fdc27cb6474b60d8a61f3a3 to remote] DEBUG org.asynchttpclient.netty.request.NettyRequestSender - Using pooled Channel '[id: 0x7f6de090, L:/127.0.0.1:51474 - R:localhost/127.0.0.1:46542]' for 'GET' to 'http://localhost:46542/session/445e42995fdc27cb6474b60d8a61f3a3/url'
16:12:58.754 [Forwarding getCurrentUrl on session 445e42995fdc27cb6474b60d8a61f3a3 to remote] DEBUG org.asynchttpclient.netty.request.NettyRequestSender - Using open Channel [id: 0x7f6de090, L:/127.0.0.1:51474 - R:localhost/127.0.0.1:46542] for GET '/session/445e42995fdc27cb6474b60d8a61f3a3/url'
16:12:58.758 [AsyncHttpClient-1-9] DEBUG org.asynchttpclient.netty.handler.HttpHandler - 

Request DefaultFullHttpRequest(decodeResult: success, version: HTTP/1.1, content: EmptyByteBufBE)
GET /session/445e42995fdc27cb6474b60d8a61f3a3/url HTTP/1.1
User-Agent: selenium/4.8.1 (java windows)
Cache-Control: no-cache
Content-Type: application/json; charset=utf-8
host: localhost:46542
accept: */*

Response DefaultHttpResponse(decodeResult: success, version: HTTP/1.1)
HTTP/1.1 200 OK
Content-Length: 51
Content-Type: application/json; charset=utf-8
cache-control: no-cache

16:12:58.758 [AsyncHttpClient-1-9] DEBUG org.asynchttpclient.netty.channel.ChannelManager - Adding key: http://localhost:46542 for channel [id: 0x7f6de090, L:/127.0.0.1:51474 - R:localhost/127.0.0.1:46542]
16:12:58.759 [main] DEBUG net.thucydides.core.steps.StepInterceptor - STARTING STEP: ProductSteps.onTheHomePage - clickLoginButton
16:12:58.760 [Forwarding findElement on session 445e42995fdc27cb6474b60d8a61f3a3 to remote] DEBUG org.asynchttpclient.netty.request.NettyRequestSender - Using pooled Channel '[id: 0x7f6de090, L:/127.0.0.1:51474 - R:localhost/127.0.0.1:46542]' for 'POST' to 'http://localhost:46542/session/445e42995fdc27cb6474b60d8a61f3a3/element'
16:12:58.761 [Forwarding findElement on session 445e42995fdc27cb6474b60d8a61f3a3 to remote] DEBUG org.asynchttpclient.netty.request.NettyRequestSender - Using open Channel [id: 0x7f6de090, L:/127.0.0.1:51474 - R:localhost/127.0.0.1:46542] for POST '/session/445e42995fdc27cb6474b60d8a61f3a3/element'
16:12:58.764 [AsyncHttpClient-1-1] DEBUG org.asynchttpclient.netty.channel.DefaultChannelPool - Entry count for : http://localhost:51475 : 1
16:12:58.768 [AsyncHttpClient-1-9] DEBUG org.asynchttpclient.netty.handler.HttpHandler - 

Request DefaultHttpRequest(decodeResult: success, version: HTTP/1.1)
POST /session/445e42995fdc27cb6474b60d8a61f3a3/element HTTP/1.1
User-Agent: selenium/4.8.1 (java windows)
Content-Length: 71
Content-Type: application/json; charset=utf-8
host: localhost:46542
accept: */*

Response DefaultHttpResponse(decodeResult: success, version: HTTP/1.1)
HTTP/1.1 200 OK
Content-Length: 88
Content-Type: application/json; charset=utf-8
cache-control: no-cache

16:12:58.768 [AsyncHttpClient-1-9] DEBUG org.asynchttpclient.netty.channel.ChannelManager - Adding key: http://localhost:46542 for channel [id: 0x7f6de090, L:/127.0.0.1:51474 - R:localhost/127.0.0.1:46542]
16:12:58.769 [Forwarding getElementTagName on session 445e42995fdc27cb6474b60d8a61f3a3 to remote] DEBUG org.asynchttpclient.netty.request.NettyRequestSender - Using pooled Channel '[id: 0x7f6de090, L:/127.0.0.1:51474 - R:localhost/127.0.0.1:46542]' for 'GET' to 'http://localhost:46542/session/445e42995fdc27cb6474b60d8a61f3a3/element/4b3a71a2-3719-41b9-8312-d476c598b07c/name'
16:12:58.769 [Forwarding getElementTagName on session 445e42995fdc27cb6474b60d8a61f3a3 to remote] DEBUG org.asynchttpclient.netty.request.NettyRequestSender - Using open Channel [id: 0x7f6de090, L:/127.0.0.1:51474 - R:localhost/127.0.0.1:46542] for GET '/session/445e42995fdc27cb6474b60d8a61f3a3/element/4b3a71a2-3719-41b9-8312-d476c598b07c/name'
16:12:58.772 [AsyncHttpClient-1-9] DEBUG org.asynchttpclient.netty.handler.HttpHandler - 

Request DefaultFullHttpRequest(decodeResult: success, version: HTTP/1.1, content: EmptyByteBufBE)
GET /session/445e42995fdc27cb6474b60d8a61f3a3/element/4b3a71a2-3719-41b9-8312-d476c598b07c/name HTTP/1.1
User-Agent: selenium/4.8.1 (java windows)
Cache-Control: no-cache
Content-Type: application/json; charset=utf-8
host: localhost:46542
accept: */*

Response DefaultHttpResponse(decodeResult: success, version: HTTP/1.1)
HTTP/1.1 200 OK
Content-Length: 18
Content-Type: application/json; charset=utf-8
cache-control: no-cache

16:12:58.772 [AsyncHttpClient-1-9] DEBUG org.asynchttpclient.netty.channel.ChannelManager - Adding key: http://localhost:46542 for channel [id: 0x7f6de090, L:/127.0.0.1:51474 - R:localhost/127.0.0.1:46542]
16:12:58.773 [Forwarding getElementTagName on session 445e42995fdc27cb6474b60d8a61f3a3 to remote] DEBUG org.asynchttpclient.netty.request.NettyRequestSender - Using pooled Channel '[id: 0x7f6de090, L:/127.0.0.1:51474 - R:localhost/127.0.0.1:46542]' for 'GET' to 'http://localhost:46542/session/445e42995fdc27cb6474b60d8a61f3a3/element/4b3a71a2-3719-41b9-8312-d476c598b07c/name'
16:12:58.773 [Forwarding getElementTagName on session 445e42995fdc27cb6474b60d8a61f3a3 to remote] DEBUG org.asynchttpclient.netty.request.NettyRequestSender - Using open Channel [id: 0x7f6de090, L:/127.0.0.1:51474 - R:localhost/127.0.0.1:46542] for GET '/session/445e42995fdc27cb6474b60d8a61f3a3/element/4b3a71a2-3719-41b9-8312-d476c598b07c/name'
16:12:58.775 [AsyncHttpClient-1-9] DEBUG org.asynchttpclient.netty.handler.HttpHandler - 

Request DefaultFullHttpRequest(decodeResult: success, version: HTTP/1.1, content: EmptyByteBufBE)
GET /session/445e42995fdc27cb6474b60d8a61f3a3/element/4b3a71a2-3719-41b9-8312-d476c598b07c/name HTTP/1.1
User-Agent: selenium/4.8.1 (java windows)
Cache-Control: no-cache
Content-Type: application/json; charset=utf-8
host: localhost:46542
accept: */*

Response DefaultHttpResponse(decodeResult: success, version: HTTP/1.1)
HTTP/1.1 200 OK
Content-Length: 18
Content-Type: application/json; charset=utf-8
cache-control: no-cache

16:12:58.775 [AsyncHttpClient-1-9] DEBUG org.asynchttpclient.netty.channel.ChannelManager - Adding key: http://localhost:46542 for channel [id: 0x7f6de090, L:/127.0.0.1:51474 - R:localhost/127.0.0.1:46542]
16:12:58.776 [Forwarding isElementEnabled on session 445e42995fdc27cb6474b60d8a61f3a3 to remote] DEBUG org.asynchttpclient.netty.request.NettyRequestSender - Using pooled Channel '[id: 0x7f6de090, L:/127.0.0.1:51474 - R:localhost/127.0.0.1:46542]' for 'GET' to 'http://localhost:46542/session/445e42995fdc27cb6474b60d8a61f3a3/element/4b3a71a2-3719-41b9-8312-d476c598b07c/enabled'
16:12:58.776 [Forwarding isElementEnabled on session 445e42995fdc27cb6474b60d8a61f3a3 to remote] DEBUG org.asynchttpclient.netty.request.NettyRequestSender - Using open Channel [id: 0x7f6de090, L:/127.0.0.1:51474 - R:localhost/127.0.0.1:46542] for GET '/session/445e42995fdc27cb6474b60d8a61f3a3/element/4b3a71a2-3719-41b9-8312-d476c598b07c/enabled'
16:12:58.782 [AsyncHttpClient-1-9] DEBUG org.asynchttpclient.netty.handler.HttpHandler - 

Request DefaultFullHttpRequest(decodeResult: success, version: HTTP/1.1, content: EmptyByteBufBE)
GET /session/445e42995fdc27cb6474b60d8a61f3a3/element/4b3a71a2-3719-41b9-8312-d476c598b07c/enabled HTTP/1.1
User-Agent: selenium/4.8.1 (java windows)
Cache-Control: no-cache
Content-Type: application/json; charset=utf-8
host: localhost:46542
accept: */*

Response DefaultHttpResponse(decodeResult: success, version: HTTP/1.1)
HTTP/1.1 200 OK
Content-Length: 14
Content-Type: application/json; charset=utf-8
cache-control: no-cache

16:12:58.783 [AsyncHttpClient-1-9] DEBUG org.asynchttpclient.netty.channel.ChannelManager - Adding key: http://localhost:46542 for channel [id: 0x7f6de090, L:/127.0.0.1:51474 - R:localhost/127.0.0.1:46542]
16:12:58.783 [Forwarding isElementEnabled on session 445e42995fdc27cb6474b60d8a61f3a3 to remote] DEBUG org.asynchttpclient.netty.request.NettyRequestSender - Using pooled Channel '[id: 0x7f6de090, L:/127.0.0.1:51474 - R:localhost/127.0.0.1:46542]' for 'GET' to 'http://localhost:46542/session/445e42995fdc27cb6474b60d8a61f3a3/element/4b3a71a2-3719-41b9-8312-d476c598b07c/enabled'
16:12:58.783 [Forwarding isElementEnabled on session 445e42995fdc27cb6474b60d8a61f3a3 to remote] DEBUG org.asynchttpclient.netty.request.NettyRequestSender - Using open Channel [id: 0x7f6de090, L:/127.0.0.1:51474 - R:localhost/127.0.0.1:46542] for GET '/session/445e42995fdc27cb6474b60d8a61f3a3/element/4b3a71a2-3719-41b9-8312-d476c598b07c/enabled'
16:12:58.788 [AsyncHttpClient-1-9] DEBUG org.asynchttpclient.netty.handler.HttpHandler - 

Request DefaultFullHttpRequest(decodeResult: success, version: HTTP/1.1, content: EmptyByteBufBE)
GET /session/445e42995fdc27cb6474b60d8a61f3a3/element/4b3a71a2-3719-41b9-8312-d476c598b07c/enabled HTTP/1.1
User-Agent: selenium/4.8.1 (java windows)
Cache-Control: no-cache
Content-Type: application/json; charset=utf-8
host: localhost:46542
accept: */*

Response DefaultHttpResponse(decodeResult: success, version: HTTP/1.1)
HTTP/1.1 200 OK
Content-Length: 14
Content-Type: application/json; charset=utf-8
cache-control: no-cache

16:12:58.788 [AsyncHttpClient-1-9] DEBUG org.asynchttpclient.netty.channel.ChannelManager - Adding key: http://localhost:46542 for channel [id: 0x7f6de090, L:/127.0.0.1:51474 - R:localhost/127.0.0.1:46542]
16:12:58.789 [Forwarding findElement on session 445e42995fdc27cb6474b60d8a61f3a3 to remote] DEBUG org.asynchttpclient.netty.request.NettyRequestSender - Using pooled Channel '[id: 0x7f6de090, L:/127.0.0.1:51474 - R:localhost/127.0.0.1:46542]' for 'POST' to 'http://localhost:46542/session/445e42995fdc27cb6474b60d8a61f3a3/element'
16:12:58.789 [Forwarding findElement on session 445e42995fdc27cb6474b60d8a61f3a3 to remote] DEBUG org.asynchttpclient.netty.request.NettyRequestSender - Using open Channel [id: 0x7f6de090, L:/127.0.0.1:51474 - R:localhost/127.0.0.1:46542] for POST '/session/445e42995fdc27cb6474b60d8a61f3a3/element'
16:12:58.795 [AsyncHttpClient-1-9] DEBUG org.asynchttpclient.netty.handler.HttpHandler - 

Request DefaultHttpRequest(decodeResult: success, version: HTTP/1.1)
POST /session/445e42995fdc27cb6474b60d8a61f3a3/element HTTP/1.1
User-Agent: selenium/4.8.1 (java windows)
Content-Length: 71
Content-Type: application/json; charset=utf-8
host: localhost:46542
accept: */*

Response DefaultHttpResponse(decodeResult: success, version: HTTP/1.1)
HTTP/1.1 200 OK
Content-Length: 88
Content-Type: application/json; charset=utf-8
cache-control: no-cache

16:12:58.795 [AsyncHttpClient-1-9] DEBUG org.asynchttpclient.netty.channel.ChannelManager - Adding key: http://localhost:46542 for channel [id: 0x7f6de090, L:/127.0.0.1:51474 - R:localhost/127.0.0.1:46542]
16:12:58.796 [Forwarding clickElement on session 445e42995fdc27cb6474b60d8a61f3a3 to remote] DEBUG org.asynchttpclient.netty.request.NettyRequestSender - Using pooled Channel '[id: 0x7f6de090, L:/127.0.0.1:51474 - R:localhost/127.0.0.1:46542]' for 'POST' to 'http://localhost:46542/session/445e42995fdc27cb6474b60d8a61f3a3/element/4b3a71a2-3719-41b9-8312-d476c598b07c/click'
16:12:58.796 [Forwarding clickElement on session 445e42995fdc27cb6474b60d8a61f3a3 to remote] DEBUG org.asynchttpclient.netty.request.NettyRequestSender - Using open Channel [id: 0x7f6de090, L:/127.0.0.1:51474 - R:localhost/127.0.0.1:46542] for POST '/session/445e42995fdc27cb6474b60d8a61f3a3/element/4b3a71a2-3719-41b9-8312-d476c598b07c/click'
16:12:58.834 [AsyncHttpClient-1-9] DEBUG org.asynchttpclient.netty.handler.HttpHandler - 

Request DefaultHttpRequest(decodeResult: success, version: HTTP/1.1)
POST /session/445e42995fdc27cb6474b60d8a61f3a3/element/4b3a71a2-3719-41b9-8312-d476c598b07c/click HTTP/1.1
User-Agent: selenium/4.8.1 (java windows)
Content-Length: 50
Content-Type: application/json; charset=utf-8
host: localhost:46542
accept: */*

Response DefaultHttpResponse(decodeResult: success, version: HTTP/1.1)
HTTP/1.1 200 OK
Content-Length: 14
Content-Type: application/json; charset=utf-8
cache-control: no-cache

16:12:58.834 [AsyncHttpClient-1-9] DEBUG org.asynchttpclient.netty.channel.ChannelManager - Adding key: http://localhost:46542 for channel [id: 0x7f6de090, L:/127.0.0.1:51474 - R:localhost/127.0.0.1:46542]
16:12:58.837 [Forwarding getAlertText on session 445e42995fdc27cb6474b60d8a61f3a3 to remote] DEBUG org.asynchttpclient.netty.request.NettyRequestSender - Using pooled Channel '[id: 0x7f6de090, L:/127.0.0.1:51474 - R:localhost/127.0.0.1:46542]' for 'GET' to 'http://localhost:46542/session/445e42995fdc27cb6474b60d8a61f3a3/alert/text'
16:12:58.838 [Forwarding getAlertText on session 445e42995fdc27cb6474b60d8a61f3a3 to remote] DEBUG org.asynchttpclient.netty.request.NettyRequestSender - Using open Channel [id: 0x7f6de090, L:/127.0.0.1:51474 - R:localhost/127.0.0.1:46542] for GET '/session/445e42995fdc27cb6474b60d8a61f3a3/alert/text'
16:12:58.839 [AsyncHttpClient-1-9] DEBUG org.asynchttpclient.netty.handler.HttpHandler - 

Request DefaultFullHttpRequest(decodeResult: success, version: HTTP/1.1, content: EmptyByteBufBE)
GET /session/445e42995fdc27cb6474b60d8a61f3a3/alert/text HTTP/1.1
User-Agent: selenium/4.8.1 (java windows)
Cache-Control: no-cache
Content-Type: application/json; charset=utf-8
host: localhost:46542
accept: */*

Response DefaultHttpResponse(decodeResult: success, version: HTTP/1.1)
HTTP/1.1 404 Not Found
Content-Length: 836
Content-Type: application/json; charset=utf-8
cache-control: no-cache

16:12:58.839 [AsyncHttpClient-1-9] DEBUG org.asynchttpclient.netty.channel.ChannelManager - Adding key: http://localhost:46542 for channel [id: 0x7f6de090, L:/127.0.0.1:51474 - R:localhost/127.0.0.1:46542]
16:12:58.839 [Forwarding getCurrentUrl on session 445e42995fdc27cb6474b60d8a61f3a3 to remote] DEBUG org.asynchttpclient.netty.request.NettyRequestSender - Using pooled Channel '[id: 0x7f6de090, L:/127.0.0.1:51474 - R:localhost/127.0.0.1:46542]' for 'GET' to 'http://localhost:46542/session/445e42995fdc27cb6474b60d8a61f3a3/url'
16:12:58.839 [Forwarding getCurrentUrl on session 445e42995fdc27cb6474b60d8a61f3a3 to remote] DEBUG org.asynchttpclient.netty.request.NettyRequestSender - Using open Channel [id: 0x7f6de090, L:/127.0.0.1:51474 - R:localhost/127.0.0.1:46542] for GET '/session/445e42995fdc27cb6474b60d8a61f3a3/url'
16:12:58.843 [AsyncHttpClient-1-9] DEBUG org.asynchttpclient.netty.handler.HttpHandler - 

Request DefaultFullHttpRequest(decodeResult: success, version: HTTP/1.1, content: EmptyByteBufBE)
GET /session/445e42995fdc27cb6474b60d8a61f3a3/url HTTP/1.1
User-Agent: selenium/4.8.1 (java windows)
Cache-Control: no-cache
Content-Type: application/json; charset=utf-8
host: localhost:46542
accept: */*

Response DefaultHttpResponse(decodeResult: success, version: HTTP/1.1)
HTTP/1.1 200 OK
Content-Length: 51
Content-Type: application/json; charset=utf-8
cache-control: no-cache

16:12:58.843 [AsyncHttpClient-1-9] DEBUG org.asynchttpclient.netty.channel.ChannelManager - Adding key: http://localhost:46542 for channel [id: 0x7f6de090, L:/127.0.0.1:51474 - R:localhost/127.0.0.1:46542]
16:12:58.843 [Forwarding screenshot on session 445e42995fdc27cb6474b60d8a61f3a3 to remote] DEBUG org.asynchttpclient.netty.request.NettyRequestSender - Using pooled Channel '[id: 0x7f6de090, L:/127.0.0.1:51474 - R:localhost/127.0.0.1:46542]' for 'GET' to 'http://localhost:46542/session/445e42995fdc27cb6474b60d8a61f3a3/screenshot'
16:12:58.843 [Forwarding screenshot on session 445e42995fdc27cb6474b60d8a61f3a3 to remote] DEBUG org.asynchttpclient.netty.request.NettyRequestSender - Using open Channel [id: 0x7f6de090, L:/127.0.0.1:51474 - R:localhost/127.0.0.1:46542] for GET '/session/445e42995fdc27cb6474b60d8a61f3a3/screenshot'
16:12:58.948 [AsyncHttpClient-1-9] DEBUG org.asynchttpclient.netty.handler.HttpHandler - 

Request DefaultFullHttpRequest(decodeResult: success, version: HTTP/1.1, content: EmptyByteBufBE)
GET /session/445e42995fdc27cb6474b60d8a61f3a3/screenshot HTTP/1.1
User-Agent: selenium/4.8.1 (java windows)
Cache-Control: no-cache
Content-Type: application/json; charset=utf-8
host: localhost:46542
accept: */*

Response DefaultHttpResponse(decodeResult: success, version: HTTP/1.1)
HTTP/1.1 200 OK
Content-Length: 30640
Content-Type: application/json; charset=utf-8
cache-control: no-cache

16:12:58.949 [AsyncHttpClient-1-9] DEBUG org.asynchttpclient.netty.channel.ChannelManager - Adding key: http://localhost:46542 for channel [id: 0x7f6de090, L:/127.0.0.1:51474 - R:localhost/127.0.0.1:46542]
16:12:58.951 [main] DEBUG net.serenitybdd.core.photography.Darkroom - Send negative for processing for target\site\serenity\214fe27e562f22e5715afed40030e8aec2f3bfed93e06a5ed5f2058a0ed22568.png
16:12:58.951 [main] DEBUG net.thucydides.core.steps.StepInterceptor - STEP DONE: clickLoginButton
16:12:58.951 [Darkroom Processing Line] DEBUG net.serenitybdd.core.photography.DarkroomProcessingLine - Processing screenshot image in /var/screenshots/screenshot-6513301307582676864
16:12:58.952 [Darkroom Processing Line] DEBUG net.serenitybdd.core.photography.DarkroomProcessingLine - Saving screenshot to target\site\serenity\214fe27e562f22e5715afed40030e8aec2f3bfed93e06a5ed5f2058a0ed22568.png
16:12:58.957 [Forwarding getPageSource on session 445e42995fdc27cb6474b60d8a61f3a3 to remote] DEBUG org.asynchttpclient.netty.request.NettyRequestSender - Using pooled Channel '[id: 0x7f6de090, L:/127.0.0.1:51474 - R:localhost/127.0.0.1:46542]' for 'POST' to 'http://localhost:46542/session/445e42995fdc27cb6474b60d8a61f3a3/execute/sync'
16:12:58.957 [Forwarding getPageSource on session 445e42995fdc27cb6474b60d8a61f3a3 to remote] DEBUG org.asynchttpclient.netty.request.NettyRequestSender - Using open Channel [id: 0x7f6de090, L:/127.0.0.1:51474 - R:localhost/127.0.0.1:46542] for POST '/session/445e42995fdc27cb6474b60d8a61f3a3/execute/sync'
16:12:58.963 [AsyncHttpClient-1-9] DEBUG org.asynchttpclient.netty.handler.HttpHandler - 

Request DefaultHttpRequest(decodeResult: success, version: HTTP/1.1)
POST /session/445e42995fdc27cb6474b60d8a61f3a3/execute/sync HTTP/1.1
User-Agent: selenium/4.8.1 (java windows)
Content-Length: 176
Content-Type: application/json; charset=utf-8
host: localhost:46542
accept: */*

Response DefaultHttpResponse(decodeResult: success, version: HTTP/1.1)
HTTP/1.1 200 OK
Content-Length: 22119
Content-Type: application/json; charset=utf-8
cache-control: no-cache

16:12:58.963 [AsyncHttpClient-1-9] DEBUG org.asynchttpclient.netty.channel.ChannelManager - Adding key: http://localhost:46542 for channel [id: 0x7f6de090, L:/127.0.0.1:51474 - R:localhost/127.0.0.1:46542]
16:12:58.964 [Forwarding getCurrentUrl on session 445e42995fdc27cb6474b60d8a61f3a3 to remote] DEBUG org.asynchttpclient.netty.request.NettyRequestSender - Using pooled Channel '[id: 0x7f6de090, L:/127.0.0.1:51474 - R:localhost/127.0.0.1:46542]' for 'GET' to 'http://localhost:46542/session/445e42995fdc27cb6474b60d8a61f3a3/url'
16:12:58.964 [Forwarding getCurrentUrl on session 445e42995fdc27cb6474b60d8a61f3a3 to remote] DEBUG org.asynchttpclient.netty.request.NettyRequestSender - Using open Channel [id: 0x7f6de090, L:/127.0.0.1:51474 - R:localhost/127.0.0.1:46542] for GET '/session/445e42995fdc27cb6474b60d8a61f3a3/url'
16:12:58.967 [AsyncHttpClient-1-9] DEBUG org.asynchttpclient.netty.handler.HttpHandler - 

Request DefaultFullHttpRequest(decodeResult: success, version: HTTP/1.1, content: EmptyByteBufBE)
GET /session/445e42995fdc27cb6474b60d8a61f3a3/url HTTP/1.1
User-Agent: selenium/4.8.1 (java windows)
Cache-Control: no-cache
Content-Type: application/json; charset=utf-8
host: localhost:46542
accept: */*

Response DefaultHttpResponse(decodeResult: success, version: HTTP/1.1)
HTTP/1.1 200 OK
Content-Length: 51
Content-Type: application/json; charset=utf-8
cache-control: no-cache

16:12:58.967 [AsyncHttpClient-1-9] DEBUG org.asynchttpclient.netty.channel.ChannelManager - Adding key: http://localhost:46542 for channel [id: 0x7f6de090, L:/127.0.0.1:51474 - R:localhost/127.0.0.1:46542]
16:12:58.969 [main] DEBUG net.thucydides.core.steps.StepInterceptor - STARTING STEP: ProductSteps.onTheHomePage - validateOnHomePage
16:12:58.970 [Forwarding findElement on session 445e42995fdc27cb6474b60d8a61f3a3 to remote] DEBUG org.asynchttpclient.netty.request.NettyRequestSender - Using pooled Channel '[id: 0x7f6de090, L:/127.0.0.1:51474 - R:localhost/127.0.0.1:46542]' for 'POST' to 'http://localhost:46542/session/445e42995fdc27cb6474b60d8a61f3a3/element'
16:12:58.970 [Forwarding findElement on session 445e42995fdc27cb6474b60d8a61f3a3 to remote] DEBUG org.asynchttpclient.netty.request.NettyRequestSender - Using open Channel [id: 0x7f6de090, L:/127.0.0.1:51474 - R:localhost/127.0.0.1:46542] for POST '/session/445e42995fdc27cb6474b60d8a61f3a3/element'
16:12:59.344 [AsyncHttpClient-1-9] DEBUG org.asynchttpclient.netty.handler.HttpHandler - 

Request DefaultHttpRequest(decodeResult: success, version: HTTP/1.1)
POST /session/445e42995fdc27cb6474b60d8a61f3a3/element HTTP/1.1
User-Agent: selenium/4.8.1 (java windows)
Content-Length: 54
Content-Type: application/json; charset=utf-8
host: localhost:46542
accept: */*

Response DefaultHttpResponse(decodeResult: success, version: HTTP/1.1)
HTTP/1.1 200 OK
Content-Length: 88
Content-Type: application/json; charset=utf-8
cache-control: no-cache

16:12:59.344 [AsyncHttpClient-1-9] DEBUG org.asynchttpclient.netty.channel.ChannelManager - Adding key: http://localhost:46542 for channel [id: 0x7f6de090, L:/127.0.0.1:51474 - R:localhost/127.0.0.1:46542]
16:12:59.346 [Forwarding isElementDisplayed on session 445e42995fdc27cb6474b60d8a61f3a3 to remote] DEBUG org.asynchttpclient.netty.request.NettyRequestSender - Using pooled Channel '[id: 0x7f6de090, L:/127.0.0.1:51474 - R:localhost/127.0.0.1:46542]' for 'POST' to 'http://localhost:46542/session/445e42995fdc27cb6474b60d8a61f3a3/execute/sync'
16:12:59.346 [Forwarding isElementDisplayed on session 445e42995fdc27cb6474b60d8a61f3a3 to remote] DEBUG org.asynchttpclient.netty.request.NettyRequestSender - Using open Channel [id: 0x7f6de090, L:/127.0.0.1:51474 - R:localhost/127.0.0.1:46542] for POST '/session/445e42995fdc27cb6474b60d8a61f3a3/execute/sync'
16:12:59.356 [AsyncHttpClient-1-9] DEBUG org.asynchttpclient.netty.handler.HttpHandler - 

Request DefaultHttpRequest(decodeResult: success, version: HTTP/1.1)
POST /session/445e42995fdc27cb6474b60d8a61f3a3/execute/sync HTTP/1.1
User-Agent: selenium/4.8.1 (java windows)
Content-Length: 48807
Content-Type: application/json; charset=utf-8
host: localhost:46542
accept: */*

Response DefaultHttpResponse(decodeResult: success, version: HTTP/1.1)
HTTP/1.1 200 OK
Content-Length: 14
Content-Type: application/json; charset=utf-8
cache-control: no-cache

16:12:59.357 [AsyncHttpClient-1-9] DEBUG org.asynchttpclient.netty.channel.ChannelManager - Adding key: http://localhost:46542 for channel [id: 0x7f6de090, L:/127.0.0.1:51474 - R:localhost/127.0.0.1:46542]
16:12:59.360 [Forwarding getAlertText on session 445e42995fdc27cb6474b60d8a61f3a3 to remote] DEBUG org.asynchttpclient.netty.request.NettyRequestSender - Using pooled Channel '[id: 0x7f6de090, L:/127.0.0.1:51474 - R:localhost/127.0.0.1:46542]' for 'GET' to 'http://localhost:46542/session/445e42995fdc27cb6474b60d8a61f3a3/alert/text'
16:12:59.360 [Forwarding getAlertText on session 445e42995fdc27cb6474b60d8a61f3a3 to remote] DEBUG org.asynchttpclient.netty.request.NettyRequestSender - Using open Channel [id: 0x7f6de090, L:/127.0.0.1:51474 - R:localhost/127.0.0.1:46542] for GET '/session/445e42995fdc27cb6474b60d8a61f3a3/alert/text'
16:12:59.362 [AsyncHttpClient-1-9] DEBUG org.asynchttpclient.netty.handler.HttpHandler - 

Request DefaultFullHttpRequest(decodeResult: success, version: HTTP/1.1, content: EmptyByteBufBE)
GET /session/445e42995fdc27cb6474b60d8a61f3a3/alert/text HTTP/1.1
User-Agent: selenium/4.8.1 (java windows)
Cache-Control: no-cache
Content-Type: application/json; charset=utf-8
host: localhost:46542
accept: */*

Response DefaultHttpResponse(decodeResult: success, version: HTTP/1.1)
HTTP/1.1 404 Not Found
Content-Length: 836
Content-Type: application/json; charset=utf-8
cache-control: no-cache

16:12:59.362 [AsyncHttpClient-1-9] DEBUG org.asynchttpclient.netty.channel.ChannelManager - Adding key: http://localhost:46542 for channel [id: 0x7f6de090, L:/127.0.0.1:51474 - R:localhost/127.0.0.1:46542]
16:12:59.362 [Forwarding getCurrentUrl on session 445e42995fdc27cb6474b60d8a61f3a3 to remote] DEBUG org.asynchttpclient.netty.request.NettyRequestSender - Using pooled Channel '[id: 0x7f6de090, L:/127.0.0.1:51474 - R:localhost/127.0.0.1:46542]' for 'GET' to 'http://localhost:46542/session/445e42995fdc27cb6474b60d8a61f3a3/url'
16:12:59.362 [Forwarding getCurrentUrl on session 445e42995fdc27cb6474b60d8a61f3a3 to remote] DEBUG org.asynchttpclient.netty.request.NettyRequestSender - Using open Channel [id: 0x7f6de090, L:/127.0.0.1:51474 - R:localhost/127.0.0.1:46542] for GET '/session/445e42995fdc27cb6474b60d8a61f3a3/url'
16:12:59.364 [AsyncHttpClient-1-9] DEBUG org.asynchttpclient.netty.handler.HttpHandler - 

Request DefaultFullHttpRequest(decodeResult: success, version: HTTP/1.1, content: EmptyByteBufBE)
GET /session/445e42995fdc27cb6474b60d8a61f3a3/url HTTP/1.1
User-Agent: selenium/4.8.1 (java windows)
Cache-Control: no-cache
Content-Type: application/json; charset=utf-8
host: localhost:46542
accept: */*

Response DefaultHttpResponse(decodeResult: success, version: HTTP/1.1)
HTTP/1.1 200 OK
Content-Length: 41
Content-Type: application/json; charset=utf-8
cache-control: no-cache

16:12:59.364 [AsyncHttpClient-1-9] DEBUG org.asynchttpclient.netty.channel.ChannelManager - Adding key: http://localhost:46542 for channel [id: 0x7f6de090, L:/127.0.0.1:51474 - R:localhost/127.0.0.1:46542]
16:12:59.365 [Forwarding screenshot on session 445e42995fdc27cb6474b60d8a61f3a3 to remote] DEBUG org.asynchttpclient.netty.request.NettyRequestSender - Using pooled Channel '[id: 0x7f6de090, L:/127.0.0.1:51474 - R:localhost/127.0.0.1:46542]' for 'GET' to 'http://localhost:46542/session/445e42995fdc27cb6474b60d8a61f3a3/screenshot'
16:12:59.365 [Forwarding screenshot on session 445e42995fdc27cb6474b60d8a61f3a3 to remote] DEBUG org.asynchttpclient.netty.request.NettyRequestSender - Using open Channel [id: 0x7f6de090, L:/127.0.0.1:51474 - R:localhost/127.0.0.1:46542] for GET '/session/445e42995fdc27cb6474b60d8a61f3a3/screenshot'
16:12:59.458 [AsyncHttpClient-1-9] DEBUG org.asynchttpclient.netty.handler.HttpHandler - 

Request DefaultFullHttpRequest(decodeResult: success, version: HTTP/1.1, content: EmptyByteBufBE)
GET /session/445e42995fdc27cb6474b60d8a61f3a3/screenshot HTTP/1.1
User-Agent: selenium/4.8.1 (java windows)
Cache-Control: no-cache
Content-Type: application/json; charset=utf-8
host: localhost:46542
accept: */*

Response DefaultHttpResponse(decodeResult: success, version: HTTP/1.1)
HTTP/1.1 200 OK
Content-Length: 26064
Content-Type: application/json; charset=utf-8
cache-control: no-cache

16:12:59.458 [AsyncHttpClient-1-9] DEBUG org.asynchttpclient.netty.channel.ChannelManager - Adding key: http://localhost:46542 for channel [id: 0x7f6de090, L:/127.0.0.1:51474 - R:localhost/127.0.0.1:46542]
16:12:59.459 [main] DEBUG net.serenitybdd.core.photography.Darkroom - Send negative for processing for target\site\serenity\18cec7e9542a36b2a97310bbb7c9b5c0e3bf4f29201fbf13fa1b7f2c36c37cd5.png
16:12:59.459 [main] DEBUG net.thucydides.core.steps.StepInterceptor - STEP DONE: validateOnHomePage
  &amp#27;[32mGiven &amp#27;[0m&amp#27;[32mI already login and go to the alta-shop home page&amp#27;[0m &amp#27;[90m# starter.stepdefinitions.ProductSteps.onTheHomePage()&amp#27;[0m
16:12:59.459 [Darkroom Processing Line] DEBUG net.serenitybdd.core.photography.DarkroomProcessingLine - Processing screenshot image in /var/screenshots/screenshot-16685831038622745813
16:12:59.459 [Darkroom Processing Line] DEBUG net.serenitybdd.core.photography.DarkroomProcessingLine - Saving screenshot to target\site\serenity\18cec7e9542a36b2a97310bbb7c9b5c0e3bf4f29201fbf13fa1b7f2c36c37cd5.png
16:12:59.465 [Forwarding getPageSource on session 445e42995fdc27cb6474b60d8a61f3a3 to remote] DEBUG org.asynchttpclient.netty.request.NettyRequestSender - Using pooled Channel '[id: 0x7f6de090, L:/127.0.0.1:51474 - R:localhost/127.0.0.1:46542]' for 'POST' to 'http://localhost:46542/session/445e42995fdc27cb6474b60d8a61f3a3/execute/sync'
16:12:59.465 [Forwarding getPageSource on session 445e42995fdc27cb6474b60d8a61f3a3 to remote] DEBUG org.asynchttpclient.netty.request.NettyRequestSender - Using open Channel [id: 0x7f6de090, L:/127.0.0.1:51474 - R:localhost/127.0.0.1:46542] for POST '/session/445e42995fdc27cb6474b60d8a61f3a3/execute/sync'
16:12:59.469 [AsyncHttpClient-1-9] DEBUG org.asynchttpclient.netty.handler.HttpHandler - 

Request DefaultHttpRequest(decodeResult: success, version: HTTP/1.1)
POST /session/445e42995fdc27cb6474b60d8a61f3a3/execute/sync HTTP/1.1
User-Agent: selenium/4.8.1 (java windows)
Content-Length: 176
Content-Type: application/json; charset=utf-8
host: localhost:46542
accept: */*

Response DefaultHttpResponse(decodeResult: success, version: HTTP/1.1)
HTTP/1.1 200 OK
Content-Length: 28798
Content-Type: application/json; charset=utf-8
cache-control: no-cache

16:12:59.469 [AsyncHttpClient-1-9] DEBUG org.asynchttpclient.netty.channel.ChannelManager - Adding key: http://localhost:46542 for channel [id: 0x7f6de090, L:/127.0.0.1:51474 - R:localhost/127.0.0.1:46542]
16:12:59.471 [Forwarding getCurrentUrl on session 445e42995fdc27cb6474b60d8a61f3a3 to remote] DEBUG org.asynchttpclient.netty.request.NettyRequestSender - Using pooled Channel '[id: 0x7f6de090, L:/127.0.0.1:51474 - R:localhost/127.0.0.1:46542]' for 'GET' to 'http://localhost:46542/session/445e42995fdc27cb6474b60d8a61f3a3/url'
16:12:59.471 [Forwarding getCurrentUrl on session 445e42995fdc27cb6474b60d8a61f3a3 to remote] DEBUG org.asynchttpclient.netty.request.NettyRequestSender - Using open Channel [id: 0x7f6de090, L:/127.0.0.1:51474 - R:localhost/127.0.0.1:46542] for GET '/session/445e42995fdc27cb6474b60d8a61f3a3/url'
16:12:59.475 [AsyncHttpClient-1-9] DEBUG org.asynchttpclient.netty.handler.HttpHandler - 

Request DefaultFullHttpRequest(decodeResult: success, version: HTTP/1.1, content: EmptyByteBufBE)
GET /session/445e42995fdc27cb6474b60d8a61f3a3/url HTTP/1.1
User-Agent: selenium/4.8.1 (java windows)
Cache-Control: no-cache
Content-Type: application/json; charset=utf-8
host: localhost:46542
accept: */*

Response DefaultHttpResponse(decodeResult: success, version: HTTP/1.1)
HTTP/1.1 200 OK
Content-Length: 41
Content-Type: application/json; charset=utf-8
cache-control: no-cache

16:12:59.475 [AsyncHttpClient-1-9] DEBUG org.asynchttpclient.netty.channel.ChannelManager - Adding key: http://localhost:46542 for channel [id: 0x7f6de090, L:/127.0.0.1:51474 - R:localhost/127.0.0.1:46542]
16:12:59.507 [Forwarding getPageSource on session 445e42995fdc27cb6474b60d8a61f3a3 to remote] DEBUG org.asynchttpclient.netty.request.NettyRequestSender - Using pooled Channel '[id: 0x7f6de090, L:/127.0.0.1:51474 - R:localhost/127.0.0.1:46542]' for 'POST' to 'http://localhost:46542/session/445e42995fdc27cb6474b60d8a61f3a3/execute/sync'
16:12:59.507 [Forwarding getPageSource on session 445e42995fdc27cb6474b60d8a61f3a3 to remote] DEBUG org.asynchttpclient.netty.request.NettyRequestSender - Using open Channel [id: 0x7f6de090, L:/127.0.0.1:51474 - R:localhost/127.0.0.1:46542] for POST '/session/445e42995fdc27cb6474b60d8a61f3a3/execute/sync'
16:12:59.520 [AsyncHttpClient-1-9] DEBUG org.asynchttpclient.netty.handler.HttpHandler - 

Request DefaultHttpRequest(decodeResult: success, version: HTTP/1.1)
POST /session/445e42995fdc27cb6474b60d8a61f3a3/execute/sync HTTP/1.1
User-Agent: selenium/4.8.1 (java windows)
Content-Length: 176
Content-Type: application/json; charset=utf-8
host: localhost:46542
accept: */*

Response DefaultHttpResponse(decodeResult: success, version: HTTP/1.1)
HTTP/1.1 200 OK
Content-Length: 28798
Content-Type: application/json; charset=utf-8
cache-control: no-cache

16:12:59.520 [AsyncHttpClient-1-9] DEBUG org.asynchttpclient.netty.channel.ChannelManager - Adding key: http://localhost:46542 for channel [id: 0x7f6de090, L:/127.0.0.1:51474 - R:localhost/127.0.0.1:46542]
16:12:59.522 [Forwarding getCurrentUrl on session 445e42995fdc27cb6474b60d8a61f3a3 to remote] DEBUG org.asynchttpclient.netty.request.NettyRequestSender - Using pooled Channel '[id: 0x7f6de090, L:/127.0.0.1:51474 - R:localhost/127.0.0.1:46542]' for 'GET' to 'http://localhost:46542/session/445e42995fdc27cb6474b60d8a61f3a3/url'
16:12:59.522 [Forwarding getCurrentUrl on session 445e42995fdc27cb6474b60d8a61f3a3 to remote] DEBUG org.asynchttpclient.netty.request.NettyRequestSender - Using open Channel [id: 0x7f6de090, L:/127.0.0.1:51474 - R:localhost/127.0.0.1:46542] for GET '/session/445e42995fdc27cb6474b60d8a61f3a3/url'
16:12:59.542 [AsyncHttpClient-1-9] DEBUG org.asynchttpclient.netty.handler.HttpHandler - 

Request DefaultFullHttpRequest(decodeResult: success, version: HTTP/1.1, content: EmptyByteBufBE)
GET /session/445e42995fdc27cb6474b60d8a61f3a3/url HTTP/1.1
User-Agent: selenium/4.8.1 (java windows)
Cache-Control: no-cache
Content-Type: application/json; charset=utf-8
host: localhost:46542
accept: */*

Response DefaultHttpResponse(decodeResult: success, version: HTTP/1.1)
HTTP/1.1 200 OK
Content-Length: 41
Content-Type: application/json; charset=utf-8
cache-control: no-cache

16:12:59.542 [AsyncHttpClient-1-9] DEBUG org.asynchttpclient.netty.channel.ChannelManager - Adding key: http://localhost:46542 for channel [id: 0x7f6de090, L:/127.0.0.1:51474 - R:localhost/127.0.0.1:46542]
16:12:59.545 [main] DEBUG net.thucydides.core.steps.StepInterceptor - STARTING STEP: LogoutSteps.clickUserIcon - clickUserIcon
16:12:59.549 [Forwarding findElement on session 445e42995fdc27cb6474b60d8a61f3a3 to remote] DEBUG org.asynchttpclient.netty.request.NettyRequestSender - Using pooled Channel '[id: 0x7f6de090, L:/127.0.0.1:51474 - R:localhost/127.0.0.1:46542]' for 'POST' to 'http://localhost:46542/session/445e42995fdc27cb6474b60d8a61f3a3/element'
16:12:59.549 [Forwarding findElement on session 445e42995fdc27cb6474b60d8a61f3a3 to remote] DEBUG org.asynchttpclient.netty.request.NettyRequestSender - Using open Channel [id: 0x7f6de090, L:/127.0.0.1:51474 - R:localhost/127.0.0.1:46542] for POST '/session/445e42995fdc27cb6474b60d8a61f3a3/element'
16:12:59.557 [AsyncHttpClient-1-9] DEBUG org.asynchttpclient.netty.handler.HttpHandler - 

Request DefaultHttpRequest(decodeResult: success, version: HTTP/1.1)
POST /session/445e42995fdc27cb6474b60d8a61f3a3/element HTTP/1.1
User-Agent: selenium/4.8.1 (java windows)
Content-Length: 54
Content-Type: application/json; charset=utf-8
host: localhost:46542
accept: */*

Response DefaultHttpResponse(decodeResult: success, version: HTTP/1.1)
HTTP/1.1 200 OK
Content-Length: 88
Content-Type: application/json; charset=utf-8
cache-control: no-cache

16:12:59.557 [AsyncHttpClient-1-9] DEBUG org.asynchttpclient.netty.channel.ChannelManager - Adding key: http://localhost:46542 for channel [id: 0x7f6de090, L:/127.0.0.1:51474 - R:localhost/127.0.0.1:46542]
16:12:59.559 [Forwarding getElementTagName on session 445e42995fdc27cb6474b60d8a61f3a3 to remote] DEBUG org.asynchttpclient.netty.request.NettyRequestSender - Using pooled Channel '[id: 0x7f6de090, L:/127.0.0.1:51474 - R:localhost/127.0.0.1:46542]' for 'GET' to 'http://localhost:46542/session/445e42995fdc27cb6474b60d8a61f3a3/element/ffb1205d-24c8-46f9-8002-521acb944a01/name'
16:12:59.559 [Forwarding getElementTagName on session 445e42995fdc27cb6474b60d8a61f3a3 to remote] DEBUG org.asynchttpclient.netty.request.NettyRequestSender - Using open Channel [id: 0x7f6de090, L:/127.0.0.1:51474 - R:localhost/127.0.0.1:46542] for GET '/session/445e42995fdc27cb6474b60d8a61f3a3/element/ffb1205d-24c8-46f9-8002-521acb944a01/name'
16:12:59.564 [AsyncHttpClient-1-9] DEBUG org.asynchttpclient.netty.handler.HttpHandler - 

Request DefaultFullHttpRequest(decodeResult: success, version: HTTP/1.1, content: EmptyByteBufBE)
GET /session/445e42995fdc27cb6474b60d8a61f3a3/element/ffb1205d-24c8-46f9-8002-521acb944a01/name HTTP/1.1
User-Agent: selenium/4.8.1 (java windows)
Cache-Control: no-cache
Content-Type: application/json; charset=utf-8
host: localhost:46542
accept: */*

Response DefaultHttpResponse(decodeResult: success, version: HTTP/1.1)
HTTP/1.1 200 OK
Content-Length: 13
Content-Type: application/json; charset=utf-8
cache-control: no-cache

16:12:59.564 [AsyncHttpClient-1-9] DEBUG org.asynchttpclient.netty.channel.ChannelManager - Adding key: http://localhost:46542 for channel [id: 0x7f6de090, L:/127.0.0.1:51474 - R:localhost/127.0.0.1:46542]
16:12:59.565 [Forwarding getElementTagName on session 445e42995fdc27cb6474b60d8a61f3a3 to remote] DEBUG org.asynchttpclient.netty.request.NettyRequestSender - Using pooled Channel '[id: 0x7f6de090, L:/127.0.0.1:51474 - R:localhost/127.0.0.1:46542]' for 'GET' to 'http://localhost:46542/session/445e42995fdc27cb6474b60d8a61f3a3/element/ffb1205d-24c8-46f9-8002-521acb944a01/name'
16:12:59.565 [Forwarding getElementTagName on session 445e42995fdc27cb6474b60d8a61f3a3 to remote] DEBUG org.asynchttpclient.netty.request.NettyRequestSender - Using open Channel [id: 0x7f6de090, L:/127.0.0.1:51474 - R:localhost/127.0.0.1:46542] for GET '/session/445e42995fdc27cb6474b60d8a61f3a3/element/ffb1205d-24c8-46f9-8002-521acb944a01/name'
16:12:59.570 [AsyncHttpClient-1-9] DEBUG org.asynchttpclient.netty.handler.HttpHandler - 

Request DefaultFullHttpRequest(decodeResult: success, version: HTTP/1.1, content: EmptyByteBufBE)
GET /session/445e42995fdc27cb6474b60d8a61f3a3/element/ffb1205d-24c8-46f9-8002-521acb944a01/name HTTP/1.1
User-Agent: selenium/4.8.1 (java windows)
Cache-Control: no-cache
Content-Type: application/json; charset=utf-8
host: localhost:46542
accept: */*

Response DefaultHttpResponse(decodeResult: success, version: HTTP/1.1)
HTTP/1.1 200 OK
Content-Length: 13
Content-Type: application/json; charset=utf-8
cache-control: no-cache

16:12:59.570 [AsyncHttpClient-1-9] DEBUG org.asynchttpclient.netty.channel.ChannelManager - Adding key: http://localhost:46542 for channel [id: 0x7f6de090, L:/127.0.0.1:51474 - R:localhost/127.0.0.1:46542]
16:12:59.572 [Forwarding findElement on session 445e42995fdc27cb6474b60d8a61f3a3 to remote] DEBUG org.asynchttpclient.netty.request.NettyRequestSender - Using pooled Channel '[id: 0x7f6de090, L:/127.0.0.1:51474 - R:localhost/127.0.0.1:46542]' for 'POST' to 'http://localhost:46542/session/445e42995fdc27cb6474b60d8a61f3a3/element'
16:12:59.572 [Forwarding findElement on session 445e42995fdc27cb6474b60d8a61f3a3 to remote] DEBUG org.asynchttpclient.netty.request.NettyRequestSender - Using open Channel [id: 0x7f6de090, L:/127.0.0.1:51474 - R:localhost/127.0.0.1:46542] for POST '/session/445e42995fdc27cb6474b60d8a61f3a3/element'
16:12:59.578 [AsyncHttpClient-1-9] DEBUG org.asynchttpclient.netty.handler.HttpHandler - 

Request DefaultHttpRequest(decodeResult: success, version: HTTP/1.1)
POST /session/445e42995fdc27cb6474b60d8a61f3a3/element HTTP/1.1
User-Agent: selenium/4.8.1 (java windows)
Content-Length: 54
Content-Type: application/json; charset=utf-8
host: localhost:46542
accept: */*

Response DefaultHttpResponse(decodeResult: success, version: HTTP/1.1)
HTTP/1.1 200 OK
Content-Length: 88
Content-Type: application/json; charset=utf-8
cache-control: no-cache

16:12:59.578 [AsyncHttpClient-1-9] DEBUG org.asynchttpclient.netty.channel.ChannelManager - Adding key: http://localhost:46542 for channel [id: 0x7f6de090, L:/127.0.0.1:51474 - R:localhost/127.0.0.1:46542]
16:12:59.579 [Forwarding clickElement on session 445e42995fdc27cb6474b60d8a61f3a3 to remote] DEBUG org.asynchttpclient.netty.request.NettyRequestSender - Using pooled Channel '[id: 0x7f6de090, L:/127.0.0.1:51474 - R:localhost/127.0.0.1:46542]' for 'POST' to 'http://localhost:46542/session/445e42995fdc27cb6474b60d8a61f3a3/element/ffb1205d-24c8-46f9-8002-521acb944a01/click'
16:12:59.579 [Forwarding clickElement on session 445e42995fdc27cb6474b60d8a61f3a3 to remote] DEBUG org.asynchttpclient.netty.request.NettyRequestSender - Using open Channel [id: 0x7f6de090, L:/127.0.0.1:51474 - R:localhost/127.0.0.1:46542] for POST '/session/445e42995fdc27cb6474b60d8a61f3a3/element/ffb1205d-24c8-46f9-8002-521acb944a01/click'
16:12:59.622 [AsyncHttpClient-1-9] DEBUG org.asynchttpclient.netty.handler.HttpHandler - 

Request DefaultHttpRequest(decodeResult: success, version: HTTP/1.1)
POST /session/445e42995fdc27cb6474b60d8a61f3a3/element/ffb1205d-24c8-46f9-8002-521acb944a01/click HTTP/1.1
User-Agent: selenium/4.8.1 (java windows)
Content-Length: 50
Content-Type: application/json; charset=utf-8
host: localhost:46542
accept: */*

Response DefaultHttpResponse(decodeResult: success, version: HTTP/1.1)
HTTP/1.1 200 OK
Content-Length: 14
Content-Type: application/json; charset=utf-8
cache-control: no-cache

16:12:59.622 [AsyncHttpClient-1-9] DEBUG org.asynchttpclient.netty.channel.ChannelManager - Adding key: http://localhost:46542 for channel [id: 0x7f6de090, L:/127.0.0.1:51474 - R:localhost/127.0.0.1:46542]
16:12:59.626 [Forwarding getAlertText on session 445e42995fdc27cb6474b60d8a61f3a3 to remote] DEBUG org.asynchttpclient.netty.request.NettyRequestSender - Using pooled Channel '[id: 0x7f6de090, L:/127.0.0.1:51474 - R:localhost/127.0.0.1:46542]' for 'GET' to 'http://localhost:46542/session/445e42995fdc27cb6474b60d8a61f3a3/alert/text'
16:12:59.626 [Forwarding getAlertText on session 445e42995fdc27cb6474b60d8a61f3a3 to remote] DEBUG org.asynchttpclient.netty.request.NettyRequestSender - Using open Channel [id: 0x7f6de090, L:/127.0.0.1:51474 - R:localhost/127.0.0.1:46542] for GET '/session/445e42995fdc27cb6474b60d8a61f3a3/alert/text'
16:12:59.627 [AsyncHttpClient-1-9] DEBUG org.asynchttpclient.netty.handler.HttpHandler - 

Request DefaultFullHttpRequest(decodeResult: success, version: HTTP/1.1, content: EmptyByteBufBE)
GET /session/445e42995fdc27cb6474b60d8a61f3a3/alert/text HTTP/1.1
User-Agent: selenium/4.8.1 (java windows)
Cache-Control: no-cache
Content-Type: application/json; charset=utf-8
host: localhost:46542
accept: */*

Response DefaultHttpResponse(decodeResult: success, version: HTTP/1.1)
HTTP/1.1 404 Not Found
Content-Length: 836
Content-Type: application/json; charset=utf-8
cache-control: no-cache

16:12:59.627 [AsyncHttpClient-1-9] DEBUG org.asynchttpclient.netty.channel.ChannelManager - Adding key: http://localhost:46542 for channel [id: 0x7f6de090, L:/127.0.0.1:51474 - R:localhost/127.0.0.1:46542]
16:12:59.628 [Forwarding getCurrentUrl on session 445e42995fdc27cb6474b60d8a61f3a3 to remote] DEBUG org.asynchttpclient.netty.request.NettyRequestSender - Using pooled Channel '[id: 0x7f6de090, L:/127.0.0.1:51474 - R:localhost/127.0.0.1:46542]' for 'GET' to 'http://localhost:46542/session/445e42995fdc27cb6474b60d8a61f3a3/url'
16:12:59.628 [Forwarding getCurrentUrl on session 445e42995fdc27cb6474b60d8a61f3a3 to remote] DEBUG org.asynchttpclient.netty.request.NettyRequestSender - Using open Channel [id: 0x7f6de090, L:/127.0.0.1:51474 - R:localhost/127.0.0.1:46542] for GET '/session/445e42995fdc27cb6474b60d8a61f3a3/url'
16:12:59.857 [AsyncHttpClient-1-1] DEBUG org.asynchttpclient.netty.channel.DefaultChannelPool - Entry count for : http://localhost:51475 : 1
16:13:00.565 [AsyncHttpClient-1-9] DEBUG org.asynchttpclient.netty.handler.HttpHandler - 

Request DefaultFullHttpRequest(decodeResult: success, version: HTTP/1.1, content: EmptyByteBufBE)
GET /session/445e42995fdc27cb6474b60d8a61f3a3/url HTTP/1.1
User-Agent: selenium/4.8.1 (java windows)
Cache-Control: no-cache
Content-Type: application/json; charset=utf-8
host: localhost:46542
accept: */*

Response DefaultHttpResponse(decodeResult: success, version: HTTP/1.1)
HTTP/1.1 200 OK
Content-Length: 41
Content-Type: application/json; charset=utf-8
cache-control: no-cache

16:13:00.565 [AsyncHttpClient-1-9] DEBUG org.asynchttpclient.netty.channel.ChannelManager - Adding key: http://localhost:46542 for channel [id: 0x7f6de090, L:/127.0.0.1:51474 - R:localhost/127.0.0.1:46542]
16:13:00.566 [Forwarding screenshot on session 445e42995fdc27cb6474b60d8a61f3a3 to remote] DEBUG org.asynchttpclient.netty.request.NettyRequestSender - Using pooled Channel '[id: 0x7f6de090, L:/127.0.0.1:51474 - R:localhost/127.0.0.1:46542]' for 'GET' to 'http://localhost:46542/session/445e42995fdc27cb6474b60d8a61f3a3/screenshot'
16:13:00.566 [Forwarding screenshot on session 445e42995fdc27cb6474b60d8a61f3a3 to remote] DEBUG org.asynchttpclient.netty.request.NettyRequestSender - Using open Channel [id: 0x7f6de090, L:/127.0.0.1:51474 - R:localhost/127.0.0.1:46542] for GET '/session/445e42995fdc27cb6474b60d8a61f3a3/screenshot'
16:13:00.681 [AsyncHttpClient-1-9] DEBUG org.asynchttpclient.netty.handler.HttpHandler - 

Request DefaultFullHttpRequest(decodeResult: success, version: HTTP/1.1, content: EmptyByteBufBE)
GET /session/445e42995fdc27cb6474b60d8a61f3a3/screenshot HTTP/1.1
User-Agent: selenium/4.8.1 (java windows)
Cache-Control: no-cache
Content-Type: application/json; charset=utf-8
host: localhost:46542
accept: */*

Response DefaultHttpResponse(decodeResult: success, version: HTTP/1.1)
HTTP/1.1 200 OK
Content-Length: 92884
Content-Type: application/json; charset=utf-8
cache-control: no-cache

16:13:00.681 [AsyncHttpClient-1-9] DEBUG org.asynchttpclient.netty.channel.ChannelManager - Adding key: http://localhost:46542 for channel [id: 0x7f6de090, L:/127.0.0.1:51474 - R:localhost/127.0.0.1:46542]
16:13:00.683 [main] DEBUG net.serenitybdd.core.photography.Darkroom - Send negative for processing for target\site\serenity\b1b808b4e920259bfc7c57945d0f338f3ef9b5712b2e7e859b134f4384b1df07.png
16:13:00.683 [main] DEBUG net.thucydides.core.steps.StepInterceptor - STEP DONE: clickUserIcon
  &amp#27;[32mWhen &amp#27;[0m&amp#27;[32mI click user icon&amp#27;[0m                                  &amp#27;[90m# starter.stepdefinitions.LogoutSteps.clickUserIcon()&amp#27;[0m
16:13:00.683 [Darkroom Processing Line] DEBUG net.serenitybdd.core.photography.DarkroomProcessingLine - Processing screenshot image in /var/screenshots/screenshot-12338455589493319301
16:13:00.683 [Darkroom Processing Line] DEBUG net.serenitybdd.core.photography.DarkroomProcessingLine - Saving screenshot to target\site\serenity\b1b808b4e920259bfc7c57945d0f338f3ef9b5712b2e7e859b134f4384b1df07.png
16:13:00.688 [Forwarding getPageSource on session 445e42995fdc27cb6474b60d8a61f3a3 to remote] DEBUG org.asynchttpclient.netty.request.NettyRequestSender - Using pooled Channel '[id: 0x7f6de090, L:/127.0.0.1:51474 - R:localhost/127.0.0.1:46542]' for 'POST' to 'http://localhost:46542/session/445e42995fdc27cb6474b60d8a61f3a3/execute/sync'
16:13:00.688 [Forwarding getPageSource on session 445e42995fdc27cb6474b60d8a61f3a3 to remote] DEBUG org.asynchttpclient.netty.request.NettyRequestSender - Using open Channel [id: 0x7f6de090, L:/127.0.0.1:51474 - R:localhost/127.0.0.1:46542] for POST '/session/445e42995fdc27cb6474b60d8a61f3a3/execute/sync'
16:13:00.720 [AsyncHttpClient-1-9] DEBUG org.asynchttpclient.netty.handler.HttpHandler - 

Request DefaultHttpRequest(decodeResult: success, version: HTTP/1.1)
POST /session/445e42995fdc27cb6474b60d8a61f3a3/execute/sync HTTP/1.1
User-Agent: selenium/4.8.1 (java windows)
Content-Length: 176
Content-Type: application/json; charset=utf-8
host: localhost:46542
accept: */*

Response DefaultHttpResponse(decodeResult: success, version: HTTP/1.1)
HTTP/1.1 200 OK
Content-Length: 655577
Content-Type: application/json; charset=utf-8
cache-control: no-cache

16:13:00.721 [AsyncHttpClient-1-9] DEBUG org.asynchttpclient.netty.channel.ChannelManager - Adding key: http://localhost:46542 for channel [id: 0x7f6de090, L:/127.0.0.1:51474 - R:localhost/127.0.0.1:46542]
16:13:00.763 [Forwarding getCurrentUrl on session 445e42995fdc27cb6474b60d8a61f3a3 to remote] DEBUG org.asynchttpclient.netty.request.NettyRequestSender - Using pooled Channel '[id: 0x7f6de090, L:/127.0.0.1:51474 - R:localhost/127.0.0.1:46542]' for 'GET' to 'http://localhost:46542/session/445e42995fdc27cb6474b60d8a61f3a3/url'
16:13:00.763 [Forwarding getCurrentUrl on session 445e42995fdc27cb6474b60d8a61f3a3 to remote] DEBUG org.asynchttpclient.netty.request.NettyRequestSender - Using open Channel [id: 0x7f6de090, L:/127.0.0.1:51474 - R:localhost/127.0.0.1:46542] for GET '/session/445e42995fdc27cb6474b60d8a61f3a3/url'
16:13:00.766 [AsyncHttpClient-1-9] DEBUG org.asynchttpclient.netty.handler.HttpHandler - 

Request DefaultFullHttpRequest(decodeResult: success, version: HTTP/1.1, content: EmptyByteBufBE)
GET /session/445e42995fdc27cb6474b60d8a61f3a3/url HTTP/1.1
User-Agent: selenium/4.8.1 (java windows)
Cache-Control: no-cache
Content-Type: application/json; charset=utf-8
host: localhost:46542
accept: */*

Response DefaultHttpResponse(decodeResult: success, version: HTTP/1.1)
HTTP/1.1 200 OK
Content-Length: 41
Content-Type: application/json; charset=utf-8
cache-control: no-cache

16:13:00.766 [AsyncHttpClient-1-9] DEBUG org.asynchttpclient.netty.channel.ChannelManager - Adding key: http://localhost:46542 for channel [id: 0x7f6de090, L:/127.0.0.1:51474 - R:localhost/127.0.0.1:46542]
16:13:00.813 [Forwarding getAlertText on session 445e42995fdc27cb6474b60d8a61f3a3 to remote] DEBUG org.asynchttpclient.netty.request.NettyRequestSender - Using pooled Channel '[id: 0x7f6de090, L:/127.0.0.1:51474 - R:localhost/127.0.0.1:46542]' for 'GET' to 'http://localhost:46542/session/445e42995fdc27cb6474b60d8a61f3a3/alert/text'
16:13:00.813 [Forwarding getAlertText on session 445e42995fdc27cb6474b60d8a61f3a3 to remote] DEBUG org.asynchttpclient.netty.request.NettyRequestSender - Using open Channel [id: 0x7f6de090, L:/127.0.0.1:51474 - R:localhost/127.0.0.1:46542] for GET '/session/445e42995fdc27cb6474b60d8a61f3a3/alert/text'
16:13:00.815 [AsyncHttpClient-1-9] DEBUG org.asynchttpclient.netty.handler.HttpHandler - 

Request DefaultFullHttpRequest(decodeResult: success, version: HTTP/1.1, content: EmptyByteBufBE)
GET /session/445e42995fdc27cb6474b60d8a61f3a3/alert/text HTTP/1.1
User-Agent: selenium/4.8.1 (java windows)
Cache-Control: no-cache
Content-Type: application/json; charset=utf-8
host: localhost:46542
accept: */*

Response DefaultHttpResponse(decodeResult: success, version: HTTP/1.1)
HTTP/1.1 404 Not Found
Content-Length: 836
Content-Type: application/json; charset=utf-8
cache-control: no-cache

16:13:00.815 [AsyncHttpClient-1-9] DEBUG org.asynchttpclient.netty.channel.ChannelManager - Adding key: http://localhost:46542 for channel [id: 0x7f6de090, L:/127.0.0.1:51474 - R:localhost/127.0.0.1:46542]
16:13:00.815 [Forwarding getCurrentUrl on session 445e42995fdc27cb6474b60d8a61f3a3 to remote] DEBUG org.asynchttpclient.netty.request.NettyRequestSender - Using pooled Channel '[id: 0x7f6de090, L:/127.0.0.1:51474 - R:localhost/127.0.0.1:46542]' for 'GET' to 'http://localhost:46542/session/445e42995fdc27cb6474b60d8a61f3a3/url'
16:13:00.815 [Forwarding getCurrentUrl on session 445e42995fdc27cb6474b60d8a61f3a3 to remote] DEBUG org.asynchttpclient.netty.request.NettyRequestSender - Using open Channel [id: 0x7f6de090, L:/127.0.0.1:51474 - R:localhost/127.0.0.1:46542] for GET '/session/445e42995fdc27cb6474b60d8a61f3a3/url'
16:13:00.818 [AsyncHttpClient-1-9] DEBUG org.asynchttpclient.netty.handler.HttpHandler - 

Request DefaultFullHttpRequest(decodeResult: success, version: HTTP/1.1, content: EmptyByteBufBE)
GET /session/445e42995fdc27cb6474b60d8a61f3a3/url HTTP/1.1
User-Agent: selenium/4.8.1 (java windows)
Cache-Control: no-cache
Content-Type: application/json; charset=utf-8
host: localhost:46542
accept: */*

Response DefaultHttpResponse(decodeResult: success, version: HTTP/1.1)
HTTP/1.1 200 OK
Content-Length: 41
Content-Type: application/json; charset=utf-8
cache-control: no-cache

16:13:00.818 [AsyncHttpClient-1-9] DEBUG org.asynchttpclient.netty.channel.ChannelManager - Adding key: http://localhost:46542 for channel [id: 0x7f6de090, L:/127.0.0.1:51474 - R:localhost/127.0.0.1:46542]
16:13:00.818 [Forwarding screenshot on session 445e42995fdc27cb6474b60d8a61f3a3 to remote] DEBUG org.asynchttpclient.netty.request.NettyRequestSender - Using pooled Channel '[id: 0x7f6de090, L:/127.0.0.1:51474 - R:localhost/127.0.0.1:46542]' for 'GET' to 'http://localhost:46542/session/445e42995fdc27cb6474b60d8a61f3a3/screenshot'
16:13:00.818 [Forwarding screenshot on session 445e42995fdc27cb6474b60d8a61f3a3 to remote] DEBUG org.asynchttpclient.netty.request.NettyRequestSender - Using open Channel [id: 0x7f6de090, L:/127.0.0.1:51474 - R:localhost/127.0.0.1:46542] for GET '/session/445e42995fdc27cb6474b60d8a61f3a3/screenshot'
16:13:00.905 [AsyncHttpClient-1-9] DEBUG org.asynchttpclient.netty.handler.HttpHandler - 

Request DefaultFullHttpRequest(decodeResult: success, version: HTTP/1.1, content: EmptyByteBufBE)
GET /session/445e42995fdc27cb6474b60d8a61f3a3/screenshot HTTP/1.1
User-Agent: selenium/4.8.1 (java windows)
Cache-Control: no-cache
Content-Type: application/json; charset=utf-8
host: localhost:46542
accept: */*

Response DefaultHttpResponse(decodeResult: success, version: HTTP/1.1)
HTTP/1.1 200 OK
Content-Length: 92848
Content-Type: application/json; charset=utf-8
cache-control: no-cache

16:13:00.905 [AsyncHttpClient-1-9] DEBUG org.asynchttpclient.netty.channel.ChannelManager - Adding key: http://localhost:46542 for channel [id: 0x7f6de090, L:/127.0.0.1:51474 - R:localhost/127.0.0.1:46542]
16:13:00.907 [main] DEBUG net.serenitybdd.core.photography.Darkroom - Send negative for processing for target\site\serenity\a77fde134a220fdff4d5e8e3c28d0e780947b7cd1017e8cd984c936ee5c63e83.png
16:13:00.907 [Darkroom Processing Line] DEBUG net.serenitybdd.core.photography.DarkroomProcessingLine - Processing screenshot image in /var/screenshots/screenshot-17504063902468875385
16:13:00.907 [Darkroom Processing Line] DEBUG net.serenitybdd.core.photography.DarkroomProcessingLine - Saving screenshot to target\site\serenity\a77fde134a220fdff4d5e8e3c28d0e780947b7cd1017e8cd984c936ee5c63e83.png
16:13:00.908 [Forwarding getPageSource on session 445e42995fdc27cb6474b60d8a61f3a3 to remote] DEBUG org.asynchttpclient.netty.request.NettyRequestSender - Using pooled Channel '[id: 0x7f6de090, L:/127.0.0.1:51474 - R:localhost/127.0.0.1:46542]' for 'POST' to 'http://localhost:46542/session/445e42995fdc27cb6474b60d8a61f3a3/execute/sync'
16:13:00.908 [Forwarding getPageSource on session 445e42995fdc27cb6474b60d8a61f3a3 to remote] DEBUG org.asynchttpclient.netty.request.NettyRequestSender - Using open Channel [id: 0x7f6de090, L:/127.0.0.1:51474 - R:localhost/127.0.0.1:46542] for POST '/session/445e42995fdc27cb6474b60d8a61f3a3/execute/sync'
16:13:00.936 [AsyncHttpClient-1-9] DEBUG org.asynchttpclient.netty.handler.HttpHandler - 

Request DefaultHttpRequest(decodeResult: success, version: HTTP/1.1)
POST /session/445e42995fdc27cb6474b60d8a61f3a3/execute/sync HTTP/1.1
User-Agent: selenium/4.8.1 (java windows)
Content-Length: 176
Content-Type: application/json; charset=utf-8
host: localhost:46542
accept: */*

Response DefaultHttpResponse(decodeResult: success, version: HTTP/1.1)
HTTP/1.1 200 OK
Content-Length: 655269
Content-Type: application/json; charset=utf-8
cache-control: no-cache

16:13:00.937 [AsyncHttpClient-1-9] DEBUG org.asynchttpclient.netty.channel.ChannelManager - Adding key: http://localhost:46542 for channel [id: 0x7f6de090, L:/127.0.0.1:51474 - R:localhost/127.0.0.1:46542]
16:13:00.957 [AsyncHttpClient-1-1] DEBUG org.asynchttpclient.netty.channel.DefaultChannelPool - Entry count for : http://localhost:51475 : 1
16:13:00.957 [AsyncHttpClient-1-1] DEBUG org.asynchttpclient.netty.channel.DefaultChannelPool - Entry count for : http://localhost:46542 : 1
16:13:00.977 [Forwarding getCurrentUrl on session 445e42995fdc27cb6474b60d8a61f3a3 to remote] DEBUG org.asynchttpclient.netty.request.NettyRequestSender - Using pooled Channel '[id: 0x7f6de090, L:/127.0.0.1:51474 - R:localhost/127.0.0.1:46542]' for 'GET' to 'http://localhost:46542/session/445e42995fdc27cb6474b60d8a61f3a3/url'
16:13:00.977 [Forwarding getCurrentUrl on session 445e42995fdc27cb6474b60d8a61f3a3 to remote] DEBUG org.asynchttpclient.netty.request.NettyRequestSender - Using open Channel [id: 0x7f6de090, L:/127.0.0.1:51474 - R:localhost/127.0.0.1:46542] for GET '/session/445e42995fdc27cb6474b60d8a61f3a3/url'
16:13:00.981 [AsyncHttpClient-1-9] DEBUG org.asynchttpclient.netty.handler.HttpHandler - 

Request DefaultFullHttpRequest(decodeResult: success, version: HTTP/1.1, content: EmptyByteBufBE)
GET /session/445e42995fdc27cb6474b60d8a61f3a3/url HTTP/1.1
User-Agent: selenium/4.8.1 (java windows)
Cache-Control: no-cache
Content-Type: application/json; charset=utf-8
host: localhost:46542
accept: */*

Response DefaultHttpResponse(decodeResult: success, version: HTTP/1.1)
HTTP/1.1 200 OK
Content-Length: 41
Content-Type: application/json; charset=utf-8
cache-control: no-cache

16:13:00.981 [AsyncHttpClient-1-9] DEBUG org.asynchttpclient.netty.channel.ChannelManager - Adding key: http://localhost:46542 for channel [id: 0x7f6de090, L:/127.0.0.1:51474 - R:localhost/127.0.0.1:46542]
16:13:00.985 [main] DEBUG net.thucydides.core.steps.StepInterceptor - STARTING STEP: TransactionSteps.clickTransactionOption - clickTransactionOption
16:13:00.987 [Forwarding findElement on session 445e42995fdc27cb6474b60d8a61f3a3 to remote] DEBUG org.asynchttpclient.netty.request.NettyRequestSender - Using pooled Channel '[id: 0x7f6de090, L:/127.0.0.1:51474 - R:localhost/127.0.0.1:46542]' for 'POST' to 'http://localhost:46542/session/445e42995fdc27cb6474b60d8a61f3a3/element'
16:13:00.987 [Forwarding findElement on session 445e42995fdc27cb6474b60d8a61f3a3 to remote] DEBUG org.asynchttpclient.netty.request.NettyRequestSender - Using open Channel [id: 0x7f6de090, L:/127.0.0.1:51474 - R:localhost/127.0.0.1:46542] for POST '/session/445e42995fdc27cb6474b60d8a61f3a3/element'
16:13:01.002 [AsyncHttpClient-1-9] DEBUG org.asynchttpclient.netty.handler.HttpHandler - 

Request DefaultHttpRequest(decodeResult: success, version: HTTP/1.1)
POST /session/445e42995fdc27cb6474b60d8a61f3a3/element HTTP/1.1
User-Agent: selenium/4.8.1 (java windows)
Content-Length: 132
Content-Type: application/json; charset=utf-8
host: localhost:46542
accept: */*

Response DefaultHttpResponse(decodeResult: success, version: HTTP/1.1)
HTTP/1.1 200 OK
Content-Length: 88
Content-Type: application/json; charset=utf-8
cache-control: no-cache

16:13:01.002 [AsyncHttpClient-1-9] DEBUG org.asynchttpclient.netty.channel.ChannelManager - Adding key: http://localhost:46542 for channel [id: 0x7f6de090, L:/127.0.0.1:51474 - R:localhost/127.0.0.1:46542]
16:13:01.002 [Forwarding getElementTagName on session 445e42995fdc27cb6474b60d8a61f3a3 to remote] DEBUG org.asynchttpclient.netty.request.NettyRequestSender - Using pooled Channel '[id: 0x7f6de090, L:/127.0.0.1:51474 - R:localhost/127.0.0.1:46542]' for 'GET' to 'http://localhost:46542/session/445e42995fdc27cb6474b60d8a61f3a3/element/44b970ac-f1d4-4f0f-b8e2-2397b6528dc2/name'
16:13:01.002 [Forwarding getElementTagName on session 445e42995fdc27cb6474b60d8a61f3a3 to remote] DEBUG org.asynchttpclient.netty.request.NettyRequestSender - Using open Channel [id: 0x7f6de090, L:/127.0.0.1:51474 - R:localhost/127.0.0.1:46542] for GET '/session/445e42995fdc27cb6474b60d8a61f3a3/element/44b970ac-f1d4-4f0f-b8e2-2397b6528dc2/name'
16:13:01.006 [AsyncHttpClient-1-9] DEBUG org.asynchttpclient.netty.handler.HttpHandler - 

Request DefaultFullHttpRequest(decodeResult: success, version: HTTP/1.1, content: EmptyByteBufBE)
GET /session/445e42995fdc27cb6474b60d8a61f3a3/element/44b970ac-f1d4-4f0f-b8e2-2397b6528dc2/name HTTP/1.1
User-Agent: selenium/4.8.1 (java windows)
Cache-Control: no-cache
Content-Type: application/json; charset=utf-8
host: localhost:46542
accept: */*

Response DefaultHttpResponse(decodeResult: success, version: HTTP/1.1)
HTTP/1.1 200 OK
Content-Length: 15
Content-Type: application/json; charset=utf-8
cache-control: no-cache

16:13:01.006 [AsyncHttpClient-1-9] DEBUG org.asynchttpclient.netty.channel.ChannelManager - Adding key: http://localhost:46542 for channel [id: 0x7f6de090, L:/127.0.0.1:51474 - R:localhost/127.0.0.1:46542]
16:13:01.006 [Forwarding getElementTagName on session 445e42995fdc27cb6474b60d8a61f3a3 to remote] DEBUG org.asynchttpclient.netty.request.NettyRequestSender - Using pooled Channel '[id: 0x7f6de090, L:/127.0.0.1:51474 - R:localhost/127.0.0.1:46542]' for 'GET' to 'http://localhost:46542/session/445e42995fdc27cb6474b60d8a61f3a3/element/44b970ac-f1d4-4f0f-b8e2-2397b6528dc2/name'
16:13:01.006 [Forwarding getElementTagName on session 445e42995fdc27cb6474b60d8a61f3a3 to remote] DEBUG org.asynchttpclient.netty.request.NettyRequestSender - Using open Channel [id: 0x7f6de090, L:/127.0.0.1:51474 - R:localhost/127.0.0.1:46542] for GET '/session/445e42995fdc27cb6474b60d8a61f3a3/element/44b970ac-f1d4-4f0f-b8e2-2397b6528dc2/name'
16:13:01.008 [AsyncHttpClient-1-9] DEBUG org.asynchttpclient.netty.handler.HttpHandler - 

Request DefaultFullHttpRequest(decodeResult: success, version: HTTP/1.1, content: EmptyByteBufBE)
GET /session/445e42995fdc27cb6474b60d8a61f3a3/element/44b970ac-f1d4-4f0f-b8e2-2397b6528dc2/name HTTP/1.1
User-Agent: selenium/4.8.1 (java windows)
Cache-Control: no-cache
Content-Type: application/json; charset=utf-8
host: localhost:46542
accept: */*

Response DefaultHttpResponse(decodeResult: success, version: HTTP/1.1)
HTTP/1.1 200 OK
Content-Length: 15
Content-Type: application/json; charset=utf-8
cache-control: no-cache

16:13:01.008 [AsyncHttpClient-1-9] DEBUG org.asynchttpclient.netty.channel.ChannelManager - Adding key: http://localhost:46542 for channel [id: 0x7f6de090, L:/127.0.0.1:51474 - R:localhost/127.0.0.1:46542]
16:13:01.009 [Forwarding findElement on session 445e42995fdc27cb6474b60d8a61f3a3 to remote] DEBUG org.asynchttpclient.netty.request.NettyRequestSender - Using pooled Channel '[id: 0x7f6de090, L:/127.0.0.1:51474 - R:localhost/127.0.0.1:46542]' for 'POST' to 'http://localhost:46542/session/445e42995fdc27cb6474b60d8a61f3a3/element'
16:13:01.009 [Forwarding findElement on session 445e42995fdc27cb6474b60d8a61f3a3 to remote] DEBUG org.asynchttpclient.netty.request.NettyRequestSender - Using open Channel [id: 0x7f6de090, L:/127.0.0.1:51474 - R:localhost/127.0.0.1:46542] for POST '/session/445e42995fdc27cb6474b60d8a61f3a3/element'
16:13:01.019 [AsyncHttpClient-1-9] DEBUG org.asynchttpclient.netty.handler.HttpHandler - 

Request DefaultHttpRequest(decodeResult: success, version: HTTP/1.1)
POST /session/445e42995fdc27cb6474b60d8a61f3a3/element HTTP/1.1
User-Agent: selenium/4.8.1 (java windows)
Content-Length: 132
Content-Type: application/json; charset=utf-8
host: localhost:46542
accept: */*

Response DefaultHttpResponse(decodeResult: success, version: HTTP/1.1)
HTTP/1.1 200 OK
Content-Length: 88
Content-Type: application/json; charset=utf-8
cache-control: no-cache

16:13:01.019 [AsyncHttpClient-1-9] DEBUG org.asynchttpclient.netty.channel.ChannelManager - Adding key: http://localhost:46542 for channel [id: 0x7f6de090, L:/127.0.0.1:51474 - R:localhost/127.0.0.1:46542]
16:13:01.020 [Forwarding clickElement on session 445e42995fdc27cb6474b60d8a61f3a3 to remote] DEBUG org.asynchttpclient.netty.request.NettyRequestSender - Using pooled Channel '[id: 0x7f6de090, L:/127.0.0.1:51474 - R:localhost/127.0.0.1:46542]' for 'POST' to 'http://localhost:46542/session/445e42995fdc27cb6474b60d8a61f3a3/element/44b970ac-f1d4-4f0f-b8e2-2397b6528dc2/click'
16:13:01.020 [Forwarding clickElement on session 445e42995fdc27cb6474b60d8a61f3a3 to remote] DEBUG org.asynchttpclient.netty.request.NettyRequestSender - Using open Channel [id: 0x7f6de090, L:/127.0.0.1:51474 - R:localhost/127.0.0.1:46542] for POST '/session/445e42995fdc27cb6474b60d8a61f3a3/element/44b970ac-f1d4-4f0f-b8e2-2397b6528dc2/click'
16:13:01.062 [AsyncHttpClient-1-9] DEBUG org.asynchttpclient.netty.handler.HttpHandler - 

Request DefaultHttpRequest(decodeResult: success, version: HTTP/1.1)
POST /session/445e42995fdc27cb6474b60d8a61f3a3/element/44b970ac-f1d4-4f0f-b8e2-2397b6528dc2/click HTTP/1.1
User-Agent: selenium/4.8.1 (java windows)
Content-Length: 50
Content-Type: application/json; charset=utf-8
host: localhost:46542
accept: */*

Response DefaultHttpResponse(decodeResult: success, version: HTTP/1.1)
HTTP/1.1 200 OK
Content-Length: 14
Content-Type: application/json; charset=utf-8
cache-control: no-cache

16:13:01.062 [AsyncHttpClient-1-9] DEBUG org.asynchttpclient.netty.channel.ChannelManager - Adding key: http://localhost:46542 for channel [id: 0x7f6de090, L:/127.0.0.1:51474 - R:localhost/127.0.0.1:46542]
16:13:01.066 [Forwarding getAlertText on session 445e42995fdc27cb6474b60d8a61f3a3 to remote] DEBUG org.asynchttpclient.netty.request.NettyRequestSender - Using pooled Channel '[id: 0x7f6de090, L:/127.0.0.1:51474 - R:localhost/127.0.0.1:46542]' for 'GET' to 'http://localhost:46542/session/445e42995fdc27cb6474b60d8a61f3a3/alert/text'
16:13:01.066 [Forwarding getAlertText on session 445e42995fdc27cb6474b60d8a61f3a3 to remote] DEBUG org.asynchttpclient.netty.request.NettyRequestSender - Using open Channel [id: 0x7f6de090, L:/127.0.0.1:51474 - R:localhost/127.0.0.1:46542] for GET '/session/445e42995fdc27cb6474b60d8a61f3a3/alert/text'
16:13:01.215 [AsyncHttpClient-1-9] DEBUG org.asynchttpclient.netty.handler.HttpHandler - 

Request DefaultFullHttpRequest(decodeResult: success, version: HTTP/1.1, content: EmptyByteBufBE)
GET /session/445e42995fdc27cb6474b60d8a61f3a3/alert/text HTTP/1.1
User-Agent: selenium/4.8.1 (java windows)
Cache-Control: no-cache
Content-Type: application/json; charset=utf-8
host: localhost:46542
accept: */*

Response DefaultHttpResponse(decodeResult: success, version: HTTP/1.1)
HTTP/1.1 404 Not Found
Content-Length: 836
Content-Type: application/json; charset=utf-8
cache-control: no-cache

16:13:01.215 [AsyncHttpClient-1-9] DEBUG org.asynchttpclient.netty.channel.ChannelManager - Adding key: http://localhost:46542 for channel [id: 0x7f6de090, L:/127.0.0.1:51474 - R:localhost/127.0.0.1:46542]
16:13:01.215 [Forwarding getCurrentUrl on session 445e42995fdc27cb6474b60d8a61f3a3 to remote] DEBUG org.asynchttpclient.netty.request.NettyRequestSender - Using pooled Channel '[id: 0x7f6de090, L:/127.0.0.1:51474 - R:localhost/127.0.0.1:46542]' for 'GET' to 'http://localhost:46542/session/445e42995fdc27cb6474b60d8a61f3a3/url'
16:13:01.216 [Forwarding getCurrentUrl on session 445e42995fdc27cb6474b60d8a61f3a3 to remote] DEBUG org.asynchttpclient.netty.request.NettyRequestSender - Using open Channel [id: 0x7f6de090, L:/127.0.0.1:51474 - R:localhost/127.0.0.1:46542] for GET '/session/445e42995fdc27cb6474b60d8a61f3a3/url'
16:13:01.220 [AsyncHttpClient-1-9] DEBUG org.asynchttpclient.netty.handler.HttpHandler - 

Request DefaultFullHttpRequest(decodeResult: success, version: HTTP/1.1, content: EmptyByteBufBE)
GET /session/445e42995fdc27cb6474b60d8a61f3a3/url HTTP/1.1
User-Agent: selenium/4.8.1 (java windows)
Cache-Control: no-cache
Content-Type: application/json; charset=utf-8
host: localhost:46542
accept: */*

Response DefaultHttpResponse(decodeResult: success, version: HTTP/1.1)
HTTP/1.1 200 OK
Content-Length: 52
Content-Type: application/json; charset=utf-8
cache-control: no-cache

16:13:01.220 [AsyncHttpClient-1-9] DEBUG org.asynchttpclient.netty.channel.ChannelManager - Adding key: http://localhost:46542 for channel [id: 0x7f6de090, L:/127.0.0.1:51474 - R:localhost/127.0.0.1:46542]
16:13:01.221 [Forwarding screenshot on session 445e42995fdc27cb6474b60d8a61f3a3 to remote] DEBUG org.asynchttpclient.netty.request.NettyRequestSender - Using pooled Channel '[id: 0x7f6de090, L:/127.0.0.1:51474 - R:localhost/127.0.0.1:46542]' for 'GET' to 'http://localhost:46542/session/445e42995fdc27cb6474b60d8a61f3a3/screenshot'
16:13:01.221 [Forwarding screenshot on session 445e42995fdc27cb6474b60d8a61f3a3 to remote] DEBUG org.asynchttpclient.netty.request.NettyRequestSender - Using open Channel [id: 0x7f6de090, L:/127.0.0.1:51474 - R:localhost/127.0.0.1:46542] for GET '/session/445e42995fdc27cb6474b60d8a61f3a3/screenshot'
16:13:01.300 [AsyncHttpClient-1-9] DEBUG org.asynchttpclient.netty.handler.HttpHandler - 

Request DefaultFullHttpRequest(decodeResult: success, version: HTTP/1.1, content: EmptyByteBufBE)
GET /session/445e42995fdc27cb6474b60d8a61f3a3/screenshot HTTP/1.1
User-Agent: selenium/4.8.1 (java windows)
Cache-Control: no-cache
Content-Type: application/json; charset=utf-8
host: localhost:46542
accept: */*

Response DefaultHttpResponse(decodeResult: success, version: HTTP/1.1)
HTTP/1.1 200 OK
Content-Length: 34580
Content-Type: application/json; charset=utf-8
cache-control: no-cache

16:13:01.300 [AsyncHttpClient-1-9] DEBUG org.asynchttpclient.netty.channel.ChannelManager - Adding key: http://localhost:46542 for channel [id: 0x7f6de090, L:/127.0.0.1:51474 - R:localhost/127.0.0.1:46542]
16:13:01.301 [main] DEBUG net.serenitybdd.core.photography.Darkroom - Send negative for processing for target\site\serenity\122bc47a85a4df35257bf091052c52ab48f5b8ea4ac41e31e52b9d5b79125eb5.png
16:13:01.301 [main] DEBUG net.thucydides.core.steps.StepInterceptor - STEP DONE: clickTransactionOption
  &amp#27;[32mAnd &amp#27;[0m&amp#27;[32mI click transaction option&amp#27;[0m                          &amp#27;[90m# starter.stepdefinitions.TransactionSteps.clickTransactionOption()&amp#27;[0m
16:13:01.301 [Darkroom Processing Line] DEBUG net.serenitybdd.core.photography.DarkroomProcessingLine - Processing screenshot image in /var/screenshots/screenshot-13191316076389999161
16:13:01.301 [Darkroom Processing Line] DEBUG net.serenitybdd.core.photography.DarkroomProcessingLine - Saving screenshot to target\site\serenity\122bc47a85a4df35257bf091052c52ab48f5b8ea4ac41e31e52b9d5b79125eb5.png
16:13:01.307 [Forwarding getPageSource on session 445e42995fdc27cb6474b60d8a61f3a3 to remote] DEBUG org.asynchttpclient.netty.request.NettyRequestSender - Using pooled Channel '[id: 0x7f6de090, L:/127.0.0.1:51474 - R:localhost/127.0.0.1:46542]' for 'POST' to 'http://localhost:46542/session/445e42995fdc27cb6474b60d8a61f3a3/execute/sync'
16:13:01.307 [Forwarding getPageSource on session 445e42995fdc27cb6474b60d8a61f3a3 to remote] DEBUG org.asynchttpclient.netty.request.NettyRequestSender - Using open Channel [id: 0x7f6de090, L:/127.0.0.1:51474 - R:localhost/127.0.0.1:46542] for POST '/session/445e42995fdc27cb6474b60d8a61f3a3/execute/sync'
16:13:01.313 [AsyncHttpClient-1-9] DEBUG org.asynchttpclient.netty.handler.HttpHandler - 

Request DefaultHttpRequest(decodeResult: success, version: HTTP/1.1)
POST /session/445e42995fdc27cb6474b60d8a61f3a3/execute/sync HTTP/1.1
User-Agent: selenium/4.8.1 (java windows)
Content-Length: 176
Content-Type: application/json; charset=utf-8
host: localhost:46542
accept: */*

Response DefaultHttpResponse(decodeResult: success, version: HTTP/1.1)
HTTP/1.1 200 OK
Content-Length: 25390
Content-Type: application/json; charset=utf-8
cache-control: no-cache

16:13:01.313 [AsyncHttpClient-1-9] DEBUG org.asynchttpclient.netty.channel.ChannelManager - Adding key: http://localhost:46542 for channel [id: 0x7f6de090, L:/127.0.0.1:51474 - R:localhost/127.0.0.1:46542]
16:13:01.333 [Forwarding getCurrentUrl on session 445e42995fdc27cb6474b60d8a61f3a3 to remote] DEBUG org.asynchttpclient.netty.request.NettyRequestSender - Using pooled Channel '[id: 0x7f6de090, L:/127.0.0.1:51474 - R:localhost/127.0.0.1:46542]' for 'GET' to 'http://localhost:46542/session/445e42995fdc27cb6474b60d8a61f3a3/url'
16:13:01.333 [Forwarding getCurrentUrl on session 445e42995fdc27cb6474b60d8a61f3a3 to remote] DEBUG org.asynchttpclient.netty.request.NettyRequestSender - Using open Channel [id: 0x7f6de090, L:/127.0.0.1:51474 - R:localhost/127.0.0.1:46542] for GET '/session/445e42995fdc27cb6474b60d8a61f3a3/url'
16:13:01.336 [AsyncHttpClient-1-9] DEBUG org.asynchttpclient.netty.handler.HttpHandler - 

Request DefaultFullHttpRequest(decodeResult: success, version: HTTP/1.1, content: EmptyByteBufBE)
GET /session/445e42995fdc27cb6474b60d8a61f3a3/url HTTP/1.1
User-Agent: selenium/4.8.1 (java windows)
Cache-Control: no-cache
Content-Type: application/json; charset=utf-8
host: localhost:46542
accept: */*

Response DefaultHttpResponse(decodeResult: success, version: HTTP/1.1)
HTTP/1.1 200 OK
Content-Length: 52
Content-Type: application/json; charset=utf-8
cache-control: no-cache

16:13:01.336 [AsyncHttpClient-1-9] DEBUG org.asynchttpclient.netty.channel.ChannelManager - Adding key: http://localhost:46542 for channel [id: 0x7f6de090, L:/127.0.0.1:51474 - R:localhost/127.0.0.1:46542]
16:13:01.342 [Forwarding getPageSource on session 445e42995fdc27cb6474b60d8a61f3a3 to remote] DEBUG org.asynchttpclient.netty.request.NettyRequestSender - Using pooled Channel '[id: 0x7f6de090, L:/127.0.0.1:51474 - R:localhost/127.0.0.1:46542]' for 'POST' to 'http://localhost:46542/session/445e42995fdc27cb6474b60d8a61f3a3/execute/sync'
16:13:01.342 [Forwarding getPageSource on session 445e42995fdc27cb6474b60d8a61f3a3 to remote] DEBUG org.asynchttpclient.netty.request.NettyRequestSender - Using open Channel [id: 0x7f6de090, L:/127.0.0.1:51474 - R:localhost/127.0.0.1:46542] for POST '/session/445e42995fdc27cb6474b60d8a61f3a3/execute/sync'
16:13:01.348 [AsyncHttpClient-1-9] DEBUG org.asynchttpclient.netty.handler.HttpHandler - 

Request DefaultHttpRequest(decodeResult: success, version: HTTP/1.1)
POST /session/445e42995fdc27cb6474b60d8a61f3a3/execute/sync HTTP/1.1
User-Agent: selenium/4.8.1 (java windows)
Content-Length: 176
Content-Type: application/json; charset=utf-8
host: localhost:46542
accept: */*

Response DefaultHttpResponse(decodeResult: success, version: HTTP/1.1)
HTTP/1.1 200 OK
Content-Length: 25390
Content-Type: application/json; charset=utf-8
cache-control: no-cache

16:13:01.348 [AsyncHttpClient-1-9] DEBUG org.asynchttpclient.netty.channel.ChannelManager - Adding key: http://localhost:46542 for channel [id: 0x7f6de090, L:/127.0.0.1:51474 - R:localhost/127.0.0.1:46542]
16:13:01.359 [Forwarding getCurrentUrl on session 445e42995fdc27cb6474b60d8a61f3a3 to remote] DEBUG org.asynchttpclient.netty.request.NettyRequestSender - Using pooled Channel '[id: 0x7f6de090, L:/127.0.0.1:51474 - R:localhost/127.0.0.1:46542]' for 'GET' to 'http://localhost:46542/session/445e42995fdc27cb6474b60d8a61f3a3/url'
16:13:01.359 [Forwarding getCurrentUrl on session 445e42995fdc27cb6474b60d8a61f3a3 to remote] DEBUG org.asynchttpclient.netty.request.NettyRequestSender - Using open Channel [id: 0x7f6de090, L:/127.0.0.1:51474 - R:localhost/127.0.0.1:46542] for GET '/session/445e42995fdc27cb6474b60d8a61f3a3/url'
16:13:01.367 [AsyncHttpClient-1-9] DEBUG org.asynchttpclient.netty.handler.HttpHandler - 

Request DefaultFullHttpRequest(decodeResult: success, version: HTTP/1.1, content: EmptyByteBufBE)
GET /session/445e42995fdc27cb6474b60d8a61f3a3/url HTTP/1.1
User-Agent: selenium/4.8.1 (java windows)
Cache-Control: no-cache
Content-Type: application/json; charset=utf-8
host: localhost:46542
accept: */*

Response DefaultHttpResponse(decodeResult: success, version: HTTP/1.1)
HTTP/1.1 200 OK
Content-Length: 52
Content-Type: application/json; charset=utf-8
cache-control: no-cache

16:13:01.367 [AsyncHttpClient-1-9] DEBUG org.asynchttpclient.netty.channel.ChannelManager - Adding key: http://localhost:46542 for channel [id: 0x7f6de090, L:/127.0.0.1:51474 - R:localhost/127.0.0.1:46542]
16:13:01.373 [main] DEBUG net.thucydides.core.steps.StepInterceptor - STARTING STEP: TransactionSteps.validateOnTransactionPage - validateOnTransactionPage
16:13:01.377 [Forwarding findElement on session 445e42995fdc27cb6474b60d8a61f3a3 to remote] DEBUG org.asynchttpclient.netty.request.NettyRequestSender - Using pooled Channel '[id: 0x7f6de090, L:/127.0.0.1:51474 - R:localhost/127.0.0.1:46542]' for 'POST' to 'http://localhost:46542/session/445e42995fdc27cb6474b60d8a61f3a3/element'
16:13:01.377 [Forwarding findElement on session 445e42995fdc27cb6474b60d8a61f3a3 to remote] DEBUG org.asynchttpclient.netty.request.NettyRequestSender - Using open Channel [id: 0x7f6de090, L:/127.0.0.1:51474 - R:localhost/127.0.0.1:46542] for POST '/session/445e42995fdc27cb6474b60d8a61f3a3/element'
16:13:01.396 [AsyncHttpClient-1-9] DEBUG org.asynchttpclient.netty.handler.HttpHandler - 

Request DefaultHttpRequest(decodeResult: success, version: HTTP/1.1)
POST /session/445e42995fdc27cb6474b60d8a61f3a3/element HTTP/1.1
User-Agent: selenium/4.8.1 (java windows)
Content-Length: 85
Content-Type: application/json; charset=utf-8
host: localhost:46542
accept: */*

Response DefaultHttpResponse(decodeResult: success, version: HTTP/1.1)
HTTP/1.1 200 OK
Content-Length: 88
Content-Type: application/json; charset=utf-8
cache-control: no-cache

16:13:01.396 [AsyncHttpClient-1-9] DEBUG org.asynchttpclient.netty.channel.ChannelManager - Adding key: http://localhost:46542 for channel [id: 0x7f6de090, L:/127.0.0.1:51474 - R:localhost/127.0.0.1:46542]
16:13:01.399 [Forwarding isElementDisplayed on session 445e42995fdc27cb6474b60d8a61f3a3 to remote] DEBUG org.asynchttpclient.netty.request.NettyRequestSender - Using pooled Channel '[id: 0x7f6de090, L:/127.0.0.1:51474 - R:localhost/127.0.0.1:46542]' for 'POST' to 'http://localhost:46542/session/445e42995fdc27cb6474b60d8a61f3a3/execute/sync'
16:13:01.399 [Forwarding isElementDisplayed on session 445e42995fdc27cb6474b60d8a61f3a3 to remote] DEBUG org.asynchttpclient.netty.request.NettyRequestSender - Using open Channel [id: 0x7f6de090, L:/127.0.0.1:51474 - R:localhost/127.0.0.1:46542] for POST '/session/445e42995fdc27cb6474b60d8a61f3a3/execute/sync'
16:13:01.414 [AsyncHttpClient-1-9] DEBUG org.asynchttpclient.netty.handler.HttpHandler - 

Request DefaultHttpRequest(decodeResult: success, version: HTTP/1.1)
POST /session/445e42995fdc27cb6474b60d8a61f3a3/execute/sync HTTP/1.1
User-Agent: selenium/4.8.1 (java windows)
Content-Length: 48807
Content-Type: application/json; charset=utf-8
host: localhost:46542
accept: */*

Response DefaultHttpResponse(decodeResult: success, version: HTTP/1.1)
HTTP/1.1 200 OK
Content-Length: 14
Content-Type: application/json; charset=utf-8
cache-control: no-cache

16:13:01.414 [AsyncHttpClient-1-9] DEBUG org.asynchttpclient.netty.channel.ChannelManager - Adding key: http://localhost:46542 for channel [id: 0x7f6de090, L:/127.0.0.1:51474 - R:localhost/127.0.0.1:46542]
16:13:01.420 [Forwarding getAlertText on session 445e42995fdc27cb6474b60d8a61f3a3 to remote] DEBUG org.asynchttpclient.netty.request.NettyRequestSender - Using pooled Channel '[id: 0x7f6de090, L:/127.0.0.1:51474 - R:localhost/127.0.0.1:46542]' for 'GET' to 'http://localhost:46542/session/445e42995fdc27cb6474b60d8a61f3a3/alert/text'
16:13:01.420 [Forwarding getAlertText on session 445e42995fdc27cb6474b60d8a61f3a3 to remote] DEBUG org.asynchttpclient.netty.request.NettyRequestSender - Using open Channel [id: 0x7f6de090, L:/127.0.0.1:51474 - R:localhost/127.0.0.1:46542] for GET '/session/445e42995fdc27cb6474b60d8a61f3a3/alert/text'
16:13:01.422 [AsyncHttpClient-1-9] DEBUG org.asynchttpclient.netty.handler.HttpHandler - 

Request DefaultFullHttpRequest(decodeResult: success, version: HTTP/1.1, content: EmptyByteBufBE)
GET /session/445e42995fdc27cb6474b60d8a61f3a3/alert/text HTTP/1.1
User-Agent: selenium/4.8.1 (java windows)
Cache-Control: no-cache
Content-Type: application/json; charset=utf-8
host: localhost:46542
accept: */*

Response DefaultHttpResponse(decodeResult: success, version: HTTP/1.1)
HTTP/1.1 404 Not Found
Content-Length: 836
Content-Type: application/json; charset=utf-8
cache-control: no-cache

16:13:01.422 [AsyncHttpClient-1-9] DEBUG org.asynchttpclient.netty.channel.ChannelManager - Adding key: http://localhost:46542 for channel [id: 0x7f6de090, L:/127.0.0.1:51474 - R:localhost/127.0.0.1:46542]
16:13:01.423 [Forwarding getCurrentUrl on session 445e42995fdc27cb6474b60d8a61f3a3 to remote] DEBUG org.asynchttpclient.netty.request.NettyRequestSender - Using pooled Channel '[id: 0x7f6de090, L:/127.0.0.1:51474 - R:localhost/127.0.0.1:46542]' for 'GET' to 'http://localhost:46542/session/445e42995fdc27cb6474b60d8a61f3a3/url'
16:13:01.423 [Forwarding getCurrentUrl on session 445e42995fdc27cb6474b60d8a61f3a3 to remote] DEBUG org.asynchttpclient.netty.request.NettyRequestSender - Using open Channel [id: 0x7f6de090, L:/127.0.0.1:51474 - R:localhost/127.0.0.1:46542] for GET '/session/445e42995fdc27cb6474b60d8a61f3a3/url'
16:13:01.431 [AsyncHttpClient-1-9] DEBUG org.asynchttpclient.netty.handler.HttpHandler - 

Request DefaultFullHttpRequest(decodeResult: success, version: HTTP/1.1, content: EmptyByteBufBE)
GET /session/445e42995fdc27cb6474b60d8a61f3a3/url HTTP/1.1
User-Agent: selenium/4.8.1 (java windows)
Cache-Control: no-cache
Content-Type: application/json; charset=utf-8
host: localhost:46542
accept: */*

Response DefaultHttpResponse(decodeResult: success, version: HTTP/1.1)
HTTP/1.1 200 OK
Content-Length: 52
Content-Type: application/json; charset=utf-8
cache-control: no-cache

16:13:01.431 [AsyncHttpClient-1-9] DEBUG org.asynchttpclient.netty.channel.ChannelManager - Adding key: http://localhost:46542 for channel [id: 0x7f6de090, L:/127.0.0.1:51474 - R:localhost/127.0.0.1:46542]
16:13:01.432 [Forwarding screenshot on session 445e42995fdc27cb6474b60d8a61f3a3 to remote] DEBUG org.asynchttpclient.netty.request.NettyRequestSender - Using pooled Channel '[id: 0x7f6de090, L:/127.0.0.1:51474 - R:localhost/127.0.0.1:46542]' for 'GET' to 'http://localhost:46542/session/445e42995fdc27cb6474b60d8a61f3a3/screenshot'
16:13:01.432 [Forwarding screenshot on session 445e42995fdc27cb6474b60d8a61f3a3 to remote] DEBUG org.asynchttpclient.netty.request.NettyRequestSender - Using open Channel [id: 0x7f6de090, L:/127.0.0.1:51474 - R:localhost/127.0.0.1:46542] for GET '/session/445e42995fdc27cb6474b60d8a61f3a3/screenshot'
16:13:01.515 [AsyncHttpClient-1-9] DEBUG org.asynchttpclient.netty.handler.HttpHandler - 

Request DefaultFullHttpRequest(decodeResult: success, version: HTTP/1.1, content: EmptyByteBufBE)
GET /session/445e42995fdc27cb6474b60d8a61f3a3/screenshot HTTP/1.1
User-Agent: selenium/4.8.1 (java windows)
Cache-Control: no-cache
Content-Type: application/json; charset=utf-8
host: localhost:46542
accept: */*

Response DefaultHttpResponse(decodeResult: success, version: HTTP/1.1)
HTTP/1.1 200 OK
Content-Length: 31344
Content-Type: application/json; charset=utf-8
cache-control: no-cache

16:13:01.515 [AsyncHttpClient-1-9] DEBUG org.asynchttpclient.netty.channel.ChannelManager - Adding key: http://localhost:46542 for channel [id: 0x7f6de090, L:/127.0.0.1:51474 - R:localhost/127.0.0.1:46542]
16:13:01.516 [main] DEBUG net.serenitybdd.core.photography.Darkroom - Send negative for processing for target\site\serenity\f1c8f95bdf1ef0163ee9339fe23c5d55e40752d1b496cc549a6f85beae87fe21.png
16:13:01.517 [main] DEBUG net.thucydides.core.steps.StepInterceptor - STEP DONE: validateOnTransactionPage
  &amp#27;[32mThen &amp#27;[0m&amp#27;[32mI am on the transaction page&amp#27;[0m                       &amp#27;[90m# starter.stepdefinitions.TransactionSteps.validateOnTransactionPage()&amp#27;[0m
16:13:01.517 [Darkroom Processing Line] DEBUG net.serenitybdd.core.photography.DarkroomProcessingLine - Processing screenshot image in /var/screenshots/screenshot-3864802541000184649
16:13:01.517 [Darkroom Processing Line] DEBUG net.serenitybdd.core.photography.DarkroomProcessingLine - Saving screenshot to target\site\serenity\f1c8f95bdf1ef0163ee9339fe23c5d55e40752d1b496cc549a6f85beae87fe21.png
16:13:01.521 [main] INFO  - 
  _____   ___   ___   _____     ___     _     ___   ___   ___   ___  
 |_   _| | __| / __| |_   _|   | _ \   /_\   / __| / __| | __| |   \ 
   | |   | _|  \__ \   | |     |  _/  / _ \  \__ \ \__ \ | _|  | |) |
   |_|   |___| |___/   |_|     |_|   /_/ \_\ |___/ |___/ |___| |___/ 

View Transaction
----------------------------------------------------------------------
16:13:01.522 [AsyncHttpClient-1-11] DEBUG org.asynchttpclient.netty.handler.WebSocketHandler - Channel Closed: [id: 0x80410bb0, L:/127.0.0.1:51483 ! R:localhost/127.0.0.1:51475] with attribute NettyResponseFuture{currentRetry=0,
	isDone=1,
	isCancelled=0,
	asyncHandler=org.asynchttpclient.ws.WebSocketUpgradeHandler@3896826e,
	nettyRequest=org.asynchttpclient.netty.request.NettyRequest@5824f468,
	future=java.util.concurrent.CompletableFuture@689cdf11[Completed normally],
	uri=ws://localhost:51475/devtools/browser/6545d203-c4de-46da-8f40-7fd18d40f1de,
	keepAlive=true,
	redirectCount=0,
	timeoutsHolder=null,
	inAuth=0,
	touch=1683537165426}
16:13:01.522 [Driver Command Executor] DEBUG org.asynchttpclient.netty.request.NettyRequestSender - Using pooled Channel '[id: 0x7f6de090, L:/127.0.0.1:51474 - R:localhost/127.0.0.1:46542]' for 'DELETE' to 'http://localhost:46542/session/445e42995fdc27cb6474b60d8a61f3a3'
16:13:01.522 [AsyncHttpClient-1-11] DEBUG org.asynchttpclient.netty.channel.ChannelManager - Closing Channel [id: 0x80410bb0, L:/127.0.0.1:51483 ! R:localhost/127.0.0.1:51475] 
16:13:01.522 [Driver Command Executor] DEBUG org.asynchttpclient.netty.request.NettyRequestSender - Using open Channel [id: 0x7f6de090, L:/127.0.0.1:51474 - R:localhost/127.0.0.1:46542] for DELETE '/session/445e42995fdc27cb6474b60d8a61f3a3'
16:13:01.540 [AsyncHttpClient-1-10] DEBUG org.asynchttpclient.netty.handler.HttpHandler - Unexpected I/O exception on channel [id: 0x09da364a, L:/127.0.0.1:51482 - R:localhost/127.0.0.1:51475]
java.net.SocketException: Connection reset
	at java.base/sun.nio.ch.SocketChannelImpl.throwConnectionReset(SocketChannelImpl.java:367)
	at java.base/sun.nio.ch.SocketChannelImpl.read(SocketChannelImpl.java:398)
	at io.netty.buffer.PooledByteBuf.setBytes(PooledByteBuf.java:259)
	at io.netty.buffer.AbstractByteBuf.writeBytes(AbstractByteBuf.java:1132)
	at io.netty.channel.socket.nio.NioSocketChannel.doReadBytes(NioSocketChannel.java:357)
	at io.netty.channel.nio.AbstractNioByteChannel$NioByteUnsafe.read(AbstractNioByteChannel.java:151)
	at io.netty.channel.nio.NioEventLoop.processSelectedKey(NioEventLoop.java:788)
	at io.netty.channel.nio.NioEventLoop.processSelectedKeysOptimized(NioEventLoop.java:724)
	at io.netty.channel.nio.NioEventLoop.processSelectedKeys(NioEventLoop.java:650)
	at io.netty.channel.nio.NioEventLoop.run(NioEventLoop.java:562)
	at io.netty.util.concurrent.SingleThreadEventExecutor$4.run(SingleThreadEventExecutor.java:997)
	at io.netty.util.internal.ThreadExecutorMap$2.run(ThreadExecutorMap.java:74)
	at io.netty.util.concurrent.FastThreadLocalRunnable.run(FastThreadLocalRunnable.java:30)
	at java.base/java.lang.Thread.run(Thread.java:832)
16:13:01.540 [AsyncHttpClient-1-10] DEBUG org.asynchttpclient.netty.channel.ChannelManager - Closing Channel [id: 0x09da364a, L:/127.0.0.1:51482 - R:localhost/127.0.0.1:51475] 
16:13:01.540 [AsyncHttpClient-1-10] DEBUG org.asynchttpclient.netty.handler.HttpHandler - Channel Closed: [id: 0x09da364a, L:/127.0.0.1:51482 ! R:localhost/127.0.0.1:51475] with attribute DISCARD
16:13:01.552 [AsyncHttpClient-1-9] DEBUG org.asynchttpclient.netty.handler.HttpHandler - 

Request DefaultFullHttpRequest(decodeResult: success, version: HTTP/1.1, content: EmptyByteBufBE)
DELETE /session/445e42995fdc27cb6474b60d8a61f3a3 HTTP/1.1
User-Agent: selenium/4.8.1 (java windows)
Content-Type: application/json; charset=utf-8
host: localhost:46542
accept: */*

Response DefaultHttpResponse(decodeResult: success, version: HTTP/1.1)
HTTP/1.1 200 OK
Content-Length: 14
Content-Type: application/json; charset=utf-8
cache-control: no-cache

16:13:01.552 [AsyncHttpClient-1-9] DEBUG org.asynchttpclient.netty.channel.ChannelManager - Adding key: http://localhost:46542 for channel [id: 0x7f6de090, L:/127.0.0.1:51474 - R:localhost/127.0.0.1:46542]
16:13:01.651 [AsyncHttpClient-1-9] DEBUG org.asynchttpclient.netty.handler.HttpHandler - Channel Closed: [id: 0x7f6de090, L:/127.0.0.1:51474 ! R:localhost/127.0.0.1:46542] with attribute DISCARD
16:13:02.057 [AsyncHttpClient-1-1] DEBUG org.asynchttpclient.netty.channel.DefaultChannelPool - Entry count for : http://localhost:51475 : 1
16:13:02.057 [AsyncHttpClient-1-1] DEBUG org.asynchttpclient.netty.channel.DefaultChannelPool - Entry count for : http://localhost:46542 : 1
16:13:02.057 [AsyncHttpClient-1-1] DEBUG org.asynchttpclient.netty.channel.DefaultChannelPool - Adding Candidate expired Channel [id: 0x09da364a, L:/127.0.0.1:51482 ! R:localhost/127.0.0.1:51475] isIdleTimeoutExpired=false isRemotelyClosed=true isTtlExpired=false
16:13:02.057 [AsyncHttpClient-1-1] DEBUG org.asynchttpclient.netty.channel.DefaultChannelPool - Closing Idle Channel [id: 0x09da364a, L:/127.0.0.1:51482 ! R:localhost/127.0.0.1:51475]
16:13:02.057 [AsyncHttpClient-1-1] DEBUG org.asynchttpclient.netty.channel.DefaultChannelPool - Adding Candidate expired Channel [id: 0x7f6de090, L:/127.0.0.1:51474 ! R:localhost/127.0.0.1:46542] isIdleTimeoutExpired=false isRemotelyClosed=true isTtlExpired=false
16:13:02.057 [AsyncHttpClient-1-1] DEBUG org.asynchttpclient.netty.channel.DefaultChannelPool - Closing Idle Channel [id: 0x7f6de090, L:/127.0.0.1:51474 ! R:localhost/127.0.0.1:46542]
16:13:02.057 [AsyncHttpClient-1-1] DEBUG org.asynchttpclient.netty.channel.DefaultChannelPool - Closed 2 connections out of 2 in 0 ms
]]></system-out>
    <system-err><![CDATA[Starting ChromeDriver 111.0.5563.64 (c710e93d5b63b7095afe8c2c17df34408078439d-refs/branch-heads/5563@{#995}) on port 46542
Only local connections are allowed.
Please see https://chromedriver.chromium.org/security-considerations for suggestions on keeping ChromeDriver safe.
ChromeDriver was started successfully.
[1683537165.409][WARNING]: This version of ChromeDriver has not been tested with Chrome version 112.
May 08, 2023 4:12:45 PM org.openqa.selenium.devtools.CdpVersionFinder findNearestMatch
WARNING: Unable to find an exact match for CDP version 112, so returning the closest version found: 110
]]></system-err>
  </testcase>
  <testcase name="View transaction without login" classname="Transaction" time="7.082">
    <system-out><![CDATA[
Scenario: View transaction without login &amp#27;[90m# src/test/resources/features/5. Transaction.feature:13&amp#27;[0m
16:13:02.171 [main] DEBUG io.cucumber.core.plugin.SerenityReporter - Running feature from file:///C:/Users/WINDOWS%2010/Documents/GitHub/MiniProject_QE/Web/code/minpro/src/test/resources/features/5.%20Transaction.feature
16:13:02.174 [main] INFO  - 
  _____   ___   ___   _____     ___   _____     _     ___   _____   ___   ___  
 |_   _| | __| / __| |_   _|   / __| |_   _|   /_\   | _ \ |_   _| | __| |   \ 
   | |   | _|  \__ \   | |     \__ \   | |    / _ \  |   /   | |   | _|  | |) |
   |_|   |___| |___/   |_|     |___/   |_|   /_/ \_\ |_|_\   |_|   |___| |___/ 

View transaction without login(transaction;view-transaction-without-login)
--------------------------------------------------------------------------------
16:13:02.200 [main] DEBUG net.thucydides.core.steps.StepInterceptor - STARTING STEP: CategorySteps.goToHomePage - openPage
16:13:02.228 [main] INFO net.serenitybdd.core.webdriver.driverproviders.ChromeDriverProvider - Starting Chrome driver instance with capabilities:
16:13:02.228 [main] INFO net.serenitybdd.core.webdriver.driverproviders.ChromeDriverProvider - Capabilities {acceptInsecureCerts: false, browserName: chrome, goog:chromeOptions: {args: [remote-allow-origins=*], extensions: []}}
16:13:02.293 [AsyncHttpClient-1-12] DEBUG org.asynchttpclient.netty.channel.NettyConnectListener - Using new Channel '[id: 0xe5d8634f, L:/127.0.0.1:51531 - R:localhost/127.0.0.1:22940]' for 'POST' to '/session'
16:13:02.950 [AsyncHttpClient-1-12] DEBUG org.asynchttpclient.netty.handler.HttpHandler - 

Request DefaultHttpRequest(decodeResult: success, version: HTTP/1.1)
POST /session HTTP/1.1
User-Agent: selenium/4.8.1 (java windows)
Content-Length: 507
Content-Type: application/json; charset=utf-8
host: localhost:22940
accept: */*

Response DefaultHttpResponse(decodeResult: success, version: HTTP/1.1)
HTTP/1.1 200 OK
Content-Length: 861
Content-Type: application/json; charset=utf-8
cache-control: no-cache

16:13:02.950 [AsyncHttpClient-1-12] DEBUG org.asynchttpclient.netty.channel.ChannelManager - Adding key: http://localhost:22940 for channel [id: 0xe5d8634f, L:/127.0.0.1:51531 - R:localhost/127.0.0.1:22940]
16:13:02.954 [AsyncHttpClient-1-13] DEBUG org.asynchttpclient.netty.channel.NettyConnectListener - Using new Channel '[id: 0x3eca6f2d, L:/127.0.0.1:51541 - R:localhost/127.0.0.1:51533]' for 'GET' to '/json/version'
16:13:02.954 [AsyncHttpClient-1-13] DEBUG org.asynchttpclient.netty.handler.HttpHandler - 

Request DefaultFullHttpRequest(decodeResult: success, version: HTTP/1.1, content: EmptyByteBufBE)
GET /json/version HTTP/1.1
User-Agent: selenium/4.8.1 (java windows)
host: localhost:51533
accept: */*

Response DefaultHttpResponse(decodeResult: success, version: HTTP/1.1)
HTTP/1.1 200 OK
Content-Security-Policy: frame-ancestors 'none'
Content-Length: 424
Content-Type: application/json; charset=UTF-8

16:13:02.955 [AsyncHttpClient-1-13] DEBUG org.asynchttpclient.netty.channel.ChannelManager - Adding key: http://localhost:51533 for channel [id: 0x3eca6f2d, L:/127.0.0.1:51541 - R:localhost/127.0.0.1:51533]
16:13:02.956 [AsyncHttpClient-1-14] DEBUG org.asynchttpclient.netty.channel.NettyConnectListener - Using new Channel '[id: 0x0d16ccc5, L:/127.0.0.1:51542 - R:localhost/127.0.0.1:51533]' for 'GET' to '/devtools/browser/4a86ec0b-6191-46d1-bb4e-504bc86e6146'
16:13:02.957 [AsyncHttpClient-1-14] DEBUG org.asynchttpclient.netty.handler.WebSocketHandler - 

Request DefaultFullHttpRequest(decodeResult: success, version: HTTP/1.1, content: EmptyByteBufBE)
GET /devtools/browser/4a86ec0b-6191-46d1-bb4e-504bc86e6146 HTTP/1.1
upgrade: websocket
connection: upgrade
sec-websocket-key: ohFWTUxcbQSDMbPLZmEYBQ==
sec-websocket-version: 13
origin: http://localhost:51533
host: localhost:51533
accept: */*
user-agent: AHC/2.1

Response DefaultHttpResponse(decodeResult: success, version: HTTP/1.1)
HTTP/1.1 101 WebSocket Protocol Handshake
Upgrade: WebSocket
Connection: Upgrade
Sec-WebSocket-Accept: rQVSpmrG3tDOT7+KXkdVTiLrI14=

16:13:02.959 [Forwarding get on session e6bec8a8aaf91b944f0c5a103a7ec2fc to remote] DEBUG org.asynchttpclient.netty.request.NettyRequestSender - Using pooled Channel '[id: 0xe5d8634f, L:/127.0.0.1:51531 - R:localhost/127.0.0.1:22940]' for 'POST' to 'http://localhost:22940/session/e6bec8a8aaf91b944f0c5a103a7ec2fc/url'
16:13:02.959 [Forwarding get on session e6bec8a8aaf91b944f0c5a103a7ec2fc to remote] DEBUG org.asynchttpclient.netty.request.NettyRequestSender - Using open Channel [id: 0xe5d8634f, L:/127.0.0.1:51531 - R:localhost/127.0.0.1:22940] for POST '/session/e6bec8a8aaf91b944f0c5a103a7ec2fc/url'
16:13:03.157 [AsyncHttpClient-1-1] DEBUG org.asynchttpclient.netty.channel.DefaultChannelPool - Entry count for : http://localhost:51533 : 1
16:13:04.266 [AsyncHttpClient-1-1] DEBUG org.asynchttpclient.netty.channel.DefaultChannelPool - Entry count for : http://localhost:51533 : 1
16:13:05.362 [AsyncHttpClient-1-1] DEBUG org.asynchttpclient.netty.channel.DefaultChannelPool - Entry count for : http://localhost:51533 : 1
16:13:06.457 [AsyncHttpClient-1-1] DEBUG org.asynchttpclient.netty.channel.DefaultChannelPool - Entry count for : http://localhost:51533 : 1
16:13:07.556 [AsyncHttpClient-1-1] DEBUG org.asynchttpclient.netty.channel.DefaultChannelPool - Entry count for : http://localhost:51533 : 1
16:13:07.728 [AsyncHttpClient-1-12] DEBUG org.asynchttpclient.netty.handler.HttpHandler - 

Request DefaultHttpRequest(decodeResult: success, version: HTTP/1.1)
POST /session/e6bec8a8aaf91b944f0c5a103a7ec2fc/url HTTP/1.1
User-Agent: selenium/4.8.1 (java windows)
Content-Length: 74
Content-Type: application/json; charset=utf-8
host: localhost:22940
accept: */*

Response DefaultHttpResponse(decodeResult: success, version: HTTP/1.1)
HTTP/1.1 200 OK
Content-Length: 14
Content-Type: application/json; charset=utf-8
cache-control: no-cache

16:13:07.729 [AsyncHttpClient-1-12] DEBUG org.asynchttpclient.netty.channel.ChannelManager - Adding key: http://localhost:22940 for channel [id: 0xe5d8634f, L:/127.0.0.1:51531 - R:localhost/127.0.0.1:22940]
16:13:07.729 [Forwarding setTimeout on session e6bec8a8aaf91b944f0c5a103a7ec2fc to remote] DEBUG org.asynchttpclient.netty.request.NettyRequestSender - Using pooled Channel '[id: 0xe5d8634f, L:/127.0.0.1:51531 - R:localhost/127.0.0.1:22940]' for 'POST' to 'http://localhost:22940/session/e6bec8a8aaf91b944f0c5a103a7ec2fc/timeouts'
16:13:07.729 [Forwarding setTimeout on session e6bec8a8aaf91b944f0c5a103a7ec2fc to remote] DEBUG org.asynchttpclient.netty.request.NettyRequestSender - Using open Channel [id: 0xe5d8634f, L:/127.0.0.1:51531 - R:localhost/127.0.0.1:22940] for POST '/session/e6bec8a8aaf91b944f0c5a103a7ec2fc/timeouts'
16:13:07.730 [AsyncHttpClient-1-12] DEBUG org.asynchttpclient.netty.handler.HttpHandler - 

Request DefaultHttpRequest(decodeResult: success, version: HTTP/1.1)
POST /session/e6bec8a8aaf91b944f0c5a103a7ec2fc/timeouts HTTP/1.1
User-Agent: selenium/4.8.1 (java windows)
Content-Length: 22
Content-Type: application/json; charset=utf-8
host: localhost:22940
accept: */*

Response DefaultHttpResponse(decodeResult: success, version: HTTP/1.1)
HTTP/1.1 200 OK
Content-Length: 14
Content-Type: application/json; charset=utf-8
cache-control: no-cache

16:13:07.730 [AsyncHttpClient-1-12] DEBUG org.asynchttpclient.netty.channel.ChannelManager - Adding key: http://localhost:22940 for channel [id: 0xe5d8634f, L:/127.0.0.1:51531 - R:localhost/127.0.0.1:22940]
16:13:07.733 [Forwarding getAlertText on session e6bec8a8aaf91b944f0c5a103a7ec2fc to remote] DEBUG org.asynchttpclient.netty.request.NettyRequestSender - Using pooled Channel '[id: 0xe5d8634f, L:/127.0.0.1:51531 - R:localhost/127.0.0.1:22940]' for 'GET' to 'http://localhost:22940/session/e6bec8a8aaf91b944f0c5a103a7ec2fc/alert/text'
16:13:07.733 [Forwarding getAlertText on session e6bec8a8aaf91b944f0c5a103a7ec2fc to remote] DEBUG org.asynchttpclient.netty.request.NettyRequestSender - Using open Channel [id: 0xe5d8634f, L:/127.0.0.1:51531 - R:localhost/127.0.0.1:22940] for GET '/session/e6bec8a8aaf91b944f0c5a103a7ec2fc/alert/text'
16:13:07.735 [AsyncHttpClient-1-12] DEBUG org.asynchttpclient.netty.handler.HttpHandler - 

Request DefaultFullHttpRequest(decodeResult: success, version: HTTP/1.1, content: EmptyByteBufBE)
GET /session/e6bec8a8aaf91b944f0c5a103a7ec2fc/alert/text HTTP/1.1
User-Agent: selenium/4.8.1 (java windows)
Cache-Control: no-cache
Content-Type: application/json; charset=utf-8
host: localhost:22940
accept: */*

Response DefaultHttpResponse(decodeResult: success, version: HTTP/1.1)
HTTP/1.1 404 Not Found
Content-Length: 836
Content-Type: application/json; charset=utf-8
cache-control: no-cache

16:13:07.735 [AsyncHttpClient-1-12] DEBUG org.asynchttpclient.netty.channel.ChannelManager - Adding key: http://localhost:22940 for channel [id: 0xe5d8634f, L:/127.0.0.1:51531 - R:localhost/127.0.0.1:22940]
16:13:07.737 [Forwarding getCurrentUrl on session e6bec8a8aaf91b944f0c5a103a7ec2fc to remote] DEBUG org.asynchttpclient.netty.request.NettyRequestSender - Using pooled Channel '[id: 0xe5d8634f, L:/127.0.0.1:51531 - R:localhost/127.0.0.1:22940]' for 'GET' to 'http://localhost:22940/session/e6bec8a8aaf91b944f0c5a103a7ec2fc/url'
16:13:07.737 [Forwarding getCurrentUrl on session e6bec8a8aaf91b944f0c5a103a7ec2fc to remote] DEBUG org.asynchttpclient.netty.request.NettyRequestSender - Using open Channel [id: 0xe5d8634f, L:/127.0.0.1:51531 - R:localhost/127.0.0.1:22940] for GET '/session/e6bec8a8aaf91b944f0c5a103a7ec2fc/url'
16:13:07.739 [AsyncHttpClient-1-12] DEBUG org.asynchttpclient.netty.handler.HttpHandler - 

Request DefaultFullHttpRequest(decodeResult: success, version: HTTP/1.1, content: EmptyByteBufBE)
GET /session/e6bec8a8aaf91b944f0c5a103a7ec2fc/url HTTP/1.1
User-Agent: selenium/4.8.1 (java windows)
Cache-Control: no-cache
Content-Type: application/json; charset=utf-8
host: localhost:22940
accept: */*

Response DefaultHttpResponse(decodeResult: success, version: HTTP/1.1)
HTTP/1.1 200 OK
Content-Length: 51
Content-Type: application/json; charset=utf-8
cache-control: no-cache

16:13:07.739 [AsyncHttpClient-1-12] DEBUG org.asynchttpclient.netty.channel.ChannelManager - Adding key: http://localhost:22940 for channel [id: 0xe5d8634f, L:/127.0.0.1:51531 - R:localhost/127.0.0.1:22940]
16:13:07.740 [Forwarding screenshot on session e6bec8a8aaf91b944f0c5a103a7ec2fc to remote] DEBUG org.asynchttpclient.netty.request.NettyRequestSender - Using pooled Channel '[id: 0xe5d8634f, L:/127.0.0.1:51531 - R:localhost/127.0.0.1:22940]' for 'GET' to 'http://localhost:22940/session/e6bec8a8aaf91b944f0c5a103a7ec2fc/screenshot'
16:13:07.740 [Forwarding screenshot on session e6bec8a8aaf91b944f0c5a103a7ec2fc to remote] DEBUG org.asynchttpclient.netty.request.NettyRequestSender - Using open Channel [id: 0xe5d8634f, L:/127.0.0.1:51531 - R:localhost/127.0.0.1:22940] for GET '/session/e6bec8a8aaf91b944f0c5a103a7ec2fc/screenshot'
16:13:07.812 [AsyncHttpClient-1-12] DEBUG org.asynchttpclient.netty.handler.HttpHandler - 

Request DefaultFullHttpRequest(decodeResult: success, version: HTTP/1.1, content: EmptyByteBufBE)
GET /session/e6bec8a8aaf91b944f0c5a103a7ec2fc/screenshot HTTP/1.1
User-Agent: selenium/4.8.1 (java windows)
Cache-Control: no-cache
Content-Type: application/json; charset=utf-8
host: localhost:22940
accept: */*

Response DefaultHttpResponse(decodeResult: success, version: HTTP/1.1)
HTTP/1.1 200 OK
Content-Length: 25208
Content-Type: application/json; charset=utf-8
cache-control: no-cache

16:13:07.812 [AsyncHttpClient-1-12] DEBUG org.asynchttpclient.netty.channel.ChannelManager - Adding key: http://localhost:22940 for channel [id: 0xe5d8634f, L:/127.0.0.1:51531 - R:localhost/127.0.0.1:22940]
16:13:07.813 [main] DEBUG net.serenitybdd.core.photography.Darkroom - Send negative for processing for target\site\serenity\edb14d4aab401efa0e4fb99861e6ffcafebc86a67b69f7828890b9910ed2ddbd.png
16:13:07.813 [main] DEBUG net.thucydides.core.steps.StepInterceptor - STEP DONE: openPage
16:13:07.818 [Forwarding getPageSource on session e6bec8a8aaf91b944f0c5a103a7ec2fc to remote] DEBUG org.asynchttpclient.netty.request.NettyRequestSender - Using pooled Channel '[id: 0xe5d8634f, L:/127.0.0.1:51531 - R:localhost/127.0.0.1:22940]' for 'POST' to 'http://localhost:22940/session/e6bec8a8aaf91b944f0c5a103a7ec2fc/execute/sync'
16:13:07.818 [Forwarding getPageSource on session e6bec8a8aaf91b944f0c5a103a7ec2fc to remote] DEBUG org.asynchttpclient.netty.request.NettyRequestSender - Using open Channel [id: 0xe5d8634f, L:/127.0.0.1:51531 - R:localhost/127.0.0.1:22940] for POST '/session/e6bec8a8aaf91b944f0c5a103a7ec2fc/execute/sync'
16:13:07.822 [AsyncHttpClient-1-12] DEBUG org.asynchttpclient.netty.handler.HttpHandler - 

Request DefaultHttpRequest(decodeResult: success, version: HTTP/1.1)
POST /session/e6bec8a8aaf91b944f0c5a103a7ec2fc/execute/sync HTTP/1.1
User-Agent: selenium/4.8.1 (java windows)
Content-Length: 176
Content-Type: application/json; charset=utf-8
host: localhost:22940
accept: */*

Response DefaultHttpResponse(decodeResult: success, version: HTTP/1.1)
HTTP/1.1 200 OK
Content-Length: 21659
Content-Type: application/json; charset=utf-8
cache-control: no-cache

16:13:07.822 [AsyncHttpClient-1-12] DEBUG org.asynchttpclient.netty.channel.ChannelManager - Adding key: http://localhost:22940 for channel [id: 0xe5d8634f, L:/127.0.0.1:51531 - R:localhost/127.0.0.1:22940]
16:13:07.824 [Forwarding getCurrentUrl on session e6bec8a8aaf91b944f0c5a103a7ec2fc to remote] DEBUG org.asynchttpclient.netty.request.NettyRequestSender - Using pooled Channel '[id: 0xe5d8634f, L:/127.0.0.1:51531 - R:localhost/127.0.0.1:22940]' for 'GET' to 'http://localhost:22940/session/e6bec8a8aaf91b944f0c5a103a7ec2fc/url'
16:13:07.824 [Forwarding getCurrentUrl on session e6bec8a8aaf91b944f0c5a103a7ec2fc to remote] DEBUG org.asynchttpclient.netty.request.NettyRequestSender - Using open Channel [id: 0xe5d8634f, L:/127.0.0.1:51531 - R:localhost/127.0.0.1:22940] for GET '/session/e6bec8a8aaf91b944f0c5a103a7ec2fc/url'
16:13:07.828 [AsyncHttpClient-1-12] DEBUG org.asynchttpclient.netty.handler.HttpHandler - 

Request DefaultFullHttpRequest(decodeResult: success, version: HTTP/1.1, content: EmptyByteBufBE)
GET /session/e6bec8a8aaf91b944f0c5a103a7ec2fc/url HTTP/1.1
User-Agent: selenium/4.8.1 (java windows)
Cache-Control: no-cache
Content-Type: application/json; charset=utf-8
host: localhost:22940
accept: */*

Response DefaultHttpResponse(decodeResult: success, version: HTTP/1.1)
HTTP/1.1 200 OK
Content-Length: 51
Content-Type: application/json; charset=utf-8
cache-control: no-cache

16:13:07.828 [AsyncHttpClient-1-12] DEBUG org.asynchttpclient.netty.channel.ChannelManager - Adding key: http://localhost:22940 for channel [id: 0xe5d8634f, L:/127.0.0.1:51531 - R:localhost/127.0.0.1:22940]
16:13:07.830 [main] DEBUG net.thucydides.core.steps.StepInterceptor - STARTING STEP: CategorySteps.goToHomePage - clickToolbarTitle
16:13:07.832 [Forwarding findElement on session e6bec8a8aaf91b944f0c5a103a7ec2fc to remote] DEBUG org.asynchttpclient.netty.request.NettyRequestSender - Using pooled Channel '[id: 0xe5d8634f, L:/127.0.0.1:51531 - R:localhost/127.0.0.1:22940]' for 'POST' to 'http://localhost:22940/session/e6bec8a8aaf91b944f0c5a103a7ec2fc/element'
16:13:07.832 [Forwarding findElement on session e6bec8a8aaf91b944f0c5a103a7ec2fc to remote] DEBUG org.asynchttpclient.netty.request.NettyRequestSender - Using open Channel [id: 0xe5d8634f, L:/127.0.0.1:51531 - R:localhost/127.0.0.1:22940] for POST '/session/e6bec8a8aaf91b944f0c5a103a7ec2fc/element'
16:13:07.839 [AsyncHttpClient-1-12] DEBUG org.asynchttpclient.netty.handler.HttpHandler - 

Request DefaultHttpRequest(decodeResult: success, version: HTTP/1.1)
POST /session/e6bec8a8aaf91b944f0c5a103a7ec2fc/element HTTP/1.1
User-Agent: selenium/4.8.1 (java windows)
Content-Length: 63
Content-Type: application/json; charset=utf-8
host: localhost:22940
accept: */*

Response DefaultHttpResponse(decodeResult: success, version: HTTP/1.1)
HTTP/1.1 200 OK
Content-Length: 88
Content-Type: application/json; charset=utf-8
cache-control: no-cache

16:13:07.839 [AsyncHttpClient-1-12] DEBUG org.asynchttpclient.netty.channel.ChannelManager - Adding key: http://localhost:22940 for channel [id: 0xe5d8634f, L:/127.0.0.1:51531 - R:localhost/127.0.0.1:22940]
16:13:07.839 [Forwarding getElementTagName on session e6bec8a8aaf91b944f0c5a103a7ec2fc to remote] DEBUG org.asynchttpclient.netty.request.NettyRequestSender - Using pooled Channel '[id: 0xe5d8634f, L:/127.0.0.1:51531 - R:localhost/127.0.0.1:22940]' for 'GET' to 'http://localhost:22940/session/e6bec8a8aaf91b944f0c5a103a7ec2fc/element/17f3ab7a-e989-4201-aefa-46522f324da0/name'
16:13:07.839 [Forwarding getElementTagName on session e6bec8a8aaf91b944f0c5a103a7ec2fc to remote] DEBUG org.asynchttpclient.netty.request.NettyRequestSender - Using open Channel [id: 0xe5d8634f, L:/127.0.0.1:51531 - R:localhost/127.0.0.1:22940] for GET '/session/e6bec8a8aaf91b944f0c5a103a7ec2fc/element/17f3ab7a-e989-4201-aefa-46522f324da0/name'
16:13:07.842 [AsyncHttpClient-1-12] DEBUG org.asynchttpclient.netty.handler.HttpHandler - 

Request DefaultFullHttpRequest(decodeResult: success, version: HTTP/1.1, content: EmptyByteBufBE)
GET /session/e6bec8a8aaf91b944f0c5a103a7ec2fc/element/17f3ab7a-e989-4201-aefa-46522f324da0/name HTTP/1.1
User-Agent: selenium/4.8.1 (java windows)
Cache-Control: no-cache
Content-Type: application/json; charset=utf-8
host: localhost:22940
accept: */*

Response DefaultHttpResponse(decodeResult: success, version: HTTP/1.1)
HTTP/1.1 200 OK
Content-Length: 15
Content-Type: application/json; charset=utf-8
cache-control: no-cache

16:13:07.842 [AsyncHttpClient-1-12] DEBUG org.asynchttpclient.netty.channel.ChannelManager - Adding key: http://localhost:22940 for channel [id: 0xe5d8634f, L:/127.0.0.1:51531 - R:localhost/127.0.0.1:22940]
16:13:07.843 [Forwarding getElementTagName on session e6bec8a8aaf91b944f0c5a103a7ec2fc to remote] DEBUG org.asynchttpclient.netty.request.NettyRequestSender - Using pooled Channel '[id: 0xe5d8634f, L:/127.0.0.1:51531 - R:localhost/127.0.0.1:22940]' for 'GET' to 'http://localhost:22940/session/e6bec8a8aaf91b944f0c5a103a7ec2fc/element/17f3ab7a-e989-4201-aefa-46522f324da0/name'
16:13:07.843 [Forwarding getElementTagName on session e6bec8a8aaf91b944f0c5a103a7ec2fc to remote] DEBUG org.asynchttpclient.netty.request.NettyRequestSender - Using open Channel [id: 0xe5d8634f, L:/127.0.0.1:51531 - R:localhost/127.0.0.1:22940] for GET '/session/e6bec8a8aaf91b944f0c5a103a7ec2fc/element/17f3ab7a-e989-4201-aefa-46522f324da0/name'
16:13:07.845 [AsyncHttpClient-1-12] DEBUG org.asynchttpclient.netty.handler.HttpHandler - 

Request DefaultFullHttpRequest(decodeResult: success, version: HTTP/1.1, content: EmptyByteBufBE)
GET /session/e6bec8a8aaf91b944f0c5a103a7ec2fc/element/17f3ab7a-e989-4201-aefa-46522f324da0/name HTTP/1.1
User-Agent: selenium/4.8.1 (java windows)
Cache-Control: no-cache
Content-Type: application/json; charset=utf-8
host: localhost:22940
accept: */*

Response DefaultHttpResponse(decodeResult: success, version: HTTP/1.1)
HTTP/1.1 200 OK
Content-Length: 15
Content-Type: application/json; charset=utf-8
cache-control: no-cache

16:13:07.845 [AsyncHttpClient-1-12] DEBUG org.asynchttpclient.netty.channel.ChannelManager - Adding key: http://localhost:22940 for channel [id: 0xe5d8634f, L:/127.0.0.1:51531 - R:localhost/127.0.0.1:22940]
16:13:07.846 [Forwarding findElement on session e6bec8a8aaf91b944f0c5a103a7ec2fc to remote] DEBUG org.asynchttpclient.netty.request.NettyRequestSender - Using pooled Channel '[id: 0xe5d8634f, L:/127.0.0.1:51531 - R:localhost/127.0.0.1:22940]' for 'POST' to 'http://localhost:22940/session/e6bec8a8aaf91b944f0c5a103a7ec2fc/element'
16:13:07.846 [Forwarding findElement on session e6bec8a8aaf91b944f0c5a103a7ec2fc to remote] DEBUG org.asynchttpclient.netty.request.NettyRequestSender - Using open Channel [id: 0xe5d8634f, L:/127.0.0.1:51531 - R:localhost/127.0.0.1:22940] for POST '/session/e6bec8a8aaf91b944f0c5a103a7ec2fc/element'
16:13:07.850 [AsyncHttpClient-1-12] DEBUG org.asynchttpclient.netty.handler.HttpHandler - 

Request DefaultHttpRequest(decodeResult: success, version: HTTP/1.1)
POST /session/e6bec8a8aaf91b944f0c5a103a7ec2fc/element HTTP/1.1
User-Agent: selenium/4.8.1 (java windows)
Content-Length: 63
Content-Type: application/json; charset=utf-8
host: localhost:22940
accept: */*

Response DefaultHttpResponse(decodeResult: success, version: HTTP/1.1)
HTTP/1.1 200 OK
Content-Length: 88
Content-Type: application/json; charset=utf-8
cache-control: no-cache

16:13:07.850 [AsyncHttpClient-1-12] DEBUG org.asynchttpclient.netty.channel.ChannelManager - Adding key: http://localhost:22940 for channel [id: 0xe5d8634f, L:/127.0.0.1:51531 - R:localhost/127.0.0.1:22940]
16:13:07.851 [Forwarding clickElement on session e6bec8a8aaf91b944f0c5a103a7ec2fc to remote] DEBUG org.asynchttpclient.netty.request.NettyRequestSender - Using pooled Channel '[id: 0xe5d8634f, L:/127.0.0.1:51531 - R:localhost/127.0.0.1:22940]' for 'POST' to 'http://localhost:22940/session/e6bec8a8aaf91b944f0c5a103a7ec2fc/element/17f3ab7a-e989-4201-aefa-46522f324da0/click'
16:13:07.851 [Forwarding clickElement on session e6bec8a8aaf91b944f0c5a103a7ec2fc to remote] DEBUG org.asynchttpclient.netty.request.NettyRequestSender - Using open Channel [id: 0xe5d8634f, L:/127.0.0.1:51531 - R:localhost/127.0.0.1:22940] for POST '/session/e6bec8a8aaf91b944f0c5a103a7ec2fc/element/17f3ab7a-e989-4201-aefa-46522f324da0/click'
16:13:07.894 [AsyncHttpClient-1-12] DEBUG org.asynchttpclient.netty.handler.HttpHandler - 

Request DefaultHttpRequest(decodeResult: success, version: HTTP/1.1)
POST /session/e6bec8a8aaf91b944f0c5a103a7ec2fc/element/17f3ab7a-e989-4201-aefa-46522f324da0/click HTTP/1.1
User-Agent: selenium/4.8.1 (java windows)
Content-Length: 50
Content-Type: application/json; charset=utf-8
host: localhost:22940
accept: */*

Response DefaultHttpResponse(decodeResult: success, version: HTTP/1.1)
HTTP/1.1 200 OK
Content-Length: 14
Content-Type: application/json; charset=utf-8
cache-control: no-cache

16:13:07.894 [AsyncHttpClient-1-12] DEBUG org.asynchttpclient.netty.channel.ChannelManager - Adding key: http://localhost:22940 for channel [id: 0xe5d8634f, L:/127.0.0.1:51531 - R:localhost/127.0.0.1:22940]
16:13:07.897 [Forwarding getAlertText on session e6bec8a8aaf91b944f0c5a103a7ec2fc to remote] DEBUG org.asynchttpclient.netty.request.NettyRequestSender - Using pooled Channel '[id: 0xe5d8634f, L:/127.0.0.1:51531 - R:localhost/127.0.0.1:22940]' for 'GET' to 'http://localhost:22940/session/e6bec8a8aaf91b944f0c5a103a7ec2fc/alert/text'
16:13:07.897 [Forwarding getAlertText on session e6bec8a8aaf91b944f0c5a103a7ec2fc to remote] DEBUG org.asynchttpclient.netty.request.NettyRequestSender - Using open Channel [id: 0xe5d8634f, L:/127.0.0.1:51531 - R:localhost/127.0.0.1:22940] for GET '/session/e6bec8a8aaf91b944f0c5a103a7ec2fc/alert/text'
16:13:07.898 [AsyncHttpClient-1-12] DEBUG org.asynchttpclient.netty.handler.HttpHandler - 

Request DefaultFullHttpRequest(decodeResult: success, version: HTTP/1.1, content: EmptyByteBufBE)
GET /session/e6bec8a8aaf91b944f0c5a103a7ec2fc/alert/text HTTP/1.1
User-Agent: selenium/4.8.1 (java windows)
Cache-Control: no-cache
Content-Type: application/json; charset=utf-8
host: localhost:22940
accept: */*

Response DefaultHttpResponse(decodeResult: success, version: HTTP/1.1)
HTTP/1.1 404 Not Found
Content-Length: 836
Content-Type: application/json; charset=utf-8
cache-control: no-cache

16:13:07.899 [AsyncHttpClient-1-12] DEBUG org.asynchttpclient.netty.channel.ChannelManager - Adding key: http://localhost:22940 for channel [id: 0xe5d8634f, L:/127.0.0.1:51531 - R:localhost/127.0.0.1:22940]
16:13:07.899 [Forwarding getCurrentUrl on session e6bec8a8aaf91b944f0c5a103a7ec2fc to remote] DEBUG org.asynchttpclient.netty.request.NettyRequestSender - Using pooled Channel '[id: 0xe5d8634f, L:/127.0.0.1:51531 - R:localhost/127.0.0.1:22940]' for 'GET' to 'http://localhost:22940/session/e6bec8a8aaf91b944f0c5a103a7ec2fc/url'
16:13:07.899 [Forwarding getCurrentUrl on session e6bec8a8aaf91b944f0c5a103a7ec2fc to remote] DEBUG org.asynchttpclient.netty.request.NettyRequestSender - Using open Channel [id: 0xe5d8634f, L:/127.0.0.1:51531 - R:localhost/127.0.0.1:22940] for GET '/session/e6bec8a8aaf91b944f0c5a103a7ec2fc/url'
16:13:07.903 [AsyncHttpClient-1-12] DEBUG org.asynchttpclient.netty.handler.HttpHandler - 

Request DefaultFullHttpRequest(decodeResult: success, version: HTTP/1.1, content: EmptyByteBufBE)
GET /session/e6bec8a8aaf91b944f0c5a103a7ec2fc/url HTTP/1.1
User-Agent: selenium/4.8.1 (java windows)
Cache-Control: no-cache
Content-Type: application/json; charset=utf-8
host: localhost:22940
accept: */*

Response DefaultHttpResponse(decodeResult: success, version: HTTP/1.1)
HTTP/1.1 200 OK
Content-Length: 41
Content-Type: application/json; charset=utf-8
cache-control: no-cache

16:13:07.903 [AsyncHttpClient-1-12] DEBUG org.asynchttpclient.netty.channel.ChannelManager - Adding key: http://localhost:22940 for channel [id: 0xe5d8634f, L:/127.0.0.1:51531 - R:localhost/127.0.0.1:22940]
16:13:07.903 [Forwarding screenshot on session e6bec8a8aaf91b944f0c5a103a7ec2fc to remote] DEBUG org.asynchttpclient.netty.request.NettyRequestSender - Using pooled Channel '[id: 0xe5d8634f, L:/127.0.0.1:51531 - R:localhost/127.0.0.1:22940]' for 'GET' to 'http://localhost:22940/session/e6bec8a8aaf91b944f0c5a103a7ec2fc/screenshot'
16:13:07.903 [Forwarding screenshot on session e6bec8a8aaf91b944f0c5a103a7ec2fc to remote] DEBUG org.asynchttpclient.netty.request.NettyRequestSender - Using open Channel [id: 0xe5d8634f, L:/127.0.0.1:51531 - R:localhost/127.0.0.1:22940] for GET '/session/e6bec8a8aaf91b944f0c5a103a7ec2fc/screenshot'
16:13:08.042 [AsyncHttpClient-1-12] DEBUG org.asynchttpclient.netty.handler.HttpHandler - 

Request DefaultFullHttpRequest(decodeResult: success, version: HTTP/1.1, content: EmptyByteBufBE)
GET /session/e6bec8a8aaf91b944f0c5a103a7ec2fc/screenshot HTTP/1.1
User-Agent: selenium/4.8.1 (java windows)
Cache-Control: no-cache
Content-Type: application/json; charset=utf-8
host: localhost:22940
accept: */*

Response DefaultHttpResponse(decodeResult: success, version: HTTP/1.1)
HTTP/1.1 200 OK
Content-Length: 25928
Content-Type: application/json; charset=utf-8
cache-control: no-cache

16:13:08.042 [AsyncHttpClient-1-12] DEBUG org.asynchttpclient.netty.channel.ChannelManager - Adding key: http://localhost:22940 for channel [id: 0xe5d8634f, L:/127.0.0.1:51531 - R:localhost/127.0.0.1:22940]
16:13:08.043 [main] DEBUG net.serenitybdd.core.photography.Darkroom - Send negative for processing for target\site\serenity\f6e7f8719a0f50fbd43964be48aa46b3bb709f4aaa98ed5fdea66cdb65143162.png
16:13:08.044 [main] DEBUG net.thucydides.core.steps.StepInterceptor - STEP DONE: clickToolbarTitle
  &amp#27;[32mGiven &amp#27;[0m&amp#27;[32mI go to the alta shop home page&amp#27;[0m  &amp#27;[90m# starter.stepdefinitions.CategorySteps.goToHomePage()&amp#27;[0m
16:13:08.044 [Darkroom Processing Line] DEBUG net.serenitybdd.core.photography.DarkroomProcessingLine - Processing screenshot image in /var/screenshots/screenshot-17069265953315590151
16:13:08.044 [Darkroom Processing Line] DEBUG net.serenitybdd.core.photography.DarkroomProcessingLine - Saving screenshot to target\site\serenity\f6e7f8719a0f50fbd43964be48aa46b3bb709f4aaa98ed5fdea66cdb65143162.png
16:13:08.055 [Forwarding getPageSource on session e6bec8a8aaf91b944f0c5a103a7ec2fc to remote] DEBUG org.asynchttpclient.netty.request.NettyRequestSender - Using pooled Channel '[id: 0xe5d8634f, L:/127.0.0.1:51531 - R:localhost/127.0.0.1:22940]' for 'POST' to 'http://localhost:22940/session/e6bec8a8aaf91b944f0c5a103a7ec2fc/execute/sync'
16:13:08.055 [Forwarding getPageSource on session e6bec8a8aaf91b944f0c5a103a7ec2fc to remote] DEBUG org.asynchttpclient.netty.request.NettyRequestSender - Using open Channel [id: 0xe5d8634f, L:/127.0.0.1:51531 - R:localhost/127.0.0.1:22940] for POST '/session/e6bec8a8aaf91b944f0c5a103a7ec2fc/execute/sync'
16:13:08.059 [AsyncHttpClient-1-12] DEBUG org.asynchttpclient.netty.handler.HttpHandler - 

Request DefaultHttpRequest(decodeResult: success, version: HTTP/1.1)
POST /session/e6bec8a8aaf91b944f0c5a103a7ec2fc/execute/sync HTTP/1.1
User-Agent: selenium/4.8.1 (java windows)
Content-Length: 176
Content-Type: application/json; charset=utf-8
host: localhost:22940
accept: */*

Response DefaultHttpResponse(decodeResult: success, version: HTTP/1.1)
HTTP/1.1 200 OK
Content-Length: 28688
Content-Type: application/json; charset=utf-8
cache-control: no-cache

16:13:08.059 [AsyncHttpClient-1-12] DEBUG org.asynchttpclient.netty.channel.ChannelManager - Adding key: http://localhost:22940 for channel [id: 0xe5d8634f, L:/127.0.0.1:51531 - R:localhost/127.0.0.1:22940]
16:13:08.062 [Forwarding getCurrentUrl on session e6bec8a8aaf91b944f0c5a103a7ec2fc to remote] DEBUG org.asynchttpclient.netty.request.NettyRequestSender - Using pooled Channel '[id: 0xe5d8634f, L:/127.0.0.1:51531 - R:localhost/127.0.0.1:22940]' for 'GET' to 'http://localhost:22940/session/e6bec8a8aaf91b944f0c5a103a7ec2fc/url'
16:13:08.062 [Forwarding getCurrentUrl on session e6bec8a8aaf91b944f0c5a103a7ec2fc to remote] DEBUG org.asynchttpclient.netty.request.NettyRequestSender - Using open Channel [id: 0xe5d8634f, L:/127.0.0.1:51531 - R:localhost/127.0.0.1:22940] for GET '/session/e6bec8a8aaf91b944f0c5a103a7ec2fc/url'
16:13:08.066 [AsyncHttpClient-1-12] DEBUG org.asynchttpclient.netty.handler.HttpHandler - 

Request DefaultFullHttpRequest(decodeResult: success, version: HTTP/1.1, content: EmptyByteBufBE)
GET /session/e6bec8a8aaf91b944f0c5a103a7ec2fc/url HTTP/1.1
User-Agent: selenium/4.8.1 (java windows)
Cache-Control: no-cache
Content-Type: application/json; charset=utf-8
host: localhost:22940
accept: */*

Response DefaultHttpResponse(decodeResult: success, version: HTTP/1.1)
HTTP/1.1 200 OK
Content-Length: 41
Content-Type: application/json; charset=utf-8
cache-control: no-cache

16:13:08.066 [AsyncHttpClient-1-12] DEBUG org.asynchttpclient.netty.channel.ChannelManager - Adding key: http://localhost:22940 for channel [id: 0xe5d8634f, L:/127.0.0.1:51531 - R:localhost/127.0.0.1:22940]
16:13:08.126 [Forwarding getAlertText on session e6bec8a8aaf91b944f0c5a103a7ec2fc to remote] DEBUG org.asynchttpclient.netty.request.NettyRequestSender - Using pooled Channel '[id: 0xe5d8634f, L:/127.0.0.1:51531 - R:localhost/127.0.0.1:22940]' for 'GET' to 'http://localhost:22940/session/e6bec8a8aaf91b944f0c5a103a7ec2fc/alert/text'
16:13:08.126 [Forwarding getAlertText on session e6bec8a8aaf91b944f0c5a103a7ec2fc to remote] DEBUG org.asynchttpclient.netty.request.NettyRequestSender - Using open Channel [id: 0xe5d8634f, L:/127.0.0.1:51531 - R:localhost/127.0.0.1:22940] for GET '/session/e6bec8a8aaf91b944f0c5a103a7ec2fc/alert/text'
16:13:08.133 [AsyncHttpClient-1-12] DEBUG org.asynchttpclient.netty.handler.HttpHandler - 

Request DefaultFullHttpRequest(decodeResult: success, version: HTTP/1.1, content: EmptyByteBufBE)
GET /session/e6bec8a8aaf91b944f0c5a103a7ec2fc/alert/text HTTP/1.1
User-Agent: selenium/4.8.1 (java windows)
Cache-Control: no-cache
Content-Type: application/json; charset=utf-8
host: localhost:22940
accept: */*

Response DefaultHttpResponse(decodeResult: success, version: HTTP/1.1)
HTTP/1.1 404 Not Found
Content-Length: 836
Content-Type: application/json; charset=utf-8
cache-control: no-cache

16:13:08.133 [AsyncHttpClient-1-12] DEBUG org.asynchttpclient.netty.channel.ChannelManager - Adding key: http://localhost:22940 for channel [id: 0xe5d8634f, L:/127.0.0.1:51531 - R:localhost/127.0.0.1:22940]
16:13:08.134 [Forwarding getCurrentUrl on session e6bec8a8aaf91b944f0c5a103a7ec2fc to remote] DEBUG org.asynchttpclient.netty.request.NettyRequestSender - Using pooled Channel '[id: 0xe5d8634f, L:/127.0.0.1:51531 - R:localhost/127.0.0.1:22940]' for 'GET' to 'http://localhost:22940/session/e6bec8a8aaf91b944f0c5a103a7ec2fc/url'
16:13:08.134 [Forwarding getCurrentUrl on session e6bec8a8aaf91b944f0c5a103a7ec2fc to remote] DEBUG org.asynchttpclient.netty.request.NettyRequestSender - Using open Channel [id: 0xe5d8634f, L:/127.0.0.1:51531 - R:localhost/127.0.0.1:22940] for GET '/session/e6bec8a8aaf91b944f0c5a103a7ec2fc/url'
16:13:08.146 [AsyncHttpClient-1-12] DEBUG org.asynchttpclient.netty.handler.HttpHandler - 

Request DefaultFullHttpRequest(decodeResult: success, version: HTTP/1.1, content: EmptyByteBufBE)
GET /session/e6bec8a8aaf91b944f0c5a103a7ec2fc/url HTTP/1.1
User-Agent: selenium/4.8.1 (java windows)
Cache-Control: no-cache
Content-Type: application/json; charset=utf-8
host: localhost:22940
accept: */*

Response DefaultHttpResponse(decodeResult: success, version: HTTP/1.1)
HTTP/1.1 200 OK
Content-Length: 41
Content-Type: application/json; charset=utf-8
cache-control: no-cache

16:13:08.146 [AsyncHttpClient-1-12] DEBUG org.asynchttpclient.netty.channel.ChannelManager - Adding key: http://localhost:22940 for channel [id: 0xe5d8634f, L:/127.0.0.1:51531 - R:localhost/127.0.0.1:22940]
16:13:08.148 [Forwarding screenshot on session e6bec8a8aaf91b944f0c5a103a7ec2fc to remote] DEBUG org.asynchttpclient.netty.request.NettyRequestSender - Using pooled Channel '[id: 0xe5d8634f, L:/127.0.0.1:51531 - R:localhost/127.0.0.1:22940]' for 'GET' to 'http://localhost:22940/session/e6bec8a8aaf91b944f0c5a103a7ec2fc/screenshot'
16:13:08.148 [Forwarding screenshot on session e6bec8a8aaf91b944f0c5a103a7ec2fc to remote] DEBUG org.asynchttpclient.netty.request.NettyRequestSender - Using open Channel [id: 0xe5d8634f, L:/127.0.0.1:51531 - R:localhost/127.0.0.1:22940] for GET '/session/e6bec8a8aaf91b944f0c5a103a7ec2fc/screenshot'
16:13:08.259 [AsyncHttpClient-1-12] DEBUG org.asynchttpclient.netty.handler.HttpHandler - 

Request DefaultFullHttpRequest(decodeResult: success, version: HTTP/1.1, content: EmptyByteBufBE)
GET /session/e6bec8a8aaf91b944f0c5a103a7ec2fc/screenshot HTTP/1.1
User-Agent: selenium/4.8.1 (java windows)
Cache-Control: no-cache
Content-Type: application/json; charset=utf-8
host: localhost:22940
accept: */*

Response DefaultHttpResponse(decodeResult: success, version: HTTP/1.1)
HTTP/1.1 200 OK
Content-Length: 34192
Content-Type: application/json; charset=utf-8
cache-control: no-cache

16:13:08.259 [AsyncHttpClient-1-12] DEBUG org.asynchttpclient.netty.channel.ChannelManager - Adding key: http://localhost:22940 for channel [id: 0xe5d8634f, L:/127.0.0.1:51531 - R:localhost/127.0.0.1:22940]
16:13:08.260 [main] DEBUG net.serenitybdd.core.photography.Darkroom - Send negative for processing for target\site\serenity\1b8b2ee311919a2a4261981a451fdcf0020a77091f40b55a70e7cc06fb9a70dd.png
16:13:08.261 [Darkroom Processing Line] DEBUG net.serenitybdd.core.photography.DarkroomProcessingLine - Processing screenshot image in /var/screenshots/screenshot-5895627807291132698
16:13:08.261 [Darkroom Processing Line] DEBUG net.serenitybdd.core.photography.DarkroomProcessingLine - Saving screenshot to target\site\serenity\1b8b2ee311919a2a4261981a451fdcf0020a77091f40b55a70e7cc06fb9a70dd.png
16:13:08.262 [Forwarding getPageSource on session e6bec8a8aaf91b944f0c5a103a7ec2fc to remote] DEBUG org.asynchttpclient.netty.request.NettyRequestSender - Using pooled Channel '[id: 0xe5d8634f, L:/127.0.0.1:51531 - R:localhost/127.0.0.1:22940]' for 'POST' to 'http://localhost:22940/session/e6bec8a8aaf91b944f0c5a103a7ec2fc/execute/sync'
16:13:08.262 [Forwarding getPageSource on session e6bec8a8aaf91b944f0c5a103a7ec2fc to remote] DEBUG org.asynchttpclient.netty.request.NettyRequestSender - Using open Channel [id: 0xe5d8634f, L:/127.0.0.1:51531 - R:localhost/127.0.0.1:22940] for POST '/session/e6bec8a8aaf91b944f0c5a103a7ec2fc/execute/sync'
16:13:08.267 [AsyncHttpClient-1-12] DEBUG org.asynchttpclient.netty.handler.HttpHandler - 

Request DefaultHttpRequest(decodeResult: success, version: HTTP/1.1)
POST /session/e6bec8a8aaf91b944f0c5a103a7ec2fc/execute/sync HTTP/1.1
User-Agent: selenium/4.8.1 (java windows)
Content-Length: 176
Content-Type: application/json; charset=utf-8
host: localhost:22940
accept: */*

Response DefaultHttpResponse(decodeResult: success, version: HTTP/1.1)
HTTP/1.1 200 OK
Content-Length: 28688
Content-Type: application/json; charset=utf-8
cache-control: no-cache

16:13:08.267 [AsyncHttpClient-1-12] DEBUG org.asynchttpclient.netty.channel.ChannelManager - Adding key: http://localhost:22940 for channel [id: 0xe5d8634f, L:/127.0.0.1:51531 - R:localhost/127.0.0.1:22940]
16:13:08.268 [Forwarding getCurrentUrl on session e6bec8a8aaf91b944f0c5a103a7ec2fc to remote] DEBUG org.asynchttpclient.netty.request.NettyRequestSender - Using pooled Channel '[id: 0xe5d8634f, L:/127.0.0.1:51531 - R:localhost/127.0.0.1:22940]' for 'GET' to 'http://localhost:22940/session/e6bec8a8aaf91b944f0c5a103a7ec2fc/url'
16:13:08.268 [Forwarding getCurrentUrl on session e6bec8a8aaf91b944f0c5a103a7ec2fc to remote] DEBUG org.asynchttpclient.netty.request.NettyRequestSender - Using open Channel [id: 0xe5d8634f, L:/127.0.0.1:51531 - R:localhost/127.0.0.1:22940] for GET '/session/e6bec8a8aaf91b944f0c5a103a7ec2fc/url'
16:13:08.271 [AsyncHttpClient-1-12] DEBUG org.asynchttpclient.netty.handler.HttpHandler - 

Request DefaultFullHttpRequest(decodeResult: success, version: HTTP/1.1, content: EmptyByteBufBE)
GET /session/e6bec8a8aaf91b944f0c5a103a7ec2fc/url HTTP/1.1
User-Agent: selenium/4.8.1 (java windows)
Cache-Control: no-cache
Content-Type: application/json; charset=utf-8
host: localhost:22940
accept: */*

Response DefaultHttpResponse(decodeResult: success, version: HTTP/1.1)
HTTP/1.1 200 OK
Content-Length: 41
Content-Type: application/json; charset=utf-8
cache-control: no-cache

16:13:08.271 [AsyncHttpClient-1-12] DEBUG org.asynchttpclient.netty.channel.ChannelManager - Adding key: http://localhost:22940 for channel [id: 0xe5d8634f, L:/127.0.0.1:51531 - R:localhost/127.0.0.1:22940]
16:13:08.273 [main] DEBUG net.thucydides.core.steps.StepInterceptor - STARTING STEP: TransactionSteps.clickLoginIcon - clickLoginIcon
16:13:08.275 [Forwarding findElement on session e6bec8a8aaf91b944f0c5a103a7ec2fc to remote] DEBUG org.asynchttpclient.netty.request.NettyRequestSender - Using pooled Channel '[id: 0xe5d8634f, L:/127.0.0.1:51531 - R:localhost/127.0.0.1:22940]' for 'POST' to 'http://localhost:22940/session/e6bec8a8aaf91b944f0c5a103a7ec2fc/element'
16:13:08.275 [Forwarding findElement on session e6bec8a8aaf91b944f0c5a103a7ec2fc to remote] DEBUG org.asynchttpclient.netty.request.NettyRequestSender - Using open Channel [id: 0xe5d8634f, L:/127.0.0.1:51531 - R:localhost/127.0.0.1:22940] for POST '/session/e6bec8a8aaf91b944f0c5a103a7ec2fc/element'
16:13:08.283 [AsyncHttpClient-1-12] DEBUG org.asynchttpclient.netty.handler.HttpHandler - 

Request DefaultHttpRequest(decodeResult: success, version: HTTP/1.1)
POST /session/e6bec8a8aaf91b944f0c5a103a7ec2fc/element HTTP/1.1
User-Agent: selenium/4.8.1 (java windows)
Content-Length: 59
Content-Type: application/json; charset=utf-8
host: localhost:22940
accept: */*

Response DefaultHttpResponse(decodeResult: success, version: HTTP/1.1)
HTTP/1.1 200 OK
Content-Length: 88
Content-Type: application/json; charset=utf-8
cache-control: no-cache

16:13:08.283 [AsyncHttpClient-1-12] DEBUG org.asynchttpclient.netty.channel.ChannelManager - Adding key: http://localhost:22940 for channel [id: 0xe5d8634f, L:/127.0.0.1:51531 - R:localhost/127.0.0.1:22940]
16:13:08.284 [Forwarding getElementTagName on session e6bec8a8aaf91b944f0c5a103a7ec2fc to remote] DEBUG org.asynchttpclient.netty.request.NettyRequestSender - Using pooled Channel '[id: 0xe5d8634f, L:/127.0.0.1:51531 - R:localhost/127.0.0.1:22940]' for 'GET' to 'http://localhost:22940/session/e6bec8a8aaf91b944f0c5a103a7ec2fc/element/97d08095-739a-44b1-82a0-ce8ebb650a21/name'
16:13:08.284 [Forwarding getElementTagName on session e6bec8a8aaf91b944f0c5a103a7ec2fc to remote] DEBUG org.asynchttpclient.netty.request.NettyRequestSender - Using open Channel [id: 0xe5d8634f, L:/127.0.0.1:51531 - R:localhost/127.0.0.1:22940] for GET '/session/e6bec8a8aaf91b944f0c5a103a7ec2fc/element/97d08095-739a-44b1-82a0-ce8ebb650a21/name'
16:13:08.286 [AsyncHttpClient-1-12] DEBUG org.asynchttpclient.netty.handler.HttpHandler - 

Request DefaultFullHttpRequest(decodeResult: success, version: HTTP/1.1, content: EmptyByteBufBE)
GET /session/e6bec8a8aaf91b944f0c5a103a7ec2fc/element/97d08095-739a-44b1-82a0-ce8ebb650a21/name HTTP/1.1
User-Agent: selenium/4.8.1 (java windows)
Cache-Control: no-cache
Content-Type: application/json; charset=utf-8
host: localhost:22940
accept: */*

Response DefaultHttpResponse(decodeResult: success, version: HTTP/1.1)
HTTP/1.1 200 OK
Content-Length: 13
Content-Type: application/json; charset=utf-8
cache-control: no-cache

16:13:08.286 [AsyncHttpClient-1-12] DEBUG org.asynchttpclient.netty.channel.ChannelManager - Adding key: http://localhost:22940 for channel [id: 0xe5d8634f, L:/127.0.0.1:51531 - R:localhost/127.0.0.1:22940]
16:13:08.287 [Forwarding getElementTagName on session e6bec8a8aaf91b944f0c5a103a7ec2fc to remote] DEBUG org.asynchttpclient.netty.request.NettyRequestSender - Using pooled Channel '[id: 0xe5d8634f, L:/127.0.0.1:51531 - R:localhost/127.0.0.1:22940]' for 'GET' to 'http://localhost:22940/session/e6bec8a8aaf91b944f0c5a103a7ec2fc/element/97d08095-739a-44b1-82a0-ce8ebb650a21/name'
16:13:08.287 [Forwarding getElementTagName on session e6bec8a8aaf91b944f0c5a103a7ec2fc to remote] DEBUG org.asynchttpclient.netty.request.NettyRequestSender - Using open Channel [id: 0xe5d8634f, L:/127.0.0.1:51531 - R:localhost/127.0.0.1:22940] for GET '/session/e6bec8a8aaf91b944f0c5a103a7ec2fc/element/97d08095-739a-44b1-82a0-ce8ebb650a21/name'
16:13:08.289 [AsyncHttpClient-1-12] DEBUG org.asynchttpclient.netty.handler.HttpHandler - 

Request DefaultFullHttpRequest(decodeResult: success, version: HTTP/1.1, content: EmptyByteBufBE)
GET /session/e6bec8a8aaf91b944f0c5a103a7ec2fc/element/97d08095-739a-44b1-82a0-ce8ebb650a21/name HTTP/1.1
User-Agent: selenium/4.8.1 (java windows)
Cache-Control: no-cache
Content-Type: application/json; charset=utf-8
host: localhost:22940
accept: */*

Response DefaultHttpResponse(decodeResult: success, version: HTTP/1.1)
HTTP/1.1 200 OK
Content-Length: 13
Content-Type: application/json; charset=utf-8
cache-control: no-cache

16:13:08.289 [AsyncHttpClient-1-12] DEBUG org.asynchttpclient.netty.channel.ChannelManager - Adding key: http://localhost:22940 for channel [id: 0xe5d8634f, L:/127.0.0.1:51531 - R:localhost/127.0.0.1:22940]
16:13:08.291 [Forwarding findElement on session e6bec8a8aaf91b944f0c5a103a7ec2fc to remote] DEBUG org.asynchttpclient.netty.request.NettyRequestSender - Using pooled Channel '[id: 0xe5d8634f, L:/127.0.0.1:51531 - R:localhost/127.0.0.1:22940]' for 'POST' to 'http://localhost:22940/session/e6bec8a8aaf91b944f0c5a103a7ec2fc/element'
16:13:08.291 [Forwarding findElement on session e6bec8a8aaf91b944f0c5a103a7ec2fc to remote] DEBUG org.asynchttpclient.netty.request.NettyRequestSender - Using open Channel [id: 0xe5d8634f, L:/127.0.0.1:51531 - R:localhost/127.0.0.1:22940] for POST '/session/e6bec8a8aaf91b944f0c5a103a7ec2fc/element'
16:13:08.295 [AsyncHttpClient-1-12] DEBUG org.asynchttpclient.netty.handler.HttpHandler - 

Request DefaultHttpRequest(decodeResult: success, version: HTTP/1.1)
POST /session/e6bec8a8aaf91b944f0c5a103a7ec2fc/element HTTP/1.1
User-Agent: selenium/4.8.1 (java windows)
Content-Length: 59
Content-Type: application/json; charset=utf-8
host: localhost:22940
accept: */*

Response DefaultHttpResponse(decodeResult: success, version: HTTP/1.1)
HTTP/1.1 200 OK
Content-Length: 88
Content-Type: application/json; charset=utf-8
cache-control: no-cache

16:13:08.295 [AsyncHttpClient-1-12] DEBUG org.asynchttpclient.netty.channel.ChannelManager - Adding key: http://localhost:22940 for channel [id: 0xe5d8634f, L:/127.0.0.1:51531 - R:localhost/127.0.0.1:22940]
16:13:08.296 [Forwarding clickElement on session e6bec8a8aaf91b944f0c5a103a7ec2fc to remote] DEBUG org.asynchttpclient.netty.request.NettyRequestSender - Using pooled Channel '[id: 0xe5d8634f, L:/127.0.0.1:51531 - R:localhost/127.0.0.1:22940]' for 'POST' to 'http://localhost:22940/session/e6bec8a8aaf91b944f0c5a103a7ec2fc/element/97d08095-739a-44b1-82a0-ce8ebb650a21/click'
16:13:08.296 [Forwarding clickElement on session e6bec8a8aaf91b944f0c5a103a7ec2fc to remote] DEBUG org.asynchttpclient.netty.request.NettyRequestSender - Using open Channel [id: 0xe5d8634f, L:/127.0.0.1:51531 - R:localhost/127.0.0.1:22940] for POST '/session/e6bec8a8aaf91b944f0c5a103a7ec2fc/element/97d08095-739a-44b1-82a0-ce8ebb650a21/click'
16:13:08.336 [AsyncHttpClient-1-12] DEBUG org.asynchttpclient.netty.handler.HttpHandler - 

Request DefaultHttpRequest(decodeResult: success, version: HTTP/1.1)
POST /session/e6bec8a8aaf91b944f0c5a103a7ec2fc/element/97d08095-739a-44b1-82a0-ce8ebb650a21/click HTTP/1.1
User-Agent: selenium/4.8.1 (java windows)
Content-Length: 50
Content-Type: application/json; charset=utf-8
host: localhost:22940
accept: */*

Response DefaultHttpResponse(decodeResult: success, version: HTTP/1.1)
HTTP/1.1 200 OK
Content-Length: 14
Content-Type: application/json; charset=utf-8
cache-control: no-cache

16:13:08.336 [AsyncHttpClient-1-12] DEBUG org.asynchttpclient.netty.channel.ChannelManager - Adding key: http://localhost:22940 for channel [id: 0xe5d8634f, L:/127.0.0.1:51531 - R:localhost/127.0.0.1:22940]
16:13:08.341 [Forwarding getAlertText on session e6bec8a8aaf91b944f0c5a103a7ec2fc to remote] DEBUG org.asynchttpclient.netty.request.NettyRequestSender - Using pooled Channel '[id: 0xe5d8634f, L:/127.0.0.1:51531 - R:localhost/127.0.0.1:22940]' for 'GET' to 'http://localhost:22940/session/e6bec8a8aaf91b944f0c5a103a7ec2fc/alert/text'
16:13:08.341 [Forwarding getAlertText on session e6bec8a8aaf91b944f0c5a103a7ec2fc to remote] DEBUG org.asynchttpclient.netty.request.NettyRequestSender - Using open Channel [id: 0xe5d8634f, L:/127.0.0.1:51531 - R:localhost/127.0.0.1:22940] for GET '/session/e6bec8a8aaf91b944f0c5a103a7ec2fc/alert/text'
16:13:08.342 [AsyncHttpClient-1-12] DEBUG org.asynchttpclient.netty.handler.HttpHandler - 

Request DefaultFullHttpRequest(decodeResult: success, version: HTTP/1.1, content: EmptyByteBufBE)
GET /session/e6bec8a8aaf91b944f0c5a103a7ec2fc/alert/text HTTP/1.1
User-Agent: selenium/4.8.1 (java windows)
Cache-Control: no-cache
Content-Type: application/json; charset=utf-8
host: localhost:22940
accept: */*

Response DefaultHttpResponse(decodeResult: success, version: HTTP/1.1)
HTTP/1.1 404 Not Found
Content-Length: 836
Content-Type: application/json; charset=utf-8
cache-control: no-cache

16:13:08.342 [AsyncHttpClient-1-12] DEBUG org.asynchttpclient.netty.channel.ChannelManager - Adding key: http://localhost:22940 for channel [id: 0xe5d8634f, L:/127.0.0.1:51531 - R:localhost/127.0.0.1:22940]
16:13:08.343 [Forwarding getCurrentUrl on session e6bec8a8aaf91b944f0c5a103a7ec2fc to remote] DEBUG org.asynchttpclient.netty.request.NettyRequestSender - Using pooled Channel '[id: 0xe5d8634f, L:/127.0.0.1:51531 - R:localhost/127.0.0.1:22940]' for 'GET' to 'http://localhost:22940/session/e6bec8a8aaf91b944f0c5a103a7ec2fc/url'
16:13:08.343 [Forwarding getCurrentUrl on session e6bec8a8aaf91b944f0c5a103a7ec2fc to remote] DEBUG org.asynchttpclient.netty.request.NettyRequestSender - Using open Channel [id: 0xe5d8634f, L:/127.0.0.1:51531 - R:localhost/127.0.0.1:22940] for GET '/session/e6bec8a8aaf91b944f0c5a103a7ec2fc/url'
16:13:08.350 [AsyncHttpClient-1-12] DEBUG org.asynchttpclient.netty.handler.HttpHandler - 

Request DefaultFullHttpRequest(decodeResult: success, version: HTTP/1.1, content: EmptyByteBufBE)
GET /session/e6bec8a8aaf91b944f0c5a103a7ec2fc/url HTTP/1.1
User-Agent: selenium/4.8.1 (java windows)
Cache-Control: no-cache
Content-Type: application/json; charset=utf-8
host: localhost:22940
accept: */*

Response DefaultHttpResponse(decodeResult: success, version: HTTP/1.1)
HTTP/1.1 200 OK
Content-Length: 51
Content-Type: application/json; charset=utf-8
cache-control: no-cache

16:13:08.350 [AsyncHttpClient-1-12] DEBUG org.asynchttpclient.netty.channel.ChannelManager - Adding key: http://localhost:22940 for channel [id: 0xe5d8634f, L:/127.0.0.1:51531 - R:localhost/127.0.0.1:22940]
16:13:08.351 [Forwarding screenshot on session e6bec8a8aaf91b944f0c5a103a7ec2fc to remote] DEBUG org.asynchttpclient.netty.request.NettyRequestSender - Using pooled Channel '[id: 0xe5d8634f, L:/127.0.0.1:51531 - R:localhost/127.0.0.1:22940]' for 'GET' to 'http://localhost:22940/session/e6bec8a8aaf91b944f0c5a103a7ec2fc/screenshot'
16:13:08.351 [Forwarding screenshot on session e6bec8a8aaf91b944f0c5a103a7ec2fc to remote] DEBUG org.asynchttpclient.netty.request.NettyRequestSender - Using open Channel [id: 0xe5d8634f, L:/127.0.0.1:51531 - R:localhost/127.0.0.1:22940] for GET '/session/e6bec8a8aaf91b944f0c5a103a7ec2fc/screenshot'
16:13:08.435 [AsyncHttpClient-1-12] DEBUG org.asynchttpclient.netty.handler.HttpHandler - 

Request DefaultFullHttpRequest(decodeResult: success, version: HTTP/1.1, content: EmptyByteBufBE)
GET /session/e6bec8a8aaf91b944f0c5a103a7ec2fc/screenshot HTTP/1.1
User-Agent: selenium/4.8.1 (java windows)
Cache-Control: no-cache
Content-Type: application/json; charset=utf-8
host: localhost:22940
accept: */*

Response DefaultHttpResponse(decodeResult: success, version: HTTP/1.1)
HTTP/1.1 200 OK
Content-Length: 26020
Content-Type: application/json; charset=utf-8
cache-control: no-cache

16:13:08.436 [AsyncHttpClient-1-12] DEBUG org.asynchttpclient.netty.channel.ChannelManager - Adding key: http://localhost:22940 for channel [id: 0xe5d8634f, L:/127.0.0.1:51531 - R:localhost/127.0.0.1:22940]
16:13:08.437 [main] DEBUG net.serenitybdd.core.photography.Darkroom - Send negative for processing for target\site\serenity\e0c098d63555c20a053702f8c7b54a3cc7371b56775c4c5afa03c0fd1adea873.png
16:13:08.437 [main] DEBUG net.thucydides.core.steps.StepInterceptor - STEP DONE: clickLoginIcon
  &amp#27;[32mWhen &amp#27;[0m&amp#27;[32mI click on the login icon&amp#27;[0m         &amp#27;[90m# starter.stepdefinitions.TransactionSteps.clickLoginIcon()&amp#27;[0m
16:13:08.437 [Darkroom Processing Line] DEBUG net.serenitybdd.core.photography.DarkroomProcessingLine - Processing screenshot image in /var/screenshots/screenshot-16730287937882416450
16:13:08.437 [Darkroom Processing Line] DEBUG net.serenitybdd.core.photography.DarkroomProcessingLine - Saving screenshot to target\site\serenity\e0c098d63555c20a053702f8c7b54a3cc7371b56775c4c5afa03c0fd1adea873.png
16:13:08.443 [Forwarding getPageSource on session e6bec8a8aaf91b944f0c5a103a7ec2fc to remote] DEBUG org.asynchttpclient.netty.request.NettyRequestSender - Using pooled Channel '[id: 0xe5d8634f, L:/127.0.0.1:51531 - R:localhost/127.0.0.1:22940]' for 'POST' to 'http://localhost:22940/session/e6bec8a8aaf91b944f0c5a103a7ec2fc/execute/sync'
16:13:08.443 [Forwarding getPageSource on session e6bec8a8aaf91b944f0c5a103a7ec2fc to remote] DEBUG org.asynchttpclient.netty.request.NettyRequestSender - Using open Channel [id: 0xe5d8634f, L:/127.0.0.1:51531 - R:localhost/127.0.0.1:22940] for POST '/session/e6bec8a8aaf91b944f0c5a103a7ec2fc/execute/sync'
16:13:08.447 [AsyncHttpClient-1-12] DEBUG org.asynchttpclient.netty.handler.HttpHandler - 

Request DefaultHttpRequest(decodeResult: success, version: HTTP/1.1)
POST /session/e6bec8a8aaf91b944f0c5a103a7ec2fc/execute/sync HTTP/1.1
User-Agent: selenium/4.8.1 (java windows)
Content-Length: 176
Content-Type: application/json; charset=utf-8
host: localhost:22940
accept: */*

Response DefaultHttpResponse(decodeResult: success, version: HTTP/1.1)
HTTP/1.1 200 OK
Content-Length: 21965
Content-Type: application/json; charset=utf-8
cache-control: no-cache

16:13:08.447 [AsyncHttpClient-1-12] DEBUG org.asynchttpclient.netty.channel.ChannelManager - Adding key: http://localhost:22940 for channel [id: 0xe5d8634f, L:/127.0.0.1:51531 - R:localhost/127.0.0.1:22940]
16:13:08.449 [Forwarding getCurrentUrl on session e6bec8a8aaf91b944f0c5a103a7ec2fc to remote] DEBUG org.asynchttpclient.netty.request.NettyRequestSender - Using pooled Channel '[id: 0xe5d8634f, L:/127.0.0.1:51531 - R:localhost/127.0.0.1:22940]' for 'GET' to 'http://localhost:22940/session/e6bec8a8aaf91b944f0c5a103a7ec2fc/url'
16:13:08.449 [Forwarding getCurrentUrl on session e6bec8a8aaf91b944f0c5a103a7ec2fc to remote] DEBUG org.asynchttpclient.netty.request.NettyRequestSender - Using open Channel [id: 0xe5d8634f, L:/127.0.0.1:51531 - R:localhost/127.0.0.1:22940] for GET '/session/e6bec8a8aaf91b944f0c5a103a7ec2fc/url'
16:13:08.452 [AsyncHttpClient-1-12] DEBUG org.asynchttpclient.netty.handler.HttpHandler - 

Request DefaultFullHttpRequest(decodeResult: success, version: HTTP/1.1, content: EmptyByteBufBE)
GET /session/e6bec8a8aaf91b944f0c5a103a7ec2fc/url HTTP/1.1
User-Agent: selenium/4.8.1 (java windows)
Cache-Control: no-cache
Content-Type: application/json; charset=utf-8
host: localhost:22940
accept: */*

Response DefaultHttpResponse(decodeResult: success, version: HTTP/1.1)
HTTP/1.1 200 OK
Content-Length: 51
Content-Type: application/json; charset=utf-8
cache-control: no-cache

16:13:08.452 [AsyncHttpClient-1-12] DEBUG org.asynchttpclient.netty.channel.ChannelManager - Adding key: http://localhost:22940 for channel [id: 0xe5d8634f, L:/127.0.0.1:51531 - R:localhost/127.0.0.1:22940]
16:13:08.457 [Forwarding getPageSource on session e6bec8a8aaf91b944f0c5a103a7ec2fc to remote] DEBUG org.asynchttpclient.netty.request.NettyRequestSender - Using pooled Channel '[id: 0xe5d8634f, L:/127.0.0.1:51531 - R:localhost/127.0.0.1:22940]' for 'POST' to 'http://localhost:22940/session/e6bec8a8aaf91b944f0c5a103a7ec2fc/execute/sync'
16:13:08.457 [Forwarding getPageSource on session e6bec8a8aaf91b944f0c5a103a7ec2fc to remote] DEBUG org.asynchttpclient.netty.request.NettyRequestSender - Using open Channel [id: 0xe5d8634f, L:/127.0.0.1:51531 - R:localhost/127.0.0.1:22940] for POST '/session/e6bec8a8aaf91b944f0c5a103a7ec2fc/execute/sync'
16:13:08.460 [AsyncHttpClient-1-12] DEBUG org.asynchttpclient.netty.handler.HttpHandler - 

Request DefaultHttpRequest(decodeResult: success, version: HTTP/1.1)
POST /session/e6bec8a8aaf91b944f0c5a103a7ec2fc/execute/sync HTTP/1.1
User-Agent: selenium/4.8.1 (java windows)
Content-Length: 176
Content-Type: application/json; charset=utf-8
host: localhost:22940
accept: */*

Response DefaultHttpResponse(decodeResult: success, version: HTTP/1.1)
HTTP/1.1 200 OK
Content-Length: 21965
Content-Type: application/json; charset=utf-8
cache-control: no-cache

16:13:08.460 [AsyncHttpClient-1-12] DEBUG org.asynchttpclient.netty.channel.ChannelManager - Adding key: http://localhost:22940 for channel [id: 0xe5d8634f, L:/127.0.0.1:51531 - R:localhost/127.0.0.1:22940]
16:13:08.462 [Forwarding getCurrentUrl on session e6bec8a8aaf91b944f0c5a103a7ec2fc to remote] DEBUG org.asynchttpclient.netty.request.NettyRequestSender - Using pooled Channel '[id: 0xe5d8634f, L:/127.0.0.1:51531 - R:localhost/127.0.0.1:22940]' for 'GET' to 'http://localhost:22940/session/e6bec8a8aaf91b944f0c5a103a7ec2fc/url'
16:13:08.462 [Forwarding getCurrentUrl on session e6bec8a8aaf91b944f0c5a103a7ec2fc to remote] DEBUG org.asynchttpclient.netty.request.NettyRequestSender - Using open Channel [id: 0xe5d8634f, L:/127.0.0.1:51531 - R:localhost/127.0.0.1:22940] for GET '/session/e6bec8a8aaf91b944f0c5a103a7ec2fc/url'
16:13:08.464 [AsyncHttpClient-1-12] DEBUG org.asynchttpclient.netty.handler.HttpHandler - 

Request DefaultFullHttpRequest(decodeResult: success, version: HTTP/1.1, content: EmptyByteBufBE)
GET /session/e6bec8a8aaf91b944f0c5a103a7ec2fc/url HTTP/1.1
User-Agent: selenium/4.8.1 (java windows)
Cache-Control: no-cache
Content-Type: application/json; charset=utf-8
host: localhost:22940
accept: */*

Response DefaultHttpResponse(decodeResult: success, version: HTTP/1.1)
HTTP/1.1 200 OK
Content-Length: 51
Content-Type: application/json; charset=utf-8
cache-control: no-cache

16:13:08.464 [AsyncHttpClient-1-12] DEBUG org.asynchttpclient.netty.channel.ChannelManager - Adding key: http://localhost:22940 for channel [id: 0xe5d8634f, L:/127.0.0.1:51531 - R:localhost/127.0.0.1:22940]
16:13:08.466 [main] DEBUG net.thucydides.core.steps.StepInterceptor - STARTING STEP: TransactionSteps.validateOnLoginPage - validateOnLoginPage
16:13:08.467 [Forwarding findElement on session e6bec8a8aaf91b944f0c5a103a7ec2fc to remote] DEBUG org.asynchttpclient.netty.request.NettyRequestSender - Using pooled Channel '[id: 0xe5d8634f, L:/127.0.0.1:51531 - R:localhost/127.0.0.1:22940]' for 'POST' to 'http://localhost:22940/session/e6bec8a8aaf91b944f0c5a103a7ec2fc/element'
16:13:08.467 [Forwarding findElement on session e6bec8a8aaf91b944f0c5a103a7ec2fc to remote] DEBUG org.asynchttpclient.netty.request.NettyRequestSender - Using open Channel [id: 0xe5d8634f, L:/127.0.0.1:51531 - R:localhost/127.0.0.1:22940] for POST '/session/e6bec8a8aaf91b944f0c5a103a7ec2fc/element'
16:13:08.475 [AsyncHttpClient-1-12] DEBUG org.asynchttpclient.netty.handler.HttpHandler - 

Request DefaultHttpRequest(decodeResult: success, version: HTTP/1.1)
POST /session/e6bec8a8aaf91b944f0c5a103a7ec2fc/element HTTP/1.1
User-Agent: selenium/4.8.1 (java windows)
Content-Length: 71
Content-Type: application/json; charset=utf-8
host: localhost:22940
accept: */*

Response DefaultHttpResponse(decodeResult: success, version: HTTP/1.1)
HTTP/1.1 200 OK
Content-Length: 88
Content-Type: application/json; charset=utf-8
cache-control: no-cache

16:13:08.475 [AsyncHttpClient-1-12] DEBUG org.asynchttpclient.netty.channel.ChannelManager - Adding key: http://localhost:22940 for channel [id: 0xe5d8634f, L:/127.0.0.1:51531 - R:localhost/127.0.0.1:22940]
16:13:08.477 [Forwarding isElementDisplayed on session e6bec8a8aaf91b944f0c5a103a7ec2fc to remote] DEBUG org.asynchttpclient.netty.request.NettyRequestSender - Using pooled Channel '[id: 0xe5d8634f, L:/127.0.0.1:51531 - R:localhost/127.0.0.1:22940]' for 'POST' to 'http://localhost:22940/session/e6bec8a8aaf91b944f0c5a103a7ec2fc/execute/sync'
16:13:08.477 [Forwarding isElementDisplayed on session e6bec8a8aaf91b944f0c5a103a7ec2fc to remote] DEBUG org.asynchttpclient.netty.request.NettyRequestSender - Using open Channel [id: 0xe5d8634f, L:/127.0.0.1:51531 - R:localhost/127.0.0.1:22940] for POST '/session/e6bec8a8aaf91b944f0c5a103a7ec2fc/execute/sync'
16:13:08.486 [AsyncHttpClient-1-12] DEBUG org.asynchttpclient.netty.handler.HttpHandler - 

Request DefaultHttpRequest(decodeResult: success, version: HTTP/1.1)
POST /session/e6bec8a8aaf91b944f0c5a103a7ec2fc/execute/sync HTTP/1.1
User-Agent: selenium/4.8.1 (java windows)
Content-Length: 48807
Content-Type: application/json; charset=utf-8
host: localhost:22940
accept: */*

Response DefaultHttpResponse(decodeResult: success, version: HTTP/1.1)
HTTP/1.1 200 OK
Content-Length: 14
Content-Type: application/json; charset=utf-8
cache-control: no-cache

16:13:08.487 [AsyncHttpClient-1-12] DEBUG org.asynchttpclient.netty.channel.ChannelManager - Adding key: http://localhost:22940 for channel [id: 0xe5d8634f, L:/127.0.0.1:51531 - R:localhost/127.0.0.1:22940]
16:13:08.489 [Forwarding getAlertText on session e6bec8a8aaf91b944f0c5a103a7ec2fc to remote] DEBUG org.asynchttpclient.netty.request.NettyRequestSender - Using pooled Channel '[id: 0xe5d8634f, L:/127.0.0.1:51531 - R:localhost/127.0.0.1:22940]' for 'GET' to 'http://localhost:22940/session/e6bec8a8aaf91b944f0c5a103a7ec2fc/alert/text'
16:13:08.489 [Forwarding getAlertText on session e6bec8a8aaf91b944f0c5a103a7ec2fc to remote] DEBUG org.asynchttpclient.netty.request.NettyRequestSender - Using open Channel [id: 0xe5d8634f, L:/127.0.0.1:51531 - R:localhost/127.0.0.1:22940] for GET '/session/e6bec8a8aaf91b944f0c5a103a7ec2fc/alert/text'
16:13:08.491 [AsyncHttpClient-1-12] DEBUG org.asynchttpclient.netty.handler.HttpHandler - 

Request DefaultFullHttpRequest(decodeResult: success, version: HTTP/1.1, content: EmptyByteBufBE)
GET /session/e6bec8a8aaf91b944f0c5a103a7ec2fc/alert/text HTTP/1.1
User-Agent: selenium/4.8.1 (java windows)
Cache-Control: no-cache
Content-Type: application/json; charset=utf-8
host: localhost:22940
accept: */*

Response DefaultHttpResponse(decodeResult: success, version: HTTP/1.1)
HTTP/1.1 404 Not Found
Content-Length: 836
Content-Type: application/json; charset=utf-8
cache-control: no-cache

16:13:08.491 [AsyncHttpClient-1-12] DEBUG org.asynchttpclient.netty.channel.ChannelManager - Adding key: http://localhost:22940 for channel [id: 0xe5d8634f, L:/127.0.0.1:51531 - R:localhost/127.0.0.1:22940]
16:13:08.492 [Forwarding getCurrentUrl on session e6bec8a8aaf91b944f0c5a103a7ec2fc to remote] DEBUG org.asynchttpclient.netty.request.NettyRequestSender - Using pooled Channel '[id: 0xe5d8634f, L:/127.0.0.1:51531 - R:localhost/127.0.0.1:22940]' for 'GET' to 'http://localhost:22940/session/e6bec8a8aaf91b944f0c5a103a7ec2fc/url'
16:13:08.492 [Forwarding getCurrentUrl on session e6bec8a8aaf91b944f0c5a103a7ec2fc to remote] DEBUG org.asynchttpclient.netty.request.NettyRequestSender - Using open Channel [id: 0xe5d8634f, L:/127.0.0.1:51531 - R:localhost/127.0.0.1:22940] for GET '/session/e6bec8a8aaf91b944f0c5a103a7ec2fc/url'
16:13:08.494 [AsyncHttpClient-1-12] DEBUG org.asynchttpclient.netty.handler.HttpHandler - 

Request DefaultFullHttpRequest(decodeResult: success, version: HTTP/1.1, content: EmptyByteBufBE)
GET /session/e6bec8a8aaf91b944f0c5a103a7ec2fc/url HTTP/1.1
User-Agent: selenium/4.8.1 (java windows)
Cache-Control: no-cache
Content-Type: application/json; charset=utf-8
host: localhost:22940
accept: */*

Response DefaultHttpResponse(decodeResult: success, version: HTTP/1.1)
HTTP/1.1 200 OK
Content-Length: 51
Content-Type: application/json; charset=utf-8
cache-control: no-cache

16:13:08.494 [AsyncHttpClient-1-12] DEBUG org.asynchttpclient.netty.channel.ChannelManager - Adding key: http://localhost:22940 for channel [id: 0xe5d8634f, L:/127.0.0.1:51531 - R:localhost/127.0.0.1:22940]
16:13:08.494 [Forwarding screenshot on session e6bec8a8aaf91b944f0c5a103a7ec2fc to remote] DEBUG org.asynchttpclient.netty.request.NettyRequestSender - Using pooled Channel '[id: 0xe5d8634f, L:/127.0.0.1:51531 - R:localhost/127.0.0.1:22940]' for 'GET' to 'http://localhost:22940/session/e6bec8a8aaf91b944f0c5a103a7ec2fc/screenshot'
16:13:08.494 [Forwarding screenshot on session e6bec8a8aaf91b944f0c5a103a7ec2fc to remote] DEBUG org.asynchttpclient.netty.request.NettyRequestSender - Using open Channel [id: 0xe5d8634f, L:/127.0.0.1:51531 - R:localhost/127.0.0.1:22940] for GET '/session/e6bec8a8aaf91b944f0c5a103a7ec2fc/screenshot'
16:13:08.574 [AsyncHttpClient-1-12] DEBUG org.asynchttpclient.netty.handler.HttpHandler - 

Request DefaultFullHttpRequest(decodeResult: success, version: HTTP/1.1, content: EmptyByteBufBE)
GET /session/e6bec8a8aaf91b944f0c5a103a7ec2fc/screenshot HTTP/1.1
User-Agent: selenium/4.8.1 (java windows)
Cache-Control: no-cache
Content-Type: application/json; charset=utf-8
host: localhost:22940
accept: */*

Response DefaultHttpResponse(decodeResult: success, version: HTTP/1.1)
HTTP/1.1 200 OK
Content-Length: 27132
Content-Type: application/json; charset=utf-8
cache-control: no-cache

16:13:08.574 [AsyncHttpClient-1-12] DEBUG org.asynchttpclient.netty.channel.ChannelManager - Adding key: http://localhost:22940 for channel [id: 0xe5d8634f, L:/127.0.0.1:51531 - R:localhost/127.0.0.1:22940]
16:13:08.575 [main] DEBUG net.serenitybdd.core.photography.Darkroom - Send negative for processing for target\site\serenity\32328c196f811611d7ff494d5e92d93b9da686fab73ce1b12fdcf3c3cd14f180.png
16:13:08.575 [main] DEBUG net.thucydides.core.steps.StepInterceptor - STEP DONE: validateOnLoginPage
  &amp#27;[32mThen &amp#27;[0m&amp#27;[32mI redirected to login page&amp#27;[0m        &amp#27;[90m# starter.stepdefinitions.TransactionSteps.validateOnLoginPage()&amp#27;[0m
16:13:08.575 [Darkroom Processing Line] DEBUG net.serenitybdd.core.photography.DarkroomProcessingLine - Processing screenshot image in /var/screenshots/screenshot-15011355784931030720
16:13:08.575 [Darkroom Processing Line] DEBUG net.serenitybdd.core.photography.DarkroomProcessingLine - Saving screenshot to target\site\serenity\32328c196f811611d7ff494d5e92d93b9da686fab73ce1b12fdcf3c3cd14f180.png
16:13:08.578 [main] INFO  - 
  _____   ___   ___   _____     ___     _     ___   ___   ___   ___  
 |_   _| | __| / __| |_   _|   | _ \   /_\   / __| / __| | __| |   \ 
   | |   | _|  \__ \   | |     |  _/  / _ \  \__ \ \__ \ | _|  | |) |
   |_|   |___| |___/   |_|     |_|   /_/ \_\ |___/ |___/ |___| |___/ 

View transaction without login
----------------------------------------------------------------------
16:13:08.580 [AsyncHttpClient-1-14] DEBUG org.asynchttpclient.netty.handler.WebSocketHandler - Channel Closed: [id: 0x0d16ccc5, L:/127.0.0.1:51542 ! R:localhost/127.0.0.1:51533] with attribute NettyResponseFuture{currentRetry=0,
	isDone=1,
	isCancelled=0,
	asyncHandler=org.asynchttpclient.ws.WebSocketUpgradeHandler@209680bf,
	nettyRequest=org.asynchttpclient.netty.request.NettyRequest@3c9a44f4,
	future=java.util.concurrent.CompletableFuture@cbc657e[Completed normally],
	uri=ws://localhost:51533/devtools/browser/4a86ec0b-6191-46d1-bb4e-504bc86e6146,
	keepAlive=true,
	redirectCount=0,
	timeoutsHolder=null,
	inAuth=0,
	touch=1683537182957}
16:13:08.580 [AsyncHttpClient-1-14] DEBUG org.asynchttpclient.netty.channel.ChannelManager - Closing Channel [id: 0x0d16ccc5, L:/127.0.0.1:51542 ! R:localhost/127.0.0.1:51533] 
16:13:08.580 [Driver Command Executor] DEBUG org.asynchttpclient.netty.request.NettyRequestSender - Using pooled Channel '[id: 0xe5d8634f, L:/127.0.0.1:51531 - R:localhost/127.0.0.1:22940]' for 'DELETE' to 'http://localhost:22940/session/e6bec8a8aaf91b944f0c5a103a7ec2fc'
16:13:08.580 [Driver Command Executor] DEBUG org.asynchttpclient.netty.request.NettyRequestSender - Using open Channel [id: 0xe5d8634f, L:/127.0.0.1:51531 - R:localhost/127.0.0.1:22940] for DELETE '/session/e6bec8a8aaf91b944f0c5a103a7ec2fc'
16:13:08.601 [AsyncHttpClient-1-13] DEBUG org.asynchttpclient.netty.handler.HttpHandler - Unexpected I/O exception on channel [id: 0x3eca6f2d, L:/127.0.0.1:51541 - R:localhost/127.0.0.1:51533]
java.net.SocketException: Connection reset
	at java.base/sun.nio.ch.SocketChannelImpl.throwConnectionReset(SocketChannelImpl.java:367)
	at java.base/sun.nio.ch.SocketChannelImpl.read(SocketChannelImpl.java:398)
	at io.netty.buffer.PooledByteBuf.setBytes(PooledByteBuf.java:259)
	at io.netty.buffer.AbstractByteBuf.writeBytes(AbstractByteBuf.java:1132)
	at io.netty.channel.socket.nio.NioSocketChannel.doReadBytes(NioSocketChannel.java:357)
	at io.netty.channel.nio.AbstractNioByteChannel$NioByteUnsafe.read(AbstractNioByteChannel.java:151)
	at io.netty.channel.nio.NioEventLoop.processSelectedKey(NioEventLoop.java:788)
	at io.netty.channel.nio.NioEventLoop.processSelectedKeysOptimized(NioEventLoop.java:724)
	at io.netty.channel.nio.NioEventLoop.processSelectedKeys(NioEventLoop.java:650)
	at io.netty.channel.nio.NioEventLoop.run(NioEventLoop.java:562)
	at io.netty.util.concurrent.SingleThreadEventExecutor$4.run(SingleThreadEventExecutor.java:997)
	at io.netty.util.internal.ThreadExecutorMap$2.run(ThreadExecutorMap.java:74)
	at io.netty.util.concurrent.FastThreadLocalRunnable.run(FastThreadLocalRunnable.java:30)
	at java.base/java.lang.Thread.run(Thread.java:832)
16:13:08.601 [AsyncHttpClient-1-13] DEBUG org.asynchttpclient.netty.channel.ChannelManager - Closing Channel [id: 0x3eca6f2d, L:/127.0.0.1:51541 - R:localhost/127.0.0.1:51533] 
16:13:08.601 [AsyncHttpClient-1-13] DEBUG org.asynchttpclient.netty.handler.HttpHandler - Channel Closed: [id: 0x3eca6f2d, L:/127.0.0.1:51541 ! R:localhost/127.0.0.1:51533] with attribute DISCARD
16:13:08.613 [AsyncHttpClient-1-12] DEBUG org.asynchttpclient.netty.handler.HttpHandler - 

Request DefaultFullHttpRequest(decodeResult: success, version: HTTP/1.1, content: EmptyByteBufBE)
DELETE /session/e6bec8a8aaf91b944f0c5a103a7ec2fc HTTP/1.1
User-Agent: selenium/4.8.1 (java windows)
Content-Type: application/json; charset=utf-8
host: localhost:22940
accept: */*

Response DefaultHttpResponse(decodeResult: success, version: HTTP/1.1)
HTTP/1.1 200 OK
Content-Length: 14
Content-Type: application/json; charset=utf-8
cache-control: no-cache

16:13:08.613 [AsyncHttpClient-1-12] DEBUG org.asynchttpclient.netty.channel.ChannelManager - Adding key: http://localhost:22940 for channel [id: 0xe5d8634f, L:/127.0.0.1:51531 - R:localhost/127.0.0.1:22940]
16:13:08.657 [AsyncHttpClient-1-1] DEBUG org.asynchttpclient.netty.channel.DefaultChannelPool - Entry count for : http://localhost:51533 : 1
16:13:08.657 [AsyncHttpClient-1-1] DEBUG org.asynchttpclient.netty.channel.DefaultChannelPool - Entry count for : http://localhost:22940 : 1
16:13:08.657 [AsyncHttpClient-1-1] DEBUG org.asynchttpclient.netty.channel.DefaultChannelPool - Adding Candidate expired Channel [id: 0x3eca6f2d, L:/127.0.0.1:51541 ! R:localhost/127.0.0.1:51533] isIdleTimeoutExpired=false isRemotelyClosed=true isTtlExpired=false
16:13:08.657 [AsyncHttpClient-1-1] DEBUG org.asynchttpclient.netty.channel.DefaultChannelPool - Closing Idle Channel [id: 0x3eca6f2d, L:/127.0.0.1:51541 ! R:localhost/127.0.0.1:51533]
16:13:08.657 [AsyncHttpClient-1-1] DEBUG org.asynchttpclient.netty.channel.DefaultChannelPool - Closed 1 connections out of 2 in 0 ms
16:13:08.721 [AsyncHttpClient-1-12] DEBUG org.asynchttpclient.netty.handler.HttpHandler - Channel Closed: [id: 0xe5d8634f, L:/127.0.0.1:51531 ! R:localhost/127.0.0.1:22940] with attribute DISCARD
]]></system-out>
    <system-err><![CDATA[Starting ChromeDriver 111.0.5563.64 (c710e93d5b63b7095afe8c2c17df34408078439d-refs/branch-heads/5563@{#995}) on port 22940
Only local connections are allowed.
Please see https://chromedriver.chromium.org/security-considerations for suggestions on keeping ChromeDriver safe.
ChromeDriver was started successfully.
[1683537182.936][WARNING]: This version of ChromeDriver has not been tested with Chrome version 112.
May 08, 2023 4:13:02 PM org.openqa.selenium.devtools.CdpVersionFinder findNearestMatch
WARNING: Unable to find an exact match for CDP version 112, so returning the closest version found: 110
]]></system-err>
  </testcase>
  <testcase name="Pay the product we&apos;ve added to cart" classname="Transaction" time="9.332">
    <system-out><![CDATA[
Scenario: Pay the product we've added to cart             &amp#27;[90m# src/test/resources/features/5. Transaction.feature:18&amp#27;[0m
16:13:09.253 [main] DEBUG io.cucumber.core.plugin.SerenityReporter - Running feature from file:///C:/Users/WINDOWS%2010/Documents/GitHub/MiniProject_QE/Web/code/minpro/src/test/resources/features/5.%20Transaction.feature
16:13:09.256 [main] INFO  - 
  _____   ___   ___   _____     ___   _____     _     ___   _____   ___   ___  
 |_   _| | __| / __| |_   _|   / __| |_   _|   /_\   | _ \ |_   _| | __| |   \ 
   | |   | _|  \__ \   | |     \__ \   | |    / _ \  |   /   | |   | _|  | |) |
   |_|   |___| |___/   |_|     |___/   |_|   /_/ \_\ |_|_\   |_|   |___| |___/ 

Pay the product we've added to cart(transaction;pay-the-product-we-ve-added-to-cart)
--------------------------------------------------------------------------------
16:13:09.273 [main] DEBUG net.thucydides.core.steps.StepInterceptor - STARTING STEP: ProductSteps.onTheHomePage - openPage
16:13:09.301 [main] INFO net.serenitybdd.core.webdriver.driverproviders.ChromeDriverProvider - Starting Chrome driver instance with capabilities:
16:13:09.302 [main] INFO net.serenitybdd.core.webdriver.driverproviders.ChromeDriverProvider - Capabilities {acceptInsecureCerts: false, browserName: chrome, goog:chromeOptions: {args: [remote-allow-origins=*], extensions: []}}
16:13:09.363 [AsyncHttpClient-1-15] DEBUG org.asynchttpclient.netty.channel.NettyConnectListener - Using new Channel '[id: 0x2d7bc136, L:/127.0.0.1:51567 - R:localhost/127.0.0.1:43428]' for 'POST' to '/session'
16:13:09.756 [AsyncHttpClient-1-1] DEBUG org.asynchttpclient.netty.channel.DefaultChannelPool - Entry count for : http://localhost:22940 : 1
16:13:09.756 [AsyncHttpClient-1-1] DEBUG org.asynchttpclient.netty.channel.DefaultChannelPool - Adding Candidate expired Channel [id: 0xe5d8634f, L:/127.0.0.1:51531 ! R:localhost/127.0.0.1:22940] isIdleTimeoutExpired=false isRemotelyClosed=true isTtlExpired=false
16:13:09.756 [AsyncHttpClient-1-1] DEBUG org.asynchttpclient.netty.channel.DefaultChannelPool - Closing Idle Channel [id: 0xe5d8634f, L:/127.0.0.1:51531 ! R:localhost/127.0.0.1:22940]
16:13:09.756 [AsyncHttpClient-1-1] DEBUG org.asynchttpclient.netty.channel.DefaultChannelPool - Closed 1 connections out of 1 in 0 ms
16:13:09.948 [AsyncHttpClient-1-15] DEBUG org.asynchttpclient.netty.handler.HttpHandler - 

Request DefaultHttpRequest(decodeResult: success, version: HTTP/1.1)
POST /session HTTP/1.1
User-Agent: selenium/4.8.1 (java windows)
Content-Length: 507
Content-Type: application/json; charset=utf-8
host: localhost:43428
accept: */*

Response DefaultHttpResponse(decodeResult: success, version: HTTP/1.1)
HTTP/1.1 200 OK
Content-Length: 863
Content-Type: application/json; charset=utf-8
cache-control: no-cache

16:13:09.948 [AsyncHttpClient-1-15] DEBUG org.asynchttpclient.netty.channel.ChannelManager - Adding key: http://localhost:43428 for channel [id: 0x2d7bc136, L:/127.0.0.1:51567 - R:localhost/127.0.0.1:43428]
16:13:09.954 [AsyncHttpClient-1-16] DEBUG org.asynchttpclient.netty.channel.NettyConnectListener - Using new Channel '[id: 0xc47752e5, L:/127.0.0.1:51576 - R:localhost/127.0.0.1:51568]' for 'GET' to '/json/version'
16:13:09.954 [AsyncHttpClient-1-16] DEBUG org.asynchttpclient.netty.handler.HttpHandler - 

Request DefaultFullHttpRequest(decodeResult: success, version: HTTP/1.1, content: EmptyByteBufBE)
GET /json/version HTTP/1.1
User-Agent: selenium/4.8.1 (java windows)
host: localhost:51568
accept: */*

Response DefaultHttpResponse(decodeResult: success, version: HTTP/1.1)
HTTP/1.1 200 OK
Content-Security-Policy: frame-ancestors 'none'
Content-Length: 424
Content-Type: application/json; charset=UTF-8

16:13:09.954 [AsyncHttpClient-1-16] DEBUG org.asynchttpclient.netty.channel.ChannelManager - Adding key: http://localhost:51568 for channel [id: 0xc47752e5, L:/127.0.0.1:51576 - R:localhost/127.0.0.1:51568]
16:13:09.955 [AsyncHttpClient-1-17] DEBUG org.asynchttpclient.netty.channel.NettyConnectListener - Using new Channel '[id: 0xac1750d7, L:/127.0.0.1:51577 - R:localhost/127.0.0.1:51568]' for 'GET' to '/devtools/browser/8174fad0-53f2-4fdd-88c9-f960caf0691c'
16:13:09.956 [AsyncHttpClient-1-17] DEBUG org.asynchttpclient.netty.handler.WebSocketHandler - 

Request DefaultFullHttpRequest(decodeResult: success, version: HTTP/1.1, content: EmptyByteBufBE)
GET /devtools/browser/8174fad0-53f2-4fdd-88c9-f960caf0691c HTTP/1.1
upgrade: websocket
connection: upgrade
sec-websocket-key: 5KHKrK2lHCxiNmUidWyTGg==
sec-websocket-version: 13
origin: http://localhost:51568
host: localhost:51568
accept: */*
user-agent: AHC/2.1

Response DefaultHttpResponse(decodeResult: success, version: HTTP/1.1)
HTTP/1.1 101 WebSocket Protocol Handshake
Upgrade: WebSocket
Connection: Upgrade
Sec-WebSocket-Accept: na47T06NcRVxsqMjrN1Mrm+JJ0c=

16:13:09.958 [Forwarding get on session 5f8fedee70c0f73be6349b16d3e854c1 to remote] DEBUG org.asynchttpclient.netty.request.NettyRequestSender - Using pooled Channel '[id: 0x2d7bc136, L:/127.0.0.1:51567 - R:localhost/127.0.0.1:43428]' for 'POST' to 'http://localhost:43428/session/5f8fedee70c0f73be6349b16d3e854c1/url'
16:13:09.958 [Forwarding get on session 5f8fedee70c0f73be6349b16d3e854c1 to remote] DEBUG org.asynchttpclient.netty.request.NettyRequestSender - Using open Channel [id: 0x2d7bc136, L:/127.0.0.1:51567 - R:localhost/127.0.0.1:43428] for POST '/session/5f8fedee70c0f73be6349b16d3e854c1/url'
16:13:10.859 [AsyncHttpClient-1-1] DEBUG org.asynchttpclient.netty.channel.DefaultChannelPool - Entry count for : http://localhost:51568 : 1
16:13:11.965 [AsyncHttpClient-1-1] DEBUG org.asynchttpclient.netty.channel.DefaultChannelPool - Entry count for : http://localhost:51568 : 1
16:13:13.057 [AsyncHttpClient-1-1] DEBUG org.asynchttpclient.netty.channel.DefaultChannelPool - Entry count for : http://localhost:51568 : 1
16:13:13.400 [AsyncHttpClient-1-15] DEBUG org.asynchttpclient.netty.handler.HttpHandler - 

Request DefaultHttpRequest(decodeResult: success, version: HTTP/1.1)
POST /session/5f8fedee70c0f73be6349b16d3e854c1/url HTTP/1.1
User-Agent: selenium/4.8.1 (java windows)
Content-Length: 74
Content-Type: application/json; charset=utf-8
host: localhost:43428
accept: */*

Response DefaultHttpResponse(decodeResult: success, version: HTTP/1.1)
HTTP/1.1 200 OK
Content-Length: 14
Content-Type: application/json; charset=utf-8
cache-control: no-cache

16:13:13.400 [AsyncHttpClient-1-15] DEBUG org.asynchttpclient.netty.channel.ChannelManager - Adding key: http://localhost:43428 for channel [id: 0x2d7bc136, L:/127.0.0.1:51567 - R:localhost/127.0.0.1:43428]
16:13:13.401 [Forwarding setTimeout on session 5f8fedee70c0f73be6349b16d3e854c1 to remote] DEBUG org.asynchttpclient.netty.request.NettyRequestSender - Using pooled Channel '[id: 0x2d7bc136, L:/127.0.0.1:51567 - R:localhost/127.0.0.1:43428]' for 'POST' to 'http://localhost:43428/session/5f8fedee70c0f73be6349b16d3e854c1/timeouts'
16:13:13.401 [Forwarding setTimeout on session 5f8fedee70c0f73be6349b16d3e854c1 to remote] DEBUG org.asynchttpclient.netty.request.NettyRequestSender - Using open Channel [id: 0x2d7bc136, L:/127.0.0.1:51567 - R:localhost/127.0.0.1:43428] for POST '/session/5f8fedee70c0f73be6349b16d3e854c1/timeouts'
16:13:13.402 [AsyncHttpClient-1-15] DEBUG org.asynchttpclient.netty.handler.HttpHandler - 

Request DefaultHttpRequest(decodeResult: success, version: HTTP/1.1)
POST /session/5f8fedee70c0f73be6349b16d3e854c1/timeouts HTTP/1.1
User-Agent: selenium/4.8.1 (java windows)
Content-Length: 22
Content-Type: application/json; charset=utf-8
host: localhost:43428
accept: */*

Response DefaultHttpResponse(decodeResult: success, version: HTTP/1.1)
HTTP/1.1 200 OK
Content-Length: 14
Content-Type: application/json; charset=utf-8
cache-control: no-cache

16:13:13.402 [AsyncHttpClient-1-15] DEBUG org.asynchttpclient.netty.channel.ChannelManager - Adding key: http://localhost:43428 for channel [id: 0x2d7bc136, L:/127.0.0.1:51567 - R:localhost/127.0.0.1:43428]
16:13:13.406 [Forwarding getAlertText on session 5f8fedee70c0f73be6349b16d3e854c1 to remote] DEBUG org.asynchttpclient.netty.request.NettyRequestSender - Using pooled Channel '[id: 0x2d7bc136, L:/127.0.0.1:51567 - R:localhost/127.0.0.1:43428]' for 'GET' to 'http://localhost:43428/session/5f8fedee70c0f73be6349b16d3e854c1/alert/text'
16:13:13.406 [Forwarding getAlertText on session 5f8fedee70c0f73be6349b16d3e854c1 to remote] DEBUG org.asynchttpclient.netty.request.NettyRequestSender - Using open Channel [id: 0x2d7bc136, L:/127.0.0.1:51567 - R:localhost/127.0.0.1:43428] for GET '/session/5f8fedee70c0f73be6349b16d3e854c1/alert/text'
16:13:13.407 [AsyncHttpClient-1-15] DEBUG org.asynchttpclient.netty.handler.HttpHandler - 

Request DefaultFullHttpRequest(decodeResult: success, version: HTTP/1.1, content: EmptyByteBufBE)
GET /session/5f8fedee70c0f73be6349b16d3e854c1/alert/text HTTP/1.1
User-Agent: selenium/4.8.1 (java windows)
Cache-Control: no-cache
Content-Type: application/json; charset=utf-8
host: localhost:43428
accept: */*

Response DefaultHttpResponse(decodeResult: success, version: HTTP/1.1)
HTTP/1.1 404 Not Found
Content-Length: 836
Content-Type: application/json; charset=utf-8
cache-control: no-cache

16:13:13.407 [AsyncHttpClient-1-15] DEBUG org.asynchttpclient.netty.channel.ChannelManager - Adding key: http://localhost:43428 for channel [id: 0x2d7bc136, L:/127.0.0.1:51567 - R:localhost/127.0.0.1:43428]
16:13:13.408 [Forwarding getCurrentUrl on session 5f8fedee70c0f73be6349b16d3e854c1 to remote] DEBUG org.asynchttpclient.netty.request.NettyRequestSender - Using pooled Channel '[id: 0x2d7bc136, L:/127.0.0.1:51567 - R:localhost/127.0.0.1:43428]' for 'GET' to 'http://localhost:43428/session/5f8fedee70c0f73be6349b16d3e854c1/url'
16:13:13.408 [Forwarding getCurrentUrl on session 5f8fedee70c0f73be6349b16d3e854c1 to remote] DEBUG org.asynchttpclient.netty.request.NettyRequestSender - Using open Channel [id: 0x2d7bc136, L:/127.0.0.1:51567 - R:localhost/127.0.0.1:43428] for GET '/session/5f8fedee70c0f73be6349b16d3e854c1/url'
16:13:13.412 [AsyncHttpClient-1-15] DEBUG org.asynchttpclient.netty.handler.HttpHandler - 

Request DefaultFullHttpRequest(decodeResult: success, version: HTTP/1.1, content: EmptyByteBufBE)
GET /session/5f8fedee70c0f73be6349b16d3e854c1/url HTTP/1.1
User-Agent: selenium/4.8.1 (java windows)
Cache-Control: no-cache
Content-Type: application/json; charset=utf-8
host: localhost:43428
accept: */*

Response DefaultHttpResponse(decodeResult: success, version: HTTP/1.1)
HTTP/1.1 200 OK
Content-Length: 51
Content-Type: application/json; charset=utf-8
cache-control: no-cache

16:13:13.412 [AsyncHttpClient-1-15] DEBUG org.asynchttpclient.netty.channel.ChannelManager - Adding key: http://localhost:43428 for channel [id: 0x2d7bc136, L:/127.0.0.1:51567 - R:localhost/127.0.0.1:43428]
16:13:13.413 [Forwarding screenshot on session 5f8fedee70c0f73be6349b16d3e854c1 to remote] DEBUG org.asynchttpclient.netty.request.NettyRequestSender - Using pooled Channel '[id: 0x2d7bc136, L:/127.0.0.1:51567 - R:localhost/127.0.0.1:43428]' for 'GET' to 'http://localhost:43428/session/5f8fedee70c0f73be6349b16d3e854c1/screenshot'
16:13:13.413 [Forwarding screenshot on session 5f8fedee70c0f73be6349b16d3e854c1 to remote] DEBUG org.asynchttpclient.netty.request.NettyRequestSender - Using open Channel [id: 0x2d7bc136, L:/127.0.0.1:51567 - R:localhost/127.0.0.1:43428] for GET '/session/5f8fedee70c0f73be6349b16d3e854c1/screenshot'
16:13:13.481 [AsyncHttpClient-1-15] DEBUG org.asynchttpclient.netty.handler.HttpHandler - 

Request DefaultFullHttpRequest(decodeResult: success, version: HTTP/1.1, content: EmptyByteBufBE)
GET /session/5f8fedee70c0f73be6349b16d3e854c1/screenshot HTTP/1.1
User-Agent: selenium/4.8.1 (java windows)
Cache-Control: no-cache
Content-Type: application/json; charset=utf-8
host: localhost:43428
accept: */*

Response DefaultHttpResponse(decodeResult: success, version: HTTP/1.1)
HTTP/1.1 200 OK
Content-Length: 25208
Content-Type: application/json; charset=utf-8
cache-control: no-cache

16:13:13.481 [AsyncHttpClient-1-15] DEBUG org.asynchttpclient.netty.channel.ChannelManager - Adding key: http://localhost:43428 for channel [id: 0x2d7bc136, L:/127.0.0.1:51567 - R:localhost/127.0.0.1:43428]
16:13:13.482 [main] DEBUG net.serenitybdd.core.photography.Darkroom - Send negative for processing for target\site\serenity\edb14d4aab401efa0e4fb99861e6ffcafebc86a67b69f7828890b9910ed2ddbd.png
16:13:13.482 [main] DEBUG net.thucydides.core.steps.StepInterceptor - STEP DONE: openPage
16:13:13.485 [Forwarding getPageSource on session 5f8fedee70c0f73be6349b16d3e854c1 to remote] DEBUG org.asynchttpclient.netty.request.NettyRequestSender - Using pooled Channel '[id: 0x2d7bc136, L:/127.0.0.1:51567 - R:localhost/127.0.0.1:43428]' for 'POST' to 'http://localhost:43428/session/5f8fedee70c0f73be6349b16d3e854c1/execute/sync'
16:13:13.485 [Forwarding getPageSource on session 5f8fedee70c0f73be6349b16d3e854c1 to remote] DEBUG org.asynchttpclient.netty.request.NettyRequestSender - Using open Channel [id: 0x2d7bc136, L:/127.0.0.1:51567 - R:localhost/127.0.0.1:43428] for POST '/session/5f8fedee70c0f73be6349b16d3e854c1/execute/sync'
16:13:13.489 [AsyncHttpClient-1-15] DEBUG org.asynchttpclient.netty.handler.HttpHandler - 

Request DefaultHttpRequest(decodeResult: success, version: HTTP/1.1)
POST /session/5f8fedee70c0f73be6349b16d3e854c1/execute/sync HTTP/1.1
User-Agent: selenium/4.8.1 (java windows)
Content-Length: 176
Content-Type: application/json; charset=utf-8
host: localhost:43428
accept: */*

Response DefaultHttpResponse(decodeResult: success, version: HTTP/1.1)
HTTP/1.1 200 OK
Content-Length: 21659
Content-Type: application/json; charset=utf-8
cache-control: no-cache

16:13:13.490 [AsyncHttpClient-1-15] DEBUG org.asynchttpclient.netty.channel.ChannelManager - Adding key: http://localhost:43428 for channel [id: 0x2d7bc136, L:/127.0.0.1:51567 - R:localhost/127.0.0.1:43428]
16:13:13.491 [Forwarding getCurrentUrl on session 5f8fedee70c0f73be6349b16d3e854c1 to remote] DEBUG org.asynchttpclient.netty.request.NettyRequestSender - Using pooled Channel '[id: 0x2d7bc136, L:/127.0.0.1:51567 - R:localhost/127.0.0.1:43428]' for 'GET' to 'http://localhost:43428/session/5f8fedee70c0f73be6349b16d3e854c1/url'
16:13:13.491 [Forwarding getCurrentUrl on session 5f8fedee70c0f73be6349b16d3e854c1 to remote] DEBUG org.asynchttpclient.netty.request.NettyRequestSender - Using open Channel [id: 0x2d7bc136, L:/127.0.0.1:51567 - R:localhost/127.0.0.1:43428] for GET '/session/5f8fedee70c0f73be6349b16d3e854c1/url'
16:13:13.494 [AsyncHttpClient-1-15] DEBUG org.asynchttpclient.netty.handler.HttpHandler - 

Request DefaultFullHttpRequest(decodeResult: success, version: HTTP/1.1, content: EmptyByteBufBE)
GET /session/5f8fedee70c0f73be6349b16d3e854c1/url HTTP/1.1
User-Agent: selenium/4.8.1 (java windows)
Cache-Control: no-cache
Content-Type: application/json; charset=utf-8
host: localhost:43428
accept: */*

Response DefaultHttpResponse(decodeResult: success, version: HTTP/1.1)
HTTP/1.1 200 OK
Content-Length: 51
Content-Type: application/json; charset=utf-8
cache-control: no-cache

16:13:13.494 [AsyncHttpClient-1-15] DEBUG org.asynchttpclient.netty.channel.ChannelManager - Adding key: http://localhost:43428 for channel [id: 0x2d7bc136, L:/127.0.0.1:51567 - R:localhost/127.0.0.1:43428]
16:13:13.495 [main] DEBUG net.thucydides.core.steps.StepInterceptor - STARTING STEP: ProductSteps.onTheHomePage - inputEmail
16:13:13.496 [Forwarding findElement on session 5f8fedee70c0f73be6349b16d3e854c1 to remote] DEBUG org.asynchttpclient.netty.request.NettyRequestSender - Using pooled Channel '[id: 0x2d7bc136, L:/127.0.0.1:51567 - R:localhost/127.0.0.1:43428]' for 'POST' to 'http://localhost:43428/session/5f8fedee70c0f73be6349b16d3e854c1/element'
16:13:13.496 [Forwarding findElement on session 5f8fedee70c0f73be6349b16d3e854c1 to remote] DEBUG org.asynchttpclient.netty.request.NettyRequestSender - Using open Channel [id: 0x2d7bc136, L:/127.0.0.1:51567 - R:localhost/127.0.0.1:43428] for POST '/session/5f8fedee70c0f73be6349b16d3e854c1/element'
16:13:13.504 [AsyncHttpClient-1-15] DEBUG org.asynchttpclient.netty.handler.HttpHandler - 

Request DefaultHttpRequest(decodeResult: success, version: HTTP/1.1)
POST /session/5f8fedee70c0f73be6349b16d3e854c1/element HTTP/1.1
User-Agent: selenium/4.8.1 (java windows)
Content-Length: 55
Content-Type: application/json; charset=utf-8
host: localhost:43428
accept: */*

Response DefaultHttpResponse(decodeResult: success, version: HTTP/1.1)
HTTP/1.1 200 OK
Content-Length: 88
Content-Type: application/json; charset=utf-8
cache-control: no-cache

16:13:13.504 [AsyncHttpClient-1-15] DEBUG org.asynchttpclient.netty.channel.ChannelManager - Adding key: http://localhost:43428 for channel [id: 0x2d7bc136, L:/127.0.0.1:51567 - R:localhost/127.0.0.1:43428]
16:13:13.505 [Forwarding clearElement on session 5f8fedee70c0f73be6349b16d3e854c1 to remote] DEBUG org.asynchttpclient.netty.request.NettyRequestSender - Using pooled Channel '[id: 0x2d7bc136, L:/127.0.0.1:51567 - R:localhost/127.0.0.1:43428]' for 'POST' to 'http://localhost:43428/session/5f8fedee70c0f73be6349b16d3e854c1/element/87b15de0-44b4-4c99-bdab-34444f764e64/clear'
16:13:13.505 [Forwarding clearElement on session 5f8fedee70c0f73be6349b16d3e854c1 to remote] DEBUG org.asynchttpclient.netty.request.NettyRequestSender - Using open Channel [id: 0x2d7bc136, L:/127.0.0.1:51567 - R:localhost/127.0.0.1:43428] for POST '/session/5f8fedee70c0f73be6349b16d3e854c1/element/87b15de0-44b4-4c99-bdab-34444f764e64/clear'
16:13:13.529 [AsyncHttpClient-1-15] DEBUG org.asynchttpclient.netty.handler.HttpHandler - 

Request DefaultHttpRequest(decodeResult: success, version: HTTP/1.1)
POST /session/5f8fedee70c0f73be6349b16d3e854c1/element/87b15de0-44b4-4c99-bdab-34444f764e64/clear HTTP/1.1
User-Agent: selenium/4.8.1 (java windows)
Content-Length: 50
Content-Type: application/json; charset=utf-8
host: localhost:43428
accept: */*

Response DefaultHttpResponse(decodeResult: success, version: HTTP/1.1)
HTTP/1.1 200 OK
Content-Length: 14
Content-Type: application/json; charset=utf-8
cache-control: no-cache

16:13:13.529 [AsyncHttpClient-1-15] DEBUG org.asynchttpclient.netty.channel.ChannelManager - Adding key: http://localhost:43428 for channel [id: 0x2d7bc136, L:/127.0.0.1:51567 - R:localhost/127.0.0.1:43428]
16:13:13.529 [Forwarding sendKeysToElement on session 5f8fedee70c0f73be6349b16d3e854c1 to remote] DEBUG org.asynchttpclient.netty.request.NettyRequestSender - Using pooled Channel '[id: 0x2d7bc136, L:/127.0.0.1:51567 - R:localhost/127.0.0.1:43428]' for 'POST' to 'http://localhost:43428/session/5f8fedee70c0f73be6349b16d3e854c1/element/87b15de0-44b4-4c99-bdab-34444f764e64/value'
16:13:13.529 [Forwarding sendKeysToElement on session 5f8fedee70c0f73be6349b16d3e854c1 to remote] DEBUG org.asynchttpclient.netty.request.NettyRequestSender - Using open Channel [id: 0x2d7bc136, L:/127.0.0.1:51567 - R:localhost/127.0.0.1:43428] for POST '/session/5f8fedee70c0f73be6349b16d3e854c1/element/87b15de0-44b4-4c99-bdab-34444f764e64/value'
16:13:13.598 [AsyncHttpClient-1-15] DEBUG org.asynchttpclient.netty.handler.HttpHandler - 

Request DefaultHttpRequest(decodeResult: success, version: HTTP/1.1)
POST /session/5f8fedee70c0f73be6349b16d3e854c1/element/87b15de0-44b4-4c99-bdab-34444f764e64/value HTTP/1.1
User-Agent: selenium/4.8.1 (java windows)
Content-Length: 241
Content-Type: application/json; charset=utf-8
host: localhost:43428
accept: */*

Response DefaultHttpResponse(decodeResult: success, version: HTTP/1.1)
HTTP/1.1 200 OK
Content-Length: 14
Content-Type: application/json; charset=utf-8
cache-control: no-cache

16:13:13.598 [AsyncHttpClient-1-15] DEBUG org.asynchttpclient.netty.channel.ChannelManager - Adding key: http://localhost:43428 for channel [id: 0x2d7bc136, L:/127.0.0.1:51567 - R:localhost/127.0.0.1:43428]
16:13:13.602 [Forwarding getAlertText on session 5f8fedee70c0f73be6349b16d3e854c1 to remote] DEBUG org.asynchttpclient.netty.request.NettyRequestSender - Using pooled Channel '[id: 0x2d7bc136, L:/127.0.0.1:51567 - R:localhost/127.0.0.1:43428]' for 'GET' to 'http://localhost:43428/session/5f8fedee70c0f73be6349b16d3e854c1/alert/text'
16:13:13.602 [Forwarding getAlertText on session 5f8fedee70c0f73be6349b16d3e854c1 to remote] DEBUG org.asynchttpclient.netty.request.NettyRequestSender - Using open Channel [id: 0x2d7bc136, L:/127.0.0.1:51567 - R:localhost/127.0.0.1:43428] for GET '/session/5f8fedee70c0f73be6349b16d3e854c1/alert/text'
16:13:13.604 [AsyncHttpClient-1-15] DEBUG org.asynchttpclient.netty.handler.HttpHandler - 

Request DefaultFullHttpRequest(decodeResult: success, version: HTTP/1.1, content: EmptyByteBufBE)
GET /session/5f8fedee70c0f73be6349b16d3e854c1/alert/text HTTP/1.1
User-Agent: selenium/4.8.1 (java windows)
Cache-Control: no-cache
Content-Type: application/json; charset=utf-8
host: localhost:43428
accept: */*

Response DefaultHttpResponse(decodeResult: success, version: HTTP/1.1)
HTTP/1.1 404 Not Found
Content-Length: 836
Content-Type: application/json; charset=utf-8
cache-control: no-cache

16:13:13.604 [AsyncHttpClient-1-15] DEBUG org.asynchttpclient.netty.channel.ChannelManager - Adding key: http://localhost:43428 for channel [id: 0x2d7bc136, L:/127.0.0.1:51567 - R:localhost/127.0.0.1:43428]
16:13:13.604 [Forwarding getCurrentUrl on session 5f8fedee70c0f73be6349b16d3e854c1 to remote] DEBUG org.asynchttpclient.netty.request.NettyRequestSender - Using pooled Channel '[id: 0x2d7bc136, L:/127.0.0.1:51567 - R:localhost/127.0.0.1:43428]' for 'GET' to 'http://localhost:43428/session/5f8fedee70c0f73be6349b16d3e854c1/url'
16:13:13.604 [Forwarding getCurrentUrl on session 5f8fedee70c0f73be6349b16d3e854c1 to remote] DEBUG org.asynchttpclient.netty.request.NettyRequestSender - Using open Channel [id: 0x2d7bc136, L:/127.0.0.1:51567 - R:localhost/127.0.0.1:43428] for GET '/session/5f8fedee70c0f73be6349b16d3e854c1/url'
16:13:13.606 [AsyncHttpClient-1-15] DEBUG org.asynchttpclient.netty.handler.HttpHandler - 

Request DefaultFullHttpRequest(decodeResult: success, version: HTTP/1.1, content: EmptyByteBufBE)
GET /session/5f8fedee70c0f73be6349b16d3e854c1/url HTTP/1.1
User-Agent: selenium/4.8.1 (java windows)
Cache-Control: no-cache
Content-Type: application/json; charset=utf-8
host: localhost:43428
accept: */*

Response DefaultHttpResponse(decodeResult: success, version: HTTP/1.1)
HTTP/1.1 200 OK
Content-Length: 51
Content-Type: application/json; charset=utf-8
cache-control: no-cache

16:13:13.606 [AsyncHttpClient-1-15] DEBUG org.asynchttpclient.netty.channel.ChannelManager - Adding key: http://localhost:43428 for channel [id: 0x2d7bc136, L:/127.0.0.1:51567 - R:localhost/127.0.0.1:43428]
16:13:13.606 [Forwarding screenshot on session 5f8fedee70c0f73be6349b16d3e854c1 to remote] DEBUG org.asynchttpclient.netty.request.NettyRequestSender - Using pooled Channel '[id: 0x2d7bc136, L:/127.0.0.1:51567 - R:localhost/127.0.0.1:43428]' for 'GET' to 'http://localhost:43428/session/5f8fedee70c0f73be6349b16d3e854c1/screenshot'
16:13:13.606 [Forwarding screenshot on session 5f8fedee70c0f73be6349b16d3e854c1 to remote] DEBUG org.asynchttpclient.netty.request.NettyRequestSender - Using open Channel [id: 0x2d7bc136, L:/127.0.0.1:51567 - R:localhost/127.0.0.1:43428] for GET '/session/5f8fedee70c0f73be6349b16d3e854c1/screenshot'
16:13:13.701 [AsyncHttpClient-1-15] DEBUG org.asynchttpclient.netty.handler.HttpHandler - 

Request DefaultFullHttpRequest(decodeResult: success, version: HTTP/1.1, content: EmptyByteBufBE)
GET /session/5f8fedee70c0f73be6349b16d3e854c1/screenshot HTTP/1.1
User-Agent: selenium/4.8.1 (java windows)
Cache-Control: no-cache
Content-Type: application/json; charset=utf-8
host: localhost:43428
accept: */*

Response DefaultHttpResponse(decodeResult: success, version: HTTP/1.1)
HTTP/1.1 200 OK
Content-Length: 30296
Content-Type: application/json; charset=utf-8
cache-control: no-cache

16:13:13.701 [AsyncHttpClient-1-15] DEBUG org.asynchttpclient.netty.channel.ChannelManager - Adding key: http://localhost:43428 for channel [id: 0x2d7bc136, L:/127.0.0.1:51567 - R:localhost/127.0.0.1:43428]
16:13:13.702 [main] DEBUG net.serenitybdd.core.photography.Darkroom - Send negative for processing for target\site\serenity\a5791354edcf8b29737c6d74b5aad7c313e4cc179c83d14ef600147c119a511d.png
16:13:13.702 [main] DEBUG net.thucydides.core.steps.StepInterceptor - STEP DONE: inputEmail
16:13:13.702 [Darkroom Processing Line] DEBUG net.serenitybdd.core.photography.DarkroomProcessingLine - Processing screenshot image in /var/screenshots/screenshot-8442701139888852178
16:13:13.702 [Darkroom Processing Line] DEBUG net.serenitybdd.core.photography.DarkroomProcessingLine - Saving screenshot to target\site\serenity\a5791354edcf8b29737c6d74b5aad7c313e4cc179c83d14ef600147c119a511d.png
16:13:13.705 [Forwarding getPageSource on session 5f8fedee70c0f73be6349b16d3e854c1 to remote] DEBUG org.asynchttpclient.netty.request.NettyRequestSender - Using pooled Channel '[id: 0x2d7bc136, L:/127.0.0.1:51567 - R:localhost/127.0.0.1:43428]' for 'POST' to 'http://localhost:43428/session/5f8fedee70c0f73be6349b16d3e854c1/execute/sync'
16:13:13.705 [Forwarding getPageSource on session 5f8fedee70c0f73be6349b16d3e854c1 to remote] DEBUG org.asynchttpclient.netty.request.NettyRequestSender - Using open Channel [id: 0x2d7bc136, L:/127.0.0.1:51567 - R:localhost/127.0.0.1:43428] for POST '/session/5f8fedee70c0f73be6349b16d3e854c1/execute/sync'
16:13:13.709 [AsyncHttpClient-1-15] DEBUG org.asynchttpclient.netty.handler.HttpHandler - 

Request DefaultHttpRequest(decodeResult: success, version: HTTP/1.1)
POST /session/5f8fedee70c0f73be6349b16d3e854c1/execute/sync HTTP/1.1
User-Agent: selenium/4.8.1 (java windows)
Content-Length: 176
Content-Type: application/json; charset=utf-8
host: localhost:43428
accept: */*

Response DefaultHttpResponse(decodeResult: success, version: HTTP/1.1)
HTTP/1.1 200 OK
Content-Length: 21780
Content-Type: application/json; charset=utf-8
cache-control: no-cache

16:13:13.709 [AsyncHttpClient-1-15] DEBUG org.asynchttpclient.netty.channel.ChannelManager - Adding key: http://localhost:43428 for channel [id: 0x2d7bc136, L:/127.0.0.1:51567 - R:localhost/127.0.0.1:43428]
16:13:13.711 [Forwarding getCurrentUrl on session 5f8fedee70c0f73be6349b16d3e854c1 to remote] DEBUG org.asynchttpclient.netty.request.NettyRequestSender - Using pooled Channel '[id: 0x2d7bc136, L:/127.0.0.1:51567 - R:localhost/127.0.0.1:43428]' for 'GET' to 'http://localhost:43428/session/5f8fedee70c0f73be6349b16d3e854c1/url'
16:13:13.711 [Forwarding getCurrentUrl on session 5f8fedee70c0f73be6349b16d3e854c1 to remote] DEBUG org.asynchttpclient.netty.request.NettyRequestSender - Using open Channel [id: 0x2d7bc136, L:/127.0.0.1:51567 - R:localhost/127.0.0.1:43428] for GET '/session/5f8fedee70c0f73be6349b16d3e854c1/url'
16:13:13.716 [AsyncHttpClient-1-15] DEBUG org.asynchttpclient.netty.handler.HttpHandler - 

Request DefaultFullHttpRequest(decodeResult: success, version: HTTP/1.1, content: EmptyByteBufBE)
GET /session/5f8fedee70c0f73be6349b16d3e854c1/url HTTP/1.1
User-Agent: selenium/4.8.1 (java windows)
Cache-Control: no-cache
Content-Type: application/json; charset=utf-8
host: localhost:43428
accept: */*

Response DefaultHttpResponse(decodeResult: success, version: HTTP/1.1)
HTTP/1.1 200 OK
Content-Length: 51
Content-Type: application/json; charset=utf-8
cache-control: no-cache

16:13:13.716 [AsyncHttpClient-1-15] DEBUG org.asynchttpclient.netty.channel.ChannelManager - Adding key: http://localhost:43428 for channel [id: 0x2d7bc136, L:/127.0.0.1:51567 - R:localhost/127.0.0.1:43428]
16:13:13.718 [main] DEBUG net.thucydides.core.steps.StepInterceptor - STARTING STEP: ProductSteps.onTheHomePage - inputPassword
16:13:13.721 [Forwarding findElement on session 5f8fedee70c0f73be6349b16d3e854c1 to remote] DEBUG org.asynchttpclient.netty.request.NettyRequestSender - Using pooled Channel '[id: 0x2d7bc136, L:/127.0.0.1:51567 - R:localhost/127.0.0.1:43428]' for 'POST' to 'http://localhost:43428/session/5f8fedee70c0f73be6349b16d3e854c1/element'
16:13:13.721 [Forwarding findElement on session 5f8fedee70c0f73be6349b16d3e854c1 to remote] DEBUG org.asynchttpclient.netty.request.NettyRequestSender - Using open Channel [id: 0x2d7bc136, L:/127.0.0.1:51567 - R:localhost/127.0.0.1:43428] for POST '/session/5f8fedee70c0f73be6349b16d3e854c1/element'
16:13:13.732 [AsyncHttpClient-1-15] DEBUG org.asynchttpclient.netty.handler.HttpHandler - 

Request DefaultHttpRequest(decodeResult: success, version: HTTP/1.1)
POST /session/5f8fedee70c0f73be6349b16d3e854c1/element HTTP/1.1
User-Agent: selenium/4.8.1 (java windows)
Content-Length: 55
Content-Type: application/json; charset=utf-8
host: localhost:43428
accept: */*

Response DefaultHttpResponse(decodeResult: success, version: HTTP/1.1)
HTTP/1.1 200 OK
Content-Length: 88
Content-Type: application/json; charset=utf-8
cache-control: no-cache

16:13:13.732 [AsyncHttpClient-1-15] DEBUG org.asynchttpclient.netty.channel.ChannelManager - Adding key: http://localhost:43428 for channel [id: 0x2d7bc136, L:/127.0.0.1:51567 - R:localhost/127.0.0.1:43428]
16:13:13.733 [Forwarding clearElement on session 5f8fedee70c0f73be6349b16d3e854c1 to remote] DEBUG org.asynchttpclient.netty.request.NettyRequestSender - Using pooled Channel '[id: 0x2d7bc136, L:/127.0.0.1:51567 - R:localhost/127.0.0.1:43428]' for 'POST' to 'http://localhost:43428/session/5f8fedee70c0f73be6349b16d3e854c1/element/9fb1fba7-8c30-4dd2-92ea-fb116e47cee5/clear'
16:13:13.733 [Forwarding clearElement on session 5f8fedee70c0f73be6349b16d3e854c1 to remote] DEBUG org.asynchttpclient.netty.request.NettyRequestSender - Using open Channel [id: 0x2d7bc136, L:/127.0.0.1:51567 - R:localhost/127.0.0.1:43428] for POST '/session/5f8fedee70c0f73be6349b16d3e854c1/element/9fb1fba7-8c30-4dd2-92ea-fb116e47cee5/clear'
16:13:13.778 [AsyncHttpClient-1-15] DEBUG org.asynchttpclient.netty.handler.HttpHandler - 

Request DefaultHttpRequest(decodeResult: success, version: HTTP/1.1)
POST /session/5f8fedee70c0f73be6349b16d3e854c1/element/9fb1fba7-8c30-4dd2-92ea-fb116e47cee5/clear HTTP/1.1
User-Agent: selenium/4.8.1 (java windows)
Content-Length: 50
Content-Type: application/json; charset=utf-8
host: localhost:43428
accept: */*

Response DefaultHttpResponse(decodeResult: success, version: HTTP/1.1)
HTTP/1.1 200 OK
Content-Length: 14
Content-Type: application/json; charset=utf-8
cache-control: no-cache

16:13:13.778 [AsyncHttpClient-1-15] DEBUG org.asynchttpclient.netty.channel.ChannelManager - Adding key: http://localhost:43428 for channel [id: 0x2d7bc136, L:/127.0.0.1:51567 - R:localhost/127.0.0.1:43428]
16:13:13.780 [Forwarding sendKeysToElement on session 5f8fedee70c0f73be6349b16d3e854c1 to remote] DEBUG org.asynchttpclient.netty.request.NettyRequestSender - Using pooled Channel '[id: 0x2d7bc136, L:/127.0.0.1:51567 - R:localhost/127.0.0.1:43428]' for 'POST' to 'http://localhost:43428/session/5f8fedee70c0f73be6349b16d3e854c1/element/9fb1fba7-8c30-4dd2-92ea-fb116e47cee5/value'
16:13:13.780 [Forwarding sendKeysToElement on session 5f8fedee70c0f73be6349b16d3e854c1 to remote] DEBUG org.asynchttpclient.netty.request.NettyRequestSender - Using open Channel [id: 0x2d7bc136, L:/127.0.0.1:51567 - R:localhost/127.0.0.1:43428] for POST '/session/5f8fedee70c0f73be6349b16d3e854c1/element/9fb1fba7-8c30-4dd2-92ea-fb116e47cee5/value'
16:13:13.836 [AsyncHttpClient-1-15] DEBUG org.asynchttpclient.netty.handler.HttpHandler - 

Request DefaultHttpRequest(decodeResult: success, version: HTTP/1.1)
POST /session/5f8fedee70c0f73be6349b16d3e854c1/element/9fb1fba7-8c30-4dd2-92ea-fb116e47cee5/value HTTP/1.1
User-Agent: selenium/4.8.1 (java windows)
Content-Length: 141
Content-Type: application/json; charset=utf-8
host: localhost:43428
accept: */*

Response DefaultHttpResponse(decodeResult: success, version: HTTP/1.1)
HTTP/1.1 200 OK
Content-Length: 14
Content-Type: application/json; charset=utf-8
cache-control: no-cache

16:13:13.836 [AsyncHttpClient-1-15] DEBUG org.asynchttpclient.netty.channel.ChannelManager - Adding key: http://localhost:43428 for channel [id: 0x2d7bc136, L:/127.0.0.1:51567 - R:localhost/127.0.0.1:43428]
16:13:13.840 [Forwarding getAlertText on session 5f8fedee70c0f73be6349b16d3e854c1 to remote] DEBUG org.asynchttpclient.netty.request.NettyRequestSender - Using pooled Channel '[id: 0x2d7bc136, L:/127.0.0.1:51567 - R:localhost/127.0.0.1:43428]' for 'GET' to 'http://localhost:43428/session/5f8fedee70c0f73be6349b16d3e854c1/alert/text'
16:13:13.840 [Forwarding getAlertText on session 5f8fedee70c0f73be6349b16d3e854c1 to remote] DEBUG org.asynchttpclient.netty.request.NettyRequestSender - Using open Channel [id: 0x2d7bc136, L:/127.0.0.1:51567 - R:localhost/127.0.0.1:43428] for GET '/session/5f8fedee70c0f73be6349b16d3e854c1/alert/text'
16:13:13.841 [AsyncHttpClient-1-15] DEBUG org.asynchttpclient.netty.handler.HttpHandler - 

Request DefaultFullHttpRequest(decodeResult: success, version: HTTP/1.1, content: EmptyByteBufBE)
GET /session/5f8fedee70c0f73be6349b16d3e854c1/alert/text HTTP/1.1
User-Agent: selenium/4.8.1 (java windows)
Cache-Control: no-cache
Content-Type: application/json; charset=utf-8
host: localhost:43428
accept: */*

Response DefaultHttpResponse(decodeResult: success, version: HTTP/1.1)
HTTP/1.1 404 Not Found
Content-Length: 836
Content-Type: application/json; charset=utf-8
cache-control: no-cache

16:13:13.841 [AsyncHttpClient-1-15] DEBUG org.asynchttpclient.netty.channel.ChannelManager - Adding key: http://localhost:43428 for channel [id: 0x2d7bc136, L:/127.0.0.1:51567 - R:localhost/127.0.0.1:43428]
16:13:13.842 [Forwarding getCurrentUrl on session 5f8fedee70c0f73be6349b16d3e854c1 to remote] DEBUG org.asynchttpclient.netty.request.NettyRequestSender - Using pooled Channel '[id: 0x2d7bc136, L:/127.0.0.1:51567 - R:localhost/127.0.0.1:43428]' for 'GET' to 'http://localhost:43428/session/5f8fedee70c0f73be6349b16d3e854c1/url'
16:13:13.842 [Forwarding getCurrentUrl on session 5f8fedee70c0f73be6349b16d3e854c1 to remote] DEBUG org.asynchttpclient.netty.request.NettyRequestSender - Using open Channel [id: 0x2d7bc136, L:/127.0.0.1:51567 - R:localhost/127.0.0.1:43428] for GET '/session/5f8fedee70c0f73be6349b16d3e854c1/url'
16:13:13.843 [AsyncHttpClient-1-15] DEBUG org.asynchttpclient.netty.handler.HttpHandler - 

Request DefaultFullHttpRequest(decodeResult: success, version: HTTP/1.1, content: EmptyByteBufBE)
GET /session/5f8fedee70c0f73be6349b16d3e854c1/url HTTP/1.1
User-Agent: selenium/4.8.1 (java windows)
Cache-Control: no-cache
Content-Type: application/json; charset=utf-8
host: localhost:43428
accept: */*

Response DefaultHttpResponse(decodeResult: success, version: HTTP/1.1)
HTTP/1.1 200 OK
Content-Length: 51
Content-Type: application/json; charset=utf-8
cache-control: no-cache

16:13:13.844 [AsyncHttpClient-1-15] DEBUG org.asynchttpclient.netty.channel.ChannelManager - Adding key: http://localhost:43428 for channel [id: 0x2d7bc136, L:/127.0.0.1:51567 - R:localhost/127.0.0.1:43428]
16:13:13.844 [Forwarding screenshot on session 5f8fedee70c0f73be6349b16d3e854c1 to remote] DEBUG org.asynchttpclient.netty.request.NettyRequestSender - Using pooled Channel '[id: 0x2d7bc136, L:/127.0.0.1:51567 - R:localhost/127.0.0.1:43428]' for 'GET' to 'http://localhost:43428/session/5f8fedee70c0f73be6349b16d3e854c1/screenshot'
16:13:13.844 [Forwarding screenshot on session 5f8fedee70c0f73be6349b16d3e854c1 to remote] DEBUG org.asynchttpclient.netty.request.NettyRequestSender - Using open Channel [id: 0x2d7bc136, L:/127.0.0.1:51567 - R:localhost/127.0.0.1:43428] for GET '/session/5f8fedee70c0f73be6349b16d3e854c1/screenshot'
16:13:13.938 [AsyncHttpClient-1-15] DEBUG org.asynchttpclient.netty.handler.HttpHandler - 

Request DefaultFullHttpRequest(decodeResult: success, version: HTTP/1.1, content: EmptyByteBufBE)
GET /session/5f8fedee70c0f73be6349b16d3e854c1/screenshot HTTP/1.1
User-Agent: selenium/4.8.1 (java windows)
Cache-Control: no-cache
Content-Type: application/json; charset=utf-8
host: localhost:43428
accept: */*

Response DefaultHttpResponse(decodeResult: success, version: HTTP/1.1)
HTTP/1.1 200 OK
Content-Length: 30956
Content-Type: application/json; charset=utf-8
cache-control: no-cache

16:13:13.938 [AsyncHttpClient-1-15] DEBUG org.asynchttpclient.netty.channel.ChannelManager - Adding key: http://localhost:43428 for channel [id: 0x2d7bc136, L:/127.0.0.1:51567 - R:localhost/127.0.0.1:43428]
16:13:13.939 [main] DEBUG net.serenitybdd.core.photography.Darkroom - Send negative for processing for target\site\serenity\9c5ed8c8a66e3c816999aecd6ec6aa5d65d53cd9441f3d643f72032110eaaec2.png
16:13:13.939 [main] DEBUG net.thucydides.core.steps.StepInterceptor - STEP DONE: inputPassword
16:13:13.939 [Darkroom Processing Line] DEBUG net.serenitybdd.core.photography.DarkroomProcessingLine - Processing screenshot image in /var/screenshots/screenshot-18445234881385401222
16:13:13.939 [Darkroom Processing Line] DEBUG net.serenitybdd.core.photography.DarkroomProcessingLine - Saving screenshot to target\site\serenity\9c5ed8c8a66e3c816999aecd6ec6aa5d65d53cd9441f3d643f72032110eaaec2.png
16:13:13.943 [Forwarding getPageSource on session 5f8fedee70c0f73be6349b16d3e854c1 to remote] DEBUG org.asynchttpclient.netty.request.NettyRequestSender - Using pooled Channel '[id: 0x2d7bc136, L:/127.0.0.1:51567 - R:localhost/127.0.0.1:43428]' for 'POST' to 'http://localhost:43428/session/5f8fedee70c0f73be6349b16d3e854c1/execute/sync'
16:13:13.943 [Forwarding getPageSource on session 5f8fedee70c0f73be6349b16d3e854c1 to remote] DEBUG org.asynchttpclient.netty.request.NettyRequestSender - Using open Channel [id: 0x2d7bc136, L:/127.0.0.1:51567 - R:localhost/127.0.0.1:43428] for POST '/session/5f8fedee70c0f73be6349b16d3e854c1/execute/sync'
16:13:13.946 [AsyncHttpClient-1-15] DEBUG org.asynchttpclient.netty.handler.HttpHandler - 

Request DefaultHttpRequest(decodeResult: success, version: HTTP/1.1)
POST /session/5f8fedee70c0f73be6349b16d3e854c1/execute/sync HTTP/1.1
User-Agent: selenium/4.8.1 (java windows)
Content-Length: 176
Content-Type: application/json; charset=utf-8
host: localhost:43428
accept: */*

Response DefaultHttpResponse(decodeResult: success, version: HTTP/1.1)
HTTP/1.1 200 OK
Content-Length: 21839
Content-Type: application/json; charset=utf-8
cache-control: no-cache

16:13:13.946 [AsyncHttpClient-1-15] DEBUG org.asynchttpclient.netty.channel.ChannelManager - Adding key: http://localhost:43428 for channel [id: 0x2d7bc136, L:/127.0.0.1:51567 - R:localhost/127.0.0.1:43428]
16:13:13.947 [Forwarding getCurrentUrl on session 5f8fedee70c0f73be6349b16d3e854c1 to remote] DEBUG org.asynchttpclient.netty.request.NettyRequestSender - Using pooled Channel '[id: 0x2d7bc136, L:/127.0.0.1:51567 - R:localhost/127.0.0.1:43428]' for 'GET' to 'http://localhost:43428/session/5f8fedee70c0f73be6349b16d3e854c1/url'
16:13:13.947 [Forwarding getCurrentUrl on session 5f8fedee70c0f73be6349b16d3e854c1 to remote] DEBUG org.asynchttpclient.netty.request.NettyRequestSender - Using open Channel [id: 0x2d7bc136, L:/127.0.0.1:51567 - R:localhost/127.0.0.1:43428] for GET '/session/5f8fedee70c0f73be6349b16d3e854c1/url'
16:13:13.952 [AsyncHttpClient-1-15] DEBUG org.asynchttpclient.netty.handler.HttpHandler - 

Request DefaultFullHttpRequest(decodeResult: success, version: HTTP/1.1, content: EmptyByteBufBE)
GET /session/5f8fedee70c0f73be6349b16d3e854c1/url HTTP/1.1
User-Agent: selenium/4.8.1 (java windows)
Cache-Control: no-cache
Content-Type: application/json; charset=utf-8
host: localhost:43428
accept: */*

Response DefaultHttpResponse(decodeResult: success, version: HTTP/1.1)
HTTP/1.1 200 OK
Content-Length: 51
Content-Type: application/json; charset=utf-8
cache-control: no-cache

16:13:13.952 [AsyncHttpClient-1-15] DEBUG org.asynchttpclient.netty.channel.ChannelManager - Adding key: http://localhost:43428 for channel [id: 0x2d7bc136, L:/127.0.0.1:51567 - R:localhost/127.0.0.1:43428]
16:13:13.953 [main] DEBUG net.thucydides.core.steps.StepInterceptor - STARTING STEP: ProductSteps.onTheHomePage - clickLoginButton
16:13:13.954 [Forwarding findElement on session 5f8fedee70c0f73be6349b16d3e854c1 to remote] DEBUG org.asynchttpclient.netty.request.NettyRequestSender - Using pooled Channel '[id: 0x2d7bc136, L:/127.0.0.1:51567 - R:localhost/127.0.0.1:43428]' for 'POST' to 'http://localhost:43428/session/5f8fedee70c0f73be6349b16d3e854c1/element'
16:13:13.954 [Forwarding findElement on session 5f8fedee70c0f73be6349b16d3e854c1 to remote] DEBUG org.asynchttpclient.netty.request.NettyRequestSender - Using open Channel [id: 0x2d7bc136, L:/127.0.0.1:51567 - R:localhost/127.0.0.1:43428] for POST '/session/5f8fedee70c0f73be6349b16d3e854c1/element'
16:13:13.961 [AsyncHttpClient-1-15] DEBUG org.asynchttpclient.netty.handler.HttpHandler - 

Request DefaultHttpRequest(decodeResult: success, version: HTTP/1.1)
POST /session/5f8fedee70c0f73be6349b16d3e854c1/element HTTP/1.1
User-Agent: selenium/4.8.1 (java windows)
Content-Length: 71
Content-Type: application/json; charset=utf-8
host: localhost:43428
accept: */*

Response DefaultHttpResponse(decodeResult: success, version: HTTP/1.1)
HTTP/1.1 200 OK
Content-Length: 88
Content-Type: application/json; charset=utf-8
cache-control: no-cache

16:13:13.961 [AsyncHttpClient-1-15] DEBUG org.asynchttpclient.netty.channel.ChannelManager - Adding key: http://localhost:43428 for channel [id: 0x2d7bc136, L:/127.0.0.1:51567 - R:localhost/127.0.0.1:43428]
16:13:13.962 [Forwarding getElementTagName on session 5f8fedee70c0f73be6349b16d3e854c1 to remote] DEBUG org.asynchttpclient.netty.request.NettyRequestSender - Using pooled Channel '[id: 0x2d7bc136, L:/127.0.0.1:51567 - R:localhost/127.0.0.1:43428]' for 'GET' to 'http://localhost:43428/session/5f8fedee70c0f73be6349b16d3e854c1/element/cb12859f-a6dc-4bc1-9745-7e6204b67b9e/name'
16:13:13.962 [Forwarding getElementTagName on session 5f8fedee70c0f73be6349b16d3e854c1 to remote] DEBUG org.asynchttpclient.netty.request.NettyRequestSender - Using open Channel [id: 0x2d7bc136, L:/127.0.0.1:51567 - R:localhost/127.0.0.1:43428] for GET '/session/5f8fedee70c0f73be6349b16d3e854c1/element/cb12859f-a6dc-4bc1-9745-7e6204b67b9e/name'
16:13:13.966 [AsyncHttpClient-1-15] DEBUG org.asynchttpclient.netty.handler.HttpHandler - 

Request DefaultFullHttpRequest(decodeResult: success, version: HTTP/1.1, content: EmptyByteBufBE)
GET /session/5f8fedee70c0f73be6349b16d3e854c1/element/cb12859f-a6dc-4bc1-9745-7e6204b67b9e/name HTTP/1.1
User-Agent: selenium/4.8.1 (java windows)
Cache-Control: no-cache
Content-Type: application/json; charset=utf-8
host: localhost:43428
accept: */*

Response DefaultHttpResponse(decodeResult: success, version: HTTP/1.1)
HTTP/1.1 200 OK
Content-Length: 18
Content-Type: application/json; charset=utf-8
cache-control: no-cache

16:13:13.966 [AsyncHttpClient-1-15] DEBUG org.asynchttpclient.netty.channel.ChannelManager - Adding key: http://localhost:43428 for channel [id: 0x2d7bc136, L:/127.0.0.1:51567 - R:localhost/127.0.0.1:43428]
16:13:13.966 [Forwarding getElementTagName on session 5f8fedee70c0f73be6349b16d3e854c1 to remote] DEBUG org.asynchttpclient.netty.request.NettyRequestSender - Using pooled Channel '[id: 0x2d7bc136, L:/127.0.0.1:51567 - R:localhost/127.0.0.1:43428]' for 'GET' to 'http://localhost:43428/session/5f8fedee70c0f73be6349b16d3e854c1/element/cb12859f-a6dc-4bc1-9745-7e6204b67b9e/name'
16:13:13.966 [Forwarding getElementTagName on session 5f8fedee70c0f73be6349b16d3e854c1 to remote] DEBUG org.asynchttpclient.netty.request.NettyRequestSender - Using open Channel [id: 0x2d7bc136, L:/127.0.0.1:51567 - R:localhost/127.0.0.1:43428] for GET '/session/5f8fedee70c0f73be6349b16d3e854c1/element/cb12859f-a6dc-4bc1-9745-7e6204b67b9e/name'
16:13:13.968 [AsyncHttpClient-1-15] DEBUG org.asynchttpclient.netty.handler.HttpHandler - 

Request DefaultFullHttpRequest(decodeResult: success, version: HTTP/1.1, content: EmptyByteBufBE)
GET /session/5f8fedee70c0f73be6349b16d3e854c1/element/cb12859f-a6dc-4bc1-9745-7e6204b67b9e/name HTTP/1.1
User-Agent: selenium/4.8.1 (java windows)
Cache-Control: no-cache
Content-Type: application/json; charset=utf-8
host: localhost:43428
accept: */*

Response DefaultHttpResponse(decodeResult: success, version: HTTP/1.1)
HTTP/1.1 200 OK
Content-Length: 18
Content-Type: application/json; charset=utf-8
cache-control: no-cache

16:13:13.968 [AsyncHttpClient-1-15] DEBUG org.asynchttpclient.netty.channel.ChannelManager - Adding key: http://localhost:43428 for channel [id: 0x2d7bc136, L:/127.0.0.1:51567 - R:localhost/127.0.0.1:43428]
16:13:13.969 [Forwarding isElementEnabled on session 5f8fedee70c0f73be6349b16d3e854c1 to remote] DEBUG org.asynchttpclient.netty.request.NettyRequestSender - Using pooled Channel '[id: 0x2d7bc136, L:/127.0.0.1:51567 - R:localhost/127.0.0.1:43428]' for 'GET' to 'http://localhost:43428/session/5f8fedee70c0f73be6349b16d3e854c1/element/cb12859f-a6dc-4bc1-9745-7e6204b67b9e/enabled'
16:13:13.969 [Forwarding isElementEnabled on session 5f8fedee70c0f73be6349b16d3e854c1 to remote] DEBUG org.asynchttpclient.netty.request.NettyRequestSender - Using open Channel [id: 0x2d7bc136, L:/127.0.0.1:51567 - R:localhost/127.0.0.1:43428] for GET '/session/5f8fedee70c0f73be6349b16d3e854c1/element/cb12859f-a6dc-4bc1-9745-7e6204b67b9e/enabled'
16:13:13.975 [AsyncHttpClient-1-15] DEBUG org.asynchttpclient.netty.handler.HttpHandler - 

Request DefaultFullHttpRequest(decodeResult: success, version: HTTP/1.1, content: EmptyByteBufBE)
GET /session/5f8fedee70c0f73be6349b16d3e854c1/element/cb12859f-a6dc-4bc1-9745-7e6204b67b9e/enabled HTTP/1.1
User-Agent: selenium/4.8.1 (java windows)
Cache-Control: no-cache
Content-Type: application/json; charset=utf-8
host: localhost:43428
accept: */*

Response DefaultHttpResponse(decodeResult: success, version: HTTP/1.1)
HTTP/1.1 200 OK
Content-Length: 14
Content-Type: application/json; charset=utf-8
cache-control: no-cache

16:13:13.975 [AsyncHttpClient-1-15] DEBUG org.asynchttpclient.netty.channel.ChannelManager - Adding key: http://localhost:43428 for channel [id: 0x2d7bc136, L:/127.0.0.1:51567 - R:localhost/127.0.0.1:43428]
16:13:13.976 [Forwarding isElementEnabled on session 5f8fedee70c0f73be6349b16d3e854c1 to remote] DEBUG org.asynchttpclient.netty.request.NettyRequestSender - Using pooled Channel '[id: 0x2d7bc136, L:/127.0.0.1:51567 - R:localhost/127.0.0.1:43428]' for 'GET' to 'http://localhost:43428/session/5f8fedee70c0f73be6349b16d3e854c1/element/cb12859f-a6dc-4bc1-9745-7e6204b67b9e/enabled'
16:13:13.976 [Forwarding isElementEnabled on session 5f8fedee70c0f73be6349b16d3e854c1 to remote] DEBUG org.asynchttpclient.netty.request.NettyRequestSender - Using open Channel [id: 0x2d7bc136, L:/127.0.0.1:51567 - R:localhost/127.0.0.1:43428] for GET '/session/5f8fedee70c0f73be6349b16d3e854c1/element/cb12859f-a6dc-4bc1-9745-7e6204b67b9e/enabled'
16:13:13.981 [AsyncHttpClient-1-15] DEBUG org.asynchttpclient.netty.handler.HttpHandler - 

Request DefaultFullHttpRequest(decodeResult: success, version: HTTP/1.1, content: EmptyByteBufBE)
GET /session/5f8fedee70c0f73be6349b16d3e854c1/element/cb12859f-a6dc-4bc1-9745-7e6204b67b9e/enabled HTTP/1.1
User-Agent: selenium/4.8.1 (java windows)
Cache-Control: no-cache
Content-Type: application/json; charset=utf-8
host: localhost:43428
accept: */*

Response DefaultHttpResponse(decodeResult: success, version: HTTP/1.1)
HTTP/1.1 200 OK
Content-Length: 14
Content-Type: application/json; charset=utf-8
cache-control: no-cache

16:13:13.981 [AsyncHttpClient-1-15] DEBUG org.asynchttpclient.netty.channel.ChannelManager - Adding key: http://localhost:43428 for channel [id: 0x2d7bc136, L:/127.0.0.1:51567 - R:localhost/127.0.0.1:43428]
16:13:13.981 [Forwarding findElement on session 5f8fedee70c0f73be6349b16d3e854c1 to remote] DEBUG org.asynchttpclient.netty.request.NettyRequestSender - Using pooled Channel '[id: 0x2d7bc136, L:/127.0.0.1:51567 - R:localhost/127.0.0.1:43428]' for 'POST' to 'http://localhost:43428/session/5f8fedee70c0f73be6349b16d3e854c1/element'
16:13:13.981 [Forwarding findElement on session 5f8fedee70c0f73be6349b16d3e854c1 to remote] DEBUG org.asynchttpclient.netty.request.NettyRequestSender - Using open Channel [id: 0x2d7bc136, L:/127.0.0.1:51567 - R:localhost/127.0.0.1:43428] for POST '/session/5f8fedee70c0f73be6349b16d3e854c1/element'
16:13:13.986 [AsyncHttpClient-1-15] DEBUG org.asynchttpclient.netty.handler.HttpHandler - 

Request DefaultHttpRequest(decodeResult: success, version: HTTP/1.1)
POST /session/5f8fedee70c0f73be6349b16d3e854c1/element HTTP/1.1
User-Agent: selenium/4.8.1 (java windows)
Content-Length: 71
Content-Type: application/json; charset=utf-8
host: localhost:43428
accept: */*

Response DefaultHttpResponse(decodeResult: success, version: HTTP/1.1)
HTTP/1.1 200 OK
Content-Length: 88
Content-Type: application/json; charset=utf-8
cache-control: no-cache

16:13:13.986 [AsyncHttpClient-1-15] DEBUG org.asynchttpclient.netty.channel.ChannelManager - Adding key: http://localhost:43428 for channel [id: 0x2d7bc136, L:/127.0.0.1:51567 - R:localhost/127.0.0.1:43428]
16:13:13.986 [Forwarding clickElement on session 5f8fedee70c0f73be6349b16d3e854c1 to remote] DEBUG org.asynchttpclient.netty.request.NettyRequestSender - Using pooled Channel '[id: 0x2d7bc136, L:/127.0.0.1:51567 - R:localhost/127.0.0.1:43428]' for 'POST' to 'http://localhost:43428/session/5f8fedee70c0f73be6349b16d3e854c1/element/cb12859f-a6dc-4bc1-9745-7e6204b67b9e/click'
16:13:13.986 [Forwarding clickElement on session 5f8fedee70c0f73be6349b16d3e854c1 to remote] DEBUG org.asynchttpclient.netty.request.NettyRequestSender - Using open Channel [id: 0x2d7bc136, L:/127.0.0.1:51567 - R:localhost/127.0.0.1:43428] for POST '/session/5f8fedee70c0f73be6349b16d3e854c1/element/cb12859f-a6dc-4bc1-9745-7e6204b67b9e/click'
16:13:14.021 [AsyncHttpClient-1-15] DEBUG org.asynchttpclient.netty.handler.HttpHandler - 

Request DefaultHttpRequest(decodeResult: success, version: HTTP/1.1)
POST /session/5f8fedee70c0f73be6349b16d3e854c1/element/cb12859f-a6dc-4bc1-9745-7e6204b67b9e/click HTTP/1.1
User-Agent: selenium/4.8.1 (java windows)
Content-Length: 50
Content-Type: application/json; charset=utf-8
host: localhost:43428
accept: */*

Response DefaultHttpResponse(decodeResult: success, version: HTTP/1.1)
HTTP/1.1 200 OK
Content-Length: 14
Content-Type: application/json; charset=utf-8
cache-control: no-cache

16:13:14.021 [AsyncHttpClient-1-15] DEBUG org.asynchttpclient.netty.channel.ChannelManager - Adding key: http://localhost:43428 for channel [id: 0x2d7bc136, L:/127.0.0.1:51567 - R:localhost/127.0.0.1:43428]
16:13:14.024 [Forwarding getAlertText on session 5f8fedee70c0f73be6349b16d3e854c1 to remote] DEBUG org.asynchttpclient.netty.request.NettyRequestSender - Using pooled Channel '[id: 0x2d7bc136, L:/127.0.0.1:51567 - R:localhost/127.0.0.1:43428]' for 'GET' to 'http://localhost:43428/session/5f8fedee70c0f73be6349b16d3e854c1/alert/text'
16:13:14.024 [Forwarding getAlertText on session 5f8fedee70c0f73be6349b16d3e854c1 to remote] DEBUG org.asynchttpclient.netty.request.NettyRequestSender - Using open Channel [id: 0x2d7bc136, L:/127.0.0.1:51567 - R:localhost/127.0.0.1:43428] for GET '/session/5f8fedee70c0f73be6349b16d3e854c1/alert/text'
16:13:14.027 [AsyncHttpClient-1-15] DEBUG org.asynchttpclient.netty.handler.HttpHandler - 

Request DefaultFullHttpRequest(decodeResult: success, version: HTTP/1.1, content: EmptyByteBufBE)
GET /session/5f8fedee70c0f73be6349b16d3e854c1/alert/text HTTP/1.1
User-Agent: selenium/4.8.1 (java windows)
Cache-Control: no-cache
Content-Type: application/json; charset=utf-8
host: localhost:43428
accept: */*

Response DefaultHttpResponse(decodeResult: success, version: HTTP/1.1)
HTTP/1.1 404 Not Found
Content-Length: 836
Content-Type: application/json; charset=utf-8
cache-control: no-cache

16:13:14.027 [AsyncHttpClient-1-15] DEBUG org.asynchttpclient.netty.channel.ChannelManager - Adding key: http://localhost:43428 for channel [id: 0x2d7bc136, L:/127.0.0.1:51567 - R:localhost/127.0.0.1:43428]
16:13:14.028 [Forwarding getCurrentUrl on session 5f8fedee70c0f73be6349b16d3e854c1 to remote] DEBUG org.asynchttpclient.netty.request.NettyRequestSender - Using pooled Channel '[id: 0x2d7bc136, L:/127.0.0.1:51567 - R:localhost/127.0.0.1:43428]' for 'GET' to 'http://localhost:43428/session/5f8fedee70c0f73be6349b16d3e854c1/url'
16:13:14.028 [Forwarding getCurrentUrl on session 5f8fedee70c0f73be6349b16d3e854c1 to remote] DEBUG org.asynchttpclient.netty.request.NettyRequestSender - Using open Channel [id: 0x2d7bc136, L:/127.0.0.1:51567 - R:localhost/127.0.0.1:43428] for GET '/session/5f8fedee70c0f73be6349b16d3e854c1/url'
16:13:14.030 [AsyncHttpClient-1-15] DEBUG org.asynchttpclient.netty.handler.HttpHandler - 

Request DefaultFullHttpRequest(decodeResult: success, version: HTTP/1.1, content: EmptyByteBufBE)
GET /session/5f8fedee70c0f73be6349b16d3e854c1/url HTTP/1.1
User-Agent: selenium/4.8.1 (java windows)
Cache-Control: no-cache
Content-Type: application/json; charset=utf-8
host: localhost:43428
accept: */*

Response DefaultHttpResponse(decodeResult: success, version: HTTP/1.1)
HTTP/1.1 200 OK
Content-Length: 51
Content-Type: application/json; charset=utf-8
cache-control: no-cache

16:13:14.030 [AsyncHttpClient-1-15] DEBUG org.asynchttpclient.netty.channel.ChannelManager - Adding key: http://localhost:43428 for channel [id: 0x2d7bc136, L:/127.0.0.1:51567 - R:localhost/127.0.0.1:43428]
16:13:14.030 [Forwarding screenshot on session 5f8fedee70c0f73be6349b16d3e854c1 to remote] DEBUG org.asynchttpclient.netty.request.NettyRequestSender - Using pooled Channel '[id: 0x2d7bc136, L:/127.0.0.1:51567 - R:localhost/127.0.0.1:43428]' for 'GET' to 'http://localhost:43428/session/5f8fedee70c0f73be6349b16d3e854c1/screenshot'
16:13:14.030 [Forwarding screenshot on session 5f8fedee70c0f73be6349b16d3e854c1 to remote] DEBUG org.asynchttpclient.netty.request.NettyRequestSender - Using open Channel [id: 0x2d7bc136, L:/127.0.0.1:51567 - R:localhost/127.0.0.1:43428] for GET '/session/5f8fedee70c0f73be6349b16d3e854c1/screenshot'
16:13:14.135 [AsyncHttpClient-1-15] DEBUG org.asynchttpclient.netty.handler.HttpHandler - 

Request DefaultFullHttpRequest(decodeResult: success, version: HTTP/1.1, content: EmptyByteBufBE)
GET /session/5f8fedee70c0f73be6349b16d3e854c1/screenshot HTTP/1.1
User-Agent: selenium/4.8.1 (java windows)
Cache-Control: no-cache
Content-Type: application/json; charset=utf-8
host: localhost:43428
accept: */*

Response DefaultHttpResponse(decodeResult: success, version: HTTP/1.1)
HTTP/1.1 200 OK
Content-Length: 30620
Content-Type: application/json; charset=utf-8
cache-control: no-cache

16:13:14.135 [AsyncHttpClient-1-15] DEBUG org.asynchttpclient.netty.channel.ChannelManager - Adding key: http://localhost:43428 for channel [id: 0x2d7bc136, L:/127.0.0.1:51567 - R:localhost/127.0.0.1:43428]
16:13:14.136 [main] DEBUG net.serenitybdd.core.photography.Darkroom - Send negative for processing for target\site\serenity\fec24a36e5a4f28912ab8ec207736a79aee875cc7de225fd6948ea67f43c23b8.png
16:13:14.136 [main] DEBUG net.thucydides.core.steps.StepInterceptor - STEP DONE: clickLoginButton
16:13:14.136 [Darkroom Processing Line] DEBUG net.serenitybdd.core.photography.DarkroomProcessingLine - Processing screenshot image in /var/screenshots/screenshot-4121360572711308341
16:13:14.137 [Darkroom Processing Line] DEBUG net.serenitybdd.core.photography.DarkroomProcessingLine - Saving screenshot to target\site\serenity\fec24a36e5a4f28912ab8ec207736a79aee875cc7de225fd6948ea67f43c23b8.png
16:13:14.140 [Forwarding getPageSource on session 5f8fedee70c0f73be6349b16d3e854c1 to remote] DEBUG org.asynchttpclient.netty.request.NettyRequestSender - Using pooled Channel '[id: 0x2d7bc136, L:/127.0.0.1:51567 - R:localhost/127.0.0.1:43428]' for 'POST' to 'http://localhost:43428/session/5f8fedee70c0f73be6349b16d3e854c1/execute/sync'
16:13:14.140 [Forwarding getPageSource on session 5f8fedee70c0f73be6349b16d3e854c1 to remote] DEBUG org.asynchttpclient.netty.request.NettyRequestSender - Using open Channel [id: 0x2d7bc136, L:/127.0.0.1:51567 - R:localhost/127.0.0.1:43428] for POST '/session/5f8fedee70c0f73be6349b16d3e854c1/execute/sync'
16:13:14.145 [AsyncHttpClient-1-15] DEBUG org.asynchttpclient.netty.handler.HttpHandler - 

Request DefaultHttpRequest(decodeResult: success, version: HTTP/1.1)
POST /session/5f8fedee70c0f73be6349b16d3e854c1/execute/sync HTTP/1.1
User-Agent: selenium/4.8.1 (java windows)
Content-Length: 176
Content-Type: application/json; charset=utf-8
host: localhost:43428
accept: */*

Response DefaultHttpResponse(decodeResult: success, version: HTTP/1.1)
HTTP/1.1 200 OK
Content-Length: 22119
Content-Type: application/json; charset=utf-8
cache-control: no-cache

16:13:14.145 [AsyncHttpClient-1-15] DEBUG org.asynchttpclient.netty.channel.ChannelManager - Adding key: http://localhost:43428 for channel [id: 0x2d7bc136, L:/127.0.0.1:51567 - R:localhost/127.0.0.1:43428]
16:13:14.147 [Forwarding getCurrentUrl on session 5f8fedee70c0f73be6349b16d3e854c1 to remote] DEBUG org.asynchttpclient.netty.request.NettyRequestSender - Using pooled Channel '[id: 0x2d7bc136, L:/127.0.0.1:51567 - R:localhost/127.0.0.1:43428]' for 'GET' to 'http://localhost:43428/session/5f8fedee70c0f73be6349b16d3e854c1/url'
16:13:14.147 [Forwarding getCurrentUrl on session 5f8fedee70c0f73be6349b16d3e854c1 to remote] DEBUG org.asynchttpclient.netty.request.NettyRequestSender - Using open Channel [id: 0x2d7bc136, L:/127.0.0.1:51567 - R:localhost/127.0.0.1:43428] for GET '/session/5f8fedee70c0f73be6349b16d3e854c1/url'
16:13:14.149 [AsyncHttpClient-1-15] DEBUG org.asynchttpclient.netty.handler.HttpHandler - 

Request DefaultFullHttpRequest(decodeResult: success, version: HTTP/1.1, content: EmptyByteBufBE)
GET /session/5f8fedee70c0f73be6349b16d3e854c1/url HTTP/1.1
User-Agent: selenium/4.8.1 (java windows)
Cache-Control: no-cache
Content-Type: application/json; charset=utf-8
host: localhost:43428
accept: */*

Response DefaultHttpResponse(decodeResult: success, version: HTTP/1.1)
HTTP/1.1 200 OK
Content-Length: 51
Content-Type: application/json; charset=utf-8
cache-control: no-cache

16:13:14.149 [AsyncHttpClient-1-15] DEBUG org.asynchttpclient.netty.channel.ChannelManager - Adding key: http://localhost:43428 for channel [id: 0x2d7bc136, L:/127.0.0.1:51567 - R:localhost/127.0.0.1:43428]
16:13:14.151 [main] DEBUG net.thucydides.core.steps.StepInterceptor - STARTING STEP: ProductSteps.onTheHomePage - validateOnHomePage
16:13:14.152 [Forwarding findElement on session 5f8fedee70c0f73be6349b16d3e854c1 to remote] DEBUG org.asynchttpclient.netty.request.NettyRequestSender - Using pooled Channel '[id: 0x2d7bc136, L:/127.0.0.1:51567 - R:localhost/127.0.0.1:43428]' for 'POST' to 'http://localhost:43428/session/5f8fedee70c0f73be6349b16d3e854c1/element'
16:13:14.152 [Forwarding findElement on session 5f8fedee70c0f73be6349b16d3e854c1 to remote] DEBUG org.asynchttpclient.netty.request.NettyRequestSender - Using open Channel [id: 0x2d7bc136, L:/127.0.0.1:51567 - R:localhost/127.0.0.1:43428] for POST '/session/5f8fedee70c0f73be6349b16d3e854c1/element'
16:13:14.157 [AsyncHttpClient-1-1] DEBUG org.asynchttpclient.netty.channel.DefaultChannelPool - Entry count for : http://localhost:51568 : 1
16:13:14.277 [AsyncHttpClient-1-15] DEBUG org.asynchttpclient.netty.handler.HttpHandler - 

Request DefaultHttpRequest(decodeResult: success, version: HTTP/1.1)
POST /session/5f8fedee70c0f73be6349b16d3e854c1/element HTTP/1.1
User-Agent: selenium/4.8.1 (java windows)
Content-Length: 54
Content-Type: application/json; charset=utf-8
host: localhost:43428
accept: */*

Response DefaultHttpResponse(decodeResult: success, version: HTTP/1.1)
HTTP/1.1 200 OK
Content-Length: 88
Content-Type: application/json; charset=utf-8
cache-control: no-cache

16:13:14.277 [AsyncHttpClient-1-15] DEBUG org.asynchttpclient.netty.channel.ChannelManager - Adding key: http://localhost:43428 for channel [id: 0x2d7bc136, L:/127.0.0.1:51567 - R:localhost/127.0.0.1:43428]
16:13:14.279 [Forwarding isElementDisplayed on session 5f8fedee70c0f73be6349b16d3e854c1 to remote] DEBUG org.asynchttpclient.netty.request.NettyRequestSender - Using pooled Channel '[id: 0x2d7bc136, L:/127.0.0.1:51567 - R:localhost/127.0.0.1:43428]' for 'POST' to 'http://localhost:43428/session/5f8fedee70c0f73be6349b16d3e854c1/execute/sync'
16:13:14.279 [Forwarding isElementDisplayed on session 5f8fedee70c0f73be6349b16d3e854c1 to remote] DEBUG org.asynchttpclient.netty.request.NettyRequestSender - Using open Channel [id: 0x2d7bc136, L:/127.0.0.1:51567 - R:localhost/127.0.0.1:43428] for POST '/session/5f8fedee70c0f73be6349b16d3e854c1/execute/sync'
16:13:14.289 [AsyncHttpClient-1-15] DEBUG org.asynchttpclient.netty.handler.HttpHandler - 

Request DefaultHttpRequest(decodeResult: success, version: HTTP/1.1)
POST /session/5f8fedee70c0f73be6349b16d3e854c1/execute/sync HTTP/1.1
User-Agent: selenium/4.8.1 (java windows)
Content-Length: 48807
Content-Type: application/json; charset=utf-8
host: localhost:43428
accept: */*

Response DefaultHttpResponse(decodeResult: success, version: HTTP/1.1)
HTTP/1.1 200 OK
Content-Length: 14
Content-Type: application/json; charset=utf-8
cache-control: no-cache

16:13:14.289 [AsyncHttpClient-1-15] DEBUG org.asynchttpclient.netty.channel.ChannelManager - Adding key: http://localhost:43428 for channel [id: 0x2d7bc136, L:/127.0.0.1:51567 - R:localhost/127.0.0.1:43428]
16:13:14.292 [Forwarding getAlertText on session 5f8fedee70c0f73be6349b16d3e854c1 to remote] DEBUG org.asynchttpclient.netty.request.NettyRequestSender - Using pooled Channel '[id: 0x2d7bc136, L:/127.0.0.1:51567 - R:localhost/127.0.0.1:43428]' for 'GET' to 'http://localhost:43428/session/5f8fedee70c0f73be6349b16d3e854c1/alert/text'
16:13:14.292 [Forwarding getAlertText on session 5f8fedee70c0f73be6349b16d3e854c1 to remote] DEBUG org.asynchttpclient.netty.request.NettyRequestSender - Using open Channel [id: 0x2d7bc136, L:/127.0.0.1:51567 - R:localhost/127.0.0.1:43428] for GET '/session/5f8fedee70c0f73be6349b16d3e854c1/alert/text'
16:13:14.293 [AsyncHttpClient-1-15] DEBUG org.asynchttpclient.netty.handler.HttpHandler - 

Request DefaultFullHttpRequest(decodeResult: success, version: HTTP/1.1, content: EmptyByteBufBE)
GET /session/5f8fedee70c0f73be6349b16d3e854c1/alert/text HTTP/1.1
User-Agent: selenium/4.8.1 (java windows)
Cache-Control: no-cache
Content-Type: application/json; charset=utf-8
host: localhost:43428
accept: */*

Response DefaultHttpResponse(decodeResult: success, version: HTTP/1.1)
HTTP/1.1 404 Not Found
Content-Length: 836
Content-Type: application/json; charset=utf-8
cache-control: no-cache

16:13:14.293 [AsyncHttpClient-1-15] DEBUG org.asynchttpclient.netty.channel.ChannelManager - Adding key: http://localhost:43428 for channel [id: 0x2d7bc136, L:/127.0.0.1:51567 - R:localhost/127.0.0.1:43428]
16:13:14.293 [Forwarding getCurrentUrl on session 5f8fedee70c0f73be6349b16d3e854c1 to remote] DEBUG org.asynchttpclient.netty.request.NettyRequestSender - Using pooled Channel '[id: 0x2d7bc136, L:/127.0.0.1:51567 - R:localhost/127.0.0.1:43428]' for 'GET' to 'http://localhost:43428/session/5f8fedee70c0f73be6349b16d3e854c1/url'
16:13:14.293 [Forwarding getCurrentUrl on session 5f8fedee70c0f73be6349b16d3e854c1 to remote] DEBUG org.asynchttpclient.netty.request.NettyRequestSender - Using open Channel [id: 0x2d7bc136, L:/127.0.0.1:51567 - R:localhost/127.0.0.1:43428] for GET '/session/5f8fedee70c0f73be6349b16d3e854c1/url'
16:13:14.296 [AsyncHttpClient-1-15] DEBUG org.asynchttpclient.netty.handler.HttpHandler - 

Request DefaultFullHttpRequest(decodeResult: success, version: HTTP/1.1, content: EmptyByteBufBE)
GET /session/5f8fedee70c0f73be6349b16d3e854c1/url HTTP/1.1
User-Agent: selenium/4.8.1 (java windows)
Cache-Control: no-cache
Content-Type: application/json; charset=utf-8
host: localhost:43428
accept: */*

Response DefaultHttpResponse(decodeResult: success, version: HTTP/1.1)
HTTP/1.1 200 OK
Content-Length: 41
Content-Type: application/json; charset=utf-8
cache-control: no-cache

16:13:14.296 [AsyncHttpClient-1-15] DEBUG org.asynchttpclient.netty.channel.ChannelManager - Adding key: http://localhost:43428 for channel [id: 0x2d7bc136, L:/127.0.0.1:51567 - R:localhost/127.0.0.1:43428]
16:13:14.297 [Forwarding screenshot on session 5f8fedee70c0f73be6349b16d3e854c1 to remote] DEBUG org.asynchttpclient.netty.request.NettyRequestSender - Using pooled Channel '[id: 0x2d7bc136, L:/127.0.0.1:51567 - R:localhost/127.0.0.1:43428]' for 'GET' to 'http://localhost:43428/session/5f8fedee70c0f73be6349b16d3e854c1/screenshot'
16:13:14.297 [Forwarding screenshot on session 5f8fedee70c0f73be6349b16d3e854c1 to remote] DEBUG org.asynchttpclient.netty.request.NettyRequestSender - Using open Channel [id: 0x2d7bc136, L:/127.0.0.1:51567 - R:localhost/127.0.0.1:43428] for GET '/session/5f8fedee70c0f73be6349b16d3e854c1/screenshot'
16:13:14.424 [AsyncHttpClient-1-15] DEBUG org.asynchttpclient.netty.handler.HttpHandler - 

Request DefaultFullHttpRequest(decodeResult: success, version: HTTP/1.1, content: EmptyByteBufBE)
GET /session/5f8fedee70c0f73be6349b16d3e854c1/screenshot HTTP/1.1
User-Agent: selenium/4.8.1 (java windows)
Cache-Control: no-cache
Content-Type: application/json; charset=utf-8
host: localhost:43428
accept: */*

Response DefaultHttpResponse(decodeResult: success, version: HTTP/1.1)
HTTP/1.1 200 OK
Content-Length: 26348
Content-Type: application/json; charset=utf-8
cache-control: no-cache

16:13:14.424 [AsyncHttpClient-1-15] DEBUG org.asynchttpclient.netty.channel.ChannelManager - Adding key: http://localhost:43428 for channel [id: 0x2d7bc136, L:/127.0.0.1:51567 - R:localhost/127.0.0.1:43428]
16:13:14.425 [main] DEBUG net.serenitybdd.core.photography.Darkroom - Send negative for processing for target\site\serenity\994ebd7c4c4e099526e35ff2c123f0e551d3bb82c41c9eca7dde21e685bb3774.png
16:13:14.426 [main] DEBUG net.thucydides.core.steps.StepInterceptor - STEP DONE: validateOnHomePage
  &amp#27;[32mGiven &amp#27;[0m&amp#27;[32mI already login and go to the alta-shop home page&amp#27;[0m &amp#27;[90m# starter.stepdefinitions.ProductSteps.onTheHomePage()&amp#27;[0m
16:13:14.426 [Darkroom Processing Line] DEBUG net.serenitybdd.core.photography.DarkroomProcessingLine - Processing screenshot image in /var/screenshots/screenshot-7043269411135860522
16:13:14.426 [Darkroom Processing Line] DEBUG net.serenitybdd.core.photography.DarkroomProcessingLine - Saving screenshot to target\site\serenity\994ebd7c4c4e099526e35ff2c123f0e551d3bb82c41c9eca7dde21e685bb3774.png
16:13:14.433 [Forwarding getPageSource on session 5f8fedee70c0f73be6349b16d3e854c1 to remote] DEBUG org.asynchttpclient.netty.request.NettyRequestSender - Using pooled Channel '[id: 0x2d7bc136, L:/127.0.0.1:51567 - R:localhost/127.0.0.1:43428]' for 'POST' to 'http://localhost:43428/session/5f8fedee70c0f73be6349b16d3e854c1/execute/sync'
16:13:14.433 [Forwarding getPageSource on session 5f8fedee70c0f73be6349b16d3e854c1 to remote] DEBUG org.asynchttpclient.netty.request.NettyRequestSender - Using open Channel [id: 0x2d7bc136, L:/127.0.0.1:51567 - R:localhost/127.0.0.1:43428] for POST '/session/5f8fedee70c0f73be6349b16d3e854c1/execute/sync'
16:13:14.438 [AsyncHttpClient-1-15] DEBUG org.asynchttpclient.netty.handler.HttpHandler - 

Request DefaultHttpRequest(decodeResult: success, version: HTTP/1.1)
POST /session/5f8fedee70c0f73be6349b16d3e854c1/execute/sync HTTP/1.1
User-Agent: selenium/4.8.1 (java windows)
Content-Length: 176
Content-Type: application/json; charset=utf-8
host: localhost:43428
accept: */*

Response DefaultHttpResponse(decodeResult: success, version: HTTP/1.1)
HTTP/1.1 200 OK
Content-Length: 28798
Content-Type: application/json; charset=utf-8
cache-control: no-cache

16:13:14.439 [AsyncHttpClient-1-15] DEBUG org.asynchttpclient.netty.channel.ChannelManager - Adding key: http://localhost:43428 for channel [id: 0x2d7bc136, L:/127.0.0.1:51567 - R:localhost/127.0.0.1:43428]
16:13:14.440 [Forwarding getCurrentUrl on session 5f8fedee70c0f73be6349b16d3e854c1 to remote] DEBUG org.asynchttpclient.netty.request.NettyRequestSender - Using pooled Channel '[id: 0x2d7bc136, L:/127.0.0.1:51567 - R:localhost/127.0.0.1:43428]' for 'GET' to 'http://localhost:43428/session/5f8fedee70c0f73be6349b16d3e854c1/url'
16:13:14.440 [Forwarding getCurrentUrl on session 5f8fedee70c0f73be6349b16d3e854c1 to remote] DEBUG org.asynchttpclient.netty.request.NettyRequestSender - Using open Channel [id: 0x2d7bc136, L:/127.0.0.1:51567 - R:localhost/127.0.0.1:43428] for GET '/session/5f8fedee70c0f73be6349b16d3e854c1/url'
16:13:14.443 [AsyncHttpClient-1-15] DEBUG org.asynchttpclient.netty.handler.HttpHandler - 

Request DefaultFullHttpRequest(decodeResult: success, version: HTTP/1.1, content: EmptyByteBufBE)
GET /session/5f8fedee70c0f73be6349b16d3e854c1/url HTTP/1.1
User-Agent: selenium/4.8.1 (java windows)
Cache-Control: no-cache
Content-Type: application/json; charset=utf-8
host: localhost:43428
accept: */*

Response DefaultHttpResponse(decodeResult: success, version: HTTP/1.1)
HTTP/1.1 200 OK
Content-Length: 41
Content-Type: application/json; charset=utf-8
cache-control: no-cache

16:13:14.444 [AsyncHttpClient-1-15] DEBUG org.asynchttpclient.netty.channel.ChannelManager - Adding key: http://localhost:43428 for channel [id: 0x2d7bc136, L:/127.0.0.1:51567 - R:localhost/127.0.0.1:43428]
16:13:14.457 [Forwarding getPageSource on session 5f8fedee70c0f73be6349b16d3e854c1 to remote] DEBUG org.asynchttpclient.netty.request.NettyRequestSender - Using pooled Channel '[id: 0x2d7bc136, L:/127.0.0.1:51567 - R:localhost/127.0.0.1:43428]' for 'POST' to 'http://localhost:43428/session/5f8fedee70c0f73be6349b16d3e854c1/execute/sync'
16:13:14.457 [Forwarding getPageSource on session 5f8fedee70c0f73be6349b16d3e854c1 to remote] DEBUG org.asynchttpclient.netty.request.NettyRequestSender - Using open Channel [id: 0x2d7bc136, L:/127.0.0.1:51567 - R:localhost/127.0.0.1:43428] for POST '/session/5f8fedee70c0f73be6349b16d3e854c1/execute/sync'
16:13:14.467 [AsyncHttpClient-1-15] DEBUG org.asynchttpclient.netty.handler.HttpHandler - 

Request DefaultHttpRequest(decodeResult: success, version: HTTP/1.1)
POST /session/5f8fedee70c0f73be6349b16d3e854c1/execute/sync HTTP/1.1
User-Agent: selenium/4.8.1 (java windows)
Content-Length: 176
Content-Type: application/json; charset=utf-8
host: localhost:43428
accept: */*

Response DefaultHttpResponse(decodeResult: success, version: HTTP/1.1)
HTTP/1.1 200 OK
Content-Length: 28798
Content-Type: application/json; charset=utf-8
cache-control: no-cache

16:13:14.468 [AsyncHttpClient-1-15] DEBUG org.asynchttpclient.netty.channel.ChannelManager - Adding key: http://localhost:43428 for channel [id: 0x2d7bc136, L:/127.0.0.1:51567 - R:localhost/127.0.0.1:43428]
16:13:14.470 [Forwarding getCurrentUrl on session 5f8fedee70c0f73be6349b16d3e854c1 to remote] DEBUG org.asynchttpclient.netty.request.NettyRequestSender - Using pooled Channel '[id: 0x2d7bc136, L:/127.0.0.1:51567 - R:localhost/127.0.0.1:43428]' for 'GET' to 'http://localhost:43428/session/5f8fedee70c0f73be6349b16d3e854c1/url'
16:13:14.470 [Forwarding getCurrentUrl on session 5f8fedee70c0f73be6349b16d3e854c1 to remote] DEBUG org.asynchttpclient.netty.request.NettyRequestSender - Using open Channel [id: 0x2d7bc136, L:/127.0.0.1:51567 - R:localhost/127.0.0.1:43428] for GET '/session/5f8fedee70c0f73be6349b16d3e854c1/url'
16:13:14.485 [AsyncHttpClient-1-15] DEBUG org.asynchttpclient.netty.handler.HttpHandler - 

Request DefaultFullHttpRequest(decodeResult: success, version: HTTP/1.1, content: EmptyByteBufBE)
GET /session/5f8fedee70c0f73be6349b16d3e854c1/url HTTP/1.1
User-Agent: selenium/4.8.1 (java windows)
Cache-Control: no-cache
Content-Type: application/json; charset=utf-8
host: localhost:43428
accept: */*

Response DefaultHttpResponse(decodeResult: success, version: HTTP/1.1)
HTTP/1.1 200 OK
Content-Length: 41
Content-Type: application/json; charset=utf-8
cache-control: no-cache

16:13:14.485 [AsyncHttpClient-1-15] DEBUG org.asynchttpclient.netty.channel.ChannelManager - Adding key: http://localhost:43428 for channel [id: 0x2d7bc136, L:/127.0.0.1:51567 - R:localhost/127.0.0.1:43428]
16:13:14.493 [main] DEBUG net.thucydides.core.steps.StepInterceptor - STARTING STEP: ProductSteps.clickBeliButton - clickBeliButton
16:13:14.496 [Forwarding findElement on session 5f8fedee70c0f73be6349b16d3e854c1 to remote] DEBUG org.asynchttpclient.netty.request.NettyRequestSender - Using pooled Channel '[id: 0x2d7bc136, L:/127.0.0.1:51567 - R:localhost/127.0.0.1:43428]' for 'POST' to 'http://localhost:43428/session/5f8fedee70c0f73be6349b16d3e854c1/element'
16:13:14.496 [Forwarding findElement on session 5f8fedee70c0f73be6349b16d3e854c1 to remote] DEBUG org.asynchttpclient.netty.request.NettyRequestSender - Using open Channel [id: 0x2d7bc136, L:/127.0.0.1:51567 - R:localhost/127.0.0.1:43428] for POST '/session/5f8fedee70c0f73be6349b16d3e854c1/element'
16:13:15.257 [AsyncHttpClient-1-1] DEBUG org.asynchttpclient.netty.channel.DefaultChannelPool - Entry count for : http://localhost:51568 : 1
16:13:15.640 [AsyncHttpClient-1-15] DEBUG org.asynchttpclient.netty.handler.HttpHandler - 

Request DefaultHttpRequest(decodeResult: success, version: HTTP/1.1)
POST /session/5f8fedee70c0f73be6349b16d3e854c1/element HTTP/1.1
User-Agent: selenium/4.8.1 (java windows)
Content-Length: 173
Content-Type: application/json; charset=utf-8
host: localhost:43428
accept: */*

Response DefaultHttpResponse(decodeResult: success, version: HTTP/1.1)
HTTP/1.1 200 OK
Content-Length: 88
Content-Type: application/json; charset=utf-8
cache-control: no-cache

16:13:15.640 [AsyncHttpClient-1-15] DEBUG org.asynchttpclient.netty.channel.ChannelManager - Adding key: http://localhost:43428 for channel [id: 0x2d7bc136, L:/127.0.0.1:51567 - R:localhost/127.0.0.1:43428]
16:13:15.641 [Forwarding getElementTagName on session 5f8fedee70c0f73be6349b16d3e854c1 to remote] DEBUG org.asynchttpclient.netty.request.NettyRequestSender - Using pooled Channel '[id: 0x2d7bc136, L:/127.0.0.1:51567 - R:localhost/127.0.0.1:43428]' for 'GET' to 'http://localhost:43428/session/5f8fedee70c0f73be6349b16d3e854c1/element/446f03e1-f91b-4744-97b9-0209191f0d29/name'
16:13:15.641 [Forwarding getElementTagName on session 5f8fedee70c0f73be6349b16d3e854c1 to remote] DEBUG org.asynchttpclient.netty.request.NettyRequestSender - Using open Channel [id: 0x2d7bc136, L:/127.0.0.1:51567 - R:localhost/127.0.0.1:43428] for GET '/session/5f8fedee70c0f73be6349b16d3e854c1/element/446f03e1-f91b-4744-97b9-0209191f0d29/name'
16:13:15.644 [AsyncHttpClient-1-15] DEBUG org.asynchttpclient.netty.handler.HttpHandler - 

Request DefaultFullHttpRequest(decodeResult: success, version: HTTP/1.1, content: EmptyByteBufBE)
GET /session/5f8fedee70c0f73be6349b16d3e854c1/element/446f03e1-f91b-4744-97b9-0209191f0d29/name HTTP/1.1
User-Agent: selenium/4.8.1 (java windows)
Cache-Control: no-cache
Content-Type: application/json; charset=utf-8
host: localhost:43428
accept: */*

Response DefaultHttpResponse(decodeResult: success, version: HTTP/1.1)
HTTP/1.1 200 OK
Content-Length: 18
Content-Type: application/json; charset=utf-8
cache-control: no-cache

16:13:15.644 [AsyncHttpClient-1-15] DEBUG org.asynchttpclient.netty.channel.ChannelManager - Adding key: http://localhost:43428 for channel [id: 0x2d7bc136, L:/127.0.0.1:51567 - R:localhost/127.0.0.1:43428]
16:13:15.645 [Forwarding getElementTagName on session 5f8fedee70c0f73be6349b16d3e854c1 to remote] DEBUG org.asynchttpclient.netty.request.NettyRequestSender - Using pooled Channel '[id: 0x2d7bc136, L:/127.0.0.1:51567 - R:localhost/127.0.0.1:43428]' for 'GET' to 'http://localhost:43428/session/5f8fedee70c0f73be6349b16d3e854c1/element/446f03e1-f91b-4744-97b9-0209191f0d29/name'
16:13:15.645 [Forwarding getElementTagName on session 5f8fedee70c0f73be6349b16d3e854c1 to remote] DEBUG org.asynchttpclient.netty.request.NettyRequestSender - Using open Channel [id: 0x2d7bc136, L:/127.0.0.1:51567 - R:localhost/127.0.0.1:43428] for GET '/session/5f8fedee70c0f73be6349b16d3e854c1/element/446f03e1-f91b-4744-97b9-0209191f0d29/name'
16:13:15.647 [AsyncHttpClient-1-15] DEBUG org.asynchttpclient.netty.handler.HttpHandler - 

Request DefaultFullHttpRequest(decodeResult: success, version: HTTP/1.1, content: EmptyByteBufBE)
GET /session/5f8fedee70c0f73be6349b16d3e854c1/element/446f03e1-f91b-4744-97b9-0209191f0d29/name HTTP/1.1
User-Agent: selenium/4.8.1 (java windows)
Cache-Control: no-cache
Content-Type: application/json; charset=utf-8
host: localhost:43428
accept: */*

Response DefaultHttpResponse(decodeResult: success, version: HTTP/1.1)
HTTP/1.1 200 OK
Content-Length: 18
Content-Type: application/json; charset=utf-8
cache-control: no-cache

16:13:15.647 [AsyncHttpClient-1-15] DEBUG org.asynchttpclient.netty.channel.ChannelManager - Adding key: http://localhost:43428 for channel [id: 0x2d7bc136, L:/127.0.0.1:51567 - R:localhost/127.0.0.1:43428]
16:13:15.649 [Forwarding isElementEnabled on session 5f8fedee70c0f73be6349b16d3e854c1 to remote] DEBUG org.asynchttpclient.netty.request.NettyRequestSender - Using pooled Channel '[id: 0x2d7bc136, L:/127.0.0.1:51567 - R:localhost/127.0.0.1:43428]' for 'GET' to 'http://localhost:43428/session/5f8fedee70c0f73be6349b16d3e854c1/element/446f03e1-f91b-4744-97b9-0209191f0d29/enabled'
16:13:15.649 [Forwarding isElementEnabled on session 5f8fedee70c0f73be6349b16d3e854c1 to remote] DEBUG org.asynchttpclient.netty.request.NettyRequestSender - Using open Channel [id: 0x2d7bc136, L:/127.0.0.1:51567 - R:localhost/127.0.0.1:43428] for GET '/session/5f8fedee70c0f73be6349b16d3e854c1/element/446f03e1-f91b-4744-97b9-0209191f0d29/enabled'
16:13:15.655 [AsyncHttpClient-1-15] DEBUG org.asynchttpclient.netty.handler.HttpHandler - 

Request DefaultFullHttpRequest(decodeResult: success, version: HTTP/1.1, content: EmptyByteBufBE)
GET /session/5f8fedee70c0f73be6349b16d3e854c1/element/446f03e1-f91b-4744-97b9-0209191f0d29/enabled HTTP/1.1
User-Agent: selenium/4.8.1 (java windows)
Cache-Control: no-cache
Content-Type: application/json; charset=utf-8
host: localhost:43428
accept: */*

Response DefaultHttpResponse(decodeResult: success, version: HTTP/1.1)
HTTP/1.1 200 OK
Content-Length: 14
Content-Type: application/json; charset=utf-8
cache-control: no-cache

16:13:15.655 [AsyncHttpClient-1-15] DEBUG org.asynchttpclient.netty.channel.ChannelManager - Adding key: http://localhost:43428 for channel [id: 0x2d7bc136, L:/127.0.0.1:51567 - R:localhost/127.0.0.1:43428]
16:13:15.656 [Forwarding isElementEnabled on session 5f8fedee70c0f73be6349b16d3e854c1 to remote] DEBUG org.asynchttpclient.netty.request.NettyRequestSender - Using pooled Channel '[id: 0x2d7bc136, L:/127.0.0.1:51567 - R:localhost/127.0.0.1:43428]' for 'GET' to 'http://localhost:43428/session/5f8fedee70c0f73be6349b16d3e854c1/element/446f03e1-f91b-4744-97b9-0209191f0d29/enabled'
16:13:15.656 [Forwarding isElementEnabled on session 5f8fedee70c0f73be6349b16d3e854c1 to remote] DEBUG org.asynchttpclient.netty.request.NettyRequestSender - Using open Channel [id: 0x2d7bc136, L:/127.0.0.1:51567 - R:localhost/127.0.0.1:43428] for GET '/session/5f8fedee70c0f73be6349b16d3e854c1/element/446f03e1-f91b-4744-97b9-0209191f0d29/enabled'
16:13:15.660 [AsyncHttpClient-1-15] DEBUG org.asynchttpclient.netty.handler.HttpHandler - 

Request DefaultFullHttpRequest(decodeResult: success, version: HTTP/1.1, content: EmptyByteBufBE)
GET /session/5f8fedee70c0f73be6349b16d3e854c1/element/446f03e1-f91b-4744-97b9-0209191f0d29/enabled HTTP/1.1
User-Agent: selenium/4.8.1 (java windows)
Cache-Control: no-cache
Content-Type: application/json; charset=utf-8
host: localhost:43428
accept: */*

Response DefaultHttpResponse(decodeResult: success, version: HTTP/1.1)
HTTP/1.1 200 OK
Content-Length: 14
Content-Type: application/json; charset=utf-8
cache-control: no-cache

16:13:15.660 [AsyncHttpClient-1-15] DEBUG org.asynchttpclient.netty.channel.ChannelManager - Adding key: http://localhost:43428 for channel [id: 0x2d7bc136, L:/127.0.0.1:51567 - R:localhost/127.0.0.1:43428]
16:13:15.661 [Forwarding findElement on session 5f8fedee70c0f73be6349b16d3e854c1 to remote] DEBUG org.asynchttpclient.netty.request.NettyRequestSender - Using pooled Channel '[id: 0x2d7bc136, L:/127.0.0.1:51567 - R:localhost/127.0.0.1:43428]' for 'POST' to 'http://localhost:43428/session/5f8fedee70c0f73be6349b16d3e854c1/element'
16:13:15.661 [Forwarding findElement on session 5f8fedee70c0f73be6349b16d3e854c1 to remote] DEBUG org.asynchttpclient.netty.request.NettyRequestSender - Using open Channel [id: 0x2d7bc136, L:/127.0.0.1:51567 - R:localhost/127.0.0.1:43428] for POST '/session/5f8fedee70c0f73be6349b16d3e854c1/element'
16:13:15.671 [AsyncHttpClient-1-15] DEBUG org.asynchttpclient.netty.handler.HttpHandler - 

Request DefaultHttpRequest(decodeResult: success, version: HTTP/1.1)
POST /session/5f8fedee70c0f73be6349b16d3e854c1/element HTTP/1.1
User-Agent: selenium/4.8.1 (java windows)
Content-Length: 173
Content-Type: application/json; charset=utf-8
host: localhost:43428
accept: */*

Response DefaultHttpResponse(decodeResult: success, version: HTTP/1.1)
HTTP/1.1 200 OK
Content-Length: 88
Content-Type: application/json; charset=utf-8
cache-control: no-cache

16:13:15.671 [AsyncHttpClient-1-15] DEBUG org.asynchttpclient.netty.channel.ChannelManager - Adding key: http://localhost:43428 for channel [id: 0x2d7bc136, L:/127.0.0.1:51567 - R:localhost/127.0.0.1:43428]
16:13:15.672 [Forwarding clickElement on session 5f8fedee70c0f73be6349b16d3e854c1 to remote] DEBUG org.asynchttpclient.netty.request.NettyRequestSender - Using pooled Channel '[id: 0x2d7bc136, L:/127.0.0.1:51567 - R:localhost/127.0.0.1:43428]' for 'POST' to 'http://localhost:43428/session/5f8fedee70c0f73be6349b16d3e854c1/element/446f03e1-f91b-4744-97b9-0209191f0d29/click'
16:13:15.672 [Forwarding clickElement on session 5f8fedee70c0f73be6349b16d3e854c1 to remote] DEBUG org.asynchttpclient.netty.request.NettyRequestSender - Using open Channel [id: 0x2d7bc136, L:/127.0.0.1:51567 - R:localhost/127.0.0.1:43428] for POST '/session/5f8fedee70c0f73be6349b16d3e854c1/element/446f03e1-f91b-4744-97b9-0209191f0d29/click'
16:13:15.752 [AsyncHttpClient-1-15] DEBUG org.asynchttpclient.netty.handler.HttpHandler - 

Request DefaultHttpRequest(decodeResult: success, version: HTTP/1.1)
POST /session/5f8fedee70c0f73be6349b16d3e854c1/element/446f03e1-f91b-4744-97b9-0209191f0d29/click HTTP/1.1
User-Agent: selenium/4.8.1 (java windows)
Content-Length: 50
Content-Type: application/json; charset=utf-8
host: localhost:43428
accept: */*

Response DefaultHttpResponse(decodeResult: success, version: HTTP/1.1)
HTTP/1.1 200 OK
Content-Length: 14
Content-Type: application/json; charset=utf-8
cache-control: no-cache

16:13:15.753 [AsyncHttpClient-1-15] DEBUG org.asynchttpclient.netty.channel.ChannelManager - Adding key: http://localhost:43428 for channel [id: 0x2d7bc136, L:/127.0.0.1:51567 - R:localhost/127.0.0.1:43428]
16:13:15.757 [Forwarding getAlertText on session 5f8fedee70c0f73be6349b16d3e854c1 to remote] DEBUG org.asynchttpclient.netty.request.NettyRequestSender - Using pooled Channel '[id: 0x2d7bc136, L:/127.0.0.1:51567 - R:localhost/127.0.0.1:43428]' for 'GET' to 'http://localhost:43428/session/5f8fedee70c0f73be6349b16d3e854c1/alert/text'
16:13:15.757 [Forwarding getAlertText on session 5f8fedee70c0f73be6349b16d3e854c1 to remote] DEBUG org.asynchttpclient.netty.request.NettyRequestSender - Using open Channel [id: 0x2d7bc136, L:/127.0.0.1:51567 - R:localhost/127.0.0.1:43428] for GET '/session/5f8fedee70c0f73be6349b16d3e854c1/alert/text'
16:13:15.759 [AsyncHttpClient-1-15] DEBUG org.asynchttpclient.netty.handler.HttpHandler - 

Request DefaultFullHttpRequest(decodeResult: success, version: HTTP/1.1, content: EmptyByteBufBE)
GET /session/5f8fedee70c0f73be6349b16d3e854c1/alert/text HTTP/1.1
User-Agent: selenium/4.8.1 (java windows)
Cache-Control: no-cache
Content-Type: application/json; charset=utf-8
host: localhost:43428
accept: */*

Response DefaultHttpResponse(decodeResult: success, version: HTTP/1.1)
HTTP/1.1 404 Not Found
Content-Length: 836
Content-Type: application/json; charset=utf-8
cache-control: no-cache

16:13:15.759 [AsyncHttpClient-1-15] DEBUG org.asynchttpclient.netty.channel.ChannelManager - Adding key: http://localhost:43428 for channel [id: 0x2d7bc136, L:/127.0.0.1:51567 - R:localhost/127.0.0.1:43428]
16:13:15.760 [Forwarding getCurrentUrl on session 5f8fedee70c0f73be6349b16d3e854c1 to remote] DEBUG org.asynchttpclient.netty.request.NettyRequestSender - Using pooled Channel '[id: 0x2d7bc136, L:/127.0.0.1:51567 - R:localhost/127.0.0.1:43428]' for 'GET' to 'http://localhost:43428/session/5f8fedee70c0f73be6349b16d3e854c1/url'
16:13:15.760 [Forwarding getCurrentUrl on session 5f8fedee70c0f73be6349b16d3e854c1 to remote] DEBUG org.asynchttpclient.netty.request.NettyRequestSender - Using open Channel [id: 0x2d7bc136, L:/127.0.0.1:51567 - R:localhost/127.0.0.1:43428] for GET '/session/5f8fedee70c0f73be6349b16d3e854c1/url'
16:13:15.762 [AsyncHttpClient-1-15] DEBUG org.asynchttpclient.netty.handler.HttpHandler - 

Request DefaultFullHttpRequest(decodeResult: success, version: HTTP/1.1, content: EmptyByteBufBE)
GET /session/5f8fedee70c0f73be6349b16d3e854c1/url HTTP/1.1
User-Agent: selenium/4.8.1 (java windows)
Cache-Control: no-cache
Content-Type: application/json; charset=utf-8
host: localhost:43428
accept: */*

Response DefaultHttpResponse(decodeResult: success, version: HTTP/1.1)
HTTP/1.1 200 OK
Content-Length: 41
Content-Type: application/json; charset=utf-8
cache-control: no-cache

16:13:15.762 [AsyncHttpClient-1-15] DEBUG org.asynchttpclient.netty.channel.ChannelManager - Adding key: http://localhost:43428 for channel [id: 0x2d7bc136, L:/127.0.0.1:51567 - R:localhost/127.0.0.1:43428]
16:13:15.762 [Forwarding screenshot on session 5f8fedee70c0f73be6349b16d3e854c1 to remote] DEBUG org.asynchttpclient.netty.request.NettyRequestSender - Using pooled Channel '[id: 0x2d7bc136, L:/127.0.0.1:51567 - R:localhost/127.0.0.1:43428]' for 'GET' to 'http://localhost:43428/session/5f8fedee70c0f73be6349b16d3e854c1/screenshot'
16:13:15.762 [Forwarding screenshot on session 5f8fedee70c0f73be6349b16d3e854c1 to remote] DEBUG org.asynchttpclient.netty.request.NettyRequestSender - Using open Channel [id: 0x2d7bc136, L:/127.0.0.1:51567 - R:localhost/127.0.0.1:43428] for GET '/session/5f8fedee70c0f73be6349b16d3e854c1/screenshot'
16:13:15.862 [AsyncHttpClient-1-15] DEBUG org.asynchttpclient.netty.handler.HttpHandler - 

Request DefaultFullHttpRequest(decodeResult: success, version: HTTP/1.1, content: EmptyByteBufBE)
GET /session/5f8fedee70c0f73be6349b16d3e854c1/screenshot HTTP/1.1
User-Agent: selenium/4.8.1 (java windows)
Cache-Control: no-cache
Content-Type: application/json; charset=utf-8
host: localhost:43428
accept: */*

Response DefaultHttpResponse(decodeResult: success, version: HTTP/1.1)
HTTP/1.1 200 OK
Content-Length: 87416
Content-Type: application/json; charset=utf-8
cache-control: no-cache

16:13:15.862 [AsyncHttpClient-1-15] DEBUG org.asynchttpclient.netty.channel.ChannelManager - Adding key: http://localhost:43428 for channel [id: 0x2d7bc136, L:/127.0.0.1:51567 - R:localhost/127.0.0.1:43428]
16:13:15.864 [main] DEBUG net.serenitybdd.core.photography.Darkroom - Send negative for processing for target\site\serenity\3bc01d45f8b452b5ecdf98ecd23e92c282e728f1dd4ce134e3b31e90f4f99f2c.png
16:13:15.864 [main] DEBUG net.thucydides.core.steps.StepInterceptor - STEP DONE: clickBeliButton
  &amp#27;[32mWhen &amp#27;[0m&amp#27;[32mI click BELI button from the product&amp#27;[0m               &amp#27;[90m# starter.stepdefinitions.ProductSteps.clickBeliButton()&amp#27;[0m
16:13:15.864 [Darkroom Processing Line] DEBUG net.serenitybdd.core.photography.DarkroomProcessingLine - Processing screenshot image in /var/screenshots/screenshot-13749275807658353416
16:13:15.864 [Darkroom Processing Line] DEBUG net.serenitybdd.core.photography.DarkroomProcessingLine - Saving screenshot to target\site\serenity\3bc01d45f8b452b5ecdf98ecd23e92c282e728f1dd4ce134e3b31e90f4f99f2c.png
16:13:15.871 [Forwarding getPageSource on session 5f8fedee70c0f73be6349b16d3e854c1 to remote] DEBUG org.asynchttpclient.netty.request.NettyRequestSender - Using pooled Channel '[id: 0x2d7bc136, L:/127.0.0.1:51567 - R:localhost/127.0.0.1:43428]' for 'POST' to 'http://localhost:43428/session/5f8fedee70c0f73be6349b16d3e854c1/execute/sync'
16:13:15.871 [Forwarding getPageSource on session 5f8fedee70c0f73be6349b16d3e854c1 to remote] DEBUG org.asynchttpclient.netty.request.NettyRequestSender - Using open Channel [id: 0x2d7bc136, L:/127.0.0.1:51567 - R:localhost/127.0.0.1:43428] for POST '/session/5f8fedee70c0f73be6349b16d3e854c1/execute/sync'
16:13:15.909 [AsyncHttpClient-1-15] DEBUG org.asynchttpclient.netty.handler.HttpHandler - 

Request DefaultHttpRequest(decodeResult: success, version: HTTP/1.1)
POST /session/5f8fedee70c0f73be6349b16d3e854c1/execute/sync HTTP/1.1
User-Agent: selenium/4.8.1 (java windows)
Content-Length: 176
Content-Type: application/json; charset=utf-8
host: localhost:43428
accept: */*

Response DefaultHttpResponse(decodeResult: success, version: HTTP/1.1)
HTTP/1.1 200 OK
Content-Length: 655634
Content-Type: application/json; charset=utf-8
cache-control: no-cache

16:13:15.910 [AsyncHttpClient-1-15] DEBUG org.asynchttpclient.netty.channel.ChannelManager - Adding key: http://localhost:43428 for channel [id: 0x2d7bc136, L:/127.0.0.1:51567 - R:localhost/127.0.0.1:43428]
16:13:15.965 [Forwarding getCurrentUrl on session 5f8fedee70c0f73be6349b16d3e854c1 to remote] DEBUG org.asynchttpclient.netty.request.NettyRequestSender - Using pooled Channel '[id: 0x2d7bc136, L:/127.0.0.1:51567 - R:localhost/127.0.0.1:43428]' for 'GET' to 'http://localhost:43428/session/5f8fedee70c0f73be6349b16d3e854c1/url'
16:13:15.965 [Forwarding getCurrentUrl on session 5f8fedee70c0f73be6349b16d3e854c1 to remote] DEBUG org.asynchttpclient.netty.request.NettyRequestSender - Using open Channel [id: 0x2d7bc136, L:/127.0.0.1:51567 - R:localhost/127.0.0.1:43428] for GET '/session/5f8fedee70c0f73be6349b16d3e854c1/url'
16:13:15.976 [AsyncHttpClient-1-15] DEBUG org.asynchttpclient.netty.handler.HttpHandler - 

Request DefaultFullHttpRequest(decodeResult: success, version: HTTP/1.1, content: EmptyByteBufBE)
GET /session/5f8fedee70c0f73be6349b16d3e854c1/url HTTP/1.1
User-Agent: selenium/4.8.1 (java windows)
Cache-Control: no-cache
Content-Type: application/json; charset=utf-8
host: localhost:43428
accept: */*

Response DefaultHttpResponse(decodeResult: success, version: HTTP/1.1)
HTTP/1.1 200 OK
Content-Length: 41
Content-Type: application/json; charset=utf-8
cache-control: no-cache

16:13:15.976 [AsyncHttpClient-1-15] DEBUG org.asynchttpclient.netty.channel.ChannelManager - Adding key: http://localhost:43428 for channel [id: 0x2d7bc136, L:/127.0.0.1:51567 - R:localhost/127.0.0.1:43428]
16:13:16.003 [Forwarding getAlertText on session 5f8fedee70c0f73be6349b16d3e854c1 to remote] DEBUG org.asynchttpclient.netty.request.NettyRequestSender - Using pooled Channel '[id: 0x2d7bc136, L:/127.0.0.1:51567 - R:localhost/127.0.0.1:43428]' for 'GET' to 'http://localhost:43428/session/5f8fedee70c0f73be6349b16d3e854c1/alert/text'
16:13:16.003 [Forwarding getAlertText on session 5f8fedee70c0f73be6349b16d3e854c1 to remote] DEBUG org.asynchttpclient.netty.request.NettyRequestSender - Using open Channel [id: 0x2d7bc136, L:/127.0.0.1:51567 - R:localhost/127.0.0.1:43428] for GET '/session/5f8fedee70c0f73be6349b16d3e854c1/alert/text'
16:13:16.008 [AsyncHttpClient-1-15] DEBUG org.asynchttpclient.netty.handler.HttpHandler - 

Request DefaultFullHttpRequest(decodeResult: success, version: HTTP/1.1, content: EmptyByteBufBE)
GET /session/5f8fedee70c0f73be6349b16d3e854c1/alert/text HTTP/1.1
User-Agent: selenium/4.8.1 (java windows)
Cache-Control: no-cache
Content-Type: application/json; charset=utf-8
host: localhost:43428
accept: */*

Response DefaultHttpResponse(decodeResult: success, version: HTTP/1.1)
HTTP/1.1 404 Not Found
Content-Length: 836
Content-Type: application/json; charset=utf-8
cache-control: no-cache

16:13:16.008 [AsyncHttpClient-1-15] DEBUG org.asynchttpclient.netty.channel.ChannelManager - Adding key: http://localhost:43428 for channel [id: 0x2d7bc136, L:/127.0.0.1:51567 - R:localhost/127.0.0.1:43428]
16:13:16.009 [Forwarding getCurrentUrl on session 5f8fedee70c0f73be6349b16d3e854c1 to remote] DEBUG org.asynchttpclient.netty.request.NettyRequestSender - Using pooled Channel '[id: 0x2d7bc136, L:/127.0.0.1:51567 - R:localhost/127.0.0.1:43428]' for 'GET' to 'http://localhost:43428/session/5f8fedee70c0f73be6349b16d3e854c1/url'
16:13:16.009 [Forwarding getCurrentUrl on session 5f8fedee70c0f73be6349b16d3e854c1 to remote] DEBUG org.asynchttpclient.netty.request.NettyRequestSender - Using open Channel [id: 0x2d7bc136, L:/127.0.0.1:51567 - R:localhost/127.0.0.1:43428] for GET '/session/5f8fedee70c0f73be6349b16d3e854c1/url'
16:13:16.012 [AsyncHttpClient-1-15] DEBUG org.asynchttpclient.netty.handler.HttpHandler - 

Request DefaultFullHttpRequest(decodeResult: success, version: HTTP/1.1, content: EmptyByteBufBE)
GET /session/5f8fedee70c0f73be6349b16d3e854c1/url HTTP/1.1
User-Agent: selenium/4.8.1 (java windows)
Cache-Control: no-cache
Content-Type: application/json; charset=utf-8
host: localhost:43428
accept: */*

Response DefaultHttpResponse(decodeResult: success, version: HTTP/1.1)
HTTP/1.1 200 OK
Content-Length: 41
Content-Type: application/json; charset=utf-8
cache-control: no-cache

16:13:16.012 [AsyncHttpClient-1-15] DEBUG org.asynchttpclient.netty.channel.ChannelManager - Adding key: http://localhost:43428 for channel [id: 0x2d7bc136, L:/127.0.0.1:51567 - R:localhost/127.0.0.1:43428]
16:13:16.013 [Forwarding screenshot on session 5f8fedee70c0f73be6349b16d3e854c1 to remote] DEBUG org.asynchttpclient.netty.request.NettyRequestSender - Using pooled Channel '[id: 0x2d7bc136, L:/127.0.0.1:51567 - R:localhost/127.0.0.1:43428]' for 'GET' to 'http://localhost:43428/session/5f8fedee70c0f73be6349b16d3e854c1/screenshot'
16:13:16.013 [Forwarding screenshot on session 5f8fedee70c0f73be6349b16d3e854c1 to remote] DEBUG org.asynchttpclient.netty.request.NettyRequestSender - Using open Channel [id: 0x2d7bc136, L:/127.0.0.1:51567 - R:localhost/127.0.0.1:43428] for GET '/session/5f8fedee70c0f73be6349b16d3e854c1/screenshot'
16:13:16.103 [AsyncHttpClient-1-15] DEBUG org.asynchttpclient.netty.handler.HttpHandler - 

Request DefaultFullHttpRequest(decodeResult: success, version: HTTP/1.1, content: EmptyByteBufBE)
GET /session/5f8fedee70c0f73be6349b16d3e854c1/screenshot HTTP/1.1
User-Agent: selenium/4.8.1 (java windows)
Cache-Control: no-cache
Content-Type: application/json; charset=utf-8
host: localhost:43428
accept: */*

Response DefaultHttpResponse(decodeResult: success, version: HTTP/1.1)
HTTP/1.1 200 OK
Content-Length: 86748
Content-Type: application/json; charset=utf-8
cache-control: no-cache

16:13:16.103 [AsyncHttpClient-1-15] DEBUG org.asynchttpclient.netty.channel.ChannelManager - Adding key: http://localhost:43428 for channel [id: 0x2d7bc136, L:/127.0.0.1:51567 - R:localhost/127.0.0.1:43428]
16:13:16.105 [main] DEBUG net.serenitybdd.core.photography.Darkroom - Send negative for processing for target\site\serenity\62adf285ab76a4044fa5f004afffe6bf5abd3372b7498a86172a453863841b5b.png
16:13:16.105 [Darkroom Processing Line] DEBUG net.serenitybdd.core.photography.DarkroomProcessingLine - Processing screenshot image in /var/screenshots/screenshot-17121672758483462742
16:13:16.105 [Darkroom Processing Line] DEBUG net.serenitybdd.core.photography.DarkroomProcessingLine - Saving screenshot to target\site\serenity\62adf285ab76a4044fa5f004afffe6bf5abd3372b7498a86172a453863841b5b.png
16:13:16.106 [Forwarding getPageSource on session 5f8fedee70c0f73be6349b16d3e854c1 to remote] DEBUG org.asynchttpclient.netty.request.NettyRequestSender - Using pooled Channel '[id: 0x2d7bc136, L:/127.0.0.1:51567 - R:localhost/127.0.0.1:43428]' for 'POST' to 'http://localhost:43428/session/5f8fedee70c0f73be6349b16d3e854c1/execute/sync'
16:13:16.106 [Forwarding getPageSource on session 5f8fedee70c0f73be6349b16d3e854c1 to remote] DEBUG org.asynchttpclient.netty.request.NettyRequestSender - Using open Channel [id: 0x2d7bc136, L:/127.0.0.1:51567 - R:localhost/127.0.0.1:43428] for POST '/session/5f8fedee70c0f73be6349b16d3e854c1/execute/sync'
16:13:16.135 [AsyncHttpClient-1-15] DEBUG org.asynchttpclient.netty.handler.HttpHandler - 

Request DefaultHttpRequest(decodeResult: success, version: HTTP/1.1)
POST /session/5f8fedee70c0f73be6349b16d3e854c1/execute/sync HTTP/1.1
User-Agent: selenium/4.8.1 (java windows)
Content-Length: 176
Content-Type: application/json; charset=utf-8
host: localhost:43428
accept: */*

Response DefaultHttpResponse(decodeResult: success, version: HTTP/1.1)
HTTP/1.1 200 OK
Content-Length: 655565
Content-Type: application/json; charset=utf-8
cache-control: no-cache

16:13:16.135 [AsyncHttpClient-1-15] DEBUG org.asynchttpclient.netty.channel.ChannelManager - Adding key: http://localhost:43428 for channel [id: 0x2d7bc136, L:/127.0.0.1:51567 - R:localhost/127.0.0.1:43428]
16:13:16.191 [Forwarding getCurrentUrl on session 5f8fedee70c0f73be6349b16d3e854c1 to remote] DEBUG org.asynchttpclient.netty.request.NettyRequestSender - Using pooled Channel '[id: 0x2d7bc136, L:/127.0.0.1:51567 - R:localhost/127.0.0.1:43428]' for 'GET' to 'http://localhost:43428/session/5f8fedee70c0f73be6349b16d3e854c1/url'
16:13:16.191 [Forwarding getCurrentUrl on session 5f8fedee70c0f73be6349b16d3e854c1 to remote] DEBUG org.asynchttpclient.netty.request.NettyRequestSender - Using open Channel [id: 0x2d7bc136, L:/127.0.0.1:51567 - R:localhost/127.0.0.1:43428] for GET '/session/5f8fedee70c0f73be6349b16d3e854c1/url'
16:13:16.194 [AsyncHttpClient-1-15] DEBUG org.asynchttpclient.netty.handler.HttpHandler - 

Request DefaultFullHttpRequest(decodeResult: success, version: HTTP/1.1, content: EmptyByteBufBE)
GET /session/5f8fedee70c0f73be6349b16d3e854c1/url HTTP/1.1
User-Agent: selenium/4.8.1 (java windows)
Cache-Control: no-cache
Content-Type: application/json; charset=utf-8
host: localhost:43428
accept: */*

Response DefaultHttpResponse(decodeResult: success, version: HTTP/1.1)
HTTP/1.1 200 OK
Content-Length: 41
Content-Type: application/json; charset=utf-8
cache-control: no-cache

16:13:16.194 [AsyncHttpClient-1-15] DEBUG org.asynchttpclient.netty.channel.ChannelManager - Adding key: http://localhost:43428 for channel [id: 0x2d7bc136, L:/127.0.0.1:51567 - R:localhost/127.0.0.1:43428]
16:13:16.198 [main] DEBUG net.thucydides.core.steps.StepInterceptor - STARTING STEP: TransactionSteps.clickCartIcon - clickCartIcon
16:13:16.200 [Forwarding findElement on session 5f8fedee70c0f73be6349b16d3e854c1 to remote] DEBUG org.asynchttpclient.netty.request.NettyRequestSender - Using pooled Channel '[id: 0x2d7bc136, L:/127.0.0.1:51567 - R:localhost/127.0.0.1:43428]' for 'POST' to 'http://localhost:43428/session/5f8fedee70c0f73be6349b16d3e854c1/element'
16:13:16.200 [Forwarding findElement on session 5f8fedee70c0f73be6349b16d3e854c1 to remote] DEBUG org.asynchttpclient.netty.request.NettyRequestSender - Using open Channel [id: 0x2d7bc136, L:/127.0.0.1:51567 - R:localhost/127.0.0.1:43428] for POST '/session/5f8fedee70c0f73be6349b16d3e854c1/element'
16:13:16.209 [AsyncHttpClient-1-15] DEBUG org.asynchttpclient.netty.handler.HttpHandler - 

Request DefaultHttpRequest(decodeResult: success, version: HTTP/1.1)
POST /session/5f8fedee70c0f73be6349b16d3e854c1/element HTTP/1.1
User-Agent: selenium/4.8.1 (java windows)
Content-Length: 65
Content-Type: application/json; charset=utf-8
host: localhost:43428
accept: */*

Response DefaultHttpResponse(decodeResult: success, version: HTTP/1.1)
HTTP/1.1 200 OK
Content-Length: 88
Content-Type: application/json; charset=utf-8
cache-control: no-cache

16:13:16.209 [AsyncHttpClient-1-15] DEBUG org.asynchttpclient.netty.channel.ChannelManager - Adding key: http://localhost:43428 for channel [id: 0x2d7bc136, L:/127.0.0.1:51567 - R:localhost/127.0.0.1:43428]
16:13:16.210 [Forwarding getElementTagName on session 5f8fedee70c0f73be6349b16d3e854c1 to remote] DEBUG org.asynchttpclient.netty.request.NettyRequestSender - Using pooled Channel '[id: 0x2d7bc136, L:/127.0.0.1:51567 - R:localhost/127.0.0.1:43428]' for 'GET' to 'http://localhost:43428/session/5f8fedee70c0f73be6349b16d3e854c1/element/b8d59e02-590e-4840-ba5c-6dd051dbf2e1/name'
16:13:16.210 [Forwarding getElementTagName on session 5f8fedee70c0f73be6349b16d3e854c1 to remote] DEBUG org.asynchttpclient.netty.request.NettyRequestSender - Using open Channel [id: 0x2d7bc136, L:/127.0.0.1:51567 - R:localhost/127.0.0.1:43428] for GET '/session/5f8fedee70c0f73be6349b16d3e854c1/element/b8d59e02-590e-4840-ba5c-6dd051dbf2e1/name'
16:13:16.214 [AsyncHttpClient-1-15] DEBUG org.asynchttpclient.netty.handler.HttpHandler - 

Request DefaultFullHttpRequest(decodeResult: success, version: HTTP/1.1, content: EmptyByteBufBE)
GET /session/5f8fedee70c0f73be6349b16d3e854c1/element/b8d59e02-590e-4840-ba5c-6dd051dbf2e1/name HTTP/1.1
User-Agent: selenium/4.8.1 (java windows)
Cache-Control: no-cache
Content-Type: application/json; charset=utf-8
host: localhost:43428
accept: */*

Response DefaultHttpResponse(decodeResult: success, version: HTTP/1.1)
HTTP/1.1 200 OK
Content-Length: 13
Content-Type: application/json; charset=utf-8
cache-control: no-cache

16:13:16.214 [AsyncHttpClient-1-15] DEBUG org.asynchttpclient.netty.channel.ChannelManager - Adding key: http://localhost:43428 for channel [id: 0x2d7bc136, L:/127.0.0.1:51567 - R:localhost/127.0.0.1:43428]
16:13:16.214 [Forwarding getElementTagName on session 5f8fedee70c0f73be6349b16d3e854c1 to remote] DEBUG org.asynchttpclient.netty.request.NettyRequestSender - Using pooled Channel '[id: 0x2d7bc136, L:/127.0.0.1:51567 - R:localhost/127.0.0.1:43428]' for 'GET' to 'http://localhost:43428/session/5f8fedee70c0f73be6349b16d3e854c1/element/b8d59e02-590e-4840-ba5c-6dd051dbf2e1/name'
16:13:16.214 [Forwarding getElementTagName on session 5f8fedee70c0f73be6349b16d3e854c1 to remote] DEBUG org.asynchttpclient.netty.request.NettyRequestSender - Using open Channel [id: 0x2d7bc136, L:/127.0.0.1:51567 - R:localhost/127.0.0.1:43428] for GET '/session/5f8fedee70c0f73be6349b16d3e854c1/element/b8d59e02-590e-4840-ba5c-6dd051dbf2e1/name'
16:13:16.216 [AsyncHttpClient-1-15] DEBUG org.asynchttpclient.netty.handler.HttpHandler - 

Request DefaultFullHttpRequest(decodeResult: success, version: HTTP/1.1, content: EmptyByteBufBE)
GET /session/5f8fedee70c0f73be6349b16d3e854c1/element/b8d59e02-590e-4840-ba5c-6dd051dbf2e1/name HTTP/1.1
User-Agent: selenium/4.8.1 (java windows)
Cache-Control: no-cache
Content-Type: application/json; charset=utf-8
host: localhost:43428
accept: */*

Response DefaultHttpResponse(decodeResult: success, version: HTTP/1.1)
HTTP/1.1 200 OK
Content-Length: 13
Content-Type: application/json; charset=utf-8
cache-control: no-cache

16:13:16.216 [AsyncHttpClient-1-15] DEBUG org.asynchttpclient.netty.channel.ChannelManager - Adding key: http://localhost:43428 for channel [id: 0x2d7bc136, L:/127.0.0.1:51567 - R:localhost/127.0.0.1:43428]
16:13:16.217 [Forwarding findElement on session 5f8fedee70c0f73be6349b16d3e854c1 to remote] DEBUG org.asynchttpclient.netty.request.NettyRequestSender - Using pooled Channel '[id: 0x2d7bc136, L:/127.0.0.1:51567 - R:localhost/127.0.0.1:43428]' for 'POST' to 'http://localhost:43428/session/5f8fedee70c0f73be6349b16d3e854c1/element'
16:13:16.217 [Forwarding findElement on session 5f8fedee70c0f73be6349b16d3e854c1 to remote] DEBUG org.asynchttpclient.netty.request.NettyRequestSender - Using open Channel [id: 0x2d7bc136, L:/127.0.0.1:51567 - R:localhost/127.0.0.1:43428] for POST '/session/5f8fedee70c0f73be6349b16d3e854c1/element'
16:13:16.222 [AsyncHttpClient-1-15] DEBUG org.asynchttpclient.netty.handler.HttpHandler - 

Request DefaultHttpRequest(decodeResult: success, version: HTTP/1.1)
POST /session/5f8fedee70c0f73be6349b16d3e854c1/element HTTP/1.1
User-Agent: selenium/4.8.1 (java windows)
Content-Length: 65
Content-Type: application/json; charset=utf-8
host: localhost:43428
accept: */*

Response DefaultHttpResponse(decodeResult: success, version: HTTP/1.1)
HTTP/1.1 200 OK
Content-Length: 88
Content-Type: application/json; charset=utf-8
cache-control: no-cache

16:13:16.222 [AsyncHttpClient-1-15] DEBUG org.asynchttpclient.netty.channel.ChannelManager - Adding key: http://localhost:43428 for channel [id: 0x2d7bc136, L:/127.0.0.1:51567 - R:localhost/127.0.0.1:43428]
16:13:16.223 [Forwarding clickElement on session 5f8fedee70c0f73be6349b16d3e854c1 to remote] DEBUG org.asynchttpclient.netty.request.NettyRequestSender - Using pooled Channel '[id: 0x2d7bc136, L:/127.0.0.1:51567 - R:localhost/127.0.0.1:43428]' for 'POST' to 'http://localhost:43428/session/5f8fedee70c0f73be6349b16d3e854c1/element/b8d59e02-590e-4840-ba5c-6dd051dbf2e1/click'
16:13:16.223 [Forwarding clickElement on session 5f8fedee70c0f73be6349b16d3e854c1 to remote] DEBUG org.asynchttpclient.netty.request.NettyRequestSender - Using open Channel [id: 0x2d7bc136, L:/127.0.0.1:51567 - R:localhost/127.0.0.1:43428] for POST '/session/5f8fedee70c0f73be6349b16d3e854c1/element/b8d59e02-590e-4840-ba5c-6dd051dbf2e1/click'
16:13:16.264 [AsyncHttpClient-1-15] DEBUG org.asynchttpclient.netty.handler.HttpHandler - 

Request DefaultHttpRequest(decodeResult: success, version: HTTP/1.1)
POST /session/5f8fedee70c0f73be6349b16d3e854c1/element/b8d59e02-590e-4840-ba5c-6dd051dbf2e1/click HTTP/1.1
User-Agent: selenium/4.8.1 (java windows)
Content-Length: 50
Content-Type: application/json; charset=utf-8
host: localhost:43428
accept: */*

Response DefaultHttpResponse(decodeResult: success, version: HTTP/1.1)
HTTP/1.1 200 OK
Content-Length: 14
Content-Type: application/json; charset=utf-8
cache-control: no-cache

16:13:16.264 [AsyncHttpClient-1-15] DEBUG org.asynchttpclient.netty.channel.ChannelManager - Adding key: http://localhost:43428 for channel [id: 0x2d7bc136, L:/127.0.0.1:51567 - R:localhost/127.0.0.1:43428]
16:13:16.268 [Forwarding getAlertText on session 5f8fedee70c0f73be6349b16d3e854c1 to remote] DEBUG org.asynchttpclient.netty.request.NettyRequestSender - Using pooled Channel '[id: 0x2d7bc136, L:/127.0.0.1:51567 - R:localhost/127.0.0.1:43428]' for 'GET' to 'http://localhost:43428/session/5f8fedee70c0f73be6349b16d3e854c1/alert/text'
16:13:16.268 [Forwarding getAlertText on session 5f8fedee70c0f73be6349b16d3e854c1 to remote] DEBUG org.asynchttpclient.netty.request.NettyRequestSender - Using open Channel [id: 0x2d7bc136, L:/127.0.0.1:51567 - R:localhost/127.0.0.1:43428] for GET '/session/5f8fedee70c0f73be6349b16d3e854c1/alert/text'
16:13:16.357 [AsyncHttpClient-1-1] DEBUG org.asynchttpclient.netty.channel.DefaultChannelPool - Entry count for : http://localhost:51568 : 1
16:13:16.364 [AsyncHttpClient-1-15] DEBUG org.asynchttpclient.netty.handler.HttpHandler - 

Request DefaultFullHttpRequest(decodeResult: success, version: HTTP/1.1, content: EmptyByteBufBE)
GET /session/5f8fedee70c0f73be6349b16d3e854c1/alert/text HTTP/1.1
User-Agent: selenium/4.8.1 (java windows)
Cache-Control: no-cache
Content-Type: application/json; charset=utf-8
host: localhost:43428
accept: */*

Response DefaultHttpResponse(decodeResult: success, version: HTTP/1.1)
HTTP/1.1 404 Not Found
Content-Length: 836
Content-Type: application/json; charset=utf-8
cache-control: no-cache

16:13:16.364 [AsyncHttpClient-1-15] DEBUG org.asynchttpclient.netty.channel.ChannelManager - Adding key: http://localhost:43428 for channel [id: 0x2d7bc136, L:/127.0.0.1:51567 - R:localhost/127.0.0.1:43428]
16:13:16.365 [Forwarding getCurrentUrl on session 5f8fedee70c0f73be6349b16d3e854c1 to remote] DEBUG org.asynchttpclient.netty.request.NettyRequestSender - Using pooled Channel '[id: 0x2d7bc136, L:/127.0.0.1:51567 - R:localhost/127.0.0.1:43428]' for 'GET' to 'http://localhost:43428/session/5f8fedee70c0f73be6349b16d3e854c1/url'
16:13:16.365 [Forwarding getCurrentUrl on session 5f8fedee70c0f73be6349b16d3e854c1 to remote] DEBUG org.asynchttpclient.netty.request.NettyRequestSender - Using open Channel [id: 0x2d7bc136, L:/127.0.0.1:51567 - R:localhost/127.0.0.1:43428] for GET '/session/5f8fedee70c0f73be6349b16d3e854c1/url'
16:13:16.369 [AsyncHttpClient-1-15] DEBUG org.asynchttpclient.netty.handler.HttpHandler - 

Request DefaultFullHttpRequest(decodeResult: success, version: HTTP/1.1, content: EmptyByteBufBE)
GET /session/5f8fedee70c0f73be6349b16d3e854c1/url HTTP/1.1
User-Agent: selenium/4.8.1 (java windows)
Cache-Control: no-cache
Content-Type: application/json; charset=utf-8
host: localhost:43428
accept: */*

Response DefaultHttpResponse(decodeResult: success, version: HTTP/1.1)
HTTP/1.1 200 OK
Content-Length: 46
Content-Type: application/json; charset=utf-8
cache-control: no-cache

16:13:16.369 [AsyncHttpClient-1-15] DEBUG org.asynchttpclient.netty.channel.ChannelManager - Adding key: http://localhost:43428 for channel [id: 0x2d7bc136, L:/127.0.0.1:51567 - R:localhost/127.0.0.1:43428]
16:13:16.369 [Forwarding screenshot on session 5f8fedee70c0f73be6349b16d3e854c1 to remote] DEBUG org.asynchttpclient.netty.request.NettyRequestSender - Using pooled Channel '[id: 0x2d7bc136, L:/127.0.0.1:51567 - R:localhost/127.0.0.1:43428]' for 'GET' to 'http://localhost:43428/session/5f8fedee70c0f73be6349b16d3e854c1/screenshot'
16:13:16.369 [Forwarding screenshot on session 5f8fedee70c0f73be6349b16d3e854c1 to remote] DEBUG org.asynchttpclient.netty.request.NettyRequestSender - Using open Channel [id: 0x2d7bc136, L:/127.0.0.1:51567 - R:localhost/127.0.0.1:43428] for GET '/session/5f8fedee70c0f73be6349b16d3e854c1/screenshot'
16:13:16.456 [AsyncHttpClient-1-15] DEBUG org.asynchttpclient.netty.handler.HttpHandler - 

Request DefaultFullHttpRequest(decodeResult: success, version: HTTP/1.1, content: EmptyByteBufBE)
GET /session/5f8fedee70c0f73be6349b16d3e854c1/screenshot HTTP/1.1
User-Agent: selenium/4.8.1 (java windows)
Cache-Control: no-cache
Content-Type: application/json; charset=utf-8
host: localhost:43428
accept: */*

Response DefaultHttpResponse(decodeResult: success, version: HTTP/1.1)
HTTP/1.1 200 OK
Content-Length: 29228
Content-Type: application/json; charset=utf-8
cache-control: no-cache

16:13:16.456 [AsyncHttpClient-1-15] DEBUG org.asynchttpclient.netty.channel.ChannelManager - Adding key: http://localhost:43428 for channel [id: 0x2d7bc136, L:/127.0.0.1:51567 - R:localhost/127.0.0.1:43428]
16:13:16.457 [main] DEBUG net.serenitybdd.core.photography.Darkroom - Send negative for processing for target\site\serenity\19ace2f35e6214bea258b5b2bcff702aff2f9c46f81d0ae3521cb04e7c57e20d.png
16:13:16.457 [main] DEBUG net.thucydides.core.steps.StepInterceptor - STEP DONE: clickCartIcon
  &amp#27;[32mAnd &amp#27;[0m&amp#27;[32mI click cart icon&amp#27;[0m                                   &amp#27;[90m# starter.stepdefinitions.TransactionSteps.clickCartIcon()&amp#27;[0m
16:13:16.457 [Darkroom Processing Line] DEBUG net.serenitybdd.core.photography.DarkroomProcessingLine - Processing screenshot image in /var/screenshots/screenshot-14614933161432655305
16:13:16.457 [Darkroom Processing Line] DEBUG net.serenitybdd.core.photography.DarkroomProcessingLine - Saving screenshot to target\site\serenity\19ace2f35e6214bea258b5b2bcff702aff2f9c46f81d0ae3521cb04e7c57e20d.png
16:13:16.463 [Forwarding getPageSource on session 5f8fedee70c0f73be6349b16d3e854c1 to remote] DEBUG org.asynchttpclient.netty.request.NettyRequestSender - Using pooled Channel '[id: 0x2d7bc136, L:/127.0.0.1:51567 - R:localhost/127.0.0.1:43428]' for 'POST' to 'http://localhost:43428/session/5f8fedee70c0f73be6349b16d3e854c1/execute/sync'
16:13:16.463 [Forwarding getPageSource on session 5f8fedee70c0f73be6349b16d3e854c1 to remote] DEBUG org.asynchttpclient.netty.request.NettyRequestSender - Using open Channel [id: 0x2d7bc136, L:/127.0.0.1:51567 - R:localhost/127.0.0.1:43428] for POST '/session/5f8fedee70c0f73be6349b16d3e854c1/execute/sync'
16:13:16.468 [AsyncHttpClient-1-15] DEBUG org.asynchttpclient.netty.handler.HttpHandler - 

Request DefaultHttpRequest(decodeResult: success, version: HTTP/1.1)
POST /session/5f8fedee70c0f73be6349b16d3e854c1/execute/sync HTTP/1.1
User-Agent: selenium/4.8.1 (java windows)
Content-Length: 176
Content-Type: application/json; charset=utf-8
host: localhost:43428
accept: */*

Response DefaultHttpResponse(decodeResult: success, version: HTTP/1.1)
HTTP/1.1 200 OK
Content-Length: 22267
Content-Type: application/json; charset=utf-8
cache-control: no-cache

16:13:16.468 [AsyncHttpClient-1-15] DEBUG org.asynchttpclient.netty.channel.ChannelManager - Adding key: http://localhost:43428 for channel [id: 0x2d7bc136, L:/127.0.0.1:51567 - R:localhost/127.0.0.1:43428]
16:13:16.470 [Forwarding getCurrentUrl on session 5f8fedee70c0f73be6349b16d3e854c1 to remote] DEBUG org.asynchttpclient.netty.request.NettyRequestSender - Using pooled Channel '[id: 0x2d7bc136, L:/127.0.0.1:51567 - R:localhost/127.0.0.1:43428]' for 'GET' to 'http://localhost:43428/session/5f8fedee70c0f73be6349b16d3e854c1/url'
16:13:16.470 [Forwarding getCurrentUrl on session 5f8fedee70c0f73be6349b16d3e854c1 to remote] DEBUG org.asynchttpclient.netty.request.NettyRequestSender - Using open Channel [id: 0x2d7bc136, L:/127.0.0.1:51567 - R:localhost/127.0.0.1:43428] for GET '/session/5f8fedee70c0f73be6349b16d3e854c1/url'
16:13:16.474 [AsyncHttpClient-1-15] DEBUG org.asynchttpclient.netty.handler.HttpHandler - 

Request DefaultFullHttpRequest(decodeResult: success, version: HTTP/1.1, content: EmptyByteBufBE)
GET /session/5f8fedee70c0f73be6349b16d3e854c1/url HTTP/1.1
User-Agent: selenium/4.8.1 (java windows)
Cache-Control: no-cache
Content-Type: application/json; charset=utf-8
host: localhost:43428
accept: */*

Response DefaultHttpResponse(decodeResult: success, version: HTTP/1.1)
HTTP/1.1 200 OK
Content-Length: 46
Content-Type: application/json; charset=utf-8
cache-control: no-cache

16:13:16.474 [AsyncHttpClient-1-15] DEBUG org.asynchttpclient.netty.channel.ChannelManager - Adding key: http://localhost:43428 for channel [id: 0x2d7bc136, L:/127.0.0.1:51567 - R:localhost/127.0.0.1:43428]
16:13:16.484 [Forwarding getPageSource on session 5f8fedee70c0f73be6349b16d3e854c1 to remote] DEBUG org.asynchttpclient.netty.request.NettyRequestSender - Using pooled Channel '[id: 0x2d7bc136, L:/127.0.0.1:51567 - R:localhost/127.0.0.1:43428]' for 'POST' to 'http://localhost:43428/session/5f8fedee70c0f73be6349b16d3e854c1/execute/sync'
16:13:16.484 [Forwarding getPageSource on session 5f8fedee70c0f73be6349b16d3e854c1 to remote] DEBUG org.asynchttpclient.netty.request.NettyRequestSender - Using open Channel [id: 0x2d7bc136, L:/127.0.0.1:51567 - R:localhost/127.0.0.1:43428] for POST '/session/5f8fedee70c0f73be6349b16d3e854c1/execute/sync'
16:13:16.491 [AsyncHttpClient-1-15] DEBUG org.asynchttpclient.netty.handler.HttpHandler - 

Request DefaultHttpRequest(decodeResult: success, version: HTTP/1.1)
POST /session/5f8fedee70c0f73be6349b16d3e854c1/execute/sync HTTP/1.1
User-Agent: selenium/4.8.1 (java windows)
Content-Length: 176
Content-Type: application/json; charset=utf-8
host: localhost:43428
accept: */*

Response DefaultHttpResponse(decodeResult: success, version: HTTP/1.1)
HTTP/1.1 200 OK
Content-Length: 22267
Content-Type: application/json; charset=utf-8
cache-control: no-cache

16:13:16.491 [AsyncHttpClient-1-15] DEBUG org.asynchttpclient.netty.channel.ChannelManager - Adding key: http://localhost:43428 for channel [id: 0x2d7bc136, L:/127.0.0.1:51567 - R:localhost/127.0.0.1:43428]
16:13:16.493 [Forwarding getCurrentUrl on session 5f8fedee70c0f73be6349b16d3e854c1 to remote] DEBUG org.asynchttpclient.netty.request.NettyRequestSender - Using pooled Channel '[id: 0x2d7bc136, L:/127.0.0.1:51567 - R:localhost/127.0.0.1:43428]' for 'GET' to 'http://localhost:43428/session/5f8fedee70c0f73be6349b16d3e854c1/url'
16:13:16.493 [Forwarding getCurrentUrl on session 5f8fedee70c0f73be6349b16d3e854c1 to remote] DEBUG org.asynchttpclient.netty.request.NettyRequestSender - Using open Channel [id: 0x2d7bc136, L:/127.0.0.1:51567 - R:localhost/127.0.0.1:43428] for GET '/session/5f8fedee70c0f73be6349b16d3e854c1/url'
16:13:16.498 [AsyncHttpClient-1-15] DEBUG org.asynchttpclient.netty.handler.HttpHandler - 

Request DefaultFullHttpRequest(decodeResult: success, version: HTTP/1.1, content: EmptyByteBufBE)
GET /session/5f8fedee70c0f73be6349b16d3e854c1/url HTTP/1.1
User-Agent: selenium/4.8.1 (java windows)
Cache-Control: no-cache
Content-Type: application/json; charset=utf-8
host: localhost:43428
accept: */*

Response DefaultHttpResponse(decodeResult: success, version: HTTP/1.1)
HTTP/1.1 200 OK
Content-Length: 46
Content-Type: application/json; charset=utf-8
cache-control: no-cache

16:13:16.498 [AsyncHttpClient-1-15] DEBUG org.asynchttpclient.netty.channel.ChannelManager - Adding key: http://localhost:43428 for channel [id: 0x2d7bc136, L:/127.0.0.1:51567 - R:localhost/127.0.0.1:43428]
16:13:16.500 [main] DEBUG net.thucydides.core.steps.StepInterceptor - STARTING STEP: TransactionSteps.clickBayarButton - clickBayarButton
16:13:16.503 [Forwarding findElement on session 5f8fedee70c0f73be6349b16d3e854c1 to remote] DEBUG org.asynchttpclient.netty.request.NettyRequestSender - Using pooled Channel '[id: 0x2d7bc136, L:/127.0.0.1:51567 - R:localhost/127.0.0.1:43428]' for 'POST' to 'http://localhost:43428/session/5f8fedee70c0f73be6349b16d3e854c1/element'
16:13:16.503 [Forwarding findElement on session 5f8fedee70c0f73be6349b16d3e854c1 to remote] DEBUG org.asynchttpclient.netty.request.NettyRequestSender - Using open Channel [id: 0x2d7bc136, L:/127.0.0.1:51567 - R:localhost/127.0.0.1:43428] for POST '/session/5f8fedee70c0f73be6349b16d3e854c1/element'
16:13:16.514 [AsyncHttpClient-1-15] DEBUG org.asynchttpclient.netty.handler.HttpHandler - 

Request DefaultHttpRequest(decodeResult: success, version: HTTP/1.1)
POST /session/5f8fedee70c0f73be6349b16d3e854c1/element HTTP/1.1
User-Agent: selenium/4.8.1 (java windows)
Content-Length: 59
Content-Type: application/json; charset=utf-8
host: localhost:43428
accept: */*

Response DefaultHttpResponse(decodeResult: success, version: HTTP/1.1)
HTTP/1.1 200 OK
Content-Length: 88
Content-Type: application/json; charset=utf-8
cache-control: no-cache

16:13:16.514 [AsyncHttpClient-1-15] DEBUG org.asynchttpclient.netty.channel.ChannelManager - Adding key: http://localhost:43428 for channel [id: 0x2d7bc136, L:/127.0.0.1:51567 - R:localhost/127.0.0.1:43428]
16:13:16.515 [Forwarding getElementTagName on session 5f8fedee70c0f73be6349b16d3e854c1 to remote] DEBUG org.asynchttpclient.netty.request.NettyRequestSender - Using pooled Channel '[id: 0x2d7bc136, L:/127.0.0.1:51567 - R:localhost/127.0.0.1:43428]' for 'GET' to 'http://localhost:43428/session/5f8fedee70c0f73be6349b16d3e854c1/element/aea6d8af-0767-4f45-96d3-54241e27a804/name'
16:13:16.515 [Forwarding getElementTagName on session 5f8fedee70c0f73be6349b16d3e854c1 to remote] DEBUG org.asynchttpclient.netty.request.NettyRequestSender - Using open Channel [id: 0x2d7bc136, L:/127.0.0.1:51567 - R:localhost/127.0.0.1:43428] for GET '/session/5f8fedee70c0f73be6349b16d3e854c1/element/aea6d8af-0767-4f45-96d3-54241e27a804/name'
16:13:16.521 [AsyncHttpClient-1-15] DEBUG org.asynchttpclient.netty.handler.HttpHandler - 

Request DefaultFullHttpRequest(decodeResult: success, version: HTTP/1.1, content: EmptyByteBufBE)
GET /session/5f8fedee70c0f73be6349b16d3e854c1/element/aea6d8af-0767-4f45-96d3-54241e27a804/name HTTP/1.1
User-Agent: selenium/4.8.1 (java windows)
Cache-Control: no-cache
Content-Type: application/json; charset=utf-8
host: localhost:43428
accept: */*

Response DefaultHttpResponse(decodeResult: success, version: HTTP/1.1)
HTTP/1.1 200 OK
Content-Length: 18
Content-Type: application/json; charset=utf-8
cache-control: no-cache

16:13:16.522 [AsyncHttpClient-1-15] DEBUG org.asynchttpclient.netty.channel.ChannelManager - Adding key: http://localhost:43428 for channel [id: 0x2d7bc136, L:/127.0.0.1:51567 - R:localhost/127.0.0.1:43428]
16:13:16.523 [Forwarding getElementTagName on session 5f8fedee70c0f73be6349b16d3e854c1 to remote] DEBUG org.asynchttpclient.netty.request.NettyRequestSender - Using pooled Channel '[id: 0x2d7bc136, L:/127.0.0.1:51567 - R:localhost/127.0.0.1:43428]' for 'GET' to 'http://localhost:43428/session/5f8fedee70c0f73be6349b16d3e854c1/element/aea6d8af-0767-4f45-96d3-54241e27a804/name'
16:13:16.523 [Forwarding getElementTagName on session 5f8fedee70c0f73be6349b16d3e854c1 to remote] DEBUG org.asynchttpclient.netty.request.NettyRequestSender - Using open Channel [id: 0x2d7bc136, L:/127.0.0.1:51567 - R:localhost/127.0.0.1:43428] for GET '/session/5f8fedee70c0f73be6349b16d3e854c1/element/aea6d8af-0767-4f45-96d3-54241e27a804/name'
16:13:16.528 [AsyncHttpClient-1-15] DEBUG org.asynchttpclient.netty.handler.HttpHandler - 

Request DefaultFullHttpRequest(decodeResult: success, version: HTTP/1.1, content: EmptyByteBufBE)
GET /session/5f8fedee70c0f73be6349b16d3e854c1/element/aea6d8af-0767-4f45-96d3-54241e27a804/name HTTP/1.1
User-Agent: selenium/4.8.1 (java windows)
Cache-Control: no-cache
Content-Type: application/json; charset=utf-8
host: localhost:43428
accept: */*

Response DefaultHttpResponse(decodeResult: success, version: HTTP/1.1)
HTTP/1.1 200 OK
Content-Length: 18
Content-Type: application/json; charset=utf-8
cache-control: no-cache

16:13:16.528 [AsyncHttpClient-1-15] DEBUG org.asynchttpclient.netty.channel.ChannelManager - Adding key: http://localhost:43428 for channel [id: 0x2d7bc136, L:/127.0.0.1:51567 - R:localhost/127.0.0.1:43428]
16:13:16.531 [Forwarding isElementEnabled on session 5f8fedee70c0f73be6349b16d3e854c1 to remote] DEBUG org.asynchttpclient.netty.request.NettyRequestSender - Using pooled Channel '[id: 0x2d7bc136, L:/127.0.0.1:51567 - R:localhost/127.0.0.1:43428]' for 'GET' to 'http://localhost:43428/session/5f8fedee70c0f73be6349b16d3e854c1/element/aea6d8af-0767-4f45-96d3-54241e27a804/enabled'
16:13:16.531 [Forwarding isElementEnabled on session 5f8fedee70c0f73be6349b16d3e854c1 to remote] DEBUG org.asynchttpclient.netty.request.NettyRequestSender - Using open Channel [id: 0x2d7bc136, L:/127.0.0.1:51567 - R:localhost/127.0.0.1:43428] for GET '/session/5f8fedee70c0f73be6349b16d3e854c1/element/aea6d8af-0767-4f45-96d3-54241e27a804/enabled'
16:13:16.542 [AsyncHttpClient-1-15] DEBUG org.asynchttpclient.netty.handler.HttpHandler - 

Request DefaultFullHttpRequest(decodeResult: success, version: HTTP/1.1, content: EmptyByteBufBE)
GET /session/5f8fedee70c0f73be6349b16d3e854c1/element/aea6d8af-0767-4f45-96d3-54241e27a804/enabled HTTP/1.1
User-Agent: selenium/4.8.1 (java windows)
Cache-Control: no-cache
Content-Type: application/json; charset=utf-8
host: localhost:43428
accept: */*

Response DefaultHttpResponse(decodeResult: success, version: HTTP/1.1)
HTTP/1.1 200 OK
Content-Length: 14
Content-Type: application/json; charset=utf-8
cache-control: no-cache

16:13:16.542 [AsyncHttpClient-1-15] DEBUG org.asynchttpclient.netty.channel.ChannelManager - Adding key: http://localhost:43428 for channel [id: 0x2d7bc136, L:/127.0.0.1:51567 - R:localhost/127.0.0.1:43428]
16:13:16.543 [Forwarding isElementEnabled on session 5f8fedee70c0f73be6349b16d3e854c1 to remote] DEBUG org.asynchttpclient.netty.request.NettyRequestSender - Using pooled Channel '[id: 0x2d7bc136, L:/127.0.0.1:51567 - R:localhost/127.0.0.1:43428]' for 'GET' to 'http://localhost:43428/session/5f8fedee70c0f73be6349b16d3e854c1/element/aea6d8af-0767-4f45-96d3-54241e27a804/enabled'
16:13:16.543 [Forwarding isElementEnabled on session 5f8fedee70c0f73be6349b16d3e854c1 to remote] DEBUG org.asynchttpclient.netty.request.NettyRequestSender - Using open Channel [id: 0x2d7bc136, L:/127.0.0.1:51567 - R:localhost/127.0.0.1:43428] for GET '/session/5f8fedee70c0f73be6349b16d3e854c1/element/aea6d8af-0767-4f45-96d3-54241e27a804/enabled'
16:13:16.554 [AsyncHttpClient-1-15] DEBUG org.asynchttpclient.netty.handler.HttpHandler - 

Request DefaultFullHttpRequest(decodeResult: success, version: HTTP/1.1, content: EmptyByteBufBE)
GET /session/5f8fedee70c0f73be6349b16d3e854c1/element/aea6d8af-0767-4f45-96d3-54241e27a804/enabled HTTP/1.1
User-Agent: selenium/4.8.1 (java windows)
Cache-Control: no-cache
Content-Type: application/json; charset=utf-8
host: localhost:43428
accept: */*

Response DefaultHttpResponse(decodeResult: success, version: HTTP/1.1)
HTTP/1.1 200 OK
Content-Length: 14
Content-Type: application/json; charset=utf-8
cache-control: no-cache

16:13:16.554 [AsyncHttpClient-1-15] DEBUG org.asynchttpclient.netty.channel.ChannelManager - Adding key: http://localhost:43428 for channel [id: 0x2d7bc136, L:/127.0.0.1:51567 - R:localhost/127.0.0.1:43428]
16:13:16.558 [Forwarding findElement on session 5f8fedee70c0f73be6349b16d3e854c1 to remote] DEBUG org.asynchttpclient.netty.request.NettyRequestSender - Using pooled Channel '[id: 0x2d7bc136, L:/127.0.0.1:51567 - R:localhost/127.0.0.1:43428]' for 'POST' to 'http://localhost:43428/session/5f8fedee70c0f73be6349b16d3e854c1/element'
16:13:16.558 [Forwarding findElement on session 5f8fedee70c0f73be6349b16d3e854c1 to remote] DEBUG org.asynchttpclient.netty.request.NettyRequestSender - Using open Channel [id: 0x2d7bc136, L:/127.0.0.1:51567 - R:localhost/127.0.0.1:43428] for POST '/session/5f8fedee70c0f73be6349b16d3e854c1/element'
16:13:16.570 [AsyncHttpClient-1-15] DEBUG org.asynchttpclient.netty.handler.HttpHandler - 

Request DefaultHttpRequest(decodeResult: success, version: HTTP/1.1)
POST /session/5f8fedee70c0f73be6349b16d3e854c1/element HTTP/1.1
User-Agent: selenium/4.8.1 (java windows)
Content-Length: 59
Content-Type: application/json; charset=utf-8
host: localhost:43428
accept: */*

Response DefaultHttpResponse(decodeResult: success, version: HTTP/1.1)
HTTP/1.1 200 OK
Content-Length: 88
Content-Type: application/json; charset=utf-8
cache-control: no-cache

16:13:16.570 [AsyncHttpClient-1-15] DEBUG org.asynchttpclient.netty.channel.ChannelManager - Adding key: http://localhost:43428 for channel [id: 0x2d7bc136, L:/127.0.0.1:51567 - R:localhost/127.0.0.1:43428]
16:13:16.572 [Forwarding clickElement on session 5f8fedee70c0f73be6349b16d3e854c1 to remote] DEBUG org.asynchttpclient.netty.request.NettyRequestSender - Using pooled Channel '[id: 0x2d7bc136, L:/127.0.0.1:51567 - R:localhost/127.0.0.1:43428]' for 'POST' to 'http://localhost:43428/session/5f8fedee70c0f73be6349b16d3e854c1/element/aea6d8af-0767-4f45-96d3-54241e27a804/click'
16:13:16.572 [Forwarding clickElement on session 5f8fedee70c0f73be6349b16d3e854c1 to remote] DEBUG org.asynchttpclient.netty.request.NettyRequestSender - Using open Channel [id: 0x2d7bc136, L:/127.0.0.1:51567 - R:localhost/127.0.0.1:43428] for POST '/session/5f8fedee70c0f73be6349b16d3e854c1/element/aea6d8af-0767-4f45-96d3-54241e27a804/click'
16:13:16.644 [AsyncHttpClient-1-15] DEBUG org.asynchttpclient.netty.handler.HttpHandler - 

Request DefaultHttpRequest(decodeResult: success, version: HTTP/1.1)
POST /session/5f8fedee70c0f73be6349b16d3e854c1/element/aea6d8af-0767-4f45-96d3-54241e27a804/click HTTP/1.1
User-Agent: selenium/4.8.1 (java windows)
Content-Length: 50
Content-Type: application/json; charset=utf-8
host: localhost:43428
accept: */*

Response DefaultHttpResponse(decodeResult: success, version: HTTP/1.1)
HTTP/1.1 200 OK
Content-Length: 14
Content-Type: application/json; charset=utf-8
cache-control: no-cache

16:13:16.644 [AsyncHttpClient-1-15] DEBUG org.asynchttpclient.netty.channel.ChannelManager - Adding key: http://localhost:43428 for channel [id: 0x2d7bc136, L:/127.0.0.1:51567 - R:localhost/127.0.0.1:43428]
16:13:16.650 [Forwarding getAlertText on session 5f8fedee70c0f73be6349b16d3e854c1 to remote] DEBUG org.asynchttpclient.netty.request.NettyRequestSender - Using pooled Channel '[id: 0x2d7bc136, L:/127.0.0.1:51567 - R:localhost/127.0.0.1:43428]' for 'GET' to 'http://localhost:43428/session/5f8fedee70c0f73be6349b16d3e854c1/alert/text'
16:13:16.650 [Forwarding getAlertText on session 5f8fedee70c0f73be6349b16d3e854c1 to remote] DEBUG org.asynchttpclient.netty.request.NettyRequestSender - Using open Channel [id: 0x2d7bc136, L:/127.0.0.1:51567 - R:localhost/127.0.0.1:43428] for GET '/session/5f8fedee70c0f73be6349b16d3e854c1/alert/text'
16:13:16.676 [AsyncHttpClient-1-15] DEBUG org.asynchttpclient.netty.handler.HttpHandler - 

Request DefaultFullHttpRequest(decodeResult: success, version: HTTP/1.1, content: EmptyByteBufBE)
GET /session/5f8fedee70c0f73be6349b16d3e854c1/alert/text HTTP/1.1
User-Agent: selenium/4.8.1 (java windows)
Cache-Control: no-cache
Content-Type: application/json; charset=utf-8
host: localhost:43428
accept: */*

Response DefaultHttpResponse(decodeResult: success, version: HTTP/1.1)
HTTP/1.1 404 Not Found
Content-Length: 836
Content-Type: application/json; charset=utf-8
cache-control: no-cache

16:13:16.676 [AsyncHttpClient-1-15] DEBUG org.asynchttpclient.netty.channel.ChannelManager - Adding key: http://localhost:43428 for channel [id: 0x2d7bc136, L:/127.0.0.1:51567 - R:localhost/127.0.0.1:43428]
16:13:16.676 [Forwarding getCurrentUrl on session 5f8fedee70c0f73be6349b16d3e854c1 to remote] DEBUG org.asynchttpclient.netty.request.NettyRequestSender - Using pooled Channel '[id: 0x2d7bc136, L:/127.0.0.1:51567 - R:localhost/127.0.0.1:43428]' for 'GET' to 'http://localhost:43428/session/5f8fedee70c0f73be6349b16d3e854c1/url'
16:13:16.676 [Forwarding getCurrentUrl on session 5f8fedee70c0f73be6349b16d3e854c1 to remote] DEBUG org.asynchttpclient.netty.request.NettyRequestSender - Using open Channel [id: 0x2d7bc136, L:/127.0.0.1:51567 - R:localhost/127.0.0.1:43428] for GET '/session/5f8fedee70c0f73be6349b16d3e854c1/url'
16:13:16.679 [AsyncHttpClient-1-15] DEBUG org.asynchttpclient.netty.handler.HttpHandler - 

Request DefaultFullHttpRequest(decodeResult: success, version: HTTP/1.1, content: EmptyByteBufBE)
GET /session/5f8fedee70c0f73be6349b16d3e854c1/url HTTP/1.1
User-Agent: selenium/4.8.1 (java windows)
Cache-Control: no-cache
Content-Type: application/json; charset=utf-8
host: localhost:43428
accept: */*

Response DefaultHttpResponse(decodeResult: success, version: HTTP/1.1)
HTTP/1.1 200 OK
Content-Length: 113
Content-Type: application/json; charset=utf-8
cache-control: no-cache

16:13:16.679 [AsyncHttpClient-1-15] DEBUG org.asynchttpclient.netty.channel.ChannelManager - Adding key: http://localhost:43428 for channel [id: 0x2d7bc136, L:/127.0.0.1:51567 - R:localhost/127.0.0.1:43428]
16:13:16.679 [Forwarding screenshot on session 5f8fedee70c0f73be6349b16d3e854c1 to remote] DEBUG org.asynchttpclient.netty.request.NettyRequestSender - Using pooled Channel '[id: 0x2d7bc136, L:/127.0.0.1:51567 - R:localhost/127.0.0.1:43428]' for 'GET' to 'http://localhost:43428/session/5f8fedee70c0f73be6349b16d3e854c1/screenshot'
16:13:16.679 [Forwarding screenshot on session 5f8fedee70c0f73be6349b16d3e854c1 to remote] DEBUG org.asynchttpclient.netty.request.NettyRequestSender - Using open Channel [id: 0x2d7bc136, L:/127.0.0.1:51567 - R:localhost/127.0.0.1:43428] for GET '/session/5f8fedee70c0f73be6349b16d3e854c1/screenshot'
16:13:17.456 [AsyncHttpClient-1-1] DEBUG org.asynchttpclient.netty.channel.DefaultChannelPool - Entry count for : http://localhost:51568 : 1
16:13:17.787 [AsyncHttpClient-1-15] DEBUG org.asynchttpclient.netty.handler.HttpHandler - 

Request DefaultFullHttpRequest(decodeResult: success, version: HTTP/1.1, content: EmptyByteBufBE)
GET /session/5f8fedee70c0f73be6349b16d3e854c1/screenshot HTTP/1.1
User-Agent: selenium/4.8.1 (java windows)
Cache-Control: no-cache
Content-Type: application/json; charset=utf-8
host: localhost:43428
accept: */*

Response DefaultHttpResponse(decodeResult: success, version: HTTP/1.1)
HTTP/1.1 200 OK
Content-Length: 31272
Content-Type: application/json; charset=utf-8
cache-control: no-cache

16:13:17.787 [AsyncHttpClient-1-15] DEBUG org.asynchttpclient.netty.channel.ChannelManager - Adding key: http://localhost:43428 for channel [id: 0x2d7bc136, L:/127.0.0.1:51567 - R:localhost/127.0.0.1:43428]
16:13:17.788 [main] DEBUG net.serenitybdd.core.photography.Darkroom - Send negative for processing for target\site\serenity\c3a5031e805021542faa41d727c289c81810fcd267fc6da6b68897b814f2902b.png
16:13:17.789 [main] DEBUG net.thucydides.core.steps.StepInterceptor - STEP DONE: clickBayarButton
  &amp#27;[32mWhen &amp#27;[0m&amp#27;[32mI click BAYAR button&amp#27;[0m                               &amp#27;[90m# starter.stepdefinitions.TransactionSteps.clickBayarButton()&amp#27;[0m
16:13:17.789 [Darkroom Processing Line] DEBUG net.serenitybdd.core.photography.DarkroomProcessingLine - Processing screenshot image in /var/screenshots/screenshot-903502089893460265
16:13:17.789 [Darkroom Processing Line] DEBUG net.serenitybdd.core.photography.DarkroomProcessingLine - Saving screenshot to target\site\serenity\c3a5031e805021542faa41d727c289c81810fcd267fc6da6b68897b814f2902b.png
16:13:17.796 [Forwarding getPageSource on session 5f8fedee70c0f73be6349b16d3e854c1 to remote] DEBUG org.asynchttpclient.netty.request.NettyRequestSender - Using pooled Channel '[id: 0x2d7bc136, L:/127.0.0.1:51567 - R:localhost/127.0.0.1:43428]' for 'POST' to 'http://localhost:43428/session/5f8fedee70c0f73be6349b16d3e854c1/execute/sync'
16:13:17.796 [Forwarding getPageSource on session 5f8fedee70c0f73be6349b16d3e854c1 to remote] DEBUG org.asynchttpclient.netty.request.NettyRequestSender - Using open Channel [id: 0x2d7bc136, L:/127.0.0.1:51567 - R:localhost/127.0.0.1:43428] for POST '/session/5f8fedee70c0f73be6349b16d3e854c1/execute/sync'
16:13:17.802 [AsyncHttpClient-1-15] DEBUG org.asynchttpclient.netty.handler.HttpHandler - 

Request DefaultHttpRequest(decodeResult: success, version: HTTP/1.1)
POST /session/5f8fedee70c0f73be6349b16d3e854c1/execute/sync HTTP/1.1
User-Agent: selenium/4.8.1 (java windows)
Content-Length: 176
Content-Type: application/json; charset=utf-8
host: localhost:43428
accept: */*

Response DefaultHttpResponse(decodeResult: success, version: HTTP/1.1)
HTTP/1.1 200 OK
Content-Length: 25964
Content-Type: application/json; charset=utf-8
cache-control: no-cache

16:13:17.802 [AsyncHttpClient-1-15] DEBUG org.asynchttpclient.netty.channel.ChannelManager - Adding key: http://localhost:43428 for channel [id: 0x2d7bc136, L:/127.0.0.1:51567 - R:localhost/127.0.0.1:43428]
16:13:17.804 [Forwarding getCurrentUrl on session 5f8fedee70c0f73be6349b16d3e854c1 to remote] DEBUG org.asynchttpclient.netty.request.NettyRequestSender - Using pooled Channel '[id: 0x2d7bc136, L:/127.0.0.1:51567 - R:localhost/127.0.0.1:43428]' for 'GET' to 'http://localhost:43428/session/5f8fedee70c0f73be6349b16d3e854c1/url'
16:13:17.804 [Forwarding getCurrentUrl on session 5f8fedee70c0f73be6349b16d3e854c1 to remote] DEBUG org.asynchttpclient.netty.request.NettyRequestSender - Using open Channel [id: 0x2d7bc136, L:/127.0.0.1:51567 - R:localhost/127.0.0.1:43428] for GET '/session/5f8fedee70c0f73be6349b16d3e854c1/url'
16:13:17.807 [AsyncHttpClient-1-15] DEBUG org.asynchttpclient.netty.handler.HttpHandler - 

Request DefaultFullHttpRequest(decodeResult: success, version: HTTP/1.1, content: EmptyByteBufBE)
GET /session/5f8fedee70c0f73be6349b16d3e854c1/url HTTP/1.1
User-Agent: selenium/4.8.1 (java windows)
Cache-Control: no-cache
Content-Type: application/json; charset=utf-8
host: localhost:43428
accept: */*

Response DefaultHttpResponse(decodeResult: success, version: HTTP/1.1)
HTTP/1.1 200 OK
Content-Length: 52
Content-Type: application/json; charset=utf-8
cache-control: no-cache

16:13:17.807 [AsyncHttpClient-1-15] DEBUG org.asynchttpclient.netty.channel.ChannelManager - Adding key: http://localhost:43428 for channel [id: 0x2d7bc136, L:/127.0.0.1:51567 - R:localhost/127.0.0.1:43428]
16:13:17.813 [Forwarding getPageSource on session 5f8fedee70c0f73be6349b16d3e854c1 to remote] DEBUG org.asynchttpclient.netty.request.NettyRequestSender - Using pooled Channel '[id: 0x2d7bc136, L:/127.0.0.1:51567 - R:localhost/127.0.0.1:43428]' for 'POST' to 'http://localhost:43428/session/5f8fedee70c0f73be6349b16d3e854c1/execute/sync'
16:13:17.813 [Forwarding getPageSource on session 5f8fedee70c0f73be6349b16d3e854c1 to remote] DEBUG org.asynchttpclient.netty.request.NettyRequestSender - Using open Channel [id: 0x2d7bc136, L:/127.0.0.1:51567 - R:localhost/127.0.0.1:43428] for POST '/session/5f8fedee70c0f73be6349b16d3e854c1/execute/sync'
16:13:17.816 [AsyncHttpClient-1-15] DEBUG org.asynchttpclient.netty.handler.HttpHandler - 

Request DefaultHttpRequest(decodeResult: success, version: HTTP/1.1)
POST /session/5f8fedee70c0f73be6349b16d3e854c1/execute/sync HTTP/1.1
User-Agent: selenium/4.8.1 (java windows)
Content-Length: 176
Content-Type: application/json; charset=utf-8
host: localhost:43428
accept: */*

Response DefaultHttpResponse(decodeResult: success, version: HTTP/1.1)
HTTP/1.1 200 OK
Content-Length: 25964
Content-Type: application/json; charset=utf-8
cache-control: no-cache

16:13:17.816 [AsyncHttpClient-1-15] DEBUG org.asynchttpclient.netty.channel.ChannelManager - Adding key: http://localhost:43428 for channel [id: 0x2d7bc136, L:/127.0.0.1:51567 - R:localhost/127.0.0.1:43428]
16:13:17.818 [Forwarding getCurrentUrl on session 5f8fedee70c0f73be6349b16d3e854c1 to remote] DEBUG org.asynchttpclient.netty.request.NettyRequestSender - Using pooled Channel '[id: 0x2d7bc136, L:/127.0.0.1:51567 - R:localhost/127.0.0.1:43428]' for 'GET' to 'http://localhost:43428/session/5f8fedee70c0f73be6349b16d3e854c1/url'
16:13:17.818 [Forwarding getCurrentUrl on session 5f8fedee70c0f73be6349b16d3e854c1 to remote] DEBUG org.asynchttpclient.netty.request.NettyRequestSender - Using open Channel [id: 0x2d7bc136, L:/127.0.0.1:51567 - R:localhost/127.0.0.1:43428] for GET '/session/5f8fedee70c0f73be6349b16d3e854c1/url'
16:13:17.821 [AsyncHttpClient-1-15] DEBUG org.asynchttpclient.netty.handler.HttpHandler - 

Request DefaultFullHttpRequest(decodeResult: success, version: HTTP/1.1, content: EmptyByteBufBE)
GET /session/5f8fedee70c0f73be6349b16d3e854c1/url HTTP/1.1
User-Agent: selenium/4.8.1 (java windows)
Cache-Control: no-cache
Content-Type: application/json; charset=utf-8
host: localhost:43428
accept: */*

Response DefaultHttpResponse(decodeResult: success, version: HTTP/1.1)
HTTP/1.1 200 OK
Content-Length: 52
Content-Type: application/json; charset=utf-8
cache-control: no-cache

16:13:17.821 [AsyncHttpClient-1-15] DEBUG org.asynchttpclient.netty.channel.ChannelManager - Adding key: http://localhost:43428 for channel [id: 0x2d7bc136, L:/127.0.0.1:51567 - R:localhost/127.0.0.1:43428]
16:13:17.822 [main] DEBUG net.thucydides.core.steps.StepInterceptor - STARTING STEP: TransactionSteps.validateProductTransaction - validateProductTransaction
16:13:17.823 [Forwarding findElement on session 5f8fedee70c0f73be6349b16d3e854c1 to remote] DEBUG org.asynchttpclient.netty.request.NettyRequestSender - Using pooled Channel '[id: 0x2d7bc136, L:/127.0.0.1:51567 - R:localhost/127.0.0.1:43428]' for 'POST' to 'http://localhost:43428/session/5f8fedee70c0f73be6349b16d3e854c1/element'
16:13:17.823 [Forwarding findElement on session 5f8fedee70c0f73be6349b16d3e854c1 to remote] DEBUG org.asynchttpclient.netty.request.NettyRequestSender - Using open Channel [id: 0x2d7bc136, L:/127.0.0.1:51567 - R:localhost/127.0.0.1:43428] for POST '/session/5f8fedee70c0f73be6349b16d3e854c1/element'
16:13:17.831 [AsyncHttpClient-1-15] DEBUG org.asynchttpclient.netty.handler.HttpHandler - 

Request DefaultHttpRequest(decodeResult: success, version: HTTP/1.1)
POST /session/5f8fedee70c0f73be6349b16d3e854c1/element HTTP/1.1
User-Agent: selenium/4.8.1 (java windows)
Content-Length: 70
Content-Type: application/json; charset=utf-8
host: localhost:43428
accept: */*

Response DefaultHttpResponse(decodeResult: success, version: HTTP/1.1)
HTTP/1.1 200 OK
Content-Length: 88
Content-Type: application/json; charset=utf-8
cache-control: no-cache

16:13:17.831 [AsyncHttpClient-1-15] DEBUG org.asynchttpclient.netty.channel.ChannelManager - Adding key: http://localhost:43428 for channel [id: 0x2d7bc136, L:/127.0.0.1:51567 - R:localhost/127.0.0.1:43428]
16:13:17.832 [Forwarding isElementDisplayed on session 5f8fedee70c0f73be6349b16d3e854c1 to remote] DEBUG org.asynchttpclient.netty.request.NettyRequestSender - Using pooled Channel '[id: 0x2d7bc136, L:/127.0.0.1:51567 - R:localhost/127.0.0.1:43428]' for 'POST' to 'http://localhost:43428/session/5f8fedee70c0f73be6349b16d3e854c1/execute/sync'
16:13:17.832 [Forwarding isElementDisplayed on session 5f8fedee70c0f73be6349b16d3e854c1 to remote] DEBUG org.asynchttpclient.netty.request.NettyRequestSender - Using open Channel [id: 0x2d7bc136, L:/127.0.0.1:51567 - R:localhost/127.0.0.1:43428] for POST '/session/5f8fedee70c0f73be6349b16d3e854c1/execute/sync'
16:13:17.842 [AsyncHttpClient-1-15] DEBUG org.asynchttpclient.netty.handler.HttpHandler - 

Request DefaultHttpRequest(decodeResult: success, version: HTTP/1.1)
POST /session/5f8fedee70c0f73be6349b16d3e854c1/execute/sync HTTP/1.1
User-Agent: selenium/4.8.1 (java windows)
Content-Length: 48807
Content-Type: application/json; charset=utf-8
host: localhost:43428
accept: */*

Response DefaultHttpResponse(decodeResult: success, version: HTTP/1.1)
HTTP/1.1 200 OK
Content-Length: 14
Content-Type: application/json; charset=utf-8
cache-control: no-cache

16:13:17.842 [AsyncHttpClient-1-15] DEBUG org.asynchttpclient.netty.channel.ChannelManager - Adding key: http://localhost:43428 for channel [id: 0x2d7bc136, L:/127.0.0.1:51567 - R:localhost/127.0.0.1:43428]
16:13:17.845 [Forwarding getAlertText on session 5f8fedee70c0f73be6349b16d3e854c1 to remote] DEBUG org.asynchttpclient.netty.request.NettyRequestSender - Using pooled Channel '[id: 0x2d7bc136, L:/127.0.0.1:51567 - R:localhost/127.0.0.1:43428]' for 'GET' to 'http://localhost:43428/session/5f8fedee70c0f73be6349b16d3e854c1/alert/text'
16:13:17.845 [Forwarding getAlertText on session 5f8fedee70c0f73be6349b16d3e854c1 to remote] DEBUG org.asynchttpclient.netty.request.NettyRequestSender - Using open Channel [id: 0x2d7bc136, L:/127.0.0.1:51567 - R:localhost/127.0.0.1:43428] for GET '/session/5f8fedee70c0f73be6349b16d3e854c1/alert/text'
16:13:17.846 [AsyncHttpClient-1-15] DEBUG org.asynchttpclient.netty.handler.HttpHandler - 

Request DefaultFullHttpRequest(decodeResult: success, version: HTTP/1.1, content: EmptyByteBufBE)
GET /session/5f8fedee70c0f73be6349b16d3e854c1/alert/text HTTP/1.1
User-Agent: selenium/4.8.1 (java windows)
Cache-Control: no-cache
Content-Type: application/json; charset=utf-8
host: localhost:43428
accept: */*

Response DefaultHttpResponse(decodeResult: success, version: HTTP/1.1)
HTTP/1.1 404 Not Found
Content-Length: 836
Content-Type: application/json; charset=utf-8
cache-control: no-cache

16:13:17.846 [AsyncHttpClient-1-15] DEBUG org.asynchttpclient.netty.channel.ChannelManager - Adding key: http://localhost:43428 for channel [id: 0x2d7bc136, L:/127.0.0.1:51567 - R:localhost/127.0.0.1:43428]
16:13:17.846 [Forwarding getCurrentUrl on session 5f8fedee70c0f73be6349b16d3e854c1 to remote] DEBUG org.asynchttpclient.netty.request.NettyRequestSender - Using pooled Channel '[id: 0x2d7bc136, L:/127.0.0.1:51567 - R:localhost/127.0.0.1:43428]' for 'GET' to 'http://localhost:43428/session/5f8fedee70c0f73be6349b16d3e854c1/url'
16:13:17.847 [Forwarding getCurrentUrl on session 5f8fedee70c0f73be6349b16d3e854c1 to remote] DEBUG org.asynchttpclient.netty.request.NettyRequestSender - Using open Channel [id: 0x2d7bc136, L:/127.0.0.1:51567 - R:localhost/127.0.0.1:43428] for GET '/session/5f8fedee70c0f73be6349b16d3e854c1/url'
16:13:17.849 [AsyncHttpClient-1-15] DEBUG org.asynchttpclient.netty.handler.HttpHandler - 

Request DefaultFullHttpRequest(decodeResult: success, version: HTTP/1.1, content: EmptyByteBufBE)
GET /session/5f8fedee70c0f73be6349b16d3e854c1/url HTTP/1.1
User-Agent: selenium/4.8.1 (java windows)
Cache-Control: no-cache
Content-Type: application/json; charset=utf-8
host: localhost:43428
accept: */*

Response DefaultHttpResponse(decodeResult: success, version: HTTP/1.1)
HTTP/1.1 200 OK
Content-Length: 52
Content-Type: application/json; charset=utf-8
cache-control: no-cache

16:13:17.849 [AsyncHttpClient-1-15] DEBUG org.asynchttpclient.netty.channel.ChannelManager - Adding key: http://localhost:43428 for channel [id: 0x2d7bc136, L:/127.0.0.1:51567 - R:localhost/127.0.0.1:43428]
16:13:17.850 [Forwarding screenshot on session 5f8fedee70c0f73be6349b16d3e854c1 to remote] DEBUG org.asynchttpclient.netty.request.NettyRequestSender - Using pooled Channel '[id: 0x2d7bc136, L:/127.0.0.1:51567 - R:localhost/127.0.0.1:43428]' for 'GET' to 'http://localhost:43428/session/5f8fedee70c0f73be6349b16d3e854c1/screenshot'
16:13:17.850 [Forwarding screenshot on session 5f8fedee70c0f73be6349b16d3e854c1 to remote] DEBUG org.asynchttpclient.netty.request.NettyRequestSender - Using open Channel [id: 0x2d7bc136, L:/127.0.0.1:51567 - R:localhost/127.0.0.1:43428] for GET '/session/5f8fedee70c0f73be6349b16d3e854c1/screenshot'
16:13:17.921 [AsyncHttpClient-1-15] DEBUG org.asynchttpclient.netty.handler.HttpHandler - 

Request DefaultFullHttpRequest(decodeResult: success, version: HTTP/1.1, content: EmptyByteBufBE)
GET /session/5f8fedee70c0f73be6349b16d3e854c1/screenshot HTTP/1.1
User-Agent: selenium/4.8.1 (java windows)
Cache-Control: no-cache
Content-Type: application/json; charset=utf-8
host: localhost:43428
accept: */*

Response DefaultHttpResponse(decodeResult: success, version: HTTP/1.1)
HTTP/1.1 200 OK
Content-Length: 67848
Content-Type: application/json; charset=utf-8
cache-control: no-cache

16:13:17.921 [AsyncHttpClient-1-15] DEBUG org.asynchttpclient.netty.channel.ChannelManager - Adding key: http://localhost:43428 for channel [id: 0x2d7bc136, L:/127.0.0.1:51567 - R:localhost/127.0.0.1:43428]
16:13:17.923 [main] DEBUG net.serenitybdd.core.photography.Darkroom - Send negative for processing for target\site\serenity\726f7a3ba935b859297e13cec5fa2221c013cb61741abc367430c15367953257.png
16:13:17.923 [main] DEBUG net.thucydides.core.steps.StepInterceptor - STEP DONE: validateProductTransaction
  &amp#27;[32mThen &amp#27;[0m&amp#27;[32mI can see the transaction&amp#27;[0m                          &amp#27;[90m# starter.stepdefinitions.TransactionSteps.validateProductTransaction()&amp#27;[0m
16:13:17.923 [Darkroom Processing Line] DEBUG net.serenitybdd.core.photography.DarkroomProcessingLine - Processing screenshot image in /var/screenshots/screenshot-10766889463039400420
16:13:17.923 [Darkroom Processing Line] DEBUG net.serenitybdd.core.photography.DarkroomProcessingLine - Saving screenshot to target\site\serenity\726f7a3ba935b859297e13cec5fa2221c013cb61741abc367430c15367953257.png
16:13:17.926 [main] INFO  - 
  _____   ___   ___   _____     ___     _     ___   ___   ___   ___  
 |_   _| | __| / __| |_   _|   | _ \   /_\   / __| / __| | __| |   \ 
   | |   | _|  \__ \   | |     |  _/  / _ \  \__ \ \__ \ | _|  | |) |
   |_|   |___| |___/   |_|     |_|   /_/ \_\ |___/ |___/ |___| |___/ 

Pay the product we've added to cart
----------------------------------------------------------------------
16:13:17.927 [AsyncHttpClient-1-17] DEBUG org.asynchttpclient.netty.handler.WebSocketHandler - Channel Closed: [id: 0xac1750d7, L:/127.0.0.1:51577 ! R:localhost/127.0.0.1:51568] with attribute NettyResponseFuture{currentRetry=0,
	isDone=1,
	isCancelled=0,
	asyncHandler=org.asynchttpclient.ws.WebSocketUpgradeHandler@46cc187,
	nettyRequest=org.asynchttpclient.netty.request.NettyRequest@157ac82,
	future=java.util.concurrent.CompletableFuture@3b750abe[Completed normally],
	uri=ws://localhost:51568/devtools/browser/8174fad0-53f2-4fdd-88c9-f960caf0691c,
	keepAlive=true,
	redirectCount=0,
	timeoutsHolder=null,
	inAuth=0,
	touch=1683537189956}
16:13:17.927 [Driver Command Executor] DEBUG org.asynchttpclient.netty.request.NettyRequestSender - Using pooled Channel '[id: 0x2d7bc136, L:/127.0.0.1:51567 - R:localhost/127.0.0.1:43428]' for 'DELETE' to 'http://localhost:43428/session/5f8fedee70c0f73be6349b16d3e854c1'
16:13:17.927 [AsyncHttpClient-1-17] DEBUG org.asynchttpclient.netty.channel.ChannelManager - Closing Channel [id: 0xac1750d7, L:/127.0.0.1:51577 ! R:localhost/127.0.0.1:51568] 
16:13:17.927 [Driver Command Executor] DEBUG org.asynchttpclient.netty.request.NettyRequestSender - Using open Channel [id: 0x2d7bc136, L:/127.0.0.1:51567 - R:localhost/127.0.0.1:43428] for DELETE '/session/5f8fedee70c0f73be6349b16d3e854c1'
16:13:17.949 [AsyncHttpClient-1-16] DEBUG org.asynchttpclient.netty.handler.HttpHandler - Unexpected I/O exception on channel [id: 0xc47752e5, L:/127.0.0.1:51576 - R:localhost/127.0.0.1:51568]
java.net.SocketException: Connection reset
	at java.base/sun.nio.ch.SocketChannelImpl.throwConnectionReset(SocketChannelImpl.java:367)
	at java.base/sun.nio.ch.SocketChannelImpl.read(SocketChannelImpl.java:398)
	at io.netty.buffer.PooledByteBuf.setBytes(PooledByteBuf.java:259)
	at io.netty.buffer.AbstractByteBuf.writeBytes(AbstractByteBuf.java:1132)
	at io.netty.channel.socket.nio.NioSocketChannel.doReadBytes(NioSocketChannel.java:357)
	at io.netty.channel.nio.AbstractNioByteChannel$NioByteUnsafe.read(AbstractNioByteChannel.java:151)
	at io.netty.channel.nio.NioEventLoop.processSelectedKey(NioEventLoop.java:788)
	at io.netty.channel.nio.NioEventLoop.processSelectedKeysOptimized(NioEventLoop.java:724)
	at io.netty.channel.nio.NioEventLoop.processSelectedKeys(NioEventLoop.java:650)
	at io.netty.channel.nio.NioEventLoop.run(NioEventLoop.java:562)
	at io.netty.util.concurrent.SingleThreadEventExecutor$4.run(SingleThreadEventExecutor.java:997)
	at io.netty.util.internal.ThreadExecutorMap$2.run(ThreadExecutorMap.java:74)
	at io.netty.util.concurrent.FastThreadLocalRunnable.run(FastThreadLocalRunnable.java:30)
	at java.base/java.lang.Thread.run(Thread.java:832)
16:13:17.949 [AsyncHttpClient-1-16] DEBUG org.asynchttpclient.netty.channel.ChannelManager - Closing Channel [id: 0xc47752e5, L:/127.0.0.1:51576 - R:localhost/127.0.0.1:51568] 
16:13:17.949 [AsyncHttpClient-1-16] DEBUG org.asynchttpclient.netty.handler.HttpHandler - Channel Closed: [id: 0xc47752e5, L:/127.0.0.1:51576 ! R:localhost/127.0.0.1:51568] with attribute DISCARD
16:13:17.961 [AsyncHttpClient-1-15] DEBUG org.asynchttpclient.netty.handler.HttpHandler - 

Request DefaultFullHttpRequest(decodeResult: success, version: HTTP/1.1, content: EmptyByteBufBE)
DELETE /session/5f8fedee70c0f73be6349b16d3e854c1 HTTP/1.1
User-Agent: selenium/4.8.1 (java windows)
Content-Type: application/json; charset=utf-8
host: localhost:43428
accept: */*

Response DefaultHttpResponse(decodeResult: success, version: HTTP/1.1)
HTTP/1.1 200 OK
Content-Length: 14
Content-Type: application/json; charset=utf-8
cache-control: no-cache

16:13:17.961 [AsyncHttpClient-1-15] DEBUG org.asynchttpclient.netty.channel.ChannelManager - Adding key: http://localhost:43428 for channel [id: 0x2d7bc136, L:/127.0.0.1:51567 - R:localhost/127.0.0.1:43428]
16:13:18.065 [AsyncHttpClient-1-15] DEBUG org.asynchttpclient.netty.handler.HttpHandler - Channel Closed: [id: 0x2d7bc136, L:/127.0.0.1:51567 ! R:localhost/127.0.0.1:43428] with attribute DISCARD
16:13:18.559 [AsyncHttpClient-1-1] DEBUG org.asynchttpclient.netty.channel.DefaultChannelPool - Entry count for : http://localhost:43428 : 1
16:13:18.559 [AsyncHttpClient-1-1] DEBUG org.asynchttpclient.netty.channel.DefaultChannelPool - Entry count for : http://localhost:51568 : 1
16:13:18.559 [AsyncHttpClient-1-1] DEBUG org.asynchttpclient.netty.channel.DefaultChannelPool - Adding Candidate expired Channel [id: 0x2d7bc136, L:/127.0.0.1:51567 ! R:localhost/127.0.0.1:43428] isIdleTimeoutExpired=false isRemotelyClosed=true isTtlExpired=false
16:13:18.559 [AsyncHttpClient-1-1] DEBUG org.asynchttpclient.netty.channel.DefaultChannelPool - Closing Idle Channel [id: 0x2d7bc136, L:/127.0.0.1:51567 ! R:localhost/127.0.0.1:43428]
16:13:18.559 [AsyncHttpClient-1-1] DEBUG org.asynchttpclient.netty.channel.DefaultChannelPool - Adding Candidate expired Channel [id: 0xc47752e5, L:/127.0.0.1:51576 ! R:localhost/127.0.0.1:51568] isIdleTimeoutExpired=false isRemotelyClosed=true isTtlExpired=false
16:13:18.559 [AsyncHttpClient-1-1] DEBUG org.asynchttpclient.netty.channel.DefaultChannelPool - Closing Idle Channel [id: 0xc47752e5, L:/127.0.0.1:51576 ! R:localhost/127.0.0.1:51568]
16:13:18.559 [AsyncHttpClient-1-1] DEBUG org.asynchttpclient.netty.channel.DefaultChannelPool - Closed 2 connections out of 2 in 0 ms
]]></system-out>
    <system-err><![CDATA[Starting ChromeDriver 111.0.5563.64 (c710e93d5b63b7095afe8c2c17df34408078439d-refs/branch-heads/5563@{#995}) on port 43428
Only local connections are allowed.
Please see https://chromedriver.chromium.org/security-considerations for suggestions on keeping ChromeDriver safe.
ChromeDriver was started successfully.
[1683537189.937][WARNING]: This version of ChromeDriver has not been tested with Chrome version 112.
May 08, 2023 4:13:09 PM org.openqa.selenium.devtools.CdpVersionFinder findNearestMatch
WARNING: Unable to find an exact match for CDP version 112, so returning the closest version found: 110
]]></system-err>
  </testcase>
  <testcase name="Failed to pay when user hasn&apos;t login yet" classname="Transaction" time="7.074">
    <system-out><![CDATA[
Scenario: Failed to pay when user hasn't login yet &amp#27;[90m# src/test/resources/features/5. Transaction.feature:25&amp#27;[0m
16:13:18.586 [main] DEBUG io.cucumber.core.plugin.SerenityReporter - Running feature from file:///C:/Users/WINDOWS%2010/Documents/GitHub/MiniProject_QE/Web/code/minpro/src/test/resources/features/5.%20Transaction.feature
16:13:18.589 [main] INFO  - 
  _____   ___   ___   _____     ___   _____     _     ___   _____   ___   ___  
 |_   _| | __| / __| |_   _|   / __| |_   _|   /_\   | _ \ |_   _| | __| |   \ 
   | |   | _|  \__ \   | |     \__ \   | |    / _ \  |   /   | |   | _|  | |) |
   |_|   |___| |___/   |_|     |___/   |_|   /_/ \_\ |_|_\   |_|   |___| |___/ 

Failed to pay when user hasn't login yet(transaction;failed-to-pay-when-user-hasn-t-login-yet)
--------------------------------------------------------------------------------
16:13:18.619 [main] DEBUG net.thucydides.core.steps.StepInterceptor - STARTING STEP: CategorySteps.goToHomePage - openPage
16:13:18.667 [main] INFO net.serenitybdd.core.webdriver.driverproviders.ChromeDriverProvider - Starting Chrome driver instance with capabilities:
16:13:18.667 [main] INFO net.serenitybdd.core.webdriver.driverproviders.ChromeDriverProvider - Capabilities {acceptInsecureCerts: false, browserName: chrome, goog:chromeOptions: {args: [remote-allow-origins=*], extensions: []}}
16:13:18.744 [AsyncHttpClient-1-18] DEBUG org.asynchttpclient.netty.channel.NettyConnectListener - Using new Channel '[id: 0x6340ce8b, L:/127.0.0.1:51610 - R:localhost/127.0.0.1:22774]' for 'POST' to '/session'
16:13:19.413 [AsyncHttpClient-1-18] DEBUG org.asynchttpclient.netty.handler.HttpHandler - 

Request DefaultHttpRequest(decodeResult: success, version: HTTP/1.1)
POST /session HTTP/1.1
User-Agent: selenium/4.8.1 (java windows)
Content-Length: 507
Content-Type: application/json; charset=utf-8
host: localhost:22774
accept: */*

Response DefaultHttpResponse(decodeResult: success, version: HTTP/1.1)
HTTP/1.1 200 OK
Content-Length: 863
Content-Type: application/json; charset=utf-8
cache-control: no-cache

16:13:19.413 [AsyncHttpClient-1-18] DEBUG org.asynchttpclient.netty.channel.ChannelManager - Adding key: http://localhost:22774 for channel [id: 0x6340ce8b, L:/127.0.0.1:51610 - R:localhost/127.0.0.1:22774]
16:13:19.418 [AsyncHttpClient-1-19] DEBUG org.asynchttpclient.netty.channel.NettyConnectListener - Using new Channel '[id: 0xe8188aba, L:/127.0.0.1:51617 - R:localhost/127.0.0.1:51611]' for 'GET' to '/json/version'
16:13:19.418 [AsyncHttpClient-1-19] DEBUG org.asynchttpclient.netty.handler.HttpHandler - 

Request DefaultFullHttpRequest(decodeResult: success, version: HTTP/1.1, content: EmptyByteBufBE)
GET /json/version HTTP/1.1
User-Agent: selenium/4.8.1 (java windows)
host: localhost:51611
accept: */*

Response DefaultHttpResponse(decodeResult: success, version: HTTP/1.1)
HTTP/1.1 200 OK
Content-Security-Policy: frame-ancestors 'none'
Content-Length: 424
Content-Type: application/json; charset=UTF-8

16:13:19.418 [AsyncHttpClient-1-19] DEBUG org.asynchttpclient.netty.channel.ChannelManager - Adding key: http://localhost:51611 for channel [id: 0xe8188aba, L:/127.0.0.1:51617 - R:localhost/127.0.0.1:51611]
16:13:19.420 [AsyncHttpClient-1-20] DEBUG org.asynchttpclient.netty.channel.NettyConnectListener - Using new Channel '[id: 0xe32e0bef, L:/127.0.0.1:51618 - R:localhost/127.0.0.1:51611]' for 'GET' to '/devtools/browser/6d9bb31d-0edb-4824-9c05-a998f5d01ed0'
16:13:19.420 [AsyncHttpClient-1-20] DEBUG org.asynchttpclient.netty.handler.WebSocketHandler - 

Request DefaultFullHttpRequest(decodeResult: success, version: HTTP/1.1, content: EmptyByteBufBE)
GET /devtools/browser/6d9bb31d-0edb-4824-9c05-a998f5d01ed0 HTTP/1.1
upgrade: websocket
connection: upgrade
sec-websocket-key: 2gVsjY4AfeJGt/orAlHzMg==
sec-websocket-version: 13
origin: http://localhost:51611
host: localhost:51611
accept: */*
user-agent: AHC/2.1

Response DefaultHttpResponse(decodeResult: success, version: HTTP/1.1)
HTTP/1.1 101 WebSocket Protocol Handshake
Upgrade: WebSocket
Connection: Upgrade
Sec-WebSocket-Accept: SL7AvSCtl38LNPpnYwE8eEr4BTk=

16:13:19.422 [Forwarding get on session 51de8bef4abd9eefa5de0041c38702ae to remote] DEBUG org.asynchttpclient.netty.request.NettyRequestSender - Using pooled Channel '[id: 0x6340ce8b, L:/127.0.0.1:51610 - R:localhost/127.0.0.1:22774]' for 'POST' to 'http://localhost:22774/session/51de8bef4abd9eefa5de0041c38702ae/url'
16:13:19.422 [Forwarding get on session 51de8bef4abd9eefa5de0041c38702ae to remote] DEBUG org.asynchttpclient.netty.request.NettyRequestSender - Using open Channel [id: 0x6340ce8b, L:/127.0.0.1:51610 - R:localhost/127.0.0.1:22774] for POST '/session/51de8bef4abd9eefa5de0041c38702ae/url'
16:13:19.656 [AsyncHttpClient-1-1] DEBUG org.asynchttpclient.netty.channel.DefaultChannelPool - Entry count for : http://localhost:51611 : 1
16:13:20.758 [AsyncHttpClient-1-1] DEBUG org.asynchttpclient.netty.channel.DefaultChannelPool - Entry count for : http://localhost:51611 : 1
16:13:21.858 [AsyncHttpClient-1-1] DEBUG org.asynchttpclient.netty.channel.DefaultChannelPool - Entry count for : http://localhost:51611 : 1
16:13:22.055 [AsyncHttpClient-1-18] DEBUG org.asynchttpclient.netty.handler.HttpHandler - 

Request DefaultHttpRequest(decodeResult: success, version: HTTP/1.1)
POST /session/51de8bef4abd9eefa5de0041c38702ae/url HTTP/1.1
User-Agent: selenium/4.8.1 (java windows)
Content-Length: 74
Content-Type: application/json; charset=utf-8
host: localhost:22774
accept: */*

Response DefaultHttpResponse(decodeResult: success, version: HTTP/1.1)
HTTP/1.1 200 OK
Content-Length: 14
Content-Type: application/json; charset=utf-8
cache-control: no-cache

16:13:22.055 [AsyncHttpClient-1-18] DEBUG org.asynchttpclient.netty.channel.ChannelManager - Adding key: http://localhost:22774 for channel [id: 0x6340ce8b, L:/127.0.0.1:51610 - R:localhost/127.0.0.1:22774]
16:13:22.056 [Forwarding setTimeout on session 51de8bef4abd9eefa5de0041c38702ae to remote] DEBUG org.asynchttpclient.netty.request.NettyRequestSender - Using pooled Channel '[id: 0x6340ce8b, L:/127.0.0.1:51610 - R:localhost/127.0.0.1:22774]' for 'POST' to 'http://localhost:22774/session/51de8bef4abd9eefa5de0041c38702ae/timeouts'
16:13:22.056 [Forwarding setTimeout on session 51de8bef4abd9eefa5de0041c38702ae to remote] DEBUG org.asynchttpclient.netty.request.NettyRequestSender - Using open Channel [id: 0x6340ce8b, L:/127.0.0.1:51610 - R:localhost/127.0.0.1:22774] for POST '/session/51de8bef4abd9eefa5de0041c38702ae/timeouts'
16:13:22.056 [AsyncHttpClient-1-18] DEBUG org.asynchttpclient.netty.handler.HttpHandler - 

Request DefaultHttpRequest(decodeResult: success, version: HTTP/1.1)
POST /session/51de8bef4abd9eefa5de0041c38702ae/timeouts HTTP/1.1
User-Agent: selenium/4.8.1 (java windows)
Content-Length: 22
Content-Type: application/json; charset=utf-8
host: localhost:22774
accept: */*

Response DefaultHttpResponse(decodeResult: success, version: HTTP/1.1)
HTTP/1.1 200 OK
Content-Length: 14
Content-Type: application/json; charset=utf-8
cache-control: no-cache

16:13:22.057 [AsyncHttpClient-1-18] DEBUG org.asynchttpclient.netty.channel.ChannelManager - Adding key: http://localhost:22774 for channel [id: 0x6340ce8b, L:/127.0.0.1:51610 - R:localhost/127.0.0.1:22774]
16:13:22.060 [Forwarding getAlertText on session 51de8bef4abd9eefa5de0041c38702ae to remote] DEBUG org.asynchttpclient.netty.request.NettyRequestSender - Using pooled Channel '[id: 0x6340ce8b, L:/127.0.0.1:51610 - R:localhost/127.0.0.1:22774]' for 'GET' to 'http://localhost:22774/session/51de8bef4abd9eefa5de0041c38702ae/alert/text'
16:13:22.060 [Forwarding getAlertText on session 51de8bef4abd9eefa5de0041c38702ae to remote] DEBUG org.asynchttpclient.netty.request.NettyRequestSender - Using open Channel [id: 0x6340ce8b, L:/127.0.0.1:51610 - R:localhost/127.0.0.1:22774] for GET '/session/51de8bef4abd9eefa5de0041c38702ae/alert/text'
16:13:22.062 [AsyncHttpClient-1-18] DEBUG org.asynchttpclient.netty.handler.HttpHandler - 

Request DefaultFullHttpRequest(decodeResult: success, version: HTTP/1.1, content: EmptyByteBufBE)
GET /session/51de8bef4abd9eefa5de0041c38702ae/alert/text HTTP/1.1
User-Agent: selenium/4.8.1 (java windows)
Cache-Control: no-cache
Content-Type: application/json; charset=utf-8
host: localhost:22774
accept: */*

Response DefaultHttpResponse(decodeResult: success, version: HTTP/1.1)
HTTP/1.1 404 Not Found
Content-Length: 836
Content-Type: application/json; charset=utf-8
cache-control: no-cache

16:13:22.062 [AsyncHttpClient-1-18] DEBUG org.asynchttpclient.netty.channel.ChannelManager - Adding key: http://localhost:22774 for channel [id: 0x6340ce8b, L:/127.0.0.1:51610 - R:localhost/127.0.0.1:22774]
16:13:22.062 [Forwarding getCurrentUrl on session 51de8bef4abd9eefa5de0041c38702ae to remote] DEBUG org.asynchttpclient.netty.request.NettyRequestSender - Using pooled Channel '[id: 0x6340ce8b, L:/127.0.0.1:51610 - R:localhost/127.0.0.1:22774]' for 'GET' to 'http://localhost:22774/session/51de8bef4abd9eefa5de0041c38702ae/url'
16:13:22.062 [Forwarding getCurrentUrl on session 51de8bef4abd9eefa5de0041c38702ae to remote] DEBUG org.asynchttpclient.netty.request.NettyRequestSender - Using open Channel [id: 0x6340ce8b, L:/127.0.0.1:51610 - R:localhost/127.0.0.1:22774] for GET '/session/51de8bef4abd9eefa5de0041c38702ae/url'
16:13:22.067 [AsyncHttpClient-1-18] DEBUG org.asynchttpclient.netty.handler.HttpHandler - 

Request DefaultFullHttpRequest(decodeResult: success, version: HTTP/1.1, content: EmptyByteBufBE)
GET /session/51de8bef4abd9eefa5de0041c38702ae/url HTTP/1.1
User-Agent: selenium/4.8.1 (java windows)
Cache-Control: no-cache
Content-Type: application/json; charset=utf-8
host: localhost:22774
accept: */*

Response DefaultHttpResponse(decodeResult: success, version: HTTP/1.1)
HTTP/1.1 200 OK
Content-Length: 51
Content-Type: application/json; charset=utf-8
cache-control: no-cache

16:13:22.067 [AsyncHttpClient-1-18] DEBUG org.asynchttpclient.netty.channel.ChannelManager - Adding key: http://localhost:22774 for channel [id: 0x6340ce8b, L:/127.0.0.1:51610 - R:localhost/127.0.0.1:22774]
16:13:22.067 [Forwarding screenshot on session 51de8bef4abd9eefa5de0041c38702ae to remote] DEBUG org.asynchttpclient.netty.request.NettyRequestSender - Using pooled Channel '[id: 0x6340ce8b, L:/127.0.0.1:51610 - R:localhost/127.0.0.1:22774]' for 'GET' to 'http://localhost:22774/session/51de8bef4abd9eefa5de0041c38702ae/screenshot'
16:13:22.067 [Forwarding screenshot on session 51de8bef4abd9eefa5de0041c38702ae to remote] DEBUG org.asynchttpclient.netty.request.NettyRequestSender - Using open Channel [id: 0x6340ce8b, L:/127.0.0.1:51610 - R:localhost/127.0.0.1:22774] for GET '/session/51de8bef4abd9eefa5de0041c38702ae/screenshot'
16:13:22.136 [AsyncHttpClient-1-18] DEBUG org.asynchttpclient.netty.handler.HttpHandler - 

Request DefaultFullHttpRequest(decodeResult: success, version: HTTP/1.1, content: EmptyByteBufBE)
GET /session/51de8bef4abd9eefa5de0041c38702ae/screenshot HTTP/1.1
User-Agent: selenium/4.8.1 (java windows)
Cache-Control: no-cache
Content-Type: application/json; charset=utf-8
host: localhost:22774
accept: */*

Response DefaultHttpResponse(decodeResult: success, version: HTTP/1.1)
HTTP/1.1 200 OK
Content-Length: 25208
Content-Type: application/json; charset=utf-8
cache-control: no-cache

16:13:22.136 [AsyncHttpClient-1-18] DEBUG org.asynchttpclient.netty.channel.ChannelManager - Adding key: http://localhost:22774 for channel [id: 0x6340ce8b, L:/127.0.0.1:51610 - R:localhost/127.0.0.1:22774]
16:13:22.137 [main] DEBUG net.serenitybdd.core.photography.Darkroom - Send negative for processing for target\site\serenity\edb14d4aab401efa0e4fb99861e6ffcafebc86a67b69f7828890b9910ed2ddbd.png
16:13:22.137 [main] DEBUG net.thucydides.core.steps.StepInterceptor - STEP DONE: openPage
16:13:22.140 [Forwarding getPageSource on session 51de8bef4abd9eefa5de0041c38702ae to remote] DEBUG org.asynchttpclient.netty.request.NettyRequestSender - Using pooled Channel '[id: 0x6340ce8b, L:/127.0.0.1:51610 - R:localhost/127.0.0.1:22774]' for 'POST' to 'http://localhost:22774/session/51de8bef4abd9eefa5de0041c38702ae/execute/sync'
16:13:22.140 [Forwarding getPageSource on session 51de8bef4abd9eefa5de0041c38702ae to remote] DEBUG org.asynchttpclient.netty.request.NettyRequestSender - Using open Channel [id: 0x6340ce8b, L:/127.0.0.1:51610 - R:localhost/127.0.0.1:22774] for POST '/session/51de8bef4abd9eefa5de0041c38702ae/execute/sync'
16:13:22.145 [AsyncHttpClient-1-18] DEBUG org.asynchttpclient.netty.handler.HttpHandler - 

Request DefaultHttpRequest(decodeResult: success, version: HTTP/1.1)
POST /session/51de8bef4abd9eefa5de0041c38702ae/execute/sync HTTP/1.1
User-Agent: selenium/4.8.1 (java windows)
Content-Length: 176
Content-Type: application/json; charset=utf-8
host: localhost:22774
accept: */*

Response DefaultHttpResponse(decodeResult: success, version: HTTP/1.1)
HTTP/1.1 200 OK
Content-Length: 21659
Content-Type: application/json; charset=utf-8
cache-control: no-cache

16:13:22.145 [AsyncHttpClient-1-18] DEBUG org.asynchttpclient.netty.channel.ChannelManager - Adding key: http://localhost:22774 for channel [id: 0x6340ce8b, L:/127.0.0.1:51610 - R:localhost/127.0.0.1:22774]
16:13:22.146 [Forwarding getCurrentUrl on session 51de8bef4abd9eefa5de0041c38702ae to remote] DEBUG org.asynchttpclient.netty.request.NettyRequestSender - Using pooled Channel '[id: 0x6340ce8b, L:/127.0.0.1:51610 - R:localhost/127.0.0.1:22774]' for 'GET' to 'http://localhost:22774/session/51de8bef4abd9eefa5de0041c38702ae/url'
16:13:22.146 [Forwarding getCurrentUrl on session 51de8bef4abd9eefa5de0041c38702ae to remote] DEBUG org.asynchttpclient.netty.request.NettyRequestSender - Using open Channel [id: 0x6340ce8b, L:/127.0.0.1:51610 - R:localhost/127.0.0.1:22774] for GET '/session/51de8bef4abd9eefa5de0041c38702ae/url'
16:13:22.149 [AsyncHttpClient-1-18] DEBUG org.asynchttpclient.netty.handler.HttpHandler - 

Request DefaultFullHttpRequest(decodeResult: success, version: HTTP/1.1, content: EmptyByteBufBE)
GET /session/51de8bef4abd9eefa5de0041c38702ae/url HTTP/1.1
User-Agent: selenium/4.8.1 (java windows)
Cache-Control: no-cache
Content-Type: application/json; charset=utf-8
host: localhost:22774
accept: */*

Response DefaultHttpResponse(decodeResult: success, version: HTTP/1.1)
HTTP/1.1 200 OK
Content-Length: 51
Content-Type: application/json; charset=utf-8
cache-control: no-cache

16:13:22.149 [AsyncHttpClient-1-18] DEBUG org.asynchttpclient.netty.channel.ChannelManager - Adding key: http://localhost:22774 for channel [id: 0x6340ce8b, L:/127.0.0.1:51610 - R:localhost/127.0.0.1:22774]
16:13:22.151 [main] DEBUG net.thucydides.core.steps.StepInterceptor - STARTING STEP: CategorySteps.goToHomePage - clickToolbarTitle
16:13:22.152 [Forwarding findElement on session 51de8bef4abd9eefa5de0041c38702ae to remote] DEBUG org.asynchttpclient.netty.request.NettyRequestSender - Using pooled Channel '[id: 0x6340ce8b, L:/127.0.0.1:51610 - R:localhost/127.0.0.1:22774]' for 'POST' to 'http://localhost:22774/session/51de8bef4abd9eefa5de0041c38702ae/element'
16:13:22.152 [Forwarding findElement on session 51de8bef4abd9eefa5de0041c38702ae to remote] DEBUG org.asynchttpclient.netty.request.NettyRequestSender - Using open Channel [id: 0x6340ce8b, L:/127.0.0.1:51610 - R:localhost/127.0.0.1:22774] for POST '/session/51de8bef4abd9eefa5de0041c38702ae/element'
16:13:22.160 [AsyncHttpClient-1-18] DEBUG org.asynchttpclient.netty.handler.HttpHandler - 

Request DefaultHttpRequest(decodeResult: success, version: HTTP/1.1)
POST /session/51de8bef4abd9eefa5de0041c38702ae/element HTTP/1.1
User-Agent: selenium/4.8.1 (java windows)
Content-Length: 63
Content-Type: application/json; charset=utf-8
host: localhost:22774
accept: */*

Response DefaultHttpResponse(decodeResult: success, version: HTTP/1.1)
HTTP/1.1 200 OK
Content-Length: 88
Content-Type: application/json; charset=utf-8
cache-control: no-cache

16:13:22.161 [AsyncHttpClient-1-18] DEBUG org.asynchttpclient.netty.channel.ChannelManager - Adding key: http://localhost:22774 for channel [id: 0x6340ce8b, L:/127.0.0.1:51610 - R:localhost/127.0.0.1:22774]
16:13:22.161 [Forwarding getElementTagName on session 51de8bef4abd9eefa5de0041c38702ae to remote] DEBUG org.asynchttpclient.netty.request.NettyRequestSender - Using pooled Channel '[id: 0x6340ce8b, L:/127.0.0.1:51610 - R:localhost/127.0.0.1:22774]' for 'GET' to 'http://localhost:22774/session/51de8bef4abd9eefa5de0041c38702ae/element/576a5066-b0ff-4ff0-a3a5-a40159704263/name'
16:13:22.161 [Forwarding getElementTagName on session 51de8bef4abd9eefa5de0041c38702ae to remote] DEBUG org.asynchttpclient.netty.request.NettyRequestSender - Using open Channel [id: 0x6340ce8b, L:/127.0.0.1:51610 - R:localhost/127.0.0.1:22774] for GET '/session/51de8bef4abd9eefa5de0041c38702ae/element/576a5066-b0ff-4ff0-a3a5-a40159704263/name'
16:13:22.164 [AsyncHttpClient-1-18] DEBUG org.asynchttpclient.netty.handler.HttpHandler - 

Request DefaultFullHttpRequest(decodeResult: success, version: HTTP/1.1, content: EmptyByteBufBE)
GET /session/51de8bef4abd9eefa5de0041c38702ae/element/576a5066-b0ff-4ff0-a3a5-a40159704263/name HTTP/1.1
User-Agent: selenium/4.8.1 (java windows)
Cache-Control: no-cache
Content-Type: application/json; charset=utf-8
host: localhost:22774
accept: */*

Response DefaultHttpResponse(decodeResult: success, version: HTTP/1.1)
HTTP/1.1 200 OK
Content-Length: 15
Content-Type: application/json; charset=utf-8
cache-control: no-cache

16:13:22.164 [AsyncHttpClient-1-18] DEBUG org.asynchttpclient.netty.channel.ChannelManager - Adding key: http://localhost:22774 for channel [id: 0x6340ce8b, L:/127.0.0.1:51610 - R:localhost/127.0.0.1:22774]
16:13:22.165 [Forwarding getElementTagName on session 51de8bef4abd9eefa5de0041c38702ae to remote] DEBUG org.asynchttpclient.netty.request.NettyRequestSender - Using pooled Channel '[id: 0x6340ce8b, L:/127.0.0.1:51610 - R:localhost/127.0.0.1:22774]' for 'GET' to 'http://localhost:22774/session/51de8bef4abd9eefa5de0041c38702ae/element/576a5066-b0ff-4ff0-a3a5-a40159704263/name'
16:13:22.165 [Forwarding getElementTagName on session 51de8bef4abd9eefa5de0041c38702ae to remote] DEBUG org.asynchttpclient.netty.request.NettyRequestSender - Using open Channel [id: 0x6340ce8b, L:/127.0.0.1:51610 - R:localhost/127.0.0.1:22774] for GET '/session/51de8bef4abd9eefa5de0041c38702ae/element/576a5066-b0ff-4ff0-a3a5-a40159704263/name'
16:13:22.166 [AsyncHttpClient-1-18] DEBUG org.asynchttpclient.netty.handler.HttpHandler - 

Request DefaultFullHttpRequest(decodeResult: success, version: HTTP/1.1, content: EmptyByteBufBE)
GET /session/51de8bef4abd9eefa5de0041c38702ae/element/576a5066-b0ff-4ff0-a3a5-a40159704263/name HTTP/1.1
User-Agent: selenium/4.8.1 (java windows)
Cache-Control: no-cache
Content-Type: application/json; charset=utf-8
host: localhost:22774
accept: */*

Response DefaultHttpResponse(decodeResult: success, version: HTTP/1.1)
HTTP/1.1 200 OK
Content-Length: 15
Content-Type: application/json; charset=utf-8
cache-control: no-cache

16:13:22.166 [AsyncHttpClient-1-18] DEBUG org.asynchttpclient.netty.channel.ChannelManager - Adding key: http://localhost:22774 for channel [id: 0x6340ce8b, L:/127.0.0.1:51610 - R:localhost/127.0.0.1:22774]
16:13:22.167 [Forwarding findElement on session 51de8bef4abd9eefa5de0041c38702ae to remote] DEBUG org.asynchttpclient.netty.request.NettyRequestSender - Using pooled Channel '[id: 0x6340ce8b, L:/127.0.0.1:51610 - R:localhost/127.0.0.1:22774]' for 'POST' to 'http://localhost:22774/session/51de8bef4abd9eefa5de0041c38702ae/element'
16:13:22.167 [Forwarding findElement on session 51de8bef4abd9eefa5de0041c38702ae to remote] DEBUG org.asynchttpclient.netty.request.NettyRequestSender - Using open Channel [id: 0x6340ce8b, L:/127.0.0.1:51610 - R:localhost/127.0.0.1:22774] for POST '/session/51de8bef4abd9eefa5de0041c38702ae/element'
16:13:22.172 [AsyncHttpClient-1-18] DEBUG org.asynchttpclient.netty.handler.HttpHandler - 

Request DefaultHttpRequest(decodeResult: success, version: HTTP/1.1)
POST /session/51de8bef4abd9eefa5de0041c38702ae/element HTTP/1.1
User-Agent: selenium/4.8.1 (java windows)
Content-Length: 63
Content-Type: application/json; charset=utf-8
host: localhost:22774
accept: */*

Response DefaultHttpResponse(decodeResult: success, version: HTTP/1.1)
HTTP/1.1 200 OK
Content-Length: 88
Content-Type: application/json; charset=utf-8
cache-control: no-cache

16:13:22.172 [AsyncHttpClient-1-18] DEBUG org.asynchttpclient.netty.channel.ChannelManager - Adding key: http://localhost:22774 for channel [id: 0x6340ce8b, L:/127.0.0.1:51610 - R:localhost/127.0.0.1:22774]
16:13:22.172 [Forwarding clickElement on session 51de8bef4abd9eefa5de0041c38702ae to remote] DEBUG org.asynchttpclient.netty.request.NettyRequestSender - Using pooled Channel '[id: 0x6340ce8b, L:/127.0.0.1:51610 - R:localhost/127.0.0.1:22774]' for 'POST' to 'http://localhost:22774/session/51de8bef4abd9eefa5de0041c38702ae/element/576a5066-b0ff-4ff0-a3a5-a40159704263/click'
16:13:22.172 [Forwarding clickElement on session 51de8bef4abd9eefa5de0041c38702ae to remote] DEBUG org.asynchttpclient.netty.request.NettyRequestSender - Using open Channel [id: 0x6340ce8b, L:/127.0.0.1:51610 - R:localhost/127.0.0.1:22774] for POST '/session/51de8bef4abd9eefa5de0041c38702ae/element/576a5066-b0ff-4ff0-a3a5-a40159704263/click'
16:13:22.219 [AsyncHttpClient-1-18] DEBUG org.asynchttpclient.netty.handler.HttpHandler - 

Request DefaultHttpRequest(decodeResult: success, version: HTTP/1.1)
POST /session/51de8bef4abd9eefa5de0041c38702ae/element/576a5066-b0ff-4ff0-a3a5-a40159704263/click HTTP/1.1
User-Agent: selenium/4.8.1 (java windows)
Content-Length: 50
Content-Type: application/json; charset=utf-8
host: localhost:22774
accept: */*

Response DefaultHttpResponse(decodeResult: success, version: HTTP/1.1)
HTTP/1.1 200 OK
Content-Length: 14
Content-Type: application/json; charset=utf-8
cache-control: no-cache

16:13:22.219 [AsyncHttpClient-1-18] DEBUG org.asynchttpclient.netty.channel.ChannelManager - Adding key: http://localhost:22774 for channel [id: 0x6340ce8b, L:/127.0.0.1:51610 - R:localhost/127.0.0.1:22774]
16:13:22.223 [Forwarding getAlertText on session 51de8bef4abd9eefa5de0041c38702ae to remote] DEBUG org.asynchttpclient.netty.request.NettyRequestSender - Using pooled Channel '[id: 0x6340ce8b, L:/127.0.0.1:51610 - R:localhost/127.0.0.1:22774]' for 'GET' to 'http://localhost:22774/session/51de8bef4abd9eefa5de0041c38702ae/alert/text'
16:13:22.223 [Forwarding getAlertText on session 51de8bef4abd9eefa5de0041c38702ae to remote] DEBUG org.asynchttpclient.netty.request.NettyRequestSender - Using open Channel [id: 0x6340ce8b, L:/127.0.0.1:51610 - R:localhost/127.0.0.1:22774] for GET '/session/51de8bef4abd9eefa5de0041c38702ae/alert/text'
16:13:22.224 [AsyncHttpClient-1-18] DEBUG org.asynchttpclient.netty.handler.HttpHandler - 

Request DefaultFullHttpRequest(decodeResult: success, version: HTTP/1.1, content: EmptyByteBufBE)
GET /session/51de8bef4abd9eefa5de0041c38702ae/alert/text HTTP/1.1
User-Agent: selenium/4.8.1 (java windows)
Cache-Control: no-cache
Content-Type: application/json; charset=utf-8
host: localhost:22774
accept: */*

Response DefaultHttpResponse(decodeResult: success, version: HTTP/1.1)
HTTP/1.1 404 Not Found
Content-Length: 836
Content-Type: application/json; charset=utf-8
cache-control: no-cache

16:13:22.224 [AsyncHttpClient-1-18] DEBUG org.asynchttpclient.netty.channel.ChannelManager - Adding key: http://localhost:22774 for channel [id: 0x6340ce8b, L:/127.0.0.1:51610 - R:localhost/127.0.0.1:22774]
16:13:22.225 [Forwarding getCurrentUrl on session 51de8bef4abd9eefa5de0041c38702ae to remote] DEBUG org.asynchttpclient.netty.request.NettyRequestSender - Using pooled Channel '[id: 0x6340ce8b, L:/127.0.0.1:51610 - R:localhost/127.0.0.1:22774]' for 'GET' to 'http://localhost:22774/session/51de8bef4abd9eefa5de0041c38702ae/url'
16:13:22.225 [Forwarding getCurrentUrl on session 51de8bef4abd9eefa5de0041c38702ae to remote] DEBUG org.asynchttpclient.netty.request.NettyRequestSender - Using open Channel [id: 0x6340ce8b, L:/127.0.0.1:51610 - R:localhost/127.0.0.1:22774] for GET '/session/51de8bef4abd9eefa5de0041c38702ae/url'
16:13:22.229 [AsyncHttpClient-1-18] DEBUG org.asynchttpclient.netty.handler.HttpHandler - 

Request DefaultFullHttpRequest(decodeResult: success, version: HTTP/1.1, content: EmptyByteBufBE)
GET /session/51de8bef4abd9eefa5de0041c38702ae/url HTTP/1.1
User-Agent: selenium/4.8.1 (java windows)
Cache-Control: no-cache
Content-Type: application/json; charset=utf-8
host: localhost:22774
accept: */*

Response DefaultHttpResponse(decodeResult: success, version: HTTP/1.1)
HTTP/1.1 200 OK
Content-Length: 41
Content-Type: application/json; charset=utf-8
cache-control: no-cache

16:13:22.229 [AsyncHttpClient-1-18] DEBUG org.asynchttpclient.netty.channel.ChannelManager - Adding key: http://localhost:22774 for channel [id: 0x6340ce8b, L:/127.0.0.1:51610 - R:localhost/127.0.0.1:22774]
16:13:22.229 [Forwarding screenshot on session 51de8bef4abd9eefa5de0041c38702ae to remote] DEBUG org.asynchttpclient.netty.request.NettyRequestSender - Using pooled Channel '[id: 0x6340ce8b, L:/127.0.0.1:51610 - R:localhost/127.0.0.1:22774]' for 'GET' to 'http://localhost:22774/session/51de8bef4abd9eefa5de0041c38702ae/screenshot'
16:13:22.229 [Forwarding screenshot on session 51de8bef4abd9eefa5de0041c38702ae to remote] DEBUG org.asynchttpclient.netty.request.NettyRequestSender - Using open Channel [id: 0x6340ce8b, L:/127.0.0.1:51610 - R:localhost/127.0.0.1:22774] for GET '/session/51de8bef4abd9eefa5de0041c38702ae/screenshot'
16:13:22.369 [AsyncHttpClient-1-18] DEBUG org.asynchttpclient.netty.handler.HttpHandler - 

Request DefaultFullHttpRequest(decodeResult: success, version: HTTP/1.1, content: EmptyByteBufBE)
GET /session/51de8bef4abd9eefa5de0041c38702ae/screenshot HTTP/1.1
User-Agent: selenium/4.8.1 (java windows)
Cache-Control: no-cache
Content-Type: application/json; charset=utf-8
host: localhost:22774
accept: */*

Response DefaultHttpResponse(decodeResult: success, version: HTTP/1.1)
HTTP/1.1 200 OK
Content-Length: 25928
Content-Type: application/json; charset=utf-8
cache-control: no-cache

16:13:22.369 [AsyncHttpClient-1-18] DEBUG org.asynchttpclient.netty.channel.ChannelManager - Adding key: http://localhost:22774 for channel [id: 0x6340ce8b, L:/127.0.0.1:51610 - R:localhost/127.0.0.1:22774]
16:13:22.370 [main] DEBUG net.serenitybdd.core.photography.Darkroom - Send negative for processing for target\site\serenity\f6e7f8719a0f50fbd43964be48aa46b3bb709f4aaa98ed5fdea66cdb65143162.png
16:13:22.370 [main] DEBUG net.thucydides.core.steps.StepInterceptor - STEP DONE: clickToolbarTitle
  &amp#27;[32mGiven &amp#27;[0m&amp#27;[32mI go to the alta shop home page&amp#27;[0m            &amp#27;[90m# starter.stepdefinitions.CategorySteps.goToHomePage()&amp#27;[0m
16:13:22.381 [Forwarding getPageSource on session 51de8bef4abd9eefa5de0041c38702ae to remote] DEBUG org.asynchttpclient.netty.request.NettyRequestSender - Using pooled Channel '[id: 0x6340ce8b, L:/127.0.0.1:51610 - R:localhost/127.0.0.1:22774]' for 'POST' to 'http://localhost:22774/session/51de8bef4abd9eefa5de0041c38702ae/execute/sync'
16:13:22.381 [Forwarding getPageSource on session 51de8bef4abd9eefa5de0041c38702ae to remote] DEBUG org.asynchttpclient.netty.request.NettyRequestSender - Using open Channel [id: 0x6340ce8b, L:/127.0.0.1:51610 - R:localhost/127.0.0.1:22774] for POST '/session/51de8bef4abd9eefa5de0041c38702ae/execute/sync'
16:13:22.389 [AsyncHttpClient-1-18] DEBUG org.asynchttpclient.netty.handler.HttpHandler - 

Request DefaultHttpRequest(decodeResult: success, version: HTTP/1.1)
POST /session/51de8bef4abd9eefa5de0041c38702ae/execute/sync HTTP/1.1
User-Agent: selenium/4.8.1 (java windows)
Content-Length: 176
Content-Type: application/json; charset=utf-8
host: localhost:22774
accept: */*

Response DefaultHttpResponse(decodeResult: success, version: HTTP/1.1)
HTTP/1.1 200 OK
Content-Length: 28688
Content-Type: application/json; charset=utf-8
cache-control: no-cache

16:13:22.389 [AsyncHttpClient-1-18] DEBUG org.asynchttpclient.netty.channel.ChannelManager - Adding key: http://localhost:22774 for channel [id: 0x6340ce8b, L:/127.0.0.1:51610 - R:localhost/127.0.0.1:22774]
16:13:22.392 [Forwarding getCurrentUrl on session 51de8bef4abd9eefa5de0041c38702ae to remote] DEBUG org.asynchttpclient.netty.request.NettyRequestSender - Using pooled Channel '[id: 0x6340ce8b, L:/127.0.0.1:51610 - R:localhost/127.0.0.1:22774]' for 'GET' to 'http://localhost:22774/session/51de8bef4abd9eefa5de0041c38702ae/url'
16:13:22.392 [Forwarding getCurrentUrl on session 51de8bef4abd9eefa5de0041c38702ae to remote] DEBUG org.asynchttpclient.netty.request.NettyRequestSender - Using open Channel [id: 0x6340ce8b, L:/127.0.0.1:51610 - R:localhost/127.0.0.1:22774] for GET '/session/51de8bef4abd9eefa5de0041c38702ae/url'
16:13:22.398 [AsyncHttpClient-1-18] DEBUG org.asynchttpclient.netty.handler.HttpHandler - 

Request DefaultFullHttpRequest(decodeResult: success, version: HTTP/1.1, content: EmptyByteBufBE)
GET /session/51de8bef4abd9eefa5de0041c38702ae/url HTTP/1.1
User-Agent: selenium/4.8.1 (java windows)
Cache-Control: no-cache
Content-Type: application/json; charset=utf-8
host: localhost:22774
accept: */*

Response DefaultHttpResponse(decodeResult: success, version: HTTP/1.1)
HTTP/1.1 200 OK
Content-Length: 41
Content-Type: application/json; charset=utf-8
cache-control: no-cache

16:13:22.398 [AsyncHttpClient-1-18] DEBUG org.asynchttpclient.netty.channel.ChannelManager - Adding key: http://localhost:22774 for channel [id: 0x6340ce8b, L:/127.0.0.1:51610 - R:localhost/127.0.0.1:22774]
16:13:22.475 [Forwarding getAlertText on session 51de8bef4abd9eefa5de0041c38702ae to remote] DEBUG org.asynchttpclient.netty.request.NettyRequestSender - Using pooled Channel '[id: 0x6340ce8b, L:/127.0.0.1:51610 - R:localhost/127.0.0.1:22774]' for 'GET' to 'http://localhost:22774/session/51de8bef4abd9eefa5de0041c38702ae/alert/text'
16:13:22.475 [Forwarding getAlertText on session 51de8bef4abd9eefa5de0041c38702ae to remote] DEBUG org.asynchttpclient.netty.request.NettyRequestSender - Using open Channel [id: 0x6340ce8b, L:/127.0.0.1:51610 - R:localhost/127.0.0.1:22774] for GET '/session/51de8bef4abd9eefa5de0041c38702ae/alert/text'
16:13:22.480 [AsyncHttpClient-1-18] DEBUG org.asynchttpclient.netty.handler.HttpHandler - 

Request DefaultFullHttpRequest(decodeResult: success, version: HTTP/1.1, content: EmptyByteBufBE)
GET /session/51de8bef4abd9eefa5de0041c38702ae/alert/text HTTP/1.1
User-Agent: selenium/4.8.1 (java windows)
Cache-Control: no-cache
Content-Type: application/json; charset=utf-8
host: localhost:22774
accept: */*

Response DefaultHttpResponse(decodeResult: success, version: HTTP/1.1)
HTTP/1.1 404 Not Found
Content-Length: 836
Content-Type: application/json; charset=utf-8
cache-control: no-cache

16:13:22.480 [AsyncHttpClient-1-18] DEBUG org.asynchttpclient.netty.channel.ChannelManager - Adding key: http://localhost:22774 for channel [id: 0x6340ce8b, L:/127.0.0.1:51610 - R:localhost/127.0.0.1:22774]
16:13:22.482 [Forwarding getCurrentUrl on session 51de8bef4abd9eefa5de0041c38702ae to remote] DEBUG org.asynchttpclient.netty.request.NettyRequestSender - Using pooled Channel '[id: 0x6340ce8b, L:/127.0.0.1:51610 - R:localhost/127.0.0.1:22774]' for 'GET' to 'http://localhost:22774/session/51de8bef4abd9eefa5de0041c38702ae/url'
16:13:22.482 [Forwarding getCurrentUrl on session 51de8bef4abd9eefa5de0041c38702ae to remote] DEBUG org.asynchttpclient.netty.request.NettyRequestSender - Using open Channel [id: 0x6340ce8b, L:/127.0.0.1:51610 - R:localhost/127.0.0.1:22774] for GET '/session/51de8bef4abd9eefa5de0041c38702ae/url'
16:13:22.486 [AsyncHttpClient-1-18] DEBUG org.asynchttpclient.netty.handler.HttpHandler - 

Request DefaultFullHttpRequest(decodeResult: success, version: HTTP/1.1, content: EmptyByteBufBE)
GET /session/51de8bef4abd9eefa5de0041c38702ae/url HTTP/1.1
User-Agent: selenium/4.8.1 (java windows)
Cache-Control: no-cache
Content-Type: application/json; charset=utf-8
host: localhost:22774
accept: */*

Response DefaultHttpResponse(decodeResult: success, version: HTTP/1.1)
HTTP/1.1 200 OK
Content-Length: 41
Content-Type: application/json; charset=utf-8
cache-control: no-cache

16:13:22.486 [AsyncHttpClient-1-18] DEBUG org.asynchttpclient.netty.channel.ChannelManager - Adding key: http://localhost:22774 for channel [id: 0x6340ce8b, L:/127.0.0.1:51610 - R:localhost/127.0.0.1:22774]
16:13:22.487 [Forwarding screenshot on session 51de8bef4abd9eefa5de0041c38702ae to remote] DEBUG org.asynchttpclient.netty.request.NettyRequestSender - Using pooled Channel '[id: 0x6340ce8b, L:/127.0.0.1:51610 - R:localhost/127.0.0.1:22774]' for 'GET' to 'http://localhost:22774/session/51de8bef4abd9eefa5de0041c38702ae/screenshot'
16:13:22.487 [Forwarding screenshot on session 51de8bef4abd9eefa5de0041c38702ae to remote] DEBUG org.asynchttpclient.netty.request.NettyRequestSender - Using open Channel [id: 0x6340ce8b, L:/127.0.0.1:51610 - R:localhost/127.0.0.1:22774] for GET '/session/51de8bef4abd9eefa5de0041c38702ae/screenshot'
16:13:22.576 [AsyncHttpClient-1-18] DEBUG org.asynchttpclient.netty.handler.HttpHandler - 

Request DefaultFullHttpRequest(decodeResult: success, version: HTTP/1.1, content: EmptyByteBufBE)
GET /session/51de8bef4abd9eefa5de0041c38702ae/screenshot HTTP/1.1
User-Agent: selenium/4.8.1 (java windows)
Cache-Control: no-cache
Content-Type: application/json; charset=utf-8
host: localhost:22774
accept: */*

Response DefaultHttpResponse(decodeResult: success, version: HTTP/1.1)
HTTP/1.1 200 OK
Content-Length: 34196
Content-Type: application/json; charset=utf-8
cache-control: no-cache

16:13:22.576 [AsyncHttpClient-1-18] DEBUG org.asynchttpclient.netty.channel.ChannelManager - Adding key: http://localhost:22774 for channel [id: 0x6340ce8b, L:/127.0.0.1:51610 - R:localhost/127.0.0.1:22774]
16:13:22.577 [main] DEBUG net.serenitybdd.core.photography.Darkroom - Send negative for processing for target\site\serenity\193f958affd55514eab1afc8edffdf7a5054c873b685419800c7b0319222297c.png
16:13:22.578 [Darkroom Processing Line] DEBUG net.serenitybdd.core.photography.DarkroomProcessingLine - Processing screenshot image in /var/screenshots/screenshot-17132572521419059401
16:13:22.578 [Darkroom Processing Line] DEBUG net.serenitybdd.core.photography.DarkroomProcessingLine - Saving screenshot to target\site\serenity\193f958affd55514eab1afc8edffdf7a5054c873b685419800c7b0319222297c.png
16:13:22.578 [Forwarding getPageSource on session 51de8bef4abd9eefa5de0041c38702ae to remote] DEBUG org.asynchttpclient.netty.request.NettyRequestSender - Using pooled Channel '[id: 0x6340ce8b, L:/127.0.0.1:51610 - R:localhost/127.0.0.1:22774]' for 'POST' to 'http://localhost:22774/session/51de8bef4abd9eefa5de0041c38702ae/execute/sync'
16:13:22.578 [Forwarding getPageSource on session 51de8bef4abd9eefa5de0041c38702ae to remote] DEBUG org.asynchttpclient.netty.request.NettyRequestSender - Using open Channel [id: 0x6340ce8b, L:/127.0.0.1:51610 - R:localhost/127.0.0.1:22774] for POST '/session/51de8bef4abd9eefa5de0041c38702ae/execute/sync'
16:13:22.583 [AsyncHttpClient-1-18] DEBUG org.asynchttpclient.netty.handler.HttpHandler - 

Request DefaultHttpRequest(decodeResult: success, version: HTTP/1.1)
POST /session/51de8bef4abd9eefa5de0041c38702ae/execute/sync HTTP/1.1
User-Agent: selenium/4.8.1 (java windows)
Content-Length: 176
Content-Type: application/json; charset=utf-8
host: localhost:22774
accept: */*

Response DefaultHttpResponse(decodeResult: success, version: HTTP/1.1)
HTTP/1.1 200 OK
Content-Length: 28688
Content-Type: application/json; charset=utf-8
cache-control: no-cache

16:13:22.583 [AsyncHttpClient-1-18] DEBUG org.asynchttpclient.netty.channel.ChannelManager - Adding key: http://localhost:22774 for channel [id: 0x6340ce8b, L:/127.0.0.1:51610 - R:localhost/127.0.0.1:22774]
16:13:22.585 [Forwarding getCurrentUrl on session 51de8bef4abd9eefa5de0041c38702ae to remote] DEBUG org.asynchttpclient.netty.request.NettyRequestSender - Using pooled Channel '[id: 0x6340ce8b, L:/127.0.0.1:51610 - R:localhost/127.0.0.1:22774]' for 'GET' to 'http://localhost:22774/session/51de8bef4abd9eefa5de0041c38702ae/url'
16:13:22.585 [Forwarding getCurrentUrl on session 51de8bef4abd9eefa5de0041c38702ae to remote] DEBUG org.asynchttpclient.netty.request.NettyRequestSender - Using open Channel [id: 0x6340ce8b, L:/127.0.0.1:51610 - R:localhost/127.0.0.1:22774] for GET '/session/51de8bef4abd9eefa5de0041c38702ae/url'
16:13:22.588 [AsyncHttpClient-1-18] DEBUG org.asynchttpclient.netty.handler.HttpHandler - 

Request DefaultFullHttpRequest(decodeResult: success, version: HTTP/1.1, content: EmptyByteBufBE)
GET /session/51de8bef4abd9eefa5de0041c38702ae/url HTTP/1.1
User-Agent: selenium/4.8.1 (java windows)
Cache-Control: no-cache
Content-Type: application/json; charset=utf-8
host: localhost:22774
accept: */*

Response DefaultHttpResponse(decodeResult: success, version: HTTP/1.1)
HTTP/1.1 200 OK
Content-Length: 41
Content-Type: application/json; charset=utf-8
cache-control: no-cache

16:13:22.588 [AsyncHttpClient-1-18] DEBUG org.asynchttpclient.netty.channel.ChannelManager - Adding key: http://localhost:22774 for channel [id: 0x6340ce8b, L:/127.0.0.1:51610 - R:localhost/127.0.0.1:22774]
16:13:22.590 [main] DEBUG net.thucydides.core.steps.StepInterceptor - STARTING STEP: ProductSteps.clickBeliButton - clickBeliButton
16:13:22.591 [Forwarding findElement on session 51de8bef4abd9eefa5de0041c38702ae to remote] DEBUG org.asynchttpclient.netty.request.NettyRequestSender - Using pooled Channel '[id: 0x6340ce8b, L:/127.0.0.1:51610 - R:localhost/127.0.0.1:22774]' for 'POST' to 'http://localhost:22774/session/51de8bef4abd9eefa5de0041c38702ae/element'
16:13:22.591 [Forwarding findElement on session 51de8bef4abd9eefa5de0041c38702ae to remote] DEBUG org.asynchttpclient.netty.request.NettyRequestSender - Using open Channel [id: 0x6340ce8b, L:/127.0.0.1:51610 - R:localhost/127.0.0.1:22774] for POST '/session/51de8bef4abd9eefa5de0041c38702ae/element'
16:13:22.957 [AsyncHttpClient-1-1] DEBUG org.asynchttpclient.netty.channel.DefaultChannelPool - Entry count for : http://localhost:51611 : 1
16:13:23.670 [AsyncHttpClient-1-18] DEBUG org.asynchttpclient.netty.handler.HttpHandler - 

Request DefaultHttpRequest(decodeResult: success, version: HTTP/1.1)
POST /session/51de8bef4abd9eefa5de0041c38702ae/element HTTP/1.1
User-Agent: selenium/4.8.1 (java windows)
Content-Length: 173
Content-Type: application/json; charset=utf-8
host: localhost:22774
accept: */*

Response DefaultHttpResponse(decodeResult: success, version: HTTP/1.1)
HTTP/1.1 200 OK
Content-Length: 88
Content-Type: application/json; charset=utf-8
cache-control: no-cache

16:13:23.670 [AsyncHttpClient-1-18] DEBUG org.asynchttpclient.netty.channel.ChannelManager - Adding key: http://localhost:22774 for channel [id: 0x6340ce8b, L:/127.0.0.1:51610 - R:localhost/127.0.0.1:22774]
16:13:23.670 [Forwarding getElementTagName on session 51de8bef4abd9eefa5de0041c38702ae to remote] DEBUG org.asynchttpclient.netty.request.NettyRequestSender - Using pooled Channel '[id: 0x6340ce8b, L:/127.0.0.1:51610 - R:localhost/127.0.0.1:22774]' for 'GET' to 'http://localhost:22774/session/51de8bef4abd9eefa5de0041c38702ae/element/10a0cdf2-2464-4e9c-bcc7-dbb97dd58fd4/name'
16:13:23.670 [Forwarding getElementTagName on session 51de8bef4abd9eefa5de0041c38702ae to remote] DEBUG org.asynchttpclient.netty.request.NettyRequestSender - Using open Channel [id: 0x6340ce8b, L:/127.0.0.1:51610 - R:localhost/127.0.0.1:22774] for GET '/session/51de8bef4abd9eefa5de0041c38702ae/element/10a0cdf2-2464-4e9c-bcc7-dbb97dd58fd4/name'
16:13:23.673 [AsyncHttpClient-1-18] DEBUG org.asynchttpclient.netty.handler.HttpHandler - 

Request DefaultFullHttpRequest(decodeResult: success, version: HTTP/1.1, content: EmptyByteBufBE)
GET /session/51de8bef4abd9eefa5de0041c38702ae/element/10a0cdf2-2464-4e9c-bcc7-dbb97dd58fd4/name HTTP/1.1
User-Agent: selenium/4.8.1 (java windows)
Cache-Control: no-cache
Content-Type: application/json; charset=utf-8
host: localhost:22774
accept: */*

Response DefaultHttpResponse(decodeResult: success, version: HTTP/1.1)
HTTP/1.1 200 OK
Content-Length: 18
Content-Type: application/json; charset=utf-8
cache-control: no-cache

16:13:23.673 [AsyncHttpClient-1-18] DEBUG org.asynchttpclient.netty.channel.ChannelManager - Adding key: http://localhost:22774 for channel [id: 0x6340ce8b, L:/127.0.0.1:51610 - R:localhost/127.0.0.1:22774]
16:13:23.675 [Forwarding getElementTagName on session 51de8bef4abd9eefa5de0041c38702ae to remote] DEBUG org.asynchttpclient.netty.request.NettyRequestSender - Using pooled Channel '[id: 0x6340ce8b, L:/127.0.0.1:51610 - R:localhost/127.0.0.1:22774]' for 'GET' to 'http://localhost:22774/session/51de8bef4abd9eefa5de0041c38702ae/element/10a0cdf2-2464-4e9c-bcc7-dbb97dd58fd4/name'
16:13:23.675 [Forwarding getElementTagName on session 51de8bef4abd9eefa5de0041c38702ae to remote] DEBUG org.asynchttpclient.netty.request.NettyRequestSender - Using open Channel [id: 0x6340ce8b, L:/127.0.0.1:51610 - R:localhost/127.0.0.1:22774] for GET '/session/51de8bef4abd9eefa5de0041c38702ae/element/10a0cdf2-2464-4e9c-bcc7-dbb97dd58fd4/name'
16:13:23.679 [AsyncHttpClient-1-18] DEBUG org.asynchttpclient.netty.handler.HttpHandler - 

Request DefaultFullHttpRequest(decodeResult: success, version: HTTP/1.1, content: EmptyByteBufBE)
GET /session/51de8bef4abd9eefa5de0041c38702ae/element/10a0cdf2-2464-4e9c-bcc7-dbb97dd58fd4/name HTTP/1.1
User-Agent: selenium/4.8.1 (java windows)
Cache-Control: no-cache
Content-Type: application/json; charset=utf-8
host: localhost:22774
accept: */*

Response DefaultHttpResponse(decodeResult: success, version: HTTP/1.1)
HTTP/1.1 200 OK
Content-Length: 18
Content-Type: application/json; charset=utf-8
cache-control: no-cache

16:13:23.679 [AsyncHttpClient-1-18] DEBUG org.asynchttpclient.netty.channel.ChannelManager - Adding key: http://localhost:22774 for channel [id: 0x6340ce8b, L:/127.0.0.1:51610 - R:localhost/127.0.0.1:22774]
16:13:23.680 [Forwarding isElementEnabled on session 51de8bef4abd9eefa5de0041c38702ae to remote] DEBUG org.asynchttpclient.netty.request.NettyRequestSender - Using pooled Channel '[id: 0x6340ce8b, L:/127.0.0.1:51610 - R:localhost/127.0.0.1:22774]' for 'GET' to 'http://localhost:22774/session/51de8bef4abd9eefa5de0041c38702ae/element/10a0cdf2-2464-4e9c-bcc7-dbb97dd58fd4/enabled'
16:13:23.680 [Forwarding isElementEnabled on session 51de8bef4abd9eefa5de0041c38702ae to remote] DEBUG org.asynchttpclient.netty.request.NettyRequestSender - Using open Channel [id: 0x6340ce8b, L:/127.0.0.1:51610 - R:localhost/127.0.0.1:22774] for GET '/session/51de8bef4abd9eefa5de0041c38702ae/element/10a0cdf2-2464-4e9c-bcc7-dbb97dd58fd4/enabled'
16:13:23.687 [AsyncHttpClient-1-18] DEBUG org.asynchttpclient.netty.handler.HttpHandler - 

Request DefaultFullHttpRequest(decodeResult: success, version: HTTP/1.1, content: EmptyByteBufBE)
GET /session/51de8bef4abd9eefa5de0041c38702ae/element/10a0cdf2-2464-4e9c-bcc7-dbb97dd58fd4/enabled HTTP/1.1
User-Agent: selenium/4.8.1 (java windows)
Cache-Control: no-cache
Content-Type: application/json; charset=utf-8
host: localhost:22774
accept: */*

Response DefaultHttpResponse(decodeResult: success, version: HTTP/1.1)
HTTP/1.1 200 OK
Content-Length: 14
Content-Type: application/json; charset=utf-8
cache-control: no-cache

16:13:23.687 [AsyncHttpClient-1-18] DEBUG org.asynchttpclient.netty.channel.ChannelManager - Adding key: http://localhost:22774 for channel [id: 0x6340ce8b, L:/127.0.0.1:51610 - R:localhost/127.0.0.1:22774]
16:13:23.687 [Forwarding isElementEnabled on session 51de8bef4abd9eefa5de0041c38702ae to remote] DEBUG org.asynchttpclient.netty.request.NettyRequestSender - Using pooled Channel '[id: 0x6340ce8b, L:/127.0.0.1:51610 - R:localhost/127.0.0.1:22774]' for 'GET' to 'http://localhost:22774/session/51de8bef4abd9eefa5de0041c38702ae/element/10a0cdf2-2464-4e9c-bcc7-dbb97dd58fd4/enabled'
16:13:23.687 [Forwarding isElementEnabled on session 51de8bef4abd9eefa5de0041c38702ae to remote] DEBUG org.asynchttpclient.netty.request.NettyRequestSender - Using open Channel [id: 0x6340ce8b, L:/127.0.0.1:51610 - R:localhost/127.0.0.1:22774] for GET '/session/51de8bef4abd9eefa5de0041c38702ae/element/10a0cdf2-2464-4e9c-bcc7-dbb97dd58fd4/enabled'
16:13:23.692 [AsyncHttpClient-1-18] DEBUG org.asynchttpclient.netty.handler.HttpHandler - 

Request DefaultFullHttpRequest(decodeResult: success, version: HTTP/1.1, content: EmptyByteBufBE)
GET /session/51de8bef4abd9eefa5de0041c38702ae/element/10a0cdf2-2464-4e9c-bcc7-dbb97dd58fd4/enabled HTTP/1.1
User-Agent: selenium/4.8.1 (java windows)
Cache-Control: no-cache
Content-Type: application/json; charset=utf-8
host: localhost:22774
accept: */*

Response DefaultHttpResponse(decodeResult: success, version: HTTP/1.1)
HTTP/1.1 200 OK
Content-Length: 14
Content-Type: application/json; charset=utf-8
cache-control: no-cache

16:13:23.692 [AsyncHttpClient-1-18] DEBUG org.asynchttpclient.netty.channel.ChannelManager - Adding key: http://localhost:22774 for channel [id: 0x6340ce8b, L:/127.0.0.1:51610 - R:localhost/127.0.0.1:22774]
16:13:23.692 [Forwarding findElement on session 51de8bef4abd9eefa5de0041c38702ae to remote] DEBUG org.asynchttpclient.netty.request.NettyRequestSender - Using pooled Channel '[id: 0x6340ce8b, L:/127.0.0.1:51610 - R:localhost/127.0.0.1:22774]' for 'POST' to 'http://localhost:22774/session/51de8bef4abd9eefa5de0041c38702ae/element'
16:13:23.692 [Forwarding findElement on session 51de8bef4abd9eefa5de0041c38702ae to remote] DEBUG org.asynchttpclient.netty.request.NettyRequestSender - Using open Channel [id: 0x6340ce8b, L:/127.0.0.1:51610 - R:localhost/127.0.0.1:22774] for POST '/session/51de8bef4abd9eefa5de0041c38702ae/element'
16:13:23.701 [AsyncHttpClient-1-18] DEBUG org.asynchttpclient.netty.handler.HttpHandler - 

Request DefaultHttpRequest(decodeResult: success, version: HTTP/1.1)
POST /session/51de8bef4abd9eefa5de0041c38702ae/element HTTP/1.1
User-Agent: selenium/4.8.1 (java windows)
Content-Length: 173
Content-Type: application/json; charset=utf-8
host: localhost:22774
accept: */*

Response DefaultHttpResponse(decodeResult: success, version: HTTP/1.1)
HTTP/1.1 200 OK
Content-Length: 88
Content-Type: application/json; charset=utf-8
cache-control: no-cache

16:13:23.702 [AsyncHttpClient-1-18] DEBUG org.asynchttpclient.netty.channel.ChannelManager - Adding key: http://localhost:22774 for channel [id: 0x6340ce8b, L:/127.0.0.1:51610 - R:localhost/127.0.0.1:22774]
16:13:23.702 [Forwarding clickElement on session 51de8bef4abd9eefa5de0041c38702ae to remote] DEBUG org.asynchttpclient.netty.request.NettyRequestSender - Using pooled Channel '[id: 0x6340ce8b, L:/127.0.0.1:51610 - R:localhost/127.0.0.1:22774]' for 'POST' to 'http://localhost:22774/session/51de8bef4abd9eefa5de0041c38702ae/element/10a0cdf2-2464-4e9c-bcc7-dbb97dd58fd4/click'
16:13:23.702 [Forwarding clickElement on session 51de8bef4abd9eefa5de0041c38702ae to remote] DEBUG org.asynchttpclient.netty.request.NettyRequestSender - Using open Channel [id: 0x6340ce8b, L:/127.0.0.1:51610 - R:localhost/127.0.0.1:22774] for POST '/session/51de8bef4abd9eefa5de0041c38702ae/element/10a0cdf2-2464-4e9c-bcc7-dbb97dd58fd4/click'
16:13:23.784 [AsyncHttpClient-1-18] DEBUG org.asynchttpclient.netty.handler.HttpHandler - 

Request DefaultHttpRequest(decodeResult: success, version: HTTP/1.1)
POST /session/51de8bef4abd9eefa5de0041c38702ae/element/10a0cdf2-2464-4e9c-bcc7-dbb97dd58fd4/click HTTP/1.1
User-Agent: selenium/4.8.1 (java windows)
Content-Length: 50
Content-Type: application/json; charset=utf-8
host: localhost:22774
accept: */*

Response DefaultHttpResponse(decodeResult: success, version: HTTP/1.1)
HTTP/1.1 200 OK
Content-Length: 14
Content-Type: application/json; charset=utf-8
cache-control: no-cache

16:13:23.784 [AsyncHttpClient-1-18] DEBUG org.asynchttpclient.netty.channel.ChannelManager - Adding key: http://localhost:22774 for channel [id: 0x6340ce8b, L:/127.0.0.1:51610 - R:localhost/127.0.0.1:22774]
16:13:23.788 [Forwarding getAlertText on session 51de8bef4abd9eefa5de0041c38702ae to remote] DEBUG org.asynchttpclient.netty.request.NettyRequestSender - Using pooled Channel '[id: 0x6340ce8b, L:/127.0.0.1:51610 - R:localhost/127.0.0.1:22774]' for 'GET' to 'http://localhost:22774/session/51de8bef4abd9eefa5de0041c38702ae/alert/text'
16:13:23.788 [Forwarding getAlertText on session 51de8bef4abd9eefa5de0041c38702ae to remote] DEBUG org.asynchttpclient.netty.request.NettyRequestSender - Using open Channel [id: 0x6340ce8b, L:/127.0.0.1:51610 - R:localhost/127.0.0.1:22774] for GET '/session/51de8bef4abd9eefa5de0041c38702ae/alert/text'
16:13:23.790 [AsyncHttpClient-1-18] DEBUG org.asynchttpclient.netty.handler.HttpHandler - 

Request DefaultFullHttpRequest(decodeResult: success, version: HTTP/1.1, content: EmptyByteBufBE)
GET /session/51de8bef4abd9eefa5de0041c38702ae/alert/text HTTP/1.1
User-Agent: selenium/4.8.1 (java windows)
Cache-Control: no-cache
Content-Type: application/json; charset=utf-8
host: localhost:22774
accept: */*

Response DefaultHttpResponse(decodeResult: success, version: HTTP/1.1)
HTTP/1.1 404 Not Found
Content-Length: 836
Content-Type: application/json; charset=utf-8
cache-control: no-cache

16:13:23.790 [AsyncHttpClient-1-18] DEBUG org.asynchttpclient.netty.channel.ChannelManager - Adding key: http://localhost:22774 for channel [id: 0x6340ce8b, L:/127.0.0.1:51610 - R:localhost/127.0.0.1:22774]
16:13:23.791 [Forwarding getCurrentUrl on session 51de8bef4abd9eefa5de0041c38702ae to remote] DEBUG org.asynchttpclient.netty.request.NettyRequestSender - Using pooled Channel '[id: 0x6340ce8b, L:/127.0.0.1:51610 - R:localhost/127.0.0.1:22774]' for 'GET' to 'http://localhost:22774/session/51de8bef4abd9eefa5de0041c38702ae/url'
16:13:23.791 [Forwarding getCurrentUrl on session 51de8bef4abd9eefa5de0041c38702ae to remote] DEBUG org.asynchttpclient.netty.request.NettyRequestSender - Using open Channel [id: 0x6340ce8b, L:/127.0.0.1:51610 - R:localhost/127.0.0.1:22774] for GET '/session/51de8bef4abd9eefa5de0041c38702ae/url'
16:13:23.798 [AsyncHttpClient-1-18] DEBUG org.asynchttpclient.netty.handler.HttpHandler - 

Request DefaultFullHttpRequest(decodeResult: success, version: HTTP/1.1, content: EmptyByteBufBE)
GET /session/51de8bef4abd9eefa5de0041c38702ae/url HTTP/1.1
User-Agent: selenium/4.8.1 (java windows)
Cache-Control: no-cache
Content-Type: application/json; charset=utf-8
host: localhost:22774
accept: */*

Response DefaultHttpResponse(decodeResult: success, version: HTTP/1.1)
HTTP/1.1 200 OK
Content-Length: 41
Content-Type: application/json; charset=utf-8
cache-control: no-cache

16:13:23.798 [AsyncHttpClient-1-18] DEBUG org.asynchttpclient.netty.channel.ChannelManager - Adding key: http://localhost:22774 for channel [id: 0x6340ce8b, L:/127.0.0.1:51610 - R:localhost/127.0.0.1:22774]
16:13:23.799 [Forwarding screenshot on session 51de8bef4abd9eefa5de0041c38702ae to remote] DEBUG org.asynchttpclient.netty.request.NettyRequestSender - Using pooled Channel '[id: 0x6340ce8b, L:/127.0.0.1:51610 - R:localhost/127.0.0.1:22774]' for 'GET' to 'http://localhost:22774/session/51de8bef4abd9eefa5de0041c38702ae/screenshot'
16:13:23.799 [Forwarding screenshot on session 51de8bef4abd9eefa5de0041c38702ae to remote] DEBUG org.asynchttpclient.netty.request.NettyRequestSender - Using open Channel [id: 0x6340ce8b, L:/127.0.0.1:51610 - R:localhost/127.0.0.1:22774] for GET '/session/51de8bef4abd9eefa5de0041c38702ae/screenshot'
16:13:23.876 [AsyncHttpClient-1-18] DEBUG org.asynchttpclient.netty.handler.HttpHandler - 

Request DefaultFullHttpRequest(decodeResult: success, version: HTTP/1.1, content: EmptyByteBufBE)
GET /session/51de8bef4abd9eefa5de0041c38702ae/screenshot HTTP/1.1
User-Agent: selenium/4.8.1 (java windows)
Cache-Control: no-cache
Content-Type: application/json; charset=utf-8
host: localhost:22774
accept: */*

Response DefaultHttpResponse(decodeResult: success, version: HTTP/1.1)
HTTP/1.1 200 OK
Content-Length: 87392
Content-Type: application/json; charset=utf-8
cache-control: no-cache

16:13:23.877 [AsyncHttpClient-1-18] DEBUG org.asynchttpclient.netty.channel.ChannelManager - Adding key: http://localhost:22774 for channel [id: 0x6340ce8b, L:/127.0.0.1:51610 - R:localhost/127.0.0.1:22774]
16:13:23.878 [main] DEBUG net.serenitybdd.core.photography.Darkroom - Send negative for processing for target\site\serenity\f0b0831eea7dd609e27806f71c1c89602fb22bf885d93c453cd825410dcdba9d.png
16:13:23.879 [main] DEBUG net.thucydides.core.steps.StepInterceptor - STEP DONE: clickBeliButton
  &amp#27;[32mWhen &amp#27;[0m&amp#27;[32mI click BELI button from the product&amp#27;[0m        &amp#27;[90m# starter.stepdefinitions.ProductSteps.clickBeliButton()&amp#27;[0m
16:13:23.879 [Darkroom Processing Line] DEBUG net.serenitybdd.core.photography.DarkroomProcessingLine - Processing screenshot image in /var/screenshots/screenshot-15482421528961963692
16:13:23.879 [Darkroom Processing Line] DEBUG net.serenitybdd.core.photography.DarkroomProcessingLine - Saving screenshot to target\site\serenity\f0b0831eea7dd609e27806f71c1c89602fb22bf885d93c453cd825410dcdba9d.png
16:13:23.885 [Forwarding getPageSource on session 51de8bef4abd9eefa5de0041c38702ae to remote] DEBUG org.asynchttpclient.netty.request.NettyRequestSender - Using pooled Channel '[id: 0x6340ce8b, L:/127.0.0.1:51610 - R:localhost/127.0.0.1:22774]' for 'POST' to 'http://localhost:22774/session/51de8bef4abd9eefa5de0041c38702ae/execute/sync'
16:13:23.885 [Forwarding getPageSource on session 51de8bef4abd9eefa5de0041c38702ae to remote] DEBUG org.asynchttpclient.netty.request.NettyRequestSender - Using open Channel [id: 0x6340ce8b, L:/127.0.0.1:51610 - R:localhost/127.0.0.1:22774] for POST '/session/51de8bef4abd9eefa5de0041c38702ae/execute/sync'
16:13:23.919 [AsyncHttpClient-1-18] DEBUG org.asynchttpclient.netty.handler.HttpHandler - 

Request DefaultHttpRequest(decodeResult: success, version: HTTP/1.1)
POST /session/51de8bef4abd9eefa5de0041c38702ae/execute/sync HTTP/1.1
User-Agent: selenium/4.8.1 (java windows)
Content-Length: 176
Content-Type: application/json; charset=utf-8
host: localhost:22774
accept: */*

Response DefaultHttpResponse(decodeResult: success, version: HTTP/1.1)
HTTP/1.1 200 OK
Content-Length: 655537
Content-Type: application/json; charset=utf-8
cache-control: no-cache

16:13:23.919 [AsyncHttpClient-1-18] DEBUG org.asynchttpclient.netty.channel.ChannelManager - Adding key: http://localhost:22774 for channel [id: 0x6340ce8b, L:/127.0.0.1:51610 - R:localhost/127.0.0.1:22774]
16:13:23.975 [Forwarding getCurrentUrl on session 51de8bef4abd9eefa5de0041c38702ae to remote] DEBUG org.asynchttpclient.netty.request.NettyRequestSender - Using pooled Channel '[id: 0x6340ce8b, L:/127.0.0.1:51610 - R:localhost/127.0.0.1:22774]' for 'GET' to 'http://localhost:22774/session/51de8bef4abd9eefa5de0041c38702ae/url'
16:13:23.975 [Forwarding getCurrentUrl on session 51de8bef4abd9eefa5de0041c38702ae to remote] DEBUG org.asynchttpclient.netty.request.NettyRequestSender - Using open Channel [id: 0x6340ce8b, L:/127.0.0.1:51610 - R:localhost/127.0.0.1:22774] for GET '/session/51de8bef4abd9eefa5de0041c38702ae/url'
16:13:23.985 [AsyncHttpClient-1-18] DEBUG org.asynchttpclient.netty.handler.HttpHandler - 

Request DefaultFullHttpRequest(decodeResult: success, version: HTTP/1.1, content: EmptyByteBufBE)
GET /session/51de8bef4abd9eefa5de0041c38702ae/url HTTP/1.1
User-Agent: selenium/4.8.1 (java windows)
Cache-Control: no-cache
Content-Type: application/json; charset=utf-8
host: localhost:22774
accept: */*

Response DefaultHttpResponse(decodeResult: success, version: HTTP/1.1)
HTTP/1.1 200 OK
Content-Length: 41
Content-Type: application/json; charset=utf-8
cache-control: no-cache

16:13:23.985 [AsyncHttpClient-1-18] DEBUG org.asynchttpclient.netty.channel.ChannelManager - Adding key: http://localhost:22774 for channel [id: 0x6340ce8b, L:/127.0.0.1:51610 - R:localhost/127.0.0.1:22774]
16:13:24.006 [Forwarding getAlertText on session 51de8bef4abd9eefa5de0041c38702ae to remote] DEBUG org.asynchttpclient.netty.request.NettyRequestSender - Using pooled Channel '[id: 0x6340ce8b, L:/127.0.0.1:51610 - R:localhost/127.0.0.1:22774]' for 'GET' to 'http://localhost:22774/session/51de8bef4abd9eefa5de0041c38702ae/alert/text'
16:13:24.006 [Forwarding getAlertText on session 51de8bef4abd9eefa5de0041c38702ae to remote] DEBUG org.asynchttpclient.netty.request.NettyRequestSender - Using open Channel [id: 0x6340ce8b, L:/127.0.0.1:51610 - R:localhost/127.0.0.1:22774] for GET '/session/51de8bef4abd9eefa5de0041c38702ae/alert/text'
16:13:24.007 [AsyncHttpClient-1-18] DEBUG org.asynchttpclient.netty.handler.HttpHandler - 

Request DefaultFullHttpRequest(decodeResult: success, version: HTTP/1.1, content: EmptyByteBufBE)
GET /session/51de8bef4abd9eefa5de0041c38702ae/alert/text HTTP/1.1
User-Agent: selenium/4.8.1 (java windows)
Cache-Control: no-cache
Content-Type: application/json; charset=utf-8
host: localhost:22774
accept: */*

Response DefaultHttpResponse(decodeResult: success, version: HTTP/1.1)
HTTP/1.1 404 Not Found
Content-Length: 836
Content-Type: application/json; charset=utf-8
cache-control: no-cache

16:13:24.007 [AsyncHttpClient-1-18] DEBUG org.asynchttpclient.netty.channel.ChannelManager - Adding key: http://localhost:22774 for channel [id: 0x6340ce8b, L:/127.0.0.1:51610 - R:localhost/127.0.0.1:22774]
16:13:24.007 [Forwarding getCurrentUrl on session 51de8bef4abd9eefa5de0041c38702ae to remote] DEBUG org.asynchttpclient.netty.request.NettyRequestSender - Using pooled Channel '[id: 0x6340ce8b, L:/127.0.0.1:51610 - R:localhost/127.0.0.1:22774]' for 'GET' to 'http://localhost:22774/session/51de8bef4abd9eefa5de0041c38702ae/url'
16:13:24.007 [Forwarding getCurrentUrl on session 51de8bef4abd9eefa5de0041c38702ae to remote] DEBUG org.asynchttpclient.netty.request.NettyRequestSender - Using open Channel [id: 0x6340ce8b, L:/127.0.0.1:51610 - R:localhost/127.0.0.1:22774] for GET '/session/51de8bef4abd9eefa5de0041c38702ae/url'
16:13:24.010 [AsyncHttpClient-1-18] DEBUG org.asynchttpclient.netty.handler.HttpHandler - 

Request DefaultFullHttpRequest(decodeResult: success, version: HTTP/1.1, content: EmptyByteBufBE)
GET /session/51de8bef4abd9eefa5de0041c38702ae/url HTTP/1.1
User-Agent: selenium/4.8.1 (java windows)
Cache-Control: no-cache
Content-Type: application/json; charset=utf-8
host: localhost:22774
accept: */*

Response DefaultHttpResponse(decodeResult: success, version: HTTP/1.1)
HTTP/1.1 200 OK
Content-Length: 41
Content-Type: application/json; charset=utf-8
cache-control: no-cache

16:13:24.011 [AsyncHttpClient-1-18] DEBUG org.asynchttpclient.netty.channel.ChannelManager - Adding key: http://localhost:22774 for channel [id: 0x6340ce8b, L:/127.0.0.1:51610 - R:localhost/127.0.0.1:22774]
16:13:24.011 [Forwarding screenshot on session 51de8bef4abd9eefa5de0041c38702ae to remote] DEBUG org.asynchttpclient.netty.request.NettyRequestSender - Using pooled Channel '[id: 0x6340ce8b, L:/127.0.0.1:51610 - R:localhost/127.0.0.1:22774]' for 'GET' to 'http://localhost:22774/session/51de8bef4abd9eefa5de0041c38702ae/screenshot'
16:13:24.011 [Forwarding screenshot on session 51de8bef4abd9eefa5de0041c38702ae to remote] DEBUG org.asynchttpclient.netty.request.NettyRequestSender - Using open Channel [id: 0x6340ce8b, L:/127.0.0.1:51610 - R:localhost/127.0.0.1:22774] for GET '/session/51de8bef4abd9eefa5de0041c38702ae/screenshot'
16:13:24.058 [AsyncHttpClient-1-1] DEBUG org.asynchttpclient.netty.channel.DefaultChannelPool - Entry count for : http://localhost:51611 : 1
16:13:24.106 [AsyncHttpClient-1-18] DEBUG org.asynchttpclient.netty.handler.HttpHandler - 

Request DefaultFullHttpRequest(decodeResult: success, version: HTTP/1.1, content: EmptyByteBufBE)
GET /session/51de8bef4abd9eefa5de0041c38702ae/screenshot HTTP/1.1
User-Agent: selenium/4.8.1 (java windows)
Cache-Control: no-cache
Content-Type: application/json; charset=utf-8
host: localhost:22774
accept: */*

Response DefaultHttpResponse(decodeResult: success, version: HTTP/1.1)
HTTP/1.1 200 OK
Content-Length: 87020
Content-Type: application/json; charset=utf-8
cache-control: no-cache

16:13:24.107 [AsyncHttpClient-1-18] DEBUG org.asynchttpclient.netty.channel.ChannelManager - Adding key: http://localhost:22774 for channel [id: 0x6340ce8b, L:/127.0.0.1:51610 - R:localhost/127.0.0.1:22774]
16:13:24.109 [main] DEBUG net.serenitybdd.core.photography.Darkroom - Send negative for processing for target\site\serenity\b799d2d2f76ea96c4dd0a8e4b02738dcf979d8f45fa37855225c54720d335984.png
16:13:24.109 [Darkroom Processing Line] DEBUG net.serenitybdd.core.photography.DarkroomProcessingLine - Processing screenshot image in /var/screenshots/screenshot-11495831363061670752
16:13:24.109 [Darkroom Processing Line] DEBUG net.serenitybdd.core.photography.DarkroomProcessingLine - Saving screenshot to target\site\serenity\b799d2d2f76ea96c4dd0a8e4b02738dcf979d8f45fa37855225c54720d335984.png
16:13:24.110 [Forwarding getPageSource on session 51de8bef4abd9eefa5de0041c38702ae to remote] DEBUG org.asynchttpclient.netty.request.NettyRequestSender - Using pooled Channel '[id: 0x6340ce8b, L:/127.0.0.1:51610 - R:localhost/127.0.0.1:22774]' for 'POST' to 'http://localhost:22774/session/51de8bef4abd9eefa5de0041c38702ae/execute/sync'
16:13:24.110 [Forwarding getPageSource on session 51de8bef4abd9eefa5de0041c38702ae to remote] DEBUG org.asynchttpclient.netty.request.NettyRequestSender - Using open Channel [id: 0x6340ce8b, L:/127.0.0.1:51610 - R:localhost/127.0.0.1:22774] for POST '/session/51de8bef4abd9eefa5de0041c38702ae/execute/sync'
16:13:24.140 [AsyncHttpClient-1-18] DEBUG org.asynchttpclient.netty.handler.HttpHandler - 

Request DefaultHttpRequest(decodeResult: success, version: HTTP/1.1)
POST /session/51de8bef4abd9eefa5de0041c38702ae/execute/sync HTTP/1.1
User-Agent: selenium/4.8.1 (java windows)
Content-Length: 176
Content-Type: application/json; charset=utf-8
host: localhost:22774
accept: */*

Response DefaultHttpResponse(decodeResult: success, version: HTTP/1.1)
HTTP/1.1 200 OK
Content-Length: 655468
Content-Type: application/json; charset=utf-8
cache-control: no-cache

16:13:24.141 [AsyncHttpClient-1-18] DEBUG org.asynchttpclient.netty.channel.ChannelManager - Adding key: http://localhost:22774 for channel [id: 0x6340ce8b, L:/127.0.0.1:51610 - R:localhost/127.0.0.1:22774]
16:13:24.184 [Forwarding getCurrentUrl on session 51de8bef4abd9eefa5de0041c38702ae to remote] DEBUG org.asynchttpclient.netty.request.NettyRequestSender - Using pooled Channel '[id: 0x6340ce8b, L:/127.0.0.1:51610 - R:localhost/127.0.0.1:22774]' for 'GET' to 'http://localhost:22774/session/51de8bef4abd9eefa5de0041c38702ae/url'
16:13:24.184 [Forwarding getCurrentUrl on session 51de8bef4abd9eefa5de0041c38702ae to remote] DEBUG org.asynchttpclient.netty.request.NettyRequestSender - Using open Channel [id: 0x6340ce8b, L:/127.0.0.1:51610 - R:localhost/127.0.0.1:22774] for GET '/session/51de8bef4abd9eefa5de0041c38702ae/url'
16:13:24.187 [AsyncHttpClient-1-18] DEBUG org.asynchttpclient.netty.handler.HttpHandler - 

Request DefaultFullHttpRequest(decodeResult: success, version: HTTP/1.1, content: EmptyByteBufBE)
GET /session/51de8bef4abd9eefa5de0041c38702ae/url HTTP/1.1
User-Agent: selenium/4.8.1 (java windows)
Cache-Control: no-cache
Content-Type: application/json; charset=utf-8
host: localhost:22774
accept: */*

Response DefaultHttpResponse(decodeResult: success, version: HTTP/1.1)
HTTP/1.1 200 OK
Content-Length: 41
Content-Type: application/json; charset=utf-8
cache-control: no-cache

16:13:24.187 [AsyncHttpClient-1-18] DEBUG org.asynchttpclient.netty.channel.ChannelManager - Adding key: http://localhost:22774 for channel [id: 0x6340ce8b, L:/127.0.0.1:51610 - R:localhost/127.0.0.1:22774]
16:13:24.191 [main] DEBUG net.thucydides.core.steps.StepInterceptor - STARTING STEP: TransactionSteps.clickCartIcon - clickCartIcon
16:13:24.193 [Forwarding findElement on session 51de8bef4abd9eefa5de0041c38702ae to remote] DEBUG org.asynchttpclient.netty.request.NettyRequestSender - Using pooled Channel '[id: 0x6340ce8b, L:/127.0.0.1:51610 - R:localhost/127.0.0.1:22774]' for 'POST' to 'http://localhost:22774/session/51de8bef4abd9eefa5de0041c38702ae/element'
16:13:24.193 [Forwarding findElement on session 51de8bef4abd9eefa5de0041c38702ae to remote] DEBUG org.asynchttpclient.netty.request.NettyRequestSender - Using open Channel [id: 0x6340ce8b, L:/127.0.0.1:51610 - R:localhost/127.0.0.1:22774] for POST '/session/51de8bef4abd9eefa5de0041c38702ae/element'
16:13:24.201 [AsyncHttpClient-1-18] DEBUG org.asynchttpclient.netty.handler.HttpHandler - 

Request DefaultHttpRequest(decodeResult: success, version: HTTP/1.1)
POST /session/51de8bef4abd9eefa5de0041c38702ae/element HTTP/1.1
User-Agent: selenium/4.8.1 (java windows)
Content-Length: 65
Content-Type: application/json; charset=utf-8
host: localhost:22774
accept: */*

Response DefaultHttpResponse(decodeResult: success, version: HTTP/1.1)
HTTP/1.1 200 OK
Content-Length: 88
Content-Type: application/json; charset=utf-8
cache-control: no-cache

16:13:24.201 [AsyncHttpClient-1-18] DEBUG org.asynchttpclient.netty.channel.ChannelManager - Adding key: http://localhost:22774 for channel [id: 0x6340ce8b, L:/127.0.0.1:51610 - R:localhost/127.0.0.1:22774]
16:13:24.202 [Forwarding getElementTagName on session 51de8bef4abd9eefa5de0041c38702ae to remote] DEBUG org.asynchttpclient.netty.request.NettyRequestSender - Using pooled Channel '[id: 0x6340ce8b, L:/127.0.0.1:51610 - R:localhost/127.0.0.1:22774]' for 'GET' to 'http://localhost:22774/session/51de8bef4abd9eefa5de0041c38702ae/element/de7542c3-33d5-4bfe-9fe9-6673301a8f18/name'
16:13:24.202 [Forwarding getElementTagName on session 51de8bef4abd9eefa5de0041c38702ae to remote] DEBUG org.asynchttpclient.netty.request.NettyRequestSender - Using open Channel [id: 0x6340ce8b, L:/127.0.0.1:51610 - R:localhost/127.0.0.1:22774] for GET '/session/51de8bef4abd9eefa5de0041c38702ae/element/de7542c3-33d5-4bfe-9fe9-6673301a8f18/name'
16:13:24.205 [AsyncHttpClient-1-18] DEBUG org.asynchttpclient.netty.handler.HttpHandler - 

Request DefaultFullHttpRequest(decodeResult: success, version: HTTP/1.1, content: EmptyByteBufBE)
GET /session/51de8bef4abd9eefa5de0041c38702ae/element/de7542c3-33d5-4bfe-9fe9-6673301a8f18/name HTTP/1.1
User-Agent: selenium/4.8.1 (java windows)
Cache-Control: no-cache
Content-Type: application/json; charset=utf-8
host: localhost:22774
accept: */*

Response DefaultHttpResponse(decodeResult: success, version: HTTP/1.1)
HTTP/1.1 200 OK
Content-Length: 13
Content-Type: application/json; charset=utf-8
cache-control: no-cache

16:13:24.205 [AsyncHttpClient-1-18] DEBUG org.asynchttpclient.netty.channel.ChannelManager - Adding key: http://localhost:22774 for channel [id: 0x6340ce8b, L:/127.0.0.1:51610 - R:localhost/127.0.0.1:22774]
16:13:24.205 [Forwarding getElementTagName on session 51de8bef4abd9eefa5de0041c38702ae to remote] DEBUG org.asynchttpclient.netty.request.NettyRequestSender - Using pooled Channel '[id: 0x6340ce8b, L:/127.0.0.1:51610 - R:localhost/127.0.0.1:22774]' for 'GET' to 'http://localhost:22774/session/51de8bef4abd9eefa5de0041c38702ae/element/de7542c3-33d5-4bfe-9fe9-6673301a8f18/name'
16:13:24.205 [Forwarding getElementTagName on session 51de8bef4abd9eefa5de0041c38702ae to remote] DEBUG org.asynchttpclient.netty.request.NettyRequestSender - Using open Channel [id: 0x6340ce8b, L:/127.0.0.1:51610 - R:localhost/127.0.0.1:22774] for GET '/session/51de8bef4abd9eefa5de0041c38702ae/element/de7542c3-33d5-4bfe-9fe9-6673301a8f18/name'
16:13:24.207 [AsyncHttpClient-1-18] DEBUG org.asynchttpclient.netty.handler.HttpHandler - 

Request DefaultFullHttpRequest(decodeResult: success, version: HTTP/1.1, content: EmptyByteBufBE)
GET /session/51de8bef4abd9eefa5de0041c38702ae/element/de7542c3-33d5-4bfe-9fe9-6673301a8f18/name HTTP/1.1
User-Agent: selenium/4.8.1 (java windows)
Cache-Control: no-cache
Content-Type: application/json; charset=utf-8
host: localhost:22774
accept: */*

Response DefaultHttpResponse(decodeResult: success, version: HTTP/1.1)
HTTP/1.1 200 OK
Content-Length: 13
Content-Type: application/json; charset=utf-8
cache-control: no-cache

16:13:24.207 [AsyncHttpClient-1-18] DEBUG org.asynchttpclient.netty.channel.ChannelManager - Adding key: http://localhost:22774 for channel [id: 0x6340ce8b, L:/127.0.0.1:51610 - R:localhost/127.0.0.1:22774]
16:13:24.208 [Forwarding findElement on session 51de8bef4abd9eefa5de0041c38702ae to remote] DEBUG org.asynchttpclient.netty.request.NettyRequestSender - Using pooled Channel '[id: 0x6340ce8b, L:/127.0.0.1:51610 - R:localhost/127.0.0.1:22774]' for 'POST' to 'http://localhost:22774/session/51de8bef4abd9eefa5de0041c38702ae/element'
16:13:24.208 [Forwarding findElement on session 51de8bef4abd9eefa5de0041c38702ae to remote] DEBUG org.asynchttpclient.netty.request.NettyRequestSender - Using open Channel [id: 0x6340ce8b, L:/127.0.0.1:51610 - R:localhost/127.0.0.1:22774] for POST '/session/51de8bef4abd9eefa5de0041c38702ae/element'
16:13:24.213 [AsyncHttpClient-1-18] DEBUG org.asynchttpclient.netty.handler.HttpHandler - 

Request DefaultHttpRequest(decodeResult: success, version: HTTP/1.1)
POST /session/51de8bef4abd9eefa5de0041c38702ae/element HTTP/1.1
User-Agent: selenium/4.8.1 (java windows)
Content-Length: 65
Content-Type: application/json; charset=utf-8
host: localhost:22774
accept: */*

Response DefaultHttpResponse(decodeResult: success, version: HTTP/1.1)
HTTP/1.1 200 OK
Content-Length: 88
Content-Type: application/json; charset=utf-8
cache-control: no-cache

16:13:24.213 [AsyncHttpClient-1-18] DEBUG org.asynchttpclient.netty.channel.ChannelManager - Adding key: http://localhost:22774 for channel [id: 0x6340ce8b, L:/127.0.0.1:51610 - R:localhost/127.0.0.1:22774]
16:13:24.214 [Forwarding clickElement on session 51de8bef4abd9eefa5de0041c38702ae to remote] DEBUG org.asynchttpclient.netty.request.NettyRequestSender - Using pooled Channel '[id: 0x6340ce8b, L:/127.0.0.1:51610 - R:localhost/127.0.0.1:22774]' for 'POST' to 'http://localhost:22774/session/51de8bef4abd9eefa5de0041c38702ae/element/de7542c3-33d5-4bfe-9fe9-6673301a8f18/click'
16:13:24.214 [Forwarding clickElement on session 51de8bef4abd9eefa5de0041c38702ae to remote] DEBUG org.asynchttpclient.netty.request.NettyRequestSender - Using open Channel [id: 0x6340ce8b, L:/127.0.0.1:51610 - R:localhost/127.0.0.1:22774] for POST '/session/51de8bef4abd9eefa5de0041c38702ae/element/de7542c3-33d5-4bfe-9fe9-6673301a8f18/click'
16:13:24.320 [AsyncHttpClient-1-18] DEBUG org.asynchttpclient.netty.handler.HttpHandler - 

Request DefaultHttpRequest(decodeResult: success, version: HTTP/1.1)
POST /session/51de8bef4abd9eefa5de0041c38702ae/element/de7542c3-33d5-4bfe-9fe9-6673301a8f18/click HTTP/1.1
User-Agent: selenium/4.8.1 (java windows)
Content-Length: 50
Content-Type: application/json; charset=utf-8
host: localhost:22774
accept: */*

Response DefaultHttpResponse(decodeResult: success, version: HTTP/1.1)
HTTP/1.1 200 OK
Content-Length: 14
Content-Type: application/json; charset=utf-8
cache-control: no-cache

16:13:24.321 [AsyncHttpClient-1-18] DEBUG org.asynchttpclient.netty.channel.ChannelManager - Adding key: http://localhost:22774 for channel [id: 0x6340ce8b, L:/127.0.0.1:51610 - R:localhost/127.0.0.1:22774]
16:13:24.330 [Forwarding getAlertText on session 51de8bef4abd9eefa5de0041c38702ae to remote] DEBUG org.asynchttpclient.netty.request.NettyRequestSender - Using pooled Channel '[id: 0x6340ce8b, L:/127.0.0.1:51610 - R:localhost/127.0.0.1:22774]' for 'GET' to 'http://localhost:22774/session/51de8bef4abd9eefa5de0041c38702ae/alert/text'
16:13:24.330 [Forwarding getAlertText on session 51de8bef4abd9eefa5de0041c38702ae to remote] DEBUG org.asynchttpclient.netty.request.NettyRequestSender - Using open Channel [id: 0x6340ce8b, L:/127.0.0.1:51610 - R:localhost/127.0.0.1:22774] for GET '/session/51de8bef4abd9eefa5de0041c38702ae/alert/text'
16:13:24.354 [AsyncHttpClient-1-18] DEBUG org.asynchttpclient.netty.handler.HttpHandler - 

Request DefaultFullHttpRequest(decodeResult: success, version: HTTP/1.1, content: EmptyByteBufBE)
GET /session/51de8bef4abd9eefa5de0041c38702ae/alert/text HTTP/1.1
User-Agent: selenium/4.8.1 (java windows)
Cache-Control: no-cache
Content-Type: application/json; charset=utf-8
host: localhost:22774
accept: */*

Response DefaultHttpResponse(decodeResult: success, version: HTTP/1.1)
HTTP/1.1 404 Not Found
Content-Length: 836
Content-Type: application/json; charset=utf-8
cache-control: no-cache

16:13:24.354 [AsyncHttpClient-1-18] DEBUG org.asynchttpclient.netty.channel.ChannelManager - Adding key: http://localhost:22774 for channel [id: 0x6340ce8b, L:/127.0.0.1:51610 - R:localhost/127.0.0.1:22774]
16:13:24.355 [Forwarding getCurrentUrl on session 51de8bef4abd9eefa5de0041c38702ae to remote] DEBUG org.asynchttpclient.netty.request.NettyRequestSender - Using pooled Channel '[id: 0x6340ce8b, L:/127.0.0.1:51610 - R:localhost/127.0.0.1:22774]' for 'GET' to 'http://localhost:22774/session/51de8bef4abd9eefa5de0041c38702ae/url'
16:13:24.355 [Forwarding getCurrentUrl on session 51de8bef4abd9eefa5de0041c38702ae to remote] DEBUG org.asynchttpclient.netty.request.NettyRequestSender - Using open Channel [id: 0x6340ce8b, L:/127.0.0.1:51610 - R:localhost/127.0.0.1:22774] for GET '/session/51de8bef4abd9eefa5de0041c38702ae/url'
16:13:24.469 [AsyncHttpClient-1-18] DEBUG org.asynchttpclient.netty.handler.HttpHandler - 

Request DefaultFullHttpRequest(decodeResult: success, version: HTTP/1.1, content: EmptyByteBufBE)
GET /session/51de8bef4abd9eefa5de0041c38702ae/url HTTP/1.1
User-Agent: selenium/4.8.1 (java windows)
Cache-Control: no-cache
Content-Type: application/json; charset=utf-8
host: localhost:22774
accept: */*

Response DefaultHttpResponse(decodeResult: success, version: HTTP/1.1)
HTTP/1.1 200 OK
Content-Length: 46
Content-Type: application/json; charset=utf-8
cache-control: no-cache

16:13:24.469 [AsyncHttpClient-1-18] DEBUG org.asynchttpclient.netty.channel.ChannelManager - Adding key: http://localhost:22774 for channel [id: 0x6340ce8b, L:/127.0.0.1:51610 - R:localhost/127.0.0.1:22774]
16:13:24.470 [Forwarding screenshot on session 51de8bef4abd9eefa5de0041c38702ae to remote] DEBUG org.asynchttpclient.netty.request.NettyRequestSender - Using pooled Channel '[id: 0x6340ce8b, L:/127.0.0.1:51610 - R:localhost/127.0.0.1:22774]' for 'GET' to 'http://localhost:22774/session/51de8bef4abd9eefa5de0041c38702ae/screenshot'
16:13:24.470 [Forwarding screenshot on session 51de8bef4abd9eefa5de0041c38702ae to remote] DEBUG org.asynchttpclient.netty.request.NettyRequestSender - Using open Channel [id: 0x6340ce8b, L:/127.0.0.1:51610 - R:localhost/127.0.0.1:22774] for GET '/session/51de8bef4abd9eefa5de0041c38702ae/screenshot'
16:13:24.561 [AsyncHttpClient-1-18] DEBUG org.asynchttpclient.netty.handler.HttpHandler - 

Request DefaultFullHttpRequest(decodeResult: success, version: HTTP/1.1, content: EmptyByteBufBE)
GET /session/51de8bef4abd9eefa5de0041c38702ae/screenshot HTTP/1.1
User-Agent: selenium/4.8.1 (java windows)
Cache-Control: no-cache
Content-Type: application/json; charset=utf-8
host: localhost:22774
accept: */*

Response DefaultHttpResponse(decodeResult: success, version: HTTP/1.1)
HTTP/1.1 200 OK
Content-Length: 31152
Content-Type: application/json; charset=utf-8
cache-control: no-cache

16:13:24.561 [AsyncHttpClient-1-18] DEBUG org.asynchttpclient.netty.channel.ChannelManager - Adding key: http://localhost:22774 for channel [id: 0x6340ce8b, L:/127.0.0.1:51610 - R:localhost/127.0.0.1:22774]
16:13:24.562 [main] DEBUG net.serenitybdd.core.photography.Darkroom - Send negative for processing for target\site\serenity\2ed6ef792b02bf42ee01f35b927b85872fae87ee09b2a231c3d5b8e6489a98fc.png
16:13:24.562 [main] DEBUG net.thucydides.core.steps.StepInterceptor - STEP DONE: clickCartIcon
  &amp#27;[32mAnd &amp#27;[0m&amp#27;[32mI click cart icon&amp#27;[0m                            &amp#27;[90m# starter.stepdefinitions.TransactionSteps.clickCartIcon()&amp#27;[0m
16:13:24.562 [Darkroom Processing Line] DEBUG net.serenitybdd.core.photography.DarkroomProcessingLine - Processing screenshot image in /var/screenshots/screenshot-6028076040596502058
16:13:24.562 [Darkroom Processing Line] DEBUG net.serenitybdd.core.photography.DarkroomProcessingLine - Saving screenshot to target\site\serenity\2ed6ef792b02bf42ee01f35b927b85872fae87ee09b2a231c3d5b8e6489a98fc.png
16:13:24.569 [Forwarding getPageSource on session 51de8bef4abd9eefa5de0041c38702ae to remote] DEBUG org.asynchttpclient.netty.request.NettyRequestSender - Using pooled Channel '[id: 0x6340ce8b, L:/127.0.0.1:51610 - R:localhost/127.0.0.1:22774]' for 'POST' to 'http://localhost:22774/session/51de8bef4abd9eefa5de0041c38702ae/execute/sync'
16:13:24.569 [Forwarding getPageSource on session 51de8bef4abd9eefa5de0041c38702ae to remote] DEBUG org.asynchttpclient.netty.request.NettyRequestSender - Using open Channel [id: 0x6340ce8b, L:/127.0.0.1:51610 - R:localhost/127.0.0.1:22774] for POST '/session/51de8bef4abd9eefa5de0041c38702ae/execute/sync'
16:13:24.573 [AsyncHttpClient-1-18] DEBUG org.asynchttpclient.netty.handler.HttpHandler - 

Request DefaultHttpRequest(decodeResult: success, version: HTTP/1.1)
POST /session/51de8bef4abd9eefa5de0041c38702ae/execute/sync HTTP/1.1
User-Agent: selenium/4.8.1 (java windows)
Content-Length: 176
Content-Type: application/json; charset=utf-8
host: localhost:22774
accept: */*

Response DefaultHttpResponse(decodeResult: success, version: HTTP/1.1)
HTTP/1.1 200 OK
Content-Length: 22158
Content-Type: application/json; charset=utf-8
cache-control: no-cache

16:13:24.573 [AsyncHttpClient-1-18] DEBUG org.asynchttpclient.netty.channel.ChannelManager - Adding key: http://localhost:22774 for channel [id: 0x6340ce8b, L:/127.0.0.1:51610 - R:localhost/127.0.0.1:22774]
16:13:24.574 [Forwarding getCurrentUrl on session 51de8bef4abd9eefa5de0041c38702ae to remote] DEBUG org.asynchttpclient.netty.request.NettyRequestSender - Using pooled Channel '[id: 0x6340ce8b, L:/127.0.0.1:51610 - R:localhost/127.0.0.1:22774]' for 'GET' to 'http://localhost:22774/session/51de8bef4abd9eefa5de0041c38702ae/url'
16:13:24.574 [Forwarding getCurrentUrl on session 51de8bef4abd9eefa5de0041c38702ae to remote] DEBUG org.asynchttpclient.netty.request.NettyRequestSender - Using open Channel [id: 0x6340ce8b, L:/127.0.0.1:51610 - R:localhost/127.0.0.1:22774] for GET '/session/51de8bef4abd9eefa5de0041c38702ae/url'
16:13:24.578 [AsyncHttpClient-1-18] DEBUG org.asynchttpclient.netty.handler.HttpHandler - 

Request DefaultFullHttpRequest(decodeResult: success, version: HTTP/1.1, content: EmptyByteBufBE)
GET /session/51de8bef4abd9eefa5de0041c38702ae/url HTTP/1.1
User-Agent: selenium/4.8.1 (java windows)
Cache-Control: no-cache
Content-Type: application/json; charset=utf-8
host: localhost:22774
accept: */*

Response DefaultHttpResponse(decodeResult: success, version: HTTP/1.1)
HTTP/1.1 200 OK
Content-Length: 46
Content-Type: application/json; charset=utf-8
cache-control: no-cache

16:13:24.578 [AsyncHttpClient-1-18] DEBUG org.asynchttpclient.netty.channel.ChannelManager - Adding key: http://localhost:22774 for channel [id: 0x6340ce8b, L:/127.0.0.1:51610 - R:localhost/127.0.0.1:22774]
16:13:24.584 [Forwarding getPageSource on session 51de8bef4abd9eefa5de0041c38702ae to remote] DEBUG org.asynchttpclient.netty.request.NettyRequestSender - Using pooled Channel '[id: 0x6340ce8b, L:/127.0.0.1:51610 - R:localhost/127.0.0.1:22774]' for 'POST' to 'http://localhost:22774/session/51de8bef4abd9eefa5de0041c38702ae/execute/sync'
16:13:24.584 [Forwarding getPageSource on session 51de8bef4abd9eefa5de0041c38702ae to remote] DEBUG org.asynchttpclient.netty.request.NettyRequestSender - Using open Channel [id: 0x6340ce8b, L:/127.0.0.1:51610 - R:localhost/127.0.0.1:22774] for POST '/session/51de8bef4abd9eefa5de0041c38702ae/execute/sync'
16:13:24.587 [AsyncHttpClient-1-18] DEBUG org.asynchttpclient.netty.handler.HttpHandler - 

Request DefaultHttpRequest(decodeResult: success, version: HTTP/1.1)
POST /session/51de8bef4abd9eefa5de0041c38702ae/execute/sync HTTP/1.1
User-Agent: selenium/4.8.1 (java windows)
Content-Length: 176
Content-Type: application/json; charset=utf-8
host: localhost:22774
accept: */*

Response DefaultHttpResponse(decodeResult: success, version: HTTP/1.1)
HTTP/1.1 200 OK
Content-Length: 22158
Content-Type: application/json; charset=utf-8
cache-control: no-cache

16:13:24.587 [AsyncHttpClient-1-18] DEBUG org.asynchttpclient.netty.channel.ChannelManager - Adding key: http://localhost:22774 for channel [id: 0x6340ce8b, L:/127.0.0.1:51610 - R:localhost/127.0.0.1:22774]
16:13:24.588 [Forwarding getCurrentUrl on session 51de8bef4abd9eefa5de0041c38702ae to remote] DEBUG org.asynchttpclient.netty.request.NettyRequestSender - Using pooled Channel '[id: 0x6340ce8b, L:/127.0.0.1:51610 - R:localhost/127.0.0.1:22774]' for 'GET' to 'http://localhost:22774/session/51de8bef4abd9eefa5de0041c38702ae/url'
16:13:24.588 [Forwarding getCurrentUrl on session 51de8bef4abd9eefa5de0041c38702ae to remote] DEBUG org.asynchttpclient.netty.request.NettyRequestSender - Using open Channel [id: 0x6340ce8b, L:/127.0.0.1:51610 - R:localhost/127.0.0.1:22774] for GET '/session/51de8bef4abd9eefa5de0041c38702ae/url'
16:13:24.590 [AsyncHttpClient-1-18] DEBUG org.asynchttpclient.netty.handler.HttpHandler - 

Request DefaultFullHttpRequest(decodeResult: success, version: HTTP/1.1, content: EmptyByteBufBE)
GET /session/51de8bef4abd9eefa5de0041c38702ae/url HTTP/1.1
User-Agent: selenium/4.8.1 (java windows)
Cache-Control: no-cache
Content-Type: application/json; charset=utf-8
host: localhost:22774
accept: */*

Response DefaultHttpResponse(decodeResult: success, version: HTTP/1.1)
HTTP/1.1 200 OK
Content-Length: 46
Content-Type: application/json; charset=utf-8
cache-control: no-cache

16:13:24.590 [AsyncHttpClient-1-18] DEBUG org.asynchttpclient.netty.channel.ChannelManager - Adding key: http://localhost:22774 for channel [id: 0x6340ce8b, L:/127.0.0.1:51610 - R:localhost/127.0.0.1:22774]
16:13:24.592 [main] DEBUG net.thucydides.core.steps.StepInterceptor - STARTING STEP: TransactionSteps.clickBayarButton - clickBayarButton
16:13:24.594 [Forwarding findElement on session 51de8bef4abd9eefa5de0041c38702ae to remote] DEBUG org.asynchttpclient.netty.request.NettyRequestSender - Using pooled Channel '[id: 0x6340ce8b, L:/127.0.0.1:51610 - R:localhost/127.0.0.1:22774]' for 'POST' to 'http://localhost:22774/session/51de8bef4abd9eefa5de0041c38702ae/element'
16:13:24.594 [Forwarding findElement on session 51de8bef4abd9eefa5de0041c38702ae to remote] DEBUG org.asynchttpclient.netty.request.NettyRequestSender - Using open Channel [id: 0x6340ce8b, L:/127.0.0.1:51610 - R:localhost/127.0.0.1:22774] for POST '/session/51de8bef4abd9eefa5de0041c38702ae/element'
16:13:24.600 [AsyncHttpClient-1-18] DEBUG org.asynchttpclient.netty.handler.HttpHandler - 

Request DefaultHttpRequest(decodeResult: success, version: HTTP/1.1)
POST /session/51de8bef4abd9eefa5de0041c38702ae/element HTTP/1.1
User-Agent: selenium/4.8.1 (java windows)
Content-Length: 59
Content-Type: application/json; charset=utf-8
host: localhost:22774
accept: */*

Response DefaultHttpResponse(decodeResult: success, version: HTTP/1.1)
HTTP/1.1 200 OK
Content-Length: 88
Content-Type: application/json; charset=utf-8
cache-control: no-cache

16:13:24.600 [AsyncHttpClient-1-18] DEBUG org.asynchttpclient.netty.channel.ChannelManager - Adding key: http://localhost:22774 for channel [id: 0x6340ce8b, L:/127.0.0.1:51610 - R:localhost/127.0.0.1:22774]
16:13:24.601 [Forwarding getElementTagName on session 51de8bef4abd9eefa5de0041c38702ae to remote] DEBUG org.asynchttpclient.netty.request.NettyRequestSender - Using pooled Channel '[id: 0x6340ce8b, L:/127.0.0.1:51610 - R:localhost/127.0.0.1:22774]' for 'GET' to 'http://localhost:22774/session/51de8bef4abd9eefa5de0041c38702ae/element/cb2013e6-2371-49a1-8a58-72925499de36/name'
16:13:24.601 [Forwarding getElementTagName on session 51de8bef4abd9eefa5de0041c38702ae to remote] DEBUG org.asynchttpclient.netty.request.NettyRequestSender - Using open Channel [id: 0x6340ce8b, L:/127.0.0.1:51610 - R:localhost/127.0.0.1:22774] for GET '/session/51de8bef4abd9eefa5de0041c38702ae/element/cb2013e6-2371-49a1-8a58-72925499de36/name'
16:13:24.603 [AsyncHttpClient-1-18] DEBUG org.asynchttpclient.netty.handler.HttpHandler - 

Request DefaultFullHttpRequest(decodeResult: success, version: HTTP/1.1, content: EmptyByteBufBE)
GET /session/51de8bef4abd9eefa5de0041c38702ae/element/cb2013e6-2371-49a1-8a58-72925499de36/name HTTP/1.1
User-Agent: selenium/4.8.1 (java windows)
Cache-Control: no-cache
Content-Type: application/json; charset=utf-8
host: localhost:22774
accept: */*

Response DefaultHttpResponse(decodeResult: success, version: HTTP/1.1)
HTTP/1.1 200 OK
Content-Length: 18
Content-Type: application/json; charset=utf-8
cache-control: no-cache

16:13:24.604 [AsyncHttpClient-1-18] DEBUG org.asynchttpclient.netty.channel.ChannelManager - Adding key: http://localhost:22774 for channel [id: 0x6340ce8b, L:/127.0.0.1:51610 - R:localhost/127.0.0.1:22774]
16:13:24.604 [Forwarding getElementTagName on session 51de8bef4abd9eefa5de0041c38702ae to remote] DEBUG org.asynchttpclient.netty.request.NettyRequestSender - Using pooled Channel '[id: 0x6340ce8b, L:/127.0.0.1:51610 - R:localhost/127.0.0.1:22774]' for 'GET' to 'http://localhost:22774/session/51de8bef4abd9eefa5de0041c38702ae/element/cb2013e6-2371-49a1-8a58-72925499de36/name'
16:13:24.604 [Forwarding getElementTagName on session 51de8bef4abd9eefa5de0041c38702ae to remote] DEBUG org.asynchttpclient.netty.request.NettyRequestSender - Using open Channel [id: 0x6340ce8b, L:/127.0.0.1:51610 - R:localhost/127.0.0.1:22774] for GET '/session/51de8bef4abd9eefa5de0041c38702ae/element/cb2013e6-2371-49a1-8a58-72925499de36/name'
16:13:24.607 [AsyncHttpClient-1-18] DEBUG org.asynchttpclient.netty.handler.HttpHandler - 

Request DefaultFullHttpRequest(decodeResult: success, version: HTTP/1.1, content: EmptyByteBufBE)
GET /session/51de8bef4abd9eefa5de0041c38702ae/element/cb2013e6-2371-49a1-8a58-72925499de36/name HTTP/1.1
User-Agent: selenium/4.8.1 (java windows)
Cache-Control: no-cache
Content-Type: application/json; charset=utf-8
host: localhost:22774
accept: */*

Response DefaultHttpResponse(decodeResult: success, version: HTTP/1.1)
HTTP/1.1 200 OK
Content-Length: 18
Content-Type: application/json; charset=utf-8
cache-control: no-cache

16:13:24.607 [AsyncHttpClient-1-18] DEBUG org.asynchttpclient.netty.channel.ChannelManager - Adding key: http://localhost:22774 for channel [id: 0x6340ce8b, L:/127.0.0.1:51610 - R:localhost/127.0.0.1:22774]
16:13:24.608 [Forwarding isElementEnabled on session 51de8bef4abd9eefa5de0041c38702ae to remote] DEBUG org.asynchttpclient.netty.request.NettyRequestSender - Using pooled Channel '[id: 0x6340ce8b, L:/127.0.0.1:51610 - R:localhost/127.0.0.1:22774]' for 'GET' to 'http://localhost:22774/session/51de8bef4abd9eefa5de0041c38702ae/element/cb2013e6-2371-49a1-8a58-72925499de36/enabled'
16:13:24.608 [Forwarding isElementEnabled on session 51de8bef4abd9eefa5de0041c38702ae to remote] DEBUG org.asynchttpclient.netty.request.NettyRequestSender - Using open Channel [id: 0x6340ce8b, L:/127.0.0.1:51610 - R:localhost/127.0.0.1:22774] for GET '/session/51de8bef4abd9eefa5de0041c38702ae/element/cb2013e6-2371-49a1-8a58-72925499de36/enabled'
16:13:24.613 [AsyncHttpClient-1-18] DEBUG org.asynchttpclient.netty.handler.HttpHandler - 

Request DefaultFullHttpRequest(decodeResult: success, version: HTTP/1.1, content: EmptyByteBufBE)
GET /session/51de8bef4abd9eefa5de0041c38702ae/element/cb2013e6-2371-49a1-8a58-72925499de36/enabled HTTP/1.1
User-Agent: selenium/4.8.1 (java windows)
Cache-Control: no-cache
Content-Type: application/json; charset=utf-8
host: localhost:22774
accept: */*

Response DefaultHttpResponse(decodeResult: success, version: HTTP/1.1)
HTTP/1.1 200 OK
Content-Length: 14
Content-Type: application/json; charset=utf-8
cache-control: no-cache

16:13:24.613 [AsyncHttpClient-1-18] DEBUG org.asynchttpclient.netty.channel.ChannelManager - Adding key: http://localhost:22774 for channel [id: 0x6340ce8b, L:/127.0.0.1:51610 - R:localhost/127.0.0.1:22774]
16:13:24.614 [Forwarding isElementEnabled on session 51de8bef4abd9eefa5de0041c38702ae to remote] DEBUG org.asynchttpclient.netty.request.NettyRequestSender - Using pooled Channel '[id: 0x6340ce8b, L:/127.0.0.1:51610 - R:localhost/127.0.0.1:22774]' for 'GET' to 'http://localhost:22774/session/51de8bef4abd9eefa5de0041c38702ae/element/cb2013e6-2371-49a1-8a58-72925499de36/enabled'
16:13:24.614 [Forwarding isElementEnabled on session 51de8bef4abd9eefa5de0041c38702ae to remote] DEBUG org.asynchttpclient.netty.request.NettyRequestSender - Using open Channel [id: 0x6340ce8b, L:/127.0.0.1:51610 - R:localhost/127.0.0.1:22774] for GET '/session/51de8bef4abd9eefa5de0041c38702ae/element/cb2013e6-2371-49a1-8a58-72925499de36/enabled'
16:13:24.617 [AsyncHttpClient-1-18] DEBUG org.asynchttpclient.netty.handler.HttpHandler - 

Request DefaultFullHttpRequest(decodeResult: success, version: HTTP/1.1, content: EmptyByteBufBE)
GET /session/51de8bef4abd9eefa5de0041c38702ae/element/cb2013e6-2371-49a1-8a58-72925499de36/enabled HTTP/1.1
User-Agent: selenium/4.8.1 (java windows)
Cache-Control: no-cache
Content-Type: application/json; charset=utf-8
host: localhost:22774
accept: */*

Response DefaultHttpResponse(decodeResult: success, version: HTTP/1.1)
HTTP/1.1 200 OK
Content-Length: 14
Content-Type: application/json; charset=utf-8
cache-control: no-cache

16:13:24.617 [AsyncHttpClient-1-18] DEBUG org.asynchttpclient.netty.channel.ChannelManager - Adding key: http://localhost:22774 for channel [id: 0x6340ce8b, L:/127.0.0.1:51610 - R:localhost/127.0.0.1:22774]
16:13:24.618 [Forwarding findElement on session 51de8bef4abd9eefa5de0041c38702ae to remote] DEBUG org.asynchttpclient.netty.request.NettyRequestSender - Using pooled Channel '[id: 0x6340ce8b, L:/127.0.0.1:51610 - R:localhost/127.0.0.1:22774]' for 'POST' to 'http://localhost:22774/session/51de8bef4abd9eefa5de0041c38702ae/element'
16:13:24.618 [Forwarding findElement on session 51de8bef4abd9eefa5de0041c38702ae to remote] DEBUG org.asynchttpclient.netty.request.NettyRequestSender - Using open Channel [id: 0x6340ce8b, L:/127.0.0.1:51610 - R:localhost/127.0.0.1:22774] for POST '/session/51de8bef4abd9eefa5de0041c38702ae/element'
16:13:24.623 [AsyncHttpClient-1-18] DEBUG org.asynchttpclient.netty.handler.HttpHandler - 

Request DefaultHttpRequest(decodeResult: success, version: HTTP/1.1)
POST /session/51de8bef4abd9eefa5de0041c38702ae/element HTTP/1.1
User-Agent: selenium/4.8.1 (java windows)
Content-Length: 59
Content-Type: application/json; charset=utf-8
host: localhost:22774
accept: */*

Response DefaultHttpResponse(decodeResult: success, version: HTTP/1.1)
HTTP/1.1 200 OK
Content-Length: 88
Content-Type: application/json; charset=utf-8
cache-control: no-cache

16:13:24.623 [AsyncHttpClient-1-18] DEBUG org.asynchttpclient.netty.channel.ChannelManager - Adding key: http://localhost:22774 for channel [id: 0x6340ce8b, L:/127.0.0.1:51610 - R:localhost/127.0.0.1:22774]
16:13:24.623 [Forwarding clickElement on session 51de8bef4abd9eefa5de0041c38702ae to remote] DEBUG org.asynchttpclient.netty.request.NettyRequestSender - Using pooled Channel '[id: 0x6340ce8b, L:/127.0.0.1:51610 - R:localhost/127.0.0.1:22774]' for 'POST' to 'http://localhost:22774/session/51de8bef4abd9eefa5de0041c38702ae/element/cb2013e6-2371-49a1-8a58-72925499de36/click'
16:13:24.623 [Forwarding clickElement on session 51de8bef4abd9eefa5de0041c38702ae to remote] DEBUG org.asynchttpclient.netty.request.NettyRequestSender - Using open Channel [id: 0x6340ce8b, L:/127.0.0.1:51610 - R:localhost/127.0.0.1:22774] for POST '/session/51de8bef4abd9eefa5de0041c38702ae/element/cb2013e6-2371-49a1-8a58-72925499de36/click'
16:13:24.655 [AsyncHttpClient-1-18] DEBUG org.asynchttpclient.netty.handler.HttpHandler - 

Request DefaultHttpRequest(decodeResult: success, version: HTTP/1.1)
POST /session/51de8bef4abd9eefa5de0041c38702ae/element/cb2013e6-2371-49a1-8a58-72925499de36/click HTTP/1.1
User-Agent: selenium/4.8.1 (java windows)
Content-Length: 50
Content-Type: application/json; charset=utf-8
host: localhost:22774
accept: */*

Response DefaultHttpResponse(decodeResult: success, version: HTTP/1.1)
HTTP/1.1 200 OK
Content-Length: 14
Content-Type: application/json; charset=utf-8
cache-control: no-cache

16:13:24.655 [AsyncHttpClient-1-18] DEBUG org.asynchttpclient.netty.channel.ChannelManager - Adding key: http://localhost:22774 for channel [id: 0x6340ce8b, L:/127.0.0.1:51610 - R:localhost/127.0.0.1:22774]
16:13:24.659 [Forwarding getAlertText on session 51de8bef4abd9eefa5de0041c38702ae to remote] DEBUG org.asynchttpclient.netty.request.NettyRequestSender - Using pooled Channel '[id: 0x6340ce8b, L:/127.0.0.1:51610 - R:localhost/127.0.0.1:22774]' for 'GET' to 'http://localhost:22774/session/51de8bef4abd9eefa5de0041c38702ae/alert/text'
16:13:24.659 [Forwarding getAlertText on session 51de8bef4abd9eefa5de0041c38702ae to remote] DEBUG org.asynchttpclient.netty.request.NettyRequestSender - Using open Channel [id: 0x6340ce8b, L:/127.0.0.1:51610 - R:localhost/127.0.0.1:22774] for GET '/session/51de8bef4abd9eefa5de0041c38702ae/alert/text'
16:13:24.660 [AsyncHttpClient-1-18] DEBUG org.asynchttpclient.netty.handler.HttpHandler - 

Request DefaultFullHttpRequest(decodeResult: success, version: HTTP/1.1, content: EmptyByteBufBE)
GET /session/51de8bef4abd9eefa5de0041c38702ae/alert/text HTTP/1.1
User-Agent: selenium/4.8.1 (java windows)
Cache-Control: no-cache
Content-Type: application/json; charset=utf-8
host: localhost:22774
accept: */*

Response DefaultHttpResponse(decodeResult: success, version: HTTP/1.1)
HTTP/1.1 404 Not Found
Content-Length: 836
Content-Type: application/json; charset=utf-8
cache-control: no-cache

16:13:24.660 [AsyncHttpClient-1-18] DEBUG org.asynchttpclient.netty.channel.ChannelManager - Adding key: http://localhost:22774 for channel [id: 0x6340ce8b, L:/127.0.0.1:51610 - R:localhost/127.0.0.1:22774]
16:13:24.661 [Forwarding getCurrentUrl on session 51de8bef4abd9eefa5de0041c38702ae to remote] DEBUG org.asynchttpclient.netty.request.NettyRequestSender - Using pooled Channel '[id: 0x6340ce8b, L:/127.0.0.1:51610 - R:localhost/127.0.0.1:22774]' for 'GET' to 'http://localhost:22774/session/51de8bef4abd9eefa5de0041c38702ae/url'
16:13:24.661 [Forwarding getCurrentUrl on session 51de8bef4abd9eefa5de0041c38702ae to remote] DEBUG org.asynchttpclient.netty.request.NettyRequestSender - Using open Channel [id: 0x6340ce8b, L:/127.0.0.1:51610 - R:localhost/127.0.0.1:22774] for GET '/session/51de8bef4abd9eefa5de0041c38702ae/url'
16:13:24.664 [AsyncHttpClient-1-18] DEBUG org.asynchttpclient.netty.handler.HttpHandler - 

Request DefaultFullHttpRequest(decodeResult: success, version: HTTP/1.1, content: EmptyByteBufBE)
GET /session/51de8bef4abd9eefa5de0041c38702ae/url HTTP/1.1
User-Agent: selenium/4.8.1 (java windows)
Cache-Control: no-cache
Content-Type: application/json; charset=utf-8
host: localhost:22774
accept: */*

Response DefaultHttpResponse(decodeResult: success, version: HTTP/1.1)
HTTP/1.1 200 OK
Content-Length: 129
Content-Type: application/json; charset=utf-8
cache-control: no-cache

16:13:24.664 [AsyncHttpClient-1-18] DEBUG org.asynchttpclient.netty.channel.ChannelManager - Adding key: http://localhost:22774 for channel [id: 0x6340ce8b, L:/127.0.0.1:51610 - R:localhost/127.0.0.1:22774]
16:13:24.664 [Forwarding screenshot on session 51de8bef4abd9eefa5de0041c38702ae to remote] DEBUG org.asynchttpclient.netty.request.NettyRequestSender - Using pooled Channel '[id: 0x6340ce8b, L:/127.0.0.1:51610 - R:localhost/127.0.0.1:22774]' for 'GET' to 'http://localhost:22774/session/51de8bef4abd9eefa5de0041c38702ae/screenshot'
16:13:24.664 [Forwarding screenshot on session 51de8bef4abd9eefa5de0041c38702ae to remote] DEBUG org.asynchttpclient.netty.request.NettyRequestSender - Using open Channel [id: 0x6340ce8b, L:/127.0.0.1:51610 - R:localhost/127.0.0.1:22774] for GET '/session/51de8bef4abd9eefa5de0041c38702ae/screenshot'
16:13:24.744 [AsyncHttpClient-1-18] DEBUG org.asynchttpclient.netty.handler.HttpHandler - 

Request DefaultFullHttpRequest(decodeResult: success, version: HTTP/1.1, content: EmptyByteBufBE)
GET /session/51de8bef4abd9eefa5de0041c38702ae/screenshot HTTP/1.1
User-Agent: selenium/4.8.1 (java windows)
Cache-Control: no-cache
Content-Type: application/json; charset=utf-8
host: localhost:22774
accept: */*

Response DefaultHttpResponse(decodeResult: success, version: HTTP/1.1)
HTTP/1.1 200 OK
Content-Length: 26756
Content-Type: application/json; charset=utf-8
cache-control: no-cache

16:13:24.745 [AsyncHttpClient-1-18] DEBUG org.asynchttpclient.netty.channel.ChannelManager - Adding key: http://localhost:22774 for channel [id: 0x6340ce8b, L:/127.0.0.1:51610 - R:localhost/127.0.0.1:22774]
16:13:24.745 [main] DEBUG net.serenitybdd.core.photography.Darkroom - Send negative for processing for target\site\serenity\c402a98029857787bb0d1b94ca692b09a09f20edaea060d6e8dfa64020dbba76.png
16:13:24.745 [main] DEBUG net.thucydides.core.steps.StepInterceptor - STEP DONE: clickBayarButton
  &amp#27;[32mWhen &amp#27;[0m&amp#27;[32mI click BAYAR button&amp#27;[0m                        &amp#27;[90m# starter.stepdefinitions.TransactionSteps.clickBayarButton()&amp#27;[0m
16:13:24.746 [Darkroom Processing Line] DEBUG net.serenitybdd.core.photography.DarkroomProcessingLine - Processing screenshot image in /var/screenshots/screenshot-1194604903969586343
16:13:24.746 [Darkroom Processing Line] DEBUG net.serenitybdd.core.photography.DarkroomProcessingLine - Saving screenshot to target\site\serenity\c402a98029857787bb0d1b94ca692b09a09f20edaea060d6e8dfa64020dbba76.png
16:13:24.752 [Forwarding getPageSource on session 51de8bef4abd9eefa5de0041c38702ae to remote] DEBUG org.asynchttpclient.netty.request.NettyRequestSender - Using pooled Channel '[id: 0x6340ce8b, L:/127.0.0.1:51610 - R:localhost/127.0.0.1:22774]' for 'POST' to 'http://localhost:22774/session/51de8bef4abd9eefa5de0041c38702ae/execute/sync'
16:13:24.752 [Forwarding getPageSource on session 51de8bef4abd9eefa5de0041c38702ae to remote] DEBUG org.asynchttpclient.netty.request.NettyRequestSender - Using open Channel [id: 0x6340ce8b, L:/127.0.0.1:51610 - R:localhost/127.0.0.1:22774] for POST '/session/51de8bef4abd9eefa5de0041c38702ae/execute/sync'
16:13:24.755 [AsyncHttpClient-1-18] DEBUG org.asynchttpclient.netty.handler.HttpHandler - 

Request DefaultHttpRequest(decodeResult: success, version: HTTP/1.1)
POST /session/51de8bef4abd9eefa5de0041c38702ae/execute/sync HTTP/1.1
User-Agent: selenium/4.8.1 (java windows)
Content-Length: 176
Content-Type: application/json; charset=utf-8
host: localhost:22774
accept: */*

Response DefaultHttpResponse(decodeResult: success, version: HTTP/1.1)
HTTP/1.1 200 OK
Content-Length: 22034
Content-Type: application/json; charset=utf-8
cache-control: no-cache

16:13:24.755 [AsyncHttpClient-1-18] DEBUG org.asynchttpclient.netty.channel.ChannelManager - Adding key: http://localhost:22774 for channel [id: 0x6340ce8b, L:/127.0.0.1:51610 - R:localhost/127.0.0.1:22774]
16:13:24.757 [Forwarding getCurrentUrl on session 51de8bef4abd9eefa5de0041c38702ae to remote] DEBUG org.asynchttpclient.netty.request.NettyRequestSender - Using pooled Channel '[id: 0x6340ce8b, L:/127.0.0.1:51610 - R:localhost/127.0.0.1:22774]' for 'GET' to 'http://localhost:22774/session/51de8bef4abd9eefa5de0041c38702ae/url'
16:13:24.757 [Forwarding getCurrentUrl on session 51de8bef4abd9eefa5de0041c38702ae to remote] DEBUG org.asynchttpclient.netty.request.NettyRequestSender - Using open Channel [id: 0x6340ce8b, L:/127.0.0.1:51610 - R:localhost/127.0.0.1:22774] for GET '/session/51de8bef4abd9eefa5de0041c38702ae/url'
16:13:24.760 [AsyncHttpClient-1-18] DEBUG org.asynchttpclient.netty.handler.HttpHandler - 

Request DefaultFullHttpRequest(decodeResult: success, version: HTTP/1.1, content: EmptyByteBufBE)
GET /session/51de8bef4abd9eefa5de0041c38702ae/url HTTP/1.1
User-Agent: selenium/4.8.1 (java windows)
Cache-Control: no-cache
Content-Type: application/json; charset=utf-8
host: localhost:22774
accept: */*

Response DefaultHttpResponse(decodeResult: success, version: HTTP/1.1)
HTTP/1.1 200 OK
Content-Length: 129
Content-Type: application/json; charset=utf-8
cache-control: no-cache

16:13:24.760 [AsyncHttpClient-1-18] DEBUG org.asynchttpclient.netty.channel.ChannelManager - Adding key: http://localhost:22774 for channel [id: 0x6340ce8b, L:/127.0.0.1:51610 - R:localhost/127.0.0.1:22774]
16:13:24.766 [Forwarding getPageSource on session 51de8bef4abd9eefa5de0041c38702ae to remote] DEBUG org.asynchttpclient.netty.request.NettyRequestSender - Using pooled Channel '[id: 0x6340ce8b, L:/127.0.0.1:51610 - R:localhost/127.0.0.1:22774]' for 'POST' to 'http://localhost:22774/session/51de8bef4abd9eefa5de0041c38702ae/execute/sync'
16:13:24.766 [Forwarding getPageSource on session 51de8bef4abd9eefa5de0041c38702ae to remote] DEBUG org.asynchttpclient.netty.request.NettyRequestSender - Using open Channel [id: 0x6340ce8b, L:/127.0.0.1:51610 - R:localhost/127.0.0.1:22774] for POST '/session/51de8bef4abd9eefa5de0041c38702ae/execute/sync'
16:13:24.770 [AsyncHttpClient-1-18] DEBUG org.asynchttpclient.netty.handler.HttpHandler - 

Request DefaultHttpRequest(decodeResult: success, version: HTTP/1.1)
POST /session/51de8bef4abd9eefa5de0041c38702ae/execute/sync HTTP/1.1
User-Agent: selenium/4.8.1 (java windows)
Content-Length: 176
Content-Type: application/json; charset=utf-8
host: localhost:22774
accept: */*

Response DefaultHttpResponse(decodeResult: success, version: HTTP/1.1)
HTTP/1.1 200 OK
Content-Length: 22034
Content-Type: application/json; charset=utf-8
cache-control: no-cache

16:13:24.770 [AsyncHttpClient-1-18] DEBUG org.asynchttpclient.netty.channel.ChannelManager - Adding key: http://localhost:22774 for channel [id: 0x6340ce8b, L:/127.0.0.1:51610 - R:localhost/127.0.0.1:22774]
16:13:24.772 [Forwarding getCurrentUrl on session 51de8bef4abd9eefa5de0041c38702ae to remote] DEBUG org.asynchttpclient.netty.request.NettyRequestSender - Using pooled Channel '[id: 0x6340ce8b, L:/127.0.0.1:51610 - R:localhost/127.0.0.1:22774]' for 'GET' to 'http://localhost:22774/session/51de8bef4abd9eefa5de0041c38702ae/url'
16:13:24.772 [Forwarding getCurrentUrl on session 51de8bef4abd9eefa5de0041c38702ae to remote] DEBUG org.asynchttpclient.netty.request.NettyRequestSender - Using open Channel [id: 0x6340ce8b, L:/127.0.0.1:51610 - R:localhost/127.0.0.1:22774] for GET '/session/51de8bef4abd9eefa5de0041c38702ae/url'
16:13:24.774 [AsyncHttpClient-1-18] DEBUG org.asynchttpclient.netty.handler.HttpHandler - 

Request DefaultFullHttpRequest(decodeResult: success, version: HTTP/1.1, content: EmptyByteBufBE)
GET /session/51de8bef4abd9eefa5de0041c38702ae/url HTTP/1.1
User-Agent: selenium/4.8.1 (java windows)
Cache-Control: no-cache
Content-Type: application/json; charset=utf-8
host: localhost:22774
accept: */*

Response DefaultHttpResponse(decodeResult: success, version: HTTP/1.1)
HTTP/1.1 200 OK
Content-Length: 129
Content-Type: application/json; charset=utf-8
cache-control: no-cache

16:13:24.774 [AsyncHttpClient-1-18] DEBUG org.asynchttpclient.netty.channel.ChannelManager - Adding key: http://localhost:22774 for channel [id: 0x6340ce8b, L:/127.0.0.1:51610 - R:localhost/127.0.0.1:22774]
16:13:24.775 [main] DEBUG net.thucydides.core.steps.StepInterceptor - STARTING STEP: TransactionSteps.validateOnLoginPage - validateOnLoginPage
16:13:24.776 [Forwarding findElement on session 51de8bef4abd9eefa5de0041c38702ae to remote] DEBUG org.asynchttpclient.netty.request.NettyRequestSender - Using pooled Channel '[id: 0x6340ce8b, L:/127.0.0.1:51610 - R:localhost/127.0.0.1:22774]' for 'POST' to 'http://localhost:22774/session/51de8bef4abd9eefa5de0041c38702ae/element'
16:13:24.776 [Forwarding findElement on session 51de8bef4abd9eefa5de0041c38702ae to remote] DEBUG org.asynchttpclient.netty.request.NettyRequestSender - Using open Channel [id: 0x6340ce8b, L:/127.0.0.1:51610 - R:localhost/127.0.0.1:22774] for POST '/session/51de8bef4abd9eefa5de0041c38702ae/element'
16:13:24.785 [AsyncHttpClient-1-18] DEBUG org.asynchttpclient.netty.handler.HttpHandler - 

Request DefaultHttpRequest(decodeResult: success, version: HTTP/1.1)
POST /session/51de8bef4abd9eefa5de0041c38702ae/element HTTP/1.1
User-Agent: selenium/4.8.1 (java windows)
Content-Length: 71
Content-Type: application/json; charset=utf-8
host: localhost:22774
accept: */*

Response DefaultHttpResponse(decodeResult: success, version: HTTP/1.1)
HTTP/1.1 200 OK
Content-Length: 88
Content-Type: application/json; charset=utf-8
cache-control: no-cache

16:13:24.785 [AsyncHttpClient-1-18] DEBUG org.asynchttpclient.netty.channel.ChannelManager - Adding key: http://localhost:22774 for channel [id: 0x6340ce8b, L:/127.0.0.1:51610 - R:localhost/127.0.0.1:22774]
16:13:24.787 [Forwarding isElementDisplayed on session 51de8bef4abd9eefa5de0041c38702ae to remote] DEBUG org.asynchttpclient.netty.request.NettyRequestSender - Using pooled Channel '[id: 0x6340ce8b, L:/127.0.0.1:51610 - R:localhost/127.0.0.1:22774]' for 'POST' to 'http://localhost:22774/session/51de8bef4abd9eefa5de0041c38702ae/execute/sync'
16:13:24.787 [Forwarding isElementDisplayed on session 51de8bef4abd9eefa5de0041c38702ae to remote] DEBUG org.asynchttpclient.netty.request.NettyRequestSender - Using open Channel [id: 0x6340ce8b, L:/127.0.0.1:51610 - R:localhost/127.0.0.1:22774] for POST '/session/51de8bef4abd9eefa5de0041c38702ae/execute/sync'
16:13:24.798 [AsyncHttpClient-1-18] DEBUG org.asynchttpclient.netty.handler.HttpHandler - 

Request DefaultHttpRequest(decodeResult: success, version: HTTP/1.1)
POST /session/51de8bef4abd9eefa5de0041c38702ae/execute/sync HTTP/1.1
User-Agent: selenium/4.8.1 (java windows)
Content-Length: 48807
Content-Type: application/json; charset=utf-8
host: localhost:22774
accept: */*

Response DefaultHttpResponse(decodeResult: success, version: HTTP/1.1)
HTTP/1.1 200 OK
Content-Length: 14
Content-Type: application/json; charset=utf-8
cache-control: no-cache

16:13:24.799 [AsyncHttpClient-1-18] DEBUG org.asynchttpclient.netty.channel.ChannelManager - Adding key: http://localhost:22774 for channel [id: 0x6340ce8b, L:/127.0.0.1:51610 - R:localhost/127.0.0.1:22774]
16:13:24.803 [Forwarding getAlertText on session 51de8bef4abd9eefa5de0041c38702ae to remote] DEBUG org.asynchttpclient.netty.request.NettyRequestSender - Using pooled Channel '[id: 0x6340ce8b, L:/127.0.0.1:51610 - R:localhost/127.0.0.1:22774]' for 'GET' to 'http://localhost:22774/session/51de8bef4abd9eefa5de0041c38702ae/alert/text'
16:13:24.803 [Forwarding getAlertText on session 51de8bef4abd9eefa5de0041c38702ae to remote] DEBUG org.asynchttpclient.netty.request.NettyRequestSender - Using open Channel [id: 0x6340ce8b, L:/127.0.0.1:51610 - R:localhost/127.0.0.1:22774] for GET '/session/51de8bef4abd9eefa5de0041c38702ae/alert/text'
16:13:24.804 [AsyncHttpClient-1-18] DEBUG org.asynchttpclient.netty.handler.HttpHandler - 

Request DefaultFullHttpRequest(decodeResult: success, version: HTTP/1.1, content: EmptyByteBufBE)
GET /session/51de8bef4abd9eefa5de0041c38702ae/alert/text HTTP/1.1
User-Agent: selenium/4.8.1 (java windows)
Cache-Control: no-cache
Content-Type: application/json; charset=utf-8
host: localhost:22774
accept: */*

Response DefaultHttpResponse(decodeResult: success, version: HTTP/1.1)
HTTP/1.1 404 Not Found
Content-Length: 836
Content-Type: application/json; charset=utf-8
cache-control: no-cache

16:13:24.804 [AsyncHttpClient-1-18] DEBUG org.asynchttpclient.netty.channel.ChannelManager - Adding key: http://localhost:22774 for channel [id: 0x6340ce8b, L:/127.0.0.1:51610 - R:localhost/127.0.0.1:22774]
16:13:24.805 [Forwarding getCurrentUrl on session 51de8bef4abd9eefa5de0041c38702ae to remote] DEBUG org.asynchttpclient.netty.request.NettyRequestSender - Using pooled Channel '[id: 0x6340ce8b, L:/127.0.0.1:51610 - R:localhost/127.0.0.1:22774]' for 'GET' to 'http://localhost:22774/session/51de8bef4abd9eefa5de0041c38702ae/url'
16:13:24.805 [Forwarding getCurrentUrl on session 51de8bef4abd9eefa5de0041c38702ae to remote] DEBUG org.asynchttpclient.netty.request.NettyRequestSender - Using open Channel [id: 0x6340ce8b, L:/127.0.0.1:51610 - R:localhost/127.0.0.1:22774] for GET '/session/51de8bef4abd9eefa5de0041c38702ae/url'
16:13:24.808 [AsyncHttpClient-1-18] DEBUG org.asynchttpclient.netty.handler.HttpHandler - 

Request DefaultFullHttpRequest(decodeResult: success, version: HTTP/1.1, content: EmptyByteBufBE)
GET /session/51de8bef4abd9eefa5de0041c38702ae/url HTTP/1.1
User-Agent: selenium/4.8.1 (java windows)
Cache-Control: no-cache
Content-Type: application/json; charset=utf-8
host: localhost:22774
accept: */*

Response DefaultHttpResponse(decodeResult: success, version: HTTP/1.1)
HTTP/1.1 200 OK
Content-Length: 129
Content-Type: application/json; charset=utf-8
cache-control: no-cache

16:13:24.808 [AsyncHttpClient-1-18] DEBUG org.asynchttpclient.netty.channel.ChannelManager - Adding key: http://localhost:22774 for channel [id: 0x6340ce8b, L:/127.0.0.1:51610 - R:localhost/127.0.0.1:22774]
16:13:24.808 [Forwarding screenshot on session 51de8bef4abd9eefa5de0041c38702ae to remote] DEBUG org.asynchttpclient.netty.request.NettyRequestSender - Using pooled Channel '[id: 0x6340ce8b, L:/127.0.0.1:51610 - R:localhost/127.0.0.1:22774]' for 'GET' to 'http://localhost:22774/session/51de8bef4abd9eefa5de0041c38702ae/screenshot'
16:13:24.808 [Forwarding screenshot on session 51de8bef4abd9eefa5de0041c38702ae to remote] DEBUG org.asynchttpclient.netty.request.NettyRequestSender - Using open Channel [id: 0x6340ce8b, L:/127.0.0.1:51610 - R:localhost/127.0.0.1:22774] for GET '/session/51de8bef4abd9eefa5de0041c38702ae/screenshot'
16:13:24.891 [AsyncHttpClient-1-18] DEBUG org.asynchttpclient.netty.handler.HttpHandler - 

Request DefaultFullHttpRequest(decodeResult: success, version: HTTP/1.1, content: EmptyByteBufBE)
GET /session/51de8bef4abd9eefa5de0041c38702ae/screenshot HTTP/1.1
User-Agent: selenium/4.8.1 (java windows)
Cache-Control: no-cache
Content-Type: application/json; charset=utf-8
host: localhost:22774
accept: */*

Response DefaultHttpResponse(decodeResult: success, version: HTTP/1.1)
HTTP/1.1 200 OK
Content-Length: 25612
Content-Type: application/json; charset=utf-8
cache-control: no-cache

16:13:24.891 [AsyncHttpClient-1-18] DEBUG org.asynchttpclient.netty.channel.ChannelManager - Adding key: http://localhost:22774 for channel [id: 0x6340ce8b, L:/127.0.0.1:51610 - R:localhost/127.0.0.1:22774]
16:13:24.892 [main] DEBUG net.serenitybdd.core.photography.Darkroom - Send negative for processing for target\site\serenity\dcad2c337f8cc3500ff2114aa270b7286c799c6de0992d0d85fb743a2a919cf2.png
16:13:24.893 [main] DEBUG net.thucydides.core.steps.StepInterceptor - STEP DONE: validateOnLoginPage
  &amp#27;[32mThen &amp#27;[0m&amp#27;[32mI redirected to login page&amp#27;[0m                  &amp#27;[90m# starter.stepdefinitions.TransactionSteps.validateOnLoginPage()&amp#27;[0m
16:13:24.893 [Darkroom Processing Line] DEBUG net.serenitybdd.core.photography.DarkroomProcessingLine - Processing screenshot image in /var/screenshots/screenshot-5529823396326200302
16:13:24.893 [Darkroom Processing Line] DEBUG net.serenitybdd.core.photography.DarkroomProcessingLine - Saving screenshot to target\site\serenity\dcad2c337f8cc3500ff2114aa270b7286c799c6de0992d0d85fb743a2a919cf2.png
16:13:24.896 [main] INFO  - 
  _____   ___   ___   _____     ___     _     ___   ___   ___   ___  
 |_   _| | __| / __| |_   _|   | _ \   /_\   / __| / __| | __| |   \ 
   | |   | _|  \__ \   | |     |  _/  / _ \  \__ \ \__ \ | _|  | |) |
   |_|   |___| |___/   |_|     |_|   /_/ \_\ |___/ |___/ |___| |___/ 

Failed to pay when user hasn't login yet
----------------------------------------------------------------------
16:13:24.898 [AsyncHttpClient-1-20] DEBUG org.asynchttpclient.netty.handler.WebSocketHandler - Channel Closed: [id: 0xe32e0bef, L:/127.0.0.1:51618 ! R:localhost/127.0.0.1:51611] with attribute NettyResponseFuture{currentRetry=0,
	isDone=1,
	isCancelled=0,
	asyncHandler=org.asynchttpclient.ws.WebSocketUpgradeHandler@dee6fc7,
	nettyRequest=org.asynchttpclient.netty.request.NettyRequest@329b1875,
	future=java.util.concurrent.CompletableFuture@75cd9788[Completed normally],
	uri=ws://localhost:51611/devtools/browser/6d9bb31d-0edb-4824-9c05-a998f5d01ed0,
	keepAlive=true,
	redirectCount=0,
	timeoutsHolder=null,
	inAuth=0,
	touch=1683537199421}
16:13:24.898 [Driver Command Executor] DEBUG org.asynchttpclient.netty.request.NettyRequestSender - Using pooled Channel '[id: 0x6340ce8b, L:/127.0.0.1:51610 - R:localhost/127.0.0.1:22774]' for 'DELETE' to 'http://localhost:22774/session/51de8bef4abd9eefa5de0041c38702ae'
16:13:24.898 [AsyncHttpClient-1-20] DEBUG org.asynchttpclient.netty.channel.ChannelManager - Closing Channel [id: 0xe32e0bef, L:/127.0.0.1:51618 ! R:localhost/127.0.0.1:51611] 
16:13:24.898 [Driver Command Executor] DEBUG org.asynchttpclient.netty.request.NettyRequestSender - Using open Channel [id: 0x6340ce8b, L:/127.0.0.1:51610 - R:localhost/127.0.0.1:22774] for DELETE '/session/51de8bef4abd9eefa5de0041c38702ae'
16:13:24.995 [AsyncHttpClient-1-19] DEBUG org.asynchttpclient.netty.handler.HttpHandler - Unexpected I/O exception on channel [id: 0xe8188aba, L:/127.0.0.1:51617 - R:localhost/127.0.0.1:51611]
java.net.SocketException: Connection reset
	at java.base/sun.nio.ch.SocketChannelImpl.throwConnectionReset(SocketChannelImpl.java:367)
	at java.base/sun.nio.ch.SocketChannelImpl.read(SocketChannelImpl.java:398)
	at io.netty.buffer.PooledByteBuf.setBytes(PooledByteBuf.java:259)
	at io.netty.buffer.AbstractByteBuf.writeBytes(AbstractByteBuf.java:1132)
	at io.netty.channel.socket.nio.NioSocketChannel.doReadBytes(NioSocketChannel.java:357)
	at io.netty.channel.nio.AbstractNioByteChannel$NioByteUnsafe.read(AbstractNioByteChannel.java:151)
	at io.netty.channel.nio.NioEventLoop.processSelectedKey(NioEventLoop.java:788)
	at io.netty.channel.nio.NioEventLoop.processSelectedKeysOptimized(NioEventLoop.java:724)
	at io.netty.channel.nio.NioEventLoop.processSelectedKeys(NioEventLoop.java:650)
	at io.netty.channel.nio.NioEventLoop.run(NioEventLoop.java:562)
	at io.netty.util.concurrent.SingleThreadEventExecutor$4.run(SingleThreadEventExecutor.java:997)
	at io.netty.util.internal.ThreadExecutorMap$2.run(ThreadExecutorMap.java:74)
	at io.netty.util.concurrent.FastThreadLocalRunnable.run(FastThreadLocalRunnable.java:30)
	at java.base/java.lang.Thread.run(Thread.java:832)
16:13:24.995 [AsyncHttpClient-1-19] DEBUG org.asynchttpclient.netty.channel.ChannelManager - Closing Channel [id: 0xe8188aba, L:/127.0.0.1:51617 - R:localhost/127.0.0.1:51611] 
16:13:24.995 [AsyncHttpClient-1-19] DEBUG org.asynchttpclient.netty.handler.HttpHandler - Channel Closed: [id: 0xe8188aba, L:/127.0.0.1:51617 ! R:localhost/127.0.0.1:51611] with attribute DISCARD
16:13:25.021 [AsyncHttpClient-1-18] DEBUG org.asynchttpclient.netty.handler.HttpHandler - 

Request DefaultFullHttpRequest(decodeResult: success, version: HTTP/1.1, content: EmptyByteBufBE)
DELETE /session/51de8bef4abd9eefa5de0041c38702ae HTTP/1.1
User-Agent: selenium/4.8.1 (java windows)
Content-Type: application/json; charset=utf-8
host: localhost:22774
accept: */*

Response DefaultHttpResponse(decodeResult: success, version: HTTP/1.1)
HTTP/1.1 200 OK
Content-Length: 14
Content-Type: application/json; charset=utf-8
cache-control: no-cache

16:13:25.021 [AsyncHttpClient-1-18] DEBUG org.asynchttpclient.netty.channel.ChannelManager - Adding key: http://localhost:22774 for channel [id: 0x6340ce8b, L:/127.0.0.1:51610 - R:localhost/127.0.0.1:22774]
16:13:25.135 [AsyncHttpClient-1-18] DEBUG org.asynchttpclient.netty.handler.HttpHandler - Channel Closed: [id: 0x6340ce8b, L:/127.0.0.1:51610 ! R:localhost/127.0.0.1:22774] with attribute DISCARD
16:13:25.166 [AsyncHttpClient-1-1] DEBUG org.asynchttpclient.netty.channel.DefaultChannelPool - Entry count for : http://localhost:22774 : 1
16:13:25.166 [AsyncHttpClient-1-1] DEBUG org.asynchttpclient.netty.channel.DefaultChannelPool - Entry count for : http://localhost:51611 : 1
16:13:25.166 [AsyncHttpClient-1-1] DEBUG org.asynchttpclient.netty.channel.DefaultChannelPool - Adding Candidate expired Channel [id: 0x6340ce8b, L:/127.0.0.1:51610 ! R:localhost/127.0.0.1:22774] isIdleTimeoutExpired=false isRemotelyClosed=true isTtlExpired=false
16:13:25.166 [AsyncHttpClient-1-1] DEBUG org.asynchttpclient.netty.channel.DefaultChannelPool - Closing Idle Channel [id: 0x6340ce8b, L:/127.0.0.1:51610 ! R:localhost/127.0.0.1:22774]
16:13:25.166 [AsyncHttpClient-1-1] DEBUG org.asynchttpclient.netty.channel.DefaultChannelPool - Adding Candidate expired Channel [id: 0xe8188aba, L:/127.0.0.1:51617 ! R:localhost/127.0.0.1:51611] isIdleTimeoutExpired=false isRemotelyClosed=true isTtlExpired=false
16:13:25.166 [AsyncHttpClient-1-1] DEBUG org.asynchttpclient.netty.channel.DefaultChannelPool - Closing Idle Channel [id: 0xe8188aba, L:/127.0.0.1:51617 ! R:localhost/127.0.0.1:51611]
16:13:25.166 [AsyncHttpClient-1-1] DEBUG org.asynchttpclient.netty.channel.DefaultChannelPool - Closed 2 connections out of 2 in 0 ms
]]></system-out>
    <system-err><![CDATA[Starting ChromeDriver 111.0.5563.64 (c710e93d5b63b7095afe8c2c17df34408078439d-refs/branch-heads/5563@{#995}) on port 22774
Only local connections are allowed.
Please see https://chromedriver.chromium.org/security-considerations for suggestions on keeping ChromeDriver safe.
ChromeDriver was started successfully.
[1683537199.401][WARNING]: This version of ChromeDriver has not been tested with Chrome version 112.
May 08, 2023 4:13:19 PM org.openqa.selenium.devtools.CdpVersionFinder findNearestMatch
WARNING: Unable to find an exact match for CDP version 112, so returning the closest version found: 110
]]></system-err>
  </testcase>
  <testcase name="Logout from account" classname="Logout from Alta-shop Account" time="10.375">
    <system-out><![CDATA[16:13:25.656 [main] DEBUG io.cucumber.core.plugin.SerenityReporter - Running feature from file:///C:/Users/WINDOWS%2010/Documents/GitHub/MiniProject_QE/Web/code/minpro/src/test/resources/features/6.%20Logout.feature
16:13:25.658 [main] DEBUG net.thucydides.core.steps.StepEventBus - Test suite started for story net.thucydides.core.model.Story@17228dd2
16:13:25.658 [main] INFO  - Test Suite Started: Logout from Alta-shop Account

Scenario: Logout from account                                &amp#27;[90m# src/test/resources/features/6. Logout.feature:7&amp#27;[0m
16:13:25.662 [main] DEBUG io.cucumber.core.plugin.SerenityReporter - Running feature from file:///C:/Users/WINDOWS%2010/Documents/GitHub/MiniProject_QE/Web/code/minpro/src/test/resources/features/6.%20Logout.feature
16:13:25.664 [main] INFO  - 
  _____   ___   ___   _____     ___   _____     _     ___   _____   ___   ___  
 |_   _| | __| / __| |_   _|   / __| |_   _|   /_\   | _ \ |_   _| | __| |   \ 
   | |   | _|  \__ \   | |     \__ \   | |    / _ \  |   /   | |   | _|  | |) |
   |_|   |___| |___/   |_|     |___/   |_|   /_/ \_\ |_|_\   |_|   |___| |___/ 

Logout from account(logout-from-alta-shop-account;logout-from-account)
--------------------------------------------------------------------------------
16:13:25.676 [main] DEBUG net.thucydides.core.steps.StepInterceptor - STARTING STEP: LogoutSteps.onTheHomePage - openPage
16:13:25.706 [main] INFO net.serenitybdd.core.webdriver.driverproviders.ChromeDriverProvider - Starting Chrome driver instance with capabilities:
16:13:25.706 [main] INFO net.serenitybdd.core.webdriver.driverproviders.ChromeDriverProvider - Capabilities {acceptInsecureCerts: false, browserName: chrome, goog:chromeOptions: {args: [remote-allow-origins=*], extensions: []}}
16:13:25.769 [AsyncHttpClient-1-21] DEBUG org.asynchttpclient.netty.channel.NettyConnectListener - Using new Channel '[id: 0xdad73517, L:/127.0.0.1:51644 - R:localhost/127.0.0.1:30685]' for 'POST' to '/session'
16:13:26.420 [AsyncHttpClient-1-21] DEBUG org.asynchttpclient.netty.handler.HttpHandler - 

Request DefaultHttpRequest(decodeResult: success, version: HTTP/1.1)
POST /session HTTP/1.1
User-Agent: selenium/4.8.1 (java windows)
Content-Length: 507
Content-Type: application/json; charset=utf-8
host: localhost:30685
accept: */*

Response DefaultHttpResponse(decodeResult: success, version: HTTP/1.1)
HTTP/1.1 200 OK
Content-Length: 862
Content-Type: application/json; charset=utf-8
cache-control: no-cache

16:13:26.420 [AsyncHttpClient-1-21] DEBUG org.asynchttpclient.netty.channel.ChannelManager - Adding key: http://localhost:30685 for channel [id: 0xdad73517, L:/127.0.0.1:51644 - R:localhost/127.0.0.1:30685]
16:13:26.424 [AsyncHttpClient-1-22] DEBUG org.asynchttpclient.netty.channel.NettyConnectListener - Using new Channel '[id: 0x092a8141, L:/127.0.0.1:51653 - R:localhost/127.0.0.1:51646]' for 'GET' to '/json/version'
16:13:26.425 [AsyncHttpClient-1-22] DEBUG org.asynchttpclient.netty.handler.HttpHandler - 

Request DefaultFullHttpRequest(decodeResult: success, version: HTTP/1.1, content: EmptyByteBufBE)
GET /json/version HTTP/1.1
User-Agent: selenium/4.8.1 (java windows)
host: localhost:51646
accept: */*

Response DefaultHttpResponse(decodeResult: success, version: HTTP/1.1)
HTTP/1.1 200 OK
Content-Security-Policy: frame-ancestors 'none'
Content-Length: 424
Content-Type: application/json; charset=UTF-8

16:13:26.425 [AsyncHttpClient-1-22] DEBUG org.asynchttpclient.netty.channel.ChannelManager - Adding key: http://localhost:51646 for channel [id: 0x092a8141, L:/127.0.0.1:51653 - R:localhost/127.0.0.1:51646]
16:13:26.426 [AsyncHttpClient-1-23] DEBUG org.asynchttpclient.netty.channel.NettyConnectListener - Using new Channel '[id: 0xf18de535, L:/127.0.0.1:51654 - R:localhost/127.0.0.1:51646]' for 'GET' to '/devtools/browser/19724e00-9968-4fec-b080-198b7e8915c1'
16:13:26.426 [AsyncHttpClient-1-23] DEBUG org.asynchttpclient.netty.handler.WebSocketHandler - 

Request DefaultFullHttpRequest(decodeResult: success, version: HTTP/1.1, content: EmptyByteBufBE)
GET /devtools/browser/19724e00-9968-4fec-b080-198b7e8915c1 HTTP/1.1
upgrade: websocket
connection: upgrade
sec-websocket-key: mzJrut9AdSCMG2o1sA/XaQ==
sec-websocket-version: 13
origin: http://localhost:51646
host: localhost:51646
accept: */*
user-agent: AHC/2.1

Response DefaultHttpResponse(decodeResult: success, version: HTTP/1.1)
HTTP/1.1 101 WebSocket Protocol Handshake
Upgrade: WebSocket
Connection: Upgrade
Sec-WebSocket-Accept: LS1XOEqMgD8NP6Lp2Ol6Mnj2ISQ=

16:13:26.428 [Forwarding get on session cd2e35120c720276814c605bd3aa4877 to remote] DEBUG org.asynchttpclient.netty.request.NettyRequestSender - Using pooled Channel '[id: 0xdad73517, L:/127.0.0.1:51644 - R:localhost/127.0.0.1:30685]' for 'POST' to 'http://localhost:30685/session/cd2e35120c720276814c605bd3aa4877/url'
16:13:26.428 [Forwarding get on session cd2e35120c720276814c605bd3aa4877 to remote] DEBUG org.asynchttpclient.netty.request.NettyRequestSender - Using open Channel [id: 0xdad73517, L:/127.0.0.1:51644 - R:localhost/127.0.0.1:30685] for POST '/session/cd2e35120c720276814c605bd3aa4877/url'
16:13:27.357 [AsyncHttpClient-1-1] DEBUG org.asynchttpclient.netty.channel.DefaultChannelPool - Entry count for : http://localhost:51646 : 1
16:13:28.458 [AsyncHttpClient-1-1] DEBUG org.asynchttpclient.netty.channel.DefaultChannelPool - Entry count for : http://localhost:51646 : 1
16:13:29.557 [AsyncHttpClient-1-1] DEBUG org.asynchttpclient.netty.channel.DefaultChannelPool - Entry count for : http://localhost:51646 : 1
16:13:30.657 [AsyncHttpClient-1-1] DEBUG org.asynchttpclient.netty.channel.DefaultChannelPool - Entry count for : http://localhost:51646 : 1
16:13:31.763 [AsyncHttpClient-1-1] DEBUG org.asynchttpclient.netty.channel.DefaultChannelPool - Entry count for : http://localhost:51646 : 1
16:13:31.977 [AsyncHttpClient-1-21] DEBUG org.asynchttpclient.netty.handler.HttpHandler - 

Request DefaultHttpRequest(decodeResult: success, version: HTTP/1.1)
POST /session/cd2e35120c720276814c605bd3aa4877/url HTTP/1.1
User-Agent: selenium/4.8.1 (java windows)
Content-Length: 74
Content-Type: application/json; charset=utf-8
host: localhost:30685
accept: */*

Response DefaultHttpResponse(decodeResult: success, version: HTTP/1.1)
HTTP/1.1 200 OK
Content-Length: 14
Content-Type: application/json; charset=utf-8
cache-control: no-cache

16:13:31.977 [AsyncHttpClient-1-21] DEBUG org.asynchttpclient.netty.channel.ChannelManager - Adding key: http://localhost:30685 for channel [id: 0xdad73517, L:/127.0.0.1:51644 - R:localhost/127.0.0.1:30685]
16:13:31.978 [Forwarding setTimeout on session cd2e35120c720276814c605bd3aa4877 to remote] DEBUG org.asynchttpclient.netty.request.NettyRequestSender - Using pooled Channel '[id: 0xdad73517, L:/127.0.0.1:51644 - R:localhost/127.0.0.1:30685]' for 'POST' to 'http://localhost:30685/session/cd2e35120c720276814c605bd3aa4877/timeouts'
16:13:31.978 [Forwarding setTimeout on session cd2e35120c720276814c605bd3aa4877 to remote] DEBUG org.asynchttpclient.netty.request.NettyRequestSender - Using open Channel [id: 0xdad73517, L:/127.0.0.1:51644 - R:localhost/127.0.0.1:30685] for POST '/session/cd2e35120c720276814c605bd3aa4877/timeouts'
16:13:31.979 [AsyncHttpClient-1-21] DEBUG org.asynchttpclient.netty.handler.HttpHandler - 

Request DefaultHttpRequest(decodeResult: success, version: HTTP/1.1)
POST /session/cd2e35120c720276814c605bd3aa4877/timeouts HTTP/1.1
User-Agent: selenium/4.8.1 (java windows)
Content-Length: 22
Content-Type: application/json; charset=utf-8
host: localhost:30685
accept: */*

Response DefaultHttpResponse(decodeResult: success, version: HTTP/1.1)
HTTP/1.1 200 OK
Content-Length: 14
Content-Type: application/json; charset=utf-8
cache-control: no-cache

16:13:31.979 [AsyncHttpClient-1-21] DEBUG org.asynchttpclient.netty.channel.ChannelManager - Adding key: http://localhost:30685 for channel [id: 0xdad73517, L:/127.0.0.1:51644 - R:localhost/127.0.0.1:30685]
16:13:31.981 [main] DEBUG net.serenitybdd.core.photography.Darkroom - Opening darkroom
16:13:31.982 [Darkroom Processing Line] DEBUG net.serenitybdd.core.photography.DarkroomProcessingLine - Darkroom processing line starting up
16:13:31.982 [Forwarding getAlertText on session cd2e35120c720276814c605bd3aa4877 to remote] DEBUG org.asynchttpclient.netty.request.NettyRequestSender - Using pooled Channel '[id: 0xdad73517, L:/127.0.0.1:51644 - R:localhost/127.0.0.1:30685]' for 'GET' to 'http://localhost:30685/session/cd2e35120c720276814c605bd3aa4877/alert/text'
16:13:31.982 [Forwarding getAlertText on session cd2e35120c720276814c605bd3aa4877 to remote] DEBUG org.asynchttpclient.netty.request.NettyRequestSender - Using open Channel [id: 0xdad73517, L:/127.0.0.1:51644 - R:localhost/127.0.0.1:30685] for GET '/session/cd2e35120c720276814c605bd3aa4877/alert/text'
16:13:31.983 [AsyncHttpClient-1-21] DEBUG org.asynchttpclient.netty.handler.HttpHandler - 

Request DefaultFullHttpRequest(decodeResult: success, version: HTTP/1.1, content: EmptyByteBufBE)
GET /session/cd2e35120c720276814c605bd3aa4877/alert/text HTTP/1.1
User-Agent: selenium/4.8.1 (java windows)
Cache-Control: no-cache
Content-Type: application/json; charset=utf-8
host: localhost:30685
accept: */*

Response DefaultHttpResponse(decodeResult: success, version: HTTP/1.1)
HTTP/1.1 404 Not Found
Content-Length: 836
Content-Type: application/json; charset=utf-8
cache-control: no-cache

16:13:31.983 [AsyncHttpClient-1-21] DEBUG org.asynchttpclient.netty.channel.ChannelManager - Adding key: http://localhost:30685 for channel [id: 0xdad73517, L:/127.0.0.1:51644 - R:localhost/127.0.0.1:30685]
16:13:31.983 [Forwarding getCurrentUrl on session cd2e35120c720276814c605bd3aa4877 to remote] DEBUG org.asynchttpclient.netty.request.NettyRequestSender - Using pooled Channel '[id: 0xdad73517, L:/127.0.0.1:51644 - R:localhost/127.0.0.1:30685]' for 'GET' to 'http://localhost:30685/session/cd2e35120c720276814c605bd3aa4877/url'
16:13:31.983 [Forwarding getCurrentUrl on session cd2e35120c720276814c605bd3aa4877 to remote] DEBUG org.asynchttpclient.netty.request.NettyRequestSender - Using open Channel [id: 0xdad73517, L:/127.0.0.1:51644 - R:localhost/127.0.0.1:30685] for GET '/session/cd2e35120c720276814c605bd3aa4877/url'
16:13:31.987 [AsyncHttpClient-1-21] DEBUG org.asynchttpclient.netty.handler.HttpHandler - 

Request DefaultFullHttpRequest(decodeResult: success, version: HTTP/1.1, content: EmptyByteBufBE)
GET /session/cd2e35120c720276814c605bd3aa4877/url HTTP/1.1
User-Agent: selenium/4.8.1 (java windows)
Cache-Control: no-cache
Content-Type: application/json; charset=utf-8
host: localhost:30685
accept: */*

Response DefaultHttpResponse(decodeResult: success, version: HTTP/1.1)
HTTP/1.1 200 OK
Content-Length: 51
Content-Type: application/json; charset=utf-8
cache-control: no-cache

16:13:31.987 [AsyncHttpClient-1-21] DEBUG org.asynchttpclient.netty.channel.ChannelManager - Adding key: http://localhost:30685 for channel [id: 0xdad73517, L:/127.0.0.1:51644 - R:localhost/127.0.0.1:30685]
16:13:31.988 [Forwarding screenshot on session cd2e35120c720276814c605bd3aa4877 to remote] DEBUG org.asynchttpclient.netty.request.NettyRequestSender - Using pooled Channel '[id: 0xdad73517, L:/127.0.0.1:51644 - R:localhost/127.0.0.1:30685]' for 'GET' to 'http://localhost:30685/session/cd2e35120c720276814c605bd3aa4877/screenshot'
16:13:31.988 [Forwarding screenshot on session cd2e35120c720276814c605bd3aa4877 to remote] DEBUG org.asynchttpclient.netty.request.NettyRequestSender - Using open Channel [id: 0xdad73517, L:/127.0.0.1:51644 - R:localhost/127.0.0.1:30685] for GET '/session/cd2e35120c720276814c605bd3aa4877/screenshot'
16:13:32.056 [AsyncHttpClient-1-21] DEBUG org.asynchttpclient.netty.handler.HttpHandler - 

Request DefaultFullHttpRequest(decodeResult: success, version: HTTP/1.1, content: EmptyByteBufBE)
GET /session/cd2e35120c720276814c605bd3aa4877/screenshot HTTP/1.1
User-Agent: selenium/4.8.1 (java windows)
Cache-Control: no-cache
Content-Type: application/json; charset=utf-8
host: localhost:30685
accept: */*

Response DefaultHttpResponse(decodeResult: success, version: HTTP/1.1)
HTTP/1.1 200 OK
Content-Length: 25208
Content-Type: application/json; charset=utf-8
cache-control: no-cache

16:13:32.056 [AsyncHttpClient-1-21] DEBUG org.asynchttpclient.netty.channel.ChannelManager - Adding key: http://localhost:30685 for channel [id: 0xdad73517, L:/127.0.0.1:51644 - R:localhost/127.0.0.1:30685]
16:13:32.057 [main] DEBUG net.serenitybdd.core.photography.Darkroom - Send negative for processing for target\site\serenity\edb14d4aab401efa0e4fb99861e6ffcafebc86a67b69f7828890b9910ed2ddbd.png
16:13:32.057 [main] DEBUG net.thucydides.core.steps.StepInterceptor - STEP DONE: openPage
16:13:32.060 [Forwarding getPageSource on session cd2e35120c720276814c605bd3aa4877 to remote] DEBUG org.asynchttpclient.netty.request.NettyRequestSender - Using pooled Channel '[id: 0xdad73517, L:/127.0.0.1:51644 - R:localhost/127.0.0.1:30685]' for 'POST' to 'http://localhost:30685/session/cd2e35120c720276814c605bd3aa4877/execute/sync'
16:13:32.060 [Forwarding getPageSource on session cd2e35120c720276814c605bd3aa4877 to remote] DEBUG org.asynchttpclient.netty.request.NettyRequestSender - Using open Channel [id: 0xdad73517, L:/127.0.0.1:51644 - R:localhost/127.0.0.1:30685] for POST '/session/cd2e35120c720276814c605bd3aa4877/execute/sync'
16:13:32.066 [AsyncHttpClient-1-21] DEBUG org.asynchttpclient.netty.handler.HttpHandler - 

Request DefaultHttpRequest(decodeResult: success, version: HTTP/1.1)
POST /session/cd2e35120c720276814c605bd3aa4877/execute/sync HTTP/1.1
User-Agent: selenium/4.8.1 (java windows)
Content-Length: 176
Content-Type: application/json; charset=utf-8
host: localhost:30685
accept: */*

Response DefaultHttpResponse(decodeResult: success, version: HTTP/1.1)
HTTP/1.1 200 OK
Content-Length: 21659
Content-Type: application/json; charset=utf-8
cache-control: no-cache

16:13:32.066 [AsyncHttpClient-1-21] DEBUG org.asynchttpclient.netty.channel.ChannelManager - Adding key: http://localhost:30685 for channel [id: 0xdad73517, L:/127.0.0.1:51644 - R:localhost/127.0.0.1:30685]
16:13:32.067 [Forwarding getCurrentUrl on session cd2e35120c720276814c605bd3aa4877 to remote] DEBUG org.asynchttpclient.netty.request.NettyRequestSender - Using pooled Channel '[id: 0xdad73517, L:/127.0.0.1:51644 - R:localhost/127.0.0.1:30685]' for 'GET' to 'http://localhost:30685/session/cd2e35120c720276814c605bd3aa4877/url'
16:13:32.067 [Forwarding getCurrentUrl on session cd2e35120c720276814c605bd3aa4877 to remote] DEBUG org.asynchttpclient.netty.request.NettyRequestSender - Using open Channel [id: 0xdad73517, L:/127.0.0.1:51644 - R:localhost/127.0.0.1:30685] for GET '/session/cd2e35120c720276814c605bd3aa4877/url'
16:13:32.070 [AsyncHttpClient-1-21] DEBUG org.asynchttpclient.netty.handler.HttpHandler - 

Request DefaultFullHttpRequest(decodeResult: success, version: HTTP/1.1, content: EmptyByteBufBE)
GET /session/cd2e35120c720276814c605bd3aa4877/url HTTP/1.1
User-Agent: selenium/4.8.1 (java windows)
Cache-Control: no-cache
Content-Type: application/json; charset=utf-8
host: localhost:30685
accept: */*

Response DefaultHttpResponse(decodeResult: success, version: HTTP/1.1)
HTTP/1.1 200 OK
Content-Length: 51
Content-Type: application/json; charset=utf-8
cache-control: no-cache

16:13:32.070 [AsyncHttpClient-1-21] DEBUG org.asynchttpclient.netty.channel.ChannelManager - Adding key: http://localhost:30685 for channel [id: 0xdad73517, L:/127.0.0.1:51644 - R:localhost/127.0.0.1:30685]
16:13:32.072 [main] DEBUG net.thucydides.core.steps.StepInterceptor - STARTING STEP: LogoutSteps.onTheHomePage - inputEmail
16:13:32.073 [Forwarding findElement on session cd2e35120c720276814c605bd3aa4877 to remote] DEBUG org.asynchttpclient.netty.request.NettyRequestSender - Using pooled Channel '[id: 0xdad73517, L:/127.0.0.1:51644 - R:localhost/127.0.0.1:30685]' for 'POST' to 'http://localhost:30685/session/cd2e35120c720276814c605bd3aa4877/element'
16:13:32.073 [Forwarding findElement on session cd2e35120c720276814c605bd3aa4877 to remote] DEBUG org.asynchttpclient.netty.request.NettyRequestSender - Using open Channel [id: 0xdad73517, L:/127.0.0.1:51644 - R:localhost/127.0.0.1:30685] for POST '/session/cd2e35120c720276814c605bd3aa4877/element'
16:13:32.081 [AsyncHttpClient-1-21] DEBUG org.asynchttpclient.netty.handler.HttpHandler - 

Request DefaultHttpRequest(decodeResult: success, version: HTTP/1.1)
POST /session/cd2e35120c720276814c605bd3aa4877/element HTTP/1.1
User-Agent: selenium/4.8.1 (java windows)
Content-Length: 55
Content-Type: application/json; charset=utf-8
host: localhost:30685
accept: */*

Response DefaultHttpResponse(decodeResult: success, version: HTTP/1.1)
HTTP/1.1 200 OK
Content-Length: 88
Content-Type: application/json; charset=utf-8
cache-control: no-cache

16:13:32.081 [AsyncHttpClient-1-21] DEBUG org.asynchttpclient.netty.channel.ChannelManager - Adding key: http://localhost:30685 for channel [id: 0xdad73517, L:/127.0.0.1:51644 - R:localhost/127.0.0.1:30685]
16:13:32.082 [Forwarding clearElement on session cd2e35120c720276814c605bd3aa4877 to remote] DEBUG org.asynchttpclient.netty.request.NettyRequestSender - Using pooled Channel '[id: 0xdad73517, L:/127.0.0.1:51644 - R:localhost/127.0.0.1:30685]' for 'POST' to 'http://localhost:30685/session/cd2e35120c720276814c605bd3aa4877/element/9df0118d-886e-4f01-bf4b-f4fcfeac022f/clear'
16:13:32.082 [Forwarding clearElement on session cd2e35120c720276814c605bd3aa4877 to remote] DEBUG org.asynchttpclient.netty.request.NettyRequestSender - Using open Channel [id: 0xdad73517, L:/127.0.0.1:51644 - R:localhost/127.0.0.1:30685] for POST '/session/cd2e35120c720276814c605bd3aa4877/element/9df0118d-886e-4f01-bf4b-f4fcfeac022f/clear'
16:13:32.107 [AsyncHttpClient-1-21] DEBUG org.asynchttpclient.netty.handler.HttpHandler - 

Request DefaultHttpRequest(decodeResult: success, version: HTTP/1.1)
POST /session/cd2e35120c720276814c605bd3aa4877/element/9df0118d-886e-4f01-bf4b-f4fcfeac022f/clear HTTP/1.1
User-Agent: selenium/4.8.1 (java windows)
Content-Length: 50
Content-Type: application/json; charset=utf-8
host: localhost:30685
accept: */*

Response DefaultHttpResponse(decodeResult: success, version: HTTP/1.1)
HTTP/1.1 200 OK
Content-Length: 14
Content-Type: application/json; charset=utf-8
cache-control: no-cache

16:13:32.107 [AsyncHttpClient-1-21] DEBUG org.asynchttpclient.netty.channel.ChannelManager - Adding key: http://localhost:30685 for channel [id: 0xdad73517, L:/127.0.0.1:51644 - R:localhost/127.0.0.1:30685]
16:13:32.108 [Forwarding sendKeysToElement on session cd2e35120c720276814c605bd3aa4877 to remote] DEBUG org.asynchttpclient.netty.request.NettyRequestSender - Using pooled Channel '[id: 0xdad73517, L:/127.0.0.1:51644 - R:localhost/127.0.0.1:30685]' for 'POST' to 'http://localhost:30685/session/cd2e35120c720276814c605bd3aa4877/element/9df0118d-886e-4f01-bf4b-f4fcfeac022f/value'
16:13:32.108 [Forwarding sendKeysToElement on session cd2e35120c720276814c605bd3aa4877 to remote] DEBUG org.asynchttpclient.netty.request.NettyRequestSender - Using open Channel [id: 0xdad73517, L:/127.0.0.1:51644 - R:localhost/127.0.0.1:30685] for POST '/session/cd2e35120c720276814c605bd3aa4877/element/9df0118d-886e-4f01-bf4b-f4fcfeac022f/value'
16:13:32.185 [AsyncHttpClient-1-21] DEBUG org.asynchttpclient.netty.handler.HttpHandler - 

Request DefaultHttpRequest(decodeResult: success, version: HTTP/1.1)
POST /session/cd2e35120c720276814c605bd3aa4877/element/9df0118d-886e-4f01-bf4b-f4fcfeac022f/value HTTP/1.1
User-Agent: selenium/4.8.1 (java windows)
Content-Length: 241
Content-Type: application/json; charset=utf-8
host: localhost:30685
accept: */*

Response DefaultHttpResponse(decodeResult: success, version: HTTP/1.1)
HTTP/1.1 200 OK
Content-Length: 14
Content-Type: application/json; charset=utf-8
cache-control: no-cache

16:13:32.185 [AsyncHttpClient-1-21] DEBUG org.asynchttpclient.netty.channel.ChannelManager - Adding key: http://localhost:30685 for channel [id: 0xdad73517, L:/127.0.0.1:51644 - R:localhost/127.0.0.1:30685]
16:13:32.189 [Forwarding getAlertText on session cd2e35120c720276814c605bd3aa4877 to remote] DEBUG org.asynchttpclient.netty.request.NettyRequestSender - Using pooled Channel '[id: 0xdad73517, L:/127.0.0.1:51644 - R:localhost/127.0.0.1:30685]' for 'GET' to 'http://localhost:30685/session/cd2e35120c720276814c605bd3aa4877/alert/text'
16:13:32.189 [Forwarding getAlertText on session cd2e35120c720276814c605bd3aa4877 to remote] DEBUG org.asynchttpclient.netty.request.NettyRequestSender - Using open Channel [id: 0xdad73517, L:/127.0.0.1:51644 - R:localhost/127.0.0.1:30685] for GET '/session/cd2e35120c720276814c605bd3aa4877/alert/text'
16:13:32.190 [AsyncHttpClient-1-21] DEBUG org.asynchttpclient.netty.handler.HttpHandler - 

Request DefaultFullHttpRequest(decodeResult: success, version: HTTP/1.1, content: EmptyByteBufBE)
GET /session/cd2e35120c720276814c605bd3aa4877/alert/text HTTP/1.1
User-Agent: selenium/4.8.1 (java windows)
Cache-Control: no-cache
Content-Type: application/json; charset=utf-8
host: localhost:30685
accept: */*

Response DefaultHttpResponse(decodeResult: success, version: HTTP/1.1)
HTTP/1.1 404 Not Found
Content-Length: 836
Content-Type: application/json; charset=utf-8
cache-control: no-cache

16:13:32.190 [AsyncHttpClient-1-21] DEBUG org.asynchttpclient.netty.channel.ChannelManager - Adding key: http://localhost:30685 for channel [id: 0xdad73517, L:/127.0.0.1:51644 - R:localhost/127.0.0.1:30685]
16:13:32.190 [Forwarding getCurrentUrl on session cd2e35120c720276814c605bd3aa4877 to remote] DEBUG org.asynchttpclient.netty.request.NettyRequestSender - Using pooled Channel '[id: 0xdad73517, L:/127.0.0.1:51644 - R:localhost/127.0.0.1:30685]' for 'GET' to 'http://localhost:30685/session/cd2e35120c720276814c605bd3aa4877/url'
16:13:32.190 [Forwarding getCurrentUrl on session cd2e35120c720276814c605bd3aa4877 to remote] DEBUG org.asynchttpclient.netty.request.NettyRequestSender - Using open Channel [id: 0xdad73517, L:/127.0.0.1:51644 - R:localhost/127.0.0.1:30685] for GET '/session/cd2e35120c720276814c605bd3aa4877/url'
16:13:32.193 [AsyncHttpClient-1-21] DEBUG org.asynchttpclient.netty.handler.HttpHandler - 

Request DefaultFullHttpRequest(decodeResult: success, version: HTTP/1.1, content: EmptyByteBufBE)
GET /session/cd2e35120c720276814c605bd3aa4877/url HTTP/1.1
User-Agent: selenium/4.8.1 (java windows)
Cache-Control: no-cache
Content-Type: application/json; charset=utf-8
host: localhost:30685
accept: */*

Response DefaultHttpResponse(decodeResult: success, version: HTTP/1.1)
HTTP/1.1 200 OK
Content-Length: 51
Content-Type: application/json; charset=utf-8
cache-control: no-cache

16:13:32.193 [AsyncHttpClient-1-21] DEBUG org.asynchttpclient.netty.channel.ChannelManager - Adding key: http://localhost:30685 for channel [id: 0xdad73517, L:/127.0.0.1:51644 - R:localhost/127.0.0.1:30685]
16:13:32.193 [Forwarding screenshot on session cd2e35120c720276814c605bd3aa4877 to remote] DEBUG org.asynchttpclient.netty.request.NettyRequestSender - Using pooled Channel '[id: 0xdad73517, L:/127.0.0.1:51644 - R:localhost/127.0.0.1:30685]' for 'GET' to 'http://localhost:30685/session/cd2e35120c720276814c605bd3aa4877/screenshot'
16:13:32.193 [Forwarding screenshot on session cd2e35120c720276814c605bd3aa4877 to remote] DEBUG org.asynchttpclient.netty.request.NettyRequestSender - Using open Channel [id: 0xdad73517, L:/127.0.0.1:51644 - R:localhost/127.0.0.1:30685] for GET '/session/cd2e35120c720276814c605bd3aa4877/screenshot'
16:13:32.293 [AsyncHttpClient-1-21] DEBUG org.asynchttpclient.netty.handler.HttpHandler - 

Request DefaultFullHttpRequest(decodeResult: success, version: HTTP/1.1, content: EmptyByteBufBE)
GET /session/cd2e35120c720276814c605bd3aa4877/screenshot HTTP/1.1
User-Agent: selenium/4.8.1 (java windows)
Cache-Control: no-cache
Content-Type: application/json; charset=utf-8
host: localhost:30685
accept: */*

Response DefaultHttpResponse(decodeResult: success, version: HTTP/1.1)
HTTP/1.1 200 OK
Content-Length: 30080
Content-Type: application/json; charset=utf-8
cache-control: no-cache

16:13:32.293 [AsyncHttpClient-1-21] DEBUG org.asynchttpclient.netty.channel.ChannelManager - Adding key: http://localhost:30685 for channel [id: 0xdad73517, L:/127.0.0.1:51644 - R:localhost/127.0.0.1:30685]
16:13:32.294 [main] DEBUG net.serenitybdd.core.photography.Darkroom - Send negative for processing for target\site\serenity\d7021e5592f68e298704d1d65f994fbe77ca351d7a37c5c8d95502f007cbef23.png
16:13:32.294 [main] DEBUG net.thucydides.core.steps.StepInterceptor - STEP DONE: inputEmail
16:13:32.295 [Darkroom Processing Line] DEBUG net.serenitybdd.core.photography.DarkroomProcessingLine - Processing screenshot image in /var/screenshots/screenshot-10069973425069820353
16:13:32.295 [Darkroom Processing Line] DEBUG net.serenitybdd.core.photography.DarkroomProcessingLine - Saving screenshot to target\site\serenity\d7021e5592f68e298704d1d65f994fbe77ca351d7a37c5c8d95502f007cbef23.png
16:13:32.298 [Forwarding getPageSource on session cd2e35120c720276814c605bd3aa4877 to remote] DEBUG org.asynchttpclient.netty.request.NettyRequestSender - Using pooled Channel '[id: 0xdad73517, L:/127.0.0.1:51644 - R:localhost/127.0.0.1:30685]' for 'POST' to 'http://localhost:30685/session/cd2e35120c720276814c605bd3aa4877/execute/sync'
16:13:32.298 [Forwarding getPageSource on session cd2e35120c720276814c605bd3aa4877 to remote] DEBUG org.asynchttpclient.netty.request.NettyRequestSender - Using open Channel [id: 0xdad73517, L:/127.0.0.1:51644 - R:localhost/127.0.0.1:30685] for POST '/session/cd2e35120c720276814c605bd3aa4877/execute/sync'
16:13:32.302 [AsyncHttpClient-1-21] DEBUG org.asynchttpclient.netty.handler.HttpHandler - 

Request DefaultHttpRequest(decodeResult: success, version: HTTP/1.1)
POST /session/cd2e35120c720276814c605bd3aa4877/execute/sync HTTP/1.1
User-Agent: selenium/4.8.1 (java windows)
Content-Length: 176
Content-Type: application/json; charset=utf-8
host: localhost:30685
accept: */*

Response DefaultHttpResponse(decodeResult: success, version: HTTP/1.1)
HTTP/1.1 200 OK
Content-Length: 21780
Content-Type: application/json; charset=utf-8
cache-control: no-cache

16:13:32.302 [AsyncHttpClient-1-21] DEBUG org.asynchttpclient.netty.channel.ChannelManager - Adding key: http://localhost:30685 for channel [id: 0xdad73517, L:/127.0.0.1:51644 - R:localhost/127.0.0.1:30685]
16:13:32.303 [Forwarding getCurrentUrl on session cd2e35120c720276814c605bd3aa4877 to remote] DEBUG org.asynchttpclient.netty.request.NettyRequestSender - Using pooled Channel '[id: 0xdad73517, L:/127.0.0.1:51644 - R:localhost/127.0.0.1:30685]' for 'GET' to 'http://localhost:30685/session/cd2e35120c720276814c605bd3aa4877/url'
16:13:32.303 [Forwarding getCurrentUrl on session cd2e35120c720276814c605bd3aa4877 to remote] DEBUG org.asynchttpclient.netty.request.NettyRequestSender - Using open Channel [id: 0xdad73517, L:/127.0.0.1:51644 - R:localhost/127.0.0.1:30685] for GET '/session/cd2e35120c720276814c605bd3aa4877/url'
16:13:32.307 [AsyncHttpClient-1-21] DEBUG org.asynchttpclient.netty.handler.HttpHandler - 

Request DefaultFullHttpRequest(decodeResult: success, version: HTTP/1.1, content: EmptyByteBufBE)
GET /session/cd2e35120c720276814c605bd3aa4877/url HTTP/1.1
User-Agent: selenium/4.8.1 (java windows)
Cache-Control: no-cache
Content-Type: application/json; charset=utf-8
host: localhost:30685
accept: */*

Response DefaultHttpResponse(decodeResult: success, version: HTTP/1.1)
HTTP/1.1 200 OK
Content-Length: 51
Content-Type: application/json; charset=utf-8
cache-control: no-cache

16:13:32.308 [AsyncHttpClient-1-21] DEBUG org.asynchttpclient.netty.channel.ChannelManager - Adding key: http://localhost:30685 for channel [id: 0xdad73517, L:/127.0.0.1:51644 - R:localhost/127.0.0.1:30685]
16:13:32.309 [main] DEBUG net.thucydides.core.steps.StepInterceptor - STARTING STEP: LogoutSteps.onTheHomePage - inputPassword
16:13:32.311 [Forwarding findElement on session cd2e35120c720276814c605bd3aa4877 to remote] DEBUG org.asynchttpclient.netty.request.NettyRequestSender - Using pooled Channel '[id: 0xdad73517, L:/127.0.0.1:51644 - R:localhost/127.0.0.1:30685]' for 'POST' to 'http://localhost:30685/session/cd2e35120c720276814c605bd3aa4877/element'
16:13:32.311 [Forwarding findElement on session cd2e35120c720276814c605bd3aa4877 to remote] DEBUG org.asynchttpclient.netty.request.NettyRequestSender - Using open Channel [id: 0xdad73517, L:/127.0.0.1:51644 - R:localhost/127.0.0.1:30685] for POST '/session/cd2e35120c720276814c605bd3aa4877/element'
16:13:32.321 [AsyncHttpClient-1-21] DEBUG org.asynchttpclient.netty.handler.HttpHandler - 

Request DefaultHttpRequest(decodeResult: success, version: HTTP/1.1)
POST /session/cd2e35120c720276814c605bd3aa4877/element HTTP/1.1
User-Agent: selenium/4.8.1 (java windows)
Content-Length: 55
Content-Type: application/json; charset=utf-8
host: localhost:30685
accept: */*

Response DefaultHttpResponse(decodeResult: success, version: HTTP/1.1)
HTTP/1.1 200 OK
Content-Length: 88
Content-Type: application/json; charset=utf-8
cache-control: no-cache

16:13:32.322 [AsyncHttpClient-1-21] DEBUG org.asynchttpclient.netty.channel.ChannelManager - Adding key: http://localhost:30685 for channel [id: 0xdad73517, L:/127.0.0.1:51644 - R:localhost/127.0.0.1:30685]
16:13:32.323 [Forwarding clearElement on session cd2e35120c720276814c605bd3aa4877 to remote] DEBUG org.asynchttpclient.netty.request.NettyRequestSender - Using pooled Channel '[id: 0xdad73517, L:/127.0.0.1:51644 - R:localhost/127.0.0.1:30685]' for 'POST' to 'http://localhost:30685/session/cd2e35120c720276814c605bd3aa4877/element/6d062b70-95f1-4ff6-9cc0-49508ccd1c39/clear'
16:13:32.323 [Forwarding clearElement on session cd2e35120c720276814c605bd3aa4877 to remote] DEBUG org.asynchttpclient.netty.request.NettyRequestSender - Using open Channel [id: 0xdad73517, L:/127.0.0.1:51644 - R:localhost/127.0.0.1:30685] for POST '/session/cd2e35120c720276814c605bd3aa4877/element/6d062b70-95f1-4ff6-9cc0-49508ccd1c39/clear'
16:13:32.363 [AsyncHttpClient-1-21] DEBUG org.asynchttpclient.netty.handler.HttpHandler - 

Request DefaultHttpRequest(decodeResult: success, version: HTTP/1.1)
POST /session/cd2e35120c720276814c605bd3aa4877/element/6d062b70-95f1-4ff6-9cc0-49508ccd1c39/clear HTTP/1.1
User-Agent: selenium/4.8.1 (java windows)
Content-Length: 50
Content-Type: application/json; charset=utf-8
host: localhost:30685
accept: */*

Response DefaultHttpResponse(decodeResult: success, version: HTTP/1.1)
HTTP/1.1 200 OK
Content-Length: 14
Content-Type: application/json; charset=utf-8
cache-control: no-cache

16:13:32.363 [AsyncHttpClient-1-21] DEBUG org.asynchttpclient.netty.channel.ChannelManager - Adding key: http://localhost:30685 for channel [id: 0xdad73517, L:/127.0.0.1:51644 - R:localhost/127.0.0.1:30685]
16:13:32.364 [Forwarding sendKeysToElement on session cd2e35120c720276814c605bd3aa4877 to remote] DEBUG org.asynchttpclient.netty.request.NettyRequestSender - Using pooled Channel '[id: 0xdad73517, L:/127.0.0.1:51644 - R:localhost/127.0.0.1:30685]' for 'POST' to 'http://localhost:30685/session/cd2e35120c720276814c605bd3aa4877/element/6d062b70-95f1-4ff6-9cc0-49508ccd1c39/value'
16:13:32.364 [Forwarding sendKeysToElement on session cd2e35120c720276814c605bd3aa4877 to remote] DEBUG org.asynchttpclient.netty.request.NettyRequestSender - Using open Channel [id: 0xdad73517, L:/127.0.0.1:51644 - R:localhost/127.0.0.1:30685] for POST '/session/cd2e35120c720276814c605bd3aa4877/element/6d062b70-95f1-4ff6-9cc0-49508ccd1c39/value'
16:13:32.422 [AsyncHttpClient-1-21] DEBUG org.asynchttpclient.netty.handler.HttpHandler - 

Request DefaultHttpRequest(decodeResult: success, version: HTTP/1.1)
POST /session/cd2e35120c720276814c605bd3aa4877/element/6d062b70-95f1-4ff6-9cc0-49508ccd1c39/value HTTP/1.1
User-Agent: selenium/4.8.1 (java windows)
Content-Length: 141
Content-Type: application/json; charset=utf-8
host: localhost:30685
accept: */*

Response DefaultHttpResponse(decodeResult: success, version: HTTP/1.1)
HTTP/1.1 200 OK
Content-Length: 14
Content-Type: application/json; charset=utf-8
cache-control: no-cache

16:13:32.422 [AsyncHttpClient-1-21] DEBUG org.asynchttpclient.netty.channel.ChannelManager - Adding key: http://localhost:30685 for channel [id: 0xdad73517, L:/127.0.0.1:51644 - R:localhost/127.0.0.1:30685]
16:13:32.426 [Forwarding getAlertText on session cd2e35120c720276814c605bd3aa4877 to remote] DEBUG org.asynchttpclient.netty.request.NettyRequestSender - Using pooled Channel '[id: 0xdad73517, L:/127.0.0.1:51644 - R:localhost/127.0.0.1:30685]' for 'GET' to 'http://localhost:30685/session/cd2e35120c720276814c605bd3aa4877/alert/text'
16:13:32.426 [Forwarding getAlertText on session cd2e35120c720276814c605bd3aa4877 to remote] DEBUG org.asynchttpclient.netty.request.NettyRequestSender - Using open Channel [id: 0xdad73517, L:/127.0.0.1:51644 - R:localhost/127.0.0.1:30685] for GET '/session/cd2e35120c720276814c605bd3aa4877/alert/text'
16:13:32.427 [AsyncHttpClient-1-21] DEBUG org.asynchttpclient.netty.handler.HttpHandler - 

Request DefaultFullHttpRequest(decodeResult: success, version: HTTP/1.1, content: EmptyByteBufBE)
GET /session/cd2e35120c720276814c605bd3aa4877/alert/text HTTP/1.1
User-Agent: selenium/4.8.1 (java windows)
Cache-Control: no-cache
Content-Type: application/json; charset=utf-8
host: localhost:30685
accept: */*

Response DefaultHttpResponse(decodeResult: success, version: HTTP/1.1)
HTTP/1.1 404 Not Found
Content-Length: 836
Content-Type: application/json; charset=utf-8
cache-control: no-cache

16:13:32.427 [AsyncHttpClient-1-21] DEBUG org.asynchttpclient.netty.channel.ChannelManager - Adding key: http://localhost:30685 for channel [id: 0xdad73517, L:/127.0.0.1:51644 - R:localhost/127.0.0.1:30685]
16:13:32.428 [Forwarding getCurrentUrl on session cd2e35120c720276814c605bd3aa4877 to remote] DEBUG org.asynchttpclient.netty.request.NettyRequestSender - Using pooled Channel '[id: 0xdad73517, L:/127.0.0.1:51644 - R:localhost/127.0.0.1:30685]' for 'GET' to 'http://localhost:30685/session/cd2e35120c720276814c605bd3aa4877/url'
16:13:32.428 [Forwarding getCurrentUrl on session cd2e35120c720276814c605bd3aa4877 to remote] DEBUG org.asynchttpclient.netty.request.NettyRequestSender - Using open Channel [id: 0xdad73517, L:/127.0.0.1:51644 - R:localhost/127.0.0.1:30685] for GET '/session/cd2e35120c720276814c605bd3aa4877/url'
16:13:32.431 [AsyncHttpClient-1-21] DEBUG org.asynchttpclient.netty.handler.HttpHandler - 

Request DefaultFullHttpRequest(decodeResult: success, version: HTTP/1.1, content: EmptyByteBufBE)
GET /session/cd2e35120c720276814c605bd3aa4877/url HTTP/1.1
User-Agent: selenium/4.8.1 (java windows)
Cache-Control: no-cache
Content-Type: application/json; charset=utf-8
host: localhost:30685
accept: */*

Response DefaultHttpResponse(decodeResult: success, version: HTTP/1.1)
HTTP/1.1 200 OK
Content-Length: 51
Content-Type: application/json; charset=utf-8
cache-control: no-cache

16:13:32.431 [AsyncHttpClient-1-21] DEBUG org.asynchttpclient.netty.channel.ChannelManager - Adding key: http://localhost:30685 for channel [id: 0xdad73517, L:/127.0.0.1:51644 - R:localhost/127.0.0.1:30685]
16:13:32.432 [Forwarding screenshot on session cd2e35120c720276814c605bd3aa4877 to remote] DEBUG org.asynchttpclient.netty.request.NettyRequestSender - Using pooled Channel '[id: 0xdad73517, L:/127.0.0.1:51644 - R:localhost/127.0.0.1:30685]' for 'GET' to 'http://localhost:30685/session/cd2e35120c720276814c605bd3aa4877/screenshot'
16:13:32.432 [Forwarding screenshot on session cd2e35120c720276814c605bd3aa4877 to remote] DEBUG org.asynchttpclient.netty.request.NettyRequestSender - Using open Channel [id: 0xdad73517, L:/127.0.0.1:51644 - R:localhost/127.0.0.1:30685] for GET '/session/cd2e35120c720276814c605bd3aa4877/screenshot'
16:13:32.532 [AsyncHttpClient-1-21] DEBUG org.asynchttpclient.netty.handler.HttpHandler - 

Request DefaultFullHttpRequest(decodeResult: success, version: HTTP/1.1, content: EmptyByteBufBE)
GET /session/cd2e35120c720276814c605bd3aa4877/screenshot HTTP/1.1
User-Agent: selenium/4.8.1 (java windows)
Cache-Control: no-cache
Content-Type: application/json; charset=utf-8
host: localhost:30685
accept: */*

Response DefaultHttpResponse(decodeResult: success, version: HTTP/1.1)
HTTP/1.1 200 OK
Content-Length: 30732
Content-Type: application/json; charset=utf-8
cache-control: no-cache

16:13:32.532 [AsyncHttpClient-1-21] DEBUG org.asynchttpclient.netty.channel.ChannelManager - Adding key: http://localhost:30685 for channel [id: 0xdad73517, L:/127.0.0.1:51644 - R:localhost/127.0.0.1:30685]
16:13:32.533 [main] DEBUG net.serenitybdd.core.photography.Darkroom - Send negative for processing for target\site\serenity\f017dabf2989122ce2ce1abc89d549c69c5f69556022518ddc9d6a8dcf60a5f0.png
16:13:32.533 [main] DEBUG net.thucydides.core.steps.StepInterceptor - STEP DONE: inputPassword
16:13:32.533 [Darkroom Processing Line] DEBUG net.serenitybdd.core.photography.DarkroomProcessingLine - Processing screenshot image in /var/screenshots/screenshot-5611383816800354042
16:13:32.533 [Darkroom Processing Line] DEBUG net.serenitybdd.core.photography.DarkroomProcessingLine - Saving screenshot to target\site\serenity\f017dabf2989122ce2ce1abc89d549c69c5f69556022518ddc9d6a8dcf60a5f0.png
16:13:32.537 [Forwarding getPageSource on session cd2e35120c720276814c605bd3aa4877 to remote] DEBUG org.asynchttpclient.netty.request.NettyRequestSender - Using pooled Channel '[id: 0xdad73517, L:/127.0.0.1:51644 - R:localhost/127.0.0.1:30685]' for 'POST' to 'http://localhost:30685/session/cd2e35120c720276814c605bd3aa4877/execute/sync'
16:13:32.537 [Forwarding getPageSource on session cd2e35120c720276814c605bd3aa4877 to remote] DEBUG org.asynchttpclient.netty.request.NettyRequestSender - Using open Channel [id: 0xdad73517, L:/127.0.0.1:51644 - R:localhost/127.0.0.1:30685] for POST '/session/cd2e35120c720276814c605bd3aa4877/execute/sync'
16:13:32.540 [AsyncHttpClient-1-21] DEBUG org.asynchttpclient.netty.handler.HttpHandler - 

Request DefaultHttpRequest(decodeResult: success, version: HTTP/1.1)
POST /session/cd2e35120c720276814c605bd3aa4877/execute/sync HTTP/1.1
User-Agent: selenium/4.8.1 (java windows)
Content-Length: 176
Content-Type: application/json; charset=utf-8
host: localhost:30685
accept: */*

Response DefaultHttpResponse(decodeResult: success, version: HTTP/1.1)
HTTP/1.1 200 OK
Content-Length: 21839
Content-Type: application/json; charset=utf-8
cache-control: no-cache

16:13:32.540 [AsyncHttpClient-1-21] DEBUG org.asynchttpclient.netty.channel.ChannelManager - Adding key: http://localhost:30685 for channel [id: 0xdad73517, L:/127.0.0.1:51644 - R:localhost/127.0.0.1:30685]
16:13:32.542 [Forwarding getCurrentUrl on session cd2e35120c720276814c605bd3aa4877 to remote] DEBUG org.asynchttpclient.netty.request.NettyRequestSender - Using pooled Channel '[id: 0xdad73517, L:/127.0.0.1:51644 - R:localhost/127.0.0.1:30685]' for 'GET' to 'http://localhost:30685/session/cd2e35120c720276814c605bd3aa4877/url'
16:13:32.542 [Forwarding getCurrentUrl on session cd2e35120c720276814c605bd3aa4877 to remote] DEBUG org.asynchttpclient.netty.request.NettyRequestSender - Using open Channel [id: 0xdad73517, L:/127.0.0.1:51644 - R:localhost/127.0.0.1:30685] for GET '/session/cd2e35120c720276814c605bd3aa4877/url'
16:13:32.544 [AsyncHttpClient-1-21] DEBUG org.asynchttpclient.netty.handler.HttpHandler - 

Request DefaultFullHttpRequest(decodeResult: success, version: HTTP/1.1, content: EmptyByteBufBE)
GET /session/cd2e35120c720276814c605bd3aa4877/url HTTP/1.1
User-Agent: selenium/4.8.1 (java windows)
Cache-Control: no-cache
Content-Type: application/json; charset=utf-8
host: localhost:30685
accept: */*

Response DefaultHttpResponse(decodeResult: success, version: HTTP/1.1)
HTTP/1.1 200 OK
Content-Length: 51
Content-Type: application/json; charset=utf-8
cache-control: no-cache

16:13:32.544 [AsyncHttpClient-1-21] DEBUG org.asynchttpclient.netty.channel.ChannelManager - Adding key: http://localhost:30685 for channel [id: 0xdad73517, L:/127.0.0.1:51644 - R:localhost/127.0.0.1:30685]
16:13:32.546 [main] DEBUG net.thucydides.core.steps.StepInterceptor - STARTING STEP: LogoutSteps.onTheHomePage - clickLoginButton
16:13:32.547 [Forwarding findElement on session cd2e35120c720276814c605bd3aa4877 to remote] DEBUG org.asynchttpclient.netty.request.NettyRequestSender - Using pooled Channel '[id: 0xdad73517, L:/127.0.0.1:51644 - R:localhost/127.0.0.1:30685]' for 'POST' to 'http://localhost:30685/session/cd2e35120c720276814c605bd3aa4877/element'
16:13:32.547 [Forwarding findElement on session cd2e35120c720276814c605bd3aa4877 to remote] DEBUG org.asynchttpclient.netty.request.NettyRequestSender - Using open Channel [id: 0xdad73517, L:/127.0.0.1:51644 - R:localhost/127.0.0.1:30685] for POST '/session/cd2e35120c720276814c605bd3aa4877/element'
16:13:32.556 [AsyncHttpClient-1-21] DEBUG org.asynchttpclient.netty.handler.HttpHandler - 

Request DefaultHttpRequest(decodeResult: success, version: HTTP/1.1)
POST /session/cd2e35120c720276814c605bd3aa4877/element HTTP/1.1
User-Agent: selenium/4.8.1 (java windows)
Content-Length: 71
Content-Type: application/json; charset=utf-8
host: localhost:30685
accept: */*

Response DefaultHttpResponse(decodeResult: success, version: HTTP/1.1)
HTTP/1.1 200 OK
Content-Length: 88
Content-Type: application/json; charset=utf-8
cache-control: no-cache

16:13:32.557 [AsyncHttpClient-1-21] DEBUG org.asynchttpclient.netty.channel.ChannelManager - Adding key: http://localhost:30685 for channel [id: 0xdad73517, L:/127.0.0.1:51644 - R:localhost/127.0.0.1:30685]
16:13:32.558 [Forwarding getElementTagName on session cd2e35120c720276814c605bd3aa4877 to remote] DEBUG org.asynchttpclient.netty.request.NettyRequestSender - Using pooled Channel '[id: 0xdad73517, L:/127.0.0.1:51644 - R:localhost/127.0.0.1:30685]' for 'GET' to 'http://localhost:30685/session/cd2e35120c720276814c605bd3aa4877/element/c99b92e6-ad2c-4563-af81-d7f900b48f60/name'
16:13:32.558 [Forwarding getElementTagName on session cd2e35120c720276814c605bd3aa4877 to remote] DEBUG org.asynchttpclient.netty.request.NettyRequestSender - Using open Channel [id: 0xdad73517, L:/127.0.0.1:51644 - R:localhost/127.0.0.1:30685] for GET '/session/cd2e35120c720276814c605bd3aa4877/element/c99b92e6-ad2c-4563-af81-d7f900b48f60/name'
16:13:32.561 [AsyncHttpClient-1-21] DEBUG org.asynchttpclient.netty.handler.HttpHandler - 

Request DefaultFullHttpRequest(decodeResult: success, version: HTTP/1.1, content: EmptyByteBufBE)
GET /session/cd2e35120c720276814c605bd3aa4877/element/c99b92e6-ad2c-4563-af81-d7f900b48f60/name HTTP/1.1
User-Agent: selenium/4.8.1 (java windows)
Cache-Control: no-cache
Content-Type: application/json; charset=utf-8
host: localhost:30685
accept: */*

Response DefaultHttpResponse(decodeResult: success, version: HTTP/1.1)
HTTP/1.1 200 OK
Content-Length: 18
Content-Type: application/json; charset=utf-8
cache-control: no-cache

16:13:32.561 [AsyncHttpClient-1-21] DEBUG org.asynchttpclient.netty.channel.ChannelManager - Adding key: http://localhost:30685 for channel [id: 0xdad73517, L:/127.0.0.1:51644 - R:localhost/127.0.0.1:30685]
16:13:32.562 [Forwarding getElementTagName on session cd2e35120c720276814c605bd3aa4877 to remote] DEBUG org.asynchttpclient.netty.request.NettyRequestSender - Using pooled Channel '[id: 0xdad73517, L:/127.0.0.1:51644 - R:localhost/127.0.0.1:30685]' for 'GET' to 'http://localhost:30685/session/cd2e35120c720276814c605bd3aa4877/element/c99b92e6-ad2c-4563-af81-d7f900b48f60/name'
16:13:32.562 [Forwarding getElementTagName on session cd2e35120c720276814c605bd3aa4877 to remote] DEBUG org.asynchttpclient.netty.request.NettyRequestSender - Using open Channel [id: 0xdad73517, L:/127.0.0.1:51644 - R:localhost/127.0.0.1:30685] for GET '/session/cd2e35120c720276814c605bd3aa4877/element/c99b92e6-ad2c-4563-af81-d7f900b48f60/name'
16:13:32.565 [AsyncHttpClient-1-21] DEBUG org.asynchttpclient.netty.handler.HttpHandler - 

Request DefaultFullHttpRequest(decodeResult: success, version: HTTP/1.1, content: EmptyByteBufBE)
GET /session/cd2e35120c720276814c605bd3aa4877/element/c99b92e6-ad2c-4563-af81-d7f900b48f60/name HTTP/1.1
User-Agent: selenium/4.8.1 (java windows)
Cache-Control: no-cache
Content-Type: application/json; charset=utf-8
host: localhost:30685
accept: */*

Response DefaultHttpResponse(decodeResult: success, version: HTTP/1.1)
HTTP/1.1 200 OK
Content-Length: 18
Content-Type: application/json; charset=utf-8
cache-control: no-cache

16:13:32.565 [AsyncHttpClient-1-21] DEBUG org.asynchttpclient.netty.channel.ChannelManager - Adding key: http://localhost:30685 for channel [id: 0xdad73517, L:/127.0.0.1:51644 - R:localhost/127.0.0.1:30685]
16:13:32.566 [Forwarding isElementEnabled on session cd2e35120c720276814c605bd3aa4877 to remote] DEBUG org.asynchttpclient.netty.request.NettyRequestSender - Using pooled Channel '[id: 0xdad73517, L:/127.0.0.1:51644 - R:localhost/127.0.0.1:30685]' for 'GET' to 'http://localhost:30685/session/cd2e35120c720276814c605bd3aa4877/element/c99b92e6-ad2c-4563-af81-d7f900b48f60/enabled'
16:13:32.566 [Forwarding isElementEnabled on session cd2e35120c720276814c605bd3aa4877 to remote] DEBUG org.asynchttpclient.netty.request.NettyRequestSender - Using open Channel [id: 0xdad73517, L:/127.0.0.1:51644 - R:localhost/127.0.0.1:30685] for GET '/session/cd2e35120c720276814c605bd3aa4877/element/c99b92e6-ad2c-4563-af81-d7f900b48f60/enabled'
16:13:32.572 [AsyncHttpClient-1-21] DEBUG org.asynchttpclient.netty.handler.HttpHandler - 

Request DefaultFullHttpRequest(decodeResult: success, version: HTTP/1.1, content: EmptyByteBufBE)
GET /session/cd2e35120c720276814c605bd3aa4877/element/c99b92e6-ad2c-4563-af81-d7f900b48f60/enabled HTTP/1.1
User-Agent: selenium/4.8.1 (java windows)
Cache-Control: no-cache
Content-Type: application/json; charset=utf-8
host: localhost:30685
accept: */*

Response DefaultHttpResponse(decodeResult: success, version: HTTP/1.1)
HTTP/1.1 200 OK
Content-Length: 14
Content-Type: application/json; charset=utf-8
cache-control: no-cache

16:13:32.572 [AsyncHttpClient-1-21] DEBUG org.asynchttpclient.netty.channel.ChannelManager - Adding key: http://localhost:30685 for channel [id: 0xdad73517, L:/127.0.0.1:51644 - R:localhost/127.0.0.1:30685]
16:13:32.573 [Forwarding isElementEnabled on session cd2e35120c720276814c605bd3aa4877 to remote] DEBUG org.asynchttpclient.netty.request.NettyRequestSender - Using pooled Channel '[id: 0xdad73517, L:/127.0.0.1:51644 - R:localhost/127.0.0.1:30685]' for 'GET' to 'http://localhost:30685/session/cd2e35120c720276814c605bd3aa4877/element/c99b92e6-ad2c-4563-af81-d7f900b48f60/enabled'
16:13:32.573 [Forwarding isElementEnabled on session cd2e35120c720276814c605bd3aa4877 to remote] DEBUG org.asynchttpclient.netty.request.NettyRequestSender - Using open Channel [id: 0xdad73517, L:/127.0.0.1:51644 - R:localhost/127.0.0.1:30685] for GET '/session/cd2e35120c720276814c605bd3aa4877/element/c99b92e6-ad2c-4563-af81-d7f900b48f60/enabled'
16:13:32.578 [AsyncHttpClient-1-21] DEBUG org.asynchttpclient.netty.handler.HttpHandler - 

Request DefaultFullHttpRequest(decodeResult: success, version: HTTP/1.1, content: EmptyByteBufBE)
GET /session/cd2e35120c720276814c605bd3aa4877/element/c99b92e6-ad2c-4563-af81-d7f900b48f60/enabled HTTP/1.1
User-Agent: selenium/4.8.1 (java windows)
Cache-Control: no-cache
Content-Type: application/json; charset=utf-8
host: localhost:30685
accept: */*

Response DefaultHttpResponse(decodeResult: success, version: HTTP/1.1)
HTTP/1.1 200 OK
Content-Length: 14
Content-Type: application/json; charset=utf-8
cache-control: no-cache

16:13:32.578 [AsyncHttpClient-1-21] DEBUG org.asynchttpclient.netty.channel.ChannelManager - Adding key: http://localhost:30685 for channel [id: 0xdad73517, L:/127.0.0.1:51644 - R:localhost/127.0.0.1:30685]
16:13:32.579 [Forwarding findElement on session cd2e35120c720276814c605bd3aa4877 to remote] DEBUG org.asynchttpclient.netty.request.NettyRequestSender - Using pooled Channel '[id: 0xdad73517, L:/127.0.0.1:51644 - R:localhost/127.0.0.1:30685]' for 'POST' to 'http://localhost:30685/session/cd2e35120c720276814c605bd3aa4877/element'
16:13:32.579 [Forwarding findElement on session cd2e35120c720276814c605bd3aa4877 to remote] DEBUG org.asynchttpclient.netty.request.NettyRequestSender - Using open Channel [id: 0xdad73517, L:/127.0.0.1:51644 - R:localhost/127.0.0.1:30685] for POST '/session/cd2e35120c720276814c605bd3aa4877/element'
16:13:32.585 [AsyncHttpClient-1-21] DEBUG org.asynchttpclient.netty.handler.HttpHandler - 

Request DefaultHttpRequest(decodeResult: success, version: HTTP/1.1)
POST /session/cd2e35120c720276814c605bd3aa4877/element HTTP/1.1
User-Agent: selenium/4.8.1 (java windows)
Content-Length: 71
Content-Type: application/json; charset=utf-8
host: localhost:30685
accept: */*

Response DefaultHttpResponse(decodeResult: success, version: HTTP/1.1)
HTTP/1.1 200 OK
Content-Length: 88
Content-Type: application/json; charset=utf-8
cache-control: no-cache

16:13:32.585 [AsyncHttpClient-1-21] DEBUG org.asynchttpclient.netty.channel.ChannelManager - Adding key: http://localhost:30685 for channel [id: 0xdad73517, L:/127.0.0.1:51644 - R:localhost/127.0.0.1:30685]
16:13:32.586 [Forwarding clickElement on session cd2e35120c720276814c605bd3aa4877 to remote] DEBUG org.asynchttpclient.netty.request.NettyRequestSender - Using pooled Channel '[id: 0xdad73517, L:/127.0.0.1:51644 - R:localhost/127.0.0.1:30685]' for 'POST' to 'http://localhost:30685/session/cd2e35120c720276814c605bd3aa4877/element/c99b92e6-ad2c-4563-af81-d7f900b48f60/click'
16:13:32.586 [Forwarding clickElement on session cd2e35120c720276814c605bd3aa4877 to remote] DEBUG org.asynchttpclient.netty.request.NettyRequestSender - Using open Channel [id: 0xdad73517, L:/127.0.0.1:51644 - R:localhost/127.0.0.1:30685] for POST '/session/cd2e35120c720276814c605bd3aa4877/element/c99b92e6-ad2c-4563-af81-d7f900b48f60/click'
16:13:32.619 [AsyncHttpClient-1-21] DEBUG org.asynchttpclient.netty.handler.HttpHandler - 

Request DefaultHttpRequest(decodeResult: success, version: HTTP/1.1)
POST /session/cd2e35120c720276814c605bd3aa4877/element/c99b92e6-ad2c-4563-af81-d7f900b48f60/click HTTP/1.1
User-Agent: selenium/4.8.1 (java windows)
Content-Length: 50
Content-Type: application/json; charset=utf-8
host: localhost:30685
accept: */*

Response DefaultHttpResponse(decodeResult: success, version: HTTP/1.1)
HTTP/1.1 200 OK
Content-Length: 14
Content-Type: application/json; charset=utf-8
cache-control: no-cache

16:13:32.619 [AsyncHttpClient-1-21] DEBUG org.asynchttpclient.netty.channel.ChannelManager - Adding key: http://localhost:30685 for channel [id: 0xdad73517, L:/127.0.0.1:51644 - R:localhost/127.0.0.1:30685]
16:13:32.622 [Forwarding getAlertText on session cd2e35120c720276814c605bd3aa4877 to remote] DEBUG org.asynchttpclient.netty.request.NettyRequestSender - Using pooled Channel '[id: 0xdad73517, L:/127.0.0.1:51644 - R:localhost/127.0.0.1:30685]' for 'GET' to 'http://localhost:30685/session/cd2e35120c720276814c605bd3aa4877/alert/text'
16:13:32.622 [Forwarding getAlertText on session cd2e35120c720276814c605bd3aa4877 to remote] DEBUG org.asynchttpclient.netty.request.NettyRequestSender - Using open Channel [id: 0xdad73517, L:/127.0.0.1:51644 - R:localhost/127.0.0.1:30685] for GET '/session/cd2e35120c720276814c605bd3aa4877/alert/text'
16:13:32.626 [AsyncHttpClient-1-21] DEBUG org.asynchttpclient.netty.handler.HttpHandler - 

Request DefaultFullHttpRequest(decodeResult: success, version: HTTP/1.1, content: EmptyByteBufBE)
GET /session/cd2e35120c720276814c605bd3aa4877/alert/text HTTP/1.1
User-Agent: selenium/4.8.1 (java windows)
Cache-Control: no-cache
Content-Type: application/json; charset=utf-8
host: localhost:30685
accept: */*

Response DefaultHttpResponse(decodeResult: success, version: HTTP/1.1)
HTTP/1.1 404 Not Found
Content-Length: 836
Content-Type: application/json; charset=utf-8
cache-control: no-cache

16:13:32.626 [AsyncHttpClient-1-21] DEBUG org.asynchttpclient.netty.channel.ChannelManager - Adding key: http://localhost:30685 for channel [id: 0xdad73517, L:/127.0.0.1:51644 - R:localhost/127.0.0.1:30685]
16:13:32.626 [Forwarding getCurrentUrl on session cd2e35120c720276814c605bd3aa4877 to remote] DEBUG org.asynchttpclient.netty.request.NettyRequestSender - Using pooled Channel '[id: 0xdad73517, L:/127.0.0.1:51644 - R:localhost/127.0.0.1:30685]' for 'GET' to 'http://localhost:30685/session/cd2e35120c720276814c605bd3aa4877/url'
16:13:32.626 [Forwarding getCurrentUrl on session cd2e35120c720276814c605bd3aa4877 to remote] DEBUG org.asynchttpclient.netty.request.NettyRequestSender - Using open Channel [id: 0xdad73517, L:/127.0.0.1:51644 - R:localhost/127.0.0.1:30685] for GET '/session/cd2e35120c720276814c605bd3aa4877/url'
16:13:32.628 [AsyncHttpClient-1-21] DEBUG org.asynchttpclient.netty.handler.HttpHandler - 

Request DefaultFullHttpRequest(decodeResult: success, version: HTTP/1.1, content: EmptyByteBufBE)
GET /session/cd2e35120c720276814c605bd3aa4877/url HTTP/1.1
User-Agent: selenium/4.8.1 (java windows)
Cache-Control: no-cache
Content-Type: application/json; charset=utf-8
host: localhost:30685
accept: */*

Response DefaultHttpResponse(decodeResult: success, version: HTTP/1.1)
HTTP/1.1 200 OK
Content-Length: 51
Content-Type: application/json; charset=utf-8
cache-control: no-cache

16:13:32.629 [AsyncHttpClient-1-21] DEBUG org.asynchttpclient.netty.channel.ChannelManager - Adding key: http://localhost:30685 for channel [id: 0xdad73517, L:/127.0.0.1:51644 - R:localhost/127.0.0.1:30685]
16:13:32.629 [Forwarding screenshot on session cd2e35120c720276814c605bd3aa4877 to remote] DEBUG org.asynchttpclient.netty.request.NettyRequestSender - Using pooled Channel '[id: 0xdad73517, L:/127.0.0.1:51644 - R:localhost/127.0.0.1:30685]' for 'GET' to 'http://localhost:30685/session/cd2e35120c720276814c605bd3aa4877/screenshot'
16:13:32.629 [Forwarding screenshot on session cd2e35120c720276814c605bd3aa4877 to remote] DEBUG org.asynchttpclient.netty.request.NettyRequestSender - Using open Channel [id: 0xdad73517, L:/127.0.0.1:51644 - R:localhost/127.0.0.1:30685] for GET '/session/cd2e35120c720276814c605bd3aa4877/screenshot'
16:13:32.737 [AsyncHttpClient-1-21] DEBUG org.asynchttpclient.netty.handler.HttpHandler - 

Request DefaultFullHttpRequest(decodeResult: success, version: HTTP/1.1, content: EmptyByteBufBE)
GET /session/cd2e35120c720276814c605bd3aa4877/screenshot HTTP/1.1
User-Agent: selenium/4.8.1 (java windows)
Cache-Control: no-cache
Content-Type: application/json; charset=utf-8
host: localhost:30685
accept: */*

Response DefaultHttpResponse(decodeResult: success, version: HTTP/1.1)
HTTP/1.1 200 OK
Content-Length: 30568
Content-Type: application/json; charset=utf-8
cache-control: no-cache

16:13:32.737 [AsyncHttpClient-1-21] DEBUG org.asynchttpclient.netty.channel.ChannelManager - Adding key: http://localhost:30685 for channel [id: 0xdad73517, L:/127.0.0.1:51644 - R:localhost/127.0.0.1:30685]
16:13:32.738 [main] DEBUG net.serenitybdd.core.photography.Darkroom - Send negative for processing for target\site\serenity\18f5b3386333415ea75fcbe0b88faf11050e518348774a51e536d5058c9885e6.png
16:13:32.739 [main] DEBUG net.thucydides.core.steps.StepInterceptor - STEP DONE: clickLoginButton
16:13:32.739 [Darkroom Processing Line] DEBUG net.serenitybdd.core.photography.DarkroomProcessingLine - Processing screenshot image in /var/screenshots/screenshot-14080938404499898685
16:13:32.739 [Darkroom Processing Line] DEBUG net.serenitybdd.core.photography.DarkroomProcessingLine - Saving screenshot to target\site\serenity\18f5b3386333415ea75fcbe0b88faf11050e518348774a51e536d5058c9885e6.png
16:13:32.742 [Forwarding getPageSource on session cd2e35120c720276814c605bd3aa4877 to remote] DEBUG org.asynchttpclient.netty.request.NettyRequestSender - Using pooled Channel '[id: 0xdad73517, L:/127.0.0.1:51644 - R:localhost/127.0.0.1:30685]' for 'POST' to 'http://localhost:30685/session/cd2e35120c720276814c605bd3aa4877/execute/sync'
16:13:32.742 [Forwarding getPageSource on session cd2e35120c720276814c605bd3aa4877 to remote] DEBUG org.asynchttpclient.netty.request.NettyRequestSender - Using open Channel [id: 0xdad73517, L:/127.0.0.1:51644 - R:localhost/127.0.0.1:30685] for POST '/session/cd2e35120c720276814c605bd3aa4877/execute/sync'
16:13:32.746 [AsyncHttpClient-1-21] DEBUG org.asynchttpclient.netty.handler.HttpHandler - 

Request DefaultHttpRequest(decodeResult: success, version: HTTP/1.1)
POST /session/cd2e35120c720276814c605bd3aa4877/execute/sync HTTP/1.1
User-Agent: selenium/4.8.1 (java windows)
Content-Length: 176
Content-Type: application/json; charset=utf-8
host: localhost:30685
accept: */*

Response DefaultHttpResponse(decodeResult: success, version: HTTP/1.1)
HTTP/1.1 200 OK
Content-Length: 22118
Content-Type: application/json; charset=utf-8
cache-control: no-cache

16:13:32.746 [AsyncHttpClient-1-21] DEBUG org.asynchttpclient.netty.channel.ChannelManager - Adding key: http://localhost:30685 for channel [id: 0xdad73517, L:/127.0.0.1:51644 - R:localhost/127.0.0.1:30685]
16:13:32.747 [Forwarding getCurrentUrl on session cd2e35120c720276814c605bd3aa4877 to remote] DEBUG org.asynchttpclient.netty.request.NettyRequestSender - Using pooled Channel '[id: 0xdad73517, L:/127.0.0.1:51644 - R:localhost/127.0.0.1:30685]' for 'GET' to 'http://localhost:30685/session/cd2e35120c720276814c605bd3aa4877/url'
16:13:32.747 [Forwarding getCurrentUrl on session cd2e35120c720276814c605bd3aa4877 to remote] DEBUG org.asynchttpclient.netty.request.NettyRequestSender - Using open Channel [id: 0xdad73517, L:/127.0.0.1:51644 - R:localhost/127.0.0.1:30685] for GET '/session/cd2e35120c720276814c605bd3aa4877/url'
16:13:32.750 [AsyncHttpClient-1-21] DEBUG org.asynchttpclient.netty.handler.HttpHandler - 

Request DefaultFullHttpRequest(decodeResult: success, version: HTTP/1.1, content: EmptyByteBufBE)
GET /session/cd2e35120c720276814c605bd3aa4877/url HTTP/1.1
User-Agent: selenium/4.8.1 (java windows)
Cache-Control: no-cache
Content-Type: application/json; charset=utf-8
host: localhost:30685
accept: */*

Response DefaultHttpResponse(decodeResult: success, version: HTTP/1.1)
HTTP/1.1 200 OK
Content-Length: 51
Content-Type: application/json; charset=utf-8
cache-control: no-cache

16:13:32.751 [AsyncHttpClient-1-21] DEBUG org.asynchttpclient.netty.channel.ChannelManager - Adding key: http://localhost:30685 for channel [id: 0xdad73517, L:/127.0.0.1:51644 - R:localhost/127.0.0.1:30685]
16:13:32.752 [main] DEBUG net.thucydides.core.steps.StepInterceptor - STARTING STEP: LogoutSteps.onTheHomePage - validateOnHomePage
16:13:32.753 [Forwarding findElement on session cd2e35120c720276814c605bd3aa4877 to remote] DEBUG org.asynchttpclient.netty.request.NettyRequestSender - Using pooled Channel '[id: 0xdad73517, L:/127.0.0.1:51644 - R:localhost/127.0.0.1:30685]' for 'POST' to 'http://localhost:30685/session/cd2e35120c720276814c605bd3aa4877/element'
16:13:32.753 [Forwarding findElement on session cd2e35120c720276814c605bd3aa4877 to remote] DEBUG org.asynchttpclient.netty.request.NettyRequestSender - Using open Channel [id: 0xdad73517, L:/127.0.0.1:51644 - R:localhost/127.0.0.1:30685] for POST '/session/cd2e35120c720276814c605bd3aa4877/element'
16:13:32.854 [AsyncHttpClient-1-21] DEBUG org.asynchttpclient.netty.handler.HttpHandler - 

Request DefaultHttpRequest(decodeResult: success, version: HTTP/1.1)
POST /session/cd2e35120c720276814c605bd3aa4877/element HTTP/1.1
User-Agent: selenium/4.8.1 (java windows)
Content-Length: 54
Content-Type: application/json; charset=utf-8
host: localhost:30685
accept: */*

Response DefaultHttpResponse(decodeResult: success, version: HTTP/1.1)
HTTP/1.1 200 OK
Content-Length: 88
Content-Type: application/json; charset=utf-8
cache-control: no-cache

16:13:32.855 [AsyncHttpClient-1-21] DEBUG org.asynchttpclient.netty.channel.ChannelManager - Adding key: http://localhost:30685 for channel [id: 0xdad73517, L:/127.0.0.1:51644 - R:localhost/127.0.0.1:30685]
16:13:32.857 [Forwarding isElementDisplayed on session cd2e35120c720276814c605bd3aa4877 to remote] DEBUG org.asynchttpclient.netty.request.NettyRequestSender - Using pooled Channel '[id: 0xdad73517, L:/127.0.0.1:51644 - R:localhost/127.0.0.1:30685]' for 'POST' to 'http://localhost:30685/session/cd2e35120c720276814c605bd3aa4877/execute/sync'
16:13:32.857 [Forwarding isElementDisplayed on session cd2e35120c720276814c605bd3aa4877 to remote] DEBUG org.asynchttpclient.netty.request.NettyRequestSender - Using open Channel [id: 0xdad73517, L:/127.0.0.1:51644 - R:localhost/127.0.0.1:30685] for POST '/session/cd2e35120c720276814c605bd3aa4877/execute/sync'
16:13:32.858 [AsyncHttpClient-1-1] DEBUG org.asynchttpclient.netty.channel.DefaultChannelPool - Entry count for : http://localhost:51646 : 1
16:13:32.868 [AsyncHttpClient-1-21] DEBUG org.asynchttpclient.netty.handler.HttpHandler - 

Request DefaultHttpRequest(decodeResult: success, version: HTTP/1.1)
POST /session/cd2e35120c720276814c605bd3aa4877/execute/sync HTTP/1.1
User-Agent: selenium/4.8.1 (java windows)
Content-Length: 48807
Content-Type: application/json; charset=utf-8
host: localhost:30685
accept: */*

Response DefaultHttpResponse(decodeResult: success, version: HTTP/1.1)
HTTP/1.1 200 OK
Content-Length: 14
Content-Type: application/json; charset=utf-8
cache-control: no-cache

16:13:32.868 [AsyncHttpClient-1-21] DEBUG org.asynchttpclient.netty.channel.ChannelManager - Adding key: http://localhost:30685 for channel [id: 0xdad73517, L:/127.0.0.1:51644 - R:localhost/127.0.0.1:30685]
16:13:32.872 [Forwarding getAlertText on session cd2e35120c720276814c605bd3aa4877 to remote] DEBUG org.asynchttpclient.netty.request.NettyRequestSender - Using pooled Channel '[id: 0xdad73517, L:/127.0.0.1:51644 - R:localhost/127.0.0.1:30685]' for 'GET' to 'http://localhost:30685/session/cd2e35120c720276814c605bd3aa4877/alert/text'
16:13:32.872 [Forwarding getAlertText on session cd2e35120c720276814c605bd3aa4877 to remote] DEBUG org.asynchttpclient.netty.request.NettyRequestSender - Using open Channel [id: 0xdad73517, L:/127.0.0.1:51644 - R:localhost/127.0.0.1:30685] for GET '/session/cd2e35120c720276814c605bd3aa4877/alert/text'
16:13:32.873 [AsyncHttpClient-1-21] DEBUG org.asynchttpclient.netty.handler.HttpHandler - 

Request DefaultFullHttpRequest(decodeResult: success, version: HTTP/1.1, content: EmptyByteBufBE)
GET /session/cd2e35120c720276814c605bd3aa4877/alert/text HTTP/1.1
User-Agent: selenium/4.8.1 (java windows)
Cache-Control: no-cache
Content-Type: application/json; charset=utf-8
host: localhost:30685
accept: */*

Response DefaultHttpResponse(decodeResult: success, version: HTTP/1.1)
HTTP/1.1 404 Not Found
Content-Length: 836
Content-Type: application/json; charset=utf-8
cache-control: no-cache

16:13:32.873 [AsyncHttpClient-1-21] DEBUG org.asynchttpclient.netty.channel.ChannelManager - Adding key: http://localhost:30685 for channel [id: 0xdad73517, L:/127.0.0.1:51644 - R:localhost/127.0.0.1:30685]
16:13:32.873 [Forwarding getCurrentUrl on session cd2e35120c720276814c605bd3aa4877 to remote] DEBUG org.asynchttpclient.netty.request.NettyRequestSender - Using pooled Channel '[id: 0xdad73517, L:/127.0.0.1:51644 - R:localhost/127.0.0.1:30685]' for 'GET' to 'http://localhost:30685/session/cd2e35120c720276814c605bd3aa4877/url'
16:13:32.873 [Forwarding getCurrentUrl on session cd2e35120c720276814c605bd3aa4877 to remote] DEBUG org.asynchttpclient.netty.request.NettyRequestSender - Using open Channel [id: 0xdad73517, L:/127.0.0.1:51644 - R:localhost/127.0.0.1:30685] for GET '/session/cd2e35120c720276814c605bd3aa4877/url'
16:13:32.877 [AsyncHttpClient-1-21] DEBUG org.asynchttpclient.netty.handler.HttpHandler - 

Request DefaultFullHttpRequest(decodeResult: success, version: HTTP/1.1, content: EmptyByteBufBE)
GET /session/cd2e35120c720276814c605bd3aa4877/url HTTP/1.1
User-Agent: selenium/4.8.1 (java windows)
Cache-Control: no-cache
Content-Type: application/json; charset=utf-8
host: localhost:30685
accept: */*

Response DefaultHttpResponse(decodeResult: success, version: HTTP/1.1)
HTTP/1.1 200 OK
Content-Length: 41
Content-Type: application/json; charset=utf-8
cache-control: no-cache

16:13:32.877 [AsyncHttpClient-1-21] DEBUG org.asynchttpclient.netty.channel.ChannelManager - Adding key: http://localhost:30685 for channel [id: 0xdad73517, L:/127.0.0.1:51644 - R:localhost/127.0.0.1:30685]
16:13:32.877 [Forwarding screenshot on session cd2e35120c720276814c605bd3aa4877 to remote] DEBUG org.asynchttpclient.netty.request.NettyRequestSender - Using pooled Channel '[id: 0xdad73517, L:/127.0.0.1:51644 - R:localhost/127.0.0.1:30685]' for 'GET' to 'http://localhost:30685/session/cd2e35120c720276814c605bd3aa4877/screenshot'
16:13:32.877 [Forwarding screenshot on session cd2e35120c720276814c605bd3aa4877 to remote] DEBUG org.asynchttpclient.netty.request.NettyRequestSender - Using open Channel [id: 0xdad73517, L:/127.0.0.1:51644 - R:localhost/127.0.0.1:30685] for GET '/session/cd2e35120c720276814c605bd3aa4877/screenshot'
16:13:33.009 [AsyncHttpClient-1-21] DEBUG org.asynchttpclient.netty.handler.HttpHandler - 

Request DefaultFullHttpRequest(decodeResult: success, version: HTTP/1.1, content: EmptyByteBufBE)
GET /session/cd2e35120c720276814c605bd3aa4877/screenshot HTTP/1.1
User-Agent: selenium/4.8.1 (java windows)
Cache-Control: no-cache
Content-Type: application/json; charset=utf-8
host: localhost:30685
accept: */*

Response DefaultHttpResponse(decodeResult: success, version: HTTP/1.1)
HTTP/1.1 200 OK
Content-Length: 26200
Content-Type: application/json; charset=utf-8
cache-control: no-cache

16:13:33.009 [AsyncHttpClient-1-21] DEBUG org.asynchttpclient.netty.channel.ChannelManager - Adding key: http://localhost:30685 for channel [id: 0xdad73517, L:/127.0.0.1:51644 - R:localhost/127.0.0.1:30685]
16:13:33.010 [main] DEBUG net.serenitybdd.core.photography.Darkroom - Send negative for processing for target\site\serenity\b39396b112485565e18280aaadc2999bd9279eca4b70f0de5aa8d4376f7f3eb3.png
16:13:33.010 [main] DEBUG net.thucydides.core.steps.StepInterceptor - STEP DONE: validateOnHomePage
  &amp#27;[32mGiven &amp#27;[0m&amp#27;[32mI am on the alta-shop home page&amp#27;[0m                      &amp#27;[90m# starter.stepdefinitions.LogoutSteps.onTheHomePage()&amp#27;[0m
16:13:33.010 [Darkroom Processing Line] DEBUG net.serenitybdd.core.photography.DarkroomProcessingLine - Processing screenshot image in /var/screenshots/screenshot-15810486529262690715
16:13:33.010 [Darkroom Processing Line] DEBUG net.serenitybdd.core.photography.DarkroomProcessingLine - Saving screenshot to target\site\serenity\b39396b112485565e18280aaadc2999bd9279eca4b70f0de5aa8d4376f7f3eb3.png
16:13:33.018 [Forwarding getPageSource on session cd2e35120c720276814c605bd3aa4877 to remote] DEBUG org.asynchttpclient.netty.request.NettyRequestSender - Using pooled Channel '[id: 0xdad73517, L:/127.0.0.1:51644 - R:localhost/127.0.0.1:30685]' for 'POST' to 'http://localhost:30685/session/cd2e35120c720276814c605bd3aa4877/execute/sync'
16:13:33.018 [Forwarding getPageSource on session cd2e35120c720276814c605bd3aa4877 to remote] DEBUG org.asynchttpclient.netty.request.NettyRequestSender - Using open Channel [id: 0xdad73517, L:/127.0.0.1:51644 - R:localhost/127.0.0.1:30685] for POST '/session/cd2e35120c720276814c605bd3aa4877/execute/sync'
16:13:33.023 [AsyncHttpClient-1-21] DEBUG org.asynchttpclient.netty.handler.HttpHandler - 

Request DefaultHttpRequest(decodeResult: success, version: HTTP/1.1)
POST /session/cd2e35120c720276814c605bd3aa4877/execute/sync HTTP/1.1
User-Agent: selenium/4.8.1 (java windows)
Content-Length: 176
Content-Type: application/json; charset=utf-8
host: localhost:30685
accept: */*

Response DefaultHttpResponse(decodeResult: success, version: HTTP/1.1)
HTTP/1.1 200 OK
Content-Length: 28798
Content-Type: application/json; charset=utf-8
cache-control: no-cache

16:13:33.023 [AsyncHttpClient-1-21] DEBUG org.asynchttpclient.netty.channel.ChannelManager - Adding key: http://localhost:30685 for channel [id: 0xdad73517, L:/127.0.0.1:51644 - R:localhost/127.0.0.1:30685]
16:13:33.026 [Forwarding getCurrentUrl on session cd2e35120c720276814c605bd3aa4877 to remote] DEBUG org.asynchttpclient.netty.request.NettyRequestSender - Using pooled Channel '[id: 0xdad73517, L:/127.0.0.1:51644 - R:localhost/127.0.0.1:30685]' for 'GET' to 'http://localhost:30685/session/cd2e35120c720276814c605bd3aa4877/url'
16:13:33.026 [Forwarding getCurrentUrl on session cd2e35120c720276814c605bd3aa4877 to remote] DEBUG org.asynchttpclient.netty.request.NettyRequestSender - Using open Channel [id: 0xdad73517, L:/127.0.0.1:51644 - R:localhost/127.0.0.1:30685] for GET '/session/cd2e35120c720276814c605bd3aa4877/url'
16:13:33.030 [AsyncHttpClient-1-21] DEBUG org.asynchttpclient.netty.handler.HttpHandler - 

Request DefaultFullHttpRequest(decodeResult: success, version: HTTP/1.1, content: EmptyByteBufBE)
GET /session/cd2e35120c720276814c605bd3aa4877/url HTTP/1.1
User-Agent: selenium/4.8.1 (java windows)
Cache-Control: no-cache
Content-Type: application/json; charset=utf-8
host: localhost:30685
accept: */*

Response DefaultHttpResponse(decodeResult: success, version: HTTP/1.1)
HTTP/1.1 200 OK
Content-Length: 41
Content-Type: application/json; charset=utf-8
cache-control: no-cache

16:13:33.030 [AsyncHttpClient-1-21] DEBUG org.asynchttpclient.netty.channel.ChannelManager - Adding key: http://localhost:30685 for channel [id: 0xdad73517, L:/127.0.0.1:51644 - R:localhost/127.0.0.1:30685]
16:13:33.039 [Forwarding getPageSource on session cd2e35120c720276814c605bd3aa4877 to remote] DEBUG org.asynchttpclient.netty.request.NettyRequestSender - Using pooled Channel '[id: 0xdad73517, L:/127.0.0.1:51644 - R:localhost/127.0.0.1:30685]' for 'POST' to 'http://localhost:30685/session/cd2e35120c720276814c605bd3aa4877/execute/sync'
16:13:33.039 [Forwarding getPageSource on session cd2e35120c720276814c605bd3aa4877 to remote] DEBUG org.asynchttpclient.netty.request.NettyRequestSender - Using open Channel [id: 0xdad73517, L:/127.0.0.1:51644 - R:localhost/127.0.0.1:30685] for POST '/session/cd2e35120c720276814c605bd3aa4877/execute/sync'
16:13:33.046 [AsyncHttpClient-1-21] DEBUG org.asynchttpclient.netty.handler.HttpHandler - 

Request DefaultHttpRequest(decodeResult: success, version: HTTP/1.1)
POST /session/cd2e35120c720276814c605bd3aa4877/execute/sync HTTP/1.1
User-Agent: selenium/4.8.1 (java windows)
Content-Length: 176
Content-Type: application/json; charset=utf-8
host: localhost:30685
accept: */*

Response DefaultHttpResponse(decodeResult: success, version: HTTP/1.1)
HTTP/1.1 200 OK
Content-Length: 28798
Content-Type: application/json; charset=utf-8
cache-control: no-cache

16:13:33.046 [AsyncHttpClient-1-21] DEBUG org.asynchttpclient.netty.channel.ChannelManager - Adding key: http://localhost:30685 for channel [id: 0xdad73517, L:/127.0.0.1:51644 - R:localhost/127.0.0.1:30685]
16:13:33.050 [Forwarding getCurrentUrl on session cd2e35120c720276814c605bd3aa4877 to remote] DEBUG org.asynchttpclient.netty.request.NettyRequestSender - Using pooled Channel '[id: 0xdad73517, L:/127.0.0.1:51644 - R:localhost/127.0.0.1:30685]' for 'GET' to 'http://localhost:30685/session/cd2e35120c720276814c605bd3aa4877/url'
16:13:33.051 [Forwarding getCurrentUrl on session cd2e35120c720276814c605bd3aa4877 to remote] DEBUG org.asynchttpclient.netty.request.NettyRequestSender - Using open Channel [id: 0xdad73517, L:/127.0.0.1:51644 - R:localhost/127.0.0.1:30685] for GET '/session/cd2e35120c720276814c605bd3aa4877/url'
16:13:33.061 [AsyncHttpClient-1-21] DEBUG org.asynchttpclient.netty.handler.HttpHandler - 

Request DefaultFullHttpRequest(decodeResult: success, version: HTTP/1.1, content: EmptyByteBufBE)
GET /session/cd2e35120c720276814c605bd3aa4877/url HTTP/1.1
User-Agent: selenium/4.8.1 (java windows)
Cache-Control: no-cache
Content-Type: application/json; charset=utf-8
host: localhost:30685
accept: */*

Response DefaultHttpResponse(decodeResult: success, version: HTTP/1.1)
HTTP/1.1 200 OK
Content-Length: 41
Content-Type: application/json; charset=utf-8
cache-control: no-cache

16:13:33.061 [AsyncHttpClient-1-21] DEBUG org.asynchttpclient.netty.channel.ChannelManager - Adding key: http://localhost:30685 for channel [id: 0xdad73517, L:/127.0.0.1:51644 - R:localhost/127.0.0.1:30685]
16:13:33.066 [main] DEBUG net.thucydides.core.steps.StepInterceptor - STARTING STEP: LogoutSteps.clickUserIcon - clickUserIcon
16:13:33.070 [Forwarding findElement on session cd2e35120c720276814c605bd3aa4877 to remote] DEBUG org.asynchttpclient.netty.request.NettyRequestSender - Using pooled Channel '[id: 0xdad73517, L:/127.0.0.1:51644 - R:localhost/127.0.0.1:30685]' for 'POST' to 'http://localhost:30685/session/cd2e35120c720276814c605bd3aa4877/element'
16:13:33.070 [Forwarding findElement on session cd2e35120c720276814c605bd3aa4877 to remote] DEBUG org.asynchttpclient.netty.request.NettyRequestSender - Using open Channel [id: 0xdad73517, L:/127.0.0.1:51644 - R:localhost/127.0.0.1:30685] for POST '/session/cd2e35120c720276814c605bd3aa4877/element'
16:13:33.084 [AsyncHttpClient-1-21] DEBUG org.asynchttpclient.netty.handler.HttpHandler - 

Request DefaultHttpRequest(decodeResult: success, version: HTTP/1.1)
POST /session/cd2e35120c720276814c605bd3aa4877/element HTTP/1.1
User-Agent: selenium/4.8.1 (java windows)
Content-Length: 54
Content-Type: application/json; charset=utf-8
host: localhost:30685
accept: */*

Response DefaultHttpResponse(decodeResult: success, version: HTTP/1.1)
HTTP/1.1 200 OK
Content-Length: 88
Content-Type: application/json; charset=utf-8
cache-control: no-cache

16:13:33.084 [AsyncHttpClient-1-21] DEBUG org.asynchttpclient.netty.channel.ChannelManager - Adding key: http://localhost:30685 for channel [id: 0xdad73517, L:/127.0.0.1:51644 - R:localhost/127.0.0.1:30685]
16:13:33.085 [Forwarding getElementTagName on session cd2e35120c720276814c605bd3aa4877 to remote] DEBUG org.asynchttpclient.netty.request.NettyRequestSender - Using pooled Channel '[id: 0xdad73517, L:/127.0.0.1:51644 - R:localhost/127.0.0.1:30685]' for 'GET' to 'http://localhost:30685/session/cd2e35120c720276814c605bd3aa4877/element/fb236dd2-f89a-4f70-8e68-035fcbcb84da/name'
16:13:33.085 [Forwarding getElementTagName on session cd2e35120c720276814c605bd3aa4877 to remote] DEBUG org.asynchttpclient.netty.request.NettyRequestSender - Using open Channel [id: 0xdad73517, L:/127.0.0.1:51644 - R:localhost/127.0.0.1:30685] for GET '/session/cd2e35120c720276814c605bd3aa4877/element/fb236dd2-f89a-4f70-8e68-035fcbcb84da/name'
16:13:33.096 [AsyncHttpClient-1-21] DEBUG org.asynchttpclient.netty.handler.HttpHandler - 

Request DefaultFullHttpRequest(decodeResult: success, version: HTTP/1.1, content: EmptyByteBufBE)
GET /session/cd2e35120c720276814c605bd3aa4877/element/fb236dd2-f89a-4f70-8e68-035fcbcb84da/name HTTP/1.1
User-Agent: selenium/4.8.1 (java windows)
Cache-Control: no-cache
Content-Type: application/json; charset=utf-8
host: localhost:30685
accept: */*

Response DefaultHttpResponse(decodeResult: success, version: HTTP/1.1)
HTTP/1.1 200 OK
Content-Length: 13
Content-Type: application/json; charset=utf-8
cache-control: no-cache

16:13:33.097 [AsyncHttpClient-1-21] DEBUG org.asynchttpclient.netty.channel.ChannelManager - Adding key: http://localhost:30685 for channel [id: 0xdad73517, L:/127.0.0.1:51644 - R:localhost/127.0.0.1:30685]
16:13:33.100 [Forwarding getElementTagName on session cd2e35120c720276814c605bd3aa4877 to remote] DEBUG org.asynchttpclient.netty.request.NettyRequestSender - Using pooled Channel '[id: 0xdad73517, L:/127.0.0.1:51644 - R:localhost/127.0.0.1:30685]' for 'GET' to 'http://localhost:30685/session/cd2e35120c720276814c605bd3aa4877/element/fb236dd2-f89a-4f70-8e68-035fcbcb84da/name'
16:13:33.100 [Forwarding getElementTagName on session cd2e35120c720276814c605bd3aa4877 to remote] DEBUG org.asynchttpclient.netty.request.NettyRequestSender - Using open Channel [id: 0xdad73517, L:/127.0.0.1:51644 - R:localhost/127.0.0.1:30685] for GET '/session/cd2e35120c720276814c605bd3aa4877/element/fb236dd2-f89a-4f70-8e68-035fcbcb84da/name'
16:13:33.112 [AsyncHttpClient-1-21] DEBUG org.asynchttpclient.netty.handler.HttpHandler - 

Request DefaultFullHttpRequest(decodeResult: success, version: HTTP/1.1, content: EmptyByteBufBE)
GET /session/cd2e35120c720276814c605bd3aa4877/element/fb236dd2-f89a-4f70-8e68-035fcbcb84da/name HTTP/1.1
User-Agent: selenium/4.8.1 (java windows)
Cache-Control: no-cache
Content-Type: application/json; charset=utf-8
host: localhost:30685
accept: */*

Response DefaultHttpResponse(decodeResult: success, version: HTTP/1.1)
HTTP/1.1 200 OK
Content-Length: 13
Content-Type: application/json; charset=utf-8
cache-control: no-cache

16:13:33.112 [AsyncHttpClient-1-21] DEBUG org.asynchttpclient.netty.channel.ChannelManager - Adding key: http://localhost:30685 for channel [id: 0xdad73517, L:/127.0.0.1:51644 - R:localhost/127.0.0.1:30685]
16:13:33.115 [Forwarding findElement on session cd2e35120c720276814c605bd3aa4877 to remote] DEBUG org.asynchttpclient.netty.request.NettyRequestSender - Using pooled Channel '[id: 0xdad73517, L:/127.0.0.1:51644 - R:localhost/127.0.0.1:30685]' for 'POST' to 'http://localhost:30685/session/cd2e35120c720276814c605bd3aa4877/element'
16:13:33.115 [Forwarding findElement on session cd2e35120c720276814c605bd3aa4877 to remote] DEBUG org.asynchttpclient.netty.request.NettyRequestSender - Using open Channel [id: 0xdad73517, L:/127.0.0.1:51644 - R:localhost/127.0.0.1:30685] for POST '/session/cd2e35120c720276814c605bd3aa4877/element'
16:13:33.159 [AsyncHttpClient-1-21] DEBUG org.asynchttpclient.netty.handler.HttpHandler - 

Request DefaultHttpRequest(decodeResult: success, version: HTTP/1.1)
POST /session/cd2e35120c720276814c605bd3aa4877/element HTTP/1.1
User-Agent: selenium/4.8.1 (java windows)
Content-Length: 54
Content-Type: application/json; charset=utf-8
host: localhost:30685
accept: */*

Response DefaultHttpResponse(decodeResult: success, version: HTTP/1.1)
HTTP/1.1 200 OK
Content-Length: 88
Content-Type: application/json; charset=utf-8
cache-control: no-cache

16:13:33.159 [AsyncHttpClient-1-21] DEBUG org.asynchttpclient.netty.channel.ChannelManager - Adding key: http://localhost:30685 for channel [id: 0xdad73517, L:/127.0.0.1:51644 - R:localhost/127.0.0.1:30685]
16:13:33.161 [Forwarding clickElement on session cd2e35120c720276814c605bd3aa4877 to remote] DEBUG org.asynchttpclient.netty.request.NettyRequestSender - Using pooled Channel '[id: 0xdad73517, L:/127.0.0.1:51644 - R:localhost/127.0.0.1:30685]' for 'POST' to 'http://localhost:30685/session/cd2e35120c720276814c605bd3aa4877/element/fb236dd2-f89a-4f70-8e68-035fcbcb84da/click'
16:13:33.161 [Forwarding clickElement on session cd2e35120c720276814c605bd3aa4877 to remote] DEBUG org.asynchttpclient.netty.request.NettyRequestSender - Using open Channel [id: 0xdad73517, L:/127.0.0.1:51644 - R:localhost/127.0.0.1:30685] for POST '/session/cd2e35120c720276814c605bd3aa4877/element/fb236dd2-f89a-4f70-8e68-035fcbcb84da/click'
16:13:33.956 [AsyncHttpClient-1-1] DEBUG org.asynchttpclient.netty.channel.DefaultChannelPool - Entry count for : http://localhost:51646 : 1
16:13:34.505 [AsyncHttpClient-1-21] DEBUG org.asynchttpclient.netty.handler.HttpHandler - 

Request DefaultHttpRequest(decodeResult: success, version: HTTP/1.1)
POST /session/cd2e35120c720276814c605bd3aa4877/element/fb236dd2-f89a-4f70-8e68-035fcbcb84da/click HTTP/1.1
User-Agent: selenium/4.8.1 (java windows)
Content-Length: 50
Content-Type: application/json; charset=utf-8
host: localhost:30685
accept: */*

Response DefaultHttpResponse(decodeResult: success, version: HTTP/1.1)
HTTP/1.1 200 OK
Content-Length: 14
Content-Type: application/json; charset=utf-8
cache-control: no-cache

16:13:34.506 [AsyncHttpClient-1-21] DEBUG org.asynchttpclient.netty.channel.ChannelManager - Adding key: http://localhost:30685 for channel [id: 0xdad73517, L:/127.0.0.1:51644 - R:localhost/127.0.0.1:30685]
16:13:34.509 [Forwarding getAlertText on session cd2e35120c720276814c605bd3aa4877 to remote] DEBUG org.asynchttpclient.netty.request.NettyRequestSender - Using pooled Channel '[id: 0xdad73517, L:/127.0.0.1:51644 - R:localhost/127.0.0.1:30685]' for 'GET' to 'http://localhost:30685/session/cd2e35120c720276814c605bd3aa4877/alert/text'
16:13:34.509 [Forwarding getAlertText on session cd2e35120c720276814c605bd3aa4877 to remote] DEBUG org.asynchttpclient.netty.request.NettyRequestSender - Using open Channel [id: 0xdad73517, L:/127.0.0.1:51644 - R:localhost/127.0.0.1:30685] for GET '/session/cd2e35120c720276814c605bd3aa4877/alert/text'
16:13:34.511 [AsyncHttpClient-1-21] DEBUG org.asynchttpclient.netty.handler.HttpHandler - 

Request DefaultFullHttpRequest(decodeResult: success, version: HTTP/1.1, content: EmptyByteBufBE)
GET /session/cd2e35120c720276814c605bd3aa4877/alert/text HTTP/1.1
User-Agent: selenium/4.8.1 (java windows)
Cache-Control: no-cache
Content-Type: application/json; charset=utf-8
host: localhost:30685
accept: */*

Response DefaultHttpResponse(decodeResult: success, version: HTTP/1.1)
HTTP/1.1 404 Not Found
Content-Length: 836
Content-Type: application/json; charset=utf-8
cache-control: no-cache

16:13:34.511 [AsyncHttpClient-1-21] DEBUG org.asynchttpclient.netty.channel.ChannelManager - Adding key: http://localhost:30685 for channel [id: 0xdad73517, L:/127.0.0.1:51644 - R:localhost/127.0.0.1:30685]
16:13:34.511 [Forwarding getCurrentUrl on session cd2e35120c720276814c605bd3aa4877 to remote] DEBUG org.asynchttpclient.netty.request.NettyRequestSender - Using pooled Channel '[id: 0xdad73517, L:/127.0.0.1:51644 - R:localhost/127.0.0.1:30685]' for 'GET' to 'http://localhost:30685/session/cd2e35120c720276814c605bd3aa4877/url'
16:13:34.511 [Forwarding getCurrentUrl on session cd2e35120c720276814c605bd3aa4877 to remote] DEBUG org.asynchttpclient.netty.request.NettyRequestSender - Using open Channel [id: 0xdad73517, L:/127.0.0.1:51644 - R:localhost/127.0.0.1:30685] for GET '/session/cd2e35120c720276814c605bd3aa4877/url'
16:13:34.530 [AsyncHttpClient-1-21] DEBUG org.asynchttpclient.netty.handler.HttpHandler - 

Request DefaultFullHttpRequest(decodeResult: success, version: HTTP/1.1, content: EmptyByteBufBE)
GET /session/cd2e35120c720276814c605bd3aa4877/url HTTP/1.1
User-Agent: selenium/4.8.1 (java windows)
Cache-Control: no-cache
Content-Type: application/json; charset=utf-8
host: localhost:30685
accept: */*

Response DefaultHttpResponse(decodeResult: success, version: HTTP/1.1)
HTTP/1.1 200 OK
Content-Length: 41
Content-Type: application/json; charset=utf-8
cache-control: no-cache

16:13:34.530 [AsyncHttpClient-1-21] DEBUG org.asynchttpclient.netty.channel.ChannelManager - Adding key: http://localhost:30685 for channel [id: 0xdad73517, L:/127.0.0.1:51644 - R:localhost/127.0.0.1:30685]
16:13:34.530 [Forwarding screenshot on session cd2e35120c720276814c605bd3aa4877 to remote] DEBUG org.asynchttpclient.netty.request.NettyRequestSender - Using pooled Channel '[id: 0xdad73517, L:/127.0.0.1:51644 - R:localhost/127.0.0.1:30685]' for 'GET' to 'http://localhost:30685/session/cd2e35120c720276814c605bd3aa4877/screenshot'
16:13:34.530 [Forwarding screenshot on session cd2e35120c720276814c605bd3aa4877 to remote] DEBUG org.asynchttpclient.netty.request.NettyRequestSender - Using open Channel [id: 0xdad73517, L:/127.0.0.1:51644 - R:localhost/127.0.0.1:30685] for GET '/session/cd2e35120c720276814c605bd3aa4877/screenshot'
16:13:34.653 [AsyncHttpClient-1-21] DEBUG org.asynchttpclient.netty.handler.HttpHandler - 

Request DefaultFullHttpRequest(decodeResult: success, version: HTTP/1.1, content: EmptyByteBufBE)
GET /session/cd2e35120c720276814c605bd3aa4877/screenshot HTTP/1.1
User-Agent: selenium/4.8.1 (java windows)
Cache-Control: no-cache
Content-Type: application/json; charset=utf-8
host: localhost:30685
accept: */*

Response DefaultHttpResponse(decodeResult: success, version: HTTP/1.1)
HTTP/1.1 200 OK
Content-Length: 94500
Content-Type: application/json; charset=utf-8
cache-control: no-cache

16:13:34.653 [AsyncHttpClient-1-21] DEBUG org.asynchttpclient.netty.channel.ChannelManager - Adding key: http://localhost:30685 for channel [id: 0xdad73517, L:/127.0.0.1:51644 - R:localhost/127.0.0.1:30685]
16:13:34.654 [main] DEBUG net.serenitybdd.core.photography.Darkroom - Send negative for processing for target\site\serenity\c573b01473c59c36e047b5c0a5185c587c7b659ceed22ae3f2f34d9294f3027a.png
16:13:34.655 [main] DEBUG net.thucydides.core.steps.StepInterceptor - STEP DONE: clickUserIcon
  &amp#27;[32mAnd &amp#27;[0m&amp#27;[32mI click user icon&amp#27;[0m                                      &amp#27;[90m# starter.stepdefinitions.LogoutSteps.clickUserIcon()&amp#27;[0m
16:13:34.655 [Darkroom Processing Line] DEBUG net.serenitybdd.core.photography.DarkroomProcessingLine - Processing screenshot image in /var/screenshots/screenshot-17588047996817236885
16:13:34.655 [Darkroom Processing Line] DEBUG net.serenitybdd.core.photography.DarkroomProcessingLine - Saving screenshot to target\site\serenity\c573b01473c59c36e047b5c0a5185c587c7b659ceed22ae3f2f34d9294f3027a.png
16:13:34.661 [Forwarding getPageSource on session cd2e35120c720276814c605bd3aa4877 to remote] DEBUG org.asynchttpclient.netty.request.NettyRequestSender - Using pooled Channel '[id: 0xdad73517, L:/127.0.0.1:51644 - R:localhost/127.0.0.1:30685]' for 'POST' to 'http://localhost:30685/session/cd2e35120c720276814c605bd3aa4877/execute/sync'
16:13:34.661 [Forwarding getPageSource on session cd2e35120c720276814c605bd3aa4877 to remote] DEBUG org.asynchttpclient.netty.request.NettyRequestSender - Using open Channel [id: 0xdad73517, L:/127.0.0.1:51644 - R:localhost/127.0.0.1:30685] for POST '/session/cd2e35120c720276814c605bd3aa4877/execute/sync'
16:13:34.693 [AsyncHttpClient-1-21] DEBUG org.asynchttpclient.netty.handler.HttpHandler - 

Request DefaultHttpRequest(decodeResult: success, version: HTTP/1.1)
POST /session/cd2e35120c720276814c605bd3aa4877/execute/sync HTTP/1.1
User-Agent: selenium/4.8.1 (java windows)
Content-Length: 176
Content-Type: application/json; charset=utf-8
host: localhost:30685
accept: */*

Response DefaultHttpResponse(decodeResult: success, version: HTTP/1.1)
HTTP/1.1 200 OK
Content-Length: 656551
Content-Type: application/json; charset=utf-8
cache-control: no-cache

16:13:34.694 [AsyncHttpClient-1-21] DEBUG org.asynchttpclient.netty.channel.ChannelManager - Adding key: http://localhost:30685 for channel [id: 0xdad73517, L:/127.0.0.1:51644 - R:localhost/127.0.0.1:30685]
16:13:34.739 [Forwarding getCurrentUrl on session cd2e35120c720276814c605bd3aa4877 to remote] DEBUG org.asynchttpclient.netty.request.NettyRequestSender - Using pooled Channel '[id: 0xdad73517, L:/127.0.0.1:51644 - R:localhost/127.0.0.1:30685]' for 'GET' to 'http://localhost:30685/session/cd2e35120c720276814c605bd3aa4877/url'
16:13:34.739 [Forwarding getCurrentUrl on session cd2e35120c720276814c605bd3aa4877 to remote] DEBUG org.asynchttpclient.netty.request.NettyRequestSender - Using open Channel [id: 0xdad73517, L:/127.0.0.1:51644 - R:localhost/127.0.0.1:30685] for GET '/session/cd2e35120c720276814c605bd3aa4877/url'
16:13:34.743 [AsyncHttpClient-1-21] DEBUG org.asynchttpclient.netty.handler.HttpHandler - 

Request DefaultFullHttpRequest(decodeResult: success, version: HTTP/1.1, content: EmptyByteBufBE)
GET /session/cd2e35120c720276814c605bd3aa4877/url HTTP/1.1
User-Agent: selenium/4.8.1 (java windows)
Cache-Control: no-cache
Content-Type: application/json; charset=utf-8
host: localhost:30685
accept: */*

Response DefaultHttpResponse(decodeResult: success, version: HTTP/1.1)
HTTP/1.1 200 OK
Content-Length: 41
Content-Type: application/json; charset=utf-8
cache-control: no-cache

16:13:34.743 [AsyncHttpClient-1-21] DEBUG org.asynchttpclient.netty.channel.ChannelManager - Adding key: http://localhost:30685 for channel [id: 0xdad73517, L:/127.0.0.1:51644 - R:localhost/127.0.0.1:30685]
16:13:34.751 [Forwarding getAlertText on session cd2e35120c720276814c605bd3aa4877 to remote] DEBUG org.asynchttpclient.netty.request.NettyRequestSender - Using pooled Channel '[id: 0xdad73517, L:/127.0.0.1:51644 - R:localhost/127.0.0.1:30685]' for 'GET' to 'http://localhost:30685/session/cd2e35120c720276814c605bd3aa4877/alert/text'
16:13:34.751 [Forwarding getAlertText on session cd2e35120c720276814c605bd3aa4877 to remote] DEBUG org.asynchttpclient.netty.request.NettyRequestSender - Using open Channel [id: 0xdad73517, L:/127.0.0.1:51644 - R:localhost/127.0.0.1:30685] for GET '/session/cd2e35120c720276814c605bd3aa4877/alert/text'
16:13:34.752 [AsyncHttpClient-1-21] DEBUG org.asynchttpclient.netty.handler.HttpHandler - 

Request DefaultFullHttpRequest(decodeResult: success, version: HTTP/1.1, content: EmptyByteBufBE)
GET /session/cd2e35120c720276814c605bd3aa4877/alert/text HTTP/1.1
User-Agent: selenium/4.8.1 (java windows)
Cache-Control: no-cache
Content-Type: application/json; charset=utf-8
host: localhost:30685
accept: */*

Response DefaultHttpResponse(decodeResult: success, version: HTTP/1.1)
HTTP/1.1 404 Not Found
Content-Length: 836
Content-Type: application/json; charset=utf-8
cache-control: no-cache

16:13:34.752 [AsyncHttpClient-1-21] DEBUG org.asynchttpclient.netty.channel.ChannelManager - Adding key: http://localhost:30685 for channel [id: 0xdad73517, L:/127.0.0.1:51644 - R:localhost/127.0.0.1:30685]
16:13:34.753 [Forwarding getCurrentUrl on session cd2e35120c720276814c605bd3aa4877 to remote] DEBUG org.asynchttpclient.netty.request.NettyRequestSender - Using pooled Channel '[id: 0xdad73517, L:/127.0.0.1:51644 - R:localhost/127.0.0.1:30685]' for 'GET' to 'http://localhost:30685/session/cd2e35120c720276814c605bd3aa4877/url'
16:13:34.753 [Forwarding getCurrentUrl on session cd2e35120c720276814c605bd3aa4877 to remote] DEBUG org.asynchttpclient.netty.request.NettyRequestSender - Using open Channel [id: 0xdad73517, L:/127.0.0.1:51644 - R:localhost/127.0.0.1:30685] for GET '/session/cd2e35120c720276814c605bd3aa4877/url'
16:13:34.755 [AsyncHttpClient-1-21] DEBUG org.asynchttpclient.netty.handler.HttpHandler - 

Request DefaultFullHttpRequest(decodeResult: success, version: HTTP/1.1, content: EmptyByteBufBE)
GET /session/cd2e35120c720276814c605bd3aa4877/url HTTP/1.1
User-Agent: selenium/4.8.1 (java windows)
Cache-Control: no-cache
Content-Type: application/json; charset=utf-8
host: localhost:30685
accept: */*

Response DefaultHttpResponse(decodeResult: success, version: HTTP/1.1)
HTTP/1.1 200 OK
Content-Length: 41
Content-Type: application/json; charset=utf-8
cache-control: no-cache

16:13:34.755 [AsyncHttpClient-1-21] DEBUG org.asynchttpclient.netty.channel.ChannelManager - Adding key: http://localhost:30685 for channel [id: 0xdad73517, L:/127.0.0.1:51644 - R:localhost/127.0.0.1:30685]
16:13:34.756 [Forwarding screenshot on session cd2e35120c720276814c605bd3aa4877 to remote] DEBUG org.asynchttpclient.netty.request.NettyRequestSender - Using pooled Channel '[id: 0xdad73517, L:/127.0.0.1:51644 - R:localhost/127.0.0.1:30685]' for 'GET' to 'http://localhost:30685/session/cd2e35120c720276814c605bd3aa4877/screenshot'
16:13:34.756 [Forwarding screenshot on session cd2e35120c720276814c605bd3aa4877 to remote] DEBUG org.asynchttpclient.netty.request.NettyRequestSender - Using open Channel [id: 0xdad73517, L:/127.0.0.1:51644 - R:localhost/127.0.0.1:30685] for GET '/session/cd2e35120c720276814c605bd3aa4877/screenshot'
16:13:34.849 [AsyncHttpClient-1-21] DEBUG org.asynchttpclient.netty.handler.HttpHandler - 

Request DefaultFullHttpRequest(decodeResult: success, version: HTTP/1.1, content: EmptyByteBufBE)
GET /session/cd2e35120c720276814c605bd3aa4877/screenshot HTTP/1.1
User-Agent: selenium/4.8.1 (java windows)
Cache-Control: no-cache
Content-Type: application/json; charset=utf-8
host: localhost:30685
accept: */*

Response DefaultHttpResponse(decodeResult: success, version: HTTP/1.1)
HTTP/1.1 200 OK
Content-Length: 92860
Content-Type: application/json; charset=utf-8
cache-control: no-cache

16:13:34.849 [AsyncHttpClient-1-21] DEBUG org.asynchttpclient.netty.channel.ChannelManager - Adding key: http://localhost:30685 for channel [id: 0xdad73517, L:/127.0.0.1:51644 - R:localhost/127.0.0.1:30685]
16:13:34.851 [main] DEBUG net.serenitybdd.core.photography.Darkroom - Send negative for processing for target\site\serenity\28fc86eab9ad751b9597498d6286b40e0352dffd5f836f2639b298c8dde17033.png
16:13:34.852 [Darkroom Processing Line] DEBUG net.serenitybdd.core.photography.DarkroomProcessingLine - Processing screenshot image in /var/screenshots/screenshot-16969372043920307412
16:13:34.852 [Darkroom Processing Line] DEBUG net.serenitybdd.core.photography.DarkroomProcessingLine - Saving screenshot to target\site\serenity\28fc86eab9ad751b9597498d6286b40e0352dffd5f836f2639b298c8dde17033.png
16:13:34.852 [Forwarding getPageSource on session cd2e35120c720276814c605bd3aa4877 to remote] DEBUG org.asynchttpclient.netty.request.NettyRequestSender - Using pooled Channel '[id: 0xdad73517, L:/127.0.0.1:51644 - R:localhost/127.0.0.1:30685]' for 'POST' to 'http://localhost:30685/session/cd2e35120c720276814c605bd3aa4877/execute/sync'
16:13:34.852 [Forwarding getPageSource on session cd2e35120c720276814c605bd3aa4877 to remote] DEBUG org.asynchttpclient.netty.request.NettyRequestSender - Using open Channel [id: 0xdad73517, L:/127.0.0.1:51644 - R:localhost/127.0.0.1:30685] for POST '/session/cd2e35120c720276814c605bd3aa4877/execute/sync'
16:13:34.883 [AsyncHttpClient-1-21] DEBUG org.asynchttpclient.netty.handler.HttpHandler - 

Request DefaultHttpRequest(decodeResult: success, version: HTTP/1.1)
POST /session/cd2e35120c720276814c605bd3aa4877/execute/sync HTTP/1.1
User-Agent: selenium/4.8.1 (java windows)
Content-Length: 176
Content-Type: application/json; charset=utf-8
host: localhost:30685
accept: */*

Response DefaultHttpResponse(decodeResult: success, version: HTTP/1.1)
HTTP/1.1 200 OK
Content-Length: 656494
Content-Type: application/json; charset=utf-8
cache-control: no-cache

16:13:34.885 [AsyncHttpClient-1-21] DEBUG org.asynchttpclient.netty.channel.ChannelManager - Adding key: http://localhost:30685 for channel [id: 0xdad73517, L:/127.0.0.1:51644 - R:localhost/127.0.0.1:30685]
16:13:34.925 [Forwarding getCurrentUrl on session cd2e35120c720276814c605bd3aa4877 to remote] DEBUG org.asynchttpclient.netty.request.NettyRequestSender - Using pooled Channel '[id: 0xdad73517, L:/127.0.0.1:51644 - R:localhost/127.0.0.1:30685]' for 'GET' to 'http://localhost:30685/session/cd2e35120c720276814c605bd3aa4877/url'
16:13:34.925 [Forwarding getCurrentUrl on session cd2e35120c720276814c605bd3aa4877 to remote] DEBUG org.asynchttpclient.netty.request.NettyRequestSender - Using open Channel [id: 0xdad73517, L:/127.0.0.1:51644 - R:localhost/127.0.0.1:30685] for GET '/session/cd2e35120c720276814c605bd3aa4877/url'
16:13:34.928 [AsyncHttpClient-1-21] DEBUG org.asynchttpclient.netty.handler.HttpHandler - 

Request DefaultFullHttpRequest(decodeResult: success, version: HTTP/1.1, content: EmptyByteBufBE)
GET /session/cd2e35120c720276814c605bd3aa4877/url HTTP/1.1
User-Agent: selenium/4.8.1 (java windows)
Cache-Control: no-cache
Content-Type: application/json; charset=utf-8
host: localhost:30685
accept: */*

Response DefaultHttpResponse(decodeResult: success, version: HTTP/1.1)
HTTP/1.1 200 OK
Content-Length: 41
Content-Type: application/json; charset=utf-8
cache-control: no-cache

16:13:34.928 [AsyncHttpClient-1-21] DEBUG org.asynchttpclient.netty.channel.ChannelManager - Adding key: http://localhost:30685 for channel [id: 0xdad73517, L:/127.0.0.1:51644 - R:localhost/127.0.0.1:30685]
16:13:34.932 [main] DEBUG net.thucydides.core.steps.StepInterceptor - STARTING STEP: LogoutSteps.clickLogoutOption - clickLogoutOption
16:13:34.934 [Forwarding findElement on session cd2e35120c720276814c605bd3aa4877 to remote] DEBUG org.asynchttpclient.netty.request.NettyRequestSender - Using pooled Channel '[id: 0xdad73517, L:/127.0.0.1:51644 - R:localhost/127.0.0.1:30685]' for 'POST' to 'http://localhost:30685/session/cd2e35120c720276814c605bd3aa4877/element'
16:13:34.934 [Forwarding findElement on session cd2e35120c720276814c605bd3aa4877 to remote] DEBUG org.asynchttpclient.netty.request.NettyRequestSender - Using open Channel [id: 0xdad73517, L:/127.0.0.1:51644 - R:localhost/127.0.0.1:30685] for POST '/session/cd2e35120c720276814c605bd3aa4877/element'
16:13:34.945 [AsyncHttpClient-1-21] DEBUG org.asynchttpclient.netty.handler.HttpHandler - 

Request DefaultHttpRequest(decodeResult: success, version: HTTP/1.1)
POST /session/cd2e35120c720276814c605bd3aa4877/element HTTP/1.1
User-Agent: selenium/4.8.1 (java windows)
Content-Length: 59
Content-Type: application/json; charset=utf-8
host: localhost:30685
accept: */*

Response DefaultHttpResponse(decodeResult: success, version: HTTP/1.1)
HTTP/1.1 200 OK
Content-Length: 88
Content-Type: application/json; charset=utf-8
cache-control: no-cache

16:13:34.945 [AsyncHttpClient-1-21] DEBUG org.asynchttpclient.netty.channel.ChannelManager - Adding key: http://localhost:30685 for channel [id: 0xdad73517, L:/127.0.0.1:51644 - R:localhost/127.0.0.1:30685]
16:13:34.946 [Forwarding getElementTagName on session cd2e35120c720276814c605bd3aa4877 to remote] DEBUG org.asynchttpclient.netty.request.NettyRequestSender - Using pooled Channel '[id: 0xdad73517, L:/127.0.0.1:51644 - R:localhost/127.0.0.1:30685]' for 'GET' to 'http://localhost:30685/session/cd2e35120c720276814c605bd3aa4877/element/df380017-e37d-4aae-92e7-1e56c6f94134/name'
16:13:34.946 [Forwarding getElementTagName on session cd2e35120c720276814c605bd3aa4877 to remote] DEBUG org.asynchttpclient.netty.request.NettyRequestSender - Using open Channel [id: 0xdad73517, L:/127.0.0.1:51644 - R:localhost/127.0.0.1:30685] for GET '/session/cd2e35120c720276814c605bd3aa4877/element/df380017-e37d-4aae-92e7-1e56c6f94134/name'
16:13:34.949 [AsyncHttpClient-1-21] DEBUG org.asynchttpclient.netty.handler.HttpHandler - 

Request DefaultFullHttpRequest(decodeResult: success, version: HTTP/1.1, content: EmptyByteBufBE)
GET /session/cd2e35120c720276814c605bd3aa4877/element/df380017-e37d-4aae-92e7-1e56c6f94134/name HTTP/1.1
User-Agent: selenium/4.8.1 (java windows)
Cache-Control: no-cache
Content-Type: application/json; charset=utf-8
host: localhost:30685
accept: */*

Response DefaultHttpResponse(decodeResult: success, version: HTTP/1.1)
HTTP/1.1 200 OK
Content-Length: 13
Content-Type: application/json; charset=utf-8
cache-control: no-cache

16:13:34.949 [AsyncHttpClient-1-21] DEBUG org.asynchttpclient.netty.channel.ChannelManager - Adding key: http://localhost:30685 for channel [id: 0xdad73517, L:/127.0.0.1:51644 - R:localhost/127.0.0.1:30685]
16:13:34.950 [Forwarding getElementTagName on session cd2e35120c720276814c605bd3aa4877 to remote] DEBUG org.asynchttpclient.netty.request.NettyRequestSender - Using pooled Channel '[id: 0xdad73517, L:/127.0.0.1:51644 - R:localhost/127.0.0.1:30685]' for 'GET' to 'http://localhost:30685/session/cd2e35120c720276814c605bd3aa4877/element/df380017-e37d-4aae-92e7-1e56c6f94134/name'
16:13:34.950 [Forwarding getElementTagName on session cd2e35120c720276814c605bd3aa4877 to remote] DEBUG org.asynchttpclient.netty.request.NettyRequestSender - Using open Channel [id: 0xdad73517, L:/127.0.0.1:51644 - R:localhost/127.0.0.1:30685] for GET '/session/cd2e35120c720276814c605bd3aa4877/element/df380017-e37d-4aae-92e7-1e56c6f94134/name'
16:13:34.953 [AsyncHttpClient-1-21] DEBUG org.asynchttpclient.netty.handler.HttpHandler - 

Request DefaultFullHttpRequest(decodeResult: success, version: HTTP/1.1, content: EmptyByteBufBE)
GET /session/cd2e35120c720276814c605bd3aa4877/element/df380017-e37d-4aae-92e7-1e56c6f94134/name HTTP/1.1
User-Agent: selenium/4.8.1 (java windows)
Cache-Control: no-cache
Content-Type: application/json; charset=utf-8
host: localhost:30685
accept: */*

Response DefaultHttpResponse(decodeResult: success, version: HTTP/1.1)
HTTP/1.1 200 OK
Content-Length: 13
Content-Type: application/json; charset=utf-8
cache-control: no-cache

16:13:34.953 [AsyncHttpClient-1-21] DEBUG org.asynchttpclient.netty.channel.ChannelManager - Adding key: http://localhost:30685 for channel [id: 0xdad73517, L:/127.0.0.1:51644 - R:localhost/127.0.0.1:30685]
16:13:34.954 [Forwarding findElement on session cd2e35120c720276814c605bd3aa4877 to remote] DEBUG org.asynchttpclient.netty.request.NettyRequestSender - Using pooled Channel '[id: 0xdad73517, L:/127.0.0.1:51644 - R:localhost/127.0.0.1:30685]' for 'POST' to 'http://localhost:30685/session/cd2e35120c720276814c605bd3aa4877/element'
16:13:34.954 [Forwarding findElement on session cd2e35120c720276814c605bd3aa4877 to remote] DEBUG org.asynchttpclient.netty.request.NettyRequestSender - Using open Channel [id: 0xdad73517, L:/127.0.0.1:51644 - R:localhost/127.0.0.1:30685] for POST '/session/cd2e35120c720276814c605bd3aa4877/element'
16:13:34.959 [AsyncHttpClient-1-21] DEBUG org.asynchttpclient.netty.handler.HttpHandler - 

Request DefaultHttpRequest(decodeResult: success, version: HTTP/1.1)
POST /session/cd2e35120c720276814c605bd3aa4877/element HTTP/1.1
User-Agent: selenium/4.8.1 (java windows)
Content-Length: 59
Content-Type: application/json; charset=utf-8
host: localhost:30685
accept: */*

Response DefaultHttpResponse(decodeResult: success, version: HTTP/1.1)
HTTP/1.1 200 OK
Content-Length: 88
Content-Type: application/json; charset=utf-8
cache-control: no-cache

16:13:34.959 [AsyncHttpClient-1-21] DEBUG org.asynchttpclient.netty.channel.ChannelManager - Adding key: http://localhost:30685 for channel [id: 0xdad73517, L:/127.0.0.1:51644 - R:localhost/127.0.0.1:30685]
16:13:34.960 [Forwarding clickElement on session cd2e35120c720276814c605bd3aa4877 to remote] DEBUG org.asynchttpclient.netty.request.NettyRequestSender - Using pooled Channel '[id: 0xdad73517, L:/127.0.0.1:51644 - R:localhost/127.0.0.1:30685]' for 'POST' to 'http://localhost:30685/session/cd2e35120c720276814c605bd3aa4877/element/df380017-e37d-4aae-92e7-1e56c6f94134/click'
16:13:34.960 [Forwarding clickElement on session cd2e35120c720276814c605bd3aa4877 to remote] DEBUG org.asynchttpclient.netty.request.NettyRequestSender - Using open Channel [id: 0xdad73517, L:/127.0.0.1:51644 - R:localhost/127.0.0.1:30685] for POST '/session/cd2e35120c720276814c605bd3aa4877/element/df380017-e37d-4aae-92e7-1e56c6f94134/click'
16:13:35.057 [AsyncHttpClient-1-1] DEBUG org.asynchttpclient.netty.channel.DefaultChannelPool - Entry count for : http://localhost:51646 : 1
16:13:35.092 [AsyncHttpClient-1-21] DEBUG org.asynchttpclient.netty.handler.HttpHandler - 

Request DefaultHttpRequest(decodeResult: success, version: HTTP/1.1)
POST /session/cd2e35120c720276814c605bd3aa4877/element/df380017-e37d-4aae-92e7-1e56c6f94134/click HTTP/1.1
User-Agent: selenium/4.8.1 (java windows)
Content-Length: 50
Content-Type: application/json; charset=utf-8
host: localhost:30685
accept: */*

Response DefaultHttpResponse(decodeResult: success, version: HTTP/1.1)
HTTP/1.1 200 OK
Content-Length: 14
Content-Type: application/json; charset=utf-8
cache-control: no-cache

16:13:35.092 [AsyncHttpClient-1-21] DEBUG org.asynchttpclient.netty.channel.ChannelManager - Adding key: http://localhost:30685 for channel [id: 0xdad73517, L:/127.0.0.1:51644 - R:localhost/127.0.0.1:30685]
16:13:35.097 [Forwarding getAlertText on session cd2e35120c720276814c605bd3aa4877 to remote] DEBUG org.asynchttpclient.netty.request.NettyRequestSender - Using pooled Channel '[id: 0xdad73517, L:/127.0.0.1:51644 - R:localhost/127.0.0.1:30685]' for 'GET' to 'http://localhost:30685/session/cd2e35120c720276814c605bd3aa4877/alert/text'
16:13:35.097 [Forwarding getAlertText on session cd2e35120c720276814c605bd3aa4877 to remote] DEBUG org.asynchttpclient.netty.request.NettyRequestSender - Using open Channel [id: 0xdad73517, L:/127.0.0.1:51644 - R:localhost/127.0.0.1:30685] for GET '/session/cd2e35120c720276814c605bd3aa4877/alert/text'
16:13:35.098 [AsyncHttpClient-1-21] DEBUG org.asynchttpclient.netty.handler.HttpHandler - 

Request DefaultFullHttpRequest(decodeResult: success, version: HTTP/1.1, content: EmptyByteBufBE)
GET /session/cd2e35120c720276814c605bd3aa4877/alert/text HTTP/1.1
User-Agent: selenium/4.8.1 (java windows)
Cache-Control: no-cache
Content-Type: application/json; charset=utf-8
host: localhost:30685
accept: */*

Response DefaultHttpResponse(decodeResult: success, version: HTTP/1.1)
HTTP/1.1 404 Not Found
Content-Length: 836
Content-Type: application/json; charset=utf-8
cache-control: no-cache

16:13:35.098 [AsyncHttpClient-1-21] DEBUG org.asynchttpclient.netty.channel.ChannelManager - Adding key: http://localhost:30685 for channel [id: 0xdad73517, L:/127.0.0.1:51644 - R:localhost/127.0.0.1:30685]
16:13:35.098 [Forwarding getCurrentUrl on session cd2e35120c720276814c605bd3aa4877 to remote] DEBUG org.asynchttpclient.netty.request.NettyRequestSender - Using pooled Channel '[id: 0xdad73517, L:/127.0.0.1:51644 - R:localhost/127.0.0.1:30685]' for 'GET' to 'http://localhost:30685/session/cd2e35120c720276814c605bd3aa4877/url'
16:13:35.099 [Forwarding getCurrentUrl on session cd2e35120c720276814c605bd3aa4877 to remote] DEBUG org.asynchttpclient.netty.request.NettyRequestSender - Using open Channel [id: 0xdad73517, L:/127.0.0.1:51644 - R:localhost/127.0.0.1:30685] for GET '/session/cd2e35120c720276814c605bd3aa4877/url'
16:13:35.101 [AsyncHttpClient-1-21] DEBUG org.asynchttpclient.netty.handler.HttpHandler - 

Request DefaultFullHttpRequest(decodeResult: success, version: HTTP/1.1, content: EmptyByteBufBE)
GET /session/cd2e35120c720276814c605bd3aa4877/url HTTP/1.1
User-Agent: selenium/4.8.1 (java windows)
Cache-Control: no-cache
Content-Type: application/json; charset=utf-8
host: localhost:30685
accept: */*

Response DefaultHttpResponse(decodeResult: success, version: HTTP/1.1)
HTTP/1.1 200 OK
Content-Length: 51
Content-Type: application/json; charset=utf-8
cache-control: no-cache

16:13:35.101 [AsyncHttpClient-1-21] DEBUG org.asynchttpclient.netty.channel.ChannelManager - Adding key: http://localhost:30685 for channel [id: 0xdad73517, L:/127.0.0.1:51644 - R:localhost/127.0.0.1:30685]
16:13:35.102 [Forwarding screenshot on session cd2e35120c720276814c605bd3aa4877 to remote] DEBUG org.asynchttpclient.netty.request.NettyRequestSender - Using pooled Channel '[id: 0xdad73517, L:/127.0.0.1:51644 - R:localhost/127.0.0.1:30685]' for 'GET' to 'http://localhost:30685/session/cd2e35120c720276814c605bd3aa4877/screenshot'
16:13:35.102 [Forwarding screenshot on session cd2e35120c720276814c605bd3aa4877 to remote] DEBUG org.asynchttpclient.netty.request.NettyRequestSender - Using open Channel [id: 0xdad73517, L:/127.0.0.1:51644 - R:localhost/127.0.0.1:30685] for GET '/session/cd2e35120c720276814c605bd3aa4877/screenshot'
16:13:35.166 [AsyncHttpClient-1-21] DEBUG org.asynchttpclient.netty.handler.HttpHandler - 

Request DefaultFullHttpRequest(decodeResult: success, version: HTTP/1.1, content: EmptyByteBufBE)
GET /session/cd2e35120c720276814c605bd3aa4877/screenshot HTTP/1.1
User-Agent: selenium/4.8.1 (java windows)
Cache-Control: no-cache
Content-Type: application/json; charset=utf-8
host: localhost:30685
accept: */*

Response DefaultHttpResponse(decodeResult: success, version: HTTP/1.1)
HTTP/1.1 200 OK
Content-Length: 25208
Content-Type: application/json; charset=utf-8
cache-control: no-cache

16:13:35.167 [AsyncHttpClient-1-21] DEBUG org.asynchttpclient.netty.channel.ChannelManager - Adding key: http://localhost:30685 for channel [id: 0xdad73517, L:/127.0.0.1:51644 - R:localhost/127.0.0.1:30685]
16:13:35.167 [main] DEBUG net.serenitybdd.core.photography.Darkroom - Send negative for processing for target\site\serenity\edb14d4aab401efa0e4fb99861e6ffcafebc86a67b69f7828890b9910ed2ddbd.png
16:13:35.168 [main] DEBUG net.thucydides.core.steps.StepInterceptor - STEP DONE: clickLogoutOption
  &amp#27;[32mWhen &amp#27;[0m&amp#27;[32mI click logout option&amp#27;[0m                                 &amp#27;[90m# starter.stepdefinitions.LogoutSteps.clickLogoutOption()&amp#27;[0m
16:13:35.174 [Forwarding getPageSource on session cd2e35120c720276814c605bd3aa4877 to remote] DEBUG org.asynchttpclient.netty.request.NettyRequestSender - Using pooled Channel '[id: 0xdad73517, L:/127.0.0.1:51644 - R:localhost/127.0.0.1:30685]' for 'POST' to 'http://localhost:30685/session/cd2e35120c720276814c605bd3aa4877/execute/sync'
16:13:35.174 [Forwarding getPageSource on session cd2e35120c720276814c605bd3aa4877 to remote] DEBUG org.asynchttpclient.netty.request.NettyRequestSender - Using open Channel [id: 0xdad73517, L:/127.0.0.1:51644 - R:localhost/127.0.0.1:30685] for POST '/session/cd2e35120c720276814c605bd3aa4877/execute/sync'
16:13:35.177 [AsyncHttpClient-1-21] DEBUG org.asynchttpclient.netty.handler.HttpHandler - 

Request DefaultHttpRequest(decodeResult: success, version: HTTP/1.1)
POST /session/cd2e35120c720276814c605bd3aa4877/execute/sync HTTP/1.1
User-Agent: selenium/4.8.1 (java windows)
Content-Length: 176
Content-Type: application/json; charset=utf-8
host: localhost:30685
accept: */*

Response DefaultHttpResponse(decodeResult: success, version: HTTP/1.1)
HTTP/1.1 200 OK
Content-Length: 21667
Content-Type: application/json; charset=utf-8
cache-control: no-cache

16:13:35.177 [AsyncHttpClient-1-21] DEBUG org.asynchttpclient.netty.channel.ChannelManager - Adding key: http://localhost:30685 for channel [id: 0xdad73517, L:/127.0.0.1:51644 - R:localhost/127.0.0.1:30685]
16:13:35.179 [Forwarding getCurrentUrl on session cd2e35120c720276814c605bd3aa4877 to remote] DEBUG org.asynchttpclient.netty.request.NettyRequestSender - Using pooled Channel '[id: 0xdad73517, L:/127.0.0.1:51644 - R:localhost/127.0.0.1:30685]' for 'GET' to 'http://localhost:30685/session/cd2e35120c720276814c605bd3aa4877/url'
16:13:35.179 [Forwarding getCurrentUrl on session cd2e35120c720276814c605bd3aa4877 to remote] DEBUG org.asynchttpclient.netty.request.NettyRequestSender - Using open Channel [id: 0xdad73517, L:/127.0.0.1:51644 - R:localhost/127.0.0.1:30685] for GET '/session/cd2e35120c720276814c605bd3aa4877/url'
16:13:35.181 [AsyncHttpClient-1-21] DEBUG org.asynchttpclient.netty.handler.HttpHandler - 

Request DefaultFullHttpRequest(decodeResult: success, version: HTTP/1.1, content: EmptyByteBufBE)
GET /session/cd2e35120c720276814c605bd3aa4877/url HTTP/1.1
User-Agent: selenium/4.8.1 (java windows)
Cache-Control: no-cache
Content-Type: application/json; charset=utf-8
host: localhost:30685
accept: */*

Response DefaultHttpResponse(decodeResult: success, version: HTTP/1.1)
HTTP/1.1 200 OK
Content-Length: 51
Content-Type: application/json; charset=utf-8
cache-control: no-cache

16:13:35.181 [AsyncHttpClient-1-21] DEBUG org.asynchttpclient.netty.channel.ChannelManager - Adding key: http://localhost:30685 for channel [id: 0xdad73517, L:/127.0.0.1:51644 - R:localhost/127.0.0.1:30685]
16:13:35.187 [Forwarding getPageSource on session cd2e35120c720276814c605bd3aa4877 to remote] DEBUG org.asynchttpclient.netty.request.NettyRequestSender - Using pooled Channel '[id: 0xdad73517, L:/127.0.0.1:51644 - R:localhost/127.0.0.1:30685]' for 'POST' to 'http://localhost:30685/session/cd2e35120c720276814c605bd3aa4877/execute/sync'
16:13:35.187 [Forwarding getPageSource on session cd2e35120c720276814c605bd3aa4877 to remote] DEBUG org.asynchttpclient.netty.request.NettyRequestSender - Using open Channel [id: 0xdad73517, L:/127.0.0.1:51644 - R:localhost/127.0.0.1:30685] for POST '/session/cd2e35120c720276814c605bd3aa4877/execute/sync'
16:13:35.189 [AsyncHttpClient-1-21] DEBUG org.asynchttpclient.netty.handler.HttpHandler - 

Request DefaultHttpRequest(decodeResult: success, version: HTTP/1.1)
POST /session/cd2e35120c720276814c605bd3aa4877/execute/sync HTTP/1.1
User-Agent: selenium/4.8.1 (java windows)
Content-Length: 176
Content-Type: application/json; charset=utf-8
host: localhost:30685
accept: */*

Response DefaultHttpResponse(decodeResult: success, version: HTTP/1.1)
HTTP/1.1 200 OK
Content-Length: 21667
Content-Type: application/json; charset=utf-8
cache-control: no-cache

16:13:35.189 [AsyncHttpClient-1-21] DEBUG org.asynchttpclient.netty.channel.ChannelManager - Adding key: http://localhost:30685 for channel [id: 0xdad73517, L:/127.0.0.1:51644 - R:localhost/127.0.0.1:30685]
16:13:35.191 [Forwarding getCurrentUrl on session cd2e35120c720276814c605bd3aa4877 to remote] DEBUG org.asynchttpclient.netty.request.NettyRequestSender - Using pooled Channel '[id: 0xdad73517, L:/127.0.0.1:51644 - R:localhost/127.0.0.1:30685]' for 'GET' to 'http://localhost:30685/session/cd2e35120c720276814c605bd3aa4877/url'
16:13:35.191 [Forwarding getCurrentUrl on session cd2e35120c720276814c605bd3aa4877 to remote] DEBUG org.asynchttpclient.netty.request.NettyRequestSender - Using open Channel [id: 0xdad73517, L:/127.0.0.1:51644 - R:localhost/127.0.0.1:30685] for GET '/session/cd2e35120c720276814c605bd3aa4877/url'
16:13:35.195 [AsyncHttpClient-1-21] DEBUG org.asynchttpclient.netty.handler.HttpHandler - 

Request DefaultFullHttpRequest(decodeResult: success, version: HTTP/1.1, content: EmptyByteBufBE)
GET /session/cd2e35120c720276814c605bd3aa4877/url HTTP/1.1
User-Agent: selenium/4.8.1 (java windows)
Cache-Control: no-cache
Content-Type: application/json; charset=utf-8
host: localhost:30685
accept: */*

Response DefaultHttpResponse(decodeResult: success, version: HTTP/1.1)
HTTP/1.1 200 OK
Content-Length: 51
Content-Type: application/json; charset=utf-8
cache-control: no-cache

16:13:35.195 [AsyncHttpClient-1-21] DEBUG org.asynchttpclient.netty.channel.ChannelManager - Adding key: http://localhost:30685 for channel [id: 0xdad73517, L:/127.0.0.1:51644 - R:localhost/127.0.0.1:30685]
16:13:35.199 [main] DEBUG net.thucydides.core.steps.StepInterceptor - STARTING STEP: LogoutSteps.validateAlreadyLogout - validateAlreadyLogout
16:13:35.201 [Forwarding findElement on session cd2e35120c720276814c605bd3aa4877 to remote] DEBUG org.asynchttpclient.netty.request.NettyRequestSender - Using pooled Channel '[id: 0xdad73517, L:/127.0.0.1:51644 - R:localhost/127.0.0.1:30685]' for 'POST' to 'http://localhost:30685/session/cd2e35120c720276814c605bd3aa4877/element'
16:13:35.201 [Forwarding findElement on session cd2e35120c720276814c605bd3aa4877 to remote] DEBUG org.asynchttpclient.netty.request.NettyRequestSender - Using open Channel [id: 0xdad73517, L:/127.0.0.1:51644 - R:localhost/127.0.0.1:30685] for POST '/session/cd2e35120c720276814c605bd3aa4877/element'
16:13:35.209 [AsyncHttpClient-1-21] DEBUG org.asynchttpclient.netty.handler.HttpHandler - 

Request DefaultHttpRequest(decodeResult: success, version: HTTP/1.1)
POST /session/cd2e35120c720276814c605bd3aa4877/element HTTP/1.1
User-Agent: selenium/4.8.1 (java windows)
Content-Length: 59
Content-Type: application/json; charset=utf-8
host: localhost:30685
accept: */*

Response DefaultHttpResponse(decodeResult: success, version: HTTP/1.1)
HTTP/1.1 200 OK
Content-Length: 88
Content-Type: application/json; charset=utf-8
cache-control: no-cache

16:13:35.209 [AsyncHttpClient-1-21] DEBUG org.asynchttpclient.netty.channel.ChannelManager - Adding key: http://localhost:30685 for channel [id: 0xdad73517, L:/127.0.0.1:51644 - R:localhost/127.0.0.1:30685]
16:13:35.214 [Forwarding isElementDisplayed on session cd2e35120c720276814c605bd3aa4877 to remote] DEBUG org.asynchttpclient.netty.request.NettyRequestSender - Using pooled Channel '[id: 0xdad73517, L:/127.0.0.1:51644 - R:localhost/127.0.0.1:30685]' for 'POST' to 'http://localhost:30685/session/cd2e35120c720276814c605bd3aa4877/execute/sync'
16:13:35.214 [Forwarding isElementDisplayed on session cd2e35120c720276814c605bd3aa4877 to remote] DEBUG org.asynchttpclient.netty.request.NettyRequestSender - Using open Channel [id: 0xdad73517, L:/127.0.0.1:51644 - R:localhost/127.0.0.1:30685] for POST '/session/cd2e35120c720276814c605bd3aa4877/execute/sync'
16:13:35.231 [AsyncHttpClient-1-21] DEBUG org.asynchttpclient.netty.handler.HttpHandler - 

Request DefaultHttpRequest(decodeResult: success, version: HTTP/1.1)
POST /session/cd2e35120c720276814c605bd3aa4877/execute/sync HTTP/1.1
User-Agent: selenium/4.8.1 (java windows)
Content-Length: 48807
Content-Type: application/json; charset=utf-8
host: localhost:30685
accept: */*

Response DefaultHttpResponse(decodeResult: success, version: HTTP/1.1)
HTTP/1.1 200 OK
Content-Length: 14
Content-Type: application/json; charset=utf-8
cache-control: no-cache

16:13:35.231 [AsyncHttpClient-1-21] DEBUG org.asynchttpclient.netty.channel.ChannelManager - Adding key: http://localhost:30685 for channel [id: 0xdad73517, L:/127.0.0.1:51644 - R:localhost/127.0.0.1:30685]
16:13:35.237 [Forwarding getAlertText on session cd2e35120c720276814c605bd3aa4877 to remote] DEBUG org.asynchttpclient.netty.request.NettyRequestSender - Using pooled Channel '[id: 0xdad73517, L:/127.0.0.1:51644 - R:localhost/127.0.0.1:30685]' for 'GET' to 'http://localhost:30685/session/cd2e35120c720276814c605bd3aa4877/alert/text'
16:13:35.237 [Forwarding getAlertText on session cd2e35120c720276814c605bd3aa4877 to remote] DEBUG org.asynchttpclient.netty.request.NettyRequestSender - Using open Channel [id: 0xdad73517, L:/127.0.0.1:51644 - R:localhost/127.0.0.1:30685] for GET '/session/cd2e35120c720276814c605bd3aa4877/alert/text'
16:13:35.239 [AsyncHttpClient-1-21] DEBUG org.asynchttpclient.netty.handler.HttpHandler - 

Request DefaultFullHttpRequest(decodeResult: success, version: HTTP/1.1, content: EmptyByteBufBE)
GET /session/cd2e35120c720276814c605bd3aa4877/alert/text HTTP/1.1
User-Agent: selenium/4.8.1 (java windows)
Cache-Control: no-cache
Content-Type: application/json; charset=utf-8
host: localhost:30685
accept: */*

Response DefaultHttpResponse(decodeResult: success, version: HTTP/1.1)
HTTP/1.1 404 Not Found
Content-Length: 836
Content-Type: application/json; charset=utf-8
cache-control: no-cache

16:13:35.239 [AsyncHttpClient-1-21] DEBUG org.asynchttpclient.netty.channel.ChannelManager - Adding key: http://localhost:30685 for channel [id: 0xdad73517, L:/127.0.0.1:51644 - R:localhost/127.0.0.1:30685]
16:13:35.241 [Forwarding getCurrentUrl on session cd2e35120c720276814c605bd3aa4877 to remote] DEBUG org.asynchttpclient.netty.request.NettyRequestSender - Using pooled Channel '[id: 0xdad73517, L:/127.0.0.1:51644 - R:localhost/127.0.0.1:30685]' for 'GET' to 'http://localhost:30685/session/cd2e35120c720276814c605bd3aa4877/url'
16:13:35.241 [Forwarding getCurrentUrl on session cd2e35120c720276814c605bd3aa4877 to remote] DEBUG org.asynchttpclient.netty.request.NettyRequestSender - Using open Channel [id: 0xdad73517, L:/127.0.0.1:51644 - R:localhost/127.0.0.1:30685] for GET '/session/cd2e35120c720276814c605bd3aa4877/url'
16:13:35.248 [AsyncHttpClient-1-21] DEBUG org.asynchttpclient.netty.handler.HttpHandler - 

Request DefaultFullHttpRequest(decodeResult: success, version: HTTP/1.1, content: EmptyByteBufBE)
GET /session/cd2e35120c720276814c605bd3aa4877/url HTTP/1.1
User-Agent: selenium/4.8.1 (java windows)
Cache-Control: no-cache
Content-Type: application/json; charset=utf-8
host: localhost:30685
accept: */*

Response DefaultHttpResponse(decodeResult: success, version: HTTP/1.1)
HTTP/1.1 200 OK
Content-Length: 51
Content-Type: application/json; charset=utf-8
cache-control: no-cache

16:13:35.248 [AsyncHttpClient-1-21] DEBUG org.asynchttpclient.netty.channel.ChannelManager - Adding key: http://localhost:30685 for channel [id: 0xdad73517, L:/127.0.0.1:51644 - R:localhost/127.0.0.1:30685]
16:13:35.249 [Forwarding screenshot on session cd2e35120c720276814c605bd3aa4877 to remote] DEBUG org.asynchttpclient.netty.request.NettyRequestSender - Using pooled Channel '[id: 0xdad73517, L:/127.0.0.1:51644 - R:localhost/127.0.0.1:30685]' for 'GET' to 'http://localhost:30685/session/cd2e35120c720276814c605bd3aa4877/screenshot'
16:13:35.249 [Forwarding screenshot on session cd2e35120c720276814c605bd3aa4877 to remote] DEBUG org.asynchttpclient.netty.request.NettyRequestSender - Using open Channel [id: 0xdad73517, L:/127.0.0.1:51644 - R:localhost/127.0.0.1:30685] for GET '/session/cd2e35120c720276814c605bd3aa4877/screenshot'
16:13:35.336 [AsyncHttpClient-1-21] DEBUG org.asynchttpclient.netty.handler.HttpHandler - 

Request DefaultFullHttpRequest(decodeResult: success, version: HTTP/1.1, content: EmptyByteBufBE)
GET /session/cd2e35120c720276814c605bd3aa4877/screenshot HTTP/1.1
User-Agent: selenium/4.8.1 (java windows)
Cache-Control: no-cache
Content-Type: application/json; charset=utf-8
host: localhost:30685
accept: */*

Response DefaultHttpResponse(decodeResult: success, version: HTTP/1.1)
HTTP/1.1 200 OK
Content-Length: 25208
Content-Type: application/json; charset=utf-8
cache-control: no-cache

16:13:35.336 [AsyncHttpClient-1-21] DEBUG org.asynchttpclient.netty.channel.ChannelManager - Adding key: http://localhost:30685 for channel [id: 0xdad73517, L:/127.0.0.1:51644 - R:localhost/127.0.0.1:30685]
16:13:35.338 [main] DEBUG net.serenitybdd.core.photography.Darkroom - Send negative for processing for target\site\serenity\edb14d4aab401efa0e4fb99861e6ffcafebc86a67b69f7828890b9910ed2ddbd.png
16:13:35.339 [main] DEBUG net.thucydides.core.steps.StepInterceptor - STEP DONE: validateAlreadyLogout
  &amp#27;[32mThen &amp#27;[0m&amp#27;[32mI should be redirected back to my alta-shop home page&amp#27;[0m &amp#27;[90m# starter.stepdefinitions.LogoutSteps.validateAlreadyLogout()&amp#27;[0m
16:13:35.347 [main] INFO  - 
  _____   ___   ___   _____     ___     _     ___   ___   ___   ___  
 |_   _| | __| / __| |_   _|   | _ \   /_\   / __| / __| | __| |   \ 
   | |   | _|  \__ \   | |     |  _/  / _ \  \__ \ \__ \ | _|  | |) |
   |_|   |___| |___/   |_|     |_|   /_/ \_\ |___/ |___/ |___| |___/ 

Logout from account
----------------------------------------------------------------------
16:13:35.348 [AsyncHttpClient-1-23] DEBUG org.asynchttpclient.netty.handler.WebSocketHandler - Channel Closed: [id: 0xf18de535, L:/127.0.0.1:51654 ! R:localhost/127.0.0.1:51646] with attribute NettyResponseFuture{currentRetry=0,
	isDone=1,
	isCancelled=0,
	asyncHandler=org.asynchttpclient.ws.WebSocketUpgradeHandler@43a92d6d,
	nettyRequest=org.asynchttpclient.netty.request.NettyRequest@7bfb9889,
	future=java.util.concurrent.CompletableFuture@569feda8[Completed normally],
	uri=ws://localhost:51646/devtools/browser/19724e00-9968-4fec-b080-198b7e8915c1,
	keepAlive=true,
	redirectCount=0,
	timeoutsHolder=null,
	inAuth=0,
	touch=1683537206426}
16:13:35.348 [AsyncHttpClient-1-23] DEBUG org.asynchttpclient.netty.channel.ChannelManager - Closing Channel [id: 0xf18de535, L:/127.0.0.1:51654 ! R:localhost/127.0.0.1:51646] 
16:13:35.348 [Driver Command Executor] DEBUG org.asynchttpclient.netty.request.NettyRequestSender - Using pooled Channel '[id: 0xdad73517, L:/127.0.0.1:51644 - R:localhost/127.0.0.1:30685]' for 'DELETE' to 'http://localhost:30685/session/cd2e35120c720276814c605bd3aa4877'
16:13:35.348 [Driver Command Executor] DEBUG org.asynchttpclient.netty.request.NettyRequestSender - Using open Channel [id: 0xdad73517, L:/127.0.0.1:51644 - R:localhost/127.0.0.1:30685] for DELETE '/session/cd2e35120c720276814c605bd3aa4877'
16:13:35.384 [AsyncHttpClient-1-22] DEBUG org.asynchttpclient.netty.handler.HttpHandler - Unexpected I/O exception on channel [id: 0x092a8141, L:/127.0.0.1:51653 - R:localhost/127.0.0.1:51646]
java.net.SocketException: Connection reset
	at java.base/sun.nio.ch.SocketChannelImpl.throwConnectionReset(SocketChannelImpl.java:367)
	at java.base/sun.nio.ch.SocketChannelImpl.read(SocketChannelImpl.java:398)
	at io.netty.buffer.PooledByteBuf.setBytes(PooledByteBuf.java:259)
	at io.netty.buffer.AbstractByteBuf.writeBytes(AbstractByteBuf.java:1132)
	at io.netty.channel.socket.nio.NioSocketChannel.doReadBytes(NioSocketChannel.java:357)
	at io.netty.channel.nio.AbstractNioByteChannel$NioByteUnsafe.read(AbstractNioByteChannel.java:151)
	at io.netty.channel.nio.NioEventLoop.processSelectedKey(NioEventLoop.java:788)
	at io.netty.channel.nio.NioEventLoop.processSelectedKeysOptimized(NioEventLoop.java:724)
	at io.netty.channel.nio.NioEventLoop.processSelectedKeys(NioEventLoop.java:650)
	at io.netty.channel.nio.NioEventLoop.run(NioEventLoop.java:562)
	at io.netty.util.concurrent.SingleThreadEventExecutor$4.run(SingleThreadEventExecutor.java:997)
	at io.netty.util.internal.ThreadExecutorMap$2.run(ThreadExecutorMap.java:74)
	at io.netty.util.concurrent.FastThreadLocalRunnable.run(FastThreadLocalRunnable.java:30)
	at java.base/java.lang.Thread.run(Thread.java:832)
16:13:35.384 [AsyncHttpClient-1-22] DEBUG org.asynchttpclient.netty.channel.ChannelManager - Closing Channel [id: 0x092a8141, L:/127.0.0.1:51653 - R:localhost/127.0.0.1:51646] 
16:13:35.385 [AsyncHttpClient-1-22] DEBUG org.asynchttpclient.netty.handler.HttpHandler - Channel Closed: [id: 0x092a8141, L:/127.0.0.1:51653 ! R:localhost/127.0.0.1:51646] with attribute DISCARD
16:13:35.398 [AsyncHttpClient-1-21] DEBUG org.asynchttpclient.netty.handler.HttpHandler - 

Request DefaultFullHttpRequest(decodeResult: success, version: HTTP/1.1, content: EmptyByteBufBE)
DELETE /session/cd2e35120c720276814c605bd3aa4877 HTTP/1.1
User-Agent: selenium/4.8.1 (java windows)
Content-Type: application/json; charset=utf-8
host: localhost:30685
accept: */*

Response DefaultHttpResponse(decodeResult: success, version: HTTP/1.1)
HTTP/1.1 200 OK
Content-Length: 14
Content-Type: application/json; charset=utf-8
cache-control: no-cache

16:13:35.398 [AsyncHttpClient-1-21] DEBUG org.asynchttpclient.netty.channel.ChannelManager - Adding key: http://localhost:30685 for channel [id: 0xdad73517, L:/127.0.0.1:51644 - R:localhost/127.0.0.1:30685]
16:13:35.511 [AsyncHttpClient-1-21] DEBUG org.asynchttpclient.netty.handler.HttpHandler - Channel Closed: [id: 0xdad73517, L:/127.0.0.1:51644 ! R:localhost/127.0.0.1:30685] with attribute DISCARD
]]></system-out>
    <system-err><![CDATA[Starting ChromeDriver 111.0.5563.64 (c710e93d5b63b7095afe8c2c17df34408078439d-refs/branch-heads/5563@{#995}) on port 30685
Only local connections are allowed.
Please see https://chromedriver.chromium.org/security-considerations for suggestions on keeping ChromeDriver safe.
ChromeDriver was started successfully.
[1683537206.409][WARNING]: This version of ChromeDriver has not been tested with Chrome version 112.
May 08, 2023 4:13:26 PM org.openqa.selenium.devtools.CdpVersionFinder findNearestMatch
WARNING: Unable to find an exact match for CDP version 112, so returning the closest version found: 110
]]></system-err>
  </testcase>
</testsuite>